<?xml version="1.0" encoding="UTF-8"?>
<testsuite xmlns:xsi="http://www.w3.org/2001/XMLSchema-instance" xsi:noNamespaceSchemaLocation="https://maven.apache.org/surefire/maven-surefire-plugin/xsd/surefire-test-report-3.0.xsd" version="3.0" name="org.apache.hadoop.ozone.client.rpc.TestBlockOutputStreamWithFailures" time="593.104" tests="12" errors="0" skipped="0" failures="3">
  <properties>
    <property name="java.specification.version" value="17"/>
    <property name="sun.jnu.encoding" value="UTF-8"/>
    <property name="java.class.path" value="/home/runner/work/ozone/ozone/hadoop-ozone/integration-test/target/test-classes:/home/runner/work/ozone/ozone/hadoop-ozone/integration-test/target/classes:/home/runner/work/ozone/ozone/hadoop-ozone/common/target/ozone-common-1.5.0-SNAPSHOT.jar:/home/runner/.m2/repository/io/grpc/grpc-netty/1.58.0/grpc-netty-1.58.0.jar:/home/runner/.m2/repository/io/grpc/grpc-core/1.58.0/grpc-core-1.58.0.jar:/home/runner/.m2/repository/com/google/android/annotations/4.1.1.4/annotations-4.1.1.4.jar:/home/runner/.m2/repository/org/codehaus/mojo/animal-sniffer-annotations/1.23/animal-sniffer-annotations-1.23.jar:/home/runner/.m2/repository/io/grpc/grpc-context/1.58.0/grpc-context-1.58.0.jar:/home/runner/.m2/repository/io/grpc/grpc-util/1.58.0/grpc-util-1.58.0.jar:/home/runner/.m2/repository/com/google/errorprone/error_prone_annotations/2.29.2/error_prone_annotations-2.29.2.jar:/home/runner/.m2/repository/io/perfmark/perfmark-api/0.26.0/perfmark-api-0.26.0.jar:/home/runner/.m2/repository/io/netty/netty-codec-http2/4.1.109.Final/netty-codec-http2-4.1.109.Final.jar:/home/runner/.m2/repository/io/netty/netty-codec-http/4.1.109.Final/netty-codec-http-4.1.109.Final.jar:/home/runner/.m2/repository/io/netty/netty-handler-proxy/4.1.109.Final/netty-handler-proxy-4.1.109.Final.jar:/home/runner/.m2/repository/io/netty/netty-codec-socks/4.1.109.Final/netty-codec-socks-4.1.109.Final.jar:/home/runner/.m2/repository/io/netty/netty-tcnative-boringssl-static/2.0.65.Final/netty-tcnative-boringssl-static-2.0.65.Final.jar:/home/runner/.m2/repository/io/netty/netty-tcnative-classes/2.0.65.Final/netty-tcnative-classes-2.0.65.Final.jar:/home/runner/.m2/repository/io/netty/netty-tcnative-boringssl-static/2.0.65.Final/netty-tcnative-boringssl-static-2.0.65.Final-linux-x86_64.jar:/home/runner/.m2/repository/io/netty/netty-tcnative-boringssl-static/2.0.65.Final/netty-tcnative-boringssl-static-2.0.65.Final-linux-aarch_64.jar:/home/runner/.m2/repository/io/netty/netty-tcnative-boringssl-static/2.0.65.Final/netty-tcnative-boringssl-static-2.0.65.Final-osx-x86_64.jar:/home/runner/.m2/repository/io/netty/netty-tcnative-boringssl-static/2.0.65.Final/netty-tcnative-boringssl-static-2.0.65.Final-osx-aarch_64.jar:/home/runner/.m2/repository/io/netty/netty-tcnative-boringssl-static/2.0.65.Final/netty-tcnative-boringssl-static-2.0.65.Final-windows-x86_64.jar:/home/runner/.m2/repository/org/apache/commons/commons-compress/1.27.0/commons-compress-1.27.0.jar:/home/runner/work/ozone/ozone/hadoop-hdds/common/target/hdds-common-1.5.0-SNAPSHOT.jar:/home/runner/work/ozone/ozone/hadoop-hdds/client/target/hdds-client-1.5.0-SNAPSHOT.jar:/home/runner/work/ozone/ozone/hadoop-ozone/interface-client/target/ozone-interface-client-1.5.0-SNAPSHOT.jar:/home/runner/.m2/repository/org/apache/hadoop/hadoop-hdfs-client/3.3.6/hadoop-hdfs-client-3.3.6.jar:/home/runner/.m2/repository/com/squareup/okhttp3/okhttp/4.12.0/okhttp-4.12.0.jar:/home/runner/.m2/repository/com/squareup/okio/okio/3.6.0/okio-3.6.0.jar:/home/runner/.m2/repository/com/squareup/okio/okio-jvm/3.6.0/okio-jvm-3.6.0.jar:/home/runner/.m2/repository/org/jetbrains/kotlin/kotlin-stdlib-jdk8/1.9.25/kotlin-stdlib-jdk8-1.9.25.jar:/home/runner/.m2/repository/org/jetbrains/kotlin/kotlin-stdlib-jdk7/1.9.25/kotlin-stdlib-jdk7-1.9.25.jar:/home/runner/.m2/repository/org/jetbrains/kotlin/kotlin-stdlib-common/1.9.25/kotlin-stdlib-common-1.9.25.jar:/home/runner/.m2/repository/com/github/stephenc/jcip/jcip-annotations/1.0-1/jcip-annotations-1.0-1.jar:/home/runner/work/ozone/ozone/hadoop-hdds/test-utils/target/hdds-test-utils-1.5.0-SNAPSHOT.jar:/home/runner/.m2/repository/org/assertj/assertj-core/3.26.3/assertj-core-3.26.3.jar:/home/runner/.m2/repository/net/bytebuddy/byte-buddy/1.14.18/byte-buddy-1.14.18.jar:/home/runner/.m2/repository/com/google/guava/guava/32.1.3-jre/guava-32.1.3-jre.jar:/home/runner/.m2/repository/com/google/guava/failureaccess/1.0.1/failureaccess-1.0.1.jar:/home/runner/.m2/repository/com/google/guava/listenablefuture/9999.0-empty-to-avoid-conflict-with-guava/listenablefuture-9999.0-empty-to-avoid-conflict-with-guava.jar:/home/runner/.m2/repository/org/checkerframework/checker-qual/3.37.0/checker-qual-3.37.0.jar:/home/runner/.m2/repository/com/google/j2objc/j2objc-annotations/2.8/j2objc-annotations-2.8.jar:/home/runner/.m2/repository/commons-io/commons-io/2.16.1/commons-io-2.16.1.jar:/home/runner/.m2/repository/commons-logging/commons-logging/1.2/commons-logging-1.2.jar:/home/runner/.m2/repository/org/junit/jupiter/junit-jupiter-api/5.10.3/junit-jupiter-api-5.10.3.jar:/home/runner/.m2/repository/org/opentest4j/opentest4j/1.3.0/opentest4j-1.3.0.jar:/home/runner/.m2/repository/org/junit/platform/junit-platform-commons/1.10.3/junit-platform-commons-1.10.3.jar:/home/runner/.m2/repository/ch/qos/reload4j/reload4j/1.2.25/reload4j-1.2.25.jar:/home/runner/.m2/repository/jakarta/annotation/jakarta.annotation-api/2.1.1/jakarta.annotation-api-2.1.1.jar:/home/runner/.m2/repository/org/slf4j/slf4j-api/2.0.15/slf4j-api-2.0.15.jar:/home/runner/.m2/repository/org/apache/logging/log4j/log4j-api/2.23.1/log4j-api-2.23.1.jar:/home/runner/work/ozone/ozone/hadoop-hdds/server-scm/target/hdds-server-scm-1.5.0-SNAPSHOT.jar:/home/runner/.m2/repository/com/google/protobuf/protobuf-java/2.5.0/protobuf-java-2.5.0.jar:/home/runner/work/ozone/ozone/hadoop-hdds/config/target/hdds-config-1.5.0-SNAPSHOT.jar:/home/runner/work/ozone/ozone/hadoop-hdds/container-service/target/hdds-container-service-1.5.0-SNAPSHOT.jar:/home/runner/work/ozone/ozone/hadoop-hdds/hadoop-dependency-server/target/hdds-hadoop-dependency-server-1.5.0-SNAPSHOT.jar:/home/runner/.m2/repository/com/nimbusds/nimbus-jose-jwt/9.40/nimbus-jose-jwt-9.40.jar:/home/runner/.m2/repository/org/apache/hadoop/hadoop-hdfs/3.3.6/hadoop-hdfs-3.3.6.jar:/home/runner/.m2/repository/commons-daemon/commons-daemon/1.4.0/commons-daemon-1.4.0.jar:/home/runner/.m2/repository/org/apache/kerby/kerb-core/1.0.1/kerb-core-1.0.1.jar:/home/runner/.m2/repository/org/apache/kerby/kerby-pkix/1.0.1/kerby-pkix-1.0.1.jar:/home/runner/.m2/repository/org/apache/kerby/kerby-asn1/1.0.1/kerby-asn1-1.0.1.jar:/home/runner/.m2/repository/org/apache/kerby/kerby-util/1.0.1/kerby-util-1.0.1.jar:/home/runner/.m2/repository/org/apache/kerby/kerb-util/1.0.1/kerb-util-1.0.1.jar:/home/runner/.m2/repository/org/apache/kerby/kerby-config/1.0.1/kerby-config-1.0.1.jar:/home/runner/.m2/repository/org/apache/kerby/kerb-crypto/1.0.1/kerb-crypto-1.0.1.jar:/home/runner/.m2/repository/org/xerial/snappy/snappy-java/1.1.10.5/snappy-java-1.1.10.5.jar:/home/runner/work/ozone/ozone/hadoop-hdds/interface-admin/target/hdds-interface-admin-1.5.0-SNAPSHOT.jar:/home/runner/work/ozone/ozone/hadoop-hdds/interface-client/target/hdds-interface-client-1.5.0-SNAPSHOT.jar:/home/runner/.m2/repository/org/apache/hadoop/thirdparty/hadoop-shaded-protobuf_3_7/1.1.1/hadoop-shaded-protobuf_3_7-1.1.1.jar:/home/runner/work/ozone/ozone/hadoop-hdds/interface-server/target/hdds-interface-server-1.5.0-SNAPSHOT.jar:/home/runner/work/ozone/ozone/hadoop-hdds/framework/target/hdds-server-framework-1.5.0-SNAPSHOT.jar:/home/runner/.m2/repository/org/apache/ratis/ratis-client/3.1.0/ratis-client-3.1.0.jar:/home/runner/.m2/repository/org/apache/ratis/ratis-common/3.1.0/ratis-common-3.1.0.jar:/home/runner/.m2/repository/org/apache/ratis/ratis-grpc/3.1.0/ratis-grpc-3.1.0.jar:/home/runner/.m2/repository/org/apache/ratis/ratis-netty/3.1.0/ratis-netty-3.1.0.jar:/home/runner/.m2/repository/org/apache/ratis/ratis-proto/3.1.0/ratis-proto-3.1.0.jar:/home/runner/.m2/repository/org/apache/ratis/ratis-server-api/3.1.0/ratis-server-api-3.1.0.jar:/home/runner/.m2/repository/org/apache/ratis/ratis-server/3.1.0/ratis-server-3.1.0.jar:/home/runner/.m2/repository/org/apache/ratis/ratis-thirdparty-misc/1.0.6/ratis-thirdparty-misc-1.0.6.jar:/home/runner/.m2/repository/org/bouncycastle/bcpkix-jdk18on/1.78.1/bcpkix-jdk18on-1.78.1.jar:/home/runner/.m2/repository/org/bouncycastle/bcprov-jdk18on/1.78.1/bcprov-jdk18on-1.78.1.jar:/home/runner/.m2/repository/io/dropwizard/metrics/metrics-core/3.2.6/metrics-core-3.2.6.jar:/home/runner/.m2/repository/org/apache/commons/commons-text/1.12.0/commons-text-1.12.0.jar:/home/runner/.m2/repository/org/eclipse/jetty/jetty-webapp/9.4.55.v20240627/jetty-webapp-9.4.55.v20240627.jar:/home/runner/.m2/repository/org/eclipse/jetty/jetty-xml/9.4.55.v20240627/jetty-xml-9.4.55.v20240627.jar:/home/runner/.m2/repository/com/fasterxml/jackson/core/jackson-annotations/2.16.2/jackson-annotations-2.16.2.jar:/home/runner/.m2/repository/com/fasterxml/jackson/core/jackson-core/2.16.2/jackson-core-2.16.2.jar:/home/runner/.m2/repository/com/fasterxml/jackson/core/jackson-databind/2.16.2/jackson-databind-2.16.2.jar:/home/runner/.m2/repository/info/picocli/picocli/4.7.6/picocli-4.7.6.jar:/home/runner/.m2/repository/javax/servlet/javax.servlet-api/3.1.0/javax.servlet-api-3.1.0.jar:/home/runner/.m2/repository/commons-collections/commons-collections/3.2.2/commons-collections-3.2.2.jar:/home/runner/work/ozone/ozone/hadoop-hdds/framework/target/hdds-server-framework-1.5.0-SNAPSHOT-tests.jar:/home/runner/work/ozone/ozone/hadoop-hdds/managed-rocksdb/target/hdds-managed-rocksdb-1.5.0-SNAPSHOT.jar:/home/runner/.m2/repository/org/slf4j/slf4j-reload4j/2.0.15/slf4j-reload4j-2.0.15.jar:/home/runner/.m2/repository/org/apache/commons/commons-configuration2/2.10.1/commons-configuration2-2.10.1.jar:/home/runner/.m2/repository/commons-codec/commons-codec/1.17.0/commons-codec-1.17.0.jar:/home/runner/.m2/repository/commons-fileupload/commons-fileupload/1.5/commons-fileupload-1.5.jar:/home/runner/.m2/repository/commons-validator/commons-validator/1.6/commons-validator-1.6.jar:/home/runner/.m2/repository/commons-beanutils/commons-beanutils/1.9.4/commons-beanutils-1.9.4.jar:/home/runner/.m2/repository/commons-digester/commons-digester/1.8.1/commons-digester-1.8.1.jar:/home/runner/.m2/repository/org/apache/logging/log4j/log4j-core/2.23.1/log4j-core-2.23.1.jar:/home/runner/.m2/repository/com/lmax/disruptor/3.4.4/disruptor-3.4.4.jar:/home/runner/.m2/repository/org/eclipse/jetty/jetty-http/9.4.55.v20240627/jetty-http-9.4.55.v20240627.jar:/home/runner/.m2/repository/org/eclipse/jetty/jetty-io/9.4.55.v20240627/jetty-io-9.4.55.v20240627.jar:/home/runner/.m2/repository/org/eclipse/jetty/jetty-util/9.4.55.v20240627/jetty-util-9.4.55.v20240627.jar:/home/runner/.m2/repository/org/eclipse/jetty/jetty-server/9.4.55.v20240627/jetty-server-9.4.55.v20240627.jar:/home/runner/.m2/repository/org/eclipse/jetty/jetty-servlet/9.4.55.v20240627/jetty-servlet-9.4.55.v20240627.jar:/home/runner/.m2/repository/org/eclipse/jetty/jetty-security/9.4.55.v20240627/jetty-security-9.4.55.v20240627.jar:/home/runner/.m2/repository/org/eclipse/jetty/jetty-util-ajax/9.4.55.v20240627/jetty-util-ajax-9.4.55.v20240627.jar:/home/runner/.m2/repository/org/glassfish/jersey/core/jersey-server/2.43/jersey-server-2.43.jar:/home/runner/.m2/repository/org/glassfish/jersey/core/jersey-common/2.43/jersey-common-2.43.jar:/home/runner/.m2/repository/org/glassfish/jersey/core/jersey-client/2.43/jersey-client-2.43.jar:/home/runner/.m2/repository/org/glassfish/hk2/external/jakarta.inject/2.6.1/jakarta.inject-2.6.1.jar:/home/runner/.m2/repository/jakarta/validation/jakarta.validation-api/2.0.2/jakarta.validation-api-2.0.2.jar:/home/runner/.m2/repository/org/glassfish/jersey/containers/jersey-container-servlet-core/2.43/jersey-container-servlet-core-2.43.jar:/home/runner/.m2/repository/org/rocksdb/rocksdbjni/7.7.3/rocksdbjni-7.7.3.jar:/home/runner/.m2/repository/org/apache/ratis/ratis-metrics-api/3.1.0/ratis-metrics-api-3.1.0.jar:/home/runner/.m2/repository/org/apache/ratis/ratis-metrics-dropwizard3/3.1.0/ratis-metrics-dropwizard3-3.1.0.jar:/home/runner/.m2/repository/io/opentracing/opentracing-api/0.33.0/opentracing-api-0.33.0.jar:/home/runner/.m2/repository/io/prometheus/simpleclient/0.16.0/simpleclient-0.16.0.jar:/home/runner/.m2/repository/io/prometheus/simpleclient_dropwizard/0.16.0/simpleclient_dropwizard-0.16.0.jar:/home/runner/.m2/repository/io/prometheus/simpleclient_common/0.16.0/simpleclient_common-0.16.0.jar:/home/runner/.m2/repository/com/fasterxml/jackson/datatype/jackson-datatype-jsr310/2.16.2/jackson-datatype-jsr310-2.16.2.jar:/home/runner/.m2/repository/com/github/jnr/jnr-constants/0.10.4/jnr-constants-0.10.4.jar:/home/runner/.m2/repository/com/github/jnr/jnr-posix/3.1.19/jnr-posix-3.1.19.jar:/home/runner/.m2/repository/com/github/jnr/jnr-ffi/2.2.16/jnr-ffi-2.2.16.jar:/home/runner/.m2/repository/com/github/jnr/jffi/1.3.13/jffi-1.3.13.jar:/home/runner/.m2/repository/com/github/jnr/jffi/1.3.13/jffi-1.3.13-native.jar:/home/runner/.m2/repository/org/ow2/asm/asm/9.2/asm-9.2.jar:/home/runner/.m2/repository/org/ow2/asm/asm-commons/9.2/asm-commons-9.2.jar:/home/runner/.m2/repository/org/ow2/asm/asm-analysis/9.2/asm-analysis-9.2.jar:/home/runner/.m2/repository/org/ow2/asm/asm-tree/9.2/asm-tree-9.2.jar:/home/runner/.m2/repository/org/ow2/asm/asm-util/9.2/asm-util-9.2.jar:/home/runner/.m2/repository/com/github/jnr/jnr-a64asm/1.0.0/jnr-a64asm-1.0.0.jar:/home/runner/.m2/repository/com/github/jnr/jnr-x86asm/1.0.2/jnr-x86asm-1.0.2.jar:/home/runner/.m2/repository/com/google/code/gson/gson/2.10.1/gson-2.10.1.jar:/home/runner/work/ozone/ozone/hadoop-hdds/rocksdb-checkpoint-differ/target/rocksdb-checkpoint-differ-1.5.0-SNAPSHOT.jar:/home/runner/.m2/repository/org/jgrapht/jgrapht-core/1.4.0/jgrapht-core-1.4.0.jar:/home/runner/.m2/repository/org/jheaps/jheaps/0.11/jheaps-0.11.jar:/home/runner/.m2/repository/org/jgrapht/jgrapht-ext/1.4.0/jgrapht-ext-1.4.0.jar:/home/runner/.m2/repository/com/github/vlsi/mxgraph/jgraphx/3.9.8.1/jgraphx-3.9.8.1.jar:/home/runner/.m2/repository/jakarta/ws/rs/jakarta.ws.rs-api/2.1.6/jakarta.ws.rs-api-2.1.6.jar:/home/runner/work/ozone/ozone/hadoop-ozone/ozone-manager/target/ozone-manager-1.5.0-SNAPSHOT.jar:/home/runner/.m2/repository/org/aspectj/aspectjrt/1.9.7/aspectjrt-1.9.7.jar:/home/runner/.m2/repository/org/aspectj/aspectjweaver/1.9.7/aspectjweaver-1.9.7.jar:/home/runner/work/ozone/ozone/hadoop-ozone/interface-storage/target/ozone-interface-storage-1.5.0-SNAPSHOT.jar:/home/runner/.m2/repository/org/reflections/reflections/0.10.2/reflections-0.10.2.jar:/home/runner/.m2/repository/com/sun/jersey/jersey-client/1.19.4/jersey-client-1.19.4.jar:/home/runner/.m2/repository/org/codehaus/jackson/jackson-core-asl/1.9.13/jackson-core-asl-1.9.13.jar:/home/runner/.m2/repository/org/codehaus/jackson/jackson-mapper-asl/1.9.13/jackson-mapper-asl-1.9.13.jar:/home/runner/.m2/repository/org/codehaus/jackson/jackson-jaxrs/1.9.13/jackson-jaxrs-1.9.13.jar:/home/runner/.m2/repository/org/apache/ranger/ranger-intg/2.3.0/ranger-intg-2.3.0.jar:/home/runner/.m2/repository/org/apache/ranger/ranger-plugins-common/2.3.0/ranger-plugins-common-2.3.0.jar:/home/runner/.m2/repository/commons-lang/commons-lang/2.6/commons-lang-2.6.jar:/home/runner/.m2/repository/org/apache/ranger/ranger-plugins-cred/2.3.0/ranger-plugins-cred-2.3.0.jar:/home/runner/.m2/repository/org/apache/ranger/ranger-plugins-audit/2.3.0/ranger-plugins-audit-2.3.0.jar:/home/runner/.m2/repository/org/eclipse/jetty/jetty-client/9.4.55.v20240627/jetty-client-9.4.55.v20240627.jar:/home/runner/.m2/repository/org/apache/httpcomponents/httpmime/4.5.6/httpmime-4.5.6.jar:/home/runner/.m2/repository/org/apache/httpcomponents/httpcore-nio/4.4.16/httpcore-nio-4.4.16.jar:/home/runner/.m2/repository/org/apache/httpcomponents/httpasyncclient/4.1.3/httpasyncclient-4.1.3.jar:/home/runner/.m2/repository/com/carrotsearch/hppc/0.8.0/hppc-0.8.0.jar:/home/runner/.m2/repository/org/apache/orc/orc-core/1.5.8/orc-core-1.5.8.jar:/home/runner/.m2/repository/net/java/dev/jna/jna/5.2.0/jna-5.2.0.jar:/home/runner/.m2/repository/net/java/dev/jna/jna-platform/5.2.0/jna-platform-5.2.0.jar:/home/runner/.m2/repository/com/kstruct/gethostname4j/0.0.2/gethostname4j-0.0.2.jar:/home/runner/.m2/repository/org/apache/ranger/ranger-plugin-classloader/2.3.0/ranger-plugin-classloader-2.3.0.jar:/home/runner/work/ozone/ozone/hadoop-hdds/rocks-native/target/hdds-rocks-native-1.5.0-SNAPSHOT.jar:/home/runner/.m2/repository/org/apache/hadoop/hadoop-minikdc/3.3.6/hadoop-minikdc-3.3.6.jar:/home/runner/.m2/repository/org/apache/kerby/kerb-simplekdc/1.0.1/kerb-simplekdc-1.0.1.jar:/home/runner/.m2/repository/org/apache/kerby/kerb-client/1.0.1/kerb-client-1.0.1.jar:/home/runner/.m2/repository/org/apache/kerby/kerb-common/1.0.1/kerb-common-1.0.1.jar:/home/runner/.m2/repository/org/apache/kerby/token-provider/1.0.1/token-provider-1.0.1.jar:/home/runner/.m2/repository/org/apache/kerby/kerb-admin/1.0.1/kerb-admin-1.0.1.jar:/home/runner/.m2/repository/org/apache/kerby/kerb-server/1.0.1/kerb-server-1.0.1.jar:/home/runner/.m2/repository/org/apache/kerby/kerb-identity/1.0.1/kerb-identity-1.0.1.jar:/home/runner/.m2/repository/org/apache/kerby/kerby-xdr/1.0.1/kerby-xdr-1.0.1.jar:/home/runner/.m2/repository/junit/junit/4.13.2/junit-4.13.2.jar:/home/runner/.m2/repository/org/hamcrest/hamcrest-core/1.3/hamcrest-core-1.3.jar:/home/runner/work/ozone/ozone/hadoop-ozone/s3gateway/target/ozone-s3gateway-1.5.0-SNAPSHOT.jar:/home/runner/.m2/repository/org/javassist/javassist/3.30.2-GA/javassist-3.30.2-GA.jar:/home/runner/.m2/repository/org/jboss/weld/servlet/weld-servlet-shaded/3.1.9.Final/weld-servlet-shaded-3.1.9.Final.jar:/home/runner/.m2/repository/org/glassfish/jersey/ext/cdi/jersey-cdi1x/2.43/jersey-cdi1x-2.43.jar:/home/runner/.m2/repository/org/glassfish/jersey/inject/jersey-hk2/2.43/jersey-hk2-2.43.jar:/home/runner/.m2/repository/org/glassfish/hk2/hk2-locator/2.6.1/hk2-locator-2.6.1.jar:/home/runner/.m2/repository/org/glassfish/jersey/media/jersey-media-jaxb/2.43/jersey-media-jaxb-2.43.jar:/home/runner/.m2/repository/org/glassfish/hk2/osgi-resource-locator/1.0.3/osgi-resource-locator-1.0.3.jar:/home/runner/.m2/repository/org/glassfish/hk2/hk2-api/2.6.1/hk2-api-2.6.1.jar:/home/runner/.m2/repository/org/glassfish/hk2/hk2-utils/2.6.1/hk2-utils-2.6.1.jar:/home/runner/.m2/repository/org/glassfish/hk2/external/aopalliance-repackaged/2.6.1/aopalliance-repackaged-2.6.1.jar:/home/runner/.m2/repository/com/fasterxml/jackson/dataformat/jackson-dataformat-xml/2.16.2/jackson-dataformat-xml-2.16.2.jar:/home/runner/.m2/repository/org/codehaus/woodstox/stax2-api/4.2.2/stax2-api-4.2.2.jar:/home/runner/.m2/repository/com/fasterxml/woodstox/woodstox-core/5.4.0/woodstox-core-5.4.0.jar:/home/runner/.m2/repository/com/fasterxml/jackson/module/jackson-module-jaxb-annotations/2.16.2/jackson-module-jaxb-annotations-2.16.2.jar:/home/runner/.m2/repository/javax/enterprise/cdi-api/2.0/cdi-api-2.0.jar:/home/runner/.m2/repository/javax/el/javax.el-api/3.0.0/javax.el-api-3.0.0.jar:/home/runner/.m2/repository/javax/interceptor/javax.interceptor-api/1.2/javax.interceptor-api-1.2.jar:/home/runner/.m2/repository/javax/inject/javax.inject/1/javax.inject-1.jar:/home/runner/.m2/repository/jakarta/xml/bind/jakarta.xml.bind-api/2.3.3/jakarta.xml.bind-api-2.3.3.jar:/home/runner/.m2/repository/org/glassfish/jaxb/jaxb-runtime/2.3.9/jaxb-runtime-2.3.9.jar:/home/runner/.m2/repository/org/glassfish/jaxb/txw2/2.3.9/txw2-2.3.9.jar:/home/runner/.m2/repository/com/sun/istack/istack-commons-runtime/3.0.12/istack-commons-runtime-3.0.12.jar:/home/runner/.m2/repository/com/sun/activation/jakarta.activation/1.2.2/jakarta.activation-1.2.2.jar:/home/runner/.m2/repository/jakarta/activation/jakarta.activation-api/1.2.2/jakarta.activation-api-1.2.2.jar:/home/runner/.m2/repository/io/grpc/grpc-protobuf/1.58.0/grpc-protobuf-1.58.0.jar:/home/runner/.m2/repository/com/google/api/grpc/proto-google-common-protos/2.22.0/proto-google-common-protos-2.22.0.jar:/home/runner/.m2/repository/io/grpc/grpc-protobuf-lite/1.58.0/grpc-protobuf-lite-1.58.0.jar:/home/runner/.m2/repository/io/grpc/grpc-stub/1.58.0/grpc-stub-1.58.0.jar:/home/runner/.m2/repository/io/netty/netty-transport/4.1.109.Final/netty-transport-4.1.109.Final.jar:/home/runner/.m2/repository/io/netty/netty-resolver/4.1.109.Final/netty-resolver-4.1.109.Final.jar:/home/runner/work/ozone/ozone/hadoop-ozone/csi/target/ozone-csi-1.5.0-SNAPSHOT.jar:/home/runner/.m2/repository/com/google/protobuf/protobuf-java-util/3.19.6/protobuf-java-util-3.19.6.jar:/home/runner/.m2/repository/io/netty/netty-transport-native-epoll/4.1.109.Final/netty-transport-native-epoll-4.1.109.Final-linux-x86_64.jar:/home/runner/.m2/repository/io/netty/netty-transport-classes-epoll/4.1.109.Final/netty-transport-classes-epoll-4.1.109.Final.jar:/home/runner/.m2/repository/io/netty/netty-transport-native-unix-common/4.1.109.Final/netty-transport-native-unix-common-4.1.109.Final.jar:/home/runner/work/ozone/ozone/hadoop-ozone/recon/target/ozone-recon-1.5.0-SNAPSHOT.jar:/home/runner/work/ozone/ozone/hadoop-ozone/recon-codegen/target/ozone-reconcodegen-1.5.0-SNAPSHOT.jar:/home/runner/.m2/repository/com/google/inject/guice/6.0.0/guice-6.0.0.jar:/home/runner/.m2/repository/jakarta/inject/jakarta.inject-api/2.0.1/jakarta.inject-api-2.0.1.jar:/home/runner/.m2/repository/aopalliance/aopalliance/1.0/aopalliance-1.0.jar:/home/runner/.m2/repository/com/google/inject/extensions/guice-assistedinject/6.0.0/guice-assistedinject-6.0.0.jar:/home/runner/.m2/repository/com/google/inject/extensions/guice-servlet/6.0.0/guice-servlet-6.0.0.jar:/home/runner/.m2/repository/org/glassfish/jersey/containers/jersey-container-servlet/2.43/jersey-container-servlet-2.43.jar:/home/runner/.m2/repository/org/glassfish/hk2/guice-bridge/2.6.1/guice-bridge-2.6.1.jar:/home/runner/.m2/repository/org/glassfish/jersey/media/jersey-media-json-jackson/2.43/jersey-media-json-jackson-2.43.jar:/home/runner/.m2/repository/org/glassfish/jersey/ext/jersey-entity-filtering/2.43/jersey-entity-filtering-2.43.jar:/home/runner/.m2/repository/org/jooq/jooq/3.11.10/jooq-3.11.10.jar:/home/runner/.m2/repository/org/jooq/jooq-meta/3.11.10/jooq-meta-3.11.10.jar:/home/runner/.m2/repository/org/jooq/jooq-codegen/3.11.10/jooq-codegen-3.11.10.jar:/home/runner/.m2/repository/com/jolbox/bonecp/0.8.0.RELEASE/bonecp-0.8.0.RELEASE.jar:/home/runner/.m2/repository/org/apache/derby/derby/10.14.2.0/derby-10.14.2.0.jar:/home/runner/.m2/repository/org/xerial/sqlite-jdbc/3.46.0.0/sqlite-jdbc-3.46.0.0.jar:/home/runner/.m2/repository/org/springframework/spring-jdbc/5.3.37/spring-jdbc-5.3.37.jar:/home/runner/.m2/repository/org/springframework/spring-beans/5.3.37/spring-beans-5.3.37.jar:/home/runner/.m2/repository/org/springframework/spring-core/5.3.37/spring-core-5.3.37.jar:/home/runner/.m2/repository/org/springframework/spring-tx/5.3.37/spring-tx-5.3.37.jar:/home/runner/work/ozone/ozone/hadoop-ozone/client/target/ozone-client-1.5.0-SNAPSHOT.jar:/home/runner/work/ozone/ozone/hadoop-hdds/erasurecode/target/hdds-erasurecode-1.5.0-SNAPSHOT.jar:/home/runner/work/ozone/ozone/hadoop-ozone/ozonefs/target/ozone-filesystem-1.5.0-SNAPSHOT.jar:/home/runner/work/ozone/ozone/hadoop-ozone/ozonefs-common/target/ozone-filesystem-common-1.5.0-SNAPSHOT.jar:/home/runner/work/ozone/ozone/hadoop-ozone/tools/target/ozone-tools-1.5.0-SNAPSHOT.jar:/home/runner/.m2/repository/com/amazonaws/aws-java-sdk-core/1.12.661/aws-java-sdk-core-1.12.661.jar:/home/runner/.m2/repository/org/apache/httpcomponents/httpclient/4.5.14/httpclient-4.5.14.jar:/home/runner/.m2/repository/org/apache/httpcomponents/httpcore/4.4.16/httpcore-4.4.16.jar:/home/runner/.m2/repository/com/fasterxml/jackson/dataformat/jackson-dataformat-cbor/2.16.2/jackson-dataformat-cbor-2.16.2.jar:/home/runner/.m2/repository/joda-time/joda-time/2.12.7/joda-time-2.12.7.jar:/home/runner/.m2/repository/com/amazonaws/aws-java-sdk-s3/1.12.661/aws-java-sdk-s3-1.12.661.jar:/home/runner/.m2/repository/com/amazonaws/aws-java-sdk-kms/1.12.661/aws-java-sdk-kms-1.12.661.jar:/home/runner/.m2/repository/com/amazonaws/jmespath-java/1.12.661/jmespath-java-1.12.661.jar:/home/runner/.m2/repository/org/kohsuke/metainf-services/metainf-services/1.11/metainf-services-1.11.jar:/home/runner/work/ozone/ozone/hadoop-hdds/tools/target/hdds-tools-1.5.0-SNAPSHOT.jar:/home/runner/.m2/repository/org/apache/ratis/ratis-tools/3.1.0/ratis-tools-3.1.0.jar:/home/runner/.m2/repository/commons-cli/commons-cli/1.8.0/commons-cli-1.8.0.jar:/home/runner/.m2/repository/org/apache/commons/commons-lang3/3.14.0/commons-lang3-3.14.0.jar:/home/runner/work/ozone/ozone/hadoop-ozone/ozone-manager/target/ozone-manager-1.5.0-SNAPSHOT-tests.jar:/home/runner/work/ozone/ozone/hadoop-hdds/common/target/hdds-common-1.5.0-SNAPSHOT-tests.jar:/home/runner/work/ozone/ozone/hadoop-hdds/hadoop-dependency-client/target/hdds-hadoop-dependency-client-1.5.0-SNAPSHOT.jar:/home/runner/work/ozone/ozone/hadoop-hdds/annotations/target/hdds-annotation-processing-1.5.0-SNAPSHOT.jar:/home/runner/.m2/repository/javax/annotation/javax.annotation-api/1.3.2/javax.annotation-api-1.3.2.jar:/home/runner/.m2/repository/org/bouncycastle/bcutil-jdk18on/1.78.1/bcutil-jdk18on-1.78.1.jar:/home/runner/.m2/repository/io/jaegertracing/jaeger-client/1.8.1/jaeger-client-1.8.1.jar:/home/runner/.m2/repository/io/jaegertracing/jaeger-thrift/1.8.1/jaeger-thrift-1.8.1.jar:/home/runner/.m2/repository/org/apache/thrift/libthrift/0.15.0/libthrift-0.15.0.jar:/home/runner/.m2/repository/io/jaegertracing/jaeger-tracerresolver/1.8.1/jaeger-tracerresolver-1.8.1.jar:/home/runner/.m2/repository/io/opentracing/contrib/opentracing-tracerresolver/0.1.8/opentracing-tracerresolver-0.1.8.jar:/home/runner/.m2/repository/io/jaegertracing/jaeger-core/1.8.1/jaeger-core-1.8.1.jar:/home/runner/.m2/repository/org/jetbrains/kotlin/kotlin-stdlib/1.9.25/kotlin-stdlib-1.9.25.jar:/home/runner/.m2/repository/org/jetbrains/annotations/13.0/annotations-13.0.jar:/home/runner/.m2/repository/io/opentracing/opentracing-util/0.33.0/opentracing-util-0.33.0.jar:/home/runner/.m2/repository/io/opentracing/opentracing-noop/0.33.0/opentracing-noop-0.33.0.jar:/home/runner/.m2/repository/org/yaml/snakeyaml/2.0/snakeyaml-2.0.jar:/home/runner/.m2/repository/io/grpc/grpc-api/1.58.0/grpc-api-1.58.0.jar:/home/runner/.m2/repository/org/junit/platform/junit-platform-launcher/1.10.3/junit-platform-launcher-1.10.3.jar:/home/runner/.m2/repository/org/junit/platform/junit-platform-engine/1.10.3/junit-platform-engine-1.10.3.jar:/home/runner/.m2/repository/org/apiguardian/apiguardian-api/1.1.2/apiguardian-api-1.1.2.jar:/home/runner/.m2/repository/org/apache/hadoop/hadoop-kms/3.3.6/hadoop-kms-3.3.6.jar:/home/runner/.m2/repository/org/apache/hadoop/hadoop-auth/3.3.6/hadoop-auth-3.3.6.jar:/home/runner/.m2/repository/org/apache/zookeeper/zookeeper/3.8.4/zookeeper-3.8.4.jar:/home/runner/.m2/repository/org/apache/zookeeper/zookeeper-jute/3.8.4/zookeeper-jute-3.8.4.jar:/home/runner/.m2/repository/org/apache/yetus/audience-annotations/0.12.0/audience-annotations-0.12.0.jar:/home/runner/.m2/repository/org/apache/curator/curator-framework/4.2.0/curator-framework-4.2.0.jar:/home/runner/.m2/repository/org/apache/hadoop/thirdparty/hadoop-shaded-guava/1.2.0/hadoop-shaded-guava-1.2.0.jar:/home/runner/.m2/repository/com/sun/jersey/jersey-core/1.19.4/jersey-core-1.19.4.jar:/home/runner/.m2/repository/javax/ws/rs/jsr311-api/1.1.1/jsr311-api-1.1.1.jar:/home/runner/.m2/repository/com/sun/jersey/jersey-server/1.19.4/jersey-server-1.19.4.jar:/home/runner/.m2/repository/org/apache/hadoop/hadoop-common/3.3.6/hadoop-common-3.3.6.jar:/home/runner/.m2/repository/org/apache/commons/commons-math3/3.6.1/commons-math3-3.6.1.jar:/home/runner/.m2/repository/commons-net/commons-net/3.11.1/commons-net-3.11.1.jar:/home/runner/.m2/repository/com/sun/jersey/jersey-servlet/1.19.4/jersey-servlet-1.19.4.jar:/home/runner/.m2/repository/com/github/pjfanning/jersey-json/1.20/jersey-json-1.20.jar:/home/runner/.m2/repository/org/codehaus/jettison/jettison/1.1/jettison-1.1.jar:/home/runner/.m2/repository/com/sun/xml/bind/jaxb-impl/2.2.3-1/jaxb-impl-2.2.3-1.jar:/home/runner/.m2/repository/com/google/re2j/re2j/1.7/re2j-1.7.jar:/home/runner/.m2/repository/com/jcraft/jsch/0.1.55/jsch-0.1.55.jar:/home/runner/.m2/repository/org/apache/curator/curator-client/4.2.0/curator-client-4.2.0.jar:/home/runner/.m2/repository/org/apache/curator/curator-recipes/5.2.0/curator-recipes-5.2.0.jar:/home/runner/.m2/repository/com/google/code/findbugs/jsr305/3.0.2/jsr305-3.0.2.jar:/home/runner/.m2/repository/dnsjava/dnsjava/2.1.9/dnsjava-2.1.9.jar:/home/runner/.m2/repository/org/apache/hadoop/hadoop-kms/3.3.6/hadoop-kms-3.3.6-tests.jar:/home/runner/work/ozone/ozone/hadoop-hdds/server-scm/target/hdds-server-scm-1.5.0-SNAPSHOT-tests.jar:/home/runner/work/ozone/ozone/hadoop-hdds/container-service/target/hdds-container-service-1.5.0-SNAPSHOT-tests.jar:/home/runner/.m2/repository/com/github/luben/zstd-jni/1.5.6-3/zstd-jni-1.5.6-3.jar:/home/runner/.m2/repository/io/netty/netty-buffer/4.1.109.Final/netty-buffer-4.1.109.Final.jar:/home/runner/.m2/repository/io/netty/netty-common/4.1.109.Final/netty-common-4.1.109.Final.jar:/home/runner/.m2/repository/io/netty/netty-codec/4.1.109.Final/netty-codec-4.1.109.Final.jar:/home/runner/.m2/repository/io/netty/netty-handler/4.1.109.Final/netty-handler-4.1.109.Final.jar:/home/runner/work/ozone/ozone/hadoop-hdds/hadoop-dependency-test/target/hdds-hadoop-dependency-test-1.5.0-SNAPSHOT.jar:/home/runner/.m2/repository/org/apache/hadoop/hadoop-common/3.3.6/hadoop-common-3.3.6-tests.jar:/home/runner/.m2/repository/org/apache/hadoop/hadoop-hdfs/3.3.6/hadoop-hdfs-3.3.6-tests.jar:/home/runner/.m2/repository/org/junit/jupiter/junit-jupiter-engine/5.10.3/junit-jupiter-engine-5.10.3.jar:/home/runner/.m2/repository/org/junit/jupiter/junit-jupiter-params/5.10.3/junit-jupiter-params-5.10.3.jar:/home/runner/.m2/repository/org/mockito/mockito-core/4.11.0/mockito-core-4.11.0.jar:/home/runner/.m2/repository/net/bytebuddy/byte-buddy-agent/1.12.19/byte-buddy-agent-1.12.19.jar:/home/runner/.m2/repository/org/objenesis/objenesis/3.3/objenesis-3.3.jar:/home/runner/.m2/repository/org/mockito/mockito-inline/4.11.0/mockito-inline-4.11.0.jar:/home/runner/.m2/repository/org/mockito/mockito-junit-jupiter/4.11.0/mockito-junit-jupiter-4.11.0.jar:/home/runner/.m2/repository/org/apache/hadoop/hadoop-distcp/3.3.6/hadoop-distcp-3.3.6.jar:/home/runner/.m2/repository/org/apache/hadoop/hadoop-mapreduce-client-jobclient/3.3.6/hadoop-mapreduce-client-jobclient-3.3.6.jar:/home/runner/.m2/repository/org/apache/hadoop/hadoop-mapreduce-client-common/3.3.6/hadoop-mapreduce-client-common-3.3.6.jar:/home/runner/.m2/repository/org/apache/hadoop/hadoop-yarn-common/3.3.6/hadoop-yarn-common-3.3.6.jar:/home/runner/.m2/repository/org/apache/hadoop/hadoop-yarn-api/3.3.6/hadoop-yarn-api-3.3.6.jar:/home/runner/.m2/repository/javax/xml/bind/jaxb-api/2.2.11/jaxb-api-2.2.11.jar:/home/runner/.m2/repository/com/sun/jersey/contribs/jersey-guice/1.19.4/jersey-guice-1.19.4.jar:/home/runner/.m2/repository/com/fasterxml/jackson/jaxrs/jackson-jaxrs-json-provider/2.16.2/jackson-jaxrs-json-provider-2.16.2.jar:/home/runner/.m2/repository/com/fasterxml/jackson/jaxrs/jackson-jaxrs-base/2.16.2/jackson-jaxrs-base-2.16.2.jar:/home/runner/.m2/repository/org/apache/hadoop/hadoop-yarn-client/3.3.6/hadoop-yarn-client-3.3.6.jar:/home/runner/.m2/repository/org/eclipse/jetty/websocket/websocket-client/9.4.51.v20230217/websocket-client-9.4.51.v20230217.jar:/home/runner/.m2/repository/org/eclipse/jetty/websocket/websocket-common/9.4.51.v20230217/websocket-common-9.4.51.v20230217.jar:/home/runner/.m2/repository/org/eclipse/jetty/websocket/websocket-api/9.4.51.v20230217/websocket-api-9.4.51.v20230217.jar:/home/runner/.m2/repository/org/jline/jline/3.9.0/jline-3.9.0.jar:/home/runner/.m2/repository/org/apache/hadoop/hadoop-mapreduce-client-core/3.3.6/hadoop-mapreduce-client-core-3.3.6.jar:/home/runner/.m2/repository/org/apache/avro/avro/1.7.7/avro-1.7.7.jar:/home/runner/.m2/repository/com/thoughtworks/paranamer/paranamer/2.3/paranamer-2.3.jar:/home/runner/.m2/repository/org/apache/hadoop/hadoop-annotations/3.3.6/hadoop-annotations-3.3.6.jar:/home/runner/.m2/repository/io/netty/netty/3.10.6.Final/netty-3.10.6.Final.jar:/home/runner/.m2/repository/org/apache/hadoop/hadoop-distcp/3.3.6/hadoop-distcp-3.3.6-tests.jar:/home/runner/.m2/repository/org/hamcrest/hamcrest/2.2/hamcrest-2.2.jar:/home/runner/.m2/repository/org/slf4j/jul-to-slf4j/2.0.15/jul-to-slf4j-2.0.15.jar:/home/runner/work/ozone/ozone/hadoop-ozone/integration-test/target/gradle-enterprise/test-listeners.jar:"/>
    <property name="java.vm.vendor" value="Eclipse Adoptium"/>
    <property name="sun.arch.data.model" value="64"/>
    <property name="test.build.dir" value="/home/runner/work/ozone/ozone/hadoop-ozone/integration-test/target/test-dir"/>
    <property name="test.cache.data" value=""/>
    <property name="java.vendor.url" value="https://adoptium.net/"/>
    <property name="user.timezone" value="Etc/UTC"/>
    <property name="maven-surefire-plugin.argLineAccessArgs" value=" --add-opens java.management/com.sun.jmx.mbeanserver=ALL-UNNAMED --add-exports java.management/com.sun.jmx.mbeanserver=ALL-UNNAMED --add-opens java.base/java.nio=ALL-UNNAMED --add-opens java.base/java.lang=ALL-UNNAMED --add-opens java.base/java.lang.reflect=ALL-UNNAMED"/>
    <property name="os.name" value="Linux"/>
    <property name="java.vm.specification.version" value="17"/>
    <property name="test.build.data" value="/home/runner/work/ozone/ozone/hadoop-ozone/integration-test/target/test-dir"/>
    <property name="sun.java.launcher" value="SUN_STANDARD"/>
    <property name="sun.boot.library.path" value="/usr/lib/jvm/temurin-17-jdk-amd64/lib"/>
    <property name="sun.java.command" value="/home/runner/work/ozone/ozone/hadoop-ozone/integration-test/target/surefire/surefirebooter4322278929159540565.jar /home/runner/work/ozone/ozone/hadoop-ozone/integration-test/target/surefire 2024-08-15T09-40-01_516-jvmRun1 surefire4320327497481244410tmp surefire_369976703355668842479tmp"/>
    <property name="jdk.debug" value="release"/>
    <property name="native.lib.tmp.dir" value="/tmp"/>
    <property name="surefire.test.class.path" value="/home/runner/work/ozone/ozone/hadoop-ozone/integration-test/target/test-classes:/home/runner/work/ozone/ozone/hadoop-ozone/integration-test/target/classes:/home/runner/work/ozone/ozone/hadoop-ozone/common/target/ozone-common-1.5.0-SNAPSHOT.jar:/home/runner/.m2/repository/io/grpc/grpc-netty/1.58.0/grpc-netty-1.58.0.jar:/home/runner/.m2/repository/io/grpc/grpc-core/1.58.0/grpc-core-1.58.0.jar:/home/runner/.m2/repository/com/google/android/annotations/4.1.1.4/annotations-4.1.1.4.jar:/home/runner/.m2/repository/org/codehaus/mojo/animal-sniffer-annotations/1.23/animal-sniffer-annotations-1.23.jar:/home/runner/.m2/repository/io/grpc/grpc-context/1.58.0/grpc-context-1.58.0.jar:/home/runner/.m2/repository/io/grpc/grpc-util/1.58.0/grpc-util-1.58.0.jar:/home/runner/.m2/repository/com/google/errorprone/error_prone_annotations/2.29.2/error_prone_annotations-2.29.2.jar:/home/runner/.m2/repository/io/perfmark/perfmark-api/0.26.0/perfmark-api-0.26.0.jar:/home/runner/.m2/repository/io/netty/netty-codec-http2/4.1.109.Final/netty-codec-http2-4.1.109.Final.jar:/home/runner/.m2/repository/io/netty/netty-codec-http/4.1.109.Final/netty-codec-http-4.1.109.Final.jar:/home/runner/.m2/repository/io/netty/netty-handler-proxy/4.1.109.Final/netty-handler-proxy-4.1.109.Final.jar:/home/runner/.m2/repository/io/netty/netty-codec-socks/4.1.109.Final/netty-codec-socks-4.1.109.Final.jar:/home/runner/.m2/repository/io/netty/netty-tcnative-boringssl-static/2.0.65.Final/netty-tcnative-boringssl-static-2.0.65.Final.jar:/home/runner/.m2/repository/io/netty/netty-tcnative-classes/2.0.65.Final/netty-tcnative-classes-2.0.65.Final.jar:/home/runner/.m2/repository/io/netty/netty-tcnative-boringssl-static/2.0.65.Final/netty-tcnative-boringssl-static-2.0.65.Final-linux-x86_64.jar:/home/runner/.m2/repository/io/netty/netty-tcnative-boringssl-static/2.0.65.Final/netty-tcnative-boringssl-static-2.0.65.Final-linux-aarch_64.jar:/home/runner/.m2/repository/io/netty/netty-tcnative-boringssl-static/2.0.65.Final/netty-tcnative-boringssl-static-2.0.65.Final-osx-x86_64.jar:/home/runner/.m2/repository/io/netty/netty-tcnative-boringssl-static/2.0.65.Final/netty-tcnative-boringssl-static-2.0.65.Final-osx-aarch_64.jar:/home/runner/.m2/repository/io/netty/netty-tcnative-boringssl-static/2.0.65.Final/netty-tcnative-boringssl-static-2.0.65.Final-windows-x86_64.jar:/home/runner/.m2/repository/org/apache/commons/commons-compress/1.27.0/commons-compress-1.27.0.jar:/home/runner/work/ozone/ozone/hadoop-hdds/common/target/hdds-common-1.5.0-SNAPSHOT.jar:/home/runner/work/ozone/ozone/hadoop-hdds/client/target/hdds-client-1.5.0-SNAPSHOT.jar:/home/runner/work/ozone/ozone/hadoop-ozone/interface-client/target/ozone-interface-client-1.5.0-SNAPSHOT.jar:/home/runner/.m2/repository/org/apache/hadoop/hadoop-hdfs-client/3.3.6/hadoop-hdfs-client-3.3.6.jar:/home/runner/.m2/repository/com/squareup/okhttp3/okhttp/4.12.0/okhttp-4.12.0.jar:/home/runner/.m2/repository/com/squareup/okio/okio/3.6.0/okio-3.6.0.jar:/home/runner/.m2/repository/com/squareup/okio/okio-jvm/3.6.0/okio-jvm-3.6.0.jar:/home/runner/.m2/repository/org/jetbrains/kotlin/kotlin-stdlib-jdk8/1.9.25/kotlin-stdlib-jdk8-1.9.25.jar:/home/runner/.m2/repository/org/jetbrains/kotlin/kotlin-stdlib-jdk7/1.9.25/kotlin-stdlib-jdk7-1.9.25.jar:/home/runner/.m2/repository/org/jetbrains/kotlin/kotlin-stdlib-common/1.9.25/kotlin-stdlib-common-1.9.25.jar:/home/runner/.m2/repository/com/github/stephenc/jcip/jcip-annotations/1.0-1/jcip-annotations-1.0-1.jar:/home/runner/work/ozone/ozone/hadoop-hdds/test-utils/target/hdds-test-utils-1.5.0-SNAPSHOT.jar:/home/runner/.m2/repository/org/assertj/assertj-core/3.26.3/assertj-core-3.26.3.jar:/home/runner/.m2/repository/net/bytebuddy/byte-buddy/1.14.18/byte-buddy-1.14.18.jar:/home/runner/.m2/repository/com/google/guava/guava/32.1.3-jre/guava-32.1.3-jre.jar:/home/runner/.m2/repository/com/google/guava/failureaccess/1.0.1/failureaccess-1.0.1.jar:/home/runner/.m2/repository/com/google/guava/listenablefuture/9999.0-empty-to-avoid-conflict-with-guava/listenablefuture-9999.0-empty-to-avoid-conflict-with-guava.jar:/home/runner/.m2/repository/org/checkerframework/checker-qual/3.37.0/checker-qual-3.37.0.jar:/home/runner/.m2/repository/com/google/j2objc/j2objc-annotations/2.8/j2objc-annotations-2.8.jar:/home/runner/.m2/repository/commons-io/commons-io/2.16.1/commons-io-2.16.1.jar:/home/runner/.m2/repository/commons-logging/commons-logging/1.2/commons-logging-1.2.jar:/home/runner/.m2/repository/org/junit/jupiter/junit-jupiter-api/5.10.3/junit-jupiter-api-5.10.3.jar:/home/runner/.m2/repository/org/opentest4j/opentest4j/1.3.0/opentest4j-1.3.0.jar:/home/runner/.m2/repository/org/junit/platform/junit-platform-commons/1.10.3/junit-platform-commons-1.10.3.jar:/home/runner/.m2/repository/ch/qos/reload4j/reload4j/1.2.25/reload4j-1.2.25.jar:/home/runner/.m2/repository/jakarta/annotation/jakarta.annotation-api/2.1.1/jakarta.annotation-api-2.1.1.jar:/home/runner/.m2/repository/org/slf4j/slf4j-api/2.0.15/slf4j-api-2.0.15.jar:/home/runner/.m2/repository/org/apache/logging/log4j/log4j-api/2.23.1/log4j-api-2.23.1.jar:/home/runner/work/ozone/ozone/hadoop-hdds/server-scm/target/hdds-server-scm-1.5.0-SNAPSHOT.jar:/home/runner/.m2/repository/com/google/protobuf/protobuf-java/2.5.0/protobuf-java-2.5.0.jar:/home/runner/work/ozone/ozone/hadoop-hdds/config/target/hdds-config-1.5.0-SNAPSHOT.jar:/home/runner/work/ozone/ozone/hadoop-hdds/container-service/target/hdds-container-service-1.5.0-SNAPSHOT.jar:/home/runner/work/ozone/ozone/hadoop-hdds/hadoop-dependency-server/target/hdds-hadoop-dependency-server-1.5.0-SNAPSHOT.jar:/home/runner/.m2/repository/com/nimbusds/nimbus-jose-jwt/9.40/nimbus-jose-jwt-9.40.jar:/home/runner/.m2/repository/org/apache/hadoop/hadoop-hdfs/3.3.6/hadoop-hdfs-3.3.6.jar:/home/runner/.m2/repository/commons-daemon/commons-daemon/1.4.0/commons-daemon-1.4.0.jar:/home/runner/.m2/repository/org/apache/kerby/kerb-core/1.0.1/kerb-core-1.0.1.jar:/home/runner/.m2/repository/org/apache/kerby/kerby-pkix/1.0.1/kerby-pkix-1.0.1.jar:/home/runner/.m2/repository/org/apache/kerby/kerby-asn1/1.0.1/kerby-asn1-1.0.1.jar:/home/runner/.m2/repository/org/apache/kerby/kerby-util/1.0.1/kerby-util-1.0.1.jar:/home/runner/.m2/repository/org/apache/kerby/kerb-util/1.0.1/kerb-util-1.0.1.jar:/home/runner/.m2/repository/org/apache/kerby/kerby-config/1.0.1/kerby-config-1.0.1.jar:/home/runner/.m2/repository/org/apache/kerby/kerb-crypto/1.0.1/kerb-crypto-1.0.1.jar:/home/runner/.m2/repository/org/xerial/snappy/snappy-java/1.1.10.5/snappy-java-1.1.10.5.jar:/home/runner/work/ozone/ozone/hadoop-hdds/interface-admin/target/hdds-interface-admin-1.5.0-SNAPSHOT.jar:/home/runner/work/ozone/ozone/hadoop-hdds/interface-client/target/hdds-interface-client-1.5.0-SNAPSHOT.jar:/home/runner/.m2/repository/org/apache/hadoop/thirdparty/hadoop-shaded-protobuf_3_7/1.1.1/hadoop-shaded-protobuf_3_7-1.1.1.jar:/home/runner/work/ozone/ozone/hadoop-hdds/interface-server/target/hdds-interface-server-1.5.0-SNAPSHOT.jar:/home/runner/work/ozone/ozone/hadoop-hdds/framework/target/hdds-server-framework-1.5.0-SNAPSHOT.jar:/home/runner/.m2/repository/org/apache/ratis/ratis-client/3.1.0/ratis-client-3.1.0.jar:/home/runner/.m2/repository/org/apache/ratis/ratis-common/3.1.0/ratis-common-3.1.0.jar:/home/runner/.m2/repository/org/apache/ratis/ratis-grpc/3.1.0/ratis-grpc-3.1.0.jar:/home/runner/.m2/repository/org/apache/ratis/ratis-netty/3.1.0/ratis-netty-3.1.0.jar:/home/runner/.m2/repository/org/apache/ratis/ratis-proto/3.1.0/ratis-proto-3.1.0.jar:/home/runner/.m2/repository/org/apache/ratis/ratis-server-api/3.1.0/ratis-server-api-3.1.0.jar:/home/runner/.m2/repository/org/apache/ratis/ratis-server/3.1.0/ratis-server-3.1.0.jar:/home/runner/.m2/repository/org/apache/ratis/ratis-thirdparty-misc/1.0.6/ratis-thirdparty-misc-1.0.6.jar:/home/runner/.m2/repository/org/bouncycastle/bcpkix-jdk18on/1.78.1/bcpkix-jdk18on-1.78.1.jar:/home/runner/.m2/repository/org/bouncycastle/bcprov-jdk18on/1.78.1/bcprov-jdk18on-1.78.1.jar:/home/runner/.m2/repository/io/dropwizard/metrics/metrics-core/3.2.6/metrics-core-3.2.6.jar:/home/runner/.m2/repository/org/apache/commons/commons-text/1.12.0/commons-text-1.12.0.jar:/home/runner/.m2/repository/org/eclipse/jetty/jetty-webapp/9.4.55.v20240627/jetty-webapp-9.4.55.v20240627.jar:/home/runner/.m2/repository/org/eclipse/jetty/jetty-xml/9.4.55.v20240627/jetty-xml-9.4.55.v20240627.jar:/home/runner/.m2/repository/com/fasterxml/jackson/core/jackson-annotations/2.16.2/jackson-annotations-2.16.2.jar:/home/runner/.m2/repository/com/fasterxml/jackson/core/jackson-core/2.16.2/jackson-core-2.16.2.jar:/home/runner/.m2/repository/com/fasterxml/jackson/core/jackson-databind/2.16.2/jackson-databind-2.16.2.jar:/home/runner/.m2/repository/info/picocli/picocli/4.7.6/picocli-4.7.6.jar:/home/runner/.m2/repository/javax/servlet/javax.servlet-api/3.1.0/javax.servlet-api-3.1.0.jar:/home/runner/.m2/repository/commons-collections/commons-collections/3.2.2/commons-collections-3.2.2.jar:/home/runner/work/ozone/ozone/hadoop-hdds/framework/target/hdds-server-framework-1.5.0-SNAPSHOT-tests.jar:/home/runner/work/ozone/ozone/hadoop-hdds/managed-rocksdb/target/hdds-managed-rocksdb-1.5.0-SNAPSHOT.jar:/home/runner/.m2/repository/org/slf4j/slf4j-reload4j/2.0.15/slf4j-reload4j-2.0.15.jar:/home/runner/.m2/repository/org/apache/commons/commons-configuration2/2.10.1/commons-configuration2-2.10.1.jar:/home/runner/.m2/repository/commons-codec/commons-codec/1.17.0/commons-codec-1.17.0.jar:/home/runner/.m2/repository/commons-fileupload/commons-fileupload/1.5/commons-fileupload-1.5.jar:/home/runner/.m2/repository/commons-validator/commons-validator/1.6/commons-validator-1.6.jar:/home/runner/.m2/repository/commons-beanutils/commons-beanutils/1.9.4/commons-beanutils-1.9.4.jar:/home/runner/.m2/repository/commons-digester/commons-digester/1.8.1/commons-digester-1.8.1.jar:/home/runner/.m2/repository/org/apache/logging/log4j/log4j-core/2.23.1/log4j-core-2.23.1.jar:/home/runner/.m2/repository/com/lmax/disruptor/3.4.4/disruptor-3.4.4.jar:/home/runner/.m2/repository/org/eclipse/jetty/jetty-http/9.4.55.v20240627/jetty-http-9.4.55.v20240627.jar:/home/runner/.m2/repository/org/eclipse/jetty/jetty-io/9.4.55.v20240627/jetty-io-9.4.55.v20240627.jar:/home/runner/.m2/repository/org/eclipse/jetty/jetty-util/9.4.55.v20240627/jetty-util-9.4.55.v20240627.jar:/home/runner/.m2/repository/org/eclipse/jetty/jetty-server/9.4.55.v20240627/jetty-server-9.4.55.v20240627.jar:/home/runner/.m2/repository/org/eclipse/jetty/jetty-servlet/9.4.55.v20240627/jetty-servlet-9.4.55.v20240627.jar:/home/runner/.m2/repository/org/eclipse/jetty/jetty-security/9.4.55.v20240627/jetty-security-9.4.55.v20240627.jar:/home/runner/.m2/repository/org/eclipse/jetty/jetty-util-ajax/9.4.55.v20240627/jetty-util-ajax-9.4.55.v20240627.jar:/home/runner/.m2/repository/org/glassfish/jersey/core/jersey-server/2.43/jersey-server-2.43.jar:/home/runner/.m2/repository/org/glassfish/jersey/core/jersey-common/2.43/jersey-common-2.43.jar:/home/runner/.m2/repository/org/glassfish/jersey/core/jersey-client/2.43/jersey-client-2.43.jar:/home/runner/.m2/repository/org/glassfish/hk2/external/jakarta.inject/2.6.1/jakarta.inject-2.6.1.jar:/home/runner/.m2/repository/jakarta/validation/jakarta.validation-api/2.0.2/jakarta.validation-api-2.0.2.jar:/home/runner/.m2/repository/org/glassfish/jersey/containers/jersey-container-servlet-core/2.43/jersey-container-servlet-core-2.43.jar:/home/runner/.m2/repository/org/rocksdb/rocksdbjni/7.7.3/rocksdbjni-7.7.3.jar:/home/runner/.m2/repository/org/apache/ratis/ratis-metrics-api/3.1.0/ratis-metrics-api-3.1.0.jar:/home/runner/.m2/repository/org/apache/ratis/ratis-metrics-dropwizard3/3.1.0/ratis-metrics-dropwizard3-3.1.0.jar:/home/runner/.m2/repository/io/opentracing/opentracing-api/0.33.0/opentracing-api-0.33.0.jar:/home/runner/.m2/repository/io/prometheus/simpleclient/0.16.0/simpleclient-0.16.0.jar:/home/runner/.m2/repository/io/prometheus/simpleclient_dropwizard/0.16.0/simpleclient_dropwizard-0.16.0.jar:/home/runner/.m2/repository/io/prometheus/simpleclient_common/0.16.0/simpleclient_common-0.16.0.jar:/home/runner/.m2/repository/com/fasterxml/jackson/datatype/jackson-datatype-jsr310/2.16.2/jackson-datatype-jsr310-2.16.2.jar:/home/runner/.m2/repository/com/github/jnr/jnr-constants/0.10.4/jnr-constants-0.10.4.jar:/home/runner/.m2/repository/com/github/jnr/jnr-posix/3.1.19/jnr-posix-3.1.19.jar:/home/runner/.m2/repository/com/github/jnr/jnr-ffi/2.2.16/jnr-ffi-2.2.16.jar:/home/runner/.m2/repository/com/github/jnr/jffi/1.3.13/jffi-1.3.13.jar:/home/runner/.m2/repository/com/github/jnr/jffi/1.3.13/jffi-1.3.13-native.jar:/home/runner/.m2/repository/org/ow2/asm/asm/9.2/asm-9.2.jar:/home/runner/.m2/repository/org/ow2/asm/asm-commons/9.2/asm-commons-9.2.jar:/home/runner/.m2/repository/org/ow2/asm/asm-analysis/9.2/asm-analysis-9.2.jar:/home/runner/.m2/repository/org/ow2/asm/asm-tree/9.2/asm-tree-9.2.jar:/home/runner/.m2/repository/org/ow2/asm/asm-util/9.2/asm-util-9.2.jar:/home/runner/.m2/repository/com/github/jnr/jnr-a64asm/1.0.0/jnr-a64asm-1.0.0.jar:/home/runner/.m2/repository/com/github/jnr/jnr-x86asm/1.0.2/jnr-x86asm-1.0.2.jar:/home/runner/.m2/repository/com/google/code/gson/gson/2.10.1/gson-2.10.1.jar:/home/runner/work/ozone/ozone/hadoop-hdds/rocksdb-checkpoint-differ/target/rocksdb-checkpoint-differ-1.5.0-SNAPSHOT.jar:/home/runner/.m2/repository/org/jgrapht/jgrapht-core/1.4.0/jgrapht-core-1.4.0.jar:/home/runner/.m2/repository/org/jheaps/jheaps/0.11/jheaps-0.11.jar:/home/runner/.m2/repository/org/jgrapht/jgrapht-ext/1.4.0/jgrapht-ext-1.4.0.jar:/home/runner/.m2/repository/com/github/vlsi/mxgraph/jgraphx/3.9.8.1/jgraphx-3.9.8.1.jar:/home/runner/.m2/repository/jakarta/ws/rs/jakarta.ws.rs-api/2.1.6/jakarta.ws.rs-api-2.1.6.jar:/home/runner/work/ozone/ozone/hadoop-ozone/ozone-manager/target/ozone-manager-1.5.0-SNAPSHOT.jar:/home/runner/.m2/repository/org/aspectj/aspectjrt/1.9.7/aspectjrt-1.9.7.jar:/home/runner/.m2/repository/org/aspectj/aspectjweaver/1.9.7/aspectjweaver-1.9.7.jar:/home/runner/work/ozone/ozone/hadoop-ozone/interface-storage/target/ozone-interface-storage-1.5.0-SNAPSHOT.jar:/home/runner/.m2/repository/org/reflections/reflections/0.10.2/reflections-0.10.2.jar:/home/runner/.m2/repository/com/sun/jersey/jersey-client/1.19.4/jersey-client-1.19.4.jar:/home/runner/.m2/repository/org/codehaus/jackson/jackson-core-asl/1.9.13/jackson-core-asl-1.9.13.jar:/home/runner/.m2/repository/org/codehaus/jackson/jackson-mapper-asl/1.9.13/jackson-mapper-asl-1.9.13.jar:/home/runner/.m2/repository/org/codehaus/jackson/jackson-jaxrs/1.9.13/jackson-jaxrs-1.9.13.jar:/home/runner/.m2/repository/org/apache/ranger/ranger-intg/2.3.0/ranger-intg-2.3.0.jar:/home/runner/.m2/repository/org/apache/ranger/ranger-plugins-common/2.3.0/ranger-plugins-common-2.3.0.jar:/home/runner/.m2/repository/commons-lang/commons-lang/2.6/commons-lang-2.6.jar:/home/runner/.m2/repository/org/apache/ranger/ranger-plugins-cred/2.3.0/ranger-plugins-cred-2.3.0.jar:/home/runner/.m2/repository/org/apache/ranger/ranger-plugins-audit/2.3.0/ranger-plugins-audit-2.3.0.jar:/home/runner/.m2/repository/org/eclipse/jetty/jetty-client/9.4.55.v20240627/jetty-client-9.4.55.v20240627.jar:/home/runner/.m2/repository/org/apache/httpcomponents/httpmime/4.5.6/httpmime-4.5.6.jar:/home/runner/.m2/repository/org/apache/httpcomponents/httpcore-nio/4.4.16/httpcore-nio-4.4.16.jar:/home/runner/.m2/repository/org/apache/httpcomponents/httpasyncclient/4.1.3/httpasyncclient-4.1.3.jar:/home/runner/.m2/repository/com/carrotsearch/hppc/0.8.0/hppc-0.8.0.jar:/home/runner/.m2/repository/org/apache/orc/orc-core/1.5.8/orc-core-1.5.8.jar:/home/runner/.m2/repository/net/java/dev/jna/jna/5.2.0/jna-5.2.0.jar:/home/runner/.m2/repository/net/java/dev/jna/jna-platform/5.2.0/jna-platform-5.2.0.jar:/home/runner/.m2/repository/com/kstruct/gethostname4j/0.0.2/gethostname4j-0.0.2.jar:/home/runner/.m2/repository/org/apache/ranger/ranger-plugin-classloader/2.3.0/ranger-plugin-classloader-2.3.0.jar:/home/runner/work/ozone/ozone/hadoop-hdds/rocks-native/target/hdds-rocks-native-1.5.0-SNAPSHOT.jar:/home/runner/.m2/repository/org/apache/hadoop/hadoop-minikdc/3.3.6/hadoop-minikdc-3.3.6.jar:/home/runner/.m2/repository/org/apache/kerby/kerb-simplekdc/1.0.1/kerb-simplekdc-1.0.1.jar:/home/runner/.m2/repository/org/apache/kerby/kerb-client/1.0.1/kerb-client-1.0.1.jar:/home/runner/.m2/repository/org/apache/kerby/kerb-common/1.0.1/kerb-common-1.0.1.jar:/home/runner/.m2/repository/org/apache/kerby/token-provider/1.0.1/token-provider-1.0.1.jar:/home/runner/.m2/repository/org/apache/kerby/kerb-admin/1.0.1/kerb-admin-1.0.1.jar:/home/runner/.m2/repository/org/apache/kerby/kerb-server/1.0.1/kerb-server-1.0.1.jar:/home/runner/.m2/repository/org/apache/kerby/kerb-identity/1.0.1/kerb-identity-1.0.1.jar:/home/runner/.m2/repository/org/apache/kerby/kerby-xdr/1.0.1/kerby-xdr-1.0.1.jar:/home/runner/.m2/repository/junit/junit/4.13.2/junit-4.13.2.jar:/home/runner/.m2/repository/org/hamcrest/hamcrest-core/1.3/hamcrest-core-1.3.jar:/home/runner/work/ozone/ozone/hadoop-ozone/s3gateway/target/ozone-s3gateway-1.5.0-SNAPSHOT.jar:/home/runner/.m2/repository/org/javassist/javassist/3.30.2-GA/javassist-3.30.2-GA.jar:/home/runner/.m2/repository/org/jboss/weld/servlet/weld-servlet-shaded/3.1.9.Final/weld-servlet-shaded-3.1.9.Final.jar:/home/runner/.m2/repository/org/glassfish/jersey/ext/cdi/jersey-cdi1x/2.43/jersey-cdi1x-2.43.jar:/home/runner/.m2/repository/org/glassfish/jersey/inject/jersey-hk2/2.43/jersey-hk2-2.43.jar:/home/runner/.m2/repository/org/glassfish/hk2/hk2-locator/2.6.1/hk2-locator-2.6.1.jar:/home/runner/.m2/repository/org/glassfish/jersey/media/jersey-media-jaxb/2.43/jersey-media-jaxb-2.43.jar:/home/runner/.m2/repository/org/glassfish/hk2/osgi-resource-locator/1.0.3/osgi-resource-locator-1.0.3.jar:/home/runner/.m2/repository/org/glassfish/hk2/hk2-api/2.6.1/hk2-api-2.6.1.jar:/home/runner/.m2/repository/org/glassfish/hk2/hk2-utils/2.6.1/hk2-utils-2.6.1.jar:/home/runner/.m2/repository/org/glassfish/hk2/external/aopalliance-repackaged/2.6.1/aopalliance-repackaged-2.6.1.jar:/home/runner/.m2/repository/com/fasterxml/jackson/dataformat/jackson-dataformat-xml/2.16.2/jackson-dataformat-xml-2.16.2.jar:/home/runner/.m2/repository/org/codehaus/woodstox/stax2-api/4.2.2/stax2-api-4.2.2.jar:/home/runner/.m2/repository/com/fasterxml/woodstox/woodstox-core/5.4.0/woodstox-core-5.4.0.jar:/home/runner/.m2/repository/com/fasterxml/jackson/module/jackson-module-jaxb-annotations/2.16.2/jackson-module-jaxb-annotations-2.16.2.jar:/home/runner/.m2/repository/javax/enterprise/cdi-api/2.0/cdi-api-2.0.jar:/home/runner/.m2/repository/javax/el/javax.el-api/3.0.0/javax.el-api-3.0.0.jar:/home/runner/.m2/repository/javax/interceptor/javax.interceptor-api/1.2/javax.interceptor-api-1.2.jar:/home/runner/.m2/repository/javax/inject/javax.inject/1/javax.inject-1.jar:/home/runner/.m2/repository/jakarta/xml/bind/jakarta.xml.bind-api/2.3.3/jakarta.xml.bind-api-2.3.3.jar:/home/runner/.m2/repository/org/glassfish/jaxb/jaxb-runtime/2.3.9/jaxb-runtime-2.3.9.jar:/home/runner/.m2/repository/org/glassfish/jaxb/txw2/2.3.9/txw2-2.3.9.jar:/home/runner/.m2/repository/com/sun/istack/istack-commons-runtime/3.0.12/istack-commons-runtime-3.0.12.jar:/home/runner/.m2/repository/com/sun/activation/jakarta.activation/1.2.2/jakarta.activation-1.2.2.jar:/home/runner/.m2/repository/jakarta/activation/jakarta.activation-api/1.2.2/jakarta.activation-api-1.2.2.jar:/home/runner/.m2/repository/io/grpc/grpc-protobuf/1.58.0/grpc-protobuf-1.58.0.jar:/home/runner/.m2/repository/com/google/api/grpc/proto-google-common-protos/2.22.0/proto-google-common-protos-2.22.0.jar:/home/runner/.m2/repository/io/grpc/grpc-protobuf-lite/1.58.0/grpc-protobuf-lite-1.58.0.jar:/home/runner/.m2/repository/io/grpc/grpc-stub/1.58.0/grpc-stub-1.58.0.jar:/home/runner/.m2/repository/io/netty/netty-transport/4.1.109.Final/netty-transport-4.1.109.Final.jar:/home/runner/.m2/repository/io/netty/netty-resolver/4.1.109.Final/netty-resolver-4.1.109.Final.jar:/home/runner/work/ozone/ozone/hadoop-ozone/csi/target/ozone-csi-1.5.0-SNAPSHOT.jar:/home/runner/.m2/repository/com/google/protobuf/protobuf-java-util/3.19.6/protobuf-java-util-3.19.6.jar:/home/runner/.m2/repository/io/netty/netty-transport-native-epoll/4.1.109.Final/netty-transport-native-epoll-4.1.109.Final-linux-x86_64.jar:/home/runner/.m2/repository/io/netty/netty-transport-classes-epoll/4.1.109.Final/netty-transport-classes-epoll-4.1.109.Final.jar:/home/runner/.m2/repository/io/netty/netty-transport-native-unix-common/4.1.109.Final/netty-transport-native-unix-common-4.1.109.Final.jar:/home/runner/work/ozone/ozone/hadoop-ozone/recon/target/ozone-recon-1.5.0-SNAPSHOT.jar:/home/runner/work/ozone/ozone/hadoop-ozone/recon-codegen/target/ozone-reconcodegen-1.5.0-SNAPSHOT.jar:/home/runner/.m2/repository/com/google/inject/guice/6.0.0/guice-6.0.0.jar:/home/runner/.m2/repository/jakarta/inject/jakarta.inject-api/2.0.1/jakarta.inject-api-2.0.1.jar:/home/runner/.m2/repository/aopalliance/aopalliance/1.0/aopalliance-1.0.jar:/home/runner/.m2/repository/com/google/inject/extensions/guice-assistedinject/6.0.0/guice-assistedinject-6.0.0.jar:/home/runner/.m2/repository/com/google/inject/extensions/guice-servlet/6.0.0/guice-servlet-6.0.0.jar:/home/runner/.m2/repository/org/glassfish/jersey/containers/jersey-container-servlet/2.43/jersey-container-servlet-2.43.jar:/home/runner/.m2/repository/org/glassfish/hk2/guice-bridge/2.6.1/guice-bridge-2.6.1.jar:/home/runner/.m2/repository/org/glassfish/jersey/media/jersey-media-json-jackson/2.43/jersey-media-json-jackson-2.43.jar:/home/runner/.m2/repository/org/glassfish/jersey/ext/jersey-entity-filtering/2.43/jersey-entity-filtering-2.43.jar:/home/runner/.m2/repository/org/jooq/jooq/3.11.10/jooq-3.11.10.jar:/home/runner/.m2/repository/org/jooq/jooq-meta/3.11.10/jooq-meta-3.11.10.jar:/home/runner/.m2/repository/org/jooq/jooq-codegen/3.11.10/jooq-codegen-3.11.10.jar:/home/runner/.m2/repository/com/jolbox/bonecp/0.8.0.RELEASE/bonecp-0.8.0.RELEASE.jar:/home/runner/.m2/repository/org/apache/derby/derby/10.14.2.0/derby-10.14.2.0.jar:/home/runner/.m2/repository/org/xerial/sqlite-jdbc/3.46.0.0/sqlite-jdbc-3.46.0.0.jar:/home/runner/.m2/repository/org/springframework/spring-jdbc/5.3.37/spring-jdbc-5.3.37.jar:/home/runner/.m2/repository/org/springframework/spring-beans/5.3.37/spring-beans-5.3.37.jar:/home/runner/.m2/repository/org/springframework/spring-core/5.3.37/spring-core-5.3.37.jar:/home/runner/.m2/repository/org/springframework/spring-tx/5.3.37/spring-tx-5.3.37.jar:/home/runner/work/ozone/ozone/hadoop-ozone/client/target/ozone-client-1.5.0-SNAPSHOT.jar:/home/runner/work/ozone/ozone/hadoop-hdds/erasurecode/target/hdds-erasurecode-1.5.0-SNAPSHOT.jar:/home/runner/work/ozone/ozone/hadoop-ozone/ozonefs/target/ozone-filesystem-1.5.0-SNAPSHOT.jar:/home/runner/work/ozone/ozone/hadoop-ozone/ozonefs-common/target/ozone-filesystem-common-1.5.0-SNAPSHOT.jar:/home/runner/work/ozone/ozone/hadoop-ozone/tools/target/ozone-tools-1.5.0-SNAPSHOT.jar:/home/runner/.m2/repository/com/amazonaws/aws-java-sdk-core/1.12.661/aws-java-sdk-core-1.12.661.jar:/home/runner/.m2/repository/org/apache/httpcomponents/httpclient/4.5.14/httpclient-4.5.14.jar:/home/runner/.m2/repository/org/apache/httpcomponents/httpcore/4.4.16/httpcore-4.4.16.jar:/home/runner/.m2/repository/com/fasterxml/jackson/dataformat/jackson-dataformat-cbor/2.16.2/jackson-dataformat-cbor-2.16.2.jar:/home/runner/.m2/repository/joda-time/joda-time/2.12.7/joda-time-2.12.7.jar:/home/runner/.m2/repository/com/amazonaws/aws-java-sdk-s3/1.12.661/aws-java-sdk-s3-1.12.661.jar:/home/runner/.m2/repository/com/amazonaws/aws-java-sdk-kms/1.12.661/aws-java-sdk-kms-1.12.661.jar:/home/runner/.m2/repository/com/amazonaws/jmespath-java/1.12.661/jmespath-java-1.12.661.jar:/home/runner/.m2/repository/org/kohsuke/metainf-services/metainf-services/1.11/metainf-services-1.11.jar:/home/runner/work/ozone/ozone/hadoop-hdds/tools/target/hdds-tools-1.5.0-SNAPSHOT.jar:/home/runner/.m2/repository/org/apache/ratis/ratis-tools/3.1.0/ratis-tools-3.1.0.jar:/home/runner/.m2/repository/commons-cli/commons-cli/1.8.0/commons-cli-1.8.0.jar:/home/runner/.m2/repository/org/apache/commons/commons-lang3/3.14.0/commons-lang3-3.14.0.jar:/home/runner/work/ozone/ozone/hadoop-ozone/ozone-manager/target/ozone-manager-1.5.0-SNAPSHOT-tests.jar:/home/runner/work/ozone/ozone/hadoop-hdds/common/target/hdds-common-1.5.0-SNAPSHOT-tests.jar:/home/runner/work/ozone/ozone/hadoop-hdds/hadoop-dependency-client/target/hdds-hadoop-dependency-client-1.5.0-SNAPSHOT.jar:/home/runner/work/ozone/ozone/hadoop-hdds/annotations/target/hdds-annotation-processing-1.5.0-SNAPSHOT.jar:/home/runner/.m2/repository/javax/annotation/javax.annotation-api/1.3.2/javax.annotation-api-1.3.2.jar:/home/runner/.m2/repository/org/bouncycastle/bcutil-jdk18on/1.78.1/bcutil-jdk18on-1.78.1.jar:/home/runner/.m2/repository/io/jaegertracing/jaeger-client/1.8.1/jaeger-client-1.8.1.jar:/home/runner/.m2/repository/io/jaegertracing/jaeger-thrift/1.8.1/jaeger-thrift-1.8.1.jar:/home/runner/.m2/repository/org/apache/thrift/libthrift/0.15.0/libthrift-0.15.0.jar:/home/runner/.m2/repository/io/jaegertracing/jaeger-tracerresolver/1.8.1/jaeger-tracerresolver-1.8.1.jar:/home/runner/.m2/repository/io/opentracing/contrib/opentracing-tracerresolver/0.1.8/opentracing-tracerresolver-0.1.8.jar:/home/runner/.m2/repository/io/jaegertracing/jaeger-core/1.8.1/jaeger-core-1.8.1.jar:/home/runner/.m2/repository/org/jetbrains/kotlin/kotlin-stdlib/1.9.25/kotlin-stdlib-1.9.25.jar:/home/runner/.m2/repository/org/jetbrains/annotations/13.0/annotations-13.0.jar:/home/runner/.m2/repository/io/opentracing/opentracing-util/0.33.0/opentracing-util-0.33.0.jar:/home/runner/.m2/repository/io/opentracing/opentracing-noop/0.33.0/opentracing-noop-0.33.0.jar:/home/runner/.m2/repository/org/yaml/snakeyaml/2.0/snakeyaml-2.0.jar:/home/runner/.m2/repository/io/grpc/grpc-api/1.58.0/grpc-api-1.58.0.jar:/home/runner/.m2/repository/org/junit/platform/junit-platform-launcher/1.10.3/junit-platform-launcher-1.10.3.jar:/home/runner/.m2/repository/org/junit/platform/junit-platform-engine/1.10.3/junit-platform-engine-1.10.3.jar:/home/runner/.m2/repository/org/apiguardian/apiguardian-api/1.1.2/apiguardian-api-1.1.2.jar:/home/runner/.m2/repository/org/apache/hadoop/hadoop-kms/3.3.6/hadoop-kms-3.3.6.jar:/home/runner/.m2/repository/org/apache/hadoop/hadoop-auth/3.3.6/hadoop-auth-3.3.6.jar:/home/runner/.m2/repository/org/apache/zookeeper/zookeeper/3.8.4/zookeeper-3.8.4.jar:/home/runner/.m2/repository/org/apache/zookeeper/zookeeper-jute/3.8.4/zookeeper-jute-3.8.4.jar:/home/runner/.m2/repository/org/apache/yetus/audience-annotations/0.12.0/audience-annotations-0.12.0.jar:/home/runner/.m2/repository/org/apache/curator/curator-framework/4.2.0/curator-framework-4.2.0.jar:/home/runner/.m2/repository/org/apache/hadoop/thirdparty/hadoop-shaded-guava/1.2.0/hadoop-shaded-guava-1.2.0.jar:/home/runner/.m2/repository/com/sun/jersey/jersey-core/1.19.4/jersey-core-1.19.4.jar:/home/runner/.m2/repository/javax/ws/rs/jsr311-api/1.1.1/jsr311-api-1.1.1.jar:/home/runner/.m2/repository/com/sun/jersey/jersey-server/1.19.4/jersey-server-1.19.4.jar:/home/runner/.m2/repository/org/apache/hadoop/hadoop-common/3.3.6/hadoop-common-3.3.6.jar:/home/runner/.m2/repository/org/apache/commons/commons-math3/3.6.1/commons-math3-3.6.1.jar:/home/runner/.m2/repository/commons-net/commons-net/3.11.1/commons-net-3.11.1.jar:/home/runner/.m2/repository/com/sun/jersey/jersey-servlet/1.19.4/jersey-servlet-1.19.4.jar:/home/runner/.m2/repository/com/github/pjfanning/jersey-json/1.20/jersey-json-1.20.jar:/home/runner/.m2/repository/org/codehaus/jettison/jettison/1.1/jettison-1.1.jar:/home/runner/.m2/repository/com/sun/xml/bind/jaxb-impl/2.2.3-1/jaxb-impl-2.2.3-1.jar:/home/runner/.m2/repository/com/google/re2j/re2j/1.7/re2j-1.7.jar:/home/runner/.m2/repository/com/jcraft/jsch/0.1.55/jsch-0.1.55.jar:/home/runner/.m2/repository/org/apache/curator/curator-client/4.2.0/curator-client-4.2.0.jar:/home/runner/.m2/repository/org/apache/curator/curator-recipes/5.2.0/curator-recipes-5.2.0.jar:/home/runner/.m2/repository/com/google/code/findbugs/jsr305/3.0.2/jsr305-3.0.2.jar:/home/runner/.m2/repository/dnsjava/dnsjava/2.1.9/dnsjava-2.1.9.jar:/home/runner/.m2/repository/org/apache/hadoop/hadoop-kms/3.3.6/hadoop-kms-3.3.6-tests.jar:/home/runner/work/ozone/ozone/hadoop-hdds/server-scm/target/hdds-server-scm-1.5.0-SNAPSHOT-tests.jar:/home/runner/work/ozone/ozone/hadoop-hdds/container-service/target/hdds-container-service-1.5.0-SNAPSHOT-tests.jar:/home/runner/.m2/repository/com/github/luben/zstd-jni/1.5.6-3/zstd-jni-1.5.6-3.jar:/home/runner/.m2/repository/io/netty/netty-buffer/4.1.109.Final/netty-buffer-4.1.109.Final.jar:/home/runner/.m2/repository/io/netty/netty-common/4.1.109.Final/netty-common-4.1.109.Final.jar:/home/runner/.m2/repository/io/netty/netty-codec/4.1.109.Final/netty-codec-4.1.109.Final.jar:/home/runner/.m2/repository/io/netty/netty-handler/4.1.109.Final/netty-handler-4.1.109.Final.jar:/home/runner/work/ozone/ozone/hadoop-hdds/hadoop-dependency-test/target/hdds-hadoop-dependency-test-1.5.0-SNAPSHOT.jar:/home/runner/.m2/repository/org/apache/hadoop/hadoop-common/3.3.6/hadoop-common-3.3.6-tests.jar:/home/runner/.m2/repository/org/apache/hadoop/hadoop-hdfs/3.3.6/hadoop-hdfs-3.3.6-tests.jar:/home/runner/.m2/repository/org/junit/jupiter/junit-jupiter-engine/5.10.3/junit-jupiter-engine-5.10.3.jar:/home/runner/.m2/repository/org/junit/jupiter/junit-jupiter-params/5.10.3/junit-jupiter-params-5.10.3.jar:/home/runner/.m2/repository/org/mockito/mockito-core/4.11.0/mockito-core-4.11.0.jar:/home/runner/.m2/repository/net/bytebuddy/byte-buddy-agent/1.12.19/byte-buddy-agent-1.12.19.jar:/home/runner/.m2/repository/org/objenesis/objenesis/3.3/objenesis-3.3.jar:/home/runner/.m2/repository/org/mockito/mockito-inline/4.11.0/mockito-inline-4.11.0.jar:/home/runner/.m2/repository/org/mockito/mockito-junit-jupiter/4.11.0/mockito-junit-jupiter-4.11.0.jar:/home/runner/.m2/repository/org/apache/hadoop/hadoop-distcp/3.3.6/hadoop-distcp-3.3.6.jar:/home/runner/.m2/repository/org/apache/hadoop/hadoop-mapreduce-client-jobclient/3.3.6/hadoop-mapreduce-client-jobclient-3.3.6.jar:/home/runner/.m2/repository/org/apache/hadoop/hadoop-mapreduce-client-common/3.3.6/hadoop-mapreduce-client-common-3.3.6.jar:/home/runner/.m2/repository/org/apache/hadoop/hadoop-yarn-common/3.3.6/hadoop-yarn-common-3.3.6.jar:/home/runner/.m2/repository/org/apache/hadoop/hadoop-yarn-api/3.3.6/hadoop-yarn-api-3.3.6.jar:/home/runner/.m2/repository/javax/xml/bind/jaxb-api/2.2.11/jaxb-api-2.2.11.jar:/home/runner/.m2/repository/com/sun/jersey/contribs/jersey-guice/1.19.4/jersey-guice-1.19.4.jar:/home/runner/.m2/repository/com/fasterxml/jackson/jaxrs/jackson-jaxrs-json-provider/2.16.2/jackson-jaxrs-json-provider-2.16.2.jar:/home/runner/.m2/repository/com/fasterxml/jackson/jaxrs/jackson-jaxrs-base/2.16.2/jackson-jaxrs-base-2.16.2.jar:/home/runner/.m2/repository/org/apache/hadoop/hadoop-yarn-client/3.3.6/hadoop-yarn-client-3.3.6.jar:/home/runner/.m2/repository/org/eclipse/jetty/websocket/websocket-client/9.4.51.v20230217/websocket-client-9.4.51.v20230217.jar:/home/runner/.m2/repository/org/eclipse/jetty/websocket/websocket-common/9.4.51.v20230217/websocket-common-9.4.51.v20230217.jar:/home/runner/.m2/repository/org/eclipse/jetty/websocket/websocket-api/9.4.51.v20230217/websocket-api-9.4.51.v20230217.jar:/home/runner/.m2/repository/org/jline/jline/3.9.0/jline-3.9.0.jar:/home/runner/.m2/repository/org/apache/hadoop/hadoop-mapreduce-client-core/3.3.6/hadoop-mapreduce-client-core-3.3.6.jar:/home/runner/.m2/repository/org/apache/avro/avro/1.7.7/avro-1.7.7.jar:/home/runner/.m2/repository/com/thoughtworks/paranamer/paranamer/2.3/paranamer-2.3.jar:/home/runner/.m2/repository/org/apache/hadoop/hadoop-annotations/3.3.6/hadoop-annotations-3.3.6.jar:/home/runner/.m2/repository/io/netty/netty/3.10.6.Final/netty-3.10.6.Final.jar:/home/runner/.m2/repository/org/apache/hadoop/hadoop-distcp/3.3.6/hadoop-distcp-3.3.6-tests.jar:/home/runner/.m2/repository/org/hamcrest/hamcrest/2.2/hamcrest-2.2.jar:/home/runner/.m2/repository/org/slf4j/jul-to-slf4j/2.0.15/jul-to-slf4j-2.0.15.jar:/home/runner/work/ozone/ozone/hadoop-ozone/integration-test/target/gradle-enterprise/test-listeners.jar:"/>
    <property name="sun.cpu.endian" value="little"/>
    <property name="user.home" value="/home/runner"/>
    <property name="user.language" value="en"/>
    <property name="java.specification.vendor" value="Oracle Corporation"/>
    <property name="java.version.date" value="2024-07-16"/>
    <property name="java.home" value="/usr/lib/jvm/temurin-17-jdk-amd64"/>
    <property name="java.security.krb5.conf" value="/home/runner/work/ozone/ozone/hadoop-ozone/integration-test/target/test-classes/krb5.conf"/>
    <property name="file.separator" value="/"/>
    <property name="basedir" value="/home/runner/work/ozone/ozone/hadoop-ozone/integration-test"/>
    <property name="java.vm.compressedOopsMode" value="Zero based"/>
    <property name="line.separator" value="&#10;"/>
    <property name="java.vm.specification.vendor" value="Oracle Corporation"/>
    <property name="java.specification.name" value="Java Platform API Specification"/>
    <property name="skip.installnpx" value="true"/>
    <property name="surefire.real.class.path" value="/home/runner/work/ozone/ozone/hadoop-ozone/integration-test/target/surefire/surefirebooter4322278929159540565.jar"/>
    <property name="hadoop.log.dir" value="/home/runner/work/ozone/ozone/hadoop-ozone/integration-test/target/log"/>
    <property name="sun.management.compiler" value="HotSpot 64-Bit Tiered Compilers"/>
    <property name="java.runtime.version" value="17.0.12+7"/>
    <property name="skip.npx" value="true"/>
    <property name="user.name" value="runner"/>
    <property name="java.net.preferIPv4Stack" value="true"/>
    <property name="path.separator" value=":"/>
    <property name="java.security.egd" value="file:///dev/urandom"/>
    <property name="os.version" value="5.15.0-1070-azure"/>
    <property name="java.runtime.name" value="OpenJDK Runtime Environment"/>
    <property name="com.gradle.maven.scan.extension.test.listener.junitplatform.NestedExecutionSafeDelegatingTestExecutionListener" value="1e683a3e"/>
    <property name="file.encoding" value="UTF-8"/>
    <property name="java.vm.name" value="OpenJDK 64-Bit Server VM"/>
    <property name="java.vendor.version" value="Temurin-17.0.12+7"/>
    <property name="test.build.webapps" value=""/>
    <property name="develocity.listener.surefire.forkId" value="1"/>
    <property name="localRepository" value="/home/runner/.m2/repository"/>
    <property name="java.vendor.url.bug" value="https://github.com/adoptium/adoptium-support/issues"/>
    <property name="jetty.git.hash" value="70015831e5195ba74da6383c4ab7c90c56bb08af"/>
    <property name="java.io.tmpdir" value="/tmp"/>
    <property name="require.test.libhadoop" value=""/>
    <property name="java.version" value="17.0.12"/>
    <property name="user.dir" value="/home/runner/work/ozone/ozone/hadoop-ozone/integration-test"/>
    <property name="os.arch" value="amd64"/>
    <property name="java.vm.specification.name" value="Java Virtual Machine Specification"/>
    <property name="test.build.classes" value="/home/runner/work/ozone/ozone/hadoop-ozone/integration-test/target/test-classes"/>
    <property name="org.apache.ratis.thirdparty.io.netty.allocator.useCacheForAllThreads" value="false"/>
    <property name="native.encoding" value="UTF-8"/>
    <property name="hadoop.tmp.dir" value="/home/runner/work/ozone/ozone/hadoop-ozone/integration-test/target/tmp"/>
    <property name="java.library.path" value="/usr/java/packages/lib:/usr/lib64:/lib64:/lib:/usr/lib"/>
    <property name="java.vm.info" value="mixed mode, sharing"/>
    <property name="java.vendor" value="Eclipse Adoptium"/>
    <property name="java.vm.version" value="17.0.12+7"/>
    <property name="sun.io.unicode.encoding" value="UnicodeLittle"/>
    <property name="develocity.listener.port" value="34163"/>
    <property name="java.class.version" value="61.0"/>
  </properties>
  <testcase name="test2DatanodesFailure(boolean, boolean)[1]" classname="org.apache.hadoop.ozone.client.rpc.TestBlockOutputStreamWithFailures" time="64.704"/>
  <testcase name="test2DatanodesFailure(boolean, boolean)[2]" classname="org.apache.hadoop.ozone.client.rpc.TestBlockOutputStreamWithFailures" time="47.501"/>
  <testcase name="test2DatanodesFailure(boolean, boolean)[3]" classname="org.apache.hadoop.ozone.client.rpc.TestBlockOutputStreamWithFailures" time="42.521"/>
  <testcase name="test2DatanodesFailure(boolean, boolean)[4]" classname="org.apache.hadoop.ozone.client.rpc.TestBlockOutputStreamWithFailures" time="32.33"/>
  <testcase name="testDatanodeFailureWithPreAllocation(boolean, boolean)[1]" classname="org.apache.hadoop.ozone.client.rpc.TestBlockOutputStreamWithFailures" time="67.664"/>
  <testcase name="testDatanodeFailureWithPreAllocation(boolean, boolean)[2]" classname="org.apache.hadoop.ozone.client.rpc.TestBlockOutputStreamWithFailures" time="71.308"/>
  <testcase name="testDatanodeFailureWithPreAllocation(boolean, boolean)[3]" classname="org.apache.hadoop.ozone.client.rpc.TestBlockOutputStreamWithFailures" time="73.316"/>
  <testcase name="testDatanodeFailureWithPreAllocation(boolean, boolean)[4]" classname="org.apache.hadoop.ozone.client.rpc.TestBlockOutputStreamWithFailures" time="75.438"/>
  <testcase name="testContainerClose(boolean, boolean)[1]" classname="org.apache.hadoop.ozone.client.rpc.TestBlockOutputStreamWithFailures" time="33.879"/>
  <testcase name="testContainerClose(boolean, boolean)[2]" classname="org.apache.hadoop.ozone.client.rpc.TestBlockOutputStreamWithFailures" time="22.449">
    <failure type="org.opentest4j.AssertionFailedError"><![CDATA[org.opentest4j.AssertionFailedError: expected: <4> but was: <3>
	at org.junit.jupiter.api.AssertionFailureBuilder.build(AssertionFailureBuilder.java:151)
	at org.junit.jupiter.api.AssertionFailureBuilder.buildAndThrow(AssertionFailureBuilder.java:132)
	at org.junit.jupiter.api.AssertEquals.failNotEqual(AssertEquals.java:197)
	at org.junit.jupiter.api.AssertEquals.assertEquals(AssertEquals.java:150)
	at org.junit.jupiter.api.AssertEquals.assertEquals(AssertEquals.java:145)
	at org.junit.jupiter.api.Assertions.assertEquals(Assertions.java:531)
	at org.apache.hadoop.ozone.client.rpc.TestBlockOutputStreamWithFailures.testWriteMoreThanMaxFlushSize(TestBlockOutputStreamWithFailures.java:388)
	at org.apache.hadoop.ozone.client.rpc.TestBlockOutputStreamWithFailures.testContainerClose(TestBlockOutputStreamWithFailures.java:101)
	at java.base/java.lang.reflect.Method.invoke(Method.java:569)
	at java.base/java.util.stream.ForEachOps$ForEachOp$OfRef.accept(ForEachOps.java:183)
	at java.base/java.util.stream.ReferencePipeline$3$1.accept(ReferencePipeline.java:197)
	at java.base/java.util.stream.ReferencePipeline$2$1.accept(ReferencePipeline.java:179)
	at java.base/java.util.stream.ReferencePipeline$3$1.accept(ReferencePipeline.java:197)
	at java.base/java.util.stream.ForEachOps$ForEachOp$OfRef.accept(ForEachOps.java:183)
	at java.base/java.util.stream.ReferencePipeline$3$1.accept(ReferencePipeline.java:197)
	at java.base/java.util.stream.ReferencePipeline$3$1.accept(ReferencePipeline.java:197)
	at java.base/java.util.stream.ReferencePipeline$3$1.accept(ReferencePipeline.java:197)
	at java.base/java.util.stream.ForEachOps$ForEachOp$OfRef.accept(ForEachOps.java:183)
	at java.base/java.util.stream.ReferencePipeline$3$1.accept(ReferencePipeline.java:197)
	at java.base/java.util.Spliterators$ArraySpliterator.forEachRemaining(Spliterators.java:992)
	at java.base/java.util.stream.ReferencePipeline$Head.forEach(ReferencePipeline.java:762)
	at java.base/java.util.stream.ReferencePipeline$7$1.accept(ReferencePipeline.java:276)
	at java.base/java.util.stream.ReferencePipeline$3$1.accept(ReferencePipeline.java:197)
	at java.base/java.util.stream.ReferencePipeline$3$1.accept(ReferencePipeline.java:197)
	at java.base/java.util.stream.ReferencePipeline$3$1.accept(ReferencePipeline.java:197)
	at java.base/java.util.Spliterators$ArraySpliterator.forEachRemaining(Spliterators.java:992)
	at java.base/java.util.stream.AbstractPipeline.copyInto(AbstractPipeline.java:509)
	at java.base/java.util.stream.AbstractPipeline.wrapAndCopyInto(AbstractPipeline.java:499)
	at java.base/java.util.stream.ForEachOps$ForEachOp.evaluateSequential(ForEachOps.java:150)
	at java.base/java.util.stream.ForEachOps$ForEachOp$OfRef.evaluateSequential(ForEachOps.java:173)
	at java.base/java.util.stream.AbstractPipeline.evaluate(AbstractPipeline.java:234)
	at java.base/java.util.stream.ReferencePipeline.forEach(ReferencePipeline.java:596)
	at java.base/java.util.stream.ReferencePipeline$7$1.accept(ReferencePipeline.java:276)
	at java.base/java.util.stream.ReferencePipeline$3$1.accept(ReferencePipeline.java:197)
	at java.base/java.util.stream.ReferencePipeline$3$1.accept(ReferencePipeline.java:197)
	at java.base/java.util.stream.ReferencePipeline$3$1.accept(ReferencePipeline.java:197)
	at java.base/java.util.ArrayList$ArrayListSpliterator.forEachRemaining(ArrayList.java:1625)
	at java.base/java.util.stream.AbstractPipeline.copyInto(AbstractPipeline.java:509)
	at java.base/java.util.stream.AbstractPipeline.wrapAndCopyInto(AbstractPipeline.java:499)
	at java.base/java.util.stream.ForEachOps$ForEachOp.evaluateSequential(ForEachOps.java:150)
	at java.base/java.util.stream.ForEachOps$ForEachOp$OfRef.evaluateSequential(ForEachOps.java:173)
	at java.base/java.util.stream.AbstractPipeline.evaluate(AbstractPipeline.java:234)
	at java.base/java.util.stream.ReferencePipeline.forEach(ReferencePipeline.java:596)
	at java.base/java.util.stream.ReferencePipeline$7$1.accept(ReferencePipeline.java:276)
	at java.base/java.util.ArrayList$ArrayListSpliterator.forEachRemaining(ArrayList.java:1625)
	at java.base/java.util.stream.AbstractPipeline.copyInto(AbstractPipeline.java:509)
	at java.base/java.util.stream.AbstractPipeline.wrapAndCopyInto(AbstractPipeline.java:499)
	at java.base/java.util.stream.ForEachOps$ForEachOp.evaluateSequential(ForEachOps.java:150)
	at java.base/java.util.stream.ForEachOps$ForEachOp$OfRef.evaluateSequential(ForEachOps.java:173)
	at java.base/java.util.stream.AbstractPipeline.evaluate(AbstractPipeline.java:234)
	at java.base/java.util.stream.ReferencePipeline.forEach(ReferencePipeline.java:596)
	at java.base/java.util.ArrayList.forEach(ArrayList.java:1511)
	at java.base/java.util.ArrayList.forEach(ArrayList.java:1511)
	Suppressed: java.lang.AssertionError: Found 3 leaked objects, check logs
		at org.apache.hadoop.hdds.utils.db.CodecBuffer.assertNoLeaks(CodecBuffer.java:232)
		at org.apache.hadoop.hdds.utils.db.CodecTestUtil.gc(CodecTestUtil.java:54)
		at org.apache.hadoop.ozone.MiniOzoneClusterImpl.shutdown(MiniOzoneClusterImpl.java:411)
		at org.apache.hadoop.ozone.client.rpc.TestBlockOutputStreamWithFailures.shutdown(TestBlockOutputStreamWithFailures.java:81)
		... 45 more
]]></failure>
    <system-out><![CDATA[2024-08-15 10:19:05,423 [main] WARN  server.ServerUtils (ServerUtils.java:getScmDbDir(143)) - ozone.scm.db.dirs is not configured. We recommend adding this setting. Falling back to ozone.metadata.dirs instead.
2024-08-15 10:19:05,427 [main] WARN  server.ServerUtils (ServerUtils.java:getScmDbDir(143)) - ozone.scm.db.dirs is not configured. We recommend adding this setting. Falling back to ozone.metadata.dirs instead.
2024-08-15 10:19:05,427 [main] INFO  ha.SCMHANodeDetails (SCMHANodeDetails.java:loadSCMHAConfig(207)) - ServiceID for StorageContainerManager is null
2024-08-15 10:19:05,427 [main] INFO  ha.SCMHANodeDetails (SCMHANodeDetails.java:loadSCMHAConfig(212)) - ozone.scm.default.service.id is not defined, falling back to ozone.scm.service.ids to find serviceID for StorageContainerManager if it is HA enabled cluster
2024-08-15 10:19:05,428 [main] WARN  utils.HAUtils (HAUtils.java:getMetaDir(339)) - ozone.scm.db.dirs is not configured. We recommend adding this setting. Falling back to ozone.metadata.dirs instead.
2024-08-15 10:19:05,428 [main] WARN  db.DBStoreBuilder (DBStoreBuilder.java:applyDBDefinition(171)) - ozone.scm.db.dirs is not configured. We recommend adding this setting. Falling back to ozone.metadata.dirs instead.
2024-08-15 10:19:05,482 [main] INFO  net.NodeSchemaLoader (NodeSchemaLoader.java:loadSchemaFromFile(129)) - Loading schema from [jar:file:/home/runner/work/ozone/ozone/hadoop-hdds/common/target/hdds-common-1.5.0-SNAPSHOT.jar!/network-topology-default.xml]
2024-08-15 10:19:05,482 [main] INFO  net.NodeSchemaLoader (NodeSchemaLoader.java:loadSchema(176)) - Loading network topology layer schema file
2024-08-15 10:19:05,484 [main] INFO  upgrade.AbstractLayoutVersionManager (AbstractLayoutVersionManager.java:init(83)) - Initializing Layout version manager with metadata layout = HBASE_SUPPORT (version = 8), software layout = HBASE_SUPPORT (version = 8)
2024-08-15 10:19:05,485 [main] INFO  ha.SequenceIdGenerator (SequenceIdGenerator.java:upgradeToSequenceId(369)) - upgrade localId to 113750153625600000
2024-08-15 10:19:05,486 [main] INFO  ha.SequenceIdGenerator (SequenceIdGenerator.java:upgradeToSequenceId(379)) - upgrade delTxnId to 0
2024-08-15 10:19:05,487 [main] INFO  ha.SequenceIdGenerator (SequenceIdGenerator.java:upgradeToSequenceId(396)) - upgrade containerId to 0
2024-08-15 10:19:05,488 [main] INFO  ha.SequenceIdGenerator (SequenceIdGenerator.java:upgradeToCertificateSequenceId(433)) - upgrade CertificateId to 2
2024-08-15 10:19:05,488 [main] INFO  ha.SequenceIdGenerator (SequenceIdGenerator.java:<init>(240)) - Init the HA SequenceIdGenerator.
2024-08-15 10:19:05,488 [main] INFO  node.SCMNodeManager (SCMNodeManager.java:<init>(178)) - Entering startup safe mode.
2024-08-15 10:19:05,488 [main] INFO  algorithms.ContainerPlacementPolicyFactory (ContainerPlacementPolicyFactory.java:getPolicyInternal(86)) - Create container placement policy of type org.apache.hadoop.hdds.scm.container.placement.algorithms.SCMContainerPlacementRackAware
2024-08-15 10:19:05,489 [main] INFO  algorithms.ContainerPlacementPolicyFactory (ContainerPlacementPolicyFactory.java:getPolicyInternal(86)) - Create container placement policy of type org.apache.hadoop.hdds.scm.container.placement.algorithms.SCMContainerPlacementRackScatter
2024-08-15 10:19:05,489 [main] INFO  pipeline.PipelineStateManagerImpl (PipelineStateManagerImpl.java:initialize(78)) - No pipeline exists in current db
2024-08-15 10:19:05,489 [main] INFO  algorithms.LeaderChoosePolicyFactory (LeaderChoosePolicyFactory.java:getPolicy(57)) - Create leader choose policy of type org.apache.hadoop.hdds.scm.pipeline.leader.choose.algorithms.MinLeaderCountChoosePolicy
2024-08-15 10:19:05,489 [main] INFO  algorithms.ContainerPlacementPolicyFactory (ContainerPlacementPolicyFactory.java:getPolicyInternal(86)) - Create container placement policy of type org.apache.hadoop.hdds.scm.container.placement.algorithms.SCMContainerPlacementRackScatter
2024-08-15 10:19:05,490 [main] INFO  ha.SCMServiceManager (SCMServiceManager.java:register(42)) - Registering service BackgroundPipelineCreator.
2024-08-15 10:19:05,490 [main] INFO  pipeline.BackgroundPipelineCreator (BackgroundPipelineCreator.java:start(127)) - Starting RatisPipelineUtilsThread.
2024-08-15 10:19:05,490 [main] INFO  BackgroundPipelineScrubber (BackgroundSCMService.java:start(65)) - Starting BackgroundPipelineScrubber Service.
2024-08-15 10:19:05,490 [main] INFO  ha.SCMServiceManager (SCMServiceManager.java:register(42)) - Registering service BackgroundPipelineScrubber.
2024-08-15 10:19:05,490 [main] INFO  ExpiredContainerReplicaOpScrubber (BackgroundSCMService.java:start(65)) - Starting ExpiredContainerReplicaOpScrubber Service.
2024-08-15 10:19:05,491 [main] INFO  ha.SCMServiceManager (SCMServiceManager.java:register(42)) - Registering service ExpiredContainerReplicaOpScrubber.
2024-08-15 10:19:05,491 [main] INFO  algorithms.PipelineChoosePolicyFactory (PipelineChoosePolicyFactory.java:createPipelineChoosePolicyFromClass(80)) - Create pipeline choose policy of type org.apache.hadoop.hdds.scm.pipeline.choose.algorithms.RandomPipelineChoosePolicy
2024-08-15 10:19:05,491 [main] INFO  algorithms.PipelineChoosePolicyFactory (PipelineChoosePolicyFactory.java:createPipelineChoosePolicyFromClass(80)) - Create pipeline choose policy of type org.apache.hadoop.hdds.scm.pipeline.choose.algorithms.RandomPipelineChoosePolicy
2024-08-15 10:19:05,492 [main] INFO  ha.SCMServiceManager (SCMServiceManager.java:register(42)) - Registering service SCMBlockDeletingService.
2024-08-15 10:19:05,492 [main] INFO  replication.ReplicationManager (ReplicationManager.java:start(296)) - Starting Replication Monitor Thread.
2024-08-15 10:19:05,493 [main] INFO  ha.SCMServiceManager (SCMServiceManager.java:register(42)) - Registering service ReplicationManager.
2024-08-15 10:19:05,493 [ReplicationMonitor] INFO  replication.ReplicationManager (ReplicationManager.java:processAll(373)) - Replication Manager is not ready to run until 3000ms after safemode exit
2024-08-15 10:19:05,493 [main] INFO  safemode.ContainerSafeModeRule (ContainerSafeModeRule.java:<init>(91)) - containers with one replica threshold count 0
2024-08-15 10:19:05,493 [main] INFO  safemode.HealthyPipelineSafeModeRule (HealthyPipelineSafeModeRule.java:initializeRule(176)) - Total pipeline count is 0, healthy pipeline threshold count is 1
2024-08-15 10:19:05,493 [main] INFO  safemode.OneReplicaPipelineSafeModeRule (OneReplicaPipelineSafeModeRule.java:initializeRule(193)) - Total pipeline count is 0, pipeline's with at least one datanode reported threshold count is 0
2024-08-15 10:19:05,494 [main] INFO  server.StorageContainerManager (StorageContainerManager.java:<init>(442)) - SCM start with adminUsers: [runner]
2024-08-15 10:19:05,494 [main] INFO  ipc.CallQueueManager (CallQueueManager.java:<init>(90)) - Using callQueue: class java.util.concurrent.LinkedBlockingQueue, queueCapacity: 10000, scheduler: class org.apache.hadoop.ipc.DefaultRpcScheduler, ipcBackoff: false.
2024-08-15 10:19:05,494 [main] INFO  ipc.Server (Server.java:<init>(1287)) - Listener at 0.0.0.0:15479
2024-08-15 10:19:05,494 [Socket Reader #1 for port 15479] INFO  ipc.Server (Server.java:run(1323)) - Starting Socket Reader #1 for port 15479
2024-08-15 10:19:05,495 [Socket Reader #2 for port 15479] INFO  ipc.Server (Server.java:run(1323)) - Starting Socket Reader #2 for port 15479
2024-08-15 10:19:05,495 [Socket Reader #3 for port 15479] INFO  ipc.Server (Server.java:run(1323)) - Starting Socket Reader #3 for port 15479
2024-08-15 10:19:05,495 [Socket Reader #4 for port 15479] INFO  ipc.Server (Server.java:run(1323)) - Starting Socket Reader #4 for port 15479
2024-08-15 10:19:05,495 [Socket Reader #5 for port 15479] INFO  ipc.Server (Server.java:run(1323)) - Starting Socket Reader #5 for port 15479
2024-08-15 10:19:05,495 [Socket Reader #6 for port 15479] INFO  ipc.Server (Server.java:run(1323)) - Starting Socket Reader #6 for port 15479
2024-08-15 10:19:05,495 [Socket Reader #7 for port 15479] INFO  ipc.Server (Server.java:run(1323)) - Starting Socket Reader #7 for port 15479
2024-08-15 10:19:05,495 [Socket Reader #8 for port 15479] INFO  ipc.Server (Server.java:run(1323)) - Starting Socket Reader #8 for port 15479
2024-08-15 10:19:05,495 [Socket Reader #9 for port 15479] INFO  ipc.Server (Server.java:run(1323)) - Starting Socket Reader #9 for port 15479
2024-08-15 10:19:05,496 [Socket Reader #10 for port 15479] INFO  ipc.Server (Server.java:run(1323)) - Starting Socket Reader #10 for port 15479
2024-08-15 10:19:05,496 [main] INFO  ipc.CallQueueManager (CallQueueManager.java:<init>(90)) - Using callQueue: class java.util.concurrent.LinkedBlockingQueue, queueCapacity: 10000, scheduler: class org.apache.hadoop.ipc.DefaultRpcScheduler, ipcBackoff: false.
2024-08-15 10:19:05,496 [main] INFO  ipc.Server (Server.java:<init>(1287)) - Listener at 0.0.0.0:15478
2024-08-15 10:19:05,497 [Socket Reader #1 for port 15478] INFO  ipc.Server (Server.java:run(1323)) - Starting Socket Reader #1 for port 15478
2024-08-15 10:19:05,497 [Socket Reader #2 for port 15478] INFO  ipc.Server (Server.java:run(1323)) - Starting Socket Reader #2 for port 15478
2024-08-15 10:19:05,497 [Socket Reader #3 for port 15478] INFO  ipc.Server (Server.java:run(1323)) - Starting Socket Reader #3 for port 15478
2024-08-15 10:19:05,497 [Socket Reader #4 for port 15478] INFO  ipc.Server (Server.java:run(1323)) - Starting Socket Reader #4 for port 15478
2024-08-15 10:19:05,497 [Socket Reader #5 for port 15478] INFO  ipc.Server (Server.java:run(1323)) - Starting Socket Reader #5 for port 15478
2024-08-15 10:19:05,497 [Socket Reader #6 for port 15478] INFO  ipc.Server (Server.java:run(1323)) - Starting Socket Reader #6 for port 15478
2024-08-15 10:19:05,497 [Socket Reader #7 for port 15478] INFO  ipc.Server (Server.java:run(1323)) - Starting Socket Reader #7 for port 15478
2024-08-15 10:19:05,497 [Socket Reader #8 for port 15478] INFO  ipc.Server (Server.java:run(1323)) - Starting Socket Reader #8 for port 15478
2024-08-15 10:19:05,498 [Socket Reader #9 for port 15478] INFO  ipc.Server (Server.java:run(1323)) - Starting Socket Reader #9 for port 15478
2024-08-15 10:19:05,498 [Socket Reader #10 for port 15478] INFO  ipc.Server (Server.java:run(1323)) - Starting Socket Reader #10 for port 15478
2024-08-15 10:19:05,498 [main] INFO  ipc.CallQueueManager (CallQueueManager.java:<init>(90)) - Using callQueue: class java.util.concurrent.LinkedBlockingQueue, queueCapacity: 10000, scheduler: class org.apache.hadoop.ipc.DefaultRpcScheduler, ipcBackoff: false.
2024-08-15 10:19:05,498 [main] INFO  ipc.Server (Server.java:<init>(1287)) - Listener at 0.0.0.0:15477
2024-08-15 10:19:05,499 [Socket Reader #1 for port 15477] INFO  ipc.Server (Server.java:run(1323)) - Starting Socket Reader #1 for port 15477
2024-08-15 10:19:05,499 [Socket Reader #2 for port 15477] INFO  ipc.Server (Server.java:run(1323)) - Starting Socket Reader #2 for port 15477
2024-08-15 10:19:05,499 [Socket Reader #3 for port 15477] INFO  ipc.Server (Server.java:run(1323)) - Starting Socket Reader #3 for port 15477
2024-08-15 10:19:05,499 [Socket Reader #4 for port 15477] INFO  ipc.Server (Server.java:run(1323)) - Starting Socket Reader #4 for port 15477
2024-08-15 10:19:05,499 [Socket Reader #5 for port 15477] INFO  ipc.Server (Server.java:run(1323)) - Starting Socket Reader #5 for port 15477
2024-08-15 10:19:05,499 [Socket Reader #6 for port 15477] INFO  ipc.Server (Server.java:run(1323)) - Starting Socket Reader #6 for port 15477
2024-08-15 10:19:05,499 [Socket Reader #7 for port 15477] INFO  ipc.Server (Server.java:run(1323)) - Starting Socket Reader #7 for port 15477
2024-08-15 10:19:05,499 [Socket Reader #8 for port 15477] INFO  ipc.Server (Server.java:run(1323)) - Starting Socket Reader #8 for port 15477
2024-08-15 10:19:05,500 [Socket Reader #9 for port 15477] INFO  ipc.Server (Server.java:run(1323)) - Starting Socket Reader #9 for port 15477
2024-08-15 10:19:05,500 [Socket Reader #10 for port 15477] INFO  ipc.Server (Server.java:run(1323)) - Starting Socket Reader #10 for port 15477
2024-08-15 10:19:05,502 [main] INFO  ha.SCMServiceManager (SCMServiceManager.java:register(42)) - Registering service ContainerBalancer.
2024-08-15 10:19:05,502 [main] INFO  ha.SCMContext (SCMContext.java:updateSafeModeStatus(225)) - Update SafeModeStatus from SafeModeStatus{safeModeStatus=true, preCheckPassed=false} to SafeModeStatus{safeModeStatus=true, preCheckPassed=false}.
2024-08-15 10:19:05,502 [main] INFO  server.StorageContainerManager (StorageContainerManager.java:start(1543)) - StorageContainerLocationProtocol RPC server is listening at /0.0.0.0:15477
2024-08-15 10:19:05,503 [main] WARN  impl.MetricsConfig (MetricsConfig.java:loadFirst(136)) - Cannot locate configuration: tried hadoop-metrics2-storagecontainermanager.properties,hadoop-metrics2.properties
2024-08-15 10:19:05,503 [main] INFO  impl.MetricsSystemImpl (MetricsSystemImpl.java:startTimer(378)) - Scheduled Metric snapshot period at 10 second(s).
2024-08-15 10:19:05,503 [main] INFO  impl.MetricsSystemImpl (MetricsSystemImpl.java:start(191)) - StorageContainerManager metrics system started
2024-08-15 10:19:05,522 [main] INFO  impl.MetricsSinkAdapter (MetricsSinkAdapter.java:start(204)) - Sink prometheus started
2024-08-15 10:19:05,522 [main] INFO  impl.MetricsSystemImpl (MetricsSystemImpl.java:registerSink(305)) - Registered sink prometheus
2024-08-15 10:19:05,537 [main] INFO  server.SCMClientProtocolServer (SCMClientProtocolServer.java:start(213)) - RPC server for Client  is listening at /0.0.0.0:15477
2024-08-15 10:19:05,537 [IPC Server Responder] INFO  ipc.Server (Server.java:run(1562)) - IPC Server Responder: starting
2024-08-15 10:19:05,537 [IPC Server listener on 15477] INFO  ipc.Server (Server.java:run(1402)) - IPC Server listener on 15477: starting
2024-08-15 10:19:05,548 [main] INFO  server.StorageContainerManager (StorageContainerManager.java:start(1556)) - ScmBlockLocationProtocol RPC server is listening at /0.0.0.0:15478
2024-08-15 10:19:05,548 [main] INFO  server.SCMBlockProtocolServer (SCMBlockProtocolServer.java:start(172)) - RPC server for Block Protocol is listening at /0.0.0.0:15478
2024-08-15 10:19:05,549 [IPC Server Responder] INFO  ipc.Server (Server.java:run(1562)) - IPC Server Responder: starting
2024-08-15 10:19:05,550 [IPC Server listener on 15478] INFO  ipc.Server (Server.java:run(1402)) - IPC Server listener on 15478: starting
2024-08-15 10:19:05,562 [main] INFO  server.SCMDatanodeProtocolServer (SCMDatanodeProtocolServer.java:start(199)) - ScmDatanodeProtocol RPC server for DataNodes is listening at /0.0.0.0:15479
2024-08-15 10:19:05,563 [IPC Server Responder] INFO  ipc.Server (Server.java:run(1562)) - IPC Server Responder: starting
2024-08-15 10:19:05,565 [IPC Server listener on 15479] INFO  ipc.Server (Server.java:run(1402)) - IPC Server listener on 15479: starting
2024-08-15 10:19:05,576 [JvmPauseMonitor67] INFO  util.JvmPauseMonitor (JvmPauseMonitor.java:run(146)) - JvmPauseMonitor-612f3a0c-68a8-457a-a076-d534f4cd3fba: Started
2024-08-15 10:19:05,576 [main] INFO  http.BaseHttpServer (BaseHttpServer.java:newHttpServer2BuilderForOzone(223)) - Starting Web-server for scm at: http://0.0.0.0:15480
2024-08-15 10:19:05,576 [main] INFO  http.BaseHttpServer (BaseHttpServer.java:<init>(110)) - Hadoop Security Enabled: false Ozone Security Enabled: false Ozone HTTP Security Enabled: false 
2024-08-15 10:19:05,578 [main] WARN  server.AuthenticationFilter (AuthenticationFilter.java:constructSecretProvider(240)) - Unable to initialize FileSignerSecretProvider, falling back to use random secrets. Reason: Could not read signature secret file: /home/runner/hadoop-http-auth-signature-secret
2024-08-15 10:19:05,578 [main] INFO  http.HttpRequestLog (HttpRequestLog.java:getRequestLog(86)) - Http request log for http.requests.scm is not defined
2024-08-15 10:19:05,579 [main] INFO  http.HttpServer2 (HttpServer2.java:addGlobalFilter(1035)) - Added global filter 'safety' (class=org.apache.hadoop.hdds.server.http.HttpServer2$QuotingInputFilter)
2024-08-15 10:19:05,579 [main] INFO  http.HttpServer2 (HttpServer2.java:addFilter(1011)) - Added filter static_user_filter (class=org.apache.hadoop.http.lib.StaticUserWebFilter$StaticUserFilter) to context scm
2024-08-15 10:19:05,579 [main] INFO  http.HttpServer2 (HttpServer2.java:addFilter(1019)) - Added filter static_user_filter (class=org.apache.hadoop.http.lib.StaticUserWebFilter$StaticUserFilter) to context logs
2024-08-15 10:19:05,579 [main] INFO  http.HttpServer2 (HttpServer2.java:addFilter(1019)) - Added filter static_user_filter (class=org.apache.hadoop.http.lib.StaticUserWebFilter$StaticUserFilter) to context static
2024-08-15 10:19:05,580 [main] INFO  http.BaseHttpServer (BaseHttpServer.java:<init>(189)) - HTTP server of scm uses base directory /home/runner/work/ozone/ozone/hadoop-ozone/integration-test/target/test-dir/MiniOzoneClusterImpl-71195f16-0443-47ad-abb9-7568f4d0400c/ozone-meta/webserver
2024-08-15 10:19:05,580 [main] INFO  http.HttpServer2 (HttpServer2.java:bindListener(1235)) - Jetty bound to port 15480
2024-08-15 10:19:05,580 [main] INFO  server.Server (Server.java:doStart(375)) - jetty-9.4.55.v20240627; built: 2024-06-27T15:05:37.765Z; git: 70015831e5195ba74da6383c4ab7c90c56bb08af; jvm 17.0.12+7
2024-08-15 10:19:05,581 [main] INFO  server.session (DefaultSessionIdManager.java:doStart(334)) - DefaultSessionIdManager workerName=node0
2024-08-15 10:19:05,582 [main] INFO  server.session (DefaultSessionIdManager.java:doStart(339)) - No SessionScavenger set, using defaults
2024-08-15 10:19:05,582 [main] INFO  server.session (HouseKeeper.java:startScavenging(132)) - node0 Scavenging every 660000ms
2024-08-15 10:19:05,582 [main] INFO  handler.ContextHandler (ContextHandler.java:doStart(921)) - Started o.e.j.s.ServletContextHandler@6c78accb{logs,/logs,file:///home/runner/work/ozone/ozone/hadoop-ozone/integration-test/target/log,AVAILABLE}
2024-08-15 10:19:05,583 [main] INFO  handler.ContextHandler (ContextHandler.java:doStart(921)) - Started o.e.j.s.ServletContextHandler@44b2e9be{static,/static,file:///home/runner/work/ozone/ozone/hadoop-ozone/integration-test/target/test-classes/webapps/static,AVAILABLE}
2024-08-15 10:19:05,587 [main] INFO  handler.ContextHandler (ContextHandler.java:doStart(921)) - Started o.e.j.w.WebAppContext@7af60b5d{scm,/,file:///home/runner/work/ozone/ozone/hadoop-ozone/integration-test/target/test-classes/webapps/scm/,AVAILABLE}{file:/home/runner/work/ozone/ozone/hadoop-ozone/integration-test/target/test-classes/webapps/scm}
2024-08-15 10:19:05,587 [main] INFO  server.AbstractConnector (AbstractConnector.java:doStart(333)) - Started ServerConnector@331f6726{HTTP/1.1, (http/1.1)}{0.0.0.0:15480}
2024-08-15 10:19:05,587 [main] INFO  server.Server (Server.java:doStart(415)) - Started @509704ms
2024-08-15 10:19:05,587 [main] WARN  impl.MetricsSystemImpl (MetricsSystemImpl.java:register(279)) - Sink prometheus already exists!
2024-08-15 10:19:05,588 [main] INFO  http.BaseHttpServer (BaseHttpServer.java:updateConnectorAddress(354)) - HTTP server of scm listening at http://0.0.0.0:15480
2024-08-15 10:19:05,588 [main] WARN  server.ServerUtils (ServerUtils.java:getDBPath(299)) - ozone.om.db.dirs is not configured. We recommend adding this setting. Falling back to ozone.metadata.dirs instead.
2024-08-15 10:19:05,590 [main] INFO  ha.OMHANodeDetails (OMHANodeDetails.java:loadOMHAConfig(115)) - ozone.om.internal.service.id is not defined, falling back to ozone.om.service.ids to find serviceID for OzoneManager if it is HA enabled cluster
2024-08-15 10:19:05,590 [main] INFO  ha.OMHANodeDetails (OMHANodeDetails.java:loadOMHAConfig(226)) - Configuration does not have ozone.om.address set. Falling back to the default OM address /127.0.0.1:15481
2024-08-15 10:19:05,590 [main] INFO  ha.OMHANodeDetails (OMHANodeDetails.java:getOMNodeDetailsForNonHA(254)) - OM Service ID is not set. Setting it to the default ID: omServiceIdDefault
2024-08-15 10:19:05,590 [main] INFO  ha.OMHANodeDetails (OMHANodeDetails.java:getOMNodeDetailsForNonHA(261)) - OM Node ID is not set. Setting it to the default ID: om1
2024-08-15 10:19:05,590 [main] WARN  server.ServerUtils (ServerUtils.java:getDBPath(299)) - ozone.om.db.dirs is not configured. We recommend adding this setting. Falling back to ozone.metadata.dirs instead.
2024-08-15 10:19:05,591 [main] INFO  upgrade.AbstractLayoutVersionManager (AbstractLayoutVersionManager.java:init(83)) - Initializing Layout version manager with metadata layout = HBASE_SUPPORT (version = 7), software layout = HBASE_SUPPORT (version = 7)
2024-08-15 10:19:05,626 [main] INFO  reflections.Reflections (Reflections.java:scan(219)) - Reflections took 34 ms to scan 2 urls, producing 188 keys and 549 values
2024-08-15 10:19:05,626 [main] INFO  upgrade.OMLayoutVersionManager (OMLayoutVersionManager.java:lambda$0(113)) - Skipping Upgrade Action QuotaRepairUpgradeAction since it has been finalized.
2024-08-15 10:19:05,626 [main] INFO  upgrade.OMLayoutVersionManager (OMLayoutVersionManager.java:lambda$0(113)) - Skipping Upgrade Action MockOmUpgradeAction since it has been finalized.
2024-08-15 10:19:05,626 [main] WARN  server.ServerUtils (ServerUtils.java:getDBPath(299)) - ozone.om.db.dirs is not configured. We recommend adding this setting. Falling back to ozone.metadata.dirs instead.
2024-08-15 10:19:05,627 [main] INFO  proxy.SCMBlockLocationFailoverProxyProvider (SCMBlockLocationFailoverProxyProvider.java:<init>(115)) - Created block location fail-over proxy with 1 nodes: [nodeId=scmNodeId,nodeAddress=/0.0.0.0:15478]
2024-08-15 10:19:05,628 [main] INFO  proxy.SCMBlockLocationFailoverProxyProvider (SCMBlockLocationFailoverProxyProvider.java:<init>(115)) - Created block location fail-over proxy with 1 nodes: [nodeId=scmNodeId,nodeAddress=/0.0.0.0:15478]
2024-08-15 10:19:05,631 [main] INFO  om.OzoneManager (OzoneManager.java:<init>(690)) - OM start with adminUsers: [runner]
2024-08-15 10:19:05,631 [main] WARN  server.ServerUtils (ServerUtils.java:getDBPath(299)) - ozone.om.db.dirs is not configured. We recommend adding this setting. Falling back to ozone.metadata.dirs instead.
2024-08-15 10:19:05,631 [main] INFO  helpers.OmKeyInfo (OmKeyInfo.java:getCodec(72)) - OmKeyInfo.getCodec ignorePipeline = true
2024-08-15 10:19:05,794 [main] INFO  om.OzoneManager (OzoneManager.java:instantiateServices(824)) - S3 Multi-Tenancy is disabled
2024-08-15 10:19:05,794 [main] INFO  om.OmSnapshotManager (OmSnapshotManager.java:<init>(180)) - Ozone filesystem snapshot feature is enabled.
2024-08-15 10:19:05,794 [main] WARN  server.ServerUtils (ServerUtils.java:getDBPath(299)) - ozone.om.snapshot.diff.db.dir is not configured. We recommend adding this setting. Falling back to ozone.metadata.dirs instead.
2024-08-15 10:19:05,812 [main] INFO  utils.NativeLibraryLoader (NativeLibraryLoader.java:loadLibrary(111)) - Loading Library: ozone_rocksdb_tools
2024-08-15 10:19:05,813 [main] ERROR snapshot.SnapshotDiffManager (SnapshotDiffManager.java:initNativeLibraryForEfficientDiff(287)) - Native Library for raw sst file reading loading failed.
org.apache.hadoop.hdds.utils.NativeLibraryNotLoadedException: Unable to load library ozone_rocksdb_tools from both java.library.path & resource file libozone_rocksdb_tools.so from jar.
	at org.apache.hadoop.hdds.utils.db.managed.ManagedRawSSTFileReader.loadLibrary(ManagedRawSSTFileReader.java:40)
	at org.apache.hadoop.ozone.om.snapshot.SnapshotDiffManager.initNativeLibraryForEfficientDiff(SnapshotDiffManager.java:285)
	at org.apache.hadoop.ozone.om.snapshot.SnapshotDiffManager.<init>(SnapshotDiffManager.java:259)
	at org.apache.hadoop.ozone.om.OmSnapshotManager.<init>(OmSnapshotManager.java:287)
	at org.apache.hadoop.ozone.om.OzoneManager.instantiateServices(OzoneManager.java:876)
	at org.apache.hadoop.ozone.om.OzoneManager.<init>(OzoneManager.java:700)
	at org.apache.hadoop.ozone.om.OzoneManager.createOm(OzoneManager.java:787)
	at org.apache.hadoop.ozone.MiniOzoneClusterImpl$Builder.createOM(MiniOzoneClusterImpl.java:703)
	at org.apache.hadoop.ozone.MiniOzoneClusterImpl$Builder.createAndStartSingleOM(MiniOzoneClusterImpl.java:687)
	at org.apache.hadoop.ozone.MiniOzoneClusterImpl$Builder.build(MiniOzoneClusterImpl.java:549)
	at org.apache.hadoop.ozone.client.rpc.TestBlockOutputStream.createCluster(TestBlockOutputStream.java:125)
	at org.apache.hadoop.ozone.client.rpc.TestBlockOutputStreamWithFailures.init(TestBlockOutputStreamWithFailures.java:75)
	at java.base/jdk.internal.reflect.NativeMethodAccessorImpl.invoke0(Native Method)
	at java.base/jdk.internal.reflect.NativeMethodAccessorImpl.invoke(NativeMethodAccessorImpl.java:77)
	at java.base/jdk.internal.reflect.DelegatingMethodAccessorImpl.invoke(DelegatingMethodAccessorImpl.java:43)
	at java.base/java.lang.reflect.Method.invoke(Method.java:569)
	at org.junit.platform.commons.util.ReflectionUtils.invokeMethod(ReflectionUtils.java:728)
	at org.junit.jupiter.engine.execution.MethodInvocation.proceed(MethodInvocation.java:60)
	at org.junit.jupiter.engine.execution.InvocationInterceptorChain$ValidatingInvocation.proceed(InvocationInterceptorChain.java:131)
	at org.junit.jupiter.engine.extension.TimeoutExtension.intercept(TimeoutExtension.java:156)
	at org.junit.jupiter.engine.extension.TimeoutExtension.interceptLifecycleMethod(TimeoutExtension.java:128)
	at org.junit.jupiter.engine.extension.TimeoutExtension.interceptBeforeEachMethod(TimeoutExtension.java:78)
	at org.junit.jupiter.engine.execution.InterceptingExecutableInvoker$ReflectiveInterceptorCall.lambda$ofVoidMethod$0(InterceptingExecutableInvoker.java:103)
	at org.junit.jupiter.engine.execution.InterceptingExecutableInvoker.lambda$invoke$0(InterceptingExecutableInvoker.java:93)
	at org.junit.jupiter.engine.execution.InvocationInterceptorChain$InterceptedInvocation.proceed(InvocationInterceptorChain.java:106)
	at org.junit.jupiter.engine.execution.InvocationInterceptorChain.proceed(InvocationInterceptorChain.java:64)
	at org.junit.jupiter.engine.execution.InvocationInterceptorChain.chainAndInvoke(InvocationInterceptorChain.java:45)
	at org.junit.jupiter.engine.execution.InvocationInterceptorChain.invoke(InvocationInterceptorChain.java:37)
	at org.junit.jupiter.engine.execution.InterceptingExecutableInvoker.invoke(InterceptingExecutableInvoker.java:92)
	at org.junit.jupiter.engine.execution.InterceptingExecutableInvoker.invoke(InterceptingExecutableInvoker.java:86)
	at org.junit.jupiter.engine.descriptor.ClassBasedTestDescriptor.invokeMethodInExtensionContext(ClassBasedTestDescriptor.java:521)
	at org.junit.jupiter.engine.descriptor.ClassBasedTestDescriptor.lambda$synthesizeBeforeEachMethodAdapter$23(ClassBasedTestDescriptor.java:506)
	at org.junit.jupiter.engine.descriptor.TestMethodTestDescriptor.lambda$invokeBeforeEachMethods$3(TestMethodTestDescriptor.java:175)
	at org.junit.jupiter.engine.descriptor.TestMethodTestDescriptor.lambda$invokeBeforeMethodsOrCallbacksUntilExceptionOccurs$6(TestMethodTestDescriptor.java:203)
	at org.junit.platform.engine.support.hierarchical.ThrowableCollector.execute(ThrowableCollector.java:73)
	at org.junit.jupiter.engine.descriptor.TestMethodTestDescriptor.invokeBeforeMethodsOrCallbacksUntilExceptionOccurs(TestMethodTestDescriptor.java:203)
	at org.junit.jupiter.engine.descriptor.TestMethodTestDescriptor.invokeBeforeEachMethods(TestMethodTestDescriptor.java:172)
	at org.junit.jupiter.engine.descriptor.TestMethodTestDescriptor.execute(TestMethodTestDescriptor.java:135)
	at org.junit.jupiter.engine.descriptor.TestMethodTestDescriptor.execute(TestMethodTestDescriptor.java:69)
	at org.junit.platform.engine.support.hierarchical.NodeTestTask.lambda$executeRecursively$6(NodeTestTask.java:151)
	at org.junit.platform.engine.support.hierarchical.ThrowableCollector.execute(ThrowableCollector.java:73)
	at org.junit.platform.engine.support.hierarchical.NodeTestTask.lambda$executeRecursively$8(NodeTestTask.java:141)
	at org.junit.platform.engine.support.hierarchical.Node.around(Node.java:137)
	at org.junit.platform.engine.support.hierarchical.NodeTestTask.lambda$executeRecursively$9(NodeTestTask.java:139)
	at org.junit.platform.engine.support.hierarchical.ThrowableCollector.execute(ThrowableCollector.java:73)
	at org.junit.platform.engine.support.hierarchical.NodeTestTask.executeRecursively(NodeTestTask.java:138)
	at org.junit.platform.engine.support.hierarchical.NodeTestTask.execute(NodeTestTask.java:95)
	at org.junit.platform.engine.support.hierarchical.SameThreadHierarchicalTestExecutorService.submit(SameThreadHierarchicalTestExecutorService.java:35)
	at org.junit.platform.engine.support.hierarchical.NodeTestTask$DefaultDynamicTestExecutor.execute(NodeTestTask.java:226)
	at org.junit.platform.engine.support.hierarchical.NodeTestTask$DefaultDynamicTestExecutor.execute(NodeTestTask.java:204)
	at org.junit.jupiter.engine.descriptor.TestTemplateTestDescriptor.execute(TestTemplateTestDescriptor.java:142)
	at org.junit.jupiter.engine.descriptor.TestTemplateTestDescriptor.lambda$execute$2(TestTemplateTestDescriptor.java:110)
	at java.base/java.util.stream.ForEachOps$ForEachOp$OfRef.accept(ForEachOps.java:183)
	at java.base/java.util.stream.ReferencePipeline$3$1.accept(ReferencePipeline.java:197)
	at java.base/java.util.stream.ReferencePipeline$2$1.accept(ReferencePipeline.java:179)
	at java.base/java.util.stream.ReferencePipeline$3$1.accept(ReferencePipeline.java:197)
	at java.base/java.util.stream.ForEachOps$ForEachOp$OfRef.accept(ForEachOps.java:183)
	at java.base/java.util.stream.ReferencePipeline$3$1.accept(ReferencePipeline.java:197)
	at java.base/java.util.stream.ReferencePipeline$3$1.accept(ReferencePipeline.java:197)
	at java.base/java.util.stream.ReferencePipeline$3$1.accept(ReferencePipeline.java:197)
	at java.base/java.util.stream.ForEachOps$ForEachOp$OfRef.accept(ForEachOps.java:183)
	at java.base/java.util.stream.ReferencePipeline$3$1.accept(ReferencePipeline.java:197)
	at java.base/java.util.Spliterators$ArraySpliterator.forEachRemaining(Spliterators.java:992)
	at java.base/java.util.stream.ReferencePipeline$Head.forEach(ReferencePipeline.java:762)
	at java.base/java.util.stream.ReferencePipeline$7$1.accept(ReferencePipeline.java:276)
	at java.base/java.util.stream.ReferencePipeline$3$1.accept(ReferencePipeline.java:197)
	at java.base/java.util.stream.ReferencePipeline$3$1.accept(ReferencePipeline.java:197)
	at java.base/java.util.stream.ReferencePipeline$3$1.accept(ReferencePipeline.java:197)
	at java.base/java.util.Spliterators$ArraySpliterator.forEachRemaining(Spliterators.java:992)
	at java.base/java.util.stream.AbstractPipeline.copyInto(AbstractPipeline.java:509)
	at java.base/java.util.stream.AbstractPipeline.wrapAndCopyInto(AbstractPipeline.java:499)
	at java.base/java.util.stream.ForEachOps$ForEachOp.evaluateSequential(ForEachOps.java:150)
	at java.base/java.util.stream.ForEachOps$ForEachOp$OfRef.evaluateSequential(ForEachOps.java:173)
	at java.base/java.util.stream.AbstractPipeline.evaluate(AbstractPipeline.java:234)
	at java.base/java.util.stream.ReferencePipeline.forEach(ReferencePipeline.java:596)
	at java.base/java.util.stream.ReferencePipeline$7$1.accept(ReferencePipeline.java:276)
	at java.base/java.util.stream.ReferencePipeline$3$1.accept(ReferencePipeline.java:197)
	at java.base/java.util.stream.ReferencePipeline$3$1.accept(ReferencePipeline.java:197)
	at java.base/java.util.stream.ReferencePipeline$3$1.accept(ReferencePipeline.java:197)
	at java.base/java.util.ArrayList$ArrayListSpliterator.forEachRemaining(ArrayList.java:1625)
	at java.base/java.util.stream.AbstractPipeline.copyInto(AbstractPipeline.java:509)
	at java.base/java.util.stream.AbstractPipeline.wrapAndCopyInto(AbstractPipeline.java:499)
	at java.base/java.util.stream.ForEachOps$ForEachOp.evaluateSequential(ForEachOps.java:150)
	at java.base/java.util.stream.ForEachOps$ForEachOp$OfRef.evaluateSequential(ForEachOps.java:173)
	at java.base/java.util.stream.AbstractPipeline.evaluate(AbstractPipeline.java:234)
	at java.base/java.util.stream.ReferencePipeline.forEach(ReferencePipeline.java:596)
	at java.base/java.util.stream.ReferencePipeline$7$1.accept(ReferencePipeline.java:276)
	at java.base/java.util.ArrayList$ArrayListSpliterator.forEachRemaining(ArrayList.java:1625)
	at java.base/java.util.stream.AbstractPipeline.copyInto(AbstractPipeline.java:509)
	at java.base/java.util.stream.AbstractPipeline.wrapAndCopyInto(AbstractPipeline.java:499)
	at java.base/java.util.stream.ForEachOps$ForEachOp.evaluateSequential(ForEachOps.java:150)
	at java.base/java.util.stream.ForEachOps$ForEachOp$OfRef.evaluateSequential(ForEachOps.java:173)
	at java.base/java.util.stream.AbstractPipeline.evaluate(AbstractPipeline.java:234)
	at java.base/java.util.stream.ReferencePipeline.forEach(ReferencePipeline.java:596)
	at org.junit.jupiter.engine.descriptor.TestTemplateTestDescriptor.execute(TestTemplateTestDescriptor.java:110)
	at org.junit.jupiter.engine.descriptor.TestTemplateTestDescriptor.execute(TestTemplateTestDescriptor.java:44)
	at org.junit.platform.engine.support.hierarchical.NodeTestTask.lambda$executeRecursively$6(NodeTestTask.java:151)
	at org.junit.platform.engine.support.hierarchical.ThrowableCollector.execute(ThrowableCollector.java:73)
	at org.junit.platform.engine.support.hierarchical.NodeTestTask.lambda$executeRecursively$8(NodeTestTask.java:141)
	at org.junit.platform.engine.support.hierarchical.Node.around(Node.java:137)
	at org.junit.platform.engine.support.hierarchical.NodeTestTask.lambda$executeRecursively$9(NodeTestTask.java:139)
	at org.junit.platform.engine.support.hierarchical.ThrowableCollector.execute(ThrowableCollector.java:73)
	at org.junit.platform.engine.support.hierarchical.NodeTestTask.executeRecursively(NodeTestTask.java:138)
	at org.junit.platform.engine.support.hierarchical.NodeTestTask.execute(NodeTestTask.java:95)
	at java.base/java.util.ArrayList.forEach(ArrayList.java:1511)
	at org.junit.platform.engine.support.hierarchical.SameThreadHierarchicalTestExecutorService.invokeAll(SameThreadHierarchicalTestExecutorService.java:41)
	at org.junit.platform.engine.support.hierarchical.NodeTestTask.lambda$executeRecursively$6(NodeTestTask.java:155)
	at org.junit.platform.engine.support.hierarchical.ThrowableCollector.execute(ThrowableCollector.java:73)
	at org.junit.platform.engine.support.hierarchical.NodeTestTask.lambda$executeRecursively$8(NodeTestTask.java:141)
	at org.junit.platform.engine.support.hierarchical.Node.around(Node.java:137)
	at org.junit.platform.engine.support.hierarchical.NodeTestTask.lambda$executeRecursively$9(NodeTestTask.java:139)
	at org.junit.platform.engine.support.hierarchical.ThrowableCollector.execute(ThrowableCollector.java:73)
	at org.junit.platform.engine.support.hierarchical.NodeTestTask.executeRecursively(NodeTestTask.java:138)
	at org.junit.platform.engine.support.hierarchical.NodeTestTask.execute(NodeTestTask.java:95)
	at java.base/java.util.ArrayList.forEach(ArrayList.java:1511)
	at org.junit.platform.engine.support.hierarchical.SameThreadHierarchicalTestExecutorService.invokeAll(SameThreadHierarchicalTestExecutorService.java:41)
	at org.junit.platform.engine.support.hierarchical.NodeTestTask.lambda$executeRecursively$6(NodeTestTask.java:155)
	at org.junit.platform.engine.support.hierarchical.ThrowableCollector.execute(ThrowableCollector.java:73)
	at org.junit.platform.engine.support.hierarchical.NodeTestTask.lambda$executeRecursively$8(NodeTestTask.java:141)
	at org.junit.platform.engine.support.hierarchical.Node.around(Node.java:137)
	at org.junit.platform.engine.support.hierarchical.NodeTestTask.lambda$executeRecursively$9(NodeTestTask.java:139)
	at org.junit.platform.engine.support.hierarchical.ThrowableCollector.execute(ThrowableCollector.java:73)
	at org.junit.platform.engine.support.hierarchical.NodeTestTask.executeRecursively(NodeTestTask.java:138)
	at org.junit.platform.engine.support.hierarchical.NodeTestTask.execute(NodeTestTask.java:95)
	at org.junit.platform.engine.support.hierarchical.SameThreadHierarchicalTestExecutorService.submit(SameThreadHierarchicalTestExecutorService.java:35)
	at org.junit.platform.engine.support.hierarchical.HierarchicalTestExecutor.execute(HierarchicalTestExecutor.java:57)
	at org.junit.platform.engine.support.hierarchical.HierarchicalTestEngine.execute(HierarchicalTestEngine.java:54)
	at org.junit.platform.launcher.core.EngineExecutionOrchestrator.execute(EngineExecutionOrchestrator.java:198)
	at org.junit.platform.launcher.core.EngineExecutionOrchestrator.execute(EngineExecutionOrchestrator.java:169)
	at org.junit.platform.launcher.core.EngineExecutionOrchestrator.execute(EngineExecutionOrchestrator.java:93)
	at org.junit.platform.launcher.core.EngineExecutionOrchestrator.lambda$execute$0(EngineExecutionOrchestrator.java:58)
	at org.junit.platform.launcher.core.EngineExecutionOrchestrator.withInterceptedStreams(EngineExecutionOrchestrator.java:141)
	at org.junit.platform.launcher.core.EngineExecutionOrchestrator.execute(EngineExecutionOrchestrator.java:57)
	at org.junit.platform.launcher.core.DefaultLauncher.execute(DefaultLauncher.java:103)
	at org.junit.platform.launcher.core.DefaultLauncher.execute(DefaultLauncher.java:85)
	at org.junit.platform.launcher.core.DelegatingLauncher.execute(DelegatingLauncher.java:47)
	at org.junit.platform.launcher.core.SessionPerRequestLauncher.execute(SessionPerRequestLauncher.java:63)
	at org.apache.maven.surefire.junitplatform.JUnitPlatformProvider.invokeAllTests(JUnitPlatformProvider.java:154)
	at org.apache.maven.surefire.junitplatform.JUnitPlatformProvider.invoke(JUnitPlatformProvider.java:123)
	at org.apache.maven.surefire.booter.ForkedBooter.runSuitesInProcess(ForkedBooter.java:377)
	at org.apache.maven.surefire.booter.ForkedBooter.execute(ForkedBooter.java:138)
	at org.apache.maven.surefire.booter.ForkedBooter.run(ForkedBooter.java:465)
	at org.apache.maven.surefire.booter.ForkedBooter.main(ForkedBooter.java:451)
2024-08-15 10:19:05,815 [main] INFO  om.OzoneManager (OzoneManager.java:addS3GVolumeToDB(4577)) - Created Volume s3v With Owner runner required for S3Gateway operations.
2024-08-15 10:19:05,815 [main] WARN  server.ServerUtils (ServerUtils.java:getDefaultRatisDirectory(311)) - Storage directory for Ratis is not configured. It is a good idea to map this to an SSD disk. Falling back to ozone.metadata.dirs
2024-08-15 10:19:05,816 [main] WARN  utils.OzoneManagerRatisUtils (OzoneManagerRatisUtils.java:getOMRatisSnapshotDirectory(475)) - ozone.om.ratis.snapshot.dir is not configured. Falling back to ozone.metadata.dirs config
2024-08-15 10:19:05,816 [main] WARN  server.ServerUtils (ServerUtils.java:getDefaultRatisDirectory(311)) - Storage directory for Ratis is not configured. It is a good idea to map this to an SSD disk. Falling back to ozone.metadata.dirs
2024-08-15 10:19:05,817 [main] INFO  ratis.OzoneManagerRatisServer (OzoneManagerRatisServer.java:<init>(168)) - Instantiating OM Ratis server with groupID: omServiceIdDefault and peers: localhost:15484
2024-08-15 10:19:05,817 [main] INFO  ratis.OzoneManagerStateMachine (OzoneManagerStateMachine.java:loadSnapshotInfoFromDB(593)) - TransactionInfo not found in OM DB.
2024-08-15 10:19:05,818 [main] INFO  server.RaftServer (ConfUtils.java:logGet(46)) - raft.rpc.type = GRPC (default)
2024-08-15 10:19:05,818 [main] INFO  grpc.GrpcConfigKeys (ConfUtils.java:logFallback(53)) - raft.grpc.admin.host = null (fallback to raft.grpc.server.host)
2024-08-15 10:19:05,818 [main] INFO  grpc.GrpcConfigKeys (ConfUtils.java:logFallback(53)) - raft.grpc.admin.port = 15484 (fallback to raft.grpc.server.port)
2024-08-15 10:19:05,818 [main] INFO  grpc.GrpcConfigKeys (ConfUtils.java:logFallback(53)) - raft.grpc.client.host = null (fallback to raft.grpc.server.host)
2024-08-15 10:19:05,818 [main] INFO  grpc.GrpcConfigKeys (ConfUtils.java:logFallback(53)) - raft.grpc.client.port = 15484 (fallback to raft.grpc.server.port)
2024-08-15 10:19:05,819 [main] INFO  grpc.GrpcConfigKeys (ConfUtils.java:logGet(46)) - raft.grpc.server.host = null (default)
2024-08-15 10:19:05,819 [main] INFO  grpc.GrpcConfigKeys (ConfUtils.java:logGet(46)) - raft.grpc.server.port = 15484 (custom)
2024-08-15 10:19:05,819 [main] INFO  server.GrpcService (ConfUtils.java:logGet(46)) - raft.grpc.message.size.max = 4194304 (custom)
2024-08-15 10:19:05,819 [main] INFO  server.RaftServerConfigKeys (ConfUtils.java:logGet(46)) - raft.server.log.appender.buffer.byte-limit = 4194304 (custom)
2024-08-15 10:19:05,819 [main] INFO  server.GrpcService (ConfUtils.java:logGet(46)) - raft.grpc.flow.control.window = 1MB (=1048576) (default)
2024-08-15 10:19:05,819 [main] INFO  server.RaftServerConfigKeys (ConfUtils.java:logGet(46)) - raft.server.rpc.request.timeout = 3000ms (default)
2024-08-15 10:19:05,819 [main] INFO  grpc.GrpcConfigKeys (ConfUtils.java:logGet(46)) - raft.grpc.server.heartbeat.channel = true (default)
2024-08-15 10:19:05,819 [main] INFO  grpc.GrpcConfigKeys (ConfUtils.java:logGet(46)) - raft.grpc.server.async.request.thread.pool.cached = true (default)
2024-08-15 10:19:05,820 [main] INFO  grpc.GrpcConfigKeys (ConfUtils.java:logGet(46)) - raft.grpc.server.async.request.thread.pool.size = 32 (default)
2024-08-15 10:19:05,820 [main] INFO  impl.DataStreamServerImpl (ConfUtils.java:logGet(46)) - raft.datastream.type = DISABLED (default)
2024-08-15 10:19:05,821 [main] INFO  server.RaftServerConfigKeys (ConfUtils.java:logGet(46)) - raft.server.sleep.deviation.threshold = 300ms (default)
2024-08-15 10:19:05,821 [main] INFO  server.RaftServerConfigKeys (ConfUtils.java:logGet(46)) - raft.server.close.threshold = 60s (default)
2024-08-15 10:19:05,821 [main] INFO  server.RaftServerConfigKeys (ConfUtils.java:logGet(46)) - raft.server.leaderelection.leader.step-down.wait-time = 10s (default)
2024-08-15 10:19:05,821 [main] INFO  server.RaftServerConfigKeys (ConfUtils.java:logGet(46)) - raft.server.storage.dir = [/home/runner/work/ozone/ozone/hadoop-ozone/integration-test/target/test-dir/MiniOzoneClusterImpl-71195f16-0443-47ad-abb9-7568f4d0400c/ozone-meta/ratis] (custom)
2024-08-15 10:19:05,821 [main] INFO  server.RaftServerConfigKeys (ConfUtils.java:logGet(46)) - raft.server.threadpool.proxy.cached = true (default)
2024-08-15 10:19:05,821 [main] INFO  server.RaftServerConfigKeys (ConfUtils.java:logGet(46)) - raft.server.threadpool.proxy.size = 0 (default)
2024-08-15 10:19:05,822 [main] INFO  server.RaftServer (RaftServerProxy.java:addNew(101)) - om1: addNew group-C5BA1605619E:[om1|localhost:15484] returns group-C5BA1605619E:java.util.concurrent.CompletableFuture@5aec03d7[Not completed]
2024-08-15 10:19:05,822 [om1-groupManagement] INFO  server.RaftServer$Division (RaftServerImpl.java:<init>(253)) - om1: new RaftServerImpl for group-C5BA1605619E:[om1|localhost:15484] with OzoneManagerStateMachine:uninitialized
2024-08-15 10:19:05,822 [om1-groupManagement] INFO  server.RaftServerConfigKeys (ConfUtils.java:logGet(46)) - raft.server.rpc.timeout.min = 1s (custom)
2024-08-15 10:19:05,822 [om1-groupManagement] INFO  server.RaftServerConfigKeys (ConfUtils.java:logGet(46)) - raft.server.rpc.timeout.max = 1200ms (custom)
2024-08-15 10:19:05,822 [om1-groupManagement] INFO  server.RaftServerConfigKeys (ConfUtils.java:logGet(46)) - raft.server.rpc.sleep.time = 25ms (default)
2024-08-15 10:19:05,822 [om1-groupManagement] INFO  server.RaftServerConfigKeys (ConfUtils.java:logGet(46)) - raft.server.rpc.slowness.timeout = 120s (custom)
2024-08-15 10:19:05,822 [om1-groupManagement] INFO  server.RaftServerConfigKeys (ConfUtils.java:logGet(46)) - raft.server.leaderelection.leader.step-down.wait-time = 10s (default)
2024-08-15 10:19:05,822 [om1-groupManagement] INFO  server.RaftServerConfigKeys (ConfUtils.java:logGet(46)) - raft.server.leaderelection.member.majority-add = false (default)
2024-08-15 10:19:05,822 [om1-groupManagement] INFO  server.RaftServerConfigKeys (ConfUtils.java:logGet(46)) - raft.server.sleep.deviation.threshold = 300ms (default)
2024-08-15 10:19:05,822 [om1-groupManagement] INFO  server.RaftServer$Division (ServerState.java:<init>(114)) - om1@group-C5BA1605619E: ConfigurationManager, init=conf: {index: -1, cur=peers:[om1|localhost:15484]|listeners:[], old=null}, confs=<EMPTY_MAP>
2024-08-15 10:19:05,822 [om1-groupManagement] INFO  server.RaftServerConfigKeys (ConfUtils.java:logGet(46)) - raft.server.notification.no-leader.timeout = 120s (custom)
2024-08-15 10:19:05,823 [om1-groupManagement] INFO  server.RaftServerConfigKeys (ConfUtils.java:logGet(46)) - raft.server.read.timeout = 10s (default)
2024-08-15 10:19:05,823 [om1-groupManagement] INFO  server.RaftServerConfigKeys (ConfUtils.java:logGet(46)) - raft.server.retrycache.expirytime = 300s (custom)
2024-08-15 10:19:05,823 [om1-groupManagement] INFO  server.RaftServerConfigKeys (ConfUtils.java:logGet(46)) - raft.server.retrycache.statistics.expirytime = 100ms (default)
2024-08-15 10:19:05,823 [om1-groupManagement] INFO  server.RaftServerConfigKeys (ConfUtils.java:logGet(46)) - raft.server.read.option = DEFAULT (default)
2024-08-15 10:19:05,823 [om1-groupManagement] INFO  server.RaftServerConfigKeys (ConfUtils.java:logGet(46)) - raft.server.read.read-after-write-consistent.write-index-cache.expiry-time = 60s (default)
2024-08-15 10:19:05,824 [om1-groupManagement] INFO  server.RaftServerConfigKeys (ConfUtils.java:logGet(46)) - raft.server.rpc.request.timeout = 3000ms (default)
2024-08-15 10:19:05,824 [om1-groupManagement] INFO  server.RaftServerConfigKeys (ConfUtils.java:logGet(46)) - raft.server.log.appender.install.snapshot.enabled = false (custom)
2024-08-15 10:19:05,824 [om1-groupManagement] INFO  server.RaftServerConfigKeys (ConfUtils.java:logGet(46)) - raft.server.threadpool.server.cached = true (default)
2024-08-15 10:19:05,824 [om1-groupManagement] INFO  server.RaftServerConfigKeys (ConfUtils.java:logGet(46)) - raft.server.threadpool.server.size = 0 (default)
2024-08-15 10:19:05,824 [om1-groupManagement] INFO  server.RaftServerConfigKeys (ConfUtils.java:logGet(46)) - raft.server.threadpool.client.cached = true (default)
2024-08-15 10:19:05,824 [om1-groupManagement] INFO  server.RaftServerConfigKeys (ConfUtils.java:logGet(46)) - raft.server.threadpool.client.size = 0 (default)
2024-08-15 10:19:05,822 [main] INFO  om.OzoneManager (OzoneManager.java:initializeRatisServer(2192)) - OzoneManager Ratis server initialized at port 15484
2024-08-15 10:19:05,825 [main] INFO  om.OzoneManager (OzoneManager.java:getRpcServer(1240)) - Creating RPC Server
2024-08-15 10:19:06,107 [main] INFO  reflections.Reflections (Reflections.java:scan(219)) - Reflections took 281 ms to scan 20 urls, producing 59 keys and 6776 values
2024-08-15 10:19:06,108 [main] INFO  ipc.CallQueueManager (CallQueueManager.java:<init>(90)) - Using callQueue: class java.util.concurrent.LinkedBlockingQueue, queueCapacity: 2000, scheduler: class org.apache.hadoop.ipc.DefaultRpcScheduler, ipcBackoff: false.
2024-08-15 10:19:06,109 [main] INFO  ipc.Server (Server.java:<init>(1287)) - Listener at 127.0.0.1:15481
2024-08-15 10:19:06,109 [Socket Reader #1 for port 15481] INFO  ipc.Server (Server.java:run(1323)) - Starting Socket Reader #1 for port 15481
2024-08-15 10:19:06,109 [Socket Reader #2 for port 15481] INFO  ipc.Server (Server.java:run(1323)) - Starting Socket Reader #2 for port 15481
2024-08-15 10:19:06,109 [Socket Reader #3 for port 15481] INFO  ipc.Server (Server.java:run(1323)) - Starting Socket Reader #3 for port 15481
2024-08-15 10:19:06,109 [Socket Reader #4 for port 15481] INFO  ipc.Server (Server.java:run(1323)) - Starting Socket Reader #4 for port 15481
2024-08-15 10:19:06,110 [Socket Reader #5 for port 15481] INFO  ipc.Server (Server.java:run(1323)) - Starting Socket Reader #5 for port 15481
2024-08-15 10:19:06,110 [Socket Reader #6 for port 15481] INFO  ipc.Server (Server.java:run(1323)) - Starting Socket Reader #6 for port 15481
2024-08-15 10:19:06,110 [Socket Reader #7 for port 15481] INFO  ipc.Server (Server.java:run(1323)) - Starting Socket Reader #7 for port 15481
2024-08-15 10:19:06,110 [Socket Reader #8 for port 15481] INFO  ipc.Server (Server.java:run(1323)) - Starting Socket Reader #8 for port 15481
2024-08-15 10:19:06,110 [Socket Reader #9 for port 15481] INFO  ipc.Server (Server.java:run(1323)) - Starting Socket Reader #9 for port 15481
2024-08-15 10:19:06,110 [Socket Reader #10 for port 15481] INFO  ipc.Server (Server.java:run(1323)) - Starting Socket Reader #10 for port 15481
2024-08-15 10:19:06,124 [main] INFO  impl.MetricsSystemImpl (MetricsSystemImpl.java:init(158)) - OzoneManager metrics system started (again)
2024-08-15 10:19:06,131 [main] INFO  om.OzoneManager (OzoneManager.java:start(1668)) - OzoneManager RPC server is listening at localhost/127.0.0.1:15481
2024-08-15 10:19:06,131 [main] INFO  ratis.OzoneManagerRatisServer (OzoneManagerRatisServer.java:start(594)) - Starting OzoneManagerRatisServer om1 at port 15484
2024-08-15 10:19:06,131 [om1-impl-thread1] INFO  server.RaftServerConfigKeys (ConfUtils.java:logGet(46)) - raft.server.storage.free-space.min = 0MB (=0) (default)
2024-08-15 10:19:06,131 [om1-impl-thread1] INFO  server.RaftServerConfigKeys (ConfUtils.java:logGet(46)) - raft.server.log.corruption.policy = EXCEPTION (default)
2024-08-15 10:19:06,132 [om1-impl-thread1] INFO  server.RaftServerConfigKeys (ConfUtils.java:logGet(46)) - raft.server.storage.dir = [/home/runner/work/ozone/ozone/hadoop-ozone/integration-test/target/test-dir/MiniOzoneClusterImpl-71195f16-0443-47ad-abb9-7568f4d0400c/ozone-meta/ratis] (custom)
2024-08-15 10:19:06,132 [om1-impl-thread1] INFO  storage.RaftStorageDirectory (RaftStorageDirectoryImpl.java:analyzeStorage(138)) - The storage directory /home/runner/work/ozone/ozone/hadoop-ozone/integration-test/target/test-dir/MiniOzoneClusterImpl-71195f16-0443-47ad-abb9-7568f4d0400c/ozone-meta/ratis/bf265839-605b-3f16-9796-c5ba1605619e does not exist. Creating ...
2024-08-15 10:19:06,133 [om1-impl-thread1] INFO  storage.RaftStorageDirectory (RaftStorageDirectoryImpl.java:tryLock(229)) - Lock on /home/runner/work/ozone/ozone/hadoop-ozone/integration-test/target/test-dir/MiniOzoneClusterImpl-71195f16-0443-47ad-abb9-7568f4d0400c/ozone-meta/ratis/bf265839-605b-3f16-9796-c5ba1605619e/in_use.lock acquired by nodename 113339@fv-az1107-352
2024-08-15 10:19:06,134 [om1-impl-thread1] INFO  storage.RaftStorage (RaftStorageImpl.java:format(98)) - Storage directory /home/runner/work/ozone/ozone/hadoop-ozone/integration-test/target/test-dir/MiniOzoneClusterImpl-71195f16-0443-47ad-abb9-7568f4d0400c/ozone-meta/ratis/bf265839-605b-3f16-9796-c5ba1605619e has been successfully formatted.
2024-08-15 10:19:06,134 [om1-impl-thread1] INFO  server.RaftServerConfigKeys (ConfUtils.java:logGet(46)) - raft.server.log.use.memory = false (default)
2024-08-15 10:19:06,134 [om1-impl-thread1] INFO  server.RaftServerConfigKeys (ConfUtils.java:logGet(46)) - raft.server.log.purge.gap = 1000000 (custom)
2024-08-15 10:19:06,134 [om1-impl-thread1] INFO  server.RaftServerConfigKeys (ConfUtils.java:logGet(46)) - raft.server.log.appender.buffer.byte-limit = 4194304 (custom)
2024-08-15 10:19:06,134 [om1-impl-thread1] INFO  server.RaftServerConfigKeys (ConfUtils.java:logGet(46)) - raft.server.log.statemachine.data.read.timeout = 1000ms (default)
2024-08-15 10:19:06,135 [om1-impl-thread1] INFO  server.RaftServerConfigKeys (ConfUtils.java:logGet(46)) - raft.server.log.purge.preservation.log.num = 0 (default)
2024-08-15 10:19:06,135 [om1-impl-thread1] INFO  server.RaftServerConfigKeys (ConfUtils.java:logGet(46)) - raft.server.log.segment.size.max = 4194304 (custom)
2024-08-15 10:19:06,135 [om1-impl-thread1] INFO  server.RaftServerConfigKeys (ConfUtils.java:logGet(46)) - raft.server.log.segment.cache.num.max = 2 (custom)
2024-08-15 10:19:06,135 [om1-impl-thread1] INFO  server.RaftServerConfigKeys (ConfUtils.java:logGet(46)) - raft.server.log.segment.cache.size.max = 200MB (=209715200) (default)
2024-08-15 10:19:06,135 [om1-impl-thread1] INFO  server.RaftServerConfigKeys (ConfUtils.java:logGet(46)) - raft.server.log.appender.buffer.byte-limit = 4194304 (custom)
2024-08-15 10:19:06,135 [om1-impl-thread1] INFO  util.AwaitToRun (AwaitToRun.java:start(81)) - Thread[om1@group-C5BA1605619E-cacheEviction-AwaitToRun,5,main] started
2024-08-15 10:19:06,135 [om1-impl-thread1] INFO  segmented.SegmentedRaftLogWorker (SegmentedRaftLogWorker.java:<init>(184)) - new om1@group-C5BA1605619E-SegmentedRaftLogWorker for RaftStorageImpl:Storage Directory /home/runner/work/ozone/ozone/hadoop-ozone/integration-test/target/test-dir/MiniOzoneClusterImpl-71195f16-0443-47ad-abb9-7568f4d0400c/ozone-meta/ratis/bf265839-605b-3f16-9796-c5ba1605619e
2024-08-15 10:19:06,135 [om1-impl-thread1] INFO  server.RaftServerConfigKeys (ConfUtils.java:logGet(46)) - raft.server.log.queue.byte-limit = 64MB (=67108864) (default)
2024-08-15 10:19:06,135 [om1-impl-thread1] INFO  server.RaftServerConfigKeys (ConfUtils.java:logGet(46)) - raft.server.log.queue.element-limit = 4096 (default)
2024-08-15 10:19:06,135 [om1-impl-thread1] INFO  server.RaftServerConfigKeys (ConfUtils.java:logGet(46)) - raft.server.log.segment.size.max = 4194304 (custom)
2024-08-15 10:19:06,135 [om1-impl-thread1] INFO  server.RaftServerConfigKeys (ConfUtils.java:logGet(46)) - raft.server.log.preallocated.size = 4194304 (custom)
2024-08-15 10:19:06,136 [om1-impl-thread1] INFO  server.RaftServerConfigKeys (ConfUtils.java:logGet(46)) - raft.server.log.force.sync.num = 128 (default)
2024-08-15 10:19:06,136 [om1-impl-thread1] INFO  server.RaftServerConfigKeys (ConfUtils.java:logGet(46)) - raft.server.log.statemachine.data.sync = true (default)
2024-08-15 10:19:06,136 [om1-impl-thread1] INFO  server.RaftServerConfigKeys (ConfUtils.java:logGet(46)) - raft.server.log.statemachine.data.sync.timeout = 10s (default)
2024-08-15 10:19:06,136 [om1-impl-thread1] INFO  server.RaftServerConfigKeys (ConfUtils.java:logGet(46)) - raft.server.log.statemachine.data.sync.timeout.retry = -1 (default)
2024-08-15 10:19:06,136 [om1-impl-thread1] INFO  server.RaftServerConfigKeys (ConfUtils.java:logGet(46)) - raft.server.log.write.buffer.size = 4194312 (custom)
2024-08-15 10:19:06,136 [om1-impl-thread1] INFO  server.RaftServerConfigKeys (ConfUtils.java:logGet(46)) - raft.server.log.appender.buffer.byte-limit = 4194304 (custom)
2024-08-15 10:19:06,136 [om1-impl-thread1] INFO  server.RaftServerConfigKeys (ConfUtils.java:logGet(46)) - raft.server.log.unsafe-flush.enabled = false (default)
2024-08-15 10:19:06,136 [om1-impl-thread1] INFO  server.RaftServerConfigKeys (ConfUtils.java:logGet(46)) - raft.server.log.async-flush.enabled = false (default)
2024-08-15 10:19:06,136 [om1-impl-thread1] INFO  server.RaftServerConfigKeys (ConfUtils.java:logGet(46)) - raft.server.log.statemachine.data.caching.enabled = false (default)
2024-08-15 10:19:06,136 [om1-impl-thread1] INFO  segmented.SegmentedRaftLogWorker (SegmentedRaftLogWorker.java:lambda$new$0(135)) - om1@group-C5BA1605619E-SegmentedRaftLogWorker: flushIndex: setUnconditionally 0 -> -1
2024-08-15 10:19:06,136 [om1-impl-thread1] INFO  segmented.SegmentedRaftLogWorker (SegmentedRaftLogWorker.java:lambda$new$0(135)) - om1@group-C5BA1605619E-SegmentedRaftLogWorker: safeCacheEvictIndex: setUnconditionally 0 -> -1
2024-08-15 10:19:06,137 [om1-impl-thread1] INFO  server.RaftServer$Division (RaftServerImpl.java:start(389)) - om1@group-C5BA1605619E: start as a follower, conf=conf: {index: -1, cur=peers:[om1|localhost:15484]|listeners:[], old=null}
2024-08-15 10:19:06,137 [om1-impl-thread1] INFO  server.RaftServer$Division (RaftServerImpl.java:setRole(376)) - om1@group-C5BA1605619E: changes role from      null to FOLLOWER at term 0 for startAsFollower
2024-08-15 10:19:06,137 [om1-impl-thread1] INFO  impl.RoleInfo (RoleInfo.java:updateAndGet(148)) - om1: start om1@group-C5BA1605619E-FollowerState
2024-08-15 10:19:06,137 [om1-impl-thread1] INFO  util.JmxRegister (JmxRegister.java:tryRegister(44)) - Successfully registered JMX Bean with object name Ratis:service=RaftServer,group=group-C5BA1605619E,id=om1
2024-08-15 10:19:06,137 [om1-impl-thread1] INFO  util.JmxRegister (JmxRegister.java:register(58)) - register mxBean class org.apache.ratis.server.impl.RaftServerJmxAdapter as Ratis:service=RaftServer,group=group-C5BA1605619E,id=om1
2024-08-15 10:19:06,137 [om1-impl-thread1] INFO  server.RaftServerConfigKeys (ConfUtils.java:logGet(46)) - raft.server.snapshot.trigger-when-stop.enabled = true (default)
2024-08-15 10:19:06,137 [om1-impl-thread1] INFO  server.RaftServerConfigKeys (ConfUtils.java:logGet(46)) - raft.server.snapshot.trigger-when-remove.enabled = true (default)
2024-08-15 10:19:06,137 [om1-impl-thread1] INFO  server.RaftServerConfigKeys (ConfUtils.java:logGet(46)) - raft.server.snapshot.auto.trigger.enabled = true (custom)
2024-08-15 10:19:06,137 [om1-impl-thread1] INFO  server.RaftServerConfigKeys (ConfUtils.java:logGet(46)) - raft.server.snapshot.auto.trigger.threshold = 400000 (default)
2024-08-15 10:19:06,137 [om1-impl-thread1] INFO  server.RaftServerConfigKeys (ConfUtils.java:logGet(46)) - raft.server.snapshot.retention.file.num = -1 (default)
2024-08-15 10:19:06,137 [om1-impl-thread1] INFO  server.RaftServerConfigKeys (ConfUtils.java:logGet(46)) - raft.server.log.purge.upto.snapshot.index = true (custom)
2024-08-15 10:19:06,137 [om1@group-C5BA1605619E-FollowerState] INFO  server.RaftServerConfigKeys (ConfUtils.java:logFallback(53)) - raft.server.rpc.first-election.timeout.min = 1s (fallback to raft.server.rpc.timeout.min)
2024-08-15 10:19:06,137 [om1@group-C5BA1605619E-FollowerState] INFO  server.RaftServerConfigKeys (ConfUtils.java:logFallback(53)) - raft.server.rpc.first-election.timeout.max = 1200ms (fallback to raft.server.rpc.timeout.max)
2024-08-15 10:19:06,138 [main] INFO  server.RaftServer (RaftServerProxy.java:startImpl(408)) - om1: start RPC server
2024-08-15 10:19:06,138 [main] INFO  server.GrpcService (GrpcService.java:startImpl(302)) - om1: GrpcService started, listening on 15484
2024-08-15 10:19:06,138 [JvmPauseMonitor68] INFO  util.JvmPauseMonitor (JvmPauseMonitor.java:run(146)) - JvmPauseMonitor-om1: Started
2024-08-15 10:19:06,139 [main] INFO  om.OzoneManager (OzoneManager.java:start(1683)) - Version File has different layout version (7) than OM DB (null). That is expected if this OM has never been finalized to a newer layout version.
2024-08-15 10:19:06,146 [main] INFO  client.ScmTopologyClient (ScmTopologyClient.java:start(72)) - Initial network topology fetched from SCM: /.
2024-08-15 10:19:06,146 [main] INFO  net.NodeSchemaLoader (NodeSchemaLoader.java:loadSchemaFromFile(129)) - Loading schema from [jar:file:/home/runner/work/ozone/ozone/hadoop-hdds/common/target/hdds-common-1.5.0-SNAPSHOT.jar!/network-topology-default.xml]
2024-08-15 10:19:06,146 [main] INFO  net.NodeSchemaLoader (NodeSchemaLoader.java:loadSchema(176)) - Loading network topology layer schema file
2024-08-15 10:19:06,149 [main] INFO  http.BaseHttpServer (BaseHttpServer.java:newHttpServer2BuilderForOzone(223)) - Starting Web-server for ozoneManager at: http://0.0.0.0:15482
2024-08-15 10:19:06,150 [main] INFO  http.BaseHttpServer (BaseHttpServer.java:<init>(110)) - Hadoop Security Enabled: false Ozone Security Enabled: false Ozone HTTP Security Enabled: false 
2024-08-15 10:19:06,150 [main] WARN  server.AuthenticationFilter (AuthenticationFilter.java:constructSecretProvider(240)) - Unable to initialize FileSignerSecretProvider, falling back to use random secrets. Reason: Could not read signature secret file: /home/runner/hadoop-http-auth-signature-secret
2024-08-15 10:19:06,151 [main] INFO  http.HttpRequestLog (HttpRequestLog.java:getRequestLog(86)) - Http request log for http.requests.ozoneManager is not defined
2024-08-15 10:19:06,152 [main] INFO  http.HttpServer2 (HttpServer2.java:addGlobalFilter(1035)) - Added global filter 'safety' (class=org.apache.hadoop.hdds.server.http.HttpServer2$QuotingInputFilter)
2024-08-15 10:19:06,152 [main] INFO  http.HttpServer2 (HttpServer2.java:addFilter(1011)) - Added filter static_user_filter (class=org.apache.hadoop.http.lib.StaticUserWebFilter$StaticUserFilter) to context ozoneManager
2024-08-15 10:19:06,152 [main] INFO  http.HttpServer2 (HttpServer2.java:addFilter(1019)) - Added filter static_user_filter (class=org.apache.hadoop.http.lib.StaticUserWebFilter$StaticUserFilter) to context logs
2024-08-15 10:19:06,152 [main] INFO  http.HttpServer2 (HttpServer2.java:addFilter(1019)) - Added filter static_user_filter (class=org.apache.hadoop.http.lib.StaticUserWebFilter$StaticUserFilter) to context static
2024-08-15 10:19:06,153 [main] INFO  http.BaseHttpServer (BaseHttpServer.java:<init>(189)) - HTTP server of ozoneManager uses base directory /home/runner/work/ozone/ozone/hadoop-ozone/integration-test/target/test-dir/MiniOzoneClusterImpl-71195f16-0443-47ad-abb9-7568f4d0400c/ozone-meta/webserver
2024-08-15 10:19:06,153 [main] INFO  http.HttpServer2 (HttpServer2.java:bindListener(1235)) - Jetty bound to port 15482
2024-08-15 10:19:06,153 [main] INFO  server.Server (Server.java:doStart(375)) - jetty-9.4.55.v20240627; built: 2024-06-27T15:05:37.765Z; git: 70015831e5195ba74da6383c4ab7c90c56bb08af; jvm 17.0.12+7
2024-08-15 10:19:06,154 [main] INFO  server.session (DefaultSessionIdManager.java:doStart(334)) - DefaultSessionIdManager workerName=node0
2024-08-15 10:19:06,154 [main] INFO  server.session (DefaultSessionIdManager.java:doStart(339)) - No SessionScavenger set, using defaults
2024-08-15 10:19:06,154 [main] INFO  server.session (HouseKeeper.java:startScavenging(132)) - node0 Scavenging every 660000ms
2024-08-15 10:19:06,154 [main] INFO  handler.ContextHandler (ContextHandler.java:doStart(921)) - Started o.e.j.s.ServletContextHandler@76adfcb9{logs,/logs,file:///home/runner/work/ozone/ozone/hadoop-ozone/integration-test/target/log,AVAILABLE}
2024-08-15 10:19:06,155 [main] INFO  handler.ContextHandler (ContextHandler.java:doStart(921)) - Started o.e.j.s.ServletContextHandler@65b93653{static,/static,file:///home/runner/work/ozone/ozone/hadoop-ozone/integration-test/target/test-classes/webapps/static,AVAILABLE}
2024-08-15 10:19:06,158 [main] INFO  handler.ContextHandler (ContextHandler.java:doStart(921)) - Started o.e.j.w.WebAppContext@5f0dd615{ozoneManager,/,file:///home/runner/work/ozone/ozone/hadoop-ozone/integration-test/target/test-classes/webapps/ozoneManager/,AVAILABLE}{file:/home/runner/work/ozone/ozone/hadoop-ozone/integration-test/target/test-classes/webapps/ozoneManager}
2024-08-15 10:19:06,158 [main] INFO  server.AbstractConnector (AbstractConnector.java:doStart(333)) - Started ServerConnector@3f5ba876{HTTP/1.1, (http/1.1)}{0.0.0.0:15482}
2024-08-15 10:19:06,158 [main] INFO  server.Server (Server.java:doStart(415)) - Started @510275ms
2024-08-15 10:19:06,158 [main] WARN  impl.MetricsSystemImpl (MetricsSystemImpl.java:register(279)) - Sink prometheus already exists!
2024-08-15 10:19:06,159 [main] INFO  http.BaseHttpServer (BaseHttpServer.java:updateConnectorAddress(354)) - HTTP server of ozoneManager listening at http://0.0.0.0:15482
2024-08-15 10:19:06,159 [IPC Server Responder] INFO  ipc.Server (Server.java:run(1562)) - IPC Server Responder: starting
2024-08-15 10:19:06,159 [IPC Server listener on 15481] INFO  ipc.Server (Server.java:run(1402)) - IPC Server listener on 15481: starting
2024-08-15 10:19:06,161 [main] INFO  om.OzoneManager (OzoneManager.java:startTrashEmptier(2145)) - Trash Interval set to 0. Files deleted won't move to trash
2024-08-15 10:19:06,169 [main] WARN  dropwizard3.Dm3MetricRegistriesImpl (Dm3MetricRegistriesImpl.java:addReporterRegistration(114)) - New reporters are added after registries were created. Some metrics will be missing from the reporter. Please add reporter before adding any new registry.
2024-08-15 10:19:06,170 [main] WARN  dropwizard3.Dm3MetricRegistriesImpl (Dm3MetricRegistriesImpl.java:addReporterRegistration(114)) - New reporters are added after registries were created. Some metrics will be missing from the reporter. Please add reporter before adding any new registry.
2024-08-15 10:19:06,170 [main] INFO  impl.MetricsSystemImpl (MetricsSystemImpl.java:init(158)) - HddsDatanode metrics system started (again)
2024-08-15 10:19:06,178 [main] INFO  ozone.HddsDatanodeService (HddsDatanodeService.java:start(235)) - HddsDatanodeService host:fv-az1107-352.5an5qfagtveezn4vzio0gr3jze.ex.internal.cloudapp.net ip:10.1.0.39
2024-08-15 10:19:06,180 [main] INFO  upgrade.AbstractLayoutVersionManager (AbstractLayoutVersionManager.java:init(83)) - Initializing Layout version manager with metadata layout = HBASE_SUPPORT (version = 8), software layout = HBASE_SUPPORT (version = 8)
2024-08-15 10:19:06,180 [main] INFO  statemachine.DatanodeStateMachine (DatanodeStateMachine.java:getEndPointTaskThreadPoolSize(295)) - Datanode State Machine Task Thread Pool size 2
2024-08-15 10:19:06,181 [main] INFO  volume.HddsVolume (HddsVolume.java:<init>(127)) - Creating HddsVolume: /home/runner/work/ozone/ozone/hadoop-ozone/integration-test/target/test-dir/MiniOzoneClusterImpl-71195f16-0443-47ad-abb9-7568f4d0400c/ozone-meta/datanode-1/data-0/hdds of storage type : DISK capacity : 9222449699674390527
2024-08-15 10:19:06,182 [main] INFO  volume.MutableVolumeSet (MutableVolumeSet.java:initializeVolumeSet(173)) - Added Volume : /home/runner/work/ozone/ozone/hadoop-ozone/integration-test/target/test-dir/MiniOzoneClusterImpl-71195f16-0443-47ad-abb9-7568f4d0400c/ozone-meta/datanode-1/data-0/hdds to VolumeSet
2024-08-15 10:19:06,182 [main] INFO  volume.MutableVolumeSet (MutableVolumeSet.java:initializeVolumeSet(173)) - Added Volume : /home/runner/work/ozone/ozone/hadoop-ozone/integration-test/target/test-dir/MiniOzoneClusterImpl-71195f16-0443-47ad-abb9-7568f4d0400c/ozone-meta/datanode-1/ratis to VolumeSet
2024-08-15 10:19:06,182 [main] INFO  ozoneimpl.OzoneContainer (HddsVolumeUtil.java:loadAllHddsVolumeDbStore(103)) - Load 1 volumes DbStore cost: 0ms
2024-08-15 10:19:06,184 [main] INFO  server.RaftServer (ConfUtils.java:logGet(46)) - raft.rpc.type = GRPC (default)
2024-08-15 10:19:06,184 [main] INFO  grpc.GrpcConfigKeys (ConfUtils.java:logFallback(53)) - raft.grpc.admin.host = null (fallback to raft.grpc.server.host)
2024-08-15 10:19:06,184 [main] INFO  grpc.GrpcConfigKeys (ConfUtils.java:logGet(46)) - raft.grpc.admin.port = 15489 (custom)
2024-08-15 10:19:06,184 [main] INFO  grpc.GrpcConfigKeys (ConfUtils.java:logFallback(53)) - raft.grpc.client.host = null (fallback to raft.grpc.server.host)
2024-08-15 10:19:06,184 [main] INFO  grpc.GrpcConfigKeys (ConfUtils.java:logGet(46)) - raft.grpc.client.port = 15489 (custom)
2024-08-15 10:19:06,184 [main] INFO  grpc.GrpcConfigKeys (ConfUtils.java:logGet(46)) - raft.grpc.server.host = null (default)
2024-08-15 10:19:06,184 [main] INFO  grpc.GrpcConfigKeys (ConfUtils.java:logGet(46)) - raft.grpc.server.port = 15489 (custom)
2024-08-15 10:19:06,184 [main] INFO  server.GrpcService (ConfUtils.java:logGet(46)) - raft.grpc.message.size.max = 32MB (=33554432) (custom)
2024-08-15 10:19:06,185 [main] INFO  server.RaftServerConfigKeys (ConfUtils.java:logGet(46)) - raft.server.log.appender.buffer.byte-limit = 8388608 (custom)
2024-08-15 10:19:06,185 [main] INFO  server.GrpcService (ConfUtils.java:logGet(46)) - raft.grpc.flow.control.window = 5MB (=5242880) (custom)
2024-08-15 10:19:06,185 [main] INFO  server.RaftServerConfigKeys (ConfUtils.java:logGet(46)) - raft.server.rpc.request.timeout = 3000ms (default)
2024-08-15 10:19:06,185 [main] INFO  grpc.GrpcConfigKeys (ConfUtils.java:logGet(46)) - raft.grpc.server.heartbeat.channel = true (default)
2024-08-15 10:19:06,185 [main] INFO  grpc.GrpcConfigKeys (ConfUtils.java:logGet(46)) - raft.grpc.server.async.request.thread.pool.cached = true (default)
2024-08-15 10:19:06,185 [main] INFO  grpc.GrpcConfigKeys (ConfUtils.java:logGet(46)) - raft.grpc.server.async.request.thread.pool.size = 32 (default)
2024-08-15 10:19:06,186 [main] INFO  impl.DataStreamServerImpl (ConfUtils.java:logGet(46)) - raft.datastream.type = NETTY (custom)
2024-08-15 10:19:06,186 [main] INFO  server.RaftServerConfigKeys (ConfUtils.java:logGet(46)) - raft.server.data-stream.async.request.thread.pool.cached = false (default)
2024-08-15 10:19:06,186 [main] INFO  server.RaftServerConfigKeys (ConfUtils.java:logGet(46)) - raft.server.data-stream.async.request.thread.pool.size = 20 (custom)
2024-08-15 10:19:06,186 [main] INFO  server.RaftServerConfigKeys (ConfUtils.java:logGet(46)) - raft.server.data-stream.async.write.thread.pool.size = 16 (default)
2024-08-15 10:19:06,186 [main] INFO  netty.NettyConfigKeys$DataStream (ConfUtils.java:logGet(46)) - raft.netty.dataStream.server.channel.inactive.grace-period = 10min (default)
2024-08-15 10:19:06,186 [main] INFO  server.RaftServerConfigKeys (ConfUtils.java:logGet(46)) - raft.server.data-stream.client.pool.size = 10 (default)
2024-08-15 10:19:06,187 [main] INFO  netty.NettyConfigKeys$DataStream (ConfUtils.java:logGet(46)) - raft.netty.dataStream.server.use-epoll = true (default)
2024-08-15 10:19:06,187 [main] INFO  netty.NettyConfigKeys$DataStream (ConfUtils.java:logGet(46)) - raft.netty.dataStream.server.boss-group.size = 0 (default)
2024-08-15 10:19:06,187 [main] INFO  netty.NettyUtils (NettyUtils.java:newEventLoopGroup(74)) - Create EpollEventLoopGroup for 1b29c983-94d7-499d-bcc1-fd69fd0caba2-NettyServerStreamRpc-bossGroup; Thread size is 0.
2024-08-15 10:19:06,187 [main] INFO  netty.NettyConfigKeys$DataStream (ConfUtils.java:logGet(46)) - raft.netty.dataStream.server.worker-group.size = 0 (default)
2024-08-15 10:19:06,187 [main] INFO  netty.NettyUtils (NettyUtils.java:newEventLoopGroup(74)) - Create EpollEventLoopGroup for 1b29c983-94d7-499d-bcc1-fd69fd0caba2-NettyServerStreamRpc-workerGroup; Thread size is 0.
2024-08-15 10:19:06,187 [main] INFO  netty.NettyConfigKeys$DataStream (ConfUtils.java:logGet(46)) - raft.netty.dataStream.server.tls.conf = null (default)
2024-08-15 10:19:06,187 [main] INFO  netty.NettyConfigKeys$DataStream (ConfUtils.java:logGet(46)) - raft.netty.dataStream.host = null (default)
2024-08-15 10:19:06,188 [main] INFO  netty.NettyConfigKeys$DataStream (ConfUtils.java:logGet(46)) - raft.netty.dataStream.port = 15492 (custom)
2024-08-15 10:19:06,188 [main] INFO  server.RaftServerConfigKeys (ConfUtils.java:logGet(46)) - raft.server.sleep.deviation.threshold = 300ms (default)
2024-08-15 10:19:06,188 [main] INFO  server.RaftServerConfigKeys (ConfUtils.java:logGet(46)) - raft.server.close.threshold = 60s (default)
2024-08-15 10:19:06,188 [main] INFO  server.RaftServerConfigKeys (ConfUtils.java:logGet(46)) - raft.server.leaderelection.leader.step-down.wait-time = 10s (default)
2024-08-15 10:19:06,188 [main] INFO  server.RaftServerConfigKeys (ConfUtils.java:logGet(46)) - raft.server.storage.dir = [/home/runner/work/ozone/ozone/hadoop-ozone/integration-test/target/test-dir/MiniOzoneClusterImpl-71195f16-0443-47ad-abb9-7568f4d0400c/ozone-meta/datanode-1/ratis] (custom)
2024-08-15 10:19:06,188 [main] INFO  server.RaftServerConfigKeys (ConfUtils.java:logGet(46)) - raft.server.threadpool.proxy.cached = true (default)
2024-08-15 10:19:06,189 [main] INFO  server.RaftServerConfigKeys (ConfUtils.java:logGet(46)) - raft.server.threadpool.proxy.size = 0 (default)
2024-08-15 10:19:06,188 [1b29c983-94d7-499d-bcc1-fd69fd0caba2-NettyServerStreamRpc-bossGroup--thread1] INFO  logging.LoggingHandler (AbstractInternalLogger.java:log(148)) - [id: 0x0ea1ae48] REGISTERED
2024-08-15 10:19:06,189 [1b29c983-94d7-499d-bcc1-fd69fd0caba2-NettyServerStreamRpc-bossGroup--thread1] INFO  logging.LoggingHandler (AbstractInternalLogger.java:log(148)) - [id: 0x0ea1ae48] BIND: 0.0.0.0/0.0.0.0:15492
2024-08-15 10:19:06,189 [1b29c983-94d7-499d-bcc1-fd69fd0caba2-NettyServerStreamRpc-bossGroup--thread1] INFO  logging.LoggingHandler (AbstractInternalLogger.java:log(148)) - [id: 0x0ea1ae48, L:/0.0.0.0:15492] ACTIVE
2024-08-15 10:19:06,189 [1b29c983-94d7-499d-bcc1-fd69fd0caba2-impl-thread1] INFO  server.RaftServer (RaftServerProxy.java:initGroupDir(266)) - 1b29c983-94d7-499d-bcc1-fd69fd0caba2: found a subdirectory /home/runner/work/ozone/ozone/hadoop-ozone/integration-test/target/test-dir/MiniOzoneClusterImpl-71195f16-0443-47ad-abb9-7568f4d0400c/ozone-meta/datanode-1/ratis/tmp
2024-08-15 10:19:06,189 [1b29c983-94d7-499d-bcc1-fd69fd0caba2-impl-thread1] INFO  server.RaftServer (RaftServerProxy.java:initGroupDir(271)) - 1b29c983-94d7-499d-bcc1-fd69fd0caba2: The directory /home/runner/work/ozone/ozone/hadoop-ozone/integration-test/target/test-dir/MiniOzoneClusterImpl-71195f16-0443-47ad-abb9-7568f4d0400c/ozone-meta/datanode-1/ratis/tmp is not a group directory; ignoring it. 
2024-08-15 10:19:06,190 [main] INFO  replication.ReplicationServer (ReplicationServer.java:<init>(86)) - Initializing replication server with thread count = 10 queue length = 4096
2024-08-15 10:19:06,190 [main] INFO  server.XceiverServerGrpc (XceiverServerGrpc.java:<init>(141)) - GrpcServer channel type EpollServerSocketChannel
2024-08-15 10:19:06,191 [main] INFO  replication.ReplicationSupervisor (ReplicationSupervisor.java:build(157)) - Initializing replication supervisor with thread count = 10
2024-08-15 10:19:06,191 [main] INFO  replication.ReplicationSupervisor (ReplicationSupervisor.java:nodeStateUpdated(312)) - Node state updated to IN_SERVICE, scaling executor pool size to 10
2024-08-15 10:19:06,192 [main] INFO  http.BaseHttpServer (BaseHttpServer.java:newHttpServer2BuilderForOzone(223)) - Starting Web-server for hddsDatanode at: http://0.0.0.0:15486
2024-08-15 10:19:06,192 [main] INFO  http.BaseHttpServer (BaseHttpServer.java:<init>(110)) - Hadoop Security Enabled: false Ozone Security Enabled: false Ozone HTTP Security Enabled: false 
2024-08-15 10:19:06,193 [main] WARN  server.AuthenticationFilter (AuthenticationFilter.java:constructSecretProvider(240)) - Unable to initialize FileSignerSecretProvider, falling back to use random secrets. Reason: Could not read signature secret file: /home/runner/hadoop-http-auth-signature-secret
2024-08-15 10:19:06,194 [main] INFO  http.HttpRequestLog (HttpRequestLog.java:getRequestLog(86)) - Http request log for http.requests.hddsDatanode is not defined
2024-08-15 10:19:06,194 [main] INFO  http.HttpServer2 (HttpServer2.java:addGlobalFilter(1035)) - Added global filter 'safety' (class=org.apache.hadoop.hdds.server.http.HttpServer2$QuotingInputFilter)
2024-08-15 10:19:06,194 [main] INFO  http.HttpServer2 (HttpServer2.java:addFilter(1011)) - Added filter static_user_filter (class=org.apache.hadoop.http.lib.StaticUserWebFilter$StaticUserFilter) to context hddsDatanode
2024-08-15 10:19:06,195 [main] INFO  http.HttpServer2 (HttpServer2.java:addFilter(1019)) - Added filter static_user_filter (class=org.apache.hadoop.http.lib.StaticUserWebFilter$StaticUserFilter) to context static
2024-08-15 10:19:06,195 [main] INFO  http.HttpServer2 (HttpServer2.java:addFilter(1019)) - Added filter static_user_filter (class=org.apache.hadoop.http.lib.StaticUserWebFilter$StaticUserFilter) to context logs
2024-08-15 10:19:06,195 [main] INFO  http.BaseHttpServer (BaseHttpServer.java:<init>(189)) - HTTP server of hddsDatanode uses base directory /home/runner/work/ozone/ozone/hadoop-ozone/integration-test/target/test-dir/MiniOzoneClusterImpl-71195f16-0443-47ad-abb9-7568f4d0400c/ozone-meta/datanode-1/meta/webserver
2024-08-15 10:19:06,195 [main] INFO  http.HttpServer2 (HttpServer2.java:bindListener(1235)) - Jetty bound to port 15486
2024-08-15 10:19:06,195 [main] INFO  server.Server (Server.java:doStart(375)) - jetty-9.4.55.v20240627; built: 2024-06-27T15:05:37.765Z; git: 70015831e5195ba74da6383c4ab7c90c56bb08af; jvm 17.0.12+7
2024-08-15 10:19:06,196 [main] INFO  server.session (DefaultSessionIdManager.java:doStart(334)) - DefaultSessionIdManager workerName=node0
2024-08-15 10:19:06,196 [main] INFO  server.session (DefaultSessionIdManager.java:doStart(339)) - No SessionScavenger set, using defaults
2024-08-15 10:19:06,197 [main] INFO  server.session (HouseKeeper.java:startScavenging(132)) - node0 Scavenging every 600000ms
2024-08-15 10:19:06,197 [main] INFO  handler.ContextHandler (ContextHandler.java:doStart(921)) - Started o.e.j.s.ServletContextHandler@2adaf607{logs,/logs,file:///home/runner/work/ozone/ozone/hadoop-ozone/integration-test/target/log,AVAILABLE}
2024-08-15 10:19:06,197 [main] INFO  handler.ContextHandler (ContextHandler.java:doStart(921)) - Started o.e.j.s.ServletContextHandler@30baf92c{static,/static,jar:file:/home/runner/work/ozone/ozone/hadoop-hdds/container-service/target/hdds-container-service-1.5.0-SNAPSHOT.jar!/webapps/static,AVAILABLE}
2024-08-15 10:19:06,385 [main] INFO  handler.ContextHandler (ContextHandler.java:doStart(921)) - Started o.e.j.w.WebAppContext@27ef23de{hddsDatanode,/,file:///home/runner/work/ozone/ozone/hadoop-ozone/integration-test/target/test-dir/MiniOzoneClusterImpl-71195f16-0443-47ad-abb9-7568f4d0400c/ozone-meta/datanode-1/meta/webserver/jetty-0_0_0_0-15486-hdds-container-service-1_5_0-SNAPSHOT_jar-_-any-10397921823470879192/webapp/,AVAILABLE}{jar:file:/home/runner/work/ozone/ozone/hadoop-hdds/container-service/target/hdds-container-service-1.5.0-SNAPSHOT.jar!/webapps/hddsDatanode}
2024-08-15 10:19:06,386 [main] INFO  server.AbstractConnector (AbstractConnector.java:doStart(333)) - Started ServerConnector@73155124{HTTP/1.1, (http/1.1)}{0.0.0.0:15486}
2024-08-15 10:19:06,386 [main] INFO  server.Server (Server.java:doStart(415)) - Started @510503ms
2024-08-15 10:19:06,386 [main] WARN  impl.MetricsSystemImpl (MetricsSystemImpl.java:register(279)) - Sink prometheus already exists!
2024-08-15 10:19:06,387 [main] INFO  http.BaseHttpServer (BaseHttpServer.java:updateConnectorAddress(354)) - HTTP server of hddsDatanode listening at http://0.0.0.0:15486
2024-08-15 10:19:06,387 [main] INFO  ipc.CallQueueManager (CallQueueManager.java:<init>(90)) - Using callQueue: class java.util.concurrent.LinkedBlockingQueue, queueCapacity: 1000, scheduler: class org.apache.hadoop.ipc.DefaultRpcScheduler, ipcBackoff: false.
2024-08-15 10:19:06,387 [main] INFO  ipc.Server (Server.java:<init>(1287)) - Listener at 0.0.0.0:15487
2024-08-15 10:19:06,388 [Socket Reader #1 for port 15487] INFO  ipc.Server (Server.java:run(1323)) - Starting Socket Reader #1 for port 15487
2024-08-15 10:19:06,388 [Socket Reader #2 for port 15487] INFO  ipc.Server (Server.java:run(1323)) - Starting Socket Reader #2 for port 15487
2024-08-15 10:19:06,388 [Socket Reader #3 for port 15487] INFO  ipc.Server (Server.java:run(1323)) - Starting Socket Reader #3 for port 15487
2024-08-15 10:19:06,388 [Socket Reader #4 for port 15487] INFO  ipc.Server (Server.java:run(1323)) - Starting Socket Reader #4 for port 15487
2024-08-15 10:19:06,389 [Socket Reader #5 for port 15487] INFO  ipc.Server (Server.java:run(1323)) - Starting Socket Reader #5 for port 15487
2024-08-15 10:19:06,389 [Socket Reader #6 for port 15487] INFO  ipc.Server (Server.java:run(1323)) - Starting Socket Reader #6 for port 15487
2024-08-15 10:19:06,389 [Socket Reader #7 for port 15487] INFO  ipc.Server (Server.java:run(1323)) - Starting Socket Reader #7 for port 15487
2024-08-15 10:19:06,389 [Socket Reader #8 for port 15487] INFO  ipc.Server (Server.java:run(1323)) - Starting Socket Reader #8 for port 15487
2024-08-15 10:19:06,389 [Socket Reader #9 for port 15487] INFO  ipc.Server (Server.java:run(1323)) - Starting Socket Reader #9 for port 15487
2024-08-15 10:19:06,389 [Socket Reader #10 for port 15487] INFO  ipc.Server (Server.java:run(1323)) - Starting Socket Reader #10 for port 15487
2024-08-15 10:19:06,390 [main] INFO  ozone.HddsDatanodeService (HddsDatanodeService.java:start(319)) - Datanode start with admins: [runner]
2024-08-15 10:19:06,390 [main] INFO  ozone.HddsDatanodeClientProtocolServer (HddsDatanodeClientProtocolServer.java:start(79)) - RPC server for Client /0.0.0.0:15487
2024-08-15 10:19:06,391 [IPC Server Responder] INFO  ipc.Server (Server.java:run(1562)) - IPC Server Responder: starting
2024-08-15 10:19:06,391 [IPC Server listener on 15487] INFO  ipc.Server (Server.java:run(1402)) - IPC Server listener on 15487: starting
2024-08-15 10:19:06,392 [main] WARN  dropwizard3.Dm3MetricRegistriesImpl (Dm3MetricRegistriesImpl.java:addReporterRegistration(114)) - New reporters are added after registries were created. Some metrics will be missing from the reporter. Please add reporter before adding any new registry.
2024-08-15 10:19:06,392 [main] WARN  dropwizard3.Dm3MetricRegistriesImpl (Dm3MetricRegistriesImpl.java:addReporterRegistration(114)) - New reporters are added after registries were created. Some metrics will be missing from the reporter. Please add reporter before adding any new registry.
2024-08-15 10:19:06,392 [main] INFO  impl.MetricsSystemImpl (MetricsSystemImpl.java:init(158)) - HddsDatanode metrics system started (again)
2024-08-15 10:19:06,392 [1b29c983-94d7-499d-bcc1-fd69fd0caba2-DatanodeStateMachineDaemonThread] INFO  statemachine.DatanodeStateMachine (DatanodeStateMachine.java:startStateMachineThread(338)) - Ozone container server started.
2024-08-15 10:19:06,394 [1b29c983-94d7-499d-bcc1-fd69fd0caba2-DatanodeStateMachineTaskThread-0] INFO  datanode.InitDatanodeState (InitDatanodeState.java:persistContainerDatanodeDetails(139)) - DatanodeDetails is persisted to /home/runner/work/ozone/ozone/hadoop-ozone/integration-test/target/test-dir/MiniOzoneClusterImpl-71195f16-0443-47ad-abb9-7568f4d0400c/ozone-meta/datanode-1/meta/datanode.id
2024-08-15 10:19:06,401 [main] INFO  ozone.HddsDatanodeService (HddsDatanodeService.java:start(235)) - HddsDatanodeService host:fv-az1107-352.5an5qfagtveezn4vzio0gr3jze.ex.internal.cloudapp.net ip:10.1.0.39
2024-08-15 10:19:06,403 [main] INFO  upgrade.AbstractLayoutVersionManager (AbstractLayoutVersionManager.java:init(83)) - Initializing Layout version manager with metadata layout = HBASE_SUPPORT (version = 8), software layout = HBASE_SUPPORT (version = 8)
2024-08-15 10:19:06,403 [main] INFO  statemachine.DatanodeStateMachine (DatanodeStateMachine.java:getEndPointTaskThreadPoolSize(295)) - Datanode State Machine Task Thread Pool size 2
2024-08-15 10:19:06,404 [main] INFO  volume.HddsVolume (HddsVolume.java:<init>(127)) - Creating HddsVolume: /home/runner/work/ozone/ozone/hadoop-ozone/integration-test/target/test-dir/MiniOzoneClusterImpl-71195f16-0443-47ad-abb9-7568f4d0400c/ozone-meta/datanode-2/data-0/hdds of storage type : DISK capacity : 9222449699674390527
2024-08-15 10:19:06,404 [main] INFO  volume.MutableVolumeSet (MutableVolumeSet.java:initializeVolumeSet(173)) - Added Volume : /home/runner/work/ozone/ozone/hadoop-ozone/integration-test/target/test-dir/MiniOzoneClusterImpl-71195f16-0443-47ad-abb9-7568f4d0400c/ozone-meta/datanode-2/data-0/hdds to VolumeSet
2024-08-15 10:19:06,405 [main] INFO  volume.MutableVolumeSet (MutableVolumeSet.java:initializeVolumeSet(173)) - Added Volume : /home/runner/work/ozone/ozone/hadoop-ozone/integration-test/target/test-dir/MiniOzoneClusterImpl-71195f16-0443-47ad-abb9-7568f4d0400c/ozone-meta/datanode-2/ratis to VolumeSet
2024-08-15 10:19:06,405 [main] INFO  ozoneimpl.OzoneContainer (HddsVolumeUtil.java:loadAllHddsVolumeDbStore(103)) - Load 1 volumes DbStore cost: 0ms
2024-08-15 10:19:06,406 [main] INFO  server.RaftServer (ConfUtils.java:logGet(46)) - raft.rpc.type = GRPC (default)
2024-08-15 10:19:06,407 [main] INFO  grpc.GrpcConfigKeys (ConfUtils.java:logFallback(53)) - raft.grpc.admin.host = null (fallback to raft.grpc.server.host)
2024-08-15 10:19:06,407 [main] INFO  grpc.GrpcConfigKeys (ConfUtils.java:logGet(46)) - raft.grpc.admin.port = 15498 (custom)
2024-08-15 10:19:06,407 [main] INFO  grpc.GrpcConfigKeys (ConfUtils.java:logFallback(53)) - raft.grpc.client.host = null (fallback to raft.grpc.server.host)
2024-08-15 10:19:06,407 [main] INFO  grpc.GrpcConfigKeys (ConfUtils.java:logGet(46)) - raft.grpc.client.port = 15498 (custom)
2024-08-15 10:19:06,407 [main] INFO  grpc.GrpcConfigKeys (ConfUtils.java:logGet(46)) - raft.grpc.server.host = null (default)
2024-08-15 10:19:06,407 [main] INFO  grpc.GrpcConfigKeys (ConfUtils.java:logGet(46)) - raft.grpc.server.port = 15498 (custom)
2024-08-15 10:19:06,407 [main] INFO  server.GrpcService (ConfUtils.java:logGet(46)) - raft.grpc.message.size.max = 32MB (=33554432) (custom)
2024-08-15 10:19:06,407 [main] INFO  server.RaftServerConfigKeys (ConfUtils.java:logGet(46)) - raft.server.log.appender.buffer.byte-limit = 8388608 (custom)
2024-08-15 10:19:06,407 [main] INFO  server.GrpcService (ConfUtils.java:logGet(46)) - raft.grpc.flow.control.window = 5MB (=5242880) (custom)
2024-08-15 10:19:06,408 [main] INFO  server.RaftServerConfigKeys (ConfUtils.java:logGet(46)) - raft.server.rpc.request.timeout = 3000ms (default)
2024-08-15 10:19:06,408 [main] INFO  grpc.GrpcConfigKeys (ConfUtils.java:logGet(46)) - raft.grpc.server.heartbeat.channel = true (default)
2024-08-15 10:19:06,408 [main] INFO  grpc.GrpcConfigKeys (ConfUtils.java:logGet(46)) - raft.grpc.server.async.request.thread.pool.cached = true (default)
2024-08-15 10:19:06,408 [main] INFO  grpc.GrpcConfigKeys (ConfUtils.java:logGet(46)) - raft.grpc.server.async.request.thread.pool.size = 32 (default)
2024-08-15 10:19:06,408 [main] INFO  impl.DataStreamServerImpl (ConfUtils.java:logGet(46)) - raft.datastream.type = NETTY (custom)
2024-08-15 10:19:06,409 [main] INFO  server.RaftServerConfigKeys (ConfUtils.java:logGet(46)) - raft.server.data-stream.async.request.thread.pool.cached = false (default)
2024-08-15 10:19:06,409 [main] INFO  server.RaftServerConfigKeys (ConfUtils.java:logGet(46)) - raft.server.data-stream.async.request.thread.pool.size = 20 (custom)
2024-08-15 10:19:06,409 [main] INFO  server.RaftServerConfigKeys (ConfUtils.java:logGet(46)) - raft.server.data-stream.async.write.thread.pool.size = 16 (default)
2024-08-15 10:19:06,409 [main] INFO  netty.NettyConfigKeys$DataStream (ConfUtils.java:logGet(46)) - raft.netty.dataStream.server.channel.inactive.grace-period = 10min (default)
2024-08-15 10:19:06,409 [main] INFO  server.RaftServerConfigKeys (ConfUtils.java:logGet(46)) - raft.server.data-stream.client.pool.size = 10 (default)
2024-08-15 10:19:06,409 [main] INFO  netty.NettyConfigKeys$DataStream (ConfUtils.java:logGet(46)) - raft.netty.dataStream.server.use-epoll = true (default)
2024-08-15 10:19:06,409 [main] INFO  netty.NettyConfigKeys$DataStream (ConfUtils.java:logGet(46)) - raft.netty.dataStream.server.boss-group.size = 0 (default)
2024-08-15 10:19:06,409 [main] INFO  netty.NettyUtils (NettyUtils.java:newEventLoopGroup(74)) - Create EpollEventLoopGroup for 0e485a45-f52d-48d7-a7aa-3788f1251f10-NettyServerStreamRpc-bossGroup; Thread size is 0.
2024-08-15 10:19:06,410 [main] INFO  netty.NettyConfigKeys$DataStream (ConfUtils.java:logGet(46)) - raft.netty.dataStream.server.worker-group.size = 0 (default)
2024-08-15 10:19:06,410 [main] INFO  netty.NettyUtils (NettyUtils.java:newEventLoopGroup(74)) - Create EpollEventLoopGroup for 0e485a45-f52d-48d7-a7aa-3788f1251f10-NettyServerStreamRpc-workerGroup; Thread size is 0.
2024-08-15 10:19:06,410 [main] INFO  netty.NettyConfigKeys$DataStream (ConfUtils.java:logGet(46)) - raft.netty.dataStream.server.tls.conf = null (default)
2024-08-15 10:19:06,410 [main] INFO  netty.NettyConfigKeys$DataStream (ConfUtils.java:logGet(46)) - raft.netty.dataStream.host = null (default)
2024-08-15 10:19:06,410 [main] INFO  netty.NettyConfigKeys$DataStream (ConfUtils.java:logGet(46)) - raft.netty.dataStream.port = 15501 (custom)
2024-08-15 10:19:06,411 [main] INFO  server.RaftServerConfigKeys (ConfUtils.java:logGet(46)) - raft.server.sleep.deviation.threshold = 300ms (default)
2024-08-15 10:19:06,411 [main] INFO  server.RaftServerConfigKeys (ConfUtils.java:logGet(46)) - raft.server.close.threshold = 60s (default)
2024-08-15 10:19:06,411 [main] INFO  server.RaftServerConfigKeys (ConfUtils.java:logGet(46)) - raft.server.leaderelection.leader.step-down.wait-time = 10s (default)
2024-08-15 10:19:06,411 [0e485a45-f52d-48d7-a7aa-3788f1251f10-NettyServerStreamRpc-bossGroup--thread1] INFO  logging.LoggingHandler (AbstractInternalLogger.java:log(148)) - [id: 0x3543ce4e] REGISTERED
2024-08-15 10:19:06,411 [main] INFO  server.RaftServerConfigKeys (ConfUtils.java:logGet(46)) - raft.server.storage.dir = [/home/runner/work/ozone/ozone/hadoop-ozone/integration-test/target/test-dir/MiniOzoneClusterImpl-71195f16-0443-47ad-abb9-7568f4d0400c/ozone-meta/datanode-2/ratis] (custom)
2024-08-15 10:19:06,411 [main] INFO  server.RaftServerConfigKeys (ConfUtils.java:logGet(46)) - raft.server.threadpool.proxy.cached = true (default)
2024-08-15 10:19:06,411 [main] INFO  server.RaftServerConfigKeys (ConfUtils.java:logGet(46)) - raft.server.threadpool.proxy.size = 0 (default)
2024-08-15 10:19:06,411 [0e485a45-f52d-48d7-a7aa-3788f1251f10-NettyServerStreamRpc-bossGroup--thread1] INFO  logging.LoggingHandler (AbstractInternalLogger.java:log(148)) - [id: 0x3543ce4e] BIND: 0.0.0.0/0.0.0.0:15501
2024-08-15 10:19:06,412 [0e485a45-f52d-48d7-a7aa-3788f1251f10-NettyServerStreamRpc-bossGroup--thread1] INFO  logging.LoggingHandler (AbstractInternalLogger.java:log(148)) - [id: 0x3543ce4e, L:/0.0.0.0:15501] ACTIVE
2024-08-15 10:19:06,412 [0e485a45-f52d-48d7-a7aa-3788f1251f10-impl-thread1] INFO  server.RaftServer (RaftServerProxy.java:initGroupDir(266)) - 0e485a45-f52d-48d7-a7aa-3788f1251f10: found a subdirectory /home/runner/work/ozone/ozone/hadoop-ozone/integration-test/target/test-dir/MiniOzoneClusterImpl-71195f16-0443-47ad-abb9-7568f4d0400c/ozone-meta/datanode-2/ratis/tmp
2024-08-15 10:19:06,412 [0e485a45-f52d-48d7-a7aa-3788f1251f10-impl-thread1] INFO  server.RaftServer (RaftServerProxy.java:initGroupDir(271)) - 0e485a45-f52d-48d7-a7aa-3788f1251f10: The directory /home/runner/work/ozone/ozone/hadoop-ozone/integration-test/target/test-dir/MiniOzoneClusterImpl-71195f16-0443-47ad-abb9-7568f4d0400c/ozone-meta/datanode-2/ratis/tmp is not a group directory; ignoring it. 
2024-08-15 10:19:06,412 [main] INFO  replication.ReplicationServer (ReplicationServer.java:<init>(86)) - Initializing replication server with thread count = 10 queue length = 4096
2024-08-15 10:19:06,413 [main] INFO  server.XceiverServerGrpc (XceiverServerGrpc.java:<init>(141)) - GrpcServer channel type EpollServerSocketChannel
2024-08-15 10:19:06,413 [main] INFO  replication.ReplicationSupervisor (ReplicationSupervisor.java:build(157)) - Initializing replication supervisor with thread count = 10
2024-08-15 10:19:06,413 [main] INFO  replication.ReplicationSupervisor (ReplicationSupervisor.java:nodeStateUpdated(312)) - Node state updated to IN_SERVICE, scaling executor pool size to 10
2024-08-15 10:19:06,415 [main] INFO  http.BaseHttpServer (BaseHttpServer.java:newHttpServer2BuilderForOzone(223)) - Starting Web-server for hddsDatanode at: http://0.0.0.0:15495
2024-08-15 10:19:06,415 [main] INFO  http.BaseHttpServer (BaseHttpServer.java:<init>(110)) - Hadoop Security Enabled: false Ozone Security Enabled: false Ozone HTTP Security Enabled: false 
2024-08-15 10:19:06,416 [main] WARN  server.AuthenticationFilter (AuthenticationFilter.java:constructSecretProvider(240)) - Unable to initialize FileSignerSecretProvider, falling back to use random secrets. Reason: Could not read signature secret file: /home/runner/hadoop-http-auth-signature-secret
2024-08-15 10:19:06,416 [main] INFO  http.HttpRequestLog (HttpRequestLog.java:getRequestLog(86)) - Http request log for http.requests.hddsDatanode is not defined
2024-08-15 10:19:06,417 [main] INFO  http.HttpServer2 (HttpServer2.java:addGlobalFilter(1035)) - Added global filter 'safety' (class=org.apache.hadoop.hdds.server.http.HttpServer2$QuotingInputFilter)
2024-08-15 10:19:06,417 [main] INFO  http.HttpServer2 (HttpServer2.java:addFilter(1011)) - Added filter static_user_filter (class=org.apache.hadoop.http.lib.StaticUserWebFilter$StaticUserFilter) to context hddsDatanode
2024-08-15 10:19:06,417 [main] INFO  http.HttpServer2 (HttpServer2.java:addFilter(1019)) - Added filter static_user_filter (class=org.apache.hadoop.http.lib.StaticUserWebFilter$StaticUserFilter) to context logs
2024-08-15 10:19:06,417 [main] INFO  http.HttpServer2 (HttpServer2.java:addFilter(1019)) - Added filter static_user_filter (class=org.apache.hadoop.http.lib.StaticUserWebFilter$StaticUserFilter) to context static
2024-08-15 10:19:06,417 [main] INFO  http.BaseHttpServer (BaseHttpServer.java:<init>(189)) - HTTP server of hddsDatanode uses base directory /home/runner/work/ozone/ozone/hadoop-ozone/integration-test/target/test-dir/MiniOzoneClusterImpl-71195f16-0443-47ad-abb9-7568f4d0400c/ozone-meta/datanode-2/meta/webserver
2024-08-15 10:19:06,418 [main] INFO  http.HttpServer2 (HttpServer2.java:bindListener(1235)) - Jetty bound to port 15495
2024-08-15 10:19:06,418 [main] INFO  server.Server (Server.java:doStart(375)) - jetty-9.4.55.v20240627; built: 2024-06-27T15:05:37.765Z; git: 70015831e5195ba74da6383c4ab7c90c56bb08af; jvm 17.0.12+7
2024-08-15 10:19:06,419 [main] INFO  server.session (DefaultSessionIdManager.java:doStart(334)) - DefaultSessionIdManager workerName=node0
2024-08-15 10:19:06,419 [main] INFO  server.session (DefaultSessionIdManager.java:doStart(339)) - No SessionScavenger set, using defaults
2024-08-15 10:19:06,419 [main] INFO  server.session (HouseKeeper.java:startScavenging(132)) - node0 Scavenging every 600000ms
2024-08-15 10:19:06,419 [main] INFO  handler.ContextHandler (ContextHandler.java:doStart(921)) - Started o.e.j.s.ServletContextHandler@24317d19{logs,/logs,file:///home/runner/work/ozone/ozone/hadoop-ozone/integration-test/target/log,AVAILABLE}
2024-08-15 10:19:06,420 [main] INFO  handler.ContextHandler (ContextHandler.java:doStart(921)) - Started o.e.j.s.ServletContextHandler@b7a9421{static,/static,jar:file:/home/runner/work/ozone/ozone/hadoop-hdds/container-service/target/hdds-container-service-1.5.0-SNAPSHOT.jar!/webapps/static,AVAILABLE}
2024-08-15 10:19:06,610 [main] INFO  handler.ContextHandler (ContextHandler.java:doStart(921)) - Started o.e.j.w.WebAppContext@2a1c5329{hddsDatanode,/,file:///home/runner/work/ozone/ozone/hadoop-ozone/integration-test/target/test-dir/MiniOzoneClusterImpl-71195f16-0443-47ad-abb9-7568f4d0400c/ozone-meta/datanode-2/meta/webserver/jetty-0_0_0_0-15495-hdds-container-service-1_5_0-SNAPSHOT_jar-_-any-16304642997593419674/webapp/,AVAILABLE}{jar:file:/home/runner/work/ozone/ozone/hadoop-hdds/container-service/target/hdds-container-service-1.5.0-SNAPSHOT.jar!/webapps/hddsDatanode}
2024-08-15 10:19:06,610 [main] INFO  server.AbstractConnector (AbstractConnector.java:doStart(333)) - Started ServerConnector@4d4e1369{HTTP/1.1, (http/1.1)}{0.0.0.0:15495}
2024-08-15 10:19:06,611 [main] INFO  server.Server (Server.java:doStart(415)) - Started @510727ms
2024-08-15 10:19:06,611 [main] WARN  impl.MetricsSystemImpl (MetricsSystemImpl.java:register(279)) - Sink prometheus already exists!
2024-08-15 10:19:06,611 [main] INFO  http.BaseHttpServer (BaseHttpServer.java:updateConnectorAddress(354)) - HTTP server of hddsDatanode listening at http://0.0.0.0:15495
2024-08-15 10:19:06,612 [main] INFO  ipc.CallQueueManager (CallQueueManager.java:<init>(90)) - Using callQueue: class java.util.concurrent.LinkedBlockingQueue, queueCapacity: 1000, scheduler: class org.apache.hadoop.ipc.DefaultRpcScheduler, ipcBackoff: false.
2024-08-15 10:19:06,612 [main] INFO  ipc.Server (Server.java:<init>(1287)) - Listener at 0.0.0.0:15496
2024-08-15 10:19:06,612 [Socket Reader #1 for port 15496] INFO  ipc.Server (Server.java:run(1323)) - Starting Socket Reader #1 for port 15496
2024-08-15 10:19:06,612 [Socket Reader #2 for port 15496] INFO  ipc.Server (Server.java:run(1323)) - Starting Socket Reader #2 for port 15496
2024-08-15 10:19:06,613 [Socket Reader #3 for port 15496] INFO  ipc.Server (Server.java:run(1323)) - Starting Socket Reader #3 for port 15496
2024-08-15 10:19:06,613 [Socket Reader #4 for port 15496] INFO  ipc.Server (Server.java:run(1323)) - Starting Socket Reader #4 for port 15496
2024-08-15 10:19:06,613 [Socket Reader #5 for port 15496] INFO  ipc.Server (Server.java:run(1323)) - Starting Socket Reader #5 for port 15496
2024-08-15 10:19:06,613 [Socket Reader #6 for port 15496] INFO  ipc.Server (Server.java:run(1323)) - Starting Socket Reader #6 for port 15496
2024-08-15 10:19:06,613 [Socket Reader #7 for port 15496] INFO  ipc.Server (Server.java:run(1323)) - Starting Socket Reader #7 for port 15496
2024-08-15 10:19:06,613 [Socket Reader #8 for port 15496] INFO  ipc.Server (Server.java:run(1323)) - Starting Socket Reader #8 for port 15496
2024-08-15 10:19:06,614 [Socket Reader #9 for port 15496] INFO  ipc.Server (Server.java:run(1323)) - Starting Socket Reader #9 for port 15496
2024-08-15 10:19:06,614 [Socket Reader #10 for port 15496] INFO  ipc.Server (Server.java:run(1323)) - Starting Socket Reader #10 for port 15496
2024-08-15 10:19:06,615 [main] INFO  ozone.HddsDatanodeService (HddsDatanodeService.java:start(319)) - Datanode start with admins: [runner]
2024-08-15 10:19:06,615 [main] INFO  ozone.HddsDatanodeClientProtocolServer (HddsDatanodeClientProtocolServer.java:start(79)) - RPC server for Client /0.0.0.0:15496
2024-08-15 10:19:06,616 [IPC Server Responder] INFO  ipc.Server (Server.java:run(1562)) - IPC Server Responder: starting
2024-08-15 10:19:06,616 [IPC Server listener on 15496] INFO  ipc.Server (Server.java:run(1402)) - IPC Server listener on 15496: starting
2024-08-15 10:19:06,617 [main] WARN  dropwizard3.Dm3MetricRegistriesImpl (Dm3MetricRegistriesImpl.java:addReporterRegistration(114)) - New reporters are added after registries were created. Some metrics will be missing from the reporter. Please add reporter before adding any new registry.
2024-08-15 10:19:06,617 [main] WARN  dropwizard3.Dm3MetricRegistriesImpl (Dm3MetricRegistriesImpl.java:addReporterRegistration(114)) - New reporters are added after registries were created. Some metrics will be missing from the reporter. Please add reporter before adding any new registry.
2024-08-15 10:19:06,617 [main] INFO  impl.MetricsSystemImpl (MetricsSystemImpl.java:init(158)) - HddsDatanode metrics system started (again)
2024-08-15 10:19:06,619 [0e485a45-f52d-48d7-a7aa-3788f1251f10-DatanodeStateMachineDaemonThread] INFO  statemachine.DatanodeStateMachine (DatanodeStateMachine.java:startStateMachineThread(338)) - Ozone container server started.
2024-08-15 10:19:06,621 [0e485a45-f52d-48d7-a7aa-3788f1251f10-DatanodeStateMachineTaskThread-0] INFO  datanode.InitDatanodeState (InitDatanodeState.java:persistContainerDatanodeDetails(139)) - DatanodeDetails is persisted to /home/runner/work/ozone/ozone/hadoop-ozone/integration-test/target/test-dir/MiniOzoneClusterImpl-71195f16-0443-47ad-abb9-7568f4d0400c/ozone-meta/datanode-2/meta/datanode.id
2024-08-15 10:19:06,628 [main] INFO  ozone.HddsDatanodeService (HddsDatanodeService.java:start(235)) - HddsDatanodeService host:fv-az1107-352.5an5qfagtveezn4vzio0gr3jze.ex.internal.cloudapp.net ip:10.1.0.39
2024-08-15 10:19:06,631 [main] INFO  upgrade.AbstractLayoutVersionManager (AbstractLayoutVersionManager.java:init(83)) - Initializing Layout version manager with metadata layout = HBASE_SUPPORT (version = 8), software layout = HBASE_SUPPORT (version = 8)
2024-08-15 10:19:06,631 [main] INFO  statemachine.DatanodeStateMachine (DatanodeStateMachine.java:getEndPointTaskThreadPoolSize(295)) - Datanode State Machine Task Thread Pool size 2
2024-08-15 10:19:06,632 [main] INFO  volume.HddsVolume (HddsVolume.java:<init>(127)) - Creating HddsVolume: /home/runner/work/ozone/ozone/hadoop-ozone/integration-test/target/test-dir/MiniOzoneClusterImpl-71195f16-0443-47ad-abb9-7568f4d0400c/ozone-meta/datanode-3/data-0/hdds of storage type : DISK capacity : 9222449699674390527
2024-08-15 10:19:06,632 [main] INFO  volume.MutableVolumeSet (MutableVolumeSet.java:initializeVolumeSet(173)) - Added Volume : /home/runner/work/ozone/ozone/hadoop-ozone/integration-test/target/test-dir/MiniOzoneClusterImpl-71195f16-0443-47ad-abb9-7568f4d0400c/ozone-meta/datanode-3/data-0/hdds to VolumeSet
2024-08-15 10:19:06,633 [main] INFO  volume.MutableVolumeSet (MutableVolumeSet.java:initializeVolumeSet(173)) - Added Volume : /home/runner/work/ozone/ozone/hadoop-ozone/integration-test/target/test-dir/MiniOzoneClusterImpl-71195f16-0443-47ad-abb9-7568f4d0400c/ozone-meta/datanode-3/ratis to VolumeSet
2024-08-15 10:19:06,633 [main] INFO  ozoneimpl.OzoneContainer (HddsVolumeUtil.java:loadAllHddsVolumeDbStore(103)) - Load 1 volumes DbStore cost: 0ms
2024-08-15 10:19:06,634 [main] INFO  server.RaftServer (ConfUtils.java:logGet(46)) - raft.rpc.type = GRPC (default)
2024-08-15 10:19:06,634 [main] INFO  grpc.GrpcConfigKeys (ConfUtils.java:logFallback(53)) - raft.grpc.admin.host = null (fallback to raft.grpc.server.host)
2024-08-15 10:19:06,634 [main] INFO  grpc.GrpcConfigKeys (ConfUtils.java:logGet(46)) - raft.grpc.admin.port = 15507 (custom)
2024-08-15 10:19:06,634 [main] INFO  grpc.GrpcConfigKeys (ConfUtils.java:logFallback(53)) - raft.grpc.client.host = null (fallback to raft.grpc.server.host)
2024-08-15 10:19:06,635 [main] INFO  grpc.GrpcConfigKeys (ConfUtils.java:logGet(46)) - raft.grpc.client.port = 15507 (custom)
2024-08-15 10:19:06,635 [main] INFO  grpc.GrpcConfigKeys (ConfUtils.java:logGet(46)) - raft.grpc.server.host = null (default)
2024-08-15 10:19:06,635 [main] INFO  grpc.GrpcConfigKeys (ConfUtils.java:logGet(46)) - raft.grpc.server.port = 15507 (custom)
2024-08-15 10:19:06,635 [main] INFO  server.GrpcService (ConfUtils.java:logGet(46)) - raft.grpc.message.size.max = 32MB (=33554432) (custom)
2024-08-15 10:19:06,635 [main] INFO  server.RaftServerConfigKeys (ConfUtils.java:logGet(46)) - raft.server.log.appender.buffer.byte-limit = 8388608 (custom)
2024-08-15 10:19:06,635 [main] INFO  server.GrpcService (ConfUtils.java:logGet(46)) - raft.grpc.flow.control.window = 5MB (=5242880) (custom)
2024-08-15 10:19:06,635 [main] INFO  server.RaftServerConfigKeys (ConfUtils.java:logGet(46)) - raft.server.rpc.request.timeout = 3000ms (default)
2024-08-15 10:19:06,635 [main] INFO  grpc.GrpcConfigKeys (ConfUtils.java:logGet(46)) - raft.grpc.server.heartbeat.channel = true (default)
2024-08-15 10:19:06,635 [main] INFO  grpc.GrpcConfigKeys (ConfUtils.java:logGet(46)) - raft.grpc.server.async.request.thread.pool.cached = true (default)
2024-08-15 10:19:06,635 [main] INFO  grpc.GrpcConfigKeys (ConfUtils.java:logGet(46)) - raft.grpc.server.async.request.thread.pool.size = 32 (default)
2024-08-15 10:19:06,636 [main] INFO  impl.DataStreamServerImpl (ConfUtils.java:logGet(46)) - raft.datastream.type = NETTY (custom)
2024-08-15 10:19:06,636 [main] INFO  server.RaftServerConfigKeys (ConfUtils.java:logGet(46)) - raft.server.data-stream.async.request.thread.pool.cached = false (default)
2024-08-15 10:19:06,636 [main] INFO  server.RaftServerConfigKeys (ConfUtils.java:logGet(46)) - raft.server.data-stream.async.request.thread.pool.size = 20 (custom)
2024-08-15 10:19:06,636 [main] INFO  server.RaftServerConfigKeys (ConfUtils.java:logGet(46)) - raft.server.data-stream.async.write.thread.pool.size = 16 (default)
2024-08-15 10:19:06,636 [main] INFO  netty.NettyConfigKeys$DataStream (ConfUtils.java:logGet(46)) - raft.netty.dataStream.server.channel.inactive.grace-period = 10min (default)
2024-08-15 10:19:06,636 [main] INFO  server.RaftServerConfigKeys (ConfUtils.java:logGet(46)) - raft.server.data-stream.client.pool.size = 10 (default)
2024-08-15 10:19:06,636 [main] INFO  netty.NettyConfigKeys$DataStream (ConfUtils.java:logGet(46)) - raft.netty.dataStream.server.use-epoll = true (default)
2024-08-15 10:19:06,636 [main] INFO  netty.NettyConfigKeys$DataStream (ConfUtils.java:logGet(46)) - raft.netty.dataStream.server.boss-group.size = 0 (default)
2024-08-15 10:19:06,636 [main] INFO  netty.NettyUtils (NettyUtils.java:newEventLoopGroup(74)) - Create EpollEventLoopGroup for 38e4ed17-21fc-4cdd-a713-95c81e4a5ee7-NettyServerStreamRpc-bossGroup; Thread size is 0.
2024-08-15 10:19:06,637 [main] INFO  netty.NettyConfigKeys$DataStream (ConfUtils.java:logGet(46)) - raft.netty.dataStream.server.worker-group.size = 0 (default)
2024-08-15 10:19:06,637 [main] INFO  netty.NettyUtils (NettyUtils.java:newEventLoopGroup(74)) - Create EpollEventLoopGroup for 38e4ed17-21fc-4cdd-a713-95c81e4a5ee7-NettyServerStreamRpc-workerGroup; Thread size is 0.
2024-08-15 10:19:06,637 [main] INFO  netty.NettyConfigKeys$DataStream (ConfUtils.java:logGet(46)) - raft.netty.dataStream.server.tls.conf = null (default)
2024-08-15 10:19:06,637 [main] INFO  netty.NettyConfigKeys$DataStream (ConfUtils.java:logGet(46)) - raft.netty.dataStream.host = null (default)
2024-08-15 10:19:06,637 [main] INFO  netty.NettyConfigKeys$DataStream (ConfUtils.java:logGet(46)) - raft.netty.dataStream.port = 15510 (custom)
2024-08-15 10:19:06,637 [main] INFO  server.RaftServerConfigKeys (ConfUtils.java:logGet(46)) - raft.server.sleep.deviation.threshold = 300ms (default)
2024-08-15 10:19:06,637 [main] INFO  server.RaftServerConfigKeys (ConfUtils.java:logGet(46)) - raft.server.close.threshold = 60s (default)
2024-08-15 10:19:06,638 [main] INFO  server.RaftServerConfigKeys (ConfUtils.java:logGet(46)) - raft.server.leaderelection.leader.step-down.wait-time = 10s (default)
2024-08-15 10:19:06,637 [38e4ed17-21fc-4cdd-a713-95c81e4a5ee7-NettyServerStreamRpc-bossGroup--thread1] INFO  logging.LoggingHandler (AbstractInternalLogger.java:log(148)) - [id: 0xdfae71bd] REGISTERED
2024-08-15 10:19:06,638 [main] INFO  server.RaftServerConfigKeys (ConfUtils.java:logGet(46)) - raft.server.storage.dir = [/home/runner/work/ozone/ozone/hadoop-ozone/integration-test/target/test-dir/MiniOzoneClusterImpl-71195f16-0443-47ad-abb9-7568f4d0400c/ozone-meta/datanode-3/ratis] (custom)
2024-08-15 10:19:06,638 [38e4ed17-21fc-4cdd-a713-95c81e4a5ee7-NettyServerStreamRpc-bossGroup--thread1] INFO  logging.LoggingHandler (AbstractInternalLogger.java:log(148)) - [id: 0xdfae71bd] BIND: 0.0.0.0/0.0.0.0:15510
2024-08-15 10:19:06,638 [main] INFO  server.RaftServerConfigKeys (ConfUtils.java:logGet(46)) - raft.server.threadpool.proxy.cached = true (default)
2024-08-15 10:19:06,638 [main] INFO  server.RaftServerConfigKeys (ConfUtils.java:logGet(46)) - raft.server.threadpool.proxy.size = 0 (default)
2024-08-15 10:19:06,638 [38e4ed17-21fc-4cdd-a713-95c81e4a5ee7-NettyServerStreamRpc-bossGroup--thread1] INFO  logging.LoggingHandler (AbstractInternalLogger.java:log(148)) - [id: 0xdfae71bd, L:/0.0.0.0:15510] ACTIVE
2024-08-15 10:19:06,638 [38e4ed17-21fc-4cdd-a713-95c81e4a5ee7-impl-thread1] INFO  server.RaftServer (RaftServerProxy.java:initGroupDir(266)) - 38e4ed17-21fc-4cdd-a713-95c81e4a5ee7: found a subdirectory /home/runner/work/ozone/ozone/hadoop-ozone/integration-test/target/test-dir/MiniOzoneClusterImpl-71195f16-0443-47ad-abb9-7568f4d0400c/ozone-meta/datanode-3/ratis/tmp
2024-08-15 10:19:06,638 [38e4ed17-21fc-4cdd-a713-95c81e4a5ee7-impl-thread1] INFO  server.RaftServer (RaftServerProxy.java:initGroupDir(271)) - 38e4ed17-21fc-4cdd-a713-95c81e4a5ee7: The directory /home/runner/work/ozone/ozone/hadoop-ozone/integration-test/target/test-dir/MiniOzoneClusterImpl-71195f16-0443-47ad-abb9-7568f4d0400c/ozone-meta/datanode-3/ratis/tmp is not a group directory; ignoring it. 
2024-08-15 10:19:06,639 [main] INFO  replication.ReplicationServer (ReplicationServer.java:<init>(86)) - Initializing replication server with thread count = 10 queue length = 4096
2024-08-15 10:19:06,639 [main] INFO  server.XceiverServerGrpc (XceiverServerGrpc.java:<init>(141)) - GrpcServer channel type EpollServerSocketChannel
2024-08-15 10:19:06,640 [main] INFO  replication.ReplicationSupervisor (ReplicationSupervisor.java:build(157)) - Initializing replication supervisor with thread count = 10
2024-08-15 10:19:06,640 [main] INFO  replication.ReplicationSupervisor (ReplicationSupervisor.java:nodeStateUpdated(312)) - Node state updated to IN_SERVICE, scaling executor pool size to 10
2024-08-15 10:19:06,641 [main] INFO  http.BaseHttpServer (BaseHttpServer.java:newHttpServer2BuilderForOzone(223)) - Starting Web-server for hddsDatanode at: http://0.0.0.0:15504
2024-08-15 10:19:06,641 [main] INFO  http.BaseHttpServer (BaseHttpServer.java:<init>(110)) - Hadoop Security Enabled: false Ozone Security Enabled: false Ozone HTTP Security Enabled: false 
2024-08-15 10:19:06,642 [main] WARN  server.AuthenticationFilter (AuthenticationFilter.java:constructSecretProvider(240)) - Unable to initialize FileSignerSecretProvider, falling back to use random secrets. Reason: Could not read signature secret file: /home/runner/hadoop-http-auth-signature-secret
2024-08-15 10:19:06,642 [main] INFO  http.HttpRequestLog (HttpRequestLog.java:getRequestLog(86)) - Http request log for http.requests.hddsDatanode is not defined
2024-08-15 10:19:06,643 [main] INFO  http.HttpServer2 (HttpServer2.java:addGlobalFilter(1035)) - Added global filter 'safety' (class=org.apache.hadoop.hdds.server.http.HttpServer2$QuotingInputFilter)
2024-08-15 10:19:06,643 [main] INFO  http.HttpServer2 (HttpServer2.java:addFilter(1011)) - Added filter static_user_filter (class=org.apache.hadoop.http.lib.StaticUserWebFilter$StaticUserFilter) to context hddsDatanode
2024-08-15 10:19:06,643 [main] INFO  http.HttpServer2 (HttpServer2.java:addFilter(1019)) - Added filter static_user_filter (class=org.apache.hadoop.http.lib.StaticUserWebFilter$StaticUserFilter) to context logs
2024-08-15 10:19:06,643 [main] INFO  http.HttpServer2 (HttpServer2.java:addFilter(1019)) - Added filter static_user_filter (class=org.apache.hadoop.http.lib.StaticUserWebFilter$StaticUserFilter) to context static
2024-08-15 10:19:06,643 [main] INFO  http.BaseHttpServer (BaseHttpServer.java:<init>(189)) - HTTP server of hddsDatanode uses base directory /home/runner/work/ozone/ozone/hadoop-ozone/integration-test/target/test-dir/MiniOzoneClusterImpl-71195f16-0443-47ad-abb9-7568f4d0400c/ozone-meta/datanode-3/meta/webserver
2024-08-15 10:19:06,644 [main] INFO  http.HttpServer2 (HttpServer2.java:bindListener(1235)) - Jetty bound to port 15504
2024-08-15 10:19:06,644 [main] INFO  server.Server (Server.java:doStart(375)) - jetty-9.4.55.v20240627; built: 2024-06-27T15:05:37.765Z; git: 70015831e5195ba74da6383c4ab7c90c56bb08af; jvm 17.0.12+7
2024-08-15 10:19:06,645 [main] INFO  server.session (DefaultSessionIdManager.java:doStart(334)) - DefaultSessionIdManager workerName=node0
2024-08-15 10:19:06,645 [main] INFO  server.session (DefaultSessionIdManager.java:doStart(339)) - No SessionScavenger set, using defaults
2024-08-15 10:19:06,645 [main] INFO  server.session (HouseKeeper.java:startScavenging(132)) - node0 Scavenging every 600000ms
2024-08-15 10:19:06,645 [main] INFO  handler.ContextHandler (ContextHandler.java:doStart(921)) - Started o.e.j.s.ServletContextHandler@7b80c281{logs,/logs,file:///home/runner/work/ozone/ozone/hadoop-ozone/integration-test/target/log,AVAILABLE}
2024-08-15 10:19:06,645 [main] INFO  handler.ContextHandler (ContextHandler.java:doStart(921)) - Started o.e.j.s.ServletContextHandler@3b91e7ac{static,/static,jar:file:/home/runner/work/ozone/ozone/hadoop-hdds/container-service/target/hdds-container-service-1.5.0-SNAPSHOT.jar!/webapps/static,AVAILABLE}
2024-08-15 10:19:06,833 [main] INFO  handler.ContextHandler (ContextHandler.java:doStart(921)) - Started o.e.j.w.WebAppContext@666938f3{hddsDatanode,/,file:///home/runner/work/ozone/ozone/hadoop-ozone/integration-test/target/test-dir/MiniOzoneClusterImpl-71195f16-0443-47ad-abb9-7568f4d0400c/ozone-meta/datanode-3/meta/webserver/jetty-0_0_0_0-15504-hdds-container-service-1_5_0-SNAPSHOT_jar-_-any-12168428522059619094/webapp/,AVAILABLE}{jar:file:/home/runner/work/ozone/ozone/hadoop-hdds/container-service/target/hdds-container-service-1.5.0-SNAPSHOT.jar!/webapps/hddsDatanode}
2024-08-15 10:19:06,833 [main] INFO  server.AbstractConnector (AbstractConnector.java:doStart(333)) - Started ServerConnector@57c3bda5{HTTP/1.1, (http/1.1)}{0.0.0.0:15504}
2024-08-15 10:19:06,834 [main] INFO  server.Server (Server.java:doStart(415)) - Started @510950ms
2024-08-15 10:19:06,834 [main] WARN  impl.MetricsSystemImpl (MetricsSystemImpl.java:register(279)) - Sink prometheus already exists!
2024-08-15 10:19:06,834 [main] INFO  http.BaseHttpServer (BaseHttpServer.java:updateConnectorAddress(354)) - HTTP server of hddsDatanode listening at http://0.0.0.0:15504
2024-08-15 10:19:06,835 [main] INFO  ipc.CallQueueManager (CallQueueManager.java:<init>(90)) - Using callQueue: class java.util.concurrent.LinkedBlockingQueue, queueCapacity: 1000, scheduler: class org.apache.hadoop.ipc.DefaultRpcScheduler, ipcBackoff: false.
2024-08-15 10:19:06,835 [main] INFO  ipc.Server (Server.java:<init>(1287)) - Listener at 0.0.0.0:15505
2024-08-15 10:19:06,835 [Socket Reader #1 for port 15505] INFO  ipc.Server (Server.java:run(1323)) - Starting Socket Reader #1 for port 15505
2024-08-15 10:19:06,835 [Socket Reader #2 for port 15505] INFO  ipc.Server (Server.java:run(1323)) - Starting Socket Reader #2 for port 15505
2024-08-15 10:19:06,835 [Socket Reader #3 for port 15505] INFO  ipc.Server (Server.java:run(1323)) - Starting Socket Reader #3 for port 15505
2024-08-15 10:19:06,835 [Socket Reader #4 for port 15505] INFO  ipc.Server (Server.java:run(1323)) - Starting Socket Reader #4 for port 15505
2024-08-15 10:19:06,836 [Socket Reader #5 for port 15505] INFO  ipc.Server (Server.java:run(1323)) - Starting Socket Reader #5 for port 15505
2024-08-15 10:19:06,836 [Socket Reader #6 for port 15505] INFO  ipc.Server (Server.java:run(1323)) - Starting Socket Reader #6 for port 15505
2024-08-15 10:19:06,836 [Socket Reader #7 for port 15505] INFO  ipc.Server (Server.java:run(1323)) - Starting Socket Reader #7 for port 15505
2024-08-15 10:19:06,837 [Socket Reader #8 for port 15505] INFO  ipc.Server (Server.java:run(1323)) - Starting Socket Reader #8 for port 15505
2024-08-15 10:19:06,837 [Socket Reader #9 for port 15505] INFO  ipc.Server (Server.java:run(1323)) - Starting Socket Reader #9 for port 15505
2024-08-15 10:19:06,837 [Socket Reader #10 for port 15505] INFO  ipc.Server (Server.java:run(1323)) - Starting Socket Reader #10 for port 15505
2024-08-15 10:19:06,838 [main] INFO  ozone.HddsDatanodeService (HddsDatanodeService.java:start(319)) - Datanode start with admins: [runner]
2024-08-15 10:19:06,838 [main] INFO  ozone.HddsDatanodeClientProtocolServer (HddsDatanodeClientProtocolServer.java:start(79)) - RPC server for Client /0.0.0.0:15505
2024-08-15 10:19:06,838 [IPC Server Responder] INFO  ipc.Server (Server.java:run(1562)) - IPC Server Responder: starting
2024-08-15 10:19:06,838 [IPC Server listener on 15505] INFO  ipc.Server (Server.java:run(1402)) - IPC Server listener on 15505: starting
2024-08-15 10:19:06,839 [main] WARN  dropwizard3.Dm3MetricRegistriesImpl (Dm3MetricRegistriesImpl.java:addReporterRegistration(114)) - New reporters are added after registries were created. Some metrics will be missing from the reporter. Please add reporter before adding any new registry.
2024-08-15 10:19:06,839 [main] WARN  dropwizard3.Dm3MetricRegistriesImpl (Dm3MetricRegistriesImpl.java:addReporterRegistration(114)) - New reporters are added after registries were created. Some metrics will be missing from the reporter. Please add reporter before adding any new registry.
2024-08-15 10:19:06,840 [main] INFO  impl.MetricsSystemImpl (MetricsSystemImpl.java:init(158)) - HddsDatanode metrics system started (again)
2024-08-15 10:19:06,840 [38e4ed17-21fc-4cdd-a713-95c81e4a5ee7-DatanodeStateMachineDaemonThread] INFO  statemachine.DatanodeStateMachine (DatanodeStateMachine.java:startStateMachineThread(338)) - Ozone container server started.
2024-08-15 10:19:06,841 [38e4ed17-21fc-4cdd-a713-95c81e4a5ee7-DatanodeStateMachineTaskThread-0] INFO  datanode.InitDatanodeState (InitDatanodeState.java:persistContainerDatanodeDetails(139)) - DatanodeDetails is persisted to /home/runner/work/ozone/ozone/hadoop-ozone/integration-test/target/test-dir/MiniOzoneClusterImpl-71195f16-0443-47ad-abb9-7568f4d0400c/ozone-meta/datanode-3/meta/datanode.id
2024-08-15 10:19:06,848 [main] INFO  ozone.HddsDatanodeService (HddsDatanodeService.java:start(235)) - HddsDatanodeService host:fv-az1107-352.5an5qfagtveezn4vzio0gr3jze.ex.internal.cloudapp.net ip:10.1.0.39
2024-08-15 10:19:06,850 [main] INFO  upgrade.AbstractLayoutVersionManager (AbstractLayoutVersionManager.java:init(83)) - Initializing Layout version manager with metadata layout = HBASE_SUPPORT (version = 8), software layout = HBASE_SUPPORT (version = 8)
2024-08-15 10:19:06,850 [main] INFO  statemachine.DatanodeStateMachine (DatanodeStateMachine.java:getEndPointTaskThreadPoolSize(295)) - Datanode State Machine Task Thread Pool size 2
2024-08-15 10:19:06,851 [main] INFO  volume.HddsVolume (HddsVolume.java:<init>(127)) - Creating HddsVolume: /home/runner/work/ozone/ozone/hadoop-ozone/integration-test/target/test-dir/MiniOzoneClusterImpl-71195f16-0443-47ad-abb9-7568f4d0400c/ozone-meta/datanode-4/data-0/hdds of storage type : DISK capacity : 9222449699674390527
2024-08-15 10:19:06,851 [main] INFO  volume.MutableVolumeSet (MutableVolumeSet.java:initializeVolumeSet(173)) - Added Volume : /home/runner/work/ozone/ozone/hadoop-ozone/integration-test/target/test-dir/MiniOzoneClusterImpl-71195f16-0443-47ad-abb9-7568f4d0400c/ozone-meta/datanode-4/data-0/hdds to VolumeSet
2024-08-15 10:19:06,854 [main] INFO  volume.MutableVolumeSet (MutableVolumeSet.java:initializeVolumeSet(173)) - Added Volume : /home/runner/work/ozone/ozone/hadoop-ozone/integration-test/target/test-dir/MiniOzoneClusterImpl-71195f16-0443-47ad-abb9-7568f4d0400c/ozone-meta/datanode-4/ratis to VolumeSet
2024-08-15 10:19:06,854 [main] INFO  ozoneimpl.OzoneContainer (HddsVolumeUtil.java:loadAllHddsVolumeDbStore(103)) - Load 1 volumes DbStore cost: 0ms
2024-08-15 10:19:06,855 [main] INFO  server.RaftServer (ConfUtils.java:logGet(46)) - raft.rpc.type = GRPC (default)
2024-08-15 10:19:06,855 [main] INFO  grpc.GrpcConfigKeys (ConfUtils.java:logFallback(53)) - raft.grpc.admin.host = null (fallback to raft.grpc.server.host)
2024-08-15 10:19:06,855 [main] INFO  grpc.GrpcConfigKeys (ConfUtils.java:logGet(46)) - raft.grpc.admin.port = 15516 (custom)
2024-08-15 10:19:06,855 [main] INFO  grpc.GrpcConfigKeys (ConfUtils.java:logFallback(53)) - raft.grpc.client.host = null (fallback to raft.grpc.server.host)
2024-08-15 10:19:06,855 [main] INFO  grpc.GrpcConfigKeys (ConfUtils.java:logGet(46)) - raft.grpc.client.port = 15516 (custom)
2024-08-15 10:19:06,856 [main] INFO  grpc.GrpcConfigKeys (ConfUtils.java:logGet(46)) - raft.grpc.server.host = null (default)
2024-08-15 10:19:06,856 [main] INFO  grpc.GrpcConfigKeys (ConfUtils.java:logGet(46)) - raft.grpc.server.port = 15516 (custom)
2024-08-15 10:19:06,856 [main] INFO  server.GrpcService (ConfUtils.java:logGet(46)) - raft.grpc.message.size.max = 32MB (=33554432) (custom)
2024-08-15 10:19:06,856 [main] INFO  server.RaftServerConfigKeys (ConfUtils.java:logGet(46)) - raft.server.log.appender.buffer.byte-limit = 8388608 (custom)
2024-08-15 10:19:06,856 [main] INFO  server.GrpcService (ConfUtils.java:logGet(46)) - raft.grpc.flow.control.window = 5MB (=5242880) (custom)
2024-08-15 10:19:06,856 [main] INFO  server.RaftServerConfigKeys (ConfUtils.java:logGet(46)) - raft.server.rpc.request.timeout = 3000ms (default)
2024-08-15 10:19:06,856 [main] INFO  grpc.GrpcConfigKeys (ConfUtils.java:logGet(46)) - raft.grpc.server.heartbeat.channel = true (default)
2024-08-15 10:19:06,856 [main] INFO  grpc.GrpcConfigKeys (ConfUtils.java:logGet(46)) - raft.grpc.server.async.request.thread.pool.cached = true (default)
2024-08-15 10:19:06,856 [main] INFO  grpc.GrpcConfigKeys (ConfUtils.java:logGet(46)) - raft.grpc.server.async.request.thread.pool.size = 32 (default)
2024-08-15 10:19:06,857 [main] INFO  impl.DataStreamServerImpl (ConfUtils.java:logGet(46)) - raft.datastream.type = NETTY (custom)
2024-08-15 10:19:06,857 [main] INFO  server.RaftServerConfigKeys (ConfUtils.java:logGet(46)) - raft.server.data-stream.async.request.thread.pool.cached = false (default)
2024-08-15 10:19:06,857 [main] INFO  server.RaftServerConfigKeys (ConfUtils.java:logGet(46)) - raft.server.data-stream.async.request.thread.pool.size = 20 (custom)
2024-08-15 10:19:06,857 [main] INFO  server.RaftServerConfigKeys (ConfUtils.java:logGet(46)) - raft.server.data-stream.async.write.thread.pool.size = 16 (default)
2024-08-15 10:19:06,858 [main] INFO  netty.NettyConfigKeys$DataStream (ConfUtils.java:logGet(46)) - raft.netty.dataStream.server.channel.inactive.grace-period = 10min (default)
2024-08-15 10:19:06,858 [main] INFO  server.RaftServerConfigKeys (ConfUtils.java:logGet(46)) - raft.server.data-stream.client.pool.size = 10 (default)
2024-08-15 10:19:06,858 [main] INFO  netty.NettyConfigKeys$DataStream (ConfUtils.java:logGet(46)) - raft.netty.dataStream.server.use-epoll = true (default)
2024-08-15 10:19:06,858 [main] INFO  netty.NettyConfigKeys$DataStream (ConfUtils.java:logGet(46)) - raft.netty.dataStream.server.boss-group.size = 0 (default)
2024-08-15 10:19:06,858 [main] INFO  netty.NettyUtils (NettyUtils.java:newEventLoopGroup(74)) - Create EpollEventLoopGroup for f60b0d4a-47c9-4dc3-aae7-72bc8e2f4697-NettyServerStreamRpc-bossGroup; Thread size is 0.
2024-08-15 10:19:06,858 [main] INFO  netty.NettyConfigKeys$DataStream (ConfUtils.java:logGet(46)) - raft.netty.dataStream.server.worker-group.size = 0 (default)
2024-08-15 10:19:06,858 [main] INFO  netty.NettyUtils (NettyUtils.java:newEventLoopGroup(74)) - Create EpollEventLoopGroup for f60b0d4a-47c9-4dc3-aae7-72bc8e2f4697-NettyServerStreamRpc-workerGroup; Thread size is 0.
2024-08-15 10:19:06,859 [main] INFO  netty.NettyConfigKeys$DataStream (ConfUtils.java:logGet(46)) - raft.netty.dataStream.server.tls.conf = null (default)
2024-08-15 10:19:06,859 [main] INFO  netty.NettyConfigKeys$DataStream (ConfUtils.java:logGet(46)) - raft.netty.dataStream.host = null (default)
2024-08-15 10:19:06,859 [main] INFO  netty.NettyConfigKeys$DataStream (ConfUtils.java:logGet(46)) - raft.netty.dataStream.port = 15519 (custom)
2024-08-15 10:19:06,859 [main] INFO  server.RaftServerConfigKeys (ConfUtils.java:logGet(46)) - raft.server.sleep.deviation.threshold = 300ms (default)
2024-08-15 10:19:06,859 [main] INFO  server.RaftServerConfigKeys (ConfUtils.java:logGet(46)) - raft.server.close.threshold = 60s (default)
2024-08-15 10:19:06,859 [main] INFO  server.RaftServerConfigKeys (ConfUtils.java:logGet(46)) - raft.server.leaderelection.leader.step-down.wait-time = 10s (default)
2024-08-15 10:19:06,859 [f60b0d4a-47c9-4dc3-aae7-72bc8e2f4697-NettyServerStreamRpc-bossGroup--thread1] INFO  logging.LoggingHandler (AbstractInternalLogger.java:log(148)) - [id: 0x3c9b958e] REGISTERED
2024-08-15 10:19:06,860 [main] INFO  server.RaftServerConfigKeys (ConfUtils.java:logGet(46)) - raft.server.storage.dir = [/home/runner/work/ozone/ozone/hadoop-ozone/integration-test/target/test-dir/MiniOzoneClusterImpl-71195f16-0443-47ad-abb9-7568f4d0400c/ozone-meta/datanode-4/ratis] (custom)
2024-08-15 10:19:06,860 [main] INFO  server.RaftServerConfigKeys (ConfUtils.java:logGet(46)) - raft.server.threadpool.proxy.cached = true (default)
2024-08-15 10:19:06,860 [main] INFO  server.RaftServerConfigKeys (ConfUtils.java:logGet(46)) - raft.server.threadpool.proxy.size = 0 (default)
2024-08-15 10:19:06,860 [f60b0d4a-47c9-4dc3-aae7-72bc8e2f4697-NettyServerStreamRpc-bossGroup--thread1] INFO  logging.LoggingHandler (AbstractInternalLogger.java:log(148)) - [id: 0x3c9b958e] BIND: 0.0.0.0/0.0.0.0:15519
2024-08-15 10:19:06,860 [f60b0d4a-47c9-4dc3-aae7-72bc8e2f4697-NettyServerStreamRpc-bossGroup--thread1] INFO  logging.LoggingHandler (AbstractInternalLogger.java:log(148)) - [id: 0x3c9b958e, L:/0.0.0.0:15519] ACTIVE
2024-08-15 10:19:06,860 [f60b0d4a-47c9-4dc3-aae7-72bc8e2f4697-impl-thread1] INFO  server.RaftServer (RaftServerProxy.java:initGroupDir(266)) - f60b0d4a-47c9-4dc3-aae7-72bc8e2f4697: found a subdirectory /home/runner/work/ozone/ozone/hadoop-ozone/integration-test/target/test-dir/MiniOzoneClusterImpl-71195f16-0443-47ad-abb9-7568f4d0400c/ozone-meta/datanode-4/ratis/tmp
2024-08-15 10:19:06,860 [f60b0d4a-47c9-4dc3-aae7-72bc8e2f4697-impl-thread1] INFO  server.RaftServer (RaftServerProxy.java:initGroupDir(271)) - f60b0d4a-47c9-4dc3-aae7-72bc8e2f4697: The directory /home/runner/work/ozone/ozone/hadoop-ozone/integration-test/target/test-dir/MiniOzoneClusterImpl-71195f16-0443-47ad-abb9-7568f4d0400c/ozone-meta/datanode-4/ratis/tmp is not a group directory; ignoring it. 
2024-08-15 10:19:06,861 [main] INFO  replication.ReplicationServer (ReplicationServer.java:<init>(86)) - Initializing replication server with thread count = 10 queue length = 4096
2024-08-15 10:19:06,861 [main] INFO  server.XceiverServerGrpc (XceiverServerGrpc.java:<init>(141)) - GrpcServer channel type EpollServerSocketChannel
2024-08-15 10:19:06,862 [main] INFO  replication.ReplicationSupervisor (ReplicationSupervisor.java:build(157)) - Initializing replication supervisor with thread count = 10
2024-08-15 10:19:06,862 [main] INFO  replication.ReplicationSupervisor (ReplicationSupervisor.java:nodeStateUpdated(312)) - Node state updated to IN_SERVICE, scaling executor pool size to 10
2024-08-15 10:19:06,863 [main] INFO  http.BaseHttpServer (BaseHttpServer.java:newHttpServer2BuilderForOzone(223)) - Starting Web-server for hddsDatanode at: http://0.0.0.0:15513
2024-08-15 10:19:06,863 [main] INFO  http.BaseHttpServer (BaseHttpServer.java:<init>(110)) - Hadoop Security Enabled: false Ozone Security Enabled: false Ozone HTTP Security Enabled: false 
2024-08-15 10:19:06,864 [main] WARN  server.AuthenticationFilter (AuthenticationFilter.java:constructSecretProvider(240)) - Unable to initialize FileSignerSecretProvider, falling back to use random secrets. Reason: Could not read signature secret file: /home/runner/hadoop-http-auth-signature-secret
2024-08-15 10:19:06,864 [main] INFO  http.HttpRequestLog (HttpRequestLog.java:getRequestLog(86)) - Http request log for http.requests.hddsDatanode is not defined
2024-08-15 10:19:06,871 [main] INFO  http.HttpServer2 (HttpServer2.java:addGlobalFilter(1035)) - Added global filter 'safety' (class=org.apache.hadoop.hdds.server.http.HttpServer2$QuotingInputFilter)
2024-08-15 10:19:06,872 [main] INFO  http.HttpServer2 (HttpServer2.java:addFilter(1011)) - Added filter static_user_filter (class=org.apache.hadoop.http.lib.StaticUserWebFilter$StaticUserFilter) to context hddsDatanode
2024-08-15 10:19:06,872 [main] INFO  http.HttpServer2 (HttpServer2.java:addFilter(1019)) - Added filter static_user_filter (class=org.apache.hadoop.http.lib.StaticUserWebFilter$StaticUserFilter) to context logs
2024-08-15 10:19:06,872 [main] INFO  http.HttpServer2 (HttpServer2.java:addFilter(1019)) - Added filter static_user_filter (class=org.apache.hadoop.http.lib.StaticUserWebFilter$StaticUserFilter) to context static
2024-08-15 10:19:06,872 [main] INFO  http.BaseHttpServer (BaseHttpServer.java:<init>(189)) - HTTP server of hddsDatanode uses base directory /home/runner/work/ozone/ozone/hadoop-ozone/integration-test/target/test-dir/MiniOzoneClusterImpl-71195f16-0443-47ad-abb9-7568f4d0400c/ozone-meta/datanode-4/meta/webserver
2024-08-15 10:19:06,872 [main] INFO  http.HttpServer2 (HttpServer2.java:bindListener(1235)) - Jetty bound to port 15513
2024-08-15 10:19:06,872 [main] INFO  server.Server (Server.java:doStart(375)) - jetty-9.4.55.v20240627; built: 2024-06-27T15:05:37.765Z; git: 70015831e5195ba74da6383c4ab7c90c56bb08af; jvm 17.0.12+7
2024-08-15 10:19:06,873 [main] INFO  server.session (DefaultSessionIdManager.java:doStart(334)) - DefaultSessionIdManager workerName=node0
2024-08-15 10:19:06,874 [main] INFO  server.session (DefaultSessionIdManager.java:doStart(339)) - No SessionScavenger set, using defaults
2024-08-15 10:19:06,874 [main] INFO  server.session (HouseKeeper.java:startScavenging(132)) - node0 Scavenging every 660000ms
2024-08-15 10:19:06,874 [main] INFO  handler.ContextHandler (ContextHandler.java:doStart(921)) - Started o.e.j.s.ServletContextHandler@7bdbf96a{logs,/logs,file:///home/runner/work/ozone/ozone/hadoop-ozone/integration-test/target/log,AVAILABLE}
2024-08-15 10:19:06,874 [main] INFO  handler.ContextHandler (ContextHandler.java:doStart(921)) - Started o.e.j.s.ServletContextHandler@66a07fb7{static,/static,jar:file:/home/runner/work/ozone/ozone/hadoop-hdds/container-service/target/hdds-container-service-1.5.0-SNAPSHOT.jar!/webapps/static,AVAILABLE}
2024-08-15 10:19:07,071 [main] INFO  handler.ContextHandler (ContextHandler.java:doStart(921)) - Started o.e.j.w.WebAppContext@4722b6c4{hddsDatanode,/,file:///home/runner/work/ozone/ozone/hadoop-ozone/integration-test/target/test-dir/MiniOzoneClusterImpl-71195f16-0443-47ad-abb9-7568f4d0400c/ozone-meta/datanode-4/meta/webserver/jetty-0_0_0_0-15513-hdds-container-service-1_5_0-SNAPSHOT_jar-_-any-13152029704050621559/webapp/,AVAILABLE}{jar:file:/home/runner/work/ozone/ozone/hadoop-hdds/container-service/target/hdds-container-service-1.5.0-SNAPSHOT.jar!/webapps/hddsDatanode}
2024-08-15 10:19:07,072 [main] INFO  server.AbstractConnector (AbstractConnector.java:doStart(333)) - Started ServerConnector@7bd97702{HTTP/1.1, (http/1.1)}{0.0.0.0:15513}
2024-08-15 10:19:07,072 [main] INFO  server.Server (Server.java:doStart(415)) - Started @511188ms
2024-08-15 10:19:07,072 [main] WARN  impl.MetricsSystemImpl (MetricsSystemImpl.java:register(279)) - Sink prometheus already exists!
2024-08-15 10:19:07,072 [main] INFO  http.BaseHttpServer (BaseHttpServer.java:updateConnectorAddress(354)) - HTTP server of hddsDatanode listening at http://0.0.0.0:15513
2024-08-15 10:19:07,073 [main] INFO  ipc.CallQueueManager (CallQueueManager.java:<init>(90)) - Using callQueue: class java.util.concurrent.LinkedBlockingQueue, queueCapacity: 1000, scheduler: class org.apache.hadoop.ipc.DefaultRpcScheduler, ipcBackoff: false.
2024-08-15 10:19:07,073 [main] INFO  ipc.Server (Server.java:<init>(1287)) - Listener at 0.0.0.0:15514
2024-08-15 10:19:07,073 [Socket Reader #1 for port 15514] INFO  ipc.Server (Server.java:run(1323)) - Starting Socket Reader #1 for port 15514
2024-08-15 10:19:07,073 [Socket Reader #2 for port 15514] INFO  ipc.Server (Server.java:run(1323)) - Starting Socket Reader #2 for port 15514
2024-08-15 10:19:07,074 [Socket Reader #3 for port 15514] INFO  ipc.Server (Server.java:run(1323)) - Starting Socket Reader #3 for port 15514
2024-08-15 10:19:07,074 [Socket Reader #4 for port 15514] INFO  ipc.Server (Server.java:run(1323)) - Starting Socket Reader #4 for port 15514
2024-08-15 10:19:07,074 [Socket Reader #5 for port 15514] INFO  ipc.Server (Server.java:run(1323)) - Starting Socket Reader #5 for port 15514
2024-08-15 10:19:07,074 [Socket Reader #6 for port 15514] INFO  ipc.Server (Server.java:run(1323)) - Starting Socket Reader #6 for port 15514
2024-08-15 10:19:07,075 [Socket Reader #7 for port 15514] INFO  ipc.Server (Server.java:run(1323)) - Starting Socket Reader #7 for port 15514
2024-08-15 10:19:07,075 [Socket Reader #8 for port 15514] INFO  ipc.Server (Server.java:run(1323)) - Starting Socket Reader #8 for port 15514
2024-08-15 10:19:07,075 [Socket Reader #9 for port 15514] INFO  ipc.Server (Server.java:run(1323)) - Starting Socket Reader #9 for port 15514
2024-08-15 10:19:07,075 [Socket Reader #10 for port 15514] INFO  ipc.Server (Server.java:run(1323)) - Starting Socket Reader #10 for port 15514
2024-08-15 10:19:07,076 [main] INFO  ozone.HddsDatanodeService (HddsDatanodeService.java:start(319)) - Datanode start with admins: [runner]
2024-08-15 10:19:07,076 [main] INFO  ozone.HddsDatanodeClientProtocolServer (HddsDatanodeClientProtocolServer.java:start(79)) - RPC server for Client /0.0.0.0:15514
2024-08-15 10:19:07,076 [IPC Server Responder] INFO  ipc.Server (Server.java:run(1562)) - IPC Server Responder: starting
2024-08-15 10:19:07,077 [IPC Server listener on 15514] INFO  ipc.Server (Server.java:run(1402)) - IPC Server listener on 15514: starting
2024-08-15 10:19:07,078 [main] WARN  dropwizard3.Dm3MetricRegistriesImpl (Dm3MetricRegistriesImpl.java:addReporterRegistration(114)) - New reporters are added after registries were created. Some metrics will be missing from the reporter. Please add reporter before adding any new registry.
2024-08-15 10:19:07,078 [main] WARN  dropwizard3.Dm3MetricRegistriesImpl (Dm3MetricRegistriesImpl.java:addReporterRegistration(114)) - New reporters are added after registries were created. Some metrics will be missing from the reporter. Please add reporter before adding any new registry.
2024-08-15 10:19:07,078 [main] INFO  impl.MetricsSystemImpl (MetricsSystemImpl.java:init(158)) - HddsDatanode metrics system started (again)
2024-08-15 10:19:07,079 [f60b0d4a-47c9-4dc3-aae7-72bc8e2f4697-DatanodeStateMachineDaemonThread] INFO  statemachine.DatanodeStateMachine (DatanodeStateMachine.java:startStateMachineThread(338)) - Ozone container server started.
2024-08-15 10:19:07,081 [f60b0d4a-47c9-4dc3-aae7-72bc8e2f4697-DatanodeStateMachineTaskThread-0] INFO  datanode.InitDatanodeState (InitDatanodeState.java:persistContainerDatanodeDetails(139)) - DatanodeDetails is persisted to /home/runner/work/ozone/ozone/hadoop-ozone/integration-test/target/test-dir/MiniOzoneClusterImpl-71195f16-0443-47ad-abb9-7568f4d0400c/ozone-meta/datanode-4/meta/datanode.id
2024-08-15 10:19:07,088 [main] INFO  ozone.HddsDatanodeService (HddsDatanodeService.java:start(235)) - HddsDatanodeService host:fv-az1107-352.5an5qfagtveezn4vzio0gr3jze.ex.internal.cloudapp.net ip:10.1.0.39
2024-08-15 10:19:07,090 [main] INFO  upgrade.AbstractLayoutVersionManager (AbstractLayoutVersionManager.java:init(83)) - Initializing Layout version manager with metadata layout = HBASE_SUPPORT (version = 8), software layout = HBASE_SUPPORT (version = 8)
2024-08-15 10:19:07,090 [main] INFO  statemachine.DatanodeStateMachine (DatanodeStateMachine.java:getEndPointTaskThreadPoolSize(295)) - Datanode State Machine Task Thread Pool size 2
2024-08-15 10:19:07,091 [main] INFO  volume.HddsVolume (HddsVolume.java:<init>(127)) - Creating HddsVolume: /home/runner/work/ozone/ozone/hadoop-ozone/integration-test/target/test-dir/MiniOzoneClusterImpl-71195f16-0443-47ad-abb9-7568f4d0400c/ozone-meta/datanode-5/data-0/hdds of storage type : DISK capacity : 9222449699674390527
2024-08-15 10:19:07,091 [main] INFO  volume.MutableVolumeSet (MutableVolumeSet.java:initializeVolumeSet(173)) - Added Volume : /home/runner/work/ozone/ozone/hadoop-ozone/integration-test/target/test-dir/MiniOzoneClusterImpl-71195f16-0443-47ad-abb9-7568f4d0400c/ozone-meta/datanode-5/data-0/hdds to VolumeSet
2024-08-15 10:19:07,092 [main] INFO  volume.MutableVolumeSet (MutableVolumeSet.java:initializeVolumeSet(173)) - Added Volume : /home/runner/work/ozone/ozone/hadoop-ozone/integration-test/target/test-dir/MiniOzoneClusterImpl-71195f16-0443-47ad-abb9-7568f4d0400c/ozone-meta/datanode-5/ratis to VolumeSet
2024-08-15 10:19:07,092 [main] INFO  ozoneimpl.OzoneContainer (HddsVolumeUtil.java:loadAllHddsVolumeDbStore(103)) - Load 1 volumes DbStore cost: 0ms
2024-08-15 10:19:07,094 [main] INFO  server.RaftServer (ConfUtils.java:logGet(46)) - raft.rpc.type = GRPC (default)
2024-08-15 10:19:07,094 [main] INFO  grpc.GrpcConfigKeys (ConfUtils.java:logFallback(53)) - raft.grpc.admin.host = null (fallback to raft.grpc.server.host)
2024-08-15 10:19:07,094 [main] INFO  grpc.GrpcConfigKeys (ConfUtils.java:logGet(46)) - raft.grpc.admin.port = 15525 (custom)
2024-08-15 10:19:07,094 [main] INFO  grpc.GrpcConfigKeys (ConfUtils.java:logFallback(53)) - raft.grpc.client.host = null (fallback to raft.grpc.server.host)
2024-08-15 10:19:07,094 [main] INFO  grpc.GrpcConfigKeys (ConfUtils.java:logGet(46)) - raft.grpc.client.port = 15525 (custom)
2024-08-15 10:19:07,094 [main] INFO  grpc.GrpcConfigKeys (ConfUtils.java:logGet(46)) - raft.grpc.server.host = null (default)
2024-08-15 10:19:07,094 [main] INFO  grpc.GrpcConfigKeys (ConfUtils.java:logGet(46)) - raft.grpc.server.port = 15525 (custom)
2024-08-15 10:19:07,095 [main] INFO  server.GrpcService (ConfUtils.java:logGet(46)) - raft.grpc.message.size.max = 32MB (=33554432) (custom)
2024-08-15 10:19:07,095 [main] INFO  server.RaftServerConfigKeys (ConfUtils.java:logGet(46)) - raft.server.log.appender.buffer.byte-limit = 8388608 (custom)
2024-08-15 10:19:07,095 [main] INFO  server.GrpcService (ConfUtils.java:logGet(46)) - raft.grpc.flow.control.window = 5MB (=5242880) (custom)
2024-08-15 10:19:07,095 [main] INFO  server.RaftServerConfigKeys (ConfUtils.java:logGet(46)) - raft.server.rpc.request.timeout = 3000ms (default)
2024-08-15 10:19:07,095 [main] INFO  grpc.GrpcConfigKeys (ConfUtils.java:logGet(46)) - raft.grpc.server.heartbeat.channel = true (default)
2024-08-15 10:19:07,095 [main] INFO  grpc.GrpcConfigKeys (ConfUtils.java:logGet(46)) - raft.grpc.server.async.request.thread.pool.cached = true (default)
2024-08-15 10:19:07,095 [main] INFO  grpc.GrpcConfigKeys (ConfUtils.java:logGet(46)) - raft.grpc.server.async.request.thread.pool.size = 32 (default)
2024-08-15 10:19:07,096 [main] INFO  impl.DataStreamServerImpl (ConfUtils.java:logGet(46)) - raft.datastream.type = NETTY (custom)
2024-08-15 10:19:07,096 [main] INFO  server.RaftServerConfigKeys (ConfUtils.java:logGet(46)) - raft.server.data-stream.async.request.thread.pool.cached = false (default)
2024-08-15 10:19:07,096 [main] INFO  server.RaftServerConfigKeys (ConfUtils.java:logGet(46)) - raft.server.data-stream.async.request.thread.pool.size = 20 (custom)
2024-08-15 10:19:07,096 [main] INFO  server.RaftServerConfigKeys (ConfUtils.java:logGet(46)) - raft.server.data-stream.async.write.thread.pool.size = 16 (default)
2024-08-15 10:19:07,096 [main] INFO  netty.NettyConfigKeys$DataStream (ConfUtils.java:logGet(46)) - raft.netty.dataStream.server.channel.inactive.grace-period = 10min (default)
2024-08-15 10:19:07,096 [main] INFO  server.RaftServerConfigKeys (ConfUtils.java:logGet(46)) - raft.server.data-stream.client.pool.size = 10 (default)
2024-08-15 10:19:07,096 [main] INFO  netty.NettyConfigKeys$DataStream (ConfUtils.java:logGet(46)) - raft.netty.dataStream.server.use-epoll = true (default)
2024-08-15 10:19:07,097 [main] INFO  netty.NettyConfigKeys$DataStream (ConfUtils.java:logGet(46)) - raft.netty.dataStream.server.boss-group.size = 0 (default)
2024-08-15 10:19:07,097 [main] INFO  netty.NettyUtils (NettyUtils.java:newEventLoopGroup(74)) - Create EpollEventLoopGroup for 6b83e431-4bd4-4ef9-a0a5-40878ef9a0bc-NettyServerStreamRpc-bossGroup; Thread size is 0.
2024-08-15 10:19:07,097 [main] INFO  netty.NettyConfigKeys$DataStream (ConfUtils.java:logGet(46)) - raft.netty.dataStream.server.worker-group.size = 0 (default)
2024-08-15 10:19:07,097 [main] INFO  netty.NettyUtils (NettyUtils.java:newEventLoopGroup(74)) - Create EpollEventLoopGroup for 6b83e431-4bd4-4ef9-a0a5-40878ef9a0bc-NettyServerStreamRpc-workerGroup; Thread size is 0.
2024-08-15 10:19:07,097 [main] INFO  netty.NettyConfigKeys$DataStream (ConfUtils.java:logGet(46)) - raft.netty.dataStream.server.tls.conf = null (default)
2024-08-15 10:19:07,097 [main] INFO  netty.NettyConfigKeys$DataStream (ConfUtils.java:logGet(46)) - raft.netty.dataStream.host = null (default)
2024-08-15 10:19:07,097 [main] INFO  netty.NettyConfigKeys$DataStream (ConfUtils.java:logGet(46)) - raft.netty.dataStream.port = 15528 (custom)
2024-08-15 10:19:07,098 [main] INFO  server.RaftServerConfigKeys (ConfUtils.java:logGet(46)) - raft.server.sleep.deviation.threshold = 300ms (default)
2024-08-15 10:19:07,098 [main] INFO  server.RaftServerConfigKeys (ConfUtils.java:logGet(46)) - raft.server.close.threshold = 60s (default)
2024-08-15 10:19:07,098 [main] INFO  server.RaftServerConfigKeys (ConfUtils.java:logGet(46)) - raft.server.leaderelection.leader.step-down.wait-time = 10s (default)
2024-08-15 10:19:07,098 [6b83e431-4bd4-4ef9-a0a5-40878ef9a0bc-NettyServerStreamRpc-bossGroup--thread1] INFO  logging.LoggingHandler (AbstractInternalLogger.java:log(148)) - [id: 0x1123c339] REGISTERED
2024-08-15 10:19:07,098 [main] INFO  server.RaftServerConfigKeys (ConfUtils.java:logGet(46)) - raft.server.storage.dir = [/home/runner/work/ozone/ozone/hadoop-ozone/integration-test/target/test-dir/MiniOzoneClusterImpl-71195f16-0443-47ad-abb9-7568f4d0400c/ozone-meta/datanode-5/ratis] (custom)
2024-08-15 10:19:07,098 [6b83e431-4bd4-4ef9-a0a5-40878ef9a0bc-NettyServerStreamRpc-bossGroup--thread1] INFO  logging.LoggingHandler (AbstractInternalLogger.java:log(148)) - [id: 0x1123c339] BIND: 0.0.0.0/0.0.0.0:15528
2024-08-15 10:19:07,098 [main] INFO  server.RaftServerConfigKeys (ConfUtils.java:logGet(46)) - raft.server.threadpool.proxy.cached = true (default)
2024-08-15 10:19:07,099 [6b83e431-4bd4-4ef9-a0a5-40878ef9a0bc-NettyServerStreamRpc-bossGroup--thread1] INFO  logging.LoggingHandler (AbstractInternalLogger.java:log(148)) - [id: 0x1123c339, L:/0.0.0.0:15528] ACTIVE
2024-08-15 10:19:07,099 [main] INFO  server.RaftServerConfigKeys (ConfUtils.java:logGet(46)) - raft.server.threadpool.proxy.size = 0 (default)
2024-08-15 10:19:07,099 [6b83e431-4bd4-4ef9-a0a5-40878ef9a0bc-impl-thread1] INFO  server.RaftServer (RaftServerProxy.java:initGroupDir(266)) - 6b83e431-4bd4-4ef9-a0a5-40878ef9a0bc: found a subdirectory /home/runner/work/ozone/ozone/hadoop-ozone/integration-test/target/test-dir/MiniOzoneClusterImpl-71195f16-0443-47ad-abb9-7568f4d0400c/ozone-meta/datanode-5/ratis/tmp
2024-08-15 10:19:07,099 [6b83e431-4bd4-4ef9-a0a5-40878ef9a0bc-impl-thread1] INFO  server.RaftServer (RaftServerProxy.java:initGroupDir(271)) - 6b83e431-4bd4-4ef9-a0a5-40878ef9a0bc: The directory /home/runner/work/ozone/ozone/hadoop-ozone/integration-test/target/test-dir/MiniOzoneClusterImpl-71195f16-0443-47ad-abb9-7568f4d0400c/ozone-meta/datanode-5/ratis/tmp is not a group directory; ignoring it. 
2024-08-15 10:19:07,099 [main] INFO  replication.ReplicationServer (ReplicationServer.java:<init>(86)) - Initializing replication server with thread count = 10 queue length = 4096
2024-08-15 10:19:07,100 [main] INFO  server.XceiverServerGrpc (XceiverServerGrpc.java:<init>(141)) - GrpcServer channel type EpollServerSocketChannel
2024-08-15 10:19:07,101 [main] INFO  replication.ReplicationSupervisor (ReplicationSupervisor.java:build(157)) - Initializing replication supervisor with thread count = 10
2024-08-15 10:19:07,101 [main] INFO  replication.ReplicationSupervisor (ReplicationSupervisor.java:nodeStateUpdated(312)) - Node state updated to IN_SERVICE, scaling executor pool size to 10
2024-08-15 10:19:07,102 [main] INFO  http.BaseHttpServer (BaseHttpServer.java:newHttpServer2BuilderForOzone(223)) - Starting Web-server for hddsDatanode at: http://0.0.0.0:15522
2024-08-15 10:19:07,102 [main] INFO  http.BaseHttpServer (BaseHttpServer.java:<init>(110)) - Hadoop Security Enabled: false Ozone Security Enabled: false Ozone HTTP Security Enabled: false 
2024-08-15 10:19:07,103 [main] WARN  server.AuthenticationFilter (AuthenticationFilter.java:constructSecretProvider(240)) - Unable to initialize FileSignerSecretProvider, falling back to use random secrets. Reason: Could not read signature secret file: /home/runner/hadoop-http-auth-signature-secret
2024-08-15 10:19:07,103 [main] INFO  http.HttpRequestLog (HttpRequestLog.java:getRequestLog(86)) - Http request log for http.requests.hddsDatanode is not defined
2024-08-15 10:19:07,104 [main] INFO  http.HttpServer2 (HttpServer2.java:addGlobalFilter(1035)) - Added global filter 'safety' (class=org.apache.hadoop.hdds.server.http.HttpServer2$QuotingInputFilter)
2024-08-15 10:19:07,104 [main] INFO  http.HttpServer2 (HttpServer2.java:addFilter(1011)) - Added filter static_user_filter (class=org.apache.hadoop.http.lib.StaticUserWebFilter$StaticUserFilter) to context hddsDatanode
2024-08-15 10:19:07,104 [main] INFO  http.HttpServer2 (HttpServer2.java:addFilter(1019)) - Added filter static_user_filter (class=org.apache.hadoop.http.lib.StaticUserWebFilter$StaticUserFilter) to context static
2024-08-15 10:19:07,104 [main] INFO  http.HttpServer2 (HttpServer2.java:addFilter(1019)) - Added filter static_user_filter (class=org.apache.hadoop.http.lib.StaticUserWebFilter$StaticUserFilter) to context logs
2024-08-15 10:19:07,104 [main] INFO  http.BaseHttpServer (BaseHttpServer.java:<init>(189)) - HTTP server of hddsDatanode uses base directory /home/runner/work/ozone/ozone/hadoop-ozone/integration-test/target/test-dir/MiniOzoneClusterImpl-71195f16-0443-47ad-abb9-7568f4d0400c/ozone-meta/datanode-5/meta/webserver
2024-08-15 10:19:07,105 [main] INFO  http.HttpServer2 (HttpServer2.java:bindListener(1235)) - Jetty bound to port 15522
2024-08-15 10:19:07,105 [main] INFO  server.Server (Server.java:doStart(375)) - jetty-9.4.55.v20240627; built: 2024-06-27T15:05:37.765Z; git: 70015831e5195ba74da6383c4ab7c90c56bb08af; jvm 17.0.12+7
2024-08-15 10:19:07,106 [main] INFO  server.session (DefaultSessionIdManager.java:doStart(334)) - DefaultSessionIdManager workerName=node0
2024-08-15 10:19:07,106 [main] INFO  server.session (DefaultSessionIdManager.java:doStart(339)) - No SessionScavenger set, using defaults
2024-08-15 10:19:07,106 [main] INFO  server.session (HouseKeeper.java:startScavenging(132)) - node0 Scavenging every 660000ms
2024-08-15 10:19:07,106 [main] INFO  handler.ContextHandler (ContextHandler.java:doStart(921)) - Started o.e.j.s.ServletContextHandler@1cb2ddb8{logs,/logs,file:///home/runner/work/ozone/ozone/hadoop-ozone/integration-test/target/log,AVAILABLE}
2024-08-15 10:19:07,106 [main] INFO  handler.ContextHandler (ContextHandler.java:doStart(921)) - Started o.e.j.s.ServletContextHandler@2fc9420e{static,/static,jar:file:/home/runner/work/ozone/ozone/hadoop-hdds/container-service/target/hdds-container-service-1.5.0-SNAPSHOT.jar!/webapps/static,AVAILABLE}
2024-08-15 10:19:07,263 [om1@group-C5BA1605619E-FollowerState] INFO  impl.FollowerState (FollowerState.java:run(144)) - om1@group-C5BA1605619E-FollowerState: change to CANDIDATE, lastRpcElapsedTime:1126002336ns, electionTimeout:1125ms
2024-08-15 10:19:07,263 [om1@group-C5BA1605619E-FollowerState] INFO  impl.RoleInfo (RoleInfo.java:shutdownFollowerState(119)) - om1: shutdown om1@group-C5BA1605619E-FollowerState
2024-08-15 10:19:07,263 [om1@group-C5BA1605619E-FollowerState] INFO  server.RaftServer$Division (RaftServerImpl.java:setRole(376)) - om1@group-C5BA1605619E: changes role from  FOLLOWER to CANDIDATE at term 0 for changeToCandidate
2024-08-15 10:19:07,263 [om1@group-C5BA1605619E-FollowerState] INFO  server.RaftServerConfigKeys (ConfUtils.java:logGet(46)) - raft.server.leaderelection.pre-vote = true (default)
2024-08-15 10:19:07,263 [om1@group-C5BA1605619E-FollowerState] INFO  impl.RoleInfo (RoleInfo.java:updateAndGet(148)) - om1: start om1@group-C5BA1605619E-LeaderElection128
2024-08-15 10:19:07,263 [om1@group-C5BA1605619E-LeaderElection128] INFO  impl.LeaderElection (LeaderElection.java:askForVotes(321)) - om1@group-C5BA1605619E-LeaderElection128 PRE_VOTE round 0: submit vote requests at term 0 for conf: {index: -1, cur=peers:[om1|localhost:15484]|listeners:[], old=null}
2024-08-15 10:19:07,263 [om1@group-C5BA1605619E-LeaderElection128] INFO  impl.LeaderElection (LeaderElection.java:askForVotes(323)) - om1@group-C5BA1605619E-LeaderElection128 PRE_VOTE round 0: result PASSED (term=0)
2024-08-15 10:19:07,265 [om1@group-C5BA1605619E-LeaderElection128] INFO  impl.LeaderElection (LeaderElection.java:askForVotes(321)) - om1@group-C5BA1605619E-LeaderElection128 ELECTION round 0: submit vote requests at term 1 for conf: {index: -1, cur=peers:[om1|localhost:15484]|listeners:[], old=null}
2024-08-15 10:19:07,265 [om1@group-C5BA1605619E-LeaderElection128] INFO  impl.LeaderElection (LeaderElection.java:askForVotes(323)) - om1@group-C5BA1605619E-LeaderElection128 ELECTION round 0: result PASSED (term=1)
2024-08-15 10:19:07,265 [om1@group-C5BA1605619E-LeaderElection128] INFO  impl.RoleInfo (RoleInfo.java:shutdownLeaderElection(139)) - om1: shutdown om1@group-C5BA1605619E-LeaderElection128
2024-08-15 10:19:07,265 [om1@group-C5BA1605619E-LeaderElection128] INFO  server.RaftServer$Division (RaftServerImpl.java:setRole(376)) - om1@group-C5BA1605619E: changes role from CANDIDATE to LEADER at term 1 for changeToLeader
2024-08-15 10:19:07,265 [om1@group-C5BA1605619E-LeaderElection128] INFO  server.RaftServerConfigKeys (ConfUtils.java:logGet(46)) - raft.server.staging.catchup.gap = 1000 (default)
2024-08-15 10:19:07,265 [om1@group-C5BA1605619E-LeaderElection128] INFO  server.RaftServerConfigKeys (ConfUtils.java:logGet(46)) - raft.server.write.element-limit = 4096 (default)
2024-08-15 10:19:07,265 [om1@group-C5BA1605619E-LeaderElection128] INFO  server.RaftServerConfigKeys (ConfUtils.java:logGet(46)) - raft.server.write.byte-limit = 64MB (=67108864) (default)
2024-08-15 10:19:07,265 [om1@group-C5BA1605619E-LeaderElection128] INFO  server.RaftServerConfigKeys (ConfUtils.java:logGet(46)) - raft.server.watch.timeout = 10s (default)
2024-08-15 10:19:07,266 [om1@group-C5BA1605619E-LeaderElection128] INFO  server.RaftServerConfigKeys (ConfUtils.java:logGet(46)) - raft.server.watch.timeout.denomination = 1s (default)
2024-08-15 10:19:07,266 [om1@group-C5BA1605619E-LeaderElection128] INFO  server.RaftServerConfigKeys (ConfUtils.java:logGet(46)) - raft.server.watch.element-limit = 65536 (default)
2024-08-15 10:19:07,266 [om1@group-C5BA1605619E-LeaderElection128] INFO  server.RaftServerConfigKeys (ConfUtils.java:logGet(46)) - raft.server.read.leader.lease.enabled = false (default)
2024-08-15 10:19:07,266 [om1@group-C5BA1605619E-LeaderElection128] INFO  server.RaftServerConfigKeys (ConfUtils.java:logGet(46)) - raft.server.read.leader.lease.timeout.ratio = 0.9 (default)
2024-08-15 10:19:07,266 [om1@group-C5BA1605619E-LeaderElection128] INFO  server.RaftServerConfigKeys (ConfUtils.java:logGet(46)) - raft.server.rpc.timeout.min = 1s (custom)
2024-08-15 10:19:07,266 [om1@group-C5BA1605619E-LeaderElection128] INFO  server.RaftServerConfigKeys (ConfUtils.java:logGet(46)) - raft.server.log.log-metadata.enabled = true (default)
2024-08-15 10:19:07,266 [om1@group-C5BA1605619E-LeaderElection128] INFO  server.RaftServerConfigKeys (ConfUtils.java:logGet(46)) - raft.server.write.element-limit = 4096 (default)
2024-08-15 10:19:07,266 [om1@group-C5BA1605619E-LeaderElection128] INFO  server.RaftServerConfigKeys (ConfUtils.java:logGet(46)) - raft.server.write.follower.gap.ratio.max = -1.0 (default)
2024-08-15 10:19:07,266 [om1@group-C5BA1605619E-LeaderElection128] INFO  impl.RoleInfo (RoleInfo.java:updateAndGet(148)) - om1: start om1@group-C5BA1605619E-LeaderStateImpl
2024-08-15 10:19:07,266 [om1@group-C5BA1605619E-LeaderElection128] INFO  server.RaftServer$Division (RaftServerImpl.java:setFirstElection(549)) - om1@group-C5BA1605619E: set firstElectionSinceStartup to false for becomeLeader
2024-08-15 10:19:07,266 [om1@group-C5BA1605619E-LeaderElection128] INFO  server.RaftServer$Division (ServerState.java:setLeader(272)) - om1@group-C5BA1605619E: change Leader from null to om1 at term 1 for becomeLeader, leader elected after 1443ms
2024-08-15 10:19:07,266 [om1@group-C5BA1605619E-LeaderElection128] INFO  segmented.SegmentedRaftLogWorker (SegmentedRaftLogWorker.java:startLogSegment(433)) - om1@group-C5BA1605619E-SegmentedRaftLogWorker: Starting segment from index:0
2024-08-15 10:19:07,267 [om1@group-C5BA1605619E-SegmentedRaftLogWorker] INFO  segmented.BufferedWriteChannel (BufferedWriteChannel.java:open(61)) - open log_inprogress_0 at position 0
2024-08-15 10:19:07,269 [om1@group-C5BA1605619E-LeaderElection128] INFO  server.RaftServer$Division (ServerState.java:setRaftConf(386)) - om1@group-C5BA1605619E: set configuration conf: {index: 0, cur=peers:[om1|localhost:15484]|listeners:[], old=null}
2024-08-15 10:19:07,277 [om1@group-C5BA1605619E-SegmentedRaftLogWorker] INFO  segmented.SegmentedRaftLogWorker (SegmentedRaftLogWorker.java:execute(637)) - om1@group-C5BA1605619E-SegmentedRaftLogWorker: created new log segment /home/runner/work/ozone/ozone/hadoop-ozone/integration-test/target/test-dir/MiniOzoneClusterImpl-71195f16-0443-47ad-abb9-7568f4d0400c/ozone-meta/ratis/bf265839-605b-3f16-9796-c5ba1605619e/current/log_inprogress_0
2024-08-15 10:19:07,279 [om1@group-C5BA1605619E-StateMachineUpdater] INFO  ratis.OzoneManagerStateMachine (OzoneManagerStateMachine.java:notifyConfigurationChanged(216)) - Received Configuration change notification from Ratis. New Peer list:
[id: "om1"
address: "localhost:15484"
startupRole: FOLLOWER
]
2024-08-15 10:19:07,279 [om1@group-C5BA1605619E-StateMachineUpdater] INFO  server.RaftServer$Division (LeaderStateImpl.java:checkStartIndex(316)) - Leader om1@group-C5BA1605619E-LeaderStateImpl is ready since appliedIndex == startIndex == 0
2024-08-15 10:19:07,299 [main] INFO  handler.ContextHandler (ContextHandler.java:doStart(921)) - Started o.e.j.w.WebAppContext@6484f784{hddsDatanode,/,file:///home/runner/work/ozone/ozone/hadoop-ozone/integration-test/target/test-dir/MiniOzoneClusterImpl-71195f16-0443-47ad-abb9-7568f4d0400c/ozone-meta/datanode-5/meta/webserver/jetty-0_0_0_0-15522-hdds-container-service-1_5_0-SNAPSHOT_jar-_-any-8568889013912610417/webapp/,AVAILABLE}{jar:file:/home/runner/work/ozone/ozone/hadoop-hdds/container-service/target/hdds-container-service-1.5.0-SNAPSHOT.jar!/webapps/hddsDatanode}
2024-08-15 10:19:07,299 [main] INFO  server.AbstractConnector (AbstractConnector.java:doStart(333)) - Started ServerConnector@4a449338{HTTP/1.1, (http/1.1)}{0.0.0.0:15522}
2024-08-15 10:19:07,300 [main] INFO  server.Server (Server.java:doStart(415)) - Started @511416ms
2024-08-15 10:19:07,300 [main] WARN  impl.MetricsSystemImpl (MetricsSystemImpl.java:register(279)) - Sink prometheus already exists!
2024-08-15 10:19:07,300 [main] INFO  http.BaseHttpServer (BaseHttpServer.java:updateConnectorAddress(354)) - HTTP server of hddsDatanode listening at http://0.0.0.0:15522
2024-08-15 10:19:07,301 [main] INFO  ipc.CallQueueManager (CallQueueManager.java:<init>(90)) - Using callQueue: class java.util.concurrent.LinkedBlockingQueue, queueCapacity: 1000, scheduler: class org.apache.hadoop.ipc.DefaultRpcScheduler, ipcBackoff: false.
2024-08-15 10:19:07,301 [main] INFO  ipc.Server (Server.java:<init>(1287)) - Listener at 0.0.0.0:15523
2024-08-15 10:19:07,301 [Socket Reader #1 for port 15523] INFO  ipc.Server (Server.java:run(1323)) - Starting Socket Reader #1 for port 15523
2024-08-15 10:19:07,301 [Socket Reader #2 for port 15523] INFO  ipc.Server (Server.java:run(1323)) - Starting Socket Reader #2 for port 15523
2024-08-15 10:19:07,302 [Socket Reader #3 for port 15523] INFO  ipc.Server (Server.java:run(1323)) - Starting Socket Reader #3 for port 15523
2024-08-15 10:19:07,302 [Socket Reader #4 for port 15523] INFO  ipc.Server (Server.java:run(1323)) - Starting Socket Reader #4 for port 15523
2024-08-15 10:19:07,302 [Socket Reader #5 for port 15523] INFO  ipc.Server (Server.java:run(1323)) - Starting Socket Reader #5 for port 15523
2024-08-15 10:19:07,302 [Socket Reader #6 for port 15523] INFO  ipc.Server (Server.java:run(1323)) - Starting Socket Reader #6 for port 15523
2024-08-15 10:19:07,302 [Socket Reader #7 for port 15523] INFO  ipc.Server (Server.java:run(1323)) - Starting Socket Reader #7 for port 15523
2024-08-15 10:19:07,302 [Socket Reader #8 for port 15523] INFO  ipc.Server (Server.java:run(1323)) - Starting Socket Reader #8 for port 15523
2024-08-15 10:19:07,302 [Socket Reader #9 for port 15523] INFO  ipc.Server (Server.java:run(1323)) - Starting Socket Reader #9 for port 15523
2024-08-15 10:19:07,303 [Socket Reader #10 for port 15523] INFO  ipc.Server (Server.java:run(1323)) - Starting Socket Reader #10 for port 15523
2024-08-15 10:19:07,303 [main] INFO  ozone.HddsDatanodeService (HddsDatanodeService.java:start(319)) - Datanode start with admins: [runner]
2024-08-15 10:19:07,304 [main] INFO  ozone.HddsDatanodeClientProtocolServer (HddsDatanodeClientProtocolServer.java:start(79)) - RPC server for Client /0.0.0.0:15523
2024-08-15 10:19:07,304 [IPC Server Responder] INFO  ipc.Server (Server.java:run(1562)) - IPC Server Responder: starting
2024-08-15 10:19:07,304 [IPC Server listener on 15523] INFO  ipc.Server (Server.java:run(1402)) - IPC Server listener on 15523: starting
2024-08-15 10:19:07,306 [6b83e431-4bd4-4ef9-a0a5-40878ef9a0bc-DatanodeStateMachineDaemonThread] INFO  statemachine.DatanodeStateMachine (DatanodeStateMachine.java:startStateMachineThread(338)) - Ozone container server started.
2024-08-15 10:19:07,306 [main] INFO  ozone.MiniOzoneClusterImpl (MiniOzoneClusterImpl.java:lambda$waitForClusterToBeReady$0(198)) - Waiting for nodes to be ready. Got 0 of 5 DN Heartbeats.
2024-08-15 10:19:07,306 [main] INFO  ozone.MiniOzoneClusterImpl (MiniOzoneClusterImpl.java:lambda$waitForClusterToBeReady$0(201)) - Waiting for cluster to exit safe mode
2024-08-15 10:19:07,306 [main] INFO  ozone.MiniOzoneClusterImpl (MiniOzoneClusterImpl.java:lambda$waitForClusterToBeReady$0(203)) - SCM became leader
2024-08-15 10:19:07,307 [6b83e431-4bd4-4ef9-a0a5-40878ef9a0bc-DatanodeStateMachineTaskThread-0] INFO  datanode.InitDatanodeState (InitDatanodeState.java:persistContainerDatanodeDetails(139)) - DatanodeDetails is persisted to /home/runner/work/ozone/ozone/hadoop-ozone/integration-test/target/test-dir/MiniOzoneClusterImpl-71195f16-0443-47ad-abb9-7568f4d0400c/ozone-meta/datanode-5/meta/datanode.id
2024-08-15 10:19:08,306 [main] INFO  ozone.MiniOzoneClusterImpl (MiniOzoneClusterImpl.java:lambda$waitForClusterToBeReady$0(198)) - Waiting for nodes to be ready. Got 0 of 5 DN Heartbeats.
2024-08-15 10:19:08,306 [main] INFO  ozone.MiniOzoneClusterImpl (MiniOzoneClusterImpl.java:lambda$waitForClusterToBeReady$0(201)) - Waiting for cluster to exit safe mode
2024-08-15 10:19:08,306 [main] INFO  ozone.MiniOzoneClusterImpl (MiniOzoneClusterImpl.java:lambda$waitForClusterToBeReady$0(203)) - SCM became leader
2024-08-15 10:19:08,417 [1b29c983-94d7-499d-bcc1-fd69fd0caba2-EndpointStateMachineTaskThread-/0.0.0.0:15479-0 ] INFO  utils.DatanodeStoreCache (DatanodeStoreCache.java:addDB(72)) - Added db /home/runner/work/ozone/ozone/hadoop-ozone/integration-test/target/test-dir/MiniOzoneClusterImpl-71195f16-0443-47ad-abb9-7568f4d0400c/ozone-meta/datanode-1/data-0/hdds/71195f16-0443-47ad-abb9-7568f4d0400c/DS-6706943d-a5f8-460d-86b3-35b8263135b1/container.db to cache
2024-08-15 10:19:08,418 [1b29c983-94d7-499d-bcc1-fd69fd0caba2-EndpointStateMachineTaskThread-/0.0.0.0:15479-0 ] INFO  volume.HddsVolume (HddsVolume.java:createDbStore(429)) - SchemaV3 db is created and loaded at /home/runner/work/ozone/ozone/hadoop-ozone/integration-test/target/test-dir/MiniOzoneClusterImpl-71195f16-0443-47ad-abb9-7568f4d0400c/ozone-meta/datanode-1/data-0/hdds/71195f16-0443-47ad-abb9-7568f4d0400c/DS-6706943d-a5f8-460d-86b3-35b8263135b1/container.db for volume DS-6706943d-a5f8-460d-86b3-35b8263135b1
2024-08-15 10:19:08,419 [1b29c983-94d7-499d-bcc1-fd69fd0caba2-ContainerReader-0] INFO  ozoneimpl.ContainerReader (ContainerReader.java:readVolume(148)) - Start to verify containers on volume /home/runner/work/ozone/ozone/hadoop-ozone/integration-test/target/test-dir/MiniOzoneClusterImpl-71195f16-0443-47ad-abb9-7568f4d0400c/ozone-meta/datanode-1/data-0/hdds
2024-08-15 10:19:08,419 [1b29c983-94d7-499d-bcc1-fd69fd0caba2-ContainerReader-0] INFO  ozoneimpl.ContainerReader (ContainerReader.java:readVolume(178)) - Finish verifying containers on volume /home/runner/work/ozone/ozone/hadoop-ozone/integration-test/target/test-dir/MiniOzoneClusterImpl-71195f16-0443-47ad-abb9-7568f4d0400c/ozone-meta/datanode-1/data-0/hdds
2024-08-15 10:19:08,419 [1b29c983-94d7-499d-bcc1-fd69fd0caba2-EndpointStateMachineTaskThread-/0.0.0.0:15479-0 ] INFO  ozoneimpl.OzoneContainer (OzoneContainer.java:buildContainerSet(344)) - Build ContainerSet costs 0s
2024-08-15 10:19:08,419 [1b29c983-94d7-499d-bcc1-fd69fd0caba2-EndpointStateMachineTaskThread-/0.0.0.0:15479-0 ] INFO  volume.ThrottledAsyncChecker (ThrottledAsyncChecker.java:schedule(141)) - Scheduling a check for /home/runner/work/ozone/ozone/hadoop-ozone/integration-test/target/test-dir/MiniOzoneClusterImpl-71195f16-0443-47ad-abb9-7568f4d0400c/ozone-meta/datanode-1/data-0/hdds
2024-08-15 10:19:08,420 [1b29c983-94d7-499d-bcc1-fd69fd0caba2-EndpointStateMachineTaskThread-/0.0.0.0:15479-0 ] INFO  volume.StorageVolumeChecker (StorageVolumeChecker.java:checkAllVolumes(218)) - Scheduled health check for volume /home/runner/work/ozone/ozone/hadoop-ozone/integration-test/target/test-dir/MiniOzoneClusterImpl-71195f16-0443-47ad-abb9-7568f4d0400c/ozone-meta/datanode-1/data-0/hdds
2024-08-15 10:19:08,421 [1b29c983-94d7-499d-bcc1-fd69fd0caba2-EndpointStateMachineTaskThread-/0.0.0.0:15479-0 ] INFO  volume.ThrottledAsyncChecker (ThrottledAsyncChecker.java:schedule(141)) - Scheduling a check for /home/runner/work/ozone/ozone/hadoop-ozone/integration-test/target/test-dir/MiniOzoneClusterImpl-71195f16-0443-47ad-abb9-7568f4d0400c/ozone-meta/datanode-1/ratis
2024-08-15 10:19:08,421 [1b29c983-94d7-499d-bcc1-fd69fd0caba2-EndpointStateMachineTaskThread-/0.0.0.0:15479-0 ] INFO  volume.StorageVolumeChecker (StorageVolumeChecker.java:checkAllVolumes(218)) - Scheduled health check for volume /home/runner/work/ozone/ozone/hadoop-ozone/integration-test/target/test-dir/MiniOzoneClusterImpl-71195f16-0443-47ad-abb9-7568f4d0400c/ozone-meta/datanode-1/ratis
2024-08-15 10:19:08,421 [1b29c983-94d7-499d-bcc1-fd69fd0caba2-EndpointStateMachineTaskThread-/0.0.0.0:15479-0 ] INFO  ozoneimpl.OzoneContainer (OzoneContainer.java:start(475)) - Attempting to start container services.
2024-08-15 10:19:08,422 [ContainerMetadataScanner] INFO  ozoneimpl.AbstractBackgroundContainerScanner (AbstractBackgroundContainerScanner.java:runIteration(87)) - Completed an iteration in 0 minutes. Number of iterations (since the data-node restart) : 1, Number of containers scanned in this iteration : 0, Number of unhealthy containers found in this iteration : 0
2024-08-15 10:19:08,422 [ContainerDataScanner(/home/runner/work/ozone/ozone/hadoop-ozone/integration-test/target/test-dir/MiniOzoneClusterImpl-71195f16-0443-47ad-abb9-7568f4d0400c/ozone-meta/datanode-1/data-0/hdds)] INFO  ozoneimpl.AbstractBackgroundContainerScanner (AbstractBackgroundContainerScanner.java:runIteration(87)) - Completed an iteration in 0 minutes. Number of iterations (since the data-node restart) : 1, Number of containers scanned in this iteration : 0, Number of unhealthy containers found in this iteration : 0
2024-08-15 10:19:08,422 [1b29c983-94d7-499d-bcc1-fd69fd0caba2-EndpointStateMachineTaskThread-/0.0.0.0:15479-0 ] INFO  replication.ReplicationServer (ReplicationServer.java:start(140)) - ReplicationServer is started using port 15493
2024-08-15 10:19:08,422 [1b29c983-94d7-499d-bcc1-fd69fd0caba2-EndpointStateMachineTaskThread-/0.0.0.0:15479-0 ] INFO  ratis.XceiverServerRatis (XceiverServerRatis.java:start(562)) - Starting XceiverServerRatis 1b29c983-94d7-499d-bcc1-fd69fd0caba2
2024-08-15 10:19:08,423 [1b29c983-94d7-499d-bcc1-fd69fd0caba2-EndpointStateMachineTaskThread-/0.0.0.0:15479-0 ] INFO  server.RaftServer (RaftServerProxy.java:startImpl(408)) - 1b29c983-94d7-499d-bcc1-fd69fd0caba2: start RPC server
2024-08-15 10:19:08,423 [1b29c983-94d7-499d-bcc1-fd69fd0caba2-EndpointStateMachineTaskThread-/0.0.0.0:15479-0 ] INFO  server.GrpcService (GrpcService.java:startImpl(302)) - 1b29c983-94d7-499d-bcc1-fd69fd0caba2: GrpcService started, listening on 15489
2024-08-15 10:19:08,424 [1b29c983-94d7-499d-bcc1-fd69fd0caba2-EndpointStateMachineTaskThread-/0.0.0.0:15479-0 ] INFO  ratis.XceiverServerRatis (XceiverServerRatis.java:getRealPort(588)) - XceiverServerRatis 1b29c983-94d7-499d-bcc1-fd69fd0caba2 is started using port 15489 for RATIS
2024-08-15 10:19:08,424 [1b29c983-94d7-499d-bcc1-fd69fd0caba2-EndpointStateMachineTaskThread-/0.0.0.0:15479-0 ] INFO  ratis.XceiverServerRatis (XceiverServerRatis.java:getRealPort(588)) - XceiverServerRatis 1b29c983-94d7-499d-bcc1-fd69fd0caba2 is started using port 15489 for RATIS_ADMIN
2024-08-15 10:19:08,424 [1b29c983-94d7-499d-bcc1-fd69fd0caba2-EndpointStateMachineTaskThread-/0.0.0.0:15479-0 ] INFO  ratis.XceiverServerRatis (XceiverServerRatis.java:getRealPort(588)) - XceiverServerRatis 1b29c983-94d7-499d-bcc1-fd69fd0caba2 is started using port 15489 for RATIS_SERVER
2024-08-15 10:19:08,424 [1b29c983-94d7-499d-bcc1-fd69fd0caba2-EndpointStateMachineTaskThread-/0.0.0.0:15479-0 ] INFO  ratis.XceiverServerRatis (XceiverServerRatis.java:getRealPort(588)) - XceiverServerRatis 1b29c983-94d7-499d-bcc1-fd69fd0caba2 is started using port 15492 for RATIS_DATASTREAM
2024-08-15 10:19:08,424 [JvmPauseMonitor69] INFO  util.JvmPauseMonitor (JvmPauseMonitor.java:run(146)) - JvmPauseMonitor-1b29c983-94d7-499d-bcc1-fd69fd0caba2: Started
2024-08-15 10:19:08,425 [1b29c983-94d7-499d-bcc1-fd69fd0caba2-BlockDeletingService#0] INFO  interfaces.ContainerDeletionChoosingPolicyTemplate (ContainerDeletionChoosingPolicyTemplate.java:chooseContainerForBlockDeletion(85)) - Chosen 0/5000 blocks from 0 candidate containers.
2024-08-15 10:19:08,644 [0e485a45-f52d-48d7-a7aa-3788f1251f10-EndpointStateMachineTaskThread-/0.0.0.0:15479-0 ] INFO  utils.DatanodeStoreCache (DatanodeStoreCache.java:addDB(72)) - Added db /home/runner/work/ozone/ozone/hadoop-ozone/integration-test/target/test-dir/MiniOzoneClusterImpl-71195f16-0443-47ad-abb9-7568f4d0400c/ozone-meta/datanode-2/data-0/hdds/71195f16-0443-47ad-abb9-7568f4d0400c/DS-115c2f03-6551-42ac-8fd2-89109071b43b/container.db to cache
2024-08-15 10:19:08,644 [0e485a45-f52d-48d7-a7aa-3788f1251f10-EndpointStateMachineTaskThread-/0.0.0.0:15479-0 ] INFO  volume.HddsVolume (HddsVolume.java:createDbStore(429)) - SchemaV3 db is created and loaded at /home/runner/work/ozone/ozone/hadoop-ozone/integration-test/target/test-dir/MiniOzoneClusterImpl-71195f16-0443-47ad-abb9-7568f4d0400c/ozone-meta/datanode-2/data-0/hdds/71195f16-0443-47ad-abb9-7568f4d0400c/DS-115c2f03-6551-42ac-8fd2-89109071b43b/container.db for volume DS-115c2f03-6551-42ac-8fd2-89109071b43b
2024-08-15 10:19:08,645 [0e485a45-f52d-48d7-a7aa-3788f1251f10-ContainerReader-0] INFO  ozoneimpl.ContainerReader (ContainerReader.java:readVolume(148)) - Start to verify containers on volume /home/runner/work/ozone/ozone/hadoop-ozone/integration-test/target/test-dir/MiniOzoneClusterImpl-71195f16-0443-47ad-abb9-7568f4d0400c/ozone-meta/datanode-2/data-0/hdds
2024-08-15 10:19:08,645 [0e485a45-f52d-48d7-a7aa-3788f1251f10-ContainerReader-0] INFO  ozoneimpl.ContainerReader (ContainerReader.java:readVolume(178)) - Finish verifying containers on volume /home/runner/work/ozone/ozone/hadoop-ozone/integration-test/target/test-dir/MiniOzoneClusterImpl-71195f16-0443-47ad-abb9-7568f4d0400c/ozone-meta/datanode-2/data-0/hdds
2024-08-15 10:19:08,645 [0e485a45-f52d-48d7-a7aa-3788f1251f10-EndpointStateMachineTaskThread-/0.0.0.0:15479-0 ] INFO  ozoneimpl.OzoneContainer (OzoneContainer.java:buildContainerSet(344)) - Build ContainerSet costs 0s
2024-08-15 10:19:08,645 [0e485a45-f52d-48d7-a7aa-3788f1251f10-EndpointStateMachineTaskThread-/0.0.0.0:15479-0 ] INFO  volume.ThrottledAsyncChecker (ThrottledAsyncChecker.java:schedule(141)) - Scheduling a check for /home/runner/work/ozone/ozone/hadoop-ozone/integration-test/target/test-dir/MiniOzoneClusterImpl-71195f16-0443-47ad-abb9-7568f4d0400c/ozone-meta/datanode-2/data-0/hdds
2024-08-15 10:19:08,646 [0e485a45-f52d-48d7-a7aa-3788f1251f10-EndpointStateMachineTaskThread-/0.0.0.0:15479-0 ] INFO  volume.StorageVolumeChecker (StorageVolumeChecker.java:checkAllVolumes(218)) - Scheduled health check for volume /home/runner/work/ozone/ozone/hadoop-ozone/integration-test/target/test-dir/MiniOzoneClusterImpl-71195f16-0443-47ad-abb9-7568f4d0400c/ozone-meta/datanode-2/data-0/hdds
2024-08-15 10:19:08,647 [0e485a45-f52d-48d7-a7aa-3788f1251f10-EndpointStateMachineTaskThread-/0.0.0.0:15479-0 ] INFO  volume.ThrottledAsyncChecker (ThrottledAsyncChecker.java:schedule(141)) - Scheduling a check for /home/runner/work/ozone/ozone/hadoop-ozone/integration-test/target/test-dir/MiniOzoneClusterImpl-71195f16-0443-47ad-abb9-7568f4d0400c/ozone-meta/datanode-2/ratis
2024-08-15 10:19:08,647 [0e485a45-f52d-48d7-a7aa-3788f1251f10-EndpointStateMachineTaskThread-/0.0.0.0:15479-0 ] INFO  volume.StorageVolumeChecker (StorageVolumeChecker.java:checkAllVolumes(218)) - Scheduled health check for volume /home/runner/work/ozone/ozone/hadoop-ozone/integration-test/target/test-dir/MiniOzoneClusterImpl-71195f16-0443-47ad-abb9-7568f4d0400c/ozone-meta/datanode-2/ratis
2024-08-15 10:19:08,647 [0e485a45-f52d-48d7-a7aa-3788f1251f10-EndpointStateMachineTaskThread-/0.0.0.0:15479-0 ] INFO  ozoneimpl.OzoneContainer (OzoneContainer.java:start(475)) - Attempting to start container services.
2024-08-15 10:19:08,647 [0e485a45-f52d-48d7-a7aa-3788f1251f10-EndpointStateMachineTaskThread-/0.0.0.0:15479-0 ] WARN  ozoneimpl.OnDemandContainerDataScanner (OnDemandContainerDataScanner.java:init(75)) - Trying to initialize on demand scanner a second time on a datanode.
2024-08-15 10:19:08,649 [ContainerMetadataScanner] INFO  ozoneimpl.AbstractBackgroundContainerScanner (AbstractBackgroundContainerScanner.java:runIteration(87)) - Completed an iteration in 0 minutes. Number of iterations (since the data-node restart) : 1, Number of containers scanned in this iteration : 0, Number of unhealthy containers found in this iteration : 0
2024-08-15 10:19:08,649 [ContainerDataScanner(/home/runner/work/ozone/ozone/hadoop-ozone/integration-test/target/test-dir/MiniOzoneClusterImpl-71195f16-0443-47ad-abb9-7568f4d0400c/ozone-meta/datanode-2/data-0/hdds)] INFO  ozoneimpl.AbstractBackgroundContainerScanner (AbstractBackgroundContainerScanner.java:runIteration(87)) - Completed an iteration in 0 minutes. Number of iterations (since the data-node restart) : 1, Number of containers scanned in this iteration : 0, Number of unhealthy containers found in this iteration : 0
2024-08-15 10:19:08,649 [0e485a45-f52d-48d7-a7aa-3788f1251f10-EndpointStateMachineTaskThread-/0.0.0.0:15479-0 ] INFO  replication.ReplicationServer (ReplicationServer.java:start(140)) - ReplicationServer is started using port 15502
2024-08-15 10:19:08,649 [0e485a45-f52d-48d7-a7aa-3788f1251f10-EndpointStateMachineTaskThread-/0.0.0.0:15479-0 ] INFO  ratis.XceiverServerRatis (XceiverServerRatis.java:start(562)) - Starting XceiverServerRatis 0e485a45-f52d-48d7-a7aa-3788f1251f10
2024-08-15 10:19:08,656 [0e485a45-f52d-48d7-a7aa-3788f1251f10-EndpointStateMachineTaskThread-/0.0.0.0:15479-0 ] INFO  server.RaftServer (RaftServerProxy.java:startImpl(408)) - 0e485a45-f52d-48d7-a7aa-3788f1251f10: start RPC server
2024-08-15 10:19:08,657 [0e485a45-f52d-48d7-a7aa-3788f1251f10-EndpointStateMachineTaskThread-/0.0.0.0:15479-0 ] INFO  server.GrpcService (GrpcService.java:startImpl(302)) - 0e485a45-f52d-48d7-a7aa-3788f1251f10: GrpcService started, listening on 15498
2024-08-15 10:19:08,657 [0e485a45-f52d-48d7-a7aa-3788f1251f10-EndpointStateMachineTaskThread-/0.0.0.0:15479-0 ] INFO  ratis.XceiverServerRatis (XceiverServerRatis.java:getRealPort(588)) - XceiverServerRatis 0e485a45-f52d-48d7-a7aa-3788f1251f10 is started using port 15498 for RATIS
2024-08-15 10:19:08,657 [0e485a45-f52d-48d7-a7aa-3788f1251f10-EndpointStateMachineTaskThread-/0.0.0.0:15479-0 ] INFO  ratis.XceiverServerRatis (XceiverServerRatis.java:getRealPort(588)) - XceiverServerRatis 0e485a45-f52d-48d7-a7aa-3788f1251f10 is started using port 15498 for RATIS_ADMIN
2024-08-15 10:19:08,657 [JvmPauseMonitor70] INFO  util.JvmPauseMonitor (JvmPauseMonitor.java:run(146)) - JvmPauseMonitor-0e485a45-f52d-48d7-a7aa-3788f1251f10: Started
2024-08-15 10:19:08,657 [0e485a45-f52d-48d7-a7aa-3788f1251f10-EndpointStateMachineTaskThread-/0.0.0.0:15479-0 ] INFO  ratis.XceiverServerRatis (XceiverServerRatis.java:getRealPort(588)) - XceiverServerRatis 0e485a45-f52d-48d7-a7aa-3788f1251f10 is started using port 15498 for RATIS_SERVER
2024-08-15 10:19:08,657 [0e485a45-f52d-48d7-a7aa-3788f1251f10-EndpointStateMachineTaskThread-/0.0.0.0:15479-0 ] INFO  ratis.XceiverServerRatis (XceiverServerRatis.java:getRealPort(588)) - XceiverServerRatis 0e485a45-f52d-48d7-a7aa-3788f1251f10 is started using port 15501 for RATIS_DATASTREAM
2024-08-15 10:19:08,661 [0e485a45-f52d-48d7-a7aa-3788f1251f10-BlockDeletingService#0] INFO  interfaces.ContainerDeletionChoosingPolicyTemplate (ContainerDeletionChoosingPolicyTemplate.java:chooseContainerForBlockDeletion(85)) - Chosen 0/5000 blocks from 0 candidate containers.
2024-08-15 10:19:08,870 [38e4ed17-21fc-4cdd-a713-95c81e4a5ee7-EndpointStateMachineTaskThread-/0.0.0.0:15479-0 ] INFO  utils.DatanodeStoreCache (DatanodeStoreCache.java:addDB(72)) - Added db /home/runner/work/ozone/ozone/hadoop-ozone/integration-test/target/test-dir/MiniOzoneClusterImpl-71195f16-0443-47ad-abb9-7568f4d0400c/ozone-meta/datanode-3/data-0/hdds/71195f16-0443-47ad-abb9-7568f4d0400c/DS-3c6cf395-09e9-4904-aa54-6bf4df811f12/container.db to cache
2024-08-15 10:19:08,870 [38e4ed17-21fc-4cdd-a713-95c81e4a5ee7-EndpointStateMachineTaskThread-/0.0.0.0:15479-0 ] INFO  volume.HddsVolume (HddsVolume.java:createDbStore(429)) - SchemaV3 db is created and loaded at /home/runner/work/ozone/ozone/hadoop-ozone/integration-test/target/test-dir/MiniOzoneClusterImpl-71195f16-0443-47ad-abb9-7568f4d0400c/ozone-meta/datanode-3/data-0/hdds/71195f16-0443-47ad-abb9-7568f4d0400c/DS-3c6cf395-09e9-4904-aa54-6bf4df811f12/container.db for volume DS-3c6cf395-09e9-4904-aa54-6bf4df811f12
2024-08-15 10:19:08,872 [38e4ed17-21fc-4cdd-a713-95c81e4a5ee7-ContainerReader-0] INFO  ozoneimpl.ContainerReader (ContainerReader.java:readVolume(148)) - Start to verify containers on volume /home/runner/work/ozone/ozone/hadoop-ozone/integration-test/target/test-dir/MiniOzoneClusterImpl-71195f16-0443-47ad-abb9-7568f4d0400c/ozone-meta/datanode-3/data-0/hdds
2024-08-15 10:19:08,872 [38e4ed17-21fc-4cdd-a713-95c81e4a5ee7-ContainerReader-0] INFO  ozoneimpl.ContainerReader (ContainerReader.java:readVolume(178)) - Finish verifying containers on volume /home/runner/work/ozone/ozone/hadoop-ozone/integration-test/target/test-dir/MiniOzoneClusterImpl-71195f16-0443-47ad-abb9-7568f4d0400c/ozone-meta/datanode-3/data-0/hdds
2024-08-15 10:19:08,872 [38e4ed17-21fc-4cdd-a713-95c81e4a5ee7-EndpointStateMachineTaskThread-/0.0.0.0:15479-0 ] INFO  ozoneimpl.OzoneContainer (OzoneContainer.java:buildContainerSet(344)) - Build ContainerSet costs 0s
2024-08-15 10:19:08,872 [38e4ed17-21fc-4cdd-a713-95c81e4a5ee7-EndpointStateMachineTaskThread-/0.0.0.0:15479-0 ] INFO  volume.ThrottledAsyncChecker (ThrottledAsyncChecker.java:schedule(141)) - Scheduling a check for /home/runner/work/ozone/ozone/hadoop-ozone/integration-test/target/test-dir/MiniOzoneClusterImpl-71195f16-0443-47ad-abb9-7568f4d0400c/ozone-meta/datanode-3/data-0/hdds
2024-08-15 10:19:08,872 [38e4ed17-21fc-4cdd-a713-95c81e4a5ee7-EndpointStateMachineTaskThread-/0.0.0.0:15479-0 ] INFO  volume.StorageVolumeChecker (StorageVolumeChecker.java:checkAllVolumes(218)) - Scheduled health check for volume /home/runner/work/ozone/ozone/hadoop-ozone/integration-test/target/test-dir/MiniOzoneClusterImpl-71195f16-0443-47ad-abb9-7568f4d0400c/ozone-meta/datanode-3/data-0/hdds
2024-08-15 10:19:08,873 [38e4ed17-21fc-4cdd-a713-95c81e4a5ee7-EndpointStateMachineTaskThread-/0.0.0.0:15479-0 ] INFO  volume.ThrottledAsyncChecker (ThrottledAsyncChecker.java:schedule(141)) - Scheduling a check for /home/runner/work/ozone/ozone/hadoop-ozone/integration-test/target/test-dir/MiniOzoneClusterImpl-71195f16-0443-47ad-abb9-7568f4d0400c/ozone-meta/datanode-3/ratis
2024-08-15 10:19:08,873 [38e4ed17-21fc-4cdd-a713-95c81e4a5ee7-EndpointStateMachineTaskThread-/0.0.0.0:15479-0 ] INFO  volume.StorageVolumeChecker (StorageVolumeChecker.java:checkAllVolumes(218)) - Scheduled health check for volume /home/runner/work/ozone/ozone/hadoop-ozone/integration-test/target/test-dir/MiniOzoneClusterImpl-71195f16-0443-47ad-abb9-7568f4d0400c/ozone-meta/datanode-3/ratis
2024-08-15 10:19:08,874 [38e4ed17-21fc-4cdd-a713-95c81e4a5ee7-EndpointStateMachineTaskThread-/0.0.0.0:15479-0 ] INFO  ozoneimpl.OzoneContainer (OzoneContainer.java:start(475)) - Attempting to start container services.
2024-08-15 10:19:08,874 [38e4ed17-21fc-4cdd-a713-95c81e4a5ee7-EndpointStateMachineTaskThread-/0.0.0.0:15479-0 ] WARN  ozoneimpl.OnDemandContainerDataScanner (OnDemandContainerDataScanner.java:init(75)) - Trying to initialize on demand scanner a second time on a datanode.
2024-08-15 10:19:08,874 [ContainerMetadataScanner] INFO  ozoneimpl.AbstractBackgroundContainerScanner (AbstractBackgroundContainerScanner.java:runIteration(87)) - Completed an iteration in 0 minutes. Number of iterations (since the data-node restart) : 1, Number of containers scanned in this iteration : 0, Number of unhealthy containers found in this iteration : 0
2024-08-15 10:19:08,875 [ContainerDataScanner(/home/runner/work/ozone/ozone/hadoop-ozone/integration-test/target/test-dir/MiniOzoneClusterImpl-71195f16-0443-47ad-abb9-7568f4d0400c/ozone-meta/datanode-3/data-0/hdds)] INFO  ozoneimpl.AbstractBackgroundContainerScanner (AbstractBackgroundContainerScanner.java:runIteration(87)) - Completed an iteration in 0 minutes. Number of iterations (since the data-node restart) : 1, Number of containers scanned in this iteration : 0, Number of unhealthy containers found in this iteration : 0
2024-08-15 10:19:08,875 [38e4ed17-21fc-4cdd-a713-95c81e4a5ee7-EndpointStateMachineTaskThread-/0.0.0.0:15479-0 ] INFO  replication.ReplicationServer (ReplicationServer.java:start(140)) - ReplicationServer is started using port 15511
2024-08-15 10:19:08,875 [38e4ed17-21fc-4cdd-a713-95c81e4a5ee7-EndpointStateMachineTaskThread-/0.0.0.0:15479-0 ] INFO  ratis.XceiverServerRatis (XceiverServerRatis.java:start(562)) - Starting XceiverServerRatis 38e4ed17-21fc-4cdd-a713-95c81e4a5ee7
2024-08-15 10:19:08,875 [38e4ed17-21fc-4cdd-a713-95c81e4a5ee7-EndpointStateMachineTaskThread-/0.0.0.0:15479-0 ] INFO  server.RaftServer (RaftServerProxy.java:startImpl(408)) - 38e4ed17-21fc-4cdd-a713-95c81e4a5ee7: start RPC server
2024-08-15 10:19:08,875 [38e4ed17-21fc-4cdd-a713-95c81e4a5ee7-EndpointStateMachineTaskThread-/0.0.0.0:15479-0 ] INFO  server.GrpcService (GrpcService.java:startImpl(302)) - 38e4ed17-21fc-4cdd-a713-95c81e4a5ee7: GrpcService started, listening on 15507
2024-08-15 10:19:08,876 [38e4ed17-21fc-4cdd-a713-95c81e4a5ee7-EndpointStateMachineTaskThread-/0.0.0.0:15479-0 ] INFO  ratis.XceiverServerRatis (XceiverServerRatis.java:getRealPort(588)) - XceiverServerRatis 38e4ed17-21fc-4cdd-a713-95c81e4a5ee7 is started using port 15507 for RATIS
2024-08-15 10:19:08,876 [38e4ed17-21fc-4cdd-a713-95c81e4a5ee7-EndpointStateMachineTaskThread-/0.0.0.0:15479-0 ] INFO  ratis.XceiverServerRatis (XceiverServerRatis.java:getRealPort(588)) - XceiverServerRatis 38e4ed17-21fc-4cdd-a713-95c81e4a5ee7 is started using port 15507 for RATIS_ADMIN
2024-08-15 10:19:08,876 [38e4ed17-21fc-4cdd-a713-95c81e4a5ee7-EndpointStateMachineTaskThread-/0.0.0.0:15479-0 ] INFO  ratis.XceiverServerRatis (XceiverServerRatis.java:getRealPort(588)) - XceiverServerRatis 38e4ed17-21fc-4cdd-a713-95c81e4a5ee7 is started using port 15507 for RATIS_SERVER
2024-08-15 10:19:08,876 [38e4ed17-21fc-4cdd-a713-95c81e4a5ee7-EndpointStateMachineTaskThread-/0.0.0.0:15479-0 ] INFO  ratis.XceiverServerRatis (XceiverServerRatis.java:getRealPort(588)) - XceiverServerRatis 38e4ed17-21fc-4cdd-a713-95c81e4a5ee7 is started using port 15510 for RATIS_DATASTREAM
2024-08-15 10:19:08,876 [JvmPauseMonitor71] INFO  util.JvmPauseMonitor (JvmPauseMonitor.java:run(146)) - JvmPauseMonitor-38e4ed17-21fc-4cdd-a713-95c81e4a5ee7: Started
2024-08-15 10:19:08,877 [38e4ed17-21fc-4cdd-a713-95c81e4a5ee7-BlockDeletingService#0] INFO  interfaces.ContainerDeletionChoosingPolicyTemplate (ContainerDeletionChoosingPolicyTemplate.java:chooseContainerForBlockDeletion(85)) - Chosen 0/5000 blocks from 0 candidate containers.
2024-08-15 10:19:09,113 [f60b0d4a-47c9-4dc3-aae7-72bc8e2f4697-EndpointStateMachineTaskThread-/0.0.0.0:15479-0 ] INFO  utils.DatanodeStoreCache (DatanodeStoreCache.java:addDB(72)) - Added db /home/runner/work/ozone/ozone/hadoop-ozone/integration-test/target/test-dir/MiniOzoneClusterImpl-71195f16-0443-47ad-abb9-7568f4d0400c/ozone-meta/datanode-4/data-0/hdds/71195f16-0443-47ad-abb9-7568f4d0400c/DS-039b8665-12f4-4644-96fc-7a571e410343/container.db to cache
2024-08-15 10:19:09,113 [f60b0d4a-47c9-4dc3-aae7-72bc8e2f4697-EndpointStateMachineTaskThread-/0.0.0.0:15479-0 ] INFO  volume.HddsVolume (HddsVolume.java:createDbStore(429)) - SchemaV3 db is created and loaded at /home/runner/work/ozone/ozone/hadoop-ozone/integration-test/target/test-dir/MiniOzoneClusterImpl-71195f16-0443-47ad-abb9-7568f4d0400c/ozone-meta/datanode-4/data-0/hdds/71195f16-0443-47ad-abb9-7568f4d0400c/DS-039b8665-12f4-4644-96fc-7a571e410343/container.db for volume DS-039b8665-12f4-4644-96fc-7a571e410343
2024-08-15 10:19:09,114 [f60b0d4a-47c9-4dc3-aae7-72bc8e2f4697-ContainerReader-0] INFO  ozoneimpl.ContainerReader (ContainerReader.java:readVolume(148)) - Start to verify containers on volume /home/runner/work/ozone/ozone/hadoop-ozone/integration-test/target/test-dir/MiniOzoneClusterImpl-71195f16-0443-47ad-abb9-7568f4d0400c/ozone-meta/datanode-4/data-0/hdds
2024-08-15 10:19:09,114 [f60b0d4a-47c9-4dc3-aae7-72bc8e2f4697-ContainerReader-0] INFO  ozoneimpl.ContainerReader (ContainerReader.java:readVolume(178)) - Finish verifying containers on volume /home/runner/work/ozone/ozone/hadoop-ozone/integration-test/target/test-dir/MiniOzoneClusterImpl-71195f16-0443-47ad-abb9-7568f4d0400c/ozone-meta/datanode-4/data-0/hdds
2024-08-15 10:19:09,114 [f60b0d4a-47c9-4dc3-aae7-72bc8e2f4697-EndpointStateMachineTaskThread-/0.0.0.0:15479-0 ] INFO  ozoneimpl.OzoneContainer (OzoneContainer.java:buildContainerSet(344)) - Build ContainerSet costs 0s
2024-08-15 10:19:09,114 [f60b0d4a-47c9-4dc3-aae7-72bc8e2f4697-EndpointStateMachineTaskThread-/0.0.0.0:15479-0 ] INFO  volume.ThrottledAsyncChecker (ThrottledAsyncChecker.java:schedule(141)) - Scheduling a check for /home/runner/work/ozone/ozone/hadoop-ozone/integration-test/target/test-dir/MiniOzoneClusterImpl-71195f16-0443-47ad-abb9-7568f4d0400c/ozone-meta/datanode-4/data-0/hdds
2024-08-15 10:19:09,115 [f60b0d4a-47c9-4dc3-aae7-72bc8e2f4697-EndpointStateMachineTaskThread-/0.0.0.0:15479-0 ] INFO  volume.StorageVolumeChecker (StorageVolumeChecker.java:checkAllVolumes(218)) - Scheduled health check for volume /home/runner/work/ozone/ozone/hadoop-ozone/integration-test/target/test-dir/MiniOzoneClusterImpl-71195f16-0443-47ad-abb9-7568f4d0400c/ozone-meta/datanode-4/data-0/hdds
2024-08-15 10:19:09,115 [f60b0d4a-47c9-4dc3-aae7-72bc8e2f4697-EndpointStateMachineTaskThread-/0.0.0.0:15479-0 ] INFO  volume.ThrottledAsyncChecker (ThrottledAsyncChecker.java:schedule(141)) - Scheduling a check for /home/runner/work/ozone/ozone/hadoop-ozone/integration-test/target/test-dir/MiniOzoneClusterImpl-71195f16-0443-47ad-abb9-7568f4d0400c/ozone-meta/datanode-4/ratis
2024-08-15 10:19:09,115 [f60b0d4a-47c9-4dc3-aae7-72bc8e2f4697-EndpointStateMachineTaskThread-/0.0.0.0:15479-0 ] INFO  volume.StorageVolumeChecker (StorageVolumeChecker.java:checkAllVolumes(218)) - Scheduled health check for volume /home/runner/work/ozone/ozone/hadoop-ozone/integration-test/target/test-dir/MiniOzoneClusterImpl-71195f16-0443-47ad-abb9-7568f4d0400c/ozone-meta/datanode-4/ratis
2024-08-15 10:19:09,116 [f60b0d4a-47c9-4dc3-aae7-72bc8e2f4697-EndpointStateMachineTaskThread-/0.0.0.0:15479-0 ] INFO  ozoneimpl.OzoneContainer (OzoneContainer.java:start(475)) - Attempting to start container services.
2024-08-15 10:19:09,116 [f60b0d4a-47c9-4dc3-aae7-72bc8e2f4697-EndpointStateMachineTaskThread-/0.0.0.0:15479-0 ] WARN  ozoneimpl.OnDemandContainerDataScanner (OnDemandContainerDataScanner.java:init(75)) - Trying to initialize on demand scanner a second time on a datanode.
2024-08-15 10:19:09,116 [ContainerMetadataScanner] INFO  ozoneimpl.AbstractBackgroundContainerScanner (AbstractBackgroundContainerScanner.java:runIteration(87)) - Completed an iteration in 0 minutes. Number of iterations (since the data-node restart) : 1, Number of containers scanned in this iteration : 0, Number of unhealthy containers found in this iteration : 0
2024-08-15 10:19:09,117 [ContainerDataScanner(/home/runner/work/ozone/ozone/hadoop-ozone/integration-test/target/test-dir/MiniOzoneClusterImpl-71195f16-0443-47ad-abb9-7568f4d0400c/ozone-meta/datanode-4/data-0/hdds)] INFO  ozoneimpl.AbstractBackgroundContainerScanner (AbstractBackgroundContainerScanner.java:runIteration(87)) - Completed an iteration in 0 minutes. Number of iterations (since the data-node restart) : 1, Number of containers scanned in this iteration : 0, Number of unhealthy containers found in this iteration : 0
2024-08-15 10:19:09,117 [f60b0d4a-47c9-4dc3-aae7-72bc8e2f4697-EndpointStateMachineTaskThread-/0.0.0.0:15479-0 ] INFO  replication.ReplicationServer (ReplicationServer.java:start(140)) - ReplicationServer is started using port 15520
2024-08-15 10:19:09,117 [f60b0d4a-47c9-4dc3-aae7-72bc8e2f4697-EndpointStateMachineTaskThread-/0.0.0.0:15479-0 ] INFO  ratis.XceiverServerRatis (XceiverServerRatis.java:start(562)) - Starting XceiverServerRatis f60b0d4a-47c9-4dc3-aae7-72bc8e2f4697
2024-08-15 10:19:09,117 [f60b0d4a-47c9-4dc3-aae7-72bc8e2f4697-EndpointStateMachineTaskThread-/0.0.0.0:15479-0 ] INFO  server.RaftServer (RaftServerProxy.java:startImpl(408)) - f60b0d4a-47c9-4dc3-aae7-72bc8e2f4697: start RPC server
2024-08-15 10:19:09,118 [f60b0d4a-47c9-4dc3-aae7-72bc8e2f4697-EndpointStateMachineTaskThread-/0.0.0.0:15479-0 ] INFO  server.GrpcService (GrpcService.java:startImpl(302)) - f60b0d4a-47c9-4dc3-aae7-72bc8e2f4697: GrpcService started, listening on 15516
2024-08-15 10:19:09,118 [f60b0d4a-47c9-4dc3-aae7-72bc8e2f4697-EndpointStateMachineTaskThread-/0.0.0.0:15479-0 ] INFO  ratis.XceiverServerRatis (XceiverServerRatis.java:getRealPort(588)) - XceiverServerRatis f60b0d4a-47c9-4dc3-aae7-72bc8e2f4697 is started using port 15516 for RATIS
2024-08-15 10:19:09,118 [f60b0d4a-47c9-4dc3-aae7-72bc8e2f4697-EndpointStateMachineTaskThread-/0.0.0.0:15479-0 ] INFO  ratis.XceiverServerRatis (XceiverServerRatis.java:getRealPort(588)) - XceiverServerRatis f60b0d4a-47c9-4dc3-aae7-72bc8e2f4697 is started using port 15516 for RATIS_ADMIN
2024-08-15 10:19:09,118 [f60b0d4a-47c9-4dc3-aae7-72bc8e2f4697-EndpointStateMachineTaskThread-/0.0.0.0:15479-0 ] INFO  ratis.XceiverServerRatis (XceiverServerRatis.java:getRealPort(588)) - XceiverServerRatis f60b0d4a-47c9-4dc3-aae7-72bc8e2f4697 is started using port 15516 for RATIS_SERVER
2024-08-15 10:19:09,118 [f60b0d4a-47c9-4dc3-aae7-72bc8e2f4697-EndpointStateMachineTaskThread-/0.0.0.0:15479-0 ] INFO  ratis.XceiverServerRatis (XceiverServerRatis.java:getRealPort(588)) - XceiverServerRatis f60b0d4a-47c9-4dc3-aae7-72bc8e2f4697 is started using port 15519 for RATIS_DATASTREAM
2024-08-15 10:19:09,118 [JvmPauseMonitor72] INFO  util.JvmPauseMonitor (JvmPauseMonitor.java:run(146)) - JvmPauseMonitor-f60b0d4a-47c9-4dc3-aae7-72bc8e2f4697: Started
2024-08-15 10:19:09,119 [f60b0d4a-47c9-4dc3-aae7-72bc8e2f4697-BlockDeletingService#0] INFO  interfaces.ContainerDeletionChoosingPolicyTemplate (ContainerDeletionChoosingPolicyTemplate.java:chooseContainerForBlockDeletion(85)) - Chosen 0/5000 blocks from 0 candidate containers.
2024-08-15 10:19:09,307 [main] INFO  ozone.MiniOzoneClusterImpl (MiniOzoneClusterImpl.java:lambda$waitForClusterToBeReady$0(198)) - Waiting for nodes to be ready. Got 0 of 5 DN Heartbeats.
2024-08-15 10:19:09,307 [main] INFO  ozone.MiniOzoneClusterImpl (MiniOzoneClusterImpl.java:lambda$waitForClusterToBeReady$0(201)) - Waiting for cluster to exit safe mode
2024-08-15 10:19:09,307 [main] INFO  ozone.MiniOzoneClusterImpl (MiniOzoneClusterImpl.java:lambda$waitForClusterToBeReady$0(203)) - SCM became leader
2024-08-15 10:19:09,338 [6b83e431-4bd4-4ef9-a0a5-40878ef9a0bc-EndpointStateMachineTaskThread-/0.0.0.0:15479-0 ] INFO  utils.DatanodeStoreCache (DatanodeStoreCache.java:addDB(72)) - Added db /home/runner/work/ozone/ozone/hadoop-ozone/integration-test/target/test-dir/MiniOzoneClusterImpl-71195f16-0443-47ad-abb9-7568f4d0400c/ozone-meta/datanode-5/data-0/hdds/71195f16-0443-47ad-abb9-7568f4d0400c/DS-2ddf0bd8-9d5e-4a76-a8c3-d8319e998a47/container.db to cache
2024-08-15 10:19:09,338 [6b83e431-4bd4-4ef9-a0a5-40878ef9a0bc-EndpointStateMachineTaskThread-/0.0.0.0:15479-0 ] INFO  volume.HddsVolume (HddsVolume.java:createDbStore(429)) - SchemaV3 db is created and loaded at /home/runner/work/ozone/ozone/hadoop-ozone/integration-test/target/test-dir/MiniOzoneClusterImpl-71195f16-0443-47ad-abb9-7568f4d0400c/ozone-meta/datanode-5/data-0/hdds/71195f16-0443-47ad-abb9-7568f4d0400c/DS-2ddf0bd8-9d5e-4a76-a8c3-d8319e998a47/container.db for volume DS-2ddf0bd8-9d5e-4a76-a8c3-d8319e998a47
2024-08-15 10:19:09,339 [6b83e431-4bd4-4ef9-a0a5-40878ef9a0bc-ContainerReader-0] INFO  ozoneimpl.ContainerReader (ContainerReader.java:readVolume(148)) - Start to verify containers on volume /home/runner/work/ozone/ozone/hadoop-ozone/integration-test/target/test-dir/MiniOzoneClusterImpl-71195f16-0443-47ad-abb9-7568f4d0400c/ozone-meta/datanode-5/data-0/hdds
2024-08-15 10:19:09,339 [6b83e431-4bd4-4ef9-a0a5-40878ef9a0bc-ContainerReader-0] INFO  ozoneimpl.ContainerReader (ContainerReader.java:readVolume(178)) - Finish verifying containers on volume /home/runner/work/ozone/ozone/hadoop-ozone/integration-test/target/test-dir/MiniOzoneClusterImpl-71195f16-0443-47ad-abb9-7568f4d0400c/ozone-meta/datanode-5/data-0/hdds
2024-08-15 10:19:09,340 [6b83e431-4bd4-4ef9-a0a5-40878ef9a0bc-EndpointStateMachineTaskThread-/0.0.0.0:15479-0 ] INFO  ozoneimpl.OzoneContainer (OzoneContainer.java:buildContainerSet(344)) - Build ContainerSet costs 0s
2024-08-15 10:19:09,340 [6b83e431-4bd4-4ef9-a0a5-40878ef9a0bc-EndpointStateMachineTaskThread-/0.0.0.0:15479-0 ] INFO  volume.ThrottledAsyncChecker (ThrottledAsyncChecker.java:schedule(141)) - Scheduling a check for /home/runner/work/ozone/ozone/hadoop-ozone/integration-test/target/test-dir/MiniOzoneClusterImpl-71195f16-0443-47ad-abb9-7568f4d0400c/ozone-meta/datanode-5/data-0/hdds
2024-08-15 10:19:09,340 [6b83e431-4bd4-4ef9-a0a5-40878ef9a0bc-EndpointStateMachineTaskThread-/0.0.0.0:15479-0 ] INFO  volume.StorageVolumeChecker (StorageVolumeChecker.java:checkAllVolumes(218)) - Scheduled health check for volume /home/runner/work/ozone/ozone/hadoop-ozone/integration-test/target/test-dir/MiniOzoneClusterImpl-71195f16-0443-47ad-abb9-7568f4d0400c/ozone-meta/datanode-5/data-0/hdds
2024-08-15 10:19:09,341 [6b83e431-4bd4-4ef9-a0a5-40878ef9a0bc-EndpointStateMachineTaskThread-/0.0.0.0:15479-0 ] INFO  volume.ThrottledAsyncChecker (ThrottledAsyncChecker.java:schedule(141)) - Scheduling a check for /home/runner/work/ozone/ozone/hadoop-ozone/integration-test/target/test-dir/MiniOzoneClusterImpl-71195f16-0443-47ad-abb9-7568f4d0400c/ozone-meta/datanode-5/ratis
2024-08-15 10:19:09,341 [6b83e431-4bd4-4ef9-a0a5-40878ef9a0bc-EndpointStateMachineTaskThread-/0.0.0.0:15479-0 ] INFO  volume.StorageVolumeChecker (StorageVolumeChecker.java:checkAllVolumes(218)) - Scheduled health check for volume /home/runner/work/ozone/ozone/hadoop-ozone/integration-test/target/test-dir/MiniOzoneClusterImpl-71195f16-0443-47ad-abb9-7568f4d0400c/ozone-meta/datanode-5/ratis
2024-08-15 10:19:09,342 [6b83e431-4bd4-4ef9-a0a5-40878ef9a0bc-EndpointStateMachineTaskThread-/0.0.0.0:15479-0 ] INFO  ozoneimpl.OzoneContainer (OzoneContainer.java:start(475)) - Attempting to start container services.
2024-08-15 10:19:09,342 [6b83e431-4bd4-4ef9-a0a5-40878ef9a0bc-EndpointStateMachineTaskThread-/0.0.0.0:15479-0 ] WARN  ozoneimpl.OnDemandContainerDataScanner (OnDemandContainerDataScanner.java:init(75)) - Trying to initialize on demand scanner a second time on a datanode.
2024-08-15 10:19:09,342 [ContainerMetadataScanner] INFO  ozoneimpl.AbstractBackgroundContainerScanner (AbstractBackgroundContainerScanner.java:runIteration(87)) - Completed an iteration in 0 minutes. Number of iterations (since the data-node restart) : 1, Number of containers scanned in this iteration : 0, Number of unhealthy containers found in this iteration : 0
2024-08-15 10:19:09,342 [ContainerDataScanner(/home/runner/work/ozone/ozone/hadoop-ozone/integration-test/target/test-dir/MiniOzoneClusterImpl-71195f16-0443-47ad-abb9-7568f4d0400c/ozone-meta/datanode-5/data-0/hdds)] INFO  ozoneimpl.AbstractBackgroundContainerScanner (AbstractBackgroundContainerScanner.java:runIteration(87)) - Completed an iteration in 0 minutes. Number of iterations (since the data-node restart) : 1, Number of containers scanned in this iteration : 0, Number of unhealthy containers found in this iteration : 0
2024-08-15 10:19:09,343 [6b83e431-4bd4-4ef9-a0a5-40878ef9a0bc-EndpointStateMachineTaskThread-/0.0.0.0:15479-0 ] INFO  replication.ReplicationServer (ReplicationServer.java:start(140)) - ReplicationServer is started using port 15529
2024-08-15 10:19:09,343 [6b83e431-4bd4-4ef9-a0a5-40878ef9a0bc-EndpointStateMachineTaskThread-/0.0.0.0:15479-0 ] INFO  ratis.XceiverServerRatis (XceiverServerRatis.java:start(562)) - Starting XceiverServerRatis 6b83e431-4bd4-4ef9-a0a5-40878ef9a0bc
2024-08-15 10:19:09,343 [6b83e431-4bd4-4ef9-a0a5-40878ef9a0bc-EndpointStateMachineTaskThread-/0.0.0.0:15479-0 ] INFO  server.RaftServer (RaftServerProxy.java:startImpl(408)) - 6b83e431-4bd4-4ef9-a0a5-40878ef9a0bc: start RPC server
2024-08-15 10:19:09,343 [6b83e431-4bd4-4ef9-a0a5-40878ef9a0bc-EndpointStateMachineTaskThread-/0.0.0.0:15479-0 ] INFO  server.GrpcService (GrpcService.java:startImpl(302)) - 6b83e431-4bd4-4ef9-a0a5-40878ef9a0bc: GrpcService started, listening on 15525
2024-08-15 10:19:09,344 [6b83e431-4bd4-4ef9-a0a5-40878ef9a0bc-EndpointStateMachineTaskThread-/0.0.0.0:15479-0 ] INFO  ratis.XceiverServerRatis (XceiverServerRatis.java:getRealPort(588)) - XceiverServerRatis 6b83e431-4bd4-4ef9-a0a5-40878ef9a0bc is started using port 15525 for RATIS
2024-08-15 10:19:09,344 [6b83e431-4bd4-4ef9-a0a5-40878ef9a0bc-EndpointStateMachineTaskThread-/0.0.0.0:15479-0 ] INFO  ratis.XceiverServerRatis (XceiverServerRatis.java:getRealPort(588)) - XceiverServerRatis 6b83e431-4bd4-4ef9-a0a5-40878ef9a0bc is started using port 15525 for RATIS_ADMIN
2024-08-15 10:19:09,344 [6b83e431-4bd4-4ef9-a0a5-40878ef9a0bc-EndpointStateMachineTaskThread-/0.0.0.0:15479-0 ] INFO  ratis.XceiverServerRatis (XceiverServerRatis.java:getRealPort(588)) - XceiverServerRatis 6b83e431-4bd4-4ef9-a0a5-40878ef9a0bc is started using port 15525 for RATIS_SERVER
2024-08-15 10:19:09,344 [6b83e431-4bd4-4ef9-a0a5-40878ef9a0bc-EndpointStateMachineTaskThread-/0.0.0.0:15479-0 ] INFO  ratis.XceiverServerRatis (XceiverServerRatis.java:getRealPort(588)) - XceiverServerRatis 6b83e431-4bd4-4ef9-a0a5-40878ef9a0bc is started using port 15528 for RATIS_DATASTREAM
2024-08-15 10:19:09,344 [JvmPauseMonitor73] INFO  util.JvmPauseMonitor (JvmPauseMonitor.java:run(146)) - JvmPauseMonitor-6b83e431-4bd4-4ef9-a0a5-40878ef9a0bc: Started
2024-08-15 10:19:09,345 [6b83e431-4bd4-4ef9-a0a5-40878ef9a0bc-BlockDeletingService#0] INFO  interfaces.ContainerDeletionChoosingPolicyTemplate (ContainerDeletionChoosingPolicyTemplate.java:chooseContainerForBlockDeletion(85)) - Chosen 0/5000 blocks from 0 candidate containers.
2024-08-15 10:19:10,307 [main] INFO  ozone.MiniOzoneClusterImpl (MiniOzoneClusterImpl.java:lambda$waitForClusterToBeReady$0(198)) - Waiting for nodes to be ready. Got 0 of 5 DN Heartbeats.
2024-08-15 10:19:10,307 [main] INFO  ozone.MiniOzoneClusterImpl (MiniOzoneClusterImpl.java:lambda$waitForClusterToBeReady$0(201)) - Waiting for cluster to exit safe mode
2024-08-15 10:19:10,308 [main] INFO  ozone.MiniOzoneClusterImpl (MiniOzoneClusterImpl.java:lambda$waitForClusterToBeReady$0(203)) - SCM became leader
2024-08-15 10:19:10,394 [IPC Server handler 4 on default port 15479] INFO  net.NetworkTopologyImpl (NetworkTopologyImpl.java:add(134)) - Added a new node: /default-rack/1b29c983-94d7-499d-bcc1-fd69fd0caba2
2024-08-15 10:19:10,394 [IPC Server handler 4 on default port 15479] INFO  node.SCMNodeManager (SCMNodeManager.java:register(422)) - Registered datanode: 1b29c983-94d7-499d-bcc1-fd69fd0caba2{ip: 127.0.0.1, host: localhost, ports: [HTTP=15486, CLIENT_RPC=15487, REPLICATION=15493, RATIS=15489, RATIS_ADMIN=15489, RATIS_SERVER=15489, RATIS_DATASTREAM=15492, STANDALONE=15488], networkLocation: /default-rack, certSerialId: null, persistedOpState: null, persistedOpStateExpiryEpochSec: 0}
2024-08-15 10:19:10,394 [EventQueue-NewNodeForNewNodeHandler] INFO  pipeline.BackgroundPipelineCreator (BackgroundPipelineCreator.java:notifyEventTriggered(280)) - trigger a one-shot run on RatisPipelineUtilsThread.
2024-08-15 10:19:10,395 [RatisPipelineUtilsThread-0] INFO  pipeline.RatisPipelineProvider (RatisPipelineProvider.java:lambda$create$0(205)) - Sending CreatePipelineCommand for pipeline:PipelineID=b8617165-ef3f-4389-979e-2d5f7692f179 to datanode:1b29c983-94d7-499d-bcc1-fd69fd0caba2
2024-08-15 10:19:10,394 [EventQueue-NodeRegistrationContainerReportForContainerSafeModeRule] INFO  safemode.SCMSafeModeManager (SCMSafeModeManager.java:validateSafeModeExitRules(203)) - ContainerSafeModeRule rule is successfully validated
2024-08-15 10:19:10,395 [EventQueue-NodeRegistrationContainerReportForDataNodeSafeModeRule] INFO  safemode.SCMSafeModeManager (DataNodeSafeModeRule.java:process(71)) - SCM in safe mode. 1 DataNodes registered, 3 required.
2024-08-15 10:19:10,395 [EventQueue-PipelineReportForOneReplicaPipelineSafeModeRule] INFO  safemode.SCMSafeModeManager (SCMSafeModeManager.java:validateSafeModeExitRules(203)) - AtleastOneDatanodeReportedRule rule is successfully validated
2024-08-15 10:19:10,396 [RatisPipelineUtilsThread-0] INFO  pipeline.BackgroundPipelineCreator (BackgroundPipelineCreator.java:createPipelines(236)) - Created new pipeline Pipeline[ Id: b8617165-ef3f-4389-979e-2d5f7692f179, Nodes: 1b29c983-94d7-499d-bcc1-fd69fd0caba2(localhost/127.0.0.1) ReplicaIndex: 0, ReplicationConfig: RATIS/ONE, State:ALLOCATED, leaderId:, CreationTimestamp2024-08-15T10:19:10.395161411Z[Etc/UTC]]
2024-08-15 10:19:10,620 [IPC Server handler 0 on default port 15479] INFO  net.NetworkTopologyImpl (NetworkTopologyImpl.java:add(134)) - Added a new node: /default-rack/0e485a45-f52d-48d7-a7aa-3788f1251f10
2024-08-15 10:19:10,620 [IPC Server handler 0 on default port 15479] INFO  node.SCMNodeManager (SCMNodeManager.java:register(422)) - Registered datanode: 0e485a45-f52d-48d7-a7aa-3788f1251f10{ip: 127.0.0.1, host: localhost, ports: [HTTP=15495, CLIENT_RPC=15496, REPLICATION=15502, RATIS=15498, RATIS_ADMIN=15498, RATIS_SERVER=15498, RATIS_DATASTREAM=15501, STANDALONE=15497], networkLocation: /default-rack, certSerialId: null, persistedOpState: null, persistedOpStateExpiryEpochSec: 0}
2024-08-15 10:19:10,620 [EventQueue-NewNodeForNewNodeHandler] INFO  pipeline.BackgroundPipelineCreator (BackgroundPipelineCreator.java:notifyEventTriggered(280)) - trigger a one-shot run on RatisPipelineUtilsThread.
2024-08-15 10:19:10,620 [RatisPipelineUtilsThread-0] INFO  pipeline.RatisPipelineProvider (RatisPipelineProvider.java:lambda$create$0(205)) - Sending CreatePipelineCommand for pipeline:PipelineID=0bc16a11-10f7-4576-be58-9f544e2a2ed9 to datanode:0e485a45-f52d-48d7-a7aa-3788f1251f10
2024-08-15 10:19:10,621 [RatisPipelineUtilsThread-0] INFO  pipeline.BackgroundPipelineCreator (BackgroundPipelineCreator.java:createPipelines(236)) - Created new pipeline Pipeline[ Id: 0bc16a11-10f7-4576-be58-9f544e2a2ed9, Nodes: 0e485a45-f52d-48d7-a7aa-3788f1251f10(localhost/127.0.0.1) ReplicaIndex: 0, ReplicationConfig: RATIS/ONE, State:ALLOCATED, leaderId:, CreationTimestamp2024-08-15T10:19:10.620825802Z[Etc/UTC]]
2024-08-15 10:19:10,621 [EventQueue-NodeRegistrationContainerReportForDataNodeSafeModeRule] INFO  safemode.SCMSafeModeManager (DataNodeSafeModeRule.java:process(71)) - SCM in safe mode. 2 DataNodes registered, 3 required.
2024-08-15 10:19:10,841 [IPC Server handler 1 on default port 15479] INFO  net.NetworkTopologyImpl (NetworkTopologyImpl.java:add(134)) - Added a new node: /default-rack/38e4ed17-21fc-4cdd-a713-95c81e4a5ee7
2024-08-15 10:19:10,841 [IPC Server handler 1 on default port 15479] INFO  node.SCMNodeManager (SCMNodeManager.java:register(422)) - Registered datanode: 38e4ed17-21fc-4cdd-a713-95c81e4a5ee7{ip: 127.0.0.1, host: localhost, ports: [HTTP=15504, CLIENT_RPC=15505, REPLICATION=15511, RATIS=15507, RATIS_ADMIN=15507, RATIS_SERVER=15507, RATIS_DATASTREAM=15510, STANDALONE=15506], networkLocation: /default-rack, certSerialId: null, persistedOpState: null, persistedOpStateExpiryEpochSec: 0}
2024-08-15 10:19:10,842 [EventQueue-NewNodeForNewNodeHandler] INFO  pipeline.BackgroundPipelineCreator (BackgroundPipelineCreator.java:notifyEventTriggered(280)) - trigger a one-shot run on RatisPipelineUtilsThread.
2024-08-15 10:19:10,842 [RatisPipelineUtilsThread-0] INFO  pipeline.RatisPipelineProvider (RatisPipelineProvider.java:lambda$create$0(205)) - Sending CreatePipelineCommand for pipeline:PipelineID=be1502f4-a004-4f7f-86e6-a82f5976fbff to datanode:38e4ed17-21fc-4cdd-a713-95c81e4a5ee7
2024-08-15 10:19:10,843 [RatisPipelineUtilsThread-0] INFO  pipeline.BackgroundPipelineCreator (BackgroundPipelineCreator.java:createPipelines(236)) - Created new pipeline Pipeline[ Id: be1502f4-a004-4f7f-86e6-a82f5976fbff, Nodes: 38e4ed17-21fc-4cdd-a713-95c81e4a5ee7(localhost/127.0.0.1) ReplicaIndex: 0, ReplicationConfig: RATIS/ONE, State:ALLOCATED, leaderId:, CreationTimestamp2024-08-15T10:19:10.842478399Z[Etc/UTC]]
2024-08-15 10:19:10,843 [EventQueue-NodeRegistrationContainerReportForDataNodeSafeModeRule] INFO  safemode.SCMSafeModeManager (DataNodeSafeModeRule.java:process(71)) - SCM in safe mode. 3 DataNodes registered, 3 required.
2024-08-15 10:19:10,843 [EventQueue-NodeRegistrationContainerReportForDataNodeSafeModeRule] INFO  safemode.SCMSafeModeManager (SCMSafeModeManager.java:validateSafeModeExitRules(203)) - DataNodeSafeModeRule rule is successfully validated
2024-08-15 10:19:10,843 [EventQueue-NodeRegistrationContainerReportForDataNodeSafeModeRule] INFO  safemode.SCMSafeModeManager (SCMSafeModeManager.java:completePreCheck(232)) - All SCM safe mode pre check rules have passed
2024-08-15 10:19:10,843 [EventQueue-NodeRegistrationContainerReportForDataNodeSafeModeRule] INFO  ha.SCMContext (SCMContext.java:updateSafeModeStatus(225)) - Update SafeModeStatus from SafeModeStatus{safeModeStatus=true, preCheckPassed=false} to SafeModeStatus{safeModeStatus=true, preCheckPassed=true}.
2024-08-15 10:19:10,843 [EventQueue-NodeRegistrationContainerReportForDataNodeSafeModeRule] INFO  pipeline.BackgroundPipelineCreator (BackgroundPipelineCreator.java:notifyEventTriggered(280)) - trigger a one-shot run on RatisPipelineUtilsThread.
2024-08-15 10:19:10,843 [RatisPipelineUtilsThread-0] INFO  pipeline.RatisPipelineProvider (RatisPipelineProvider.java:lambda$create$0(205)) - Sending CreatePipelineCommand for pipeline:PipelineID=b4c7a7bd-dbe1-4bc2-8c04-fad2da683029 to datanode:38e4ed17-21fc-4cdd-a713-95c81e4a5ee7
2024-08-15 10:19:10,843 [RatisPipelineUtilsThread-0] INFO  pipeline.RatisPipelineProvider (RatisPipelineProvider.java:lambda$create$0(205)) - Sending CreatePipelineCommand for pipeline:PipelineID=b4c7a7bd-dbe1-4bc2-8c04-fad2da683029 to datanode:0e485a45-f52d-48d7-a7aa-3788f1251f10
2024-08-15 10:19:10,843 [RatisPipelineUtilsThread-0] INFO  pipeline.RatisPipelineProvider (RatisPipelineProvider.java:lambda$create$0(205)) - Sending CreatePipelineCommand for pipeline:PipelineID=b4c7a7bd-dbe1-4bc2-8c04-fad2da683029 to datanode:1b29c983-94d7-499d-bcc1-fd69fd0caba2
2024-08-15 10:19:10,844 [RatisPipelineUtilsThread-0] INFO  pipeline.BackgroundPipelineCreator (BackgroundPipelineCreator.java:createPipelines(236)) - Created new pipeline Pipeline[ Id: b4c7a7bd-dbe1-4bc2-8c04-fad2da683029, Nodes: 38e4ed17-21fc-4cdd-a713-95c81e4a5ee7(localhost/127.0.0.1) ReplicaIndex: 00e485a45-f52d-48d7-a7aa-3788f1251f10(localhost/127.0.0.1) ReplicaIndex: 01b29c983-94d7-499d-bcc1-fd69fd0caba2(localhost/127.0.0.1) ReplicaIndex: 0, ReplicationConfig: RATIS/THREE, State:ALLOCATED, leaderId:, CreationTimestamp2024-08-15T10:19:10.843742808Z[Etc/UTC]]
2024-08-15 10:19:10,844 [RatisPipelineUtilsThread-0] INFO  pipeline.RatisPipelineProvider (RatisPipelineProvider.java:lambda$create$0(205)) - Sending CreatePipelineCommand for pipeline:PipelineID=c9310d2b-7914-4315-bb6f-f3a1f69e3608 to datanode:38e4ed17-21fc-4cdd-a713-95c81e4a5ee7
2024-08-15 10:19:10,844 [RatisPipelineUtilsThread-0] INFO  pipeline.RatisPipelineProvider (RatisPipelineProvider.java:lambda$create$0(205)) - Sending CreatePipelineCommand for pipeline:PipelineID=c9310d2b-7914-4315-bb6f-f3a1f69e3608 to datanode:1b29c983-94d7-499d-bcc1-fd69fd0caba2
2024-08-15 10:19:10,844 [RatisPipelineUtilsThread-0] INFO  pipeline.RatisPipelineProvider (RatisPipelineProvider.java:lambda$create$0(205)) - Sending CreatePipelineCommand for pipeline:PipelineID=c9310d2b-7914-4315-bb6f-f3a1f69e3608 to datanode:0e485a45-f52d-48d7-a7aa-3788f1251f10
2024-08-15 10:19:10,844 [RatisPipelineUtilsThread-0] INFO  pipeline.PipelineManagerImpl (PipelineManagerImpl.java:recordMetricsForPipeline(916)) - Pipeline: PipelineID=c9310d2b-7914-4315-bb6f-f3a1f69e3608 contains same datanodes as previous pipelines: PipelineID=b4c7a7bd-dbe1-4bc2-8c04-fad2da683029 nodeIds: 38e4ed17-21fc-4cdd-a713-95c81e4a5ee7, 1b29c983-94d7-499d-bcc1-fd69fd0caba2, 0e485a45-f52d-48d7-a7aa-3788f1251f10
2024-08-15 10:19:10,844 [RatisPipelineUtilsThread-0] INFO  pipeline.BackgroundPipelineCreator (BackgroundPipelineCreator.java:createPipelines(236)) - Created new pipeline Pipeline[ Id: c9310d2b-7914-4315-bb6f-f3a1f69e3608, Nodes: 38e4ed17-21fc-4cdd-a713-95c81e4a5ee7(localhost/127.0.0.1) ReplicaIndex: 01b29c983-94d7-499d-bcc1-fd69fd0caba2(localhost/127.0.0.1) ReplicaIndex: 00e485a45-f52d-48d7-a7aa-3788f1251f10(localhost/127.0.0.1) ReplicaIndex: 0, ReplicationConfig: RATIS/THREE, State:ALLOCATED, leaderId:, CreationTimestamp2024-08-15T10:19:10.844371160Z[Etc/UTC]]
2024-08-15 10:19:10,845 [RatisPipelineUtilsThread-0] INFO  pipeline.RatisPipelineProvider (RatisPipelineProvider.java:lambda$create$0(205)) - Sending CreatePipelineCommand for pipeline:PipelineID=48e8ec4e-dd57-4ec7-adbf-e7362bf55d8d to datanode:0e485a45-f52d-48d7-a7aa-3788f1251f10
2024-08-15 10:19:10,845 [RatisPipelineUtilsThread-0] INFO  pipeline.RatisPipelineProvider (RatisPipelineProvider.java:lambda$create$0(205)) - Sending CreatePipelineCommand for pipeline:PipelineID=48e8ec4e-dd57-4ec7-adbf-e7362bf55d8d to datanode:38e4ed17-21fc-4cdd-a713-95c81e4a5ee7
2024-08-15 10:19:10,845 [RatisPipelineUtilsThread-0] INFO  pipeline.RatisPipelineProvider (RatisPipelineProvider.java:lambda$create$0(205)) - Sending CreatePipelineCommand for pipeline:PipelineID=48e8ec4e-dd57-4ec7-adbf-e7362bf55d8d to datanode:1b29c983-94d7-499d-bcc1-fd69fd0caba2
2024-08-15 10:19:10,845 [RatisPipelineUtilsThread-0] INFO  pipeline.PipelineManagerImpl (PipelineManagerImpl.java:recordMetricsForPipeline(916)) - Pipeline: PipelineID=48e8ec4e-dd57-4ec7-adbf-e7362bf55d8d contains same datanodes as previous pipelines: PipelineID=c9310d2b-7914-4315-bb6f-f3a1f69e3608 nodeIds: 0e485a45-f52d-48d7-a7aa-3788f1251f10, 38e4ed17-21fc-4cdd-a713-95c81e4a5ee7, 1b29c983-94d7-499d-bcc1-fd69fd0caba2
2024-08-15 10:19:10,845 [RatisPipelineUtilsThread-0] INFO  pipeline.PipelineManagerImpl (PipelineManagerImpl.java:recordMetricsForPipeline(916)) - Pipeline: PipelineID=48e8ec4e-dd57-4ec7-adbf-e7362bf55d8d contains same datanodes as previous pipelines: PipelineID=b4c7a7bd-dbe1-4bc2-8c04-fad2da683029 nodeIds: 0e485a45-f52d-48d7-a7aa-3788f1251f10, 38e4ed17-21fc-4cdd-a713-95c81e4a5ee7, 1b29c983-94d7-499d-bcc1-fd69fd0caba2
2024-08-15 10:19:10,845 [RatisPipelineUtilsThread-0] INFO  pipeline.BackgroundPipelineCreator (BackgroundPipelineCreator.java:createPipelines(236)) - Created new pipeline Pipeline[ Id: 48e8ec4e-dd57-4ec7-adbf-e7362bf55d8d, Nodes: 0e485a45-f52d-48d7-a7aa-3788f1251f10(localhost/127.0.0.1) ReplicaIndex: 038e4ed17-21fc-4cdd-a713-95c81e4a5ee7(localhost/127.0.0.1) ReplicaIndex: 01b29c983-94d7-499d-bcc1-fd69fd0caba2(localhost/127.0.0.1) ReplicaIndex: 0, ReplicationConfig: RATIS/THREE, State:ALLOCATED, leaderId:, CreationTimestamp2024-08-15T10:19:10.845068562Z[Etc/UTC]]
2024-08-15 10:19:11,080 [IPC Server handler 3 on default port 15479] INFO  net.NetworkTopologyImpl (NetworkTopologyImpl.java:add(134)) - Added a new node: /default-rack/f60b0d4a-47c9-4dc3-aae7-72bc8e2f4697
2024-08-15 10:19:11,080 [IPC Server handler 3 on default port 15479] INFO  node.SCMNodeManager (SCMNodeManager.java:register(422)) - Registered datanode: f60b0d4a-47c9-4dc3-aae7-72bc8e2f4697{ip: 127.0.0.1, host: localhost, ports: [HTTP=15513, CLIENT_RPC=15514, REPLICATION=15520, RATIS=15516, RATIS_ADMIN=15516, RATIS_SERVER=15516, RATIS_DATASTREAM=15519, STANDALONE=15515], networkLocation: /default-rack, certSerialId: null, persistedOpState: null, persistedOpStateExpiryEpochSec: 0}
2024-08-15 10:19:11,080 [EventQueue-NewNodeForNewNodeHandler] INFO  pipeline.BackgroundPipelineCreator (BackgroundPipelineCreator.java:notifyEventTriggered(280)) - trigger a one-shot run on RatisPipelineUtilsThread.
2024-08-15 10:19:11,080 [RatisPipelineUtilsThread-0] INFO  pipeline.RatisPipelineProvider (RatisPipelineProvider.java:lambda$create$0(205)) - Sending CreatePipelineCommand for pipeline:PipelineID=809aed10-9c31-42c0-b9f3-034429a52253 to datanode:f60b0d4a-47c9-4dc3-aae7-72bc8e2f4697
2024-08-15 10:19:11,081 [RatisPipelineUtilsThread-0] INFO  pipeline.BackgroundPipelineCreator (BackgroundPipelineCreator.java:createPipelines(236)) - Created new pipeline Pipeline[ Id: 809aed10-9c31-42c0-b9f3-034429a52253, Nodes: f60b0d4a-47c9-4dc3-aae7-72bc8e2f4697(localhost/127.0.0.1) ReplicaIndex: 0, ReplicationConfig: RATIS/ONE, State:ALLOCATED, leaderId:, CreationTimestamp2024-08-15T10:19:11.080885654Z[Etc/UTC]]
2024-08-15 10:19:11,306 [IPC Server handler 2 on default port 15479] INFO  net.NetworkTopologyImpl (NetworkTopologyImpl.java:add(134)) - Added a new node: /default-rack/6b83e431-4bd4-4ef9-a0a5-40878ef9a0bc
2024-08-15 10:19:11,306 [IPC Server handler 2 on default port 15479] INFO  node.SCMNodeManager (SCMNodeManager.java:register(422)) - Registered datanode: 6b83e431-4bd4-4ef9-a0a5-40878ef9a0bc{ip: 127.0.0.1, host: localhost, ports: [HTTP=15522, CLIENT_RPC=15523, REPLICATION=15529, RATIS=15525, RATIS_ADMIN=15525, RATIS_SERVER=15525, RATIS_DATASTREAM=15528, STANDALONE=15524], networkLocation: /default-rack, certSerialId: null, persistedOpState: null, persistedOpStateExpiryEpochSec: 0}
2024-08-15 10:19:11,306 [EventQueue-NewNodeForNewNodeHandler] INFO  pipeline.BackgroundPipelineCreator (BackgroundPipelineCreator.java:notifyEventTriggered(280)) - trigger a one-shot run on RatisPipelineUtilsThread.
2024-08-15 10:19:11,307 [RatisPipelineUtilsThread-0] INFO  pipeline.RatisPipelineProvider (RatisPipelineProvider.java:lambda$create$0(205)) - Sending CreatePipelineCommand for pipeline:PipelineID=e8b97c87-5f35-46e9-bdff-9bd0ea84e87a to datanode:6b83e431-4bd4-4ef9-a0a5-40878ef9a0bc
2024-08-15 10:19:11,307 [RatisPipelineUtilsThread-0] INFO  pipeline.BackgroundPipelineCreator (BackgroundPipelineCreator.java:createPipelines(236)) - Created new pipeline Pipeline[ Id: e8b97c87-5f35-46e9-bdff-9bd0ea84e87a, Nodes: 6b83e431-4bd4-4ef9-a0a5-40878ef9a0bc(localhost/127.0.0.1) ReplicaIndex: 0, ReplicationConfig: RATIS/ONE, State:ALLOCATED, leaderId:, CreationTimestamp2024-08-15T10:19:11.307342466Z[Etc/UTC]]
2024-08-15 10:19:11,308 [main] INFO  ozone.MiniOzoneClusterImpl (MiniOzoneClusterImpl.java:lambda$waitForClusterToBeReady$0(198)) - Nodes are ready. Got 5 of 5 DN Heartbeats.
2024-08-15 10:19:11,308 [main] INFO  ozone.MiniOzoneClusterImpl (MiniOzoneClusterImpl.java:lambda$waitForClusterToBeReady$0(201)) - Waiting for cluster to exit safe mode
2024-08-15 10:19:11,308 [main] INFO  ozone.MiniOzoneClusterImpl (MiniOzoneClusterImpl.java:lambda$waitForClusterToBeReady$0(203)) - SCM became leader
2024-08-15 10:19:12,308 [main] INFO  ozone.MiniOzoneClusterImpl (MiniOzoneClusterImpl.java:lambda$waitForClusterToBeReady$0(198)) - Nodes are ready. Got 5 of 5 DN Heartbeats.
2024-08-15 10:19:12,308 [main] INFO  ozone.MiniOzoneClusterImpl (MiniOzoneClusterImpl.java:lambda$waitForClusterToBeReady$0(201)) - Waiting for cluster to exit safe mode
2024-08-15 10:19:12,309 [main] INFO  ozone.MiniOzoneClusterImpl (MiniOzoneClusterImpl.java:lambda$waitForClusterToBeReady$0(203)) - SCM became leader
2024-08-15 10:19:13,309 [main] INFO  ozone.MiniOzoneClusterImpl (MiniOzoneClusterImpl.java:lambda$waitForClusterToBeReady$0(198)) - Nodes are ready. Got 5 of 5 DN Heartbeats.
2024-08-15 10:19:13,309 [main] INFO  ozone.MiniOzoneClusterImpl (MiniOzoneClusterImpl.java:lambda$waitForClusterToBeReady$0(201)) - Waiting for cluster to exit safe mode
2024-08-15 10:19:13,309 [main] INFO  ozone.MiniOzoneClusterImpl (MiniOzoneClusterImpl.java:lambda$waitForClusterToBeReady$0(203)) - SCM became leader
2024-08-15 10:19:13,393 [1b29c983-94d7-499d-bcc1-fd69fd0caba2-PipelineCommandHandlerThread-0] INFO  server.RaftServer (RaftServerProxy.java:addNew(101)) - 1b29c983-94d7-499d-bcc1-fd69fd0caba2: addNew group-2D5F7692F179:[1b29c983-94d7-499d-bcc1-fd69fd0caba2|127.0.0.1:15489] returns group-2D5F7692F179:java.util.concurrent.CompletableFuture@3c429bb8[Not completed]
2024-08-15 10:19:13,394 [1b29c983-94d7-499d-bcc1-fd69fd0caba2-groupManagement] INFO  server.RaftServer$Division (RaftServerImpl.java:<init>(253)) - 1b29c983-94d7-499d-bcc1-fd69fd0caba2: new RaftServerImpl for group-2D5F7692F179:[1b29c983-94d7-499d-bcc1-fd69fd0caba2|127.0.0.1:15489] with ContainerStateMachine:uninitialized
2024-08-15 10:19:13,394 [1b29c983-94d7-499d-bcc1-fd69fd0caba2-groupManagement] INFO  server.RaftServerConfigKeys (ConfUtils.java:logGet(46)) - raft.server.rpc.timeout.min = 5s (custom)
2024-08-15 10:19:13,394 [1b29c983-94d7-499d-bcc1-fd69fd0caba2-groupManagement] INFO  server.RaftServerConfigKeys (ConfUtils.java:logGet(46)) - raft.server.rpc.timeout.max = 5200ms (custom)
2024-08-15 10:19:13,394 [1b29c983-94d7-499d-bcc1-fd69fd0caba2-groupManagement] INFO  server.RaftServerConfigKeys (ConfUtils.java:logGet(46)) - raft.server.rpc.sleep.time = 25ms (default)
2024-08-15 10:19:13,394 [1b29c983-94d7-499d-bcc1-fd69fd0caba2-groupManagement] INFO  server.RaftServerConfigKeys (ConfUtils.java:logGet(46)) - raft.server.rpc.slowness.timeout = 300000ms (custom)
2024-08-15 10:19:13,394 [1b29c983-94d7-499d-bcc1-fd69fd0caba2-groupManagement] INFO  server.RaftServerConfigKeys (ConfUtils.java:logGet(46)) - raft.server.leaderelection.leader.step-down.wait-time = 10s (default)
2024-08-15 10:19:13,394 [1b29c983-94d7-499d-bcc1-fd69fd0caba2-groupManagement] INFO  server.RaftServerConfigKeys (ConfUtils.java:logGet(46)) - raft.server.leaderelection.member.majority-add = false (default)
2024-08-15 10:19:13,394 [1b29c983-94d7-499d-bcc1-fd69fd0caba2-groupManagement] INFO  server.RaftServerConfigKeys (ConfUtils.java:logGet(46)) - raft.server.sleep.deviation.threshold = 300ms (default)
2024-08-15 10:19:13,394 [1b29c983-94d7-499d-bcc1-fd69fd0caba2-groupManagement] INFO  server.RaftServer$Division (ServerState.java:<init>(114)) - 1b29c983-94d7-499d-bcc1-fd69fd0caba2@group-2D5F7692F179: ConfigurationManager, init=conf: {index: -1, cur=peers:[1b29c983-94d7-499d-bcc1-fd69fd0caba2|127.0.0.1:15489]|listeners:[], old=null}, confs=<EMPTY_MAP>
2024-08-15 10:19:13,395 [1b29c983-94d7-499d-bcc1-fd69fd0caba2-groupManagement] INFO  server.RaftServerConfigKeys (ConfUtils.java:logGet(46)) - raft.server.notification.no-leader.timeout = 300000ms (custom)
2024-08-15 10:19:13,395 [1b29c983-94d7-499d-bcc1-fd69fd0caba2-groupManagement] INFO  server.RaftServerConfigKeys (ConfUtils.java:logGet(46)) - raft.server.read.timeout = 10s (default)
2024-08-15 10:19:13,395 [1b29c983-94d7-499d-bcc1-fd69fd0caba2-groupManagement] INFO  server.RaftServerConfigKeys (ConfUtils.java:logGet(46)) - raft.server.retrycache.expirytime = 600000ms (custom)
2024-08-15 10:19:13,395 [1b29c983-94d7-499d-bcc1-fd69fd0caba2-groupManagement] INFO  server.RaftServerConfigKeys (ConfUtils.java:logGet(46)) - raft.server.retrycache.statistics.expirytime = 100ms (default)
2024-08-15 10:19:13,395 [1b29c983-94d7-499d-bcc1-fd69fd0caba2-groupManagement] INFO  server.RaftServerConfigKeys (ConfUtils.java:logGet(46)) - raft.server.read.option = DEFAULT (default)
2024-08-15 10:19:13,395 [1b29c983-94d7-499d-bcc1-fd69fd0caba2-groupManagement] INFO  server.RaftServerConfigKeys (ConfUtils.java:logGet(46)) - raft.server.read.read-after-write-consistent.write-index-cache.expiry-time = 60s (default)
2024-08-15 10:19:13,397 [1b29c983-94d7-499d-bcc1-fd69fd0caba2-groupManagement] INFO  server.RaftServerConfigKeys (ConfUtils.java:logGet(46)) - raft.server.rpc.request.timeout = 3000ms (default)
2024-08-15 10:19:13,397 [1b29c983-94d7-499d-bcc1-fd69fd0caba2-groupManagement] INFO  server.RaftServerConfigKeys (ConfUtils.java:logGet(46)) - raft.server.log.appender.install.snapshot.enabled = false (custom)
2024-08-15 10:19:13,397 [1b29c983-94d7-499d-bcc1-fd69fd0caba2-groupManagement] INFO  server.RaftServerConfigKeys (ConfUtils.java:logGet(46)) - raft.server.threadpool.server.cached = true (default)
2024-08-15 10:19:13,397 [1b29c983-94d7-499d-bcc1-fd69fd0caba2-groupManagement] INFO  server.RaftServerConfigKeys (ConfUtils.java:logGet(46)) - raft.server.threadpool.server.size = 0 (default)
2024-08-15 10:19:13,397 [1b29c983-94d7-499d-bcc1-fd69fd0caba2-groupManagement] INFO  server.RaftServerConfigKeys (ConfUtils.java:logGet(46)) - raft.server.threadpool.client.cached = true (default)
2024-08-15 10:19:13,397 [1b29c983-94d7-499d-bcc1-fd69fd0caba2-groupManagement] INFO  server.RaftServerConfigKeys (ConfUtils.java:logGet(46)) - raft.server.threadpool.client.size = 0 (default)
2024-08-15 10:19:13,397 [1b29c983-94d7-499d-bcc1-fd69fd0caba2-groupManagement] INFO  server.RaftServerConfigKeys (ConfUtils.java:logGet(46)) - raft.server.storage.free-space.min = 0MB (=0) (default)
2024-08-15 10:19:13,397 [1b29c983-94d7-499d-bcc1-fd69fd0caba2-groupManagement] INFO  server.RaftServerConfigKeys (ConfUtils.java:logGet(46)) - raft.server.log.corruption.policy = EXCEPTION (default)
2024-08-15 10:19:13,398 [1b29c983-94d7-499d-bcc1-fd69fd0caba2-groupManagement] INFO  server.RaftServerConfigKeys (ConfUtils.java:logGet(46)) - raft.server.storage.dir = [/home/runner/work/ozone/ozone/hadoop-ozone/integration-test/target/test-dir/MiniOzoneClusterImpl-71195f16-0443-47ad-abb9-7568f4d0400c/ozone-meta/datanode-1/ratis] (custom)
2024-08-15 10:19:13,398 [1b29c983-94d7-499d-bcc1-fd69fd0caba2-groupManagement] INFO  storage.RaftStorageDirectory (RaftStorageDirectoryImpl.java:analyzeStorage(138)) - The storage directory /home/runner/work/ozone/ozone/hadoop-ozone/integration-test/target/test-dir/MiniOzoneClusterImpl-71195f16-0443-47ad-abb9-7568f4d0400c/ozone-meta/datanode-1/ratis/b8617165-ef3f-4389-979e-2d5f7692f179 does not exist. Creating ...
2024-08-15 10:19:13,399 [1b29c983-94d7-499d-bcc1-fd69fd0caba2-groupManagement] INFO  storage.RaftStorageDirectory (RaftStorageDirectoryImpl.java:tryLock(229)) - Lock on /home/runner/work/ozone/ozone/hadoop-ozone/integration-test/target/test-dir/MiniOzoneClusterImpl-71195f16-0443-47ad-abb9-7568f4d0400c/ozone-meta/datanode-1/ratis/b8617165-ef3f-4389-979e-2d5f7692f179/in_use.lock acquired by nodename 113339@fv-az1107-352
2024-08-15 10:19:13,400 [1b29c983-94d7-499d-bcc1-fd69fd0caba2-groupManagement] INFO  storage.RaftStorage (RaftStorageImpl.java:format(98)) - Storage directory /home/runner/work/ozone/ozone/hadoop-ozone/integration-test/target/test-dir/MiniOzoneClusterImpl-71195f16-0443-47ad-abb9-7568f4d0400c/ozone-meta/datanode-1/ratis/b8617165-ef3f-4389-979e-2d5f7692f179 has been successfully formatted.
2024-08-15 10:19:13,400 [1b29c983-94d7-499d-bcc1-fd69fd0caba2-groupManagement] INFO  ratis.ContainerStateMachine (ContainerStateMachine.java:loadSnapshot(295)) - group-2D5F7692F179: The snapshot info is null. Setting the last applied index to:(t:0, i:~)
2024-08-15 10:19:13,400 [1b29c983-94d7-499d-bcc1-fd69fd0caba2-groupManagement] INFO  server.RaftServerConfigKeys (ConfUtils.java:logGet(46)) - raft.server.log.use.memory = false (default)
2024-08-15 10:19:13,401 [1b29c983-94d7-499d-bcc1-fd69fd0caba2-groupManagement] INFO  server.RaftServerConfigKeys (ConfUtils.java:logGet(46)) - raft.server.log.purge.gap = 1000000 (custom)
2024-08-15 10:19:13,401 [1b29c983-94d7-499d-bcc1-fd69fd0caba2-groupManagement] INFO  server.RaftServerConfigKeys (ConfUtils.java:logGet(46)) - raft.server.log.appender.buffer.byte-limit = 8388608 (custom)
2024-08-15 10:19:13,401 [1b29c983-94d7-499d-bcc1-fd69fd0caba2-groupManagement] INFO  server.RaftServerConfigKeys (ConfUtils.java:logGet(46)) - raft.server.log.statemachine.data.read.timeout = 1000ms (default)
2024-08-15 10:19:13,401 [1b29c983-94d7-499d-bcc1-fd69fd0caba2-groupManagement] INFO  server.RaftServerConfigKeys (ConfUtils.java:logGet(46)) - raft.server.log.purge.preservation.log.num = 0 (default)
2024-08-15 10:19:13,401 [EventQueue-PipelineReportForPipelineReportHandler] INFO  pipeline.PipelineReportHandler (PipelineReportHandler.java:processPipelineReport(136)) - Opened pipeline PipelineID=b8617165-ef3f-4389-979e-2d5f7692f179
2024-08-15 10:19:13,401 [EventQueue-OpenPipelineForHealthyPipelineSafeModeRule] INFO  safemode.SCMSafeModeManager (HealthyPipelineSafeModeRule.java:process(140)) - SCM in safe mode. Healthy pipelines reported count is 0, required healthy pipeline reported count is 1
2024-08-15 10:19:13,402 [1b29c983-94d7-499d-bcc1-fd69fd0caba2-groupManagement] INFO  server.RaftServerConfigKeys (ConfUtils.java:logGet(46)) - raft.server.log.segment.size.max = 67108864 (custom)
2024-08-15 10:19:13,402 [1b29c983-94d7-499d-bcc1-fd69fd0caba2-groupManagement] INFO  server.RaftServerConfigKeys (ConfUtils.java:logGet(46)) - raft.server.log.segment.cache.num.max = 2 (custom)
2024-08-15 10:19:13,402 [1b29c983-94d7-499d-bcc1-fd69fd0caba2-groupManagement] INFO  server.RaftServerConfigKeys (ConfUtils.java:logGet(46)) - raft.server.log.segment.cache.size.max = 200MB (=209715200) (default)
2024-08-15 10:19:13,402 [1b29c983-94d7-499d-bcc1-fd69fd0caba2-groupManagement] INFO  server.RaftServerConfigKeys (ConfUtils.java:logGet(46)) - raft.server.log.appender.buffer.byte-limit = 8388608 (custom)
2024-08-15 10:19:13,402 [1b29c983-94d7-499d-bcc1-fd69fd0caba2-groupManagement] INFO  util.AwaitToRun (AwaitToRun.java:start(81)) - Thread[1b29c983-94d7-499d-bcc1-fd69fd0caba2@group-2D5F7692F179-cacheEviction-AwaitToRun,5,main] started
2024-08-15 10:19:13,402 [1b29c983-94d7-499d-bcc1-fd69fd0caba2-groupManagement] INFO  segmented.SegmentedRaftLogWorker (SegmentedRaftLogWorker.java:<init>(184)) - new 1b29c983-94d7-499d-bcc1-fd69fd0caba2@group-2D5F7692F179-SegmentedRaftLogWorker for RaftStorageImpl:Storage Directory /home/runner/work/ozone/ozone/hadoop-ozone/integration-test/target/test-dir/MiniOzoneClusterImpl-71195f16-0443-47ad-abb9-7568f4d0400c/ozone-meta/datanode-1/ratis/b8617165-ef3f-4389-979e-2d5f7692f179
2024-08-15 10:19:13,402 [1b29c983-94d7-499d-bcc1-fd69fd0caba2-groupManagement] INFO  server.RaftServerConfigKeys (ConfUtils.java:logGet(46)) - raft.server.log.queue.byte-limit = 4294967296 (custom)
2024-08-15 10:19:13,402 [1b29c983-94d7-499d-bcc1-fd69fd0caba2-groupManagement] INFO  server.RaftServerConfigKeys (ConfUtils.java:logGet(46)) - raft.server.log.queue.element-limit = 1024 (custom)
2024-08-15 10:19:13,402 [1b29c983-94d7-499d-bcc1-fd69fd0caba2-groupManagement] INFO  server.RaftServerConfigKeys (ConfUtils.java:logGet(46)) - raft.server.log.segment.size.max = 67108864 (custom)
2024-08-15 10:19:13,403 [1b29c983-94d7-499d-bcc1-fd69fd0caba2-groupManagement] INFO  server.RaftServerConfigKeys (ConfUtils.java:logGet(46)) - raft.server.log.preallocated.size = 4194304 (custom)
2024-08-15 10:19:13,403 [1b29c983-94d7-499d-bcc1-fd69fd0caba2-groupManagement] INFO  server.RaftServerConfigKeys (ConfUtils.java:logGet(46)) - raft.server.log.force.sync.num = 128 (default)
2024-08-15 10:19:13,403 [1b29c983-94d7-499d-bcc1-fd69fd0caba2-groupManagement] INFO  server.RaftServerConfigKeys (ConfUtils.java:logGet(46)) - raft.server.log.statemachine.data.sync = true (default)
2024-08-15 10:19:13,403 [1b29c983-94d7-499d-bcc1-fd69fd0caba2-groupManagement] INFO  server.RaftServerConfigKeys (ConfUtils.java:logGet(46)) - raft.server.log.statemachine.data.sync.timeout = 10s (default)
2024-08-15 10:19:13,403 [1b29c983-94d7-499d-bcc1-fd69fd0caba2-groupManagement] INFO  server.RaftServerConfigKeys (ConfUtils.java:logGet(46)) - raft.server.log.statemachine.data.sync.timeout.retry = 30 (custom)
2024-08-15 10:19:13,403 [1b29c983-94d7-499d-bcc1-fd69fd0caba2-groupManagement] INFO  server.RaftServerConfigKeys (ConfUtils.java:logGet(46)) - raft.server.log.write.buffer.size = 8388616 (custom)
2024-08-15 10:19:13,404 [1b29c983-94d7-499d-bcc1-fd69fd0caba2-groupManagement] INFO  server.RaftServerConfigKeys (ConfUtils.java:logGet(46)) - raft.server.log.appender.buffer.byte-limit = 8388608 (custom)
2024-08-15 10:19:13,404 [1b29c983-94d7-499d-bcc1-fd69fd0caba2-groupManagement] INFO  server.RaftServerConfigKeys (ConfUtils.java:logGet(46)) - raft.server.log.unsafe-flush.enabled = false (default)
2024-08-15 10:19:13,404 [1b29c983-94d7-499d-bcc1-fd69fd0caba2-groupManagement] INFO  server.RaftServerConfigKeys (ConfUtils.java:logGet(46)) - raft.server.log.async-flush.enabled = false (default)
2024-08-15 10:19:13,404 [1b29c983-94d7-499d-bcc1-fd69fd0caba2-groupManagement] INFO  server.RaftServerConfigKeys (ConfUtils.java:logGet(46)) - raft.server.log.statemachine.data.caching.enabled = true (custom)
2024-08-15 10:19:13,404 [1b29c983-94d7-499d-bcc1-fd69fd0caba2-groupManagement] INFO  segmented.SegmentedRaftLogWorker (SegmentedRaftLogWorker.java:lambda$new$0(135)) - 1b29c983-94d7-499d-bcc1-fd69fd0caba2@group-2D5F7692F179-SegmentedRaftLogWorker: flushIndex: setUnconditionally 0 -> -1
2024-08-15 10:19:13,404 [1b29c983-94d7-499d-bcc1-fd69fd0caba2-groupManagement] INFO  segmented.SegmentedRaftLogWorker (SegmentedRaftLogWorker.java:lambda$new$0(135)) - 1b29c983-94d7-499d-bcc1-fd69fd0caba2@group-2D5F7692F179-SegmentedRaftLogWorker: safeCacheEvictIndex: setUnconditionally 0 -> -1
2024-08-15 10:19:13,404 [1b29c983-94d7-499d-bcc1-fd69fd0caba2-groupManagement] INFO  server.RaftServer$Division (RaftServerImpl.java:start(389)) - 1b29c983-94d7-499d-bcc1-fd69fd0caba2@group-2D5F7692F179: start as a follower, conf=conf: {index: -1, cur=peers:[1b29c983-94d7-499d-bcc1-fd69fd0caba2|127.0.0.1:15489]|listeners:[], old=null}
2024-08-15 10:19:13,404 [1b29c983-94d7-499d-bcc1-fd69fd0caba2-groupManagement] INFO  server.RaftServer$Division (RaftServerImpl.java:setRole(376)) - 1b29c983-94d7-499d-bcc1-fd69fd0caba2@group-2D5F7692F179: changes role from      null to FOLLOWER at term 0 for startAsFollower
2024-08-15 10:19:13,404 [1b29c983-94d7-499d-bcc1-fd69fd0caba2-groupManagement] INFO  impl.RoleInfo (RoleInfo.java:updateAndGet(148)) - 1b29c983-94d7-499d-bcc1-fd69fd0caba2: start 1b29c983-94d7-499d-bcc1-fd69fd0caba2@group-2D5F7692F179-FollowerState
2024-08-15 10:19:13,404 [1b29c983-94d7-499d-bcc1-fd69fd0caba2@group-2D5F7692F179-FollowerState] INFO  server.RaftServerConfigKeys (ConfUtils.java:logFallback(53)) - raft.server.rpc.first-election.timeout.min = 5s (fallback to raft.server.rpc.timeout.min)
2024-08-15 10:19:13,405 [1b29c983-94d7-499d-bcc1-fd69fd0caba2@group-2D5F7692F179-FollowerState] INFO  server.RaftServerConfigKeys (ConfUtils.java:logFallback(53)) - raft.server.rpc.first-election.timeout.max = 5200ms (fallback to raft.server.rpc.timeout.max)
2024-08-15 10:19:13,404 [1b29c983-94d7-499d-bcc1-fd69fd0caba2-groupManagement] INFO  util.JmxRegister (JmxRegister.java:tryRegister(44)) - Successfully registered JMX Bean with object name Ratis:service=RaftServer,group=group-2D5F7692F179,id=1b29c983-94d7-499d-bcc1-fd69fd0caba2
2024-08-15 10:19:13,405 [1b29c983-94d7-499d-bcc1-fd69fd0caba2-groupManagement] INFO  util.JmxRegister (JmxRegister.java:register(58)) - register mxBean class org.apache.ratis.server.impl.RaftServerJmxAdapter as Ratis:service=RaftServer,group=group-2D5F7692F179,id=1b29c983-94d7-499d-bcc1-fd69fd0caba2
2024-08-15 10:19:13,405 [1b29c983-94d7-499d-bcc1-fd69fd0caba2-groupManagement] INFO  server.RaftServerConfigKeys (ConfUtils.java:logGet(46)) - raft.server.snapshot.trigger-when-stop.enabled = true (default)
2024-08-15 10:19:13,405 [1b29c983-94d7-499d-bcc1-fd69fd0caba2-groupManagement] INFO  server.RaftServerConfigKeys (ConfUtils.java:logGet(46)) - raft.server.snapshot.trigger-when-remove.enabled = true (default)
2024-08-15 10:19:13,405 [1b29c983-94d7-499d-bcc1-fd69fd0caba2-groupManagement] INFO  server.RaftServerConfigKeys (ConfUtils.java:logGet(46)) - raft.server.snapshot.auto.trigger.enabled = true (custom)
2024-08-15 10:19:13,405 [1b29c983-94d7-499d-bcc1-fd69fd0caba2-groupManagement] INFO  server.RaftServerConfigKeys (ConfUtils.java:logGet(46)) - raft.server.snapshot.auto.trigger.threshold = 10000 (custom)
2024-08-15 10:19:13,405 [1b29c983-94d7-499d-bcc1-fd69fd0caba2-groupManagement] INFO  server.RaftServerConfigKeys (ConfUtils.java:logGet(46)) - raft.server.snapshot.retention.file.num = 5 (custom)
2024-08-15 10:19:13,405 [1b29c983-94d7-499d-bcc1-fd69fd0caba2-groupManagement] INFO  server.RaftServerConfigKeys (ConfUtils.java:logGet(46)) - raft.server.log.purge.upto.snapshot.index = false (default)
2024-08-15 10:19:13,406 [1b29c983-94d7-499d-bcc1-fd69fd0caba2-PipelineCommandHandlerThread-0] INFO  ratis.XceiverServerRatis (XceiverServerRatis.java:addGroup(850)) - Created group PipelineID=b8617165-ef3f-4389-979e-2d5f7692f179
2024-08-15 10:19:13,406 [1b29c983-94d7-499d-bcc1-fd69fd0caba2-PipelineCommandHandlerThread-0] INFO  commandhandler.CreatePipelineCommandHandler (CreatePipelineCommandHandler.java:lambda$handle$2(124)) - Created Pipeline RATIS ONE PipelineID=b8617165-ef3f-4389-979e-2d5f7692f179.
2024-08-15 10:19:13,406 [1b29c983-94d7-499d-bcc1-fd69fd0caba2-PipelineCommandHandlerThread-0] INFO  server.RaftServer (RaftServerProxy.java:addNew(101)) - 1b29c983-94d7-499d-bcc1-fd69fd0caba2: addNew group-FAD2DA683029:[0e485a45-f52d-48d7-a7aa-3788f1251f10|127.0.0.1:15498, 38e4ed17-21fc-4cdd-a713-95c81e4a5ee7|127.0.0.1:15507, 1b29c983-94d7-499d-bcc1-fd69fd0caba2|127.0.0.1:15489] returns group-FAD2DA683029:java.util.concurrent.CompletableFuture@387d08e8[Not completed]
2024-08-15 10:19:13,406 [1b29c983-94d7-499d-bcc1-fd69fd0caba2-groupManagement] INFO  server.RaftServer$Division (RaftServerImpl.java:<init>(253)) - 1b29c983-94d7-499d-bcc1-fd69fd0caba2: new RaftServerImpl for group-FAD2DA683029:[0e485a45-f52d-48d7-a7aa-3788f1251f10|127.0.0.1:15498, 38e4ed17-21fc-4cdd-a713-95c81e4a5ee7|127.0.0.1:15507, 1b29c983-94d7-499d-bcc1-fd69fd0caba2|127.0.0.1:15489] with ContainerStateMachine:uninitialized
2024-08-15 10:19:13,406 [1b29c983-94d7-499d-bcc1-fd69fd0caba2-groupManagement] INFO  server.RaftServerConfigKeys (ConfUtils.java:logGet(46)) - raft.server.rpc.timeout.min = 5s (custom)
2024-08-15 10:19:13,407 [1b29c983-94d7-499d-bcc1-fd69fd0caba2-groupManagement] INFO  server.RaftServerConfigKeys (ConfUtils.java:logGet(46)) - raft.server.rpc.timeout.max = 5200ms (custom)
2024-08-15 10:19:13,407 [1b29c983-94d7-499d-bcc1-fd69fd0caba2-groupManagement] INFO  server.RaftServerConfigKeys (ConfUtils.java:logGet(46)) - raft.server.rpc.sleep.time = 25ms (default)
2024-08-15 10:19:13,407 [1b29c983-94d7-499d-bcc1-fd69fd0caba2-groupManagement] INFO  server.RaftServerConfigKeys (ConfUtils.java:logGet(46)) - raft.server.rpc.slowness.timeout = 300000ms (custom)
2024-08-15 10:19:13,407 [1b29c983-94d7-499d-bcc1-fd69fd0caba2-groupManagement] INFO  server.RaftServerConfigKeys (ConfUtils.java:logGet(46)) - raft.server.leaderelection.leader.step-down.wait-time = 10s (default)
2024-08-15 10:19:13,407 [1b29c983-94d7-499d-bcc1-fd69fd0caba2-groupManagement] INFO  server.RaftServerConfigKeys (ConfUtils.java:logGet(46)) - raft.server.leaderelection.member.majority-add = false (default)
2024-08-15 10:19:13,407 [1b29c983-94d7-499d-bcc1-fd69fd0caba2-groupManagement] INFO  server.RaftServerConfigKeys (ConfUtils.java:logGet(46)) - raft.server.sleep.deviation.threshold = 300ms (default)
2024-08-15 10:19:13,407 [1b29c983-94d7-499d-bcc1-fd69fd0caba2-groupManagement] INFO  server.RaftServer$Division (ServerState.java:<init>(114)) - 1b29c983-94d7-499d-bcc1-fd69fd0caba2@group-FAD2DA683029: ConfigurationManager, init=conf: {index: -1, cur=peers:[0e485a45-f52d-48d7-a7aa-3788f1251f10|127.0.0.1:15498, 38e4ed17-21fc-4cdd-a713-95c81e4a5ee7|127.0.0.1:15507, 1b29c983-94d7-499d-bcc1-fd69fd0caba2|127.0.0.1:15489]|listeners:[], old=null}, confs=<EMPTY_MAP>
2024-08-15 10:19:13,407 [1b29c983-94d7-499d-bcc1-fd69fd0caba2-groupManagement] INFO  server.RaftServerConfigKeys (ConfUtils.java:logGet(46)) - raft.server.notification.no-leader.timeout = 300000ms (custom)
2024-08-15 10:19:13,407 [1b29c983-94d7-499d-bcc1-fd69fd0caba2-groupManagement] INFO  server.RaftServerConfigKeys (ConfUtils.java:logGet(46)) - raft.server.read.timeout = 10s (default)
2024-08-15 10:19:13,407 [1b29c983-94d7-499d-bcc1-fd69fd0caba2-groupManagement] INFO  server.RaftServerConfigKeys (ConfUtils.java:logGet(46)) - raft.server.retrycache.expirytime = 600000ms (custom)
2024-08-15 10:19:13,407 [1b29c983-94d7-499d-bcc1-fd69fd0caba2-groupManagement] INFO  server.RaftServerConfigKeys (ConfUtils.java:logGet(46)) - raft.server.retrycache.statistics.expirytime = 100ms (default)
2024-08-15 10:19:13,407 [1b29c983-94d7-499d-bcc1-fd69fd0caba2-groupManagement] INFO  server.RaftServerConfigKeys (ConfUtils.java:logGet(46)) - raft.server.read.option = DEFAULT (default)
2024-08-15 10:19:13,407 [1b29c983-94d7-499d-bcc1-fd69fd0caba2-groupManagement] INFO  server.RaftServerConfigKeys (ConfUtils.java:logGet(46)) - raft.server.read.read-after-write-consistent.write-index-cache.expiry-time = 60s (default)
2024-08-15 10:19:13,409 [1b29c983-94d7-499d-bcc1-fd69fd0caba2-groupManagement] INFO  server.RaftServerConfigKeys (ConfUtils.java:logGet(46)) - raft.server.rpc.request.timeout = 3000ms (default)
2024-08-15 10:19:13,409 [1b29c983-94d7-499d-bcc1-fd69fd0caba2-groupManagement] INFO  server.RaftServerConfigKeys (ConfUtils.java:logGet(46)) - raft.server.log.appender.install.snapshot.enabled = false (custom)
2024-08-15 10:19:13,409 [1b29c983-94d7-499d-bcc1-fd69fd0caba2-groupManagement] INFO  server.RaftServerConfigKeys (ConfUtils.java:logGet(46)) - raft.server.threadpool.server.cached = true (default)
2024-08-15 10:19:13,409 [1b29c983-94d7-499d-bcc1-fd69fd0caba2-groupManagement] INFO  server.RaftServerConfigKeys (ConfUtils.java:logGet(46)) - raft.server.threadpool.server.size = 0 (default)
2024-08-15 10:19:13,409 [1b29c983-94d7-499d-bcc1-fd69fd0caba2-groupManagement] INFO  server.RaftServerConfigKeys (ConfUtils.java:logGet(46)) - raft.server.threadpool.client.cached = true (default)
2024-08-15 10:19:13,409 [1b29c983-94d7-499d-bcc1-fd69fd0caba2-groupManagement] INFO  server.RaftServerConfigKeys (ConfUtils.java:logGet(46)) - raft.server.threadpool.client.size = 0 (default)
2024-08-15 10:19:13,409 [1b29c983-94d7-499d-bcc1-fd69fd0caba2-groupManagement] INFO  server.RaftServerConfigKeys (ConfUtils.java:logGet(46)) - raft.server.storage.free-space.min = 0MB (=0) (default)
2024-08-15 10:19:13,409 [1b29c983-94d7-499d-bcc1-fd69fd0caba2-groupManagement] INFO  server.RaftServerConfigKeys (ConfUtils.java:logGet(46)) - raft.server.log.corruption.policy = EXCEPTION (default)
2024-08-15 10:19:13,409 [1b29c983-94d7-499d-bcc1-fd69fd0caba2-groupManagement] INFO  server.RaftServerConfigKeys (ConfUtils.java:logGet(46)) - raft.server.storage.dir = [/home/runner/work/ozone/ozone/hadoop-ozone/integration-test/target/test-dir/MiniOzoneClusterImpl-71195f16-0443-47ad-abb9-7568f4d0400c/ozone-meta/datanode-1/ratis] (custom)
2024-08-15 10:19:13,410 [1b29c983-94d7-499d-bcc1-fd69fd0caba2-groupManagement] INFO  storage.RaftStorageDirectory (RaftStorageDirectoryImpl.java:analyzeStorage(138)) - The storage directory /home/runner/work/ozone/ozone/hadoop-ozone/integration-test/target/test-dir/MiniOzoneClusterImpl-71195f16-0443-47ad-abb9-7568f4d0400c/ozone-meta/datanode-1/ratis/b4c7a7bd-dbe1-4bc2-8c04-fad2da683029 does not exist. Creating ...
2024-08-15 10:19:13,410 [1b29c983-94d7-499d-bcc1-fd69fd0caba2-groupManagement] INFO  storage.RaftStorageDirectory (RaftStorageDirectoryImpl.java:tryLock(229)) - Lock on /home/runner/work/ozone/ozone/hadoop-ozone/integration-test/target/test-dir/MiniOzoneClusterImpl-71195f16-0443-47ad-abb9-7568f4d0400c/ozone-meta/datanode-1/ratis/b4c7a7bd-dbe1-4bc2-8c04-fad2da683029/in_use.lock acquired by nodename 113339@fv-az1107-352
2024-08-15 10:19:13,412 [1b29c983-94d7-499d-bcc1-fd69fd0caba2-groupManagement] INFO  storage.RaftStorage (RaftStorageImpl.java:format(98)) - Storage directory /home/runner/work/ozone/ozone/hadoop-ozone/integration-test/target/test-dir/MiniOzoneClusterImpl-71195f16-0443-47ad-abb9-7568f4d0400c/ozone-meta/datanode-1/ratis/b4c7a7bd-dbe1-4bc2-8c04-fad2da683029 has been successfully formatted.
2024-08-15 10:19:13,412 [1b29c983-94d7-499d-bcc1-fd69fd0caba2-groupManagement] INFO  ratis.ContainerStateMachine (ContainerStateMachine.java:loadSnapshot(295)) - group-FAD2DA683029: The snapshot info is null. Setting the last applied index to:(t:0, i:~)
2024-08-15 10:19:13,412 [1b29c983-94d7-499d-bcc1-fd69fd0caba2-groupManagement] INFO  server.RaftServerConfigKeys (ConfUtils.java:logGet(46)) - raft.server.log.use.memory = false (default)
2024-08-15 10:19:13,412 [1b29c983-94d7-499d-bcc1-fd69fd0caba2-groupManagement] INFO  server.RaftServerConfigKeys (ConfUtils.java:logGet(46)) - raft.server.log.purge.gap = 1000000 (custom)
2024-08-15 10:19:13,412 [1b29c983-94d7-499d-bcc1-fd69fd0caba2-groupManagement] INFO  server.RaftServerConfigKeys (ConfUtils.java:logGet(46)) - raft.server.log.appender.buffer.byte-limit = 8388608 (custom)
2024-08-15 10:19:13,412 [1b29c983-94d7-499d-bcc1-fd69fd0caba2-groupManagement] INFO  server.RaftServerConfigKeys (ConfUtils.java:logGet(46)) - raft.server.log.statemachine.data.read.timeout = 1000ms (default)
2024-08-15 10:19:13,412 [1b29c983-94d7-499d-bcc1-fd69fd0caba2-groupManagement] INFO  server.RaftServerConfigKeys (ConfUtils.java:logGet(46)) - raft.server.log.purge.preservation.log.num = 0 (default)
2024-08-15 10:19:13,412 [EventQueue-OpenPipelineForHealthyPipelineSafeModeRule] INFO  safemode.SCMSafeModeManager (HealthyPipelineSafeModeRule.java:process(140)) - SCM in safe mode. Healthy pipelines reported count is 0, required healthy pipeline reported count is 1
2024-08-15 10:19:13,413 [1b29c983-94d7-499d-bcc1-fd69fd0caba2-groupManagement] INFO  server.RaftServerConfigKeys (ConfUtils.java:logGet(46)) - raft.server.log.segment.size.max = 67108864 (custom)
2024-08-15 10:19:13,413 [1b29c983-94d7-499d-bcc1-fd69fd0caba2-groupManagement] INFO  server.RaftServerConfigKeys (ConfUtils.java:logGet(46)) - raft.server.log.segment.cache.num.max = 2 (custom)
2024-08-15 10:19:13,413 [1b29c983-94d7-499d-bcc1-fd69fd0caba2-groupManagement] INFO  server.RaftServerConfigKeys (ConfUtils.java:logGet(46)) - raft.server.log.segment.cache.size.max = 200MB (=209715200) (default)
2024-08-15 10:19:13,413 [1b29c983-94d7-499d-bcc1-fd69fd0caba2-groupManagement] INFO  server.RaftServerConfigKeys (ConfUtils.java:logGet(46)) - raft.server.log.appender.buffer.byte-limit = 8388608 (custom)
2024-08-15 10:19:13,413 [1b29c983-94d7-499d-bcc1-fd69fd0caba2-groupManagement] INFO  util.AwaitToRun (AwaitToRun.java:start(81)) - Thread[1b29c983-94d7-499d-bcc1-fd69fd0caba2@group-FAD2DA683029-cacheEviction-AwaitToRun,5,main] started
2024-08-15 10:19:13,413 [1b29c983-94d7-499d-bcc1-fd69fd0caba2-groupManagement] INFO  segmented.SegmentedRaftLogWorker (SegmentedRaftLogWorker.java:<init>(184)) - new 1b29c983-94d7-499d-bcc1-fd69fd0caba2@group-FAD2DA683029-SegmentedRaftLogWorker for RaftStorageImpl:Storage Directory /home/runner/work/ozone/ozone/hadoop-ozone/integration-test/target/test-dir/MiniOzoneClusterImpl-71195f16-0443-47ad-abb9-7568f4d0400c/ozone-meta/datanode-1/ratis/b4c7a7bd-dbe1-4bc2-8c04-fad2da683029
2024-08-15 10:19:13,413 [1b29c983-94d7-499d-bcc1-fd69fd0caba2-groupManagement] INFO  server.RaftServerConfigKeys (ConfUtils.java:logGet(46)) - raft.server.log.queue.byte-limit = 4294967296 (custom)
2024-08-15 10:19:13,413 [1b29c983-94d7-499d-bcc1-fd69fd0caba2-groupManagement] INFO  server.RaftServerConfigKeys (ConfUtils.java:logGet(46)) - raft.server.log.queue.element-limit = 1024 (custom)
2024-08-15 10:19:13,413 [1b29c983-94d7-499d-bcc1-fd69fd0caba2-groupManagement] INFO  server.RaftServerConfigKeys (ConfUtils.java:logGet(46)) - raft.server.log.segment.size.max = 67108864 (custom)
2024-08-15 10:19:13,413 [1b29c983-94d7-499d-bcc1-fd69fd0caba2-groupManagement] INFO  server.RaftServerConfigKeys (ConfUtils.java:logGet(46)) - raft.server.log.preallocated.size = 4194304 (custom)
2024-08-15 10:19:13,414 [1b29c983-94d7-499d-bcc1-fd69fd0caba2-groupManagement] INFO  server.RaftServerConfigKeys (ConfUtils.java:logGet(46)) - raft.server.log.force.sync.num = 128 (default)
2024-08-15 10:19:13,414 [1b29c983-94d7-499d-bcc1-fd69fd0caba2-groupManagement] INFO  server.RaftServerConfigKeys (ConfUtils.java:logGet(46)) - raft.server.log.statemachine.data.sync = true (default)
2024-08-15 10:19:13,414 [1b29c983-94d7-499d-bcc1-fd69fd0caba2-groupManagement] INFO  server.RaftServerConfigKeys (ConfUtils.java:logGet(46)) - raft.server.log.statemachine.data.sync.timeout = 10s (default)
2024-08-15 10:19:13,414 [1b29c983-94d7-499d-bcc1-fd69fd0caba2-groupManagement] INFO  server.RaftServerConfigKeys (ConfUtils.java:logGet(46)) - raft.server.log.statemachine.data.sync.timeout.retry = 30 (custom)
2024-08-15 10:19:13,414 [1b29c983-94d7-499d-bcc1-fd69fd0caba2-groupManagement] INFO  server.RaftServerConfigKeys (ConfUtils.java:logGet(46)) - raft.server.log.write.buffer.size = 8388616 (custom)
2024-08-15 10:19:13,414 [1b29c983-94d7-499d-bcc1-fd69fd0caba2-groupManagement] INFO  server.RaftServerConfigKeys (ConfUtils.java:logGet(46)) - raft.server.log.appender.buffer.byte-limit = 8388608 (custom)
2024-08-15 10:19:13,414 [1b29c983-94d7-499d-bcc1-fd69fd0caba2-groupManagement] INFO  server.RaftServerConfigKeys (ConfUtils.java:logGet(46)) - raft.server.log.unsafe-flush.enabled = false (default)
2024-08-15 10:19:13,414 [1b29c983-94d7-499d-bcc1-fd69fd0caba2-groupManagement] INFO  server.RaftServerConfigKeys (ConfUtils.java:logGet(46)) - raft.server.log.async-flush.enabled = false (default)
2024-08-15 10:19:13,414 [1b29c983-94d7-499d-bcc1-fd69fd0caba2-groupManagement] INFO  server.RaftServerConfigKeys (ConfUtils.java:logGet(46)) - raft.server.log.statemachine.data.caching.enabled = true (custom)
2024-08-15 10:19:13,414 [1b29c983-94d7-499d-bcc1-fd69fd0caba2-groupManagement] INFO  segmented.SegmentedRaftLogWorker (SegmentedRaftLogWorker.java:lambda$new$0(135)) - 1b29c983-94d7-499d-bcc1-fd69fd0caba2@group-FAD2DA683029-SegmentedRaftLogWorker: flushIndex: setUnconditionally 0 -> -1
2024-08-15 10:19:13,414 [1b29c983-94d7-499d-bcc1-fd69fd0caba2-groupManagement] INFO  segmented.SegmentedRaftLogWorker (SegmentedRaftLogWorker.java:lambda$new$0(135)) - 1b29c983-94d7-499d-bcc1-fd69fd0caba2@group-FAD2DA683029-SegmentedRaftLogWorker: safeCacheEvictIndex: setUnconditionally 0 -> -1
2024-08-15 10:19:13,415 [1b29c983-94d7-499d-bcc1-fd69fd0caba2-groupManagement] INFO  server.RaftServer$Division (RaftServerImpl.java:start(389)) - 1b29c983-94d7-499d-bcc1-fd69fd0caba2@group-FAD2DA683029: start as a follower, conf=conf: {index: -1, cur=peers:[0e485a45-f52d-48d7-a7aa-3788f1251f10|127.0.0.1:15498, 38e4ed17-21fc-4cdd-a713-95c81e4a5ee7|127.0.0.1:15507, 1b29c983-94d7-499d-bcc1-fd69fd0caba2|127.0.0.1:15489]|listeners:[], old=null}
2024-08-15 10:19:13,415 [1b29c983-94d7-499d-bcc1-fd69fd0caba2-groupManagement] INFO  server.RaftServer$Division (RaftServerImpl.java:setRole(376)) - 1b29c983-94d7-499d-bcc1-fd69fd0caba2@group-FAD2DA683029: changes role from      null to FOLLOWER at term 0 for startAsFollower
2024-08-15 10:19:13,415 [1b29c983-94d7-499d-bcc1-fd69fd0caba2-groupManagement] INFO  impl.RoleInfo (RoleInfo.java:updateAndGet(148)) - 1b29c983-94d7-499d-bcc1-fd69fd0caba2: start 1b29c983-94d7-499d-bcc1-fd69fd0caba2@group-FAD2DA683029-FollowerState
2024-08-15 10:19:13,415 [1b29c983-94d7-499d-bcc1-fd69fd0caba2-groupManagement] INFO  util.JmxRegister (JmxRegister.java:tryRegister(44)) - Successfully registered JMX Bean with object name Ratis:service=RaftServer,group=group-FAD2DA683029,id=1b29c983-94d7-499d-bcc1-fd69fd0caba2
2024-08-15 10:19:13,415 [1b29c983-94d7-499d-bcc1-fd69fd0caba2-groupManagement] INFO  util.JmxRegister (JmxRegister.java:register(58)) - register mxBean class org.apache.ratis.server.impl.RaftServerJmxAdapter as Ratis:service=RaftServer,group=group-FAD2DA683029,id=1b29c983-94d7-499d-bcc1-fd69fd0caba2
2024-08-15 10:19:13,415 [1b29c983-94d7-499d-bcc1-fd69fd0caba2-groupManagement] INFO  server.RaftServerConfigKeys (ConfUtils.java:logGet(46)) - raft.server.snapshot.trigger-when-stop.enabled = true (default)
2024-08-15 10:19:13,415 [1b29c983-94d7-499d-bcc1-fd69fd0caba2-groupManagement] INFO  server.RaftServerConfigKeys (ConfUtils.java:logGet(46)) - raft.server.snapshot.trigger-when-remove.enabled = true (default)
2024-08-15 10:19:13,415 [1b29c983-94d7-499d-bcc1-fd69fd0caba2-groupManagement] INFO  server.RaftServerConfigKeys (ConfUtils.java:logGet(46)) - raft.server.snapshot.auto.trigger.enabled = true (custom)
2024-08-15 10:19:13,415 [1b29c983-94d7-499d-bcc1-fd69fd0caba2@group-FAD2DA683029-FollowerState] INFO  server.RaftServerConfigKeys (ConfUtils.java:logFallback(53)) - raft.server.rpc.first-election.timeout.min = 5s (fallback to raft.server.rpc.timeout.min)
2024-08-15 10:19:13,415 [1b29c983-94d7-499d-bcc1-fd69fd0caba2-groupManagement] INFO  server.RaftServerConfigKeys (ConfUtils.java:logGet(46)) - raft.server.snapshot.auto.trigger.threshold = 10000 (custom)
2024-08-15 10:19:13,415 [1b29c983-94d7-499d-bcc1-fd69fd0caba2-groupManagement] INFO  server.RaftServerConfigKeys (ConfUtils.java:logGet(46)) - raft.server.snapshot.retention.file.num = 5 (custom)
2024-08-15 10:19:13,415 [1b29c983-94d7-499d-bcc1-fd69fd0caba2-groupManagement] INFO  server.RaftServerConfigKeys (ConfUtils.java:logGet(46)) - raft.server.log.purge.upto.snapshot.index = false (default)
2024-08-15 10:19:13,415 [1b29c983-94d7-499d-bcc1-fd69fd0caba2@group-FAD2DA683029-FollowerState] INFO  server.RaftServerConfigKeys (ConfUtils.java:logFallback(53)) - raft.server.rpc.first-election.timeout.max = 5200ms (fallback to raft.server.rpc.timeout.max)
2024-08-15 10:19:13,416 [1b29c983-94d7-499d-bcc1-fd69fd0caba2-PipelineCommandHandlerThread-0] INFO  ratis.XceiverServerRatis (XceiverServerRatis.java:addGroup(850)) - Created group PipelineID=b4c7a7bd-dbe1-4bc2-8c04-fad2da683029
2024-08-15 10:19:13,423 [grpc-default-executor-0] INFO  server.RaftServer (RaftServerProxy.java:addNew(101)) - 38e4ed17-21fc-4cdd-a713-95c81e4a5ee7: addNew group-FAD2DA683029:[0e485a45-f52d-48d7-a7aa-3788f1251f10|127.0.0.1:15498, 38e4ed17-21fc-4cdd-a713-95c81e4a5ee7|127.0.0.1:15507, 1b29c983-94d7-499d-bcc1-fd69fd0caba2|127.0.0.1:15489] returns group-FAD2DA683029:java.util.concurrent.CompletableFuture@1d22dca0[Not completed]
2024-08-15 10:19:13,423 [38e4ed17-21fc-4cdd-a713-95c81e4a5ee7-groupManagement] INFO  server.RaftServer$Division (RaftServerImpl.java:<init>(253)) - 38e4ed17-21fc-4cdd-a713-95c81e4a5ee7: new RaftServerImpl for group-FAD2DA683029:[0e485a45-f52d-48d7-a7aa-3788f1251f10|127.0.0.1:15498, 38e4ed17-21fc-4cdd-a713-95c81e4a5ee7|127.0.0.1:15507, 1b29c983-94d7-499d-bcc1-fd69fd0caba2|127.0.0.1:15489] with ContainerStateMachine:uninitialized
2024-08-15 10:19:13,423 [38e4ed17-21fc-4cdd-a713-95c81e4a5ee7-groupManagement] INFO  server.RaftServerConfigKeys (ConfUtils.java:logGet(46)) - raft.server.rpc.timeout.min = 5s (custom)
2024-08-15 10:19:13,423 [38e4ed17-21fc-4cdd-a713-95c81e4a5ee7-groupManagement] INFO  server.RaftServerConfigKeys (ConfUtils.java:logGet(46)) - raft.server.rpc.timeout.max = 5200ms (custom)
2024-08-15 10:19:13,423 [38e4ed17-21fc-4cdd-a713-95c81e4a5ee7-groupManagement] INFO  server.RaftServerConfigKeys (ConfUtils.java:logGet(46)) - raft.server.rpc.sleep.time = 25ms (default)
2024-08-15 10:19:13,423 [38e4ed17-21fc-4cdd-a713-95c81e4a5ee7-groupManagement] INFO  server.RaftServerConfigKeys (ConfUtils.java:logGet(46)) - raft.server.rpc.slowness.timeout = 300000ms (custom)
2024-08-15 10:19:13,423 [38e4ed17-21fc-4cdd-a713-95c81e4a5ee7-groupManagement] INFO  server.RaftServerConfigKeys (ConfUtils.java:logGet(46)) - raft.server.leaderelection.leader.step-down.wait-time = 10s (default)
2024-08-15 10:19:13,423 [38e4ed17-21fc-4cdd-a713-95c81e4a5ee7-groupManagement] INFO  server.RaftServerConfigKeys (ConfUtils.java:logGet(46)) - raft.server.leaderelection.member.majority-add = false (default)
2024-08-15 10:19:13,424 [38e4ed17-21fc-4cdd-a713-95c81e4a5ee7-groupManagement] INFO  server.RaftServerConfigKeys (ConfUtils.java:logGet(46)) - raft.server.sleep.deviation.threshold = 300ms (default)
2024-08-15 10:19:13,424 [38e4ed17-21fc-4cdd-a713-95c81e4a5ee7-groupManagement] INFO  server.RaftServer$Division (ServerState.java:<init>(114)) - 38e4ed17-21fc-4cdd-a713-95c81e4a5ee7@group-FAD2DA683029: ConfigurationManager, init=conf: {index: -1, cur=peers:[0e485a45-f52d-48d7-a7aa-3788f1251f10|127.0.0.1:15498, 38e4ed17-21fc-4cdd-a713-95c81e4a5ee7|127.0.0.1:15507, 1b29c983-94d7-499d-bcc1-fd69fd0caba2|127.0.0.1:15489]|listeners:[], old=null}, confs=<EMPTY_MAP>
2024-08-15 10:19:13,424 [38e4ed17-21fc-4cdd-a713-95c81e4a5ee7-groupManagement] INFO  server.RaftServerConfigKeys (ConfUtils.java:logGet(46)) - raft.server.notification.no-leader.timeout = 300000ms (custom)
2024-08-15 10:19:13,424 [38e4ed17-21fc-4cdd-a713-95c81e4a5ee7-groupManagement] INFO  server.RaftServerConfigKeys (ConfUtils.java:logGet(46)) - raft.server.read.timeout = 10s (default)
2024-08-15 10:19:13,424 [38e4ed17-21fc-4cdd-a713-95c81e4a5ee7-groupManagement] INFO  server.RaftServerConfigKeys (ConfUtils.java:logGet(46)) - raft.server.retrycache.expirytime = 600000ms (custom)
2024-08-15 10:19:13,424 [38e4ed17-21fc-4cdd-a713-95c81e4a5ee7-groupManagement] INFO  server.RaftServerConfigKeys (ConfUtils.java:logGet(46)) - raft.server.retrycache.statistics.expirytime = 100ms (default)
2024-08-15 10:19:13,424 [38e4ed17-21fc-4cdd-a713-95c81e4a5ee7-groupManagement] INFO  server.RaftServerConfigKeys (ConfUtils.java:logGet(46)) - raft.server.read.option = DEFAULT (default)
2024-08-15 10:19:13,424 [38e4ed17-21fc-4cdd-a713-95c81e4a5ee7-groupManagement] INFO  server.RaftServerConfigKeys (ConfUtils.java:logGet(46)) - raft.server.read.read-after-write-consistent.write-index-cache.expiry-time = 60s (default)
2024-08-15 10:19:13,425 [38e4ed17-21fc-4cdd-a713-95c81e4a5ee7-groupManagement] INFO  server.RaftServerConfigKeys (ConfUtils.java:logGet(46)) - raft.server.rpc.request.timeout = 3000ms (default)
2024-08-15 10:19:13,425 [38e4ed17-21fc-4cdd-a713-95c81e4a5ee7-groupManagement] INFO  server.RaftServerConfigKeys (ConfUtils.java:logGet(46)) - raft.server.log.appender.install.snapshot.enabled = false (custom)
2024-08-15 10:19:13,425 [38e4ed17-21fc-4cdd-a713-95c81e4a5ee7-groupManagement] INFO  server.RaftServerConfigKeys (ConfUtils.java:logGet(46)) - raft.server.threadpool.server.cached = true (default)
2024-08-15 10:19:13,425 [38e4ed17-21fc-4cdd-a713-95c81e4a5ee7-groupManagement] INFO  server.RaftServerConfigKeys (ConfUtils.java:logGet(46)) - raft.server.threadpool.server.size = 0 (default)
2024-08-15 10:19:13,426 [38e4ed17-21fc-4cdd-a713-95c81e4a5ee7-groupManagement] INFO  server.RaftServerConfigKeys (ConfUtils.java:logGet(46)) - raft.server.threadpool.client.cached = true (default)
2024-08-15 10:19:13,426 [38e4ed17-21fc-4cdd-a713-95c81e4a5ee7-groupManagement] INFO  server.RaftServerConfigKeys (ConfUtils.java:logGet(46)) - raft.server.threadpool.client.size = 0 (default)
2024-08-15 10:19:13,426 [38e4ed17-21fc-4cdd-a713-95c81e4a5ee7-groupManagement] INFO  server.RaftServerConfigKeys (ConfUtils.java:logGet(46)) - raft.server.storage.free-space.min = 0MB (=0) (default)
2024-08-15 10:19:13,426 [38e4ed17-21fc-4cdd-a713-95c81e4a5ee7-groupManagement] INFO  server.RaftServerConfigKeys (ConfUtils.java:logGet(46)) - raft.server.log.corruption.policy = EXCEPTION (default)
2024-08-15 10:19:13,426 [38e4ed17-21fc-4cdd-a713-95c81e4a5ee7-groupManagement] INFO  server.RaftServerConfigKeys (ConfUtils.java:logGet(46)) - raft.server.storage.dir = [/home/runner/work/ozone/ozone/hadoop-ozone/integration-test/target/test-dir/MiniOzoneClusterImpl-71195f16-0443-47ad-abb9-7568f4d0400c/ozone-meta/datanode-3/ratis] (custom)
2024-08-15 10:19:13,426 [38e4ed17-21fc-4cdd-a713-95c81e4a5ee7-groupManagement] INFO  storage.RaftStorageDirectory (RaftStorageDirectoryImpl.java:analyzeStorage(138)) - The storage directory /home/runner/work/ozone/ozone/hadoop-ozone/integration-test/target/test-dir/MiniOzoneClusterImpl-71195f16-0443-47ad-abb9-7568f4d0400c/ozone-meta/datanode-3/ratis/b4c7a7bd-dbe1-4bc2-8c04-fad2da683029 does not exist. Creating ...
2024-08-15 10:19:13,427 [38e4ed17-21fc-4cdd-a713-95c81e4a5ee7-groupManagement] INFO  storage.RaftStorageDirectory (RaftStorageDirectoryImpl.java:tryLock(229)) - Lock on /home/runner/work/ozone/ozone/hadoop-ozone/integration-test/target/test-dir/MiniOzoneClusterImpl-71195f16-0443-47ad-abb9-7568f4d0400c/ozone-meta/datanode-3/ratis/b4c7a7bd-dbe1-4bc2-8c04-fad2da683029/in_use.lock acquired by nodename 113339@fv-az1107-352
2024-08-15 10:19:13,428 [38e4ed17-21fc-4cdd-a713-95c81e4a5ee7-groupManagement] INFO  storage.RaftStorage (RaftStorageImpl.java:format(98)) - Storage directory /home/runner/work/ozone/ozone/hadoop-ozone/integration-test/target/test-dir/MiniOzoneClusterImpl-71195f16-0443-47ad-abb9-7568f4d0400c/ozone-meta/datanode-3/ratis/b4c7a7bd-dbe1-4bc2-8c04-fad2da683029 has been successfully formatted.
2024-08-15 10:19:13,428 [38e4ed17-21fc-4cdd-a713-95c81e4a5ee7-groupManagement] INFO  ratis.ContainerStateMachine (ContainerStateMachine.java:loadSnapshot(295)) - group-FAD2DA683029: The snapshot info is null. Setting the last applied index to:(t:0, i:~)
2024-08-15 10:19:13,428 [38e4ed17-21fc-4cdd-a713-95c81e4a5ee7-groupManagement] INFO  server.RaftServerConfigKeys (ConfUtils.java:logGet(46)) - raft.server.log.use.memory = false (default)
2024-08-15 10:19:13,428 [38e4ed17-21fc-4cdd-a713-95c81e4a5ee7-groupManagement] INFO  server.RaftServerConfigKeys (ConfUtils.java:logGet(46)) - raft.server.log.purge.gap = 1000000 (custom)
2024-08-15 10:19:13,428 [38e4ed17-21fc-4cdd-a713-95c81e4a5ee7-groupManagement] INFO  server.RaftServerConfigKeys (ConfUtils.java:logGet(46)) - raft.server.log.appender.buffer.byte-limit = 8388608 (custom)
2024-08-15 10:19:13,428 [38e4ed17-21fc-4cdd-a713-95c81e4a5ee7-groupManagement] INFO  server.RaftServerConfigKeys (ConfUtils.java:logGet(46)) - raft.server.log.statemachine.data.read.timeout = 1000ms (default)
2024-08-15 10:19:13,428 [38e4ed17-21fc-4cdd-a713-95c81e4a5ee7-groupManagement] INFO  server.RaftServerConfigKeys (ConfUtils.java:logGet(46)) - raft.server.log.purge.preservation.log.num = 0 (default)
2024-08-15 10:19:13,429 [38e4ed17-21fc-4cdd-a713-95c81e4a5ee7-groupManagement] INFO  server.RaftServerConfigKeys (ConfUtils.java:logGet(46)) - raft.server.log.segment.size.max = 67108864 (custom)
2024-08-15 10:19:13,429 [38e4ed17-21fc-4cdd-a713-95c81e4a5ee7-groupManagement] INFO  server.RaftServerConfigKeys (ConfUtils.java:logGet(46)) - raft.server.log.segment.cache.num.max = 2 (custom)
2024-08-15 10:19:13,429 [38e4ed17-21fc-4cdd-a713-95c81e4a5ee7-groupManagement] INFO  server.RaftServerConfigKeys (ConfUtils.java:logGet(46)) - raft.server.log.segment.cache.size.max = 200MB (=209715200) (default)
2024-08-15 10:19:13,429 [38e4ed17-21fc-4cdd-a713-95c81e4a5ee7-groupManagement] INFO  server.RaftServerConfigKeys (ConfUtils.java:logGet(46)) - raft.server.log.appender.buffer.byte-limit = 8388608 (custom)
2024-08-15 10:19:13,430 [38e4ed17-21fc-4cdd-a713-95c81e4a5ee7-groupManagement] INFO  util.AwaitToRun (AwaitToRun.java:start(81)) - Thread[38e4ed17-21fc-4cdd-a713-95c81e4a5ee7@group-FAD2DA683029-cacheEviction-AwaitToRun,5,main] started
2024-08-15 10:19:13,430 [38e4ed17-21fc-4cdd-a713-95c81e4a5ee7-groupManagement] INFO  segmented.SegmentedRaftLogWorker (SegmentedRaftLogWorker.java:<init>(184)) - new 38e4ed17-21fc-4cdd-a713-95c81e4a5ee7@group-FAD2DA683029-SegmentedRaftLogWorker for RaftStorageImpl:Storage Directory /home/runner/work/ozone/ozone/hadoop-ozone/integration-test/target/test-dir/MiniOzoneClusterImpl-71195f16-0443-47ad-abb9-7568f4d0400c/ozone-meta/datanode-3/ratis/b4c7a7bd-dbe1-4bc2-8c04-fad2da683029
2024-08-15 10:19:13,430 [38e4ed17-21fc-4cdd-a713-95c81e4a5ee7-groupManagement] INFO  server.RaftServerConfigKeys (ConfUtils.java:logGet(46)) - raft.server.log.queue.byte-limit = 4294967296 (custom)
2024-08-15 10:19:13,430 [38e4ed17-21fc-4cdd-a713-95c81e4a5ee7-groupManagement] INFO  server.RaftServerConfigKeys (ConfUtils.java:logGet(46)) - raft.server.log.queue.element-limit = 1024 (custom)
2024-08-15 10:19:13,430 [38e4ed17-21fc-4cdd-a713-95c81e4a5ee7-groupManagement] INFO  server.RaftServerConfigKeys (ConfUtils.java:logGet(46)) - raft.server.log.segment.size.max = 67108864 (custom)
2024-08-15 10:19:13,430 [38e4ed17-21fc-4cdd-a713-95c81e4a5ee7-groupManagement] INFO  server.RaftServerConfigKeys (ConfUtils.java:logGet(46)) - raft.server.log.preallocated.size = 4194304 (custom)
2024-08-15 10:19:13,430 [38e4ed17-21fc-4cdd-a713-95c81e4a5ee7-groupManagement] INFO  server.RaftServerConfigKeys (ConfUtils.java:logGet(46)) - raft.server.log.force.sync.num = 128 (default)
2024-08-15 10:19:13,430 [38e4ed17-21fc-4cdd-a713-95c81e4a5ee7-groupManagement] INFO  server.RaftServerConfigKeys (ConfUtils.java:logGet(46)) - raft.server.log.statemachine.data.sync = true (default)
2024-08-15 10:19:13,430 [38e4ed17-21fc-4cdd-a713-95c81e4a5ee7-groupManagement] INFO  server.RaftServerConfigKeys (ConfUtils.java:logGet(46)) - raft.server.log.statemachine.data.sync.timeout = 10s (default)
2024-08-15 10:19:13,430 [38e4ed17-21fc-4cdd-a713-95c81e4a5ee7-groupManagement] INFO  server.RaftServerConfigKeys (ConfUtils.java:logGet(46)) - raft.server.log.statemachine.data.sync.timeout.retry = 30 (custom)
2024-08-15 10:19:13,430 [38e4ed17-21fc-4cdd-a713-95c81e4a5ee7-groupManagement] INFO  server.RaftServerConfigKeys (ConfUtils.java:logGet(46)) - raft.server.log.write.buffer.size = 8388616 (custom)
2024-08-15 10:19:13,431 [38e4ed17-21fc-4cdd-a713-95c81e4a5ee7-groupManagement] INFO  server.RaftServerConfigKeys (ConfUtils.java:logGet(46)) - raft.server.log.appender.buffer.byte-limit = 8388608 (custom)
2024-08-15 10:19:13,431 [38e4ed17-21fc-4cdd-a713-95c81e4a5ee7-groupManagement] INFO  server.RaftServerConfigKeys (ConfUtils.java:logGet(46)) - raft.server.log.unsafe-flush.enabled = false (default)
2024-08-15 10:19:13,431 [38e4ed17-21fc-4cdd-a713-95c81e4a5ee7-groupManagement] INFO  server.RaftServerConfigKeys (ConfUtils.java:logGet(46)) - raft.server.log.async-flush.enabled = false (default)
2024-08-15 10:19:13,431 [38e4ed17-21fc-4cdd-a713-95c81e4a5ee7-groupManagement] INFO  server.RaftServerConfigKeys (ConfUtils.java:logGet(46)) - raft.server.log.statemachine.data.caching.enabled = true (custom)
2024-08-15 10:19:13,431 [38e4ed17-21fc-4cdd-a713-95c81e4a5ee7-groupManagement] INFO  segmented.SegmentedRaftLogWorker (SegmentedRaftLogWorker.java:lambda$new$0(135)) - 38e4ed17-21fc-4cdd-a713-95c81e4a5ee7@group-FAD2DA683029-SegmentedRaftLogWorker: flushIndex: setUnconditionally 0 -> -1
2024-08-15 10:19:13,431 [38e4ed17-21fc-4cdd-a713-95c81e4a5ee7-groupManagement] INFO  segmented.SegmentedRaftLogWorker (SegmentedRaftLogWorker.java:lambda$new$0(135)) - 38e4ed17-21fc-4cdd-a713-95c81e4a5ee7@group-FAD2DA683029-SegmentedRaftLogWorker: safeCacheEvictIndex: setUnconditionally 0 -> -1
2024-08-15 10:19:13,431 [38e4ed17-21fc-4cdd-a713-95c81e4a5ee7-groupManagement] INFO  server.RaftServer$Division (RaftServerImpl.java:start(389)) - 38e4ed17-21fc-4cdd-a713-95c81e4a5ee7@group-FAD2DA683029: start as a follower, conf=conf: {index: -1, cur=peers:[0e485a45-f52d-48d7-a7aa-3788f1251f10|127.0.0.1:15498, 38e4ed17-21fc-4cdd-a713-95c81e4a5ee7|127.0.0.1:15507, 1b29c983-94d7-499d-bcc1-fd69fd0caba2|127.0.0.1:15489]|listeners:[], old=null}
2024-08-15 10:19:13,431 [38e4ed17-21fc-4cdd-a713-95c81e4a5ee7-groupManagement] INFO  server.RaftServer$Division (RaftServerImpl.java:setRole(376)) - 38e4ed17-21fc-4cdd-a713-95c81e4a5ee7@group-FAD2DA683029: changes role from      null to FOLLOWER at term 0 for startAsFollower
2024-08-15 10:19:13,431 [38e4ed17-21fc-4cdd-a713-95c81e4a5ee7-groupManagement] INFO  impl.RoleInfo (RoleInfo.java:updateAndGet(148)) - 38e4ed17-21fc-4cdd-a713-95c81e4a5ee7: start 38e4ed17-21fc-4cdd-a713-95c81e4a5ee7@group-FAD2DA683029-FollowerState
2024-08-15 10:19:13,431 [38e4ed17-21fc-4cdd-a713-95c81e4a5ee7-groupManagement] INFO  util.JmxRegister (JmxRegister.java:tryRegister(44)) - Successfully registered JMX Bean with object name Ratis:service=RaftServer,group=group-FAD2DA683029,id=38e4ed17-21fc-4cdd-a713-95c81e4a5ee7
2024-08-15 10:19:13,431 [38e4ed17-21fc-4cdd-a713-95c81e4a5ee7-groupManagement] INFO  util.JmxRegister (JmxRegister.java:register(58)) - register mxBean class org.apache.ratis.server.impl.RaftServerJmxAdapter as Ratis:service=RaftServer,group=group-FAD2DA683029,id=38e4ed17-21fc-4cdd-a713-95c81e4a5ee7
2024-08-15 10:19:13,431 [38e4ed17-21fc-4cdd-a713-95c81e4a5ee7-groupManagement] INFO  server.RaftServerConfigKeys (ConfUtils.java:logGet(46)) - raft.server.snapshot.trigger-when-stop.enabled = true (default)
2024-08-15 10:19:13,432 [38e4ed17-21fc-4cdd-a713-95c81e4a5ee7-groupManagement] INFO  server.RaftServerConfigKeys (ConfUtils.java:logGet(46)) - raft.server.snapshot.trigger-when-remove.enabled = true (default)
2024-08-15 10:19:13,432 [38e4ed17-21fc-4cdd-a713-95c81e4a5ee7-groupManagement] INFO  server.RaftServerConfigKeys (ConfUtils.java:logGet(46)) - raft.server.snapshot.auto.trigger.enabled = true (custom)
2024-08-15 10:19:13,432 [38e4ed17-21fc-4cdd-a713-95c81e4a5ee7-groupManagement] INFO  server.RaftServerConfigKeys (ConfUtils.java:logGet(46)) - raft.server.snapshot.auto.trigger.threshold = 10000 (custom)
2024-08-15 10:19:13,432 [38e4ed17-21fc-4cdd-a713-95c81e4a5ee7-groupManagement] INFO  server.RaftServerConfigKeys (ConfUtils.java:logGet(46)) - raft.server.snapshot.retention.file.num = 5 (custom)
2024-08-15 10:19:13,432 [38e4ed17-21fc-4cdd-a713-95c81e4a5ee7-groupManagement] INFO  server.RaftServerConfigKeys (ConfUtils.java:logGet(46)) - raft.server.log.purge.upto.snapshot.index = false (default)
2024-08-15 10:19:13,432 [38e4ed17-21fc-4cdd-a713-95c81e4a5ee7@group-FAD2DA683029-FollowerState] INFO  server.RaftServerConfigKeys (ConfUtils.java:logFallback(53)) - raft.server.rpc.first-election.timeout.min = 5s (fallback to raft.server.rpc.timeout.min)
2024-08-15 10:19:13,432 [38e4ed17-21fc-4cdd-a713-95c81e4a5ee7@group-FAD2DA683029-FollowerState] INFO  server.RaftServerConfigKeys (ConfUtils.java:logFallback(53)) - raft.server.rpc.first-election.timeout.max = 5200ms (fallback to raft.server.rpc.timeout.max)
2024-08-15 10:19:13,438 [grpc-default-executor-0] INFO  server.RaftServer (RaftServerProxy.java:addNew(101)) - 0e485a45-f52d-48d7-a7aa-3788f1251f10: addNew group-FAD2DA683029:[0e485a45-f52d-48d7-a7aa-3788f1251f10|127.0.0.1:15498, 38e4ed17-21fc-4cdd-a713-95c81e4a5ee7|127.0.0.1:15507, 1b29c983-94d7-499d-bcc1-fd69fd0caba2|127.0.0.1:15489] returns group-FAD2DA683029:java.util.concurrent.CompletableFuture@366152b9[Not completed]
2024-08-15 10:19:13,439 [0e485a45-f52d-48d7-a7aa-3788f1251f10-groupManagement] INFO  server.RaftServer$Division (RaftServerImpl.java:<init>(253)) - 0e485a45-f52d-48d7-a7aa-3788f1251f10: new RaftServerImpl for group-FAD2DA683029:[0e485a45-f52d-48d7-a7aa-3788f1251f10|127.0.0.1:15498, 38e4ed17-21fc-4cdd-a713-95c81e4a5ee7|127.0.0.1:15507, 1b29c983-94d7-499d-bcc1-fd69fd0caba2|127.0.0.1:15489] with ContainerStateMachine:uninitialized
2024-08-15 10:19:13,439 [0e485a45-f52d-48d7-a7aa-3788f1251f10-groupManagement] INFO  server.RaftServerConfigKeys (ConfUtils.java:logGet(46)) - raft.server.rpc.timeout.min = 5s (custom)
2024-08-15 10:19:13,439 [0e485a45-f52d-48d7-a7aa-3788f1251f10-groupManagement] INFO  server.RaftServerConfigKeys (ConfUtils.java:logGet(46)) - raft.server.rpc.timeout.max = 5200ms (custom)
2024-08-15 10:19:13,439 [0e485a45-f52d-48d7-a7aa-3788f1251f10-groupManagement] INFO  server.RaftServerConfigKeys (ConfUtils.java:logGet(46)) - raft.server.rpc.sleep.time = 25ms (default)
2024-08-15 10:19:13,439 [0e485a45-f52d-48d7-a7aa-3788f1251f10-groupManagement] INFO  server.RaftServerConfigKeys (ConfUtils.java:logGet(46)) - raft.server.rpc.slowness.timeout = 300000ms (custom)
2024-08-15 10:19:13,439 [0e485a45-f52d-48d7-a7aa-3788f1251f10-groupManagement] INFO  server.RaftServerConfigKeys (ConfUtils.java:logGet(46)) - raft.server.leaderelection.leader.step-down.wait-time = 10s (default)
2024-08-15 10:19:13,439 [0e485a45-f52d-48d7-a7aa-3788f1251f10-groupManagement] INFO  server.RaftServerConfigKeys (ConfUtils.java:logGet(46)) - raft.server.leaderelection.member.majority-add = false (default)
2024-08-15 10:19:13,439 [0e485a45-f52d-48d7-a7aa-3788f1251f10-groupManagement] INFO  server.RaftServerConfigKeys (ConfUtils.java:logGet(46)) - raft.server.sleep.deviation.threshold = 300ms (default)
2024-08-15 10:19:13,439 [0e485a45-f52d-48d7-a7aa-3788f1251f10-groupManagement] INFO  server.RaftServer$Division (ServerState.java:<init>(114)) - 0e485a45-f52d-48d7-a7aa-3788f1251f10@group-FAD2DA683029: ConfigurationManager, init=conf: {index: -1, cur=peers:[0e485a45-f52d-48d7-a7aa-3788f1251f10|127.0.0.1:15498, 38e4ed17-21fc-4cdd-a713-95c81e4a5ee7|127.0.0.1:15507, 1b29c983-94d7-499d-bcc1-fd69fd0caba2|127.0.0.1:15489]|listeners:[], old=null}, confs=<EMPTY_MAP>
2024-08-15 10:19:13,439 [0e485a45-f52d-48d7-a7aa-3788f1251f10-groupManagement] INFO  server.RaftServerConfigKeys (ConfUtils.java:logGet(46)) - raft.server.notification.no-leader.timeout = 300000ms (custom)
2024-08-15 10:19:13,439 [0e485a45-f52d-48d7-a7aa-3788f1251f10-groupManagement] INFO  server.RaftServerConfigKeys (ConfUtils.java:logGet(46)) - raft.server.read.timeout = 10s (default)
2024-08-15 10:19:13,439 [0e485a45-f52d-48d7-a7aa-3788f1251f10-groupManagement] INFO  server.RaftServerConfigKeys (ConfUtils.java:logGet(46)) - raft.server.retrycache.expirytime = 600000ms (custom)
2024-08-15 10:19:13,439 [0e485a45-f52d-48d7-a7aa-3788f1251f10-groupManagement] INFO  server.RaftServerConfigKeys (ConfUtils.java:logGet(46)) - raft.server.retrycache.statistics.expirytime = 100ms (default)
2024-08-15 10:19:13,439 [0e485a45-f52d-48d7-a7aa-3788f1251f10-groupManagement] INFO  server.RaftServerConfigKeys (ConfUtils.java:logGet(46)) - raft.server.read.option = DEFAULT (default)
2024-08-15 10:19:13,439 [0e485a45-f52d-48d7-a7aa-3788f1251f10-groupManagement] INFO  server.RaftServerConfigKeys (ConfUtils.java:logGet(46)) - raft.server.read.read-after-write-consistent.write-index-cache.expiry-time = 60s (default)
2024-08-15 10:19:13,441 [0e485a45-f52d-48d7-a7aa-3788f1251f10-groupManagement] INFO  server.RaftServerConfigKeys (ConfUtils.java:logGet(46)) - raft.server.rpc.request.timeout = 3000ms (default)
2024-08-15 10:19:13,441 [0e485a45-f52d-48d7-a7aa-3788f1251f10-groupManagement] INFO  server.RaftServerConfigKeys (ConfUtils.java:logGet(46)) - raft.server.log.appender.install.snapshot.enabled = false (custom)
2024-08-15 10:19:13,441 [0e485a45-f52d-48d7-a7aa-3788f1251f10-groupManagement] INFO  server.RaftServerConfigKeys (ConfUtils.java:logGet(46)) - raft.server.threadpool.server.cached = true (default)
2024-08-15 10:19:13,441 [0e485a45-f52d-48d7-a7aa-3788f1251f10-groupManagement] INFO  server.RaftServerConfigKeys (ConfUtils.java:logGet(46)) - raft.server.threadpool.server.size = 0 (default)
2024-08-15 10:19:13,442 [0e485a45-f52d-48d7-a7aa-3788f1251f10-groupManagement] INFO  server.RaftServerConfigKeys (ConfUtils.java:logGet(46)) - raft.server.threadpool.client.cached = true (default)
2024-08-15 10:19:13,442 [0e485a45-f52d-48d7-a7aa-3788f1251f10-groupManagement] INFO  server.RaftServerConfigKeys (ConfUtils.java:logGet(46)) - raft.server.threadpool.client.size = 0 (default)
2024-08-15 10:19:13,442 [0e485a45-f52d-48d7-a7aa-3788f1251f10-groupManagement] INFO  server.RaftServerConfigKeys (ConfUtils.java:logGet(46)) - raft.server.storage.free-space.min = 0MB (=0) (default)
2024-08-15 10:19:13,442 [0e485a45-f52d-48d7-a7aa-3788f1251f10-groupManagement] INFO  server.RaftServerConfigKeys (ConfUtils.java:logGet(46)) - raft.server.log.corruption.policy = EXCEPTION (default)
2024-08-15 10:19:13,442 [0e485a45-f52d-48d7-a7aa-3788f1251f10-groupManagement] INFO  server.RaftServerConfigKeys (ConfUtils.java:logGet(46)) - raft.server.storage.dir = [/home/runner/work/ozone/ozone/hadoop-ozone/integration-test/target/test-dir/MiniOzoneClusterImpl-71195f16-0443-47ad-abb9-7568f4d0400c/ozone-meta/datanode-2/ratis] (custom)
2024-08-15 10:19:13,442 [0e485a45-f52d-48d7-a7aa-3788f1251f10-groupManagement] INFO  storage.RaftStorageDirectory (RaftStorageDirectoryImpl.java:analyzeStorage(138)) - The storage directory /home/runner/work/ozone/ozone/hadoop-ozone/integration-test/target/test-dir/MiniOzoneClusterImpl-71195f16-0443-47ad-abb9-7568f4d0400c/ozone-meta/datanode-2/ratis/b4c7a7bd-dbe1-4bc2-8c04-fad2da683029 does not exist. Creating ...
2024-08-15 10:19:13,443 [0e485a45-f52d-48d7-a7aa-3788f1251f10-groupManagement] INFO  storage.RaftStorageDirectory (RaftStorageDirectoryImpl.java:tryLock(229)) - Lock on /home/runner/work/ozone/ozone/hadoop-ozone/integration-test/target/test-dir/MiniOzoneClusterImpl-71195f16-0443-47ad-abb9-7568f4d0400c/ozone-meta/datanode-2/ratis/b4c7a7bd-dbe1-4bc2-8c04-fad2da683029/in_use.lock acquired by nodename 113339@fv-az1107-352
2024-08-15 10:19:13,444 [0e485a45-f52d-48d7-a7aa-3788f1251f10-groupManagement] INFO  storage.RaftStorage (RaftStorageImpl.java:format(98)) - Storage directory /home/runner/work/ozone/ozone/hadoop-ozone/integration-test/target/test-dir/MiniOzoneClusterImpl-71195f16-0443-47ad-abb9-7568f4d0400c/ozone-meta/datanode-2/ratis/b4c7a7bd-dbe1-4bc2-8c04-fad2da683029 has been successfully formatted.
2024-08-15 10:19:13,444 [0e485a45-f52d-48d7-a7aa-3788f1251f10-groupManagement] INFO  ratis.ContainerStateMachine (ContainerStateMachine.java:loadSnapshot(295)) - group-FAD2DA683029: The snapshot info is null. Setting the last applied index to:(t:0, i:~)
2024-08-15 10:19:13,444 [0e485a45-f52d-48d7-a7aa-3788f1251f10-groupManagement] INFO  server.RaftServerConfigKeys (ConfUtils.java:logGet(46)) - raft.server.log.use.memory = false (default)
2024-08-15 10:19:13,445 [0e485a45-f52d-48d7-a7aa-3788f1251f10-groupManagement] INFO  server.RaftServerConfigKeys (ConfUtils.java:logGet(46)) - raft.server.log.purge.gap = 1000000 (custom)
2024-08-15 10:19:13,445 [0e485a45-f52d-48d7-a7aa-3788f1251f10-groupManagement] INFO  server.RaftServerConfigKeys (ConfUtils.java:logGet(46)) - raft.server.log.appender.buffer.byte-limit = 8388608 (custom)
2024-08-15 10:19:13,445 [0e485a45-f52d-48d7-a7aa-3788f1251f10-groupManagement] INFO  server.RaftServerConfigKeys (ConfUtils.java:logGet(46)) - raft.server.log.statemachine.data.read.timeout = 1000ms (default)
2024-08-15 10:19:13,445 [0e485a45-f52d-48d7-a7aa-3788f1251f10-groupManagement] INFO  server.RaftServerConfigKeys (ConfUtils.java:logGet(46)) - raft.server.log.purge.preservation.log.num = 0 (default)
2024-08-15 10:19:13,445 [0e485a45-f52d-48d7-a7aa-3788f1251f10-groupManagement] INFO  server.RaftServerConfigKeys (ConfUtils.java:logGet(46)) - raft.server.log.segment.size.max = 67108864 (custom)
2024-08-15 10:19:13,445 [0e485a45-f52d-48d7-a7aa-3788f1251f10-groupManagement] INFO  server.RaftServerConfigKeys (ConfUtils.java:logGet(46)) - raft.server.log.segment.cache.num.max = 2 (custom)
2024-08-15 10:19:13,446 [0e485a45-f52d-48d7-a7aa-3788f1251f10-groupManagement] INFO  server.RaftServerConfigKeys (ConfUtils.java:logGet(46)) - raft.server.log.segment.cache.size.max = 200MB (=209715200) (default)
2024-08-15 10:19:13,446 [0e485a45-f52d-48d7-a7aa-3788f1251f10-groupManagement] INFO  server.RaftServerConfigKeys (ConfUtils.java:logGet(46)) - raft.server.log.appender.buffer.byte-limit = 8388608 (custom)
2024-08-15 10:19:13,446 [0e485a45-f52d-48d7-a7aa-3788f1251f10-groupManagement] INFO  util.AwaitToRun (AwaitToRun.java:start(81)) - Thread[0e485a45-f52d-48d7-a7aa-3788f1251f10@group-FAD2DA683029-cacheEviction-AwaitToRun,5,main] started
2024-08-15 10:19:13,446 [0e485a45-f52d-48d7-a7aa-3788f1251f10-groupManagement] INFO  segmented.SegmentedRaftLogWorker (SegmentedRaftLogWorker.java:<init>(184)) - new 0e485a45-f52d-48d7-a7aa-3788f1251f10@group-FAD2DA683029-SegmentedRaftLogWorker for RaftStorageImpl:Storage Directory /home/runner/work/ozone/ozone/hadoop-ozone/integration-test/target/test-dir/MiniOzoneClusterImpl-71195f16-0443-47ad-abb9-7568f4d0400c/ozone-meta/datanode-2/ratis/b4c7a7bd-dbe1-4bc2-8c04-fad2da683029
2024-08-15 10:19:13,446 [0e485a45-f52d-48d7-a7aa-3788f1251f10-groupManagement] INFO  server.RaftServerConfigKeys (ConfUtils.java:logGet(46)) - raft.server.log.queue.byte-limit = 4294967296 (custom)
2024-08-15 10:19:13,446 [0e485a45-f52d-48d7-a7aa-3788f1251f10-groupManagement] INFO  server.RaftServerConfigKeys (ConfUtils.java:logGet(46)) - raft.server.log.queue.element-limit = 1024 (custom)
2024-08-15 10:19:13,446 [0e485a45-f52d-48d7-a7aa-3788f1251f10-groupManagement] INFO  server.RaftServerConfigKeys (ConfUtils.java:logGet(46)) - raft.server.log.segment.size.max = 67108864 (custom)
2024-08-15 10:19:13,446 [0e485a45-f52d-48d7-a7aa-3788f1251f10-groupManagement] INFO  server.RaftServerConfigKeys (ConfUtils.java:logGet(46)) - raft.server.log.preallocated.size = 4194304 (custom)
2024-08-15 10:19:13,446 [0e485a45-f52d-48d7-a7aa-3788f1251f10-groupManagement] INFO  server.RaftServerConfigKeys (ConfUtils.java:logGet(46)) - raft.server.log.force.sync.num = 128 (default)
2024-08-15 10:19:13,446 [0e485a45-f52d-48d7-a7aa-3788f1251f10-groupManagement] INFO  server.RaftServerConfigKeys (ConfUtils.java:logGet(46)) - raft.server.log.statemachine.data.sync = true (default)
2024-08-15 10:19:13,446 [0e485a45-f52d-48d7-a7aa-3788f1251f10-groupManagement] INFO  server.RaftServerConfigKeys (ConfUtils.java:logGet(46)) - raft.server.log.statemachine.data.sync.timeout = 10s (default)
2024-08-15 10:19:13,446 [0e485a45-f52d-48d7-a7aa-3788f1251f10-groupManagement] INFO  server.RaftServerConfigKeys (ConfUtils.java:logGet(46)) - raft.server.log.statemachine.data.sync.timeout.retry = 30 (custom)
2024-08-15 10:19:13,446 [0e485a45-f52d-48d7-a7aa-3788f1251f10-groupManagement] INFO  server.RaftServerConfigKeys (ConfUtils.java:logGet(46)) - raft.server.log.write.buffer.size = 8388616 (custom)
2024-08-15 10:19:13,447 [0e485a45-f52d-48d7-a7aa-3788f1251f10-groupManagement] INFO  server.RaftServerConfigKeys (ConfUtils.java:logGet(46)) - raft.server.log.appender.buffer.byte-limit = 8388608 (custom)
2024-08-15 10:19:13,447 [0e485a45-f52d-48d7-a7aa-3788f1251f10-groupManagement] INFO  server.RaftServerConfigKeys (ConfUtils.java:logGet(46)) - raft.server.log.unsafe-flush.enabled = false (default)
2024-08-15 10:19:13,447 [0e485a45-f52d-48d7-a7aa-3788f1251f10-groupManagement] INFO  server.RaftServerConfigKeys (ConfUtils.java:logGet(46)) - raft.server.log.async-flush.enabled = false (default)
2024-08-15 10:19:13,447 [0e485a45-f52d-48d7-a7aa-3788f1251f10-groupManagement] INFO  server.RaftServerConfigKeys (ConfUtils.java:logGet(46)) - raft.server.log.statemachine.data.caching.enabled = true (custom)
2024-08-15 10:19:13,447 [0e485a45-f52d-48d7-a7aa-3788f1251f10-groupManagement] INFO  segmented.SegmentedRaftLogWorker (SegmentedRaftLogWorker.java:lambda$new$0(135)) - 0e485a45-f52d-48d7-a7aa-3788f1251f10@group-FAD2DA683029-SegmentedRaftLogWorker: flushIndex: setUnconditionally 0 -> -1
2024-08-15 10:19:13,447 [0e485a45-f52d-48d7-a7aa-3788f1251f10-groupManagement] INFO  segmented.SegmentedRaftLogWorker (SegmentedRaftLogWorker.java:lambda$new$0(135)) - 0e485a45-f52d-48d7-a7aa-3788f1251f10@group-FAD2DA683029-SegmentedRaftLogWorker: safeCacheEvictIndex: setUnconditionally 0 -> -1
2024-08-15 10:19:13,447 [0e485a45-f52d-48d7-a7aa-3788f1251f10-groupManagement] INFO  server.RaftServer$Division (RaftServerImpl.java:start(389)) - 0e485a45-f52d-48d7-a7aa-3788f1251f10@group-FAD2DA683029: start as a follower, conf=conf: {index: -1, cur=peers:[0e485a45-f52d-48d7-a7aa-3788f1251f10|127.0.0.1:15498, 38e4ed17-21fc-4cdd-a713-95c81e4a5ee7|127.0.0.1:15507, 1b29c983-94d7-499d-bcc1-fd69fd0caba2|127.0.0.1:15489]|listeners:[], old=null}
2024-08-15 10:19:13,447 [0e485a45-f52d-48d7-a7aa-3788f1251f10-groupManagement] INFO  server.RaftServer$Division (RaftServerImpl.java:setRole(376)) - 0e485a45-f52d-48d7-a7aa-3788f1251f10@group-FAD2DA683029: changes role from      null to FOLLOWER at term 0 for startAsFollower
2024-08-15 10:19:13,447 [0e485a45-f52d-48d7-a7aa-3788f1251f10-groupManagement] INFO  impl.RoleInfo (RoleInfo.java:updateAndGet(148)) - 0e485a45-f52d-48d7-a7aa-3788f1251f10: start 0e485a45-f52d-48d7-a7aa-3788f1251f10@group-FAD2DA683029-FollowerState
2024-08-15 10:19:13,447 [0e485a45-f52d-48d7-a7aa-3788f1251f10-groupManagement] INFO  util.JmxRegister (JmxRegister.java:tryRegister(44)) - Successfully registered JMX Bean with object name Ratis:service=RaftServer,group=group-FAD2DA683029,id=0e485a45-f52d-48d7-a7aa-3788f1251f10
2024-08-15 10:19:13,447 [0e485a45-f52d-48d7-a7aa-3788f1251f10-groupManagement] INFO  util.JmxRegister (JmxRegister.java:register(58)) - register mxBean class org.apache.ratis.server.impl.RaftServerJmxAdapter as Ratis:service=RaftServer,group=group-FAD2DA683029,id=0e485a45-f52d-48d7-a7aa-3788f1251f10
2024-08-15 10:19:13,448 [0e485a45-f52d-48d7-a7aa-3788f1251f10-groupManagement] INFO  server.RaftServerConfigKeys (ConfUtils.java:logGet(46)) - raft.server.snapshot.trigger-when-stop.enabled = true (default)
2024-08-15 10:19:13,448 [0e485a45-f52d-48d7-a7aa-3788f1251f10-groupManagement] INFO  server.RaftServerConfigKeys (ConfUtils.java:logGet(46)) - raft.server.snapshot.trigger-when-remove.enabled = true (default)
2024-08-15 10:19:13,448 [0e485a45-f52d-48d7-a7aa-3788f1251f10-groupManagement] INFO  server.RaftServerConfigKeys (ConfUtils.java:logGet(46)) - raft.server.snapshot.auto.trigger.enabled = true (custom)
2024-08-15 10:19:13,448 [0e485a45-f52d-48d7-a7aa-3788f1251f10-groupManagement] INFO  server.RaftServerConfigKeys (ConfUtils.java:logGet(46)) - raft.server.snapshot.auto.trigger.threshold = 10000 (custom)
2024-08-15 10:19:13,448 [0e485a45-f52d-48d7-a7aa-3788f1251f10-groupManagement] INFO  server.RaftServerConfigKeys (ConfUtils.java:logGet(46)) - raft.server.snapshot.retention.file.num = 5 (custom)
2024-08-15 10:19:13,448 [0e485a45-f52d-48d7-a7aa-3788f1251f10-groupManagement] INFO  server.RaftServerConfigKeys (ConfUtils.java:logGet(46)) - raft.server.log.purge.upto.snapshot.index = false (default)
2024-08-15 10:19:13,448 [0e485a45-f52d-48d7-a7aa-3788f1251f10@group-FAD2DA683029-FollowerState] INFO  server.RaftServerConfigKeys (ConfUtils.java:logFallback(53)) - raft.server.rpc.first-election.timeout.min = 5s (fallback to raft.server.rpc.timeout.min)
2024-08-15 10:19:13,448 [0e485a45-f52d-48d7-a7aa-3788f1251f10@group-FAD2DA683029-FollowerState] INFO  server.RaftServerConfigKeys (ConfUtils.java:logFallback(53)) - raft.server.rpc.first-election.timeout.max = 5200ms (fallback to raft.server.rpc.timeout.max)
2024-08-15 10:19:13,453 [1b29c983-94d7-499d-bcc1-fd69fd0caba2-PipelineCommandHandlerThread-0] INFO  commandhandler.CreatePipelineCommandHandler (CreatePipelineCommandHandler.java:lambda$handle$2(124)) - Created Pipeline RATIS THREE PipelineID=b4c7a7bd-dbe1-4bc2-8c04-fad2da683029.
2024-08-15 10:19:13,453 [1b29c983-94d7-499d-bcc1-fd69fd0caba2-PipelineCommandHandlerThread-0] INFO  server.RaftServer (RaftServerProxy.java:addNew(101)) - 1b29c983-94d7-499d-bcc1-fd69fd0caba2: addNew group-F3A1F69E3608:[0e485a45-f52d-48d7-a7aa-3788f1251f10|127.0.0.1:15498, 38e4ed17-21fc-4cdd-a713-95c81e4a5ee7|127.0.0.1:15507, 1b29c983-94d7-499d-bcc1-fd69fd0caba2|127.0.0.1:15489] returns group-F3A1F69E3608:java.util.concurrent.CompletableFuture@ac64d3d[Not completed]
2024-08-15 10:19:13,454 [1b29c983-94d7-499d-bcc1-fd69fd0caba2-groupManagement] INFO  server.RaftServer$Division (RaftServerImpl.java:<init>(253)) - 1b29c983-94d7-499d-bcc1-fd69fd0caba2: new RaftServerImpl for group-F3A1F69E3608:[0e485a45-f52d-48d7-a7aa-3788f1251f10|127.0.0.1:15498, 38e4ed17-21fc-4cdd-a713-95c81e4a5ee7|127.0.0.1:15507, 1b29c983-94d7-499d-bcc1-fd69fd0caba2|127.0.0.1:15489] with ContainerStateMachine:uninitialized
2024-08-15 10:19:13,454 [1b29c983-94d7-499d-bcc1-fd69fd0caba2-groupManagement] INFO  server.RaftServerConfigKeys (ConfUtils.java:logGet(46)) - raft.server.rpc.timeout.min = 5s (custom)
2024-08-15 10:19:13,454 [1b29c983-94d7-499d-bcc1-fd69fd0caba2-groupManagement] INFO  server.RaftServerConfigKeys (ConfUtils.java:logGet(46)) - raft.server.rpc.timeout.max = 5200ms (custom)
2024-08-15 10:19:13,454 [1b29c983-94d7-499d-bcc1-fd69fd0caba2-groupManagement] INFO  server.RaftServerConfigKeys (ConfUtils.java:logGet(46)) - raft.server.rpc.sleep.time = 25ms (default)
2024-08-15 10:19:13,454 [1b29c983-94d7-499d-bcc1-fd69fd0caba2-groupManagement] INFO  server.RaftServerConfigKeys (ConfUtils.java:logGet(46)) - raft.server.rpc.slowness.timeout = 300000ms (custom)
2024-08-15 10:19:13,454 [1b29c983-94d7-499d-bcc1-fd69fd0caba2-groupManagement] INFO  server.RaftServerConfigKeys (ConfUtils.java:logGet(46)) - raft.server.leaderelection.leader.step-down.wait-time = 10s (default)
2024-08-15 10:19:13,454 [1b29c983-94d7-499d-bcc1-fd69fd0caba2-groupManagement] INFO  server.RaftServerConfigKeys (ConfUtils.java:logGet(46)) - raft.server.leaderelection.member.majority-add = false (default)
2024-08-15 10:19:13,454 [1b29c983-94d7-499d-bcc1-fd69fd0caba2-groupManagement] INFO  server.RaftServerConfigKeys (ConfUtils.java:logGet(46)) - raft.server.sleep.deviation.threshold = 300ms (default)
2024-08-15 10:19:13,454 [1b29c983-94d7-499d-bcc1-fd69fd0caba2-groupManagement] INFO  server.RaftServer$Division (ServerState.java:<init>(114)) - 1b29c983-94d7-499d-bcc1-fd69fd0caba2@group-F3A1F69E3608: ConfigurationManager, init=conf: {index: -1, cur=peers:[0e485a45-f52d-48d7-a7aa-3788f1251f10|127.0.0.1:15498, 38e4ed17-21fc-4cdd-a713-95c81e4a5ee7|127.0.0.1:15507, 1b29c983-94d7-499d-bcc1-fd69fd0caba2|127.0.0.1:15489]|listeners:[], old=null}, confs=<EMPTY_MAP>
2024-08-15 10:19:13,454 [1b29c983-94d7-499d-bcc1-fd69fd0caba2-groupManagement] INFO  server.RaftServerConfigKeys (ConfUtils.java:logGet(46)) - raft.server.notification.no-leader.timeout = 300000ms (custom)
2024-08-15 10:19:13,454 [1b29c983-94d7-499d-bcc1-fd69fd0caba2-groupManagement] INFO  server.RaftServerConfigKeys (ConfUtils.java:logGet(46)) - raft.server.read.timeout = 10s (default)
2024-08-15 10:19:13,454 [1b29c983-94d7-499d-bcc1-fd69fd0caba2-groupManagement] INFO  server.RaftServerConfigKeys (ConfUtils.java:logGet(46)) - raft.server.retrycache.expirytime = 600000ms (custom)
2024-08-15 10:19:13,454 [1b29c983-94d7-499d-bcc1-fd69fd0caba2-groupManagement] INFO  server.RaftServerConfigKeys (ConfUtils.java:logGet(46)) - raft.server.retrycache.statistics.expirytime = 100ms (default)
2024-08-15 10:19:13,454 [1b29c983-94d7-499d-bcc1-fd69fd0caba2-groupManagement] INFO  server.RaftServerConfigKeys (ConfUtils.java:logGet(46)) - raft.server.read.option = DEFAULT (default)
2024-08-15 10:19:13,454 [1b29c983-94d7-499d-bcc1-fd69fd0caba2-groupManagement] INFO  server.RaftServerConfigKeys (ConfUtils.java:logGet(46)) - raft.server.read.read-after-write-consistent.write-index-cache.expiry-time = 60s (default)
2024-08-15 10:19:13,455 [1b29c983-94d7-499d-bcc1-fd69fd0caba2-groupManagement] INFO  server.RaftServerConfigKeys (ConfUtils.java:logGet(46)) - raft.server.rpc.request.timeout = 3000ms (default)
2024-08-15 10:19:13,455 [1b29c983-94d7-499d-bcc1-fd69fd0caba2-groupManagement] INFO  server.RaftServerConfigKeys (ConfUtils.java:logGet(46)) - raft.server.log.appender.install.snapshot.enabled = false (custom)
2024-08-15 10:19:13,455 [1b29c983-94d7-499d-bcc1-fd69fd0caba2-groupManagement] INFO  server.RaftServerConfigKeys (ConfUtils.java:logGet(46)) - raft.server.threadpool.server.cached = true (default)
2024-08-15 10:19:13,455 [1b29c983-94d7-499d-bcc1-fd69fd0caba2-groupManagement] INFO  server.RaftServerConfigKeys (ConfUtils.java:logGet(46)) - raft.server.threadpool.server.size = 0 (default)
2024-08-15 10:19:13,455 [1b29c983-94d7-499d-bcc1-fd69fd0caba2-groupManagement] INFO  server.RaftServerConfigKeys (ConfUtils.java:logGet(46)) - raft.server.threadpool.client.cached = true (default)
2024-08-15 10:19:13,455 [1b29c983-94d7-499d-bcc1-fd69fd0caba2-groupManagement] INFO  server.RaftServerConfigKeys (ConfUtils.java:logGet(46)) - raft.server.threadpool.client.size = 0 (default)
2024-08-15 10:19:13,455 [1b29c983-94d7-499d-bcc1-fd69fd0caba2-groupManagement] INFO  server.RaftServerConfigKeys (ConfUtils.java:logGet(46)) - raft.server.storage.free-space.min = 0MB (=0) (default)
2024-08-15 10:19:13,455 [1b29c983-94d7-499d-bcc1-fd69fd0caba2-groupManagement] INFO  server.RaftServerConfigKeys (ConfUtils.java:logGet(46)) - raft.server.log.corruption.policy = EXCEPTION (default)
2024-08-15 10:19:13,455 [1b29c983-94d7-499d-bcc1-fd69fd0caba2-groupManagement] INFO  server.RaftServerConfigKeys (ConfUtils.java:logGet(46)) - raft.server.storage.dir = [/home/runner/work/ozone/ozone/hadoop-ozone/integration-test/target/test-dir/MiniOzoneClusterImpl-71195f16-0443-47ad-abb9-7568f4d0400c/ozone-meta/datanode-1/ratis] (custom)
2024-08-15 10:19:13,456 [1b29c983-94d7-499d-bcc1-fd69fd0caba2-groupManagement] INFO  storage.RaftStorageDirectory (RaftStorageDirectoryImpl.java:analyzeStorage(138)) - The storage directory /home/runner/work/ozone/ozone/hadoop-ozone/integration-test/target/test-dir/MiniOzoneClusterImpl-71195f16-0443-47ad-abb9-7568f4d0400c/ozone-meta/datanode-1/ratis/c9310d2b-7914-4315-bb6f-f3a1f69e3608 does not exist. Creating ...
2024-08-15 10:19:13,457 [1b29c983-94d7-499d-bcc1-fd69fd0caba2-groupManagement] INFO  storage.RaftStorageDirectory (RaftStorageDirectoryImpl.java:tryLock(229)) - Lock on /home/runner/work/ozone/ozone/hadoop-ozone/integration-test/target/test-dir/MiniOzoneClusterImpl-71195f16-0443-47ad-abb9-7568f4d0400c/ozone-meta/datanode-1/ratis/c9310d2b-7914-4315-bb6f-f3a1f69e3608/in_use.lock acquired by nodename 113339@fv-az1107-352
2024-08-15 10:19:13,458 [1b29c983-94d7-499d-bcc1-fd69fd0caba2-groupManagement] INFO  storage.RaftStorage (RaftStorageImpl.java:format(98)) - Storage directory /home/runner/work/ozone/ozone/hadoop-ozone/integration-test/target/test-dir/MiniOzoneClusterImpl-71195f16-0443-47ad-abb9-7568f4d0400c/ozone-meta/datanode-1/ratis/c9310d2b-7914-4315-bb6f-f3a1f69e3608 has been successfully formatted.
2024-08-15 10:19:13,458 [1b29c983-94d7-499d-bcc1-fd69fd0caba2-groupManagement] INFO  ratis.ContainerStateMachine (ContainerStateMachine.java:loadSnapshot(295)) - group-F3A1F69E3608: The snapshot info is null. Setting the last applied index to:(t:0, i:~)
2024-08-15 10:19:13,458 [1b29c983-94d7-499d-bcc1-fd69fd0caba2-groupManagement] INFO  server.RaftServerConfigKeys (ConfUtils.java:logGet(46)) - raft.server.log.use.memory = false (default)
2024-08-15 10:19:13,458 [1b29c983-94d7-499d-bcc1-fd69fd0caba2-groupManagement] INFO  server.RaftServerConfigKeys (ConfUtils.java:logGet(46)) - raft.server.log.purge.gap = 1000000 (custom)
2024-08-15 10:19:13,458 [1b29c983-94d7-499d-bcc1-fd69fd0caba2-groupManagement] INFO  server.RaftServerConfigKeys (ConfUtils.java:logGet(46)) - raft.server.log.appender.buffer.byte-limit = 8388608 (custom)
2024-08-15 10:19:13,458 [1b29c983-94d7-499d-bcc1-fd69fd0caba2-groupManagement] INFO  server.RaftServerConfigKeys (ConfUtils.java:logGet(46)) - raft.server.log.statemachine.data.read.timeout = 1000ms (default)
2024-08-15 10:19:13,458 [EventQueue-OpenPipelineForHealthyPipelineSafeModeRule] INFO  safemode.SCMSafeModeManager (HealthyPipelineSafeModeRule.java:process(140)) - SCM in safe mode. Healthy pipelines reported count is 0, required healthy pipeline reported count is 1
2024-08-15 10:19:13,459 [1b29c983-94d7-499d-bcc1-fd69fd0caba2-groupManagement] INFO  server.RaftServerConfigKeys (ConfUtils.java:logGet(46)) - raft.server.log.purge.preservation.log.num = 0 (default)
2024-08-15 10:19:13,459 [1b29c983-94d7-499d-bcc1-fd69fd0caba2-groupManagement] INFO  server.RaftServerConfigKeys (ConfUtils.java:logGet(46)) - raft.server.log.segment.size.max = 67108864 (custom)
2024-08-15 10:19:13,459 [1b29c983-94d7-499d-bcc1-fd69fd0caba2-groupManagement] INFO  server.RaftServerConfigKeys (ConfUtils.java:logGet(46)) - raft.server.log.segment.cache.num.max = 2 (custom)
2024-08-15 10:19:13,459 [1b29c983-94d7-499d-bcc1-fd69fd0caba2-groupManagement] INFO  server.RaftServerConfigKeys (ConfUtils.java:logGet(46)) - raft.server.log.segment.cache.size.max = 200MB (=209715200) (default)
2024-08-15 10:19:13,459 [1b29c983-94d7-499d-bcc1-fd69fd0caba2-groupManagement] INFO  server.RaftServerConfigKeys (ConfUtils.java:logGet(46)) - raft.server.log.appender.buffer.byte-limit = 8388608 (custom)
2024-08-15 10:19:13,460 [1b29c983-94d7-499d-bcc1-fd69fd0caba2-groupManagement] INFO  util.AwaitToRun (AwaitToRun.java:start(81)) - Thread[1b29c983-94d7-499d-bcc1-fd69fd0caba2@group-F3A1F69E3608-cacheEviction-AwaitToRun,5,main] started
2024-08-15 10:19:13,460 [1b29c983-94d7-499d-bcc1-fd69fd0caba2-groupManagement] INFO  segmented.SegmentedRaftLogWorker (SegmentedRaftLogWorker.java:<init>(184)) - new 1b29c983-94d7-499d-bcc1-fd69fd0caba2@group-F3A1F69E3608-SegmentedRaftLogWorker for RaftStorageImpl:Storage Directory /home/runner/work/ozone/ozone/hadoop-ozone/integration-test/target/test-dir/MiniOzoneClusterImpl-71195f16-0443-47ad-abb9-7568f4d0400c/ozone-meta/datanode-1/ratis/c9310d2b-7914-4315-bb6f-f3a1f69e3608
2024-08-15 10:19:13,460 [1b29c983-94d7-499d-bcc1-fd69fd0caba2-groupManagement] INFO  server.RaftServerConfigKeys (ConfUtils.java:logGet(46)) - raft.server.log.queue.byte-limit = 4294967296 (custom)
2024-08-15 10:19:13,460 [1b29c983-94d7-499d-bcc1-fd69fd0caba2-groupManagement] INFO  server.RaftServerConfigKeys (ConfUtils.java:logGet(46)) - raft.server.log.queue.element-limit = 1024 (custom)
2024-08-15 10:19:13,460 [1b29c983-94d7-499d-bcc1-fd69fd0caba2-groupManagement] INFO  server.RaftServerConfigKeys (ConfUtils.java:logGet(46)) - raft.server.log.segment.size.max = 67108864 (custom)
2024-08-15 10:19:13,460 [1b29c983-94d7-499d-bcc1-fd69fd0caba2-groupManagement] INFO  server.RaftServerConfigKeys (ConfUtils.java:logGet(46)) - raft.server.log.preallocated.size = 4194304 (custom)
2024-08-15 10:19:13,460 [1b29c983-94d7-499d-bcc1-fd69fd0caba2-groupManagement] INFO  server.RaftServerConfigKeys (ConfUtils.java:logGet(46)) - raft.server.log.force.sync.num = 128 (default)
2024-08-15 10:19:13,460 [1b29c983-94d7-499d-bcc1-fd69fd0caba2-groupManagement] INFO  server.RaftServerConfigKeys (ConfUtils.java:logGet(46)) - raft.server.log.statemachine.data.sync = true (default)
2024-08-15 10:19:13,460 [1b29c983-94d7-499d-bcc1-fd69fd0caba2-groupManagement] INFO  server.RaftServerConfigKeys (ConfUtils.java:logGet(46)) - raft.server.log.statemachine.data.sync.timeout = 10s (default)
2024-08-15 10:19:13,460 [1b29c983-94d7-499d-bcc1-fd69fd0caba2-groupManagement] INFO  server.RaftServerConfigKeys (ConfUtils.java:logGet(46)) - raft.server.log.statemachine.data.sync.timeout.retry = 30 (custom)
2024-08-15 10:19:13,460 [1b29c983-94d7-499d-bcc1-fd69fd0caba2-groupManagement] INFO  server.RaftServerConfigKeys (ConfUtils.java:logGet(46)) - raft.server.log.write.buffer.size = 8388616 (custom)
2024-08-15 10:19:13,461 [1b29c983-94d7-499d-bcc1-fd69fd0caba2-groupManagement] INFO  server.RaftServerConfigKeys (ConfUtils.java:logGet(46)) - raft.server.log.appender.buffer.byte-limit = 8388608 (custom)
2024-08-15 10:19:13,461 [1b29c983-94d7-499d-bcc1-fd69fd0caba2-groupManagement] INFO  server.RaftServerConfigKeys (ConfUtils.java:logGet(46)) - raft.server.log.unsafe-flush.enabled = false (default)
2024-08-15 10:19:13,461 [1b29c983-94d7-499d-bcc1-fd69fd0caba2-groupManagement] INFO  server.RaftServerConfigKeys (ConfUtils.java:logGet(46)) - raft.server.log.async-flush.enabled = false (default)
2024-08-15 10:19:13,461 [1b29c983-94d7-499d-bcc1-fd69fd0caba2-groupManagement] INFO  server.RaftServerConfigKeys (ConfUtils.java:logGet(46)) - raft.server.log.statemachine.data.caching.enabled = true (custom)
2024-08-15 10:19:13,461 [1b29c983-94d7-499d-bcc1-fd69fd0caba2-groupManagement] INFO  segmented.SegmentedRaftLogWorker (SegmentedRaftLogWorker.java:lambda$new$0(135)) - 1b29c983-94d7-499d-bcc1-fd69fd0caba2@group-F3A1F69E3608-SegmentedRaftLogWorker: flushIndex: setUnconditionally 0 -> -1
2024-08-15 10:19:13,461 [1b29c983-94d7-499d-bcc1-fd69fd0caba2-groupManagement] INFO  segmented.SegmentedRaftLogWorker (SegmentedRaftLogWorker.java:lambda$new$0(135)) - 1b29c983-94d7-499d-bcc1-fd69fd0caba2@group-F3A1F69E3608-SegmentedRaftLogWorker: safeCacheEvictIndex: setUnconditionally 0 -> -1
2024-08-15 10:19:13,461 [1b29c983-94d7-499d-bcc1-fd69fd0caba2-groupManagement] INFO  server.RaftServer$Division (RaftServerImpl.java:start(389)) - 1b29c983-94d7-499d-bcc1-fd69fd0caba2@group-F3A1F69E3608: start as a follower, conf=conf: {index: -1, cur=peers:[0e485a45-f52d-48d7-a7aa-3788f1251f10|127.0.0.1:15498, 38e4ed17-21fc-4cdd-a713-95c81e4a5ee7|127.0.0.1:15507, 1b29c983-94d7-499d-bcc1-fd69fd0caba2|127.0.0.1:15489]|listeners:[], old=null}
2024-08-15 10:19:13,461 [1b29c983-94d7-499d-bcc1-fd69fd0caba2-groupManagement] INFO  server.RaftServer$Division (RaftServerImpl.java:setRole(376)) - 1b29c983-94d7-499d-bcc1-fd69fd0caba2@group-F3A1F69E3608: changes role from      null to FOLLOWER at term 0 for startAsFollower
2024-08-15 10:19:13,461 [1b29c983-94d7-499d-bcc1-fd69fd0caba2-groupManagement] INFO  impl.RoleInfo (RoleInfo.java:updateAndGet(148)) - 1b29c983-94d7-499d-bcc1-fd69fd0caba2: start 1b29c983-94d7-499d-bcc1-fd69fd0caba2@group-F3A1F69E3608-FollowerState
2024-08-15 10:19:13,461 [1b29c983-94d7-499d-bcc1-fd69fd0caba2-groupManagement] INFO  util.JmxRegister (JmxRegister.java:tryRegister(44)) - Successfully registered JMX Bean with object name Ratis:service=RaftServer,group=group-F3A1F69E3608,id=1b29c983-94d7-499d-bcc1-fd69fd0caba2
2024-08-15 10:19:13,461 [1b29c983-94d7-499d-bcc1-fd69fd0caba2-groupManagement] INFO  util.JmxRegister (JmxRegister.java:register(58)) - register mxBean class org.apache.ratis.server.impl.RaftServerJmxAdapter as Ratis:service=RaftServer,group=group-F3A1F69E3608,id=1b29c983-94d7-499d-bcc1-fd69fd0caba2
2024-08-15 10:19:13,461 [1b29c983-94d7-499d-bcc1-fd69fd0caba2-groupManagement] INFO  server.RaftServerConfigKeys (ConfUtils.java:logGet(46)) - raft.server.snapshot.trigger-when-stop.enabled = true (default)
2024-08-15 10:19:13,461 [1b29c983-94d7-499d-bcc1-fd69fd0caba2-groupManagement] INFO  server.RaftServerConfigKeys (ConfUtils.java:logGet(46)) - raft.server.snapshot.trigger-when-remove.enabled = true (default)
2024-08-15 10:19:13,462 [1b29c983-94d7-499d-bcc1-fd69fd0caba2-groupManagement] INFO  server.RaftServerConfigKeys (ConfUtils.java:logGet(46)) - raft.server.snapshot.auto.trigger.enabled = true (custom)
2024-08-15 10:19:13,462 [1b29c983-94d7-499d-bcc1-fd69fd0caba2-groupManagement] INFO  server.RaftServerConfigKeys (ConfUtils.java:logGet(46)) - raft.server.snapshot.auto.trigger.threshold = 10000 (custom)
2024-08-15 10:19:13,462 [1b29c983-94d7-499d-bcc1-fd69fd0caba2-groupManagement] INFO  server.RaftServerConfigKeys (ConfUtils.java:logGet(46)) - raft.server.snapshot.retention.file.num = 5 (custom)
2024-08-15 10:19:13,462 [1b29c983-94d7-499d-bcc1-fd69fd0caba2-groupManagement] INFO  server.RaftServerConfigKeys (ConfUtils.java:logGet(46)) - raft.server.log.purge.upto.snapshot.index = false (default)
2024-08-15 10:19:13,461 [1b29c983-94d7-499d-bcc1-fd69fd0caba2@group-F3A1F69E3608-FollowerState] INFO  server.RaftServerConfigKeys (ConfUtils.java:logFallback(53)) - raft.server.rpc.first-election.timeout.min = 5s (fallback to raft.server.rpc.timeout.min)
2024-08-15 10:19:13,462 [1b29c983-94d7-499d-bcc1-fd69fd0caba2@group-F3A1F69E3608-FollowerState] INFO  server.RaftServerConfigKeys (ConfUtils.java:logFallback(53)) - raft.server.rpc.first-election.timeout.max = 5200ms (fallback to raft.server.rpc.timeout.max)
2024-08-15 10:19:13,468 [1b29c983-94d7-499d-bcc1-fd69fd0caba2-PipelineCommandHandlerThread-0] INFO  ratis.XceiverServerRatis (XceiverServerRatis.java:addGroup(850)) - Created group PipelineID=c9310d2b-7914-4315-bb6f-f3a1f69e3608
2024-08-15 10:19:13,471 [grpc-default-executor-0] INFO  server.RaftServer (RaftServerProxy.java:addNew(101)) - 38e4ed17-21fc-4cdd-a713-95c81e4a5ee7: addNew group-F3A1F69E3608:[0e485a45-f52d-48d7-a7aa-3788f1251f10|127.0.0.1:15498, 38e4ed17-21fc-4cdd-a713-95c81e4a5ee7|127.0.0.1:15507, 1b29c983-94d7-499d-bcc1-fd69fd0caba2|127.0.0.1:15489] returns group-F3A1F69E3608:java.util.concurrent.CompletableFuture@170cadf4[Not completed]
2024-08-15 10:19:13,472 [38e4ed17-21fc-4cdd-a713-95c81e4a5ee7-groupManagement] INFO  server.RaftServer$Division (RaftServerImpl.java:<init>(253)) - 38e4ed17-21fc-4cdd-a713-95c81e4a5ee7: new RaftServerImpl for group-F3A1F69E3608:[0e485a45-f52d-48d7-a7aa-3788f1251f10|127.0.0.1:15498, 38e4ed17-21fc-4cdd-a713-95c81e4a5ee7|127.0.0.1:15507, 1b29c983-94d7-499d-bcc1-fd69fd0caba2|127.0.0.1:15489] with ContainerStateMachine:uninitialized
2024-08-15 10:19:13,472 [38e4ed17-21fc-4cdd-a713-95c81e4a5ee7-groupManagement] INFO  server.RaftServerConfigKeys (ConfUtils.java:logGet(46)) - raft.server.rpc.timeout.min = 5s (custom)
2024-08-15 10:19:13,472 [38e4ed17-21fc-4cdd-a713-95c81e4a5ee7-groupManagement] INFO  server.RaftServerConfigKeys (ConfUtils.java:logGet(46)) - raft.server.rpc.timeout.max = 5200ms (custom)
2024-08-15 10:19:13,472 [38e4ed17-21fc-4cdd-a713-95c81e4a5ee7-groupManagement] INFO  server.RaftServerConfigKeys (ConfUtils.java:logGet(46)) - raft.server.rpc.sleep.time = 25ms (default)
2024-08-15 10:19:13,473 [38e4ed17-21fc-4cdd-a713-95c81e4a5ee7-groupManagement] INFO  server.RaftServerConfigKeys (ConfUtils.java:logGet(46)) - raft.server.rpc.slowness.timeout = 300000ms (custom)
2024-08-15 10:19:13,473 [38e4ed17-21fc-4cdd-a713-95c81e4a5ee7-groupManagement] INFO  server.RaftServerConfigKeys (ConfUtils.java:logGet(46)) - raft.server.leaderelection.leader.step-down.wait-time = 10s (default)
2024-08-15 10:19:13,473 [38e4ed17-21fc-4cdd-a713-95c81e4a5ee7-groupManagement] INFO  server.RaftServerConfigKeys (ConfUtils.java:logGet(46)) - raft.server.leaderelection.member.majority-add = false (default)
2024-08-15 10:19:13,473 [38e4ed17-21fc-4cdd-a713-95c81e4a5ee7-groupManagement] INFO  server.RaftServerConfigKeys (ConfUtils.java:logGet(46)) - raft.server.sleep.deviation.threshold = 300ms (default)
2024-08-15 10:19:13,473 [38e4ed17-21fc-4cdd-a713-95c81e4a5ee7-groupManagement] INFO  server.RaftServer$Division (ServerState.java:<init>(114)) - 38e4ed17-21fc-4cdd-a713-95c81e4a5ee7@group-F3A1F69E3608: ConfigurationManager, init=conf: {index: -1, cur=peers:[0e485a45-f52d-48d7-a7aa-3788f1251f10|127.0.0.1:15498, 38e4ed17-21fc-4cdd-a713-95c81e4a5ee7|127.0.0.1:15507, 1b29c983-94d7-499d-bcc1-fd69fd0caba2|127.0.0.1:15489]|listeners:[], old=null}, confs=<EMPTY_MAP>
2024-08-15 10:19:13,473 [38e4ed17-21fc-4cdd-a713-95c81e4a5ee7-groupManagement] INFO  server.RaftServerConfigKeys (ConfUtils.java:logGet(46)) - raft.server.notification.no-leader.timeout = 300000ms (custom)
2024-08-15 10:19:13,473 [38e4ed17-21fc-4cdd-a713-95c81e4a5ee7-groupManagement] INFO  server.RaftServerConfigKeys (ConfUtils.java:logGet(46)) - raft.server.read.timeout = 10s (default)
2024-08-15 10:19:13,473 [38e4ed17-21fc-4cdd-a713-95c81e4a5ee7-groupManagement] INFO  server.RaftServerConfigKeys (ConfUtils.java:logGet(46)) - raft.server.retrycache.expirytime = 600000ms (custom)
2024-08-15 10:19:13,473 [38e4ed17-21fc-4cdd-a713-95c81e4a5ee7-groupManagement] INFO  server.RaftServerConfigKeys (ConfUtils.java:logGet(46)) - raft.server.retrycache.statistics.expirytime = 100ms (default)
2024-08-15 10:19:13,473 [38e4ed17-21fc-4cdd-a713-95c81e4a5ee7-groupManagement] INFO  server.RaftServerConfigKeys (ConfUtils.java:logGet(46)) - raft.server.read.option = DEFAULT (default)
2024-08-15 10:19:13,473 [38e4ed17-21fc-4cdd-a713-95c81e4a5ee7-groupManagement] INFO  server.RaftServerConfigKeys (ConfUtils.java:logGet(46)) - raft.server.read.read-after-write-consistent.write-index-cache.expiry-time = 60s (default)
2024-08-15 10:19:13,474 [38e4ed17-21fc-4cdd-a713-95c81e4a5ee7-groupManagement] INFO  server.RaftServerConfigKeys (ConfUtils.java:logGet(46)) - raft.server.rpc.request.timeout = 3000ms (default)
2024-08-15 10:19:13,474 [38e4ed17-21fc-4cdd-a713-95c81e4a5ee7-groupManagement] INFO  server.RaftServerConfigKeys (ConfUtils.java:logGet(46)) - raft.server.log.appender.install.snapshot.enabled = false (custom)
2024-08-15 10:19:13,474 [38e4ed17-21fc-4cdd-a713-95c81e4a5ee7-groupManagement] INFO  server.RaftServerConfigKeys (ConfUtils.java:logGet(46)) - raft.server.threadpool.server.cached = true (default)
2024-08-15 10:19:13,474 [38e4ed17-21fc-4cdd-a713-95c81e4a5ee7-groupManagement] INFO  server.RaftServerConfigKeys (ConfUtils.java:logGet(46)) - raft.server.threadpool.server.size = 0 (default)
2024-08-15 10:19:13,474 [38e4ed17-21fc-4cdd-a713-95c81e4a5ee7-groupManagement] INFO  server.RaftServerConfigKeys (ConfUtils.java:logGet(46)) - raft.server.threadpool.client.cached = true (default)
2024-08-15 10:19:13,474 [38e4ed17-21fc-4cdd-a713-95c81e4a5ee7-groupManagement] INFO  server.RaftServerConfigKeys (ConfUtils.java:logGet(46)) - raft.server.threadpool.client.size = 0 (default)
2024-08-15 10:19:13,474 [38e4ed17-21fc-4cdd-a713-95c81e4a5ee7-groupManagement] INFO  server.RaftServerConfigKeys (ConfUtils.java:logGet(46)) - raft.server.storage.free-space.min = 0MB (=0) (default)
2024-08-15 10:19:13,474 [38e4ed17-21fc-4cdd-a713-95c81e4a5ee7-groupManagement] INFO  server.RaftServerConfigKeys (ConfUtils.java:logGet(46)) - raft.server.log.corruption.policy = EXCEPTION (default)
2024-08-15 10:19:13,474 [38e4ed17-21fc-4cdd-a713-95c81e4a5ee7-groupManagement] INFO  server.RaftServerConfigKeys (ConfUtils.java:logGet(46)) - raft.server.storage.dir = [/home/runner/work/ozone/ozone/hadoop-ozone/integration-test/target/test-dir/MiniOzoneClusterImpl-71195f16-0443-47ad-abb9-7568f4d0400c/ozone-meta/datanode-3/ratis] (custom)
2024-08-15 10:19:13,474 [38e4ed17-21fc-4cdd-a713-95c81e4a5ee7-groupManagement] INFO  storage.RaftStorageDirectory (RaftStorageDirectoryImpl.java:analyzeStorage(138)) - The storage directory /home/runner/work/ozone/ozone/hadoop-ozone/integration-test/target/test-dir/MiniOzoneClusterImpl-71195f16-0443-47ad-abb9-7568f4d0400c/ozone-meta/datanode-3/ratis/c9310d2b-7914-4315-bb6f-f3a1f69e3608 does not exist. Creating ...
2024-08-15 10:19:13,475 [38e4ed17-21fc-4cdd-a713-95c81e4a5ee7-groupManagement] INFO  storage.RaftStorageDirectory (RaftStorageDirectoryImpl.java:tryLock(229)) - Lock on /home/runner/work/ozone/ozone/hadoop-ozone/integration-test/target/test-dir/MiniOzoneClusterImpl-71195f16-0443-47ad-abb9-7568f4d0400c/ozone-meta/datanode-3/ratis/c9310d2b-7914-4315-bb6f-f3a1f69e3608/in_use.lock acquired by nodename 113339@fv-az1107-352
2024-08-15 10:19:13,476 [38e4ed17-21fc-4cdd-a713-95c81e4a5ee7-groupManagement] INFO  storage.RaftStorage (RaftStorageImpl.java:format(98)) - Storage directory /home/runner/work/ozone/ozone/hadoop-ozone/integration-test/target/test-dir/MiniOzoneClusterImpl-71195f16-0443-47ad-abb9-7568f4d0400c/ozone-meta/datanode-3/ratis/c9310d2b-7914-4315-bb6f-f3a1f69e3608 has been successfully formatted.
2024-08-15 10:19:13,476 [38e4ed17-21fc-4cdd-a713-95c81e4a5ee7-groupManagement] INFO  ratis.ContainerStateMachine (ContainerStateMachine.java:loadSnapshot(295)) - group-F3A1F69E3608: The snapshot info is null. Setting the last applied index to:(t:0, i:~)
2024-08-15 10:19:13,476 [38e4ed17-21fc-4cdd-a713-95c81e4a5ee7-groupManagement] INFO  server.RaftServerConfigKeys (ConfUtils.java:logGet(46)) - raft.server.log.use.memory = false (default)
2024-08-15 10:19:13,477 [38e4ed17-21fc-4cdd-a713-95c81e4a5ee7-groupManagement] INFO  server.RaftServerConfigKeys (ConfUtils.java:logGet(46)) - raft.server.log.purge.gap = 1000000 (custom)
2024-08-15 10:19:13,477 [38e4ed17-21fc-4cdd-a713-95c81e4a5ee7-groupManagement] INFO  server.RaftServerConfigKeys (ConfUtils.java:logGet(46)) - raft.server.log.appender.buffer.byte-limit = 8388608 (custom)
2024-08-15 10:19:13,477 [38e4ed17-21fc-4cdd-a713-95c81e4a5ee7-groupManagement] INFO  server.RaftServerConfigKeys (ConfUtils.java:logGet(46)) - raft.server.log.statemachine.data.read.timeout = 1000ms (default)
2024-08-15 10:19:13,477 [38e4ed17-21fc-4cdd-a713-95c81e4a5ee7-groupManagement] INFO  server.RaftServerConfigKeys (ConfUtils.java:logGet(46)) - raft.server.log.purge.preservation.log.num = 0 (default)
2024-08-15 10:19:13,477 [38e4ed17-21fc-4cdd-a713-95c81e4a5ee7-groupManagement] INFO  server.RaftServerConfigKeys (ConfUtils.java:logGet(46)) - raft.server.log.segment.size.max = 67108864 (custom)
2024-08-15 10:19:13,477 [38e4ed17-21fc-4cdd-a713-95c81e4a5ee7-groupManagement] INFO  server.RaftServerConfigKeys (ConfUtils.java:logGet(46)) - raft.server.log.segment.cache.num.max = 2 (custom)
2024-08-15 10:19:13,478 [38e4ed17-21fc-4cdd-a713-95c81e4a5ee7-groupManagement] INFO  server.RaftServerConfigKeys (ConfUtils.java:logGet(46)) - raft.server.log.segment.cache.size.max = 200MB (=209715200) (default)
2024-08-15 10:19:13,478 [38e4ed17-21fc-4cdd-a713-95c81e4a5ee7-groupManagement] INFO  server.RaftServerConfigKeys (ConfUtils.java:logGet(46)) - raft.server.log.appender.buffer.byte-limit = 8388608 (custom)
2024-08-15 10:19:13,478 [38e4ed17-21fc-4cdd-a713-95c81e4a5ee7-groupManagement] INFO  util.AwaitToRun (AwaitToRun.java:start(81)) - Thread[38e4ed17-21fc-4cdd-a713-95c81e4a5ee7@group-F3A1F69E3608-cacheEviction-AwaitToRun,5,main] started
2024-08-15 10:19:13,478 [38e4ed17-21fc-4cdd-a713-95c81e4a5ee7-groupManagement] INFO  segmented.SegmentedRaftLogWorker (SegmentedRaftLogWorker.java:<init>(184)) - new 38e4ed17-21fc-4cdd-a713-95c81e4a5ee7@group-F3A1F69E3608-SegmentedRaftLogWorker for RaftStorageImpl:Storage Directory /home/runner/work/ozone/ozone/hadoop-ozone/integration-test/target/test-dir/MiniOzoneClusterImpl-71195f16-0443-47ad-abb9-7568f4d0400c/ozone-meta/datanode-3/ratis/c9310d2b-7914-4315-bb6f-f3a1f69e3608
2024-08-15 10:19:13,478 [38e4ed17-21fc-4cdd-a713-95c81e4a5ee7-groupManagement] INFO  server.RaftServerConfigKeys (ConfUtils.java:logGet(46)) - raft.server.log.queue.byte-limit = 4294967296 (custom)
2024-08-15 10:19:13,478 [38e4ed17-21fc-4cdd-a713-95c81e4a5ee7-groupManagement] INFO  server.RaftServerConfigKeys (ConfUtils.java:logGet(46)) - raft.server.log.queue.element-limit = 1024 (custom)
2024-08-15 10:19:13,478 [38e4ed17-21fc-4cdd-a713-95c81e4a5ee7-groupManagement] INFO  server.RaftServerConfigKeys (ConfUtils.java:logGet(46)) - raft.server.log.segment.size.max = 67108864 (custom)
2024-08-15 10:19:13,478 [38e4ed17-21fc-4cdd-a713-95c81e4a5ee7-groupManagement] INFO  server.RaftServerConfigKeys (ConfUtils.java:logGet(46)) - raft.server.log.preallocated.size = 4194304 (custom)
2024-08-15 10:19:13,478 [38e4ed17-21fc-4cdd-a713-95c81e4a5ee7-groupManagement] INFO  server.RaftServerConfigKeys (ConfUtils.java:logGet(46)) - raft.server.log.force.sync.num = 128 (default)
2024-08-15 10:19:13,478 [38e4ed17-21fc-4cdd-a713-95c81e4a5ee7-groupManagement] INFO  server.RaftServerConfigKeys (ConfUtils.java:logGet(46)) - raft.server.log.statemachine.data.sync = true (default)
2024-08-15 10:19:13,478 [38e4ed17-21fc-4cdd-a713-95c81e4a5ee7-groupManagement] INFO  server.RaftServerConfigKeys (ConfUtils.java:logGet(46)) - raft.server.log.statemachine.data.sync.timeout = 10s (default)
2024-08-15 10:19:13,478 [38e4ed17-21fc-4cdd-a713-95c81e4a5ee7-groupManagement] INFO  server.RaftServerConfigKeys (ConfUtils.java:logGet(46)) - raft.server.log.statemachine.data.sync.timeout.retry = 30 (custom)
2024-08-15 10:19:13,478 [38e4ed17-21fc-4cdd-a713-95c81e4a5ee7-groupManagement] INFO  server.RaftServerConfigKeys (ConfUtils.java:logGet(46)) - raft.server.log.write.buffer.size = 8388616 (custom)
2024-08-15 10:19:13,479 [38e4ed17-21fc-4cdd-a713-95c81e4a5ee7-groupManagement] INFO  server.RaftServerConfigKeys (ConfUtils.java:logGet(46)) - raft.server.log.appender.buffer.byte-limit = 8388608 (custom)
2024-08-15 10:19:13,479 [38e4ed17-21fc-4cdd-a713-95c81e4a5ee7-groupManagement] INFO  server.RaftServerConfigKeys (ConfUtils.java:logGet(46)) - raft.server.log.unsafe-flush.enabled = false (default)
2024-08-15 10:19:13,479 [38e4ed17-21fc-4cdd-a713-95c81e4a5ee7-groupManagement] INFO  server.RaftServerConfigKeys (ConfUtils.java:logGet(46)) - raft.server.log.async-flush.enabled = false (default)
2024-08-15 10:19:13,479 [38e4ed17-21fc-4cdd-a713-95c81e4a5ee7-groupManagement] INFO  server.RaftServerConfigKeys (ConfUtils.java:logGet(46)) - raft.server.log.statemachine.data.caching.enabled = true (custom)
2024-08-15 10:19:13,479 [38e4ed17-21fc-4cdd-a713-95c81e4a5ee7-groupManagement] INFO  segmented.SegmentedRaftLogWorker (SegmentedRaftLogWorker.java:lambda$new$0(135)) - 38e4ed17-21fc-4cdd-a713-95c81e4a5ee7@group-F3A1F69E3608-SegmentedRaftLogWorker: flushIndex: setUnconditionally 0 -> -1
2024-08-15 10:19:13,479 [38e4ed17-21fc-4cdd-a713-95c81e4a5ee7-groupManagement] INFO  segmented.SegmentedRaftLogWorker (SegmentedRaftLogWorker.java:lambda$new$0(135)) - 38e4ed17-21fc-4cdd-a713-95c81e4a5ee7@group-F3A1F69E3608-SegmentedRaftLogWorker: safeCacheEvictIndex: setUnconditionally 0 -> -1
2024-08-15 10:19:13,479 [38e4ed17-21fc-4cdd-a713-95c81e4a5ee7-groupManagement] INFO  server.RaftServer$Division (RaftServerImpl.java:start(389)) - 38e4ed17-21fc-4cdd-a713-95c81e4a5ee7@group-F3A1F69E3608: start as a follower, conf=conf: {index: -1, cur=peers:[0e485a45-f52d-48d7-a7aa-3788f1251f10|127.0.0.1:15498, 38e4ed17-21fc-4cdd-a713-95c81e4a5ee7|127.0.0.1:15507, 1b29c983-94d7-499d-bcc1-fd69fd0caba2|127.0.0.1:15489]|listeners:[], old=null}
2024-08-15 10:19:13,479 [38e4ed17-21fc-4cdd-a713-95c81e4a5ee7-groupManagement] INFO  server.RaftServer$Division (RaftServerImpl.java:setRole(376)) - 38e4ed17-21fc-4cdd-a713-95c81e4a5ee7@group-F3A1F69E3608: changes role from      null to FOLLOWER at term 0 for startAsFollower
2024-08-15 10:19:13,479 [38e4ed17-21fc-4cdd-a713-95c81e4a5ee7-groupManagement] INFO  impl.RoleInfo (RoleInfo.java:updateAndGet(148)) - 38e4ed17-21fc-4cdd-a713-95c81e4a5ee7: start 38e4ed17-21fc-4cdd-a713-95c81e4a5ee7@group-F3A1F69E3608-FollowerState
2024-08-15 10:19:13,479 [38e4ed17-21fc-4cdd-a713-95c81e4a5ee7-groupManagement] INFO  util.JmxRegister (JmxRegister.java:tryRegister(44)) - Successfully registered JMX Bean with object name Ratis:service=RaftServer,group=group-F3A1F69E3608,id=38e4ed17-21fc-4cdd-a713-95c81e4a5ee7
2024-08-15 10:19:13,479 [38e4ed17-21fc-4cdd-a713-95c81e4a5ee7-groupManagement] INFO  util.JmxRegister (JmxRegister.java:register(58)) - register mxBean class org.apache.ratis.server.impl.RaftServerJmxAdapter as Ratis:service=RaftServer,group=group-F3A1F69E3608,id=38e4ed17-21fc-4cdd-a713-95c81e4a5ee7
2024-08-15 10:19:13,479 [38e4ed17-21fc-4cdd-a713-95c81e4a5ee7-groupManagement] INFO  server.RaftServerConfigKeys (ConfUtils.java:logGet(46)) - raft.server.snapshot.trigger-when-stop.enabled = true (default)
2024-08-15 10:19:13,479 [38e4ed17-21fc-4cdd-a713-95c81e4a5ee7-groupManagement] INFO  server.RaftServerConfigKeys (ConfUtils.java:logGet(46)) - raft.server.snapshot.trigger-when-remove.enabled = true (default)
2024-08-15 10:19:13,479 [38e4ed17-21fc-4cdd-a713-95c81e4a5ee7-groupManagement] INFO  server.RaftServerConfigKeys (ConfUtils.java:logGet(46)) - raft.server.snapshot.auto.trigger.enabled = true (custom)
2024-08-15 10:19:13,480 [38e4ed17-21fc-4cdd-a713-95c81e4a5ee7-groupManagement] INFO  server.RaftServerConfigKeys (ConfUtils.java:logGet(46)) - raft.server.snapshot.auto.trigger.threshold = 10000 (custom)
2024-08-15 10:19:13,480 [38e4ed17-21fc-4cdd-a713-95c81e4a5ee7-groupManagement] INFO  server.RaftServerConfigKeys (ConfUtils.java:logGet(46)) - raft.server.snapshot.retention.file.num = 5 (custom)
2024-08-15 10:19:13,480 [38e4ed17-21fc-4cdd-a713-95c81e4a5ee7-groupManagement] INFO  server.RaftServerConfigKeys (ConfUtils.java:logGet(46)) - raft.server.log.purge.upto.snapshot.index = false (default)
2024-08-15 10:19:13,480 [38e4ed17-21fc-4cdd-a713-95c81e4a5ee7@group-F3A1F69E3608-FollowerState] INFO  server.RaftServerConfigKeys (ConfUtils.java:logFallback(53)) - raft.server.rpc.first-election.timeout.min = 5s (fallback to raft.server.rpc.timeout.min)
2024-08-15 10:19:13,480 [38e4ed17-21fc-4cdd-a713-95c81e4a5ee7@group-F3A1F69E3608-FollowerState] INFO  server.RaftServerConfigKeys (ConfUtils.java:logFallback(53)) - raft.server.rpc.first-election.timeout.max = 5200ms (fallback to raft.server.rpc.timeout.max)
2024-08-15 10:19:13,484 [grpc-default-executor-0] INFO  server.RaftServer (RaftServerProxy.java:addNew(101)) - 0e485a45-f52d-48d7-a7aa-3788f1251f10: addNew group-F3A1F69E3608:[0e485a45-f52d-48d7-a7aa-3788f1251f10|127.0.0.1:15498, 38e4ed17-21fc-4cdd-a713-95c81e4a5ee7|127.0.0.1:15507, 1b29c983-94d7-499d-bcc1-fd69fd0caba2|127.0.0.1:15489] returns group-F3A1F69E3608:java.util.concurrent.CompletableFuture@6270b578[Not completed]
2024-08-15 10:19:13,485 [0e485a45-f52d-48d7-a7aa-3788f1251f10-groupManagement] INFO  server.RaftServer$Division (RaftServerImpl.java:<init>(253)) - 0e485a45-f52d-48d7-a7aa-3788f1251f10: new RaftServerImpl for group-F3A1F69E3608:[0e485a45-f52d-48d7-a7aa-3788f1251f10|127.0.0.1:15498, 38e4ed17-21fc-4cdd-a713-95c81e4a5ee7|127.0.0.1:15507, 1b29c983-94d7-499d-bcc1-fd69fd0caba2|127.0.0.1:15489] with ContainerStateMachine:uninitialized
2024-08-15 10:19:13,485 [0e485a45-f52d-48d7-a7aa-3788f1251f10-groupManagement] INFO  server.RaftServerConfigKeys (ConfUtils.java:logGet(46)) - raft.server.rpc.timeout.min = 5s (custom)
2024-08-15 10:19:13,485 [0e485a45-f52d-48d7-a7aa-3788f1251f10-groupManagement] INFO  server.RaftServerConfigKeys (ConfUtils.java:logGet(46)) - raft.server.rpc.timeout.max = 5200ms (custom)
2024-08-15 10:19:13,485 [0e485a45-f52d-48d7-a7aa-3788f1251f10-groupManagement] INFO  server.RaftServerConfigKeys (ConfUtils.java:logGet(46)) - raft.server.rpc.sleep.time = 25ms (default)
2024-08-15 10:19:13,485 [0e485a45-f52d-48d7-a7aa-3788f1251f10-groupManagement] INFO  server.RaftServerConfigKeys (ConfUtils.java:logGet(46)) - raft.server.rpc.slowness.timeout = 300000ms (custom)
2024-08-15 10:19:13,485 [0e485a45-f52d-48d7-a7aa-3788f1251f10-groupManagement] INFO  server.RaftServerConfigKeys (ConfUtils.java:logGet(46)) - raft.server.leaderelection.leader.step-down.wait-time = 10s (default)
2024-08-15 10:19:13,485 [0e485a45-f52d-48d7-a7aa-3788f1251f10-groupManagement] INFO  server.RaftServerConfigKeys (ConfUtils.java:logGet(46)) - raft.server.leaderelection.member.majority-add = false (default)
2024-08-15 10:19:13,485 [0e485a45-f52d-48d7-a7aa-3788f1251f10-groupManagement] INFO  server.RaftServerConfigKeys (ConfUtils.java:logGet(46)) - raft.server.sleep.deviation.threshold = 300ms (default)
2024-08-15 10:19:13,485 [0e485a45-f52d-48d7-a7aa-3788f1251f10-groupManagement] INFO  server.RaftServer$Division (ServerState.java:<init>(114)) - 0e485a45-f52d-48d7-a7aa-3788f1251f10@group-F3A1F69E3608: ConfigurationManager, init=conf: {index: -1, cur=peers:[0e485a45-f52d-48d7-a7aa-3788f1251f10|127.0.0.1:15498, 38e4ed17-21fc-4cdd-a713-95c81e4a5ee7|127.0.0.1:15507, 1b29c983-94d7-499d-bcc1-fd69fd0caba2|127.0.0.1:15489]|listeners:[], old=null}, confs=<EMPTY_MAP>
2024-08-15 10:19:13,485 [0e485a45-f52d-48d7-a7aa-3788f1251f10-groupManagement] INFO  server.RaftServerConfigKeys (ConfUtils.java:logGet(46)) - raft.server.notification.no-leader.timeout = 300000ms (custom)
2024-08-15 10:19:13,485 [0e485a45-f52d-48d7-a7aa-3788f1251f10-groupManagement] INFO  server.RaftServerConfigKeys (ConfUtils.java:logGet(46)) - raft.server.read.timeout = 10s (default)
2024-08-15 10:19:13,485 [0e485a45-f52d-48d7-a7aa-3788f1251f10-groupManagement] INFO  server.RaftServerConfigKeys (ConfUtils.java:logGet(46)) - raft.server.retrycache.expirytime = 600000ms (custom)
2024-08-15 10:19:13,485 [0e485a45-f52d-48d7-a7aa-3788f1251f10-groupManagement] INFO  server.RaftServerConfigKeys (ConfUtils.java:logGet(46)) - raft.server.retrycache.statistics.expirytime = 100ms (default)
2024-08-15 10:19:13,486 [0e485a45-f52d-48d7-a7aa-3788f1251f10-groupManagement] INFO  server.RaftServerConfigKeys (ConfUtils.java:logGet(46)) - raft.server.read.option = DEFAULT (default)
2024-08-15 10:19:13,486 [0e485a45-f52d-48d7-a7aa-3788f1251f10-groupManagement] INFO  server.RaftServerConfigKeys (ConfUtils.java:logGet(46)) - raft.server.read.read-after-write-consistent.write-index-cache.expiry-time = 60s (default)
2024-08-15 10:19:13,487 [0e485a45-f52d-48d7-a7aa-3788f1251f10-groupManagement] INFO  server.RaftServerConfigKeys (ConfUtils.java:logGet(46)) - raft.server.rpc.request.timeout = 3000ms (default)
2024-08-15 10:19:13,487 [0e485a45-f52d-48d7-a7aa-3788f1251f10-groupManagement] INFO  server.RaftServerConfigKeys (ConfUtils.java:logGet(46)) - raft.server.log.appender.install.snapshot.enabled = false (custom)
2024-08-15 10:19:13,487 [0e485a45-f52d-48d7-a7aa-3788f1251f10-groupManagement] INFO  server.RaftServerConfigKeys (ConfUtils.java:logGet(46)) - raft.server.threadpool.server.cached = true (default)
2024-08-15 10:19:13,487 [0e485a45-f52d-48d7-a7aa-3788f1251f10-groupManagement] INFO  server.RaftServerConfigKeys (ConfUtils.java:logGet(46)) - raft.server.threadpool.server.size = 0 (default)
2024-08-15 10:19:13,487 [0e485a45-f52d-48d7-a7aa-3788f1251f10-groupManagement] INFO  server.RaftServerConfigKeys (ConfUtils.java:logGet(46)) - raft.server.threadpool.client.cached = true (default)
2024-08-15 10:19:13,487 [0e485a45-f52d-48d7-a7aa-3788f1251f10-groupManagement] INFO  server.RaftServerConfigKeys (ConfUtils.java:logGet(46)) - raft.server.threadpool.client.size = 0 (default)
2024-08-15 10:19:13,487 [0e485a45-f52d-48d7-a7aa-3788f1251f10-groupManagement] INFO  server.RaftServerConfigKeys (ConfUtils.java:logGet(46)) - raft.server.storage.free-space.min = 0MB (=0) (default)
2024-08-15 10:19:13,487 [0e485a45-f52d-48d7-a7aa-3788f1251f10-groupManagement] INFO  server.RaftServerConfigKeys (ConfUtils.java:logGet(46)) - raft.server.log.corruption.policy = EXCEPTION (default)
2024-08-15 10:19:13,488 [0e485a45-f52d-48d7-a7aa-3788f1251f10-groupManagement] INFO  server.RaftServerConfigKeys (ConfUtils.java:logGet(46)) - raft.server.storage.dir = [/home/runner/work/ozone/ozone/hadoop-ozone/integration-test/target/test-dir/MiniOzoneClusterImpl-71195f16-0443-47ad-abb9-7568f4d0400c/ozone-meta/datanode-2/ratis] (custom)
2024-08-15 10:19:13,488 [0e485a45-f52d-48d7-a7aa-3788f1251f10-groupManagement] INFO  storage.RaftStorageDirectory (RaftStorageDirectoryImpl.java:analyzeStorage(138)) - The storage directory /home/runner/work/ozone/ozone/hadoop-ozone/integration-test/target/test-dir/MiniOzoneClusterImpl-71195f16-0443-47ad-abb9-7568f4d0400c/ozone-meta/datanode-2/ratis/c9310d2b-7914-4315-bb6f-f3a1f69e3608 does not exist. Creating ...
2024-08-15 10:19:13,489 [0e485a45-f52d-48d7-a7aa-3788f1251f10-groupManagement] INFO  storage.RaftStorageDirectory (RaftStorageDirectoryImpl.java:tryLock(229)) - Lock on /home/runner/work/ozone/ozone/hadoop-ozone/integration-test/target/test-dir/MiniOzoneClusterImpl-71195f16-0443-47ad-abb9-7568f4d0400c/ozone-meta/datanode-2/ratis/c9310d2b-7914-4315-bb6f-f3a1f69e3608/in_use.lock acquired by nodename 113339@fv-az1107-352
2024-08-15 10:19:13,489 [0e485a45-f52d-48d7-a7aa-3788f1251f10-groupManagement] INFO  storage.RaftStorage (RaftStorageImpl.java:format(98)) - Storage directory /home/runner/work/ozone/ozone/hadoop-ozone/integration-test/target/test-dir/MiniOzoneClusterImpl-71195f16-0443-47ad-abb9-7568f4d0400c/ozone-meta/datanode-2/ratis/c9310d2b-7914-4315-bb6f-f3a1f69e3608 has been successfully formatted.
2024-08-15 10:19:13,490 [0e485a45-f52d-48d7-a7aa-3788f1251f10-groupManagement] INFO  ratis.ContainerStateMachine (ContainerStateMachine.java:loadSnapshot(295)) - group-F3A1F69E3608: The snapshot info is null. Setting the last applied index to:(t:0, i:~)
2024-08-15 10:19:13,490 [0e485a45-f52d-48d7-a7aa-3788f1251f10-groupManagement] INFO  server.RaftServerConfigKeys (ConfUtils.java:logGet(46)) - raft.server.log.use.memory = false (default)
2024-08-15 10:19:13,490 [0e485a45-f52d-48d7-a7aa-3788f1251f10-groupManagement] INFO  server.RaftServerConfigKeys (ConfUtils.java:logGet(46)) - raft.server.log.purge.gap = 1000000 (custom)
2024-08-15 10:19:13,490 [0e485a45-f52d-48d7-a7aa-3788f1251f10-groupManagement] INFO  server.RaftServerConfigKeys (ConfUtils.java:logGet(46)) - raft.server.log.appender.buffer.byte-limit = 8388608 (custom)
2024-08-15 10:19:13,490 [0e485a45-f52d-48d7-a7aa-3788f1251f10-groupManagement] INFO  server.RaftServerConfigKeys (ConfUtils.java:logGet(46)) - raft.server.log.statemachine.data.read.timeout = 1000ms (default)
2024-08-15 10:19:13,490 [0e485a45-f52d-48d7-a7aa-3788f1251f10-groupManagement] INFO  server.RaftServerConfigKeys (ConfUtils.java:logGet(46)) - raft.server.log.purge.preservation.log.num = 0 (default)
2024-08-15 10:19:13,491 [0e485a45-f52d-48d7-a7aa-3788f1251f10-groupManagement] INFO  server.RaftServerConfigKeys (ConfUtils.java:logGet(46)) - raft.server.log.segment.size.max = 67108864 (custom)
2024-08-15 10:19:13,491 [0e485a45-f52d-48d7-a7aa-3788f1251f10-groupManagement] INFO  server.RaftServerConfigKeys (ConfUtils.java:logGet(46)) - raft.server.log.segment.cache.num.max = 2 (custom)
2024-08-15 10:19:13,491 [0e485a45-f52d-48d7-a7aa-3788f1251f10-groupManagement] INFO  server.RaftServerConfigKeys (ConfUtils.java:logGet(46)) - raft.server.log.segment.cache.size.max = 200MB (=209715200) (default)
2024-08-15 10:19:13,491 [0e485a45-f52d-48d7-a7aa-3788f1251f10-groupManagement] INFO  server.RaftServerConfigKeys (ConfUtils.java:logGet(46)) - raft.server.log.appender.buffer.byte-limit = 8388608 (custom)
2024-08-15 10:19:13,491 [0e485a45-f52d-48d7-a7aa-3788f1251f10-groupManagement] INFO  util.AwaitToRun (AwaitToRun.java:start(81)) - Thread[0e485a45-f52d-48d7-a7aa-3788f1251f10@group-F3A1F69E3608-cacheEviction-AwaitToRun,5,main] started
2024-08-15 10:19:13,491 [0e485a45-f52d-48d7-a7aa-3788f1251f10-groupManagement] INFO  segmented.SegmentedRaftLogWorker (SegmentedRaftLogWorker.java:<init>(184)) - new 0e485a45-f52d-48d7-a7aa-3788f1251f10@group-F3A1F69E3608-SegmentedRaftLogWorker for RaftStorageImpl:Storage Directory /home/runner/work/ozone/ozone/hadoop-ozone/integration-test/target/test-dir/MiniOzoneClusterImpl-71195f16-0443-47ad-abb9-7568f4d0400c/ozone-meta/datanode-2/ratis/c9310d2b-7914-4315-bb6f-f3a1f69e3608
2024-08-15 10:19:13,491 [0e485a45-f52d-48d7-a7aa-3788f1251f10-groupManagement] INFO  server.RaftServerConfigKeys (ConfUtils.java:logGet(46)) - raft.server.log.queue.byte-limit = 4294967296 (custom)
2024-08-15 10:19:13,491 [0e485a45-f52d-48d7-a7aa-3788f1251f10-groupManagement] INFO  server.RaftServerConfigKeys (ConfUtils.java:logGet(46)) - raft.server.log.queue.element-limit = 1024 (custom)
2024-08-15 10:19:13,492 [0e485a45-f52d-48d7-a7aa-3788f1251f10-groupManagement] INFO  server.RaftServerConfigKeys (ConfUtils.java:logGet(46)) - raft.server.log.segment.size.max = 67108864 (custom)
2024-08-15 10:19:13,492 [0e485a45-f52d-48d7-a7aa-3788f1251f10-groupManagement] INFO  server.RaftServerConfigKeys (ConfUtils.java:logGet(46)) - raft.server.log.preallocated.size = 4194304 (custom)
2024-08-15 10:19:13,492 [0e485a45-f52d-48d7-a7aa-3788f1251f10-groupManagement] INFO  server.RaftServerConfigKeys (ConfUtils.java:logGet(46)) - raft.server.log.force.sync.num = 128 (default)
2024-08-15 10:19:13,492 [0e485a45-f52d-48d7-a7aa-3788f1251f10-groupManagement] INFO  server.RaftServerConfigKeys (ConfUtils.java:logGet(46)) - raft.server.log.statemachine.data.sync = true (default)
2024-08-15 10:19:13,492 [0e485a45-f52d-48d7-a7aa-3788f1251f10-groupManagement] INFO  server.RaftServerConfigKeys (ConfUtils.java:logGet(46)) - raft.server.log.statemachine.data.sync.timeout = 10s (default)
2024-08-15 10:19:13,492 [0e485a45-f52d-48d7-a7aa-3788f1251f10-groupManagement] INFO  server.RaftServerConfigKeys (ConfUtils.java:logGet(46)) - raft.server.log.statemachine.data.sync.timeout.retry = 30 (custom)
2024-08-15 10:19:13,492 [0e485a45-f52d-48d7-a7aa-3788f1251f10-groupManagement] INFO  server.RaftServerConfigKeys (ConfUtils.java:logGet(46)) - raft.server.log.write.buffer.size = 8388616 (custom)
2024-08-15 10:19:13,492 [0e485a45-f52d-48d7-a7aa-3788f1251f10-groupManagement] INFO  server.RaftServerConfigKeys (ConfUtils.java:logGet(46)) - raft.server.log.appender.buffer.byte-limit = 8388608 (custom)
2024-08-15 10:19:13,492 [0e485a45-f52d-48d7-a7aa-3788f1251f10-groupManagement] INFO  server.RaftServerConfigKeys (ConfUtils.java:logGet(46)) - raft.server.log.unsafe-flush.enabled = false (default)
2024-08-15 10:19:13,492 [0e485a45-f52d-48d7-a7aa-3788f1251f10-groupManagement] INFO  server.RaftServerConfigKeys (ConfUtils.java:logGet(46)) - raft.server.log.async-flush.enabled = false (default)
2024-08-15 10:19:13,492 [0e485a45-f52d-48d7-a7aa-3788f1251f10-groupManagement] INFO  server.RaftServerConfigKeys (ConfUtils.java:logGet(46)) - raft.server.log.statemachine.data.caching.enabled = true (custom)
2024-08-15 10:19:13,493 [0e485a45-f52d-48d7-a7aa-3788f1251f10-groupManagement] INFO  segmented.SegmentedRaftLogWorker (SegmentedRaftLogWorker.java:lambda$new$0(135)) - 0e485a45-f52d-48d7-a7aa-3788f1251f10@group-F3A1F69E3608-SegmentedRaftLogWorker: flushIndex: setUnconditionally 0 -> -1
2024-08-15 10:19:13,493 [0e485a45-f52d-48d7-a7aa-3788f1251f10-groupManagement] INFO  segmented.SegmentedRaftLogWorker (SegmentedRaftLogWorker.java:lambda$new$0(135)) - 0e485a45-f52d-48d7-a7aa-3788f1251f10@group-F3A1F69E3608-SegmentedRaftLogWorker: safeCacheEvictIndex: setUnconditionally 0 -> -1
2024-08-15 10:19:13,493 [0e485a45-f52d-48d7-a7aa-3788f1251f10-groupManagement] INFO  server.RaftServer$Division (RaftServerImpl.java:start(389)) - 0e485a45-f52d-48d7-a7aa-3788f1251f10@group-F3A1F69E3608: start as a follower, conf=conf: {index: -1, cur=peers:[0e485a45-f52d-48d7-a7aa-3788f1251f10|127.0.0.1:15498, 38e4ed17-21fc-4cdd-a713-95c81e4a5ee7|127.0.0.1:15507, 1b29c983-94d7-499d-bcc1-fd69fd0caba2|127.0.0.1:15489]|listeners:[], old=null}
2024-08-15 10:19:13,493 [0e485a45-f52d-48d7-a7aa-3788f1251f10-groupManagement] INFO  server.RaftServer$Division (RaftServerImpl.java:setRole(376)) - 0e485a45-f52d-48d7-a7aa-3788f1251f10@group-F3A1F69E3608: changes role from      null to FOLLOWER at term 0 for startAsFollower
2024-08-15 10:19:13,493 [0e485a45-f52d-48d7-a7aa-3788f1251f10-groupManagement] INFO  impl.RoleInfo (RoleInfo.java:updateAndGet(148)) - 0e485a45-f52d-48d7-a7aa-3788f1251f10: start 0e485a45-f52d-48d7-a7aa-3788f1251f10@group-F3A1F69E3608-FollowerState
2024-08-15 10:19:13,493 [0e485a45-f52d-48d7-a7aa-3788f1251f10-groupManagement] INFO  util.JmxRegister (JmxRegister.java:tryRegister(44)) - Successfully registered JMX Bean with object name Ratis:service=RaftServer,group=group-F3A1F69E3608,id=0e485a45-f52d-48d7-a7aa-3788f1251f10
2024-08-15 10:19:13,493 [0e485a45-f52d-48d7-a7aa-3788f1251f10-groupManagement] INFO  util.JmxRegister (JmxRegister.java:register(58)) - register mxBean class org.apache.ratis.server.impl.RaftServerJmxAdapter as Ratis:service=RaftServer,group=group-F3A1F69E3608,id=0e485a45-f52d-48d7-a7aa-3788f1251f10
2024-08-15 10:19:13,493 [0e485a45-f52d-48d7-a7aa-3788f1251f10-groupManagement] INFO  server.RaftServerConfigKeys (ConfUtils.java:logGet(46)) - raft.server.snapshot.trigger-when-stop.enabled = true (default)
2024-08-15 10:19:13,493 [0e485a45-f52d-48d7-a7aa-3788f1251f10-groupManagement] INFO  server.RaftServerConfigKeys (ConfUtils.java:logGet(46)) - raft.server.snapshot.trigger-when-remove.enabled = true (default)
2024-08-15 10:19:13,493 [0e485a45-f52d-48d7-a7aa-3788f1251f10-groupManagement] INFO  server.RaftServerConfigKeys (ConfUtils.java:logGet(46)) - raft.server.snapshot.auto.trigger.enabled = true (custom)
2024-08-15 10:19:13,493 [0e485a45-f52d-48d7-a7aa-3788f1251f10-groupManagement] INFO  server.RaftServerConfigKeys (ConfUtils.java:logGet(46)) - raft.server.snapshot.auto.trigger.threshold = 10000 (custom)
2024-08-15 10:19:13,493 [0e485a45-f52d-48d7-a7aa-3788f1251f10-groupManagement] INFO  server.RaftServerConfigKeys (ConfUtils.java:logGet(46)) - raft.server.snapshot.retention.file.num = 5 (custom)
2024-08-15 10:19:13,493 [0e485a45-f52d-48d7-a7aa-3788f1251f10-groupManagement] INFO  server.RaftServerConfigKeys (ConfUtils.java:logGet(46)) - raft.server.log.purge.upto.snapshot.index = false (default)
2024-08-15 10:19:13,493 [0e485a45-f52d-48d7-a7aa-3788f1251f10@group-F3A1F69E3608-FollowerState] INFO  server.RaftServerConfigKeys (ConfUtils.java:logFallback(53)) - raft.server.rpc.first-election.timeout.min = 5s (fallback to raft.server.rpc.timeout.min)
2024-08-15 10:19:13,494 [0e485a45-f52d-48d7-a7aa-3788f1251f10@group-F3A1F69E3608-FollowerState] INFO  server.RaftServerConfigKeys (ConfUtils.java:logFallback(53)) - raft.server.rpc.first-election.timeout.max = 5200ms (fallback to raft.server.rpc.timeout.max)
2024-08-15 10:19:13,498 [1b29c983-94d7-499d-bcc1-fd69fd0caba2-PipelineCommandHandlerThread-0] INFO  commandhandler.CreatePipelineCommandHandler (CreatePipelineCommandHandler.java:lambda$handle$2(124)) - Created Pipeline RATIS THREE PipelineID=c9310d2b-7914-4315-bb6f-f3a1f69e3608.
2024-08-15 10:19:13,499 [1b29c983-94d7-499d-bcc1-fd69fd0caba2-PipelineCommandHandlerThread-0] INFO  server.RaftServer (RaftServerProxy.java:addNew(101)) - 1b29c983-94d7-499d-bcc1-fd69fd0caba2: addNew group-E7362BF55D8D:[0e485a45-f52d-48d7-a7aa-3788f1251f10|127.0.0.1:15498, 38e4ed17-21fc-4cdd-a713-95c81e4a5ee7|127.0.0.1:15507, 1b29c983-94d7-499d-bcc1-fd69fd0caba2|127.0.0.1:15489] returns group-E7362BF55D8D:java.util.concurrent.CompletableFuture@154ace41[Not completed]
2024-08-15 10:19:13,499 [1b29c983-94d7-499d-bcc1-fd69fd0caba2-groupManagement] INFO  server.RaftServer$Division (RaftServerImpl.java:<init>(253)) - 1b29c983-94d7-499d-bcc1-fd69fd0caba2: new RaftServerImpl for group-E7362BF55D8D:[0e485a45-f52d-48d7-a7aa-3788f1251f10|127.0.0.1:15498, 38e4ed17-21fc-4cdd-a713-95c81e4a5ee7|127.0.0.1:15507, 1b29c983-94d7-499d-bcc1-fd69fd0caba2|127.0.0.1:15489] with ContainerStateMachine:uninitialized
2024-08-15 10:19:13,499 [1b29c983-94d7-499d-bcc1-fd69fd0caba2-groupManagement] INFO  server.RaftServerConfigKeys (ConfUtils.java:logGet(46)) - raft.server.rpc.timeout.min = 5s (custom)
2024-08-15 10:19:13,499 [1b29c983-94d7-499d-bcc1-fd69fd0caba2-groupManagement] INFO  server.RaftServerConfigKeys (ConfUtils.java:logGet(46)) - raft.server.rpc.timeout.max = 5200ms (custom)
2024-08-15 10:19:13,499 [1b29c983-94d7-499d-bcc1-fd69fd0caba2-groupManagement] INFO  server.RaftServerConfigKeys (ConfUtils.java:logGet(46)) - raft.server.rpc.sleep.time = 25ms (default)
2024-08-15 10:19:13,499 [1b29c983-94d7-499d-bcc1-fd69fd0caba2-groupManagement] INFO  server.RaftServerConfigKeys (ConfUtils.java:logGet(46)) - raft.server.rpc.slowness.timeout = 300000ms (custom)
2024-08-15 10:19:13,499 [1b29c983-94d7-499d-bcc1-fd69fd0caba2-groupManagement] INFO  server.RaftServerConfigKeys (ConfUtils.java:logGet(46)) - raft.server.leaderelection.leader.step-down.wait-time = 10s (default)
2024-08-15 10:19:13,499 [1b29c983-94d7-499d-bcc1-fd69fd0caba2-groupManagement] INFO  server.RaftServerConfigKeys (ConfUtils.java:logGet(46)) - raft.server.leaderelection.member.majority-add = false (default)
2024-08-15 10:19:13,499 [1b29c983-94d7-499d-bcc1-fd69fd0caba2-groupManagement] INFO  server.RaftServerConfigKeys (ConfUtils.java:logGet(46)) - raft.server.sleep.deviation.threshold = 300ms (default)
2024-08-15 10:19:13,499 [1b29c983-94d7-499d-bcc1-fd69fd0caba2-groupManagement] INFO  server.RaftServer$Division (ServerState.java:<init>(114)) - 1b29c983-94d7-499d-bcc1-fd69fd0caba2@group-E7362BF55D8D: ConfigurationManager, init=conf: {index: -1, cur=peers:[0e485a45-f52d-48d7-a7aa-3788f1251f10|127.0.0.1:15498, 38e4ed17-21fc-4cdd-a713-95c81e4a5ee7|127.0.0.1:15507, 1b29c983-94d7-499d-bcc1-fd69fd0caba2|127.0.0.1:15489]|listeners:[], old=null}, confs=<EMPTY_MAP>
2024-08-15 10:19:13,499 [1b29c983-94d7-499d-bcc1-fd69fd0caba2-groupManagement] INFO  server.RaftServerConfigKeys (ConfUtils.java:logGet(46)) - raft.server.notification.no-leader.timeout = 300000ms (custom)
2024-08-15 10:19:13,499 [1b29c983-94d7-499d-bcc1-fd69fd0caba2-groupManagement] INFO  server.RaftServerConfigKeys (ConfUtils.java:logGet(46)) - raft.server.read.timeout = 10s (default)
2024-08-15 10:19:13,499 [1b29c983-94d7-499d-bcc1-fd69fd0caba2-groupManagement] INFO  server.RaftServerConfigKeys (ConfUtils.java:logGet(46)) - raft.server.retrycache.expirytime = 600000ms (custom)
2024-08-15 10:19:13,499 [1b29c983-94d7-499d-bcc1-fd69fd0caba2-groupManagement] INFO  server.RaftServerConfigKeys (ConfUtils.java:logGet(46)) - raft.server.retrycache.statistics.expirytime = 100ms (default)
2024-08-15 10:19:13,499 [1b29c983-94d7-499d-bcc1-fd69fd0caba2-groupManagement] INFO  server.RaftServerConfigKeys (ConfUtils.java:logGet(46)) - raft.server.read.option = DEFAULT (default)
2024-08-15 10:19:13,499 [1b29c983-94d7-499d-bcc1-fd69fd0caba2-groupManagement] INFO  server.RaftServerConfigKeys (ConfUtils.java:logGet(46)) - raft.server.read.read-after-write-consistent.write-index-cache.expiry-time = 60s (default)
2024-08-15 10:19:13,501 [1b29c983-94d7-499d-bcc1-fd69fd0caba2-groupManagement] INFO  server.RaftServerConfigKeys (ConfUtils.java:logGet(46)) - raft.server.rpc.request.timeout = 3000ms (default)
2024-08-15 10:19:13,501 [1b29c983-94d7-499d-bcc1-fd69fd0caba2-groupManagement] INFO  server.RaftServerConfigKeys (ConfUtils.java:logGet(46)) - raft.server.log.appender.install.snapshot.enabled = false (custom)
2024-08-15 10:19:13,501 [1b29c983-94d7-499d-bcc1-fd69fd0caba2-groupManagement] INFO  server.RaftServerConfigKeys (ConfUtils.java:logGet(46)) - raft.server.threadpool.server.cached = true (default)
2024-08-15 10:19:13,501 [1b29c983-94d7-499d-bcc1-fd69fd0caba2-groupManagement] INFO  server.RaftServerConfigKeys (ConfUtils.java:logGet(46)) - raft.server.threadpool.server.size = 0 (default)
2024-08-15 10:19:13,501 [1b29c983-94d7-499d-bcc1-fd69fd0caba2-groupManagement] INFO  server.RaftServerConfigKeys (ConfUtils.java:logGet(46)) - raft.server.threadpool.client.cached = true (default)
2024-08-15 10:19:13,501 [1b29c983-94d7-499d-bcc1-fd69fd0caba2-groupManagement] INFO  server.RaftServerConfigKeys (ConfUtils.java:logGet(46)) - raft.server.threadpool.client.size = 0 (default)
2024-08-15 10:19:13,501 [1b29c983-94d7-499d-bcc1-fd69fd0caba2-groupManagement] INFO  server.RaftServerConfigKeys (ConfUtils.java:logGet(46)) - raft.server.storage.free-space.min = 0MB (=0) (default)
2024-08-15 10:19:13,501 [1b29c983-94d7-499d-bcc1-fd69fd0caba2-groupManagement] INFO  server.RaftServerConfigKeys (ConfUtils.java:logGet(46)) - raft.server.log.corruption.policy = EXCEPTION (default)
2024-08-15 10:19:13,501 [1b29c983-94d7-499d-bcc1-fd69fd0caba2-groupManagement] INFO  server.RaftServerConfigKeys (ConfUtils.java:logGet(46)) - raft.server.storage.dir = [/home/runner/work/ozone/ozone/hadoop-ozone/integration-test/target/test-dir/MiniOzoneClusterImpl-71195f16-0443-47ad-abb9-7568f4d0400c/ozone-meta/datanode-1/ratis] (custom)
2024-08-15 10:19:13,501 [1b29c983-94d7-499d-bcc1-fd69fd0caba2-groupManagement] INFO  storage.RaftStorageDirectory (RaftStorageDirectoryImpl.java:analyzeStorage(138)) - The storage directory /home/runner/work/ozone/ozone/hadoop-ozone/integration-test/target/test-dir/MiniOzoneClusterImpl-71195f16-0443-47ad-abb9-7568f4d0400c/ozone-meta/datanode-1/ratis/48e8ec4e-dd57-4ec7-adbf-e7362bf55d8d does not exist. Creating ...
2024-08-15 10:19:13,502 [1b29c983-94d7-499d-bcc1-fd69fd0caba2-groupManagement] INFO  storage.RaftStorageDirectory (RaftStorageDirectoryImpl.java:tryLock(229)) - Lock on /home/runner/work/ozone/ozone/hadoop-ozone/integration-test/target/test-dir/MiniOzoneClusterImpl-71195f16-0443-47ad-abb9-7568f4d0400c/ozone-meta/datanode-1/ratis/48e8ec4e-dd57-4ec7-adbf-e7362bf55d8d/in_use.lock acquired by nodename 113339@fv-az1107-352
2024-08-15 10:19:13,503 [1b29c983-94d7-499d-bcc1-fd69fd0caba2-groupManagement] INFO  storage.RaftStorage (RaftStorageImpl.java:format(98)) - Storage directory /home/runner/work/ozone/ozone/hadoop-ozone/integration-test/target/test-dir/MiniOzoneClusterImpl-71195f16-0443-47ad-abb9-7568f4d0400c/ozone-meta/datanode-1/ratis/48e8ec4e-dd57-4ec7-adbf-e7362bf55d8d has been successfully formatted.
2024-08-15 10:19:13,503 [1b29c983-94d7-499d-bcc1-fd69fd0caba2-groupManagement] INFO  ratis.ContainerStateMachine (ContainerStateMachine.java:loadSnapshot(295)) - group-E7362BF55D8D: The snapshot info is null. Setting the last applied index to:(t:0, i:~)
2024-08-15 10:19:13,503 [1b29c983-94d7-499d-bcc1-fd69fd0caba2-groupManagement] INFO  server.RaftServerConfigKeys (ConfUtils.java:logGet(46)) - raft.server.log.use.memory = false (default)
2024-08-15 10:19:13,503 [1b29c983-94d7-499d-bcc1-fd69fd0caba2-groupManagement] INFO  server.RaftServerConfigKeys (ConfUtils.java:logGet(46)) - raft.server.log.purge.gap = 1000000 (custom)
2024-08-15 10:19:13,503 [1b29c983-94d7-499d-bcc1-fd69fd0caba2-groupManagement] INFO  server.RaftServerConfigKeys (ConfUtils.java:logGet(46)) - raft.server.log.appender.buffer.byte-limit = 8388608 (custom)
2024-08-15 10:19:13,503 [1b29c983-94d7-499d-bcc1-fd69fd0caba2-groupManagement] INFO  server.RaftServerConfigKeys (ConfUtils.java:logGet(46)) - raft.server.log.statemachine.data.read.timeout = 1000ms (default)
2024-08-15 10:19:13,503 [1b29c983-94d7-499d-bcc1-fd69fd0caba2-groupManagement] INFO  server.RaftServerConfigKeys (ConfUtils.java:logGet(46)) - raft.server.log.purge.preservation.log.num = 0 (default)
2024-08-15 10:19:13,504 [EventQueue-OpenPipelineForHealthyPipelineSafeModeRule] INFO  safemode.SCMSafeModeManager (HealthyPipelineSafeModeRule.java:process(140)) - SCM in safe mode. Healthy pipelines reported count is 0, required healthy pipeline reported count is 1
2024-08-15 10:19:13,504 [1b29c983-94d7-499d-bcc1-fd69fd0caba2-groupManagement] INFO  server.RaftServerConfigKeys (ConfUtils.java:logGet(46)) - raft.server.log.segment.size.max = 67108864 (custom)
2024-08-15 10:19:13,504 [1b29c983-94d7-499d-bcc1-fd69fd0caba2-groupManagement] INFO  server.RaftServerConfigKeys (ConfUtils.java:logGet(46)) - raft.server.log.segment.cache.num.max = 2 (custom)
2024-08-15 10:19:13,505 [1b29c983-94d7-499d-bcc1-fd69fd0caba2-groupManagement] INFO  server.RaftServerConfigKeys (ConfUtils.java:logGet(46)) - raft.server.log.segment.cache.size.max = 200MB (=209715200) (default)
2024-08-15 10:19:13,505 [1b29c983-94d7-499d-bcc1-fd69fd0caba2-groupManagement] INFO  server.RaftServerConfigKeys (ConfUtils.java:logGet(46)) - raft.server.log.appender.buffer.byte-limit = 8388608 (custom)
2024-08-15 10:19:13,505 [1b29c983-94d7-499d-bcc1-fd69fd0caba2-groupManagement] INFO  util.AwaitToRun (AwaitToRun.java:start(81)) - Thread[1b29c983-94d7-499d-bcc1-fd69fd0caba2@group-E7362BF55D8D-cacheEviction-AwaitToRun,5,main] started
2024-08-15 10:19:13,505 [1b29c983-94d7-499d-bcc1-fd69fd0caba2-groupManagement] INFO  segmented.SegmentedRaftLogWorker (SegmentedRaftLogWorker.java:<init>(184)) - new 1b29c983-94d7-499d-bcc1-fd69fd0caba2@group-E7362BF55D8D-SegmentedRaftLogWorker for RaftStorageImpl:Storage Directory /home/runner/work/ozone/ozone/hadoop-ozone/integration-test/target/test-dir/MiniOzoneClusterImpl-71195f16-0443-47ad-abb9-7568f4d0400c/ozone-meta/datanode-1/ratis/48e8ec4e-dd57-4ec7-adbf-e7362bf55d8d
2024-08-15 10:19:13,505 [1b29c983-94d7-499d-bcc1-fd69fd0caba2-groupManagement] INFO  server.RaftServerConfigKeys (ConfUtils.java:logGet(46)) - raft.server.log.queue.byte-limit = 4294967296 (custom)
2024-08-15 10:19:13,505 [1b29c983-94d7-499d-bcc1-fd69fd0caba2-groupManagement] INFO  server.RaftServerConfigKeys (ConfUtils.java:logGet(46)) - raft.server.log.queue.element-limit = 1024 (custom)
2024-08-15 10:19:13,505 [1b29c983-94d7-499d-bcc1-fd69fd0caba2-groupManagement] INFO  server.RaftServerConfigKeys (ConfUtils.java:logGet(46)) - raft.server.log.segment.size.max = 67108864 (custom)
2024-08-15 10:19:13,505 [1b29c983-94d7-499d-bcc1-fd69fd0caba2-groupManagement] INFO  server.RaftServerConfigKeys (ConfUtils.java:logGet(46)) - raft.server.log.preallocated.size = 4194304 (custom)
2024-08-15 10:19:13,505 [1b29c983-94d7-499d-bcc1-fd69fd0caba2-groupManagement] INFO  server.RaftServerConfigKeys (ConfUtils.java:logGet(46)) - raft.server.log.force.sync.num = 128 (default)
2024-08-15 10:19:13,505 [1b29c983-94d7-499d-bcc1-fd69fd0caba2-groupManagement] INFO  server.RaftServerConfigKeys (ConfUtils.java:logGet(46)) - raft.server.log.statemachine.data.sync = true (default)
2024-08-15 10:19:13,505 [1b29c983-94d7-499d-bcc1-fd69fd0caba2-groupManagement] INFO  server.RaftServerConfigKeys (ConfUtils.java:logGet(46)) - raft.server.log.statemachine.data.sync.timeout = 10s (default)
2024-08-15 10:19:13,505 [1b29c983-94d7-499d-bcc1-fd69fd0caba2-groupManagement] INFO  server.RaftServerConfigKeys (ConfUtils.java:logGet(46)) - raft.server.log.statemachine.data.sync.timeout.retry = 30 (custom)
2024-08-15 10:19:13,505 [1b29c983-94d7-499d-bcc1-fd69fd0caba2-groupManagement] INFO  server.RaftServerConfigKeys (ConfUtils.java:logGet(46)) - raft.server.log.write.buffer.size = 8388616 (custom)
2024-08-15 10:19:13,506 [1b29c983-94d7-499d-bcc1-fd69fd0caba2-groupManagement] INFO  server.RaftServerConfigKeys (ConfUtils.java:logGet(46)) - raft.server.log.appender.buffer.byte-limit = 8388608 (custom)
2024-08-15 10:19:13,506 [1b29c983-94d7-499d-bcc1-fd69fd0caba2-groupManagement] INFO  server.RaftServerConfigKeys (ConfUtils.java:logGet(46)) - raft.server.log.unsafe-flush.enabled = false (default)
2024-08-15 10:19:13,506 [1b29c983-94d7-499d-bcc1-fd69fd0caba2-groupManagement] INFO  server.RaftServerConfigKeys (ConfUtils.java:logGet(46)) - raft.server.log.async-flush.enabled = false (default)
2024-08-15 10:19:13,506 [1b29c983-94d7-499d-bcc1-fd69fd0caba2-groupManagement] INFO  server.RaftServerConfigKeys (ConfUtils.java:logGet(46)) - raft.server.log.statemachine.data.caching.enabled = true (custom)
2024-08-15 10:19:13,506 [1b29c983-94d7-499d-bcc1-fd69fd0caba2-groupManagement] INFO  segmented.SegmentedRaftLogWorker (SegmentedRaftLogWorker.java:lambda$new$0(135)) - 1b29c983-94d7-499d-bcc1-fd69fd0caba2@group-E7362BF55D8D-SegmentedRaftLogWorker: flushIndex: setUnconditionally 0 -> -1
2024-08-15 10:19:13,506 [1b29c983-94d7-499d-bcc1-fd69fd0caba2-groupManagement] INFO  segmented.SegmentedRaftLogWorker (SegmentedRaftLogWorker.java:lambda$new$0(135)) - 1b29c983-94d7-499d-bcc1-fd69fd0caba2@group-E7362BF55D8D-SegmentedRaftLogWorker: safeCacheEvictIndex: setUnconditionally 0 -> -1
2024-08-15 10:19:13,506 [1b29c983-94d7-499d-bcc1-fd69fd0caba2-groupManagement] INFO  server.RaftServer$Division (RaftServerImpl.java:start(389)) - 1b29c983-94d7-499d-bcc1-fd69fd0caba2@group-E7362BF55D8D: start as a follower, conf=conf: {index: -1, cur=peers:[0e485a45-f52d-48d7-a7aa-3788f1251f10|127.0.0.1:15498, 38e4ed17-21fc-4cdd-a713-95c81e4a5ee7|127.0.0.1:15507, 1b29c983-94d7-499d-bcc1-fd69fd0caba2|127.0.0.1:15489]|listeners:[], old=null}
2024-08-15 10:19:13,506 [1b29c983-94d7-499d-bcc1-fd69fd0caba2-groupManagement] INFO  server.RaftServer$Division (RaftServerImpl.java:setRole(376)) - 1b29c983-94d7-499d-bcc1-fd69fd0caba2@group-E7362BF55D8D: changes role from      null to FOLLOWER at term 0 for startAsFollower
2024-08-15 10:19:13,507 [1b29c983-94d7-499d-bcc1-fd69fd0caba2-groupManagement] INFO  impl.RoleInfo (RoleInfo.java:updateAndGet(148)) - 1b29c983-94d7-499d-bcc1-fd69fd0caba2: start 1b29c983-94d7-499d-bcc1-fd69fd0caba2@group-E7362BF55D8D-FollowerState
2024-08-15 10:19:13,507 [1b29c983-94d7-499d-bcc1-fd69fd0caba2-groupManagement] INFO  util.JmxRegister (JmxRegister.java:tryRegister(44)) - Successfully registered JMX Bean with object name Ratis:service=RaftServer,group=group-E7362BF55D8D,id=1b29c983-94d7-499d-bcc1-fd69fd0caba2
2024-08-15 10:19:13,507 [1b29c983-94d7-499d-bcc1-fd69fd0caba2-groupManagement] INFO  util.JmxRegister (JmxRegister.java:register(58)) - register mxBean class org.apache.ratis.server.impl.RaftServerJmxAdapter as Ratis:service=RaftServer,group=group-E7362BF55D8D,id=1b29c983-94d7-499d-bcc1-fd69fd0caba2
2024-08-15 10:19:13,507 [1b29c983-94d7-499d-bcc1-fd69fd0caba2@group-E7362BF55D8D-FollowerState] INFO  server.RaftServerConfigKeys (ConfUtils.java:logFallback(53)) - raft.server.rpc.first-election.timeout.min = 5s (fallback to raft.server.rpc.timeout.min)
2024-08-15 10:19:13,507 [1b29c983-94d7-499d-bcc1-fd69fd0caba2@group-E7362BF55D8D-FollowerState] INFO  server.RaftServerConfigKeys (ConfUtils.java:logFallback(53)) - raft.server.rpc.first-election.timeout.max = 5200ms (fallback to raft.server.rpc.timeout.max)
2024-08-15 10:19:13,507 [1b29c983-94d7-499d-bcc1-fd69fd0caba2-groupManagement] INFO  server.RaftServerConfigKeys (ConfUtils.java:logGet(46)) - raft.server.snapshot.trigger-when-stop.enabled = true (default)
2024-08-15 10:19:13,507 [1b29c983-94d7-499d-bcc1-fd69fd0caba2-groupManagement] INFO  server.RaftServerConfigKeys (ConfUtils.java:logGet(46)) - raft.server.snapshot.trigger-when-remove.enabled = true (default)
2024-08-15 10:19:13,507 [1b29c983-94d7-499d-bcc1-fd69fd0caba2-groupManagement] INFO  server.RaftServerConfigKeys (ConfUtils.java:logGet(46)) - raft.server.snapshot.auto.trigger.enabled = true (custom)
2024-08-15 10:19:13,507 [1b29c983-94d7-499d-bcc1-fd69fd0caba2-groupManagement] INFO  server.RaftServerConfigKeys (ConfUtils.java:logGet(46)) - raft.server.snapshot.auto.trigger.threshold = 10000 (custom)
2024-08-15 10:19:13,507 [1b29c983-94d7-499d-bcc1-fd69fd0caba2-groupManagement] INFO  server.RaftServerConfigKeys (ConfUtils.java:logGet(46)) - raft.server.snapshot.retention.file.num = 5 (custom)
2024-08-15 10:19:13,507 [1b29c983-94d7-499d-bcc1-fd69fd0caba2-groupManagement] INFO  server.RaftServerConfigKeys (ConfUtils.java:logGet(46)) - raft.server.log.purge.upto.snapshot.index = false (default)
2024-08-15 10:19:13,508 [1b29c983-94d7-499d-bcc1-fd69fd0caba2-PipelineCommandHandlerThread-0] INFO  ratis.XceiverServerRatis (XceiverServerRatis.java:addGroup(850)) - Created group PipelineID=48e8ec4e-dd57-4ec7-adbf-e7362bf55d8d
2024-08-15 10:19:13,511 [grpc-default-executor-0] INFO  server.RaftServer (RaftServerProxy.java:addNew(101)) - 0e485a45-f52d-48d7-a7aa-3788f1251f10: addNew group-E7362BF55D8D:[0e485a45-f52d-48d7-a7aa-3788f1251f10|127.0.0.1:15498, 38e4ed17-21fc-4cdd-a713-95c81e4a5ee7|127.0.0.1:15507, 1b29c983-94d7-499d-bcc1-fd69fd0caba2|127.0.0.1:15489] returns group-E7362BF55D8D:java.util.concurrent.CompletableFuture@2bed006f[Not completed]
2024-08-15 10:19:13,511 [0e485a45-f52d-48d7-a7aa-3788f1251f10-groupManagement] INFO  server.RaftServer$Division (RaftServerImpl.java:<init>(253)) - 0e485a45-f52d-48d7-a7aa-3788f1251f10: new RaftServerImpl for group-E7362BF55D8D:[0e485a45-f52d-48d7-a7aa-3788f1251f10|127.0.0.1:15498, 38e4ed17-21fc-4cdd-a713-95c81e4a5ee7|127.0.0.1:15507, 1b29c983-94d7-499d-bcc1-fd69fd0caba2|127.0.0.1:15489] with ContainerStateMachine:uninitialized
2024-08-15 10:19:13,511 [0e485a45-f52d-48d7-a7aa-3788f1251f10-groupManagement] INFO  server.RaftServerConfigKeys (ConfUtils.java:logGet(46)) - raft.server.rpc.timeout.min = 5s (custom)
2024-08-15 10:19:13,511 [0e485a45-f52d-48d7-a7aa-3788f1251f10-groupManagement] INFO  server.RaftServerConfigKeys (ConfUtils.java:logGet(46)) - raft.server.rpc.timeout.max = 5200ms (custom)
2024-08-15 10:19:13,511 [0e485a45-f52d-48d7-a7aa-3788f1251f10-groupManagement] INFO  server.RaftServerConfigKeys (ConfUtils.java:logGet(46)) - raft.server.rpc.sleep.time = 25ms (default)
2024-08-15 10:19:13,511 [0e485a45-f52d-48d7-a7aa-3788f1251f10-groupManagement] INFO  server.RaftServerConfigKeys (ConfUtils.java:logGet(46)) - raft.server.rpc.slowness.timeout = 300000ms (custom)
2024-08-15 10:19:13,511 [0e485a45-f52d-48d7-a7aa-3788f1251f10-groupManagement] INFO  server.RaftServerConfigKeys (ConfUtils.java:logGet(46)) - raft.server.leaderelection.leader.step-down.wait-time = 10s (default)
2024-08-15 10:19:13,511 [0e485a45-f52d-48d7-a7aa-3788f1251f10-groupManagement] INFO  server.RaftServerConfigKeys (ConfUtils.java:logGet(46)) - raft.server.leaderelection.member.majority-add = false (default)
2024-08-15 10:19:13,512 [0e485a45-f52d-48d7-a7aa-3788f1251f10-groupManagement] INFO  server.RaftServerConfigKeys (ConfUtils.java:logGet(46)) - raft.server.sleep.deviation.threshold = 300ms (default)
2024-08-15 10:19:13,512 [0e485a45-f52d-48d7-a7aa-3788f1251f10-groupManagement] INFO  server.RaftServer$Division (ServerState.java:<init>(114)) - 0e485a45-f52d-48d7-a7aa-3788f1251f10@group-E7362BF55D8D: ConfigurationManager, init=conf: {index: -1, cur=peers:[0e485a45-f52d-48d7-a7aa-3788f1251f10|127.0.0.1:15498, 38e4ed17-21fc-4cdd-a713-95c81e4a5ee7|127.0.0.1:15507, 1b29c983-94d7-499d-bcc1-fd69fd0caba2|127.0.0.1:15489]|listeners:[], old=null}, confs=<EMPTY_MAP>
2024-08-15 10:19:13,512 [0e485a45-f52d-48d7-a7aa-3788f1251f10-groupManagement] INFO  server.RaftServerConfigKeys (ConfUtils.java:logGet(46)) - raft.server.notification.no-leader.timeout = 300000ms (custom)
2024-08-15 10:19:13,512 [0e485a45-f52d-48d7-a7aa-3788f1251f10-groupManagement] INFO  server.RaftServerConfigKeys (ConfUtils.java:logGet(46)) - raft.server.read.timeout = 10s (default)
2024-08-15 10:19:13,512 [0e485a45-f52d-48d7-a7aa-3788f1251f10-groupManagement] INFO  server.RaftServerConfigKeys (ConfUtils.java:logGet(46)) - raft.server.retrycache.expirytime = 600000ms (custom)
2024-08-15 10:19:13,512 [0e485a45-f52d-48d7-a7aa-3788f1251f10-groupManagement] INFO  server.RaftServerConfigKeys (ConfUtils.java:logGet(46)) - raft.server.retrycache.statistics.expirytime = 100ms (default)
2024-08-15 10:19:13,512 [0e485a45-f52d-48d7-a7aa-3788f1251f10-groupManagement] INFO  server.RaftServerConfigKeys (ConfUtils.java:logGet(46)) - raft.server.read.option = DEFAULT (default)
2024-08-15 10:19:13,512 [0e485a45-f52d-48d7-a7aa-3788f1251f10-groupManagement] INFO  server.RaftServerConfigKeys (ConfUtils.java:logGet(46)) - raft.server.read.read-after-write-consistent.write-index-cache.expiry-time = 60s (default)
2024-08-15 10:19:13,513 [0e485a45-f52d-48d7-a7aa-3788f1251f10-groupManagement] INFO  server.RaftServerConfigKeys (ConfUtils.java:logGet(46)) - raft.server.rpc.request.timeout = 3000ms (default)
2024-08-15 10:19:13,513 [0e485a45-f52d-48d7-a7aa-3788f1251f10-groupManagement] INFO  server.RaftServerConfigKeys (ConfUtils.java:logGet(46)) - raft.server.log.appender.install.snapshot.enabled = false (custom)
2024-08-15 10:19:13,513 [0e485a45-f52d-48d7-a7aa-3788f1251f10-groupManagement] INFO  server.RaftServerConfigKeys (ConfUtils.java:logGet(46)) - raft.server.threadpool.server.cached = true (default)
2024-08-15 10:19:13,513 [0e485a45-f52d-48d7-a7aa-3788f1251f10-groupManagement] INFO  server.RaftServerConfigKeys (ConfUtils.java:logGet(46)) - raft.server.threadpool.server.size = 0 (default)
2024-08-15 10:19:13,513 [0e485a45-f52d-48d7-a7aa-3788f1251f10-groupManagement] INFO  server.RaftServerConfigKeys (ConfUtils.java:logGet(46)) - raft.server.threadpool.client.cached = true (default)
2024-08-15 10:19:13,513 [0e485a45-f52d-48d7-a7aa-3788f1251f10-groupManagement] INFO  server.RaftServerConfigKeys (ConfUtils.java:logGet(46)) - raft.server.threadpool.client.size = 0 (default)
2024-08-15 10:19:13,513 [0e485a45-f52d-48d7-a7aa-3788f1251f10-groupManagement] INFO  server.RaftServerConfigKeys (ConfUtils.java:logGet(46)) - raft.server.storage.free-space.min = 0MB (=0) (default)
2024-08-15 10:19:13,513 [0e485a45-f52d-48d7-a7aa-3788f1251f10-groupManagement] INFO  server.RaftServerConfigKeys (ConfUtils.java:logGet(46)) - raft.server.log.corruption.policy = EXCEPTION (default)
2024-08-15 10:19:13,513 [0e485a45-f52d-48d7-a7aa-3788f1251f10-groupManagement] INFO  server.RaftServerConfigKeys (ConfUtils.java:logGet(46)) - raft.server.storage.dir = [/home/runner/work/ozone/ozone/hadoop-ozone/integration-test/target/test-dir/MiniOzoneClusterImpl-71195f16-0443-47ad-abb9-7568f4d0400c/ozone-meta/datanode-2/ratis] (custom)
2024-08-15 10:19:13,513 [0e485a45-f52d-48d7-a7aa-3788f1251f10-groupManagement] INFO  storage.RaftStorageDirectory (RaftStorageDirectoryImpl.java:analyzeStorage(138)) - The storage directory /home/runner/work/ozone/ozone/hadoop-ozone/integration-test/target/test-dir/MiniOzoneClusterImpl-71195f16-0443-47ad-abb9-7568f4d0400c/ozone-meta/datanode-2/ratis/48e8ec4e-dd57-4ec7-adbf-e7362bf55d8d does not exist. Creating ...
2024-08-15 10:19:13,514 [0e485a45-f52d-48d7-a7aa-3788f1251f10-groupManagement] INFO  storage.RaftStorageDirectory (RaftStorageDirectoryImpl.java:tryLock(229)) - Lock on /home/runner/work/ozone/ozone/hadoop-ozone/integration-test/target/test-dir/MiniOzoneClusterImpl-71195f16-0443-47ad-abb9-7568f4d0400c/ozone-meta/datanode-2/ratis/48e8ec4e-dd57-4ec7-adbf-e7362bf55d8d/in_use.lock acquired by nodename 113339@fv-az1107-352
2024-08-15 10:19:13,515 [0e485a45-f52d-48d7-a7aa-3788f1251f10-groupManagement] INFO  storage.RaftStorage (RaftStorageImpl.java:format(98)) - Storage directory /home/runner/work/ozone/ozone/hadoop-ozone/integration-test/target/test-dir/MiniOzoneClusterImpl-71195f16-0443-47ad-abb9-7568f4d0400c/ozone-meta/datanode-2/ratis/48e8ec4e-dd57-4ec7-adbf-e7362bf55d8d has been successfully formatted.
2024-08-15 10:19:13,516 [0e485a45-f52d-48d7-a7aa-3788f1251f10-groupManagement] INFO  ratis.ContainerStateMachine (ContainerStateMachine.java:loadSnapshot(295)) - group-E7362BF55D8D: The snapshot info is null. Setting the last applied index to:(t:0, i:~)
2024-08-15 10:19:13,516 [0e485a45-f52d-48d7-a7aa-3788f1251f10-groupManagement] INFO  server.RaftServerConfigKeys (ConfUtils.java:logGet(46)) - raft.server.log.use.memory = false (default)
2024-08-15 10:19:13,516 [0e485a45-f52d-48d7-a7aa-3788f1251f10-groupManagement] INFO  server.RaftServerConfigKeys (ConfUtils.java:logGet(46)) - raft.server.log.purge.gap = 1000000 (custom)
2024-08-15 10:19:13,516 [0e485a45-f52d-48d7-a7aa-3788f1251f10-groupManagement] INFO  server.RaftServerConfigKeys (ConfUtils.java:logGet(46)) - raft.server.log.appender.buffer.byte-limit = 8388608 (custom)
2024-08-15 10:19:13,516 [0e485a45-f52d-48d7-a7aa-3788f1251f10-groupManagement] INFO  server.RaftServerConfigKeys (ConfUtils.java:logGet(46)) - raft.server.log.statemachine.data.read.timeout = 1000ms (default)
2024-08-15 10:19:13,516 [0e485a45-f52d-48d7-a7aa-3788f1251f10-groupManagement] INFO  server.RaftServerConfigKeys (ConfUtils.java:logGet(46)) - raft.server.log.purge.preservation.log.num = 0 (default)
2024-08-15 10:19:13,517 [0e485a45-f52d-48d7-a7aa-3788f1251f10-groupManagement] INFO  server.RaftServerConfigKeys (ConfUtils.java:logGet(46)) - raft.server.log.segment.size.max = 67108864 (custom)
2024-08-15 10:19:13,517 [0e485a45-f52d-48d7-a7aa-3788f1251f10-groupManagement] INFO  server.RaftServerConfigKeys (ConfUtils.java:logGet(46)) - raft.server.log.segment.cache.num.max = 2 (custom)
2024-08-15 10:19:13,517 [0e485a45-f52d-48d7-a7aa-3788f1251f10-groupManagement] INFO  server.RaftServerConfigKeys (ConfUtils.java:logGet(46)) - raft.server.log.segment.cache.size.max = 200MB (=209715200) (default)
2024-08-15 10:19:13,517 [0e485a45-f52d-48d7-a7aa-3788f1251f10-groupManagement] INFO  server.RaftServerConfigKeys (ConfUtils.java:logGet(46)) - raft.server.log.appender.buffer.byte-limit = 8388608 (custom)
2024-08-15 10:19:13,517 [0e485a45-f52d-48d7-a7aa-3788f1251f10-groupManagement] INFO  util.AwaitToRun (AwaitToRun.java:start(81)) - Thread[0e485a45-f52d-48d7-a7aa-3788f1251f10@group-E7362BF55D8D-cacheEviction-AwaitToRun,5,main] started
2024-08-15 10:19:13,517 [0e485a45-f52d-48d7-a7aa-3788f1251f10-groupManagement] INFO  segmented.SegmentedRaftLogWorker (SegmentedRaftLogWorker.java:<init>(184)) - new 0e485a45-f52d-48d7-a7aa-3788f1251f10@group-E7362BF55D8D-SegmentedRaftLogWorker for RaftStorageImpl:Storage Directory /home/runner/work/ozone/ozone/hadoop-ozone/integration-test/target/test-dir/MiniOzoneClusterImpl-71195f16-0443-47ad-abb9-7568f4d0400c/ozone-meta/datanode-2/ratis/48e8ec4e-dd57-4ec7-adbf-e7362bf55d8d
2024-08-15 10:19:13,517 [0e485a45-f52d-48d7-a7aa-3788f1251f10-groupManagement] INFO  server.RaftServerConfigKeys (ConfUtils.java:logGet(46)) - raft.server.log.queue.byte-limit = 4294967296 (custom)
2024-08-15 10:19:13,517 [0e485a45-f52d-48d7-a7aa-3788f1251f10-groupManagement] INFO  server.RaftServerConfigKeys (ConfUtils.java:logGet(46)) - raft.server.log.queue.element-limit = 1024 (custom)
2024-08-15 10:19:13,517 [0e485a45-f52d-48d7-a7aa-3788f1251f10-groupManagement] INFO  server.RaftServerConfigKeys (ConfUtils.java:logGet(46)) - raft.server.log.segment.size.max = 67108864 (custom)
2024-08-15 10:19:13,517 [0e485a45-f52d-48d7-a7aa-3788f1251f10-groupManagement] INFO  server.RaftServerConfigKeys (ConfUtils.java:logGet(46)) - raft.server.log.preallocated.size = 4194304 (custom)
2024-08-15 10:19:13,517 [0e485a45-f52d-48d7-a7aa-3788f1251f10-groupManagement] INFO  server.RaftServerConfigKeys (ConfUtils.java:logGet(46)) - raft.server.log.force.sync.num = 128 (default)
2024-08-15 10:19:13,517 [0e485a45-f52d-48d7-a7aa-3788f1251f10-groupManagement] INFO  server.RaftServerConfigKeys (ConfUtils.java:logGet(46)) - raft.server.log.statemachine.data.sync = true (default)
2024-08-15 10:19:13,517 [0e485a45-f52d-48d7-a7aa-3788f1251f10-groupManagement] INFO  server.RaftServerConfigKeys (ConfUtils.java:logGet(46)) - raft.server.log.statemachine.data.sync.timeout = 10s (default)
2024-08-15 10:19:13,517 [0e485a45-f52d-48d7-a7aa-3788f1251f10-groupManagement] INFO  server.RaftServerConfigKeys (ConfUtils.java:logGet(46)) - raft.server.log.statemachine.data.sync.timeout.retry = 30 (custom)
2024-08-15 10:19:13,517 [0e485a45-f52d-48d7-a7aa-3788f1251f10-groupManagement] INFO  server.RaftServerConfigKeys (ConfUtils.java:logGet(46)) - raft.server.log.write.buffer.size = 8388616 (custom)
2024-08-15 10:19:13,518 [0e485a45-f52d-48d7-a7aa-3788f1251f10-groupManagement] INFO  server.RaftServerConfigKeys (ConfUtils.java:logGet(46)) - raft.server.log.appender.buffer.byte-limit = 8388608 (custom)
2024-08-15 10:19:13,518 [0e485a45-f52d-48d7-a7aa-3788f1251f10-groupManagement] INFO  server.RaftServerConfigKeys (ConfUtils.java:logGet(46)) - raft.server.log.unsafe-flush.enabled = false (default)
2024-08-15 10:19:13,518 [0e485a45-f52d-48d7-a7aa-3788f1251f10-groupManagement] INFO  server.RaftServerConfigKeys (ConfUtils.java:logGet(46)) - raft.server.log.async-flush.enabled = false (default)
2024-08-15 10:19:13,518 [0e485a45-f52d-48d7-a7aa-3788f1251f10-groupManagement] INFO  server.RaftServerConfigKeys (ConfUtils.java:logGet(46)) - raft.server.log.statemachine.data.caching.enabled = true (custom)
2024-08-15 10:19:13,518 [0e485a45-f52d-48d7-a7aa-3788f1251f10-groupManagement] INFO  segmented.SegmentedRaftLogWorker (SegmentedRaftLogWorker.java:lambda$new$0(135)) - 0e485a45-f52d-48d7-a7aa-3788f1251f10@group-E7362BF55D8D-SegmentedRaftLogWorker: flushIndex: setUnconditionally 0 -> -1
2024-08-15 10:19:13,518 [0e485a45-f52d-48d7-a7aa-3788f1251f10-groupManagement] INFO  segmented.SegmentedRaftLogWorker (SegmentedRaftLogWorker.java:lambda$new$0(135)) - 0e485a45-f52d-48d7-a7aa-3788f1251f10@group-E7362BF55D8D-SegmentedRaftLogWorker: safeCacheEvictIndex: setUnconditionally 0 -> -1
2024-08-15 10:19:13,518 [0e485a45-f52d-48d7-a7aa-3788f1251f10-groupManagement] INFO  server.RaftServer$Division (RaftServerImpl.java:start(389)) - 0e485a45-f52d-48d7-a7aa-3788f1251f10@group-E7362BF55D8D: start as a follower, conf=conf: {index: -1, cur=peers:[0e485a45-f52d-48d7-a7aa-3788f1251f10|127.0.0.1:15498, 38e4ed17-21fc-4cdd-a713-95c81e4a5ee7|127.0.0.1:15507, 1b29c983-94d7-499d-bcc1-fd69fd0caba2|127.0.0.1:15489]|listeners:[], old=null}
2024-08-15 10:19:13,518 [0e485a45-f52d-48d7-a7aa-3788f1251f10-groupManagement] INFO  server.RaftServer$Division (RaftServerImpl.java:setRole(376)) - 0e485a45-f52d-48d7-a7aa-3788f1251f10@group-E7362BF55D8D: changes role from      null to FOLLOWER at term 0 for startAsFollower
2024-08-15 10:19:13,518 [0e485a45-f52d-48d7-a7aa-3788f1251f10-groupManagement] INFO  impl.RoleInfo (RoleInfo.java:updateAndGet(148)) - 0e485a45-f52d-48d7-a7aa-3788f1251f10: start 0e485a45-f52d-48d7-a7aa-3788f1251f10@group-E7362BF55D8D-FollowerState
2024-08-15 10:19:13,518 [0e485a45-f52d-48d7-a7aa-3788f1251f10-groupManagement] INFO  util.JmxRegister (JmxRegister.java:tryRegister(44)) - Successfully registered JMX Bean with object name Ratis:service=RaftServer,group=group-E7362BF55D8D,id=0e485a45-f52d-48d7-a7aa-3788f1251f10
2024-08-15 10:19:13,519 [0e485a45-f52d-48d7-a7aa-3788f1251f10-groupManagement] INFO  util.JmxRegister (JmxRegister.java:register(58)) - register mxBean class org.apache.ratis.server.impl.RaftServerJmxAdapter as Ratis:service=RaftServer,group=group-E7362BF55D8D,id=0e485a45-f52d-48d7-a7aa-3788f1251f10
2024-08-15 10:19:13,519 [0e485a45-f52d-48d7-a7aa-3788f1251f10-groupManagement] INFO  server.RaftServerConfigKeys (ConfUtils.java:logGet(46)) - raft.server.snapshot.trigger-when-stop.enabled = true (default)
2024-08-15 10:19:13,519 [0e485a45-f52d-48d7-a7aa-3788f1251f10-groupManagement] INFO  server.RaftServerConfigKeys (ConfUtils.java:logGet(46)) - raft.server.snapshot.trigger-when-remove.enabled = true (default)
2024-08-15 10:19:13,519 [0e485a45-f52d-48d7-a7aa-3788f1251f10-groupManagement] INFO  server.RaftServerConfigKeys (ConfUtils.java:logGet(46)) - raft.server.snapshot.auto.trigger.enabled = true (custom)
2024-08-15 10:19:13,519 [0e485a45-f52d-48d7-a7aa-3788f1251f10-groupManagement] INFO  server.RaftServerConfigKeys (ConfUtils.java:logGet(46)) - raft.server.snapshot.auto.trigger.threshold = 10000 (custom)
2024-08-15 10:19:13,519 [0e485a45-f52d-48d7-a7aa-3788f1251f10-groupManagement] INFO  server.RaftServerConfigKeys (ConfUtils.java:logGet(46)) - raft.server.snapshot.retention.file.num = 5 (custom)
2024-08-15 10:19:13,519 [0e485a45-f52d-48d7-a7aa-3788f1251f10-groupManagement] INFO  server.RaftServerConfigKeys (ConfUtils.java:logGet(46)) - raft.server.log.purge.upto.snapshot.index = false (default)
2024-08-15 10:19:13,519 [0e485a45-f52d-48d7-a7aa-3788f1251f10@group-E7362BF55D8D-FollowerState] INFO  server.RaftServerConfigKeys (ConfUtils.java:logFallback(53)) - raft.server.rpc.first-election.timeout.min = 5s (fallback to raft.server.rpc.timeout.min)
2024-08-15 10:19:13,519 [0e485a45-f52d-48d7-a7aa-3788f1251f10@group-E7362BF55D8D-FollowerState] INFO  server.RaftServerConfigKeys (ConfUtils.java:logFallback(53)) - raft.server.rpc.first-election.timeout.max = 5200ms (fallback to raft.server.rpc.timeout.max)
2024-08-15 10:19:13,524 [grpc-default-executor-0] INFO  server.RaftServer (RaftServerProxy.java:addNew(101)) - 38e4ed17-21fc-4cdd-a713-95c81e4a5ee7: addNew group-E7362BF55D8D:[0e485a45-f52d-48d7-a7aa-3788f1251f10|127.0.0.1:15498, 38e4ed17-21fc-4cdd-a713-95c81e4a5ee7|127.0.0.1:15507, 1b29c983-94d7-499d-bcc1-fd69fd0caba2|127.0.0.1:15489] returns group-E7362BF55D8D:java.util.concurrent.CompletableFuture@5698e116[Not completed]
2024-08-15 10:19:13,524 [38e4ed17-21fc-4cdd-a713-95c81e4a5ee7-groupManagement] INFO  server.RaftServer$Division (RaftServerImpl.java:<init>(253)) - 38e4ed17-21fc-4cdd-a713-95c81e4a5ee7: new RaftServerImpl for group-E7362BF55D8D:[0e485a45-f52d-48d7-a7aa-3788f1251f10|127.0.0.1:15498, 38e4ed17-21fc-4cdd-a713-95c81e4a5ee7|127.0.0.1:15507, 1b29c983-94d7-499d-bcc1-fd69fd0caba2|127.0.0.1:15489] with ContainerStateMachine:uninitialized
2024-08-15 10:19:13,524 [38e4ed17-21fc-4cdd-a713-95c81e4a5ee7-groupManagement] INFO  server.RaftServerConfigKeys (ConfUtils.java:logGet(46)) - raft.server.rpc.timeout.min = 5s (custom)
2024-08-15 10:19:13,524 [38e4ed17-21fc-4cdd-a713-95c81e4a5ee7-groupManagement] INFO  server.RaftServerConfigKeys (ConfUtils.java:logGet(46)) - raft.server.rpc.timeout.max = 5200ms (custom)
2024-08-15 10:19:13,524 [38e4ed17-21fc-4cdd-a713-95c81e4a5ee7-groupManagement] INFO  server.RaftServerConfigKeys (ConfUtils.java:logGet(46)) - raft.server.rpc.sleep.time = 25ms (default)
2024-08-15 10:19:13,524 [38e4ed17-21fc-4cdd-a713-95c81e4a5ee7-groupManagement] INFO  server.RaftServerConfigKeys (ConfUtils.java:logGet(46)) - raft.server.rpc.slowness.timeout = 300000ms (custom)
2024-08-15 10:19:13,524 [38e4ed17-21fc-4cdd-a713-95c81e4a5ee7-groupManagement] INFO  server.RaftServerConfigKeys (ConfUtils.java:logGet(46)) - raft.server.leaderelection.leader.step-down.wait-time = 10s (default)
2024-08-15 10:19:13,524 [38e4ed17-21fc-4cdd-a713-95c81e4a5ee7-groupManagement] INFO  server.RaftServerConfigKeys (ConfUtils.java:logGet(46)) - raft.server.leaderelection.member.majority-add = false (default)
2024-08-15 10:19:13,524 [38e4ed17-21fc-4cdd-a713-95c81e4a5ee7-groupManagement] INFO  server.RaftServerConfigKeys (ConfUtils.java:logGet(46)) - raft.server.sleep.deviation.threshold = 300ms (default)
2024-08-15 10:19:13,524 [38e4ed17-21fc-4cdd-a713-95c81e4a5ee7-groupManagement] INFO  server.RaftServer$Division (ServerState.java:<init>(114)) - 38e4ed17-21fc-4cdd-a713-95c81e4a5ee7@group-E7362BF55D8D: ConfigurationManager, init=conf: {index: -1, cur=peers:[0e485a45-f52d-48d7-a7aa-3788f1251f10|127.0.0.1:15498, 38e4ed17-21fc-4cdd-a713-95c81e4a5ee7|127.0.0.1:15507, 1b29c983-94d7-499d-bcc1-fd69fd0caba2|127.0.0.1:15489]|listeners:[], old=null}, confs=<EMPTY_MAP>
2024-08-15 10:19:13,524 [38e4ed17-21fc-4cdd-a713-95c81e4a5ee7-groupManagement] INFO  server.RaftServerConfigKeys (ConfUtils.java:logGet(46)) - raft.server.notification.no-leader.timeout = 300000ms (custom)
2024-08-15 10:19:13,524 [38e4ed17-21fc-4cdd-a713-95c81e4a5ee7-groupManagement] INFO  server.RaftServerConfigKeys (ConfUtils.java:logGet(46)) - raft.server.read.timeout = 10s (default)
2024-08-15 10:19:13,525 [38e4ed17-21fc-4cdd-a713-95c81e4a5ee7-groupManagement] INFO  server.RaftServerConfigKeys (ConfUtils.java:logGet(46)) - raft.server.retrycache.expirytime = 600000ms (custom)
2024-08-15 10:19:13,525 [38e4ed17-21fc-4cdd-a713-95c81e4a5ee7-groupManagement] INFO  server.RaftServerConfigKeys (ConfUtils.java:logGet(46)) - raft.server.retrycache.statistics.expirytime = 100ms (default)
2024-08-15 10:19:13,525 [38e4ed17-21fc-4cdd-a713-95c81e4a5ee7-groupManagement] INFO  server.RaftServerConfigKeys (ConfUtils.java:logGet(46)) - raft.server.read.option = DEFAULT (default)
2024-08-15 10:19:13,525 [38e4ed17-21fc-4cdd-a713-95c81e4a5ee7-groupManagement] INFO  server.RaftServerConfigKeys (ConfUtils.java:logGet(46)) - raft.server.read.read-after-write-consistent.write-index-cache.expiry-time = 60s (default)
2024-08-15 10:19:13,526 [38e4ed17-21fc-4cdd-a713-95c81e4a5ee7-groupManagement] INFO  server.RaftServerConfigKeys (ConfUtils.java:logGet(46)) - raft.server.rpc.request.timeout = 3000ms (default)
2024-08-15 10:19:13,526 [38e4ed17-21fc-4cdd-a713-95c81e4a5ee7-groupManagement] INFO  server.RaftServerConfigKeys (ConfUtils.java:logGet(46)) - raft.server.log.appender.install.snapshot.enabled = false (custom)
2024-08-15 10:19:13,526 [38e4ed17-21fc-4cdd-a713-95c81e4a5ee7-groupManagement] INFO  server.RaftServerConfigKeys (ConfUtils.java:logGet(46)) - raft.server.threadpool.server.cached = true (default)
2024-08-15 10:19:13,526 [38e4ed17-21fc-4cdd-a713-95c81e4a5ee7-groupManagement] INFO  server.RaftServerConfigKeys (ConfUtils.java:logGet(46)) - raft.server.threadpool.server.size = 0 (default)
2024-08-15 10:19:13,526 [38e4ed17-21fc-4cdd-a713-95c81e4a5ee7-groupManagement] INFO  server.RaftServerConfigKeys (ConfUtils.java:logGet(46)) - raft.server.threadpool.client.cached = true (default)
2024-08-15 10:19:13,526 [38e4ed17-21fc-4cdd-a713-95c81e4a5ee7-groupManagement] INFO  server.RaftServerConfigKeys (ConfUtils.java:logGet(46)) - raft.server.threadpool.client.size = 0 (default)
2024-08-15 10:19:13,526 [38e4ed17-21fc-4cdd-a713-95c81e4a5ee7-groupManagement] INFO  server.RaftServerConfigKeys (ConfUtils.java:logGet(46)) - raft.server.storage.free-space.min = 0MB (=0) (default)
2024-08-15 10:19:13,526 [38e4ed17-21fc-4cdd-a713-95c81e4a5ee7-groupManagement] INFO  server.RaftServerConfigKeys (ConfUtils.java:logGet(46)) - raft.server.log.corruption.policy = EXCEPTION (default)
2024-08-15 10:19:13,526 [38e4ed17-21fc-4cdd-a713-95c81e4a5ee7-groupManagement] INFO  server.RaftServerConfigKeys (ConfUtils.java:logGet(46)) - raft.server.storage.dir = [/home/runner/work/ozone/ozone/hadoop-ozone/integration-test/target/test-dir/MiniOzoneClusterImpl-71195f16-0443-47ad-abb9-7568f4d0400c/ozone-meta/datanode-3/ratis] (custom)
2024-08-15 10:19:13,527 [38e4ed17-21fc-4cdd-a713-95c81e4a5ee7-groupManagement] INFO  storage.RaftStorageDirectory (RaftStorageDirectoryImpl.java:analyzeStorage(138)) - The storage directory /home/runner/work/ozone/ozone/hadoop-ozone/integration-test/target/test-dir/MiniOzoneClusterImpl-71195f16-0443-47ad-abb9-7568f4d0400c/ozone-meta/datanode-3/ratis/48e8ec4e-dd57-4ec7-adbf-e7362bf55d8d does not exist. Creating ...
2024-08-15 10:19:13,527 [38e4ed17-21fc-4cdd-a713-95c81e4a5ee7-groupManagement] INFO  storage.RaftStorageDirectory (RaftStorageDirectoryImpl.java:tryLock(229)) - Lock on /home/runner/work/ozone/ozone/hadoop-ozone/integration-test/target/test-dir/MiniOzoneClusterImpl-71195f16-0443-47ad-abb9-7568f4d0400c/ozone-meta/datanode-3/ratis/48e8ec4e-dd57-4ec7-adbf-e7362bf55d8d/in_use.lock acquired by nodename 113339@fv-az1107-352
2024-08-15 10:19:13,529 [38e4ed17-21fc-4cdd-a713-95c81e4a5ee7-groupManagement] INFO  storage.RaftStorage (RaftStorageImpl.java:format(98)) - Storage directory /home/runner/work/ozone/ozone/hadoop-ozone/integration-test/target/test-dir/MiniOzoneClusterImpl-71195f16-0443-47ad-abb9-7568f4d0400c/ozone-meta/datanode-3/ratis/48e8ec4e-dd57-4ec7-adbf-e7362bf55d8d has been successfully formatted.
2024-08-15 10:19:13,529 [38e4ed17-21fc-4cdd-a713-95c81e4a5ee7-groupManagement] INFO  ratis.ContainerStateMachine (ContainerStateMachine.java:loadSnapshot(295)) - group-E7362BF55D8D: The snapshot info is null. Setting the last applied index to:(t:0, i:~)
2024-08-15 10:19:13,529 [38e4ed17-21fc-4cdd-a713-95c81e4a5ee7-groupManagement] INFO  server.RaftServerConfigKeys (ConfUtils.java:logGet(46)) - raft.server.log.use.memory = false (default)
2024-08-15 10:19:13,529 [38e4ed17-21fc-4cdd-a713-95c81e4a5ee7-groupManagement] INFO  server.RaftServerConfigKeys (ConfUtils.java:logGet(46)) - raft.server.log.purge.gap = 1000000 (custom)
2024-08-15 10:19:13,529 [38e4ed17-21fc-4cdd-a713-95c81e4a5ee7-groupManagement] INFO  server.RaftServerConfigKeys (ConfUtils.java:logGet(46)) - raft.server.log.appender.buffer.byte-limit = 8388608 (custom)
2024-08-15 10:19:13,529 [38e4ed17-21fc-4cdd-a713-95c81e4a5ee7-groupManagement] INFO  server.RaftServerConfigKeys (ConfUtils.java:logGet(46)) - raft.server.log.statemachine.data.read.timeout = 1000ms (default)
2024-08-15 10:19:13,529 [38e4ed17-21fc-4cdd-a713-95c81e4a5ee7-groupManagement] INFO  server.RaftServerConfigKeys (ConfUtils.java:logGet(46)) - raft.server.log.purge.preservation.log.num = 0 (default)
2024-08-15 10:19:13,530 [38e4ed17-21fc-4cdd-a713-95c81e4a5ee7-groupManagement] INFO  server.RaftServerConfigKeys (ConfUtils.java:logGet(46)) - raft.server.log.segment.size.max = 67108864 (custom)
2024-08-15 10:19:13,531 [38e4ed17-21fc-4cdd-a713-95c81e4a5ee7-groupManagement] INFO  server.RaftServerConfigKeys (ConfUtils.java:logGet(46)) - raft.server.log.segment.cache.num.max = 2 (custom)
2024-08-15 10:19:13,531 [38e4ed17-21fc-4cdd-a713-95c81e4a5ee7-groupManagement] INFO  server.RaftServerConfigKeys (ConfUtils.java:logGet(46)) - raft.server.log.segment.cache.size.max = 200MB (=209715200) (default)
2024-08-15 10:19:13,531 [38e4ed17-21fc-4cdd-a713-95c81e4a5ee7-groupManagement] INFO  server.RaftServerConfigKeys (ConfUtils.java:logGet(46)) - raft.server.log.appender.buffer.byte-limit = 8388608 (custom)
2024-08-15 10:19:13,531 [38e4ed17-21fc-4cdd-a713-95c81e4a5ee7-groupManagement] INFO  util.AwaitToRun (AwaitToRun.java:start(81)) - Thread[38e4ed17-21fc-4cdd-a713-95c81e4a5ee7@group-E7362BF55D8D-cacheEviction-AwaitToRun,5,main] started
2024-08-15 10:19:13,531 [38e4ed17-21fc-4cdd-a713-95c81e4a5ee7-groupManagement] INFO  segmented.SegmentedRaftLogWorker (SegmentedRaftLogWorker.java:<init>(184)) - new 38e4ed17-21fc-4cdd-a713-95c81e4a5ee7@group-E7362BF55D8D-SegmentedRaftLogWorker for RaftStorageImpl:Storage Directory /home/runner/work/ozone/ozone/hadoop-ozone/integration-test/target/test-dir/MiniOzoneClusterImpl-71195f16-0443-47ad-abb9-7568f4d0400c/ozone-meta/datanode-3/ratis/48e8ec4e-dd57-4ec7-adbf-e7362bf55d8d
2024-08-15 10:19:13,531 [38e4ed17-21fc-4cdd-a713-95c81e4a5ee7-groupManagement] INFO  server.RaftServerConfigKeys (ConfUtils.java:logGet(46)) - raft.server.log.queue.byte-limit = 4294967296 (custom)
2024-08-15 10:19:13,531 [38e4ed17-21fc-4cdd-a713-95c81e4a5ee7-groupManagement] INFO  server.RaftServerConfigKeys (ConfUtils.java:logGet(46)) - raft.server.log.queue.element-limit = 1024 (custom)
2024-08-15 10:19:13,531 [38e4ed17-21fc-4cdd-a713-95c81e4a5ee7-groupManagement] INFO  server.RaftServerConfigKeys (ConfUtils.java:logGet(46)) - raft.server.log.segment.size.max = 67108864 (custom)
2024-08-15 10:19:13,531 [38e4ed17-21fc-4cdd-a713-95c81e4a5ee7-groupManagement] INFO  server.RaftServerConfigKeys (ConfUtils.java:logGet(46)) - raft.server.log.preallocated.size = 4194304 (custom)
2024-08-15 10:19:13,531 [38e4ed17-21fc-4cdd-a713-95c81e4a5ee7-groupManagement] INFO  server.RaftServerConfigKeys (ConfUtils.java:logGet(46)) - raft.server.log.force.sync.num = 128 (default)
2024-08-15 10:19:13,531 [38e4ed17-21fc-4cdd-a713-95c81e4a5ee7-groupManagement] INFO  server.RaftServerConfigKeys (ConfUtils.java:logGet(46)) - raft.server.log.statemachine.data.sync = true (default)
2024-08-15 10:19:13,531 [38e4ed17-21fc-4cdd-a713-95c81e4a5ee7-groupManagement] INFO  server.RaftServerConfigKeys (ConfUtils.java:logGet(46)) - raft.server.log.statemachine.data.sync.timeout = 10s (default)
2024-08-15 10:19:13,532 [38e4ed17-21fc-4cdd-a713-95c81e4a5ee7-groupManagement] INFO  server.RaftServerConfigKeys (ConfUtils.java:logGet(46)) - raft.server.log.statemachine.data.sync.timeout.retry = 30 (custom)
2024-08-15 10:19:13,532 [38e4ed17-21fc-4cdd-a713-95c81e4a5ee7-groupManagement] INFO  server.RaftServerConfigKeys (ConfUtils.java:logGet(46)) - raft.server.log.write.buffer.size = 8388616 (custom)
2024-08-15 10:19:13,532 [38e4ed17-21fc-4cdd-a713-95c81e4a5ee7-groupManagement] INFO  server.RaftServerConfigKeys (ConfUtils.java:logGet(46)) - raft.server.log.appender.buffer.byte-limit = 8388608 (custom)
2024-08-15 10:19:13,532 [38e4ed17-21fc-4cdd-a713-95c81e4a5ee7-groupManagement] INFO  server.RaftServerConfigKeys (ConfUtils.java:logGet(46)) - raft.server.log.unsafe-flush.enabled = false (default)
2024-08-15 10:19:13,533 [38e4ed17-21fc-4cdd-a713-95c81e4a5ee7-groupManagement] INFO  server.RaftServerConfigKeys (ConfUtils.java:logGet(46)) - raft.server.log.async-flush.enabled = false (default)
2024-08-15 10:19:13,533 [38e4ed17-21fc-4cdd-a713-95c81e4a5ee7-groupManagement] INFO  server.RaftServerConfigKeys (ConfUtils.java:logGet(46)) - raft.server.log.statemachine.data.caching.enabled = true (custom)
2024-08-15 10:19:13,533 [38e4ed17-21fc-4cdd-a713-95c81e4a5ee7-groupManagement] INFO  segmented.SegmentedRaftLogWorker (SegmentedRaftLogWorker.java:lambda$new$0(135)) - 38e4ed17-21fc-4cdd-a713-95c81e4a5ee7@group-E7362BF55D8D-SegmentedRaftLogWorker: flushIndex: setUnconditionally 0 -> -1
2024-08-15 10:19:13,533 [38e4ed17-21fc-4cdd-a713-95c81e4a5ee7-groupManagement] INFO  segmented.SegmentedRaftLogWorker (SegmentedRaftLogWorker.java:lambda$new$0(135)) - 38e4ed17-21fc-4cdd-a713-95c81e4a5ee7@group-E7362BF55D8D-SegmentedRaftLogWorker: safeCacheEvictIndex: setUnconditionally 0 -> -1
2024-08-15 10:19:13,533 [38e4ed17-21fc-4cdd-a713-95c81e4a5ee7-groupManagement] INFO  server.RaftServer$Division (RaftServerImpl.java:start(389)) - 38e4ed17-21fc-4cdd-a713-95c81e4a5ee7@group-E7362BF55D8D: start as a follower, conf=conf: {index: -1, cur=peers:[0e485a45-f52d-48d7-a7aa-3788f1251f10|127.0.0.1:15498, 38e4ed17-21fc-4cdd-a713-95c81e4a5ee7|127.0.0.1:15507, 1b29c983-94d7-499d-bcc1-fd69fd0caba2|127.0.0.1:15489]|listeners:[], old=null}
2024-08-15 10:19:13,533 [38e4ed17-21fc-4cdd-a713-95c81e4a5ee7-groupManagement] INFO  server.RaftServer$Division (RaftServerImpl.java:setRole(376)) - 38e4ed17-21fc-4cdd-a713-95c81e4a5ee7@group-E7362BF55D8D: changes role from      null to FOLLOWER at term 0 for startAsFollower
2024-08-15 10:19:13,533 [38e4ed17-21fc-4cdd-a713-95c81e4a5ee7-groupManagement] INFO  impl.RoleInfo (RoleInfo.java:updateAndGet(148)) - 38e4ed17-21fc-4cdd-a713-95c81e4a5ee7: start 38e4ed17-21fc-4cdd-a713-95c81e4a5ee7@group-E7362BF55D8D-FollowerState
2024-08-15 10:19:13,533 [38e4ed17-21fc-4cdd-a713-95c81e4a5ee7@group-E7362BF55D8D-FollowerState] INFO  server.RaftServerConfigKeys (ConfUtils.java:logFallback(53)) - raft.server.rpc.first-election.timeout.min = 5s (fallback to raft.server.rpc.timeout.min)
2024-08-15 10:19:13,533 [38e4ed17-21fc-4cdd-a713-95c81e4a5ee7@group-E7362BF55D8D-FollowerState] INFO  server.RaftServerConfigKeys (ConfUtils.java:logFallback(53)) - raft.server.rpc.first-election.timeout.max = 5200ms (fallback to raft.server.rpc.timeout.max)
2024-08-15 10:19:13,533 [38e4ed17-21fc-4cdd-a713-95c81e4a5ee7-groupManagement] INFO  util.JmxRegister (JmxRegister.java:tryRegister(44)) - Successfully registered JMX Bean with object name Ratis:service=RaftServer,group=group-E7362BF55D8D,id=38e4ed17-21fc-4cdd-a713-95c81e4a5ee7
2024-08-15 10:19:13,534 [38e4ed17-21fc-4cdd-a713-95c81e4a5ee7-groupManagement] INFO  util.JmxRegister (JmxRegister.java:register(58)) - register mxBean class org.apache.ratis.server.impl.RaftServerJmxAdapter as Ratis:service=RaftServer,group=group-E7362BF55D8D,id=38e4ed17-21fc-4cdd-a713-95c81e4a5ee7
2024-08-15 10:19:13,534 [38e4ed17-21fc-4cdd-a713-95c81e4a5ee7-groupManagement] INFO  server.RaftServerConfigKeys (ConfUtils.java:logGet(46)) - raft.server.snapshot.trigger-when-stop.enabled = true (default)
2024-08-15 10:19:13,534 [38e4ed17-21fc-4cdd-a713-95c81e4a5ee7-groupManagement] INFO  server.RaftServerConfigKeys (ConfUtils.java:logGet(46)) - raft.server.snapshot.trigger-when-remove.enabled = true (default)
2024-08-15 10:19:13,534 [38e4ed17-21fc-4cdd-a713-95c81e4a5ee7-groupManagement] INFO  server.RaftServerConfigKeys (ConfUtils.java:logGet(46)) - raft.server.snapshot.auto.trigger.enabled = true (custom)
2024-08-15 10:19:13,534 [38e4ed17-21fc-4cdd-a713-95c81e4a5ee7-groupManagement] INFO  server.RaftServerConfigKeys (ConfUtils.java:logGet(46)) - raft.server.snapshot.auto.trigger.threshold = 10000 (custom)
2024-08-15 10:19:13,534 [38e4ed17-21fc-4cdd-a713-95c81e4a5ee7-groupManagement] INFO  server.RaftServerConfigKeys (ConfUtils.java:logGet(46)) - raft.server.snapshot.retention.file.num = 5 (custom)
2024-08-15 10:19:13,534 [38e4ed17-21fc-4cdd-a713-95c81e4a5ee7-groupManagement] INFO  server.RaftServerConfigKeys (ConfUtils.java:logGet(46)) - raft.server.log.purge.upto.snapshot.index = false (default)
2024-08-15 10:19:13,537 [1b29c983-94d7-499d-bcc1-fd69fd0caba2-PipelineCommandHandlerThread-0] INFO  commandhandler.CreatePipelineCommandHandler (CreatePipelineCommandHandler.java:lambda$handle$2(124)) - Created Pipeline RATIS THREE PipelineID=48e8ec4e-dd57-4ec7-adbf-e7362bf55d8d.
2024-08-15 10:19:13,620 [0e485a45-f52d-48d7-a7aa-3788f1251f10-PipelineCommandHandlerThread-0] INFO  server.RaftServer (RaftServerProxy.java:addNew(101)) - 0e485a45-f52d-48d7-a7aa-3788f1251f10: addNew group-9F544E2A2ED9:[0e485a45-f52d-48d7-a7aa-3788f1251f10|127.0.0.1:15498] returns group-9F544E2A2ED9:java.util.concurrent.CompletableFuture@43a11526[Not completed]
2024-08-15 10:19:13,620 [0e485a45-f52d-48d7-a7aa-3788f1251f10-groupManagement] INFO  server.RaftServer$Division (RaftServerImpl.java:<init>(253)) - 0e485a45-f52d-48d7-a7aa-3788f1251f10: new RaftServerImpl for group-9F544E2A2ED9:[0e485a45-f52d-48d7-a7aa-3788f1251f10|127.0.0.1:15498] with ContainerStateMachine:uninitialized
2024-08-15 10:19:13,620 [0e485a45-f52d-48d7-a7aa-3788f1251f10-groupManagement] INFO  server.RaftServerConfigKeys (ConfUtils.java:logGet(46)) - raft.server.rpc.timeout.min = 5s (custom)
2024-08-15 10:19:13,621 [0e485a45-f52d-48d7-a7aa-3788f1251f10-groupManagement] INFO  server.RaftServerConfigKeys (ConfUtils.java:logGet(46)) - raft.server.rpc.timeout.max = 5200ms (custom)
2024-08-15 10:19:13,621 [0e485a45-f52d-48d7-a7aa-3788f1251f10-groupManagement] INFO  server.RaftServerConfigKeys (ConfUtils.java:logGet(46)) - raft.server.rpc.sleep.time = 25ms (default)
2024-08-15 10:19:13,621 [0e485a45-f52d-48d7-a7aa-3788f1251f10-groupManagement] INFO  server.RaftServerConfigKeys (ConfUtils.java:logGet(46)) - raft.server.rpc.slowness.timeout = 300000ms (custom)
2024-08-15 10:19:13,621 [0e485a45-f52d-48d7-a7aa-3788f1251f10-groupManagement] INFO  server.RaftServerConfigKeys (ConfUtils.java:logGet(46)) - raft.server.leaderelection.leader.step-down.wait-time = 10s (default)
2024-08-15 10:19:13,621 [0e485a45-f52d-48d7-a7aa-3788f1251f10-groupManagement] INFO  server.RaftServerConfigKeys (ConfUtils.java:logGet(46)) - raft.server.leaderelection.member.majority-add = false (default)
2024-08-15 10:19:13,621 [0e485a45-f52d-48d7-a7aa-3788f1251f10-groupManagement] INFO  server.RaftServerConfigKeys (ConfUtils.java:logGet(46)) - raft.server.sleep.deviation.threshold = 300ms (default)
2024-08-15 10:19:13,621 [0e485a45-f52d-48d7-a7aa-3788f1251f10-groupManagement] INFO  server.RaftServer$Division (ServerState.java:<init>(114)) - 0e485a45-f52d-48d7-a7aa-3788f1251f10@group-9F544E2A2ED9: ConfigurationManager, init=conf: {index: -1, cur=peers:[0e485a45-f52d-48d7-a7aa-3788f1251f10|127.0.0.1:15498]|listeners:[], old=null}, confs=<EMPTY_MAP>
2024-08-15 10:19:13,621 [0e485a45-f52d-48d7-a7aa-3788f1251f10-groupManagement] INFO  server.RaftServerConfigKeys (ConfUtils.java:logGet(46)) - raft.server.notification.no-leader.timeout = 300000ms (custom)
2024-08-15 10:19:13,621 [0e485a45-f52d-48d7-a7aa-3788f1251f10-groupManagement] INFO  server.RaftServerConfigKeys (ConfUtils.java:logGet(46)) - raft.server.read.timeout = 10s (default)
2024-08-15 10:19:13,621 [0e485a45-f52d-48d7-a7aa-3788f1251f10-groupManagement] INFO  server.RaftServerConfigKeys (ConfUtils.java:logGet(46)) - raft.server.retrycache.expirytime = 600000ms (custom)
2024-08-15 10:19:13,621 [0e485a45-f52d-48d7-a7aa-3788f1251f10-groupManagement] INFO  server.RaftServerConfigKeys (ConfUtils.java:logGet(46)) - raft.server.retrycache.statistics.expirytime = 100ms (default)
2024-08-15 10:19:13,621 [0e485a45-f52d-48d7-a7aa-3788f1251f10-groupManagement] INFO  server.RaftServerConfigKeys (ConfUtils.java:logGet(46)) - raft.server.read.option = DEFAULT (default)
2024-08-15 10:19:13,621 [0e485a45-f52d-48d7-a7aa-3788f1251f10-groupManagement] INFO  server.RaftServerConfigKeys (ConfUtils.java:logGet(46)) - raft.server.read.read-after-write-consistent.write-index-cache.expiry-time = 60s (default)
2024-08-15 10:19:13,622 [0e485a45-f52d-48d7-a7aa-3788f1251f10-groupManagement] INFO  server.RaftServerConfigKeys (ConfUtils.java:logGet(46)) - raft.server.rpc.request.timeout = 3000ms (default)
2024-08-15 10:19:13,622 [0e485a45-f52d-48d7-a7aa-3788f1251f10-groupManagement] INFO  server.RaftServerConfigKeys (ConfUtils.java:logGet(46)) - raft.server.log.appender.install.snapshot.enabled = false (custom)
2024-08-15 10:19:13,622 [0e485a45-f52d-48d7-a7aa-3788f1251f10-groupManagement] INFO  server.RaftServerConfigKeys (ConfUtils.java:logGet(46)) - raft.server.threadpool.server.cached = true (default)
2024-08-15 10:19:13,623 [0e485a45-f52d-48d7-a7aa-3788f1251f10-groupManagement] INFO  server.RaftServerConfigKeys (ConfUtils.java:logGet(46)) - raft.server.threadpool.server.size = 0 (default)
2024-08-15 10:19:13,623 [0e485a45-f52d-48d7-a7aa-3788f1251f10-groupManagement] INFO  server.RaftServerConfigKeys (ConfUtils.java:logGet(46)) - raft.server.threadpool.client.cached = true (default)
2024-08-15 10:19:13,623 [0e485a45-f52d-48d7-a7aa-3788f1251f10-groupManagement] INFO  server.RaftServerConfigKeys (ConfUtils.java:logGet(46)) - raft.server.threadpool.client.size = 0 (default)
2024-08-15 10:19:13,623 [0e485a45-f52d-48d7-a7aa-3788f1251f10-groupManagement] INFO  server.RaftServerConfigKeys (ConfUtils.java:logGet(46)) - raft.server.storage.free-space.min = 0MB (=0) (default)
2024-08-15 10:19:13,623 [0e485a45-f52d-48d7-a7aa-3788f1251f10-groupManagement] INFO  server.RaftServerConfigKeys (ConfUtils.java:logGet(46)) - raft.server.log.corruption.policy = EXCEPTION (default)
2024-08-15 10:19:13,623 [0e485a45-f52d-48d7-a7aa-3788f1251f10-groupManagement] INFO  server.RaftServerConfigKeys (ConfUtils.java:logGet(46)) - raft.server.storage.dir = [/home/runner/work/ozone/ozone/hadoop-ozone/integration-test/target/test-dir/MiniOzoneClusterImpl-71195f16-0443-47ad-abb9-7568f4d0400c/ozone-meta/datanode-2/ratis] (custom)
2024-08-15 10:19:13,623 [0e485a45-f52d-48d7-a7aa-3788f1251f10-groupManagement] INFO  storage.RaftStorageDirectory (RaftStorageDirectoryImpl.java:analyzeStorage(138)) - The storage directory /home/runner/work/ozone/ozone/hadoop-ozone/integration-test/target/test-dir/MiniOzoneClusterImpl-71195f16-0443-47ad-abb9-7568f4d0400c/ozone-meta/datanode-2/ratis/0bc16a11-10f7-4576-be58-9f544e2a2ed9 does not exist. Creating ...
2024-08-15 10:19:13,624 [0e485a45-f52d-48d7-a7aa-3788f1251f10-groupManagement] INFO  storage.RaftStorageDirectory (RaftStorageDirectoryImpl.java:tryLock(229)) - Lock on /home/runner/work/ozone/ozone/hadoop-ozone/integration-test/target/test-dir/MiniOzoneClusterImpl-71195f16-0443-47ad-abb9-7568f4d0400c/ozone-meta/datanode-2/ratis/0bc16a11-10f7-4576-be58-9f544e2a2ed9/in_use.lock acquired by nodename 113339@fv-az1107-352
2024-08-15 10:19:13,625 [0e485a45-f52d-48d7-a7aa-3788f1251f10-groupManagement] INFO  storage.RaftStorage (RaftStorageImpl.java:format(98)) - Storage directory /home/runner/work/ozone/ozone/hadoop-ozone/integration-test/target/test-dir/MiniOzoneClusterImpl-71195f16-0443-47ad-abb9-7568f4d0400c/ozone-meta/datanode-2/ratis/0bc16a11-10f7-4576-be58-9f544e2a2ed9 has been successfully formatted.
2024-08-15 10:19:13,625 [0e485a45-f52d-48d7-a7aa-3788f1251f10-groupManagement] INFO  ratis.ContainerStateMachine (ContainerStateMachine.java:loadSnapshot(295)) - group-9F544E2A2ED9: The snapshot info is null. Setting the last applied index to:(t:0, i:~)
2024-08-15 10:19:13,625 [0e485a45-f52d-48d7-a7aa-3788f1251f10-groupManagement] INFO  server.RaftServerConfigKeys (ConfUtils.java:logGet(46)) - raft.server.log.use.memory = false (default)
2024-08-15 10:19:13,625 [0e485a45-f52d-48d7-a7aa-3788f1251f10-groupManagement] INFO  server.RaftServerConfigKeys (ConfUtils.java:logGet(46)) - raft.server.log.purge.gap = 1000000 (custom)
2024-08-15 10:19:13,625 [0e485a45-f52d-48d7-a7aa-3788f1251f10-groupManagement] INFO  server.RaftServerConfigKeys (ConfUtils.java:logGet(46)) - raft.server.log.appender.buffer.byte-limit = 8388608 (custom)
2024-08-15 10:19:13,625 [0e485a45-f52d-48d7-a7aa-3788f1251f10-groupManagement] INFO  server.RaftServerConfigKeys (ConfUtils.java:logGet(46)) - raft.server.log.statemachine.data.read.timeout = 1000ms (default)
2024-08-15 10:19:13,625 [0e485a45-f52d-48d7-a7aa-3788f1251f10-groupManagement] INFO  server.RaftServerConfigKeys (ConfUtils.java:logGet(46)) - raft.server.log.purge.preservation.log.num = 0 (default)
2024-08-15 10:19:13,626 [EventQueue-PipelineReportForPipelineReportHandler] INFO  pipeline.PipelineReportHandler (PipelineReportHandler.java:processPipelineReport(136)) - Opened pipeline PipelineID=0bc16a11-10f7-4576-be58-9f544e2a2ed9
2024-08-15 10:19:13,626 [0e485a45-f52d-48d7-a7aa-3788f1251f10-groupManagement] INFO  server.RaftServerConfigKeys (ConfUtils.java:logGet(46)) - raft.server.log.segment.size.max = 67108864 (custom)
2024-08-15 10:19:13,626 [EventQueue-OpenPipelineForHealthyPipelineSafeModeRule] INFO  safemode.SCMSafeModeManager (HealthyPipelineSafeModeRule.java:process(140)) - SCM in safe mode. Healthy pipelines reported count is 0, required healthy pipeline reported count is 1
2024-08-15 10:19:13,626 [0e485a45-f52d-48d7-a7aa-3788f1251f10-groupManagement] INFO  server.RaftServerConfigKeys (ConfUtils.java:logGet(46)) - raft.server.log.segment.cache.num.max = 2 (custom)
2024-08-15 10:19:13,626 [0e485a45-f52d-48d7-a7aa-3788f1251f10-groupManagement] INFO  server.RaftServerConfigKeys (ConfUtils.java:logGet(46)) - raft.server.log.segment.cache.size.max = 200MB (=209715200) (default)
2024-08-15 10:19:13,626 [0e485a45-f52d-48d7-a7aa-3788f1251f10-groupManagement] INFO  server.RaftServerConfigKeys (ConfUtils.java:logGet(46)) - raft.server.log.appender.buffer.byte-limit = 8388608 (custom)
2024-08-15 10:19:13,627 [0e485a45-f52d-48d7-a7aa-3788f1251f10-groupManagement] INFO  util.AwaitToRun (AwaitToRun.java:start(81)) - Thread[0e485a45-f52d-48d7-a7aa-3788f1251f10@group-9F544E2A2ED9-cacheEviction-AwaitToRun,5,main] started
2024-08-15 10:19:13,627 [0e485a45-f52d-48d7-a7aa-3788f1251f10-groupManagement] INFO  segmented.SegmentedRaftLogWorker (SegmentedRaftLogWorker.java:<init>(184)) - new 0e485a45-f52d-48d7-a7aa-3788f1251f10@group-9F544E2A2ED9-SegmentedRaftLogWorker for RaftStorageImpl:Storage Directory /home/runner/work/ozone/ozone/hadoop-ozone/integration-test/target/test-dir/MiniOzoneClusterImpl-71195f16-0443-47ad-abb9-7568f4d0400c/ozone-meta/datanode-2/ratis/0bc16a11-10f7-4576-be58-9f544e2a2ed9
2024-08-15 10:19:13,627 [0e485a45-f52d-48d7-a7aa-3788f1251f10-groupManagement] INFO  server.RaftServerConfigKeys (ConfUtils.java:logGet(46)) - raft.server.log.queue.byte-limit = 4294967296 (custom)
2024-08-15 10:19:13,627 [0e485a45-f52d-48d7-a7aa-3788f1251f10-groupManagement] INFO  server.RaftServerConfigKeys (ConfUtils.java:logGet(46)) - raft.server.log.queue.element-limit = 1024 (custom)
2024-08-15 10:19:13,627 [0e485a45-f52d-48d7-a7aa-3788f1251f10-groupManagement] INFO  server.RaftServerConfigKeys (ConfUtils.java:logGet(46)) - raft.server.log.segment.size.max = 67108864 (custom)
2024-08-15 10:19:13,627 [0e485a45-f52d-48d7-a7aa-3788f1251f10-groupManagement] INFO  server.RaftServerConfigKeys (ConfUtils.java:logGet(46)) - raft.server.log.preallocated.size = 4194304 (custom)
2024-08-15 10:19:13,627 [0e485a45-f52d-48d7-a7aa-3788f1251f10-groupManagement] INFO  server.RaftServerConfigKeys (ConfUtils.java:logGet(46)) - raft.server.log.force.sync.num = 128 (default)
2024-08-15 10:19:13,627 [0e485a45-f52d-48d7-a7aa-3788f1251f10-groupManagement] INFO  server.RaftServerConfigKeys (ConfUtils.java:logGet(46)) - raft.server.log.statemachine.data.sync = true (default)
2024-08-15 10:19:13,627 [0e485a45-f52d-48d7-a7aa-3788f1251f10-groupManagement] INFO  server.RaftServerConfigKeys (ConfUtils.java:logGet(46)) - raft.server.log.statemachine.data.sync.timeout = 10s (default)
2024-08-15 10:19:13,627 [0e485a45-f52d-48d7-a7aa-3788f1251f10-groupManagement] INFO  server.RaftServerConfigKeys (ConfUtils.java:logGet(46)) - raft.server.log.statemachine.data.sync.timeout.retry = 30 (custom)
2024-08-15 10:19:13,627 [0e485a45-f52d-48d7-a7aa-3788f1251f10-groupManagement] INFO  server.RaftServerConfigKeys (ConfUtils.java:logGet(46)) - raft.server.log.write.buffer.size = 8388616 (custom)
2024-08-15 10:19:13,628 [0e485a45-f52d-48d7-a7aa-3788f1251f10-groupManagement] INFO  server.RaftServerConfigKeys (ConfUtils.java:logGet(46)) - raft.server.log.appender.buffer.byte-limit = 8388608 (custom)
2024-08-15 10:19:13,628 [0e485a45-f52d-48d7-a7aa-3788f1251f10-groupManagement] INFO  server.RaftServerConfigKeys (ConfUtils.java:logGet(46)) - raft.server.log.unsafe-flush.enabled = false (default)
2024-08-15 10:19:13,628 [0e485a45-f52d-48d7-a7aa-3788f1251f10-groupManagement] INFO  server.RaftServerConfigKeys (ConfUtils.java:logGet(46)) - raft.server.log.async-flush.enabled = false (default)
2024-08-15 10:19:13,628 [0e485a45-f52d-48d7-a7aa-3788f1251f10-groupManagement] INFO  server.RaftServerConfigKeys (ConfUtils.java:logGet(46)) - raft.server.log.statemachine.data.caching.enabled = true (custom)
2024-08-15 10:19:13,628 [0e485a45-f52d-48d7-a7aa-3788f1251f10-groupManagement] INFO  segmented.SegmentedRaftLogWorker (SegmentedRaftLogWorker.java:lambda$new$0(135)) - 0e485a45-f52d-48d7-a7aa-3788f1251f10@group-9F544E2A2ED9-SegmentedRaftLogWorker: flushIndex: setUnconditionally 0 -> -1
2024-08-15 10:19:13,628 [0e485a45-f52d-48d7-a7aa-3788f1251f10-groupManagement] INFO  segmented.SegmentedRaftLogWorker (SegmentedRaftLogWorker.java:lambda$new$0(135)) - 0e485a45-f52d-48d7-a7aa-3788f1251f10@group-9F544E2A2ED9-SegmentedRaftLogWorker: safeCacheEvictIndex: setUnconditionally 0 -> -1
2024-08-15 10:19:13,628 [0e485a45-f52d-48d7-a7aa-3788f1251f10-groupManagement] INFO  server.RaftServer$Division (RaftServerImpl.java:start(389)) - 0e485a45-f52d-48d7-a7aa-3788f1251f10@group-9F544E2A2ED9: start as a follower, conf=conf: {index: -1, cur=peers:[0e485a45-f52d-48d7-a7aa-3788f1251f10|127.0.0.1:15498]|listeners:[], old=null}
2024-08-15 10:19:13,628 [0e485a45-f52d-48d7-a7aa-3788f1251f10-groupManagement] INFO  server.RaftServer$Division (RaftServerImpl.java:setRole(376)) - 0e485a45-f52d-48d7-a7aa-3788f1251f10@group-9F544E2A2ED9: changes role from      null to FOLLOWER at term 0 for startAsFollower
2024-08-15 10:19:13,628 [0e485a45-f52d-48d7-a7aa-3788f1251f10-groupManagement] INFO  impl.RoleInfo (RoleInfo.java:updateAndGet(148)) - 0e485a45-f52d-48d7-a7aa-3788f1251f10: start 0e485a45-f52d-48d7-a7aa-3788f1251f10@group-9F544E2A2ED9-FollowerState
2024-08-15 10:19:13,628 [0e485a45-f52d-48d7-a7aa-3788f1251f10@group-9F544E2A2ED9-FollowerState] INFO  server.RaftServerConfigKeys (ConfUtils.java:logFallback(53)) - raft.server.rpc.first-election.timeout.min = 5s (fallback to raft.server.rpc.timeout.min)
2024-08-15 10:19:13,629 [0e485a45-f52d-48d7-a7aa-3788f1251f10@group-9F544E2A2ED9-FollowerState] INFO  server.RaftServerConfigKeys (ConfUtils.java:logFallback(53)) - raft.server.rpc.first-election.timeout.max = 5200ms (fallback to raft.server.rpc.timeout.max)
2024-08-15 10:19:13,628 [0e485a45-f52d-48d7-a7aa-3788f1251f10-groupManagement] INFO  util.JmxRegister (JmxRegister.java:tryRegister(44)) - Successfully registered JMX Bean with object name Ratis:service=RaftServer,group=group-9F544E2A2ED9,id=0e485a45-f52d-48d7-a7aa-3788f1251f10
2024-08-15 10:19:13,629 [0e485a45-f52d-48d7-a7aa-3788f1251f10-groupManagement] INFO  util.JmxRegister (JmxRegister.java:register(58)) - register mxBean class org.apache.ratis.server.impl.RaftServerJmxAdapter as Ratis:service=RaftServer,group=group-9F544E2A2ED9,id=0e485a45-f52d-48d7-a7aa-3788f1251f10
2024-08-15 10:19:13,629 [0e485a45-f52d-48d7-a7aa-3788f1251f10-groupManagement] INFO  server.RaftServerConfigKeys (ConfUtils.java:logGet(46)) - raft.server.snapshot.trigger-when-stop.enabled = true (default)
2024-08-15 10:19:13,629 [0e485a45-f52d-48d7-a7aa-3788f1251f10-groupManagement] INFO  server.RaftServerConfigKeys (ConfUtils.java:logGet(46)) - raft.server.snapshot.trigger-when-remove.enabled = true (default)
2024-08-15 10:19:13,629 [0e485a45-f52d-48d7-a7aa-3788f1251f10-groupManagement] INFO  server.RaftServerConfigKeys (ConfUtils.java:logGet(46)) - raft.server.snapshot.auto.trigger.enabled = true (custom)
2024-08-15 10:19:13,629 [0e485a45-f52d-48d7-a7aa-3788f1251f10-groupManagement] INFO  server.RaftServerConfigKeys (ConfUtils.java:logGet(46)) - raft.server.snapshot.auto.trigger.threshold = 10000 (custom)
2024-08-15 10:19:13,629 [0e485a45-f52d-48d7-a7aa-3788f1251f10-groupManagement] INFO  server.RaftServerConfigKeys (ConfUtils.java:logGet(46)) - raft.server.snapshot.retention.file.num = 5 (custom)
2024-08-15 10:19:13,629 [0e485a45-f52d-48d7-a7aa-3788f1251f10-groupManagement] INFO  server.RaftServerConfigKeys (ConfUtils.java:logGet(46)) - raft.server.log.purge.upto.snapshot.index = false (default)
2024-08-15 10:19:13,629 [0e485a45-f52d-48d7-a7aa-3788f1251f10-PipelineCommandHandlerThread-0] INFO  ratis.XceiverServerRatis (XceiverServerRatis.java:addGroup(850)) - Created group PipelineID=0bc16a11-10f7-4576-be58-9f544e2a2ed9
2024-08-15 10:19:13,629 [0e485a45-f52d-48d7-a7aa-3788f1251f10-PipelineCommandHandlerThread-0] INFO  commandhandler.CreatePipelineCommandHandler (CreatePipelineCommandHandler.java:lambda$handle$2(124)) - Created Pipeline RATIS ONE PipelineID=0bc16a11-10f7-4576-be58-9f544e2a2ed9.
2024-08-15 10:19:13,841 [38e4ed17-21fc-4cdd-a713-95c81e4a5ee7-PipelineCommandHandlerThread-0] INFO  server.RaftServer (RaftServerProxy.java:addNew(101)) - 38e4ed17-21fc-4cdd-a713-95c81e4a5ee7: addNew group-A82F5976FBFF:[38e4ed17-21fc-4cdd-a713-95c81e4a5ee7|127.0.0.1:15507] returns group-A82F5976FBFF:java.util.concurrent.CompletableFuture@4388a438[Not completed]
2024-08-15 10:19:13,841 [38e4ed17-21fc-4cdd-a713-95c81e4a5ee7-groupManagement] INFO  server.RaftServer$Division (RaftServerImpl.java:<init>(253)) - 38e4ed17-21fc-4cdd-a713-95c81e4a5ee7: new RaftServerImpl for group-A82F5976FBFF:[38e4ed17-21fc-4cdd-a713-95c81e4a5ee7|127.0.0.1:15507] with ContainerStateMachine:uninitialized
2024-08-15 10:19:13,841 [38e4ed17-21fc-4cdd-a713-95c81e4a5ee7-groupManagement] INFO  server.RaftServerConfigKeys (ConfUtils.java:logGet(46)) - raft.server.rpc.timeout.min = 5s (custom)
2024-08-15 10:19:13,841 [38e4ed17-21fc-4cdd-a713-95c81e4a5ee7-groupManagement] INFO  server.RaftServerConfigKeys (ConfUtils.java:logGet(46)) - raft.server.rpc.timeout.max = 5200ms (custom)
2024-08-15 10:19:13,841 [38e4ed17-21fc-4cdd-a713-95c81e4a5ee7-groupManagement] INFO  server.RaftServerConfigKeys (ConfUtils.java:logGet(46)) - raft.server.rpc.sleep.time = 25ms (default)
2024-08-15 10:19:13,841 [38e4ed17-21fc-4cdd-a713-95c81e4a5ee7-groupManagement] INFO  server.RaftServerConfigKeys (ConfUtils.java:logGet(46)) - raft.server.rpc.slowness.timeout = 300000ms (custom)
2024-08-15 10:19:13,841 [38e4ed17-21fc-4cdd-a713-95c81e4a5ee7-groupManagement] INFO  server.RaftServerConfigKeys (ConfUtils.java:logGet(46)) - raft.server.leaderelection.leader.step-down.wait-time = 10s (default)
2024-08-15 10:19:13,842 [38e4ed17-21fc-4cdd-a713-95c81e4a5ee7-groupManagement] INFO  server.RaftServerConfigKeys (ConfUtils.java:logGet(46)) - raft.server.leaderelection.member.majority-add = false (default)
2024-08-15 10:19:13,842 [38e4ed17-21fc-4cdd-a713-95c81e4a5ee7-groupManagement] INFO  server.RaftServerConfigKeys (ConfUtils.java:logGet(46)) - raft.server.sleep.deviation.threshold = 300ms (default)
2024-08-15 10:19:13,842 [38e4ed17-21fc-4cdd-a713-95c81e4a5ee7-groupManagement] INFO  server.RaftServer$Division (ServerState.java:<init>(114)) - 38e4ed17-21fc-4cdd-a713-95c81e4a5ee7@group-A82F5976FBFF: ConfigurationManager, init=conf: {index: -1, cur=peers:[38e4ed17-21fc-4cdd-a713-95c81e4a5ee7|127.0.0.1:15507]|listeners:[], old=null}, confs=<EMPTY_MAP>
2024-08-15 10:19:13,842 [38e4ed17-21fc-4cdd-a713-95c81e4a5ee7-groupManagement] INFO  server.RaftServerConfigKeys (ConfUtils.java:logGet(46)) - raft.server.notification.no-leader.timeout = 300000ms (custom)
2024-08-15 10:19:13,842 [38e4ed17-21fc-4cdd-a713-95c81e4a5ee7-groupManagement] INFO  server.RaftServerConfigKeys (ConfUtils.java:logGet(46)) - raft.server.read.timeout = 10s (default)
2024-08-15 10:19:13,842 [38e4ed17-21fc-4cdd-a713-95c81e4a5ee7-groupManagement] INFO  server.RaftServerConfigKeys (ConfUtils.java:logGet(46)) - raft.server.retrycache.expirytime = 600000ms (custom)
2024-08-15 10:19:13,842 [38e4ed17-21fc-4cdd-a713-95c81e4a5ee7-groupManagement] INFO  server.RaftServerConfigKeys (ConfUtils.java:logGet(46)) - raft.server.retrycache.statistics.expirytime = 100ms (default)
2024-08-15 10:19:13,842 [38e4ed17-21fc-4cdd-a713-95c81e4a5ee7-groupManagement] INFO  server.RaftServerConfigKeys (ConfUtils.java:logGet(46)) - raft.server.read.option = DEFAULT (default)
2024-08-15 10:19:13,842 [38e4ed17-21fc-4cdd-a713-95c81e4a5ee7-groupManagement] INFO  server.RaftServerConfigKeys (ConfUtils.java:logGet(46)) - raft.server.read.read-after-write-consistent.write-index-cache.expiry-time = 60s (default)
2024-08-15 10:19:13,844 [38e4ed17-21fc-4cdd-a713-95c81e4a5ee7-groupManagement] INFO  server.RaftServerConfigKeys (ConfUtils.java:logGet(46)) - raft.server.rpc.request.timeout = 3000ms (default)
2024-08-15 10:19:13,844 [38e4ed17-21fc-4cdd-a713-95c81e4a5ee7-groupManagement] INFO  server.RaftServerConfigKeys (ConfUtils.java:logGet(46)) - raft.server.log.appender.install.snapshot.enabled = false (custom)
2024-08-15 10:19:13,844 [38e4ed17-21fc-4cdd-a713-95c81e4a5ee7-groupManagement] INFO  server.RaftServerConfigKeys (ConfUtils.java:logGet(46)) - raft.server.threadpool.server.cached = true (default)
2024-08-15 10:19:13,844 [38e4ed17-21fc-4cdd-a713-95c81e4a5ee7-groupManagement] INFO  server.RaftServerConfigKeys (ConfUtils.java:logGet(46)) - raft.server.threadpool.server.size = 0 (default)
2024-08-15 10:19:13,844 [38e4ed17-21fc-4cdd-a713-95c81e4a5ee7-groupManagement] INFO  server.RaftServerConfigKeys (ConfUtils.java:logGet(46)) - raft.server.threadpool.client.cached = true (default)
2024-08-15 10:19:13,844 [38e4ed17-21fc-4cdd-a713-95c81e4a5ee7-groupManagement] INFO  server.RaftServerConfigKeys (ConfUtils.java:logGet(46)) - raft.server.threadpool.client.size = 0 (default)
2024-08-15 10:19:13,844 [38e4ed17-21fc-4cdd-a713-95c81e4a5ee7-groupManagement] INFO  server.RaftServerConfigKeys (ConfUtils.java:logGet(46)) - raft.server.storage.free-space.min = 0MB (=0) (default)
2024-08-15 10:19:13,844 [38e4ed17-21fc-4cdd-a713-95c81e4a5ee7-groupManagement] INFO  server.RaftServerConfigKeys (ConfUtils.java:logGet(46)) - raft.server.log.corruption.policy = EXCEPTION (default)
2024-08-15 10:19:13,844 [38e4ed17-21fc-4cdd-a713-95c81e4a5ee7-groupManagement] INFO  server.RaftServerConfigKeys (ConfUtils.java:logGet(46)) - raft.server.storage.dir = [/home/runner/work/ozone/ozone/hadoop-ozone/integration-test/target/test-dir/MiniOzoneClusterImpl-71195f16-0443-47ad-abb9-7568f4d0400c/ozone-meta/datanode-3/ratis] (custom)
2024-08-15 10:19:13,845 [38e4ed17-21fc-4cdd-a713-95c81e4a5ee7-groupManagement] INFO  storage.RaftStorageDirectory (RaftStorageDirectoryImpl.java:analyzeStorage(138)) - The storage directory /home/runner/work/ozone/ozone/hadoop-ozone/integration-test/target/test-dir/MiniOzoneClusterImpl-71195f16-0443-47ad-abb9-7568f4d0400c/ozone-meta/datanode-3/ratis/be1502f4-a004-4f7f-86e6-a82f5976fbff does not exist. Creating ...
2024-08-15 10:19:13,846 [38e4ed17-21fc-4cdd-a713-95c81e4a5ee7-groupManagement] INFO  storage.RaftStorageDirectory (RaftStorageDirectoryImpl.java:tryLock(229)) - Lock on /home/runner/work/ozone/ozone/hadoop-ozone/integration-test/target/test-dir/MiniOzoneClusterImpl-71195f16-0443-47ad-abb9-7568f4d0400c/ozone-meta/datanode-3/ratis/be1502f4-a004-4f7f-86e6-a82f5976fbff/in_use.lock acquired by nodename 113339@fv-az1107-352
2024-08-15 10:19:13,847 [38e4ed17-21fc-4cdd-a713-95c81e4a5ee7-groupManagement] INFO  storage.RaftStorage (RaftStorageImpl.java:format(98)) - Storage directory /home/runner/work/ozone/ozone/hadoop-ozone/integration-test/target/test-dir/MiniOzoneClusterImpl-71195f16-0443-47ad-abb9-7568f4d0400c/ozone-meta/datanode-3/ratis/be1502f4-a004-4f7f-86e6-a82f5976fbff has been successfully formatted.
2024-08-15 10:19:13,847 [38e4ed17-21fc-4cdd-a713-95c81e4a5ee7-groupManagement] INFO  ratis.ContainerStateMachine (ContainerStateMachine.java:loadSnapshot(295)) - group-A82F5976FBFF: The snapshot info is null. Setting the last applied index to:(t:0, i:~)
2024-08-15 10:19:13,847 [38e4ed17-21fc-4cdd-a713-95c81e4a5ee7-groupManagement] INFO  server.RaftServerConfigKeys (ConfUtils.java:logGet(46)) - raft.server.log.use.memory = false (default)
2024-08-15 10:19:13,847 [38e4ed17-21fc-4cdd-a713-95c81e4a5ee7-groupManagement] INFO  server.RaftServerConfigKeys (ConfUtils.java:logGet(46)) - raft.server.log.purge.gap = 1000000 (custom)
2024-08-15 10:19:13,847 [38e4ed17-21fc-4cdd-a713-95c81e4a5ee7-groupManagement] INFO  server.RaftServerConfigKeys (ConfUtils.java:logGet(46)) - raft.server.log.appender.buffer.byte-limit = 8388608 (custom)
2024-08-15 10:19:13,847 [38e4ed17-21fc-4cdd-a713-95c81e4a5ee7-groupManagement] INFO  server.RaftServerConfigKeys (ConfUtils.java:logGet(46)) - raft.server.log.statemachine.data.read.timeout = 1000ms (default)
2024-08-15 10:19:13,847 [38e4ed17-21fc-4cdd-a713-95c81e4a5ee7-groupManagement] INFO  server.RaftServerConfigKeys (ConfUtils.java:logGet(46)) - raft.server.log.purge.preservation.log.num = 0 (default)
2024-08-15 10:19:13,848 [EventQueue-PipelineReportForPipelineReportHandler] INFO  pipeline.PipelineReportHandler (PipelineReportHandler.java:processPipelineReport(136)) - Opened pipeline PipelineID=be1502f4-a004-4f7f-86e6-a82f5976fbff
2024-08-15 10:19:13,848 [EventQueue-OpenPipelineForHealthyPipelineSafeModeRule] INFO  safemode.SCMSafeModeManager (HealthyPipelineSafeModeRule.java:process(140)) - SCM in safe mode. Healthy pipelines reported count is 0, required healthy pipeline reported count is 1
2024-08-15 10:19:13,848 [38e4ed17-21fc-4cdd-a713-95c81e4a5ee7-groupManagement] INFO  server.RaftServerConfigKeys (ConfUtils.java:logGet(46)) - raft.server.log.segment.size.max = 67108864 (custom)
2024-08-15 10:19:13,849 [38e4ed17-21fc-4cdd-a713-95c81e4a5ee7-groupManagement] INFO  server.RaftServerConfigKeys (ConfUtils.java:logGet(46)) - raft.server.log.segment.cache.num.max = 2 (custom)
2024-08-15 10:19:13,849 [38e4ed17-21fc-4cdd-a713-95c81e4a5ee7-groupManagement] INFO  server.RaftServerConfigKeys (ConfUtils.java:logGet(46)) - raft.server.log.segment.cache.size.max = 200MB (=209715200) (default)
2024-08-15 10:19:13,849 [38e4ed17-21fc-4cdd-a713-95c81e4a5ee7-groupManagement] INFO  server.RaftServerConfigKeys (ConfUtils.java:logGet(46)) - raft.server.log.appender.buffer.byte-limit = 8388608 (custom)
2024-08-15 10:19:13,849 [38e4ed17-21fc-4cdd-a713-95c81e4a5ee7-groupManagement] INFO  util.AwaitToRun (AwaitToRun.java:start(81)) - Thread[38e4ed17-21fc-4cdd-a713-95c81e4a5ee7@group-A82F5976FBFF-cacheEviction-AwaitToRun,5,main] started
2024-08-15 10:19:13,849 [38e4ed17-21fc-4cdd-a713-95c81e4a5ee7-groupManagement] INFO  segmented.SegmentedRaftLogWorker (SegmentedRaftLogWorker.java:<init>(184)) - new 38e4ed17-21fc-4cdd-a713-95c81e4a5ee7@group-A82F5976FBFF-SegmentedRaftLogWorker for RaftStorageImpl:Storage Directory /home/runner/work/ozone/ozone/hadoop-ozone/integration-test/target/test-dir/MiniOzoneClusterImpl-71195f16-0443-47ad-abb9-7568f4d0400c/ozone-meta/datanode-3/ratis/be1502f4-a004-4f7f-86e6-a82f5976fbff
2024-08-15 10:19:13,849 [38e4ed17-21fc-4cdd-a713-95c81e4a5ee7-groupManagement] INFO  server.RaftServerConfigKeys (ConfUtils.java:logGet(46)) - raft.server.log.queue.byte-limit = 4294967296 (custom)
2024-08-15 10:19:13,849 [38e4ed17-21fc-4cdd-a713-95c81e4a5ee7-groupManagement] INFO  server.RaftServerConfigKeys (ConfUtils.java:logGet(46)) - raft.server.log.queue.element-limit = 1024 (custom)
2024-08-15 10:19:13,849 [38e4ed17-21fc-4cdd-a713-95c81e4a5ee7-groupManagement] INFO  server.RaftServerConfigKeys (ConfUtils.java:logGet(46)) - raft.server.log.segment.size.max = 67108864 (custom)
2024-08-15 10:19:13,849 [38e4ed17-21fc-4cdd-a713-95c81e4a5ee7-groupManagement] INFO  server.RaftServerConfigKeys (ConfUtils.java:logGet(46)) - raft.server.log.preallocated.size = 4194304 (custom)
2024-08-15 10:19:13,849 [38e4ed17-21fc-4cdd-a713-95c81e4a5ee7-groupManagement] INFO  server.RaftServerConfigKeys (ConfUtils.java:logGet(46)) - raft.server.log.force.sync.num = 128 (default)
2024-08-15 10:19:13,849 [38e4ed17-21fc-4cdd-a713-95c81e4a5ee7-groupManagement] INFO  server.RaftServerConfigKeys (ConfUtils.java:logGet(46)) - raft.server.log.statemachine.data.sync = true (default)
2024-08-15 10:19:13,849 [38e4ed17-21fc-4cdd-a713-95c81e4a5ee7-groupManagement] INFO  server.RaftServerConfigKeys (ConfUtils.java:logGet(46)) - raft.server.log.statemachine.data.sync.timeout = 10s (default)
2024-08-15 10:19:13,849 [38e4ed17-21fc-4cdd-a713-95c81e4a5ee7-groupManagement] INFO  server.RaftServerConfigKeys (ConfUtils.java:logGet(46)) - raft.server.log.statemachine.data.sync.timeout.retry = 30 (custom)
2024-08-15 10:19:13,849 [38e4ed17-21fc-4cdd-a713-95c81e4a5ee7-groupManagement] INFO  server.RaftServerConfigKeys (ConfUtils.java:logGet(46)) - raft.server.log.write.buffer.size = 8388616 (custom)
2024-08-15 10:19:13,851 [38e4ed17-21fc-4cdd-a713-95c81e4a5ee7-groupManagement] INFO  server.RaftServerConfigKeys (ConfUtils.java:logGet(46)) - raft.server.log.appender.buffer.byte-limit = 8388608 (custom)
2024-08-15 10:19:13,851 [38e4ed17-21fc-4cdd-a713-95c81e4a5ee7-groupManagement] INFO  server.RaftServerConfigKeys (ConfUtils.java:logGet(46)) - raft.server.log.unsafe-flush.enabled = false (default)
2024-08-15 10:19:13,851 [38e4ed17-21fc-4cdd-a713-95c81e4a5ee7-groupManagement] INFO  server.RaftServerConfigKeys (ConfUtils.java:logGet(46)) - raft.server.log.async-flush.enabled = false (default)
2024-08-15 10:19:13,851 [38e4ed17-21fc-4cdd-a713-95c81e4a5ee7-groupManagement] INFO  server.RaftServerConfigKeys (ConfUtils.java:logGet(46)) - raft.server.log.statemachine.data.caching.enabled = true (custom)
2024-08-15 10:19:13,851 [38e4ed17-21fc-4cdd-a713-95c81e4a5ee7-groupManagement] INFO  segmented.SegmentedRaftLogWorker (SegmentedRaftLogWorker.java:lambda$new$0(135)) - 38e4ed17-21fc-4cdd-a713-95c81e4a5ee7@group-A82F5976FBFF-SegmentedRaftLogWorker: flushIndex: setUnconditionally 0 -> -1
2024-08-15 10:19:13,851 [38e4ed17-21fc-4cdd-a713-95c81e4a5ee7-groupManagement] INFO  segmented.SegmentedRaftLogWorker (SegmentedRaftLogWorker.java:lambda$new$0(135)) - 38e4ed17-21fc-4cdd-a713-95c81e4a5ee7@group-A82F5976FBFF-SegmentedRaftLogWorker: safeCacheEvictIndex: setUnconditionally 0 -> -1
2024-08-15 10:19:13,851 [38e4ed17-21fc-4cdd-a713-95c81e4a5ee7-groupManagement] INFO  server.RaftServer$Division (RaftServerImpl.java:start(389)) - 38e4ed17-21fc-4cdd-a713-95c81e4a5ee7@group-A82F5976FBFF: start as a follower, conf=conf: {index: -1, cur=peers:[38e4ed17-21fc-4cdd-a713-95c81e4a5ee7|127.0.0.1:15507]|listeners:[], old=null}
2024-08-15 10:19:13,851 [38e4ed17-21fc-4cdd-a713-95c81e4a5ee7-groupManagement] INFO  server.RaftServer$Division (RaftServerImpl.java:setRole(376)) - 38e4ed17-21fc-4cdd-a713-95c81e4a5ee7@group-A82F5976FBFF: changes role from      null to FOLLOWER at term 0 for startAsFollower
2024-08-15 10:19:13,851 [38e4ed17-21fc-4cdd-a713-95c81e4a5ee7-groupManagement] INFO  impl.RoleInfo (RoleInfo.java:updateAndGet(148)) - 38e4ed17-21fc-4cdd-a713-95c81e4a5ee7: start 38e4ed17-21fc-4cdd-a713-95c81e4a5ee7@group-A82F5976FBFF-FollowerState
2024-08-15 10:19:13,851 [38e4ed17-21fc-4cdd-a713-95c81e4a5ee7@group-A82F5976FBFF-FollowerState] INFO  server.RaftServerConfigKeys (ConfUtils.java:logFallback(53)) - raft.server.rpc.first-election.timeout.min = 5s (fallback to raft.server.rpc.timeout.min)
2024-08-15 10:19:13,851 [38e4ed17-21fc-4cdd-a713-95c81e4a5ee7-groupManagement] INFO  util.JmxRegister (JmxRegister.java:tryRegister(44)) - Successfully registered JMX Bean with object name Ratis:service=RaftServer,group=group-A82F5976FBFF,id=38e4ed17-21fc-4cdd-a713-95c81e4a5ee7
2024-08-15 10:19:13,852 [38e4ed17-21fc-4cdd-a713-95c81e4a5ee7-groupManagement] INFO  util.JmxRegister (JmxRegister.java:register(58)) - register mxBean class org.apache.ratis.server.impl.RaftServerJmxAdapter as Ratis:service=RaftServer,group=group-A82F5976FBFF,id=38e4ed17-21fc-4cdd-a713-95c81e4a5ee7
2024-08-15 10:19:13,852 [38e4ed17-21fc-4cdd-a713-95c81e4a5ee7@group-A82F5976FBFF-FollowerState] INFO  server.RaftServerConfigKeys (ConfUtils.java:logFallback(53)) - raft.server.rpc.first-election.timeout.max = 5200ms (fallback to raft.server.rpc.timeout.max)
2024-08-15 10:19:13,852 [38e4ed17-21fc-4cdd-a713-95c81e4a5ee7-groupManagement] INFO  server.RaftServerConfigKeys (ConfUtils.java:logGet(46)) - raft.server.snapshot.trigger-when-stop.enabled = true (default)
2024-08-15 10:19:13,852 [38e4ed17-21fc-4cdd-a713-95c81e4a5ee7-groupManagement] INFO  server.RaftServerConfigKeys (ConfUtils.java:logGet(46)) - raft.server.snapshot.trigger-when-remove.enabled = true (default)
2024-08-15 10:19:13,852 [38e4ed17-21fc-4cdd-a713-95c81e4a5ee7-groupManagement] INFO  server.RaftServerConfigKeys (ConfUtils.java:logGet(46)) - raft.server.snapshot.auto.trigger.enabled = true (custom)
2024-08-15 10:19:13,852 [38e4ed17-21fc-4cdd-a713-95c81e4a5ee7-groupManagement] INFO  server.RaftServerConfigKeys (ConfUtils.java:logGet(46)) - raft.server.snapshot.auto.trigger.threshold = 10000 (custom)
2024-08-15 10:19:13,852 [38e4ed17-21fc-4cdd-a713-95c81e4a5ee7-groupManagement] INFO  server.RaftServerConfigKeys (ConfUtils.java:logGet(46)) - raft.server.snapshot.retention.file.num = 5 (custom)
2024-08-15 10:19:13,852 [38e4ed17-21fc-4cdd-a713-95c81e4a5ee7-groupManagement] INFO  server.RaftServerConfigKeys (ConfUtils.java:logGet(46)) - raft.server.log.purge.upto.snapshot.index = false (default)
2024-08-15 10:19:13,852 [38e4ed17-21fc-4cdd-a713-95c81e4a5ee7-PipelineCommandHandlerThread-0] INFO  ratis.XceiverServerRatis (XceiverServerRatis.java:addGroup(850)) - Created group PipelineID=be1502f4-a004-4f7f-86e6-a82f5976fbff
2024-08-15 10:19:13,852 [38e4ed17-21fc-4cdd-a713-95c81e4a5ee7-PipelineCommandHandlerThread-0] INFO  commandhandler.CreatePipelineCommandHandler (CreatePipelineCommandHandler.java:lambda$handle$2(124)) - Created Pipeline RATIS ONE PipelineID=be1502f4-a004-4f7f-86e6-a82f5976fbff.
2024-08-15 10:19:14,080 [f60b0d4a-47c9-4dc3-aae7-72bc8e2f4697-PipelineCommandHandlerThread-0] INFO  server.RaftServer (RaftServerProxy.java:addNew(101)) - f60b0d4a-47c9-4dc3-aae7-72bc8e2f4697: addNew group-034429A52253:[f60b0d4a-47c9-4dc3-aae7-72bc8e2f4697|127.0.0.1:15516] returns group-034429A52253:java.util.concurrent.CompletableFuture@4c687c6c[Not completed]
2024-08-15 10:19:14,081 [f60b0d4a-47c9-4dc3-aae7-72bc8e2f4697-groupManagement] INFO  server.RaftServer$Division (RaftServerImpl.java:<init>(253)) - f60b0d4a-47c9-4dc3-aae7-72bc8e2f4697: new RaftServerImpl for group-034429A52253:[f60b0d4a-47c9-4dc3-aae7-72bc8e2f4697|127.0.0.1:15516] with ContainerStateMachine:uninitialized
2024-08-15 10:19:14,081 [f60b0d4a-47c9-4dc3-aae7-72bc8e2f4697-groupManagement] INFO  server.RaftServerConfigKeys (ConfUtils.java:logGet(46)) - raft.server.rpc.timeout.min = 5s (custom)
2024-08-15 10:19:14,081 [f60b0d4a-47c9-4dc3-aae7-72bc8e2f4697-groupManagement] INFO  server.RaftServerConfigKeys (ConfUtils.java:logGet(46)) - raft.server.rpc.timeout.max = 5200ms (custom)
2024-08-15 10:19:14,081 [f60b0d4a-47c9-4dc3-aae7-72bc8e2f4697-groupManagement] INFO  server.RaftServerConfigKeys (ConfUtils.java:logGet(46)) - raft.server.rpc.sleep.time = 25ms (default)
2024-08-15 10:19:14,081 [f60b0d4a-47c9-4dc3-aae7-72bc8e2f4697-groupManagement] INFO  server.RaftServerConfigKeys (ConfUtils.java:logGet(46)) - raft.server.rpc.slowness.timeout = 300000ms (custom)
2024-08-15 10:19:14,081 [f60b0d4a-47c9-4dc3-aae7-72bc8e2f4697-groupManagement] INFO  server.RaftServerConfigKeys (ConfUtils.java:logGet(46)) - raft.server.leaderelection.leader.step-down.wait-time = 10s (default)
2024-08-15 10:19:14,081 [f60b0d4a-47c9-4dc3-aae7-72bc8e2f4697-groupManagement] INFO  server.RaftServerConfigKeys (ConfUtils.java:logGet(46)) - raft.server.leaderelection.member.majority-add = false (default)
2024-08-15 10:19:14,081 [f60b0d4a-47c9-4dc3-aae7-72bc8e2f4697-groupManagement] INFO  server.RaftServerConfigKeys (ConfUtils.java:logGet(46)) - raft.server.sleep.deviation.threshold = 300ms (default)
2024-08-15 10:19:14,081 [f60b0d4a-47c9-4dc3-aae7-72bc8e2f4697-groupManagement] INFO  server.RaftServer$Division (ServerState.java:<init>(114)) - f60b0d4a-47c9-4dc3-aae7-72bc8e2f4697@group-034429A52253: ConfigurationManager, init=conf: {index: -1, cur=peers:[f60b0d4a-47c9-4dc3-aae7-72bc8e2f4697|127.0.0.1:15516]|listeners:[], old=null}, confs=<EMPTY_MAP>
2024-08-15 10:19:14,081 [f60b0d4a-47c9-4dc3-aae7-72bc8e2f4697-groupManagement] INFO  server.RaftServerConfigKeys (ConfUtils.java:logGet(46)) - raft.server.notification.no-leader.timeout = 300000ms (custom)
2024-08-15 10:19:14,082 [f60b0d4a-47c9-4dc3-aae7-72bc8e2f4697-groupManagement] INFO  server.RaftServerConfigKeys (ConfUtils.java:logGet(46)) - raft.server.read.timeout = 10s (default)
2024-08-15 10:19:14,082 [f60b0d4a-47c9-4dc3-aae7-72bc8e2f4697-groupManagement] INFO  server.RaftServerConfigKeys (ConfUtils.java:logGet(46)) - raft.server.retrycache.expirytime = 600000ms (custom)
2024-08-15 10:19:14,082 [f60b0d4a-47c9-4dc3-aae7-72bc8e2f4697-groupManagement] INFO  server.RaftServerConfigKeys (ConfUtils.java:logGet(46)) - raft.server.retrycache.statistics.expirytime = 100ms (default)
2024-08-15 10:19:14,082 [f60b0d4a-47c9-4dc3-aae7-72bc8e2f4697-groupManagement] INFO  server.RaftServerConfigKeys (ConfUtils.java:logGet(46)) - raft.server.read.option = DEFAULT (default)
2024-08-15 10:19:14,082 [f60b0d4a-47c9-4dc3-aae7-72bc8e2f4697-groupManagement] INFO  server.RaftServerConfigKeys (ConfUtils.java:logGet(46)) - raft.server.read.read-after-write-consistent.write-index-cache.expiry-time = 60s (default)
2024-08-15 10:19:14,084 [f60b0d4a-47c9-4dc3-aae7-72bc8e2f4697-groupManagement] INFO  server.RaftServerConfigKeys (ConfUtils.java:logGet(46)) - raft.server.rpc.request.timeout = 3000ms (default)
2024-08-15 10:19:14,084 [f60b0d4a-47c9-4dc3-aae7-72bc8e2f4697-groupManagement] INFO  server.RaftServerConfigKeys (ConfUtils.java:logGet(46)) - raft.server.log.appender.install.snapshot.enabled = false (custom)
2024-08-15 10:19:14,084 [f60b0d4a-47c9-4dc3-aae7-72bc8e2f4697-groupManagement] INFO  server.RaftServerConfigKeys (ConfUtils.java:logGet(46)) - raft.server.threadpool.server.cached = true (default)
2024-08-15 10:19:14,084 [f60b0d4a-47c9-4dc3-aae7-72bc8e2f4697-groupManagement] INFO  server.RaftServerConfigKeys (ConfUtils.java:logGet(46)) - raft.server.threadpool.server.size = 0 (default)
2024-08-15 10:19:14,084 [f60b0d4a-47c9-4dc3-aae7-72bc8e2f4697-groupManagement] INFO  server.RaftServerConfigKeys (ConfUtils.java:logGet(46)) - raft.server.threadpool.client.cached = true (default)
2024-08-15 10:19:14,084 [f60b0d4a-47c9-4dc3-aae7-72bc8e2f4697-groupManagement] INFO  server.RaftServerConfigKeys (ConfUtils.java:logGet(46)) - raft.server.threadpool.client.size = 0 (default)
2024-08-15 10:19:14,084 [f60b0d4a-47c9-4dc3-aae7-72bc8e2f4697-groupManagement] INFO  server.RaftServerConfigKeys (ConfUtils.java:logGet(46)) - raft.server.storage.free-space.min = 0MB (=0) (default)
2024-08-15 10:19:14,084 [f60b0d4a-47c9-4dc3-aae7-72bc8e2f4697-groupManagement] INFO  server.RaftServerConfigKeys (ConfUtils.java:logGet(46)) - raft.server.log.corruption.policy = EXCEPTION (default)
2024-08-15 10:19:14,084 [f60b0d4a-47c9-4dc3-aae7-72bc8e2f4697-groupManagement] INFO  server.RaftServerConfigKeys (ConfUtils.java:logGet(46)) - raft.server.storage.dir = [/home/runner/work/ozone/ozone/hadoop-ozone/integration-test/target/test-dir/MiniOzoneClusterImpl-71195f16-0443-47ad-abb9-7568f4d0400c/ozone-meta/datanode-4/ratis] (custom)
2024-08-15 10:19:14,084 [f60b0d4a-47c9-4dc3-aae7-72bc8e2f4697-groupManagement] INFO  storage.RaftStorageDirectory (RaftStorageDirectoryImpl.java:analyzeStorage(138)) - The storage directory /home/runner/work/ozone/ozone/hadoop-ozone/integration-test/target/test-dir/MiniOzoneClusterImpl-71195f16-0443-47ad-abb9-7568f4d0400c/ozone-meta/datanode-4/ratis/809aed10-9c31-42c0-b9f3-034429a52253 does not exist. Creating ...
2024-08-15 10:19:14,085 [f60b0d4a-47c9-4dc3-aae7-72bc8e2f4697-groupManagement] INFO  storage.RaftStorageDirectory (RaftStorageDirectoryImpl.java:tryLock(229)) - Lock on /home/runner/work/ozone/ozone/hadoop-ozone/integration-test/target/test-dir/MiniOzoneClusterImpl-71195f16-0443-47ad-abb9-7568f4d0400c/ozone-meta/datanode-4/ratis/809aed10-9c31-42c0-b9f3-034429a52253/in_use.lock acquired by nodename 113339@fv-az1107-352
2024-08-15 10:19:14,086 [f60b0d4a-47c9-4dc3-aae7-72bc8e2f4697-groupManagement] INFO  storage.RaftStorage (RaftStorageImpl.java:format(98)) - Storage directory /home/runner/work/ozone/ozone/hadoop-ozone/integration-test/target/test-dir/MiniOzoneClusterImpl-71195f16-0443-47ad-abb9-7568f4d0400c/ozone-meta/datanode-4/ratis/809aed10-9c31-42c0-b9f3-034429a52253 has been successfully formatted.
2024-08-15 10:19:14,086 [f60b0d4a-47c9-4dc3-aae7-72bc8e2f4697-groupManagement] INFO  ratis.ContainerStateMachine (ContainerStateMachine.java:loadSnapshot(295)) - group-034429A52253: The snapshot info is null. Setting the last applied index to:(t:0, i:~)
2024-08-15 10:19:14,086 [f60b0d4a-47c9-4dc3-aae7-72bc8e2f4697-groupManagement] INFO  server.RaftServerConfigKeys (ConfUtils.java:logGet(46)) - raft.server.log.use.memory = false (default)
2024-08-15 10:19:14,086 [f60b0d4a-47c9-4dc3-aae7-72bc8e2f4697-groupManagement] INFO  server.RaftServerConfigKeys (ConfUtils.java:logGet(46)) - raft.server.log.purge.gap = 1000000 (custom)
2024-08-15 10:19:14,086 [f60b0d4a-47c9-4dc3-aae7-72bc8e2f4697-groupManagement] INFO  server.RaftServerConfigKeys (ConfUtils.java:logGet(46)) - raft.server.log.appender.buffer.byte-limit = 8388608 (custom)
2024-08-15 10:19:14,087 [f60b0d4a-47c9-4dc3-aae7-72bc8e2f4697-groupManagement] INFO  server.RaftServerConfigKeys (ConfUtils.java:logGet(46)) - raft.server.log.statemachine.data.read.timeout = 1000ms (default)
2024-08-15 10:19:14,087 [f60b0d4a-47c9-4dc3-aae7-72bc8e2f4697-groupManagement] INFO  server.RaftServerConfigKeys (ConfUtils.java:logGet(46)) - raft.server.log.purge.preservation.log.num = 0 (default)
2024-08-15 10:19:14,087 [EventQueue-PipelineReportForPipelineReportHandler] INFO  pipeline.PipelineReportHandler (PipelineReportHandler.java:processPipelineReport(136)) - Opened pipeline PipelineID=809aed10-9c31-42c0-b9f3-034429a52253
2024-08-15 10:19:14,087 [EventQueue-OpenPipelineForHealthyPipelineSafeModeRule] INFO  safemode.SCMSafeModeManager (HealthyPipelineSafeModeRule.java:process(140)) - SCM in safe mode. Healthy pipelines reported count is 0, required healthy pipeline reported count is 1
2024-08-15 10:19:14,087 [f60b0d4a-47c9-4dc3-aae7-72bc8e2f4697-groupManagement] INFO  server.RaftServerConfigKeys (ConfUtils.java:logGet(46)) - raft.server.log.segment.size.max = 67108864 (custom)
2024-08-15 10:19:14,088 [f60b0d4a-47c9-4dc3-aae7-72bc8e2f4697-groupManagement] INFO  server.RaftServerConfigKeys (ConfUtils.java:logGet(46)) - raft.server.log.segment.cache.num.max = 2 (custom)
2024-08-15 10:19:14,088 [f60b0d4a-47c9-4dc3-aae7-72bc8e2f4697-groupManagement] INFO  server.RaftServerConfigKeys (ConfUtils.java:logGet(46)) - raft.server.log.segment.cache.size.max = 200MB (=209715200) (default)
2024-08-15 10:19:14,088 [f60b0d4a-47c9-4dc3-aae7-72bc8e2f4697-groupManagement] INFO  server.RaftServerConfigKeys (ConfUtils.java:logGet(46)) - raft.server.log.appender.buffer.byte-limit = 8388608 (custom)
2024-08-15 10:19:14,088 [f60b0d4a-47c9-4dc3-aae7-72bc8e2f4697-groupManagement] INFO  util.AwaitToRun (AwaitToRun.java:start(81)) - Thread[f60b0d4a-47c9-4dc3-aae7-72bc8e2f4697@group-034429A52253-cacheEviction-AwaitToRun,5,main] started
2024-08-15 10:19:14,088 [f60b0d4a-47c9-4dc3-aae7-72bc8e2f4697-groupManagement] INFO  segmented.SegmentedRaftLogWorker (SegmentedRaftLogWorker.java:<init>(184)) - new f60b0d4a-47c9-4dc3-aae7-72bc8e2f4697@group-034429A52253-SegmentedRaftLogWorker for RaftStorageImpl:Storage Directory /home/runner/work/ozone/ozone/hadoop-ozone/integration-test/target/test-dir/MiniOzoneClusterImpl-71195f16-0443-47ad-abb9-7568f4d0400c/ozone-meta/datanode-4/ratis/809aed10-9c31-42c0-b9f3-034429a52253
2024-08-15 10:19:14,088 [f60b0d4a-47c9-4dc3-aae7-72bc8e2f4697-groupManagement] INFO  server.RaftServerConfigKeys (ConfUtils.java:logGet(46)) - raft.server.log.queue.byte-limit = 4294967296 (custom)
2024-08-15 10:19:14,088 [f60b0d4a-47c9-4dc3-aae7-72bc8e2f4697-groupManagement] INFO  server.RaftServerConfigKeys (ConfUtils.java:logGet(46)) - raft.server.log.queue.element-limit = 1024 (custom)
2024-08-15 10:19:14,088 [f60b0d4a-47c9-4dc3-aae7-72bc8e2f4697-groupManagement] INFO  server.RaftServerConfigKeys (ConfUtils.java:logGet(46)) - raft.server.log.segment.size.max = 67108864 (custom)
2024-08-15 10:19:14,088 [f60b0d4a-47c9-4dc3-aae7-72bc8e2f4697-groupManagement] INFO  server.RaftServerConfigKeys (ConfUtils.java:logGet(46)) - raft.server.log.preallocated.size = 4194304 (custom)
2024-08-15 10:19:14,088 [f60b0d4a-47c9-4dc3-aae7-72bc8e2f4697-groupManagement] INFO  server.RaftServerConfigKeys (ConfUtils.java:logGet(46)) - raft.server.log.force.sync.num = 128 (default)
2024-08-15 10:19:14,088 [f60b0d4a-47c9-4dc3-aae7-72bc8e2f4697-groupManagement] INFO  server.RaftServerConfigKeys (ConfUtils.java:logGet(46)) - raft.server.log.statemachine.data.sync = true (default)
2024-08-15 10:19:14,088 [f60b0d4a-47c9-4dc3-aae7-72bc8e2f4697-groupManagement] INFO  server.RaftServerConfigKeys (ConfUtils.java:logGet(46)) - raft.server.log.statemachine.data.sync.timeout = 10s (default)
2024-08-15 10:19:14,088 [f60b0d4a-47c9-4dc3-aae7-72bc8e2f4697-groupManagement] INFO  server.RaftServerConfigKeys (ConfUtils.java:logGet(46)) - raft.server.log.statemachine.data.sync.timeout.retry = 30 (custom)
2024-08-15 10:19:14,088 [f60b0d4a-47c9-4dc3-aae7-72bc8e2f4697-groupManagement] INFO  server.RaftServerConfigKeys (ConfUtils.java:logGet(46)) - raft.server.log.write.buffer.size = 8388616 (custom)
2024-08-15 10:19:14,089 [f60b0d4a-47c9-4dc3-aae7-72bc8e2f4697-groupManagement] INFO  server.RaftServerConfigKeys (ConfUtils.java:logGet(46)) - raft.server.log.appender.buffer.byte-limit = 8388608 (custom)
2024-08-15 10:19:14,089 [f60b0d4a-47c9-4dc3-aae7-72bc8e2f4697-groupManagement] INFO  server.RaftServerConfigKeys (ConfUtils.java:logGet(46)) - raft.server.log.unsafe-flush.enabled = false (default)
2024-08-15 10:19:14,089 [f60b0d4a-47c9-4dc3-aae7-72bc8e2f4697-groupManagement] INFO  server.RaftServerConfigKeys (ConfUtils.java:logGet(46)) - raft.server.log.async-flush.enabled = false (default)
2024-08-15 10:19:14,089 [f60b0d4a-47c9-4dc3-aae7-72bc8e2f4697-groupManagement] INFO  server.RaftServerConfigKeys (ConfUtils.java:logGet(46)) - raft.server.log.statemachine.data.caching.enabled = true (custom)
2024-08-15 10:19:14,089 [f60b0d4a-47c9-4dc3-aae7-72bc8e2f4697-groupManagement] INFO  segmented.SegmentedRaftLogWorker (SegmentedRaftLogWorker.java:lambda$new$0(135)) - f60b0d4a-47c9-4dc3-aae7-72bc8e2f4697@group-034429A52253-SegmentedRaftLogWorker: flushIndex: setUnconditionally 0 -> -1
2024-08-15 10:19:14,089 [f60b0d4a-47c9-4dc3-aae7-72bc8e2f4697-groupManagement] INFO  segmented.SegmentedRaftLogWorker (SegmentedRaftLogWorker.java:lambda$new$0(135)) - f60b0d4a-47c9-4dc3-aae7-72bc8e2f4697@group-034429A52253-SegmentedRaftLogWorker: safeCacheEvictIndex: setUnconditionally 0 -> -1
2024-08-15 10:19:14,089 [f60b0d4a-47c9-4dc3-aae7-72bc8e2f4697-groupManagement] INFO  server.RaftServer$Division (RaftServerImpl.java:start(389)) - f60b0d4a-47c9-4dc3-aae7-72bc8e2f4697@group-034429A52253: start as a follower, conf=conf: {index: -1, cur=peers:[f60b0d4a-47c9-4dc3-aae7-72bc8e2f4697|127.0.0.1:15516]|listeners:[], old=null}
2024-08-15 10:19:14,090 [f60b0d4a-47c9-4dc3-aae7-72bc8e2f4697-groupManagement] INFO  server.RaftServer$Division (RaftServerImpl.java:setRole(376)) - f60b0d4a-47c9-4dc3-aae7-72bc8e2f4697@group-034429A52253: changes role from      null to FOLLOWER at term 0 for startAsFollower
2024-08-15 10:19:14,090 [f60b0d4a-47c9-4dc3-aae7-72bc8e2f4697-groupManagement] INFO  impl.RoleInfo (RoleInfo.java:updateAndGet(148)) - f60b0d4a-47c9-4dc3-aae7-72bc8e2f4697: start f60b0d4a-47c9-4dc3-aae7-72bc8e2f4697@group-034429A52253-FollowerState
2024-08-15 10:19:14,090 [f60b0d4a-47c9-4dc3-aae7-72bc8e2f4697@group-034429A52253-FollowerState] INFO  server.RaftServerConfigKeys (ConfUtils.java:logFallback(53)) - raft.server.rpc.first-election.timeout.min = 5s (fallback to raft.server.rpc.timeout.min)
2024-08-15 10:19:14,090 [f60b0d4a-47c9-4dc3-aae7-72bc8e2f4697-groupManagement] INFO  util.JmxRegister (JmxRegister.java:tryRegister(44)) - Successfully registered JMX Bean with object name Ratis:service=RaftServer,group=group-034429A52253,id=f60b0d4a-47c9-4dc3-aae7-72bc8e2f4697
2024-08-15 10:19:14,090 [f60b0d4a-47c9-4dc3-aae7-72bc8e2f4697-groupManagement] INFO  util.JmxRegister (JmxRegister.java:register(58)) - register mxBean class org.apache.ratis.server.impl.RaftServerJmxAdapter as Ratis:service=RaftServer,group=group-034429A52253,id=f60b0d4a-47c9-4dc3-aae7-72bc8e2f4697
2024-08-15 10:19:14,090 [f60b0d4a-47c9-4dc3-aae7-72bc8e2f4697-groupManagement] INFO  server.RaftServerConfigKeys (ConfUtils.java:logGet(46)) - raft.server.snapshot.trigger-when-stop.enabled = true (default)
2024-08-15 10:19:14,090 [f60b0d4a-47c9-4dc3-aae7-72bc8e2f4697-groupManagement] INFO  server.RaftServerConfigKeys (ConfUtils.java:logGet(46)) - raft.server.snapshot.trigger-when-remove.enabled = true (default)
2024-08-15 10:19:14,090 [f60b0d4a-47c9-4dc3-aae7-72bc8e2f4697-groupManagement] INFO  server.RaftServerConfigKeys (ConfUtils.java:logGet(46)) - raft.server.snapshot.auto.trigger.enabled = true (custom)
2024-08-15 10:19:14,090 [f60b0d4a-47c9-4dc3-aae7-72bc8e2f4697-groupManagement] INFO  server.RaftServerConfigKeys (ConfUtils.java:logGet(46)) - raft.server.snapshot.auto.trigger.threshold = 10000 (custom)
2024-08-15 10:19:14,090 [f60b0d4a-47c9-4dc3-aae7-72bc8e2f4697-groupManagement] INFO  server.RaftServerConfigKeys (ConfUtils.java:logGet(46)) - raft.server.snapshot.retention.file.num = 5 (custom)
2024-08-15 10:19:14,090 [f60b0d4a-47c9-4dc3-aae7-72bc8e2f4697-groupManagement] INFO  server.RaftServerConfigKeys (ConfUtils.java:logGet(46)) - raft.server.log.purge.upto.snapshot.index = false (default)
2024-08-15 10:19:14,090 [f60b0d4a-47c9-4dc3-aae7-72bc8e2f4697@group-034429A52253-FollowerState] INFO  server.RaftServerConfigKeys (ConfUtils.java:logFallback(53)) - raft.server.rpc.first-election.timeout.max = 5200ms (fallback to raft.server.rpc.timeout.max)
2024-08-15 10:19:14,091 [f60b0d4a-47c9-4dc3-aae7-72bc8e2f4697-PipelineCommandHandlerThread-0] INFO  ratis.XceiverServerRatis (XceiverServerRatis.java:addGroup(850)) - Created group PipelineID=809aed10-9c31-42c0-b9f3-034429a52253
2024-08-15 10:19:14,091 [f60b0d4a-47c9-4dc3-aae7-72bc8e2f4697-PipelineCommandHandlerThread-0] INFO  commandhandler.CreatePipelineCommandHandler (CreatePipelineCommandHandler.java:lambda$handle$2(124)) - Created Pipeline RATIS ONE PipelineID=809aed10-9c31-42c0-b9f3-034429a52253.
2024-08-15 10:19:14,306 [6b83e431-4bd4-4ef9-a0a5-40878ef9a0bc-PipelineCommandHandlerThread-0] INFO  server.RaftServer (RaftServerProxy.java:addNew(101)) - 6b83e431-4bd4-4ef9-a0a5-40878ef9a0bc: addNew group-9BD0EA84E87A:[6b83e431-4bd4-4ef9-a0a5-40878ef9a0bc|127.0.0.1:15525] returns group-9BD0EA84E87A:java.util.concurrent.CompletableFuture@19347294[Not completed]
2024-08-15 10:19:14,307 [6b83e431-4bd4-4ef9-a0a5-40878ef9a0bc-groupManagement] INFO  server.RaftServer$Division (RaftServerImpl.java:<init>(253)) - 6b83e431-4bd4-4ef9-a0a5-40878ef9a0bc: new RaftServerImpl for group-9BD0EA84E87A:[6b83e431-4bd4-4ef9-a0a5-40878ef9a0bc|127.0.0.1:15525] with ContainerStateMachine:uninitialized
2024-08-15 10:19:14,307 [6b83e431-4bd4-4ef9-a0a5-40878ef9a0bc-groupManagement] INFO  server.RaftServerConfigKeys (ConfUtils.java:logGet(46)) - raft.server.rpc.timeout.min = 5s (custom)
2024-08-15 10:19:14,307 [6b83e431-4bd4-4ef9-a0a5-40878ef9a0bc-groupManagement] INFO  server.RaftServerConfigKeys (ConfUtils.java:logGet(46)) - raft.server.rpc.timeout.max = 5200ms (custom)
2024-08-15 10:19:14,307 [6b83e431-4bd4-4ef9-a0a5-40878ef9a0bc-groupManagement] INFO  server.RaftServerConfigKeys (ConfUtils.java:logGet(46)) - raft.server.rpc.sleep.time = 25ms (default)
2024-08-15 10:19:14,307 [6b83e431-4bd4-4ef9-a0a5-40878ef9a0bc-groupManagement] INFO  server.RaftServerConfigKeys (ConfUtils.java:logGet(46)) - raft.server.rpc.slowness.timeout = 300000ms (custom)
2024-08-15 10:19:14,307 [6b83e431-4bd4-4ef9-a0a5-40878ef9a0bc-groupManagement] INFO  server.RaftServerConfigKeys (ConfUtils.java:logGet(46)) - raft.server.leaderelection.leader.step-down.wait-time = 10s (default)
2024-08-15 10:19:14,307 [6b83e431-4bd4-4ef9-a0a5-40878ef9a0bc-groupManagement] INFO  server.RaftServerConfigKeys (ConfUtils.java:logGet(46)) - raft.server.leaderelection.member.majority-add = false (default)
2024-08-15 10:19:14,307 [6b83e431-4bd4-4ef9-a0a5-40878ef9a0bc-groupManagement] INFO  server.RaftServerConfigKeys (ConfUtils.java:logGet(46)) - raft.server.sleep.deviation.threshold = 300ms (default)
2024-08-15 10:19:14,308 [6b83e431-4bd4-4ef9-a0a5-40878ef9a0bc-groupManagement] INFO  server.RaftServer$Division (ServerState.java:<init>(114)) - 6b83e431-4bd4-4ef9-a0a5-40878ef9a0bc@group-9BD0EA84E87A: ConfigurationManager, init=conf: {index: -1, cur=peers:[6b83e431-4bd4-4ef9-a0a5-40878ef9a0bc|127.0.0.1:15525]|listeners:[], old=null}, confs=<EMPTY_MAP>
2024-08-15 10:19:14,308 [6b83e431-4bd4-4ef9-a0a5-40878ef9a0bc-groupManagement] INFO  server.RaftServerConfigKeys (ConfUtils.java:logGet(46)) - raft.server.notification.no-leader.timeout = 300000ms (custom)
2024-08-15 10:19:14,308 [6b83e431-4bd4-4ef9-a0a5-40878ef9a0bc-groupManagement] INFO  server.RaftServerConfigKeys (ConfUtils.java:logGet(46)) - raft.server.read.timeout = 10s (default)
2024-08-15 10:19:14,308 [6b83e431-4bd4-4ef9-a0a5-40878ef9a0bc-groupManagement] INFO  server.RaftServerConfigKeys (ConfUtils.java:logGet(46)) - raft.server.retrycache.expirytime = 600000ms (custom)
2024-08-15 10:19:14,308 [6b83e431-4bd4-4ef9-a0a5-40878ef9a0bc-groupManagement] INFO  server.RaftServerConfigKeys (ConfUtils.java:logGet(46)) - raft.server.retrycache.statistics.expirytime = 100ms (default)
2024-08-15 10:19:14,308 [6b83e431-4bd4-4ef9-a0a5-40878ef9a0bc-groupManagement] INFO  server.RaftServerConfigKeys (ConfUtils.java:logGet(46)) - raft.server.read.option = DEFAULT (default)
2024-08-15 10:19:14,308 [6b83e431-4bd4-4ef9-a0a5-40878ef9a0bc-groupManagement] INFO  server.RaftServerConfigKeys (ConfUtils.java:logGet(46)) - raft.server.read.read-after-write-consistent.write-index-cache.expiry-time = 60s (default)
2024-08-15 10:19:14,309 [main] INFO  ozone.MiniOzoneClusterImpl (MiniOzoneClusterImpl.java:lambda$waitForClusterToBeReady$0(198)) - Nodes are ready. Got 5 of 5 DN Heartbeats.
2024-08-15 10:19:14,309 [main] INFO  ozone.MiniOzoneClusterImpl (MiniOzoneClusterImpl.java:lambda$waitForClusterToBeReady$0(201)) - Waiting for cluster to exit safe mode
2024-08-15 10:19:14,310 [main] INFO  ozone.MiniOzoneClusterImpl (MiniOzoneClusterImpl.java:lambda$waitForClusterToBeReady$0(203)) - SCM became leader
2024-08-15 10:19:14,309 [6b83e431-4bd4-4ef9-a0a5-40878ef9a0bc-groupManagement] INFO  server.RaftServerConfigKeys (ConfUtils.java:logGet(46)) - raft.server.rpc.request.timeout = 3000ms (default)
2024-08-15 10:19:14,310 [6b83e431-4bd4-4ef9-a0a5-40878ef9a0bc-groupManagement] INFO  server.RaftServerConfigKeys (ConfUtils.java:logGet(46)) - raft.server.log.appender.install.snapshot.enabled = false (custom)
2024-08-15 10:19:14,310 [6b83e431-4bd4-4ef9-a0a5-40878ef9a0bc-groupManagement] INFO  server.RaftServerConfigKeys (ConfUtils.java:logGet(46)) - raft.server.threadpool.server.cached = true (default)
2024-08-15 10:19:14,310 [6b83e431-4bd4-4ef9-a0a5-40878ef9a0bc-groupManagement] INFO  server.RaftServerConfigKeys (ConfUtils.java:logGet(46)) - raft.server.threadpool.server.size = 0 (default)
2024-08-15 10:19:14,310 [6b83e431-4bd4-4ef9-a0a5-40878ef9a0bc-groupManagement] INFO  server.RaftServerConfigKeys (ConfUtils.java:logGet(46)) - raft.server.threadpool.client.cached = true (default)
2024-08-15 10:19:14,310 [6b83e431-4bd4-4ef9-a0a5-40878ef9a0bc-groupManagement] INFO  server.RaftServerConfigKeys (ConfUtils.java:logGet(46)) - raft.server.threadpool.client.size = 0 (default)
2024-08-15 10:19:14,310 [6b83e431-4bd4-4ef9-a0a5-40878ef9a0bc-groupManagement] INFO  server.RaftServerConfigKeys (ConfUtils.java:logGet(46)) - raft.server.storage.free-space.min = 0MB (=0) (default)
2024-08-15 10:19:14,310 [6b83e431-4bd4-4ef9-a0a5-40878ef9a0bc-groupManagement] INFO  server.RaftServerConfigKeys (ConfUtils.java:logGet(46)) - raft.server.log.corruption.policy = EXCEPTION (default)
2024-08-15 10:19:14,310 [6b83e431-4bd4-4ef9-a0a5-40878ef9a0bc-groupManagement] INFO  server.RaftServerConfigKeys (ConfUtils.java:logGet(46)) - raft.server.storage.dir = [/home/runner/work/ozone/ozone/hadoop-ozone/integration-test/target/test-dir/MiniOzoneClusterImpl-71195f16-0443-47ad-abb9-7568f4d0400c/ozone-meta/datanode-5/ratis] (custom)
2024-08-15 10:19:14,310 [6b83e431-4bd4-4ef9-a0a5-40878ef9a0bc-groupManagement] INFO  storage.RaftStorageDirectory (RaftStorageDirectoryImpl.java:analyzeStorage(138)) - The storage directory /home/runner/work/ozone/ozone/hadoop-ozone/integration-test/target/test-dir/MiniOzoneClusterImpl-71195f16-0443-47ad-abb9-7568f4d0400c/ozone-meta/datanode-5/ratis/e8b97c87-5f35-46e9-bdff-9bd0ea84e87a does not exist. Creating ...
2024-08-15 10:19:14,311 [6b83e431-4bd4-4ef9-a0a5-40878ef9a0bc-groupManagement] INFO  storage.RaftStorageDirectory (RaftStorageDirectoryImpl.java:tryLock(229)) - Lock on /home/runner/work/ozone/ozone/hadoop-ozone/integration-test/target/test-dir/MiniOzoneClusterImpl-71195f16-0443-47ad-abb9-7568f4d0400c/ozone-meta/datanode-5/ratis/e8b97c87-5f35-46e9-bdff-9bd0ea84e87a/in_use.lock acquired by nodename 113339@fv-az1107-352
2024-08-15 10:19:14,312 [6b83e431-4bd4-4ef9-a0a5-40878ef9a0bc-groupManagement] INFO  storage.RaftStorage (RaftStorageImpl.java:format(98)) - Storage directory /home/runner/work/ozone/ozone/hadoop-ozone/integration-test/target/test-dir/MiniOzoneClusterImpl-71195f16-0443-47ad-abb9-7568f4d0400c/ozone-meta/datanode-5/ratis/e8b97c87-5f35-46e9-bdff-9bd0ea84e87a has been successfully formatted.
2024-08-15 10:19:14,313 [6b83e431-4bd4-4ef9-a0a5-40878ef9a0bc-groupManagement] INFO  ratis.ContainerStateMachine (ContainerStateMachine.java:loadSnapshot(295)) - group-9BD0EA84E87A: The snapshot info is null. Setting the last applied index to:(t:0, i:~)
2024-08-15 10:19:14,313 [6b83e431-4bd4-4ef9-a0a5-40878ef9a0bc-groupManagement] INFO  server.RaftServerConfigKeys (ConfUtils.java:logGet(46)) - raft.server.log.use.memory = false (default)
2024-08-15 10:19:14,313 [6b83e431-4bd4-4ef9-a0a5-40878ef9a0bc-groupManagement] INFO  server.RaftServerConfigKeys (ConfUtils.java:logGet(46)) - raft.server.log.purge.gap = 1000000 (custom)
2024-08-15 10:19:14,313 [6b83e431-4bd4-4ef9-a0a5-40878ef9a0bc-groupManagement] INFO  server.RaftServerConfigKeys (ConfUtils.java:logGet(46)) - raft.server.log.appender.buffer.byte-limit = 8388608 (custom)
2024-08-15 10:19:14,313 [6b83e431-4bd4-4ef9-a0a5-40878ef9a0bc-groupManagement] INFO  server.RaftServerConfigKeys (ConfUtils.java:logGet(46)) - raft.server.log.statemachine.data.read.timeout = 1000ms (default)
2024-08-15 10:19:14,313 [6b83e431-4bd4-4ef9-a0a5-40878ef9a0bc-groupManagement] INFO  server.RaftServerConfigKeys (ConfUtils.java:logGet(46)) - raft.server.log.purge.preservation.log.num = 0 (default)
2024-08-15 10:19:14,314 [6b83e431-4bd4-4ef9-a0a5-40878ef9a0bc-groupManagement] INFO  server.RaftServerConfigKeys (ConfUtils.java:logGet(46)) - raft.server.log.segment.size.max = 67108864 (custom)
2024-08-15 10:19:14,314 [6b83e431-4bd4-4ef9-a0a5-40878ef9a0bc-groupManagement] INFO  server.RaftServerConfigKeys (ConfUtils.java:logGet(46)) - raft.server.log.segment.cache.num.max = 2 (custom)
2024-08-15 10:19:14,314 [6b83e431-4bd4-4ef9-a0a5-40878ef9a0bc-groupManagement] INFO  server.RaftServerConfigKeys (ConfUtils.java:logGet(46)) - raft.server.log.segment.cache.size.max = 200MB (=209715200) (default)
2024-08-15 10:19:14,314 [6b83e431-4bd4-4ef9-a0a5-40878ef9a0bc-groupManagement] INFO  server.RaftServerConfigKeys (ConfUtils.java:logGet(46)) - raft.server.log.appender.buffer.byte-limit = 8388608 (custom)
2024-08-15 10:19:14,314 [6b83e431-4bd4-4ef9-a0a5-40878ef9a0bc-groupManagement] INFO  util.AwaitToRun (AwaitToRun.java:start(81)) - Thread[6b83e431-4bd4-4ef9-a0a5-40878ef9a0bc@group-9BD0EA84E87A-cacheEviction-AwaitToRun,5,main] started
2024-08-15 10:19:14,315 [6b83e431-4bd4-4ef9-a0a5-40878ef9a0bc-groupManagement] INFO  segmented.SegmentedRaftLogWorker (SegmentedRaftLogWorker.java:<init>(184)) - new 6b83e431-4bd4-4ef9-a0a5-40878ef9a0bc@group-9BD0EA84E87A-SegmentedRaftLogWorker for RaftStorageImpl:Storage Directory /home/runner/work/ozone/ozone/hadoop-ozone/integration-test/target/test-dir/MiniOzoneClusterImpl-71195f16-0443-47ad-abb9-7568f4d0400c/ozone-meta/datanode-5/ratis/e8b97c87-5f35-46e9-bdff-9bd0ea84e87a
2024-08-15 10:19:14,315 [6b83e431-4bd4-4ef9-a0a5-40878ef9a0bc-groupManagement] INFO  server.RaftServerConfigKeys (ConfUtils.java:logGet(46)) - raft.server.log.queue.byte-limit = 4294967296 (custom)
2024-08-15 10:19:14,315 [6b83e431-4bd4-4ef9-a0a5-40878ef9a0bc-groupManagement] INFO  server.RaftServerConfigKeys (ConfUtils.java:logGet(46)) - raft.server.log.queue.element-limit = 1024 (custom)
2024-08-15 10:19:14,315 [6b83e431-4bd4-4ef9-a0a5-40878ef9a0bc-groupManagement] INFO  server.RaftServerConfigKeys (ConfUtils.java:logGet(46)) - raft.server.log.segment.size.max = 67108864 (custom)
2024-08-15 10:19:14,315 [6b83e431-4bd4-4ef9-a0a5-40878ef9a0bc-groupManagement] INFO  server.RaftServerConfigKeys (ConfUtils.java:logGet(46)) - raft.server.log.preallocated.size = 4194304 (custom)
2024-08-15 10:19:14,315 [6b83e431-4bd4-4ef9-a0a5-40878ef9a0bc-groupManagement] INFO  server.RaftServerConfigKeys (ConfUtils.java:logGet(46)) - raft.server.log.force.sync.num = 128 (default)
2024-08-15 10:19:14,315 [6b83e431-4bd4-4ef9-a0a5-40878ef9a0bc-groupManagement] INFO  server.RaftServerConfigKeys (ConfUtils.java:logGet(46)) - raft.server.log.statemachine.data.sync = true (default)
2024-08-15 10:19:14,315 [6b83e431-4bd4-4ef9-a0a5-40878ef9a0bc-groupManagement] INFO  server.RaftServerConfigKeys (ConfUtils.java:logGet(46)) - raft.server.log.statemachine.data.sync.timeout = 10s (default)
2024-08-15 10:19:14,315 [6b83e431-4bd4-4ef9-a0a5-40878ef9a0bc-groupManagement] INFO  server.RaftServerConfigKeys (ConfUtils.java:logGet(46)) - raft.server.log.statemachine.data.sync.timeout.retry = 30 (custom)
2024-08-15 10:19:14,315 [6b83e431-4bd4-4ef9-a0a5-40878ef9a0bc-groupManagement] INFO  server.RaftServerConfigKeys (ConfUtils.java:logGet(46)) - raft.server.log.write.buffer.size = 8388616 (custom)
2024-08-15 10:19:14,315 [6b83e431-4bd4-4ef9-a0a5-40878ef9a0bc-groupManagement] INFO  server.RaftServerConfigKeys (ConfUtils.java:logGet(46)) - raft.server.log.appender.buffer.byte-limit = 8388608 (custom)
2024-08-15 10:19:14,316 [6b83e431-4bd4-4ef9-a0a5-40878ef9a0bc-groupManagement] INFO  server.RaftServerConfigKeys (ConfUtils.java:logGet(46)) - raft.server.log.unsafe-flush.enabled = false (default)
2024-08-15 10:19:14,316 [6b83e431-4bd4-4ef9-a0a5-40878ef9a0bc-groupManagement] INFO  server.RaftServerConfigKeys (ConfUtils.java:logGet(46)) - raft.server.log.async-flush.enabled = false (default)
2024-08-15 10:19:14,316 [6b83e431-4bd4-4ef9-a0a5-40878ef9a0bc-groupManagement] INFO  server.RaftServerConfigKeys (ConfUtils.java:logGet(46)) - raft.server.log.statemachine.data.caching.enabled = true (custom)
2024-08-15 10:19:14,316 [6b83e431-4bd4-4ef9-a0a5-40878ef9a0bc-groupManagement] INFO  segmented.SegmentedRaftLogWorker (SegmentedRaftLogWorker.java:lambda$new$0(135)) - 6b83e431-4bd4-4ef9-a0a5-40878ef9a0bc@group-9BD0EA84E87A-SegmentedRaftLogWorker: flushIndex: setUnconditionally 0 -> -1
2024-08-15 10:19:14,316 [6b83e431-4bd4-4ef9-a0a5-40878ef9a0bc-groupManagement] INFO  segmented.SegmentedRaftLogWorker (SegmentedRaftLogWorker.java:lambda$new$0(135)) - 6b83e431-4bd4-4ef9-a0a5-40878ef9a0bc@group-9BD0EA84E87A-SegmentedRaftLogWorker: safeCacheEvictIndex: setUnconditionally 0 -> -1
2024-08-15 10:19:14,316 [6b83e431-4bd4-4ef9-a0a5-40878ef9a0bc-groupManagement] INFO  server.RaftServer$Division (RaftServerImpl.java:start(389)) - 6b83e431-4bd4-4ef9-a0a5-40878ef9a0bc@group-9BD0EA84E87A: start as a follower, conf=conf: {index: -1, cur=peers:[6b83e431-4bd4-4ef9-a0a5-40878ef9a0bc|127.0.0.1:15525]|listeners:[], old=null}
2024-08-15 10:19:14,316 [6b83e431-4bd4-4ef9-a0a5-40878ef9a0bc-groupManagement] INFO  server.RaftServer$Division (RaftServerImpl.java:setRole(376)) - 6b83e431-4bd4-4ef9-a0a5-40878ef9a0bc@group-9BD0EA84E87A: changes role from      null to FOLLOWER at term 0 for startAsFollower
2024-08-15 10:19:14,316 [6b83e431-4bd4-4ef9-a0a5-40878ef9a0bc-groupManagement] INFO  impl.RoleInfo (RoleInfo.java:updateAndGet(148)) - 6b83e431-4bd4-4ef9-a0a5-40878ef9a0bc: start 6b83e431-4bd4-4ef9-a0a5-40878ef9a0bc@group-9BD0EA84E87A-FollowerState
2024-08-15 10:19:14,316 [6b83e431-4bd4-4ef9-a0a5-40878ef9a0bc-groupManagement] INFO  util.JmxRegister (JmxRegister.java:tryRegister(44)) - Successfully registered JMX Bean with object name Ratis:service=RaftServer,group=group-9BD0EA84E87A,id=6b83e431-4bd4-4ef9-a0a5-40878ef9a0bc
2024-08-15 10:19:14,317 [6b83e431-4bd4-4ef9-a0a5-40878ef9a0bc-groupManagement] INFO  util.JmxRegister (JmxRegister.java:register(58)) - register mxBean class org.apache.ratis.server.impl.RaftServerJmxAdapter as Ratis:service=RaftServer,group=group-9BD0EA84E87A,id=6b83e431-4bd4-4ef9-a0a5-40878ef9a0bc
2024-08-15 10:19:14,316 [6b83e431-4bd4-4ef9-a0a5-40878ef9a0bc@group-9BD0EA84E87A-FollowerState] INFO  server.RaftServerConfigKeys (ConfUtils.java:logFallback(53)) - raft.server.rpc.first-election.timeout.min = 5s (fallback to raft.server.rpc.timeout.min)
2024-08-15 10:19:14,317 [6b83e431-4bd4-4ef9-a0a5-40878ef9a0bc-groupManagement] INFO  server.RaftServerConfigKeys (ConfUtils.java:logGet(46)) - raft.server.snapshot.trigger-when-stop.enabled = true (default)
2024-08-15 10:19:14,317 [6b83e431-4bd4-4ef9-a0a5-40878ef9a0bc-groupManagement] INFO  server.RaftServerConfigKeys (ConfUtils.java:logGet(46)) - raft.server.snapshot.trigger-when-remove.enabled = true (default)
2024-08-15 10:19:14,317 [6b83e431-4bd4-4ef9-a0a5-40878ef9a0bc-groupManagement] INFO  server.RaftServerConfigKeys (ConfUtils.java:logGet(46)) - raft.server.snapshot.auto.trigger.enabled = true (custom)
2024-08-15 10:19:14,317 [6b83e431-4bd4-4ef9-a0a5-40878ef9a0bc-groupManagement] INFO  server.RaftServerConfigKeys (ConfUtils.java:logGet(46)) - raft.server.snapshot.auto.trigger.threshold = 10000 (custom)
2024-08-15 10:19:14,317 [6b83e431-4bd4-4ef9-a0a5-40878ef9a0bc-groupManagement] INFO  server.RaftServerConfigKeys (ConfUtils.java:logGet(46)) - raft.server.snapshot.retention.file.num = 5 (custom)
2024-08-15 10:19:14,317 [6b83e431-4bd4-4ef9-a0a5-40878ef9a0bc-groupManagement] INFO  server.RaftServerConfigKeys (ConfUtils.java:logGet(46)) - raft.server.log.purge.upto.snapshot.index = false (default)
2024-08-15 10:19:14,317 [6b83e431-4bd4-4ef9-a0a5-40878ef9a0bc@group-9BD0EA84E87A-FollowerState] INFO  server.RaftServerConfigKeys (ConfUtils.java:logFallback(53)) - raft.server.rpc.first-election.timeout.max = 5200ms (fallback to raft.server.rpc.timeout.max)
2024-08-15 10:19:14,318 [EventQueue-PipelineReportForPipelineReportHandler] INFO  pipeline.PipelineReportHandler (PipelineReportHandler.java:processPipelineReport(136)) - Opened pipeline PipelineID=e8b97c87-5f35-46e9-bdff-9bd0ea84e87a
2024-08-15 10:19:14,318 [EventQueue-OpenPipelineForHealthyPipelineSafeModeRule] INFO  safemode.SCMSafeModeManager (HealthyPipelineSafeModeRule.java:process(140)) - SCM in safe mode. Healthy pipelines reported count is 0, required healthy pipeline reported count is 1
2024-08-15 10:19:14,321 [6b83e431-4bd4-4ef9-a0a5-40878ef9a0bc-PipelineCommandHandlerThread-0] INFO  ratis.XceiverServerRatis (XceiverServerRatis.java:addGroup(850)) - Created group PipelineID=e8b97c87-5f35-46e9-bdff-9bd0ea84e87a
2024-08-15 10:19:14,321 [6b83e431-4bd4-4ef9-a0a5-40878ef9a0bc-PipelineCommandHandlerThread-0] INFO  commandhandler.CreatePipelineCommandHandler (CreatePipelineCommandHandler.java:lambda$handle$2(124)) - Created Pipeline RATIS ONE PipelineID=e8b97c87-5f35-46e9-bdff-9bd0ea84e87a.
2024-08-15 10:19:15,310 [main] INFO  ozone.MiniOzoneClusterImpl (MiniOzoneClusterImpl.java:lambda$waitForClusterToBeReady$0(198)) - Nodes are ready. Got 5 of 5 DN Heartbeats.
2024-08-15 10:19:15,310 [main] INFO  ozone.MiniOzoneClusterImpl (MiniOzoneClusterImpl.java:lambda$waitForClusterToBeReady$0(201)) - Waiting for cluster to exit safe mode
2024-08-15 10:19:15,310 [main] INFO  ozone.MiniOzoneClusterImpl (MiniOzoneClusterImpl.java:lambda$waitForClusterToBeReady$0(203)) - SCM became leader
2024-08-15 10:19:16,310 [main] INFO  ozone.MiniOzoneClusterImpl (MiniOzoneClusterImpl.java:lambda$waitForClusterToBeReady$0(198)) - Nodes are ready. Got 5 of 5 DN Heartbeats.
2024-08-15 10:19:16,311 [main] INFO  ozone.MiniOzoneClusterImpl (MiniOzoneClusterImpl.java:lambda$waitForClusterToBeReady$0(201)) - Waiting for cluster to exit safe mode
2024-08-15 10:19:16,311 [main] INFO  ozone.MiniOzoneClusterImpl (MiniOzoneClusterImpl.java:lambda$waitForClusterToBeReady$0(203)) - SCM became leader
2024-08-15 10:19:17,311 [main] INFO  ozone.MiniOzoneClusterImpl (MiniOzoneClusterImpl.java:lambda$waitForClusterToBeReady$0(198)) - Nodes are ready. Got 5 of 5 DN Heartbeats.
2024-08-15 10:19:17,311 [main] INFO  ozone.MiniOzoneClusterImpl (MiniOzoneClusterImpl.java:lambda$waitForClusterToBeReady$0(201)) - Waiting for cluster to exit safe mode
2024-08-15 10:19:17,311 [main] INFO  ozone.MiniOzoneClusterImpl (MiniOzoneClusterImpl.java:lambda$waitForClusterToBeReady$0(203)) - SCM became leader
2024-08-15 10:19:18,311 [main] INFO  ozone.MiniOzoneClusterImpl (MiniOzoneClusterImpl.java:lambda$waitForClusterToBeReady$0(198)) - Nodes are ready. Got 5 of 5 DN Heartbeats.
2024-08-15 10:19:18,312 [main] INFO  ozone.MiniOzoneClusterImpl (MiniOzoneClusterImpl.java:lambda$waitForClusterToBeReady$0(201)) - Waiting for cluster to exit safe mode
2024-08-15 10:19:18,312 [main] INFO  ozone.MiniOzoneClusterImpl (MiniOzoneClusterImpl.java:lambda$waitForClusterToBeReady$0(203)) - SCM became leader
2024-08-15 10:19:18,421 [1b29c983-94d7-499d-bcc1-fd69fd0caba2@group-2D5F7692F179-FollowerState] INFO  impl.FollowerState (FollowerState.java:run(144)) - 1b29c983-94d7-499d-bcc1-fd69fd0caba2@group-2D5F7692F179-FollowerState: change to CANDIDATE, lastRpcElapsedTime:5016461314ns, electionTimeout:5016ms
2024-08-15 10:19:18,421 [1b29c983-94d7-499d-bcc1-fd69fd0caba2@group-2D5F7692F179-FollowerState] INFO  impl.RoleInfo (RoleInfo.java:shutdownFollowerState(119)) - 1b29c983-94d7-499d-bcc1-fd69fd0caba2: shutdown 1b29c983-94d7-499d-bcc1-fd69fd0caba2@group-2D5F7692F179-FollowerState
2024-08-15 10:19:18,421 [1b29c983-94d7-499d-bcc1-fd69fd0caba2@group-2D5F7692F179-FollowerState] INFO  server.RaftServer$Division (RaftServerImpl.java:setRole(376)) - 1b29c983-94d7-499d-bcc1-fd69fd0caba2@group-2D5F7692F179: changes role from  FOLLOWER to CANDIDATE at term 0 for changeToCandidate
2024-08-15 10:19:18,421 [1b29c983-94d7-499d-bcc1-fd69fd0caba2@group-2D5F7692F179-FollowerState] INFO  server.RaftServerConfigKeys (ConfUtils.java:logGet(46)) - raft.server.leaderelection.pre-vote = true (default)
2024-08-15 10:19:18,421 [1b29c983-94d7-499d-bcc1-fd69fd0caba2@group-2D5F7692F179-FollowerState] INFO  impl.RoleInfo (RoleInfo.java:updateAndGet(148)) - 1b29c983-94d7-499d-bcc1-fd69fd0caba2: start 1b29c983-94d7-499d-bcc1-fd69fd0caba2@group-2D5F7692F179-LeaderElection129
2024-08-15 10:19:18,421 [1b29c983-94d7-499d-bcc1-fd69fd0caba2@group-2D5F7692F179-LeaderElection129] INFO  impl.LeaderElection (LeaderElection.java:askForVotes(321)) - 1b29c983-94d7-499d-bcc1-fd69fd0caba2@group-2D5F7692F179-LeaderElection129 PRE_VOTE round 0: submit vote requests at term 0 for conf: {index: -1, cur=peers:[1b29c983-94d7-499d-bcc1-fd69fd0caba2|127.0.0.1:15489]|listeners:[], old=null}
2024-08-15 10:19:18,421 [1b29c983-94d7-499d-bcc1-fd69fd0caba2@group-2D5F7692F179-LeaderElection129] INFO  impl.LeaderElection (LeaderElection.java:askForVotes(323)) - 1b29c983-94d7-499d-bcc1-fd69fd0caba2@group-2D5F7692F179-LeaderElection129 PRE_VOTE round 0: result PASSED (term=0)
2024-08-15 10:19:18,422 [1b29c983-94d7-499d-bcc1-fd69fd0caba2@group-2D5F7692F179-LeaderElection129] INFO  impl.LeaderElection (LeaderElection.java:askForVotes(321)) - 1b29c983-94d7-499d-bcc1-fd69fd0caba2@group-2D5F7692F179-LeaderElection129 ELECTION round 0: submit vote requests at term 1 for conf: {index: -1, cur=peers:[1b29c983-94d7-499d-bcc1-fd69fd0caba2|127.0.0.1:15489]|listeners:[], old=null}
2024-08-15 10:19:18,423 [1b29c983-94d7-499d-bcc1-fd69fd0caba2@group-2D5F7692F179-LeaderElection129] INFO  impl.LeaderElection (LeaderElection.java:askForVotes(323)) - 1b29c983-94d7-499d-bcc1-fd69fd0caba2@group-2D5F7692F179-LeaderElection129 ELECTION round 0: result PASSED (term=1)
2024-08-15 10:19:18,423 [1b29c983-94d7-499d-bcc1-fd69fd0caba2@group-2D5F7692F179-LeaderElection129] INFO  impl.RoleInfo (RoleInfo.java:shutdownLeaderElection(139)) - 1b29c983-94d7-499d-bcc1-fd69fd0caba2: shutdown 1b29c983-94d7-499d-bcc1-fd69fd0caba2@group-2D5F7692F179-LeaderElection129
2024-08-15 10:19:18,423 [1b29c983-94d7-499d-bcc1-fd69fd0caba2@group-2D5F7692F179-LeaderElection129] INFO  server.RaftServer$Division (RaftServerImpl.java:setRole(376)) - 1b29c983-94d7-499d-bcc1-fd69fd0caba2@group-2D5F7692F179: changes role from CANDIDATE to LEADER at term 1 for changeToLeader
2024-08-15 10:19:18,423 [1b29c983-94d7-499d-bcc1-fd69fd0caba2@group-2D5F7692F179-LeaderElection129] INFO  server.RaftServerConfigKeys (ConfUtils.java:logGet(46)) - raft.server.staging.catchup.gap = 1000 (default)
2024-08-15 10:19:18,423 [1b29c983-94d7-499d-bcc1-fd69fd0caba2@group-2D5F7692F179-LeaderElection129] INFO  server.RaftServerConfigKeys (ConfUtils.java:logGet(46)) - raft.server.write.element-limit = 1024 (custom)
2024-08-15 10:19:18,423 [1b29c983-94d7-499d-bcc1-fd69fd0caba2@group-2D5F7692F179-LeaderElection129] INFO  server.RaftServerConfigKeys (ConfUtils.java:logGet(46)) - raft.server.write.byte-limit = 1024 M (=1073741824) (custom)
2024-08-15 10:19:18,423 [1b29c983-94d7-499d-bcc1-fd69fd0caba2@group-2D5F7692F179-LeaderElection129] INFO  server.RaftServerConfigKeys (ConfUtils.java:logGet(46)) - raft.server.watch.timeout = 3000ms (custom)
2024-08-15 10:19:18,423 [1b29c983-94d7-499d-bcc1-fd69fd0caba2@group-2D5F7692F179-LeaderElection129] INFO  server.RaftServerConfigKeys (ConfUtils.java:logGet(46)) - raft.server.watch.timeout.denomination = 1s (default)
2024-08-15 10:19:18,423 [1b29c983-94d7-499d-bcc1-fd69fd0caba2@group-2D5F7692F179-LeaderElection129] INFO  server.RaftServerConfigKeys (ConfUtils.java:logGet(46)) - raft.server.watch.element-limit = 65536 (default)
2024-08-15 10:19:18,423 [1b29c983-94d7-499d-bcc1-fd69fd0caba2@group-2D5F7692F179-LeaderElection129] INFO  server.RaftServerConfigKeys (ConfUtils.java:logGet(46)) - raft.server.read.leader.lease.enabled = false (default)
2024-08-15 10:19:18,423 [1b29c983-94d7-499d-bcc1-fd69fd0caba2@group-2D5F7692F179-LeaderElection129] INFO  server.RaftServerConfigKeys (ConfUtils.java:logGet(46)) - raft.server.read.leader.lease.timeout.ratio = 0.9 (default)
2024-08-15 10:19:18,423 [1b29c983-94d7-499d-bcc1-fd69fd0caba2@group-2D5F7692F179-LeaderElection129] INFO  server.RaftServerConfigKeys (ConfUtils.java:logGet(46)) - raft.server.rpc.timeout.min = 5s (custom)
2024-08-15 10:19:18,423 [1b29c983-94d7-499d-bcc1-fd69fd0caba2@group-2D5F7692F179-LeaderElection129] INFO  server.RaftServerConfigKeys (ConfUtils.java:logGet(46)) - raft.server.log.log-metadata.enabled = true (default)
2024-08-15 10:19:18,424 [1b29c983-94d7-499d-bcc1-fd69fd0caba2@group-2D5F7692F179-LeaderElection129] INFO  server.RaftServerConfigKeys (ConfUtils.java:logGet(46)) - raft.server.write.element-limit = 1024 (custom)
2024-08-15 10:19:18,424 [1b29c983-94d7-499d-bcc1-fd69fd0caba2@group-2D5F7692F179-LeaderElection129] INFO  server.RaftServerConfigKeys (ConfUtils.java:logGet(46)) - raft.server.write.follower.gap.ratio.max = -1.0 (default)
2024-08-15 10:19:18,424 [1b29c983-94d7-499d-bcc1-fd69fd0caba2@group-2D5F7692F179-LeaderElection129] INFO  impl.RoleInfo (RoleInfo.java:updateAndGet(148)) - 1b29c983-94d7-499d-bcc1-fd69fd0caba2: start 1b29c983-94d7-499d-bcc1-fd69fd0caba2@group-2D5F7692F179-LeaderStateImpl
2024-08-15 10:19:18,424 [1b29c983-94d7-499d-bcc1-fd69fd0caba2@group-2D5F7692F179-LeaderElection129] INFO  server.RaftServer$Division (RaftServerImpl.java:setFirstElection(549)) - 1b29c983-94d7-499d-bcc1-fd69fd0caba2@group-2D5F7692F179: set firstElectionSinceStartup to false for becomeLeader
2024-08-15 10:19:18,424 [1b29c983-94d7-499d-bcc1-fd69fd0caba2@group-2D5F7692F179-LeaderElection129] INFO  ratis.XceiverServerRatis (XceiverServerRatis.java:handleLeaderChangedNotification(951)) - Leader change notification received for group: group-2D5F7692F179 with new leaderId: 1b29c983-94d7-499d-bcc1-fd69fd0caba2
2024-08-15 10:19:18,424 [1b29c983-94d7-499d-bcc1-fd69fd0caba2@group-2D5F7692F179-LeaderElection129] INFO  server.RaftServer$Division (ServerState.java:setLeader(272)) - 1b29c983-94d7-499d-bcc1-fd69fd0caba2@group-2D5F7692F179: change Leader from null to 1b29c983-94d7-499d-bcc1-fd69fd0caba2 at term 1 for becomeLeader, leader elected after 5029ms
2024-08-15 10:19:18,424 [1b29c983-94d7-499d-bcc1-fd69fd0caba2@group-2D5F7692F179-LeaderElection129] INFO  segmented.SegmentedRaftLogWorker (SegmentedRaftLogWorker.java:startLogSegment(433)) - 1b29c983-94d7-499d-bcc1-fd69fd0caba2@group-2D5F7692F179-SegmentedRaftLogWorker: Starting segment from index:0
2024-08-15 10:19:18,424 [1b29c983-94d7-499d-bcc1-fd69fd0caba2@group-2D5F7692F179-SegmentedRaftLogWorker] INFO  segmented.BufferedWriteChannel (BufferedWriteChannel.java:open(61)) - open log_inprogress_0 at position 0
2024-08-15 10:19:18,425 [1b29c983-94d7-499d-bcc1-fd69fd0caba2@group-2D5F7692F179-LeaderElection129] INFO  server.RaftServer$Division (ServerState.java:setRaftConf(386)) - 1b29c983-94d7-499d-bcc1-fd69fd0caba2@group-2D5F7692F179: set configuration conf: {index: 0, cur=peers:[1b29c983-94d7-499d-bcc1-fd69fd0caba2|127.0.0.1:15489]|listeners:[], old=null}
2024-08-15 10:19:18,426 [EventQueue-OpenPipelineForHealthyPipelineSafeModeRule] INFO  safemode.SCMSafeModeManager (HealthyPipelineSafeModeRule.java:process(140)) - SCM in safe mode. Healthy pipelines reported count is 0, required healthy pipeline reported count is 1
2024-08-15 10:19:18,433 [1b29c983-94d7-499d-bcc1-fd69fd0caba2@group-2D5F7692F179-SegmentedRaftLogWorker] INFO  segmented.SegmentedRaftLogWorker (SegmentedRaftLogWorker.java:execute(637)) - 1b29c983-94d7-499d-bcc1-fd69fd0caba2@group-2D5F7692F179-SegmentedRaftLogWorker: created new log segment /home/runner/work/ozone/ozone/hadoop-ozone/integration-test/target/test-dir/MiniOzoneClusterImpl-71195f16-0443-47ad-abb9-7568f4d0400c/ozone-meta/datanode-1/ratis/b8617165-ef3f-4389-979e-2d5f7692f179/current/log_inprogress_0
2024-08-15 10:19:18,435 [1b29c983-94d7-499d-bcc1-fd69fd0caba2@group-2D5F7692F179-StateMachineUpdater] INFO  server.RaftServer$Division (LeaderStateImpl.java:checkStartIndex(316)) - Leader 1b29c983-94d7-499d-bcc1-fd69fd0caba2@group-2D5F7692F179-LeaderStateImpl is ready since appliedIndex == startIndex == 0
2024-08-15 10:19:18,472 [38e4ed17-21fc-4cdd-a713-95c81e4a5ee7@group-FAD2DA683029-FollowerState] INFO  impl.FollowerState (FollowerState.java:run(144)) - 38e4ed17-21fc-4cdd-a713-95c81e4a5ee7@group-FAD2DA683029-FollowerState: change to CANDIDATE, lastRpcElapsedTime:5040731514ns, electionTimeout:5040ms
2024-08-15 10:19:18,472 [38e4ed17-21fc-4cdd-a713-95c81e4a5ee7@group-FAD2DA683029-FollowerState] INFO  impl.RoleInfo (RoleInfo.java:shutdownFollowerState(119)) - 38e4ed17-21fc-4cdd-a713-95c81e4a5ee7: shutdown 38e4ed17-21fc-4cdd-a713-95c81e4a5ee7@group-FAD2DA683029-FollowerState
2024-08-15 10:19:18,472 [38e4ed17-21fc-4cdd-a713-95c81e4a5ee7@group-FAD2DA683029-FollowerState] INFO  server.RaftServer$Division (RaftServerImpl.java:setRole(376)) - 38e4ed17-21fc-4cdd-a713-95c81e4a5ee7@group-FAD2DA683029: changes role from  FOLLOWER to CANDIDATE at term 0 for changeToCandidate
2024-08-15 10:19:18,472 [38e4ed17-21fc-4cdd-a713-95c81e4a5ee7@group-FAD2DA683029-FollowerState] INFO  server.RaftServerConfigKeys (ConfUtils.java:logGet(46)) - raft.server.leaderelection.pre-vote = true (default)
2024-08-15 10:19:18,472 [38e4ed17-21fc-4cdd-a713-95c81e4a5ee7@group-FAD2DA683029-FollowerState] INFO  impl.RoleInfo (RoleInfo.java:updateAndGet(148)) - 38e4ed17-21fc-4cdd-a713-95c81e4a5ee7: start 38e4ed17-21fc-4cdd-a713-95c81e4a5ee7@group-FAD2DA683029-LeaderElection130
2024-08-15 10:19:18,472 [38e4ed17-21fc-4cdd-a713-95c81e4a5ee7@group-FAD2DA683029-LeaderElection130] INFO  impl.LeaderElection (LeaderElection.java:askForVotes(321)) - 38e4ed17-21fc-4cdd-a713-95c81e4a5ee7@group-FAD2DA683029-LeaderElection130 PRE_VOTE round 0: submit vote requests at term 0 for conf: {index: -1, cur=peers:[0e485a45-f52d-48d7-a7aa-3788f1251f10|127.0.0.1:15498, 38e4ed17-21fc-4cdd-a713-95c81e4a5ee7|127.0.0.1:15507, 1b29c983-94d7-499d-bcc1-fd69fd0caba2|127.0.0.1:15489]|listeners:[], old=null}
2024-08-15 10:19:18,473 [38e4ed17-21fc-4cdd-a713-95c81e4a5ee7@group-FAD2DA683029-LeaderElection130-1] INFO  server.GrpcServerProtocolClient (GrpcServerProtocolClient.java:<init>(65)) - Build channel for 0e485a45-f52d-48d7-a7aa-3788f1251f10|127.0.0.1:15498
2024-08-15 10:19:18,473 [38e4ed17-21fc-4cdd-a713-95c81e4a5ee7@group-FAD2DA683029-LeaderElection130-2] INFO  server.GrpcServerProtocolClient (GrpcServerProtocolClient.java:<init>(65)) - Build channel for 1b29c983-94d7-499d-bcc1-fd69fd0caba2|127.0.0.1:15489
2024-08-15 10:19:18,473 [38e4ed17-21fc-4cdd-a713-95c81e4a5ee7@group-FAD2DA683029-LeaderElection130] INFO  server.RaftServerConfigKeys (ConfUtils.java:logFallback(53)) - raft.server.rpc.first-election.timeout.min = 5s (fallback to raft.server.rpc.timeout.min)
2024-08-15 10:19:18,473 [38e4ed17-21fc-4cdd-a713-95c81e4a5ee7@group-FAD2DA683029-LeaderElection130] INFO  server.RaftServerConfigKeys (ConfUtils.java:logFallback(53)) - raft.server.rpc.first-election.timeout.max = 5200ms (fallback to raft.server.rpc.timeout.max)
2024-08-15 10:19:18,476 [grpc-default-executor-0] INFO  server.RaftServer$Division (RaftServerImpl.java:requestVote(1416)) - 1b29c983-94d7-499d-bcc1-fd69fd0caba2@group-FAD2DA683029: receive requestVote(PRE_VOTE, 38e4ed17-21fc-4cdd-a713-95c81e4a5ee7, group-FAD2DA683029, 0, (t:0, i:0))
2024-08-15 10:19:18,476 [grpc-default-executor-1] INFO  server.RaftServer$Division (RaftServerImpl.java:requestVote(1416)) - 0e485a45-f52d-48d7-a7aa-3788f1251f10@group-FAD2DA683029: receive requestVote(PRE_VOTE, 38e4ed17-21fc-4cdd-a713-95c81e4a5ee7, group-FAD2DA683029, 0, (t:0, i:0))
2024-08-15 10:19:18,476 [grpc-default-executor-0] INFO  impl.VoteContext (VoteContext.java:log(49)) - 1b29c983-94d7-499d-bcc1-fd69fd0caba2@group-FAD2DA683029-FOLLOWER: accept PRE_VOTE from 38e4ed17-21fc-4cdd-a713-95c81e4a5ee7: our priority 0 <= candidate's priority 0
2024-08-15 10:19:18,476 [grpc-default-executor-0] INFO  server.RaftServer$Division (RaftServerImpl.java:requestVote(1449)) - 1b29c983-94d7-499d-bcc1-fd69fd0caba2@group-FAD2DA683029 replies to PRE_VOTE vote request: 38e4ed17-21fc-4cdd-a713-95c81e4a5ee7<-1b29c983-94d7-499d-bcc1-fd69fd0caba2#0:OK-t0. Peer's state: 1b29c983-94d7-499d-bcc1-fd69fd0caba2@group-FAD2DA683029:t0, leader=null, voted=, raftlog=Memoized:1b29c983-94d7-499d-bcc1-fd69fd0caba2@group-FAD2DA683029-SegmentedRaftLog:OPENED:c-1:lastnull, conf=conf: {index: -1, cur=peers:[0e485a45-f52d-48d7-a7aa-3788f1251f10|127.0.0.1:15498, 38e4ed17-21fc-4cdd-a713-95c81e4a5ee7|127.0.0.1:15507, 1b29c983-94d7-499d-bcc1-fd69fd0caba2|127.0.0.1:15489]|listeners:[], old=null}
2024-08-15 10:19:18,477 [grpc-default-executor-1] INFO  impl.VoteContext (VoteContext.java:log(49)) - 0e485a45-f52d-48d7-a7aa-3788f1251f10@group-FAD2DA683029-FOLLOWER: reject PRE_VOTE from 38e4ed17-21fc-4cdd-a713-95c81e4a5ee7: our priority 1 > candidate's priority 0
2024-08-15 10:19:18,477 [grpc-default-executor-1] INFO  server.RaftServer$Division (RaftServerImpl.java:requestVote(1449)) - 0e485a45-f52d-48d7-a7aa-3788f1251f10@group-FAD2DA683029 replies to PRE_VOTE vote request: 38e4ed17-21fc-4cdd-a713-95c81e4a5ee7<-0e485a45-f52d-48d7-a7aa-3788f1251f10#0:FAIL-t0. Peer's state: 0e485a45-f52d-48d7-a7aa-3788f1251f10@group-FAD2DA683029:t0, leader=null, voted=, raftlog=Memoized:0e485a45-f52d-48d7-a7aa-3788f1251f10@group-FAD2DA683029-SegmentedRaftLog:OPENED:c-1:lastnull, conf=conf: {index: -1, cur=peers:[0e485a45-f52d-48d7-a7aa-3788f1251f10|127.0.0.1:15498, 38e4ed17-21fc-4cdd-a713-95c81e4a5ee7|127.0.0.1:15507, 1b29c983-94d7-499d-bcc1-fd69fd0caba2|127.0.0.1:15489]|listeners:[], old=null}
2024-08-15 10:19:18,478 [38e4ed17-21fc-4cdd-a713-95c81e4a5ee7@group-FAD2DA683029-LeaderElection130] INFO  impl.LeaderElection (LeaderElection.java:logAndReturn(89)) - 38e4ed17-21fc-4cdd-a713-95c81e4a5ee7@group-FAD2DA683029-LeaderElection130: PRE_VOTE REJECTED received 2 response(s) and 0 exception(s):
2024-08-15 10:19:18,478 [38e4ed17-21fc-4cdd-a713-95c81e4a5ee7@group-FAD2DA683029-LeaderElection130] INFO  impl.LeaderElection (LeaderElection.java:logAndReturn(93)) -   Response 0: 38e4ed17-21fc-4cdd-a713-95c81e4a5ee7<-0e485a45-f52d-48d7-a7aa-3788f1251f10#0:FAIL-t0
2024-08-15 10:19:18,478 [38e4ed17-21fc-4cdd-a713-95c81e4a5ee7@group-FAD2DA683029-LeaderElection130] INFO  impl.LeaderElection (LeaderElection.java:logAndReturn(93)) -   Response 1: 38e4ed17-21fc-4cdd-a713-95c81e4a5ee7<-1b29c983-94d7-499d-bcc1-fd69fd0caba2#0:OK-t0
2024-08-15 10:19:18,478 [38e4ed17-21fc-4cdd-a713-95c81e4a5ee7@group-FAD2DA683029-LeaderElection130] INFO  impl.LeaderElection (LeaderElection.java:askForVotes(323)) - 38e4ed17-21fc-4cdd-a713-95c81e4a5ee7@group-FAD2DA683029-LeaderElection130 PRE_VOTE round 0: result REJECTED
2024-08-15 10:19:18,478 [38e4ed17-21fc-4cdd-a713-95c81e4a5ee7@group-FAD2DA683029-LeaderElection130] INFO  server.RaftServer$Division (RaftServerImpl.java:setRole(376)) - 38e4ed17-21fc-4cdd-a713-95c81e4a5ee7@group-FAD2DA683029: changes role from CANDIDATE to FOLLOWER at term 0 for REJECTED
2024-08-15 10:19:18,478 [38e4ed17-21fc-4cdd-a713-95c81e4a5ee7@group-FAD2DA683029-LeaderElection130] INFO  impl.RoleInfo (RoleInfo.java:shutdownLeaderElection(139)) - 38e4ed17-21fc-4cdd-a713-95c81e4a5ee7: shutdown 38e4ed17-21fc-4cdd-a713-95c81e4a5ee7@group-FAD2DA683029-LeaderElection130
2024-08-15 10:19:18,478 [38e4ed17-21fc-4cdd-a713-95c81e4a5ee7@group-FAD2DA683029-LeaderElection130] INFO  impl.RoleInfo (RoleInfo.java:updateAndGet(148)) - 38e4ed17-21fc-4cdd-a713-95c81e4a5ee7: start 38e4ed17-21fc-4cdd-a713-95c81e4a5ee7@group-FAD2DA683029-FollowerState
2024-08-15 10:19:18,478 [38e4ed17-21fc-4cdd-a713-95c81e4a5ee7@group-FAD2DA683029-LeaderElection130] INFO  server.RaftServer$Division (RaftServerImpl.java:setFirstElection(549)) - 38e4ed17-21fc-4cdd-a713-95c81e4a5ee7@group-FAD2DA683029: set firstElectionSinceStartup to false for REJECTED
2024-08-15 10:19:18,491 [38e4ed17-21fc-4cdd-a713-95c81e4a5ee7@group-F3A1F69E3608-FollowerState] INFO  impl.FollowerState (FollowerState.java:run(144)) - 38e4ed17-21fc-4cdd-a713-95c81e4a5ee7@group-F3A1F69E3608-FollowerState: change to CANDIDATE, lastRpcElapsedTime:5012208468ns, electionTimeout:5011ms
2024-08-15 10:19:18,491 [38e4ed17-21fc-4cdd-a713-95c81e4a5ee7@group-F3A1F69E3608-FollowerState] INFO  impl.RoleInfo (RoleInfo.java:shutdownFollowerState(119)) - 38e4ed17-21fc-4cdd-a713-95c81e4a5ee7: shutdown 38e4ed17-21fc-4cdd-a713-95c81e4a5ee7@group-F3A1F69E3608-FollowerState
2024-08-15 10:19:18,491 [38e4ed17-21fc-4cdd-a713-95c81e4a5ee7@group-F3A1F69E3608-FollowerState] INFO  server.RaftServer$Division (RaftServerImpl.java:setRole(376)) - 38e4ed17-21fc-4cdd-a713-95c81e4a5ee7@group-F3A1F69E3608: changes role from  FOLLOWER to CANDIDATE at term 0 for changeToCandidate
2024-08-15 10:19:18,491 [38e4ed17-21fc-4cdd-a713-95c81e4a5ee7@group-F3A1F69E3608-FollowerState] INFO  server.RaftServerConfigKeys (ConfUtils.java:logGet(46)) - raft.server.leaderelection.pre-vote = true (default)
2024-08-15 10:19:18,491 [38e4ed17-21fc-4cdd-a713-95c81e4a5ee7@group-F3A1F69E3608-FollowerState] INFO  impl.RoleInfo (RoleInfo.java:updateAndGet(148)) - 38e4ed17-21fc-4cdd-a713-95c81e4a5ee7: start 38e4ed17-21fc-4cdd-a713-95c81e4a5ee7@group-F3A1F69E3608-LeaderElection131
2024-08-15 10:19:18,492 [38e4ed17-21fc-4cdd-a713-95c81e4a5ee7@group-F3A1F69E3608-LeaderElection131] INFO  impl.LeaderElection (LeaderElection.java:askForVotes(321)) - 38e4ed17-21fc-4cdd-a713-95c81e4a5ee7@group-F3A1F69E3608-LeaderElection131 PRE_VOTE round 0: submit vote requests at term 0 for conf: {index: -1, cur=peers:[0e485a45-f52d-48d7-a7aa-3788f1251f10|127.0.0.1:15498, 38e4ed17-21fc-4cdd-a713-95c81e4a5ee7|127.0.0.1:15507, 1b29c983-94d7-499d-bcc1-fd69fd0caba2|127.0.0.1:15489]|listeners:[], old=null}
2024-08-15 10:19:18,492 [38e4ed17-21fc-4cdd-a713-95c81e4a5ee7@group-F3A1F69E3608-LeaderElection131] INFO  server.RaftServerConfigKeys (ConfUtils.java:logFallback(53)) - raft.server.rpc.first-election.timeout.min = 5s (fallback to raft.server.rpc.timeout.min)
2024-08-15 10:19:18,492 [38e4ed17-21fc-4cdd-a713-95c81e4a5ee7@group-F3A1F69E3608-LeaderElection131] INFO  server.RaftServerConfigKeys (ConfUtils.java:logFallback(53)) - raft.server.rpc.first-election.timeout.max = 5200ms (fallback to raft.server.rpc.timeout.max)
2024-08-15 10:19:18,492 [grpc-default-executor-1] INFO  server.RaftServer$Division (RaftServerImpl.java:requestVote(1416)) - 0e485a45-f52d-48d7-a7aa-3788f1251f10@group-F3A1F69E3608: receive requestVote(PRE_VOTE, 38e4ed17-21fc-4cdd-a713-95c81e4a5ee7, group-F3A1F69E3608, 0, (t:0, i:0))
2024-08-15 10:19:18,493 [grpc-default-executor-1] INFO  impl.VoteContext (VoteContext.java:log(49)) - 0e485a45-f52d-48d7-a7aa-3788f1251f10@group-F3A1F69E3608-FOLLOWER: accept PRE_VOTE from 38e4ed17-21fc-4cdd-a713-95c81e4a5ee7: our priority 0 <= candidate's priority 1
2024-08-15 10:19:18,493 [grpc-default-executor-1] INFO  server.RaftServer$Division (RaftServerImpl.java:requestVote(1449)) - 0e485a45-f52d-48d7-a7aa-3788f1251f10@group-F3A1F69E3608 replies to PRE_VOTE vote request: 38e4ed17-21fc-4cdd-a713-95c81e4a5ee7<-0e485a45-f52d-48d7-a7aa-3788f1251f10#0:OK-t0. Peer's state: 0e485a45-f52d-48d7-a7aa-3788f1251f10@group-F3A1F69E3608:t0, leader=null, voted=, raftlog=Memoized:0e485a45-f52d-48d7-a7aa-3788f1251f10@group-F3A1F69E3608-SegmentedRaftLog:OPENED:c-1:lastnull, conf=conf: {index: -1, cur=peers:[0e485a45-f52d-48d7-a7aa-3788f1251f10|127.0.0.1:15498, 38e4ed17-21fc-4cdd-a713-95c81e4a5ee7|127.0.0.1:15507, 1b29c983-94d7-499d-bcc1-fd69fd0caba2|127.0.0.1:15489]|listeners:[], old=null}
2024-08-15 10:19:18,493 [grpc-default-executor-1] INFO  server.RaftServer$Division (RaftServerImpl.java:requestVote(1416)) - 1b29c983-94d7-499d-bcc1-fd69fd0caba2@group-F3A1F69E3608: receive requestVote(PRE_VOTE, 38e4ed17-21fc-4cdd-a713-95c81e4a5ee7, group-F3A1F69E3608, 0, (t:0, i:0))
2024-08-15 10:19:18,493 [grpc-default-executor-1] INFO  impl.VoteContext (VoteContext.java:log(49)) - 1b29c983-94d7-499d-bcc1-fd69fd0caba2@group-F3A1F69E3608-FOLLOWER: accept PRE_VOTE from 38e4ed17-21fc-4cdd-a713-95c81e4a5ee7: our priority 0 <= candidate's priority 1
2024-08-15 10:19:18,493 [grpc-default-executor-1] INFO  server.RaftServer$Division (RaftServerImpl.java:requestVote(1449)) - 1b29c983-94d7-499d-bcc1-fd69fd0caba2@group-F3A1F69E3608 replies to PRE_VOTE vote request: 38e4ed17-21fc-4cdd-a713-95c81e4a5ee7<-1b29c983-94d7-499d-bcc1-fd69fd0caba2#0:OK-t0. Peer's state: 1b29c983-94d7-499d-bcc1-fd69fd0caba2@group-F3A1F69E3608:t0, leader=null, voted=, raftlog=Memoized:1b29c983-94d7-499d-bcc1-fd69fd0caba2@group-F3A1F69E3608-SegmentedRaftLog:OPENED:c-1:lastnull, conf=conf: {index: -1, cur=peers:[0e485a45-f52d-48d7-a7aa-3788f1251f10|127.0.0.1:15498, 38e4ed17-21fc-4cdd-a713-95c81e4a5ee7|127.0.0.1:15507, 1b29c983-94d7-499d-bcc1-fd69fd0caba2|127.0.0.1:15489]|listeners:[], old=null}
2024-08-15 10:19:18,494 [38e4ed17-21fc-4cdd-a713-95c81e4a5ee7@group-F3A1F69E3608-LeaderElection131] INFO  impl.LeaderElection (LeaderElection.java:logAndReturn(89)) - 38e4ed17-21fc-4cdd-a713-95c81e4a5ee7@group-F3A1F69E3608-LeaderElection131: PRE_VOTE PASSED received 1 response(s) and 0 exception(s):
2024-08-15 10:19:18,494 [38e4ed17-21fc-4cdd-a713-95c81e4a5ee7@group-F3A1F69E3608-LeaderElection131] INFO  impl.LeaderElection (LeaderElection.java:logAndReturn(93)) -   Response 0: 38e4ed17-21fc-4cdd-a713-95c81e4a5ee7<-1b29c983-94d7-499d-bcc1-fd69fd0caba2#0:OK-t0
2024-08-15 10:19:18,494 [38e4ed17-21fc-4cdd-a713-95c81e4a5ee7@group-F3A1F69E3608-LeaderElection131] INFO  impl.LeaderElection (LeaderElection.java:askForVotes(323)) - 38e4ed17-21fc-4cdd-a713-95c81e4a5ee7@group-F3A1F69E3608-LeaderElection131 PRE_VOTE round 0: result PASSED
2024-08-15 10:19:18,495 [38e4ed17-21fc-4cdd-a713-95c81e4a5ee7@group-F3A1F69E3608-LeaderElection131] INFO  impl.LeaderElection (LeaderElection.java:askForVotes(321)) - 38e4ed17-21fc-4cdd-a713-95c81e4a5ee7@group-F3A1F69E3608-LeaderElection131 ELECTION round 0: submit vote requests at term 1 for conf: {index: -1, cur=peers:[0e485a45-f52d-48d7-a7aa-3788f1251f10|127.0.0.1:15498, 38e4ed17-21fc-4cdd-a713-95c81e4a5ee7|127.0.0.1:15507, 1b29c983-94d7-499d-bcc1-fd69fd0caba2|127.0.0.1:15489]|listeners:[], old=null}
2024-08-15 10:19:18,495 [38e4ed17-21fc-4cdd-a713-95c81e4a5ee7@group-F3A1F69E3608-LeaderElection131] INFO  server.RaftServerConfigKeys (ConfUtils.java:logFallback(53)) - raft.server.rpc.first-election.timeout.min = 5s (fallback to raft.server.rpc.timeout.min)
2024-08-15 10:19:18,495 [38e4ed17-21fc-4cdd-a713-95c81e4a5ee7@group-F3A1F69E3608-LeaderElection131] INFO  server.RaftServerConfigKeys (ConfUtils.java:logFallback(53)) - raft.server.rpc.first-election.timeout.max = 5200ms (fallback to raft.server.rpc.timeout.max)
2024-08-15 10:19:18,496 [grpc-default-executor-0] INFO  server.RaftServer$Division (RaftServerImpl.java:requestVote(1416)) - 1b29c983-94d7-499d-bcc1-fd69fd0caba2@group-F3A1F69E3608: receive requestVote(ELECTION, 38e4ed17-21fc-4cdd-a713-95c81e4a5ee7, group-F3A1F69E3608, 1, (t:0, i:0))
2024-08-15 10:19:18,496 [grpc-default-executor-0] INFO  impl.VoteContext (VoteContext.java:log(49)) - 1b29c983-94d7-499d-bcc1-fd69fd0caba2@group-F3A1F69E3608-FOLLOWER: accept ELECTION from 38e4ed17-21fc-4cdd-a713-95c81e4a5ee7: our priority 0 <= candidate's priority 1
2024-08-15 10:19:18,496 [grpc-default-executor-0] INFO  server.RaftServer$Division (RaftServerImpl.java:setRole(376)) - 1b29c983-94d7-499d-bcc1-fd69fd0caba2@group-F3A1F69E3608: changes role from  FOLLOWER to FOLLOWER at term 1 for candidate:38e4ed17-21fc-4cdd-a713-95c81e4a5ee7
2024-08-15 10:19:18,496 [grpc-default-executor-0] INFO  impl.RoleInfo (RoleInfo.java:shutdownFollowerState(119)) - 1b29c983-94d7-499d-bcc1-fd69fd0caba2: shutdown 1b29c983-94d7-499d-bcc1-fd69fd0caba2@group-F3A1F69E3608-FollowerState
2024-08-15 10:19:18,496 [grpc-default-executor-0] INFO  impl.RoleInfo (RoleInfo.java:updateAndGet(148)) - 1b29c983-94d7-499d-bcc1-fd69fd0caba2: start 1b29c983-94d7-499d-bcc1-fd69fd0caba2@group-F3A1F69E3608-FollowerState
2024-08-15 10:19:18,496 [1b29c983-94d7-499d-bcc1-fd69fd0caba2@group-F3A1F69E3608-FollowerState] INFO  impl.FollowerState (FollowerState.java:run(153)) - 1b29c983-94d7-499d-bcc1-fd69fd0caba2@group-F3A1F69E3608-FollowerState was interrupted
2024-08-15 10:19:18,496 [grpc-default-executor-0] INFO  server.RaftServer$Division (RaftServerImpl.java:setFirstElection(549)) - 1b29c983-94d7-499d-bcc1-fd69fd0caba2@group-F3A1F69E3608: set firstElectionSinceStartup to false for candidate:38e4ed17-21fc-4cdd-a713-95c81e4a5ee7
2024-08-15 10:19:18,497 [grpc-default-executor-1] INFO  server.RaftServer$Division (RaftServerImpl.java:requestVote(1416)) - 0e485a45-f52d-48d7-a7aa-3788f1251f10@group-F3A1F69E3608: receive requestVote(ELECTION, 38e4ed17-21fc-4cdd-a713-95c81e4a5ee7, group-F3A1F69E3608, 1, (t:0, i:0))
2024-08-15 10:19:18,497 [grpc-default-executor-1] INFO  impl.VoteContext (VoteContext.java:log(49)) - 0e485a45-f52d-48d7-a7aa-3788f1251f10@group-F3A1F69E3608-FOLLOWER: accept ELECTION from 38e4ed17-21fc-4cdd-a713-95c81e4a5ee7: our priority 0 <= candidate's priority 1
2024-08-15 10:19:18,497 [grpc-default-executor-1] INFO  server.RaftServer$Division (RaftServerImpl.java:setRole(376)) - 0e485a45-f52d-48d7-a7aa-3788f1251f10@group-F3A1F69E3608: changes role from  FOLLOWER to FOLLOWER at term 1 for candidate:38e4ed17-21fc-4cdd-a713-95c81e4a5ee7
2024-08-15 10:19:18,497 [grpc-default-executor-1] INFO  impl.RoleInfo (RoleInfo.java:shutdownFollowerState(119)) - 0e485a45-f52d-48d7-a7aa-3788f1251f10: shutdown 0e485a45-f52d-48d7-a7aa-3788f1251f10@group-F3A1F69E3608-FollowerState
2024-08-15 10:19:18,497 [grpc-default-executor-1] INFO  impl.RoleInfo (RoleInfo.java:updateAndGet(148)) - 0e485a45-f52d-48d7-a7aa-3788f1251f10: start 0e485a45-f52d-48d7-a7aa-3788f1251f10@group-F3A1F69E3608-FollowerState
2024-08-15 10:19:18,497 [0e485a45-f52d-48d7-a7aa-3788f1251f10@group-F3A1F69E3608-FollowerState] INFO  impl.FollowerState (FollowerState.java:run(153)) - 0e485a45-f52d-48d7-a7aa-3788f1251f10@group-F3A1F69E3608-FollowerState was interrupted
2024-08-15 10:19:18,497 [grpc-default-executor-1] INFO  server.RaftServer$Division (RaftServerImpl.java:setFirstElection(549)) - 0e485a45-f52d-48d7-a7aa-3788f1251f10@group-F3A1F69E3608: set firstElectionSinceStartup to false for candidate:38e4ed17-21fc-4cdd-a713-95c81e4a5ee7
2024-08-15 10:19:18,497 [grpc-default-executor-0] INFO  server.RaftServer$Division (RaftServerImpl.java:requestVote(1449)) - 1b29c983-94d7-499d-bcc1-fd69fd0caba2@group-F3A1F69E3608 replies to ELECTION vote request: 38e4ed17-21fc-4cdd-a713-95c81e4a5ee7<-1b29c983-94d7-499d-bcc1-fd69fd0caba2#0:OK-t1. Peer's state: 1b29c983-94d7-499d-bcc1-fd69fd0caba2@group-F3A1F69E3608:t1, leader=null, voted=38e4ed17-21fc-4cdd-a713-95c81e4a5ee7, raftlog=Memoized:1b29c983-94d7-499d-bcc1-fd69fd0caba2@group-F3A1F69E3608-SegmentedRaftLog:OPENED:c-1:lastnull, conf=conf: {index: -1, cur=peers:[0e485a45-f52d-48d7-a7aa-3788f1251f10|127.0.0.1:15498, 38e4ed17-21fc-4cdd-a713-95c81e4a5ee7|127.0.0.1:15507, 1b29c983-94d7-499d-bcc1-fd69fd0caba2|127.0.0.1:15489]|listeners:[], old=null}
2024-08-15 10:19:18,498 [38e4ed17-21fc-4cdd-a713-95c81e4a5ee7@group-F3A1F69E3608-LeaderElection131] INFO  impl.LeaderElection (LeaderElection.java:logAndReturn(89)) - 38e4ed17-21fc-4cdd-a713-95c81e4a5ee7@group-F3A1F69E3608-LeaderElection131: ELECTION PASSED received 1 response(s) and 0 exception(s):
2024-08-15 10:19:18,498 [38e4ed17-21fc-4cdd-a713-95c81e4a5ee7@group-F3A1F69E3608-LeaderElection131] INFO  impl.LeaderElection (LeaderElection.java:logAndReturn(93)) -   Response 0: 38e4ed17-21fc-4cdd-a713-95c81e4a5ee7<-1b29c983-94d7-499d-bcc1-fd69fd0caba2#0:OK-t1
2024-08-15 10:19:18,499 [38e4ed17-21fc-4cdd-a713-95c81e4a5ee7@group-F3A1F69E3608-LeaderElection131] INFO  impl.LeaderElection (LeaderElection.java:askForVotes(323)) - 38e4ed17-21fc-4cdd-a713-95c81e4a5ee7@group-F3A1F69E3608-LeaderElection131 ELECTION round 0: result PASSED
2024-08-15 10:19:18,499 [38e4ed17-21fc-4cdd-a713-95c81e4a5ee7@group-F3A1F69E3608-LeaderElection131] INFO  impl.RoleInfo (RoleInfo.java:shutdownLeaderElection(139)) - 38e4ed17-21fc-4cdd-a713-95c81e4a5ee7: shutdown 38e4ed17-21fc-4cdd-a713-95c81e4a5ee7@group-F3A1F69E3608-LeaderElection131
2024-08-15 10:19:18,499 [38e4ed17-21fc-4cdd-a713-95c81e4a5ee7@group-F3A1F69E3608-LeaderElection131] INFO  server.RaftServer$Division (RaftServerImpl.java:setRole(376)) - 38e4ed17-21fc-4cdd-a713-95c81e4a5ee7@group-F3A1F69E3608: changes role from CANDIDATE to LEADER at term 1 for changeToLeader
2024-08-15 10:19:18,499 [38e4ed17-21fc-4cdd-a713-95c81e4a5ee7@group-F3A1F69E3608-LeaderElection131] INFO  server.RaftServerConfigKeys (ConfUtils.java:logGet(46)) - raft.server.staging.catchup.gap = 1000 (default)
2024-08-15 10:19:18,499 [38e4ed17-21fc-4cdd-a713-95c81e4a5ee7@group-F3A1F69E3608-LeaderElection131] INFO  server.RaftServerConfigKeys (ConfUtils.java:logGet(46)) - raft.server.write.element-limit = 1024 (custom)
2024-08-15 10:19:18,499 [38e4ed17-21fc-4cdd-a713-95c81e4a5ee7@group-F3A1F69E3608-LeaderElection131] INFO  server.RaftServerConfigKeys (ConfUtils.java:logGet(46)) - raft.server.write.byte-limit = 1024 M (=1073741824) (custom)
2024-08-15 10:19:18,499 [38e4ed17-21fc-4cdd-a713-95c81e4a5ee7@group-F3A1F69E3608-LeaderElection131] INFO  server.RaftServerConfigKeys (ConfUtils.java:logGet(46)) - raft.server.watch.timeout = 3000ms (custom)
2024-08-15 10:19:18,499 [38e4ed17-21fc-4cdd-a713-95c81e4a5ee7@group-F3A1F69E3608-LeaderElection131] INFO  server.RaftServerConfigKeys (ConfUtils.java:logGet(46)) - raft.server.watch.timeout.denomination = 1s (default)
2024-08-15 10:19:18,499 [38e4ed17-21fc-4cdd-a713-95c81e4a5ee7@group-F3A1F69E3608-LeaderElection131] INFO  server.RaftServerConfigKeys (ConfUtils.java:logGet(46)) - raft.server.watch.element-limit = 65536 (default)
2024-08-15 10:19:18,499 [38e4ed17-21fc-4cdd-a713-95c81e4a5ee7@group-F3A1F69E3608-LeaderElection131] INFO  server.RaftServerConfigKeys (ConfUtils.java:logGet(46)) - raft.server.read.leader.lease.enabled = false (default)
2024-08-15 10:19:18,499 [38e4ed17-21fc-4cdd-a713-95c81e4a5ee7@group-F3A1F69E3608-LeaderElection131] INFO  server.RaftServerConfigKeys (ConfUtils.java:logGet(46)) - raft.server.read.leader.lease.timeout.ratio = 0.9 (default)
2024-08-15 10:19:18,499 [38e4ed17-21fc-4cdd-a713-95c81e4a5ee7@group-F3A1F69E3608-LeaderElection131] INFO  server.RaftServerConfigKeys (ConfUtils.java:logGet(46)) - raft.server.rpc.timeout.min = 5s (custom)
2024-08-15 10:19:18,499 [38e4ed17-21fc-4cdd-a713-95c81e4a5ee7@group-F3A1F69E3608-LeaderElection131] INFO  server.RaftServerConfigKeys (ConfUtils.java:logGet(46)) - raft.server.log.log-metadata.enabled = true (default)
2024-08-15 10:19:18,499 [38e4ed17-21fc-4cdd-a713-95c81e4a5ee7@group-F3A1F69E3608-LeaderElection131] INFO  server.RaftServerConfigKeys (ConfUtils.java:logGet(46)) - raft.server.write.element-limit = 1024 (custom)
2024-08-15 10:19:18,499 [38e4ed17-21fc-4cdd-a713-95c81e4a5ee7@group-F3A1F69E3608-LeaderElection131] INFO  server.RaftServerConfigKeys (ConfUtils.java:logGet(46)) - raft.server.write.follower.gap.ratio.max = -1.0 (default)
2024-08-15 10:19:18,500 [38e4ed17-21fc-4cdd-a713-95c81e4a5ee7@group-F3A1F69E3608-LeaderElection131] INFO  server.RaftServerConfigKeys (ConfUtils.java:logGet(46)) - raft.server.log.appender.snapshot.chunk.size.max = 16MB (=16777216) (default)
2024-08-15 10:19:18,500 [38e4ed17-21fc-4cdd-a713-95c81e4a5ee7@group-F3A1F69E3608-LeaderElection131] INFO  server.RaftServerConfigKeys (ConfUtils.java:logGet(46)) - raft.server.log.appender.buffer.byte-limit = 8388608 (custom)
2024-08-15 10:19:18,500 [38e4ed17-21fc-4cdd-a713-95c81e4a5ee7@group-F3A1F69E3608-LeaderElection131] INFO  server.RaftServerConfigKeys (ConfUtils.java:logGet(46)) - raft.server.log.appender.buffer.element-limit = 1024 (custom)
2024-08-15 10:19:18,500 [38e4ed17-21fc-4cdd-a713-95c81e4a5ee7@group-F3A1F69E3608-LeaderElection131] INFO  server.RaftServerConfigKeys (ConfUtils.java:logGet(46)) - raft.server.log.appender.wait-time.min = 0ms (custom)
2024-08-15 10:19:18,500 [38e4ed17-21fc-4cdd-a713-95c81e4a5ee7@group-F3A1F69E3608-LeaderElection131] INFO  grpc.GrpcConfigKeys (ConfUtils.java:logGet(46)) - raft.grpc.server.leader.outstanding.appends.max = 8 (default)
2024-08-15 10:19:18,500 [38e4ed17-21fc-4cdd-a713-95c81e4a5ee7@group-F3A1F69E3608-LeaderElection131] INFO  server.RaftServerConfigKeys (ConfUtils.java:logGet(46)) - raft.server.rpc.request.timeout = 3000ms (default)
2024-08-15 10:19:18,500 [38e4ed17-21fc-4cdd-a713-95c81e4a5ee7@group-F3A1F69E3608-LeaderElection131] INFO  grpc.GrpcConfigKeys (ConfUtils.java:logGet(46)) - raft.grpc.server.install_snapshot.request.element-limit = 8 (default)
2024-08-15 10:19:18,500 [38e4ed17-21fc-4cdd-a713-95c81e4a5ee7@group-F3A1F69E3608-LeaderElection131] INFO  grpc.GrpcConfigKeys (ConfUtils.java:logGet(46)) - raft.grpc.server.install_snapshot.request.timeout = 3000ms (default)
2024-08-15 10:19:18,500 [38e4ed17-21fc-4cdd-a713-95c81e4a5ee7@group-F3A1F69E3608-LeaderElection131] INFO  grpc.GrpcConfigKeys (ConfUtils.java:logGet(46)) - raft.grpc.server.log-message.batch.duration = 5s (default)
2024-08-15 10:19:18,500 [38e4ed17-21fc-4cdd-a713-95c81e4a5ee7@group-F3A1F69E3608-LeaderElection131] INFO  server.RaftServerConfigKeys (ConfUtils.java:logGet(46)) - raft.server.log.appender.install.snapshot.enabled = false (custom)
2024-08-15 10:19:18,500 [38e4ed17-21fc-4cdd-a713-95c81e4a5ee7@group-F3A1F69E3608-LeaderElection131] INFO  grpc.GrpcConfigKeys (ConfUtils.java:logGet(46)) - raft.grpc.server.heartbeat.channel = true (default)
2024-08-15 10:19:18,501 [38e4ed17-21fc-4cdd-a713-95c81e4a5ee7@group-F3A1F69E3608-LeaderElection131] INFO  server.RaftServerConfigKeys (ConfUtils.java:logGet(46)) - raft.server.log.appender.snapshot.chunk.size.max = 16MB (=16777216) (default)
2024-08-15 10:19:18,501 [38e4ed17-21fc-4cdd-a713-95c81e4a5ee7@group-F3A1F69E3608-LeaderElection131] INFO  server.RaftServerConfigKeys (ConfUtils.java:logGet(46)) - raft.server.log.appender.buffer.byte-limit = 8388608 (custom)
2024-08-15 10:19:18,501 [38e4ed17-21fc-4cdd-a713-95c81e4a5ee7@group-F3A1F69E3608-LeaderElection131] INFO  server.RaftServerConfigKeys (ConfUtils.java:logGet(46)) - raft.server.log.appender.buffer.element-limit = 1024 (custom)
2024-08-15 10:19:18,501 [38e4ed17-21fc-4cdd-a713-95c81e4a5ee7@group-F3A1F69E3608-LeaderElection131] INFO  server.RaftServerConfigKeys (ConfUtils.java:logGet(46)) - raft.server.log.appender.wait-time.min = 0ms (custom)
2024-08-15 10:19:18,501 [38e4ed17-21fc-4cdd-a713-95c81e4a5ee7@group-F3A1F69E3608-LeaderElection131] INFO  grpc.GrpcConfigKeys (ConfUtils.java:logGet(46)) - raft.grpc.server.leader.outstanding.appends.max = 8 (default)
2024-08-15 10:19:18,501 [38e4ed17-21fc-4cdd-a713-95c81e4a5ee7@group-F3A1F69E3608-LeaderElection131] INFO  server.RaftServerConfigKeys (ConfUtils.java:logGet(46)) - raft.server.rpc.request.timeout = 3000ms (default)
2024-08-15 10:19:18,501 [38e4ed17-21fc-4cdd-a713-95c81e4a5ee7@group-F3A1F69E3608-LeaderElection131] INFO  grpc.GrpcConfigKeys (ConfUtils.java:logGet(46)) - raft.grpc.server.install_snapshot.request.element-limit = 8 (default)
2024-08-15 10:19:18,501 [38e4ed17-21fc-4cdd-a713-95c81e4a5ee7@group-F3A1F69E3608-LeaderElection131] INFO  grpc.GrpcConfigKeys (ConfUtils.java:logGet(46)) - raft.grpc.server.install_snapshot.request.timeout = 3000ms (default)
2024-08-15 10:19:18,501 [38e4ed17-21fc-4cdd-a713-95c81e4a5ee7@group-F3A1F69E3608-LeaderElection131] INFO  grpc.GrpcConfigKeys (ConfUtils.java:logGet(46)) - raft.grpc.server.log-message.batch.duration = 5s (default)
2024-08-15 10:19:18,501 [38e4ed17-21fc-4cdd-a713-95c81e4a5ee7@group-F3A1F69E3608-LeaderElection131] INFO  server.RaftServerConfigKeys (ConfUtils.java:logGet(46)) - raft.server.log.appender.install.snapshot.enabled = false (custom)
2024-08-15 10:19:18,501 [38e4ed17-21fc-4cdd-a713-95c81e4a5ee7@group-F3A1F69E3608-LeaderElection131] INFO  grpc.GrpcConfigKeys (ConfUtils.java:logGet(46)) - raft.grpc.server.heartbeat.channel = true (default)
2024-08-15 10:19:18,501 [38e4ed17-21fc-4cdd-a713-95c81e4a5ee7@group-F3A1F69E3608-LeaderElection131] INFO  impl.RoleInfo (RoleInfo.java:updateAndGet(148)) - 38e4ed17-21fc-4cdd-a713-95c81e4a5ee7: start 38e4ed17-21fc-4cdd-a713-95c81e4a5ee7@group-F3A1F69E3608-LeaderStateImpl
2024-08-15 10:19:18,501 [38e4ed17-21fc-4cdd-a713-95c81e4a5ee7@group-F3A1F69E3608-LeaderElection131] INFO  server.RaftServer$Division (RaftServerImpl.java:setFirstElection(549)) - 38e4ed17-21fc-4cdd-a713-95c81e4a5ee7@group-F3A1F69E3608: set firstElectionSinceStartup to false for becomeLeader
2024-08-15 10:19:18,501 [38e4ed17-21fc-4cdd-a713-95c81e4a5ee7@group-F3A1F69E3608-LeaderElection131] INFO  ratis.XceiverServerRatis (XceiverServerRatis.java:handleLeaderChangedNotification(951)) - Leader change notification received for group: group-F3A1F69E3608 with new leaderId: 38e4ed17-21fc-4cdd-a713-95c81e4a5ee7
2024-08-15 10:19:18,502 [grpc-default-executor-1] INFO  server.RaftServer$Division (RaftServerImpl.java:requestVote(1449)) - 0e485a45-f52d-48d7-a7aa-3788f1251f10@group-F3A1F69E3608 replies to ELECTION vote request: 38e4ed17-21fc-4cdd-a713-95c81e4a5ee7<-0e485a45-f52d-48d7-a7aa-3788f1251f10#0:OK-t1. Peer's state: 0e485a45-f52d-48d7-a7aa-3788f1251f10@group-F3A1F69E3608:t1, leader=null, voted=38e4ed17-21fc-4cdd-a713-95c81e4a5ee7, raftlog=Memoized:0e485a45-f52d-48d7-a7aa-3788f1251f10@group-F3A1F69E3608-SegmentedRaftLog:OPENED:c-1:lastnull, conf=conf: {index: -1, cur=peers:[0e485a45-f52d-48d7-a7aa-3788f1251f10|127.0.0.1:15498, 38e4ed17-21fc-4cdd-a713-95c81e4a5ee7|127.0.0.1:15507, 1b29c983-94d7-499d-bcc1-fd69fd0caba2|127.0.0.1:15489]|listeners:[], old=null}
2024-08-15 10:19:18,502 [38e4ed17-21fc-4cdd-a713-95c81e4a5ee7@group-F3A1F69E3608-LeaderElection131] INFO  server.RaftServer$Division (ServerState.java:setLeader(272)) - 38e4ed17-21fc-4cdd-a713-95c81e4a5ee7@group-F3A1F69E3608: change Leader from null to 38e4ed17-21fc-4cdd-a713-95c81e4a5ee7 at term 1 for becomeLeader, leader elected after 5028ms
2024-08-15 10:19:18,502 [38e4ed17-21fc-4cdd-a713-95c81e4a5ee7@group-F3A1F69E3608-LeaderElection131] INFO  segmented.SegmentedRaftLogWorker (SegmentedRaftLogWorker.java:startLogSegment(433)) - 38e4ed17-21fc-4cdd-a713-95c81e4a5ee7@group-F3A1F69E3608-SegmentedRaftLogWorker: Starting segment from index:0
2024-08-15 10:19:18,502 [38e4ed17-21fc-4cdd-a713-95c81e4a5ee7@group-F3A1F69E3608-SegmentedRaftLogWorker] INFO  segmented.BufferedWriteChannel (BufferedWriteChannel.java:open(61)) - open log_inprogress_0 at position 0
2024-08-15 10:19:18,503 [EventQueue-PipelineReportForPipelineReportHandler] INFO  pipeline.PipelineReportHandler (PipelineReportHandler.java:processPipelineReport(136)) - Opened pipeline PipelineID=c9310d2b-7914-4315-bb6f-f3a1f69e3608
2024-08-15 10:19:18,503 [EventQueue-OpenPipelineForHealthyPipelineSafeModeRule] INFO  safemode.SCMSafeModeManager (HealthyPipelineSafeModeRule.java:process(140)) - SCM in safe mode. Healthy pipelines reported count is 1, required healthy pipeline reported count is 1
2024-08-15 10:19:18,503 [EventQueue-OpenPipelineForHealthyPipelineSafeModeRule] INFO  safemode.SCMSafeModeManager (SCMSafeModeManager.java:validateSafeModeExitRules(203)) - HealthyPipelineSafeModeRule rule is successfully validated
2024-08-15 10:19:18,503 [EventQueue-OpenPipelineForHealthyPipelineSafeModeRule] INFO  safemode.SCMSafeModeManager (SCMSafeModeManager.java:validateSafeModeExitRules(218)) - ScmSafeModeManager, all rules are successfully validated
2024-08-15 10:19:18,503 [EventQueue-OpenPipelineForHealthyPipelineSafeModeRule] INFO  safemode.SCMSafeModeManager (SCMSafeModeManager.java:exitSafeMode(248)) - SCM exiting safe mode.
2024-08-15 10:19:18,503 [EventQueue-OpenPipelineForHealthyPipelineSafeModeRule] INFO  ha.SCMContext (SCMContext.java:updateSafeModeStatus(225)) - Update SafeModeStatus from SafeModeStatus{safeModeStatus=true, preCheckPassed=true} to SafeModeStatus{safeModeStatus=false, preCheckPassed=true}.
2024-08-15 10:19:18,503 [EventQueue-OpenPipelineForHealthyPipelineSafeModeRule] INFO  pipeline.BackgroundPipelineCreator (BackgroundPipelineCreator.java:notifyStatusChanged(258)) - Service BackgroundPipelineCreator transitions to RUNNING.
2024-08-15 10:19:18,503 [EventQueue-OpenPipelineForHealthyPipelineSafeModeRule] INFO  BackgroundPipelineScrubber (BackgroundSCMService.java:notifyStatusChanged(79)) - Service BackgroundPipelineScrubber transitions to RUNNING.
2024-08-15 10:19:18,503 [EventQueue-OpenPipelineForHealthyPipelineSafeModeRule] INFO  ExpiredContainerReplicaOpScrubber (BackgroundSCMService.java:notifyStatusChanged(79)) - Service ExpiredContainerReplicaOpScrubber transitions to RUNNING.
2024-08-15 10:19:18,503 [EventQueue-OpenPipelineForHealthyPipelineSafeModeRule] INFO  block.SCMBlockDeletingService (SCMBlockDeletingService.java:notifyStatusChanged(247)) - notifyStatusChanged:RUNNING
2024-08-15 10:19:18,503 [EventQueue-OpenPipelineForHealthyPipelineSafeModeRule] INFO  replication.ReplicationManager (ReplicationManager.java:notifyStatusChanged(1406)) - Service ReplicationManager transitions to RUNNING.
2024-08-15 10:19:18,503 [EventQueue-OpenPipelineForHealthyPipelineSafeModeRule] WARN  balancer.ContainerBalancer (ContainerBalancer.java:shouldRun(136)) - Could not find persisted configuration for ContainerBalancer when checking if ContainerBalancer should run. ContainerBalancer should not run now.
2024-08-15 10:19:18,505 [0e485a45-f52d-48d7-a7aa-3788f1251f10@group-FAD2DA683029-FollowerState] INFO  impl.FollowerState (FollowerState.java:run(144)) - 0e485a45-f52d-48d7-a7aa-3788f1251f10@group-FAD2DA683029-FollowerState: change to CANDIDATE, lastRpcElapsedTime:5057856844ns, electionTimeout:5057ms
2024-08-15 10:19:18,505 [0e485a45-f52d-48d7-a7aa-3788f1251f10@group-FAD2DA683029-FollowerState] INFO  impl.RoleInfo (RoleInfo.java:shutdownFollowerState(119)) - 0e485a45-f52d-48d7-a7aa-3788f1251f10: shutdown 0e485a45-f52d-48d7-a7aa-3788f1251f10@group-FAD2DA683029-FollowerState
2024-08-15 10:19:18,505 [0e485a45-f52d-48d7-a7aa-3788f1251f10@group-FAD2DA683029-FollowerState] INFO  server.RaftServer$Division (RaftServerImpl.java:setRole(376)) - 0e485a45-f52d-48d7-a7aa-3788f1251f10@group-FAD2DA683029: changes role from  FOLLOWER to CANDIDATE at term 0 for changeToCandidate
2024-08-15 10:19:18,506 [0e485a45-f52d-48d7-a7aa-3788f1251f10@group-FAD2DA683029-FollowerState] INFO  server.RaftServerConfigKeys (ConfUtils.java:logGet(46)) - raft.server.leaderelection.pre-vote = true (default)
2024-08-15 10:19:18,506 [0e485a45-f52d-48d7-a7aa-3788f1251f10@group-FAD2DA683029-FollowerState] INFO  impl.RoleInfo (RoleInfo.java:updateAndGet(148)) - 0e485a45-f52d-48d7-a7aa-3788f1251f10: start 0e485a45-f52d-48d7-a7aa-3788f1251f10@group-FAD2DA683029-LeaderElection132
2024-08-15 10:19:18,506 [0e485a45-f52d-48d7-a7aa-3788f1251f10@group-FAD2DA683029-LeaderElection132] INFO  impl.LeaderElection (LeaderElection.java:askForVotes(321)) - 0e485a45-f52d-48d7-a7aa-3788f1251f10@group-FAD2DA683029-LeaderElection132 PRE_VOTE round 0: submit vote requests at term 0 for conf: {index: -1, cur=peers:[0e485a45-f52d-48d7-a7aa-3788f1251f10|127.0.0.1:15498, 38e4ed17-21fc-4cdd-a713-95c81e4a5ee7|127.0.0.1:15507, 1b29c983-94d7-499d-bcc1-fd69fd0caba2|127.0.0.1:15489]|listeners:[], old=null}
2024-08-15 10:19:18,507 [0e485a45-f52d-48d7-a7aa-3788f1251f10@group-FAD2DA683029-LeaderElection132-1] INFO  server.GrpcServerProtocolClient (GrpcServerProtocolClient.java:<init>(65)) - Build channel for 38e4ed17-21fc-4cdd-a713-95c81e4a5ee7|127.0.0.1:15507
2024-08-15 10:19:18,507 [0e485a45-f52d-48d7-a7aa-3788f1251f10@group-FAD2DA683029-LeaderElection132] INFO  server.RaftServerConfigKeys (ConfUtils.java:logFallback(53)) - raft.server.rpc.first-election.timeout.min = 5s (fallback to raft.server.rpc.timeout.min)
2024-08-15 10:19:18,508 [0e485a45-f52d-48d7-a7aa-3788f1251f10@group-FAD2DA683029-LeaderElection132] INFO  server.RaftServerConfigKeys (ConfUtils.java:logFallback(53)) - raft.server.rpc.first-election.timeout.max = 5200ms (fallback to raft.server.rpc.timeout.max)
2024-08-15 10:19:18,508 [0e485a45-f52d-48d7-a7aa-3788f1251f10@group-FAD2DA683029-LeaderElection132-2] INFO  server.GrpcServerProtocolClient (GrpcServerProtocolClient.java:<init>(65)) - Build channel for 1b29c983-94d7-499d-bcc1-fd69fd0caba2|127.0.0.1:15489
2024-08-15 10:19:18,509 [38e4ed17-21fc-4cdd-a713-95c81e4a5ee7@group-F3A1F69E3608-LeaderElection131] INFO  server.RaftServer$Division (ServerState.java:setRaftConf(386)) - 38e4ed17-21fc-4cdd-a713-95c81e4a5ee7@group-F3A1F69E3608: set configuration conf: {index: 0, cur=peers:[0e485a45-f52d-48d7-a7aa-3788f1251f10|127.0.0.1:15498, 38e4ed17-21fc-4cdd-a713-95c81e4a5ee7|127.0.0.1:15507, 1b29c983-94d7-499d-bcc1-fd69fd0caba2|127.0.0.1:15489]|listeners:[], old=null}
2024-08-15 10:19:18,512 [38e4ed17-21fc-4cdd-a713-95c81e4a5ee7@group-F3A1F69E3608-SegmentedRaftLogWorker] INFO  segmented.SegmentedRaftLogWorker (SegmentedRaftLogWorker.java:execute(637)) - 38e4ed17-21fc-4cdd-a713-95c81e4a5ee7@group-F3A1F69E3608-SegmentedRaftLogWorker: created new log segment /home/runner/work/ozone/ozone/hadoop-ozone/integration-test/target/test-dir/MiniOzoneClusterImpl-71195f16-0443-47ad-abb9-7568f4d0400c/ozone-meta/datanode-3/ratis/c9310d2b-7914-4315-bb6f-f3a1f69e3608/current/log_inprogress_0
2024-08-15 10:19:18,514 [1b29c983-94d7-499d-bcc1-fd69fd0caba2@group-FAD2DA683029-FollowerState] INFO  server.RaftServerConfigKeys (ConfUtils.java:logFallback(53)) - raft.server.rpc.first-election.timeout.min = 5s (fallback to raft.server.rpc.timeout.min)
2024-08-15 10:19:18,514 [1b29c983-94d7-499d-bcc1-fd69fd0caba2@group-FAD2DA683029-FollowerState] INFO  server.RaftServerConfigKeys (ConfUtils.java:logFallback(53)) - raft.server.rpc.first-election.timeout.max = 5200ms (fallback to raft.server.rpc.timeout.max)
2024-08-15 10:19:18,516 [grpc-default-executor-0] INFO  server.RaftServer$Division (RaftServerImpl.java:requestVote(1416)) - 1b29c983-94d7-499d-bcc1-fd69fd0caba2@group-FAD2DA683029: receive requestVote(PRE_VOTE, 0e485a45-f52d-48d7-a7aa-3788f1251f10, group-FAD2DA683029, 0, (t:0, i:0))
2024-08-15 10:19:18,517 [grpc-default-executor-0] INFO  impl.VoteContext (VoteContext.java:log(49)) - 1b29c983-94d7-499d-bcc1-fd69fd0caba2@group-FAD2DA683029-FOLLOWER: accept PRE_VOTE from 0e485a45-f52d-48d7-a7aa-3788f1251f10: our priority 0 <= candidate's priority 1
2024-08-15 10:19:18,517 [grpc-default-executor-0] INFO  server.RaftServer$Division (RaftServerImpl.java:requestVote(1449)) - 1b29c983-94d7-499d-bcc1-fd69fd0caba2@group-FAD2DA683029 replies to PRE_VOTE vote request: 0e485a45-f52d-48d7-a7aa-3788f1251f10<-1b29c983-94d7-499d-bcc1-fd69fd0caba2#0:OK-t0. Peer's state: 1b29c983-94d7-499d-bcc1-fd69fd0caba2@group-FAD2DA683029:t0, leader=null, voted=, raftlog=Memoized:1b29c983-94d7-499d-bcc1-fd69fd0caba2@group-FAD2DA683029-SegmentedRaftLog:OPENED:c-1:lastnull, conf=conf: {index: -1, cur=peers:[0e485a45-f52d-48d7-a7aa-3788f1251f10|127.0.0.1:15498, 38e4ed17-21fc-4cdd-a713-95c81e4a5ee7|127.0.0.1:15507, 1b29c983-94d7-499d-bcc1-fd69fd0caba2|127.0.0.1:15489]|listeners:[], old=null}
2024-08-15 10:19:18,517 [0e485a45-f52d-48d7-a7aa-3788f1251f10@group-FAD2DA683029-LeaderElection132] INFO  impl.LeaderElection (LeaderElection.java:logAndReturn(89)) - 0e485a45-f52d-48d7-a7aa-3788f1251f10@group-FAD2DA683029-LeaderElection132: PRE_VOTE PASSED received 1 response(s) and 0 exception(s):
2024-08-15 10:19:18,517 [0e485a45-f52d-48d7-a7aa-3788f1251f10@group-FAD2DA683029-LeaderElection132] INFO  impl.LeaderElection (LeaderElection.java:logAndReturn(93)) -   Response 0: 0e485a45-f52d-48d7-a7aa-3788f1251f10<-1b29c983-94d7-499d-bcc1-fd69fd0caba2#0:OK-t0
2024-08-15 10:19:18,517 [0e485a45-f52d-48d7-a7aa-3788f1251f10@group-FAD2DA683029-LeaderElection132] INFO  impl.LeaderElection (LeaderElection.java:askForVotes(323)) - 0e485a45-f52d-48d7-a7aa-3788f1251f10@group-FAD2DA683029-LeaderElection132 PRE_VOTE round 0: result PASSED
2024-08-15 10:19:18,518 [0e485a45-f52d-48d7-a7aa-3788f1251f10@group-FAD2DA683029-LeaderElection132] INFO  impl.LeaderElection (LeaderElection.java:askForVotes(321)) - 0e485a45-f52d-48d7-a7aa-3788f1251f10@group-FAD2DA683029-LeaderElection132 ELECTION round 0: submit vote requests at term 1 for conf: {index: -1, cur=peers:[0e485a45-f52d-48d7-a7aa-3788f1251f10|127.0.0.1:15498, 38e4ed17-21fc-4cdd-a713-95c81e4a5ee7|127.0.0.1:15507, 1b29c983-94d7-499d-bcc1-fd69fd0caba2|127.0.0.1:15489]|listeners:[], old=null}
2024-08-15 10:19:18,518 [0e485a45-f52d-48d7-a7aa-3788f1251f10@group-FAD2DA683029-LeaderElection132] INFO  server.RaftServerConfigKeys (ConfUtils.java:logFallback(53)) - raft.server.rpc.first-election.timeout.min = 5s (fallback to raft.server.rpc.timeout.min)
2024-08-15 10:19:18,519 [0e485a45-f52d-48d7-a7aa-3788f1251f10@group-FAD2DA683029-LeaderElection132] INFO  server.RaftServerConfigKeys (ConfUtils.java:logFallback(53)) - raft.server.rpc.first-election.timeout.max = 5200ms (fallback to raft.server.rpc.timeout.max)
2024-08-15 10:19:18,519 [grpc-default-executor-0] INFO  server.RaftServer$Division (RaftServerImpl.java:requestVote(1416)) - 1b29c983-94d7-499d-bcc1-fd69fd0caba2@group-FAD2DA683029: receive requestVote(ELECTION, 0e485a45-f52d-48d7-a7aa-3788f1251f10, group-FAD2DA683029, 1, (t:0, i:0))
2024-08-15 10:19:18,519 [grpc-default-executor-0] INFO  impl.VoteContext (VoteContext.java:log(49)) - 1b29c983-94d7-499d-bcc1-fd69fd0caba2@group-FAD2DA683029-FOLLOWER: accept ELECTION from 0e485a45-f52d-48d7-a7aa-3788f1251f10: our priority 0 <= candidate's priority 1
2024-08-15 10:19:18,519 [grpc-default-executor-0] INFO  server.RaftServer$Division (RaftServerImpl.java:setRole(376)) - 1b29c983-94d7-499d-bcc1-fd69fd0caba2@group-FAD2DA683029: changes role from  FOLLOWER to FOLLOWER at term 1 for candidate:0e485a45-f52d-48d7-a7aa-3788f1251f10
2024-08-15 10:19:18,519 [grpc-default-executor-0] INFO  impl.RoleInfo (RoleInfo.java:shutdownFollowerState(119)) - 1b29c983-94d7-499d-bcc1-fd69fd0caba2: shutdown 1b29c983-94d7-499d-bcc1-fd69fd0caba2@group-FAD2DA683029-FollowerState
2024-08-15 10:19:18,519 [grpc-default-executor-0] INFO  impl.RoleInfo (RoleInfo.java:updateAndGet(148)) - 1b29c983-94d7-499d-bcc1-fd69fd0caba2: start 1b29c983-94d7-499d-bcc1-fd69fd0caba2@group-FAD2DA683029-FollowerState
2024-08-15 10:19:18,519 [1b29c983-94d7-499d-bcc1-fd69fd0caba2@group-FAD2DA683029-FollowerState] INFO  impl.FollowerState (FollowerState.java:run(153)) - 1b29c983-94d7-499d-bcc1-fd69fd0caba2@group-FAD2DA683029-FollowerState was interrupted
2024-08-15 10:19:18,520 [grpc-default-executor-5] INFO  server.RaftServer$Division (RaftServerImpl.java:requestVote(1416)) - 38e4ed17-21fc-4cdd-a713-95c81e4a5ee7@group-FAD2DA683029: receive requestVote(ELECTION, 0e485a45-f52d-48d7-a7aa-3788f1251f10, group-FAD2DA683029, 1, (t:0, i:0))
2024-08-15 10:19:18,520 [grpc-default-executor-5] INFO  impl.VoteContext (VoteContext.java:log(49)) - 38e4ed17-21fc-4cdd-a713-95c81e4a5ee7@group-FAD2DA683029-FOLLOWER: accept ELECTION from 0e485a45-f52d-48d7-a7aa-3788f1251f10: our priority 0 <= candidate's priority 1
2024-08-15 10:19:18,520 [grpc-default-executor-5] INFO  server.RaftServer$Division (RaftServerImpl.java:setRole(376)) - 38e4ed17-21fc-4cdd-a713-95c81e4a5ee7@group-FAD2DA683029: changes role from  FOLLOWER to FOLLOWER at term 1 for candidate:0e485a45-f52d-48d7-a7aa-3788f1251f10
2024-08-15 10:19:18,520 [grpc-default-executor-5] INFO  impl.RoleInfo (RoleInfo.java:shutdownFollowerState(119)) - 38e4ed17-21fc-4cdd-a713-95c81e4a5ee7: shutdown 38e4ed17-21fc-4cdd-a713-95c81e4a5ee7@group-FAD2DA683029-FollowerState
2024-08-15 10:19:18,520 [grpc-default-executor-5] INFO  impl.RoleInfo (RoleInfo.java:updateAndGet(148)) - 38e4ed17-21fc-4cdd-a713-95c81e4a5ee7: start 38e4ed17-21fc-4cdd-a713-95c81e4a5ee7@group-FAD2DA683029-FollowerState
2024-08-15 10:19:18,520 [38e4ed17-21fc-4cdd-a713-95c81e4a5ee7@group-FAD2DA683029-FollowerState] INFO  impl.FollowerState (FollowerState.java:run(153)) - 38e4ed17-21fc-4cdd-a713-95c81e4a5ee7@group-FAD2DA683029-FollowerState was interrupted
2024-08-15 10:19:18,522 [grpc-default-executor-0] INFO  server.RaftServer$Division (RaftServerImpl.java:setFirstElection(549)) - 1b29c983-94d7-499d-bcc1-fd69fd0caba2@group-FAD2DA683029: set firstElectionSinceStartup to false for candidate:0e485a45-f52d-48d7-a7aa-3788f1251f10
2024-08-15 10:19:18,522 [0e485a45-f52d-48d7-a7aa-3788f1251f10-server-thread1] INFO  ratis.XceiverServerRatis (XceiverServerRatis.java:handleLeaderChangedNotification(951)) - Leader change notification received for group: group-F3A1F69E3608 with new leaderId: 38e4ed17-21fc-4cdd-a713-95c81e4a5ee7
2024-08-15 10:19:18,523 [0e485a45-f52d-48d7-a7aa-3788f1251f10-server-thread1] INFO  server.RaftServer$Division (ServerState.java:setLeader(272)) - 0e485a45-f52d-48d7-a7aa-3788f1251f10@group-F3A1F69E3608: change Leader from null to 38e4ed17-21fc-4cdd-a713-95c81e4a5ee7 at term 1 for appendEntries, leader elected after 5037ms
2024-08-15 10:19:18,523 [grpc-default-executor-0] INFO  server.RaftServer$Division (RaftServerImpl.java:requestVote(1449)) - 1b29c983-94d7-499d-bcc1-fd69fd0caba2@group-FAD2DA683029 replies to ELECTION vote request: 0e485a45-f52d-48d7-a7aa-3788f1251f10<-1b29c983-94d7-499d-bcc1-fd69fd0caba2#0:OK-t1. Peer's state: 1b29c983-94d7-499d-bcc1-fd69fd0caba2@group-FAD2DA683029:t1, leader=null, voted=0e485a45-f52d-48d7-a7aa-3788f1251f10, raftlog=Memoized:1b29c983-94d7-499d-bcc1-fd69fd0caba2@group-FAD2DA683029-SegmentedRaftLog:OPENED:c-1:lastnull, conf=conf: {index: -1, cur=peers:[0e485a45-f52d-48d7-a7aa-3788f1251f10|127.0.0.1:15498, 38e4ed17-21fc-4cdd-a713-95c81e4a5ee7|127.0.0.1:15507, 1b29c983-94d7-499d-bcc1-fd69fd0caba2|127.0.0.1:15489]|listeners:[], old=null}
2024-08-15 10:19:18,524 [0e485a45-f52d-48d7-a7aa-3788f1251f10@group-FAD2DA683029-LeaderElection132] INFO  impl.LeaderElection (LeaderElection.java:logAndReturn(89)) - 0e485a45-f52d-48d7-a7aa-3788f1251f10@group-FAD2DA683029-LeaderElection132: ELECTION PASSED received 1 response(s) and 0 exception(s):
2024-08-15 10:19:18,524 [0e485a45-f52d-48d7-a7aa-3788f1251f10@group-FAD2DA683029-LeaderElection132] INFO  impl.LeaderElection (LeaderElection.java:logAndReturn(93)) -   Response 0: 0e485a45-f52d-48d7-a7aa-3788f1251f10<-1b29c983-94d7-499d-bcc1-fd69fd0caba2#0:OK-t1
2024-08-15 10:19:18,524 [0e485a45-f52d-48d7-a7aa-3788f1251f10@group-FAD2DA683029-LeaderElection132] INFO  impl.LeaderElection (LeaderElection.java:askForVotes(323)) - 0e485a45-f52d-48d7-a7aa-3788f1251f10@group-FAD2DA683029-LeaderElection132 ELECTION round 0: result PASSED
2024-08-15 10:19:18,524 [0e485a45-f52d-48d7-a7aa-3788f1251f10@group-FAD2DA683029-LeaderElection132] INFO  impl.RoleInfo (RoleInfo.java:shutdownLeaderElection(139)) - 0e485a45-f52d-48d7-a7aa-3788f1251f10: shutdown 0e485a45-f52d-48d7-a7aa-3788f1251f10@group-FAD2DA683029-LeaderElection132
2024-08-15 10:19:18,524 [0e485a45-f52d-48d7-a7aa-3788f1251f10@group-FAD2DA683029-LeaderElection132] INFO  server.RaftServer$Division (RaftServerImpl.java:setRole(376)) - 0e485a45-f52d-48d7-a7aa-3788f1251f10@group-FAD2DA683029: changes role from CANDIDATE to LEADER at term 1 for changeToLeader
2024-08-15 10:19:18,524 [0e485a45-f52d-48d7-a7aa-3788f1251f10@group-FAD2DA683029-LeaderElection132] INFO  server.RaftServerConfigKeys (ConfUtils.java:logGet(46)) - raft.server.staging.catchup.gap = 1000 (default)
2024-08-15 10:19:18,524 [grpc-default-executor-5] INFO  server.RaftServer$Division (RaftServerImpl.java:requestVote(1449)) - 38e4ed17-21fc-4cdd-a713-95c81e4a5ee7@group-FAD2DA683029 replies to ELECTION vote request: 0e485a45-f52d-48d7-a7aa-3788f1251f10<-38e4ed17-21fc-4cdd-a713-95c81e4a5ee7#0:OK-t1. Peer's state: 38e4ed17-21fc-4cdd-a713-95c81e4a5ee7@group-FAD2DA683029:t1, leader=null, voted=0e485a45-f52d-48d7-a7aa-3788f1251f10, raftlog=Memoized:38e4ed17-21fc-4cdd-a713-95c81e4a5ee7@group-FAD2DA683029-SegmentedRaftLog:OPENED:c-1:lastnull, conf=conf: {index: -1, cur=peers:[0e485a45-f52d-48d7-a7aa-3788f1251f10|127.0.0.1:15498, 38e4ed17-21fc-4cdd-a713-95c81e4a5ee7|127.0.0.1:15507, 1b29c983-94d7-499d-bcc1-fd69fd0caba2|127.0.0.1:15489]|listeners:[], old=null}
2024-08-15 10:19:18,524 [0e485a45-f52d-48d7-a7aa-3788f1251f10@group-FAD2DA683029-LeaderElection132] INFO  server.RaftServerConfigKeys (ConfUtils.java:logGet(46)) - raft.server.write.element-limit = 1024 (custom)
2024-08-15 10:19:18,524 [0e485a45-f52d-48d7-a7aa-3788f1251f10@group-FAD2DA683029-LeaderElection132] INFO  server.RaftServerConfigKeys (ConfUtils.java:logGet(46)) - raft.server.write.byte-limit = 1024 M (=1073741824) (custom)
2024-08-15 10:19:18,524 [0e485a45-f52d-48d7-a7aa-3788f1251f10@group-FAD2DA683029-LeaderElection132] INFO  server.RaftServerConfigKeys (ConfUtils.java:logGet(46)) - raft.server.watch.timeout = 3000ms (custom)
2024-08-15 10:19:18,524 [0e485a45-f52d-48d7-a7aa-3788f1251f10@group-FAD2DA683029-LeaderElection132] INFO  server.RaftServerConfigKeys (ConfUtils.java:logGet(46)) - raft.server.watch.timeout.denomination = 1s (default)
2024-08-15 10:19:18,524 [0e485a45-f52d-48d7-a7aa-3788f1251f10@group-FAD2DA683029-LeaderElection132] INFO  server.RaftServerConfigKeys (ConfUtils.java:logGet(46)) - raft.server.watch.element-limit = 65536 (default)
2024-08-15 10:19:18,525 [0e485a45-f52d-48d7-a7aa-3788f1251f10@group-FAD2DA683029-LeaderElection132] INFO  server.RaftServerConfigKeys (ConfUtils.java:logGet(46)) - raft.server.read.leader.lease.enabled = false (default)
2024-08-15 10:19:18,525 [0e485a45-f52d-48d7-a7aa-3788f1251f10@group-FAD2DA683029-LeaderElection132] INFO  server.RaftServerConfigKeys (ConfUtils.java:logGet(46)) - raft.server.read.leader.lease.timeout.ratio = 0.9 (default)
2024-08-15 10:19:18,525 [0e485a45-f52d-48d7-a7aa-3788f1251f10@group-FAD2DA683029-LeaderElection132] INFO  server.RaftServerConfigKeys (ConfUtils.java:logGet(46)) - raft.server.rpc.timeout.min = 5s (custom)
2024-08-15 10:19:18,525 [0e485a45-f52d-48d7-a7aa-3788f1251f10@group-FAD2DA683029-LeaderElection132] INFO  server.RaftServerConfigKeys (ConfUtils.java:logGet(46)) - raft.server.log.log-metadata.enabled = true (default)
2024-08-15 10:19:18,525 [0e485a45-f52d-48d7-a7aa-3788f1251f10@group-FAD2DA683029-LeaderElection132] INFO  server.RaftServerConfigKeys (ConfUtils.java:logGet(46)) - raft.server.write.element-limit = 1024 (custom)
2024-08-15 10:19:18,525 [0e485a45-f52d-48d7-a7aa-3788f1251f10@group-FAD2DA683029-LeaderElection132] INFO  server.RaftServerConfigKeys (ConfUtils.java:logGet(46)) - raft.server.write.follower.gap.ratio.max = -1.0 (default)
2024-08-15 10:19:18,525 [0e485a45-f52d-48d7-a7aa-3788f1251f10-server-thread3] INFO  server.RaftServer$Division (ServerState.java:setRaftConf(386)) - 0e485a45-f52d-48d7-a7aa-3788f1251f10@group-F3A1F69E3608: set configuration conf: {index: 0, cur=peers:[0e485a45-f52d-48d7-a7aa-3788f1251f10|127.0.0.1:15498, 38e4ed17-21fc-4cdd-a713-95c81e4a5ee7|127.0.0.1:15507, 1b29c983-94d7-499d-bcc1-fd69fd0caba2|127.0.0.1:15489]|listeners:[], old=null}
2024-08-15 10:19:18,525 [0e485a45-f52d-48d7-a7aa-3788f1251f10-server-thread3] INFO  segmented.SegmentedRaftLogWorker (SegmentedRaftLogWorker.java:startLogSegment(433)) - 0e485a45-f52d-48d7-a7aa-3788f1251f10@group-F3A1F69E3608-SegmentedRaftLogWorker: Starting segment from index:0
2024-08-15 10:19:18,525 [0e485a45-f52d-48d7-a7aa-3788f1251f10@group-FAD2DA683029-LeaderElection132] INFO  server.RaftServerConfigKeys (ConfUtils.java:logGet(46)) - raft.server.log.appender.snapshot.chunk.size.max = 16MB (=16777216) (default)
2024-08-15 10:19:18,525 [0e485a45-f52d-48d7-a7aa-3788f1251f10@group-FAD2DA683029-LeaderElection132] INFO  server.RaftServerConfigKeys (ConfUtils.java:logGet(46)) - raft.server.log.appender.buffer.byte-limit = 8388608 (custom)
2024-08-15 10:19:18,525 [0e485a45-f52d-48d7-a7aa-3788f1251f10@group-FAD2DA683029-LeaderElection132] INFO  server.RaftServerConfigKeys (ConfUtils.java:logGet(46)) - raft.server.log.appender.buffer.element-limit = 1024 (custom)
2024-08-15 10:19:18,525 [0e485a45-f52d-48d7-a7aa-3788f1251f10@group-FAD2DA683029-LeaderElection132] INFO  server.RaftServerConfigKeys (ConfUtils.java:logGet(46)) - raft.server.log.appender.wait-time.min = 0ms (custom)
2024-08-15 10:19:18,526 [0e485a45-f52d-48d7-a7aa-3788f1251f10@group-FAD2DA683029-LeaderElection132] INFO  grpc.GrpcConfigKeys (ConfUtils.java:logGet(46)) - raft.grpc.server.leader.outstanding.appends.max = 8 (default)
2024-08-15 10:19:18,526 [0e485a45-f52d-48d7-a7aa-3788f1251f10@group-FAD2DA683029-LeaderElection132] INFO  server.RaftServerConfigKeys (ConfUtils.java:logGet(46)) - raft.server.rpc.request.timeout = 3000ms (default)
2024-08-15 10:19:18,526 [0e485a45-f52d-48d7-a7aa-3788f1251f10@group-FAD2DA683029-LeaderElection132] INFO  grpc.GrpcConfigKeys (ConfUtils.java:logGet(46)) - raft.grpc.server.install_snapshot.request.element-limit = 8 (default)
2024-08-15 10:19:18,526 [0e485a45-f52d-48d7-a7aa-3788f1251f10@group-FAD2DA683029-LeaderElection132] INFO  grpc.GrpcConfigKeys (ConfUtils.java:logGet(46)) - raft.grpc.server.install_snapshot.request.timeout = 3000ms (default)
2024-08-15 10:19:18,526 [0e485a45-f52d-48d7-a7aa-3788f1251f10@group-FAD2DA683029-LeaderElection132] INFO  grpc.GrpcConfigKeys (ConfUtils.java:logGet(46)) - raft.grpc.server.log-message.batch.duration = 5s (default)
2024-08-15 10:19:18,526 [0e485a45-f52d-48d7-a7aa-3788f1251f10@group-FAD2DA683029-LeaderElection132] INFO  server.RaftServerConfigKeys (ConfUtils.java:logGet(46)) - raft.server.log.appender.install.snapshot.enabled = false (custom)
2024-08-15 10:19:18,526 [0e485a45-f52d-48d7-a7aa-3788f1251f10@group-FAD2DA683029-LeaderElection132] INFO  grpc.GrpcConfigKeys (ConfUtils.java:logGet(46)) - raft.grpc.server.heartbeat.channel = true (default)
2024-08-15 10:19:18,526 [0e485a45-f52d-48d7-a7aa-3788f1251f10@group-F3A1F69E3608-SegmentedRaftLogWorker] INFO  segmented.BufferedWriteChannel (BufferedWriteChannel.java:open(61)) - open log_inprogress_0 at position 0
2024-08-15 10:19:18,526 [0e485a45-f52d-48d7-a7aa-3788f1251f10@group-FAD2DA683029-LeaderElection132] INFO  server.RaftServerConfigKeys (ConfUtils.java:logGet(46)) - raft.server.log.appender.snapshot.chunk.size.max = 16MB (=16777216) (default)
2024-08-15 10:19:18,526 [0e485a45-f52d-48d7-a7aa-3788f1251f10@group-FAD2DA683029-LeaderElection132] INFO  server.RaftServerConfigKeys (ConfUtils.java:logGet(46)) - raft.server.log.appender.buffer.byte-limit = 8388608 (custom)
2024-08-15 10:19:18,526 [0e485a45-f52d-48d7-a7aa-3788f1251f10@group-FAD2DA683029-LeaderElection132] INFO  server.RaftServerConfigKeys (ConfUtils.java:logGet(46)) - raft.server.log.appender.buffer.element-limit = 1024 (custom)
2024-08-15 10:19:18,526 [0e485a45-f52d-48d7-a7aa-3788f1251f10@group-FAD2DA683029-LeaderElection132] INFO  server.RaftServerConfigKeys (ConfUtils.java:logGet(46)) - raft.server.log.appender.wait-time.min = 0ms (custom)
2024-08-15 10:19:18,526 [0e485a45-f52d-48d7-a7aa-3788f1251f10@group-FAD2DA683029-LeaderElection132] INFO  grpc.GrpcConfigKeys (ConfUtils.java:logGet(46)) - raft.grpc.server.leader.outstanding.appends.max = 8 (default)
2024-08-15 10:19:18,526 [0e485a45-f52d-48d7-a7aa-3788f1251f10@group-FAD2DA683029-LeaderElection132] INFO  server.RaftServerConfigKeys (ConfUtils.java:logGet(46)) - raft.server.rpc.request.timeout = 3000ms (default)
2024-08-15 10:19:18,526 [0e485a45-f52d-48d7-a7aa-3788f1251f10@group-FAD2DA683029-LeaderElection132] INFO  grpc.GrpcConfigKeys (ConfUtils.java:logGet(46)) - raft.grpc.server.install_snapshot.request.element-limit = 8 (default)
2024-08-15 10:19:18,527 [0e485a45-f52d-48d7-a7aa-3788f1251f10@group-FAD2DA683029-LeaderElection132] INFO  grpc.GrpcConfigKeys (ConfUtils.java:logGet(46)) - raft.grpc.server.install_snapshot.request.timeout = 3000ms (default)
2024-08-15 10:19:18,527 [0e485a45-f52d-48d7-a7aa-3788f1251f10@group-FAD2DA683029-LeaderElection132] INFO  grpc.GrpcConfigKeys (ConfUtils.java:logGet(46)) - raft.grpc.server.log-message.batch.duration = 5s (default)
2024-08-15 10:19:18,527 [0e485a45-f52d-48d7-a7aa-3788f1251f10@group-FAD2DA683029-LeaderElection132] INFO  server.RaftServerConfigKeys (ConfUtils.java:logGet(46)) - raft.server.log.appender.install.snapshot.enabled = false (custom)
2024-08-15 10:19:18,527 [0e485a45-f52d-48d7-a7aa-3788f1251f10@group-FAD2DA683029-LeaderElection132] INFO  grpc.GrpcConfigKeys (ConfUtils.java:logGet(46)) - raft.grpc.server.heartbeat.channel = true (default)
2024-08-15 10:19:18,527 [0e485a45-f52d-48d7-a7aa-3788f1251f10@group-FAD2DA683029-LeaderElection132] INFO  impl.RoleInfo (RoleInfo.java:updateAndGet(148)) - 0e485a45-f52d-48d7-a7aa-3788f1251f10: start 0e485a45-f52d-48d7-a7aa-3788f1251f10@group-FAD2DA683029-LeaderStateImpl
2024-08-15 10:19:18,527 [0e485a45-f52d-48d7-a7aa-3788f1251f10@group-FAD2DA683029-LeaderElection132] INFO  server.RaftServer$Division (RaftServerImpl.java:setFirstElection(549)) - 0e485a45-f52d-48d7-a7aa-3788f1251f10@group-FAD2DA683029: set firstElectionSinceStartup to false for becomeLeader
2024-08-15 10:19:18,527 [0e485a45-f52d-48d7-a7aa-3788f1251f10@group-FAD2DA683029-LeaderElection132] INFO  ratis.XceiverServerRatis (XceiverServerRatis.java:handleLeaderChangedNotification(951)) - Leader change notification received for group: group-FAD2DA683029 with new leaderId: 0e485a45-f52d-48d7-a7aa-3788f1251f10
2024-08-15 10:19:18,527 [0e485a45-f52d-48d7-a7aa-3788f1251f10@group-FAD2DA683029-LeaderElection132] INFO  server.RaftServer$Division (ServerState.java:setLeader(272)) - 0e485a45-f52d-48d7-a7aa-3788f1251f10@group-FAD2DA683029: change Leader from null to 0e485a45-f52d-48d7-a7aa-3788f1251f10 at term 1 for becomeLeader, leader elected after 5087ms
2024-08-15 10:19:18,527 [0e485a45-f52d-48d7-a7aa-3788f1251f10@group-FAD2DA683029-LeaderElection132] INFO  segmented.SegmentedRaftLogWorker (SegmentedRaftLogWorker.java:startLogSegment(433)) - 0e485a45-f52d-48d7-a7aa-3788f1251f10@group-FAD2DA683029-SegmentedRaftLogWorker: Starting segment from index:0
2024-08-15 10:19:18,527 [0e485a45-f52d-48d7-a7aa-3788f1251f10@group-FAD2DA683029-LeaderElection132] INFO  server.RaftServer$Division (ServerState.java:setRaftConf(386)) - 0e485a45-f52d-48d7-a7aa-3788f1251f10@group-FAD2DA683029: set configuration conf: {index: 0, cur=peers:[0e485a45-f52d-48d7-a7aa-3788f1251f10|127.0.0.1:15498, 38e4ed17-21fc-4cdd-a713-95c81e4a5ee7|127.0.0.1:15507, 1b29c983-94d7-499d-bcc1-fd69fd0caba2|127.0.0.1:15489]|listeners:[], old=null}
2024-08-15 10:19:18,528 [0e485a45-f52d-48d7-a7aa-3788f1251f10@group-FAD2DA683029-SegmentedRaftLogWorker] INFO  segmented.BufferedWriteChannel (BufferedWriteChannel.java:open(61)) - open log_inprogress_0 at position 0
2024-08-15 10:19:18,533 [1b29c983-94d7-499d-bcc1-fd69fd0caba2-server-thread1] INFO  ratis.XceiverServerRatis (XceiverServerRatis.java:handleLeaderChangedNotification(951)) - Leader change notification received for group: group-F3A1F69E3608 with new leaderId: 38e4ed17-21fc-4cdd-a713-95c81e4a5ee7
2024-08-15 10:19:18,533 [1b29c983-94d7-499d-bcc1-fd69fd0caba2-server-thread1] INFO  server.RaftServer$Division (ServerState.java:setLeader(272)) - 1b29c983-94d7-499d-bcc1-fd69fd0caba2@group-F3A1F69E3608: change Leader from null to 38e4ed17-21fc-4cdd-a713-95c81e4a5ee7 at term 1 for appendEntries, leader elected after 5079ms
2024-08-15 10:19:18,534 [EventQueue-PipelineReportForPipelineReportHandler] INFO  pipeline.PipelineReportHandler (PipelineReportHandler.java:processPipelineReport(136)) - Opened pipeline PipelineID=b4c7a7bd-dbe1-4bc2-8c04-fad2da683029
2024-08-15 10:19:18,535 [1b29c983-94d7-499d-bcc1-fd69fd0caba2-server-thread2] INFO  server.RaftServer$Division (ServerState.java:setRaftConf(386)) - 1b29c983-94d7-499d-bcc1-fd69fd0caba2@group-F3A1F69E3608: set configuration conf: {index: 0, cur=peers:[0e485a45-f52d-48d7-a7aa-3788f1251f10|127.0.0.1:15498, 38e4ed17-21fc-4cdd-a713-95c81e4a5ee7|127.0.0.1:15507, 1b29c983-94d7-499d-bcc1-fd69fd0caba2|127.0.0.1:15489]|listeners:[], old=null}
2024-08-15 10:19:18,535 [1b29c983-94d7-499d-bcc1-fd69fd0caba2-server-thread2] INFO  segmented.SegmentedRaftLogWorker (SegmentedRaftLogWorker.java:startLogSegment(433)) - 1b29c983-94d7-499d-bcc1-fd69fd0caba2@group-F3A1F69E3608-SegmentedRaftLogWorker: Starting segment from index:0
2024-08-15 10:19:18,536 [1b29c983-94d7-499d-bcc1-fd69fd0caba2@group-F3A1F69E3608-SegmentedRaftLogWorker] INFO  segmented.BufferedWriteChannel (BufferedWriteChannel.java:open(61)) - open log_inprogress_0 at position 0
2024-08-15 10:19:18,539 [0e485a45-f52d-48d7-a7aa-3788f1251f10@group-F3A1F69E3608-SegmentedRaftLogWorker] INFO  segmented.SegmentedRaftLogWorker (SegmentedRaftLogWorker.java:execute(637)) - 0e485a45-f52d-48d7-a7aa-3788f1251f10@group-F3A1F69E3608-SegmentedRaftLogWorker: created new log segment /home/runner/work/ozone/ozone/hadoop-ozone/integration-test/target/test-dir/MiniOzoneClusterImpl-71195f16-0443-47ad-abb9-7568f4d0400c/ozone-meta/datanode-2/ratis/c9310d2b-7914-4315-bb6f-f3a1f69e3608/current/log_inprogress_0
2024-08-15 10:19:18,539 [1b29c983-94d7-499d-bcc1-fd69fd0caba2-server-thread1] INFO  ratis.XceiverServerRatis (XceiverServerRatis.java:handleLeaderChangedNotification(951)) - Leader change notification received for group: group-FAD2DA683029 with new leaderId: 0e485a45-f52d-48d7-a7aa-3788f1251f10
2024-08-15 10:19:18,539 [1b29c983-94d7-499d-bcc1-fd69fd0caba2-server-thread1] INFO  server.RaftServer$Division (ServerState.java:setLeader(272)) - 1b29c983-94d7-499d-bcc1-fd69fd0caba2@group-FAD2DA683029: change Leader from null to 0e485a45-f52d-48d7-a7aa-3788f1251f10 at term 1 for appendEntries, leader elected after 5132ms
2024-08-15 10:19:18,540 [0e485a45-f52d-48d7-a7aa-3788f1251f10@group-FAD2DA683029-SegmentedRaftLogWorker] INFO  segmented.SegmentedRaftLogWorker (SegmentedRaftLogWorker.java:execute(637)) - 0e485a45-f52d-48d7-a7aa-3788f1251f10@group-FAD2DA683029-SegmentedRaftLogWorker: created new log segment /home/runner/work/ozone/ozone/hadoop-ozone/integration-test/target/test-dir/MiniOzoneClusterImpl-71195f16-0443-47ad-abb9-7568f4d0400c/ozone-meta/datanode-2/ratis/b4c7a7bd-dbe1-4bc2-8c04-fad2da683029/current/log_inprogress_0
2024-08-15 10:19:18,542 [1b29c983-94d7-499d-bcc1-fd69fd0caba2-server-thread2] INFO  server.RaftServer$Division (ServerState.java:setRaftConf(386)) - 1b29c983-94d7-499d-bcc1-fd69fd0caba2@group-FAD2DA683029: set configuration conf: {index: 0, cur=peers:[0e485a45-f52d-48d7-a7aa-3788f1251f10|127.0.0.1:15498, 38e4ed17-21fc-4cdd-a713-95c81e4a5ee7|127.0.0.1:15507, 1b29c983-94d7-499d-bcc1-fd69fd0caba2|127.0.0.1:15489]|listeners:[], old=null}
2024-08-15 10:19:18,542 [1b29c983-94d7-499d-bcc1-fd69fd0caba2-server-thread2] INFO  segmented.SegmentedRaftLogWorker (SegmentedRaftLogWorker.java:startLogSegment(433)) - 1b29c983-94d7-499d-bcc1-fd69fd0caba2@group-FAD2DA683029-SegmentedRaftLogWorker: Starting segment from index:0
2024-08-15 10:19:18,542 [1b29c983-94d7-499d-bcc1-fd69fd0caba2@group-FAD2DA683029-SegmentedRaftLogWorker] INFO  segmented.BufferedWriteChannel (BufferedWriteChannel.java:open(61)) - open log_inprogress_0 at position 0
2024-08-15 10:19:18,543 [38e4ed17-21fc-4cdd-a713-95c81e4a5ee7-server-thread1] INFO  ratis.XceiverServerRatis (XceiverServerRatis.java:handleLeaderChangedNotification(951)) - Leader change notification received for group: group-FAD2DA683029 with new leaderId: 0e485a45-f52d-48d7-a7aa-3788f1251f10
2024-08-15 10:19:18,543 [38e4ed17-21fc-4cdd-a713-95c81e4a5ee7-server-thread1] INFO  server.RaftServer$Division (ServerState.java:setLeader(272)) - 38e4ed17-21fc-4cdd-a713-95c81e4a5ee7@group-FAD2DA683029: change Leader from null to 0e485a45-f52d-48d7-a7aa-3788f1251f10 at term 1 for appendEntries, leader elected after 5118ms
2024-08-15 10:19:18,543 [38e4ed17-21fc-4cdd-a713-95c81e4a5ee7-server-thread1] INFO  server.RaftServer$Division (ServerState.java:setRaftConf(386)) - 38e4ed17-21fc-4cdd-a713-95c81e4a5ee7@group-FAD2DA683029: set configuration conf: {index: 0, cur=peers:[0e485a45-f52d-48d7-a7aa-3788f1251f10|127.0.0.1:15498, 38e4ed17-21fc-4cdd-a713-95c81e4a5ee7|127.0.0.1:15507, 1b29c983-94d7-499d-bcc1-fd69fd0caba2|127.0.0.1:15489]|listeners:[], old=null}
2024-08-15 10:19:18,543 [38e4ed17-21fc-4cdd-a713-95c81e4a5ee7-server-thread1] INFO  segmented.SegmentedRaftLogWorker (SegmentedRaftLogWorker.java:startLogSegment(433)) - 38e4ed17-21fc-4cdd-a713-95c81e4a5ee7@group-FAD2DA683029-SegmentedRaftLogWorker: Starting segment from index:0
2024-08-15 10:19:18,546 [38e4ed17-21fc-4cdd-a713-95c81e4a5ee7@group-FAD2DA683029-SegmentedRaftLogWorker] INFO  segmented.BufferedWriteChannel (BufferedWriteChannel.java:open(61)) - open log_inprogress_0 at position 0
2024-08-15 10:19:18,546 [38e4ed17-21fc-4cdd-a713-95c81e4a5ee7@group-F3A1F69E3608-StateMachineUpdater] INFO  server.RaftServer$Division (LeaderStateImpl.java:checkStartIndex(316)) - Leader 38e4ed17-21fc-4cdd-a713-95c81e4a5ee7@group-F3A1F69E3608-LeaderStateImpl is ready since appliedIndex == startIndex == 0
2024-08-15 10:19:18,547 [1b29c983-94d7-499d-bcc1-fd69fd0caba2@group-F3A1F69E3608-SegmentedRaftLogWorker] INFO  segmented.SegmentedRaftLogWorker (SegmentedRaftLogWorker.java:execute(637)) - 1b29c983-94d7-499d-bcc1-fd69fd0caba2@group-F3A1F69E3608-SegmentedRaftLogWorker: created new log segment /home/runner/work/ozone/ozone/hadoop-ozone/integration-test/target/test-dir/MiniOzoneClusterImpl-71195f16-0443-47ad-abb9-7568f4d0400c/ozone-meta/datanode-1/ratis/c9310d2b-7914-4315-bb6f-f3a1f69e3608/current/log_inprogress_0
2024-08-15 10:19:18,551 [0e485a45-f52d-48d7-a7aa-3788f1251f10@group-E7362BF55D8D-FollowerState] INFO  impl.FollowerState (FollowerState.java:run(144)) - 0e485a45-f52d-48d7-a7aa-3788f1251f10@group-E7362BF55D8D-FollowerState: change to CANDIDATE, lastRpcElapsedTime:5032737707ns, electionTimeout:5032ms
2024-08-15 10:19:18,551 [0e485a45-f52d-48d7-a7aa-3788f1251f10@group-E7362BF55D8D-FollowerState] INFO  impl.RoleInfo (RoleInfo.java:shutdownFollowerState(119)) - 0e485a45-f52d-48d7-a7aa-3788f1251f10: shutdown 0e485a45-f52d-48d7-a7aa-3788f1251f10@group-E7362BF55D8D-FollowerState
2024-08-15 10:19:18,551 [0e485a45-f52d-48d7-a7aa-3788f1251f10@group-E7362BF55D8D-FollowerState] INFO  server.RaftServer$Division (RaftServerImpl.java:setRole(376)) - 0e485a45-f52d-48d7-a7aa-3788f1251f10@group-E7362BF55D8D: changes role from  FOLLOWER to CANDIDATE at term 0 for changeToCandidate
2024-08-15 10:19:18,551 [0e485a45-f52d-48d7-a7aa-3788f1251f10@group-E7362BF55D8D-FollowerState] INFO  server.RaftServerConfigKeys (ConfUtils.java:logGet(46)) - raft.server.leaderelection.pre-vote = true (default)
2024-08-15 10:19:18,551 [0e485a45-f52d-48d7-a7aa-3788f1251f10@group-E7362BF55D8D-FollowerState] INFO  impl.RoleInfo (RoleInfo.java:updateAndGet(148)) - 0e485a45-f52d-48d7-a7aa-3788f1251f10: start 0e485a45-f52d-48d7-a7aa-3788f1251f10@group-E7362BF55D8D-LeaderElection133
2024-08-15 10:19:18,552 [0e485a45-f52d-48d7-a7aa-3788f1251f10@group-E7362BF55D8D-LeaderElection133] INFO  impl.LeaderElection (LeaderElection.java:askForVotes(321)) - 0e485a45-f52d-48d7-a7aa-3788f1251f10@group-E7362BF55D8D-LeaderElection133 PRE_VOTE round 0: submit vote requests at term 0 for conf: {index: -1, cur=peers:[0e485a45-f52d-48d7-a7aa-3788f1251f10|127.0.0.1:15498, 38e4ed17-21fc-4cdd-a713-95c81e4a5ee7|127.0.0.1:15507, 1b29c983-94d7-499d-bcc1-fd69fd0caba2|127.0.0.1:15489]|listeners:[], old=null}
2024-08-15 10:19:18,552 [0e485a45-f52d-48d7-a7aa-3788f1251f10@group-E7362BF55D8D-LeaderElection133] INFO  server.RaftServerConfigKeys (ConfUtils.java:logFallback(53)) - raft.server.rpc.first-election.timeout.min = 5s (fallback to raft.server.rpc.timeout.min)
2024-08-15 10:19:18,553 [0e485a45-f52d-48d7-a7aa-3788f1251f10@group-E7362BF55D8D-LeaderElection133] INFO  server.RaftServerConfigKeys (ConfUtils.java:logFallback(53)) - raft.server.rpc.first-election.timeout.max = 5200ms (fallback to raft.server.rpc.timeout.max)
2024-08-15 10:19:18,553 [grpc-default-executor-2] INFO  server.RaftServer$Division (RaftServerImpl.java:requestVote(1416)) - 38e4ed17-21fc-4cdd-a713-95c81e4a5ee7@group-E7362BF55D8D: receive requestVote(PRE_VOTE, 0e485a45-f52d-48d7-a7aa-3788f1251f10, group-E7362BF55D8D, 0, (t:0, i:0))
2024-08-15 10:19:18,553 [grpc-default-executor-2] INFO  impl.VoteContext (VoteContext.java:log(49)) - 38e4ed17-21fc-4cdd-a713-95c81e4a5ee7@group-E7362BF55D8D-FOLLOWER: accept PRE_VOTE from 0e485a45-f52d-48d7-a7aa-3788f1251f10: our priority 0 <= candidate's priority 0
2024-08-15 10:19:18,553 [grpc-default-executor-2] INFO  server.RaftServer$Division (RaftServerImpl.java:requestVote(1449)) - 38e4ed17-21fc-4cdd-a713-95c81e4a5ee7@group-E7362BF55D8D replies to PRE_VOTE vote request: 0e485a45-f52d-48d7-a7aa-3788f1251f10<-38e4ed17-21fc-4cdd-a713-95c81e4a5ee7#0:OK-t0. Peer's state: 38e4ed17-21fc-4cdd-a713-95c81e4a5ee7@group-E7362BF55D8D:t0, leader=null, voted=, raftlog=Memoized:38e4ed17-21fc-4cdd-a713-95c81e4a5ee7@group-E7362BF55D8D-SegmentedRaftLog:OPENED:c-1:lastnull, conf=conf: {index: -1, cur=peers:[0e485a45-f52d-48d7-a7aa-3788f1251f10|127.0.0.1:15498, 38e4ed17-21fc-4cdd-a713-95c81e4a5ee7|127.0.0.1:15507, 1b29c983-94d7-499d-bcc1-fd69fd0caba2|127.0.0.1:15489]|listeners:[], old=null}
2024-08-15 10:19:18,555 [grpc-default-executor-7] INFO  server.RaftServer$Division (RaftServerImpl.java:requestVote(1416)) - 1b29c983-94d7-499d-bcc1-fd69fd0caba2@group-E7362BF55D8D: receive requestVote(PRE_VOTE, 0e485a45-f52d-48d7-a7aa-3788f1251f10, group-E7362BF55D8D, 0, (t:0, i:0))
2024-08-15 10:19:18,555 [grpc-default-executor-7] INFO  impl.VoteContext (VoteContext.java:log(49)) - 1b29c983-94d7-499d-bcc1-fd69fd0caba2@group-E7362BF55D8D-FOLLOWER: reject PRE_VOTE from 0e485a45-f52d-48d7-a7aa-3788f1251f10: our priority 1 > candidate's priority 0
2024-08-15 10:19:18,555 [grpc-default-executor-7] INFO  server.RaftServer$Division (RaftServerImpl.java:requestVote(1449)) - 1b29c983-94d7-499d-bcc1-fd69fd0caba2@group-E7362BF55D8D replies to PRE_VOTE vote request: 0e485a45-f52d-48d7-a7aa-3788f1251f10<-1b29c983-94d7-499d-bcc1-fd69fd0caba2#0:FAIL-t0. Peer's state: 1b29c983-94d7-499d-bcc1-fd69fd0caba2@group-E7362BF55D8D:t0, leader=null, voted=, raftlog=Memoized:1b29c983-94d7-499d-bcc1-fd69fd0caba2@group-E7362BF55D8D-SegmentedRaftLog:OPENED:c-1:lastnull, conf=conf: {index: -1, cur=peers:[0e485a45-f52d-48d7-a7aa-3788f1251f10|127.0.0.1:15498, 38e4ed17-21fc-4cdd-a713-95c81e4a5ee7|127.0.0.1:15507, 1b29c983-94d7-499d-bcc1-fd69fd0caba2|127.0.0.1:15489]|listeners:[], old=null}
2024-08-15 10:19:18,555 [0e485a45-f52d-48d7-a7aa-3788f1251f10@group-E7362BF55D8D-LeaderElection133] INFO  impl.LeaderElection (LeaderElection.java:logAndReturn(89)) - 0e485a45-f52d-48d7-a7aa-3788f1251f10@group-E7362BF55D8D-LeaderElection133: PRE_VOTE REJECTED received 1 response(s) and 0 exception(s):
2024-08-15 10:19:18,555 [0e485a45-f52d-48d7-a7aa-3788f1251f10@group-E7362BF55D8D-LeaderElection133] INFO  impl.LeaderElection (LeaderElection.java:logAndReturn(93)) -   Response 0: 0e485a45-f52d-48d7-a7aa-3788f1251f10<-1b29c983-94d7-499d-bcc1-fd69fd0caba2#0:FAIL-t0
2024-08-15 10:19:18,555 [0e485a45-f52d-48d7-a7aa-3788f1251f10@group-E7362BF55D8D-LeaderElection133] INFO  impl.LeaderElection (LeaderElection.java:askForVotes(323)) - 0e485a45-f52d-48d7-a7aa-3788f1251f10@group-E7362BF55D8D-LeaderElection133 PRE_VOTE round 0: result REJECTED
2024-08-15 10:19:18,555 [0e485a45-f52d-48d7-a7aa-3788f1251f10@group-E7362BF55D8D-LeaderElection133] INFO  server.RaftServer$Division (RaftServerImpl.java:setRole(376)) - 0e485a45-f52d-48d7-a7aa-3788f1251f10@group-E7362BF55D8D: changes role from CANDIDATE to FOLLOWER at term 0 for REJECTED
2024-08-15 10:19:18,555 [0e485a45-f52d-48d7-a7aa-3788f1251f10@group-E7362BF55D8D-LeaderElection133] INFO  impl.RoleInfo (RoleInfo.java:shutdownLeaderElection(139)) - 0e485a45-f52d-48d7-a7aa-3788f1251f10: shutdown 0e485a45-f52d-48d7-a7aa-3788f1251f10@group-E7362BF55D8D-LeaderElection133
2024-08-15 10:19:18,556 [0e485a45-f52d-48d7-a7aa-3788f1251f10@group-E7362BF55D8D-LeaderElection133] INFO  impl.RoleInfo (RoleInfo.java:updateAndGet(148)) - 0e485a45-f52d-48d7-a7aa-3788f1251f10: start 0e485a45-f52d-48d7-a7aa-3788f1251f10@group-E7362BF55D8D-FollowerState
2024-08-15 10:19:18,556 [0e485a45-f52d-48d7-a7aa-3788f1251f10@group-E7362BF55D8D-LeaderElection133] INFO  server.RaftServer$Division (RaftServerImpl.java:setFirstElection(549)) - 0e485a45-f52d-48d7-a7aa-3788f1251f10@group-E7362BF55D8D: set firstElectionSinceStartup to false for REJECTED
2024-08-15 10:19:18,563 [1b29c983-94d7-499d-bcc1-fd69fd0caba2@group-FAD2DA683029-SegmentedRaftLogWorker] INFO  segmented.SegmentedRaftLogWorker (SegmentedRaftLogWorker.java:execute(637)) - 1b29c983-94d7-499d-bcc1-fd69fd0caba2@group-FAD2DA683029-SegmentedRaftLogWorker: created new log segment /home/runner/work/ozone/ozone/hadoop-ozone/integration-test/target/test-dir/MiniOzoneClusterImpl-71195f16-0443-47ad-abb9-7568f4d0400c/ozone-meta/datanode-1/ratis/b4c7a7bd-dbe1-4bc2-8c04-fad2da683029/current/log_inprogress_0
2024-08-15 10:19:18,565 [38e4ed17-21fc-4cdd-a713-95c81e4a5ee7@group-FAD2DA683029-SegmentedRaftLogWorker] INFO  segmented.SegmentedRaftLogWorker (SegmentedRaftLogWorker.java:execute(637)) - 38e4ed17-21fc-4cdd-a713-95c81e4a5ee7@group-FAD2DA683029-SegmentedRaftLogWorker: created new log segment /home/runner/work/ozone/ozone/hadoop-ozone/integration-test/target/test-dir/MiniOzoneClusterImpl-71195f16-0443-47ad-abb9-7568f4d0400c/ozone-meta/datanode-3/ratis/b4c7a7bd-dbe1-4bc2-8c04-fad2da683029/current/log_inprogress_0
2024-08-15 10:19:18,565 [0e485a45-f52d-48d7-a7aa-3788f1251f10@group-FAD2DA683029-StateMachineUpdater] INFO  server.RaftServer$Division (LeaderStateImpl.java:checkStartIndex(316)) - Leader 0e485a45-f52d-48d7-a7aa-3788f1251f10@group-FAD2DA683029-LeaderStateImpl is ready since appliedIndex == startIndex == 0
2024-08-15 10:19:18,565 [1b29c983-94d7-499d-bcc1-fd69fd0caba2@group-E7362BF55D8D-FollowerState] INFO  impl.FollowerState (FollowerState.java:run(144)) - 1b29c983-94d7-499d-bcc1-fd69fd0caba2@group-E7362BF55D8D-FollowerState: change to CANDIDATE, lastRpcElapsedTime:5058544459ns, electionTimeout:5058ms
2024-08-15 10:19:18,565 [1b29c983-94d7-499d-bcc1-fd69fd0caba2@group-E7362BF55D8D-FollowerState] INFO  impl.RoleInfo (RoleInfo.java:shutdownFollowerState(119)) - 1b29c983-94d7-499d-bcc1-fd69fd0caba2: shutdown 1b29c983-94d7-499d-bcc1-fd69fd0caba2@group-E7362BF55D8D-FollowerState
2024-08-15 10:19:18,565 [1b29c983-94d7-499d-bcc1-fd69fd0caba2@group-E7362BF55D8D-FollowerState] INFO  server.RaftServer$Division (RaftServerImpl.java:setRole(376)) - 1b29c983-94d7-499d-bcc1-fd69fd0caba2@group-E7362BF55D8D: changes role from  FOLLOWER to CANDIDATE at term 0 for changeToCandidate
2024-08-15 10:19:18,565 [1b29c983-94d7-499d-bcc1-fd69fd0caba2@group-E7362BF55D8D-FollowerState] INFO  server.RaftServerConfigKeys (ConfUtils.java:logGet(46)) - raft.server.leaderelection.pre-vote = true (default)
2024-08-15 10:19:18,565 [1b29c983-94d7-499d-bcc1-fd69fd0caba2@group-E7362BF55D8D-FollowerState] INFO  impl.RoleInfo (RoleInfo.java:updateAndGet(148)) - 1b29c983-94d7-499d-bcc1-fd69fd0caba2: start 1b29c983-94d7-499d-bcc1-fd69fd0caba2@group-E7362BF55D8D-LeaderElection134
2024-08-15 10:19:18,565 [1b29c983-94d7-499d-bcc1-fd69fd0caba2@group-E7362BF55D8D-LeaderElection134] INFO  impl.LeaderElection (LeaderElection.java:askForVotes(321)) - 1b29c983-94d7-499d-bcc1-fd69fd0caba2@group-E7362BF55D8D-LeaderElection134 PRE_VOTE round 0: submit vote requests at term 0 for conf: {index: -1, cur=peers:[0e485a45-f52d-48d7-a7aa-3788f1251f10|127.0.0.1:15498, 38e4ed17-21fc-4cdd-a713-95c81e4a5ee7|127.0.0.1:15507, 1b29c983-94d7-499d-bcc1-fd69fd0caba2|127.0.0.1:15489]|listeners:[], old=null}
2024-08-15 10:19:18,566 [1b29c983-94d7-499d-bcc1-fd69fd0caba2@group-E7362BF55D8D-LeaderElection134-1] INFO  server.GrpcServerProtocolClient (GrpcServerProtocolClient.java:<init>(65)) - Build channel for 0e485a45-f52d-48d7-a7aa-3788f1251f10|127.0.0.1:15498
2024-08-15 10:19:18,568 [grpc-default-executor-7] INFO  server.RaftServer$Division (RaftServerImpl.java:requestVote(1416)) - 0e485a45-f52d-48d7-a7aa-3788f1251f10@group-E7362BF55D8D: receive requestVote(PRE_VOTE, 1b29c983-94d7-499d-bcc1-fd69fd0caba2, group-E7362BF55D8D, 0, (t:0, i:0))
2024-08-15 10:19:18,568 [grpc-default-executor-7] INFO  impl.VoteContext (VoteContext.java:log(49)) - 0e485a45-f52d-48d7-a7aa-3788f1251f10@group-E7362BF55D8D-FOLLOWER: accept PRE_VOTE from 1b29c983-94d7-499d-bcc1-fd69fd0caba2: our priority 0 <= candidate's priority 1
2024-08-15 10:19:18,568 [grpc-default-executor-7] INFO  server.RaftServer$Division (RaftServerImpl.java:requestVote(1449)) - 0e485a45-f52d-48d7-a7aa-3788f1251f10@group-E7362BF55D8D replies to PRE_VOTE vote request: 1b29c983-94d7-499d-bcc1-fd69fd0caba2<-0e485a45-f52d-48d7-a7aa-3788f1251f10#0:OK-t0. Peer's state: 0e485a45-f52d-48d7-a7aa-3788f1251f10@group-E7362BF55D8D:t0, leader=null, voted=, raftlog=Memoized:0e485a45-f52d-48d7-a7aa-3788f1251f10@group-E7362BF55D8D-SegmentedRaftLog:OPENED:c-1:lastnull, conf=conf: {index: -1, cur=peers:[0e485a45-f52d-48d7-a7aa-3788f1251f10|127.0.0.1:15498, 38e4ed17-21fc-4cdd-a713-95c81e4a5ee7|127.0.0.1:15507, 1b29c983-94d7-499d-bcc1-fd69fd0caba2|127.0.0.1:15489]|listeners:[], old=null}
2024-08-15 10:19:18,569 [1b29c983-94d7-499d-bcc1-fd69fd0caba2@group-E7362BF55D8D-LeaderElection134] INFO  server.RaftServerConfigKeys (ConfUtils.java:logFallback(53)) - raft.server.rpc.first-election.timeout.min = 5s (fallback to raft.server.rpc.timeout.min)
2024-08-15 10:19:18,569 [1b29c983-94d7-499d-bcc1-fd69fd0caba2@group-E7362BF55D8D-LeaderElection134] INFO  server.RaftServerConfigKeys (ConfUtils.java:logFallback(53)) - raft.server.rpc.first-election.timeout.max = 5200ms (fallback to raft.server.rpc.timeout.max)
2024-08-15 10:19:18,569 [1b29c983-94d7-499d-bcc1-fd69fd0caba2@group-E7362BF55D8D-LeaderElection134-2] INFO  server.GrpcServerProtocolClient (GrpcServerProtocolClient.java:<init>(65)) - Build channel for 38e4ed17-21fc-4cdd-a713-95c81e4a5ee7|127.0.0.1:15507
2024-08-15 10:19:18,569 [1b29c983-94d7-499d-bcc1-fd69fd0caba2@group-E7362BF55D8D-LeaderElection134] INFO  impl.LeaderElection (LeaderElection.java:logAndReturn(89)) - 1b29c983-94d7-499d-bcc1-fd69fd0caba2@group-E7362BF55D8D-LeaderElection134: PRE_VOTE PASSED received 1 response(s) and 0 exception(s):
2024-08-15 10:19:18,569 [1b29c983-94d7-499d-bcc1-fd69fd0caba2@group-E7362BF55D8D-LeaderElection134] INFO  impl.LeaderElection (LeaderElection.java:logAndReturn(93)) -   Response 0: 1b29c983-94d7-499d-bcc1-fd69fd0caba2<-0e485a45-f52d-48d7-a7aa-3788f1251f10#0:OK-t0
2024-08-15 10:19:18,569 [1b29c983-94d7-499d-bcc1-fd69fd0caba2@group-E7362BF55D8D-LeaderElection134] INFO  impl.LeaderElection (LeaderElection.java:askForVotes(323)) - 1b29c983-94d7-499d-bcc1-fd69fd0caba2@group-E7362BF55D8D-LeaderElection134 PRE_VOTE round 0: result PASSED
2024-08-15 10:19:18,570 [38e4ed17-21fc-4cdd-a713-95c81e4a5ee7@group-E7362BF55D8D-FollowerState] INFO  server.RaftServerConfigKeys (ConfUtils.java:logFallback(53)) - raft.server.rpc.first-election.timeout.min = 5s (fallback to raft.server.rpc.timeout.min)
2024-08-15 10:19:18,570 [38e4ed17-21fc-4cdd-a713-95c81e4a5ee7@group-E7362BF55D8D-FollowerState] INFO  server.RaftServerConfigKeys (ConfUtils.java:logFallback(53)) - raft.server.rpc.first-election.timeout.max = 5200ms (fallback to raft.server.rpc.timeout.max)
2024-08-15 10:19:18,570 [1b29c983-94d7-499d-bcc1-fd69fd0caba2@group-E7362BF55D8D-LeaderElection134] INFO  impl.LeaderElection (LeaderElection.java:askForVotes(321)) - 1b29c983-94d7-499d-bcc1-fd69fd0caba2@group-E7362BF55D8D-LeaderElection134 ELECTION round 0: submit vote requests at term 1 for conf: {index: -1, cur=peers:[0e485a45-f52d-48d7-a7aa-3788f1251f10|127.0.0.1:15498, 38e4ed17-21fc-4cdd-a713-95c81e4a5ee7|127.0.0.1:15507, 1b29c983-94d7-499d-bcc1-fd69fd0caba2|127.0.0.1:15489]|listeners:[], old=null}
2024-08-15 10:19:18,571 [1b29c983-94d7-499d-bcc1-fd69fd0caba2@group-E7362BF55D8D-LeaderElection134] INFO  server.RaftServerConfigKeys (ConfUtils.java:logFallback(53)) - raft.server.rpc.first-election.timeout.min = 5s (fallback to raft.server.rpc.timeout.min)
2024-08-15 10:19:18,571 [1b29c983-94d7-499d-bcc1-fd69fd0caba2@group-E7362BF55D8D-LeaderElection134] INFO  server.RaftServerConfigKeys (ConfUtils.java:logFallback(53)) - raft.server.rpc.first-election.timeout.max = 5200ms (fallback to raft.server.rpc.timeout.max)
2024-08-15 10:19:18,571 [grpc-default-executor-7] INFO  server.RaftServer$Division (RaftServerImpl.java:requestVote(1416)) - 0e485a45-f52d-48d7-a7aa-3788f1251f10@group-E7362BF55D8D: receive requestVote(ELECTION, 1b29c983-94d7-499d-bcc1-fd69fd0caba2, group-E7362BF55D8D, 1, (t:0, i:0))
2024-08-15 10:19:18,571 [grpc-default-executor-7] INFO  impl.VoteContext (VoteContext.java:log(49)) - 0e485a45-f52d-48d7-a7aa-3788f1251f10@group-E7362BF55D8D-FOLLOWER: accept ELECTION from 1b29c983-94d7-499d-bcc1-fd69fd0caba2: our priority 0 <= candidate's priority 1
2024-08-15 10:19:18,571 [grpc-default-executor-7] INFO  server.RaftServer$Division (RaftServerImpl.java:setRole(376)) - 0e485a45-f52d-48d7-a7aa-3788f1251f10@group-E7362BF55D8D: changes role from  FOLLOWER to FOLLOWER at term 1 for candidate:1b29c983-94d7-499d-bcc1-fd69fd0caba2
2024-08-15 10:19:18,571 [grpc-default-executor-7] INFO  impl.RoleInfo (RoleInfo.java:shutdownFollowerState(119)) - 0e485a45-f52d-48d7-a7aa-3788f1251f10: shutdown 0e485a45-f52d-48d7-a7aa-3788f1251f10@group-E7362BF55D8D-FollowerState
2024-08-15 10:19:18,571 [grpc-default-executor-7] INFO  impl.RoleInfo (RoleInfo.java:updateAndGet(148)) - 0e485a45-f52d-48d7-a7aa-3788f1251f10: start 0e485a45-f52d-48d7-a7aa-3788f1251f10@group-E7362BF55D8D-FollowerState
2024-08-15 10:19:18,571 [0e485a45-f52d-48d7-a7aa-3788f1251f10@group-E7362BF55D8D-FollowerState] INFO  impl.FollowerState (FollowerState.java:run(153)) - 0e485a45-f52d-48d7-a7aa-3788f1251f10@group-E7362BF55D8D-FollowerState was interrupted
2024-08-15 10:19:18,571 [grpc-default-executor-2] INFO  server.RaftServer$Division (RaftServerImpl.java:requestVote(1416)) - 38e4ed17-21fc-4cdd-a713-95c81e4a5ee7@group-E7362BF55D8D: receive requestVote(ELECTION, 1b29c983-94d7-499d-bcc1-fd69fd0caba2, group-E7362BF55D8D, 1, (t:0, i:0))
2024-08-15 10:19:18,571 [grpc-default-executor-2] INFO  impl.VoteContext (VoteContext.java:log(49)) - 38e4ed17-21fc-4cdd-a713-95c81e4a5ee7@group-E7362BF55D8D-FOLLOWER: accept ELECTION from 1b29c983-94d7-499d-bcc1-fd69fd0caba2: our priority 0 <= candidate's priority 1
2024-08-15 10:19:18,571 [grpc-default-executor-2] INFO  server.RaftServer$Division (RaftServerImpl.java:setRole(376)) - 38e4ed17-21fc-4cdd-a713-95c81e4a5ee7@group-E7362BF55D8D: changes role from  FOLLOWER to FOLLOWER at term 1 for candidate:1b29c983-94d7-499d-bcc1-fd69fd0caba2
2024-08-15 10:19:18,571 [grpc-default-executor-2] INFO  impl.RoleInfo (RoleInfo.java:shutdownFollowerState(119)) - 38e4ed17-21fc-4cdd-a713-95c81e4a5ee7: shutdown 38e4ed17-21fc-4cdd-a713-95c81e4a5ee7@group-E7362BF55D8D-FollowerState
2024-08-15 10:19:18,572 [grpc-default-executor-2] INFO  impl.RoleInfo (RoleInfo.java:updateAndGet(148)) - 38e4ed17-21fc-4cdd-a713-95c81e4a5ee7: start 38e4ed17-21fc-4cdd-a713-95c81e4a5ee7@group-E7362BF55D8D-FollowerState
2024-08-15 10:19:18,572 [38e4ed17-21fc-4cdd-a713-95c81e4a5ee7@group-E7362BF55D8D-FollowerState] INFO  impl.FollowerState (FollowerState.java:run(153)) - 38e4ed17-21fc-4cdd-a713-95c81e4a5ee7@group-E7362BF55D8D-FollowerState was interrupted
2024-08-15 10:19:18,572 [grpc-default-executor-2] INFO  server.RaftServer$Division (RaftServerImpl.java:setFirstElection(549)) - 38e4ed17-21fc-4cdd-a713-95c81e4a5ee7@group-E7362BF55D8D: set firstElectionSinceStartup to false for candidate:1b29c983-94d7-499d-bcc1-fd69fd0caba2
2024-08-15 10:19:18,573 [grpc-default-executor-7] INFO  server.RaftServer$Division (RaftServerImpl.java:requestVote(1449)) - 0e485a45-f52d-48d7-a7aa-3788f1251f10@group-E7362BF55D8D replies to ELECTION vote request: 1b29c983-94d7-499d-bcc1-fd69fd0caba2<-0e485a45-f52d-48d7-a7aa-3788f1251f10#0:OK-t1. Peer's state: 0e485a45-f52d-48d7-a7aa-3788f1251f10@group-E7362BF55D8D:t1, leader=null, voted=1b29c983-94d7-499d-bcc1-fd69fd0caba2, raftlog=Memoized:0e485a45-f52d-48d7-a7aa-3788f1251f10@group-E7362BF55D8D-SegmentedRaftLog:OPENED:c-1:lastnull, conf=conf: {index: -1, cur=peers:[0e485a45-f52d-48d7-a7aa-3788f1251f10|127.0.0.1:15498, 38e4ed17-21fc-4cdd-a713-95c81e4a5ee7|127.0.0.1:15507, 1b29c983-94d7-499d-bcc1-fd69fd0caba2|127.0.0.1:15489]|listeners:[], old=null}
2024-08-15 10:19:18,574 [grpc-default-executor-2] INFO  server.RaftServer$Division (RaftServerImpl.java:requestVote(1449)) - 38e4ed17-21fc-4cdd-a713-95c81e4a5ee7@group-E7362BF55D8D replies to ELECTION vote request: 1b29c983-94d7-499d-bcc1-fd69fd0caba2<-38e4ed17-21fc-4cdd-a713-95c81e4a5ee7#0:OK-t1. Peer's state: 38e4ed17-21fc-4cdd-a713-95c81e4a5ee7@group-E7362BF55D8D:t1, leader=null, voted=1b29c983-94d7-499d-bcc1-fd69fd0caba2, raftlog=Memoized:38e4ed17-21fc-4cdd-a713-95c81e4a5ee7@group-E7362BF55D8D-SegmentedRaftLog:OPENED:c-1:lastnull, conf=conf: {index: -1, cur=peers:[0e485a45-f52d-48d7-a7aa-3788f1251f10|127.0.0.1:15498, 38e4ed17-21fc-4cdd-a713-95c81e4a5ee7|127.0.0.1:15507, 1b29c983-94d7-499d-bcc1-fd69fd0caba2|127.0.0.1:15489]|listeners:[], old=null}
2024-08-15 10:19:18,575 [1b29c983-94d7-499d-bcc1-fd69fd0caba2@group-E7362BF55D8D-LeaderElection134] INFO  impl.LeaderElection (LeaderElection.java:logAndReturn(89)) - 1b29c983-94d7-499d-bcc1-fd69fd0caba2@group-E7362BF55D8D-LeaderElection134: ELECTION PASSED received 1 response(s) and 0 exception(s):
2024-08-15 10:19:18,575 [1b29c983-94d7-499d-bcc1-fd69fd0caba2@group-E7362BF55D8D-LeaderElection134] INFO  impl.LeaderElection (LeaderElection.java:logAndReturn(93)) -   Response 0: 1b29c983-94d7-499d-bcc1-fd69fd0caba2<-38e4ed17-21fc-4cdd-a713-95c81e4a5ee7#0:OK-t1
2024-08-15 10:19:18,575 [1b29c983-94d7-499d-bcc1-fd69fd0caba2@group-E7362BF55D8D-LeaderElection134] INFO  impl.LeaderElection (LeaderElection.java:askForVotes(323)) - 1b29c983-94d7-499d-bcc1-fd69fd0caba2@group-E7362BF55D8D-LeaderElection134 ELECTION round 0: result PASSED
2024-08-15 10:19:18,575 [1b29c983-94d7-499d-bcc1-fd69fd0caba2@group-E7362BF55D8D-LeaderElection134] INFO  impl.RoleInfo (RoleInfo.java:shutdownLeaderElection(139)) - 1b29c983-94d7-499d-bcc1-fd69fd0caba2: shutdown 1b29c983-94d7-499d-bcc1-fd69fd0caba2@group-E7362BF55D8D-LeaderElection134
2024-08-15 10:19:18,575 [1b29c983-94d7-499d-bcc1-fd69fd0caba2@group-E7362BF55D8D-LeaderElection134] INFO  server.RaftServer$Division (RaftServerImpl.java:setRole(376)) - 1b29c983-94d7-499d-bcc1-fd69fd0caba2@group-E7362BF55D8D: changes role from CANDIDATE to LEADER at term 1 for changeToLeader
2024-08-15 10:19:18,575 [1b29c983-94d7-499d-bcc1-fd69fd0caba2@group-E7362BF55D8D-LeaderElection134] INFO  server.RaftServerConfigKeys (ConfUtils.java:logGet(46)) - raft.server.staging.catchup.gap = 1000 (default)
2024-08-15 10:19:18,575 [1b29c983-94d7-499d-bcc1-fd69fd0caba2@group-E7362BF55D8D-LeaderElection134] INFO  server.RaftServerConfigKeys (ConfUtils.java:logGet(46)) - raft.server.write.element-limit = 1024 (custom)
2024-08-15 10:19:18,575 [1b29c983-94d7-499d-bcc1-fd69fd0caba2@group-E7362BF55D8D-LeaderElection134] INFO  server.RaftServerConfigKeys (ConfUtils.java:logGet(46)) - raft.server.write.byte-limit = 1024 M (=1073741824) (custom)
2024-08-15 10:19:18,575 [1b29c983-94d7-499d-bcc1-fd69fd0caba2@group-E7362BF55D8D-LeaderElection134] INFO  server.RaftServerConfigKeys (ConfUtils.java:logGet(46)) - raft.server.watch.timeout = 3000ms (custom)
2024-08-15 10:19:18,575 [1b29c983-94d7-499d-bcc1-fd69fd0caba2@group-E7362BF55D8D-LeaderElection134] INFO  server.RaftServerConfigKeys (ConfUtils.java:logGet(46)) - raft.server.watch.timeout.denomination = 1s (default)
2024-08-15 10:19:18,575 [1b29c983-94d7-499d-bcc1-fd69fd0caba2@group-E7362BF55D8D-LeaderElection134] INFO  server.RaftServerConfigKeys (ConfUtils.java:logGet(46)) - raft.server.watch.element-limit = 65536 (default)
2024-08-15 10:19:18,575 [1b29c983-94d7-499d-bcc1-fd69fd0caba2@group-E7362BF55D8D-LeaderElection134] INFO  server.RaftServerConfigKeys (ConfUtils.java:logGet(46)) - raft.server.read.leader.lease.enabled = false (default)
2024-08-15 10:19:18,575 [1b29c983-94d7-499d-bcc1-fd69fd0caba2@group-E7362BF55D8D-LeaderElection134] INFO  server.RaftServerConfigKeys (ConfUtils.java:logGet(46)) - raft.server.read.leader.lease.timeout.ratio = 0.9 (default)
2024-08-15 10:19:18,575 [1b29c983-94d7-499d-bcc1-fd69fd0caba2@group-E7362BF55D8D-LeaderElection134] INFO  server.RaftServerConfigKeys (ConfUtils.java:logGet(46)) - raft.server.rpc.timeout.min = 5s (custom)
2024-08-15 10:19:18,575 [1b29c983-94d7-499d-bcc1-fd69fd0caba2@group-E7362BF55D8D-LeaderElection134] INFO  server.RaftServerConfigKeys (ConfUtils.java:logGet(46)) - raft.server.log.log-metadata.enabled = true (default)
2024-08-15 10:19:18,575 [1b29c983-94d7-499d-bcc1-fd69fd0caba2@group-E7362BF55D8D-LeaderElection134] INFO  server.RaftServerConfigKeys (ConfUtils.java:logGet(46)) - raft.server.write.element-limit = 1024 (custom)
2024-08-15 10:19:18,576 [1b29c983-94d7-499d-bcc1-fd69fd0caba2@group-E7362BF55D8D-LeaderElection134] INFO  server.RaftServerConfigKeys (ConfUtils.java:logGet(46)) - raft.server.write.follower.gap.ratio.max = -1.0 (default)
2024-08-15 10:19:18,576 [1b29c983-94d7-499d-bcc1-fd69fd0caba2@group-E7362BF55D8D-LeaderElection134] INFO  server.RaftServerConfigKeys (ConfUtils.java:logGet(46)) - raft.server.log.appender.snapshot.chunk.size.max = 16MB (=16777216) (default)
2024-08-15 10:19:18,576 [1b29c983-94d7-499d-bcc1-fd69fd0caba2@group-E7362BF55D8D-LeaderElection134] INFO  server.RaftServerConfigKeys (ConfUtils.java:logGet(46)) - raft.server.log.appender.buffer.byte-limit = 8388608 (custom)
2024-08-15 10:19:18,576 [1b29c983-94d7-499d-bcc1-fd69fd0caba2@group-E7362BF55D8D-LeaderElection134] INFO  server.RaftServerConfigKeys (ConfUtils.java:logGet(46)) - raft.server.log.appender.buffer.element-limit = 1024 (custom)
2024-08-15 10:19:18,576 [1b29c983-94d7-499d-bcc1-fd69fd0caba2@group-E7362BF55D8D-LeaderElection134] INFO  server.RaftServerConfigKeys (ConfUtils.java:logGet(46)) - raft.server.log.appender.wait-time.min = 0ms (custom)
2024-08-15 10:19:18,576 [1b29c983-94d7-499d-bcc1-fd69fd0caba2@group-E7362BF55D8D-LeaderElection134] INFO  grpc.GrpcConfigKeys (ConfUtils.java:logGet(46)) - raft.grpc.server.leader.outstanding.appends.max = 8 (default)
2024-08-15 10:19:18,576 [1b29c983-94d7-499d-bcc1-fd69fd0caba2@group-E7362BF55D8D-LeaderElection134] INFO  server.RaftServerConfigKeys (ConfUtils.java:logGet(46)) - raft.server.rpc.request.timeout = 3000ms (default)
2024-08-15 10:19:18,576 [1b29c983-94d7-499d-bcc1-fd69fd0caba2@group-E7362BF55D8D-LeaderElection134] INFO  grpc.GrpcConfigKeys (ConfUtils.java:logGet(46)) - raft.grpc.server.install_snapshot.request.element-limit = 8 (default)
2024-08-15 10:19:18,576 [1b29c983-94d7-499d-bcc1-fd69fd0caba2@group-E7362BF55D8D-LeaderElection134] INFO  grpc.GrpcConfigKeys (ConfUtils.java:logGet(46)) - raft.grpc.server.install_snapshot.request.timeout = 3000ms (default)
2024-08-15 10:19:18,576 [1b29c983-94d7-499d-bcc1-fd69fd0caba2@group-E7362BF55D8D-LeaderElection134] INFO  grpc.GrpcConfigKeys (ConfUtils.java:logGet(46)) - raft.grpc.server.log-message.batch.duration = 5s (default)
2024-08-15 10:19:18,576 [1b29c983-94d7-499d-bcc1-fd69fd0caba2@group-E7362BF55D8D-LeaderElection134] INFO  server.RaftServerConfigKeys (ConfUtils.java:logGet(46)) - raft.server.log.appender.install.snapshot.enabled = false (custom)
2024-08-15 10:19:18,576 [1b29c983-94d7-499d-bcc1-fd69fd0caba2@group-E7362BF55D8D-LeaderElection134] INFO  grpc.GrpcConfigKeys (ConfUtils.java:logGet(46)) - raft.grpc.server.heartbeat.channel = true (default)
2024-08-15 10:19:18,576 [1b29c983-94d7-499d-bcc1-fd69fd0caba2@group-E7362BF55D8D-LeaderElection134] INFO  server.RaftServerConfigKeys (ConfUtils.java:logGet(46)) - raft.server.log.appender.snapshot.chunk.size.max = 16MB (=16777216) (default)
2024-08-15 10:19:18,576 [1b29c983-94d7-499d-bcc1-fd69fd0caba2@group-E7362BF55D8D-LeaderElection134] INFO  server.RaftServerConfigKeys (ConfUtils.java:logGet(46)) - raft.server.log.appender.buffer.byte-limit = 8388608 (custom)
2024-08-15 10:19:18,577 [1b29c983-94d7-499d-bcc1-fd69fd0caba2@group-E7362BF55D8D-LeaderElection134] INFO  server.RaftServerConfigKeys (ConfUtils.java:logGet(46)) - raft.server.log.appender.buffer.element-limit = 1024 (custom)
2024-08-15 10:19:18,577 [1b29c983-94d7-499d-bcc1-fd69fd0caba2@group-E7362BF55D8D-LeaderElection134] INFO  server.RaftServerConfigKeys (ConfUtils.java:logGet(46)) - raft.server.log.appender.wait-time.min = 0ms (custom)
2024-08-15 10:19:18,577 [1b29c983-94d7-499d-bcc1-fd69fd0caba2@group-E7362BF55D8D-LeaderElection134] INFO  grpc.GrpcConfigKeys (ConfUtils.java:logGet(46)) - raft.grpc.server.leader.outstanding.appends.max = 8 (default)
2024-08-15 10:19:18,577 [1b29c983-94d7-499d-bcc1-fd69fd0caba2@group-E7362BF55D8D-LeaderElection134] INFO  server.RaftServerConfigKeys (ConfUtils.java:logGet(46)) - raft.server.rpc.request.timeout = 3000ms (default)
2024-08-15 10:19:18,577 [1b29c983-94d7-499d-bcc1-fd69fd0caba2@group-E7362BF55D8D-LeaderElection134] INFO  grpc.GrpcConfigKeys (ConfUtils.java:logGet(46)) - raft.grpc.server.install_snapshot.request.element-limit = 8 (default)
2024-08-15 10:19:18,577 [1b29c983-94d7-499d-bcc1-fd69fd0caba2@group-E7362BF55D8D-LeaderElection134] INFO  grpc.GrpcConfigKeys (ConfUtils.java:logGet(46)) - raft.grpc.server.install_snapshot.request.timeout = 3000ms (default)
2024-08-15 10:19:18,577 [1b29c983-94d7-499d-bcc1-fd69fd0caba2@group-E7362BF55D8D-LeaderElection134] INFO  grpc.GrpcConfigKeys (ConfUtils.java:logGet(46)) - raft.grpc.server.log-message.batch.duration = 5s (default)
2024-08-15 10:19:18,577 [1b29c983-94d7-499d-bcc1-fd69fd0caba2@group-E7362BF55D8D-LeaderElection134] INFO  server.RaftServerConfigKeys (ConfUtils.java:logGet(46)) - raft.server.log.appender.install.snapshot.enabled = false (custom)
2024-08-15 10:19:18,577 [1b29c983-94d7-499d-bcc1-fd69fd0caba2@group-E7362BF55D8D-LeaderElection134] INFO  grpc.GrpcConfigKeys (ConfUtils.java:logGet(46)) - raft.grpc.server.heartbeat.channel = true (default)
2024-08-15 10:19:18,577 [1b29c983-94d7-499d-bcc1-fd69fd0caba2@group-E7362BF55D8D-LeaderElection134] INFO  impl.RoleInfo (RoleInfo.java:updateAndGet(148)) - 1b29c983-94d7-499d-bcc1-fd69fd0caba2: start 1b29c983-94d7-499d-bcc1-fd69fd0caba2@group-E7362BF55D8D-LeaderStateImpl
2024-08-15 10:19:18,577 [1b29c983-94d7-499d-bcc1-fd69fd0caba2@group-E7362BF55D8D-LeaderElection134] INFO  server.RaftServer$Division (RaftServerImpl.java:setFirstElection(549)) - 1b29c983-94d7-499d-bcc1-fd69fd0caba2@group-E7362BF55D8D: set firstElectionSinceStartup to false for becomeLeader
2024-08-15 10:19:18,577 [1b29c983-94d7-499d-bcc1-fd69fd0caba2@group-E7362BF55D8D-LeaderElection134] INFO  ratis.XceiverServerRatis (XceiverServerRatis.java:handleLeaderChangedNotification(951)) - Leader change notification received for group: group-E7362BF55D8D with new leaderId: 1b29c983-94d7-499d-bcc1-fd69fd0caba2
2024-08-15 10:19:18,577 [1b29c983-94d7-499d-bcc1-fd69fd0caba2@group-E7362BF55D8D-LeaderElection134] INFO  server.RaftServer$Division (ServerState.java:setLeader(272)) - 1b29c983-94d7-499d-bcc1-fd69fd0caba2@group-E7362BF55D8D: change Leader from null to 1b29c983-94d7-499d-bcc1-fd69fd0caba2 at term 1 for becomeLeader, leader elected after 5077ms
2024-08-15 10:19:18,578 [1b29c983-94d7-499d-bcc1-fd69fd0caba2@group-E7362BF55D8D-LeaderElection134] INFO  segmented.SegmentedRaftLogWorker (SegmentedRaftLogWorker.java:startLogSegment(433)) - 1b29c983-94d7-499d-bcc1-fd69fd0caba2@group-E7362BF55D8D-SegmentedRaftLogWorker: Starting segment from index:0
2024-08-15 10:19:18,578 [1b29c983-94d7-499d-bcc1-fd69fd0caba2@group-E7362BF55D8D-LeaderElection134] INFO  server.RaftServer$Division (ServerState.java:setRaftConf(386)) - 1b29c983-94d7-499d-bcc1-fd69fd0caba2@group-E7362BF55D8D: set configuration conf: {index: 0, cur=peers:[0e485a45-f52d-48d7-a7aa-3788f1251f10|127.0.0.1:15498, 38e4ed17-21fc-4cdd-a713-95c81e4a5ee7|127.0.0.1:15507, 1b29c983-94d7-499d-bcc1-fd69fd0caba2|127.0.0.1:15489]|listeners:[], old=null}
2024-08-15 10:19:18,578 [1b29c983-94d7-499d-bcc1-fd69fd0caba2@group-E7362BF55D8D-SegmentedRaftLogWorker] INFO  segmented.BufferedWriteChannel (BufferedWriteChannel.java:open(61)) - open log_inprogress_0 at position 0
2024-08-15 10:19:18,578 [EventQueue-PipelineReportForPipelineReportHandler] INFO  pipeline.PipelineReportHandler (PipelineReportHandler.java:processPipelineReport(136)) - Opened pipeline PipelineID=48e8ec4e-dd57-4ec7-adbf-e7362bf55d8d
2024-08-15 10:19:18,587 [0e485a45-f52d-48d7-a7aa-3788f1251f10-server-thread1] INFO  ratis.XceiverServerRatis (XceiverServerRatis.java:handleLeaderChangedNotification(951)) - Leader change notification received for group: group-E7362BF55D8D with new leaderId: 1b29c983-94d7-499d-bcc1-fd69fd0caba2
2024-08-15 10:19:18,587 [0e485a45-f52d-48d7-a7aa-3788f1251f10-server-thread1] INFO  server.RaftServer$Division (ServerState.java:setLeader(272)) - 0e485a45-f52d-48d7-a7aa-3788f1251f10@group-E7362BF55D8D: change Leader from null to 1b29c983-94d7-499d-bcc1-fd69fd0caba2 at term 1 for appendEntries, leader elected after 5075ms
2024-08-15 10:19:18,588 [0e485a45-f52d-48d7-a7aa-3788f1251f10-server-thread2] INFO  server.RaftServer$Division (ServerState.java:setRaftConf(386)) - 0e485a45-f52d-48d7-a7aa-3788f1251f10@group-E7362BF55D8D: set configuration conf: {index: 0, cur=peers:[0e485a45-f52d-48d7-a7aa-3788f1251f10|127.0.0.1:15498, 38e4ed17-21fc-4cdd-a713-95c81e4a5ee7|127.0.0.1:15507, 1b29c983-94d7-499d-bcc1-fd69fd0caba2|127.0.0.1:15489]|listeners:[], old=null}
2024-08-15 10:19:18,588 [0e485a45-f52d-48d7-a7aa-3788f1251f10-server-thread2] INFO  segmented.SegmentedRaftLogWorker (SegmentedRaftLogWorker.java:startLogSegment(433)) - 0e485a45-f52d-48d7-a7aa-3788f1251f10@group-E7362BF55D8D-SegmentedRaftLogWorker: Starting segment from index:0
2024-08-15 10:19:18,589 [0e485a45-f52d-48d7-a7aa-3788f1251f10@group-E7362BF55D8D-SegmentedRaftLogWorker] INFO  segmented.BufferedWriteChannel (BufferedWriteChannel.java:open(61)) - open log_inprogress_0 at position 0
2024-08-15 10:19:18,589 [1b29c983-94d7-499d-bcc1-fd69fd0caba2@group-E7362BF55D8D-SegmentedRaftLogWorker] INFO  segmented.SegmentedRaftLogWorker (SegmentedRaftLogWorker.java:execute(637)) - 1b29c983-94d7-499d-bcc1-fd69fd0caba2@group-E7362BF55D8D-SegmentedRaftLogWorker: created new log segment /home/runner/work/ozone/ozone/hadoop-ozone/integration-test/target/test-dir/MiniOzoneClusterImpl-71195f16-0443-47ad-abb9-7568f4d0400c/ozone-meta/datanode-1/ratis/48e8ec4e-dd57-4ec7-adbf-e7362bf55d8d/current/log_inprogress_0
2024-08-15 10:19:18,595 [38e4ed17-21fc-4cdd-a713-95c81e4a5ee7-server-thread1] INFO  ratis.XceiverServerRatis (XceiverServerRatis.java:handleLeaderChangedNotification(951)) - Leader change notification received for group: group-E7362BF55D8D with new leaderId: 1b29c983-94d7-499d-bcc1-fd69fd0caba2
2024-08-15 10:19:18,596 [38e4ed17-21fc-4cdd-a713-95c81e4a5ee7-server-thread1] INFO  server.RaftServer$Division (ServerState.java:setLeader(272)) - 38e4ed17-21fc-4cdd-a713-95c81e4a5ee7@group-E7362BF55D8D: change Leader from null to 1b29c983-94d7-499d-bcc1-fd69fd0caba2 at term 1 for appendEntries, leader elected after 5070ms
2024-08-15 10:19:18,597 [38e4ed17-21fc-4cdd-a713-95c81e4a5ee7-server-thread2] INFO  server.RaftServer$Division (ServerState.java:setRaftConf(386)) - 38e4ed17-21fc-4cdd-a713-95c81e4a5ee7@group-E7362BF55D8D: set configuration conf: {index: 0, cur=peers:[0e485a45-f52d-48d7-a7aa-3788f1251f10|127.0.0.1:15498, 38e4ed17-21fc-4cdd-a713-95c81e4a5ee7|127.0.0.1:15507, 1b29c983-94d7-499d-bcc1-fd69fd0caba2|127.0.0.1:15489]|listeners:[], old=null}
2024-08-15 10:19:18,598 [38e4ed17-21fc-4cdd-a713-95c81e4a5ee7-server-thread2] INFO  segmented.SegmentedRaftLogWorker (SegmentedRaftLogWorker.java:startLogSegment(433)) - 38e4ed17-21fc-4cdd-a713-95c81e4a5ee7@group-E7362BF55D8D-SegmentedRaftLogWorker: Starting segment from index:0
2024-08-15 10:19:18,598 [38e4ed17-21fc-4cdd-a713-95c81e4a5ee7@group-E7362BF55D8D-SegmentedRaftLogWorker] INFO  segmented.BufferedWriteChannel (BufferedWriteChannel.java:open(61)) - open log_inprogress_0 at position 0
2024-08-15 10:19:18,599 [0e485a45-f52d-48d7-a7aa-3788f1251f10@group-E7362BF55D8D-SegmentedRaftLogWorker] INFO  segmented.SegmentedRaftLogWorker (SegmentedRaftLogWorker.java:execute(637)) - 0e485a45-f52d-48d7-a7aa-3788f1251f10@group-E7362BF55D8D-SegmentedRaftLogWorker: created new log segment /home/runner/work/ozone/ozone/hadoop-ozone/integration-test/target/test-dir/MiniOzoneClusterImpl-71195f16-0443-47ad-abb9-7568f4d0400c/ozone-meta/datanode-2/ratis/48e8ec4e-dd57-4ec7-adbf-e7362bf55d8d/current/log_inprogress_0
2024-08-15 10:19:18,603 [1b29c983-94d7-499d-bcc1-fd69fd0caba2@group-E7362BF55D8D-StateMachineUpdater] INFO  server.RaftServer$Division (LeaderStateImpl.java:checkStartIndex(316)) - Leader 1b29c983-94d7-499d-bcc1-fd69fd0caba2@group-E7362BF55D8D-LeaderStateImpl is ready since appliedIndex == startIndex == 0
2024-08-15 10:19:18,608 [38e4ed17-21fc-4cdd-a713-95c81e4a5ee7@group-E7362BF55D8D-SegmentedRaftLogWorker] INFO  segmented.SegmentedRaftLogWorker (SegmentedRaftLogWorker.java:execute(637)) - 38e4ed17-21fc-4cdd-a713-95c81e4a5ee7@group-E7362BF55D8D-SegmentedRaftLogWorker: created new log segment /home/runner/work/ozone/ozone/hadoop-ozone/integration-test/target/test-dir/MiniOzoneClusterImpl-71195f16-0443-47ad-abb9-7568f4d0400c/ozone-meta/datanode-3/ratis/48e8ec4e-dd57-4ec7-adbf-e7362bf55d8d/current/log_inprogress_0
2024-08-15 10:19:18,742 [0e485a45-f52d-48d7-a7aa-3788f1251f10@group-9F544E2A2ED9-FollowerState] INFO  impl.FollowerState (FollowerState.java:run(144)) - 0e485a45-f52d-48d7-a7aa-3788f1251f10@group-9F544E2A2ED9-FollowerState: change to CANDIDATE, lastRpcElapsedTime:5113389928ns, electionTimeout:5113ms
2024-08-15 10:19:18,742 [0e485a45-f52d-48d7-a7aa-3788f1251f10@group-9F544E2A2ED9-FollowerState] INFO  impl.RoleInfo (RoleInfo.java:shutdownFollowerState(119)) - 0e485a45-f52d-48d7-a7aa-3788f1251f10: shutdown 0e485a45-f52d-48d7-a7aa-3788f1251f10@group-9F544E2A2ED9-FollowerState
2024-08-15 10:19:18,742 [0e485a45-f52d-48d7-a7aa-3788f1251f10@group-9F544E2A2ED9-FollowerState] INFO  server.RaftServer$Division (RaftServerImpl.java:setRole(376)) - 0e485a45-f52d-48d7-a7aa-3788f1251f10@group-9F544E2A2ED9: changes role from  FOLLOWER to CANDIDATE at term 0 for changeToCandidate
2024-08-15 10:19:18,742 [0e485a45-f52d-48d7-a7aa-3788f1251f10@group-9F544E2A2ED9-FollowerState] INFO  server.RaftServerConfigKeys (ConfUtils.java:logGet(46)) - raft.server.leaderelection.pre-vote = true (default)
2024-08-15 10:19:18,742 [0e485a45-f52d-48d7-a7aa-3788f1251f10@group-9F544E2A2ED9-FollowerState] INFO  impl.RoleInfo (RoleInfo.java:updateAndGet(148)) - 0e485a45-f52d-48d7-a7aa-3788f1251f10: start 0e485a45-f52d-48d7-a7aa-3788f1251f10@group-9F544E2A2ED9-LeaderElection135
2024-08-15 10:19:18,742 [0e485a45-f52d-48d7-a7aa-3788f1251f10@group-9F544E2A2ED9-LeaderElection135] INFO  impl.LeaderElection (LeaderElection.java:askForVotes(321)) - 0e485a45-f52d-48d7-a7aa-3788f1251f10@group-9F544E2A2ED9-LeaderElection135 PRE_VOTE round 0: submit vote requests at term 0 for conf: {index: -1, cur=peers:[0e485a45-f52d-48d7-a7aa-3788f1251f10|127.0.0.1:15498]|listeners:[], old=null}
2024-08-15 10:19:18,742 [0e485a45-f52d-48d7-a7aa-3788f1251f10@group-9F544E2A2ED9-LeaderElection135] INFO  impl.LeaderElection (LeaderElection.java:askForVotes(323)) - 0e485a45-f52d-48d7-a7aa-3788f1251f10@group-9F544E2A2ED9-LeaderElection135 PRE_VOTE round 0: result PASSED (term=0)
2024-08-15 10:19:18,744 [0e485a45-f52d-48d7-a7aa-3788f1251f10@group-9F544E2A2ED9-LeaderElection135] INFO  impl.LeaderElection (LeaderElection.java:askForVotes(321)) - 0e485a45-f52d-48d7-a7aa-3788f1251f10@group-9F544E2A2ED9-LeaderElection135 ELECTION round 0: submit vote requests at term 1 for conf: {index: -1, cur=peers:[0e485a45-f52d-48d7-a7aa-3788f1251f10|127.0.0.1:15498]|listeners:[], old=null}
2024-08-15 10:19:18,744 [0e485a45-f52d-48d7-a7aa-3788f1251f10@group-9F544E2A2ED9-LeaderElection135] INFO  impl.LeaderElection (LeaderElection.java:askForVotes(323)) - 0e485a45-f52d-48d7-a7aa-3788f1251f10@group-9F544E2A2ED9-LeaderElection135 ELECTION round 0: result PASSED (term=1)
2024-08-15 10:19:18,744 [0e485a45-f52d-48d7-a7aa-3788f1251f10@group-9F544E2A2ED9-LeaderElection135] INFO  impl.RoleInfo (RoleInfo.java:shutdownLeaderElection(139)) - 0e485a45-f52d-48d7-a7aa-3788f1251f10: shutdown 0e485a45-f52d-48d7-a7aa-3788f1251f10@group-9F544E2A2ED9-LeaderElection135
2024-08-15 10:19:18,744 [0e485a45-f52d-48d7-a7aa-3788f1251f10@group-9F544E2A2ED9-LeaderElection135] INFO  server.RaftServer$Division (RaftServerImpl.java:setRole(376)) - 0e485a45-f52d-48d7-a7aa-3788f1251f10@group-9F544E2A2ED9: changes role from CANDIDATE to LEADER at term 1 for changeToLeader
2024-08-15 10:19:18,744 [0e485a45-f52d-48d7-a7aa-3788f1251f10@group-9F544E2A2ED9-LeaderElection135] INFO  server.RaftServerConfigKeys (ConfUtils.java:logGet(46)) - raft.server.staging.catchup.gap = 1000 (default)
2024-08-15 10:19:18,744 [0e485a45-f52d-48d7-a7aa-3788f1251f10@group-9F544E2A2ED9-LeaderElection135] INFO  server.RaftServerConfigKeys (ConfUtils.java:logGet(46)) - raft.server.write.element-limit = 1024 (custom)
2024-08-15 10:19:18,744 [0e485a45-f52d-48d7-a7aa-3788f1251f10@group-9F544E2A2ED9-LeaderElection135] INFO  server.RaftServerConfigKeys (ConfUtils.java:logGet(46)) - raft.server.write.byte-limit = 1024 M (=1073741824) (custom)
2024-08-15 10:19:18,744 [0e485a45-f52d-48d7-a7aa-3788f1251f10@group-9F544E2A2ED9-LeaderElection135] INFO  server.RaftServerConfigKeys (ConfUtils.java:logGet(46)) - raft.server.watch.timeout = 3000ms (custom)
2024-08-15 10:19:18,744 [0e485a45-f52d-48d7-a7aa-3788f1251f10@group-9F544E2A2ED9-LeaderElection135] INFO  server.RaftServerConfigKeys (ConfUtils.java:logGet(46)) - raft.server.watch.timeout.denomination = 1s (default)
2024-08-15 10:19:18,744 [0e485a45-f52d-48d7-a7aa-3788f1251f10@group-9F544E2A2ED9-LeaderElection135] INFO  server.RaftServerConfigKeys (ConfUtils.java:logGet(46)) - raft.server.watch.element-limit = 65536 (default)
2024-08-15 10:19:18,745 [0e485a45-f52d-48d7-a7aa-3788f1251f10@group-9F544E2A2ED9-LeaderElection135] INFO  server.RaftServerConfigKeys (ConfUtils.java:logGet(46)) - raft.server.read.leader.lease.enabled = false (default)
2024-08-15 10:19:18,745 [0e485a45-f52d-48d7-a7aa-3788f1251f10@group-9F544E2A2ED9-LeaderElection135] INFO  server.RaftServerConfigKeys (ConfUtils.java:logGet(46)) - raft.server.read.leader.lease.timeout.ratio = 0.9 (default)
2024-08-15 10:19:18,745 [0e485a45-f52d-48d7-a7aa-3788f1251f10@group-9F544E2A2ED9-LeaderElection135] INFO  server.RaftServerConfigKeys (ConfUtils.java:logGet(46)) - raft.server.rpc.timeout.min = 5s (custom)
2024-08-15 10:19:18,745 [0e485a45-f52d-48d7-a7aa-3788f1251f10@group-9F544E2A2ED9-LeaderElection135] INFO  server.RaftServerConfigKeys (ConfUtils.java:logGet(46)) - raft.server.log.log-metadata.enabled = true (default)
2024-08-15 10:19:18,745 [0e485a45-f52d-48d7-a7aa-3788f1251f10@group-9F544E2A2ED9-LeaderElection135] INFO  server.RaftServerConfigKeys (ConfUtils.java:logGet(46)) - raft.server.write.element-limit = 1024 (custom)
2024-08-15 10:19:18,745 [0e485a45-f52d-48d7-a7aa-3788f1251f10@group-9F544E2A2ED9-LeaderElection135] INFO  server.RaftServerConfigKeys (ConfUtils.java:logGet(46)) - raft.server.write.follower.gap.ratio.max = -1.0 (default)
2024-08-15 10:19:18,745 [0e485a45-f52d-48d7-a7aa-3788f1251f10@group-9F544E2A2ED9-LeaderElection135] INFO  impl.RoleInfo (RoleInfo.java:updateAndGet(148)) - 0e485a45-f52d-48d7-a7aa-3788f1251f10: start 0e485a45-f52d-48d7-a7aa-3788f1251f10@group-9F544E2A2ED9-LeaderStateImpl
2024-08-15 10:19:18,745 [0e485a45-f52d-48d7-a7aa-3788f1251f10@group-9F544E2A2ED9-LeaderElection135] INFO  server.RaftServer$Division (RaftServerImpl.java:setFirstElection(549)) - 0e485a45-f52d-48d7-a7aa-3788f1251f10@group-9F544E2A2ED9: set firstElectionSinceStartup to false for becomeLeader
2024-08-15 10:19:18,745 [0e485a45-f52d-48d7-a7aa-3788f1251f10@group-9F544E2A2ED9-LeaderElection135] INFO  ratis.XceiverServerRatis (XceiverServerRatis.java:handleLeaderChangedNotification(951)) - Leader change notification received for group: group-9F544E2A2ED9 with new leaderId: 0e485a45-f52d-48d7-a7aa-3788f1251f10
2024-08-15 10:19:18,745 [0e485a45-f52d-48d7-a7aa-3788f1251f10@group-9F544E2A2ED9-LeaderElection135] INFO  server.RaftServer$Division (ServerState.java:setLeader(272)) - 0e485a45-f52d-48d7-a7aa-3788f1251f10@group-9F544E2A2ED9: change Leader from null to 0e485a45-f52d-48d7-a7aa-3788f1251f10 at term 1 for becomeLeader, leader elected after 5124ms
2024-08-15 10:19:18,745 [0e485a45-f52d-48d7-a7aa-3788f1251f10@group-9F544E2A2ED9-LeaderElection135] INFO  segmented.SegmentedRaftLogWorker (SegmentedRaftLogWorker.java:startLogSegment(433)) - 0e485a45-f52d-48d7-a7aa-3788f1251f10@group-9F544E2A2ED9-SegmentedRaftLogWorker: Starting segment from index:0
2024-08-15 10:19:18,746 [0e485a45-f52d-48d7-a7aa-3788f1251f10@group-9F544E2A2ED9-LeaderElection135] INFO  server.RaftServer$Division (ServerState.java:setRaftConf(386)) - 0e485a45-f52d-48d7-a7aa-3788f1251f10@group-9F544E2A2ED9: set configuration conf: {index: 0, cur=peers:[0e485a45-f52d-48d7-a7aa-3788f1251f10|127.0.0.1:15498]|listeners:[], old=null}
2024-08-15 10:19:18,746 [0e485a45-f52d-48d7-a7aa-3788f1251f10@group-9F544E2A2ED9-SegmentedRaftLogWorker] INFO  segmented.BufferedWriteChannel (BufferedWriteChannel.java:open(61)) - open log_inprogress_0 at position 0
2024-08-15 10:19:18,755 [0e485a45-f52d-48d7-a7aa-3788f1251f10@group-9F544E2A2ED9-SegmentedRaftLogWorker] INFO  segmented.SegmentedRaftLogWorker (SegmentedRaftLogWorker.java:execute(637)) - 0e485a45-f52d-48d7-a7aa-3788f1251f10@group-9F544E2A2ED9-SegmentedRaftLogWorker: created new log segment /home/runner/work/ozone/ozone/hadoop-ozone/integration-test/target/test-dir/MiniOzoneClusterImpl-71195f16-0443-47ad-abb9-7568f4d0400c/ozone-meta/datanode-2/ratis/0bc16a11-10f7-4576-be58-9f544e2a2ed9/current/log_inprogress_0
2024-08-15 10:19:18,757 [0e485a45-f52d-48d7-a7aa-3788f1251f10@group-9F544E2A2ED9-StateMachineUpdater] INFO  server.RaftServer$Division (LeaderStateImpl.java:checkStartIndex(316)) - Leader 0e485a45-f52d-48d7-a7aa-3788f1251f10@group-9F544E2A2ED9-LeaderStateImpl is ready since appliedIndex == startIndex == 0
2024-08-15 10:19:18,955 [38e4ed17-21fc-4cdd-a713-95c81e4a5ee7@group-A82F5976FBFF-FollowerState] INFO  impl.FollowerState (FollowerState.java:run(144)) - 38e4ed17-21fc-4cdd-a713-95c81e4a5ee7@group-A82F5976FBFF-FollowerState: change to CANDIDATE, lastRpcElapsedTime:5103538488ns, electionTimeout:5103ms
2024-08-15 10:19:18,955 [38e4ed17-21fc-4cdd-a713-95c81e4a5ee7@group-A82F5976FBFF-FollowerState] INFO  impl.RoleInfo (RoleInfo.java:shutdownFollowerState(119)) - 38e4ed17-21fc-4cdd-a713-95c81e4a5ee7: shutdown 38e4ed17-21fc-4cdd-a713-95c81e4a5ee7@group-A82F5976FBFF-FollowerState
2024-08-15 10:19:18,955 [38e4ed17-21fc-4cdd-a713-95c81e4a5ee7@group-A82F5976FBFF-FollowerState] INFO  server.RaftServer$Division (RaftServerImpl.java:setRole(376)) - 38e4ed17-21fc-4cdd-a713-95c81e4a5ee7@group-A82F5976FBFF: changes role from  FOLLOWER to CANDIDATE at term 0 for changeToCandidate
2024-08-15 10:19:18,955 [38e4ed17-21fc-4cdd-a713-95c81e4a5ee7@group-A82F5976FBFF-FollowerState] INFO  server.RaftServerConfigKeys (ConfUtils.java:logGet(46)) - raft.server.leaderelection.pre-vote = true (default)
2024-08-15 10:19:18,955 [38e4ed17-21fc-4cdd-a713-95c81e4a5ee7@group-A82F5976FBFF-FollowerState] INFO  impl.RoleInfo (RoleInfo.java:updateAndGet(148)) - 38e4ed17-21fc-4cdd-a713-95c81e4a5ee7: start 38e4ed17-21fc-4cdd-a713-95c81e4a5ee7@group-A82F5976FBFF-LeaderElection136
2024-08-15 10:19:18,955 [38e4ed17-21fc-4cdd-a713-95c81e4a5ee7@group-A82F5976FBFF-LeaderElection136] INFO  impl.LeaderElection (LeaderElection.java:askForVotes(321)) - 38e4ed17-21fc-4cdd-a713-95c81e4a5ee7@group-A82F5976FBFF-LeaderElection136 PRE_VOTE round 0: submit vote requests at term 0 for conf: {index: -1, cur=peers:[38e4ed17-21fc-4cdd-a713-95c81e4a5ee7|127.0.0.1:15507]|listeners:[], old=null}
2024-08-15 10:19:18,955 [38e4ed17-21fc-4cdd-a713-95c81e4a5ee7@group-A82F5976FBFF-LeaderElection136] INFO  impl.LeaderElection (LeaderElection.java:askForVotes(323)) - 38e4ed17-21fc-4cdd-a713-95c81e4a5ee7@group-A82F5976FBFF-LeaderElection136 PRE_VOTE round 0: result PASSED (term=0)
2024-08-15 10:19:18,957 [38e4ed17-21fc-4cdd-a713-95c81e4a5ee7@group-A82F5976FBFF-LeaderElection136] INFO  impl.LeaderElection (LeaderElection.java:askForVotes(321)) - 38e4ed17-21fc-4cdd-a713-95c81e4a5ee7@group-A82F5976FBFF-LeaderElection136 ELECTION round 0: submit vote requests at term 1 for conf: {index: -1, cur=peers:[38e4ed17-21fc-4cdd-a713-95c81e4a5ee7|127.0.0.1:15507]|listeners:[], old=null}
2024-08-15 10:19:18,957 [38e4ed17-21fc-4cdd-a713-95c81e4a5ee7@group-A82F5976FBFF-LeaderElection136] INFO  impl.LeaderElection (LeaderElection.java:askForVotes(323)) - 38e4ed17-21fc-4cdd-a713-95c81e4a5ee7@group-A82F5976FBFF-LeaderElection136 ELECTION round 0: result PASSED (term=1)
2024-08-15 10:19:18,957 [38e4ed17-21fc-4cdd-a713-95c81e4a5ee7@group-A82F5976FBFF-LeaderElection136] INFO  impl.RoleInfo (RoleInfo.java:shutdownLeaderElection(139)) - 38e4ed17-21fc-4cdd-a713-95c81e4a5ee7: shutdown 38e4ed17-21fc-4cdd-a713-95c81e4a5ee7@group-A82F5976FBFF-LeaderElection136
2024-08-15 10:19:18,957 [38e4ed17-21fc-4cdd-a713-95c81e4a5ee7@group-A82F5976FBFF-LeaderElection136] INFO  server.RaftServer$Division (RaftServerImpl.java:setRole(376)) - 38e4ed17-21fc-4cdd-a713-95c81e4a5ee7@group-A82F5976FBFF: changes role from CANDIDATE to LEADER at term 1 for changeToLeader
2024-08-15 10:19:18,957 [38e4ed17-21fc-4cdd-a713-95c81e4a5ee7@group-A82F5976FBFF-LeaderElection136] INFO  server.RaftServerConfigKeys (ConfUtils.java:logGet(46)) - raft.server.staging.catchup.gap = 1000 (default)
2024-08-15 10:19:18,957 [38e4ed17-21fc-4cdd-a713-95c81e4a5ee7@group-A82F5976FBFF-LeaderElection136] INFO  server.RaftServerConfigKeys (ConfUtils.java:logGet(46)) - raft.server.write.element-limit = 1024 (custom)
2024-08-15 10:19:18,957 [38e4ed17-21fc-4cdd-a713-95c81e4a5ee7@group-A82F5976FBFF-LeaderElection136] INFO  server.RaftServerConfigKeys (ConfUtils.java:logGet(46)) - raft.server.write.byte-limit = 1024 M (=1073741824) (custom)
2024-08-15 10:19:18,957 [38e4ed17-21fc-4cdd-a713-95c81e4a5ee7@group-A82F5976FBFF-LeaderElection136] INFO  server.RaftServerConfigKeys (ConfUtils.java:logGet(46)) - raft.server.watch.timeout = 3000ms (custom)
2024-08-15 10:19:18,957 [38e4ed17-21fc-4cdd-a713-95c81e4a5ee7@group-A82F5976FBFF-LeaderElection136] INFO  server.RaftServerConfigKeys (ConfUtils.java:logGet(46)) - raft.server.watch.timeout.denomination = 1s (default)
2024-08-15 10:19:18,957 [38e4ed17-21fc-4cdd-a713-95c81e4a5ee7@group-A82F5976FBFF-LeaderElection136] INFO  server.RaftServerConfigKeys (ConfUtils.java:logGet(46)) - raft.server.watch.element-limit = 65536 (default)
2024-08-15 10:19:18,958 [38e4ed17-21fc-4cdd-a713-95c81e4a5ee7@group-A82F5976FBFF-LeaderElection136] INFO  server.RaftServerConfigKeys (ConfUtils.java:logGet(46)) - raft.server.read.leader.lease.enabled = false (default)
2024-08-15 10:19:18,958 [38e4ed17-21fc-4cdd-a713-95c81e4a5ee7@group-A82F5976FBFF-LeaderElection136] INFO  server.RaftServerConfigKeys (ConfUtils.java:logGet(46)) - raft.server.read.leader.lease.timeout.ratio = 0.9 (default)
2024-08-15 10:19:18,958 [38e4ed17-21fc-4cdd-a713-95c81e4a5ee7@group-A82F5976FBFF-LeaderElection136] INFO  server.RaftServerConfigKeys (ConfUtils.java:logGet(46)) - raft.server.rpc.timeout.min = 5s (custom)
2024-08-15 10:19:18,958 [38e4ed17-21fc-4cdd-a713-95c81e4a5ee7@group-A82F5976FBFF-LeaderElection136] INFO  server.RaftServerConfigKeys (ConfUtils.java:logGet(46)) - raft.server.log.log-metadata.enabled = true (default)
2024-08-15 10:19:18,958 [38e4ed17-21fc-4cdd-a713-95c81e4a5ee7@group-A82F5976FBFF-LeaderElection136] INFO  server.RaftServerConfigKeys (ConfUtils.java:logGet(46)) - raft.server.write.element-limit = 1024 (custom)
2024-08-15 10:19:18,958 [38e4ed17-21fc-4cdd-a713-95c81e4a5ee7@group-A82F5976FBFF-LeaderElection136] INFO  server.RaftServerConfigKeys (ConfUtils.java:logGet(46)) - raft.server.write.follower.gap.ratio.max = -1.0 (default)
2024-08-15 10:19:18,958 [38e4ed17-21fc-4cdd-a713-95c81e4a5ee7@group-A82F5976FBFF-LeaderElection136] INFO  impl.RoleInfo (RoleInfo.java:updateAndGet(148)) - 38e4ed17-21fc-4cdd-a713-95c81e4a5ee7: start 38e4ed17-21fc-4cdd-a713-95c81e4a5ee7@group-A82F5976FBFF-LeaderStateImpl
2024-08-15 10:19:18,958 [38e4ed17-21fc-4cdd-a713-95c81e4a5ee7@group-A82F5976FBFF-LeaderElection136] INFO  server.RaftServer$Division (RaftServerImpl.java:setFirstElection(549)) - 38e4ed17-21fc-4cdd-a713-95c81e4a5ee7@group-A82F5976FBFF: set firstElectionSinceStartup to false for becomeLeader
2024-08-15 10:19:18,958 [38e4ed17-21fc-4cdd-a713-95c81e4a5ee7@group-A82F5976FBFF-LeaderElection136] INFO  ratis.XceiverServerRatis (XceiverServerRatis.java:handleLeaderChangedNotification(951)) - Leader change notification received for group: group-A82F5976FBFF with new leaderId: 38e4ed17-21fc-4cdd-a713-95c81e4a5ee7
2024-08-15 10:19:18,958 [38e4ed17-21fc-4cdd-a713-95c81e4a5ee7@group-A82F5976FBFF-LeaderElection136] INFO  server.RaftServer$Division (ServerState.java:setLeader(272)) - 38e4ed17-21fc-4cdd-a713-95c81e4a5ee7@group-A82F5976FBFF: change Leader from null to 38e4ed17-21fc-4cdd-a713-95c81e4a5ee7 at term 1 for becomeLeader, leader elected after 5116ms
2024-08-15 10:19:18,958 [38e4ed17-21fc-4cdd-a713-95c81e4a5ee7@group-A82F5976FBFF-LeaderElection136] INFO  segmented.SegmentedRaftLogWorker (SegmentedRaftLogWorker.java:startLogSegment(433)) - 38e4ed17-21fc-4cdd-a713-95c81e4a5ee7@group-A82F5976FBFF-SegmentedRaftLogWorker: Starting segment from index:0
2024-08-15 10:19:18,958 [38e4ed17-21fc-4cdd-a713-95c81e4a5ee7@group-A82F5976FBFF-LeaderElection136] INFO  server.RaftServer$Division (ServerState.java:setRaftConf(386)) - 38e4ed17-21fc-4cdd-a713-95c81e4a5ee7@group-A82F5976FBFF: set configuration conf: {index: 0, cur=peers:[38e4ed17-21fc-4cdd-a713-95c81e4a5ee7|127.0.0.1:15507]|listeners:[], old=null}
2024-08-15 10:19:18,959 [38e4ed17-21fc-4cdd-a713-95c81e4a5ee7@group-A82F5976FBFF-SegmentedRaftLogWorker] INFO  segmented.BufferedWriteChannel (BufferedWriteChannel.java:open(61)) - open log_inprogress_0 at position 0
2024-08-15 10:19:18,968 [38e4ed17-21fc-4cdd-a713-95c81e4a5ee7@group-A82F5976FBFF-SegmentedRaftLogWorker] INFO  segmented.SegmentedRaftLogWorker (SegmentedRaftLogWorker.java:execute(637)) - 38e4ed17-21fc-4cdd-a713-95c81e4a5ee7@group-A82F5976FBFF-SegmentedRaftLogWorker: created new log segment /home/runner/work/ozone/ozone/hadoop-ozone/integration-test/target/test-dir/MiniOzoneClusterImpl-71195f16-0443-47ad-abb9-7568f4d0400c/ozone-meta/datanode-3/ratis/be1502f4-a004-4f7f-86e6-a82f5976fbff/current/log_inprogress_0
2024-08-15 10:19:18,970 [38e4ed17-21fc-4cdd-a713-95c81e4a5ee7@group-A82F5976FBFF-StateMachineUpdater] INFO  server.RaftServer$Division (LeaderStateImpl.java:checkStartIndex(316)) - Leader 38e4ed17-21fc-4cdd-a713-95c81e4a5ee7@group-A82F5976FBFF-LeaderStateImpl is ready since appliedIndex == startIndex == 0
2024-08-15 10:19:19,246 [f60b0d4a-47c9-4dc3-aae7-72bc8e2f4697@group-034429A52253-FollowerState] INFO  impl.FollowerState (FollowerState.java:run(144)) - f60b0d4a-47c9-4dc3-aae7-72bc8e2f4697@group-034429A52253-FollowerState: change to CANDIDATE, lastRpcElapsedTime:5155983497ns, electionTimeout:5155ms
2024-08-15 10:19:19,246 [f60b0d4a-47c9-4dc3-aae7-72bc8e2f4697@group-034429A52253-FollowerState] INFO  impl.RoleInfo (RoleInfo.java:shutdownFollowerState(119)) - f60b0d4a-47c9-4dc3-aae7-72bc8e2f4697: shutdown f60b0d4a-47c9-4dc3-aae7-72bc8e2f4697@group-034429A52253-FollowerState
2024-08-15 10:19:19,246 [f60b0d4a-47c9-4dc3-aae7-72bc8e2f4697@group-034429A52253-FollowerState] INFO  server.RaftServer$Division (RaftServerImpl.java:setRole(376)) - f60b0d4a-47c9-4dc3-aae7-72bc8e2f4697@group-034429A52253: changes role from  FOLLOWER to CANDIDATE at term 0 for changeToCandidate
2024-08-15 10:19:19,246 [f60b0d4a-47c9-4dc3-aae7-72bc8e2f4697@group-034429A52253-FollowerState] INFO  server.RaftServerConfigKeys (ConfUtils.java:logGet(46)) - raft.server.leaderelection.pre-vote = true (default)
2024-08-15 10:19:19,246 [f60b0d4a-47c9-4dc3-aae7-72bc8e2f4697@group-034429A52253-FollowerState] INFO  impl.RoleInfo (RoleInfo.java:updateAndGet(148)) - f60b0d4a-47c9-4dc3-aae7-72bc8e2f4697: start f60b0d4a-47c9-4dc3-aae7-72bc8e2f4697@group-034429A52253-LeaderElection137
2024-08-15 10:19:19,246 [f60b0d4a-47c9-4dc3-aae7-72bc8e2f4697@group-034429A52253-LeaderElection137] INFO  impl.LeaderElection (LeaderElection.java:askForVotes(321)) - f60b0d4a-47c9-4dc3-aae7-72bc8e2f4697@group-034429A52253-LeaderElection137 PRE_VOTE round 0: submit vote requests at term 0 for conf: {index: -1, cur=peers:[f60b0d4a-47c9-4dc3-aae7-72bc8e2f4697|127.0.0.1:15516]|listeners:[], old=null}
2024-08-15 10:19:19,246 [f60b0d4a-47c9-4dc3-aae7-72bc8e2f4697@group-034429A52253-LeaderElection137] INFO  impl.LeaderElection (LeaderElection.java:askForVotes(323)) - f60b0d4a-47c9-4dc3-aae7-72bc8e2f4697@group-034429A52253-LeaderElection137 PRE_VOTE round 0: result PASSED (term=0)
2024-08-15 10:19:19,247 [f60b0d4a-47c9-4dc3-aae7-72bc8e2f4697@group-034429A52253-LeaderElection137] INFO  impl.LeaderElection (LeaderElection.java:askForVotes(321)) - f60b0d4a-47c9-4dc3-aae7-72bc8e2f4697@group-034429A52253-LeaderElection137 ELECTION round 0: submit vote requests at term 1 for conf: {index: -1, cur=peers:[f60b0d4a-47c9-4dc3-aae7-72bc8e2f4697|127.0.0.1:15516]|listeners:[], old=null}
2024-08-15 10:19:19,247 [f60b0d4a-47c9-4dc3-aae7-72bc8e2f4697@group-034429A52253-LeaderElection137] INFO  impl.LeaderElection (LeaderElection.java:askForVotes(323)) - f60b0d4a-47c9-4dc3-aae7-72bc8e2f4697@group-034429A52253-LeaderElection137 ELECTION round 0: result PASSED (term=1)
2024-08-15 10:19:19,247 [f60b0d4a-47c9-4dc3-aae7-72bc8e2f4697@group-034429A52253-LeaderElection137] INFO  impl.RoleInfo (RoleInfo.java:shutdownLeaderElection(139)) - f60b0d4a-47c9-4dc3-aae7-72bc8e2f4697: shutdown f60b0d4a-47c9-4dc3-aae7-72bc8e2f4697@group-034429A52253-LeaderElection137
2024-08-15 10:19:19,247 [f60b0d4a-47c9-4dc3-aae7-72bc8e2f4697@group-034429A52253-LeaderElection137] INFO  server.RaftServer$Division (RaftServerImpl.java:setRole(376)) - f60b0d4a-47c9-4dc3-aae7-72bc8e2f4697@group-034429A52253: changes role from CANDIDATE to LEADER at term 1 for changeToLeader
2024-08-15 10:19:19,247 [f60b0d4a-47c9-4dc3-aae7-72bc8e2f4697@group-034429A52253-LeaderElection137] INFO  server.RaftServerConfigKeys (ConfUtils.java:logGet(46)) - raft.server.staging.catchup.gap = 1000 (default)
2024-08-15 10:19:19,248 [f60b0d4a-47c9-4dc3-aae7-72bc8e2f4697@group-034429A52253-LeaderElection137] INFO  server.RaftServerConfigKeys (ConfUtils.java:logGet(46)) - raft.server.write.element-limit = 1024 (custom)
2024-08-15 10:19:19,248 [f60b0d4a-47c9-4dc3-aae7-72bc8e2f4697@group-034429A52253-LeaderElection137] INFO  server.RaftServerConfigKeys (ConfUtils.java:logGet(46)) - raft.server.write.byte-limit = 1024 M (=1073741824) (custom)
2024-08-15 10:19:19,248 [f60b0d4a-47c9-4dc3-aae7-72bc8e2f4697@group-034429A52253-LeaderElection137] INFO  server.RaftServerConfigKeys (ConfUtils.java:logGet(46)) - raft.server.watch.timeout = 3000ms (custom)
2024-08-15 10:19:19,248 [f60b0d4a-47c9-4dc3-aae7-72bc8e2f4697@group-034429A52253-LeaderElection137] INFO  server.RaftServerConfigKeys (ConfUtils.java:logGet(46)) - raft.server.watch.timeout.denomination = 1s (default)
2024-08-15 10:19:19,248 [f60b0d4a-47c9-4dc3-aae7-72bc8e2f4697@group-034429A52253-LeaderElection137] INFO  server.RaftServerConfigKeys (ConfUtils.java:logGet(46)) - raft.server.watch.element-limit = 65536 (default)
2024-08-15 10:19:19,248 [f60b0d4a-47c9-4dc3-aae7-72bc8e2f4697@group-034429A52253-LeaderElection137] INFO  server.RaftServerConfigKeys (ConfUtils.java:logGet(46)) - raft.server.read.leader.lease.enabled = false (default)
2024-08-15 10:19:19,248 [f60b0d4a-47c9-4dc3-aae7-72bc8e2f4697@group-034429A52253-LeaderElection137] INFO  server.RaftServerConfigKeys (ConfUtils.java:logGet(46)) - raft.server.read.leader.lease.timeout.ratio = 0.9 (default)
2024-08-15 10:19:19,248 [f60b0d4a-47c9-4dc3-aae7-72bc8e2f4697@group-034429A52253-LeaderElection137] INFO  server.RaftServerConfigKeys (ConfUtils.java:logGet(46)) - raft.server.rpc.timeout.min = 5s (custom)
2024-08-15 10:19:19,248 [f60b0d4a-47c9-4dc3-aae7-72bc8e2f4697@group-034429A52253-LeaderElection137] INFO  server.RaftServerConfigKeys (ConfUtils.java:logGet(46)) - raft.server.log.log-metadata.enabled = true (default)
2024-08-15 10:19:19,248 [f60b0d4a-47c9-4dc3-aae7-72bc8e2f4697@group-034429A52253-LeaderElection137] INFO  server.RaftServerConfigKeys (ConfUtils.java:logGet(46)) - raft.server.write.element-limit = 1024 (custom)
2024-08-15 10:19:19,248 [f60b0d4a-47c9-4dc3-aae7-72bc8e2f4697@group-034429A52253-LeaderElection137] INFO  server.RaftServerConfigKeys (ConfUtils.java:logGet(46)) - raft.server.write.follower.gap.ratio.max = -1.0 (default)
2024-08-15 10:19:19,248 [f60b0d4a-47c9-4dc3-aae7-72bc8e2f4697@group-034429A52253-LeaderElection137] INFO  impl.RoleInfo (RoleInfo.java:updateAndGet(148)) - f60b0d4a-47c9-4dc3-aae7-72bc8e2f4697: start f60b0d4a-47c9-4dc3-aae7-72bc8e2f4697@group-034429A52253-LeaderStateImpl
2024-08-15 10:19:19,248 [f60b0d4a-47c9-4dc3-aae7-72bc8e2f4697@group-034429A52253-LeaderElection137] INFO  server.RaftServer$Division (RaftServerImpl.java:setFirstElection(549)) - f60b0d4a-47c9-4dc3-aae7-72bc8e2f4697@group-034429A52253: set firstElectionSinceStartup to false for becomeLeader
2024-08-15 10:19:19,248 [f60b0d4a-47c9-4dc3-aae7-72bc8e2f4697@group-034429A52253-LeaderElection137] INFO  ratis.XceiverServerRatis (XceiverServerRatis.java:handleLeaderChangedNotification(951)) - Leader change notification received for group: group-034429A52253 with new leaderId: f60b0d4a-47c9-4dc3-aae7-72bc8e2f4697
2024-08-15 10:19:19,249 [f60b0d4a-47c9-4dc3-aae7-72bc8e2f4697@group-034429A52253-LeaderElection137] INFO  server.RaftServer$Division (ServerState.java:setLeader(272)) - f60b0d4a-47c9-4dc3-aae7-72bc8e2f4697@group-034429A52253: change Leader from null to f60b0d4a-47c9-4dc3-aae7-72bc8e2f4697 at term 1 for becomeLeader, leader elected after 5166ms
2024-08-15 10:19:19,249 [f60b0d4a-47c9-4dc3-aae7-72bc8e2f4697@group-034429A52253-LeaderElection137] INFO  segmented.SegmentedRaftLogWorker (SegmentedRaftLogWorker.java:startLogSegment(433)) - f60b0d4a-47c9-4dc3-aae7-72bc8e2f4697@group-034429A52253-SegmentedRaftLogWorker: Starting segment from index:0
2024-08-15 10:19:19,249 [f60b0d4a-47c9-4dc3-aae7-72bc8e2f4697@group-034429A52253-LeaderElection137] INFO  server.RaftServer$Division (ServerState.java:setRaftConf(386)) - f60b0d4a-47c9-4dc3-aae7-72bc8e2f4697@group-034429A52253: set configuration conf: {index: 0, cur=peers:[f60b0d4a-47c9-4dc3-aae7-72bc8e2f4697|127.0.0.1:15516]|listeners:[], old=null}
2024-08-15 10:19:19,249 [f60b0d4a-47c9-4dc3-aae7-72bc8e2f4697@group-034429A52253-SegmentedRaftLogWorker] INFO  segmented.BufferedWriteChannel (BufferedWriteChannel.java:open(61)) - open log_inprogress_0 at position 0
2024-08-15 10:19:19,258 [f60b0d4a-47c9-4dc3-aae7-72bc8e2f4697@group-034429A52253-SegmentedRaftLogWorker] INFO  segmented.SegmentedRaftLogWorker (SegmentedRaftLogWorker.java:execute(637)) - f60b0d4a-47c9-4dc3-aae7-72bc8e2f4697@group-034429A52253-SegmentedRaftLogWorker: created new log segment /home/runner/work/ozone/ozone/hadoop-ozone/integration-test/target/test-dir/MiniOzoneClusterImpl-71195f16-0443-47ad-abb9-7568f4d0400c/ozone-meta/datanode-4/ratis/809aed10-9c31-42c0-b9f3-034429a52253/current/log_inprogress_0
2024-08-15 10:19:19,259 [f60b0d4a-47c9-4dc3-aae7-72bc8e2f4697@group-034429A52253-StateMachineUpdater] INFO  server.RaftServer$Division (LeaderStateImpl.java:checkStartIndex(316)) - Leader f60b0d4a-47c9-4dc3-aae7-72bc8e2f4697@group-034429A52253-LeaderStateImpl is ready since appliedIndex == startIndex == 0
2024-08-15 10:19:19,312 [main] INFO  ozone.MiniOzoneClusterImpl (MiniOzoneClusterImpl.java:lambda$waitForClusterToBeReady$0(198)) - Nodes are ready. Got 5 of 5 DN Heartbeats.
2024-08-15 10:19:19,312 [main] INFO  ozone.MiniOzoneClusterImpl (MiniOzoneClusterImpl.java:lambda$waitForClusterToBeReady$0(201)) - Cluster exits safe mode
2024-08-15 10:19:19,312 [main] INFO  ozone.MiniOzoneClusterImpl (MiniOzoneClusterImpl.java:lambda$waitForClusterToBeReady$0(203)) - SCM became leader
2024-08-15 10:19:19,316 [main] INFO  rpc.RpcClient (RpcClient.java:createVolume(474)) - Creating Volume: testblockoutputstream, with runner as owner and space quota set to -1 bytes, counts quota set to -1
2024-08-15 10:19:19,319 [om1-OMStateMachineApplyTransactionThread - 0] INFO  volume.OMVolumeCreateRequest (OMVolumeCreateRequest.java:validateAndUpdateCache(198)) - created volume:testblockoutputstream for user:runner
2024-08-15 10:19:19,321 [main] INFO  rpc.RpcClient (RpcClient.java:createBucket(700)) - Creating Bucket: testblockoutputstream/testblockoutputstream, with server-side default bucket layout, runner as owner, Versioning false, Storage Type set to DISK and Encryption set to false, Replication Type set to server-side default replication type, Namespace Quota set to -1, Space Quota set to -1 
2024-08-15 10:19:19,323 [om1-OMStateMachineApplyTransactionThread - 0] INFO  bucket.OMBucketCreateRequest (OMBucketCreateRequest.java:validateAndUpdateCache(293)) - created bucket: testblockoutputstream of layout FILE_SYSTEM_OPTIMIZED in volume: testblockoutputstream
2024-08-15 10:19:19,332 [IPC Server handler 2 on default port 15478] INFO  ha.SequenceIdGenerator (SequenceIdGenerator.java:getNextId(144)) - Allocate a batch for containerId, change lastId from 0 to 1000.
2024-08-15 10:19:19,333 [IPC Server handler 2 on default port 15478] WARN  ha.SequenceIdGenerator (SequenceIdGenerator.java:allocateBatch(257)) - Failed to allocate a batch for localId, expected lastId is 0, actual lastId is 113750153625600000.
2024-08-15 10:19:19,333 [IPC Server handler 2 on default port 15478] INFO  ha.SequenceIdGenerator (SequenceIdGenerator.java:getNextId(144)) - Allocate a batch for localId, change lastId from 113750153625600000 to 113750153625601000.
2024-08-15 10:19:19,338 [main] INFO  scm.XceiverClientRatis (XceiverClientRatis.java:<init>(140)) - WatchType ALL_COMMITTED. Majority 2, 
2024-08-15 10:19:19,505 [6b83e431-4bd4-4ef9-a0a5-40878ef9a0bc@group-9BD0EA84E87A-FollowerState] INFO  impl.FollowerState (FollowerState.java:run(144)) - 6b83e431-4bd4-4ef9-a0a5-40878ef9a0bc@group-9BD0EA84E87A-FollowerState: change to CANDIDATE, lastRpcElapsedTime:5188327890ns, electionTimeout:5187ms
2024-08-15 10:19:19,505 [6b83e431-4bd4-4ef9-a0a5-40878ef9a0bc@group-9BD0EA84E87A-FollowerState] INFO  impl.RoleInfo (RoleInfo.java:shutdownFollowerState(119)) - 6b83e431-4bd4-4ef9-a0a5-40878ef9a0bc: shutdown 6b83e431-4bd4-4ef9-a0a5-40878ef9a0bc@group-9BD0EA84E87A-FollowerState
2024-08-15 10:19:19,505 [6b83e431-4bd4-4ef9-a0a5-40878ef9a0bc@group-9BD0EA84E87A-FollowerState] INFO  server.RaftServer$Division (RaftServerImpl.java:setRole(376)) - 6b83e431-4bd4-4ef9-a0a5-40878ef9a0bc@group-9BD0EA84E87A: changes role from  FOLLOWER to CANDIDATE at term 0 for changeToCandidate
2024-08-15 10:19:19,505 [6b83e431-4bd4-4ef9-a0a5-40878ef9a0bc@group-9BD0EA84E87A-FollowerState] INFO  server.RaftServerConfigKeys (ConfUtils.java:logGet(46)) - raft.server.leaderelection.pre-vote = true (default)
2024-08-15 10:19:19,505 [6b83e431-4bd4-4ef9-a0a5-40878ef9a0bc@group-9BD0EA84E87A-FollowerState] INFO  impl.RoleInfo (RoleInfo.java:updateAndGet(148)) - 6b83e431-4bd4-4ef9-a0a5-40878ef9a0bc: start 6b83e431-4bd4-4ef9-a0a5-40878ef9a0bc@group-9BD0EA84E87A-LeaderElection138
2024-08-15 10:19:19,505 [6b83e431-4bd4-4ef9-a0a5-40878ef9a0bc@group-9BD0EA84E87A-LeaderElection138] INFO  impl.LeaderElection (LeaderElection.java:askForVotes(321)) - 6b83e431-4bd4-4ef9-a0a5-40878ef9a0bc@group-9BD0EA84E87A-LeaderElection138 PRE_VOTE round 0: submit vote requests at term 0 for conf: {index: -1, cur=peers:[6b83e431-4bd4-4ef9-a0a5-40878ef9a0bc|127.0.0.1:15525]|listeners:[], old=null}
2024-08-15 10:19:19,505 [6b83e431-4bd4-4ef9-a0a5-40878ef9a0bc@group-9BD0EA84E87A-LeaderElection138] INFO  impl.LeaderElection (LeaderElection.java:askForVotes(323)) - 6b83e431-4bd4-4ef9-a0a5-40878ef9a0bc@group-9BD0EA84E87A-LeaderElection138 PRE_VOTE round 0: result PASSED (term=0)
2024-08-15 10:19:19,507 [6b83e431-4bd4-4ef9-a0a5-40878ef9a0bc@group-9BD0EA84E87A-LeaderElection138] INFO  impl.LeaderElection (LeaderElection.java:askForVotes(321)) - 6b83e431-4bd4-4ef9-a0a5-40878ef9a0bc@group-9BD0EA84E87A-LeaderElection138 ELECTION round 0: submit vote requests at term 1 for conf: {index: -1, cur=peers:[6b83e431-4bd4-4ef9-a0a5-40878ef9a0bc|127.0.0.1:15525]|listeners:[], old=null}
2024-08-15 10:19:19,507 [6b83e431-4bd4-4ef9-a0a5-40878ef9a0bc@group-9BD0EA84E87A-LeaderElection138] INFO  impl.LeaderElection (LeaderElection.java:askForVotes(323)) - 6b83e431-4bd4-4ef9-a0a5-40878ef9a0bc@group-9BD0EA84E87A-LeaderElection138 ELECTION round 0: result PASSED (term=1)
2024-08-15 10:19:19,507 [6b83e431-4bd4-4ef9-a0a5-40878ef9a0bc@group-9BD0EA84E87A-LeaderElection138] INFO  impl.RoleInfo (RoleInfo.java:shutdownLeaderElection(139)) - 6b83e431-4bd4-4ef9-a0a5-40878ef9a0bc: shutdown 6b83e431-4bd4-4ef9-a0a5-40878ef9a0bc@group-9BD0EA84E87A-LeaderElection138
2024-08-15 10:19:19,507 [6b83e431-4bd4-4ef9-a0a5-40878ef9a0bc@group-9BD0EA84E87A-LeaderElection138] INFO  server.RaftServer$Division (RaftServerImpl.java:setRole(376)) - 6b83e431-4bd4-4ef9-a0a5-40878ef9a0bc@group-9BD0EA84E87A: changes role from CANDIDATE to LEADER at term 1 for changeToLeader
2024-08-15 10:19:19,507 [6b83e431-4bd4-4ef9-a0a5-40878ef9a0bc@group-9BD0EA84E87A-LeaderElection138] INFO  server.RaftServerConfigKeys (ConfUtils.java:logGet(46)) - raft.server.staging.catchup.gap = 1000 (default)
2024-08-15 10:19:19,507 [6b83e431-4bd4-4ef9-a0a5-40878ef9a0bc@group-9BD0EA84E87A-LeaderElection138] INFO  server.RaftServerConfigKeys (ConfUtils.java:logGet(46)) - raft.server.write.element-limit = 1024 (custom)
2024-08-15 10:19:19,507 [6b83e431-4bd4-4ef9-a0a5-40878ef9a0bc@group-9BD0EA84E87A-LeaderElection138] INFO  server.RaftServerConfigKeys (ConfUtils.java:logGet(46)) - raft.server.write.byte-limit = 1024 M (=1073741824) (custom)
2024-08-15 10:19:19,507 [6b83e431-4bd4-4ef9-a0a5-40878ef9a0bc@group-9BD0EA84E87A-LeaderElection138] INFO  server.RaftServerConfigKeys (ConfUtils.java:logGet(46)) - raft.server.watch.timeout = 3000ms (custom)
2024-08-15 10:19:19,507 [6b83e431-4bd4-4ef9-a0a5-40878ef9a0bc@group-9BD0EA84E87A-LeaderElection138] INFO  server.RaftServerConfigKeys (ConfUtils.java:logGet(46)) - raft.server.watch.timeout.denomination = 1s (default)
2024-08-15 10:19:19,507 [6b83e431-4bd4-4ef9-a0a5-40878ef9a0bc@group-9BD0EA84E87A-LeaderElection138] INFO  server.RaftServerConfigKeys (ConfUtils.java:logGet(46)) - raft.server.watch.element-limit = 65536 (default)
2024-08-15 10:19:19,507 [6b83e431-4bd4-4ef9-a0a5-40878ef9a0bc@group-9BD0EA84E87A-LeaderElection138] INFO  server.RaftServerConfigKeys (ConfUtils.java:logGet(46)) - raft.server.read.leader.lease.enabled = false (default)
2024-08-15 10:19:19,508 [6b83e431-4bd4-4ef9-a0a5-40878ef9a0bc@group-9BD0EA84E87A-LeaderElection138] INFO  server.RaftServerConfigKeys (ConfUtils.java:logGet(46)) - raft.server.read.leader.lease.timeout.ratio = 0.9 (default)
2024-08-15 10:19:19,508 [6b83e431-4bd4-4ef9-a0a5-40878ef9a0bc@group-9BD0EA84E87A-LeaderElection138] INFO  server.RaftServerConfigKeys (ConfUtils.java:logGet(46)) - raft.server.rpc.timeout.min = 5s (custom)
2024-08-15 10:19:19,508 [6b83e431-4bd4-4ef9-a0a5-40878ef9a0bc@group-9BD0EA84E87A-LeaderElection138] INFO  server.RaftServerConfigKeys (ConfUtils.java:logGet(46)) - raft.server.log.log-metadata.enabled = true (default)
2024-08-15 10:19:19,508 [6b83e431-4bd4-4ef9-a0a5-40878ef9a0bc@group-9BD0EA84E87A-LeaderElection138] INFO  server.RaftServerConfigKeys (ConfUtils.java:logGet(46)) - raft.server.write.element-limit = 1024 (custom)
2024-08-15 10:19:19,508 [6b83e431-4bd4-4ef9-a0a5-40878ef9a0bc@group-9BD0EA84E87A-LeaderElection138] INFO  server.RaftServerConfigKeys (ConfUtils.java:logGet(46)) - raft.server.write.follower.gap.ratio.max = -1.0 (default)
2024-08-15 10:19:19,508 [6b83e431-4bd4-4ef9-a0a5-40878ef9a0bc@group-9BD0EA84E87A-LeaderElection138] INFO  impl.RoleInfo (RoleInfo.java:updateAndGet(148)) - 6b83e431-4bd4-4ef9-a0a5-40878ef9a0bc: start 6b83e431-4bd4-4ef9-a0a5-40878ef9a0bc@group-9BD0EA84E87A-LeaderStateImpl
2024-08-15 10:19:19,508 [6b83e431-4bd4-4ef9-a0a5-40878ef9a0bc@group-9BD0EA84E87A-LeaderElection138] INFO  server.RaftServer$Division (RaftServerImpl.java:setFirstElection(549)) - 6b83e431-4bd4-4ef9-a0a5-40878ef9a0bc@group-9BD0EA84E87A: set firstElectionSinceStartup to false for becomeLeader
2024-08-15 10:19:19,508 [6b83e431-4bd4-4ef9-a0a5-40878ef9a0bc@group-9BD0EA84E87A-LeaderElection138] INFO  ratis.XceiverServerRatis (XceiverServerRatis.java:handleLeaderChangedNotification(951)) - Leader change notification received for group: group-9BD0EA84E87A with new leaderId: 6b83e431-4bd4-4ef9-a0a5-40878ef9a0bc
2024-08-15 10:19:19,508 [6b83e431-4bd4-4ef9-a0a5-40878ef9a0bc@group-9BD0EA84E87A-LeaderElection138] INFO  server.RaftServer$Division (ServerState.java:setLeader(272)) - 6b83e431-4bd4-4ef9-a0a5-40878ef9a0bc@group-9BD0EA84E87A: change Leader from null to 6b83e431-4bd4-4ef9-a0a5-40878ef9a0bc at term 1 for becomeLeader, leader elected after 5200ms
2024-08-15 10:19:19,508 [6b83e431-4bd4-4ef9-a0a5-40878ef9a0bc@group-9BD0EA84E87A-LeaderElection138] INFO  segmented.SegmentedRaftLogWorker (SegmentedRaftLogWorker.java:startLogSegment(433)) - 6b83e431-4bd4-4ef9-a0a5-40878ef9a0bc@group-9BD0EA84E87A-SegmentedRaftLogWorker: Starting segment from index:0
2024-08-15 10:19:19,508 [6b83e431-4bd4-4ef9-a0a5-40878ef9a0bc@group-9BD0EA84E87A-LeaderElection138] INFO  server.RaftServer$Division (ServerState.java:setRaftConf(386)) - 6b83e431-4bd4-4ef9-a0a5-40878ef9a0bc@group-9BD0EA84E87A: set configuration conf: {index: 0, cur=peers:[6b83e431-4bd4-4ef9-a0a5-40878ef9a0bc|127.0.0.1:15525]|listeners:[], old=null}
2024-08-15 10:19:19,511 [6b83e431-4bd4-4ef9-a0a5-40878ef9a0bc@group-9BD0EA84E87A-SegmentedRaftLogWorker] INFO  segmented.BufferedWriteChannel (BufferedWriteChannel.java:open(61)) - open log_inprogress_0 at position 0
2024-08-15 10:19:19,519 [6b83e431-4bd4-4ef9-a0a5-40878ef9a0bc@group-9BD0EA84E87A-SegmentedRaftLogWorker] INFO  segmented.SegmentedRaftLogWorker (SegmentedRaftLogWorker.java:execute(637)) - 6b83e431-4bd4-4ef9-a0a5-40878ef9a0bc@group-9BD0EA84E87A-SegmentedRaftLogWorker: created new log segment /home/runner/work/ozone/ozone/hadoop-ozone/integration-test/target/test-dir/MiniOzoneClusterImpl-71195f16-0443-47ad-abb9-7568f4d0400c/ozone-meta/datanode-5/ratis/e8b97c87-5f35-46e9-bdff-9bd0ea84e87a/current/log_inprogress_0
2024-08-15 10:19:19,521 [6b83e431-4bd4-4ef9-a0a5-40878ef9a0bc@group-9BD0EA84E87A-StateMachineUpdater] INFO  server.RaftServer$Division (LeaderStateImpl.java:checkStartIndex(316)) - Leader 6b83e431-4bd4-4ef9-a0a5-40878ef9a0bc@group-9BD0EA84E87A-LeaderStateImpl is ready since appliedIndex == startIndex == 0
2024-08-15 10:19:21,869 [EventQueue-CloseContainerForCloseContainerEventHandler] INFO  container.CloseContainerEventHandler (CloseContainerEventHandler.java:onMessage(88)) - Close container Event triggered for container : #1, current state: OPEN
2024-08-15 10:19:21,870 [EventQueue-CloseContainerForCloseContainerEventHandler] INFO  container.CloseContainerEventHandler (CloseContainerEventHandler.java:onMessage(88)) - Close container Event triggered for container : #1, current state: CLOSING
2024-08-15 10:19:21,870 [EventQueue-CloseContainerForCloseContainerEventHandler] INFO  container.CloseContainerEventHandler (CloseContainerEventHandler.java:onMessage(88)) - Close container Event triggered for container : #1, current state: CLOSING
2024-08-15 10:19:24,351 [0e485a45-f52d-48d7-a7aa-3788f1251f10-CloseContainerThread-0] INFO  commandhandler.CloseContainerCommandHandler (CloseContainerCommandHandler.java:lambda$handle$0(154)) - Follower cannot close container #1.
2024-08-15 10:19:24,353 [38e4ed17-21fc-4cdd-a713-95c81e4a5ee7-CloseContainerThread-0] INFO  commandhandler.CloseContainerCommandHandler (CloseContainerCommandHandler.java:lambda$handle$0(154)) - Follower cannot close container #1.
2024-08-15 10:19:24,360 [1b29c983-94d7-499d-bcc1-fd69fd0caba2-ContainerOp-48e8ec4e-dd57-4ec7-adbf-e7362bf55d8d-8] INFO  keyvalue.KeyValueContainer (KeyValueContainer.java:flushAndSyncDB(529)) - Container 1 is synced with bcsId 9.
2024-08-15 10:19:24,360 [1b29c983-94d7-499d-bcc1-fd69fd0caba2-ContainerOp-48e8ec4e-dd57-4ec7-adbf-e7362bf55d8d-8] INFO  keyvalue.KeyValueContainer (KeyValueContainer.java:flushAndSyncDB(529)) - Container 1 is synced with bcsId 9.
2024-08-15 10:19:24,361 [0e485a45-f52d-48d7-a7aa-3788f1251f10-ContainerOp-48e8ec4e-dd57-4ec7-adbf-e7362bf55d8d-8] INFO  keyvalue.KeyValueContainer (KeyValueContainer.java:flushAndSyncDB(529)) - Container 1 is synced with bcsId 9.
2024-08-15 10:19:24,361 [0e485a45-f52d-48d7-a7aa-3788f1251f10-ContainerOp-48e8ec4e-dd57-4ec7-adbf-e7362bf55d8d-8] INFO  keyvalue.KeyValueContainer (KeyValueContainer.java:flushAndSyncDB(529)) - Container 1 is synced with bcsId 9.
2024-08-15 10:19:24,362 [38e4ed17-21fc-4cdd-a713-95c81e4a5ee7-ContainerOp-48e8ec4e-dd57-4ec7-adbf-e7362bf55d8d-8] INFO  keyvalue.KeyValueContainer (KeyValueContainer.java:flushAndSyncDB(529)) - Container 1 is synced with bcsId 9.
2024-08-15 10:19:24,362 [38e4ed17-21fc-4cdd-a713-95c81e4a5ee7-ContainerOp-48e8ec4e-dd57-4ec7-adbf-e7362bf55d8d-8] INFO  keyvalue.KeyValueContainer (KeyValueContainer.java:flushAndSyncDB(529)) - Container 1 is synced with bcsId 9.
2024-08-15 10:19:24,362 [1b29c983-94d7-499d-bcc1-fd69fd0caba2-ContainerOp-48e8ec4e-dd57-4ec7-adbf-e7362bf55d8d-8] INFO  keyvalue.KeyValueContainer (KeyValueContainer.java:close(444)) - Container 1 is closed with bcsId 9.
2024-08-15 10:19:24,362 [FixedThreadPoolWithAffinityExecutor-1-0] INFO  container.IncrementalContainerReportHandler (AbstractContainerReportHandler.java:updateContainerState(312)) - Moving container #1 to CLOSED state, datanode 1b29c983-94d7-499d-bcc1-fd69fd0caba2(localhost/127.0.0.1) reported CLOSED replica with index 0.
2024-08-15 10:19:24,363 [38e4ed17-21fc-4cdd-a713-95c81e4a5ee7-ContainerOp-48e8ec4e-dd57-4ec7-adbf-e7362bf55d8d-8] INFO  keyvalue.KeyValueContainer (KeyValueContainer.java:close(444)) - Container 1 is closed with bcsId 9.
2024-08-15 10:19:24,363 [0e485a45-f52d-48d7-a7aa-3788f1251f10-ContainerOp-48e8ec4e-dd57-4ec7-adbf-e7362bf55d8d-8] INFO  keyvalue.KeyValueContainer (KeyValueContainer.java:close(444)) - Container 1 is closed with bcsId 9.
10:19:24.370 [1b29c983-94d7-499d-bcc1-fd69fd0caba2-client-thread1] ERROR DNAudit - user=null | ip=null | op=WRITE_CHUNK {blockData=conID: 1 locID: 113750153625600001 bcsId: 9 replicaIndex: 0, blockDataSize=100} | ret=FAILURE
org.apache.hadoop.hdds.scm.container.common.helpers.ContainerNotOpenException: Container 1 in CLOSED state
	at org.apache.hadoop.ozone.container.common.impl.HddsDispatcher.validateContainerCommand(HddsDispatcher.java:569) ~[hdds-container-service-1.5.0-SNAPSHOT.jar:?]
	at org.apache.hadoop.ozone.container.common.transport.server.ratis.ContainerStateMachine.startTransaction(ContainerStateMachine.java:426) ~[hdds-container-service-1.5.0-SNAPSHOT.jar:?]
	at org.apache.ratis.server.impl.RaftServerImpl.writeAsyncImpl(RaftServerImpl.java:975) ~[ratis-server-3.1.0.jar:3.1.0]
	at org.apache.ratis.server.impl.RaftServerImpl.writeAsync(RaftServerImpl.java:945) ~[ratis-server-3.1.0.jar:3.1.0]
	at org.apache.ratis.server.impl.RaftServerImpl.replyFuture(RaftServerImpl.java:937) ~[ratis-server-3.1.0.jar:3.1.0]
	at org.apache.ratis.server.impl.RaftServerImpl.submitClientRequestAsync(RaftServerImpl.java:912) ~[ratis-server-3.1.0.jar:3.1.0]
	at org.apache.ratis.server.impl.RaftServerImpl.lambda$executeSubmitClientRequestAsync$11(RaftServerImpl.java:893) ~[ratis-server-3.1.0.jar:3.1.0]
	at java.base/java.util.concurrent.CompletableFuture$AsyncSupply.run(CompletableFuture.java:1768) [?:?]
	at java.base/java.util.concurrent.ThreadPoolExecutor.runWorker(ThreadPoolExecutor.java:1136) [?:?]
	at java.base/java.util.concurrent.ThreadPoolExecutor$Worker.run(ThreadPoolExecutor.java:635) [?:?]
	at java.base/java.lang.Thread.run(Thread.java:840) [?:?]
10:19:24.371 [1b29c983-94d7-499d-bcc1-fd69fd0caba2-client-thread1] ERROR DNAudit - user=null | ip=null | op=WRITE_CHUNK {blockData=conID: 1 locID: 113750153625600001 bcsId: 9 replicaIndex: 0, blockDataSize=100} | ret=FAILURE
org.apache.hadoop.hdds.scm.container.common.helpers.ContainerNotOpenException: Container 1 in CLOSED state
	at org.apache.hadoop.ozone.container.common.impl.HddsDispatcher.validateContainerCommand(HddsDispatcher.java:569) ~[hdds-container-service-1.5.0-SNAPSHOT.jar:?]
	at org.apache.hadoop.ozone.container.common.transport.server.ratis.ContainerStateMachine.startTransaction(ContainerStateMachine.java:426) ~[hdds-container-service-1.5.0-SNAPSHOT.jar:?]
	at org.apache.ratis.server.impl.RaftServerImpl.writeAsyncImpl(RaftServerImpl.java:975) ~[ratis-server-3.1.0.jar:3.1.0]
	at org.apache.ratis.server.impl.RaftServerImpl.writeAsync(RaftServerImpl.java:945) ~[ratis-server-3.1.0.jar:3.1.0]
	at org.apache.ratis.server.impl.RaftServerImpl.replyFuture(RaftServerImpl.java:937) ~[ratis-server-3.1.0.jar:3.1.0]
	at org.apache.ratis.server.impl.RaftServerImpl.submitClientRequestAsync(RaftServerImpl.java:912) ~[ratis-server-3.1.0.jar:3.1.0]
	at org.apache.ratis.server.impl.RaftServerImpl.lambda$executeSubmitClientRequestAsync$11(RaftServerImpl.java:893) ~[ratis-server-3.1.0.jar:3.1.0]
	at java.base/java.util.concurrent.CompletableFuture$AsyncSupply.run(CompletableFuture.java:1768) [?:?]
	at java.base/java.util.concurrent.ThreadPoolExecutor.runWorker(ThreadPoolExecutor.java:1136) [?:?]
	at java.base/java.util.concurrent.ThreadPoolExecutor$Worker.run(ThreadPoolExecutor.java:635) [?:?]
	at java.base/java.lang.Thread.run(Thread.java:840) [?:?]
2024-08-15 10:19:24,373 [grpc-default-executor-2] ERROR impl.OrderedAsync (OrderedAsync.java:lambda$send$4(181)) - Failed to send request, message=cmdType: WriteChunk
traceID: ""
containerID: 1
datanodeUuid: "0e485a45-f52d-48d7-a7aa-3788f1251f10"
writeChunk {
  blockID {
    containerID: 1
    localID: 113750153625600001
    blockCommitSequenceId: 9
    replicaIndex: 0
  }
  chunkData {
    chunkName: "113750153625600001_chunk_6"
    offset: 500
    len: 100
    checksumData {
      type: NONE
      bytesPerChecksum: 16384
    }
  }
}
version: 4
, data.size=100
java.util.concurrent.CompletionException: org.apache.ratis.protocol.exceptions.StateMachineException: org.apache.hadoop.hdds.scm.container.common.helpers.ContainerNotOpenException from Server 1b29c983-94d7-499d-bcc1-fd69fd0caba2@group-E7362BF55D8D: Container 1 in CLOSED state
	at org.apache.ratis.client.impl.RaftClientImpl.handleRaftException(RaftClientImpl.java:373)
	at org.apache.ratis.client.impl.OrderedAsync.lambda$send$3(OrderedAsync.java:175)
	at java.base/java.util.concurrent.CompletableFuture$UniApply.tryFire(CompletableFuture.java:646)
	at java.base/java.util.concurrent.CompletableFuture.postComplete(CompletableFuture.java:510)
	at java.base/java.util.concurrent.CompletableFuture.complete(CompletableFuture.java:2147)
	at org.apache.ratis.client.impl.OrderedAsync$PendingOrderedRequest.setReply(OrderedAsync.java:105)
	at org.apache.ratis.client.impl.OrderedAsync$PendingOrderedRequest.setReply(OrderedAsync.java:66)
	at org.apache.ratis.util.SlidingWindow$RequestMap.setReply(SlidingWindow.java:147)
	at org.apache.ratis.util.SlidingWindow$Client.receiveReply(SlidingWindow.java:351)
	at org.apache.ratis.client.impl.OrderedAsync.lambda$sendRequestWithRetry$5(OrderedAsync.java:210)
	at java.base/java.util.concurrent.CompletableFuture$UniAccept.tryFire(CompletableFuture.java:718)
	at java.base/java.util.concurrent.CompletableFuture.postComplete(CompletableFuture.java:510)
	at java.base/java.util.concurrent.CompletableFuture.complete(CompletableFuture.java:2147)
	at org.apache.ratis.grpc.client.GrpcClientProtocolClient$AsyncStreamObservers$1.lambda$onNext$0(GrpcClientProtocolClient.java:322)
	at java.base/java.util.Optional.ifPresent(Optional.java:178)
	at org.apache.ratis.grpc.client.GrpcClientProtocolClient$AsyncStreamObservers.handleReplyFuture(GrpcClientProtocolClient.java:378)
	at org.apache.ratis.grpc.client.GrpcClientProtocolClient$AsyncStreamObservers.access$100(GrpcClientProtocolClient.java:300)
	at org.apache.ratis.grpc.client.GrpcClientProtocolClient$AsyncStreamObservers$1.onNext(GrpcClientProtocolClient.java:322)
	at org.apache.ratis.grpc.client.GrpcClientProtocolClient$AsyncStreamObservers$1.onNext(GrpcClientProtocolClient.java:305)
	at org.apache.ratis.thirdparty.io.grpc.stub.ClientCalls$StreamObserverToCallListenerAdapter.onMessage(ClientCalls.java:468)
	at org.apache.ratis.thirdparty.io.grpc.ForwardingClientCallListener.onMessage(ForwardingClientCallListener.java:33)
	at org.apache.ratis.thirdparty.io.grpc.internal.ClientCallImpl$ClientStreamListenerImpl$1MessagesAvailable.runInternal(ClientCallImpl.java:660)
	at org.apache.ratis.thirdparty.io.grpc.internal.ClientCallImpl$ClientStreamListenerImpl$1MessagesAvailable.runInContext(ClientCallImpl.java:647)
	at org.apache.ratis.thirdparty.io.grpc.internal.ContextRunnable.run(ContextRunnable.java:37)
	at org.apache.ratis.thirdparty.io.grpc.internal.SerializingExecutor.run(SerializingExecutor.java:133)
	at java.base/java.util.concurrent.ThreadPoolExecutor.runWorker(ThreadPoolExecutor.java:1136)
	at java.base/java.util.concurrent.ThreadPoolExecutor$Worker.run(ThreadPoolExecutor.java:635)
	at java.base/java.lang.Thread.run(Thread.java:840)
Caused by: org.apache.ratis.protocol.exceptions.StateMachineException: org.apache.hadoop.hdds.scm.container.common.helpers.ContainerNotOpenException from Server 1b29c983-94d7-499d-bcc1-fd69fd0caba2@group-E7362BF55D8D: Container 1 in CLOSED state
	at org.apache.hadoop.ozone.container.common.impl.HddsDispatcher.validateContainerCommand(HddsDispatcher.java:569)
	at org.apache.hadoop.ozone.container.common.transport.server.ratis.ContainerStateMachine.startTransaction(ContainerStateMachine.java:426)
	at org.apache.ratis.server.impl.RaftServerImpl.writeAsyncImpl(RaftServerImpl.java:975)
	at org.apache.ratis.server.impl.RaftServerImpl.writeAsync(RaftServerImpl.java:945)
	at org.apache.ratis.server.impl.RaftServerImpl.replyFuture(RaftServerImpl.java:937)
	at org.apache.ratis.server.impl.RaftServerImpl.submitClientRequestAsync(RaftServerImpl.java:912)
	at org.apache.ratis.server.impl.RaftServerImpl.lambda$executeSubmitClientRequestAsync$11(RaftServerImpl.java:893)
	at java.base/java.util.concurrent.CompletableFuture$AsyncSupply.run(CompletableFuture.java:1768)
	... 3 more
Caused by: org.apache.hadoop.hdds.scm.container.common.helpers.ContainerNotOpenException: Container 1 in CLOSED state
	at jdk.internal.reflect.GeneratedConstructorAccessor90.newInstance(Unknown Source)
	at java.base/jdk.internal.reflect.DelegatingConstructorAccessorImpl.newInstance(DelegatingConstructorAccessorImpl.java:45)
	at java.base/java.lang.reflect.Constructor.newInstanceWithCaller(Constructor.java:500)
	at java.base/java.lang.reflect.Constructor.newInstance(Constructor.java:481)
	at org.apache.ratis.util.ReflectionUtils.instantiateException(ReflectionUtils.java:259)
	at org.apache.ratis.client.impl.ClientProtoUtils.toStateMachineException(ClientProtoUtils.java:451)
	at org.apache.ratis.client.impl.ClientProtoUtils.toStateMachineException(ClientProtoUtils.java:437)
	at org.apache.ratis.client.impl.ClientProtoUtils.toRaftClientReply(ClientProtoUtils.java:404)
	at org.apache.ratis.grpc.client.GrpcClientProtocolClient$AsyncStreamObservers$1.onNext(GrpcClientProtocolClient.java:310)
	at org.apache.ratis.grpc.client.GrpcClientProtocolClient$AsyncStreamObservers$1.onNext(GrpcClientProtocolClient.java:305)
	at org.apache.ratis.thirdparty.io.grpc.stub.ClientCalls$StreamObserverToCallListenerAdapter.onMessage(ClientCalls.java:468)
	at org.apache.ratis.thirdparty.io.grpc.ForwardingClientCallListener.onMessage(ForwardingClientCallListener.java:33)
	at org.apache.ratis.thirdparty.io.grpc.internal.ClientCallImpl$ClientStreamListenerImpl$1MessagesAvailable.runInternal(ClientCallImpl.java:660)
	at org.apache.ratis.thirdparty.io.grpc.internal.ClientCallImpl$ClientStreamListenerImpl$1MessagesAvailable.runInContext(ClientCallImpl.java:647)
	at org.apache.ratis.thirdparty.io.grpc.internal.ContextRunnable.run(ContextRunnable.java:37)
	at org.apache.ratis.thirdparty.io.grpc.internal.SerializingExecutor.run(SerializingExecutor.java:133)
	... 3 more
2024-08-15 10:19:24,374 [grpc-default-executor-2] ERROR impl.OrderedAsync (OrderedAsync.java:lambda$send$4(181)) - Failed to send request, message=cmdType: WriteChunk
traceID: ""
containerID: 1
datanodeUuid: "0e485a45-f52d-48d7-a7aa-3788f1251f10"
writeChunk {
  blockID {
    containerID: 1
    localID: 113750153625600001
    blockCommitSequenceId: 9
    replicaIndex: 0
  }
  chunkData {
    chunkName: "113750153625600001_chunk_7"
    offset: 600
    len: 100
    checksumData {
      type: NONE
      bytesPerChecksum: 16384
    }
  }
}
version: 4
, data.size=100
java.util.concurrent.CompletionException: org.apache.ratis.protocol.exceptions.StateMachineException: org.apache.hadoop.hdds.scm.container.common.helpers.ContainerNotOpenException from Server 1b29c983-94d7-499d-bcc1-fd69fd0caba2@group-E7362BF55D8D: Container 1 in CLOSED state
	at org.apache.ratis.client.impl.RaftClientImpl.handleRaftException(RaftClientImpl.java:373)
	at org.apache.ratis.client.impl.OrderedAsync.lambda$send$3(OrderedAsync.java:175)
	at java.base/java.util.concurrent.CompletableFuture$UniApply.tryFire(CompletableFuture.java:646)
	at java.base/java.util.concurrent.CompletableFuture.postComplete(CompletableFuture.java:510)
	at java.base/java.util.concurrent.CompletableFuture.complete(CompletableFuture.java:2147)
	at org.apache.ratis.client.impl.OrderedAsync$PendingOrderedRequest.setReply(OrderedAsync.java:105)
	at org.apache.ratis.client.impl.OrderedAsync$PendingOrderedRequest.setReply(OrderedAsync.java:66)
	at org.apache.ratis.util.SlidingWindow$RequestMap.setReply(SlidingWindow.java:147)
	at org.apache.ratis.util.SlidingWindow$Client.receiveReply(SlidingWindow.java:351)
	at org.apache.ratis.client.impl.OrderedAsync.lambda$sendRequestWithRetry$5(OrderedAsync.java:210)
	at java.base/java.util.concurrent.CompletableFuture$UniAccept.tryFire(CompletableFuture.java:718)
	at java.base/java.util.concurrent.CompletableFuture.postComplete(CompletableFuture.java:510)
	at java.base/java.util.concurrent.CompletableFuture.complete(CompletableFuture.java:2147)
	at org.apache.ratis.grpc.client.GrpcClientProtocolClient$AsyncStreamObservers$1.lambda$onNext$0(GrpcClientProtocolClient.java:322)
	at java.base/java.util.Optional.ifPresent(Optional.java:178)
	at org.apache.ratis.grpc.client.GrpcClientProtocolClient$AsyncStreamObservers.handleReplyFuture(GrpcClientProtocolClient.java:378)
	at org.apache.ratis.grpc.client.GrpcClientProtocolClient$AsyncStreamObservers.access$100(GrpcClientProtocolClient.java:300)
	at org.apache.ratis.grpc.client.GrpcClientProtocolClient$AsyncStreamObservers$1.onNext(GrpcClientProtocolClient.java:322)
	at org.apache.ratis.grpc.client.GrpcClientProtocolClient$AsyncStreamObservers$1.onNext(GrpcClientProtocolClient.java:305)
	at org.apache.ratis.thirdparty.io.grpc.stub.ClientCalls$StreamObserverToCallListenerAdapter.onMessage(ClientCalls.java:468)
	at org.apache.ratis.thirdparty.io.grpc.ForwardingClientCallListener.onMessage(ForwardingClientCallListener.java:33)
	at org.apache.ratis.thirdparty.io.grpc.internal.ClientCallImpl$ClientStreamListenerImpl$1MessagesAvailable.runInternal(ClientCallImpl.java:660)
	at org.apache.ratis.thirdparty.io.grpc.internal.ClientCallImpl$ClientStreamListenerImpl$1MessagesAvailable.runInContext(ClientCallImpl.java:647)
	at org.apache.ratis.thirdparty.io.grpc.internal.ContextRunnable.run(ContextRunnable.java:37)
	at org.apache.ratis.thirdparty.io.grpc.internal.SerializingExecutor.run(SerializingExecutor.java:133)
	at java.base/java.util.concurrent.ThreadPoolExecutor.runWorker(ThreadPoolExecutor.java:1136)
	at java.base/java.util.concurrent.ThreadPoolExecutor$Worker.run(ThreadPoolExecutor.java:635)
	at java.base/java.lang.Thread.run(Thread.java:840)
Caused by: org.apache.ratis.protocol.exceptions.StateMachineException: org.apache.hadoop.hdds.scm.container.common.helpers.ContainerNotOpenException from Server 1b29c983-94d7-499d-bcc1-fd69fd0caba2@group-E7362BF55D8D: Container 1 in CLOSED state
	at org.apache.hadoop.ozone.container.common.impl.HddsDispatcher.validateContainerCommand(HddsDispatcher.java:569)
	at org.apache.hadoop.ozone.container.common.transport.server.ratis.ContainerStateMachine.startTransaction(ContainerStateMachine.java:426)
	at org.apache.ratis.server.impl.RaftServerImpl.writeAsyncImpl(RaftServerImpl.java:975)
	at org.apache.ratis.server.impl.RaftServerImpl.writeAsync(RaftServerImpl.java:945)
	at org.apache.ratis.server.impl.RaftServerImpl.replyFuture(RaftServerImpl.java:937)
	at org.apache.ratis.server.impl.RaftServerImpl.submitClientRequestAsync(RaftServerImpl.java:912)
	at org.apache.ratis.server.impl.RaftServerImpl.lambda$executeSubmitClientRequestAsync$11(RaftServerImpl.java:893)
	at java.base/java.util.concurrent.CompletableFuture$AsyncSupply.run(CompletableFuture.java:1768)
	... 3 more
Caused by: org.apache.hadoop.hdds.scm.container.common.helpers.ContainerNotOpenException: Container 1 in CLOSED state
	at jdk.internal.reflect.GeneratedConstructorAccessor90.newInstance(Unknown Source)
	at java.base/jdk.internal.reflect.DelegatingConstructorAccessorImpl.newInstance(DelegatingConstructorAccessorImpl.java:45)
	at java.base/java.lang.reflect.Constructor.newInstanceWithCaller(Constructor.java:500)
	at java.base/java.lang.reflect.Constructor.newInstance(Constructor.java:481)
	at org.apache.ratis.util.ReflectionUtils.instantiateException(ReflectionUtils.java:259)
	at org.apache.ratis.client.impl.ClientProtoUtils.toStateMachineException(ClientProtoUtils.java:451)
	at org.apache.ratis.client.impl.ClientProtoUtils.toStateMachineException(ClientProtoUtils.java:437)
	at org.apache.ratis.client.impl.ClientProtoUtils.toRaftClientReply(ClientProtoUtils.java:404)
	at org.apache.ratis.grpc.client.GrpcClientProtocolClient$AsyncStreamObservers$1.onNext(GrpcClientProtocolClient.java:310)
	at org.apache.ratis.grpc.client.GrpcClientProtocolClient$AsyncStreamObservers$1.onNext(GrpcClientProtocolClient.java:305)
	at org.apache.ratis.thirdparty.io.grpc.stub.ClientCalls$StreamObserverToCallListenerAdapter.onMessage(ClientCalls.java:468)
	at org.apache.ratis.thirdparty.io.grpc.ForwardingClientCallListener.onMessage(ForwardingClientCallListener.java:33)
	at org.apache.ratis.thirdparty.io.grpc.internal.ClientCallImpl$ClientStreamListenerImpl$1MessagesAvailable.runInternal(ClientCallImpl.java:660)
	at org.apache.ratis.thirdparty.io.grpc.internal.ClientCallImpl$ClientStreamListenerImpl$1MessagesAvailable.runInContext(ClientCallImpl.java:647)
	at org.apache.ratis.thirdparty.io.grpc.internal.ContextRunnable.run(ContextRunnable.java:37)
	at org.apache.ratis.thirdparty.io.grpc.internal.SerializingExecutor.run(SerializingExecutor.java:133)
	... 3 more
10:19:24.374 [1b29c983-94d7-499d-bcc1-fd69fd0caba2-client-thread1] ERROR DNAudit - user=null | ip=null | op=PUT_BLOCK {blockData=[blockId=conID: 1 locID: 113750153625600001 bcsId: 0 replicaIndex: null, size=700]} | ret=FAILURE
org.apache.hadoop.hdds.scm.container.common.helpers.ContainerNotOpenException: Container 1 in CLOSED state
	at org.apache.hadoop.ozone.container.common.impl.HddsDispatcher.validateContainerCommand(HddsDispatcher.java:569) ~[hdds-container-service-1.5.0-SNAPSHOT.jar:?]
	at org.apache.hadoop.ozone.container.common.transport.server.ratis.ContainerStateMachine.startTransaction(ContainerStateMachine.java:426) ~[hdds-container-service-1.5.0-SNAPSHOT.jar:?]
	at org.apache.ratis.server.impl.RaftServerImpl.writeAsyncImpl(RaftServerImpl.java:975) ~[ratis-server-3.1.0.jar:3.1.0]
	at org.apache.ratis.server.impl.RaftServerImpl.writeAsync(RaftServerImpl.java:945) ~[ratis-server-3.1.0.jar:3.1.0]
	at org.apache.ratis.server.impl.RaftServerImpl.replyFuture(RaftServerImpl.java:937) ~[ratis-server-3.1.0.jar:3.1.0]
	at org.apache.ratis.server.impl.RaftServerImpl.submitClientRequestAsync(RaftServerImpl.java:912) ~[ratis-server-3.1.0.jar:3.1.0]
	at org.apache.ratis.server.impl.RaftServerImpl.lambda$executeSubmitClientRequestAsync$11(RaftServerImpl.java:893) ~[ratis-server-3.1.0.jar:3.1.0]
	at java.base/java.util.concurrent.CompletableFuture$AsyncSupply.run(CompletableFuture.java:1768) [?:?]
	at java.base/java.util.concurrent.ThreadPoolExecutor.runWorker(ThreadPoolExecutor.java:1136) [?:?]
	at java.base/java.util.concurrent.ThreadPoolExecutor$Worker.run(ThreadPoolExecutor.java:635) [?:?]
	at java.base/java.lang.Thread.run(Thread.java:840) [?:?]
10:19:24.375 [1b29c983-94d7-499d-bcc1-fd69fd0caba2-client-thread1] ERROR DNAudit - user=null | ip=null | op=WRITE_CHUNK {blockData=conID: 1 locID: 113750153625600001 bcsId: 9 replicaIndex: 0, blockDataSize=100} | ret=FAILURE
org.apache.hadoop.hdds.scm.container.common.helpers.ContainerNotOpenException: Container 1 in CLOSED state
	at org.apache.hadoop.ozone.container.common.impl.HddsDispatcher.validateContainerCommand(HddsDispatcher.java:569) ~[hdds-container-service-1.5.0-SNAPSHOT.jar:?]
	at org.apache.hadoop.ozone.container.common.transport.server.ratis.ContainerStateMachine.startTransaction(ContainerStateMachine.java:426) ~[hdds-container-service-1.5.0-SNAPSHOT.jar:?]
	at org.apache.ratis.server.impl.RaftServerImpl.writeAsyncImpl(RaftServerImpl.java:975) ~[ratis-server-3.1.0.jar:3.1.0]
	at org.apache.ratis.server.impl.RaftServerImpl.writeAsync(RaftServerImpl.java:945) ~[ratis-server-3.1.0.jar:3.1.0]
	at org.apache.ratis.server.impl.RaftServerImpl.replyFuture(RaftServerImpl.java:937) ~[ratis-server-3.1.0.jar:3.1.0]
	at org.apache.ratis.server.impl.RaftServerImpl.submitClientRequestAsync(RaftServerImpl.java:912) ~[ratis-server-3.1.0.jar:3.1.0]
	at org.apache.ratis.server.impl.RaftServerImpl.lambda$executeSubmitClientRequestAsync$11(RaftServerImpl.java:893) ~[ratis-server-3.1.0.jar:3.1.0]
	at java.base/java.util.concurrent.CompletableFuture$AsyncSupply.run(CompletableFuture.java:1768) [?:?]
	at java.base/java.util.concurrent.ThreadPoolExecutor.runWorker(ThreadPoolExecutor.java:1136) [?:?]
	at java.base/java.util.concurrent.ThreadPoolExecutor$Worker.run(ThreadPoolExecutor.java:635) [?:?]
	at java.base/java.lang.Thread.run(Thread.java:840) [?:?]
2024-08-15 10:19:24,375 [grpc-default-executor-2] ERROR impl.OrderedAsync (OrderedAsync.java:lambda$send$4(181)) - Failed to send request, message=cmdType: PutBlock
traceID: ""
containerID: 1
datanodeUuid: "0e485a45-f52d-48d7-a7aa-3788f1251f10"
putBlock {
  blockData {
    blockID {
      containerID: 1
      localID: 113750153625600001
      blockCommitSequenceId: 0
    }
    metadata {
      key: "TYPE"
      value: "KEY"
    }
    chunks {
      chunkName: "113750153625600001_chunk_1"
      offset: 0
      len: 100
      checksumData {
        type: NONE
        bytesPerChecksum: 16384
      }
    }
    chunks {
      chunkName: "113750153625600001_chunk_2"
      offset: 100
      len: 100
      checksumData {
        type: NONE
        bytesPerChecksum: 16384
      }
    }
    chunks {
      chunkName: "113750153625600001_chunk_3"
      offset: 200
      len: 100
      checksumData {
        type: NONE
        bytesPerChecksum: 16384
      }
    }
    chunks {
      chunkName: "113750153625600001_chunk_4"
      offset: 300
      len: 100
      checksumData {
        type: NONE
        bytesPerChecksum: 16384
      }
    }
    chunks {
      chunkName: "113750153625600001_chunk_5"
      offset: 400
      len: 100
      checksumData {
        type: NONE
        bytesPerChecksum: 16384
      }
    }
    chunks {
      chunkName: "113750153625600001_chunk_6"
      offset: 500
      len: 100
      checksumData {
        type: NONE
        bytesPerChecksum: 16384
      }
    }
    chunks {
      chunkName: "113750153625600001_chunk_7"
      offset: 600
      len: 100
      checksumData {
        type: NONE
        bytesPerChecksum: 16384
      }
    }
  }
  eof: false
}
version: 4
, data.size=0
java.util.concurrent.CompletionException: org.apache.ratis.protocol.exceptions.StateMachineException: org.apache.hadoop.hdds.scm.container.common.helpers.ContainerNotOpenException from Server 1b29c983-94d7-499d-bcc1-fd69fd0caba2@group-E7362BF55D8D: Container 1 in CLOSED state
	at org.apache.ratis.client.impl.RaftClientImpl.handleRaftException(RaftClientImpl.java:373)
	at org.apache.ratis.client.impl.OrderedAsync.lambda$send$3(OrderedAsync.java:175)
	at java.base/java.util.concurrent.CompletableFuture$UniApply.tryFire(CompletableFuture.java:646)
	at java.base/java.util.concurrent.CompletableFuture.postComplete(CompletableFuture.java:510)
	at java.base/java.util.concurrent.CompletableFuture.complete(CompletableFuture.java:2147)
	at org.apache.ratis.client.impl.OrderedAsync$PendingOrderedRequest.setReply(OrderedAsync.java:105)
	at org.apache.ratis.client.impl.OrderedAsync$PendingOrderedRequest.setReply(OrderedAsync.java:66)
	at org.apache.ratis.util.SlidingWindow$RequestMap.setReply(SlidingWindow.java:147)
	at org.apache.ratis.util.SlidingWindow$Client.receiveReply(SlidingWindow.java:351)
	at org.apache.ratis.client.impl.OrderedAsync.lambda$sendRequestWithRetry$5(OrderedAsync.java:210)
	at java.base/java.util.concurrent.CompletableFuture$UniAccept.tryFire(CompletableFuture.java:718)
	at java.base/java.util.concurrent.CompletableFuture.postComplete(CompletableFuture.java:510)
	at java.base/java.util.concurrent.CompletableFuture.complete(CompletableFuture.java:2147)
	at org.apache.ratis.grpc.client.GrpcClientProtocolClient$AsyncStreamObservers$1.lambda$onNext$0(GrpcClientProtocolClient.java:322)
	at java.base/java.util.Optional.ifPresent(Optional.java:178)
	at org.apache.ratis.grpc.client.GrpcClientProtocolClient$AsyncStreamObservers.handleReplyFuture(GrpcClientProtocolClient.java:378)
	at org.apache.ratis.grpc.client.GrpcClientProtocolClient$AsyncStreamObservers.access$100(GrpcClientProtocolClient.java:300)
	at org.apache.ratis.grpc.client.GrpcClientProtocolClient$AsyncStreamObservers$1.onNext(GrpcClientProtocolClient.java:322)
	at org.apache.ratis.grpc.client.GrpcClientProtocolClient$AsyncStreamObservers$1.onNext(GrpcClientProtocolClient.java:305)
	at org.apache.ratis.thirdparty.io.grpc.stub.ClientCalls$StreamObserverToCallListenerAdapter.onMessage(ClientCalls.java:468)
	at org.apache.ratis.thirdparty.io.grpc.ForwardingClientCallListener.onMessage(ForwardingClientCallListener.java:33)
	at org.apache.ratis.thirdparty.io.grpc.internal.ClientCallImpl$ClientStreamListenerImpl$1MessagesAvailable.runInternal(ClientCallImpl.java:660)
	at org.apache.ratis.thirdparty.io.grpc.internal.ClientCallImpl$ClientStreamListenerImpl$1MessagesAvailable.runInContext(ClientCallImpl.java:647)
	at org.apache.ratis.thirdparty.io.grpc.internal.ContextRunnable.run(ContextRunnable.java:37)
	at org.apache.ratis.thirdparty.io.grpc.internal.SerializingExecutor.run(SerializingExecutor.java:133)
	at java.base/java.util.concurrent.ThreadPoolExecutor.runWorker(ThreadPoolExecutor.java:1136)
	at java.base/java.util.concurrent.ThreadPoolExecutor$Worker.run(ThreadPoolExecutor.java:635)
	at java.base/java.lang.Thread.run(Thread.java:840)
Caused by: org.apache.ratis.protocol.exceptions.StateMachineException: org.apache.hadoop.hdds.scm.container.common.helpers.ContainerNotOpenException from Server 1b29c983-94d7-499d-bcc1-fd69fd0caba2@group-E7362BF55D8D: Container 1 in CLOSED state
	at org.apache.hadoop.ozone.container.common.impl.HddsDispatcher.validateContainerCommand(HddsDispatcher.java:569)
	at org.apache.hadoop.ozone.container.common.transport.server.ratis.ContainerStateMachine.startTransaction(ContainerStateMachine.java:426)
	at org.apache.ratis.server.impl.RaftServerImpl.writeAsyncImpl(RaftServerImpl.java:975)
	at org.apache.ratis.server.impl.RaftServerImpl.writeAsync(RaftServerImpl.java:945)
	at org.apache.ratis.server.impl.RaftServerImpl.replyFuture(RaftServerImpl.java:937)
	at org.apache.ratis.server.impl.RaftServerImpl.submitClientRequestAsync(RaftServerImpl.java:912)
	at org.apache.ratis.server.impl.RaftServerImpl.lambda$executeSubmitClientRequestAsync$11(RaftServerImpl.java:893)
	at java.base/java.util.concurrent.CompletableFuture$AsyncSupply.run(CompletableFuture.java:1768)
	... 3 more
Caused by: org.apache.hadoop.hdds.scm.container.common.helpers.ContainerNotOpenException: Container 1 in CLOSED state
	at jdk.internal.reflect.GeneratedConstructorAccessor90.newInstance(Unknown Source)
	at java.base/jdk.internal.reflect.DelegatingConstructorAccessorImpl.newInstance(DelegatingConstructorAccessorImpl.java:45)
	at java.base/java.lang.reflect.Constructor.newInstanceWithCaller(Constructor.java:500)
	at java.base/java.lang.reflect.Constructor.newInstance(Constructor.java:481)
	at org.apache.ratis.util.ReflectionUtils.instantiateException(ReflectionUtils.java:259)
	at org.apache.ratis.client.impl.ClientProtoUtils.toStateMachineException(ClientProtoUtils.java:451)
	at org.apache.ratis.client.impl.ClientProtoUtils.toStateMachineException(ClientProtoUtils.java:437)
	at org.apache.ratis.client.impl.ClientProtoUtils.toRaftClientReply(ClientProtoUtils.java:404)
	at org.apache.ratis.grpc.client.GrpcClientProtocolClient$AsyncStreamObservers$1.onNext(GrpcClientProtocolClient.java:310)
	at org.apache.ratis.grpc.client.GrpcClientProtocolClient$AsyncStreamObservers$1.onNext(GrpcClientProtocolClient.java:305)
	at org.apache.ratis.thirdparty.io.grpc.stub.ClientCalls$StreamObserverToCallListenerAdapter.onMessage(ClientCalls.java:468)
	at org.apache.ratis.thirdparty.io.grpc.ForwardingClientCallListener.onMessage(ForwardingClientCallListener.java:33)
	at org.apache.ratis.thirdparty.io.grpc.internal.ClientCallImpl$ClientStreamListenerImpl$1MessagesAvailable.runInternal(ClientCallImpl.java:660)
	at org.apache.ratis.thirdparty.io.grpc.internal.ClientCallImpl$ClientStreamListenerImpl$1MessagesAvailable.runInContext(ClientCallImpl.java:647)
	at org.apache.ratis.thirdparty.io.grpc.internal.ContextRunnable.run(ContextRunnable.java:37)
	at org.apache.ratis.thirdparty.io.grpc.internal.SerializingExecutor.run(SerializingExecutor.java:133)
	... 3 more
10:19:24.376 [1b29c983-94d7-499d-bcc1-fd69fd0caba2-client-thread1] ERROR DNAudit - user=null | ip=null | op=PUT_BLOCK {blockData=[blockId=conID: 1 locID: 113750153625600001 bcsId: 0 replicaIndex: null, size=800]} | ret=FAILURE
org.apache.hadoop.hdds.scm.container.common.helpers.ContainerNotOpenException: Container 1 in CLOSED state
	at org.apache.hadoop.ozone.container.common.impl.HddsDispatcher.validateContainerCommand(HddsDispatcher.java:569) ~[hdds-container-service-1.5.0-SNAPSHOT.jar:?]
	at org.apache.hadoop.ozone.container.common.transport.server.ratis.ContainerStateMachine.startTransaction(ContainerStateMachine.java:426) ~[hdds-container-service-1.5.0-SNAPSHOT.jar:?]
	at org.apache.ratis.server.impl.RaftServerImpl.writeAsyncImpl(RaftServerImpl.java:975) ~[ratis-server-3.1.0.jar:3.1.0]
	at org.apache.ratis.server.impl.RaftServerImpl.writeAsync(RaftServerImpl.java:945) ~[ratis-server-3.1.0.jar:3.1.0]
	at org.apache.ratis.server.impl.RaftServerImpl.replyFuture(RaftServerImpl.java:937) ~[ratis-server-3.1.0.jar:3.1.0]
	at org.apache.ratis.server.impl.RaftServerImpl.submitClientRequestAsync(RaftServerImpl.java:912) ~[ratis-server-3.1.0.jar:3.1.0]
	at org.apache.ratis.server.impl.RaftServerImpl.lambda$executeSubmitClientRequestAsync$11(RaftServerImpl.java:893) ~[ratis-server-3.1.0.jar:3.1.0]
	at java.base/java.util.concurrent.CompletableFuture$AsyncSupply.run(CompletableFuture.java:1768) [?:?]
	at java.base/java.util.concurrent.ThreadPoolExecutor.runWorker(ThreadPoolExecutor.java:1136) [?:?]
	at java.base/java.util.concurrent.ThreadPoolExecutor$Worker.run(ThreadPoolExecutor.java:635) [?:?]
	at java.base/java.lang.Thread.run(Thread.java:840) [?:?]
2024-08-15 10:19:24,377 [grpc-default-executor-0] ERROR impl.OrderedAsync (OrderedAsync.java:lambda$send$4(181)) - Failed to send request, message=cmdType: WriteChunk
traceID: ""
containerID: 1
datanodeUuid: "0e485a45-f52d-48d7-a7aa-3788f1251f10"
writeChunk {
  blockID {
    containerID: 1
    localID: 113750153625600001
    blockCommitSequenceId: 9
    replicaIndex: 0
  }
  chunkData {
    chunkName: "113750153625600001_chunk_8"
    offset: 700
    len: 100
    checksumData {
      type: NONE
      bytesPerChecksum: 16384
    }
  }
}
version: 4
, data.size=100
java.util.concurrent.CompletionException: org.apache.ratis.protocol.exceptions.StateMachineException: org.apache.hadoop.hdds.scm.container.common.helpers.ContainerNotOpenException from Server 1b29c983-94d7-499d-bcc1-fd69fd0caba2@group-E7362BF55D8D: Container 1 in CLOSED state
	at org.apache.ratis.client.impl.RaftClientImpl.handleRaftException(RaftClientImpl.java:373)
	at org.apache.ratis.client.impl.OrderedAsync.lambda$send$3(OrderedAsync.java:175)
	at java.base/java.util.concurrent.CompletableFuture$UniApply.tryFire(CompletableFuture.java:646)
	at java.base/java.util.concurrent.CompletableFuture.postComplete(CompletableFuture.java:510)
	at java.base/java.util.concurrent.CompletableFuture.complete(CompletableFuture.java:2147)
	at org.apache.ratis.client.impl.OrderedAsync$PendingOrderedRequest.setReply(OrderedAsync.java:105)
	at org.apache.ratis.client.impl.OrderedAsync$PendingOrderedRequest.setReply(OrderedAsync.java:66)
	at org.apache.ratis.util.SlidingWindow$RequestMap.setReply(SlidingWindow.java:147)
	at org.apache.ratis.util.SlidingWindow$Client.receiveReply(SlidingWindow.java:351)
	at org.apache.ratis.client.impl.OrderedAsync.lambda$sendRequestWithRetry$5(OrderedAsync.java:210)
	at java.base/java.util.concurrent.CompletableFuture$UniAccept.tryFire(CompletableFuture.java:718)
	at java.base/java.util.concurrent.CompletableFuture.postComplete(CompletableFuture.java:510)
	at java.base/java.util.concurrent.CompletableFuture.complete(CompletableFuture.java:2147)
	at org.apache.ratis.grpc.client.GrpcClientProtocolClient$AsyncStreamObservers$1.lambda$onNext$0(GrpcClientProtocolClient.java:322)
	at java.base/java.util.Optional.ifPresent(Optional.java:178)
	at org.apache.ratis.grpc.client.GrpcClientProtocolClient$AsyncStreamObservers.handleReplyFuture(GrpcClientProtocolClient.java:378)
	at org.apache.ratis.grpc.client.GrpcClientProtocolClient$AsyncStreamObservers.access$100(GrpcClientProtocolClient.java:300)
	at org.apache.ratis.grpc.client.GrpcClientProtocolClient$AsyncStreamObservers$1.onNext(GrpcClientProtocolClient.java:322)
	at org.apache.ratis.grpc.client.GrpcClientProtocolClient$AsyncStreamObservers$1.onNext(GrpcClientProtocolClient.java:305)
	at org.apache.ratis.thirdparty.io.grpc.stub.ClientCalls$StreamObserverToCallListenerAdapter.onMessage(ClientCalls.java:468)
	at org.apache.ratis.thirdparty.io.grpc.ForwardingClientCallListener.onMessage(ForwardingClientCallListener.java:33)
	at org.apache.ratis.thirdparty.io.grpc.internal.ClientCallImpl$ClientStreamListenerImpl$1MessagesAvailable.runInternal(ClientCallImpl.java:660)
	at org.apache.ratis.thirdparty.io.grpc.internal.ClientCallImpl$ClientStreamListenerImpl$1MessagesAvailable.runInContext(ClientCallImpl.java:647)
	at org.apache.ratis.thirdparty.io.grpc.internal.ContextRunnable.run(ContextRunnable.java:37)
	at org.apache.ratis.thirdparty.io.grpc.internal.SerializingExecutor.run(SerializingExecutor.java:133)
	at java.base/java.util.concurrent.ThreadPoolExecutor.runWorker(ThreadPoolExecutor.java:1136)
	at java.base/java.util.concurrent.ThreadPoolExecutor$Worker.run(ThreadPoolExecutor.java:635)
	at java.base/java.lang.Thread.run(Thread.java:840)
Caused by: org.apache.ratis.protocol.exceptions.StateMachineException: org.apache.hadoop.hdds.scm.container.common.helpers.ContainerNotOpenException from Server 1b29c983-94d7-499d-bcc1-fd69fd0caba2@group-E7362BF55D8D: Container 1 in CLOSED state
	at org.apache.hadoop.ozone.container.common.impl.HddsDispatcher.validateContainerCommand(HddsDispatcher.java:569)
	at org.apache.hadoop.ozone.container.common.transport.server.ratis.ContainerStateMachine.startTransaction(ContainerStateMachine.java:426)
	at org.apache.ratis.server.impl.RaftServerImpl.writeAsyncImpl(RaftServerImpl.java:975)
	at org.apache.ratis.server.impl.RaftServerImpl.writeAsync(RaftServerImpl.java:945)
	at org.apache.ratis.server.impl.RaftServerImpl.replyFuture(RaftServerImpl.java:937)
	at org.apache.ratis.server.impl.RaftServerImpl.submitClientRequestAsync(RaftServerImpl.java:912)
	at org.apache.ratis.server.impl.RaftServerImpl.lambda$executeSubmitClientRequestAsync$11(RaftServerImpl.java:893)
	at java.base/java.util.concurrent.CompletableFuture$AsyncSupply.run(CompletableFuture.java:1768)
	... 3 more
Caused by: org.apache.hadoop.hdds.scm.container.common.helpers.ContainerNotOpenException: Container 1 in CLOSED state
	at jdk.internal.reflect.GeneratedConstructorAccessor90.newInstance(Unknown Source)
	at java.base/jdk.internal.reflect.DelegatingConstructorAccessorImpl.newInstance(DelegatingConstructorAccessorImpl.java:45)
	at java.base/java.lang.reflect.Constructor.newInstanceWithCaller(Constructor.java:500)
	at java.base/java.lang.reflect.Constructor.newInstance(Constructor.java:481)
	at org.apache.ratis.util.ReflectionUtils.instantiateException(ReflectionUtils.java:259)
	at org.apache.ratis.client.impl.ClientProtoUtils.toStateMachineException(ClientProtoUtils.java:451)
	at org.apache.ratis.client.impl.ClientProtoUtils.toStateMachineException(ClientProtoUtils.java:437)
	at org.apache.ratis.client.impl.ClientProtoUtils.toRaftClientReply(ClientProtoUtils.java:404)
	at org.apache.ratis.grpc.client.GrpcClientProtocolClient$AsyncStreamObservers$1.onNext(GrpcClientProtocolClient.java:310)
	at org.apache.ratis.grpc.client.GrpcClientProtocolClient$AsyncStreamObservers$1.onNext(GrpcClientProtocolClient.java:305)
	at org.apache.ratis.thirdparty.io.grpc.stub.ClientCalls$StreamObserverToCallListenerAdapter.onMessage(ClientCalls.java:468)
	at org.apache.ratis.thirdparty.io.grpc.ForwardingClientCallListener.onMessage(ForwardingClientCallListener.java:33)
	at org.apache.ratis.thirdparty.io.grpc.internal.ClientCallImpl$ClientStreamListenerImpl$1MessagesAvailable.runInternal(ClientCallImpl.java:660)
	at org.apache.ratis.thirdparty.io.grpc.internal.ClientCallImpl$ClientStreamListenerImpl$1MessagesAvailable.runInContext(ClientCallImpl.java:647)
	at org.apache.ratis.thirdparty.io.grpc.internal.ContextRunnable.run(ContextRunnable.java:37)
	at org.apache.ratis.thirdparty.io.grpc.internal.SerializingExecutor.run(SerializingExecutor.java:133)
	... 3 more
2024-08-15 10:19:24,378 [grpc-default-executor-0] ERROR impl.OrderedAsync (OrderedAsync.java:lambda$send$4(181)) - Failed to send request, message=cmdType: PutBlock
traceID: ""
containerID: 1
datanodeUuid: "0e485a45-f52d-48d7-a7aa-3788f1251f10"
putBlock {
  blockData {
    blockID {
      containerID: 1
      localID: 113750153625600001
      blockCommitSequenceId: 0
    }
    metadata {
      key: "TYPE"
      value: "KEY"
    }
    chunks {
      chunkName: "113750153625600001_chunk_1"
      offset: 0
      len: 100
      checksumData {
        type: NONE
        bytesPerChecksum: 16384
      }
    }
    chunks {
      chunkName: "113750153625600001_chunk_2"
      offset: 100
      len: 100
      checksumData {
        type: NONE
        bytesPerChecksum: 16384
      }
    }
    chunks {
      chunkName: "113750153625600001_chunk_3"
      offset: 200
      len: 100
      checksumData {
        type: NONE
        bytesPerChecksum: 16384
      }
    }
    chunks {
      chunkName: "113750153625600001_chunk_4"
      offset: 300
      len: 100
      checksumData {
        type: NONE
        bytesPerChecksum: 16384
      }
    }
    chunks {
      chunkName: "113750153625600001_chunk_5"
      offset: 400
      len: 100
      checksumData {
        type: NONE
        bytesPerChecksum: 16384
      }
    }
    chunks {
      chunkName: "113750153625600001_chunk_6"
      offset: 500
      len: 100
      checksumData {
        type: NONE
        bytesPerChecksum: 16384
      }
    }
    chunks {
      chunkName: "113750153625600001_chunk_7"
      offset: 600
      len: 100
      checksumData {
        type: NONE
        bytesPerChecksum: 16384
      }
    }
    chunks {
      chunkName: "113750153625600001_chunk_8"
      offset: 700
      len: 100
      checksumData {
        type: NONE
        bytesPerChecksum: 16384
      }
    }
  }
  eof: true
}
version: 4
, data.size=0
java.util.concurrent.CompletionException: org.apache.ratis.protocol.exceptions.StateMachineException: org.apache.hadoop.hdds.scm.container.common.helpers.ContainerNotOpenException from Server 1b29c983-94d7-499d-bcc1-fd69fd0caba2@group-E7362BF55D8D: Container 1 in CLOSED state
	at org.apache.ratis.client.impl.RaftClientImpl.handleRaftException(RaftClientImpl.java:373)
	at org.apache.ratis.client.impl.OrderedAsync.lambda$send$3(OrderedAsync.java:175)
	at java.base/java.util.concurrent.CompletableFuture$UniApply.tryFire(CompletableFuture.java:646)
	at java.base/java.util.concurrent.CompletableFuture.postComplete(CompletableFuture.java:510)
	at java.base/java.util.concurrent.CompletableFuture.complete(CompletableFuture.java:2147)
	at org.apache.ratis.client.impl.OrderedAsync$PendingOrderedRequest.setReply(OrderedAsync.java:105)
	at org.apache.ratis.client.impl.OrderedAsync$PendingOrderedRequest.setReply(OrderedAsync.java:66)
	at org.apache.ratis.util.SlidingWindow$RequestMap.setReply(SlidingWindow.java:147)
	at org.apache.ratis.util.SlidingWindow$Client.receiveReply(SlidingWindow.java:351)
	at org.apache.ratis.client.impl.OrderedAsync.lambda$sendRequestWithRetry$5(OrderedAsync.java:210)
	at java.base/java.util.concurrent.CompletableFuture$UniAccept.tryFire(CompletableFuture.java:718)
	at java.base/java.util.concurrent.CompletableFuture.postComplete(CompletableFuture.java:510)
	at java.base/java.util.concurrent.CompletableFuture.complete(CompletableFuture.java:2147)
	at org.apache.ratis.grpc.client.GrpcClientProtocolClient$AsyncStreamObservers$1.lambda$onNext$0(GrpcClientProtocolClient.java:322)
	at java.base/java.util.Optional.ifPresent(Optional.java:178)
	at org.apache.ratis.grpc.client.GrpcClientProtocolClient$AsyncStreamObservers.handleReplyFuture(GrpcClientProtocolClient.java:378)
	at org.apache.ratis.grpc.client.GrpcClientProtocolClient$AsyncStreamObservers.access$100(GrpcClientProtocolClient.java:300)
	at org.apache.ratis.grpc.client.GrpcClientProtocolClient$AsyncStreamObservers$1.onNext(GrpcClientProtocolClient.java:322)
	at org.apache.ratis.grpc.client.GrpcClientProtocolClient$AsyncStreamObservers$1.onNext(GrpcClientProtocolClient.java:305)
	at org.apache.ratis.thirdparty.io.grpc.stub.ClientCalls$StreamObserverToCallListenerAdapter.onMessage(ClientCalls.java:468)
	at org.apache.ratis.thirdparty.io.grpc.ForwardingClientCallListener.onMessage(ForwardingClientCallListener.java:33)
	at org.apache.ratis.thirdparty.io.grpc.internal.ClientCallImpl$ClientStreamListenerImpl$1MessagesAvailable.runInternal(ClientCallImpl.java:660)
	at org.apache.ratis.thirdparty.io.grpc.internal.ClientCallImpl$ClientStreamListenerImpl$1MessagesAvailable.runInContext(ClientCallImpl.java:647)
	at org.apache.ratis.thirdparty.io.grpc.internal.ContextRunnable.run(ContextRunnable.java:37)
	at org.apache.ratis.thirdparty.io.grpc.internal.SerializingExecutor.run(SerializingExecutor.java:133)
	at java.base/java.util.concurrent.ThreadPoolExecutor.runWorker(ThreadPoolExecutor.java:1136)
	at java.base/java.util.concurrent.ThreadPoolExecutor$Worker.run(ThreadPoolExecutor.java:635)
	at java.base/java.lang.Thread.run(Thread.java:840)
Caused by: org.apache.ratis.protocol.exceptions.StateMachineException: org.apache.hadoop.hdds.scm.container.common.helpers.ContainerNotOpenException from Server 1b29c983-94d7-499d-bcc1-fd69fd0caba2@group-E7362BF55D8D: Container 1 in CLOSED state
	at org.apache.hadoop.ozone.container.common.impl.HddsDispatcher.validateContainerCommand(HddsDispatcher.java:569)
	at org.apache.hadoop.ozone.container.common.transport.server.ratis.ContainerStateMachine.startTransaction(ContainerStateMachine.java:426)
	at org.apache.ratis.server.impl.RaftServerImpl.writeAsyncImpl(RaftServerImpl.java:975)
	at org.apache.ratis.server.impl.RaftServerImpl.writeAsync(RaftServerImpl.java:945)
	at org.apache.ratis.server.impl.RaftServerImpl.replyFuture(RaftServerImpl.java:937)
	at org.apache.ratis.server.impl.RaftServerImpl.submitClientRequestAsync(RaftServerImpl.java:912)
	at org.apache.ratis.server.impl.RaftServerImpl.lambda$executeSubmitClientRequestAsync$11(RaftServerImpl.java:893)
	at java.base/java.util.concurrent.CompletableFuture$AsyncSupply.run(CompletableFuture.java:1768)
	... 3 more
Caused by: org.apache.hadoop.hdds.scm.container.common.helpers.ContainerNotOpenException: Container 1 in CLOSED state
	at jdk.internal.reflect.GeneratedConstructorAccessor90.newInstance(Unknown Source)
	at java.base/jdk.internal.reflect.DelegatingConstructorAccessorImpl.newInstance(DelegatingConstructorAccessorImpl.java:45)
	at java.base/java.lang.reflect.Constructor.newInstanceWithCaller(Constructor.java:500)
	at java.base/java.lang.reflect.Constructor.newInstance(Constructor.java:481)
	at org.apache.ratis.util.ReflectionUtils.instantiateException(ReflectionUtils.java:259)
	at org.apache.ratis.client.impl.ClientProtoUtils.toStateMachineException(ClientProtoUtils.java:451)
	at org.apache.ratis.client.impl.ClientProtoUtils.toStateMachineException(ClientProtoUtils.java:437)
	at org.apache.ratis.client.impl.ClientProtoUtils.toRaftClientReply(ClientProtoUtils.java:404)
	at org.apache.ratis.grpc.client.GrpcClientProtocolClient$AsyncStreamObservers$1.onNext(GrpcClientProtocolClient.java:310)
	at org.apache.ratis.grpc.client.GrpcClientProtocolClient$AsyncStreamObservers$1.onNext(GrpcClientProtocolClient.java:305)
	at org.apache.ratis.thirdparty.io.grpc.stub.ClientCalls$StreamObserverToCallListenerAdapter.onMessage(ClientCalls.java:468)
	at org.apache.ratis.thirdparty.io.grpc.ForwardingClientCallListener.onMessage(ForwardingClientCallListener.java:33)
	at org.apache.ratis.thirdparty.io.grpc.internal.ClientCallImpl$ClientStreamListenerImpl$1MessagesAvailable.runInternal(ClientCallImpl.java:660)
	at org.apache.ratis.thirdparty.io.grpc.internal.ClientCallImpl$ClientStreamListenerImpl$1MessagesAvailable.runInContext(ClientCallImpl.java:647)
	at org.apache.ratis.thirdparty.io.grpc.internal.ContextRunnable.run(ContextRunnable.java:37)
	at org.apache.ratis.thirdparty.io.grpc.internal.SerializingExecutor.run(SerializingExecutor.java:133)
	... 3 more
2024-08-15 10:19:24,384 [main] INFO  scm.XceiverClientRatis (XceiverClientRatis.java:<init>(140)) - WatchType ALL_COMMITTED. Majority 2, 
2024-08-15 10:19:24,486 [main] INFO  scm.XceiverClientRatis (XceiverClientRatis.java:<init>(140)) - WatchType ALL_COMMITTED. Majority 1, 
2024-08-15 10:19:24,523 [EventQueue-CloseContainerForCloseContainerEventHandler] INFO  container.CloseContainerEventHandler (CloseContainerEventHandler.java:onMessage(88)) - Close container Event triggered for container : #3, current state: OPEN
2024-08-15 10:19:27,499 [38e4ed17-21fc-4cdd-a713-95c81e4a5ee7-ContainerOp-be1502f4-a004-4f7f-86e6-a82f5976fbff-8] INFO  keyvalue.KeyValueContainer (KeyValueContainer.java:flushAndSyncDB(529)) - Container 3 is synced with bcsId 14.
2024-08-15 10:19:27,499 [38e4ed17-21fc-4cdd-a713-95c81e4a5ee7-ContainerOp-be1502f4-a004-4f7f-86e6-a82f5976fbff-8] INFO  keyvalue.KeyValueContainer (KeyValueContainer.java:flushAndSyncDB(529)) - Container 3 is synced with bcsId 14.
2024-08-15 10:19:27,501 [38e4ed17-21fc-4cdd-a713-95c81e4a5ee7-ContainerOp-be1502f4-a004-4f7f-86e6-a82f5976fbff-8] INFO  keyvalue.KeyValueContainer (KeyValueContainer.java:close(444)) - Container 3 is closed with bcsId 14.
2024-08-15 10:19:27,502 [FixedThreadPoolWithAffinityExecutor-1-0] INFO  container.IncrementalContainerReportHandler (AbstractContainerReportHandler.java:updateContainerState(312)) - Moving container #3 to CLOSED state, datanode 38e4ed17-21fc-4cdd-a713-95c81e4a5ee7(localhost/127.0.0.1) reported CLOSED replica with index 0.
10:19:27.525 [38e4ed17-21fc-4cdd-a713-95c81e4a5ee7-client-thread2] ERROR DNAudit - user=null | ip=null | op=WRITE_CHUNK {blockData=conID: 3 locID: 113750153625600003 bcsId: 14 replicaIndex: 0, blockDataSize=100} | ret=FAILURE
org.apache.hadoop.hdds.scm.container.common.helpers.ContainerNotOpenException: Container 3 in CLOSED state
	at org.apache.hadoop.ozone.container.common.impl.HddsDispatcher.validateContainerCommand(HddsDispatcher.java:569) ~[hdds-container-service-1.5.0-SNAPSHOT.jar:?]
	at org.apache.hadoop.ozone.container.common.transport.server.ratis.ContainerStateMachine.startTransaction(ContainerStateMachine.java:426) ~[hdds-container-service-1.5.0-SNAPSHOT.jar:?]
	at org.apache.ratis.server.impl.RaftServerImpl.writeAsyncImpl(RaftServerImpl.java:975) ~[ratis-server-3.1.0.jar:3.1.0]
	at org.apache.ratis.server.impl.RaftServerImpl.writeAsync(RaftServerImpl.java:945) ~[ratis-server-3.1.0.jar:3.1.0]
	at org.apache.ratis.server.impl.RaftServerImpl.replyFuture(RaftServerImpl.java:937) ~[ratis-server-3.1.0.jar:3.1.0]
	at org.apache.ratis.server.impl.RaftServerImpl.submitClientRequestAsync(RaftServerImpl.java:912) ~[ratis-server-3.1.0.jar:3.1.0]
	at org.apache.ratis.server.impl.RaftServerImpl.lambda$executeSubmitClientRequestAsync$11(RaftServerImpl.java:893) ~[ratis-server-3.1.0.jar:3.1.0]
	at java.base/java.util.concurrent.CompletableFuture$AsyncSupply.run(CompletableFuture.java:1768) [?:?]
	at java.base/java.util.concurrent.ThreadPoolExecutor.runWorker(ThreadPoolExecutor.java:1136) [?:?]
	at java.base/java.util.concurrent.ThreadPoolExecutor$Worker.run(ThreadPoolExecutor.java:635) [?:?]
	at java.base/java.lang.Thread.run(Thread.java:840) [?:?]
10:19:27.526 [38e4ed17-21fc-4cdd-a713-95c81e4a5ee7-client-thread2] ERROR DNAudit - user=null | ip=null | op=WRITE_CHUNK {blockData=conID: 3 locID: 113750153625600003 bcsId: 14 replicaIndex: 0, blockDataSize=100} | ret=FAILURE
org.apache.hadoop.hdds.scm.container.common.helpers.ContainerNotOpenException: Container 3 in CLOSED state
	at org.apache.hadoop.ozone.container.common.impl.HddsDispatcher.validateContainerCommand(HddsDispatcher.java:569) ~[hdds-container-service-1.5.0-SNAPSHOT.jar:?]
	at org.apache.hadoop.ozone.container.common.transport.server.ratis.ContainerStateMachine.startTransaction(ContainerStateMachine.java:426) ~[hdds-container-service-1.5.0-SNAPSHOT.jar:?]
	at org.apache.ratis.server.impl.RaftServerImpl.writeAsyncImpl(RaftServerImpl.java:975) ~[ratis-server-3.1.0.jar:3.1.0]
	at org.apache.ratis.server.impl.RaftServerImpl.writeAsync(RaftServerImpl.java:945) ~[ratis-server-3.1.0.jar:3.1.0]
	at org.apache.ratis.server.impl.RaftServerImpl.replyFuture(RaftServerImpl.java:937) ~[ratis-server-3.1.0.jar:3.1.0]
	at org.apache.ratis.server.impl.RaftServerImpl.submitClientRequestAsync(RaftServerImpl.java:912) ~[ratis-server-3.1.0.jar:3.1.0]
	at org.apache.ratis.server.impl.RaftServerImpl.lambda$executeSubmitClientRequestAsync$11(RaftServerImpl.java:893) ~[ratis-server-3.1.0.jar:3.1.0]
	at java.base/java.util.concurrent.CompletableFuture$AsyncSupply.run(CompletableFuture.java:1768) [?:?]
	at java.base/java.util.concurrent.ThreadPoolExecutor.runWorker(ThreadPoolExecutor.java:1136) [?:?]
	at java.base/java.util.concurrent.ThreadPoolExecutor$Worker.run(ThreadPoolExecutor.java:635) [?:?]
	at java.base/java.lang.Thread.run(Thread.java:840) [?:?]
2024-08-15 10:19:27,526 [grpc-default-executor-0] ERROR impl.OrderedAsync (OrderedAsync.java:lambda$send$4(181)) - Failed to send request, message=cmdType: WriteChunk
traceID: ""
containerID: 3
datanodeUuid: "38e4ed17-21fc-4cdd-a713-95c81e4a5ee7"
writeChunk {
  blockID {
    containerID: 3
    localID: 113750153625600003
    blockCommitSequenceId: 14
    replicaIndex: 0
  }
  chunkData {
    chunkName: "113750153625600003_chunk_6"
    offset: 500
    len: 100
    checksumData {
      type: NONE
      bytesPerChecksum: 16384
    }
  }
}
version: 4
, data.size=100
java.util.concurrent.CompletionException: org.apache.ratis.protocol.exceptions.StateMachineException: org.apache.hadoop.hdds.scm.container.common.helpers.ContainerNotOpenException from Server 38e4ed17-21fc-4cdd-a713-95c81e4a5ee7@group-A82F5976FBFF: Container 3 in CLOSED state
	at org.apache.ratis.client.impl.RaftClientImpl.handleRaftException(RaftClientImpl.java:373)
	at org.apache.ratis.client.impl.OrderedAsync.lambda$send$3(OrderedAsync.java:175)
	at java.base/java.util.concurrent.CompletableFuture$UniApply.tryFire(CompletableFuture.java:646)
	at java.base/java.util.concurrent.CompletableFuture.postComplete(CompletableFuture.java:510)
	at java.base/java.util.concurrent.CompletableFuture.complete(CompletableFuture.java:2147)
	at org.apache.ratis.client.impl.OrderedAsync$PendingOrderedRequest.setReply(OrderedAsync.java:105)
	at org.apache.ratis.client.impl.OrderedAsync$PendingOrderedRequest.setReply(OrderedAsync.java:66)
	at org.apache.ratis.util.SlidingWindow$RequestMap.setReply(SlidingWindow.java:147)
	at org.apache.ratis.util.SlidingWindow$Client.receiveReply(SlidingWindow.java:351)
	at org.apache.ratis.client.impl.OrderedAsync.lambda$sendRequestWithRetry$5(OrderedAsync.java:210)
	at java.base/java.util.concurrent.CompletableFuture$UniAccept.tryFire(CompletableFuture.java:718)
	at java.base/java.util.concurrent.CompletableFuture.postComplete(CompletableFuture.java:510)
	at java.base/java.util.concurrent.CompletableFuture.complete(CompletableFuture.java:2147)
	at org.apache.ratis.grpc.client.GrpcClientProtocolClient$AsyncStreamObservers$1.lambda$onNext$0(GrpcClientProtocolClient.java:322)
	at java.base/java.util.Optional.ifPresent(Optional.java:178)
	at org.apache.ratis.grpc.client.GrpcClientProtocolClient$AsyncStreamObservers.handleReplyFuture(GrpcClientProtocolClient.java:378)
	at org.apache.ratis.grpc.client.GrpcClientProtocolClient$AsyncStreamObservers.access$100(GrpcClientProtocolClient.java:300)
	at org.apache.ratis.grpc.client.GrpcClientProtocolClient$AsyncStreamObservers$1.onNext(GrpcClientProtocolClient.java:322)
	at org.apache.ratis.grpc.client.GrpcClientProtocolClient$AsyncStreamObservers$1.onNext(GrpcClientProtocolClient.java:305)
	at org.apache.ratis.thirdparty.io.grpc.stub.ClientCalls$StreamObserverToCallListenerAdapter.onMessage(ClientCalls.java:468)
	at org.apache.ratis.thirdparty.io.grpc.ForwardingClientCallListener.onMessage(ForwardingClientCallListener.java:33)
	at org.apache.ratis.thirdparty.io.grpc.internal.DelayedClientCall$DelayedListener.onMessage(DelayedClientCall.java:473)
	at org.apache.ratis.thirdparty.io.grpc.internal.ClientCallImpl$ClientStreamListenerImpl$1MessagesAvailable.runInternal(ClientCallImpl.java:660)
	at org.apache.ratis.thirdparty.io.grpc.internal.ClientCallImpl$ClientStreamListenerImpl$1MessagesAvailable.runInContext(ClientCallImpl.java:647)
	at org.apache.ratis.thirdparty.io.grpc.internal.ContextRunnable.run(ContextRunnable.java:37)
	at org.apache.ratis.thirdparty.io.grpc.internal.SerializingExecutor.run(SerializingExecutor.java:133)
	at java.base/java.util.concurrent.ThreadPoolExecutor.runWorker(ThreadPoolExecutor.java:1136)
	at java.base/java.util.concurrent.ThreadPoolExecutor$Worker.run(ThreadPoolExecutor.java:635)
	at java.base/java.lang.Thread.run(Thread.java:840)
Caused by: org.apache.ratis.protocol.exceptions.StateMachineException: org.apache.hadoop.hdds.scm.container.common.helpers.ContainerNotOpenException from Server 38e4ed17-21fc-4cdd-a713-95c81e4a5ee7@group-A82F5976FBFF: Container 3 in CLOSED state
	at org.apache.hadoop.ozone.container.common.impl.HddsDispatcher.validateContainerCommand(HddsDispatcher.java:569)
	at org.apache.hadoop.ozone.container.common.transport.server.ratis.ContainerStateMachine.startTransaction(ContainerStateMachine.java:426)
	at org.apache.ratis.server.impl.RaftServerImpl.writeAsyncImpl(RaftServerImpl.java:975)
	at org.apache.ratis.server.impl.RaftServerImpl.writeAsync(RaftServerImpl.java:945)
	at org.apache.ratis.server.impl.RaftServerImpl.replyFuture(RaftServerImpl.java:937)
	at org.apache.ratis.server.impl.RaftServerImpl.submitClientRequestAsync(RaftServerImpl.java:912)
	at org.apache.ratis.server.impl.RaftServerImpl.lambda$executeSubmitClientRequestAsync$11(RaftServerImpl.java:893)
	at java.base/java.util.concurrent.CompletableFuture$AsyncSupply.run(CompletableFuture.java:1768)
	... 3 more
Caused by: org.apache.hadoop.hdds.scm.container.common.helpers.ContainerNotOpenException: Container 3 in CLOSED state
	at jdk.internal.reflect.GeneratedConstructorAccessor90.newInstance(Unknown Source)
	at java.base/jdk.internal.reflect.DelegatingConstructorAccessorImpl.newInstance(DelegatingConstructorAccessorImpl.java:45)
	at java.base/java.lang.reflect.Constructor.newInstanceWithCaller(Constructor.java:500)
	at java.base/java.lang.reflect.Constructor.newInstance(Constructor.java:481)
	at org.apache.ratis.util.ReflectionUtils.instantiateException(ReflectionUtils.java:259)
	at org.apache.ratis.client.impl.ClientProtoUtils.toStateMachineException(ClientProtoUtils.java:451)
	at org.apache.ratis.client.impl.ClientProtoUtils.toStateMachineException(ClientProtoUtils.java:437)
	at org.apache.ratis.client.impl.ClientProtoUtils.toRaftClientReply(ClientProtoUtils.java:404)
	at org.apache.ratis.grpc.client.GrpcClientProtocolClient$AsyncStreamObservers$1.onNext(GrpcClientProtocolClient.java:310)
	at org.apache.ratis.grpc.client.GrpcClientProtocolClient$AsyncStreamObservers$1.onNext(GrpcClientProtocolClient.java:305)
	at org.apache.ratis.thirdparty.io.grpc.stub.ClientCalls$StreamObserverToCallListenerAdapter.onMessage(ClientCalls.java:468)
	at org.apache.ratis.thirdparty.io.grpc.ForwardingClientCallListener.onMessage(ForwardingClientCallListener.java:33)
	at org.apache.ratis.thirdparty.io.grpc.internal.DelayedClientCall$DelayedListener.onMessage(DelayedClientCall.java:473)
	at org.apache.ratis.thirdparty.io.grpc.internal.ClientCallImpl$ClientStreamListenerImpl$1MessagesAvailable.runInternal(ClientCallImpl.java:660)
	at org.apache.ratis.thirdparty.io.grpc.internal.ClientCallImpl$ClientStreamListenerImpl$1MessagesAvailable.runInContext(ClientCallImpl.java:647)
	at org.apache.ratis.thirdparty.io.grpc.internal.ContextRunnable.run(ContextRunnable.java:37)
	at org.apache.ratis.thirdparty.io.grpc.internal.SerializingExecutor.run(SerializingExecutor.java:133)
	... 3 more
10:19:27.527 [38e4ed17-21fc-4cdd-a713-95c81e4a5ee7-client-thread2] ERROR DNAudit - user=null | ip=null | op=PUT_BLOCK {blockData=[blockId=conID: 3 locID: 113750153625600003 bcsId: 0 replicaIndex: null, size=700]} | ret=FAILURE
org.apache.hadoop.hdds.scm.container.common.helpers.ContainerNotOpenException: Container 3 in CLOSED state
	at org.apache.hadoop.ozone.container.common.impl.HddsDispatcher.validateContainerCommand(HddsDispatcher.java:569) ~[hdds-container-service-1.5.0-SNAPSHOT.jar:?]
	at org.apache.hadoop.ozone.container.common.transport.server.ratis.ContainerStateMachine.startTransaction(ContainerStateMachine.java:426) ~[hdds-container-service-1.5.0-SNAPSHOT.jar:?]
	at org.apache.ratis.server.impl.RaftServerImpl.writeAsyncImpl(RaftServerImpl.java:975) ~[ratis-server-3.1.0.jar:3.1.0]
	at org.apache.ratis.server.impl.RaftServerImpl.writeAsync(RaftServerImpl.java:945) ~[ratis-server-3.1.0.jar:3.1.0]
	at org.apache.ratis.server.impl.RaftServerImpl.replyFuture(RaftServerImpl.java:937) ~[ratis-server-3.1.0.jar:3.1.0]
	at org.apache.ratis.server.impl.RaftServerImpl.submitClientRequestAsync(RaftServerImpl.java:912) ~[ratis-server-3.1.0.jar:3.1.0]
	at org.apache.ratis.server.impl.RaftServerImpl.lambda$executeSubmitClientRequestAsync$11(RaftServerImpl.java:893) ~[ratis-server-3.1.0.jar:3.1.0]
	at java.base/java.util.concurrent.CompletableFuture$AsyncSupply.run(CompletableFuture.java:1768) [?:?]
	at java.base/java.util.concurrent.ThreadPoolExecutor.runWorker(ThreadPoolExecutor.java:1136) [?:?]
	at java.base/java.util.concurrent.ThreadPoolExecutor$Worker.run(ThreadPoolExecutor.java:635) [?:?]
	at java.base/java.lang.Thread.run(Thread.java:840) [?:?]
2024-08-15 10:19:27,527 [grpc-default-executor-0] ERROR impl.OrderedAsync (OrderedAsync.java:lambda$send$4(181)) - Failed to send request, message=cmdType: WriteChunk
traceID: ""
containerID: 3
datanodeUuid: "38e4ed17-21fc-4cdd-a713-95c81e4a5ee7"
writeChunk {
  blockID {
    containerID: 3
    localID: 113750153625600003
    blockCommitSequenceId: 14
    replicaIndex: 0
  }
  chunkData {
    chunkName: "113750153625600003_chunk_7"
    offset: 600
    len: 100
    checksumData {
      type: NONE
      bytesPerChecksum: 16384
    }
  }
}
version: 4
, data.size=100
java.util.concurrent.CompletionException: org.apache.ratis.protocol.exceptions.StateMachineException: org.apache.hadoop.hdds.scm.container.common.helpers.ContainerNotOpenException from Server 38e4ed17-21fc-4cdd-a713-95c81e4a5ee7@group-A82F5976FBFF: Container 3 in CLOSED state
	at org.apache.ratis.client.impl.RaftClientImpl.handleRaftException(RaftClientImpl.java:373)
	at org.apache.ratis.client.impl.OrderedAsync.lambda$send$3(OrderedAsync.java:175)
	at java.base/java.util.concurrent.CompletableFuture$UniApply.tryFire(CompletableFuture.java:646)
	at java.base/java.util.concurrent.CompletableFuture.postComplete(CompletableFuture.java:510)
	at java.base/java.util.concurrent.CompletableFuture.complete(CompletableFuture.java:2147)
	at org.apache.ratis.client.impl.OrderedAsync$PendingOrderedRequest.setReply(OrderedAsync.java:105)
	at org.apache.ratis.client.impl.OrderedAsync$PendingOrderedRequest.setReply(OrderedAsync.java:66)
	at org.apache.ratis.util.SlidingWindow$RequestMap.setReply(SlidingWindow.java:147)
	at org.apache.ratis.util.SlidingWindow$Client.receiveReply(SlidingWindow.java:351)
	at org.apache.ratis.client.impl.OrderedAsync.lambda$sendRequestWithRetry$5(OrderedAsync.java:210)
	at java.base/java.util.concurrent.CompletableFuture$UniAccept.tryFire(CompletableFuture.java:718)
	at java.base/java.util.concurrent.CompletableFuture.postComplete(CompletableFuture.java:510)
	at java.base/java.util.concurrent.CompletableFuture.complete(CompletableFuture.java:2147)
	at org.apache.ratis.grpc.client.GrpcClientProtocolClient$AsyncStreamObservers$1.lambda$onNext$0(GrpcClientProtocolClient.java:322)
	at java.base/java.util.Optional.ifPresent(Optional.java:178)
	at org.apache.ratis.grpc.client.GrpcClientProtocolClient$AsyncStreamObservers.handleReplyFuture(GrpcClientProtocolClient.java:378)
	at org.apache.ratis.grpc.client.GrpcClientProtocolClient$AsyncStreamObservers.access$100(GrpcClientProtocolClient.java:300)
	at org.apache.ratis.grpc.client.GrpcClientProtocolClient$AsyncStreamObservers$1.onNext(GrpcClientProtocolClient.java:322)
	at org.apache.ratis.grpc.client.GrpcClientProtocolClient$AsyncStreamObservers$1.onNext(GrpcClientProtocolClient.java:305)
	at org.apache.ratis.thirdparty.io.grpc.stub.ClientCalls$StreamObserverToCallListenerAdapter.onMessage(ClientCalls.java:468)
	at org.apache.ratis.thirdparty.io.grpc.ForwardingClientCallListener.onMessage(ForwardingClientCallListener.java:33)
	at org.apache.ratis.thirdparty.io.grpc.internal.DelayedClientCall$DelayedListener.onMessage(DelayedClientCall.java:473)
	at org.apache.ratis.thirdparty.io.grpc.internal.ClientCallImpl$ClientStreamListenerImpl$1MessagesAvailable.runInternal(ClientCallImpl.java:660)
	at org.apache.ratis.thirdparty.io.grpc.internal.ClientCallImpl$ClientStreamListenerImpl$1MessagesAvailable.runInContext(ClientCallImpl.java:647)
	at org.apache.ratis.thirdparty.io.grpc.internal.ContextRunnable.run(ContextRunnable.java:37)
	at org.apache.ratis.thirdparty.io.grpc.internal.SerializingExecutor.run(SerializingExecutor.java:133)
	at java.base/java.util.concurrent.ThreadPoolExecutor.runWorker(ThreadPoolExecutor.java:1136)
	at java.base/java.util.concurrent.ThreadPoolExecutor$Worker.run(ThreadPoolExecutor.java:635)
	at java.base/java.lang.Thread.run(Thread.java:840)
Caused by: org.apache.ratis.protocol.exceptions.StateMachineException: org.apache.hadoop.hdds.scm.container.common.helpers.ContainerNotOpenException from Server 38e4ed17-21fc-4cdd-a713-95c81e4a5ee7@group-A82F5976FBFF: Container 3 in CLOSED state
	at org.apache.hadoop.ozone.container.common.impl.HddsDispatcher.validateContainerCommand(HddsDispatcher.java:569)
	at org.apache.hadoop.ozone.container.common.transport.server.ratis.ContainerStateMachine.startTransaction(ContainerStateMachine.java:426)
	at org.apache.ratis.server.impl.RaftServerImpl.writeAsyncImpl(RaftServerImpl.java:975)
	at org.apache.ratis.server.impl.RaftServerImpl.writeAsync(RaftServerImpl.java:945)
	at org.apache.ratis.server.impl.RaftServerImpl.replyFuture(RaftServerImpl.java:937)
	at org.apache.ratis.server.impl.RaftServerImpl.submitClientRequestAsync(RaftServerImpl.java:912)
	at org.apache.ratis.server.impl.RaftServerImpl.lambda$executeSubmitClientRequestAsync$11(RaftServerImpl.java:893)
	at java.base/java.util.concurrent.CompletableFuture$AsyncSupply.run(CompletableFuture.java:1768)
	... 3 more
Caused by: org.apache.hadoop.hdds.scm.container.common.helpers.ContainerNotOpenException: Container 3 in CLOSED state
	at jdk.internal.reflect.GeneratedConstructorAccessor90.newInstance(Unknown Source)
	at java.base/jdk.internal.reflect.DelegatingConstructorAccessorImpl.newInstance(DelegatingConstructorAccessorImpl.java:45)
	at java.base/java.lang.reflect.Constructor.newInstanceWithCaller(Constructor.java:500)
	at java.base/java.lang.reflect.Constructor.newInstance(Constructor.java:481)
	at org.apache.ratis.util.ReflectionUtils.instantiateException(ReflectionUtils.java:259)
	at org.apache.ratis.client.impl.ClientProtoUtils.toStateMachineException(ClientProtoUtils.java:451)
	at org.apache.ratis.client.impl.ClientProtoUtils.toStateMachineException(ClientProtoUtils.java:437)
	at org.apache.ratis.client.impl.ClientProtoUtils.toRaftClientReply(ClientProtoUtils.java:404)
	at org.apache.ratis.grpc.client.GrpcClientProtocolClient$AsyncStreamObservers$1.onNext(GrpcClientProtocolClient.java:310)
	at org.apache.ratis.grpc.client.GrpcClientProtocolClient$AsyncStreamObservers$1.onNext(GrpcClientProtocolClient.java:305)
	at org.apache.ratis.thirdparty.io.grpc.stub.ClientCalls$StreamObserverToCallListenerAdapter.onMessage(ClientCalls.java:468)
	at org.apache.ratis.thirdparty.io.grpc.ForwardingClientCallListener.onMessage(ForwardingClientCallListener.java:33)
	at org.apache.ratis.thirdparty.io.grpc.internal.DelayedClientCall$DelayedListener.onMessage(DelayedClientCall.java:473)
	at org.apache.ratis.thirdparty.io.grpc.internal.ClientCallImpl$ClientStreamListenerImpl$1MessagesAvailable.runInternal(ClientCallImpl.java:660)
	at org.apache.ratis.thirdparty.io.grpc.internal.ClientCallImpl$ClientStreamListenerImpl$1MessagesAvailable.runInContext(ClientCallImpl.java:647)
	at org.apache.ratis.thirdparty.io.grpc.internal.ContextRunnable.run(ContextRunnable.java:37)
	at org.apache.ratis.thirdparty.io.grpc.internal.SerializingExecutor.run(SerializingExecutor.java:133)
	... 3 more
10:19:27.528 [38e4ed17-21fc-4cdd-a713-95c81e4a5ee7-client-thread2] ERROR DNAudit - user=null | ip=null | op=WRITE_CHUNK {blockData=conID: 3 locID: 113750153625600003 bcsId: 14 replicaIndex: 0, blockDataSize=100} | ret=FAILURE
org.apache.hadoop.hdds.scm.container.common.helpers.ContainerNotOpenException: Container 3 in CLOSED state
	at org.apache.hadoop.ozone.container.common.impl.HddsDispatcher.validateContainerCommand(HddsDispatcher.java:569) ~[hdds-container-service-1.5.0-SNAPSHOT.jar:?]
	at org.apache.hadoop.ozone.container.common.transport.server.ratis.ContainerStateMachine.startTransaction(ContainerStateMachine.java:426) ~[hdds-container-service-1.5.0-SNAPSHOT.jar:?]
	at org.apache.ratis.server.impl.RaftServerImpl.writeAsyncImpl(RaftServerImpl.java:975) ~[ratis-server-3.1.0.jar:3.1.0]
	at org.apache.ratis.server.impl.RaftServerImpl.writeAsync(RaftServerImpl.java:945) ~[ratis-server-3.1.0.jar:3.1.0]
	at org.apache.ratis.server.impl.RaftServerImpl.replyFuture(RaftServerImpl.java:937) ~[ratis-server-3.1.0.jar:3.1.0]
	at org.apache.ratis.server.impl.RaftServerImpl.submitClientRequestAsync(RaftServerImpl.java:912) ~[ratis-server-3.1.0.jar:3.1.0]
	at org.apache.ratis.server.impl.RaftServerImpl.lambda$executeSubmitClientRequestAsync$11(RaftServerImpl.java:893) ~[ratis-server-3.1.0.jar:3.1.0]
	at java.base/java.util.concurrent.CompletableFuture$AsyncSupply.run(CompletableFuture.java:1768) [?:?]
	at java.base/java.util.concurrent.ThreadPoolExecutor.runWorker(ThreadPoolExecutor.java:1136) [?:?]
	at java.base/java.util.concurrent.ThreadPoolExecutor$Worker.run(ThreadPoolExecutor.java:635) [?:?]
	at java.base/java.lang.Thread.run(Thread.java:840) [?:?]
2024-08-15 10:19:27,528 [grpc-default-executor-0] ERROR impl.OrderedAsync (OrderedAsync.java:lambda$send$4(181)) - Failed to send request, message=cmdType: PutBlock
traceID: ""
containerID: 3
datanodeUuid: "38e4ed17-21fc-4cdd-a713-95c81e4a5ee7"
putBlock {
  blockData {
    blockID {
      containerID: 3
      localID: 113750153625600003
      blockCommitSequenceId: 0
    }
    metadata {
      key: "TYPE"
      value: "KEY"
    }
    chunks {
      chunkName: "113750153625600003_chunk_1"
      offset: 0
      len: 100
      checksumData {
        type: NONE
        bytesPerChecksum: 16384
      }
    }
    chunks {
      chunkName: "113750153625600003_chunk_2"
      offset: 100
      len: 100
      checksumData {
        type: NONE
        bytesPerChecksum: 16384
      }
    }
    chunks {
      chunkName: "113750153625600003_chunk_3"
      offset: 200
      len: 100
      checksumData {
        type: NONE
        bytesPerChecksum: 16384
      }
    }
    chunks {
      chunkName: "113750153625600003_chunk_4"
      offset: 300
      len: 100
      checksumData {
        type: NONE
        bytesPerChecksum: 16384
      }
    }
    chunks {
      chunkName: "113750153625600003_chunk_5"
      offset: 400
      len: 100
      checksumData {
        type: NONE
        bytesPerChecksum: 16384
      }
    }
    chunks {
      chunkName: "113750153625600003_chunk_6"
      offset: 500
      len: 100
      checksumData {
        type: NONE
        bytesPerChecksum: 16384
      }
    }
    chunks {
      chunkName: "113750153625600003_chunk_7"
      offset: 600
      len: 100
      checksumData {
        type: NONE
        bytesPerChecksum: 16384
      }
    }
  }
  eof: false
}
version: 4
, data.size=0
java.util.concurrent.CompletionException: org.apache.ratis.protocol.exceptions.StateMachineException: org.apache.hadoop.hdds.scm.container.common.helpers.ContainerNotOpenException from Server 38e4ed17-21fc-4cdd-a713-95c81e4a5ee7@group-A82F5976FBFF: Container 3 in CLOSED state
	at org.apache.ratis.client.impl.RaftClientImpl.handleRaftException(RaftClientImpl.java:373)
	at org.apache.ratis.client.impl.OrderedAsync.lambda$send$3(OrderedAsync.java:175)
	at java.base/java.util.concurrent.CompletableFuture$UniApply.tryFire(CompletableFuture.java:646)
	at java.base/java.util.concurrent.CompletableFuture.postComplete(CompletableFuture.java:510)
	at java.base/java.util.concurrent.CompletableFuture.complete(CompletableFuture.java:2147)
	at org.apache.ratis.client.impl.OrderedAsync$PendingOrderedRequest.setReply(OrderedAsync.java:105)
	at org.apache.ratis.client.impl.OrderedAsync$PendingOrderedRequest.setReply(OrderedAsync.java:66)
	at org.apache.ratis.util.SlidingWindow$RequestMap.setReply(SlidingWindow.java:147)
	at org.apache.ratis.util.SlidingWindow$Client.receiveReply(SlidingWindow.java:351)
	at org.apache.ratis.client.impl.OrderedAsync.lambda$sendRequestWithRetry$5(OrderedAsync.java:210)
	at java.base/java.util.concurrent.CompletableFuture$UniAccept.tryFire(CompletableFuture.java:718)
	at java.base/java.util.concurrent.CompletableFuture.postComplete(CompletableFuture.java:510)
	at java.base/java.util.concurrent.CompletableFuture.complete(CompletableFuture.java:2147)
	at org.apache.ratis.grpc.client.GrpcClientProtocolClient$AsyncStreamObservers$1.lambda$onNext$0(GrpcClientProtocolClient.java:322)
	at java.base/java.util.Optional.ifPresent(Optional.java:178)
	at org.apache.ratis.grpc.client.GrpcClientProtocolClient$AsyncStreamObservers.handleReplyFuture(GrpcClientProtocolClient.java:378)
	at org.apache.ratis.grpc.client.GrpcClientProtocolClient$AsyncStreamObservers.access$100(GrpcClientProtocolClient.java:300)
	at org.apache.ratis.grpc.client.GrpcClientProtocolClient$AsyncStreamObservers$1.onNext(GrpcClientProtocolClient.java:322)
	at org.apache.ratis.grpc.client.GrpcClientProtocolClient$AsyncStreamObservers$1.onNext(GrpcClientProtocolClient.java:305)
	at org.apache.ratis.thirdparty.io.grpc.stub.ClientCalls$StreamObserverToCallListenerAdapter.onMessage(ClientCalls.java:468)
	at org.apache.ratis.thirdparty.io.grpc.ForwardingClientCallListener.onMessage(ForwardingClientCallListener.java:33)
	at org.apache.ratis.thirdparty.io.grpc.internal.DelayedClientCall$DelayedListener.onMessage(DelayedClientCall.java:473)
	at org.apache.ratis.thirdparty.io.grpc.internal.ClientCallImpl$ClientStreamListenerImpl$1MessagesAvailable.runInternal(ClientCallImpl.java:660)
	at org.apache.ratis.thirdparty.io.grpc.internal.ClientCallImpl$ClientStreamListenerImpl$1MessagesAvailable.runInContext(ClientCallImpl.java:647)
	at org.apache.ratis.thirdparty.io.grpc.internal.ContextRunnable.run(ContextRunnable.java:37)
	at org.apache.ratis.thirdparty.io.grpc.internal.SerializingExecutor.run(SerializingExecutor.java:133)
	at java.base/java.util.concurrent.ThreadPoolExecutor.runWorker(ThreadPoolExecutor.java:1136)
	at java.base/java.util.concurrent.ThreadPoolExecutor$Worker.run(ThreadPoolExecutor.java:635)
	at java.base/java.lang.Thread.run(Thread.java:840)
Caused by: org.apache.ratis.protocol.exceptions.StateMachineException: org.apache.hadoop.hdds.scm.container.common.helpers.ContainerNotOpenException from Server 38e4ed17-21fc-4cdd-a713-95c81e4a5ee7@group-A82F5976FBFF: Container 3 in CLOSED state
	at org.apache.hadoop.ozone.container.common.impl.HddsDispatcher.validateContainerCommand(HddsDispatcher.java:569)
	at org.apache.hadoop.ozone.container.common.transport.server.ratis.ContainerStateMachine.startTransaction(ContainerStateMachine.java:426)
	at org.apache.ratis.server.impl.RaftServerImpl.writeAsyncImpl(RaftServerImpl.java:975)
	at org.apache.ratis.server.impl.RaftServerImpl.writeAsync(RaftServerImpl.java:945)
	at org.apache.ratis.server.impl.RaftServerImpl.replyFuture(RaftServerImpl.java:937)
	at org.apache.ratis.server.impl.RaftServerImpl.submitClientRequestAsync(RaftServerImpl.java:912)
	at org.apache.ratis.server.impl.RaftServerImpl.lambda$executeSubmitClientRequestAsync$11(RaftServerImpl.java:893)
	at java.base/java.util.concurrent.CompletableFuture$AsyncSupply.run(CompletableFuture.java:1768)
	... 3 more
Caused by: org.apache.hadoop.hdds.scm.container.common.helpers.ContainerNotOpenException: Container 3 in CLOSED state
	at jdk.internal.reflect.GeneratedConstructorAccessor90.newInstance(Unknown Source)
	at java.base/jdk.internal.reflect.DelegatingConstructorAccessorImpl.newInstance(DelegatingConstructorAccessorImpl.java:45)
	at java.base/java.lang.reflect.Constructor.newInstanceWithCaller(Constructor.java:500)
	at java.base/java.lang.reflect.Constructor.newInstance(Constructor.java:481)
	at org.apache.ratis.util.ReflectionUtils.instantiateException(ReflectionUtils.java:259)
	at org.apache.ratis.client.impl.ClientProtoUtils.toStateMachineException(ClientProtoUtils.java:451)
	at org.apache.ratis.client.impl.ClientProtoUtils.toStateMachineException(ClientProtoUtils.java:437)
	at org.apache.ratis.client.impl.ClientProtoUtils.toRaftClientReply(ClientProtoUtils.java:404)
	at org.apache.ratis.grpc.client.GrpcClientProtocolClient$AsyncStreamObservers$1.onNext(GrpcClientProtocolClient.java:310)
	at org.apache.ratis.grpc.client.GrpcClientProtocolClient$AsyncStreamObservers$1.onNext(GrpcClientProtocolClient.java:305)
	at org.apache.ratis.thirdparty.io.grpc.stub.ClientCalls$StreamObserverToCallListenerAdapter.onMessage(ClientCalls.java:468)
	at org.apache.ratis.thirdparty.io.grpc.ForwardingClientCallListener.onMessage(ForwardingClientCallListener.java:33)
	at org.apache.ratis.thirdparty.io.grpc.internal.DelayedClientCall$DelayedListener.onMessage(DelayedClientCall.java:473)
	at org.apache.ratis.thirdparty.io.grpc.internal.ClientCallImpl$ClientStreamListenerImpl$1MessagesAvailable.runInternal(ClientCallImpl.java:660)
	at org.apache.ratis.thirdparty.io.grpc.internal.ClientCallImpl$ClientStreamListenerImpl$1MessagesAvailable.runInContext(ClientCallImpl.java:647)
	at org.apache.ratis.thirdparty.io.grpc.internal.ContextRunnable.run(ContextRunnable.java:37)
	at org.apache.ratis.thirdparty.io.grpc.internal.SerializingExecutor.run(SerializingExecutor.java:133)
	... 3 more
10:19:27.529 [38e4ed17-21fc-4cdd-a713-95c81e4a5ee7-client-thread2] ERROR DNAudit - user=null | ip=null | op=PUT_BLOCK {blockData=[blockId=conID: 3 locID: 113750153625600003 bcsId: 0 replicaIndex: null, size=800]} | ret=FAILURE
org.apache.hadoop.hdds.scm.container.common.helpers.ContainerNotOpenException: Container 3 in CLOSED state
	at org.apache.hadoop.ozone.container.common.impl.HddsDispatcher.validateContainerCommand(HddsDispatcher.java:569) ~[hdds-container-service-1.5.0-SNAPSHOT.jar:?]
	at org.apache.hadoop.ozone.container.common.transport.server.ratis.ContainerStateMachine.startTransaction(ContainerStateMachine.java:426) ~[hdds-container-service-1.5.0-SNAPSHOT.jar:?]
	at org.apache.ratis.server.impl.RaftServerImpl.writeAsyncImpl(RaftServerImpl.java:975) ~[ratis-server-3.1.0.jar:3.1.0]
	at org.apache.ratis.server.impl.RaftServerImpl.writeAsync(RaftServerImpl.java:945) ~[ratis-server-3.1.0.jar:3.1.0]
	at org.apache.ratis.server.impl.RaftServerImpl.replyFuture(RaftServerImpl.java:937) ~[ratis-server-3.1.0.jar:3.1.0]
	at org.apache.ratis.server.impl.RaftServerImpl.submitClientRequestAsync(RaftServerImpl.java:912) ~[ratis-server-3.1.0.jar:3.1.0]
	at org.apache.ratis.server.impl.RaftServerImpl.lambda$executeSubmitClientRequestAsync$11(RaftServerImpl.java:893) ~[ratis-server-3.1.0.jar:3.1.0]
	at java.base/java.util.concurrent.CompletableFuture$AsyncSupply.run(CompletableFuture.java:1768) [?:?]
	at java.base/java.util.concurrent.ThreadPoolExecutor.runWorker(ThreadPoolExecutor.java:1136) [?:?]
	at java.base/java.util.concurrent.ThreadPoolExecutor$Worker.run(ThreadPoolExecutor.java:635) [?:?]
	at java.base/java.lang.Thread.run(Thread.java:840) [?:?]
2024-08-15 10:19:27,529 [grpc-default-executor-0] ERROR impl.OrderedAsync (OrderedAsync.java:lambda$send$4(181)) - Failed to send request, message=cmdType: WriteChunk
traceID: ""
containerID: 3
datanodeUuid: "38e4ed17-21fc-4cdd-a713-95c81e4a5ee7"
writeChunk {
  blockID {
    containerID: 3
    localID: 113750153625600003
    blockCommitSequenceId: 14
    replicaIndex: 0
  }
  chunkData {
    chunkName: "113750153625600003_chunk_8"
    offset: 700
    len: 100
    checksumData {
      type: NONE
      bytesPerChecksum: 16384
    }
  }
}
version: 4
, data.size=100
java.util.concurrent.CompletionException: org.apache.ratis.protocol.exceptions.StateMachineException: org.apache.hadoop.hdds.scm.container.common.helpers.ContainerNotOpenException from Server 38e4ed17-21fc-4cdd-a713-95c81e4a5ee7@group-A82F5976FBFF: Container 3 in CLOSED state
	at org.apache.ratis.client.impl.RaftClientImpl.handleRaftException(RaftClientImpl.java:373)
	at org.apache.ratis.client.impl.OrderedAsync.lambda$send$3(OrderedAsync.java:175)
	at java.base/java.util.concurrent.CompletableFuture$UniApply.tryFire(CompletableFuture.java:646)
	at java.base/java.util.concurrent.CompletableFuture.postComplete(CompletableFuture.java:510)
	at java.base/java.util.concurrent.CompletableFuture.complete(CompletableFuture.java:2147)
	at org.apache.ratis.client.impl.OrderedAsync$PendingOrderedRequest.setReply(OrderedAsync.java:105)
	at org.apache.ratis.client.impl.OrderedAsync$PendingOrderedRequest.setReply(OrderedAsync.java:66)
	at org.apache.ratis.util.SlidingWindow$RequestMap.setReply(SlidingWindow.java:147)
	at org.apache.ratis.util.SlidingWindow$Client.receiveReply(SlidingWindow.java:351)
	at org.apache.ratis.client.impl.OrderedAsync.lambda$sendRequestWithRetry$5(OrderedAsync.java:210)
	at java.base/java.util.concurrent.CompletableFuture$UniAccept.tryFire(CompletableFuture.java:718)
	at java.base/java.util.concurrent.CompletableFuture.postComplete(CompletableFuture.java:510)
	at java.base/java.util.concurrent.CompletableFuture.complete(CompletableFuture.java:2147)
	at org.apache.ratis.grpc.client.GrpcClientProtocolClient$AsyncStreamObservers$1.lambda$onNext$0(GrpcClientProtocolClient.java:322)
	at java.base/java.util.Optional.ifPresent(Optional.java:178)
	at org.apache.ratis.grpc.client.GrpcClientProtocolClient$AsyncStreamObservers.handleReplyFuture(GrpcClientProtocolClient.java:378)
	at org.apache.ratis.grpc.client.GrpcClientProtocolClient$AsyncStreamObservers.access$100(GrpcClientProtocolClient.java:300)
	at org.apache.ratis.grpc.client.GrpcClientProtocolClient$AsyncStreamObservers$1.onNext(GrpcClientProtocolClient.java:322)
	at org.apache.ratis.grpc.client.GrpcClientProtocolClient$AsyncStreamObservers$1.onNext(GrpcClientProtocolClient.java:305)
	at org.apache.ratis.thirdparty.io.grpc.stub.ClientCalls$StreamObserverToCallListenerAdapter.onMessage(ClientCalls.java:468)
	at org.apache.ratis.thirdparty.io.grpc.ForwardingClientCallListener.onMessage(ForwardingClientCallListener.java:33)
	at org.apache.ratis.thirdparty.io.grpc.internal.DelayedClientCall$DelayedListener.onMessage(DelayedClientCall.java:473)
	at org.apache.ratis.thirdparty.io.grpc.internal.ClientCallImpl$ClientStreamListenerImpl$1MessagesAvailable.runInternal(ClientCallImpl.java:660)
	at org.apache.ratis.thirdparty.io.grpc.internal.ClientCallImpl$ClientStreamListenerImpl$1MessagesAvailable.runInContext(ClientCallImpl.java:647)
	at org.apache.ratis.thirdparty.io.grpc.internal.ContextRunnable.run(ContextRunnable.java:37)
	at org.apache.ratis.thirdparty.io.grpc.internal.SerializingExecutor.run(SerializingExecutor.java:133)
	at java.base/java.util.concurrent.ThreadPoolExecutor.runWorker(ThreadPoolExecutor.java:1136)
	at java.base/java.util.concurrent.ThreadPoolExecutor$Worker.run(ThreadPoolExecutor.java:635)
	at java.base/java.lang.Thread.run(Thread.java:840)
Caused by: org.apache.ratis.protocol.exceptions.StateMachineException: org.apache.hadoop.hdds.scm.container.common.helpers.ContainerNotOpenException from Server 38e4ed17-21fc-4cdd-a713-95c81e4a5ee7@group-A82F5976FBFF: Container 3 in CLOSED state
	at org.apache.hadoop.ozone.container.common.impl.HddsDispatcher.validateContainerCommand(HddsDispatcher.java:569)
	at org.apache.hadoop.ozone.container.common.transport.server.ratis.ContainerStateMachine.startTransaction(ContainerStateMachine.java:426)
	at org.apache.ratis.server.impl.RaftServerImpl.writeAsyncImpl(RaftServerImpl.java:975)
	at org.apache.ratis.server.impl.RaftServerImpl.writeAsync(RaftServerImpl.java:945)
	at org.apache.ratis.server.impl.RaftServerImpl.replyFuture(RaftServerImpl.java:937)
	at org.apache.ratis.server.impl.RaftServerImpl.submitClientRequestAsync(RaftServerImpl.java:912)
	at org.apache.ratis.server.impl.RaftServerImpl.lambda$executeSubmitClientRequestAsync$11(RaftServerImpl.java:893)
	at java.base/java.util.concurrent.CompletableFuture$AsyncSupply.run(CompletableFuture.java:1768)
	... 3 more
Caused by: org.apache.hadoop.hdds.scm.container.common.helpers.ContainerNotOpenException: Container 3 in CLOSED state
	at jdk.internal.reflect.GeneratedConstructorAccessor90.newInstance(Unknown Source)
	at java.base/jdk.internal.reflect.DelegatingConstructorAccessorImpl.newInstance(DelegatingConstructorAccessorImpl.java:45)
	at java.base/java.lang.reflect.Constructor.newInstanceWithCaller(Constructor.java:500)
	at java.base/java.lang.reflect.Constructor.newInstance(Constructor.java:481)
	at org.apache.ratis.util.ReflectionUtils.instantiateException(ReflectionUtils.java:259)
	at org.apache.ratis.client.impl.ClientProtoUtils.toStateMachineException(ClientProtoUtils.java:451)
	at org.apache.ratis.client.impl.ClientProtoUtils.toStateMachineException(ClientProtoUtils.java:437)
	at org.apache.ratis.client.impl.ClientProtoUtils.toRaftClientReply(ClientProtoUtils.java:404)
	at org.apache.ratis.grpc.client.GrpcClientProtocolClient$AsyncStreamObservers$1.onNext(GrpcClientProtocolClient.java:310)
	at org.apache.ratis.grpc.client.GrpcClientProtocolClient$AsyncStreamObservers$1.onNext(GrpcClientProtocolClient.java:305)
	at org.apache.ratis.thirdparty.io.grpc.stub.ClientCalls$StreamObserverToCallListenerAdapter.onMessage(ClientCalls.java:468)
	at org.apache.ratis.thirdparty.io.grpc.ForwardingClientCallListener.onMessage(ForwardingClientCallListener.java:33)
	at org.apache.ratis.thirdparty.io.grpc.internal.DelayedClientCall$DelayedListener.onMessage(DelayedClientCall.java:473)
	at org.apache.ratis.thirdparty.io.grpc.internal.ClientCallImpl$ClientStreamListenerImpl$1MessagesAvailable.runInternal(ClientCallImpl.java:660)
	at org.apache.ratis.thirdparty.io.grpc.internal.ClientCallImpl$ClientStreamListenerImpl$1MessagesAvailable.runInContext(ClientCallImpl.java:647)
	at org.apache.ratis.thirdparty.io.grpc.internal.ContextRunnable.run(ContextRunnable.java:37)
	at org.apache.ratis.thirdparty.io.grpc.internal.SerializingExecutor.run(SerializingExecutor.java:133)
	... 3 more
2024-08-15 10:19:27,530 [grpc-default-executor-0] ERROR impl.OrderedAsync (OrderedAsync.java:lambda$send$4(181)) - Failed to send request, message=cmdType: PutBlock
traceID: ""
containerID: 3
datanodeUuid: "38e4ed17-21fc-4cdd-a713-95c81e4a5ee7"
putBlock {
  blockData {
    blockID {
      containerID: 3
      localID: 113750153625600003
      blockCommitSequenceId: 0
    }
    metadata {
      key: "TYPE"
      value: "KEY"
    }
    chunks {
      chunkName: "113750153625600003_chunk_1"
      offset: 0
      len: 100
      checksumData {
        type: NONE
        bytesPerChecksum: 16384
      }
    }
    chunks {
      chunkName: "113750153625600003_chunk_2"
      offset: 100
      len: 100
      checksumData {
        type: NONE
        bytesPerChecksum: 16384
      }
    }
    chunks {
      chunkName: "113750153625600003_chunk_3"
      offset: 200
      len: 100
      checksumData {
        type: NONE
        bytesPerChecksum: 16384
      }
    }
    chunks {
      chunkName: "113750153625600003_chunk_4"
      offset: 300
      len: 100
      checksumData {
        type: NONE
        bytesPerChecksum: 16384
      }
    }
    chunks {
      chunkName: "113750153625600003_chunk_5"
      offset: 400
      len: 100
      checksumData {
        type: NONE
        bytesPerChecksum: 16384
      }
    }
    chunks {
      chunkName: "113750153625600003_chunk_6"
      offset: 500
      len: 100
      checksumData {
        type: NONE
        bytesPerChecksum: 16384
      }
    }
    chunks {
      chunkName: "113750153625600003_chunk_7"
      offset: 600
      len: 100
      checksumData {
        type: NONE
        bytesPerChecksum: 16384
      }
    }
    chunks {
      chunkName: "113750153625600003_chunk_8"
      offset: 700
      len: 100
      checksumData {
        type: NONE
        bytesPerChecksum: 16384
      }
    }
  }
  eof: true
}
version: 4
, data.size=0
java.util.concurrent.CompletionException: org.apache.ratis.protocol.exceptions.StateMachineException: org.apache.hadoop.hdds.scm.container.common.helpers.ContainerNotOpenException from Server 38e4ed17-21fc-4cdd-a713-95c81e4a5ee7@group-A82F5976FBFF: Container 3 in CLOSED state
	at org.apache.ratis.client.impl.RaftClientImpl.handleRaftException(RaftClientImpl.java:373)
	at org.apache.ratis.client.impl.OrderedAsync.lambda$send$3(OrderedAsync.java:175)
	at java.base/java.util.concurrent.CompletableFuture$UniApply.tryFire(CompletableFuture.java:646)
	at java.base/java.util.concurrent.CompletableFuture.postComplete(CompletableFuture.java:510)
	at java.base/java.util.concurrent.CompletableFuture.complete(CompletableFuture.java:2147)
	at org.apache.ratis.client.impl.OrderedAsync$PendingOrderedRequest.setReply(OrderedAsync.java:105)
	at org.apache.ratis.client.impl.OrderedAsync$PendingOrderedRequest.setReply(OrderedAsync.java:66)
	at org.apache.ratis.util.SlidingWindow$RequestMap.setReply(SlidingWindow.java:147)
	at org.apache.ratis.util.SlidingWindow$Client.receiveReply(SlidingWindow.java:351)
	at org.apache.ratis.client.impl.OrderedAsync.lambda$sendRequestWithRetry$5(OrderedAsync.java:210)
	at java.base/java.util.concurrent.CompletableFuture$UniAccept.tryFire(CompletableFuture.java:718)
	at java.base/java.util.concurrent.CompletableFuture.postComplete(CompletableFuture.java:510)
	at java.base/java.util.concurrent.CompletableFuture.complete(CompletableFuture.java:2147)
	at org.apache.ratis.grpc.client.GrpcClientProtocolClient$AsyncStreamObservers$1.lambda$onNext$0(GrpcClientProtocolClient.java:322)
	at java.base/java.util.Optional.ifPresent(Optional.java:178)
	at org.apache.ratis.grpc.client.GrpcClientProtocolClient$AsyncStreamObservers.handleReplyFuture(GrpcClientProtocolClient.java:378)
	at org.apache.ratis.grpc.client.GrpcClientProtocolClient$AsyncStreamObservers.access$100(GrpcClientProtocolClient.java:300)
	at org.apache.ratis.grpc.client.GrpcClientProtocolClient$AsyncStreamObservers$1.onNext(GrpcClientProtocolClient.java:322)
	at org.apache.ratis.grpc.client.GrpcClientProtocolClient$AsyncStreamObservers$1.onNext(GrpcClientProtocolClient.java:305)
	at org.apache.ratis.thirdparty.io.grpc.stub.ClientCalls$StreamObserverToCallListenerAdapter.onMessage(ClientCalls.java:468)
	at org.apache.ratis.thirdparty.io.grpc.ForwardingClientCallListener.onMessage(ForwardingClientCallListener.java:33)
	at org.apache.ratis.thirdparty.io.grpc.internal.DelayedClientCall$DelayedListener.onMessage(DelayedClientCall.java:473)
	at org.apache.ratis.thirdparty.io.grpc.internal.ClientCallImpl$ClientStreamListenerImpl$1MessagesAvailable.runInternal(ClientCallImpl.java:660)
	at org.apache.ratis.thirdparty.io.grpc.internal.ClientCallImpl$ClientStreamListenerImpl$1MessagesAvailable.runInContext(ClientCallImpl.java:647)
	at org.apache.ratis.thirdparty.io.grpc.internal.ContextRunnable.run(ContextRunnable.java:37)
	at org.apache.ratis.thirdparty.io.grpc.internal.SerializingExecutor.run(SerializingExecutor.java:133)
	at java.base/java.util.concurrent.ThreadPoolExecutor.runWorker(ThreadPoolExecutor.java:1136)
	at java.base/java.util.concurrent.ThreadPoolExecutor$Worker.run(ThreadPoolExecutor.java:635)
	at java.base/java.lang.Thread.run(Thread.java:840)
Caused by: org.apache.ratis.protocol.exceptions.StateMachineException: org.apache.hadoop.hdds.scm.container.common.helpers.ContainerNotOpenException from Server 38e4ed17-21fc-4cdd-a713-95c81e4a5ee7@group-A82F5976FBFF: Container 3 in CLOSED state
	at org.apache.hadoop.ozone.container.common.impl.HddsDispatcher.validateContainerCommand(HddsDispatcher.java:569)
	at org.apache.hadoop.ozone.container.common.transport.server.ratis.ContainerStateMachine.startTransaction(ContainerStateMachine.java:426)
	at org.apache.ratis.server.impl.RaftServerImpl.writeAsyncImpl(RaftServerImpl.java:975)
	at org.apache.ratis.server.impl.RaftServerImpl.writeAsync(RaftServerImpl.java:945)
	at org.apache.ratis.server.impl.RaftServerImpl.replyFuture(RaftServerImpl.java:937)
	at org.apache.ratis.server.impl.RaftServerImpl.submitClientRequestAsync(RaftServerImpl.java:912)
	at org.apache.ratis.server.impl.RaftServerImpl.lambda$executeSubmitClientRequestAsync$11(RaftServerImpl.java:893)
	at java.base/java.util.concurrent.CompletableFuture$AsyncSupply.run(CompletableFuture.java:1768)
	... 3 more
Caused by: org.apache.hadoop.hdds.scm.container.common.helpers.ContainerNotOpenException: Container 3 in CLOSED state
	at jdk.internal.reflect.GeneratedConstructorAccessor90.newInstance(Unknown Source)
	at java.base/jdk.internal.reflect.DelegatingConstructorAccessorImpl.newInstance(DelegatingConstructorAccessorImpl.java:45)
	at java.base/java.lang.reflect.Constructor.newInstanceWithCaller(Constructor.java:500)
	at java.base/java.lang.reflect.Constructor.newInstance(Constructor.java:481)
	at org.apache.ratis.util.ReflectionUtils.instantiateException(ReflectionUtils.java:259)
	at org.apache.ratis.client.impl.ClientProtoUtils.toStateMachineException(ClientProtoUtils.java:451)
	at org.apache.ratis.client.impl.ClientProtoUtils.toStateMachineException(ClientProtoUtils.java:437)
	at org.apache.ratis.client.impl.ClientProtoUtils.toRaftClientReply(ClientProtoUtils.java:404)
	at org.apache.ratis.grpc.client.GrpcClientProtocolClient$AsyncStreamObservers$1.onNext(GrpcClientProtocolClient.java:310)
	at org.apache.ratis.grpc.client.GrpcClientProtocolClient$AsyncStreamObservers$1.onNext(GrpcClientProtocolClient.java:305)
	at org.apache.ratis.thirdparty.io.grpc.stub.ClientCalls$StreamObserverToCallListenerAdapter.onMessage(ClientCalls.java:468)
	at org.apache.ratis.thirdparty.io.grpc.ForwardingClientCallListener.onMessage(ForwardingClientCallListener.java:33)
	at org.apache.ratis.thirdparty.io.grpc.internal.DelayedClientCall$DelayedListener.onMessage(DelayedClientCall.java:473)
	at org.apache.ratis.thirdparty.io.grpc.internal.ClientCallImpl$ClientStreamListenerImpl$1MessagesAvailable.runInternal(ClientCallImpl.java:660)
	at org.apache.ratis.thirdparty.io.grpc.internal.ClientCallImpl$ClientStreamListenerImpl$1MessagesAvailable.runInContext(ClientCallImpl.java:647)
	at org.apache.ratis.thirdparty.io.grpc.internal.ContextRunnable.run(ContextRunnable.java:37)
	at org.apache.ratis.thirdparty.io.grpc.internal.SerializingExecutor.run(SerializingExecutor.java:133)
	... 3 more
2024-08-15 10:19:27,537 [main] INFO  scm.XceiverClientRatis (XceiverClientRatis.java:<init>(140)) - WatchType ALL_COMMITTED. Majority 1, 
2024-08-15 10:19:27,620 [client-write-TID-1] WARN  storage.AbstractCommitWatcher (AbstractCommitWatcher.java:getIOExceptionForWatchForCommit(182)) - watchForCommit failed for index 22
java.lang.InterruptedException
	at java.base/java.util.concurrent.CompletableFuture.reportGet(CompletableFuture.java:386)
	at java.base/java.util.concurrent.CompletableFuture.get(CompletableFuture.java:2073)
	at org.apache.hadoop.hdds.scm.storage.AbstractCommitWatcher.watchForCommit(AbstractCommitWatcher.java:152)
	at org.apache.hadoop.hdds.scm.storage.RatisBlockOutputStream.sendWatchForCommit(RatisBlockOutputStream.java:105)
	at org.apache.hadoop.hdds.scm.storage.BlockOutputStream.watchForCommit(BlockOutputStream.java:489)
	at org.apache.hadoop.hdds.scm.storage.BlockOutputStream.lambda$watchForCommitAsync$4(BlockOutputStream.java:710)
	at java.base/java.util.concurrent.CompletableFuture$UniAccept.tryFire(CompletableFuture.java:718)
	at java.base/java.util.concurrent.CompletableFuture.postComplete(CompletableFuture.java:510)
	at java.base/java.util.concurrent.CompletableFuture.postFire(CompletableFuture.java:614)
	at java.base/java.util.concurrent.CompletableFuture$UniApply.tryFire(CompletableFuture.java:653)
	at java.base/java.util.concurrent.CompletableFuture$Completion.run(CompletableFuture.java:482)
	at java.base/java.util.concurrent.ThreadPoolExecutor.runWorker(ThreadPoolExecutor.java:1136)
	at java.base/java.util.concurrent.ThreadPoolExecutor$Worker.run(ThreadPoolExecutor.java:635)
	at java.base/java.lang.Thread.run(Thread.java:840)
2024-08-15 10:19:27,632 [main] INFO  ozone.MiniOzoneClusterImpl (MiniOzoneClusterImpl.java:shutdown(410)) - Shutting down the Mini Ozone Cluster
2024-08-15 10:19:27,632 [main] INFO  db.CodecTestUtil (CodecTestUtil.java:gc(50)) - gc 0
2024-08-15 10:19:27,754 [Finalizer] WARN  db.CodecBuffer (CodecBuffer.java:detectLeaks(279)) - LEAK 1: [0<=0<=100: ], refCnt=1, capacity=100 allocation:
org.apache.hadoop.hdds.utils.db.CodecBuffer.<init>(CodecBuffer.java:54)
org.apache.hadoop.hdds.utils.db.CodecBuffer$LeakDetector$1.<init>(CodecBuffer.java:78)
org.apache.hadoop.hdds.utils.db.CodecBuffer$LeakDetector.newCodecBuffer(CodecBuffer.java:78)
org.apache.hadoop.hdds.utils.db.CodecBuffer$Factory.newCodecBuffer(CodecBuffer.java:71)
org.apache.hadoop.hdds.utils.db.CodecBuffer$Factory.newCodecBuffer(CodecBuffer.java:67)
org.apache.hadoop.hdds.utils.db.CodecBuffer.allocate(CodecBuffer.java:196)
org.apache.hadoop.hdds.utils.db.CodecBuffer.allocateDirect(CodecBuffer.java:204)
org.apache.hadoop.ozone.common.ChunkBuffer.allocate(ChunkBuffer.java:54)
org.apache.hadoop.hdds.scm.storage.BufferPool.allocateBuffer(BufferPool.java:102)
org.apache.hadoop.hdds.scm.storage.BlockOutputStream.allocateNewBufferIfNeeded(BlockOutputStream.java:382)
org.apache.hadoop.hdds.scm.storage.BlockOutputStream.write(BlockOutputStream.java:338)
org.apache.hadoop.ozone.client.io.BlockOutputStreamEntry.write(BlockOutputStreamEntry.java:138)
org.apache.hadoop.ozone.client.io.KeyOutputStream.writeToOutputStream(KeyOutputStream.java:258)
org.apache.hadoop.ozone.client.io.KeyOutputStream.handleWrite(KeyOutputStream.java:236)
org.apache.hadoop.ozone.client.io.KeyOutputStream.write(KeyOutputStream.java:215)
org.apache.hadoop.ozone.client.io.OzoneOutputStream.write(OzoneOutputStream.java:94)
java.base/java.io.OutputStream.write(OutputStream.java:127)
org.apache.hadoop.ozone.client.rpc.TestBlockOutputStreamWithFailures.testWriteMoreThanMaxFlushSize(TestBlockOutputStreamWithFailures.java:378)
org.apache.hadoop.ozone.client.rpc.TestBlockOutputStreamWithFailures.testContainerClose(TestBlockOutputStreamWithFailures.java:101)
java.base/jdk.internal.reflect.NativeMethodAccessorImpl.invoke0(Native Method)
java.base/jdk.internal.reflect.NativeMethodAccessorImpl.invoke(NativeMethodAccessorImpl.java:77)
java.base/jdk.internal.reflect.DelegatingMethodAccessorImpl.invoke(DelegatingMethodAccessorImpl.java:43)
java.base/java.lang.reflect.Method.invoke(Method.java:569)
org.junit.platform.commons.util.ReflectionUtils.invokeMethod(ReflectionUtils.java:728)
org.junit.jupiter.engine.execution.MethodInvocation.proceed(MethodInvocation.java:60)
org.junit.jupiter.engine.execution.InvocationInterceptorChain$ValidatingInvocation.proceed(InvocationInterceptorChain.java:131)
org.junit.jupiter.engine.extension.SameThreadTimeoutInvocation.proceed(SameThreadTimeoutInvocation.java:45)
org.junit.jupiter.engine.extension.TimeoutExtension.intercept(TimeoutExtension.java:156)
org.junit.jupiter.engine.extension.TimeoutExtension.interceptTestableMethod(TimeoutExtension.java:147)
org.junit.jupiter.engine.extension.TimeoutExtension.interceptTestTemplateMethod(TimeoutExtension.java:94)
org.junit.jupiter.engine.execution.InterceptingExecutableInvoker$ReflectiveInterceptorCall.lambda$ofVoidMethod$0(InterceptingExecutableInvoker.java:103)
org.junit.jupiter.engine.execution.InterceptingExecutableInvoker.lambda$invoke$0(InterceptingExecutableInvoker.java:93)
org.junit.jupiter.engine.execution.InvocationInterceptorChain$InterceptedInvocation.proceed(InvocationInterceptorChain.java:106)
org.junit.jupiter.engine.execution.InvocationInterceptorChain.proceed(InvocationInterceptorChain.java:64)
org.junit.jupiter.engine.execution.InvocationInterceptorChain.chainAndInvoke(InvocationInterceptorChain.java:45)
org.junit.jupiter.engine.execution.InvocationInterceptorChain.invoke(InvocationInterceptorChain.java:37)
org.junit.jupiter.engine.execution.InterceptingExecutableInvoker.invoke(InterceptingExecutableInvoker.java:92)
org.junit.jupiter.engine.execution.InterceptingExecutableInvoker.invoke(InterceptingExecutableInvoker.java:86)
org.junit.jupiter.engine.descriptor.TestMethodTestDescriptor.lambda$invokeTestMethod$7(TestMethodTestDescriptor.java:218)
org.junit.platform.engine.support.hierarchical.ThrowableCollector.execute(ThrowableCollector.java:73)
org.junit.jupiter.engine.descriptor.TestMethodTestDescriptor.invokeTestMethod(TestMethodTestDescriptor.java:214)
org.junit.jupiter.engine.descriptor.TestMethodTestDescriptor.execute(TestMethodTestDescriptor.java:139)
org.junit.jupiter.engine.descriptor.TestMethodTestDescriptor.execute(TestMethodTestDescriptor.java:69)
org.junit.platform.engine.support.hierarchical.NodeTestTask.lambda$executeRecursively$6(NodeTestTask.java:151)
org.junit.platform.engine.support.hierarchical.ThrowableCollector.execute(ThrowableCollector.java:73)
org.junit.platform.engine.support.hierarchical.NodeTestTask.lambda$executeRecursively$8(NodeTestTask.java:141)
org.junit.platform.engine.support.hierarchical.Node.around(Node.java:137)
org.junit.platform.engine.support.hierarchical.NodeTestTask.lambda$executeRecursively$9(NodeTestTask.java:139)
org.junit.platform.engine.support.hierarchical.ThrowableCollector.execute(ThrowableCollector.java:73)
org.junit.platform.engine.support.hierarchical.NodeTestTask.executeRecursively(NodeTestTask.java:138)
org.junit.platform.engine.support.hierarchical.NodeTestTask.execute(NodeTestTask.java:95)
org.junit.platform.engine.support.hierarchical.SameThreadHierarchicalTestExecutorService.submit(SameThreadHierarchicalTestExecutorService.java:35)
org.junit.platform.engine.support.hierarchical.NodeTestTask$DefaultDynamicTestExecutor.execute(NodeTestTask.java:226)
org.junit.platform.engine.support.hierarchical.NodeTestTask$DefaultDynamicTestExecutor.execute(NodeTestTask.java:204)
org.junit.jupiter.engine.descriptor.TestTemplateTestDescriptor.execute(TestTemplateTestDescriptor.java:142)
org.junit.jupiter.engine.descriptor.TestTemplateTestDescriptor.lambda$execute$2(TestTemplateTestDescriptor.java:110)
java.base/java.util.stream.ForEachOps$ForEachOp$OfRef.accept(ForEachOps.java:183)
java.base/java.util.stream.ReferencePipeline$3$1.accept(ReferencePipeline.java:197)
java.base/java.util.stream.ReferencePipeline$2$1.accept(ReferencePipeline.java:179)
java.base/java.util.stream.ReferencePipeline$3$1.accept(ReferencePipeline.java:197)
java.base/java.util.stream.ForEachOps$ForEachOp$OfRef.accept(ForEachOps.java:183)
java.base/java.util.stream.ReferencePipeline$3$1.accept(ReferencePipeline.java:197)
java.base/java.util.stream.ReferencePipeline$3$1.accept(ReferencePipeline.java:197)
java.base/java.util.stream.ReferencePipeline$3$1.accept(ReferencePipeline.java:197)
java.base/java.util.stream.ForEachOps$ForEachOp$OfRef.accept(ForEachOps.java:183)
java.base/java.util.stream.ReferencePipeline$3$1.accept(ReferencePipeline.java:197)
java.base/java.util.Spliterators$ArraySpliterator.forEachRemaining(Spliterators.java:992)
java.base/java.util.stream.ReferencePipeline$Head.forEach(ReferencePipeline.java:762)
java.base/java.util.stream.ReferencePipeline$7$1.accept(ReferencePipeline.java:276)
java.base/java.util.stream.ReferencePipeline$3$1.accept(ReferencePipeline.java:197)
java.base/java.util.stream.ReferencePipeline$3$1.accept(ReferencePipeline.java:197)
java.base/java.util.stream.ReferencePipeline$3$1.accept(ReferencePipeline.java:197)
java.base/java.util.Spliterators$ArraySpliterator.forEachRemaining(Spliterators.java:992)
java.base/java.util.stream.AbstractPipeline.copyInto(AbstractPipeline.java:509)
java.base/java.util.stream.AbstractPipeline.wrapAndCopyInto(AbstractPipeline.java:499)
java.base/java.util.stream.ForEachOps$ForEachOp.evaluateSequential(ForEachOps.java:150)
java.base/java.util.stream.ForEachOps$ForEachOp$OfRef.evaluateSequential(ForEachOps.java:173)
java.base/java.util.stream.AbstractPipeline.evaluate(AbstractPipeline.java:234)
java.base/java.util.stream.ReferencePipeline.forEach(ReferencePipeline.java:596)
java.base/java.util.stream.ReferencePipeline$7$1.accept(ReferencePipeline.java:276)
java.base/java.util.stream.ReferencePipeline$3$1.accept(ReferencePipeline.java:197)
java.base/java.util.stream.ReferencePipeline$3$1.accept(ReferencePipeline.java:197)
java.base/java.util.stream.ReferencePipeline$3$1.accept(ReferencePipeline.java:197)
java.base/java.util.ArrayList$ArrayListSpliterator.forEachRemaining(ArrayList.java:1625)
java.base/java.util.stream.AbstractPipeline.copyInto(AbstractPipeline.java:509)
java.base/java.util.stream.AbstractPipeline.wrapAndCopyInto(AbstractPipeline.java:499)
java.base/java.util.stream.ForEachOps$ForEachOp.evaluateSequential(ForEachOps.java:150)
java.base/java.util.stream.ForEachOps$ForEachOp$OfRef.evaluateSequential(ForEachOps.java:173)
java.base/java.util.stream.AbstractPipeline.evaluate(AbstractPipeline.java:234)
java.base/java.util.stream.ReferencePipeline.forEach(ReferencePipeline.java:596)
java.base/java.util.stream.ReferencePipeline$7$1.accept(ReferencePipeline.java:276)
java.base/java.util.ArrayList$ArrayListSpliterator.forEachRemaining(ArrayList.java:1625)
java.base/java.util.stream.AbstractPipeline.copyInto(AbstractPipeline.java:509)
java.base/java.util.stream.AbstractPipeline.wrapAndCopyInto(AbstractPipeline.java:499)
java.base/java.util.stream.ForEachOps$ForEachOp.evaluateSequential(ForEachOps.java:150)
java.base/java.util.stream.ForEachOps$ForEachOp$OfRef.evaluateSequential(ForEachOps.java:173)
java.base/java.util.stream.AbstractPipeline.evaluate(AbstractPipeline.java:234)
java.base/java.util.stream.ReferencePipeline.forEach(ReferencePipeline.java:596)
org.junit.jupiter.engine.descriptor.TestTemplateTestDescriptor.execute(TestTemplateTestDescriptor.java:110)
org.junit.jupiter.engine.descriptor.TestTemplateTestDescriptor.execute(TestTemplateTestDescriptor.java:44)
org.junit.platform.engine.support.hierarchical.NodeTestTask.lambda$executeRecursively$6(NodeTestTask.java:151)
org.junit.platform.engine.support.hierarchical.ThrowableCollector.execute(ThrowableCollector.java:73)
org.junit.platform.engine.support.hierarchical.NodeTestTask.lambda$executeRecursively$8(NodeTestTask.java:141)
org.junit.platform.engine.support.hierarchical.Node.around(Node.java:137)
org.junit.platform.engine.support.hierarchical.NodeTestTask.lambda$executeRecursively$9(NodeTestTask.java:139)
org.junit.platform.engine.support.hierarchical.ThrowableCollector.execute(ThrowableCollector.java:73)
org.junit.platform.engine.support.hierarchical.NodeTestTask.executeRecursively(NodeTestTask.java:138)
org.junit.platform.engine.support.hierarchical.NodeTestTask.execute(NodeTestTask.java:95)
java.base/java.util.ArrayList.forEach(ArrayList.java:1511)
org.junit.platform.engine.support.hierarchical.SameThreadHierarchicalTestExecutorService.invokeAll(SameThreadHierarchicalTestExecutorService.java:41)
org.junit.platform.engine.support.hierarchical.NodeTestTask.lambda$executeRecursively$6(NodeTestTask.java:155)
org.junit.platform.engine.support.hierarchical.ThrowableCollector.execute(ThrowableCollector.java:73)
org.junit.platform.engine.support.hierarchical.NodeTestTask.lambda$executeRecursively$8(NodeTestTask.java:141)
org.junit.platform.engine.support.hierarchical.Node.around(Node.java:137)
org.junit.platform.engine.support.hierarchical.NodeTestTask.lambda$executeRecursively$9(NodeTestTask.java:139)
org.junit.platform.engine.support.hierarchical.ThrowableCollector.execute(ThrowableCollector.java:73)
org.junit.platform.engine.support.hierarchical.NodeTestTask.executeRecursively(NodeTestTask.java:138)
org.junit.platform.engine.support.hierarchical.NodeTestTask.execute(NodeTestTask.java:95)
java.base/java.util.ArrayList.forEach(ArrayList.java:1511)
org.junit.platform.engine.support.hierarchical.SameThreadHierarchicalTestExecutorService.invokeAll(SameThreadHierarchicalTestExecutorService.java:41)
org.junit.platform.engine.support.hierarchical.NodeTestTask.lambda$executeRecursively$6(NodeTestTask.java:155)
org.junit.platform.engine.support.hierarchical.ThrowableCollector.execute(ThrowableCollector.java:73)
org.junit.platform.engine.support.hierarchical.NodeTestTask.lambda$executeRecursively$8(NodeTestTask.java:141)
org.junit.platform.engine.support.hierarchical.Node.around(Node.java:137)
org.junit.platform.engine.support.hierarchical.NodeTestTask.lambda$executeRecursively$9(NodeTestTask.java:139)
org.junit.platform.engine.support.hierarchical.ThrowableCollector.execute(ThrowableCollector.java:73)
org.junit.platform.engine.support.hierarchical.NodeTestTask.executeRecursively(NodeTestTask.java:138)
org.junit.platform.engine.support.hierarchical.NodeTestTask.execute(NodeTestTask.java:95)
org.junit.platform.engine.support.hierarchical.SameThreadHierarchicalTestExecutorService.submit(SameThreadHierarchicalTestExecutorService.java:35)
org.junit.platform.engine.support.hierarchical.HierarchicalTestExecutor.execute(HierarchicalTestExecutor.java:57)
org.junit.platform.engine.support.hierarchical.HierarchicalTestEngine.execute(HierarchicalTestEngine.java:54)
org.junit.platform.launcher.core.EngineExecutionOrchestrator.execute(EngineExecutionOrchestrator.java:198)
org.junit.platform.launcher.core.EngineExecutionOrchestrator.execute(EngineExecutionOrchestrator.java:169)
org.junit.platform.launcher.core.EngineExecutionOrchestrator.execute(EngineExecutionOrchestrator.java:93)
org.junit.platform.launcher.core.EngineExecutionOrchestrator.lambda$execute$0(EngineExecutionOrchestrator.java:58)
org.junit.platform.launcher.core.EngineExecutionOrchestrator.withInterceptedStreams(EngineExecutionOrchestrator.java:141)
org.junit.platform.launcher.core.EngineExecutionOrchestrator.execute(EngineExecutionOrchestrator.java:57)
org.junit.platform.launcher.core.DefaultLauncher.execute(DefaultLauncher.java:103)
org.junit.platform.launcher.core.DefaultLauncher.execute(DefaultLauncher.java:85)
org.junit.platform.launcher.core.DelegatingLauncher.execute(DelegatingLauncher.java:47)
org.junit.platform.launcher.core.SessionPerRequestLauncher.execute(SessionPerRequestLauncher.java:63)
org.apache.maven.surefire.junitplatform.JUnitPlatformProvider.invokeAllTests(JUnitPlatformProvider.java:154)
org.apache.maven.surefire.junitplatform.JUnitPlatformProvider.invoke(JUnitPlatformProvider.java:123)
org.apache.maven.surefire.booter.ForkedBooter.runSuitesInProcess(ForkedBooter.java:377)
org.apache.maven.surefire.booter.ForkedBooter.execute(ForkedBooter.java:138)
org.apache.maven.surefire.booter.ForkedBooter.run(ForkedBooter.java:465)
org.apache.maven.surefire.booter.ForkedBooter.main(ForkedBooter.java:451)

2024-08-15 10:19:27,754 [Finalizer] WARN  db.CodecBuffer (CodecBuffer.java:detectLeaks(279)) - LEAK 2: [0<=0<=100: ], refCnt=1, capacity=100 allocation:
org.apache.hadoop.hdds.utils.db.CodecBuffer.<init>(CodecBuffer.java:54)
org.apache.hadoop.hdds.utils.db.CodecBuffer$LeakDetector$1.<init>(CodecBuffer.java:78)
org.apache.hadoop.hdds.utils.db.CodecBuffer$LeakDetector.newCodecBuffer(CodecBuffer.java:78)
org.apache.hadoop.hdds.utils.db.CodecBuffer$Factory.newCodecBuffer(CodecBuffer.java:71)
org.apache.hadoop.hdds.utils.db.CodecBuffer$Factory.newCodecBuffer(CodecBuffer.java:67)
org.apache.hadoop.hdds.utils.db.CodecBuffer.allocate(CodecBuffer.java:196)
org.apache.hadoop.hdds.utils.db.CodecBuffer.allocateDirect(CodecBuffer.java:204)
org.apache.hadoop.ozone.common.ChunkBuffer.allocate(ChunkBuffer.java:54)
org.apache.hadoop.hdds.scm.storage.BufferPool.allocateBuffer(BufferPool.java:102)
org.apache.hadoop.hdds.scm.storage.BlockOutputStream.allocateNewBufferIfNeeded(BlockOutputStream.java:382)
org.apache.hadoop.hdds.scm.storage.BlockOutputStream.write(BlockOutputStream.java:338)
org.apache.hadoop.ozone.client.io.BlockOutputStreamEntry.write(BlockOutputStreamEntry.java:138)
org.apache.hadoop.ozone.client.io.KeyOutputStream.writeToOutputStream(KeyOutputStream.java:258)
org.apache.hadoop.ozone.client.io.KeyOutputStream.handleWrite(KeyOutputStream.java:236)
org.apache.hadoop.ozone.client.io.KeyOutputStream.write(KeyOutputStream.java:215)
org.apache.hadoop.ozone.client.io.OzoneOutputStream.write(OzoneOutputStream.java:94)
java.base/java.io.OutputStream.write(OutputStream.java:127)
org.apache.hadoop.ozone.client.rpc.TestBlockOutputStreamWithFailures.testWriteMoreThanMaxFlushSize(TestBlockOutputStreamWithFailures.java:378)
org.apache.hadoop.ozone.client.rpc.TestBlockOutputStreamWithFailures.testContainerClose(TestBlockOutputStreamWithFailures.java:101)
java.base/jdk.internal.reflect.NativeMethodAccessorImpl.invoke0(Native Method)
java.base/jdk.internal.reflect.NativeMethodAccessorImpl.invoke(NativeMethodAccessorImpl.java:77)
java.base/jdk.internal.reflect.DelegatingMethodAccessorImpl.invoke(DelegatingMethodAccessorImpl.java:43)
java.base/java.lang.reflect.Method.invoke(Method.java:569)
org.junit.platform.commons.util.ReflectionUtils.invokeMethod(ReflectionUtils.java:728)
org.junit.jupiter.engine.execution.MethodInvocation.proceed(MethodInvocation.java:60)
org.junit.jupiter.engine.execution.InvocationInterceptorChain$ValidatingInvocation.proceed(InvocationInterceptorChain.java:131)
org.junit.jupiter.engine.extension.SameThreadTimeoutInvocation.proceed(SameThreadTimeoutInvocation.java:45)
org.junit.jupiter.engine.extension.TimeoutExtension.intercept(TimeoutExtension.java:156)
org.junit.jupiter.engine.extension.TimeoutExtension.interceptTestableMethod(TimeoutExtension.java:147)
org.junit.jupiter.engine.extension.TimeoutExtension.interceptTestTemplateMethod(TimeoutExtension.java:94)
org.junit.jupiter.engine.execution.InterceptingExecutableInvoker$ReflectiveInterceptorCall.lambda$ofVoidMethod$0(InterceptingExecutableInvoker.java:103)
org.junit.jupiter.engine.execution.InterceptingExecutableInvoker.lambda$invoke$0(InterceptingExecutableInvoker.java:93)
org.junit.jupiter.engine.execution.InvocationInterceptorChain$InterceptedInvocation.proceed(InvocationInterceptorChain.java:106)
org.junit.jupiter.engine.execution.InvocationInterceptorChain.proceed(InvocationInterceptorChain.java:64)
org.junit.jupiter.engine.execution.InvocationInterceptorChain.chainAndInvoke(InvocationInterceptorChain.java:45)
org.junit.jupiter.engine.execution.InvocationInterceptorChain.invoke(InvocationInterceptorChain.java:37)
org.junit.jupiter.engine.execution.InterceptingExecutableInvoker.invoke(InterceptingExecutableInvoker.java:92)
org.junit.jupiter.engine.execution.InterceptingExecutableInvoker.invoke(InterceptingExecutableInvoker.java:86)
org.junit.jupiter.engine.descriptor.TestMethodTestDescriptor.lambda$invokeTestMethod$7(TestMethodTestDescriptor.java:218)
org.junit.platform.engine.support.hierarchical.ThrowableCollector.execute(ThrowableCollector.java:73)
org.junit.jupiter.engine.descriptor.TestMethodTestDescriptor.invokeTestMethod(TestMethodTestDescriptor.java:214)
org.junit.jupiter.engine.descriptor.TestMethodTestDescriptor.execute(TestMethodTestDescriptor.java:139)
org.junit.jupiter.engine.descriptor.TestMethodTestDescriptor.execute(TestMethodTestDescriptor.java:69)
org.junit.platform.engine.support.hierarchical.NodeTestTask.lambda$executeRecursively$6(NodeTestTask.java:151)
org.junit.platform.engine.support.hierarchical.ThrowableCollector.execute(ThrowableCollector.java:73)
org.junit.platform.engine.support.hierarchical.NodeTestTask.lambda$executeRecursively$8(NodeTestTask.java:141)
org.junit.platform.engine.support.hierarchical.Node.around(Node.java:137)
org.junit.platform.engine.support.hierarchical.NodeTestTask.lambda$executeRecursively$9(NodeTestTask.java:139)
org.junit.platform.engine.support.hierarchical.ThrowableCollector.execute(ThrowableCollector.java:73)
org.junit.platform.engine.support.hierarchical.NodeTestTask.executeRecursively(NodeTestTask.java:138)
org.junit.platform.engine.support.hierarchical.NodeTestTask.execute(NodeTestTask.java:95)
org.junit.platform.engine.support.hierarchical.SameThreadHierarchicalTestExecutorService.submit(SameThreadHierarchicalTestExecutorService.java:35)
org.junit.platform.engine.support.hierarchical.NodeTestTask$DefaultDynamicTestExecutor.execute(NodeTestTask.java:226)
org.junit.platform.engine.support.hierarchical.NodeTestTask$DefaultDynamicTestExecutor.execute(NodeTestTask.java:204)
org.junit.jupiter.engine.descriptor.TestTemplateTestDescriptor.execute(TestTemplateTestDescriptor.java:142)
org.junit.jupiter.engine.descriptor.TestTemplateTestDescriptor.lambda$execute$2(TestTemplateTestDescriptor.java:110)
java.base/java.util.stream.ForEachOps$ForEachOp$OfRef.accept(ForEachOps.java:183)
java.base/java.util.stream.ReferencePipeline$3$1.accept(ReferencePipeline.java:197)
java.base/java.util.stream.ReferencePipeline$2$1.accept(ReferencePipeline.java:179)
java.base/java.util.stream.ReferencePipeline$3$1.accept(ReferencePipeline.java:197)
java.base/java.util.stream.ForEachOps$ForEachOp$OfRef.accept(ForEachOps.java:183)
java.base/java.util.stream.ReferencePipeline$3$1.accept(ReferencePipeline.java:197)
java.base/java.util.stream.ReferencePipeline$3$1.accept(ReferencePipeline.java:197)
java.base/java.util.stream.ReferencePipeline$3$1.accept(ReferencePipeline.java:197)
java.base/java.util.stream.ForEachOps$ForEachOp$OfRef.accept(ForEachOps.java:183)
java.base/java.util.stream.ReferencePipeline$3$1.accept(ReferencePipeline.java:197)
java.base/java.util.Spliterators$ArraySpliterator.forEachRemaining(Spliterators.java:992)
java.base/java.util.stream.ReferencePipeline$Head.forEach(ReferencePipeline.java:762)
java.base/java.util.stream.ReferencePipeline$7$1.accept(ReferencePipeline.java:276)
java.base/java.util.stream.ReferencePipeline$3$1.accept(ReferencePipeline.java:197)
java.base/java.util.stream.ReferencePipeline$3$1.accept(ReferencePipeline.java:197)
java.base/java.util.stream.ReferencePipeline$3$1.accept(ReferencePipeline.java:197)
java.base/java.util.Spliterators$ArraySpliterator.forEachRemaining(Spliterators.java:992)
java.base/java.util.stream.AbstractPipeline.copyInto(AbstractPipeline.java:509)
java.base/java.util.stream.AbstractPipeline.wrapAndCopyInto(AbstractPipeline.java:499)
java.base/java.util.stream.ForEachOps$ForEachOp.evaluateSequential(ForEachOps.java:150)
java.base/java.util.stream.ForEachOps$ForEachOp$OfRef.evaluateSequential(ForEachOps.java:173)
java.base/java.util.stream.AbstractPipeline.evaluate(AbstractPipeline.java:234)
java.base/java.util.stream.ReferencePipeline.forEach(ReferencePipeline.java:596)
java.base/java.util.stream.ReferencePipeline$7$1.accept(ReferencePipeline.java:276)
java.base/java.util.stream.ReferencePipeline$3$1.accept(ReferencePipeline.java:197)
java.base/java.util.stream.ReferencePipeline$3$1.accept(ReferencePipeline.java:197)
java.base/java.util.stream.ReferencePipeline$3$1.accept(ReferencePipeline.java:197)
java.base/java.util.ArrayList$ArrayListSpliterator.forEachRemaining(ArrayList.java:1625)
java.base/java.util.stream.AbstractPipeline.copyInto(AbstractPipeline.java:509)
java.base/java.util.stream.AbstractPipeline.wrapAndCopyInto(AbstractPipeline.java:499)
java.base/java.util.stream.ForEachOps$ForEachOp.evaluateSequential(ForEachOps.java:150)
java.base/java.util.stream.ForEachOps$ForEachOp$OfRef.evaluateSequential(ForEachOps.java:173)
java.base/java.util.stream.AbstractPipeline.evaluate(AbstractPipeline.java:234)
java.base/java.util.stream.ReferencePipeline.forEach(ReferencePipeline.java:596)
java.base/java.util.stream.ReferencePipeline$7$1.accept(ReferencePipeline.java:276)
java.base/java.util.ArrayList$ArrayListSpliterator.forEachRemaining(ArrayList.java:1625)
java.base/java.util.stream.AbstractPipeline.copyInto(AbstractPipeline.java:509)
java.base/java.util.stream.AbstractPipeline.wrapAndCopyInto(AbstractPipeline.java:499)
java.base/java.util.stream.ForEachOps$ForEachOp.evaluateSequential(ForEachOps.java:150)
java.base/java.util.stream.ForEachOps$ForEachOp$OfRef.evaluateSequential(ForEachOps.java:173)
java.base/java.util.stream.AbstractPipeline.evaluate(AbstractPipeline.java:234)
java.base/java.util.stream.ReferencePipeline.forEach(ReferencePipeline.java:596)
org.junit.jupiter.engine.descriptor.TestTemplateTestDescriptor.execute(TestTemplateTestDescriptor.java:110)
org.junit.jupiter.engine.descriptor.TestTemplateTestDescriptor.execute(TestTemplateTestDescriptor.java:44)
org.junit.platform.engine.support.hierarchical.NodeTestTask.lambda$executeRecursively$6(NodeTestTask.java:151)
org.junit.platform.engine.support.hierarchical.ThrowableCollector.execute(ThrowableCollector.java:73)
org.junit.platform.engine.support.hierarchical.NodeTestTask.lambda$executeRecursively$8(NodeTestTask.java:141)
org.junit.platform.engine.support.hierarchical.Node.around(Node.java:137)
org.junit.platform.engine.support.hierarchical.NodeTestTask.lambda$executeRecursively$9(NodeTestTask.java:139)
org.junit.platform.engine.support.hierarchical.ThrowableCollector.execute(ThrowableCollector.java:73)
org.junit.platform.engine.support.hierarchical.NodeTestTask.executeRecursively(NodeTestTask.java:138)
org.junit.platform.engine.support.hierarchical.NodeTestTask.execute(NodeTestTask.java:95)
java.base/java.util.ArrayList.forEach(ArrayList.java:1511)
org.junit.platform.engine.support.hierarchical.SameThreadHierarchicalTestExecutorService.invokeAll(SameThreadHierarchicalTestExecutorService.java:41)
org.junit.platform.engine.support.hierarchical.NodeTestTask.lambda$executeRecursively$6(NodeTestTask.java:155)
org.junit.platform.engine.support.hierarchical.ThrowableCollector.execute(ThrowableCollector.java:73)
org.junit.platform.engine.support.hierarchical.NodeTestTask.lambda$executeRecursively$8(NodeTestTask.java:141)
org.junit.platform.engine.support.hierarchical.Node.around(Node.java:137)
org.junit.platform.engine.support.hierarchical.NodeTestTask.lambda$executeRecursively$9(NodeTestTask.java:139)
org.junit.platform.engine.support.hierarchical.ThrowableCollector.execute(ThrowableCollector.java:73)
org.junit.platform.engine.support.hierarchical.NodeTestTask.executeRecursively(NodeTestTask.java:138)
org.junit.platform.engine.support.hierarchical.NodeTestTask.execute(NodeTestTask.java:95)
java.base/java.util.ArrayList.forEach(ArrayList.java:1511)
org.junit.platform.engine.support.hierarchical.SameThreadHierarchicalTestExecutorService.invokeAll(SameThreadHierarchicalTestExecutorService.java:41)
org.junit.platform.engine.support.hierarchical.NodeTestTask.lambda$executeRecursively$6(NodeTestTask.java:155)
org.junit.platform.engine.support.hierarchical.ThrowableCollector.execute(ThrowableCollector.java:73)
org.junit.platform.engine.support.hierarchical.NodeTestTask.lambda$executeRecursively$8(NodeTestTask.java:141)
org.junit.platform.engine.support.hierarchical.Node.around(Node.java:137)
org.junit.platform.engine.support.hierarchical.NodeTestTask.lambda$executeRecursively$9(NodeTestTask.java:139)
org.junit.platform.engine.support.hierarchical.ThrowableCollector.execute(ThrowableCollector.java:73)
org.junit.platform.engine.support.hierarchical.NodeTestTask.executeRecursively(NodeTestTask.java:138)
org.junit.platform.engine.support.hierarchical.NodeTestTask.execute(NodeTestTask.java:95)
org.junit.platform.engine.support.hierarchical.SameThreadHierarchicalTestExecutorService.submit(SameThreadHierarchicalTestExecutorService.java:35)
org.junit.platform.engine.support.hierarchical.HierarchicalTestExecutor.execute(HierarchicalTestExecutor.java:57)
org.junit.platform.engine.support.hierarchical.HierarchicalTestEngine.execute(HierarchicalTestEngine.java:54)
org.junit.platform.launcher.core.EngineExecutionOrchestrator.execute(EngineExecutionOrchestrator.java:198)
org.junit.platform.launcher.core.EngineExecutionOrchestrator.execute(EngineExecutionOrchestrator.java:169)
org.junit.platform.launcher.core.EngineExecutionOrchestrator.execute(EngineExecutionOrchestrator.java:93)
org.junit.platform.launcher.core.EngineExecutionOrchestrator.lambda$execute$0(EngineExecutionOrchestrator.java:58)
org.junit.platform.launcher.core.EngineExecutionOrchestrator.withInterceptedStreams(EngineExecutionOrchestrator.java:141)
org.junit.platform.launcher.core.EngineExecutionOrchestrator.execute(EngineExecutionOrchestrator.java:57)
org.junit.platform.launcher.core.DefaultLauncher.execute(DefaultLauncher.java:103)
org.junit.platform.launcher.core.DefaultLauncher.execute(DefaultLauncher.java:85)
org.junit.platform.launcher.core.DelegatingLauncher.execute(DelegatingLauncher.java:47)
org.junit.platform.launcher.core.SessionPerRequestLauncher.execute(SessionPerRequestLauncher.java:63)
org.apache.maven.surefire.junitplatform.JUnitPlatformProvider.invokeAllTests(JUnitPlatformProvider.java:154)
org.apache.maven.surefire.junitplatform.JUnitPlatformProvider.invoke(JUnitPlatformProvider.java:123)
org.apache.maven.surefire.booter.ForkedBooter.runSuitesInProcess(ForkedBooter.java:377)
org.apache.maven.surefire.booter.ForkedBooter.execute(ForkedBooter.java:138)
org.apache.maven.surefire.booter.ForkedBooter.run(ForkedBooter.java:465)
org.apache.maven.surefire.booter.ForkedBooter.main(ForkedBooter.java:451)

2024-08-15 10:19:27,755 [Finalizer] WARN  db.CodecBuffer (CodecBuffer.java:detectLeaks(279)) - LEAK 3: [0<=0<=100: ], refCnt=1, capacity=100 allocation:
org.apache.hadoop.hdds.utils.db.CodecBuffer.<init>(CodecBuffer.java:54)
org.apache.hadoop.hdds.utils.db.CodecBuffer$LeakDetector$1.<init>(CodecBuffer.java:78)
org.apache.hadoop.hdds.utils.db.CodecBuffer$LeakDetector.newCodecBuffer(CodecBuffer.java:78)
org.apache.hadoop.hdds.utils.db.CodecBuffer$Factory.newCodecBuffer(CodecBuffer.java:71)
org.apache.hadoop.hdds.utils.db.CodecBuffer$Factory.newCodecBuffer(CodecBuffer.java:67)
org.apache.hadoop.hdds.utils.db.CodecBuffer.allocate(CodecBuffer.java:196)
org.apache.hadoop.hdds.utils.db.CodecBuffer.allocateDirect(CodecBuffer.java:204)
org.apache.hadoop.ozone.common.ChunkBuffer.allocate(ChunkBuffer.java:54)
org.apache.hadoop.hdds.scm.storage.BufferPool.allocateBuffer(BufferPool.java:102)
org.apache.hadoop.hdds.scm.storage.BlockOutputStream.allocateNewBufferIfNeeded(BlockOutputStream.java:382)
org.apache.hadoop.hdds.scm.storage.BlockOutputStream.write(BlockOutputStream.java:338)
org.apache.hadoop.ozone.client.io.BlockOutputStreamEntry.write(BlockOutputStreamEntry.java:138)
org.apache.hadoop.ozone.client.io.KeyOutputStream.writeToOutputStream(KeyOutputStream.java:258)
org.apache.hadoop.ozone.client.io.KeyOutputStream.handleWrite(KeyOutputStream.java:236)
org.apache.hadoop.ozone.client.io.KeyOutputStream.write(KeyOutputStream.java:215)
org.apache.hadoop.ozone.client.io.OzoneOutputStream.write(OzoneOutputStream.java:94)
java.base/java.io.OutputStream.write(OutputStream.java:127)
org.apache.hadoop.ozone.client.rpc.TestBlockOutputStreamWithFailures.testWriteMoreThanMaxFlushSize(TestBlockOutputStreamWithFailures.java:378)
org.apache.hadoop.ozone.client.rpc.TestBlockOutputStreamWithFailures.testContainerClose(TestBlockOutputStreamWithFailures.java:101)
java.base/jdk.internal.reflect.NativeMethodAccessorImpl.invoke0(Native Method)
java.base/jdk.internal.reflect.NativeMethodAccessorImpl.invoke(NativeMethodAccessorImpl.java:77)
java.base/jdk.internal.reflect.DelegatingMethodAccessorImpl.invoke(DelegatingMethodAccessorImpl.java:43)
java.base/java.lang.reflect.Method.invoke(Method.java:569)
org.junit.platform.commons.util.ReflectionUtils.invokeMethod(ReflectionUtils.java:728)
org.junit.jupiter.engine.execution.MethodInvocation.proceed(MethodInvocation.java:60)
org.junit.jupiter.engine.execution.InvocationInterceptorChain$ValidatingInvocation.proceed(InvocationInterceptorChain.java:131)
org.junit.jupiter.engine.extension.SameThreadTimeoutInvocation.proceed(SameThreadTimeoutInvocation.java:45)
org.junit.jupiter.engine.extension.TimeoutExtension.intercept(TimeoutExtension.java:156)
org.junit.jupiter.engine.extension.TimeoutExtension.interceptTestableMethod(TimeoutExtension.java:147)
org.junit.jupiter.engine.extension.TimeoutExtension.interceptTestTemplateMethod(TimeoutExtension.java:94)
org.junit.jupiter.engine.execution.InterceptingExecutableInvoker$ReflectiveInterceptorCall.lambda$ofVoidMethod$0(InterceptingExecutableInvoker.java:103)
org.junit.jupiter.engine.execution.InterceptingExecutableInvoker.lambda$invoke$0(InterceptingExecutableInvoker.java:93)
org.junit.jupiter.engine.execution.InvocationInterceptorChain$InterceptedInvocation.proceed(InvocationInterceptorChain.java:106)
org.junit.jupiter.engine.execution.InvocationInterceptorChain.proceed(InvocationInterceptorChain.java:64)
org.junit.jupiter.engine.execution.InvocationInterceptorChain.chainAndInvoke(InvocationInterceptorChain.java:45)
org.junit.jupiter.engine.execution.InvocationInterceptorChain.invoke(InvocationInterceptorChain.java:37)
org.junit.jupiter.engine.execution.InterceptingExecutableInvoker.invoke(InterceptingExecutableInvoker.java:92)
org.junit.jupiter.engine.execution.InterceptingExecutableInvoker.invoke(InterceptingExecutableInvoker.java:86)
org.junit.jupiter.engine.descriptor.TestMethodTestDescriptor.lambda$invokeTestMethod$7(TestMethodTestDescriptor.java:218)
org.junit.platform.engine.support.hierarchical.ThrowableCollector.execute(ThrowableCollector.java:73)
org.junit.jupiter.engine.descriptor.TestMethodTestDescriptor.invokeTestMethod(TestMethodTestDescriptor.java:214)
org.junit.jupiter.engine.descriptor.TestMethodTestDescriptor.execute(TestMethodTestDescriptor.java:139)
org.junit.jupiter.engine.descriptor.TestMethodTestDescriptor.execute(TestMethodTestDescriptor.java:69)
org.junit.platform.engine.support.hierarchical.NodeTestTask.lambda$executeRecursively$6(NodeTestTask.java:151)
org.junit.platform.engine.support.hierarchical.ThrowableCollector.execute(ThrowableCollector.java:73)
org.junit.platform.engine.support.hierarchical.NodeTestTask.lambda$executeRecursively$8(NodeTestTask.java:141)
org.junit.platform.engine.support.hierarchical.Node.around(Node.java:137)
org.junit.platform.engine.support.hierarchical.NodeTestTask.lambda$executeRecursively$9(NodeTestTask.java:139)
org.junit.platform.engine.support.hierarchical.ThrowableCollector.execute(ThrowableCollector.java:73)
org.junit.platform.engine.support.hierarchical.NodeTestTask.executeRecursively(NodeTestTask.java:138)
org.junit.platform.engine.support.hierarchical.NodeTestTask.execute(NodeTestTask.java:95)
org.junit.platform.engine.support.hierarchical.SameThreadHierarchicalTestExecutorService.submit(SameThreadHierarchicalTestExecutorService.java:35)
org.junit.platform.engine.support.hierarchical.NodeTestTask$DefaultDynamicTestExecutor.execute(NodeTestTask.java:226)
org.junit.platform.engine.support.hierarchical.NodeTestTask$DefaultDynamicTestExecutor.execute(NodeTestTask.java:204)
org.junit.jupiter.engine.descriptor.TestTemplateTestDescriptor.execute(TestTemplateTestDescriptor.java:142)
org.junit.jupiter.engine.descriptor.TestTemplateTestDescriptor.lambda$execute$2(TestTemplateTestDescriptor.java:110)
java.base/java.util.stream.ForEachOps$ForEachOp$OfRef.accept(ForEachOps.java:183)
java.base/java.util.stream.ReferencePipeline$3$1.accept(ReferencePipeline.java:197)
java.base/java.util.stream.ReferencePipeline$2$1.accept(ReferencePipeline.java:179)
java.base/java.util.stream.ReferencePipeline$3$1.accept(ReferencePipeline.java:197)
java.base/java.util.stream.ForEachOps$ForEachOp$OfRef.accept(ForEachOps.java:183)
java.base/java.util.stream.ReferencePipeline$3$1.accept(ReferencePipeline.java:197)
java.base/java.util.stream.ReferencePipeline$3$1.accept(ReferencePipeline.java:197)
java.base/java.util.stream.ReferencePipeline$3$1.accept(ReferencePipeline.java:197)
java.base/java.util.stream.ForEachOps$ForEachOp$OfRef.accept(ForEachOps.java:183)
java.base/java.util.stream.ReferencePipeline$3$1.accept(ReferencePipeline.java:197)
java.base/java.util.Spliterators$ArraySpliterator.forEachRemaining(Spliterators.java:992)
java.base/java.util.stream.ReferencePipeline$Head.forEach(ReferencePipeline.java:762)
java.base/java.util.stream.ReferencePipeline$7$1.accept(ReferencePipeline.java:276)
java.base/java.util.stream.ReferencePipeline$3$1.accept(ReferencePipeline.java:197)
java.base/java.util.stream.ReferencePipeline$3$1.accept(ReferencePipeline.java:197)
java.base/java.util.stream.ReferencePipeline$3$1.accept(ReferencePipeline.java:197)
java.base/java.util.Spliterators$ArraySpliterator.forEachRemaining(Spliterators.java:992)
java.base/java.util.stream.AbstractPipeline.copyInto(AbstractPipeline.java:509)
java.base/java.util.stream.AbstractPipeline.wrapAndCopyInto(AbstractPipeline.java:499)
java.base/java.util.stream.ForEachOps$ForEachOp.evaluateSequential(ForEachOps.java:150)
java.base/java.util.stream.ForEachOps$ForEachOp$OfRef.evaluateSequential(ForEachOps.java:173)
java.base/java.util.stream.AbstractPipeline.evaluate(AbstractPipeline.java:234)
java.base/java.util.stream.ReferencePipeline.forEach(ReferencePipeline.java:596)
java.base/java.util.stream.ReferencePipeline$7$1.accept(ReferencePipeline.java:276)
java.base/java.util.stream.ReferencePipeline$3$1.accept(ReferencePipeline.java:197)
java.base/java.util.stream.ReferencePipeline$3$1.accept(ReferencePipeline.java:197)
java.base/java.util.stream.ReferencePipeline$3$1.accept(ReferencePipeline.java:197)
java.base/java.util.ArrayList$ArrayListSpliterator.forEachRemaining(ArrayList.java:1625)
java.base/java.util.stream.AbstractPipeline.copyInto(AbstractPipeline.java:509)
java.base/java.util.stream.AbstractPipeline.wrapAndCopyInto(AbstractPipeline.java:499)
java.base/java.util.stream.ForEachOps$ForEachOp.evaluateSequential(ForEachOps.java:150)
java.base/java.util.stream.ForEachOps$ForEachOp$OfRef.evaluateSequential(ForEachOps.java:173)
java.base/java.util.stream.AbstractPipeline.evaluate(AbstractPipeline.java:234)
java.base/java.util.stream.ReferencePipeline.forEach(ReferencePipeline.java:596)
java.base/java.util.stream.ReferencePipeline$7$1.accept(ReferencePipeline.java:276)
java.base/java.util.ArrayList$ArrayListSpliterator.forEachRemaining(ArrayList.java:1625)
java.base/java.util.stream.AbstractPipeline.copyInto(AbstractPipeline.java:509)
java.base/java.util.stream.AbstractPipeline.wrapAndCopyInto(AbstractPipeline.java:499)
java.base/java.util.stream.ForEachOps$ForEachOp.evaluateSequential(ForEachOps.java:150)
java.base/java.util.stream.ForEachOps$ForEachOp$OfRef.evaluateSequential(ForEachOps.java:173)
java.base/java.util.stream.AbstractPipeline.evaluate(AbstractPipeline.java:234)
java.base/java.util.stream.ReferencePipeline.forEach(ReferencePipeline.java:596)
org.junit.jupiter.engine.descriptor.TestTemplateTestDescriptor.execute(TestTemplateTestDescriptor.java:110)
org.junit.jupiter.engine.descriptor.TestTemplateTestDescriptor.execute(TestTemplateTestDescriptor.java:44)
org.junit.platform.engine.support.hierarchical.NodeTestTask.lambda$executeRecursively$6(NodeTestTask.java:151)
org.junit.platform.engine.support.hierarchical.ThrowableCollector.execute(ThrowableCollector.java:73)
org.junit.platform.engine.support.hierarchical.NodeTestTask.lambda$executeRecursively$8(NodeTestTask.java:141)
org.junit.platform.engine.support.hierarchical.Node.around(Node.java:137)
org.junit.platform.engine.support.hierarchical.NodeTestTask.lambda$executeRecursively$9(NodeTestTask.java:139)
org.junit.platform.engine.support.hierarchical.ThrowableCollector.execute(ThrowableCollector.java:73)
org.junit.platform.engine.support.hierarchical.NodeTestTask.executeRecursively(NodeTestTask.java:138)
org.junit.platform.engine.support.hierarchical.NodeTestTask.execute(NodeTestTask.java:95)
java.base/java.util.ArrayList.forEach(ArrayList.java:1511)
org.junit.platform.engine.support.hierarchical.SameThreadHierarchicalTestExecutorService.invokeAll(SameThreadHierarchicalTestExecutorService.java:41)
org.junit.platform.engine.support.hierarchical.NodeTestTask.lambda$executeRecursively$6(NodeTestTask.java:155)
org.junit.platform.engine.support.hierarchical.ThrowableCollector.execute(ThrowableCollector.java:73)
org.junit.platform.engine.support.hierarchical.NodeTestTask.lambda$executeRecursively$8(NodeTestTask.java:141)
org.junit.platform.engine.support.hierarchical.Node.around(Node.java:137)
org.junit.platform.engine.support.hierarchical.NodeTestTask.lambda$executeRecursively$9(NodeTestTask.java:139)
org.junit.platform.engine.support.hierarchical.ThrowableCollector.execute(ThrowableCollector.java:73)
org.junit.platform.engine.support.hierarchical.NodeTestTask.executeRecursively(NodeTestTask.java:138)
org.junit.platform.engine.support.hierarchical.NodeTestTask.execute(NodeTestTask.java:95)
java.base/java.util.ArrayList.forEach(ArrayList.java:1511)
org.junit.platform.engine.support.hierarchical.SameThreadHierarchicalTestExecutorService.invokeAll(SameThreadHierarchicalTestExecutorService.java:41)
org.junit.platform.engine.support.hierarchical.NodeTestTask.lambda$executeRecursively$6(NodeTestTask.java:155)
org.junit.platform.engine.support.hierarchical.ThrowableCollector.execute(ThrowableCollector.java:73)
org.junit.platform.engine.support.hierarchical.NodeTestTask.lambda$executeRecursively$8(NodeTestTask.java:141)
org.junit.platform.engine.support.hierarchical.Node.around(Node.java:137)
org.junit.platform.engine.support.hierarchical.NodeTestTask.lambda$executeRecursively$9(NodeTestTask.java:139)
org.junit.platform.engine.support.hierarchical.ThrowableCollector.execute(ThrowableCollector.java:73)
org.junit.platform.engine.support.hierarchical.NodeTestTask.executeRecursively(NodeTestTask.java:138)
org.junit.platform.engine.support.hierarchical.NodeTestTask.execute(NodeTestTask.java:95)
org.junit.platform.engine.support.hierarchical.SameThreadHierarchicalTestExecutorService.submit(SameThreadHierarchicalTestExecutorService.java:35)
org.junit.platform.engine.support.hierarchical.HierarchicalTestExecutor.execute(HierarchicalTestExecutor.java:57)
org.junit.platform.engine.support.hierarchical.HierarchicalTestEngine.execute(HierarchicalTestEngine.java:54)
org.junit.platform.launcher.core.EngineExecutionOrchestrator.execute(EngineExecutionOrchestrator.java:198)
org.junit.platform.launcher.core.EngineExecutionOrchestrator.execute(EngineExecutionOrchestrator.java:169)
org.junit.platform.launcher.core.EngineExecutionOrchestrator.execute(EngineExecutionOrchestrator.java:93)
org.junit.platform.launcher.core.EngineExecutionOrchestrator.lambda$execute$0(EngineExecutionOrchestrator.java:58)
org.junit.platform.launcher.core.EngineExecutionOrchestrator.withInterceptedStreams(EngineExecutionOrchestrator.java:141)
org.junit.platform.launcher.core.EngineExecutionOrchestrator.execute(EngineExecutionOrchestrator.java:57)
org.junit.platform.launcher.core.DefaultLauncher.execute(DefaultLauncher.java:103)
org.junit.platform.launcher.core.DefaultLauncher.execute(DefaultLauncher.java:85)
org.junit.platform.launcher.core.DelegatingLauncher.execute(DelegatingLauncher.java:47)
org.junit.platform.launcher.core.SessionPerRequestLauncher.execute(SessionPerRequestLauncher.java:63)
org.apache.maven.surefire.junitplatform.JUnitPlatformProvider.invokeAllTests(JUnitPlatformProvider.java:154)
org.apache.maven.surefire.junitplatform.JUnitPlatformProvider.invoke(JUnitPlatformProvider.java:123)
org.apache.maven.surefire.booter.ForkedBooter.runSuitesInProcess(ForkedBooter.java:377)
org.apache.maven.surefire.booter.ForkedBooter.execute(ForkedBooter.java:138)
org.apache.maven.surefire.booter.ForkedBooter.run(ForkedBooter.java:465)
org.apache.maven.surefire.booter.ForkedBooter.main(ForkedBooter.java:451)

]]></system-out>
  </testcase>
  <testcase name="testContainerClose(boolean, boolean)[3]" classname="org.apache.hadoop.ozone.client.rpc.TestBlockOutputStreamWithFailures" time="31.65">
    <failure type="java.lang.AssertionError"><![CDATA[java.lang.AssertionError: Found 3 leaked objects, check logs
	at org.apache.hadoop.hdds.utils.db.CodecBuffer.assertNoLeaks(CodecBuffer.java:232)
	at org.apache.hadoop.hdds.utils.db.CodecTestUtil.gc(CodecTestUtil.java:54)
	at org.apache.hadoop.ozone.MiniOzoneClusterImpl.shutdown(MiniOzoneClusterImpl.java:411)
	at org.apache.hadoop.ozone.client.rpc.TestBlockOutputStreamWithFailures.shutdown(TestBlockOutputStreamWithFailures.java:81)
	at java.base/java.lang.reflect.Method.invoke(Method.java:569)
	at java.base/java.util.stream.ForEachOps$ForEachOp$OfRef.accept(ForEachOps.java:183)
	at java.base/java.util.stream.ReferencePipeline$3$1.accept(ReferencePipeline.java:197)
	at java.base/java.util.stream.ReferencePipeline$2$1.accept(ReferencePipeline.java:179)
	at java.base/java.util.stream.ReferencePipeline$3$1.accept(ReferencePipeline.java:197)
	at java.base/java.util.stream.ForEachOps$ForEachOp$OfRef.accept(ForEachOps.java:183)
	at java.base/java.util.stream.ReferencePipeline$3$1.accept(ReferencePipeline.java:197)
	at java.base/java.util.stream.ReferencePipeline$3$1.accept(ReferencePipeline.java:197)
	at java.base/java.util.stream.ReferencePipeline$3$1.accept(ReferencePipeline.java:197)
	at java.base/java.util.stream.ForEachOps$ForEachOp$OfRef.accept(ForEachOps.java:183)
	at java.base/java.util.stream.ReferencePipeline$3$1.accept(ReferencePipeline.java:197)
	at java.base/java.util.Spliterators$ArraySpliterator.forEachRemaining(Spliterators.java:992)
	at java.base/java.util.stream.ReferencePipeline$Head.forEach(ReferencePipeline.java:762)
	at java.base/java.util.stream.ReferencePipeline$7$1.accept(ReferencePipeline.java:276)
	at java.base/java.util.stream.ReferencePipeline$3$1.accept(ReferencePipeline.java:197)
	at java.base/java.util.stream.ReferencePipeline$3$1.accept(ReferencePipeline.java:197)
	at java.base/java.util.stream.ReferencePipeline$3$1.accept(ReferencePipeline.java:197)
	at java.base/java.util.Spliterators$ArraySpliterator.forEachRemaining(Spliterators.java:992)
	at java.base/java.util.stream.AbstractPipeline.copyInto(AbstractPipeline.java:509)
	at java.base/java.util.stream.AbstractPipeline.wrapAndCopyInto(AbstractPipeline.java:499)
	at java.base/java.util.stream.ForEachOps$ForEachOp.evaluateSequential(ForEachOps.java:150)
	at java.base/java.util.stream.ForEachOps$ForEachOp$OfRef.evaluateSequential(ForEachOps.java:173)
	at java.base/java.util.stream.AbstractPipeline.evaluate(AbstractPipeline.java:234)
	at java.base/java.util.stream.ReferencePipeline.forEach(ReferencePipeline.java:596)
	at java.base/java.util.stream.ReferencePipeline$7$1.accept(ReferencePipeline.java:276)
	at java.base/java.util.stream.ReferencePipeline$3$1.accept(ReferencePipeline.java:197)
	at java.base/java.util.stream.ReferencePipeline$3$1.accept(ReferencePipeline.java:197)
	at java.base/java.util.stream.ReferencePipeline$3$1.accept(ReferencePipeline.java:197)
	at java.base/java.util.ArrayList$ArrayListSpliterator.forEachRemaining(ArrayList.java:1625)
	at java.base/java.util.stream.AbstractPipeline.copyInto(AbstractPipeline.java:509)
	at java.base/java.util.stream.AbstractPipeline.wrapAndCopyInto(AbstractPipeline.java:499)
	at java.base/java.util.stream.ForEachOps$ForEachOp.evaluateSequential(ForEachOps.java:150)
	at java.base/java.util.stream.ForEachOps$ForEachOp$OfRef.evaluateSequential(ForEachOps.java:173)
	at java.base/java.util.stream.AbstractPipeline.evaluate(AbstractPipeline.java:234)
	at java.base/java.util.stream.ReferencePipeline.forEach(ReferencePipeline.java:596)
	at java.base/java.util.stream.ReferencePipeline$7$1.accept(ReferencePipeline.java:276)
	at java.base/java.util.ArrayList$ArrayListSpliterator.forEachRemaining(ArrayList.java:1625)
	at java.base/java.util.stream.AbstractPipeline.copyInto(AbstractPipeline.java:509)
	at java.base/java.util.stream.AbstractPipeline.wrapAndCopyInto(AbstractPipeline.java:499)
	at java.base/java.util.stream.ForEachOps$ForEachOp.evaluateSequential(ForEachOps.java:150)
	at java.base/java.util.stream.ForEachOps$ForEachOp$OfRef.evaluateSequential(ForEachOps.java:173)
	at java.base/java.util.stream.AbstractPipeline.evaluate(AbstractPipeline.java:234)
	at java.base/java.util.stream.ReferencePipeline.forEach(ReferencePipeline.java:596)
	at java.base/java.util.ArrayList.forEach(ArrayList.java:1511)
	at java.base/java.util.ArrayList.forEach(ArrayList.java:1511)
]]></failure>
    <system-out><![CDATA[2024-08-15 10:19:27,880 [main] WARN  server.ServerUtils (ServerUtils.java:getScmDbDir(143)) - ozone.scm.db.dirs is not configured. We recommend adding this setting. Falling back to ozone.metadata.dirs instead.
2024-08-15 10:19:27,881 [main] WARN  server.ServerUtils (ServerUtils.java:getScmDbDir(143)) - ozone.scm.db.dirs is not configured. We recommend adding this setting. Falling back to ozone.metadata.dirs instead.
2024-08-15 10:19:27,881 [main] INFO  ha.SCMHANodeDetails (SCMHANodeDetails.java:loadSCMHAConfig(207)) - ServiceID for StorageContainerManager is null
2024-08-15 10:19:27,882 [main] INFO  ha.SCMHANodeDetails (SCMHANodeDetails.java:loadSCMHAConfig(212)) - ozone.scm.default.service.id is not defined, falling back to ozone.scm.service.ids to find serviceID for StorageContainerManager if it is HA enabled cluster
2024-08-15 10:19:27,882 [main] WARN  utils.HAUtils (HAUtils.java:getMetaDir(339)) - ozone.scm.db.dirs is not configured. We recommend adding this setting. Falling back to ozone.metadata.dirs instead.
2024-08-15 10:19:27,882 [main] WARN  db.DBStoreBuilder (DBStoreBuilder.java:applyDBDefinition(171)) - ozone.scm.db.dirs is not configured. We recommend adding this setting. Falling back to ozone.metadata.dirs instead.
2024-08-15 10:19:27,944 [main] INFO  net.NodeSchemaLoader (NodeSchemaLoader.java:loadSchemaFromFile(129)) - Loading schema from [jar:file:/home/runner/work/ozone/ozone/hadoop-hdds/common/target/hdds-common-1.5.0-SNAPSHOT.jar!/network-topology-default.xml]
2024-08-15 10:19:27,944 [main] INFO  net.NodeSchemaLoader (NodeSchemaLoader.java:loadSchema(176)) - Loading network topology layer schema file
2024-08-15 10:19:27,945 [main] WARN  dropwizard3.Dm3MetricRegistriesImpl (Dm3MetricRegistriesImpl.java:addReporterRegistration(114)) - New reporters are added after registries were created. Some metrics will be missing from the reporter. Please add reporter before adding any new registry.
2024-08-15 10:19:27,946 [main] WARN  dropwizard3.Dm3MetricRegistriesImpl (Dm3MetricRegistriesImpl.java:addReporterRegistration(114)) - New reporters are added after registries were created. Some metrics will be missing from the reporter. Please add reporter before adding any new registry.
2024-08-15 10:19:27,946 [main] INFO  upgrade.AbstractLayoutVersionManager (AbstractLayoutVersionManager.java:init(83)) - Initializing Layout version manager with metadata layout = HBASE_SUPPORT (version = 8), software layout = HBASE_SUPPORT (version = 8)
2024-08-15 10:19:27,947 [main] INFO  ha.SequenceIdGenerator (SequenceIdGenerator.java:upgradeToSequenceId(369)) - upgrade localId to 113750153625600000
2024-08-15 10:19:27,948 [main] INFO  ha.SequenceIdGenerator (SequenceIdGenerator.java:upgradeToSequenceId(379)) - upgrade delTxnId to 0
2024-08-15 10:19:27,949 [main] INFO  ha.SequenceIdGenerator (SequenceIdGenerator.java:upgradeToSequenceId(396)) - upgrade containerId to 0
2024-08-15 10:19:27,950 [main] INFO  ha.SequenceIdGenerator (SequenceIdGenerator.java:upgradeToCertificateSequenceId(433)) - upgrade CertificateId to 2
2024-08-15 10:19:27,951 [main] INFO  ha.SequenceIdGenerator (SequenceIdGenerator.java:<init>(240)) - Init the HA SequenceIdGenerator.
2024-08-15 10:19:27,951 [main] INFO  node.SCMNodeManager (SCMNodeManager.java:<init>(178)) - Entering startup safe mode.
2024-08-15 10:19:27,952 [main] INFO  algorithms.ContainerPlacementPolicyFactory (ContainerPlacementPolicyFactory.java:getPolicyInternal(86)) - Create container placement policy of type org.apache.hadoop.hdds.scm.container.placement.algorithms.SCMContainerPlacementRackAware
2024-08-15 10:19:27,952 [main] INFO  algorithms.ContainerPlacementPolicyFactory (ContainerPlacementPolicyFactory.java:getPolicyInternal(86)) - Create container placement policy of type org.apache.hadoop.hdds.scm.container.placement.algorithms.SCMContainerPlacementRackScatter
2024-08-15 10:19:27,953 [main] INFO  pipeline.PipelineStateManagerImpl (PipelineStateManagerImpl.java:initialize(78)) - No pipeline exists in current db
2024-08-15 10:19:27,953 [main] INFO  algorithms.LeaderChoosePolicyFactory (LeaderChoosePolicyFactory.java:getPolicy(57)) - Create leader choose policy of type org.apache.hadoop.hdds.scm.pipeline.leader.choose.algorithms.MinLeaderCountChoosePolicy
2024-08-15 10:19:27,953 [main] INFO  algorithms.ContainerPlacementPolicyFactory (ContainerPlacementPolicyFactory.java:getPolicyInternal(86)) - Create container placement policy of type org.apache.hadoop.hdds.scm.container.placement.algorithms.SCMContainerPlacementRackScatter
2024-08-15 10:19:27,953 [main] INFO  ha.SCMServiceManager (SCMServiceManager.java:register(42)) - Registering service BackgroundPipelineCreator.
2024-08-15 10:19:27,953 [main] INFO  pipeline.BackgroundPipelineCreator (BackgroundPipelineCreator.java:start(127)) - Starting RatisPipelineUtilsThread.
2024-08-15 10:19:27,954 [main] INFO  BackgroundPipelineScrubber (BackgroundSCMService.java:start(65)) - Starting BackgroundPipelineScrubber Service.
2024-08-15 10:19:27,961 [main] INFO  ha.SCMServiceManager (SCMServiceManager.java:register(42)) - Registering service BackgroundPipelineScrubber.
2024-08-15 10:19:27,961 [main] INFO  ExpiredContainerReplicaOpScrubber (BackgroundSCMService.java:start(65)) - Starting ExpiredContainerReplicaOpScrubber Service.
2024-08-15 10:19:27,965 [main] INFO  ha.SCMServiceManager (SCMServiceManager.java:register(42)) - Registering service ExpiredContainerReplicaOpScrubber.
2024-08-15 10:19:27,966 [main] INFO  algorithms.PipelineChoosePolicyFactory (PipelineChoosePolicyFactory.java:createPipelineChoosePolicyFromClass(80)) - Create pipeline choose policy of type org.apache.hadoop.hdds.scm.pipeline.choose.algorithms.RandomPipelineChoosePolicy
2024-08-15 10:19:27,966 [main] INFO  algorithms.PipelineChoosePolicyFactory (PipelineChoosePolicyFactory.java:createPipelineChoosePolicyFromClass(80)) - Create pipeline choose policy of type org.apache.hadoop.hdds.scm.pipeline.choose.algorithms.RandomPipelineChoosePolicy
2024-08-15 10:19:27,966 [main] INFO  ha.SCMServiceManager (SCMServiceManager.java:register(42)) - Registering service SCMBlockDeletingService.
2024-08-15 10:19:27,967 [main] INFO  replication.ReplicationManager (ReplicationManager.java:start(296)) - Starting Replication Monitor Thread.
2024-08-15 10:19:27,967 [main] INFO  ha.SCMServiceManager (SCMServiceManager.java:register(42)) - Registering service ReplicationManager.
2024-08-15 10:19:27,967 [ReplicationMonitor] INFO  replication.ReplicationManager (ReplicationManager.java:processAll(373)) - Replication Manager is not ready to run until 3000ms after safemode exit
2024-08-15 10:19:27,968 [main] INFO  safemode.ContainerSafeModeRule (ContainerSafeModeRule.java:<init>(91)) - containers with one replica threshold count 0
2024-08-15 10:19:27,968 [main] INFO  safemode.HealthyPipelineSafeModeRule (HealthyPipelineSafeModeRule.java:initializeRule(176)) - Total pipeline count is 0, healthy pipeline threshold count is 1
2024-08-15 10:19:27,968 [main] INFO  safemode.OneReplicaPipelineSafeModeRule (OneReplicaPipelineSafeModeRule.java:initializeRule(193)) - Total pipeline count is 0, pipeline's with at least one datanode reported threshold count is 0
2024-08-15 10:19:27,968 [main] INFO  server.StorageContainerManager (StorageContainerManager.java:<init>(442)) - SCM start with adminUsers: [runner]
2024-08-15 10:19:27,969 [main] INFO  ipc.CallQueueManager (CallQueueManager.java:<init>(90)) - Using callQueue: class java.util.concurrent.LinkedBlockingQueue, queueCapacity: 10000, scheduler: class org.apache.hadoop.ipc.DefaultRpcScheduler, ipcBackoff: false.
2024-08-15 10:19:27,969 [main] INFO  ipc.Server (Server.java:<init>(1287)) - Listener at 0.0.0.0:15532
2024-08-15 10:19:27,969 [Socket Reader #1 for port 15532] INFO  ipc.Server (Server.java:run(1323)) - Starting Socket Reader #1 for port 15532
2024-08-15 10:19:27,971 [Socket Reader #2 for port 15532] INFO  ipc.Server (Server.java:run(1323)) - Starting Socket Reader #2 for port 15532
2024-08-15 10:19:27,971 [Socket Reader #3 for port 15532] INFO  ipc.Server (Server.java:run(1323)) - Starting Socket Reader #3 for port 15532
2024-08-15 10:19:27,971 [Socket Reader #4 for port 15532] INFO  ipc.Server (Server.java:run(1323)) - Starting Socket Reader #4 for port 15532
2024-08-15 10:19:27,971 [Socket Reader #5 for port 15532] INFO  ipc.Server (Server.java:run(1323)) - Starting Socket Reader #5 for port 15532
2024-08-15 10:19:27,971 [Socket Reader #6 for port 15532] INFO  ipc.Server (Server.java:run(1323)) - Starting Socket Reader #6 for port 15532
2024-08-15 10:19:27,971 [Socket Reader #7 for port 15532] INFO  ipc.Server (Server.java:run(1323)) - Starting Socket Reader #7 for port 15532
2024-08-15 10:19:27,971 [Socket Reader #8 for port 15532] INFO  ipc.Server (Server.java:run(1323)) - Starting Socket Reader #8 for port 15532
2024-08-15 10:19:27,971 [Socket Reader #9 for port 15532] INFO  ipc.Server (Server.java:run(1323)) - Starting Socket Reader #9 for port 15532
2024-08-15 10:19:27,972 [Socket Reader #10 for port 15532] INFO  ipc.Server (Server.java:run(1323)) - Starting Socket Reader #10 for port 15532
2024-08-15 10:19:27,973 [main] INFO  ipc.CallQueueManager (CallQueueManager.java:<init>(90)) - Using callQueue: class java.util.concurrent.LinkedBlockingQueue, queueCapacity: 10000, scheduler: class org.apache.hadoop.ipc.DefaultRpcScheduler, ipcBackoff: false.
2024-08-15 10:19:27,973 [main] INFO  ipc.Server (Server.java:<init>(1287)) - Listener at 0.0.0.0:15531
2024-08-15 10:19:27,975 [Socket Reader #1 for port 15531] INFO  ipc.Server (Server.java:run(1323)) - Starting Socket Reader #1 for port 15531
2024-08-15 10:19:27,975 [Socket Reader #2 for port 15531] INFO  ipc.Server (Server.java:run(1323)) - Starting Socket Reader #2 for port 15531
2024-08-15 10:19:27,975 [Socket Reader #3 for port 15531] INFO  ipc.Server (Server.java:run(1323)) - Starting Socket Reader #3 for port 15531
2024-08-15 10:19:27,975 [Socket Reader #4 for port 15531] INFO  ipc.Server (Server.java:run(1323)) - Starting Socket Reader #4 for port 15531
2024-08-15 10:19:27,975 [Socket Reader #5 for port 15531] INFO  ipc.Server (Server.java:run(1323)) - Starting Socket Reader #5 for port 15531
2024-08-15 10:19:27,975 [Socket Reader #6 for port 15531] INFO  ipc.Server (Server.java:run(1323)) - Starting Socket Reader #6 for port 15531
2024-08-15 10:19:27,976 [Socket Reader #7 for port 15531] INFO  ipc.Server (Server.java:run(1323)) - Starting Socket Reader #7 for port 15531
2024-08-15 10:19:27,976 [Socket Reader #8 for port 15531] INFO  ipc.Server (Server.java:run(1323)) - Starting Socket Reader #8 for port 15531
2024-08-15 10:19:27,976 [Socket Reader #9 for port 15531] INFO  ipc.Server (Server.java:run(1323)) - Starting Socket Reader #9 for port 15531
2024-08-15 10:19:27,976 [Socket Reader #10 for port 15531] INFO  ipc.Server (Server.java:run(1323)) - Starting Socket Reader #10 for port 15531
2024-08-15 10:19:27,977 [main] INFO  ipc.CallQueueManager (CallQueueManager.java:<init>(90)) - Using callQueue: class java.util.concurrent.LinkedBlockingQueue, queueCapacity: 10000, scheduler: class org.apache.hadoop.ipc.DefaultRpcScheduler, ipcBackoff: false.
2024-08-15 10:19:27,977 [main] INFO  ipc.Server (Server.java:<init>(1287)) - Listener at 0.0.0.0:15530
2024-08-15 10:19:27,977 [Socket Reader #1 for port 15530] INFO  ipc.Server (Server.java:run(1323)) - Starting Socket Reader #1 for port 15530
2024-08-15 10:19:27,977 [Socket Reader #2 for port 15530] INFO  ipc.Server (Server.java:run(1323)) - Starting Socket Reader #2 for port 15530
2024-08-15 10:19:27,977 [Socket Reader #3 for port 15530] INFO  ipc.Server (Server.java:run(1323)) - Starting Socket Reader #3 for port 15530
2024-08-15 10:19:27,978 [Socket Reader #4 for port 15530] INFO  ipc.Server (Server.java:run(1323)) - Starting Socket Reader #4 for port 15530
2024-08-15 10:19:27,978 [Socket Reader #5 for port 15530] INFO  ipc.Server (Server.java:run(1323)) - Starting Socket Reader #5 for port 15530
2024-08-15 10:19:27,978 [Socket Reader #6 for port 15530] INFO  ipc.Server (Server.java:run(1323)) - Starting Socket Reader #6 for port 15530
2024-08-15 10:19:27,978 [Socket Reader #7 for port 15530] INFO  ipc.Server (Server.java:run(1323)) - Starting Socket Reader #7 for port 15530
2024-08-15 10:19:27,978 [Socket Reader #8 for port 15530] INFO  ipc.Server (Server.java:run(1323)) - Starting Socket Reader #8 for port 15530
2024-08-15 10:19:27,978 [Socket Reader #9 for port 15530] INFO  ipc.Server (Server.java:run(1323)) - Starting Socket Reader #9 for port 15530
2024-08-15 10:19:27,978 [Socket Reader #10 for port 15530] INFO  ipc.Server (Server.java:run(1323)) - Starting Socket Reader #10 for port 15530
2024-08-15 10:19:27,982 [main] INFO  ha.SCMServiceManager (SCMServiceManager.java:register(42)) - Registering service ContainerBalancer.
2024-08-15 10:19:27,982 [main] INFO  ha.SCMContext (SCMContext.java:updateSafeModeStatus(225)) - Update SafeModeStatus from SafeModeStatus{safeModeStatus=true, preCheckPassed=false} to SafeModeStatus{safeModeStatus=true, preCheckPassed=false}.
2024-08-15 10:19:27,982 [main] INFO  server.StorageContainerManager (StorageContainerManager.java:start(1543)) - StorageContainerLocationProtocol RPC server is listening at /0.0.0.0:15530
2024-08-15 10:19:27,982 [main] INFO  impl.MetricsSystemImpl (MetricsSystemImpl.java:init(158)) - StorageContainerManager metrics system started (again)
2024-08-15 10:19:27,990 [main] INFO  server.SCMClientProtocolServer (SCMClientProtocolServer.java:start(213)) - RPC server for Client  is listening at /0.0.0.0:15530
2024-08-15 10:19:27,991 [IPC Server Responder] INFO  ipc.Server (Server.java:run(1562)) - IPC Server Responder: starting
2024-08-15 10:19:27,991 [IPC Server listener on 15530] INFO  ipc.Server (Server.java:run(1402)) - IPC Server listener on 15530: starting
2024-08-15 10:19:28,002 [main] INFO  server.StorageContainerManager (StorageContainerManager.java:start(1556)) - ScmBlockLocationProtocol RPC server is listening at /0.0.0.0:15531
2024-08-15 10:19:28,002 [main] INFO  server.SCMBlockProtocolServer (SCMBlockProtocolServer.java:start(172)) - RPC server for Block Protocol is listening at /0.0.0.0:15531
2024-08-15 10:19:28,002 [IPC Server Responder] INFO  ipc.Server (Server.java:run(1562)) - IPC Server Responder: starting
2024-08-15 10:19:28,002 [IPC Server listener on 15531] INFO  ipc.Server (Server.java:run(1402)) - IPC Server listener on 15531: starting
2024-08-15 10:19:28,012 [main] INFO  server.SCMDatanodeProtocolServer (SCMDatanodeProtocolServer.java:start(199)) - ScmDatanodeProtocol RPC server for DataNodes is listening at /0.0.0.0:15532
2024-08-15 10:19:28,012 [IPC Server Responder] INFO  ipc.Server (Server.java:run(1562)) - IPC Server Responder: starting
2024-08-15 10:19:28,012 [IPC Server listener on 15532] INFO  ipc.Server (Server.java:run(1402)) - IPC Server listener on 15532: starting
2024-08-15 10:19:28,022 [JvmPauseMonitor74] INFO  util.JvmPauseMonitor (JvmPauseMonitor.java:run(146)) - JvmPauseMonitor-48b54842-4a44-4332-86c3-8acaac0be2ed: Started
2024-08-15 10:19:28,023 [main] INFO  http.BaseHttpServer (BaseHttpServer.java:newHttpServer2BuilderForOzone(223)) - Starting Web-server for scm at: http://0.0.0.0:15533
2024-08-15 10:19:28,023 [main] INFO  http.BaseHttpServer (BaseHttpServer.java:<init>(110)) - Hadoop Security Enabled: false Ozone Security Enabled: false Ozone HTTP Security Enabled: false 
2024-08-15 10:19:28,024 [main] WARN  server.AuthenticationFilter (AuthenticationFilter.java:constructSecretProvider(240)) - Unable to initialize FileSignerSecretProvider, falling back to use random secrets. Reason: Could not read signature secret file: /home/runner/hadoop-http-auth-signature-secret
2024-08-15 10:19:28,024 [main] INFO  http.HttpRequestLog (HttpRequestLog.java:getRequestLog(86)) - Http request log for http.requests.scm is not defined
2024-08-15 10:19:28,025 [main] INFO  http.HttpServer2 (HttpServer2.java:addGlobalFilter(1035)) - Added global filter 'safety' (class=org.apache.hadoop.hdds.server.http.HttpServer2$QuotingInputFilter)
2024-08-15 10:19:28,025 [main] INFO  http.HttpServer2 (HttpServer2.java:addFilter(1011)) - Added filter static_user_filter (class=org.apache.hadoop.http.lib.StaticUserWebFilter$StaticUserFilter) to context scm
2024-08-15 10:19:28,025 [main] INFO  http.HttpServer2 (HttpServer2.java:addFilter(1019)) - Added filter static_user_filter (class=org.apache.hadoop.http.lib.StaticUserWebFilter$StaticUserFilter) to context static
2024-08-15 10:19:28,026 [main] INFO  http.HttpServer2 (HttpServer2.java:addFilter(1019)) - Added filter static_user_filter (class=org.apache.hadoop.http.lib.StaticUserWebFilter$StaticUserFilter) to context logs
2024-08-15 10:19:28,026 [main] INFO  http.BaseHttpServer (BaseHttpServer.java:<init>(189)) - HTTP server of scm uses base directory /home/runner/work/ozone/ozone/hadoop-ozone/integration-test/target/test-dir/MiniOzoneClusterImpl-b6aad0f5-771e-4cba-adce-99e3b3454f11/ozone-meta/webserver
2024-08-15 10:19:28,027 [main] INFO  http.HttpServer2 (HttpServer2.java:bindListener(1235)) - Jetty bound to port 15533
2024-08-15 10:19:28,027 [main] INFO  server.Server (Server.java:doStart(375)) - jetty-9.4.55.v20240627; built: 2024-06-27T15:05:37.765Z; git: 70015831e5195ba74da6383c4ab7c90c56bb08af; jvm 17.0.12+7
2024-08-15 10:19:28,028 [main] INFO  server.session (DefaultSessionIdManager.java:doStart(334)) - DefaultSessionIdManager workerName=node0
2024-08-15 10:19:28,028 [main] INFO  server.session (DefaultSessionIdManager.java:doStart(339)) - No SessionScavenger set, using defaults
2024-08-15 10:19:28,028 [main] INFO  server.session (HouseKeeper.java:startScavenging(132)) - node0 Scavenging every 660000ms
2024-08-15 10:19:28,029 [main] INFO  handler.ContextHandler (ContextHandler.java:doStart(921)) - Started o.e.j.s.ServletContextHandler@5e8d1f19{logs,/logs,file:///home/runner/work/ozone/ozone/hadoop-ozone/integration-test/target/log,AVAILABLE}
2024-08-15 10:19:28,029 [main] INFO  handler.ContextHandler (ContextHandler.java:doStart(921)) - Started o.e.j.s.ServletContextHandler@416240e0{static,/static,file:///home/runner/work/ozone/ozone/hadoop-ozone/integration-test/target/test-classes/webapps/static,AVAILABLE}
2024-08-15 10:19:28,033 [main] INFO  handler.ContextHandler (ContextHandler.java:doStart(921)) - Started o.e.j.w.WebAppContext@159990bd{scm,/,file:///home/runner/work/ozone/ozone/hadoop-ozone/integration-test/target/test-classes/webapps/scm/,AVAILABLE}{file:/home/runner/work/ozone/ozone/hadoop-ozone/integration-test/target/test-classes/webapps/scm}
2024-08-15 10:19:28,034 [main] INFO  server.AbstractConnector (AbstractConnector.java:doStart(333)) - Started ServerConnector@365a0614{HTTP/1.1, (http/1.1)}{0.0.0.0:15533}
2024-08-15 10:19:28,034 [main] INFO  server.Server (Server.java:doStart(415)) - Started @532150ms
2024-08-15 10:19:28,034 [main] WARN  impl.MetricsSystemImpl (MetricsSystemImpl.java:register(279)) - Sink prometheus already exists!
2024-08-15 10:19:28,034 [main] INFO  http.BaseHttpServer (BaseHttpServer.java:updateConnectorAddress(354)) - HTTP server of scm listening at http://0.0.0.0:15533
2024-08-15 10:19:28,035 [main] WARN  server.ServerUtils (ServerUtils.java:getDBPath(299)) - ozone.om.db.dirs is not configured. We recommend adding this setting. Falling back to ozone.metadata.dirs instead.
2024-08-15 10:19:28,036 [main] INFO  ha.OMHANodeDetails (OMHANodeDetails.java:loadOMHAConfig(115)) - ozone.om.internal.service.id is not defined, falling back to ozone.om.service.ids to find serviceID for OzoneManager if it is HA enabled cluster
2024-08-15 10:19:28,036 [main] INFO  ha.OMHANodeDetails (OMHANodeDetails.java:loadOMHAConfig(226)) - Configuration does not have ozone.om.address set. Falling back to the default OM address /127.0.0.1:15534
2024-08-15 10:19:28,036 [main] INFO  ha.OMHANodeDetails (OMHANodeDetails.java:getOMNodeDetailsForNonHA(254)) - OM Service ID is not set. Setting it to the default ID: omServiceIdDefault
2024-08-15 10:19:28,037 [main] INFO  ha.OMHANodeDetails (OMHANodeDetails.java:getOMNodeDetailsForNonHA(261)) - OM Node ID is not set. Setting it to the default ID: om1
2024-08-15 10:19:28,037 [main] WARN  server.ServerUtils (ServerUtils.java:getDBPath(299)) - ozone.om.db.dirs is not configured. We recommend adding this setting. Falling back to ozone.metadata.dirs instead.
2024-08-15 10:19:28,037 [main] INFO  upgrade.AbstractLayoutVersionManager (AbstractLayoutVersionManager.java:init(83)) - Initializing Layout version manager with metadata layout = HBASE_SUPPORT (version = 7), software layout = HBASE_SUPPORT (version = 7)
2024-08-15 10:19:28,075 [main] INFO  reflections.Reflections (Reflections.java:scan(219)) - Reflections took 37 ms to scan 2 urls, producing 188 keys and 549 values
2024-08-15 10:19:28,075 [main] INFO  upgrade.OMLayoutVersionManager (OMLayoutVersionManager.java:lambda$0(113)) - Skipping Upgrade Action QuotaRepairUpgradeAction since it has been finalized.
2024-08-15 10:19:28,075 [main] INFO  upgrade.OMLayoutVersionManager (OMLayoutVersionManager.java:lambda$0(113)) - Skipping Upgrade Action MockOmUpgradeAction since it has been finalized.
2024-08-15 10:19:28,076 [main] WARN  server.ServerUtils (ServerUtils.java:getDBPath(299)) - ozone.om.db.dirs is not configured. We recommend adding this setting. Falling back to ozone.metadata.dirs instead.
2024-08-15 10:19:28,077 [main] INFO  proxy.SCMBlockLocationFailoverProxyProvider (SCMBlockLocationFailoverProxyProvider.java:<init>(115)) - Created block location fail-over proxy with 1 nodes: [nodeId=scmNodeId,nodeAddress=/0.0.0.0:15531]
2024-08-15 10:19:28,079 [main] INFO  proxy.SCMBlockLocationFailoverProxyProvider (SCMBlockLocationFailoverProxyProvider.java:<init>(115)) - Created block location fail-over proxy with 1 nodes: [nodeId=scmNodeId,nodeAddress=/0.0.0.0:15531]
2024-08-15 10:19:28,083 [main] INFO  om.OzoneManager (OzoneManager.java:<init>(690)) - OM start with adminUsers: [runner]
2024-08-15 10:19:28,083 [main] WARN  server.ServerUtils (ServerUtils.java:getDBPath(299)) - ozone.om.db.dirs is not configured. We recommend adding this setting. Falling back to ozone.metadata.dirs instead.
2024-08-15 10:19:28,084 [main] INFO  helpers.OmKeyInfo (OmKeyInfo.java:getCodec(72)) - OmKeyInfo.getCodec ignorePipeline = true
2024-08-15 10:19:28,243 [main] INFO  om.OzoneManager (OzoneManager.java:instantiateServices(824)) - S3 Multi-Tenancy is disabled
2024-08-15 10:19:28,243 [main] INFO  om.OmSnapshotManager (OmSnapshotManager.java:<init>(180)) - Ozone filesystem snapshot feature is enabled.
2024-08-15 10:19:28,243 [main] WARN  server.ServerUtils (ServerUtils.java:getDBPath(299)) - ozone.om.snapshot.diff.db.dir is not configured. We recommend adding this setting. Falling back to ozone.metadata.dirs instead.
2024-08-15 10:19:28,261 [main] INFO  utils.NativeLibraryLoader (NativeLibraryLoader.java:loadLibrary(111)) - Loading Library: ozone_rocksdb_tools
2024-08-15 10:19:28,261 [main] ERROR snapshot.SnapshotDiffManager (SnapshotDiffManager.java:initNativeLibraryForEfficientDiff(287)) - Native Library for raw sst file reading loading failed.
org.apache.hadoop.hdds.utils.NativeLibraryNotLoadedException: Unable to load library ozone_rocksdb_tools from both java.library.path & resource file libozone_rocksdb_tools.so from jar.
	at org.apache.hadoop.hdds.utils.db.managed.ManagedRawSSTFileReader.loadLibrary(ManagedRawSSTFileReader.java:40)
	at org.apache.hadoop.ozone.om.snapshot.SnapshotDiffManager.initNativeLibraryForEfficientDiff(SnapshotDiffManager.java:285)
	at org.apache.hadoop.ozone.om.snapshot.SnapshotDiffManager.<init>(SnapshotDiffManager.java:259)
	at org.apache.hadoop.ozone.om.OmSnapshotManager.<init>(OmSnapshotManager.java:287)
	at org.apache.hadoop.ozone.om.OzoneManager.instantiateServices(OzoneManager.java:876)
	at org.apache.hadoop.ozone.om.OzoneManager.<init>(OzoneManager.java:700)
	at org.apache.hadoop.ozone.om.OzoneManager.createOm(OzoneManager.java:787)
	at org.apache.hadoop.ozone.MiniOzoneClusterImpl$Builder.createOM(MiniOzoneClusterImpl.java:703)
	at org.apache.hadoop.ozone.MiniOzoneClusterImpl$Builder.createAndStartSingleOM(MiniOzoneClusterImpl.java:687)
	at org.apache.hadoop.ozone.MiniOzoneClusterImpl$Builder.build(MiniOzoneClusterImpl.java:549)
	at org.apache.hadoop.ozone.client.rpc.TestBlockOutputStream.createCluster(TestBlockOutputStream.java:125)
	at org.apache.hadoop.ozone.client.rpc.TestBlockOutputStreamWithFailures.init(TestBlockOutputStreamWithFailures.java:75)
	at java.base/jdk.internal.reflect.NativeMethodAccessorImpl.invoke0(Native Method)
	at java.base/jdk.internal.reflect.NativeMethodAccessorImpl.invoke(NativeMethodAccessorImpl.java:77)
	at java.base/jdk.internal.reflect.DelegatingMethodAccessorImpl.invoke(DelegatingMethodAccessorImpl.java:43)
	at java.base/java.lang.reflect.Method.invoke(Method.java:569)
	at org.junit.platform.commons.util.ReflectionUtils.invokeMethod(ReflectionUtils.java:728)
	at org.junit.jupiter.engine.execution.MethodInvocation.proceed(MethodInvocation.java:60)
	at org.junit.jupiter.engine.execution.InvocationInterceptorChain$ValidatingInvocation.proceed(InvocationInterceptorChain.java:131)
	at org.junit.jupiter.engine.extension.TimeoutExtension.intercept(TimeoutExtension.java:156)
	at org.junit.jupiter.engine.extension.TimeoutExtension.interceptLifecycleMethod(TimeoutExtension.java:128)
	at org.junit.jupiter.engine.extension.TimeoutExtension.interceptBeforeEachMethod(TimeoutExtension.java:78)
	at org.junit.jupiter.engine.execution.InterceptingExecutableInvoker$ReflectiveInterceptorCall.lambda$ofVoidMethod$0(InterceptingExecutableInvoker.java:103)
	at org.junit.jupiter.engine.execution.InterceptingExecutableInvoker.lambda$invoke$0(InterceptingExecutableInvoker.java:93)
	at org.junit.jupiter.engine.execution.InvocationInterceptorChain$InterceptedInvocation.proceed(InvocationInterceptorChain.java:106)
	at org.junit.jupiter.engine.execution.InvocationInterceptorChain.proceed(InvocationInterceptorChain.java:64)
	at org.junit.jupiter.engine.execution.InvocationInterceptorChain.chainAndInvoke(InvocationInterceptorChain.java:45)
	at org.junit.jupiter.engine.execution.InvocationInterceptorChain.invoke(InvocationInterceptorChain.java:37)
	at org.junit.jupiter.engine.execution.InterceptingExecutableInvoker.invoke(InterceptingExecutableInvoker.java:92)
	at org.junit.jupiter.engine.execution.InterceptingExecutableInvoker.invoke(InterceptingExecutableInvoker.java:86)
	at org.junit.jupiter.engine.descriptor.ClassBasedTestDescriptor.invokeMethodInExtensionContext(ClassBasedTestDescriptor.java:521)
	at org.junit.jupiter.engine.descriptor.ClassBasedTestDescriptor.lambda$synthesizeBeforeEachMethodAdapter$23(ClassBasedTestDescriptor.java:506)
	at org.junit.jupiter.engine.descriptor.TestMethodTestDescriptor.lambda$invokeBeforeEachMethods$3(TestMethodTestDescriptor.java:175)
	at org.junit.jupiter.engine.descriptor.TestMethodTestDescriptor.lambda$invokeBeforeMethodsOrCallbacksUntilExceptionOccurs$6(TestMethodTestDescriptor.java:203)
	at org.junit.platform.engine.support.hierarchical.ThrowableCollector.execute(ThrowableCollector.java:73)
	at org.junit.jupiter.engine.descriptor.TestMethodTestDescriptor.invokeBeforeMethodsOrCallbacksUntilExceptionOccurs(TestMethodTestDescriptor.java:203)
	at org.junit.jupiter.engine.descriptor.TestMethodTestDescriptor.invokeBeforeEachMethods(TestMethodTestDescriptor.java:172)
	at org.junit.jupiter.engine.descriptor.TestMethodTestDescriptor.execute(TestMethodTestDescriptor.java:135)
	at org.junit.jupiter.engine.descriptor.TestMethodTestDescriptor.execute(TestMethodTestDescriptor.java:69)
	at org.junit.platform.engine.support.hierarchical.NodeTestTask.lambda$executeRecursively$6(NodeTestTask.java:151)
	at org.junit.platform.engine.support.hierarchical.ThrowableCollector.execute(ThrowableCollector.java:73)
	at org.junit.platform.engine.support.hierarchical.NodeTestTask.lambda$executeRecursively$8(NodeTestTask.java:141)
	at org.junit.platform.engine.support.hierarchical.Node.around(Node.java:137)
	at org.junit.platform.engine.support.hierarchical.NodeTestTask.lambda$executeRecursively$9(NodeTestTask.java:139)
	at org.junit.platform.engine.support.hierarchical.ThrowableCollector.execute(ThrowableCollector.java:73)
	at org.junit.platform.engine.support.hierarchical.NodeTestTask.executeRecursively(NodeTestTask.java:138)
	at org.junit.platform.engine.support.hierarchical.NodeTestTask.execute(NodeTestTask.java:95)
	at org.junit.platform.engine.support.hierarchical.SameThreadHierarchicalTestExecutorService.submit(SameThreadHierarchicalTestExecutorService.java:35)
	at org.junit.platform.engine.support.hierarchical.NodeTestTask$DefaultDynamicTestExecutor.execute(NodeTestTask.java:226)
	at org.junit.platform.engine.support.hierarchical.NodeTestTask$DefaultDynamicTestExecutor.execute(NodeTestTask.java:204)
	at org.junit.jupiter.engine.descriptor.TestTemplateTestDescriptor.execute(TestTemplateTestDescriptor.java:142)
	at org.junit.jupiter.engine.descriptor.TestTemplateTestDescriptor.lambda$execute$2(TestTemplateTestDescriptor.java:110)
	at java.base/java.util.stream.ForEachOps$ForEachOp$OfRef.accept(ForEachOps.java:183)
	at java.base/java.util.stream.ReferencePipeline$3$1.accept(ReferencePipeline.java:197)
	at java.base/java.util.stream.ReferencePipeline$2$1.accept(ReferencePipeline.java:179)
	at java.base/java.util.stream.ReferencePipeline$3$1.accept(ReferencePipeline.java:197)
	at java.base/java.util.stream.ForEachOps$ForEachOp$OfRef.accept(ForEachOps.java:183)
	at java.base/java.util.stream.ReferencePipeline$3$1.accept(ReferencePipeline.java:197)
	at java.base/java.util.stream.ReferencePipeline$3$1.accept(ReferencePipeline.java:197)
	at java.base/java.util.stream.ReferencePipeline$3$1.accept(ReferencePipeline.java:197)
	at java.base/java.util.stream.ForEachOps$ForEachOp$OfRef.accept(ForEachOps.java:183)
	at java.base/java.util.stream.ReferencePipeline$3$1.accept(ReferencePipeline.java:197)
	at java.base/java.util.Spliterators$ArraySpliterator.forEachRemaining(Spliterators.java:992)
	at java.base/java.util.stream.ReferencePipeline$Head.forEach(ReferencePipeline.java:762)
	at java.base/java.util.stream.ReferencePipeline$7$1.accept(ReferencePipeline.java:276)
	at java.base/java.util.stream.ReferencePipeline$3$1.accept(ReferencePipeline.java:197)
	at java.base/java.util.stream.ReferencePipeline$3$1.accept(ReferencePipeline.java:197)
	at java.base/java.util.stream.ReferencePipeline$3$1.accept(ReferencePipeline.java:197)
	at java.base/java.util.Spliterators$ArraySpliterator.forEachRemaining(Spliterators.java:992)
	at java.base/java.util.stream.AbstractPipeline.copyInto(AbstractPipeline.java:509)
	at java.base/java.util.stream.AbstractPipeline.wrapAndCopyInto(AbstractPipeline.java:499)
	at java.base/java.util.stream.ForEachOps$ForEachOp.evaluateSequential(ForEachOps.java:150)
	at java.base/java.util.stream.ForEachOps$ForEachOp$OfRef.evaluateSequential(ForEachOps.java:173)
	at java.base/java.util.stream.AbstractPipeline.evaluate(AbstractPipeline.java:234)
	at java.base/java.util.stream.ReferencePipeline.forEach(ReferencePipeline.java:596)
	at java.base/java.util.stream.ReferencePipeline$7$1.accept(ReferencePipeline.java:276)
	at java.base/java.util.stream.ReferencePipeline$3$1.accept(ReferencePipeline.java:197)
	at java.base/java.util.stream.ReferencePipeline$3$1.accept(ReferencePipeline.java:197)
	at java.base/java.util.stream.ReferencePipeline$3$1.accept(ReferencePipeline.java:197)
	at java.base/java.util.ArrayList$ArrayListSpliterator.forEachRemaining(ArrayList.java:1625)
	at java.base/java.util.stream.AbstractPipeline.copyInto(AbstractPipeline.java:509)
	at java.base/java.util.stream.AbstractPipeline.wrapAndCopyInto(AbstractPipeline.java:499)
	at java.base/java.util.stream.ForEachOps$ForEachOp.evaluateSequential(ForEachOps.java:150)
	at java.base/java.util.stream.ForEachOps$ForEachOp$OfRef.evaluateSequential(ForEachOps.java:173)
	at java.base/java.util.stream.AbstractPipeline.evaluate(AbstractPipeline.java:234)
	at java.base/java.util.stream.ReferencePipeline.forEach(ReferencePipeline.java:596)
	at java.base/java.util.stream.ReferencePipeline$7$1.accept(ReferencePipeline.java:276)
	at java.base/java.util.ArrayList$ArrayListSpliterator.forEachRemaining(ArrayList.java:1625)
	at java.base/java.util.stream.AbstractPipeline.copyInto(AbstractPipeline.java:509)
	at java.base/java.util.stream.AbstractPipeline.wrapAndCopyInto(AbstractPipeline.java:499)
	at java.base/java.util.stream.ForEachOps$ForEachOp.evaluateSequential(ForEachOps.java:150)
	at java.base/java.util.stream.ForEachOps$ForEachOp$OfRef.evaluateSequential(ForEachOps.java:173)
	at java.base/java.util.stream.AbstractPipeline.evaluate(AbstractPipeline.java:234)
	at java.base/java.util.stream.ReferencePipeline.forEach(ReferencePipeline.java:596)
	at org.junit.jupiter.engine.descriptor.TestTemplateTestDescriptor.execute(TestTemplateTestDescriptor.java:110)
	at org.junit.jupiter.engine.descriptor.TestTemplateTestDescriptor.execute(TestTemplateTestDescriptor.java:44)
	at org.junit.platform.engine.support.hierarchical.NodeTestTask.lambda$executeRecursively$6(NodeTestTask.java:151)
	at org.junit.platform.engine.support.hierarchical.ThrowableCollector.execute(ThrowableCollector.java:73)
	at org.junit.platform.engine.support.hierarchical.NodeTestTask.lambda$executeRecursively$8(NodeTestTask.java:141)
	at org.junit.platform.engine.support.hierarchical.Node.around(Node.java:137)
	at org.junit.platform.engine.support.hierarchical.NodeTestTask.lambda$executeRecursively$9(NodeTestTask.java:139)
	at org.junit.platform.engine.support.hierarchical.ThrowableCollector.execute(ThrowableCollector.java:73)
	at org.junit.platform.engine.support.hierarchical.NodeTestTask.executeRecursively(NodeTestTask.java:138)
	at org.junit.platform.engine.support.hierarchical.NodeTestTask.execute(NodeTestTask.java:95)
	at java.base/java.util.ArrayList.forEach(ArrayList.java:1511)
	at org.junit.platform.engine.support.hierarchical.SameThreadHierarchicalTestExecutorService.invokeAll(SameThreadHierarchicalTestExecutorService.java:41)
	at org.junit.platform.engine.support.hierarchical.NodeTestTask.lambda$executeRecursively$6(NodeTestTask.java:155)
	at org.junit.platform.engine.support.hierarchical.ThrowableCollector.execute(ThrowableCollector.java:73)
	at org.junit.platform.engine.support.hierarchical.NodeTestTask.lambda$executeRecursively$8(NodeTestTask.java:141)
	at org.junit.platform.engine.support.hierarchical.Node.around(Node.java:137)
	at org.junit.platform.engine.support.hierarchical.NodeTestTask.lambda$executeRecursively$9(NodeTestTask.java:139)
	at org.junit.platform.engine.support.hierarchical.ThrowableCollector.execute(ThrowableCollector.java:73)
	at org.junit.platform.engine.support.hierarchical.NodeTestTask.executeRecursively(NodeTestTask.java:138)
	at org.junit.platform.engine.support.hierarchical.NodeTestTask.execute(NodeTestTask.java:95)
	at java.base/java.util.ArrayList.forEach(ArrayList.java:1511)
	at org.junit.platform.engine.support.hierarchical.SameThreadHierarchicalTestExecutorService.invokeAll(SameThreadHierarchicalTestExecutorService.java:41)
	at org.junit.platform.engine.support.hierarchical.NodeTestTask.lambda$executeRecursively$6(NodeTestTask.java:155)
	at org.junit.platform.engine.support.hierarchical.ThrowableCollector.execute(ThrowableCollector.java:73)
	at org.junit.platform.engine.support.hierarchical.NodeTestTask.lambda$executeRecursively$8(NodeTestTask.java:141)
	at org.junit.platform.engine.support.hierarchical.Node.around(Node.java:137)
	at org.junit.platform.engine.support.hierarchical.NodeTestTask.lambda$executeRecursively$9(NodeTestTask.java:139)
	at org.junit.platform.engine.support.hierarchical.ThrowableCollector.execute(ThrowableCollector.java:73)
	at org.junit.platform.engine.support.hierarchical.NodeTestTask.executeRecursively(NodeTestTask.java:138)
	at org.junit.platform.engine.support.hierarchical.NodeTestTask.execute(NodeTestTask.java:95)
	at org.junit.platform.engine.support.hierarchical.SameThreadHierarchicalTestExecutorService.submit(SameThreadHierarchicalTestExecutorService.java:35)
	at org.junit.platform.engine.support.hierarchical.HierarchicalTestExecutor.execute(HierarchicalTestExecutor.java:57)
	at org.junit.platform.engine.support.hierarchical.HierarchicalTestEngine.execute(HierarchicalTestEngine.java:54)
	at org.junit.platform.launcher.core.EngineExecutionOrchestrator.execute(EngineExecutionOrchestrator.java:198)
	at org.junit.platform.launcher.core.EngineExecutionOrchestrator.execute(EngineExecutionOrchestrator.java:169)
	at org.junit.platform.launcher.core.EngineExecutionOrchestrator.execute(EngineExecutionOrchestrator.java:93)
	at org.junit.platform.launcher.core.EngineExecutionOrchestrator.lambda$execute$0(EngineExecutionOrchestrator.java:58)
	at org.junit.platform.launcher.core.EngineExecutionOrchestrator.withInterceptedStreams(EngineExecutionOrchestrator.java:141)
	at org.junit.platform.launcher.core.EngineExecutionOrchestrator.execute(EngineExecutionOrchestrator.java:57)
	at org.junit.platform.launcher.core.DefaultLauncher.execute(DefaultLauncher.java:103)
	at org.junit.platform.launcher.core.DefaultLauncher.execute(DefaultLauncher.java:85)
	at org.junit.platform.launcher.core.DelegatingLauncher.execute(DelegatingLauncher.java:47)
	at org.junit.platform.launcher.core.SessionPerRequestLauncher.execute(SessionPerRequestLauncher.java:63)
	at org.apache.maven.surefire.junitplatform.JUnitPlatformProvider.invokeAllTests(JUnitPlatformProvider.java:154)
	at org.apache.maven.surefire.junitplatform.JUnitPlatformProvider.invoke(JUnitPlatformProvider.java:123)
	at org.apache.maven.surefire.booter.ForkedBooter.runSuitesInProcess(ForkedBooter.java:377)
	at org.apache.maven.surefire.booter.ForkedBooter.execute(ForkedBooter.java:138)
	at org.apache.maven.surefire.booter.ForkedBooter.run(ForkedBooter.java:465)
	at org.apache.maven.surefire.booter.ForkedBooter.main(ForkedBooter.java:451)
2024-08-15 10:19:28,264 [main] INFO  om.OzoneManager (OzoneManager.java:addS3GVolumeToDB(4577)) - Created Volume s3v With Owner runner required for S3Gateway operations.
2024-08-15 10:19:28,264 [main] WARN  server.ServerUtils (ServerUtils.java:getDefaultRatisDirectory(311)) - Storage directory for Ratis is not configured. It is a good idea to map this to an SSD disk. Falling back to ozone.metadata.dirs
2024-08-15 10:19:28,264 [main] WARN  utils.OzoneManagerRatisUtils (OzoneManagerRatisUtils.java:getOMRatisSnapshotDirectory(475)) - ozone.om.ratis.snapshot.dir is not configured. Falling back to ozone.metadata.dirs config
2024-08-15 10:19:28,265 [main] WARN  dropwizard3.Dm3MetricRegistriesImpl (Dm3MetricRegistriesImpl.java:addReporterRegistration(114)) - New reporters are added after registries were created. Some metrics will be missing from the reporter. Please add reporter before adding any new registry.
2024-08-15 10:19:28,265 [main] WARN  dropwizard3.Dm3MetricRegistriesImpl (Dm3MetricRegistriesImpl.java:addReporterRegistration(114)) - New reporters are added after registries were created. Some metrics will be missing from the reporter. Please add reporter before adding any new registry.
2024-08-15 10:19:28,265 [main] WARN  server.ServerUtils (ServerUtils.java:getDefaultRatisDirectory(311)) - Storage directory for Ratis is not configured. It is a good idea to map this to an SSD disk. Falling back to ozone.metadata.dirs
2024-08-15 10:19:28,266 [main] INFO  ratis.OzoneManagerRatisServer (OzoneManagerRatisServer.java:<init>(168)) - Instantiating OM Ratis server with groupID: omServiceIdDefault and peers: localhost:15537
2024-08-15 10:19:28,266 [main] INFO  ratis.OzoneManagerStateMachine (OzoneManagerStateMachine.java:loadSnapshotInfoFromDB(593)) - TransactionInfo not found in OM DB.
2024-08-15 10:19:28,267 [main] INFO  server.RaftServer (ConfUtils.java:logGet(46)) - raft.rpc.type = GRPC (default)
2024-08-15 10:19:28,267 [main] INFO  grpc.GrpcConfigKeys (ConfUtils.java:logFallback(53)) - raft.grpc.admin.host = null (fallback to raft.grpc.server.host)
2024-08-15 10:19:28,267 [main] INFO  grpc.GrpcConfigKeys (ConfUtils.java:logFallback(53)) - raft.grpc.admin.port = 15537 (fallback to raft.grpc.server.port)
2024-08-15 10:19:28,267 [main] INFO  grpc.GrpcConfigKeys (ConfUtils.java:logFallback(53)) - raft.grpc.client.host = null (fallback to raft.grpc.server.host)
2024-08-15 10:19:28,267 [main] INFO  grpc.GrpcConfigKeys (ConfUtils.java:logFallback(53)) - raft.grpc.client.port = 15537 (fallback to raft.grpc.server.port)
2024-08-15 10:19:28,267 [main] INFO  grpc.GrpcConfigKeys (ConfUtils.java:logGet(46)) - raft.grpc.server.host = null (default)
2024-08-15 10:19:28,267 [main] INFO  grpc.GrpcConfigKeys (ConfUtils.java:logGet(46)) - raft.grpc.server.port = 15537 (custom)
2024-08-15 10:19:28,268 [main] INFO  server.GrpcService (ConfUtils.java:logGet(46)) - raft.grpc.message.size.max = 4194304 (custom)
2024-08-15 10:19:28,268 [main] INFO  server.RaftServerConfigKeys (ConfUtils.java:logGet(46)) - raft.server.log.appender.buffer.byte-limit = 4194304 (custom)
2024-08-15 10:19:28,268 [main] INFO  server.GrpcService (ConfUtils.java:logGet(46)) - raft.grpc.flow.control.window = 1MB (=1048576) (default)
2024-08-15 10:19:28,268 [main] INFO  server.RaftServerConfigKeys (ConfUtils.java:logGet(46)) - raft.server.rpc.request.timeout = 3000ms (default)
2024-08-15 10:19:28,268 [main] INFO  grpc.GrpcConfigKeys (ConfUtils.java:logGet(46)) - raft.grpc.server.heartbeat.channel = true (default)
2024-08-15 10:19:28,268 [main] INFO  grpc.GrpcConfigKeys (ConfUtils.java:logGet(46)) - raft.grpc.server.async.request.thread.pool.cached = true (default)
2024-08-15 10:19:28,268 [main] INFO  grpc.GrpcConfigKeys (ConfUtils.java:logGet(46)) - raft.grpc.server.async.request.thread.pool.size = 32 (default)
2024-08-15 10:19:28,269 [main] INFO  impl.DataStreamServerImpl (ConfUtils.java:logGet(46)) - raft.datastream.type = DISABLED (default)
2024-08-15 10:19:28,269 [main] INFO  server.RaftServerConfigKeys (ConfUtils.java:logGet(46)) - raft.server.sleep.deviation.threshold = 300ms (default)
2024-08-15 10:19:28,270 [main] INFO  server.RaftServerConfigKeys (ConfUtils.java:logGet(46)) - raft.server.close.threshold = 60s (default)
2024-08-15 10:19:28,270 [main] INFO  server.RaftServerConfigKeys (ConfUtils.java:logGet(46)) - raft.server.leaderelection.leader.step-down.wait-time = 10s (default)
2024-08-15 10:19:28,270 [main] INFO  server.RaftServerConfigKeys (ConfUtils.java:logGet(46)) - raft.server.storage.dir = [/home/runner/work/ozone/ozone/hadoop-ozone/integration-test/target/test-dir/MiniOzoneClusterImpl-b6aad0f5-771e-4cba-adce-99e3b3454f11/ozone-meta/ratis] (custom)
2024-08-15 10:19:28,270 [main] INFO  server.RaftServerConfigKeys (ConfUtils.java:logGet(46)) - raft.server.threadpool.proxy.cached = true (default)
2024-08-15 10:19:28,270 [main] INFO  server.RaftServerConfigKeys (ConfUtils.java:logGet(46)) - raft.server.threadpool.proxy.size = 0 (default)
2024-08-15 10:19:28,271 [main] INFO  server.RaftServer (RaftServerProxy.java:addNew(101)) - om1: addNew group-C5BA1605619E:[om1|localhost:15537] returns group-C5BA1605619E:java.util.concurrent.CompletableFuture@3e61f1f[Not completed]
2024-08-15 10:19:28,271 [main] INFO  om.OzoneManager (OzoneManager.java:initializeRatisServer(2192)) - OzoneManager Ratis server initialized at port 15537
2024-08-15 10:19:28,271 [main] INFO  om.OzoneManager (OzoneManager.java:getRpcServer(1240)) - Creating RPC Server
2024-08-15 10:19:28,271 [om1-groupManagement] INFO  server.RaftServer$Division (RaftServerImpl.java:<init>(253)) - om1: new RaftServerImpl for group-C5BA1605619E:[om1|localhost:15537] with OzoneManagerStateMachine:uninitialized
2024-08-15 10:19:28,272 [om1-groupManagement] INFO  server.RaftServerConfigKeys (ConfUtils.java:logGet(46)) - raft.server.rpc.timeout.min = 1s (custom)
2024-08-15 10:19:28,272 [om1-groupManagement] INFO  server.RaftServerConfigKeys (ConfUtils.java:logGet(46)) - raft.server.rpc.timeout.max = 1200ms (custom)
2024-08-15 10:19:28,272 [om1-groupManagement] INFO  server.RaftServerConfigKeys (ConfUtils.java:logGet(46)) - raft.server.rpc.sleep.time = 25ms (default)
2024-08-15 10:19:28,272 [om1-groupManagement] INFO  server.RaftServerConfigKeys (ConfUtils.java:logGet(46)) - raft.server.rpc.slowness.timeout = 120s (custom)
2024-08-15 10:19:28,277 [om1-groupManagement] INFO  server.RaftServerConfigKeys (ConfUtils.java:logGet(46)) - raft.server.leaderelection.leader.step-down.wait-time = 10s (default)
2024-08-15 10:19:28,277 [om1-groupManagement] INFO  server.RaftServerConfigKeys (ConfUtils.java:logGet(46)) - raft.server.leaderelection.member.majority-add = false (default)
2024-08-15 10:19:28,277 [om1-groupManagement] INFO  server.RaftServerConfigKeys (ConfUtils.java:logGet(46)) - raft.server.sleep.deviation.threshold = 300ms (default)
2024-08-15 10:19:28,277 [om1-groupManagement] INFO  server.RaftServer$Division (ServerState.java:<init>(114)) - om1@group-C5BA1605619E: ConfigurationManager, init=conf: {index: -1, cur=peers:[om1|localhost:15537]|listeners:[], old=null}, confs=<EMPTY_MAP>
2024-08-15 10:19:28,277 [om1-groupManagement] INFO  server.RaftServerConfigKeys (ConfUtils.java:logGet(46)) - raft.server.notification.no-leader.timeout = 120s (custom)
2024-08-15 10:19:28,278 [om1-groupManagement] INFO  server.RaftServerConfigKeys (ConfUtils.java:logGet(46)) - raft.server.read.timeout = 10s (default)
2024-08-15 10:19:28,278 [om1-groupManagement] INFO  server.RaftServerConfigKeys (ConfUtils.java:logGet(46)) - raft.server.retrycache.expirytime = 300s (custom)
2024-08-15 10:19:28,278 [om1-groupManagement] INFO  server.RaftServerConfigKeys (ConfUtils.java:logGet(46)) - raft.server.retrycache.statistics.expirytime = 100ms (default)
2024-08-15 10:19:28,278 [om1-groupManagement] INFO  server.RaftServerConfigKeys (ConfUtils.java:logGet(46)) - raft.server.read.option = DEFAULT (default)
2024-08-15 10:19:28,278 [om1-groupManagement] INFO  server.RaftServerConfigKeys (ConfUtils.java:logGet(46)) - raft.server.read.read-after-write-consistent.write-index-cache.expiry-time = 60s (default)
2024-08-15 10:19:28,278 [om1-groupManagement] INFO  server.RaftServerConfigKeys (ConfUtils.java:logGet(46)) - raft.server.rpc.request.timeout = 3000ms (default)
2024-08-15 10:19:28,278 [om1-groupManagement] INFO  server.RaftServerConfigKeys (ConfUtils.java:logGet(46)) - raft.server.log.appender.install.snapshot.enabled = false (custom)
2024-08-15 10:19:28,278 [om1-groupManagement] INFO  server.RaftServerConfigKeys (ConfUtils.java:logGet(46)) - raft.server.threadpool.server.cached = true (default)
2024-08-15 10:19:28,278 [om1-groupManagement] INFO  server.RaftServerConfigKeys (ConfUtils.java:logGet(46)) - raft.server.threadpool.server.size = 0 (default)
2024-08-15 10:19:28,278 [om1-groupManagement] INFO  server.RaftServerConfigKeys (ConfUtils.java:logGet(46)) - raft.server.threadpool.client.cached = true (default)
2024-08-15 10:19:28,278 [om1-groupManagement] INFO  server.RaftServerConfigKeys (ConfUtils.java:logGet(46)) - raft.server.threadpool.client.size = 0 (default)
2024-08-15 10:19:28,560 [main] INFO  reflections.Reflections (Reflections.java:scan(219)) - Reflections took 288 ms to scan 20 urls, producing 59 keys and 6776 values
2024-08-15 10:19:28,561 [main] INFO  ipc.CallQueueManager (CallQueueManager.java:<init>(90)) - Using callQueue: class java.util.concurrent.LinkedBlockingQueue, queueCapacity: 2000, scheduler: class org.apache.hadoop.ipc.DefaultRpcScheduler, ipcBackoff: false.
2024-08-15 10:19:28,561 [main] INFO  ipc.Server (Server.java:<init>(1287)) - Listener at 127.0.0.1:15534
2024-08-15 10:19:28,562 [Socket Reader #1 for port 15534] INFO  ipc.Server (Server.java:run(1323)) - Starting Socket Reader #1 for port 15534
2024-08-15 10:19:28,562 [Socket Reader #2 for port 15534] INFO  ipc.Server (Server.java:run(1323)) - Starting Socket Reader #2 for port 15534
2024-08-15 10:19:28,562 [Socket Reader #3 for port 15534] INFO  ipc.Server (Server.java:run(1323)) - Starting Socket Reader #3 for port 15534
2024-08-15 10:19:28,563 [Socket Reader #4 for port 15534] INFO  ipc.Server (Server.java:run(1323)) - Starting Socket Reader #4 for port 15534
2024-08-15 10:19:28,563 [Socket Reader #5 for port 15534] INFO  ipc.Server (Server.java:run(1323)) - Starting Socket Reader #5 for port 15534
2024-08-15 10:19:28,563 [Socket Reader #6 for port 15534] INFO  ipc.Server (Server.java:run(1323)) - Starting Socket Reader #6 for port 15534
2024-08-15 10:19:28,563 [Socket Reader #7 for port 15534] INFO  ipc.Server (Server.java:run(1323)) - Starting Socket Reader #7 for port 15534
2024-08-15 10:19:28,563 [Socket Reader #9 for port 15534] INFO  ipc.Server (Server.java:run(1323)) - Starting Socket Reader #9 for port 15534
2024-08-15 10:19:28,563 [Socket Reader #8 for port 15534] INFO  ipc.Server (Server.java:run(1323)) - Starting Socket Reader #8 for port 15534
2024-08-15 10:19:28,564 [Socket Reader #10 for port 15534] INFO  ipc.Server (Server.java:run(1323)) - Starting Socket Reader #10 for port 15534
2024-08-15 10:19:28,582 [main] INFO  impl.MetricsSystemImpl (MetricsSystemImpl.java:init(158)) - OzoneManager metrics system started (again)
2024-08-15 10:19:28,590 [main] INFO  om.OzoneManager (OzoneManager.java:start(1668)) - OzoneManager RPC server is listening at localhost/127.0.0.1:15534
2024-08-15 10:19:28,590 [main] INFO  ratis.OzoneManagerRatisServer (OzoneManagerRatisServer.java:start(594)) - Starting OzoneManagerRatisServer om1 at port 15537
2024-08-15 10:19:28,590 [om1-impl-thread1] INFO  server.RaftServerConfigKeys (ConfUtils.java:logGet(46)) - raft.server.storage.free-space.min = 0MB (=0) (default)
2024-08-15 10:19:28,591 [om1-impl-thread1] INFO  server.RaftServerConfigKeys (ConfUtils.java:logGet(46)) - raft.server.log.corruption.policy = EXCEPTION (default)
2024-08-15 10:19:28,591 [om1-impl-thread1] INFO  server.RaftServerConfigKeys (ConfUtils.java:logGet(46)) - raft.server.storage.dir = [/home/runner/work/ozone/ozone/hadoop-ozone/integration-test/target/test-dir/MiniOzoneClusterImpl-b6aad0f5-771e-4cba-adce-99e3b3454f11/ozone-meta/ratis] (custom)
2024-08-15 10:19:28,591 [om1-impl-thread1] INFO  storage.RaftStorageDirectory (RaftStorageDirectoryImpl.java:analyzeStorage(138)) - The storage directory /home/runner/work/ozone/ozone/hadoop-ozone/integration-test/target/test-dir/MiniOzoneClusterImpl-b6aad0f5-771e-4cba-adce-99e3b3454f11/ozone-meta/ratis/bf265839-605b-3f16-9796-c5ba1605619e does not exist. Creating ...
2024-08-15 10:19:28,592 [om1-impl-thread1] INFO  storage.RaftStorageDirectory (RaftStorageDirectoryImpl.java:tryLock(229)) - Lock on /home/runner/work/ozone/ozone/hadoop-ozone/integration-test/target/test-dir/MiniOzoneClusterImpl-b6aad0f5-771e-4cba-adce-99e3b3454f11/ozone-meta/ratis/bf265839-605b-3f16-9796-c5ba1605619e/in_use.lock acquired by nodename 113339@fv-az1107-352
2024-08-15 10:19:28,593 [om1-impl-thread1] INFO  storage.RaftStorage (RaftStorageImpl.java:format(98)) - Storage directory /home/runner/work/ozone/ozone/hadoop-ozone/integration-test/target/test-dir/MiniOzoneClusterImpl-b6aad0f5-771e-4cba-adce-99e3b3454f11/ozone-meta/ratis/bf265839-605b-3f16-9796-c5ba1605619e has been successfully formatted.
2024-08-15 10:19:28,593 [om1-impl-thread1] INFO  server.RaftServerConfigKeys (ConfUtils.java:logGet(46)) - raft.server.log.use.memory = false (default)
2024-08-15 10:19:28,594 [om1-impl-thread1] INFO  server.RaftServerConfigKeys (ConfUtils.java:logGet(46)) - raft.server.log.purge.gap = 1000000 (custom)
2024-08-15 10:19:28,594 [om1-impl-thread1] INFO  server.RaftServerConfigKeys (ConfUtils.java:logGet(46)) - raft.server.log.appender.buffer.byte-limit = 4194304 (custom)
2024-08-15 10:19:28,594 [om1-impl-thread1] INFO  server.RaftServerConfigKeys (ConfUtils.java:logGet(46)) - raft.server.log.statemachine.data.read.timeout = 1000ms (default)
2024-08-15 10:19:28,594 [om1-impl-thread1] INFO  server.RaftServerConfigKeys (ConfUtils.java:logGet(46)) - raft.server.log.purge.preservation.log.num = 0 (default)
2024-08-15 10:19:28,594 [om1-impl-thread1] INFO  server.RaftServerConfigKeys (ConfUtils.java:logGet(46)) - raft.server.log.segment.size.max = 4194304 (custom)
2024-08-15 10:19:28,594 [om1-impl-thread1] INFO  server.RaftServerConfigKeys (ConfUtils.java:logGet(46)) - raft.server.log.segment.cache.num.max = 2 (custom)
2024-08-15 10:19:28,594 [om1-impl-thread1] INFO  server.RaftServerConfigKeys (ConfUtils.java:logGet(46)) - raft.server.log.segment.cache.size.max = 200MB (=209715200) (default)
2024-08-15 10:19:28,594 [om1-impl-thread1] INFO  server.RaftServerConfigKeys (ConfUtils.java:logGet(46)) - raft.server.log.appender.buffer.byte-limit = 4194304 (custom)
2024-08-15 10:19:28,594 [om1-impl-thread1] INFO  util.AwaitToRun (AwaitToRun.java:start(81)) - Thread[om1@group-C5BA1605619E-cacheEviction-AwaitToRun,5,main] started
2024-08-15 10:19:28,594 [om1-impl-thread1] INFO  segmented.SegmentedRaftLogWorker (SegmentedRaftLogWorker.java:<init>(184)) - new om1@group-C5BA1605619E-SegmentedRaftLogWorker for RaftStorageImpl:Storage Directory /home/runner/work/ozone/ozone/hadoop-ozone/integration-test/target/test-dir/MiniOzoneClusterImpl-b6aad0f5-771e-4cba-adce-99e3b3454f11/ozone-meta/ratis/bf265839-605b-3f16-9796-c5ba1605619e
2024-08-15 10:19:28,594 [om1-impl-thread1] INFO  server.RaftServerConfigKeys (ConfUtils.java:logGet(46)) - raft.server.log.queue.byte-limit = 64MB (=67108864) (default)
2024-08-15 10:19:28,594 [om1-impl-thread1] INFO  server.RaftServerConfigKeys (ConfUtils.java:logGet(46)) - raft.server.log.queue.element-limit = 4096 (default)
2024-08-15 10:19:28,595 [om1-impl-thread1] INFO  server.RaftServerConfigKeys (ConfUtils.java:logGet(46)) - raft.server.log.segment.size.max = 4194304 (custom)
2024-08-15 10:19:28,595 [om1-impl-thread1] INFO  server.RaftServerConfigKeys (ConfUtils.java:logGet(46)) - raft.server.log.preallocated.size = 4194304 (custom)
2024-08-15 10:19:28,595 [om1-impl-thread1] INFO  server.RaftServerConfigKeys (ConfUtils.java:logGet(46)) - raft.server.log.force.sync.num = 128 (default)
2024-08-15 10:19:28,595 [om1-impl-thread1] INFO  server.RaftServerConfigKeys (ConfUtils.java:logGet(46)) - raft.server.log.statemachine.data.sync = true (default)
2024-08-15 10:19:28,595 [om1-impl-thread1] INFO  server.RaftServerConfigKeys (ConfUtils.java:logGet(46)) - raft.server.log.statemachine.data.sync.timeout = 10s (default)
2024-08-15 10:19:28,595 [om1-impl-thread1] INFO  server.RaftServerConfigKeys (ConfUtils.java:logGet(46)) - raft.server.log.statemachine.data.sync.timeout.retry = -1 (default)
2024-08-15 10:19:28,595 [om1-impl-thread1] INFO  server.RaftServerConfigKeys (ConfUtils.java:logGet(46)) - raft.server.log.write.buffer.size = 4194312 (custom)
2024-08-15 10:19:28,596 [om1-impl-thread1] INFO  server.RaftServerConfigKeys (ConfUtils.java:logGet(46)) - raft.server.log.appender.buffer.byte-limit = 4194304 (custom)
2024-08-15 10:19:28,597 [om1-impl-thread1] INFO  server.RaftServerConfigKeys (ConfUtils.java:logGet(46)) - raft.server.log.unsafe-flush.enabled = false (default)
2024-08-15 10:19:28,597 [om1-impl-thread1] INFO  server.RaftServerConfigKeys (ConfUtils.java:logGet(46)) - raft.server.log.async-flush.enabled = false (default)
2024-08-15 10:19:28,597 [om1-impl-thread1] INFO  server.RaftServerConfigKeys (ConfUtils.java:logGet(46)) - raft.server.log.statemachine.data.caching.enabled = false (default)
2024-08-15 10:19:28,597 [om1-impl-thread1] INFO  segmented.SegmentedRaftLogWorker (SegmentedRaftLogWorker.java:lambda$new$0(135)) - om1@group-C5BA1605619E-SegmentedRaftLogWorker: flushIndex: setUnconditionally 0 -> -1
2024-08-15 10:19:28,597 [om1-impl-thread1] INFO  segmented.SegmentedRaftLogWorker (SegmentedRaftLogWorker.java:lambda$new$0(135)) - om1@group-C5BA1605619E-SegmentedRaftLogWorker: safeCacheEvictIndex: setUnconditionally 0 -> -1
2024-08-15 10:19:28,597 [om1-impl-thread1] INFO  server.RaftServer$Division (RaftServerImpl.java:start(389)) - om1@group-C5BA1605619E: start as a follower, conf=conf: {index: -1, cur=peers:[om1|localhost:15537]|listeners:[], old=null}
2024-08-15 10:19:28,597 [om1-impl-thread1] INFO  server.RaftServer$Division (RaftServerImpl.java:setRole(376)) - om1@group-C5BA1605619E: changes role from      null to FOLLOWER at term 0 for startAsFollower
2024-08-15 10:19:28,597 [om1-impl-thread1] INFO  impl.RoleInfo (RoleInfo.java:updateAndGet(148)) - om1: start om1@group-C5BA1605619E-FollowerState
2024-08-15 10:19:28,598 [om1@group-C5BA1605619E-FollowerState] INFO  server.RaftServerConfigKeys (ConfUtils.java:logFallback(53)) - raft.server.rpc.first-election.timeout.min = 1s (fallback to raft.server.rpc.timeout.min)
2024-08-15 10:19:28,598 [om1-impl-thread1] ERROR util.JmxRegister (JmxRegister.java:tryRegister(40)) - Failed to register JMX Bean with name Ratis:service=RaftServer,group=group-C5BA1605619E,id=om1
javax.management.InstanceAlreadyExistsException: Ratis:service=RaftServer,group=group-C5BA1605619E,id=om1
	at java.management/com.sun.jmx.mbeanserver.Repository.addMBean(Repository.java:436)
	at java.management/com.sun.jmx.interceptor.DefaultMBeanServerInterceptor.registerWithRepository(DefaultMBeanServerInterceptor.java:1865)
	at java.management/com.sun.jmx.interceptor.DefaultMBeanServerInterceptor.registerDynamicMBean(DefaultMBeanServerInterceptor.java:960)
	at java.management/com.sun.jmx.interceptor.DefaultMBeanServerInterceptor.registerObject(DefaultMBeanServerInterceptor.java:895)
	at java.management/com.sun.jmx.interceptor.DefaultMBeanServerInterceptor.registerMBean(DefaultMBeanServerInterceptor.java:320)
	at java.management/com.sun.jmx.mbeanserver.JmxMBeanServer.registerMBean(JmxMBeanServer.java:523)
	at org.apache.ratis.util.JmxRegister.tryRegister(JmxRegister.java:38)
	at org.apache.ratis.util.JmxRegister.register(JmxRegister.java:56)
	at org.apache.ratis.server.impl.RaftServerJmxAdapter.registerMBean(RaftServerJmxAdapter.java:36)
	at org.apache.ratis.server.impl.RaftServerJmxAdapter.registerMBean(RaftServerJmxAdapter.java:49)
	at org.apache.ratis.server.impl.RaftServerImpl.start(RaftServerImpl.java:399)
	at org.apache.ratis.util.ConcurrentUtils.accept(ConcurrentUtils.java:203)
	at org.apache.ratis.util.ConcurrentUtils.lambda$null$4(ConcurrentUtils.java:182)
	at java.base/java.util.concurrent.ThreadPoolExecutor.runWorker(ThreadPoolExecutor.java:1136)
	at java.base/java.util.concurrent.ThreadPoolExecutor$Worker.run(ThreadPoolExecutor.java:635)
	at java.base/java.lang.Thread.run(Thread.java:840)
2024-08-15 10:19:28,598 [om1-impl-thread1] INFO  util.JmxRegister (JmxRegister.java:tryRegister(44)) - Successfully registered JMX Bean with object name Ratis:service=RaftServer,group=group-C5BA1605619E,id="om1"
2024-08-15 10:19:28,598 [om1-impl-thread1] INFO  util.JmxRegister (JmxRegister.java:register(58)) - register mxBean class org.apache.ratis.server.impl.RaftServerJmxAdapter as Ratis:service=RaftServer,group=group-C5BA1605619E,id="om1"
2024-08-15 10:19:28,598 [om1-impl-thread1] INFO  server.RaftServerConfigKeys (ConfUtils.java:logGet(46)) - raft.server.snapshot.trigger-when-stop.enabled = true (default)
2024-08-15 10:19:28,598 [om1-impl-thread1] INFO  server.RaftServerConfigKeys (ConfUtils.java:logGet(46)) - raft.server.snapshot.trigger-when-remove.enabled = true (default)
2024-08-15 10:19:28,598 [om1-impl-thread1] INFO  server.RaftServerConfigKeys (ConfUtils.java:logGet(46)) - raft.server.snapshot.auto.trigger.enabled = true (custom)
2024-08-15 10:19:28,598 [om1-impl-thread1] INFO  server.RaftServerConfigKeys (ConfUtils.java:logGet(46)) - raft.server.snapshot.auto.trigger.threshold = 400000 (default)
2024-08-15 10:19:28,599 [om1-impl-thread1] INFO  server.RaftServerConfigKeys (ConfUtils.java:logGet(46)) - raft.server.snapshot.retention.file.num = -1 (default)
2024-08-15 10:19:28,599 [om1-impl-thread1] INFO  server.RaftServerConfigKeys (ConfUtils.java:logGet(46)) - raft.server.log.purge.upto.snapshot.index = true (custom)
2024-08-15 10:19:28,599 [om1@group-C5BA1605619E-FollowerState] INFO  server.RaftServerConfigKeys (ConfUtils.java:logFallback(53)) - raft.server.rpc.first-election.timeout.max = 1200ms (fallback to raft.server.rpc.timeout.max)
2024-08-15 10:19:28,600 [main] INFO  server.RaftServer (RaftServerProxy.java:startImpl(408)) - om1: start RPC server
2024-08-15 10:19:28,600 [main] INFO  server.GrpcService (GrpcService.java:startImpl(302)) - om1: GrpcService started, listening on 15537
2024-08-15 10:19:28,601 [JvmPauseMonitor75] INFO  util.JvmPauseMonitor (JvmPauseMonitor.java:run(146)) - JvmPauseMonitor-om1: Started
2024-08-15 10:19:28,601 [main] INFO  om.OzoneManager (OzoneManager.java:start(1683)) - Version File has different layout version (7) than OM DB (null). That is expected if this OM has never been finalized to a newer layout version.
2024-08-15 10:19:28,604 [main] INFO  client.ScmTopologyClient (ScmTopologyClient.java:start(72)) - Initial network topology fetched from SCM: /.
2024-08-15 10:19:28,604 [main] INFO  net.NodeSchemaLoader (NodeSchemaLoader.java:loadSchemaFromFile(129)) - Loading schema from [jar:file:/home/runner/work/ozone/ozone/hadoop-hdds/common/target/hdds-common-1.5.0-SNAPSHOT.jar!/network-topology-default.xml]
2024-08-15 10:19:28,604 [main] INFO  net.NodeSchemaLoader (NodeSchemaLoader.java:loadSchema(176)) - Loading network topology layer schema file
2024-08-15 10:19:28,608 [main] INFO  http.BaseHttpServer (BaseHttpServer.java:newHttpServer2BuilderForOzone(223)) - Starting Web-server for ozoneManager at: http://0.0.0.0:15535
2024-08-15 10:19:28,608 [main] INFO  http.BaseHttpServer (BaseHttpServer.java:<init>(110)) - Hadoop Security Enabled: false Ozone Security Enabled: false Ozone HTTP Security Enabled: false 
2024-08-15 10:19:28,609 [main] WARN  server.AuthenticationFilter (AuthenticationFilter.java:constructSecretProvider(240)) - Unable to initialize FileSignerSecretProvider, falling back to use random secrets. Reason: Could not read signature secret file: /home/runner/hadoop-http-auth-signature-secret
2024-08-15 10:19:28,609 [main] INFO  http.HttpRequestLog (HttpRequestLog.java:getRequestLog(86)) - Http request log for http.requests.ozoneManager is not defined
2024-08-15 10:19:28,610 [main] INFO  http.HttpServer2 (HttpServer2.java:addGlobalFilter(1035)) - Added global filter 'safety' (class=org.apache.hadoop.hdds.server.http.HttpServer2$QuotingInputFilter)
2024-08-15 10:19:28,610 [main] INFO  http.HttpServer2 (HttpServer2.java:addFilter(1011)) - Added filter static_user_filter (class=org.apache.hadoop.http.lib.StaticUserWebFilter$StaticUserFilter) to context ozoneManager
2024-08-15 10:19:28,610 [main] INFO  http.HttpServer2 (HttpServer2.java:addFilter(1019)) - Added filter static_user_filter (class=org.apache.hadoop.http.lib.StaticUserWebFilter$StaticUserFilter) to context static
2024-08-15 10:19:28,610 [main] INFO  http.HttpServer2 (HttpServer2.java:addFilter(1019)) - Added filter static_user_filter (class=org.apache.hadoop.http.lib.StaticUserWebFilter$StaticUserFilter) to context logs
2024-08-15 10:19:28,611 [main] INFO  http.BaseHttpServer (BaseHttpServer.java:<init>(189)) - HTTP server of ozoneManager uses base directory /home/runner/work/ozone/ozone/hadoop-ozone/integration-test/target/test-dir/MiniOzoneClusterImpl-b6aad0f5-771e-4cba-adce-99e3b3454f11/ozone-meta/webserver
2024-08-15 10:19:28,611 [main] INFO  http.HttpServer2 (HttpServer2.java:bindListener(1235)) - Jetty bound to port 15535
2024-08-15 10:19:28,611 [main] INFO  server.Server (Server.java:doStart(375)) - jetty-9.4.55.v20240627; built: 2024-06-27T15:05:37.765Z; git: 70015831e5195ba74da6383c4ab7c90c56bb08af; jvm 17.0.12+7
2024-08-15 10:19:28,612 [main] INFO  server.session (DefaultSessionIdManager.java:doStart(334)) - DefaultSessionIdManager workerName=node0
2024-08-15 10:19:28,612 [main] INFO  server.session (DefaultSessionIdManager.java:doStart(339)) - No SessionScavenger set, using defaults
2024-08-15 10:19:28,612 [main] INFO  server.session (HouseKeeper.java:startScavenging(132)) - node0 Scavenging every 660000ms
2024-08-15 10:19:28,613 [main] INFO  handler.ContextHandler (ContextHandler.java:doStart(921)) - Started o.e.j.s.ServletContextHandler@6989809f{logs,/logs,file:///home/runner/work/ozone/ozone/hadoop-ozone/integration-test/target/log,AVAILABLE}
2024-08-15 10:19:28,613 [main] INFO  handler.ContextHandler (ContextHandler.java:doStart(921)) - Started o.e.j.s.ServletContextHandler@2a6d0b1e{static,/static,file:///home/runner/work/ozone/ozone/hadoop-ozone/integration-test/target/test-classes/webapps/static,AVAILABLE}
2024-08-15 10:19:28,616 [main] INFO  handler.ContextHandler (ContextHandler.java:doStart(921)) - Started o.e.j.w.WebAppContext@16d9a719{ozoneManager,/,file:///home/runner/work/ozone/ozone/hadoop-ozone/integration-test/target/test-classes/webapps/ozoneManager/,AVAILABLE}{file:/home/runner/work/ozone/ozone/hadoop-ozone/integration-test/target/test-classes/webapps/ozoneManager}
2024-08-15 10:19:28,617 [main] INFO  server.AbstractConnector (AbstractConnector.java:doStart(333)) - Started ServerConnector@3cfce6be{HTTP/1.1, (http/1.1)}{0.0.0.0:15535}
2024-08-15 10:19:28,617 [main] INFO  server.Server (Server.java:doStart(415)) - Started @532733ms
2024-08-15 10:19:28,617 [main] WARN  impl.MetricsSystemImpl (MetricsSystemImpl.java:register(279)) - Sink prometheus already exists!
2024-08-15 10:19:28,618 [main] INFO  http.BaseHttpServer (BaseHttpServer.java:updateConnectorAddress(354)) - HTTP server of ozoneManager listening at http://0.0.0.0:15535
2024-08-15 10:19:28,618 [IPC Server Responder] INFO  ipc.Server (Server.java:run(1562)) - IPC Server Responder: starting
2024-08-15 10:19:28,618 [IPC Server listener on 15534] INFO  ipc.Server (Server.java:run(1402)) - IPC Server listener on 15534: starting
2024-08-15 10:19:28,620 [main] INFO  om.OzoneManager (OzoneManager.java:startTrashEmptier(2145)) - Trash Interval set to 0. Files deleted won't move to trash
2024-08-15 10:19:28,627 [main] WARN  dropwizard3.Dm3MetricRegistriesImpl (Dm3MetricRegistriesImpl.java:addReporterRegistration(114)) - New reporters are added after registries were created. Some metrics will be missing from the reporter. Please add reporter before adding any new registry.
2024-08-15 10:19:28,627 [main] WARN  dropwizard3.Dm3MetricRegistriesImpl (Dm3MetricRegistriesImpl.java:addReporterRegistration(114)) - New reporters are added after registries were created. Some metrics will be missing from the reporter. Please add reporter before adding any new registry.
2024-08-15 10:19:28,627 [main] INFO  impl.MetricsSystemImpl (MetricsSystemImpl.java:init(158)) - HddsDatanode metrics system started (again)
2024-08-15 10:19:28,636 [main] INFO  ozone.HddsDatanodeService (HddsDatanodeService.java:start(235)) - HddsDatanodeService host:fv-az1107-352.5an5qfagtveezn4vzio0gr3jze.ex.internal.cloudapp.net ip:10.1.0.39
2024-08-15 10:19:28,638 [main] INFO  upgrade.AbstractLayoutVersionManager (AbstractLayoutVersionManager.java:init(83)) - Initializing Layout version manager with metadata layout = HBASE_SUPPORT (version = 8), software layout = HBASE_SUPPORT (version = 8)
2024-08-15 10:19:28,638 [main] INFO  statemachine.DatanodeStateMachine (DatanodeStateMachine.java:getEndPointTaskThreadPoolSize(295)) - Datanode State Machine Task Thread Pool size 2
2024-08-15 10:19:28,639 [main] INFO  volume.HddsVolume (HddsVolume.java:<init>(127)) - Creating HddsVolume: /home/runner/work/ozone/ozone/hadoop-ozone/integration-test/target/test-dir/MiniOzoneClusterImpl-b6aad0f5-771e-4cba-adce-99e3b3454f11/ozone-meta/datanode-1/data-0/hdds of storage type : DISK capacity : 9222449699674390527
2024-08-15 10:19:28,639 [main] INFO  volume.MutableVolumeSet (MutableVolumeSet.java:initializeVolumeSet(173)) - Added Volume : /home/runner/work/ozone/ozone/hadoop-ozone/integration-test/target/test-dir/MiniOzoneClusterImpl-b6aad0f5-771e-4cba-adce-99e3b3454f11/ozone-meta/datanode-1/data-0/hdds to VolumeSet
2024-08-15 10:19:28,640 [main] INFO  volume.MutableVolumeSet (MutableVolumeSet.java:initializeVolumeSet(173)) - Added Volume : /home/runner/work/ozone/ozone/hadoop-ozone/integration-test/target/test-dir/MiniOzoneClusterImpl-b6aad0f5-771e-4cba-adce-99e3b3454f11/ozone-meta/datanode-1/ratis to VolumeSet
2024-08-15 10:19:28,640 [main] INFO  ozoneimpl.OzoneContainer (HddsVolumeUtil.java:loadAllHddsVolumeDbStore(103)) - Load 1 volumes DbStore cost: 0ms
2024-08-15 10:19:28,642 [main] INFO  server.RaftServer (ConfUtils.java:logGet(46)) - raft.rpc.type = GRPC (default)
2024-08-15 10:19:28,642 [main] INFO  grpc.GrpcConfigKeys (ConfUtils.java:logFallback(53)) - raft.grpc.admin.host = null (fallback to raft.grpc.server.host)
2024-08-15 10:19:28,642 [main] INFO  grpc.GrpcConfigKeys (ConfUtils.java:logGet(46)) - raft.grpc.admin.port = 15542 (custom)
2024-08-15 10:19:28,643 [main] INFO  grpc.GrpcConfigKeys (ConfUtils.java:logFallback(53)) - raft.grpc.client.host = null (fallback to raft.grpc.server.host)
2024-08-15 10:19:28,643 [main] INFO  grpc.GrpcConfigKeys (ConfUtils.java:logGet(46)) - raft.grpc.client.port = 15542 (custom)
2024-08-15 10:19:28,643 [main] INFO  grpc.GrpcConfigKeys (ConfUtils.java:logGet(46)) - raft.grpc.server.host = null (default)
2024-08-15 10:19:28,643 [main] INFO  grpc.GrpcConfigKeys (ConfUtils.java:logGet(46)) - raft.grpc.server.port = 15542 (custom)
2024-08-15 10:19:28,643 [main] INFO  server.GrpcService (ConfUtils.java:logGet(46)) - raft.grpc.message.size.max = 32MB (=33554432) (custom)
2024-08-15 10:19:28,643 [main] INFO  server.RaftServerConfigKeys (ConfUtils.java:logGet(46)) - raft.server.log.appender.buffer.byte-limit = 8388608 (custom)
2024-08-15 10:19:28,643 [main] INFO  server.GrpcService (ConfUtils.java:logGet(46)) - raft.grpc.flow.control.window = 5MB (=5242880) (custom)
2024-08-15 10:19:28,643 [main] INFO  server.RaftServerConfigKeys (ConfUtils.java:logGet(46)) - raft.server.rpc.request.timeout = 3000ms (default)
2024-08-15 10:19:28,644 [main] INFO  grpc.GrpcConfigKeys (ConfUtils.java:logGet(46)) - raft.grpc.server.heartbeat.channel = true (default)
2024-08-15 10:19:28,644 [main] INFO  grpc.GrpcConfigKeys (ConfUtils.java:logGet(46)) - raft.grpc.server.async.request.thread.pool.cached = true (default)
2024-08-15 10:19:28,644 [main] INFO  grpc.GrpcConfigKeys (ConfUtils.java:logGet(46)) - raft.grpc.server.async.request.thread.pool.size = 32 (default)
2024-08-15 10:19:28,645 [main] INFO  impl.DataStreamServerImpl (ConfUtils.java:logGet(46)) - raft.datastream.type = NETTY (custom)
2024-08-15 10:19:28,645 [main] INFO  server.RaftServerConfigKeys (ConfUtils.java:logGet(46)) - raft.server.data-stream.async.request.thread.pool.cached = false (default)
2024-08-15 10:19:28,645 [main] INFO  server.RaftServerConfigKeys (ConfUtils.java:logGet(46)) - raft.server.data-stream.async.request.thread.pool.size = 20 (custom)
2024-08-15 10:19:28,645 [main] INFO  server.RaftServerConfigKeys (ConfUtils.java:logGet(46)) - raft.server.data-stream.async.write.thread.pool.size = 16 (default)
2024-08-15 10:19:28,645 [main] INFO  netty.NettyConfigKeys$DataStream (ConfUtils.java:logGet(46)) - raft.netty.dataStream.server.channel.inactive.grace-period = 10min (default)
2024-08-15 10:19:28,646 [main] INFO  server.RaftServerConfigKeys (ConfUtils.java:logGet(46)) - raft.server.data-stream.client.pool.size = 10 (default)
2024-08-15 10:19:28,646 [main] INFO  netty.NettyConfigKeys$DataStream (ConfUtils.java:logGet(46)) - raft.netty.dataStream.server.use-epoll = true (default)
2024-08-15 10:19:28,646 [main] INFO  netty.NettyConfigKeys$DataStream (ConfUtils.java:logGet(46)) - raft.netty.dataStream.server.boss-group.size = 0 (default)
2024-08-15 10:19:28,646 [main] INFO  netty.NettyUtils (NettyUtils.java:newEventLoopGroup(74)) - Create EpollEventLoopGroup for c54b81e8-1f41-41f0-8c11-6d721527725f-NettyServerStreamRpc-bossGroup; Thread size is 0.
2024-08-15 10:19:28,647 [main] INFO  netty.NettyConfigKeys$DataStream (ConfUtils.java:logGet(46)) - raft.netty.dataStream.server.worker-group.size = 0 (default)
2024-08-15 10:19:28,647 [main] INFO  netty.NettyUtils (NettyUtils.java:newEventLoopGroup(74)) - Create EpollEventLoopGroup for c54b81e8-1f41-41f0-8c11-6d721527725f-NettyServerStreamRpc-workerGroup; Thread size is 0.
2024-08-15 10:19:28,647 [main] INFO  netty.NettyConfigKeys$DataStream (ConfUtils.java:logGet(46)) - raft.netty.dataStream.server.tls.conf = null (default)
2024-08-15 10:19:28,647 [main] INFO  netty.NettyConfigKeys$DataStream (ConfUtils.java:logGet(46)) - raft.netty.dataStream.host = null (default)
2024-08-15 10:19:28,647 [main] INFO  netty.NettyConfigKeys$DataStream (ConfUtils.java:logGet(46)) - raft.netty.dataStream.port = 15545 (custom)
2024-08-15 10:19:28,648 [main] INFO  server.RaftServerConfigKeys (ConfUtils.java:logGet(46)) - raft.server.sleep.deviation.threshold = 300ms (default)
2024-08-15 10:19:28,648 [main] INFO  server.RaftServerConfigKeys (ConfUtils.java:logGet(46)) - raft.server.close.threshold = 60s (default)
2024-08-15 10:19:28,648 [main] INFO  server.RaftServerConfigKeys (ConfUtils.java:logGet(46)) - raft.server.leaderelection.leader.step-down.wait-time = 10s (default)
2024-08-15 10:19:28,649 [main] INFO  server.RaftServerConfigKeys (ConfUtils.java:logGet(46)) - raft.server.storage.dir = [/home/runner/work/ozone/ozone/hadoop-ozone/integration-test/target/test-dir/MiniOzoneClusterImpl-b6aad0f5-771e-4cba-adce-99e3b3454f11/ozone-meta/datanode-1/ratis] (custom)
2024-08-15 10:19:28,649 [main] INFO  server.RaftServerConfigKeys (ConfUtils.java:logGet(46)) - raft.server.threadpool.proxy.cached = true (default)
2024-08-15 10:19:28,649 [main] INFO  server.RaftServerConfigKeys (ConfUtils.java:logGet(46)) - raft.server.threadpool.proxy.size = 0 (default)
2024-08-15 10:19:28,649 [c54b81e8-1f41-41f0-8c11-6d721527725f-NettyServerStreamRpc-bossGroup--thread1] INFO  logging.LoggingHandler (AbstractInternalLogger.java:log(148)) - [id: 0x54f44d2e] REGISTERED
2024-08-15 10:19:28,649 [c54b81e8-1f41-41f0-8c11-6d721527725f-NettyServerStreamRpc-bossGroup--thread1] INFO  logging.LoggingHandler (AbstractInternalLogger.java:log(148)) - [id: 0x54f44d2e] BIND: 0.0.0.0/0.0.0.0:15545
2024-08-15 10:19:28,649 [c54b81e8-1f41-41f0-8c11-6d721527725f-impl-thread1] INFO  server.RaftServer (RaftServerProxy.java:initGroupDir(266)) - c54b81e8-1f41-41f0-8c11-6d721527725f: found a subdirectory /home/runner/work/ozone/ozone/hadoop-ozone/integration-test/target/test-dir/MiniOzoneClusterImpl-b6aad0f5-771e-4cba-adce-99e3b3454f11/ozone-meta/datanode-1/ratis/tmp
2024-08-15 10:19:28,649 [c54b81e8-1f41-41f0-8c11-6d721527725f-NettyServerStreamRpc-bossGroup--thread1] INFO  logging.LoggingHandler (AbstractInternalLogger.java:log(148)) - [id: 0x54f44d2e, L:/0.0.0.0:15545] ACTIVE
2024-08-15 10:19:28,649 [c54b81e8-1f41-41f0-8c11-6d721527725f-impl-thread1] INFO  server.RaftServer (RaftServerProxy.java:initGroupDir(271)) - c54b81e8-1f41-41f0-8c11-6d721527725f: The directory /home/runner/work/ozone/ozone/hadoop-ozone/integration-test/target/test-dir/MiniOzoneClusterImpl-b6aad0f5-771e-4cba-adce-99e3b3454f11/ozone-meta/datanode-1/ratis/tmp is not a group directory; ignoring it. 
2024-08-15 10:19:28,650 [main] INFO  replication.ReplicationServer (ReplicationServer.java:<init>(86)) - Initializing replication server with thread count = 10 queue length = 4096
2024-08-15 10:19:28,651 [main] INFO  server.XceiverServerGrpc (XceiverServerGrpc.java:<init>(141)) - GrpcServer channel type EpollServerSocketChannel
2024-08-15 10:19:28,651 [main] INFO  replication.ReplicationSupervisor (ReplicationSupervisor.java:build(157)) - Initializing replication supervisor with thread count = 10
2024-08-15 10:19:28,652 [main] INFO  replication.ReplicationSupervisor (ReplicationSupervisor.java:nodeStateUpdated(312)) - Node state updated to IN_SERVICE, scaling executor pool size to 10
2024-08-15 10:19:28,653 [main] INFO  http.BaseHttpServer (BaseHttpServer.java:newHttpServer2BuilderForOzone(223)) - Starting Web-server for hddsDatanode at: http://0.0.0.0:15539
2024-08-15 10:19:28,653 [main] INFO  http.BaseHttpServer (BaseHttpServer.java:<init>(110)) - Hadoop Security Enabled: false Ozone Security Enabled: false Ozone HTTP Security Enabled: false 
2024-08-15 10:19:28,654 [main] WARN  server.AuthenticationFilter (AuthenticationFilter.java:constructSecretProvider(240)) - Unable to initialize FileSignerSecretProvider, falling back to use random secrets. Reason: Could not read signature secret file: /home/runner/hadoop-http-auth-signature-secret
2024-08-15 10:19:28,655 [main] INFO  http.HttpRequestLog (HttpRequestLog.java:getRequestLog(86)) - Http request log for http.requests.hddsDatanode is not defined
2024-08-15 10:19:28,656 [main] INFO  http.HttpServer2 (HttpServer2.java:addGlobalFilter(1035)) - Added global filter 'safety' (class=org.apache.hadoop.hdds.server.http.HttpServer2$QuotingInputFilter)
2024-08-15 10:19:28,656 [main] INFO  http.HttpServer2 (HttpServer2.java:addFilter(1011)) - Added filter static_user_filter (class=org.apache.hadoop.http.lib.StaticUserWebFilter$StaticUserFilter) to context hddsDatanode
2024-08-15 10:19:28,657 [main] INFO  http.HttpServer2 (HttpServer2.java:addFilter(1019)) - Added filter static_user_filter (class=org.apache.hadoop.http.lib.StaticUserWebFilter$StaticUserFilter) to context logs
2024-08-15 10:19:28,657 [main] INFO  http.HttpServer2 (HttpServer2.java:addFilter(1019)) - Added filter static_user_filter (class=org.apache.hadoop.http.lib.StaticUserWebFilter$StaticUserFilter) to context static
2024-08-15 10:19:28,657 [main] INFO  http.BaseHttpServer (BaseHttpServer.java:<init>(189)) - HTTP server of hddsDatanode uses base directory /home/runner/work/ozone/ozone/hadoop-ozone/integration-test/target/test-dir/MiniOzoneClusterImpl-b6aad0f5-771e-4cba-adce-99e3b3454f11/ozone-meta/datanode-1/meta/webserver
2024-08-15 10:19:28,657 [main] INFO  http.HttpServer2 (HttpServer2.java:bindListener(1235)) - Jetty bound to port 15539
2024-08-15 10:19:28,657 [main] INFO  server.Server (Server.java:doStart(375)) - jetty-9.4.55.v20240627; built: 2024-06-27T15:05:37.765Z; git: 70015831e5195ba74da6383c4ab7c90c56bb08af; jvm 17.0.12+7
2024-08-15 10:19:28,659 [main] INFO  server.session (DefaultSessionIdManager.java:doStart(334)) - DefaultSessionIdManager workerName=node0
2024-08-15 10:19:28,659 [main] INFO  server.session (DefaultSessionIdManager.java:doStart(339)) - No SessionScavenger set, using defaults
2024-08-15 10:19:28,659 [main] INFO  server.session (HouseKeeper.java:startScavenging(132)) - node0 Scavenging every 600000ms
2024-08-15 10:19:28,660 [main] INFO  handler.ContextHandler (ContextHandler.java:doStart(921)) - Started o.e.j.s.ServletContextHandler@4625f276{logs,/logs,file:///home/runner/work/ozone/ozone/hadoop-ozone/integration-test/target/log,AVAILABLE}
2024-08-15 10:19:28,660 [main] INFO  handler.ContextHandler (ContextHandler.java:doStart(921)) - Started o.e.j.s.ServletContextHandler@14022c95{static,/static,jar:file:/home/runner/work/ozone/ozone/hadoop-hdds/container-service/target/hdds-container-service-1.5.0-SNAPSHOT.jar!/webapps/static,AVAILABLE}
2024-08-15 10:19:28,854 [main] INFO  handler.ContextHandler (ContextHandler.java:doStart(921)) - Started o.e.j.w.WebAppContext@57482f1e{hddsDatanode,/,file:///home/runner/work/ozone/ozone/hadoop-ozone/integration-test/target/test-dir/MiniOzoneClusterImpl-b6aad0f5-771e-4cba-adce-99e3b3454f11/ozone-meta/datanode-1/meta/webserver/jetty-0_0_0_0-15539-hdds-container-service-1_5_0-SNAPSHOT_jar-_-any-13261144247202350408/webapp/,AVAILABLE}{jar:file:/home/runner/work/ozone/ozone/hadoop-hdds/container-service/target/hdds-container-service-1.5.0-SNAPSHOT.jar!/webapps/hddsDatanode}
2024-08-15 10:19:28,855 [main] INFO  server.AbstractConnector (AbstractConnector.java:doStart(333)) - Started ServerConnector@1fce9ab0{HTTP/1.1, (http/1.1)}{0.0.0.0:15539}
2024-08-15 10:19:28,855 [main] INFO  server.Server (Server.java:doStart(415)) - Started @532971ms
2024-08-15 10:19:28,855 [main] WARN  impl.MetricsSystemImpl (MetricsSystemImpl.java:register(279)) - Sink prometheus already exists!
2024-08-15 10:19:28,855 [main] INFO  http.BaseHttpServer (BaseHttpServer.java:updateConnectorAddress(354)) - HTTP server of hddsDatanode listening at http://0.0.0.0:15539
2024-08-15 10:19:28,856 [main] INFO  ipc.CallQueueManager (CallQueueManager.java:<init>(90)) - Using callQueue: class java.util.concurrent.LinkedBlockingQueue, queueCapacity: 1000, scheduler: class org.apache.hadoop.ipc.DefaultRpcScheduler, ipcBackoff: false.
2024-08-15 10:19:28,856 [main] INFO  ipc.Server (Server.java:<init>(1287)) - Listener at 0.0.0.0:15540
2024-08-15 10:19:28,856 [Socket Reader #1 for port 15540] INFO  ipc.Server (Server.java:run(1323)) - Starting Socket Reader #1 for port 15540
2024-08-15 10:19:28,857 [Socket Reader #2 for port 15540] INFO  ipc.Server (Server.java:run(1323)) - Starting Socket Reader #2 for port 15540
2024-08-15 10:19:28,857 [Socket Reader #3 for port 15540] INFO  ipc.Server (Server.java:run(1323)) - Starting Socket Reader #3 for port 15540
2024-08-15 10:19:28,857 [Socket Reader #4 for port 15540] INFO  ipc.Server (Server.java:run(1323)) - Starting Socket Reader #4 for port 15540
2024-08-15 10:19:28,857 [Socket Reader #5 for port 15540] INFO  ipc.Server (Server.java:run(1323)) - Starting Socket Reader #5 for port 15540
2024-08-15 10:19:28,857 [Socket Reader #6 for port 15540] INFO  ipc.Server (Server.java:run(1323)) - Starting Socket Reader #6 for port 15540
2024-08-15 10:19:28,858 [Socket Reader #7 for port 15540] INFO  ipc.Server (Server.java:run(1323)) - Starting Socket Reader #7 for port 15540
2024-08-15 10:19:28,858 [Socket Reader #8 for port 15540] INFO  ipc.Server (Server.java:run(1323)) - Starting Socket Reader #8 for port 15540
2024-08-15 10:19:28,858 [Socket Reader #9 for port 15540] INFO  ipc.Server (Server.java:run(1323)) - Starting Socket Reader #9 for port 15540
2024-08-15 10:19:28,858 [Socket Reader #10 for port 15540] INFO  ipc.Server (Server.java:run(1323)) - Starting Socket Reader #10 for port 15540
2024-08-15 10:19:28,859 [main] INFO  ozone.HddsDatanodeService (HddsDatanodeService.java:start(319)) - Datanode start with admins: [runner]
2024-08-15 10:19:28,859 [main] INFO  ozone.HddsDatanodeClientProtocolServer (HddsDatanodeClientProtocolServer.java:start(79)) - RPC server for Client /0.0.0.0:15540
2024-08-15 10:19:28,859 [IPC Server Responder] INFO  ipc.Server (Server.java:run(1562)) - IPC Server Responder: starting
2024-08-15 10:19:28,860 [IPC Server listener on 15540] INFO  ipc.Server (Server.java:run(1402)) - IPC Server listener on 15540: starting
2024-08-15 10:19:28,861 [main] WARN  dropwizard3.Dm3MetricRegistriesImpl (Dm3MetricRegistriesImpl.java:addReporterRegistration(114)) - New reporters are added after registries were created. Some metrics will be missing from the reporter. Please add reporter before adding any new registry.
2024-08-15 10:19:28,861 [main] WARN  dropwizard3.Dm3MetricRegistriesImpl (Dm3MetricRegistriesImpl.java:addReporterRegistration(114)) - New reporters are added after registries were created. Some metrics will be missing from the reporter. Please add reporter before adding any new registry.
2024-08-15 10:19:28,861 [main] INFO  impl.MetricsSystemImpl (MetricsSystemImpl.java:init(158)) - HddsDatanode metrics system started (again)
2024-08-15 10:19:28,863 [c54b81e8-1f41-41f0-8c11-6d721527725f-DatanodeStateMachineDaemonThread] INFO  statemachine.DatanodeStateMachine (DatanodeStateMachine.java:startStateMachineThread(338)) - Ozone container server started.
2024-08-15 10:19:28,864 [c54b81e8-1f41-41f0-8c11-6d721527725f-DatanodeStateMachineTaskThread-0] INFO  datanode.InitDatanodeState (InitDatanodeState.java:persistContainerDatanodeDetails(139)) - DatanodeDetails is persisted to /home/runner/work/ozone/ozone/hadoop-ozone/integration-test/target/test-dir/MiniOzoneClusterImpl-b6aad0f5-771e-4cba-adce-99e3b3454f11/ozone-meta/datanode-1/meta/datanode.id
2024-08-15 10:19:28,870 [main] INFO  ozone.HddsDatanodeService (HddsDatanodeService.java:start(235)) - HddsDatanodeService host:fv-az1107-352.5an5qfagtveezn4vzio0gr3jze.ex.internal.cloudapp.net ip:10.1.0.39
2024-08-15 10:19:28,872 [main] INFO  upgrade.AbstractLayoutVersionManager (AbstractLayoutVersionManager.java:init(83)) - Initializing Layout version manager with metadata layout = HBASE_SUPPORT (version = 8), software layout = HBASE_SUPPORT (version = 8)
2024-08-15 10:19:28,873 [main] INFO  statemachine.DatanodeStateMachine (DatanodeStateMachine.java:getEndPointTaskThreadPoolSize(295)) - Datanode State Machine Task Thread Pool size 2
2024-08-15 10:19:28,874 [main] INFO  volume.HddsVolume (HddsVolume.java:<init>(127)) - Creating HddsVolume: /home/runner/work/ozone/ozone/hadoop-ozone/integration-test/target/test-dir/MiniOzoneClusterImpl-b6aad0f5-771e-4cba-adce-99e3b3454f11/ozone-meta/datanode-2/data-0/hdds of storage type : DISK capacity : 9222449699674390527
2024-08-15 10:19:28,874 [main] INFO  volume.MutableVolumeSet (MutableVolumeSet.java:initializeVolumeSet(173)) - Added Volume : /home/runner/work/ozone/ozone/hadoop-ozone/integration-test/target/test-dir/MiniOzoneClusterImpl-b6aad0f5-771e-4cba-adce-99e3b3454f11/ozone-meta/datanode-2/data-0/hdds to VolumeSet
2024-08-15 10:19:28,874 [main] INFO  volume.MutableVolumeSet (MutableVolumeSet.java:initializeVolumeSet(173)) - Added Volume : /home/runner/work/ozone/ozone/hadoop-ozone/integration-test/target/test-dir/MiniOzoneClusterImpl-b6aad0f5-771e-4cba-adce-99e3b3454f11/ozone-meta/datanode-2/ratis to VolumeSet
2024-08-15 10:19:28,875 [main] INFO  ozoneimpl.OzoneContainer (HddsVolumeUtil.java:loadAllHddsVolumeDbStore(103)) - Load 1 volumes DbStore cost: 0ms
2024-08-15 10:19:28,876 [main] INFO  server.RaftServer (ConfUtils.java:logGet(46)) - raft.rpc.type = GRPC (default)
2024-08-15 10:19:28,876 [main] INFO  grpc.GrpcConfigKeys (ConfUtils.java:logFallback(53)) - raft.grpc.admin.host = null (fallback to raft.grpc.server.host)
2024-08-15 10:19:28,876 [main] INFO  grpc.GrpcConfigKeys (ConfUtils.java:logGet(46)) - raft.grpc.admin.port = 15551 (custom)
2024-08-15 10:19:28,876 [main] INFO  grpc.GrpcConfigKeys (ConfUtils.java:logFallback(53)) - raft.grpc.client.host = null (fallback to raft.grpc.server.host)
2024-08-15 10:19:28,876 [main] INFO  grpc.GrpcConfigKeys (ConfUtils.java:logGet(46)) - raft.grpc.client.port = 15551 (custom)
2024-08-15 10:19:28,876 [main] INFO  grpc.GrpcConfigKeys (ConfUtils.java:logGet(46)) - raft.grpc.server.host = null (default)
2024-08-15 10:19:28,876 [main] INFO  grpc.GrpcConfigKeys (ConfUtils.java:logGet(46)) - raft.grpc.server.port = 15551 (custom)
2024-08-15 10:19:28,877 [main] INFO  server.GrpcService (ConfUtils.java:logGet(46)) - raft.grpc.message.size.max = 32MB (=33554432) (custom)
2024-08-15 10:19:28,877 [main] INFO  server.RaftServerConfigKeys (ConfUtils.java:logGet(46)) - raft.server.log.appender.buffer.byte-limit = 8388608 (custom)
2024-08-15 10:19:28,877 [main] INFO  server.GrpcService (ConfUtils.java:logGet(46)) - raft.grpc.flow.control.window = 5MB (=5242880) (custom)
2024-08-15 10:19:28,877 [main] INFO  server.RaftServerConfigKeys (ConfUtils.java:logGet(46)) - raft.server.rpc.request.timeout = 3000ms (default)
2024-08-15 10:19:28,877 [main] INFO  grpc.GrpcConfigKeys (ConfUtils.java:logGet(46)) - raft.grpc.server.heartbeat.channel = true (default)
2024-08-15 10:19:28,877 [main] INFO  grpc.GrpcConfigKeys (ConfUtils.java:logGet(46)) - raft.grpc.server.async.request.thread.pool.cached = true (default)
2024-08-15 10:19:28,877 [main] INFO  grpc.GrpcConfigKeys (ConfUtils.java:logGet(46)) - raft.grpc.server.async.request.thread.pool.size = 32 (default)
2024-08-15 10:19:28,878 [main] INFO  impl.DataStreamServerImpl (ConfUtils.java:logGet(46)) - raft.datastream.type = NETTY (custom)
2024-08-15 10:19:28,878 [main] INFO  server.RaftServerConfigKeys (ConfUtils.java:logGet(46)) - raft.server.data-stream.async.request.thread.pool.cached = false (default)
2024-08-15 10:19:28,878 [main] INFO  server.RaftServerConfigKeys (ConfUtils.java:logGet(46)) - raft.server.data-stream.async.request.thread.pool.size = 20 (custom)
2024-08-15 10:19:28,878 [main] INFO  server.RaftServerConfigKeys (ConfUtils.java:logGet(46)) - raft.server.data-stream.async.write.thread.pool.size = 16 (default)
2024-08-15 10:19:28,878 [main] INFO  netty.NettyConfigKeys$DataStream (ConfUtils.java:logGet(46)) - raft.netty.dataStream.server.channel.inactive.grace-period = 10min (default)
2024-08-15 10:19:28,878 [main] INFO  server.RaftServerConfigKeys (ConfUtils.java:logGet(46)) - raft.server.data-stream.client.pool.size = 10 (default)
2024-08-15 10:19:28,879 [main] INFO  netty.NettyConfigKeys$DataStream (ConfUtils.java:logGet(46)) - raft.netty.dataStream.server.use-epoll = true (default)
2024-08-15 10:19:28,879 [main] INFO  netty.NettyConfigKeys$DataStream (ConfUtils.java:logGet(46)) - raft.netty.dataStream.server.boss-group.size = 0 (default)
2024-08-15 10:19:28,879 [main] INFO  netty.NettyUtils (NettyUtils.java:newEventLoopGroup(74)) - Create EpollEventLoopGroup for 6c2c8d64-db13-4196-9e9e-e3b1acb91f99-NettyServerStreamRpc-bossGroup; Thread size is 0.
2024-08-15 10:19:28,879 [main] INFO  netty.NettyConfigKeys$DataStream (ConfUtils.java:logGet(46)) - raft.netty.dataStream.server.worker-group.size = 0 (default)
2024-08-15 10:19:28,879 [main] INFO  netty.NettyUtils (NettyUtils.java:newEventLoopGroup(74)) - Create EpollEventLoopGroup for 6c2c8d64-db13-4196-9e9e-e3b1acb91f99-NettyServerStreamRpc-workerGroup; Thread size is 0.
2024-08-15 10:19:28,879 [main] INFO  netty.NettyConfigKeys$DataStream (ConfUtils.java:logGet(46)) - raft.netty.dataStream.server.tls.conf = null (default)
2024-08-15 10:19:28,880 [main] INFO  netty.NettyConfigKeys$DataStream (ConfUtils.java:logGet(46)) - raft.netty.dataStream.host = null (default)
2024-08-15 10:19:28,880 [main] INFO  netty.NettyConfigKeys$DataStream (ConfUtils.java:logGet(46)) - raft.netty.dataStream.port = 15554 (custom)
2024-08-15 10:19:28,880 [main] INFO  server.RaftServerConfigKeys (ConfUtils.java:logGet(46)) - raft.server.sleep.deviation.threshold = 300ms (default)
2024-08-15 10:19:28,880 [main] INFO  server.RaftServerConfigKeys (ConfUtils.java:logGet(46)) - raft.server.close.threshold = 60s (default)
2024-08-15 10:19:28,880 [main] INFO  server.RaftServerConfigKeys (ConfUtils.java:logGet(46)) - raft.server.leaderelection.leader.step-down.wait-time = 10s (default)
2024-08-15 10:19:28,880 [6c2c8d64-db13-4196-9e9e-e3b1acb91f99-NettyServerStreamRpc-bossGroup--thread1] INFO  logging.LoggingHandler (AbstractInternalLogger.java:log(148)) - [id: 0x38c59b5b] REGISTERED
2024-08-15 10:19:28,880 [main] INFO  server.RaftServerConfigKeys (ConfUtils.java:logGet(46)) - raft.server.storage.dir = [/home/runner/work/ozone/ozone/hadoop-ozone/integration-test/target/test-dir/MiniOzoneClusterImpl-b6aad0f5-771e-4cba-adce-99e3b3454f11/ozone-meta/datanode-2/ratis] (custom)
2024-08-15 10:19:28,881 [main] INFO  server.RaftServerConfigKeys (ConfUtils.java:logGet(46)) - raft.server.threadpool.proxy.cached = true (default)
2024-08-15 10:19:28,881 [main] INFO  server.RaftServerConfigKeys (ConfUtils.java:logGet(46)) - raft.server.threadpool.proxy.size = 0 (default)
2024-08-15 10:19:28,880 [6c2c8d64-db13-4196-9e9e-e3b1acb91f99-NettyServerStreamRpc-bossGroup--thread1] INFO  logging.LoggingHandler (AbstractInternalLogger.java:log(148)) - [id: 0x38c59b5b] BIND: 0.0.0.0/0.0.0.0:15554
2024-08-15 10:19:28,882 [6c2c8d64-db13-4196-9e9e-e3b1acb91f99-NettyServerStreamRpc-bossGroup--thread1] INFO  logging.LoggingHandler (AbstractInternalLogger.java:log(148)) - [id: 0x38c59b5b, L:/0.0.0.0:15554] ACTIVE
2024-08-15 10:19:28,882 [6c2c8d64-db13-4196-9e9e-e3b1acb91f99-impl-thread1] INFO  server.RaftServer (RaftServerProxy.java:initGroupDir(266)) - 6c2c8d64-db13-4196-9e9e-e3b1acb91f99: found a subdirectory /home/runner/work/ozone/ozone/hadoop-ozone/integration-test/target/test-dir/MiniOzoneClusterImpl-b6aad0f5-771e-4cba-adce-99e3b3454f11/ozone-meta/datanode-2/ratis/tmp
2024-08-15 10:19:28,882 [6c2c8d64-db13-4196-9e9e-e3b1acb91f99-impl-thread1] INFO  server.RaftServer (RaftServerProxy.java:initGroupDir(271)) - 6c2c8d64-db13-4196-9e9e-e3b1acb91f99: The directory /home/runner/work/ozone/ozone/hadoop-ozone/integration-test/target/test-dir/MiniOzoneClusterImpl-b6aad0f5-771e-4cba-adce-99e3b3454f11/ozone-meta/datanode-2/ratis/tmp is not a group directory; ignoring it. 
2024-08-15 10:19:28,882 [main] INFO  replication.ReplicationServer (ReplicationServer.java:<init>(86)) - Initializing replication server with thread count = 10 queue length = 4096
2024-08-15 10:19:28,883 [main] INFO  server.XceiverServerGrpc (XceiverServerGrpc.java:<init>(141)) - GrpcServer channel type EpollServerSocketChannel
2024-08-15 10:19:28,884 [main] INFO  replication.ReplicationSupervisor (ReplicationSupervisor.java:build(157)) - Initializing replication supervisor with thread count = 10
2024-08-15 10:19:28,884 [main] INFO  replication.ReplicationSupervisor (ReplicationSupervisor.java:nodeStateUpdated(312)) - Node state updated to IN_SERVICE, scaling executor pool size to 10
2024-08-15 10:19:28,885 [main] INFO  http.BaseHttpServer (BaseHttpServer.java:newHttpServer2BuilderForOzone(223)) - Starting Web-server for hddsDatanode at: http://0.0.0.0:15548
2024-08-15 10:19:28,885 [main] INFO  http.BaseHttpServer (BaseHttpServer.java:<init>(110)) - Hadoop Security Enabled: false Ozone Security Enabled: false Ozone HTTP Security Enabled: false 
2024-08-15 10:19:28,886 [main] WARN  server.AuthenticationFilter (AuthenticationFilter.java:constructSecretProvider(240)) - Unable to initialize FileSignerSecretProvider, falling back to use random secrets. Reason: Could not read signature secret file: /home/runner/hadoop-http-auth-signature-secret
2024-08-15 10:19:28,886 [main] INFO  http.HttpRequestLog (HttpRequestLog.java:getRequestLog(86)) - Http request log for http.requests.hddsDatanode is not defined
2024-08-15 10:19:28,887 [main] INFO  http.HttpServer2 (HttpServer2.java:addGlobalFilter(1035)) - Added global filter 'safety' (class=org.apache.hadoop.hdds.server.http.HttpServer2$QuotingInputFilter)
2024-08-15 10:19:28,887 [main] INFO  http.HttpServer2 (HttpServer2.java:addFilter(1011)) - Added filter static_user_filter (class=org.apache.hadoop.http.lib.StaticUserWebFilter$StaticUserFilter) to context hddsDatanode
2024-08-15 10:19:28,887 [main] INFO  http.HttpServer2 (HttpServer2.java:addFilter(1019)) - Added filter static_user_filter (class=org.apache.hadoop.http.lib.StaticUserWebFilter$StaticUserFilter) to context static
2024-08-15 10:19:28,887 [main] INFO  http.HttpServer2 (HttpServer2.java:addFilter(1019)) - Added filter static_user_filter (class=org.apache.hadoop.http.lib.StaticUserWebFilter$StaticUserFilter) to context logs
2024-08-15 10:19:28,891 [main] INFO  http.BaseHttpServer (BaseHttpServer.java:<init>(189)) - HTTP server of hddsDatanode uses base directory /home/runner/work/ozone/ozone/hadoop-ozone/integration-test/target/test-dir/MiniOzoneClusterImpl-b6aad0f5-771e-4cba-adce-99e3b3454f11/ozone-meta/datanode-2/meta/webserver
2024-08-15 10:19:28,891 [main] INFO  http.HttpServer2 (HttpServer2.java:bindListener(1235)) - Jetty bound to port 15548
2024-08-15 10:19:28,891 [main] INFO  server.Server (Server.java:doStart(375)) - jetty-9.4.55.v20240627; built: 2024-06-27T15:05:37.765Z; git: 70015831e5195ba74da6383c4ab7c90c56bb08af; jvm 17.0.12+7
2024-08-15 10:19:28,893 [main] INFO  server.session (DefaultSessionIdManager.java:doStart(334)) - DefaultSessionIdManager workerName=node0
2024-08-15 10:19:28,893 [main] INFO  server.session (DefaultSessionIdManager.java:doStart(339)) - No SessionScavenger set, using defaults
2024-08-15 10:19:28,893 [main] INFO  server.session (HouseKeeper.java:startScavenging(132)) - node0 Scavenging every 600000ms
2024-08-15 10:19:28,894 [main] INFO  handler.ContextHandler (ContextHandler.java:doStart(921)) - Started o.e.j.s.ServletContextHandler@17807f5d{logs,/logs,file:///home/runner/work/ozone/ozone/hadoop-ozone/integration-test/target/log,AVAILABLE}
2024-08-15 10:19:28,894 [main] INFO  handler.ContextHandler (ContextHandler.java:doStart(921)) - Started o.e.j.s.ServletContextHandler@375df0ed{static,/static,jar:file:/home/runner/work/ozone/ozone/hadoop-hdds/container-service/target/hdds-container-service-1.5.0-SNAPSHOT.jar!/webapps/static,AVAILABLE}
2024-08-15 10:19:29,106 [main] INFO  handler.ContextHandler (ContextHandler.java:doStart(921)) - Started o.e.j.w.WebAppContext@6b1936c1{hddsDatanode,/,file:///home/runner/work/ozone/ozone/hadoop-ozone/integration-test/target/test-dir/MiniOzoneClusterImpl-b6aad0f5-771e-4cba-adce-99e3b3454f11/ozone-meta/datanode-2/meta/webserver/jetty-0_0_0_0-15548-hdds-container-service-1_5_0-SNAPSHOT_jar-_-any-12916581304949361719/webapp/,AVAILABLE}{jar:file:/home/runner/work/ozone/ozone/hadoop-hdds/container-service/target/hdds-container-service-1.5.0-SNAPSHOT.jar!/webapps/hddsDatanode}
2024-08-15 10:19:29,107 [main] INFO  server.AbstractConnector (AbstractConnector.java:doStart(333)) - Started ServerConnector@c22ad75{HTTP/1.1, (http/1.1)}{0.0.0.0:15548}
2024-08-15 10:19:29,107 [main] INFO  server.Server (Server.java:doStart(415)) - Started @533223ms
2024-08-15 10:19:29,107 [main] WARN  impl.MetricsSystemImpl (MetricsSystemImpl.java:register(279)) - Sink prometheus already exists!
2024-08-15 10:19:29,108 [main] INFO  http.BaseHttpServer (BaseHttpServer.java:updateConnectorAddress(354)) - HTTP server of hddsDatanode listening at http://0.0.0.0:15548
2024-08-15 10:19:29,108 [main] INFO  ipc.CallQueueManager (CallQueueManager.java:<init>(90)) - Using callQueue: class java.util.concurrent.LinkedBlockingQueue, queueCapacity: 1000, scheduler: class org.apache.hadoop.ipc.DefaultRpcScheduler, ipcBackoff: false.
2024-08-15 10:19:29,108 [main] INFO  ipc.Server (Server.java:<init>(1287)) - Listener at 0.0.0.0:15549
2024-08-15 10:19:29,109 [Socket Reader #1 for port 15549] INFO  ipc.Server (Server.java:run(1323)) - Starting Socket Reader #1 for port 15549
2024-08-15 10:19:29,109 [Socket Reader #2 for port 15549] INFO  ipc.Server (Server.java:run(1323)) - Starting Socket Reader #2 for port 15549
2024-08-15 10:19:29,109 [Socket Reader #3 for port 15549] INFO  ipc.Server (Server.java:run(1323)) - Starting Socket Reader #3 for port 15549
2024-08-15 10:19:29,109 [Socket Reader #4 for port 15549] INFO  ipc.Server (Server.java:run(1323)) - Starting Socket Reader #4 for port 15549
2024-08-15 10:19:29,109 [Socket Reader #5 for port 15549] INFO  ipc.Server (Server.java:run(1323)) - Starting Socket Reader #5 for port 15549
2024-08-15 10:19:29,109 [Socket Reader #6 for port 15549] INFO  ipc.Server (Server.java:run(1323)) - Starting Socket Reader #6 for port 15549
2024-08-15 10:19:29,110 [Socket Reader #7 for port 15549] INFO  ipc.Server (Server.java:run(1323)) - Starting Socket Reader #7 for port 15549
2024-08-15 10:19:29,110 [Socket Reader #8 for port 15549] INFO  ipc.Server (Server.java:run(1323)) - Starting Socket Reader #8 for port 15549
2024-08-15 10:19:29,110 [Socket Reader #9 for port 15549] INFO  ipc.Server (Server.java:run(1323)) - Starting Socket Reader #9 for port 15549
2024-08-15 10:19:29,110 [Socket Reader #10 for port 15549] INFO  ipc.Server (Server.java:run(1323)) - Starting Socket Reader #10 for port 15549
2024-08-15 10:19:29,112 [main] INFO  ozone.HddsDatanodeService (HddsDatanodeService.java:start(319)) - Datanode start with admins: [runner]
2024-08-15 10:19:29,112 [main] INFO  ozone.HddsDatanodeClientProtocolServer (HddsDatanodeClientProtocolServer.java:start(79)) - RPC server for Client /0.0.0.0:15549
2024-08-15 10:19:29,112 [IPC Server Responder] INFO  ipc.Server (Server.java:run(1562)) - IPC Server Responder: starting
2024-08-15 10:19:29,112 [IPC Server listener on 15549] INFO  ipc.Server (Server.java:run(1402)) - IPC Server listener on 15549: starting
2024-08-15 10:19:29,113 [main] WARN  dropwizard3.Dm3MetricRegistriesImpl (Dm3MetricRegistriesImpl.java:addReporterRegistration(114)) - New reporters are added after registries were created. Some metrics will be missing from the reporter. Please add reporter before adding any new registry.
2024-08-15 10:19:29,114 [main] WARN  dropwizard3.Dm3MetricRegistriesImpl (Dm3MetricRegistriesImpl.java:addReporterRegistration(114)) - New reporters are added after registries were created. Some metrics will be missing from the reporter. Please add reporter before adding any new registry.
2024-08-15 10:19:29,114 [main] INFO  impl.MetricsSystemImpl (MetricsSystemImpl.java:init(158)) - HddsDatanode metrics system started (again)
2024-08-15 10:19:29,114 [6c2c8d64-db13-4196-9e9e-e3b1acb91f99-DatanodeStateMachineDaemonThread] INFO  statemachine.DatanodeStateMachine (DatanodeStateMachine.java:startStateMachineThread(338)) - Ozone container server started.
2024-08-15 10:19:29,116 [6c2c8d64-db13-4196-9e9e-e3b1acb91f99-DatanodeStateMachineTaskThread-0] INFO  datanode.InitDatanodeState (InitDatanodeState.java:persistContainerDatanodeDetails(139)) - DatanodeDetails is persisted to /home/runner/work/ozone/ozone/hadoop-ozone/integration-test/target/test-dir/MiniOzoneClusterImpl-b6aad0f5-771e-4cba-adce-99e3b3454f11/ozone-meta/datanode-2/meta/datanode.id
2024-08-15 10:19:29,123 [main] INFO  ozone.HddsDatanodeService (HddsDatanodeService.java:start(235)) - HddsDatanodeService host:fv-az1107-352.5an5qfagtveezn4vzio0gr3jze.ex.internal.cloudapp.net ip:10.1.0.39
2024-08-15 10:19:29,125 [main] INFO  upgrade.AbstractLayoutVersionManager (AbstractLayoutVersionManager.java:init(83)) - Initializing Layout version manager with metadata layout = HBASE_SUPPORT (version = 8), software layout = HBASE_SUPPORT (version = 8)
2024-08-15 10:19:29,125 [main] INFO  statemachine.DatanodeStateMachine (DatanodeStateMachine.java:getEndPointTaskThreadPoolSize(295)) - Datanode State Machine Task Thread Pool size 2
2024-08-15 10:19:29,126 [main] INFO  volume.HddsVolume (HddsVolume.java:<init>(127)) - Creating HddsVolume: /home/runner/work/ozone/ozone/hadoop-ozone/integration-test/target/test-dir/MiniOzoneClusterImpl-b6aad0f5-771e-4cba-adce-99e3b3454f11/ozone-meta/datanode-3/data-0/hdds of storage type : DISK capacity : 9222449699674390527
2024-08-15 10:19:29,126 [main] INFO  volume.MutableVolumeSet (MutableVolumeSet.java:initializeVolumeSet(173)) - Added Volume : /home/runner/work/ozone/ozone/hadoop-ozone/integration-test/target/test-dir/MiniOzoneClusterImpl-b6aad0f5-771e-4cba-adce-99e3b3454f11/ozone-meta/datanode-3/data-0/hdds to VolumeSet
2024-08-15 10:19:29,127 [main] INFO  volume.MutableVolumeSet (MutableVolumeSet.java:initializeVolumeSet(173)) - Added Volume : /home/runner/work/ozone/ozone/hadoop-ozone/integration-test/target/test-dir/MiniOzoneClusterImpl-b6aad0f5-771e-4cba-adce-99e3b3454f11/ozone-meta/datanode-3/ratis to VolumeSet
2024-08-15 10:19:29,127 [main] INFO  ozoneimpl.OzoneContainer (HddsVolumeUtil.java:loadAllHddsVolumeDbStore(103)) - Load 1 volumes DbStore cost: 0ms
2024-08-15 10:19:29,129 [main] INFO  server.RaftServer (ConfUtils.java:logGet(46)) - raft.rpc.type = GRPC (default)
2024-08-15 10:19:29,129 [main] INFO  grpc.GrpcConfigKeys (ConfUtils.java:logFallback(53)) - raft.grpc.admin.host = null (fallback to raft.grpc.server.host)
2024-08-15 10:19:29,129 [main] INFO  grpc.GrpcConfigKeys (ConfUtils.java:logGet(46)) - raft.grpc.admin.port = 15560 (custom)
2024-08-15 10:19:29,129 [main] INFO  grpc.GrpcConfigKeys (ConfUtils.java:logFallback(53)) - raft.grpc.client.host = null (fallback to raft.grpc.server.host)
2024-08-15 10:19:29,129 [main] INFO  grpc.GrpcConfigKeys (ConfUtils.java:logGet(46)) - raft.grpc.client.port = 15560 (custom)
2024-08-15 10:19:29,130 [main] INFO  grpc.GrpcConfigKeys (ConfUtils.java:logGet(46)) - raft.grpc.server.host = null (default)
2024-08-15 10:19:29,130 [main] INFO  grpc.GrpcConfigKeys (ConfUtils.java:logGet(46)) - raft.grpc.server.port = 15560 (custom)
2024-08-15 10:19:29,130 [main] INFO  server.GrpcService (ConfUtils.java:logGet(46)) - raft.grpc.message.size.max = 32MB (=33554432) (custom)
2024-08-15 10:19:29,130 [main] INFO  server.RaftServerConfigKeys (ConfUtils.java:logGet(46)) - raft.server.log.appender.buffer.byte-limit = 8388608 (custom)
2024-08-15 10:19:29,130 [main] INFO  server.GrpcService (ConfUtils.java:logGet(46)) - raft.grpc.flow.control.window = 5MB (=5242880) (custom)
2024-08-15 10:19:29,130 [main] INFO  server.RaftServerConfigKeys (ConfUtils.java:logGet(46)) - raft.server.rpc.request.timeout = 3000ms (default)
2024-08-15 10:19:29,130 [main] INFO  grpc.GrpcConfigKeys (ConfUtils.java:logGet(46)) - raft.grpc.server.heartbeat.channel = true (default)
2024-08-15 10:19:29,131 [main] INFO  grpc.GrpcConfigKeys (ConfUtils.java:logGet(46)) - raft.grpc.server.async.request.thread.pool.cached = true (default)
2024-08-15 10:19:29,131 [main] INFO  grpc.GrpcConfigKeys (ConfUtils.java:logGet(46)) - raft.grpc.server.async.request.thread.pool.size = 32 (default)
2024-08-15 10:19:29,131 [main] INFO  impl.DataStreamServerImpl (ConfUtils.java:logGet(46)) - raft.datastream.type = NETTY (custom)
2024-08-15 10:19:29,132 [main] INFO  server.RaftServerConfigKeys (ConfUtils.java:logGet(46)) - raft.server.data-stream.async.request.thread.pool.cached = false (default)
2024-08-15 10:19:29,132 [main] INFO  server.RaftServerConfigKeys (ConfUtils.java:logGet(46)) - raft.server.data-stream.async.request.thread.pool.size = 20 (custom)
2024-08-15 10:19:29,132 [main] INFO  server.RaftServerConfigKeys (ConfUtils.java:logGet(46)) - raft.server.data-stream.async.write.thread.pool.size = 16 (default)
2024-08-15 10:19:29,132 [main] INFO  netty.NettyConfigKeys$DataStream (ConfUtils.java:logGet(46)) - raft.netty.dataStream.server.channel.inactive.grace-period = 10min (default)
2024-08-15 10:19:29,132 [main] INFO  server.RaftServerConfigKeys (ConfUtils.java:logGet(46)) - raft.server.data-stream.client.pool.size = 10 (default)
2024-08-15 10:19:29,132 [main] INFO  netty.NettyConfigKeys$DataStream (ConfUtils.java:logGet(46)) - raft.netty.dataStream.server.use-epoll = true (default)
2024-08-15 10:19:29,133 [main] INFO  netty.NettyConfigKeys$DataStream (ConfUtils.java:logGet(46)) - raft.netty.dataStream.server.boss-group.size = 0 (default)
2024-08-15 10:19:29,133 [main] INFO  netty.NettyUtils (NettyUtils.java:newEventLoopGroup(74)) - Create EpollEventLoopGroup for 81bac27f-0582-41fc-bc3f-9f968300fa98-NettyServerStreamRpc-bossGroup; Thread size is 0.
2024-08-15 10:19:29,133 [main] INFO  netty.NettyConfigKeys$DataStream (ConfUtils.java:logGet(46)) - raft.netty.dataStream.server.worker-group.size = 0 (default)
2024-08-15 10:19:29,133 [main] INFO  netty.NettyUtils (NettyUtils.java:newEventLoopGroup(74)) - Create EpollEventLoopGroup for 81bac27f-0582-41fc-bc3f-9f968300fa98-NettyServerStreamRpc-workerGroup; Thread size is 0.
2024-08-15 10:19:29,134 [main] INFO  netty.NettyConfigKeys$DataStream (ConfUtils.java:logGet(46)) - raft.netty.dataStream.server.tls.conf = null (default)
2024-08-15 10:19:29,134 [main] INFO  netty.NettyConfigKeys$DataStream (ConfUtils.java:logGet(46)) - raft.netty.dataStream.host = null (default)
2024-08-15 10:19:29,134 [main] INFO  netty.NettyConfigKeys$DataStream (ConfUtils.java:logGet(46)) - raft.netty.dataStream.port = 15563 (custom)
2024-08-15 10:19:29,135 [main] INFO  server.RaftServerConfigKeys (ConfUtils.java:logGet(46)) - raft.server.sleep.deviation.threshold = 300ms (default)
2024-08-15 10:19:29,135 [81bac27f-0582-41fc-bc3f-9f968300fa98-NettyServerStreamRpc-bossGroup--thread1] INFO  logging.LoggingHandler (AbstractInternalLogger.java:log(148)) - [id: 0xca587ac2] REGISTERED
2024-08-15 10:19:29,135 [81bac27f-0582-41fc-bc3f-9f968300fa98-NettyServerStreamRpc-bossGroup--thread1] INFO  logging.LoggingHandler (AbstractInternalLogger.java:log(148)) - [id: 0xca587ac2] BIND: 0.0.0.0/0.0.0.0:15563
2024-08-15 10:19:29,135 [81bac27f-0582-41fc-bc3f-9f968300fa98-NettyServerStreamRpc-bossGroup--thread1] INFO  logging.LoggingHandler (AbstractInternalLogger.java:log(148)) - [id: 0xca587ac2, L:/0.0.0.0:15563] ACTIVE
2024-08-15 10:19:29,135 [main] INFO  server.RaftServerConfigKeys (ConfUtils.java:logGet(46)) - raft.server.close.threshold = 60s (default)
2024-08-15 10:19:29,136 [main] INFO  server.RaftServerConfigKeys (ConfUtils.java:logGet(46)) - raft.server.leaderelection.leader.step-down.wait-time = 10s (default)
2024-08-15 10:19:29,136 [main] INFO  server.RaftServerConfigKeys (ConfUtils.java:logGet(46)) - raft.server.storage.dir = [/home/runner/work/ozone/ozone/hadoop-ozone/integration-test/target/test-dir/MiniOzoneClusterImpl-b6aad0f5-771e-4cba-adce-99e3b3454f11/ozone-meta/datanode-3/ratis] (custom)
2024-08-15 10:19:29,136 [main] INFO  server.RaftServerConfigKeys (ConfUtils.java:logGet(46)) - raft.server.threadpool.proxy.cached = true (default)
2024-08-15 10:19:29,136 [main] INFO  server.RaftServerConfigKeys (ConfUtils.java:logGet(46)) - raft.server.threadpool.proxy.size = 0 (default)
2024-08-15 10:19:29,137 [81bac27f-0582-41fc-bc3f-9f968300fa98-impl-thread1] INFO  server.RaftServer (RaftServerProxy.java:initGroupDir(266)) - 81bac27f-0582-41fc-bc3f-9f968300fa98: found a subdirectory /home/runner/work/ozone/ozone/hadoop-ozone/integration-test/target/test-dir/MiniOzoneClusterImpl-b6aad0f5-771e-4cba-adce-99e3b3454f11/ozone-meta/datanode-3/ratis/tmp
2024-08-15 10:19:29,137 [81bac27f-0582-41fc-bc3f-9f968300fa98-impl-thread1] INFO  server.RaftServer (RaftServerProxy.java:initGroupDir(271)) - 81bac27f-0582-41fc-bc3f-9f968300fa98: The directory /home/runner/work/ozone/ozone/hadoop-ozone/integration-test/target/test-dir/MiniOzoneClusterImpl-b6aad0f5-771e-4cba-adce-99e3b3454f11/ozone-meta/datanode-3/ratis/tmp is not a group directory; ignoring it. 
2024-08-15 10:19:29,137 [main] INFO  replication.ReplicationServer (ReplicationServer.java:<init>(86)) - Initializing replication server with thread count = 10 queue length = 4096
2024-08-15 10:19:29,138 [main] INFO  server.XceiverServerGrpc (XceiverServerGrpc.java:<init>(141)) - GrpcServer channel type EpollServerSocketChannel
2024-08-15 10:19:29,139 [main] INFO  replication.ReplicationSupervisor (ReplicationSupervisor.java:build(157)) - Initializing replication supervisor with thread count = 10
2024-08-15 10:19:29,139 [main] INFO  replication.ReplicationSupervisor (ReplicationSupervisor.java:nodeStateUpdated(312)) - Node state updated to IN_SERVICE, scaling executor pool size to 10
2024-08-15 10:19:29,140 [main] INFO  http.BaseHttpServer (BaseHttpServer.java:newHttpServer2BuilderForOzone(223)) - Starting Web-server for hddsDatanode at: http://0.0.0.0:15557
2024-08-15 10:19:29,140 [main] INFO  http.BaseHttpServer (BaseHttpServer.java:<init>(110)) - Hadoop Security Enabled: false Ozone Security Enabled: false Ozone HTTP Security Enabled: false 
2024-08-15 10:19:29,141 [main] WARN  server.AuthenticationFilter (AuthenticationFilter.java:constructSecretProvider(240)) - Unable to initialize FileSignerSecretProvider, falling back to use random secrets. Reason: Could not read signature secret file: /home/runner/hadoop-http-auth-signature-secret
2024-08-15 10:19:29,141 [main] INFO  http.HttpRequestLog (HttpRequestLog.java:getRequestLog(86)) - Http request log for http.requests.hddsDatanode is not defined
2024-08-15 10:19:29,142 [main] INFO  http.HttpServer2 (HttpServer2.java:addGlobalFilter(1035)) - Added global filter 'safety' (class=org.apache.hadoop.hdds.server.http.HttpServer2$QuotingInputFilter)
2024-08-15 10:19:29,142 [main] INFO  http.HttpServer2 (HttpServer2.java:addFilter(1011)) - Added filter static_user_filter (class=org.apache.hadoop.http.lib.StaticUserWebFilter$StaticUserFilter) to context hddsDatanode
2024-08-15 10:19:29,142 [main] INFO  http.HttpServer2 (HttpServer2.java:addFilter(1019)) - Added filter static_user_filter (class=org.apache.hadoop.http.lib.StaticUserWebFilter$StaticUserFilter) to context static
2024-08-15 10:19:29,142 [main] INFO  http.HttpServer2 (HttpServer2.java:addFilter(1019)) - Added filter static_user_filter (class=org.apache.hadoop.http.lib.StaticUserWebFilter$StaticUserFilter) to context logs
2024-08-15 10:19:29,143 [main] INFO  http.BaseHttpServer (BaseHttpServer.java:<init>(189)) - HTTP server of hddsDatanode uses base directory /home/runner/work/ozone/ozone/hadoop-ozone/integration-test/target/test-dir/MiniOzoneClusterImpl-b6aad0f5-771e-4cba-adce-99e3b3454f11/ozone-meta/datanode-3/meta/webserver
2024-08-15 10:19:29,143 [main] INFO  http.HttpServer2 (HttpServer2.java:bindListener(1235)) - Jetty bound to port 15557
2024-08-15 10:19:29,143 [main] INFO  server.Server (Server.java:doStart(375)) - jetty-9.4.55.v20240627; built: 2024-06-27T15:05:37.765Z; git: 70015831e5195ba74da6383c4ab7c90c56bb08af; jvm 17.0.12+7
2024-08-15 10:19:29,144 [main] INFO  server.session (DefaultSessionIdManager.java:doStart(334)) - DefaultSessionIdManager workerName=node0
2024-08-15 10:19:29,144 [main] INFO  server.session (DefaultSessionIdManager.java:doStart(339)) - No SessionScavenger set, using defaults
2024-08-15 10:19:29,144 [main] INFO  server.session (HouseKeeper.java:startScavenging(132)) - node0 Scavenging every 660000ms
2024-08-15 10:19:29,145 [main] INFO  handler.ContextHandler (ContextHandler.java:doStart(921)) - Started o.e.j.s.ServletContextHandler@16dd7311{logs,/logs,file:///home/runner/work/ozone/ozone/hadoop-ozone/integration-test/target/log,AVAILABLE}
2024-08-15 10:19:29,145 [main] INFO  handler.ContextHandler (ContextHandler.java:doStart(921)) - Started o.e.j.s.ServletContextHandler@41c5f0f5{static,/static,jar:file:/home/runner/work/ozone/ozone/hadoop-hdds/container-service/target/hdds-container-service-1.5.0-SNAPSHOT.jar!/webapps/static,AVAILABLE}
2024-08-15 10:19:29,336 [main] INFO  handler.ContextHandler (ContextHandler.java:doStart(921)) - Started o.e.j.w.WebAppContext@25426562{hddsDatanode,/,file:///home/runner/work/ozone/ozone/hadoop-ozone/integration-test/target/test-dir/MiniOzoneClusterImpl-b6aad0f5-771e-4cba-adce-99e3b3454f11/ozone-meta/datanode-3/meta/webserver/jetty-0_0_0_0-15557-hdds-container-service-1_5_0-SNAPSHOT_jar-_-any-10884644512037104428/webapp/,AVAILABLE}{jar:file:/home/runner/work/ozone/ozone/hadoop-hdds/container-service/target/hdds-container-service-1.5.0-SNAPSHOT.jar!/webapps/hddsDatanode}
2024-08-15 10:19:29,336 [main] INFO  server.AbstractConnector (AbstractConnector.java:doStart(333)) - Started ServerConnector@c8544ea{HTTP/1.1, (http/1.1)}{0.0.0.0:15557}
2024-08-15 10:19:29,336 [main] INFO  server.Server (Server.java:doStart(415)) - Started @533453ms
2024-08-15 10:19:29,336 [main] WARN  impl.MetricsSystemImpl (MetricsSystemImpl.java:register(279)) - Sink prometheus already exists!
2024-08-15 10:19:29,337 [main] INFO  http.BaseHttpServer (BaseHttpServer.java:updateConnectorAddress(354)) - HTTP server of hddsDatanode listening at http://0.0.0.0:15557
2024-08-15 10:19:29,337 [main] INFO  ipc.CallQueueManager (CallQueueManager.java:<init>(90)) - Using callQueue: class java.util.concurrent.LinkedBlockingQueue, queueCapacity: 1000, scheduler: class org.apache.hadoop.ipc.DefaultRpcScheduler, ipcBackoff: false.
2024-08-15 10:19:29,337 [main] INFO  ipc.Server (Server.java:<init>(1287)) - Listener at 0.0.0.0:15558
2024-08-15 10:19:29,338 [Socket Reader #1 for port 15558] INFO  ipc.Server (Server.java:run(1323)) - Starting Socket Reader #1 for port 15558
2024-08-15 10:19:29,338 [Socket Reader #2 for port 15558] INFO  ipc.Server (Server.java:run(1323)) - Starting Socket Reader #2 for port 15558
2024-08-15 10:19:29,338 [Socket Reader #3 for port 15558] INFO  ipc.Server (Server.java:run(1323)) - Starting Socket Reader #3 for port 15558
2024-08-15 10:19:29,339 [Socket Reader #4 for port 15558] INFO  ipc.Server (Server.java:run(1323)) - Starting Socket Reader #4 for port 15558
2024-08-15 10:19:29,339 [Socket Reader #5 for port 15558] INFO  ipc.Server (Server.java:run(1323)) - Starting Socket Reader #5 for port 15558
2024-08-15 10:19:29,339 [Socket Reader #6 for port 15558] INFO  ipc.Server (Server.java:run(1323)) - Starting Socket Reader #6 for port 15558
2024-08-15 10:19:29,339 [Socket Reader #7 for port 15558] INFO  ipc.Server (Server.java:run(1323)) - Starting Socket Reader #7 for port 15558
2024-08-15 10:19:29,339 [Socket Reader #8 for port 15558] INFO  ipc.Server (Server.java:run(1323)) - Starting Socket Reader #8 for port 15558
2024-08-15 10:19:29,340 [Socket Reader #9 for port 15558] INFO  ipc.Server (Server.java:run(1323)) - Starting Socket Reader #9 for port 15558
2024-08-15 10:19:29,340 [Socket Reader #10 for port 15558] INFO  ipc.Server (Server.java:run(1323)) - Starting Socket Reader #10 for port 15558
2024-08-15 10:19:29,341 [main] INFO  ozone.HddsDatanodeService (HddsDatanodeService.java:start(319)) - Datanode start with admins: [runner]
2024-08-15 10:19:29,341 [main] INFO  ozone.HddsDatanodeClientProtocolServer (HddsDatanodeClientProtocolServer.java:start(79)) - RPC server for Client /0.0.0.0:15558
2024-08-15 10:19:29,341 [IPC Server Responder] INFO  ipc.Server (Server.java:run(1562)) - IPC Server Responder: starting
2024-08-15 10:19:29,341 [IPC Server listener on 15558] INFO  ipc.Server (Server.java:run(1402)) - IPC Server listener on 15558: starting
2024-08-15 10:19:29,342 [main] WARN  dropwizard3.Dm3MetricRegistriesImpl (Dm3MetricRegistriesImpl.java:addReporterRegistration(114)) - New reporters are added after registries were created. Some metrics will be missing from the reporter. Please add reporter before adding any new registry.
2024-08-15 10:19:29,342 [main] WARN  dropwizard3.Dm3MetricRegistriesImpl (Dm3MetricRegistriesImpl.java:addReporterRegistration(114)) - New reporters are added after registries were created. Some metrics will be missing from the reporter. Please add reporter before adding any new registry.
2024-08-15 10:19:29,343 [main] INFO  impl.MetricsSystemImpl (MetricsSystemImpl.java:init(158)) - HddsDatanode metrics system started (again)
2024-08-15 10:19:29,343 [81bac27f-0582-41fc-bc3f-9f968300fa98-DatanodeStateMachineDaemonThread] INFO  statemachine.DatanodeStateMachine (DatanodeStateMachine.java:startStateMachineThread(338)) - Ozone container server started.
2024-08-15 10:19:29,344 [81bac27f-0582-41fc-bc3f-9f968300fa98-DatanodeStateMachineTaskThread-0] INFO  datanode.InitDatanodeState (InitDatanodeState.java:persistContainerDatanodeDetails(139)) - DatanodeDetails is persisted to /home/runner/work/ozone/ozone/hadoop-ozone/integration-test/target/test-dir/MiniOzoneClusterImpl-b6aad0f5-771e-4cba-adce-99e3b3454f11/ozone-meta/datanode-3/meta/datanode.id
2024-08-15 10:19:29,351 [main] INFO  ozone.HddsDatanodeService (HddsDatanodeService.java:start(235)) - HddsDatanodeService host:fv-az1107-352.5an5qfagtveezn4vzio0gr3jze.ex.internal.cloudapp.net ip:10.1.0.39
2024-08-15 10:19:29,353 [main] INFO  upgrade.AbstractLayoutVersionManager (AbstractLayoutVersionManager.java:init(83)) - Initializing Layout version manager with metadata layout = HBASE_SUPPORT (version = 8), software layout = HBASE_SUPPORT (version = 8)
2024-08-15 10:19:29,354 [main] INFO  statemachine.DatanodeStateMachine (DatanodeStateMachine.java:getEndPointTaskThreadPoolSize(295)) - Datanode State Machine Task Thread Pool size 2
2024-08-15 10:19:29,354 [main] INFO  volume.HddsVolume (HddsVolume.java:<init>(127)) - Creating HddsVolume: /home/runner/work/ozone/ozone/hadoop-ozone/integration-test/target/test-dir/MiniOzoneClusterImpl-b6aad0f5-771e-4cba-adce-99e3b3454f11/ozone-meta/datanode-4/data-0/hdds of storage type : DISK capacity : 9222449699674390527
2024-08-15 10:19:29,355 [main] INFO  volume.MutableVolumeSet (MutableVolumeSet.java:initializeVolumeSet(173)) - Added Volume : /home/runner/work/ozone/ozone/hadoop-ozone/integration-test/target/test-dir/MiniOzoneClusterImpl-b6aad0f5-771e-4cba-adce-99e3b3454f11/ozone-meta/datanode-4/data-0/hdds to VolumeSet
2024-08-15 10:19:29,355 [main] INFO  volume.MutableVolumeSet (MutableVolumeSet.java:initializeVolumeSet(173)) - Added Volume : /home/runner/work/ozone/ozone/hadoop-ozone/integration-test/target/test-dir/MiniOzoneClusterImpl-b6aad0f5-771e-4cba-adce-99e3b3454f11/ozone-meta/datanode-4/ratis to VolumeSet
2024-08-15 10:19:29,355 [main] INFO  ozoneimpl.OzoneContainer (HddsVolumeUtil.java:loadAllHddsVolumeDbStore(103)) - Load 1 volumes DbStore cost: 0ms
2024-08-15 10:19:29,357 [main] INFO  server.RaftServer (ConfUtils.java:logGet(46)) - raft.rpc.type = GRPC (default)
2024-08-15 10:19:29,357 [main] INFO  grpc.GrpcConfigKeys (ConfUtils.java:logFallback(53)) - raft.grpc.admin.host = null (fallback to raft.grpc.server.host)
2024-08-15 10:19:29,357 [main] INFO  grpc.GrpcConfigKeys (ConfUtils.java:logGet(46)) - raft.grpc.admin.port = 15569 (custom)
2024-08-15 10:19:29,357 [main] INFO  grpc.GrpcConfigKeys (ConfUtils.java:logFallback(53)) - raft.grpc.client.host = null (fallback to raft.grpc.server.host)
2024-08-15 10:19:29,357 [main] INFO  grpc.GrpcConfigKeys (ConfUtils.java:logGet(46)) - raft.grpc.client.port = 15569 (custom)
2024-08-15 10:19:29,357 [main] INFO  grpc.GrpcConfigKeys (ConfUtils.java:logGet(46)) - raft.grpc.server.host = null (default)
2024-08-15 10:19:29,357 [main] INFO  grpc.GrpcConfigKeys (ConfUtils.java:logGet(46)) - raft.grpc.server.port = 15569 (custom)
2024-08-15 10:19:29,357 [main] INFO  server.GrpcService (ConfUtils.java:logGet(46)) - raft.grpc.message.size.max = 32MB (=33554432) (custom)
2024-08-15 10:19:29,358 [main] INFO  server.RaftServerConfigKeys (ConfUtils.java:logGet(46)) - raft.server.log.appender.buffer.byte-limit = 8388608 (custom)
2024-08-15 10:19:29,358 [main] INFO  server.GrpcService (ConfUtils.java:logGet(46)) - raft.grpc.flow.control.window = 5MB (=5242880) (custom)
2024-08-15 10:19:29,358 [main] INFO  server.RaftServerConfigKeys (ConfUtils.java:logGet(46)) - raft.server.rpc.request.timeout = 3000ms (default)
2024-08-15 10:19:29,358 [main] INFO  grpc.GrpcConfigKeys (ConfUtils.java:logGet(46)) - raft.grpc.server.heartbeat.channel = true (default)
2024-08-15 10:19:29,358 [main] INFO  grpc.GrpcConfigKeys (ConfUtils.java:logGet(46)) - raft.grpc.server.async.request.thread.pool.cached = true (default)
2024-08-15 10:19:29,358 [main] INFO  grpc.GrpcConfigKeys (ConfUtils.java:logGet(46)) - raft.grpc.server.async.request.thread.pool.size = 32 (default)
2024-08-15 10:19:29,359 [main] INFO  impl.DataStreamServerImpl (ConfUtils.java:logGet(46)) - raft.datastream.type = NETTY (custom)
2024-08-15 10:19:29,359 [main] INFO  server.RaftServerConfigKeys (ConfUtils.java:logGet(46)) - raft.server.data-stream.async.request.thread.pool.cached = false (default)
2024-08-15 10:19:29,359 [main] INFO  server.RaftServerConfigKeys (ConfUtils.java:logGet(46)) - raft.server.data-stream.async.request.thread.pool.size = 20 (custom)
2024-08-15 10:19:29,359 [main] INFO  server.RaftServerConfigKeys (ConfUtils.java:logGet(46)) - raft.server.data-stream.async.write.thread.pool.size = 16 (default)
2024-08-15 10:19:29,359 [main] INFO  netty.NettyConfigKeys$DataStream (ConfUtils.java:logGet(46)) - raft.netty.dataStream.server.channel.inactive.grace-period = 10min (default)
2024-08-15 10:19:29,359 [main] INFO  server.RaftServerConfigKeys (ConfUtils.java:logGet(46)) - raft.server.data-stream.client.pool.size = 10 (default)
2024-08-15 10:19:29,359 [main] INFO  netty.NettyConfigKeys$DataStream (ConfUtils.java:logGet(46)) - raft.netty.dataStream.server.use-epoll = true (default)
2024-08-15 10:19:29,360 [main] INFO  netty.NettyConfigKeys$DataStream (ConfUtils.java:logGet(46)) - raft.netty.dataStream.server.boss-group.size = 0 (default)
2024-08-15 10:19:29,360 [main] INFO  netty.NettyUtils (NettyUtils.java:newEventLoopGroup(74)) - Create EpollEventLoopGroup for d4ec432b-f714-4e84-a00f-65ea9c81cd2d-NettyServerStreamRpc-bossGroup; Thread size is 0.
2024-08-15 10:19:29,360 [main] INFO  netty.NettyConfigKeys$DataStream (ConfUtils.java:logGet(46)) - raft.netty.dataStream.server.worker-group.size = 0 (default)
2024-08-15 10:19:29,360 [main] INFO  netty.NettyUtils (NettyUtils.java:newEventLoopGroup(74)) - Create EpollEventLoopGroup for d4ec432b-f714-4e84-a00f-65ea9c81cd2d-NettyServerStreamRpc-workerGroup; Thread size is 0.
2024-08-15 10:19:29,361 [main] INFO  netty.NettyConfigKeys$DataStream (ConfUtils.java:logGet(46)) - raft.netty.dataStream.server.tls.conf = null (default)
2024-08-15 10:19:29,361 [main] INFO  netty.NettyConfigKeys$DataStream (ConfUtils.java:logGet(46)) - raft.netty.dataStream.host = null (default)
2024-08-15 10:19:29,361 [main] INFO  netty.NettyConfigKeys$DataStream (ConfUtils.java:logGet(46)) - raft.netty.dataStream.port = 15572 (custom)
2024-08-15 10:19:29,366 [main] INFO  server.RaftServerConfigKeys (ConfUtils.java:logGet(46)) - raft.server.sleep.deviation.threshold = 300ms (default)
2024-08-15 10:19:29,366 [main] INFO  server.RaftServerConfigKeys (ConfUtils.java:logGet(46)) - raft.server.close.threshold = 60s (default)
2024-08-15 10:19:29,366 [main] INFO  server.RaftServerConfigKeys (ConfUtils.java:logGet(46)) - raft.server.leaderelection.leader.step-down.wait-time = 10s (default)
2024-08-15 10:19:29,367 [main] INFO  server.RaftServerConfigKeys (ConfUtils.java:logGet(46)) - raft.server.storage.dir = [/home/runner/work/ozone/ozone/hadoop-ozone/integration-test/target/test-dir/MiniOzoneClusterImpl-b6aad0f5-771e-4cba-adce-99e3b3454f11/ozone-meta/datanode-4/ratis] (custom)
2024-08-15 10:19:29,367 [main] INFO  server.RaftServerConfigKeys (ConfUtils.java:logGet(46)) - raft.server.threadpool.proxy.cached = true (default)
2024-08-15 10:19:29,367 [main] INFO  server.RaftServerConfigKeys (ConfUtils.java:logGet(46)) - raft.server.threadpool.proxy.size = 0 (default)
2024-08-15 10:19:29,366 [d4ec432b-f714-4e84-a00f-65ea9c81cd2d-NettyServerStreamRpc-bossGroup--thread1] INFO  logging.LoggingHandler (AbstractInternalLogger.java:log(148)) - [id: 0x702f64cc] REGISTERED
2024-08-15 10:19:29,367 [d4ec432b-f714-4e84-a00f-65ea9c81cd2d-NettyServerStreamRpc-bossGroup--thread1] INFO  logging.LoggingHandler (AbstractInternalLogger.java:log(148)) - [id: 0x702f64cc] BIND: 0.0.0.0/0.0.0.0:15572
2024-08-15 10:19:29,368 [d4ec432b-f714-4e84-a00f-65ea9c81cd2d-NettyServerStreamRpc-bossGroup--thread1] INFO  logging.LoggingHandler (AbstractInternalLogger.java:log(148)) - [id: 0x702f64cc, L:/0.0.0.0:15572] ACTIVE
2024-08-15 10:19:29,369 [d4ec432b-f714-4e84-a00f-65ea9c81cd2d-impl-thread1] INFO  server.RaftServer (RaftServerProxy.java:initGroupDir(266)) - d4ec432b-f714-4e84-a00f-65ea9c81cd2d: found a subdirectory /home/runner/work/ozone/ozone/hadoop-ozone/integration-test/target/test-dir/MiniOzoneClusterImpl-b6aad0f5-771e-4cba-adce-99e3b3454f11/ozone-meta/datanode-4/ratis/tmp
2024-08-15 10:19:29,369 [d4ec432b-f714-4e84-a00f-65ea9c81cd2d-impl-thread1] INFO  server.RaftServer (RaftServerProxy.java:initGroupDir(271)) - d4ec432b-f714-4e84-a00f-65ea9c81cd2d: The directory /home/runner/work/ozone/ozone/hadoop-ozone/integration-test/target/test-dir/MiniOzoneClusterImpl-b6aad0f5-771e-4cba-adce-99e3b3454f11/ozone-meta/datanode-4/ratis/tmp is not a group directory; ignoring it. 
2024-08-15 10:19:29,369 [main] INFO  replication.ReplicationServer (ReplicationServer.java:<init>(86)) - Initializing replication server with thread count = 10 queue length = 4096
2024-08-15 10:19:29,370 [main] INFO  server.XceiverServerGrpc (XceiverServerGrpc.java:<init>(141)) - GrpcServer channel type EpollServerSocketChannel
2024-08-15 10:19:29,371 [main] INFO  replication.ReplicationSupervisor (ReplicationSupervisor.java:build(157)) - Initializing replication supervisor with thread count = 10
2024-08-15 10:19:29,371 [main] INFO  replication.ReplicationSupervisor (ReplicationSupervisor.java:nodeStateUpdated(312)) - Node state updated to IN_SERVICE, scaling executor pool size to 10
2024-08-15 10:19:29,372 [main] INFO  http.BaseHttpServer (BaseHttpServer.java:newHttpServer2BuilderForOzone(223)) - Starting Web-server for hddsDatanode at: http://0.0.0.0:15566
2024-08-15 10:19:29,372 [main] INFO  http.BaseHttpServer (BaseHttpServer.java:<init>(110)) - Hadoop Security Enabled: false Ozone Security Enabled: false Ozone HTTP Security Enabled: false 
2024-08-15 10:19:29,373 [main] WARN  server.AuthenticationFilter (AuthenticationFilter.java:constructSecretProvider(240)) - Unable to initialize FileSignerSecretProvider, falling back to use random secrets. Reason: Could not read signature secret file: /home/runner/hadoop-http-auth-signature-secret
2024-08-15 10:19:29,374 [main] INFO  http.HttpRequestLog (HttpRequestLog.java:getRequestLog(86)) - Http request log for http.requests.hddsDatanode is not defined
2024-08-15 10:19:29,374 [main] INFO  http.HttpServer2 (HttpServer2.java:addGlobalFilter(1035)) - Added global filter 'safety' (class=org.apache.hadoop.hdds.server.http.HttpServer2$QuotingInputFilter)
2024-08-15 10:19:29,375 [main] INFO  http.HttpServer2 (HttpServer2.java:addFilter(1011)) - Added filter static_user_filter (class=org.apache.hadoop.http.lib.StaticUserWebFilter$StaticUserFilter) to context hddsDatanode
2024-08-15 10:19:29,375 [main] INFO  http.HttpServer2 (HttpServer2.java:addFilter(1019)) - Added filter static_user_filter (class=org.apache.hadoop.http.lib.StaticUserWebFilter$StaticUserFilter) to context static
2024-08-15 10:19:29,375 [main] INFO  http.HttpServer2 (HttpServer2.java:addFilter(1019)) - Added filter static_user_filter (class=org.apache.hadoop.http.lib.StaticUserWebFilter$StaticUserFilter) to context logs
2024-08-15 10:19:29,375 [main] INFO  http.BaseHttpServer (BaseHttpServer.java:<init>(189)) - HTTP server of hddsDatanode uses base directory /home/runner/work/ozone/ozone/hadoop-ozone/integration-test/target/test-dir/MiniOzoneClusterImpl-b6aad0f5-771e-4cba-adce-99e3b3454f11/ozone-meta/datanode-4/meta/webserver
2024-08-15 10:19:29,375 [main] INFO  http.HttpServer2 (HttpServer2.java:bindListener(1235)) - Jetty bound to port 15566
2024-08-15 10:19:29,375 [main] INFO  server.Server (Server.java:doStart(375)) - jetty-9.4.55.v20240627; built: 2024-06-27T15:05:37.765Z; git: 70015831e5195ba74da6383c4ab7c90c56bb08af; jvm 17.0.12+7
2024-08-15 10:19:29,376 [main] INFO  server.session (DefaultSessionIdManager.java:doStart(334)) - DefaultSessionIdManager workerName=node0
2024-08-15 10:19:29,377 [main] INFO  server.session (DefaultSessionIdManager.java:doStart(339)) - No SessionScavenger set, using defaults
2024-08-15 10:19:29,377 [main] INFO  server.session (HouseKeeper.java:startScavenging(132)) - node0 Scavenging every 600000ms
2024-08-15 10:19:29,377 [main] INFO  handler.ContextHandler (ContextHandler.java:doStart(921)) - Started o.e.j.s.ServletContextHandler@617bc413{logs,/logs,file:///home/runner/work/ozone/ozone/hadoop-ozone/integration-test/target/log,AVAILABLE}
2024-08-15 10:19:29,377 [main] INFO  handler.ContextHandler (ContextHandler.java:doStart(921)) - Started o.e.j.s.ServletContextHandler@3795f6d7{static,/static,jar:file:/home/runner/work/ozone/ozone/hadoop-hdds/container-service/target/hdds-container-service-1.5.0-SNAPSHOT.jar!/webapps/static,AVAILABLE}
2024-08-15 10:19:29,570 [main] INFO  handler.ContextHandler (ContextHandler.java:doStart(921)) - Started o.e.j.w.WebAppContext@3c508f3d{hddsDatanode,/,file:///home/runner/work/ozone/ozone/hadoop-ozone/integration-test/target/test-dir/MiniOzoneClusterImpl-b6aad0f5-771e-4cba-adce-99e3b3454f11/ozone-meta/datanode-4/meta/webserver/jetty-0_0_0_0-15566-hdds-container-service-1_5_0-SNAPSHOT_jar-_-any-3036453484519298965/webapp/,AVAILABLE}{jar:file:/home/runner/work/ozone/ozone/hadoop-hdds/container-service/target/hdds-container-service-1.5.0-SNAPSHOT.jar!/webapps/hddsDatanode}
2024-08-15 10:19:29,571 [main] INFO  server.AbstractConnector (AbstractConnector.java:doStart(333)) - Started ServerConnector@5b9a684c{HTTP/1.1, (http/1.1)}{0.0.0.0:15566}
2024-08-15 10:19:29,571 [main] INFO  server.Server (Server.java:doStart(415)) - Started @533687ms
2024-08-15 10:19:29,571 [main] WARN  impl.MetricsSystemImpl (MetricsSystemImpl.java:register(279)) - Sink prometheus already exists!
2024-08-15 10:19:29,571 [main] INFO  http.BaseHttpServer (BaseHttpServer.java:updateConnectorAddress(354)) - HTTP server of hddsDatanode listening at http://0.0.0.0:15566
2024-08-15 10:19:29,572 [main] INFO  ipc.CallQueueManager (CallQueueManager.java:<init>(90)) - Using callQueue: class java.util.concurrent.LinkedBlockingQueue, queueCapacity: 1000, scheduler: class org.apache.hadoop.ipc.DefaultRpcScheduler, ipcBackoff: false.
2024-08-15 10:19:29,572 [main] INFO  ipc.Server (Server.java:<init>(1287)) - Listener at 0.0.0.0:15567
2024-08-15 10:19:29,572 [Socket Reader #1 for port 15567] INFO  ipc.Server (Server.java:run(1323)) - Starting Socket Reader #1 for port 15567
2024-08-15 10:19:29,573 [Socket Reader #2 for port 15567] INFO  ipc.Server (Server.java:run(1323)) - Starting Socket Reader #2 for port 15567
2024-08-15 10:19:29,573 [Socket Reader #3 for port 15567] INFO  ipc.Server (Server.java:run(1323)) - Starting Socket Reader #3 for port 15567
2024-08-15 10:19:29,573 [Socket Reader #4 for port 15567] INFO  ipc.Server (Server.java:run(1323)) - Starting Socket Reader #4 for port 15567
2024-08-15 10:19:29,573 [Socket Reader #5 for port 15567] INFO  ipc.Server (Server.java:run(1323)) - Starting Socket Reader #5 for port 15567
2024-08-15 10:19:29,573 [Socket Reader #6 for port 15567] INFO  ipc.Server (Server.java:run(1323)) - Starting Socket Reader #6 for port 15567
2024-08-15 10:19:29,574 [Socket Reader #7 for port 15567] INFO  ipc.Server (Server.java:run(1323)) - Starting Socket Reader #7 for port 15567
2024-08-15 10:19:29,574 [Socket Reader #8 for port 15567] INFO  ipc.Server (Server.java:run(1323)) - Starting Socket Reader #8 for port 15567
2024-08-15 10:19:29,575 [Socket Reader #10 for port 15567] INFO  ipc.Server (Server.java:run(1323)) - Starting Socket Reader #10 for port 15567
2024-08-15 10:19:29,575 [Socket Reader #9 for port 15567] INFO  ipc.Server (Server.java:run(1323)) - Starting Socket Reader #9 for port 15567
2024-08-15 10:19:29,575 [main] INFO  ozone.HddsDatanodeService (HddsDatanodeService.java:start(319)) - Datanode start with admins: [runner]
2024-08-15 10:19:29,576 [main] INFO  ozone.HddsDatanodeClientProtocolServer (HddsDatanodeClientProtocolServer.java:start(79)) - RPC server for Client /0.0.0.0:15567
2024-08-15 10:19:29,576 [IPC Server Responder] INFO  ipc.Server (Server.java:run(1562)) - IPC Server Responder: starting
2024-08-15 10:19:29,576 [IPC Server listener on 15567] INFO  ipc.Server (Server.java:run(1402)) - IPC Server listener on 15567: starting
2024-08-15 10:19:29,577 [main] WARN  dropwizard3.Dm3MetricRegistriesImpl (Dm3MetricRegistriesImpl.java:addReporterRegistration(114)) - New reporters are added after registries were created. Some metrics will be missing from the reporter. Please add reporter before adding any new registry.
2024-08-15 10:19:29,578 [main] WARN  dropwizard3.Dm3MetricRegistriesImpl (Dm3MetricRegistriesImpl.java:addReporterRegistration(114)) - New reporters are added after registries were created. Some metrics will be missing from the reporter. Please add reporter before adding any new registry.
2024-08-15 10:19:29,578 [main] INFO  impl.MetricsSystemImpl (MetricsSystemImpl.java:init(158)) - HddsDatanode metrics system started (again)
2024-08-15 10:19:29,578 [d4ec432b-f714-4e84-a00f-65ea9c81cd2d-DatanodeStateMachineDaemonThread] INFO  statemachine.DatanodeStateMachine (DatanodeStateMachine.java:startStateMachineThread(338)) - Ozone container server started.
2024-08-15 10:19:29,579 [d4ec432b-f714-4e84-a00f-65ea9c81cd2d-DatanodeStateMachineTaskThread-0] INFO  datanode.InitDatanodeState (InitDatanodeState.java:persistContainerDatanodeDetails(139)) - DatanodeDetails is persisted to /home/runner/work/ozone/ozone/hadoop-ozone/integration-test/target/test-dir/MiniOzoneClusterImpl-b6aad0f5-771e-4cba-adce-99e3b3454f11/ozone-meta/datanode-4/meta/datanode.id
2024-08-15 10:19:29,586 [main] INFO  ozone.HddsDatanodeService (HddsDatanodeService.java:start(235)) - HddsDatanodeService host:fv-az1107-352.5an5qfagtveezn4vzio0gr3jze.ex.internal.cloudapp.net ip:10.1.0.39
2024-08-15 10:19:29,588 [main] INFO  upgrade.AbstractLayoutVersionManager (AbstractLayoutVersionManager.java:init(83)) - Initializing Layout version manager with metadata layout = HBASE_SUPPORT (version = 8), software layout = HBASE_SUPPORT (version = 8)
2024-08-15 10:19:29,588 [main] INFO  statemachine.DatanodeStateMachine (DatanodeStateMachine.java:getEndPointTaskThreadPoolSize(295)) - Datanode State Machine Task Thread Pool size 2
2024-08-15 10:19:29,589 [main] INFO  volume.HddsVolume (HddsVolume.java:<init>(127)) - Creating HddsVolume: /home/runner/work/ozone/ozone/hadoop-ozone/integration-test/target/test-dir/MiniOzoneClusterImpl-b6aad0f5-771e-4cba-adce-99e3b3454f11/ozone-meta/datanode-5/data-0/hdds of storage type : DISK capacity : 9222449699674390527
2024-08-15 10:19:29,589 [main] INFO  volume.MutableVolumeSet (MutableVolumeSet.java:initializeVolumeSet(173)) - Added Volume : /home/runner/work/ozone/ozone/hadoop-ozone/integration-test/target/test-dir/MiniOzoneClusterImpl-b6aad0f5-771e-4cba-adce-99e3b3454f11/ozone-meta/datanode-5/data-0/hdds to VolumeSet
2024-08-15 10:19:29,590 [main] INFO  volume.MutableVolumeSet (MutableVolumeSet.java:initializeVolumeSet(173)) - Added Volume : /home/runner/work/ozone/ozone/hadoop-ozone/integration-test/target/test-dir/MiniOzoneClusterImpl-b6aad0f5-771e-4cba-adce-99e3b3454f11/ozone-meta/datanode-5/ratis to VolumeSet
2024-08-15 10:19:29,590 [main] INFO  ozoneimpl.OzoneContainer (HddsVolumeUtil.java:loadAllHddsVolumeDbStore(103)) - Load 1 volumes DbStore cost: 0ms
2024-08-15 10:19:29,591 [main] INFO  server.RaftServer (ConfUtils.java:logGet(46)) - raft.rpc.type = GRPC (default)
2024-08-15 10:19:29,592 [main] INFO  grpc.GrpcConfigKeys (ConfUtils.java:logFallback(53)) - raft.grpc.admin.host = null (fallback to raft.grpc.server.host)
2024-08-15 10:19:29,592 [main] INFO  grpc.GrpcConfigKeys (ConfUtils.java:logGet(46)) - raft.grpc.admin.port = 15578 (custom)
2024-08-15 10:19:29,592 [main] INFO  grpc.GrpcConfigKeys (ConfUtils.java:logFallback(53)) - raft.grpc.client.host = null (fallback to raft.grpc.server.host)
2024-08-15 10:19:29,592 [main] INFO  grpc.GrpcConfigKeys (ConfUtils.java:logGet(46)) - raft.grpc.client.port = 15578 (custom)
2024-08-15 10:19:29,592 [main] INFO  grpc.GrpcConfigKeys (ConfUtils.java:logGet(46)) - raft.grpc.server.host = null (default)
2024-08-15 10:19:29,592 [main] INFO  grpc.GrpcConfigKeys (ConfUtils.java:logGet(46)) - raft.grpc.server.port = 15578 (custom)
2024-08-15 10:19:29,592 [main] INFO  server.GrpcService (ConfUtils.java:logGet(46)) - raft.grpc.message.size.max = 32MB (=33554432) (custom)
2024-08-15 10:19:29,592 [main] INFO  server.RaftServerConfigKeys (ConfUtils.java:logGet(46)) - raft.server.log.appender.buffer.byte-limit = 8388608 (custom)
2024-08-15 10:19:29,593 [main] INFO  server.GrpcService (ConfUtils.java:logGet(46)) - raft.grpc.flow.control.window = 5MB (=5242880) (custom)
2024-08-15 10:19:29,593 [main] INFO  server.RaftServerConfigKeys (ConfUtils.java:logGet(46)) - raft.server.rpc.request.timeout = 3000ms (default)
2024-08-15 10:19:29,593 [main] INFO  grpc.GrpcConfigKeys (ConfUtils.java:logGet(46)) - raft.grpc.server.heartbeat.channel = true (default)
2024-08-15 10:19:29,593 [main] INFO  grpc.GrpcConfigKeys (ConfUtils.java:logGet(46)) - raft.grpc.server.async.request.thread.pool.cached = true (default)
2024-08-15 10:19:29,593 [main] INFO  grpc.GrpcConfigKeys (ConfUtils.java:logGet(46)) - raft.grpc.server.async.request.thread.pool.size = 32 (default)
2024-08-15 10:19:29,594 [main] INFO  impl.DataStreamServerImpl (ConfUtils.java:logGet(46)) - raft.datastream.type = NETTY (custom)
2024-08-15 10:19:29,594 [main] INFO  server.RaftServerConfigKeys (ConfUtils.java:logGet(46)) - raft.server.data-stream.async.request.thread.pool.cached = false (default)
2024-08-15 10:19:29,594 [main] INFO  server.RaftServerConfigKeys (ConfUtils.java:logGet(46)) - raft.server.data-stream.async.request.thread.pool.size = 20 (custom)
2024-08-15 10:19:29,594 [main] INFO  server.RaftServerConfigKeys (ConfUtils.java:logGet(46)) - raft.server.data-stream.async.write.thread.pool.size = 16 (default)
2024-08-15 10:19:29,594 [main] INFO  netty.NettyConfigKeys$DataStream (ConfUtils.java:logGet(46)) - raft.netty.dataStream.server.channel.inactive.grace-period = 10min (default)
2024-08-15 10:19:29,595 [main] INFO  server.RaftServerConfigKeys (ConfUtils.java:logGet(46)) - raft.server.data-stream.client.pool.size = 10 (default)
2024-08-15 10:19:29,595 [main] INFO  netty.NettyConfigKeys$DataStream (ConfUtils.java:logGet(46)) - raft.netty.dataStream.server.use-epoll = true (default)
2024-08-15 10:19:29,595 [main] INFO  netty.NettyConfigKeys$DataStream (ConfUtils.java:logGet(46)) - raft.netty.dataStream.server.boss-group.size = 0 (default)
2024-08-15 10:19:29,595 [main] INFO  netty.NettyUtils (NettyUtils.java:newEventLoopGroup(74)) - Create EpollEventLoopGroup for bd801f82-5437-4351-937d-80ee5b205c35-NettyServerStreamRpc-bossGroup; Thread size is 0.
2024-08-15 10:19:29,595 [main] INFO  netty.NettyConfigKeys$DataStream (ConfUtils.java:logGet(46)) - raft.netty.dataStream.server.worker-group.size = 0 (default)
2024-08-15 10:19:29,596 [main] INFO  netty.NettyUtils (NettyUtils.java:newEventLoopGroup(74)) - Create EpollEventLoopGroup for bd801f82-5437-4351-937d-80ee5b205c35-NettyServerStreamRpc-workerGroup; Thread size is 0.
2024-08-15 10:19:29,596 [main] INFO  netty.NettyConfigKeys$DataStream (ConfUtils.java:logGet(46)) - raft.netty.dataStream.server.tls.conf = null (default)
2024-08-15 10:19:29,596 [main] INFO  netty.NettyConfigKeys$DataStream (ConfUtils.java:logGet(46)) - raft.netty.dataStream.host = null (default)
2024-08-15 10:19:29,596 [main] INFO  netty.NettyConfigKeys$DataStream (ConfUtils.java:logGet(46)) - raft.netty.dataStream.port = 15581 (custom)
2024-08-15 10:19:29,597 [main] INFO  server.RaftServerConfigKeys (ConfUtils.java:logGet(46)) - raft.server.sleep.deviation.threshold = 300ms (default)
2024-08-15 10:19:29,597 [main] INFO  server.RaftServerConfigKeys (ConfUtils.java:logGet(46)) - raft.server.close.threshold = 60s (default)
2024-08-15 10:19:29,597 [main] INFO  server.RaftServerConfigKeys (ConfUtils.java:logGet(46)) - raft.server.leaderelection.leader.step-down.wait-time = 10s (default)
2024-08-15 10:19:29,597 [bd801f82-5437-4351-937d-80ee5b205c35-NettyServerStreamRpc-bossGroup--thread1] INFO  logging.LoggingHandler (AbstractInternalLogger.java:log(148)) - [id: 0x8acbd420] REGISTERED
2024-08-15 10:19:29,597 [main] INFO  server.RaftServerConfigKeys (ConfUtils.java:logGet(46)) - raft.server.storage.dir = [/home/runner/work/ozone/ozone/hadoop-ozone/integration-test/target/test-dir/MiniOzoneClusterImpl-b6aad0f5-771e-4cba-adce-99e3b3454f11/ozone-meta/datanode-5/ratis] (custom)
2024-08-15 10:19:29,597 [bd801f82-5437-4351-937d-80ee5b205c35-NettyServerStreamRpc-bossGroup--thread1] INFO  logging.LoggingHandler (AbstractInternalLogger.java:log(148)) - [id: 0x8acbd420] BIND: 0.0.0.0/0.0.0.0:15581
2024-08-15 10:19:29,597 [main] INFO  server.RaftServerConfigKeys (ConfUtils.java:logGet(46)) - raft.server.threadpool.proxy.cached = true (default)
2024-08-15 10:19:29,598 [bd801f82-5437-4351-937d-80ee5b205c35-NettyServerStreamRpc-bossGroup--thread1] INFO  logging.LoggingHandler (AbstractInternalLogger.java:log(148)) - [id: 0x8acbd420, L:/0.0.0.0:15581] ACTIVE
2024-08-15 10:19:29,598 [main] INFO  server.RaftServerConfigKeys (ConfUtils.java:logGet(46)) - raft.server.threadpool.proxy.size = 0 (default)
2024-08-15 10:19:29,598 [bd801f82-5437-4351-937d-80ee5b205c35-impl-thread1] INFO  server.RaftServer (RaftServerProxy.java:initGroupDir(266)) - bd801f82-5437-4351-937d-80ee5b205c35: found a subdirectory /home/runner/work/ozone/ozone/hadoop-ozone/integration-test/target/test-dir/MiniOzoneClusterImpl-b6aad0f5-771e-4cba-adce-99e3b3454f11/ozone-meta/datanode-5/ratis/tmp
2024-08-15 10:19:29,598 [bd801f82-5437-4351-937d-80ee5b205c35-impl-thread1] INFO  server.RaftServer (RaftServerProxy.java:initGroupDir(271)) - bd801f82-5437-4351-937d-80ee5b205c35: The directory /home/runner/work/ozone/ozone/hadoop-ozone/integration-test/target/test-dir/MiniOzoneClusterImpl-b6aad0f5-771e-4cba-adce-99e3b3454f11/ozone-meta/datanode-5/ratis/tmp is not a group directory; ignoring it. 
2024-08-15 10:19:29,598 [main] INFO  replication.ReplicationServer (ReplicationServer.java:<init>(86)) - Initializing replication server with thread count = 10 queue length = 4096
2024-08-15 10:19:29,599 [main] INFO  server.XceiverServerGrpc (XceiverServerGrpc.java:<init>(141)) - GrpcServer channel type EpollServerSocketChannel
2024-08-15 10:19:29,600 [main] INFO  replication.ReplicationSupervisor (ReplicationSupervisor.java:build(157)) - Initializing replication supervisor with thread count = 10
2024-08-15 10:19:29,600 [main] INFO  replication.ReplicationSupervisor (ReplicationSupervisor.java:nodeStateUpdated(312)) - Node state updated to IN_SERVICE, scaling executor pool size to 10
2024-08-15 10:19:29,606 [main] INFO  http.BaseHttpServer (BaseHttpServer.java:newHttpServer2BuilderForOzone(223)) - Starting Web-server for hddsDatanode at: http://0.0.0.0:15575
2024-08-15 10:19:29,606 [main] INFO  http.BaseHttpServer (BaseHttpServer.java:<init>(110)) - Hadoop Security Enabled: false Ozone Security Enabled: false Ozone HTTP Security Enabled: false 
2024-08-15 10:19:29,607 [main] WARN  server.AuthenticationFilter (AuthenticationFilter.java:constructSecretProvider(240)) - Unable to initialize FileSignerSecretProvider, falling back to use random secrets. Reason: Could not read signature secret file: /home/runner/hadoop-http-auth-signature-secret
2024-08-15 10:19:29,607 [main] INFO  http.HttpRequestLog (HttpRequestLog.java:getRequestLog(86)) - Http request log for http.requests.hddsDatanode is not defined
2024-08-15 10:19:29,608 [main] INFO  http.HttpServer2 (HttpServer2.java:addGlobalFilter(1035)) - Added global filter 'safety' (class=org.apache.hadoop.hdds.server.http.HttpServer2$QuotingInputFilter)
2024-08-15 10:19:29,608 [main] INFO  http.HttpServer2 (HttpServer2.java:addFilter(1011)) - Added filter static_user_filter (class=org.apache.hadoop.http.lib.StaticUserWebFilter$StaticUserFilter) to context hddsDatanode
2024-08-15 10:19:29,608 [main] INFO  http.HttpServer2 (HttpServer2.java:addFilter(1019)) - Added filter static_user_filter (class=org.apache.hadoop.http.lib.StaticUserWebFilter$StaticUserFilter) to context static
2024-08-15 10:19:29,609 [main] INFO  http.HttpServer2 (HttpServer2.java:addFilter(1019)) - Added filter static_user_filter (class=org.apache.hadoop.http.lib.StaticUserWebFilter$StaticUserFilter) to context logs
2024-08-15 10:19:29,609 [main] INFO  http.BaseHttpServer (BaseHttpServer.java:<init>(189)) - HTTP server of hddsDatanode uses base directory /home/runner/work/ozone/ozone/hadoop-ozone/integration-test/target/test-dir/MiniOzoneClusterImpl-b6aad0f5-771e-4cba-adce-99e3b3454f11/ozone-meta/datanode-5/meta/webserver
2024-08-15 10:19:29,609 [main] INFO  http.HttpServer2 (HttpServer2.java:bindListener(1235)) - Jetty bound to port 15575
2024-08-15 10:19:29,609 [main] INFO  server.Server (Server.java:doStart(375)) - jetty-9.4.55.v20240627; built: 2024-06-27T15:05:37.765Z; git: 70015831e5195ba74da6383c4ab7c90c56bb08af; jvm 17.0.12+7
2024-08-15 10:19:29,613 [main] INFO  server.session (DefaultSessionIdManager.java:doStart(334)) - DefaultSessionIdManager workerName=node0
2024-08-15 10:19:29,614 [main] INFO  server.session (DefaultSessionIdManager.java:doStart(339)) - No SessionScavenger set, using defaults
2024-08-15 10:19:29,614 [main] INFO  server.session (HouseKeeper.java:startScavenging(132)) - node0 Scavenging every 660000ms
2024-08-15 10:19:29,617 [main] INFO  handler.ContextHandler (ContextHandler.java:doStart(921)) - Started o.e.j.s.ServletContextHandler@93a6a7d{logs,/logs,file:///home/runner/work/ozone/ozone/hadoop-ozone/integration-test/target/log,AVAILABLE}
2024-08-15 10:19:29,617 [main] INFO  handler.ContextHandler (ContextHandler.java:doStart(921)) - Started o.e.j.s.ServletContextHandler@18e41995{static,/static,jar:file:/home/runner/work/ozone/ozone/hadoop-hdds/container-service/target/hdds-container-service-1.5.0-SNAPSHOT.jar!/webapps/static,AVAILABLE}
2024-08-15 10:19:29,642 [om1@group-C5BA1605619E-FollowerState] INFO  impl.FollowerState (FollowerState.java:run(144)) - om1@group-C5BA1605619E-FollowerState: change to CANDIDATE, lastRpcElapsedTime:1044595647ns, electionTimeout:1043ms
2024-08-15 10:19:29,642 [om1@group-C5BA1605619E-FollowerState] INFO  impl.RoleInfo (RoleInfo.java:shutdownFollowerState(119)) - om1: shutdown om1@group-C5BA1605619E-FollowerState
2024-08-15 10:19:29,642 [om1@group-C5BA1605619E-FollowerState] INFO  server.RaftServer$Division (RaftServerImpl.java:setRole(376)) - om1@group-C5BA1605619E: changes role from  FOLLOWER to CANDIDATE at term 0 for changeToCandidate
2024-08-15 10:19:29,642 [om1@group-C5BA1605619E-FollowerState] INFO  server.RaftServerConfigKeys (ConfUtils.java:logGet(46)) - raft.server.leaderelection.pre-vote = true (default)
2024-08-15 10:19:29,642 [om1@group-C5BA1605619E-FollowerState] INFO  impl.RoleInfo (RoleInfo.java:updateAndGet(148)) - om1: start om1@group-C5BA1605619E-LeaderElection139
2024-08-15 10:19:29,643 [om1@group-C5BA1605619E-LeaderElection139] INFO  impl.LeaderElection (LeaderElection.java:askForVotes(321)) - om1@group-C5BA1605619E-LeaderElection139 PRE_VOTE round 0: submit vote requests at term 0 for conf: {index: -1, cur=peers:[om1|localhost:15537]|listeners:[], old=null}
2024-08-15 10:19:29,643 [om1@group-C5BA1605619E-LeaderElection139] INFO  impl.LeaderElection (LeaderElection.java:askForVotes(323)) - om1@group-C5BA1605619E-LeaderElection139 PRE_VOTE round 0: result PASSED (term=0)
2024-08-15 10:19:29,645 [om1@group-C5BA1605619E-LeaderElection139] INFO  impl.LeaderElection (LeaderElection.java:askForVotes(321)) - om1@group-C5BA1605619E-LeaderElection139 ELECTION round 0: submit vote requests at term 1 for conf: {index: -1, cur=peers:[om1|localhost:15537]|listeners:[], old=null}
2024-08-15 10:19:29,645 [om1@group-C5BA1605619E-LeaderElection139] INFO  impl.LeaderElection (LeaderElection.java:askForVotes(323)) - om1@group-C5BA1605619E-LeaderElection139 ELECTION round 0: result PASSED (term=1)
2024-08-15 10:19:29,645 [om1@group-C5BA1605619E-LeaderElection139] INFO  impl.RoleInfo (RoleInfo.java:shutdownLeaderElection(139)) - om1: shutdown om1@group-C5BA1605619E-LeaderElection139
2024-08-15 10:19:29,646 [om1@group-C5BA1605619E-LeaderElection139] INFO  server.RaftServer$Division (RaftServerImpl.java:setRole(376)) - om1@group-C5BA1605619E: changes role from CANDIDATE to LEADER at term 1 for changeToLeader
2024-08-15 10:19:29,646 [om1@group-C5BA1605619E-LeaderElection139] INFO  server.RaftServerConfigKeys (ConfUtils.java:logGet(46)) - raft.server.staging.catchup.gap = 1000 (default)
2024-08-15 10:19:29,647 [om1@group-C5BA1605619E-LeaderElection139] INFO  server.RaftServerConfigKeys (ConfUtils.java:logGet(46)) - raft.server.write.element-limit = 4096 (default)
2024-08-15 10:19:29,647 [om1@group-C5BA1605619E-LeaderElection139] INFO  server.RaftServerConfigKeys (ConfUtils.java:logGet(46)) - raft.server.write.byte-limit = 64MB (=67108864) (default)
2024-08-15 10:19:29,648 [om1@group-C5BA1605619E-LeaderElection139] INFO  server.RaftServerConfigKeys (ConfUtils.java:logGet(46)) - raft.server.watch.timeout = 10s (default)
2024-08-15 10:19:29,648 [om1@group-C5BA1605619E-LeaderElection139] INFO  server.RaftServerConfigKeys (ConfUtils.java:logGet(46)) - raft.server.watch.timeout.denomination = 1s (default)
2024-08-15 10:19:29,649 [om1@group-C5BA1605619E-LeaderElection139] INFO  server.RaftServerConfigKeys (ConfUtils.java:logGet(46)) - raft.server.watch.element-limit = 65536 (default)
2024-08-15 10:19:29,649 [om1@group-C5BA1605619E-LeaderElection139] INFO  server.RaftServerConfigKeys (ConfUtils.java:logGet(46)) - raft.server.read.leader.lease.enabled = false (default)
2024-08-15 10:19:29,649 [om1@group-C5BA1605619E-LeaderElection139] INFO  server.RaftServerConfigKeys (ConfUtils.java:logGet(46)) - raft.server.read.leader.lease.timeout.ratio = 0.9 (default)
2024-08-15 10:19:29,650 [om1@group-C5BA1605619E-LeaderElection139] INFO  server.RaftServerConfigKeys (ConfUtils.java:logGet(46)) - raft.server.rpc.timeout.min = 1s (custom)
2024-08-15 10:19:29,650 [om1@group-C5BA1605619E-LeaderElection139] INFO  server.RaftServerConfigKeys (ConfUtils.java:logGet(46)) - raft.server.log.log-metadata.enabled = true (default)
2024-08-15 10:19:29,651 [om1@group-C5BA1605619E-LeaderElection139] INFO  server.RaftServerConfigKeys (ConfUtils.java:logGet(46)) - raft.server.write.element-limit = 4096 (default)
2024-08-15 10:19:29,651 [om1@group-C5BA1605619E-LeaderElection139] INFO  server.RaftServerConfigKeys (ConfUtils.java:logGet(46)) - raft.server.write.follower.gap.ratio.max = -1.0 (default)
2024-08-15 10:19:29,652 [om1@group-C5BA1605619E-LeaderElection139] INFO  impl.RoleInfo (RoleInfo.java:updateAndGet(148)) - om1: start om1@group-C5BA1605619E-LeaderStateImpl
2024-08-15 10:19:29,652 [om1@group-C5BA1605619E-LeaderElection139] INFO  server.RaftServer$Division (RaftServerImpl.java:setFirstElection(549)) - om1@group-C5BA1605619E: set firstElectionSinceStartup to false for becomeLeader
2024-08-15 10:19:29,652 [om1@group-C5BA1605619E-LeaderElection139] INFO  server.RaftServer$Division (ServerState.java:setLeader(272)) - om1@group-C5BA1605619E: change Leader from null to om1 at term 1 for becomeLeader, leader elected after 1374ms
2024-08-15 10:19:29,653 [om1@group-C5BA1605619E-LeaderElection139] INFO  segmented.SegmentedRaftLogWorker (SegmentedRaftLogWorker.java:startLogSegment(433)) - om1@group-C5BA1605619E-SegmentedRaftLogWorker: Starting segment from index:0
2024-08-15 10:19:29,653 [om1@group-C5BA1605619E-LeaderElection139] INFO  server.RaftServer$Division (ServerState.java:setRaftConf(386)) - om1@group-C5BA1605619E: set configuration conf: {index: 0, cur=peers:[om1|localhost:15537]|listeners:[], old=null}
2024-08-15 10:19:29,653 [om1@group-C5BA1605619E-SegmentedRaftLogWorker] INFO  segmented.BufferedWriteChannel (BufferedWriteChannel.java:open(61)) - open log_inprogress_0 at position 0
2024-08-15 10:19:29,665 [om1@group-C5BA1605619E-SegmentedRaftLogWorker] INFO  segmented.SegmentedRaftLogWorker (SegmentedRaftLogWorker.java:execute(637)) - om1@group-C5BA1605619E-SegmentedRaftLogWorker: created new log segment /home/runner/work/ozone/ozone/hadoop-ozone/integration-test/target/test-dir/MiniOzoneClusterImpl-b6aad0f5-771e-4cba-adce-99e3b3454f11/ozone-meta/ratis/bf265839-605b-3f16-9796-c5ba1605619e/current/log_inprogress_0
2024-08-15 10:19:29,672 [om1@group-C5BA1605619E-StateMachineUpdater] INFO  ratis.OzoneManagerStateMachine (OzoneManagerStateMachine.java:notifyConfigurationChanged(216)) - Received Configuration change notification from Ratis. New Peer list:
[id: "om1"
address: "localhost:15537"
startupRole: FOLLOWER
]
2024-08-15 10:19:29,672 [om1@group-C5BA1605619E-StateMachineUpdater] INFO  server.RaftServer$Division (LeaderStateImpl.java:checkStartIndex(316)) - Leader om1@group-C5BA1605619E-LeaderStateImpl is ready since appliedIndex == startIndex == 0
2024-08-15 10:19:29,823 [main] INFO  handler.ContextHandler (ContextHandler.java:doStart(921)) - Started o.e.j.w.WebAppContext@3694fbf5{hddsDatanode,/,file:///home/runner/work/ozone/ozone/hadoop-ozone/integration-test/target/test-dir/MiniOzoneClusterImpl-b6aad0f5-771e-4cba-adce-99e3b3454f11/ozone-meta/datanode-5/meta/webserver/jetty-0_0_0_0-15575-hdds-container-service-1_5_0-SNAPSHOT_jar-_-any-14720128322053117037/webapp/,AVAILABLE}{jar:file:/home/runner/work/ozone/ozone/hadoop-hdds/container-service/target/hdds-container-service-1.5.0-SNAPSHOT.jar!/webapps/hddsDatanode}
2024-08-15 10:19:29,824 [main] INFO  server.AbstractConnector (AbstractConnector.java:doStart(333)) - Started ServerConnector@33ad2a2a{HTTP/1.1, (http/1.1)}{0.0.0.0:15575}
2024-08-15 10:19:29,824 [main] INFO  server.Server (Server.java:doStart(415)) - Started @533941ms
2024-08-15 10:19:29,824 [main] WARN  impl.MetricsSystemImpl (MetricsSystemImpl.java:register(279)) - Sink prometheus already exists!
2024-08-15 10:19:29,825 [main] INFO  http.BaseHttpServer (BaseHttpServer.java:updateConnectorAddress(354)) - HTTP server of hddsDatanode listening at http://0.0.0.0:15575
2024-08-15 10:19:29,825 [main] INFO  ipc.CallQueueManager (CallQueueManager.java:<init>(90)) - Using callQueue: class java.util.concurrent.LinkedBlockingQueue, queueCapacity: 1000, scheduler: class org.apache.hadoop.ipc.DefaultRpcScheduler, ipcBackoff: false.
2024-08-15 10:19:29,825 [main] INFO  ipc.Server (Server.java:<init>(1287)) - Listener at 0.0.0.0:15576
2024-08-15 10:19:29,826 [Socket Reader #1 for port 15576] INFO  ipc.Server (Server.java:run(1323)) - Starting Socket Reader #1 for port 15576
2024-08-15 10:19:29,826 [Socket Reader #2 for port 15576] INFO  ipc.Server (Server.java:run(1323)) - Starting Socket Reader #2 for port 15576
2024-08-15 10:19:29,826 [Socket Reader #3 for port 15576] INFO  ipc.Server (Server.java:run(1323)) - Starting Socket Reader #3 for port 15576
2024-08-15 10:19:29,827 [Socket Reader #4 for port 15576] INFO  ipc.Server (Server.java:run(1323)) - Starting Socket Reader #4 for port 15576
2024-08-15 10:19:29,827 [Socket Reader #5 for port 15576] INFO  ipc.Server (Server.java:run(1323)) - Starting Socket Reader #5 for port 15576
2024-08-15 10:19:29,827 [Socket Reader #6 for port 15576] INFO  ipc.Server (Server.java:run(1323)) - Starting Socket Reader #6 for port 15576
2024-08-15 10:19:29,827 [Socket Reader #7 for port 15576] INFO  ipc.Server (Server.java:run(1323)) - Starting Socket Reader #7 for port 15576
2024-08-15 10:19:29,828 [Socket Reader #8 for port 15576] INFO  ipc.Server (Server.java:run(1323)) - Starting Socket Reader #8 for port 15576
2024-08-15 10:19:29,828 [Socket Reader #9 for port 15576] INFO  ipc.Server (Server.java:run(1323)) - Starting Socket Reader #9 for port 15576
2024-08-15 10:19:29,828 [Socket Reader #10 for port 15576] INFO  ipc.Server (Server.java:run(1323)) - Starting Socket Reader #10 for port 15576
2024-08-15 10:19:29,829 [main] INFO  ozone.HddsDatanodeService (HddsDatanodeService.java:start(319)) - Datanode start with admins: [runner]
2024-08-15 10:19:29,829 [main] INFO  ozone.HddsDatanodeClientProtocolServer (HddsDatanodeClientProtocolServer.java:start(79)) - RPC server for Client /0.0.0.0:15576
2024-08-15 10:19:29,829 [IPC Server Responder] INFO  ipc.Server (Server.java:run(1562)) - IPC Server Responder: starting
2024-08-15 10:19:29,830 [IPC Server listener on 15576] INFO  ipc.Server (Server.java:run(1402)) - IPC Server listener on 15576: starting
2024-08-15 10:19:29,831 [main] INFO  ozone.MiniOzoneClusterImpl (MiniOzoneClusterImpl.java:lambda$waitForClusterToBeReady$0(198)) - Waiting for nodes to be ready. Got 0 of 5 DN Heartbeats.
2024-08-15 10:19:29,831 [main] INFO  ozone.MiniOzoneClusterImpl (MiniOzoneClusterImpl.java:lambda$waitForClusterToBeReady$0(201)) - Waiting for cluster to exit safe mode
2024-08-15 10:19:29,831 [main] INFO  ozone.MiniOzoneClusterImpl (MiniOzoneClusterImpl.java:lambda$waitForClusterToBeReady$0(203)) - SCM became leader
2024-08-15 10:19:29,831 [bd801f82-5437-4351-937d-80ee5b205c35-DatanodeStateMachineDaemonThread] INFO  statemachine.DatanodeStateMachine (DatanodeStateMachine.java:startStateMachineThread(338)) - Ozone container server started.
2024-08-15 10:19:29,833 [bd801f82-5437-4351-937d-80ee5b205c35-DatanodeStateMachineTaskThread-0] INFO  datanode.InitDatanodeState (InitDatanodeState.java:persistContainerDatanodeDetails(139)) - DatanodeDetails is persisted to /home/runner/work/ozone/ozone/hadoop-ozone/integration-test/target/test-dir/MiniOzoneClusterImpl-b6aad0f5-771e-4cba-adce-99e3b3454f11/ozone-meta/datanode-5/meta/datanode.id
2024-08-15 10:19:30,832 [main] INFO  ozone.MiniOzoneClusterImpl (MiniOzoneClusterImpl.java:lambda$waitForClusterToBeReady$0(198)) - Waiting for nodes to be ready. Got 0 of 5 DN Heartbeats.
2024-08-15 10:19:30,832 [main] INFO  ozone.MiniOzoneClusterImpl (MiniOzoneClusterImpl.java:lambda$waitForClusterToBeReady$0(201)) - Waiting for cluster to exit safe mode
2024-08-15 10:19:30,832 [main] INFO  ozone.MiniOzoneClusterImpl (MiniOzoneClusterImpl.java:lambda$waitForClusterToBeReady$0(203)) - SCM became leader
2024-08-15 10:19:30,893 [c54b81e8-1f41-41f0-8c11-6d721527725f-EndpointStateMachineTaskThread-/0.0.0.0:15532-0 ] INFO  utils.DatanodeStoreCache (DatanodeStoreCache.java:addDB(72)) - Added db /home/runner/work/ozone/ozone/hadoop-ozone/integration-test/target/test-dir/MiniOzoneClusterImpl-b6aad0f5-771e-4cba-adce-99e3b3454f11/ozone-meta/datanode-1/data-0/hdds/b6aad0f5-771e-4cba-adce-99e3b3454f11/DS-a4c31bae-24b5-44e8-babb-71b9b748682a/container.db to cache
2024-08-15 10:19:30,893 [c54b81e8-1f41-41f0-8c11-6d721527725f-EndpointStateMachineTaskThread-/0.0.0.0:15532-0 ] INFO  volume.HddsVolume (HddsVolume.java:createDbStore(429)) - SchemaV3 db is created and loaded at /home/runner/work/ozone/ozone/hadoop-ozone/integration-test/target/test-dir/MiniOzoneClusterImpl-b6aad0f5-771e-4cba-adce-99e3b3454f11/ozone-meta/datanode-1/data-0/hdds/b6aad0f5-771e-4cba-adce-99e3b3454f11/DS-a4c31bae-24b5-44e8-babb-71b9b748682a/container.db for volume DS-a4c31bae-24b5-44e8-babb-71b9b748682a
2024-08-15 10:19:30,894 [c54b81e8-1f41-41f0-8c11-6d721527725f-ContainerReader-0] INFO  ozoneimpl.ContainerReader (ContainerReader.java:readVolume(148)) - Start to verify containers on volume /home/runner/work/ozone/ozone/hadoop-ozone/integration-test/target/test-dir/MiniOzoneClusterImpl-b6aad0f5-771e-4cba-adce-99e3b3454f11/ozone-meta/datanode-1/data-0/hdds
2024-08-15 10:19:30,894 [c54b81e8-1f41-41f0-8c11-6d721527725f-ContainerReader-0] INFO  ozoneimpl.ContainerReader (ContainerReader.java:readVolume(178)) - Finish verifying containers on volume /home/runner/work/ozone/ozone/hadoop-ozone/integration-test/target/test-dir/MiniOzoneClusterImpl-b6aad0f5-771e-4cba-adce-99e3b3454f11/ozone-meta/datanode-1/data-0/hdds
2024-08-15 10:19:30,894 [c54b81e8-1f41-41f0-8c11-6d721527725f-EndpointStateMachineTaskThread-/0.0.0.0:15532-0 ] INFO  ozoneimpl.OzoneContainer (OzoneContainer.java:buildContainerSet(344)) - Build ContainerSet costs 0s
2024-08-15 10:19:30,894 [c54b81e8-1f41-41f0-8c11-6d721527725f-EndpointStateMachineTaskThread-/0.0.0.0:15532-0 ] INFO  volume.ThrottledAsyncChecker (ThrottledAsyncChecker.java:schedule(141)) - Scheduling a check for /home/runner/work/ozone/ozone/hadoop-ozone/integration-test/target/test-dir/MiniOzoneClusterImpl-b6aad0f5-771e-4cba-adce-99e3b3454f11/ozone-meta/datanode-1/data-0/hdds
2024-08-15 10:19:30,895 [c54b81e8-1f41-41f0-8c11-6d721527725f-EndpointStateMachineTaskThread-/0.0.0.0:15532-0 ] INFO  volume.StorageVolumeChecker (StorageVolumeChecker.java:checkAllVolumes(218)) - Scheduled health check for volume /home/runner/work/ozone/ozone/hadoop-ozone/integration-test/target/test-dir/MiniOzoneClusterImpl-b6aad0f5-771e-4cba-adce-99e3b3454f11/ozone-meta/datanode-1/data-0/hdds
2024-08-15 10:19:30,896 [c54b81e8-1f41-41f0-8c11-6d721527725f-EndpointStateMachineTaskThread-/0.0.0.0:15532-0 ] INFO  volume.ThrottledAsyncChecker (ThrottledAsyncChecker.java:schedule(141)) - Scheduling a check for /home/runner/work/ozone/ozone/hadoop-ozone/integration-test/target/test-dir/MiniOzoneClusterImpl-b6aad0f5-771e-4cba-adce-99e3b3454f11/ozone-meta/datanode-1/ratis
2024-08-15 10:19:30,896 [c54b81e8-1f41-41f0-8c11-6d721527725f-EndpointStateMachineTaskThread-/0.0.0.0:15532-0 ] INFO  volume.StorageVolumeChecker (StorageVolumeChecker.java:checkAllVolumes(218)) - Scheduled health check for volume /home/runner/work/ozone/ozone/hadoop-ozone/integration-test/target/test-dir/MiniOzoneClusterImpl-b6aad0f5-771e-4cba-adce-99e3b3454f11/ozone-meta/datanode-1/ratis
2024-08-15 10:19:30,897 [c54b81e8-1f41-41f0-8c11-6d721527725f-EndpointStateMachineTaskThread-/0.0.0.0:15532-0 ] INFO  ozoneimpl.OzoneContainer (OzoneContainer.java:start(475)) - Attempting to start container services.
2024-08-15 10:19:30,897 [c54b81e8-1f41-41f0-8c11-6d721527725f-EndpointStateMachineTaskThread-/0.0.0.0:15532-0 ] WARN  ozoneimpl.OnDemandContainerDataScanner (OnDemandContainerDataScanner.java:init(75)) - Trying to initialize on demand scanner a second time on a datanode.
2024-08-15 10:19:30,897 [ContainerMetadataScanner] INFO  ozoneimpl.AbstractBackgroundContainerScanner (AbstractBackgroundContainerScanner.java:runIteration(87)) - Completed an iteration in 0 minutes. Number of iterations (since the data-node restart) : 1, Number of containers scanned in this iteration : 0, Number of unhealthy containers found in this iteration : 0
2024-08-15 10:19:30,898 [c54b81e8-1f41-41f0-8c11-6d721527725f-EndpointStateMachineTaskThread-/0.0.0.0:15532-0 ] INFO  replication.ReplicationServer (ReplicationServer.java:start(140)) - ReplicationServer is started using port 15546
2024-08-15 10:19:30,898 [c54b81e8-1f41-41f0-8c11-6d721527725f-EndpointStateMachineTaskThread-/0.0.0.0:15532-0 ] INFO  ratis.XceiverServerRatis (XceiverServerRatis.java:start(562)) - Starting XceiverServerRatis c54b81e8-1f41-41f0-8c11-6d721527725f
2024-08-15 10:19:30,898 [ContainerDataScanner(/home/runner/work/ozone/ozone/hadoop-ozone/integration-test/target/test-dir/MiniOzoneClusterImpl-b6aad0f5-771e-4cba-adce-99e3b3454f11/ozone-meta/datanode-1/data-0/hdds)] INFO  ozoneimpl.AbstractBackgroundContainerScanner (AbstractBackgroundContainerScanner.java:runIteration(87)) - Completed an iteration in 0 minutes. Number of iterations (since the data-node restart) : 1, Number of containers scanned in this iteration : 0, Number of unhealthy containers found in this iteration : 0
2024-08-15 10:19:30,898 [c54b81e8-1f41-41f0-8c11-6d721527725f-EndpointStateMachineTaskThread-/0.0.0.0:15532-0 ] INFO  server.RaftServer (RaftServerProxy.java:startImpl(408)) - c54b81e8-1f41-41f0-8c11-6d721527725f: start RPC server
2024-08-15 10:19:30,898 [c54b81e8-1f41-41f0-8c11-6d721527725f-EndpointStateMachineTaskThread-/0.0.0.0:15532-0 ] INFO  server.GrpcService (GrpcService.java:startImpl(302)) - c54b81e8-1f41-41f0-8c11-6d721527725f: GrpcService started, listening on 15542
2024-08-15 10:19:30,899 [c54b81e8-1f41-41f0-8c11-6d721527725f-EndpointStateMachineTaskThread-/0.0.0.0:15532-0 ] INFO  ratis.XceiverServerRatis (XceiverServerRatis.java:getRealPort(588)) - XceiverServerRatis c54b81e8-1f41-41f0-8c11-6d721527725f is started using port 15542 for RATIS
2024-08-15 10:19:30,899 [JvmPauseMonitor76] INFO  util.JvmPauseMonitor (JvmPauseMonitor.java:run(146)) - JvmPauseMonitor-c54b81e8-1f41-41f0-8c11-6d721527725f: Started
2024-08-15 10:19:30,899 [c54b81e8-1f41-41f0-8c11-6d721527725f-EndpointStateMachineTaskThread-/0.0.0.0:15532-0 ] INFO  ratis.XceiverServerRatis (XceiverServerRatis.java:getRealPort(588)) - XceiverServerRatis c54b81e8-1f41-41f0-8c11-6d721527725f is started using port 15542 for RATIS_ADMIN
2024-08-15 10:19:30,899 [c54b81e8-1f41-41f0-8c11-6d721527725f-EndpointStateMachineTaskThread-/0.0.0.0:15532-0 ] INFO  ratis.XceiverServerRatis (XceiverServerRatis.java:getRealPort(588)) - XceiverServerRatis c54b81e8-1f41-41f0-8c11-6d721527725f is started using port 15542 for RATIS_SERVER
2024-08-15 10:19:30,899 [c54b81e8-1f41-41f0-8c11-6d721527725f-EndpointStateMachineTaskThread-/0.0.0.0:15532-0 ] INFO  ratis.XceiverServerRatis (XceiverServerRatis.java:getRealPort(588)) - XceiverServerRatis c54b81e8-1f41-41f0-8c11-6d721527725f is started using port 15545 for RATIS_DATASTREAM
2024-08-15 10:19:30,900 [c54b81e8-1f41-41f0-8c11-6d721527725f-BlockDeletingService#0] INFO  interfaces.ContainerDeletionChoosingPolicyTemplate (ContainerDeletionChoosingPolicyTemplate.java:chooseContainerForBlockDeletion(85)) - Chosen 0/5000 blocks from 0 candidate containers.
2024-08-15 10:19:31,144 [6c2c8d64-db13-4196-9e9e-e3b1acb91f99-EndpointStateMachineTaskThread-/0.0.0.0:15532-0 ] INFO  utils.DatanodeStoreCache (DatanodeStoreCache.java:addDB(72)) - Added db /home/runner/work/ozone/ozone/hadoop-ozone/integration-test/target/test-dir/MiniOzoneClusterImpl-b6aad0f5-771e-4cba-adce-99e3b3454f11/ozone-meta/datanode-2/data-0/hdds/b6aad0f5-771e-4cba-adce-99e3b3454f11/DS-b80ad92b-8b56-4fbd-995d-205ff0b17f1f/container.db to cache
2024-08-15 10:19:31,144 [6c2c8d64-db13-4196-9e9e-e3b1acb91f99-EndpointStateMachineTaskThread-/0.0.0.0:15532-0 ] INFO  volume.HddsVolume (HddsVolume.java:createDbStore(429)) - SchemaV3 db is created and loaded at /home/runner/work/ozone/ozone/hadoop-ozone/integration-test/target/test-dir/MiniOzoneClusterImpl-b6aad0f5-771e-4cba-adce-99e3b3454f11/ozone-meta/datanode-2/data-0/hdds/b6aad0f5-771e-4cba-adce-99e3b3454f11/DS-b80ad92b-8b56-4fbd-995d-205ff0b17f1f/container.db for volume DS-b80ad92b-8b56-4fbd-995d-205ff0b17f1f
2024-08-15 10:19:31,146 [6c2c8d64-db13-4196-9e9e-e3b1acb91f99-ContainerReader-0] INFO  ozoneimpl.ContainerReader (ContainerReader.java:readVolume(148)) - Start to verify containers on volume /home/runner/work/ozone/ozone/hadoop-ozone/integration-test/target/test-dir/MiniOzoneClusterImpl-b6aad0f5-771e-4cba-adce-99e3b3454f11/ozone-meta/datanode-2/data-0/hdds
2024-08-15 10:19:31,146 [6c2c8d64-db13-4196-9e9e-e3b1acb91f99-ContainerReader-0] INFO  ozoneimpl.ContainerReader (ContainerReader.java:readVolume(178)) - Finish verifying containers on volume /home/runner/work/ozone/ozone/hadoop-ozone/integration-test/target/test-dir/MiniOzoneClusterImpl-b6aad0f5-771e-4cba-adce-99e3b3454f11/ozone-meta/datanode-2/data-0/hdds
2024-08-15 10:19:31,146 [6c2c8d64-db13-4196-9e9e-e3b1acb91f99-EndpointStateMachineTaskThread-/0.0.0.0:15532-0 ] INFO  ozoneimpl.OzoneContainer (OzoneContainer.java:buildContainerSet(344)) - Build ContainerSet costs 0s
2024-08-15 10:19:31,146 [6c2c8d64-db13-4196-9e9e-e3b1acb91f99-EndpointStateMachineTaskThread-/0.0.0.0:15532-0 ] INFO  volume.ThrottledAsyncChecker (ThrottledAsyncChecker.java:schedule(141)) - Scheduling a check for /home/runner/work/ozone/ozone/hadoop-ozone/integration-test/target/test-dir/MiniOzoneClusterImpl-b6aad0f5-771e-4cba-adce-99e3b3454f11/ozone-meta/datanode-2/data-0/hdds
2024-08-15 10:19:31,147 [6c2c8d64-db13-4196-9e9e-e3b1acb91f99-EndpointStateMachineTaskThread-/0.0.0.0:15532-0 ] INFO  volume.StorageVolumeChecker (StorageVolumeChecker.java:checkAllVolumes(218)) - Scheduled health check for volume /home/runner/work/ozone/ozone/hadoop-ozone/integration-test/target/test-dir/MiniOzoneClusterImpl-b6aad0f5-771e-4cba-adce-99e3b3454f11/ozone-meta/datanode-2/data-0/hdds
2024-08-15 10:19:31,147 [6c2c8d64-db13-4196-9e9e-e3b1acb91f99-EndpointStateMachineTaskThread-/0.0.0.0:15532-0 ] INFO  volume.ThrottledAsyncChecker (ThrottledAsyncChecker.java:schedule(141)) - Scheduling a check for /home/runner/work/ozone/ozone/hadoop-ozone/integration-test/target/test-dir/MiniOzoneClusterImpl-b6aad0f5-771e-4cba-adce-99e3b3454f11/ozone-meta/datanode-2/ratis
2024-08-15 10:19:31,147 [6c2c8d64-db13-4196-9e9e-e3b1acb91f99-EndpointStateMachineTaskThread-/0.0.0.0:15532-0 ] INFO  volume.StorageVolumeChecker (StorageVolumeChecker.java:checkAllVolumes(218)) - Scheduled health check for volume /home/runner/work/ozone/ozone/hadoop-ozone/integration-test/target/test-dir/MiniOzoneClusterImpl-b6aad0f5-771e-4cba-adce-99e3b3454f11/ozone-meta/datanode-2/ratis
2024-08-15 10:19:31,148 [6c2c8d64-db13-4196-9e9e-e3b1acb91f99-EndpointStateMachineTaskThread-/0.0.0.0:15532-0 ] INFO  ozoneimpl.OzoneContainer (OzoneContainer.java:start(475)) - Attempting to start container services.
2024-08-15 10:19:31,148 [6c2c8d64-db13-4196-9e9e-e3b1acb91f99-EndpointStateMachineTaskThread-/0.0.0.0:15532-0 ] WARN  ozoneimpl.OnDemandContainerDataScanner (OnDemandContainerDataScanner.java:init(75)) - Trying to initialize on demand scanner a second time on a datanode.
2024-08-15 10:19:31,148 [ContainerMetadataScanner] INFO  ozoneimpl.AbstractBackgroundContainerScanner (AbstractBackgroundContainerScanner.java:runIteration(87)) - Completed an iteration in 0 minutes. Number of iterations (since the data-node restart) : 1, Number of containers scanned in this iteration : 0, Number of unhealthy containers found in this iteration : 0
2024-08-15 10:19:31,149 [ContainerDataScanner(/home/runner/work/ozone/ozone/hadoop-ozone/integration-test/target/test-dir/MiniOzoneClusterImpl-b6aad0f5-771e-4cba-adce-99e3b3454f11/ozone-meta/datanode-2/data-0/hdds)] INFO  ozoneimpl.AbstractBackgroundContainerScanner (AbstractBackgroundContainerScanner.java:runIteration(87)) - Completed an iteration in 0 minutes. Number of iterations (since the data-node restart) : 1, Number of containers scanned in this iteration : 0, Number of unhealthy containers found in this iteration : 0
2024-08-15 10:19:31,149 [6c2c8d64-db13-4196-9e9e-e3b1acb91f99-EndpointStateMachineTaskThread-/0.0.0.0:15532-0 ] INFO  replication.ReplicationServer (ReplicationServer.java:start(140)) - ReplicationServer is started using port 15555
2024-08-15 10:19:31,149 [6c2c8d64-db13-4196-9e9e-e3b1acb91f99-EndpointStateMachineTaskThread-/0.0.0.0:15532-0 ] INFO  ratis.XceiverServerRatis (XceiverServerRatis.java:start(562)) - Starting XceiverServerRatis 6c2c8d64-db13-4196-9e9e-e3b1acb91f99
2024-08-15 10:19:31,149 [6c2c8d64-db13-4196-9e9e-e3b1acb91f99-EndpointStateMachineTaskThread-/0.0.0.0:15532-0 ] INFO  server.RaftServer (RaftServerProxy.java:startImpl(408)) - 6c2c8d64-db13-4196-9e9e-e3b1acb91f99: start RPC server
2024-08-15 10:19:31,150 [6c2c8d64-db13-4196-9e9e-e3b1acb91f99-EndpointStateMachineTaskThread-/0.0.0.0:15532-0 ] INFO  server.GrpcService (GrpcService.java:startImpl(302)) - 6c2c8d64-db13-4196-9e9e-e3b1acb91f99: GrpcService started, listening on 15551
2024-08-15 10:19:31,150 [6c2c8d64-db13-4196-9e9e-e3b1acb91f99-EndpointStateMachineTaskThread-/0.0.0.0:15532-0 ] INFO  ratis.XceiverServerRatis (XceiverServerRatis.java:getRealPort(588)) - XceiverServerRatis 6c2c8d64-db13-4196-9e9e-e3b1acb91f99 is started using port 15551 for RATIS
2024-08-15 10:19:31,150 [6c2c8d64-db13-4196-9e9e-e3b1acb91f99-EndpointStateMachineTaskThread-/0.0.0.0:15532-0 ] INFO  ratis.XceiverServerRatis (XceiverServerRatis.java:getRealPort(588)) - XceiverServerRatis 6c2c8d64-db13-4196-9e9e-e3b1acb91f99 is started using port 15551 for RATIS_ADMIN
2024-08-15 10:19:31,150 [6c2c8d64-db13-4196-9e9e-e3b1acb91f99-EndpointStateMachineTaskThread-/0.0.0.0:15532-0 ] INFO  ratis.XceiverServerRatis (XceiverServerRatis.java:getRealPort(588)) - XceiverServerRatis 6c2c8d64-db13-4196-9e9e-e3b1acb91f99 is started using port 15551 for RATIS_SERVER
2024-08-15 10:19:31,150 [JvmPauseMonitor77] INFO  util.JvmPauseMonitor (JvmPauseMonitor.java:run(146)) - JvmPauseMonitor-6c2c8d64-db13-4196-9e9e-e3b1acb91f99: Started
2024-08-15 10:19:31,150 [6c2c8d64-db13-4196-9e9e-e3b1acb91f99-EndpointStateMachineTaskThread-/0.0.0.0:15532-0 ] INFO  ratis.XceiverServerRatis (XceiverServerRatis.java:getRealPort(588)) - XceiverServerRatis 6c2c8d64-db13-4196-9e9e-e3b1acb91f99 is started using port 15554 for RATIS_DATASTREAM
2024-08-15 10:19:31,151 [6c2c8d64-db13-4196-9e9e-e3b1acb91f99-BlockDeletingService#0] INFO  interfaces.ContainerDeletionChoosingPolicyTemplate (ContainerDeletionChoosingPolicyTemplate.java:chooseContainerForBlockDeletion(85)) - Chosen 0/5000 blocks from 0 candidate containers.
2024-08-15 10:19:31,372 [81bac27f-0582-41fc-bc3f-9f968300fa98-EndpointStateMachineTaskThread-/0.0.0.0:15532-0 ] INFO  utils.DatanodeStoreCache (DatanodeStoreCache.java:addDB(72)) - Added db /home/runner/work/ozone/ozone/hadoop-ozone/integration-test/target/test-dir/MiniOzoneClusterImpl-b6aad0f5-771e-4cba-adce-99e3b3454f11/ozone-meta/datanode-3/data-0/hdds/b6aad0f5-771e-4cba-adce-99e3b3454f11/DS-331867d0-420d-4fb6-832d-bd085fe3457c/container.db to cache
2024-08-15 10:19:31,372 [81bac27f-0582-41fc-bc3f-9f968300fa98-EndpointStateMachineTaskThread-/0.0.0.0:15532-0 ] INFO  volume.HddsVolume (HddsVolume.java:createDbStore(429)) - SchemaV3 db is created and loaded at /home/runner/work/ozone/ozone/hadoop-ozone/integration-test/target/test-dir/MiniOzoneClusterImpl-b6aad0f5-771e-4cba-adce-99e3b3454f11/ozone-meta/datanode-3/data-0/hdds/b6aad0f5-771e-4cba-adce-99e3b3454f11/DS-331867d0-420d-4fb6-832d-bd085fe3457c/container.db for volume DS-331867d0-420d-4fb6-832d-bd085fe3457c
2024-08-15 10:19:31,374 [81bac27f-0582-41fc-bc3f-9f968300fa98-ContainerReader-0] INFO  ozoneimpl.ContainerReader (ContainerReader.java:readVolume(148)) - Start to verify containers on volume /home/runner/work/ozone/ozone/hadoop-ozone/integration-test/target/test-dir/MiniOzoneClusterImpl-b6aad0f5-771e-4cba-adce-99e3b3454f11/ozone-meta/datanode-3/data-0/hdds
2024-08-15 10:19:31,374 [81bac27f-0582-41fc-bc3f-9f968300fa98-ContainerReader-0] INFO  ozoneimpl.ContainerReader (ContainerReader.java:readVolume(178)) - Finish verifying containers on volume /home/runner/work/ozone/ozone/hadoop-ozone/integration-test/target/test-dir/MiniOzoneClusterImpl-b6aad0f5-771e-4cba-adce-99e3b3454f11/ozone-meta/datanode-3/data-0/hdds
2024-08-15 10:19:31,374 [81bac27f-0582-41fc-bc3f-9f968300fa98-EndpointStateMachineTaskThread-/0.0.0.0:15532-0 ] INFO  ozoneimpl.OzoneContainer (OzoneContainer.java:buildContainerSet(344)) - Build ContainerSet costs 0s
2024-08-15 10:19:31,374 [81bac27f-0582-41fc-bc3f-9f968300fa98-EndpointStateMachineTaskThread-/0.0.0.0:15532-0 ] INFO  volume.ThrottledAsyncChecker (ThrottledAsyncChecker.java:schedule(141)) - Scheduling a check for /home/runner/work/ozone/ozone/hadoop-ozone/integration-test/target/test-dir/MiniOzoneClusterImpl-b6aad0f5-771e-4cba-adce-99e3b3454f11/ozone-meta/datanode-3/data-0/hdds
2024-08-15 10:19:31,375 [81bac27f-0582-41fc-bc3f-9f968300fa98-EndpointStateMachineTaskThread-/0.0.0.0:15532-0 ] INFO  volume.StorageVolumeChecker (StorageVolumeChecker.java:checkAllVolumes(218)) - Scheduled health check for volume /home/runner/work/ozone/ozone/hadoop-ozone/integration-test/target/test-dir/MiniOzoneClusterImpl-b6aad0f5-771e-4cba-adce-99e3b3454f11/ozone-meta/datanode-3/data-0/hdds
2024-08-15 10:19:31,375 [81bac27f-0582-41fc-bc3f-9f968300fa98-EndpointStateMachineTaskThread-/0.0.0.0:15532-0 ] INFO  volume.ThrottledAsyncChecker (ThrottledAsyncChecker.java:schedule(141)) - Scheduling a check for /home/runner/work/ozone/ozone/hadoop-ozone/integration-test/target/test-dir/MiniOzoneClusterImpl-b6aad0f5-771e-4cba-adce-99e3b3454f11/ozone-meta/datanode-3/ratis
2024-08-15 10:19:31,375 [81bac27f-0582-41fc-bc3f-9f968300fa98-EndpointStateMachineTaskThread-/0.0.0.0:15532-0 ] INFO  volume.StorageVolumeChecker (StorageVolumeChecker.java:checkAllVolumes(218)) - Scheduled health check for volume /home/runner/work/ozone/ozone/hadoop-ozone/integration-test/target/test-dir/MiniOzoneClusterImpl-b6aad0f5-771e-4cba-adce-99e3b3454f11/ozone-meta/datanode-3/ratis
2024-08-15 10:19:31,376 [81bac27f-0582-41fc-bc3f-9f968300fa98-EndpointStateMachineTaskThread-/0.0.0.0:15532-0 ] INFO  ozoneimpl.OzoneContainer (OzoneContainer.java:start(475)) - Attempting to start container services.
2024-08-15 10:19:31,376 [81bac27f-0582-41fc-bc3f-9f968300fa98-EndpointStateMachineTaskThread-/0.0.0.0:15532-0 ] WARN  ozoneimpl.OnDemandContainerDataScanner (OnDemandContainerDataScanner.java:init(75)) - Trying to initialize on demand scanner a second time on a datanode.
2024-08-15 10:19:31,377 [ContainerMetadataScanner] INFO  ozoneimpl.AbstractBackgroundContainerScanner (AbstractBackgroundContainerScanner.java:runIteration(87)) - Completed an iteration in 0 minutes. Number of iterations (since the data-node restart) : 1, Number of containers scanned in this iteration : 0, Number of unhealthy containers found in this iteration : 0
2024-08-15 10:19:31,377 [ContainerDataScanner(/home/runner/work/ozone/ozone/hadoop-ozone/integration-test/target/test-dir/MiniOzoneClusterImpl-b6aad0f5-771e-4cba-adce-99e3b3454f11/ozone-meta/datanode-3/data-0/hdds)] INFO  ozoneimpl.AbstractBackgroundContainerScanner (AbstractBackgroundContainerScanner.java:runIteration(87)) - Completed an iteration in 0 minutes. Number of iterations (since the data-node restart) : 1, Number of containers scanned in this iteration : 0, Number of unhealthy containers found in this iteration : 0
2024-08-15 10:19:31,377 [81bac27f-0582-41fc-bc3f-9f968300fa98-EndpointStateMachineTaskThread-/0.0.0.0:15532-0 ] INFO  replication.ReplicationServer (ReplicationServer.java:start(140)) - ReplicationServer is started using port 15564
2024-08-15 10:19:31,377 [81bac27f-0582-41fc-bc3f-9f968300fa98-EndpointStateMachineTaskThread-/0.0.0.0:15532-0 ] INFO  ratis.XceiverServerRatis (XceiverServerRatis.java:start(562)) - Starting XceiverServerRatis 81bac27f-0582-41fc-bc3f-9f968300fa98
2024-08-15 10:19:31,378 [81bac27f-0582-41fc-bc3f-9f968300fa98-EndpointStateMachineTaskThread-/0.0.0.0:15532-0 ] INFO  server.RaftServer (RaftServerProxy.java:startImpl(408)) - 81bac27f-0582-41fc-bc3f-9f968300fa98: start RPC server
2024-08-15 10:19:31,378 [81bac27f-0582-41fc-bc3f-9f968300fa98-EndpointStateMachineTaskThread-/0.0.0.0:15532-0 ] INFO  server.GrpcService (GrpcService.java:startImpl(302)) - 81bac27f-0582-41fc-bc3f-9f968300fa98: GrpcService started, listening on 15560
2024-08-15 10:19:31,379 [81bac27f-0582-41fc-bc3f-9f968300fa98-EndpointStateMachineTaskThread-/0.0.0.0:15532-0 ] INFO  ratis.XceiverServerRatis (XceiverServerRatis.java:getRealPort(588)) - XceiverServerRatis 81bac27f-0582-41fc-bc3f-9f968300fa98 is started using port 15560 for RATIS
2024-08-15 10:19:31,379 [81bac27f-0582-41fc-bc3f-9f968300fa98-EndpointStateMachineTaskThread-/0.0.0.0:15532-0 ] INFO  ratis.XceiverServerRatis (XceiverServerRatis.java:getRealPort(588)) - XceiverServerRatis 81bac27f-0582-41fc-bc3f-9f968300fa98 is started using port 15560 for RATIS_ADMIN
2024-08-15 10:19:31,379 [81bac27f-0582-41fc-bc3f-9f968300fa98-EndpointStateMachineTaskThread-/0.0.0.0:15532-0 ] INFO  ratis.XceiverServerRatis (XceiverServerRatis.java:getRealPort(588)) - XceiverServerRatis 81bac27f-0582-41fc-bc3f-9f968300fa98 is started using port 15560 for RATIS_SERVER
2024-08-15 10:19:31,379 [81bac27f-0582-41fc-bc3f-9f968300fa98-EndpointStateMachineTaskThread-/0.0.0.0:15532-0 ] INFO  ratis.XceiverServerRatis (XceiverServerRatis.java:getRealPort(588)) - XceiverServerRatis 81bac27f-0582-41fc-bc3f-9f968300fa98 is started using port 15563 for RATIS_DATASTREAM
2024-08-15 10:19:31,379 [JvmPauseMonitor78] INFO  util.JvmPauseMonitor (JvmPauseMonitor.java:run(146)) - JvmPauseMonitor-81bac27f-0582-41fc-bc3f-9f968300fa98: Started
2024-08-15 10:19:31,380 [81bac27f-0582-41fc-bc3f-9f968300fa98-BlockDeletingService#0] INFO  interfaces.ContainerDeletionChoosingPolicyTemplate (ContainerDeletionChoosingPolicyTemplate.java:chooseContainerForBlockDeletion(85)) - Chosen 0/5000 blocks from 0 candidate containers.
2024-08-15 10:19:31,608 [d4ec432b-f714-4e84-a00f-65ea9c81cd2d-EndpointStateMachineTaskThread-/0.0.0.0:15532-0 ] INFO  utils.DatanodeStoreCache (DatanodeStoreCache.java:addDB(72)) - Added db /home/runner/work/ozone/ozone/hadoop-ozone/integration-test/target/test-dir/MiniOzoneClusterImpl-b6aad0f5-771e-4cba-adce-99e3b3454f11/ozone-meta/datanode-4/data-0/hdds/b6aad0f5-771e-4cba-adce-99e3b3454f11/DS-1325a4ae-bc5b-4619-84e0-8c57a363a1c5/container.db to cache
2024-08-15 10:19:31,608 [d4ec432b-f714-4e84-a00f-65ea9c81cd2d-EndpointStateMachineTaskThread-/0.0.0.0:15532-0 ] INFO  volume.HddsVolume (HddsVolume.java:createDbStore(429)) - SchemaV3 db is created and loaded at /home/runner/work/ozone/ozone/hadoop-ozone/integration-test/target/test-dir/MiniOzoneClusterImpl-b6aad0f5-771e-4cba-adce-99e3b3454f11/ozone-meta/datanode-4/data-0/hdds/b6aad0f5-771e-4cba-adce-99e3b3454f11/DS-1325a4ae-bc5b-4619-84e0-8c57a363a1c5/container.db for volume DS-1325a4ae-bc5b-4619-84e0-8c57a363a1c5
2024-08-15 10:19:31,610 [d4ec432b-f714-4e84-a00f-65ea9c81cd2d-ContainerReader-0] INFO  ozoneimpl.ContainerReader (ContainerReader.java:readVolume(148)) - Start to verify containers on volume /home/runner/work/ozone/ozone/hadoop-ozone/integration-test/target/test-dir/MiniOzoneClusterImpl-b6aad0f5-771e-4cba-adce-99e3b3454f11/ozone-meta/datanode-4/data-0/hdds
2024-08-15 10:19:31,610 [d4ec432b-f714-4e84-a00f-65ea9c81cd2d-ContainerReader-0] INFO  ozoneimpl.ContainerReader (ContainerReader.java:readVolume(178)) - Finish verifying containers on volume /home/runner/work/ozone/ozone/hadoop-ozone/integration-test/target/test-dir/MiniOzoneClusterImpl-b6aad0f5-771e-4cba-adce-99e3b3454f11/ozone-meta/datanode-4/data-0/hdds
2024-08-15 10:19:31,610 [d4ec432b-f714-4e84-a00f-65ea9c81cd2d-EndpointStateMachineTaskThread-/0.0.0.0:15532-0 ] INFO  ozoneimpl.OzoneContainer (OzoneContainer.java:buildContainerSet(344)) - Build ContainerSet costs 0s
2024-08-15 10:19:31,610 [d4ec432b-f714-4e84-a00f-65ea9c81cd2d-EndpointStateMachineTaskThread-/0.0.0.0:15532-0 ] INFO  volume.ThrottledAsyncChecker (ThrottledAsyncChecker.java:schedule(141)) - Scheduling a check for /home/runner/work/ozone/ozone/hadoop-ozone/integration-test/target/test-dir/MiniOzoneClusterImpl-b6aad0f5-771e-4cba-adce-99e3b3454f11/ozone-meta/datanode-4/data-0/hdds
2024-08-15 10:19:31,611 [d4ec432b-f714-4e84-a00f-65ea9c81cd2d-EndpointStateMachineTaskThread-/0.0.0.0:15532-0 ] INFO  volume.StorageVolumeChecker (StorageVolumeChecker.java:checkAllVolumes(218)) - Scheduled health check for volume /home/runner/work/ozone/ozone/hadoop-ozone/integration-test/target/test-dir/MiniOzoneClusterImpl-b6aad0f5-771e-4cba-adce-99e3b3454f11/ozone-meta/datanode-4/data-0/hdds
2024-08-15 10:19:31,611 [d4ec432b-f714-4e84-a00f-65ea9c81cd2d-EndpointStateMachineTaskThread-/0.0.0.0:15532-0 ] INFO  volume.ThrottledAsyncChecker (ThrottledAsyncChecker.java:schedule(141)) - Scheduling a check for /home/runner/work/ozone/ozone/hadoop-ozone/integration-test/target/test-dir/MiniOzoneClusterImpl-b6aad0f5-771e-4cba-adce-99e3b3454f11/ozone-meta/datanode-4/ratis
2024-08-15 10:19:31,611 [d4ec432b-f714-4e84-a00f-65ea9c81cd2d-EndpointStateMachineTaskThread-/0.0.0.0:15532-0 ] INFO  volume.StorageVolumeChecker (StorageVolumeChecker.java:checkAllVolumes(218)) - Scheduled health check for volume /home/runner/work/ozone/ozone/hadoop-ozone/integration-test/target/test-dir/MiniOzoneClusterImpl-b6aad0f5-771e-4cba-adce-99e3b3454f11/ozone-meta/datanode-4/ratis
2024-08-15 10:19:31,612 [d4ec432b-f714-4e84-a00f-65ea9c81cd2d-EndpointStateMachineTaskThread-/0.0.0.0:15532-0 ] INFO  ozoneimpl.OzoneContainer (OzoneContainer.java:start(475)) - Attempting to start container services.
2024-08-15 10:19:31,612 [d4ec432b-f714-4e84-a00f-65ea9c81cd2d-EndpointStateMachineTaskThread-/0.0.0.0:15532-0 ] WARN  ozoneimpl.OnDemandContainerDataScanner (OnDemandContainerDataScanner.java:init(75)) - Trying to initialize on demand scanner a second time on a datanode.
2024-08-15 10:19:31,613 [ContainerMetadataScanner] INFO  ozoneimpl.AbstractBackgroundContainerScanner (AbstractBackgroundContainerScanner.java:runIteration(87)) - Completed an iteration in 0 minutes. Number of iterations (since the data-node restart) : 1, Number of containers scanned in this iteration : 0, Number of unhealthy containers found in this iteration : 0
2024-08-15 10:19:31,613 [ContainerDataScanner(/home/runner/work/ozone/ozone/hadoop-ozone/integration-test/target/test-dir/MiniOzoneClusterImpl-b6aad0f5-771e-4cba-adce-99e3b3454f11/ozone-meta/datanode-4/data-0/hdds)] INFO  ozoneimpl.AbstractBackgroundContainerScanner (AbstractBackgroundContainerScanner.java:runIteration(87)) - Completed an iteration in 0 minutes. Number of iterations (since the data-node restart) : 1, Number of containers scanned in this iteration : 0, Number of unhealthy containers found in this iteration : 0
2024-08-15 10:19:31,613 [d4ec432b-f714-4e84-a00f-65ea9c81cd2d-EndpointStateMachineTaskThread-/0.0.0.0:15532-0 ] INFO  replication.ReplicationServer (ReplicationServer.java:start(140)) - ReplicationServer is started using port 15573
2024-08-15 10:19:31,613 [d4ec432b-f714-4e84-a00f-65ea9c81cd2d-EndpointStateMachineTaskThread-/0.0.0.0:15532-0 ] INFO  ratis.XceiverServerRatis (XceiverServerRatis.java:start(562)) - Starting XceiverServerRatis d4ec432b-f714-4e84-a00f-65ea9c81cd2d
2024-08-15 10:19:31,614 [d4ec432b-f714-4e84-a00f-65ea9c81cd2d-EndpointStateMachineTaskThread-/0.0.0.0:15532-0 ] INFO  server.RaftServer (RaftServerProxy.java:startImpl(408)) - d4ec432b-f714-4e84-a00f-65ea9c81cd2d: start RPC server
2024-08-15 10:19:31,614 [d4ec432b-f714-4e84-a00f-65ea9c81cd2d-EndpointStateMachineTaskThread-/0.0.0.0:15532-0 ] INFO  server.GrpcService (GrpcService.java:startImpl(302)) - d4ec432b-f714-4e84-a00f-65ea9c81cd2d: GrpcService started, listening on 15569
2024-08-15 10:19:31,614 [d4ec432b-f714-4e84-a00f-65ea9c81cd2d-EndpointStateMachineTaskThread-/0.0.0.0:15532-0 ] INFO  ratis.XceiverServerRatis (XceiverServerRatis.java:getRealPort(588)) - XceiverServerRatis d4ec432b-f714-4e84-a00f-65ea9c81cd2d is started using port 15569 for RATIS
2024-08-15 10:19:31,614 [d4ec432b-f714-4e84-a00f-65ea9c81cd2d-EndpointStateMachineTaskThread-/0.0.0.0:15532-0 ] INFO  ratis.XceiverServerRatis (XceiverServerRatis.java:getRealPort(588)) - XceiverServerRatis d4ec432b-f714-4e84-a00f-65ea9c81cd2d is started using port 15569 for RATIS_ADMIN
2024-08-15 10:19:31,614 [d4ec432b-f714-4e84-a00f-65ea9c81cd2d-EndpointStateMachineTaskThread-/0.0.0.0:15532-0 ] INFO  ratis.XceiverServerRatis (XceiverServerRatis.java:getRealPort(588)) - XceiverServerRatis d4ec432b-f714-4e84-a00f-65ea9c81cd2d is started using port 15569 for RATIS_SERVER
2024-08-15 10:19:31,614 [d4ec432b-f714-4e84-a00f-65ea9c81cd2d-EndpointStateMachineTaskThread-/0.0.0.0:15532-0 ] INFO  ratis.XceiverServerRatis (XceiverServerRatis.java:getRealPort(588)) - XceiverServerRatis d4ec432b-f714-4e84-a00f-65ea9c81cd2d is started using port 15572 for RATIS_DATASTREAM
2024-08-15 10:19:31,614 [JvmPauseMonitor79] INFO  util.JvmPauseMonitor (JvmPauseMonitor.java:run(146)) - JvmPauseMonitor-d4ec432b-f714-4e84-a00f-65ea9c81cd2d: Started
2024-08-15 10:19:31,617 [d4ec432b-f714-4e84-a00f-65ea9c81cd2d-BlockDeletingService#0] INFO  interfaces.ContainerDeletionChoosingPolicyTemplate (ContainerDeletionChoosingPolicyTemplate.java:chooseContainerForBlockDeletion(85)) - Chosen 0/5000 blocks from 0 candidate containers.
2024-08-15 10:19:31,832 [main] INFO  ozone.MiniOzoneClusterImpl (MiniOzoneClusterImpl.java:lambda$waitForClusterToBeReady$0(198)) - Waiting for nodes to be ready. Got 0 of 5 DN Heartbeats.
2024-08-15 10:19:31,832 [main] INFO  ozone.MiniOzoneClusterImpl (MiniOzoneClusterImpl.java:lambda$waitForClusterToBeReady$0(201)) - Waiting for cluster to exit safe mode
2024-08-15 10:19:31,832 [main] INFO  ozone.MiniOzoneClusterImpl (MiniOzoneClusterImpl.java:lambda$waitForClusterToBeReady$0(203)) - SCM became leader
2024-08-15 10:19:31,861 [bd801f82-5437-4351-937d-80ee5b205c35-EndpointStateMachineTaskThread-/0.0.0.0:15532-0 ] INFO  utils.DatanodeStoreCache (DatanodeStoreCache.java:addDB(72)) - Added db /home/runner/work/ozone/ozone/hadoop-ozone/integration-test/target/test-dir/MiniOzoneClusterImpl-b6aad0f5-771e-4cba-adce-99e3b3454f11/ozone-meta/datanode-5/data-0/hdds/b6aad0f5-771e-4cba-adce-99e3b3454f11/DS-98d97fe6-2745-4657-b4fa-77067dcb63fd/container.db to cache
2024-08-15 10:19:31,861 [bd801f82-5437-4351-937d-80ee5b205c35-EndpointStateMachineTaskThread-/0.0.0.0:15532-0 ] INFO  volume.HddsVolume (HddsVolume.java:createDbStore(429)) - SchemaV3 db is created and loaded at /home/runner/work/ozone/ozone/hadoop-ozone/integration-test/target/test-dir/MiniOzoneClusterImpl-b6aad0f5-771e-4cba-adce-99e3b3454f11/ozone-meta/datanode-5/data-0/hdds/b6aad0f5-771e-4cba-adce-99e3b3454f11/DS-98d97fe6-2745-4657-b4fa-77067dcb63fd/container.db for volume DS-98d97fe6-2745-4657-b4fa-77067dcb63fd
2024-08-15 10:19:31,862 [bd801f82-5437-4351-937d-80ee5b205c35-ContainerReader-0] INFO  ozoneimpl.ContainerReader (ContainerReader.java:readVolume(148)) - Start to verify containers on volume /home/runner/work/ozone/ozone/hadoop-ozone/integration-test/target/test-dir/MiniOzoneClusterImpl-b6aad0f5-771e-4cba-adce-99e3b3454f11/ozone-meta/datanode-5/data-0/hdds
2024-08-15 10:19:31,863 [bd801f82-5437-4351-937d-80ee5b205c35-ContainerReader-0] INFO  ozoneimpl.ContainerReader (ContainerReader.java:readVolume(178)) - Finish verifying containers on volume /home/runner/work/ozone/ozone/hadoop-ozone/integration-test/target/test-dir/MiniOzoneClusterImpl-b6aad0f5-771e-4cba-adce-99e3b3454f11/ozone-meta/datanode-5/data-0/hdds
2024-08-15 10:19:31,863 [bd801f82-5437-4351-937d-80ee5b205c35-EndpointStateMachineTaskThread-/0.0.0.0:15532-0 ] INFO  ozoneimpl.OzoneContainer (OzoneContainer.java:buildContainerSet(344)) - Build ContainerSet costs 0s
2024-08-15 10:19:31,863 [bd801f82-5437-4351-937d-80ee5b205c35-EndpointStateMachineTaskThread-/0.0.0.0:15532-0 ] INFO  volume.ThrottledAsyncChecker (ThrottledAsyncChecker.java:schedule(141)) - Scheduling a check for /home/runner/work/ozone/ozone/hadoop-ozone/integration-test/target/test-dir/MiniOzoneClusterImpl-b6aad0f5-771e-4cba-adce-99e3b3454f11/ozone-meta/datanode-5/data-0/hdds
2024-08-15 10:19:31,863 [bd801f82-5437-4351-937d-80ee5b205c35-EndpointStateMachineTaskThread-/0.0.0.0:15532-0 ] INFO  volume.StorageVolumeChecker (StorageVolumeChecker.java:checkAllVolumes(218)) - Scheduled health check for volume /home/runner/work/ozone/ozone/hadoop-ozone/integration-test/target/test-dir/MiniOzoneClusterImpl-b6aad0f5-771e-4cba-adce-99e3b3454f11/ozone-meta/datanode-5/data-0/hdds
2024-08-15 10:19:31,864 [bd801f82-5437-4351-937d-80ee5b205c35-EndpointStateMachineTaskThread-/0.0.0.0:15532-0 ] INFO  volume.ThrottledAsyncChecker (ThrottledAsyncChecker.java:schedule(141)) - Scheduling a check for /home/runner/work/ozone/ozone/hadoop-ozone/integration-test/target/test-dir/MiniOzoneClusterImpl-b6aad0f5-771e-4cba-adce-99e3b3454f11/ozone-meta/datanode-5/ratis
2024-08-15 10:19:31,864 [bd801f82-5437-4351-937d-80ee5b205c35-EndpointStateMachineTaskThread-/0.0.0.0:15532-0 ] INFO  volume.StorageVolumeChecker (StorageVolumeChecker.java:checkAllVolumes(218)) - Scheduled health check for volume /home/runner/work/ozone/ozone/hadoop-ozone/integration-test/target/test-dir/MiniOzoneClusterImpl-b6aad0f5-771e-4cba-adce-99e3b3454f11/ozone-meta/datanode-5/ratis
2024-08-15 10:19:31,865 [bd801f82-5437-4351-937d-80ee5b205c35-EndpointStateMachineTaskThread-/0.0.0.0:15532-0 ] INFO  ozoneimpl.OzoneContainer (OzoneContainer.java:start(475)) - Attempting to start container services.
2024-08-15 10:19:31,865 [bd801f82-5437-4351-937d-80ee5b205c35-EndpointStateMachineTaskThread-/0.0.0.0:15532-0 ] WARN  ozoneimpl.OnDemandContainerDataScanner (OnDemandContainerDataScanner.java:init(75)) - Trying to initialize on demand scanner a second time on a datanode.
2024-08-15 10:19:31,865 [ContainerMetadataScanner] INFO  ozoneimpl.AbstractBackgroundContainerScanner (AbstractBackgroundContainerScanner.java:runIteration(87)) - Completed an iteration in 0 minutes. Number of iterations (since the data-node restart) : 1, Number of containers scanned in this iteration : 0, Number of unhealthy containers found in this iteration : 0
2024-08-15 10:19:31,866 [ContainerDataScanner(/home/runner/work/ozone/ozone/hadoop-ozone/integration-test/target/test-dir/MiniOzoneClusterImpl-b6aad0f5-771e-4cba-adce-99e3b3454f11/ozone-meta/datanode-5/data-0/hdds)] INFO  ozoneimpl.AbstractBackgroundContainerScanner (AbstractBackgroundContainerScanner.java:runIteration(87)) - Completed an iteration in 0 minutes. Number of iterations (since the data-node restart) : 1, Number of containers scanned in this iteration : 0, Number of unhealthy containers found in this iteration : 0
2024-08-15 10:19:31,866 [bd801f82-5437-4351-937d-80ee5b205c35-EndpointStateMachineTaskThread-/0.0.0.0:15532-0 ] INFO  replication.ReplicationServer (ReplicationServer.java:start(140)) - ReplicationServer is started using port 15582
2024-08-15 10:19:31,866 [bd801f82-5437-4351-937d-80ee5b205c35-EndpointStateMachineTaskThread-/0.0.0.0:15532-0 ] INFO  ratis.XceiverServerRatis (XceiverServerRatis.java:start(562)) - Starting XceiverServerRatis bd801f82-5437-4351-937d-80ee5b205c35
2024-08-15 10:19:31,866 [bd801f82-5437-4351-937d-80ee5b205c35-EndpointStateMachineTaskThread-/0.0.0.0:15532-0 ] INFO  server.RaftServer (RaftServerProxy.java:startImpl(408)) - bd801f82-5437-4351-937d-80ee5b205c35: start RPC server
2024-08-15 10:19:31,867 [bd801f82-5437-4351-937d-80ee5b205c35-EndpointStateMachineTaskThread-/0.0.0.0:15532-0 ] INFO  server.GrpcService (GrpcService.java:startImpl(302)) - bd801f82-5437-4351-937d-80ee5b205c35: GrpcService started, listening on 15578
2024-08-15 10:19:31,867 [bd801f82-5437-4351-937d-80ee5b205c35-EndpointStateMachineTaskThread-/0.0.0.0:15532-0 ] INFO  ratis.XceiverServerRatis (XceiverServerRatis.java:getRealPort(588)) - XceiverServerRatis bd801f82-5437-4351-937d-80ee5b205c35 is started using port 15578 for RATIS
2024-08-15 10:19:31,867 [bd801f82-5437-4351-937d-80ee5b205c35-EndpointStateMachineTaskThread-/0.0.0.0:15532-0 ] INFO  ratis.XceiverServerRatis (XceiverServerRatis.java:getRealPort(588)) - XceiverServerRatis bd801f82-5437-4351-937d-80ee5b205c35 is started using port 15578 for RATIS_ADMIN
2024-08-15 10:19:31,867 [bd801f82-5437-4351-937d-80ee5b205c35-EndpointStateMachineTaskThread-/0.0.0.0:15532-0 ] INFO  ratis.XceiverServerRatis (XceiverServerRatis.java:getRealPort(588)) - XceiverServerRatis bd801f82-5437-4351-937d-80ee5b205c35 is started using port 15578 for RATIS_SERVER
2024-08-15 10:19:31,867 [JvmPauseMonitor80] INFO  util.JvmPauseMonitor (JvmPauseMonitor.java:run(146)) - JvmPauseMonitor-bd801f82-5437-4351-937d-80ee5b205c35: Started
2024-08-15 10:19:31,867 [bd801f82-5437-4351-937d-80ee5b205c35-EndpointStateMachineTaskThread-/0.0.0.0:15532-0 ] INFO  ratis.XceiverServerRatis (XceiverServerRatis.java:getRealPort(588)) - XceiverServerRatis bd801f82-5437-4351-937d-80ee5b205c35 is started using port 15581 for RATIS_DATASTREAM
2024-08-15 10:19:31,868 [bd801f82-5437-4351-937d-80ee5b205c35-BlockDeletingService#0] INFO  interfaces.ContainerDeletionChoosingPolicyTemplate (ContainerDeletionChoosingPolicyTemplate.java:chooseContainerForBlockDeletion(85)) - Chosen 0/5000 blocks from 0 candidate containers.
2024-08-15 10:19:32,833 [main] INFO  ozone.MiniOzoneClusterImpl (MiniOzoneClusterImpl.java:lambda$waitForClusterToBeReady$0(198)) - Waiting for nodes to be ready. Got 0 of 5 DN Heartbeats.
2024-08-15 10:19:32,833 [main] INFO  ozone.MiniOzoneClusterImpl (MiniOzoneClusterImpl.java:lambda$waitForClusterToBeReady$0(201)) - Waiting for cluster to exit safe mode
2024-08-15 10:19:32,833 [main] INFO  ozone.MiniOzoneClusterImpl (MiniOzoneClusterImpl.java:lambda$waitForClusterToBeReady$0(203)) - SCM became leader
2024-08-15 10:19:32,864 [IPC Server handler 4 on default port 15532] INFO  net.NetworkTopologyImpl (NetworkTopologyImpl.java:add(134)) - Added a new node: /default-rack/c54b81e8-1f41-41f0-8c11-6d721527725f
2024-08-15 10:19:32,864 [IPC Server handler 4 on default port 15532] INFO  node.SCMNodeManager (SCMNodeManager.java:register(422)) - Registered datanode: c54b81e8-1f41-41f0-8c11-6d721527725f{ip: 127.0.0.1, host: localhost, ports: [HTTP=15539, CLIENT_RPC=15540, REPLICATION=15546, RATIS=15542, RATIS_ADMIN=15542, RATIS_SERVER=15542, RATIS_DATASTREAM=15545, STANDALONE=15541], networkLocation: /default-rack, certSerialId: null, persistedOpState: null, persistedOpStateExpiryEpochSec: 0}
2024-08-15 10:19:32,864 [EventQueue-NewNodeForNewNodeHandler] INFO  pipeline.BackgroundPipelineCreator (BackgroundPipelineCreator.java:notifyEventTriggered(280)) - trigger a one-shot run on RatisPipelineUtilsThread.
2024-08-15 10:19:32,864 [RatisPipelineUtilsThread-0] INFO  pipeline.RatisPipelineProvider (RatisPipelineProvider.java:lambda$create$0(205)) - Sending CreatePipelineCommand for pipeline:PipelineID=653c286c-3f85-4512-b6c4-77f706f55d62 to datanode:c54b81e8-1f41-41f0-8c11-6d721527725f
2024-08-15 10:19:32,865 [EventQueue-PipelineReportForOneReplicaPipelineSafeModeRule] INFO  safemode.SCMSafeModeManager (SCMSafeModeManager.java:validateSafeModeExitRules(203)) - AtleastOneDatanodeReportedRule rule is successfully validated
2024-08-15 10:19:32,865 [EventQueue-NodeRegistrationContainerReportForDataNodeSafeModeRule] INFO  safemode.SCMSafeModeManager (DataNodeSafeModeRule.java:process(71)) - SCM in safe mode. 1 DataNodes registered, 3 required.
2024-08-15 10:19:32,865 [EventQueue-NodeRegistrationContainerReportForContainerSafeModeRule] INFO  safemode.SCMSafeModeManager (SCMSafeModeManager.java:validateSafeModeExitRules(203)) - ContainerSafeModeRule rule is successfully validated
2024-08-15 10:19:32,865 [RatisPipelineUtilsThread-0] INFO  pipeline.BackgroundPipelineCreator (BackgroundPipelineCreator.java:createPipelines(236)) - Created new pipeline Pipeline[ Id: 653c286c-3f85-4512-b6c4-77f706f55d62, Nodes: c54b81e8-1f41-41f0-8c11-6d721527725f(localhost/127.0.0.1) ReplicaIndex: 0, ReplicationConfig: RATIS/ONE, State:ALLOCATED, leaderId:, CreationTimestamp2024-08-15T10:19:32.864948662Z[Etc/UTC]]
2024-08-15 10:19:33,115 [IPC Server handler 0 on default port 15532] INFO  net.NetworkTopologyImpl (NetworkTopologyImpl.java:add(134)) - Added a new node: /default-rack/6c2c8d64-db13-4196-9e9e-e3b1acb91f99
2024-08-15 10:19:33,115 [IPC Server handler 0 on default port 15532] INFO  node.SCMNodeManager (SCMNodeManager.java:register(422)) - Registered datanode: 6c2c8d64-db13-4196-9e9e-e3b1acb91f99{ip: 127.0.0.1, host: localhost, ports: [HTTP=15548, CLIENT_RPC=15549, REPLICATION=15555, RATIS=15551, RATIS_ADMIN=15551, RATIS_SERVER=15551, RATIS_DATASTREAM=15554, STANDALONE=15550], networkLocation: /default-rack, certSerialId: null, persistedOpState: null, persistedOpStateExpiryEpochSec: 0}
2024-08-15 10:19:33,115 [EventQueue-NodeRegistrationContainerReportForDataNodeSafeModeRule] INFO  safemode.SCMSafeModeManager (DataNodeSafeModeRule.java:process(71)) - SCM in safe mode. 2 DataNodes registered, 3 required.
2024-08-15 10:19:33,115 [EventQueue-NewNodeForNewNodeHandler] INFO  pipeline.BackgroundPipelineCreator (BackgroundPipelineCreator.java:notifyEventTriggered(280)) - trigger a one-shot run on RatisPipelineUtilsThread.
2024-08-15 10:19:33,116 [RatisPipelineUtilsThread-0] INFO  pipeline.RatisPipelineProvider (RatisPipelineProvider.java:lambda$create$0(205)) - Sending CreatePipelineCommand for pipeline:PipelineID=ad72352b-bd34-4403-8994-134949ed58c0 to datanode:6c2c8d64-db13-4196-9e9e-e3b1acb91f99
2024-08-15 10:19:33,116 [RatisPipelineUtilsThread-0] INFO  pipeline.BackgroundPipelineCreator (BackgroundPipelineCreator.java:createPipelines(236)) - Created new pipeline Pipeline[ Id: ad72352b-bd34-4403-8994-134949ed58c0, Nodes: 6c2c8d64-db13-4196-9e9e-e3b1acb91f99(localhost/127.0.0.1) ReplicaIndex: 0, ReplicationConfig: RATIS/ONE, State:ALLOCATED, leaderId:, CreationTimestamp2024-08-15T10:19:33.116203261Z[Etc/UTC]]
2024-08-15 10:19:33,344 [IPC Server handler 1 on default port 15532] INFO  net.NetworkTopologyImpl (NetworkTopologyImpl.java:add(134)) - Added a new node: /default-rack/81bac27f-0582-41fc-bc3f-9f968300fa98
2024-08-15 10:19:33,344 [IPC Server handler 1 on default port 15532] INFO  node.SCMNodeManager (SCMNodeManager.java:register(422)) - Registered datanode: 81bac27f-0582-41fc-bc3f-9f968300fa98{ip: 127.0.0.1, host: localhost, ports: [HTTP=15557, CLIENT_RPC=15558, REPLICATION=15564, RATIS=15560, RATIS_ADMIN=15560, RATIS_SERVER=15560, RATIS_DATASTREAM=15563, STANDALONE=15559], networkLocation: /default-rack, certSerialId: null, persistedOpState: null, persistedOpStateExpiryEpochSec: 0}
2024-08-15 10:19:33,344 [EventQueue-NodeRegistrationContainerReportForDataNodeSafeModeRule] INFO  safemode.SCMSafeModeManager (DataNodeSafeModeRule.java:process(71)) - SCM in safe mode. 3 DataNodes registered, 3 required.
2024-08-15 10:19:33,344 [EventQueue-NodeRegistrationContainerReportForDataNodeSafeModeRule] INFO  safemode.SCMSafeModeManager (SCMSafeModeManager.java:validateSafeModeExitRules(203)) - DataNodeSafeModeRule rule is successfully validated
2024-08-15 10:19:33,344 [EventQueue-NodeRegistrationContainerReportForDataNodeSafeModeRule] INFO  safemode.SCMSafeModeManager (SCMSafeModeManager.java:completePreCheck(232)) - All SCM safe mode pre check rules have passed
2024-08-15 10:19:33,344 [EventQueue-NodeRegistrationContainerReportForDataNodeSafeModeRule] INFO  ha.SCMContext (SCMContext.java:updateSafeModeStatus(225)) - Update SafeModeStatus from SafeModeStatus{safeModeStatus=true, preCheckPassed=false} to SafeModeStatus{safeModeStatus=true, preCheckPassed=true}.
2024-08-15 10:19:33,344 [EventQueue-NewNodeForNewNodeHandler] INFO  pipeline.BackgroundPipelineCreator (BackgroundPipelineCreator.java:notifyEventTriggered(280)) - trigger a one-shot run on RatisPipelineUtilsThread.
2024-08-15 10:19:33,345 [EventQueue-NodeRegistrationContainerReportForDataNodeSafeModeRule] INFO  pipeline.BackgroundPipelineCreator (BackgroundPipelineCreator.java:notifyEventTriggered(280)) - trigger a one-shot run on RatisPipelineUtilsThread.
2024-08-15 10:19:33,345 [RatisPipelineUtilsThread-0] INFO  pipeline.RatisPipelineProvider (RatisPipelineProvider.java:lambda$create$0(205)) - Sending CreatePipelineCommand for pipeline:PipelineID=9887757d-80b1-4952-877b-ec55a3ba8d80 to datanode:81bac27f-0582-41fc-bc3f-9f968300fa98
2024-08-15 10:19:33,345 [RatisPipelineUtilsThread-0] INFO  pipeline.BackgroundPipelineCreator (BackgroundPipelineCreator.java:createPipelines(236)) - Created new pipeline Pipeline[ Id: 9887757d-80b1-4952-877b-ec55a3ba8d80, Nodes: 81bac27f-0582-41fc-bc3f-9f968300fa98(localhost/127.0.0.1) ReplicaIndex: 0, ReplicationConfig: RATIS/ONE, State:ALLOCATED, leaderId:, CreationTimestamp2024-08-15T10:19:33.345334647Z[Etc/UTC]]
2024-08-15 10:19:33,346 [RatisPipelineUtilsThread-0] INFO  pipeline.RatisPipelineProvider (RatisPipelineProvider.java:lambda$create$0(205)) - Sending CreatePipelineCommand for pipeline:PipelineID=51ee1fd2-a1a9-4dcc-ae81-269b51d56f15 to datanode:c54b81e8-1f41-41f0-8c11-6d721527725f
2024-08-15 10:19:33,346 [RatisPipelineUtilsThread-0] INFO  pipeline.RatisPipelineProvider (RatisPipelineProvider.java:lambda$create$0(205)) - Sending CreatePipelineCommand for pipeline:PipelineID=51ee1fd2-a1a9-4dcc-ae81-269b51d56f15 to datanode:81bac27f-0582-41fc-bc3f-9f968300fa98
2024-08-15 10:19:33,346 [RatisPipelineUtilsThread-0] INFO  pipeline.RatisPipelineProvider (RatisPipelineProvider.java:lambda$create$0(205)) - Sending CreatePipelineCommand for pipeline:PipelineID=51ee1fd2-a1a9-4dcc-ae81-269b51d56f15 to datanode:6c2c8d64-db13-4196-9e9e-e3b1acb91f99
2024-08-15 10:19:33,346 [RatisPipelineUtilsThread-0] INFO  pipeline.BackgroundPipelineCreator (BackgroundPipelineCreator.java:createPipelines(236)) - Created new pipeline Pipeline[ Id: 51ee1fd2-a1a9-4dcc-ae81-269b51d56f15, Nodes: c54b81e8-1f41-41f0-8c11-6d721527725f(localhost/127.0.0.1) ReplicaIndex: 081bac27f-0582-41fc-bc3f-9f968300fa98(localhost/127.0.0.1) ReplicaIndex: 06c2c8d64-db13-4196-9e9e-e3b1acb91f99(localhost/127.0.0.1) ReplicaIndex: 0, ReplicationConfig: RATIS/THREE, State:ALLOCATED, leaderId:, CreationTimestamp2024-08-15T10:19:33.346056835Z[Etc/UTC]]
2024-08-15 10:19:33,346 [RatisPipelineUtilsThread-0] INFO  pipeline.RatisPipelineProvider (RatisPipelineProvider.java:lambda$create$0(205)) - Sending CreatePipelineCommand for pipeline:PipelineID=3522d488-07fd-4a54-8c6a-788e4cdb4749 to datanode:6c2c8d64-db13-4196-9e9e-e3b1acb91f99
2024-08-15 10:19:33,346 [RatisPipelineUtilsThread-0] INFO  pipeline.RatisPipelineProvider (RatisPipelineProvider.java:lambda$create$0(205)) - Sending CreatePipelineCommand for pipeline:PipelineID=3522d488-07fd-4a54-8c6a-788e4cdb4749 to datanode:81bac27f-0582-41fc-bc3f-9f968300fa98
2024-08-15 10:19:33,346 [RatisPipelineUtilsThread-0] INFO  pipeline.RatisPipelineProvider (RatisPipelineProvider.java:lambda$create$0(205)) - Sending CreatePipelineCommand for pipeline:PipelineID=3522d488-07fd-4a54-8c6a-788e4cdb4749 to datanode:c54b81e8-1f41-41f0-8c11-6d721527725f
2024-08-15 10:19:33,347 [RatisPipelineUtilsThread-0] INFO  pipeline.PipelineManagerImpl (PipelineManagerImpl.java:recordMetricsForPipeline(916)) - Pipeline: PipelineID=3522d488-07fd-4a54-8c6a-788e4cdb4749 contains same datanodes as previous pipelines: PipelineID=51ee1fd2-a1a9-4dcc-ae81-269b51d56f15 nodeIds: 6c2c8d64-db13-4196-9e9e-e3b1acb91f99, 81bac27f-0582-41fc-bc3f-9f968300fa98, c54b81e8-1f41-41f0-8c11-6d721527725f
2024-08-15 10:19:33,347 [RatisPipelineUtilsThread-0] INFO  pipeline.BackgroundPipelineCreator (BackgroundPipelineCreator.java:createPipelines(236)) - Created new pipeline Pipeline[ Id: 3522d488-07fd-4a54-8c6a-788e4cdb4749, Nodes: 6c2c8d64-db13-4196-9e9e-e3b1acb91f99(localhost/127.0.0.1) ReplicaIndex: 081bac27f-0582-41fc-bc3f-9f968300fa98(localhost/127.0.0.1) ReplicaIndex: 0c54b81e8-1f41-41f0-8c11-6d721527725f(localhost/127.0.0.1) ReplicaIndex: 0, ReplicationConfig: RATIS/THREE, State:ALLOCATED, leaderId:, CreationTimestamp2024-08-15T10:19:33.346655451Z[Etc/UTC]]
2024-08-15 10:19:33,347 [RatisPipelineUtilsThread-0] INFO  pipeline.RatisPipelineProvider (RatisPipelineProvider.java:lambda$create$0(205)) - Sending CreatePipelineCommand for pipeline:PipelineID=7c6bd052-4ad9-4b48-bee2-420c9adaf458 to datanode:81bac27f-0582-41fc-bc3f-9f968300fa98
2024-08-15 10:19:33,347 [RatisPipelineUtilsThread-0] INFO  pipeline.RatisPipelineProvider (RatisPipelineProvider.java:lambda$create$0(205)) - Sending CreatePipelineCommand for pipeline:PipelineID=7c6bd052-4ad9-4b48-bee2-420c9adaf458 to datanode:6c2c8d64-db13-4196-9e9e-e3b1acb91f99
2024-08-15 10:19:33,347 [RatisPipelineUtilsThread-0] INFO  pipeline.RatisPipelineProvider (RatisPipelineProvider.java:lambda$create$0(205)) - Sending CreatePipelineCommand for pipeline:PipelineID=7c6bd052-4ad9-4b48-bee2-420c9adaf458 to datanode:c54b81e8-1f41-41f0-8c11-6d721527725f
2024-08-15 10:19:33,347 [RatisPipelineUtilsThread-0] INFO  pipeline.PipelineManagerImpl (PipelineManagerImpl.java:recordMetricsForPipeline(916)) - Pipeline: PipelineID=7c6bd052-4ad9-4b48-bee2-420c9adaf458 contains same datanodes as previous pipelines: PipelineID=51ee1fd2-a1a9-4dcc-ae81-269b51d56f15 nodeIds: 81bac27f-0582-41fc-bc3f-9f968300fa98, 6c2c8d64-db13-4196-9e9e-e3b1acb91f99, c54b81e8-1f41-41f0-8c11-6d721527725f
2024-08-15 10:19:33,347 [RatisPipelineUtilsThread-0] INFO  pipeline.PipelineManagerImpl (PipelineManagerImpl.java:recordMetricsForPipeline(916)) - Pipeline: PipelineID=7c6bd052-4ad9-4b48-bee2-420c9adaf458 contains same datanodes as previous pipelines: PipelineID=3522d488-07fd-4a54-8c6a-788e4cdb4749 nodeIds: 81bac27f-0582-41fc-bc3f-9f968300fa98, 6c2c8d64-db13-4196-9e9e-e3b1acb91f99, c54b81e8-1f41-41f0-8c11-6d721527725f
2024-08-15 10:19:33,347 [RatisPipelineUtilsThread-0] INFO  pipeline.BackgroundPipelineCreator (BackgroundPipelineCreator.java:createPipelines(236)) - Created new pipeline Pipeline[ Id: 7c6bd052-4ad9-4b48-bee2-420c9adaf458, Nodes: 81bac27f-0582-41fc-bc3f-9f968300fa98(localhost/127.0.0.1) ReplicaIndex: 06c2c8d64-db13-4196-9e9e-e3b1acb91f99(localhost/127.0.0.1) ReplicaIndex: 0c54b81e8-1f41-41f0-8c11-6d721527725f(localhost/127.0.0.1) ReplicaIndex: 0, ReplicationConfig: RATIS/THREE, State:ALLOCATED, leaderId:, CreationTimestamp2024-08-15T10:19:33.347329609Z[Etc/UTC]]
2024-08-15 10:19:33,579 [IPC Server handler 2 on default port 15532] INFO  net.NetworkTopologyImpl (NetworkTopologyImpl.java:add(134)) - Added a new node: /default-rack/d4ec432b-f714-4e84-a00f-65ea9c81cd2d
2024-08-15 10:19:33,579 [IPC Server handler 2 on default port 15532] INFO  node.SCMNodeManager (SCMNodeManager.java:register(422)) - Registered datanode: d4ec432b-f714-4e84-a00f-65ea9c81cd2d{ip: 127.0.0.1, host: localhost, ports: [HTTP=15566, CLIENT_RPC=15567, REPLICATION=15573, RATIS=15569, RATIS_ADMIN=15569, RATIS_SERVER=15569, RATIS_DATASTREAM=15572, STANDALONE=15568], networkLocation: /default-rack, certSerialId: null, persistedOpState: null, persistedOpStateExpiryEpochSec: 0}
2024-08-15 10:19:33,579 [EventQueue-NewNodeForNewNodeHandler] INFO  pipeline.BackgroundPipelineCreator (BackgroundPipelineCreator.java:notifyEventTriggered(280)) - trigger a one-shot run on RatisPipelineUtilsThread.
2024-08-15 10:19:33,580 [RatisPipelineUtilsThread-0] INFO  pipeline.RatisPipelineProvider (RatisPipelineProvider.java:lambda$create$0(205)) - Sending CreatePipelineCommand for pipeline:PipelineID=6e881350-c14d-4e78-a51b-1776c7aa5782 to datanode:d4ec432b-f714-4e84-a00f-65ea9c81cd2d
2024-08-15 10:19:33,580 [RatisPipelineUtilsThread-0] INFO  pipeline.BackgroundPipelineCreator (BackgroundPipelineCreator.java:createPipelines(236)) - Created new pipeline Pipeline[ Id: 6e881350-c14d-4e78-a51b-1776c7aa5782, Nodes: d4ec432b-f714-4e84-a00f-65ea9c81cd2d(localhost/127.0.0.1) ReplicaIndex: 0, ReplicationConfig: RATIS/ONE, State:ALLOCATED, leaderId:, CreationTimestamp2024-08-15T10:19:33.580003549Z[Etc/UTC]]
2024-08-15 10:19:33,832 [IPC Server handler 3 on default port 15532] INFO  net.NetworkTopologyImpl (NetworkTopologyImpl.java:add(134)) - Added a new node: /default-rack/bd801f82-5437-4351-937d-80ee5b205c35
2024-08-15 10:19:33,832 [IPC Server handler 3 on default port 15532] INFO  node.SCMNodeManager (SCMNodeManager.java:register(422)) - Registered datanode: bd801f82-5437-4351-937d-80ee5b205c35{ip: 127.0.0.1, host: localhost, ports: [HTTP=15575, CLIENT_RPC=15576, REPLICATION=15582, RATIS=15578, RATIS_ADMIN=15578, RATIS_SERVER=15578, RATIS_DATASTREAM=15581, STANDALONE=15577], networkLocation: /default-rack, certSerialId: null, persistedOpState: null, persistedOpStateExpiryEpochSec: 0}
2024-08-15 10:19:33,832 [EventQueue-NewNodeForNewNodeHandler] INFO  pipeline.BackgroundPipelineCreator (BackgroundPipelineCreator.java:notifyEventTriggered(280)) - trigger a one-shot run on RatisPipelineUtilsThread.
2024-08-15 10:19:33,833 [RatisPipelineUtilsThread-0] INFO  pipeline.RatisPipelineProvider (RatisPipelineProvider.java:lambda$create$0(205)) - Sending CreatePipelineCommand for pipeline:PipelineID=36823002-43a3-456b-a457-7a372edf8f0a to datanode:bd801f82-5437-4351-937d-80ee5b205c35
2024-08-15 10:19:33,833 [main] INFO  ozone.MiniOzoneClusterImpl (MiniOzoneClusterImpl.java:lambda$waitForClusterToBeReady$0(198)) - Nodes are ready. Got 5 of 5 DN Heartbeats.
2024-08-15 10:19:33,833 [main] INFO  ozone.MiniOzoneClusterImpl (MiniOzoneClusterImpl.java:lambda$waitForClusterToBeReady$0(201)) - Waiting for cluster to exit safe mode
2024-08-15 10:19:33,833 [main] INFO  ozone.MiniOzoneClusterImpl (MiniOzoneClusterImpl.java:lambda$waitForClusterToBeReady$0(203)) - SCM became leader
2024-08-15 10:19:33,833 [RatisPipelineUtilsThread-0] INFO  pipeline.BackgroundPipelineCreator (BackgroundPipelineCreator.java:createPipelines(236)) - Created new pipeline Pipeline[ Id: 36823002-43a3-456b-a457-7a372edf8f0a, Nodes: bd801f82-5437-4351-937d-80ee5b205c35(localhost/127.0.0.1) ReplicaIndex: 0, ReplicationConfig: RATIS/ONE, State:ALLOCATED, leaderId:, CreationTimestamp2024-08-15T10:19:33.833227176Z[Etc/UTC]]
2024-08-15 10:19:34,834 [main] INFO  ozone.MiniOzoneClusterImpl (MiniOzoneClusterImpl.java:lambda$waitForClusterToBeReady$0(198)) - Nodes are ready. Got 5 of 5 DN Heartbeats.
2024-08-15 10:19:34,834 [main] INFO  ozone.MiniOzoneClusterImpl (MiniOzoneClusterImpl.java:lambda$waitForClusterToBeReady$0(201)) - Waiting for cluster to exit safe mode
2024-08-15 10:19:34,834 [main] INFO  ozone.MiniOzoneClusterImpl (MiniOzoneClusterImpl.java:lambda$waitForClusterToBeReady$0(203)) - SCM became leader
2024-08-15 10:19:35,834 [main] INFO  ozone.MiniOzoneClusterImpl (MiniOzoneClusterImpl.java:lambda$waitForClusterToBeReady$0(198)) - Nodes are ready. Got 5 of 5 DN Heartbeats.
2024-08-15 10:19:35,835 [main] INFO  ozone.MiniOzoneClusterImpl (MiniOzoneClusterImpl.java:lambda$waitForClusterToBeReady$0(201)) - Waiting for cluster to exit safe mode
2024-08-15 10:19:35,835 [main] INFO  ozone.MiniOzoneClusterImpl (MiniOzoneClusterImpl.java:lambda$waitForClusterToBeReady$0(203)) - SCM became leader
2024-08-15 10:19:35,862 [c54b81e8-1f41-41f0-8c11-6d721527725f-PipelineCommandHandlerThread-0] INFO  server.RaftServer (RaftServerProxy.java:addNew(101)) - c54b81e8-1f41-41f0-8c11-6d721527725f: addNew group-77F706F55D62:[c54b81e8-1f41-41f0-8c11-6d721527725f|127.0.0.1:15542] returns group-77F706F55D62:java.util.concurrent.CompletableFuture@328ee06b[Not completed]
2024-08-15 10:19:35,863 [c54b81e8-1f41-41f0-8c11-6d721527725f-groupManagement] INFO  server.RaftServer$Division (RaftServerImpl.java:<init>(253)) - c54b81e8-1f41-41f0-8c11-6d721527725f: new RaftServerImpl for group-77F706F55D62:[c54b81e8-1f41-41f0-8c11-6d721527725f|127.0.0.1:15542] with ContainerStateMachine:uninitialized
2024-08-15 10:19:35,863 [c54b81e8-1f41-41f0-8c11-6d721527725f-groupManagement] INFO  server.RaftServerConfigKeys (ConfUtils.java:logGet(46)) - raft.server.rpc.timeout.min = 5s (custom)
2024-08-15 10:19:35,864 [c54b81e8-1f41-41f0-8c11-6d721527725f-groupManagement] INFO  server.RaftServerConfigKeys (ConfUtils.java:logGet(46)) - raft.server.rpc.timeout.max = 5200ms (custom)
2024-08-15 10:19:35,864 [c54b81e8-1f41-41f0-8c11-6d721527725f-groupManagement] INFO  server.RaftServerConfigKeys (ConfUtils.java:logGet(46)) - raft.server.rpc.sleep.time = 25ms (default)
2024-08-15 10:19:35,864 [c54b81e8-1f41-41f0-8c11-6d721527725f-groupManagement] INFO  server.RaftServerConfigKeys (ConfUtils.java:logGet(46)) - raft.server.rpc.slowness.timeout = 300000ms (custom)
2024-08-15 10:19:35,864 [c54b81e8-1f41-41f0-8c11-6d721527725f-groupManagement] INFO  server.RaftServerConfigKeys (ConfUtils.java:logGet(46)) - raft.server.leaderelection.leader.step-down.wait-time = 10s (default)
2024-08-15 10:19:35,864 [c54b81e8-1f41-41f0-8c11-6d721527725f-groupManagement] INFO  server.RaftServerConfigKeys (ConfUtils.java:logGet(46)) - raft.server.leaderelection.member.majority-add = false (default)
2024-08-15 10:19:35,864 [c54b81e8-1f41-41f0-8c11-6d721527725f-groupManagement] INFO  server.RaftServerConfigKeys (ConfUtils.java:logGet(46)) - raft.server.sleep.deviation.threshold = 300ms (default)
2024-08-15 10:19:35,864 [c54b81e8-1f41-41f0-8c11-6d721527725f-groupManagement] INFO  server.RaftServer$Division (ServerState.java:<init>(114)) - c54b81e8-1f41-41f0-8c11-6d721527725f@group-77F706F55D62: ConfigurationManager, init=conf: {index: -1, cur=peers:[c54b81e8-1f41-41f0-8c11-6d721527725f|127.0.0.1:15542]|listeners:[], old=null}, confs=<EMPTY_MAP>
2024-08-15 10:19:35,864 [c54b81e8-1f41-41f0-8c11-6d721527725f-groupManagement] INFO  server.RaftServerConfigKeys (ConfUtils.java:logGet(46)) - raft.server.notification.no-leader.timeout = 300000ms (custom)
2024-08-15 10:19:35,864 [c54b81e8-1f41-41f0-8c11-6d721527725f-groupManagement] INFO  server.RaftServerConfigKeys (ConfUtils.java:logGet(46)) - raft.server.read.timeout = 10s (default)
2024-08-15 10:19:35,864 [c54b81e8-1f41-41f0-8c11-6d721527725f-groupManagement] INFO  server.RaftServerConfigKeys (ConfUtils.java:logGet(46)) - raft.server.retrycache.expirytime = 600000ms (custom)
2024-08-15 10:19:35,864 [c54b81e8-1f41-41f0-8c11-6d721527725f-groupManagement] INFO  server.RaftServerConfigKeys (ConfUtils.java:logGet(46)) - raft.server.retrycache.statistics.expirytime = 100ms (default)
2024-08-15 10:19:35,864 [c54b81e8-1f41-41f0-8c11-6d721527725f-groupManagement] INFO  server.RaftServerConfigKeys (ConfUtils.java:logGet(46)) - raft.server.read.option = DEFAULT (default)
2024-08-15 10:19:35,864 [c54b81e8-1f41-41f0-8c11-6d721527725f-groupManagement] INFO  server.RaftServerConfigKeys (ConfUtils.java:logGet(46)) - raft.server.read.read-after-write-consistent.write-index-cache.expiry-time = 60s (default)
2024-08-15 10:19:35,867 [c54b81e8-1f41-41f0-8c11-6d721527725f-groupManagement] INFO  server.RaftServerConfigKeys (ConfUtils.java:logGet(46)) - raft.server.rpc.request.timeout = 3000ms (default)
2024-08-15 10:19:35,867 [c54b81e8-1f41-41f0-8c11-6d721527725f-groupManagement] INFO  server.RaftServerConfigKeys (ConfUtils.java:logGet(46)) - raft.server.log.appender.install.snapshot.enabled = false (custom)
2024-08-15 10:19:35,867 [c54b81e8-1f41-41f0-8c11-6d721527725f-groupManagement] INFO  server.RaftServerConfigKeys (ConfUtils.java:logGet(46)) - raft.server.threadpool.server.cached = true (default)
2024-08-15 10:19:35,867 [c54b81e8-1f41-41f0-8c11-6d721527725f-groupManagement] INFO  server.RaftServerConfigKeys (ConfUtils.java:logGet(46)) - raft.server.threadpool.server.size = 0 (default)
2024-08-15 10:19:35,867 [c54b81e8-1f41-41f0-8c11-6d721527725f-groupManagement] INFO  server.RaftServerConfigKeys (ConfUtils.java:logGet(46)) - raft.server.threadpool.client.cached = true (default)
2024-08-15 10:19:35,868 [c54b81e8-1f41-41f0-8c11-6d721527725f-groupManagement] INFO  server.RaftServerConfigKeys (ConfUtils.java:logGet(46)) - raft.server.threadpool.client.size = 0 (default)
2024-08-15 10:19:35,868 [c54b81e8-1f41-41f0-8c11-6d721527725f-groupManagement] INFO  server.RaftServerConfigKeys (ConfUtils.java:logGet(46)) - raft.server.storage.free-space.min = 0MB (=0) (default)
2024-08-15 10:19:35,868 [c54b81e8-1f41-41f0-8c11-6d721527725f-groupManagement] INFO  server.RaftServerConfigKeys (ConfUtils.java:logGet(46)) - raft.server.log.corruption.policy = EXCEPTION (default)
2024-08-15 10:19:35,868 [c54b81e8-1f41-41f0-8c11-6d721527725f-groupManagement] INFO  server.RaftServerConfigKeys (ConfUtils.java:logGet(46)) - raft.server.storage.dir = [/home/runner/work/ozone/ozone/hadoop-ozone/integration-test/target/test-dir/MiniOzoneClusterImpl-b6aad0f5-771e-4cba-adce-99e3b3454f11/ozone-meta/datanode-1/ratis] (custom)
2024-08-15 10:19:35,868 [c54b81e8-1f41-41f0-8c11-6d721527725f-groupManagement] INFO  storage.RaftStorageDirectory (RaftStorageDirectoryImpl.java:analyzeStorage(138)) - The storage directory /home/runner/work/ozone/ozone/hadoop-ozone/integration-test/target/test-dir/MiniOzoneClusterImpl-b6aad0f5-771e-4cba-adce-99e3b3454f11/ozone-meta/datanode-1/ratis/653c286c-3f85-4512-b6c4-77f706f55d62 does not exist. Creating ...
2024-08-15 10:19:35,869 [c54b81e8-1f41-41f0-8c11-6d721527725f-groupManagement] INFO  storage.RaftStorageDirectory (RaftStorageDirectoryImpl.java:tryLock(229)) - Lock on /home/runner/work/ozone/ozone/hadoop-ozone/integration-test/target/test-dir/MiniOzoneClusterImpl-b6aad0f5-771e-4cba-adce-99e3b3454f11/ozone-meta/datanode-1/ratis/653c286c-3f85-4512-b6c4-77f706f55d62/in_use.lock acquired by nodename 113339@fv-az1107-352
2024-08-15 10:19:35,870 [c54b81e8-1f41-41f0-8c11-6d721527725f-groupManagement] INFO  storage.RaftStorage (RaftStorageImpl.java:format(98)) - Storage directory /home/runner/work/ozone/ozone/hadoop-ozone/integration-test/target/test-dir/MiniOzoneClusterImpl-b6aad0f5-771e-4cba-adce-99e3b3454f11/ozone-meta/datanode-1/ratis/653c286c-3f85-4512-b6c4-77f706f55d62 has been successfully formatted.
2024-08-15 10:19:35,871 [c54b81e8-1f41-41f0-8c11-6d721527725f-groupManagement] INFO  ratis.ContainerStateMachine (ContainerStateMachine.java:loadSnapshot(295)) - group-77F706F55D62: The snapshot info is null. Setting the last applied index to:(t:0, i:~)
2024-08-15 10:19:35,871 [c54b81e8-1f41-41f0-8c11-6d721527725f-groupManagement] INFO  server.RaftServerConfigKeys (ConfUtils.java:logGet(46)) - raft.server.log.use.memory = false (default)
2024-08-15 10:19:35,871 [c54b81e8-1f41-41f0-8c11-6d721527725f-groupManagement] INFO  server.RaftServerConfigKeys (ConfUtils.java:logGet(46)) - raft.server.log.purge.gap = 1000000 (custom)
2024-08-15 10:19:35,871 [c54b81e8-1f41-41f0-8c11-6d721527725f-groupManagement] INFO  server.RaftServerConfigKeys (ConfUtils.java:logGet(46)) - raft.server.log.appender.buffer.byte-limit = 8388608 (custom)
2024-08-15 10:19:35,871 [c54b81e8-1f41-41f0-8c11-6d721527725f-groupManagement] INFO  server.RaftServerConfigKeys (ConfUtils.java:logGet(46)) - raft.server.log.statemachine.data.read.timeout = 1000ms (default)
2024-08-15 10:19:35,871 [c54b81e8-1f41-41f0-8c11-6d721527725f-groupManagement] INFO  server.RaftServerConfigKeys (ConfUtils.java:logGet(46)) - raft.server.log.purge.preservation.log.num = 0 (default)
2024-08-15 10:19:35,872 [EventQueue-PipelineReportForPipelineReportHandler] INFO  pipeline.PipelineReportHandler (PipelineReportHandler.java:processPipelineReport(136)) - Opened pipeline PipelineID=653c286c-3f85-4512-b6c4-77f706f55d62
2024-08-15 10:19:35,872 [EventQueue-OpenPipelineForHealthyPipelineSafeModeRule] INFO  safemode.SCMSafeModeManager (HealthyPipelineSafeModeRule.java:process(140)) - SCM in safe mode. Healthy pipelines reported count is 0, required healthy pipeline reported count is 1
2024-08-15 10:19:35,872 [c54b81e8-1f41-41f0-8c11-6d721527725f-groupManagement] INFO  server.RaftServerConfigKeys (ConfUtils.java:logGet(46)) - raft.server.log.segment.size.max = 67108864 (custom)
2024-08-15 10:19:35,873 [c54b81e8-1f41-41f0-8c11-6d721527725f-groupManagement] INFO  server.RaftServerConfigKeys (ConfUtils.java:logGet(46)) - raft.server.log.segment.cache.num.max = 2 (custom)
2024-08-15 10:19:35,873 [c54b81e8-1f41-41f0-8c11-6d721527725f-groupManagement] INFO  server.RaftServerConfigKeys (ConfUtils.java:logGet(46)) - raft.server.log.segment.cache.size.max = 200MB (=209715200) (default)
2024-08-15 10:19:35,873 [c54b81e8-1f41-41f0-8c11-6d721527725f-groupManagement] INFO  server.RaftServerConfigKeys (ConfUtils.java:logGet(46)) - raft.server.log.appender.buffer.byte-limit = 8388608 (custom)
2024-08-15 10:19:35,873 [c54b81e8-1f41-41f0-8c11-6d721527725f-groupManagement] INFO  util.AwaitToRun (AwaitToRun.java:start(81)) - Thread[c54b81e8-1f41-41f0-8c11-6d721527725f@group-77F706F55D62-cacheEviction-AwaitToRun,5,main] started
2024-08-15 10:19:35,873 [c54b81e8-1f41-41f0-8c11-6d721527725f-groupManagement] INFO  segmented.SegmentedRaftLogWorker (SegmentedRaftLogWorker.java:<init>(184)) - new c54b81e8-1f41-41f0-8c11-6d721527725f@group-77F706F55D62-SegmentedRaftLogWorker for RaftStorageImpl:Storage Directory /home/runner/work/ozone/ozone/hadoop-ozone/integration-test/target/test-dir/MiniOzoneClusterImpl-b6aad0f5-771e-4cba-adce-99e3b3454f11/ozone-meta/datanode-1/ratis/653c286c-3f85-4512-b6c4-77f706f55d62
2024-08-15 10:19:35,873 [c54b81e8-1f41-41f0-8c11-6d721527725f-groupManagement] INFO  server.RaftServerConfigKeys (ConfUtils.java:logGet(46)) - raft.server.log.queue.byte-limit = 4294967296 (custom)
2024-08-15 10:19:35,873 [c54b81e8-1f41-41f0-8c11-6d721527725f-groupManagement] INFO  server.RaftServerConfigKeys (ConfUtils.java:logGet(46)) - raft.server.log.queue.element-limit = 1024 (custom)
2024-08-15 10:19:35,873 [c54b81e8-1f41-41f0-8c11-6d721527725f-groupManagement] INFO  server.RaftServerConfigKeys (ConfUtils.java:logGet(46)) - raft.server.log.segment.size.max = 67108864 (custom)
2024-08-15 10:19:35,873 [c54b81e8-1f41-41f0-8c11-6d721527725f-groupManagement] INFO  server.RaftServerConfigKeys (ConfUtils.java:logGet(46)) - raft.server.log.preallocated.size = 4194304 (custom)
2024-08-15 10:19:35,873 [c54b81e8-1f41-41f0-8c11-6d721527725f-groupManagement] INFO  server.RaftServerConfigKeys (ConfUtils.java:logGet(46)) - raft.server.log.force.sync.num = 128 (default)
2024-08-15 10:19:35,874 [c54b81e8-1f41-41f0-8c11-6d721527725f-groupManagement] INFO  server.RaftServerConfigKeys (ConfUtils.java:logGet(46)) - raft.server.log.statemachine.data.sync = true (default)
2024-08-15 10:19:35,874 [c54b81e8-1f41-41f0-8c11-6d721527725f-groupManagement] INFO  server.RaftServerConfigKeys (ConfUtils.java:logGet(46)) - raft.server.log.statemachine.data.sync.timeout = 10s (default)
2024-08-15 10:19:35,874 [c54b81e8-1f41-41f0-8c11-6d721527725f-groupManagement] INFO  server.RaftServerConfigKeys (ConfUtils.java:logGet(46)) - raft.server.log.statemachine.data.sync.timeout.retry = 30 (custom)
2024-08-15 10:19:35,874 [c54b81e8-1f41-41f0-8c11-6d721527725f-groupManagement] INFO  server.RaftServerConfigKeys (ConfUtils.java:logGet(46)) - raft.server.log.write.buffer.size = 8388616 (custom)
2024-08-15 10:19:35,875 [c54b81e8-1f41-41f0-8c11-6d721527725f-groupManagement] INFO  server.RaftServerConfigKeys (ConfUtils.java:logGet(46)) - raft.server.log.appender.buffer.byte-limit = 8388608 (custom)
2024-08-15 10:19:35,875 [c54b81e8-1f41-41f0-8c11-6d721527725f-groupManagement] INFO  server.RaftServerConfigKeys (ConfUtils.java:logGet(46)) - raft.server.log.unsafe-flush.enabled = false (default)
2024-08-15 10:19:35,875 [c54b81e8-1f41-41f0-8c11-6d721527725f-groupManagement] INFO  server.RaftServerConfigKeys (ConfUtils.java:logGet(46)) - raft.server.log.async-flush.enabled = false (default)
2024-08-15 10:19:35,875 [c54b81e8-1f41-41f0-8c11-6d721527725f-groupManagement] INFO  server.RaftServerConfigKeys (ConfUtils.java:logGet(46)) - raft.server.log.statemachine.data.caching.enabled = true (custom)
2024-08-15 10:19:35,875 [c54b81e8-1f41-41f0-8c11-6d721527725f-groupManagement] INFO  segmented.SegmentedRaftLogWorker (SegmentedRaftLogWorker.java:lambda$new$0(135)) - c54b81e8-1f41-41f0-8c11-6d721527725f@group-77F706F55D62-SegmentedRaftLogWorker: flushIndex: setUnconditionally 0 -> -1
2024-08-15 10:19:35,875 [c54b81e8-1f41-41f0-8c11-6d721527725f-groupManagement] INFO  segmented.SegmentedRaftLogWorker (SegmentedRaftLogWorker.java:lambda$new$0(135)) - c54b81e8-1f41-41f0-8c11-6d721527725f@group-77F706F55D62-SegmentedRaftLogWorker: safeCacheEvictIndex: setUnconditionally 0 -> -1
2024-08-15 10:19:35,875 [c54b81e8-1f41-41f0-8c11-6d721527725f-groupManagement] INFO  server.RaftServer$Division (RaftServerImpl.java:start(389)) - c54b81e8-1f41-41f0-8c11-6d721527725f@group-77F706F55D62: start as a follower, conf=conf: {index: -1, cur=peers:[c54b81e8-1f41-41f0-8c11-6d721527725f|127.0.0.1:15542]|listeners:[], old=null}
2024-08-15 10:19:35,875 [c54b81e8-1f41-41f0-8c11-6d721527725f-groupManagement] INFO  server.RaftServer$Division (RaftServerImpl.java:setRole(376)) - c54b81e8-1f41-41f0-8c11-6d721527725f@group-77F706F55D62: changes role from      null to FOLLOWER at term 0 for startAsFollower
2024-08-15 10:19:35,875 [c54b81e8-1f41-41f0-8c11-6d721527725f-groupManagement] INFO  impl.RoleInfo (RoleInfo.java:updateAndGet(148)) - c54b81e8-1f41-41f0-8c11-6d721527725f: start c54b81e8-1f41-41f0-8c11-6d721527725f@group-77F706F55D62-FollowerState
2024-08-15 10:19:35,876 [c54b81e8-1f41-41f0-8c11-6d721527725f@group-77F706F55D62-FollowerState] INFO  server.RaftServerConfigKeys (ConfUtils.java:logFallback(53)) - raft.server.rpc.first-election.timeout.min = 5s (fallback to raft.server.rpc.timeout.min)
2024-08-15 10:19:35,876 [c54b81e8-1f41-41f0-8c11-6d721527725f@group-77F706F55D62-FollowerState] INFO  server.RaftServerConfigKeys (ConfUtils.java:logFallback(53)) - raft.server.rpc.first-election.timeout.max = 5200ms (fallback to raft.server.rpc.timeout.max)
2024-08-15 10:19:35,876 [c54b81e8-1f41-41f0-8c11-6d721527725f-groupManagement] INFO  util.JmxRegister (JmxRegister.java:tryRegister(44)) - Successfully registered JMX Bean with object name Ratis:service=RaftServer,group=group-77F706F55D62,id=c54b81e8-1f41-41f0-8c11-6d721527725f
2024-08-15 10:19:35,876 [c54b81e8-1f41-41f0-8c11-6d721527725f-groupManagement] INFO  util.JmxRegister (JmxRegister.java:register(58)) - register mxBean class org.apache.ratis.server.impl.RaftServerJmxAdapter as Ratis:service=RaftServer,group=group-77F706F55D62,id=c54b81e8-1f41-41f0-8c11-6d721527725f
2024-08-15 10:19:35,876 [c54b81e8-1f41-41f0-8c11-6d721527725f-groupManagement] INFO  server.RaftServerConfigKeys (ConfUtils.java:logGet(46)) - raft.server.snapshot.trigger-when-stop.enabled = true (default)
2024-08-15 10:19:35,876 [c54b81e8-1f41-41f0-8c11-6d721527725f-groupManagement] INFO  server.RaftServerConfigKeys (ConfUtils.java:logGet(46)) - raft.server.snapshot.trigger-when-remove.enabled = true (default)
2024-08-15 10:19:35,876 [c54b81e8-1f41-41f0-8c11-6d721527725f-groupManagement] INFO  server.RaftServerConfigKeys (ConfUtils.java:logGet(46)) - raft.server.snapshot.auto.trigger.enabled = true (custom)
2024-08-15 10:19:35,876 [c54b81e8-1f41-41f0-8c11-6d721527725f-groupManagement] INFO  server.RaftServerConfigKeys (ConfUtils.java:logGet(46)) - raft.server.snapshot.auto.trigger.threshold = 10000 (custom)
2024-08-15 10:19:35,876 [c54b81e8-1f41-41f0-8c11-6d721527725f-groupManagement] INFO  server.RaftServerConfigKeys (ConfUtils.java:logGet(46)) - raft.server.snapshot.retention.file.num = 5 (custom)
2024-08-15 10:19:35,876 [c54b81e8-1f41-41f0-8c11-6d721527725f-groupManagement] INFO  server.RaftServerConfigKeys (ConfUtils.java:logGet(46)) - raft.server.log.purge.upto.snapshot.index = false (default)
2024-08-15 10:19:35,877 [c54b81e8-1f41-41f0-8c11-6d721527725f-PipelineCommandHandlerThread-0] INFO  ratis.XceiverServerRatis (XceiverServerRatis.java:addGroup(850)) - Created group PipelineID=653c286c-3f85-4512-b6c4-77f706f55d62
2024-08-15 10:19:35,877 [c54b81e8-1f41-41f0-8c11-6d721527725f-PipelineCommandHandlerThread-0] INFO  commandhandler.CreatePipelineCommandHandler (CreatePipelineCommandHandler.java:lambda$handle$2(124)) - Created Pipeline RATIS ONE PipelineID=653c286c-3f85-4512-b6c4-77f706f55d62.
2024-08-15 10:19:35,877 [c54b81e8-1f41-41f0-8c11-6d721527725f-PipelineCommandHandlerThread-0] INFO  server.RaftServer (RaftServerProxy.java:addNew(101)) - c54b81e8-1f41-41f0-8c11-6d721527725f: addNew group-269B51D56F15:[6c2c8d64-db13-4196-9e9e-e3b1acb91f99|127.0.0.1:15551, 81bac27f-0582-41fc-bc3f-9f968300fa98|127.0.0.1:15560, c54b81e8-1f41-41f0-8c11-6d721527725f|127.0.0.1:15542] returns group-269B51D56F15:java.util.concurrent.CompletableFuture@36b172e2[Not completed]
2024-08-15 10:19:35,878 [c54b81e8-1f41-41f0-8c11-6d721527725f-groupManagement] INFO  server.RaftServer$Division (RaftServerImpl.java:<init>(253)) - c54b81e8-1f41-41f0-8c11-6d721527725f: new RaftServerImpl for group-269B51D56F15:[6c2c8d64-db13-4196-9e9e-e3b1acb91f99|127.0.0.1:15551, 81bac27f-0582-41fc-bc3f-9f968300fa98|127.0.0.1:15560, c54b81e8-1f41-41f0-8c11-6d721527725f|127.0.0.1:15542] with ContainerStateMachine:uninitialized
2024-08-15 10:19:35,878 [c54b81e8-1f41-41f0-8c11-6d721527725f-groupManagement] INFO  server.RaftServerConfigKeys (ConfUtils.java:logGet(46)) - raft.server.rpc.timeout.min = 5s (custom)
2024-08-15 10:19:35,878 [c54b81e8-1f41-41f0-8c11-6d721527725f-groupManagement] INFO  server.RaftServerConfigKeys (ConfUtils.java:logGet(46)) - raft.server.rpc.timeout.max = 5200ms (custom)
2024-08-15 10:19:35,878 [c54b81e8-1f41-41f0-8c11-6d721527725f-groupManagement] INFO  server.RaftServerConfigKeys (ConfUtils.java:logGet(46)) - raft.server.rpc.sleep.time = 25ms (default)
2024-08-15 10:19:35,878 [c54b81e8-1f41-41f0-8c11-6d721527725f-groupManagement] INFO  server.RaftServerConfigKeys (ConfUtils.java:logGet(46)) - raft.server.rpc.slowness.timeout = 300000ms (custom)
2024-08-15 10:19:35,878 [c54b81e8-1f41-41f0-8c11-6d721527725f-groupManagement] INFO  server.RaftServerConfigKeys (ConfUtils.java:logGet(46)) - raft.server.leaderelection.leader.step-down.wait-time = 10s (default)
2024-08-15 10:19:35,878 [c54b81e8-1f41-41f0-8c11-6d721527725f-groupManagement] INFO  server.RaftServerConfigKeys (ConfUtils.java:logGet(46)) - raft.server.leaderelection.member.majority-add = false (default)
2024-08-15 10:19:35,878 [c54b81e8-1f41-41f0-8c11-6d721527725f-groupManagement] INFO  server.RaftServerConfigKeys (ConfUtils.java:logGet(46)) - raft.server.sleep.deviation.threshold = 300ms (default)
2024-08-15 10:19:35,878 [c54b81e8-1f41-41f0-8c11-6d721527725f-groupManagement] INFO  server.RaftServer$Division (ServerState.java:<init>(114)) - c54b81e8-1f41-41f0-8c11-6d721527725f@group-269B51D56F15: ConfigurationManager, init=conf: {index: -1, cur=peers:[6c2c8d64-db13-4196-9e9e-e3b1acb91f99|127.0.0.1:15551, 81bac27f-0582-41fc-bc3f-9f968300fa98|127.0.0.1:15560, c54b81e8-1f41-41f0-8c11-6d721527725f|127.0.0.1:15542]|listeners:[], old=null}, confs=<EMPTY_MAP>
2024-08-15 10:19:35,878 [c54b81e8-1f41-41f0-8c11-6d721527725f-groupManagement] INFO  server.RaftServerConfigKeys (ConfUtils.java:logGet(46)) - raft.server.notification.no-leader.timeout = 300000ms (custom)
2024-08-15 10:19:35,878 [c54b81e8-1f41-41f0-8c11-6d721527725f-groupManagement] INFO  server.RaftServerConfigKeys (ConfUtils.java:logGet(46)) - raft.server.read.timeout = 10s (default)
2024-08-15 10:19:35,878 [c54b81e8-1f41-41f0-8c11-6d721527725f-groupManagement] INFO  server.RaftServerConfigKeys (ConfUtils.java:logGet(46)) - raft.server.retrycache.expirytime = 600000ms (custom)
2024-08-15 10:19:35,878 [c54b81e8-1f41-41f0-8c11-6d721527725f-groupManagement] INFO  server.RaftServerConfigKeys (ConfUtils.java:logGet(46)) - raft.server.retrycache.statistics.expirytime = 100ms (default)
2024-08-15 10:19:35,878 [c54b81e8-1f41-41f0-8c11-6d721527725f-groupManagement] INFO  server.RaftServerConfigKeys (ConfUtils.java:logGet(46)) - raft.server.read.option = DEFAULT (default)
2024-08-15 10:19:35,878 [c54b81e8-1f41-41f0-8c11-6d721527725f-groupManagement] INFO  server.RaftServerConfigKeys (ConfUtils.java:logGet(46)) - raft.server.read.read-after-write-consistent.write-index-cache.expiry-time = 60s (default)
2024-08-15 10:19:35,881 [c54b81e8-1f41-41f0-8c11-6d721527725f-groupManagement] INFO  server.RaftServerConfigKeys (ConfUtils.java:logGet(46)) - raft.server.rpc.request.timeout = 3000ms (default)
2024-08-15 10:19:35,881 [c54b81e8-1f41-41f0-8c11-6d721527725f-groupManagement] INFO  server.RaftServerConfigKeys (ConfUtils.java:logGet(46)) - raft.server.log.appender.install.snapshot.enabled = false (custom)
2024-08-15 10:19:35,881 [c54b81e8-1f41-41f0-8c11-6d721527725f-groupManagement] INFO  server.RaftServerConfigKeys (ConfUtils.java:logGet(46)) - raft.server.threadpool.server.cached = true (default)
2024-08-15 10:19:35,881 [c54b81e8-1f41-41f0-8c11-6d721527725f-groupManagement] INFO  server.RaftServerConfigKeys (ConfUtils.java:logGet(46)) - raft.server.threadpool.server.size = 0 (default)
2024-08-15 10:19:35,881 [c54b81e8-1f41-41f0-8c11-6d721527725f-groupManagement] INFO  server.RaftServerConfigKeys (ConfUtils.java:logGet(46)) - raft.server.threadpool.client.cached = true (default)
2024-08-15 10:19:35,881 [c54b81e8-1f41-41f0-8c11-6d721527725f-groupManagement] INFO  server.RaftServerConfigKeys (ConfUtils.java:logGet(46)) - raft.server.threadpool.client.size = 0 (default)
2024-08-15 10:19:35,881 [c54b81e8-1f41-41f0-8c11-6d721527725f-groupManagement] INFO  server.RaftServerConfigKeys (ConfUtils.java:logGet(46)) - raft.server.storage.free-space.min = 0MB (=0) (default)
2024-08-15 10:19:35,881 [c54b81e8-1f41-41f0-8c11-6d721527725f-groupManagement] INFO  server.RaftServerConfigKeys (ConfUtils.java:logGet(46)) - raft.server.log.corruption.policy = EXCEPTION (default)
2024-08-15 10:19:35,881 [c54b81e8-1f41-41f0-8c11-6d721527725f-groupManagement] INFO  server.RaftServerConfigKeys (ConfUtils.java:logGet(46)) - raft.server.storage.dir = [/home/runner/work/ozone/ozone/hadoop-ozone/integration-test/target/test-dir/MiniOzoneClusterImpl-b6aad0f5-771e-4cba-adce-99e3b3454f11/ozone-meta/datanode-1/ratis] (custom)
2024-08-15 10:19:35,881 [c54b81e8-1f41-41f0-8c11-6d721527725f-groupManagement] INFO  storage.RaftStorageDirectory (RaftStorageDirectoryImpl.java:analyzeStorage(138)) - The storage directory /home/runner/work/ozone/ozone/hadoop-ozone/integration-test/target/test-dir/MiniOzoneClusterImpl-b6aad0f5-771e-4cba-adce-99e3b3454f11/ozone-meta/datanode-1/ratis/51ee1fd2-a1a9-4dcc-ae81-269b51d56f15 does not exist. Creating ...
2024-08-15 10:19:35,882 [c54b81e8-1f41-41f0-8c11-6d721527725f-groupManagement] INFO  storage.RaftStorageDirectory (RaftStorageDirectoryImpl.java:tryLock(229)) - Lock on /home/runner/work/ozone/ozone/hadoop-ozone/integration-test/target/test-dir/MiniOzoneClusterImpl-b6aad0f5-771e-4cba-adce-99e3b3454f11/ozone-meta/datanode-1/ratis/51ee1fd2-a1a9-4dcc-ae81-269b51d56f15/in_use.lock acquired by nodename 113339@fv-az1107-352
2024-08-15 10:19:35,883 [c54b81e8-1f41-41f0-8c11-6d721527725f-groupManagement] INFO  storage.RaftStorage (RaftStorageImpl.java:format(98)) - Storage directory /home/runner/work/ozone/ozone/hadoop-ozone/integration-test/target/test-dir/MiniOzoneClusterImpl-b6aad0f5-771e-4cba-adce-99e3b3454f11/ozone-meta/datanode-1/ratis/51ee1fd2-a1a9-4dcc-ae81-269b51d56f15 has been successfully formatted.
2024-08-15 10:19:35,883 [c54b81e8-1f41-41f0-8c11-6d721527725f-groupManagement] INFO  ratis.ContainerStateMachine (ContainerStateMachine.java:loadSnapshot(295)) - group-269B51D56F15: The snapshot info is null. Setting the last applied index to:(t:0, i:~)
2024-08-15 10:19:35,883 [c54b81e8-1f41-41f0-8c11-6d721527725f-groupManagement] INFO  server.RaftServerConfigKeys (ConfUtils.java:logGet(46)) - raft.server.log.use.memory = false (default)
2024-08-15 10:19:35,883 [c54b81e8-1f41-41f0-8c11-6d721527725f-groupManagement] INFO  server.RaftServerConfigKeys (ConfUtils.java:logGet(46)) - raft.server.log.purge.gap = 1000000 (custom)
2024-08-15 10:19:35,883 [c54b81e8-1f41-41f0-8c11-6d721527725f-groupManagement] INFO  server.RaftServerConfigKeys (ConfUtils.java:logGet(46)) - raft.server.log.appender.buffer.byte-limit = 8388608 (custom)
2024-08-15 10:19:35,883 [c54b81e8-1f41-41f0-8c11-6d721527725f-groupManagement] INFO  server.RaftServerConfigKeys (ConfUtils.java:logGet(46)) - raft.server.log.statemachine.data.read.timeout = 1000ms (default)
2024-08-15 10:19:35,883 [c54b81e8-1f41-41f0-8c11-6d721527725f-groupManagement] INFO  server.RaftServerConfigKeys (ConfUtils.java:logGet(46)) - raft.server.log.purge.preservation.log.num = 0 (default)
2024-08-15 10:19:35,884 [EventQueue-OpenPipelineForHealthyPipelineSafeModeRule] INFO  safemode.SCMSafeModeManager (HealthyPipelineSafeModeRule.java:process(140)) - SCM in safe mode. Healthy pipelines reported count is 0, required healthy pipeline reported count is 1
2024-08-15 10:19:35,885 [c54b81e8-1f41-41f0-8c11-6d721527725f-groupManagement] INFO  server.RaftServerConfigKeys (ConfUtils.java:logGet(46)) - raft.server.log.segment.size.max = 67108864 (custom)
2024-08-15 10:19:35,885 [c54b81e8-1f41-41f0-8c11-6d721527725f-groupManagement] INFO  server.RaftServerConfigKeys (ConfUtils.java:logGet(46)) - raft.server.log.segment.cache.num.max = 2 (custom)
2024-08-15 10:19:35,885 [c54b81e8-1f41-41f0-8c11-6d721527725f-groupManagement] INFO  server.RaftServerConfigKeys (ConfUtils.java:logGet(46)) - raft.server.log.segment.cache.size.max = 200MB (=209715200) (default)
2024-08-15 10:19:35,885 [c54b81e8-1f41-41f0-8c11-6d721527725f-groupManagement] INFO  server.RaftServerConfigKeys (ConfUtils.java:logGet(46)) - raft.server.log.appender.buffer.byte-limit = 8388608 (custom)
2024-08-15 10:19:35,885 [c54b81e8-1f41-41f0-8c11-6d721527725f-groupManagement] INFO  util.AwaitToRun (AwaitToRun.java:start(81)) - Thread[c54b81e8-1f41-41f0-8c11-6d721527725f@group-269B51D56F15-cacheEviction-AwaitToRun,5,main] started
2024-08-15 10:19:35,885 [c54b81e8-1f41-41f0-8c11-6d721527725f-groupManagement] INFO  segmented.SegmentedRaftLogWorker (SegmentedRaftLogWorker.java:<init>(184)) - new c54b81e8-1f41-41f0-8c11-6d721527725f@group-269B51D56F15-SegmentedRaftLogWorker for RaftStorageImpl:Storage Directory /home/runner/work/ozone/ozone/hadoop-ozone/integration-test/target/test-dir/MiniOzoneClusterImpl-b6aad0f5-771e-4cba-adce-99e3b3454f11/ozone-meta/datanode-1/ratis/51ee1fd2-a1a9-4dcc-ae81-269b51d56f15
2024-08-15 10:19:35,885 [c54b81e8-1f41-41f0-8c11-6d721527725f-groupManagement] INFO  server.RaftServerConfigKeys (ConfUtils.java:logGet(46)) - raft.server.log.queue.byte-limit = 4294967296 (custom)
2024-08-15 10:19:35,885 [c54b81e8-1f41-41f0-8c11-6d721527725f-groupManagement] INFO  server.RaftServerConfigKeys (ConfUtils.java:logGet(46)) - raft.server.log.queue.element-limit = 1024 (custom)
2024-08-15 10:19:35,885 [c54b81e8-1f41-41f0-8c11-6d721527725f-groupManagement] INFO  server.RaftServerConfigKeys (ConfUtils.java:logGet(46)) - raft.server.log.segment.size.max = 67108864 (custom)
2024-08-15 10:19:35,885 [c54b81e8-1f41-41f0-8c11-6d721527725f-groupManagement] INFO  server.RaftServerConfigKeys (ConfUtils.java:logGet(46)) - raft.server.log.preallocated.size = 4194304 (custom)
2024-08-15 10:19:35,885 [c54b81e8-1f41-41f0-8c11-6d721527725f-groupManagement] INFO  server.RaftServerConfigKeys (ConfUtils.java:logGet(46)) - raft.server.log.force.sync.num = 128 (default)
2024-08-15 10:19:35,885 [c54b81e8-1f41-41f0-8c11-6d721527725f-groupManagement] INFO  server.RaftServerConfigKeys (ConfUtils.java:logGet(46)) - raft.server.log.statemachine.data.sync = true (default)
2024-08-15 10:19:35,885 [c54b81e8-1f41-41f0-8c11-6d721527725f-groupManagement] INFO  server.RaftServerConfigKeys (ConfUtils.java:logGet(46)) - raft.server.log.statemachine.data.sync.timeout = 10s (default)
2024-08-15 10:19:35,885 [c54b81e8-1f41-41f0-8c11-6d721527725f-groupManagement] INFO  server.RaftServerConfigKeys (ConfUtils.java:logGet(46)) - raft.server.log.statemachine.data.sync.timeout.retry = 30 (custom)
2024-08-15 10:19:35,886 [c54b81e8-1f41-41f0-8c11-6d721527725f-groupManagement] INFO  server.RaftServerConfigKeys (ConfUtils.java:logGet(46)) - raft.server.log.write.buffer.size = 8388616 (custom)
2024-08-15 10:19:35,887 [c54b81e8-1f41-41f0-8c11-6d721527725f-groupManagement] INFO  server.RaftServerConfigKeys (ConfUtils.java:logGet(46)) - raft.server.log.appender.buffer.byte-limit = 8388608 (custom)
2024-08-15 10:19:35,887 [c54b81e8-1f41-41f0-8c11-6d721527725f-groupManagement] INFO  server.RaftServerConfigKeys (ConfUtils.java:logGet(46)) - raft.server.log.unsafe-flush.enabled = false (default)
2024-08-15 10:19:35,887 [c54b81e8-1f41-41f0-8c11-6d721527725f-groupManagement] INFO  server.RaftServerConfigKeys (ConfUtils.java:logGet(46)) - raft.server.log.async-flush.enabled = false (default)
2024-08-15 10:19:35,887 [c54b81e8-1f41-41f0-8c11-6d721527725f-groupManagement] INFO  server.RaftServerConfigKeys (ConfUtils.java:logGet(46)) - raft.server.log.statemachine.data.caching.enabled = true (custom)
2024-08-15 10:19:35,888 [c54b81e8-1f41-41f0-8c11-6d721527725f-groupManagement] INFO  segmented.SegmentedRaftLogWorker (SegmentedRaftLogWorker.java:lambda$new$0(135)) - c54b81e8-1f41-41f0-8c11-6d721527725f@group-269B51D56F15-SegmentedRaftLogWorker: flushIndex: setUnconditionally 0 -> -1
2024-08-15 10:19:35,888 [c54b81e8-1f41-41f0-8c11-6d721527725f-groupManagement] INFO  segmented.SegmentedRaftLogWorker (SegmentedRaftLogWorker.java:lambda$new$0(135)) - c54b81e8-1f41-41f0-8c11-6d721527725f@group-269B51D56F15-SegmentedRaftLogWorker: safeCacheEvictIndex: setUnconditionally 0 -> -1
2024-08-15 10:19:35,888 [c54b81e8-1f41-41f0-8c11-6d721527725f-groupManagement] INFO  server.RaftServer$Division (RaftServerImpl.java:start(389)) - c54b81e8-1f41-41f0-8c11-6d721527725f@group-269B51D56F15: start as a follower, conf=conf: {index: -1, cur=peers:[6c2c8d64-db13-4196-9e9e-e3b1acb91f99|127.0.0.1:15551, 81bac27f-0582-41fc-bc3f-9f968300fa98|127.0.0.1:15560, c54b81e8-1f41-41f0-8c11-6d721527725f|127.0.0.1:15542]|listeners:[], old=null}
2024-08-15 10:19:35,888 [c54b81e8-1f41-41f0-8c11-6d721527725f-groupManagement] INFO  server.RaftServer$Division (RaftServerImpl.java:setRole(376)) - c54b81e8-1f41-41f0-8c11-6d721527725f@group-269B51D56F15: changes role from      null to FOLLOWER at term 0 for startAsFollower
2024-08-15 10:19:35,888 [c54b81e8-1f41-41f0-8c11-6d721527725f-groupManagement] INFO  impl.RoleInfo (RoleInfo.java:updateAndGet(148)) - c54b81e8-1f41-41f0-8c11-6d721527725f: start c54b81e8-1f41-41f0-8c11-6d721527725f@group-269B51D56F15-FollowerState
2024-08-15 10:19:35,888 [c54b81e8-1f41-41f0-8c11-6d721527725f@group-269B51D56F15-FollowerState] INFO  server.RaftServerConfigKeys (ConfUtils.java:logFallback(53)) - raft.server.rpc.first-election.timeout.min = 5s (fallback to raft.server.rpc.timeout.min)
2024-08-15 10:19:35,888 [c54b81e8-1f41-41f0-8c11-6d721527725f@group-269B51D56F15-FollowerState] INFO  server.RaftServerConfigKeys (ConfUtils.java:logFallback(53)) - raft.server.rpc.first-election.timeout.max = 5200ms (fallback to raft.server.rpc.timeout.max)
2024-08-15 10:19:35,888 [c54b81e8-1f41-41f0-8c11-6d721527725f-groupManagement] INFO  util.JmxRegister (JmxRegister.java:tryRegister(44)) - Successfully registered JMX Bean with object name Ratis:service=RaftServer,group=group-269B51D56F15,id=c54b81e8-1f41-41f0-8c11-6d721527725f
2024-08-15 10:19:35,888 [c54b81e8-1f41-41f0-8c11-6d721527725f-groupManagement] INFO  util.JmxRegister (JmxRegister.java:register(58)) - register mxBean class org.apache.ratis.server.impl.RaftServerJmxAdapter as Ratis:service=RaftServer,group=group-269B51D56F15,id=c54b81e8-1f41-41f0-8c11-6d721527725f
2024-08-15 10:19:35,888 [c54b81e8-1f41-41f0-8c11-6d721527725f-groupManagement] INFO  server.RaftServerConfigKeys (ConfUtils.java:logGet(46)) - raft.server.snapshot.trigger-when-stop.enabled = true (default)
2024-08-15 10:19:35,888 [c54b81e8-1f41-41f0-8c11-6d721527725f-groupManagement] INFO  server.RaftServerConfigKeys (ConfUtils.java:logGet(46)) - raft.server.snapshot.trigger-when-remove.enabled = true (default)
2024-08-15 10:19:35,889 [c54b81e8-1f41-41f0-8c11-6d721527725f-groupManagement] INFO  server.RaftServerConfigKeys (ConfUtils.java:logGet(46)) - raft.server.snapshot.auto.trigger.enabled = true (custom)
2024-08-15 10:19:35,889 [c54b81e8-1f41-41f0-8c11-6d721527725f-groupManagement] INFO  server.RaftServerConfigKeys (ConfUtils.java:logGet(46)) - raft.server.snapshot.auto.trigger.threshold = 10000 (custom)
2024-08-15 10:19:35,889 [c54b81e8-1f41-41f0-8c11-6d721527725f-groupManagement] INFO  server.RaftServerConfigKeys (ConfUtils.java:logGet(46)) - raft.server.snapshot.retention.file.num = 5 (custom)
2024-08-15 10:19:35,889 [c54b81e8-1f41-41f0-8c11-6d721527725f-groupManagement] INFO  server.RaftServerConfigKeys (ConfUtils.java:logGet(46)) - raft.server.log.purge.upto.snapshot.index = false (default)
2024-08-15 10:19:35,889 [c54b81e8-1f41-41f0-8c11-6d721527725f-PipelineCommandHandlerThread-0] INFO  ratis.XceiverServerRatis (XceiverServerRatis.java:addGroup(850)) - Created group PipelineID=51ee1fd2-a1a9-4dcc-ae81-269b51d56f15
2024-08-15 10:19:35,892 [grpc-default-executor-6] INFO  server.RaftServer (RaftServerProxy.java:addNew(101)) - 81bac27f-0582-41fc-bc3f-9f968300fa98: addNew group-269B51D56F15:[6c2c8d64-db13-4196-9e9e-e3b1acb91f99|127.0.0.1:15551, 81bac27f-0582-41fc-bc3f-9f968300fa98|127.0.0.1:15560, c54b81e8-1f41-41f0-8c11-6d721527725f|127.0.0.1:15542] returns group-269B51D56F15:java.util.concurrent.CompletableFuture@20d9097d[Not completed]
2024-08-15 10:19:35,893 [81bac27f-0582-41fc-bc3f-9f968300fa98-groupManagement] INFO  server.RaftServer$Division (RaftServerImpl.java:<init>(253)) - 81bac27f-0582-41fc-bc3f-9f968300fa98: new RaftServerImpl for group-269B51D56F15:[6c2c8d64-db13-4196-9e9e-e3b1acb91f99|127.0.0.1:15551, 81bac27f-0582-41fc-bc3f-9f968300fa98|127.0.0.1:15560, c54b81e8-1f41-41f0-8c11-6d721527725f|127.0.0.1:15542] with ContainerStateMachine:uninitialized
2024-08-15 10:19:35,893 [81bac27f-0582-41fc-bc3f-9f968300fa98-groupManagement] INFO  server.RaftServerConfigKeys (ConfUtils.java:logGet(46)) - raft.server.rpc.timeout.min = 5s (custom)
2024-08-15 10:19:35,893 [81bac27f-0582-41fc-bc3f-9f968300fa98-groupManagement] INFO  server.RaftServerConfigKeys (ConfUtils.java:logGet(46)) - raft.server.rpc.timeout.max = 5200ms (custom)
2024-08-15 10:19:35,893 [81bac27f-0582-41fc-bc3f-9f968300fa98-groupManagement] INFO  server.RaftServerConfigKeys (ConfUtils.java:logGet(46)) - raft.server.rpc.sleep.time = 25ms (default)
2024-08-15 10:19:35,894 [81bac27f-0582-41fc-bc3f-9f968300fa98-groupManagement] INFO  server.RaftServerConfigKeys (ConfUtils.java:logGet(46)) - raft.server.rpc.slowness.timeout = 300000ms (custom)
2024-08-15 10:19:35,894 [81bac27f-0582-41fc-bc3f-9f968300fa98-groupManagement] INFO  server.RaftServerConfigKeys (ConfUtils.java:logGet(46)) - raft.server.leaderelection.leader.step-down.wait-time = 10s (default)
2024-08-15 10:19:35,894 [81bac27f-0582-41fc-bc3f-9f968300fa98-groupManagement] INFO  server.RaftServerConfigKeys (ConfUtils.java:logGet(46)) - raft.server.leaderelection.member.majority-add = false (default)
2024-08-15 10:19:35,894 [81bac27f-0582-41fc-bc3f-9f968300fa98-groupManagement] INFO  server.RaftServerConfigKeys (ConfUtils.java:logGet(46)) - raft.server.sleep.deviation.threshold = 300ms (default)
2024-08-15 10:19:35,894 [81bac27f-0582-41fc-bc3f-9f968300fa98-groupManagement] INFO  server.RaftServer$Division (ServerState.java:<init>(114)) - 81bac27f-0582-41fc-bc3f-9f968300fa98@group-269B51D56F15: ConfigurationManager, init=conf: {index: -1, cur=peers:[6c2c8d64-db13-4196-9e9e-e3b1acb91f99|127.0.0.1:15551, 81bac27f-0582-41fc-bc3f-9f968300fa98|127.0.0.1:15560, c54b81e8-1f41-41f0-8c11-6d721527725f|127.0.0.1:15542]|listeners:[], old=null}, confs=<EMPTY_MAP>
2024-08-15 10:19:35,894 [81bac27f-0582-41fc-bc3f-9f968300fa98-groupManagement] INFO  server.RaftServerConfigKeys (ConfUtils.java:logGet(46)) - raft.server.notification.no-leader.timeout = 300000ms (custom)
2024-08-15 10:19:35,894 [81bac27f-0582-41fc-bc3f-9f968300fa98-groupManagement] INFO  server.RaftServerConfigKeys (ConfUtils.java:logGet(46)) - raft.server.read.timeout = 10s (default)
2024-08-15 10:19:35,894 [81bac27f-0582-41fc-bc3f-9f968300fa98-groupManagement] INFO  server.RaftServerConfigKeys (ConfUtils.java:logGet(46)) - raft.server.retrycache.expirytime = 600000ms (custom)
2024-08-15 10:19:35,894 [81bac27f-0582-41fc-bc3f-9f968300fa98-groupManagement] INFO  server.RaftServerConfigKeys (ConfUtils.java:logGet(46)) - raft.server.retrycache.statistics.expirytime = 100ms (default)
2024-08-15 10:19:35,894 [81bac27f-0582-41fc-bc3f-9f968300fa98-groupManagement] INFO  server.RaftServerConfigKeys (ConfUtils.java:logGet(46)) - raft.server.read.option = DEFAULT (default)
2024-08-15 10:19:35,894 [81bac27f-0582-41fc-bc3f-9f968300fa98-groupManagement] INFO  server.RaftServerConfigKeys (ConfUtils.java:logGet(46)) - raft.server.read.read-after-write-consistent.write-index-cache.expiry-time = 60s (default)
2024-08-15 10:19:35,897 [81bac27f-0582-41fc-bc3f-9f968300fa98-groupManagement] INFO  server.RaftServerConfigKeys (ConfUtils.java:logGet(46)) - raft.server.rpc.request.timeout = 3000ms (default)
2024-08-15 10:19:35,897 [81bac27f-0582-41fc-bc3f-9f968300fa98-groupManagement] INFO  server.RaftServerConfigKeys (ConfUtils.java:logGet(46)) - raft.server.log.appender.install.snapshot.enabled = false (custom)
2024-08-15 10:19:35,897 [81bac27f-0582-41fc-bc3f-9f968300fa98-groupManagement] INFO  server.RaftServerConfigKeys (ConfUtils.java:logGet(46)) - raft.server.threadpool.server.cached = true (default)
2024-08-15 10:19:35,897 [81bac27f-0582-41fc-bc3f-9f968300fa98-groupManagement] INFO  server.RaftServerConfigKeys (ConfUtils.java:logGet(46)) - raft.server.threadpool.server.size = 0 (default)
2024-08-15 10:19:35,897 [81bac27f-0582-41fc-bc3f-9f968300fa98-groupManagement] INFO  server.RaftServerConfigKeys (ConfUtils.java:logGet(46)) - raft.server.threadpool.client.cached = true (default)
2024-08-15 10:19:35,897 [81bac27f-0582-41fc-bc3f-9f968300fa98-groupManagement] INFO  server.RaftServerConfigKeys (ConfUtils.java:logGet(46)) - raft.server.threadpool.client.size = 0 (default)
2024-08-15 10:19:35,897 [81bac27f-0582-41fc-bc3f-9f968300fa98-groupManagement] INFO  server.RaftServerConfigKeys (ConfUtils.java:logGet(46)) - raft.server.storage.free-space.min = 0MB (=0) (default)
2024-08-15 10:19:35,897 [81bac27f-0582-41fc-bc3f-9f968300fa98-groupManagement] INFO  server.RaftServerConfigKeys (ConfUtils.java:logGet(46)) - raft.server.log.corruption.policy = EXCEPTION (default)
2024-08-15 10:19:35,897 [81bac27f-0582-41fc-bc3f-9f968300fa98-groupManagement] INFO  server.RaftServerConfigKeys (ConfUtils.java:logGet(46)) - raft.server.storage.dir = [/home/runner/work/ozone/ozone/hadoop-ozone/integration-test/target/test-dir/MiniOzoneClusterImpl-b6aad0f5-771e-4cba-adce-99e3b3454f11/ozone-meta/datanode-3/ratis] (custom)
2024-08-15 10:19:35,897 [81bac27f-0582-41fc-bc3f-9f968300fa98-groupManagement] INFO  storage.RaftStorageDirectory (RaftStorageDirectoryImpl.java:analyzeStorage(138)) - The storage directory /home/runner/work/ozone/ozone/hadoop-ozone/integration-test/target/test-dir/MiniOzoneClusterImpl-b6aad0f5-771e-4cba-adce-99e3b3454f11/ozone-meta/datanode-3/ratis/51ee1fd2-a1a9-4dcc-ae81-269b51d56f15 does not exist. Creating ...
2024-08-15 10:19:35,899 [81bac27f-0582-41fc-bc3f-9f968300fa98-groupManagement] INFO  storage.RaftStorageDirectory (RaftStorageDirectoryImpl.java:tryLock(229)) - Lock on /home/runner/work/ozone/ozone/hadoop-ozone/integration-test/target/test-dir/MiniOzoneClusterImpl-b6aad0f5-771e-4cba-adce-99e3b3454f11/ozone-meta/datanode-3/ratis/51ee1fd2-a1a9-4dcc-ae81-269b51d56f15/in_use.lock acquired by nodename 113339@fv-az1107-352
2024-08-15 10:19:35,900 [81bac27f-0582-41fc-bc3f-9f968300fa98-groupManagement] INFO  storage.RaftStorage (RaftStorageImpl.java:format(98)) - Storage directory /home/runner/work/ozone/ozone/hadoop-ozone/integration-test/target/test-dir/MiniOzoneClusterImpl-b6aad0f5-771e-4cba-adce-99e3b3454f11/ozone-meta/datanode-3/ratis/51ee1fd2-a1a9-4dcc-ae81-269b51d56f15 has been successfully formatted.
2024-08-15 10:19:35,900 [81bac27f-0582-41fc-bc3f-9f968300fa98-groupManagement] INFO  ratis.ContainerStateMachine (ContainerStateMachine.java:loadSnapshot(295)) - group-269B51D56F15: The snapshot info is null. Setting the last applied index to:(t:0, i:~)
2024-08-15 10:19:35,900 [81bac27f-0582-41fc-bc3f-9f968300fa98-groupManagement] INFO  server.RaftServerConfigKeys (ConfUtils.java:logGet(46)) - raft.server.log.use.memory = false (default)
2024-08-15 10:19:35,900 [81bac27f-0582-41fc-bc3f-9f968300fa98-groupManagement] INFO  server.RaftServerConfigKeys (ConfUtils.java:logGet(46)) - raft.server.log.purge.gap = 1000000 (custom)
2024-08-15 10:19:35,900 [81bac27f-0582-41fc-bc3f-9f968300fa98-groupManagement] INFO  server.RaftServerConfigKeys (ConfUtils.java:logGet(46)) - raft.server.log.appender.buffer.byte-limit = 8388608 (custom)
2024-08-15 10:19:35,900 [81bac27f-0582-41fc-bc3f-9f968300fa98-groupManagement] INFO  server.RaftServerConfigKeys (ConfUtils.java:logGet(46)) - raft.server.log.statemachine.data.read.timeout = 1000ms (default)
2024-08-15 10:19:35,900 [81bac27f-0582-41fc-bc3f-9f968300fa98-groupManagement] INFO  server.RaftServerConfigKeys (ConfUtils.java:logGet(46)) - raft.server.log.purge.preservation.log.num = 0 (default)
2024-08-15 10:19:35,902 [81bac27f-0582-41fc-bc3f-9f968300fa98-groupManagement] INFO  server.RaftServerConfigKeys (ConfUtils.java:logGet(46)) - raft.server.log.segment.size.max = 67108864 (custom)
2024-08-15 10:19:35,902 [81bac27f-0582-41fc-bc3f-9f968300fa98-groupManagement] INFO  server.RaftServerConfigKeys (ConfUtils.java:logGet(46)) - raft.server.log.segment.cache.num.max = 2 (custom)
2024-08-15 10:19:35,902 [81bac27f-0582-41fc-bc3f-9f968300fa98-groupManagement] INFO  server.RaftServerConfigKeys (ConfUtils.java:logGet(46)) - raft.server.log.segment.cache.size.max = 200MB (=209715200) (default)
2024-08-15 10:19:35,902 [81bac27f-0582-41fc-bc3f-9f968300fa98-groupManagement] INFO  server.RaftServerConfigKeys (ConfUtils.java:logGet(46)) - raft.server.log.appender.buffer.byte-limit = 8388608 (custom)
2024-08-15 10:19:35,903 [81bac27f-0582-41fc-bc3f-9f968300fa98-groupManagement] INFO  util.AwaitToRun (AwaitToRun.java:start(81)) - Thread[81bac27f-0582-41fc-bc3f-9f968300fa98@group-269B51D56F15-cacheEviction-AwaitToRun,5,main] started
2024-08-15 10:19:35,903 [81bac27f-0582-41fc-bc3f-9f968300fa98-groupManagement] INFO  segmented.SegmentedRaftLogWorker (SegmentedRaftLogWorker.java:<init>(184)) - new 81bac27f-0582-41fc-bc3f-9f968300fa98@group-269B51D56F15-SegmentedRaftLogWorker for RaftStorageImpl:Storage Directory /home/runner/work/ozone/ozone/hadoop-ozone/integration-test/target/test-dir/MiniOzoneClusterImpl-b6aad0f5-771e-4cba-adce-99e3b3454f11/ozone-meta/datanode-3/ratis/51ee1fd2-a1a9-4dcc-ae81-269b51d56f15
2024-08-15 10:19:35,903 [81bac27f-0582-41fc-bc3f-9f968300fa98-groupManagement] INFO  server.RaftServerConfigKeys (ConfUtils.java:logGet(46)) - raft.server.log.queue.byte-limit = 4294967296 (custom)
2024-08-15 10:19:35,903 [81bac27f-0582-41fc-bc3f-9f968300fa98-groupManagement] INFO  server.RaftServerConfigKeys (ConfUtils.java:logGet(46)) - raft.server.log.queue.element-limit = 1024 (custom)
2024-08-15 10:19:35,903 [81bac27f-0582-41fc-bc3f-9f968300fa98-groupManagement] INFO  server.RaftServerConfigKeys (ConfUtils.java:logGet(46)) - raft.server.log.segment.size.max = 67108864 (custom)
2024-08-15 10:19:35,903 [81bac27f-0582-41fc-bc3f-9f968300fa98-groupManagement] INFO  server.RaftServerConfigKeys (ConfUtils.java:logGet(46)) - raft.server.log.preallocated.size = 4194304 (custom)
2024-08-15 10:19:35,903 [81bac27f-0582-41fc-bc3f-9f968300fa98-groupManagement] INFO  server.RaftServerConfigKeys (ConfUtils.java:logGet(46)) - raft.server.log.force.sync.num = 128 (default)
2024-08-15 10:19:35,903 [81bac27f-0582-41fc-bc3f-9f968300fa98-groupManagement] INFO  server.RaftServerConfigKeys (ConfUtils.java:logGet(46)) - raft.server.log.statemachine.data.sync = true (default)
2024-08-15 10:19:35,903 [81bac27f-0582-41fc-bc3f-9f968300fa98-groupManagement] INFO  server.RaftServerConfigKeys (ConfUtils.java:logGet(46)) - raft.server.log.statemachine.data.sync.timeout = 10s (default)
2024-08-15 10:19:35,903 [81bac27f-0582-41fc-bc3f-9f968300fa98-groupManagement] INFO  server.RaftServerConfigKeys (ConfUtils.java:logGet(46)) - raft.server.log.statemachine.data.sync.timeout.retry = 30 (custom)
2024-08-15 10:19:35,903 [81bac27f-0582-41fc-bc3f-9f968300fa98-groupManagement] INFO  server.RaftServerConfigKeys (ConfUtils.java:logGet(46)) - raft.server.log.write.buffer.size = 8388616 (custom)
2024-08-15 10:19:35,905 [81bac27f-0582-41fc-bc3f-9f968300fa98-groupManagement] INFO  server.RaftServerConfigKeys (ConfUtils.java:logGet(46)) - raft.server.log.appender.buffer.byte-limit = 8388608 (custom)
2024-08-15 10:19:35,905 [81bac27f-0582-41fc-bc3f-9f968300fa98-groupManagement] INFO  server.RaftServerConfigKeys (ConfUtils.java:logGet(46)) - raft.server.log.unsafe-flush.enabled = false (default)
2024-08-15 10:19:35,905 [81bac27f-0582-41fc-bc3f-9f968300fa98-groupManagement] INFO  server.RaftServerConfigKeys (ConfUtils.java:logGet(46)) - raft.server.log.async-flush.enabled = false (default)
2024-08-15 10:19:35,905 [81bac27f-0582-41fc-bc3f-9f968300fa98-groupManagement] INFO  server.RaftServerConfigKeys (ConfUtils.java:logGet(46)) - raft.server.log.statemachine.data.caching.enabled = true (custom)
2024-08-15 10:19:35,905 [81bac27f-0582-41fc-bc3f-9f968300fa98-groupManagement] INFO  segmented.SegmentedRaftLogWorker (SegmentedRaftLogWorker.java:lambda$new$0(135)) - 81bac27f-0582-41fc-bc3f-9f968300fa98@group-269B51D56F15-SegmentedRaftLogWorker: flushIndex: setUnconditionally 0 -> -1
2024-08-15 10:19:35,905 [81bac27f-0582-41fc-bc3f-9f968300fa98-groupManagement] INFO  segmented.SegmentedRaftLogWorker (SegmentedRaftLogWorker.java:lambda$new$0(135)) - 81bac27f-0582-41fc-bc3f-9f968300fa98@group-269B51D56F15-SegmentedRaftLogWorker: safeCacheEvictIndex: setUnconditionally 0 -> -1
2024-08-15 10:19:35,905 [81bac27f-0582-41fc-bc3f-9f968300fa98-groupManagement] INFO  server.RaftServer$Division (RaftServerImpl.java:start(389)) - 81bac27f-0582-41fc-bc3f-9f968300fa98@group-269B51D56F15: start as a follower, conf=conf: {index: -1, cur=peers:[6c2c8d64-db13-4196-9e9e-e3b1acb91f99|127.0.0.1:15551, 81bac27f-0582-41fc-bc3f-9f968300fa98|127.0.0.1:15560, c54b81e8-1f41-41f0-8c11-6d721527725f|127.0.0.1:15542]|listeners:[], old=null}
2024-08-15 10:19:35,906 [81bac27f-0582-41fc-bc3f-9f968300fa98-groupManagement] INFO  server.RaftServer$Division (RaftServerImpl.java:setRole(376)) - 81bac27f-0582-41fc-bc3f-9f968300fa98@group-269B51D56F15: changes role from      null to FOLLOWER at term 0 for startAsFollower
2024-08-15 10:19:35,906 [81bac27f-0582-41fc-bc3f-9f968300fa98-groupManagement] INFO  impl.RoleInfo (RoleInfo.java:updateAndGet(148)) - 81bac27f-0582-41fc-bc3f-9f968300fa98: start 81bac27f-0582-41fc-bc3f-9f968300fa98@group-269B51D56F15-FollowerState
2024-08-15 10:19:35,906 [81bac27f-0582-41fc-bc3f-9f968300fa98@group-269B51D56F15-FollowerState] INFO  server.RaftServerConfigKeys (ConfUtils.java:logFallback(53)) - raft.server.rpc.first-election.timeout.min = 5s (fallback to raft.server.rpc.timeout.min)
2024-08-15 10:19:35,906 [81bac27f-0582-41fc-bc3f-9f968300fa98-groupManagement] INFO  util.JmxRegister (JmxRegister.java:tryRegister(44)) - Successfully registered JMX Bean with object name Ratis:service=RaftServer,group=group-269B51D56F15,id=81bac27f-0582-41fc-bc3f-9f968300fa98
2024-08-15 10:19:35,906 [81bac27f-0582-41fc-bc3f-9f968300fa98-groupManagement] INFO  util.JmxRegister (JmxRegister.java:register(58)) - register mxBean class org.apache.ratis.server.impl.RaftServerJmxAdapter as Ratis:service=RaftServer,group=group-269B51D56F15,id=81bac27f-0582-41fc-bc3f-9f968300fa98
2024-08-15 10:19:35,906 [81bac27f-0582-41fc-bc3f-9f968300fa98-groupManagement] INFO  server.RaftServerConfigKeys (ConfUtils.java:logGet(46)) - raft.server.snapshot.trigger-when-stop.enabled = true (default)
2024-08-15 10:19:35,906 [81bac27f-0582-41fc-bc3f-9f968300fa98-groupManagement] INFO  server.RaftServerConfigKeys (ConfUtils.java:logGet(46)) - raft.server.snapshot.trigger-when-remove.enabled = true (default)
2024-08-15 10:19:35,906 [81bac27f-0582-41fc-bc3f-9f968300fa98-groupManagement] INFO  server.RaftServerConfigKeys (ConfUtils.java:logGet(46)) - raft.server.snapshot.auto.trigger.enabled = true (custom)
2024-08-15 10:19:35,906 [81bac27f-0582-41fc-bc3f-9f968300fa98-groupManagement] INFO  server.RaftServerConfigKeys (ConfUtils.java:logGet(46)) - raft.server.snapshot.auto.trigger.threshold = 10000 (custom)
2024-08-15 10:19:35,906 [81bac27f-0582-41fc-bc3f-9f968300fa98-groupManagement] INFO  server.RaftServerConfigKeys (ConfUtils.java:logGet(46)) - raft.server.snapshot.retention.file.num = 5 (custom)
2024-08-15 10:19:35,906 [81bac27f-0582-41fc-bc3f-9f968300fa98-groupManagement] INFO  server.RaftServerConfigKeys (ConfUtils.java:logGet(46)) - raft.server.log.purge.upto.snapshot.index = false (default)
2024-08-15 10:19:35,906 [81bac27f-0582-41fc-bc3f-9f968300fa98@group-269B51D56F15-FollowerState] INFO  server.RaftServerConfigKeys (ConfUtils.java:logFallback(53)) - raft.server.rpc.first-election.timeout.max = 5200ms (fallback to raft.server.rpc.timeout.max)
2024-08-15 10:19:35,912 [grpc-default-executor-6] INFO  server.RaftServer (RaftServerProxy.java:addNew(101)) - 6c2c8d64-db13-4196-9e9e-e3b1acb91f99: addNew group-269B51D56F15:[6c2c8d64-db13-4196-9e9e-e3b1acb91f99|127.0.0.1:15551, 81bac27f-0582-41fc-bc3f-9f968300fa98|127.0.0.1:15560, c54b81e8-1f41-41f0-8c11-6d721527725f|127.0.0.1:15542] returns group-269B51D56F15:java.util.concurrent.CompletableFuture@4160ab6d[Not completed]
2024-08-15 10:19:35,913 [6c2c8d64-db13-4196-9e9e-e3b1acb91f99-groupManagement] INFO  server.RaftServer$Division (RaftServerImpl.java:<init>(253)) - 6c2c8d64-db13-4196-9e9e-e3b1acb91f99: new RaftServerImpl for group-269B51D56F15:[6c2c8d64-db13-4196-9e9e-e3b1acb91f99|127.0.0.1:15551, 81bac27f-0582-41fc-bc3f-9f968300fa98|127.0.0.1:15560, c54b81e8-1f41-41f0-8c11-6d721527725f|127.0.0.1:15542] with ContainerStateMachine:uninitialized
2024-08-15 10:19:35,913 [6c2c8d64-db13-4196-9e9e-e3b1acb91f99-groupManagement] INFO  server.RaftServerConfigKeys (ConfUtils.java:logGet(46)) - raft.server.rpc.timeout.min = 5s (custom)
2024-08-15 10:19:35,913 [6c2c8d64-db13-4196-9e9e-e3b1acb91f99-groupManagement] INFO  server.RaftServerConfigKeys (ConfUtils.java:logGet(46)) - raft.server.rpc.timeout.max = 5200ms (custom)
2024-08-15 10:19:35,913 [6c2c8d64-db13-4196-9e9e-e3b1acb91f99-groupManagement] INFO  server.RaftServerConfigKeys (ConfUtils.java:logGet(46)) - raft.server.rpc.sleep.time = 25ms (default)
2024-08-15 10:19:35,913 [6c2c8d64-db13-4196-9e9e-e3b1acb91f99-groupManagement] INFO  server.RaftServerConfigKeys (ConfUtils.java:logGet(46)) - raft.server.rpc.slowness.timeout = 300000ms (custom)
2024-08-15 10:19:35,913 [6c2c8d64-db13-4196-9e9e-e3b1acb91f99-groupManagement] INFO  server.RaftServerConfigKeys (ConfUtils.java:logGet(46)) - raft.server.leaderelection.leader.step-down.wait-time = 10s (default)
2024-08-15 10:19:35,913 [6c2c8d64-db13-4196-9e9e-e3b1acb91f99-groupManagement] INFO  server.RaftServerConfigKeys (ConfUtils.java:logGet(46)) - raft.server.leaderelection.member.majority-add = false (default)
2024-08-15 10:19:35,913 [6c2c8d64-db13-4196-9e9e-e3b1acb91f99-groupManagement] INFO  server.RaftServerConfigKeys (ConfUtils.java:logGet(46)) - raft.server.sleep.deviation.threshold = 300ms (default)
2024-08-15 10:19:35,913 [6c2c8d64-db13-4196-9e9e-e3b1acb91f99-groupManagement] INFO  server.RaftServer$Division (ServerState.java:<init>(114)) - 6c2c8d64-db13-4196-9e9e-e3b1acb91f99@group-269B51D56F15: ConfigurationManager, init=conf: {index: -1, cur=peers:[6c2c8d64-db13-4196-9e9e-e3b1acb91f99|127.0.0.1:15551, 81bac27f-0582-41fc-bc3f-9f968300fa98|127.0.0.1:15560, c54b81e8-1f41-41f0-8c11-6d721527725f|127.0.0.1:15542]|listeners:[], old=null}, confs=<EMPTY_MAP>
2024-08-15 10:19:35,913 [6c2c8d64-db13-4196-9e9e-e3b1acb91f99-groupManagement] INFO  server.RaftServerConfigKeys (ConfUtils.java:logGet(46)) - raft.server.notification.no-leader.timeout = 300000ms (custom)
2024-08-15 10:19:35,913 [6c2c8d64-db13-4196-9e9e-e3b1acb91f99-groupManagement] INFO  server.RaftServerConfigKeys (ConfUtils.java:logGet(46)) - raft.server.read.timeout = 10s (default)
2024-08-15 10:19:35,913 [6c2c8d64-db13-4196-9e9e-e3b1acb91f99-groupManagement] INFO  server.RaftServerConfigKeys (ConfUtils.java:logGet(46)) - raft.server.retrycache.expirytime = 600000ms (custom)
2024-08-15 10:19:35,913 [6c2c8d64-db13-4196-9e9e-e3b1acb91f99-groupManagement] INFO  server.RaftServerConfigKeys (ConfUtils.java:logGet(46)) - raft.server.retrycache.statistics.expirytime = 100ms (default)
2024-08-15 10:19:35,914 [6c2c8d64-db13-4196-9e9e-e3b1acb91f99-groupManagement] INFO  server.RaftServerConfigKeys (ConfUtils.java:logGet(46)) - raft.server.read.option = DEFAULT (default)
2024-08-15 10:19:35,914 [6c2c8d64-db13-4196-9e9e-e3b1acb91f99-groupManagement] INFO  server.RaftServerConfigKeys (ConfUtils.java:logGet(46)) - raft.server.read.read-after-write-consistent.write-index-cache.expiry-time = 60s (default)
2024-08-15 10:19:35,917 [6c2c8d64-db13-4196-9e9e-e3b1acb91f99-groupManagement] INFO  server.RaftServerConfigKeys (ConfUtils.java:logGet(46)) - raft.server.rpc.request.timeout = 3000ms (default)
2024-08-15 10:19:35,917 [6c2c8d64-db13-4196-9e9e-e3b1acb91f99-groupManagement] INFO  server.RaftServerConfigKeys (ConfUtils.java:logGet(46)) - raft.server.log.appender.install.snapshot.enabled = false (custom)
2024-08-15 10:19:35,918 [6c2c8d64-db13-4196-9e9e-e3b1acb91f99-groupManagement] INFO  server.RaftServerConfigKeys (ConfUtils.java:logGet(46)) - raft.server.threadpool.server.cached = true (default)
2024-08-15 10:19:35,918 [6c2c8d64-db13-4196-9e9e-e3b1acb91f99-groupManagement] INFO  server.RaftServerConfigKeys (ConfUtils.java:logGet(46)) - raft.server.threadpool.server.size = 0 (default)
2024-08-15 10:19:35,918 [6c2c8d64-db13-4196-9e9e-e3b1acb91f99-groupManagement] INFO  server.RaftServerConfigKeys (ConfUtils.java:logGet(46)) - raft.server.threadpool.client.cached = true (default)
2024-08-15 10:19:35,918 [6c2c8d64-db13-4196-9e9e-e3b1acb91f99-groupManagement] INFO  server.RaftServerConfigKeys (ConfUtils.java:logGet(46)) - raft.server.threadpool.client.size = 0 (default)
2024-08-15 10:19:35,918 [6c2c8d64-db13-4196-9e9e-e3b1acb91f99-groupManagement] INFO  server.RaftServerConfigKeys (ConfUtils.java:logGet(46)) - raft.server.storage.free-space.min = 0MB (=0) (default)
2024-08-15 10:19:35,918 [6c2c8d64-db13-4196-9e9e-e3b1acb91f99-groupManagement] INFO  server.RaftServerConfigKeys (ConfUtils.java:logGet(46)) - raft.server.log.corruption.policy = EXCEPTION (default)
2024-08-15 10:19:35,918 [6c2c8d64-db13-4196-9e9e-e3b1acb91f99-groupManagement] INFO  server.RaftServerConfigKeys (ConfUtils.java:logGet(46)) - raft.server.storage.dir = [/home/runner/work/ozone/ozone/hadoop-ozone/integration-test/target/test-dir/MiniOzoneClusterImpl-b6aad0f5-771e-4cba-adce-99e3b3454f11/ozone-meta/datanode-2/ratis] (custom)
2024-08-15 10:19:35,918 [6c2c8d64-db13-4196-9e9e-e3b1acb91f99-groupManagement] INFO  storage.RaftStorageDirectory (RaftStorageDirectoryImpl.java:analyzeStorage(138)) - The storage directory /home/runner/work/ozone/ozone/hadoop-ozone/integration-test/target/test-dir/MiniOzoneClusterImpl-b6aad0f5-771e-4cba-adce-99e3b3454f11/ozone-meta/datanode-2/ratis/51ee1fd2-a1a9-4dcc-ae81-269b51d56f15 does not exist. Creating ...
2024-08-15 10:19:35,919 [6c2c8d64-db13-4196-9e9e-e3b1acb91f99-groupManagement] INFO  storage.RaftStorageDirectory (RaftStorageDirectoryImpl.java:tryLock(229)) - Lock on /home/runner/work/ozone/ozone/hadoop-ozone/integration-test/target/test-dir/MiniOzoneClusterImpl-b6aad0f5-771e-4cba-adce-99e3b3454f11/ozone-meta/datanode-2/ratis/51ee1fd2-a1a9-4dcc-ae81-269b51d56f15/in_use.lock acquired by nodename 113339@fv-az1107-352
2024-08-15 10:19:35,921 [6c2c8d64-db13-4196-9e9e-e3b1acb91f99-groupManagement] INFO  storage.RaftStorage (RaftStorageImpl.java:format(98)) - Storage directory /home/runner/work/ozone/ozone/hadoop-ozone/integration-test/target/test-dir/MiniOzoneClusterImpl-b6aad0f5-771e-4cba-adce-99e3b3454f11/ozone-meta/datanode-2/ratis/51ee1fd2-a1a9-4dcc-ae81-269b51d56f15 has been successfully formatted.
2024-08-15 10:19:35,921 [6c2c8d64-db13-4196-9e9e-e3b1acb91f99-groupManagement] INFO  ratis.ContainerStateMachine (ContainerStateMachine.java:loadSnapshot(295)) - group-269B51D56F15: The snapshot info is null. Setting the last applied index to:(t:0, i:~)
2024-08-15 10:19:35,922 [6c2c8d64-db13-4196-9e9e-e3b1acb91f99-groupManagement] INFO  server.RaftServerConfigKeys (ConfUtils.java:logGet(46)) - raft.server.log.use.memory = false (default)
2024-08-15 10:19:35,922 [6c2c8d64-db13-4196-9e9e-e3b1acb91f99-groupManagement] INFO  server.RaftServerConfigKeys (ConfUtils.java:logGet(46)) - raft.server.log.purge.gap = 1000000 (custom)
2024-08-15 10:19:35,922 [6c2c8d64-db13-4196-9e9e-e3b1acb91f99-groupManagement] INFO  server.RaftServerConfigKeys (ConfUtils.java:logGet(46)) - raft.server.log.appender.buffer.byte-limit = 8388608 (custom)
2024-08-15 10:19:35,922 [6c2c8d64-db13-4196-9e9e-e3b1acb91f99-groupManagement] INFO  server.RaftServerConfigKeys (ConfUtils.java:logGet(46)) - raft.server.log.statemachine.data.read.timeout = 1000ms (default)
2024-08-15 10:19:35,922 [6c2c8d64-db13-4196-9e9e-e3b1acb91f99-groupManagement] INFO  server.RaftServerConfigKeys (ConfUtils.java:logGet(46)) - raft.server.log.purge.preservation.log.num = 0 (default)
2024-08-15 10:19:35,923 [6c2c8d64-db13-4196-9e9e-e3b1acb91f99-groupManagement] INFO  server.RaftServerConfigKeys (ConfUtils.java:logGet(46)) - raft.server.log.segment.size.max = 67108864 (custom)
2024-08-15 10:19:35,924 [6c2c8d64-db13-4196-9e9e-e3b1acb91f99-groupManagement] INFO  server.RaftServerConfigKeys (ConfUtils.java:logGet(46)) - raft.server.log.segment.cache.num.max = 2 (custom)
2024-08-15 10:19:35,924 [6c2c8d64-db13-4196-9e9e-e3b1acb91f99-groupManagement] INFO  server.RaftServerConfigKeys (ConfUtils.java:logGet(46)) - raft.server.log.segment.cache.size.max = 200MB (=209715200) (default)
2024-08-15 10:19:35,924 [6c2c8d64-db13-4196-9e9e-e3b1acb91f99-groupManagement] INFO  server.RaftServerConfigKeys (ConfUtils.java:logGet(46)) - raft.server.log.appender.buffer.byte-limit = 8388608 (custom)
2024-08-15 10:19:35,924 [6c2c8d64-db13-4196-9e9e-e3b1acb91f99-groupManagement] INFO  util.AwaitToRun (AwaitToRun.java:start(81)) - Thread[6c2c8d64-db13-4196-9e9e-e3b1acb91f99@group-269B51D56F15-cacheEviction-AwaitToRun,5,main] started
2024-08-15 10:19:35,924 [6c2c8d64-db13-4196-9e9e-e3b1acb91f99-groupManagement] INFO  segmented.SegmentedRaftLogWorker (SegmentedRaftLogWorker.java:<init>(184)) - new 6c2c8d64-db13-4196-9e9e-e3b1acb91f99@group-269B51D56F15-SegmentedRaftLogWorker for RaftStorageImpl:Storage Directory /home/runner/work/ozone/ozone/hadoop-ozone/integration-test/target/test-dir/MiniOzoneClusterImpl-b6aad0f5-771e-4cba-adce-99e3b3454f11/ozone-meta/datanode-2/ratis/51ee1fd2-a1a9-4dcc-ae81-269b51d56f15
2024-08-15 10:19:35,924 [6c2c8d64-db13-4196-9e9e-e3b1acb91f99-groupManagement] INFO  server.RaftServerConfigKeys (ConfUtils.java:logGet(46)) - raft.server.log.queue.byte-limit = 4294967296 (custom)
2024-08-15 10:19:35,924 [6c2c8d64-db13-4196-9e9e-e3b1acb91f99-groupManagement] INFO  server.RaftServerConfigKeys (ConfUtils.java:logGet(46)) - raft.server.log.queue.element-limit = 1024 (custom)
2024-08-15 10:19:35,924 [6c2c8d64-db13-4196-9e9e-e3b1acb91f99-groupManagement] INFO  server.RaftServerConfigKeys (ConfUtils.java:logGet(46)) - raft.server.log.segment.size.max = 67108864 (custom)
2024-08-15 10:19:35,925 [6c2c8d64-db13-4196-9e9e-e3b1acb91f99-groupManagement] INFO  server.RaftServerConfigKeys (ConfUtils.java:logGet(46)) - raft.server.log.preallocated.size = 4194304 (custom)
2024-08-15 10:19:35,925 [6c2c8d64-db13-4196-9e9e-e3b1acb91f99-groupManagement] INFO  server.RaftServerConfigKeys (ConfUtils.java:logGet(46)) - raft.server.log.force.sync.num = 128 (default)
2024-08-15 10:19:35,925 [6c2c8d64-db13-4196-9e9e-e3b1acb91f99-groupManagement] INFO  server.RaftServerConfigKeys (ConfUtils.java:logGet(46)) - raft.server.log.statemachine.data.sync = true (default)
2024-08-15 10:19:35,925 [6c2c8d64-db13-4196-9e9e-e3b1acb91f99-groupManagement] INFO  server.RaftServerConfigKeys (ConfUtils.java:logGet(46)) - raft.server.log.statemachine.data.sync.timeout = 10s (default)
2024-08-15 10:19:35,925 [6c2c8d64-db13-4196-9e9e-e3b1acb91f99-groupManagement] INFO  server.RaftServerConfigKeys (ConfUtils.java:logGet(46)) - raft.server.log.statemachine.data.sync.timeout.retry = 30 (custom)
2024-08-15 10:19:35,926 [6c2c8d64-db13-4196-9e9e-e3b1acb91f99-groupManagement] INFO  server.RaftServerConfigKeys (ConfUtils.java:logGet(46)) - raft.server.log.write.buffer.size = 8388616 (custom)
2024-08-15 10:19:35,927 [6c2c8d64-db13-4196-9e9e-e3b1acb91f99-groupManagement] INFO  server.RaftServerConfigKeys (ConfUtils.java:logGet(46)) - raft.server.log.appender.buffer.byte-limit = 8388608 (custom)
2024-08-15 10:19:35,927 [6c2c8d64-db13-4196-9e9e-e3b1acb91f99-groupManagement] INFO  server.RaftServerConfigKeys (ConfUtils.java:logGet(46)) - raft.server.log.unsafe-flush.enabled = false (default)
2024-08-15 10:19:35,928 [6c2c8d64-db13-4196-9e9e-e3b1acb91f99-groupManagement] INFO  server.RaftServerConfigKeys (ConfUtils.java:logGet(46)) - raft.server.log.async-flush.enabled = false (default)
2024-08-15 10:19:35,928 [6c2c8d64-db13-4196-9e9e-e3b1acb91f99-groupManagement] INFO  server.RaftServerConfigKeys (ConfUtils.java:logGet(46)) - raft.server.log.statemachine.data.caching.enabled = true (custom)
2024-08-15 10:19:35,928 [6c2c8d64-db13-4196-9e9e-e3b1acb91f99-groupManagement] INFO  segmented.SegmentedRaftLogWorker (SegmentedRaftLogWorker.java:lambda$new$0(135)) - 6c2c8d64-db13-4196-9e9e-e3b1acb91f99@group-269B51D56F15-SegmentedRaftLogWorker: flushIndex: setUnconditionally 0 -> -1
2024-08-15 10:19:35,928 [6c2c8d64-db13-4196-9e9e-e3b1acb91f99-groupManagement] INFO  segmented.SegmentedRaftLogWorker (SegmentedRaftLogWorker.java:lambda$new$0(135)) - 6c2c8d64-db13-4196-9e9e-e3b1acb91f99@group-269B51D56F15-SegmentedRaftLogWorker: safeCacheEvictIndex: setUnconditionally 0 -> -1
2024-08-15 10:19:35,928 [6c2c8d64-db13-4196-9e9e-e3b1acb91f99-groupManagement] INFO  server.RaftServer$Division (RaftServerImpl.java:start(389)) - 6c2c8d64-db13-4196-9e9e-e3b1acb91f99@group-269B51D56F15: start as a follower, conf=conf: {index: -1, cur=peers:[6c2c8d64-db13-4196-9e9e-e3b1acb91f99|127.0.0.1:15551, 81bac27f-0582-41fc-bc3f-9f968300fa98|127.0.0.1:15560, c54b81e8-1f41-41f0-8c11-6d721527725f|127.0.0.1:15542]|listeners:[], old=null}
2024-08-15 10:19:35,928 [6c2c8d64-db13-4196-9e9e-e3b1acb91f99-groupManagement] INFO  server.RaftServer$Division (RaftServerImpl.java:setRole(376)) - 6c2c8d64-db13-4196-9e9e-e3b1acb91f99@group-269B51D56F15: changes role from      null to FOLLOWER at term 0 for startAsFollower
2024-08-15 10:19:35,928 [6c2c8d64-db13-4196-9e9e-e3b1acb91f99-groupManagement] INFO  impl.RoleInfo (RoleInfo.java:updateAndGet(148)) - 6c2c8d64-db13-4196-9e9e-e3b1acb91f99: start 6c2c8d64-db13-4196-9e9e-e3b1acb91f99@group-269B51D56F15-FollowerState
2024-08-15 10:19:35,928 [6c2c8d64-db13-4196-9e9e-e3b1acb91f99@group-269B51D56F15-FollowerState] INFO  server.RaftServerConfigKeys (ConfUtils.java:logFallback(53)) - raft.server.rpc.first-election.timeout.min = 5s (fallback to raft.server.rpc.timeout.min)
2024-08-15 10:19:35,929 [6c2c8d64-db13-4196-9e9e-e3b1acb91f99@group-269B51D56F15-FollowerState] INFO  server.RaftServerConfigKeys (ConfUtils.java:logFallback(53)) - raft.server.rpc.first-election.timeout.max = 5200ms (fallback to raft.server.rpc.timeout.max)
2024-08-15 10:19:35,928 [6c2c8d64-db13-4196-9e9e-e3b1acb91f99-groupManagement] INFO  util.JmxRegister (JmxRegister.java:tryRegister(44)) - Successfully registered JMX Bean with object name Ratis:service=RaftServer,group=group-269B51D56F15,id=6c2c8d64-db13-4196-9e9e-e3b1acb91f99
2024-08-15 10:19:35,929 [6c2c8d64-db13-4196-9e9e-e3b1acb91f99-groupManagement] INFO  util.JmxRegister (JmxRegister.java:register(58)) - register mxBean class org.apache.ratis.server.impl.RaftServerJmxAdapter as Ratis:service=RaftServer,group=group-269B51D56F15,id=6c2c8d64-db13-4196-9e9e-e3b1acb91f99
2024-08-15 10:19:35,929 [6c2c8d64-db13-4196-9e9e-e3b1acb91f99-groupManagement] INFO  server.RaftServerConfigKeys (ConfUtils.java:logGet(46)) - raft.server.snapshot.trigger-when-stop.enabled = true (default)
2024-08-15 10:19:35,929 [6c2c8d64-db13-4196-9e9e-e3b1acb91f99-groupManagement] INFO  server.RaftServerConfigKeys (ConfUtils.java:logGet(46)) - raft.server.snapshot.trigger-when-remove.enabled = true (default)
2024-08-15 10:19:35,929 [6c2c8d64-db13-4196-9e9e-e3b1acb91f99-groupManagement] INFO  server.RaftServerConfigKeys (ConfUtils.java:logGet(46)) - raft.server.snapshot.auto.trigger.enabled = true (custom)
2024-08-15 10:19:35,929 [6c2c8d64-db13-4196-9e9e-e3b1acb91f99-groupManagement] INFO  server.RaftServerConfigKeys (ConfUtils.java:logGet(46)) - raft.server.snapshot.auto.trigger.threshold = 10000 (custom)
2024-08-15 10:19:35,929 [6c2c8d64-db13-4196-9e9e-e3b1acb91f99-groupManagement] INFO  server.RaftServerConfigKeys (ConfUtils.java:logGet(46)) - raft.server.snapshot.retention.file.num = 5 (custom)
2024-08-15 10:19:35,929 [6c2c8d64-db13-4196-9e9e-e3b1acb91f99-groupManagement] INFO  server.RaftServerConfigKeys (ConfUtils.java:logGet(46)) - raft.server.log.purge.upto.snapshot.index = false (default)
2024-08-15 10:19:35,938 [c54b81e8-1f41-41f0-8c11-6d721527725f-PipelineCommandHandlerThread-0] INFO  commandhandler.CreatePipelineCommandHandler (CreatePipelineCommandHandler.java:lambda$handle$2(124)) - Created Pipeline RATIS THREE PipelineID=51ee1fd2-a1a9-4dcc-ae81-269b51d56f15.
2024-08-15 10:19:35,939 [c54b81e8-1f41-41f0-8c11-6d721527725f-PipelineCommandHandlerThread-0] INFO  server.RaftServer (RaftServerProxy.java:addNew(101)) - c54b81e8-1f41-41f0-8c11-6d721527725f: addNew group-788E4CDB4749:[6c2c8d64-db13-4196-9e9e-e3b1acb91f99|127.0.0.1:15551, 81bac27f-0582-41fc-bc3f-9f968300fa98|127.0.0.1:15560, c54b81e8-1f41-41f0-8c11-6d721527725f|127.0.0.1:15542] returns group-788E4CDB4749:java.util.concurrent.CompletableFuture@4b6dd159[Not completed]
2024-08-15 10:19:35,939 [c54b81e8-1f41-41f0-8c11-6d721527725f-groupManagement] INFO  server.RaftServer$Division (RaftServerImpl.java:<init>(253)) - c54b81e8-1f41-41f0-8c11-6d721527725f: new RaftServerImpl for group-788E4CDB4749:[6c2c8d64-db13-4196-9e9e-e3b1acb91f99|127.0.0.1:15551, 81bac27f-0582-41fc-bc3f-9f968300fa98|127.0.0.1:15560, c54b81e8-1f41-41f0-8c11-6d721527725f|127.0.0.1:15542] with ContainerStateMachine:uninitialized
2024-08-15 10:19:35,939 [c54b81e8-1f41-41f0-8c11-6d721527725f-groupManagement] INFO  server.RaftServerConfigKeys (ConfUtils.java:logGet(46)) - raft.server.rpc.timeout.min = 5s (custom)
2024-08-15 10:19:35,939 [c54b81e8-1f41-41f0-8c11-6d721527725f-groupManagement] INFO  server.RaftServerConfigKeys (ConfUtils.java:logGet(46)) - raft.server.rpc.timeout.max = 5200ms (custom)
2024-08-15 10:19:35,939 [c54b81e8-1f41-41f0-8c11-6d721527725f-groupManagement] INFO  server.RaftServerConfigKeys (ConfUtils.java:logGet(46)) - raft.server.rpc.sleep.time = 25ms (default)
2024-08-15 10:19:35,939 [c54b81e8-1f41-41f0-8c11-6d721527725f-groupManagement] INFO  server.RaftServerConfigKeys (ConfUtils.java:logGet(46)) - raft.server.rpc.slowness.timeout = 300000ms (custom)
2024-08-15 10:19:35,939 [c54b81e8-1f41-41f0-8c11-6d721527725f-groupManagement] INFO  server.RaftServerConfigKeys (ConfUtils.java:logGet(46)) - raft.server.leaderelection.leader.step-down.wait-time = 10s (default)
2024-08-15 10:19:35,939 [c54b81e8-1f41-41f0-8c11-6d721527725f-groupManagement] INFO  server.RaftServerConfigKeys (ConfUtils.java:logGet(46)) - raft.server.leaderelection.member.majority-add = false (default)
2024-08-15 10:19:35,939 [c54b81e8-1f41-41f0-8c11-6d721527725f-groupManagement] INFO  server.RaftServerConfigKeys (ConfUtils.java:logGet(46)) - raft.server.sleep.deviation.threshold = 300ms (default)
2024-08-15 10:19:35,939 [c54b81e8-1f41-41f0-8c11-6d721527725f-groupManagement] INFO  server.RaftServer$Division (ServerState.java:<init>(114)) - c54b81e8-1f41-41f0-8c11-6d721527725f@group-788E4CDB4749: ConfigurationManager, init=conf: {index: -1, cur=peers:[6c2c8d64-db13-4196-9e9e-e3b1acb91f99|127.0.0.1:15551, 81bac27f-0582-41fc-bc3f-9f968300fa98|127.0.0.1:15560, c54b81e8-1f41-41f0-8c11-6d721527725f|127.0.0.1:15542]|listeners:[], old=null}, confs=<EMPTY_MAP>
2024-08-15 10:19:35,939 [c54b81e8-1f41-41f0-8c11-6d721527725f-groupManagement] INFO  server.RaftServerConfigKeys (ConfUtils.java:logGet(46)) - raft.server.notification.no-leader.timeout = 300000ms (custom)
2024-08-15 10:19:35,939 [c54b81e8-1f41-41f0-8c11-6d721527725f-groupManagement] INFO  server.RaftServerConfigKeys (ConfUtils.java:logGet(46)) - raft.server.read.timeout = 10s (default)
2024-08-15 10:19:35,939 [c54b81e8-1f41-41f0-8c11-6d721527725f-groupManagement] INFO  server.RaftServerConfigKeys (ConfUtils.java:logGet(46)) - raft.server.retrycache.expirytime = 600000ms (custom)
2024-08-15 10:19:35,939 [c54b81e8-1f41-41f0-8c11-6d721527725f-groupManagement] INFO  server.RaftServerConfigKeys (ConfUtils.java:logGet(46)) - raft.server.retrycache.statistics.expirytime = 100ms (default)
2024-08-15 10:19:35,939 [c54b81e8-1f41-41f0-8c11-6d721527725f-groupManagement] INFO  server.RaftServerConfigKeys (ConfUtils.java:logGet(46)) - raft.server.read.option = DEFAULT (default)
2024-08-15 10:19:35,940 [c54b81e8-1f41-41f0-8c11-6d721527725f-groupManagement] INFO  server.RaftServerConfigKeys (ConfUtils.java:logGet(46)) - raft.server.read.read-after-write-consistent.write-index-cache.expiry-time = 60s (default)
2024-08-15 10:19:35,943 [c54b81e8-1f41-41f0-8c11-6d721527725f-groupManagement] INFO  server.RaftServerConfigKeys (ConfUtils.java:logGet(46)) - raft.server.rpc.request.timeout = 3000ms (default)
2024-08-15 10:19:35,943 [c54b81e8-1f41-41f0-8c11-6d721527725f-groupManagement] INFO  server.RaftServerConfigKeys (ConfUtils.java:logGet(46)) - raft.server.log.appender.install.snapshot.enabled = false (custom)
2024-08-15 10:19:35,943 [c54b81e8-1f41-41f0-8c11-6d721527725f-groupManagement] INFO  server.RaftServerConfigKeys (ConfUtils.java:logGet(46)) - raft.server.threadpool.server.cached = true (default)
2024-08-15 10:19:35,943 [c54b81e8-1f41-41f0-8c11-6d721527725f-groupManagement] INFO  server.RaftServerConfigKeys (ConfUtils.java:logGet(46)) - raft.server.threadpool.server.size = 0 (default)
2024-08-15 10:19:35,943 [c54b81e8-1f41-41f0-8c11-6d721527725f-groupManagement] INFO  server.RaftServerConfigKeys (ConfUtils.java:logGet(46)) - raft.server.threadpool.client.cached = true (default)
2024-08-15 10:19:35,943 [c54b81e8-1f41-41f0-8c11-6d721527725f-groupManagement] INFO  server.RaftServerConfigKeys (ConfUtils.java:logGet(46)) - raft.server.threadpool.client.size = 0 (default)
2024-08-15 10:19:35,943 [c54b81e8-1f41-41f0-8c11-6d721527725f-groupManagement] INFO  server.RaftServerConfigKeys (ConfUtils.java:logGet(46)) - raft.server.storage.free-space.min = 0MB (=0) (default)
2024-08-15 10:19:35,943 [c54b81e8-1f41-41f0-8c11-6d721527725f-groupManagement] INFO  server.RaftServerConfigKeys (ConfUtils.java:logGet(46)) - raft.server.log.corruption.policy = EXCEPTION (default)
2024-08-15 10:19:35,943 [c54b81e8-1f41-41f0-8c11-6d721527725f-groupManagement] INFO  server.RaftServerConfigKeys (ConfUtils.java:logGet(46)) - raft.server.storage.dir = [/home/runner/work/ozone/ozone/hadoop-ozone/integration-test/target/test-dir/MiniOzoneClusterImpl-b6aad0f5-771e-4cba-adce-99e3b3454f11/ozone-meta/datanode-1/ratis] (custom)
2024-08-15 10:19:35,943 [c54b81e8-1f41-41f0-8c11-6d721527725f-groupManagement] INFO  storage.RaftStorageDirectory (RaftStorageDirectoryImpl.java:analyzeStorage(138)) - The storage directory /home/runner/work/ozone/ozone/hadoop-ozone/integration-test/target/test-dir/MiniOzoneClusterImpl-b6aad0f5-771e-4cba-adce-99e3b3454f11/ozone-meta/datanode-1/ratis/3522d488-07fd-4a54-8c6a-788e4cdb4749 does not exist. Creating ...
2024-08-15 10:19:35,944 [c54b81e8-1f41-41f0-8c11-6d721527725f-groupManagement] INFO  storage.RaftStorageDirectory (RaftStorageDirectoryImpl.java:tryLock(229)) - Lock on /home/runner/work/ozone/ozone/hadoop-ozone/integration-test/target/test-dir/MiniOzoneClusterImpl-b6aad0f5-771e-4cba-adce-99e3b3454f11/ozone-meta/datanode-1/ratis/3522d488-07fd-4a54-8c6a-788e4cdb4749/in_use.lock acquired by nodename 113339@fv-az1107-352
2024-08-15 10:19:35,946 [c54b81e8-1f41-41f0-8c11-6d721527725f-groupManagement] INFO  storage.RaftStorage (RaftStorageImpl.java:format(98)) - Storage directory /home/runner/work/ozone/ozone/hadoop-ozone/integration-test/target/test-dir/MiniOzoneClusterImpl-b6aad0f5-771e-4cba-adce-99e3b3454f11/ozone-meta/datanode-1/ratis/3522d488-07fd-4a54-8c6a-788e4cdb4749 has been successfully formatted.
2024-08-15 10:19:35,946 [c54b81e8-1f41-41f0-8c11-6d721527725f-groupManagement] INFO  ratis.ContainerStateMachine (ContainerStateMachine.java:loadSnapshot(295)) - group-788E4CDB4749: The snapshot info is null. Setting the last applied index to:(t:0, i:~)
2024-08-15 10:19:35,946 [c54b81e8-1f41-41f0-8c11-6d721527725f-groupManagement] INFO  server.RaftServerConfigKeys (ConfUtils.java:logGet(46)) - raft.server.log.use.memory = false (default)
2024-08-15 10:19:35,946 [c54b81e8-1f41-41f0-8c11-6d721527725f-groupManagement] INFO  server.RaftServerConfigKeys (ConfUtils.java:logGet(46)) - raft.server.log.purge.gap = 1000000 (custom)
2024-08-15 10:19:35,946 [c54b81e8-1f41-41f0-8c11-6d721527725f-groupManagement] INFO  server.RaftServerConfigKeys (ConfUtils.java:logGet(46)) - raft.server.log.appender.buffer.byte-limit = 8388608 (custom)
2024-08-15 10:19:35,946 [c54b81e8-1f41-41f0-8c11-6d721527725f-groupManagement] INFO  server.RaftServerConfigKeys (ConfUtils.java:logGet(46)) - raft.server.log.statemachine.data.read.timeout = 1000ms (default)
2024-08-15 10:19:35,946 [c54b81e8-1f41-41f0-8c11-6d721527725f-groupManagement] INFO  server.RaftServerConfigKeys (ConfUtils.java:logGet(46)) - raft.server.log.purge.preservation.log.num = 0 (default)
2024-08-15 10:19:35,947 [EventQueue-OpenPipelineForHealthyPipelineSafeModeRule] INFO  safemode.SCMSafeModeManager (HealthyPipelineSafeModeRule.java:process(140)) - SCM in safe mode. Healthy pipelines reported count is 0, required healthy pipeline reported count is 1
2024-08-15 10:19:35,948 [c54b81e8-1f41-41f0-8c11-6d721527725f-groupManagement] INFO  server.RaftServerConfigKeys (ConfUtils.java:logGet(46)) - raft.server.log.segment.size.max = 67108864 (custom)
2024-08-15 10:19:35,948 [c54b81e8-1f41-41f0-8c11-6d721527725f-groupManagement] INFO  server.RaftServerConfigKeys (ConfUtils.java:logGet(46)) - raft.server.log.segment.cache.num.max = 2 (custom)
2024-08-15 10:19:35,949 [c54b81e8-1f41-41f0-8c11-6d721527725f-groupManagement] INFO  server.RaftServerConfigKeys (ConfUtils.java:logGet(46)) - raft.server.log.segment.cache.size.max = 200MB (=209715200) (default)
2024-08-15 10:19:35,949 [c54b81e8-1f41-41f0-8c11-6d721527725f-groupManagement] INFO  server.RaftServerConfigKeys (ConfUtils.java:logGet(46)) - raft.server.log.appender.buffer.byte-limit = 8388608 (custom)
2024-08-15 10:19:35,949 [c54b81e8-1f41-41f0-8c11-6d721527725f-groupManagement] INFO  util.AwaitToRun (AwaitToRun.java:start(81)) - Thread[c54b81e8-1f41-41f0-8c11-6d721527725f@group-788E4CDB4749-cacheEviction-AwaitToRun,5,main] started
2024-08-15 10:19:35,949 [c54b81e8-1f41-41f0-8c11-6d721527725f-groupManagement] INFO  segmented.SegmentedRaftLogWorker (SegmentedRaftLogWorker.java:<init>(184)) - new c54b81e8-1f41-41f0-8c11-6d721527725f@group-788E4CDB4749-SegmentedRaftLogWorker for RaftStorageImpl:Storage Directory /home/runner/work/ozone/ozone/hadoop-ozone/integration-test/target/test-dir/MiniOzoneClusterImpl-b6aad0f5-771e-4cba-adce-99e3b3454f11/ozone-meta/datanode-1/ratis/3522d488-07fd-4a54-8c6a-788e4cdb4749
2024-08-15 10:19:35,949 [c54b81e8-1f41-41f0-8c11-6d721527725f-groupManagement] INFO  server.RaftServerConfigKeys (ConfUtils.java:logGet(46)) - raft.server.log.queue.byte-limit = 4294967296 (custom)
2024-08-15 10:19:35,949 [c54b81e8-1f41-41f0-8c11-6d721527725f-groupManagement] INFO  server.RaftServerConfigKeys (ConfUtils.java:logGet(46)) - raft.server.log.queue.element-limit = 1024 (custom)
2024-08-15 10:19:35,949 [c54b81e8-1f41-41f0-8c11-6d721527725f-groupManagement] INFO  server.RaftServerConfigKeys (ConfUtils.java:logGet(46)) - raft.server.log.segment.size.max = 67108864 (custom)
2024-08-15 10:19:35,949 [c54b81e8-1f41-41f0-8c11-6d721527725f-groupManagement] INFO  server.RaftServerConfigKeys (ConfUtils.java:logGet(46)) - raft.server.log.preallocated.size = 4194304 (custom)
2024-08-15 10:19:35,949 [c54b81e8-1f41-41f0-8c11-6d721527725f-groupManagement] INFO  server.RaftServerConfigKeys (ConfUtils.java:logGet(46)) - raft.server.log.force.sync.num = 128 (default)
2024-08-15 10:19:35,949 [c54b81e8-1f41-41f0-8c11-6d721527725f-groupManagement] INFO  server.RaftServerConfigKeys (ConfUtils.java:logGet(46)) - raft.server.log.statemachine.data.sync = true (default)
2024-08-15 10:19:35,949 [c54b81e8-1f41-41f0-8c11-6d721527725f-groupManagement] INFO  server.RaftServerConfigKeys (ConfUtils.java:logGet(46)) - raft.server.log.statemachine.data.sync.timeout = 10s (default)
2024-08-15 10:19:35,949 [c54b81e8-1f41-41f0-8c11-6d721527725f-groupManagement] INFO  server.RaftServerConfigKeys (ConfUtils.java:logGet(46)) - raft.server.log.statemachine.data.sync.timeout.retry = 30 (custom)
2024-08-15 10:19:35,949 [c54b81e8-1f41-41f0-8c11-6d721527725f-groupManagement] INFO  server.RaftServerConfigKeys (ConfUtils.java:logGet(46)) - raft.server.log.write.buffer.size = 8388616 (custom)
2024-08-15 10:19:35,951 [c54b81e8-1f41-41f0-8c11-6d721527725f-groupManagement] INFO  server.RaftServerConfigKeys (ConfUtils.java:logGet(46)) - raft.server.log.appender.buffer.byte-limit = 8388608 (custom)
2024-08-15 10:19:35,952 [c54b81e8-1f41-41f0-8c11-6d721527725f-groupManagement] INFO  server.RaftServerConfigKeys (ConfUtils.java:logGet(46)) - raft.server.log.unsafe-flush.enabled = false (default)
2024-08-15 10:19:35,952 [c54b81e8-1f41-41f0-8c11-6d721527725f-groupManagement] INFO  server.RaftServerConfigKeys (ConfUtils.java:logGet(46)) - raft.server.log.async-flush.enabled = false (default)
2024-08-15 10:19:35,952 [c54b81e8-1f41-41f0-8c11-6d721527725f-groupManagement] INFO  server.RaftServerConfigKeys (ConfUtils.java:logGet(46)) - raft.server.log.statemachine.data.caching.enabled = true (custom)
2024-08-15 10:19:35,952 [c54b81e8-1f41-41f0-8c11-6d721527725f-groupManagement] INFO  segmented.SegmentedRaftLogWorker (SegmentedRaftLogWorker.java:lambda$new$0(135)) - c54b81e8-1f41-41f0-8c11-6d721527725f@group-788E4CDB4749-SegmentedRaftLogWorker: flushIndex: setUnconditionally 0 -> -1
2024-08-15 10:19:35,952 [c54b81e8-1f41-41f0-8c11-6d721527725f-groupManagement] INFO  segmented.SegmentedRaftLogWorker (SegmentedRaftLogWorker.java:lambda$new$0(135)) - c54b81e8-1f41-41f0-8c11-6d721527725f@group-788E4CDB4749-SegmentedRaftLogWorker: safeCacheEvictIndex: setUnconditionally 0 -> -1
2024-08-15 10:19:35,952 [c54b81e8-1f41-41f0-8c11-6d721527725f-groupManagement] INFO  server.RaftServer$Division (RaftServerImpl.java:start(389)) - c54b81e8-1f41-41f0-8c11-6d721527725f@group-788E4CDB4749: start as a follower, conf=conf: {index: -1, cur=peers:[6c2c8d64-db13-4196-9e9e-e3b1acb91f99|127.0.0.1:15551, 81bac27f-0582-41fc-bc3f-9f968300fa98|127.0.0.1:15560, c54b81e8-1f41-41f0-8c11-6d721527725f|127.0.0.1:15542]|listeners:[], old=null}
2024-08-15 10:19:35,953 [c54b81e8-1f41-41f0-8c11-6d721527725f-groupManagement] INFO  server.RaftServer$Division (RaftServerImpl.java:setRole(376)) - c54b81e8-1f41-41f0-8c11-6d721527725f@group-788E4CDB4749: changes role from      null to FOLLOWER at term 0 for startAsFollower
2024-08-15 10:19:35,953 [c54b81e8-1f41-41f0-8c11-6d721527725f-groupManagement] INFO  impl.RoleInfo (RoleInfo.java:updateAndGet(148)) - c54b81e8-1f41-41f0-8c11-6d721527725f: start c54b81e8-1f41-41f0-8c11-6d721527725f@group-788E4CDB4749-FollowerState
2024-08-15 10:19:35,953 [c54b81e8-1f41-41f0-8c11-6d721527725f-groupManagement] INFO  util.JmxRegister (JmxRegister.java:tryRegister(44)) - Successfully registered JMX Bean with object name Ratis:service=RaftServer,group=group-788E4CDB4749,id=c54b81e8-1f41-41f0-8c11-6d721527725f
2024-08-15 10:19:35,953 [c54b81e8-1f41-41f0-8c11-6d721527725f-groupManagement] INFO  util.JmxRegister (JmxRegister.java:register(58)) - register mxBean class org.apache.ratis.server.impl.RaftServerJmxAdapter as Ratis:service=RaftServer,group=group-788E4CDB4749,id=c54b81e8-1f41-41f0-8c11-6d721527725f
2024-08-15 10:19:35,953 [c54b81e8-1f41-41f0-8c11-6d721527725f-groupManagement] INFO  server.RaftServerConfigKeys (ConfUtils.java:logGet(46)) - raft.server.snapshot.trigger-when-stop.enabled = true (default)
2024-08-15 10:19:35,953 [c54b81e8-1f41-41f0-8c11-6d721527725f-groupManagement] INFO  server.RaftServerConfigKeys (ConfUtils.java:logGet(46)) - raft.server.snapshot.trigger-when-remove.enabled = true (default)
2024-08-15 10:19:35,953 [c54b81e8-1f41-41f0-8c11-6d721527725f-groupManagement] INFO  server.RaftServerConfigKeys (ConfUtils.java:logGet(46)) - raft.server.snapshot.auto.trigger.enabled = true (custom)
2024-08-15 10:19:35,953 [c54b81e8-1f41-41f0-8c11-6d721527725f-groupManagement] INFO  server.RaftServerConfigKeys (ConfUtils.java:logGet(46)) - raft.server.snapshot.auto.trigger.threshold = 10000 (custom)
2024-08-15 10:19:35,953 [c54b81e8-1f41-41f0-8c11-6d721527725f-groupManagement] INFO  server.RaftServerConfigKeys (ConfUtils.java:logGet(46)) - raft.server.snapshot.retention.file.num = 5 (custom)
2024-08-15 10:19:35,953 [c54b81e8-1f41-41f0-8c11-6d721527725f-groupManagement] INFO  server.RaftServerConfigKeys (ConfUtils.java:logGet(46)) - raft.server.log.purge.upto.snapshot.index = false (default)
2024-08-15 10:19:35,954 [c54b81e8-1f41-41f0-8c11-6d721527725f-PipelineCommandHandlerThread-0] INFO  ratis.XceiverServerRatis (XceiverServerRatis.java:addGroup(850)) - Created group PipelineID=3522d488-07fd-4a54-8c6a-788e4cdb4749
2024-08-15 10:19:35,954 [c54b81e8-1f41-41f0-8c11-6d721527725f@group-788E4CDB4749-FollowerState] INFO  server.RaftServerConfigKeys (ConfUtils.java:logFallback(53)) - raft.server.rpc.first-election.timeout.min = 5s (fallback to raft.server.rpc.timeout.min)
2024-08-15 10:19:35,954 [c54b81e8-1f41-41f0-8c11-6d721527725f@group-788E4CDB4749-FollowerState] INFO  server.RaftServerConfigKeys (ConfUtils.java:logFallback(53)) - raft.server.rpc.first-election.timeout.max = 5200ms (fallback to raft.server.rpc.timeout.max)
2024-08-15 10:19:35,957 [grpc-default-executor-6] INFO  server.RaftServer (RaftServerProxy.java:addNew(101)) - 6c2c8d64-db13-4196-9e9e-e3b1acb91f99: addNew group-788E4CDB4749:[6c2c8d64-db13-4196-9e9e-e3b1acb91f99|127.0.0.1:15551, 81bac27f-0582-41fc-bc3f-9f968300fa98|127.0.0.1:15560, c54b81e8-1f41-41f0-8c11-6d721527725f|127.0.0.1:15542] returns group-788E4CDB4749:java.util.concurrent.CompletableFuture@60a61736[Not completed]
2024-08-15 10:19:35,958 [6c2c8d64-db13-4196-9e9e-e3b1acb91f99-groupManagement] INFO  server.RaftServer$Division (RaftServerImpl.java:<init>(253)) - 6c2c8d64-db13-4196-9e9e-e3b1acb91f99: new RaftServerImpl for group-788E4CDB4749:[6c2c8d64-db13-4196-9e9e-e3b1acb91f99|127.0.0.1:15551, 81bac27f-0582-41fc-bc3f-9f968300fa98|127.0.0.1:15560, c54b81e8-1f41-41f0-8c11-6d721527725f|127.0.0.1:15542] with ContainerStateMachine:uninitialized
2024-08-15 10:19:35,958 [6c2c8d64-db13-4196-9e9e-e3b1acb91f99-groupManagement] INFO  server.RaftServerConfigKeys (ConfUtils.java:logGet(46)) - raft.server.rpc.timeout.min = 5s (custom)
2024-08-15 10:19:35,958 [6c2c8d64-db13-4196-9e9e-e3b1acb91f99-groupManagement] INFO  server.RaftServerConfigKeys (ConfUtils.java:logGet(46)) - raft.server.rpc.timeout.max = 5200ms (custom)
2024-08-15 10:19:35,958 [6c2c8d64-db13-4196-9e9e-e3b1acb91f99-groupManagement] INFO  server.RaftServerConfigKeys (ConfUtils.java:logGet(46)) - raft.server.rpc.sleep.time = 25ms (default)
2024-08-15 10:19:35,958 [6c2c8d64-db13-4196-9e9e-e3b1acb91f99-groupManagement] INFO  server.RaftServerConfigKeys (ConfUtils.java:logGet(46)) - raft.server.rpc.slowness.timeout = 300000ms (custom)
2024-08-15 10:19:35,958 [6c2c8d64-db13-4196-9e9e-e3b1acb91f99-groupManagement] INFO  server.RaftServerConfigKeys (ConfUtils.java:logGet(46)) - raft.server.leaderelection.leader.step-down.wait-time = 10s (default)
2024-08-15 10:19:35,958 [6c2c8d64-db13-4196-9e9e-e3b1acb91f99-groupManagement] INFO  server.RaftServerConfigKeys (ConfUtils.java:logGet(46)) - raft.server.leaderelection.member.majority-add = false (default)
2024-08-15 10:19:35,959 [6c2c8d64-db13-4196-9e9e-e3b1acb91f99-groupManagement] INFO  server.RaftServerConfigKeys (ConfUtils.java:logGet(46)) - raft.server.sleep.deviation.threshold = 300ms (default)
2024-08-15 10:19:35,959 [6c2c8d64-db13-4196-9e9e-e3b1acb91f99-groupManagement] INFO  server.RaftServer$Division (ServerState.java:<init>(114)) - 6c2c8d64-db13-4196-9e9e-e3b1acb91f99@group-788E4CDB4749: ConfigurationManager, init=conf: {index: -1, cur=peers:[6c2c8d64-db13-4196-9e9e-e3b1acb91f99|127.0.0.1:15551, 81bac27f-0582-41fc-bc3f-9f968300fa98|127.0.0.1:15560, c54b81e8-1f41-41f0-8c11-6d721527725f|127.0.0.1:15542]|listeners:[], old=null}, confs=<EMPTY_MAP>
2024-08-15 10:19:35,959 [6c2c8d64-db13-4196-9e9e-e3b1acb91f99-groupManagement] INFO  server.RaftServerConfigKeys (ConfUtils.java:logGet(46)) - raft.server.notification.no-leader.timeout = 300000ms (custom)
2024-08-15 10:19:35,959 [6c2c8d64-db13-4196-9e9e-e3b1acb91f99-groupManagement] INFO  server.RaftServerConfigKeys (ConfUtils.java:logGet(46)) - raft.server.read.timeout = 10s (default)
2024-08-15 10:19:35,959 [6c2c8d64-db13-4196-9e9e-e3b1acb91f99-groupManagement] INFO  server.RaftServerConfigKeys (ConfUtils.java:logGet(46)) - raft.server.retrycache.expirytime = 600000ms (custom)
2024-08-15 10:19:35,959 [6c2c8d64-db13-4196-9e9e-e3b1acb91f99-groupManagement] INFO  server.RaftServerConfigKeys (ConfUtils.java:logGet(46)) - raft.server.retrycache.statistics.expirytime = 100ms (default)
2024-08-15 10:19:35,959 [6c2c8d64-db13-4196-9e9e-e3b1acb91f99-groupManagement] INFO  server.RaftServerConfigKeys (ConfUtils.java:logGet(46)) - raft.server.read.option = DEFAULT (default)
2024-08-15 10:19:35,959 [6c2c8d64-db13-4196-9e9e-e3b1acb91f99-groupManagement] INFO  server.RaftServerConfigKeys (ConfUtils.java:logGet(46)) - raft.server.read.read-after-write-consistent.write-index-cache.expiry-time = 60s (default)
2024-08-15 10:19:35,962 [6c2c8d64-db13-4196-9e9e-e3b1acb91f99-groupManagement] INFO  server.RaftServerConfigKeys (ConfUtils.java:logGet(46)) - raft.server.rpc.request.timeout = 3000ms (default)
2024-08-15 10:19:35,963 [6c2c8d64-db13-4196-9e9e-e3b1acb91f99-groupManagement] INFO  server.RaftServerConfigKeys (ConfUtils.java:logGet(46)) - raft.server.log.appender.install.snapshot.enabled = false (custom)
2024-08-15 10:19:35,963 [6c2c8d64-db13-4196-9e9e-e3b1acb91f99-groupManagement] INFO  server.RaftServerConfigKeys (ConfUtils.java:logGet(46)) - raft.server.threadpool.server.cached = true (default)
2024-08-15 10:19:35,963 [6c2c8d64-db13-4196-9e9e-e3b1acb91f99-groupManagement] INFO  server.RaftServerConfigKeys (ConfUtils.java:logGet(46)) - raft.server.threadpool.server.size = 0 (default)
2024-08-15 10:19:35,963 [6c2c8d64-db13-4196-9e9e-e3b1acb91f99-groupManagement] INFO  server.RaftServerConfigKeys (ConfUtils.java:logGet(46)) - raft.server.threadpool.client.cached = true (default)
2024-08-15 10:19:35,963 [6c2c8d64-db13-4196-9e9e-e3b1acb91f99-groupManagement] INFO  server.RaftServerConfigKeys (ConfUtils.java:logGet(46)) - raft.server.threadpool.client.size = 0 (default)
2024-08-15 10:19:35,963 [6c2c8d64-db13-4196-9e9e-e3b1acb91f99-groupManagement] INFO  server.RaftServerConfigKeys (ConfUtils.java:logGet(46)) - raft.server.storage.free-space.min = 0MB (=0) (default)
2024-08-15 10:19:35,963 [6c2c8d64-db13-4196-9e9e-e3b1acb91f99-groupManagement] INFO  server.RaftServerConfigKeys (ConfUtils.java:logGet(46)) - raft.server.log.corruption.policy = EXCEPTION (default)
2024-08-15 10:19:35,964 [6c2c8d64-db13-4196-9e9e-e3b1acb91f99-groupManagement] INFO  server.RaftServerConfigKeys (ConfUtils.java:logGet(46)) - raft.server.storage.dir = [/home/runner/work/ozone/ozone/hadoop-ozone/integration-test/target/test-dir/MiniOzoneClusterImpl-b6aad0f5-771e-4cba-adce-99e3b3454f11/ozone-meta/datanode-2/ratis] (custom)
2024-08-15 10:19:35,964 [6c2c8d64-db13-4196-9e9e-e3b1acb91f99-groupManagement] INFO  storage.RaftStorageDirectory (RaftStorageDirectoryImpl.java:analyzeStorage(138)) - The storage directory /home/runner/work/ozone/ozone/hadoop-ozone/integration-test/target/test-dir/MiniOzoneClusterImpl-b6aad0f5-771e-4cba-adce-99e3b3454f11/ozone-meta/datanode-2/ratis/3522d488-07fd-4a54-8c6a-788e4cdb4749 does not exist. Creating ...
2024-08-15 10:19:35,965 [6c2c8d64-db13-4196-9e9e-e3b1acb91f99-groupManagement] INFO  storage.RaftStorageDirectory (RaftStorageDirectoryImpl.java:tryLock(229)) - Lock on /home/runner/work/ozone/ozone/hadoop-ozone/integration-test/target/test-dir/MiniOzoneClusterImpl-b6aad0f5-771e-4cba-adce-99e3b3454f11/ozone-meta/datanode-2/ratis/3522d488-07fd-4a54-8c6a-788e4cdb4749/in_use.lock acquired by nodename 113339@fv-az1107-352
2024-08-15 10:19:35,966 [6c2c8d64-db13-4196-9e9e-e3b1acb91f99-groupManagement] INFO  storage.RaftStorage (RaftStorageImpl.java:format(98)) - Storage directory /home/runner/work/ozone/ozone/hadoop-ozone/integration-test/target/test-dir/MiniOzoneClusterImpl-b6aad0f5-771e-4cba-adce-99e3b3454f11/ozone-meta/datanode-2/ratis/3522d488-07fd-4a54-8c6a-788e4cdb4749 has been successfully formatted.
2024-08-15 10:19:35,966 [6c2c8d64-db13-4196-9e9e-e3b1acb91f99-groupManagement] INFO  ratis.ContainerStateMachine (ContainerStateMachine.java:loadSnapshot(295)) - group-788E4CDB4749: The snapshot info is null. Setting the last applied index to:(t:0, i:~)
2024-08-15 10:19:35,966 [6c2c8d64-db13-4196-9e9e-e3b1acb91f99-groupManagement] INFO  server.RaftServerConfigKeys (ConfUtils.java:logGet(46)) - raft.server.log.use.memory = false (default)
2024-08-15 10:19:35,966 [6c2c8d64-db13-4196-9e9e-e3b1acb91f99-groupManagement] INFO  server.RaftServerConfigKeys (ConfUtils.java:logGet(46)) - raft.server.log.purge.gap = 1000000 (custom)
2024-08-15 10:19:35,966 [6c2c8d64-db13-4196-9e9e-e3b1acb91f99-groupManagement] INFO  server.RaftServerConfigKeys (ConfUtils.java:logGet(46)) - raft.server.log.appender.buffer.byte-limit = 8388608 (custom)
2024-08-15 10:19:35,967 [6c2c8d64-db13-4196-9e9e-e3b1acb91f99-groupManagement] INFO  server.RaftServerConfigKeys (ConfUtils.java:logGet(46)) - raft.server.log.statemachine.data.read.timeout = 1000ms (default)
2024-08-15 10:19:35,967 [6c2c8d64-db13-4196-9e9e-e3b1acb91f99-groupManagement] INFO  server.RaftServerConfigKeys (ConfUtils.java:logGet(46)) - raft.server.log.purge.preservation.log.num = 0 (default)
2024-08-15 10:19:35,968 [6c2c8d64-db13-4196-9e9e-e3b1acb91f99-groupManagement] INFO  server.RaftServerConfigKeys (ConfUtils.java:logGet(46)) - raft.server.log.segment.size.max = 67108864 (custom)
2024-08-15 10:19:35,968 [6c2c8d64-db13-4196-9e9e-e3b1acb91f99-groupManagement] INFO  server.RaftServerConfigKeys (ConfUtils.java:logGet(46)) - raft.server.log.segment.cache.num.max = 2 (custom)
2024-08-15 10:19:35,968 [6c2c8d64-db13-4196-9e9e-e3b1acb91f99-groupManagement] INFO  server.RaftServerConfigKeys (ConfUtils.java:logGet(46)) - raft.server.log.segment.cache.size.max = 200MB (=209715200) (default)
2024-08-15 10:19:35,968 [6c2c8d64-db13-4196-9e9e-e3b1acb91f99-groupManagement] INFO  server.RaftServerConfigKeys (ConfUtils.java:logGet(46)) - raft.server.log.appender.buffer.byte-limit = 8388608 (custom)
2024-08-15 10:19:35,968 [6c2c8d64-db13-4196-9e9e-e3b1acb91f99-groupManagement] INFO  util.AwaitToRun (AwaitToRun.java:start(81)) - Thread[6c2c8d64-db13-4196-9e9e-e3b1acb91f99@group-788E4CDB4749-cacheEviction-AwaitToRun,5,main] started
2024-08-15 10:19:35,969 [6c2c8d64-db13-4196-9e9e-e3b1acb91f99-groupManagement] INFO  segmented.SegmentedRaftLogWorker (SegmentedRaftLogWorker.java:<init>(184)) - new 6c2c8d64-db13-4196-9e9e-e3b1acb91f99@group-788E4CDB4749-SegmentedRaftLogWorker for RaftStorageImpl:Storage Directory /home/runner/work/ozone/ozone/hadoop-ozone/integration-test/target/test-dir/MiniOzoneClusterImpl-b6aad0f5-771e-4cba-adce-99e3b3454f11/ozone-meta/datanode-2/ratis/3522d488-07fd-4a54-8c6a-788e4cdb4749
2024-08-15 10:19:35,969 [6c2c8d64-db13-4196-9e9e-e3b1acb91f99-groupManagement] INFO  server.RaftServerConfigKeys (ConfUtils.java:logGet(46)) - raft.server.log.queue.byte-limit = 4294967296 (custom)
2024-08-15 10:19:35,969 [6c2c8d64-db13-4196-9e9e-e3b1acb91f99-groupManagement] INFO  server.RaftServerConfigKeys (ConfUtils.java:logGet(46)) - raft.server.log.queue.element-limit = 1024 (custom)
2024-08-15 10:19:35,969 [6c2c8d64-db13-4196-9e9e-e3b1acb91f99-groupManagement] INFO  server.RaftServerConfigKeys (ConfUtils.java:logGet(46)) - raft.server.log.segment.size.max = 67108864 (custom)
2024-08-15 10:19:35,969 [6c2c8d64-db13-4196-9e9e-e3b1acb91f99-groupManagement] INFO  server.RaftServerConfigKeys (ConfUtils.java:logGet(46)) - raft.server.log.preallocated.size = 4194304 (custom)
2024-08-15 10:19:35,969 [6c2c8d64-db13-4196-9e9e-e3b1acb91f99-groupManagement] INFO  server.RaftServerConfigKeys (ConfUtils.java:logGet(46)) - raft.server.log.force.sync.num = 128 (default)
2024-08-15 10:19:35,969 [6c2c8d64-db13-4196-9e9e-e3b1acb91f99-groupManagement] INFO  server.RaftServerConfigKeys (ConfUtils.java:logGet(46)) - raft.server.log.statemachine.data.sync = true (default)
2024-08-15 10:19:35,969 [6c2c8d64-db13-4196-9e9e-e3b1acb91f99-groupManagement] INFO  server.RaftServerConfigKeys (ConfUtils.java:logGet(46)) - raft.server.log.statemachine.data.sync.timeout = 10s (default)
2024-08-15 10:19:35,969 [6c2c8d64-db13-4196-9e9e-e3b1acb91f99-groupManagement] INFO  server.RaftServerConfigKeys (ConfUtils.java:logGet(46)) - raft.server.log.statemachine.data.sync.timeout.retry = 30 (custom)
2024-08-15 10:19:35,969 [6c2c8d64-db13-4196-9e9e-e3b1acb91f99-groupManagement] INFO  server.RaftServerConfigKeys (ConfUtils.java:logGet(46)) - raft.server.log.write.buffer.size = 8388616 (custom)
2024-08-15 10:19:35,970 [6c2c8d64-db13-4196-9e9e-e3b1acb91f99-groupManagement] INFO  server.RaftServerConfigKeys (ConfUtils.java:logGet(46)) - raft.server.log.appender.buffer.byte-limit = 8388608 (custom)
2024-08-15 10:19:35,971 [6c2c8d64-db13-4196-9e9e-e3b1acb91f99-groupManagement] INFO  server.RaftServerConfigKeys (ConfUtils.java:logGet(46)) - raft.server.log.unsafe-flush.enabled = false (default)
2024-08-15 10:19:35,971 [6c2c8d64-db13-4196-9e9e-e3b1acb91f99-groupManagement] INFO  server.RaftServerConfigKeys (ConfUtils.java:logGet(46)) - raft.server.log.async-flush.enabled = false (default)
2024-08-15 10:19:35,971 [6c2c8d64-db13-4196-9e9e-e3b1acb91f99-groupManagement] INFO  server.RaftServerConfigKeys (ConfUtils.java:logGet(46)) - raft.server.log.statemachine.data.caching.enabled = true (custom)
2024-08-15 10:19:35,971 [6c2c8d64-db13-4196-9e9e-e3b1acb91f99-groupManagement] INFO  segmented.SegmentedRaftLogWorker (SegmentedRaftLogWorker.java:lambda$new$0(135)) - 6c2c8d64-db13-4196-9e9e-e3b1acb91f99@group-788E4CDB4749-SegmentedRaftLogWorker: flushIndex: setUnconditionally 0 -> -1
2024-08-15 10:19:35,971 [6c2c8d64-db13-4196-9e9e-e3b1acb91f99-groupManagement] INFO  segmented.SegmentedRaftLogWorker (SegmentedRaftLogWorker.java:lambda$new$0(135)) - 6c2c8d64-db13-4196-9e9e-e3b1acb91f99@group-788E4CDB4749-SegmentedRaftLogWorker: safeCacheEvictIndex: setUnconditionally 0 -> -1
2024-08-15 10:19:35,971 [6c2c8d64-db13-4196-9e9e-e3b1acb91f99-groupManagement] INFO  server.RaftServer$Division (RaftServerImpl.java:start(389)) - 6c2c8d64-db13-4196-9e9e-e3b1acb91f99@group-788E4CDB4749: start as a follower, conf=conf: {index: -1, cur=peers:[6c2c8d64-db13-4196-9e9e-e3b1acb91f99|127.0.0.1:15551, 81bac27f-0582-41fc-bc3f-9f968300fa98|127.0.0.1:15560, c54b81e8-1f41-41f0-8c11-6d721527725f|127.0.0.1:15542]|listeners:[], old=null}
2024-08-15 10:19:35,971 [6c2c8d64-db13-4196-9e9e-e3b1acb91f99-groupManagement] INFO  server.RaftServer$Division (RaftServerImpl.java:setRole(376)) - 6c2c8d64-db13-4196-9e9e-e3b1acb91f99@group-788E4CDB4749: changes role from      null to FOLLOWER at term 0 for startAsFollower
2024-08-15 10:19:35,971 [6c2c8d64-db13-4196-9e9e-e3b1acb91f99-groupManagement] INFO  impl.RoleInfo (RoleInfo.java:updateAndGet(148)) - 6c2c8d64-db13-4196-9e9e-e3b1acb91f99: start 6c2c8d64-db13-4196-9e9e-e3b1acb91f99@group-788E4CDB4749-FollowerState
2024-08-15 10:19:35,971 [6c2c8d64-db13-4196-9e9e-e3b1acb91f99@group-788E4CDB4749-FollowerState] INFO  server.RaftServerConfigKeys (ConfUtils.java:logFallback(53)) - raft.server.rpc.first-election.timeout.min = 5s (fallback to raft.server.rpc.timeout.min)
2024-08-15 10:19:35,971 [6c2c8d64-db13-4196-9e9e-e3b1acb91f99@group-788E4CDB4749-FollowerState] INFO  server.RaftServerConfigKeys (ConfUtils.java:logFallback(53)) - raft.server.rpc.first-election.timeout.max = 5200ms (fallback to raft.server.rpc.timeout.max)
2024-08-15 10:19:35,971 [6c2c8d64-db13-4196-9e9e-e3b1acb91f99-groupManagement] INFO  util.JmxRegister (JmxRegister.java:tryRegister(44)) - Successfully registered JMX Bean with object name Ratis:service=RaftServer,group=group-788E4CDB4749,id=6c2c8d64-db13-4196-9e9e-e3b1acb91f99
2024-08-15 10:19:35,971 [6c2c8d64-db13-4196-9e9e-e3b1acb91f99-groupManagement] INFO  util.JmxRegister (JmxRegister.java:register(58)) - register mxBean class org.apache.ratis.server.impl.RaftServerJmxAdapter as Ratis:service=RaftServer,group=group-788E4CDB4749,id=6c2c8d64-db13-4196-9e9e-e3b1acb91f99
2024-08-15 10:19:35,971 [6c2c8d64-db13-4196-9e9e-e3b1acb91f99-groupManagement] INFO  server.RaftServerConfigKeys (ConfUtils.java:logGet(46)) - raft.server.snapshot.trigger-when-stop.enabled = true (default)
2024-08-15 10:19:35,971 [6c2c8d64-db13-4196-9e9e-e3b1acb91f99-groupManagement] INFO  server.RaftServerConfigKeys (ConfUtils.java:logGet(46)) - raft.server.snapshot.trigger-when-remove.enabled = true (default)
2024-08-15 10:19:35,971 [6c2c8d64-db13-4196-9e9e-e3b1acb91f99-groupManagement] INFO  server.RaftServerConfigKeys (ConfUtils.java:logGet(46)) - raft.server.snapshot.auto.trigger.enabled = true (custom)
2024-08-15 10:19:35,971 [6c2c8d64-db13-4196-9e9e-e3b1acb91f99-groupManagement] INFO  server.RaftServerConfigKeys (ConfUtils.java:logGet(46)) - raft.server.snapshot.auto.trigger.threshold = 10000 (custom)
2024-08-15 10:19:35,971 [6c2c8d64-db13-4196-9e9e-e3b1acb91f99-groupManagement] INFO  server.RaftServerConfigKeys (ConfUtils.java:logGet(46)) - raft.server.snapshot.retention.file.num = 5 (custom)
2024-08-15 10:19:35,972 [6c2c8d64-db13-4196-9e9e-e3b1acb91f99-groupManagement] INFO  server.RaftServerConfigKeys (ConfUtils.java:logGet(46)) - raft.server.log.purge.upto.snapshot.index = false (default)
2024-08-15 10:19:35,977 [grpc-default-executor-2] INFO  server.RaftServer (RaftServerProxy.java:addNew(101)) - 81bac27f-0582-41fc-bc3f-9f968300fa98: addNew group-788E4CDB4749:[6c2c8d64-db13-4196-9e9e-e3b1acb91f99|127.0.0.1:15551, 81bac27f-0582-41fc-bc3f-9f968300fa98|127.0.0.1:15560, c54b81e8-1f41-41f0-8c11-6d721527725f|127.0.0.1:15542] returns group-788E4CDB4749:java.util.concurrent.CompletableFuture@6ad0e3d4[Not completed]
2024-08-15 10:19:35,977 [81bac27f-0582-41fc-bc3f-9f968300fa98-groupManagement] INFO  server.RaftServer$Division (RaftServerImpl.java:<init>(253)) - 81bac27f-0582-41fc-bc3f-9f968300fa98: new RaftServerImpl for group-788E4CDB4749:[6c2c8d64-db13-4196-9e9e-e3b1acb91f99|127.0.0.1:15551, 81bac27f-0582-41fc-bc3f-9f968300fa98|127.0.0.1:15560, c54b81e8-1f41-41f0-8c11-6d721527725f|127.0.0.1:15542] with ContainerStateMachine:uninitialized
2024-08-15 10:19:35,977 [81bac27f-0582-41fc-bc3f-9f968300fa98-groupManagement] INFO  server.RaftServerConfigKeys (ConfUtils.java:logGet(46)) - raft.server.rpc.timeout.min = 5s (custom)
2024-08-15 10:19:35,977 [81bac27f-0582-41fc-bc3f-9f968300fa98-groupManagement] INFO  server.RaftServerConfigKeys (ConfUtils.java:logGet(46)) - raft.server.rpc.timeout.max = 5200ms (custom)
2024-08-15 10:19:35,977 [81bac27f-0582-41fc-bc3f-9f968300fa98-groupManagement] INFO  server.RaftServerConfigKeys (ConfUtils.java:logGet(46)) - raft.server.rpc.sleep.time = 25ms (default)
2024-08-15 10:19:35,978 [81bac27f-0582-41fc-bc3f-9f968300fa98-groupManagement] INFO  server.RaftServerConfigKeys (ConfUtils.java:logGet(46)) - raft.server.rpc.slowness.timeout = 300000ms (custom)
2024-08-15 10:19:35,978 [81bac27f-0582-41fc-bc3f-9f968300fa98-groupManagement] INFO  server.RaftServerConfigKeys (ConfUtils.java:logGet(46)) - raft.server.leaderelection.leader.step-down.wait-time = 10s (default)
2024-08-15 10:19:35,978 [81bac27f-0582-41fc-bc3f-9f968300fa98-groupManagement] INFO  server.RaftServerConfigKeys (ConfUtils.java:logGet(46)) - raft.server.leaderelection.member.majority-add = false (default)
2024-08-15 10:19:35,978 [81bac27f-0582-41fc-bc3f-9f968300fa98-groupManagement] INFO  server.RaftServerConfigKeys (ConfUtils.java:logGet(46)) - raft.server.sleep.deviation.threshold = 300ms (default)
2024-08-15 10:19:35,978 [81bac27f-0582-41fc-bc3f-9f968300fa98-groupManagement] INFO  server.RaftServer$Division (ServerState.java:<init>(114)) - 81bac27f-0582-41fc-bc3f-9f968300fa98@group-788E4CDB4749: ConfigurationManager, init=conf: {index: -1, cur=peers:[6c2c8d64-db13-4196-9e9e-e3b1acb91f99|127.0.0.1:15551, 81bac27f-0582-41fc-bc3f-9f968300fa98|127.0.0.1:15560, c54b81e8-1f41-41f0-8c11-6d721527725f|127.0.0.1:15542]|listeners:[], old=null}, confs=<EMPTY_MAP>
2024-08-15 10:19:35,978 [81bac27f-0582-41fc-bc3f-9f968300fa98-groupManagement] INFO  server.RaftServerConfigKeys (ConfUtils.java:logGet(46)) - raft.server.notification.no-leader.timeout = 300000ms (custom)
2024-08-15 10:19:35,978 [81bac27f-0582-41fc-bc3f-9f968300fa98-groupManagement] INFO  server.RaftServerConfigKeys (ConfUtils.java:logGet(46)) - raft.server.read.timeout = 10s (default)
2024-08-15 10:19:35,978 [81bac27f-0582-41fc-bc3f-9f968300fa98-groupManagement] INFO  server.RaftServerConfigKeys (ConfUtils.java:logGet(46)) - raft.server.retrycache.expirytime = 600000ms (custom)
2024-08-15 10:19:35,978 [81bac27f-0582-41fc-bc3f-9f968300fa98-groupManagement] INFO  server.RaftServerConfigKeys (ConfUtils.java:logGet(46)) - raft.server.retrycache.statistics.expirytime = 100ms (default)
2024-08-15 10:19:35,978 [81bac27f-0582-41fc-bc3f-9f968300fa98-groupManagement] INFO  server.RaftServerConfigKeys (ConfUtils.java:logGet(46)) - raft.server.read.option = DEFAULT (default)
2024-08-15 10:19:35,978 [81bac27f-0582-41fc-bc3f-9f968300fa98-groupManagement] INFO  server.RaftServerConfigKeys (ConfUtils.java:logGet(46)) - raft.server.read.read-after-write-consistent.write-index-cache.expiry-time = 60s (default)
2024-08-15 10:19:35,980 [81bac27f-0582-41fc-bc3f-9f968300fa98-groupManagement] INFO  server.RaftServerConfigKeys (ConfUtils.java:logGet(46)) - raft.server.rpc.request.timeout = 3000ms (default)
2024-08-15 10:19:35,980 [81bac27f-0582-41fc-bc3f-9f968300fa98-groupManagement] INFO  server.RaftServerConfigKeys (ConfUtils.java:logGet(46)) - raft.server.log.appender.install.snapshot.enabled = false (custom)
2024-08-15 10:19:35,980 [81bac27f-0582-41fc-bc3f-9f968300fa98-groupManagement] INFO  server.RaftServerConfigKeys (ConfUtils.java:logGet(46)) - raft.server.threadpool.server.cached = true (default)
2024-08-15 10:19:35,980 [81bac27f-0582-41fc-bc3f-9f968300fa98-groupManagement] INFO  server.RaftServerConfigKeys (ConfUtils.java:logGet(46)) - raft.server.threadpool.server.size = 0 (default)
2024-08-15 10:19:35,980 [81bac27f-0582-41fc-bc3f-9f968300fa98-groupManagement] INFO  server.RaftServerConfigKeys (ConfUtils.java:logGet(46)) - raft.server.threadpool.client.cached = true (default)
2024-08-15 10:19:35,980 [81bac27f-0582-41fc-bc3f-9f968300fa98-groupManagement] INFO  server.RaftServerConfigKeys (ConfUtils.java:logGet(46)) - raft.server.threadpool.client.size = 0 (default)
2024-08-15 10:19:35,980 [81bac27f-0582-41fc-bc3f-9f968300fa98-groupManagement] INFO  server.RaftServerConfigKeys (ConfUtils.java:logGet(46)) - raft.server.storage.free-space.min = 0MB (=0) (default)
2024-08-15 10:19:35,980 [81bac27f-0582-41fc-bc3f-9f968300fa98-groupManagement] INFO  server.RaftServerConfigKeys (ConfUtils.java:logGet(46)) - raft.server.log.corruption.policy = EXCEPTION (default)
2024-08-15 10:19:35,980 [81bac27f-0582-41fc-bc3f-9f968300fa98-groupManagement] INFO  server.RaftServerConfigKeys (ConfUtils.java:logGet(46)) - raft.server.storage.dir = [/home/runner/work/ozone/ozone/hadoop-ozone/integration-test/target/test-dir/MiniOzoneClusterImpl-b6aad0f5-771e-4cba-adce-99e3b3454f11/ozone-meta/datanode-3/ratis] (custom)
2024-08-15 10:19:35,981 [81bac27f-0582-41fc-bc3f-9f968300fa98-groupManagement] INFO  storage.RaftStorageDirectory (RaftStorageDirectoryImpl.java:analyzeStorage(138)) - The storage directory /home/runner/work/ozone/ozone/hadoop-ozone/integration-test/target/test-dir/MiniOzoneClusterImpl-b6aad0f5-771e-4cba-adce-99e3b3454f11/ozone-meta/datanode-3/ratis/3522d488-07fd-4a54-8c6a-788e4cdb4749 does not exist. Creating ...
2024-08-15 10:19:35,982 [81bac27f-0582-41fc-bc3f-9f968300fa98-groupManagement] INFO  storage.RaftStorageDirectory (RaftStorageDirectoryImpl.java:tryLock(229)) - Lock on /home/runner/work/ozone/ozone/hadoop-ozone/integration-test/target/test-dir/MiniOzoneClusterImpl-b6aad0f5-771e-4cba-adce-99e3b3454f11/ozone-meta/datanode-3/ratis/3522d488-07fd-4a54-8c6a-788e4cdb4749/in_use.lock acquired by nodename 113339@fv-az1107-352
2024-08-15 10:19:35,983 [81bac27f-0582-41fc-bc3f-9f968300fa98-groupManagement] INFO  storage.RaftStorage (RaftStorageImpl.java:format(98)) - Storage directory /home/runner/work/ozone/ozone/hadoop-ozone/integration-test/target/test-dir/MiniOzoneClusterImpl-b6aad0f5-771e-4cba-adce-99e3b3454f11/ozone-meta/datanode-3/ratis/3522d488-07fd-4a54-8c6a-788e4cdb4749 has been successfully formatted.
2024-08-15 10:19:35,983 [81bac27f-0582-41fc-bc3f-9f968300fa98-groupManagement] INFO  ratis.ContainerStateMachine (ContainerStateMachine.java:loadSnapshot(295)) - group-788E4CDB4749: The snapshot info is null. Setting the last applied index to:(t:0, i:~)
2024-08-15 10:19:35,983 [81bac27f-0582-41fc-bc3f-9f968300fa98-groupManagement] INFO  server.RaftServerConfigKeys (ConfUtils.java:logGet(46)) - raft.server.log.use.memory = false (default)
2024-08-15 10:19:35,983 [81bac27f-0582-41fc-bc3f-9f968300fa98-groupManagement] INFO  server.RaftServerConfigKeys (ConfUtils.java:logGet(46)) - raft.server.log.purge.gap = 1000000 (custom)
2024-08-15 10:19:35,983 [81bac27f-0582-41fc-bc3f-9f968300fa98-groupManagement] INFO  server.RaftServerConfigKeys (ConfUtils.java:logGet(46)) - raft.server.log.appender.buffer.byte-limit = 8388608 (custom)
2024-08-15 10:19:35,983 [81bac27f-0582-41fc-bc3f-9f968300fa98-groupManagement] INFO  server.RaftServerConfigKeys (ConfUtils.java:logGet(46)) - raft.server.log.statemachine.data.read.timeout = 1000ms (default)
2024-08-15 10:19:35,983 [81bac27f-0582-41fc-bc3f-9f968300fa98-groupManagement] INFO  server.RaftServerConfigKeys (ConfUtils.java:logGet(46)) - raft.server.log.purge.preservation.log.num = 0 (default)
2024-08-15 10:19:35,985 [81bac27f-0582-41fc-bc3f-9f968300fa98-groupManagement] INFO  server.RaftServerConfigKeys (ConfUtils.java:logGet(46)) - raft.server.log.segment.size.max = 67108864 (custom)
2024-08-15 10:19:35,985 [81bac27f-0582-41fc-bc3f-9f968300fa98-groupManagement] INFO  server.RaftServerConfigKeys (ConfUtils.java:logGet(46)) - raft.server.log.segment.cache.num.max = 2 (custom)
2024-08-15 10:19:35,985 [81bac27f-0582-41fc-bc3f-9f968300fa98-groupManagement] INFO  server.RaftServerConfigKeys (ConfUtils.java:logGet(46)) - raft.server.log.segment.cache.size.max = 200MB (=209715200) (default)
2024-08-15 10:19:35,985 [81bac27f-0582-41fc-bc3f-9f968300fa98-groupManagement] INFO  server.RaftServerConfigKeys (ConfUtils.java:logGet(46)) - raft.server.log.appender.buffer.byte-limit = 8388608 (custom)
2024-08-15 10:19:35,985 [81bac27f-0582-41fc-bc3f-9f968300fa98-groupManagement] INFO  util.AwaitToRun (AwaitToRun.java:start(81)) - Thread[81bac27f-0582-41fc-bc3f-9f968300fa98@group-788E4CDB4749-cacheEviction-AwaitToRun,5,main] started
2024-08-15 10:19:35,985 [81bac27f-0582-41fc-bc3f-9f968300fa98-groupManagement] INFO  segmented.SegmentedRaftLogWorker (SegmentedRaftLogWorker.java:<init>(184)) - new 81bac27f-0582-41fc-bc3f-9f968300fa98@group-788E4CDB4749-SegmentedRaftLogWorker for RaftStorageImpl:Storage Directory /home/runner/work/ozone/ozone/hadoop-ozone/integration-test/target/test-dir/MiniOzoneClusterImpl-b6aad0f5-771e-4cba-adce-99e3b3454f11/ozone-meta/datanode-3/ratis/3522d488-07fd-4a54-8c6a-788e4cdb4749
2024-08-15 10:19:35,986 [81bac27f-0582-41fc-bc3f-9f968300fa98-groupManagement] INFO  server.RaftServerConfigKeys (ConfUtils.java:logGet(46)) - raft.server.log.queue.byte-limit = 4294967296 (custom)
2024-08-15 10:19:35,986 [81bac27f-0582-41fc-bc3f-9f968300fa98-groupManagement] INFO  server.RaftServerConfigKeys (ConfUtils.java:logGet(46)) - raft.server.log.queue.element-limit = 1024 (custom)
2024-08-15 10:19:35,986 [81bac27f-0582-41fc-bc3f-9f968300fa98-groupManagement] INFO  server.RaftServerConfigKeys (ConfUtils.java:logGet(46)) - raft.server.log.segment.size.max = 67108864 (custom)
2024-08-15 10:19:35,986 [81bac27f-0582-41fc-bc3f-9f968300fa98-groupManagement] INFO  server.RaftServerConfigKeys (ConfUtils.java:logGet(46)) - raft.server.log.preallocated.size = 4194304 (custom)
2024-08-15 10:19:35,986 [81bac27f-0582-41fc-bc3f-9f968300fa98-groupManagement] INFO  server.RaftServerConfigKeys (ConfUtils.java:logGet(46)) - raft.server.log.force.sync.num = 128 (default)
2024-08-15 10:19:35,986 [81bac27f-0582-41fc-bc3f-9f968300fa98-groupManagement] INFO  server.RaftServerConfigKeys (ConfUtils.java:logGet(46)) - raft.server.log.statemachine.data.sync = true (default)
2024-08-15 10:19:35,986 [81bac27f-0582-41fc-bc3f-9f968300fa98-groupManagement] INFO  server.RaftServerConfigKeys (ConfUtils.java:logGet(46)) - raft.server.log.statemachine.data.sync.timeout = 10s (default)
2024-08-15 10:19:35,986 [81bac27f-0582-41fc-bc3f-9f968300fa98-groupManagement] INFO  server.RaftServerConfigKeys (ConfUtils.java:logGet(46)) - raft.server.log.statemachine.data.sync.timeout.retry = 30 (custom)
2024-08-15 10:19:35,986 [81bac27f-0582-41fc-bc3f-9f968300fa98-groupManagement] INFO  server.RaftServerConfigKeys (ConfUtils.java:logGet(46)) - raft.server.log.write.buffer.size = 8388616 (custom)
2024-08-15 10:19:35,988 [81bac27f-0582-41fc-bc3f-9f968300fa98-groupManagement] INFO  server.RaftServerConfigKeys (ConfUtils.java:logGet(46)) - raft.server.log.appender.buffer.byte-limit = 8388608 (custom)
2024-08-15 10:19:35,988 [81bac27f-0582-41fc-bc3f-9f968300fa98-groupManagement] INFO  server.RaftServerConfigKeys (ConfUtils.java:logGet(46)) - raft.server.log.unsafe-flush.enabled = false (default)
2024-08-15 10:19:35,988 [81bac27f-0582-41fc-bc3f-9f968300fa98-groupManagement] INFO  server.RaftServerConfigKeys (ConfUtils.java:logGet(46)) - raft.server.log.async-flush.enabled = false (default)
2024-08-15 10:19:35,988 [81bac27f-0582-41fc-bc3f-9f968300fa98-groupManagement] INFO  server.RaftServerConfigKeys (ConfUtils.java:logGet(46)) - raft.server.log.statemachine.data.caching.enabled = true (custom)
2024-08-15 10:19:35,988 [81bac27f-0582-41fc-bc3f-9f968300fa98-groupManagement] INFO  segmented.SegmentedRaftLogWorker (SegmentedRaftLogWorker.java:lambda$new$0(135)) - 81bac27f-0582-41fc-bc3f-9f968300fa98@group-788E4CDB4749-SegmentedRaftLogWorker: flushIndex: setUnconditionally 0 -> -1
2024-08-15 10:19:35,988 [81bac27f-0582-41fc-bc3f-9f968300fa98-groupManagement] INFO  segmented.SegmentedRaftLogWorker (SegmentedRaftLogWorker.java:lambda$new$0(135)) - 81bac27f-0582-41fc-bc3f-9f968300fa98@group-788E4CDB4749-SegmentedRaftLogWorker: safeCacheEvictIndex: setUnconditionally 0 -> -1
2024-08-15 10:19:35,988 [81bac27f-0582-41fc-bc3f-9f968300fa98-groupManagement] INFO  server.RaftServer$Division (RaftServerImpl.java:start(389)) - 81bac27f-0582-41fc-bc3f-9f968300fa98@group-788E4CDB4749: start as a follower, conf=conf: {index: -1, cur=peers:[6c2c8d64-db13-4196-9e9e-e3b1acb91f99|127.0.0.1:15551, 81bac27f-0582-41fc-bc3f-9f968300fa98|127.0.0.1:15560, c54b81e8-1f41-41f0-8c11-6d721527725f|127.0.0.1:15542]|listeners:[], old=null}
2024-08-15 10:19:35,988 [81bac27f-0582-41fc-bc3f-9f968300fa98-groupManagement] INFO  server.RaftServer$Division (RaftServerImpl.java:setRole(376)) - 81bac27f-0582-41fc-bc3f-9f968300fa98@group-788E4CDB4749: changes role from      null to FOLLOWER at term 0 for startAsFollower
2024-08-15 10:19:35,988 [81bac27f-0582-41fc-bc3f-9f968300fa98-groupManagement] INFO  impl.RoleInfo (RoleInfo.java:updateAndGet(148)) - 81bac27f-0582-41fc-bc3f-9f968300fa98: start 81bac27f-0582-41fc-bc3f-9f968300fa98@group-788E4CDB4749-FollowerState
2024-08-15 10:19:35,988 [81bac27f-0582-41fc-bc3f-9f968300fa98-groupManagement] INFO  util.JmxRegister (JmxRegister.java:tryRegister(44)) - Successfully registered JMX Bean with object name Ratis:service=RaftServer,group=group-788E4CDB4749,id=81bac27f-0582-41fc-bc3f-9f968300fa98
2024-08-15 10:19:35,988 [81bac27f-0582-41fc-bc3f-9f968300fa98-groupManagement] INFO  util.JmxRegister (JmxRegister.java:register(58)) - register mxBean class org.apache.ratis.server.impl.RaftServerJmxAdapter as Ratis:service=RaftServer,group=group-788E4CDB4749,id=81bac27f-0582-41fc-bc3f-9f968300fa98
2024-08-15 10:19:35,988 [81bac27f-0582-41fc-bc3f-9f968300fa98@group-788E4CDB4749-FollowerState] INFO  server.RaftServerConfigKeys (ConfUtils.java:logFallback(53)) - raft.server.rpc.first-election.timeout.min = 5s (fallback to raft.server.rpc.timeout.min)
2024-08-15 10:19:35,988 [81bac27f-0582-41fc-bc3f-9f968300fa98-groupManagement] INFO  server.RaftServerConfigKeys (ConfUtils.java:logGet(46)) - raft.server.snapshot.trigger-when-stop.enabled = true (default)
2024-08-15 10:19:35,989 [81bac27f-0582-41fc-bc3f-9f968300fa98-groupManagement] INFO  server.RaftServerConfigKeys (ConfUtils.java:logGet(46)) - raft.server.snapshot.trigger-when-remove.enabled = true (default)
2024-08-15 10:19:35,989 [81bac27f-0582-41fc-bc3f-9f968300fa98-groupManagement] INFO  server.RaftServerConfigKeys (ConfUtils.java:logGet(46)) - raft.server.snapshot.auto.trigger.enabled = true (custom)
2024-08-15 10:19:35,989 [81bac27f-0582-41fc-bc3f-9f968300fa98-groupManagement] INFO  server.RaftServerConfigKeys (ConfUtils.java:logGet(46)) - raft.server.snapshot.auto.trigger.threshold = 10000 (custom)
2024-08-15 10:19:35,989 [81bac27f-0582-41fc-bc3f-9f968300fa98-groupManagement] INFO  server.RaftServerConfigKeys (ConfUtils.java:logGet(46)) - raft.server.snapshot.retention.file.num = 5 (custom)
2024-08-15 10:19:35,989 [81bac27f-0582-41fc-bc3f-9f968300fa98-groupManagement] INFO  server.RaftServerConfigKeys (ConfUtils.java:logGet(46)) - raft.server.log.purge.upto.snapshot.index = false (default)
2024-08-15 10:19:35,989 [81bac27f-0582-41fc-bc3f-9f968300fa98@group-788E4CDB4749-FollowerState] INFO  server.RaftServerConfigKeys (ConfUtils.java:logFallback(53)) - raft.server.rpc.first-election.timeout.max = 5200ms (fallback to raft.server.rpc.timeout.max)
2024-08-15 10:19:35,991 [c54b81e8-1f41-41f0-8c11-6d721527725f-PipelineCommandHandlerThread-0] INFO  commandhandler.CreatePipelineCommandHandler (CreatePipelineCommandHandler.java:lambda$handle$2(124)) - Created Pipeline RATIS THREE PipelineID=3522d488-07fd-4a54-8c6a-788e4cdb4749.
2024-08-15 10:19:35,991 [c54b81e8-1f41-41f0-8c11-6d721527725f-PipelineCommandHandlerThread-0] INFO  server.RaftServer (RaftServerProxy.java:addNew(101)) - c54b81e8-1f41-41f0-8c11-6d721527725f: addNew group-420C9ADAF458:[6c2c8d64-db13-4196-9e9e-e3b1acb91f99|127.0.0.1:15551, 81bac27f-0582-41fc-bc3f-9f968300fa98|127.0.0.1:15560, c54b81e8-1f41-41f0-8c11-6d721527725f|127.0.0.1:15542] returns group-420C9ADAF458:java.util.concurrent.CompletableFuture@6d27f2ac[Not completed]
2024-08-15 10:19:35,991 [c54b81e8-1f41-41f0-8c11-6d721527725f-groupManagement] INFO  server.RaftServer$Division (RaftServerImpl.java:<init>(253)) - c54b81e8-1f41-41f0-8c11-6d721527725f: new RaftServerImpl for group-420C9ADAF458:[6c2c8d64-db13-4196-9e9e-e3b1acb91f99|127.0.0.1:15551, 81bac27f-0582-41fc-bc3f-9f968300fa98|127.0.0.1:15560, c54b81e8-1f41-41f0-8c11-6d721527725f|127.0.0.1:15542] with ContainerStateMachine:uninitialized
2024-08-15 10:19:35,991 [c54b81e8-1f41-41f0-8c11-6d721527725f-groupManagement] INFO  server.RaftServerConfigKeys (ConfUtils.java:logGet(46)) - raft.server.rpc.timeout.min = 5s (custom)
2024-08-15 10:19:35,991 [c54b81e8-1f41-41f0-8c11-6d721527725f-groupManagement] INFO  server.RaftServerConfigKeys (ConfUtils.java:logGet(46)) - raft.server.rpc.timeout.max = 5200ms (custom)
2024-08-15 10:19:35,992 [c54b81e8-1f41-41f0-8c11-6d721527725f-groupManagement] INFO  server.RaftServerConfigKeys (ConfUtils.java:logGet(46)) - raft.server.rpc.sleep.time = 25ms (default)
2024-08-15 10:19:35,992 [c54b81e8-1f41-41f0-8c11-6d721527725f-groupManagement] INFO  server.RaftServerConfigKeys (ConfUtils.java:logGet(46)) - raft.server.rpc.slowness.timeout = 300000ms (custom)
2024-08-15 10:19:35,992 [c54b81e8-1f41-41f0-8c11-6d721527725f-groupManagement] INFO  server.RaftServerConfigKeys (ConfUtils.java:logGet(46)) - raft.server.leaderelection.leader.step-down.wait-time = 10s (default)
2024-08-15 10:19:35,992 [c54b81e8-1f41-41f0-8c11-6d721527725f-groupManagement] INFO  server.RaftServerConfigKeys (ConfUtils.java:logGet(46)) - raft.server.leaderelection.member.majority-add = false (default)
2024-08-15 10:19:35,992 [c54b81e8-1f41-41f0-8c11-6d721527725f-groupManagement] INFO  server.RaftServerConfigKeys (ConfUtils.java:logGet(46)) - raft.server.sleep.deviation.threshold = 300ms (default)
2024-08-15 10:19:35,992 [c54b81e8-1f41-41f0-8c11-6d721527725f-groupManagement] INFO  server.RaftServer$Division (ServerState.java:<init>(114)) - c54b81e8-1f41-41f0-8c11-6d721527725f@group-420C9ADAF458: ConfigurationManager, init=conf: {index: -1, cur=peers:[6c2c8d64-db13-4196-9e9e-e3b1acb91f99|127.0.0.1:15551, 81bac27f-0582-41fc-bc3f-9f968300fa98|127.0.0.1:15560, c54b81e8-1f41-41f0-8c11-6d721527725f|127.0.0.1:15542]|listeners:[], old=null}, confs=<EMPTY_MAP>
2024-08-15 10:19:35,992 [c54b81e8-1f41-41f0-8c11-6d721527725f-groupManagement] INFO  server.RaftServerConfigKeys (ConfUtils.java:logGet(46)) - raft.server.notification.no-leader.timeout = 300000ms (custom)
2024-08-15 10:19:35,992 [c54b81e8-1f41-41f0-8c11-6d721527725f-groupManagement] INFO  server.RaftServerConfigKeys (ConfUtils.java:logGet(46)) - raft.server.read.timeout = 10s (default)
2024-08-15 10:19:35,992 [c54b81e8-1f41-41f0-8c11-6d721527725f-groupManagement] INFO  server.RaftServerConfigKeys (ConfUtils.java:logGet(46)) - raft.server.retrycache.expirytime = 600000ms (custom)
2024-08-15 10:19:35,992 [c54b81e8-1f41-41f0-8c11-6d721527725f-groupManagement] INFO  server.RaftServerConfigKeys (ConfUtils.java:logGet(46)) - raft.server.retrycache.statistics.expirytime = 100ms (default)
2024-08-15 10:19:35,992 [c54b81e8-1f41-41f0-8c11-6d721527725f-groupManagement] INFO  server.RaftServerConfigKeys (ConfUtils.java:logGet(46)) - raft.server.read.option = DEFAULT (default)
2024-08-15 10:19:35,992 [c54b81e8-1f41-41f0-8c11-6d721527725f-groupManagement] INFO  server.RaftServerConfigKeys (ConfUtils.java:logGet(46)) - raft.server.read.read-after-write-consistent.write-index-cache.expiry-time = 60s (default)
2024-08-15 10:19:35,994 [c54b81e8-1f41-41f0-8c11-6d721527725f-groupManagement] INFO  server.RaftServerConfigKeys (ConfUtils.java:logGet(46)) - raft.server.rpc.request.timeout = 3000ms (default)
2024-08-15 10:19:35,995 [c54b81e8-1f41-41f0-8c11-6d721527725f-groupManagement] INFO  server.RaftServerConfigKeys (ConfUtils.java:logGet(46)) - raft.server.log.appender.install.snapshot.enabled = false (custom)
2024-08-15 10:19:35,995 [c54b81e8-1f41-41f0-8c11-6d721527725f-groupManagement] INFO  server.RaftServerConfigKeys (ConfUtils.java:logGet(46)) - raft.server.threadpool.server.cached = true (default)
2024-08-15 10:19:35,995 [c54b81e8-1f41-41f0-8c11-6d721527725f-groupManagement] INFO  server.RaftServerConfigKeys (ConfUtils.java:logGet(46)) - raft.server.threadpool.server.size = 0 (default)
2024-08-15 10:19:35,995 [c54b81e8-1f41-41f0-8c11-6d721527725f-groupManagement] INFO  server.RaftServerConfigKeys (ConfUtils.java:logGet(46)) - raft.server.threadpool.client.cached = true (default)
2024-08-15 10:19:35,995 [c54b81e8-1f41-41f0-8c11-6d721527725f-groupManagement] INFO  server.RaftServerConfigKeys (ConfUtils.java:logGet(46)) - raft.server.threadpool.client.size = 0 (default)
2024-08-15 10:19:35,995 [c54b81e8-1f41-41f0-8c11-6d721527725f-groupManagement] INFO  server.RaftServerConfigKeys (ConfUtils.java:logGet(46)) - raft.server.storage.free-space.min = 0MB (=0) (default)
2024-08-15 10:19:35,995 [c54b81e8-1f41-41f0-8c11-6d721527725f-groupManagement] INFO  server.RaftServerConfigKeys (ConfUtils.java:logGet(46)) - raft.server.log.corruption.policy = EXCEPTION (default)
2024-08-15 10:19:35,995 [c54b81e8-1f41-41f0-8c11-6d721527725f-groupManagement] INFO  server.RaftServerConfigKeys (ConfUtils.java:logGet(46)) - raft.server.storage.dir = [/home/runner/work/ozone/ozone/hadoop-ozone/integration-test/target/test-dir/MiniOzoneClusterImpl-b6aad0f5-771e-4cba-adce-99e3b3454f11/ozone-meta/datanode-1/ratis] (custom)
2024-08-15 10:19:35,995 [c54b81e8-1f41-41f0-8c11-6d721527725f-groupManagement] INFO  storage.RaftStorageDirectory (RaftStorageDirectoryImpl.java:analyzeStorage(138)) - The storage directory /home/runner/work/ozone/ozone/hadoop-ozone/integration-test/target/test-dir/MiniOzoneClusterImpl-b6aad0f5-771e-4cba-adce-99e3b3454f11/ozone-meta/datanode-1/ratis/7c6bd052-4ad9-4b48-bee2-420c9adaf458 does not exist. Creating ...
2024-08-15 10:19:35,996 [c54b81e8-1f41-41f0-8c11-6d721527725f-groupManagement] INFO  storage.RaftStorageDirectory (RaftStorageDirectoryImpl.java:tryLock(229)) - Lock on /home/runner/work/ozone/ozone/hadoop-ozone/integration-test/target/test-dir/MiniOzoneClusterImpl-b6aad0f5-771e-4cba-adce-99e3b3454f11/ozone-meta/datanode-1/ratis/7c6bd052-4ad9-4b48-bee2-420c9adaf458/in_use.lock acquired by nodename 113339@fv-az1107-352
2024-08-15 10:19:35,997 [c54b81e8-1f41-41f0-8c11-6d721527725f-groupManagement] INFO  storage.RaftStorage (RaftStorageImpl.java:format(98)) - Storage directory /home/runner/work/ozone/ozone/hadoop-ozone/integration-test/target/test-dir/MiniOzoneClusterImpl-b6aad0f5-771e-4cba-adce-99e3b3454f11/ozone-meta/datanode-1/ratis/7c6bd052-4ad9-4b48-bee2-420c9adaf458 has been successfully formatted.
2024-08-15 10:19:35,997 [c54b81e8-1f41-41f0-8c11-6d721527725f-groupManagement] INFO  ratis.ContainerStateMachine (ContainerStateMachine.java:loadSnapshot(295)) - group-420C9ADAF458: The snapshot info is null. Setting the last applied index to:(t:0, i:~)
2024-08-15 10:19:35,997 [c54b81e8-1f41-41f0-8c11-6d721527725f-groupManagement] INFO  server.RaftServerConfigKeys (ConfUtils.java:logGet(46)) - raft.server.log.use.memory = false (default)
2024-08-15 10:19:35,997 [c54b81e8-1f41-41f0-8c11-6d721527725f-groupManagement] INFO  server.RaftServerConfigKeys (ConfUtils.java:logGet(46)) - raft.server.log.purge.gap = 1000000 (custom)
2024-08-15 10:19:35,997 [c54b81e8-1f41-41f0-8c11-6d721527725f-groupManagement] INFO  server.RaftServerConfigKeys (ConfUtils.java:logGet(46)) - raft.server.log.appender.buffer.byte-limit = 8388608 (custom)
2024-08-15 10:19:35,997 [c54b81e8-1f41-41f0-8c11-6d721527725f-groupManagement] INFO  server.RaftServerConfigKeys (ConfUtils.java:logGet(46)) - raft.server.log.statemachine.data.read.timeout = 1000ms (default)
2024-08-15 10:19:35,997 [c54b81e8-1f41-41f0-8c11-6d721527725f-groupManagement] INFO  server.RaftServerConfigKeys (ConfUtils.java:logGet(46)) - raft.server.log.purge.preservation.log.num = 0 (default)
2024-08-15 10:19:35,998 [EventQueue-OpenPipelineForHealthyPipelineSafeModeRule] INFO  safemode.SCMSafeModeManager (HealthyPipelineSafeModeRule.java:process(140)) - SCM in safe mode. Healthy pipelines reported count is 0, required healthy pipeline reported count is 1
2024-08-15 10:19:35,999 [c54b81e8-1f41-41f0-8c11-6d721527725f-groupManagement] INFO  server.RaftServerConfigKeys (ConfUtils.java:logGet(46)) - raft.server.log.segment.size.max = 67108864 (custom)
2024-08-15 10:19:35,999 [c54b81e8-1f41-41f0-8c11-6d721527725f-groupManagement] INFO  server.RaftServerConfigKeys (ConfUtils.java:logGet(46)) - raft.server.log.segment.cache.num.max = 2 (custom)
2024-08-15 10:19:35,999 [c54b81e8-1f41-41f0-8c11-6d721527725f-groupManagement] INFO  server.RaftServerConfigKeys (ConfUtils.java:logGet(46)) - raft.server.log.segment.cache.size.max = 200MB (=209715200) (default)
2024-08-15 10:19:35,999 [c54b81e8-1f41-41f0-8c11-6d721527725f-groupManagement] INFO  server.RaftServerConfigKeys (ConfUtils.java:logGet(46)) - raft.server.log.appender.buffer.byte-limit = 8388608 (custom)
2024-08-15 10:19:35,999 [c54b81e8-1f41-41f0-8c11-6d721527725f-groupManagement] INFO  util.AwaitToRun (AwaitToRun.java:start(81)) - Thread[c54b81e8-1f41-41f0-8c11-6d721527725f@group-420C9ADAF458-cacheEviction-AwaitToRun,5,main] started
2024-08-15 10:19:35,999 [c54b81e8-1f41-41f0-8c11-6d721527725f-groupManagement] INFO  segmented.SegmentedRaftLogWorker (SegmentedRaftLogWorker.java:<init>(184)) - new c54b81e8-1f41-41f0-8c11-6d721527725f@group-420C9ADAF458-SegmentedRaftLogWorker for RaftStorageImpl:Storage Directory /home/runner/work/ozone/ozone/hadoop-ozone/integration-test/target/test-dir/MiniOzoneClusterImpl-b6aad0f5-771e-4cba-adce-99e3b3454f11/ozone-meta/datanode-1/ratis/7c6bd052-4ad9-4b48-bee2-420c9adaf458
2024-08-15 10:19:35,999 [c54b81e8-1f41-41f0-8c11-6d721527725f-groupManagement] INFO  server.RaftServerConfigKeys (ConfUtils.java:logGet(46)) - raft.server.log.queue.byte-limit = 4294967296 (custom)
2024-08-15 10:19:35,999 [c54b81e8-1f41-41f0-8c11-6d721527725f-groupManagement] INFO  server.RaftServerConfigKeys (ConfUtils.java:logGet(46)) - raft.server.log.queue.element-limit = 1024 (custom)
2024-08-15 10:19:36,000 [c54b81e8-1f41-41f0-8c11-6d721527725f-groupManagement] INFO  server.RaftServerConfigKeys (ConfUtils.java:logGet(46)) - raft.server.log.segment.size.max = 67108864 (custom)
2024-08-15 10:19:36,000 [c54b81e8-1f41-41f0-8c11-6d721527725f-groupManagement] INFO  server.RaftServerConfigKeys (ConfUtils.java:logGet(46)) - raft.server.log.preallocated.size = 4194304 (custom)
2024-08-15 10:19:36,000 [c54b81e8-1f41-41f0-8c11-6d721527725f-groupManagement] INFO  server.RaftServerConfigKeys (ConfUtils.java:logGet(46)) - raft.server.log.force.sync.num = 128 (default)
2024-08-15 10:19:36,000 [c54b81e8-1f41-41f0-8c11-6d721527725f-groupManagement] INFO  server.RaftServerConfigKeys (ConfUtils.java:logGet(46)) - raft.server.log.statemachine.data.sync = true (default)
2024-08-15 10:19:36,000 [c54b81e8-1f41-41f0-8c11-6d721527725f-groupManagement] INFO  server.RaftServerConfigKeys (ConfUtils.java:logGet(46)) - raft.server.log.statemachine.data.sync.timeout = 10s (default)
2024-08-15 10:19:36,000 [c54b81e8-1f41-41f0-8c11-6d721527725f-groupManagement] INFO  server.RaftServerConfigKeys (ConfUtils.java:logGet(46)) - raft.server.log.statemachine.data.sync.timeout.retry = 30 (custom)
2024-08-15 10:19:36,000 [c54b81e8-1f41-41f0-8c11-6d721527725f-groupManagement] INFO  server.RaftServerConfigKeys (ConfUtils.java:logGet(46)) - raft.server.log.write.buffer.size = 8388616 (custom)
2024-08-15 10:19:36,002 [c54b81e8-1f41-41f0-8c11-6d721527725f-groupManagement] INFO  server.RaftServerConfigKeys (ConfUtils.java:logGet(46)) - raft.server.log.appender.buffer.byte-limit = 8388608 (custom)
2024-08-15 10:19:36,002 [c54b81e8-1f41-41f0-8c11-6d721527725f-groupManagement] INFO  server.RaftServerConfigKeys (ConfUtils.java:logGet(46)) - raft.server.log.unsafe-flush.enabled = false (default)
2024-08-15 10:19:36,002 [c54b81e8-1f41-41f0-8c11-6d721527725f-groupManagement] INFO  server.RaftServerConfigKeys (ConfUtils.java:logGet(46)) - raft.server.log.async-flush.enabled = false (default)
2024-08-15 10:19:36,002 [c54b81e8-1f41-41f0-8c11-6d721527725f-groupManagement] INFO  server.RaftServerConfigKeys (ConfUtils.java:logGet(46)) - raft.server.log.statemachine.data.caching.enabled = true (custom)
2024-08-15 10:19:36,002 [c54b81e8-1f41-41f0-8c11-6d721527725f-groupManagement] INFO  segmented.SegmentedRaftLogWorker (SegmentedRaftLogWorker.java:lambda$new$0(135)) - c54b81e8-1f41-41f0-8c11-6d721527725f@group-420C9ADAF458-SegmentedRaftLogWorker: flushIndex: setUnconditionally 0 -> -1
2024-08-15 10:19:36,002 [c54b81e8-1f41-41f0-8c11-6d721527725f-groupManagement] INFO  segmented.SegmentedRaftLogWorker (SegmentedRaftLogWorker.java:lambda$new$0(135)) - c54b81e8-1f41-41f0-8c11-6d721527725f@group-420C9ADAF458-SegmentedRaftLogWorker: safeCacheEvictIndex: setUnconditionally 0 -> -1
2024-08-15 10:19:36,002 [c54b81e8-1f41-41f0-8c11-6d721527725f-groupManagement] INFO  server.RaftServer$Division (RaftServerImpl.java:start(389)) - c54b81e8-1f41-41f0-8c11-6d721527725f@group-420C9ADAF458: start as a follower, conf=conf: {index: -1, cur=peers:[6c2c8d64-db13-4196-9e9e-e3b1acb91f99|127.0.0.1:15551, 81bac27f-0582-41fc-bc3f-9f968300fa98|127.0.0.1:15560, c54b81e8-1f41-41f0-8c11-6d721527725f|127.0.0.1:15542]|listeners:[], old=null}
2024-08-15 10:19:36,002 [c54b81e8-1f41-41f0-8c11-6d721527725f-groupManagement] INFO  server.RaftServer$Division (RaftServerImpl.java:setRole(376)) - c54b81e8-1f41-41f0-8c11-6d721527725f@group-420C9ADAF458: changes role from      null to FOLLOWER at term 0 for startAsFollower
2024-08-15 10:19:36,002 [c54b81e8-1f41-41f0-8c11-6d721527725f-groupManagement] INFO  impl.RoleInfo (RoleInfo.java:updateAndGet(148)) - c54b81e8-1f41-41f0-8c11-6d721527725f: start c54b81e8-1f41-41f0-8c11-6d721527725f@group-420C9ADAF458-FollowerState
2024-08-15 10:19:36,003 [c54b81e8-1f41-41f0-8c11-6d721527725f@group-420C9ADAF458-FollowerState] INFO  server.RaftServerConfigKeys (ConfUtils.java:logFallback(53)) - raft.server.rpc.first-election.timeout.min = 5s (fallback to raft.server.rpc.timeout.min)
2024-08-15 10:19:36,003 [c54b81e8-1f41-41f0-8c11-6d721527725f@group-420C9ADAF458-FollowerState] INFO  server.RaftServerConfigKeys (ConfUtils.java:logFallback(53)) - raft.server.rpc.first-election.timeout.max = 5200ms (fallback to raft.server.rpc.timeout.max)
2024-08-15 10:19:36,003 [c54b81e8-1f41-41f0-8c11-6d721527725f-groupManagement] INFO  util.JmxRegister (JmxRegister.java:tryRegister(44)) - Successfully registered JMX Bean with object name Ratis:service=RaftServer,group=group-420C9ADAF458,id=c54b81e8-1f41-41f0-8c11-6d721527725f
2024-08-15 10:19:36,003 [c54b81e8-1f41-41f0-8c11-6d721527725f-groupManagement] INFO  util.JmxRegister (JmxRegister.java:register(58)) - register mxBean class org.apache.ratis.server.impl.RaftServerJmxAdapter as Ratis:service=RaftServer,group=group-420C9ADAF458,id=c54b81e8-1f41-41f0-8c11-6d721527725f
2024-08-15 10:19:36,003 [c54b81e8-1f41-41f0-8c11-6d721527725f-groupManagement] INFO  server.RaftServerConfigKeys (ConfUtils.java:logGet(46)) - raft.server.snapshot.trigger-when-stop.enabled = true (default)
2024-08-15 10:19:36,003 [c54b81e8-1f41-41f0-8c11-6d721527725f-groupManagement] INFO  server.RaftServerConfigKeys (ConfUtils.java:logGet(46)) - raft.server.snapshot.trigger-when-remove.enabled = true (default)
2024-08-15 10:19:36,003 [c54b81e8-1f41-41f0-8c11-6d721527725f-groupManagement] INFO  server.RaftServerConfigKeys (ConfUtils.java:logGet(46)) - raft.server.snapshot.auto.trigger.enabled = true (custom)
2024-08-15 10:19:36,003 [c54b81e8-1f41-41f0-8c11-6d721527725f-groupManagement] INFO  server.RaftServerConfigKeys (ConfUtils.java:logGet(46)) - raft.server.snapshot.auto.trigger.threshold = 10000 (custom)
2024-08-15 10:19:36,003 [c54b81e8-1f41-41f0-8c11-6d721527725f-groupManagement] INFO  server.RaftServerConfigKeys (ConfUtils.java:logGet(46)) - raft.server.snapshot.retention.file.num = 5 (custom)
2024-08-15 10:19:36,003 [c54b81e8-1f41-41f0-8c11-6d721527725f-groupManagement] INFO  server.RaftServerConfigKeys (ConfUtils.java:logGet(46)) - raft.server.log.purge.upto.snapshot.index = false (default)
2024-08-15 10:19:36,004 [c54b81e8-1f41-41f0-8c11-6d721527725f-PipelineCommandHandlerThread-0] INFO  ratis.XceiverServerRatis (XceiverServerRatis.java:addGroup(850)) - Created group PipelineID=7c6bd052-4ad9-4b48-bee2-420c9adaf458
2024-08-15 10:19:36,007 [grpc-default-executor-2] INFO  server.RaftServer (RaftServerProxy.java:addNew(101)) - 81bac27f-0582-41fc-bc3f-9f968300fa98: addNew group-420C9ADAF458:[6c2c8d64-db13-4196-9e9e-e3b1acb91f99|127.0.0.1:15551, 81bac27f-0582-41fc-bc3f-9f968300fa98|127.0.0.1:15560, c54b81e8-1f41-41f0-8c11-6d721527725f|127.0.0.1:15542] returns group-420C9ADAF458:java.util.concurrent.CompletableFuture@6507c72d[Not completed]
2024-08-15 10:19:36,008 [81bac27f-0582-41fc-bc3f-9f968300fa98-groupManagement] INFO  server.RaftServer$Division (RaftServerImpl.java:<init>(253)) - 81bac27f-0582-41fc-bc3f-9f968300fa98: new RaftServerImpl for group-420C9ADAF458:[6c2c8d64-db13-4196-9e9e-e3b1acb91f99|127.0.0.1:15551, 81bac27f-0582-41fc-bc3f-9f968300fa98|127.0.0.1:15560, c54b81e8-1f41-41f0-8c11-6d721527725f|127.0.0.1:15542] with ContainerStateMachine:uninitialized
2024-08-15 10:19:36,008 [81bac27f-0582-41fc-bc3f-9f968300fa98-groupManagement] INFO  server.RaftServerConfigKeys (ConfUtils.java:logGet(46)) - raft.server.rpc.timeout.min = 5s (custom)
2024-08-15 10:19:36,008 [81bac27f-0582-41fc-bc3f-9f968300fa98-groupManagement] INFO  server.RaftServerConfigKeys (ConfUtils.java:logGet(46)) - raft.server.rpc.timeout.max = 5200ms (custom)
2024-08-15 10:19:36,008 [81bac27f-0582-41fc-bc3f-9f968300fa98-groupManagement] INFO  server.RaftServerConfigKeys (ConfUtils.java:logGet(46)) - raft.server.rpc.sleep.time = 25ms (default)
2024-08-15 10:19:36,008 [81bac27f-0582-41fc-bc3f-9f968300fa98-groupManagement] INFO  server.RaftServerConfigKeys (ConfUtils.java:logGet(46)) - raft.server.rpc.slowness.timeout = 300000ms (custom)
2024-08-15 10:19:36,008 [81bac27f-0582-41fc-bc3f-9f968300fa98-groupManagement] INFO  server.RaftServerConfigKeys (ConfUtils.java:logGet(46)) - raft.server.leaderelection.leader.step-down.wait-time = 10s (default)
2024-08-15 10:19:36,008 [81bac27f-0582-41fc-bc3f-9f968300fa98-groupManagement] INFO  server.RaftServerConfigKeys (ConfUtils.java:logGet(46)) - raft.server.leaderelection.member.majority-add = false (default)
2024-08-15 10:19:36,008 [81bac27f-0582-41fc-bc3f-9f968300fa98-groupManagement] INFO  server.RaftServerConfigKeys (ConfUtils.java:logGet(46)) - raft.server.sleep.deviation.threshold = 300ms (default)
2024-08-15 10:19:36,008 [81bac27f-0582-41fc-bc3f-9f968300fa98-groupManagement] INFO  server.RaftServer$Division (ServerState.java:<init>(114)) - 81bac27f-0582-41fc-bc3f-9f968300fa98@group-420C9ADAF458: ConfigurationManager, init=conf: {index: -1, cur=peers:[6c2c8d64-db13-4196-9e9e-e3b1acb91f99|127.0.0.1:15551, 81bac27f-0582-41fc-bc3f-9f968300fa98|127.0.0.1:15560, c54b81e8-1f41-41f0-8c11-6d721527725f|127.0.0.1:15542]|listeners:[], old=null}, confs=<EMPTY_MAP>
2024-08-15 10:19:36,008 [81bac27f-0582-41fc-bc3f-9f968300fa98-groupManagement] INFO  server.RaftServerConfigKeys (ConfUtils.java:logGet(46)) - raft.server.notification.no-leader.timeout = 300000ms (custom)
2024-08-15 10:19:36,008 [81bac27f-0582-41fc-bc3f-9f968300fa98-groupManagement] INFO  server.RaftServerConfigKeys (ConfUtils.java:logGet(46)) - raft.server.read.timeout = 10s (default)
2024-08-15 10:19:36,008 [81bac27f-0582-41fc-bc3f-9f968300fa98-groupManagement] INFO  server.RaftServerConfigKeys (ConfUtils.java:logGet(46)) - raft.server.retrycache.expirytime = 600000ms (custom)
2024-08-15 10:19:36,008 [81bac27f-0582-41fc-bc3f-9f968300fa98-groupManagement] INFO  server.RaftServerConfigKeys (ConfUtils.java:logGet(46)) - raft.server.retrycache.statistics.expirytime = 100ms (default)
2024-08-15 10:19:36,008 [81bac27f-0582-41fc-bc3f-9f968300fa98-groupManagement] INFO  server.RaftServerConfigKeys (ConfUtils.java:logGet(46)) - raft.server.read.option = DEFAULT (default)
2024-08-15 10:19:36,008 [81bac27f-0582-41fc-bc3f-9f968300fa98-groupManagement] INFO  server.RaftServerConfigKeys (ConfUtils.java:logGet(46)) - raft.server.read.read-after-write-consistent.write-index-cache.expiry-time = 60s (default)
2024-08-15 10:19:36,011 [81bac27f-0582-41fc-bc3f-9f968300fa98-groupManagement] INFO  server.RaftServerConfigKeys (ConfUtils.java:logGet(46)) - raft.server.rpc.request.timeout = 3000ms (default)
2024-08-15 10:19:36,011 [81bac27f-0582-41fc-bc3f-9f968300fa98-groupManagement] INFO  server.RaftServerConfigKeys (ConfUtils.java:logGet(46)) - raft.server.log.appender.install.snapshot.enabled = false (custom)
2024-08-15 10:19:36,011 [81bac27f-0582-41fc-bc3f-9f968300fa98-groupManagement] INFO  server.RaftServerConfigKeys (ConfUtils.java:logGet(46)) - raft.server.threadpool.server.cached = true (default)
2024-08-15 10:19:36,012 [81bac27f-0582-41fc-bc3f-9f968300fa98-groupManagement] INFO  server.RaftServerConfigKeys (ConfUtils.java:logGet(46)) - raft.server.threadpool.server.size = 0 (default)
2024-08-15 10:19:36,012 [81bac27f-0582-41fc-bc3f-9f968300fa98-groupManagement] INFO  server.RaftServerConfigKeys (ConfUtils.java:logGet(46)) - raft.server.threadpool.client.cached = true (default)
2024-08-15 10:19:36,012 [81bac27f-0582-41fc-bc3f-9f968300fa98-groupManagement] INFO  server.RaftServerConfigKeys (ConfUtils.java:logGet(46)) - raft.server.threadpool.client.size = 0 (default)
2024-08-15 10:19:36,012 [81bac27f-0582-41fc-bc3f-9f968300fa98-groupManagement] INFO  server.RaftServerConfigKeys (ConfUtils.java:logGet(46)) - raft.server.storage.free-space.min = 0MB (=0) (default)
2024-08-15 10:19:36,012 [81bac27f-0582-41fc-bc3f-9f968300fa98-groupManagement] INFO  server.RaftServerConfigKeys (ConfUtils.java:logGet(46)) - raft.server.log.corruption.policy = EXCEPTION (default)
2024-08-15 10:19:36,012 [81bac27f-0582-41fc-bc3f-9f968300fa98-groupManagement] INFO  server.RaftServerConfigKeys (ConfUtils.java:logGet(46)) - raft.server.storage.dir = [/home/runner/work/ozone/ozone/hadoop-ozone/integration-test/target/test-dir/MiniOzoneClusterImpl-b6aad0f5-771e-4cba-adce-99e3b3454f11/ozone-meta/datanode-3/ratis] (custom)
2024-08-15 10:19:36,012 [81bac27f-0582-41fc-bc3f-9f968300fa98-groupManagement] INFO  storage.RaftStorageDirectory (RaftStorageDirectoryImpl.java:analyzeStorage(138)) - The storage directory /home/runner/work/ozone/ozone/hadoop-ozone/integration-test/target/test-dir/MiniOzoneClusterImpl-b6aad0f5-771e-4cba-adce-99e3b3454f11/ozone-meta/datanode-3/ratis/7c6bd052-4ad9-4b48-bee2-420c9adaf458 does not exist. Creating ...
2024-08-15 10:19:36,013 [81bac27f-0582-41fc-bc3f-9f968300fa98-groupManagement] INFO  storage.RaftStorageDirectory (RaftStorageDirectoryImpl.java:tryLock(229)) - Lock on /home/runner/work/ozone/ozone/hadoop-ozone/integration-test/target/test-dir/MiniOzoneClusterImpl-b6aad0f5-771e-4cba-adce-99e3b3454f11/ozone-meta/datanode-3/ratis/7c6bd052-4ad9-4b48-bee2-420c9adaf458/in_use.lock acquired by nodename 113339@fv-az1107-352
2024-08-15 10:19:36,014 [81bac27f-0582-41fc-bc3f-9f968300fa98-groupManagement] INFO  storage.RaftStorage (RaftStorageImpl.java:format(98)) - Storage directory /home/runner/work/ozone/ozone/hadoop-ozone/integration-test/target/test-dir/MiniOzoneClusterImpl-b6aad0f5-771e-4cba-adce-99e3b3454f11/ozone-meta/datanode-3/ratis/7c6bd052-4ad9-4b48-bee2-420c9adaf458 has been successfully formatted.
2024-08-15 10:19:36,015 [81bac27f-0582-41fc-bc3f-9f968300fa98-groupManagement] INFO  ratis.ContainerStateMachine (ContainerStateMachine.java:loadSnapshot(295)) - group-420C9ADAF458: The snapshot info is null. Setting the last applied index to:(t:0, i:~)
2024-08-15 10:19:36,015 [81bac27f-0582-41fc-bc3f-9f968300fa98-groupManagement] INFO  server.RaftServerConfigKeys (ConfUtils.java:logGet(46)) - raft.server.log.use.memory = false (default)
2024-08-15 10:19:36,015 [81bac27f-0582-41fc-bc3f-9f968300fa98-groupManagement] INFO  server.RaftServerConfigKeys (ConfUtils.java:logGet(46)) - raft.server.log.purge.gap = 1000000 (custom)
2024-08-15 10:19:36,015 [81bac27f-0582-41fc-bc3f-9f968300fa98-groupManagement] INFO  server.RaftServerConfigKeys (ConfUtils.java:logGet(46)) - raft.server.log.appender.buffer.byte-limit = 8388608 (custom)
2024-08-15 10:19:36,015 [81bac27f-0582-41fc-bc3f-9f968300fa98-groupManagement] INFO  server.RaftServerConfigKeys (ConfUtils.java:logGet(46)) - raft.server.log.statemachine.data.read.timeout = 1000ms (default)
2024-08-15 10:19:36,015 [81bac27f-0582-41fc-bc3f-9f968300fa98-groupManagement] INFO  server.RaftServerConfigKeys (ConfUtils.java:logGet(46)) - raft.server.log.purge.preservation.log.num = 0 (default)
2024-08-15 10:19:36,017 [81bac27f-0582-41fc-bc3f-9f968300fa98-groupManagement] INFO  server.RaftServerConfigKeys (ConfUtils.java:logGet(46)) - raft.server.log.segment.size.max = 67108864 (custom)
2024-08-15 10:19:36,017 [81bac27f-0582-41fc-bc3f-9f968300fa98-groupManagement] INFO  server.RaftServerConfigKeys (ConfUtils.java:logGet(46)) - raft.server.log.segment.cache.num.max = 2 (custom)
2024-08-15 10:19:36,017 [81bac27f-0582-41fc-bc3f-9f968300fa98-groupManagement] INFO  server.RaftServerConfigKeys (ConfUtils.java:logGet(46)) - raft.server.log.segment.cache.size.max = 200MB (=209715200) (default)
2024-08-15 10:19:36,017 [81bac27f-0582-41fc-bc3f-9f968300fa98-groupManagement] INFO  server.RaftServerConfigKeys (ConfUtils.java:logGet(46)) - raft.server.log.appender.buffer.byte-limit = 8388608 (custom)
2024-08-15 10:19:36,018 [81bac27f-0582-41fc-bc3f-9f968300fa98-groupManagement] INFO  util.AwaitToRun (AwaitToRun.java:start(81)) - Thread[81bac27f-0582-41fc-bc3f-9f968300fa98@group-420C9ADAF458-cacheEviction-AwaitToRun,5,main] started
2024-08-15 10:19:36,018 [81bac27f-0582-41fc-bc3f-9f968300fa98-groupManagement] INFO  segmented.SegmentedRaftLogWorker (SegmentedRaftLogWorker.java:<init>(184)) - new 81bac27f-0582-41fc-bc3f-9f968300fa98@group-420C9ADAF458-SegmentedRaftLogWorker for RaftStorageImpl:Storage Directory /home/runner/work/ozone/ozone/hadoop-ozone/integration-test/target/test-dir/MiniOzoneClusterImpl-b6aad0f5-771e-4cba-adce-99e3b3454f11/ozone-meta/datanode-3/ratis/7c6bd052-4ad9-4b48-bee2-420c9adaf458
2024-08-15 10:19:36,018 [81bac27f-0582-41fc-bc3f-9f968300fa98-groupManagement] INFO  server.RaftServerConfigKeys (ConfUtils.java:logGet(46)) - raft.server.log.queue.byte-limit = 4294967296 (custom)
2024-08-15 10:19:36,018 [81bac27f-0582-41fc-bc3f-9f968300fa98-groupManagement] INFO  server.RaftServerConfigKeys (ConfUtils.java:logGet(46)) - raft.server.log.queue.element-limit = 1024 (custom)
2024-08-15 10:19:36,018 [81bac27f-0582-41fc-bc3f-9f968300fa98-groupManagement] INFO  server.RaftServerConfigKeys (ConfUtils.java:logGet(46)) - raft.server.log.segment.size.max = 67108864 (custom)
2024-08-15 10:19:36,018 [81bac27f-0582-41fc-bc3f-9f968300fa98-groupManagement] INFO  server.RaftServerConfigKeys (ConfUtils.java:logGet(46)) - raft.server.log.preallocated.size = 4194304 (custom)
2024-08-15 10:19:36,018 [81bac27f-0582-41fc-bc3f-9f968300fa98-groupManagement] INFO  server.RaftServerConfigKeys (ConfUtils.java:logGet(46)) - raft.server.log.force.sync.num = 128 (default)
2024-08-15 10:19:36,018 [81bac27f-0582-41fc-bc3f-9f968300fa98-groupManagement] INFO  server.RaftServerConfigKeys (ConfUtils.java:logGet(46)) - raft.server.log.statemachine.data.sync = true (default)
2024-08-15 10:19:36,018 [81bac27f-0582-41fc-bc3f-9f968300fa98-groupManagement] INFO  server.RaftServerConfigKeys (ConfUtils.java:logGet(46)) - raft.server.log.statemachine.data.sync.timeout = 10s (default)
2024-08-15 10:19:36,018 [81bac27f-0582-41fc-bc3f-9f968300fa98-groupManagement] INFO  server.RaftServerConfigKeys (ConfUtils.java:logGet(46)) - raft.server.log.statemachine.data.sync.timeout.retry = 30 (custom)
2024-08-15 10:19:36,019 [81bac27f-0582-41fc-bc3f-9f968300fa98-groupManagement] INFO  server.RaftServerConfigKeys (ConfUtils.java:logGet(46)) - raft.server.log.write.buffer.size = 8388616 (custom)
2024-08-15 10:19:36,020 [81bac27f-0582-41fc-bc3f-9f968300fa98-groupManagement] INFO  server.RaftServerConfigKeys (ConfUtils.java:logGet(46)) - raft.server.log.appender.buffer.byte-limit = 8388608 (custom)
2024-08-15 10:19:36,020 [81bac27f-0582-41fc-bc3f-9f968300fa98-groupManagement] INFO  server.RaftServerConfigKeys (ConfUtils.java:logGet(46)) - raft.server.log.unsafe-flush.enabled = false (default)
2024-08-15 10:19:36,020 [81bac27f-0582-41fc-bc3f-9f968300fa98-groupManagement] INFO  server.RaftServerConfigKeys (ConfUtils.java:logGet(46)) - raft.server.log.async-flush.enabled = false (default)
2024-08-15 10:19:36,020 [81bac27f-0582-41fc-bc3f-9f968300fa98-groupManagement] INFO  server.RaftServerConfigKeys (ConfUtils.java:logGet(46)) - raft.server.log.statemachine.data.caching.enabled = true (custom)
2024-08-15 10:19:36,020 [81bac27f-0582-41fc-bc3f-9f968300fa98-groupManagement] INFO  segmented.SegmentedRaftLogWorker (SegmentedRaftLogWorker.java:lambda$new$0(135)) - 81bac27f-0582-41fc-bc3f-9f968300fa98@group-420C9ADAF458-SegmentedRaftLogWorker: flushIndex: setUnconditionally 0 -> -1
2024-08-15 10:19:36,020 [81bac27f-0582-41fc-bc3f-9f968300fa98-groupManagement] INFO  segmented.SegmentedRaftLogWorker (SegmentedRaftLogWorker.java:lambda$new$0(135)) - 81bac27f-0582-41fc-bc3f-9f968300fa98@group-420C9ADAF458-SegmentedRaftLogWorker: safeCacheEvictIndex: setUnconditionally 0 -> -1
2024-08-15 10:19:36,021 [81bac27f-0582-41fc-bc3f-9f968300fa98-groupManagement] INFO  server.RaftServer$Division (RaftServerImpl.java:start(389)) - 81bac27f-0582-41fc-bc3f-9f968300fa98@group-420C9ADAF458: start as a follower, conf=conf: {index: -1, cur=peers:[6c2c8d64-db13-4196-9e9e-e3b1acb91f99|127.0.0.1:15551, 81bac27f-0582-41fc-bc3f-9f968300fa98|127.0.0.1:15560, c54b81e8-1f41-41f0-8c11-6d721527725f|127.0.0.1:15542]|listeners:[], old=null}
2024-08-15 10:19:36,021 [81bac27f-0582-41fc-bc3f-9f968300fa98-groupManagement] INFO  server.RaftServer$Division (RaftServerImpl.java:setRole(376)) - 81bac27f-0582-41fc-bc3f-9f968300fa98@group-420C9ADAF458: changes role from      null to FOLLOWER at term 0 for startAsFollower
2024-08-15 10:19:36,021 [81bac27f-0582-41fc-bc3f-9f968300fa98-groupManagement] INFO  impl.RoleInfo (RoleInfo.java:updateAndGet(148)) - 81bac27f-0582-41fc-bc3f-9f968300fa98: start 81bac27f-0582-41fc-bc3f-9f968300fa98@group-420C9ADAF458-FollowerState
2024-08-15 10:19:36,021 [81bac27f-0582-41fc-bc3f-9f968300fa98@group-420C9ADAF458-FollowerState] INFO  server.RaftServerConfigKeys (ConfUtils.java:logFallback(53)) - raft.server.rpc.first-election.timeout.min = 5s (fallback to raft.server.rpc.timeout.min)
2024-08-15 10:19:36,021 [81bac27f-0582-41fc-bc3f-9f968300fa98@group-420C9ADAF458-FollowerState] INFO  server.RaftServerConfigKeys (ConfUtils.java:logFallback(53)) - raft.server.rpc.first-election.timeout.max = 5200ms (fallback to raft.server.rpc.timeout.max)
2024-08-15 10:19:36,021 [81bac27f-0582-41fc-bc3f-9f968300fa98-groupManagement] INFO  util.JmxRegister (JmxRegister.java:tryRegister(44)) - Successfully registered JMX Bean with object name Ratis:service=RaftServer,group=group-420C9ADAF458,id=81bac27f-0582-41fc-bc3f-9f968300fa98
2024-08-15 10:19:36,021 [81bac27f-0582-41fc-bc3f-9f968300fa98-groupManagement] INFO  util.JmxRegister (JmxRegister.java:register(58)) - register mxBean class org.apache.ratis.server.impl.RaftServerJmxAdapter as Ratis:service=RaftServer,group=group-420C9ADAF458,id=81bac27f-0582-41fc-bc3f-9f968300fa98
2024-08-15 10:19:36,021 [81bac27f-0582-41fc-bc3f-9f968300fa98-groupManagement] INFO  server.RaftServerConfigKeys (ConfUtils.java:logGet(46)) - raft.server.snapshot.trigger-when-stop.enabled = true (default)
2024-08-15 10:19:36,022 [81bac27f-0582-41fc-bc3f-9f968300fa98-groupManagement] INFO  server.RaftServerConfigKeys (ConfUtils.java:logGet(46)) - raft.server.snapshot.trigger-when-remove.enabled = true (default)
2024-08-15 10:19:36,022 [81bac27f-0582-41fc-bc3f-9f968300fa98-groupManagement] INFO  server.RaftServerConfigKeys (ConfUtils.java:logGet(46)) - raft.server.snapshot.auto.trigger.enabled = true (custom)
2024-08-15 10:19:36,022 [81bac27f-0582-41fc-bc3f-9f968300fa98-groupManagement] INFO  server.RaftServerConfigKeys (ConfUtils.java:logGet(46)) - raft.server.snapshot.auto.trigger.threshold = 10000 (custom)
2024-08-15 10:19:36,022 [81bac27f-0582-41fc-bc3f-9f968300fa98-groupManagement] INFO  server.RaftServerConfigKeys (ConfUtils.java:logGet(46)) - raft.server.snapshot.retention.file.num = 5 (custom)
2024-08-15 10:19:36,022 [81bac27f-0582-41fc-bc3f-9f968300fa98-groupManagement] INFO  server.RaftServerConfigKeys (ConfUtils.java:logGet(46)) - raft.server.log.purge.upto.snapshot.index = false (default)
2024-08-15 10:19:36,027 [grpc-default-executor-2] INFO  server.RaftServer (RaftServerProxy.java:addNew(101)) - 6c2c8d64-db13-4196-9e9e-e3b1acb91f99: addNew group-420C9ADAF458:[6c2c8d64-db13-4196-9e9e-e3b1acb91f99|127.0.0.1:15551, 81bac27f-0582-41fc-bc3f-9f968300fa98|127.0.0.1:15560, c54b81e8-1f41-41f0-8c11-6d721527725f|127.0.0.1:15542] returns group-420C9ADAF458:java.util.concurrent.CompletableFuture@24909395[Not completed]
2024-08-15 10:19:36,027 [6c2c8d64-db13-4196-9e9e-e3b1acb91f99-groupManagement] INFO  server.RaftServer$Division (RaftServerImpl.java:<init>(253)) - 6c2c8d64-db13-4196-9e9e-e3b1acb91f99: new RaftServerImpl for group-420C9ADAF458:[6c2c8d64-db13-4196-9e9e-e3b1acb91f99|127.0.0.1:15551, 81bac27f-0582-41fc-bc3f-9f968300fa98|127.0.0.1:15560, c54b81e8-1f41-41f0-8c11-6d721527725f|127.0.0.1:15542] with ContainerStateMachine:uninitialized
2024-08-15 10:19:36,027 [6c2c8d64-db13-4196-9e9e-e3b1acb91f99-groupManagement] INFO  server.RaftServerConfigKeys (ConfUtils.java:logGet(46)) - raft.server.rpc.timeout.min = 5s (custom)
2024-08-15 10:19:36,027 [6c2c8d64-db13-4196-9e9e-e3b1acb91f99-groupManagement] INFO  server.RaftServerConfigKeys (ConfUtils.java:logGet(46)) - raft.server.rpc.timeout.max = 5200ms (custom)
2024-08-15 10:19:36,027 [6c2c8d64-db13-4196-9e9e-e3b1acb91f99-groupManagement] INFO  server.RaftServerConfigKeys (ConfUtils.java:logGet(46)) - raft.server.rpc.sleep.time = 25ms (default)
2024-08-15 10:19:36,027 [6c2c8d64-db13-4196-9e9e-e3b1acb91f99-groupManagement] INFO  server.RaftServerConfigKeys (ConfUtils.java:logGet(46)) - raft.server.rpc.slowness.timeout = 300000ms (custom)
2024-08-15 10:19:36,027 [6c2c8d64-db13-4196-9e9e-e3b1acb91f99-groupManagement] INFO  server.RaftServerConfigKeys (ConfUtils.java:logGet(46)) - raft.server.leaderelection.leader.step-down.wait-time = 10s (default)
2024-08-15 10:19:36,027 [6c2c8d64-db13-4196-9e9e-e3b1acb91f99-groupManagement] INFO  server.RaftServerConfigKeys (ConfUtils.java:logGet(46)) - raft.server.leaderelection.member.majority-add = false (default)
2024-08-15 10:19:36,028 [6c2c8d64-db13-4196-9e9e-e3b1acb91f99-groupManagement] INFO  server.RaftServerConfigKeys (ConfUtils.java:logGet(46)) - raft.server.sleep.deviation.threshold = 300ms (default)
2024-08-15 10:19:36,028 [6c2c8d64-db13-4196-9e9e-e3b1acb91f99-groupManagement] INFO  server.RaftServer$Division (ServerState.java:<init>(114)) - 6c2c8d64-db13-4196-9e9e-e3b1acb91f99@group-420C9ADAF458: ConfigurationManager, init=conf: {index: -1, cur=peers:[6c2c8d64-db13-4196-9e9e-e3b1acb91f99|127.0.0.1:15551, 81bac27f-0582-41fc-bc3f-9f968300fa98|127.0.0.1:15560, c54b81e8-1f41-41f0-8c11-6d721527725f|127.0.0.1:15542]|listeners:[], old=null}, confs=<EMPTY_MAP>
2024-08-15 10:19:36,028 [6c2c8d64-db13-4196-9e9e-e3b1acb91f99-groupManagement] INFO  server.RaftServerConfigKeys (ConfUtils.java:logGet(46)) - raft.server.notification.no-leader.timeout = 300000ms (custom)
2024-08-15 10:19:36,028 [6c2c8d64-db13-4196-9e9e-e3b1acb91f99-groupManagement] INFO  server.RaftServerConfigKeys (ConfUtils.java:logGet(46)) - raft.server.read.timeout = 10s (default)
2024-08-15 10:19:36,028 [6c2c8d64-db13-4196-9e9e-e3b1acb91f99-groupManagement] INFO  server.RaftServerConfigKeys (ConfUtils.java:logGet(46)) - raft.server.retrycache.expirytime = 600000ms (custom)
2024-08-15 10:19:36,028 [6c2c8d64-db13-4196-9e9e-e3b1acb91f99-groupManagement] INFO  server.RaftServerConfigKeys (ConfUtils.java:logGet(46)) - raft.server.retrycache.statistics.expirytime = 100ms (default)
2024-08-15 10:19:36,028 [6c2c8d64-db13-4196-9e9e-e3b1acb91f99-groupManagement] INFO  server.RaftServerConfigKeys (ConfUtils.java:logGet(46)) - raft.server.read.option = DEFAULT (default)
2024-08-15 10:19:36,028 [6c2c8d64-db13-4196-9e9e-e3b1acb91f99-groupManagement] INFO  server.RaftServerConfigKeys (ConfUtils.java:logGet(46)) - raft.server.read.read-after-write-consistent.write-index-cache.expiry-time = 60s (default)
2024-08-15 10:19:36,032 [6c2c8d64-db13-4196-9e9e-e3b1acb91f99-groupManagement] INFO  server.RaftServerConfigKeys (ConfUtils.java:logGet(46)) - raft.server.rpc.request.timeout = 3000ms (default)
2024-08-15 10:19:36,032 [6c2c8d64-db13-4196-9e9e-e3b1acb91f99-groupManagement] INFO  server.RaftServerConfigKeys (ConfUtils.java:logGet(46)) - raft.server.log.appender.install.snapshot.enabled = false (custom)
2024-08-15 10:19:36,032 [6c2c8d64-db13-4196-9e9e-e3b1acb91f99-groupManagement] INFO  server.RaftServerConfigKeys (ConfUtils.java:logGet(46)) - raft.server.threadpool.server.cached = true (default)
2024-08-15 10:19:36,032 [6c2c8d64-db13-4196-9e9e-e3b1acb91f99-groupManagement] INFO  server.RaftServerConfigKeys (ConfUtils.java:logGet(46)) - raft.server.threadpool.server.size = 0 (default)
2024-08-15 10:19:36,032 [6c2c8d64-db13-4196-9e9e-e3b1acb91f99-groupManagement] INFO  server.RaftServerConfigKeys (ConfUtils.java:logGet(46)) - raft.server.threadpool.client.cached = true (default)
2024-08-15 10:19:36,032 [6c2c8d64-db13-4196-9e9e-e3b1acb91f99-groupManagement] INFO  server.RaftServerConfigKeys (ConfUtils.java:logGet(46)) - raft.server.threadpool.client.size = 0 (default)
2024-08-15 10:19:36,032 [6c2c8d64-db13-4196-9e9e-e3b1acb91f99-groupManagement] INFO  server.RaftServerConfigKeys (ConfUtils.java:logGet(46)) - raft.server.storage.free-space.min = 0MB (=0) (default)
2024-08-15 10:19:36,032 [6c2c8d64-db13-4196-9e9e-e3b1acb91f99-groupManagement] INFO  server.RaftServerConfigKeys (ConfUtils.java:logGet(46)) - raft.server.log.corruption.policy = EXCEPTION (default)
2024-08-15 10:19:36,032 [6c2c8d64-db13-4196-9e9e-e3b1acb91f99-groupManagement] INFO  server.RaftServerConfigKeys (ConfUtils.java:logGet(46)) - raft.server.storage.dir = [/home/runner/work/ozone/ozone/hadoop-ozone/integration-test/target/test-dir/MiniOzoneClusterImpl-b6aad0f5-771e-4cba-adce-99e3b3454f11/ozone-meta/datanode-2/ratis] (custom)
2024-08-15 10:19:36,032 [6c2c8d64-db13-4196-9e9e-e3b1acb91f99-groupManagement] INFO  storage.RaftStorageDirectory (RaftStorageDirectoryImpl.java:analyzeStorage(138)) - The storage directory /home/runner/work/ozone/ozone/hadoop-ozone/integration-test/target/test-dir/MiniOzoneClusterImpl-b6aad0f5-771e-4cba-adce-99e3b3454f11/ozone-meta/datanode-2/ratis/7c6bd052-4ad9-4b48-bee2-420c9adaf458 does not exist. Creating ...
2024-08-15 10:19:36,033 [6c2c8d64-db13-4196-9e9e-e3b1acb91f99-groupManagement] INFO  storage.RaftStorageDirectory (RaftStorageDirectoryImpl.java:tryLock(229)) - Lock on /home/runner/work/ozone/ozone/hadoop-ozone/integration-test/target/test-dir/MiniOzoneClusterImpl-b6aad0f5-771e-4cba-adce-99e3b3454f11/ozone-meta/datanode-2/ratis/7c6bd052-4ad9-4b48-bee2-420c9adaf458/in_use.lock acquired by nodename 113339@fv-az1107-352
2024-08-15 10:19:36,034 [6c2c8d64-db13-4196-9e9e-e3b1acb91f99-groupManagement] INFO  storage.RaftStorage (RaftStorageImpl.java:format(98)) - Storage directory /home/runner/work/ozone/ozone/hadoop-ozone/integration-test/target/test-dir/MiniOzoneClusterImpl-b6aad0f5-771e-4cba-adce-99e3b3454f11/ozone-meta/datanode-2/ratis/7c6bd052-4ad9-4b48-bee2-420c9adaf458 has been successfully formatted.
2024-08-15 10:19:36,034 [6c2c8d64-db13-4196-9e9e-e3b1acb91f99-groupManagement] INFO  ratis.ContainerStateMachine (ContainerStateMachine.java:loadSnapshot(295)) - group-420C9ADAF458: The snapshot info is null. Setting the last applied index to:(t:0, i:~)
2024-08-15 10:19:36,034 [6c2c8d64-db13-4196-9e9e-e3b1acb91f99-groupManagement] INFO  server.RaftServerConfigKeys (ConfUtils.java:logGet(46)) - raft.server.log.use.memory = false (default)
2024-08-15 10:19:36,035 [6c2c8d64-db13-4196-9e9e-e3b1acb91f99-groupManagement] INFO  server.RaftServerConfigKeys (ConfUtils.java:logGet(46)) - raft.server.log.purge.gap = 1000000 (custom)
2024-08-15 10:19:36,035 [6c2c8d64-db13-4196-9e9e-e3b1acb91f99-groupManagement] INFO  server.RaftServerConfigKeys (ConfUtils.java:logGet(46)) - raft.server.log.appender.buffer.byte-limit = 8388608 (custom)
2024-08-15 10:19:36,041 [6c2c8d64-db13-4196-9e9e-e3b1acb91f99-groupManagement] INFO  server.RaftServerConfigKeys (ConfUtils.java:logGet(46)) - raft.server.log.statemachine.data.read.timeout = 1000ms (default)
2024-08-15 10:19:36,041 [6c2c8d64-db13-4196-9e9e-e3b1acb91f99-groupManagement] INFO  server.RaftServerConfigKeys (ConfUtils.java:logGet(46)) - raft.server.log.purge.preservation.log.num = 0 (default)
2024-08-15 10:19:36,042 [6c2c8d64-db13-4196-9e9e-e3b1acb91f99-groupManagement] INFO  server.RaftServerConfigKeys (ConfUtils.java:logGet(46)) - raft.server.log.segment.size.max = 67108864 (custom)
2024-08-15 10:19:36,043 [6c2c8d64-db13-4196-9e9e-e3b1acb91f99-groupManagement] INFO  server.RaftServerConfigKeys (ConfUtils.java:logGet(46)) - raft.server.log.segment.cache.num.max = 2 (custom)
2024-08-15 10:19:36,043 [6c2c8d64-db13-4196-9e9e-e3b1acb91f99-groupManagement] INFO  server.RaftServerConfigKeys (ConfUtils.java:logGet(46)) - raft.server.log.segment.cache.size.max = 200MB (=209715200) (default)
2024-08-15 10:19:36,043 [6c2c8d64-db13-4196-9e9e-e3b1acb91f99-groupManagement] INFO  server.RaftServerConfigKeys (ConfUtils.java:logGet(46)) - raft.server.log.appender.buffer.byte-limit = 8388608 (custom)
2024-08-15 10:19:36,049 [6c2c8d64-db13-4196-9e9e-e3b1acb91f99-groupManagement] INFO  util.AwaitToRun (AwaitToRun.java:start(81)) - Thread[6c2c8d64-db13-4196-9e9e-e3b1acb91f99@group-420C9ADAF458-cacheEviction-AwaitToRun,5,main] started
2024-08-15 10:19:36,049 [6c2c8d64-db13-4196-9e9e-e3b1acb91f99-groupManagement] INFO  segmented.SegmentedRaftLogWorker (SegmentedRaftLogWorker.java:<init>(184)) - new 6c2c8d64-db13-4196-9e9e-e3b1acb91f99@group-420C9ADAF458-SegmentedRaftLogWorker for RaftStorageImpl:Storage Directory /home/runner/work/ozone/ozone/hadoop-ozone/integration-test/target/test-dir/MiniOzoneClusterImpl-b6aad0f5-771e-4cba-adce-99e3b3454f11/ozone-meta/datanode-2/ratis/7c6bd052-4ad9-4b48-bee2-420c9adaf458
2024-08-15 10:19:36,049 [6c2c8d64-db13-4196-9e9e-e3b1acb91f99-groupManagement] INFO  server.RaftServerConfigKeys (ConfUtils.java:logGet(46)) - raft.server.log.queue.byte-limit = 4294967296 (custom)
2024-08-15 10:19:36,049 [6c2c8d64-db13-4196-9e9e-e3b1acb91f99-groupManagement] INFO  server.RaftServerConfigKeys (ConfUtils.java:logGet(46)) - raft.server.log.queue.element-limit = 1024 (custom)
2024-08-15 10:19:36,049 [6c2c8d64-db13-4196-9e9e-e3b1acb91f99-groupManagement] INFO  server.RaftServerConfigKeys (ConfUtils.java:logGet(46)) - raft.server.log.segment.size.max = 67108864 (custom)
2024-08-15 10:19:36,049 [6c2c8d64-db13-4196-9e9e-e3b1acb91f99-groupManagement] INFO  server.RaftServerConfigKeys (ConfUtils.java:logGet(46)) - raft.server.log.preallocated.size = 4194304 (custom)
2024-08-15 10:19:36,049 [6c2c8d64-db13-4196-9e9e-e3b1acb91f99-groupManagement] INFO  server.RaftServerConfigKeys (ConfUtils.java:logGet(46)) - raft.server.log.force.sync.num = 128 (default)
2024-08-15 10:19:36,049 [6c2c8d64-db13-4196-9e9e-e3b1acb91f99-groupManagement] INFO  server.RaftServerConfigKeys (ConfUtils.java:logGet(46)) - raft.server.log.statemachine.data.sync = true (default)
2024-08-15 10:19:36,049 [6c2c8d64-db13-4196-9e9e-e3b1acb91f99-groupManagement] INFO  server.RaftServerConfigKeys (ConfUtils.java:logGet(46)) - raft.server.log.statemachine.data.sync.timeout = 10s (default)
2024-08-15 10:19:36,049 [6c2c8d64-db13-4196-9e9e-e3b1acb91f99-groupManagement] INFO  server.RaftServerConfigKeys (ConfUtils.java:logGet(46)) - raft.server.log.statemachine.data.sync.timeout.retry = 30 (custom)
2024-08-15 10:19:36,050 [6c2c8d64-db13-4196-9e9e-e3b1acb91f99-groupManagement] INFO  server.RaftServerConfigKeys (ConfUtils.java:logGet(46)) - raft.server.log.write.buffer.size = 8388616 (custom)
2024-08-15 10:19:36,051 [6c2c8d64-db13-4196-9e9e-e3b1acb91f99-groupManagement] INFO  server.RaftServerConfigKeys (ConfUtils.java:logGet(46)) - raft.server.log.appender.buffer.byte-limit = 8388608 (custom)
2024-08-15 10:19:36,051 [6c2c8d64-db13-4196-9e9e-e3b1acb91f99-groupManagement] INFO  server.RaftServerConfigKeys (ConfUtils.java:logGet(46)) - raft.server.log.unsafe-flush.enabled = false (default)
2024-08-15 10:19:36,051 [6c2c8d64-db13-4196-9e9e-e3b1acb91f99-groupManagement] INFO  server.RaftServerConfigKeys (ConfUtils.java:logGet(46)) - raft.server.log.async-flush.enabled = false (default)
2024-08-15 10:19:36,051 [6c2c8d64-db13-4196-9e9e-e3b1acb91f99-groupManagement] INFO  server.RaftServerConfigKeys (ConfUtils.java:logGet(46)) - raft.server.log.statemachine.data.caching.enabled = true (custom)
2024-08-15 10:19:36,051 [6c2c8d64-db13-4196-9e9e-e3b1acb91f99-groupManagement] INFO  segmented.SegmentedRaftLogWorker (SegmentedRaftLogWorker.java:lambda$new$0(135)) - 6c2c8d64-db13-4196-9e9e-e3b1acb91f99@group-420C9ADAF458-SegmentedRaftLogWorker: flushIndex: setUnconditionally 0 -> -1
2024-08-15 10:19:36,051 [6c2c8d64-db13-4196-9e9e-e3b1acb91f99-groupManagement] INFO  segmented.SegmentedRaftLogWorker (SegmentedRaftLogWorker.java:lambda$new$0(135)) - 6c2c8d64-db13-4196-9e9e-e3b1acb91f99@group-420C9ADAF458-SegmentedRaftLogWorker: safeCacheEvictIndex: setUnconditionally 0 -> -1
2024-08-15 10:19:36,052 [6c2c8d64-db13-4196-9e9e-e3b1acb91f99-groupManagement] INFO  server.RaftServer$Division (RaftServerImpl.java:start(389)) - 6c2c8d64-db13-4196-9e9e-e3b1acb91f99@group-420C9ADAF458: start as a follower, conf=conf: {index: -1, cur=peers:[6c2c8d64-db13-4196-9e9e-e3b1acb91f99|127.0.0.1:15551, 81bac27f-0582-41fc-bc3f-9f968300fa98|127.0.0.1:15560, c54b81e8-1f41-41f0-8c11-6d721527725f|127.0.0.1:15542]|listeners:[], old=null}
2024-08-15 10:19:36,052 [6c2c8d64-db13-4196-9e9e-e3b1acb91f99-groupManagement] INFO  server.RaftServer$Division (RaftServerImpl.java:setRole(376)) - 6c2c8d64-db13-4196-9e9e-e3b1acb91f99@group-420C9ADAF458: changes role from      null to FOLLOWER at term 0 for startAsFollower
2024-08-15 10:19:36,052 [6c2c8d64-db13-4196-9e9e-e3b1acb91f99-groupManagement] INFO  impl.RoleInfo (RoleInfo.java:updateAndGet(148)) - 6c2c8d64-db13-4196-9e9e-e3b1acb91f99: start 6c2c8d64-db13-4196-9e9e-e3b1acb91f99@group-420C9ADAF458-FollowerState
2024-08-15 10:19:36,053 [6c2c8d64-db13-4196-9e9e-e3b1acb91f99@group-420C9ADAF458-FollowerState] INFO  server.RaftServerConfigKeys (ConfUtils.java:logFallback(53)) - raft.server.rpc.first-election.timeout.min = 5s (fallback to raft.server.rpc.timeout.min)
2024-08-15 10:19:36,053 [6c2c8d64-db13-4196-9e9e-e3b1acb91f99@group-420C9ADAF458-FollowerState] INFO  server.RaftServerConfigKeys (ConfUtils.java:logFallback(53)) - raft.server.rpc.first-election.timeout.max = 5200ms (fallback to raft.server.rpc.timeout.max)
2024-08-15 10:19:36,053 [6c2c8d64-db13-4196-9e9e-e3b1acb91f99-groupManagement] INFO  util.JmxRegister (JmxRegister.java:tryRegister(44)) - Successfully registered JMX Bean with object name Ratis:service=RaftServer,group=group-420C9ADAF458,id=6c2c8d64-db13-4196-9e9e-e3b1acb91f99
2024-08-15 10:19:36,053 [6c2c8d64-db13-4196-9e9e-e3b1acb91f99-groupManagement] INFO  util.JmxRegister (JmxRegister.java:register(58)) - register mxBean class org.apache.ratis.server.impl.RaftServerJmxAdapter as Ratis:service=RaftServer,group=group-420C9ADAF458,id=6c2c8d64-db13-4196-9e9e-e3b1acb91f99
2024-08-15 10:19:36,053 [6c2c8d64-db13-4196-9e9e-e3b1acb91f99-groupManagement] INFO  server.RaftServerConfigKeys (ConfUtils.java:logGet(46)) - raft.server.snapshot.trigger-when-stop.enabled = true (default)
2024-08-15 10:19:36,053 [6c2c8d64-db13-4196-9e9e-e3b1acb91f99-groupManagement] INFO  server.RaftServerConfigKeys (ConfUtils.java:logGet(46)) - raft.server.snapshot.trigger-when-remove.enabled = true (default)
2024-08-15 10:19:36,053 [6c2c8d64-db13-4196-9e9e-e3b1acb91f99-groupManagement] INFO  server.RaftServerConfigKeys (ConfUtils.java:logGet(46)) - raft.server.snapshot.auto.trigger.enabled = true (custom)
2024-08-15 10:19:36,053 [6c2c8d64-db13-4196-9e9e-e3b1acb91f99-groupManagement] INFO  server.RaftServerConfigKeys (ConfUtils.java:logGet(46)) - raft.server.snapshot.auto.trigger.threshold = 10000 (custom)
2024-08-15 10:19:36,053 [6c2c8d64-db13-4196-9e9e-e3b1acb91f99-groupManagement] INFO  server.RaftServerConfigKeys (ConfUtils.java:logGet(46)) - raft.server.snapshot.retention.file.num = 5 (custom)
2024-08-15 10:19:36,054 [6c2c8d64-db13-4196-9e9e-e3b1acb91f99-groupManagement] INFO  server.RaftServerConfigKeys (ConfUtils.java:logGet(46)) - raft.server.log.purge.upto.snapshot.index = false (default)
2024-08-15 10:19:36,070 [c54b81e8-1f41-41f0-8c11-6d721527725f-PipelineCommandHandlerThread-0] INFO  commandhandler.CreatePipelineCommandHandler (CreatePipelineCommandHandler.java:lambda$handle$2(124)) - Created Pipeline RATIS THREE PipelineID=7c6bd052-4ad9-4b48-bee2-420c9adaf458.
2024-08-15 10:19:36,115 [6c2c8d64-db13-4196-9e9e-e3b1acb91f99-PipelineCommandHandlerThread-0] INFO  server.RaftServer (RaftServerProxy.java:addNew(101)) - 6c2c8d64-db13-4196-9e9e-e3b1acb91f99: addNew group-134949ED58C0:[6c2c8d64-db13-4196-9e9e-e3b1acb91f99|127.0.0.1:15551] returns group-134949ED58C0:java.util.concurrent.CompletableFuture@6053768f[Not completed]
2024-08-15 10:19:36,116 [6c2c8d64-db13-4196-9e9e-e3b1acb91f99-groupManagement] INFO  server.RaftServer$Division (RaftServerImpl.java:<init>(253)) - 6c2c8d64-db13-4196-9e9e-e3b1acb91f99: new RaftServerImpl for group-134949ED58C0:[6c2c8d64-db13-4196-9e9e-e3b1acb91f99|127.0.0.1:15551] with ContainerStateMachine:uninitialized
2024-08-15 10:19:36,116 [6c2c8d64-db13-4196-9e9e-e3b1acb91f99-groupManagement] INFO  server.RaftServerConfigKeys (ConfUtils.java:logGet(46)) - raft.server.rpc.timeout.min = 5s (custom)
2024-08-15 10:19:36,116 [6c2c8d64-db13-4196-9e9e-e3b1acb91f99-groupManagement] INFO  server.RaftServerConfigKeys (ConfUtils.java:logGet(46)) - raft.server.rpc.timeout.max = 5200ms (custom)
2024-08-15 10:19:36,116 [6c2c8d64-db13-4196-9e9e-e3b1acb91f99-groupManagement] INFO  server.RaftServerConfigKeys (ConfUtils.java:logGet(46)) - raft.server.rpc.sleep.time = 25ms (default)
2024-08-15 10:19:36,116 [6c2c8d64-db13-4196-9e9e-e3b1acb91f99-groupManagement] INFO  server.RaftServerConfigKeys (ConfUtils.java:logGet(46)) - raft.server.rpc.slowness.timeout = 300000ms (custom)
2024-08-15 10:19:36,116 [6c2c8d64-db13-4196-9e9e-e3b1acb91f99-groupManagement] INFO  server.RaftServerConfigKeys (ConfUtils.java:logGet(46)) - raft.server.leaderelection.leader.step-down.wait-time = 10s (default)
2024-08-15 10:19:36,116 [6c2c8d64-db13-4196-9e9e-e3b1acb91f99-groupManagement] INFO  server.RaftServerConfigKeys (ConfUtils.java:logGet(46)) - raft.server.leaderelection.member.majority-add = false (default)
2024-08-15 10:19:36,116 [6c2c8d64-db13-4196-9e9e-e3b1acb91f99-groupManagement] INFO  server.RaftServerConfigKeys (ConfUtils.java:logGet(46)) - raft.server.sleep.deviation.threshold = 300ms (default)
2024-08-15 10:19:36,116 [6c2c8d64-db13-4196-9e9e-e3b1acb91f99-groupManagement] INFO  server.RaftServer$Division (ServerState.java:<init>(114)) - 6c2c8d64-db13-4196-9e9e-e3b1acb91f99@group-134949ED58C0: ConfigurationManager, init=conf: {index: -1, cur=peers:[6c2c8d64-db13-4196-9e9e-e3b1acb91f99|127.0.0.1:15551]|listeners:[], old=null}, confs=<EMPTY_MAP>
2024-08-15 10:19:36,116 [6c2c8d64-db13-4196-9e9e-e3b1acb91f99-groupManagement] INFO  server.RaftServerConfigKeys (ConfUtils.java:logGet(46)) - raft.server.notification.no-leader.timeout = 300000ms (custom)
2024-08-15 10:19:36,116 [6c2c8d64-db13-4196-9e9e-e3b1acb91f99-groupManagement] INFO  server.RaftServerConfigKeys (ConfUtils.java:logGet(46)) - raft.server.read.timeout = 10s (default)
2024-08-15 10:19:36,116 [6c2c8d64-db13-4196-9e9e-e3b1acb91f99-groupManagement] INFO  server.RaftServerConfigKeys (ConfUtils.java:logGet(46)) - raft.server.retrycache.expirytime = 600000ms (custom)
2024-08-15 10:19:36,116 [6c2c8d64-db13-4196-9e9e-e3b1acb91f99-groupManagement] INFO  server.RaftServerConfigKeys (ConfUtils.java:logGet(46)) - raft.server.retrycache.statistics.expirytime = 100ms (default)
2024-08-15 10:19:36,116 [6c2c8d64-db13-4196-9e9e-e3b1acb91f99-groupManagement] INFO  server.RaftServerConfigKeys (ConfUtils.java:logGet(46)) - raft.server.read.option = DEFAULT (default)
2024-08-15 10:19:36,116 [6c2c8d64-db13-4196-9e9e-e3b1acb91f99-groupManagement] INFO  server.RaftServerConfigKeys (ConfUtils.java:logGet(46)) - raft.server.read.read-after-write-consistent.write-index-cache.expiry-time = 60s (default)
2024-08-15 10:19:36,119 [6c2c8d64-db13-4196-9e9e-e3b1acb91f99-groupManagement] INFO  server.RaftServerConfigKeys (ConfUtils.java:logGet(46)) - raft.server.rpc.request.timeout = 3000ms (default)
2024-08-15 10:19:36,119 [6c2c8d64-db13-4196-9e9e-e3b1acb91f99-groupManagement] INFO  server.RaftServerConfigKeys (ConfUtils.java:logGet(46)) - raft.server.log.appender.install.snapshot.enabled = false (custom)
2024-08-15 10:19:36,119 [6c2c8d64-db13-4196-9e9e-e3b1acb91f99-groupManagement] INFO  server.RaftServerConfigKeys (ConfUtils.java:logGet(46)) - raft.server.threadpool.server.cached = true (default)
2024-08-15 10:19:36,119 [6c2c8d64-db13-4196-9e9e-e3b1acb91f99-groupManagement] INFO  server.RaftServerConfigKeys (ConfUtils.java:logGet(46)) - raft.server.threadpool.server.size = 0 (default)
2024-08-15 10:19:36,119 [6c2c8d64-db13-4196-9e9e-e3b1acb91f99-groupManagement] INFO  server.RaftServerConfigKeys (ConfUtils.java:logGet(46)) - raft.server.threadpool.client.cached = true (default)
2024-08-15 10:19:36,119 [6c2c8d64-db13-4196-9e9e-e3b1acb91f99-groupManagement] INFO  server.RaftServerConfigKeys (ConfUtils.java:logGet(46)) - raft.server.threadpool.client.size = 0 (default)
2024-08-15 10:19:36,119 [6c2c8d64-db13-4196-9e9e-e3b1acb91f99-groupManagement] INFO  server.RaftServerConfigKeys (ConfUtils.java:logGet(46)) - raft.server.storage.free-space.min = 0MB (=0) (default)
2024-08-15 10:19:36,119 [6c2c8d64-db13-4196-9e9e-e3b1acb91f99-groupManagement] INFO  server.RaftServerConfigKeys (ConfUtils.java:logGet(46)) - raft.server.log.corruption.policy = EXCEPTION (default)
2024-08-15 10:19:36,119 [6c2c8d64-db13-4196-9e9e-e3b1acb91f99-groupManagement] INFO  server.RaftServerConfigKeys (ConfUtils.java:logGet(46)) - raft.server.storage.dir = [/home/runner/work/ozone/ozone/hadoop-ozone/integration-test/target/test-dir/MiniOzoneClusterImpl-b6aad0f5-771e-4cba-adce-99e3b3454f11/ozone-meta/datanode-2/ratis] (custom)
2024-08-15 10:19:36,120 [6c2c8d64-db13-4196-9e9e-e3b1acb91f99-groupManagement] INFO  storage.RaftStorageDirectory (RaftStorageDirectoryImpl.java:analyzeStorage(138)) - The storage directory /home/runner/work/ozone/ozone/hadoop-ozone/integration-test/target/test-dir/MiniOzoneClusterImpl-b6aad0f5-771e-4cba-adce-99e3b3454f11/ozone-meta/datanode-2/ratis/ad72352b-bd34-4403-8994-134949ed58c0 does not exist. Creating ...
2024-08-15 10:19:36,121 [6c2c8d64-db13-4196-9e9e-e3b1acb91f99-groupManagement] INFO  storage.RaftStorageDirectory (RaftStorageDirectoryImpl.java:tryLock(229)) - Lock on /home/runner/work/ozone/ozone/hadoop-ozone/integration-test/target/test-dir/MiniOzoneClusterImpl-b6aad0f5-771e-4cba-adce-99e3b3454f11/ozone-meta/datanode-2/ratis/ad72352b-bd34-4403-8994-134949ed58c0/in_use.lock acquired by nodename 113339@fv-az1107-352
2024-08-15 10:19:36,122 [6c2c8d64-db13-4196-9e9e-e3b1acb91f99-groupManagement] INFO  storage.RaftStorage (RaftStorageImpl.java:format(98)) - Storage directory /home/runner/work/ozone/ozone/hadoop-ozone/integration-test/target/test-dir/MiniOzoneClusterImpl-b6aad0f5-771e-4cba-adce-99e3b3454f11/ozone-meta/datanode-2/ratis/ad72352b-bd34-4403-8994-134949ed58c0 has been successfully formatted.
2024-08-15 10:19:36,122 [6c2c8d64-db13-4196-9e9e-e3b1acb91f99-groupManagement] INFO  ratis.ContainerStateMachine (ContainerStateMachine.java:loadSnapshot(295)) - group-134949ED58C0: The snapshot info is null. Setting the last applied index to:(t:0, i:~)
2024-08-15 10:19:36,122 [6c2c8d64-db13-4196-9e9e-e3b1acb91f99-groupManagement] INFO  server.RaftServerConfigKeys (ConfUtils.java:logGet(46)) - raft.server.log.use.memory = false (default)
2024-08-15 10:19:36,122 [6c2c8d64-db13-4196-9e9e-e3b1acb91f99-groupManagement] INFO  server.RaftServerConfigKeys (ConfUtils.java:logGet(46)) - raft.server.log.purge.gap = 1000000 (custom)
2024-08-15 10:19:36,122 [6c2c8d64-db13-4196-9e9e-e3b1acb91f99-groupManagement] INFO  server.RaftServerConfigKeys (ConfUtils.java:logGet(46)) - raft.server.log.appender.buffer.byte-limit = 8388608 (custom)
2024-08-15 10:19:36,122 [6c2c8d64-db13-4196-9e9e-e3b1acb91f99-groupManagement] INFO  server.RaftServerConfigKeys (ConfUtils.java:logGet(46)) - raft.server.log.statemachine.data.read.timeout = 1000ms (default)
2024-08-15 10:19:36,122 [6c2c8d64-db13-4196-9e9e-e3b1acb91f99-groupManagement] INFO  server.RaftServerConfigKeys (ConfUtils.java:logGet(46)) - raft.server.log.purge.preservation.log.num = 0 (default)
2024-08-15 10:19:36,123 [EventQueue-PipelineReportForPipelineReportHandler] INFO  pipeline.PipelineReportHandler (PipelineReportHandler.java:processPipelineReport(136)) - Opened pipeline PipelineID=ad72352b-bd34-4403-8994-134949ed58c0
2024-08-15 10:19:36,123 [EventQueue-OpenPipelineForHealthyPipelineSafeModeRule] INFO  safemode.SCMSafeModeManager (HealthyPipelineSafeModeRule.java:process(140)) - SCM in safe mode. Healthy pipelines reported count is 0, required healthy pipeline reported count is 1
2024-08-15 10:19:36,124 [6c2c8d64-db13-4196-9e9e-e3b1acb91f99-groupManagement] INFO  server.RaftServerConfigKeys (ConfUtils.java:logGet(46)) - raft.server.log.segment.size.max = 67108864 (custom)
2024-08-15 10:19:36,124 [6c2c8d64-db13-4196-9e9e-e3b1acb91f99-groupManagement] INFO  server.RaftServerConfigKeys (ConfUtils.java:logGet(46)) - raft.server.log.segment.cache.num.max = 2 (custom)
2024-08-15 10:19:36,124 [6c2c8d64-db13-4196-9e9e-e3b1acb91f99-groupManagement] INFO  server.RaftServerConfigKeys (ConfUtils.java:logGet(46)) - raft.server.log.segment.cache.size.max = 200MB (=209715200) (default)
2024-08-15 10:19:36,124 [6c2c8d64-db13-4196-9e9e-e3b1acb91f99-groupManagement] INFO  server.RaftServerConfigKeys (ConfUtils.java:logGet(46)) - raft.server.log.appender.buffer.byte-limit = 8388608 (custom)
2024-08-15 10:19:36,125 [6c2c8d64-db13-4196-9e9e-e3b1acb91f99-groupManagement] INFO  util.AwaitToRun (AwaitToRun.java:start(81)) - Thread[6c2c8d64-db13-4196-9e9e-e3b1acb91f99@group-134949ED58C0-cacheEviction-AwaitToRun,5,main] started
2024-08-15 10:19:36,125 [6c2c8d64-db13-4196-9e9e-e3b1acb91f99-groupManagement] INFO  segmented.SegmentedRaftLogWorker (SegmentedRaftLogWorker.java:<init>(184)) - new 6c2c8d64-db13-4196-9e9e-e3b1acb91f99@group-134949ED58C0-SegmentedRaftLogWorker for RaftStorageImpl:Storage Directory /home/runner/work/ozone/ozone/hadoop-ozone/integration-test/target/test-dir/MiniOzoneClusterImpl-b6aad0f5-771e-4cba-adce-99e3b3454f11/ozone-meta/datanode-2/ratis/ad72352b-bd34-4403-8994-134949ed58c0
2024-08-15 10:19:36,125 [6c2c8d64-db13-4196-9e9e-e3b1acb91f99-groupManagement] INFO  server.RaftServerConfigKeys (ConfUtils.java:logGet(46)) - raft.server.log.queue.byte-limit = 4294967296 (custom)
2024-08-15 10:19:36,125 [6c2c8d64-db13-4196-9e9e-e3b1acb91f99-groupManagement] INFO  server.RaftServerConfigKeys (ConfUtils.java:logGet(46)) - raft.server.log.queue.element-limit = 1024 (custom)
2024-08-15 10:19:36,125 [6c2c8d64-db13-4196-9e9e-e3b1acb91f99-groupManagement] INFO  server.RaftServerConfigKeys (ConfUtils.java:logGet(46)) - raft.server.log.segment.size.max = 67108864 (custom)
2024-08-15 10:19:36,125 [6c2c8d64-db13-4196-9e9e-e3b1acb91f99-groupManagement] INFO  server.RaftServerConfigKeys (ConfUtils.java:logGet(46)) - raft.server.log.preallocated.size = 4194304 (custom)
2024-08-15 10:19:36,125 [6c2c8d64-db13-4196-9e9e-e3b1acb91f99-groupManagement] INFO  server.RaftServerConfigKeys (ConfUtils.java:logGet(46)) - raft.server.log.force.sync.num = 128 (default)
2024-08-15 10:19:36,125 [6c2c8d64-db13-4196-9e9e-e3b1acb91f99-groupManagement] INFO  server.RaftServerConfigKeys (ConfUtils.java:logGet(46)) - raft.server.log.statemachine.data.sync = true (default)
2024-08-15 10:19:36,125 [6c2c8d64-db13-4196-9e9e-e3b1acb91f99-groupManagement] INFO  server.RaftServerConfigKeys (ConfUtils.java:logGet(46)) - raft.server.log.statemachine.data.sync.timeout = 10s (default)
2024-08-15 10:19:36,125 [6c2c8d64-db13-4196-9e9e-e3b1acb91f99-groupManagement] INFO  server.RaftServerConfigKeys (ConfUtils.java:logGet(46)) - raft.server.log.statemachine.data.sync.timeout.retry = 30 (custom)
2024-08-15 10:19:36,125 [6c2c8d64-db13-4196-9e9e-e3b1acb91f99-groupManagement] INFO  server.RaftServerConfigKeys (ConfUtils.java:logGet(46)) - raft.server.log.write.buffer.size = 8388616 (custom)
2024-08-15 10:19:36,127 [6c2c8d64-db13-4196-9e9e-e3b1acb91f99-groupManagement] INFO  server.RaftServerConfigKeys (ConfUtils.java:logGet(46)) - raft.server.log.appender.buffer.byte-limit = 8388608 (custom)
2024-08-15 10:19:36,127 [6c2c8d64-db13-4196-9e9e-e3b1acb91f99-groupManagement] INFO  server.RaftServerConfigKeys (ConfUtils.java:logGet(46)) - raft.server.log.unsafe-flush.enabled = false (default)
2024-08-15 10:19:36,127 [6c2c8d64-db13-4196-9e9e-e3b1acb91f99-groupManagement] INFO  server.RaftServerConfigKeys (ConfUtils.java:logGet(46)) - raft.server.log.async-flush.enabled = false (default)
2024-08-15 10:19:36,127 [6c2c8d64-db13-4196-9e9e-e3b1acb91f99-groupManagement] INFO  server.RaftServerConfigKeys (ConfUtils.java:logGet(46)) - raft.server.log.statemachine.data.caching.enabled = true (custom)
2024-08-15 10:19:36,127 [6c2c8d64-db13-4196-9e9e-e3b1acb91f99-groupManagement] INFO  segmented.SegmentedRaftLogWorker (SegmentedRaftLogWorker.java:lambda$new$0(135)) - 6c2c8d64-db13-4196-9e9e-e3b1acb91f99@group-134949ED58C0-SegmentedRaftLogWorker: flushIndex: setUnconditionally 0 -> -1
2024-08-15 10:19:36,127 [6c2c8d64-db13-4196-9e9e-e3b1acb91f99-groupManagement] INFO  segmented.SegmentedRaftLogWorker (SegmentedRaftLogWorker.java:lambda$new$0(135)) - 6c2c8d64-db13-4196-9e9e-e3b1acb91f99@group-134949ED58C0-SegmentedRaftLogWorker: safeCacheEvictIndex: setUnconditionally 0 -> -1
2024-08-15 10:19:36,127 [6c2c8d64-db13-4196-9e9e-e3b1acb91f99-groupManagement] INFO  server.RaftServer$Division (RaftServerImpl.java:start(389)) - 6c2c8d64-db13-4196-9e9e-e3b1acb91f99@group-134949ED58C0: start as a follower, conf=conf: {index: -1, cur=peers:[6c2c8d64-db13-4196-9e9e-e3b1acb91f99|127.0.0.1:15551]|listeners:[], old=null}
2024-08-15 10:19:36,127 [6c2c8d64-db13-4196-9e9e-e3b1acb91f99-groupManagement] INFO  server.RaftServer$Division (RaftServerImpl.java:setRole(376)) - 6c2c8d64-db13-4196-9e9e-e3b1acb91f99@group-134949ED58C0: changes role from      null to FOLLOWER at term 0 for startAsFollower
2024-08-15 10:19:36,127 [6c2c8d64-db13-4196-9e9e-e3b1acb91f99-groupManagement] INFO  impl.RoleInfo (RoleInfo.java:updateAndGet(148)) - 6c2c8d64-db13-4196-9e9e-e3b1acb91f99: start 6c2c8d64-db13-4196-9e9e-e3b1acb91f99@group-134949ED58C0-FollowerState
2024-08-15 10:19:36,128 [6c2c8d64-db13-4196-9e9e-e3b1acb91f99@group-134949ED58C0-FollowerState] INFO  server.RaftServerConfigKeys (ConfUtils.java:logFallback(53)) - raft.server.rpc.first-election.timeout.min = 5s (fallback to raft.server.rpc.timeout.min)
2024-08-15 10:19:36,128 [6c2c8d64-db13-4196-9e9e-e3b1acb91f99-groupManagement] INFO  util.JmxRegister (JmxRegister.java:tryRegister(44)) - Successfully registered JMX Bean with object name Ratis:service=RaftServer,group=group-134949ED58C0,id=6c2c8d64-db13-4196-9e9e-e3b1acb91f99
2024-08-15 10:19:36,128 [6c2c8d64-db13-4196-9e9e-e3b1acb91f99-groupManagement] INFO  util.JmxRegister (JmxRegister.java:register(58)) - register mxBean class org.apache.ratis.server.impl.RaftServerJmxAdapter as Ratis:service=RaftServer,group=group-134949ED58C0,id=6c2c8d64-db13-4196-9e9e-e3b1acb91f99
2024-08-15 10:19:36,128 [6c2c8d64-db13-4196-9e9e-e3b1acb91f99@group-134949ED58C0-FollowerState] INFO  server.RaftServerConfigKeys (ConfUtils.java:logFallback(53)) - raft.server.rpc.first-election.timeout.max = 5200ms (fallback to raft.server.rpc.timeout.max)
2024-08-15 10:19:36,128 [6c2c8d64-db13-4196-9e9e-e3b1acb91f99-groupManagement] INFO  server.RaftServerConfigKeys (ConfUtils.java:logGet(46)) - raft.server.snapshot.trigger-when-stop.enabled = true (default)
2024-08-15 10:19:36,128 [6c2c8d64-db13-4196-9e9e-e3b1acb91f99-groupManagement] INFO  server.RaftServerConfigKeys (ConfUtils.java:logGet(46)) - raft.server.snapshot.trigger-when-remove.enabled = true (default)
2024-08-15 10:19:36,128 [6c2c8d64-db13-4196-9e9e-e3b1acb91f99-groupManagement] INFO  server.RaftServerConfigKeys (ConfUtils.java:logGet(46)) - raft.server.snapshot.auto.trigger.enabled = true (custom)
2024-08-15 10:19:36,128 [6c2c8d64-db13-4196-9e9e-e3b1acb91f99-groupManagement] INFO  server.RaftServerConfigKeys (ConfUtils.java:logGet(46)) - raft.server.snapshot.auto.trigger.threshold = 10000 (custom)
2024-08-15 10:19:36,128 [6c2c8d64-db13-4196-9e9e-e3b1acb91f99-groupManagement] INFO  server.RaftServerConfigKeys (ConfUtils.java:logGet(46)) - raft.server.snapshot.retention.file.num = 5 (custom)
2024-08-15 10:19:36,128 [6c2c8d64-db13-4196-9e9e-e3b1acb91f99-groupManagement] INFO  server.RaftServerConfigKeys (ConfUtils.java:logGet(46)) - raft.server.log.purge.upto.snapshot.index = false (default)
2024-08-15 10:19:36,129 [6c2c8d64-db13-4196-9e9e-e3b1acb91f99-PipelineCommandHandlerThread-0] INFO  ratis.XceiverServerRatis (XceiverServerRatis.java:addGroup(850)) - Created group PipelineID=ad72352b-bd34-4403-8994-134949ed58c0
2024-08-15 10:19:36,129 [6c2c8d64-db13-4196-9e9e-e3b1acb91f99-PipelineCommandHandlerThread-0] INFO  commandhandler.CreatePipelineCommandHandler (CreatePipelineCommandHandler.java:lambda$handle$2(124)) - Created Pipeline RATIS ONE PipelineID=ad72352b-bd34-4403-8994-134949ed58c0.
2024-08-15 10:19:36,344 [81bac27f-0582-41fc-bc3f-9f968300fa98-PipelineCommandHandlerThread-0] INFO  server.RaftServer (RaftServerProxy.java:addNew(101)) - 81bac27f-0582-41fc-bc3f-9f968300fa98: addNew group-EC55A3BA8D80:[81bac27f-0582-41fc-bc3f-9f968300fa98|127.0.0.1:15560] returns group-EC55A3BA8D80:java.util.concurrent.CompletableFuture@12f6bdf4[Not completed]
2024-08-15 10:19:36,345 [81bac27f-0582-41fc-bc3f-9f968300fa98-groupManagement] INFO  server.RaftServer$Division (RaftServerImpl.java:<init>(253)) - 81bac27f-0582-41fc-bc3f-9f968300fa98: new RaftServerImpl for group-EC55A3BA8D80:[81bac27f-0582-41fc-bc3f-9f968300fa98|127.0.0.1:15560] with ContainerStateMachine:uninitialized
2024-08-15 10:19:36,345 [81bac27f-0582-41fc-bc3f-9f968300fa98-groupManagement] INFO  server.RaftServerConfigKeys (ConfUtils.java:logGet(46)) - raft.server.rpc.timeout.min = 5s (custom)
2024-08-15 10:19:36,345 [81bac27f-0582-41fc-bc3f-9f968300fa98-groupManagement] INFO  server.RaftServerConfigKeys (ConfUtils.java:logGet(46)) - raft.server.rpc.timeout.max = 5200ms (custom)
2024-08-15 10:19:36,345 [81bac27f-0582-41fc-bc3f-9f968300fa98-groupManagement] INFO  server.RaftServerConfigKeys (ConfUtils.java:logGet(46)) - raft.server.rpc.sleep.time = 25ms (default)
2024-08-15 10:19:36,345 [81bac27f-0582-41fc-bc3f-9f968300fa98-groupManagement] INFO  server.RaftServerConfigKeys (ConfUtils.java:logGet(46)) - raft.server.rpc.slowness.timeout = 300000ms (custom)
2024-08-15 10:19:36,345 [81bac27f-0582-41fc-bc3f-9f968300fa98-groupManagement] INFO  server.RaftServerConfigKeys (ConfUtils.java:logGet(46)) - raft.server.leaderelection.leader.step-down.wait-time = 10s (default)
2024-08-15 10:19:36,345 [81bac27f-0582-41fc-bc3f-9f968300fa98-groupManagement] INFO  server.RaftServerConfigKeys (ConfUtils.java:logGet(46)) - raft.server.leaderelection.member.majority-add = false (default)
2024-08-15 10:19:36,345 [81bac27f-0582-41fc-bc3f-9f968300fa98-groupManagement] INFO  server.RaftServerConfigKeys (ConfUtils.java:logGet(46)) - raft.server.sleep.deviation.threshold = 300ms (default)
2024-08-15 10:19:36,345 [81bac27f-0582-41fc-bc3f-9f968300fa98-groupManagement] INFO  server.RaftServer$Division (ServerState.java:<init>(114)) - 81bac27f-0582-41fc-bc3f-9f968300fa98@group-EC55A3BA8D80: ConfigurationManager, init=conf: {index: -1, cur=peers:[81bac27f-0582-41fc-bc3f-9f968300fa98|127.0.0.1:15560]|listeners:[], old=null}, confs=<EMPTY_MAP>
2024-08-15 10:19:36,345 [81bac27f-0582-41fc-bc3f-9f968300fa98-groupManagement] INFO  server.RaftServerConfigKeys (ConfUtils.java:logGet(46)) - raft.server.notification.no-leader.timeout = 300000ms (custom)
2024-08-15 10:19:36,345 [81bac27f-0582-41fc-bc3f-9f968300fa98-groupManagement] INFO  server.RaftServerConfigKeys (ConfUtils.java:logGet(46)) - raft.server.read.timeout = 10s (default)
2024-08-15 10:19:36,345 [81bac27f-0582-41fc-bc3f-9f968300fa98-groupManagement] INFO  server.RaftServerConfigKeys (ConfUtils.java:logGet(46)) - raft.server.retrycache.expirytime = 600000ms (custom)
2024-08-15 10:19:36,345 [81bac27f-0582-41fc-bc3f-9f968300fa98-groupManagement] INFO  server.RaftServerConfigKeys (ConfUtils.java:logGet(46)) - raft.server.retrycache.statistics.expirytime = 100ms (default)
2024-08-15 10:19:36,345 [81bac27f-0582-41fc-bc3f-9f968300fa98-groupManagement] INFO  server.RaftServerConfigKeys (ConfUtils.java:logGet(46)) - raft.server.read.option = DEFAULT (default)
2024-08-15 10:19:36,345 [81bac27f-0582-41fc-bc3f-9f968300fa98-groupManagement] INFO  server.RaftServerConfigKeys (ConfUtils.java:logGet(46)) - raft.server.read.read-after-write-consistent.write-index-cache.expiry-time = 60s (default)
2024-08-15 10:19:36,348 [81bac27f-0582-41fc-bc3f-9f968300fa98-groupManagement] INFO  server.RaftServerConfigKeys (ConfUtils.java:logGet(46)) - raft.server.rpc.request.timeout = 3000ms (default)
2024-08-15 10:19:36,348 [81bac27f-0582-41fc-bc3f-9f968300fa98-groupManagement] INFO  server.RaftServerConfigKeys (ConfUtils.java:logGet(46)) - raft.server.log.appender.install.snapshot.enabled = false (custom)
2024-08-15 10:19:36,348 [81bac27f-0582-41fc-bc3f-9f968300fa98-groupManagement] INFO  server.RaftServerConfigKeys (ConfUtils.java:logGet(46)) - raft.server.threadpool.server.cached = true (default)
2024-08-15 10:19:36,348 [81bac27f-0582-41fc-bc3f-9f968300fa98-groupManagement] INFO  server.RaftServerConfigKeys (ConfUtils.java:logGet(46)) - raft.server.threadpool.server.size = 0 (default)
2024-08-15 10:19:36,348 [81bac27f-0582-41fc-bc3f-9f968300fa98-groupManagement] INFO  server.RaftServerConfigKeys (ConfUtils.java:logGet(46)) - raft.server.threadpool.client.cached = true (default)
2024-08-15 10:19:36,348 [81bac27f-0582-41fc-bc3f-9f968300fa98-groupManagement] INFO  server.RaftServerConfigKeys (ConfUtils.java:logGet(46)) - raft.server.threadpool.client.size = 0 (default)
2024-08-15 10:19:36,348 [81bac27f-0582-41fc-bc3f-9f968300fa98-groupManagement] INFO  server.RaftServerConfigKeys (ConfUtils.java:logGet(46)) - raft.server.storage.free-space.min = 0MB (=0) (default)
2024-08-15 10:19:36,349 [81bac27f-0582-41fc-bc3f-9f968300fa98-groupManagement] INFO  server.RaftServerConfigKeys (ConfUtils.java:logGet(46)) - raft.server.log.corruption.policy = EXCEPTION (default)
2024-08-15 10:19:36,349 [81bac27f-0582-41fc-bc3f-9f968300fa98-groupManagement] INFO  server.RaftServerConfigKeys (ConfUtils.java:logGet(46)) - raft.server.storage.dir = [/home/runner/work/ozone/ozone/hadoop-ozone/integration-test/target/test-dir/MiniOzoneClusterImpl-b6aad0f5-771e-4cba-adce-99e3b3454f11/ozone-meta/datanode-3/ratis] (custom)
2024-08-15 10:19:36,349 [81bac27f-0582-41fc-bc3f-9f968300fa98-groupManagement] INFO  storage.RaftStorageDirectory (RaftStorageDirectoryImpl.java:analyzeStorage(138)) - The storage directory /home/runner/work/ozone/ozone/hadoop-ozone/integration-test/target/test-dir/MiniOzoneClusterImpl-b6aad0f5-771e-4cba-adce-99e3b3454f11/ozone-meta/datanode-3/ratis/9887757d-80b1-4952-877b-ec55a3ba8d80 does not exist. Creating ...
2024-08-15 10:19:36,350 [81bac27f-0582-41fc-bc3f-9f968300fa98-groupManagement] INFO  storage.RaftStorageDirectory (RaftStorageDirectoryImpl.java:tryLock(229)) - Lock on /home/runner/work/ozone/ozone/hadoop-ozone/integration-test/target/test-dir/MiniOzoneClusterImpl-b6aad0f5-771e-4cba-adce-99e3b3454f11/ozone-meta/datanode-3/ratis/9887757d-80b1-4952-877b-ec55a3ba8d80/in_use.lock acquired by nodename 113339@fv-az1107-352
2024-08-15 10:19:36,351 [81bac27f-0582-41fc-bc3f-9f968300fa98-groupManagement] INFO  storage.RaftStorage (RaftStorageImpl.java:format(98)) - Storage directory /home/runner/work/ozone/ozone/hadoop-ozone/integration-test/target/test-dir/MiniOzoneClusterImpl-b6aad0f5-771e-4cba-adce-99e3b3454f11/ozone-meta/datanode-3/ratis/9887757d-80b1-4952-877b-ec55a3ba8d80 has been successfully formatted.
2024-08-15 10:19:36,351 [81bac27f-0582-41fc-bc3f-9f968300fa98-groupManagement] INFO  ratis.ContainerStateMachine (ContainerStateMachine.java:loadSnapshot(295)) - group-EC55A3BA8D80: The snapshot info is null. Setting the last applied index to:(t:0, i:~)
2024-08-15 10:19:36,351 [81bac27f-0582-41fc-bc3f-9f968300fa98-groupManagement] INFO  server.RaftServerConfigKeys (ConfUtils.java:logGet(46)) - raft.server.log.use.memory = false (default)
2024-08-15 10:19:36,351 [81bac27f-0582-41fc-bc3f-9f968300fa98-groupManagement] INFO  server.RaftServerConfigKeys (ConfUtils.java:logGet(46)) - raft.server.log.purge.gap = 1000000 (custom)
2024-08-15 10:19:36,352 [81bac27f-0582-41fc-bc3f-9f968300fa98-groupManagement] INFO  server.RaftServerConfigKeys (ConfUtils.java:logGet(46)) - raft.server.log.appender.buffer.byte-limit = 8388608 (custom)
2024-08-15 10:19:36,352 [81bac27f-0582-41fc-bc3f-9f968300fa98-groupManagement] INFO  server.RaftServerConfigKeys (ConfUtils.java:logGet(46)) - raft.server.log.statemachine.data.read.timeout = 1000ms (default)
2024-08-15 10:19:36,352 [81bac27f-0582-41fc-bc3f-9f968300fa98-groupManagement] INFO  server.RaftServerConfigKeys (ConfUtils.java:logGet(46)) - raft.server.log.purge.preservation.log.num = 0 (default)
2024-08-15 10:19:36,352 [EventQueue-PipelineReportForPipelineReportHandler] INFO  pipeline.PipelineReportHandler (PipelineReportHandler.java:processPipelineReport(136)) - Opened pipeline PipelineID=9887757d-80b1-4952-877b-ec55a3ba8d80
2024-08-15 10:19:36,352 [EventQueue-OpenPipelineForHealthyPipelineSafeModeRule] INFO  safemode.SCMSafeModeManager (HealthyPipelineSafeModeRule.java:process(140)) - SCM in safe mode. Healthy pipelines reported count is 0, required healthy pipeline reported count is 1
2024-08-15 10:19:36,353 [81bac27f-0582-41fc-bc3f-9f968300fa98-groupManagement] INFO  server.RaftServerConfigKeys (ConfUtils.java:logGet(46)) - raft.server.log.segment.size.max = 67108864 (custom)
2024-08-15 10:19:36,353 [81bac27f-0582-41fc-bc3f-9f968300fa98-groupManagement] INFO  server.RaftServerConfigKeys (ConfUtils.java:logGet(46)) - raft.server.log.segment.cache.num.max = 2 (custom)
2024-08-15 10:19:36,353 [81bac27f-0582-41fc-bc3f-9f968300fa98-groupManagement] INFO  server.RaftServerConfigKeys (ConfUtils.java:logGet(46)) - raft.server.log.segment.cache.size.max = 200MB (=209715200) (default)
2024-08-15 10:19:36,353 [81bac27f-0582-41fc-bc3f-9f968300fa98-groupManagement] INFO  server.RaftServerConfigKeys (ConfUtils.java:logGet(46)) - raft.server.log.appender.buffer.byte-limit = 8388608 (custom)
2024-08-15 10:19:36,354 [81bac27f-0582-41fc-bc3f-9f968300fa98-groupManagement] INFO  util.AwaitToRun (AwaitToRun.java:start(81)) - Thread[81bac27f-0582-41fc-bc3f-9f968300fa98@group-EC55A3BA8D80-cacheEviction-AwaitToRun,5,main] started
2024-08-15 10:19:36,354 [81bac27f-0582-41fc-bc3f-9f968300fa98-groupManagement] INFO  segmented.SegmentedRaftLogWorker (SegmentedRaftLogWorker.java:<init>(184)) - new 81bac27f-0582-41fc-bc3f-9f968300fa98@group-EC55A3BA8D80-SegmentedRaftLogWorker for RaftStorageImpl:Storage Directory /home/runner/work/ozone/ozone/hadoop-ozone/integration-test/target/test-dir/MiniOzoneClusterImpl-b6aad0f5-771e-4cba-adce-99e3b3454f11/ozone-meta/datanode-3/ratis/9887757d-80b1-4952-877b-ec55a3ba8d80
2024-08-15 10:19:36,354 [81bac27f-0582-41fc-bc3f-9f968300fa98-groupManagement] INFO  server.RaftServerConfigKeys (ConfUtils.java:logGet(46)) - raft.server.log.queue.byte-limit = 4294967296 (custom)
2024-08-15 10:19:36,354 [81bac27f-0582-41fc-bc3f-9f968300fa98-groupManagement] INFO  server.RaftServerConfigKeys (ConfUtils.java:logGet(46)) - raft.server.log.queue.element-limit = 1024 (custom)
2024-08-15 10:19:36,354 [81bac27f-0582-41fc-bc3f-9f968300fa98-groupManagement] INFO  server.RaftServerConfigKeys (ConfUtils.java:logGet(46)) - raft.server.log.segment.size.max = 67108864 (custom)
2024-08-15 10:19:36,354 [81bac27f-0582-41fc-bc3f-9f968300fa98-groupManagement] INFO  server.RaftServerConfigKeys (ConfUtils.java:logGet(46)) - raft.server.log.preallocated.size = 4194304 (custom)
2024-08-15 10:19:36,354 [81bac27f-0582-41fc-bc3f-9f968300fa98-groupManagement] INFO  server.RaftServerConfigKeys (ConfUtils.java:logGet(46)) - raft.server.log.force.sync.num = 128 (default)
2024-08-15 10:19:36,354 [81bac27f-0582-41fc-bc3f-9f968300fa98-groupManagement] INFO  server.RaftServerConfigKeys (ConfUtils.java:logGet(46)) - raft.server.log.statemachine.data.sync = true (default)
2024-08-15 10:19:36,354 [81bac27f-0582-41fc-bc3f-9f968300fa98-groupManagement] INFO  server.RaftServerConfigKeys (ConfUtils.java:logGet(46)) - raft.server.log.statemachine.data.sync.timeout = 10s (default)
2024-08-15 10:19:36,354 [81bac27f-0582-41fc-bc3f-9f968300fa98-groupManagement] INFO  server.RaftServerConfigKeys (ConfUtils.java:logGet(46)) - raft.server.log.statemachine.data.sync.timeout.retry = 30 (custom)
2024-08-15 10:19:36,354 [81bac27f-0582-41fc-bc3f-9f968300fa98-groupManagement] INFO  server.RaftServerConfigKeys (ConfUtils.java:logGet(46)) - raft.server.log.write.buffer.size = 8388616 (custom)
2024-08-15 10:19:36,356 [81bac27f-0582-41fc-bc3f-9f968300fa98-groupManagement] INFO  server.RaftServerConfigKeys (ConfUtils.java:logGet(46)) - raft.server.log.appender.buffer.byte-limit = 8388608 (custom)
2024-08-15 10:19:36,356 [81bac27f-0582-41fc-bc3f-9f968300fa98-groupManagement] INFO  server.RaftServerConfigKeys (ConfUtils.java:logGet(46)) - raft.server.log.unsafe-flush.enabled = false (default)
2024-08-15 10:19:36,356 [81bac27f-0582-41fc-bc3f-9f968300fa98-groupManagement] INFO  server.RaftServerConfigKeys (ConfUtils.java:logGet(46)) - raft.server.log.async-flush.enabled = false (default)
2024-08-15 10:19:36,356 [81bac27f-0582-41fc-bc3f-9f968300fa98-groupManagement] INFO  server.RaftServerConfigKeys (ConfUtils.java:logGet(46)) - raft.server.log.statemachine.data.caching.enabled = true (custom)
2024-08-15 10:19:36,356 [81bac27f-0582-41fc-bc3f-9f968300fa98-groupManagement] INFO  segmented.SegmentedRaftLogWorker (SegmentedRaftLogWorker.java:lambda$new$0(135)) - 81bac27f-0582-41fc-bc3f-9f968300fa98@group-EC55A3BA8D80-SegmentedRaftLogWorker: flushIndex: setUnconditionally 0 -> -1
2024-08-15 10:19:36,356 [81bac27f-0582-41fc-bc3f-9f968300fa98-groupManagement] INFO  segmented.SegmentedRaftLogWorker (SegmentedRaftLogWorker.java:lambda$new$0(135)) - 81bac27f-0582-41fc-bc3f-9f968300fa98@group-EC55A3BA8D80-SegmentedRaftLogWorker: safeCacheEvictIndex: setUnconditionally 0 -> -1
2024-08-15 10:19:36,356 [81bac27f-0582-41fc-bc3f-9f968300fa98-groupManagement] INFO  server.RaftServer$Division (RaftServerImpl.java:start(389)) - 81bac27f-0582-41fc-bc3f-9f968300fa98@group-EC55A3BA8D80: start as a follower, conf=conf: {index: -1, cur=peers:[81bac27f-0582-41fc-bc3f-9f968300fa98|127.0.0.1:15560]|listeners:[], old=null}
2024-08-15 10:19:36,356 [81bac27f-0582-41fc-bc3f-9f968300fa98-groupManagement] INFO  server.RaftServer$Division (RaftServerImpl.java:setRole(376)) - 81bac27f-0582-41fc-bc3f-9f968300fa98@group-EC55A3BA8D80: changes role from      null to FOLLOWER at term 0 for startAsFollower
2024-08-15 10:19:36,356 [81bac27f-0582-41fc-bc3f-9f968300fa98-groupManagement] INFO  impl.RoleInfo (RoleInfo.java:updateAndGet(148)) - 81bac27f-0582-41fc-bc3f-9f968300fa98: start 81bac27f-0582-41fc-bc3f-9f968300fa98@group-EC55A3BA8D80-FollowerState
2024-08-15 10:19:36,357 [81bac27f-0582-41fc-bc3f-9f968300fa98@group-EC55A3BA8D80-FollowerState] INFO  server.RaftServerConfigKeys (ConfUtils.java:logFallback(53)) - raft.server.rpc.first-election.timeout.min = 5s (fallback to raft.server.rpc.timeout.min)
2024-08-15 10:19:36,357 [81bac27f-0582-41fc-bc3f-9f968300fa98@group-EC55A3BA8D80-FollowerState] INFO  server.RaftServerConfigKeys (ConfUtils.java:logFallback(53)) - raft.server.rpc.first-election.timeout.max = 5200ms (fallback to raft.server.rpc.timeout.max)
2024-08-15 10:19:36,357 [81bac27f-0582-41fc-bc3f-9f968300fa98-groupManagement] INFO  util.JmxRegister (JmxRegister.java:tryRegister(44)) - Successfully registered JMX Bean with object name Ratis:service=RaftServer,group=group-EC55A3BA8D80,id=81bac27f-0582-41fc-bc3f-9f968300fa98
2024-08-15 10:19:36,357 [81bac27f-0582-41fc-bc3f-9f968300fa98-groupManagement] INFO  util.JmxRegister (JmxRegister.java:register(58)) - register mxBean class org.apache.ratis.server.impl.RaftServerJmxAdapter as Ratis:service=RaftServer,group=group-EC55A3BA8D80,id=81bac27f-0582-41fc-bc3f-9f968300fa98
2024-08-15 10:19:36,357 [81bac27f-0582-41fc-bc3f-9f968300fa98-groupManagement] INFO  server.RaftServerConfigKeys (ConfUtils.java:logGet(46)) - raft.server.snapshot.trigger-when-stop.enabled = true (default)
2024-08-15 10:19:36,357 [81bac27f-0582-41fc-bc3f-9f968300fa98-groupManagement] INFO  server.RaftServerConfigKeys (ConfUtils.java:logGet(46)) - raft.server.snapshot.trigger-when-remove.enabled = true (default)
2024-08-15 10:19:36,357 [81bac27f-0582-41fc-bc3f-9f968300fa98-groupManagement] INFO  server.RaftServerConfigKeys (ConfUtils.java:logGet(46)) - raft.server.snapshot.auto.trigger.enabled = true (custom)
2024-08-15 10:19:36,357 [81bac27f-0582-41fc-bc3f-9f968300fa98-groupManagement] INFO  server.RaftServerConfigKeys (ConfUtils.java:logGet(46)) - raft.server.snapshot.auto.trigger.threshold = 10000 (custom)
2024-08-15 10:19:36,357 [81bac27f-0582-41fc-bc3f-9f968300fa98-groupManagement] INFO  server.RaftServerConfigKeys (ConfUtils.java:logGet(46)) - raft.server.snapshot.retention.file.num = 5 (custom)
2024-08-15 10:19:36,357 [81bac27f-0582-41fc-bc3f-9f968300fa98-groupManagement] INFO  server.RaftServerConfigKeys (ConfUtils.java:logGet(46)) - raft.server.log.purge.upto.snapshot.index = false (default)
2024-08-15 10:19:36,359 [81bac27f-0582-41fc-bc3f-9f968300fa98-PipelineCommandHandlerThread-0] INFO  ratis.XceiverServerRatis (XceiverServerRatis.java:addGroup(850)) - Created group PipelineID=9887757d-80b1-4952-877b-ec55a3ba8d80
2024-08-15 10:19:36,359 [81bac27f-0582-41fc-bc3f-9f968300fa98-PipelineCommandHandlerThread-0] INFO  commandhandler.CreatePipelineCommandHandler (CreatePipelineCommandHandler.java:lambda$handle$2(124)) - Created Pipeline RATIS ONE PipelineID=9887757d-80b1-4952-877b-ec55a3ba8d80.
2024-08-15 10:19:36,579 [d4ec432b-f714-4e84-a00f-65ea9c81cd2d-PipelineCommandHandlerThread-0] INFO  server.RaftServer (RaftServerProxy.java:addNew(101)) - d4ec432b-f714-4e84-a00f-65ea9c81cd2d: addNew group-1776C7AA5782:[d4ec432b-f714-4e84-a00f-65ea9c81cd2d|127.0.0.1:15569] returns group-1776C7AA5782:java.util.concurrent.CompletableFuture@5ebb2afe[Not completed]
2024-08-15 10:19:36,580 [d4ec432b-f714-4e84-a00f-65ea9c81cd2d-groupManagement] INFO  server.RaftServer$Division (RaftServerImpl.java:<init>(253)) - d4ec432b-f714-4e84-a00f-65ea9c81cd2d: new RaftServerImpl for group-1776C7AA5782:[d4ec432b-f714-4e84-a00f-65ea9c81cd2d|127.0.0.1:15569] with ContainerStateMachine:uninitialized
2024-08-15 10:19:36,580 [d4ec432b-f714-4e84-a00f-65ea9c81cd2d-groupManagement] INFO  server.RaftServerConfigKeys (ConfUtils.java:logGet(46)) - raft.server.rpc.timeout.min = 5s (custom)
2024-08-15 10:19:36,580 [d4ec432b-f714-4e84-a00f-65ea9c81cd2d-groupManagement] INFO  server.RaftServerConfigKeys (ConfUtils.java:logGet(46)) - raft.server.rpc.timeout.max = 5200ms (custom)
2024-08-15 10:19:36,580 [d4ec432b-f714-4e84-a00f-65ea9c81cd2d-groupManagement] INFO  server.RaftServerConfigKeys (ConfUtils.java:logGet(46)) - raft.server.rpc.sleep.time = 25ms (default)
2024-08-15 10:19:36,580 [d4ec432b-f714-4e84-a00f-65ea9c81cd2d-groupManagement] INFO  server.RaftServerConfigKeys (ConfUtils.java:logGet(46)) - raft.server.rpc.slowness.timeout = 300000ms (custom)
2024-08-15 10:19:36,580 [d4ec432b-f714-4e84-a00f-65ea9c81cd2d-groupManagement] INFO  server.RaftServerConfigKeys (ConfUtils.java:logGet(46)) - raft.server.leaderelection.leader.step-down.wait-time = 10s (default)
2024-08-15 10:19:36,580 [d4ec432b-f714-4e84-a00f-65ea9c81cd2d-groupManagement] INFO  server.RaftServerConfigKeys (ConfUtils.java:logGet(46)) - raft.server.leaderelection.member.majority-add = false (default)
2024-08-15 10:19:36,580 [d4ec432b-f714-4e84-a00f-65ea9c81cd2d-groupManagement] INFO  server.RaftServerConfigKeys (ConfUtils.java:logGet(46)) - raft.server.sleep.deviation.threshold = 300ms (default)
2024-08-15 10:19:36,580 [d4ec432b-f714-4e84-a00f-65ea9c81cd2d-groupManagement] INFO  server.RaftServer$Division (ServerState.java:<init>(114)) - d4ec432b-f714-4e84-a00f-65ea9c81cd2d@group-1776C7AA5782: ConfigurationManager, init=conf: {index: -1, cur=peers:[d4ec432b-f714-4e84-a00f-65ea9c81cd2d|127.0.0.1:15569]|listeners:[], old=null}, confs=<EMPTY_MAP>
2024-08-15 10:19:36,580 [d4ec432b-f714-4e84-a00f-65ea9c81cd2d-groupManagement] INFO  server.RaftServerConfigKeys (ConfUtils.java:logGet(46)) - raft.server.notification.no-leader.timeout = 300000ms (custom)
2024-08-15 10:19:36,580 [d4ec432b-f714-4e84-a00f-65ea9c81cd2d-groupManagement] INFO  server.RaftServerConfigKeys (ConfUtils.java:logGet(46)) - raft.server.read.timeout = 10s (default)
2024-08-15 10:19:36,580 [d4ec432b-f714-4e84-a00f-65ea9c81cd2d-groupManagement] INFO  server.RaftServerConfigKeys (ConfUtils.java:logGet(46)) - raft.server.retrycache.expirytime = 600000ms (custom)
2024-08-15 10:19:36,580 [d4ec432b-f714-4e84-a00f-65ea9c81cd2d-groupManagement] INFO  server.RaftServerConfigKeys (ConfUtils.java:logGet(46)) - raft.server.retrycache.statistics.expirytime = 100ms (default)
2024-08-15 10:19:36,580 [d4ec432b-f714-4e84-a00f-65ea9c81cd2d-groupManagement] INFO  server.RaftServerConfigKeys (ConfUtils.java:logGet(46)) - raft.server.read.option = DEFAULT (default)
2024-08-15 10:19:36,580 [d4ec432b-f714-4e84-a00f-65ea9c81cd2d-groupManagement] INFO  server.RaftServerConfigKeys (ConfUtils.java:logGet(46)) - raft.server.read.read-after-write-consistent.write-index-cache.expiry-time = 60s (default)
2024-08-15 10:19:36,583 [d4ec432b-f714-4e84-a00f-65ea9c81cd2d-groupManagement] INFO  server.RaftServerConfigKeys (ConfUtils.java:logGet(46)) - raft.server.rpc.request.timeout = 3000ms (default)
2024-08-15 10:19:36,583 [d4ec432b-f714-4e84-a00f-65ea9c81cd2d-groupManagement] INFO  server.RaftServerConfigKeys (ConfUtils.java:logGet(46)) - raft.server.log.appender.install.snapshot.enabled = false (custom)
2024-08-15 10:19:36,583 [d4ec432b-f714-4e84-a00f-65ea9c81cd2d-groupManagement] INFO  server.RaftServerConfigKeys (ConfUtils.java:logGet(46)) - raft.server.threadpool.server.cached = true (default)
2024-08-15 10:19:36,583 [d4ec432b-f714-4e84-a00f-65ea9c81cd2d-groupManagement] INFO  server.RaftServerConfigKeys (ConfUtils.java:logGet(46)) - raft.server.threadpool.server.size = 0 (default)
2024-08-15 10:19:36,583 [d4ec432b-f714-4e84-a00f-65ea9c81cd2d-groupManagement] INFO  server.RaftServerConfigKeys (ConfUtils.java:logGet(46)) - raft.server.threadpool.client.cached = true (default)
2024-08-15 10:19:36,583 [d4ec432b-f714-4e84-a00f-65ea9c81cd2d-groupManagement] INFO  server.RaftServerConfigKeys (ConfUtils.java:logGet(46)) - raft.server.threadpool.client.size = 0 (default)
2024-08-15 10:19:36,583 [d4ec432b-f714-4e84-a00f-65ea9c81cd2d-groupManagement] INFO  server.RaftServerConfigKeys (ConfUtils.java:logGet(46)) - raft.server.storage.free-space.min = 0MB (=0) (default)
2024-08-15 10:19:36,583 [d4ec432b-f714-4e84-a00f-65ea9c81cd2d-groupManagement] INFO  server.RaftServerConfigKeys (ConfUtils.java:logGet(46)) - raft.server.log.corruption.policy = EXCEPTION (default)
2024-08-15 10:19:36,584 [d4ec432b-f714-4e84-a00f-65ea9c81cd2d-groupManagement] INFO  server.RaftServerConfigKeys (ConfUtils.java:logGet(46)) - raft.server.storage.dir = [/home/runner/work/ozone/ozone/hadoop-ozone/integration-test/target/test-dir/MiniOzoneClusterImpl-b6aad0f5-771e-4cba-adce-99e3b3454f11/ozone-meta/datanode-4/ratis] (custom)
2024-08-15 10:19:36,584 [d4ec432b-f714-4e84-a00f-65ea9c81cd2d-groupManagement] INFO  storage.RaftStorageDirectory (RaftStorageDirectoryImpl.java:analyzeStorage(138)) - The storage directory /home/runner/work/ozone/ozone/hadoop-ozone/integration-test/target/test-dir/MiniOzoneClusterImpl-b6aad0f5-771e-4cba-adce-99e3b3454f11/ozone-meta/datanode-4/ratis/6e881350-c14d-4e78-a51b-1776c7aa5782 does not exist. Creating ...
2024-08-15 10:19:36,585 [d4ec432b-f714-4e84-a00f-65ea9c81cd2d-groupManagement] INFO  storage.RaftStorageDirectory (RaftStorageDirectoryImpl.java:tryLock(229)) - Lock on /home/runner/work/ozone/ozone/hadoop-ozone/integration-test/target/test-dir/MiniOzoneClusterImpl-b6aad0f5-771e-4cba-adce-99e3b3454f11/ozone-meta/datanode-4/ratis/6e881350-c14d-4e78-a51b-1776c7aa5782/in_use.lock acquired by nodename 113339@fv-az1107-352
2024-08-15 10:19:36,586 [d4ec432b-f714-4e84-a00f-65ea9c81cd2d-groupManagement] INFO  storage.RaftStorage (RaftStorageImpl.java:format(98)) - Storage directory /home/runner/work/ozone/ozone/hadoop-ozone/integration-test/target/test-dir/MiniOzoneClusterImpl-b6aad0f5-771e-4cba-adce-99e3b3454f11/ozone-meta/datanode-4/ratis/6e881350-c14d-4e78-a51b-1776c7aa5782 has been successfully formatted.
2024-08-15 10:19:36,586 [d4ec432b-f714-4e84-a00f-65ea9c81cd2d-groupManagement] INFO  ratis.ContainerStateMachine (ContainerStateMachine.java:loadSnapshot(295)) - group-1776C7AA5782: The snapshot info is null. Setting the last applied index to:(t:0, i:~)
2024-08-15 10:19:36,586 [d4ec432b-f714-4e84-a00f-65ea9c81cd2d-groupManagement] INFO  server.RaftServerConfigKeys (ConfUtils.java:logGet(46)) - raft.server.log.use.memory = false (default)
2024-08-15 10:19:36,586 [d4ec432b-f714-4e84-a00f-65ea9c81cd2d-groupManagement] INFO  server.RaftServerConfigKeys (ConfUtils.java:logGet(46)) - raft.server.log.purge.gap = 1000000 (custom)
2024-08-15 10:19:36,586 [d4ec432b-f714-4e84-a00f-65ea9c81cd2d-groupManagement] INFO  server.RaftServerConfigKeys (ConfUtils.java:logGet(46)) - raft.server.log.appender.buffer.byte-limit = 8388608 (custom)
2024-08-15 10:19:36,586 [d4ec432b-f714-4e84-a00f-65ea9c81cd2d-groupManagement] INFO  server.RaftServerConfigKeys (ConfUtils.java:logGet(46)) - raft.server.log.statemachine.data.read.timeout = 1000ms (default)
2024-08-15 10:19:36,587 [d4ec432b-f714-4e84-a00f-65ea9c81cd2d-groupManagement] INFO  server.RaftServerConfigKeys (ConfUtils.java:logGet(46)) - raft.server.log.purge.preservation.log.num = 0 (default)
2024-08-15 10:19:36,587 [EventQueue-PipelineReportForPipelineReportHandler] INFO  pipeline.PipelineReportHandler (PipelineReportHandler.java:processPipelineReport(136)) - Opened pipeline PipelineID=6e881350-c14d-4e78-a51b-1776c7aa5782
2024-08-15 10:19:36,587 [EventQueue-OpenPipelineForHealthyPipelineSafeModeRule] INFO  safemode.SCMSafeModeManager (HealthyPipelineSafeModeRule.java:process(140)) - SCM in safe mode. Healthy pipelines reported count is 0, required healthy pipeline reported count is 1
2024-08-15 10:19:36,588 [d4ec432b-f714-4e84-a00f-65ea9c81cd2d-groupManagement] INFO  server.RaftServerConfigKeys (ConfUtils.java:logGet(46)) - raft.server.log.segment.size.max = 67108864 (custom)
2024-08-15 10:19:36,588 [d4ec432b-f714-4e84-a00f-65ea9c81cd2d-groupManagement] INFO  server.RaftServerConfigKeys (ConfUtils.java:logGet(46)) - raft.server.log.segment.cache.num.max = 2 (custom)
2024-08-15 10:19:36,588 [d4ec432b-f714-4e84-a00f-65ea9c81cd2d-groupManagement] INFO  server.RaftServerConfigKeys (ConfUtils.java:logGet(46)) - raft.server.log.segment.cache.size.max = 200MB (=209715200) (default)
2024-08-15 10:19:36,588 [d4ec432b-f714-4e84-a00f-65ea9c81cd2d-groupManagement] INFO  server.RaftServerConfigKeys (ConfUtils.java:logGet(46)) - raft.server.log.appender.buffer.byte-limit = 8388608 (custom)
2024-08-15 10:19:36,589 [d4ec432b-f714-4e84-a00f-65ea9c81cd2d-groupManagement] INFO  util.AwaitToRun (AwaitToRun.java:start(81)) - Thread[d4ec432b-f714-4e84-a00f-65ea9c81cd2d@group-1776C7AA5782-cacheEviction-AwaitToRun,5,main] started
2024-08-15 10:19:36,589 [d4ec432b-f714-4e84-a00f-65ea9c81cd2d-groupManagement] INFO  segmented.SegmentedRaftLogWorker (SegmentedRaftLogWorker.java:<init>(184)) - new d4ec432b-f714-4e84-a00f-65ea9c81cd2d@group-1776C7AA5782-SegmentedRaftLogWorker for RaftStorageImpl:Storage Directory /home/runner/work/ozone/ozone/hadoop-ozone/integration-test/target/test-dir/MiniOzoneClusterImpl-b6aad0f5-771e-4cba-adce-99e3b3454f11/ozone-meta/datanode-4/ratis/6e881350-c14d-4e78-a51b-1776c7aa5782
2024-08-15 10:19:36,589 [d4ec432b-f714-4e84-a00f-65ea9c81cd2d-groupManagement] INFO  server.RaftServerConfigKeys (ConfUtils.java:logGet(46)) - raft.server.log.queue.byte-limit = 4294967296 (custom)
2024-08-15 10:19:36,589 [d4ec432b-f714-4e84-a00f-65ea9c81cd2d-groupManagement] INFO  server.RaftServerConfigKeys (ConfUtils.java:logGet(46)) - raft.server.log.queue.element-limit = 1024 (custom)
2024-08-15 10:19:36,589 [d4ec432b-f714-4e84-a00f-65ea9c81cd2d-groupManagement] INFO  server.RaftServerConfigKeys (ConfUtils.java:logGet(46)) - raft.server.log.segment.size.max = 67108864 (custom)
2024-08-15 10:19:36,589 [d4ec432b-f714-4e84-a00f-65ea9c81cd2d-groupManagement] INFO  server.RaftServerConfigKeys (ConfUtils.java:logGet(46)) - raft.server.log.preallocated.size = 4194304 (custom)
2024-08-15 10:19:36,589 [d4ec432b-f714-4e84-a00f-65ea9c81cd2d-groupManagement] INFO  server.RaftServerConfigKeys (ConfUtils.java:logGet(46)) - raft.server.log.force.sync.num = 128 (default)
2024-08-15 10:19:36,589 [d4ec432b-f714-4e84-a00f-65ea9c81cd2d-groupManagement] INFO  server.RaftServerConfigKeys (ConfUtils.java:logGet(46)) - raft.server.log.statemachine.data.sync = true (default)
2024-08-15 10:19:36,589 [d4ec432b-f714-4e84-a00f-65ea9c81cd2d-groupManagement] INFO  server.RaftServerConfigKeys (ConfUtils.java:logGet(46)) - raft.server.log.statemachine.data.sync.timeout = 10s (default)
2024-08-15 10:19:36,589 [d4ec432b-f714-4e84-a00f-65ea9c81cd2d-groupManagement] INFO  server.RaftServerConfigKeys (ConfUtils.java:logGet(46)) - raft.server.log.statemachine.data.sync.timeout.retry = 30 (custom)
2024-08-15 10:19:36,589 [d4ec432b-f714-4e84-a00f-65ea9c81cd2d-groupManagement] INFO  server.RaftServerConfigKeys (ConfUtils.java:logGet(46)) - raft.server.log.write.buffer.size = 8388616 (custom)
2024-08-15 10:19:36,590 [d4ec432b-f714-4e84-a00f-65ea9c81cd2d-groupManagement] INFO  server.RaftServerConfigKeys (ConfUtils.java:logGet(46)) - raft.server.log.appender.buffer.byte-limit = 8388608 (custom)
2024-08-15 10:19:36,590 [d4ec432b-f714-4e84-a00f-65ea9c81cd2d-groupManagement] INFO  server.RaftServerConfigKeys (ConfUtils.java:logGet(46)) - raft.server.log.unsafe-flush.enabled = false (default)
2024-08-15 10:19:36,590 [d4ec432b-f714-4e84-a00f-65ea9c81cd2d-groupManagement] INFO  server.RaftServerConfigKeys (ConfUtils.java:logGet(46)) - raft.server.log.async-flush.enabled = false (default)
2024-08-15 10:19:36,590 [d4ec432b-f714-4e84-a00f-65ea9c81cd2d-groupManagement] INFO  server.RaftServerConfigKeys (ConfUtils.java:logGet(46)) - raft.server.log.statemachine.data.caching.enabled = true (custom)
2024-08-15 10:19:36,590 [d4ec432b-f714-4e84-a00f-65ea9c81cd2d-groupManagement] INFO  segmented.SegmentedRaftLogWorker (SegmentedRaftLogWorker.java:lambda$new$0(135)) - d4ec432b-f714-4e84-a00f-65ea9c81cd2d@group-1776C7AA5782-SegmentedRaftLogWorker: flushIndex: setUnconditionally 0 -> -1
2024-08-15 10:19:36,590 [d4ec432b-f714-4e84-a00f-65ea9c81cd2d-groupManagement] INFO  segmented.SegmentedRaftLogWorker (SegmentedRaftLogWorker.java:lambda$new$0(135)) - d4ec432b-f714-4e84-a00f-65ea9c81cd2d@group-1776C7AA5782-SegmentedRaftLogWorker: safeCacheEvictIndex: setUnconditionally 0 -> -1
2024-08-15 10:19:36,590 [d4ec432b-f714-4e84-a00f-65ea9c81cd2d-groupManagement] INFO  server.RaftServer$Division (RaftServerImpl.java:start(389)) - d4ec432b-f714-4e84-a00f-65ea9c81cd2d@group-1776C7AA5782: start as a follower, conf=conf: {index: -1, cur=peers:[d4ec432b-f714-4e84-a00f-65ea9c81cd2d|127.0.0.1:15569]|listeners:[], old=null}
2024-08-15 10:19:36,590 [d4ec432b-f714-4e84-a00f-65ea9c81cd2d-groupManagement] INFO  server.RaftServer$Division (RaftServerImpl.java:setRole(376)) - d4ec432b-f714-4e84-a00f-65ea9c81cd2d@group-1776C7AA5782: changes role from      null to FOLLOWER at term 0 for startAsFollower
2024-08-15 10:19:36,590 [d4ec432b-f714-4e84-a00f-65ea9c81cd2d-groupManagement] INFO  impl.RoleInfo (RoleInfo.java:updateAndGet(148)) - d4ec432b-f714-4e84-a00f-65ea9c81cd2d: start d4ec432b-f714-4e84-a00f-65ea9c81cd2d@group-1776C7AA5782-FollowerState
2024-08-15 10:19:36,590 [d4ec432b-f714-4e84-a00f-65ea9c81cd2d@group-1776C7AA5782-FollowerState] INFO  server.RaftServerConfigKeys (ConfUtils.java:logFallback(53)) - raft.server.rpc.first-election.timeout.min = 5s (fallback to raft.server.rpc.timeout.min)
2024-08-15 10:19:36,590 [d4ec432b-f714-4e84-a00f-65ea9c81cd2d-groupManagement] INFO  util.JmxRegister (JmxRegister.java:tryRegister(44)) - Successfully registered JMX Bean with object name Ratis:service=RaftServer,group=group-1776C7AA5782,id=d4ec432b-f714-4e84-a00f-65ea9c81cd2d
2024-08-15 10:19:36,591 [d4ec432b-f714-4e84-a00f-65ea9c81cd2d-groupManagement] INFO  util.JmxRegister (JmxRegister.java:register(58)) - register mxBean class org.apache.ratis.server.impl.RaftServerJmxAdapter as Ratis:service=RaftServer,group=group-1776C7AA5782,id=d4ec432b-f714-4e84-a00f-65ea9c81cd2d
2024-08-15 10:19:36,590 [d4ec432b-f714-4e84-a00f-65ea9c81cd2d@group-1776C7AA5782-FollowerState] INFO  server.RaftServerConfigKeys (ConfUtils.java:logFallback(53)) - raft.server.rpc.first-election.timeout.max = 5200ms (fallback to raft.server.rpc.timeout.max)
2024-08-15 10:19:36,591 [d4ec432b-f714-4e84-a00f-65ea9c81cd2d-groupManagement] INFO  server.RaftServerConfigKeys (ConfUtils.java:logGet(46)) - raft.server.snapshot.trigger-when-stop.enabled = true (default)
2024-08-15 10:19:36,591 [d4ec432b-f714-4e84-a00f-65ea9c81cd2d-groupManagement] INFO  server.RaftServerConfigKeys (ConfUtils.java:logGet(46)) - raft.server.snapshot.trigger-when-remove.enabled = true (default)
2024-08-15 10:19:36,591 [d4ec432b-f714-4e84-a00f-65ea9c81cd2d-groupManagement] INFO  server.RaftServerConfigKeys (ConfUtils.java:logGet(46)) - raft.server.snapshot.auto.trigger.enabled = true (custom)
2024-08-15 10:19:36,591 [d4ec432b-f714-4e84-a00f-65ea9c81cd2d-groupManagement] INFO  server.RaftServerConfigKeys (ConfUtils.java:logGet(46)) - raft.server.snapshot.auto.trigger.threshold = 10000 (custom)
2024-08-15 10:19:36,591 [d4ec432b-f714-4e84-a00f-65ea9c81cd2d-groupManagement] INFO  server.RaftServerConfigKeys (ConfUtils.java:logGet(46)) - raft.server.snapshot.retention.file.num = 5 (custom)
2024-08-15 10:19:36,591 [d4ec432b-f714-4e84-a00f-65ea9c81cd2d-groupManagement] INFO  server.RaftServerConfigKeys (ConfUtils.java:logGet(46)) - raft.server.log.purge.upto.snapshot.index = false (default)
2024-08-15 10:19:36,591 [d4ec432b-f714-4e84-a00f-65ea9c81cd2d-PipelineCommandHandlerThread-0] INFO  ratis.XceiverServerRatis (XceiverServerRatis.java:addGroup(850)) - Created group PipelineID=6e881350-c14d-4e78-a51b-1776c7aa5782
2024-08-15 10:19:36,591 [d4ec432b-f714-4e84-a00f-65ea9c81cd2d-PipelineCommandHandlerThread-0] INFO  commandhandler.CreatePipelineCommandHandler (CreatePipelineCommandHandler.java:lambda$handle$2(124)) - Created Pipeline RATIS ONE PipelineID=6e881350-c14d-4e78-a51b-1776c7aa5782.
2024-08-15 10:19:36,832 [bd801f82-5437-4351-937d-80ee5b205c35-PipelineCommandHandlerThread-0] INFO  server.RaftServer (RaftServerProxy.java:addNew(101)) - bd801f82-5437-4351-937d-80ee5b205c35: addNew group-7A372EDF8F0A:[bd801f82-5437-4351-937d-80ee5b205c35|127.0.0.1:15578] returns group-7A372EDF8F0A:java.util.concurrent.CompletableFuture@1596afa[Not completed]
2024-08-15 10:19:36,833 [bd801f82-5437-4351-937d-80ee5b205c35-groupManagement] INFO  server.RaftServer$Division (RaftServerImpl.java:<init>(253)) - bd801f82-5437-4351-937d-80ee5b205c35: new RaftServerImpl for group-7A372EDF8F0A:[bd801f82-5437-4351-937d-80ee5b205c35|127.0.0.1:15578] with ContainerStateMachine:uninitialized
2024-08-15 10:19:36,833 [bd801f82-5437-4351-937d-80ee5b205c35-groupManagement] INFO  server.RaftServerConfigKeys (ConfUtils.java:logGet(46)) - raft.server.rpc.timeout.min = 5s (custom)
2024-08-15 10:19:36,833 [bd801f82-5437-4351-937d-80ee5b205c35-groupManagement] INFO  server.RaftServerConfigKeys (ConfUtils.java:logGet(46)) - raft.server.rpc.timeout.max = 5200ms (custom)
2024-08-15 10:19:36,833 [bd801f82-5437-4351-937d-80ee5b205c35-groupManagement] INFO  server.RaftServerConfigKeys (ConfUtils.java:logGet(46)) - raft.server.rpc.sleep.time = 25ms (default)
2024-08-15 10:19:36,833 [bd801f82-5437-4351-937d-80ee5b205c35-groupManagement] INFO  server.RaftServerConfigKeys (ConfUtils.java:logGet(46)) - raft.server.rpc.slowness.timeout = 300000ms (custom)
2024-08-15 10:19:36,833 [bd801f82-5437-4351-937d-80ee5b205c35-groupManagement] INFO  server.RaftServerConfigKeys (ConfUtils.java:logGet(46)) - raft.server.leaderelection.leader.step-down.wait-time = 10s (default)
2024-08-15 10:19:36,833 [bd801f82-5437-4351-937d-80ee5b205c35-groupManagement] INFO  server.RaftServerConfigKeys (ConfUtils.java:logGet(46)) - raft.server.leaderelection.member.majority-add = false (default)
2024-08-15 10:19:36,833 [bd801f82-5437-4351-937d-80ee5b205c35-groupManagement] INFO  server.RaftServerConfigKeys (ConfUtils.java:logGet(46)) - raft.server.sleep.deviation.threshold = 300ms (default)
2024-08-15 10:19:36,834 [bd801f82-5437-4351-937d-80ee5b205c35-groupManagement] INFO  server.RaftServer$Division (ServerState.java:<init>(114)) - bd801f82-5437-4351-937d-80ee5b205c35@group-7A372EDF8F0A: ConfigurationManager, init=conf: {index: -1, cur=peers:[bd801f82-5437-4351-937d-80ee5b205c35|127.0.0.1:15578]|listeners:[], old=null}, confs=<EMPTY_MAP>
2024-08-15 10:19:36,834 [bd801f82-5437-4351-937d-80ee5b205c35-groupManagement] INFO  server.RaftServerConfigKeys (ConfUtils.java:logGet(46)) - raft.server.notification.no-leader.timeout = 300000ms (custom)
2024-08-15 10:19:36,834 [bd801f82-5437-4351-937d-80ee5b205c35-groupManagement] INFO  server.RaftServerConfigKeys (ConfUtils.java:logGet(46)) - raft.server.read.timeout = 10s (default)
2024-08-15 10:19:36,834 [bd801f82-5437-4351-937d-80ee5b205c35-groupManagement] INFO  server.RaftServerConfigKeys (ConfUtils.java:logGet(46)) - raft.server.retrycache.expirytime = 600000ms (custom)
2024-08-15 10:19:36,834 [bd801f82-5437-4351-937d-80ee5b205c35-groupManagement] INFO  server.RaftServerConfigKeys (ConfUtils.java:logGet(46)) - raft.server.retrycache.statistics.expirytime = 100ms (default)
2024-08-15 10:19:36,834 [bd801f82-5437-4351-937d-80ee5b205c35-groupManagement] INFO  server.RaftServerConfigKeys (ConfUtils.java:logGet(46)) - raft.server.read.option = DEFAULT (default)
2024-08-15 10:19:36,834 [bd801f82-5437-4351-937d-80ee5b205c35-groupManagement] INFO  server.RaftServerConfigKeys (ConfUtils.java:logGet(46)) - raft.server.read.read-after-write-consistent.write-index-cache.expiry-time = 60s (default)
2024-08-15 10:19:36,835 [main] INFO  ozone.MiniOzoneClusterImpl (MiniOzoneClusterImpl.java:lambda$waitForClusterToBeReady$0(198)) - Nodes are ready. Got 5 of 5 DN Heartbeats.
2024-08-15 10:19:36,835 [main] INFO  ozone.MiniOzoneClusterImpl (MiniOzoneClusterImpl.java:lambda$waitForClusterToBeReady$0(201)) - Waiting for cluster to exit safe mode
2024-08-15 10:19:36,835 [main] INFO  ozone.MiniOzoneClusterImpl (MiniOzoneClusterImpl.java:lambda$waitForClusterToBeReady$0(203)) - SCM became leader
2024-08-15 10:19:36,836 [bd801f82-5437-4351-937d-80ee5b205c35-groupManagement] INFO  server.RaftServerConfigKeys (ConfUtils.java:logGet(46)) - raft.server.rpc.request.timeout = 3000ms (default)
2024-08-15 10:19:36,836 [bd801f82-5437-4351-937d-80ee5b205c35-groupManagement] INFO  server.RaftServerConfigKeys (ConfUtils.java:logGet(46)) - raft.server.log.appender.install.snapshot.enabled = false (custom)
2024-08-15 10:19:36,837 [bd801f82-5437-4351-937d-80ee5b205c35-groupManagement] INFO  server.RaftServerConfigKeys (ConfUtils.java:logGet(46)) - raft.server.threadpool.server.cached = true (default)
2024-08-15 10:19:36,837 [bd801f82-5437-4351-937d-80ee5b205c35-groupManagement] INFO  server.RaftServerConfigKeys (ConfUtils.java:logGet(46)) - raft.server.threadpool.server.size = 0 (default)
2024-08-15 10:19:36,837 [bd801f82-5437-4351-937d-80ee5b205c35-groupManagement] INFO  server.RaftServerConfigKeys (ConfUtils.java:logGet(46)) - raft.server.threadpool.client.cached = true (default)
2024-08-15 10:19:36,837 [bd801f82-5437-4351-937d-80ee5b205c35-groupManagement] INFO  server.RaftServerConfigKeys (ConfUtils.java:logGet(46)) - raft.server.threadpool.client.size = 0 (default)
2024-08-15 10:19:36,837 [bd801f82-5437-4351-937d-80ee5b205c35-groupManagement] INFO  server.RaftServerConfigKeys (ConfUtils.java:logGet(46)) - raft.server.storage.free-space.min = 0MB (=0) (default)
2024-08-15 10:19:36,837 [bd801f82-5437-4351-937d-80ee5b205c35-groupManagement] INFO  server.RaftServerConfigKeys (ConfUtils.java:logGet(46)) - raft.server.log.corruption.policy = EXCEPTION (default)
2024-08-15 10:19:36,837 [bd801f82-5437-4351-937d-80ee5b205c35-groupManagement] INFO  server.RaftServerConfigKeys (ConfUtils.java:logGet(46)) - raft.server.storage.dir = [/home/runner/work/ozone/ozone/hadoop-ozone/integration-test/target/test-dir/MiniOzoneClusterImpl-b6aad0f5-771e-4cba-adce-99e3b3454f11/ozone-meta/datanode-5/ratis] (custom)
2024-08-15 10:19:36,837 [bd801f82-5437-4351-937d-80ee5b205c35-groupManagement] INFO  storage.RaftStorageDirectory (RaftStorageDirectoryImpl.java:analyzeStorage(138)) - The storage directory /home/runner/work/ozone/ozone/hadoop-ozone/integration-test/target/test-dir/MiniOzoneClusterImpl-b6aad0f5-771e-4cba-adce-99e3b3454f11/ozone-meta/datanode-5/ratis/36823002-43a3-456b-a457-7a372edf8f0a does not exist. Creating ...
2024-08-15 10:19:36,838 [bd801f82-5437-4351-937d-80ee5b205c35-groupManagement] INFO  storage.RaftStorageDirectory (RaftStorageDirectoryImpl.java:tryLock(229)) - Lock on /home/runner/work/ozone/ozone/hadoop-ozone/integration-test/target/test-dir/MiniOzoneClusterImpl-b6aad0f5-771e-4cba-adce-99e3b3454f11/ozone-meta/datanode-5/ratis/36823002-43a3-456b-a457-7a372edf8f0a/in_use.lock acquired by nodename 113339@fv-az1107-352
2024-08-15 10:19:36,839 [bd801f82-5437-4351-937d-80ee5b205c35-groupManagement] INFO  storage.RaftStorage (RaftStorageImpl.java:format(98)) - Storage directory /home/runner/work/ozone/ozone/hadoop-ozone/integration-test/target/test-dir/MiniOzoneClusterImpl-b6aad0f5-771e-4cba-adce-99e3b3454f11/ozone-meta/datanode-5/ratis/36823002-43a3-456b-a457-7a372edf8f0a has been successfully formatted.
2024-08-15 10:19:36,839 [bd801f82-5437-4351-937d-80ee5b205c35-groupManagement] INFO  ratis.ContainerStateMachine (ContainerStateMachine.java:loadSnapshot(295)) - group-7A372EDF8F0A: The snapshot info is null. Setting the last applied index to:(t:0, i:~)
2024-08-15 10:19:36,840 [bd801f82-5437-4351-937d-80ee5b205c35-groupManagement] INFO  server.RaftServerConfigKeys (ConfUtils.java:logGet(46)) - raft.server.log.use.memory = false (default)
2024-08-15 10:19:36,840 [bd801f82-5437-4351-937d-80ee5b205c35-groupManagement] INFO  server.RaftServerConfigKeys (ConfUtils.java:logGet(46)) - raft.server.log.purge.gap = 1000000 (custom)
2024-08-15 10:19:36,840 [bd801f82-5437-4351-937d-80ee5b205c35-groupManagement] INFO  server.RaftServerConfigKeys (ConfUtils.java:logGet(46)) - raft.server.log.appender.buffer.byte-limit = 8388608 (custom)
2024-08-15 10:19:36,840 [bd801f82-5437-4351-937d-80ee5b205c35-groupManagement] INFO  server.RaftServerConfigKeys (ConfUtils.java:logGet(46)) - raft.server.log.statemachine.data.read.timeout = 1000ms (default)
2024-08-15 10:19:36,840 [bd801f82-5437-4351-937d-80ee5b205c35-groupManagement] INFO  server.RaftServerConfigKeys (ConfUtils.java:logGet(46)) - raft.server.log.purge.preservation.log.num = 0 (default)
2024-08-15 10:19:36,840 [EventQueue-PipelineReportForPipelineReportHandler] INFO  pipeline.PipelineReportHandler (PipelineReportHandler.java:processPipelineReport(136)) - Opened pipeline PipelineID=36823002-43a3-456b-a457-7a372edf8f0a
2024-08-15 10:19:36,840 [EventQueue-OpenPipelineForHealthyPipelineSafeModeRule] INFO  safemode.SCMSafeModeManager (HealthyPipelineSafeModeRule.java:process(140)) - SCM in safe mode. Healthy pipelines reported count is 0, required healthy pipeline reported count is 1
2024-08-15 10:19:36,841 [bd801f82-5437-4351-937d-80ee5b205c35-groupManagement] INFO  server.RaftServerConfigKeys (ConfUtils.java:logGet(46)) - raft.server.log.segment.size.max = 67108864 (custom)
2024-08-15 10:19:36,842 [bd801f82-5437-4351-937d-80ee5b205c35-groupManagement] INFO  server.RaftServerConfigKeys (ConfUtils.java:logGet(46)) - raft.server.log.segment.cache.num.max = 2 (custom)
2024-08-15 10:19:36,842 [bd801f82-5437-4351-937d-80ee5b205c35-groupManagement] INFO  server.RaftServerConfigKeys (ConfUtils.java:logGet(46)) - raft.server.log.segment.cache.size.max = 200MB (=209715200) (default)
2024-08-15 10:19:36,842 [bd801f82-5437-4351-937d-80ee5b205c35-groupManagement] INFO  server.RaftServerConfigKeys (ConfUtils.java:logGet(46)) - raft.server.log.appender.buffer.byte-limit = 8388608 (custom)
2024-08-15 10:19:36,842 [bd801f82-5437-4351-937d-80ee5b205c35-groupManagement] INFO  util.AwaitToRun (AwaitToRun.java:start(81)) - Thread[bd801f82-5437-4351-937d-80ee5b205c35@group-7A372EDF8F0A-cacheEviction-AwaitToRun,5,main] started
2024-08-15 10:19:36,842 [bd801f82-5437-4351-937d-80ee5b205c35-groupManagement] INFO  segmented.SegmentedRaftLogWorker (SegmentedRaftLogWorker.java:<init>(184)) - new bd801f82-5437-4351-937d-80ee5b205c35@group-7A372EDF8F0A-SegmentedRaftLogWorker for RaftStorageImpl:Storage Directory /home/runner/work/ozone/ozone/hadoop-ozone/integration-test/target/test-dir/MiniOzoneClusterImpl-b6aad0f5-771e-4cba-adce-99e3b3454f11/ozone-meta/datanode-5/ratis/36823002-43a3-456b-a457-7a372edf8f0a
2024-08-15 10:19:36,842 [bd801f82-5437-4351-937d-80ee5b205c35-groupManagement] INFO  server.RaftServerConfigKeys (ConfUtils.java:logGet(46)) - raft.server.log.queue.byte-limit = 4294967296 (custom)
2024-08-15 10:19:36,842 [bd801f82-5437-4351-937d-80ee5b205c35-groupManagement] INFO  server.RaftServerConfigKeys (ConfUtils.java:logGet(46)) - raft.server.log.queue.element-limit = 1024 (custom)
2024-08-15 10:19:36,842 [bd801f82-5437-4351-937d-80ee5b205c35-groupManagement] INFO  server.RaftServerConfigKeys (ConfUtils.java:logGet(46)) - raft.server.log.segment.size.max = 67108864 (custom)
2024-08-15 10:19:36,842 [bd801f82-5437-4351-937d-80ee5b205c35-groupManagement] INFO  server.RaftServerConfigKeys (ConfUtils.java:logGet(46)) - raft.server.log.preallocated.size = 4194304 (custom)
2024-08-15 10:19:36,842 [bd801f82-5437-4351-937d-80ee5b205c35-groupManagement] INFO  server.RaftServerConfigKeys (ConfUtils.java:logGet(46)) - raft.server.log.force.sync.num = 128 (default)
2024-08-15 10:19:36,842 [bd801f82-5437-4351-937d-80ee5b205c35-groupManagement] INFO  server.RaftServerConfigKeys (ConfUtils.java:logGet(46)) - raft.server.log.statemachine.data.sync = true (default)
2024-08-15 10:19:36,842 [bd801f82-5437-4351-937d-80ee5b205c35-groupManagement] INFO  server.RaftServerConfigKeys (ConfUtils.java:logGet(46)) - raft.server.log.statemachine.data.sync.timeout = 10s (default)
2024-08-15 10:19:36,842 [bd801f82-5437-4351-937d-80ee5b205c35-groupManagement] INFO  server.RaftServerConfigKeys (ConfUtils.java:logGet(46)) - raft.server.log.statemachine.data.sync.timeout.retry = 30 (custom)
2024-08-15 10:19:36,843 [bd801f82-5437-4351-937d-80ee5b205c35-groupManagement] INFO  server.RaftServerConfigKeys (ConfUtils.java:logGet(46)) - raft.server.log.write.buffer.size = 8388616 (custom)
2024-08-15 10:19:36,844 [bd801f82-5437-4351-937d-80ee5b205c35-groupManagement] INFO  server.RaftServerConfigKeys (ConfUtils.java:logGet(46)) - raft.server.log.appender.buffer.byte-limit = 8388608 (custom)
2024-08-15 10:19:36,844 [bd801f82-5437-4351-937d-80ee5b205c35-groupManagement] INFO  server.RaftServerConfigKeys (ConfUtils.java:logGet(46)) - raft.server.log.unsafe-flush.enabled = false (default)
2024-08-15 10:19:36,844 [bd801f82-5437-4351-937d-80ee5b205c35-groupManagement] INFO  server.RaftServerConfigKeys (ConfUtils.java:logGet(46)) - raft.server.log.async-flush.enabled = false (default)
2024-08-15 10:19:36,844 [bd801f82-5437-4351-937d-80ee5b205c35-groupManagement] INFO  server.RaftServerConfigKeys (ConfUtils.java:logGet(46)) - raft.server.log.statemachine.data.caching.enabled = true (custom)
2024-08-15 10:19:36,845 [bd801f82-5437-4351-937d-80ee5b205c35-groupManagement] INFO  segmented.SegmentedRaftLogWorker (SegmentedRaftLogWorker.java:lambda$new$0(135)) - bd801f82-5437-4351-937d-80ee5b205c35@group-7A372EDF8F0A-SegmentedRaftLogWorker: flushIndex: setUnconditionally 0 -> -1
2024-08-15 10:19:36,845 [bd801f82-5437-4351-937d-80ee5b205c35-groupManagement] INFO  segmented.SegmentedRaftLogWorker (SegmentedRaftLogWorker.java:lambda$new$0(135)) - bd801f82-5437-4351-937d-80ee5b205c35@group-7A372EDF8F0A-SegmentedRaftLogWorker: safeCacheEvictIndex: setUnconditionally 0 -> -1
2024-08-15 10:19:36,845 [bd801f82-5437-4351-937d-80ee5b205c35-groupManagement] INFO  server.RaftServer$Division (RaftServerImpl.java:start(389)) - bd801f82-5437-4351-937d-80ee5b205c35@group-7A372EDF8F0A: start as a follower, conf=conf: {index: -1, cur=peers:[bd801f82-5437-4351-937d-80ee5b205c35|127.0.0.1:15578]|listeners:[], old=null}
2024-08-15 10:19:36,845 [bd801f82-5437-4351-937d-80ee5b205c35-groupManagement] INFO  server.RaftServer$Division (RaftServerImpl.java:setRole(376)) - bd801f82-5437-4351-937d-80ee5b205c35@group-7A372EDF8F0A: changes role from      null to FOLLOWER at term 0 for startAsFollower
2024-08-15 10:19:36,845 [bd801f82-5437-4351-937d-80ee5b205c35-groupManagement] INFO  impl.RoleInfo (RoleInfo.java:updateAndGet(148)) - bd801f82-5437-4351-937d-80ee5b205c35: start bd801f82-5437-4351-937d-80ee5b205c35@group-7A372EDF8F0A-FollowerState
2024-08-15 10:19:36,845 [bd801f82-5437-4351-937d-80ee5b205c35@group-7A372EDF8F0A-FollowerState] INFO  server.RaftServerConfigKeys (ConfUtils.java:logFallback(53)) - raft.server.rpc.first-election.timeout.min = 5s (fallback to raft.server.rpc.timeout.min)
2024-08-15 10:19:36,845 [bd801f82-5437-4351-937d-80ee5b205c35@group-7A372EDF8F0A-FollowerState] INFO  server.RaftServerConfigKeys (ConfUtils.java:logFallback(53)) - raft.server.rpc.first-election.timeout.max = 5200ms (fallback to raft.server.rpc.timeout.max)
2024-08-15 10:19:36,845 [bd801f82-5437-4351-937d-80ee5b205c35-groupManagement] INFO  util.JmxRegister (JmxRegister.java:tryRegister(44)) - Successfully registered JMX Bean with object name Ratis:service=RaftServer,group=group-7A372EDF8F0A,id=bd801f82-5437-4351-937d-80ee5b205c35
2024-08-15 10:19:36,845 [bd801f82-5437-4351-937d-80ee5b205c35-groupManagement] INFO  util.JmxRegister (JmxRegister.java:register(58)) - register mxBean class org.apache.ratis.server.impl.RaftServerJmxAdapter as Ratis:service=RaftServer,group=group-7A372EDF8F0A,id=bd801f82-5437-4351-937d-80ee5b205c35
2024-08-15 10:19:36,845 [bd801f82-5437-4351-937d-80ee5b205c35-groupManagement] INFO  server.RaftServerConfigKeys (ConfUtils.java:logGet(46)) - raft.server.snapshot.trigger-when-stop.enabled = true (default)
2024-08-15 10:19:36,845 [bd801f82-5437-4351-937d-80ee5b205c35-groupManagement] INFO  server.RaftServerConfigKeys (ConfUtils.java:logGet(46)) - raft.server.snapshot.trigger-when-remove.enabled = true (default)
2024-08-15 10:19:36,846 [bd801f82-5437-4351-937d-80ee5b205c35-groupManagement] INFO  server.RaftServerConfigKeys (ConfUtils.java:logGet(46)) - raft.server.snapshot.auto.trigger.enabled = true (custom)
2024-08-15 10:19:36,846 [bd801f82-5437-4351-937d-80ee5b205c35-groupManagement] INFO  server.RaftServerConfigKeys (ConfUtils.java:logGet(46)) - raft.server.snapshot.auto.trigger.threshold = 10000 (custom)
2024-08-15 10:19:36,846 [bd801f82-5437-4351-937d-80ee5b205c35-groupManagement] INFO  server.RaftServerConfigKeys (ConfUtils.java:logGet(46)) - raft.server.snapshot.retention.file.num = 5 (custom)
2024-08-15 10:19:36,846 [bd801f82-5437-4351-937d-80ee5b205c35-groupManagement] INFO  server.RaftServerConfigKeys (ConfUtils.java:logGet(46)) - raft.server.log.purge.upto.snapshot.index = false (default)
2024-08-15 10:19:36,846 [bd801f82-5437-4351-937d-80ee5b205c35-PipelineCommandHandlerThread-0] INFO  ratis.XceiverServerRatis (XceiverServerRatis.java:addGroup(850)) - Created group PipelineID=36823002-43a3-456b-a457-7a372edf8f0a
2024-08-15 10:19:36,846 [bd801f82-5437-4351-937d-80ee5b205c35-PipelineCommandHandlerThread-0] INFO  commandhandler.CreatePipelineCommandHandler (CreatePipelineCommandHandler.java:lambda$handle$2(124)) - Created Pipeline RATIS ONE PipelineID=36823002-43a3-456b-a457-7a372edf8f0a.
2024-08-15 10:19:37,835 [main] INFO  ozone.MiniOzoneClusterImpl (MiniOzoneClusterImpl.java:lambda$waitForClusterToBeReady$0(198)) - Nodes are ready. Got 5 of 5 DN Heartbeats.
2024-08-15 10:19:37,836 [main] INFO  ozone.MiniOzoneClusterImpl (MiniOzoneClusterImpl.java:lambda$waitForClusterToBeReady$0(201)) - Waiting for cluster to exit safe mode
2024-08-15 10:19:37,836 [main] INFO  ozone.MiniOzoneClusterImpl (MiniOzoneClusterImpl.java:lambda$waitForClusterToBeReady$0(203)) - SCM became leader
2024-08-15 10:19:38,836 [main] INFO  ozone.MiniOzoneClusterImpl (MiniOzoneClusterImpl.java:lambda$waitForClusterToBeReady$0(198)) - Nodes are ready. Got 5 of 5 DN Heartbeats.
2024-08-15 10:19:38,836 [main] INFO  ozone.MiniOzoneClusterImpl (MiniOzoneClusterImpl.java:lambda$waitForClusterToBeReady$0(201)) - Waiting for cluster to exit safe mode
2024-08-15 10:19:38,836 [main] INFO  ozone.MiniOzoneClusterImpl (MiniOzoneClusterImpl.java:lambda$waitForClusterToBeReady$0(203)) - SCM became leader
2024-08-15 10:19:39,836 [main] INFO  ozone.MiniOzoneClusterImpl (MiniOzoneClusterImpl.java:lambda$waitForClusterToBeReady$0(198)) - Nodes are ready. Got 5 of 5 DN Heartbeats.
2024-08-15 10:19:39,837 [main] INFO  ozone.MiniOzoneClusterImpl (MiniOzoneClusterImpl.java:lambda$waitForClusterToBeReady$0(201)) - Waiting for cluster to exit safe mode
2024-08-15 10:19:39,837 [main] INFO  ozone.MiniOzoneClusterImpl (MiniOzoneClusterImpl.java:lambda$waitForClusterToBeReady$0(203)) - SCM became leader
2024-08-15 10:19:40,837 [main] INFO  ozone.MiniOzoneClusterImpl (MiniOzoneClusterImpl.java:lambda$waitForClusterToBeReady$0(198)) - Nodes are ready. Got 5 of 5 DN Heartbeats.
2024-08-15 10:19:40,837 [main] INFO  ozone.MiniOzoneClusterImpl (MiniOzoneClusterImpl.java:lambda$waitForClusterToBeReady$0(201)) - Waiting for cluster to exit safe mode
2024-08-15 10:19:40,837 [main] INFO  ozone.MiniOzoneClusterImpl (MiniOzoneClusterImpl.java:lambda$waitForClusterToBeReady$0(203)) - SCM became leader
2024-08-15 10:19:40,898 [c54b81e8-1f41-41f0-8c11-6d721527725f@group-269B51D56F15-FollowerState] INFO  impl.FollowerState (FollowerState.java:run(144)) - c54b81e8-1f41-41f0-8c11-6d721527725f@group-269B51D56F15-FollowerState: change to CANDIDATE, lastRpcElapsedTime:5010392256ns, electionTimeout:5010ms
2024-08-15 10:19:40,898 [c54b81e8-1f41-41f0-8c11-6d721527725f@group-269B51D56F15-FollowerState] INFO  impl.RoleInfo (RoleInfo.java:shutdownFollowerState(119)) - c54b81e8-1f41-41f0-8c11-6d721527725f: shutdown c54b81e8-1f41-41f0-8c11-6d721527725f@group-269B51D56F15-FollowerState
2024-08-15 10:19:40,899 [c54b81e8-1f41-41f0-8c11-6d721527725f@group-269B51D56F15-FollowerState] INFO  server.RaftServer$Division (RaftServerImpl.java:setRole(376)) - c54b81e8-1f41-41f0-8c11-6d721527725f@group-269B51D56F15: changes role from  FOLLOWER to CANDIDATE at term 0 for changeToCandidate
2024-08-15 10:19:40,899 [c54b81e8-1f41-41f0-8c11-6d721527725f@group-269B51D56F15-FollowerState] INFO  server.RaftServerConfigKeys (ConfUtils.java:logGet(46)) - raft.server.leaderelection.pre-vote = true (default)
2024-08-15 10:19:40,899 [c54b81e8-1f41-41f0-8c11-6d721527725f@group-269B51D56F15-FollowerState] INFO  impl.RoleInfo (RoleInfo.java:updateAndGet(148)) - c54b81e8-1f41-41f0-8c11-6d721527725f: start c54b81e8-1f41-41f0-8c11-6d721527725f@group-269B51D56F15-LeaderElection140
2024-08-15 10:19:40,899 [c54b81e8-1f41-41f0-8c11-6d721527725f@group-269B51D56F15-LeaderElection140] INFO  impl.LeaderElection (LeaderElection.java:askForVotes(321)) - c54b81e8-1f41-41f0-8c11-6d721527725f@group-269B51D56F15-LeaderElection140 PRE_VOTE round 0: submit vote requests at term 0 for conf: {index: -1, cur=peers:[6c2c8d64-db13-4196-9e9e-e3b1acb91f99|127.0.0.1:15551, 81bac27f-0582-41fc-bc3f-9f968300fa98|127.0.0.1:15560, c54b81e8-1f41-41f0-8c11-6d721527725f|127.0.0.1:15542]|listeners:[], old=null}
2024-08-15 10:19:40,900 [c54b81e8-1f41-41f0-8c11-6d721527725f@group-269B51D56F15-LeaderElection140-1] INFO  server.GrpcServerProtocolClient (GrpcServerProtocolClient.java:<init>(65)) - Build channel for 6c2c8d64-db13-4196-9e9e-e3b1acb91f99|127.0.0.1:15551
2024-08-15 10:19:40,900 [c54b81e8-1f41-41f0-8c11-6d721527725f@group-269B51D56F15-LeaderElection140-2] INFO  server.GrpcServerProtocolClient (GrpcServerProtocolClient.java:<init>(65)) - Build channel for 81bac27f-0582-41fc-bc3f-9f968300fa98|127.0.0.1:15560
2024-08-15 10:19:40,900 [c54b81e8-1f41-41f0-8c11-6d721527725f@group-269B51D56F15-LeaderElection140] INFO  server.RaftServerConfigKeys (ConfUtils.java:logFallback(53)) - raft.server.rpc.first-election.timeout.min = 5s (fallback to raft.server.rpc.timeout.min)
2024-08-15 10:19:40,900 [c54b81e8-1f41-41f0-8c11-6d721527725f@group-269B51D56F15-LeaderElection140] INFO  server.RaftServerConfigKeys (ConfUtils.java:logFallback(53)) - raft.server.rpc.first-election.timeout.max = 5200ms (fallback to raft.server.rpc.timeout.max)
2024-08-15 10:19:40,903 [grpc-default-executor-2] INFO  server.RaftServer$Division (RaftServerImpl.java:requestVote(1416)) - 81bac27f-0582-41fc-bc3f-9f968300fa98@group-269B51D56F15: receive requestVote(PRE_VOTE, c54b81e8-1f41-41f0-8c11-6d721527725f, group-269B51D56F15, 0, (t:0, i:0))
2024-08-15 10:19:40,903 [grpc-default-executor-6] INFO  server.RaftServer$Division (RaftServerImpl.java:requestVote(1416)) - 6c2c8d64-db13-4196-9e9e-e3b1acb91f99@group-269B51D56F15: receive requestVote(PRE_VOTE, c54b81e8-1f41-41f0-8c11-6d721527725f, group-269B51D56F15, 0, (t:0, i:0))
2024-08-15 10:19:40,903 [grpc-default-executor-2] INFO  impl.VoteContext (VoteContext.java:log(49)) - 81bac27f-0582-41fc-bc3f-9f968300fa98@group-269B51D56F15-FOLLOWER: accept PRE_VOTE from c54b81e8-1f41-41f0-8c11-6d721527725f: our priority 0 <= candidate's priority 0
2024-08-15 10:19:40,903 [grpc-default-executor-6] INFO  impl.VoteContext (VoteContext.java:log(49)) - 6c2c8d64-db13-4196-9e9e-e3b1acb91f99@group-269B51D56F15-FOLLOWER: reject PRE_VOTE from c54b81e8-1f41-41f0-8c11-6d721527725f: our priority 1 > candidate's priority 0
2024-08-15 10:19:40,903 [grpc-default-executor-2] INFO  server.RaftServer$Division (RaftServerImpl.java:requestVote(1449)) - 81bac27f-0582-41fc-bc3f-9f968300fa98@group-269B51D56F15 replies to PRE_VOTE vote request: c54b81e8-1f41-41f0-8c11-6d721527725f<-81bac27f-0582-41fc-bc3f-9f968300fa98#0:OK-t0. Peer's state: 81bac27f-0582-41fc-bc3f-9f968300fa98@group-269B51D56F15:t0, leader=null, voted=, raftlog=Memoized:81bac27f-0582-41fc-bc3f-9f968300fa98@group-269B51D56F15-SegmentedRaftLog:OPENED:c-1:lastnull, conf=conf: {index: -1, cur=peers:[6c2c8d64-db13-4196-9e9e-e3b1acb91f99|127.0.0.1:15551, 81bac27f-0582-41fc-bc3f-9f968300fa98|127.0.0.1:15560, c54b81e8-1f41-41f0-8c11-6d721527725f|127.0.0.1:15542]|listeners:[], old=null}
2024-08-15 10:19:40,903 [grpc-default-executor-6] INFO  server.RaftServer$Division (RaftServerImpl.java:requestVote(1449)) - 6c2c8d64-db13-4196-9e9e-e3b1acb91f99@group-269B51D56F15 replies to PRE_VOTE vote request: c54b81e8-1f41-41f0-8c11-6d721527725f<-6c2c8d64-db13-4196-9e9e-e3b1acb91f99#0:FAIL-t0. Peer's state: 6c2c8d64-db13-4196-9e9e-e3b1acb91f99@group-269B51D56F15:t0, leader=null, voted=, raftlog=Memoized:6c2c8d64-db13-4196-9e9e-e3b1acb91f99@group-269B51D56F15-SegmentedRaftLog:OPENED:c-1:lastnull, conf=conf: {index: -1, cur=peers:[6c2c8d64-db13-4196-9e9e-e3b1acb91f99|127.0.0.1:15551, 81bac27f-0582-41fc-bc3f-9f968300fa98|127.0.0.1:15560, c54b81e8-1f41-41f0-8c11-6d721527725f|127.0.0.1:15542]|listeners:[], old=null}
2024-08-15 10:19:40,904 [c54b81e8-1f41-41f0-8c11-6d721527725f@group-269B51D56F15-LeaderElection140] INFO  impl.LeaderElection (LeaderElection.java:logAndReturn(89)) - c54b81e8-1f41-41f0-8c11-6d721527725f@group-269B51D56F15-LeaderElection140: PRE_VOTE REJECTED received 1 response(s) and 0 exception(s):
2024-08-15 10:19:40,904 [c54b81e8-1f41-41f0-8c11-6d721527725f@group-269B51D56F15-LeaderElection140] INFO  impl.LeaderElection (LeaderElection.java:logAndReturn(93)) -   Response 0: c54b81e8-1f41-41f0-8c11-6d721527725f<-6c2c8d64-db13-4196-9e9e-e3b1acb91f99#0:FAIL-t0
2024-08-15 10:19:40,905 [c54b81e8-1f41-41f0-8c11-6d721527725f@group-269B51D56F15-LeaderElection140] INFO  impl.LeaderElection (LeaderElection.java:askForVotes(323)) - c54b81e8-1f41-41f0-8c11-6d721527725f@group-269B51D56F15-LeaderElection140 PRE_VOTE round 0: result REJECTED
2024-08-15 10:19:40,905 [c54b81e8-1f41-41f0-8c11-6d721527725f@group-269B51D56F15-LeaderElection140] INFO  server.RaftServer$Division (RaftServerImpl.java:setRole(376)) - c54b81e8-1f41-41f0-8c11-6d721527725f@group-269B51D56F15: changes role from CANDIDATE to FOLLOWER at term 0 for REJECTED
2024-08-15 10:19:40,905 [c54b81e8-1f41-41f0-8c11-6d721527725f@group-269B51D56F15-LeaderElection140] INFO  impl.RoleInfo (RoleInfo.java:shutdownLeaderElection(139)) - c54b81e8-1f41-41f0-8c11-6d721527725f: shutdown c54b81e8-1f41-41f0-8c11-6d721527725f@group-269B51D56F15-LeaderElection140
2024-08-15 10:19:40,905 [c54b81e8-1f41-41f0-8c11-6d721527725f@group-269B51D56F15-LeaderElection140] INFO  impl.RoleInfo (RoleInfo.java:updateAndGet(148)) - c54b81e8-1f41-41f0-8c11-6d721527725f: start c54b81e8-1f41-41f0-8c11-6d721527725f@group-269B51D56F15-FollowerState
2024-08-15 10:19:40,905 [c54b81e8-1f41-41f0-8c11-6d721527725f@group-269B51D56F15-LeaderElection140] INFO  server.RaftServer$Division (RaftServerImpl.java:setFirstElection(549)) - c54b81e8-1f41-41f0-8c11-6d721527725f@group-269B51D56F15: set firstElectionSinceStartup to false for REJECTED
2024-08-15 10:19:40,944 [6c2c8d64-db13-4196-9e9e-e3b1acb91f99@group-269B51D56F15-FollowerState] INFO  impl.FollowerState (FollowerState.java:run(144)) - 6c2c8d64-db13-4196-9e9e-e3b1acb91f99@group-269B51D56F15-FollowerState: change to CANDIDATE, lastRpcElapsedTime:5015446284ns, electionTimeout:5015ms
2024-08-15 10:19:40,944 [6c2c8d64-db13-4196-9e9e-e3b1acb91f99@group-269B51D56F15-FollowerState] INFO  impl.RoleInfo (RoleInfo.java:shutdownFollowerState(119)) - 6c2c8d64-db13-4196-9e9e-e3b1acb91f99: shutdown 6c2c8d64-db13-4196-9e9e-e3b1acb91f99@group-269B51D56F15-FollowerState
2024-08-15 10:19:40,944 [6c2c8d64-db13-4196-9e9e-e3b1acb91f99@group-269B51D56F15-FollowerState] INFO  server.RaftServer$Division (RaftServerImpl.java:setRole(376)) - 6c2c8d64-db13-4196-9e9e-e3b1acb91f99@group-269B51D56F15: changes role from  FOLLOWER to CANDIDATE at term 0 for changeToCandidate
2024-08-15 10:19:40,944 [6c2c8d64-db13-4196-9e9e-e3b1acb91f99@group-269B51D56F15-FollowerState] INFO  server.RaftServerConfigKeys (ConfUtils.java:logGet(46)) - raft.server.leaderelection.pre-vote = true (default)
2024-08-15 10:19:40,944 [6c2c8d64-db13-4196-9e9e-e3b1acb91f99@group-269B51D56F15-FollowerState] INFO  impl.RoleInfo (RoleInfo.java:updateAndGet(148)) - 6c2c8d64-db13-4196-9e9e-e3b1acb91f99: start 6c2c8d64-db13-4196-9e9e-e3b1acb91f99@group-269B51D56F15-LeaderElection141
2024-08-15 10:19:40,944 [6c2c8d64-db13-4196-9e9e-e3b1acb91f99@group-269B51D56F15-LeaderElection141] INFO  impl.LeaderElection (LeaderElection.java:askForVotes(321)) - 6c2c8d64-db13-4196-9e9e-e3b1acb91f99@group-269B51D56F15-LeaderElection141 PRE_VOTE round 0: submit vote requests at term 0 for conf: {index: -1, cur=peers:[6c2c8d64-db13-4196-9e9e-e3b1acb91f99|127.0.0.1:15551, 81bac27f-0582-41fc-bc3f-9f968300fa98|127.0.0.1:15560, c54b81e8-1f41-41f0-8c11-6d721527725f|127.0.0.1:15542]|listeners:[], old=null}
2024-08-15 10:19:40,945 [6c2c8d64-db13-4196-9e9e-e3b1acb91f99@group-269B51D56F15-LeaderElection141-1] INFO  server.GrpcServerProtocolClient (GrpcServerProtocolClient.java:<init>(65)) - Build channel for 81bac27f-0582-41fc-bc3f-9f968300fa98|127.0.0.1:15560
2024-08-15 10:19:40,945 [6c2c8d64-db13-4196-9e9e-e3b1acb91f99@group-269B51D56F15-LeaderElection141-2] INFO  server.GrpcServerProtocolClient (GrpcServerProtocolClient.java:<init>(65)) - Build channel for c54b81e8-1f41-41f0-8c11-6d721527725f|127.0.0.1:15542
2024-08-15 10:19:40,945 [6c2c8d64-db13-4196-9e9e-e3b1acb91f99@group-269B51D56F15-LeaderElection141] INFO  server.RaftServerConfigKeys (ConfUtils.java:logFallback(53)) - raft.server.rpc.first-election.timeout.min = 5s (fallback to raft.server.rpc.timeout.min)
2024-08-15 10:19:40,945 [6c2c8d64-db13-4196-9e9e-e3b1acb91f99@group-269B51D56F15-LeaderElection141] INFO  server.RaftServerConfigKeys (ConfUtils.java:logFallback(53)) - raft.server.rpc.first-election.timeout.max = 5200ms (fallback to raft.server.rpc.timeout.max)
2024-08-15 10:19:40,948 [grpc-default-executor-6] INFO  server.RaftServer$Division (RaftServerImpl.java:requestVote(1416)) - 81bac27f-0582-41fc-bc3f-9f968300fa98@group-269B51D56F15: receive requestVote(PRE_VOTE, 6c2c8d64-db13-4196-9e9e-e3b1acb91f99, group-269B51D56F15, 0, (t:0, i:0))
2024-08-15 10:19:40,948 [grpc-default-executor-6] INFO  impl.VoteContext (VoteContext.java:log(49)) - 81bac27f-0582-41fc-bc3f-9f968300fa98@group-269B51D56F15-FOLLOWER: accept PRE_VOTE from 6c2c8d64-db13-4196-9e9e-e3b1acb91f99: our priority 0 <= candidate's priority 1
2024-08-15 10:19:40,948 [grpc-default-executor-6] INFO  server.RaftServer$Division (RaftServerImpl.java:requestVote(1449)) - 81bac27f-0582-41fc-bc3f-9f968300fa98@group-269B51D56F15 replies to PRE_VOTE vote request: 6c2c8d64-db13-4196-9e9e-e3b1acb91f99<-81bac27f-0582-41fc-bc3f-9f968300fa98#0:OK-t0. Peer's state: 81bac27f-0582-41fc-bc3f-9f968300fa98@group-269B51D56F15:t0, leader=null, voted=, raftlog=Memoized:81bac27f-0582-41fc-bc3f-9f968300fa98@group-269B51D56F15-SegmentedRaftLog:OPENED:c-1:lastnull, conf=conf: {index: -1, cur=peers:[6c2c8d64-db13-4196-9e9e-e3b1acb91f99|127.0.0.1:15551, 81bac27f-0582-41fc-bc3f-9f968300fa98|127.0.0.1:15560, c54b81e8-1f41-41f0-8c11-6d721527725f|127.0.0.1:15542]|listeners:[], old=null}
2024-08-15 10:19:40,948 [grpc-default-executor-2] INFO  server.RaftServer$Division (RaftServerImpl.java:requestVote(1416)) - c54b81e8-1f41-41f0-8c11-6d721527725f@group-269B51D56F15: receive requestVote(PRE_VOTE, 6c2c8d64-db13-4196-9e9e-e3b1acb91f99, group-269B51D56F15, 0, (t:0, i:0))
2024-08-15 10:19:40,949 [grpc-default-executor-2] INFO  impl.VoteContext (VoteContext.java:log(49)) - c54b81e8-1f41-41f0-8c11-6d721527725f@group-269B51D56F15-FOLLOWER: accept PRE_VOTE from 6c2c8d64-db13-4196-9e9e-e3b1acb91f99: our priority 0 <= candidate's priority 1
2024-08-15 10:19:40,949 [grpc-default-executor-2] INFO  server.RaftServer$Division (RaftServerImpl.java:requestVote(1449)) - c54b81e8-1f41-41f0-8c11-6d721527725f@group-269B51D56F15 replies to PRE_VOTE vote request: 6c2c8d64-db13-4196-9e9e-e3b1acb91f99<-c54b81e8-1f41-41f0-8c11-6d721527725f#0:OK-t0. Peer's state: c54b81e8-1f41-41f0-8c11-6d721527725f@group-269B51D56F15:t0, leader=null, voted=, raftlog=Memoized:c54b81e8-1f41-41f0-8c11-6d721527725f@group-269B51D56F15-SegmentedRaftLog:OPENED:c-1:lastnull, conf=conf: {index: -1, cur=peers:[6c2c8d64-db13-4196-9e9e-e3b1acb91f99|127.0.0.1:15551, 81bac27f-0582-41fc-bc3f-9f968300fa98|127.0.0.1:15560, c54b81e8-1f41-41f0-8c11-6d721527725f|127.0.0.1:15542]|listeners:[], old=null}
2024-08-15 10:19:40,949 [6c2c8d64-db13-4196-9e9e-e3b1acb91f99@group-269B51D56F15-LeaderElection141] INFO  impl.LeaderElection (LeaderElection.java:logAndReturn(89)) - 6c2c8d64-db13-4196-9e9e-e3b1acb91f99@group-269B51D56F15-LeaderElection141: PRE_VOTE PASSED received 1 response(s) and 0 exception(s):
2024-08-15 10:19:40,949 [6c2c8d64-db13-4196-9e9e-e3b1acb91f99@group-269B51D56F15-LeaderElection141] INFO  impl.LeaderElection (LeaderElection.java:logAndReturn(93)) -   Response 0: 6c2c8d64-db13-4196-9e9e-e3b1acb91f99<-81bac27f-0582-41fc-bc3f-9f968300fa98#0:OK-t0
2024-08-15 10:19:40,949 [6c2c8d64-db13-4196-9e9e-e3b1acb91f99@group-269B51D56F15-LeaderElection141] INFO  impl.LeaderElection (LeaderElection.java:askForVotes(323)) - 6c2c8d64-db13-4196-9e9e-e3b1acb91f99@group-269B51D56F15-LeaderElection141 PRE_VOTE round 0: result PASSED
2024-08-15 10:19:40,953 [6c2c8d64-db13-4196-9e9e-e3b1acb91f99@group-269B51D56F15-LeaderElection141] INFO  impl.LeaderElection (LeaderElection.java:askForVotes(321)) - 6c2c8d64-db13-4196-9e9e-e3b1acb91f99@group-269B51D56F15-LeaderElection141 ELECTION round 0: submit vote requests at term 1 for conf: {index: -1, cur=peers:[6c2c8d64-db13-4196-9e9e-e3b1acb91f99|127.0.0.1:15551, 81bac27f-0582-41fc-bc3f-9f968300fa98|127.0.0.1:15560, c54b81e8-1f41-41f0-8c11-6d721527725f|127.0.0.1:15542]|listeners:[], old=null}
2024-08-15 10:19:40,953 [6c2c8d64-db13-4196-9e9e-e3b1acb91f99@group-269B51D56F15-LeaderElection141] INFO  server.RaftServerConfigKeys (ConfUtils.java:logFallback(53)) - raft.server.rpc.first-election.timeout.min = 5s (fallback to raft.server.rpc.timeout.min)
2024-08-15 10:19:40,953 [6c2c8d64-db13-4196-9e9e-e3b1acb91f99@group-269B51D56F15-LeaderElection141] INFO  server.RaftServerConfigKeys (ConfUtils.java:logFallback(53)) - raft.server.rpc.first-election.timeout.max = 5200ms (fallback to raft.server.rpc.timeout.max)
2024-08-15 10:19:40,954 [grpc-default-executor-6] INFO  server.RaftServer$Division (RaftServerImpl.java:requestVote(1416)) - 81bac27f-0582-41fc-bc3f-9f968300fa98@group-269B51D56F15: receive requestVote(ELECTION, 6c2c8d64-db13-4196-9e9e-e3b1acb91f99, group-269B51D56F15, 1, (t:0, i:0))
2024-08-15 10:19:40,954 [grpc-default-executor-2] INFO  server.RaftServer$Division (RaftServerImpl.java:requestVote(1416)) - c54b81e8-1f41-41f0-8c11-6d721527725f@group-269B51D56F15: receive requestVote(ELECTION, 6c2c8d64-db13-4196-9e9e-e3b1acb91f99, group-269B51D56F15, 1, (t:0, i:0))
2024-08-15 10:19:40,954 [grpc-default-executor-6] INFO  impl.VoteContext (VoteContext.java:log(49)) - 81bac27f-0582-41fc-bc3f-9f968300fa98@group-269B51D56F15-FOLLOWER: accept ELECTION from 6c2c8d64-db13-4196-9e9e-e3b1acb91f99: our priority 0 <= candidate's priority 1
2024-08-15 10:19:40,954 [grpc-default-executor-2] INFO  impl.VoteContext (VoteContext.java:log(49)) - c54b81e8-1f41-41f0-8c11-6d721527725f@group-269B51D56F15-FOLLOWER: accept ELECTION from 6c2c8d64-db13-4196-9e9e-e3b1acb91f99: our priority 0 <= candidate's priority 1
2024-08-15 10:19:40,954 [grpc-default-executor-2] INFO  server.RaftServer$Division (RaftServerImpl.java:setRole(376)) - c54b81e8-1f41-41f0-8c11-6d721527725f@group-269B51D56F15: changes role from  FOLLOWER to FOLLOWER at term 1 for candidate:6c2c8d64-db13-4196-9e9e-e3b1acb91f99
2024-08-15 10:19:40,954 [grpc-default-executor-2] INFO  impl.RoleInfo (RoleInfo.java:shutdownFollowerState(119)) - c54b81e8-1f41-41f0-8c11-6d721527725f: shutdown c54b81e8-1f41-41f0-8c11-6d721527725f@group-269B51D56F15-FollowerState
2024-08-15 10:19:40,954 [grpc-default-executor-2] INFO  impl.RoleInfo (RoleInfo.java:updateAndGet(148)) - c54b81e8-1f41-41f0-8c11-6d721527725f: start c54b81e8-1f41-41f0-8c11-6d721527725f@group-269B51D56F15-FollowerState
2024-08-15 10:19:40,954 [grpc-default-executor-6] INFO  server.RaftServer$Division (RaftServerImpl.java:setRole(376)) - 81bac27f-0582-41fc-bc3f-9f968300fa98@group-269B51D56F15: changes role from  FOLLOWER to FOLLOWER at term 1 for candidate:6c2c8d64-db13-4196-9e9e-e3b1acb91f99
2024-08-15 10:19:40,954 [grpc-default-executor-6] INFO  impl.RoleInfo (RoleInfo.java:shutdownFollowerState(119)) - 81bac27f-0582-41fc-bc3f-9f968300fa98: shutdown 81bac27f-0582-41fc-bc3f-9f968300fa98@group-269B51D56F15-FollowerState
2024-08-15 10:19:40,954 [grpc-default-executor-6] INFO  impl.RoleInfo (RoleInfo.java:updateAndGet(148)) - 81bac27f-0582-41fc-bc3f-9f968300fa98: start 81bac27f-0582-41fc-bc3f-9f968300fa98@group-269B51D56F15-FollowerState
2024-08-15 10:19:40,954 [81bac27f-0582-41fc-bc3f-9f968300fa98@group-269B51D56F15-FollowerState] INFO  impl.FollowerState (FollowerState.java:run(153)) - 81bac27f-0582-41fc-bc3f-9f968300fa98@group-269B51D56F15-FollowerState was interrupted
2024-08-15 10:19:40,955 [grpc-default-executor-6] INFO  server.RaftServer$Division (RaftServerImpl.java:setFirstElection(549)) - 81bac27f-0582-41fc-bc3f-9f968300fa98@group-269B51D56F15: set firstElectionSinceStartup to false for candidate:6c2c8d64-db13-4196-9e9e-e3b1acb91f99
2024-08-15 10:19:40,956 [grpc-default-executor-2] INFO  server.RaftServer$Division (RaftServerImpl.java:requestVote(1449)) - c54b81e8-1f41-41f0-8c11-6d721527725f@group-269B51D56F15 replies to ELECTION vote request: 6c2c8d64-db13-4196-9e9e-e3b1acb91f99<-c54b81e8-1f41-41f0-8c11-6d721527725f#0:OK-t1. Peer's state: c54b81e8-1f41-41f0-8c11-6d721527725f@group-269B51D56F15:t1, leader=null, voted=6c2c8d64-db13-4196-9e9e-e3b1acb91f99, raftlog=Memoized:c54b81e8-1f41-41f0-8c11-6d721527725f@group-269B51D56F15-SegmentedRaftLog:OPENED:c-1:lastnull, conf=conf: {index: -1, cur=peers:[6c2c8d64-db13-4196-9e9e-e3b1acb91f99|127.0.0.1:15551, 81bac27f-0582-41fc-bc3f-9f968300fa98|127.0.0.1:15560, c54b81e8-1f41-41f0-8c11-6d721527725f|127.0.0.1:15542]|listeners:[], old=null}
2024-08-15 10:19:40,956 [grpc-default-executor-6] INFO  server.RaftServer$Division (RaftServerImpl.java:requestVote(1449)) - 81bac27f-0582-41fc-bc3f-9f968300fa98@group-269B51D56F15 replies to ELECTION vote request: 6c2c8d64-db13-4196-9e9e-e3b1acb91f99<-81bac27f-0582-41fc-bc3f-9f968300fa98#0:OK-t1. Peer's state: 81bac27f-0582-41fc-bc3f-9f968300fa98@group-269B51D56F15:t1, leader=null, voted=6c2c8d64-db13-4196-9e9e-e3b1acb91f99, raftlog=Memoized:81bac27f-0582-41fc-bc3f-9f968300fa98@group-269B51D56F15-SegmentedRaftLog:OPENED:c-1:lastnull, conf=conf: {index: -1, cur=peers:[6c2c8d64-db13-4196-9e9e-e3b1acb91f99|127.0.0.1:15551, 81bac27f-0582-41fc-bc3f-9f968300fa98|127.0.0.1:15560, c54b81e8-1f41-41f0-8c11-6d721527725f|127.0.0.1:15542]|listeners:[], old=null}
2024-08-15 10:19:40,956 [6c2c8d64-db13-4196-9e9e-e3b1acb91f99@group-269B51D56F15-LeaderElection141] INFO  impl.LeaderElection (LeaderElection.java:logAndReturn(89)) - 6c2c8d64-db13-4196-9e9e-e3b1acb91f99@group-269B51D56F15-LeaderElection141: ELECTION PASSED received 1 response(s) and 0 exception(s):
2024-08-15 10:19:40,957 [6c2c8d64-db13-4196-9e9e-e3b1acb91f99@group-269B51D56F15-LeaderElection141] INFO  impl.LeaderElection (LeaderElection.java:logAndReturn(93)) -   Response 0: 6c2c8d64-db13-4196-9e9e-e3b1acb91f99<-c54b81e8-1f41-41f0-8c11-6d721527725f#0:OK-t1
2024-08-15 10:19:40,957 [6c2c8d64-db13-4196-9e9e-e3b1acb91f99@group-269B51D56F15-LeaderElection141] INFO  impl.LeaderElection (LeaderElection.java:askForVotes(323)) - 6c2c8d64-db13-4196-9e9e-e3b1acb91f99@group-269B51D56F15-LeaderElection141 ELECTION round 0: result PASSED
2024-08-15 10:19:40,957 [6c2c8d64-db13-4196-9e9e-e3b1acb91f99@group-269B51D56F15-LeaderElection141] INFO  impl.RoleInfo (RoleInfo.java:shutdownLeaderElection(139)) - 6c2c8d64-db13-4196-9e9e-e3b1acb91f99: shutdown 6c2c8d64-db13-4196-9e9e-e3b1acb91f99@group-269B51D56F15-LeaderElection141
2024-08-15 10:19:40,957 [6c2c8d64-db13-4196-9e9e-e3b1acb91f99@group-269B51D56F15-LeaderElection141] INFO  server.RaftServer$Division (RaftServerImpl.java:setRole(376)) - 6c2c8d64-db13-4196-9e9e-e3b1acb91f99@group-269B51D56F15: changes role from CANDIDATE to LEADER at term 1 for changeToLeader
2024-08-15 10:19:40,957 [6c2c8d64-db13-4196-9e9e-e3b1acb91f99@group-269B51D56F15-LeaderElection141] INFO  server.RaftServerConfigKeys (ConfUtils.java:logGet(46)) - raft.server.staging.catchup.gap = 1000 (default)
2024-08-15 10:19:40,957 [6c2c8d64-db13-4196-9e9e-e3b1acb91f99@group-269B51D56F15-LeaderElection141] INFO  server.RaftServerConfigKeys (ConfUtils.java:logGet(46)) - raft.server.write.element-limit = 1024 (custom)
2024-08-15 10:19:40,957 [6c2c8d64-db13-4196-9e9e-e3b1acb91f99@group-269B51D56F15-LeaderElection141] INFO  server.RaftServerConfigKeys (ConfUtils.java:logGet(46)) - raft.server.write.byte-limit = 1024 M (=1073741824) (custom)
2024-08-15 10:19:40,958 [6c2c8d64-db13-4196-9e9e-e3b1acb91f99@group-269B51D56F15-LeaderElection141] INFO  server.RaftServerConfigKeys (ConfUtils.java:logGet(46)) - raft.server.watch.timeout = 3000ms (custom)
2024-08-15 10:19:40,958 [6c2c8d64-db13-4196-9e9e-e3b1acb91f99@group-269B51D56F15-LeaderElection141] INFO  server.RaftServerConfigKeys (ConfUtils.java:logGet(46)) - raft.server.watch.timeout.denomination = 1s (default)
2024-08-15 10:19:40,958 [6c2c8d64-db13-4196-9e9e-e3b1acb91f99@group-269B51D56F15-LeaderElection141] INFO  server.RaftServerConfigKeys (ConfUtils.java:logGet(46)) - raft.server.watch.element-limit = 65536 (default)
2024-08-15 10:19:40,958 [6c2c8d64-db13-4196-9e9e-e3b1acb91f99@group-269B51D56F15-LeaderElection141] INFO  server.RaftServerConfigKeys (ConfUtils.java:logGet(46)) - raft.server.read.leader.lease.enabled = false (default)
2024-08-15 10:19:40,958 [6c2c8d64-db13-4196-9e9e-e3b1acb91f99@group-269B51D56F15-LeaderElection141] INFO  server.RaftServerConfigKeys (ConfUtils.java:logGet(46)) - raft.server.read.leader.lease.timeout.ratio = 0.9 (default)
2024-08-15 10:19:40,958 [6c2c8d64-db13-4196-9e9e-e3b1acb91f99@group-269B51D56F15-LeaderElection141] INFO  server.RaftServerConfigKeys (ConfUtils.java:logGet(46)) - raft.server.rpc.timeout.min = 5s (custom)
2024-08-15 10:19:40,958 [6c2c8d64-db13-4196-9e9e-e3b1acb91f99@group-269B51D56F15-LeaderElection141] INFO  server.RaftServerConfigKeys (ConfUtils.java:logGet(46)) - raft.server.log.log-metadata.enabled = true (default)
2024-08-15 10:19:40,958 [6c2c8d64-db13-4196-9e9e-e3b1acb91f99@group-269B51D56F15-LeaderElection141] INFO  server.RaftServerConfigKeys (ConfUtils.java:logGet(46)) - raft.server.write.element-limit = 1024 (custom)
2024-08-15 10:19:40,959 [6c2c8d64-db13-4196-9e9e-e3b1acb91f99@group-269B51D56F15-LeaderElection141] INFO  server.RaftServerConfigKeys (ConfUtils.java:logGet(46)) - raft.server.write.follower.gap.ratio.max = -1.0 (default)
2024-08-15 10:19:40,959 [6c2c8d64-db13-4196-9e9e-e3b1acb91f99@group-269B51D56F15-LeaderElection141] INFO  server.RaftServerConfigKeys (ConfUtils.java:logGet(46)) - raft.server.log.appender.snapshot.chunk.size.max = 16MB (=16777216) (default)
2024-08-15 10:19:40,959 [6c2c8d64-db13-4196-9e9e-e3b1acb91f99@group-269B51D56F15-LeaderElection141] INFO  server.RaftServerConfigKeys (ConfUtils.java:logGet(46)) - raft.server.log.appender.buffer.byte-limit = 8388608 (custom)
2024-08-15 10:19:40,959 [6c2c8d64-db13-4196-9e9e-e3b1acb91f99@group-269B51D56F15-LeaderElection141] INFO  server.RaftServerConfigKeys (ConfUtils.java:logGet(46)) - raft.server.log.appender.buffer.element-limit = 1024 (custom)
2024-08-15 10:19:40,959 [6c2c8d64-db13-4196-9e9e-e3b1acb91f99@group-269B51D56F15-LeaderElection141] INFO  server.RaftServerConfigKeys (ConfUtils.java:logGet(46)) - raft.server.log.appender.wait-time.min = 0ms (custom)
2024-08-15 10:19:40,959 [6c2c8d64-db13-4196-9e9e-e3b1acb91f99@group-269B51D56F15-LeaderElection141] INFO  grpc.GrpcConfigKeys (ConfUtils.java:logGet(46)) - raft.grpc.server.leader.outstanding.appends.max = 8 (default)
2024-08-15 10:19:40,959 [6c2c8d64-db13-4196-9e9e-e3b1acb91f99@group-269B51D56F15-LeaderElection141] INFO  server.RaftServerConfigKeys (ConfUtils.java:logGet(46)) - raft.server.rpc.request.timeout = 3000ms (default)
2024-08-15 10:19:40,959 [6c2c8d64-db13-4196-9e9e-e3b1acb91f99@group-269B51D56F15-LeaderElection141] INFO  grpc.GrpcConfigKeys (ConfUtils.java:logGet(46)) - raft.grpc.server.install_snapshot.request.element-limit = 8 (default)
2024-08-15 10:19:40,959 [6c2c8d64-db13-4196-9e9e-e3b1acb91f99@group-269B51D56F15-LeaderElection141] INFO  grpc.GrpcConfigKeys (ConfUtils.java:logGet(46)) - raft.grpc.server.install_snapshot.request.timeout = 3000ms (default)
2024-08-15 10:19:40,960 [6c2c8d64-db13-4196-9e9e-e3b1acb91f99@group-269B51D56F15-LeaderElection141] INFO  grpc.GrpcConfigKeys (ConfUtils.java:logGet(46)) - raft.grpc.server.log-message.batch.duration = 5s (default)
2024-08-15 10:19:40,960 [6c2c8d64-db13-4196-9e9e-e3b1acb91f99@group-269B51D56F15-LeaderElection141] INFO  server.RaftServerConfigKeys (ConfUtils.java:logGet(46)) - raft.server.log.appender.install.snapshot.enabled = false (custom)
2024-08-15 10:19:40,960 [6c2c8d64-db13-4196-9e9e-e3b1acb91f99@group-269B51D56F15-LeaderElection141] INFO  grpc.GrpcConfigKeys (ConfUtils.java:logGet(46)) - raft.grpc.server.heartbeat.channel = true (default)
2024-08-15 10:19:40,960 [6c2c8d64-db13-4196-9e9e-e3b1acb91f99@group-269B51D56F15-LeaderElection141] INFO  server.RaftServerConfigKeys (ConfUtils.java:logGet(46)) - raft.server.log.appender.snapshot.chunk.size.max = 16MB (=16777216) (default)
2024-08-15 10:19:40,961 [6c2c8d64-db13-4196-9e9e-e3b1acb91f99@group-269B51D56F15-LeaderElection141] INFO  server.RaftServerConfigKeys (ConfUtils.java:logGet(46)) - raft.server.log.appender.buffer.byte-limit = 8388608 (custom)
2024-08-15 10:19:40,961 [6c2c8d64-db13-4196-9e9e-e3b1acb91f99@group-269B51D56F15-LeaderElection141] INFO  server.RaftServerConfigKeys (ConfUtils.java:logGet(46)) - raft.server.log.appender.buffer.element-limit = 1024 (custom)
2024-08-15 10:19:40,961 [6c2c8d64-db13-4196-9e9e-e3b1acb91f99@group-269B51D56F15-LeaderElection141] INFO  server.RaftServerConfigKeys (ConfUtils.java:logGet(46)) - raft.server.log.appender.wait-time.min = 0ms (custom)
2024-08-15 10:19:40,961 [6c2c8d64-db13-4196-9e9e-e3b1acb91f99@group-269B51D56F15-LeaderElection141] INFO  grpc.GrpcConfigKeys (ConfUtils.java:logGet(46)) - raft.grpc.server.leader.outstanding.appends.max = 8 (default)
2024-08-15 10:19:40,961 [6c2c8d64-db13-4196-9e9e-e3b1acb91f99@group-269B51D56F15-LeaderElection141] INFO  server.RaftServerConfigKeys (ConfUtils.java:logGet(46)) - raft.server.rpc.request.timeout = 3000ms (default)
2024-08-15 10:19:40,961 [6c2c8d64-db13-4196-9e9e-e3b1acb91f99@group-269B51D56F15-LeaderElection141] INFO  grpc.GrpcConfigKeys (ConfUtils.java:logGet(46)) - raft.grpc.server.install_snapshot.request.element-limit = 8 (default)
2024-08-15 10:19:40,961 [6c2c8d64-db13-4196-9e9e-e3b1acb91f99@group-269B51D56F15-LeaderElection141] INFO  grpc.GrpcConfigKeys (ConfUtils.java:logGet(46)) - raft.grpc.server.install_snapshot.request.timeout = 3000ms (default)
2024-08-15 10:19:40,961 [6c2c8d64-db13-4196-9e9e-e3b1acb91f99@group-269B51D56F15-LeaderElection141] INFO  grpc.GrpcConfigKeys (ConfUtils.java:logGet(46)) - raft.grpc.server.log-message.batch.duration = 5s (default)
2024-08-15 10:19:40,961 [6c2c8d64-db13-4196-9e9e-e3b1acb91f99@group-269B51D56F15-LeaderElection141] INFO  server.RaftServerConfigKeys (ConfUtils.java:logGet(46)) - raft.server.log.appender.install.snapshot.enabled = false (custom)
2024-08-15 10:19:40,961 [6c2c8d64-db13-4196-9e9e-e3b1acb91f99@group-269B51D56F15-LeaderElection141] INFO  grpc.GrpcConfigKeys (ConfUtils.java:logGet(46)) - raft.grpc.server.heartbeat.channel = true (default)
2024-08-15 10:19:40,961 [6c2c8d64-db13-4196-9e9e-e3b1acb91f99@group-269B51D56F15-LeaderElection141] INFO  impl.RoleInfo (RoleInfo.java:updateAndGet(148)) - 6c2c8d64-db13-4196-9e9e-e3b1acb91f99: start 6c2c8d64-db13-4196-9e9e-e3b1acb91f99@group-269B51D56F15-LeaderStateImpl
2024-08-15 10:19:40,961 [6c2c8d64-db13-4196-9e9e-e3b1acb91f99@group-269B51D56F15-LeaderElection141] INFO  server.RaftServer$Division (RaftServerImpl.java:setFirstElection(549)) - 6c2c8d64-db13-4196-9e9e-e3b1acb91f99@group-269B51D56F15: set firstElectionSinceStartup to false for becomeLeader
2024-08-15 10:19:40,961 [6c2c8d64-db13-4196-9e9e-e3b1acb91f99@group-269B51D56F15-LeaderElection141] INFO  ratis.XceiverServerRatis (XceiverServerRatis.java:handleLeaderChangedNotification(951)) - Leader change notification received for group: group-269B51D56F15 with new leaderId: 6c2c8d64-db13-4196-9e9e-e3b1acb91f99
2024-08-15 10:19:40,961 [6c2c8d64-db13-4196-9e9e-e3b1acb91f99@group-269B51D56F15-LeaderElection141] INFO  server.RaftServer$Division (ServerState.java:setLeader(272)) - 6c2c8d64-db13-4196-9e9e-e3b1acb91f99@group-269B51D56F15: change Leader from null to 6c2c8d64-db13-4196-9e9e-e3b1acb91f99 at term 1 for becomeLeader, leader elected after 5048ms
2024-08-15 10:19:40,962 [6c2c8d64-db13-4196-9e9e-e3b1acb91f99@group-269B51D56F15-LeaderElection141] INFO  segmented.SegmentedRaftLogWorker (SegmentedRaftLogWorker.java:startLogSegment(433)) - 6c2c8d64-db13-4196-9e9e-e3b1acb91f99@group-269B51D56F15-SegmentedRaftLogWorker: Starting segment from index:0
2024-08-15 10:19:40,962 [6c2c8d64-db13-4196-9e9e-e3b1acb91f99@group-269B51D56F15-SegmentedRaftLogWorker] INFO  segmented.BufferedWriteChannel (BufferedWriteChannel.java:open(61)) - open log_inprogress_0 at position 0
2024-08-15 10:19:40,963 [EventQueue-PipelineReportForPipelineReportHandler] INFO  pipeline.PipelineReportHandler (PipelineReportHandler.java:processPipelineReport(136)) - Opened pipeline PipelineID=51ee1fd2-a1a9-4dcc-ae81-269b51d56f15
2024-08-15 10:19:40,963 [EventQueue-OpenPipelineForHealthyPipelineSafeModeRule] INFO  safemode.SCMSafeModeManager (HealthyPipelineSafeModeRule.java:process(140)) - SCM in safe mode. Healthy pipelines reported count is 1, required healthy pipeline reported count is 1
2024-08-15 10:19:40,963 [EventQueue-OpenPipelineForHealthyPipelineSafeModeRule] INFO  safemode.SCMSafeModeManager (SCMSafeModeManager.java:validateSafeModeExitRules(203)) - HealthyPipelineSafeModeRule rule is successfully validated
2024-08-15 10:19:40,963 [EventQueue-OpenPipelineForHealthyPipelineSafeModeRule] INFO  safemode.SCMSafeModeManager (SCMSafeModeManager.java:validateSafeModeExitRules(218)) - ScmSafeModeManager, all rules are successfully validated
2024-08-15 10:19:40,963 [EventQueue-OpenPipelineForHealthyPipelineSafeModeRule] INFO  safemode.SCMSafeModeManager (SCMSafeModeManager.java:exitSafeMode(248)) - SCM exiting safe mode.
2024-08-15 10:19:40,963 [EventQueue-OpenPipelineForHealthyPipelineSafeModeRule] INFO  ha.SCMContext (SCMContext.java:updateSafeModeStatus(225)) - Update SafeModeStatus from SafeModeStatus{safeModeStatus=true, preCheckPassed=true} to SafeModeStatus{safeModeStatus=false, preCheckPassed=true}.
2024-08-15 10:19:40,963 [EventQueue-OpenPipelineForHealthyPipelineSafeModeRule] INFO  pipeline.BackgroundPipelineCreator (BackgroundPipelineCreator.java:notifyStatusChanged(258)) - Service BackgroundPipelineCreator transitions to RUNNING.
2024-08-15 10:19:40,963 [EventQueue-OpenPipelineForHealthyPipelineSafeModeRule] INFO  BackgroundPipelineScrubber (BackgroundSCMService.java:notifyStatusChanged(79)) - Service BackgroundPipelineScrubber transitions to RUNNING.
2024-08-15 10:19:40,963 [EventQueue-OpenPipelineForHealthyPipelineSafeModeRule] INFO  ExpiredContainerReplicaOpScrubber (BackgroundSCMService.java:notifyStatusChanged(79)) - Service ExpiredContainerReplicaOpScrubber transitions to RUNNING.
2024-08-15 10:19:40,963 [EventQueue-OpenPipelineForHealthyPipelineSafeModeRule] INFO  block.SCMBlockDeletingService (SCMBlockDeletingService.java:notifyStatusChanged(247)) - notifyStatusChanged:RUNNING
2024-08-15 10:19:40,963 [EventQueue-OpenPipelineForHealthyPipelineSafeModeRule] INFO  replication.ReplicationManager (ReplicationManager.java:notifyStatusChanged(1406)) - Service ReplicationManager transitions to RUNNING.
2024-08-15 10:19:40,963 [EventQueue-OpenPipelineForHealthyPipelineSafeModeRule] WARN  balancer.ContainerBalancer (ContainerBalancer.java:shouldRun(136)) - Could not find persisted configuration for ContainerBalancer when checking if ContainerBalancer should run. ContainerBalancer should not run now.
2024-08-15 10:19:40,965 [c54b81e8-1f41-41f0-8c11-6d721527725f@group-269B51D56F15-FollowerState] INFO  impl.FollowerState (FollowerState.java:run(153)) - c54b81e8-1f41-41f0-8c11-6d721527725f@group-269B51D56F15-FollowerState was interrupted
2024-08-15 10:19:40,965 [6c2c8d64-db13-4196-9e9e-e3b1acb91f99@group-269B51D56F15-LeaderElection141] INFO  server.RaftServer$Division (ServerState.java:setRaftConf(386)) - 6c2c8d64-db13-4196-9e9e-e3b1acb91f99@group-269B51D56F15: set configuration conf: {index: 0, cur=peers:[6c2c8d64-db13-4196-9e9e-e3b1acb91f99|127.0.0.1:15551, 81bac27f-0582-41fc-bc3f-9f968300fa98|127.0.0.1:15560, c54b81e8-1f41-41f0-8c11-6d721527725f|127.0.0.1:15542]|listeners:[], old=null}
2024-08-15 10:19:40,972 [6c2c8d64-db13-4196-9e9e-e3b1acb91f99@group-269B51D56F15-SegmentedRaftLogWorker] INFO  segmented.SegmentedRaftLogWorker (SegmentedRaftLogWorker.java:execute(637)) - 6c2c8d64-db13-4196-9e9e-e3b1acb91f99@group-269B51D56F15-SegmentedRaftLogWorker: created new log segment /home/runner/work/ozone/ozone/hadoop-ozone/integration-test/target/test-dir/MiniOzoneClusterImpl-b6aad0f5-771e-4cba-adce-99e3b3454f11/ozone-meta/datanode-2/ratis/51ee1fd2-a1a9-4dcc-ae81-269b51d56f15/current/log_inprogress_0
2024-08-15 10:19:40,979 [81bac27f-0582-41fc-bc3f-9f968300fa98-server-thread1] INFO  ratis.XceiverServerRatis (XceiverServerRatis.java:handleLeaderChangedNotification(951)) - Leader change notification received for group: group-269B51D56F15 with new leaderId: 6c2c8d64-db13-4196-9e9e-e3b1acb91f99
2024-08-15 10:19:40,980 [81bac27f-0582-41fc-bc3f-9f968300fa98-server-thread1] INFO  server.RaftServer$Division (ServerState.java:setLeader(272)) - 81bac27f-0582-41fc-bc3f-9f968300fa98@group-269B51D56F15: change Leader from null to 6c2c8d64-db13-4196-9e9e-e3b1acb91f99 at term 1 for appendEntries, leader elected after 5085ms
2024-08-15 10:19:40,981 [81bac27f-0582-41fc-bc3f-9f968300fa98-server-thread2] INFO  server.RaftServer$Division (ServerState.java:setRaftConf(386)) - 81bac27f-0582-41fc-bc3f-9f968300fa98@group-269B51D56F15: set configuration conf: {index: 0, cur=peers:[6c2c8d64-db13-4196-9e9e-e3b1acb91f99|127.0.0.1:15551, 81bac27f-0582-41fc-bc3f-9f968300fa98|127.0.0.1:15560, c54b81e8-1f41-41f0-8c11-6d721527725f|127.0.0.1:15542]|listeners:[], old=null}
2024-08-15 10:19:40,981 [81bac27f-0582-41fc-bc3f-9f968300fa98-server-thread2] INFO  segmented.SegmentedRaftLogWorker (SegmentedRaftLogWorker.java:startLogSegment(433)) - 81bac27f-0582-41fc-bc3f-9f968300fa98@group-269B51D56F15-SegmentedRaftLogWorker: Starting segment from index:0
2024-08-15 10:19:40,982 [81bac27f-0582-41fc-bc3f-9f968300fa98@group-269B51D56F15-SegmentedRaftLogWorker] INFO  segmented.BufferedWriteChannel (BufferedWriteChannel.java:open(61)) - open log_inprogress_0 at position 0
2024-08-15 10:19:40,991 [81bac27f-0582-41fc-bc3f-9f968300fa98@group-269B51D56F15-SegmentedRaftLogWorker] INFO  segmented.SegmentedRaftLogWorker (SegmentedRaftLogWorker.java:execute(637)) - 81bac27f-0582-41fc-bc3f-9f968300fa98@group-269B51D56F15-SegmentedRaftLogWorker: created new log segment /home/runner/work/ozone/ozone/hadoop-ozone/integration-test/target/test-dir/MiniOzoneClusterImpl-b6aad0f5-771e-4cba-adce-99e3b3454f11/ozone-meta/datanode-3/ratis/51ee1fd2-a1a9-4dcc-ae81-269b51d56f15/current/log_inprogress_0
2024-08-15 10:19:40,992 [c54b81e8-1f41-41f0-8c11-6d721527725f-server-thread2] INFO  ratis.XceiverServerRatis (XceiverServerRatis.java:handleLeaderChangedNotification(951)) - Leader change notification received for group: group-269B51D56F15 with new leaderId: 6c2c8d64-db13-4196-9e9e-e3b1acb91f99
2024-08-15 10:19:40,992 [c54b81e8-1f41-41f0-8c11-6d721527725f-server-thread2] INFO  server.RaftServer$Division (ServerState.java:setLeader(272)) - c54b81e8-1f41-41f0-8c11-6d721527725f@group-269B51D56F15: change Leader from null to 6c2c8d64-db13-4196-9e9e-e3b1acb91f99 at term 1 for appendEntries, leader elected after 5113ms
2024-08-15 10:19:40,992 [c54b81e8-1f41-41f0-8c11-6d721527725f-server-thread2] INFO  server.RaftServer$Division (ServerState.java:setRaftConf(386)) - c54b81e8-1f41-41f0-8c11-6d721527725f@group-269B51D56F15: set configuration conf: {index: 0, cur=peers:[6c2c8d64-db13-4196-9e9e-e3b1acb91f99|127.0.0.1:15551, 81bac27f-0582-41fc-bc3f-9f968300fa98|127.0.0.1:15560, c54b81e8-1f41-41f0-8c11-6d721527725f|127.0.0.1:15542]|listeners:[], old=null}
2024-08-15 10:19:40,993 [c54b81e8-1f41-41f0-8c11-6d721527725f-server-thread2] INFO  segmented.SegmentedRaftLogWorker (SegmentedRaftLogWorker.java:startLogSegment(433)) - c54b81e8-1f41-41f0-8c11-6d721527725f@group-269B51D56F15-SegmentedRaftLogWorker: Starting segment from index:0
2024-08-15 10:19:40,994 [6c2c8d64-db13-4196-9e9e-e3b1acb91f99@group-269B51D56F15-StateMachineUpdater] INFO  server.RaftServer$Division (LeaderStateImpl.java:checkStartIndex(316)) - Leader 6c2c8d64-db13-4196-9e9e-e3b1acb91f99@group-269B51D56F15-LeaderStateImpl is ready since appliedIndex == startIndex == 0
2024-08-15 10:19:40,996 [c54b81e8-1f41-41f0-8c11-6d721527725f@group-77F706F55D62-FollowerState] INFO  impl.FollowerState (FollowerState.java:run(144)) - c54b81e8-1f41-41f0-8c11-6d721527725f@group-77F706F55D62-FollowerState: change to CANDIDATE, lastRpcElapsedTime:5120552962ns, electionTimeout:5120ms
2024-08-15 10:19:40,996 [c54b81e8-1f41-41f0-8c11-6d721527725f@group-77F706F55D62-FollowerState] INFO  impl.RoleInfo (RoleInfo.java:shutdownFollowerState(119)) - c54b81e8-1f41-41f0-8c11-6d721527725f: shutdown c54b81e8-1f41-41f0-8c11-6d721527725f@group-77F706F55D62-FollowerState
2024-08-15 10:19:40,996 [c54b81e8-1f41-41f0-8c11-6d721527725f@group-77F706F55D62-FollowerState] INFO  server.RaftServer$Division (RaftServerImpl.java:setRole(376)) - c54b81e8-1f41-41f0-8c11-6d721527725f@group-77F706F55D62: changes role from  FOLLOWER to CANDIDATE at term 0 for changeToCandidate
2024-08-15 10:19:40,996 [c54b81e8-1f41-41f0-8c11-6d721527725f@group-77F706F55D62-FollowerState] INFO  server.RaftServerConfigKeys (ConfUtils.java:logGet(46)) - raft.server.leaderelection.pre-vote = true (default)
2024-08-15 10:19:40,996 [c54b81e8-1f41-41f0-8c11-6d721527725f@group-77F706F55D62-FollowerState] INFO  impl.RoleInfo (RoleInfo.java:updateAndGet(148)) - c54b81e8-1f41-41f0-8c11-6d721527725f: start c54b81e8-1f41-41f0-8c11-6d721527725f@group-77F706F55D62-LeaderElection142
2024-08-15 10:19:40,997 [c54b81e8-1f41-41f0-8c11-6d721527725f@group-269B51D56F15-SegmentedRaftLogWorker] INFO  segmented.BufferedWriteChannel (BufferedWriteChannel.java:open(61)) - open log_inprogress_0 at position 0
2024-08-15 10:19:41,001 [c54b81e8-1f41-41f0-8c11-6d721527725f@group-77F706F55D62-LeaderElection142] INFO  impl.LeaderElection (LeaderElection.java:askForVotes(321)) - c54b81e8-1f41-41f0-8c11-6d721527725f@group-77F706F55D62-LeaderElection142 PRE_VOTE round 0: submit vote requests at term 0 for conf: {index: -1, cur=peers:[c54b81e8-1f41-41f0-8c11-6d721527725f|127.0.0.1:15542]|listeners:[], old=null}
2024-08-15 10:19:41,001 [c54b81e8-1f41-41f0-8c11-6d721527725f@group-77F706F55D62-LeaderElection142] INFO  impl.LeaderElection (LeaderElection.java:askForVotes(323)) - c54b81e8-1f41-41f0-8c11-6d721527725f@group-77F706F55D62-LeaderElection142 PRE_VOTE round 0: result PASSED (term=0)
2024-08-15 10:19:41,004 [c54b81e8-1f41-41f0-8c11-6d721527725f@group-77F706F55D62-LeaderElection142] INFO  impl.LeaderElection (LeaderElection.java:askForVotes(321)) - c54b81e8-1f41-41f0-8c11-6d721527725f@group-77F706F55D62-LeaderElection142 ELECTION round 0: submit vote requests at term 1 for conf: {index: -1, cur=peers:[c54b81e8-1f41-41f0-8c11-6d721527725f|127.0.0.1:15542]|listeners:[], old=null}
2024-08-15 10:19:41,004 [c54b81e8-1f41-41f0-8c11-6d721527725f@group-77F706F55D62-LeaderElection142] INFO  impl.LeaderElection (LeaderElection.java:askForVotes(323)) - c54b81e8-1f41-41f0-8c11-6d721527725f@group-77F706F55D62-LeaderElection142 ELECTION round 0: result PASSED (term=1)
2024-08-15 10:19:41,004 [c54b81e8-1f41-41f0-8c11-6d721527725f@group-77F706F55D62-LeaderElection142] INFO  impl.RoleInfo (RoleInfo.java:shutdownLeaderElection(139)) - c54b81e8-1f41-41f0-8c11-6d721527725f: shutdown c54b81e8-1f41-41f0-8c11-6d721527725f@group-77F706F55D62-LeaderElection142
2024-08-15 10:19:41,004 [c54b81e8-1f41-41f0-8c11-6d721527725f@group-77F706F55D62-LeaderElection142] INFO  server.RaftServer$Division (RaftServerImpl.java:setRole(376)) - c54b81e8-1f41-41f0-8c11-6d721527725f@group-77F706F55D62: changes role from CANDIDATE to LEADER at term 1 for changeToLeader
2024-08-15 10:19:41,004 [c54b81e8-1f41-41f0-8c11-6d721527725f@group-77F706F55D62-LeaderElection142] INFO  server.RaftServerConfigKeys (ConfUtils.java:logGet(46)) - raft.server.staging.catchup.gap = 1000 (default)
2024-08-15 10:19:41,004 [c54b81e8-1f41-41f0-8c11-6d721527725f@group-77F706F55D62-LeaderElection142] INFO  server.RaftServerConfigKeys (ConfUtils.java:logGet(46)) - raft.server.write.element-limit = 1024 (custom)
2024-08-15 10:19:41,004 [c54b81e8-1f41-41f0-8c11-6d721527725f@group-77F706F55D62-LeaderElection142] INFO  server.RaftServerConfigKeys (ConfUtils.java:logGet(46)) - raft.server.write.byte-limit = 1024 M (=1073741824) (custom)
2024-08-15 10:19:41,004 [c54b81e8-1f41-41f0-8c11-6d721527725f@group-77F706F55D62-LeaderElection142] INFO  server.RaftServerConfigKeys (ConfUtils.java:logGet(46)) - raft.server.watch.timeout = 3000ms (custom)
2024-08-15 10:19:41,004 [c54b81e8-1f41-41f0-8c11-6d721527725f@group-77F706F55D62-LeaderElection142] INFO  server.RaftServerConfigKeys (ConfUtils.java:logGet(46)) - raft.server.watch.timeout.denomination = 1s (default)
2024-08-15 10:19:41,004 [c54b81e8-1f41-41f0-8c11-6d721527725f@group-77F706F55D62-LeaderElection142] INFO  server.RaftServerConfigKeys (ConfUtils.java:logGet(46)) - raft.server.watch.element-limit = 65536 (default)
2024-08-15 10:19:41,005 [c54b81e8-1f41-41f0-8c11-6d721527725f@group-77F706F55D62-LeaderElection142] INFO  server.RaftServerConfigKeys (ConfUtils.java:logGet(46)) - raft.server.read.leader.lease.enabled = false (default)
2024-08-15 10:19:41,005 [c54b81e8-1f41-41f0-8c11-6d721527725f@group-77F706F55D62-LeaderElection142] INFO  server.RaftServerConfigKeys (ConfUtils.java:logGet(46)) - raft.server.read.leader.lease.timeout.ratio = 0.9 (default)
2024-08-15 10:19:41,005 [c54b81e8-1f41-41f0-8c11-6d721527725f@group-77F706F55D62-LeaderElection142] INFO  server.RaftServerConfigKeys (ConfUtils.java:logGet(46)) - raft.server.rpc.timeout.min = 5s (custom)
2024-08-15 10:19:41,005 [c54b81e8-1f41-41f0-8c11-6d721527725f@group-77F706F55D62-LeaderElection142] INFO  server.RaftServerConfigKeys (ConfUtils.java:logGet(46)) - raft.server.log.log-metadata.enabled = true (default)
2024-08-15 10:19:41,005 [c54b81e8-1f41-41f0-8c11-6d721527725f@group-77F706F55D62-LeaderElection142] INFO  server.RaftServerConfigKeys (ConfUtils.java:logGet(46)) - raft.server.write.element-limit = 1024 (custom)
2024-08-15 10:19:41,005 [c54b81e8-1f41-41f0-8c11-6d721527725f@group-77F706F55D62-LeaderElection142] INFO  server.RaftServerConfigKeys (ConfUtils.java:logGet(46)) - raft.server.write.follower.gap.ratio.max = -1.0 (default)
2024-08-15 10:19:41,005 [c54b81e8-1f41-41f0-8c11-6d721527725f@group-77F706F55D62-LeaderElection142] INFO  impl.RoleInfo (RoleInfo.java:updateAndGet(148)) - c54b81e8-1f41-41f0-8c11-6d721527725f: start c54b81e8-1f41-41f0-8c11-6d721527725f@group-77F706F55D62-LeaderStateImpl
2024-08-15 10:19:41,006 [c54b81e8-1f41-41f0-8c11-6d721527725f@group-77F706F55D62-LeaderElection142] INFO  server.RaftServer$Division (RaftServerImpl.java:setFirstElection(549)) - c54b81e8-1f41-41f0-8c11-6d721527725f@group-77F706F55D62: set firstElectionSinceStartup to false for becomeLeader
2024-08-15 10:19:41,006 [c54b81e8-1f41-41f0-8c11-6d721527725f@group-77F706F55D62-LeaderElection142] INFO  ratis.XceiverServerRatis (XceiverServerRatis.java:handleLeaderChangedNotification(951)) - Leader change notification received for group: group-77F706F55D62 with new leaderId: c54b81e8-1f41-41f0-8c11-6d721527725f
2024-08-15 10:19:41,006 [c54b81e8-1f41-41f0-8c11-6d721527725f@group-77F706F55D62-LeaderElection142] INFO  server.RaftServer$Division (ServerState.java:setLeader(272)) - c54b81e8-1f41-41f0-8c11-6d721527725f@group-77F706F55D62: change Leader from null to c54b81e8-1f41-41f0-8c11-6d721527725f at term 1 for becomeLeader, leader elected after 5141ms
2024-08-15 10:19:41,006 [c54b81e8-1f41-41f0-8c11-6d721527725f@group-77F706F55D62-LeaderElection142] INFO  segmented.SegmentedRaftLogWorker (SegmentedRaftLogWorker.java:startLogSegment(433)) - c54b81e8-1f41-41f0-8c11-6d721527725f@group-77F706F55D62-SegmentedRaftLogWorker: Starting segment from index:0
2024-08-15 10:19:41,006 [c54b81e8-1f41-41f0-8c11-6d721527725f@group-77F706F55D62-SegmentedRaftLogWorker] INFO  segmented.BufferedWriteChannel (BufferedWriteChannel.java:open(61)) - open log_inprogress_0 at position 0
2024-08-15 10:19:41,011 [c54b81e8-1f41-41f0-8c11-6d721527725f@group-77F706F55D62-LeaderElection142] INFO  server.RaftServer$Division (ServerState.java:setRaftConf(386)) - c54b81e8-1f41-41f0-8c11-6d721527725f@group-77F706F55D62: set configuration conf: {index: 0, cur=peers:[c54b81e8-1f41-41f0-8c11-6d721527725f|127.0.0.1:15542]|listeners:[], old=null}
2024-08-15 10:19:41,011 [6c2c8d64-db13-4196-9e9e-e3b1acb91f99@group-788E4CDB4749-FollowerState] INFO  impl.FollowerState (FollowerState.java:run(144)) - 6c2c8d64-db13-4196-9e9e-e3b1acb91f99@group-788E4CDB4749-FollowerState: change to CANDIDATE, lastRpcElapsedTime:5040345897ns, electionTimeout:5040ms
2024-08-15 10:19:41,011 [6c2c8d64-db13-4196-9e9e-e3b1acb91f99@group-788E4CDB4749-FollowerState] INFO  impl.RoleInfo (RoleInfo.java:shutdownFollowerState(119)) - 6c2c8d64-db13-4196-9e9e-e3b1acb91f99: shutdown 6c2c8d64-db13-4196-9e9e-e3b1acb91f99@group-788E4CDB4749-FollowerState
2024-08-15 10:19:41,011 [6c2c8d64-db13-4196-9e9e-e3b1acb91f99@group-788E4CDB4749-FollowerState] INFO  server.RaftServer$Division (RaftServerImpl.java:setRole(376)) - 6c2c8d64-db13-4196-9e9e-e3b1acb91f99@group-788E4CDB4749: changes role from  FOLLOWER to CANDIDATE at term 0 for changeToCandidate
2024-08-15 10:19:41,012 [6c2c8d64-db13-4196-9e9e-e3b1acb91f99@group-788E4CDB4749-FollowerState] INFO  server.RaftServerConfigKeys (ConfUtils.java:logGet(46)) - raft.server.leaderelection.pre-vote = true (default)
2024-08-15 10:19:41,012 [6c2c8d64-db13-4196-9e9e-e3b1acb91f99@group-788E4CDB4749-FollowerState] INFO  impl.RoleInfo (RoleInfo.java:updateAndGet(148)) - 6c2c8d64-db13-4196-9e9e-e3b1acb91f99: start 6c2c8d64-db13-4196-9e9e-e3b1acb91f99@group-788E4CDB4749-LeaderElection143
2024-08-15 10:19:41,012 [c54b81e8-1f41-41f0-8c11-6d721527725f@group-269B51D56F15-SegmentedRaftLogWorker] INFO  segmented.SegmentedRaftLogWorker (SegmentedRaftLogWorker.java:execute(637)) - c54b81e8-1f41-41f0-8c11-6d721527725f@group-269B51D56F15-SegmentedRaftLogWorker: created new log segment /home/runner/work/ozone/ozone/hadoop-ozone/integration-test/target/test-dir/MiniOzoneClusterImpl-b6aad0f5-771e-4cba-adce-99e3b3454f11/ozone-meta/datanode-1/ratis/51ee1fd2-a1a9-4dcc-ae81-269b51d56f15/current/log_inprogress_0
2024-08-15 10:19:41,016 [c54b81e8-1f41-41f0-8c11-6d721527725f@group-788E4CDB4749-FollowerState] INFO  impl.FollowerState (FollowerState.java:run(144)) - c54b81e8-1f41-41f0-8c11-6d721527725f@group-788E4CDB4749-FollowerState: change to CANDIDATE, lastRpcElapsedTime:5063305047ns, electionTimeout:5062ms
2024-08-15 10:19:41,016 [c54b81e8-1f41-41f0-8c11-6d721527725f@group-788E4CDB4749-FollowerState] INFO  impl.RoleInfo (RoleInfo.java:shutdownFollowerState(119)) - c54b81e8-1f41-41f0-8c11-6d721527725f: shutdown c54b81e8-1f41-41f0-8c11-6d721527725f@group-788E4CDB4749-FollowerState
2024-08-15 10:19:41,016 [c54b81e8-1f41-41f0-8c11-6d721527725f@group-788E4CDB4749-FollowerState] INFO  server.RaftServer$Division (RaftServerImpl.java:setRole(376)) - c54b81e8-1f41-41f0-8c11-6d721527725f@group-788E4CDB4749: changes role from  FOLLOWER to CANDIDATE at term 0 for changeToCandidate
2024-08-15 10:19:41,016 [c54b81e8-1f41-41f0-8c11-6d721527725f@group-788E4CDB4749-FollowerState] INFO  server.RaftServerConfigKeys (ConfUtils.java:logGet(46)) - raft.server.leaderelection.pre-vote = true (default)
2024-08-15 10:19:41,016 [c54b81e8-1f41-41f0-8c11-6d721527725f@group-788E4CDB4749-FollowerState] INFO  impl.RoleInfo (RoleInfo.java:updateAndGet(148)) - c54b81e8-1f41-41f0-8c11-6d721527725f: start c54b81e8-1f41-41f0-8c11-6d721527725f@group-788E4CDB4749-LeaderElection144
2024-08-15 10:19:41,017 [c54b81e8-1f41-41f0-8c11-6d721527725f@group-420C9ADAF458-FollowerState] INFO  impl.FollowerState (FollowerState.java:run(144)) - c54b81e8-1f41-41f0-8c11-6d721527725f@group-420C9ADAF458-FollowerState: change to CANDIDATE, lastRpcElapsedTime:5014386640ns, electionTimeout:5014ms
2024-08-15 10:19:41,017 [c54b81e8-1f41-41f0-8c11-6d721527725f@group-420C9ADAF458-FollowerState] INFO  impl.RoleInfo (RoleInfo.java:shutdownFollowerState(119)) - c54b81e8-1f41-41f0-8c11-6d721527725f: shutdown c54b81e8-1f41-41f0-8c11-6d721527725f@group-420C9ADAF458-FollowerState
2024-08-15 10:19:41,017 [c54b81e8-1f41-41f0-8c11-6d721527725f@group-420C9ADAF458-FollowerState] INFO  server.RaftServer$Division (RaftServerImpl.java:setRole(376)) - c54b81e8-1f41-41f0-8c11-6d721527725f@group-420C9ADAF458: changes role from  FOLLOWER to CANDIDATE at term 0 for changeToCandidate
2024-08-15 10:19:41,017 [c54b81e8-1f41-41f0-8c11-6d721527725f@group-420C9ADAF458-FollowerState] INFO  server.RaftServerConfigKeys (ConfUtils.java:logGet(46)) - raft.server.leaderelection.pre-vote = true (default)
2024-08-15 10:19:41,017 [c54b81e8-1f41-41f0-8c11-6d721527725f@group-420C9ADAF458-FollowerState] INFO  impl.RoleInfo (RoleInfo.java:updateAndGet(148)) - c54b81e8-1f41-41f0-8c11-6d721527725f: start c54b81e8-1f41-41f0-8c11-6d721527725f@group-420C9ADAF458-LeaderElection145
2024-08-15 10:19:41,017 [c54b81e8-1f41-41f0-8c11-6d721527725f@group-77F706F55D62-SegmentedRaftLogWorker] INFO  segmented.SegmentedRaftLogWorker (SegmentedRaftLogWorker.java:execute(637)) - c54b81e8-1f41-41f0-8c11-6d721527725f@group-77F706F55D62-SegmentedRaftLogWorker: created new log segment /home/runner/work/ozone/ozone/hadoop-ozone/integration-test/target/test-dir/MiniOzoneClusterImpl-b6aad0f5-771e-4cba-adce-99e3b3454f11/ozone-meta/datanode-1/ratis/653c286c-3f85-4512-b6c4-77f706f55d62/current/log_inprogress_0
2024-08-15 10:19:41,021 [6c2c8d64-db13-4196-9e9e-e3b1acb91f99@group-788E4CDB4749-LeaderElection143] INFO  impl.LeaderElection (LeaderElection.java:askForVotes(321)) - 6c2c8d64-db13-4196-9e9e-e3b1acb91f99@group-788E4CDB4749-LeaderElection143 PRE_VOTE round 0: submit vote requests at term 0 for conf: {index: -1, cur=peers:[6c2c8d64-db13-4196-9e9e-e3b1acb91f99|127.0.0.1:15551, 81bac27f-0582-41fc-bc3f-9f968300fa98|127.0.0.1:15560, c54b81e8-1f41-41f0-8c11-6d721527725f|127.0.0.1:15542]|listeners:[], old=null}
2024-08-15 10:19:41,022 [c54b81e8-1f41-41f0-8c11-6d721527725f@group-788E4CDB4749-LeaderElection144] INFO  impl.LeaderElection (LeaderElection.java:askForVotes(321)) - c54b81e8-1f41-41f0-8c11-6d721527725f@group-788E4CDB4749-LeaderElection144 PRE_VOTE round 0: submit vote requests at term 0 for conf: {index: -1, cur=peers:[6c2c8d64-db13-4196-9e9e-e3b1acb91f99|127.0.0.1:15551, 81bac27f-0582-41fc-bc3f-9f968300fa98|127.0.0.1:15560, c54b81e8-1f41-41f0-8c11-6d721527725f|127.0.0.1:15542]|listeners:[], old=null}
2024-08-15 10:19:41,022 [c54b81e8-1f41-41f0-8c11-6d721527725f@group-420C9ADAF458-LeaderElection145] INFO  impl.LeaderElection (LeaderElection.java:askForVotes(321)) - c54b81e8-1f41-41f0-8c11-6d721527725f@group-420C9ADAF458-LeaderElection145 PRE_VOTE round 0: submit vote requests at term 0 for conf: {index: -1, cur=peers:[6c2c8d64-db13-4196-9e9e-e3b1acb91f99|127.0.0.1:15551, 81bac27f-0582-41fc-bc3f-9f968300fa98|127.0.0.1:15560, c54b81e8-1f41-41f0-8c11-6d721527725f|127.0.0.1:15542]|listeners:[], old=null}
2024-08-15 10:19:41,023 [c54b81e8-1f41-41f0-8c11-6d721527725f@group-77F706F55D62-StateMachineUpdater] INFO  server.RaftServer$Division (LeaderStateImpl.java:checkStartIndex(316)) - Leader c54b81e8-1f41-41f0-8c11-6d721527725f@group-77F706F55D62-LeaderStateImpl is ready since appliedIndex == startIndex == 0
2024-08-15 10:19:41,025 [6c2c8d64-db13-4196-9e9e-e3b1acb91f99@group-788E4CDB4749-LeaderElection143] INFO  server.RaftServerConfigKeys (ConfUtils.java:logFallback(53)) - raft.server.rpc.first-election.timeout.min = 5s (fallback to raft.server.rpc.timeout.min)
2024-08-15 10:19:41,025 [6c2c8d64-db13-4196-9e9e-e3b1acb91f99@group-788E4CDB4749-LeaderElection143] INFO  server.RaftServerConfigKeys (ConfUtils.java:logFallback(53)) - raft.server.rpc.first-election.timeout.max = 5200ms (fallback to raft.server.rpc.timeout.max)
2024-08-15 10:19:41,026 [grpc-default-executor-7] INFO  server.RaftServer$Division (RaftServerImpl.java:requestVote(1416)) - 81bac27f-0582-41fc-bc3f-9f968300fa98@group-788E4CDB4749: receive requestVote(PRE_VOTE, 6c2c8d64-db13-4196-9e9e-e3b1acb91f99, group-788E4CDB4749, 0, (t:0, i:0))
2024-08-15 10:19:41,026 [grpc-default-executor-7] INFO  impl.VoteContext (VoteContext.java:log(49)) - 81bac27f-0582-41fc-bc3f-9f968300fa98@group-788E4CDB4749-FOLLOWER: accept PRE_VOTE from 6c2c8d64-db13-4196-9e9e-e3b1acb91f99: our priority 0 <= candidate's priority 0
2024-08-15 10:19:41,026 [grpc-default-executor-7] INFO  server.RaftServer$Division (RaftServerImpl.java:requestVote(1449)) - 81bac27f-0582-41fc-bc3f-9f968300fa98@group-788E4CDB4749 replies to PRE_VOTE vote request: 6c2c8d64-db13-4196-9e9e-e3b1acb91f99<-81bac27f-0582-41fc-bc3f-9f968300fa98#0:OK-t0. Peer's state: 81bac27f-0582-41fc-bc3f-9f968300fa98@group-788E4CDB4749:t0, leader=null, voted=, raftlog=Memoized:81bac27f-0582-41fc-bc3f-9f968300fa98@group-788E4CDB4749-SegmentedRaftLog:OPENED:c-1:lastnull, conf=conf: {index: -1, cur=peers:[6c2c8d64-db13-4196-9e9e-e3b1acb91f99|127.0.0.1:15551, 81bac27f-0582-41fc-bc3f-9f968300fa98|127.0.0.1:15560, c54b81e8-1f41-41f0-8c11-6d721527725f|127.0.0.1:15542]|listeners:[], old=null}
2024-08-15 10:19:41,026 [grpc-default-executor-2] INFO  server.RaftServer$Division (RaftServerImpl.java:requestVote(1416)) - c54b81e8-1f41-41f0-8c11-6d721527725f@group-788E4CDB4749: receive requestVote(PRE_VOTE, 6c2c8d64-db13-4196-9e9e-e3b1acb91f99, group-788E4CDB4749, 0, (t:0, i:0))
2024-08-15 10:19:41,026 [grpc-default-executor-2] INFO  impl.VoteContext (VoteContext.java:log(49)) - c54b81e8-1f41-41f0-8c11-6d721527725f@group-788E4CDB4749-CANDIDATE: reject PRE_VOTE from 6c2c8d64-db13-4196-9e9e-e3b1acb91f99: our priority 1 > candidate's priority 0
2024-08-15 10:19:41,026 [grpc-default-executor-2] INFO  server.RaftServer$Division (RaftServerImpl.java:requestVote(1449)) - c54b81e8-1f41-41f0-8c11-6d721527725f@group-788E4CDB4749 replies to PRE_VOTE vote request: 6c2c8d64-db13-4196-9e9e-e3b1acb91f99<-c54b81e8-1f41-41f0-8c11-6d721527725f#0:FAIL-t0. Peer's state: c54b81e8-1f41-41f0-8c11-6d721527725f@group-788E4CDB4749:t0, leader=null, voted=, raftlog=Memoized:c54b81e8-1f41-41f0-8c11-6d721527725f@group-788E4CDB4749-SegmentedRaftLog:OPENED:c-1:lastnull, conf=conf: {index: -1, cur=peers:[6c2c8d64-db13-4196-9e9e-e3b1acb91f99|127.0.0.1:15551, 81bac27f-0582-41fc-bc3f-9f968300fa98|127.0.0.1:15560, c54b81e8-1f41-41f0-8c11-6d721527725f|127.0.0.1:15542]|listeners:[], old=null}
2024-08-15 10:19:41,027 [6c2c8d64-db13-4196-9e9e-e3b1acb91f99@group-788E4CDB4749-LeaderElection143] INFO  impl.LeaderElection (LeaderElection.java:logAndReturn(89)) - 6c2c8d64-db13-4196-9e9e-e3b1acb91f99@group-788E4CDB4749-LeaderElection143: PRE_VOTE REJECTED received 1 response(s) and 0 exception(s):
2024-08-15 10:19:41,027 [6c2c8d64-db13-4196-9e9e-e3b1acb91f99@group-788E4CDB4749-LeaderElection143] INFO  impl.LeaderElection (LeaderElection.java:logAndReturn(93)) -   Response 0: 6c2c8d64-db13-4196-9e9e-e3b1acb91f99<-c54b81e8-1f41-41f0-8c11-6d721527725f#0:FAIL-t0
2024-08-15 10:19:41,027 [6c2c8d64-db13-4196-9e9e-e3b1acb91f99@group-788E4CDB4749-LeaderElection143] INFO  impl.LeaderElection (LeaderElection.java:askForVotes(323)) - 6c2c8d64-db13-4196-9e9e-e3b1acb91f99@group-788E4CDB4749-LeaderElection143 PRE_VOTE round 0: result REJECTED
2024-08-15 10:19:41,027 [6c2c8d64-db13-4196-9e9e-e3b1acb91f99@group-788E4CDB4749-LeaderElection143] INFO  server.RaftServer$Division (RaftServerImpl.java:setRole(376)) - 6c2c8d64-db13-4196-9e9e-e3b1acb91f99@group-788E4CDB4749: changes role from CANDIDATE to FOLLOWER at term 0 for REJECTED
2024-08-15 10:19:41,027 [6c2c8d64-db13-4196-9e9e-e3b1acb91f99@group-788E4CDB4749-LeaderElection143] INFO  impl.RoleInfo (RoleInfo.java:shutdownLeaderElection(139)) - 6c2c8d64-db13-4196-9e9e-e3b1acb91f99: shutdown 6c2c8d64-db13-4196-9e9e-e3b1acb91f99@group-788E4CDB4749-LeaderElection143
2024-08-15 10:19:41,027 [6c2c8d64-db13-4196-9e9e-e3b1acb91f99@group-788E4CDB4749-LeaderElection143] INFO  impl.RoleInfo (RoleInfo.java:updateAndGet(148)) - 6c2c8d64-db13-4196-9e9e-e3b1acb91f99: start 6c2c8d64-db13-4196-9e9e-e3b1acb91f99@group-788E4CDB4749-FollowerState
2024-08-15 10:19:41,030 [grpc-default-executor-2] INFO  server.RaftServer$Division (RaftServerImpl.java:requestVote(1416)) - 6c2c8d64-db13-4196-9e9e-e3b1acb91f99@group-788E4CDB4749: receive requestVote(PRE_VOTE, c54b81e8-1f41-41f0-8c11-6d721527725f, group-788E4CDB4749, 0, (t:0, i:0))
2024-08-15 10:19:41,030 [6c2c8d64-db13-4196-9e9e-e3b1acb91f99@group-788E4CDB4749-LeaderElection143] INFO  server.RaftServer$Division (RaftServerImpl.java:setFirstElection(549)) - 6c2c8d64-db13-4196-9e9e-e3b1acb91f99@group-788E4CDB4749: set firstElectionSinceStartup to false for REJECTED
2024-08-15 10:19:41,030 [grpc-default-executor-7] INFO  server.RaftServer$Division (RaftServerImpl.java:requestVote(1416)) - 6c2c8d64-db13-4196-9e9e-e3b1acb91f99@group-420C9ADAF458: receive requestVote(PRE_VOTE, c54b81e8-1f41-41f0-8c11-6d721527725f, group-420C9ADAF458, 0, (t:0, i:0))
2024-08-15 10:19:41,030 [grpc-default-executor-7] INFO  impl.VoteContext (VoteContext.java:log(49)) - 6c2c8d64-db13-4196-9e9e-e3b1acb91f99@group-420C9ADAF458-FOLLOWER: accept PRE_VOTE from c54b81e8-1f41-41f0-8c11-6d721527725f: our priority 0 <= candidate's priority 0
2024-08-15 10:19:41,030 [grpc-default-executor-7] INFO  server.RaftServer$Division (RaftServerImpl.java:requestVote(1449)) - 6c2c8d64-db13-4196-9e9e-e3b1acb91f99@group-420C9ADAF458 replies to PRE_VOTE vote request: c54b81e8-1f41-41f0-8c11-6d721527725f<-6c2c8d64-db13-4196-9e9e-e3b1acb91f99#0:OK-t0. Peer's state: 6c2c8d64-db13-4196-9e9e-e3b1acb91f99@group-420C9ADAF458:t0, leader=null, voted=, raftlog=Memoized:6c2c8d64-db13-4196-9e9e-e3b1acb91f99@group-420C9ADAF458-SegmentedRaftLog:OPENED:c-1:lastnull, conf=conf: {index: -1, cur=peers:[6c2c8d64-db13-4196-9e9e-e3b1acb91f99|127.0.0.1:15551, 81bac27f-0582-41fc-bc3f-9f968300fa98|127.0.0.1:15560, c54b81e8-1f41-41f0-8c11-6d721527725f|127.0.0.1:15542]|listeners:[], old=null}
2024-08-15 10:19:41,031 [grpc-default-executor-2] INFO  impl.VoteContext (VoteContext.java:log(49)) - 6c2c8d64-db13-4196-9e9e-e3b1acb91f99@group-788E4CDB4749-FOLLOWER: accept PRE_VOTE from c54b81e8-1f41-41f0-8c11-6d721527725f: our priority 0 <= candidate's priority 1
2024-08-15 10:19:41,031 [grpc-default-executor-2] INFO  server.RaftServer$Division (RaftServerImpl.java:requestVote(1449)) - 6c2c8d64-db13-4196-9e9e-e3b1acb91f99@group-788E4CDB4749 replies to PRE_VOTE vote request: c54b81e8-1f41-41f0-8c11-6d721527725f<-6c2c8d64-db13-4196-9e9e-e3b1acb91f99#0:OK-t0. Peer's state: 6c2c8d64-db13-4196-9e9e-e3b1acb91f99@group-788E4CDB4749:t0, leader=null, voted=, raftlog=Memoized:6c2c8d64-db13-4196-9e9e-e3b1acb91f99@group-788E4CDB4749-SegmentedRaftLog:OPENED:c-1:lastnull, conf=conf: {index: -1, cur=peers:[6c2c8d64-db13-4196-9e9e-e3b1acb91f99|127.0.0.1:15551, 81bac27f-0582-41fc-bc3f-9f968300fa98|127.0.0.1:15560, c54b81e8-1f41-41f0-8c11-6d721527725f|127.0.0.1:15542]|listeners:[], old=null}
2024-08-15 10:19:41,035 [c54b81e8-1f41-41f0-8c11-6d721527725f@group-420C9ADAF458-LeaderElection145] INFO  server.RaftServerConfigKeys (ConfUtils.java:logFallback(53)) - raft.server.rpc.first-election.timeout.min = 5s (fallback to raft.server.rpc.timeout.min)
2024-08-15 10:19:41,035 [c54b81e8-1f41-41f0-8c11-6d721527725f@group-420C9ADAF458-LeaderElection145] INFO  server.RaftServerConfigKeys (ConfUtils.java:logFallback(53)) - raft.server.rpc.first-election.timeout.max = 5200ms (fallback to raft.server.rpc.timeout.max)
2024-08-15 10:19:41,036 [c54b81e8-1f41-41f0-8c11-6d721527725f@group-788E4CDB4749-LeaderElection144] INFO  server.RaftServerConfigKeys (ConfUtils.java:logFallback(53)) - raft.server.rpc.first-election.timeout.min = 5s (fallback to raft.server.rpc.timeout.min)
2024-08-15 10:19:41,036 [c54b81e8-1f41-41f0-8c11-6d721527725f@group-788E4CDB4749-LeaderElection144] INFO  server.RaftServerConfigKeys (ConfUtils.java:logFallback(53)) - raft.server.rpc.first-election.timeout.max = 5200ms (fallback to raft.server.rpc.timeout.max)
2024-08-15 10:19:41,036 [c54b81e8-1f41-41f0-8c11-6d721527725f@group-788E4CDB4749-LeaderElection144] INFO  impl.LeaderElection (LeaderElection.java:logAndReturn(89)) - c54b81e8-1f41-41f0-8c11-6d721527725f@group-788E4CDB4749-LeaderElection144: PRE_VOTE PASSED received 1 response(s) and 0 exception(s):
2024-08-15 10:19:41,036 [grpc-default-executor-2] INFO  server.RaftServer$Division (RaftServerImpl.java:requestVote(1416)) - 81bac27f-0582-41fc-bc3f-9f968300fa98@group-420C9ADAF458: receive requestVote(PRE_VOTE, c54b81e8-1f41-41f0-8c11-6d721527725f, group-420C9ADAF458, 0, (t:0, i:0))
2024-08-15 10:19:41,036 [c54b81e8-1f41-41f0-8c11-6d721527725f@group-788E4CDB4749-LeaderElection144] INFO  impl.LeaderElection (LeaderElection.java:logAndReturn(93)) -   Response 0: c54b81e8-1f41-41f0-8c11-6d721527725f<-6c2c8d64-db13-4196-9e9e-e3b1acb91f99#0:OK-t0
2024-08-15 10:19:41,036 [c54b81e8-1f41-41f0-8c11-6d721527725f@group-788E4CDB4749-LeaderElection144] INFO  impl.LeaderElection (LeaderElection.java:askForVotes(323)) - c54b81e8-1f41-41f0-8c11-6d721527725f@group-788E4CDB4749-LeaderElection144 PRE_VOTE round 0: result PASSED
2024-08-15 10:19:41,036 [grpc-default-executor-2] INFO  impl.VoteContext (VoteContext.java:log(49)) - 81bac27f-0582-41fc-bc3f-9f968300fa98@group-420C9ADAF458-FOLLOWER: reject PRE_VOTE from c54b81e8-1f41-41f0-8c11-6d721527725f: our priority 1 > candidate's priority 0
2024-08-15 10:19:41,036 [grpc-default-executor-2] INFO  server.RaftServer$Division (RaftServerImpl.java:requestVote(1449)) - 81bac27f-0582-41fc-bc3f-9f968300fa98@group-420C9ADAF458 replies to PRE_VOTE vote request: c54b81e8-1f41-41f0-8c11-6d721527725f<-81bac27f-0582-41fc-bc3f-9f968300fa98#0:FAIL-t0. Peer's state: 81bac27f-0582-41fc-bc3f-9f968300fa98@group-420C9ADAF458:t0, leader=null, voted=, raftlog=Memoized:81bac27f-0582-41fc-bc3f-9f968300fa98@group-420C9ADAF458-SegmentedRaftLog:OPENED:c-1:lastnull, conf=conf: {index: -1, cur=peers:[6c2c8d64-db13-4196-9e9e-e3b1acb91f99|127.0.0.1:15551, 81bac27f-0582-41fc-bc3f-9f968300fa98|127.0.0.1:15560, c54b81e8-1f41-41f0-8c11-6d721527725f|127.0.0.1:15542]|listeners:[], old=null}
2024-08-15 10:19:41,037 [c54b81e8-1f41-41f0-8c11-6d721527725f@group-420C9ADAF458-LeaderElection145] INFO  impl.LeaderElection (LeaderElection.java:logAndReturn(89)) - c54b81e8-1f41-41f0-8c11-6d721527725f@group-420C9ADAF458-LeaderElection145: PRE_VOTE REJECTED received 2 response(s) and 0 exception(s):
2024-08-15 10:19:41,037 [c54b81e8-1f41-41f0-8c11-6d721527725f@group-420C9ADAF458-LeaderElection145] INFO  impl.LeaderElection (LeaderElection.java:logAndReturn(93)) -   Response 0: c54b81e8-1f41-41f0-8c11-6d721527725f<-6c2c8d64-db13-4196-9e9e-e3b1acb91f99#0:OK-t0
2024-08-15 10:19:41,037 [c54b81e8-1f41-41f0-8c11-6d721527725f@group-420C9ADAF458-LeaderElection145] INFO  impl.LeaderElection (LeaderElection.java:logAndReturn(93)) -   Response 1: c54b81e8-1f41-41f0-8c11-6d721527725f<-81bac27f-0582-41fc-bc3f-9f968300fa98#0:FAIL-t0
2024-08-15 10:19:41,037 [c54b81e8-1f41-41f0-8c11-6d721527725f@group-420C9ADAF458-LeaderElection145] INFO  impl.LeaderElection (LeaderElection.java:askForVotes(323)) - c54b81e8-1f41-41f0-8c11-6d721527725f@group-420C9ADAF458-LeaderElection145 PRE_VOTE round 0: result REJECTED
2024-08-15 10:19:41,037 [c54b81e8-1f41-41f0-8c11-6d721527725f@group-420C9ADAF458-LeaderElection145] INFO  server.RaftServer$Division (RaftServerImpl.java:setRole(376)) - c54b81e8-1f41-41f0-8c11-6d721527725f@group-420C9ADAF458: changes role from CANDIDATE to FOLLOWER at term 0 for REJECTED
2024-08-15 10:19:41,037 [c54b81e8-1f41-41f0-8c11-6d721527725f@group-420C9ADAF458-LeaderElection145] INFO  impl.RoleInfo (RoleInfo.java:shutdownLeaderElection(139)) - c54b81e8-1f41-41f0-8c11-6d721527725f: shutdown c54b81e8-1f41-41f0-8c11-6d721527725f@group-420C9ADAF458-LeaderElection145
2024-08-15 10:19:41,037 [c54b81e8-1f41-41f0-8c11-6d721527725f@group-420C9ADAF458-LeaderElection145] INFO  impl.RoleInfo (RoleInfo.java:updateAndGet(148)) - c54b81e8-1f41-41f0-8c11-6d721527725f: start c54b81e8-1f41-41f0-8c11-6d721527725f@group-420C9ADAF458-FollowerState
2024-08-15 10:19:41,037 [c54b81e8-1f41-41f0-8c11-6d721527725f@group-420C9ADAF458-LeaderElection145] INFO  server.RaftServer$Division (RaftServerImpl.java:setFirstElection(549)) - c54b81e8-1f41-41f0-8c11-6d721527725f@group-420C9ADAF458: set firstElectionSinceStartup to false for REJECTED
2024-08-15 10:19:41,038 [c54b81e8-1f41-41f0-8c11-6d721527725f@group-788E4CDB4749-LeaderElection144] INFO  impl.LeaderElection (LeaderElection.java:askForVotes(321)) - c54b81e8-1f41-41f0-8c11-6d721527725f@group-788E4CDB4749-LeaderElection144 ELECTION round 0: submit vote requests at term 1 for conf: {index: -1, cur=peers:[6c2c8d64-db13-4196-9e9e-e3b1acb91f99|127.0.0.1:15551, 81bac27f-0582-41fc-bc3f-9f968300fa98|127.0.0.1:15560, c54b81e8-1f41-41f0-8c11-6d721527725f|127.0.0.1:15542]|listeners:[], old=null}
2024-08-15 10:19:41,038 [c54b81e8-1f41-41f0-8c11-6d721527725f@group-788E4CDB4749-LeaderElection144] INFO  server.RaftServerConfigKeys (ConfUtils.java:logFallback(53)) - raft.server.rpc.first-election.timeout.min = 5s (fallback to raft.server.rpc.timeout.min)
2024-08-15 10:19:41,038 [c54b81e8-1f41-41f0-8c11-6d721527725f@group-788E4CDB4749-LeaderElection144] INFO  server.RaftServerConfigKeys (ConfUtils.java:logFallback(53)) - raft.server.rpc.first-election.timeout.max = 5200ms (fallback to raft.server.rpc.timeout.max)
2024-08-15 10:19:41,039 [grpc-default-executor-2] INFO  server.RaftServer$Division (RaftServerImpl.java:requestVote(1416)) - 81bac27f-0582-41fc-bc3f-9f968300fa98@group-788E4CDB4749: receive requestVote(ELECTION, c54b81e8-1f41-41f0-8c11-6d721527725f, group-788E4CDB4749, 1, (t:0, i:0))
2024-08-15 10:19:41,039 [grpc-default-executor-2] INFO  impl.VoteContext (VoteContext.java:log(49)) - 81bac27f-0582-41fc-bc3f-9f968300fa98@group-788E4CDB4749-FOLLOWER: accept ELECTION from c54b81e8-1f41-41f0-8c11-6d721527725f: our priority 0 <= candidate's priority 1
2024-08-15 10:19:41,040 [grpc-default-executor-2] INFO  server.RaftServer$Division (RaftServerImpl.java:setRole(376)) - 81bac27f-0582-41fc-bc3f-9f968300fa98@group-788E4CDB4749: changes role from  FOLLOWER to FOLLOWER at term 1 for candidate:c54b81e8-1f41-41f0-8c11-6d721527725f
2024-08-15 10:19:41,040 [grpc-default-executor-2] INFO  impl.RoleInfo (RoleInfo.java:shutdownFollowerState(119)) - 81bac27f-0582-41fc-bc3f-9f968300fa98: shutdown 81bac27f-0582-41fc-bc3f-9f968300fa98@group-788E4CDB4749-FollowerState
2024-08-15 10:19:41,040 [grpc-default-executor-2] INFO  impl.RoleInfo (RoleInfo.java:updateAndGet(148)) - 81bac27f-0582-41fc-bc3f-9f968300fa98: start 81bac27f-0582-41fc-bc3f-9f968300fa98@group-788E4CDB4749-FollowerState
2024-08-15 10:19:41,040 [grpc-default-executor-7] INFO  server.RaftServer$Division (RaftServerImpl.java:requestVote(1416)) - 6c2c8d64-db13-4196-9e9e-e3b1acb91f99@group-788E4CDB4749: receive requestVote(ELECTION, c54b81e8-1f41-41f0-8c11-6d721527725f, group-788E4CDB4749, 1, (t:0, i:0))
2024-08-15 10:19:41,040 [grpc-default-executor-7] INFO  impl.VoteContext (VoteContext.java:log(49)) - 6c2c8d64-db13-4196-9e9e-e3b1acb91f99@group-788E4CDB4749-FOLLOWER: accept ELECTION from c54b81e8-1f41-41f0-8c11-6d721527725f: our priority 0 <= candidate's priority 1
2024-08-15 10:19:41,040 [grpc-default-executor-7] INFO  server.RaftServer$Division (RaftServerImpl.java:setRole(376)) - 6c2c8d64-db13-4196-9e9e-e3b1acb91f99@group-788E4CDB4749: changes role from  FOLLOWER to FOLLOWER at term 1 for candidate:c54b81e8-1f41-41f0-8c11-6d721527725f
2024-08-15 10:19:41,040 [grpc-default-executor-7] INFO  impl.RoleInfo (RoleInfo.java:shutdownFollowerState(119)) - 6c2c8d64-db13-4196-9e9e-e3b1acb91f99: shutdown 6c2c8d64-db13-4196-9e9e-e3b1acb91f99@group-788E4CDB4749-FollowerState
2024-08-15 10:19:41,040 [grpc-default-executor-7] INFO  impl.RoleInfo (RoleInfo.java:updateAndGet(148)) - 6c2c8d64-db13-4196-9e9e-e3b1acb91f99: start 6c2c8d64-db13-4196-9e9e-e3b1acb91f99@group-788E4CDB4749-FollowerState
2024-08-15 10:19:41,040 [6c2c8d64-db13-4196-9e9e-e3b1acb91f99@group-788E4CDB4749-FollowerState] INFO  impl.FollowerState (FollowerState.java:run(153)) - 6c2c8d64-db13-4196-9e9e-e3b1acb91f99@group-788E4CDB4749-FollowerState was interrupted
2024-08-15 10:19:41,040 [81bac27f-0582-41fc-bc3f-9f968300fa98@group-788E4CDB4749-FollowerState] INFO  impl.FollowerState (FollowerState.java:run(153)) - 81bac27f-0582-41fc-bc3f-9f968300fa98@group-788E4CDB4749-FollowerState was interrupted
2024-08-15 10:19:41,041 [grpc-default-executor-2] INFO  server.RaftServer$Division (RaftServerImpl.java:setFirstElection(549)) - 81bac27f-0582-41fc-bc3f-9f968300fa98@group-788E4CDB4749: set firstElectionSinceStartup to false for candidate:c54b81e8-1f41-41f0-8c11-6d721527725f
2024-08-15 10:19:41,042 [grpc-default-executor-2] INFO  server.RaftServer$Division (RaftServerImpl.java:requestVote(1449)) - 81bac27f-0582-41fc-bc3f-9f968300fa98@group-788E4CDB4749 replies to ELECTION vote request: c54b81e8-1f41-41f0-8c11-6d721527725f<-81bac27f-0582-41fc-bc3f-9f968300fa98#0:OK-t1. Peer's state: 81bac27f-0582-41fc-bc3f-9f968300fa98@group-788E4CDB4749:t1, leader=null, voted=c54b81e8-1f41-41f0-8c11-6d721527725f, raftlog=Memoized:81bac27f-0582-41fc-bc3f-9f968300fa98@group-788E4CDB4749-SegmentedRaftLog:OPENED:c-1:lastnull, conf=conf: {index: -1, cur=peers:[6c2c8d64-db13-4196-9e9e-e3b1acb91f99|127.0.0.1:15551, 81bac27f-0582-41fc-bc3f-9f968300fa98|127.0.0.1:15560, c54b81e8-1f41-41f0-8c11-6d721527725f|127.0.0.1:15542]|listeners:[], old=null}
2024-08-15 10:19:41,042 [grpc-default-executor-7] INFO  server.RaftServer$Division (RaftServerImpl.java:requestVote(1449)) - 6c2c8d64-db13-4196-9e9e-e3b1acb91f99@group-788E4CDB4749 replies to ELECTION vote request: c54b81e8-1f41-41f0-8c11-6d721527725f<-6c2c8d64-db13-4196-9e9e-e3b1acb91f99#0:OK-t1. Peer's state: 6c2c8d64-db13-4196-9e9e-e3b1acb91f99@group-788E4CDB4749:t1, leader=null, voted=c54b81e8-1f41-41f0-8c11-6d721527725f, raftlog=Memoized:6c2c8d64-db13-4196-9e9e-e3b1acb91f99@group-788E4CDB4749-SegmentedRaftLog:OPENED:c-1:lastnull, conf=conf: {index: -1, cur=peers:[6c2c8d64-db13-4196-9e9e-e3b1acb91f99|127.0.0.1:15551, 81bac27f-0582-41fc-bc3f-9f968300fa98|127.0.0.1:15560, c54b81e8-1f41-41f0-8c11-6d721527725f|127.0.0.1:15542]|listeners:[], old=null}
2024-08-15 10:19:41,043 [c54b81e8-1f41-41f0-8c11-6d721527725f@group-788E4CDB4749-LeaderElection144] INFO  impl.LeaderElection (LeaderElection.java:logAndReturn(89)) - c54b81e8-1f41-41f0-8c11-6d721527725f@group-788E4CDB4749-LeaderElection144: ELECTION PASSED received 1 response(s) and 0 exception(s):
2024-08-15 10:19:41,043 [c54b81e8-1f41-41f0-8c11-6d721527725f@group-788E4CDB4749-LeaderElection144] INFO  impl.LeaderElection (LeaderElection.java:logAndReturn(93)) -   Response 0: c54b81e8-1f41-41f0-8c11-6d721527725f<-6c2c8d64-db13-4196-9e9e-e3b1acb91f99#0:OK-t1
2024-08-15 10:19:41,043 [c54b81e8-1f41-41f0-8c11-6d721527725f@group-788E4CDB4749-LeaderElection144] INFO  impl.LeaderElection (LeaderElection.java:askForVotes(323)) - c54b81e8-1f41-41f0-8c11-6d721527725f@group-788E4CDB4749-LeaderElection144 ELECTION round 0: result PASSED
2024-08-15 10:19:41,044 [c54b81e8-1f41-41f0-8c11-6d721527725f@group-788E4CDB4749-LeaderElection144] INFO  impl.RoleInfo (RoleInfo.java:shutdownLeaderElection(139)) - c54b81e8-1f41-41f0-8c11-6d721527725f: shutdown c54b81e8-1f41-41f0-8c11-6d721527725f@group-788E4CDB4749-LeaderElection144
2024-08-15 10:19:41,044 [c54b81e8-1f41-41f0-8c11-6d721527725f@group-788E4CDB4749-LeaderElection144] INFO  server.RaftServer$Division (RaftServerImpl.java:setRole(376)) - c54b81e8-1f41-41f0-8c11-6d721527725f@group-788E4CDB4749: changes role from CANDIDATE to LEADER at term 1 for changeToLeader
2024-08-15 10:19:41,044 [c54b81e8-1f41-41f0-8c11-6d721527725f@group-788E4CDB4749-LeaderElection144] INFO  server.RaftServerConfigKeys (ConfUtils.java:logGet(46)) - raft.server.staging.catchup.gap = 1000 (default)
2024-08-15 10:19:41,044 [c54b81e8-1f41-41f0-8c11-6d721527725f@group-788E4CDB4749-LeaderElection144] INFO  server.RaftServerConfigKeys (ConfUtils.java:logGet(46)) - raft.server.write.element-limit = 1024 (custom)
2024-08-15 10:19:41,044 [c54b81e8-1f41-41f0-8c11-6d721527725f@group-788E4CDB4749-LeaderElection144] INFO  server.RaftServerConfigKeys (ConfUtils.java:logGet(46)) - raft.server.write.byte-limit = 1024 M (=1073741824) (custom)
2024-08-15 10:19:41,044 [c54b81e8-1f41-41f0-8c11-6d721527725f@group-788E4CDB4749-LeaderElection144] INFO  server.RaftServerConfigKeys (ConfUtils.java:logGet(46)) - raft.server.watch.timeout = 3000ms (custom)
2024-08-15 10:19:41,044 [c54b81e8-1f41-41f0-8c11-6d721527725f@group-788E4CDB4749-LeaderElection144] INFO  server.RaftServerConfigKeys (ConfUtils.java:logGet(46)) - raft.server.watch.timeout.denomination = 1s (default)
2024-08-15 10:19:41,044 [c54b81e8-1f41-41f0-8c11-6d721527725f@group-788E4CDB4749-LeaderElection144] INFO  server.RaftServerConfigKeys (ConfUtils.java:logGet(46)) - raft.server.watch.element-limit = 65536 (default)
2024-08-15 10:19:41,045 [c54b81e8-1f41-41f0-8c11-6d721527725f@group-788E4CDB4749-LeaderElection144] INFO  server.RaftServerConfigKeys (ConfUtils.java:logGet(46)) - raft.server.read.leader.lease.enabled = false (default)
2024-08-15 10:19:41,045 [c54b81e8-1f41-41f0-8c11-6d721527725f@group-788E4CDB4749-LeaderElection144] INFO  server.RaftServerConfigKeys (ConfUtils.java:logGet(46)) - raft.server.read.leader.lease.timeout.ratio = 0.9 (default)
2024-08-15 10:19:41,045 [c54b81e8-1f41-41f0-8c11-6d721527725f@group-788E4CDB4749-LeaderElection144] INFO  server.RaftServerConfigKeys (ConfUtils.java:logGet(46)) - raft.server.rpc.timeout.min = 5s (custom)
2024-08-15 10:19:41,045 [c54b81e8-1f41-41f0-8c11-6d721527725f@group-788E4CDB4749-LeaderElection144] INFO  server.RaftServerConfigKeys (ConfUtils.java:logGet(46)) - raft.server.log.log-metadata.enabled = true (default)
2024-08-15 10:19:41,045 [c54b81e8-1f41-41f0-8c11-6d721527725f@group-788E4CDB4749-LeaderElection144] INFO  server.RaftServerConfigKeys (ConfUtils.java:logGet(46)) - raft.server.write.element-limit = 1024 (custom)
2024-08-15 10:19:41,045 [c54b81e8-1f41-41f0-8c11-6d721527725f@group-788E4CDB4749-LeaderElection144] INFO  server.RaftServerConfigKeys (ConfUtils.java:logGet(46)) - raft.server.write.follower.gap.ratio.max = -1.0 (default)
2024-08-15 10:19:41,046 [c54b81e8-1f41-41f0-8c11-6d721527725f@group-788E4CDB4749-LeaderElection144] INFO  server.RaftServerConfigKeys (ConfUtils.java:logGet(46)) - raft.server.log.appender.snapshot.chunk.size.max = 16MB (=16777216) (default)
2024-08-15 10:19:41,046 [c54b81e8-1f41-41f0-8c11-6d721527725f@group-788E4CDB4749-LeaderElection144] INFO  server.RaftServerConfigKeys (ConfUtils.java:logGet(46)) - raft.server.log.appender.buffer.byte-limit = 8388608 (custom)
2024-08-15 10:19:41,046 [c54b81e8-1f41-41f0-8c11-6d721527725f@group-788E4CDB4749-LeaderElection144] INFO  server.RaftServerConfigKeys (ConfUtils.java:logGet(46)) - raft.server.log.appender.buffer.element-limit = 1024 (custom)
2024-08-15 10:19:41,046 [c54b81e8-1f41-41f0-8c11-6d721527725f@group-788E4CDB4749-LeaderElection144] INFO  server.RaftServerConfigKeys (ConfUtils.java:logGet(46)) - raft.server.log.appender.wait-time.min = 0ms (custom)
2024-08-15 10:19:41,047 [c54b81e8-1f41-41f0-8c11-6d721527725f@group-788E4CDB4749-LeaderElection144] INFO  grpc.GrpcConfigKeys (ConfUtils.java:logGet(46)) - raft.grpc.server.leader.outstanding.appends.max = 8 (default)
2024-08-15 10:19:41,047 [c54b81e8-1f41-41f0-8c11-6d721527725f@group-788E4CDB4749-LeaderElection144] INFO  server.RaftServerConfigKeys (ConfUtils.java:logGet(46)) - raft.server.rpc.request.timeout = 3000ms (default)
2024-08-15 10:19:41,047 [c54b81e8-1f41-41f0-8c11-6d721527725f@group-788E4CDB4749-LeaderElection144] INFO  grpc.GrpcConfigKeys (ConfUtils.java:logGet(46)) - raft.grpc.server.install_snapshot.request.element-limit = 8 (default)
2024-08-15 10:19:41,047 [c54b81e8-1f41-41f0-8c11-6d721527725f@group-788E4CDB4749-LeaderElection144] INFO  grpc.GrpcConfigKeys (ConfUtils.java:logGet(46)) - raft.grpc.server.install_snapshot.request.timeout = 3000ms (default)
2024-08-15 10:19:41,047 [c54b81e8-1f41-41f0-8c11-6d721527725f@group-788E4CDB4749-LeaderElection144] INFO  grpc.GrpcConfigKeys (ConfUtils.java:logGet(46)) - raft.grpc.server.log-message.batch.duration = 5s (default)
2024-08-15 10:19:41,047 [c54b81e8-1f41-41f0-8c11-6d721527725f@group-788E4CDB4749-LeaderElection144] INFO  server.RaftServerConfigKeys (ConfUtils.java:logGet(46)) - raft.server.log.appender.install.snapshot.enabled = false (custom)
2024-08-15 10:19:41,047 [c54b81e8-1f41-41f0-8c11-6d721527725f@group-788E4CDB4749-LeaderElection144] INFO  grpc.GrpcConfigKeys (ConfUtils.java:logGet(46)) - raft.grpc.server.heartbeat.channel = true (default)
2024-08-15 10:19:41,048 [c54b81e8-1f41-41f0-8c11-6d721527725f@group-788E4CDB4749-LeaderElection144] INFO  server.RaftServerConfigKeys (ConfUtils.java:logGet(46)) - raft.server.log.appender.snapshot.chunk.size.max = 16MB (=16777216) (default)
2024-08-15 10:19:41,048 [c54b81e8-1f41-41f0-8c11-6d721527725f@group-788E4CDB4749-LeaderElection144] INFO  server.RaftServerConfigKeys (ConfUtils.java:logGet(46)) - raft.server.log.appender.buffer.byte-limit = 8388608 (custom)
2024-08-15 10:19:41,049 [c54b81e8-1f41-41f0-8c11-6d721527725f@group-788E4CDB4749-LeaderElection144] INFO  server.RaftServerConfigKeys (ConfUtils.java:logGet(46)) - raft.server.log.appender.buffer.element-limit = 1024 (custom)
2024-08-15 10:19:41,049 [c54b81e8-1f41-41f0-8c11-6d721527725f@group-788E4CDB4749-LeaderElection144] INFO  server.RaftServerConfigKeys (ConfUtils.java:logGet(46)) - raft.server.log.appender.wait-time.min = 0ms (custom)
2024-08-15 10:19:41,049 [c54b81e8-1f41-41f0-8c11-6d721527725f@group-788E4CDB4749-LeaderElection144] INFO  grpc.GrpcConfigKeys (ConfUtils.java:logGet(46)) - raft.grpc.server.leader.outstanding.appends.max = 8 (default)
2024-08-15 10:19:41,049 [c54b81e8-1f41-41f0-8c11-6d721527725f@group-788E4CDB4749-LeaderElection144] INFO  server.RaftServerConfigKeys (ConfUtils.java:logGet(46)) - raft.server.rpc.request.timeout = 3000ms (default)
2024-08-15 10:19:41,049 [c54b81e8-1f41-41f0-8c11-6d721527725f@group-788E4CDB4749-LeaderElection144] INFO  grpc.GrpcConfigKeys (ConfUtils.java:logGet(46)) - raft.grpc.server.install_snapshot.request.element-limit = 8 (default)
2024-08-15 10:19:41,049 [c54b81e8-1f41-41f0-8c11-6d721527725f@group-788E4CDB4749-LeaderElection144] INFO  grpc.GrpcConfigKeys (ConfUtils.java:logGet(46)) - raft.grpc.server.install_snapshot.request.timeout = 3000ms (default)
2024-08-15 10:19:41,049 [c54b81e8-1f41-41f0-8c11-6d721527725f@group-788E4CDB4749-LeaderElection144] INFO  grpc.GrpcConfigKeys (ConfUtils.java:logGet(46)) - raft.grpc.server.log-message.batch.duration = 5s (default)
2024-08-15 10:19:41,049 [c54b81e8-1f41-41f0-8c11-6d721527725f@group-788E4CDB4749-LeaderElection144] INFO  server.RaftServerConfigKeys (ConfUtils.java:logGet(46)) - raft.server.log.appender.install.snapshot.enabled = false (custom)
2024-08-15 10:19:41,049 [c54b81e8-1f41-41f0-8c11-6d721527725f@group-788E4CDB4749-LeaderElection144] INFO  grpc.GrpcConfigKeys (ConfUtils.java:logGet(46)) - raft.grpc.server.heartbeat.channel = true (default)
2024-08-15 10:19:41,049 [c54b81e8-1f41-41f0-8c11-6d721527725f@group-788E4CDB4749-LeaderElection144] INFO  impl.RoleInfo (RoleInfo.java:updateAndGet(148)) - c54b81e8-1f41-41f0-8c11-6d721527725f: start c54b81e8-1f41-41f0-8c11-6d721527725f@group-788E4CDB4749-LeaderStateImpl
2024-08-15 10:19:41,049 [c54b81e8-1f41-41f0-8c11-6d721527725f@group-788E4CDB4749-LeaderElection144] INFO  server.RaftServer$Division (RaftServerImpl.java:setFirstElection(549)) - c54b81e8-1f41-41f0-8c11-6d721527725f@group-788E4CDB4749: set firstElectionSinceStartup to false for becomeLeader
2024-08-15 10:19:41,049 [c54b81e8-1f41-41f0-8c11-6d721527725f@group-788E4CDB4749-LeaderElection144] INFO  ratis.XceiverServerRatis (XceiverServerRatis.java:handleLeaderChangedNotification(951)) - Leader change notification received for group: group-788E4CDB4749 with new leaderId: c54b81e8-1f41-41f0-8c11-6d721527725f
2024-08-15 10:19:41,049 [c54b81e8-1f41-41f0-8c11-6d721527725f@group-788E4CDB4749-LeaderElection144] INFO  server.RaftServer$Division (ServerState.java:setLeader(272)) - c54b81e8-1f41-41f0-8c11-6d721527725f@group-788E4CDB4749: change Leader from null to c54b81e8-1f41-41f0-8c11-6d721527725f at term 1 for becomeLeader, leader elected after 5109ms
2024-08-15 10:19:41,050 [c54b81e8-1f41-41f0-8c11-6d721527725f@group-788E4CDB4749-LeaderElection144] INFO  segmented.SegmentedRaftLogWorker (SegmentedRaftLogWorker.java:startLogSegment(433)) - c54b81e8-1f41-41f0-8c11-6d721527725f@group-788E4CDB4749-SegmentedRaftLogWorker: Starting segment from index:0
2024-08-15 10:19:41,050 [c54b81e8-1f41-41f0-8c11-6d721527725f@group-788E4CDB4749-SegmentedRaftLogWorker] INFO  segmented.BufferedWriteChannel (BufferedWriteChannel.java:open(61)) - open log_inprogress_0 at position 0
2024-08-15 10:19:41,051 [EventQueue-PipelineReportForPipelineReportHandler] INFO  pipeline.PipelineReportHandler (PipelineReportHandler.java:processPipelineReport(136)) - Opened pipeline PipelineID=3522d488-07fd-4a54-8c6a-788e4cdb4749
2024-08-15 10:19:41,053 [c54b81e8-1f41-41f0-8c11-6d721527725f@group-788E4CDB4749-LeaderElection144] INFO  server.RaftServer$Division (ServerState.java:setRaftConf(386)) - c54b81e8-1f41-41f0-8c11-6d721527725f@group-788E4CDB4749: set configuration conf: {index: 0, cur=peers:[6c2c8d64-db13-4196-9e9e-e3b1acb91f99|127.0.0.1:15551, 81bac27f-0582-41fc-bc3f-9f968300fa98|127.0.0.1:15560, c54b81e8-1f41-41f0-8c11-6d721527725f|127.0.0.1:15542]|listeners:[], old=null}
2024-08-15 10:19:41,057 [81bac27f-0582-41fc-bc3f-9f968300fa98-server-thread1] INFO  ratis.XceiverServerRatis (XceiverServerRatis.java:handleLeaderChangedNotification(951)) - Leader change notification received for group: group-788E4CDB4749 with new leaderId: c54b81e8-1f41-41f0-8c11-6d721527725f
2024-08-15 10:19:41,057 [81bac27f-0582-41fc-bc3f-9f968300fa98-server-thread1] INFO  server.RaftServer$Division (ServerState.java:setLeader(272)) - 81bac27f-0582-41fc-bc3f-9f968300fa98@group-788E4CDB4749: change Leader from null to c54b81e8-1f41-41f0-8c11-6d721527725f at term 1 for appendEntries, leader elected after 5079ms
2024-08-15 10:19:41,059 [6c2c8d64-db13-4196-9e9e-e3b1acb91f99-server-thread1] INFO  ratis.XceiverServerRatis (XceiverServerRatis.java:handleLeaderChangedNotification(951)) - Leader change notification received for group: group-788E4CDB4749 with new leaderId: c54b81e8-1f41-41f0-8c11-6d721527725f
2024-08-15 10:19:41,059 [6c2c8d64-db13-4196-9e9e-e3b1acb91f99-server-thread1] INFO  server.RaftServer$Division (ServerState.java:setLeader(272)) - 6c2c8d64-db13-4196-9e9e-e3b1acb91f99@group-788E4CDB4749: change Leader from null to c54b81e8-1f41-41f0-8c11-6d721527725f at term 1 for appendEntries, leader elected after 5100ms
2024-08-15 10:19:41,059 [6c2c8d64-db13-4196-9e9e-e3b1acb91f99-server-thread2] INFO  server.RaftServer$Division (ServerState.java:setRaftConf(386)) - 6c2c8d64-db13-4196-9e9e-e3b1acb91f99@group-788E4CDB4749: set configuration conf: {index: 0, cur=peers:[6c2c8d64-db13-4196-9e9e-e3b1acb91f99|127.0.0.1:15551, 81bac27f-0582-41fc-bc3f-9f968300fa98|127.0.0.1:15560, c54b81e8-1f41-41f0-8c11-6d721527725f|127.0.0.1:15542]|listeners:[], old=null}
2024-08-15 10:19:41,064 [c54b81e8-1f41-41f0-8c11-6d721527725f@group-788E4CDB4749-SegmentedRaftLogWorker] INFO  segmented.SegmentedRaftLogWorker (SegmentedRaftLogWorker.java:execute(637)) - c54b81e8-1f41-41f0-8c11-6d721527725f@group-788E4CDB4749-SegmentedRaftLogWorker: created new log segment /home/runner/work/ozone/ozone/hadoop-ozone/integration-test/target/test-dir/MiniOzoneClusterImpl-b6aad0f5-771e-4cba-adce-99e3b3454f11/ozone-meta/datanode-1/ratis/3522d488-07fd-4a54-8c6a-788e4cdb4749/current/log_inprogress_0
2024-08-15 10:19:41,064 [81bac27f-0582-41fc-bc3f-9f968300fa98-server-thread2] INFO  server.RaftServer$Division (ServerState.java:setRaftConf(386)) - 81bac27f-0582-41fc-bc3f-9f968300fa98@group-788E4CDB4749: set configuration conf: {index: 0, cur=peers:[6c2c8d64-db13-4196-9e9e-e3b1acb91f99|127.0.0.1:15551, 81bac27f-0582-41fc-bc3f-9f968300fa98|127.0.0.1:15560, c54b81e8-1f41-41f0-8c11-6d721527725f|127.0.0.1:15542]|listeners:[], old=null}
2024-08-15 10:19:41,064 [81bac27f-0582-41fc-bc3f-9f968300fa98-server-thread2] INFO  segmented.SegmentedRaftLogWorker (SegmentedRaftLogWorker.java:startLogSegment(433)) - 81bac27f-0582-41fc-bc3f-9f968300fa98@group-788E4CDB4749-SegmentedRaftLogWorker: Starting segment from index:0
2024-08-15 10:19:41,065 [81bac27f-0582-41fc-bc3f-9f968300fa98@group-788E4CDB4749-SegmentedRaftLogWorker] INFO  segmented.BufferedWriteChannel (BufferedWriteChannel.java:open(61)) - open log_inprogress_0 at position 0
2024-08-15 10:19:41,064 [6c2c8d64-db13-4196-9e9e-e3b1acb91f99-server-thread2] INFO  segmented.SegmentedRaftLogWorker (SegmentedRaftLogWorker.java:startLogSegment(433)) - 6c2c8d64-db13-4196-9e9e-e3b1acb91f99@group-788E4CDB4749-SegmentedRaftLogWorker: Starting segment from index:0
2024-08-15 10:19:41,065 [6c2c8d64-db13-4196-9e9e-e3b1acb91f99@group-788E4CDB4749-SegmentedRaftLogWorker] INFO  segmented.BufferedWriteChannel (BufferedWriteChannel.java:open(61)) - open log_inprogress_0 at position 0
2024-08-15 10:19:41,077 [81bac27f-0582-41fc-bc3f-9f968300fa98@group-788E4CDB4749-SegmentedRaftLogWorker] INFO  segmented.SegmentedRaftLogWorker (SegmentedRaftLogWorker.java:execute(637)) - 81bac27f-0582-41fc-bc3f-9f968300fa98@group-788E4CDB4749-SegmentedRaftLogWorker: created new log segment /home/runner/work/ozone/ozone/hadoop-ozone/integration-test/target/test-dir/MiniOzoneClusterImpl-b6aad0f5-771e-4cba-adce-99e3b3454f11/ozone-meta/datanode-3/ratis/3522d488-07fd-4a54-8c6a-788e4cdb4749/current/log_inprogress_0
2024-08-15 10:19:41,078 [6c2c8d64-db13-4196-9e9e-e3b1acb91f99@group-788E4CDB4749-SegmentedRaftLogWorker] INFO  segmented.SegmentedRaftLogWorker (SegmentedRaftLogWorker.java:execute(637)) - 6c2c8d64-db13-4196-9e9e-e3b1acb91f99@group-788E4CDB4749-SegmentedRaftLogWorker: created new log segment /home/runner/work/ozone/ozone/hadoop-ozone/integration-test/target/test-dir/MiniOzoneClusterImpl-b6aad0f5-771e-4cba-adce-99e3b3454f11/ozone-meta/datanode-2/ratis/3522d488-07fd-4a54-8c6a-788e4cdb4749/current/log_inprogress_0
2024-08-15 10:19:41,080 [c54b81e8-1f41-41f0-8c11-6d721527725f@group-788E4CDB4749-StateMachineUpdater] INFO  server.RaftServer$Division (LeaderStateImpl.java:checkStartIndex(316)) - Leader c54b81e8-1f41-41f0-8c11-6d721527725f@group-788E4CDB4749-LeaderStateImpl is ready since appliedIndex == startIndex == 0
2024-08-15 10:19:41,090 [81bac27f-0582-41fc-bc3f-9f968300fa98@group-420C9ADAF458-FollowerState] INFO  impl.FollowerState (FollowerState.java:run(144)) - 81bac27f-0582-41fc-bc3f-9f968300fa98@group-420C9ADAF458-FollowerState: change to CANDIDATE, lastRpcElapsedTime:5069413091ns, electionTimeout:5069ms
2024-08-15 10:19:41,090 [81bac27f-0582-41fc-bc3f-9f968300fa98@group-420C9ADAF458-FollowerState] INFO  impl.RoleInfo (RoleInfo.java:shutdownFollowerState(119)) - 81bac27f-0582-41fc-bc3f-9f968300fa98: shutdown 81bac27f-0582-41fc-bc3f-9f968300fa98@group-420C9ADAF458-FollowerState
2024-08-15 10:19:41,090 [81bac27f-0582-41fc-bc3f-9f968300fa98@group-420C9ADAF458-FollowerState] INFO  server.RaftServer$Division (RaftServerImpl.java:setRole(376)) - 81bac27f-0582-41fc-bc3f-9f968300fa98@group-420C9ADAF458: changes role from  FOLLOWER to CANDIDATE at term 0 for changeToCandidate
2024-08-15 10:19:41,091 [81bac27f-0582-41fc-bc3f-9f968300fa98@group-420C9ADAF458-FollowerState] INFO  server.RaftServerConfigKeys (ConfUtils.java:logGet(46)) - raft.server.leaderelection.pre-vote = true (default)
2024-08-15 10:19:41,091 [81bac27f-0582-41fc-bc3f-9f968300fa98@group-420C9ADAF458-FollowerState] INFO  impl.RoleInfo (RoleInfo.java:updateAndGet(148)) - 81bac27f-0582-41fc-bc3f-9f968300fa98: start 81bac27f-0582-41fc-bc3f-9f968300fa98@group-420C9ADAF458-LeaderElection146
2024-08-15 10:19:41,091 [81bac27f-0582-41fc-bc3f-9f968300fa98@group-420C9ADAF458-LeaderElection146] INFO  impl.LeaderElection (LeaderElection.java:askForVotes(321)) - 81bac27f-0582-41fc-bc3f-9f968300fa98@group-420C9ADAF458-LeaderElection146 PRE_VOTE round 0: submit vote requests at term 0 for conf: {index: -1, cur=peers:[6c2c8d64-db13-4196-9e9e-e3b1acb91f99|127.0.0.1:15551, 81bac27f-0582-41fc-bc3f-9f968300fa98|127.0.0.1:15560, c54b81e8-1f41-41f0-8c11-6d721527725f|127.0.0.1:15542]|listeners:[], old=null}
2024-08-15 10:19:41,091 [81bac27f-0582-41fc-bc3f-9f968300fa98@group-420C9ADAF458-LeaderElection146-1] INFO  server.GrpcServerProtocolClient (GrpcServerProtocolClient.java:<init>(65)) - Build channel for 6c2c8d64-db13-4196-9e9e-e3b1acb91f99|127.0.0.1:15551
2024-08-15 10:19:41,091 [81bac27f-0582-41fc-bc3f-9f968300fa98@group-420C9ADAF458-LeaderElection146-2] INFO  server.GrpcServerProtocolClient (GrpcServerProtocolClient.java:<init>(65)) - Build channel for c54b81e8-1f41-41f0-8c11-6d721527725f|127.0.0.1:15542
2024-08-15 10:19:41,091 [81bac27f-0582-41fc-bc3f-9f968300fa98@group-420C9ADAF458-LeaderElection146] INFO  server.RaftServerConfigKeys (ConfUtils.java:logFallback(53)) - raft.server.rpc.first-election.timeout.min = 5s (fallback to raft.server.rpc.timeout.min)
2024-08-15 10:19:41,092 [81bac27f-0582-41fc-bc3f-9f968300fa98@group-420C9ADAF458-LeaderElection146] INFO  server.RaftServerConfigKeys (ConfUtils.java:logFallback(53)) - raft.server.rpc.first-election.timeout.max = 5200ms (fallback to raft.server.rpc.timeout.max)
2024-08-15 10:19:41,094 [grpc-default-executor-2] INFO  server.RaftServer$Division (RaftServerImpl.java:requestVote(1416)) - 6c2c8d64-db13-4196-9e9e-e3b1acb91f99@group-420C9ADAF458: receive requestVote(PRE_VOTE, 81bac27f-0582-41fc-bc3f-9f968300fa98, group-420C9ADAF458, 0, (t:0, i:0))
2024-08-15 10:19:41,094 [grpc-default-executor-6] INFO  server.RaftServer$Division (RaftServerImpl.java:requestVote(1416)) - c54b81e8-1f41-41f0-8c11-6d721527725f@group-420C9ADAF458: receive requestVote(PRE_VOTE, 81bac27f-0582-41fc-bc3f-9f968300fa98, group-420C9ADAF458, 0, (t:0, i:0))
2024-08-15 10:19:41,094 [grpc-default-executor-2] INFO  impl.VoteContext (VoteContext.java:log(49)) - 6c2c8d64-db13-4196-9e9e-e3b1acb91f99@group-420C9ADAF458-FOLLOWER: accept PRE_VOTE from 81bac27f-0582-41fc-bc3f-9f968300fa98: our priority 0 <= candidate's priority 1
2024-08-15 10:19:41,094 [grpc-default-executor-6] INFO  impl.VoteContext (VoteContext.java:log(49)) - c54b81e8-1f41-41f0-8c11-6d721527725f@group-420C9ADAF458-FOLLOWER: accept PRE_VOTE from 81bac27f-0582-41fc-bc3f-9f968300fa98: our priority 0 <= candidate's priority 1
2024-08-15 10:19:41,094 [grpc-default-executor-2] INFO  server.RaftServer$Division (RaftServerImpl.java:requestVote(1449)) - 6c2c8d64-db13-4196-9e9e-e3b1acb91f99@group-420C9ADAF458 replies to PRE_VOTE vote request: 81bac27f-0582-41fc-bc3f-9f968300fa98<-6c2c8d64-db13-4196-9e9e-e3b1acb91f99#0:OK-t0. Peer's state: 6c2c8d64-db13-4196-9e9e-e3b1acb91f99@group-420C9ADAF458:t0, leader=null, voted=, raftlog=Memoized:6c2c8d64-db13-4196-9e9e-e3b1acb91f99@group-420C9ADAF458-SegmentedRaftLog:OPENED:c-1:lastnull, conf=conf: {index: -1, cur=peers:[6c2c8d64-db13-4196-9e9e-e3b1acb91f99|127.0.0.1:15551, 81bac27f-0582-41fc-bc3f-9f968300fa98|127.0.0.1:15560, c54b81e8-1f41-41f0-8c11-6d721527725f|127.0.0.1:15542]|listeners:[], old=null}
2024-08-15 10:19:41,094 [grpc-default-executor-6] INFO  server.RaftServer$Division (RaftServerImpl.java:requestVote(1449)) - c54b81e8-1f41-41f0-8c11-6d721527725f@group-420C9ADAF458 replies to PRE_VOTE vote request: 81bac27f-0582-41fc-bc3f-9f968300fa98<-c54b81e8-1f41-41f0-8c11-6d721527725f#0:OK-t0. Peer's state: c54b81e8-1f41-41f0-8c11-6d721527725f@group-420C9ADAF458:t0, leader=null, voted=, raftlog=Memoized:c54b81e8-1f41-41f0-8c11-6d721527725f@group-420C9ADAF458-SegmentedRaftLog:OPENED:c-1:lastnull, conf=conf: {index: -1, cur=peers:[6c2c8d64-db13-4196-9e9e-e3b1acb91f99|127.0.0.1:15551, 81bac27f-0582-41fc-bc3f-9f968300fa98|127.0.0.1:15560, c54b81e8-1f41-41f0-8c11-6d721527725f|127.0.0.1:15542]|listeners:[], old=null}
2024-08-15 10:19:41,095 [81bac27f-0582-41fc-bc3f-9f968300fa98@group-420C9ADAF458-LeaderElection146] INFO  impl.LeaderElection (LeaderElection.java:logAndReturn(89)) - 81bac27f-0582-41fc-bc3f-9f968300fa98@group-420C9ADAF458-LeaderElection146: PRE_VOTE PASSED received 1 response(s) and 0 exception(s):
2024-08-15 10:19:41,095 [81bac27f-0582-41fc-bc3f-9f968300fa98@group-420C9ADAF458-LeaderElection146] INFO  impl.LeaderElection (LeaderElection.java:logAndReturn(93)) -   Response 0: 81bac27f-0582-41fc-bc3f-9f968300fa98<-c54b81e8-1f41-41f0-8c11-6d721527725f#0:OK-t0
2024-08-15 10:19:41,096 [81bac27f-0582-41fc-bc3f-9f968300fa98@group-420C9ADAF458-LeaderElection146] INFO  impl.LeaderElection (LeaderElection.java:askForVotes(323)) - 81bac27f-0582-41fc-bc3f-9f968300fa98@group-420C9ADAF458-LeaderElection146 PRE_VOTE round 0: result PASSED
2024-08-15 10:19:41,097 [81bac27f-0582-41fc-bc3f-9f968300fa98@group-420C9ADAF458-LeaderElection146] INFO  impl.LeaderElection (LeaderElection.java:askForVotes(321)) - 81bac27f-0582-41fc-bc3f-9f968300fa98@group-420C9ADAF458-LeaderElection146 ELECTION round 0: submit vote requests at term 1 for conf: {index: -1, cur=peers:[6c2c8d64-db13-4196-9e9e-e3b1acb91f99|127.0.0.1:15551, 81bac27f-0582-41fc-bc3f-9f968300fa98|127.0.0.1:15560, c54b81e8-1f41-41f0-8c11-6d721527725f|127.0.0.1:15542]|listeners:[], old=null}
2024-08-15 10:19:41,097 [81bac27f-0582-41fc-bc3f-9f968300fa98@group-420C9ADAF458-LeaderElection146] INFO  server.RaftServerConfigKeys (ConfUtils.java:logFallback(53)) - raft.server.rpc.first-election.timeout.min = 5s (fallback to raft.server.rpc.timeout.min)
2024-08-15 10:19:41,097 [81bac27f-0582-41fc-bc3f-9f968300fa98@group-420C9ADAF458-LeaderElection146] INFO  server.RaftServerConfigKeys (ConfUtils.java:logFallback(53)) - raft.server.rpc.first-election.timeout.max = 5200ms (fallback to raft.server.rpc.timeout.max)
2024-08-15 10:19:41,098 [grpc-default-executor-2] INFO  server.RaftServer$Division (RaftServerImpl.java:requestVote(1416)) - 6c2c8d64-db13-4196-9e9e-e3b1acb91f99@group-420C9ADAF458: receive requestVote(ELECTION, 81bac27f-0582-41fc-bc3f-9f968300fa98, group-420C9ADAF458, 1, (t:0, i:0))
2024-08-15 10:19:41,098 [grpc-default-executor-2] INFO  impl.VoteContext (VoteContext.java:log(49)) - 6c2c8d64-db13-4196-9e9e-e3b1acb91f99@group-420C9ADAF458-FOLLOWER: accept ELECTION from 81bac27f-0582-41fc-bc3f-9f968300fa98: our priority 0 <= candidate's priority 1
2024-08-15 10:19:41,098 [grpc-default-executor-2] INFO  server.RaftServer$Division (RaftServerImpl.java:setRole(376)) - 6c2c8d64-db13-4196-9e9e-e3b1acb91f99@group-420C9ADAF458: changes role from  FOLLOWER to FOLLOWER at term 1 for candidate:81bac27f-0582-41fc-bc3f-9f968300fa98
2024-08-15 10:19:41,098 [grpc-default-executor-2] INFO  impl.RoleInfo (RoleInfo.java:shutdownFollowerState(119)) - 6c2c8d64-db13-4196-9e9e-e3b1acb91f99: shutdown 6c2c8d64-db13-4196-9e9e-e3b1acb91f99@group-420C9ADAF458-FollowerState
2024-08-15 10:19:41,098 [grpc-default-executor-2] INFO  impl.RoleInfo (RoleInfo.java:updateAndGet(148)) - 6c2c8d64-db13-4196-9e9e-e3b1acb91f99: start 6c2c8d64-db13-4196-9e9e-e3b1acb91f99@group-420C9ADAF458-FollowerState
2024-08-15 10:19:41,098 [6c2c8d64-db13-4196-9e9e-e3b1acb91f99@group-420C9ADAF458-FollowerState] INFO  impl.FollowerState (FollowerState.java:run(153)) - 6c2c8d64-db13-4196-9e9e-e3b1acb91f99@group-420C9ADAF458-FollowerState was interrupted
2024-08-15 10:19:41,098 [grpc-default-executor-6] INFO  server.RaftServer$Division (RaftServerImpl.java:requestVote(1416)) - c54b81e8-1f41-41f0-8c11-6d721527725f@group-420C9ADAF458: receive requestVote(ELECTION, 81bac27f-0582-41fc-bc3f-9f968300fa98, group-420C9ADAF458, 1, (t:0, i:0))
2024-08-15 10:19:41,098 [grpc-default-executor-6] INFO  impl.VoteContext (VoteContext.java:log(49)) - c54b81e8-1f41-41f0-8c11-6d721527725f@group-420C9ADAF458-FOLLOWER: accept ELECTION from 81bac27f-0582-41fc-bc3f-9f968300fa98: our priority 0 <= candidate's priority 1
2024-08-15 10:19:41,098 [grpc-default-executor-2] INFO  server.RaftServer$Division (RaftServerImpl.java:setFirstElection(549)) - 6c2c8d64-db13-4196-9e9e-e3b1acb91f99@group-420C9ADAF458: set firstElectionSinceStartup to false for candidate:81bac27f-0582-41fc-bc3f-9f968300fa98
2024-08-15 10:19:41,098 [grpc-default-executor-6] INFO  server.RaftServer$Division (RaftServerImpl.java:setRole(376)) - c54b81e8-1f41-41f0-8c11-6d721527725f@group-420C9ADAF458: changes role from  FOLLOWER to FOLLOWER at term 1 for candidate:81bac27f-0582-41fc-bc3f-9f968300fa98
2024-08-15 10:19:41,098 [grpc-default-executor-6] INFO  impl.RoleInfo (RoleInfo.java:shutdownFollowerState(119)) - c54b81e8-1f41-41f0-8c11-6d721527725f: shutdown c54b81e8-1f41-41f0-8c11-6d721527725f@group-420C9ADAF458-FollowerState
2024-08-15 10:19:41,098 [grpc-default-executor-6] INFO  impl.RoleInfo (RoleInfo.java:updateAndGet(148)) - c54b81e8-1f41-41f0-8c11-6d721527725f: start c54b81e8-1f41-41f0-8c11-6d721527725f@group-420C9ADAF458-FollowerState
2024-08-15 10:19:41,098 [c54b81e8-1f41-41f0-8c11-6d721527725f@group-420C9ADAF458-FollowerState] INFO  impl.FollowerState (FollowerState.java:run(153)) - c54b81e8-1f41-41f0-8c11-6d721527725f@group-420C9ADAF458-FollowerState was interrupted
2024-08-15 10:19:41,099 [grpc-default-executor-2] INFO  server.RaftServer$Division (RaftServerImpl.java:requestVote(1449)) - 6c2c8d64-db13-4196-9e9e-e3b1acb91f99@group-420C9ADAF458 replies to ELECTION vote request: 81bac27f-0582-41fc-bc3f-9f968300fa98<-6c2c8d64-db13-4196-9e9e-e3b1acb91f99#0:OK-t1. Peer's state: 6c2c8d64-db13-4196-9e9e-e3b1acb91f99@group-420C9ADAF458:t1, leader=null, voted=81bac27f-0582-41fc-bc3f-9f968300fa98, raftlog=Memoized:6c2c8d64-db13-4196-9e9e-e3b1acb91f99@group-420C9ADAF458-SegmentedRaftLog:OPENED:c-1:lastnull, conf=conf: {index: -1, cur=peers:[6c2c8d64-db13-4196-9e9e-e3b1acb91f99|127.0.0.1:15551, 81bac27f-0582-41fc-bc3f-9f968300fa98|127.0.0.1:15560, c54b81e8-1f41-41f0-8c11-6d721527725f|127.0.0.1:15542]|listeners:[], old=null}
2024-08-15 10:19:41,100 [81bac27f-0582-41fc-bc3f-9f968300fa98@group-420C9ADAF458-LeaderElection146] INFO  impl.LeaderElection (LeaderElection.java:logAndReturn(89)) - 81bac27f-0582-41fc-bc3f-9f968300fa98@group-420C9ADAF458-LeaderElection146: ELECTION PASSED received 1 response(s) and 0 exception(s):
2024-08-15 10:19:41,100 [81bac27f-0582-41fc-bc3f-9f968300fa98@group-420C9ADAF458-LeaderElection146] INFO  impl.LeaderElection (LeaderElection.java:logAndReturn(93)) -   Response 0: 81bac27f-0582-41fc-bc3f-9f968300fa98<-6c2c8d64-db13-4196-9e9e-e3b1acb91f99#0:OK-t1
2024-08-15 10:19:41,100 [81bac27f-0582-41fc-bc3f-9f968300fa98@group-420C9ADAF458-LeaderElection146] INFO  impl.LeaderElection (LeaderElection.java:askForVotes(323)) - 81bac27f-0582-41fc-bc3f-9f968300fa98@group-420C9ADAF458-LeaderElection146 ELECTION round 0: result PASSED
2024-08-15 10:19:41,100 [81bac27f-0582-41fc-bc3f-9f968300fa98@group-420C9ADAF458-LeaderElection146] INFO  impl.RoleInfo (RoleInfo.java:shutdownLeaderElection(139)) - 81bac27f-0582-41fc-bc3f-9f968300fa98: shutdown 81bac27f-0582-41fc-bc3f-9f968300fa98@group-420C9ADAF458-LeaderElection146
2024-08-15 10:19:41,100 [81bac27f-0582-41fc-bc3f-9f968300fa98@group-420C9ADAF458-LeaderElection146] INFO  server.RaftServer$Division (RaftServerImpl.java:setRole(376)) - 81bac27f-0582-41fc-bc3f-9f968300fa98@group-420C9ADAF458: changes role from CANDIDATE to LEADER at term 1 for changeToLeader
2024-08-15 10:19:41,100 [81bac27f-0582-41fc-bc3f-9f968300fa98@group-420C9ADAF458-LeaderElection146] INFO  server.RaftServerConfigKeys (ConfUtils.java:logGet(46)) - raft.server.staging.catchup.gap = 1000 (default)
2024-08-15 10:19:41,100 [81bac27f-0582-41fc-bc3f-9f968300fa98@group-420C9ADAF458-LeaderElection146] INFO  server.RaftServerConfigKeys (ConfUtils.java:logGet(46)) - raft.server.write.element-limit = 1024 (custom)
2024-08-15 10:19:41,100 [grpc-default-executor-6] INFO  server.RaftServer$Division (RaftServerImpl.java:requestVote(1449)) - c54b81e8-1f41-41f0-8c11-6d721527725f@group-420C9ADAF458 replies to ELECTION vote request: 81bac27f-0582-41fc-bc3f-9f968300fa98<-c54b81e8-1f41-41f0-8c11-6d721527725f#0:OK-t1. Peer's state: c54b81e8-1f41-41f0-8c11-6d721527725f@group-420C9ADAF458:t1, leader=null, voted=81bac27f-0582-41fc-bc3f-9f968300fa98, raftlog=Memoized:c54b81e8-1f41-41f0-8c11-6d721527725f@group-420C9ADAF458-SegmentedRaftLog:OPENED:c-1:lastnull, conf=conf: {index: -1, cur=peers:[6c2c8d64-db13-4196-9e9e-e3b1acb91f99|127.0.0.1:15551, 81bac27f-0582-41fc-bc3f-9f968300fa98|127.0.0.1:15560, c54b81e8-1f41-41f0-8c11-6d721527725f|127.0.0.1:15542]|listeners:[], old=null}
2024-08-15 10:19:41,100 [81bac27f-0582-41fc-bc3f-9f968300fa98@group-420C9ADAF458-LeaderElection146] INFO  server.RaftServerConfigKeys (ConfUtils.java:logGet(46)) - raft.server.write.byte-limit = 1024 M (=1073741824) (custom)
2024-08-15 10:19:41,101 [81bac27f-0582-41fc-bc3f-9f968300fa98@group-420C9ADAF458-LeaderElection146] INFO  server.RaftServerConfigKeys (ConfUtils.java:logGet(46)) - raft.server.watch.timeout = 3000ms (custom)
2024-08-15 10:19:41,101 [81bac27f-0582-41fc-bc3f-9f968300fa98@group-420C9ADAF458-LeaderElection146] INFO  server.RaftServerConfigKeys (ConfUtils.java:logGet(46)) - raft.server.watch.timeout.denomination = 1s (default)
2024-08-15 10:19:41,101 [81bac27f-0582-41fc-bc3f-9f968300fa98@group-420C9ADAF458-LeaderElection146] INFO  server.RaftServerConfigKeys (ConfUtils.java:logGet(46)) - raft.server.watch.element-limit = 65536 (default)
2024-08-15 10:19:41,101 [81bac27f-0582-41fc-bc3f-9f968300fa98@group-420C9ADAF458-LeaderElection146] INFO  server.RaftServerConfigKeys (ConfUtils.java:logGet(46)) - raft.server.read.leader.lease.enabled = false (default)
2024-08-15 10:19:41,101 [81bac27f-0582-41fc-bc3f-9f968300fa98@group-420C9ADAF458-LeaderElection146] INFO  server.RaftServerConfigKeys (ConfUtils.java:logGet(46)) - raft.server.read.leader.lease.timeout.ratio = 0.9 (default)
2024-08-15 10:19:41,101 [81bac27f-0582-41fc-bc3f-9f968300fa98@group-420C9ADAF458-LeaderElection146] INFO  server.RaftServerConfigKeys (ConfUtils.java:logGet(46)) - raft.server.rpc.timeout.min = 5s (custom)
2024-08-15 10:19:41,101 [81bac27f-0582-41fc-bc3f-9f968300fa98@group-420C9ADAF458-LeaderElection146] INFO  server.RaftServerConfigKeys (ConfUtils.java:logGet(46)) - raft.server.log.log-metadata.enabled = true (default)
2024-08-15 10:19:41,101 [81bac27f-0582-41fc-bc3f-9f968300fa98@group-420C9ADAF458-LeaderElection146] INFO  server.RaftServerConfigKeys (ConfUtils.java:logGet(46)) - raft.server.write.element-limit = 1024 (custom)
2024-08-15 10:19:41,101 [81bac27f-0582-41fc-bc3f-9f968300fa98@group-420C9ADAF458-LeaderElection146] INFO  server.RaftServerConfigKeys (ConfUtils.java:logGet(46)) - raft.server.write.follower.gap.ratio.max = -1.0 (default)
2024-08-15 10:19:41,102 [81bac27f-0582-41fc-bc3f-9f968300fa98@group-420C9ADAF458-LeaderElection146] INFO  server.RaftServerConfigKeys (ConfUtils.java:logGet(46)) - raft.server.log.appender.snapshot.chunk.size.max = 16MB (=16777216) (default)
2024-08-15 10:19:41,102 [81bac27f-0582-41fc-bc3f-9f968300fa98@group-420C9ADAF458-LeaderElection146] INFO  server.RaftServerConfigKeys (ConfUtils.java:logGet(46)) - raft.server.log.appender.buffer.byte-limit = 8388608 (custom)
2024-08-15 10:19:41,102 [81bac27f-0582-41fc-bc3f-9f968300fa98@group-420C9ADAF458-LeaderElection146] INFO  server.RaftServerConfigKeys (ConfUtils.java:logGet(46)) - raft.server.log.appender.buffer.element-limit = 1024 (custom)
2024-08-15 10:19:41,102 [81bac27f-0582-41fc-bc3f-9f968300fa98@group-420C9ADAF458-LeaderElection146] INFO  server.RaftServerConfigKeys (ConfUtils.java:logGet(46)) - raft.server.log.appender.wait-time.min = 0ms (custom)
2024-08-15 10:19:41,102 [81bac27f-0582-41fc-bc3f-9f968300fa98@group-420C9ADAF458-LeaderElection146] INFO  grpc.GrpcConfigKeys (ConfUtils.java:logGet(46)) - raft.grpc.server.leader.outstanding.appends.max = 8 (default)
2024-08-15 10:19:41,102 [81bac27f-0582-41fc-bc3f-9f968300fa98@group-420C9ADAF458-LeaderElection146] INFO  server.RaftServerConfigKeys (ConfUtils.java:logGet(46)) - raft.server.rpc.request.timeout = 3000ms (default)
2024-08-15 10:19:41,102 [81bac27f-0582-41fc-bc3f-9f968300fa98@group-420C9ADAF458-LeaderElection146] INFO  grpc.GrpcConfigKeys (ConfUtils.java:logGet(46)) - raft.grpc.server.install_snapshot.request.element-limit = 8 (default)
2024-08-15 10:19:41,102 [81bac27f-0582-41fc-bc3f-9f968300fa98@group-420C9ADAF458-LeaderElection146] INFO  grpc.GrpcConfigKeys (ConfUtils.java:logGet(46)) - raft.grpc.server.install_snapshot.request.timeout = 3000ms (default)
2024-08-15 10:19:41,102 [81bac27f-0582-41fc-bc3f-9f968300fa98@group-420C9ADAF458-LeaderElection146] INFO  grpc.GrpcConfigKeys (ConfUtils.java:logGet(46)) - raft.grpc.server.log-message.batch.duration = 5s (default)
2024-08-15 10:19:41,102 [81bac27f-0582-41fc-bc3f-9f968300fa98@group-420C9ADAF458-LeaderElection146] INFO  server.RaftServerConfigKeys (ConfUtils.java:logGet(46)) - raft.server.log.appender.install.snapshot.enabled = false (custom)
2024-08-15 10:19:41,102 [81bac27f-0582-41fc-bc3f-9f968300fa98@group-420C9ADAF458-LeaderElection146] INFO  grpc.GrpcConfigKeys (ConfUtils.java:logGet(46)) - raft.grpc.server.heartbeat.channel = true (default)
2024-08-15 10:19:41,103 [81bac27f-0582-41fc-bc3f-9f968300fa98@group-420C9ADAF458-LeaderElection146] INFO  server.RaftServerConfigKeys (ConfUtils.java:logGet(46)) - raft.server.log.appender.snapshot.chunk.size.max = 16MB (=16777216) (default)
2024-08-15 10:19:41,103 [81bac27f-0582-41fc-bc3f-9f968300fa98@group-420C9ADAF458-LeaderElection146] INFO  server.RaftServerConfigKeys (ConfUtils.java:logGet(46)) - raft.server.log.appender.buffer.byte-limit = 8388608 (custom)
2024-08-15 10:19:41,103 [81bac27f-0582-41fc-bc3f-9f968300fa98@group-420C9ADAF458-LeaderElection146] INFO  server.RaftServerConfigKeys (ConfUtils.java:logGet(46)) - raft.server.log.appender.buffer.element-limit = 1024 (custom)
2024-08-15 10:19:41,103 [81bac27f-0582-41fc-bc3f-9f968300fa98@group-420C9ADAF458-LeaderElection146] INFO  server.RaftServerConfigKeys (ConfUtils.java:logGet(46)) - raft.server.log.appender.wait-time.min = 0ms (custom)
2024-08-15 10:19:41,103 [81bac27f-0582-41fc-bc3f-9f968300fa98@group-420C9ADAF458-LeaderElection146] INFO  grpc.GrpcConfigKeys (ConfUtils.java:logGet(46)) - raft.grpc.server.leader.outstanding.appends.max = 8 (default)
2024-08-15 10:19:41,103 [81bac27f-0582-41fc-bc3f-9f968300fa98@group-420C9ADAF458-LeaderElection146] INFO  server.RaftServerConfigKeys (ConfUtils.java:logGet(46)) - raft.server.rpc.request.timeout = 3000ms (default)
2024-08-15 10:19:41,103 [81bac27f-0582-41fc-bc3f-9f968300fa98@group-420C9ADAF458-LeaderElection146] INFO  grpc.GrpcConfigKeys (ConfUtils.java:logGet(46)) - raft.grpc.server.install_snapshot.request.element-limit = 8 (default)
2024-08-15 10:19:41,103 [81bac27f-0582-41fc-bc3f-9f968300fa98@group-420C9ADAF458-LeaderElection146] INFO  grpc.GrpcConfigKeys (ConfUtils.java:logGet(46)) - raft.grpc.server.install_snapshot.request.timeout = 3000ms (default)
2024-08-15 10:19:41,103 [81bac27f-0582-41fc-bc3f-9f968300fa98@group-420C9ADAF458-LeaderElection146] INFO  grpc.GrpcConfigKeys (ConfUtils.java:logGet(46)) - raft.grpc.server.log-message.batch.duration = 5s (default)
2024-08-15 10:19:41,103 [81bac27f-0582-41fc-bc3f-9f968300fa98@group-420C9ADAF458-LeaderElection146] INFO  server.RaftServerConfigKeys (ConfUtils.java:logGet(46)) - raft.server.log.appender.install.snapshot.enabled = false (custom)
2024-08-15 10:19:41,103 [81bac27f-0582-41fc-bc3f-9f968300fa98@group-420C9ADAF458-LeaderElection146] INFO  grpc.GrpcConfigKeys (ConfUtils.java:logGet(46)) - raft.grpc.server.heartbeat.channel = true (default)
2024-08-15 10:19:41,103 [81bac27f-0582-41fc-bc3f-9f968300fa98@group-420C9ADAF458-LeaderElection146] INFO  impl.RoleInfo (RoleInfo.java:updateAndGet(148)) - 81bac27f-0582-41fc-bc3f-9f968300fa98: start 81bac27f-0582-41fc-bc3f-9f968300fa98@group-420C9ADAF458-LeaderStateImpl
2024-08-15 10:19:41,103 [81bac27f-0582-41fc-bc3f-9f968300fa98@group-420C9ADAF458-LeaderElection146] INFO  server.RaftServer$Division (RaftServerImpl.java:setFirstElection(549)) - 81bac27f-0582-41fc-bc3f-9f968300fa98@group-420C9ADAF458: set firstElectionSinceStartup to false for becomeLeader
2024-08-15 10:19:41,104 [81bac27f-0582-41fc-bc3f-9f968300fa98@group-420C9ADAF458-LeaderElection146] INFO  ratis.XceiverServerRatis (XceiverServerRatis.java:handleLeaderChangedNotification(951)) - Leader change notification received for group: group-420C9ADAF458 with new leaderId: 81bac27f-0582-41fc-bc3f-9f968300fa98
2024-08-15 10:19:41,104 [81bac27f-0582-41fc-bc3f-9f968300fa98@group-420C9ADAF458-LeaderElection146] INFO  server.RaftServer$Division (ServerState.java:setLeader(272)) - 81bac27f-0582-41fc-bc3f-9f968300fa98@group-420C9ADAF458: change Leader from null to 81bac27f-0582-41fc-bc3f-9f968300fa98 at term 1 for becomeLeader, leader elected after 5095ms
2024-08-15 10:19:41,104 [81bac27f-0582-41fc-bc3f-9f968300fa98@group-420C9ADAF458-LeaderElection146] INFO  segmented.SegmentedRaftLogWorker (SegmentedRaftLogWorker.java:startLogSegment(433)) - 81bac27f-0582-41fc-bc3f-9f968300fa98@group-420C9ADAF458-SegmentedRaftLogWorker: Starting segment from index:0
2024-08-15 10:19:41,104 [81bac27f-0582-41fc-bc3f-9f968300fa98@group-420C9ADAF458-SegmentedRaftLogWorker] INFO  segmented.BufferedWriteChannel (BufferedWriteChannel.java:open(61)) - open log_inprogress_0 at position 0
2024-08-15 10:19:41,104 [81bac27f-0582-41fc-bc3f-9f968300fa98@group-420C9ADAF458-LeaderElection146] INFO  server.RaftServer$Division (ServerState.java:setRaftConf(386)) - 81bac27f-0582-41fc-bc3f-9f968300fa98@group-420C9ADAF458: set configuration conf: {index: 0, cur=peers:[6c2c8d64-db13-4196-9e9e-e3b1acb91f99|127.0.0.1:15551, 81bac27f-0582-41fc-bc3f-9f968300fa98|127.0.0.1:15560, c54b81e8-1f41-41f0-8c11-6d721527725f|127.0.0.1:15542]|listeners:[], old=null}
2024-08-15 10:19:41,105 [EventQueue-PipelineReportForPipelineReportHandler] INFO  pipeline.PipelineReportHandler (PipelineReportHandler.java:processPipelineReport(136)) - Opened pipeline PipelineID=7c6bd052-4ad9-4b48-bee2-420c9adaf458
2024-08-15 10:19:41,111 [c54b81e8-1f41-41f0-8c11-6d721527725f-server-thread1] INFO  ratis.XceiverServerRatis (XceiverServerRatis.java:handleLeaderChangedNotification(951)) - Leader change notification received for group: group-420C9ADAF458 with new leaderId: 81bac27f-0582-41fc-bc3f-9f968300fa98
2024-08-15 10:19:41,111 [c54b81e8-1f41-41f0-8c11-6d721527725f-server-thread1] INFO  server.RaftServer$Division (ServerState.java:setLeader(272)) - c54b81e8-1f41-41f0-8c11-6d721527725f@group-420C9ADAF458: change Leader from null to 81bac27f-0582-41fc-bc3f-9f968300fa98 at term 1 for appendEntries, leader elected after 5119ms
2024-08-15 10:19:41,112 [6c2c8d64-db13-4196-9e9e-e3b1acb91f99-server-thread1] INFO  ratis.XceiverServerRatis (XceiverServerRatis.java:handleLeaderChangedNotification(951)) - Leader change notification received for group: group-420C9ADAF458 with new leaderId: 81bac27f-0582-41fc-bc3f-9f968300fa98
2024-08-15 10:19:41,112 [6c2c8d64-db13-4196-9e9e-e3b1acb91f99-server-thread1] INFO  server.RaftServer$Division (ServerState.java:setLeader(272)) - 6c2c8d64-db13-4196-9e9e-e3b1acb91f99@group-420C9ADAF458: change Leader from null to 81bac27f-0582-41fc-bc3f-9f968300fa98 at term 1 for appendEntries, leader elected after 5084ms
2024-08-15 10:19:41,113 [c54b81e8-1f41-41f0-8c11-6d721527725f-server-thread2] INFO  server.RaftServer$Division (ServerState.java:setRaftConf(386)) - c54b81e8-1f41-41f0-8c11-6d721527725f@group-420C9ADAF458: set configuration conf: {index: 0, cur=peers:[6c2c8d64-db13-4196-9e9e-e3b1acb91f99|127.0.0.1:15551, 81bac27f-0582-41fc-bc3f-9f968300fa98|127.0.0.1:15560, c54b81e8-1f41-41f0-8c11-6d721527725f|127.0.0.1:15542]|listeners:[], old=null}
2024-08-15 10:19:41,113 [c54b81e8-1f41-41f0-8c11-6d721527725f-server-thread2] INFO  segmented.SegmentedRaftLogWorker (SegmentedRaftLogWorker.java:startLogSegment(433)) - c54b81e8-1f41-41f0-8c11-6d721527725f@group-420C9ADAF458-SegmentedRaftLogWorker: Starting segment from index:0
2024-08-15 10:19:41,114 [6c2c8d64-db13-4196-9e9e-e3b1acb91f99-server-thread2] INFO  server.RaftServer$Division (ServerState.java:setRaftConf(386)) - 6c2c8d64-db13-4196-9e9e-e3b1acb91f99@group-420C9ADAF458: set configuration conf: {index: 0, cur=peers:[6c2c8d64-db13-4196-9e9e-e3b1acb91f99|127.0.0.1:15551, 81bac27f-0582-41fc-bc3f-9f968300fa98|127.0.0.1:15560, c54b81e8-1f41-41f0-8c11-6d721527725f|127.0.0.1:15542]|listeners:[], old=null}
2024-08-15 10:19:41,114 [6c2c8d64-db13-4196-9e9e-e3b1acb91f99-server-thread2] INFO  segmented.SegmentedRaftLogWorker (SegmentedRaftLogWorker.java:startLogSegment(433)) - 6c2c8d64-db13-4196-9e9e-e3b1acb91f99@group-420C9ADAF458-SegmentedRaftLogWorker: Starting segment from index:0
2024-08-15 10:19:41,114 [81bac27f-0582-41fc-bc3f-9f968300fa98@group-420C9ADAF458-SegmentedRaftLogWorker] INFO  segmented.SegmentedRaftLogWorker (SegmentedRaftLogWorker.java:execute(637)) - 81bac27f-0582-41fc-bc3f-9f968300fa98@group-420C9ADAF458-SegmentedRaftLogWorker: created new log segment /home/runner/work/ozone/ozone/hadoop-ozone/integration-test/target/test-dir/MiniOzoneClusterImpl-b6aad0f5-771e-4cba-adce-99e3b3454f11/ozone-meta/datanode-3/ratis/7c6bd052-4ad9-4b48-bee2-420c9adaf458/current/log_inprogress_0
2024-08-15 10:19:41,115 [c54b81e8-1f41-41f0-8c11-6d721527725f@group-420C9ADAF458-SegmentedRaftLogWorker] INFO  segmented.BufferedWriteChannel (BufferedWriteChannel.java:open(61)) - open log_inprogress_0 at position 0
2024-08-15 10:19:41,115 [6c2c8d64-db13-4196-9e9e-e3b1acb91f99@group-420C9ADAF458-SegmentedRaftLogWorker] INFO  segmented.BufferedWriteChannel (BufferedWriteChannel.java:open(61)) - open log_inprogress_0 at position 0
2024-08-15 10:19:41,128 [c54b81e8-1f41-41f0-8c11-6d721527725f@group-420C9ADAF458-SegmentedRaftLogWorker] INFO  segmented.SegmentedRaftLogWorker (SegmentedRaftLogWorker.java:execute(637)) - c54b81e8-1f41-41f0-8c11-6d721527725f@group-420C9ADAF458-SegmentedRaftLogWorker: created new log segment /home/runner/work/ozone/ozone/hadoop-ozone/integration-test/target/test-dir/MiniOzoneClusterImpl-b6aad0f5-771e-4cba-adce-99e3b3454f11/ozone-meta/datanode-1/ratis/7c6bd052-4ad9-4b48-bee2-420c9adaf458/current/log_inprogress_0
2024-08-15 10:19:41,129 [6c2c8d64-db13-4196-9e9e-e3b1acb91f99@group-420C9ADAF458-SegmentedRaftLogWorker] INFO  segmented.SegmentedRaftLogWorker (SegmentedRaftLogWorker.java:execute(637)) - 6c2c8d64-db13-4196-9e9e-e3b1acb91f99@group-420C9ADAF458-SegmentedRaftLogWorker: created new log segment /home/runner/work/ozone/ozone/hadoop-ozone/integration-test/target/test-dir/MiniOzoneClusterImpl-b6aad0f5-771e-4cba-adce-99e3b3454f11/ozone-meta/datanode-2/ratis/7c6bd052-4ad9-4b48-bee2-420c9adaf458/current/log_inprogress_0
2024-08-15 10:19:41,131 [81bac27f-0582-41fc-bc3f-9f968300fa98@group-420C9ADAF458-StateMachineUpdater] INFO  server.RaftServer$Division (LeaderStateImpl.java:checkStartIndex(316)) - Leader 81bac27f-0582-41fc-bc3f-9f968300fa98@group-420C9ADAF458-LeaderStateImpl is ready since appliedIndex == startIndex == 0
2024-08-15 10:19:41,173 [6c2c8d64-db13-4196-9e9e-e3b1acb91f99@group-134949ED58C0-FollowerState] INFO  impl.FollowerState (FollowerState.java:run(144)) - 6c2c8d64-db13-4196-9e9e-e3b1acb91f99@group-134949ED58C0-FollowerState: change to CANDIDATE, lastRpcElapsedTime:5045524378ns, electionTimeout:5045ms
2024-08-15 10:19:41,173 [6c2c8d64-db13-4196-9e9e-e3b1acb91f99@group-134949ED58C0-FollowerState] INFO  impl.RoleInfo (RoleInfo.java:shutdownFollowerState(119)) - 6c2c8d64-db13-4196-9e9e-e3b1acb91f99: shutdown 6c2c8d64-db13-4196-9e9e-e3b1acb91f99@group-134949ED58C0-FollowerState
2024-08-15 10:19:41,173 [6c2c8d64-db13-4196-9e9e-e3b1acb91f99@group-134949ED58C0-FollowerState] INFO  server.RaftServer$Division (RaftServerImpl.java:setRole(376)) - 6c2c8d64-db13-4196-9e9e-e3b1acb91f99@group-134949ED58C0: changes role from  FOLLOWER to CANDIDATE at term 0 for changeToCandidate
2024-08-15 10:19:41,173 [6c2c8d64-db13-4196-9e9e-e3b1acb91f99@group-134949ED58C0-FollowerState] INFO  server.RaftServerConfigKeys (ConfUtils.java:logGet(46)) - raft.server.leaderelection.pre-vote = true (default)
2024-08-15 10:19:41,173 [6c2c8d64-db13-4196-9e9e-e3b1acb91f99@group-134949ED58C0-FollowerState] INFO  impl.RoleInfo (RoleInfo.java:updateAndGet(148)) - 6c2c8d64-db13-4196-9e9e-e3b1acb91f99: start 6c2c8d64-db13-4196-9e9e-e3b1acb91f99@group-134949ED58C0-LeaderElection147
2024-08-15 10:19:41,174 [6c2c8d64-db13-4196-9e9e-e3b1acb91f99@group-134949ED58C0-LeaderElection147] INFO  impl.LeaderElection (LeaderElection.java:askForVotes(321)) - 6c2c8d64-db13-4196-9e9e-e3b1acb91f99@group-134949ED58C0-LeaderElection147 PRE_VOTE round 0: submit vote requests at term 0 for conf: {index: -1, cur=peers:[6c2c8d64-db13-4196-9e9e-e3b1acb91f99|127.0.0.1:15551]|listeners:[], old=null}
2024-08-15 10:19:41,174 [6c2c8d64-db13-4196-9e9e-e3b1acb91f99@group-134949ED58C0-LeaderElection147] INFO  impl.LeaderElection (LeaderElection.java:askForVotes(323)) - 6c2c8d64-db13-4196-9e9e-e3b1acb91f99@group-134949ED58C0-LeaderElection147 PRE_VOTE round 0: result PASSED (term=0)
2024-08-15 10:19:41,175 [6c2c8d64-db13-4196-9e9e-e3b1acb91f99@group-134949ED58C0-LeaderElection147] INFO  impl.LeaderElection (LeaderElection.java:askForVotes(321)) - 6c2c8d64-db13-4196-9e9e-e3b1acb91f99@group-134949ED58C0-LeaderElection147 ELECTION round 0: submit vote requests at term 1 for conf: {index: -1, cur=peers:[6c2c8d64-db13-4196-9e9e-e3b1acb91f99|127.0.0.1:15551]|listeners:[], old=null}
2024-08-15 10:19:41,175 [6c2c8d64-db13-4196-9e9e-e3b1acb91f99@group-134949ED58C0-LeaderElection147] INFO  impl.LeaderElection (LeaderElection.java:askForVotes(323)) - 6c2c8d64-db13-4196-9e9e-e3b1acb91f99@group-134949ED58C0-LeaderElection147 ELECTION round 0: result PASSED (term=1)
2024-08-15 10:19:41,175 [6c2c8d64-db13-4196-9e9e-e3b1acb91f99@group-134949ED58C0-LeaderElection147] INFO  impl.RoleInfo (RoleInfo.java:shutdownLeaderElection(139)) - 6c2c8d64-db13-4196-9e9e-e3b1acb91f99: shutdown 6c2c8d64-db13-4196-9e9e-e3b1acb91f99@group-134949ED58C0-LeaderElection147
2024-08-15 10:19:41,176 [6c2c8d64-db13-4196-9e9e-e3b1acb91f99@group-134949ED58C0-LeaderElection147] INFO  server.RaftServer$Division (RaftServerImpl.java:setRole(376)) - 6c2c8d64-db13-4196-9e9e-e3b1acb91f99@group-134949ED58C0: changes role from CANDIDATE to LEADER at term 1 for changeToLeader
2024-08-15 10:19:41,176 [6c2c8d64-db13-4196-9e9e-e3b1acb91f99@group-134949ED58C0-LeaderElection147] INFO  server.RaftServerConfigKeys (ConfUtils.java:logGet(46)) - raft.server.staging.catchup.gap = 1000 (default)
2024-08-15 10:19:41,176 [6c2c8d64-db13-4196-9e9e-e3b1acb91f99@group-134949ED58C0-LeaderElection147] INFO  server.RaftServerConfigKeys (ConfUtils.java:logGet(46)) - raft.server.write.element-limit = 1024 (custom)
2024-08-15 10:19:41,176 [6c2c8d64-db13-4196-9e9e-e3b1acb91f99@group-134949ED58C0-LeaderElection147] INFO  server.RaftServerConfigKeys (ConfUtils.java:logGet(46)) - raft.server.write.byte-limit = 1024 M (=1073741824) (custom)
2024-08-15 10:19:41,176 [6c2c8d64-db13-4196-9e9e-e3b1acb91f99@group-134949ED58C0-LeaderElection147] INFO  server.RaftServerConfigKeys (ConfUtils.java:logGet(46)) - raft.server.watch.timeout = 3000ms (custom)
2024-08-15 10:19:41,176 [6c2c8d64-db13-4196-9e9e-e3b1acb91f99@group-134949ED58C0-LeaderElection147] INFO  server.RaftServerConfigKeys (ConfUtils.java:logGet(46)) - raft.server.watch.timeout.denomination = 1s (default)
2024-08-15 10:19:41,176 [6c2c8d64-db13-4196-9e9e-e3b1acb91f99@group-134949ED58C0-LeaderElection147] INFO  server.RaftServerConfigKeys (ConfUtils.java:logGet(46)) - raft.server.watch.element-limit = 65536 (default)
2024-08-15 10:19:41,177 [6c2c8d64-db13-4196-9e9e-e3b1acb91f99@group-134949ED58C0-LeaderElection147] INFO  server.RaftServerConfigKeys (ConfUtils.java:logGet(46)) - raft.server.read.leader.lease.enabled = false (default)
2024-08-15 10:19:41,177 [6c2c8d64-db13-4196-9e9e-e3b1acb91f99@group-134949ED58C0-LeaderElection147] INFO  server.RaftServerConfigKeys (ConfUtils.java:logGet(46)) - raft.server.read.leader.lease.timeout.ratio = 0.9 (default)
2024-08-15 10:19:41,177 [6c2c8d64-db13-4196-9e9e-e3b1acb91f99@group-134949ED58C0-LeaderElection147] INFO  server.RaftServerConfigKeys (ConfUtils.java:logGet(46)) - raft.server.rpc.timeout.min = 5s (custom)
2024-08-15 10:19:41,177 [6c2c8d64-db13-4196-9e9e-e3b1acb91f99@group-134949ED58C0-LeaderElection147] INFO  server.RaftServerConfigKeys (ConfUtils.java:logGet(46)) - raft.server.log.log-metadata.enabled = true (default)
2024-08-15 10:19:41,177 [6c2c8d64-db13-4196-9e9e-e3b1acb91f99@group-134949ED58C0-LeaderElection147] INFO  server.RaftServerConfigKeys (ConfUtils.java:logGet(46)) - raft.server.write.element-limit = 1024 (custom)
2024-08-15 10:19:41,177 [6c2c8d64-db13-4196-9e9e-e3b1acb91f99@group-134949ED58C0-LeaderElection147] INFO  server.RaftServerConfigKeys (ConfUtils.java:logGet(46)) - raft.server.write.follower.gap.ratio.max = -1.0 (default)
2024-08-15 10:19:41,177 [6c2c8d64-db13-4196-9e9e-e3b1acb91f99@group-134949ED58C0-LeaderElection147] INFO  impl.RoleInfo (RoleInfo.java:updateAndGet(148)) - 6c2c8d64-db13-4196-9e9e-e3b1acb91f99: start 6c2c8d64-db13-4196-9e9e-e3b1acb91f99@group-134949ED58C0-LeaderStateImpl
2024-08-15 10:19:41,177 [6c2c8d64-db13-4196-9e9e-e3b1acb91f99@group-134949ED58C0-LeaderElection147] INFO  server.RaftServer$Division (RaftServerImpl.java:setFirstElection(549)) - 6c2c8d64-db13-4196-9e9e-e3b1acb91f99@group-134949ED58C0: set firstElectionSinceStartup to false for becomeLeader
2024-08-15 10:19:41,177 [6c2c8d64-db13-4196-9e9e-e3b1acb91f99@group-134949ED58C0-LeaderElection147] INFO  ratis.XceiverServerRatis (XceiverServerRatis.java:handleLeaderChangedNotification(951)) - Leader change notification received for group: group-134949ED58C0 with new leaderId: 6c2c8d64-db13-4196-9e9e-e3b1acb91f99
2024-08-15 10:19:41,177 [6c2c8d64-db13-4196-9e9e-e3b1acb91f99@group-134949ED58C0-LeaderElection147] INFO  server.RaftServer$Division (ServerState.java:setLeader(272)) - 6c2c8d64-db13-4196-9e9e-e3b1acb91f99@group-134949ED58C0: change Leader from null to 6c2c8d64-db13-4196-9e9e-e3b1acb91f99 at term 1 for becomeLeader, leader elected after 5060ms
2024-08-15 10:19:41,177 [6c2c8d64-db13-4196-9e9e-e3b1acb91f99@group-134949ED58C0-LeaderElection147] INFO  segmented.SegmentedRaftLogWorker (SegmentedRaftLogWorker.java:startLogSegment(433)) - 6c2c8d64-db13-4196-9e9e-e3b1acb91f99@group-134949ED58C0-SegmentedRaftLogWorker: Starting segment from index:0
2024-08-15 10:19:41,178 [6c2c8d64-db13-4196-9e9e-e3b1acb91f99@group-134949ED58C0-LeaderElection147] INFO  server.RaftServer$Division (ServerState.java:setRaftConf(386)) - 6c2c8d64-db13-4196-9e9e-e3b1acb91f99@group-134949ED58C0: set configuration conf: {index: 0, cur=peers:[6c2c8d64-db13-4196-9e9e-e3b1acb91f99|127.0.0.1:15551]|listeners:[], old=null}
2024-08-15 10:19:41,180 [6c2c8d64-db13-4196-9e9e-e3b1acb91f99@group-134949ED58C0-SegmentedRaftLogWorker] INFO  segmented.BufferedWriteChannel (BufferedWriteChannel.java:open(61)) - open log_inprogress_0 at position 0
2024-08-15 10:19:41,189 [6c2c8d64-db13-4196-9e9e-e3b1acb91f99@group-134949ED58C0-SegmentedRaftLogWorker] INFO  segmented.SegmentedRaftLogWorker (SegmentedRaftLogWorker.java:execute(637)) - 6c2c8d64-db13-4196-9e9e-e3b1acb91f99@group-134949ED58C0-SegmentedRaftLogWorker: created new log segment /home/runner/work/ozone/ozone/hadoop-ozone/integration-test/target/test-dir/MiniOzoneClusterImpl-b6aad0f5-771e-4cba-adce-99e3b3454f11/ozone-meta/datanode-2/ratis/ad72352b-bd34-4403-8994-134949ed58c0/current/log_inprogress_0
2024-08-15 10:19:41,191 [6c2c8d64-db13-4196-9e9e-e3b1acb91f99@group-134949ED58C0-StateMachineUpdater] INFO  server.RaftServer$Division (LeaderStateImpl.java:checkStartIndex(316)) - Leader 6c2c8d64-db13-4196-9e9e-e3b1acb91f99@group-134949ED58C0-LeaderStateImpl is ready since appliedIndex == startIndex == 0
2024-08-15 10:19:41,388 [81bac27f-0582-41fc-bc3f-9f968300fa98@group-EC55A3BA8D80-FollowerState] INFO  impl.FollowerState (FollowerState.java:run(144)) - 81bac27f-0582-41fc-bc3f-9f968300fa98@group-EC55A3BA8D80-FollowerState: change to CANDIDATE, lastRpcElapsedTime:5031477674ns, electionTimeout:5031ms
2024-08-15 10:19:41,388 [81bac27f-0582-41fc-bc3f-9f968300fa98@group-EC55A3BA8D80-FollowerState] INFO  impl.RoleInfo (RoleInfo.java:shutdownFollowerState(119)) - 81bac27f-0582-41fc-bc3f-9f968300fa98: shutdown 81bac27f-0582-41fc-bc3f-9f968300fa98@group-EC55A3BA8D80-FollowerState
2024-08-15 10:19:41,388 [81bac27f-0582-41fc-bc3f-9f968300fa98@group-EC55A3BA8D80-FollowerState] INFO  server.RaftServer$Division (RaftServerImpl.java:setRole(376)) - 81bac27f-0582-41fc-bc3f-9f968300fa98@group-EC55A3BA8D80: changes role from  FOLLOWER to CANDIDATE at term 0 for changeToCandidate
2024-08-15 10:19:41,388 [81bac27f-0582-41fc-bc3f-9f968300fa98@group-EC55A3BA8D80-FollowerState] INFO  server.RaftServerConfigKeys (ConfUtils.java:logGet(46)) - raft.server.leaderelection.pre-vote = true (default)
2024-08-15 10:19:41,388 [81bac27f-0582-41fc-bc3f-9f968300fa98@group-EC55A3BA8D80-FollowerState] INFO  impl.RoleInfo (RoleInfo.java:updateAndGet(148)) - 81bac27f-0582-41fc-bc3f-9f968300fa98: start 81bac27f-0582-41fc-bc3f-9f968300fa98@group-EC55A3BA8D80-LeaderElection148
2024-08-15 10:19:41,389 [81bac27f-0582-41fc-bc3f-9f968300fa98@group-EC55A3BA8D80-LeaderElection148] INFO  impl.LeaderElection (LeaderElection.java:askForVotes(321)) - 81bac27f-0582-41fc-bc3f-9f968300fa98@group-EC55A3BA8D80-LeaderElection148 PRE_VOTE round 0: submit vote requests at term 0 for conf: {index: -1, cur=peers:[81bac27f-0582-41fc-bc3f-9f968300fa98|127.0.0.1:15560]|listeners:[], old=null}
2024-08-15 10:19:41,389 [81bac27f-0582-41fc-bc3f-9f968300fa98@group-EC55A3BA8D80-LeaderElection148] INFO  impl.LeaderElection (LeaderElection.java:askForVotes(323)) - 81bac27f-0582-41fc-bc3f-9f968300fa98@group-EC55A3BA8D80-LeaderElection148 PRE_VOTE round 0: result PASSED (term=0)
2024-08-15 10:19:41,390 [81bac27f-0582-41fc-bc3f-9f968300fa98@group-EC55A3BA8D80-LeaderElection148] INFO  impl.LeaderElection (LeaderElection.java:askForVotes(321)) - 81bac27f-0582-41fc-bc3f-9f968300fa98@group-EC55A3BA8D80-LeaderElection148 ELECTION round 0: submit vote requests at term 1 for conf: {index: -1, cur=peers:[81bac27f-0582-41fc-bc3f-9f968300fa98|127.0.0.1:15560]|listeners:[], old=null}
2024-08-15 10:19:41,390 [81bac27f-0582-41fc-bc3f-9f968300fa98@group-EC55A3BA8D80-LeaderElection148] INFO  impl.LeaderElection (LeaderElection.java:askForVotes(323)) - 81bac27f-0582-41fc-bc3f-9f968300fa98@group-EC55A3BA8D80-LeaderElection148 ELECTION round 0: result PASSED (term=1)
2024-08-15 10:19:41,390 [81bac27f-0582-41fc-bc3f-9f968300fa98@group-EC55A3BA8D80-LeaderElection148] INFO  impl.RoleInfo (RoleInfo.java:shutdownLeaderElection(139)) - 81bac27f-0582-41fc-bc3f-9f968300fa98: shutdown 81bac27f-0582-41fc-bc3f-9f968300fa98@group-EC55A3BA8D80-LeaderElection148
2024-08-15 10:19:41,390 [81bac27f-0582-41fc-bc3f-9f968300fa98@group-EC55A3BA8D80-LeaderElection148] INFO  server.RaftServer$Division (RaftServerImpl.java:setRole(376)) - 81bac27f-0582-41fc-bc3f-9f968300fa98@group-EC55A3BA8D80: changes role from CANDIDATE to LEADER at term 1 for changeToLeader
2024-08-15 10:19:41,390 [81bac27f-0582-41fc-bc3f-9f968300fa98@group-EC55A3BA8D80-LeaderElection148] INFO  server.RaftServerConfigKeys (ConfUtils.java:logGet(46)) - raft.server.staging.catchup.gap = 1000 (default)
2024-08-15 10:19:41,390 [81bac27f-0582-41fc-bc3f-9f968300fa98@group-EC55A3BA8D80-LeaderElection148] INFO  server.RaftServerConfigKeys (ConfUtils.java:logGet(46)) - raft.server.write.element-limit = 1024 (custom)
2024-08-15 10:19:41,390 [81bac27f-0582-41fc-bc3f-9f968300fa98@group-EC55A3BA8D80-LeaderElection148] INFO  server.RaftServerConfigKeys (ConfUtils.java:logGet(46)) - raft.server.write.byte-limit = 1024 M (=1073741824) (custom)
2024-08-15 10:19:41,391 [81bac27f-0582-41fc-bc3f-9f968300fa98@group-EC55A3BA8D80-LeaderElection148] INFO  server.RaftServerConfigKeys (ConfUtils.java:logGet(46)) - raft.server.watch.timeout = 3000ms (custom)
2024-08-15 10:19:41,391 [81bac27f-0582-41fc-bc3f-9f968300fa98@group-EC55A3BA8D80-LeaderElection148] INFO  server.RaftServerConfigKeys (ConfUtils.java:logGet(46)) - raft.server.watch.timeout.denomination = 1s (default)
2024-08-15 10:19:41,391 [81bac27f-0582-41fc-bc3f-9f968300fa98@group-EC55A3BA8D80-LeaderElection148] INFO  server.RaftServerConfigKeys (ConfUtils.java:logGet(46)) - raft.server.watch.element-limit = 65536 (default)
2024-08-15 10:19:41,391 [81bac27f-0582-41fc-bc3f-9f968300fa98@group-EC55A3BA8D80-LeaderElection148] INFO  server.RaftServerConfigKeys (ConfUtils.java:logGet(46)) - raft.server.read.leader.lease.enabled = false (default)
2024-08-15 10:19:41,391 [81bac27f-0582-41fc-bc3f-9f968300fa98@group-EC55A3BA8D80-LeaderElection148] INFO  server.RaftServerConfigKeys (ConfUtils.java:logGet(46)) - raft.server.read.leader.lease.timeout.ratio = 0.9 (default)
2024-08-15 10:19:41,391 [81bac27f-0582-41fc-bc3f-9f968300fa98@group-EC55A3BA8D80-LeaderElection148] INFO  server.RaftServerConfigKeys (ConfUtils.java:logGet(46)) - raft.server.rpc.timeout.min = 5s (custom)
2024-08-15 10:19:41,391 [81bac27f-0582-41fc-bc3f-9f968300fa98@group-EC55A3BA8D80-LeaderElection148] INFO  server.RaftServerConfigKeys (ConfUtils.java:logGet(46)) - raft.server.log.log-metadata.enabled = true (default)
2024-08-15 10:19:41,391 [81bac27f-0582-41fc-bc3f-9f968300fa98@group-EC55A3BA8D80-LeaderElection148] INFO  server.RaftServerConfigKeys (ConfUtils.java:logGet(46)) - raft.server.write.element-limit = 1024 (custom)
2024-08-15 10:19:41,391 [81bac27f-0582-41fc-bc3f-9f968300fa98@group-EC55A3BA8D80-LeaderElection148] INFO  server.RaftServerConfigKeys (ConfUtils.java:logGet(46)) - raft.server.write.follower.gap.ratio.max = -1.0 (default)
2024-08-15 10:19:41,392 [81bac27f-0582-41fc-bc3f-9f968300fa98@group-EC55A3BA8D80-LeaderElection148] INFO  impl.RoleInfo (RoleInfo.java:updateAndGet(148)) - 81bac27f-0582-41fc-bc3f-9f968300fa98: start 81bac27f-0582-41fc-bc3f-9f968300fa98@group-EC55A3BA8D80-LeaderStateImpl
2024-08-15 10:19:41,392 [81bac27f-0582-41fc-bc3f-9f968300fa98@group-EC55A3BA8D80-LeaderElection148] INFO  server.RaftServer$Division (RaftServerImpl.java:setFirstElection(549)) - 81bac27f-0582-41fc-bc3f-9f968300fa98@group-EC55A3BA8D80: set firstElectionSinceStartup to false for becomeLeader
2024-08-15 10:19:41,392 [81bac27f-0582-41fc-bc3f-9f968300fa98@group-EC55A3BA8D80-LeaderElection148] INFO  ratis.XceiverServerRatis (XceiverServerRatis.java:handleLeaderChangedNotification(951)) - Leader change notification received for group: group-EC55A3BA8D80 with new leaderId: 81bac27f-0582-41fc-bc3f-9f968300fa98
2024-08-15 10:19:41,392 [81bac27f-0582-41fc-bc3f-9f968300fa98@group-EC55A3BA8D80-LeaderElection148] INFO  server.RaftServer$Division (ServerState.java:setLeader(272)) - 81bac27f-0582-41fc-bc3f-9f968300fa98@group-EC55A3BA8D80: change Leader from null to 81bac27f-0582-41fc-bc3f-9f968300fa98 at term 1 for becomeLeader, leader elected after 5046ms
2024-08-15 10:19:41,392 [81bac27f-0582-41fc-bc3f-9f968300fa98@group-EC55A3BA8D80-LeaderElection148] INFO  segmented.SegmentedRaftLogWorker (SegmentedRaftLogWorker.java:startLogSegment(433)) - 81bac27f-0582-41fc-bc3f-9f968300fa98@group-EC55A3BA8D80-SegmentedRaftLogWorker: Starting segment from index:0
2024-08-15 10:19:41,392 [81bac27f-0582-41fc-bc3f-9f968300fa98@group-EC55A3BA8D80-LeaderElection148] INFO  server.RaftServer$Division (ServerState.java:setRaftConf(386)) - 81bac27f-0582-41fc-bc3f-9f968300fa98@group-EC55A3BA8D80: set configuration conf: {index: 0, cur=peers:[81bac27f-0582-41fc-bc3f-9f968300fa98|127.0.0.1:15560]|listeners:[], old=null}
2024-08-15 10:19:41,392 [81bac27f-0582-41fc-bc3f-9f968300fa98@group-EC55A3BA8D80-SegmentedRaftLogWorker] INFO  segmented.BufferedWriteChannel (BufferedWriteChannel.java:open(61)) - open log_inprogress_0 at position 0
2024-08-15 10:19:41,402 [81bac27f-0582-41fc-bc3f-9f968300fa98@group-EC55A3BA8D80-SegmentedRaftLogWorker] INFO  segmented.SegmentedRaftLogWorker (SegmentedRaftLogWorker.java:execute(637)) - 81bac27f-0582-41fc-bc3f-9f968300fa98@group-EC55A3BA8D80-SegmentedRaftLogWorker: created new log segment /home/runner/work/ozone/ozone/hadoop-ozone/integration-test/target/test-dir/MiniOzoneClusterImpl-b6aad0f5-771e-4cba-adce-99e3b3454f11/ozone-meta/datanode-3/ratis/9887757d-80b1-4952-877b-ec55a3ba8d80/current/log_inprogress_0
2024-08-15 10:19:41,404 [81bac27f-0582-41fc-bc3f-9f968300fa98@group-EC55A3BA8D80-StateMachineUpdater] INFO  server.RaftServer$Division (LeaderStateImpl.java:checkStartIndex(316)) - Leader 81bac27f-0582-41fc-bc3f-9f968300fa98@group-EC55A3BA8D80-LeaderStateImpl is ready since appliedIndex == startIndex == 0
2024-08-15 10:19:41,684 [d4ec432b-f714-4e84-a00f-65ea9c81cd2d@group-1776C7AA5782-FollowerState] INFO  impl.FollowerState (FollowerState.java:run(144)) - d4ec432b-f714-4e84-a00f-65ea9c81cd2d@group-1776C7AA5782-FollowerState: change to CANDIDATE, lastRpcElapsedTime:5093531560ns, electionTimeout:5093ms
2024-08-15 10:19:41,684 [d4ec432b-f714-4e84-a00f-65ea9c81cd2d@group-1776C7AA5782-FollowerState] INFO  impl.RoleInfo (RoleInfo.java:shutdownFollowerState(119)) - d4ec432b-f714-4e84-a00f-65ea9c81cd2d: shutdown d4ec432b-f714-4e84-a00f-65ea9c81cd2d@group-1776C7AA5782-FollowerState
2024-08-15 10:19:41,684 [d4ec432b-f714-4e84-a00f-65ea9c81cd2d@group-1776C7AA5782-FollowerState] INFO  server.RaftServer$Division (RaftServerImpl.java:setRole(376)) - d4ec432b-f714-4e84-a00f-65ea9c81cd2d@group-1776C7AA5782: changes role from  FOLLOWER to CANDIDATE at term 0 for changeToCandidate
2024-08-15 10:19:41,684 [d4ec432b-f714-4e84-a00f-65ea9c81cd2d@group-1776C7AA5782-FollowerState] INFO  server.RaftServerConfigKeys (ConfUtils.java:logGet(46)) - raft.server.leaderelection.pre-vote = true (default)
2024-08-15 10:19:41,684 [d4ec432b-f714-4e84-a00f-65ea9c81cd2d@group-1776C7AA5782-FollowerState] INFO  impl.RoleInfo (RoleInfo.java:updateAndGet(148)) - d4ec432b-f714-4e84-a00f-65ea9c81cd2d: start d4ec432b-f714-4e84-a00f-65ea9c81cd2d@group-1776C7AA5782-LeaderElection149
2024-08-15 10:19:41,684 [d4ec432b-f714-4e84-a00f-65ea9c81cd2d@group-1776C7AA5782-LeaderElection149] INFO  impl.LeaderElection (LeaderElection.java:askForVotes(321)) - d4ec432b-f714-4e84-a00f-65ea9c81cd2d@group-1776C7AA5782-LeaderElection149 PRE_VOTE round 0: submit vote requests at term 0 for conf: {index: -1, cur=peers:[d4ec432b-f714-4e84-a00f-65ea9c81cd2d|127.0.0.1:15569]|listeners:[], old=null}
2024-08-15 10:19:41,685 [d4ec432b-f714-4e84-a00f-65ea9c81cd2d@group-1776C7AA5782-LeaderElection149] INFO  impl.LeaderElection (LeaderElection.java:askForVotes(323)) - d4ec432b-f714-4e84-a00f-65ea9c81cd2d@group-1776C7AA5782-LeaderElection149 PRE_VOTE round 0: result PASSED (term=0)
2024-08-15 10:19:41,688 [d4ec432b-f714-4e84-a00f-65ea9c81cd2d@group-1776C7AA5782-LeaderElection149] INFO  impl.LeaderElection (LeaderElection.java:askForVotes(321)) - d4ec432b-f714-4e84-a00f-65ea9c81cd2d@group-1776C7AA5782-LeaderElection149 ELECTION round 0: submit vote requests at term 1 for conf: {index: -1, cur=peers:[d4ec432b-f714-4e84-a00f-65ea9c81cd2d|127.0.0.1:15569]|listeners:[], old=null}
2024-08-15 10:19:41,688 [d4ec432b-f714-4e84-a00f-65ea9c81cd2d@group-1776C7AA5782-LeaderElection149] INFO  impl.LeaderElection (LeaderElection.java:askForVotes(323)) - d4ec432b-f714-4e84-a00f-65ea9c81cd2d@group-1776C7AA5782-LeaderElection149 ELECTION round 0: result PASSED (term=1)
2024-08-15 10:19:41,688 [d4ec432b-f714-4e84-a00f-65ea9c81cd2d@group-1776C7AA5782-LeaderElection149] INFO  impl.RoleInfo (RoleInfo.java:shutdownLeaderElection(139)) - d4ec432b-f714-4e84-a00f-65ea9c81cd2d: shutdown d4ec432b-f714-4e84-a00f-65ea9c81cd2d@group-1776C7AA5782-LeaderElection149
2024-08-15 10:19:41,688 [d4ec432b-f714-4e84-a00f-65ea9c81cd2d@group-1776C7AA5782-LeaderElection149] INFO  server.RaftServer$Division (RaftServerImpl.java:setRole(376)) - d4ec432b-f714-4e84-a00f-65ea9c81cd2d@group-1776C7AA5782: changes role from CANDIDATE to LEADER at term 1 for changeToLeader
2024-08-15 10:19:41,688 [d4ec432b-f714-4e84-a00f-65ea9c81cd2d@group-1776C7AA5782-LeaderElection149] INFO  server.RaftServerConfigKeys (ConfUtils.java:logGet(46)) - raft.server.staging.catchup.gap = 1000 (default)
2024-08-15 10:19:41,688 [d4ec432b-f714-4e84-a00f-65ea9c81cd2d@group-1776C7AA5782-LeaderElection149] INFO  server.RaftServerConfigKeys (ConfUtils.java:logGet(46)) - raft.server.write.element-limit = 1024 (custom)
2024-08-15 10:19:41,688 [d4ec432b-f714-4e84-a00f-65ea9c81cd2d@group-1776C7AA5782-LeaderElection149] INFO  server.RaftServerConfigKeys (ConfUtils.java:logGet(46)) - raft.server.write.byte-limit = 1024 M (=1073741824) (custom)
2024-08-15 10:19:41,689 [d4ec432b-f714-4e84-a00f-65ea9c81cd2d@group-1776C7AA5782-LeaderElection149] INFO  server.RaftServerConfigKeys (ConfUtils.java:logGet(46)) - raft.server.watch.timeout = 3000ms (custom)
2024-08-15 10:19:41,689 [d4ec432b-f714-4e84-a00f-65ea9c81cd2d@group-1776C7AA5782-LeaderElection149] INFO  server.RaftServerConfigKeys (ConfUtils.java:logGet(46)) - raft.server.watch.timeout.denomination = 1s (default)
2024-08-15 10:19:41,689 [d4ec432b-f714-4e84-a00f-65ea9c81cd2d@group-1776C7AA5782-LeaderElection149] INFO  server.RaftServerConfigKeys (ConfUtils.java:logGet(46)) - raft.server.watch.element-limit = 65536 (default)
2024-08-15 10:19:41,690 [d4ec432b-f714-4e84-a00f-65ea9c81cd2d@group-1776C7AA5782-LeaderElection149] INFO  server.RaftServerConfigKeys (ConfUtils.java:logGet(46)) - raft.server.read.leader.lease.enabled = false (default)
2024-08-15 10:19:41,690 [d4ec432b-f714-4e84-a00f-65ea9c81cd2d@group-1776C7AA5782-LeaderElection149] INFO  server.RaftServerConfigKeys (ConfUtils.java:logGet(46)) - raft.server.read.leader.lease.timeout.ratio = 0.9 (default)
2024-08-15 10:19:41,690 [d4ec432b-f714-4e84-a00f-65ea9c81cd2d@group-1776C7AA5782-LeaderElection149] INFO  server.RaftServerConfigKeys (ConfUtils.java:logGet(46)) - raft.server.rpc.timeout.min = 5s (custom)
2024-08-15 10:19:41,690 [d4ec432b-f714-4e84-a00f-65ea9c81cd2d@group-1776C7AA5782-LeaderElection149] INFO  server.RaftServerConfigKeys (ConfUtils.java:logGet(46)) - raft.server.log.log-metadata.enabled = true (default)
2024-08-15 10:19:41,690 [d4ec432b-f714-4e84-a00f-65ea9c81cd2d@group-1776C7AA5782-LeaderElection149] INFO  server.RaftServerConfigKeys (ConfUtils.java:logGet(46)) - raft.server.write.element-limit = 1024 (custom)
2024-08-15 10:19:41,690 [d4ec432b-f714-4e84-a00f-65ea9c81cd2d@group-1776C7AA5782-LeaderElection149] INFO  server.RaftServerConfigKeys (ConfUtils.java:logGet(46)) - raft.server.write.follower.gap.ratio.max = -1.0 (default)
2024-08-15 10:19:41,690 [d4ec432b-f714-4e84-a00f-65ea9c81cd2d@group-1776C7AA5782-LeaderElection149] INFO  impl.RoleInfo (RoleInfo.java:updateAndGet(148)) - d4ec432b-f714-4e84-a00f-65ea9c81cd2d: start d4ec432b-f714-4e84-a00f-65ea9c81cd2d@group-1776C7AA5782-LeaderStateImpl
2024-08-15 10:19:41,690 [d4ec432b-f714-4e84-a00f-65ea9c81cd2d@group-1776C7AA5782-LeaderElection149] INFO  server.RaftServer$Division (RaftServerImpl.java:setFirstElection(549)) - d4ec432b-f714-4e84-a00f-65ea9c81cd2d@group-1776C7AA5782: set firstElectionSinceStartup to false for becomeLeader
2024-08-15 10:19:41,690 [d4ec432b-f714-4e84-a00f-65ea9c81cd2d@group-1776C7AA5782-LeaderElection149] INFO  ratis.XceiverServerRatis (XceiverServerRatis.java:handleLeaderChangedNotification(951)) - Leader change notification received for group: group-1776C7AA5782 with new leaderId: d4ec432b-f714-4e84-a00f-65ea9c81cd2d
2024-08-15 10:19:41,691 [d4ec432b-f714-4e84-a00f-65ea9c81cd2d@group-1776C7AA5782-LeaderElection149] INFO  server.RaftServer$Division (ServerState.java:setLeader(272)) - d4ec432b-f714-4e84-a00f-65ea9c81cd2d@group-1776C7AA5782: change Leader from null to d4ec432b-f714-4e84-a00f-65ea9c81cd2d at term 1 for becomeLeader, leader elected after 5110ms
2024-08-15 10:19:41,691 [d4ec432b-f714-4e84-a00f-65ea9c81cd2d@group-1776C7AA5782-LeaderElection149] INFO  segmented.SegmentedRaftLogWorker (SegmentedRaftLogWorker.java:startLogSegment(433)) - d4ec432b-f714-4e84-a00f-65ea9c81cd2d@group-1776C7AA5782-SegmentedRaftLogWorker: Starting segment from index:0
2024-08-15 10:19:41,691 [d4ec432b-f714-4e84-a00f-65ea9c81cd2d@group-1776C7AA5782-LeaderElection149] INFO  server.RaftServer$Division (ServerState.java:setRaftConf(386)) - d4ec432b-f714-4e84-a00f-65ea9c81cd2d@group-1776C7AA5782: set configuration conf: {index: 0, cur=peers:[d4ec432b-f714-4e84-a00f-65ea9c81cd2d|127.0.0.1:15569]|listeners:[], old=null}
2024-08-15 10:19:41,691 [d4ec432b-f714-4e84-a00f-65ea9c81cd2d@group-1776C7AA5782-SegmentedRaftLogWorker] INFO  segmented.BufferedWriteChannel (BufferedWriteChannel.java:open(61)) - open log_inprogress_0 at position 0
2024-08-15 10:19:41,705 [d4ec432b-f714-4e84-a00f-65ea9c81cd2d@group-1776C7AA5782-SegmentedRaftLogWorker] INFO  segmented.SegmentedRaftLogWorker (SegmentedRaftLogWorker.java:execute(637)) - d4ec432b-f714-4e84-a00f-65ea9c81cd2d@group-1776C7AA5782-SegmentedRaftLogWorker: created new log segment /home/runner/work/ozone/ozone/hadoop-ozone/integration-test/target/test-dir/MiniOzoneClusterImpl-b6aad0f5-771e-4cba-adce-99e3b3454f11/ozone-meta/datanode-4/ratis/6e881350-c14d-4e78-a51b-1776c7aa5782/current/log_inprogress_0
2024-08-15 10:19:41,709 [d4ec432b-f714-4e84-a00f-65ea9c81cd2d@group-1776C7AA5782-StateMachineUpdater] INFO  server.RaftServer$Division (LeaderStateImpl.java:checkStartIndex(316)) - Leader d4ec432b-f714-4e84-a00f-65ea9c81cd2d@group-1776C7AA5782-LeaderStateImpl is ready since appliedIndex == startIndex == 0
2024-08-15 10:19:41,837 [main] INFO  ozone.MiniOzoneClusterImpl (MiniOzoneClusterImpl.java:lambda$waitForClusterToBeReady$0(198)) - Nodes are ready. Got 5 of 5 DN Heartbeats.
2024-08-15 10:19:41,838 [main] INFO  ozone.MiniOzoneClusterImpl (MiniOzoneClusterImpl.java:lambda$waitForClusterToBeReady$0(201)) - Cluster exits safe mode
2024-08-15 10:19:41,838 [main] INFO  ozone.MiniOzoneClusterImpl (MiniOzoneClusterImpl.java:lambda$waitForClusterToBeReady$0(203)) - SCM became leader
2024-08-15 10:19:41,842 [main] INFO  rpc.RpcClient (RpcClient.java:createVolume(474)) - Creating Volume: testblockoutputstream, with runner as owner and space quota set to -1 bytes, counts quota set to -1
2024-08-15 10:19:41,845 [om1-OMStateMachineApplyTransactionThread - 0] INFO  volume.OMVolumeCreateRequest (OMVolumeCreateRequest.java:validateAndUpdateCache(198)) - created volume:testblockoutputstream for user:runner
2024-08-15 10:19:41,847 [main] INFO  rpc.RpcClient (RpcClient.java:createBucket(700)) - Creating Bucket: testblockoutputstream/testblockoutputstream, with server-side default bucket layout, runner as owner, Versioning false, Storage Type set to DISK and Encryption set to false, Replication Type set to server-side default replication type, Namespace Quota set to -1, Space Quota set to -1 
2024-08-15 10:19:41,849 [om1-OMStateMachineApplyTransactionThread - 0] INFO  bucket.OMBucketCreateRequest (OMBucketCreateRequest.java:validateAndUpdateCache(293)) - created bucket: testblockoutputstream of layout FILE_SYSTEM_OPTIMIZED in volume: testblockoutputstream
2024-08-15 10:19:41,857 [IPC Server handler 2 on default port 15531] INFO  ha.SequenceIdGenerator (SequenceIdGenerator.java:getNextId(144)) - Allocate a batch for containerId, change lastId from 0 to 1000.
2024-08-15 10:19:41,858 [IPC Server handler 2 on default port 15531] WARN  ha.SequenceIdGenerator (SequenceIdGenerator.java:allocateBatch(257)) - Failed to allocate a batch for localId, expected lastId is 0, actual lastId is 113750153625600000.
2024-08-15 10:19:41,858 [IPC Server handler 2 on default port 15531] INFO  ha.SequenceIdGenerator (SequenceIdGenerator.java:getNextId(144)) - Allocate a batch for localId, change lastId from 113750153625600000 to 113750153625601000.
2024-08-15 10:19:41,862 [main] INFO  scm.XceiverClientRatis (XceiverClientRatis.java:<init>(140)) - WatchType ALL_COMMITTED. Majority 2, 
2024-08-15 10:19:41,897 [EventQueue-CloseContainerForCloseContainerEventHandler] INFO  container.CloseContainerEventHandler (CloseContainerEventHandler.java:onMessage(88)) - Close container Event triggered for container : #1, current state: OPEN
2024-08-15 10:19:41,897 [EventQueue-CloseContainerForCloseContainerEventHandler] INFO  container.CloseContainerEventHandler (CloseContainerEventHandler.java:onMessage(88)) - Close container Event triggered for container : #1, current state: CLOSING
2024-08-15 10:19:41,897 [EventQueue-CloseContainerForCloseContainerEventHandler] INFO  container.CloseContainerEventHandler (CloseContainerEventHandler.java:onMessage(88)) - Close container Event triggered for container : #1, current state: CLOSING
2024-08-15 10:19:41,926 [bd801f82-5437-4351-937d-80ee5b205c35@group-7A372EDF8F0A-FollowerState] INFO  impl.FollowerState (FollowerState.java:run(144)) - bd801f82-5437-4351-937d-80ee5b205c35@group-7A372EDF8F0A-FollowerState: change to CANDIDATE, lastRpcElapsedTime:5081388614ns, electionTimeout:5081ms
2024-08-15 10:19:41,926 [bd801f82-5437-4351-937d-80ee5b205c35@group-7A372EDF8F0A-FollowerState] INFO  impl.RoleInfo (RoleInfo.java:shutdownFollowerState(119)) - bd801f82-5437-4351-937d-80ee5b205c35: shutdown bd801f82-5437-4351-937d-80ee5b205c35@group-7A372EDF8F0A-FollowerState
2024-08-15 10:19:41,927 [bd801f82-5437-4351-937d-80ee5b205c35@group-7A372EDF8F0A-FollowerState] INFO  server.RaftServer$Division (RaftServerImpl.java:setRole(376)) - bd801f82-5437-4351-937d-80ee5b205c35@group-7A372EDF8F0A: changes role from  FOLLOWER to CANDIDATE at term 0 for changeToCandidate
2024-08-15 10:19:41,927 [bd801f82-5437-4351-937d-80ee5b205c35@group-7A372EDF8F0A-FollowerState] INFO  server.RaftServerConfigKeys (ConfUtils.java:logGet(46)) - raft.server.leaderelection.pre-vote = true (default)
2024-08-15 10:19:41,927 [bd801f82-5437-4351-937d-80ee5b205c35@group-7A372EDF8F0A-FollowerState] INFO  impl.RoleInfo (RoleInfo.java:updateAndGet(148)) - bd801f82-5437-4351-937d-80ee5b205c35: start bd801f82-5437-4351-937d-80ee5b205c35@group-7A372EDF8F0A-LeaderElection150
2024-08-15 10:19:41,927 [bd801f82-5437-4351-937d-80ee5b205c35@group-7A372EDF8F0A-LeaderElection150] INFO  impl.LeaderElection (LeaderElection.java:askForVotes(321)) - bd801f82-5437-4351-937d-80ee5b205c35@group-7A372EDF8F0A-LeaderElection150 PRE_VOTE round 0: submit vote requests at term 0 for conf: {index: -1, cur=peers:[bd801f82-5437-4351-937d-80ee5b205c35|127.0.0.1:15578]|listeners:[], old=null}
2024-08-15 10:19:41,927 [bd801f82-5437-4351-937d-80ee5b205c35@group-7A372EDF8F0A-LeaderElection150] INFO  impl.LeaderElection (LeaderElection.java:askForVotes(323)) - bd801f82-5437-4351-937d-80ee5b205c35@group-7A372EDF8F0A-LeaderElection150 PRE_VOTE round 0: result PASSED (term=0)
2024-08-15 10:19:41,928 [bd801f82-5437-4351-937d-80ee5b205c35@group-7A372EDF8F0A-LeaderElection150] INFO  impl.LeaderElection (LeaderElection.java:askForVotes(321)) - bd801f82-5437-4351-937d-80ee5b205c35@group-7A372EDF8F0A-LeaderElection150 ELECTION round 0: submit vote requests at term 1 for conf: {index: -1, cur=peers:[bd801f82-5437-4351-937d-80ee5b205c35|127.0.0.1:15578]|listeners:[], old=null}
2024-08-15 10:19:41,928 [bd801f82-5437-4351-937d-80ee5b205c35@group-7A372EDF8F0A-LeaderElection150] INFO  impl.LeaderElection (LeaderElection.java:askForVotes(323)) - bd801f82-5437-4351-937d-80ee5b205c35@group-7A372EDF8F0A-LeaderElection150 ELECTION round 0: result PASSED (term=1)
2024-08-15 10:19:41,928 [bd801f82-5437-4351-937d-80ee5b205c35@group-7A372EDF8F0A-LeaderElection150] INFO  impl.RoleInfo (RoleInfo.java:shutdownLeaderElection(139)) - bd801f82-5437-4351-937d-80ee5b205c35: shutdown bd801f82-5437-4351-937d-80ee5b205c35@group-7A372EDF8F0A-LeaderElection150
2024-08-15 10:19:41,928 [bd801f82-5437-4351-937d-80ee5b205c35@group-7A372EDF8F0A-LeaderElection150] INFO  server.RaftServer$Division (RaftServerImpl.java:setRole(376)) - bd801f82-5437-4351-937d-80ee5b205c35@group-7A372EDF8F0A: changes role from CANDIDATE to LEADER at term 1 for changeToLeader
2024-08-15 10:19:41,928 [bd801f82-5437-4351-937d-80ee5b205c35@group-7A372EDF8F0A-LeaderElection150] INFO  server.RaftServerConfigKeys (ConfUtils.java:logGet(46)) - raft.server.staging.catchup.gap = 1000 (default)
2024-08-15 10:19:41,929 [bd801f82-5437-4351-937d-80ee5b205c35@group-7A372EDF8F0A-LeaderElection150] INFO  server.RaftServerConfigKeys (ConfUtils.java:logGet(46)) - raft.server.write.element-limit = 1024 (custom)
2024-08-15 10:19:41,929 [bd801f82-5437-4351-937d-80ee5b205c35@group-7A372EDF8F0A-LeaderElection150] INFO  server.RaftServerConfigKeys (ConfUtils.java:logGet(46)) - raft.server.write.byte-limit = 1024 M (=1073741824) (custom)
2024-08-15 10:19:41,929 [bd801f82-5437-4351-937d-80ee5b205c35@group-7A372EDF8F0A-LeaderElection150] INFO  server.RaftServerConfigKeys (ConfUtils.java:logGet(46)) - raft.server.watch.timeout = 3000ms (custom)
2024-08-15 10:19:41,929 [bd801f82-5437-4351-937d-80ee5b205c35@group-7A372EDF8F0A-LeaderElection150] INFO  server.RaftServerConfigKeys (ConfUtils.java:logGet(46)) - raft.server.watch.timeout.denomination = 1s (default)
2024-08-15 10:19:41,929 [bd801f82-5437-4351-937d-80ee5b205c35@group-7A372EDF8F0A-LeaderElection150] INFO  server.RaftServerConfigKeys (ConfUtils.java:logGet(46)) - raft.server.watch.element-limit = 65536 (default)
2024-08-15 10:19:41,929 [bd801f82-5437-4351-937d-80ee5b205c35@group-7A372EDF8F0A-LeaderElection150] INFO  server.RaftServerConfigKeys (ConfUtils.java:logGet(46)) - raft.server.read.leader.lease.enabled = false (default)
2024-08-15 10:19:41,929 [bd801f82-5437-4351-937d-80ee5b205c35@group-7A372EDF8F0A-LeaderElection150] INFO  server.RaftServerConfigKeys (ConfUtils.java:logGet(46)) - raft.server.read.leader.lease.timeout.ratio = 0.9 (default)
2024-08-15 10:19:41,929 [bd801f82-5437-4351-937d-80ee5b205c35@group-7A372EDF8F0A-LeaderElection150] INFO  server.RaftServerConfigKeys (ConfUtils.java:logGet(46)) - raft.server.rpc.timeout.min = 5s (custom)
2024-08-15 10:19:41,930 [bd801f82-5437-4351-937d-80ee5b205c35@group-7A372EDF8F0A-LeaderElection150] INFO  server.RaftServerConfigKeys (ConfUtils.java:logGet(46)) - raft.server.log.log-metadata.enabled = true (default)
2024-08-15 10:19:41,930 [bd801f82-5437-4351-937d-80ee5b205c35@group-7A372EDF8F0A-LeaderElection150] INFO  server.RaftServerConfigKeys (ConfUtils.java:logGet(46)) - raft.server.write.element-limit = 1024 (custom)
2024-08-15 10:19:41,930 [bd801f82-5437-4351-937d-80ee5b205c35@group-7A372EDF8F0A-LeaderElection150] INFO  server.RaftServerConfigKeys (ConfUtils.java:logGet(46)) - raft.server.write.follower.gap.ratio.max = -1.0 (default)
2024-08-15 10:19:41,930 [bd801f82-5437-4351-937d-80ee5b205c35@group-7A372EDF8F0A-LeaderElection150] INFO  impl.RoleInfo (RoleInfo.java:updateAndGet(148)) - bd801f82-5437-4351-937d-80ee5b205c35: start bd801f82-5437-4351-937d-80ee5b205c35@group-7A372EDF8F0A-LeaderStateImpl
2024-08-15 10:19:41,930 [bd801f82-5437-4351-937d-80ee5b205c35@group-7A372EDF8F0A-LeaderElection150] INFO  server.RaftServer$Division (RaftServerImpl.java:setFirstElection(549)) - bd801f82-5437-4351-937d-80ee5b205c35@group-7A372EDF8F0A: set firstElectionSinceStartup to false for becomeLeader
2024-08-15 10:19:41,930 [bd801f82-5437-4351-937d-80ee5b205c35@group-7A372EDF8F0A-LeaderElection150] INFO  ratis.XceiverServerRatis (XceiverServerRatis.java:handleLeaderChangedNotification(951)) - Leader change notification received for group: group-7A372EDF8F0A with new leaderId: bd801f82-5437-4351-937d-80ee5b205c35
2024-08-15 10:19:41,930 [bd801f82-5437-4351-937d-80ee5b205c35@group-7A372EDF8F0A-LeaderElection150] INFO  server.RaftServer$Division (ServerState.java:setLeader(272)) - bd801f82-5437-4351-937d-80ee5b205c35@group-7A372EDF8F0A: change Leader from null to bd801f82-5437-4351-937d-80ee5b205c35 at term 1 for becomeLeader, leader elected after 5096ms
2024-08-15 10:19:41,930 [bd801f82-5437-4351-937d-80ee5b205c35@group-7A372EDF8F0A-LeaderElection150] INFO  segmented.SegmentedRaftLogWorker (SegmentedRaftLogWorker.java:startLogSegment(433)) - bd801f82-5437-4351-937d-80ee5b205c35@group-7A372EDF8F0A-SegmentedRaftLogWorker: Starting segment from index:0
2024-08-15 10:19:41,930 [bd801f82-5437-4351-937d-80ee5b205c35@group-7A372EDF8F0A-LeaderElection150] INFO  server.RaftServer$Division (ServerState.java:setRaftConf(386)) - bd801f82-5437-4351-937d-80ee5b205c35@group-7A372EDF8F0A: set configuration conf: {index: 0, cur=peers:[bd801f82-5437-4351-937d-80ee5b205c35|127.0.0.1:15578]|listeners:[], old=null}
2024-08-15 10:19:41,930 [bd801f82-5437-4351-937d-80ee5b205c35@group-7A372EDF8F0A-SegmentedRaftLogWorker] INFO  segmented.BufferedWriteChannel (BufferedWriteChannel.java:open(61)) - open log_inprogress_0 at position 0
2024-08-15 10:19:41,940 [bd801f82-5437-4351-937d-80ee5b205c35@group-7A372EDF8F0A-SegmentedRaftLogWorker] INFO  segmented.SegmentedRaftLogWorker (SegmentedRaftLogWorker.java:execute(637)) - bd801f82-5437-4351-937d-80ee5b205c35@group-7A372EDF8F0A-SegmentedRaftLogWorker: created new log segment /home/runner/work/ozone/ozone/hadoop-ozone/integration-test/target/test-dir/MiniOzoneClusterImpl-b6aad0f5-771e-4cba-adce-99e3b3454f11/ozone-meta/datanode-5/ratis/36823002-43a3-456b-a457-7a372edf8f0a/current/log_inprogress_0
2024-08-15 10:19:41,942 [bd801f82-5437-4351-937d-80ee5b205c35@group-7A372EDF8F0A-StateMachineUpdater] INFO  server.RaftServer$Division (LeaderStateImpl.java:checkStartIndex(316)) - Leader bd801f82-5437-4351-937d-80ee5b205c35@group-7A372EDF8F0A-LeaderStateImpl is ready since appliedIndex == startIndex == 0
2024-08-15 10:19:44,875 [6c2c8d64-db13-4196-9e9e-e3b1acb91f99-CloseContainerThread-0] INFO  commandhandler.CloseContainerCommandHandler (CloseContainerCommandHandler.java:lambda$handle$0(154)) - Follower cannot close container #1.
2024-08-15 10:19:44,876 [81bac27f-0582-41fc-bc3f-9f968300fa98-CloseContainerThread-0] INFO  commandhandler.CloseContainerCommandHandler (CloseContainerCommandHandler.java:lambda$handle$0(154)) - Follower cannot close container #1.
2024-08-15 10:19:44,878 [c54b81e8-1f41-41f0-8c11-6d721527725f-ContainerOp-3522d488-07fd-4a54-8c6a-788e4cdb4749-8] INFO  keyvalue.KeyValueContainer (KeyValueContainer.java:flushAndSyncDB(529)) - Container 1 is synced with bcsId 13.
2024-08-15 10:19:44,878 [c54b81e8-1f41-41f0-8c11-6d721527725f-ContainerOp-3522d488-07fd-4a54-8c6a-788e4cdb4749-8] INFO  keyvalue.KeyValueContainer (KeyValueContainer.java:flushAndSyncDB(529)) - Container 1 is synced with bcsId 13.
2024-08-15 10:19:44,879 [81bac27f-0582-41fc-bc3f-9f968300fa98-ContainerOp-3522d488-07fd-4a54-8c6a-788e4cdb4749-8] INFO  keyvalue.KeyValueContainer (KeyValueContainer.java:flushAndSyncDB(529)) - Container 1 is synced with bcsId 13.
2024-08-15 10:19:44,879 [81bac27f-0582-41fc-bc3f-9f968300fa98-ContainerOp-3522d488-07fd-4a54-8c6a-788e4cdb4749-8] INFO  keyvalue.KeyValueContainer (KeyValueContainer.java:flushAndSyncDB(529)) - Container 1 is synced with bcsId 13.
2024-08-15 10:19:44,880 [c54b81e8-1f41-41f0-8c11-6d721527725f-ContainerOp-3522d488-07fd-4a54-8c6a-788e4cdb4749-8] INFO  keyvalue.KeyValueContainer (KeyValueContainer.java:close(444)) - Container 1 is closed with bcsId 13.
2024-08-15 10:19:44,880 [6c2c8d64-db13-4196-9e9e-e3b1acb91f99-ContainerOp-3522d488-07fd-4a54-8c6a-788e4cdb4749-8] INFO  keyvalue.KeyValueContainer (KeyValueContainer.java:flushAndSyncDB(529)) - Container 1 is synced with bcsId 13.
2024-08-15 10:19:44,882 [6c2c8d64-db13-4196-9e9e-e3b1acb91f99-ContainerOp-3522d488-07fd-4a54-8c6a-788e4cdb4749-8] INFO  keyvalue.KeyValueContainer (KeyValueContainer.java:flushAndSyncDB(529)) - Container 1 is synced with bcsId 13.
2024-08-15 10:19:44,884 [FixedThreadPoolWithAffinityExecutor-1-0] INFO  container.IncrementalContainerReportHandler (AbstractContainerReportHandler.java:updateContainerState(312)) - Moving container #1 to CLOSED state, datanode c54b81e8-1f41-41f0-8c11-6d721527725f(localhost/127.0.0.1) reported CLOSED replica with index 0.
2024-08-15 10:19:44,884 [81bac27f-0582-41fc-bc3f-9f968300fa98-ContainerOp-3522d488-07fd-4a54-8c6a-788e4cdb4749-8] INFO  keyvalue.KeyValueContainer (KeyValueContainer.java:close(444)) - Container 1 is closed with bcsId 13.
2024-08-15 10:19:44,884 [6c2c8d64-db13-4196-9e9e-e3b1acb91f99-ContainerOp-3522d488-07fd-4a54-8c6a-788e4cdb4749-8] INFO  keyvalue.KeyValueContainer (KeyValueContainer.java:close(444)) - Container 1 is closed with bcsId 13.
10:19:44.898 [c54b81e8-1f41-41f0-8c11-6d721527725f-client-thread1] ERROR DNAudit - user=null | ip=null | op=WRITE_CHUNK {blockData=conID: 1 locID: 113750153625600001 bcsId: 13 replicaIndex: 0, blockDataSize=100} | ret=FAILURE
org.apache.hadoop.hdds.scm.container.common.helpers.ContainerNotOpenException: Container 1 in CLOSED state
	at org.apache.hadoop.ozone.container.common.impl.HddsDispatcher.validateContainerCommand(HddsDispatcher.java:569) ~[hdds-container-service-1.5.0-SNAPSHOT.jar:?]
	at org.apache.hadoop.ozone.container.common.transport.server.ratis.ContainerStateMachine.startTransaction(ContainerStateMachine.java:426) ~[hdds-container-service-1.5.0-SNAPSHOT.jar:?]
	at org.apache.ratis.server.impl.RaftServerImpl.writeAsyncImpl(RaftServerImpl.java:975) ~[ratis-server-3.1.0.jar:3.1.0]
	at org.apache.ratis.server.impl.RaftServerImpl.writeAsync(RaftServerImpl.java:945) ~[ratis-server-3.1.0.jar:3.1.0]
	at org.apache.ratis.server.impl.RaftServerImpl.replyFuture(RaftServerImpl.java:937) ~[ratis-server-3.1.0.jar:3.1.0]
	at org.apache.ratis.server.impl.RaftServerImpl.submitClientRequestAsync(RaftServerImpl.java:912) ~[ratis-server-3.1.0.jar:3.1.0]
	at org.apache.ratis.server.impl.RaftServerImpl.lambda$executeSubmitClientRequestAsync$11(RaftServerImpl.java:893) ~[ratis-server-3.1.0.jar:3.1.0]
	at java.base/java.util.concurrent.CompletableFuture$AsyncSupply.run(CompletableFuture.java:1768) [?:?]
	at java.base/java.util.concurrent.ThreadPoolExecutor.runWorker(ThreadPoolExecutor.java:1136) [?:?]
	at java.base/java.util.concurrent.ThreadPoolExecutor$Worker.run(ThreadPoolExecutor.java:635) [?:?]
	at java.base/java.lang.Thread.run(Thread.java:840) [?:?]
10:19:44.899 [c54b81e8-1f41-41f0-8c11-6d721527725f-client-thread1] ERROR DNAudit - user=null | ip=null | op=WRITE_CHUNK {blockData=conID: 1 locID: 113750153625600001 bcsId: 13 replicaIndex: 0, blockDataSize=100} | ret=FAILURE
org.apache.hadoop.hdds.scm.container.common.helpers.ContainerNotOpenException: Container 1 in CLOSED state
	at org.apache.hadoop.ozone.container.common.impl.HddsDispatcher.validateContainerCommand(HddsDispatcher.java:569) ~[hdds-container-service-1.5.0-SNAPSHOT.jar:?]
	at org.apache.hadoop.ozone.container.common.transport.server.ratis.ContainerStateMachine.startTransaction(ContainerStateMachine.java:426) ~[hdds-container-service-1.5.0-SNAPSHOT.jar:?]
	at org.apache.ratis.server.impl.RaftServerImpl.writeAsyncImpl(RaftServerImpl.java:975) ~[ratis-server-3.1.0.jar:3.1.0]
	at org.apache.ratis.server.impl.RaftServerImpl.writeAsync(RaftServerImpl.java:945) ~[ratis-server-3.1.0.jar:3.1.0]
	at org.apache.ratis.server.impl.RaftServerImpl.replyFuture(RaftServerImpl.java:937) ~[ratis-server-3.1.0.jar:3.1.0]
	at org.apache.ratis.server.impl.RaftServerImpl.submitClientRequestAsync(RaftServerImpl.java:912) ~[ratis-server-3.1.0.jar:3.1.0]
	at org.apache.ratis.server.impl.RaftServerImpl.lambda$executeSubmitClientRequestAsync$11(RaftServerImpl.java:893) ~[ratis-server-3.1.0.jar:3.1.0]
	at java.base/java.util.concurrent.CompletableFuture$AsyncSupply.run(CompletableFuture.java:1768) [?:?]
	at java.base/java.util.concurrent.ThreadPoolExecutor.runWorker(ThreadPoolExecutor.java:1136) [?:?]
	at java.base/java.util.concurrent.ThreadPoolExecutor$Worker.run(ThreadPoolExecutor.java:635) [?:?]
	at java.base/java.lang.Thread.run(Thread.java:840) [?:?]
2024-08-15 10:19:44,900 [grpc-default-executor-6] ERROR impl.OrderedAsync (OrderedAsync.java:lambda$send$4(181)) - Failed to send request, message=cmdType: WriteChunk
traceID: ""
containerID: 1
datanodeUuid: "6c2c8d64-db13-4196-9e9e-e3b1acb91f99"
writeChunk {
  blockID {
    containerID: 1
    localID: 113750153625600001
    blockCommitSequenceId: 13
    replicaIndex: 0
  }
  chunkData {
    chunkName: "113750153625600001_chunk_6"
    offset: 500
    len: 100
    checksumData {
      type: NONE
      bytesPerChecksum: 16384
    }
  }
}
version: 4
, data.size=100
java.util.concurrent.CompletionException: org.apache.ratis.protocol.exceptions.StateMachineException: org.apache.hadoop.hdds.scm.container.common.helpers.ContainerNotOpenException from Server c54b81e8-1f41-41f0-8c11-6d721527725f@group-788E4CDB4749: Container 1 in CLOSED state
	at org.apache.ratis.client.impl.RaftClientImpl.handleRaftException(RaftClientImpl.java:373)
	at org.apache.ratis.client.impl.OrderedAsync.lambda$send$3(OrderedAsync.java:175)
	at java.base/java.util.concurrent.CompletableFuture$UniApply.tryFire(CompletableFuture.java:646)
	at java.base/java.util.concurrent.CompletableFuture.postComplete(CompletableFuture.java:510)
	at java.base/java.util.concurrent.CompletableFuture.complete(CompletableFuture.java:2147)
	at org.apache.ratis.client.impl.OrderedAsync$PendingOrderedRequest.setReply(OrderedAsync.java:105)
	at org.apache.ratis.client.impl.OrderedAsync$PendingOrderedRequest.setReply(OrderedAsync.java:66)
	at org.apache.ratis.util.SlidingWindow$RequestMap.setReply(SlidingWindow.java:147)
	at org.apache.ratis.util.SlidingWindow$Client.receiveReply(SlidingWindow.java:351)
	at org.apache.ratis.client.impl.OrderedAsync.lambda$sendRequestWithRetry$5(OrderedAsync.java:210)
	at java.base/java.util.concurrent.CompletableFuture$UniAccept.tryFire(CompletableFuture.java:718)
	at java.base/java.util.concurrent.CompletableFuture.postComplete(CompletableFuture.java:510)
	at java.base/java.util.concurrent.CompletableFuture.complete(CompletableFuture.java:2147)
	at org.apache.ratis.grpc.client.GrpcClientProtocolClient$AsyncStreamObservers$1.lambda$onNext$0(GrpcClientProtocolClient.java:322)
	at java.base/java.util.Optional.ifPresent(Optional.java:178)
	at org.apache.ratis.grpc.client.GrpcClientProtocolClient$AsyncStreamObservers.handleReplyFuture(GrpcClientProtocolClient.java:378)
	at org.apache.ratis.grpc.client.GrpcClientProtocolClient$AsyncStreamObservers.access$100(GrpcClientProtocolClient.java:300)
	at org.apache.ratis.grpc.client.GrpcClientProtocolClient$AsyncStreamObservers$1.onNext(GrpcClientProtocolClient.java:322)
	at org.apache.ratis.grpc.client.GrpcClientProtocolClient$AsyncStreamObservers$1.onNext(GrpcClientProtocolClient.java:305)
	at org.apache.ratis.thirdparty.io.grpc.stub.ClientCalls$StreamObserverToCallListenerAdapter.onMessage(ClientCalls.java:468)
	at org.apache.ratis.thirdparty.io.grpc.ForwardingClientCallListener.onMessage(ForwardingClientCallListener.java:33)
	at org.apache.ratis.thirdparty.io.grpc.internal.ClientCallImpl$ClientStreamListenerImpl$1MessagesAvailable.runInternal(ClientCallImpl.java:660)
	at org.apache.ratis.thirdparty.io.grpc.internal.ClientCallImpl$ClientStreamListenerImpl$1MessagesAvailable.runInContext(ClientCallImpl.java:647)
	at org.apache.ratis.thirdparty.io.grpc.internal.ContextRunnable.run(ContextRunnable.java:37)
	at org.apache.ratis.thirdparty.io.grpc.internal.SerializingExecutor.run(SerializingExecutor.java:133)
	at java.base/java.util.concurrent.ThreadPoolExecutor.runWorker(ThreadPoolExecutor.java:1136)
	at java.base/java.util.concurrent.ThreadPoolExecutor$Worker.run(ThreadPoolExecutor.java:635)
	at java.base/java.lang.Thread.run(Thread.java:840)
Caused by: org.apache.ratis.protocol.exceptions.StateMachineException: org.apache.hadoop.hdds.scm.container.common.helpers.ContainerNotOpenException from Server c54b81e8-1f41-41f0-8c11-6d721527725f@group-788E4CDB4749: Container 1 in CLOSED state
	at org.apache.hadoop.ozone.container.common.impl.HddsDispatcher.validateContainerCommand(HddsDispatcher.java:569)
	at org.apache.hadoop.ozone.container.common.transport.server.ratis.ContainerStateMachine.startTransaction(ContainerStateMachine.java:426)
	at org.apache.ratis.server.impl.RaftServerImpl.writeAsyncImpl(RaftServerImpl.java:975)
	at org.apache.ratis.server.impl.RaftServerImpl.writeAsync(RaftServerImpl.java:945)
	at org.apache.ratis.server.impl.RaftServerImpl.replyFuture(RaftServerImpl.java:937)
	at org.apache.ratis.server.impl.RaftServerImpl.submitClientRequestAsync(RaftServerImpl.java:912)
	at org.apache.ratis.server.impl.RaftServerImpl.lambda$executeSubmitClientRequestAsync$11(RaftServerImpl.java:893)
	at java.base/java.util.concurrent.CompletableFuture$AsyncSupply.run(CompletableFuture.java:1768)
	... 3 more
Caused by: org.apache.hadoop.hdds.scm.container.common.helpers.ContainerNotOpenException: Container 1 in CLOSED state
	at jdk.internal.reflect.GeneratedConstructorAccessor90.newInstance(Unknown Source)
	at java.base/jdk.internal.reflect.DelegatingConstructorAccessorImpl.newInstance(DelegatingConstructorAccessorImpl.java:45)
	at java.base/java.lang.reflect.Constructor.newInstanceWithCaller(Constructor.java:500)
	at java.base/java.lang.reflect.Constructor.newInstance(Constructor.java:481)
	at org.apache.ratis.util.ReflectionUtils.instantiateException(ReflectionUtils.java:259)
	at org.apache.ratis.client.impl.ClientProtoUtils.toStateMachineException(ClientProtoUtils.java:451)
	at org.apache.ratis.client.impl.ClientProtoUtils.toStateMachineException(ClientProtoUtils.java:437)
	at org.apache.ratis.client.impl.ClientProtoUtils.toRaftClientReply(ClientProtoUtils.java:404)
	at org.apache.ratis.grpc.client.GrpcClientProtocolClient$AsyncStreamObservers$1.onNext(GrpcClientProtocolClient.java:310)
	at org.apache.ratis.grpc.client.GrpcClientProtocolClient$AsyncStreamObservers$1.onNext(GrpcClientProtocolClient.java:305)
	at org.apache.ratis.thirdparty.io.grpc.stub.ClientCalls$StreamObserverToCallListenerAdapter.onMessage(ClientCalls.java:468)
	at org.apache.ratis.thirdparty.io.grpc.ForwardingClientCallListener.onMessage(ForwardingClientCallListener.java:33)
	at org.apache.ratis.thirdparty.io.grpc.internal.ClientCallImpl$ClientStreamListenerImpl$1MessagesAvailable.runInternal(ClientCallImpl.java:660)
	at org.apache.ratis.thirdparty.io.grpc.internal.ClientCallImpl$ClientStreamListenerImpl$1MessagesAvailable.runInContext(ClientCallImpl.java:647)
	at org.apache.ratis.thirdparty.io.grpc.internal.ContextRunnable.run(ContextRunnable.java:37)
	at org.apache.ratis.thirdparty.io.grpc.internal.SerializingExecutor.run(SerializingExecutor.java:133)
	... 3 more
10:19:44.901 [c54b81e8-1f41-41f0-8c11-6d721527725f-client-thread1] ERROR DNAudit - user=null | ip=null | op=PUT_BLOCK {blockData=[blockId=conID: 1 locID: 113750153625600001 bcsId: 0 replicaIndex: null, size=700]} | ret=FAILURE
org.apache.hadoop.hdds.scm.container.common.helpers.ContainerNotOpenException: Container 1 in CLOSED state
	at org.apache.hadoop.ozone.container.common.impl.HddsDispatcher.validateContainerCommand(HddsDispatcher.java:569) ~[hdds-container-service-1.5.0-SNAPSHOT.jar:?]
	at org.apache.hadoop.ozone.container.common.transport.server.ratis.ContainerStateMachine.startTransaction(ContainerStateMachine.java:426) ~[hdds-container-service-1.5.0-SNAPSHOT.jar:?]
	at org.apache.ratis.server.impl.RaftServerImpl.writeAsyncImpl(RaftServerImpl.java:975) ~[ratis-server-3.1.0.jar:3.1.0]
	at org.apache.ratis.server.impl.RaftServerImpl.writeAsync(RaftServerImpl.java:945) ~[ratis-server-3.1.0.jar:3.1.0]
	at org.apache.ratis.server.impl.RaftServerImpl.replyFuture(RaftServerImpl.java:937) ~[ratis-server-3.1.0.jar:3.1.0]
	at org.apache.ratis.server.impl.RaftServerImpl.submitClientRequestAsync(RaftServerImpl.java:912) ~[ratis-server-3.1.0.jar:3.1.0]
	at org.apache.ratis.server.impl.RaftServerImpl.lambda$executeSubmitClientRequestAsync$11(RaftServerImpl.java:893) ~[ratis-server-3.1.0.jar:3.1.0]
	at java.base/java.util.concurrent.CompletableFuture$AsyncSupply.run(CompletableFuture.java:1768) [?:?]
	at java.base/java.util.concurrent.ThreadPoolExecutor.runWorker(ThreadPoolExecutor.java:1136) [?:?]
	at java.base/java.util.concurrent.ThreadPoolExecutor$Worker.run(ThreadPoolExecutor.java:635) [?:?]
	at java.base/java.lang.Thread.run(Thread.java:840) [?:?]
2024-08-15 10:19:44,901 [grpc-default-executor-6] ERROR impl.OrderedAsync (OrderedAsync.java:lambda$send$4(181)) - Failed to send request, message=cmdType: WriteChunk
traceID: ""
containerID: 1
datanodeUuid: "6c2c8d64-db13-4196-9e9e-e3b1acb91f99"
writeChunk {
  blockID {
    containerID: 1
    localID: 113750153625600001
    blockCommitSequenceId: 13
    replicaIndex: 0
  }
  chunkData {
    chunkName: "113750153625600001_chunk_7"
    offset: 600
    len: 100
    checksumData {
      type: NONE
      bytesPerChecksum: 16384
    }
  }
}
version: 4
, data.size=100
java.util.concurrent.CompletionException: org.apache.ratis.protocol.exceptions.StateMachineException: org.apache.hadoop.hdds.scm.container.common.helpers.ContainerNotOpenException from Server c54b81e8-1f41-41f0-8c11-6d721527725f@group-788E4CDB4749: Container 1 in CLOSED state
	at org.apache.ratis.client.impl.RaftClientImpl.handleRaftException(RaftClientImpl.java:373)
	at org.apache.ratis.client.impl.OrderedAsync.lambda$send$3(OrderedAsync.java:175)
	at java.base/java.util.concurrent.CompletableFuture$UniApply.tryFire(CompletableFuture.java:646)
	at java.base/java.util.concurrent.CompletableFuture.postComplete(CompletableFuture.java:510)
	at java.base/java.util.concurrent.CompletableFuture.complete(CompletableFuture.java:2147)
	at org.apache.ratis.client.impl.OrderedAsync$PendingOrderedRequest.setReply(OrderedAsync.java:105)
	at org.apache.ratis.client.impl.OrderedAsync$PendingOrderedRequest.setReply(OrderedAsync.java:66)
	at org.apache.ratis.util.SlidingWindow$RequestMap.setReply(SlidingWindow.java:147)
	at org.apache.ratis.util.SlidingWindow$Client.receiveReply(SlidingWindow.java:351)
	at org.apache.ratis.client.impl.OrderedAsync.lambda$sendRequestWithRetry$5(OrderedAsync.java:210)
	at java.base/java.util.concurrent.CompletableFuture$UniAccept.tryFire(CompletableFuture.java:718)
	at java.base/java.util.concurrent.CompletableFuture.postComplete(CompletableFuture.java:510)
	at java.base/java.util.concurrent.CompletableFuture.complete(CompletableFuture.java:2147)
	at org.apache.ratis.grpc.client.GrpcClientProtocolClient$AsyncStreamObservers$1.lambda$onNext$0(GrpcClientProtocolClient.java:322)
	at java.base/java.util.Optional.ifPresent(Optional.java:178)
	at org.apache.ratis.grpc.client.GrpcClientProtocolClient$AsyncStreamObservers.handleReplyFuture(GrpcClientProtocolClient.java:378)
	at org.apache.ratis.grpc.client.GrpcClientProtocolClient$AsyncStreamObservers.access$100(GrpcClientProtocolClient.java:300)
	at org.apache.ratis.grpc.client.GrpcClientProtocolClient$AsyncStreamObservers$1.onNext(GrpcClientProtocolClient.java:322)
	at org.apache.ratis.grpc.client.GrpcClientProtocolClient$AsyncStreamObservers$1.onNext(GrpcClientProtocolClient.java:305)
	at org.apache.ratis.thirdparty.io.grpc.stub.ClientCalls$StreamObserverToCallListenerAdapter.onMessage(ClientCalls.java:468)
	at org.apache.ratis.thirdparty.io.grpc.ForwardingClientCallListener.onMessage(ForwardingClientCallListener.java:33)
	at org.apache.ratis.thirdparty.io.grpc.internal.ClientCallImpl$ClientStreamListenerImpl$1MessagesAvailable.runInternal(ClientCallImpl.java:660)
	at org.apache.ratis.thirdparty.io.grpc.internal.ClientCallImpl$ClientStreamListenerImpl$1MessagesAvailable.runInContext(ClientCallImpl.java:647)
	at org.apache.ratis.thirdparty.io.grpc.internal.ContextRunnable.run(ContextRunnable.java:37)
	at org.apache.ratis.thirdparty.io.grpc.internal.SerializingExecutor.run(SerializingExecutor.java:133)
	at java.base/java.util.concurrent.ThreadPoolExecutor.runWorker(ThreadPoolExecutor.java:1136)
	at java.base/java.util.concurrent.ThreadPoolExecutor$Worker.run(ThreadPoolExecutor.java:635)
	at java.base/java.lang.Thread.run(Thread.java:840)
Caused by: org.apache.ratis.protocol.exceptions.StateMachineException: org.apache.hadoop.hdds.scm.container.common.helpers.ContainerNotOpenException from Server c54b81e8-1f41-41f0-8c11-6d721527725f@group-788E4CDB4749: Container 1 in CLOSED state
	at org.apache.hadoop.ozone.container.common.impl.HddsDispatcher.validateContainerCommand(HddsDispatcher.java:569)
	at org.apache.hadoop.ozone.container.common.transport.server.ratis.ContainerStateMachine.startTransaction(ContainerStateMachine.java:426)
	at org.apache.ratis.server.impl.RaftServerImpl.writeAsyncImpl(RaftServerImpl.java:975)
	at org.apache.ratis.server.impl.RaftServerImpl.writeAsync(RaftServerImpl.java:945)
	at org.apache.ratis.server.impl.RaftServerImpl.replyFuture(RaftServerImpl.java:937)
	at org.apache.ratis.server.impl.RaftServerImpl.submitClientRequestAsync(RaftServerImpl.java:912)
	at org.apache.ratis.server.impl.RaftServerImpl.lambda$executeSubmitClientRequestAsync$11(RaftServerImpl.java:893)
	at java.base/java.util.concurrent.CompletableFuture$AsyncSupply.run(CompletableFuture.java:1768)
	... 3 more
Caused by: org.apache.hadoop.hdds.scm.container.common.helpers.ContainerNotOpenException: Container 1 in CLOSED state
	at jdk.internal.reflect.GeneratedConstructorAccessor90.newInstance(Unknown Source)
	at java.base/jdk.internal.reflect.DelegatingConstructorAccessorImpl.newInstance(DelegatingConstructorAccessorImpl.java:45)
	at java.base/java.lang.reflect.Constructor.newInstanceWithCaller(Constructor.java:500)
	at java.base/java.lang.reflect.Constructor.newInstance(Constructor.java:481)
	at org.apache.ratis.util.ReflectionUtils.instantiateException(ReflectionUtils.java:259)
	at org.apache.ratis.client.impl.ClientProtoUtils.toStateMachineException(ClientProtoUtils.java:451)
	at org.apache.ratis.client.impl.ClientProtoUtils.toStateMachineException(ClientProtoUtils.java:437)
	at org.apache.ratis.client.impl.ClientProtoUtils.toRaftClientReply(ClientProtoUtils.java:404)
	at org.apache.ratis.grpc.client.GrpcClientProtocolClient$AsyncStreamObservers$1.onNext(GrpcClientProtocolClient.java:310)
	at org.apache.ratis.grpc.client.GrpcClientProtocolClient$AsyncStreamObservers$1.onNext(GrpcClientProtocolClient.java:305)
	at org.apache.ratis.thirdparty.io.grpc.stub.ClientCalls$StreamObserverToCallListenerAdapter.onMessage(ClientCalls.java:468)
	at org.apache.ratis.thirdparty.io.grpc.ForwardingClientCallListener.onMessage(ForwardingClientCallListener.java:33)
	at org.apache.ratis.thirdparty.io.grpc.internal.ClientCallImpl$ClientStreamListenerImpl$1MessagesAvailable.runInternal(ClientCallImpl.java:660)
	at org.apache.ratis.thirdparty.io.grpc.internal.ClientCallImpl$ClientStreamListenerImpl$1MessagesAvailable.runInContext(ClientCallImpl.java:647)
	at org.apache.ratis.thirdparty.io.grpc.internal.ContextRunnable.run(ContextRunnable.java:37)
	at org.apache.ratis.thirdparty.io.grpc.internal.SerializingExecutor.run(SerializingExecutor.java:133)
	... 3 more
10:19:44.902 [c54b81e8-1f41-41f0-8c11-6d721527725f-client-thread1] ERROR DNAudit - user=null | ip=null | op=WRITE_CHUNK {blockData=conID: 1 locID: 113750153625600001 bcsId: 13 replicaIndex: 0, blockDataSize=100} | ret=FAILURE
org.apache.hadoop.hdds.scm.container.common.helpers.ContainerNotOpenException: Container 1 in CLOSED state
	at org.apache.hadoop.ozone.container.common.impl.HddsDispatcher.validateContainerCommand(HddsDispatcher.java:569) ~[hdds-container-service-1.5.0-SNAPSHOT.jar:?]
	at org.apache.hadoop.ozone.container.common.transport.server.ratis.ContainerStateMachine.startTransaction(ContainerStateMachine.java:426) ~[hdds-container-service-1.5.0-SNAPSHOT.jar:?]
	at org.apache.ratis.server.impl.RaftServerImpl.writeAsyncImpl(RaftServerImpl.java:975) ~[ratis-server-3.1.0.jar:3.1.0]
	at org.apache.ratis.server.impl.RaftServerImpl.writeAsync(RaftServerImpl.java:945) ~[ratis-server-3.1.0.jar:3.1.0]
	at org.apache.ratis.server.impl.RaftServerImpl.replyFuture(RaftServerImpl.java:937) ~[ratis-server-3.1.0.jar:3.1.0]
	at org.apache.ratis.server.impl.RaftServerImpl.submitClientRequestAsync(RaftServerImpl.java:912) ~[ratis-server-3.1.0.jar:3.1.0]
	at org.apache.ratis.server.impl.RaftServerImpl.lambda$executeSubmitClientRequestAsync$11(RaftServerImpl.java:893) ~[ratis-server-3.1.0.jar:3.1.0]
	at java.base/java.util.concurrent.CompletableFuture$AsyncSupply.run(CompletableFuture.java:1768) [?:?]
	at java.base/java.util.concurrent.ThreadPoolExecutor.runWorker(ThreadPoolExecutor.java:1136) [?:?]
	at java.base/java.util.concurrent.ThreadPoolExecutor$Worker.run(ThreadPoolExecutor.java:635) [?:?]
	at java.base/java.lang.Thread.run(Thread.java:840) [?:?]
2024-08-15 10:19:44,902 [grpc-default-executor-6] ERROR impl.OrderedAsync (OrderedAsync.java:lambda$send$4(181)) - Failed to send request, message=cmdType: PutBlock
traceID: ""
containerID: 1
datanodeUuid: "6c2c8d64-db13-4196-9e9e-e3b1acb91f99"
putBlock {
  blockData {
    blockID {
      containerID: 1
      localID: 113750153625600001
      blockCommitSequenceId: 0
    }
    metadata {
      key: "TYPE"
      value: "KEY"
    }
    chunks {
      chunkName: "113750153625600001_chunk_1"
      offset: 0
      len: 100
      checksumData {
        type: NONE
        bytesPerChecksum: 16384
      }
    }
    chunks {
      chunkName: "113750153625600001_chunk_2"
      offset: 100
      len: 100
      checksumData {
        type: NONE
        bytesPerChecksum: 16384
      }
    }
    chunks {
      chunkName: "113750153625600001_chunk_3"
      offset: 200
      len: 100
      checksumData {
        type: NONE
        bytesPerChecksum: 16384
      }
    }
    chunks {
      chunkName: "113750153625600001_chunk_4"
      offset: 300
      len: 100
      checksumData {
        type: NONE
        bytesPerChecksum: 16384
      }
    }
    chunks {
      chunkName: "113750153625600001_chunk_5"
      offset: 400
      len: 100
      checksumData {
        type: NONE
        bytesPerChecksum: 16384
      }
    }
    chunks {
      chunkName: "113750153625600001_chunk_6"
      offset: 500
      len: 100
      checksumData {
        type: NONE
        bytesPerChecksum: 16384
      }
    }
    chunks {
      chunkName: "113750153625600001_chunk_7"
      offset: 600
      len: 100
      checksumData {
        type: NONE
        bytesPerChecksum: 16384
      }
    }
  }
  eof: false
}
version: 4
, data.size=0
java.util.concurrent.CompletionException: org.apache.ratis.protocol.exceptions.StateMachineException: org.apache.hadoop.hdds.scm.container.common.helpers.ContainerNotOpenException from Server c54b81e8-1f41-41f0-8c11-6d721527725f@group-788E4CDB4749: Container 1 in CLOSED state
	at org.apache.ratis.client.impl.RaftClientImpl.handleRaftException(RaftClientImpl.java:373)
	at org.apache.ratis.client.impl.OrderedAsync.lambda$send$3(OrderedAsync.java:175)
	at java.base/java.util.concurrent.CompletableFuture$UniApply.tryFire(CompletableFuture.java:646)
	at java.base/java.util.concurrent.CompletableFuture.postComplete(CompletableFuture.java:510)
	at java.base/java.util.concurrent.CompletableFuture.complete(CompletableFuture.java:2147)
	at org.apache.ratis.client.impl.OrderedAsync$PendingOrderedRequest.setReply(OrderedAsync.java:105)
	at org.apache.ratis.client.impl.OrderedAsync$PendingOrderedRequest.setReply(OrderedAsync.java:66)
	at org.apache.ratis.util.SlidingWindow$RequestMap.setReply(SlidingWindow.java:147)
	at org.apache.ratis.util.SlidingWindow$Client.receiveReply(SlidingWindow.java:351)
	at org.apache.ratis.client.impl.OrderedAsync.lambda$sendRequestWithRetry$5(OrderedAsync.java:210)
	at java.base/java.util.concurrent.CompletableFuture$UniAccept.tryFire(CompletableFuture.java:718)
	at java.base/java.util.concurrent.CompletableFuture.postComplete(CompletableFuture.java:510)
	at java.base/java.util.concurrent.CompletableFuture.complete(CompletableFuture.java:2147)
	at org.apache.ratis.grpc.client.GrpcClientProtocolClient$AsyncStreamObservers$1.lambda$onNext$0(GrpcClientProtocolClient.java:322)
	at java.base/java.util.Optional.ifPresent(Optional.java:178)
	at org.apache.ratis.grpc.client.GrpcClientProtocolClient$AsyncStreamObservers.handleReplyFuture(GrpcClientProtocolClient.java:378)
	at org.apache.ratis.grpc.client.GrpcClientProtocolClient$AsyncStreamObservers.access$100(GrpcClientProtocolClient.java:300)
	at org.apache.ratis.grpc.client.GrpcClientProtocolClient$AsyncStreamObservers$1.onNext(GrpcClientProtocolClient.java:322)
	at org.apache.ratis.grpc.client.GrpcClientProtocolClient$AsyncStreamObservers$1.onNext(GrpcClientProtocolClient.java:305)
	at org.apache.ratis.thirdparty.io.grpc.stub.ClientCalls$StreamObserverToCallListenerAdapter.onMessage(ClientCalls.java:468)
	at org.apache.ratis.thirdparty.io.grpc.ForwardingClientCallListener.onMessage(ForwardingClientCallListener.java:33)
	at org.apache.ratis.thirdparty.io.grpc.internal.ClientCallImpl$ClientStreamListenerImpl$1MessagesAvailable.runInternal(ClientCallImpl.java:660)
	at org.apache.ratis.thirdparty.io.grpc.internal.ClientCallImpl$ClientStreamListenerImpl$1MessagesAvailable.runInContext(ClientCallImpl.java:647)
	at org.apache.ratis.thirdparty.io.grpc.internal.ContextRunnable.run(ContextRunnable.java:37)
	at org.apache.ratis.thirdparty.io.grpc.internal.SerializingExecutor.run(SerializingExecutor.java:133)
	at java.base/java.util.concurrent.ThreadPoolExecutor.runWorker(ThreadPoolExecutor.java:1136)
	at java.base/java.util.concurrent.ThreadPoolExecutor$Worker.run(ThreadPoolExecutor.java:635)
	at java.base/java.lang.Thread.run(Thread.java:840)
Caused by: org.apache.ratis.protocol.exceptions.StateMachineException: org.apache.hadoop.hdds.scm.container.common.helpers.ContainerNotOpenException from Server c54b81e8-1f41-41f0-8c11-6d721527725f@group-788E4CDB4749: Container 1 in CLOSED state
	at org.apache.hadoop.ozone.container.common.impl.HddsDispatcher.validateContainerCommand(HddsDispatcher.java:569)
	at org.apache.hadoop.ozone.container.common.transport.server.ratis.ContainerStateMachine.startTransaction(ContainerStateMachine.java:426)
	at org.apache.ratis.server.impl.RaftServerImpl.writeAsyncImpl(RaftServerImpl.java:975)
	at org.apache.ratis.server.impl.RaftServerImpl.writeAsync(RaftServerImpl.java:945)
	at org.apache.ratis.server.impl.RaftServerImpl.replyFuture(RaftServerImpl.java:937)
	at org.apache.ratis.server.impl.RaftServerImpl.submitClientRequestAsync(RaftServerImpl.java:912)
	at org.apache.ratis.server.impl.RaftServerImpl.lambda$executeSubmitClientRequestAsync$11(RaftServerImpl.java:893)
	at java.base/java.util.concurrent.CompletableFuture$AsyncSupply.run(CompletableFuture.java:1768)
	... 3 more
Caused by: org.apache.hadoop.hdds.scm.container.common.helpers.ContainerNotOpenException: Container 1 in CLOSED state
	at jdk.internal.reflect.GeneratedConstructorAccessor90.newInstance(Unknown Source)
	at java.base/jdk.internal.reflect.DelegatingConstructorAccessorImpl.newInstance(DelegatingConstructorAccessorImpl.java:45)
	at java.base/java.lang.reflect.Constructor.newInstanceWithCaller(Constructor.java:500)
	at java.base/java.lang.reflect.Constructor.newInstance(Constructor.java:481)
	at org.apache.ratis.util.ReflectionUtils.instantiateException(ReflectionUtils.java:259)
	at org.apache.ratis.client.impl.ClientProtoUtils.toStateMachineException(ClientProtoUtils.java:451)
	at org.apache.ratis.client.impl.ClientProtoUtils.toStateMachineException(ClientProtoUtils.java:437)
	at org.apache.ratis.client.impl.ClientProtoUtils.toRaftClientReply(ClientProtoUtils.java:404)
	at org.apache.ratis.grpc.client.GrpcClientProtocolClient$AsyncStreamObservers$1.onNext(GrpcClientProtocolClient.java:310)
	at org.apache.ratis.grpc.client.GrpcClientProtocolClient$AsyncStreamObservers$1.onNext(GrpcClientProtocolClient.java:305)
	at org.apache.ratis.thirdparty.io.grpc.stub.ClientCalls$StreamObserverToCallListenerAdapter.onMessage(ClientCalls.java:468)
	at org.apache.ratis.thirdparty.io.grpc.ForwardingClientCallListener.onMessage(ForwardingClientCallListener.java:33)
	at org.apache.ratis.thirdparty.io.grpc.internal.ClientCallImpl$ClientStreamListenerImpl$1MessagesAvailable.runInternal(ClientCallImpl.java:660)
	at org.apache.ratis.thirdparty.io.grpc.internal.ClientCallImpl$ClientStreamListenerImpl$1MessagesAvailable.runInContext(ClientCallImpl.java:647)
	at org.apache.ratis.thirdparty.io.grpc.internal.ContextRunnable.run(ContextRunnable.java:37)
	at org.apache.ratis.thirdparty.io.grpc.internal.SerializingExecutor.run(SerializingExecutor.java:133)
	... 3 more
2024-08-15 10:19:44,903 [grpc-default-executor-2] ERROR impl.OrderedAsync (OrderedAsync.java:lambda$send$4(181)) - Failed to send request, message=cmdType: WriteChunk
traceID: ""
containerID: 1
datanodeUuid: "6c2c8d64-db13-4196-9e9e-e3b1acb91f99"
writeChunk {
  blockID {
    containerID: 1
    localID: 113750153625600001
    blockCommitSequenceId: 13
    replicaIndex: 0
  }
  chunkData {
    chunkName: "113750153625600001_chunk_8"
    offset: 700
    len: 100
    checksumData {
      type: NONE
      bytesPerChecksum: 16384
    }
  }
}
version: 4
, data.size=100
java.util.concurrent.CompletionException: org.apache.ratis.protocol.exceptions.StateMachineException: org.apache.hadoop.hdds.scm.container.common.helpers.ContainerNotOpenException from Server c54b81e8-1f41-41f0-8c11-6d721527725f@group-788E4CDB4749: Container 1 in CLOSED state
	at org.apache.ratis.client.impl.RaftClientImpl.handleRaftException(RaftClientImpl.java:373)
	at org.apache.ratis.client.impl.OrderedAsync.lambda$send$3(OrderedAsync.java:175)
	at java.base/java.util.concurrent.CompletableFuture$UniApply.tryFire(CompletableFuture.java:646)
	at java.base/java.util.concurrent.CompletableFuture.postComplete(CompletableFuture.java:510)
	at java.base/java.util.concurrent.CompletableFuture.complete(CompletableFuture.java:2147)
	at org.apache.ratis.client.impl.OrderedAsync$PendingOrderedRequest.setReply(OrderedAsync.java:105)
	at org.apache.ratis.client.impl.OrderedAsync$PendingOrderedRequest.setReply(OrderedAsync.java:66)
	at org.apache.ratis.util.SlidingWindow$RequestMap.setReply(SlidingWindow.java:147)
	at org.apache.ratis.util.SlidingWindow$Client.receiveReply(SlidingWindow.java:351)
	at org.apache.ratis.client.impl.OrderedAsync.lambda$sendRequestWithRetry$5(OrderedAsync.java:210)
	at java.base/java.util.concurrent.CompletableFuture$UniAccept.tryFire(CompletableFuture.java:718)
	at java.base/java.util.concurrent.CompletableFuture.postComplete(CompletableFuture.java:510)
	at java.base/java.util.concurrent.CompletableFuture.complete(CompletableFuture.java:2147)
	at org.apache.ratis.grpc.client.GrpcClientProtocolClient$AsyncStreamObservers$1.lambda$onNext$0(GrpcClientProtocolClient.java:322)
	at java.base/java.util.Optional.ifPresent(Optional.java:178)
	at org.apache.ratis.grpc.client.GrpcClientProtocolClient$AsyncStreamObservers.handleReplyFuture(GrpcClientProtocolClient.java:378)
	at org.apache.ratis.grpc.client.GrpcClientProtocolClient$AsyncStreamObservers.access$100(GrpcClientProtocolClient.java:300)
	at org.apache.ratis.grpc.client.GrpcClientProtocolClient$AsyncStreamObservers$1.onNext(GrpcClientProtocolClient.java:322)
	at org.apache.ratis.grpc.client.GrpcClientProtocolClient$AsyncStreamObservers$1.onNext(GrpcClientProtocolClient.java:305)
	at org.apache.ratis.thirdparty.io.grpc.stub.ClientCalls$StreamObserverToCallListenerAdapter.onMessage(ClientCalls.java:468)
	at org.apache.ratis.thirdparty.io.grpc.ForwardingClientCallListener.onMessage(ForwardingClientCallListener.java:33)
	at org.apache.ratis.thirdparty.io.grpc.internal.ClientCallImpl$ClientStreamListenerImpl$1MessagesAvailable.runInternal(ClientCallImpl.java:660)
	at org.apache.ratis.thirdparty.io.grpc.internal.ClientCallImpl$ClientStreamListenerImpl$1MessagesAvailable.runInContext(ClientCallImpl.java:647)
	at org.apache.ratis.thirdparty.io.grpc.internal.ContextRunnable.run(ContextRunnable.java:37)
	at org.apache.ratis.thirdparty.io.grpc.internal.SerializingExecutor.run(SerializingExecutor.java:133)
	at java.base/java.util.concurrent.ThreadPoolExecutor.runWorker(ThreadPoolExecutor.java:1136)
	at java.base/java.util.concurrent.ThreadPoolExecutor$Worker.run(ThreadPoolExecutor.java:635)
	at java.base/java.lang.Thread.run(Thread.java:840)
Caused by: org.apache.ratis.protocol.exceptions.StateMachineException: org.apache.hadoop.hdds.scm.container.common.helpers.ContainerNotOpenException from Server c54b81e8-1f41-41f0-8c11-6d721527725f@group-788E4CDB4749: Container 1 in CLOSED state
	at org.apache.hadoop.ozone.container.common.impl.HddsDispatcher.validateContainerCommand(HddsDispatcher.java:569)
	at org.apache.hadoop.ozone.container.common.transport.server.ratis.ContainerStateMachine.startTransaction(ContainerStateMachine.java:426)
	at org.apache.ratis.server.impl.RaftServerImpl.writeAsyncImpl(RaftServerImpl.java:975)
	at org.apache.ratis.server.impl.RaftServerImpl.writeAsync(RaftServerImpl.java:945)
	at org.apache.ratis.server.impl.RaftServerImpl.replyFuture(RaftServerImpl.java:937)
	at org.apache.ratis.server.impl.RaftServerImpl.submitClientRequestAsync(RaftServerImpl.java:912)
	at org.apache.ratis.server.impl.RaftServerImpl.lambda$executeSubmitClientRequestAsync$11(RaftServerImpl.java:893)
	at java.base/java.util.concurrent.CompletableFuture$AsyncSupply.run(CompletableFuture.java:1768)
	... 3 more
Caused by: org.apache.hadoop.hdds.scm.container.common.helpers.ContainerNotOpenException: Container 1 in CLOSED state
	at jdk.internal.reflect.GeneratedConstructorAccessor90.newInstance(Unknown Source)
	at java.base/jdk.internal.reflect.DelegatingConstructorAccessorImpl.newInstance(DelegatingConstructorAccessorImpl.java:45)
	at java.base/java.lang.reflect.Constructor.newInstanceWithCaller(Constructor.java:500)
	at java.base/java.lang.reflect.Constructor.newInstance(Constructor.java:481)
	at org.apache.ratis.util.ReflectionUtils.instantiateException(ReflectionUtils.java:259)
	at org.apache.ratis.client.impl.ClientProtoUtils.toStateMachineException(ClientProtoUtils.java:451)
	at org.apache.ratis.client.impl.ClientProtoUtils.toStateMachineException(ClientProtoUtils.java:437)
	at org.apache.ratis.client.impl.ClientProtoUtils.toRaftClientReply(ClientProtoUtils.java:404)
	at org.apache.ratis.grpc.client.GrpcClientProtocolClient$AsyncStreamObservers$1.onNext(GrpcClientProtocolClient.java:310)
	at org.apache.ratis.grpc.client.GrpcClientProtocolClient$AsyncStreamObservers$1.onNext(GrpcClientProtocolClient.java:305)
	at org.apache.ratis.thirdparty.io.grpc.stub.ClientCalls$StreamObserverToCallListenerAdapter.onMessage(ClientCalls.java:468)
	at org.apache.ratis.thirdparty.io.grpc.ForwardingClientCallListener.onMessage(ForwardingClientCallListener.java:33)
	at org.apache.ratis.thirdparty.io.grpc.internal.ClientCallImpl$ClientStreamListenerImpl$1MessagesAvailable.runInternal(ClientCallImpl.java:660)
	at org.apache.ratis.thirdparty.io.grpc.internal.ClientCallImpl$ClientStreamListenerImpl$1MessagesAvailable.runInContext(ClientCallImpl.java:647)
	at org.apache.ratis.thirdparty.io.grpc.internal.ContextRunnable.run(ContextRunnable.java:37)
	at org.apache.ratis.thirdparty.io.grpc.internal.SerializingExecutor.run(SerializingExecutor.java:133)
	... 3 more
10:19:44.904 [c54b81e8-1f41-41f0-8c11-6d721527725f-client-thread1] ERROR DNAudit - user=null | ip=null | op=PUT_BLOCK {blockData=[blockId=conID: 1 locID: 113750153625600001 bcsId: 0 replicaIndex: null, size=800]} | ret=FAILURE
org.apache.hadoop.hdds.scm.container.common.helpers.ContainerNotOpenException: Container 1 in CLOSED state
	at org.apache.hadoop.ozone.container.common.impl.HddsDispatcher.validateContainerCommand(HddsDispatcher.java:569) ~[hdds-container-service-1.5.0-SNAPSHOT.jar:?]
	at org.apache.hadoop.ozone.container.common.transport.server.ratis.ContainerStateMachine.startTransaction(ContainerStateMachine.java:426) ~[hdds-container-service-1.5.0-SNAPSHOT.jar:?]
	at org.apache.ratis.server.impl.RaftServerImpl.writeAsyncImpl(RaftServerImpl.java:975) ~[ratis-server-3.1.0.jar:3.1.0]
	at org.apache.ratis.server.impl.RaftServerImpl.writeAsync(RaftServerImpl.java:945) ~[ratis-server-3.1.0.jar:3.1.0]
	at org.apache.ratis.server.impl.RaftServerImpl.replyFuture(RaftServerImpl.java:937) ~[ratis-server-3.1.0.jar:3.1.0]
	at org.apache.ratis.server.impl.RaftServerImpl.submitClientRequestAsync(RaftServerImpl.java:912) ~[ratis-server-3.1.0.jar:3.1.0]
	at org.apache.ratis.server.impl.RaftServerImpl.lambda$executeSubmitClientRequestAsync$11(RaftServerImpl.java:893) ~[ratis-server-3.1.0.jar:3.1.0]
	at java.base/java.util.concurrent.CompletableFuture$AsyncSupply.run(CompletableFuture.java:1768) [?:?]
	at java.base/java.util.concurrent.ThreadPoolExecutor.runWorker(ThreadPoolExecutor.java:1136) [?:?]
	at java.base/java.util.concurrent.ThreadPoolExecutor$Worker.run(ThreadPoolExecutor.java:635) [?:?]
	at java.base/java.lang.Thread.run(Thread.java:840) [?:?]
2024-08-15 10:19:44,905 [grpc-default-executor-6] ERROR impl.OrderedAsync (OrderedAsync.java:lambda$send$4(181)) - Failed to send request, message=cmdType: PutBlock
traceID: ""
containerID: 1
datanodeUuid: "6c2c8d64-db13-4196-9e9e-e3b1acb91f99"
putBlock {
  blockData {
    blockID {
      containerID: 1
      localID: 113750153625600001
      blockCommitSequenceId: 0
    }
    metadata {
      key: "TYPE"
      value: "KEY"
    }
    chunks {
      chunkName: "113750153625600001_chunk_1"
      offset: 0
      len: 100
      checksumData {
        type: NONE
        bytesPerChecksum: 16384
      }
    }
    chunks {
      chunkName: "113750153625600001_chunk_2"
      offset: 100
      len: 100
      checksumData {
        type: NONE
        bytesPerChecksum: 16384
      }
    }
    chunks {
      chunkName: "113750153625600001_chunk_3"
      offset: 200
      len: 100
      checksumData {
        type: NONE
        bytesPerChecksum: 16384
      }
    }
    chunks {
      chunkName: "113750153625600001_chunk_4"
      offset: 300
      len: 100
      checksumData {
        type: NONE
        bytesPerChecksum: 16384
      }
    }
    chunks {
      chunkName: "113750153625600001_chunk_5"
      offset: 400
      len: 100
      checksumData {
        type: NONE
        bytesPerChecksum: 16384
      }
    }
    chunks {
      chunkName: "113750153625600001_chunk_6"
      offset: 500
      len: 100
      checksumData {
        type: NONE
        bytesPerChecksum: 16384
      }
    }
    chunks {
      chunkName: "113750153625600001_chunk_7"
      offset: 600
      len: 100
      checksumData {
        type: NONE
        bytesPerChecksum: 16384
      }
    }
    chunks {
      chunkName: "113750153625600001_chunk_8"
      offset: 700
      len: 100
      checksumData {
        type: NONE
        bytesPerChecksum: 16384
      }
    }
  }
  eof: true
}
version: 4
, data.size=0
java.util.concurrent.CompletionException: org.apache.ratis.protocol.exceptions.StateMachineException: org.apache.hadoop.hdds.scm.container.common.helpers.ContainerNotOpenException from Server c54b81e8-1f41-41f0-8c11-6d721527725f@group-788E4CDB4749: Container 1 in CLOSED state
	at org.apache.ratis.client.impl.RaftClientImpl.handleRaftException(RaftClientImpl.java:373)
	at org.apache.ratis.client.impl.OrderedAsync.lambda$send$3(OrderedAsync.java:175)
	at java.base/java.util.concurrent.CompletableFuture$UniApply.tryFire(CompletableFuture.java:646)
	at java.base/java.util.concurrent.CompletableFuture.postComplete(CompletableFuture.java:510)
	at java.base/java.util.concurrent.CompletableFuture.complete(CompletableFuture.java:2147)
	at org.apache.ratis.client.impl.OrderedAsync$PendingOrderedRequest.setReply(OrderedAsync.java:105)
	at org.apache.ratis.client.impl.OrderedAsync$PendingOrderedRequest.setReply(OrderedAsync.java:66)
	at org.apache.ratis.util.SlidingWindow$RequestMap.setReply(SlidingWindow.java:147)
	at org.apache.ratis.util.SlidingWindow$Client.receiveReply(SlidingWindow.java:351)
	at org.apache.ratis.client.impl.OrderedAsync.lambda$sendRequestWithRetry$5(OrderedAsync.java:210)
	at java.base/java.util.concurrent.CompletableFuture$UniAccept.tryFire(CompletableFuture.java:718)
	at java.base/java.util.concurrent.CompletableFuture.postComplete(CompletableFuture.java:510)
	at java.base/java.util.concurrent.CompletableFuture.complete(CompletableFuture.java:2147)
	at org.apache.ratis.grpc.client.GrpcClientProtocolClient$AsyncStreamObservers$1.lambda$onNext$0(GrpcClientProtocolClient.java:322)
	at java.base/java.util.Optional.ifPresent(Optional.java:178)
	at org.apache.ratis.grpc.client.GrpcClientProtocolClient$AsyncStreamObservers.handleReplyFuture(GrpcClientProtocolClient.java:378)
	at org.apache.ratis.grpc.client.GrpcClientProtocolClient$AsyncStreamObservers.access$100(GrpcClientProtocolClient.java:300)
	at org.apache.ratis.grpc.client.GrpcClientProtocolClient$AsyncStreamObservers$1.onNext(GrpcClientProtocolClient.java:322)
	at org.apache.ratis.grpc.client.GrpcClientProtocolClient$AsyncStreamObservers$1.onNext(GrpcClientProtocolClient.java:305)
	at org.apache.ratis.thirdparty.io.grpc.stub.ClientCalls$StreamObserverToCallListenerAdapter.onMessage(ClientCalls.java:468)
	at org.apache.ratis.thirdparty.io.grpc.ForwardingClientCallListener.onMessage(ForwardingClientCallListener.java:33)
	at org.apache.ratis.thirdparty.io.grpc.internal.ClientCallImpl$ClientStreamListenerImpl$1MessagesAvailable.runInternal(ClientCallImpl.java:660)
	at org.apache.ratis.thirdparty.io.grpc.internal.ClientCallImpl$ClientStreamListenerImpl$1MessagesAvailable.runInContext(ClientCallImpl.java:647)
	at org.apache.ratis.thirdparty.io.grpc.internal.ContextRunnable.run(ContextRunnable.java:37)
	at org.apache.ratis.thirdparty.io.grpc.internal.SerializingExecutor.run(SerializingExecutor.java:133)
	at java.base/java.util.concurrent.ThreadPoolExecutor.runWorker(ThreadPoolExecutor.java:1136)
	at java.base/java.util.concurrent.ThreadPoolExecutor$Worker.run(ThreadPoolExecutor.java:635)
	at java.base/java.lang.Thread.run(Thread.java:840)
Caused by: org.apache.ratis.protocol.exceptions.StateMachineException: org.apache.hadoop.hdds.scm.container.common.helpers.ContainerNotOpenException from Server c54b81e8-1f41-41f0-8c11-6d721527725f@group-788E4CDB4749: Container 1 in CLOSED state
	at org.apache.hadoop.ozone.container.common.impl.HddsDispatcher.validateContainerCommand(HddsDispatcher.java:569)
	at org.apache.hadoop.ozone.container.common.transport.server.ratis.ContainerStateMachine.startTransaction(ContainerStateMachine.java:426)
	at org.apache.ratis.server.impl.RaftServerImpl.writeAsyncImpl(RaftServerImpl.java:975)
	at org.apache.ratis.server.impl.RaftServerImpl.writeAsync(RaftServerImpl.java:945)
	at org.apache.ratis.server.impl.RaftServerImpl.replyFuture(RaftServerImpl.java:937)
	at org.apache.ratis.server.impl.RaftServerImpl.submitClientRequestAsync(RaftServerImpl.java:912)
	at org.apache.ratis.server.impl.RaftServerImpl.lambda$executeSubmitClientRequestAsync$11(RaftServerImpl.java:893)
	at java.base/java.util.concurrent.CompletableFuture$AsyncSupply.run(CompletableFuture.java:1768)
	... 3 more
Caused by: org.apache.hadoop.hdds.scm.container.common.helpers.ContainerNotOpenException: Container 1 in CLOSED state
	at jdk.internal.reflect.GeneratedConstructorAccessor90.newInstance(Unknown Source)
	at java.base/jdk.internal.reflect.DelegatingConstructorAccessorImpl.newInstance(DelegatingConstructorAccessorImpl.java:45)
	at java.base/java.lang.reflect.Constructor.newInstanceWithCaller(Constructor.java:500)
	at java.base/java.lang.reflect.Constructor.newInstance(Constructor.java:481)
	at org.apache.ratis.util.ReflectionUtils.instantiateException(ReflectionUtils.java:259)
	at org.apache.ratis.client.impl.ClientProtoUtils.toStateMachineException(ClientProtoUtils.java:451)
	at org.apache.ratis.client.impl.ClientProtoUtils.toStateMachineException(ClientProtoUtils.java:437)
	at org.apache.ratis.client.impl.ClientProtoUtils.toRaftClientReply(ClientProtoUtils.java:404)
	at org.apache.ratis.grpc.client.GrpcClientProtocolClient$AsyncStreamObservers$1.onNext(GrpcClientProtocolClient.java:310)
	at org.apache.ratis.grpc.client.GrpcClientProtocolClient$AsyncStreamObservers$1.onNext(GrpcClientProtocolClient.java:305)
	at org.apache.ratis.thirdparty.io.grpc.stub.ClientCalls$StreamObserverToCallListenerAdapter.onMessage(ClientCalls.java:468)
	at org.apache.ratis.thirdparty.io.grpc.ForwardingClientCallListener.onMessage(ForwardingClientCallListener.java:33)
	at org.apache.ratis.thirdparty.io.grpc.internal.ClientCallImpl$ClientStreamListenerImpl$1MessagesAvailable.runInternal(ClientCallImpl.java:660)
	at org.apache.ratis.thirdparty.io.grpc.internal.ClientCallImpl$ClientStreamListenerImpl$1MessagesAvailable.runInContext(ClientCallImpl.java:647)
	at org.apache.ratis.thirdparty.io.grpc.internal.ContextRunnable.run(ContextRunnable.java:37)
	at org.apache.ratis.thirdparty.io.grpc.internal.SerializingExecutor.run(SerializingExecutor.java:133)
	... 3 more
2024-08-15 10:19:47,476 [main] INFO  scm.XceiverClientRatis (XceiverClientRatis.java:<init>(140)) - WatchType ALL_COMMITTED. Majority 1, 
2024-08-15 10:19:47,506 [EventQueue-CloseContainerForCloseContainerEventHandler] INFO  container.CloseContainerEventHandler (CloseContainerEventHandler.java:onMessage(88)) - Close container Event triggered for container : #3, current state: OPEN
2024-08-15 10:19:50,489 [d4ec432b-f714-4e84-a00f-65ea9c81cd2d-ContainerOp-6e881350-c14d-4e78-a51b-1776c7aa5782-8] INFO  keyvalue.KeyValueContainer (KeyValueContainer.java:flushAndSyncDB(529)) - Container 3 is synced with bcsId 13.
2024-08-15 10:19:50,489 [d4ec432b-f714-4e84-a00f-65ea9c81cd2d-ContainerOp-6e881350-c14d-4e78-a51b-1776c7aa5782-8] INFO  keyvalue.KeyValueContainer (KeyValueContainer.java:flushAndSyncDB(529)) - Container 3 is synced with bcsId 13.
2024-08-15 10:19:50,490 [d4ec432b-f714-4e84-a00f-65ea9c81cd2d-ContainerOp-6e881350-c14d-4e78-a51b-1776c7aa5782-8] INFO  keyvalue.KeyValueContainer (KeyValueContainer.java:close(444)) - Container 3 is closed with bcsId 13.
2024-08-15 10:19:50,491 [FixedThreadPoolWithAffinityExecutor-8-0] INFO  container.IncrementalContainerReportHandler (AbstractContainerReportHandler.java:updateContainerState(312)) - Moving container #3 to CLOSED state, datanode d4ec432b-f714-4e84-a00f-65ea9c81cd2d(localhost/127.0.0.1) reported CLOSED replica with index 0.
10:19:50.508 [d4ec432b-f714-4e84-a00f-65ea9c81cd2d-client-thread2] ERROR DNAudit - user=null | ip=null | op=WRITE_CHUNK {blockData=conID: 3 locID: 113750153625600003 bcsId: 13 replicaIndex: 0, blockDataSize=100} | ret=FAILURE
org.apache.hadoop.hdds.scm.container.common.helpers.ContainerNotOpenException: Container 3 in CLOSED state
	at org.apache.hadoop.ozone.container.common.impl.HddsDispatcher.validateContainerCommand(HddsDispatcher.java:569) ~[hdds-container-service-1.5.0-SNAPSHOT.jar:?]
	at org.apache.hadoop.ozone.container.common.transport.server.ratis.ContainerStateMachine.startTransaction(ContainerStateMachine.java:426) ~[hdds-container-service-1.5.0-SNAPSHOT.jar:?]
	at org.apache.ratis.server.impl.RaftServerImpl.writeAsyncImpl(RaftServerImpl.java:975) ~[ratis-server-3.1.0.jar:3.1.0]
	at org.apache.ratis.server.impl.RaftServerImpl.writeAsync(RaftServerImpl.java:945) ~[ratis-server-3.1.0.jar:3.1.0]
	at org.apache.ratis.server.impl.RaftServerImpl.replyFuture(RaftServerImpl.java:937) ~[ratis-server-3.1.0.jar:3.1.0]
	at org.apache.ratis.server.impl.RaftServerImpl.submitClientRequestAsync(RaftServerImpl.java:912) ~[ratis-server-3.1.0.jar:3.1.0]
	at org.apache.ratis.server.impl.RaftServerImpl.lambda$executeSubmitClientRequestAsync$11(RaftServerImpl.java:893) ~[ratis-server-3.1.0.jar:3.1.0]
	at java.base/java.util.concurrent.CompletableFuture$AsyncSupply.run(CompletableFuture.java:1768) [?:?]
	at java.base/java.util.concurrent.ThreadPoolExecutor.runWorker(ThreadPoolExecutor.java:1136) [?:?]
	at java.base/java.util.concurrent.ThreadPoolExecutor$Worker.run(ThreadPoolExecutor.java:635) [?:?]
	at java.base/java.lang.Thread.run(Thread.java:840) [?:?]
10:19:50.509 [d4ec432b-f714-4e84-a00f-65ea9c81cd2d-client-thread2] ERROR DNAudit - user=null | ip=null | op=WRITE_CHUNK {blockData=conID: 3 locID: 113750153625600003 bcsId: 13 replicaIndex: 0, blockDataSize=100} | ret=FAILURE
org.apache.hadoop.hdds.scm.container.common.helpers.ContainerNotOpenException: Container 3 in CLOSED state
	at org.apache.hadoop.ozone.container.common.impl.HddsDispatcher.validateContainerCommand(HddsDispatcher.java:569) ~[hdds-container-service-1.5.0-SNAPSHOT.jar:?]
	at org.apache.hadoop.ozone.container.common.transport.server.ratis.ContainerStateMachine.startTransaction(ContainerStateMachine.java:426) ~[hdds-container-service-1.5.0-SNAPSHOT.jar:?]
	at org.apache.ratis.server.impl.RaftServerImpl.writeAsyncImpl(RaftServerImpl.java:975) ~[ratis-server-3.1.0.jar:3.1.0]
	at org.apache.ratis.server.impl.RaftServerImpl.writeAsync(RaftServerImpl.java:945) ~[ratis-server-3.1.0.jar:3.1.0]
	at org.apache.ratis.server.impl.RaftServerImpl.replyFuture(RaftServerImpl.java:937) ~[ratis-server-3.1.0.jar:3.1.0]
	at org.apache.ratis.server.impl.RaftServerImpl.submitClientRequestAsync(RaftServerImpl.java:912) ~[ratis-server-3.1.0.jar:3.1.0]
	at org.apache.ratis.server.impl.RaftServerImpl.lambda$executeSubmitClientRequestAsync$11(RaftServerImpl.java:893) ~[ratis-server-3.1.0.jar:3.1.0]
	at java.base/java.util.concurrent.CompletableFuture$AsyncSupply.run(CompletableFuture.java:1768) [?:?]
	at java.base/java.util.concurrent.ThreadPoolExecutor.runWorker(ThreadPoolExecutor.java:1136) [?:?]
	at java.base/java.util.concurrent.ThreadPoolExecutor$Worker.run(ThreadPoolExecutor.java:635) [?:?]
	at java.base/java.lang.Thread.run(Thread.java:840) [?:?]
2024-08-15 10:19:50,509 [grpc-default-executor-6] ERROR impl.OrderedAsync (OrderedAsync.java:lambda$send$4(181)) - Failed to send request, message=cmdType: WriteChunk
traceID: ""
containerID: 3
datanodeUuid: "d4ec432b-f714-4e84-a00f-65ea9c81cd2d"
writeChunk {
  blockID {
    containerID: 3
    localID: 113750153625600003
    blockCommitSequenceId: 13
    replicaIndex: 0
  }
  chunkData {
    chunkName: "113750153625600003_chunk_6"
    offset: 500
    len: 100
    checksumData {
      type: NONE
      bytesPerChecksum: 16384
    }
  }
}
version: 4
, data.size=100
java.util.concurrent.CompletionException: org.apache.ratis.protocol.exceptions.StateMachineException: org.apache.hadoop.hdds.scm.container.common.helpers.ContainerNotOpenException from Server d4ec432b-f714-4e84-a00f-65ea9c81cd2d@group-1776C7AA5782: Container 3 in CLOSED state
	at org.apache.ratis.client.impl.RaftClientImpl.handleRaftException(RaftClientImpl.java:373)
	at org.apache.ratis.client.impl.OrderedAsync.lambda$send$3(OrderedAsync.java:175)
	at java.base/java.util.concurrent.CompletableFuture$UniApply.tryFire(CompletableFuture.java:646)
	at java.base/java.util.concurrent.CompletableFuture.postComplete(CompletableFuture.java:510)
	at java.base/java.util.concurrent.CompletableFuture.complete(CompletableFuture.java:2147)
	at org.apache.ratis.client.impl.OrderedAsync$PendingOrderedRequest.setReply(OrderedAsync.java:105)
	at org.apache.ratis.client.impl.OrderedAsync$PendingOrderedRequest.setReply(OrderedAsync.java:66)
	at org.apache.ratis.util.SlidingWindow$RequestMap.setReply(SlidingWindow.java:147)
	at org.apache.ratis.util.SlidingWindow$Client.receiveReply(SlidingWindow.java:351)
	at org.apache.ratis.client.impl.OrderedAsync.lambda$sendRequestWithRetry$5(OrderedAsync.java:210)
	at java.base/java.util.concurrent.CompletableFuture$UniAccept.tryFire(CompletableFuture.java:718)
	at java.base/java.util.concurrent.CompletableFuture.postComplete(CompletableFuture.java:510)
	at java.base/java.util.concurrent.CompletableFuture.complete(CompletableFuture.java:2147)
	at org.apache.ratis.grpc.client.GrpcClientProtocolClient$AsyncStreamObservers$1.lambda$onNext$0(GrpcClientProtocolClient.java:322)
	at java.base/java.util.Optional.ifPresent(Optional.java:178)
	at org.apache.ratis.grpc.client.GrpcClientProtocolClient$AsyncStreamObservers.handleReplyFuture(GrpcClientProtocolClient.java:378)
	at org.apache.ratis.grpc.client.GrpcClientProtocolClient$AsyncStreamObservers.access$100(GrpcClientProtocolClient.java:300)
	at org.apache.ratis.grpc.client.GrpcClientProtocolClient$AsyncStreamObservers$1.onNext(GrpcClientProtocolClient.java:322)
	at org.apache.ratis.grpc.client.GrpcClientProtocolClient$AsyncStreamObservers$1.onNext(GrpcClientProtocolClient.java:305)
	at org.apache.ratis.thirdparty.io.grpc.stub.ClientCalls$StreamObserverToCallListenerAdapter.onMessage(ClientCalls.java:468)
	at org.apache.ratis.thirdparty.io.grpc.ForwardingClientCallListener.onMessage(ForwardingClientCallListener.java:33)
	at org.apache.ratis.thirdparty.io.grpc.internal.ClientCallImpl$ClientStreamListenerImpl$1MessagesAvailable.runInternal(ClientCallImpl.java:660)
	at org.apache.ratis.thirdparty.io.grpc.internal.ClientCallImpl$ClientStreamListenerImpl$1MessagesAvailable.runInContext(ClientCallImpl.java:647)
	at org.apache.ratis.thirdparty.io.grpc.internal.ContextRunnable.run(ContextRunnable.java:37)
	at org.apache.ratis.thirdparty.io.grpc.internal.SerializingExecutor.run(SerializingExecutor.java:133)
	at java.base/java.util.concurrent.ThreadPoolExecutor.runWorker(ThreadPoolExecutor.java:1136)
	at java.base/java.util.concurrent.ThreadPoolExecutor$Worker.run(ThreadPoolExecutor.java:635)
	at java.base/java.lang.Thread.run(Thread.java:840)
Caused by: org.apache.ratis.protocol.exceptions.StateMachineException: org.apache.hadoop.hdds.scm.container.common.helpers.ContainerNotOpenException from Server d4ec432b-f714-4e84-a00f-65ea9c81cd2d@group-1776C7AA5782: Container 3 in CLOSED state
	at org.apache.hadoop.ozone.container.common.impl.HddsDispatcher.validateContainerCommand(HddsDispatcher.java:569)
	at org.apache.hadoop.ozone.container.common.transport.server.ratis.ContainerStateMachine.startTransaction(ContainerStateMachine.java:426)
	at org.apache.ratis.server.impl.RaftServerImpl.writeAsyncImpl(RaftServerImpl.java:975)
	at org.apache.ratis.server.impl.RaftServerImpl.writeAsync(RaftServerImpl.java:945)
	at org.apache.ratis.server.impl.RaftServerImpl.replyFuture(RaftServerImpl.java:937)
	at org.apache.ratis.server.impl.RaftServerImpl.submitClientRequestAsync(RaftServerImpl.java:912)
	at org.apache.ratis.server.impl.RaftServerImpl.lambda$executeSubmitClientRequestAsync$11(RaftServerImpl.java:893)
	at java.base/java.util.concurrent.CompletableFuture$AsyncSupply.run(CompletableFuture.java:1768)
	... 3 more
Caused by: org.apache.hadoop.hdds.scm.container.common.helpers.ContainerNotOpenException: Container 3 in CLOSED state
	at jdk.internal.reflect.GeneratedConstructorAccessor90.newInstance(Unknown Source)
	at java.base/jdk.internal.reflect.DelegatingConstructorAccessorImpl.newInstance(DelegatingConstructorAccessorImpl.java:45)
	at java.base/java.lang.reflect.Constructor.newInstanceWithCaller(Constructor.java:500)
	at java.base/java.lang.reflect.Constructor.newInstance(Constructor.java:481)
	at org.apache.ratis.util.ReflectionUtils.instantiateException(ReflectionUtils.java:259)
	at org.apache.ratis.client.impl.ClientProtoUtils.toStateMachineException(ClientProtoUtils.java:451)
	at org.apache.ratis.client.impl.ClientProtoUtils.toStateMachineException(ClientProtoUtils.java:437)
	at org.apache.ratis.client.impl.ClientProtoUtils.toRaftClientReply(ClientProtoUtils.java:404)
	at org.apache.ratis.grpc.client.GrpcClientProtocolClient$AsyncStreamObservers$1.onNext(GrpcClientProtocolClient.java:310)
	at org.apache.ratis.grpc.client.GrpcClientProtocolClient$AsyncStreamObservers$1.onNext(GrpcClientProtocolClient.java:305)
	at org.apache.ratis.thirdparty.io.grpc.stub.ClientCalls$StreamObserverToCallListenerAdapter.onMessage(ClientCalls.java:468)
	at org.apache.ratis.thirdparty.io.grpc.ForwardingClientCallListener.onMessage(ForwardingClientCallListener.java:33)
	at org.apache.ratis.thirdparty.io.grpc.internal.ClientCallImpl$ClientStreamListenerImpl$1MessagesAvailable.runInternal(ClientCallImpl.java:660)
	at org.apache.ratis.thirdparty.io.grpc.internal.ClientCallImpl$ClientStreamListenerImpl$1MessagesAvailable.runInContext(ClientCallImpl.java:647)
	at org.apache.ratis.thirdparty.io.grpc.internal.ContextRunnable.run(ContextRunnable.java:37)
	at org.apache.ratis.thirdparty.io.grpc.internal.SerializingExecutor.run(SerializingExecutor.java:133)
	... 3 more
2024-08-15 10:19:50,510 [grpc-default-executor-2] ERROR impl.OrderedAsync (OrderedAsync.java:lambda$send$4(181)) - Failed to send request, message=cmdType: WriteChunk
traceID: ""
containerID: 3
datanodeUuid: "d4ec432b-f714-4e84-a00f-65ea9c81cd2d"
writeChunk {
  blockID {
    containerID: 3
    localID: 113750153625600003
    blockCommitSequenceId: 13
    replicaIndex: 0
  }
  chunkData {
    chunkName: "113750153625600003_chunk_7"
    offset: 600
    len: 100
    checksumData {
      type: NONE
      bytesPerChecksum: 16384
    }
  }
}
version: 4
, data.size=100
java.util.concurrent.CompletionException: org.apache.ratis.protocol.exceptions.StateMachineException: org.apache.hadoop.hdds.scm.container.common.helpers.ContainerNotOpenException from Server d4ec432b-f714-4e84-a00f-65ea9c81cd2d@group-1776C7AA5782: Container 3 in CLOSED state
	at org.apache.ratis.client.impl.RaftClientImpl.handleRaftException(RaftClientImpl.java:373)
	at org.apache.ratis.client.impl.OrderedAsync.lambda$send$3(OrderedAsync.java:175)
	at java.base/java.util.concurrent.CompletableFuture$UniApply.tryFire(CompletableFuture.java:646)
	at java.base/java.util.concurrent.CompletableFuture.postComplete(CompletableFuture.java:510)
	at java.base/java.util.concurrent.CompletableFuture.complete(CompletableFuture.java:2147)
	at org.apache.ratis.client.impl.OrderedAsync$PendingOrderedRequest.setReply(OrderedAsync.java:105)
	at org.apache.ratis.client.impl.OrderedAsync$PendingOrderedRequest.setReply(OrderedAsync.java:66)
	at org.apache.ratis.util.SlidingWindow$RequestMap.setReply(SlidingWindow.java:147)
	at org.apache.ratis.util.SlidingWindow$Client.receiveReply(SlidingWindow.java:351)
	at org.apache.ratis.client.impl.OrderedAsync.lambda$sendRequestWithRetry$5(OrderedAsync.java:210)
	at java.base/java.util.concurrent.CompletableFuture$UniAccept.tryFire(CompletableFuture.java:718)
	at java.base/java.util.concurrent.CompletableFuture.postComplete(CompletableFuture.java:510)
	at java.base/java.util.concurrent.CompletableFuture.complete(CompletableFuture.java:2147)
	at org.apache.ratis.grpc.client.GrpcClientProtocolClient$AsyncStreamObservers$1.lambda$onNext$0(GrpcClientProtocolClient.java:322)
	at java.base/java.util.Optional.ifPresent(Optional.java:178)
	at org.apache.ratis.grpc.client.GrpcClientProtocolClient$AsyncStreamObservers.handleReplyFuture(GrpcClientProtocolClient.java:378)
	at org.apache.ratis.grpc.client.GrpcClientProtocolClient$AsyncStreamObservers.access$100(GrpcClientProtocolClient.java:300)
	at org.apache.ratis.grpc.client.GrpcClientProtocolClient$AsyncStreamObservers$1.onNext(GrpcClientProtocolClient.java:322)
	at org.apache.ratis.grpc.client.GrpcClientProtocolClient$AsyncStreamObservers$1.onNext(GrpcClientProtocolClient.java:305)
	at org.apache.ratis.thirdparty.io.grpc.stub.ClientCalls$StreamObserverToCallListenerAdapter.onMessage(ClientCalls.java:468)
	at org.apache.ratis.thirdparty.io.grpc.ForwardingClientCallListener.onMessage(ForwardingClientCallListener.java:33)
	at org.apache.ratis.thirdparty.io.grpc.internal.ClientCallImpl$ClientStreamListenerImpl$1MessagesAvailable.runInternal(ClientCallImpl.java:660)
	at org.apache.ratis.thirdparty.io.grpc.internal.ClientCallImpl$ClientStreamListenerImpl$1MessagesAvailable.runInContext(ClientCallImpl.java:647)
	at org.apache.ratis.thirdparty.io.grpc.internal.ContextRunnable.run(ContextRunnable.java:37)
	at org.apache.ratis.thirdparty.io.grpc.internal.SerializingExecutor.run(SerializingExecutor.java:133)
	at java.base/java.util.concurrent.ThreadPoolExecutor.runWorker(ThreadPoolExecutor.java:1136)
	at java.base/java.util.concurrent.ThreadPoolExecutor$Worker.run(ThreadPoolExecutor.java:635)
	at java.base/java.lang.Thread.run(Thread.java:840)
Caused by: org.apache.ratis.protocol.exceptions.StateMachineException: org.apache.hadoop.hdds.scm.container.common.helpers.ContainerNotOpenException from Server d4ec432b-f714-4e84-a00f-65ea9c81cd2d@group-1776C7AA5782: Container 3 in CLOSED state
	at org.apache.hadoop.ozone.container.common.impl.HddsDispatcher.validateContainerCommand(HddsDispatcher.java:569)
	at org.apache.hadoop.ozone.container.common.transport.server.ratis.ContainerStateMachine.startTransaction(ContainerStateMachine.java:426)
	at org.apache.ratis.server.impl.RaftServerImpl.writeAsyncImpl(RaftServerImpl.java:975)
	at org.apache.ratis.server.impl.RaftServerImpl.writeAsync(RaftServerImpl.java:945)
	at org.apache.ratis.server.impl.RaftServerImpl.replyFuture(RaftServerImpl.java:937)
	at org.apache.ratis.server.impl.RaftServerImpl.submitClientRequestAsync(RaftServerImpl.java:912)
	at org.apache.ratis.server.impl.RaftServerImpl.lambda$executeSubmitClientRequestAsync$11(RaftServerImpl.java:893)
	at java.base/java.util.concurrent.CompletableFuture$AsyncSupply.run(CompletableFuture.java:1768)
	... 3 more
Caused by: org.apache.hadoop.hdds.scm.container.common.helpers.ContainerNotOpenException: Container 3 in CLOSED state
	at jdk.internal.reflect.GeneratedConstructorAccessor90.newInstance(Unknown Source)
	at java.base/jdk.internal.reflect.DelegatingConstructorAccessorImpl.newInstance(DelegatingConstructorAccessorImpl.java:45)
	at java.base/java.lang.reflect.Constructor.newInstanceWithCaller(Constructor.java:500)
	at java.base/java.lang.reflect.Constructor.newInstance(Constructor.java:481)
	at org.apache.ratis.util.ReflectionUtils.instantiateException(ReflectionUtils.java:259)
	at org.apache.ratis.client.impl.ClientProtoUtils.toStateMachineException(ClientProtoUtils.java:451)
	at org.apache.ratis.client.impl.ClientProtoUtils.toStateMachineException(ClientProtoUtils.java:437)
	at org.apache.ratis.client.impl.ClientProtoUtils.toRaftClientReply(ClientProtoUtils.java:404)
	at org.apache.ratis.grpc.client.GrpcClientProtocolClient$AsyncStreamObservers$1.onNext(GrpcClientProtocolClient.java:310)
	at org.apache.ratis.grpc.client.GrpcClientProtocolClient$AsyncStreamObservers$1.onNext(GrpcClientProtocolClient.java:305)
	at org.apache.ratis.thirdparty.io.grpc.stub.ClientCalls$StreamObserverToCallListenerAdapter.onMessage(ClientCalls.java:468)
	at org.apache.ratis.thirdparty.io.grpc.ForwardingClientCallListener.onMessage(ForwardingClientCallListener.java:33)
	at org.apache.ratis.thirdparty.io.grpc.internal.ClientCallImpl$ClientStreamListenerImpl$1MessagesAvailable.runInternal(ClientCallImpl.java:660)
	at org.apache.ratis.thirdparty.io.grpc.internal.ClientCallImpl$ClientStreamListenerImpl$1MessagesAvailable.runInContext(ClientCallImpl.java:647)
	at org.apache.ratis.thirdparty.io.grpc.internal.ContextRunnable.run(ContextRunnable.java:37)
	at org.apache.ratis.thirdparty.io.grpc.internal.SerializingExecutor.run(SerializingExecutor.java:133)
	... 3 more
10:19:50.513 [d4ec432b-f714-4e84-a00f-65ea9c81cd2d-client-thread2] ERROR DNAudit - user=null | ip=null | op=PUT_BLOCK {blockData=[blockId=conID: 3 locID: 113750153625600003 bcsId: 0 replicaIndex: null, size=700]} | ret=FAILURE
org.apache.hadoop.hdds.scm.container.common.helpers.ContainerNotOpenException: Container 3 in CLOSED state
	at org.apache.hadoop.ozone.container.common.impl.HddsDispatcher.validateContainerCommand(HddsDispatcher.java:569) ~[hdds-container-service-1.5.0-SNAPSHOT.jar:?]
	at org.apache.hadoop.ozone.container.common.transport.server.ratis.ContainerStateMachine.startTransaction(ContainerStateMachine.java:426) ~[hdds-container-service-1.5.0-SNAPSHOT.jar:?]
	at org.apache.ratis.server.impl.RaftServerImpl.writeAsyncImpl(RaftServerImpl.java:975) ~[ratis-server-3.1.0.jar:3.1.0]
	at org.apache.ratis.server.impl.RaftServerImpl.writeAsync(RaftServerImpl.java:945) ~[ratis-server-3.1.0.jar:3.1.0]
	at org.apache.ratis.server.impl.RaftServerImpl.replyFuture(RaftServerImpl.java:937) ~[ratis-server-3.1.0.jar:3.1.0]
	at org.apache.ratis.server.impl.RaftServerImpl.submitClientRequestAsync(RaftServerImpl.java:912) ~[ratis-server-3.1.0.jar:3.1.0]
	at org.apache.ratis.server.impl.RaftServerImpl.lambda$executeSubmitClientRequestAsync$11(RaftServerImpl.java:893) ~[ratis-server-3.1.0.jar:3.1.0]
	at java.base/java.util.concurrent.CompletableFuture$AsyncSupply.run(CompletableFuture.java:1768) [?:?]
	at java.base/java.util.concurrent.ThreadPoolExecutor.runWorker(ThreadPoolExecutor.java:1136) [?:?]
	at java.base/java.util.concurrent.ThreadPoolExecutor$Worker.run(ThreadPoolExecutor.java:635) [?:?]
	at java.base/java.lang.Thread.run(Thread.java:840) [?:?]
10:19:50.514 [d4ec432b-f714-4e84-a00f-65ea9c81cd2d-client-thread2] ERROR DNAudit - user=null | ip=null | op=WRITE_CHUNK {blockData=conID: 3 locID: 113750153625600003 bcsId: 13 replicaIndex: 0, blockDataSize=100} | ret=FAILURE
org.apache.hadoop.hdds.scm.container.common.helpers.ContainerNotOpenException: Container 3 in CLOSED state
	at org.apache.hadoop.ozone.container.common.impl.HddsDispatcher.validateContainerCommand(HddsDispatcher.java:569) ~[hdds-container-service-1.5.0-SNAPSHOT.jar:?]
	at org.apache.hadoop.ozone.container.common.transport.server.ratis.ContainerStateMachine.startTransaction(ContainerStateMachine.java:426) ~[hdds-container-service-1.5.0-SNAPSHOT.jar:?]
	at org.apache.ratis.server.impl.RaftServerImpl.writeAsyncImpl(RaftServerImpl.java:975) ~[ratis-server-3.1.0.jar:3.1.0]
	at org.apache.ratis.server.impl.RaftServerImpl.writeAsync(RaftServerImpl.java:945) ~[ratis-server-3.1.0.jar:3.1.0]
	at org.apache.ratis.server.impl.RaftServerImpl.replyFuture(RaftServerImpl.java:937) ~[ratis-server-3.1.0.jar:3.1.0]
	at org.apache.ratis.server.impl.RaftServerImpl.submitClientRequestAsync(RaftServerImpl.java:912) ~[ratis-server-3.1.0.jar:3.1.0]
	at org.apache.ratis.server.impl.RaftServerImpl.lambda$executeSubmitClientRequestAsync$11(RaftServerImpl.java:893) ~[ratis-server-3.1.0.jar:3.1.0]
	at java.base/java.util.concurrent.CompletableFuture$AsyncSupply.run(CompletableFuture.java:1768) [?:?]
	at java.base/java.util.concurrent.ThreadPoolExecutor.runWorker(ThreadPoolExecutor.java:1136) [?:?]
	at java.base/java.util.concurrent.ThreadPoolExecutor$Worker.run(ThreadPoolExecutor.java:635) [?:?]
	at java.base/java.lang.Thread.run(Thread.java:840) [?:?]
2024-08-15 10:19:50,514 [grpc-default-executor-2] ERROR impl.OrderedAsync (OrderedAsync.java:lambda$send$4(181)) - Failed to send request, message=cmdType: PutBlock
traceID: ""
containerID: 3
datanodeUuid: "d4ec432b-f714-4e84-a00f-65ea9c81cd2d"
putBlock {
  blockData {
    blockID {
      containerID: 3
      localID: 113750153625600003
      blockCommitSequenceId: 0
    }
    metadata {
      key: "TYPE"
      value: "KEY"
    }
    chunks {
      chunkName: "113750153625600003_chunk_1"
      offset: 0
      len: 100
      checksumData {
        type: NONE
        bytesPerChecksum: 16384
      }
    }
    chunks {
      chunkName: "113750153625600003_chunk_2"
      offset: 100
      len: 100
      checksumData {
        type: NONE
        bytesPerChecksum: 16384
      }
    }
    chunks {
      chunkName: "113750153625600003_chunk_3"
      offset: 200
      len: 100
      checksumData {
        type: NONE
        bytesPerChecksum: 16384
      }
    }
    chunks {
      chunkName: "113750153625600003_chunk_4"
      offset: 300
      len: 100
      checksumData {
        type: NONE
        bytesPerChecksum: 16384
      }
    }
    chunks {
      chunkName: "113750153625600003_chunk_5"
      offset: 400
      len: 100
      checksumData {
        type: NONE
        bytesPerChecksum: 16384
      }
    }
    chunks {
      chunkName: "113750153625600003_chunk_6"
      offset: 500
      len: 100
      checksumData {
        type: NONE
        bytesPerChecksum: 16384
      }
    }
    chunks {
      chunkName: "113750153625600003_chunk_7"
      offset: 600
      len: 100
      checksumData {
        type: NONE
        bytesPerChecksum: 16384
      }
    }
  }
  eof: false
}
version: 4
, data.size=0
java.util.concurrent.CompletionException: org.apache.ratis.protocol.exceptions.StateMachineException: org.apache.hadoop.hdds.scm.container.common.helpers.ContainerNotOpenException from Server d4ec432b-f714-4e84-a00f-65ea9c81cd2d@group-1776C7AA5782: Container 3 in CLOSED state
	at org.apache.ratis.client.impl.RaftClientImpl.handleRaftException(RaftClientImpl.java:373)
	at org.apache.ratis.client.impl.OrderedAsync.lambda$send$3(OrderedAsync.java:175)
	at java.base/java.util.concurrent.CompletableFuture$UniApply.tryFire(CompletableFuture.java:646)
	at java.base/java.util.concurrent.CompletableFuture.postComplete(CompletableFuture.java:510)
	at java.base/java.util.concurrent.CompletableFuture.complete(CompletableFuture.java:2147)
	at org.apache.ratis.client.impl.OrderedAsync$PendingOrderedRequest.setReply(OrderedAsync.java:105)
	at org.apache.ratis.client.impl.OrderedAsync$PendingOrderedRequest.setReply(OrderedAsync.java:66)
	at org.apache.ratis.util.SlidingWindow$RequestMap.setReply(SlidingWindow.java:147)
	at org.apache.ratis.util.SlidingWindow$Client.receiveReply(SlidingWindow.java:351)
	at org.apache.ratis.client.impl.OrderedAsync.lambda$sendRequestWithRetry$5(OrderedAsync.java:210)
	at java.base/java.util.concurrent.CompletableFuture$UniAccept.tryFire(CompletableFuture.java:718)
	at java.base/java.util.concurrent.CompletableFuture.postComplete(CompletableFuture.java:510)
	at java.base/java.util.concurrent.CompletableFuture.complete(CompletableFuture.java:2147)
	at org.apache.ratis.grpc.client.GrpcClientProtocolClient$AsyncStreamObservers$1.lambda$onNext$0(GrpcClientProtocolClient.java:322)
	at java.base/java.util.Optional.ifPresent(Optional.java:178)
	at org.apache.ratis.grpc.client.GrpcClientProtocolClient$AsyncStreamObservers.handleReplyFuture(GrpcClientProtocolClient.java:378)
	at org.apache.ratis.grpc.client.GrpcClientProtocolClient$AsyncStreamObservers.access$100(GrpcClientProtocolClient.java:300)
	at org.apache.ratis.grpc.client.GrpcClientProtocolClient$AsyncStreamObservers$1.onNext(GrpcClientProtocolClient.java:322)
	at org.apache.ratis.grpc.client.GrpcClientProtocolClient$AsyncStreamObservers$1.onNext(GrpcClientProtocolClient.java:305)
	at org.apache.ratis.thirdparty.io.grpc.stub.ClientCalls$StreamObserverToCallListenerAdapter.onMessage(ClientCalls.java:468)
	at org.apache.ratis.thirdparty.io.grpc.ForwardingClientCallListener.onMessage(ForwardingClientCallListener.java:33)
	at org.apache.ratis.thirdparty.io.grpc.internal.ClientCallImpl$ClientStreamListenerImpl$1MessagesAvailable.runInternal(ClientCallImpl.java:660)
	at org.apache.ratis.thirdparty.io.grpc.internal.ClientCallImpl$ClientStreamListenerImpl$1MessagesAvailable.runInContext(ClientCallImpl.java:647)
	at org.apache.ratis.thirdparty.io.grpc.internal.ContextRunnable.run(ContextRunnable.java:37)
	at org.apache.ratis.thirdparty.io.grpc.internal.SerializingExecutor.run(SerializingExecutor.java:133)
	at java.base/java.util.concurrent.ThreadPoolExecutor.runWorker(ThreadPoolExecutor.java:1136)
	at java.base/java.util.concurrent.ThreadPoolExecutor$Worker.run(ThreadPoolExecutor.java:635)
	at java.base/java.lang.Thread.run(Thread.java:840)
Caused by: org.apache.ratis.protocol.exceptions.StateMachineException: org.apache.hadoop.hdds.scm.container.common.helpers.ContainerNotOpenException from Server d4ec432b-f714-4e84-a00f-65ea9c81cd2d@group-1776C7AA5782: Container 3 in CLOSED state
	at org.apache.hadoop.ozone.container.common.impl.HddsDispatcher.validateContainerCommand(HddsDispatcher.java:569)
	at org.apache.hadoop.ozone.container.common.transport.server.ratis.ContainerStateMachine.startTransaction(ContainerStateMachine.java:426)
	at org.apache.ratis.server.impl.RaftServerImpl.writeAsyncImpl(RaftServerImpl.java:975)
	at org.apache.ratis.server.impl.RaftServerImpl.writeAsync(RaftServerImpl.java:945)
	at org.apache.ratis.server.impl.RaftServerImpl.replyFuture(RaftServerImpl.java:937)
	at org.apache.ratis.server.impl.RaftServerImpl.submitClientRequestAsync(RaftServerImpl.java:912)
	at org.apache.ratis.server.impl.RaftServerImpl.lambda$executeSubmitClientRequestAsync$11(RaftServerImpl.java:893)
	at java.base/java.util.concurrent.CompletableFuture$AsyncSupply.run(CompletableFuture.java:1768)
	... 3 more
Caused by: org.apache.hadoop.hdds.scm.container.common.helpers.ContainerNotOpenException: Container 3 in CLOSED state
	at jdk.internal.reflect.GeneratedConstructorAccessor90.newInstance(Unknown Source)
	at java.base/jdk.internal.reflect.DelegatingConstructorAccessorImpl.newInstance(DelegatingConstructorAccessorImpl.java:45)
	at java.base/java.lang.reflect.Constructor.newInstanceWithCaller(Constructor.java:500)
	at java.base/java.lang.reflect.Constructor.newInstance(Constructor.java:481)
	at org.apache.ratis.util.ReflectionUtils.instantiateException(ReflectionUtils.java:259)
	at org.apache.ratis.client.impl.ClientProtoUtils.toStateMachineException(ClientProtoUtils.java:451)
	at org.apache.ratis.client.impl.ClientProtoUtils.toStateMachineException(ClientProtoUtils.java:437)
	at org.apache.ratis.client.impl.ClientProtoUtils.toRaftClientReply(ClientProtoUtils.java:404)
	at org.apache.ratis.grpc.client.GrpcClientProtocolClient$AsyncStreamObservers$1.onNext(GrpcClientProtocolClient.java:310)
	at org.apache.ratis.grpc.client.GrpcClientProtocolClient$AsyncStreamObservers$1.onNext(GrpcClientProtocolClient.java:305)
	at org.apache.ratis.thirdparty.io.grpc.stub.ClientCalls$StreamObserverToCallListenerAdapter.onMessage(ClientCalls.java:468)
	at org.apache.ratis.thirdparty.io.grpc.ForwardingClientCallListener.onMessage(ForwardingClientCallListener.java:33)
	at org.apache.ratis.thirdparty.io.grpc.internal.ClientCallImpl$ClientStreamListenerImpl$1MessagesAvailable.runInternal(ClientCallImpl.java:660)
	at org.apache.ratis.thirdparty.io.grpc.internal.ClientCallImpl$ClientStreamListenerImpl$1MessagesAvailable.runInContext(ClientCallImpl.java:647)
	at org.apache.ratis.thirdparty.io.grpc.internal.ContextRunnable.run(ContextRunnable.java:37)
	at org.apache.ratis.thirdparty.io.grpc.internal.SerializingExecutor.run(SerializingExecutor.java:133)
	... 3 more
10:19:50.515 [d4ec432b-f714-4e84-a00f-65ea9c81cd2d-client-thread2] ERROR DNAudit - user=null | ip=null | op=PUT_BLOCK {blockData=[blockId=conID: 3 locID: 113750153625600003 bcsId: 0 replicaIndex: null, size=800]} | ret=FAILURE
org.apache.hadoop.hdds.scm.container.common.helpers.ContainerNotOpenException: Container 3 in CLOSED state
	at org.apache.hadoop.ozone.container.common.impl.HddsDispatcher.validateContainerCommand(HddsDispatcher.java:569) ~[hdds-container-service-1.5.0-SNAPSHOT.jar:?]
	at org.apache.hadoop.ozone.container.common.transport.server.ratis.ContainerStateMachine.startTransaction(ContainerStateMachine.java:426) ~[hdds-container-service-1.5.0-SNAPSHOT.jar:?]
	at org.apache.ratis.server.impl.RaftServerImpl.writeAsyncImpl(RaftServerImpl.java:975) ~[ratis-server-3.1.0.jar:3.1.0]
	at org.apache.ratis.server.impl.RaftServerImpl.writeAsync(RaftServerImpl.java:945) ~[ratis-server-3.1.0.jar:3.1.0]
	at org.apache.ratis.server.impl.RaftServerImpl.replyFuture(RaftServerImpl.java:937) ~[ratis-server-3.1.0.jar:3.1.0]
	at org.apache.ratis.server.impl.RaftServerImpl.submitClientRequestAsync(RaftServerImpl.java:912) ~[ratis-server-3.1.0.jar:3.1.0]
	at org.apache.ratis.server.impl.RaftServerImpl.lambda$executeSubmitClientRequestAsync$11(RaftServerImpl.java:893) ~[ratis-server-3.1.0.jar:3.1.0]
	at java.base/java.util.concurrent.CompletableFuture$AsyncSupply.run(CompletableFuture.java:1768) [?:?]
	at java.base/java.util.concurrent.ThreadPoolExecutor.runWorker(ThreadPoolExecutor.java:1136) [?:?]
	at java.base/java.util.concurrent.ThreadPoolExecutor$Worker.run(ThreadPoolExecutor.java:635) [?:?]
	at java.base/java.lang.Thread.run(Thread.java:840) [?:?]
2024-08-15 10:19:50,515 [grpc-default-executor-6] ERROR impl.OrderedAsync (OrderedAsync.java:lambda$send$4(181)) - Failed to send request, message=cmdType: WriteChunk
traceID: ""
containerID: 3
datanodeUuid: "d4ec432b-f714-4e84-a00f-65ea9c81cd2d"
writeChunk {
  blockID {
    containerID: 3
    localID: 113750153625600003
    blockCommitSequenceId: 13
    replicaIndex: 0
  }
  chunkData {
    chunkName: "113750153625600003_chunk_8"
    offset: 700
    len: 100
    checksumData {
      type: NONE
      bytesPerChecksum: 16384
    }
  }
}
version: 4
, data.size=100
java.util.concurrent.CompletionException: org.apache.ratis.protocol.exceptions.StateMachineException: org.apache.hadoop.hdds.scm.container.common.helpers.ContainerNotOpenException from Server d4ec432b-f714-4e84-a00f-65ea9c81cd2d@group-1776C7AA5782: Container 3 in CLOSED state
	at org.apache.ratis.client.impl.RaftClientImpl.handleRaftException(RaftClientImpl.java:373)
	at org.apache.ratis.client.impl.OrderedAsync.lambda$send$3(OrderedAsync.java:175)
	at java.base/java.util.concurrent.CompletableFuture$UniApply.tryFire(CompletableFuture.java:646)
	at java.base/java.util.concurrent.CompletableFuture.postComplete(CompletableFuture.java:510)
	at java.base/java.util.concurrent.CompletableFuture.complete(CompletableFuture.java:2147)
	at org.apache.ratis.client.impl.OrderedAsync$PendingOrderedRequest.setReply(OrderedAsync.java:105)
	at org.apache.ratis.client.impl.OrderedAsync$PendingOrderedRequest.setReply(OrderedAsync.java:66)
	at org.apache.ratis.util.SlidingWindow$RequestMap.setReply(SlidingWindow.java:147)
	at org.apache.ratis.util.SlidingWindow$Client.receiveReply(SlidingWindow.java:351)
	at org.apache.ratis.client.impl.OrderedAsync.lambda$sendRequestWithRetry$5(OrderedAsync.java:210)
	at java.base/java.util.concurrent.CompletableFuture$UniAccept.tryFire(CompletableFuture.java:718)
	at java.base/java.util.concurrent.CompletableFuture.postComplete(CompletableFuture.java:510)
	at java.base/java.util.concurrent.CompletableFuture.complete(CompletableFuture.java:2147)
	at org.apache.ratis.grpc.client.GrpcClientProtocolClient$AsyncStreamObservers$1.lambda$onNext$0(GrpcClientProtocolClient.java:322)
	at java.base/java.util.Optional.ifPresent(Optional.java:178)
	at org.apache.ratis.grpc.client.GrpcClientProtocolClient$AsyncStreamObservers.handleReplyFuture(GrpcClientProtocolClient.java:378)
	at org.apache.ratis.grpc.client.GrpcClientProtocolClient$AsyncStreamObservers.access$100(GrpcClientProtocolClient.java:300)
	at org.apache.ratis.grpc.client.GrpcClientProtocolClient$AsyncStreamObservers$1.onNext(GrpcClientProtocolClient.java:322)
	at org.apache.ratis.grpc.client.GrpcClientProtocolClient$AsyncStreamObservers$1.onNext(GrpcClientProtocolClient.java:305)
	at org.apache.ratis.thirdparty.io.grpc.stub.ClientCalls$StreamObserverToCallListenerAdapter.onMessage(ClientCalls.java:468)
	at org.apache.ratis.thirdparty.io.grpc.ForwardingClientCallListener.onMessage(ForwardingClientCallListener.java:33)
	at org.apache.ratis.thirdparty.io.grpc.internal.ClientCallImpl$ClientStreamListenerImpl$1MessagesAvailable.runInternal(ClientCallImpl.java:660)
	at org.apache.ratis.thirdparty.io.grpc.internal.ClientCallImpl$ClientStreamListenerImpl$1MessagesAvailable.runInContext(ClientCallImpl.java:647)
	at org.apache.ratis.thirdparty.io.grpc.internal.ContextRunnable.run(ContextRunnable.java:37)
	at org.apache.ratis.thirdparty.io.grpc.internal.SerializingExecutor.run(SerializingExecutor.java:133)
	at java.base/java.util.concurrent.ThreadPoolExecutor.runWorker(ThreadPoolExecutor.java:1136)
	at java.base/java.util.concurrent.ThreadPoolExecutor$Worker.run(ThreadPoolExecutor.java:635)
	at java.base/java.lang.Thread.run(Thread.java:840)
Caused by: org.apache.ratis.protocol.exceptions.StateMachineException: org.apache.hadoop.hdds.scm.container.common.helpers.ContainerNotOpenException from Server d4ec432b-f714-4e84-a00f-65ea9c81cd2d@group-1776C7AA5782: Container 3 in CLOSED state
	at org.apache.hadoop.ozone.container.common.impl.HddsDispatcher.validateContainerCommand(HddsDispatcher.java:569)
	at org.apache.hadoop.ozone.container.common.transport.server.ratis.ContainerStateMachine.startTransaction(ContainerStateMachine.java:426)
	at org.apache.ratis.server.impl.RaftServerImpl.writeAsyncImpl(RaftServerImpl.java:975)
	at org.apache.ratis.server.impl.RaftServerImpl.writeAsync(RaftServerImpl.java:945)
	at org.apache.ratis.server.impl.RaftServerImpl.replyFuture(RaftServerImpl.java:937)
	at org.apache.ratis.server.impl.RaftServerImpl.submitClientRequestAsync(RaftServerImpl.java:912)
	at org.apache.ratis.server.impl.RaftServerImpl.lambda$executeSubmitClientRequestAsync$11(RaftServerImpl.java:893)
	at java.base/java.util.concurrent.CompletableFuture$AsyncSupply.run(CompletableFuture.java:1768)
	... 3 more
Caused by: org.apache.hadoop.hdds.scm.container.common.helpers.ContainerNotOpenException: Container 3 in CLOSED state
	at jdk.internal.reflect.GeneratedConstructorAccessor90.newInstance(Unknown Source)
	at java.base/jdk.internal.reflect.DelegatingConstructorAccessorImpl.newInstance(DelegatingConstructorAccessorImpl.java:45)
	at java.base/java.lang.reflect.Constructor.newInstanceWithCaller(Constructor.java:500)
	at java.base/java.lang.reflect.Constructor.newInstance(Constructor.java:481)
	at org.apache.ratis.util.ReflectionUtils.instantiateException(ReflectionUtils.java:259)
	at org.apache.ratis.client.impl.ClientProtoUtils.toStateMachineException(ClientProtoUtils.java:451)
	at org.apache.ratis.client.impl.ClientProtoUtils.toStateMachineException(ClientProtoUtils.java:437)
	at org.apache.ratis.client.impl.ClientProtoUtils.toRaftClientReply(ClientProtoUtils.java:404)
	at org.apache.ratis.grpc.client.GrpcClientProtocolClient$AsyncStreamObservers$1.onNext(GrpcClientProtocolClient.java:310)
	at org.apache.ratis.grpc.client.GrpcClientProtocolClient$AsyncStreamObservers$1.onNext(GrpcClientProtocolClient.java:305)
	at org.apache.ratis.thirdparty.io.grpc.stub.ClientCalls$StreamObserverToCallListenerAdapter.onMessage(ClientCalls.java:468)
	at org.apache.ratis.thirdparty.io.grpc.ForwardingClientCallListener.onMessage(ForwardingClientCallListener.java:33)
	at org.apache.ratis.thirdparty.io.grpc.internal.ClientCallImpl$ClientStreamListenerImpl$1MessagesAvailable.runInternal(ClientCallImpl.java:660)
	at org.apache.ratis.thirdparty.io.grpc.internal.ClientCallImpl$ClientStreamListenerImpl$1MessagesAvailable.runInContext(ClientCallImpl.java:647)
	at org.apache.ratis.thirdparty.io.grpc.internal.ContextRunnable.run(ContextRunnable.java:37)
	at org.apache.ratis.thirdparty.io.grpc.internal.SerializingExecutor.run(SerializingExecutor.java:133)
	... 3 more
2024-08-15 10:19:50,516 [grpc-default-executor-6] ERROR impl.OrderedAsync (OrderedAsync.java:lambda$send$4(181)) - Failed to send request, message=cmdType: PutBlock
traceID: ""
containerID: 3
datanodeUuid: "d4ec432b-f714-4e84-a00f-65ea9c81cd2d"
putBlock {
  blockData {
    blockID {
      containerID: 3
      localID: 113750153625600003
      blockCommitSequenceId: 0
    }
    metadata {
      key: "TYPE"
      value: "KEY"
    }
    chunks {
      chunkName: "113750153625600003_chunk_1"
      offset: 0
      len: 100
      checksumData {
        type: NONE
        bytesPerChecksum: 16384
      }
    }
    chunks {
      chunkName: "113750153625600003_chunk_2"
      offset: 100
      len: 100
      checksumData {
        type: NONE
        bytesPerChecksum: 16384
      }
    }
    chunks {
      chunkName: "113750153625600003_chunk_3"
      offset: 200
      len: 100
      checksumData {
        type: NONE
        bytesPerChecksum: 16384
      }
    }
    chunks {
      chunkName: "113750153625600003_chunk_4"
      offset: 300
      len: 100
      checksumData {
        type: NONE
        bytesPerChecksum: 16384
      }
    }
    chunks {
      chunkName: "113750153625600003_chunk_5"
      offset: 400
      len: 100
      checksumData {
        type: NONE
        bytesPerChecksum: 16384
      }
    }
    chunks {
      chunkName: "113750153625600003_chunk_6"
      offset: 500
      len: 100
      checksumData {
        type: NONE
        bytesPerChecksum: 16384
      }
    }
    chunks {
      chunkName: "113750153625600003_chunk_7"
      offset: 600
      len: 100
      checksumData {
        type: NONE
        bytesPerChecksum: 16384
      }
    }
    chunks {
      chunkName: "113750153625600003_chunk_8"
      offset: 700
      len: 100
      checksumData {
        type: NONE
        bytesPerChecksum: 16384
      }
    }
  }
  eof: true
}
version: 4
, data.size=0
java.util.concurrent.CompletionException: org.apache.ratis.protocol.exceptions.StateMachineException: org.apache.hadoop.hdds.scm.container.common.helpers.ContainerNotOpenException from Server d4ec432b-f714-4e84-a00f-65ea9c81cd2d@group-1776C7AA5782: Container 3 in CLOSED state
	at org.apache.ratis.client.impl.RaftClientImpl.handleRaftException(RaftClientImpl.java:373)
	at org.apache.ratis.client.impl.OrderedAsync.lambda$send$3(OrderedAsync.java:175)
	at java.base/java.util.concurrent.CompletableFuture$UniApply.tryFire(CompletableFuture.java:646)
	at java.base/java.util.concurrent.CompletableFuture.postComplete(CompletableFuture.java:510)
	at java.base/java.util.concurrent.CompletableFuture.complete(CompletableFuture.java:2147)
	at org.apache.ratis.client.impl.OrderedAsync$PendingOrderedRequest.setReply(OrderedAsync.java:105)
	at org.apache.ratis.client.impl.OrderedAsync$PendingOrderedRequest.setReply(OrderedAsync.java:66)
	at org.apache.ratis.util.SlidingWindow$RequestMap.setReply(SlidingWindow.java:147)
	at org.apache.ratis.util.SlidingWindow$Client.receiveReply(SlidingWindow.java:351)
	at org.apache.ratis.client.impl.OrderedAsync.lambda$sendRequestWithRetry$5(OrderedAsync.java:210)
	at java.base/java.util.concurrent.CompletableFuture$UniAccept.tryFire(CompletableFuture.java:718)
	at java.base/java.util.concurrent.CompletableFuture.postComplete(CompletableFuture.java:510)
	at java.base/java.util.concurrent.CompletableFuture.complete(CompletableFuture.java:2147)
	at org.apache.ratis.grpc.client.GrpcClientProtocolClient$AsyncStreamObservers$1.lambda$onNext$0(GrpcClientProtocolClient.java:322)
	at java.base/java.util.Optional.ifPresent(Optional.java:178)
	at org.apache.ratis.grpc.client.GrpcClientProtocolClient$AsyncStreamObservers.handleReplyFuture(GrpcClientProtocolClient.java:378)
	at org.apache.ratis.grpc.client.GrpcClientProtocolClient$AsyncStreamObservers.access$100(GrpcClientProtocolClient.java:300)
	at org.apache.ratis.grpc.client.GrpcClientProtocolClient$AsyncStreamObservers$1.onNext(GrpcClientProtocolClient.java:322)
	at org.apache.ratis.grpc.client.GrpcClientProtocolClient$AsyncStreamObservers$1.onNext(GrpcClientProtocolClient.java:305)
	at org.apache.ratis.thirdparty.io.grpc.stub.ClientCalls$StreamObserverToCallListenerAdapter.onMessage(ClientCalls.java:468)
	at org.apache.ratis.thirdparty.io.grpc.ForwardingClientCallListener.onMessage(ForwardingClientCallListener.java:33)
	at org.apache.ratis.thirdparty.io.grpc.internal.ClientCallImpl$ClientStreamListenerImpl$1MessagesAvailable.runInternal(ClientCallImpl.java:660)
	at org.apache.ratis.thirdparty.io.grpc.internal.ClientCallImpl$ClientStreamListenerImpl$1MessagesAvailable.runInContext(ClientCallImpl.java:647)
	at org.apache.ratis.thirdparty.io.grpc.internal.ContextRunnable.run(ContextRunnable.java:37)
	at org.apache.ratis.thirdparty.io.grpc.internal.SerializingExecutor.run(SerializingExecutor.java:133)
	at java.base/java.util.concurrent.ThreadPoolExecutor.runWorker(ThreadPoolExecutor.java:1136)
	at java.base/java.util.concurrent.ThreadPoolExecutor$Worker.run(ThreadPoolExecutor.java:635)
	at java.base/java.lang.Thread.run(Thread.java:840)
Caused by: org.apache.ratis.protocol.exceptions.StateMachineException: org.apache.hadoop.hdds.scm.container.common.helpers.ContainerNotOpenException from Server d4ec432b-f714-4e84-a00f-65ea9c81cd2d@group-1776C7AA5782: Container 3 in CLOSED state
	at org.apache.hadoop.ozone.container.common.impl.HddsDispatcher.validateContainerCommand(HddsDispatcher.java:569)
	at org.apache.hadoop.ozone.container.common.transport.server.ratis.ContainerStateMachine.startTransaction(ContainerStateMachine.java:426)
	at org.apache.ratis.server.impl.RaftServerImpl.writeAsyncImpl(RaftServerImpl.java:975)
	at org.apache.ratis.server.impl.RaftServerImpl.writeAsync(RaftServerImpl.java:945)
	at org.apache.ratis.server.impl.RaftServerImpl.replyFuture(RaftServerImpl.java:937)
	at org.apache.ratis.server.impl.RaftServerImpl.submitClientRequestAsync(RaftServerImpl.java:912)
	at org.apache.ratis.server.impl.RaftServerImpl.lambda$executeSubmitClientRequestAsync$11(RaftServerImpl.java:893)
	at java.base/java.util.concurrent.CompletableFuture$AsyncSupply.run(CompletableFuture.java:1768)
	... 3 more
Caused by: org.apache.hadoop.hdds.scm.container.common.helpers.ContainerNotOpenException: Container 3 in CLOSED state
	at jdk.internal.reflect.GeneratedConstructorAccessor90.newInstance(Unknown Source)
	at java.base/jdk.internal.reflect.DelegatingConstructorAccessorImpl.newInstance(DelegatingConstructorAccessorImpl.java:45)
	at java.base/java.lang.reflect.Constructor.newInstanceWithCaller(Constructor.java:500)
	at java.base/java.lang.reflect.Constructor.newInstance(Constructor.java:481)
	at org.apache.ratis.util.ReflectionUtils.instantiateException(ReflectionUtils.java:259)
	at org.apache.ratis.client.impl.ClientProtoUtils.toStateMachineException(ClientProtoUtils.java:451)
	at org.apache.ratis.client.impl.ClientProtoUtils.toStateMachineException(ClientProtoUtils.java:437)
	at org.apache.ratis.client.impl.ClientProtoUtils.toRaftClientReply(ClientProtoUtils.java:404)
	at org.apache.ratis.grpc.client.GrpcClientProtocolClient$AsyncStreamObservers$1.onNext(GrpcClientProtocolClient.java:310)
	at org.apache.ratis.grpc.client.GrpcClientProtocolClient$AsyncStreamObservers$1.onNext(GrpcClientProtocolClient.java:305)
	at org.apache.ratis.thirdparty.io.grpc.stub.ClientCalls$StreamObserverToCallListenerAdapter.onMessage(ClientCalls.java:468)
	at org.apache.ratis.thirdparty.io.grpc.ForwardingClientCallListener.onMessage(ForwardingClientCallListener.java:33)
	at org.apache.ratis.thirdparty.io.grpc.internal.ClientCallImpl$ClientStreamListenerImpl$1MessagesAvailable.runInternal(ClientCallImpl.java:660)
	at org.apache.ratis.thirdparty.io.grpc.internal.ClientCallImpl$ClientStreamListenerImpl$1MessagesAvailable.runInContext(ClientCallImpl.java:647)
	at org.apache.ratis.thirdparty.io.grpc.internal.ContextRunnable.run(ContextRunnable.java:37)
	at org.apache.ratis.thirdparty.io.grpc.internal.SerializingExecutor.run(SerializingExecutor.java:133)
	... 3 more
2024-08-15 10:19:50,522 [main] INFO  scm.XceiverClientRatis (XceiverClientRatis.java:<init>(140)) - WatchType ALL_COMMITTED. Majority 1, 
2024-08-15 10:19:50,608 [EventQueue-CloseContainerForCloseContainerEventHandler] INFO  container.CloseContainerEventHandler (CloseContainerEventHandler.java:onMessage(88)) - Close container Event triggered for container : #2, current state: OPEN
2024-08-15 10:19:50,608 [EventQueue-CloseContainerForCloseContainerEventHandler] INFO  container.CloseContainerEventHandler (CloseContainerEventHandler.java:onMessage(88)) - Close container Event triggered for container : #2, current state: CLOSING
2024-08-15 10:19:50,608 [EventQueue-CloseContainerForCloseContainerEventHandler] INFO  container.CloseContainerEventHandler (CloseContainerEventHandler.java:onMessage(88)) - Close container Event triggered for container : #2, current state: CLOSING
2024-08-15 10:19:53,532 [6c2c8d64-db13-4196-9e9e-e3b1acb91f99-CloseContainerThread-1] INFO  commandhandler.CloseContainerCommandHandler (CloseContainerCommandHandler.java:lambda$handle$0(154)) - Follower cannot close container #2.
2024-08-15 10:19:53,921 [81bac27f-0582-41fc-bc3f-9f968300fa98-CloseContainerThread-1] INFO  commandhandler.CloseContainerCommandHandler (CloseContainerCommandHandler.java:lambda$handle$0(154)) - Follower cannot close container #2.
2024-08-15 10:19:53,926 [c54b81e8-1f41-41f0-8c11-6d721527725f-ContainerOp-3522d488-07fd-4a54-8c6a-788e4cdb4749-6] INFO  keyvalue.KeyValueContainer (KeyValueContainer.java:flushAndSyncDB(529)) - Container 2 is synced with bcsId 49.
2024-08-15 10:19:53,926 [c54b81e8-1f41-41f0-8c11-6d721527725f-ContainerOp-3522d488-07fd-4a54-8c6a-788e4cdb4749-6] INFO  keyvalue.KeyValueContainer (KeyValueContainer.java:flushAndSyncDB(529)) - Container 2 is synced with bcsId 49.
2024-08-15 10:19:53,928 [81bac27f-0582-41fc-bc3f-9f968300fa98-ContainerOp-3522d488-07fd-4a54-8c6a-788e4cdb4749-6] INFO  keyvalue.KeyValueContainer (KeyValueContainer.java:flushAndSyncDB(529)) - Container 2 is synced with bcsId 49.
2024-08-15 10:19:53,928 [81bac27f-0582-41fc-bc3f-9f968300fa98-ContainerOp-3522d488-07fd-4a54-8c6a-788e4cdb4749-6] INFO  keyvalue.KeyValueContainer (KeyValueContainer.java:flushAndSyncDB(529)) - Container 2 is synced with bcsId 49.
2024-08-15 10:19:53,928 [c54b81e8-1f41-41f0-8c11-6d721527725f-ContainerOp-3522d488-07fd-4a54-8c6a-788e4cdb4749-6] INFO  keyvalue.KeyValueContainer (KeyValueContainer.java:close(444)) - Container 2 is closed with bcsId 49.
2024-08-15 10:19:53,928 [6c2c8d64-db13-4196-9e9e-e3b1acb91f99-ContainerOp-3522d488-07fd-4a54-8c6a-788e4cdb4749-5] INFO  keyvalue.KeyValueContainer (KeyValueContainer.java:flushAndSyncDB(529)) - Container 2 is synced with bcsId 49.
2024-08-15 10:19:53,928 [6c2c8d64-db13-4196-9e9e-e3b1acb91f99-ContainerOp-3522d488-07fd-4a54-8c6a-788e4cdb4749-5] INFO  keyvalue.KeyValueContainer (KeyValueContainer.java:flushAndSyncDB(529)) - Container 2 is synced with bcsId 49.
2024-08-15 10:19:53,929 [FixedThreadPoolWithAffinityExecutor-1-0] INFO  container.IncrementalContainerReportHandler (AbstractContainerReportHandler.java:updateContainerState(312)) - Moving container #2 to CLOSED state, datanode c54b81e8-1f41-41f0-8c11-6d721527725f(localhost/127.0.0.1) reported CLOSED replica with index 0.
2024-08-15 10:19:53,929 [81bac27f-0582-41fc-bc3f-9f968300fa98-ContainerOp-3522d488-07fd-4a54-8c6a-788e4cdb4749-6] INFO  keyvalue.KeyValueContainer (KeyValueContainer.java:close(444)) - Container 2 is closed with bcsId 49.
2024-08-15 10:19:53,931 [6c2c8d64-db13-4196-9e9e-e3b1acb91f99-ContainerOp-3522d488-07fd-4a54-8c6a-788e4cdb4749-5] INFO  keyvalue.KeyValueContainer (KeyValueContainer.java:close(444)) - Container 2 is closed with bcsId 49.
10:19:54.111 [c54b81e8-1f41-41f0-8c11-6d721527725f-client-thread1] ERROR DNAudit - user=null | ip=null | op=WRITE_CHUNK {blockData=conID: 2 locID: 113750153625600005 bcsId: 49 replicaIndex: 0, blockDataSize=100} | ret=FAILURE
org.apache.hadoop.hdds.scm.container.common.helpers.ContainerNotOpenException: Container 2 in CLOSED state
	at org.apache.hadoop.ozone.container.common.impl.HddsDispatcher.validateContainerCommand(HddsDispatcher.java:569) ~[hdds-container-service-1.5.0-SNAPSHOT.jar:?]
	at org.apache.hadoop.ozone.container.common.transport.server.ratis.ContainerStateMachine.startTransaction(ContainerStateMachine.java:426) ~[hdds-container-service-1.5.0-SNAPSHOT.jar:?]
	at org.apache.ratis.server.impl.RaftServerImpl.writeAsyncImpl(RaftServerImpl.java:975) ~[ratis-server-3.1.0.jar:3.1.0]
	at org.apache.ratis.server.impl.RaftServerImpl.writeAsync(RaftServerImpl.java:945) ~[ratis-server-3.1.0.jar:3.1.0]
	at org.apache.ratis.server.impl.RaftServerImpl.replyFuture(RaftServerImpl.java:937) ~[ratis-server-3.1.0.jar:3.1.0]
	at org.apache.ratis.server.impl.RaftServerImpl.submitClientRequestAsync(RaftServerImpl.java:912) ~[ratis-server-3.1.0.jar:3.1.0]
	at org.apache.ratis.server.impl.RaftServerImpl.lambda$executeSubmitClientRequestAsync$11(RaftServerImpl.java:893) ~[ratis-server-3.1.0.jar:3.1.0]
	at java.base/java.util.concurrent.CompletableFuture$AsyncSupply.run(CompletableFuture.java:1768) [?:?]
	at java.base/java.util.concurrent.ThreadPoolExecutor.runWorker(ThreadPoolExecutor.java:1136) [?:?]
	at java.base/java.util.concurrent.ThreadPoolExecutor$Worker.run(ThreadPoolExecutor.java:635) [?:?]
	at java.base/java.lang.Thread.run(Thread.java:840) [?:?]
10:19:54.111 [c54b81e8-1f41-41f0-8c11-6d721527725f-client-thread1] ERROR DNAudit - user=null | ip=null | op=WRITE_CHUNK {blockData=conID: 2 locID: 113750153625600005 bcsId: 49 replicaIndex: 0, blockDataSize=100} | ret=FAILURE
org.apache.hadoop.hdds.scm.container.common.helpers.ContainerNotOpenException: Container 2 in CLOSED state
	at org.apache.hadoop.ozone.container.common.impl.HddsDispatcher.validateContainerCommand(HddsDispatcher.java:569) ~[hdds-container-service-1.5.0-SNAPSHOT.jar:?]
	at org.apache.hadoop.ozone.container.common.transport.server.ratis.ContainerStateMachine.startTransaction(ContainerStateMachine.java:426) ~[hdds-container-service-1.5.0-SNAPSHOT.jar:?]
	at org.apache.ratis.server.impl.RaftServerImpl.writeAsyncImpl(RaftServerImpl.java:975) ~[ratis-server-3.1.0.jar:3.1.0]
	at org.apache.ratis.server.impl.RaftServerImpl.writeAsync(RaftServerImpl.java:945) ~[ratis-server-3.1.0.jar:3.1.0]
	at org.apache.ratis.server.impl.RaftServerImpl.replyFuture(RaftServerImpl.java:937) ~[ratis-server-3.1.0.jar:3.1.0]
	at org.apache.ratis.server.impl.RaftServerImpl.submitClientRequestAsync(RaftServerImpl.java:912) ~[ratis-server-3.1.0.jar:3.1.0]
	at org.apache.ratis.server.impl.RaftServerImpl.lambda$executeSubmitClientRequestAsync$11(RaftServerImpl.java:893) ~[ratis-server-3.1.0.jar:3.1.0]
	at java.base/java.util.concurrent.CompletableFuture$AsyncSupply.run(CompletableFuture.java:1768) [?:?]
	at java.base/java.util.concurrent.ThreadPoolExecutor.runWorker(ThreadPoolExecutor.java:1136) [?:?]
	at java.base/java.util.concurrent.ThreadPoolExecutor$Worker.run(ThreadPoolExecutor.java:635) [?:?]
	at java.base/java.lang.Thread.run(Thread.java:840) [?:?]
10:19:54.113 [c54b81e8-1f41-41f0-8c11-6d721527725f-client-thread1] ERROR DNAudit - user=null | ip=null | op=PUT_BLOCK {blockData=[blockId=conID: 2 locID: 113750153625600005 bcsId: 0 replicaIndex: null, size=700]} | ret=FAILURE
org.apache.hadoop.hdds.scm.container.common.helpers.ContainerNotOpenException: Container 2 in CLOSED state
	at org.apache.hadoop.ozone.container.common.impl.HddsDispatcher.validateContainerCommand(HddsDispatcher.java:569) ~[hdds-container-service-1.5.0-SNAPSHOT.jar:?]
	at org.apache.hadoop.ozone.container.common.transport.server.ratis.ContainerStateMachine.startTransaction(ContainerStateMachine.java:426) ~[hdds-container-service-1.5.0-SNAPSHOT.jar:?]
	at org.apache.ratis.server.impl.RaftServerImpl.writeAsyncImpl(RaftServerImpl.java:975) ~[ratis-server-3.1.0.jar:3.1.0]
	at org.apache.ratis.server.impl.RaftServerImpl.writeAsync(RaftServerImpl.java:945) ~[ratis-server-3.1.0.jar:3.1.0]
	at org.apache.ratis.server.impl.RaftServerImpl.replyFuture(RaftServerImpl.java:937) ~[ratis-server-3.1.0.jar:3.1.0]
	at org.apache.ratis.server.impl.RaftServerImpl.submitClientRequestAsync(RaftServerImpl.java:912) ~[ratis-server-3.1.0.jar:3.1.0]
	at org.apache.ratis.server.impl.RaftServerImpl.lambda$executeSubmitClientRequestAsync$11(RaftServerImpl.java:893) ~[ratis-server-3.1.0.jar:3.1.0]
	at java.base/java.util.concurrent.CompletableFuture$AsyncSupply.run(CompletableFuture.java:1768) [?:?]
	at java.base/java.util.concurrent.ThreadPoolExecutor.runWorker(ThreadPoolExecutor.java:1136) [?:?]
	at java.base/java.util.concurrent.ThreadPoolExecutor$Worker.run(ThreadPoolExecutor.java:635) [?:?]
	at java.base/java.lang.Thread.run(Thread.java:840) [?:?]
2024-08-15 10:19:54,113 [grpc-default-executor-2] ERROR impl.OrderedAsync (OrderedAsync.java:lambda$send$4(181)) - Failed to send request, message=cmdType: WriteChunk
traceID: ""
containerID: 2
datanodeUuid: "6c2c8d64-db13-4196-9e9e-e3b1acb91f99"
writeChunk {
  blockID {
    containerID: 2
    localID: 113750153625600005
    blockCommitSequenceId: 49
    replicaIndex: 0
  }
  chunkData {
    chunkName: "113750153625600005_chunk_6"
    offset: 500
    len: 100
    checksumData {
      type: NONE
      bytesPerChecksum: 16384
    }
  }
}
version: 4
, data.size=100
java.util.concurrent.CompletionException: org.apache.ratis.protocol.exceptions.StateMachineException: org.apache.hadoop.hdds.scm.container.common.helpers.ContainerNotOpenException from Server c54b81e8-1f41-41f0-8c11-6d721527725f@group-788E4CDB4749: Container 2 in CLOSED state
	at org.apache.ratis.client.impl.RaftClientImpl.handleRaftException(RaftClientImpl.java:373)
	at org.apache.ratis.client.impl.OrderedAsync.lambda$send$3(OrderedAsync.java:175)
	at java.base/java.util.concurrent.CompletableFuture$UniApply.tryFire(CompletableFuture.java:646)
	at java.base/java.util.concurrent.CompletableFuture.postComplete(CompletableFuture.java:510)
	at java.base/java.util.concurrent.CompletableFuture.complete(CompletableFuture.java:2147)
	at org.apache.ratis.client.impl.OrderedAsync$PendingOrderedRequest.setReply(OrderedAsync.java:105)
	at org.apache.ratis.client.impl.OrderedAsync$PendingOrderedRequest.setReply(OrderedAsync.java:66)
	at org.apache.ratis.util.SlidingWindow$RequestMap.setReply(SlidingWindow.java:147)
	at org.apache.ratis.util.SlidingWindow$Client.receiveReply(SlidingWindow.java:351)
	at org.apache.ratis.client.impl.OrderedAsync.lambda$sendRequestWithRetry$5(OrderedAsync.java:210)
	at java.base/java.util.concurrent.CompletableFuture$UniAccept.tryFire(CompletableFuture.java:718)
	at java.base/java.util.concurrent.CompletableFuture.postComplete(CompletableFuture.java:510)
	at java.base/java.util.concurrent.CompletableFuture.complete(CompletableFuture.java:2147)
	at org.apache.ratis.grpc.client.GrpcClientProtocolClient$AsyncStreamObservers$1.lambda$onNext$0(GrpcClientProtocolClient.java:322)
	at java.base/java.util.Optional.ifPresent(Optional.java:178)
	at org.apache.ratis.grpc.client.GrpcClientProtocolClient$AsyncStreamObservers.handleReplyFuture(GrpcClientProtocolClient.java:378)
	at org.apache.ratis.grpc.client.GrpcClientProtocolClient$AsyncStreamObservers.access$100(GrpcClientProtocolClient.java:300)
	at org.apache.ratis.grpc.client.GrpcClientProtocolClient$AsyncStreamObservers$1.onNext(GrpcClientProtocolClient.java:322)
	at org.apache.ratis.grpc.client.GrpcClientProtocolClient$AsyncStreamObservers$1.onNext(GrpcClientProtocolClient.java:305)
	at org.apache.ratis.thirdparty.io.grpc.stub.ClientCalls$StreamObserverToCallListenerAdapter.onMessage(ClientCalls.java:468)
	at org.apache.ratis.thirdparty.io.grpc.ForwardingClientCallListener.onMessage(ForwardingClientCallListener.java:33)
	at org.apache.ratis.thirdparty.io.grpc.internal.ClientCallImpl$ClientStreamListenerImpl$1MessagesAvailable.runInternal(ClientCallImpl.java:660)
	at org.apache.ratis.thirdparty.io.grpc.internal.ClientCallImpl$ClientStreamListenerImpl$1MessagesAvailable.runInContext(ClientCallImpl.java:647)
	at org.apache.ratis.thirdparty.io.grpc.internal.ContextRunnable.run(ContextRunnable.java:37)
	at org.apache.ratis.thirdparty.io.grpc.internal.SerializingExecutor.run(SerializingExecutor.java:133)
	at java.base/java.util.concurrent.ThreadPoolExecutor.runWorker(ThreadPoolExecutor.java:1136)
	at java.base/java.util.concurrent.ThreadPoolExecutor$Worker.run(ThreadPoolExecutor.java:635)
	at java.base/java.lang.Thread.run(Thread.java:840)
Caused by: org.apache.ratis.protocol.exceptions.StateMachineException: org.apache.hadoop.hdds.scm.container.common.helpers.ContainerNotOpenException from Server c54b81e8-1f41-41f0-8c11-6d721527725f@group-788E4CDB4749: Container 2 in CLOSED state
	at org.apache.hadoop.ozone.container.common.impl.HddsDispatcher.validateContainerCommand(HddsDispatcher.java:569)
	at org.apache.hadoop.ozone.container.common.transport.server.ratis.ContainerStateMachine.startTransaction(ContainerStateMachine.java:426)
	at org.apache.ratis.server.impl.RaftServerImpl.writeAsyncImpl(RaftServerImpl.java:975)
	at org.apache.ratis.server.impl.RaftServerImpl.writeAsync(RaftServerImpl.java:945)
	at org.apache.ratis.server.impl.RaftServerImpl.replyFuture(RaftServerImpl.java:937)
	at org.apache.ratis.server.impl.RaftServerImpl.submitClientRequestAsync(RaftServerImpl.java:912)
	at org.apache.ratis.server.impl.RaftServerImpl.lambda$executeSubmitClientRequestAsync$11(RaftServerImpl.java:893)
	at java.base/java.util.concurrent.CompletableFuture$AsyncSupply.run(CompletableFuture.java:1768)
	... 3 more
Caused by: org.apache.hadoop.hdds.scm.container.common.helpers.ContainerNotOpenException: Container 2 in CLOSED state
	at jdk.internal.reflect.GeneratedConstructorAccessor90.newInstance(Unknown Source)
	at java.base/jdk.internal.reflect.DelegatingConstructorAccessorImpl.newInstance(DelegatingConstructorAccessorImpl.java:45)
	at java.base/java.lang.reflect.Constructor.newInstanceWithCaller(Constructor.java:500)
	at java.base/java.lang.reflect.Constructor.newInstance(Constructor.java:481)
	at org.apache.ratis.util.ReflectionUtils.instantiateException(ReflectionUtils.java:259)
	at org.apache.ratis.client.impl.ClientProtoUtils.toStateMachineException(ClientProtoUtils.java:451)
	at org.apache.ratis.client.impl.ClientProtoUtils.toStateMachineException(ClientProtoUtils.java:437)
	at org.apache.ratis.client.impl.ClientProtoUtils.toRaftClientReply(ClientProtoUtils.java:404)
	at org.apache.ratis.grpc.client.GrpcClientProtocolClient$AsyncStreamObservers$1.onNext(GrpcClientProtocolClient.java:310)
	at org.apache.ratis.grpc.client.GrpcClientProtocolClient$AsyncStreamObservers$1.onNext(GrpcClientProtocolClient.java:305)
	at org.apache.ratis.thirdparty.io.grpc.stub.ClientCalls$StreamObserverToCallListenerAdapter.onMessage(ClientCalls.java:468)
	at org.apache.ratis.thirdparty.io.grpc.ForwardingClientCallListener.onMessage(ForwardingClientCallListener.java:33)
	at org.apache.ratis.thirdparty.io.grpc.internal.ClientCallImpl$ClientStreamListenerImpl$1MessagesAvailable.runInternal(ClientCallImpl.java:660)
	at org.apache.ratis.thirdparty.io.grpc.internal.ClientCallImpl$ClientStreamListenerImpl$1MessagesAvailable.runInContext(ClientCallImpl.java:647)
	at org.apache.ratis.thirdparty.io.grpc.internal.ContextRunnable.run(ContextRunnable.java:37)
	at org.apache.ratis.thirdparty.io.grpc.internal.SerializingExecutor.run(SerializingExecutor.java:133)
	... 3 more
10:19:54.113 [c54b81e8-1f41-41f0-8c11-6d721527725f-client-thread1] ERROR DNAudit - user=null | ip=null | op=WRITE_CHUNK {blockData=conID: 2 locID: 113750153625600005 bcsId: 49 replicaIndex: 0, blockDataSize=100} | ret=FAILURE
org.apache.hadoop.hdds.scm.container.common.helpers.ContainerNotOpenException: Container 2 in CLOSED state
	at org.apache.hadoop.ozone.container.common.impl.HddsDispatcher.validateContainerCommand(HddsDispatcher.java:569) ~[hdds-container-service-1.5.0-SNAPSHOT.jar:?]
	at org.apache.hadoop.ozone.container.common.transport.server.ratis.ContainerStateMachine.startTransaction(ContainerStateMachine.java:426) ~[hdds-container-service-1.5.0-SNAPSHOT.jar:?]
	at org.apache.ratis.server.impl.RaftServerImpl.writeAsyncImpl(RaftServerImpl.java:975) ~[ratis-server-3.1.0.jar:3.1.0]
	at org.apache.ratis.server.impl.RaftServerImpl.writeAsync(RaftServerImpl.java:945) ~[ratis-server-3.1.0.jar:3.1.0]
	at org.apache.ratis.server.impl.RaftServerImpl.replyFuture(RaftServerImpl.java:937) ~[ratis-server-3.1.0.jar:3.1.0]
	at org.apache.ratis.server.impl.RaftServerImpl.submitClientRequestAsync(RaftServerImpl.java:912) ~[ratis-server-3.1.0.jar:3.1.0]
	at org.apache.ratis.server.impl.RaftServerImpl.lambda$executeSubmitClientRequestAsync$11(RaftServerImpl.java:893) ~[ratis-server-3.1.0.jar:3.1.0]
	at java.base/java.util.concurrent.CompletableFuture$AsyncSupply.run(CompletableFuture.java:1768) [?:?]
	at java.base/java.util.concurrent.ThreadPoolExecutor.runWorker(ThreadPoolExecutor.java:1136) [?:?]
	at java.base/java.util.concurrent.ThreadPoolExecutor$Worker.run(ThreadPoolExecutor.java:635) [?:?]
	at java.base/java.lang.Thread.run(Thread.java:840) [?:?]
2024-08-15 10:19:54,113 [grpc-default-executor-2] ERROR impl.OrderedAsync (OrderedAsync.java:lambda$send$4(181)) - Failed to send request, message=cmdType: WriteChunk
traceID: ""
containerID: 2
datanodeUuid: "6c2c8d64-db13-4196-9e9e-e3b1acb91f99"
writeChunk {
  blockID {
    containerID: 2
    localID: 113750153625600005
    blockCommitSequenceId: 49
    replicaIndex: 0
  }
  chunkData {
    chunkName: "113750153625600005_chunk_7"
    offset: 600
    len: 100
    checksumData {
      type: NONE
      bytesPerChecksum: 16384
    }
  }
}
version: 4
, data.size=100
java.util.concurrent.CompletionException: org.apache.ratis.protocol.exceptions.StateMachineException: org.apache.hadoop.hdds.scm.container.common.helpers.ContainerNotOpenException from Server c54b81e8-1f41-41f0-8c11-6d721527725f@group-788E4CDB4749: Container 2 in CLOSED state
	at org.apache.ratis.client.impl.RaftClientImpl.handleRaftException(RaftClientImpl.java:373)
	at org.apache.ratis.client.impl.OrderedAsync.lambda$send$3(OrderedAsync.java:175)
	at java.base/java.util.concurrent.CompletableFuture$UniApply.tryFire(CompletableFuture.java:646)
	at java.base/java.util.concurrent.CompletableFuture.postComplete(CompletableFuture.java:510)
	at java.base/java.util.concurrent.CompletableFuture.complete(CompletableFuture.java:2147)
	at org.apache.ratis.client.impl.OrderedAsync$PendingOrderedRequest.setReply(OrderedAsync.java:105)
	at org.apache.ratis.client.impl.OrderedAsync$PendingOrderedRequest.setReply(OrderedAsync.java:66)
	at org.apache.ratis.util.SlidingWindow$RequestMap.setReply(SlidingWindow.java:147)
	at org.apache.ratis.util.SlidingWindow$Client.receiveReply(SlidingWindow.java:351)
	at org.apache.ratis.client.impl.OrderedAsync.lambda$sendRequestWithRetry$5(OrderedAsync.java:210)
	at java.base/java.util.concurrent.CompletableFuture$UniAccept.tryFire(CompletableFuture.java:718)
	at java.base/java.util.concurrent.CompletableFuture.postComplete(CompletableFuture.java:510)
	at java.base/java.util.concurrent.CompletableFuture.complete(CompletableFuture.java:2147)
	at org.apache.ratis.grpc.client.GrpcClientProtocolClient$AsyncStreamObservers$1.lambda$onNext$0(GrpcClientProtocolClient.java:322)
	at java.base/java.util.Optional.ifPresent(Optional.java:178)
	at org.apache.ratis.grpc.client.GrpcClientProtocolClient$AsyncStreamObservers.handleReplyFuture(GrpcClientProtocolClient.java:378)
	at org.apache.ratis.grpc.client.GrpcClientProtocolClient$AsyncStreamObservers.access$100(GrpcClientProtocolClient.java:300)
	at org.apache.ratis.grpc.client.GrpcClientProtocolClient$AsyncStreamObservers$1.onNext(GrpcClientProtocolClient.java:322)
	at org.apache.ratis.grpc.client.GrpcClientProtocolClient$AsyncStreamObservers$1.onNext(GrpcClientProtocolClient.java:305)
	at org.apache.ratis.thirdparty.io.grpc.stub.ClientCalls$StreamObserverToCallListenerAdapter.onMessage(ClientCalls.java:468)
	at org.apache.ratis.thirdparty.io.grpc.ForwardingClientCallListener.onMessage(ForwardingClientCallListener.java:33)
	at org.apache.ratis.thirdparty.io.grpc.internal.ClientCallImpl$ClientStreamListenerImpl$1MessagesAvailable.runInternal(ClientCallImpl.java:660)
	at org.apache.ratis.thirdparty.io.grpc.internal.ClientCallImpl$ClientStreamListenerImpl$1MessagesAvailable.runInContext(ClientCallImpl.java:647)
	at org.apache.ratis.thirdparty.io.grpc.internal.ContextRunnable.run(ContextRunnable.java:37)
	at org.apache.ratis.thirdparty.io.grpc.internal.SerializingExecutor.run(SerializingExecutor.java:133)
	at java.base/java.util.concurrent.ThreadPoolExecutor.runWorker(ThreadPoolExecutor.java:1136)
	at java.base/java.util.concurrent.ThreadPoolExecutor$Worker.run(ThreadPoolExecutor.java:635)
	at java.base/java.lang.Thread.run(Thread.java:840)
Caused by: org.apache.ratis.protocol.exceptions.StateMachineException: org.apache.hadoop.hdds.scm.container.common.helpers.ContainerNotOpenException from Server c54b81e8-1f41-41f0-8c11-6d721527725f@group-788E4CDB4749: Container 2 in CLOSED state
	at org.apache.hadoop.ozone.container.common.impl.HddsDispatcher.validateContainerCommand(HddsDispatcher.java:569)
	at org.apache.hadoop.ozone.container.common.transport.server.ratis.ContainerStateMachine.startTransaction(ContainerStateMachine.java:426)
	at org.apache.ratis.server.impl.RaftServerImpl.writeAsyncImpl(RaftServerImpl.java:975)
	at org.apache.ratis.server.impl.RaftServerImpl.writeAsync(RaftServerImpl.java:945)
	at org.apache.ratis.server.impl.RaftServerImpl.replyFuture(RaftServerImpl.java:937)
	at org.apache.ratis.server.impl.RaftServerImpl.submitClientRequestAsync(RaftServerImpl.java:912)
	at org.apache.ratis.server.impl.RaftServerImpl.lambda$executeSubmitClientRequestAsync$11(RaftServerImpl.java:893)
	at java.base/java.util.concurrent.CompletableFuture$AsyncSupply.run(CompletableFuture.java:1768)
	... 3 more
Caused by: org.apache.hadoop.hdds.scm.container.common.helpers.ContainerNotOpenException: Container 2 in CLOSED state
	at jdk.internal.reflect.GeneratedConstructorAccessor90.newInstance(Unknown Source)
	at java.base/jdk.internal.reflect.DelegatingConstructorAccessorImpl.newInstance(DelegatingConstructorAccessorImpl.java:45)
	at java.base/java.lang.reflect.Constructor.newInstanceWithCaller(Constructor.java:500)
	at java.base/java.lang.reflect.Constructor.newInstance(Constructor.java:481)
	at org.apache.ratis.util.ReflectionUtils.instantiateException(ReflectionUtils.java:259)
	at org.apache.ratis.client.impl.ClientProtoUtils.toStateMachineException(ClientProtoUtils.java:451)
	at org.apache.ratis.client.impl.ClientProtoUtils.toStateMachineException(ClientProtoUtils.java:437)
	at org.apache.ratis.client.impl.ClientProtoUtils.toRaftClientReply(ClientProtoUtils.java:404)
	at org.apache.ratis.grpc.client.GrpcClientProtocolClient$AsyncStreamObservers$1.onNext(GrpcClientProtocolClient.java:310)
	at org.apache.ratis.grpc.client.GrpcClientProtocolClient$AsyncStreamObservers$1.onNext(GrpcClientProtocolClient.java:305)
	at org.apache.ratis.thirdparty.io.grpc.stub.ClientCalls$StreamObserverToCallListenerAdapter.onMessage(ClientCalls.java:468)
	at org.apache.ratis.thirdparty.io.grpc.ForwardingClientCallListener.onMessage(ForwardingClientCallListener.java:33)
	at org.apache.ratis.thirdparty.io.grpc.internal.ClientCallImpl$ClientStreamListenerImpl$1MessagesAvailable.runInternal(ClientCallImpl.java:660)
	at org.apache.ratis.thirdparty.io.grpc.internal.ClientCallImpl$ClientStreamListenerImpl$1MessagesAvailable.runInContext(ClientCallImpl.java:647)
	at org.apache.ratis.thirdparty.io.grpc.internal.ContextRunnable.run(ContextRunnable.java:37)
	at org.apache.ratis.thirdparty.io.grpc.internal.SerializingExecutor.run(SerializingExecutor.java:133)
	... 3 more
10:19:54.115 [c54b81e8-1f41-41f0-8c11-6d721527725f-client-thread1] ERROR DNAudit - user=null | ip=null | op=PUT_BLOCK {blockData=[blockId=conID: 2 locID: 113750153625600005 bcsId: 0 replicaIndex: null, size=800]} | ret=FAILURE
org.apache.hadoop.hdds.scm.container.common.helpers.ContainerNotOpenException: Container 2 in CLOSED state
	at org.apache.hadoop.ozone.container.common.impl.HddsDispatcher.validateContainerCommand(HddsDispatcher.java:569) ~[hdds-container-service-1.5.0-SNAPSHOT.jar:?]
	at org.apache.hadoop.ozone.container.common.transport.server.ratis.ContainerStateMachine.startTransaction(ContainerStateMachine.java:426) ~[hdds-container-service-1.5.0-SNAPSHOT.jar:?]
	at org.apache.ratis.server.impl.RaftServerImpl.writeAsyncImpl(RaftServerImpl.java:975) ~[ratis-server-3.1.0.jar:3.1.0]
	at org.apache.ratis.server.impl.RaftServerImpl.writeAsync(RaftServerImpl.java:945) ~[ratis-server-3.1.0.jar:3.1.0]
	at org.apache.ratis.server.impl.RaftServerImpl.replyFuture(RaftServerImpl.java:937) ~[ratis-server-3.1.0.jar:3.1.0]
	at org.apache.ratis.server.impl.RaftServerImpl.submitClientRequestAsync(RaftServerImpl.java:912) ~[ratis-server-3.1.0.jar:3.1.0]
	at org.apache.ratis.server.impl.RaftServerImpl.lambda$executeSubmitClientRequestAsync$11(RaftServerImpl.java:893) ~[ratis-server-3.1.0.jar:3.1.0]
	at java.base/java.util.concurrent.CompletableFuture$AsyncSupply.run(CompletableFuture.java:1768) [?:?]
	at java.base/java.util.concurrent.ThreadPoolExecutor.runWorker(ThreadPoolExecutor.java:1136) [?:?]
	at java.base/java.util.concurrent.ThreadPoolExecutor$Worker.run(ThreadPoolExecutor.java:635) [?:?]
	at java.base/java.lang.Thread.run(Thread.java:840) [?:?]
2024-08-15 10:19:54,116 [grpc-default-executor-6] ERROR impl.OrderedAsync (OrderedAsync.java:lambda$send$4(181)) - Failed to send request, message=cmdType: PutBlock
traceID: ""
containerID: 2
datanodeUuid: "6c2c8d64-db13-4196-9e9e-e3b1acb91f99"
putBlock {
  blockData {
    blockID {
      containerID: 2
      localID: 113750153625600005
      blockCommitSequenceId: 0
    }
    metadata {
      key: "TYPE"
      value: "KEY"
    }
    chunks {
      chunkName: "113750153625600005_chunk_1"
      offset: 0
      len: 100
      checksumData {
        type: NONE
        bytesPerChecksum: 16384
      }
    }
    chunks {
      chunkName: "113750153625600005_chunk_2"
      offset: 100
      len: 100
      checksumData {
        type: NONE
        bytesPerChecksum: 16384
      }
    }
    chunks {
      chunkName: "113750153625600005_chunk_3"
      offset: 200
      len: 100
      checksumData {
        type: NONE
        bytesPerChecksum: 16384
      }
    }
    chunks {
      chunkName: "113750153625600005_chunk_4"
      offset: 300
      len: 100
      checksumData {
        type: NONE
        bytesPerChecksum: 16384
      }
    }
    chunks {
      chunkName: "113750153625600005_chunk_5"
      offset: 400
      len: 100
      checksumData {
        type: NONE
        bytesPerChecksum: 16384
      }
    }
    chunks {
      chunkName: "113750153625600005_chunk_6"
      offset: 500
      len: 100
      checksumData {
        type: NONE
        bytesPerChecksum: 16384
      }
    }
    chunks {
      chunkName: "113750153625600005_chunk_7"
      offset: 600
      len: 100
      checksumData {
        type: NONE
        bytesPerChecksum: 16384
      }
    }
  }
  eof: false
}
version: 4
, data.size=0
java.util.concurrent.CompletionException: org.apache.ratis.protocol.exceptions.StateMachineException: org.apache.hadoop.hdds.scm.container.common.helpers.ContainerNotOpenException from Server c54b81e8-1f41-41f0-8c11-6d721527725f@group-788E4CDB4749: Container 2 in CLOSED state
	at org.apache.ratis.client.impl.RaftClientImpl.handleRaftException(RaftClientImpl.java:373)
	at org.apache.ratis.client.impl.OrderedAsync.lambda$send$3(OrderedAsync.java:175)
	at java.base/java.util.concurrent.CompletableFuture$UniApply.tryFire(CompletableFuture.java:646)
	at java.base/java.util.concurrent.CompletableFuture.postComplete(CompletableFuture.java:510)
	at java.base/java.util.concurrent.CompletableFuture.complete(CompletableFuture.java:2147)
	at org.apache.ratis.client.impl.OrderedAsync$PendingOrderedRequest.setReply(OrderedAsync.java:105)
	at org.apache.ratis.client.impl.OrderedAsync$PendingOrderedRequest.setReply(OrderedAsync.java:66)
	at org.apache.ratis.util.SlidingWindow$RequestMap.setReply(SlidingWindow.java:147)
	at org.apache.ratis.util.SlidingWindow$Client.receiveReply(SlidingWindow.java:351)
	at org.apache.ratis.client.impl.OrderedAsync.lambda$sendRequestWithRetry$5(OrderedAsync.java:210)
	at java.base/java.util.concurrent.CompletableFuture$UniAccept.tryFire(CompletableFuture.java:718)
	at java.base/java.util.concurrent.CompletableFuture.postComplete(CompletableFuture.java:510)
	at java.base/java.util.concurrent.CompletableFuture.complete(CompletableFuture.java:2147)
	at org.apache.ratis.grpc.client.GrpcClientProtocolClient$AsyncStreamObservers$1.lambda$onNext$0(GrpcClientProtocolClient.java:322)
	at java.base/java.util.Optional.ifPresent(Optional.java:178)
	at org.apache.ratis.grpc.client.GrpcClientProtocolClient$AsyncStreamObservers.handleReplyFuture(GrpcClientProtocolClient.java:378)
	at org.apache.ratis.grpc.client.GrpcClientProtocolClient$AsyncStreamObservers.access$100(GrpcClientProtocolClient.java:300)
	at org.apache.ratis.grpc.client.GrpcClientProtocolClient$AsyncStreamObservers$1.onNext(GrpcClientProtocolClient.java:322)
	at org.apache.ratis.grpc.client.GrpcClientProtocolClient$AsyncStreamObservers$1.onNext(GrpcClientProtocolClient.java:305)
	at org.apache.ratis.thirdparty.io.grpc.stub.ClientCalls$StreamObserverToCallListenerAdapter.onMessage(ClientCalls.java:468)
	at org.apache.ratis.thirdparty.io.grpc.ForwardingClientCallListener.onMessage(ForwardingClientCallListener.java:33)
	at org.apache.ratis.thirdparty.io.grpc.internal.ClientCallImpl$ClientStreamListenerImpl$1MessagesAvailable.runInternal(ClientCallImpl.java:660)
	at org.apache.ratis.thirdparty.io.grpc.internal.ClientCallImpl$ClientStreamListenerImpl$1MessagesAvailable.runInContext(ClientCallImpl.java:647)
	at org.apache.ratis.thirdparty.io.grpc.internal.ContextRunnable.run(ContextRunnable.java:37)
	at org.apache.ratis.thirdparty.io.grpc.internal.SerializingExecutor.run(SerializingExecutor.java:133)
	at java.base/java.util.concurrent.ThreadPoolExecutor.runWorker(ThreadPoolExecutor.java:1136)
	at java.base/java.util.concurrent.ThreadPoolExecutor$Worker.run(ThreadPoolExecutor.java:635)
	at java.base/java.lang.Thread.run(Thread.java:840)
Caused by: org.apache.ratis.protocol.exceptions.StateMachineException: org.apache.hadoop.hdds.scm.container.common.helpers.ContainerNotOpenException from Server c54b81e8-1f41-41f0-8c11-6d721527725f@group-788E4CDB4749: Container 2 in CLOSED state
	at org.apache.hadoop.ozone.container.common.impl.HddsDispatcher.validateContainerCommand(HddsDispatcher.java:569)
	at org.apache.hadoop.ozone.container.common.transport.server.ratis.ContainerStateMachine.startTransaction(ContainerStateMachine.java:426)
	at org.apache.ratis.server.impl.RaftServerImpl.writeAsyncImpl(RaftServerImpl.java:975)
	at org.apache.ratis.server.impl.RaftServerImpl.writeAsync(RaftServerImpl.java:945)
	at org.apache.ratis.server.impl.RaftServerImpl.replyFuture(RaftServerImpl.java:937)
	at org.apache.ratis.server.impl.RaftServerImpl.submitClientRequestAsync(RaftServerImpl.java:912)
	at org.apache.ratis.server.impl.RaftServerImpl.lambda$executeSubmitClientRequestAsync$11(RaftServerImpl.java:893)
	at java.base/java.util.concurrent.CompletableFuture$AsyncSupply.run(CompletableFuture.java:1768)
	... 3 more
Caused by: org.apache.hadoop.hdds.scm.container.common.helpers.ContainerNotOpenException: Container 2 in CLOSED state
	at jdk.internal.reflect.GeneratedConstructorAccessor90.newInstance(Unknown Source)
	at java.base/jdk.internal.reflect.DelegatingConstructorAccessorImpl.newInstance(DelegatingConstructorAccessorImpl.java:45)
	at java.base/java.lang.reflect.Constructor.newInstanceWithCaller(Constructor.java:500)
	at java.base/java.lang.reflect.Constructor.newInstance(Constructor.java:481)
	at org.apache.ratis.util.ReflectionUtils.instantiateException(ReflectionUtils.java:259)
	at org.apache.ratis.client.impl.ClientProtoUtils.toStateMachineException(ClientProtoUtils.java:451)
	at org.apache.ratis.client.impl.ClientProtoUtils.toStateMachineException(ClientProtoUtils.java:437)
	at org.apache.ratis.client.impl.ClientProtoUtils.toRaftClientReply(ClientProtoUtils.java:404)
	at org.apache.ratis.grpc.client.GrpcClientProtocolClient$AsyncStreamObservers$1.onNext(GrpcClientProtocolClient.java:310)
	at org.apache.ratis.grpc.client.GrpcClientProtocolClient$AsyncStreamObservers$1.onNext(GrpcClientProtocolClient.java:305)
	at org.apache.ratis.thirdparty.io.grpc.stub.ClientCalls$StreamObserverToCallListenerAdapter.onMessage(ClientCalls.java:468)
	at org.apache.ratis.thirdparty.io.grpc.ForwardingClientCallListener.onMessage(ForwardingClientCallListener.java:33)
	at org.apache.ratis.thirdparty.io.grpc.internal.ClientCallImpl$ClientStreamListenerImpl$1MessagesAvailable.runInternal(ClientCallImpl.java:660)
	at org.apache.ratis.thirdparty.io.grpc.internal.ClientCallImpl$ClientStreamListenerImpl$1MessagesAvailable.runInContext(ClientCallImpl.java:647)
	at org.apache.ratis.thirdparty.io.grpc.internal.ContextRunnable.run(ContextRunnable.java:37)
	at org.apache.ratis.thirdparty.io.grpc.internal.SerializingExecutor.run(SerializingExecutor.java:133)
	... 3 more
2024-08-15 10:19:54,117 [grpc-default-executor-6] ERROR impl.OrderedAsync (OrderedAsync.java:lambda$send$4(181)) - Failed to send request, message=cmdType: WriteChunk
traceID: ""
containerID: 2
datanodeUuid: "6c2c8d64-db13-4196-9e9e-e3b1acb91f99"
writeChunk {
  blockID {
    containerID: 2
    localID: 113750153625600005
    blockCommitSequenceId: 49
    replicaIndex: 0
  }
  chunkData {
    chunkName: "113750153625600005_chunk_8"
    offset: 700
    len: 100
    checksumData {
      type: NONE
      bytesPerChecksum: 16384
    }
  }
}
version: 4
, data.size=100
java.util.concurrent.CompletionException: org.apache.ratis.protocol.exceptions.StateMachineException: org.apache.hadoop.hdds.scm.container.common.helpers.ContainerNotOpenException from Server c54b81e8-1f41-41f0-8c11-6d721527725f@group-788E4CDB4749: Container 2 in CLOSED state
	at org.apache.ratis.client.impl.RaftClientImpl.handleRaftException(RaftClientImpl.java:373)
	at org.apache.ratis.client.impl.OrderedAsync.lambda$send$3(OrderedAsync.java:175)
	at java.base/java.util.concurrent.CompletableFuture$UniApply.tryFire(CompletableFuture.java:646)
	at java.base/java.util.concurrent.CompletableFuture.postComplete(CompletableFuture.java:510)
	at java.base/java.util.concurrent.CompletableFuture.complete(CompletableFuture.java:2147)
	at org.apache.ratis.client.impl.OrderedAsync$PendingOrderedRequest.setReply(OrderedAsync.java:105)
	at org.apache.ratis.client.impl.OrderedAsync$PendingOrderedRequest.setReply(OrderedAsync.java:66)
	at org.apache.ratis.util.SlidingWindow$RequestMap.setReply(SlidingWindow.java:147)
	at org.apache.ratis.util.SlidingWindow$Client.receiveReply(SlidingWindow.java:351)
	at org.apache.ratis.client.impl.OrderedAsync.lambda$sendRequestWithRetry$5(OrderedAsync.java:210)
	at java.base/java.util.concurrent.CompletableFuture$UniAccept.tryFire(CompletableFuture.java:718)
	at java.base/java.util.concurrent.CompletableFuture.postComplete(CompletableFuture.java:510)
	at java.base/java.util.concurrent.CompletableFuture.complete(CompletableFuture.java:2147)
	at org.apache.ratis.grpc.client.GrpcClientProtocolClient$AsyncStreamObservers$1.lambda$onNext$0(GrpcClientProtocolClient.java:322)
	at java.base/java.util.Optional.ifPresent(Optional.java:178)
	at org.apache.ratis.grpc.client.GrpcClientProtocolClient$AsyncStreamObservers.handleReplyFuture(GrpcClientProtocolClient.java:378)
	at org.apache.ratis.grpc.client.GrpcClientProtocolClient$AsyncStreamObservers.access$100(GrpcClientProtocolClient.java:300)
	at org.apache.ratis.grpc.client.GrpcClientProtocolClient$AsyncStreamObservers$1.onNext(GrpcClientProtocolClient.java:322)
	at org.apache.ratis.grpc.client.GrpcClientProtocolClient$AsyncStreamObservers$1.onNext(GrpcClientProtocolClient.java:305)
	at org.apache.ratis.thirdparty.io.grpc.stub.ClientCalls$StreamObserverToCallListenerAdapter.onMessage(ClientCalls.java:468)
	at org.apache.ratis.thirdparty.io.grpc.ForwardingClientCallListener.onMessage(ForwardingClientCallListener.java:33)
	at org.apache.ratis.thirdparty.io.grpc.internal.ClientCallImpl$ClientStreamListenerImpl$1MessagesAvailable.runInternal(ClientCallImpl.java:660)
	at org.apache.ratis.thirdparty.io.grpc.internal.ClientCallImpl$ClientStreamListenerImpl$1MessagesAvailable.runInContext(ClientCallImpl.java:647)
	at org.apache.ratis.thirdparty.io.grpc.internal.ContextRunnable.run(ContextRunnable.java:37)
	at org.apache.ratis.thirdparty.io.grpc.internal.SerializingExecutor.run(SerializingExecutor.java:133)
	at java.base/java.util.concurrent.ThreadPoolExecutor.runWorker(ThreadPoolExecutor.java:1136)
	at java.base/java.util.concurrent.ThreadPoolExecutor$Worker.run(ThreadPoolExecutor.java:635)
	at java.base/java.lang.Thread.run(Thread.java:840)
Caused by: org.apache.ratis.protocol.exceptions.StateMachineException: org.apache.hadoop.hdds.scm.container.common.helpers.ContainerNotOpenException from Server c54b81e8-1f41-41f0-8c11-6d721527725f@group-788E4CDB4749: Container 2 in CLOSED state
	at org.apache.hadoop.ozone.container.common.impl.HddsDispatcher.validateContainerCommand(HddsDispatcher.java:569)
	at org.apache.hadoop.ozone.container.common.transport.server.ratis.ContainerStateMachine.startTransaction(ContainerStateMachine.java:426)
	at org.apache.ratis.server.impl.RaftServerImpl.writeAsyncImpl(RaftServerImpl.java:975)
	at org.apache.ratis.server.impl.RaftServerImpl.writeAsync(RaftServerImpl.java:945)
	at org.apache.ratis.server.impl.RaftServerImpl.replyFuture(RaftServerImpl.java:937)
	at org.apache.ratis.server.impl.RaftServerImpl.submitClientRequestAsync(RaftServerImpl.java:912)
	at org.apache.ratis.server.impl.RaftServerImpl.lambda$executeSubmitClientRequestAsync$11(RaftServerImpl.java:893)
	at java.base/java.util.concurrent.CompletableFuture$AsyncSupply.run(CompletableFuture.java:1768)
	... 3 more
Caused by: org.apache.hadoop.hdds.scm.container.common.helpers.ContainerNotOpenException: Container 2 in CLOSED state
	at jdk.internal.reflect.GeneratedConstructorAccessor90.newInstance(Unknown Source)
	at java.base/jdk.internal.reflect.DelegatingConstructorAccessorImpl.newInstance(DelegatingConstructorAccessorImpl.java:45)
	at java.base/java.lang.reflect.Constructor.newInstanceWithCaller(Constructor.java:500)
	at java.base/java.lang.reflect.Constructor.newInstance(Constructor.java:481)
	at org.apache.ratis.util.ReflectionUtils.instantiateException(ReflectionUtils.java:259)
	at org.apache.ratis.client.impl.ClientProtoUtils.toStateMachineException(ClientProtoUtils.java:451)
	at org.apache.ratis.client.impl.ClientProtoUtils.toStateMachineException(ClientProtoUtils.java:437)
	at org.apache.ratis.client.impl.ClientProtoUtils.toRaftClientReply(ClientProtoUtils.java:404)
	at org.apache.ratis.grpc.client.GrpcClientProtocolClient$AsyncStreamObservers$1.onNext(GrpcClientProtocolClient.java:310)
	at org.apache.ratis.grpc.client.GrpcClientProtocolClient$AsyncStreamObservers$1.onNext(GrpcClientProtocolClient.java:305)
	at org.apache.ratis.thirdparty.io.grpc.stub.ClientCalls$StreamObserverToCallListenerAdapter.onMessage(ClientCalls.java:468)
	at org.apache.ratis.thirdparty.io.grpc.ForwardingClientCallListener.onMessage(ForwardingClientCallListener.java:33)
	at org.apache.ratis.thirdparty.io.grpc.internal.ClientCallImpl$ClientStreamListenerImpl$1MessagesAvailable.runInternal(ClientCallImpl.java:660)
	at org.apache.ratis.thirdparty.io.grpc.internal.ClientCallImpl$ClientStreamListenerImpl$1MessagesAvailable.runInContext(ClientCallImpl.java:647)
	at org.apache.ratis.thirdparty.io.grpc.internal.ContextRunnable.run(ContextRunnable.java:37)
	at org.apache.ratis.thirdparty.io.grpc.internal.SerializingExecutor.run(SerializingExecutor.java:133)
	... 3 more
2024-08-15 10:19:54,118 [grpc-default-executor-6] ERROR impl.OrderedAsync (OrderedAsync.java:lambda$send$4(181)) - Failed to send request, message=cmdType: PutBlock
traceID: ""
containerID: 2
datanodeUuid: "6c2c8d64-db13-4196-9e9e-e3b1acb91f99"
putBlock {
  blockData {
    blockID {
      containerID: 2
      localID: 113750153625600005
      blockCommitSequenceId: 0
    }
    metadata {
      key: "TYPE"
      value: "KEY"
    }
    chunks {
      chunkName: "113750153625600005_chunk_1"
      offset: 0
      len: 100
      checksumData {
        type: NONE
        bytesPerChecksum: 16384
      }
    }
    chunks {
      chunkName: "113750153625600005_chunk_2"
      offset: 100
      len: 100
      checksumData {
        type: NONE
        bytesPerChecksum: 16384
      }
    }
    chunks {
      chunkName: "113750153625600005_chunk_3"
      offset: 200
      len: 100
      checksumData {
        type: NONE
        bytesPerChecksum: 16384
      }
    }
    chunks {
      chunkName: "113750153625600005_chunk_4"
      offset: 300
      len: 100
      checksumData {
        type: NONE
        bytesPerChecksum: 16384
      }
    }
    chunks {
      chunkName: "113750153625600005_chunk_5"
      offset: 400
      len: 100
      checksumData {
        type: NONE
        bytesPerChecksum: 16384
      }
    }
    chunks {
      chunkName: "113750153625600005_chunk_6"
      offset: 500
      len: 100
      checksumData {
        type: NONE
        bytesPerChecksum: 16384
      }
    }
    chunks {
      chunkName: "113750153625600005_chunk_7"
      offset: 600
      len: 100
      checksumData {
        type: NONE
        bytesPerChecksum: 16384
      }
    }
    chunks {
      chunkName: "113750153625600005_chunk_8"
      offset: 700
      len: 100
      checksumData {
        type: NONE
        bytesPerChecksum: 16384
      }
    }
  }
  eof: true
}
version: 4
, data.size=0
java.util.concurrent.CompletionException: org.apache.ratis.protocol.exceptions.StateMachineException: org.apache.hadoop.hdds.scm.container.common.helpers.ContainerNotOpenException from Server c54b81e8-1f41-41f0-8c11-6d721527725f@group-788E4CDB4749: Container 2 in CLOSED state
	at org.apache.ratis.client.impl.RaftClientImpl.handleRaftException(RaftClientImpl.java:373)
	at org.apache.ratis.client.impl.OrderedAsync.lambda$send$3(OrderedAsync.java:175)
	at java.base/java.util.concurrent.CompletableFuture$UniApply.tryFire(CompletableFuture.java:646)
	at java.base/java.util.concurrent.CompletableFuture.postComplete(CompletableFuture.java:510)
	at java.base/java.util.concurrent.CompletableFuture.complete(CompletableFuture.java:2147)
	at org.apache.ratis.client.impl.OrderedAsync$PendingOrderedRequest.setReply(OrderedAsync.java:105)
	at org.apache.ratis.client.impl.OrderedAsync$PendingOrderedRequest.setReply(OrderedAsync.java:66)
	at org.apache.ratis.util.SlidingWindow$RequestMap.setReply(SlidingWindow.java:147)
	at org.apache.ratis.util.SlidingWindow$Client.receiveReply(SlidingWindow.java:351)
	at org.apache.ratis.client.impl.OrderedAsync.lambda$sendRequestWithRetry$5(OrderedAsync.java:210)
	at java.base/java.util.concurrent.CompletableFuture$UniAccept.tryFire(CompletableFuture.java:718)
	at java.base/java.util.concurrent.CompletableFuture.postComplete(CompletableFuture.java:510)
	at java.base/java.util.concurrent.CompletableFuture.complete(CompletableFuture.java:2147)
	at org.apache.ratis.grpc.client.GrpcClientProtocolClient$AsyncStreamObservers$1.lambda$onNext$0(GrpcClientProtocolClient.java:322)
	at java.base/java.util.Optional.ifPresent(Optional.java:178)
	at org.apache.ratis.grpc.client.GrpcClientProtocolClient$AsyncStreamObservers.handleReplyFuture(GrpcClientProtocolClient.java:378)
	at org.apache.ratis.grpc.client.GrpcClientProtocolClient$AsyncStreamObservers.access$100(GrpcClientProtocolClient.java:300)
	at org.apache.ratis.grpc.client.GrpcClientProtocolClient$AsyncStreamObservers$1.onNext(GrpcClientProtocolClient.java:322)
	at org.apache.ratis.grpc.client.GrpcClientProtocolClient$AsyncStreamObservers$1.onNext(GrpcClientProtocolClient.java:305)
	at org.apache.ratis.thirdparty.io.grpc.stub.ClientCalls$StreamObserverToCallListenerAdapter.onMessage(ClientCalls.java:468)
	at org.apache.ratis.thirdparty.io.grpc.ForwardingClientCallListener.onMessage(ForwardingClientCallListener.java:33)
	at org.apache.ratis.thirdparty.io.grpc.internal.ClientCallImpl$ClientStreamListenerImpl$1MessagesAvailable.runInternal(ClientCallImpl.java:660)
	at org.apache.ratis.thirdparty.io.grpc.internal.ClientCallImpl$ClientStreamListenerImpl$1MessagesAvailable.runInContext(ClientCallImpl.java:647)
	at org.apache.ratis.thirdparty.io.grpc.internal.ContextRunnable.run(ContextRunnable.java:37)
	at org.apache.ratis.thirdparty.io.grpc.internal.SerializingExecutor.run(SerializingExecutor.java:133)
	at java.base/java.util.concurrent.ThreadPoolExecutor.runWorker(ThreadPoolExecutor.java:1136)
	at java.base/java.util.concurrent.ThreadPoolExecutor$Worker.run(ThreadPoolExecutor.java:635)
	at java.base/java.lang.Thread.run(Thread.java:840)
Caused by: org.apache.ratis.protocol.exceptions.StateMachineException: org.apache.hadoop.hdds.scm.container.common.helpers.ContainerNotOpenException from Server c54b81e8-1f41-41f0-8c11-6d721527725f@group-788E4CDB4749: Container 2 in CLOSED state
	at org.apache.hadoop.ozone.container.common.impl.HddsDispatcher.validateContainerCommand(HddsDispatcher.java:569)
	at org.apache.hadoop.ozone.container.common.transport.server.ratis.ContainerStateMachine.startTransaction(ContainerStateMachine.java:426)
	at org.apache.ratis.server.impl.RaftServerImpl.writeAsyncImpl(RaftServerImpl.java:975)
	at org.apache.ratis.server.impl.RaftServerImpl.writeAsync(RaftServerImpl.java:945)
	at org.apache.ratis.server.impl.RaftServerImpl.replyFuture(RaftServerImpl.java:937)
	at org.apache.ratis.server.impl.RaftServerImpl.submitClientRequestAsync(RaftServerImpl.java:912)
	at org.apache.ratis.server.impl.RaftServerImpl.lambda$executeSubmitClientRequestAsync$11(RaftServerImpl.java:893)
	at java.base/java.util.concurrent.CompletableFuture$AsyncSupply.run(CompletableFuture.java:1768)
	... 3 more
Caused by: org.apache.hadoop.hdds.scm.container.common.helpers.ContainerNotOpenException: Container 2 in CLOSED state
	at jdk.internal.reflect.GeneratedConstructorAccessor90.newInstance(Unknown Source)
	at java.base/jdk.internal.reflect.DelegatingConstructorAccessorImpl.newInstance(DelegatingConstructorAccessorImpl.java:45)
	at java.base/java.lang.reflect.Constructor.newInstanceWithCaller(Constructor.java:500)
	at java.base/java.lang.reflect.Constructor.newInstance(Constructor.java:481)
	at org.apache.ratis.util.ReflectionUtils.instantiateException(ReflectionUtils.java:259)
	at org.apache.ratis.client.impl.ClientProtoUtils.toStateMachineException(ClientProtoUtils.java:451)
	at org.apache.ratis.client.impl.ClientProtoUtils.toStateMachineException(ClientProtoUtils.java:437)
	at org.apache.ratis.client.impl.ClientProtoUtils.toRaftClientReply(ClientProtoUtils.java:404)
	at org.apache.ratis.grpc.client.GrpcClientProtocolClient$AsyncStreamObservers$1.onNext(GrpcClientProtocolClient.java:310)
	at org.apache.ratis.grpc.client.GrpcClientProtocolClient$AsyncStreamObservers$1.onNext(GrpcClientProtocolClient.java:305)
	at org.apache.ratis.thirdparty.io.grpc.stub.ClientCalls$StreamObserverToCallListenerAdapter.onMessage(ClientCalls.java:468)
	at org.apache.ratis.thirdparty.io.grpc.ForwardingClientCallListener.onMessage(ForwardingClientCallListener.java:33)
	at org.apache.ratis.thirdparty.io.grpc.internal.ClientCallImpl$ClientStreamListenerImpl$1MessagesAvailable.runInternal(ClientCallImpl.java:660)
	at org.apache.ratis.thirdparty.io.grpc.internal.ClientCallImpl$ClientStreamListenerImpl$1MessagesAvailable.runInContext(ClientCallImpl.java:647)
	at org.apache.ratis.thirdparty.io.grpc.internal.ContextRunnable.run(ContextRunnable.java:37)
	at org.apache.ratis.thirdparty.io.grpc.internal.SerializingExecutor.run(SerializingExecutor.java:133)
	... 3 more
2024-08-15 10:19:54,124 [main] INFO  scm.XceiverClientRatis (XceiverClientRatis.java:<init>(140)) - WatchType ALL_COMMITTED. Majority 2, 
2024-08-15 10:19:56,707 [EventQueue-CloseContainerForCloseContainerEventHandler] INFO  container.CloseContainerEventHandler (CloseContainerEventHandler.java:onMessage(88)) - Close container Event triggered for container : #5, current state: OPEN
2024-08-15 10:19:56,708 [EventQueue-CloseContainerForCloseContainerEventHandler] INFO  container.CloseContainerEventHandler (CloseContainerEventHandler.java:onMessage(88)) - Close container Event triggered for container : #5, current state: CLOSING
2024-08-15 10:19:56,708 [EventQueue-CloseContainerForCloseContainerEventHandler] INFO  container.CloseContainerEventHandler (CloseContainerEventHandler.java:onMessage(88)) - Close container Event triggered for container : #5, current state: CLOSING
2024-08-15 10:19:59,138 [6c2c8d64-db13-4196-9e9e-e3b1acb91f99-ContainerOp-51ee1fd2-a1a9-4dcc-ae81-269b51d56f15-0] INFO  keyvalue.KeyValueContainer (KeyValueContainer.java:flushAndSyncDB(529)) - Container 5 is synced with bcsId 19.
2024-08-15 10:19:59,138 [6c2c8d64-db13-4196-9e9e-e3b1acb91f99-ContainerOp-51ee1fd2-a1a9-4dcc-ae81-269b51d56f15-0] INFO  keyvalue.KeyValueContainer (KeyValueContainer.java:flushAndSyncDB(529)) - Container 5 is synced with bcsId 19.
2024-08-15 10:19:59,140 [81bac27f-0582-41fc-bc3f-9f968300fa98-CloseContainerThread-2] INFO  commandhandler.CloseContainerCommandHandler (CloseContainerCommandHandler.java:lambda$handle$0(154)) - Follower cannot close container #5.
2024-08-15 10:19:59,141 [81bac27f-0582-41fc-bc3f-9f968300fa98-ContainerOp-51ee1fd2-a1a9-4dcc-ae81-269b51d56f15-1] INFO  keyvalue.KeyValueContainer (KeyValueContainer.java:flushAndSyncDB(529)) - Container 5 is synced with bcsId 19.
2024-08-15 10:19:59,141 [81bac27f-0582-41fc-bc3f-9f968300fa98-ContainerOp-51ee1fd2-a1a9-4dcc-ae81-269b51d56f15-1] INFO  keyvalue.KeyValueContainer (KeyValueContainer.java:flushAndSyncDB(529)) - Container 5 is synced with bcsId 19.
2024-08-15 10:19:59,141 [6c2c8d64-db13-4196-9e9e-e3b1acb91f99-ContainerOp-51ee1fd2-a1a9-4dcc-ae81-269b51d56f15-0] INFO  keyvalue.KeyValueContainer (KeyValueContainer.java:close(444)) - Container 5 is closed with bcsId 19.
2024-08-15 10:19:59,143 [FixedThreadPoolWithAffinityExecutor-8-0] INFO  container.IncrementalContainerReportHandler (AbstractContainerReportHandler.java:updateContainerState(312)) - Moving container #5 to CLOSED state, datanode 6c2c8d64-db13-4196-9e9e-e3b1acb91f99(localhost/127.0.0.1) reported CLOSED replica with index 0.
2024-08-15 10:19:59,143 [81bac27f-0582-41fc-bc3f-9f968300fa98-ContainerOp-51ee1fd2-a1a9-4dcc-ae81-269b51d56f15-1] INFO  keyvalue.KeyValueContainer (KeyValueContainer.java:close(444)) - Container 5 is closed with bcsId 19.
2024-08-15 10:19:59,144 [c54b81e8-1f41-41f0-8c11-6d721527725f-ContainerOp-51ee1fd2-a1a9-4dcc-ae81-269b51d56f15-1] INFO  keyvalue.KeyValueContainer (KeyValueContainer.java:flushAndSyncDB(529)) - Container 5 is synced with bcsId 19.
2024-08-15 10:19:59,144 [c54b81e8-1f41-41f0-8c11-6d721527725f-ContainerOp-51ee1fd2-a1a9-4dcc-ae81-269b51d56f15-1] INFO  keyvalue.KeyValueContainer (KeyValueContainer.java:flushAndSyncDB(529)) - Container 5 is synced with bcsId 19.
2024-08-15 10:19:59,145 [c54b81e8-1f41-41f0-8c11-6d721527725f-CloseContainerThread-2] INFO  commandhandler.CloseContainerCommandHandler (CloseContainerCommandHandler.java:lambda$handle$0(154)) - Follower cannot close container #5.
2024-08-15 10:19:59,145 [c54b81e8-1f41-41f0-8c11-6d721527725f-ContainerOp-51ee1fd2-a1a9-4dcc-ae81-269b51d56f15-1] INFO  keyvalue.KeyValueContainer (KeyValueContainer.java:close(444)) - Container 5 is closed with bcsId 19.
10:19:59.210 [6c2c8d64-db13-4196-9e9e-e3b1acb91f99-client-thread1] ERROR DNAudit - user=null | ip=null | op=WRITE_CHUNK {blockData=conID: 5 locID: 113750153625600007 bcsId: 19 replicaIndex: 0, blockDataSize=100} | ret=FAILURE
org.apache.hadoop.hdds.scm.container.common.helpers.ContainerNotOpenException: Container 5 in CLOSED state
	at org.apache.hadoop.ozone.container.common.impl.HddsDispatcher.validateContainerCommand(HddsDispatcher.java:569) ~[hdds-container-service-1.5.0-SNAPSHOT.jar:?]
	at org.apache.hadoop.ozone.container.common.transport.server.ratis.ContainerStateMachine.startTransaction(ContainerStateMachine.java:426) ~[hdds-container-service-1.5.0-SNAPSHOT.jar:?]
	at org.apache.ratis.server.impl.RaftServerImpl.writeAsyncImpl(RaftServerImpl.java:975) ~[ratis-server-3.1.0.jar:3.1.0]
	at org.apache.ratis.server.impl.RaftServerImpl.writeAsync(RaftServerImpl.java:945) ~[ratis-server-3.1.0.jar:3.1.0]
	at org.apache.ratis.server.impl.RaftServerImpl.replyFuture(RaftServerImpl.java:937) ~[ratis-server-3.1.0.jar:3.1.0]
	at org.apache.ratis.server.impl.RaftServerImpl.submitClientRequestAsync(RaftServerImpl.java:912) ~[ratis-server-3.1.0.jar:3.1.0]
	at org.apache.ratis.server.impl.RaftServerImpl.lambda$executeSubmitClientRequestAsync$11(RaftServerImpl.java:893) ~[ratis-server-3.1.0.jar:3.1.0]
	at java.base/java.util.concurrent.CompletableFuture$AsyncSupply.run(CompletableFuture.java:1768) [?:?]
	at java.base/java.util.concurrent.ThreadPoolExecutor.runWorker(ThreadPoolExecutor.java:1136) [?:?]
	at java.base/java.util.concurrent.ThreadPoolExecutor$Worker.run(ThreadPoolExecutor.java:635) [?:?]
	at java.base/java.lang.Thread.run(Thread.java:840) [?:?]
10:19:59.212 [6c2c8d64-db13-4196-9e9e-e3b1acb91f99-client-thread1] ERROR DNAudit - user=null | ip=null | op=WRITE_CHUNK {blockData=conID: 5 locID: 113750153625600007 bcsId: 19 replicaIndex: 0, blockDataSize=67} | ret=FAILURE
org.apache.hadoop.hdds.scm.container.common.helpers.ContainerNotOpenException: Container 5 in CLOSED state
	at org.apache.hadoop.ozone.container.common.impl.HddsDispatcher.validateContainerCommand(HddsDispatcher.java:569) ~[hdds-container-service-1.5.0-SNAPSHOT.jar:?]
	at org.apache.hadoop.ozone.container.common.transport.server.ratis.ContainerStateMachine.startTransaction(ContainerStateMachine.java:426) ~[hdds-container-service-1.5.0-SNAPSHOT.jar:?]
	at org.apache.ratis.server.impl.RaftServerImpl.writeAsyncImpl(RaftServerImpl.java:975) ~[ratis-server-3.1.0.jar:3.1.0]
	at org.apache.ratis.server.impl.RaftServerImpl.writeAsync(RaftServerImpl.java:945) ~[ratis-server-3.1.0.jar:3.1.0]
	at org.apache.ratis.server.impl.RaftServerImpl.replyFuture(RaftServerImpl.java:937) ~[ratis-server-3.1.0.jar:3.1.0]
	at org.apache.ratis.server.impl.RaftServerImpl.submitClientRequestAsync(RaftServerImpl.java:912) ~[ratis-server-3.1.0.jar:3.1.0]
	at org.apache.ratis.server.impl.RaftServerImpl.lambda$executeSubmitClientRequestAsync$11(RaftServerImpl.java:893) ~[ratis-server-3.1.0.jar:3.1.0]
	at java.base/java.util.concurrent.CompletableFuture$AsyncSupply.run(CompletableFuture.java:1768) [?:?]
	at java.base/java.util.concurrent.ThreadPoolExecutor.runWorker(ThreadPoolExecutor.java:1136) [?:?]
	at java.base/java.util.concurrent.ThreadPoolExecutor$Worker.run(ThreadPoolExecutor.java:635) [?:?]
	at java.base/java.lang.Thread.run(Thread.java:840) [?:?]
2024-08-15 10:19:59,212 [grpc-default-executor-0] ERROR impl.OrderedAsync (OrderedAsync.java:lambda$send$4(181)) - Failed to send request, message=cmdType: WriteChunk
traceID: ""
containerID: 5
datanodeUuid: "c54b81e8-1f41-41f0-8c11-6d721527725f"
writeChunk {
  blockID {
    containerID: 5
    localID: 113750153625600007
    blockCommitSequenceId: 19
    replicaIndex: 0
  }
  chunkData {
    chunkName: "113750153625600007_chunk_3"
    offset: 167
    len: 100
    checksumData {
      type: NONE
      bytesPerChecksum: 16384
    }
  }
}
version: 4
, data.size=100
java.util.concurrent.CompletionException: org.apache.ratis.protocol.exceptions.StateMachineException: org.apache.hadoop.hdds.scm.container.common.helpers.ContainerNotOpenException from Server 6c2c8d64-db13-4196-9e9e-e3b1acb91f99@group-269B51D56F15: Container 5 in CLOSED state
	at org.apache.ratis.client.impl.RaftClientImpl.handleRaftException(RaftClientImpl.java:373)
	at org.apache.ratis.client.impl.OrderedAsync.lambda$send$3(OrderedAsync.java:175)
	at java.base/java.util.concurrent.CompletableFuture$UniApply.tryFire(CompletableFuture.java:646)
	at java.base/java.util.concurrent.CompletableFuture.postComplete(CompletableFuture.java:510)
	at java.base/java.util.concurrent.CompletableFuture.complete(CompletableFuture.java:2147)
	at org.apache.ratis.client.impl.OrderedAsync$PendingOrderedRequest.setReply(OrderedAsync.java:105)
	at org.apache.ratis.client.impl.OrderedAsync$PendingOrderedRequest.setReply(OrderedAsync.java:66)
	at org.apache.ratis.util.SlidingWindow$RequestMap.setReply(SlidingWindow.java:147)
	at org.apache.ratis.util.SlidingWindow$Client.receiveReply(SlidingWindow.java:351)
	at org.apache.ratis.client.impl.OrderedAsync.lambda$sendRequestWithRetry$5(OrderedAsync.java:210)
	at java.base/java.util.concurrent.CompletableFuture$UniAccept.tryFire(CompletableFuture.java:718)
	at java.base/java.util.concurrent.CompletableFuture.postComplete(CompletableFuture.java:510)
	at java.base/java.util.concurrent.CompletableFuture.complete(CompletableFuture.java:2147)
	at org.apache.ratis.grpc.client.GrpcClientProtocolClient$AsyncStreamObservers$1.lambda$onNext$0(GrpcClientProtocolClient.java:322)
	at java.base/java.util.Optional.ifPresent(Optional.java:178)
	at org.apache.ratis.grpc.client.GrpcClientProtocolClient$AsyncStreamObservers.handleReplyFuture(GrpcClientProtocolClient.java:378)
	at org.apache.ratis.grpc.client.GrpcClientProtocolClient$AsyncStreamObservers.access$100(GrpcClientProtocolClient.java:300)
	at org.apache.ratis.grpc.client.GrpcClientProtocolClient$AsyncStreamObservers$1.onNext(GrpcClientProtocolClient.java:322)
	at org.apache.ratis.grpc.client.GrpcClientProtocolClient$AsyncStreamObservers$1.onNext(GrpcClientProtocolClient.java:305)
	at org.apache.ratis.thirdparty.io.grpc.stub.ClientCalls$StreamObserverToCallListenerAdapter.onMessage(ClientCalls.java:468)
	at org.apache.ratis.thirdparty.io.grpc.ForwardingClientCallListener.onMessage(ForwardingClientCallListener.java:33)
	at org.apache.ratis.thirdparty.io.grpc.internal.ClientCallImpl$ClientStreamListenerImpl$1MessagesAvailable.runInternal(ClientCallImpl.java:660)
	at org.apache.ratis.thirdparty.io.grpc.internal.ClientCallImpl$ClientStreamListenerImpl$1MessagesAvailable.runInContext(ClientCallImpl.java:647)
	at org.apache.ratis.thirdparty.io.grpc.internal.ContextRunnable.run(ContextRunnable.java:37)
	at org.apache.ratis.thirdparty.io.grpc.internal.SerializingExecutor.run(SerializingExecutor.java:133)
	at java.base/java.util.concurrent.ThreadPoolExecutor.runWorker(ThreadPoolExecutor.java:1136)
	at java.base/java.util.concurrent.ThreadPoolExecutor$Worker.run(ThreadPoolExecutor.java:635)
	at java.base/java.lang.Thread.run(Thread.java:840)
Caused by: org.apache.ratis.protocol.exceptions.StateMachineException: org.apache.hadoop.hdds.scm.container.common.helpers.ContainerNotOpenException from Server 6c2c8d64-db13-4196-9e9e-e3b1acb91f99@group-269B51D56F15: Container 5 in CLOSED state
	at org.apache.hadoop.ozone.container.common.impl.HddsDispatcher.validateContainerCommand(HddsDispatcher.java:569)
	at org.apache.hadoop.ozone.container.common.transport.server.ratis.ContainerStateMachine.startTransaction(ContainerStateMachine.java:426)
	at org.apache.ratis.server.impl.RaftServerImpl.writeAsyncImpl(RaftServerImpl.java:975)
	at org.apache.ratis.server.impl.RaftServerImpl.writeAsync(RaftServerImpl.java:945)
	at org.apache.ratis.server.impl.RaftServerImpl.replyFuture(RaftServerImpl.java:937)
	at org.apache.ratis.server.impl.RaftServerImpl.submitClientRequestAsync(RaftServerImpl.java:912)
	at org.apache.ratis.server.impl.RaftServerImpl.lambda$executeSubmitClientRequestAsync$11(RaftServerImpl.java:893)
	at java.base/java.util.concurrent.CompletableFuture$AsyncSupply.run(CompletableFuture.java:1768)
	... 3 more
Caused by: org.apache.hadoop.hdds.scm.container.common.helpers.ContainerNotOpenException: Container 5 in CLOSED state
	at jdk.internal.reflect.GeneratedConstructorAccessor90.newInstance(Unknown Source)
	at java.base/jdk.internal.reflect.DelegatingConstructorAccessorImpl.newInstance(DelegatingConstructorAccessorImpl.java:45)
	at java.base/java.lang.reflect.Constructor.newInstanceWithCaller(Constructor.java:500)
	at java.base/java.lang.reflect.Constructor.newInstance(Constructor.java:481)
	at org.apache.ratis.util.ReflectionUtils.instantiateException(ReflectionUtils.java:259)
	at org.apache.ratis.client.impl.ClientProtoUtils.toStateMachineException(ClientProtoUtils.java:451)
	at org.apache.ratis.client.impl.ClientProtoUtils.toStateMachineException(ClientProtoUtils.java:437)
	at org.apache.ratis.client.impl.ClientProtoUtils.toRaftClientReply(ClientProtoUtils.java:404)
	at org.apache.ratis.grpc.client.GrpcClientProtocolClient$AsyncStreamObservers$1.onNext(GrpcClientProtocolClient.java:310)
	at org.apache.ratis.grpc.client.GrpcClientProtocolClient$AsyncStreamObservers$1.onNext(GrpcClientProtocolClient.java:305)
	at org.apache.ratis.thirdparty.io.grpc.stub.ClientCalls$StreamObserverToCallListenerAdapter.onMessage(ClientCalls.java:468)
	at org.apache.ratis.thirdparty.io.grpc.ForwardingClientCallListener.onMessage(ForwardingClientCallListener.java:33)
	at org.apache.ratis.thirdparty.io.grpc.internal.ClientCallImpl$ClientStreamListenerImpl$1MessagesAvailable.runInternal(ClientCallImpl.java:660)
	at org.apache.ratis.thirdparty.io.grpc.internal.ClientCallImpl$ClientStreamListenerImpl$1MessagesAvailable.runInContext(ClientCallImpl.java:647)
	at org.apache.ratis.thirdparty.io.grpc.internal.ContextRunnable.run(ContextRunnable.java:37)
	at org.apache.ratis.thirdparty.io.grpc.internal.SerializingExecutor.run(SerializingExecutor.java:133)
	... 3 more
2024-08-15 10:19:59,215 [grpc-default-executor-0] ERROR impl.OrderedAsync (OrderedAsync.java:lambda$send$4(181)) - Failed to send request, message=cmdType: WriteChunk
traceID: ""
containerID: 5
datanodeUuid: "c54b81e8-1f41-41f0-8c11-6d721527725f"
writeChunk {
  blockID {
    containerID: 5
    localID: 113750153625600007
    blockCommitSequenceId: 19
    replicaIndex: 0
  }
  chunkData {
    chunkName: "113750153625600007_chunk_4"
    offset: 267
    len: 67
    checksumData {
      type: NONE
      bytesPerChecksum: 16384
    }
  }
  block {
    blockData {
      blockID {
        containerID: 5
        localID: 113750153625600007
        blockCommitSequenceId: 0
      }
      metadata {
        key: "TYPE"
        value: "KEY"
      }
      chunks {
        chunkName: "113750153625600007_chunk_1"
        offset: 0
        len: 100
        checksumData {
          type: NONE
          bytesPerChecksum: 16384
        }
      }
      chunks {
        chunkName: "113750153625600007_chunk_2"
        offset: 100
        len: 67
        checksumData {
          type: NONE
          bytesPerChecksum: 16384
        }
      }
      chunks {
        chunkName: "113750153625600007_chunk_3"
        offset: 167
        len: 100
        checksumData {
          type: NONE
          bytesPerChecksum: 16384
        }
      }
      chunks {
        chunkName: "113750153625600007_chunk_4"
        offset: 267
        len: 67
        checksumData {
          type: NONE
          bytesPerChecksum: 16384
        }
      }
    }
    eof: true
  }
}
version: 4
, data.size=67
java.util.concurrent.CompletionException: org.apache.ratis.protocol.exceptions.StateMachineException: org.apache.hadoop.hdds.scm.container.common.helpers.ContainerNotOpenException from Server 6c2c8d64-db13-4196-9e9e-e3b1acb91f99@group-269B51D56F15: Container 5 in CLOSED state
	at org.apache.ratis.client.impl.RaftClientImpl.handleRaftException(RaftClientImpl.java:373)
	at org.apache.ratis.client.impl.OrderedAsync.lambda$send$3(OrderedAsync.java:175)
	at java.base/java.util.concurrent.CompletableFuture$UniApply.tryFire(CompletableFuture.java:646)
	at java.base/java.util.concurrent.CompletableFuture.postComplete(CompletableFuture.java:510)
	at java.base/java.util.concurrent.CompletableFuture.complete(CompletableFuture.java:2147)
	at org.apache.ratis.client.impl.OrderedAsync$PendingOrderedRequest.setReply(OrderedAsync.java:105)
	at org.apache.ratis.client.impl.OrderedAsync$PendingOrderedRequest.setReply(OrderedAsync.java:66)
	at org.apache.ratis.util.SlidingWindow$RequestMap.setReply(SlidingWindow.java:147)
	at org.apache.ratis.util.SlidingWindow$Client.receiveReply(SlidingWindow.java:351)
	at org.apache.ratis.client.impl.OrderedAsync.lambda$sendRequestWithRetry$5(OrderedAsync.java:210)
	at java.base/java.util.concurrent.CompletableFuture$UniAccept.tryFire(CompletableFuture.java:718)
	at java.base/java.util.concurrent.CompletableFuture.postComplete(CompletableFuture.java:510)
	at java.base/java.util.concurrent.CompletableFuture.complete(CompletableFuture.java:2147)
	at org.apache.ratis.grpc.client.GrpcClientProtocolClient$AsyncStreamObservers$1.lambda$onNext$0(GrpcClientProtocolClient.java:322)
	at java.base/java.util.Optional.ifPresent(Optional.java:178)
	at org.apache.ratis.grpc.client.GrpcClientProtocolClient$AsyncStreamObservers.handleReplyFuture(GrpcClientProtocolClient.java:378)
	at org.apache.ratis.grpc.client.GrpcClientProtocolClient$AsyncStreamObservers.access$100(GrpcClientProtocolClient.java:300)
	at org.apache.ratis.grpc.client.GrpcClientProtocolClient$AsyncStreamObservers$1.onNext(GrpcClientProtocolClient.java:322)
	at org.apache.ratis.grpc.client.GrpcClientProtocolClient$AsyncStreamObservers$1.onNext(GrpcClientProtocolClient.java:305)
	at org.apache.ratis.thirdparty.io.grpc.stub.ClientCalls$StreamObserverToCallListenerAdapter.onMessage(ClientCalls.java:468)
	at org.apache.ratis.thirdparty.io.grpc.ForwardingClientCallListener.onMessage(ForwardingClientCallListener.java:33)
	at org.apache.ratis.thirdparty.io.grpc.internal.ClientCallImpl$ClientStreamListenerImpl$1MessagesAvailable.runInternal(ClientCallImpl.java:660)
	at org.apache.ratis.thirdparty.io.grpc.internal.ClientCallImpl$ClientStreamListenerImpl$1MessagesAvailable.runInContext(ClientCallImpl.java:647)
	at org.apache.ratis.thirdparty.io.grpc.internal.ContextRunnable.run(ContextRunnable.java:37)
	at org.apache.ratis.thirdparty.io.grpc.internal.SerializingExecutor.run(SerializingExecutor.java:133)
	at java.base/java.util.concurrent.ThreadPoolExecutor.runWorker(ThreadPoolExecutor.java:1136)
	at java.base/java.util.concurrent.ThreadPoolExecutor$Worker.run(ThreadPoolExecutor.java:635)
	at java.base/java.lang.Thread.run(Thread.java:840)
Caused by: org.apache.ratis.protocol.exceptions.StateMachineException: org.apache.hadoop.hdds.scm.container.common.helpers.ContainerNotOpenException from Server 6c2c8d64-db13-4196-9e9e-e3b1acb91f99@group-269B51D56F15: Container 5 in CLOSED state
	at org.apache.hadoop.ozone.container.common.impl.HddsDispatcher.validateContainerCommand(HddsDispatcher.java:569)
	at org.apache.hadoop.ozone.container.common.transport.server.ratis.ContainerStateMachine.startTransaction(ContainerStateMachine.java:426)
	at org.apache.ratis.server.impl.RaftServerImpl.writeAsyncImpl(RaftServerImpl.java:975)
	at org.apache.ratis.server.impl.RaftServerImpl.writeAsync(RaftServerImpl.java:945)
	at org.apache.ratis.server.impl.RaftServerImpl.replyFuture(RaftServerImpl.java:937)
	at org.apache.ratis.server.impl.RaftServerImpl.submitClientRequestAsync(RaftServerImpl.java:912)
	at org.apache.ratis.server.impl.RaftServerImpl.lambda$executeSubmitClientRequestAsync$11(RaftServerImpl.java:893)
	at java.base/java.util.concurrent.CompletableFuture$AsyncSupply.run(CompletableFuture.java:1768)
	... 3 more
Caused by: org.apache.hadoop.hdds.scm.container.common.helpers.ContainerNotOpenException: Container 5 in CLOSED state
	at jdk.internal.reflect.GeneratedConstructorAccessor90.newInstance(Unknown Source)
	at java.base/jdk.internal.reflect.DelegatingConstructorAccessorImpl.newInstance(DelegatingConstructorAccessorImpl.java:45)
	at java.base/java.lang.reflect.Constructor.newInstanceWithCaller(Constructor.java:500)
	at java.base/java.lang.reflect.Constructor.newInstance(Constructor.java:481)
	at org.apache.ratis.util.ReflectionUtils.instantiateException(ReflectionUtils.java:259)
	at org.apache.ratis.client.impl.ClientProtoUtils.toStateMachineException(ClientProtoUtils.java:451)
	at org.apache.ratis.client.impl.ClientProtoUtils.toStateMachineException(ClientProtoUtils.java:437)
	at org.apache.ratis.client.impl.ClientProtoUtils.toRaftClientReply(ClientProtoUtils.java:404)
	at org.apache.ratis.grpc.client.GrpcClientProtocolClient$AsyncStreamObservers$1.onNext(GrpcClientProtocolClient.java:310)
	at org.apache.ratis.grpc.client.GrpcClientProtocolClient$AsyncStreamObservers$1.onNext(GrpcClientProtocolClient.java:305)
	at org.apache.ratis.thirdparty.io.grpc.stub.ClientCalls$StreamObserverToCallListenerAdapter.onMessage(ClientCalls.java:468)
	at org.apache.ratis.thirdparty.io.grpc.ForwardingClientCallListener.onMessage(ForwardingClientCallListener.java:33)
	at org.apache.ratis.thirdparty.io.grpc.internal.ClientCallImpl$ClientStreamListenerImpl$1MessagesAvailable.runInternal(ClientCallImpl.java:660)
	at org.apache.ratis.thirdparty.io.grpc.internal.ClientCallImpl$ClientStreamListenerImpl$1MessagesAvailable.runInContext(ClientCallImpl.java:647)
	at org.apache.ratis.thirdparty.io.grpc.internal.ContextRunnable.run(ContextRunnable.java:37)
	at org.apache.ratis.thirdparty.io.grpc.internal.SerializingExecutor.run(SerializingExecutor.java:133)
	... 3 more
2024-08-15 10:19:59,224 [main] INFO  scm.XceiverClientRatis (XceiverClientRatis.java:<init>(140)) - WatchType ALL_COMMITTED. Majority 2, 
2024-08-15 10:19:59,278 [main] INFO  ozone.MiniOzoneClusterImpl (MiniOzoneClusterImpl.java:shutdown(410)) - Shutting down the Mini Ozone Cluster
2024-08-15 10:19:59,279 [main] INFO  db.CodecTestUtil (CodecTestUtil.java:gc(50)) - gc 0
]]></system-out>
  </testcase>
  <testcase name="testContainerClose(boolean, boolean)[4]" classname="org.apache.hadoop.ozone.client.rpc.TestBlockOutputStreamWithFailures" time="30.278">
    <failure type="java.lang.AssertionError"><![CDATA[java.lang.AssertionError: Found 3 leaked objects, check logs
	at org.apache.hadoop.hdds.utils.db.CodecBuffer.assertNoLeaks(CodecBuffer.java:232)
	at org.apache.hadoop.hdds.utils.db.CodecTestUtil.gc(CodecTestUtil.java:54)
	at org.apache.hadoop.ozone.MiniOzoneClusterImpl.shutdown(MiniOzoneClusterImpl.java:411)
	at org.apache.hadoop.ozone.client.rpc.TestBlockOutputStreamWithFailures.shutdown(TestBlockOutputStreamWithFailures.java:81)
	at java.base/java.lang.reflect.Method.invoke(Method.java:569)
	at java.base/java.util.stream.ForEachOps$ForEachOp$OfRef.accept(ForEachOps.java:183)
	at java.base/java.util.stream.ReferencePipeline$3$1.accept(ReferencePipeline.java:197)
	at java.base/java.util.stream.ReferencePipeline$2$1.accept(ReferencePipeline.java:179)
	at java.base/java.util.stream.ReferencePipeline$3$1.accept(ReferencePipeline.java:197)
	at java.base/java.util.stream.ForEachOps$ForEachOp$OfRef.accept(ForEachOps.java:183)
	at java.base/java.util.stream.ReferencePipeline$3$1.accept(ReferencePipeline.java:197)
	at java.base/java.util.stream.ReferencePipeline$3$1.accept(ReferencePipeline.java:197)
	at java.base/java.util.stream.ReferencePipeline$3$1.accept(ReferencePipeline.java:197)
	at java.base/java.util.stream.ForEachOps$ForEachOp$OfRef.accept(ForEachOps.java:183)
	at java.base/java.util.stream.ReferencePipeline$3$1.accept(ReferencePipeline.java:197)
	at java.base/java.util.Spliterators$ArraySpliterator.forEachRemaining(Spliterators.java:992)
	at java.base/java.util.stream.ReferencePipeline$Head.forEach(ReferencePipeline.java:762)
	at java.base/java.util.stream.ReferencePipeline$7$1.accept(ReferencePipeline.java:276)
	at java.base/java.util.stream.ReferencePipeline$3$1.accept(ReferencePipeline.java:197)
	at java.base/java.util.stream.ReferencePipeline$3$1.accept(ReferencePipeline.java:197)
	at java.base/java.util.stream.ReferencePipeline$3$1.accept(ReferencePipeline.java:197)
	at java.base/java.util.Spliterators$ArraySpliterator.forEachRemaining(Spliterators.java:992)
	at java.base/java.util.stream.AbstractPipeline.copyInto(AbstractPipeline.java:509)
	at java.base/java.util.stream.AbstractPipeline.wrapAndCopyInto(AbstractPipeline.java:499)
	at java.base/java.util.stream.ForEachOps$ForEachOp.evaluateSequential(ForEachOps.java:150)
	at java.base/java.util.stream.ForEachOps$ForEachOp$OfRef.evaluateSequential(ForEachOps.java:173)
	at java.base/java.util.stream.AbstractPipeline.evaluate(AbstractPipeline.java:234)
	at java.base/java.util.stream.ReferencePipeline.forEach(ReferencePipeline.java:596)
	at java.base/java.util.stream.ReferencePipeline$7$1.accept(ReferencePipeline.java:276)
	at java.base/java.util.stream.ReferencePipeline$3$1.accept(ReferencePipeline.java:197)
	at java.base/java.util.stream.ReferencePipeline$3$1.accept(ReferencePipeline.java:197)
	at java.base/java.util.stream.ReferencePipeline$3$1.accept(ReferencePipeline.java:197)
	at java.base/java.util.ArrayList$ArrayListSpliterator.forEachRemaining(ArrayList.java:1625)
	at java.base/java.util.stream.AbstractPipeline.copyInto(AbstractPipeline.java:509)
	at java.base/java.util.stream.AbstractPipeline.wrapAndCopyInto(AbstractPipeline.java:499)
	at java.base/java.util.stream.ForEachOps$ForEachOp.evaluateSequential(ForEachOps.java:150)
	at java.base/java.util.stream.ForEachOps$ForEachOp$OfRef.evaluateSequential(ForEachOps.java:173)
	at java.base/java.util.stream.AbstractPipeline.evaluate(AbstractPipeline.java:234)
	at java.base/java.util.stream.ReferencePipeline.forEach(ReferencePipeline.java:596)
	at java.base/java.util.stream.ReferencePipeline$7$1.accept(ReferencePipeline.java:276)
	at java.base/java.util.ArrayList$ArrayListSpliterator.forEachRemaining(ArrayList.java:1625)
	at java.base/java.util.stream.AbstractPipeline.copyInto(AbstractPipeline.java:509)
	at java.base/java.util.stream.AbstractPipeline.wrapAndCopyInto(AbstractPipeline.java:499)
	at java.base/java.util.stream.ForEachOps$ForEachOp.evaluateSequential(ForEachOps.java:150)
	at java.base/java.util.stream.ForEachOps$ForEachOp$OfRef.evaluateSequential(ForEachOps.java:173)
	at java.base/java.util.stream.AbstractPipeline.evaluate(AbstractPipeline.java:234)
	at java.base/java.util.stream.ReferencePipeline.forEach(ReferencePipeline.java:596)
	at java.base/java.util.ArrayList.forEach(ArrayList.java:1511)
	at java.base/java.util.ArrayList.forEach(ArrayList.java:1511)
]]></failure>
    <system-out><![CDATA[2024-08-15 10:19:59,530 [main] WARN  server.ServerUtils (ServerUtils.java:getScmDbDir(143)) - ozone.scm.db.dirs is not configured. We recommend adding this setting. Falling back to ozone.metadata.dirs instead.
2024-08-15 10:19:59,532 [main] WARN  server.ServerUtils (ServerUtils.java:getScmDbDir(143)) - ozone.scm.db.dirs is not configured. We recommend adding this setting. Falling back to ozone.metadata.dirs instead.
2024-08-15 10:19:59,532 [main] INFO  ha.SCMHANodeDetails (SCMHANodeDetails.java:loadSCMHAConfig(207)) - ServiceID for StorageContainerManager is null
2024-08-15 10:19:59,532 [main] INFO  ha.SCMHANodeDetails (SCMHANodeDetails.java:loadSCMHAConfig(212)) - ozone.scm.default.service.id is not defined, falling back to ozone.scm.service.ids to find serviceID for StorageContainerManager if it is HA enabled cluster
2024-08-15 10:19:59,533 [main] WARN  utils.HAUtils (HAUtils.java:getMetaDir(339)) - ozone.scm.db.dirs is not configured. We recommend adding this setting. Falling back to ozone.metadata.dirs instead.
2024-08-15 10:19:59,533 [main] WARN  db.DBStoreBuilder (DBStoreBuilder.java:applyDBDefinition(171)) - ozone.scm.db.dirs is not configured. We recommend adding this setting. Falling back to ozone.metadata.dirs instead.
2024-08-15 10:19:59,597 [main] INFO  net.NodeSchemaLoader (NodeSchemaLoader.java:loadSchemaFromFile(129)) - Loading schema from [jar:file:/home/runner/work/ozone/ozone/hadoop-hdds/common/target/hdds-common-1.5.0-SNAPSHOT.jar!/network-topology-default.xml]
2024-08-15 10:19:59,597 [main] INFO  net.NodeSchemaLoader (NodeSchemaLoader.java:loadSchema(176)) - Loading network topology layer schema file
2024-08-15 10:19:59,598 [main] WARN  dropwizard3.Dm3MetricRegistriesImpl (Dm3MetricRegistriesImpl.java:addReporterRegistration(114)) - New reporters are added after registries were created. Some metrics will be missing from the reporter. Please add reporter before adding any new registry.
2024-08-15 10:19:59,599 [main] WARN  dropwizard3.Dm3MetricRegistriesImpl (Dm3MetricRegistriesImpl.java:addReporterRegistration(114)) - New reporters are added after registries were created. Some metrics will be missing from the reporter. Please add reporter before adding any new registry.
2024-08-15 10:19:59,599 [main] INFO  upgrade.AbstractLayoutVersionManager (AbstractLayoutVersionManager.java:init(83)) - Initializing Layout version manager with metadata layout = HBASE_SUPPORT (version = 8), software layout = HBASE_SUPPORT (version = 8)
2024-08-15 10:19:59,600 [main] INFO  ha.SequenceIdGenerator (SequenceIdGenerator.java:upgradeToSequenceId(369)) - upgrade localId to 113750153625600000
2024-08-15 10:19:59,601 [main] INFO  ha.SequenceIdGenerator (SequenceIdGenerator.java:upgradeToSequenceId(379)) - upgrade delTxnId to 0
2024-08-15 10:19:59,602 [main] INFO  ha.SequenceIdGenerator (SequenceIdGenerator.java:upgradeToSequenceId(396)) - upgrade containerId to 0
2024-08-15 10:19:59,603 [main] INFO  ha.SequenceIdGenerator (SequenceIdGenerator.java:upgradeToCertificateSequenceId(433)) - upgrade CertificateId to 2
2024-08-15 10:19:59,603 [main] INFO  ha.SequenceIdGenerator (SequenceIdGenerator.java:<init>(240)) - Init the HA SequenceIdGenerator.
2024-08-15 10:19:59,603 [main] INFO  node.SCMNodeManager (SCMNodeManager.java:<init>(178)) - Entering startup safe mode.
2024-08-15 10:19:59,604 [main] INFO  algorithms.ContainerPlacementPolicyFactory (ContainerPlacementPolicyFactory.java:getPolicyInternal(86)) - Create container placement policy of type org.apache.hadoop.hdds.scm.container.placement.algorithms.SCMContainerPlacementRackAware
2024-08-15 10:19:59,604 [main] INFO  algorithms.ContainerPlacementPolicyFactory (ContainerPlacementPolicyFactory.java:getPolicyInternal(86)) - Create container placement policy of type org.apache.hadoop.hdds.scm.container.placement.algorithms.SCMContainerPlacementRackScatter
2024-08-15 10:19:59,604 [main] INFO  pipeline.PipelineStateManagerImpl (PipelineStateManagerImpl.java:initialize(78)) - No pipeline exists in current db
2024-08-15 10:19:59,605 [main] INFO  algorithms.LeaderChoosePolicyFactory (LeaderChoosePolicyFactory.java:getPolicy(57)) - Create leader choose policy of type org.apache.hadoop.hdds.scm.pipeline.leader.choose.algorithms.MinLeaderCountChoosePolicy
2024-08-15 10:19:59,605 [main] INFO  algorithms.ContainerPlacementPolicyFactory (ContainerPlacementPolicyFactory.java:getPolicyInternal(86)) - Create container placement policy of type org.apache.hadoop.hdds.scm.container.placement.algorithms.SCMContainerPlacementRackScatter
2024-08-15 10:19:59,605 [main] INFO  ha.SCMServiceManager (SCMServiceManager.java:register(42)) - Registering service BackgroundPipelineCreator.
2024-08-15 10:19:59,605 [main] INFO  pipeline.BackgroundPipelineCreator (BackgroundPipelineCreator.java:start(127)) - Starting RatisPipelineUtilsThread.
2024-08-15 10:19:59,605 [main] INFO  BackgroundPipelineScrubber (BackgroundSCMService.java:start(65)) - Starting BackgroundPipelineScrubber Service.
2024-08-15 10:19:59,606 [main] INFO  ha.SCMServiceManager (SCMServiceManager.java:register(42)) - Registering service BackgroundPipelineScrubber.
2024-08-15 10:19:59,606 [main] INFO  ExpiredContainerReplicaOpScrubber (BackgroundSCMService.java:start(65)) - Starting ExpiredContainerReplicaOpScrubber Service.
2024-08-15 10:19:59,606 [main] INFO  ha.SCMServiceManager (SCMServiceManager.java:register(42)) - Registering service ExpiredContainerReplicaOpScrubber.
2024-08-15 10:19:59,607 [main] INFO  algorithms.PipelineChoosePolicyFactory (PipelineChoosePolicyFactory.java:createPipelineChoosePolicyFromClass(80)) - Create pipeline choose policy of type org.apache.hadoop.hdds.scm.pipeline.choose.algorithms.RandomPipelineChoosePolicy
2024-08-15 10:19:59,607 [main] INFO  algorithms.PipelineChoosePolicyFactory (PipelineChoosePolicyFactory.java:createPipelineChoosePolicyFromClass(80)) - Create pipeline choose policy of type org.apache.hadoop.hdds.scm.pipeline.choose.algorithms.RandomPipelineChoosePolicy
2024-08-15 10:19:59,607 [main] INFO  ha.SCMServiceManager (SCMServiceManager.java:register(42)) - Registering service SCMBlockDeletingService.
2024-08-15 10:19:59,608 [main] INFO  replication.ReplicationManager (ReplicationManager.java:start(296)) - Starting Replication Monitor Thread.
2024-08-15 10:19:59,608 [main] INFO  ha.SCMServiceManager (SCMServiceManager.java:register(42)) - Registering service ReplicationManager.
2024-08-15 10:19:59,608 [ReplicationMonitor] INFO  replication.ReplicationManager (ReplicationManager.java:processAll(373)) - Replication Manager is not ready to run until 3000ms after safemode exit
2024-08-15 10:19:59,608 [main] INFO  safemode.ContainerSafeModeRule (ContainerSafeModeRule.java:<init>(91)) - containers with one replica threshold count 0
2024-08-15 10:19:59,609 [main] INFO  safemode.HealthyPipelineSafeModeRule (HealthyPipelineSafeModeRule.java:initializeRule(176)) - Total pipeline count is 0, healthy pipeline threshold count is 1
2024-08-15 10:19:59,609 [main] INFO  safemode.OneReplicaPipelineSafeModeRule (OneReplicaPipelineSafeModeRule.java:initializeRule(193)) - Total pipeline count is 0, pipeline's with at least one datanode reported threshold count is 0
2024-08-15 10:19:59,609 [main] INFO  server.StorageContainerManager (StorageContainerManager.java:<init>(442)) - SCM start with adminUsers: [runner]
2024-08-15 10:19:59,610 [main] INFO  ipc.CallQueueManager (CallQueueManager.java:<init>(90)) - Using callQueue: class java.util.concurrent.LinkedBlockingQueue, queueCapacity: 10000, scheduler: class org.apache.hadoop.ipc.DefaultRpcScheduler, ipcBackoff: false.
2024-08-15 10:19:59,610 [main] INFO  ipc.Server (Server.java:<init>(1287)) - Listener at 0.0.0.0:15585
2024-08-15 10:19:59,611 [Socket Reader #1 for port 15585] INFO  ipc.Server (Server.java:run(1323)) - Starting Socket Reader #1 for port 15585
2024-08-15 10:19:59,611 [Socket Reader #2 for port 15585] INFO  ipc.Server (Server.java:run(1323)) - Starting Socket Reader #2 for port 15585
2024-08-15 10:19:59,611 [Socket Reader #3 for port 15585] INFO  ipc.Server (Server.java:run(1323)) - Starting Socket Reader #3 for port 15585
2024-08-15 10:19:59,611 [Socket Reader #5 for port 15585] INFO  ipc.Server (Server.java:run(1323)) - Starting Socket Reader #5 for port 15585
2024-08-15 10:19:59,612 [Socket Reader #4 for port 15585] INFO  ipc.Server (Server.java:run(1323)) - Starting Socket Reader #4 for port 15585
2024-08-15 10:19:59,612 [Socket Reader #6 for port 15585] INFO  ipc.Server (Server.java:run(1323)) - Starting Socket Reader #6 for port 15585
2024-08-15 10:19:59,612 [Socket Reader #7 for port 15585] INFO  ipc.Server (Server.java:run(1323)) - Starting Socket Reader #7 for port 15585
2024-08-15 10:19:59,612 [Socket Reader #8 for port 15585] INFO  ipc.Server (Server.java:run(1323)) - Starting Socket Reader #8 for port 15585
2024-08-15 10:19:59,613 [Socket Reader #9 for port 15585] INFO  ipc.Server (Server.java:run(1323)) - Starting Socket Reader #9 for port 15585
2024-08-15 10:19:59,613 [Socket Reader #10 for port 15585] INFO  ipc.Server (Server.java:run(1323)) - Starting Socket Reader #10 for port 15585
2024-08-15 10:19:59,614 [main] INFO  ipc.CallQueueManager (CallQueueManager.java:<init>(90)) - Using callQueue: class java.util.concurrent.LinkedBlockingQueue, queueCapacity: 10000, scheduler: class org.apache.hadoop.ipc.DefaultRpcScheduler, ipcBackoff: false.
2024-08-15 10:19:59,614 [main] INFO  ipc.Server (Server.java:<init>(1287)) - Listener at 0.0.0.0:15584
2024-08-15 10:19:59,615 [Socket Reader #1 for port 15584] INFO  ipc.Server (Server.java:run(1323)) - Starting Socket Reader #1 for port 15584
2024-08-15 10:19:59,615 [Socket Reader #2 for port 15584] INFO  ipc.Server (Server.java:run(1323)) - Starting Socket Reader #2 for port 15584
2024-08-15 10:19:59,615 [Socket Reader #3 for port 15584] INFO  ipc.Server (Server.java:run(1323)) - Starting Socket Reader #3 for port 15584
2024-08-15 10:19:59,615 [Socket Reader #4 for port 15584] INFO  ipc.Server (Server.java:run(1323)) - Starting Socket Reader #4 for port 15584
2024-08-15 10:19:59,615 [Socket Reader #5 for port 15584] INFO  ipc.Server (Server.java:run(1323)) - Starting Socket Reader #5 for port 15584
2024-08-15 10:19:59,615 [Socket Reader #6 for port 15584] INFO  ipc.Server (Server.java:run(1323)) - Starting Socket Reader #6 for port 15584
2024-08-15 10:19:59,616 [Socket Reader #7 for port 15584] INFO  ipc.Server (Server.java:run(1323)) - Starting Socket Reader #7 for port 15584
2024-08-15 10:19:59,616 [Socket Reader #8 for port 15584] INFO  ipc.Server (Server.java:run(1323)) - Starting Socket Reader #8 for port 15584
2024-08-15 10:19:59,616 [Socket Reader #9 for port 15584] INFO  ipc.Server (Server.java:run(1323)) - Starting Socket Reader #9 for port 15584
2024-08-15 10:19:59,616 [Socket Reader #10 for port 15584] INFO  ipc.Server (Server.java:run(1323)) - Starting Socket Reader #10 for port 15584
2024-08-15 10:19:59,617 [main] INFO  ipc.CallQueueManager (CallQueueManager.java:<init>(90)) - Using callQueue: class java.util.concurrent.LinkedBlockingQueue, queueCapacity: 10000, scheduler: class org.apache.hadoop.ipc.DefaultRpcScheduler, ipcBackoff: false.
2024-08-15 10:19:59,617 [main] INFO  ipc.Server (Server.java:<init>(1287)) - Listener at 0.0.0.0:15583
2024-08-15 10:19:59,617 [Socket Reader #1 for port 15583] INFO  ipc.Server (Server.java:run(1323)) - Starting Socket Reader #1 for port 15583
2024-08-15 10:19:59,618 [Socket Reader #2 for port 15583] INFO  ipc.Server (Server.java:run(1323)) - Starting Socket Reader #2 for port 15583
2024-08-15 10:19:59,618 [Socket Reader #3 for port 15583] INFO  ipc.Server (Server.java:run(1323)) - Starting Socket Reader #3 for port 15583
2024-08-15 10:19:59,618 [Socket Reader #4 for port 15583] INFO  ipc.Server (Server.java:run(1323)) - Starting Socket Reader #4 for port 15583
2024-08-15 10:19:59,618 [Socket Reader #5 for port 15583] INFO  ipc.Server (Server.java:run(1323)) - Starting Socket Reader #5 for port 15583
2024-08-15 10:19:59,618 [Socket Reader #6 for port 15583] INFO  ipc.Server (Server.java:run(1323)) - Starting Socket Reader #6 for port 15583
2024-08-15 10:19:59,618 [Socket Reader #7 for port 15583] INFO  ipc.Server (Server.java:run(1323)) - Starting Socket Reader #7 for port 15583
2024-08-15 10:19:59,618 [Socket Reader #8 for port 15583] INFO  ipc.Server (Server.java:run(1323)) - Starting Socket Reader #8 for port 15583
2024-08-15 10:19:59,619 [Socket Reader #9 for port 15583] INFO  ipc.Server (Server.java:run(1323)) - Starting Socket Reader #9 for port 15583
2024-08-15 10:19:59,619 [Socket Reader #10 for port 15583] INFO  ipc.Server (Server.java:run(1323)) - Starting Socket Reader #10 for port 15583
2024-08-15 10:19:59,622 [main] INFO  ha.SCMServiceManager (SCMServiceManager.java:register(42)) - Registering service ContainerBalancer.
2024-08-15 10:19:59,622 [main] INFO  ha.SCMContext (SCMContext.java:updateSafeModeStatus(225)) - Update SafeModeStatus from SafeModeStatus{safeModeStatus=true, preCheckPassed=false} to SafeModeStatus{safeModeStatus=true, preCheckPassed=false}.
2024-08-15 10:19:59,622 [main] INFO  server.StorageContainerManager (StorageContainerManager.java:start(1543)) - StorageContainerLocationProtocol RPC server is listening at /0.0.0.0:15583
2024-08-15 10:19:59,623 [main] INFO  impl.MetricsSystemImpl (MetricsSystemImpl.java:init(158)) - StorageContainerManager metrics system started (again)
2024-08-15 10:19:59,631 [main] INFO  server.SCMClientProtocolServer (SCMClientProtocolServer.java:start(213)) - RPC server for Client  is listening at /0.0.0.0:15583
2024-08-15 10:19:59,631 [IPC Server Responder] INFO  ipc.Server (Server.java:run(1562)) - IPC Server Responder: starting
2024-08-15 10:19:59,631 [IPC Server listener on 15583] INFO  ipc.Server (Server.java:run(1402)) - IPC Server listener on 15583: starting
2024-08-15 10:19:59,641 [main] INFO  server.StorageContainerManager (StorageContainerManager.java:start(1556)) - ScmBlockLocationProtocol RPC server is listening at /0.0.0.0:15584
2024-08-15 10:19:59,642 [main] INFO  server.SCMBlockProtocolServer (SCMBlockProtocolServer.java:start(172)) - RPC server for Block Protocol is listening at /0.0.0.0:15584
2024-08-15 10:19:59,642 [IPC Server Responder] INFO  ipc.Server (Server.java:run(1562)) - IPC Server Responder: starting
2024-08-15 10:19:59,642 [IPC Server listener on 15584] INFO  ipc.Server (Server.java:run(1402)) - IPC Server listener on 15584: starting
2024-08-15 10:19:59,652 [main] INFO  server.SCMDatanodeProtocolServer (SCMDatanodeProtocolServer.java:start(199)) - ScmDatanodeProtocol RPC server for DataNodes is listening at /0.0.0.0:15585
2024-08-15 10:19:59,653 [IPC Server Responder] INFO  ipc.Server (Server.java:run(1562)) - IPC Server Responder: starting
2024-08-15 10:19:59,653 [IPC Server listener on 15585] INFO  ipc.Server (Server.java:run(1402)) - IPC Server listener on 15585: starting
2024-08-15 10:19:59,667 [JvmPauseMonitor81] INFO  util.JvmPauseMonitor (JvmPauseMonitor.java:run(146)) - JvmPauseMonitor-6f90c7ba-c479-4e6f-97a9-d65463e329bd: Started
2024-08-15 10:19:59,667 [main] INFO  http.BaseHttpServer (BaseHttpServer.java:newHttpServer2BuilderForOzone(223)) - Starting Web-server for scm at: http://0.0.0.0:15586
2024-08-15 10:19:59,667 [main] INFO  http.BaseHttpServer (BaseHttpServer.java:<init>(110)) - Hadoop Security Enabled: false Ozone Security Enabled: false Ozone HTTP Security Enabled: false 
2024-08-15 10:19:59,668 [main] WARN  server.AuthenticationFilter (AuthenticationFilter.java:constructSecretProvider(240)) - Unable to initialize FileSignerSecretProvider, falling back to use random secrets. Reason: Could not read signature secret file: /home/runner/hadoop-http-auth-signature-secret
2024-08-15 10:19:59,669 [main] INFO  http.HttpRequestLog (HttpRequestLog.java:getRequestLog(86)) - Http request log for http.requests.scm is not defined
2024-08-15 10:19:59,669 [main] INFO  http.HttpServer2 (HttpServer2.java:addGlobalFilter(1035)) - Added global filter 'safety' (class=org.apache.hadoop.hdds.server.http.HttpServer2$QuotingInputFilter)
2024-08-15 10:19:59,670 [main] INFO  http.HttpServer2 (HttpServer2.java:addFilter(1011)) - Added filter static_user_filter (class=org.apache.hadoop.http.lib.StaticUserWebFilter$StaticUserFilter) to context scm
2024-08-15 10:19:59,670 [main] INFO  http.HttpServer2 (HttpServer2.java:addFilter(1019)) - Added filter static_user_filter (class=org.apache.hadoop.http.lib.StaticUserWebFilter$StaticUserFilter) to context logs
2024-08-15 10:19:59,670 [main] INFO  http.HttpServer2 (HttpServer2.java:addFilter(1019)) - Added filter static_user_filter (class=org.apache.hadoop.http.lib.StaticUserWebFilter$StaticUserFilter) to context static
2024-08-15 10:19:59,670 [main] INFO  http.BaseHttpServer (BaseHttpServer.java:<init>(189)) - HTTP server of scm uses base directory /home/runner/work/ozone/ozone/hadoop-ozone/integration-test/target/test-dir/MiniOzoneClusterImpl-4fe7c5bf-ca33-4415-93e0-e252006dfa59/ozone-meta/webserver
2024-08-15 10:19:59,671 [main] INFO  http.HttpServer2 (HttpServer2.java:bindListener(1235)) - Jetty bound to port 15586
2024-08-15 10:19:59,671 [main] INFO  server.Server (Server.java:doStart(375)) - jetty-9.4.55.v20240627; built: 2024-06-27T15:05:37.765Z; git: 70015831e5195ba74da6383c4ab7c90c56bb08af; jvm 17.0.12+7
2024-08-15 10:19:59,672 [main] INFO  server.session (DefaultSessionIdManager.java:doStart(334)) - DefaultSessionIdManager workerName=node0
2024-08-15 10:19:59,672 [main] INFO  server.session (DefaultSessionIdManager.java:doStart(339)) - No SessionScavenger set, using defaults
2024-08-15 10:19:59,672 [main] INFO  server.session (HouseKeeper.java:startScavenging(132)) - node0 Scavenging every 660000ms
2024-08-15 10:19:59,673 [main] INFO  handler.ContextHandler (ContextHandler.java:doStart(921)) - Started o.e.j.s.ServletContextHandler@3527c201{logs,/logs,file:///home/runner/work/ozone/ozone/hadoop-ozone/integration-test/target/log,AVAILABLE}
2024-08-15 10:19:59,673 [main] INFO  handler.ContextHandler (ContextHandler.java:doStart(921)) - Started o.e.j.s.ServletContextHandler@60703826{static,/static,file:///home/runner/work/ozone/ozone/hadoop-ozone/integration-test/target/test-classes/webapps/static,AVAILABLE}
2024-08-15 10:19:59,676 [main] INFO  handler.ContextHandler (ContextHandler.java:doStart(921)) - Started o.e.j.w.WebAppContext@1e2980c7{scm,/,file:///home/runner/work/ozone/ozone/hadoop-ozone/integration-test/target/test-classes/webapps/scm/,AVAILABLE}{file:/home/runner/work/ozone/ozone/hadoop-ozone/integration-test/target/test-classes/webapps/scm}
2024-08-15 10:19:59,677 [main] INFO  server.AbstractConnector (AbstractConnector.java:doStart(333)) - Started ServerConnector@4ace740d{HTTP/1.1, (http/1.1)}{0.0.0.0:15586}
2024-08-15 10:19:59,677 [main] INFO  server.Server (Server.java:doStart(415)) - Started @563793ms
2024-08-15 10:19:59,677 [main] WARN  impl.MetricsSystemImpl (MetricsSystemImpl.java:register(279)) - Sink prometheus already exists!
2024-08-15 10:19:59,677 [main] INFO  http.BaseHttpServer (BaseHttpServer.java:updateConnectorAddress(354)) - HTTP server of scm listening at http://0.0.0.0:15586
2024-08-15 10:19:59,678 [main] WARN  server.ServerUtils (ServerUtils.java:getDBPath(299)) - ozone.om.db.dirs is not configured. We recommend adding this setting. Falling back to ozone.metadata.dirs instead.
2024-08-15 10:19:59,679 [main] INFO  ha.OMHANodeDetails (OMHANodeDetails.java:loadOMHAConfig(115)) - ozone.om.internal.service.id is not defined, falling back to ozone.om.service.ids to find serviceID for OzoneManager if it is HA enabled cluster
2024-08-15 10:19:59,679 [main] INFO  ha.OMHANodeDetails (OMHANodeDetails.java:loadOMHAConfig(226)) - Configuration does not have ozone.om.address set. Falling back to the default OM address /127.0.0.1:15587
2024-08-15 10:19:59,679 [main] INFO  ha.OMHANodeDetails (OMHANodeDetails.java:getOMNodeDetailsForNonHA(254)) - OM Service ID is not set. Setting it to the default ID: omServiceIdDefault
2024-08-15 10:19:59,679 [main] INFO  ha.OMHANodeDetails (OMHANodeDetails.java:getOMNodeDetailsForNonHA(261)) - OM Node ID is not set. Setting it to the default ID: om1
2024-08-15 10:19:59,680 [main] WARN  server.ServerUtils (ServerUtils.java:getDBPath(299)) - ozone.om.db.dirs is not configured. We recommend adding this setting. Falling back to ozone.metadata.dirs instead.
2024-08-15 10:19:59,681 [main] INFO  upgrade.AbstractLayoutVersionManager (AbstractLayoutVersionManager.java:init(83)) - Initializing Layout version manager with metadata layout = HBASE_SUPPORT (version = 7), software layout = HBASE_SUPPORT (version = 7)
2024-08-15 10:19:59,717 [main] INFO  reflections.Reflections (Reflections.java:scan(219)) - Reflections took 36 ms to scan 2 urls, producing 188 keys and 549 values
2024-08-15 10:19:59,717 [main] INFO  upgrade.OMLayoutVersionManager (OMLayoutVersionManager.java:lambda$0(113)) - Skipping Upgrade Action QuotaRepairUpgradeAction since it has been finalized.
2024-08-15 10:19:59,717 [main] INFO  upgrade.OMLayoutVersionManager (OMLayoutVersionManager.java:lambda$0(113)) - Skipping Upgrade Action MockOmUpgradeAction since it has been finalized.
2024-08-15 10:19:59,718 [main] WARN  server.ServerUtils (ServerUtils.java:getDBPath(299)) - ozone.om.db.dirs is not configured. We recommend adding this setting. Falling back to ozone.metadata.dirs instead.
2024-08-15 10:19:59,718 [main] INFO  proxy.SCMBlockLocationFailoverProxyProvider (SCMBlockLocationFailoverProxyProvider.java:<init>(115)) - Created block location fail-over proxy with 1 nodes: [nodeId=scmNodeId,nodeAddress=/0.0.0.0:15584]
2024-08-15 10:19:59,719 [main] INFO  proxy.SCMBlockLocationFailoverProxyProvider (SCMBlockLocationFailoverProxyProvider.java:<init>(115)) - Created block location fail-over proxy with 1 nodes: [nodeId=scmNodeId,nodeAddress=/0.0.0.0:15584]
2024-08-15 10:19:59,722 [main] INFO  om.OzoneManager (OzoneManager.java:<init>(690)) - OM start with adminUsers: [runner]
2024-08-15 10:19:59,722 [main] WARN  server.ServerUtils (ServerUtils.java:getDBPath(299)) - ozone.om.db.dirs is not configured. We recommend adding this setting. Falling back to ozone.metadata.dirs instead.
2024-08-15 10:19:59,722 [main] INFO  helpers.OmKeyInfo (OmKeyInfo.java:getCodec(72)) - OmKeyInfo.getCodec ignorePipeline = true
2024-08-15 10:19:59,870 [main] INFO  om.OzoneManager (OzoneManager.java:instantiateServices(824)) - S3 Multi-Tenancy is disabled
2024-08-15 10:19:59,870 [main] INFO  om.OmSnapshotManager (OmSnapshotManager.java:<init>(180)) - Ozone filesystem snapshot feature is enabled.
2024-08-15 10:19:59,870 [main] WARN  server.ServerUtils (ServerUtils.java:getDBPath(299)) - ozone.om.snapshot.diff.db.dir is not configured. We recommend adding this setting. Falling back to ozone.metadata.dirs instead.
2024-08-15 10:19:59,889 [main] INFO  utils.NativeLibraryLoader (NativeLibraryLoader.java:loadLibrary(111)) - Loading Library: ozone_rocksdb_tools
2024-08-15 10:19:59,890 [main] ERROR snapshot.SnapshotDiffManager (SnapshotDiffManager.java:initNativeLibraryForEfficientDiff(287)) - Native Library for raw sst file reading loading failed.
org.apache.hadoop.hdds.utils.NativeLibraryNotLoadedException: Unable to load library ozone_rocksdb_tools from both java.library.path & resource file libozone_rocksdb_tools.so from jar.
	at org.apache.hadoop.hdds.utils.db.managed.ManagedRawSSTFileReader.loadLibrary(ManagedRawSSTFileReader.java:40)
	at org.apache.hadoop.ozone.om.snapshot.SnapshotDiffManager.initNativeLibraryForEfficientDiff(SnapshotDiffManager.java:285)
	at org.apache.hadoop.ozone.om.snapshot.SnapshotDiffManager.<init>(SnapshotDiffManager.java:259)
	at org.apache.hadoop.ozone.om.OmSnapshotManager.<init>(OmSnapshotManager.java:287)
	at org.apache.hadoop.ozone.om.OzoneManager.instantiateServices(OzoneManager.java:876)
	at org.apache.hadoop.ozone.om.OzoneManager.<init>(OzoneManager.java:700)
	at org.apache.hadoop.ozone.om.OzoneManager.createOm(OzoneManager.java:787)
	at org.apache.hadoop.ozone.MiniOzoneClusterImpl$Builder.createOM(MiniOzoneClusterImpl.java:703)
	at org.apache.hadoop.ozone.MiniOzoneClusterImpl$Builder.createAndStartSingleOM(MiniOzoneClusterImpl.java:687)
	at org.apache.hadoop.ozone.MiniOzoneClusterImpl$Builder.build(MiniOzoneClusterImpl.java:549)
	at org.apache.hadoop.ozone.client.rpc.TestBlockOutputStream.createCluster(TestBlockOutputStream.java:125)
	at org.apache.hadoop.ozone.client.rpc.TestBlockOutputStreamWithFailures.init(TestBlockOutputStreamWithFailures.java:75)
	at java.base/jdk.internal.reflect.NativeMethodAccessorImpl.invoke0(Native Method)
	at java.base/jdk.internal.reflect.NativeMethodAccessorImpl.invoke(NativeMethodAccessorImpl.java:77)
	at java.base/jdk.internal.reflect.DelegatingMethodAccessorImpl.invoke(DelegatingMethodAccessorImpl.java:43)
	at java.base/java.lang.reflect.Method.invoke(Method.java:569)
	at org.junit.platform.commons.util.ReflectionUtils.invokeMethod(ReflectionUtils.java:728)
	at org.junit.jupiter.engine.execution.MethodInvocation.proceed(MethodInvocation.java:60)
	at org.junit.jupiter.engine.execution.InvocationInterceptorChain$ValidatingInvocation.proceed(InvocationInterceptorChain.java:131)
	at org.junit.jupiter.engine.extension.TimeoutExtension.intercept(TimeoutExtension.java:156)
	at org.junit.jupiter.engine.extension.TimeoutExtension.interceptLifecycleMethod(TimeoutExtension.java:128)
	at org.junit.jupiter.engine.extension.TimeoutExtension.interceptBeforeEachMethod(TimeoutExtension.java:78)
	at org.junit.jupiter.engine.execution.InterceptingExecutableInvoker$ReflectiveInterceptorCall.lambda$ofVoidMethod$0(InterceptingExecutableInvoker.java:103)
	at org.junit.jupiter.engine.execution.InterceptingExecutableInvoker.lambda$invoke$0(InterceptingExecutableInvoker.java:93)
	at org.junit.jupiter.engine.execution.InvocationInterceptorChain$InterceptedInvocation.proceed(InvocationInterceptorChain.java:106)
	at org.junit.jupiter.engine.execution.InvocationInterceptorChain.proceed(InvocationInterceptorChain.java:64)
	at org.junit.jupiter.engine.execution.InvocationInterceptorChain.chainAndInvoke(InvocationInterceptorChain.java:45)
	at org.junit.jupiter.engine.execution.InvocationInterceptorChain.invoke(InvocationInterceptorChain.java:37)
	at org.junit.jupiter.engine.execution.InterceptingExecutableInvoker.invoke(InterceptingExecutableInvoker.java:92)
	at org.junit.jupiter.engine.execution.InterceptingExecutableInvoker.invoke(InterceptingExecutableInvoker.java:86)
	at org.junit.jupiter.engine.descriptor.ClassBasedTestDescriptor.invokeMethodInExtensionContext(ClassBasedTestDescriptor.java:521)
	at org.junit.jupiter.engine.descriptor.ClassBasedTestDescriptor.lambda$synthesizeBeforeEachMethodAdapter$23(ClassBasedTestDescriptor.java:506)
	at org.junit.jupiter.engine.descriptor.TestMethodTestDescriptor.lambda$invokeBeforeEachMethods$3(TestMethodTestDescriptor.java:175)
	at org.junit.jupiter.engine.descriptor.TestMethodTestDescriptor.lambda$invokeBeforeMethodsOrCallbacksUntilExceptionOccurs$6(TestMethodTestDescriptor.java:203)
	at org.junit.platform.engine.support.hierarchical.ThrowableCollector.execute(ThrowableCollector.java:73)
	at org.junit.jupiter.engine.descriptor.TestMethodTestDescriptor.invokeBeforeMethodsOrCallbacksUntilExceptionOccurs(TestMethodTestDescriptor.java:203)
	at org.junit.jupiter.engine.descriptor.TestMethodTestDescriptor.invokeBeforeEachMethods(TestMethodTestDescriptor.java:172)
	at org.junit.jupiter.engine.descriptor.TestMethodTestDescriptor.execute(TestMethodTestDescriptor.java:135)
	at org.junit.jupiter.engine.descriptor.TestMethodTestDescriptor.execute(TestMethodTestDescriptor.java:69)
	at org.junit.platform.engine.support.hierarchical.NodeTestTask.lambda$executeRecursively$6(NodeTestTask.java:151)
	at org.junit.platform.engine.support.hierarchical.ThrowableCollector.execute(ThrowableCollector.java:73)
	at org.junit.platform.engine.support.hierarchical.NodeTestTask.lambda$executeRecursively$8(NodeTestTask.java:141)
	at org.junit.platform.engine.support.hierarchical.Node.around(Node.java:137)
	at org.junit.platform.engine.support.hierarchical.NodeTestTask.lambda$executeRecursively$9(NodeTestTask.java:139)
	at org.junit.platform.engine.support.hierarchical.ThrowableCollector.execute(ThrowableCollector.java:73)
	at org.junit.platform.engine.support.hierarchical.NodeTestTask.executeRecursively(NodeTestTask.java:138)
	at org.junit.platform.engine.support.hierarchical.NodeTestTask.execute(NodeTestTask.java:95)
	at org.junit.platform.engine.support.hierarchical.SameThreadHierarchicalTestExecutorService.submit(SameThreadHierarchicalTestExecutorService.java:35)
	at org.junit.platform.engine.support.hierarchical.NodeTestTask$DefaultDynamicTestExecutor.execute(NodeTestTask.java:226)
	at org.junit.platform.engine.support.hierarchical.NodeTestTask$DefaultDynamicTestExecutor.execute(NodeTestTask.java:204)
	at org.junit.jupiter.engine.descriptor.TestTemplateTestDescriptor.execute(TestTemplateTestDescriptor.java:142)
	at org.junit.jupiter.engine.descriptor.TestTemplateTestDescriptor.lambda$execute$2(TestTemplateTestDescriptor.java:110)
	at java.base/java.util.stream.ForEachOps$ForEachOp$OfRef.accept(ForEachOps.java:183)
	at java.base/java.util.stream.ReferencePipeline$3$1.accept(ReferencePipeline.java:197)
	at java.base/java.util.stream.ReferencePipeline$2$1.accept(ReferencePipeline.java:179)
	at java.base/java.util.stream.ReferencePipeline$3$1.accept(ReferencePipeline.java:197)
	at java.base/java.util.stream.ForEachOps$ForEachOp$OfRef.accept(ForEachOps.java:183)
	at java.base/java.util.stream.ReferencePipeline$3$1.accept(ReferencePipeline.java:197)
	at java.base/java.util.stream.ReferencePipeline$3$1.accept(ReferencePipeline.java:197)
	at java.base/java.util.stream.ReferencePipeline$3$1.accept(ReferencePipeline.java:197)
	at java.base/java.util.stream.ForEachOps$ForEachOp$OfRef.accept(ForEachOps.java:183)
	at java.base/java.util.stream.ReferencePipeline$3$1.accept(ReferencePipeline.java:197)
	at java.base/java.util.Spliterators$ArraySpliterator.forEachRemaining(Spliterators.java:992)
	at java.base/java.util.stream.ReferencePipeline$Head.forEach(ReferencePipeline.java:762)
	at java.base/java.util.stream.ReferencePipeline$7$1.accept(ReferencePipeline.java:276)
	at java.base/java.util.stream.ReferencePipeline$3$1.accept(ReferencePipeline.java:197)
	at java.base/java.util.stream.ReferencePipeline$3$1.accept(ReferencePipeline.java:197)
	at java.base/java.util.stream.ReferencePipeline$3$1.accept(ReferencePipeline.java:197)
	at java.base/java.util.Spliterators$ArraySpliterator.forEachRemaining(Spliterators.java:992)
	at java.base/java.util.stream.AbstractPipeline.copyInto(AbstractPipeline.java:509)
	at java.base/java.util.stream.AbstractPipeline.wrapAndCopyInto(AbstractPipeline.java:499)
	at java.base/java.util.stream.ForEachOps$ForEachOp.evaluateSequential(ForEachOps.java:150)
	at java.base/java.util.stream.ForEachOps$ForEachOp$OfRef.evaluateSequential(ForEachOps.java:173)
	at java.base/java.util.stream.AbstractPipeline.evaluate(AbstractPipeline.java:234)
	at java.base/java.util.stream.ReferencePipeline.forEach(ReferencePipeline.java:596)
	at java.base/java.util.stream.ReferencePipeline$7$1.accept(ReferencePipeline.java:276)
	at java.base/java.util.stream.ReferencePipeline$3$1.accept(ReferencePipeline.java:197)
	at java.base/java.util.stream.ReferencePipeline$3$1.accept(ReferencePipeline.java:197)
	at java.base/java.util.stream.ReferencePipeline$3$1.accept(ReferencePipeline.java:197)
	at java.base/java.util.ArrayList$ArrayListSpliterator.forEachRemaining(ArrayList.java:1625)
	at java.base/java.util.stream.AbstractPipeline.copyInto(AbstractPipeline.java:509)
	at java.base/java.util.stream.AbstractPipeline.wrapAndCopyInto(AbstractPipeline.java:499)
	at java.base/java.util.stream.ForEachOps$ForEachOp.evaluateSequential(ForEachOps.java:150)
	at java.base/java.util.stream.ForEachOps$ForEachOp$OfRef.evaluateSequential(ForEachOps.java:173)
	at java.base/java.util.stream.AbstractPipeline.evaluate(AbstractPipeline.java:234)
	at java.base/java.util.stream.ReferencePipeline.forEach(ReferencePipeline.java:596)
	at java.base/java.util.stream.ReferencePipeline$7$1.accept(ReferencePipeline.java:276)
	at java.base/java.util.ArrayList$ArrayListSpliterator.forEachRemaining(ArrayList.java:1625)
	at java.base/java.util.stream.AbstractPipeline.copyInto(AbstractPipeline.java:509)
	at java.base/java.util.stream.AbstractPipeline.wrapAndCopyInto(AbstractPipeline.java:499)
	at java.base/java.util.stream.ForEachOps$ForEachOp.evaluateSequential(ForEachOps.java:150)
	at java.base/java.util.stream.ForEachOps$ForEachOp$OfRef.evaluateSequential(ForEachOps.java:173)
	at java.base/java.util.stream.AbstractPipeline.evaluate(AbstractPipeline.java:234)
	at java.base/java.util.stream.ReferencePipeline.forEach(ReferencePipeline.java:596)
	at org.junit.jupiter.engine.descriptor.TestTemplateTestDescriptor.execute(TestTemplateTestDescriptor.java:110)
	at org.junit.jupiter.engine.descriptor.TestTemplateTestDescriptor.execute(TestTemplateTestDescriptor.java:44)
	at org.junit.platform.engine.support.hierarchical.NodeTestTask.lambda$executeRecursively$6(NodeTestTask.java:151)
	at org.junit.platform.engine.support.hierarchical.ThrowableCollector.execute(ThrowableCollector.java:73)
	at org.junit.platform.engine.support.hierarchical.NodeTestTask.lambda$executeRecursively$8(NodeTestTask.java:141)
	at org.junit.platform.engine.support.hierarchical.Node.around(Node.java:137)
	at org.junit.platform.engine.support.hierarchical.NodeTestTask.lambda$executeRecursively$9(NodeTestTask.java:139)
	at org.junit.platform.engine.support.hierarchical.ThrowableCollector.execute(ThrowableCollector.java:73)
	at org.junit.platform.engine.support.hierarchical.NodeTestTask.executeRecursively(NodeTestTask.java:138)
	at org.junit.platform.engine.support.hierarchical.NodeTestTask.execute(NodeTestTask.java:95)
	at java.base/java.util.ArrayList.forEach(ArrayList.java:1511)
	at org.junit.platform.engine.support.hierarchical.SameThreadHierarchicalTestExecutorService.invokeAll(SameThreadHierarchicalTestExecutorService.java:41)
	at org.junit.platform.engine.support.hierarchical.NodeTestTask.lambda$executeRecursively$6(NodeTestTask.java:155)
	at org.junit.platform.engine.support.hierarchical.ThrowableCollector.execute(ThrowableCollector.java:73)
	at org.junit.platform.engine.support.hierarchical.NodeTestTask.lambda$executeRecursively$8(NodeTestTask.java:141)
	at org.junit.platform.engine.support.hierarchical.Node.around(Node.java:137)
	at org.junit.platform.engine.support.hierarchical.NodeTestTask.lambda$executeRecursively$9(NodeTestTask.java:139)
	at org.junit.platform.engine.support.hierarchical.ThrowableCollector.execute(ThrowableCollector.java:73)
	at org.junit.platform.engine.support.hierarchical.NodeTestTask.executeRecursively(NodeTestTask.java:138)
	at org.junit.platform.engine.support.hierarchical.NodeTestTask.execute(NodeTestTask.java:95)
	at java.base/java.util.ArrayList.forEach(ArrayList.java:1511)
	at org.junit.platform.engine.support.hierarchical.SameThreadHierarchicalTestExecutorService.invokeAll(SameThreadHierarchicalTestExecutorService.java:41)
	at org.junit.platform.engine.support.hierarchical.NodeTestTask.lambda$executeRecursively$6(NodeTestTask.java:155)
	at org.junit.platform.engine.support.hierarchical.ThrowableCollector.execute(ThrowableCollector.java:73)
	at org.junit.platform.engine.support.hierarchical.NodeTestTask.lambda$executeRecursively$8(NodeTestTask.java:141)
	at org.junit.platform.engine.support.hierarchical.Node.around(Node.java:137)
	at org.junit.platform.engine.support.hierarchical.NodeTestTask.lambda$executeRecursively$9(NodeTestTask.java:139)
	at org.junit.platform.engine.support.hierarchical.ThrowableCollector.execute(ThrowableCollector.java:73)
	at org.junit.platform.engine.support.hierarchical.NodeTestTask.executeRecursively(NodeTestTask.java:138)
	at org.junit.platform.engine.support.hierarchical.NodeTestTask.execute(NodeTestTask.java:95)
	at org.junit.platform.engine.support.hierarchical.SameThreadHierarchicalTestExecutorService.submit(SameThreadHierarchicalTestExecutorService.java:35)
	at org.junit.platform.engine.support.hierarchical.HierarchicalTestExecutor.execute(HierarchicalTestExecutor.java:57)
	at org.junit.platform.engine.support.hierarchical.HierarchicalTestEngine.execute(HierarchicalTestEngine.java:54)
	at org.junit.platform.launcher.core.EngineExecutionOrchestrator.execute(EngineExecutionOrchestrator.java:198)
	at org.junit.platform.launcher.core.EngineExecutionOrchestrator.execute(EngineExecutionOrchestrator.java:169)
	at org.junit.platform.launcher.core.EngineExecutionOrchestrator.execute(EngineExecutionOrchestrator.java:93)
	at org.junit.platform.launcher.core.EngineExecutionOrchestrator.lambda$execute$0(EngineExecutionOrchestrator.java:58)
	at org.junit.platform.launcher.core.EngineExecutionOrchestrator.withInterceptedStreams(EngineExecutionOrchestrator.java:141)
	at org.junit.platform.launcher.core.EngineExecutionOrchestrator.execute(EngineExecutionOrchestrator.java:57)
	at org.junit.platform.launcher.core.DefaultLauncher.execute(DefaultLauncher.java:103)
	at org.junit.platform.launcher.core.DefaultLauncher.execute(DefaultLauncher.java:85)
	at org.junit.platform.launcher.core.DelegatingLauncher.execute(DelegatingLauncher.java:47)
	at org.junit.platform.launcher.core.SessionPerRequestLauncher.execute(SessionPerRequestLauncher.java:63)
	at org.apache.maven.surefire.junitplatform.JUnitPlatformProvider.invokeAllTests(JUnitPlatformProvider.java:154)
	at org.apache.maven.surefire.junitplatform.JUnitPlatformProvider.invoke(JUnitPlatformProvider.java:123)
	at org.apache.maven.surefire.booter.ForkedBooter.runSuitesInProcess(ForkedBooter.java:377)
	at org.apache.maven.surefire.booter.ForkedBooter.execute(ForkedBooter.java:138)
	at org.apache.maven.surefire.booter.ForkedBooter.run(ForkedBooter.java:465)
	at org.apache.maven.surefire.booter.ForkedBooter.main(ForkedBooter.java:451)
2024-08-15 10:19:59,892 [main] INFO  om.OzoneManager (OzoneManager.java:addS3GVolumeToDB(4577)) - Created Volume s3v With Owner runner required for S3Gateway operations.
2024-08-15 10:19:59,892 [main] WARN  server.ServerUtils (ServerUtils.java:getDefaultRatisDirectory(311)) - Storage directory for Ratis is not configured. It is a good idea to map this to an SSD disk. Falling back to ozone.metadata.dirs
2024-08-15 10:19:59,892 [main] WARN  utils.OzoneManagerRatisUtils (OzoneManagerRatisUtils.java:getOMRatisSnapshotDirectory(475)) - ozone.om.ratis.snapshot.dir is not configured. Falling back to ozone.metadata.dirs config
2024-08-15 10:19:59,893 [main] WARN  dropwizard3.Dm3MetricRegistriesImpl (Dm3MetricRegistriesImpl.java:addReporterRegistration(114)) - New reporters are added after registries were created. Some metrics will be missing from the reporter. Please add reporter before adding any new registry.
2024-08-15 10:19:59,893 [main] WARN  dropwizard3.Dm3MetricRegistriesImpl (Dm3MetricRegistriesImpl.java:addReporterRegistration(114)) - New reporters are added after registries were created. Some metrics will be missing from the reporter. Please add reporter before adding any new registry.
2024-08-15 10:19:59,893 [main] WARN  server.ServerUtils (ServerUtils.java:getDefaultRatisDirectory(311)) - Storage directory for Ratis is not configured. It is a good idea to map this to an SSD disk. Falling back to ozone.metadata.dirs
2024-08-15 10:19:59,894 [main] INFO  ratis.OzoneManagerRatisServer (OzoneManagerRatisServer.java:<init>(168)) - Instantiating OM Ratis server with groupID: omServiceIdDefault and peers: localhost:15590
2024-08-15 10:19:59,894 [main] INFO  ratis.OzoneManagerStateMachine (OzoneManagerStateMachine.java:loadSnapshotInfoFromDB(593)) - TransactionInfo not found in OM DB.
2024-08-15 10:19:59,895 [main] INFO  server.RaftServer (ConfUtils.java:logGet(46)) - raft.rpc.type = GRPC (default)
2024-08-15 10:19:59,895 [main] INFO  grpc.GrpcConfigKeys (ConfUtils.java:logFallback(53)) - raft.grpc.admin.host = null (fallback to raft.grpc.server.host)
2024-08-15 10:19:59,895 [main] INFO  grpc.GrpcConfigKeys (ConfUtils.java:logFallback(53)) - raft.grpc.admin.port = 15590 (fallback to raft.grpc.server.port)
2024-08-15 10:19:59,895 [main] INFO  grpc.GrpcConfigKeys (ConfUtils.java:logFallback(53)) - raft.grpc.client.host = null (fallback to raft.grpc.server.host)
2024-08-15 10:19:59,895 [main] INFO  grpc.GrpcConfigKeys (ConfUtils.java:logFallback(53)) - raft.grpc.client.port = 15590 (fallback to raft.grpc.server.port)
2024-08-15 10:19:59,895 [main] INFO  grpc.GrpcConfigKeys (ConfUtils.java:logGet(46)) - raft.grpc.server.host = null (default)
2024-08-15 10:19:59,896 [main] INFO  grpc.GrpcConfigKeys (ConfUtils.java:logGet(46)) - raft.grpc.server.port = 15590 (custom)
2024-08-15 10:19:59,896 [main] INFO  server.GrpcService (ConfUtils.java:logGet(46)) - raft.grpc.message.size.max = 4194304 (custom)
2024-08-15 10:19:59,896 [main] INFO  server.RaftServerConfigKeys (ConfUtils.java:logGet(46)) - raft.server.log.appender.buffer.byte-limit = 4194304 (custom)
2024-08-15 10:19:59,896 [main] INFO  server.GrpcService (ConfUtils.java:logGet(46)) - raft.grpc.flow.control.window = 1MB (=1048576) (default)
2024-08-15 10:19:59,896 [main] INFO  server.RaftServerConfigKeys (ConfUtils.java:logGet(46)) - raft.server.rpc.request.timeout = 3000ms (default)
2024-08-15 10:19:59,896 [main] INFO  grpc.GrpcConfigKeys (ConfUtils.java:logGet(46)) - raft.grpc.server.heartbeat.channel = true (default)
2024-08-15 10:19:59,896 [main] INFO  grpc.GrpcConfigKeys (ConfUtils.java:logGet(46)) - raft.grpc.server.async.request.thread.pool.cached = true (default)
2024-08-15 10:19:59,896 [main] INFO  grpc.GrpcConfigKeys (ConfUtils.java:logGet(46)) - raft.grpc.server.async.request.thread.pool.size = 32 (default)
2024-08-15 10:19:59,897 [main] INFO  impl.DataStreamServerImpl (ConfUtils.java:logGet(46)) - raft.datastream.type = DISABLED (default)
2024-08-15 10:19:59,897 [main] INFO  server.RaftServerConfigKeys (ConfUtils.java:logGet(46)) - raft.server.sleep.deviation.threshold = 300ms (default)
2024-08-15 10:19:59,897 [main] INFO  server.RaftServerConfigKeys (ConfUtils.java:logGet(46)) - raft.server.close.threshold = 60s (default)
2024-08-15 10:19:59,898 [main] INFO  server.RaftServerConfigKeys (ConfUtils.java:logGet(46)) - raft.server.leaderelection.leader.step-down.wait-time = 10s (default)
2024-08-15 10:19:59,898 [main] INFO  server.RaftServerConfigKeys (ConfUtils.java:logGet(46)) - raft.server.storage.dir = [/home/runner/work/ozone/ozone/hadoop-ozone/integration-test/target/test-dir/MiniOzoneClusterImpl-4fe7c5bf-ca33-4415-93e0-e252006dfa59/ozone-meta/ratis] (custom)
2024-08-15 10:19:59,898 [main] INFO  server.RaftServerConfigKeys (ConfUtils.java:logGet(46)) - raft.server.threadpool.proxy.cached = true (default)
2024-08-15 10:19:59,898 [main] INFO  server.RaftServerConfigKeys (ConfUtils.java:logGet(46)) - raft.server.threadpool.proxy.size = 0 (default)
2024-08-15 10:19:59,899 [main] INFO  server.RaftServer (RaftServerProxy.java:addNew(101)) - om1: addNew group-C5BA1605619E:[om1|localhost:15590] returns group-C5BA1605619E:java.util.concurrent.CompletableFuture@332a3cf1[Not completed]
2024-08-15 10:19:59,899 [main] INFO  om.OzoneManager (OzoneManager.java:initializeRatisServer(2192)) - OzoneManager Ratis server initialized at port 15590
2024-08-15 10:19:59,899 [main] INFO  om.OzoneManager (OzoneManager.java:getRpcServer(1240)) - Creating RPC Server
2024-08-15 10:19:59,899 [om1-groupManagement] INFO  server.RaftServer$Division (RaftServerImpl.java:<init>(253)) - om1: new RaftServerImpl for group-C5BA1605619E:[om1|localhost:15590] with OzoneManagerStateMachine:uninitialized
2024-08-15 10:19:59,913 [om1-groupManagement] INFO  server.RaftServerConfigKeys (ConfUtils.java:logGet(46)) - raft.server.rpc.timeout.min = 1s (custom)
2024-08-15 10:19:59,914 [om1-groupManagement] INFO  server.RaftServerConfigKeys (ConfUtils.java:logGet(46)) - raft.server.rpc.timeout.max = 1200ms (custom)
2024-08-15 10:19:59,914 [om1-groupManagement] INFO  server.RaftServerConfigKeys (ConfUtils.java:logGet(46)) - raft.server.rpc.sleep.time = 25ms (default)
2024-08-15 10:19:59,915 [om1-groupManagement] INFO  server.RaftServerConfigKeys (ConfUtils.java:logGet(46)) - raft.server.rpc.slowness.timeout = 120s (custom)
2024-08-15 10:19:59,915 [om1-groupManagement] INFO  server.RaftServerConfigKeys (ConfUtils.java:logGet(46)) - raft.server.leaderelection.leader.step-down.wait-time = 10s (default)
2024-08-15 10:19:59,916 [om1-groupManagement] INFO  server.RaftServerConfigKeys (ConfUtils.java:logGet(46)) - raft.server.leaderelection.member.majority-add = false (default)
2024-08-15 10:19:59,916 [om1-groupManagement] INFO  server.RaftServerConfigKeys (ConfUtils.java:logGet(46)) - raft.server.sleep.deviation.threshold = 300ms (default)
2024-08-15 10:19:59,917 [om1-groupManagement] INFO  server.RaftServer$Division (ServerState.java:<init>(114)) - om1@group-C5BA1605619E: ConfigurationManager, init=conf: {index: -1, cur=peers:[om1|localhost:15590]|listeners:[], old=null}, confs=<EMPTY_MAP>
2024-08-15 10:19:59,917 [om1-groupManagement] INFO  server.RaftServerConfigKeys (ConfUtils.java:logGet(46)) - raft.server.notification.no-leader.timeout = 120s (custom)
2024-08-15 10:19:59,918 [om1-groupManagement] INFO  server.RaftServerConfigKeys (ConfUtils.java:logGet(46)) - raft.server.read.timeout = 10s (default)
2024-08-15 10:19:59,918 [om1-groupManagement] INFO  server.RaftServerConfigKeys (ConfUtils.java:logGet(46)) - raft.server.retrycache.expirytime = 300s (custom)
2024-08-15 10:19:59,918 [om1-groupManagement] INFO  server.RaftServerConfigKeys (ConfUtils.java:logGet(46)) - raft.server.retrycache.statistics.expirytime = 100ms (default)
2024-08-15 10:19:59,919 [om1-groupManagement] INFO  server.RaftServerConfigKeys (ConfUtils.java:logGet(46)) - raft.server.read.option = DEFAULT (default)
2024-08-15 10:19:59,919 [om1-groupManagement] INFO  server.RaftServerConfigKeys (ConfUtils.java:logGet(46)) - raft.server.read.read-after-write-consistent.write-index-cache.expiry-time = 60s (default)
2024-08-15 10:19:59,920 [om1-groupManagement] INFO  server.RaftServerConfigKeys (ConfUtils.java:logGet(46)) - raft.server.rpc.request.timeout = 3000ms (default)
2024-08-15 10:19:59,921 [om1-groupManagement] INFO  server.RaftServerConfigKeys (ConfUtils.java:logGet(46)) - raft.server.log.appender.install.snapshot.enabled = false (custom)
2024-08-15 10:19:59,921 [om1-groupManagement] INFO  server.RaftServerConfigKeys (ConfUtils.java:logGet(46)) - raft.server.threadpool.server.cached = true (default)
2024-08-15 10:19:59,921 [om1-groupManagement] INFO  server.RaftServerConfigKeys (ConfUtils.java:logGet(46)) - raft.server.threadpool.server.size = 0 (default)
2024-08-15 10:19:59,921 [om1-groupManagement] INFO  server.RaftServerConfigKeys (ConfUtils.java:logGet(46)) - raft.server.threadpool.client.cached = true (default)
2024-08-15 10:19:59,921 [om1-groupManagement] INFO  server.RaftServerConfigKeys (ConfUtils.java:logGet(46)) - raft.server.threadpool.client.size = 0 (default)
2024-08-15 10:20:00,178 [main] INFO  reflections.Reflections (Reflections.java:scan(219)) - Reflections took 278 ms to scan 20 urls, producing 59 keys and 6776 values
2024-08-15 10:20:00,179 [main] INFO  ipc.CallQueueManager (CallQueueManager.java:<init>(90)) - Using callQueue: class java.util.concurrent.LinkedBlockingQueue, queueCapacity: 2000, scheduler: class org.apache.hadoop.ipc.DefaultRpcScheduler, ipcBackoff: false.
2024-08-15 10:20:00,179 [main] INFO  ipc.Server (Server.java:<init>(1287)) - Listener at 127.0.0.1:15587
2024-08-15 10:20:00,179 [Socket Reader #1 for port 15587] INFO  ipc.Server (Server.java:run(1323)) - Starting Socket Reader #1 for port 15587
2024-08-15 10:20:00,180 [Socket Reader #2 for port 15587] INFO  ipc.Server (Server.java:run(1323)) - Starting Socket Reader #2 for port 15587
2024-08-15 10:20:00,180 [Socket Reader #3 for port 15587] INFO  ipc.Server (Server.java:run(1323)) - Starting Socket Reader #3 for port 15587
2024-08-15 10:20:00,180 [Socket Reader #4 for port 15587] INFO  ipc.Server (Server.java:run(1323)) - Starting Socket Reader #4 for port 15587
2024-08-15 10:20:00,180 [Socket Reader #5 for port 15587] INFO  ipc.Server (Server.java:run(1323)) - Starting Socket Reader #5 for port 15587
2024-08-15 10:20:00,180 [Socket Reader #6 for port 15587] INFO  ipc.Server (Server.java:run(1323)) - Starting Socket Reader #6 for port 15587
2024-08-15 10:20:00,180 [Socket Reader #7 for port 15587] INFO  ipc.Server (Server.java:run(1323)) - Starting Socket Reader #7 for port 15587
2024-08-15 10:20:00,181 [Socket Reader #8 for port 15587] INFO  ipc.Server (Server.java:run(1323)) - Starting Socket Reader #8 for port 15587
2024-08-15 10:20:00,181 [Socket Reader #9 for port 15587] INFO  ipc.Server (Server.java:run(1323)) - Starting Socket Reader #9 for port 15587
2024-08-15 10:20:00,181 [Socket Reader #10 for port 15587] INFO  ipc.Server (Server.java:run(1323)) - Starting Socket Reader #10 for port 15587
2024-08-15 10:20:00,200 [main] INFO  impl.MetricsSystemImpl (MetricsSystemImpl.java:init(158)) - OzoneManager metrics system started (again)
2024-08-15 10:20:00,207 [main] INFO  om.OzoneManager (OzoneManager.java:start(1668)) - OzoneManager RPC server is listening at localhost/127.0.0.1:15587
2024-08-15 10:20:00,208 [main] INFO  ratis.OzoneManagerRatisServer (OzoneManagerRatisServer.java:start(594)) - Starting OzoneManagerRatisServer om1 at port 15590
2024-08-15 10:20:00,208 [om1-impl-thread1] INFO  server.RaftServerConfigKeys (ConfUtils.java:logGet(46)) - raft.server.storage.free-space.min = 0MB (=0) (default)
2024-08-15 10:20:00,208 [om1-impl-thread1] INFO  server.RaftServerConfigKeys (ConfUtils.java:logGet(46)) - raft.server.log.corruption.policy = EXCEPTION (default)
2024-08-15 10:20:00,208 [om1-impl-thread1] INFO  server.RaftServerConfigKeys (ConfUtils.java:logGet(46)) - raft.server.storage.dir = [/home/runner/work/ozone/ozone/hadoop-ozone/integration-test/target/test-dir/MiniOzoneClusterImpl-4fe7c5bf-ca33-4415-93e0-e252006dfa59/ozone-meta/ratis] (custom)
2024-08-15 10:20:00,208 [om1-impl-thread1] INFO  storage.RaftStorageDirectory (RaftStorageDirectoryImpl.java:analyzeStorage(138)) - The storage directory /home/runner/work/ozone/ozone/hadoop-ozone/integration-test/target/test-dir/MiniOzoneClusterImpl-4fe7c5bf-ca33-4415-93e0-e252006dfa59/ozone-meta/ratis/bf265839-605b-3f16-9796-c5ba1605619e does not exist. Creating ...
2024-08-15 10:20:00,209 [om1-impl-thread1] INFO  storage.RaftStorageDirectory (RaftStorageDirectoryImpl.java:tryLock(229)) - Lock on /home/runner/work/ozone/ozone/hadoop-ozone/integration-test/target/test-dir/MiniOzoneClusterImpl-4fe7c5bf-ca33-4415-93e0-e252006dfa59/ozone-meta/ratis/bf265839-605b-3f16-9796-c5ba1605619e/in_use.lock acquired by nodename 113339@fv-az1107-352
2024-08-15 10:20:00,211 [om1-impl-thread1] INFO  storage.RaftStorage (RaftStorageImpl.java:format(98)) - Storage directory /home/runner/work/ozone/ozone/hadoop-ozone/integration-test/target/test-dir/MiniOzoneClusterImpl-4fe7c5bf-ca33-4415-93e0-e252006dfa59/ozone-meta/ratis/bf265839-605b-3f16-9796-c5ba1605619e has been successfully formatted.
2024-08-15 10:20:00,211 [om1-impl-thread1] INFO  server.RaftServerConfigKeys (ConfUtils.java:logGet(46)) - raft.server.log.use.memory = false (default)
2024-08-15 10:20:00,211 [om1-impl-thread1] INFO  server.RaftServerConfigKeys (ConfUtils.java:logGet(46)) - raft.server.log.purge.gap = 1000000 (custom)
2024-08-15 10:20:00,211 [om1-impl-thread1] INFO  server.RaftServerConfigKeys (ConfUtils.java:logGet(46)) - raft.server.log.appender.buffer.byte-limit = 4194304 (custom)
2024-08-15 10:20:00,211 [om1-impl-thread1] INFO  server.RaftServerConfigKeys (ConfUtils.java:logGet(46)) - raft.server.log.statemachine.data.read.timeout = 1000ms (default)
2024-08-15 10:20:00,211 [om1-impl-thread1] INFO  server.RaftServerConfigKeys (ConfUtils.java:logGet(46)) - raft.server.log.purge.preservation.log.num = 0 (default)
2024-08-15 10:20:00,211 [om1-impl-thread1] INFO  server.RaftServerConfigKeys (ConfUtils.java:logGet(46)) - raft.server.log.segment.size.max = 4194304 (custom)
2024-08-15 10:20:00,211 [om1-impl-thread1] INFO  server.RaftServerConfigKeys (ConfUtils.java:logGet(46)) - raft.server.log.segment.cache.num.max = 2 (custom)
2024-08-15 10:20:00,211 [om1-impl-thread1] INFO  server.RaftServerConfigKeys (ConfUtils.java:logGet(46)) - raft.server.log.segment.cache.size.max = 200MB (=209715200) (default)
2024-08-15 10:20:00,211 [om1-impl-thread1] INFO  server.RaftServerConfigKeys (ConfUtils.java:logGet(46)) - raft.server.log.appender.buffer.byte-limit = 4194304 (custom)
2024-08-15 10:20:00,212 [om1-impl-thread1] INFO  util.AwaitToRun (AwaitToRun.java:start(81)) - Thread[om1@group-C5BA1605619E-cacheEviction-AwaitToRun,5,main] started
2024-08-15 10:20:00,212 [om1-impl-thread1] INFO  segmented.SegmentedRaftLogWorker (SegmentedRaftLogWorker.java:<init>(184)) - new om1@group-C5BA1605619E-SegmentedRaftLogWorker for RaftStorageImpl:Storage Directory /home/runner/work/ozone/ozone/hadoop-ozone/integration-test/target/test-dir/MiniOzoneClusterImpl-4fe7c5bf-ca33-4415-93e0-e252006dfa59/ozone-meta/ratis/bf265839-605b-3f16-9796-c5ba1605619e
2024-08-15 10:20:00,212 [om1-impl-thread1] INFO  server.RaftServerConfigKeys (ConfUtils.java:logGet(46)) - raft.server.log.queue.byte-limit = 64MB (=67108864) (default)
2024-08-15 10:20:00,212 [om1-impl-thread1] INFO  server.RaftServerConfigKeys (ConfUtils.java:logGet(46)) - raft.server.log.queue.element-limit = 4096 (default)
2024-08-15 10:20:00,212 [om1-impl-thread1] INFO  server.RaftServerConfigKeys (ConfUtils.java:logGet(46)) - raft.server.log.segment.size.max = 4194304 (custom)
2024-08-15 10:20:00,212 [om1-impl-thread1] INFO  server.RaftServerConfigKeys (ConfUtils.java:logGet(46)) - raft.server.log.preallocated.size = 4194304 (custom)
2024-08-15 10:20:00,212 [om1-impl-thread1] INFO  server.RaftServerConfigKeys (ConfUtils.java:logGet(46)) - raft.server.log.force.sync.num = 128 (default)
2024-08-15 10:20:00,212 [om1-impl-thread1] INFO  server.RaftServerConfigKeys (ConfUtils.java:logGet(46)) - raft.server.log.statemachine.data.sync = true (default)
2024-08-15 10:20:00,212 [om1-impl-thread1] INFO  server.RaftServerConfigKeys (ConfUtils.java:logGet(46)) - raft.server.log.statemachine.data.sync.timeout = 10s (default)
2024-08-15 10:20:00,212 [om1-impl-thread1] INFO  server.RaftServerConfigKeys (ConfUtils.java:logGet(46)) - raft.server.log.statemachine.data.sync.timeout.retry = -1 (default)
2024-08-15 10:20:00,212 [om1-impl-thread1] INFO  server.RaftServerConfigKeys (ConfUtils.java:logGet(46)) - raft.server.log.write.buffer.size = 4194312 (custom)
2024-08-15 10:20:00,214 [om1-impl-thread1] INFO  server.RaftServerConfigKeys (ConfUtils.java:logGet(46)) - raft.server.log.appender.buffer.byte-limit = 4194304 (custom)
2024-08-15 10:20:00,214 [om1-impl-thread1] INFO  server.RaftServerConfigKeys (ConfUtils.java:logGet(46)) - raft.server.log.unsafe-flush.enabled = false (default)
2024-08-15 10:20:00,214 [om1-impl-thread1] INFO  server.RaftServerConfigKeys (ConfUtils.java:logGet(46)) - raft.server.log.async-flush.enabled = false (default)
2024-08-15 10:20:00,214 [om1-impl-thread1] INFO  server.RaftServerConfigKeys (ConfUtils.java:logGet(46)) - raft.server.log.statemachine.data.caching.enabled = false (default)
2024-08-15 10:20:00,214 [om1-impl-thread1] INFO  segmented.SegmentedRaftLogWorker (SegmentedRaftLogWorker.java:lambda$new$0(135)) - om1@group-C5BA1605619E-SegmentedRaftLogWorker: flushIndex: setUnconditionally 0 -> -1
2024-08-15 10:20:00,214 [om1-impl-thread1] INFO  segmented.SegmentedRaftLogWorker (SegmentedRaftLogWorker.java:lambda$new$0(135)) - om1@group-C5BA1605619E-SegmentedRaftLogWorker: safeCacheEvictIndex: setUnconditionally 0 -> -1
2024-08-15 10:20:00,215 [om1-impl-thread1] INFO  server.RaftServer$Division (RaftServerImpl.java:start(389)) - om1@group-C5BA1605619E: start as a follower, conf=conf: {index: -1, cur=peers:[om1|localhost:15590]|listeners:[], old=null}
2024-08-15 10:20:00,215 [om1-impl-thread1] INFO  server.RaftServer$Division (RaftServerImpl.java:setRole(376)) - om1@group-C5BA1605619E: changes role from      null to FOLLOWER at term 0 for startAsFollower
2024-08-15 10:20:00,216 [om1-impl-thread1] INFO  impl.RoleInfo (RoleInfo.java:updateAndGet(148)) - om1: start om1@group-C5BA1605619E-FollowerState
2024-08-15 10:20:00,216 [om1@group-C5BA1605619E-FollowerState] INFO  server.RaftServerConfigKeys (ConfUtils.java:logFallback(53)) - raft.server.rpc.first-election.timeout.min = 1s (fallback to raft.server.rpc.timeout.min)
2024-08-15 10:20:00,216 [om1-impl-thread1] ERROR util.JmxRegister (JmxRegister.java:tryRegister(40)) - Failed to register JMX Bean with name Ratis:service=RaftServer,group=group-C5BA1605619E,id=om1
javax.management.InstanceAlreadyExistsException: Ratis:service=RaftServer,group=group-C5BA1605619E,id=om1
	at java.management/com.sun.jmx.mbeanserver.Repository.addMBean(Repository.java:436)
	at java.management/com.sun.jmx.interceptor.DefaultMBeanServerInterceptor.registerWithRepository(DefaultMBeanServerInterceptor.java:1865)
	at java.management/com.sun.jmx.interceptor.DefaultMBeanServerInterceptor.registerDynamicMBean(DefaultMBeanServerInterceptor.java:960)
	at java.management/com.sun.jmx.interceptor.DefaultMBeanServerInterceptor.registerObject(DefaultMBeanServerInterceptor.java:895)
	at java.management/com.sun.jmx.interceptor.DefaultMBeanServerInterceptor.registerMBean(DefaultMBeanServerInterceptor.java:320)
	at java.management/com.sun.jmx.mbeanserver.JmxMBeanServer.registerMBean(JmxMBeanServer.java:523)
	at org.apache.ratis.util.JmxRegister.tryRegister(JmxRegister.java:38)
	at org.apache.ratis.util.JmxRegister.register(JmxRegister.java:56)
	at org.apache.ratis.server.impl.RaftServerJmxAdapter.registerMBean(RaftServerJmxAdapter.java:36)
	at org.apache.ratis.server.impl.RaftServerJmxAdapter.registerMBean(RaftServerJmxAdapter.java:49)
	at org.apache.ratis.server.impl.RaftServerImpl.start(RaftServerImpl.java:399)
	at org.apache.ratis.util.ConcurrentUtils.accept(ConcurrentUtils.java:203)
	at org.apache.ratis.util.ConcurrentUtils.lambda$null$4(ConcurrentUtils.java:182)
	at java.base/java.util.concurrent.ThreadPoolExecutor.runWorker(ThreadPoolExecutor.java:1136)
	at java.base/java.util.concurrent.ThreadPoolExecutor$Worker.run(ThreadPoolExecutor.java:635)
	at java.base/java.lang.Thread.run(Thread.java:840)
2024-08-15 10:20:00,216 [om1@group-C5BA1605619E-FollowerState] INFO  server.RaftServerConfigKeys (ConfUtils.java:logFallback(53)) - raft.server.rpc.first-election.timeout.max = 1200ms (fallback to raft.server.rpc.timeout.max)
2024-08-15 10:20:00,216 [om1-impl-thread1] ERROR util.JmxRegister (JmxRegister.java:tryRegister(40)) - Failed to register JMX Bean with name Ratis:service=RaftServer,group=group-C5BA1605619E,id="om1"
javax.management.InstanceAlreadyExistsException: Ratis:service=RaftServer,group=group-C5BA1605619E,id="om1"
	at java.management/com.sun.jmx.mbeanserver.Repository.addMBean(Repository.java:436)
	at java.management/com.sun.jmx.interceptor.DefaultMBeanServerInterceptor.registerWithRepository(DefaultMBeanServerInterceptor.java:1865)
	at java.management/com.sun.jmx.interceptor.DefaultMBeanServerInterceptor.registerDynamicMBean(DefaultMBeanServerInterceptor.java:960)
	at java.management/com.sun.jmx.interceptor.DefaultMBeanServerInterceptor.registerObject(DefaultMBeanServerInterceptor.java:895)
	at java.management/com.sun.jmx.interceptor.DefaultMBeanServerInterceptor.registerMBean(DefaultMBeanServerInterceptor.java:320)
	at java.management/com.sun.jmx.mbeanserver.JmxMBeanServer.registerMBean(JmxMBeanServer.java:523)
	at org.apache.ratis.util.JmxRegister.tryRegister(JmxRegister.java:38)
	at org.apache.ratis.util.JmxRegister.register(JmxRegister.java:56)
	at org.apache.ratis.server.impl.RaftServerJmxAdapter.registerMBean(RaftServerJmxAdapter.java:36)
	at org.apache.ratis.server.impl.RaftServerJmxAdapter.registerMBean(RaftServerJmxAdapter.java:49)
	at org.apache.ratis.server.impl.RaftServerImpl.start(RaftServerImpl.java:399)
	at org.apache.ratis.util.ConcurrentUtils.accept(ConcurrentUtils.java:203)
	at org.apache.ratis.util.ConcurrentUtils.lambda$null$4(ConcurrentUtils.java:182)
	at java.base/java.util.concurrent.ThreadPoolExecutor.runWorker(ThreadPoolExecutor.java:1136)
	at java.base/java.util.concurrent.ThreadPoolExecutor$Worker.run(ThreadPoolExecutor.java:635)
	at java.base/java.lang.Thread.run(Thread.java:840)
2024-08-15 10:20:00,217 [om1-impl-thread1] INFO  server.RaftServerConfigKeys (ConfUtils.java:logGet(46)) - raft.server.snapshot.trigger-when-stop.enabled = true (default)
2024-08-15 10:20:00,217 [om1-impl-thread1] INFO  server.RaftServerConfigKeys (ConfUtils.java:logGet(46)) - raft.server.snapshot.trigger-when-remove.enabled = true (default)
2024-08-15 10:20:00,217 [om1-impl-thread1] INFO  server.RaftServerConfigKeys (ConfUtils.java:logGet(46)) - raft.server.snapshot.auto.trigger.enabled = true (custom)
2024-08-15 10:20:00,217 [om1-impl-thread1] INFO  server.RaftServerConfigKeys (ConfUtils.java:logGet(46)) - raft.server.snapshot.auto.trigger.threshold = 400000 (default)
2024-08-15 10:20:00,217 [om1-impl-thread1] INFO  server.RaftServerConfigKeys (ConfUtils.java:logGet(46)) - raft.server.snapshot.retention.file.num = -1 (default)
2024-08-15 10:20:00,217 [om1-impl-thread1] INFO  server.RaftServerConfigKeys (ConfUtils.java:logGet(46)) - raft.server.log.purge.upto.snapshot.index = true (custom)
2024-08-15 10:20:00,217 [main] INFO  server.RaftServer (RaftServerProxy.java:startImpl(408)) - om1: start RPC server
2024-08-15 10:20:00,218 [main] INFO  server.GrpcService (GrpcService.java:startImpl(302)) - om1: GrpcService started, listening on 15590
2024-08-15 10:20:00,218 [JvmPauseMonitor82] INFO  util.JvmPauseMonitor (JvmPauseMonitor.java:run(146)) - JvmPauseMonitor-om1: Started
2024-08-15 10:20:00,218 [main] INFO  om.OzoneManager (OzoneManager.java:start(1683)) - Version File has different layout version (7) than OM DB (null). That is expected if this OM has never been finalized to a newer layout version.
2024-08-15 10:20:00,222 [main] INFO  client.ScmTopologyClient (ScmTopologyClient.java:start(72)) - Initial network topology fetched from SCM: /.
2024-08-15 10:20:00,222 [main] INFO  net.NodeSchemaLoader (NodeSchemaLoader.java:loadSchemaFromFile(129)) - Loading schema from [jar:file:/home/runner/work/ozone/ozone/hadoop-hdds/common/target/hdds-common-1.5.0-SNAPSHOT.jar!/network-topology-default.xml]
2024-08-15 10:20:00,222 [main] INFO  net.NodeSchemaLoader (NodeSchemaLoader.java:loadSchema(176)) - Loading network topology layer schema file
2024-08-15 10:20:00,226 [main] INFO  http.BaseHttpServer (BaseHttpServer.java:newHttpServer2BuilderForOzone(223)) - Starting Web-server for ozoneManager at: http://0.0.0.0:15588
2024-08-15 10:20:00,226 [main] INFO  http.BaseHttpServer (BaseHttpServer.java:<init>(110)) - Hadoop Security Enabled: false Ozone Security Enabled: false Ozone HTTP Security Enabled: false 
2024-08-15 10:20:00,227 [main] WARN  server.AuthenticationFilter (AuthenticationFilter.java:constructSecretProvider(240)) - Unable to initialize FileSignerSecretProvider, falling back to use random secrets. Reason: Could not read signature secret file: /home/runner/hadoop-http-auth-signature-secret
2024-08-15 10:20:00,227 [main] INFO  http.HttpRequestLog (HttpRequestLog.java:getRequestLog(86)) - Http request log for http.requests.ozoneManager is not defined
2024-08-15 10:20:00,228 [main] INFO  http.HttpServer2 (HttpServer2.java:addGlobalFilter(1035)) - Added global filter 'safety' (class=org.apache.hadoop.hdds.server.http.HttpServer2$QuotingInputFilter)
2024-08-15 10:20:00,228 [main] INFO  http.HttpServer2 (HttpServer2.java:addFilter(1011)) - Added filter static_user_filter (class=org.apache.hadoop.http.lib.StaticUserWebFilter$StaticUserFilter) to context ozoneManager
2024-08-15 10:20:00,229 [main] INFO  http.HttpServer2 (HttpServer2.java:addFilter(1019)) - Added filter static_user_filter (class=org.apache.hadoop.http.lib.StaticUserWebFilter$StaticUserFilter) to context static
2024-08-15 10:20:00,229 [main] INFO  http.HttpServer2 (HttpServer2.java:addFilter(1019)) - Added filter static_user_filter (class=org.apache.hadoop.http.lib.StaticUserWebFilter$StaticUserFilter) to context logs
2024-08-15 10:20:00,229 [main] INFO  http.BaseHttpServer (BaseHttpServer.java:<init>(189)) - HTTP server of ozoneManager uses base directory /home/runner/work/ozone/ozone/hadoop-ozone/integration-test/target/test-dir/MiniOzoneClusterImpl-4fe7c5bf-ca33-4415-93e0-e252006dfa59/ozone-meta/webserver
2024-08-15 10:20:00,229 [main] INFO  http.HttpServer2 (HttpServer2.java:bindListener(1235)) - Jetty bound to port 15588
2024-08-15 10:20:00,230 [main] INFO  server.Server (Server.java:doStart(375)) - jetty-9.4.55.v20240627; built: 2024-06-27T15:05:37.765Z; git: 70015831e5195ba74da6383c4ab7c90c56bb08af; jvm 17.0.12+7
2024-08-15 10:20:00,231 [main] INFO  server.session (DefaultSessionIdManager.java:doStart(334)) - DefaultSessionIdManager workerName=node0
2024-08-15 10:20:00,231 [main] INFO  server.session (DefaultSessionIdManager.java:doStart(339)) - No SessionScavenger set, using defaults
2024-08-15 10:20:00,231 [main] INFO  server.session (HouseKeeper.java:startScavenging(132)) - node0 Scavenging every 600000ms
2024-08-15 10:20:00,232 [main] INFO  handler.ContextHandler (ContextHandler.java:doStart(921)) - Started o.e.j.s.ServletContextHandler@357561bf{logs,/logs,file:///home/runner/work/ozone/ozone/hadoop-ozone/integration-test/target/log,AVAILABLE}
2024-08-15 10:20:00,232 [main] INFO  handler.ContextHandler (ContextHandler.java:doStart(921)) - Started o.e.j.s.ServletContextHandler@bd9cbf9{static,/static,file:///home/runner/work/ozone/ozone/hadoop-ozone/integration-test/target/test-classes/webapps/static,AVAILABLE}
2024-08-15 10:20:00,235 [main] INFO  handler.ContextHandler (ContextHandler.java:doStart(921)) - Started o.e.j.w.WebAppContext@437ff0b1{ozoneManager,/,file:///home/runner/work/ozone/ozone/hadoop-ozone/integration-test/target/test-classes/webapps/ozoneManager/,AVAILABLE}{file:/home/runner/work/ozone/ozone/hadoop-ozone/integration-test/target/test-classes/webapps/ozoneManager}
2024-08-15 10:20:00,236 [main] INFO  server.AbstractConnector (AbstractConnector.java:doStart(333)) - Started ServerConnector@369f6bb2{HTTP/1.1, (http/1.1)}{0.0.0.0:15588}
2024-08-15 10:20:00,236 [main] INFO  server.Server (Server.java:doStart(415)) - Started @564353ms
2024-08-15 10:20:00,236 [main] WARN  impl.MetricsSystemImpl (MetricsSystemImpl.java:register(279)) - Sink prometheus already exists!
2024-08-15 10:20:00,237 [main] INFO  http.BaseHttpServer (BaseHttpServer.java:updateConnectorAddress(354)) - HTTP server of ozoneManager listening at http://0.0.0.0:15588
2024-08-15 10:20:00,237 [IPC Server listener on 15587] INFO  ipc.Server (Server.java:run(1402)) - IPC Server listener on 15587: starting
2024-08-15 10:20:00,238 [IPC Server Responder] INFO  ipc.Server (Server.java:run(1562)) - IPC Server Responder: starting
2024-08-15 10:20:00,240 [main] INFO  om.OzoneManager (OzoneManager.java:startTrashEmptier(2145)) - Trash Interval set to 0. Files deleted won't move to trash
2024-08-15 10:20:00,250 [main] WARN  dropwizard3.Dm3MetricRegistriesImpl (Dm3MetricRegistriesImpl.java:addReporterRegistration(114)) - New reporters are added after registries were created. Some metrics will be missing from the reporter. Please add reporter before adding any new registry.
2024-08-15 10:20:00,251 [main] WARN  dropwizard3.Dm3MetricRegistriesImpl (Dm3MetricRegistriesImpl.java:addReporterRegistration(114)) - New reporters are added after registries were created. Some metrics will be missing from the reporter. Please add reporter before adding any new registry.
2024-08-15 10:20:00,251 [main] INFO  impl.MetricsSystemImpl (MetricsSystemImpl.java:init(158)) - HddsDatanode metrics system started (again)
2024-08-15 10:20:00,264 [main] INFO  ozone.HddsDatanodeService (HddsDatanodeService.java:start(235)) - HddsDatanodeService host:fv-az1107-352.5an5qfagtveezn4vzio0gr3jze.ex.internal.cloudapp.net ip:10.1.0.39
2024-08-15 10:20:00,265 [main] INFO  upgrade.AbstractLayoutVersionManager (AbstractLayoutVersionManager.java:init(83)) - Initializing Layout version manager with metadata layout = HBASE_SUPPORT (version = 8), software layout = HBASE_SUPPORT (version = 8)
2024-08-15 10:20:00,266 [main] INFO  statemachine.DatanodeStateMachine (DatanodeStateMachine.java:getEndPointTaskThreadPoolSize(295)) - Datanode State Machine Task Thread Pool size 2
2024-08-15 10:20:00,267 [main] INFO  volume.HddsVolume (HddsVolume.java:<init>(127)) - Creating HddsVolume: /home/runner/work/ozone/ozone/hadoop-ozone/integration-test/target/test-dir/MiniOzoneClusterImpl-4fe7c5bf-ca33-4415-93e0-e252006dfa59/ozone-meta/datanode-1/data-0/hdds of storage type : DISK capacity : 9222449699674390527
2024-08-15 10:20:00,268 [main] INFO  volume.MutableVolumeSet (MutableVolumeSet.java:initializeVolumeSet(173)) - Added Volume : /home/runner/work/ozone/ozone/hadoop-ozone/integration-test/target/test-dir/MiniOzoneClusterImpl-4fe7c5bf-ca33-4415-93e0-e252006dfa59/ozone-meta/datanode-1/data-0/hdds to VolumeSet
2024-08-15 10:20:00,268 [main] INFO  volume.MutableVolumeSet (MutableVolumeSet.java:initializeVolumeSet(173)) - Added Volume : /home/runner/work/ozone/ozone/hadoop-ozone/integration-test/target/test-dir/MiniOzoneClusterImpl-4fe7c5bf-ca33-4415-93e0-e252006dfa59/ozone-meta/datanode-1/ratis to VolumeSet
2024-08-15 10:20:00,269 [main] INFO  ozoneimpl.OzoneContainer (HddsVolumeUtil.java:loadAllHddsVolumeDbStore(103)) - Load 1 volumes DbStore cost: 0ms
2024-08-15 10:20:00,271 [main] INFO  server.RaftServer (ConfUtils.java:logGet(46)) - raft.rpc.type = GRPC (default)
2024-08-15 10:20:00,271 [main] INFO  grpc.GrpcConfigKeys (ConfUtils.java:logFallback(53)) - raft.grpc.admin.host = null (fallback to raft.grpc.server.host)
2024-08-15 10:20:00,271 [main] INFO  grpc.GrpcConfigKeys (ConfUtils.java:logGet(46)) - raft.grpc.admin.port = 15595 (custom)
2024-08-15 10:20:00,271 [main] INFO  grpc.GrpcConfigKeys (ConfUtils.java:logFallback(53)) - raft.grpc.client.host = null (fallback to raft.grpc.server.host)
2024-08-15 10:20:00,271 [main] INFO  grpc.GrpcConfigKeys (ConfUtils.java:logGet(46)) - raft.grpc.client.port = 15595 (custom)
2024-08-15 10:20:00,271 [main] INFO  grpc.GrpcConfigKeys (ConfUtils.java:logGet(46)) - raft.grpc.server.host = null (default)
2024-08-15 10:20:00,272 [main] INFO  grpc.GrpcConfigKeys (ConfUtils.java:logGet(46)) - raft.grpc.server.port = 15595 (custom)
2024-08-15 10:20:00,272 [main] INFO  server.GrpcService (ConfUtils.java:logGet(46)) - raft.grpc.message.size.max = 32MB (=33554432) (custom)
2024-08-15 10:20:00,272 [main] INFO  server.RaftServerConfigKeys (ConfUtils.java:logGet(46)) - raft.server.log.appender.buffer.byte-limit = 8388608 (custom)
2024-08-15 10:20:00,272 [main] INFO  server.GrpcService (ConfUtils.java:logGet(46)) - raft.grpc.flow.control.window = 5MB (=5242880) (custom)
2024-08-15 10:20:00,272 [main] INFO  server.RaftServerConfigKeys (ConfUtils.java:logGet(46)) - raft.server.rpc.request.timeout = 3000ms (default)
2024-08-15 10:20:00,272 [main] INFO  grpc.GrpcConfigKeys (ConfUtils.java:logGet(46)) - raft.grpc.server.heartbeat.channel = true (default)
2024-08-15 10:20:00,273 [main] INFO  grpc.GrpcConfigKeys (ConfUtils.java:logGet(46)) - raft.grpc.server.async.request.thread.pool.cached = true (default)
2024-08-15 10:20:00,273 [main] INFO  grpc.GrpcConfigKeys (ConfUtils.java:logGet(46)) - raft.grpc.server.async.request.thread.pool.size = 32 (default)
2024-08-15 10:20:00,274 [main] INFO  impl.DataStreamServerImpl (ConfUtils.java:logGet(46)) - raft.datastream.type = NETTY (custom)
2024-08-15 10:20:00,274 [main] INFO  server.RaftServerConfigKeys (ConfUtils.java:logGet(46)) - raft.server.data-stream.async.request.thread.pool.cached = false (default)
2024-08-15 10:20:00,274 [main] INFO  server.RaftServerConfigKeys (ConfUtils.java:logGet(46)) - raft.server.data-stream.async.request.thread.pool.size = 20 (custom)
2024-08-15 10:20:00,274 [main] INFO  server.RaftServerConfigKeys (ConfUtils.java:logGet(46)) - raft.server.data-stream.async.write.thread.pool.size = 16 (default)
2024-08-15 10:20:00,275 [main] INFO  netty.NettyConfigKeys$DataStream (ConfUtils.java:logGet(46)) - raft.netty.dataStream.server.channel.inactive.grace-period = 10min (default)
2024-08-15 10:20:00,275 [main] INFO  server.RaftServerConfigKeys (ConfUtils.java:logGet(46)) - raft.server.data-stream.client.pool.size = 10 (default)
2024-08-15 10:20:00,275 [main] INFO  netty.NettyConfigKeys$DataStream (ConfUtils.java:logGet(46)) - raft.netty.dataStream.server.use-epoll = true (default)
2024-08-15 10:20:00,275 [main] INFO  netty.NettyConfigKeys$DataStream (ConfUtils.java:logGet(46)) - raft.netty.dataStream.server.boss-group.size = 0 (default)
2024-08-15 10:20:00,275 [main] INFO  netty.NettyUtils (NettyUtils.java:newEventLoopGroup(74)) - Create EpollEventLoopGroup for 2c076085-4a54-4643-8427-8625b9ee6dbf-NettyServerStreamRpc-bossGroup; Thread size is 0.
2024-08-15 10:20:00,276 [main] INFO  netty.NettyConfigKeys$DataStream (ConfUtils.java:logGet(46)) - raft.netty.dataStream.server.worker-group.size = 0 (default)
2024-08-15 10:20:00,276 [main] INFO  netty.NettyUtils (NettyUtils.java:newEventLoopGroup(74)) - Create EpollEventLoopGroup for 2c076085-4a54-4643-8427-8625b9ee6dbf-NettyServerStreamRpc-workerGroup; Thread size is 0.
2024-08-15 10:20:00,301 [main] INFO  netty.NettyConfigKeys$DataStream (ConfUtils.java:logGet(46)) - raft.netty.dataStream.server.tls.conf = null (default)
2024-08-15 10:20:00,301 [main] INFO  netty.NettyConfigKeys$DataStream (ConfUtils.java:logGet(46)) - raft.netty.dataStream.host = null (default)
2024-08-15 10:20:00,301 [main] INFO  netty.NettyConfigKeys$DataStream (ConfUtils.java:logGet(46)) - raft.netty.dataStream.port = 15598 (custom)
2024-08-15 10:20:00,302 [main] INFO  server.RaftServerConfigKeys (ConfUtils.java:logGet(46)) - raft.server.sleep.deviation.threshold = 300ms (default)
2024-08-15 10:20:00,302 [main] INFO  server.RaftServerConfigKeys (ConfUtils.java:logGet(46)) - raft.server.close.threshold = 60s (default)
2024-08-15 10:20:00,302 [main] INFO  server.RaftServerConfigKeys (ConfUtils.java:logGet(46)) - raft.server.leaderelection.leader.step-down.wait-time = 10s (default)
2024-08-15 10:20:00,302 [2c076085-4a54-4643-8427-8625b9ee6dbf-NettyServerStreamRpc-bossGroup--thread1] INFO  logging.LoggingHandler (AbstractInternalLogger.java:log(148)) - [id: 0x54a68b9a] REGISTERED
2024-08-15 10:20:00,303 [2c076085-4a54-4643-8427-8625b9ee6dbf-NettyServerStreamRpc-bossGroup--thread1] INFO  logging.LoggingHandler (AbstractInternalLogger.java:log(148)) - [id: 0x54a68b9a] BIND: 0.0.0.0/0.0.0.0:15598
2024-08-15 10:20:00,303 [2c076085-4a54-4643-8427-8625b9ee6dbf-NettyServerStreamRpc-bossGroup--thread1] INFO  logging.LoggingHandler (AbstractInternalLogger.java:log(148)) - [id: 0x54a68b9a, L:/0.0.0.0:15598] ACTIVE
2024-08-15 10:20:00,302 [main] INFO  server.RaftServerConfigKeys (ConfUtils.java:logGet(46)) - raft.server.storage.dir = [/home/runner/work/ozone/ozone/hadoop-ozone/integration-test/target/test-dir/MiniOzoneClusterImpl-4fe7c5bf-ca33-4415-93e0-e252006dfa59/ozone-meta/datanode-1/ratis] (custom)
2024-08-15 10:20:00,303 [main] INFO  server.RaftServerConfigKeys (ConfUtils.java:logGet(46)) - raft.server.threadpool.proxy.cached = true (default)
2024-08-15 10:20:00,303 [main] INFO  server.RaftServerConfigKeys (ConfUtils.java:logGet(46)) - raft.server.threadpool.proxy.size = 0 (default)
2024-08-15 10:20:00,304 [2c076085-4a54-4643-8427-8625b9ee6dbf-impl-thread1] INFO  server.RaftServer (RaftServerProxy.java:initGroupDir(266)) - 2c076085-4a54-4643-8427-8625b9ee6dbf: found a subdirectory /home/runner/work/ozone/ozone/hadoop-ozone/integration-test/target/test-dir/MiniOzoneClusterImpl-4fe7c5bf-ca33-4415-93e0-e252006dfa59/ozone-meta/datanode-1/ratis/tmp
2024-08-15 10:20:00,304 [2c076085-4a54-4643-8427-8625b9ee6dbf-impl-thread1] INFO  server.RaftServer (RaftServerProxy.java:initGroupDir(271)) - 2c076085-4a54-4643-8427-8625b9ee6dbf: The directory /home/runner/work/ozone/ozone/hadoop-ozone/integration-test/target/test-dir/MiniOzoneClusterImpl-4fe7c5bf-ca33-4415-93e0-e252006dfa59/ozone-meta/datanode-1/ratis/tmp is not a group directory; ignoring it. 
2024-08-15 10:20:00,304 [main] INFO  replication.ReplicationServer (ReplicationServer.java:<init>(86)) - Initializing replication server with thread count = 10 queue length = 4096
2024-08-15 10:20:00,305 [main] INFO  server.XceiverServerGrpc (XceiverServerGrpc.java:<init>(141)) - GrpcServer channel type EpollServerSocketChannel
2024-08-15 10:20:00,306 [main] INFO  replication.ReplicationSupervisor (ReplicationSupervisor.java:build(157)) - Initializing replication supervisor with thread count = 10
2024-08-15 10:20:00,306 [main] INFO  replication.ReplicationSupervisor (ReplicationSupervisor.java:nodeStateUpdated(312)) - Node state updated to IN_SERVICE, scaling executor pool size to 10
2024-08-15 10:20:00,308 [main] INFO  http.BaseHttpServer (BaseHttpServer.java:newHttpServer2BuilderForOzone(223)) - Starting Web-server for hddsDatanode at: http://0.0.0.0:15592
2024-08-15 10:20:00,308 [main] INFO  http.BaseHttpServer (BaseHttpServer.java:<init>(110)) - Hadoop Security Enabled: false Ozone Security Enabled: false Ozone HTTP Security Enabled: false 
2024-08-15 10:20:00,309 [main] WARN  server.AuthenticationFilter (AuthenticationFilter.java:constructSecretProvider(240)) - Unable to initialize FileSignerSecretProvider, falling back to use random secrets. Reason: Could not read signature secret file: /home/runner/hadoop-http-auth-signature-secret
2024-08-15 10:20:00,309 [main] INFO  http.HttpRequestLog (HttpRequestLog.java:getRequestLog(86)) - Http request log for http.requests.hddsDatanode is not defined
2024-08-15 10:20:00,310 [main] INFO  http.HttpServer2 (HttpServer2.java:addGlobalFilter(1035)) - Added global filter 'safety' (class=org.apache.hadoop.hdds.server.http.HttpServer2$QuotingInputFilter)
2024-08-15 10:20:00,310 [main] INFO  http.HttpServer2 (HttpServer2.java:addFilter(1011)) - Added filter static_user_filter (class=org.apache.hadoop.http.lib.StaticUserWebFilter$StaticUserFilter) to context hddsDatanode
2024-08-15 10:20:00,310 [main] INFO  http.HttpServer2 (HttpServer2.java:addFilter(1019)) - Added filter static_user_filter (class=org.apache.hadoop.http.lib.StaticUserWebFilter$StaticUserFilter) to context logs
2024-08-15 10:20:00,310 [main] INFO  http.HttpServer2 (HttpServer2.java:addFilter(1019)) - Added filter static_user_filter (class=org.apache.hadoop.http.lib.StaticUserWebFilter$StaticUserFilter) to context static
2024-08-15 10:20:00,311 [main] INFO  http.BaseHttpServer (BaseHttpServer.java:<init>(189)) - HTTP server of hddsDatanode uses base directory /home/runner/work/ozone/ozone/hadoop-ozone/integration-test/target/test-dir/MiniOzoneClusterImpl-4fe7c5bf-ca33-4415-93e0-e252006dfa59/ozone-meta/datanode-1/meta/webserver
2024-08-15 10:20:00,311 [main] INFO  http.HttpServer2 (HttpServer2.java:bindListener(1235)) - Jetty bound to port 15592
2024-08-15 10:20:00,311 [main] INFO  server.Server (Server.java:doStart(375)) - jetty-9.4.55.v20240627; built: 2024-06-27T15:05:37.765Z; git: 70015831e5195ba74da6383c4ab7c90c56bb08af; jvm 17.0.12+7
2024-08-15 10:20:00,313 [main] INFO  server.session (DefaultSessionIdManager.java:doStart(334)) - DefaultSessionIdManager workerName=node0
2024-08-15 10:20:00,313 [main] INFO  server.session (DefaultSessionIdManager.java:doStart(339)) - No SessionScavenger set, using defaults
2024-08-15 10:20:00,313 [main] INFO  server.session (HouseKeeper.java:startScavenging(132)) - node0 Scavenging every 600000ms
2024-08-15 10:20:00,317 [main] INFO  handler.ContextHandler (ContextHandler.java:doStart(921)) - Started o.e.j.s.ServletContextHandler@1e6ab647{logs,/logs,file:///home/runner/work/ozone/ozone/hadoop-ozone/integration-test/target/log,AVAILABLE}
2024-08-15 10:20:00,317 [main] INFO  handler.ContextHandler (ContextHandler.java:doStart(921)) - Started o.e.j.s.ServletContextHandler@242412ab{static,/static,jar:file:/home/runner/work/ozone/ozone/hadoop-hdds/container-service/target/hdds-container-service-1.5.0-SNAPSHOT.jar!/webapps/static,AVAILABLE}
2024-08-15 10:20:00,519 [main] INFO  handler.ContextHandler (ContextHandler.java:doStart(921)) - Started o.e.j.w.WebAppContext@1a6df8fd{hddsDatanode,/,file:///home/runner/work/ozone/ozone/hadoop-ozone/integration-test/target/test-dir/MiniOzoneClusterImpl-4fe7c5bf-ca33-4415-93e0-e252006dfa59/ozone-meta/datanode-1/meta/webserver/jetty-0_0_0_0-15592-hdds-container-service-1_5_0-SNAPSHOT_jar-_-any-13515865417292949490/webapp/,AVAILABLE}{jar:file:/home/runner/work/ozone/ozone/hadoop-hdds/container-service/target/hdds-container-service-1.5.0-SNAPSHOT.jar!/webapps/hddsDatanode}
2024-08-15 10:20:00,519 [main] INFO  server.AbstractConnector (AbstractConnector.java:doStart(333)) - Started ServerConnector@63c4310c{HTTP/1.1, (http/1.1)}{0.0.0.0:15592}
2024-08-15 10:20:00,520 [main] INFO  server.Server (Server.java:doStart(415)) - Started @564636ms
2024-08-15 10:20:00,520 [main] WARN  impl.MetricsSystemImpl (MetricsSystemImpl.java:register(279)) - Sink prometheus already exists!
2024-08-15 10:20:00,520 [main] INFO  http.BaseHttpServer (BaseHttpServer.java:updateConnectorAddress(354)) - HTTP server of hddsDatanode listening at http://0.0.0.0:15592
2024-08-15 10:20:00,521 [main] INFO  ipc.CallQueueManager (CallQueueManager.java:<init>(90)) - Using callQueue: class java.util.concurrent.LinkedBlockingQueue, queueCapacity: 1000, scheduler: class org.apache.hadoop.ipc.DefaultRpcScheduler, ipcBackoff: false.
2024-08-15 10:20:00,521 [main] INFO  ipc.Server (Server.java:<init>(1287)) - Listener at 0.0.0.0:15593
2024-08-15 10:20:00,521 [Socket Reader #1 for port 15593] INFO  ipc.Server (Server.java:run(1323)) - Starting Socket Reader #1 for port 15593
2024-08-15 10:20:00,522 [Socket Reader #2 for port 15593] INFO  ipc.Server (Server.java:run(1323)) - Starting Socket Reader #2 for port 15593
2024-08-15 10:20:00,522 [Socket Reader #3 for port 15593] INFO  ipc.Server (Server.java:run(1323)) - Starting Socket Reader #3 for port 15593
2024-08-15 10:20:00,522 [Socket Reader #4 for port 15593] INFO  ipc.Server (Server.java:run(1323)) - Starting Socket Reader #4 for port 15593
2024-08-15 10:20:00,522 [Socket Reader #5 for port 15593] INFO  ipc.Server (Server.java:run(1323)) - Starting Socket Reader #5 for port 15593
2024-08-15 10:20:00,523 [Socket Reader #6 for port 15593] INFO  ipc.Server (Server.java:run(1323)) - Starting Socket Reader #6 for port 15593
2024-08-15 10:20:00,523 [Socket Reader #7 for port 15593] INFO  ipc.Server (Server.java:run(1323)) - Starting Socket Reader #7 for port 15593
2024-08-15 10:20:00,523 [Socket Reader #8 for port 15593] INFO  ipc.Server (Server.java:run(1323)) - Starting Socket Reader #8 for port 15593
2024-08-15 10:20:00,523 [Socket Reader #9 for port 15593] INFO  ipc.Server (Server.java:run(1323)) - Starting Socket Reader #9 for port 15593
2024-08-15 10:20:00,523 [Socket Reader #10 for port 15593] INFO  ipc.Server (Server.java:run(1323)) - Starting Socket Reader #10 for port 15593
2024-08-15 10:20:00,524 [main] INFO  ozone.HddsDatanodeService (HddsDatanodeService.java:start(319)) - Datanode start with admins: [runner]
2024-08-15 10:20:00,524 [main] INFO  ozone.HddsDatanodeClientProtocolServer (HddsDatanodeClientProtocolServer.java:start(79)) - RPC server for Client /0.0.0.0:15593
2024-08-15 10:20:00,525 [IPC Server Responder] INFO  ipc.Server (Server.java:run(1562)) - IPC Server Responder: starting
2024-08-15 10:20:00,525 [IPC Server listener on 15593] INFO  ipc.Server (Server.java:run(1402)) - IPC Server listener on 15593: starting
2024-08-15 10:20:00,526 [main] WARN  dropwizard3.Dm3MetricRegistriesImpl (Dm3MetricRegistriesImpl.java:addReporterRegistration(114)) - New reporters are added after registries were created. Some metrics will be missing from the reporter. Please add reporter before adding any new registry.
2024-08-15 10:20:00,526 [main] WARN  dropwizard3.Dm3MetricRegistriesImpl (Dm3MetricRegistriesImpl.java:addReporterRegistration(114)) - New reporters are added after registries were created. Some metrics will be missing from the reporter. Please add reporter before adding any new registry.
2024-08-15 10:20:00,526 [main] INFO  impl.MetricsSystemImpl (MetricsSystemImpl.java:init(158)) - HddsDatanode metrics system started (again)
2024-08-15 10:20:00,533 [2c076085-4a54-4643-8427-8625b9ee6dbf-DatanodeStateMachineDaemonThread] INFO  statemachine.DatanodeStateMachine (DatanodeStateMachine.java:startStateMachineThread(338)) - Ozone container server started.
2024-08-15 10:20:00,535 [2c076085-4a54-4643-8427-8625b9ee6dbf-DatanodeStateMachineTaskThread-0] INFO  datanode.InitDatanodeState (InitDatanodeState.java:persistContainerDatanodeDetails(139)) - DatanodeDetails is persisted to /home/runner/work/ozone/ozone/hadoop-ozone/integration-test/target/test-dir/MiniOzoneClusterImpl-4fe7c5bf-ca33-4415-93e0-e252006dfa59/ozone-meta/datanode-1/meta/datanode.id
2024-08-15 10:20:00,536 [main] INFO  ozone.HddsDatanodeService (HddsDatanodeService.java:start(235)) - HddsDatanodeService host:fv-az1107-352.5an5qfagtveezn4vzio0gr3jze.ex.internal.cloudapp.net ip:10.1.0.39
2024-08-15 10:20:00,538 [main] INFO  upgrade.AbstractLayoutVersionManager (AbstractLayoutVersionManager.java:init(83)) - Initializing Layout version manager with metadata layout = HBASE_SUPPORT (version = 8), software layout = HBASE_SUPPORT (version = 8)
2024-08-15 10:20:00,538 [main] INFO  statemachine.DatanodeStateMachine (DatanodeStateMachine.java:getEndPointTaskThreadPoolSize(295)) - Datanode State Machine Task Thread Pool size 2
2024-08-15 10:20:00,539 [main] INFO  volume.HddsVolume (HddsVolume.java:<init>(127)) - Creating HddsVolume: /home/runner/work/ozone/ozone/hadoop-ozone/integration-test/target/test-dir/MiniOzoneClusterImpl-4fe7c5bf-ca33-4415-93e0-e252006dfa59/ozone-meta/datanode-2/data-0/hdds of storage type : DISK capacity : 9222449699674390527
2024-08-15 10:20:00,539 [main] INFO  volume.MutableVolumeSet (MutableVolumeSet.java:initializeVolumeSet(173)) - Added Volume : /home/runner/work/ozone/ozone/hadoop-ozone/integration-test/target/test-dir/MiniOzoneClusterImpl-4fe7c5bf-ca33-4415-93e0-e252006dfa59/ozone-meta/datanode-2/data-0/hdds to VolumeSet
2024-08-15 10:20:00,540 [main] INFO  volume.MutableVolumeSet (MutableVolumeSet.java:initializeVolumeSet(173)) - Added Volume : /home/runner/work/ozone/ozone/hadoop-ozone/integration-test/target/test-dir/MiniOzoneClusterImpl-4fe7c5bf-ca33-4415-93e0-e252006dfa59/ozone-meta/datanode-2/ratis to VolumeSet
2024-08-15 10:20:00,540 [main] INFO  ozoneimpl.OzoneContainer (HddsVolumeUtil.java:loadAllHddsVolumeDbStore(103)) - Load 1 volumes DbStore cost: 0ms
2024-08-15 10:20:00,541 [main] INFO  server.RaftServer (ConfUtils.java:logGet(46)) - raft.rpc.type = GRPC (default)
2024-08-15 10:20:00,541 [main] INFO  grpc.GrpcConfigKeys (ConfUtils.java:logFallback(53)) - raft.grpc.admin.host = null (fallback to raft.grpc.server.host)
2024-08-15 10:20:00,542 [main] INFO  grpc.GrpcConfigKeys (ConfUtils.java:logGet(46)) - raft.grpc.admin.port = 15604 (custom)
2024-08-15 10:20:00,542 [main] INFO  grpc.GrpcConfigKeys (ConfUtils.java:logFallback(53)) - raft.grpc.client.host = null (fallback to raft.grpc.server.host)
2024-08-15 10:20:00,542 [main] INFO  grpc.GrpcConfigKeys (ConfUtils.java:logGet(46)) - raft.grpc.client.port = 15604 (custom)
2024-08-15 10:20:00,542 [main] INFO  grpc.GrpcConfigKeys (ConfUtils.java:logGet(46)) - raft.grpc.server.host = null (default)
2024-08-15 10:20:00,542 [main] INFO  grpc.GrpcConfigKeys (ConfUtils.java:logGet(46)) - raft.grpc.server.port = 15604 (custom)
2024-08-15 10:20:00,542 [main] INFO  server.GrpcService (ConfUtils.java:logGet(46)) - raft.grpc.message.size.max = 32MB (=33554432) (custom)
2024-08-15 10:20:00,542 [main] INFO  server.RaftServerConfigKeys (ConfUtils.java:logGet(46)) - raft.server.log.appender.buffer.byte-limit = 8388608 (custom)
2024-08-15 10:20:00,542 [main] INFO  server.GrpcService (ConfUtils.java:logGet(46)) - raft.grpc.flow.control.window = 5MB (=5242880) (custom)
2024-08-15 10:20:00,542 [main] INFO  server.RaftServerConfigKeys (ConfUtils.java:logGet(46)) - raft.server.rpc.request.timeout = 3000ms (default)
2024-08-15 10:20:00,543 [main] INFO  grpc.GrpcConfigKeys (ConfUtils.java:logGet(46)) - raft.grpc.server.heartbeat.channel = true (default)
2024-08-15 10:20:00,543 [main] INFO  grpc.GrpcConfigKeys (ConfUtils.java:logGet(46)) - raft.grpc.server.async.request.thread.pool.cached = true (default)
2024-08-15 10:20:00,543 [main] INFO  grpc.GrpcConfigKeys (ConfUtils.java:logGet(46)) - raft.grpc.server.async.request.thread.pool.size = 32 (default)
2024-08-15 10:20:00,544 [main] INFO  impl.DataStreamServerImpl (ConfUtils.java:logGet(46)) - raft.datastream.type = NETTY (custom)
2024-08-15 10:20:00,544 [main] INFO  server.RaftServerConfigKeys (ConfUtils.java:logGet(46)) - raft.server.data-stream.async.request.thread.pool.cached = false (default)
2024-08-15 10:20:00,544 [main] INFO  server.RaftServerConfigKeys (ConfUtils.java:logGet(46)) - raft.server.data-stream.async.request.thread.pool.size = 20 (custom)
2024-08-15 10:20:00,544 [main] INFO  server.RaftServerConfigKeys (ConfUtils.java:logGet(46)) - raft.server.data-stream.async.write.thread.pool.size = 16 (default)
2024-08-15 10:20:00,545 [main] INFO  netty.NettyConfigKeys$DataStream (ConfUtils.java:logGet(46)) - raft.netty.dataStream.server.channel.inactive.grace-period = 10min (default)
2024-08-15 10:20:00,545 [main] INFO  server.RaftServerConfigKeys (ConfUtils.java:logGet(46)) - raft.server.data-stream.client.pool.size = 10 (default)
2024-08-15 10:20:00,545 [main] INFO  netty.NettyConfigKeys$DataStream (ConfUtils.java:logGet(46)) - raft.netty.dataStream.server.use-epoll = true (default)
2024-08-15 10:20:00,545 [main] INFO  netty.NettyConfigKeys$DataStream (ConfUtils.java:logGet(46)) - raft.netty.dataStream.server.boss-group.size = 0 (default)
2024-08-15 10:20:00,545 [main] INFO  netty.NettyUtils (NettyUtils.java:newEventLoopGroup(74)) - Create EpollEventLoopGroup for 0825ce75-4a52-449f-9036-c8a968d40eda-NettyServerStreamRpc-bossGroup; Thread size is 0.
2024-08-15 10:20:00,546 [main] INFO  netty.NettyConfigKeys$DataStream (ConfUtils.java:logGet(46)) - raft.netty.dataStream.server.worker-group.size = 0 (default)
2024-08-15 10:20:00,546 [main] INFO  netty.NettyUtils (NettyUtils.java:newEventLoopGroup(74)) - Create EpollEventLoopGroup for 0825ce75-4a52-449f-9036-c8a968d40eda-NettyServerStreamRpc-workerGroup; Thread size is 0.
2024-08-15 10:20:00,546 [main] INFO  netty.NettyConfigKeys$DataStream (ConfUtils.java:logGet(46)) - raft.netty.dataStream.server.tls.conf = null (default)
2024-08-15 10:20:00,547 [main] INFO  netty.NettyConfigKeys$DataStream (ConfUtils.java:logGet(46)) - raft.netty.dataStream.host = null (default)
2024-08-15 10:20:00,547 [main] INFO  netty.NettyConfigKeys$DataStream (ConfUtils.java:logGet(46)) - raft.netty.dataStream.port = 15607 (custom)
2024-08-15 10:20:00,547 [main] INFO  server.RaftServerConfigKeys (ConfUtils.java:logGet(46)) - raft.server.sleep.deviation.threshold = 300ms (default)
2024-08-15 10:20:00,547 [main] INFO  server.RaftServerConfigKeys (ConfUtils.java:logGet(46)) - raft.server.close.threshold = 60s (default)
2024-08-15 10:20:00,548 [main] INFO  server.RaftServerConfigKeys (ConfUtils.java:logGet(46)) - raft.server.leaderelection.leader.step-down.wait-time = 10s (default)
2024-08-15 10:20:00,548 [main] INFO  server.RaftServerConfigKeys (ConfUtils.java:logGet(46)) - raft.server.storage.dir = [/home/runner/work/ozone/ozone/hadoop-ozone/integration-test/target/test-dir/MiniOzoneClusterImpl-4fe7c5bf-ca33-4415-93e0-e252006dfa59/ozone-meta/datanode-2/ratis] (custom)
2024-08-15 10:20:00,548 [main] INFO  server.RaftServerConfigKeys (ConfUtils.java:logGet(46)) - raft.server.threadpool.proxy.cached = true (default)
2024-08-15 10:20:00,548 [main] INFO  server.RaftServerConfigKeys (ConfUtils.java:logGet(46)) - raft.server.threadpool.proxy.size = 0 (default)
2024-08-15 10:20:00,547 [0825ce75-4a52-449f-9036-c8a968d40eda-NettyServerStreamRpc-bossGroup--thread1] INFO  logging.LoggingHandler (AbstractInternalLogger.java:log(148)) - [id: 0x09594e75] REGISTERED
2024-08-15 10:20:00,548 [0825ce75-4a52-449f-9036-c8a968d40eda-NettyServerStreamRpc-bossGroup--thread1] INFO  logging.LoggingHandler (AbstractInternalLogger.java:log(148)) - [id: 0x09594e75] BIND: 0.0.0.0/0.0.0.0:15607
2024-08-15 10:20:00,549 [0825ce75-4a52-449f-9036-c8a968d40eda-NettyServerStreamRpc-bossGroup--thread1] INFO  logging.LoggingHandler (AbstractInternalLogger.java:log(148)) - [id: 0x09594e75, L:/0.0.0.0:15607] ACTIVE
2024-08-15 10:20:00,549 [0825ce75-4a52-449f-9036-c8a968d40eda-impl-thread1] INFO  server.RaftServer (RaftServerProxy.java:initGroupDir(266)) - 0825ce75-4a52-449f-9036-c8a968d40eda: found a subdirectory /home/runner/work/ozone/ozone/hadoop-ozone/integration-test/target/test-dir/MiniOzoneClusterImpl-4fe7c5bf-ca33-4415-93e0-e252006dfa59/ozone-meta/datanode-2/ratis/tmp
2024-08-15 10:20:00,549 [0825ce75-4a52-449f-9036-c8a968d40eda-impl-thread1] INFO  server.RaftServer (RaftServerProxy.java:initGroupDir(271)) - 0825ce75-4a52-449f-9036-c8a968d40eda: The directory /home/runner/work/ozone/ozone/hadoop-ozone/integration-test/target/test-dir/MiniOzoneClusterImpl-4fe7c5bf-ca33-4415-93e0-e252006dfa59/ozone-meta/datanode-2/ratis/tmp is not a group directory; ignoring it. 
2024-08-15 10:20:00,549 [main] INFO  replication.ReplicationServer (ReplicationServer.java:<init>(86)) - Initializing replication server with thread count = 10 queue length = 4096
2024-08-15 10:20:00,550 [main] INFO  server.XceiverServerGrpc (XceiverServerGrpc.java:<init>(141)) - GrpcServer channel type EpollServerSocketChannel
2024-08-15 10:20:00,551 [main] INFO  replication.ReplicationSupervisor (ReplicationSupervisor.java:build(157)) - Initializing replication supervisor with thread count = 10
2024-08-15 10:20:00,552 [main] INFO  replication.ReplicationSupervisor (ReplicationSupervisor.java:nodeStateUpdated(312)) - Node state updated to IN_SERVICE, scaling executor pool size to 10
2024-08-15 10:20:00,554 [main] INFO  http.BaseHttpServer (BaseHttpServer.java:newHttpServer2BuilderForOzone(223)) - Starting Web-server for hddsDatanode at: http://0.0.0.0:15601
2024-08-15 10:20:00,554 [main] INFO  http.BaseHttpServer (BaseHttpServer.java:<init>(110)) - Hadoop Security Enabled: false Ozone Security Enabled: false Ozone HTTP Security Enabled: false 
2024-08-15 10:20:00,555 [main] WARN  server.AuthenticationFilter (AuthenticationFilter.java:constructSecretProvider(240)) - Unable to initialize FileSignerSecretProvider, falling back to use random secrets. Reason: Could not read signature secret file: /home/runner/hadoop-http-auth-signature-secret
2024-08-15 10:20:00,556 [main] INFO  http.HttpRequestLog (HttpRequestLog.java:getRequestLog(86)) - Http request log for http.requests.hddsDatanode is not defined
2024-08-15 10:20:00,557 [main] INFO  http.HttpServer2 (HttpServer2.java:addGlobalFilter(1035)) - Added global filter 'safety' (class=org.apache.hadoop.hdds.server.http.HttpServer2$QuotingInputFilter)
2024-08-15 10:20:00,557 [main] INFO  http.HttpServer2 (HttpServer2.java:addFilter(1011)) - Added filter static_user_filter (class=org.apache.hadoop.http.lib.StaticUserWebFilter$StaticUserFilter) to context hddsDatanode
2024-08-15 10:20:00,557 [main] INFO  http.HttpServer2 (HttpServer2.java:addFilter(1019)) - Added filter static_user_filter (class=org.apache.hadoop.http.lib.StaticUserWebFilter$StaticUserFilter) to context logs
2024-08-15 10:20:00,557 [main] INFO  http.HttpServer2 (HttpServer2.java:addFilter(1019)) - Added filter static_user_filter (class=org.apache.hadoop.http.lib.StaticUserWebFilter$StaticUserFilter) to context static
2024-08-15 10:20:00,558 [main] INFO  http.BaseHttpServer (BaseHttpServer.java:<init>(189)) - HTTP server of hddsDatanode uses base directory /home/runner/work/ozone/ozone/hadoop-ozone/integration-test/target/test-dir/MiniOzoneClusterImpl-4fe7c5bf-ca33-4415-93e0-e252006dfa59/ozone-meta/datanode-2/meta/webserver
2024-08-15 10:20:00,558 [main] INFO  http.HttpServer2 (HttpServer2.java:bindListener(1235)) - Jetty bound to port 15601
2024-08-15 10:20:00,558 [main] INFO  server.Server (Server.java:doStart(375)) - jetty-9.4.55.v20240627; built: 2024-06-27T15:05:37.765Z; git: 70015831e5195ba74da6383c4ab7c90c56bb08af; jvm 17.0.12+7
2024-08-15 10:20:00,561 [main] INFO  server.session (DefaultSessionIdManager.java:doStart(334)) - DefaultSessionIdManager workerName=node0
2024-08-15 10:20:00,561 [main] INFO  server.session (DefaultSessionIdManager.java:doStart(339)) - No SessionScavenger set, using defaults
2024-08-15 10:20:00,561 [main] INFO  server.session (HouseKeeper.java:startScavenging(132)) - node0 Scavenging every 600000ms
2024-08-15 10:20:00,562 [main] INFO  handler.ContextHandler (ContextHandler.java:doStart(921)) - Started o.e.j.s.ServletContextHandler@21a36de9{logs,/logs,file:///home/runner/work/ozone/ozone/hadoop-ozone/integration-test/target/log,AVAILABLE}
2024-08-15 10:20:00,562 [main] INFO  handler.ContextHandler (ContextHandler.java:doStart(921)) - Started o.e.j.s.ServletContextHandler@541d1652{static,/static,jar:file:/home/runner/work/ozone/ozone/hadoop-hdds/container-service/target/hdds-container-service-1.5.0-SNAPSHOT.jar!/webapps/static,AVAILABLE}
2024-08-15 10:20:00,762 [main] INFO  handler.ContextHandler (ContextHandler.java:doStart(921)) - Started o.e.j.w.WebAppContext@2d1e418c{hddsDatanode,/,file:///home/runner/work/ozone/ozone/hadoop-ozone/integration-test/target/test-dir/MiniOzoneClusterImpl-4fe7c5bf-ca33-4415-93e0-e252006dfa59/ozone-meta/datanode-2/meta/webserver/jetty-0_0_0_0-15601-hdds-container-service-1_5_0-SNAPSHOT_jar-_-any-3360263441391992598/webapp/,AVAILABLE}{jar:file:/home/runner/work/ozone/ozone/hadoop-hdds/container-service/target/hdds-container-service-1.5.0-SNAPSHOT.jar!/webapps/hddsDatanode}
2024-08-15 10:20:00,763 [main] INFO  server.AbstractConnector (AbstractConnector.java:doStart(333)) - Started ServerConnector@6ac2f229{HTTP/1.1, (http/1.1)}{0.0.0.0:15601}
2024-08-15 10:20:00,763 [main] INFO  server.Server (Server.java:doStart(415)) - Started @564879ms
2024-08-15 10:20:00,763 [main] WARN  impl.MetricsSystemImpl (MetricsSystemImpl.java:register(279)) - Sink prometheus already exists!
2024-08-15 10:20:00,764 [main] INFO  http.BaseHttpServer (BaseHttpServer.java:updateConnectorAddress(354)) - HTTP server of hddsDatanode listening at http://0.0.0.0:15601
2024-08-15 10:20:00,764 [main] INFO  ipc.CallQueueManager (CallQueueManager.java:<init>(90)) - Using callQueue: class java.util.concurrent.LinkedBlockingQueue, queueCapacity: 1000, scheduler: class org.apache.hadoop.ipc.DefaultRpcScheduler, ipcBackoff: false.
2024-08-15 10:20:00,764 [main] INFO  ipc.Server (Server.java:<init>(1287)) - Listener at 0.0.0.0:15602
2024-08-15 10:20:00,765 [Socket Reader #1 for port 15602] INFO  ipc.Server (Server.java:run(1323)) - Starting Socket Reader #1 for port 15602
2024-08-15 10:20:00,765 [Socket Reader #2 for port 15602] INFO  ipc.Server (Server.java:run(1323)) - Starting Socket Reader #2 for port 15602
2024-08-15 10:20:00,765 [Socket Reader #3 for port 15602] INFO  ipc.Server (Server.java:run(1323)) - Starting Socket Reader #3 for port 15602
2024-08-15 10:20:00,765 [Socket Reader #4 for port 15602] INFO  ipc.Server (Server.java:run(1323)) - Starting Socket Reader #4 for port 15602
2024-08-15 10:20:00,766 [Socket Reader #5 for port 15602] INFO  ipc.Server (Server.java:run(1323)) - Starting Socket Reader #5 for port 15602
2024-08-15 10:20:00,766 [Socket Reader #6 for port 15602] INFO  ipc.Server (Server.java:run(1323)) - Starting Socket Reader #6 for port 15602
2024-08-15 10:20:00,766 [Socket Reader #7 for port 15602] INFO  ipc.Server (Server.java:run(1323)) - Starting Socket Reader #7 for port 15602
2024-08-15 10:20:00,766 [Socket Reader #8 for port 15602] INFO  ipc.Server (Server.java:run(1323)) - Starting Socket Reader #8 for port 15602
2024-08-15 10:20:00,766 [Socket Reader #9 for port 15602] INFO  ipc.Server (Server.java:run(1323)) - Starting Socket Reader #9 for port 15602
2024-08-15 10:20:00,767 [Socket Reader #10 for port 15602] INFO  ipc.Server (Server.java:run(1323)) - Starting Socket Reader #10 for port 15602
2024-08-15 10:20:00,767 [main] INFO  ozone.HddsDatanodeService (HddsDatanodeService.java:start(319)) - Datanode start with admins: [runner]
2024-08-15 10:20:00,768 [main] INFO  ozone.HddsDatanodeClientProtocolServer (HddsDatanodeClientProtocolServer.java:start(79)) - RPC server for Client /0.0.0.0:15602
2024-08-15 10:20:00,768 [IPC Server Responder] INFO  ipc.Server (Server.java:run(1562)) - IPC Server Responder: starting
2024-08-15 10:20:00,768 [IPC Server listener on 15602] INFO  ipc.Server (Server.java:run(1402)) - IPC Server listener on 15602: starting
2024-08-15 10:20:00,769 [main] WARN  dropwizard3.Dm3MetricRegistriesImpl (Dm3MetricRegistriesImpl.java:addReporterRegistration(114)) - New reporters are added after registries were created. Some metrics will be missing from the reporter. Please add reporter before adding any new registry.
2024-08-15 10:20:00,769 [main] WARN  dropwizard3.Dm3MetricRegistriesImpl (Dm3MetricRegistriesImpl.java:addReporterRegistration(114)) - New reporters are added after registries were created. Some metrics will be missing from the reporter. Please add reporter before adding any new registry.
2024-08-15 10:20:00,770 [main] INFO  impl.MetricsSystemImpl (MetricsSystemImpl.java:init(158)) - HddsDatanode metrics system started (again)
2024-08-15 10:20:00,770 [0825ce75-4a52-449f-9036-c8a968d40eda-DatanodeStateMachineDaemonThread] INFO  statemachine.DatanodeStateMachine (DatanodeStateMachine.java:startStateMachineThread(338)) - Ozone container server started.
2024-08-15 10:20:00,771 [0825ce75-4a52-449f-9036-c8a968d40eda-DatanodeStateMachineTaskThread-0] INFO  datanode.InitDatanodeState (InitDatanodeState.java:persistContainerDatanodeDetails(139)) - DatanodeDetails is persisted to /home/runner/work/ozone/ozone/hadoop-ozone/integration-test/target/test-dir/MiniOzoneClusterImpl-4fe7c5bf-ca33-4415-93e0-e252006dfa59/ozone-meta/datanode-2/meta/datanode.id
2024-08-15 10:20:00,779 [main] INFO  ozone.HddsDatanodeService (HddsDatanodeService.java:start(235)) - HddsDatanodeService host:fv-az1107-352.5an5qfagtveezn4vzio0gr3jze.ex.internal.cloudapp.net ip:10.1.0.39
2024-08-15 10:20:00,781 [main] INFO  upgrade.AbstractLayoutVersionManager (AbstractLayoutVersionManager.java:init(83)) - Initializing Layout version manager with metadata layout = HBASE_SUPPORT (version = 8), software layout = HBASE_SUPPORT (version = 8)
2024-08-15 10:20:00,781 [main] INFO  statemachine.DatanodeStateMachine (DatanodeStateMachine.java:getEndPointTaskThreadPoolSize(295)) - Datanode State Machine Task Thread Pool size 2
2024-08-15 10:20:00,782 [main] INFO  volume.HddsVolume (HddsVolume.java:<init>(127)) - Creating HddsVolume: /home/runner/work/ozone/ozone/hadoop-ozone/integration-test/target/test-dir/MiniOzoneClusterImpl-4fe7c5bf-ca33-4415-93e0-e252006dfa59/ozone-meta/datanode-3/data-0/hdds of storage type : DISK capacity : 9222449699674390527
2024-08-15 10:20:00,782 [main] INFO  volume.MutableVolumeSet (MutableVolumeSet.java:initializeVolumeSet(173)) - Added Volume : /home/runner/work/ozone/ozone/hadoop-ozone/integration-test/target/test-dir/MiniOzoneClusterImpl-4fe7c5bf-ca33-4415-93e0-e252006dfa59/ozone-meta/datanode-3/data-0/hdds to VolumeSet
2024-08-15 10:20:00,783 [main] INFO  volume.MutableVolumeSet (MutableVolumeSet.java:initializeVolumeSet(173)) - Added Volume : /home/runner/work/ozone/ozone/hadoop-ozone/integration-test/target/test-dir/MiniOzoneClusterImpl-4fe7c5bf-ca33-4415-93e0-e252006dfa59/ozone-meta/datanode-3/ratis to VolumeSet
2024-08-15 10:20:00,783 [main] INFO  ozoneimpl.OzoneContainer (HddsVolumeUtil.java:loadAllHddsVolumeDbStore(103)) - Load 1 volumes DbStore cost: 0ms
2024-08-15 10:20:00,784 [main] INFO  server.RaftServer (ConfUtils.java:logGet(46)) - raft.rpc.type = GRPC (default)
2024-08-15 10:20:00,784 [main] INFO  grpc.GrpcConfigKeys (ConfUtils.java:logFallback(53)) - raft.grpc.admin.host = null (fallback to raft.grpc.server.host)
2024-08-15 10:20:00,785 [main] INFO  grpc.GrpcConfigKeys (ConfUtils.java:logGet(46)) - raft.grpc.admin.port = 15613 (custom)
2024-08-15 10:20:00,785 [main] INFO  grpc.GrpcConfigKeys (ConfUtils.java:logFallback(53)) - raft.grpc.client.host = null (fallback to raft.grpc.server.host)
2024-08-15 10:20:00,785 [main] INFO  grpc.GrpcConfigKeys (ConfUtils.java:logGet(46)) - raft.grpc.client.port = 15613 (custom)
2024-08-15 10:20:00,785 [main] INFO  grpc.GrpcConfigKeys (ConfUtils.java:logGet(46)) - raft.grpc.server.host = null (default)
2024-08-15 10:20:00,785 [main] INFO  grpc.GrpcConfigKeys (ConfUtils.java:logGet(46)) - raft.grpc.server.port = 15613 (custom)
2024-08-15 10:20:00,785 [main] INFO  server.GrpcService (ConfUtils.java:logGet(46)) - raft.grpc.message.size.max = 32MB (=33554432) (custom)
2024-08-15 10:20:00,785 [main] INFO  server.RaftServerConfigKeys (ConfUtils.java:logGet(46)) - raft.server.log.appender.buffer.byte-limit = 8388608 (custom)
2024-08-15 10:20:00,785 [main] INFO  server.GrpcService (ConfUtils.java:logGet(46)) - raft.grpc.flow.control.window = 5MB (=5242880) (custom)
2024-08-15 10:20:00,786 [main] INFO  server.RaftServerConfigKeys (ConfUtils.java:logGet(46)) - raft.server.rpc.request.timeout = 3000ms (default)
2024-08-15 10:20:00,786 [main] INFO  grpc.GrpcConfigKeys (ConfUtils.java:logGet(46)) - raft.grpc.server.heartbeat.channel = true (default)
2024-08-15 10:20:00,786 [main] INFO  grpc.GrpcConfigKeys (ConfUtils.java:logGet(46)) - raft.grpc.server.async.request.thread.pool.cached = true (default)
2024-08-15 10:20:00,786 [main] INFO  grpc.GrpcConfigKeys (ConfUtils.java:logGet(46)) - raft.grpc.server.async.request.thread.pool.size = 32 (default)
2024-08-15 10:20:00,787 [main] INFO  impl.DataStreamServerImpl (ConfUtils.java:logGet(46)) - raft.datastream.type = NETTY (custom)
2024-08-15 10:20:00,787 [main] INFO  server.RaftServerConfigKeys (ConfUtils.java:logGet(46)) - raft.server.data-stream.async.request.thread.pool.cached = false (default)
2024-08-15 10:20:00,787 [main] INFO  server.RaftServerConfigKeys (ConfUtils.java:logGet(46)) - raft.server.data-stream.async.request.thread.pool.size = 20 (custom)
2024-08-15 10:20:00,787 [main] INFO  server.RaftServerConfigKeys (ConfUtils.java:logGet(46)) - raft.server.data-stream.async.write.thread.pool.size = 16 (default)
2024-08-15 10:20:00,788 [main] INFO  netty.NettyConfigKeys$DataStream (ConfUtils.java:logGet(46)) - raft.netty.dataStream.server.channel.inactive.grace-period = 10min (default)
2024-08-15 10:20:00,788 [main] INFO  server.RaftServerConfigKeys (ConfUtils.java:logGet(46)) - raft.server.data-stream.client.pool.size = 10 (default)
2024-08-15 10:20:00,788 [main] INFO  netty.NettyConfigKeys$DataStream (ConfUtils.java:logGet(46)) - raft.netty.dataStream.server.use-epoll = true (default)
2024-08-15 10:20:00,788 [main] INFO  netty.NettyConfigKeys$DataStream (ConfUtils.java:logGet(46)) - raft.netty.dataStream.server.boss-group.size = 0 (default)
2024-08-15 10:20:00,788 [main] INFO  netty.NettyUtils (NettyUtils.java:newEventLoopGroup(74)) - Create EpollEventLoopGroup for 298890a6-3c3b-4de0-a9db-67f24322077e-NettyServerStreamRpc-bossGroup; Thread size is 0.
2024-08-15 10:20:00,788 [main] INFO  netty.NettyConfigKeys$DataStream (ConfUtils.java:logGet(46)) - raft.netty.dataStream.server.worker-group.size = 0 (default)
2024-08-15 10:20:00,789 [main] INFO  netty.NettyUtils (NettyUtils.java:newEventLoopGroup(74)) - Create EpollEventLoopGroup for 298890a6-3c3b-4de0-a9db-67f24322077e-NettyServerStreamRpc-workerGroup; Thread size is 0.
2024-08-15 10:20:00,789 [main] INFO  netty.NettyConfigKeys$DataStream (ConfUtils.java:logGet(46)) - raft.netty.dataStream.server.tls.conf = null (default)
2024-08-15 10:20:00,789 [main] INFO  netty.NettyConfigKeys$DataStream (ConfUtils.java:logGet(46)) - raft.netty.dataStream.host = null (default)
2024-08-15 10:20:00,789 [main] INFO  netty.NettyConfigKeys$DataStream (ConfUtils.java:logGet(46)) - raft.netty.dataStream.port = 15616 (custom)
2024-08-15 10:20:00,790 [main] INFO  server.RaftServerConfigKeys (ConfUtils.java:logGet(46)) - raft.server.sleep.deviation.threshold = 300ms (default)
2024-08-15 10:20:00,790 [main] INFO  server.RaftServerConfigKeys (ConfUtils.java:logGet(46)) - raft.server.close.threshold = 60s (default)
2024-08-15 10:20:00,790 [main] INFO  server.RaftServerConfigKeys (ConfUtils.java:logGet(46)) - raft.server.leaderelection.leader.step-down.wait-time = 10s (default)
2024-08-15 10:20:00,790 [298890a6-3c3b-4de0-a9db-67f24322077e-NettyServerStreamRpc-bossGroup--thread1] INFO  logging.LoggingHandler (AbstractInternalLogger.java:log(148)) - [id: 0x60ea25a6] REGISTERED
2024-08-15 10:20:00,790 [main] INFO  server.RaftServerConfigKeys (ConfUtils.java:logGet(46)) - raft.server.storage.dir = [/home/runner/work/ozone/ozone/hadoop-ozone/integration-test/target/test-dir/MiniOzoneClusterImpl-4fe7c5bf-ca33-4415-93e0-e252006dfa59/ozone-meta/datanode-3/ratis] (custom)
2024-08-15 10:20:00,790 [298890a6-3c3b-4de0-a9db-67f24322077e-NettyServerStreamRpc-bossGroup--thread1] INFO  logging.LoggingHandler (AbstractInternalLogger.java:log(148)) - [id: 0x60ea25a6] BIND: 0.0.0.0/0.0.0.0:15616
2024-08-15 10:20:00,791 [main] INFO  server.RaftServerConfigKeys (ConfUtils.java:logGet(46)) - raft.server.threadpool.proxy.cached = true (default)
2024-08-15 10:20:00,791 [298890a6-3c3b-4de0-a9db-67f24322077e-NettyServerStreamRpc-bossGroup--thread1] INFO  logging.LoggingHandler (AbstractInternalLogger.java:log(148)) - [id: 0x60ea25a6, L:/0.0.0.0:15616] ACTIVE
2024-08-15 10:20:00,791 [main] INFO  server.RaftServerConfigKeys (ConfUtils.java:logGet(46)) - raft.server.threadpool.proxy.size = 0 (default)
2024-08-15 10:20:00,791 [298890a6-3c3b-4de0-a9db-67f24322077e-impl-thread1] INFO  server.RaftServer (RaftServerProxy.java:initGroupDir(266)) - 298890a6-3c3b-4de0-a9db-67f24322077e: found a subdirectory /home/runner/work/ozone/ozone/hadoop-ozone/integration-test/target/test-dir/MiniOzoneClusterImpl-4fe7c5bf-ca33-4415-93e0-e252006dfa59/ozone-meta/datanode-3/ratis/tmp
2024-08-15 10:20:00,791 [298890a6-3c3b-4de0-a9db-67f24322077e-impl-thread1] INFO  server.RaftServer (RaftServerProxy.java:initGroupDir(271)) - 298890a6-3c3b-4de0-a9db-67f24322077e: The directory /home/runner/work/ozone/ozone/hadoop-ozone/integration-test/target/test-dir/MiniOzoneClusterImpl-4fe7c5bf-ca33-4415-93e0-e252006dfa59/ozone-meta/datanode-3/ratis/tmp is not a group directory; ignoring it. 
2024-08-15 10:20:00,792 [main] INFO  replication.ReplicationServer (ReplicationServer.java:<init>(86)) - Initializing replication server with thread count = 10 queue length = 4096
2024-08-15 10:20:00,793 [main] INFO  server.XceiverServerGrpc (XceiverServerGrpc.java:<init>(141)) - GrpcServer channel type EpollServerSocketChannel
2024-08-15 10:20:00,794 [main] INFO  replication.ReplicationSupervisor (ReplicationSupervisor.java:build(157)) - Initializing replication supervisor with thread count = 10
2024-08-15 10:20:00,794 [main] INFO  replication.ReplicationSupervisor (ReplicationSupervisor.java:nodeStateUpdated(312)) - Node state updated to IN_SERVICE, scaling executor pool size to 10
2024-08-15 10:20:00,795 [main] INFO  http.BaseHttpServer (BaseHttpServer.java:newHttpServer2BuilderForOzone(223)) - Starting Web-server for hddsDatanode at: http://0.0.0.0:15610
2024-08-15 10:20:00,795 [main] INFO  http.BaseHttpServer (BaseHttpServer.java:<init>(110)) - Hadoop Security Enabled: false Ozone Security Enabled: false Ozone HTTP Security Enabled: false 
2024-08-15 10:20:00,796 [main] WARN  server.AuthenticationFilter (AuthenticationFilter.java:constructSecretProvider(240)) - Unable to initialize FileSignerSecretProvider, falling back to use random secrets. Reason: Could not read signature secret file: /home/runner/hadoop-http-auth-signature-secret
2024-08-15 10:20:00,797 [main] INFO  http.HttpRequestLog (HttpRequestLog.java:getRequestLog(86)) - Http request log for http.requests.hddsDatanode is not defined
2024-08-15 10:20:00,798 [main] INFO  http.HttpServer2 (HttpServer2.java:addGlobalFilter(1035)) - Added global filter 'safety' (class=org.apache.hadoop.hdds.server.http.HttpServer2$QuotingInputFilter)
2024-08-15 10:20:00,798 [main] INFO  http.HttpServer2 (HttpServer2.java:addFilter(1011)) - Added filter static_user_filter (class=org.apache.hadoop.http.lib.StaticUserWebFilter$StaticUserFilter) to context hddsDatanode
2024-08-15 10:20:00,798 [main] INFO  http.HttpServer2 (HttpServer2.java:addFilter(1019)) - Added filter static_user_filter (class=org.apache.hadoop.http.lib.StaticUserWebFilter$StaticUserFilter) to context logs
2024-08-15 10:20:00,798 [main] INFO  http.HttpServer2 (HttpServer2.java:addFilter(1019)) - Added filter static_user_filter (class=org.apache.hadoop.http.lib.StaticUserWebFilter$StaticUserFilter) to context static
2024-08-15 10:20:00,799 [main] INFO  http.BaseHttpServer (BaseHttpServer.java:<init>(189)) - HTTP server of hddsDatanode uses base directory /home/runner/work/ozone/ozone/hadoop-ozone/integration-test/target/test-dir/MiniOzoneClusterImpl-4fe7c5bf-ca33-4415-93e0-e252006dfa59/ozone-meta/datanode-3/meta/webserver
2024-08-15 10:20:00,799 [main] INFO  http.HttpServer2 (HttpServer2.java:bindListener(1235)) - Jetty bound to port 15610
2024-08-15 10:20:00,799 [main] INFO  server.Server (Server.java:doStart(375)) - jetty-9.4.55.v20240627; built: 2024-06-27T15:05:37.765Z; git: 70015831e5195ba74da6383c4ab7c90c56bb08af; jvm 17.0.12+7
2024-08-15 10:20:00,806 [main] INFO  server.session (DefaultSessionIdManager.java:doStart(334)) - DefaultSessionIdManager workerName=node0
2024-08-15 10:20:00,806 [main] INFO  server.session (DefaultSessionIdManager.java:doStart(339)) - No SessionScavenger set, using defaults
2024-08-15 10:20:00,806 [main] INFO  server.session (HouseKeeper.java:startScavenging(132)) - node0 Scavenging every 660000ms
2024-08-15 10:20:00,806 [main] INFO  handler.ContextHandler (ContextHandler.java:doStart(921)) - Started o.e.j.s.ServletContextHandler@35d76fa{logs,/logs,file:///home/runner/work/ozone/ozone/hadoop-ozone/integration-test/target/log,AVAILABLE}
2024-08-15 10:20:00,807 [main] INFO  handler.ContextHandler (ContextHandler.java:doStart(921)) - Started o.e.j.s.ServletContextHandler@1caf9641{static,/static,jar:file:/home/runner/work/ozone/ozone/hadoop-hdds/container-service/target/hdds-container-service-1.5.0-SNAPSHOT.jar!/webapps/static,AVAILABLE}
2024-08-15 10:20:01,004 [main] INFO  handler.ContextHandler (ContextHandler.java:doStart(921)) - Started o.e.j.w.WebAppContext@c578ab4{hddsDatanode,/,file:///home/runner/work/ozone/ozone/hadoop-ozone/integration-test/target/test-dir/MiniOzoneClusterImpl-4fe7c5bf-ca33-4415-93e0-e252006dfa59/ozone-meta/datanode-3/meta/webserver/jetty-0_0_0_0-15610-hdds-container-service-1_5_0-SNAPSHOT_jar-_-any-1203239968118800288/webapp/,AVAILABLE}{jar:file:/home/runner/work/ozone/ozone/hadoop-hdds/container-service/target/hdds-container-service-1.5.0-SNAPSHOT.jar!/webapps/hddsDatanode}
2024-08-15 10:20:01,004 [main] INFO  server.AbstractConnector (AbstractConnector.java:doStart(333)) - Started ServerConnector@4f53aca3{HTTP/1.1, (http/1.1)}{0.0.0.0:15610}
2024-08-15 10:20:01,004 [main] INFO  server.Server (Server.java:doStart(415)) - Started @565121ms
2024-08-15 10:20:01,005 [main] WARN  impl.MetricsSystemImpl (MetricsSystemImpl.java:register(279)) - Sink prometheus already exists!
2024-08-15 10:20:01,005 [main] INFO  http.BaseHttpServer (BaseHttpServer.java:updateConnectorAddress(354)) - HTTP server of hddsDatanode listening at http://0.0.0.0:15610
2024-08-15 10:20:01,006 [main] INFO  ipc.CallQueueManager (CallQueueManager.java:<init>(90)) - Using callQueue: class java.util.concurrent.LinkedBlockingQueue, queueCapacity: 1000, scheduler: class org.apache.hadoop.ipc.DefaultRpcScheduler, ipcBackoff: false.
2024-08-15 10:20:01,006 [main] INFO  ipc.Server (Server.java:<init>(1287)) - Listener at 0.0.0.0:15611
2024-08-15 10:20:01,006 [Socket Reader #1 for port 15611] INFO  ipc.Server (Server.java:run(1323)) - Starting Socket Reader #1 for port 15611
2024-08-15 10:20:01,007 [Socket Reader #2 for port 15611] INFO  ipc.Server (Server.java:run(1323)) - Starting Socket Reader #2 for port 15611
2024-08-15 10:20:01,007 [Socket Reader #3 for port 15611] INFO  ipc.Server (Server.java:run(1323)) - Starting Socket Reader #3 for port 15611
2024-08-15 10:20:01,007 [Socket Reader #4 for port 15611] INFO  ipc.Server (Server.java:run(1323)) - Starting Socket Reader #4 for port 15611
2024-08-15 10:20:01,008 [Socket Reader #5 for port 15611] INFO  ipc.Server (Server.java:run(1323)) - Starting Socket Reader #5 for port 15611
2024-08-15 10:20:01,009 [Socket Reader #6 for port 15611] INFO  ipc.Server (Server.java:run(1323)) - Starting Socket Reader #6 for port 15611
2024-08-15 10:20:01,009 [Socket Reader #7 for port 15611] INFO  ipc.Server (Server.java:run(1323)) - Starting Socket Reader #7 for port 15611
2024-08-15 10:20:01,009 [Socket Reader #8 for port 15611] INFO  ipc.Server (Server.java:run(1323)) - Starting Socket Reader #8 for port 15611
2024-08-15 10:20:01,010 [Socket Reader #9 for port 15611] INFO  ipc.Server (Server.java:run(1323)) - Starting Socket Reader #9 for port 15611
2024-08-15 10:20:01,010 [Socket Reader #10 for port 15611] INFO  ipc.Server (Server.java:run(1323)) - Starting Socket Reader #10 for port 15611
2024-08-15 10:20:01,012 [main] INFO  ozone.HddsDatanodeService (HddsDatanodeService.java:start(319)) - Datanode start with admins: [runner]
2024-08-15 10:20:01,012 [main] INFO  ozone.HddsDatanodeClientProtocolServer (HddsDatanodeClientProtocolServer.java:start(79)) - RPC server for Client /0.0.0.0:15611
2024-08-15 10:20:01,013 [IPC Server Responder] INFO  ipc.Server (Server.java:run(1562)) - IPC Server Responder: starting
2024-08-15 10:20:01,013 [IPC Server listener on 15611] INFO  ipc.Server (Server.java:run(1402)) - IPC Server listener on 15611: starting
2024-08-15 10:20:01,014 [main] WARN  dropwizard3.Dm3MetricRegistriesImpl (Dm3MetricRegistriesImpl.java:addReporterRegistration(114)) - New reporters are added after registries were created. Some metrics will be missing from the reporter. Please add reporter before adding any new registry.
2024-08-15 10:20:01,014 [main] WARN  dropwizard3.Dm3MetricRegistriesImpl (Dm3MetricRegistriesImpl.java:addReporterRegistration(114)) - New reporters are added after registries were created. Some metrics will be missing from the reporter. Please add reporter before adding any new registry.
2024-08-15 10:20:01,014 [main] INFO  impl.MetricsSystemImpl (MetricsSystemImpl.java:init(158)) - HddsDatanode metrics system started (again)
2024-08-15 10:20:01,015 [298890a6-3c3b-4de0-a9db-67f24322077e-DatanodeStateMachineDaemonThread] INFO  statemachine.DatanodeStateMachine (DatanodeStateMachine.java:startStateMachineThread(338)) - Ozone container server started.
2024-08-15 10:20:01,016 [298890a6-3c3b-4de0-a9db-67f24322077e-DatanodeStateMachineTaskThread-0] INFO  datanode.InitDatanodeState (InitDatanodeState.java:persistContainerDatanodeDetails(139)) - DatanodeDetails is persisted to /home/runner/work/ozone/ozone/hadoop-ozone/integration-test/target/test-dir/MiniOzoneClusterImpl-4fe7c5bf-ca33-4415-93e0-e252006dfa59/ozone-meta/datanode-3/meta/datanode.id
2024-08-15 10:20:01,024 [main] INFO  ozone.HddsDatanodeService (HddsDatanodeService.java:start(235)) - HddsDatanodeService host:fv-az1107-352.5an5qfagtveezn4vzio0gr3jze.ex.internal.cloudapp.net ip:10.1.0.39
2024-08-15 10:20:01,027 [main] INFO  upgrade.AbstractLayoutVersionManager (AbstractLayoutVersionManager.java:init(83)) - Initializing Layout version manager with metadata layout = HBASE_SUPPORT (version = 8), software layout = HBASE_SUPPORT (version = 8)
2024-08-15 10:20:01,027 [main] INFO  statemachine.DatanodeStateMachine (DatanodeStateMachine.java:getEndPointTaskThreadPoolSize(295)) - Datanode State Machine Task Thread Pool size 2
2024-08-15 10:20:01,028 [main] INFO  volume.HddsVolume (HddsVolume.java:<init>(127)) - Creating HddsVolume: /home/runner/work/ozone/ozone/hadoop-ozone/integration-test/target/test-dir/MiniOzoneClusterImpl-4fe7c5bf-ca33-4415-93e0-e252006dfa59/ozone-meta/datanode-4/data-0/hdds of storage type : DISK capacity : 9222449699674390527
2024-08-15 10:20:01,028 [main] INFO  volume.MutableVolumeSet (MutableVolumeSet.java:initializeVolumeSet(173)) - Added Volume : /home/runner/work/ozone/ozone/hadoop-ozone/integration-test/target/test-dir/MiniOzoneClusterImpl-4fe7c5bf-ca33-4415-93e0-e252006dfa59/ozone-meta/datanode-4/data-0/hdds to VolumeSet
2024-08-15 10:20:01,029 [main] INFO  volume.MutableVolumeSet (MutableVolumeSet.java:initializeVolumeSet(173)) - Added Volume : /home/runner/work/ozone/ozone/hadoop-ozone/integration-test/target/test-dir/MiniOzoneClusterImpl-4fe7c5bf-ca33-4415-93e0-e252006dfa59/ozone-meta/datanode-4/ratis to VolumeSet
2024-08-15 10:20:01,029 [main] INFO  ozoneimpl.OzoneContainer (HddsVolumeUtil.java:loadAllHddsVolumeDbStore(103)) - Load 1 volumes DbStore cost: 0ms
2024-08-15 10:20:01,030 [main] INFO  server.RaftServer (ConfUtils.java:logGet(46)) - raft.rpc.type = GRPC (default)
2024-08-15 10:20:01,031 [main] INFO  grpc.GrpcConfigKeys (ConfUtils.java:logFallback(53)) - raft.grpc.admin.host = null (fallback to raft.grpc.server.host)
2024-08-15 10:20:01,031 [main] INFO  grpc.GrpcConfigKeys (ConfUtils.java:logGet(46)) - raft.grpc.admin.port = 15622 (custom)
2024-08-15 10:20:01,031 [main] INFO  grpc.GrpcConfigKeys (ConfUtils.java:logFallback(53)) - raft.grpc.client.host = null (fallback to raft.grpc.server.host)
2024-08-15 10:20:01,031 [main] INFO  grpc.GrpcConfigKeys (ConfUtils.java:logGet(46)) - raft.grpc.client.port = 15622 (custom)
2024-08-15 10:20:01,031 [main] INFO  grpc.GrpcConfigKeys (ConfUtils.java:logGet(46)) - raft.grpc.server.host = null (default)
2024-08-15 10:20:01,031 [main] INFO  grpc.GrpcConfigKeys (ConfUtils.java:logGet(46)) - raft.grpc.server.port = 15622 (custom)
2024-08-15 10:20:01,031 [main] INFO  server.GrpcService (ConfUtils.java:logGet(46)) - raft.grpc.message.size.max = 32MB (=33554432) (custom)
2024-08-15 10:20:01,032 [main] INFO  server.RaftServerConfigKeys (ConfUtils.java:logGet(46)) - raft.server.log.appender.buffer.byte-limit = 8388608 (custom)
2024-08-15 10:20:01,032 [main] INFO  server.GrpcService (ConfUtils.java:logGet(46)) - raft.grpc.flow.control.window = 5MB (=5242880) (custom)
2024-08-15 10:20:01,032 [main] INFO  server.RaftServerConfigKeys (ConfUtils.java:logGet(46)) - raft.server.rpc.request.timeout = 3000ms (default)
2024-08-15 10:20:01,032 [main] INFO  grpc.GrpcConfigKeys (ConfUtils.java:logGet(46)) - raft.grpc.server.heartbeat.channel = true (default)
2024-08-15 10:20:01,032 [main] INFO  grpc.GrpcConfigKeys (ConfUtils.java:logGet(46)) - raft.grpc.server.async.request.thread.pool.cached = true (default)
2024-08-15 10:20:01,032 [main] INFO  grpc.GrpcConfigKeys (ConfUtils.java:logGet(46)) - raft.grpc.server.async.request.thread.pool.size = 32 (default)
2024-08-15 10:20:01,033 [main] INFO  impl.DataStreamServerImpl (ConfUtils.java:logGet(46)) - raft.datastream.type = NETTY (custom)
2024-08-15 10:20:01,033 [main] INFO  server.RaftServerConfigKeys (ConfUtils.java:logGet(46)) - raft.server.data-stream.async.request.thread.pool.cached = false (default)
2024-08-15 10:20:01,034 [main] INFO  server.RaftServerConfigKeys (ConfUtils.java:logGet(46)) - raft.server.data-stream.async.request.thread.pool.size = 20 (custom)
2024-08-15 10:20:01,034 [main] INFO  server.RaftServerConfigKeys (ConfUtils.java:logGet(46)) - raft.server.data-stream.async.write.thread.pool.size = 16 (default)
2024-08-15 10:20:01,034 [main] INFO  netty.NettyConfigKeys$DataStream (ConfUtils.java:logGet(46)) - raft.netty.dataStream.server.channel.inactive.grace-period = 10min (default)
2024-08-15 10:20:01,034 [main] INFO  server.RaftServerConfigKeys (ConfUtils.java:logGet(46)) - raft.server.data-stream.client.pool.size = 10 (default)
2024-08-15 10:20:01,034 [main] INFO  netty.NettyConfigKeys$DataStream (ConfUtils.java:logGet(46)) - raft.netty.dataStream.server.use-epoll = true (default)
2024-08-15 10:20:01,034 [main] INFO  netty.NettyConfigKeys$DataStream (ConfUtils.java:logGet(46)) - raft.netty.dataStream.server.boss-group.size = 0 (default)
2024-08-15 10:20:01,034 [main] INFO  netty.NettyUtils (NettyUtils.java:newEventLoopGroup(74)) - Create EpollEventLoopGroup for 8f188c33-4f5f-4a65-885f-fdffcccac76b-NettyServerStreamRpc-bossGroup; Thread size is 0.
2024-08-15 10:20:01,035 [main] INFO  netty.NettyConfigKeys$DataStream (ConfUtils.java:logGet(46)) - raft.netty.dataStream.server.worker-group.size = 0 (default)
2024-08-15 10:20:01,035 [main] INFO  netty.NettyUtils (NettyUtils.java:newEventLoopGroup(74)) - Create EpollEventLoopGroup for 8f188c33-4f5f-4a65-885f-fdffcccac76b-NettyServerStreamRpc-workerGroup; Thread size is 0.
2024-08-15 10:20:01,035 [main] INFO  netty.NettyConfigKeys$DataStream (ConfUtils.java:logGet(46)) - raft.netty.dataStream.server.tls.conf = null (default)
2024-08-15 10:20:01,036 [main] INFO  netty.NettyConfigKeys$DataStream (ConfUtils.java:logGet(46)) - raft.netty.dataStream.host = null (default)
2024-08-15 10:20:01,036 [main] INFO  netty.NettyConfigKeys$DataStream (ConfUtils.java:logGet(46)) - raft.netty.dataStream.port = 15625 (custom)
2024-08-15 10:20:01,037 [main] INFO  server.RaftServerConfigKeys (ConfUtils.java:logGet(46)) - raft.server.sleep.deviation.threshold = 300ms (default)
2024-08-15 10:20:01,037 [main] INFO  server.RaftServerConfigKeys (ConfUtils.java:logGet(46)) - raft.server.close.threshold = 60s (default)
2024-08-15 10:20:01,037 [main] INFO  server.RaftServerConfigKeys (ConfUtils.java:logGet(46)) - raft.server.leaderelection.leader.step-down.wait-time = 10s (default)
2024-08-15 10:20:01,037 [main] INFO  server.RaftServerConfigKeys (ConfUtils.java:logGet(46)) - raft.server.storage.dir = [/home/runner/work/ozone/ozone/hadoop-ozone/integration-test/target/test-dir/MiniOzoneClusterImpl-4fe7c5bf-ca33-4415-93e0-e252006dfa59/ozone-meta/datanode-4/ratis] (custom)
2024-08-15 10:20:01,037 [main] INFO  server.RaftServerConfigKeys (ConfUtils.java:logGet(46)) - raft.server.threadpool.proxy.cached = true (default)
2024-08-15 10:20:01,037 [main] INFO  server.RaftServerConfigKeys (ConfUtils.java:logGet(46)) - raft.server.threadpool.proxy.size = 0 (default)
2024-08-15 10:20:01,037 [8f188c33-4f5f-4a65-885f-fdffcccac76b-NettyServerStreamRpc-bossGroup--thread1] INFO  logging.LoggingHandler (AbstractInternalLogger.java:log(148)) - [id: 0x095273e7] REGISTERED
2024-08-15 10:20:01,038 [8f188c33-4f5f-4a65-885f-fdffcccac76b-NettyServerStreamRpc-bossGroup--thread1] INFO  logging.LoggingHandler (AbstractInternalLogger.java:log(148)) - [id: 0x095273e7] BIND: 0.0.0.0/0.0.0.0:15625
2024-08-15 10:20:01,038 [8f188c33-4f5f-4a65-885f-fdffcccac76b-NettyServerStreamRpc-bossGroup--thread1] INFO  logging.LoggingHandler (AbstractInternalLogger.java:log(148)) - [id: 0x095273e7, L:/0.0.0.0:15625] ACTIVE
2024-08-15 10:20:01,038 [8f188c33-4f5f-4a65-885f-fdffcccac76b-impl-thread1] INFO  server.RaftServer (RaftServerProxy.java:initGroupDir(266)) - 8f188c33-4f5f-4a65-885f-fdffcccac76b: found a subdirectory /home/runner/work/ozone/ozone/hadoop-ozone/integration-test/target/test-dir/MiniOzoneClusterImpl-4fe7c5bf-ca33-4415-93e0-e252006dfa59/ozone-meta/datanode-4/ratis/tmp
2024-08-15 10:20:01,038 [8f188c33-4f5f-4a65-885f-fdffcccac76b-impl-thread1] INFO  server.RaftServer (RaftServerProxy.java:initGroupDir(271)) - 8f188c33-4f5f-4a65-885f-fdffcccac76b: The directory /home/runner/work/ozone/ozone/hadoop-ozone/integration-test/target/test-dir/MiniOzoneClusterImpl-4fe7c5bf-ca33-4415-93e0-e252006dfa59/ozone-meta/datanode-4/ratis/tmp is not a group directory; ignoring it. 
2024-08-15 10:20:01,039 [main] INFO  replication.ReplicationServer (ReplicationServer.java:<init>(86)) - Initializing replication server with thread count = 10 queue length = 4096
2024-08-15 10:20:01,040 [main] INFO  server.XceiverServerGrpc (XceiverServerGrpc.java:<init>(141)) - GrpcServer channel type EpollServerSocketChannel
2024-08-15 10:20:01,041 [main] INFO  replication.ReplicationSupervisor (ReplicationSupervisor.java:build(157)) - Initializing replication supervisor with thread count = 10
2024-08-15 10:20:01,041 [main] INFO  replication.ReplicationSupervisor (ReplicationSupervisor.java:nodeStateUpdated(312)) - Node state updated to IN_SERVICE, scaling executor pool size to 10
2024-08-15 10:20:01,042 [main] INFO  http.BaseHttpServer (BaseHttpServer.java:newHttpServer2BuilderForOzone(223)) - Starting Web-server for hddsDatanode at: http://0.0.0.0:15619
2024-08-15 10:20:01,043 [main] INFO  http.BaseHttpServer (BaseHttpServer.java:<init>(110)) - Hadoop Security Enabled: false Ozone Security Enabled: false Ozone HTTP Security Enabled: false 
2024-08-15 10:20:01,043 [main] WARN  server.AuthenticationFilter (AuthenticationFilter.java:constructSecretProvider(240)) - Unable to initialize FileSignerSecretProvider, falling back to use random secrets. Reason: Could not read signature secret file: /home/runner/hadoop-http-auth-signature-secret
2024-08-15 10:20:01,044 [main] INFO  http.HttpRequestLog (HttpRequestLog.java:getRequestLog(86)) - Http request log for http.requests.hddsDatanode is not defined
2024-08-15 10:20:01,045 [main] INFO  http.HttpServer2 (HttpServer2.java:addGlobalFilter(1035)) - Added global filter 'safety' (class=org.apache.hadoop.hdds.server.http.HttpServer2$QuotingInputFilter)
2024-08-15 10:20:01,045 [main] INFO  http.HttpServer2 (HttpServer2.java:addFilter(1011)) - Added filter static_user_filter (class=org.apache.hadoop.http.lib.StaticUserWebFilter$StaticUserFilter) to context hddsDatanode
2024-08-15 10:20:01,045 [main] INFO  http.HttpServer2 (HttpServer2.java:addFilter(1019)) - Added filter static_user_filter (class=org.apache.hadoop.http.lib.StaticUserWebFilter$StaticUserFilter) to context static
2024-08-15 10:20:01,046 [main] INFO  http.HttpServer2 (HttpServer2.java:addFilter(1019)) - Added filter static_user_filter (class=org.apache.hadoop.http.lib.StaticUserWebFilter$StaticUserFilter) to context logs
2024-08-15 10:20:01,046 [main] INFO  http.BaseHttpServer (BaseHttpServer.java:<init>(189)) - HTTP server of hddsDatanode uses base directory /home/runner/work/ozone/ozone/hadoop-ozone/integration-test/target/test-dir/MiniOzoneClusterImpl-4fe7c5bf-ca33-4415-93e0-e252006dfa59/ozone-meta/datanode-4/meta/webserver
2024-08-15 10:20:01,046 [main] INFO  http.HttpServer2 (HttpServer2.java:bindListener(1235)) - Jetty bound to port 15619
2024-08-15 10:20:01,046 [main] INFO  server.Server (Server.java:doStart(375)) - jetty-9.4.55.v20240627; built: 2024-06-27T15:05:37.765Z; git: 70015831e5195ba74da6383c4ab7c90c56bb08af; jvm 17.0.12+7
2024-08-15 10:20:01,050 [main] INFO  server.session (DefaultSessionIdManager.java:doStart(334)) - DefaultSessionIdManager workerName=node0
2024-08-15 10:20:01,050 [main] INFO  server.session (DefaultSessionIdManager.java:doStart(339)) - No SessionScavenger set, using defaults
2024-08-15 10:20:01,050 [main] INFO  server.session (HouseKeeper.java:startScavenging(132)) - node0 Scavenging every 660000ms
2024-08-15 10:20:01,053 [main] INFO  handler.ContextHandler (ContextHandler.java:doStart(921)) - Started o.e.j.s.ServletContextHandler@7f8f5db0{logs,/logs,file:///home/runner/work/ozone/ozone/hadoop-ozone/integration-test/target/log,AVAILABLE}
2024-08-15 10:20:01,053 [main] INFO  handler.ContextHandler (ContextHandler.java:doStart(921)) - Started o.e.j.s.ServletContextHandler@56cdcae6{static,/static,jar:file:/home/runner/work/ozone/ozone/hadoop-hdds/container-service/target/hdds-container-service-1.5.0-SNAPSHOT.jar!/webapps/static,AVAILABLE}
2024-08-15 10:20:01,249 [main] INFO  handler.ContextHandler (ContextHandler.java:doStart(921)) - Started o.e.j.w.WebAppContext@4e7532bb{hddsDatanode,/,file:///home/runner/work/ozone/ozone/hadoop-ozone/integration-test/target/test-dir/MiniOzoneClusterImpl-4fe7c5bf-ca33-4415-93e0-e252006dfa59/ozone-meta/datanode-4/meta/webserver/jetty-0_0_0_0-15619-hdds-container-service-1_5_0-SNAPSHOT_jar-_-any-4137181029787312357/webapp/,AVAILABLE}{jar:file:/home/runner/work/ozone/ozone/hadoop-hdds/container-service/target/hdds-container-service-1.5.0-SNAPSHOT.jar!/webapps/hddsDatanode}
2024-08-15 10:20:01,249 [main] INFO  server.AbstractConnector (AbstractConnector.java:doStart(333)) - Started ServerConnector@5062bb4{HTTP/1.1, (http/1.1)}{0.0.0.0:15619}
2024-08-15 10:20:01,250 [main] INFO  server.Server (Server.java:doStart(415)) - Started @565366ms
2024-08-15 10:20:01,250 [main] WARN  impl.MetricsSystemImpl (MetricsSystemImpl.java:register(279)) - Sink prometheus already exists!
2024-08-15 10:20:01,250 [main] INFO  http.BaseHttpServer (BaseHttpServer.java:updateConnectorAddress(354)) - HTTP server of hddsDatanode listening at http://0.0.0.0:15619
2024-08-15 10:20:01,251 [main] INFO  ipc.CallQueueManager (CallQueueManager.java:<init>(90)) - Using callQueue: class java.util.concurrent.LinkedBlockingQueue, queueCapacity: 1000, scheduler: class org.apache.hadoop.ipc.DefaultRpcScheduler, ipcBackoff: false.
2024-08-15 10:20:01,251 [main] INFO  ipc.Server (Server.java:<init>(1287)) - Listener at 0.0.0.0:15620
2024-08-15 10:20:01,251 [Socket Reader #1 for port 15620] INFO  ipc.Server (Server.java:run(1323)) - Starting Socket Reader #1 for port 15620
2024-08-15 10:20:01,251 [Socket Reader #2 for port 15620] INFO  ipc.Server (Server.java:run(1323)) - Starting Socket Reader #2 for port 15620
2024-08-15 10:20:01,252 [Socket Reader #3 for port 15620] INFO  ipc.Server (Server.java:run(1323)) - Starting Socket Reader #3 for port 15620
2024-08-15 10:20:01,252 [Socket Reader #4 for port 15620] INFO  ipc.Server (Server.java:run(1323)) - Starting Socket Reader #4 for port 15620
2024-08-15 10:20:01,252 [Socket Reader #5 for port 15620] INFO  ipc.Server (Server.java:run(1323)) - Starting Socket Reader #5 for port 15620
2024-08-15 10:20:01,253 [Socket Reader #6 for port 15620] INFO  ipc.Server (Server.java:run(1323)) - Starting Socket Reader #6 for port 15620
2024-08-15 10:20:01,253 [Socket Reader #7 for port 15620] INFO  ipc.Server (Server.java:run(1323)) - Starting Socket Reader #7 for port 15620
2024-08-15 10:20:01,253 [Socket Reader #8 for port 15620] INFO  ipc.Server (Server.java:run(1323)) - Starting Socket Reader #8 for port 15620
2024-08-15 10:20:01,253 [Socket Reader #9 for port 15620] INFO  ipc.Server (Server.java:run(1323)) - Starting Socket Reader #9 for port 15620
2024-08-15 10:20:01,253 [Socket Reader #10 for port 15620] INFO  ipc.Server (Server.java:run(1323)) - Starting Socket Reader #10 for port 15620
2024-08-15 10:20:01,254 [main] INFO  ozone.HddsDatanodeService (HddsDatanodeService.java:start(319)) - Datanode start with admins: [runner]
2024-08-15 10:20:01,254 [main] INFO  ozone.HddsDatanodeClientProtocolServer (HddsDatanodeClientProtocolServer.java:start(79)) - RPC server for Client /0.0.0.0:15620
2024-08-15 10:20:01,255 [IPC Server Responder] INFO  ipc.Server (Server.java:run(1562)) - IPC Server Responder: starting
2024-08-15 10:20:01,255 [IPC Server listener on 15620] INFO  ipc.Server (Server.java:run(1402)) - IPC Server listener on 15620: starting
2024-08-15 10:20:01,257 [main] WARN  dropwizard3.Dm3MetricRegistriesImpl (Dm3MetricRegistriesImpl.java:addReporterRegistration(114)) - New reporters are added after registries were created. Some metrics will be missing from the reporter. Please add reporter before adding any new registry.
2024-08-15 10:20:01,257 [main] WARN  dropwizard3.Dm3MetricRegistriesImpl (Dm3MetricRegistriesImpl.java:addReporterRegistration(114)) - New reporters are added after registries were created. Some metrics will be missing from the reporter. Please add reporter before adding any new registry.
2024-08-15 10:20:01,257 [main] INFO  impl.MetricsSystemImpl (MetricsSystemImpl.java:init(158)) - HddsDatanode metrics system started (again)
2024-08-15 10:20:01,257 [8f188c33-4f5f-4a65-885f-fdffcccac76b-DatanodeStateMachineDaemonThread] INFO  statemachine.DatanodeStateMachine (DatanodeStateMachine.java:startStateMachineThread(338)) - Ozone container server started.
2024-08-15 10:20:01,258 [8f188c33-4f5f-4a65-885f-fdffcccac76b-DatanodeStateMachineTaskThread-0] INFO  datanode.InitDatanodeState (InitDatanodeState.java:persistContainerDatanodeDetails(139)) - DatanodeDetails is persisted to /home/runner/work/ozone/ozone/hadoop-ozone/integration-test/target/test-dir/MiniOzoneClusterImpl-4fe7c5bf-ca33-4415-93e0-e252006dfa59/ozone-meta/datanode-4/meta/datanode.id
2024-08-15 10:20:01,266 [main] INFO  ozone.HddsDatanodeService (HddsDatanodeService.java:start(235)) - HddsDatanodeService host:fv-az1107-352.5an5qfagtveezn4vzio0gr3jze.ex.internal.cloudapp.net ip:10.1.0.39
2024-08-15 10:20:01,268 [main] INFO  upgrade.AbstractLayoutVersionManager (AbstractLayoutVersionManager.java:init(83)) - Initializing Layout version manager with metadata layout = HBASE_SUPPORT (version = 8), software layout = HBASE_SUPPORT (version = 8)
2024-08-15 10:20:01,269 [main] INFO  statemachine.DatanodeStateMachine (DatanodeStateMachine.java:getEndPointTaskThreadPoolSize(295)) - Datanode State Machine Task Thread Pool size 2
2024-08-15 10:20:01,270 [main] INFO  volume.HddsVolume (HddsVolume.java:<init>(127)) - Creating HddsVolume: /home/runner/work/ozone/ozone/hadoop-ozone/integration-test/target/test-dir/MiniOzoneClusterImpl-4fe7c5bf-ca33-4415-93e0-e252006dfa59/ozone-meta/datanode-5/data-0/hdds of storage type : DISK capacity : 9222449699674390527
2024-08-15 10:20:01,270 [main] INFO  volume.MutableVolumeSet (MutableVolumeSet.java:initializeVolumeSet(173)) - Added Volume : /home/runner/work/ozone/ozone/hadoop-ozone/integration-test/target/test-dir/MiniOzoneClusterImpl-4fe7c5bf-ca33-4415-93e0-e252006dfa59/ozone-meta/datanode-5/data-0/hdds to VolumeSet
2024-08-15 10:20:01,270 [main] INFO  volume.MutableVolumeSet (MutableVolumeSet.java:initializeVolumeSet(173)) - Added Volume : /home/runner/work/ozone/ozone/hadoop-ozone/integration-test/target/test-dir/MiniOzoneClusterImpl-4fe7c5bf-ca33-4415-93e0-e252006dfa59/ozone-meta/datanode-5/ratis to VolumeSet
2024-08-15 10:20:01,271 [main] INFO  ozoneimpl.OzoneContainer (HddsVolumeUtil.java:loadAllHddsVolumeDbStore(103)) - Load 1 volumes DbStore cost: 0ms
2024-08-15 10:20:01,272 [main] INFO  server.RaftServer (ConfUtils.java:logGet(46)) - raft.rpc.type = GRPC (default)
2024-08-15 10:20:01,273 [main] INFO  grpc.GrpcConfigKeys (ConfUtils.java:logFallback(53)) - raft.grpc.admin.host = null (fallback to raft.grpc.server.host)
2024-08-15 10:20:01,273 [main] INFO  grpc.GrpcConfigKeys (ConfUtils.java:logGet(46)) - raft.grpc.admin.port = 15631 (custom)
2024-08-15 10:20:01,273 [main] INFO  grpc.GrpcConfigKeys (ConfUtils.java:logFallback(53)) - raft.grpc.client.host = null (fallback to raft.grpc.server.host)
2024-08-15 10:20:01,273 [main] INFO  grpc.GrpcConfigKeys (ConfUtils.java:logGet(46)) - raft.grpc.client.port = 15631 (custom)
2024-08-15 10:20:01,273 [main] INFO  grpc.GrpcConfigKeys (ConfUtils.java:logGet(46)) - raft.grpc.server.host = null (default)
2024-08-15 10:20:01,273 [main] INFO  grpc.GrpcConfigKeys (ConfUtils.java:logGet(46)) - raft.grpc.server.port = 15631 (custom)
2024-08-15 10:20:01,273 [main] INFO  server.GrpcService (ConfUtils.java:logGet(46)) - raft.grpc.message.size.max = 32MB (=33554432) (custom)
2024-08-15 10:20:01,273 [main] INFO  server.RaftServerConfigKeys (ConfUtils.java:logGet(46)) - raft.server.log.appender.buffer.byte-limit = 8388608 (custom)
2024-08-15 10:20:01,274 [main] INFO  server.GrpcService (ConfUtils.java:logGet(46)) - raft.grpc.flow.control.window = 5MB (=5242880) (custom)
2024-08-15 10:20:01,274 [main] INFO  server.RaftServerConfigKeys (ConfUtils.java:logGet(46)) - raft.server.rpc.request.timeout = 3000ms (default)
2024-08-15 10:20:01,274 [main] INFO  grpc.GrpcConfigKeys (ConfUtils.java:logGet(46)) - raft.grpc.server.heartbeat.channel = true (default)
2024-08-15 10:20:01,274 [main] INFO  grpc.GrpcConfigKeys (ConfUtils.java:logGet(46)) - raft.grpc.server.async.request.thread.pool.cached = true (default)
2024-08-15 10:20:01,274 [main] INFO  grpc.GrpcConfigKeys (ConfUtils.java:logGet(46)) - raft.grpc.server.async.request.thread.pool.size = 32 (default)
2024-08-15 10:20:01,275 [main] INFO  impl.DataStreamServerImpl (ConfUtils.java:logGet(46)) - raft.datastream.type = NETTY (custom)
2024-08-15 10:20:01,275 [main] INFO  server.RaftServerConfigKeys (ConfUtils.java:logGet(46)) - raft.server.data-stream.async.request.thread.pool.cached = false (default)
2024-08-15 10:20:01,275 [main] INFO  server.RaftServerConfigKeys (ConfUtils.java:logGet(46)) - raft.server.data-stream.async.request.thread.pool.size = 20 (custom)
2024-08-15 10:20:01,275 [main] INFO  server.RaftServerConfigKeys (ConfUtils.java:logGet(46)) - raft.server.data-stream.async.write.thread.pool.size = 16 (default)
2024-08-15 10:20:01,275 [main] INFO  netty.NettyConfigKeys$DataStream (ConfUtils.java:logGet(46)) - raft.netty.dataStream.server.channel.inactive.grace-period = 10min (default)
2024-08-15 10:20:01,276 [main] INFO  server.RaftServerConfigKeys (ConfUtils.java:logGet(46)) - raft.server.data-stream.client.pool.size = 10 (default)
2024-08-15 10:20:01,276 [main] INFO  netty.NettyConfigKeys$DataStream (ConfUtils.java:logGet(46)) - raft.netty.dataStream.server.use-epoll = true (default)
2024-08-15 10:20:01,276 [main] INFO  netty.NettyConfigKeys$DataStream (ConfUtils.java:logGet(46)) - raft.netty.dataStream.server.boss-group.size = 0 (default)
2024-08-15 10:20:01,276 [main] INFO  netty.NettyUtils (NettyUtils.java:newEventLoopGroup(74)) - Create EpollEventLoopGroup for 10717ad5-80cb-4143-95b1-142859a756e7-NettyServerStreamRpc-bossGroup; Thread size is 0.
2024-08-15 10:20:01,276 [main] INFO  netty.NettyConfigKeys$DataStream (ConfUtils.java:logGet(46)) - raft.netty.dataStream.server.worker-group.size = 0 (default)
2024-08-15 10:20:01,276 [main] INFO  netty.NettyUtils (NettyUtils.java:newEventLoopGroup(74)) - Create EpollEventLoopGroup for 10717ad5-80cb-4143-95b1-142859a756e7-NettyServerStreamRpc-workerGroup; Thread size is 0.
2024-08-15 10:20:01,277 [main] INFO  netty.NettyConfigKeys$DataStream (ConfUtils.java:logGet(46)) - raft.netty.dataStream.server.tls.conf = null (default)
2024-08-15 10:20:01,277 [main] INFO  netty.NettyConfigKeys$DataStream (ConfUtils.java:logGet(46)) - raft.netty.dataStream.host = null (default)
2024-08-15 10:20:01,277 [main] INFO  netty.NettyConfigKeys$DataStream (ConfUtils.java:logGet(46)) - raft.netty.dataStream.port = 15634 (custom)
2024-08-15 10:20:01,278 [main] INFO  server.RaftServerConfigKeys (ConfUtils.java:logGet(46)) - raft.server.sleep.deviation.threshold = 300ms (default)
2024-08-15 10:20:01,278 [main] INFO  server.RaftServerConfigKeys (ConfUtils.java:logGet(46)) - raft.server.close.threshold = 60s (default)
2024-08-15 10:20:01,278 [10717ad5-80cb-4143-95b1-142859a756e7-NettyServerStreamRpc-bossGroup--thread1] INFO  logging.LoggingHandler (AbstractInternalLogger.java:log(148)) - [id: 0xd077d05e] REGISTERED
2024-08-15 10:20:01,278 [10717ad5-80cb-4143-95b1-142859a756e7-NettyServerStreamRpc-bossGroup--thread1] INFO  logging.LoggingHandler (AbstractInternalLogger.java:log(148)) - [id: 0xd077d05e] BIND: 0.0.0.0/0.0.0.0:15634
2024-08-15 10:20:01,278 [10717ad5-80cb-4143-95b1-142859a756e7-NettyServerStreamRpc-bossGroup--thread1] INFO  logging.LoggingHandler (AbstractInternalLogger.java:log(148)) - [id: 0xd077d05e, L:/0.0.0.0:15634] ACTIVE
2024-08-15 10:20:01,278 [main] INFO  server.RaftServerConfigKeys (ConfUtils.java:logGet(46)) - raft.server.leaderelection.leader.step-down.wait-time = 10s (default)
2024-08-15 10:20:01,278 [main] INFO  server.RaftServerConfigKeys (ConfUtils.java:logGet(46)) - raft.server.storage.dir = [/home/runner/work/ozone/ozone/hadoop-ozone/integration-test/target/test-dir/MiniOzoneClusterImpl-4fe7c5bf-ca33-4415-93e0-e252006dfa59/ozone-meta/datanode-5/ratis] (custom)
2024-08-15 10:20:01,278 [main] INFO  server.RaftServerConfigKeys (ConfUtils.java:logGet(46)) - raft.server.threadpool.proxy.cached = true (default)
2024-08-15 10:20:01,279 [main] INFO  server.RaftServerConfigKeys (ConfUtils.java:logGet(46)) - raft.server.threadpool.proxy.size = 0 (default)
2024-08-15 10:20:01,279 [10717ad5-80cb-4143-95b1-142859a756e7-impl-thread1] INFO  server.RaftServer (RaftServerProxy.java:initGroupDir(266)) - 10717ad5-80cb-4143-95b1-142859a756e7: found a subdirectory /home/runner/work/ozone/ozone/hadoop-ozone/integration-test/target/test-dir/MiniOzoneClusterImpl-4fe7c5bf-ca33-4415-93e0-e252006dfa59/ozone-meta/datanode-5/ratis/tmp
2024-08-15 10:20:01,279 [10717ad5-80cb-4143-95b1-142859a756e7-impl-thread1] INFO  server.RaftServer (RaftServerProxy.java:initGroupDir(271)) - 10717ad5-80cb-4143-95b1-142859a756e7: The directory /home/runner/work/ozone/ozone/hadoop-ozone/integration-test/target/test-dir/MiniOzoneClusterImpl-4fe7c5bf-ca33-4415-93e0-e252006dfa59/ozone-meta/datanode-5/ratis/tmp is not a group directory; ignoring it. 
2024-08-15 10:20:01,279 [main] INFO  replication.ReplicationServer (ReplicationServer.java:<init>(86)) - Initializing replication server with thread count = 10 queue length = 4096
2024-08-15 10:20:01,280 [main] INFO  server.XceiverServerGrpc (XceiverServerGrpc.java:<init>(141)) - GrpcServer channel type EpollServerSocketChannel
2024-08-15 10:20:01,285 [main] INFO  replication.ReplicationSupervisor (ReplicationSupervisor.java:build(157)) - Initializing replication supervisor with thread count = 10
2024-08-15 10:20:01,285 [main] INFO  replication.ReplicationSupervisor (ReplicationSupervisor.java:nodeStateUpdated(312)) - Node state updated to IN_SERVICE, scaling executor pool size to 10
2024-08-15 10:20:01,286 [om1@group-C5BA1605619E-FollowerState] INFO  impl.FollowerState (FollowerState.java:run(144)) - om1@group-C5BA1605619E-FollowerState: change to CANDIDATE, lastRpcElapsedTime:1069999110ns, electionTimeout:1069ms
2024-08-15 10:20:01,286 [om1@group-C5BA1605619E-FollowerState] INFO  impl.RoleInfo (RoleInfo.java:shutdownFollowerState(119)) - om1: shutdown om1@group-C5BA1605619E-FollowerState
2024-08-15 10:20:01,286 [om1@group-C5BA1605619E-FollowerState] INFO  server.RaftServer$Division (RaftServerImpl.java:setRole(376)) - om1@group-C5BA1605619E: changes role from  FOLLOWER to CANDIDATE at term 0 for changeToCandidate
2024-08-15 10:20:01,286 [om1@group-C5BA1605619E-FollowerState] INFO  server.RaftServerConfigKeys (ConfUtils.java:logGet(46)) - raft.server.leaderelection.pre-vote = true (default)
2024-08-15 10:20:01,286 [om1@group-C5BA1605619E-FollowerState] INFO  impl.RoleInfo (RoleInfo.java:updateAndGet(148)) - om1: start om1@group-C5BA1605619E-LeaderElection151
2024-08-15 10:20:01,289 [om1@group-C5BA1605619E-LeaderElection151] INFO  impl.LeaderElection (LeaderElection.java:askForVotes(321)) - om1@group-C5BA1605619E-LeaderElection151 PRE_VOTE round 0: submit vote requests at term 0 for conf: {index: -1, cur=peers:[om1|localhost:15590]|listeners:[], old=null}
2024-08-15 10:20:01,289 [om1@group-C5BA1605619E-LeaderElection151] INFO  impl.LeaderElection (LeaderElection.java:askForVotes(323)) - om1@group-C5BA1605619E-LeaderElection151 PRE_VOTE round 0: result PASSED (term=0)
2024-08-15 10:20:01,290 [main] INFO  http.BaseHttpServer (BaseHttpServer.java:newHttpServer2BuilderForOzone(223)) - Starting Web-server for hddsDatanode at: http://0.0.0.0:15628
2024-08-15 10:20:01,290 [main] INFO  http.BaseHttpServer (BaseHttpServer.java:<init>(110)) - Hadoop Security Enabled: false Ozone Security Enabled: false Ozone HTTP Security Enabled: false 
2024-08-15 10:20:01,291 [main] WARN  server.AuthenticationFilter (AuthenticationFilter.java:constructSecretProvider(240)) - Unable to initialize FileSignerSecretProvider, falling back to use random secrets. Reason: Could not read signature secret file: /home/runner/hadoop-http-auth-signature-secret
2024-08-15 10:20:01,291 [om1@group-C5BA1605619E-LeaderElection151] INFO  impl.LeaderElection (LeaderElection.java:askForVotes(321)) - om1@group-C5BA1605619E-LeaderElection151 ELECTION round 0: submit vote requests at term 1 for conf: {index: -1, cur=peers:[om1|localhost:15590]|listeners:[], old=null}
2024-08-15 10:20:01,292 [om1@group-C5BA1605619E-LeaderElection151] INFO  impl.LeaderElection (LeaderElection.java:askForVotes(323)) - om1@group-C5BA1605619E-LeaderElection151 ELECTION round 0: result PASSED (term=1)
2024-08-15 10:20:01,292 [om1@group-C5BA1605619E-LeaderElection151] INFO  impl.RoleInfo (RoleInfo.java:shutdownLeaderElection(139)) - om1: shutdown om1@group-C5BA1605619E-LeaderElection151
2024-08-15 10:20:01,292 [om1@group-C5BA1605619E-LeaderElection151] INFO  server.RaftServer$Division (RaftServerImpl.java:setRole(376)) - om1@group-C5BA1605619E: changes role from CANDIDATE to LEADER at term 1 for changeToLeader
2024-08-15 10:20:01,292 [om1@group-C5BA1605619E-LeaderElection151] INFO  server.RaftServerConfigKeys (ConfUtils.java:logGet(46)) - raft.server.staging.catchup.gap = 1000 (default)
2024-08-15 10:20:01,292 [om1@group-C5BA1605619E-LeaderElection151] INFO  server.RaftServerConfigKeys (ConfUtils.java:logGet(46)) - raft.server.write.element-limit = 4096 (default)
2024-08-15 10:20:01,292 [om1@group-C5BA1605619E-LeaderElection151] INFO  server.RaftServerConfigKeys (ConfUtils.java:logGet(46)) - raft.server.write.byte-limit = 64MB (=67108864) (default)
2024-08-15 10:20:01,292 [om1@group-C5BA1605619E-LeaderElection151] INFO  server.RaftServerConfigKeys (ConfUtils.java:logGet(46)) - raft.server.watch.timeout = 10s (default)
2024-08-15 10:20:01,292 [om1@group-C5BA1605619E-LeaderElection151] INFO  server.RaftServerConfigKeys (ConfUtils.java:logGet(46)) - raft.server.watch.timeout.denomination = 1s (default)
2024-08-15 10:20:01,292 [om1@group-C5BA1605619E-LeaderElection151] INFO  server.RaftServerConfigKeys (ConfUtils.java:logGet(46)) - raft.server.watch.element-limit = 65536 (default)
2024-08-15 10:20:01,292 [om1@group-C5BA1605619E-LeaderElection151] INFO  server.RaftServerConfigKeys (ConfUtils.java:logGet(46)) - raft.server.read.leader.lease.enabled = false (default)
2024-08-15 10:20:01,292 [om1@group-C5BA1605619E-LeaderElection151] INFO  server.RaftServerConfigKeys (ConfUtils.java:logGet(46)) - raft.server.read.leader.lease.timeout.ratio = 0.9 (default)
2024-08-15 10:20:01,292 [om1@group-C5BA1605619E-LeaderElection151] INFO  server.RaftServerConfigKeys (ConfUtils.java:logGet(46)) - raft.server.rpc.timeout.min = 1s (custom)
2024-08-15 10:20:01,292 [om1@group-C5BA1605619E-LeaderElection151] INFO  server.RaftServerConfigKeys (ConfUtils.java:logGet(46)) - raft.server.log.log-metadata.enabled = true (default)
2024-08-15 10:20:01,293 [om1@group-C5BA1605619E-LeaderElection151] INFO  server.RaftServerConfigKeys (ConfUtils.java:logGet(46)) - raft.server.write.element-limit = 4096 (default)
2024-08-15 10:20:01,293 [om1@group-C5BA1605619E-LeaderElection151] INFO  server.RaftServerConfigKeys (ConfUtils.java:logGet(46)) - raft.server.write.follower.gap.ratio.max = -1.0 (default)
2024-08-15 10:20:01,293 [om1@group-C5BA1605619E-LeaderElection151] INFO  impl.RoleInfo (RoleInfo.java:updateAndGet(148)) - om1: start om1@group-C5BA1605619E-LeaderStateImpl
2024-08-15 10:20:01,293 [om1@group-C5BA1605619E-LeaderElection151] INFO  server.RaftServer$Division (RaftServerImpl.java:setFirstElection(549)) - om1@group-C5BA1605619E: set firstElectionSinceStartup to false for becomeLeader
2024-08-15 10:20:01,293 [om1@group-C5BA1605619E-LeaderElection151] INFO  server.RaftServer$Division (ServerState.java:setLeader(272)) - om1@group-C5BA1605619E: change Leader from null to om1 at term 1 for becomeLeader, leader elected after 1375ms
2024-08-15 10:20:01,293 [om1@group-C5BA1605619E-LeaderElection151] INFO  segmented.SegmentedRaftLogWorker (SegmentedRaftLogWorker.java:startLogSegment(433)) - om1@group-C5BA1605619E-SegmentedRaftLogWorker: Starting segment from index:0
2024-08-15 10:20:01,293 [om1@group-C5BA1605619E-SegmentedRaftLogWorker] INFO  segmented.BufferedWriteChannel (BufferedWriteChannel.java:open(61)) - open log_inprogress_0 at position 0
2024-08-15 10:20:01,297 [main] INFO  http.HttpRequestLog (HttpRequestLog.java:getRequestLog(86)) - Http request log for http.requests.hddsDatanode is not defined
2024-08-15 10:20:01,298 [main] INFO  http.HttpServer2 (HttpServer2.java:addGlobalFilter(1035)) - Added global filter 'safety' (class=org.apache.hadoop.hdds.server.http.HttpServer2$QuotingInputFilter)
2024-08-15 10:20:01,299 [main] INFO  http.HttpServer2 (HttpServer2.java:addFilter(1011)) - Added filter static_user_filter (class=org.apache.hadoop.http.lib.StaticUserWebFilter$StaticUserFilter) to context hddsDatanode
2024-08-15 10:20:01,299 [main] INFO  http.HttpServer2 (HttpServer2.java:addFilter(1019)) - Added filter static_user_filter (class=org.apache.hadoop.http.lib.StaticUserWebFilter$StaticUserFilter) to context static
2024-08-15 10:20:01,299 [main] INFO  http.HttpServer2 (HttpServer2.java:addFilter(1019)) - Added filter static_user_filter (class=org.apache.hadoop.http.lib.StaticUserWebFilter$StaticUserFilter) to context logs
2024-08-15 10:20:01,299 [om1@group-C5BA1605619E-LeaderElection151] INFO  server.RaftServer$Division (ServerState.java:setRaftConf(386)) - om1@group-C5BA1605619E: set configuration conf: {index: 0, cur=peers:[om1|localhost:15590]|listeners:[], old=null}
2024-08-15 10:20:01,300 [main] INFO  http.BaseHttpServer (BaseHttpServer.java:<init>(189)) - HTTP server of hddsDatanode uses base directory /home/runner/work/ozone/ozone/hadoop-ozone/integration-test/target/test-dir/MiniOzoneClusterImpl-4fe7c5bf-ca33-4415-93e0-e252006dfa59/ozone-meta/datanode-5/meta/webserver
2024-08-15 10:20:01,301 [main] INFO  http.HttpServer2 (HttpServer2.java:bindListener(1235)) - Jetty bound to port 15628
2024-08-15 10:20:01,301 [main] INFO  server.Server (Server.java:doStart(375)) - jetty-9.4.55.v20240627; built: 2024-06-27T15:05:37.765Z; git: 70015831e5195ba74da6383c4ab7c90c56bb08af; jvm 17.0.12+7
2024-08-15 10:20:01,303 [om1@group-C5BA1605619E-SegmentedRaftLogWorker] INFO  segmented.SegmentedRaftLogWorker (SegmentedRaftLogWorker.java:execute(637)) - om1@group-C5BA1605619E-SegmentedRaftLogWorker: created new log segment /home/runner/work/ozone/ozone/hadoop-ozone/integration-test/target/test-dir/MiniOzoneClusterImpl-4fe7c5bf-ca33-4415-93e0-e252006dfa59/ozone-meta/ratis/bf265839-605b-3f16-9796-c5ba1605619e/current/log_inprogress_0
2024-08-15 10:20:01,304 [om1@group-C5BA1605619E-StateMachineUpdater] INFO  ratis.OzoneManagerStateMachine (OzoneManagerStateMachine.java:notifyConfigurationChanged(216)) - Received Configuration change notification from Ratis. New Peer list:
[id: "om1"
address: "localhost:15590"
startupRole: FOLLOWER
]
2024-08-15 10:20:01,305 [om1@group-C5BA1605619E-StateMachineUpdater] INFO  server.RaftServer$Division (LeaderStateImpl.java:checkStartIndex(316)) - Leader om1@group-C5BA1605619E-LeaderStateImpl is ready since appliedIndex == startIndex == 0
2024-08-15 10:20:01,305 [main] INFO  server.session (DefaultSessionIdManager.java:doStart(334)) - DefaultSessionIdManager workerName=node0
2024-08-15 10:20:01,305 [main] INFO  server.session (DefaultSessionIdManager.java:doStart(339)) - No SessionScavenger set, using defaults
2024-08-15 10:20:01,305 [main] INFO  server.session (HouseKeeper.java:startScavenging(132)) - node0 Scavenging every 600000ms
2024-08-15 10:20:01,306 [main] INFO  handler.ContextHandler (ContextHandler.java:doStart(921)) - Started o.e.j.s.ServletContextHandler@6e56bd6b{logs,/logs,file:///home/runner/work/ozone/ozone/hadoop-ozone/integration-test/target/log,AVAILABLE}
2024-08-15 10:20:01,306 [main] INFO  handler.ContextHandler (ContextHandler.java:doStart(921)) - Started o.e.j.s.ServletContextHandler@5f96536e{static,/static,jar:file:/home/runner/work/ozone/ozone/hadoop-hdds/container-service/target/hdds-container-service-1.5.0-SNAPSHOT.jar!/webapps/static,AVAILABLE}
2024-08-15 10:20:01,512 [main] INFO  handler.ContextHandler (ContextHandler.java:doStart(921)) - Started o.e.j.w.WebAppContext@6e7f420e{hddsDatanode,/,file:///home/runner/work/ozone/ozone/hadoop-ozone/integration-test/target/test-dir/MiniOzoneClusterImpl-4fe7c5bf-ca33-4415-93e0-e252006dfa59/ozone-meta/datanode-5/meta/webserver/jetty-0_0_0_0-15628-hdds-container-service-1_5_0-SNAPSHOT_jar-_-any-2763739346674999571/webapp/,AVAILABLE}{jar:file:/home/runner/work/ozone/ozone/hadoop-hdds/container-service/target/hdds-container-service-1.5.0-SNAPSHOT.jar!/webapps/hddsDatanode}
2024-08-15 10:20:01,513 [main] INFO  server.AbstractConnector (AbstractConnector.java:doStart(333)) - Started ServerConnector@4a25a1d{HTTP/1.1, (http/1.1)}{0.0.0.0:15628}
2024-08-15 10:20:01,513 [main] INFO  server.Server (Server.java:doStart(415)) - Started @565629ms
2024-08-15 10:20:01,513 [main] WARN  impl.MetricsSystemImpl (MetricsSystemImpl.java:register(279)) - Sink prometheus already exists!
2024-08-15 10:20:01,514 [main] INFO  http.BaseHttpServer (BaseHttpServer.java:updateConnectorAddress(354)) - HTTP server of hddsDatanode listening at http://0.0.0.0:15628
2024-08-15 10:20:01,514 [main] INFO  ipc.CallQueueManager (CallQueueManager.java:<init>(90)) - Using callQueue: class java.util.concurrent.LinkedBlockingQueue, queueCapacity: 1000, scheduler: class org.apache.hadoop.ipc.DefaultRpcScheduler, ipcBackoff: false.
2024-08-15 10:20:01,515 [main] INFO  ipc.Server (Server.java:<init>(1287)) - Listener at 0.0.0.0:15629
2024-08-15 10:20:01,518 [Socket Reader #1 for port 15629] INFO  ipc.Server (Server.java:run(1323)) - Starting Socket Reader #1 for port 15629
2024-08-15 10:20:01,518 [Socket Reader #2 for port 15629] INFO  ipc.Server (Server.java:run(1323)) - Starting Socket Reader #2 for port 15629
2024-08-15 10:20:01,519 [Socket Reader #3 for port 15629] INFO  ipc.Server (Server.java:run(1323)) - Starting Socket Reader #3 for port 15629
2024-08-15 10:20:01,519 [Socket Reader #4 for port 15629] INFO  ipc.Server (Server.java:run(1323)) - Starting Socket Reader #4 for port 15629
2024-08-15 10:20:01,519 [Socket Reader #5 for port 15629] INFO  ipc.Server (Server.java:run(1323)) - Starting Socket Reader #5 for port 15629
2024-08-15 10:20:01,520 [Socket Reader #6 for port 15629] INFO  ipc.Server (Server.java:run(1323)) - Starting Socket Reader #6 for port 15629
2024-08-15 10:20:01,521 [Socket Reader #8 for port 15629] INFO  ipc.Server (Server.java:run(1323)) - Starting Socket Reader #8 for port 15629
2024-08-15 10:20:01,521 [Socket Reader #7 for port 15629] INFO  ipc.Server (Server.java:run(1323)) - Starting Socket Reader #7 for port 15629
2024-08-15 10:20:01,521 [Socket Reader #9 for port 15629] INFO  ipc.Server (Server.java:run(1323)) - Starting Socket Reader #9 for port 15629
2024-08-15 10:20:01,521 [Socket Reader #10 for port 15629] INFO  ipc.Server (Server.java:run(1323)) - Starting Socket Reader #10 for port 15629
2024-08-15 10:20:01,523 [main] INFO  ozone.HddsDatanodeService (HddsDatanodeService.java:start(319)) - Datanode start with admins: [runner]
2024-08-15 10:20:01,523 [main] INFO  ozone.HddsDatanodeClientProtocolServer (HddsDatanodeClientProtocolServer.java:start(79)) - RPC server for Client /0.0.0.0:15629
2024-08-15 10:20:01,523 [IPC Server Responder] INFO  ipc.Server (Server.java:run(1562)) - IPC Server Responder: starting
2024-08-15 10:20:01,523 [IPC Server listener on 15629] INFO  ipc.Server (Server.java:run(1402)) - IPC Server listener on 15629: starting
2024-08-15 10:20:01,527 [main] INFO  ozone.MiniOzoneClusterImpl (MiniOzoneClusterImpl.java:lambda$waitForClusterToBeReady$0(198)) - Waiting for nodes to be ready. Got 0 of 5 DN Heartbeats.
2024-08-15 10:20:01,527 [main] INFO  ozone.MiniOzoneClusterImpl (MiniOzoneClusterImpl.java:lambda$waitForClusterToBeReady$0(201)) - Waiting for cluster to exit safe mode
2024-08-15 10:20:01,527 [main] INFO  ozone.MiniOzoneClusterImpl (MiniOzoneClusterImpl.java:lambda$waitForClusterToBeReady$0(203)) - SCM became leader
2024-08-15 10:20:01,529 [10717ad5-80cb-4143-95b1-142859a756e7-DatanodeStateMachineDaemonThread] INFO  statemachine.DatanodeStateMachine (DatanodeStateMachine.java:startStateMachineThread(338)) - Ozone container server started.
2024-08-15 10:20:01,530 [10717ad5-80cb-4143-95b1-142859a756e7-DatanodeStateMachineTaskThread-0] INFO  datanode.InitDatanodeState (InitDatanodeState.java:persistContainerDatanodeDetails(139)) - DatanodeDetails is persisted to /home/runner/work/ozone/ozone/hadoop-ozone/integration-test/target/test-dir/MiniOzoneClusterImpl-4fe7c5bf-ca33-4415-93e0-e252006dfa59/ozone-meta/datanode-5/meta/datanode.id
2024-08-15 10:20:02,527 [main] INFO  ozone.MiniOzoneClusterImpl (MiniOzoneClusterImpl.java:lambda$waitForClusterToBeReady$0(198)) - Waiting for nodes to be ready. Got 0 of 5 DN Heartbeats.
2024-08-15 10:20:02,527 [main] INFO  ozone.MiniOzoneClusterImpl (MiniOzoneClusterImpl.java:lambda$waitForClusterToBeReady$0(201)) - Waiting for cluster to exit safe mode
2024-08-15 10:20:02,527 [main] INFO  ozone.MiniOzoneClusterImpl (MiniOzoneClusterImpl.java:lambda$waitForClusterToBeReady$0(203)) - SCM became leader
2024-08-15 10:20:02,565 [2c076085-4a54-4643-8427-8625b9ee6dbf-EndpointStateMachineTaskThread-/0.0.0.0:15585-0 ] INFO  utils.DatanodeStoreCache (DatanodeStoreCache.java:addDB(72)) - Added db /home/runner/work/ozone/ozone/hadoop-ozone/integration-test/target/test-dir/MiniOzoneClusterImpl-4fe7c5bf-ca33-4415-93e0-e252006dfa59/ozone-meta/datanode-1/data-0/hdds/4fe7c5bf-ca33-4415-93e0-e252006dfa59/DS-f1a1720a-70ec-4b89-83e2-39f7e9d52a02/container.db to cache
2024-08-15 10:20:02,565 [2c076085-4a54-4643-8427-8625b9ee6dbf-EndpointStateMachineTaskThread-/0.0.0.0:15585-0 ] INFO  volume.HddsVolume (HddsVolume.java:createDbStore(429)) - SchemaV3 db is created and loaded at /home/runner/work/ozone/ozone/hadoop-ozone/integration-test/target/test-dir/MiniOzoneClusterImpl-4fe7c5bf-ca33-4415-93e0-e252006dfa59/ozone-meta/datanode-1/data-0/hdds/4fe7c5bf-ca33-4415-93e0-e252006dfa59/DS-f1a1720a-70ec-4b89-83e2-39f7e9d52a02/container.db for volume DS-f1a1720a-70ec-4b89-83e2-39f7e9d52a02
2024-08-15 10:20:02,566 [2c076085-4a54-4643-8427-8625b9ee6dbf-ContainerReader-0] INFO  ozoneimpl.ContainerReader (ContainerReader.java:readVolume(148)) - Start to verify containers on volume /home/runner/work/ozone/ozone/hadoop-ozone/integration-test/target/test-dir/MiniOzoneClusterImpl-4fe7c5bf-ca33-4415-93e0-e252006dfa59/ozone-meta/datanode-1/data-0/hdds
2024-08-15 10:20:02,566 [2c076085-4a54-4643-8427-8625b9ee6dbf-ContainerReader-0] INFO  ozoneimpl.ContainerReader (ContainerReader.java:readVolume(178)) - Finish verifying containers on volume /home/runner/work/ozone/ozone/hadoop-ozone/integration-test/target/test-dir/MiniOzoneClusterImpl-4fe7c5bf-ca33-4415-93e0-e252006dfa59/ozone-meta/datanode-1/data-0/hdds
2024-08-15 10:20:02,566 [2c076085-4a54-4643-8427-8625b9ee6dbf-EndpointStateMachineTaskThread-/0.0.0.0:15585-0 ] INFO  ozoneimpl.OzoneContainer (OzoneContainer.java:buildContainerSet(344)) - Build ContainerSet costs 0s
2024-08-15 10:20:02,567 [2c076085-4a54-4643-8427-8625b9ee6dbf-EndpointStateMachineTaskThread-/0.0.0.0:15585-0 ] INFO  volume.ThrottledAsyncChecker (ThrottledAsyncChecker.java:schedule(141)) - Scheduling a check for /home/runner/work/ozone/ozone/hadoop-ozone/integration-test/target/test-dir/MiniOzoneClusterImpl-4fe7c5bf-ca33-4415-93e0-e252006dfa59/ozone-meta/datanode-1/data-0/hdds
2024-08-15 10:20:02,567 [2c076085-4a54-4643-8427-8625b9ee6dbf-EndpointStateMachineTaskThread-/0.0.0.0:15585-0 ] INFO  volume.StorageVolumeChecker (StorageVolumeChecker.java:checkAllVolumes(218)) - Scheduled health check for volume /home/runner/work/ozone/ozone/hadoop-ozone/integration-test/target/test-dir/MiniOzoneClusterImpl-4fe7c5bf-ca33-4415-93e0-e252006dfa59/ozone-meta/datanode-1/data-0/hdds
2024-08-15 10:20:02,568 [2c076085-4a54-4643-8427-8625b9ee6dbf-EndpointStateMachineTaskThread-/0.0.0.0:15585-0 ] INFO  volume.ThrottledAsyncChecker (ThrottledAsyncChecker.java:schedule(141)) - Scheduling a check for /home/runner/work/ozone/ozone/hadoop-ozone/integration-test/target/test-dir/MiniOzoneClusterImpl-4fe7c5bf-ca33-4415-93e0-e252006dfa59/ozone-meta/datanode-1/ratis
2024-08-15 10:20:02,568 [2c076085-4a54-4643-8427-8625b9ee6dbf-EndpointStateMachineTaskThread-/0.0.0.0:15585-0 ] INFO  volume.StorageVolumeChecker (StorageVolumeChecker.java:checkAllVolumes(218)) - Scheduled health check for volume /home/runner/work/ozone/ozone/hadoop-ozone/integration-test/target/test-dir/MiniOzoneClusterImpl-4fe7c5bf-ca33-4415-93e0-e252006dfa59/ozone-meta/datanode-1/ratis
2024-08-15 10:20:02,569 [2c076085-4a54-4643-8427-8625b9ee6dbf-EndpointStateMachineTaskThread-/0.0.0.0:15585-0 ] INFO  ozoneimpl.OzoneContainer (OzoneContainer.java:start(475)) - Attempting to start container services.
2024-08-15 10:20:02,569 [2c076085-4a54-4643-8427-8625b9ee6dbf-EndpointStateMachineTaskThread-/0.0.0.0:15585-0 ] WARN  ozoneimpl.OnDemandContainerDataScanner (OnDemandContainerDataScanner.java:init(75)) - Trying to initialize on demand scanner a second time on a datanode.
2024-08-15 10:20:02,569 [ContainerMetadataScanner] INFO  ozoneimpl.AbstractBackgroundContainerScanner (AbstractBackgroundContainerScanner.java:runIteration(87)) - Completed an iteration in 0 minutes. Number of iterations (since the data-node restart) : 1, Number of containers scanned in this iteration : 0, Number of unhealthy containers found in this iteration : 0
2024-08-15 10:20:02,570 [2c076085-4a54-4643-8427-8625b9ee6dbf-EndpointStateMachineTaskThread-/0.0.0.0:15585-0 ] INFO  replication.ReplicationServer (ReplicationServer.java:start(140)) - ReplicationServer is started using port 15599
2024-08-15 10:20:02,570 [2c076085-4a54-4643-8427-8625b9ee6dbf-EndpointStateMachineTaskThread-/0.0.0.0:15585-0 ] INFO  ratis.XceiverServerRatis (XceiverServerRatis.java:start(562)) - Starting XceiverServerRatis 2c076085-4a54-4643-8427-8625b9ee6dbf
2024-08-15 10:20:02,570 [ContainerDataScanner(/home/runner/work/ozone/ozone/hadoop-ozone/integration-test/target/test-dir/MiniOzoneClusterImpl-4fe7c5bf-ca33-4415-93e0-e252006dfa59/ozone-meta/datanode-1/data-0/hdds)] INFO  ozoneimpl.AbstractBackgroundContainerScanner (AbstractBackgroundContainerScanner.java:runIteration(87)) - Completed an iteration in 0 minutes. Number of iterations (since the data-node restart) : 1, Number of containers scanned in this iteration : 0, Number of unhealthy containers found in this iteration : 0
2024-08-15 10:20:02,571 [2c076085-4a54-4643-8427-8625b9ee6dbf-EndpointStateMachineTaskThread-/0.0.0.0:15585-0 ] INFO  server.RaftServer (RaftServerProxy.java:startImpl(408)) - 2c076085-4a54-4643-8427-8625b9ee6dbf: start RPC server
2024-08-15 10:20:02,571 [2c076085-4a54-4643-8427-8625b9ee6dbf-EndpointStateMachineTaskThread-/0.0.0.0:15585-0 ] INFO  server.GrpcService (GrpcService.java:startImpl(302)) - 2c076085-4a54-4643-8427-8625b9ee6dbf: GrpcService started, listening on 15595
2024-08-15 10:20:02,571 [2c076085-4a54-4643-8427-8625b9ee6dbf-EndpointStateMachineTaskThread-/0.0.0.0:15585-0 ] INFO  ratis.XceiverServerRatis (XceiverServerRatis.java:getRealPort(588)) - XceiverServerRatis 2c076085-4a54-4643-8427-8625b9ee6dbf is started using port 15595 for RATIS
2024-08-15 10:20:02,571 [JvmPauseMonitor83] INFO  util.JvmPauseMonitor (JvmPauseMonitor.java:run(146)) - JvmPauseMonitor-2c076085-4a54-4643-8427-8625b9ee6dbf: Started
2024-08-15 10:20:02,571 [2c076085-4a54-4643-8427-8625b9ee6dbf-EndpointStateMachineTaskThread-/0.0.0.0:15585-0 ] INFO  ratis.XceiverServerRatis (XceiverServerRatis.java:getRealPort(588)) - XceiverServerRatis 2c076085-4a54-4643-8427-8625b9ee6dbf is started using port 15595 for RATIS_ADMIN
2024-08-15 10:20:02,572 [2c076085-4a54-4643-8427-8625b9ee6dbf-EndpointStateMachineTaskThread-/0.0.0.0:15585-0 ] INFO  ratis.XceiverServerRatis (XceiverServerRatis.java:getRealPort(588)) - XceiverServerRatis 2c076085-4a54-4643-8427-8625b9ee6dbf is started using port 15595 for RATIS_SERVER
2024-08-15 10:20:02,572 [2c076085-4a54-4643-8427-8625b9ee6dbf-EndpointStateMachineTaskThread-/0.0.0.0:15585-0 ] INFO  ratis.XceiverServerRatis (XceiverServerRatis.java:getRealPort(588)) - XceiverServerRatis 2c076085-4a54-4643-8427-8625b9ee6dbf is started using port 15598 for RATIS_DATASTREAM
2024-08-15 10:20:02,572 [2c076085-4a54-4643-8427-8625b9ee6dbf-BlockDeletingService#0] INFO  interfaces.ContainerDeletionChoosingPolicyTemplate (ContainerDeletionChoosingPolicyTemplate.java:chooseContainerForBlockDeletion(85)) - Chosen 0/5000 blocks from 0 candidate containers.
2024-08-15 10:20:02,799 [0825ce75-4a52-449f-9036-c8a968d40eda-EndpointStateMachineTaskThread-/0.0.0.0:15585-0 ] INFO  utils.DatanodeStoreCache (DatanodeStoreCache.java:addDB(72)) - Added db /home/runner/work/ozone/ozone/hadoop-ozone/integration-test/target/test-dir/MiniOzoneClusterImpl-4fe7c5bf-ca33-4415-93e0-e252006dfa59/ozone-meta/datanode-2/data-0/hdds/4fe7c5bf-ca33-4415-93e0-e252006dfa59/DS-19091d18-890d-44fb-9293-9c5029822160/container.db to cache
2024-08-15 10:20:02,799 [0825ce75-4a52-449f-9036-c8a968d40eda-EndpointStateMachineTaskThread-/0.0.0.0:15585-0 ] INFO  volume.HddsVolume (HddsVolume.java:createDbStore(429)) - SchemaV3 db is created and loaded at /home/runner/work/ozone/ozone/hadoop-ozone/integration-test/target/test-dir/MiniOzoneClusterImpl-4fe7c5bf-ca33-4415-93e0-e252006dfa59/ozone-meta/datanode-2/data-0/hdds/4fe7c5bf-ca33-4415-93e0-e252006dfa59/DS-19091d18-890d-44fb-9293-9c5029822160/container.db for volume DS-19091d18-890d-44fb-9293-9c5029822160
2024-08-15 10:20:02,800 [0825ce75-4a52-449f-9036-c8a968d40eda-ContainerReader-0] INFO  ozoneimpl.ContainerReader (ContainerReader.java:readVolume(148)) - Start to verify containers on volume /home/runner/work/ozone/ozone/hadoop-ozone/integration-test/target/test-dir/MiniOzoneClusterImpl-4fe7c5bf-ca33-4415-93e0-e252006dfa59/ozone-meta/datanode-2/data-0/hdds
2024-08-15 10:20:02,800 [0825ce75-4a52-449f-9036-c8a968d40eda-ContainerReader-0] INFO  ozoneimpl.ContainerReader (ContainerReader.java:readVolume(178)) - Finish verifying containers on volume /home/runner/work/ozone/ozone/hadoop-ozone/integration-test/target/test-dir/MiniOzoneClusterImpl-4fe7c5bf-ca33-4415-93e0-e252006dfa59/ozone-meta/datanode-2/data-0/hdds
2024-08-15 10:20:02,801 [0825ce75-4a52-449f-9036-c8a968d40eda-EndpointStateMachineTaskThread-/0.0.0.0:15585-0 ] INFO  ozoneimpl.OzoneContainer (OzoneContainer.java:buildContainerSet(344)) - Build ContainerSet costs 0s
2024-08-15 10:20:02,801 [0825ce75-4a52-449f-9036-c8a968d40eda-EndpointStateMachineTaskThread-/0.0.0.0:15585-0 ] INFO  volume.ThrottledAsyncChecker (ThrottledAsyncChecker.java:schedule(141)) - Scheduling a check for /home/runner/work/ozone/ozone/hadoop-ozone/integration-test/target/test-dir/MiniOzoneClusterImpl-4fe7c5bf-ca33-4415-93e0-e252006dfa59/ozone-meta/datanode-2/data-0/hdds
2024-08-15 10:20:02,809 [0825ce75-4a52-449f-9036-c8a968d40eda-EndpointStateMachineTaskThread-/0.0.0.0:15585-0 ] INFO  volume.StorageVolumeChecker (StorageVolumeChecker.java:checkAllVolumes(218)) - Scheduled health check for volume /home/runner/work/ozone/ozone/hadoop-ozone/integration-test/target/test-dir/MiniOzoneClusterImpl-4fe7c5bf-ca33-4415-93e0-e252006dfa59/ozone-meta/datanode-2/data-0/hdds
2024-08-15 10:20:02,809 [0825ce75-4a52-449f-9036-c8a968d40eda-EndpointStateMachineTaskThread-/0.0.0.0:15585-0 ] INFO  volume.ThrottledAsyncChecker (ThrottledAsyncChecker.java:schedule(141)) - Scheduling a check for /home/runner/work/ozone/ozone/hadoop-ozone/integration-test/target/test-dir/MiniOzoneClusterImpl-4fe7c5bf-ca33-4415-93e0-e252006dfa59/ozone-meta/datanode-2/ratis
2024-08-15 10:20:02,809 [0825ce75-4a52-449f-9036-c8a968d40eda-EndpointStateMachineTaskThread-/0.0.0.0:15585-0 ] INFO  volume.StorageVolumeChecker (StorageVolumeChecker.java:checkAllVolumes(218)) - Scheduled health check for volume /home/runner/work/ozone/ozone/hadoop-ozone/integration-test/target/test-dir/MiniOzoneClusterImpl-4fe7c5bf-ca33-4415-93e0-e252006dfa59/ozone-meta/datanode-2/ratis
2024-08-15 10:20:02,811 [0825ce75-4a52-449f-9036-c8a968d40eda-EndpointStateMachineTaskThread-/0.0.0.0:15585-0 ] INFO  ozoneimpl.OzoneContainer (OzoneContainer.java:start(475)) - Attempting to start container services.
2024-08-15 10:20:02,811 [0825ce75-4a52-449f-9036-c8a968d40eda-EndpointStateMachineTaskThread-/0.0.0.0:15585-0 ] WARN  ozoneimpl.OnDemandContainerDataScanner (OnDemandContainerDataScanner.java:init(75)) - Trying to initialize on demand scanner a second time on a datanode.
2024-08-15 10:20:02,812 [ContainerMetadataScanner] INFO  ozoneimpl.AbstractBackgroundContainerScanner (AbstractBackgroundContainerScanner.java:runIteration(87)) - Completed an iteration in 0 minutes. Number of iterations (since the data-node restart) : 1, Number of containers scanned in this iteration : 0, Number of unhealthy containers found in this iteration : 0
2024-08-15 10:20:02,813 [0825ce75-4a52-449f-9036-c8a968d40eda-EndpointStateMachineTaskThread-/0.0.0.0:15585-0 ] INFO  replication.ReplicationServer (ReplicationServer.java:start(140)) - ReplicationServer is started using port 15608
2024-08-15 10:20:02,813 [ContainerDataScanner(/home/runner/work/ozone/ozone/hadoop-ozone/integration-test/target/test-dir/MiniOzoneClusterImpl-4fe7c5bf-ca33-4415-93e0-e252006dfa59/ozone-meta/datanode-2/data-0/hdds)] INFO  ozoneimpl.AbstractBackgroundContainerScanner (AbstractBackgroundContainerScanner.java:runIteration(87)) - Completed an iteration in 0 minutes. Number of iterations (since the data-node restart) : 1, Number of containers scanned in this iteration : 0, Number of unhealthy containers found in this iteration : 0
2024-08-15 10:20:02,813 [0825ce75-4a52-449f-9036-c8a968d40eda-EndpointStateMachineTaskThread-/0.0.0.0:15585-0 ] INFO  ratis.XceiverServerRatis (XceiverServerRatis.java:start(562)) - Starting XceiverServerRatis 0825ce75-4a52-449f-9036-c8a968d40eda
2024-08-15 10:20:02,821 [0825ce75-4a52-449f-9036-c8a968d40eda-EndpointStateMachineTaskThread-/0.0.0.0:15585-0 ] INFO  server.RaftServer (RaftServerProxy.java:startImpl(408)) - 0825ce75-4a52-449f-9036-c8a968d40eda: start RPC server
2024-08-15 10:20:02,822 [0825ce75-4a52-449f-9036-c8a968d40eda-EndpointStateMachineTaskThread-/0.0.0.0:15585-0 ] INFO  server.GrpcService (GrpcService.java:startImpl(302)) - 0825ce75-4a52-449f-9036-c8a968d40eda: GrpcService started, listening on 15604
2024-08-15 10:20:02,825 [0825ce75-4a52-449f-9036-c8a968d40eda-EndpointStateMachineTaskThread-/0.0.0.0:15585-0 ] INFO  ratis.XceiverServerRatis (XceiverServerRatis.java:getRealPort(588)) - XceiverServerRatis 0825ce75-4a52-449f-9036-c8a968d40eda is started using port 15604 for RATIS
2024-08-15 10:20:02,825 [0825ce75-4a52-449f-9036-c8a968d40eda-EndpointStateMachineTaskThread-/0.0.0.0:15585-0 ] INFO  ratis.XceiverServerRatis (XceiverServerRatis.java:getRealPort(588)) - XceiverServerRatis 0825ce75-4a52-449f-9036-c8a968d40eda is started using port 15604 for RATIS_ADMIN
2024-08-15 10:20:02,825 [0825ce75-4a52-449f-9036-c8a968d40eda-EndpointStateMachineTaskThread-/0.0.0.0:15585-0 ] INFO  ratis.XceiverServerRatis (XceiverServerRatis.java:getRealPort(588)) - XceiverServerRatis 0825ce75-4a52-449f-9036-c8a968d40eda is started using port 15604 for RATIS_SERVER
2024-08-15 10:20:02,825 [0825ce75-4a52-449f-9036-c8a968d40eda-EndpointStateMachineTaskThread-/0.0.0.0:15585-0 ] INFO  ratis.XceiverServerRatis (XceiverServerRatis.java:getRealPort(588)) - XceiverServerRatis 0825ce75-4a52-449f-9036-c8a968d40eda is started using port 15607 for RATIS_DATASTREAM
2024-08-15 10:20:02,826 [JvmPauseMonitor84] INFO  util.JvmPauseMonitor (JvmPauseMonitor.java:run(146)) - JvmPauseMonitor-0825ce75-4a52-449f-9036-c8a968d40eda: Started
2024-08-15 10:20:02,834 [0825ce75-4a52-449f-9036-c8a968d40eda-BlockDeletingService#0] INFO  interfaces.ContainerDeletionChoosingPolicyTemplate (ContainerDeletionChoosingPolicyTemplate.java:chooseContainerForBlockDeletion(85)) - Chosen 0/5000 blocks from 0 candidate containers.
2024-08-15 10:20:03,048 [298890a6-3c3b-4de0-a9db-67f24322077e-EndpointStateMachineTaskThread-/0.0.0.0:15585-0 ] INFO  utils.DatanodeStoreCache (DatanodeStoreCache.java:addDB(72)) - Added db /home/runner/work/ozone/ozone/hadoop-ozone/integration-test/target/test-dir/MiniOzoneClusterImpl-4fe7c5bf-ca33-4415-93e0-e252006dfa59/ozone-meta/datanode-3/data-0/hdds/4fe7c5bf-ca33-4415-93e0-e252006dfa59/DS-74e32081-6a33-4c1f-972a-0ba13d7038c2/container.db to cache
2024-08-15 10:20:03,057 [298890a6-3c3b-4de0-a9db-67f24322077e-EndpointStateMachineTaskThread-/0.0.0.0:15585-0 ] INFO  volume.HddsVolume (HddsVolume.java:createDbStore(429)) - SchemaV3 db is created and loaded at /home/runner/work/ozone/ozone/hadoop-ozone/integration-test/target/test-dir/MiniOzoneClusterImpl-4fe7c5bf-ca33-4415-93e0-e252006dfa59/ozone-meta/datanode-3/data-0/hdds/4fe7c5bf-ca33-4415-93e0-e252006dfa59/DS-74e32081-6a33-4c1f-972a-0ba13d7038c2/container.db for volume DS-74e32081-6a33-4c1f-972a-0ba13d7038c2
2024-08-15 10:20:03,060 [298890a6-3c3b-4de0-a9db-67f24322077e-ContainerReader-0] INFO  ozoneimpl.ContainerReader (ContainerReader.java:readVolume(148)) - Start to verify containers on volume /home/runner/work/ozone/ozone/hadoop-ozone/integration-test/target/test-dir/MiniOzoneClusterImpl-4fe7c5bf-ca33-4415-93e0-e252006dfa59/ozone-meta/datanode-3/data-0/hdds
2024-08-15 10:20:03,060 [298890a6-3c3b-4de0-a9db-67f24322077e-ContainerReader-0] INFO  ozoneimpl.ContainerReader (ContainerReader.java:readVolume(178)) - Finish verifying containers on volume /home/runner/work/ozone/ozone/hadoop-ozone/integration-test/target/test-dir/MiniOzoneClusterImpl-4fe7c5bf-ca33-4415-93e0-e252006dfa59/ozone-meta/datanode-3/data-0/hdds
2024-08-15 10:20:03,060 [298890a6-3c3b-4de0-a9db-67f24322077e-EndpointStateMachineTaskThread-/0.0.0.0:15585-0 ] INFO  ozoneimpl.OzoneContainer (OzoneContainer.java:buildContainerSet(344)) - Build ContainerSet costs 0s
2024-08-15 10:20:03,060 [298890a6-3c3b-4de0-a9db-67f24322077e-EndpointStateMachineTaskThread-/0.0.0.0:15585-0 ] INFO  volume.ThrottledAsyncChecker (ThrottledAsyncChecker.java:schedule(141)) - Scheduling a check for /home/runner/work/ozone/ozone/hadoop-ozone/integration-test/target/test-dir/MiniOzoneClusterImpl-4fe7c5bf-ca33-4415-93e0-e252006dfa59/ozone-meta/datanode-3/data-0/hdds
2024-08-15 10:20:03,061 [298890a6-3c3b-4de0-a9db-67f24322077e-EndpointStateMachineTaskThread-/0.0.0.0:15585-0 ] INFO  volume.StorageVolumeChecker (StorageVolumeChecker.java:checkAllVolumes(218)) - Scheduled health check for volume /home/runner/work/ozone/ozone/hadoop-ozone/integration-test/target/test-dir/MiniOzoneClusterImpl-4fe7c5bf-ca33-4415-93e0-e252006dfa59/ozone-meta/datanode-3/data-0/hdds
2024-08-15 10:20:03,062 [298890a6-3c3b-4de0-a9db-67f24322077e-EndpointStateMachineTaskThread-/0.0.0.0:15585-0 ] INFO  volume.ThrottledAsyncChecker (ThrottledAsyncChecker.java:schedule(141)) - Scheduling a check for /home/runner/work/ozone/ozone/hadoop-ozone/integration-test/target/test-dir/MiniOzoneClusterImpl-4fe7c5bf-ca33-4415-93e0-e252006dfa59/ozone-meta/datanode-3/ratis
2024-08-15 10:20:03,062 [298890a6-3c3b-4de0-a9db-67f24322077e-EndpointStateMachineTaskThread-/0.0.0.0:15585-0 ] INFO  volume.StorageVolumeChecker (StorageVolumeChecker.java:checkAllVolumes(218)) - Scheduled health check for volume /home/runner/work/ozone/ozone/hadoop-ozone/integration-test/target/test-dir/MiniOzoneClusterImpl-4fe7c5bf-ca33-4415-93e0-e252006dfa59/ozone-meta/datanode-3/ratis
2024-08-15 10:20:03,063 [298890a6-3c3b-4de0-a9db-67f24322077e-EndpointStateMachineTaskThread-/0.0.0.0:15585-0 ] INFO  ozoneimpl.OzoneContainer (OzoneContainer.java:start(475)) - Attempting to start container services.
2024-08-15 10:20:03,063 [298890a6-3c3b-4de0-a9db-67f24322077e-EndpointStateMachineTaskThread-/0.0.0.0:15585-0 ] WARN  ozoneimpl.OnDemandContainerDataScanner (OnDemandContainerDataScanner.java:init(75)) - Trying to initialize on demand scanner a second time on a datanode.
2024-08-15 10:20:03,063 [ContainerMetadataScanner] INFO  ozoneimpl.AbstractBackgroundContainerScanner (AbstractBackgroundContainerScanner.java:runIteration(87)) - Completed an iteration in 0 minutes. Number of iterations (since the data-node restart) : 1, Number of containers scanned in this iteration : 0, Number of unhealthy containers found in this iteration : 0
2024-08-15 10:20:03,064 [ContainerDataScanner(/home/runner/work/ozone/ozone/hadoop-ozone/integration-test/target/test-dir/MiniOzoneClusterImpl-4fe7c5bf-ca33-4415-93e0-e252006dfa59/ozone-meta/datanode-3/data-0/hdds)] INFO  ozoneimpl.AbstractBackgroundContainerScanner (AbstractBackgroundContainerScanner.java:runIteration(87)) - Completed an iteration in 0 minutes. Number of iterations (since the data-node restart) : 1, Number of containers scanned in this iteration : 0, Number of unhealthy containers found in this iteration : 0
2024-08-15 10:20:03,064 [298890a6-3c3b-4de0-a9db-67f24322077e-EndpointStateMachineTaskThread-/0.0.0.0:15585-0 ] INFO  replication.ReplicationServer (ReplicationServer.java:start(140)) - ReplicationServer is started using port 15617
2024-08-15 10:20:03,064 [298890a6-3c3b-4de0-a9db-67f24322077e-EndpointStateMachineTaskThread-/0.0.0.0:15585-0 ] INFO  ratis.XceiverServerRatis (XceiverServerRatis.java:start(562)) - Starting XceiverServerRatis 298890a6-3c3b-4de0-a9db-67f24322077e
2024-08-15 10:20:03,065 [298890a6-3c3b-4de0-a9db-67f24322077e-EndpointStateMachineTaskThread-/0.0.0.0:15585-0 ] INFO  server.RaftServer (RaftServerProxy.java:startImpl(408)) - 298890a6-3c3b-4de0-a9db-67f24322077e: start RPC server
2024-08-15 10:20:03,065 [298890a6-3c3b-4de0-a9db-67f24322077e-EndpointStateMachineTaskThread-/0.0.0.0:15585-0 ] INFO  server.GrpcService (GrpcService.java:startImpl(302)) - 298890a6-3c3b-4de0-a9db-67f24322077e: GrpcService started, listening on 15613
2024-08-15 10:20:03,066 [298890a6-3c3b-4de0-a9db-67f24322077e-EndpointStateMachineTaskThread-/0.0.0.0:15585-0 ] INFO  ratis.XceiverServerRatis (XceiverServerRatis.java:getRealPort(588)) - XceiverServerRatis 298890a6-3c3b-4de0-a9db-67f24322077e is started using port 15613 for RATIS
2024-08-15 10:20:03,066 [JvmPauseMonitor85] INFO  util.JvmPauseMonitor (JvmPauseMonitor.java:run(146)) - JvmPauseMonitor-298890a6-3c3b-4de0-a9db-67f24322077e: Started
2024-08-15 10:20:03,066 [298890a6-3c3b-4de0-a9db-67f24322077e-EndpointStateMachineTaskThread-/0.0.0.0:15585-0 ] INFO  ratis.XceiverServerRatis (XceiverServerRatis.java:getRealPort(588)) - XceiverServerRatis 298890a6-3c3b-4de0-a9db-67f24322077e is started using port 15613 for RATIS_ADMIN
2024-08-15 10:20:03,066 [298890a6-3c3b-4de0-a9db-67f24322077e-EndpointStateMachineTaskThread-/0.0.0.0:15585-0 ] INFO  ratis.XceiverServerRatis (XceiverServerRatis.java:getRealPort(588)) - XceiverServerRatis 298890a6-3c3b-4de0-a9db-67f24322077e is started using port 15613 for RATIS_SERVER
2024-08-15 10:20:03,066 [298890a6-3c3b-4de0-a9db-67f24322077e-EndpointStateMachineTaskThread-/0.0.0.0:15585-0 ] INFO  ratis.XceiverServerRatis (XceiverServerRatis.java:getRealPort(588)) - XceiverServerRatis 298890a6-3c3b-4de0-a9db-67f24322077e is started using port 15616 for RATIS_DATASTREAM
2024-08-15 10:20:03,067 [298890a6-3c3b-4de0-a9db-67f24322077e-BlockDeletingService#0] INFO  interfaces.ContainerDeletionChoosingPolicyTemplate (ContainerDeletionChoosingPolicyTemplate.java:chooseContainerForBlockDeletion(85)) - Chosen 0/5000 blocks from 0 candidate containers.
2024-08-15 10:20:03,290 [8f188c33-4f5f-4a65-885f-fdffcccac76b-EndpointStateMachineTaskThread-/0.0.0.0:15585-0 ] INFO  utils.DatanodeStoreCache (DatanodeStoreCache.java:addDB(72)) - Added db /home/runner/work/ozone/ozone/hadoop-ozone/integration-test/target/test-dir/MiniOzoneClusterImpl-4fe7c5bf-ca33-4415-93e0-e252006dfa59/ozone-meta/datanode-4/data-0/hdds/4fe7c5bf-ca33-4415-93e0-e252006dfa59/DS-f1b9f6db-40c9-40ff-add2-3dda4c96176f/container.db to cache
2024-08-15 10:20:03,291 [8f188c33-4f5f-4a65-885f-fdffcccac76b-EndpointStateMachineTaskThread-/0.0.0.0:15585-0 ] INFO  volume.HddsVolume (HddsVolume.java:createDbStore(429)) - SchemaV3 db is created and loaded at /home/runner/work/ozone/ozone/hadoop-ozone/integration-test/target/test-dir/MiniOzoneClusterImpl-4fe7c5bf-ca33-4415-93e0-e252006dfa59/ozone-meta/datanode-4/data-0/hdds/4fe7c5bf-ca33-4415-93e0-e252006dfa59/DS-f1b9f6db-40c9-40ff-add2-3dda4c96176f/container.db for volume DS-f1b9f6db-40c9-40ff-add2-3dda4c96176f
2024-08-15 10:20:03,292 [8f188c33-4f5f-4a65-885f-fdffcccac76b-ContainerReader-0] INFO  ozoneimpl.ContainerReader (ContainerReader.java:readVolume(148)) - Start to verify containers on volume /home/runner/work/ozone/ozone/hadoop-ozone/integration-test/target/test-dir/MiniOzoneClusterImpl-4fe7c5bf-ca33-4415-93e0-e252006dfa59/ozone-meta/datanode-4/data-0/hdds
2024-08-15 10:20:03,292 [8f188c33-4f5f-4a65-885f-fdffcccac76b-ContainerReader-0] INFO  ozoneimpl.ContainerReader (ContainerReader.java:readVolume(178)) - Finish verifying containers on volume /home/runner/work/ozone/ozone/hadoop-ozone/integration-test/target/test-dir/MiniOzoneClusterImpl-4fe7c5bf-ca33-4415-93e0-e252006dfa59/ozone-meta/datanode-4/data-0/hdds
2024-08-15 10:20:03,292 [8f188c33-4f5f-4a65-885f-fdffcccac76b-EndpointStateMachineTaskThread-/0.0.0.0:15585-0 ] INFO  ozoneimpl.OzoneContainer (OzoneContainer.java:buildContainerSet(344)) - Build ContainerSet costs 0s
2024-08-15 10:20:03,293 [8f188c33-4f5f-4a65-885f-fdffcccac76b-EndpointStateMachineTaskThread-/0.0.0.0:15585-0 ] INFO  volume.ThrottledAsyncChecker (ThrottledAsyncChecker.java:schedule(141)) - Scheduling a check for /home/runner/work/ozone/ozone/hadoop-ozone/integration-test/target/test-dir/MiniOzoneClusterImpl-4fe7c5bf-ca33-4415-93e0-e252006dfa59/ozone-meta/datanode-4/data-0/hdds
2024-08-15 10:20:03,293 [8f188c33-4f5f-4a65-885f-fdffcccac76b-EndpointStateMachineTaskThread-/0.0.0.0:15585-0 ] INFO  volume.StorageVolumeChecker (StorageVolumeChecker.java:checkAllVolumes(218)) - Scheduled health check for volume /home/runner/work/ozone/ozone/hadoop-ozone/integration-test/target/test-dir/MiniOzoneClusterImpl-4fe7c5bf-ca33-4415-93e0-e252006dfa59/ozone-meta/datanode-4/data-0/hdds
2024-08-15 10:20:03,295 [8f188c33-4f5f-4a65-885f-fdffcccac76b-EndpointStateMachineTaskThread-/0.0.0.0:15585-0 ] INFO  volume.ThrottledAsyncChecker (ThrottledAsyncChecker.java:schedule(141)) - Scheduling a check for /home/runner/work/ozone/ozone/hadoop-ozone/integration-test/target/test-dir/MiniOzoneClusterImpl-4fe7c5bf-ca33-4415-93e0-e252006dfa59/ozone-meta/datanode-4/ratis
2024-08-15 10:20:03,295 [8f188c33-4f5f-4a65-885f-fdffcccac76b-EndpointStateMachineTaskThread-/0.0.0.0:15585-0 ] INFO  volume.StorageVolumeChecker (StorageVolumeChecker.java:checkAllVolumes(218)) - Scheduled health check for volume /home/runner/work/ozone/ozone/hadoop-ozone/integration-test/target/test-dir/MiniOzoneClusterImpl-4fe7c5bf-ca33-4415-93e0-e252006dfa59/ozone-meta/datanode-4/ratis
2024-08-15 10:20:03,295 [8f188c33-4f5f-4a65-885f-fdffcccac76b-EndpointStateMachineTaskThread-/0.0.0.0:15585-0 ] INFO  ozoneimpl.OzoneContainer (OzoneContainer.java:start(475)) - Attempting to start container services.
2024-08-15 10:20:03,295 [8f188c33-4f5f-4a65-885f-fdffcccac76b-EndpointStateMachineTaskThread-/0.0.0.0:15585-0 ] WARN  ozoneimpl.OnDemandContainerDataScanner (OnDemandContainerDataScanner.java:init(75)) - Trying to initialize on demand scanner a second time on a datanode.
2024-08-15 10:20:03,296 [ContainerMetadataScanner] INFO  ozoneimpl.AbstractBackgroundContainerScanner (AbstractBackgroundContainerScanner.java:runIteration(87)) - Completed an iteration in 0 minutes. Number of iterations (since the data-node restart) : 1, Number of containers scanned in this iteration : 0, Number of unhealthy containers found in this iteration : 0
2024-08-15 10:20:03,296 [ContainerDataScanner(/home/runner/work/ozone/ozone/hadoop-ozone/integration-test/target/test-dir/MiniOzoneClusterImpl-4fe7c5bf-ca33-4415-93e0-e252006dfa59/ozone-meta/datanode-4/data-0/hdds)] INFO  ozoneimpl.AbstractBackgroundContainerScanner (AbstractBackgroundContainerScanner.java:runIteration(87)) - Completed an iteration in 0 minutes. Number of iterations (since the data-node restart) : 1, Number of containers scanned in this iteration : 0, Number of unhealthy containers found in this iteration : 0
2024-08-15 10:20:03,296 [8f188c33-4f5f-4a65-885f-fdffcccac76b-EndpointStateMachineTaskThread-/0.0.0.0:15585-0 ] INFO  replication.ReplicationServer (ReplicationServer.java:start(140)) - ReplicationServer is started using port 15626
2024-08-15 10:20:03,296 [8f188c33-4f5f-4a65-885f-fdffcccac76b-EndpointStateMachineTaskThread-/0.0.0.0:15585-0 ] INFO  ratis.XceiverServerRatis (XceiverServerRatis.java:start(562)) - Starting XceiverServerRatis 8f188c33-4f5f-4a65-885f-fdffcccac76b
2024-08-15 10:20:03,297 [8f188c33-4f5f-4a65-885f-fdffcccac76b-EndpointStateMachineTaskThread-/0.0.0.0:15585-0 ] INFO  server.RaftServer (RaftServerProxy.java:startImpl(408)) - 8f188c33-4f5f-4a65-885f-fdffcccac76b: start RPC server
2024-08-15 10:20:03,297 [8f188c33-4f5f-4a65-885f-fdffcccac76b-EndpointStateMachineTaskThread-/0.0.0.0:15585-0 ] INFO  server.GrpcService (GrpcService.java:startImpl(302)) - 8f188c33-4f5f-4a65-885f-fdffcccac76b: GrpcService started, listening on 15622
2024-08-15 10:20:03,297 [8f188c33-4f5f-4a65-885f-fdffcccac76b-EndpointStateMachineTaskThread-/0.0.0.0:15585-0 ] INFO  ratis.XceiverServerRatis (XceiverServerRatis.java:getRealPort(588)) - XceiverServerRatis 8f188c33-4f5f-4a65-885f-fdffcccac76b is started using port 15622 for RATIS
2024-08-15 10:20:03,297 [8f188c33-4f5f-4a65-885f-fdffcccac76b-EndpointStateMachineTaskThread-/0.0.0.0:15585-0 ] INFO  ratis.XceiverServerRatis (XceiverServerRatis.java:getRealPort(588)) - XceiverServerRatis 8f188c33-4f5f-4a65-885f-fdffcccac76b is started using port 15622 for RATIS_ADMIN
2024-08-15 10:20:03,297 [8f188c33-4f5f-4a65-885f-fdffcccac76b-EndpointStateMachineTaskThread-/0.0.0.0:15585-0 ] INFO  ratis.XceiverServerRatis (XceiverServerRatis.java:getRealPort(588)) - XceiverServerRatis 8f188c33-4f5f-4a65-885f-fdffcccac76b is started using port 15622 for RATIS_SERVER
2024-08-15 10:20:03,298 [JvmPauseMonitor86] INFO  util.JvmPauseMonitor (JvmPauseMonitor.java:run(146)) - JvmPauseMonitor-8f188c33-4f5f-4a65-885f-fdffcccac76b: Started
2024-08-15 10:20:03,298 [8f188c33-4f5f-4a65-885f-fdffcccac76b-EndpointStateMachineTaskThread-/0.0.0.0:15585-0 ] INFO  ratis.XceiverServerRatis (XceiverServerRatis.java:getRealPort(588)) - XceiverServerRatis 8f188c33-4f5f-4a65-885f-fdffcccac76b is started using port 15625 for RATIS_DATASTREAM
2024-08-15 10:20:03,298 [8f188c33-4f5f-4a65-885f-fdffcccac76b-BlockDeletingService#0] INFO  interfaces.ContainerDeletionChoosingPolicyTemplate (ContainerDeletionChoosingPolicyTemplate.java:chooseContainerForBlockDeletion(85)) - Chosen 0/5000 blocks from 0 candidate containers.
2024-08-15 10:20:03,528 [main] INFO  ozone.MiniOzoneClusterImpl (MiniOzoneClusterImpl.java:lambda$waitForClusterToBeReady$0(198)) - Waiting for nodes to be ready. Got 0 of 5 DN Heartbeats.
2024-08-15 10:20:03,528 [main] INFO  ozone.MiniOzoneClusterImpl (MiniOzoneClusterImpl.java:lambda$waitForClusterToBeReady$0(201)) - Waiting for cluster to exit safe mode
2024-08-15 10:20:03,528 [main] INFO  ozone.MiniOzoneClusterImpl (MiniOzoneClusterImpl.java:lambda$waitForClusterToBeReady$0(203)) - SCM became leader
2024-08-15 10:20:03,560 [10717ad5-80cb-4143-95b1-142859a756e7-EndpointStateMachineTaskThread-/0.0.0.0:15585-0 ] INFO  utils.DatanodeStoreCache (DatanodeStoreCache.java:addDB(72)) - Added db /home/runner/work/ozone/ozone/hadoop-ozone/integration-test/target/test-dir/MiniOzoneClusterImpl-4fe7c5bf-ca33-4415-93e0-e252006dfa59/ozone-meta/datanode-5/data-0/hdds/4fe7c5bf-ca33-4415-93e0-e252006dfa59/DS-d837f3af-73a4-47e4-9f4e-853192df2644/container.db to cache
2024-08-15 10:20:03,560 [10717ad5-80cb-4143-95b1-142859a756e7-EndpointStateMachineTaskThread-/0.0.0.0:15585-0 ] INFO  volume.HddsVolume (HddsVolume.java:createDbStore(429)) - SchemaV3 db is created and loaded at /home/runner/work/ozone/ozone/hadoop-ozone/integration-test/target/test-dir/MiniOzoneClusterImpl-4fe7c5bf-ca33-4415-93e0-e252006dfa59/ozone-meta/datanode-5/data-0/hdds/4fe7c5bf-ca33-4415-93e0-e252006dfa59/DS-d837f3af-73a4-47e4-9f4e-853192df2644/container.db for volume DS-d837f3af-73a4-47e4-9f4e-853192df2644
2024-08-15 10:20:03,562 [10717ad5-80cb-4143-95b1-142859a756e7-ContainerReader-0] INFO  ozoneimpl.ContainerReader (ContainerReader.java:readVolume(148)) - Start to verify containers on volume /home/runner/work/ozone/ozone/hadoop-ozone/integration-test/target/test-dir/MiniOzoneClusterImpl-4fe7c5bf-ca33-4415-93e0-e252006dfa59/ozone-meta/datanode-5/data-0/hdds
2024-08-15 10:20:03,562 [10717ad5-80cb-4143-95b1-142859a756e7-ContainerReader-0] INFO  ozoneimpl.ContainerReader (ContainerReader.java:readVolume(178)) - Finish verifying containers on volume /home/runner/work/ozone/ozone/hadoop-ozone/integration-test/target/test-dir/MiniOzoneClusterImpl-4fe7c5bf-ca33-4415-93e0-e252006dfa59/ozone-meta/datanode-5/data-0/hdds
2024-08-15 10:20:03,562 [10717ad5-80cb-4143-95b1-142859a756e7-EndpointStateMachineTaskThread-/0.0.0.0:15585-0 ] INFO  ozoneimpl.OzoneContainer (OzoneContainer.java:buildContainerSet(344)) - Build ContainerSet costs 0s
2024-08-15 10:20:03,563 [10717ad5-80cb-4143-95b1-142859a756e7-EndpointStateMachineTaskThread-/0.0.0.0:15585-0 ] INFO  volume.ThrottledAsyncChecker (ThrottledAsyncChecker.java:schedule(141)) - Scheduling a check for /home/runner/work/ozone/ozone/hadoop-ozone/integration-test/target/test-dir/MiniOzoneClusterImpl-4fe7c5bf-ca33-4415-93e0-e252006dfa59/ozone-meta/datanode-5/data-0/hdds
2024-08-15 10:20:03,563 [10717ad5-80cb-4143-95b1-142859a756e7-EndpointStateMachineTaskThread-/0.0.0.0:15585-0 ] INFO  volume.StorageVolumeChecker (StorageVolumeChecker.java:checkAllVolumes(218)) - Scheduled health check for volume /home/runner/work/ozone/ozone/hadoop-ozone/integration-test/target/test-dir/MiniOzoneClusterImpl-4fe7c5bf-ca33-4415-93e0-e252006dfa59/ozone-meta/datanode-5/data-0/hdds
2024-08-15 10:20:03,564 [10717ad5-80cb-4143-95b1-142859a756e7-EndpointStateMachineTaskThread-/0.0.0.0:15585-0 ] INFO  volume.ThrottledAsyncChecker (ThrottledAsyncChecker.java:schedule(141)) - Scheduling a check for /home/runner/work/ozone/ozone/hadoop-ozone/integration-test/target/test-dir/MiniOzoneClusterImpl-4fe7c5bf-ca33-4415-93e0-e252006dfa59/ozone-meta/datanode-5/ratis
2024-08-15 10:20:03,564 [10717ad5-80cb-4143-95b1-142859a756e7-EndpointStateMachineTaskThread-/0.0.0.0:15585-0 ] INFO  volume.StorageVolumeChecker (StorageVolumeChecker.java:checkAllVolumes(218)) - Scheduled health check for volume /home/runner/work/ozone/ozone/hadoop-ozone/integration-test/target/test-dir/MiniOzoneClusterImpl-4fe7c5bf-ca33-4415-93e0-e252006dfa59/ozone-meta/datanode-5/ratis
2024-08-15 10:20:03,565 [10717ad5-80cb-4143-95b1-142859a756e7-EndpointStateMachineTaskThread-/0.0.0.0:15585-0 ] INFO  ozoneimpl.OzoneContainer (OzoneContainer.java:start(475)) - Attempting to start container services.
2024-08-15 10:20:03,565 [10717ad5-80cb-4143-95b1-142859a756e7-EndpointStateMachineTaskThread-/0.0.0.0:15585-0 ] WARN  ozoneimpl.OnDemandContainerDataScanner (OnDemandContainerDataScanner.java:init(75)) - Trying to initialize on demand scanner a second time on a datanode.
2024-08-15 10:20:03,566 [ContainerMetadataScanner] INFO  ozoneimpl.AbstractBackgroundContainerScanner (AbstractBackgroundContainerScanner.java:runIteration(87)) - Completed an iteration in 0 minutes. Number of iterations (since the data-node restart) : 1, Number of containers scanned in this iteration : 0, Number of unhealthy containers found in this iteration : 0
2024-08-15 10:20:03,567 [ContainerDataScanner(/home/runner/work/ozone/ozone/hadoop-ozone/integration-test/target/test-dir/MiniOzoneClusterImpl-4fe7c5bf-ca33-4415-93e0-e252006dfa59/ozone-meta/datanode-5/data-0/hdds)] INFO  ozoneimpl.AbstractBackgroundContainerScanner (AbstractBackgroundContainerScanner.java:runIteration(87)) - Completed an iteration in 0 minutes. Number of iterations (since the data-node restart) : 1, Number of containers scanned in this iteration : 0, Number of unhealthy containers found in this iteration : 0
2024-08-15 10:20:03,567 [10717ad5-80cb-4143-95b1-142859a756e7-EndpointStateMachineTaskThread-/0.0.0.0:15585-0 ] INFO  replication.ReplicationServer (ReplicationServer.java:start(140)) - ReplicationServer is started using port 15635
2024-08-15 10:20:03,567 [10717ad5-80cb-4143-95b1-142859a756e7-EndpointStateMachineTaskThread-/0.0.0.0:15585-0 ] INFO  ratis.XceiverServerRatis (XceiverServerRatis.java:start(562)) - Starting XceiverServerRatis 10717ad5-80cb-4143-95b1-142859a756e7
2024-08-15 10:20:03,568 [10717ad5-80cb-4143-95b1-142859a756e7-EndpointStateMachineTaskThread-/0.0.0.0:15585-0 ] INFO  server.RaftServer (RaftServerProxy.java:startImpl(408)) - 10717ad5-80cb-4143-95b1-142859a756e7: start RPC server
2024-08-15 10:20:03,568 [10717ad5-80cb-4143-95b1-142859a756e7-EndpointStateMachineTaskThread-/0.0.0.0:15585-0 ] INFO  server.GrpcService (GrpcService.java:startImpl(302)) - 10717ad5-80cb-4143-95b1-142859a756e7: GrpcService started, listening on 15631
2024-08-15 10:20:03,568 [10717ad5-80cb-4143-95b1-142859a756e7-EndpointStateMachineTaskThread-/0.0.0.0:15585-0 ] INFO  ratis.XceiverServerRatis (XceiverServerRatis.java:getRealPort(588)) - XceiverServerRatis 10717ad5-80cb-4143-95b1-142859a756e7 is started using port 15631 for RATIS
2024-08-15 10:20:03,568 [JvmPauseMonitor87] INFO  util.JvmPauseMonitor (JvmPauseMonitor.java:run(146)) - JvmPauseMonitor-10717ad5-80cb-4143-95b1-142859a756e7: Started
2024-08-15 10:20:03,568 [10717ad5-80cb-4143-95b1-142859a756e7-EndpointStateMachineTaskThread-/0.0.0.0:15585-0 ] INFO  ratis.XceiverServerRatis (XceiverServerRatis.java:getRealPort(588)) - XceiverServerRatis 10717ad5-80cb-4143-95b1-142859a756e7 is started using port 15631 for RATIS_ADMIN
2024-08-15 10:20:03,568 [10717ad5-80cb-4143-95b1-142859a756e7-EndpointStateMachineTaskThread-/0.0.0.0:15585-0 ] INFO  ratis.XceiverServerRatis (XceiverServerRatis.java:getRealPort(588)) - XceiverServerRatis 10717ad5-80cb-4143-95b1-142859a756e7 is started using port 15631 for RATIS_SERVER
2024-08-15 10:20:03,568 [10717ad5-80cb-4143-95b1-142859a756e7-EndpointStateMachineTaskThread-/0.0.0.0:15585-0 ] INFO  ratis.XceiverServerRatis (XceiverServerRatis.java:getRealPort(588)) - XceiverServerRatis 10717ad5-80cb-4143-95b1-142859a756e7 is started using port 15634 for RATIS_DATASTREAM
2024-08-15 10:20:03,570 [10717ad5-80cb-4143-95b1-142859a756e7-BlockDeletingService#0] INFO  interfaces.ContainerDeletionChoosingPolicyTemplate (ContainerDeletionChoosingPolicyTemplate.java:chooseContainerForBlockDeletion(85)) - Chosen 0/5000 blocks from 0 candidate containers.
2024-08-15 10:20:04,528 [main] INFO  ozone.MiniOzoneClusterImpl (MiniOzoneClusterImpl.java:lambda$waitForClusterToBeReady$0(198)) - Waiting for nodes to be ready. Got 0 of 5 DN Heartbeats.
2024-08-15 10:20:04,529 [main] INFO  ozone.MiniOzoneClusterImpl (MiniOzoneClusterImpl.java:lambda$waitForClusterToBeReady$0(201)) - Waiting for cluster to exit safe mode
2024-08-15 10:20:04,529 [main] INFO  ozone.MiniOzoneClusterImpl (MiniOzoneClusterImpl.java:lambda$waitForClusterToBeReady$0(203)) - SCM became leader
2024-08-15 10:20:04,534 [IPC Server handler 4 on default port 15585] INFO  net.NetworkTopologyImpl (NetworkTopologyImpl.java:add(134)) - Added a new node: /default-rack/2c076085-4a54-4643-8427-8625b9ee6dbf
2024-08-15 10:20:04,534 [IPC Server handler 4 on default port 15585] INFO  node.SCMNodeManager (SCMNodeManager.java:register(422)) - Registered datanode: 2c076085-4a54-4643-8427-8625b9ee6dbf{ip: 127.0.0.1, host: localhost, ports: [HTTP=15592, CLIENT_RPC=15593, REPLICATION=15599, RATIS=15595, RATIS_ADMIN=15595, RATIS_SERVER=15595, RATIS_DATASTREAM=15598, STANDALONE=15594], networkLocation: /default-rack, certSerialId: null, persistedOpState: null, persistedOpStateExpiryEpochSec: 0}
2024-08-15 10:20:04,534 [EventQueue-NewNodeForNewNodeHandler] INFO  pipeline.BackgroundPipelineCreator (BackgroundPipelineCreator.java:notifyEventTriggered(280)) - trigger a one-shot run on RatisPipelineUtilsThread.
2024-08-15 10:20:04,535 [EventQueue-NodeRegistrationContainerReportForDataNodeSafeModeRule] INFO  safemode.SCMSafeModeManager (DataNodeSafeModeRule.java:process(71)) - SCM in safe mode. 1 DataNodes registered, 3 required.
2024-08-15 10:20:04,535 [RatisPipelineUtilsThread-0] INFO  pipeline.RatisPipelineProvider (RatisPipelineProvider.java:lambda$create$0(205)) - Sending CreatePipelineCommand for pipeline:PipelineID=00e62d00-e01e-4f85-b9d2-765ce0dd5138 to datanode:2c076085-4a54-4643-8427-8625b9ee6dbf
2024-08-15 10:20:04,535 [EventQueue-NodeRegistrationContainerReportForContainerSafeModeRule] INFO  safemode.SCMSafeModeManager (SCMSafeModeManager.java:validateSafeModeExitRules(203)) - ContainerSafeModeRule rule is successfully validated
2024-08-15 10:20:04,536 [RatisPipelineUtilsThread-0] INFO  pipeline.BackgroundPipelineCreator (BackgroundPipelineCreator.java:createPipelines(236)) - Created new pipeline Pipeline[ Id: 00e62d00-e01e-4f85-b9d2-765ce0dd5138, Nodes: 2c076085-4a54-4643-8427-8625b9ee6dbf(localhost/127.0.0.1) ReplicaIndex: 0, ReplicationConfig: RATIS/ONE, State:ALLOCATED, leaderId:, CreationTimestamp2024-08-15T10:20:04.535158062Z[Etc/UTC]]
2024-08-15 10:20:04,536 [EventQueue-PipelineReportForOneReplicaPipelineSafeModeRule] INFO  safemode.SCMSafeModeManager (SCMSafeModeManager.java:validateSafeModeExitRules(203)) - AtleastOneDatanodeReportedRule rule is successfully validated
2024-08-15 10:20:04,771 [IPC Server handler 0 on default port 15585] INFO  net.NetworkTopologyImpl (NetworkTopologyImpl.java:add(134)) - Added a new node: /default-rack/0825ce75-4a52-449f-9036-c8a968d40eda
2024-08-15 10:20:04,772 [IPC Server handler 0 on default port 15585] INFO  node.SCMNodeManager (SCMNodeManager.java:register(422)) - Registered datanode: 0825ce75-4a52-449f-9036-c8a968d40eda{ip: 127.0.0.1, host: localhost, ports: [HTTP=15601, CLIENT_RPC=15602, REPLICATION=15608, RATIS=15604, RATIS_ADMIN=15604, RATIS_SERVER=15604, RATIS_DATASTREAM=15607, STANDALONE=15603], networkLocation: /default-rack, certSerialId: null, persistedOpState: null, persistedOpStateExpiryEpochSec: 0}
2024-08-15 10:20:04,772 [EventQueue-NewNodeForNewNodeHandler] INFO  pipeline.BackgroundPipelineCreator (BackgroundPipelineCreator.java:notifyEventTriggered(280)) - trigger a one-shot run on RatisPipelineUtilsThread.
2024-08-15 10:20:04,772 [EventQueue-NodeRegistrationContainerReportForDataNodeSafeModeRule] INFO  safemode.SCMSafeModeManager (DataNodeSafeModeRule.java:process(71)) - SCM in safe mode. 2 DataNodes registered, 3 required.
2024-08-15 10:20:04,772 [RatisPipelineUtilsThread-0] INFO  pipeline.RatisPipelineProvider (RatisPipelineProvider.java:lambda$create$0(205)) - Sending CreatePipelineCommand for pipeline:PipelineID=453a205a-3871-4b5a-b2fd-dba5310789b5 to datanode:0825ce75-4a52-449f-9036-c8a968d40eda
2024-08-15 10:20:04,773 [RatisPipelineUtilsThread-0] INFO  pipeline.BackgroundPipelineCreator (BackgroundPipelineCreator.java:createPipelines(236)) - Created new pipeline Pipeline[ Id: 453a205a-3871-4b5a-b2fd-dba5310789b5, Nodes: 0825ce75-4a52-449f-9036-c8a968d40eda(localhost/127.0.0.1) ReplicaIndex: 0, ReplicationConfig: RATIS/ONE, State:ALLOCATED, leaderId:, CreationTimestamp2024-08-15T10:20:04.772583717Z[Etc/UTC]]
2024-08-15 10:20:05,016 [IPC Server handler 1 on default port 15585] INFO  net.NetworkTopologyImpl (NetworkTopologyImpl.java:add(134)) - Added a new node: /default-rack/298890a6-3c3b-4de0-a9db-67f24322077e
2024-08-15 10:20:05,016 [IPC Server handler 1 on default port 15585] INFO  node.SCMNodeManager (SCMNodeManager.java:register(422)) - Registered datanode: 298890a6-3c3b-4de0-a9db-67f24322077e{ip: 127.0.0.1, host: localhost, ports: [HTTP=15610, CLIENT_RPC=15611, REPLICATION=15617, RATIS=15613, RATIS_ADMIN=15613, RATIS_SERVER=15613, RATIS_DATASTREAM=15616, STANDALONE=15612], networkLocation: /default-rack, certSerialId: null, persistedOpState: null, persistedOpStateExpiryEpochSec: 0}
2024-08-15 10:20:05,016 [EventQueue-NodeRegistrationContainerReportForDataNodeSafeModeRule] INFO  safemode.SCMSafeModeManager (DataNodeSafeModeRule.java:process(71)) - SCM in safe mode. 3 DataNodes registered, 3 required.
2024-08-15 10:20:05,016 [EventQueue-NodeRegistrationContainerReportForDataNodeSafeModeRule] INFO  safemode.SCMSafeModeManager (SCMSafeModeManager.java:validateSafeModeExitRules(203)) - DataNodeSafeModeRule rule is successfully validated
2024-08-15 10:20:05,016 [EventQueue-NodeRegistrationContainerReportForDataNodeSafeModeRule] INFO  safemode.SCMSafeModeManager (SCMSafeModeManager.java:completePreCheck(232)) - All SCM safe mode pre check rules have passed
2024-08-15 10:20:05,016 [EventQueue-NewNodeForNewNodeHandler] INFO  pipeline.BackgroundPipelineCreator (BackgroundPipelineCreator.java:notifyEventTriggered(280)) - trigger a one-shot run on RatisPipelineUtilsThread.
2024-08-15 10:20:05,016 [EventQueue-NodeRegistrationContainerReportForDataNodeSafeModeRule] INFO  ha.SCMContext (SCMContext.java:updateSafeModeStatus(225)) - Update SafeModeStatus from SafeModeStatus{safeModeStatus=true, preCheckPassed=false} to SafeModeStatus{safeModeStatus=true, preCheckPassed=true}.
2024-08-15 10:20:05,017 [EventQueue-NodeRegistrationContainerReportForDataNodeSafeModeRule] INFO  pipeline.BackgroundPipelineCreator (BackgroundPipelineCreator.java:notifyEventTriggered(280)) - trigger a one-shot run on RatisPipelineUtilsThread.
2024-08-15 10:20:05,017 [RatisPipelineUtilsThread-0] INFO  pipeline.RatisPipelineProvider (RatisPipelineProvider.java:lambda$create$0(205)) - Sending CreatePipelineCommand for pipeline:PipelineID=5c8c86e0-b975-495b-8333-37a733cd87a5 to datanode:298890a6-3c3b-4de0-a9db-67f24322077e
2024-08-15 10:20:05,017 [RatisPipelineUtilsThread-0] INFO  pipeline.BackgroundPipelineCreator (BackgroundPipelineCreator.java:createPipelines(236)) - Created new pipeline Pipeline[ Id: 5c8c86e0-b975-495b-8333-37a733cd87a5, Nodes: 298890a6-3c3b-4de0-a9db-67f24322077e(localhost/127.0.0.1) ReplicaIndex: 0, ReplicationConfig: RATIS/ONE, State:ALLOCATED, leaderId:, CreationTimestamp2024-08-15T10:20:05.017289061Z[Etc/UTC]]
2024-08-15 10:20:05,018 [RatisPipelineUtilsThread-0] INFO  pipeline.RatisPipelineProvider (RatisPipelineProvider.java:lambda$create$0(205)) - Sending CreatePipelineCommand for pipeline:PipelineID=81b02960-be57-4a48-af10-f226ef581aa3 to datanode:298890a6-3c3b-4de0-a9db-67f24322077e
2024-08-15 10:20:05,018 [RatisPipelineUtilsThread-0] INFO  pipeline.RatisPipelineProvider (RatisPipelineProvider.java:lambda$create$0(205)) - Sending CreatePipelineCommand for pipeline:PipelineID=81b02960-be57-4a48-af10-f226ef581aa3 to datanode:0825ce75-4a52-449f-9036-c8a968d40eda
2024-08-15 10:20:05,018 [RatisPipelineUtilsThread-0] INFO  pipeline.RatisPipelineProvider (RatisPipelineProvider.java:lambda$create$0(205)) - Sending CreatePipelineCommand for pipeline:PipelineID=81b02960-be57-4a48-af10-f226ef581aa3 to datanode:2c076085-4a54-4643-8427-8625b9ee6dbf
2024-08-15 10:20:05,018 [RatisPipelineUtilsThread-0] INFO  pipeline.BackgroundPipelineCreator (BackgroundPipelineCreator.java:createPipelines(236)) - Created new pipeline Pipeline[ Id: 81b02960-be57-4a48-af10-f226ef581aa3, Nodes: 298890a6-3c3b-4de0-a9db-67f24322077e(localhost/127.0.0.1) ReplicaIndex: 00825ce75-4a52-449f-9036-c8a968d40eda(localhost/127.0.0.1) ReplicaIndex: 02c076085-4a54-4643-8427-8625b9ee6dbf(localhost/127.0.0.1) ReplicaIndex: 0, ReplicationConfig: RATIS/THREE, State:ALLOCATED, leaderId:, CreationTimestamp2024-08-15T10:20:05.017995750Z[Etc/UTC]]
2024-08-15 10:20:05,018 [RatisPipelineUtilsThread-0] INFO  pipeline.RatisPipelineProvider (RatisPipelineProvider.java:lambda$create$0(205)) - Sending CreatePipelineCommand for pipeline:PipelineID=6670d5ce-472b-456f-a80c-167eca8ab8d4 to datanode:298890a6-3c3b-4de0-a9db-67f24322077e
2024-08-15 10:20:05,018 [RatisPipelineUtilsThread-0] INFO  pipeline.RatisPipelineProvider (RatisPipelineProvider.java:lambda$create$0(205)) - Sending CreatePipelineCommand for pipeline:PipelineID=6670d5ce-472b-456f-a80c-167eca8ab8d4 to datanode:0825ce75-4a52-449f-9036-c8a968d40eda
2024-08-15 10:20:05,018 [RatisPipelineUtilsThread-0] INFO  pipeline.RatisPipelineProvider (RatisPipelineProvider.java:lambda$create$0(205)) - Sending CreatePipelineCommand for pipeline:PipelineID=6670d5ce-472b-456f-a80c-167eca8ab8d4 to datanode:2c076085-4a54-4643-8427-8625b9ee6dbf
2024-08-15 10:20:05,019 [RatisPipelineUtilsThread-0] INFO  pipeline.PipelineManagerImpl (PipelineManagerImpl.java:recordMetricsForPipeline(916)) - Pipeline: PipelineID=6670d5ce-472b-456f-a80c-167eca8ab8d4 contains same datanodes as previous pipelines: PipelineID=81b02960-be57-4a48-af10-f226ef581aa3 nodeIds: 298890a6-3c3b-4de0-a9db-67f24322077e, 0825ce75-4a52-449f-9036-c8a968d40eda, 2c076085-4a54-4643-8427-8625b9ee6dbf
2024-08-15 10:20:05,019 [RatisPipelineUtilsThread-0] INFO  pipeline.BackgroundPipelineCreator (BackgroundPipelineCreator.java:createPipelines(236)) - Created new pipeline Pipeline[ Id: 6670d5ce-472b-456f-a80c-167eca8ab8d4, Nodes: 298890a6-3c3b-4de0-a9db-67f24322077e(localhost/127.0.0.1) ReplicaIndex: 00825ce75-4a52-449f-9036-c8a968d40eda(localhost/127.0.0.1) ReplicaIndex: 02c076085-4a54-4643-8427-8625b9ee6dbf(localhost/127.0.0.1) ReplicaIndex: 0, ReplicationConfig: RATIS/THREE, State:ALLOCATED, leaderId:, CreationTimestamp2024-08-15T10:20:05.018683534Z[Etc/UTC]]
2024-08-15 10:20:05,019 [RatisPipelineUtilsThread-0] INFO  pipeline.RatisPipelineProvider (RatisPipelineProvider.java:lambda$create$0(205)) - Sending CreatePipelineCommand for pipeline:PipelineID=04d0640d-02ff-45d5-b287-e905553bca68 to datanode:2c076085-4a54-4643-8427-8625b9ee6dbf
2024-08-15 10:20:05,019 [RatisPipelineUtilsThread-0] INFO  pipeline.RatisPipelineProvider (RatisPipelineProvider.java:lambda$create$0(205)) - Sending CreatePipelineCommand for pipeline:PipelineID=04d0640d-02ff-45d5-b287-e905553bca68 to datanode:298890a6-3c3b-4de0-a9db-67f24322077e
2024-08-15 10:20:05,019 [RatisPipelineUtilsThread-0] INFO  pipeline.RatisPipelineProvider (RatisPipelineProvider.java:lambda$create$0(205)) - Sending CreatePipelineCommand for pipeline:PipelineID=04d0640d-02ff-45d5-b287-e905553bca68 to datanode:0825ce75-4a52-449f-9036-c8a968d40eda
2024-08-15 10:20:05,019 [RatisPipelineUtilsThread-0] INFO  pipeline.PipelineManagerImpl (PipelineManagerImpl.java:recordMetricsForPipeline(916)) - Pipeline: PipelineID=04d0640d-02ff-45d5-b287-e905553bca68 contains same datanodes as previous pipelines: PipelineID=81b02960-be57-4a48-af10-f226ef581aa3 nodeIds: 2c076085-4a54-4643-8427-8625b9ee6dbf, 298890a6-3c3b-4de0-a9db-67f24322077e, 0825ce75-4a52-449f-9036-c8a968d40eda
2024-08-15 10:20:05,019 [RatisPipelineUtilsThread-0] INFO  pipeline.PipelineManagerImpl (PipelineManagerImpl.java:recordMetricsForPipeline(916)) - Pipeline: PipelineID=04d0640d-02ff-45d5-b287-e905553bca68 contains same datanodes as previous pipelines: PipelineID=6670d5ce-472b-456f-a80c-167eca8ab8d4 nodeIds: 2c076085-4a54-4643-8427-8625b9ee6dbf, 298890a6-3c3b-4de0-a9db-67f24322077e, 0825ce75-4a52-449f-9036-c8a968d40eda
2024-08-15 10:20:05,019 [RatisPipelineUtilsThread-0] INFO  pipeline.BackgroundPipelineCreator (BackgroundPipelineCreator.java:createPipelines(236)) - Created new pipeline Pipeline[ Id: 04d0640d-02ff-45d5-b287-e905553bca68, Nodes: 2c076085-4a54-4643-8427-8625b9ee6dbf(localhost/127.0.0.1) ReplicaIndex: 0298890a6-3c3b-4de0-a9db-67f24322077e(localhost/127.0.0.1) ReplicaIndex: 00825ce75-4a52-449f-9036-c8a968d40eda(localhost/127.0.0.1) ReplicaIndex: 0, ReplicationConfig: RATIS/THREE, State:ALLOCATED, leaderId:, CreationTimestamp2024-08-15T10:20:05.019329580Z[Etc/UTC]]
2024-08-15 10:20:05,258 [IPC Server handler 2 on default port 15585] INFO  net.NetworkTopologyImpl (NetworkTopologyImpl.java:add(134)) - Added a new node: /default-rack/8f188c33-4f5f-4a65-885f-fdffcccac76b
2024-08-15 10:20:05,258 [IPC Server handler 2 on default port 15585] INFO  node.SCMNodeManager (SCMNodeManager.java:register(422)) - Registered datanode: 8f188c33-4f5f-4a65-885f-fdffcccac76b{ip: 127.0.0.1, host: localhost, ports: [HTTP=15619, CLIENT_RPC=15620, REPLICATION=15626, RATIS=15622, RATIS_ADMIN=15622, RATIS_SERVER=15622, RATIS_DATASTREAM=15625, STANDALONE=15621], networkLocation: /default-rack, certSerialId: null, persistedOpState: null, persistedOpStateExpiryEpochSec: 0}
2024-08-15 10:20:05,259 [EventQueue-NewNodeForNewNodeHandler] INFO  pipeline.BackgroundPipelineCreator (BackgroundPipelineCreator.java:notifyEventTriggered(280)) - trigger a one-shot run on RatisPipelineUtilsThread.
2024-08-15 10:20:05,259 [RatisPipelineUtilsThread-0] INFO  pipeline.RatisPipelineProvider (RatisPipelineProvider.java:lambda$create$0(205)) - Sending CreatePipelineCommand for pipeline:PipelineID=478298a8-f9b6-4ebf-8a32-6d5cd9501771 to datanode:8f188c33-4f5f-4a65-885f-fdffcccac76b
2024-08-15 10:20:05,260 [RatisPipelineUtilsThread-0] INFO  pipeline.BackgroundPipelineCreator (BackgroundPipelineCreator.java:createPipelines(236)) - Created new pipeline Pipeline[ Id: 478298a8-f9b6-4ebf-8a32-6d5cd9501771, Nodes: 8f188c33-4f5f-4a65-885f-fdffcccac76b(localhost/127.0.0.1) ReplicaIndex: 0, ReplicationConfig: RATIS/ONE, State:ALLOCATED, leaderId:, CreationTimestamp2024-08-15T10:20:05.259575597Z[Etc/UTC]]
2024-08-15 10:20:05,529 [main] INFO  ozone.MiniOzoneClusterImpl (MiniOzoneClusterImpl.java:lambda$waitForClusterToBeReady$0(198)) - Waiting for nodes to be ready. Got 4 of 5 DN Heartbeats.
2024-08-15 10:20:05,529 [main] INFO  ozone.MiniOzoneClusterImpl (MiniOzoneClusterImpl.java:lambda$waitForClusterToBeReady$0(201)) - Waiting for cluster to exit safe mode
2024-08-15 10:20:05,529 [main] INFO  ozone.MiniOzoneClusterImpl (MiniOzoneClusterImpl.java:lambda$waitForClusterToBeReady$0(203)) - SCM became leader
2024-08-15 10:20:05,529 [IPC Server handler 3 on default port 15585] INFO  net.NetworkTopologyImpl (NetworkTopologyImpl.java:add(134)) - Added a new node: /default-rack/10717ad5-80cb-4143-95b1-142859a756e7
2024-08-15 10:20:05,530 [IPC Server handler 3 on default port 15585] INFO  node.SCMNodeManager (SCMNodeManager.java:register(422)) - Registered datanode: 10717ad5-80cb-4143-95b1-142859a756e7{ip: 127.0.0.1, host: localhost, ports: [HTTP=15628, CLIENT_RPC=15629, REPLICATION=15635, RATIS=15631, RATIS_ADMIN=15631, RATIS_SERVER=15631, RATIS_DATASTREAM=15634, STANDALONE=15630], networkLocation: /default-rack, certSerialId: null, persistedOpState: null, persistedOpStateExpiryEpochSec: 0}
2024-08-15 10:20:05,530 [EventQueue-NewNodeForNewNodeHandler] INFO  pipeline.BackgroundPipelineCreator (BackgroundPipelineCreator.java:notifyEventTriggered(280)) - trigger a one-shot run on RatisPipelineUtilsThread.
2024-08-15 10:20:05,530 [RatisPipelineUtilsThread-0] INFO  pipeline.RatisPipelineProvider (RatisPipelineProvider.java:lambda$create$0(205)) - Sending CreatePipelineCommand for pipeline:PipelineID=853cce2e-d382-422c-bd34-dc8add49ad69 to datanode:10717ad5-80cb-4143-95b1-142859a756e7
2024-08-15 10:20:05,531 [RatisPipelineUtilsThread-0] INFO  pipeline.BackgroundPipelineCreator (BackgroundPipelineCreator.java:createPipelines(236)) - Created new pipeline Pipeline[ Id: 853cce2e-d382-422c-bd34-dc8add49ad69, Nodes: 10717ad5-80cb-4143-95b1-142859a756e7(localhost/127.0.0.1) ReplicaIndex: 0, ReplicationConfig: RATIS/ONE, State:ALLOCATED, leaderId:, CreationTimestamp2024-08-15T10:20:05.530618529Z[Etc/UTC]]
2024-08-15 10:20:06,529 [main] INFO  ozone.MiniOzoneClusterImpl (MiniOzoneClusterImpl.java:lambda$waitForClusterToBeReady$0(198)) - Nodes are ready. Got 5 of 5 DN Heartbeats.
2024-08-15 10:20:06,530 [main] INFO  ozone.MiniOzoneClusterImpl (MiniOzoneClusterImpl.java:lambda$waitForClusterToBeReady$0(201)) - Waiting for cluster to exit safe mode
2024-08-15 10:20:06,530 [main] INFO  ozone.MiniOzoneClusterImpl (MiniOzoneClusterImpl.java:lambda$waitForClusterToBeReady$0(203)) - SCM became leader
2024-08-15 10:20:07,530 [main] INFO  ozone.MiniOzoneClusterImpl (MiniOzoneClusterImpl.java:lambda$waitForClusterToBeReady$0(198)) - Nodes are ready. Got 5 of 5 DN Heartbeats.
2024-08-15 10:20:07,530 [main] INFO  ozone.MiniOzoneClusterImpl (MiniOzoneClusterImpl.java:lambda$waitForClusterToBeReady$0(201)) - Waiting for cluster to exit safe mode
2024-08-15 10:20:07,530 [main] INFO  ozone.MiniOzoneClusterImpl (MiniOzoneClusterImpl.java:lambda$waitForClusterToBeReady$0(203)) - SCM became leader
2024-08-15 10:20:07,534 [2c076085-4a54-4643-8427-8625b9ee6dbf-PipelineCommandHandlerThread-0] INFO  server.RaftServer (RaftServerProxy.java:addNew(101)) - 2c076085-4a54-4643-8427-8625b9ee6dbf: addNew group-765CE0DD5138:[2c076085-4a54-4643-8427-8625b9ee6dbf|127.0.0.1:15595] returns group-765CE0DD5138:java.util.concurrent.CompletableFuture@6d439bae[Not completed]
2024-08-15 10:20:07,535 [2c076085-4a54-4643-8427-8625b9ee6dbf-groupManagement] INFO  server.RaftServer$Division (RaftServerImpl.java:<init>(253)) - 2c076085-4a54-4643-8427-8625b9ee6dbf: new RaftServerImpl for group-765CE0DD5138:[2c076085-4a54-4643-8427-8625b9ee6dbf|127.0.0.1:15595] with ContainerStateMachine:uninitialized
2024-08-15 10:20:07,535 [2c076085-4a54-4643-8427-8625b9ee6dbf-groupManagement] INFO  server.RaftServerConfigKeys (ConfUtils.java:logGet(46)) - raft.server.rpc.timeout.min = 5s (custom)
2024-08-15 10:20:07,535 [2c076085-4a54-4643-8427-8625b9ee6dbf-groupManagement] INFO  server.RaftServerConfigKeys (ConfUtils.java:logGet(46)) - raft.server.rpc.timeout.max = 5200ms (custom)
2024-08-15 10:20:07,535 [2c076085-4a54-4643-8427-8625b9ee6dbf-groupManagement] INFO  server.RaftServerConfigKeys (ConfUtils.java:logGet(46)) - raft.server.rpc.sleep.time = 25ms (default)
2024-08-15 10:20:07,535 [2c076085-4a54-4643-8427-8625b9ee6dbf-groupManagement] INFO  server.RaftServerConfigKeys (ConfUtils.java:logGet(46)) - raft.server.rpc.slowness.timeout = 300000ms (custom)
2024-08-15 10:20:07,535 [2c076085-4a54-4643-8427-8625b9ee6dbf-groupManagement] INFO  server.RaftServerConfigKeys (ConfUtils.java:logGet(46)) - raft.server.leaderelection.leader.step-down.wait-time = 10s (default)
2024-08-15 10:20:07,535 [2c076085-4a54-4643-8427-8625b9ee6dbf-groupManagement] INFO  server.RaftServerConfigKeys (ConfUtils.java:logGet(46)) - raft.server.leaderelection.member.majority-add = false (default)
2024-08-15 10:20:07,535 [2c076085-4a54-4643-8427-8625b9ee6dbf-groupManagement] INFO  server.RaftServerConfigKeys (ConfUtils.java:logGet(46)) - raft.server.sleep.deviation.threshold = 300ms (default)
2024-08-15 10:20:07,536 [2c076085-4a54-4643-8427-8625b9ee6dbf-groupManagement] INFO  server.RaftServer$Division (ServerState.java:<init>(114)) - 2c076085-4a54-4643-8427-8625b9ee6dbf@group-765CE0DD5138: ConfigurationManager, init=conf: {index: -1, cur=peers:[2c076085-4a54-4643-8427-8625b9ee6dbf|127.0.0.1:15595]|listeners:[], old=null}, confs=<EMPTY_MAP>
2024-08-15 10:20:07,536 [2c076085-4a54-4643-8427-8625b9ee6dbf-groupManagement] INFO  server.RaftServerConfigKeys (ConfUtils.java:logGet(46)) - raft.server.notification.no-leader.timeout = 300000ms (custom)
2024-08-15 10:20:07,536 [2c076085-4a54-4643-8427-8625b9ee6dbf-groupManagement] INFO  server.RaftServerConfigKeys (ConfUtils.java:logGet(46)) - raft.server.read.timeout = 10s (default)
2024-08-15 10:20:07,536 [2c076085-4a54-4643-8427-8625b9ee6dbf-groupManagement] INFO  server.RaftServerConfigKeys (ConfUtils.java:logGet(46)) - raft.server.retrycache.expirytime = 600000ms (custom)
2024-08-15 10:20:07,536 [2c076085-4a54-4643-8427-8625b9ee6dbf-groupManagement] INFO  server.RaftServerConfigKeys (ConfUtils.java:logGet(46)) - raft.server.retrycache.statistics.expirytime = 100ms (default)
2024-08-15 10:20:07,536 [2c076085-4a54-4643-8427-8625b9ee6dbf-groupManagement] INFO  server.RaftServerConfigKeys (ConfUtils.java:logGet(46)) - raft.server.read.option = DEFAULT (default)
2024-08-15 10:20:07,536 [2c076085-4a54-4643-8427-8625b9ee6dbf-groupManagement] INFO  server.RaftServerConfigKeys (ConfUtils.java:logGet(46)) - raft.server.read.read-after-write-consistent.write-index-cache.expiry-time = 60s (default)
2024-08-15 10:20:07,541 [2c076085-4a54-4643-8427-8625b9ee6dbf-groupManagement] INFO  server.RaftServerConfigKeys (ConfUtils.java:logGet(46)) - raft.server.rpc.request.timeout = 3000ms (default)
2024-08-15 10:20:07,541 [2c076085-4a54-4643-8427-8625b9ee6dbf-groupManagement] INFO  server.RaftServerConfigKeys (ConfUtils.java:logGet(46)) - raft.server.log.appender.install.snapshot.enabled = false (custom)
2024-08-15 10:20:07,541 [2c076085-4a54-4643-8427-8625b9ee6dbf-groupManagement] INFO  server.RaftServerConfigKeys (ConfUtils.java:logGet(46)) - raft.server.threadpool.server.cached = true (default)
2024-08-15 10:20:07,541 [2c076085-4a54-4643-8427-8625b9ee6dbf-groupManagement] INFO  server.RaftServerConfigKeys (ConfUtils.java:logGet(46)) - raft.server.threadpool.server.size = 0 (default)
2024-08-15 10:20:07,541 [2c076085-4a54-4643-8427-8625b9ee6dbf-groupManagement] INFO  server.RaftServerConfigKeys (ConfUtils.java:logGet(46)) - raft.server.threadpool.client.cached = true (default)
2024-08-15 10:20:07,541 [2c076085-4a54-4643-8427-8625b9ee6dbf-groupManagement] INFO  server.RaftServerConfigKeys (ConfUtils.java:logGet(46)) - raft.server.threadpool.client.size = 0 (default)
2024-08-15 10:20:07,541 [2c076085-4a54-4643-8427-8625b9ee6dbf-groupManagement] INFO  server.RaftServerConfigKeys (ConfUtils.java:logGet(46)) - raft.server.storage.free-space.min = 0MB (=0) (default)
2024-08-15 10:20:07,542 [2c076085-4a54-4643-8427-8625b9ee6dbf-groupManagement] INFO  server.RaftServerConfigKeys (ConfUtils.java:logGet(46)) - raft.server.log.corruption.policy = EXCEPTION (default)
2024-08-15 10:20:07,542 [2c076085-4a54-4643-8427-8625b9ee6dbf-groupManagement] INFO  server.RaftServerConfigKeys (ConfUtils.java:logGet(46)) - raft.server.storage.dir = [/home/runner/work/ozone/ozone/hadoop-ozone/integration-test/target/test-dir/MiniOzoneClusterImpl-4fe7c5bf-ca33-4415-93e0-e252006dfa59/ozone-meta/datanode-1/ratis] (custom)
2024-08-15 10:20:07,542 [2c076085-4a54-4643-8427-8625b9ee6dbf-groupManagement] INFO  storage.RaftStorageDirectory (RaftStorageDirectoryImpl.java:analyzeStorage(138)) - The storage directory /home/runner/work/ozone/ozone/hadoop-ozone/integration-test/target/test-dir/MiniOzoneClusterImpl-4fe7c5bf-ca33-4415-93e0-e252006dfa59/ozone-meta/datanode-1/ratis/00e62d00-e01e-4f85-b9d2-765ce0dd5138 does not exist. Creating ...
2024-08-15 10:20:07,543 [2c076085-4a54-4643-8427-8625b9ee6dbf-groupManagement] INFO  storage.RaftStorageDirectory (RaftStorageDirectoryImpl.java:tryLock(229)) - Lock on /home/runner/work/ozone/ozone/hadoop-ozone/integration-test/target/test-dir/MiniOzoneClusterImpl-4fe7c5bf-ca33-4415-93e0-e252006dfa59/ozone-meta/datanode-1/ratis/00e62d00-e01e-4f85-b9d2-765ce0dd5138/in_use.lock acquired by nodename 113339@fv-az1107-352
2024-08-15 10:20:07,544 [2c076085-4a54-4643-8427-8625b9ee6dbf-groupManagement] INFO  storage.RaftStorage (RaftStorageImpl.java:format(98)) - Storage directory /home/runner/work/ozone/ozone/hadoop-ozone/integration-test/target/test-dir/MiniOzoneClusterImpl-4fe7c5bf-ca33-4415-93e0-e252006dfa59/ozone-meta/datanode-1/ratis/00e62d00-e01e-4f85-b9d2-765ce0dd5138 has been successfully formatted.
2024-08-15 10:20:07,544 [2c076085-4a54-4643-8427-8625b9ee6dbf-groupManagement] INFO  ratis.ContainerStateMachine (ContainerStateMachine.java:loadSnapshot(295)) - group-765CE0DD5138: The snapshot info is null. Setting the last applied index to:(t:0, i:~)
2024-08-15 10:20:07,544 [2c076085-4a54-4643-8427-8625b9ee6dbf-groupManagement] INFO  server.RaftServerConfigKeys (ConfUtils.java:logGet(46)) - raft.server.log.use.memory = false (default)
2024-08-15 10:20:07,545 [2c076085-4a54-4643-8427-8625b9ee6dbf-groupManagement] INFO  server.RaftServerConfigKeys (ConfUtils.java:logGet(46)) - raft.server.log.purge.gap = 1000000 (custom)
2024-08-15 10:20:07,545 [2c076085-4a54-4643-8427-8625b9ee6dbf-groupManagement] INFO  server.RaftServerConfigKeys (ConfUtils.java:logGet(46)) - raft.server.log.appender.buffer.byte-limit = 8388608 (custom)
2024-08-15 10:20:07,545 [2c076085-4a54-4643-8427-8625b9ee6dbf-groupManagement] INFO  server.RaftServerConfigKeys (ConfUtils.java:logGet(46)) - raft.server.log.statemachine.data.read.timeout = 1000ms (default)
2024-08-15 10:20:07,545 [2c076085-4a54-4643-8427-8625b9ee6dbf-groupManagement] INFO  server.RaftServerConfigKeys (ConfUtils.java:logGet(46)) - raft.server.log.purge.preservation.log.num = 0 (default)
2024-08-15 10:20:07,545 [EventQueue-PipelineReportForPipelineReportHandler] INFO  pipeline.PipelineReportHandler (PipelineReportHandler.java:processPipelineReport(136)) - Opened pipeline PipelineID=00e62d00-e01e-4f85-b9d2-765ce0dd5138
2024-08-15 10:20:07,546 [EventQueue-OpenPipelineForHealthyPipelineSafeModeRule] INFO  safemode.SCMSafeModeManager (HealthyPipelineSafeModeRule.java:process(140)) - SCM in safe mode. Healthy pipelines reported count is 0, required healthy pipeline reported count is 1
2024-08-15 10:20:07,547 [2c076085-4a54-4643-8427-8625b9ee6dbf-groupManagement] INFO  server.RaftServerConfigKeys (ConfUtils.java:logGet(46)) - raft.server.log.segment.size.max = 67108864 (custom)
2024-08-15 10:20:07,547 [2c076085-4a54-4643-8427-8625b9ee6dbf-groupManagement] INFO  server.RaftServerConfigKeys (ConfUtils.java:logGet(46)) - raft.server.log.segment.cache.num.max = 2 (custom)
2024-08-15 10:20:07,547 [2c076085-4a54-4643-8427-8625b9ee6dbf-groupManagement] INFO  server.RaftServerConfigKeys (ConfUtils.java:logGet(46)) - raft.server.log.segment.cache.size.max = 200MB (=209715200) (default)
2024-08-15 10:20:07,547 [2c076085-4a54-4643-8427-8625b9ee6dbf-groupManagement] INFO  server.RaftServerConfigKeys (ConfUtils.java:logGet(46)) - raft.server.log.appender.buffer.byte-limit = 8388608 (custom)
2024-08-15 10:20:07,548 [2c076085-4a54-4643-8427-8625b9ee6dbf-groupManagement] INFO  util.AwaitToRun (AwaitToRun.java:start(81)) - Thread[2c076085-4a54-4643-8427-8625b9ee6dbf@group-765CE0DD5138-cacheEviction-AwaitToRun,5,main] started
2024-08-15 10:20:07,548 [2c076085-4a54-4643-8427-8625b9ee6dbf-groupManagement] INFO  segmented.SegmentedRaftLogWorker (SegmentedRaftLogWorker.java:<init>(184)) - new 2c076085-4a54-4643-8427-8625b9ee6dbf@group-765CE0DD5138-SegmentedRaftLogWorker for RaftStorageImpl:Storage Directory /home/runner/work/ozone/ozone/hadoop-ozone/integration-test/target/test-dir/MiniOzoneClusterImpl-4fe7c5bf-ca33-4415-93e0-e252006dfa59/ozone-meta/datanode-1/ratis/00e62d00-e01e-4f85-b9d2-765ce0dd5138
2024-08-15 10:20:07,548 [2c076085-4a54-4643-8427-8625b9ee6dbf-groupManagement] INFO  server.RaftServerConfigKeys (ConfUtils.java:logGet(46)) - raft.server.log.queue.byte-limit = 4294967296 (custom)
2024-08-15 10:20:07,548 [2c076085-4a54-4643-8427-8625b9ee6dbf-groupManagement] INFO  server.RaftServerConfigKeys (ConfUtils.java:logGet(46)) - raft.server.log.queue.element-limit = 1024 (custom)
2024-08-15 10:20:07,548 [2c076085-4a54-4643-8427-8625b9ee6dbf-groupManagement] INFO  server.RaftServerConfigKeys (ConfUtils.java:logGet(46)) - raft.server.log.segment.size.max = 67108864 (custom)
2024-08-15 10:20:07,548 [2c076085-4a54-4643-8427-8625b9ee6dbf-groupManagement] INFO  server.RaftServerConfigKeys (ConfUtils.java:logGet(46)) - raft.server.log.preallocated.size = 4194304 (custom)
2024-08-15 10:20:07,548 [2c076085-4a54-4643-8427-8625b9ee6dbf-groupManagement] INFO  server.RaftServerConfigKeys (ConfUtils.java:logGet(46)) - raft.server.log.force.sync.num = 128 (default)
2024-08-15 10:20:07,548 [2c076085-4a54-4643-8427-8625b9ee6dbf-groupManagement] INFO  server.RaftServerConfigKeys (ConfUtils.java:logGet(46)) - raft.server.log.statemachine.data.sync = true (default)
2024-08-15 10:20:07,548 [2c076085-4a54-4643-8427-8625b9ee6dbf-groupManagement] INFO  server.RaftServerConfigKeys (ConfUtils.java:logGet(46)) - raft.server.log.statemachine.data.sync.timeout = 10s (default)
2024-08-15 10:20:07,548 [2c076085-4a54-4643-8427-8625b9ee6dbf-groupManagement] INFO  server.RaftServerConfigKeys (ConfUtils.java:logGet(46)) - raft.server.log.statemachine.data.sync.timeout.retry = 30 (custom)
2024-08-15 10:20:07,549 [2c076085-4a54-4643-8427-8625b9ee6dbf-groupManagement] INFO  server.RaftServerConfigKeys (ConfUtils.java:logGet(46)) - raft.server.log.write.buffer.size = 8388616 (custom)
2024-08-15 10:20:07,551 [2c076085-4a54-4643-8427-8625b9ee6dbf-groupManagement] INFO  server.RaftServerConfigKeys (ConfUtils.java:logGet(46)) - raft.server.log.appender.buffer.byte-limit = 8388608 (custom)
2024-08-15 10:20:07,551 [2c076085-4a54-4643-8427-8625b9ee6dbf-groupManagement] INFO  server.RaftServerConfigKeys (ConfUtils.java:logGet(46)) - raft.server.log.unsafe-flush.enabled = false (default)
2024-08-15 10:20:07,551 [2c076085-4a54-4643-8427-8625b9ee6dbf-groupManagement] INFO  server.RaftServerConfigKeys (ConfUtils.java:logGet(46)) - raft.server.log.async-flush.enabled = false (default)
2024-08-15 10:20:07,551 [2c076085-4a54-4643-8427-8625b9ee6dbf-groupManagement] INFO  server.RaftServerConfigKeys (ConfUtils.java:logGet(46)) - raft.server.log.statemachine.data.caching.enabled = true (custom)
2024-08-15 10:20:07,551 [2c076085-4a54-4643-8427-8625b9ee6dbf-groupManagement] INFO  segmented.SegmentedRaftLogWorker (SegmentedRaftLogWorker.java:lambda$new$0(135)) - 2c076085-4a54-4643-8427-8625b9ee6dbf@group-765CE0DD5138-SegmentedRaftLogWorker: flushIndex: setUnconditionally 0 -> -1
2024-08-15 10:20:07,551 [2c076085-4a54-4643-8427-8625b9ee6dbf-groupManagement] INFO  segmented.SegmentedRaftLogWorker (SegmentedRaftLogWorker.java:lambda$new$0(135)) - 2c076085-4a54-4643-8427-8625b9ee6dbf@group-765CE0DD5138-SegmentedRaftLogWorker: safeCacheEvictIndex: setUnconditionally 0 -> -1
2024-08-15 10:20:07,551 [2c076085-4a54-4643-8427-8625b9ee6dbf-groupManagement] INFO  server.RaftServer$Division (RaftServerImpl.java:start(389)) - 2c076085-4a54-4643-8427-8625b9ee6dbf@group-765CE0DD5138: start as a follower, conf=conf: {index: -1, cur=peers:[2c076085-4a54-4643-8427-8625b9ee6dbf|127.0.0.1:15595]|listeners:[], old=null}
2024-08-15 10:20:07,551 [2c076085-4a54-4643-8427-8625b9ee6dbf-groupManagement] INFO  server.RaftServer$Division (RaftServerImpl.java:setRole(376)) - 2c076085-4a54-4643-8427-8625b9ee6dbf@group-765CE0DD5138: changes role from      null to FOLLOWER at term 0 for startAsFollower
2024-08-15 10:20:07,551 [2c076085-4a54-4643-8427-8625b9ee6dbf-groupManagement] INFO  impl.RoleInfo (RoleInfo.java:updateAndGet(148)) - 2c076085-4a54-4643-8427-8625b9ee6dbf: start 2c076085-4a54-4643-8427-8625b9ee6dbf@group-765CE0DD5138-FollowerState
2024-08-15 10:20:07,552 [2c076085-4a54-4643-8427-8625b9ee6dbf@group-765CE0DD5138-FollowerState] INFO  server.RaftServerConfigKeys (ConfUtils.java:logFallback(53)) - raft.server.rpc.first-election.timeout.min = 5s (fallback to raft.server.rpc.timeout.min)
2024-08-15 10:20:07,552 [2c076085-4a54-4643-8427-8625b9ee6dbf@group-765CE0DD5138-FollowerState] INFO  server.RaftServerConfigKeys (ConfUtils.java:logFallback(53)) - raft.server.rpc.first-election.timeout.max = 5200ms (fallback to raft.server.rpc.timeout.max)
2024-08-15 10:20:07,552 [2c076085-4a54-4643-8427-8625b9ee6dbf-groupManagement] INFO  util.JmxRegister (JmxRegister.java:tryRegister(44)) - Successfully registered JMX Bean with object name Ratis:service=RaftServer,group=group-765CE0DD5138,id=2c076085-4a54-4643-8427-8625b9ee6dbf
2024-08-15 10:20:07,552 [2c076085-4a54-4643-8427-8625b9ee6dbf-groupManagement] INFO  util.JmxRegister (JmxRegister.java:register(58)) - register mxBean class org.apache.ratis.server.impl.RaftServerJmxAdapter as Ratis:service=RaftServer,group=group-765CE0DD5138,id=2c076085-4a54-4643-8427-8625b9ee6dbf
2024-08-15 10:20:07,552 [2c076085-4a54-4643-8427-8625b9ee6dbf-groupManagement] INFO  server.RaftServerConfigKeys (ConfUtils.java:logGet(46)) - raft.server.snapshot.trigger-when-stop.enabled = true (default)
2024-08-15 10:20:07,552 [2c076085-4a54-4643-8427-8625b9ee6dbf-groupManagement] INFO  server.RaftServerConfigKeys (ConfUtils.java:logGet(46)) - raft.server.snapshot.trigger-when-remove.enabled = true (default)
2024-08-15 10:20:07,552 [2c076085-4a54-4643-8427-8625b9ee6dbf-groupManagement] INFO  server.RaftServerConfigKeys (ConfUtils.java:logGet(46)) - raft.server.snapshot.auto.trigger.enabled = true (custom)
2024-08-15 10:20:07,552 [2c076085-4a54-4643-8427-8625b9ee6dbf-groupManagement] INFO  server.RaftServerConfigKeys (ConfUtils.java:logGet(46)) - raft.server.snapshot.auto.trigger.threshold = 10000 (custom)
2024-08-15 10:20:07,552 [2c076085-4a54-4643-8427-8625b9ee6dbf-groupManagement] INFO  server.RaftServerConfigKeys (ConfUtils.java:logGet(46)) - raft.server.snapshot.retention.file.num = 5 (custom)
2024-08-15 10:20:07,553 [2c076085-4a54-4643-8427-8625b9ee6dbf-groupManagement] INFO  server.RaftServerConfigKeys (ConfUtils.java:logGet(46)) - raft.server.log.purge.upto.snapshot.index = false (default)
2024-08-15 10:20:07,553 [2c076085-4a54-4643-8427-8625b9ee6dbf-PipelineCommandHandlerThread-0] INFO  ratis.XceiverServerRatis (XceiverServerRatis.java:addGroup(850)) - Created group PipelineID=00e62d00-e01e-4f85-b9d2-765ce0dd5138
2024-08-15 10:20:07,553 [2c076085-4a54-4643-8427-8625b9ee6dbf-PipelineCommandHandlerThread-0] INFO  commandhandler.CreatePipelineCommandHandler (CreatePipelineCommandHandler.java:lambda$handle$2(124)) - Created Pipeline RATIS ONE PipelineID=00e62d00-e01e-4f85-b9d2-765ce0dd5138.
2024-08-15 10:20:07,554 [2c076085-4a54-4643-8427-8625b9ee6dbf-PipelineCommandHandlerThread-0] INFO  server.RaftServer (RaftServerProxy.java:addNew(101)) - 2c076085-4a54-4643-8427-8625b9ee6dbf: addNew group-F226EF581AA3:[2c076085-4a54-4643-8427-8625b9ee6dbf|127.0.0.1:15595, 298890a6-3c3b-4de0-a9db-67f24322077e|127.0.0.1:15613, 0825ce75-4a52-449f-9036-c8a968d40eda|127.0.0.1:15604] returns group-F226EF581AA3:java.util.concurrent.CompletableFuture@697c02de[Not completed]
2024-08-15 10:20:07,554 [2c076085-4a54-4643-8427-8625b9ee6dbf-groupManagement] INFO  server.RaftServer$Division (RaftServerImpl.java:<init>(253)) - 2c076085-4a54-4643-8427-8625b9ee6dbf: new RaftServerImpl for group-F226EF581AA3:[2c076085-4a54-4643-8427-8625b9ee6dbf|127.0.0.1:15595, 298890a6-3c3b-4de0-a9db-67f24322077e|127.0.0.1:15613, 0825ce75-4a52-449f-9036-c8a968d40eda|127.0.0.1:15604] with ContainerStateMachine:uninitialized
2024-08-15 10:20:07,554 [2c076085-4a54-4643-8427-8625b9ee6dbf-groupManagement] INFO  server.RaftServerConfigKeys (ConfUtils.java:logGet(46)) - raft.server.rpc.timeout.min = 5s (custom)
2024-08-15 10:20:07,554 [2c076085-4a54-4643-8427-8625b9ee6dbf-groupManagement] INFO  server.RaftServerConfigKeys (ConfUtils.java:logGet(46)) - raft.server.rpc.timeout.max = 5200ms (custom)
2024-08-15 10:20:07,554 [2c076085-4a54-4643-8427-8625b9ee6dbf-groupManagement] INFO  server.RaftServerConfigKeys (ConfUtils.java:logGet(46)) - raft.server.rpc.sleep.time = 25ms (default)
2024-08-15 10:20:07,554 [2c076085-4a54-4643-8427-8625b9ee6dbf-groupManagement] INFO  server.RaftServerConfigKeys (ConfUtils.java:logGet(46)) - raft.server.rpc.slowness.timeout = 300000ms (custom)
2024-08-15 10:20:07,554 [2c076085-4a54-4643-8427-8625b9ee6dbf-groupManagement] INFO  server.RaftServerConfigKeys (ConfUtils.java:logGet(46)) - raft.server.leaderelection.leader.step-down.wait-time = 10s (default)
2024-08-15 10:20:07,555 [2c076085-4a54-4643-8427-8625b9ee6dbf-groupManagement] INFO  server.RaftServerConfigKeys (ConfUtils.java:logGet(46)) - raft.server.leaderelection.member.majority-add = false (default)
2024-08-15 10:20:07,555 [2c076085-4a54-4643-8427-8625b9ee6dbf-groupManagement] INFO  server.RaftServerConfigKeys (ConfUtils.java:logGet(46)) - raft.server.sleep.deviation.threshold = 300ms (default)
2024-08-15 10:20:07,555 [2c076085-4a54-4643-8427-8625b9ee6dbf-groupManagement] INFO  server.RaftServer$Division (ServerState.java:<init>(114)) - 2c076085-4a54-4643-8427-8625b9ee6dbf@group-F226EF581AA3: ConfigurationManager, init=conf: {index: -1, cur=peers:[2c076085-4a54-4643-8427-8625b9ee6dbf|127.0.0.1:15595, 298890a6-3c3b-4de0-a9db-67f24322077e|127.0.0.1:15613, 0825ce75-4a52-449f-9036-c8a968d40eda|127.0.0.1:15604]|listeners:[], old=null}, confs=<EMPTY_MAP>
2024-08-15 10:20:07,555 [2c076085-4a54-4643-8427-8625b9ee6dbf-groupManagement] INFO  server.RaftServerConfigKeys (ConfUtils.java:logGet(46)) - raft.server.notification.no-leader.timeout = 300000ms (custom)
2024-08-15 10:20:07,555 [2c076085-4a54-4643-8427-8625b9ee6dbf-groupManagement] INFO  server.RaftServerConfigKeys (ConfUtils.java:logGet(46)) - raft.server.read.timeout = 10s (default)
2024-08-15 10:20:07,555 [2c076085-4a54-4643-8427-8625b9ee6dbf-groupManagement] INFO  server.RaftServerConfigKeys (ConfUtils.java:logGet(46)) - raft.server.retrycache.expirytime = 600000ms (custom)
2024-08-15 10:20:07,555 [2c076085-4a54-4643-8427-8625b9ee6dbf-groupManagement] INFO  server.RaftServerConfigKeys (ConfUtils.java:logGet(46)) - raft.server.retrycache.statistics.expirytime = 100ms (default)
2024-08-15 10:20:07,555 [2c076085-4a54-4643-8427-8625b9ee6dbf-groupManagement] INFO  server.RaftServerConfigKeys (ConfUtils.java:logGet(46)) - raft.server.read.option = DEFAULT (default)
2024-08-15 10:20:07,555 [2c076085-4a54-4643-8427-8625b9ee6dbf-groupManagement] INFO  server.RaftServerConfigKeys (ConfUtils.java:logGet(46)) - raft.server.read.read-after-write-consistent.write-index-cache.expiry-time = 60s (default)
2024-08-15 10:20:07,559 [2c076085-4a54-4643-8427-8625b9ee6dbf-groupManagement] INFO  server.RaftServerConfigKeys (ConfUtils.java:logGet(46)) - raft.server.rpc.request.timeout = 3000ms (default)
2024-08-15 10:20:07,559 [2c076085-4a54-4643-8427-8625b9ee6dbf-groupManagement] INFO  server.RaftServerConfigKeys (ConfUtils.java:logGet(46)) - raft.server.log.appender.install.snapshot.enabled = false (custom)
2024-08-15 10:20:07,559 [2c076085-4a54-4643-8427-8625b9ee6dbf-groupManagement] INFO  server.RaftServerConfigKeys (ConfUtils.java:logGet(46)) - raft.server.threadpool.server.cached = true (default)
2024-08-15 10:20:07,559 [2c076085-4a54-4643-8427-8625b9ee6dbf-groupManagement] INFO  server.RaftServerConfigKeys (ConfUtils.java:logGet(46)) - raft.server.threadpool.server.size = 0 (default)
2024-08-15 10:20:07,559 [2c076085-4a54-4643-8427-8625b9ee6dbf-groupManagement] INFO  server.RaftServerConfigKeys (ConfUtils.java:logGet(46)) - raft.server.threadpool.client.cached = true (default)
2024-08-15 10:20:07,559 [2c076085-4a54-4643-8427-8625b9ee6dbf-groupManagement] INFO  server.RaftServerConfigKeys (ConfUtils.java:logGet(46)) - raft.server.threadpool.client.size = 0 (default)
2024-08-15 10:20:07,559 [2c076085-4a54-4643-8427-8625b9ee6dbf-groupManagement] INFO  server.RaftServerConfigKeys (ConfUtils.java:logGet(46)) - raft.server.storage.free-space.min = 0MB (=0) (default)
2024-08-15 10:20:07,559 [2c076085-4a54-4643-8427-8625b9ee6dbf-groupManagement] INFO  server.RaftServerConfigKeys (ConfUtils.java:logGet(46)) - raft.server.log.corruption.policy = EXCEPTION (default)
2024-08-15 10:20:07,559 [2c076085-4a54-4643-8427-8625b9ee6dbf-groupManagement] INFO  server.RaftServerConfigKeys (ConfUtils.java:logGet(46)) - raft.server.storage.dir = [/home/runner/work/ozone/ozone/hadoop-ozone/integration-test/target/test-dir/MiniOzoneClusterImpl-4fe7c5bf-ca33-4415-93e0-e252006dfa59/ozone-meta/datanode-1/ratis] (custom)
2024-08-15 10:20:07,560 [2c076085-4a54-4643-8427-8625b9ee6dbf-groupManagement] INFO  storage.RaftStorageDirectory (RaftStorageDirectoryImpl.java:analyzeStorage(138)) - The storage directory /home/runner/work/ozone/ozone/hadoop-ozone/integration-test/target/test-dir/MiniOzoneClusterImpl-4fe7c5bf-ca33-4415-93e0-e252006dfa59/ozone-meta/datanode-1/ratis/81b02960-be57-4a48-af10-f226ef581aa3 does not exist. Creating ...
2024-08-15 10:20:07,561 [2c076085-4a54-4643-8427-8625b9ee6dbf-groupManagement] INFO  storage.RaftStorageDirectory (RaftStorageDirectoryImpl.java:tryLock(229)) - Lock on /home/runner/work/ozone/ozone/hadoop-ozone/integration-test/target/test-dir/MiniOzoneClusterImpl-4fe7c5bf-ca33-4415-93e0-e252006dfa59/ozone-meta/datanode-1/ratis/81b02960-be57-4a48-af10-f226ef581aa3/in_use.lock acquired by nodename 113339@fv-az1107-352
2024-08-15 10:20:07,561 [2c076085-4a54-4643-8427-8625b9ee6dbf-groupManagement] INFO  storage.RaftStorage (RaftStorageImpl.java:format(98)) - Storage directory /home/runner/work/ozone/ozone/hadoop-ozone/integration-test/target/test-dir/MiniOzoneClusterImpl-4fe7c5bf-ca33-4415-93e0-e252006dfa59/ozone-meta/datanode-1/ratis/81b02960-be57-4a48-af10-f226ef581aa3 has been successfully formatted.
2024-08-15 10:20:07,562 [2c076085-4a54-4643-8427-8625b9ee6dbf-groupManagement] INFO  ratis.ContainerStateMachine (ContainerStateMachine.java:loadSnapshot(295)) - group-F226EF581AA3: The snapshot info is null. Setting the last applied index to:(t:0, i:~)
2024-08-15 10:20:07,562 [EventQueue-OpenPipelineForHealthyPipelineSafeModeRule] INFO  safemode.SCMSafeModeManager (HealthyPipelineSafeModeRule.java:process(140)) - SCM in safe mode. Healthy pipelines reported count is 0, required healthy pipeline reported count is 1
2024-08-15 10:20:07,563 [2c076085-4a54-4643-8427-8625b9ee6dbf-groupManagement] INFO  server.RaftServerConfigKeys (ConfUtils.java:logGet(46)) - raft.server.log.use.memory = false (default)
2024-08-15 10:20:07,563 [2c076085-4a54-4643-8427-8625b9ee6dbf-groupManagement] INFO  server.RaftServerConfigKeys (ConfUtils.java:logGet(46)) - raft.server.log.purge.gap = 1000000 (custom)
2024-08-15 10:20:07,563 [2c076085-4a54-4643-8427-8625b9ee6dbf-groupManagement] INFO  server.RaftServerConfigKeys (ConfUtils.java:logGet(46)) - raft.server.log.appender.buffer.byte-limit = 8388608 (custom)
2024-08-15 10:20:07,563 [2c076085-4a54-4643-8427-8625b9ee6dbf-groupManagement] INFO  server.RaftServerConfigKeys (ConfUtils.java:logGet(46)) - raft.server.log.statemachine.data.read.timeout = 1000ms (default)
2024-08-15 10:20:07,563 [2c076085-4a54-4643-8427-8625b9ee6dbf-groupManagement] INFO  server.RaftServerConfigKeys (ConfUtils.java:logGet(46)) - raft.server.log.purge.preservation.log.num = 0 (default)
2024-08-15 10:20:07,565 [2c076085-4a54-4643-8427-8625b9ee6dbf-groupManagement] INFO  server.RaftServerConfigKeys (ConfUtils.java:logGet(46)) - raft.server.log.segment.size.max = 67108864 (custom)
2024-08-15 10:20:07,565 [2c076085-4a54-4643-8427-8625b9ee6dbf-groupManagement] INFO  server.RaftServerConfigKeys (ConfUtils.java:logGet(46)) - raft.server.log.segment.cache.num.max = 2 (custom)
2024-08-15 10:20:07,565 [2c076085-4a54-4643-8427-8625b9ee6dbf-groupManagement] INFO  server.RaftServerConfigKeys (ConfUtils.java:logGet(46)) - raft.server.log.segment.cache.size.max = 200MB (=209715200) (default)
2024-08-15 10:20:07,565 [2c076085-4a54-4643-8427-8625b9ee6dbf-groupManagement] INFO  server.RaftServerConfigKeys (ConfUtils.java:logGet(46)) - raft.server.log.appender.buffer.byte-limit = 8388608 (custom)
2024-08-15 10:20:07,566 [2c076085-4a54-4643-8427-8625b9ee6dbf-groupManagement] INFO  util.AwaitToRun (AwaitToRun.java:start(81)) - Thread[2c076085-4a54-4643-8427-8625b9ee6dbf@group-F226EF581AA3-cacheEviction-AwaitToRun,5,main] started
2024-08-15 10:20:07,566 [2c076085-4a54-4643-8427-8625b9ee6dbf-groupManagement] INFO  segmented.SegmentedRaftLogWorker (SegmentedRaftLogWorker.java:<init>(184)) - new 2c076085-4a54-4643-8427-8625b9ee6dbf@group-F226EF581AA3-SegmentedRaftLogWorker for RaftStorageImpl:Storage Directory /home/runner/work/ozone/ozone/hadoop-ozone/integration-test/target/test-dir/MiniOzoneClusterImpl-4fe7c5bf-ca33-4415-93e0-e252006dfa59/ozone-meta/datanode-1/ratis/81b02960-be57-4a48-af10-f226ef581aa3
2024-08-15 10:20:07,566 [2c076085-4a54-4643-8427-8625b9ee6dbf-groupManagement] INFO  server.RaftServerConfigKeys (ConfUtils.java:logGet(46)) - raft.server.log.queue.byte-limit = 4294967296 (custom)
2024-08-15 10:20:07,566 [2c076085-4a54-4643-8427-8625b9ee6dbf-groupManagement] INFO  server.RaftServerConfigKeys (ConfUtils.java:logGet(46)) - raft.server.log.queue.element-limit = 1024 (custom)
2024-08-15 10:20:07,566 [2c076085-4a54-4643-8427-8625b9ee6dbf-groupManagement] INFO  server.RaftServerConfigKeys (ConfUtils.java:logGet(46)) - raft.server.log.segment.size.max = 67108864 (custom)
2024-08-15 10:20:07,566 [2c076085-4a54-4643-8427-8625b9ee6dbf-groupManagement] INFO  server.RaftServerConfigKeys (ConfUtils.java:logGet(46)) - raft.server.log.preallocated.size = 4194304 (custom)
2024-08-15 10:20:07,566 [2c076085-4a54-4643-8427-8625b9ee6dbf-groupManagement] INFO  server.RaftServerConfigKeys (ConfUtils.java:logGet(46)) - raft.server.log.force.sync.num = 128 (default)
2024-08-15 10:20:07,566 [2c076085-4a54-4643-8427-8625b9ee6dbf-groupManagement] INFO  server.RaftServerConfigKeys (ConfUtils.java:logGet(46)) - raft.server.log.statemachine.data.sync = true (default)
2024-08-15 10:20:07,566 [2c076085-4a54-4643-8427-8625b9ee6dbf-groupManagement] INFO  server.RaftServerConfigKeys (ConfUtils.java:logGet(46)) - raft.server.log.statemachine.data.sync.timeout = 10s (default)
2024-08-15 10:20:07,566 [2c076085-4a54-4643-8427-8625b9ee6dbf-groupManagement] INFO  server.RaftServerConfigKeys (ConfUtils.java:logGet(46)) - raft.server.log.statemachine.data.sync.timeout.retry = 30 (custom)
2024-08-15 10:20:07,567 [2c076085-4a54-4643-8427-8625b9ee6dbf-groupManagement] INFO  server.RaftServerConfigKeys (ConfUtils.java:logGet(46)) - raft.server.log.write.buffer.size = 8388616 (custom)
2024-08-15 10:20:07,568 [2c076085-4a54-4643-8427-8625b9ee6dbf-groupManagement] INFO  server.RaftServerConfigKeys (ConfUtils.java:logGet(46)) - raft.server.log.appender.buffer.byte-limit = 8388608 (custom)
2024-08-15 10:20:07,568 [2c076085-4a54-4643-8427-8625b9ee6dbf-groupManagement] INFO  server.RaftServerConfigKeys (ConfUtils.java:logGet(46)) - raft.server.log.unsafe-flush.enabled = false (default)
2024-08-15 10:20:07,568 [2c076085-4a54-4643-8427-8625b9ee6dbf-groupManagement] INFO  server.RaftServerConfigKeys (ConfUtils.java:logGet(46)) - raft.server.log.async-flush.enabled = false (default)
2024-08-15 10:20:07,568 [2c076085-4a54-4643-8427-8625b9ee6dbf-groupManagement] INFO  server.RaftServerConfigKeys (ConfUtils.java:logGet(46)) - raft.server.log.statemachine.data.caching.enabled = true (custom)
2024-08-15 10:20:07,569 [2c076085-4a54-4643-8427-8625b9ee6dbf-groupManagement] INFO  segmented.SegmentedRaftLogWorker (SegmentedRaftLogWorker.java:lambda$new$0(135)) - 2c076085-4a54-4643-8427-8625b9ee6dbf@group-F226EF581AA3-SegmentedRaftLogWorker: flushIndex: setUnconditionally 0 -> -1
2024-08-15 10:20:07,569 [2c076085-4a54-4643-8427-8625b9ee6dbf-groupManagement] INFO  segmented.SegmentedRaftLogWorker (SegmentedRaftLogWorker.java:lambda$new$0(135)) - 2c076085-4a54-4643-8427-8625b9ee6dbf@group-F226EF581AA3-SegmentedRaftLogWorker: safeCacheEvictIndex: setUnconditionally 0 -> -1
2024-08-15 10:20:07,569 [2c076085-4a54-4643-8427-8625b9ee6dbf-groupManagement] INFO  server.RaftServer$Division (RaftServerImpl.java:start(389)) - 2c076085-4a54-4643-8427-8625b9ee6dbf@group-F226EF581AA3: start as a follower, conf=conf: {index: -1, cur=peers:[2c076085-4a54-4643-8427-8625b9ee6dbf|127.0.0.1:15595, 298890a6-3c3b-4de0-a9db-67f24322077e|127.0.0.1:15613, 0825ce75-4a52-449f-9036-c8a968d40eda|127.0.0.1:15604]|listeners:[], old=null}
2024-08-15 10:20:07,569 [2c076085-4a54-4643-8427-8625b9ee6dbf-groupManagement] INFO  server.RaftServer$Division (RaftServerImpl.java:setRole(376)) - 2c076085-4a54-4643-8427-8625b9ee6dbf@group-F226EF581AA3: changes role from      null to FOLLOWER at term 0 for startAsFollower
2024-08-15 10:20:07,569 [2c076085-4a54-4643-8427-8625b9ee6dbf-groupManagement] INFO  impl.RoleInfo (RoleInfo.java:updateAndGet(148)) - 2c076085-4a54-4643-8427-8625b9ee6dbf: start 2c076085-4a54-4643-8427-8625b9ee6dbf@group-F226EF581AA3-FollowerState
2024-08-15 10:20:07,569 [2c076085-4a54-4643-8427-8625b9ee6dbf@group-F226EF581AA3-FollowerState] INFO  server.RaftServerConfigKeys (ConfUtils.java:logFallback(53)) - raft.server.rpc.first-election.timeout.min = 5s (fallback to raft.server.rpc.timeout.min)
2024-08-15 10:20:07,569 [2c076085-4a54-4643-8427-8625b9ee6dbf@group-F226EF581AA3-FollowerState] INFO  server.RaftServerConfigKeys (ConfUtils.java:logFallback(53)) - raft.server.rpc.first-election.timeout.max = 5200ms (fallback to raft.server.rpc.timeout.max)
2024-08-15 10:20:07,569 [2c076085-4a54-4643-8427-8625b9ee6dbf-groupManagement] INFO  util.JmxRegister (JmxRegister.java:tryRegister(44)) - Successfully registered JMX Bean with object name Ratis:service=RaftServer,group=group-F226EF581AA3,id=2c076085-4a54-4643-8427-8625b9ee6dbf
2024-08-15 10:20:07,569 [2c076085-4a54-4643-8427-8625b9ee6dbf-groupManagement] INFO  util.JmxRegister (JmxRegister.java:register(58)) - register mxBean class org.apache.ratis.server.impl.RaftServerJmxAdapter as Ratis:service=RaftServer,group=group-F226EF581AA3,id=2c076085-4a54-4643-8427-8625b9ee6dbf
2024-08-15 10:20:07,569 [2c076085-4a54-4643-8427-8625b9ee6dbf-groupManagement] INFO  server.RaftServerConfigKeys (ConfUtils.java:logGet(46)) - raft.server.snapshot.trigger-when-stop.enabled = true (default)
2024-08-15 10:20:07,569 [2c076085-4a54-4643-8427-8625b9ee6dbf-groupManagement] INFO  server.RaftServerConfigKeys (ConfUtils.java:logGet(46)) - raft.server.snapshot.trigger-when-remove.enabled = true (default)
2024-08-15 10:20:07,569 [2c076085-4a54-4643-8427-8625b9ee6dbf-groupManagement] INFO  server.RaftServerConfigKeys (ConfUtils.java:logGet(46)) - raft.server.snapshot.auto.trigger.enabled = true (custom)
2024-08-15 10:20:07,569 [2c076085-4a54-4643-8427-8625b9ee6dbf-groupManagement] INFO  server.RaftServerConfigKeys (ConfUtils.java:logGet(46)) - raft.server.snapshot.auto.trigger.threshold = 10000 (custom)
2024-08-15 10:20:07,570 [2c076085-4a54-4643-8427-8625b9ee6dbf-groupManagement] INFO  server.RaftServerConfigKeys (ConfUtils.java:logGet(46)) - raft.server.snapshot.retention.file.num = 5 (custom)
2024-08-15 10:20:07,570 [2c076085-4a54-4643-8427-8625b9ee6dbf-groupManagement] INFO  server.RaftServerConfigKeys (ConfUtils.java:logGet(46)) - raft.server.log.purge.upto.snapshot.index = false (default)
2024-08-15 10:20:07,570 [2c076085-4a54-4643-8427-8625b9ee6dbf-PipelineCommandHandlerThread-0] INFO  ratis.XceiverServerRatis (XceiverServerRatis.java:addGroup(850)) - Created group PipelineID=81b02960-be57-4a48-af10-f226ef581aa3
2024-08-15 10:20:07,574 [grpc-default-executor-0] INFO  server.RaftServer (RaftServerProxy.java:addNew(101)) - 298890a6-3c3b-4de0-a9db-67f24322077e: addNew group-F226EF581AA3:[2c076085-4a54-4643-8427-8625b9ee6dbf|127.0.0.1:15595, 298890a6-3c3b-4de0-a9db-67f24322077e|127.0.0.1:15613, 0825ce75-4a52-449f-9036-c8a968d40eda|127.0.0.1:15604] returns group-F226EF581AA3:java.util.concurrent.CompletableFuture@50a7bb3f[Not completed]
2024-08-15 10:20:07,575 [298890a6-3c3b-4de0-a9db-67f24322077e-groupManagement] INFO  server.RaftServer$Division (RaftServerImpl.java:<init>(253)) - 298890a6-3c3b-4de0-a9db-67f24322077e: new RaftServerImpl for group-F226EF581AA3:[2c076085-4a54-4643-8427-8625b9ee6dbf|127.0.0.1:15595, 298890a6-3c3b-4de0-a9db-67f24322077e|127.0.0.1:15613, 0825ce75-4a52-449f-9036-c8a968d40eda|127.0.0.1:15604] with ContainerStateMachine:uninitialized
2024-08-15 10:20:07,575 [298890a6-3c3b-4de0-a9db-67f24322077e-groupManagement] INFO  server.RaftServerConfigKeys (ConfUtils.java:logGet(46)) - raft.server.rpc.timeout.min = 5s (custom)
2024-08-15 10:20:07,575 [298890a6-3c3b-4de0-a9db-67f24322077e-groupManagement] INFO  server.RaftServerConfigKeys (ConfUtils.java:logGet(46)) - raft.server.rpc.timeout.max = 5200ms (custom)
2024-08-15 10:20:07,575 [298890a6-3c3b-4de0-a9db-67f24322077e-groupManagement] INFO  server.RaftServerConfigKeys (ConfUtils.java:logGet(46)) - raft.server.rpc.sleep.time = 25ms (default)
2024-08-15 10:20:07,575 [298890a6-3c3b-4de0-a9db-67f24322077e-groupManagement] INFO  server.RaftServerConfigKeys (ConfUtils.java:logGet(46)) - raft.server.rpc.slowness.timeout = 300000ms (custom)
2024-08-15 10:20:07,575 [298890a6-3c3b-4de0-a9db-67f24322077e-groupManagement] INFO  server.RaftServerConfigKeys (ConfUtils.java:logGet(46)) - raft.server.leaderelection.leader.step-down.wait-time = 10s (default)
2024-08-15 10:20:07,576 [298890a6-3c3b-4de0-a9db-67f24322077e-groupManagement] INFO  server.RaftServerConfigKeys (ConfUtils.java:logGet(46)) - raft.server.leaderelection.member.majority-add = false (default)
2024-08-15 10:20:07,576 [298890a6-3c3b-4de0-a9db-67f24322077e-groupManagement] INFO  server.RaftServerConfigKeys (ConfUtils.java:logGet(46)) - raft.server.sleep.deviation.threshold = 300ms (default)
2024-08-15 10:20:07,576 [298890a6-3c3b-4de0-a9db-67f24322077e-groupManagement] INFO  server.RaftServer$Division (ServerState.java:<init>(114)) - 298890a6-3c3b-4de0-a9db-67f24322077e@group-F226EF581AA3: ConfigurationManager, init=conf: {index: -1, cur=peers:[2c076085-4a54-4643-8427-8625b9ee6dbf|127.0.0.1:15595, 298890a6-3c3b-4de0-a9db-67f24322077e|127.0.0.1:15613, 0825ce75-4a52-449f-9036-c8a968d40eda|127.0.0.1:15604]|listeners:[], old=null}, confs=<EMPTY_MAP>
2024-08-15 10:20:07,576 [298890a6-3c3b-4de0-a9db-67f24322077e-groupManagement] INFO  server.RaftServerConfigKeys (ConfUtils.java:logGet(46)) - raft.server.notification.no-leader.timeout = 300000ms (custom)
2024-08-15 10:20:07,576 [298890a6-3c3b-4de0-a9db-67f24322077e-groupManagement] INFO  server.RaftServerConfigKeys (ConfUtils.java:logGet(46)) - raft.server.read.timeout = 10s (default)
2024-08-15 10:20:07,576 [298890a6-3c3b-4de0-a9db-67f24322077e-groupManagement] INFO  server.RaftServerConfigKeys (ConfUtils.java:logGet(46)) - raft.server.retrycache.expirytime = 600000ms (custom)
2024-08-15 10:20:07,577 [298890a6-3c3b-4de0-a9db-67f24322077e-groupManagement] INFO  server.RaftServerConfigKeys (ConfUtils.java:logGet(46)) - raft.server.retrycache.statistics.expirytime = 100ms (default)
2024-08-15 10:20:07,577 [298890a6-3c3b-4de0-a9db-67f24322077e-groupManagement] INFO  server.RaftServerConfigKeys (ConfUtils.java:logGet(46)) - raft.server.read.option = DEFAULT (default)
2024-08-15 10:20:07,577 [298890a6-3c3b-4de0-a9db-67f24322077e-groupManagement] INFO  server.RaftServerConfigKeys (ConfUtils.java:logGet(46)) - raft.server.read.read-after-write-consistent.write-index-cache.expiry-time = 60s (default)
2024-08-15 10:20:07,581 [298890a6-3c3b-4de0-a9db-67f24322077e-groupManagement] INFO  server.RaftServerConfigKeys (ConfUtils.java:logGet(46)) - raft.server.rpc.request.timeout = 3000ms (default)
2024-08-15 10:20:07,581 [298890a6-3c3b-4de0-a9db-67f24322077e-groupManagement] INFO  server.RaftServerConfigKeys (ConfUtils.java:logGet(46)) - raft.server.log.appender.install.snapshot.enabled = false (custom)
2024-08-15 10:20:07,581 [298890a6-3c3b-4de0-a9db-67f24322077e-groupManagement] INFO  server.RaftServerConfigKeys (ConfUtils.java:logGet(46)) - raft.server.threadpool.server.cached = true (default)
2024-08-15 10:20:07,581 [298890a6-3c3b-4de0-a9db-67f24322077e-groupManagement] INFO  server.RaftServerConfigKeys (ConfUtils.java:logGet(46)) - raft.server.threadpool.server.size = 0 (default)
2024-08-15 10:20:07,581 [298890a6-3c3b-4de0-a9db-67f24322077e-groupManagement] INFO  server.RaftServerConfigKeys (ConfUtils.java:logGet(46)) - raft.server.threadpool.client.cached = true (default)
2024-08-15 10:20:07,581 [298890a6-3c3b-4de0-a9db-67f24322077e-groupManagement] INFO  server.RaftServerConfigKeys (ConfUtils.java:logGet(46)) - raft.server.threadpool.client.size = 0 (default)
2024-08-15 10:20:07,581 [298890a6-3c3b-4de0-a9db-67f24322077e-groupManagement] INFO  server.RaftServerConfigKeys (ConfUtils.java:logGet(46)) - raft.server.storage.free-space.min = 0MB (=0) (default)
2024-08-15 10:20:07,582 [298890a6-3c3b-4de0-a9db-67f24322077e-groupManagement] INFO  server.RaftServerConfigKeys (ConfUtils.java:logGet(46)) - raft.server.log.corruption.policy = EXCEPTION (default)
2024-08-15 10:20:07,582 [298890a6-3c3b-4de0-a9db-67f24322077e-groupManagement] INFO  server.RaftServerConfigKeys (ConfUtils.java:logGet(46)) - raft.server.storage.dir = [/home/runner/work/ozone/ozone/hadoop-ozone/integration-test/target/test-dir/MiniOzoneClusterImpl-4fe7c5bf-ca33-4415-93e0-e252006dfa59/ozone-meta/datanode-3/ratis] (custom)
2024-08-15 10:20:07,582 [298890a6-3c3b-4de0-a9db-67f24322077e-groupManagement] INFO  storage.RaftStorageDirectory (RaftStorageDirectoryImpl.java:analyzeStorage(138)) - The storage directory /home/runner/work/ozone/ozone/hadoop-ozone/integration-test/target/test-dir/MiniOzoneClusterImpl-4fe7c5bf-ca33-4415-93e0-e252006dfa59/ozone-meta/datanode-3/ratis/81b02960-be57-4a48-af10-f226ef581aa3 does not exist. Creating ...
2024-08-15 10:20:07,583 [298890a6-3c3b-4de0-a9db-67f24322077e-groupManagement] INFO  storage.RaftStorageDirectory (RaftStorageDirectoryImpl.java:tryLock(229)) - Lock on /home/runner/work/ozone/ozone/hadoop-ozone/integration-test/target/test-dir/MiniOzoneClusterImpl-4fe7c5bf-ca33-4415-93e0-e252006dfa59/ozone-meta/datanode-3/ratis/81b02960-be57-4a48-af10-f226ef581aa3/in_use.lock acquired by nodename 113339@fv-az1107-352
2024-08-15 10:20:07,584 [298890a6-3c3b-4de0-a9db-67f24322077e-groupManagement] INFO  storage.RaftStorage (RaftStorageImpl.java:format(98)) - Storage directory /home/runner/work/ozone/ozone/hadoop-ozone/integration-test/target/test-dir/MiniOzoneClusterImpl-4fe7c5bf-ca33-4415-93e0-e252006dfa59/ozone-meta/datanode-3/ratis/81b02960-be57-4a48-af10-f226ef581aa3 has been successfully formatted.
2024-08-15 10:20:07,585 [298890a6-3c3b-4de0-a9db-67f24322077e-groupManagement] INFO  ratis.ContainerStateMachine (ContainerStateMachine.java:loadSnapshot(295)) - group-F226EF581AA3: The snapshot info is null. Setting the last applied index to:(t:0, i:~)
2024-08-15 10:20:07,585 [298890a6-3c3b-4de0-a9db-67f24322077e-groupManagement] INFO  server.RaftServerConfigKeys (ConfUtils.java:logGet(46)) - raft.server.log.use.memory = false (default)
2024-08-15 10:20:07,585 [298890a6-3c3b-4de0-a9db-67f24322077e-groupManagement] INFO  server.RaftServerConfigKeys (ConfUtils.java:logGet(46)) - raft.server.log.purge.gap = 1000000 (custom)
2024-08-15 10:20:07,585 [298890a6-3c3b-4de0-a9db-67f24322077e-groupManagement] INFO  server.RaftServerConfigKeys (ConfUtils.java:logGet(46)) - raft.server.log.appender.buffer.byte-limit = 8388608 (custom)
2024-08-15 10:20:07,585 [298890a6-3c3b-4de0-a9db-67f24322077e-groupManagement] INFO  server.RaftServerConfigKeys (ConfUtils.java:logGet(46)) - raft.server.log.statemachine.data.read.timeout = 1000ms (default)
2024-08-15 10:20:07,586 [298890a6-3c3b-4de0-a9db-67f24322077e-groupManagement] INFO  server.RaftServerConfigKeys (ConfUtils.java:logGet(46)) - raft.server.log.purge.preservation.log.num = 0 (default)
2024-08-15 10:20:07,587 [298890a6-3c3b-4de0-a9db-67f24322077e-groupManagement] INFO  server.RaftServerConfigKeys (ConfUtils.java:logGet(46)) - raft.server.log.segment.size.max = 67108864 (custom)
2024-08-15 10:20:07,588 [298890a6-3c3b-4de0-a9db-67f24322077e-groupManagement] INFO  server.RaftServerConfigKeys (ConfUtils.java:logGet(46)) - raft.server.log.segment.cache.num.max = 2 (custom)
2024-08-15 10:20:07,588 [298890a6-3c3b-4de0-a9db-67f24322077e-groupManagement] INFO  server.RaftServerConfigKeys (ConfUtils.java:logGet(46)) - raft.server.log.segment.cache.size.max = 200MB (=209715200) (default)
2024-08-15 10:20:07,588 [298890a6-3c3b-4de0-a9db-67f24322077e-groupManagement] INFO  server.RaftServerConfigKeys (ConfUtils.java:logGet(46)) - raft.server.log.appender.buffer.byte-limit = 8388608 (custom)
2024-08-15 10:20:07,588 [298890a6-3c3b-4de0-a9db-67f24322077e-groupManagement] INFO  util.AwaitToRun (AwaitToRun.java:start(81)) - Thread[298890a6-3c3b-4de0-a9db-67f24322077e@group-F226EF581AA3-cacheEviction-AwaitToRun,5,main] started
2024-08-15 10:20:07,588 [298890a6-3c3b-4de0-a9db-67f24322077e-groupManagement] INFO  segmented.SegmentedRaftLogWorker (SegmentedRaftLogWorker.java:<init>(184)) - new 298890a6-3c3b-4de0-a9db-67f24322077e@group-F226EF581AA3-SegmentedRaftLogWorker for RaftStorageImpl:Storage Directory /home/runner/work/ozone/ozone/hadoop-ozone/integration-test/target/test-dir/MiniOzoneClusterImpl-4fe7c5bf-ca33-4415-93e0-e252006dfa59/ozone-meta/datanode-3/ratis/81b02960-be57-4a48-af10-f226ef581aa3
2024-08-15 10:20:07,588 [298890a6-3c3b-4de0-a9db-67f24322077e-groupManagement] INFO  server.RaftServerConfigKeys (ConfUtils.java:logGet(46)) - raft.server.log.queue.byte-limit = 4294967296 (custom)
2024-08-15 10:20:07,588 [298890a6-3c3b-4de0-a9db-67f24322077e-groupManagement] INFO  server.RaftServerConfigKeys (ConfUtils.java:logGet(46)) - raft.server.log.queue.element-limit = 1024 (custom)
2024-08-15 10:20:07,589 [298890a6-3c3b-4de0-a9db-67f24322077e-groupManagement] INFO  server.RaftServerConfigKeys (ConfUtils.java:logGet(46)) - raft.server.log.segment.size.max = 67108864 (custom)
2024-08-15 10:20:07,589 [298890a6-3c3b-4de0-a9db-67f24322077e-groupManagement] INFO  server.RaftServerConfigKeys (ConfUtils.java:logGet(46)) - raft.server.log.preallocated.size = 4194304 (custom)
2024-08-15 10:20:07,589 [298890a6-3c3b-4de0-a9db-67f24322077e-groupManagement] INFO  server.RaftServerConfigKeys (ConfUtils.java:logGet(46)) - raft.server.log.force.sync.num = 128 (default)
2024-08-15 10:20:07,589 [298890a6-3c3b-4de0-a9db-67f24322077e-groupManagement] INFO  server.RaftServerConfigKeys (ConfUtils.java:logGet(46)) - raft.server.log.statemachine.data.sync = true (default)
2024-08-15 10:20:07,589 [298890a6-3c3b-4de0-a9db-67f24322077e-groupManagement] INFO  server.RaftServerConfigKeys (ConfUtils.java:logGet(46)) - raft.server.log.statemachine.data.sync.timeout = 10s (default)
2024-08-15 10:20:07,589 [298890a6-3c3b-4de0-a9db-67f24322077e-groupManagement] INFO  server.RaftServerConfigKeys (ConfUtils.java:logGet(46)) - raft.server.log.statemachine.data.sync.timeout.retry = 30 (custom)
2024-08-15 10:20:07,589 [298890a6-3c3b-4de0-a9db-67f24322077e-groupManagement] INFO  server.RaftServerConfigKeys (ConfUtils.java:logGet(46)) - raft.server.log.write.buffer.size = 8388616 (custom)
2024-08-15 10:20:07,591 [298890a6-3c3b-4de0-a9db-67f24322077e-groupManagement] INFO  server.RaftServerConfigKeys (ConfUtils.java:logGet(46)) - raft.server.log.appender.buffer.byte-limit = 8388608 (custom)
2024-08-15 10:20:07,591 [298890a6-3c3b-4de0-a9db-67f24322077e-groupManagement] INFO  server.RaftServerConfigKeys (ConfUtils.java:logGet(46)) - raft.server.log.unsafe-flush.enabled = false (default)
2024-08-15 10:20:07,591 [298890a6-3c3b-4de0-a9db-67f24322077e-groupManagement] INFO  server.RaftServerConfigKeys (ConfUtils.java:logGet(46)) - raft.server.log.async-flush.enabled = false (default)
2024-08-15 10:20:07,591 [298890a6-3c3b-4de0-a9db-67f24322077e-groupManagement] INFO  server.RaftServerConfigKeys (ConfUtils.java:logGet(46)) - raft.server.log.statemachine.data.caching.enabled = true (custom)
2024-08-15 10:20:07,591 [298890a6-3c3b-4de0-a9db-67f24322077e-groupManagement] INFO  segmented.SegmentedRaftLogWorker (SegmentedRaftLogWorker.java:lambda$new$0(135)) - 298890a6-3c3b-4de0-a9db-67f24322077e@group-F226EF581AA3-SegmentedRaftLogWorker: flushIndex: setUnconditionally 0 -> -1
2024-08-15 10:20:07,591 [298890a6-3c3b-4de0-a9db-67f24322077e-groupManagement] INFO  segmented.SegmentedRaftLogWorker (SegmentedRaftLogWorker.java:lambda$new$0(135)) - 298890a6-3c3b-4de0-a9db-67f24322077e@group-F226EF581AA3-SegmentedRaftLogWorker: safeCacheEvictIndex: setUnconditionally 0 -> -1
2024-08-15 10:20:07,592 [298890a6-3c3b-4de0-a9db-67f24322077e-groupManagement] INFO  server.RaftServer$Division (RaftServerImpl.java:start(389)) - 298890a6-3c3b-4de0-a9db-67f24322077e@group-F226EF581AA3: start as a follower, conf=conf: {index: -1, cur=peers:[2c076085-4a54-4643-8427-8625b9ee6dbf|127.0.0.1:15595, 298890a6-3c3b-4de0-a9db-67f24322077e|127.0.0.1:15613, 0825ce75-4a52-449f-9036-c8a968d40eda|127.0.0.1:15604]|listeners:[], old=null}
2024-08-15 10:20:07,592 [298890a6-3c3b-4de0-a9db-67f24322077e-groupManagement] INFO  server.RaftServer$Division (RaftServerImpl.java:setRole(376)) - 298890a6-3c3b-4de0-a9db-67f24322077e@group-F226EF581AA3: changes role from      null to FOLLOWER at term 0 for startAsFollower
2024-08-15 10:20:07,592 [298890a6-3c3b-4de0-a9db-67f24322077e-groupManagement] INFO  impl.RoleInfo (RoleInfo.java:updateAndGet(148)) - 298890a6-3c3b-4de0-a9db-67f24322077e: start 298890a6-3c3b-4de0-a9db-67f24322077e@group-F226EF581AA3-FollowerState
2024-08-15 10:20:07,592 [298890a6-3c3b-4de0-a9db-67f24322077e-groupManagement] INFO  util.JmxRegister (JmxRegister.java:tryRegister(44)) - Successfully registered JMX Bean with object name Ratis:service=RaftServer,group=group-F226EF581AA3,id=298890a6-3c3b-4de0-a9db-67f24322077e
2024-08-15 10:20:07,592 [298890a6-3c3b-4de0-a9db-67f24322077e-groupManagement] INFO  util.JmxRegister (JmxRegister.java:register(58)) - register mxBean class org.apache.ratis.server.impl.RaftServerJmxAdapter as Ratis:service=RaftServer,group=group-F226EF581AA3,id=298890a6-3c3b-4de0-a9db-67f24322077e
2024-08-15 10:20:07,592 [298890a6-3c3b-4de0-a9db-67f24322077e@group-F226EF581AA3-FollowerState] INFO  server.RaftServerConfigKeys (ConfUtils.java:logFallback(53)) - raft.server.rpc.first-election.timeout.min = 5s (fallback to raft.server.rpc.timeout.min)
2024-08-15 10:20:07,592 [298890a6-3c3b-4de0-a9db-67f24322077e@group-F226EF581AA3-FollowerState] INFO  server.RaftServerConfigKeys (ConfUtils.java:logFallback(53)) - raft.server.rpc.first-election.timeout.max = 5200ms (fallback to raft.server.rpc.timeout.max)
2024-08-15 10:20:07,592 [298890a6-3c3b-4de0-a9db-67f24322077e-groupManagement] INFO  server.RaftServerConfigKeys (ConfUtils.java:logGet(46)) - raft.server.snapshot.trigger-when-stop.enabled = true (default)
2024-08-15 10:20:07,592 [298890a6-3c3b-4de0-a9db-67f24322077e-groupManagement] INFO  server.RaftServerConfigKeys (ConfUtils.java:logGet(46)) - raft.server.snapshot.trigger-when-remove.enabled = true (default)
2024-08-15 10:20:07,592 [298890a6-3c3b-4de0-a9db-67f24322077e-groupManagement] INFO  server.RaftServerConfigKeys (ConfUtils.java:logGet(46)) - raft.server.snapshot.auto.trigger.enabled = true (custom)
2024-08-15 10:20:07,592 [298890a6-3c3b-4de0-a9db-67f24322077e-groupManagement] INFO  server.RaftServerConfigKeys (ConfUtils.java:logGet(46)) - raft.server.snapshot.auto.trigger.threshold = 10000 (custom)
2024-08-15 10:20:07,593 [298890a6-3c3b-4de0-a9db-67f24322077e-groupManagement] INFO  server.RaftServerConfigKeys (ConfUtils.java:logGet(46)) - raft.server.snapshot.retention.file.num = 5 (custom)
2024-08-15 10:20:07,593 [298890a6-3c3b-4de0-a9db-67f24322077e-groupManagement] INFO  server.RaftServerConfigKeys (ConfUtils.java:logGet(46)) - raft.server.log.purge.upto.snapshot.index = false (default)
2024-08-15 10:20:07,600 [grpc-default-executor-0] INFO  server.RaftServer (RaftServerProxy.java:addNew(101)) - 0825ce75-4a52-449f-9036-c8a968d40eda: addNew group-F226EF581AA3:[2c076085-4a54-4643-8427-8625b9ee6dbf|127.0.0.1:15595, 298890a6-3c3b-4de0-a9db-67f24322077e|127.0.0.1:15613, 0825ce75-4a52-449f-9036-c8a968d40eda|127.0.0.1:15604] returns group-F226EF581AA3:java.util.concurrent.CompletableFuture@728e084b[Not completed]
2024-08-15 10:20:07,601 [0825ce75-4a52-449f-9036-c8a968d40eda-groupManagement] INFO  server.RaftServer$Division (RaftServerImpl.java:<init>(253)) - 0825ce75-4a52-449f-9036-c8a968d40eda: new RaftServerImpl for group-F226EF581AA3:[2c076085-4a54-4643-8427-8625b9ee6dbf|127.0.0.1:15595, 298890a6-3c3b-4de0-a9db-67f24322077e|127.0.0.1:15613, 0825ce75-4a52-449f-9036-c8a968d40eda|127.0.0.1:15604] with ContainerStateMachine:uninitialized
2024-08-15 10:20:07,601 [0825ce75-4a52-449f-9036-c8a968d40eda-groupManagement] INFO  server.RaftServerConfigKeys (ConfUtils.java:logGet(46)) - raft.server.rpc.timeout.min = 5s (custom)
2024-08-15 10:20:07,601 [0825ce75-4a52-449f-9036-c8a968d40eda-groupManagement] INFO  server.RaftServerConfigKeys (ConfUtils.java:logGet(46)) - raft.server.rpc.timeout.max = 5200ms (custom)
2024-08-15 10:20:07,601 [0825ce75-4a52-449f-9036-c8a968d40eda-groupManagement] INFO  server.RaftServerConfigKeys (ConfUtils.java:logGet(46)) - raft.server.rpc.sleep.time = 25ms (default)
2024-08-15 10:20:07,601 [0825ce75-4a52-449f-9036-c8a968d40eda-groupManagement] INFO  server.RaftServerConfigKeys (ConfUtils.java:logGet(46)) - raft.server.rpc.slowness.timeout = 300000ms (custom)
2024-08-15 10:20:07,601 [0825ce75-4a52-449f-9036-c8a968d40eda-groupManagement] INFO  server.RaftServerConfigKeys (ConfUtils.java:logGet(46)) - raft.server.leaderelection.leader.step-down.wait-time = 10s (default)
2024-08-15 10:20:07,601 [0825ce75-4a52-449f-9036-c8a968d40eda-groupManagement] INFO  server.RaftServerConfigKeys (ConfUtils.java:logGet(46)) - raft.server.leaderelection.member.majority-add = false (default)
2024-08-15 10:20:07,601 [0825ce75-4a52-449f-9036-c8a968d40eda-groupManagement] INFO  server.RaftServerConfigKeys (ConfUtils.java:logGet(46)) - raft.server.sleep.deviation.threshold = 300ms (default)
2024-08-15 10:20:07,601 [0825ce75-4a52-449f-9036-c8a968d40eda-groupManagement] INFO  server.RaftServer$Division (ServerState.java:<init>(114)) - 0825ce75-4a52-449f-9036-c8a968d40eda@group-F226EF581AA3: ConfigurationManager, init=conf: {index: -1, cur=peers:[2c076085-4a54-4643-8427-8625b9ee6dbf|127.0.0.1:15595, 298890a6-3c3b-4de0-a9db-67f24322077e|127.0.0.1:15613, 0825ce75-4a52-449f-9036-c8a968d40eda|127.0.0.1:15604]|listeners:[], old=null}, confs=<EMPTY_MAP>
2024-08-15 10:20:07,601 [0825ce75-4a52-449f-9036-c8a968d40eda-groupManagement] INFO  server.RaftServerConfigKeys (ConfUtils.java:logGet(46)) - raft.server.notification.no-leader.timeout = 300000ms (custom)
2024-08-15 10:20:07,601 [0825ce75-4a52-449f-9036-c8a968d40eda-groupManagement] INFO  server.RaftServerConfigKeys (ConfUtils.java:logGet(46)) - raft.server.read.timeout = 10s (default)
2024-08-15 10:20:07,601 [0825ce75-4a52-449f-9036-c8a968d40eda-groupManagement] INFO  server.RaftServerConfigKeys (ConfUtils.java:logGet(46)) - raft.server.retrycache.expirytime = 600000ms (custom)
2024-08-15 10:20:07,601 [0825ce75-4a52-449f-9036-c8a968d40eda-groupManagement] INFO  server.RaftServerConfigKeys (ConfUtils.java:logGet(46)) - raft.server.retrycache.statistics.expirytime = 100ms (default)
2024-08-15 10:20:07,601 [0825ce75-4a52-449f-9036-c8a968d40eda-groupManagement] INFO  server.RaftServerConfigKeys (ConfUtils.java:logGet(46)) - raft.server.read.option = DEFAULT (default)
2024-08-15 10:20:07,601 [0825ce75-4a52-449f-9036-c8a968d40eda-groupManagement] INFO  server.RaftServerConfigKeys (ConfUtils.java:logGet(46)) - raft.server.read.read-after-write-consistent.write-index-cache.expiry-time = 60s (default)
2024-08-15 10:20:07,608 [0825ce75-4a52-449f-9036-c8a968d40eda-groupManagement] INFO  server.RaftServerConfigKeys (ConfUtils.java:logGet(46)) - raft.server.rpc.request.timeout = 3000ms (default)
2024-08-15 10:20:07,608 [0825ce75-4a52-449f-9036-c8a968d40eda-groupManagement] INFO  server.RaftServerConfigKeys (ConfUtils.java:logGet(46)) - raft.server.log.appender.install.snapshot.enabled = false (custom)
2024-08-15 10:20:07,608 [0825ce75-4a52-449f-9036-c8a968d40eda-groupManagement] INFO  server.RaftServerConfigKeys (ConfUtils.java:logGet(46)) - raft.server.threadpool.server.cached = true (default)
2024-08-15 10:20:07,608 [0825ce75-4a52-449f-9036-c8a968d40eda-groupManagement] INFO  server.RaftServerConfigKeys (ConfUtils.java:logGet(46)) - raft.server.threadpool.server.size = 0 (default)
2024-08-15 10:20:07,609 [0825ce75-4a52-449f-9036-c8a968d40eda-groupManagement] INFO  server.RaftServerConfigKeys (ConfUtils.java:logGet(46)) - raft.server.threadpool.client.cached = true (default)
2024-08-15 10:20:07,609 [0825ce75-4a52-449f-9036-c8a968d40eda-groupManagement] INFO  server.RaftServerConfigKeys (ConfUtils.java:logGet(46)) - raft.server.threadpool.client.size = 0 (default)
2024-08-15 10:20:07,609 [0825ce75-4a52-449f-9036-c8a968d40eda-groupManagement] INFO  server.RaftServerConfigKeys (ConfUtils.java:logGet(46)) - raft.server.storage.free-space.min = 0MB (=0) (default)
2024-08-15 10:20:07,609 [0825ce75-4a52-449f-9036-c8a968d40eda-groupManagement] INFO  server.RaftServerConfigKeys (ConfUtils.java:logGet(46)) - raft.server.log.corruption.policy = EXCEPTION (default)
2024-08-15 10:20:07,609 [0825ce75-4a52-449f-9036-c8a968d40eda-groupManagement] INFO  server.RaftServerConfigKeys (ConfUtils.java:logGet(46)) - raft.server.storage.dir = [/home/runner/work/ozone/ozone/hadoop-ozone/integration-test/target/test-dir/MiniOzoneClusterImpl-4fe7c5bf-ca33-4415-93e0-e252006dfa59/ozone-meta/datanode-2/ratis] (custom)
2024-08-15 10:20:07,609 [0825ce75-4a52-449f-9036-c8a968d40eda-groupManagement] INFO  storage.RaftStorageDirectory (RaftStorageDirectoryImpl.java:analyzeStorage(138)) - The storage directory /home/runner/work/ozone/ozone/hadoop-ozone/integration-test/target/test-dir/MiniOzoneClusterImpl-4fe7c5bf-ca33-4415-93e0-e252006dfa59/ozone-meta/datanode-2/ratis/81b02960-be57-4a48-af10-f226ef581aa3 does not exist. Creating ...
2024-08-15 10:20:07,610 [0825ce75-4a52-449f-9036-c8a968d40eda-groupManagement] INFO  storage.RaftStorageDirectory (RaftStorageDirectoryImpl.java:tryLock(229)) - Lock on /home/runner/work/ozone/ozone/hadoop-ozone/integration-test/target/test-dir/MiniOzoneClusterImpl-4fe7c5bf-ca33-4415-93e0-e252006dfa59/ozone-meta/datanode-2/ratis/81b02960-be57-4a48-af10-f226ef581aa3/in_use.lock acquired by nodename 113339@fv-az1107-352
2024-08-15 10:20:07,611 [0825ce75-4a52-449f-9036-c8a968d40eda-groupManagement] INFO  storage.RaftStorage (RaftStorageImpl.java:format(98)) - Storage directory /home/runner/work/ozone/ozone/hadoop-ozone/integration-test/target/test-dir/MiniOzoneClusterImpl-4fe7c5bf-ca33-4415-93e0-e252006dfa59/ozone-meta/datanode-2/ratis/81b02960-be57-4a48-af10-f226ef581aa3 has been successfully formatted.
2024-08-15 10:20:07,612 [0825ce75-4a52-449f-9036-c8a968d40eda-groupManagement] INFO  ratis.ContainerStateMachine (ContainerStateMachine.java:loadSnapshot(295)) - group-F226EF581AA3: The snapshot info is null. Setting the last applied index to:(t:0, i:~)
2024-08-15 10:20:07,612 [0825ce75-4a52-449f-9036-c8a968d40eda-groupManagement] INFO  server.RaftServerConfigKeys (ConfUtils.java:logGet(46)) - raft.server.log.use.memory = false (default)
2024-08-15 10:20:07,612 [0825ce75-4a52-449f-9036-c8a968d40eda-groupManagement] INFO  server.RaftServerConfigKeys (ConfUtils.java:logGet(46)) - raft.server.log.purge.gap = 1000000 (custom)
2024-08-15 10:20:07,612 [0825ce75-4a52-449f-9036-c8a968d40eda-groupManagement] INFO  server.RaftServerConfigKeys (ConfUtils.java:logGet(46)) - raft.server.log.appender.buffer.byte-limit = 8388608 (custom)
2024-08-15 10:20:07,612 [0825ce75-4a52-449f-9036-c8a968d40eda-groupManagement] INFO  server.RaftServerConfigKeys (ConfUtils.java:logGet(46)) - raft.server.log.statemachine.data.read.timeout = 1000ms (default)
2024-08-15 10:20:07,612 [0825ce75-4a52-449f-9036-c8a968d40eda-groupManagement] INFO  server.RaftServerConfigKeys (ConfUtils.java:logGet(46)) - raft.server.log.purge.preservation.log.num = 0 (default)
2024-08-15 10:20:07,614 [0825ce75-4a52-449f-9036-c8a968d40eda-groupManagement] INFO  server.RaftServerConfigKeys (ConfUtils.java:logGet(46)) - raft.server.log.segment.size.max = 67108864 (custom)
2024-08-15 10:20:07,615 [0825ce75-4a52-449f-9036-c8a968d40eda-groupManagement] INFO  server.RaftServerConfigKeys (ConfUtils.java:logGet(46)) - raft.server.log.segment.cache.num.max = 2 (custom)
2024-08-15 10:20:07,615 [0825ce75-4a52-449f-9036-c8a968d40eda-groupManagement] INFO  server.RaftServerConfigKeys (ConfUtils.java:logGet(46)) - raft.server.log.segment.cache.size.max = 200MB (=209715200) (default)
2024-08-15 10:20:07,615 [0825ce75-4a52-449f-9036-c8a968d40eda-groupManagement] INFO  server.RaftServerConfigKeys (ConfUtils.java:logGet(46)) - raft.server.log.appender.buffer.byte-limit = 8388608 (custom)
2024-08-15 10:20:07,615 [0825ce75-4a52-449f-9036-c8a968d40eda-groupManagement] INFO  util.AwaitToRun (AwaitToRun.java:start(81)) - Thread[0825ce75-4a52-449f-9036-c8a968d40eda@group-F226EF581AA3-cacheEviction-AwaitToRun,5,main] started
2024-08-15 10:20:07,615 [0825ce75-4a52-449f-9036-c8a968d40eda-groupManagement] INFO  segmented.SegmentedRaftLogWorker (SegmentedRaftLogWorker.java:<init>(184)) - new 0825ce75-4a52-449f-9036-c8a968d40eda@group-F226EF581AA3-SegmentedRaftLogWorker for RaftStorageImpl:Storage Directory /home/runner/work/ozone/ozone/hadoop-ozone/integration-test/target/test-dir/MiniOzoneClusterImpl-4fe7c5bf-ca33-4415-93e0-e252006dfa59/ozone-meta/datanode-2/ratis/81b02960-be57-4a48-af10-f226ef581aa3
2024-08-15 10:20:07,615 [0825ce75-4a52-449f-9036-c8a968d40eda-groupManagement] INFO  server.RaftServerConfigKeys (ConfUtils.java:logGet(46)) - raft.server.log.queue.byte-limit = 4294967296 (custom)
2024-08-15 10:20:07,615 [0825ce75-4a52-449f-9036-c8a968d40eda-groupManagement] INFO  server.RaftServerConfigKeys (ConfUtils.java:logGet(46)) - raft.server.log.queue.element-limit = 1024 (custom)
2024-08-15 10:20:07,615 [0825ce75-4a52-449f-9036-c8a968d40eda-groupManagement] INFO  server.RaftServerConfigKeys (ConfUtils.java:logGet(46)) - raft.server.log.segment.size.max = 67108864 (custom)
2024-08-15 10:20:07,615 [0825ce75-4a52-449f-9036-c8a968d40eda-groupManagement] INFO  server.RaftServerConfigKeys (ConfUtils.java:logGet(46)) - raft.server.log.preallocated.size = 4194304 (custom)
2024-08-15 10:20:07,615 [0825ce75-4a52-449f-9036-c8a968d40eda-groupManagement] INFO  server.RaftServerConfigKeys (ConfUtils.java:logGet(46)) - raft.server.log.force.sync.num = 128 (default)
2024-08-15 10:20:07,615 [0825ce75-4a52-449f-9036-c8a968d40eda-groupManagement] INFO  server.RaftServerConfigKeys (ConfUtils.java:logGet(46)) - raft.server.log.statemachine.data.sync = true (default)
2024-08-15 10:20:07,616 [0825ce75-4a52-449f-9036-c8a968d40eda-groupManagement] INFO  server.RaftServerConfigKeys (ConfUtils.java:logGet(46)) - raft.server.log.statemachine.data.sync.timeout = 10s (default)
2024-08-15 10:20:07,616 [0825ce75-4a52-449f-9036-c8a968d40eda-groupManagement] INFO  server.RaftServerConfigKeys (ConfUtils.java:logGet(46)) - raft.server.log.statemachine.data.sync.timeout.retry = 30 (custom)
2024-08-15 10:20:07,616 [0825ce75-4a52-449f-9036-c8a968d40eda-groupManagement] INFO  server.RaftServerConfigKeys (ConfUtils.java:logGet(46)) - raft.server.log.write.buffer.size = 8388616 (custom)
2024-08-15 10:20:07,617 [0825ce75-4a52-449f-9036-c8a968d40eda-groupManagement] INFO  server.RaftServerConfigKeys (ConfUtils.java:logGet(46)) - raft.server.log.appender.buffer.byte-limit = 8388608 (custom)
2024-08-15 10:20:07,617 [0825ce75-4a52-449f-9036-c8a968d40eda-groupManagement] INFO  server.RaftServerConfigKeys (ConfUtils.java:logGet(46)) - raft.server.log.unsafe-flush.enabled = false (default)
2024-08-15 10:20:07,617 [0825ce75-4a52-449f-9036-c8a968d40eda-groupManagement] INFO  server.RaftServerConfigKeys (ConfUtils.java:logGet(46)) - raft.server.log.async-flush.enabled = false (default)
2024-08-15 10:20:07,617 [0825ce75-4a52-449f-9036-c8a968d40eda-groupManagement] INFO  server.RaftServerConfigKeys (ConfUtils.java:logGet(46)) - raft.server.log.statemachine.data.caching.enabled = true (custom)
2024-08-15 10:20:07,618 [0825ce75-4a52-449f-9036-c8a968d40eda-groupManagement] INFO  segmented.SegmentedRaftLogWorker (SegmentedRaftLogWorker.java:lambda$new$0(135)) - 0825ce75-4a52-449f-9036-c8a968d40eda@group-F226EF581AA3-SegmentedRaftLogWorker: flushIndex: setUnconditionally 0 -> -1
2024-08-15 10:20:07,618 [0825ce75-4a52-449f-9036-c8a968d40eda-groupManagement] INFO  segmented.SegmentedRaftLogWorker (SegmentedRaftLogWorker.java:lambda$new$0(135)) - 0825ce75-4a52-449f-9036-c8a968d40eda@group-F226EF581AA3-SegmentedRaftLogWorker: safeCacheEvictIndex: setUnconditionally 0 -> -1
2024-08-15 10:20:07,621 [0825ce75-4a52-449f-9036-c8a968d40eda-groupManagement] INFO  server.RaftServer$Division (RaftServerImpl.java:start(389)) - 0825ce75-4a52-449f-9036-c8a968d40eda@group-F226EF581AA3: start as a follower, conf=conf: {index: -1, cur=peers:[2c076085-4a54-4643-8427-8625b9ee6dbf|127.0.0.1:15595, 298890a6-3c3b-4de0-a9db-67f24322077e|127.0.0.1:15613, 0825ce75-4a52-449f-9036-c8a968d40eda|127.0.0.1:15604]|listeners:[], old=null}
2024-08-15 10:20:07,621 [0825ce75-4a52-449f-9036-c8a968d40eda-groupManagement] INFO  server.RaftServer$Division (RaftServerImpl.java:setRole(376)) - 0825ce75-4a52-449f-9036-c8a968d40eda@group-F226EF581AA3: changes role from      null to FOLLOWER at term 0 for startAsFollower
2024-08-15 10:20:07,621 [0825ce75-4a52-449f-9036-c8a968d40eda-groupManagement] INFO  impl.RoleInfo (RoleInfo.java:updateAndGet(148)) - 0825ce75-4a52-449f-9036-c8a968d40eda: start 0825ce75-4a52-449f-9036-c8a968d40eda@group-F226EF581AA3-FollowerState
2024-08-15 10:20:07,622 [0825ce75-4a52-449f-9036-c8a968d40eda@group-F226EF581AA3-FollowerState] INFO  server.RaftServerConfigKeys (ConfUtils.java:logFallback(53)) - raft.server.rpc.first-election.timeout.min = 5s (fallback to raft.server.rpc.timeout.min)
2024-08-15 10:20:07,622 [0825ce75-4a52-449f-9036-c8a968d40eda@group-F226EF581AA3-FollowerState] INFO  server.RaftServerConfigKeys (ConfUtils.java:logFallback(53)) - raft.server.rpc.first-election.timeout.max = 5200ms (fallback to raft.server.rpc.timeout.max)
2024-08-15 10:20:07,622 [0825ce75-4a52-449f-9036-c8a968d40eda-groupManagement] INFO  util.JmxRegister (JmxRegister.java:tryRegister(44)) - Successfully registered JMX Bean with object name Ratis:service=RaftServer,group=group-F226EF581AA3,id=0825ce75-4a52-449f-9036-c8a968d40eda
2024-08-15 10:20:07,622 [0825ce75-4a52-449f-9036-c8a968d40eda-groupManagement] INFO  util.JmxRegister (JmxRegister.java:register(58)) - register mxBean class org.apache.ratis.server.impl.RaftServerJmxAdapter as Ratis:service=RaftServer,group=group-F226EF581AA3,id=0825ce75-4a52-449f-9036-c8a968d40eda
2024-08-15 10:20:07,622 [0825ce75-4a52-449f-9036-c8a968d40eda-groupManagement] INFO  server.RaftServerConfigKeys (ConfUtils.java:logGet(46)) - raft.server.snapshot.trigger-when-stop.enabled = true (default)
2024-08-15 10:20:07,623 [0825ce75-4a52-449f-9036-c8a968d40eda-groupManagement] INFO  server.RaftServerConfigKeys (ConfUtils.java:logGet(46)) - raft.server.snapshot.trigger-when-remove.enabled = true (default)
2024-08-15 10:20:07,623 [0825ce75-4a52-449f-9036-c8a968d40eda-groupManagement] INFO  server.RaftServerConfigKeys (ConfUtils.java:logGet(46)) - raft.server.snapshot.auto.trigger.enabled = true (custom)
2024-08-15 10:20:07,623 [0825ce75-4a52-449f-9036-c8a968d40eda-groupManagement] INFO  server.RaftServerConfigKeys (ConfUtils.java:logGet(46)) - raft.server.snapshot.auto.trigger.threshold = 10000 (custom)
2024-08-15 10:20:07,623 [0825ce75-4a52-449f-9036-c8a968d40eda-groupManagement] INFO  server.RaftServerConfigKeys (ConfUtils.java:logGet(46)) - raft.server.snapshot.retention.file.num = 5 (custom)
2024-08-15 10:20:07,623 [0825ce75-4a52-449f-9036-c8a968d40eda-groupManagement] INFO  server.RaftServerConfigKeys (ConfUtils.java:logGet(46)) - raft.server.log.purge.upto.snapshot.index = false (default)
2024-08-15 10:20:07,630 [2c076085-4a54-4643-8427-8625b9ee6dbf-PipelineCommandHandlerThread-0] INFO  commandhandler.CreatePipelineCommandHandler (CreatePipelineCommandHandler.java:lambda$handle$2(124)) - Created Pipeline RATIS THREE PipelineID=81b02960-be57-4a48-af10-f226ef581aa3.
2024-08-15 10:20:07,630 [2c076085-4a54-4643-8427-8625b9ee6dbf-PipelineCommandHandlerThread-0] INFO  server.RaftServer (RaftServerProxy.java:addNew(101)) - 2c076085-4a54-4643-8427-8625b9ee6dbf: addNew group-167ECA8AB8D4:[2c076085-4a54-4643-8427-8625b9ee6dbf|127.0.0.1:15595, 298890a6-3c3b-4de0-a9db-67f24322077e|127.0.0.1:15613, 0825ce75-4a52-449f-9036-c8a968d40eda|127.0.0.1:15604] returns group-167ECA8AB8D4:java.util.concurrent.CompletableFuture@70da4950[Not completed]
2024-08-15 10:20:07,631 [2c076085-4a54-4643-8427-8625b9ee6dbf-groupManagement] INFO  server.RaftServer$Division (RaftServerImpl.java:<init>(253)) - 2c076085-4a54-4643-8427-8625b9ee6dbf: new RaftServerImpl for group-167ECA8AB8D4:[2c076085-4a54-4643-8427-8625b9ee6dbf|127.0.0.1:15595, 298890a6-3c3b-4de0-a9db-67f24322077e|127.0.0.1:15613, 0825ce75-4a52-449f-9036-c8a968d40eda|127.0.0.1:15604] with ContainerStateMachine:uninitialized
2024-08-15 10:20:07,631 [2c076085-4a54-4643-8427-8625b9ee6dbf-groupManagement] INFO  server.RaftServerConfigKeys (ConfUtils.java:logGet(46)) - raft.server.rpc.timeout.min = 5s (custom)
2024-08-15 10:20:07,631 [2c076085-4a54-4643-8427-8625b9ee6dbf-groupManagement] INFO  server.RaftServerConfigKeys (ConfUtils.java:logGet(46)) - raft.server.rpc.timeout.max = 5200ms (custom)
2024-08-15 10:20:07,631 [2c076085-4a54-4643-8427-8625b9ee6dbf-groupManagement] INFO  server.RaftServerConfigKeys (ConfUtils.java:logGet(46)) - raft.server.rpc.sleep.time = 25ms (default)
2024-08-15 10:20:07,631 [2c076085-4a54-4643-8427-8625b9ee6dbf-groupManagement] INFO  server.RaftServerConfigKeys (ConfUtils.java:logGet(46)) - raft.server.rpc.slowness.timeout = 300000ms (custom)
2024-08-15 10:20:07,631 [2c076085-4a54-4643-8427-8625b9ee6dbf-groupManagement] INFO  server.RaftServerConfigKeys (ConfUtils.java:logGet(46)) - raft.server.leaderelection.leader.step-down.wait-time = 10s (default)
2024-08-15 10:20:07,631 [2c076085-4a54-4643-8427-8625b9ee6dbf-groupManagement] INFO  server.RaftServerConfigKeys (ConfUtils.java:logGet(46)) - raft.server.leaderelection.member.majority-add = false (default)
2024-08-15 10:20:07,631 [2c076085-4a54-4643-8427-8625b9ee6dbf-groupManagement] INFO  server.RaftServerConfigKeys (ConfUtils.java:logGet(46)) - raft.server.sleep.deviation.threshold = 300ms (default)
2024-08-15 10:20:07,631 [2c076085-4a54-4643-8427-8625b9ee6dbf-groupManagement] INFO  server.RaftServer$Division (ServerState.java:<init>(114)) - 2c076085-4a54-4643-8427-8625b9ee6dbf@group-167ECA8AB8D4: ConfigurationManager, init=conf: {index: -1, cur=peers:[2c076085-4a54-4643-8427-8625b9ee6dbf|127.0.0.1:15595, 298890a6-3c3b-4de0-a9db-67f24322077e|127.0.0.1:15613, 0825ce75-4a52-449f-9036-c8a968d40eda|127.0.0.1:15604]|listeners:[], old=null}, confs=<EMPTY_MAP>
2024-08-15 10:20:07,631 [2c076085-4a54-4643-8427-8625b9ee6dbf-groupManagement] INFO  server.RaftServerConfigKeys (ConfUtils.java:logGet(46)) - raft.server.notification.no-leader.timeout = 300000ms (custom)
2024-08-15 10:20:07,631 [2c076085-4a54-4643-8427-8625b9ee6dbf-groupManagement] INFO  server.RaftServerConfigKeys (ConfUtils.java:logGet(46)) - raft.server.read.timeout = 10s (default)
2024-08-15 10:20:07,631 [2c076085-4a54-4643-8427-8625b9ee6dbf-groupManagement] INFO  server.RaftServerConfigKeys (ConfUtils.java:logGet(46)) - raft.server.retrycache.expirytime = 600000ms (custom)
2024-08-15 10:20:07,631 [2c076085-4a54-4643-8427-8625b9ee6dbf-groupManagement] INFO  server.RaftServerConfigKeys (ConfUtils.java:logGet(46)) - raft.server.retrycache.statistics.expirytime = 100ms (default)
2024-08-15 10:20:07,631 [2c076085-4a54-4643-8427-8625b9ee6dbf-groupManagement] INFO  server.RaftServerConfigKeys (ConfUtils.java:logGet(46)) - raft.server.read.option = DEFAULT (default)
2024-08-15 10:20:07,631 [2c076085-4a54-4643-8427-8625b9ee6dbf-groupManagement] INFO  server.RaftServerConfigKeys (ConfUtils.java:logGet(46)) - raft.server.read.read-after-write-consistent.write-index-cache.expiry-time = 60s (default)
2024-08-15 10:20:07,638 [2c076085-4a54-4643-8427-8625b9ee6dbf-groupManagement] INFO  server.RaftServerConfigKeys (ConfUtils.java:logGet(46)) - raft.server.rpc.request.timeout = 3000ms (default)
2024-08-15 10:20:07,638 [2c076085-4a54-4643-8427-8625b9ee6dbf-groupManagement] INFO  server.RaftServerConfigKeys (ConfUtils.java:logGet(46)) - raft.server.log.appender.install.snapshot.enabled = false (custom)
2024-08-15 10:20:07,638 [2c076085-4a54-4643-8427-8625b9ee6dbf-groupManagement] INFO  server.RaftServerConfigKeys (ConfUtils.java:logGet(46)) - raft.server.threadpool.server.cached = true (default)
2024-08-15 10:20:07,638 [2c076085-4a54-4643-8427-8625b9ee6dbf-groupManagement] INFO  server.RaftServerConfigKeys (ConfUtils.java:logGet(46)) - raft.server.threadpool.server.size = 0 (default)
2024-08-15 10:20:07,638 [2c076085-4a54-4643-8427-8625b9ee6dbf-groupManagement] INFO  server.RaftServerConfigKeys (ConfUtils.java:logGet(46)) - raft.server.threadpool.client.cached = true (default)
2024-08-15 10:20:07,638 [2c076085-4a54-4643-8427-8625b9ee6dbf-groupManagement] INFO  server.RaftServerConfigKeys (ConfUtils.java:logGet(46)) - raft.server.threadpool.client.size = 0 (default)
2024-08-15 10:20:07,639 [2c076085-4a54-4643-8427-8625b9ee6dbf-groupManagement] INFO  server.RaftServerConfigKeys (ConfUtils.java:logGet(46)) - raft.server.storage.free-space.min = 0MB (=0) (default)
2024-08-15 10:20:07,639 [2c076085-4a54-4643-8427-8625b9ee6dbf-groupManagement] INFO  server.RaftServerConfigKeys (ConfUtils.java:logGet(46)) - raft.server.log.corruption.policy = EXCEPTION (default)
2024-08-15 10:20:07,639 [2c076085-4a54-4643-8427-8625b9ee6dbf-groupManagement] INFO  server.RaftServerConfigKeys (ConfUtils.java:logGet(46)) - raft.server.storage.dir = [/home/runner/work/ozone/ozone/hadoop-ozone/integration-test/target/test-dir/MiniOzoneClusterImpl-4fe7c5bf-ca33-4415-93e0-e252006dfa59/ozone-meta/datanode-1/ratis] (custom)
2024-08-15 10:20:07,639 [2c076085-4a54-4643-8427-8625b9ee6dbf-groupManagement] INFO  storage.RaftStorageDirectory (RaftStorageDirectoryImpl.java:analyzeStorage(138)) - The storage directory /home/runner/work/ozone/ozone/hadoop-ozone/integration-test/target/test-dir/MiniOzoneClusterImpl-4fe7c5bf-ca33-4415-93e0-e252006dfa59/ozone-meta/datanode-1/ratis/6670d5ce-472b-456f-a80c-167eca8ab8d4 does not exist. Creating ...
2024-08-15 10:20:07,641 [2c076085-4a54-4643-8427-8625b9ee6dbf-groupManagement] INFO  storage.RaftStorageDirectory (RaftStorageDirectoryImpl.java:tryLock(229)) - Lock on /home/runner/work/ozone/ozone/hadoop-ozone/integration-test/target/test-dir/MiniOzoneClusterImpl-4fe7c5bf-ca33-4415-93e0-e252006dfa59/ozone-meta/datanode-1/ratis/6670d5ce-472b-456f-a80c-167eca8ab8d4/in_use.lock acquired by nodename 113339@fv-az1107-352
2024-08-15 10:20:07,642 [2c076085-4a54-4643-8427-8625b9ee6dbf-groupManagement] INFO  storage.RaftStorage (RaftStorageImpl.java:format(98)) - Storage directory /home/runner/work/ozone/ozone/hadoop-ozone/integration-test/target/test-dir/MiniOzoneClusterImpl-4fe7c5bf-ca33-4415-93e0-e252006dfa59/ozone-meta/datanode-1/ratis/6670d5ce-472b-456f-a80c-167eca8ab8d4 has been successfully formatted.
2024-08-15 10:20:07,642 [2c076085-4a54-4643-8427-8625b9ee6dbf-groupManagement] INFO  ratis.ContainerStateMachine (ContainerStateMachine.java:loadSnapshot(295)) - group-167ECA8AB8D4: The snapshot info is null. Setting the last applied index to:(t:0, i:~)
2024-08-15 10:20:07,642 [2c076085-4a54-4643-8427-8625b9ee6dbf-groupManagement] INFO  server.RaftServerConfigKeys (ConfUtils.java:logGet(46)) - raft.server.log.use.memory = false (default)
2024-08-15 10:20:07,643 [2c076085-4a54-4643-8427-8625b9ee6dbf-groupManagement] INFO  server.RaftServerConfigKeys (ConfUtils.java:logGet(46)) - raft.server.log.purge.gap = 1000000 (custom)
2024-08-15 10:20:07,643 [2c076085-4a54-4643-8427-8625b9ee6dbf-groupManagement] INFO  server.RaftServerConfigKeys (ConfUtils.java:logGet(46)) - raft.server.log.appender.buffer.byte-limit = 8388608 (custom)
2024-08-15 10:20:07,643 [EventQueue-OpenPipelineForHealthyPipelineSafeModeRule] INFO  safemode.SCMSafeModeManager (HealthyPipelineSafeModeRule.java:process(140)) - SCM in safe mode. Healthy pipelines reported count is 0, required healthy pipeline reported count is 1
2024-08-15 10:20:07,643 [2c076085-4a54-4643-8427-8625b9ee6dbf-groupManagement] INFO  server.RaftServerConfigKeys (ConfUtils.java:logGet(46)) - raft.server.log.statemachine.data.read.timeout = 1000ms (default)
2024-08-15 10:20:07,643 [2c076085-4a54-4643-8427-8625b9ee6dbf-groupManagement] INFO  server.RaftServerConfigKeys (ConfUtils.java:logGet(46)) - raft.server.log.purge.preservation.log.num = 0 (default)
2024-08-15 10:20:07,646 [2c076085-4a54-4643-8427-8625b9ee6dbf-groupManagement] INFO  server.RaftServerConfigKeys (ConfUtils.java:logGet(46)) - raft.server.log.segment.size.max = 67108864 (custom)
2024-08-15 10:20:07,646 [2c076085-4a54-4643-8427-8625b9ee6dbf-groupManagement] INFO  server.RaftServerConfigKeys (ConfUtils.java:logGet(46)) - raft.server.log.segment.cache.num.max = 2 (custom)
2024-08-15 10:20:07,647 [2c076085-4a54-4643-8427-8625b9ee6dbf-groupManagement] INFO  server.RaftServerConfigKeys (ConfUtils.java:logGet(46)) - raft.server.log.segment.cache.size.max = 200MB (=209715200) (default)
2024-08-15 10:20:07,647 [2c076085-4a54-4643-8427-8625b9ee6dbf-groupManagement] INFO  server.RaftServerConfigKeys (ConfUtils.java:logGet(46)) - raft.server.log.appender.buffer.byte-limit = 8388608 (custom)
2024-08-15 10:20:07,647 [2c076085-4a54-4643-8427-8625b9ee6dbf-groupManagement] INFO  util.AwaitToRun (AwaitToRun.java:start(81)) - Thread[2c076085-4a54-4643-8427-8625b9ee6dbf@group-167ECA8AB8D4-cacheEviction-AwaitToRun,5,main] started
2024-08-15 10:20:07,647 [2c076085-4a54-4643-8427-8625b9ee6dbf-groupManagement] INFO  segmented.SegmentedRaftLogWorker (SegmentedRaftLogWorker.java:<init>(184)) - new 2c076085-4a54-4643-8427-8625b9ee6dbf@group-167ECA8AB8D4-SegmentedRaftLogWorker for RaftStorageImpl:Storage Directory /home/runner/work/ozone/ozone/hadoop-ozone/integration-test/target/test-dir/MiniOzoneClusterImpl-4fe7c5bf-ca33-4415-93e0-e252006dfa59/ozone-meta/datanode-1/ratis/6670d5ce-472b-456f-a80c-167eca8ab8d4
2024-08-15 10:20:07,647 [2c076085-4a54-4643-8427-8625b9ee6dbf-groupManagement] INFO  server.RaftServerConfigKeys (ConfUtils.java:logGet(46)) - raft.server.log.queue.byte-limit = 4294967296 (custom)
2024-08-15 10:20:07,647 [2c076085-4a54-4643-8427-8625b9ee6dbf-groupManagement] INFO  server.RaftServerConfigKeys (ConfUtils.java:logGet(46)) - raft.server.log.queue.element-limit = 1024 (custom)
2024-08-15 10:20:07,647 [2c076085-4a54-4643-8427-8625b9ee6dbf-groupManagement] INFO  server.RaftServerConfigKeys (ConfUtils.java:logGet(46)) - raft.server.log.segment.size.max = 67108864 (custom)
2024-08-15 10:20:07,647 [2c076085-4a54-4643-8427-8625b9ee6dbf-groupManagement] INFO  server.RaftServerConfigKeys (ConfUtils.java:logGet(46)) - raft.server.log.preallocated.size = 4194304 (custom)
2024-08-15 10:20:07,648 [2c076085-4a54-4643-8427-8625b9ee6dbf-groupManagement] INFO  server.RaftServerConfigKeys (ConfUtils.java:logGet(46)) - raft.server.log.force.sync.num = 128 (default)
2024-08-15 10:20:07,648 [2c076085-4a54-4643-8427-8625b9ee6dbf-groupManagement] INFO  server.RaftServerConfigKeys (ConfUtils.java:logGet(46)) - raft.server.log.statemachine.data.sync = true (default)
2024-08-15 10:20:07,648 [2c076085-4a54-4643-8427-8625b9ee6dbf-groupManagement] INFO  server.RaftServerConfigKeys (ConfUtils.java:logGet(46)) - raft.server.log.statemachine.data.sync.timeout = 10s (default)
2024-08-15 10:20:07,648 [2c076085-4a54-4643-8427-8625b9ee6dbf-groupManagement] INFO  server.RaftServerConfigKeys (ConfUtils.java:logGet(46)) - raft.server.log.statemachine.data.sync.timeout.retry = 30 (custom)
2024-08-15 10:20:07,648 [2c076085-4a54-4643-8427-8625b9ee6dbf-groupManagement] INFO  server.RaftServerConfigKeys (ConfUtils.java:logGet(46)) - raft.server.log.write.buffer.size = 8388616 (custom)
2024-08-15 10:20:07,651 [2c076085-4a54-4643-8427-8625b9ee6dbf-groupManagement] INFO  server.RaftServerConfigKeys (ConfUtils.java:logGet(46)) - raft.server.log.appender.buffer.byte-limit = 8388608 (custom)
2024-08-15 10:20:07,651 [2c076085-4a54-4643-8427-8625b9ee6dbf-groupManagement] INFO  server.RaftServerConfigKeys (ConfUtils.java:logGet(46)) - raft.server.log.unsafe-flush.enabled = false (default)
2024-08-15 10:20:07,651 [2c076085-4a54-4643-8427-8625b9ee6dbf-groupManagement] INFO  server.RaftServerConfigKeys (ConfUtils.java:logGet(46)) - raft.server.log.async-flush.enabled = false (default)
2024-08-15 10:20:07,651 [2c076085-4a54-4643-8427-8625b9ee6dbf-groupManagement] INFO  server.RaftServerConfigKeys (ConfUtils.java:logGet(46)) - raft.server.log.statemachine.data.caching.enabled = true (custom)
2024-08-15 10:20:07,651 [2c076085-4a54-4643-8427-8625b9ee6dbf-groupManagement] INFO  segmented.SegmentedRaftLogWorker (SegmentedRaftLogWorker.java:lambda$new$0(135)) - 2c076085-4a54-4643-8427-8625b9ee6dbf@group-167ECA8AB8D4-SegmentedRaftLogWorker: flushIndex: setUnconditionally 0 -> -1
2024-08-15 10:20:07,651 [2c076085-4a54-4643-8427-8625b9ee6dbf-groupManagement] INFO  segmented.SegmentedRaftLogWorker (SegmentedRaftLogWorker.java:lambda$new$0(135)) - 2c076085-4a54-4643-8427-8625b9ee6dbf@group-167ECA8AB8D4-SegmentedRaftLogWorker: safeCacheEvictIndex: setUnconditionally 0 -> -1
2024-08-15 10:20:07,652 [2c076085-4a54-4643-8427-8625b9ee6dbf-groupManagement] INFO  server.RaftServer$Division (RaftServerImpl.java:start(389)) - 2c076085-4a54-4643-8427-8625b9ee6dbf@group-167ECA8AB8D4: start as a follower, conf=conf: {index: -1, cur=peers:[2c076085-4a54-4643-8427-8625b9ee6dbf|127.0.0.1:15595, 298890a6-3c3b-4de0-a9db-67f24322077e|127.0.0.1:15613, 0825ce75-4a52-449f-9036-c8a968d40eda|127.0.0.1:15604]|listeners:[], old=null}
2024-08-15 10:20:07,652 [2c076085-4a54-4643-8427-8625b9ee6dbf-groupManagement] INFO  server.RaftServer$Division (RaftServerImpl.java:setRole(376)) - 2c076085-4a54-4643-8427-8625b9ee6dbf@group-167ECA8AB8D4: changes role from      null to FOLLOWER at term 0 for startAsFollower
2024-08-15 10:20:07,652 [2c076085-4a54-4643-8427-8625b9ee6dbf-groupManagement] INFO  impl.RoleInfo (RoleInfo.java:updateAndGet(148)) - 2c076085-4a54-4643-8427-8625b9ee6dbf: start 2c076085-4a54-4643-8427-8625b9ee6dbf@group-167ECA8AB8D4-FollowerState
2024-08-15 10:20:07,652 [2c076085-4a54-4643-8427-8625b9ee6dbf-groupManagement] INFO  util.JmxRegister (JmxRegister.java:tryRegister(44)) - Successfully registered JMX Bean with object name Ratis:service=RaftServer,group=group-167ECA8AB8D4,id=2c076085-4a54-4643-8427-8625b9ee6dbf
2024-08-15 10:20:07,652 [2c076085-4a54-4643-8427-8625b9ee6dbf-groupManagement] INFO  util.JmxRegister (JmxRegister.java:register(58)) - register mxBean class org.apache.ratis.server.impl.RaftServerJmxAdapter as Ratis:service=RaftServer,group=group-167ECA8AB8D4,id=2c076085-4a54-4643-8427-8625b9ee6dbf
2024-08-15 10:20:07,652 [2c076085-4a54-4643-8427-8625b9ee6dbf-groupManagement] INFO  server.RaftServerConfigKeys (ConfUtils.java:logGet(46)) - raft.server.snapshot.trigger-when-stop.enabled = true (default)
2024-08-15 10:20:07,652 [2c076085-4a54-4643-8427-8625b9ee6dbf-groupManagement] INFO  server.RaftServerConfigKeys (ConfUtils.java:logGet(46)) - raft.server.snapshot.trigger-when-remove.enabled = true (default)
2024-08-15 10:20:07,652 [2c076085-4a54-4643-8427-8625b9ee6dbf-groupManagement] INFO  server.RaftServerConfigKeys (ConfUtils.java:logGet(46)) - raft.server.snapshot.auto.trigger.enabled = true (custom)
2024-08-15 10:20:07,652 [2c076085-4a54-4643-8427-8625b9ee6dbf-groupManagement] INFO  server.RaftServerConfigKeys (ConfUtils.java:logGet(46)) - raft.server.snapshot.auto.trigger.threshold = 10000 (custom)
2024-08-15 10:20:07,652 [2c076085-4a54-4643-8427-8625b9ee6dbf-groupManagement] INFO  server.RaftServerConfigKeys (ConfUtils.java:logGet(46)) - raft.server.snapshot.retention.file.num = 5 (custom)
2024-08-15 10:20:07,652 [2c076085-4a54-4643-8427-8625b9ee6dbf-groupManagement] INFO  server.RaftServerConfigKeys (ConfUtils.java:logGet(46)) - raft.server.log.purge.upto.snapshot.index = false (default)
2024-08-15 10:20:07,653 [2c076085-4a54-4643-8427-8625b9ee6dbf-PipelineCommandHandlerThread-0] INFO  ratis.XceiverServerRatis (XceiverServerRatis.java:addGroup(850)) - Created group PipelineID=6670d5ce-472b-456f-a80c-167eca8ab8d4
2024-08-15 10:20:07,653 [2c076085-4a54-4643-8427-8625b9ee6dbf@group-167ECA8AB8D4-FollowerState] INFO  server.RaftServerConfigKeys (ConfUtils.java:logFallback(53)) - raft.server.rpc.first-election.timeout.min = 5s (fallback to raft.server.rpc.timeout.min)
2024-08-15 10:20:07,656 [2c076085-4a54-4643-8427-8625b9ee6dbf@group-167ECA8AB8D4-FollowerState] INFO  server.RaftServerConfigKeys (ConfUtils.java:logFallback(53)) - raft.server.rpc.first-election.timeout.max = 5200ms (fallback to raft.server.rpc.timeout.max)
2024-08-15 10:20:07,657 [grpc-default-executor-0] INFO  server.RaftServer (RaftServerProxy.java:addNew(101)) - 298890a6-3c3b-4de0-a9db-67f24322077e: addNew group-167ECA8AB8D4:[2c076085-4a54-4643-8427-8625b9ee6dbf|127.0.0.1:15595, 298890a6-3c3b-4de0-a9db-67f24322077e|127.0.0.1:15613, 0825ce75-4a52-449f-9036-c8a968d40eda|127.0.0.1:15604] returns group-167ECA8AB8D4:java.util.concurrent.CompletableFuture@4a88a130[Not completed]
2024-08-15 10:20:07,658 [298890a6-3c3b-4de0-a9db-67f24322077e-groupManagement] INFO  server.RaftServer$Division (RaftServerImpl.java:<init>(253)) - 298890a6-3c3b-4de0-a9db-67f24322077e: new RaftServerImpl for group-167ECA8AB8D4:[2c076085-4a54-4643-8427-8625b9ee6dbf|127.0.0.1:15595, 298890a6-3c3b-4de0-a9db-67f24322077e|127.0.0.1:15613, 0825ce75-4a52-449f-9036-c8a968d40eda|127.0.0.1:15604] with ContainerStateMachine:uninitialized
2024-08-15 10:20:07,658 [298890a6-3c3b-4de0-a9db-67f24322077e-groupManagement] INFO  server.RaftServerConfigKeys (ConfUtils.java:logGet(46)) - raft.server.rpc.timeout.min = 5s (custom)
2024-08-15 10:20:07,658 [298890a6-3c3b-4de0-a9db-67f24322077e-groupManagement] INFO  server.RaftServerConfigKeys (ConfUtils.java:logGet(46)) - raft.server.rpc.timeout.max = 5200ms (custom)
2024-08-15 10:20:07,658 [298890a6-3c3b-4de0-a9db-67f24322077e-groupManagement] INFO  server.RaftServerConfigKeys (ConfUtils.java:logGet(46)) - raft.server.rpc.sleep.time = 25ms (default)
2024-08-15 10:20:07,658 [298890a6-3c3b-4de0-a9db-67f24322077e-groupManagement] INFO  server.RaftServerConfigKeys (ConfUtils.java:logGet(46)) - raft.server.rpc.slowness.timeout = 300000ms (custom)
2024-08-15 10:20:07,658 [298890a6-3c3b-4de0-a9db-67f24322077e-groupManagement] INFO  server.RaftServerConfigKeys (ConfUtils.java:logGet(46)) - raft.server.leaderelection.leader.step-down.wait-time = 10s (default)
2024-08-15 10:20:07,658 [298890a6-3c3b-4de0-a9db-67f24322077e-groupManagement] INFO  server.RaftServerConfigKeys (ConfUtils.java:logGet(46)) - raft.server.leaderelection.member.majority-add = false (default)
2024-08-15 10:20:07,658 [298890a6-3c3b-4de0-a9db-67f24322077e-groupManagement] INFO  server.RaftServerConfigKeys (ConfUtils.java:logGet(46)) - raft.server.sleep.deviation.threshold = 300ms (default)
2024-08-15 10:20:07,658 [298890a6-3c3b-4de0-a9db-67f24322077e-groupManagement] INFO  server.RaftServer$Division (ServerState.java:<init>(114)) - 298890a6-3c3b-4de0-a9db-67f24322077e@group-167ECA8AB8D4: ConfigurationManager, init=conf: {index: -1, cur=peers:[2c076085-4a54-4643-8427-8625b9ee6dbf|127.0.0.1:15595, 298890a6-3c3b-4de0-a9db-67f24322077e|127.0.0.1:15613, 0825ce75-4a52-449f-9036-c8a968d40eda|127.0.0.1:15604]|listeners:[], old=null}, confs=<EMPTY_MAP>
2024-08-15 10:20:07,658 [298890a6-3c3b-4de0-a9db-67f24322077e-groupManagement] INFO  server.RaftServerConfigKeys (ConfUtils.java:logGet(46)) - raft.server.notification.no-leader.timeout = 300000ms (custom)
2024-08-15 10:20:07,658 [298890a6-3c3b-4de0-a9db-67f24322077e-groupManagement] INFO  server.RaftServerConfigKeys (ConfUtils.java:logGet(46)) - raft.server.read.timeout = 10s (default)
2024-08-15 10:20:07,658 [298890a6-3c3b-4de0-a9db-67f24322077e-groupManagement] INFO  server.RaftServerConfigKeys (ConfUtils.java:logGet(46)) - raft.server.retrycache.expirytime = 600000ms (custom)
2024-08-15 10:20:07,659 [298890a6-3c3b-4de0-a9db-67f24322077e-groupManagement] INFO  server.RaftServerConfigKeys (ConfUtils.java:logGet(46)) - raft.server.retrycache.statistics.expirytime = 100ms (default)
2024-08-15 10:20:07,659 [298890a6-3c3b-4de0-a9db-67f24322077e-groupManagement] INFO  server.RaftServerConfigKeys (ConfUtils.java:logGet(46)) - raft.server.read.option = DEFAULT (default)
2024-08-15 10:20:07,659 [298890a6-3c3b-4de0-a9db-67f24322077e-groupManagement] INFO  server.RaftServerConfigKeys (ConfUtils.java:logGet(46)) - raft.server.read.read-after-write-consistent.write-index-cache.expiry-time = 60s (default)
2024-08-15 10:20:07,663 [298890a6-3c3b-4de0-a9db-67f24322077e-groupManagement] INFO  server.RaftServerConfigKeys (ConfUtils.java:logGet(46)) - raft.server.rpc.request.timeout = 3000ms (default)
2024-08-15 10:20:07,663 [298890a6-3c3b-4de0-a9db-67f24322077e-groupManagement] INFO  server.RaftServerConfigKeys (ConfUtils.java:logGet(46)) - raft.server.log.appender.install.snapshot.enabled = false (custom)
2024-08-15 10:20:07,663 [298890a6-3c3b-4de0-a9db-67f24322077e-groupManagement] INFO  server.RaftServerConfigKeys (ConfUtils.java:logGet(46)) - raft.server.threadpool.server.cached = true (default)
2024-08-15 10:20:07,663 [298890a6-3c3b-4de0-a9db-67f24322077e-groupManagement] INFO  server.RaftServerConfigKeys (ConfUtils.java:logGet(46)) - raft.server.threadpool.server.size = 0 (default)
2024-08-15 10:20:07,663 [298890a6-3c3b-4de0-a9db-67f24322077e-groupManagement] INFO  server.RaftServerConfigKeys (ConfUtils.java:logGet(46)) - raft.server.threadpool.client.cached = true (default)
2024-08-15 10:20:07,663 [298890a6-3c3b-4de0-a9db-67f24322077e-groupManagement] INFO  server.RaftServerConfigKeys (ConfUtils.java:logGet(46)) - raft.server.threadpool.client.size = 0 (default)
2024-08-15 10:20:07,663 [298890a6-3c3b-4de0-a9db-67f24322077e-groupManagement] INFO  server.RaftServerConfigKeys (ConfUtils.java:logGet(46)) - raft.server.storage.free-space.min = 0MB (=0) (default)
2024-08-15 10:20:07,663 [298890a6-3c3b-4de0-a9db-67f24322077e-groupManagement] INFO  server.RaftServerConfigKeys (ConfUtils.java:logGet(46)) - raft.server.log.corruption.policy = EXCEPTION (default)
2024-08-15 10:20:07,664 [298890a6-3c3b-4de0-a9db-67f24322077e-groupManagement] INFO  server.RaftServerConfigKeys (ConfUtils.java:logGet(46)) - raft.server.storage.dir = [/home/runner/work/ozone/ozone/hadoop-ozone/integration-test/target/test-dir/MiniOzoneClusterImpl-4fe7c5bf-ca33-4415-93e0-e252006dfa59/ozone-meta/datanode-3/ratis] (custom)
2024-08-15 10:20:07,664 [298890a6-3c3b-4de0-a9db-67f24322077e-groupManagement] INFO  storage.RaftStorageDirectory (RaftStorageDirectoryImpl.java:analyzeStorage(138)) - The storage directory /home/runner/work/ozone/ozone/hadoop-ozone/integration-test/target/test-dir/MiniOzoneClusterImpl-4fe7c5bf-ca33-4415-93e0-e252006dfa59/ozone-meta/datanode-3/ratis/6670d5ce-472b-456f-a80c-167eca8ab8d4 does not exist. Creating ...
2024-08-15 10:20:07,665 [298890a6-3c3b-4de0-a9db-67f24322077e-groupManagement] INFO  storage.RaftStorageDirectory (RaftStorageDirectoryImpl.java:tryLock(229)) - Lock on /home/runner/work/ozone/ozone/hadoop-ozone/integration-test/target/test-dir/MiniOzoneClusterImpl-4fe7c5bf-ca33-4415-93e0-e252006dfa59/ozone-meta/datanode-3/ratis/6670d5ce-472b-456f-a80c-167eca8ab8d4/in_use.lock acquired by nodename 113339@fv-az1107-352
2024-08-15 10:20:07,666 [298890a6-3c3b-4de0-a9db-67f24322077e-groupManagement] INFO  storage.RaftStorage (RaftStorageImpl.java:format(98)) - Storage directory /home/runner/work/ozone/ozone/hadoop-ozone/integration-test/target/test-dir/MiniOzoneClusterImpl-4fe7c5bf-ca33-4415-93e0-e252006dfa59/ozone-meta/datanode-3/ratis/6670d5ce-472b-456f-a80c-167eca8ab8d4 has been successfully formatted.
2024-08-15 10:20:07,666 [298890a6-3c3b-4de0-a9db-67f24322077e-groupManagement] INFO  ratis.ContainerStateMachine (ContainerStateMachine.java:loadSnapshot(295)) - group-167ECA8AB8D4: The snapshot info is null. Setting the last applied index to:(t:0, i:~)
2024-08-15 10:20:07,666 [298890a6-3c3b-4de0-a9db-67f24322077e-groupManagement] INFO  server.RaftServerConfigKeys (ConfUtils.java:logGet(46)) - raft.server.log.use.memory = false (default)
2024-08-15 10:20:07,667 [298890a6-3c3b-4de0-a9db-67f24322077e-groupManagement] INFO  server.RaftServerConfigKeys (ConfUtils.java:logGet(46)) - raft.server.log.purge.gap = 1000000 (custom)
2024-08-15 10:20:07,667 [298890a6-3c3b-4de0-a9db-67f24322077e-groupManagement] INFO  server.RaftServerConfigKeys (ConfUtils.java:logGet(46)) - raft.server.log.appender.buffer.byte-limit = 8388608 (custom)
2024-08-15 10:20:07,667 [298890a6-3c3b-4de0-a9db-67f24322077e-groupManagement] INFO  server.RaftServerConfigKeys (ConfUtils.java:logGet(46)) - raft.server.log.statemachine.data.read.timeout = 1000ms (default)
2024-08-15 10:20:07,667 [298890a6-3c3b-4de0-a9db-67f24322077e-groupManagement] INFO  server.RaftServerConfigKeys (ConfUtils.java:logGet(46)) - raft.server.log.purge.preservation.log.num = 0 (default)
2024-08-15 10:20:07,669 [298890a6-3c3b-4de0-a9db-67f24322077e-groupManagement] INFO  server.RaftServerConfigKeys (ConfUtils.java:logGet(46)) - raft.server.log.segment.size.max = 67108864 (custom)
2024-08-15 10:20:07,670 [298890a6-3c3b-4de0-a9db-67f24322077e-groupManagement] INFO  server.RaftServerConfigKeys (ConfUtils.java:logGet(46)) - raft.server.log.segment.cache.num.max = 2 (custom)
2024-08-15 10:20:07,670 [298890a6-3c3b-4de0-a9db-67f24322077e-groupManagement] INFO  server.RaftServerConfigKeys (ConfUtils.java:logGet(46)) - raft.server.log.segment.cache.size.max = 200MB (=209715200) (default)
2024-08-15 10:20:07,670 [298890a6-3c3b-4de0-a9db-67f24322077e-groupManagement] INFO  server.RaftServerConfigKeys (ConfUtils.java:logGet(46)) - raft.server.log.appender.buffer.byte-limit = 8388608 (custom)
2024-08-15 10:20:07,670 [298890a6-3c3b-4de0-a9db-67f24322077e-groupManagement] INFO  util.AwaitToRun (AwaitToRun.java:start(81)) - Thread[298890a6-3c3b-4de0-a9db-67f24322077e@group-167ECA8AB8D4-cacheEviction-AwaitToRun,5,main] started
2024-08-15 10:20:07,671 [298890a6-3c3b-4de0-a9db-67f24322077e-groupManagement] INFO  segmented.SegmentedRaftLogWorker (SegmentedRaftLogWorker.java:<init>(184)) - new 298890a6-3c3b-4de0-a9db-67f24322077e@group-167ECA8AB8D4-SegmentedRaftLogWorker for RaftStorageImpl:Storage Directory /home/runner/work/ozone/ozone/hadoop-ozone/integration-test/target/test-dir/MiniOzoneClusterImpl-4fe7c5bf-ca33-4415-93e0-e252006dfa59/ozone-meta/datanode-3/ratis/6670d5ce-472b-456f-a80c-167eca8ab8d4
2024-08-15 10:20:07,671 [298890a6-3c3b-4de0-a9db-67f24322077e-groupManagement] INFO  server.RaftServerConfigKeys (ConfUtils.java:logGet(46)) - raft.server.log.queue.byte-limit = 4294967296 (custom)
2024-08-15 10:20:07,671 [298890a6-3c3b-4de0-a9db-67f24322077e-groupManagement] INFO  server.RaftServerConfigKeys (ConfUtils.java:logGet(46)) - raft.server.log.queue.element-limit = 1024 (custom)
2024-08-15 10:20:07,671 [298890a6-3c3b-4de0-a9db-67f24322077e-groupManagement] INFO  server.RaftServerConfigKeys (ConfUtils.java:logGet(46)) - raft.server.log.segment.size.max = 67108864 (custom)
2024-08-15 10:20:07,671 [298890a6-3c3b-4de0-a9db-67f24322077e-groupManagement] INFO  server.RaftServerConfigKeys (ConfUtils.java:logGet(46)) - raft.server.log.preallocated.size = 4194304 (custom)
2024-08-15 10:20:07,671 [298890a6-3c3b-4de0-a9db-67f24322077e-groupManagement] INFO  server.RaftServerConfigKeys (ConfUtils.java:logGet(46)) - raft.server.log.force.sync.num = 128 (default)
2024-08-15 10:20:07,671 [298890a6-3c3b-4de0-a9db-67f24322077e-groupManagement] INFO  server.RaftServerConfigKeys (ConfUtils.java:logGet(46)) - raft.server.log.statemachine.data.sync = true (default)
2024-08-15 10:20:07,671 [298890a6-3c3b-4de0-a9db-67f24322077e-groupManagement] INFO  server.RaftServerConfigKeys (ConfUtils.java:logGet(46)) - raft.server.log.statemachine.data.sync.timeout = 10s (default)
2024-08-15 10:20:07,671 [298890a6-3c3b-4de0-a9db-67f24322077e-groupManagement] INFO  server.RaftServerConfigKeys (ConfUtils.java:logGet(46)) - raft.server.log.statemachine.data.sync.timeout.retry = 30 (custom)
2024-08-15 10:20:07,672 [298890a6-3c3b-4de0-a9db-67f24322077e-groupManagement] INFO  server.RaftServerConfigKeys (ConfUtils.java:logGet(46)) - raft.server.log.write.buffer.size = 8388616 (custom)
2024-08-15 10:20:07,673 [298890a6-3c3b-4de0-a9db-67f24322077e-groupManagement] INFO  server.RaftServerConfigKeys (ConfUtils.java:logGet(46)) - raft.server.log.appender.buffer.byte-limit = 8388608 (custom)
2024-08-15 10:20:07,674 [298890a6-3c3b-4de0-a9db-67f24322077e-groupManagement] INFO  server.RaftServerConfigKeys (ConfUtils.java:logGet(46)) - raft.server.log.unsafe-flush.enabled = false (default)
2024-08-15 10:20:07,674 [298890a6-3c3b-4de0-a9db-67f24322077e-groupManagement] INFO  server.RaftServerConfigKeys (ConfUtils.java:logGet(46)) - raft.server.log.async-flush.enabled = false (default)
2024-08-15 10:20:07,674 [298890a6-3c3b-4de0-a9db-67f24322077e-groupManagement] INFO  server.RaftServerConfigKeys (ConfUtils.java:logGet(46)) - raft.server.log.statemachine.data.caching.enabled = true (custom)
2024-08-15 10:20:07,674 [298890a6-3c3b-4de0-a9db-67f24322077e-groupManagement] INFO  segmented.SegmentedRaftLogWorker (SegmentedRaftLogWorker.java:lambda$new$0(135)) - 298890a6-3c3b-4de0-a9db-67f24322077e@group-167ECA8AB8D4-SegmentedRaftLogWorker: flushIndex: setUnconditionally 0 -> -1
2024-08-15 10:20:07,674 [298890a6-3c3b-4de0-a9db-67f24322077e-groupManagement] INFO  segmented.SegmentedRaftLogWorker (SegmentedRaftLogWorker.java:lambda$new$0(135)) - 298890a6-3c3b-4de0-a9db-67f24322077e@group-167ECA8AB8D4-SegmentedRaftLogWorker: safeCacheEvictIndex: setUnconditionally 0 -> -1
2024-08-15 10:20:07,674 [298890a6-3c3b-4de0-a9db-67f24322077e-groupManagement] INFO  server.RaftServer$Division (RaftServerImpl.java:start(389)) - 298890a6-3c3b-4de0-a9db-67f24322077e@group-167ECA8AB8D4: start as a follower, conf=conf: {index: -1, cur=peers:[2c076085-4a54-4643-8427-8625b9ee6dbf|127.0.0.1:15595, 298890a6-3c3b-4de0-a9db-67f24322077e|127.0.0.1:15613, 0825ce75-4a52-449f-9036-c8a968d40eda|127.0.0.1:15604]|listeners:[], old=null}
2024-08-15 10:20:07,674 [298890a6-3c3b-4de0-a9db-67f24322077e-groupManagement] INFO  server.RaftServer$Division (RaftServerImpl.java:setRole(376)) - 298890a6-3c3b-4de0-a9db-67f24322077e@group-167ECA8AB8D4: changes role from      null to FOLLOWER at term 0 for startAsFollower
2024-08-15 10:20:07,675 [298890a6-3c3b-4de0-a9db-67f24322077e-groupManagement] INFO  impl.RoleInfo (RoleInfo.java:updateAndGet(148)) - 298890a6-3c3b-4de0-a9db-67f24322077e: start 298890a6-3c3b-4de0-a9db-67f24322077e@group-167ECA8AB8D4-FollowerState
2024-08-15 10:20:07,675 [298890a6-3c3b-4de0-a9db-67f24322077e-groupManagement] INFO  util.JmxRegister (JmxRegister.java:tryRegister(44)) - Successfully registered JMX Bean with object name Ratis:service=RaftServer,group=group-167ECA8AB8D4,id=298890a6-3c3b-4de0-a9db-67f24322077e
2024-08-15 10:20:07,675 [298890a6-3c3b-4de0-a9db-67f24322077e-groupManagement] INFO  util.JmxRegister (JmxRegister.java:register(58)) - register mxBean class org.apache.ratis.server.impl.RaftServerJmxAdapter as Ratis:service=RaftServer,group=group-167ECA8AB8D4,id=298890a6-3c3b-4de0-a9db-67f24322077e
2024-08-15 10:20:07,675 [298890a6-3c3b-4de0-a9db-67f24322077e@group-167ECA8AB8D4-FollowerState] INFO  server.RaftServerConfigKeys (ConfUtils.java:logFallback(53)) - raft.server.rpc.first-election.timeout.min = 5s (fallback to raft.server.rpc.timeout.min)
2024-08-15 10:20:07,675 [298890a6-3c3b-4de0-a9db-67f24322077e@group-167ECA8AB8D4-FollowerState] INFO  server.RaftServerConfigKeys (ConfUtils.java:logFallback(53)) - raft.server.rpc.first-election.timeout.max = 5200ms (fallback to raft.server.rpc.timeout.max)
2024-08-15 10:20:07,675 [298890a6-3c3b-4de0-a9db-67f24322077e-groupManagement] INFO  server.RaftServerConfigKeys (ConfUtils.java:logGet(46)) - raft.server.snapshot.trigger-when-stop.enabled = true (default)
2024-08-15 10:20:07,675 [298890a6-3c3b-4de0-a9db-67f24322077e-groupManagement] INFO  server.RaftServerConfigKeys (ConfUtils.java:logGet(46)) - raft.server.snapshot.trigger-when-remove.enabled = true (default)
2024-08-15 10:20:07,675 [298890a6-3c3b-4de0-a9db-67f24322077e-groupManagement] INFO  server.RaftServerConfigKeys (ConfUtils.java:logGet(46)) - raft.server.snapshot.auto.trigger.enabled = true (custom)
2024-08-15 10:20:07,676 [298890a6-3c3b-4de0-a9db-67f24322077e-groupManagement] INFO  server.RaftServerConfigKeys (ConfUtils.java:logGet(46)) - raft.server.snapshot.auto.trigger.threshold = 10000 (custom)
2024-08-15 10:20:07,676 [298890a6-3c3b-4de0-a9db-67f24322077e-groupManagement] INFO  server.RaftServerConfigKeys (ConfUtils.java:logGet(46)) - raft.server.snapshot.retention.file.num = 5 (custom)
2024-08-15 10:20:07,676 [298890a6-3c3b-4de0-a9db-67f24322077e-groupManagement] INFO  server.RaftServerConfigKeys (ConfUtils.java:logGet(46)) - raft.server.log.purge.upto.snapshot.index = false (default)
2024-08-15 10:20:07,682 [grpc-default-executor-0] INFO  server.RaftServer (RaftServerProxy.java:addNew(101)) - 0825ce75-4a52-449f-9036-c8a968d40eda: addNew group-167ECA8AB8D4:[2c076085-4a54-4643-8427-8625b9ee6dbf|127.0.0.1:15595, 298890a6-3c3b-4de0-a9db-67f24322077e|127.0.0.1:15613, 0825ce75-4a52-449f-9036-c8a968d40eda|127.0.0.1:15604] returns group-167ECA8AB8D4:java.util.concurrent.CompletableFuture@33b04d74[Not completed]
2024-08-15 10:20:07,682 [0825ce75-4a52-449f-9036-c8a968d40eda-groupManagement] INFO  server.RaftServer$Division (RaftServerImpl.java:<init>(253)) - 0825ce75-4a52-449f-9036-c8a968d40eda: new RaftServerImpl for group-167ECA8AB8D4:[2c076085-4a54-4643-8427-8625b9ee6dbf|127.0.0.1:15595, 298890a6-3c3b-4de0-a9db-67f24322077e|127.0.0.1:15613, 0825ce75-4a52-449f-9036-c8a968d40eda|127.0.0.1:15604] with ContainerStateMachine:uninitialized
2024-08-15 10:20:07,682 [0825ce75-4a52-449f-9036-c8a968d40eda-groupManagement] INFO  server.RaftServerConfigKeys (ConfUtils.java:logGet(46)) - raft.server.rpc.timeout.min = 5s (custom)
2024-08-15 10:20:07,682 [0825ce75-4a52-449f-9036-c8a968d40eda-groupManagement] INFO  server.RaftServerConfigKeys (ConfUtils.java:logGet(46)) - raft.server.rpc.timeout.max = 5200ms (custom)
2024-08-15 10:20:07,682 [0825ce75-4a52-449f-9036-c8a968d40eda-groupManagement] INFO  server.RaftServerConfigKeys (ConfUtils.java:logGet(46)) - raft.server.rpc.sleep.time = 25ms (default)
2024-08-15 10:20:07,682 [0825ce75-4a52-449f-9036-c8a968d40eda-groupManagement] INFO  server.RaftServerConfigKeys (ConfUtils.java:logGet(46)) - raft.server.rpc.slowness.timeout = 300000ms (custom)
2024-08-15 10:20:07,682 [0825ce75-4a52-449f-9036-c8a968d40eda-groupManagement] INFO  server.RaftServerConfigKeys (ConfUtils.java:logGet(46)) - raft.server.leaderelection.leader.step-down.wait-time = 10s (default)
2024-08-15 10:20:07,683 [0825ce75-4a52-449f-9036-c8a968d40eda-groupManagement] INFO  server.RaftServerConfigKeys (ConfUtils.java:logGet(46)) - raft.server.leaderelection.member.majority-add = false (default)
2024-08-15 10:20:07,683 [0825ce75-4a52-449f-9036-c8a968d40eda-groupManagement] INFO  server.RaftServerConfigKeys (ConfUtils.java:logGet(46)) - raft.server.sleep.deviation.threshold = 300ms (default)
2024-08-15 10:20:07,683 [0825ce75-4a52-449f-9036-c8a968d40eda-groupManagement] INFO  server.RaftServer$Division (ServerState.java:<init>(114)) - 0825ce75-4a52-449f-9036-c8a968d40eda@group-167ECA8AB8D4: ConfigurationManager, init=conf: {index: -1, cur=peers:[2c076085-4a54-4643-8427-8625b9ee6dbf|127.0.0.1:15595, 298890a6-3c3b-4de0-a9db-67f24322077e|127.0.0.1:15613, 0825ce75-4a52-449f-9036-c8a968d40eda|127.0.0.1:15604]|listeners:[], old=null}, confs=<EMPTY_MAP>
2024-08-15 10:20:07,683 [0825ce75-4a52-449f-9036-c8a968d40eda-groupManagement] INFO  server.RaftServerConfigKeys (ConfUtils.java:logGet(46)) - raft.server.notification.no-leader.timeout = 300000ms (custom)
2024-08-15 10:20:07,683 [0825ce75-4a52-449f-9036-c8a968d40eda-groupManagement] INFO  server.RaftServerConfigKeys (ConfUtils.java:logGet(46)) - raft.server.read.timeout = 10s (default)
2024-08-15 10:20:07,683 [0825ce75-4a52-449f-9036-c8a968d40eda-groupManagement] INFO  server.RaftServerConfigKeys (ConfUtils.java:logGet(46)) - raft.server.retrycache.expirytime = 600000ms (custom)
2024-08-15 10:20:07,683 [0825ce75-4a52-449f-9036-c8a968d40eda-groupManagement] INFO  server.RaftServerConfigKeys (ConfUtils.java:logGet(46)) - raft.server.retrycache.statistics.expirytime = 100ms (default)
2024-08-15 10:20:07,683 [0825ce75-4a52-449f-9036-c8a968d40eda-groupManagement] INFO  server.RaftServerConfigKeys (ConfUtils.java:logGet(46)) - raft.server.read.option = DEFAULT (default)
2024-08-15 10:20:07,683 [0825ce75-4a52-449f-9036-c8a968d40eda-groupManagement] INFO  server.RaftServerConfigKeys (ConfUtils.java:logGet(46)) - raft.server.read.read-after-write-consistent.write-index-cache.expiry-time = 60s (default)
2024-08-15 10:20:07,688 [0825ce75-4a52-449f-9036-c8a968d40eda-groupManagement] INFO  server.RaftServerConfigKeys (ConfUtils.java:logGet(46)) - raft.server.rpc.request.timeout = 3000ms (default)
2024-08-15 10:20:07,689 [0825ce75-4a52-449f-9036-c8a968d40eda-groupManagement] INFO  server.RaftServerConfigKeys (ConfUtils.java:logGet(46)) - raft.server.log.appender.install.snapshot.enabled = false (custom)
2024-08-15 10:20:07,689 [0825ce75-4a52-449f-9036-c8a968d40eda-groupManagement] INFO  server.RaftServerConfigKeys (ConfUtils.java:logGet(46)) - raft.server.threadpool.server.cached = true (default)
2024-08-15 10:20:07,689 [0825ce75-4a52-449f-9036-c8a968d40eda-groupManagement] INFO  server.RaftServerConfigKeys (ConfUtils.java:logGet(46)) - raft.server.threadpool.server.size = 0 (default)
2024-08-15 10:20:07,689 [0825ce75-4a52-449f-9036-c8a968d40eda-groupManagement] INFO  server.RaftServerConfigKeys (ConfUtils.java:logGet(46)) - raft.server.threadpool.client.cached = true (default)
2024-08-15 10:20:07,689 [0825ce75-4a52-449f-9036-c8a968d40eda-groupManagement] INFO  server.RaftServerConfigKeys (ConfUtils.java:logGet(46)) - raft.server.threadpool.client.size = 0 (default)
2024-08-15 10:20:07,689 [0825ce75-4a52-449f-9036-c8a968d40eda-groupManagement] INFO  server.RaftServerConfigKeys (ConfUtils.java:logGet(46)) - raft.server.storage.free-space.min = 0MB (=0) (default)
2024-08-15 10:20:07,689 [0825ce75-4a52-449f-9036-c8a968d40eda-groupManagement] INFO  server.RaftServerConfigKeys (ConfUtils.java:logGet(46)) - raft.server.log.corruption.policy = EXCEPTION (default)
2024-08-15 10:20:07,689 [0825ce75-4a52-449f-9036-c8a968d40eda-groupManagement] INFO  server.RaftServerConfigKeys (ConfUtils.java:logGet(46)) - raft.server.storage.dir = [/home/runner/work/ozone/ozone/hadoop-ozone/integration-test/target/test-dir/MiniOzoneClusterImpl-4fe7c5bf-ca33-4415-93e0-e252006dfa59/ozone-meta/datanode-2/ratis] (custom)
2024-08-15 10:20:07,689 [0825ce75-4a52-449f-9036-c8a968d40eda-groupManagement] INFO  storage.RaftStorageDirectory (RaftStorageDirectoryImpl.java:analyzeStorage(138)) - The storage directory /home/runner/work/ozone/ozone/hadoop-ozone/integration-test/target/test-dir/MiniOzoneClusterImpl-4fe7c5bf-ca33-4415-93e0-e252006dfa59/ozone-meta/datanode-2/ratis/6670d5ce-472b-456f-a80c-167eca8ab8d4 does not exist. Creating ...
2024-08-15 10:20:07,690 [0825ce75-4a52-449f-9036-c8a968d40eda-groupManagement] INFO  storage.RaftStorageDirectory (RaftStorageDirectoryImpl.java:tryLock(229)) - Lock on /home/runner/work/ozone/ozone/hadoop-ozone/integration-test/target/test-dir/MiniOzoneClusterImpl-4fe7c5bf-ca33-4415-93e0-e252006dfa59/ozone-meta/datanode-2/ratis/6670d5ce-472b-456f-a80c-167eca8ab8d4/in_use.lock acquired by nodename 113339@fv-az1107-352
2024-08-15 10:20:07,691 [0825ce75-4a52-449f-9036-c8a968d40eda-groupManagement] INFO  storage.RaftStorage (RaftStorageImpl.java:format(98)) - Storage directory /home/runner/work/ozone/ozone/hadoop-ozone/integration-test/target/test-dir/MiniOzoneClusterImpl-4fe7c5bf-ca33-4415-93e0-e252006dfa59/ozone-meta/datanode-2/ratis/6670d5ce-472b-456f-a80c-167eca8ab8d4 has been successfully formatted.
2024-08-15 10:20:07,692 [0825ce75-4a52-449f-9036-c8a968d40eda-groupManagement] INFO  ratis.ContainerStateMachine (ContainerStateMachine.java:loadSnapshot(295)) - group-167ECA8AB8D4: The snapshot info is null. Setting the last applied index to:(t:0, i:~)
2024-08-15 10:20:07,692 [0825ce75-4a52-449f-9036-c8a968d40eda-groupManagement] INFO  server.RaftServerConfigKeys (ConfUtils.java:logGet(46)) - raft.server.log.use.memory = false (default)
2024-08-15 10:20:07,692 [0825ce75-4a52-449f-9036-c8a968d40eda-groupManagement] INFO  server.RaftServerConfigKeys (ConfUtils.java:logGet(46)) - raft.server.log.purge.gap = 1000000 (custom)
2024-08-15 10:20:07,692 [0825ce75-4a52-449f-9036-c8a968d40eda-groupManagement] INFO  server.RaftServerConfigKeys (ConfUtils.java:logGet(46)) - raft.server.log.appender.buffer.byte-limit = 8388608 (custom)
2024-08-15 10:20:07,692 [0825ce75-4a52-449f-9036-c8a968d40eda-groupManagement] INFO  server.RaftServerConfigKeys (ConfUtils.java:logGet(46)) - raft.server.log.statemachine.data.read.timeout = 1000ms (default)
2024-08-15 10:20:07,692 [0825ce75-4a52-449f-9036-c8a968d40eda-groupManagement] INFO  server.RaftServerConfigKeys (ConfUtils.java:logGet(46)) - raft.server.log.purge.preservation.log.num = 0 (default)
2024-08-15 10:20:07,695 [0825ce75-4a52-449f-9036-c8a968d40eda-groupManagement] INFO  server.RaftServerConfigKeys (ConfUtils.java:logGet(46)) - raft.server.log.segment.size.max = 67108864 (custom)
2024-08-15 10:20:07,696 [0825ce75-4a52-449f-9036-c8a968d40eda-groupManagement] INFO  server.RaftServerConfigKeys (ConfUtils.java:logGet(46)) - raft.server.log.segment.cache.num.max = 2 (custom)
2024-08-15 10:20:07,696 [0825ce75-4a52-449f-9036-c8a968d40eda-groupManagement] INFO  server.RaftServerConfigKeys (ConfUtils.java:logGet(46)) - raft.server.log.segment.cache.size.max = 200MB (=209715200) (default)
2024-08-15 10:20:07,696 [0825ce75-4a52-449f-9036-c8a968d40eda-groupManagement] INFO  server.RaftServerConfigKeys (ConfUtils.java:logGet(46)) - raft.server.log.appender.buffer.byte-limit = 8388608 (custom)
2024-08-15 10:20:07,696 [0825ce75-4a52-449f-9036-c8a968d40eda-groupManagement] INFO  util.AwaitToRun (AwaitToRun.java:start(81)) - Thread[0825ce75-4a52-449f-9036-c8a968d40eda@group-167ECA8AB8D4-cacheEviction-AwaitToRun,5,main] started
2024-08-15 10:20:07,696 [0825ce75-4a52-449f-9036-c8a968d40eda-groupManagement] INFO  segmented.SegmentedRaftLogWorker (SegmentedRaftLogWorker.java:<init>(184)) - new 0825ce75-4a52-449f-9036-c8a968d40eda@group-167ECA8AB8D4-SegmentedRaftLogWorker for RaftStorageImpl:Storage Directory /home/runner/work/ozone/ozone/hadoop-ozone/integration-test/target/test-dir/MiniOzoneClusterImpl-4fe7c5bf-ca33-4415-93e0-e252006dfa59/ozone-meta/datanode-2/ratis/6670d5ce-472b-456f-a80c-167eca8ab8d4
2024-08-15 10:20:07,696 [0825ce75-4a52-449f-9036-c8a968d40eda-groupManagement] INFO  server.RaftServerConfigKeys (ConfUtils.java:logGet(46)) - raft.server.log.queue.byte-limit = 4294967296 (custom)
2024-08-15 10:20:07,696 [0825ce75-4a52-449f-9036-c8a968d40eda-groupManagement] INFO  server.RaftServerConfigKeys (ConfUtils.java:logGet(46)) - raft.server.log.queue.element-limit = 1024 (custom)
2024-08-15 10:20:07,697 [0825ce75-4a52-449f-9036-c8a968d40eda-groupManagement] INFO  server.RaftServerConfigKeys (ConfUtils.java:logGet(46)) - raft.server.log.segment.size.max = 67108864 (custom)
2024-08-15 10:20:07,697 [0825ce75-4a52-449f-9036-c8a968d40eda-groupManagement] INFO  server.RaftServerConfigKeys (ConfUtils.java:logGet(46)) - raft.server.log.preallocated.size = 4194304 (custom)
2024-08-15 10:20:07,697 [0825ce75-4a52-449f-9036-c8a968d40eda-groupManagement] INFO  server.RaftServerConfigKeys (ConfUtils.java:logGet(46)) - raft.server.log.force.sync.num = 128 (default)
2024-08-15 10:20:07,697 [0825ce75-4a52-449f-9036-c8a968d40eda-groupManagement] INFO  server.RaftServerConfigKeys (ConfUtils.java:logGet(46)) - raft.server.log.statemachine.data.sync = true (default)
2024-08-15 10:20:07,697 [0825ce75-4a52-449f-9036-c8a968d40eda-groupManagement] INFO  server.RaftServerConfigKeys (ConfUtils.java:logGet(46)) - raft.server.log.statemachine.data.sync.timeout = 10s (default)
2024-08-15 10:20:07,697 [0825ce75-4a52-449f-9036-c8a968d40eda-groupManagement] INFO  server.RaftServerConfigKeys (ConfUtils.java:logGet(46)) - raft.server.log.statemachine.data.sync.timeout.retry = 30 (custom)
2024-08-15 10:20:07,698 [0825ce75-4a52-449f-9036-c8a968d40eda-groupManagement] INFO  server.RaftServerConfigKeys (ConfUtils.java:logGet(46)) - raft.server.log.write.buffer.size = 8388616 (custom)
2024-08-15 10:20:07,700 [0825ce75-4a52-449f-9036-c8a968d40eda-groupManagement] INFO  server.RaftServerConfigKeys (ConfUtils.java:logGet(46)) - raft.server.log.appender.buffer.byte-limit = 8388608 (custom)
2024-08-15 10:20:07,700 [0825ce75-4a52-449f-9036-c8a968d40eda-groupManagement] INFO  server.RaftServerConfigKeys (ConfUtils.java:logGet(46)) - raft.server.log.unsafe-flush.enabled = false (default)
2024-08-15 10:20:07,700 [0825ce75-4a52-449f-9036-c8a968d40eda-groupManagement] INFO  server.RaftServerConfigKeys (ConfUtils.java:logGet(46)) - raft.server.log.async-flush.enabled = false (default)
2024-08-15 10:20:07,700 [0825ce75-4a52-449f-9036-c8a968d40eda-groupManagement] INFO  server.RaftServerConfigKeys (ConfUtils.java:logGet(46)) - raft.server.log.statemachine.data.caching.enabled = true (custom)
2024-08-15 10:20:07,700 [0825ce75-4a52-449f-9036-c8a968d40eda-groupManagement] INFO  segmented.SegmentedRaftLogWorker (SegmentedRaftLogWorker.java:lambda$new$0(135)) - 0825ce75-4a52-449f-9036-c8a968d40eda@group-167ECA8AB8D4-SegmentedRaftLogWorker: flushIndex: setUnconditionally 0 -> -1
2024-08-15 10:20:07,700 [0825ce75-4a52-449f-9036-c8a968d40eda-groupManagement] INFO  segmented.SegmentedRaftLogWorker (SegmentedRaftLogWorker.java:lambda$new$0(135)) - 0825ce75-4a52-449f-9036-c8a968d40eda@group-167ECA8AB8D4-SegmentedRaftLogWorker: safeCacheEvictIndex: setUnconditionally 0 -> -1
2024-08-15 10:20:07,701 [0825ce75-4a52-449f-9036-c8a968d40eda-groupManagement] INFO  server.RaftServer$Division (RaftServerImpl.java:start(389)) - 0825ce75-4a52-449f-9036-c8a968d40eda@group-167ECA8AB8D4: start as a follower, conf=conf: {index: -1, cur=peers:[2c076085-4a54-4643-8427-8625b9ee6dbf|127.0.0.1:15595, 298890a6-3c3b-4de0-a9db-67f24322077e|127.0.0.1:15613, 0825ce75-4a52-449f-9036-c8a968d40eda|127.0.0.1:15604]|listeners:[], old=null}
2024-08-15 10:20:07,701 [0825ce75-4a52-449f-9036-c8a968d40eda-groupManagement] INFO  server.RaftServer$Division (RaftServerImpl.java:setRole(376)) - 0825ce75-4a52-449f-9036-c8a968d40eda@group-167ECA8AB8D4: changes role from      null to FOLLOWER at term 0 for startAsFollower
2024-08-15 10:20:07,701 [0825ce75-4a52-449f-9036-c8a968d40eda-groupManagement] INFO  impl.RoleInfo (RoleInfo.java:updateAndGet(148)) - 0825ce75-4a52-449f-9036-c8a968d40eda: start 0825ce75-4a52-449f-9036-c8a968d40eda@group-167ECA8AB8D4-FollowerState
2024-08-15 10:20:07,701 [0825ce75-4a52-449f-9036-c8a968d40eda-groupManagement] INFO  util.JmxRegister (JmxRegister.java:tryRegister(44)) - Successfully registered JMX Bean with object name Ratis:service=RaftServer,group=group-167ECA8AB8D4,id=0825ce75-4a52-449f-9036-c8a968d40eda
2024-08-15 10:20:07,702 [0825ce75-4a52-449f-9036-c8a968d40eda-groupManagement] INFO  util.JmxRegister (JmxRegister.java:register(58)) - register mxBean class org.apache.ratis.server.impl.RaftServerJmxAdapter as Ratis:service=RaftServer,group=group-167ECA8AB8D4,id=0825ce75-4a52-449f-9036-c8a968d40eda
2024-08-15 10:20:07,701 [0825ce75-4a52-449f-9036-c8a968d40eda@group-167ECA8AB8D4-FollowerState] INFO  server.RaftServerConfigKeys (ConfUtils.java:logFallback(53)) - raft.server.rpc.first-election.timeout.min = 5s (fallback to raft.server.rpc.timeout.min)
2024-08-15 10:20:07,702 [0825ce75-4a52-449f-9036-c8a968d40eda@group-167ECA8AB8D4-FollowerState] INFO  server.RaftServerConfigKeys (ConfUtils.java:logFallback(53)) - raft.server.rpc.first-election.timeout.max = 5200ms (fallback to raft.server.rpc.timeout.max)
2024-08-15 10:20:07,702 [0825ce75-4a52-449f-9036-c8a968d40eda-groupManagement] INFO  server.RaftServerConfigKeys (ConfUtils.java:logGet(46)) - raft.server.snapshot.trigger-when-stop.enabled = true (default)
2024-08-15 10:20:07,702 [0825ce75-4a52-449f-9036-c8a968d40eda-groupManagement] INFO  server.RaftServerConfigKeys (ConfUtils.java:logGet(46)) - raft.server.snapshot.trigger-when-remove.enabled = true (default)
2024-08-15 10:20:07,702 [0825ce75-4a52-449f-9036-c8a968d40eda-groupManagement] INFO  server.RaftServerConfigKeys (ConfUtils.java:logGet(46)) - raft.server.snapshot.auto.trigger.enabled = true (custom)
2024-08-15 10:20:07,702 [0825ce75-4a52-449f-9036-c8a968d40eda-groupManagement] INFO  server.RaftServerConfigKeys (ConfUtils.java:logGet(46)) - raft.server.snapshot.auto.trigger.threshold = 10000 (custom)
2024-08-15 10:20:07,702 [0825ce75-4a52-449f-9036-c8a968d40eda-groupManagement] INFO  server.RaftServerConfigKeys (ConfUtils.java:logGet(46)) - raft.server.snapshot.retention.file.num = 5 (custom)
2024-08-15 10:20:07,702 [0825ce75-4a52-449f-9036-c8a968d40eda-groupManagement] INFO  server.RaftServerConfigKeys (ConfUtils.java:logGet(46)) - raft.server.log.purge.upto.snapshot.index = false (default)
2024-08-15 10:20:07,705 [2c076085-4a54-4643-8427-8625b9ee6dbf-PipelineCommandHandlerThread-0] INFO  commandhandler.CreatePipelineCommandHandler (CreatePipelineCommandHandler.java:lambda$handle$2(124)) - Created Pipeline RATIS THREE PipelineID=6670d5ce-472b-456f-a80c-167eca8ab8d4.
2024-08-15 10:20:07,705 [2c076085-4a54-4643-8427-8625b9ee6dbf-PipelineCommandHandlerThread-0] INFO  server.RaftServer (RaftServerProxy.java:addNew(101)) - 2c076085-4a54-4643-8427-8625b9ee6dbf: addNew group-E905553BCA68:[2c076085-4a54-4643-8427-8625b9ee6dbf|127.0.0.1:15595, 298890a6-3c3b-4de0-a9db-67f24322077e|127.0.0.1:15613, 0825ce75-4a52-449f-9036-c8a968d40eda|127.0.0.1:15604] returns group-E905553BCA68:java.util.concurrent.CompletableFuture@32fe66ba[Not completed]
2024-08-15 10:20:07,706 [2c076085-4a54-4643-8427-8625b9ee6dbf-groupManagement] INFO  server.RaftServer$Division (RaftServerImpl.java:<init>(253)) - 2c076085-4a54-4643-8427-8625b9ee6dbf: new RaftServerImpl for group-E905553BCA68:[2c076085-4a54-4643-8427-8625b9ee6dbf|127.0.0.1:15595, 298890a6-3c3b-4de0-a9db-67f24322077e|127.0.0.1:15613, 0825ce75-4a52-449f-9036-c8a968d40eda|127.0.0.1:15604] with ContainerStateMachine:uninitialized
2024-08-15 10:20:07,706 [2c076085-4a54-4643-8427-8625b9ee6dbf-groupManagement] INFO  server.RaftServerConfigKeys (ConfUtils.java:logGet(46)) - raft.server.rpc.timeout.min = 5s (custom)
2024-08-15 10:20:07,706 [2c076085-4a54-4643-8427-8625b9ee6dbf-groupManagement] INFO  server.RaftServerConfigKeys (ConfUtils.java:logGet(46)) - raft.server.rpc.timeout.max = 5200ms (custom)
2024-08-15 10:20:07,706 [2c076085-4a54-4643-8427-8625b9ee6dbf-groupManagement] INFO  server.RaftServerConfigKeys (ConfUtils.java:logGet(46)) - raft.server.rpc.sleep.time = 25ms (default)
2024-08-15 10:20:07,706 [2c076085-4a54-4643-8427-8625b9ee6dbf-groupManagement] INFO  server.RaftServerConfigKeys (ConfUtils.java:logGet(46)) - raft.server.rpc.slowness.timeout = 300000ms (custom)
2024-08-15 10:20:07,706 [2c076085-4a54-4643-8427-8625b9ee6dbf-groupManagement] INFO  server.RaftServerConfigKeys (ConfUtils.java:logGet(46)) - raft.server.leaderelection.leader.step-down.wait-time = 10s (default)
2024-08-15 10:20:07,706 [2c076085-4a54-4643-8427-8625b9ee6dbf-groupManagement] INFO  server.RaftServerConfigKeys (ConfUtils.java:logGet(46)) - raft.server.leaderelection.member.majority-add = false (default)
2024-08-15 10:20:07,706 [2c076085-4a54-4643-8427-8625b9ee6dbf-groupManagement] INFO  server.RaftServerConfigKeys (ConfUtils.java:logGet(46)) - raft.server.sleep.deviation.threshold = 300ms (default)
2024-08-15 10:20:07,706 [2c076085-4a54-4643-8427-8625b9ee6dbf-groupManagement] INFO  server.RaftServer$Division (ServerState.java:<init>(114)) - 2c076085-4a54-4643-8427-8625b9ee6dbf@group-E905553BCA68: ConfigurationManager, init=conf: {index: -1, cur=peers:[2c076085-4a54-4643-8427-8625b9ee6dbf|127.0.0.1:15595, 298890a6-3c3b-4de0-a9db-67f24322077e|127.0.0.1:15613, 0825ce75-4a52-449f-9036-c8a968d40eda|127.0.0.1:15604]|listeners:[], old=null}, confs=<EMPTY_MAP>
2024-08-15 10:20:07,706 [2c076085-4a54-4643-8427-8625b9ee6dbf-groupManagement] INFO  server.RaftServerConfigKeys (ConfUtils.java:logGet(46)) - raft.server.notification.no-leader.timeout = 300000ms (custom)
2024-08-15 10:20:07,706 [2c076085-4a54-4643-8427-8625b9ee6dbf-groupManagement] INFO  server.RaftServerConfigKeys (ConfUtils.java:logGet(46)) - raft.server.read.timeout = 10s (default)
2024-08-15 10:20:07,706 [2c076085-4a54-4643-8427-8625b9ee6dbf-groupManagement] INFO  server.RaftServerConfigKeys (ConfUtils.java:logGet(46)) - raft.server.retrycache.expirytime = 600000ms (custom)
2024-08-15 10:20:07,706 [2c076085-4a54-4643-8427-8625b9ee6dbf-groupManagement] INFO  server.RaftServerConfigKeys (ConfUtils.java:logGet(46)) - raft.server.retrycache.statistics.expirytime = 100ms (default)
2024-08-15 10:20:07,706 [2c076085-4a54-4643-8427-8625b9ee6dbf-groupManagement] INFO  server.RaftServerConfigKeys (ConfUtils.java:logGet(46)) - raft.server.read.option = DEFAULT (default)
2024-08-15 10:20:07,706 [2c076085-4a54-4643-8427-8625b9ee6dbf-groupManagement] INFO  server.RaftServerConfigKeys (ConfUtils.java:logGet(46)) - raft.server.read.read-after-write-consistent.write-index-cache.expiry-time = 60s (default)
2024-08-15 10:20:07,710 [2c076085-4a54-4643-8427-8625b9ee6dbf-groupManagement] INFO  server.RaftServerConfigKeys (ConfUtils.java:logGet(46)) - raft.server.rpc.request.timeout = 3000ms (default)
2024-08-15 10:20:07,710 [2c076085-4a54-4643-8427-8625b9ee6dbf-groupManagement] INFO  server.RaftServerConfigKeys (ConfUtils.java:logGet(46)) - raft.server.log.appender.install.snapshot.enabled = false (custom)
2024-08-15 10:20:07,710 [2c076085-4a54-4643-8427-8625b9ee6dbf-groupManagement] INFO  server.RaftServerConfigKeys (ConfUtils.java:logGet(46)) - raft.server.threadpool.server.cached = true (default)
2024-08-15 10:20:07,710 [2c076085-4a54-4643-8427-8625b9ee6dbf-groupManagement] INFO  server.RaftServerConfigKeys (ConfUtils.java:logGet(46)) - raft.server.threadpool.server.size = 0 (default)
2024-08-15 10:20:07,710 [2c076085-4a54-4643-8427-8625b9ee6dbf-groupManagement] INFO  server.RaftServerConfigKeys (ConfUtils.java:logGet(46)) - raft.server.threadpool.client.cached = true (default)
2024-08-15 10:20:07,710 [2c076085-4a54-4643-8427-8625b9ee6dbf-groupManagement] INFO  server.RaftServerConfigKeys (ConfUtils.java:logGet(46)) - raft.server.threadpool.client.size = 0 (default)
2024-08-15 10:20:07,711 [2c076085-4a54-4643-8427-8625b9ee6dbf-groupManagement] INFO  server.RaftServerConfigKeys (ConfUtils.java:logGet(46)) - raft.server.storage.free-space.min = 0MB (=0) (default)
2024-08-15 10:20:07,711 [2c076085-4a54-4643-8427-8625b9ee6dbf-groupManagement] INFO  server.RaftServerConfigKeys (ConfUtils.java:logGet(46)) - raft.server.log.corruption.policy = EXCEPTION (default)
2024-08-15 10:20:07,711 [2c076085-4a54-4643-8427-8625b9ee6dbf-groupManagement] INFO  server.RaftServerConfigKeys (ConfUtils.java:logGet(46)) - raft.server.storage.dir = [/home/runner/work/ozone/ozone/hadoop-ozone/integration-test/target/test-dir/MiniOzoneClusterImpl-4fe7c5bf-ca33-4415-93e0-e252006dfa59/ozone-meta/datanode-1/ratis] (custom)
2024-08-15 10:20:07,711 [2c076085-4a54-4643-8427-8625b9ee6dbf-groupManagement] INFO  storage.RaftStorageDirectory (RaftStorageDirectoryImpl.java:analyzeStorage(138)) - The storage directory /home/runner/work/ozone/ozone/hadoop-ozone/integration-test/target/test-dir/MiniOzoneClusterImpl-4fe7c5bf-ca33-4415-93e0-e252006dfa59/ozone-meta/datanode-1/ratis/04d0640d-02ff-45d5-b287-e905553bca68 does not exist. Creating ...
2024-08-15 10:20:07,712 [2c076085-4a54-4643-8427-8625b9ee6dbf-groupManagement] INFO  storage.RaftStorageDirectory (RaftStorageDirectoryImpl.java:tryLock(229)) - Lock on /home/runner/work/ozone/ozone/hadoop-ozone/integration-test/target/test-dir/MiniOzoneClusterImpl-4fe7c5bf-ca33-4415-93e0-e252006dfa59/ozone-meta/datanode-1/ratis/04d0640d-02ff-45d5-b287-e905553bca68/in_use.lock acquired by nodename 113339@fv-az1107-352
2024-08-15 10:20:07,713 [2c076085-4a54-4643-8427-8625b9ee6dbf-groupManagement] INFO  storage.RaftStorage (RaftStorageImpl.java:format(98)) - Storage directory /home/runner/work/ozone/ozone/hadoop-ozone/integration-test/target/test-dir/MiniOzoneClusterImpl-4fe7c5bf-ca33-4415-93e0-e252006dfa59/ozone-meta/datanode-1/ratis/04d0640d-02ff-45d5-b287-e905553bca68 has been successfully formatted.
2024-08-15 10:20:07,713 [2c076085-4a54-4643-8427-8625b9ee6dbf-groupManagement] INFO  ratis.ContainerStateMachine (ContainerStateMachine.java:loadSnapshot(295)) - group-E905553BCA68: The snapshot info is null. Setting the last applied index to:(t:0, i:~)
2024-08-15 10:20:07,713 [2c076085-4a54-4643-8427-8625b9ee6dbf-groupManagement] INFO  server.RaftServerConfigKeys (ConfUtils.java:logGet(46)) - raft.server.log.use.memory = false (default)
2024-08-15 10:20:07,713 [2c076085-4a54-4643-8427-8625b9ee6dbf-groupManagement] INFO  server.RaftServerConfigKeys (ConfUtils.java:logGet(46)) - raft.server.log.purge.gap = 1000000 (custom)
2024-08-15 10:20:07,713 [2c076085-4a54-4643-8427-8625b9ee6dbf-groupManagement] INFO  server.RaftServerConfigKeys (ConfUtils.java:logGet(46)) - raft.server.log.appender.buffer.byte-limit = 8388608 (custom)
2024-08-15 10:20:07,714 [2c076085-4a54-4643-8427-8625b9ee6dbf-groupManagement] INFO  server.RaftServerConfigKeys (ConfUtils.java:logGet(46)) - raft.server.log.statemachine.data.read.timeout = 1000ms (default)
2024-08-15 10:20:07,714 [2c076085-4a54-4643-8427-8625b9ee6dbf-groupManagement] INFO  server.RaftServerConfigKeys (ConfUtils.java:logGet(46)) - raft.server.log.purge.preservation.log.num = 0 (default)
2024-08-15 10:20:07,714 [EventQueue-OpenPipelineForHealthyPipelineSafeModeRule] INFO  safemode.SCMSafeModeManager (HealthyPipelineSafeModeRule.java:process(140)) - SCM in safe mode. Healthy pipelines reported count is 0, required healthy pipeline reported count is 1
2024-08-15 10:20:07,716 [2c076085-4a54-4643-8427-8625b9ee6dbf-groupManagement] INFO  server.RaftServerConfigKeys (ConfUtils.java:logGet(46)) - raft.server.log.segment.size.max = 67108864 (custom)
2024-08-15 10:20:07,716 [2c076085-4a54-4643-8427-8625b9ee6dbf-groupManagement] INFO  server.RaftServerConfigKeys (ConfUtils.java:logGet(46)) - raft.server.log.segment.cache.num.max = 2 (custom)
2024-08-15 10:20:07,716 [2c076085-4a54-4643-8427-8625b9ee6dbf-groupManagement] INFO  server.RaftServerConfigKeys (ConfUtils.java:logGet(46)) - raft.server.log.segment.cache.size.max = 200MB (=209715200) (default)
2024-08-15 10:20:07,716 [2c076085-4a54-4643-8427-8625b9ee6dbf-groupManagement] INFO  server.RaftServerConfigKeys (ConfUtils.java:logGet(46)) - raft.server.log.appender.buffer.byte-limit = 8388608 (custom)
2024-08-15 10:20:07,716 [2c076085-4a54-4643-8427-8625b9ee6dbf-groupManagement] INFO  util.AwaitToRun (AwaitToRun.java:start(81)) - Thread[2c076085-4a54-4643-8427-8625b9ee6dbf@group-E905553BCA68-cacheEviction-AwaitToRun,5,main] started
2024-08-15 10:20:07,717 [2c076085-4a54-4643-8427-8625b9ee6dbf-groupManagement] INFO  segmented.SegmentedRaftLogWorker (SegmentedRaftLogWorker.java:<init>(184)) - new 2c076085-4a54-4643-8427-8625b9ee6dbf@group-E905553BCA68-SegmentedRaftLogWorker for RaftStorageImpl:Storage Directory /home/runner/work/ozone/ozone/hadoop-ozone/integration-test/target/test-dir/MiniOzoneClusterImpl-4fe7c5bf-ca33-4415-93e0-e252006dfa59/ozone-meta/datanode-1/ratis/04d0640d-02ff-45d5-b287-e905553bca68
2024-08-15 10:20:07,717 [2c076085-4a54-4643-8427-8625b9ee6dbf-groupManagement] INFO  server.RaftServerConfigKeys (ConfUtils.java:logGet(46)) - raft.server.log.queue.byte-limit = 4294967296 (custom)
2024-08-15 10:20:07,717 [2c076085-4a54-4643-8427-8625b9ee6dbf-groupManagement] INFO  server.RaftServerConfigKeys (ConfUtils.java:logGet(46)) - raft.server.log.queue.element-limit = 1024 (custom)
2024-08-15 10:20:07,717 [2c076085-4a54-4643-8427-8625b9ee6dbf-groupManagement] INFO  server.RaftServerConfigKeys (ConfUtils.java:logGet(46)) - raft.server.log.segment.size.max = 67108864 (custom)
2024-08-15 10:20:07,717 [2c076085-4a54-4643-8427-8625b9ee6dbf-groupManagement] INFO  server.RaftServerConfigKeys (ConfUtils.java:logGet(46)) - raft.server.log.preallocated.size = 4194304 (custom)
2024-08-15 10:20:07,717 [2c076085-4a54-4643-8427-8625b9ee6dbf-groupManagement] INFO  server.RaftServerConfigKeys (ConfUtils.java:logGet(46)) - raft.server.log.force.sync.num = 128 (default)
2024-08-15 10:20:07,717 [2c076085-4a54-4643-8427-8625b9ee6dbf-groupManagement] INFO  server.RaftServerConfigKeys (ConfUtils.java:logGet(46)) - raft.server.log.statemachine.data.sync = true (default)
2024-08-15 10:20:07,717 [2c076085-4a54-4643-8427-8625b9ee6dbf-groupManagement] INFO  server.RaftServerConfigKeys (ConfUtils.java:logGet(46)) - raft.server.log.statemachine.data.sync.timeout = 10s (default)
2024-08-15 10:20:07,717 [2c076085-4a54-4643-8427-8625b9ee6dbf-groupManagement] INFO  server.RaftServerConfigKeys (ConfUtils.java:logGet(46)) - raft.server.log.statemachine.data.sync.timeout.retry = 30 (custom)
2024-08-15 10:20:07,718 [2c076085-4a54-4643-8427-8625b9ee6dbf-groupManagement] INFO  server.RaftServerConfigKeys (ConfUtils.java:logGet(46)) - raft.server.log.write.buffer.size = 8388616 (custom)
2024-08-15 10:20:07,720 [2c076085-4a54-4643-8427-8625b9ee6dbf-groupManagement] INFO  server.RaftServerConfigKeys (ConfUtils.java:logGet(46)) - raft.server.log.appender.buffer.byte-limit = 8388608 (custom)
2024-08-15 10:20:07,720 [2c076085-4a54-4643-8427-8625b9ee6dbf-groupManagement] INFO  server.RaftServerConfigKeys (ConfUtils.java:logGet(46)) - raft.server.log.unsafe-flush.enabled = false (default)
2024-08-15 10:20:07,720 [2c076085-4a54-4643-8427-8625b9ee6dbf-groupManagement] INFO  server.RaftServerConfigKeys (ConfUtils.java:logGet(46)) - raft.server.log.async-flush.enabled = false (default)
2024-08-15 10:20:07,720 [2c076085-4a54-4643-8427-8625b9ee6dbf-groupManagement] INFO  server.RaftServerConfigKeys (ConfUtils.java:logGet(46)) - raft.server.log.statemachine.data.caching.enabled = true (custom)
2024-08-15 10:20:07,720 [2c076085-4a54-4643-8427-8625b9ee6dbf-groupManagement] INFO  segmented.SegmentedRaftLogWorker (SegmentedRaftLogWorker.java:lambda$new$0(135)) - 2c076085-4a54-4643-8427-8625b9ee6dbf@group-E905553BCA68-SegmentedRaftLogWorker: flushIndex: setUnconditionally 0 -> -1
2024-08-15 10:20:07,720 [2c076085-4a54-4643-8427-8625b9ee6dbf-groupManagement] INFO  segmented.SegmentedRaftLogWorker (SegmentedRaftLogWorker.java:lambda$new$0(135)) - 2c076085-4a54-4643-8427-8625b9ee6dbf@group-E905553BCA68-SegmentedRaftLogWorker: safeCacheEvictIndex: setUnconditionally 0 -> -1
2024-08-15 10:20:07,720 [2c076085-4a54-4643-8427-8625b9ee6dbf-groupManagement] INFO  server.RaftServer$Division (RaftServerImpl.java:start(389)) - 2c076085-4a54-4643-8427-8625b9ee6dbf@group-E905553BCA68: start as a follower, conf=conf: {index: -1, cur=peers:[2c076085-4a54-4643-8427-8625b9ee6dbf|127.0.0.1:15595, 298890a6-3c3b-4de0-a9db-67f24322077e|127.0.0.1:15613, 0825ce75-4a52-449f-9036-c8a968d40eda|127.0.0.1:15604]|listeners:[], old=null}
2024-08-15 10:20:07,720 [2c076085-4a54-4643-8427-8625b9ee6dbf-groupManagement] INFO  server.RaftServer$Division (RaftServerImpl.java:setRole(376)) - 2c076085-4a54-4643-8427-8625b9ee6dbf@group-E905553BCA68: changes role from      null to FOLLOWER at term 0 for startAsFollower
2024-08-15 10:20:07,721 [2c076085-4a54-4643-8427-8625b9ee6dbf-groupManagement] INFO  impl.RoleInfo (RoleInfo.java:updateAndGet(148)) - 2c076085-4a54-4643-8427-8625b9ee6dbf: start 2c076085-4a54-4643-8427-8625b9ee6dbf@group-E905553BCA68-FollowerState
2024-08-15 10:20:07,721 [2c076085-4a54-4643-8427-8625b9ee6dbf@group-E905553BCA68-FollowerState] INFO  server.RaftServerConfigKeys (ConfUtils.java:logFallback(53)) - raft.server.rpc.first-election.timeout.min = 5s (fallback to raft.server.rpc.timeout.min)
2024-08-15 10:20:07,721 [2c076085-4a54-4643-8427-8625b9ee6dbf@group-E905553BCA68-FollowerState] INFO  server.RaftServerConfigKeys (ConfUtils.java:logFallback(53)) - raft.server.rpc.first-election.timeout.max = 5200ms (fallback to raft.server.rpc.timeout.max)
2024-08-15 10:20:07,721 [2c076085-4a54-4643-8427-8625b9ee6dbf-groupManagement] INFO  util.JmxRegister (JmxRegister.java:tryRegister(44)) - Successfully registered JMX Bean with object name Ratis:service=RaftServer,group=group-E905553BCA68,id=2c076085-4a54-4643-8427-8625b9ee6dbf
2024-08-15 10:20:07,721 [2c076085-4a54-4643-8427-8625b9ee6dbf-groupManagement] INFO  util.JmxRegister (JmxRegister.java:register(58)) - register mxBean class org.apache.ratis.server.impl.RaftServerJmxAdapter as Ratis:service=RaftServer,group=group-E905553BCA68,id=2c076085-4a54-4643-8427-8625b9ee6dbf
2024-08-15 10:20:07,721 [2c076085-4a54-4643-8427-8625b9ee6dbf-groupManagement] INFO  server.RaftServerConfigKeys (ConfUtils.java:logGet(46)) - raft.server.snapshot.trigger-when-stop.enabled = true (default)
2024-08-15 10:20:07,721 [2c076085-4a54-4643-8427-8625b9ee6dbf-groupManagement] INFO  server.RaftServerConfigKeys (ConfUtils.java:logGet(46)) - raft.server.snapshot.trigger-when-remove.enabled = true (default)
2024-08-15 10:20:07,721 [2c076085-4a54-4643-8427-8625b9ee6dbf-groupManagement] INFO  server.RaftServerConfigKeys (ConfUtils.java:logGet(46)) - raft.server.snapshot.auto.trigger.enabled = true (custom)
2024-08-15 10:20:07,721 [2c076085-4a54-4643-8427-8625b9ee6dbf-groupManagement] INFO  server.RaftServerConfigKeys (ConfUtils.java:logGet(46)) - raft.server.snapshot.auto.trigger.threshold = 10000 (custom)
2024-08-15 10:20:07,721 [2c076085-4a54-4643-8427-8625b9ee6dbf-groupManagement] INFO  server.RaftServerConfigKeys (ConfUtils.java:logGet(46)) - raft.server.snapshot.retention.file.num = 5 (custom)
2024-08-15 10:20:07,721 [2c076085-4a54-4643-8427-8625b9ee6dbf-groupManagement] INFO  server.RaftServerConfigKeys (ConfUtils.java:logGet(46)) - raft.server.log.purge.upto.snapshot.index = false (default)
2024-08-15 10:20:07,722 [2c076085-4a54-4643-8427-8625b9ee6dbf-PipelineCommandHandlerThread-0] INFO  ratis.XceiverServerRatis (XceiverServerRatis.java:addGroup(850)) - Created group PipelineID=04d0640d-02ff-45d5-b287-e905553bca68
2024-08-15 10:20:07,725 [grpc-default-executor-0] INFO  server.RaftServer (RaftServerProxy.java:addNew(101)) - 298890a6-3c3b-4de0-a9db-67f24322077e: addNew group-E905553BCA68:[2c076085-4a54-4643-8427-8625b9ee6dbf|127.0.0.1:15595, 298890a6-3c3b-4de0-a9db-67f24322077e|127.0.0.1:15613, 0825ce75-4a52-449f-9036-c8a968d40eda|127.0.0.1:15604] returns group-E905553BCA68:java.util.concurrent.CompletableFuture@9700492[Not completed]
2024-08-15 10:20:07,726 [298890a6-3c3b-4de0-a9db-67f24322077e-groupManagement] INFO  server.RaftServer$Division (RaftServerImpl.java:<init>(253)) - 298890a6-3c3b-4de0-a9db-67f24322077e: new RaftServerImpl for group-E905553BCA68:[2c076085-4a54-4643-8427-8625b9ee6dbf|127.0.0.1:15595, 298890a6-3c3b-4de0-a9db-67f24322077e|127.0.0.1:15613, 0825ce75-4a52-449f-9036-c8a968d40eda|127.0.0.1:15604] with ContainerStateMachine:uninitialized
2024-08-15 10:20:07,726 [298890a6-3c3b-4de0-a9db-67f24322077e-groupManagement] INFO  server.RaftServerConfigKeys (ConfUtils.java:logGet(46)) - raft.server.rpc.timeout.min = 5s (custom)
2024-08-15 10:20:07,726 [298890a6-3c3b-4de0-a9db-67f24322077e-groupManagement] INFO  server.RaftServerConfigKeys (ConfUtils.java:logGet(46)) - raft.server.rpc.timeout.max = 5200ms (custom)
2024-08-15 10:20:07,726 [298890a6-3c3b-4de0-a9db-67f24322077e-groupManagement] INFO  server.RaftServerConfigKeys (ConfUtils.java:logGet(46)) - raft.server.rpc.sleep.time = 25ms (default)
2024-08-15 10:20:07,726 [298890a6-3c3b-4de0-a9db-67f24322077e-groupManagement] INFO  server.RaftServerConfigKeys (ConfUtils.java:logGet(46)) - raft.server.rpc.slowness.timeout = 300000ms (custom)
2024-08-15 10:20:07,726 [298890a6-3c3b-4de0-a9db-67f24322077e-groupManagement] INFO  server.RaftServerConfigKeys (ConfUtils.java:logGet(46)) - raft.server.leaderelection.leader.step-down.wait-time = 10s (default)
2024-08-15 10:20:07,726 [298890a6-3c3b-4de0-a9db-67f24322077e-groupManagement] INFO  server.RaftServerConfigKeys (ConfUtils.java:logGet(46)) - raft.server.leaderelection.member.majority-add = false (default)
2024-08-15 10:20:07,726 [298890a6-3c3b-4de0-a9db-67f24322077e-groupManagement] INFO  server.RaftServerConfigKeys (ConfUtils.java:logGet(46)) - raft.server.sleep.deviation.threshold = 300ms (default)
2024-08-15 10:20:07,726 [298890a6-3c3b-4de0-a9db-67f24322077e-groupManagement] INFO  server.RaftServer$Division (ServerState.java:<init>(114)) - 298890a6-3c3b-4de0-a9db-67f24322077e@group-E905553BCA68: ConfigurationManager, init=conf: {index: -1, cur=peers:[2c076085-4a54-4643-8427-8625b9ee6dbf|127.0.0.1:15595, 298890a6-3c3b-4de0-a9db-67f24322077e|127.0.0.1:15613, 0825ce75-4a52-449f-9036-c8a968d40eda|127.0.0.1:15604]|listeners:[], old=null}, confs=<EMPTY_MAP>
2024-08-15 10:20:07,726 [298890a6-3c3b-4de0-a9db-67f24322077e-groupManagement] INFO  server.RaftServerConfigKeys (ConfUtils.java:logGet(46)) - raft.server.notification.no-leader.timeout = 300000ms (custom)
2024-08-15 10:20:07,726 [298890a6-3c3b-4de0-a9db-67f24322077e-groupManagement] INFO  server.RaftServerConfigKeys (ConfUtils.java:logGet(46)) - raft.server.read.timeout = 10s (default)
2024-08-15 10:20:07,726 [298890a6-3c3b-4de0-a9db-67f24322077e-groupManagement] INFO  server.RaftServerConfigKeys (ConfUtils.java:logGet(46)) - raft.server.retrycache.expirytime = 600000ms (custom)
2024-08-15 10:20:07,727 [298890a6-3c3b-4de0-a9db-67f24322077e-groupManagement] INFO  server.RaftServerConfigKeys (ConfUtils.java:logGet(46)) - raft.server.retrycache.statistics.expirytime = 100ms (default)
2024-08-15 10:20:07,727 [298890a6-3c3b-4de0-a9db-67f24322077e-groupManagement] INFO  server.RaftServerConfigKeys (ConfUtils.java:logGet(46)) - raft.server.read.option = DEFAULT (default)
2024-08-15 10:20:07,727 [298890a6-3c3b-4de0-a9db-67f24322077e-groupManagement] INFO  server.RaftServerConfigKeys (ConfUtils.java:logGet(46)) - raft.server.read.read-after-write-consistent.write-index-cache.expiry-time = 60s (default)
2024-08-15 10:20:07,733 [298890a6-3c3b-4de0-a9db-67f24322077e-groupManagement] INFO  server.RaftServerConfigKeys (ConfUtils.java:logGet(46)) - raft.server.rpc.request.timeout = 3000ms (default)
2024-08-15 10:20:07,733 [298890a6-3c3b-4de0-a9db-67f24322077e-groupManagement] INFO  server.RaftServerConfigKeys (ConfUtils.java:logGet(46)) - raft.server.log.appender.install.snapshot.enabled = false (custom)
2024-08-15 10:20:07,733 [298890a6-3c3b-4de0-a9db-67f24322077e-groupManagement] INFO  server.RaftServerConfigKeys (ConfUtils.java:logGet(46)) - raft.server.threadpool.server.cached = true (default)
2024-08-15 10:20:07,733 [298890a6-3c3b-4de0-a9db-67f24322077e-groupManagement] INFO  server.RaftServerConfigKeys (ConfUtils.java:logGet(46)) - raft.server.threadpool.server.size = 0 (default)
2024-08-15 10:20:07,734 [298890a6-3c3b-4de0-a9db-67f24322077e-groupManagement] INFO  server.RaftServerConfigKeys (ConfUtils.java:logGet(46)) - raft.server.threadpool.client.cached = true (default)
2024-08-15 10:20:07,734 [298890a6-3c3b-4de0-a9db-67f24322077e-groupManagement] INFO  server.RaftServerConfigKeys (ConfUtils.java:logGet(46)) - raft.server.threadpool.client.size = 0 (default)
2024-08-15 10:20:07,734 [298890a6-3c3b-4de0-a9db-67f24322077e-groupManagement] INFO  server.RaftServerConfigKeys (ConfUtils.java:logGet(46)) - raft.server.storage.free-space.min = 0MB (=0) (default)
2024-08-15 10:20:07,734 [298890a6-3c3b-4de0-a9db-67f24322077e-groupManagement] INFO  server.RaftServerConfigKeys (ConfUtils.java:logGet(46)) - raft.server.log.corruption.policy = EXCEPTION (default)
2024-08-15 10:20:07,734 [298890a6-3c3b-4de0-a9db-67f24322077e-groupManagement] INFO  server.RaftServerConfigKeys (ConfUtils.java:logGet(46)) - raft.server.storage.dir = [/home/runner/work/ozone/ozone/hadoop-ozone/integration-test/target/test-dir/MiniOzoneClusterImpl-4fe7c5bf-ca33-4415-93e0-e252006dfa59/ozone-meta/datanode-3/ratis] (custom)
2024-08-15 10:20:07,734 [298890a6-3c3b-4de0-a9db-67f24322077e-groupManagement] INFO  storage.RaftStorageDirectory (RaftStorageDirectoryImpl.java:analyzeStorage(138)) - The storage directory /home/runner/work/ozone/ozone/hadoop-ozone/integration-test/target/test-dir/MiniOzoneClusterImpl-4fe7c5bf-ca33-4415-93e0-e252006dfa59/ozone-meta/datanode-3/ratis/04d0640d-02ff-45d5-b287-e905553bca68 does not exist. Creating ...
2024-08-15 10:20:07,735 [298890a6-3c3b-4de0-a9db-67f24322077e-groupManagement] INFO  storage.RaftStorageDirectory (RaftStorageDirectoryImpl.java:tryLock(229)) - Lock on /home/runner/work/ozone/ozone/hadoop-ozone/integration-test/target/test-dir/MiniOzoneClusterImpl-4fe7c5bf-ca33-4415-93e0-e252006dfa59/ozone-meta/datanode-3/ratis/04d0640d-02ff-45d5-b287-e905553bca68/in_use.lock acquired by nodename 113339@fv-az1107-352
2024-08-15 10:20:07,736 [298890a6-3c3b-4de0-a9db-67f24322077e-groupManagement] INFO  storage.RaftStorage (RaftStorageImpl.java:format(98)) - Storage directory /home/runner/work/ozone/ozone/hadoop-ozone/integration-test/target/test-dir/MiniOzoneClusterImpl-4fe7c5bf-ca33-4415-93e0-e252006dfa59/ozone-meta/datanode-3/ratis/04d0640d-02ff-45d5-b287-e905553bca68 has been successfully formatted.
2024-08-15 10:20:07,737 [298890a6-3c3b-4de0-a9db-67f24322077e-groupManagement] INFO  ratis.ContainerStateMachine (ContainerStateMachine.java:loadSnapshot(295)) - group-E905553BCA68: The snapshot info is null. Setting the last applied index to:(t:0, i:~)
2024-08-15 10:20:07,737 [298890a6-3c3b-4de0-a9db-67f24322077e-groupManagement] INFO  server.RaftServerConfigKeys (ConfUtils.java:logGet(46)) - raft.server.log.use.memory = false (default)
2024-08-15 10:20:07,737 [298890a6-3c3b-4de0-a9db-67f24322077e-groupManagement] INFO  server.RaftServerConfigKeys (ConfUtils.java:logGet(46)) - raft.server.log.purge.gap = 1000000 (custom)
2024-08-15 10:20:07,737 [298890a6-3c3b-4de0-a9db-67f24322077e-groupManagement] INFO  server.RaftServerConfigKeys (ConfUtils.java:logGet(46)) - raft.server.log.appender.buffer.byte-limit = 8388608 (custom)
2024-08-15 10:20:07,738 [298890a6-3c3b-4de0-a9db-67f24322077e-groupManagement] INFO  server.RaftServerConfigKeys (ConfUtils.java:logGet(46)) - raft.server.log.statemachine.data.read.timeout = 1000ms (default)
2024-08-15 10:20:07,738 [298890a6-3c3b-4de0-a9db-67f24322077e-groupManagement] INFO  server.RaftServerConfigKeys (ConfUtils.java:logGet(46)) - raft.server.log.purge.preservation.log.num = 0 (default)
2024-08-15 10:20:07,740 [298890a6-3c3b-4de0-a9db-67f24322077e-groupManagement] INFO  server.RaftServerConfigKeys (ConfUtils.java:logGet(46)) - raft.server.log.segment.size.max = 67108864 (custom)
2024-08-15 10:20:07,741 [298890a6-3c3b-4de0-a9db-67f24322077e-groupManagement] INFO  server.RaftServerConfigKeys (ConfUtils.java:logGet(46)) - raft.server.log.segment.cache.num.max = 2 (custom)
2024-08-15 10:20:07,741 [298890a6-3c3b-4de0-a9db-67f24322077e-groupManagement] INFO  server.RaftServerConfigKeys (ConfUtils.java:logGet(46)) - raft.server.log.segment.cache.size.max = 200MB (=209715200) (default)
2024-08-15 10:20:07,741 [298890a6-3c3b-4de0-a9db-67f24322077e-groupManagement] INFO  server.RaftServerConfigKeys (ConfUtils.java:logGet(46)) - raft.server.log.appender.buffer.byte-limit = 8388608 (custom)
2024-08-15 10:20:07,742 [298890a6-3c3b-4de0-a9db-67f24322077e-groupManagement] INFO  util.AwaitToRun (AwaitToRun.java:start(81)) - Thread[298890a6-3c3b-4de0-a9db-67f24322077e@group-E905553BCA68-cacheEviction-AwaitToRun,5,main] started
2024-08-15 10:20:07,742 [298890a6-3c3b-4de0-a9db-67f24322077e-groupManagement] INFO  segmented.SegmentedRaftLogWorker (SegmentedRaftLogWorker.java:<init>(184)) - new 298890a6-3c3b-4de0-a9db-67f24322077e@group-E905553BCA68-SegmentedRaftLogWorker for RaftStorageImpl:Storage Directory /home/runner/work/ozone/ozone/hadoop-ozone/integration-test/target/test-dir/MiniOzoneClusterImpl-4fe7c5bf-ca33-4415-93e0-e252006dfa59/ozone-meta/datanode-3/ratis/04d0640d-02ff-45d5-b287-e905553bca68
2024-08-15 10:20:07,742 [298890a6-3c3b-4de0-a9db-67f24322077e-groupManagement] INFO  server.RaftServerConfigKeys (ConfUtils.java:logGet(46)) - raft.server.log.queue.byte-limit = 4294967296 (custom)
2024-08-15 10:20:07,742 [298890a6-3c3b-4de0-a9db-67f24322077e-groupManagement] INFO  server.RaftServerConfigKeys (ConfUtils.java:logGet(46)) - raft.server.log.queue.element-limit = 1024 (custom)
2024-08-15 10:20:07,742 [298890a6-3c3b-4de0-a9db-67f24322077e-groupManagement] INFO  server.RaftServerConfigKeys (ConfUtils.java:logGet(46)) - raft.server.log.segment.size.max = 67108864 (custom)
2024-08-15 10:20:07,742 [298890a6-3c3b-4de0-a9db-67f24322077e-groupManagement] INFO  server.RaftServerConfigKeys (ConfUtils.java:logGet(46)) - raft.server.log.preallocated.size = 4194304 (custom)
2024-08-15 10:20:07,742 [298890a6-3c3b-4de0-a9db-67f24322077e-groupManagement] INFO  server.RaftServerConfigKeys (ConfUtils.java:logGet(46)) - raft.server.log.force.sync.num = 128 (default)
2024-08-15 10:20:07,742 [298890a6-3c3b-4de0-a9db-67f24322077e-groupManagement] INFO  server.RaftServerConfigKeys (ConfUtils.java:logGet(46)) - raft.server.log.statemachine.data.sync = true (default)
2024-08-15 10:20:07,742 [298890a6-3c3b-4de0-a9db-67f24322077e-groupManagement] INFO  server.RaftServerConfigKeys (ConfUtils.java:logGet(46)) - raft.server.log.statemachine.data.sync.timeout = 10s (default)
2024-08-15 10:20:07,742 [298890a6-3c3b-4de0-a9db-67f24322077e-groupManagement] INFO  server.RaftServerConfigKeys (ConfUtils.java:logGet(46)) - raft.server.log.statemachine.data.sync.timeout.retry = 30 (custom)
2024-08-15 10:20:07,743 [298890a6-3c3b-4de0-a9db-67f24322077e-groupManagement] INFO  server.RaftServerConfigKeys (ConfUtils.java:logGet(46)) - raft.server.log.write.buffer.size = 8388616 (custom)
2024-08-15 10:20:07,744 [298890a6-3c3b-4de0-a9db-67f24322077e-groupManagement] INFO  server.RaftServerConfigKeys (ConfUtils.java:logGet(46)) - raft.server.log.appender.buffer.byte-limit = 8388608 (custom)
2024-08-15 10:20:07,745 [298890a6-3c3b-4de0-a9db-67f24322077e-groupManagement] INFO  server.RaftServerConfigKeys (ConfUtils.java:logGet(46)) - raft.server.log.unsafe-flush.enabled = false (default)
2024-08-15 10:20:07,745 [298890a6-3c3b-4de0-a9db-67f24322077e-groupManagement] INFO  server.RaftServerConfigKeys (ConfUtils.java:logGet(46)) - raft.server.log.async-flush.enabled = false (default)
2024-08-15 10:20:07,745 [298890a6-3c3b-4de0-a9db-67f24322077e-groupManagement] INFO  server.RaftServerConfigKeys (ConfUtils.java:logGet(46)) - raft.server.log.statemachine.data.caching.enabled = true (custom)
2024-08-15 10:20:07,745 [298890a6-3c3b-4de0-a9db-67f24322077e-groupManagement] INFO  segmented.SegmentedRaftLogWorker (SegmentedRaftLogWorker.java:lambda$new$0(135)) - 298890a6-3c3b-4de0-a9db-67f24322077e@group-E905553BCA68-SegmentedRaftLogWorker: flushIndex: setUnconditionally 0 -> -1
2024-08-15 10:20:07,745 [298890a6-3c3b-4de0-a9db-67f24322077e-groupManagement] INFO  segmented.SegmentedRaftLogWorker (SegmentedRaftLogWorker.java:lambda$new$0(135)) - 298890a6-3c3b-4de0-a9db-67f24322077e@group-E905553BCA68-SegmentedRaftLogWorker: safeCacheEvictIndex: setUnconditionally 0 -> -1
2024-08-15 10:20:07,745 [298890a6-3c3b-4de0-a9db-67f24322077e-groupManagement] INFO  server.RaftServer$Division (RaftServerImpl.java:start(389)) - 298890a6-3c3b-4de0-a9db-67f24322077e@group-E905553BCA68: start as a follower, conf=conf: {index: -1, cur=peers:[2c076085-4a54-4643-8427-8625b9ee6dbf|127.0.0.1:15595, 298890a6-3c3b-4de0-a9db-67f24322077e|127.0.0.1:15613, 0825ce75-4a52-449f-9036-c8a968d40eda|127.0.0.1:15604]|listeners:[], old=null}
2024-08-15 10:20:07,745 [298890a6-3c3b-4de0-a9db-67f24322077e-groupManagement] INFO  server.RaftServer$Division (RaftServerImpl.java:setRole(376)) - 298890a6-3c3b-4de0-a9db-67f24322077e@group-E905553BCA68: changes role from      null to FOLLOWER at term 0 for startAsFollower
2024-08-15 10:20:07,746 [298890a6-3c3b-4de0-a9db-67f24322077e-groupManagement] INFO  impl.RoleInfo (RoleInfo.java:updateAndGet(148)) - 298890a6-3c3b-4de0-a9db-67f24322077e: start 298890a6-3c3b-4de0-a9db-67f24322077e@group-E905553BCA68-FollowerState
2024-08-15 10:20:07,746 [298890a6-3c3b-4de0-a9db-67f24322077e@group-E905553BCA68-FollowerState] INFO  server.RaftServerConfigKeys (ConfUtils.java:logFallback(53)) - raft.server.rpc.first-election.timeout.min = 5s (fallback to raft.server.rpc.timeout.min)
2024-08-15 10:20:07,746 [298890a6-3c3b-4de0-a9db-67f24322077e@group-E905553BCA68-FollowerState] INFO  server.RaftServerConfigKeys (ConfUtils.java:logFallback(53)) - raft.server.rpc.first-election.timeout.max = 5200ms (fallback to raft.server.rpc.timeout.max)
2024-08-15 10:20:07,746 [298890a6-3c3b-4de0-a9db-67f24322077e-groupManagement] INFO  util.JmxRegister (JmxRegister.java:tryRegister(44)) - Successfully registered JMX Bean with object name Ratis:service=RaftServer,group=group-E905553BCA68,id=298890a6-3c3b-4de0-a9db-67f24322077e
2024-08-15 10:20:07,746 [298890a6-3c3b-4de0-a9db-67f24322077e-groupManagement] INFO  util.JmxRegister (JmxRegister.java:register(58)) - register mxBean class org.apache.ratis.server.impl.RaftServerJmxAdapter as Ratis:service=RaftServer,group=group-E905553BCA68,id=298890a6-3c3b-4de0-a9db-67f24322077e
2024-08-15 10:20:07,746 [298890a6-3c3b-4de0-a9db-67f24322077e-groupManagement] INFO  server.RaftServerConfigKeys (ConfUtils.java:logGet(46)) - raft.server.snapshot.trigger-when-stop.enabled = true (default)
2024-08-15 10:20:07,746 [298890a6-3c3b-4de0-a9db-67f24322077e-groupManagement] INFO  server.RaftServerConfigKeys (ConfUtils.java:logGet(46)) - raft.server.snapshot.trigger-when-remove.enabled = true (default)
2024-08-15 10:20:07,746 [298890a6-3c3b-4de0-a9db-67f24322077e-groupManagement] INFO  server.RaftServerConfigKeys (ConfUtils.java:logGet(46)) - raft.server.snapshot.auto.trigger.enabled = true (custom)
2024-08-15 10:20:07,746 [298890a6-3c3b-4de0-a9db-67f24322077e-groupManagement] INFO  server.RaftServerConfigKeys (ConfUtils.java:logGet(46)) - raft.server.snapshot.auto.trigger.threshold = 10000 (custom)
2024-08-15 10:20:07,747 [298890a6-3c3b-4de0-a9db-67f24322077e-groupManagement] INFO  server.RaftServerConfigKeys (ConfUtils.java:logGet(46)) - raft.server.snapshot.retention.file.num = 5 (custom)
2024-08-15 10:20:07,747 [298890a6-3c3b-4de0-a9db-67f24322077e-groupManagement] INFO  server.RaftServerConfigKeys (ConfUtils.java:logGet(46)) - raft.server.log.purge.upto.snapshot.index = false (default)
2024-08-15 10:20:07,752 [grpc-default-executor-0] INFO  server.RaftServer (RaftServerProxy.java:addNew(101)) - 0825ce75-4a52-449f-9036-c8a968d40eda: addNew group-E905553BCA68:[2c076085-4a54-4643-8427-8625b9ee6dbf|127.0.0.1:15595, 298890a6-3c3b-4de0-a9db-67f24322077e|127.0.0.1:15613, 0825ce75-4a52-449f-9036-c8a968d40eda|127.0.0.1:15604] returns group-E905553BCA68:java.util.concurrent.CompletableFuture@7d261316[Not completed]
2024-08-15 10:20:07,753 [0825ce75-4a52-449f-9036-c8a968d40eda-groupManagement] INFO  server.RaftServer$Division (RaftServerImpl.java:<init>(253)) - 0825ce75-4a52-449f-9036-c8a968d40eda: new RaftServerImpl for group-E905553BCA68:[2c076085-4a54-4643-8427-8625b9ee6dbf|127.0.0.1:15595, 298890a6-3c3b-4de0-a9db-67f24322077e|127.0.0.1:15613, 0825ce75-4a52-449f-9036-c8a968d40eda|127.0.0.1:15604] with ContainerStateMachine:uninitialized
2024-08-15 10:20:07,753 [0825ce75-4a52-449f-9036-c8a968d40eda-groupManagement] INFO  server.RaftServerConfigKeys (ConfUtils.java:logGet(46)) - raft.server.rpc.timeout.min = 5s (custom)
2024-08-15 10:20:07,753 [0825ce75-4a52-449f-9036-c8a968d40eda-groupManagement] INFO  server.RaftServerConfigKeys (ConfUtils.java:logGet(46)) - raft.server.rpc.timeout.max = 5200ms (custom)
2024-08-15 10:20:07,753 [0825ce75-4a52-449f-9036-c8a968d40eda-groupManagement] INFO  server.RaftServerConfigKeys (ConfUtils.java:logGet(46)) - raft.server.rpc.sleep.time = 25ms (default)
2024-08-15 10:20:07,753 [0825ce75-4a52-449f-9036-c8a968d40eda-groupManagement] INFO  server.RaftServerConfigKeys (ConfUtils.java:logGet(46)) - raft.server.rpc.slowness.timeout = 300000ms (custom)
2024-08-15 10:20:07,753 [0825ce75-4a52-449f-9036-c8a968d40eda-groupManagement] INFO  server.RaftServerConfigKeys (ConfUtils.java:logGet(46)) - raft.server.leaderelection.leader.step-down.wait-time = 10s (default)
2024-08-15 10:20:07,753 [0825ce75-4a52-449f-9036-c8a968d40eda-groupManagement] INFO  server.RaftServerConfigKeys (ConfUtils.java:logGet(46)) - raft.server.leaderelection.member.majority-add = false (default)
2024-08-15 10:20:07,753 [0825ce75-4a52-449f-9036-c8a968d40eda-groupManagement] INFO  server.RaftServerConfigKeys (ConfUtils.java:logGet(46)) - raft.server.sleep.deviation.threshold = 300ms (default)
2024-08-15 10:20:07,753 [0825ce75-4a52-449f-9036-c8a968d40eda-groupManagement] INFO  server.RaftServer$Division (ServerState.java:<init>(114)) - 0825ce75-4a52-449f-9036-c8a968d40eda@group-E905553BCA68: ConfigurationManager, init=conf: {index: -1, cur=peers:[2c076085-4a54-4643-8427-8625b9ee6dbf|127.0.0.1:15595, 298890a6-3c3b-4de0-a9db-67f24322077e|127.0.0.1:15613, 0825ce75-4a52-449f-9036-c8a968d40eda|127.0.0.1:15604]|listeners:[], old=null}, confs=<EMPTY_MAP>
2024-08-15 10:20:07,753 [0825ce75-4a52-449f-9036-c8a968d40eda-groupManagement] INFO  server.RaftServerConfigKeys (ConfUtils.java:logGet(46)) - raft.server.notification.no-leader.timeout = 300000ms (custom)
2024-08-15 10:20:07,753 [0825ce75-4a52-449f-9036-c8a968d40eda-groupManagement] INFO  server.RaftServerConfigKeys (ConfUtils.java:logGet(46)) - raft.server.read.timeout = 10s (default)
2024-08-15 10:20:07,753 [0825ce75-4a52-449f-9036-c8a968d40eda-groupManagement] INFO  server.RaftServerConfigKeys (ConfUtils.java:logGet(46)) - raft.server.retrycache.expirytime = 600000ms (custom)
2024-08-15 10:20:07,753 [0825ce75-4a52-449f-9036-c8a968d40eda-groupManagement] INFO  server.RaftServerConfigKeys (ConfUtils.java:logGet(46)) - raft.server.retrycache.statistics.expirytime = 100ms (default)
2024-08-15 10:20:07,753 [0825ce75-4a52-449f-9036-c8a968d40eda-groupManagement] INFO  server.RaftServerConfigKeys (ConfUtils.java:logGet(46)) - raft.server.read.option = DEFAULT (default)
2024-08-15 10:20:07,753 [0825ce75-4a52-449f-9036-c8a968d40eda-groupManagement] INFO  server.RaftServerConfigKeys (ConfUtils.java:logGet(46)) - raft.server.read.read-after-write-consistent.write-index-cache.expiry-time = 60s (default)
2024-08-15 10:20:07,758 [0825ce75-4a52-449f-9036-c8a968d40eda-groupManagement] INFO  server.RaftServerConfigKeys (ConfUtils.java:logGet(46)) - raft.server.rpc.request.timeout = 3000ms (default)
2024-08-15 10:20:07,758 [0825ce75-4a52-449f-9036-c8a968d40eda-groupManagement] INFO  server.RaftServerConfigKeys (ConfUtils.java:logGet(46)) - raft.server.log.appender.install.snapshot.enabled = false (custom)
2024-08-15 10:20:07,758 [0825ce75-4a52-449f-9036-c8a968d40eda-groupManagement] INFO  server.RaftServerConfigKeys (ConfUtils.java:logGet(46)) - raft.server.threadpool.server.cached = true (default)
2024-08-15 10:20:07,758 [0825ce75-4a52-449f-9036-c8a968d40eda-groupManagement] INFO  server.RaftServerConfigKeys (ConfUtils.java:logGet(46)) - raft.server.threadpool.server.size = 0 (default)
2024-08-15 10:20:07,758 [0825ce75-4a52-449f-9036-c8a968d40eda-groupManagement] INFO  server.RaftServerConfigKeys (ConfUtils.java:logGet(46)) - raft.server.threadpool.client.cached = true (default)
2024-08-15 10:20:07,758 [0825ce75-4a52-449f-9036-c8a968d40eda-groupManagement] INFO  server.RaftServerConfigKeys (ConfUtils.java:logGet(46)) - raft.server.threadpool.client.size = 0 (default)
2024-08-15 10:20:07,758 [0825ce75-4a52-449f-9036-c8a968d40eda-groupManagement] INFO  server.RaftServerConfigKeys (ConfUtils.java:logGet(46)) - raft.server.storage.free-space.min = 0MB (=0) (default)
2024-08-15 10:20:07,758 [0825ce75-4a52-449f-9036-c8a968d40eda-groupManagement] INFO  server.RaftServerConfigKeys (ConfUtils.java:logGet(46)) - raft.server.log.corruption.policy = EXCEPTION (default)
2024-08-15 10:20:07,758 [0825ce75-4a52-449f-9036-c8a968d40eda-groupManagement] INFO  server.RaftServerConfigKeys (ConfUtils.java:logGet(46)) - raft.server.storage.dir = [/home/runner/work/ozone/ozone/hadoop-ozone/integration-test/target/test-dir/MiniOzoneClusterImpl-4fe7c5bf-ca33-4415-93e0-e252006dfa59/ozone-meta/datanode-2/ratis] (custom)
2024-08-15 10:20:07,759 [0825ce75-4a52-449f-9036-c8a968d40eda-groupManagement] INFO  storage.RaftStorageDirectory (RaftStorageDirectoryImpl.java:analyzeStorage(138)) - The storage directory /home/runner/work/ozone/ozone/hadoop-ozone/integration-test/target/test-dir/MiniOzoneClusterImpl-4fe7c5bf-ca33-4415-93e0-e252006dfa59/ozone-meta/datanode-2/ratis/04d0640d-02ff-45d5-b287-e905553bca68 does not exist. Creating ...
2024-08-15 10:20:07,760 [0825ce75-4a52-449f-9036-c8a968d40eda-groupManagement] INFO  storage.RaftStorageDirectory (RaftStorageDirectoryImpl.java:tryLock(229)) - Lock on /home/runner/work/ozone/ozone/hadoop-ozone/integration-test/target/test-dir/MiniOzoneClusterImpl-4fe7c5bf-ca33-4415-93e0-e252006dfa59/ozone-meta/datanode-2/ratis/04d0640d-02ff-45d5-b287-e905553bca68/in_use.lock acquired by nodename 113339@fv-az1107-352
2024-08-15 10:20:07,761 [0825ce75-4a52-449f-9036-c8a968d40eda-groupManagement] INFO  storage.RaftStorage (RaftStorageImpl.java:format(98)) - Storage directory /home/runner/work/ozone/ozone/hadoop-ozone/integration-test/target/test-dir/MiniOzoneClusterImpl-4fe7c5bf-ca33-4415-93e0-e252006dfa59/ozone-meta/datanode-2/ratis/04d0640d-02ff-45d5-b287-e905553bca68 has been successfully formatted.
2024-08-15 10:20:07,761 [0825ce75-4a52-449f-9036-c8a968d40eda-groupManagement] INFO  ratis.ContainerStateMachine (ContainerStateMachine.java:loadSnapshot(295)) - group-E905553BCA68: The snapshot info is null. Setting the last applied index to:(t:0, i:~)
2024-08-15 10:20:07,761 [0825ce75-4a52-449f-9036-c8a968d40eda-groupManagement] INFO  server.RaftServerConfigKeys (ConfUtils.java:logGet(46)) - raft.server.log.use.memory = false (default)
2024-08-15 10:20:07,761 [0825ce75-4a52-449f-9036-c8a968d40eda-groupManagement] INFO  server.RaftServerConfigKeys (ConfUtils.java:logGet(46)) - raft.server.log.purge.gap = 1000000 (custom)
2024-08-15 10:20:07,761 [0825ce75-4a52-449f-9036-c8a968d40eda-groupManagement] INFO  server.RaftServerConfigKeys (ConfUtils.java:logGet(46)) - raft.server.log.appender.buffer.byte-limit = 8388608 (custom)
2024-08-15 10:20:07,761 [0825ce75-4a52-449f-9036-c8a968d40eda-groupManagement] INFO  server.RaftServerConfigKeys (ConfUtils.java:logGet(46)) - raft.server.log.statemachine.data.read.timeout = 1000ms (default)
2024-08-15 10:20:07,761 [0825ce75-4a52-449f-9036-c8a968d40eda-groupManagement] INFO  server.RaftServerConfigKeys (ConfUtils.java:logGet(46)) - raft.server.log.purge.preservation.log.num = 0 (default)
2024-08-15 10:20:07,764 [0825ce75-4a52-449f-9036-c8a968d40eda-groupManagement] INFO  server.RaftServerConfigKeys (ConfUtils.java:logGet(46)) - raft.server.log.segment.size.max = 67108864 (custom)
2024-08-15 10:20:07,764 [0825ce75-4a52-449f-9036-c8a968d40eda-groupManagement] INFO  server.RaftServerConfigKeys (ConfUtils.java:logGet(46)) - raft.server.log.segment.cache.num.max = 2 (custom)
2024-08-15 10:20:07,764 [0825ce75-4a52-449f-9036-c8a968d40eda-groupManagement] INFO  server.RaftServerConfigKeys (ConfUtils.java:logGet(46)) - raft.server.log.segment.cache.size.max = 200MB (=209715200) (default)
2024-08-15 10:20:07,764 [0825ce75-4a52-449f-9036-c8a968d40eda-groupManagement] INFO  server.RaftServerConfigKeys (ConfUtils.java:logGet(46)) - raft.server.log.appender.buffer.byte-limit = 8388608 (custom)
2024-08-15 10:20:07,765 [0825ce75-4a52-449f-9036-c8a968d40eda-groupManagement] INFO  util.AwaitToRun (AwaitToRun.java:start(81)) - Thread[0825ce75-4a52-449f-9036-c8a968d40eda@group-E905553BCA68-cacheEviction-AwaitToRun,5,main] started
2024-08-15 10:20:07,765 [0825ce75-4a52-449f-9036-c8a968d40eda-groupManagement] INFO  segmented.SegmentedRaftLogWorker (SegmentedRaftLogWorker.java:<init>(184)) - new 0825ce75-4a52-449f-9036-c8a968d40eda@group-E905553BCA68-SegmentedRaftLogWorker for RaftStorageImpl:Storage Directory /home/runner/work/ozone/ozone/hadoop-ozone/integration-test/target/test-dir/MiniOzoneClusterImpl-4fe7c5bf-ca33-4415-93e0-e252006dfa59/ozone-meta/datanode-2/ratis/04d0640d-02ff-45d5-b287-e905553bca68
2024-08-15 10:20:07,765 [0825ce75-4a52-449f-9036-c8a968d40eda-groupManagement] INFO  server.RaftServerConfigKeys (ConfUtils.java:logGet(46)) - raft.server.log.queue.byte-limit = 4294967296 (custom)
2024-08-15 10:20:07,765 [0825ce75-4a52-449f-9036-c8a968d40eda-groupManagement] INFO  server.RaftServerConfigKeys (ConfUtils.java:logGet(46)) - raft.server.log.queue.element-limit = 1024 (custom)
2024-08-15 10:20:07,765 [0825ce75-4a52-449f-9036-c8a968d40eda-groupManagement] INFO  server.RaftServerConfigKeys (ConfUtils.java:logGet(46)) - raft.server.log.segment.size.max = 67108864 (custom)
2024-08-15 10:20:07,765 [0825ce75-4a52-449f-9036-c8a968d40eda-groupManagement] INFO  server.RaftServerConfigKeys (ConfUtils.java:logGet(46)) - raft.server.log.preallocated.size = 4194304 (custom)
2024-08-15 10:20:07,765 [0825ce75-4a52-449f-9036-c8a968d40eda-groupManagement] INFO  server.RaftServerConfigKeys (ConfUtils.java:logGet(46)) - raft.server.log.force.sync.num = 128 (default)
2024-08-15 10:20:07,765 [0825ce75-4a52-449f-9036-c8a968d40eda-groupManagement] INFO  server.RaftServerConfigKeys (ConfUtils.java:logGet(46)) - raft.server.log.statemachine.data.sync = true (default)
2024-08-15 10:20:07,765 [0825ce75-4a52-449f-9036-c8a968d40eda-groupManagement] INFO  server.RaftServerConfigKeys (ConfUtils.java:logGet(46)) - raft.server.log.statemachine.data.sync.timeout = 10s (default)
2024-08-15 10:20:07,765 [0825ce75-4a52-449f-9036-c8a968d40eda-groupManagement] INFO  server.RaftServerConfigKeys (ConfUtils.java:logGet(46)) - raft.server.log.statemachine.data.sync.timeout.retry = 30 (custom)
2024-08-15 10:20:07,766 [0825ce75-4a52-449f-9036-c8a968d40eda-groupManagement] INFO  server.RaftServerConfigKeys (ConfUtils.java:logGet(46)) - raft.server.log.write.buffer.size = 8388616 (custom)
2024-08-15 10:20:07,768 [0825ce75-4a52-449f-9036-c8a968d40eda-groupManagement] INFO  server.RaftServerConfigKeys (ConfUtils.java:logGet(46)) - raft.server.log.appender.buffer.byte-limit = 8388608 (custom)
2024-08-15 10:20:07,768 [0825ce75-4a52-449f-9036-c8a968d40eda-groupManagement] INFO  server.RaftServerConfigKeys (ConfUtils.java:logGet(46)) - raft.server.log.unsafe-flush.enabled = false (default)
2024-08-15 10:20:07,768 [0825ce75-4a52-449f-9036-c8a968d40eda-groupManagement] INFO  server.RaftServerConfigKeys (ConfUtils.java:logGet(46)) - raft.server.log.async-flush.enabled = false (default)
2024-08-15 10:20:07,768 [0825ce75-4a52-449f-9036-c8a968d40eda-groupManagement] INFO  server.RaftServerConfigKeys (ConfUtils.java:logGet(46)) - raft.server.log.statemachine.data.caching.enabled = true (custom)
2024-08-15 10:20:07,768 [0825ce75-4a52-449f-9036-c8a968d40eda-groupManagement] INFO  segmented.SegmentedRaftLogWorker (SegmentedRaftLogWorker.java:lambda$new$0(135)) - 0825ce75-4a52-449f-9036-c8a968d40eda@group-E905553BCA68-SegmentedRaftLogWorker: flushIndex: setUnconditionally 0 -> -1
2024-08-15 10:20:07,768 [0825ce75-4a52-449f-9036-c8a968d40eda-groupManagement] INFO  segmented.SegmentedRaftLogWorker (SegmentedRaftLogWorker.java:lambda$new$0(135)) - 0825ce75-4a52-449f-9036-c8a968d40eda@group-E905553BCA68-SegmentedRaftLogWorker: safeCacheEvictIndex: setUnconditionally 0 -> -1
2024-08-15 10:20:07,769 [0825ce75-4a52-449f-9036-c8a968d40eda-groupManagement] INFO  server.RaftServer$Division (RaftServerImpl.java:start(389)) - 0825ce75-4a52-449f-9036-c8a968d40eda@group-E905553BCA68: start as a follower, conf=conf: {index: -1, cur=peers:[2c076085-4a54-4643-8427-8625b9ee6dbf|127.0.0.1:15595, 298890a6-3c3b-4de0-a9db-67f24322077e|127.0.0.1:15613, 0825ce75-4a52-449f-9036-c8a968d40eda|127.0.0.1:15604]|listeners:[], old=null}
2024-08-15 10:20:07,769 [0825ce75-4a52-449f-9036-c8a968d40eda-groupManagement] INFO  server.RaftServer$Division (RaftServerImpl.java:setRole(376)) - 0825ce75-4a52-449f-9036-c8a968d40eda@group-E905553BCA68: changes role from      null to FOLLOWER at term 0 for startAsFollower
2024-08-15 10:20:07,769 [0825ce75-4a52-449f-9036-c8a968d40eda-groupManagement] INFO  impl.RoleInfo (RoleInfo.java:updateAndGet(148)) - 0825ce75-4a52-449f-9036-c8a968d40eda: start 0825ce75-4a52-449f-9036-c8a968d40eda@group-E905553BCA68-FollowerState
2024-08-15 10:20:07,770 [0825ce75-4a52-449f-9036-c8a968d40eda@group-E905553BCA68-FollowerState] INFO  server.RaftServerConfigKeys (ConfUtils.java:logFallback(53)) - raft.server.rpc.first-election.timeout.min = 5s (fallback to raft.server.rpc.timeout.min)
2024-08-15 10:20:07,770 [0825ce75-4a52-449f-9036-c8a968d40eda@group-E905553BCA68-FollowerState] INFO  server.RaftServerConfigKeys (ConfUtils.java:logFallback(53)) - raft.server.rpc.first-election.timeout.max = 5200ms (fallback to raft.server.rpc.timeout.max)
2024-08-15 10:20:07,770 [0825ce75-4a52-449f-9036-c8a968d40eda-groupManagement] INFO  util.JmxRegister (JmxRegister.java:tryRegister(44)) - Successfully registered JMX Bean with object name Ratis:service=RaftServer,group=group-E905553BCA68,id=0825ce75-4a52-449f-9036-c8a968d40eda
2024-08-15 10:20:07,770 [0825ce75-4a52-449f-9036-c8a968d40eda-groupManagement] INFO  util.JmxRegister (JmxRegister.java:register(58)) - register mxBean class org.apache.ratis.server.impl.RaftServerJmxAdapter as Ratis:service=RaftServer,group=group-E905553BCA68,id=0825ce75-4a52-449f-9036-c8a968d40eda
2024-08-15 10:20:07,770 [0825ce75-4a52-449f-9036-c8a968d40eda-groupManagement] INFO  server.RaftServerConfigKeys (ConfUtils.java:logGet(46)) - raft.server.snapshot.trigger-when-stop.enabled = true (default)
2024-08-15 10:20:07,770 [0825ce75-4a52-449f-9036-c8a968d40eda-groupManagement] INFO  server.RaftServerConfigKeys (ConfUtils.java:logGet(46)) - raft.server.snapshot.trigger-when-remove.enabled = true (default)
2024-08-15 10:20:07,770 [0825ce75-4a52-449f-9036-c8a968d40eda-groupManagement] INFO  server.RaftServerConfigKeys (ConfUtils.java:logGet(46)) - raft.server.snapshot.auto.trigger.enabled = true (custom)
2024-08-15 10:20:07,770 [0825ce75-4a52-449f-9036-c8a968d40eda-groupManagement] INFO  server.RaftServerConfigKeys (ConfUtils.java:logGet(46)) - raft.server.snapshot.auto.trigger.threshold = 10000 (custom)
2024-08-15 10:20:07,770 [0825ce75-4a52-449f-9036-c8a968d40eda-groupManagement] INFO  server.RaftServerConfigKeys (ConfUtils.java:logGet(46)) - raft.server.snapshot.retention.file.num = 5 (custom)
2024-08-15 10:20:07,770 [0825ce75-4a52-449f-9036-c8a968d40eda-groupManagement] INFO  server.RaftServerConfigKeys (ConfUtils.java:logGet(46)) - raft.server.log.purge.upto.snapshot.index = false (default)
2024-08-15 10:20:07,771 [0825ce75-4a52-449f-9036-c8a968d40eda-PipelineCommandHandlerThread-0] INFO  server.RaftServer (RaftServerProxy.java:addNew(101)) - 0825ce75-4a52-449f-9036-c8a968d40eda: addNew group-DBA5310789B5:[0825ce75-4a52-449f-9036-c8a968d40eda|127.0.0.1:15604] returns group-DBA5310789B5:java.util.concurrent.CompletableFuture@64892563[Not completed]
2024-08-15 10:20:07,772 [0825ce75-4a52-449f-9036-c8a968d40eda-groupManagement] INFO  server.RaftServer$Division (RaftServerImpl.java:<init>(253)) - 0825ce75-4a52-449f-9036-c8a968d40eda: new RaftServerImpl for group-DBA5310789B5:[0825ce75-4a52-449f-9036-c8a968d40eda|127.0.0.1:15604] with ContainerStateMachine:uninitialized
2024-08-15 10:20:07,772 [0825ce75-4a52-449f-9036-c8a968d40eda-groupManagement] INFO  server.RaftServerConfigKeys (ConfUtils.java:logGet(46)) - raft.server.rpc.timeout.min = 5s (custom)
2024-08-15 10:20:07,772 [0825ce75-4a52-449f-9036-c8a968d40eda-groupManagement] INFO  server.RaftServerConfigKeys (ConfUtils.java:logGet(46)) - raft.server.rpc.timeout.max = 5200ms (custom)
2024-08-15 10:20:07,772 [0825ce75-4a52-449f-9036-c8a968d40eda-groupManagement] INFO  server.RaftServerConfigKeys (ConfUtils.java:logGet(46)) - raft.server.rpc.sleep.time = 25ms (default)
2024-08-15 10:20:07,772 [0825ce75-4a52-449f-9036-c8a968d40eda-groupManagement] INFO  server.RaftServerConfigKeys (ConfUtils.java:logGet(46)) - raft.server.rpc.slowness.timeout = 300000ms (custom)
2024-08-15 10:20:07,772 [0825ce75-4a52-449f-9036-c8a968d40eda-groupManagement] INFO  server.RaftServerConfigKeys (ConfUtils.java:logGet(46)) - raft.server.leaderelection.leader.step-down.wait-time = 10s (default)
2024-08-15 10:20:07,772 [0825ce75-4a52-449f-9036-c8a968d40eda-groupManagement] INFO  server.RaftServerConfigKeys (ConfUtils.java:logGet(46)) - raft.server.leaderelection.member.majority-add = false (default)
2024-08-15 10:20:07,772 [0825ce75-4a52-449f-9036-c8a968d40eda-groupManagement] INFO  server.RaftServerConfigKeys (ConfUtils.java:logGet(46)) - raft.server.sleep.deviation.threshold = 300ms (default)
2024-08-15 10:20:07,772 [0825ce75-4a52-449f-9036-c8a968d40eda-groupManagement] INFO  server.RaftServer$Division (ServerState.java:<init>(114)) - 0825ce75-4a52-449f-9036-c8a968d40eda@group-DBA5310789B5: ConfigurationManager, init=conf: {index: -1, cur=peers:[0825ce75-4a52-449f-9036-c8a968d40eda|127.0.0.1:15604]|listeners:[], old=null}, confs=<EMPTY_MAP>
2024-08-15 10:20:07,772 [0825ce75-4a52-449f-9036-c8a968d40eda-groupManagement] INFO  server.RaftServerConfigKeys (ConfUtils.java:logGet(46)) - raft.server.notification.no-leader.timeout = 300000ms (custom)
2024-08-15 10:20:07,772 [0825ce75-4a52-449f-9036-c8a968d40eda-groupManagement] INFO  server.RaftServerConfigKeys (ConfUtils.java:logGet(46)) - raft.server.read.timeout = 10s (default)
2024-08-15 10:20:07,772 [0825ce75-4a52-449f-9036-c8a968d40eda-groupManagement] INFO  server.RaftServerConfigKeys (ConfUtils.java:logGet(46)) - raft.server.retrycache.expirytime = 600000ms (custom)
2024-08-15 10:20:07,772 [0825ce75-4a52-449f-9036-c8a968d40eda-groupManagement] INFO  server.RaftServerConfigKeys (ConfUtils.java:logGet(46)) - raft.server.retrycache.statistics.expirytime = 100ms (default)
2024-08-15 10:20:07,772 [0825ce75-4a52-449f-9036-c8a968d40eda-groupManagement] INFO  server.RaftServerConfigKeys (ConfUtils.java:logGet(46)) - raft.server.read.option = DEFAULT (default)
2024-08-15 10:20:07,772 [0825ce75-4a52-449f-9036-c8a968d40eda-groupManagement] INFO  server.RaftServerConfigKeys (ConfUtils.java:logGet(46)) - raft.server.read.read-after-write-consistent.write-index-cache.expiry-time = 60s (default)
2024-08-15 10:20:07,775 [2c076085-4a54-4643-8427-8625b9ee6dbf-PipelineCommandHandlerThread-0] INFO  commandhandler.CreatePipelineCommandHandler (CreatePipelineCommandHandler.java:lambda$handle$2(124)) - Created Pipeline RATIS THREE PipelineID=04d0640d-02ff-45d5-b287-e905553bca68.
2024-08-15 10:20:07,777 [0825ce75-4a52-449f-9036-c8a968d40eda-groupManagement] INFO  server.RaftServerConfigKeys (ConfUtils.java:logGet(46)) - raft.server.rpc.request.timeout = 3000ms (default)
2024-08-15 10:20:07,777 [0825ce75-4a52-449f-9036-c8a968d40eda-groupManagement] INFO  server.RaftServerConfigKeys (ConfUtils.java:logGet(46)) - raft.server.log.appender.install.snapshot.enabled = false (custom)
2024-08-15 10:20:07,777 [0825ce75-4a52-449f-9036-c8a968d40eda-groupManagement] INFO  server.RaftServerConfigKeys (ConfUtils.java:logGet(46)) - raft.server.threadpool.server.cached = true (default)
2024-08-15 10:20:07,777 [0825ce75-4a52-449f-9036-c8a968d40eda-groupManagement] INFO  server.RaftServerConfigKeys (ConfUtils.java:logGet(46)) - raft.server.threadpool.server.size = 0 (default)
2024-08-15 10:20:07,777 [0825ce75-4a52-449f-9036-c8a968d40eda-groupManagement] INFO  server.RaftServerConfigKeys (ConfUtils.java:logGet(46)) - raft.server.threadpool.client.cached = true (default)
2024-08-15 10:20:07,777 [0825ce75-4a52-449f-9036-c8a968d40eda-groupManagement] INFO  server.RaftServerConfigKeys (ConfUtils.java:logGet(46)) - raft.server.threadpool.client.size = 0 (default)
2024-08-15 10:20:07,777 [0825ce75-4a52-449f-9036-c8a968d40eda-groupManagement] INFO  server.RaftServerConfigKeys (ConfUtils.java:logGet(46)) - raft.server.storage.free-space.min = 0MB (=0) (default)
2024-08-15 10:20:07,777 [0825ce75-4a52-449f-9036-c8a968d40eda-groupManagement] INFO  server.RaftServerConfigKeys (ConfUtils.java:logGet(46)) - raft.server.log.corruption.policy = EXCEPTION (default)
2024-08-15 10:20:07,777 [0825ce75-4a52-449f-9036-c8a968d40eda-groupManagement] INFO  server.RaftServerConfigKeys (ConfUtils.java:logGet(46)) - raft.server.storage.dir = [/home/runner/work/ozone/ozone/hadoop-ozone/integration-test/target/test-dir/MiniOzoneClusterImpl-4fe7c5bf-ca33-4415-93e0-e252006dfa59/ozone-meta/datanode-2/ratis] (custom)
2024-08-15 10:20:07,777 [0825ce75-4a52-449f-9036-c8a968d40eda-groupManagement] INFO  storage.RaftStorageDirectory (RaftStorageDirectoryImpl.java:analyzeStorage(138)) - The storage directory /home/runner/work/ozone/ozone/hadoop-ozone/integration-test/target/test-dir/MiniOzoneClusterImpl-4fe7c5bf-ca33-4415-93e0-e252006dfa59/ozone-meta/datanode-2/ratis/453a205a-3871-4b5a-b2fd-dba5310789b5 does not exist. Creating ...
2024-08-15 10:20:07,778 [0825ce75-4a52-449f-9036-c8a968d40eda-groupManagement] INFO  storage.RaftStorageDirectory (RaftStorageDirectoryImpl.java:tryLock(229)) - Lock on /home/runner/work/ozone/ozone/hadoop-ozone/integration-test/target/test-dir/MiniOzoneClusterImpl-4fe7c5bf-ca33-4415-93e0-e252006dfa59/ozone-meta/datanode-2/ratis/453a205a-3871-4b5a-b2fd-dba5310789b5/in_use.lock acquired by nodename 113339@fv-az1107-352
2024-08-15 10:20:07,779 [0825ce75-4a52-449f-9036-c8a968d40eda-groupManagement] INFO  storage.RaftStorage (RaftStorageImpl.java:format(98)) - Storage directory /home/runner/work/ozone/ozone/hadoop-ozone/integration-test/target/test-dir/MiniOzoneClusterImpl-4fe7c5bf-ca33-4415-93e0-e252006dfa59/ozone-meta/datanode-2/ratis/453a205a-3871-4b5a-b2fd-dba5310789b5 has been successfully formatted.
2024-08-15 10:20:07,779 [0825ce75-4a52-449f-9036-c8a968d40eda-groupManagement] INFO  ratis.ContainerStateMachine (ContainerStateMachine.java:loadSnapshot(295)) - group-DBA5310789B5: The snapshot info is null. Setting the last applied index to:(t:0, i:~)
2024-08-15 10:20:07,779 [0825ce75-4a52-449f-9036-c8a968d40eda-groupManagement] INFO  server.RaftServerConfigKeys (ConfUtils.java:logGet(46)) - raft.server.log.use.memory = false (default)
2024-08-15 10:20:07,779 [0825ce75-4a52-449f-9036-c8a968d40eda-groupManagement] INFO  server.RaftServerConfigKeys (ConfUtils.java:logGet(46)) - raft.server.log.purge.gap = 1000000 (custom)
2024-08-15 10:20:07,779 [0825ce75-4a52-449f-9036-c8a968d40eda-groupManagement] INFO  server.RaftServerConfigKeys (ConfUtils.java:logGet(46)) - raft.server.log.appender.buffer.byte-limit = 8388608 (custom)
2024-08-15 10:20:07,779 [0825ce75-4a52-449f-9036-c8a968d40eda-groupManagement] INFO  server.RaftServerConfigKeys (ConfUtils.java:logGet(46)) - raft.server.log.statemachine.data.read.timeout = 1000ms (default)
2024-08-15 10:20:07,779 [0825ce75-4a52-449f-9036-c8a968d40eda-groupManagement] INFO  server.RaftServerConfigKeys (ConfUtils.java:logGet(46)) - raft.server.log.purge.preservation.log.num = 0 (default)
2024-08-15 10:20:07,780 [EventQueue-PipelineReportForPipelineReportHandler] INFO  pipeline.PipelineReportHandler (PipelineReportHandler.java:processPipelineReport(136)) - Opened pipeline PipelineID=453a205a-3871-4b5a-b2fd-dba5310789b5
2024-08-15 10:20:07,780 [EventQueue-OpenPipelineForHealthyPipelineSafeModeRule] INFO  safemode.SCMSafeModeManager (HealthyPipelineSafeModeRule.java:process(140)) - SCM in safe mode. Healthy pipelines reported count is 0, required healthy pipeline reported count is 1
2024-08-15 10:20:07,782 [0825ce75-4a52-449f-9036-c8a968d40eda-groupManagement] INFO  server.RaftServerConfigKeys (ConfUtils.java:logGet(46)) - raft.server.log.segment.size.max = 67108864 (custom)
2024-08-15 10:20:07,782 [0825ce75-4a52-449f-9036-c8a968d40eda-groupManagement] INFO  server.RaftServerConfigKeys (ConfUtils.java:logGet(46)) - raft.server.log.segment.cache.num.max = 2 (custom)
2024-08-15 10:20:07,782 [0825ce75-4a52-449f-9036-c8a968d40eda-groupManagement] INFO  server.RaftServerConfigKeys (ConfUtils.java:logGet(46)) - raft.server.log.segment.cache.size.max = 200MB (=209715200) (default)
2024-08-15 10:20:07,782 [0825ce75-4a52-449f-9036-c8a968d40eda-groupManagement] INFO  server.RaftServerConfigKeys (ConfUtils.java:logGet(46)) - raft.server.log.appender.buffer.byte-limit = 8388608 (custom)
2024-08-15 10:20:07,782 [0825ce75-4a52-449f-9036-c8a968d40eda-groupManagement] INFO  util.AwaitToRun (AwaitToRun.java:start(81)) - Thread[0825ce75-4a52-449f-9036-c8a968d40eda@group-DBA5310789B5-cacheEviction-AwaitToRun,5,main] started
2024-08-15 10:20:07,782 [0825ce75-4a52-449f-9036-c8a968d40eda-groupManagement] INFO  segmented.SegmentedRaftLogWorker (SegmentedRaftLogWorker.java:<init>(184)) - new 0825ce75-4a52-449f-9036-c8a968d40eda@group-DBA5310789B5-SegmentedRaftLogWorker for RaftStorageImpl:Storage Directory /home/runner/work/ozone/ozone/hadoop-ozone/integration-test/target/test-dir/MiniOzoneClusterImpl-4fe7c5bf-ca33-4415-93e0-e252006dfa59/ozone-meta/datanode-2/ratis/453a205a-3871-4b5a-b2fd-dba5310789b5
2024-08-15 10:20:07,782 [0825ce75-4a52-449f-9036-c8a968d40eda-groupManagement] INFO  server.RaftServerConfigKeys (ConfUtils.java:logGet(46)) - raft.server.log.queue.byte-limit = 4294967296 (custom)
2024-08-15 10:20:07,782 [0825ce75-4a52-449f-9036-c8a968d40eda-groupManagement] INFO  server.RaftServerConfigKeys (ConfUtils.java:logGet(46)) - raft.server.log.queue.element-limit = 1024 (custom)
2024-08-15 10:20:07,782 [0825ce75-4a52-449f-9036-c8a968d40eda-groupManagement] INFO  server.RaftServerConfigKeys (ConfUtils.java:logGet(46)) - raft.server.log.segment.size.max = 67108864 (custom)
2024-08-15 10:20:07,782 [0825ce75-4a52-449f-9036-c8a968d40eda-groupManagement] INFO  server.RaftServerConfigKeys (ConfUtils.java:logGet(46)) - raft.server.log.preallocated.size = 4194304 (custom)
2024-08-15 10:20:07,782 [0825ce75-4a52-449f-9036-c8a968d40eda-groupManagement] INFO  server.RaftServerConfigKeys (ConfUtils.java:logGet(46)) - raft.server.log.force.sync.num = 128 (default)
2024-08-15 10:20:07,783 [0825ce75-4a52-449f-9036-c8a968d40eda-groupManagement] INFO  server.RaftServerConfigKeys (ConfUtils.java:logGet(46)) - raft.server.log.statemachine.data.sync = true (default)
2024-08-15 10:20:07,783 [0825ce75-4a52-449f-9036-c8a968d40eda-groupManagement] INFO  server.RaftServerConfigKeys (ConfUtils.java:logGet(46)) - raft.server.log.statemachine.data.sync.timeout = 10s (default)
2024-08-15 10:20:07,783 [0825ce75-4a52-449f-9036-c8a968d40eda-groupManagement] INFO  server.RaftServerConfigKeys (ConfUtils.java:logGet(46)) - raft.server.log.statemachine.data.sync.timeout.retry = 30 (custom)
2024-08-15 10:20:07,783 [0825ce75-4a52-449f-9036-c8a968d40eda-groupManagement] INFO  server.RaftServerConfigKeys (ConfUtils.java:logGet(46)) - raft.server.log.write.buffer.size = 8388616 (custom)
2024-08-15 10:20:07,784 [0825ce75-4a52-449f-9036-c8a968d40eda-groupManagement] INFO  server.RaftServerConfigKeys (ConfUtils.java:logGet(46)) - raft.server.log.appender.buffer.byte-limit = 8388608 (custom)
2024-08-15 10:20:07,785 [0825ce75-4a52-449f-9036-c8a968d40eda-groupManagement] INFO  server.RaftServerConfigKeys (ConfUtils.java:logGet(46)) - raft.server.log.unsafe-flush.enabled = false (default)
2024-08-15 10:20:07,785 [0825ce75-4a52-449f-9036-c8a968d40eda-groupManagement] INFO  server.RaftServerConfigKeys (ConfUtils.java:logGet(46)) - raft.server.log.async-flush.enabled = false (default)
2024-08-15 10:20:07,785 [0825ce75-4a52-449f-9036-c8a968d40eda-groupManagement] INFO  server.RaftServerConfigKeys (ConfUtils.java:logGet(46)) - raft.server.log.statemachine.data.caching.enabled = true (custom)
2024-08-15 10:20:07,785 [0825ce75-4a52-449f-9036-c8a968d40eda-groupManagement] INFO  segmented.SegmentedRaftLogWorker (SegmentedRaftLogWorker.java:lambda$new$0(135)) - 0825ce75-4a52-449f-9036-c8a968d40eda@group-DBA5310789B5-SegmentedRaftLogWorker: flushIndex: setUnconditionally 0 -> -1
2024-08-15 10:20:07,785 [0825ce75-4a52-449f-9036-c8a968d40eda-groupManagement] INFO  segmented.SegmentedRaftLogWorker (SegmentedRaftLogWorker.java:lambda$new$0(135)) - 0825ce75-4a52-449f-9036-c8a968d40eda@group-DBA5310789B5-SegmentedRaftLogWorker: safeCacheEvictIndex: setUnconditionally 0 -> -1
2024-08-15 10:20:07,785 [0825ce75-4a52-449f-9036-c8a968d40eda-groupManagement] INFO  server.RaftServer$Division (RaftServerImpl.java:start(389)) - 0825ce75-4a52-449f-9036-c8a968d40eda@group-DBA5310789B5: start as a follower, conf=conf: {index: -1, cur=peers:[0825ce75-4a52-449f-9036-c8a968d40eda|127.0.0.1:15604]|listeners:[], old=null}
2024-08-15 10:20:07,785 [0825ce75-4a52-449f-9036-c8a968d40eda-groupManagement] INFO  server.RaftServer$Division (RaftServerImpl.java:setRole(376)) - 0825ce75-4a52-449f-9036-c8a968d40eda@group-DBA5310789B5: changes role from      null to FOLLOWER at term 0 for startAsFollower
2024-08-15 10:20:07,785 [0825ce75-4a52-449f-9036-c8a968d40eda-groupManagement] INFO  impl.RoleInfo (RoleInfo.java:updateAndGet(148)) - 0825ce75-4a52-449f-9036-c8a968d40eda: start 0825ce75-4a52-449f-9036-c8a968d40eda@group-DBA5310789B5-FollowerState
2024-08-15 10:20:07,785 [0825ce75-4a52-449f-9036-c8a968d40eda@group-DBA5310789B5-FollowerState] INFO  server.RaftServerConfigKeys (ConfUtils.java:logFallback(53)) - raft.server.rpc.first-election.timeout.min = 5s (fallback to raft.server.rpc.timeout.min)
2024-08-15 10:20:07,785 [0825ce75-4a52-449f-9036-c8a968d40eda-groupManagement] INFO  util.JmxRegister (JmxRegister.java:tryRegister(44)) - Successfully registered JMX Bean with object name Ratis:service=RaftServer,group=group-DBA5310789B5,id=0825ce75-4a52-449f-9036-c8a968d40eda
2024-08-15 10:20:07,786 [0825ce75-4a52-449f-9036-c8a968d40eda-groupManagement] INFO  util.JmxRegister (JmxRegister.java:register(58)) - register mxBean class org.apache.ratis.server.impl.RaftServerJmxAdapter as Ratis:service=RaftServer,group=group-DBA5310789B5,id=0825ce75-4a52-449f-9036-c8a968d40eda
2024-08-15 10:20:07,786 [0825ce75-4a52-449f-9036-c8a968d40eda-groupManagement] INFO  server.RaftServerConfigKeys (ConfUtils.java:logGet(46)) - raft.server.snapshot.trigger-when-stop.enabled = true (default)
2024-08-15 10:20:07,786 [0825ce75-4a52-449f-9036-c8a968d40eda-groupManagement] INFO  server.RaftServerConfigKeys (ConfUtils.java:logGet(46)) - raft.server.snapshot.trigger-when-remove.enabled = true (default)
2024-08-15 10:20:07,786 [0825ce75-4a52-449f-9036-c8a968d40eda-groupManagement] INFO  server.RaftServerConfigKeys (ConfUtils.java:logGet(46)) - raft.server.snapshot.auto.trigger.enabled = true (custom)
2024-08-15 10:20:07,786 [0825ce75-4a52-449f-9036-c8a968d40eda-groupManagement] INFO  server.RaftServerConfigKeys (ConfUtils.java:logGet(46)) - raft.server.snapshot.auto.trigger.threshold = 10000 (custom)
2024-08-15 10:20:07,786 [0825ce75-4a52-449f-9036-c8a968d40eda-groupManagement] INFO  server.RaftServerConfigKeys (ConfUtils.java:logGet(46)) - raft.server.snapshot.retention.file.num = 5 (custom)
2024-08-15 10:20:07,786 [0825ce75-4a52-449f-9036-c8a968d40eda-groupManagement] INFO  server.RaftServerConfigKeys (ConfUtils.java:logGet(46)) - raft.server.log.purge.upto.snapshot.index = false (default)
2024-08-15 10:20:07,786 [0825ce75-4a52-449f-9036-c8a968d40eda@group-DBA5310789B5-FollowerState] INFO  server.RaftServerConfigKeys (ConfUtils.java:logFallback(53)) - raft.server.rpc.first-election.timeout.max = 5200ms (fallback to raft.server.rpc.timeout.max)
2024-08-15 10:20:07,787 [0825ce75-4a52-449f-9036-c8a968d40eda-PipelineCommandHandlerThread-0] INFO  ratis.XceiverServerRatis (XceiverServerRatis.java:addGroup(850)) - Created group PipelineID=453a205a-3871-4b5a-b2fd-dba5310789b5
2024-08-15 10:20:07,787 [0825ce75-4a52-449f-9036-c8a968d40eda-PipelineCommandHandlerThread-0] INFO  commandhandler.CreatePipelineCommandHandler (CreatePipelineCommandHandler.java:lambda$handle$2(124)) - Created Pipeline RATIS ONE PipelineID=453a205a-3871-4b5a-b2fd-dba5310789b5.
2024-08-15 10:20:08,016 [298890a6-3c3b-4de0-a9db-67f24322077e-PipelineCommandHandlerThread-0] INFO  server.RaftServer (RaftServerProxy.java:addNew(101)) - 298890a6-3c3b-4de0-a9db-67f24322077e: addNew group-37A733CD87A5:[298890a6-3c3b-4de0-a9db-67f24322077e|127.0.0.1:15613] returns group-37A733CD87A5:java.util.concurrent.CompletableFuture@3a2ba62a[Not completed]
2024-08-15 10:20:08,016 [298890a6-3c3b-4de0-a9db-67f24322077e-groupManagement] INFO  server.RaftServer$Division (RaftServerImpl.java:<init>(253)) - 298890a6-3c3b-4de0-a9db-67f24322077e: new RaftServerImpl for group-37A733CD87A5:[298890a6-3c3b-4de0-a9db-67f24322077e|127.0.0.1:15613] with ContainerStateMachine:uninitialized
2024-08-15 10:20:08,016 [298890a6-3c3b-4de0-a9db-67f24322077e-groupManagement] INFO  server.RaftServerConfigKeys (ConfUtils.java:logGet(46)) - raft.server.rpc.timeout.min = 5s (custom)
2024-08-15 10:20:08,016 [298890a6-3c3b-4de0-a9db-67f24322077e-groupManagement] INFO  server.RaftServerConfigKeys (ConfUtils.java:logGet(46)) - raft.server.rpc.timeout.max = 5200ms (custom)
2024-08-15 10:20:08,016 [298890a6-3c3b-4de0-a9db-67f24322077e-groupManagement] INFO  server.RaftServerConfigKeys (ConfUtils.java:logGet(46)) - raft.server.rpc.sleep.time = 25ms (default)
2024-08-15 10:20:08,017 [298890a6-3c3b-4de0-a9db-67f24322077e-groupManagement] INFO  server.RaftServerConfigKeys (ConfUtils.java:logGet(46)) - raft.server.rpc.slowness.timeout = 300000ms (custom)
2024-08-15 10:20:08,017 [298890a6-3c3b-4de0-a9db-67f24322077e-groupManagement] INFO  server.RaftServerConfigKeys (ConfUtils.java:logGet(46)) - raft.server.leaderelection.leader.step-down.wait-time = 10s (default)
2024-08-15 10:20:08,017 [298890a6-3c3b-4de0-a9db-67f24322077e-groupManagement] INFO  server.RaftServerConfigKeys (ConfUtils.java:logGet(46)) - raft.server.leaderelection.member.majority-add = false (default)
2024-08-15 10:20:08,017 [298890a6-3c3b-4de0-a9db-67f24322077e-groupManagement] INFO  server.RaftServerConfigKeys (ConfUtils.java:logGet(46)) - raft.server.sleep.deviation.threshold = 300ms (default)
2024-08-15 10:20:08,017 [298890a6-3c3b-4de0-a9db-67f24322077e-groupManagement] INFO  server.RaftServer$Division (ServerState.java:<init>(114)) - 298890a6-3c3b-4de0-a9db-67f24322077e@group-37A733CD87A5: ConfigurationManager, init=conf: {index: -1, cur=peers:[298890a6-3c3b-4de0-a9db-67f24322077e|127.0.0.1:15613]|listeners:[], old=null}, confs=<EMPTY_MAP>
2024-08-15 10:20:08,017 [298890a6-3c3b-4de0-a9db-67f24322077e-groupManagement] INFO  server.RaftServerConfigKeys (ConfUtils.java:logGet(46)) - raft.server.notification.no-leader.timeout = 300000ms (custom)
2024-08-15 10:20:08,017 [298890a6-3c3b-4de0-a9db-67f24322077e-groupManagement] INFO  server.RaftServerConfigKeys (ConfUtils.java:logGet(46)) - raft.server.read.timeout = 10s (default)
2024-08-15 10:20:08,017 [298890a6-3c3b-4de0-a9db-67f24322077e-groupManagement] INFO  server.RaftServerConfigKeys (ConfUtils.java:logGet(46)) - raft.server.retrycache.expirytime = 600000ms (custom)
2024-08-15 10:20:08,017 [298890a6-3c3b-4de0-a9db-67f24322077e-groupManagement] INFO  server.RaftServerConfigKeys (ConfUtils.java:logGet(46)) - raft.server.retrycache.statistics.expirytime = 100ms (default)
2024-08-15 10:20:08,017 [298890a6-3c3b-4de0-a9db-67f24322077e-groupManagement] INFO  server.RaftServerConfigKeys (ConfUtils.java:logGet(46)) - raft.server.read.option = DEFAULT (default)
2024-08-15 10:20:08,017 [298890a6-3c3b-4de0-a9db-67f24322077e-groupManagement] INFO  server.RaftServerConfigKeys (ConfUtils.java:logGet(46)) - raft.server.read.read-after-write-consistent.write-index-cache.expiry-time = 60s (default)
2024-08-15 10:20:08,021 [298890a6-3c3b-4de0-a9db-67f24322077e-groupManagement] INFO  server.RaftServerConfigKeys (ConfUtils.java:logGet(46)) - raft.server.rpc.request.timeout = 3000ms (default)
2024-08-15 10:20:08,021 [298890a6-3c3b-4de0-a9db-67f24322077e-groupManagement] INFO  server.RaftServerConfigKeys (ConfUtils.java:logGet(46)) - raft.server.log.appender.install.snapshot.enabled = false (custom)
2024-08-15 10:20:08,021 [298890a6-3c3b-4de0-a9db-67f24322077e-groupManagement] INFO  server.RaftServerConfigKeys (ConfUtils.java:logGet(46)) - raft.server.threadpool.server.cached = true (default)
2024-08-15 10:20:08,021 [298890a6-3c3b-4de0-a9db-67f24322077e-groupManagement] INFO  server.RaftServerConfigKeys (ConfUtils.java:logGet(46)) - raft.server.threadpool.server.size = 0 (default)
2024-08-15 10:20:08,021 [298890a6-3c3b-4de0-a9db-67f24322077e-groupManagement] INFO  server.RaftServerConfigKeys (ConfUtils.java:logGet(46)) - raft.server.threadpool.client.cached = true (default)
2024-08-15 10:20:08,022 [298890a6-3c3b-4de0-a9db-67f24322077e-groupManagement] INFO  server.RaftServerConfigKeys (ConfUtils.java:logGet(46)) - raft.server.threadpool.client.size = 0 (default)
2024-08-15 10:20:08,022 [298890a6-3c3b-4de0-a9db-67f24322077e-groupManagement] INFO  server.RaftServerConfigKeys (ConfUtils.java:logGet(46)) - raft.server.storage.free-space.min = 0MB (=0) (default)
2024-08-15 10:20:08,022 [298890a6-3c3b-4de0-a9db-67f24322077e-groupManagement] INFO  server.RaftServerConfigKeys (ConfUtils.java:logGet(46)) - raft.server.log.corruption.policy = EXCEPTION (default)
2024-08-15 10:20:08,022 [298890a6-3c3b-4de0-a9db-67f24322077e-groupManagement] INFO  server.RaftServerConfigKeys (ConfUtils.java:logGet(46)) - raft.server.storage.dir = [/home/runner/work/ozone/ozone/hadoop-ozone/integration-test/target/test-dir/MiniOzoneClusterImpl-4fe7c5bf-ca33-4415-93e0-e252006dfa59/ozone-meta/datanode-3/ratis] (custom)
2024-08-15 10:20:08,022 [298890a6-3c3b-4de0-a9db-67f24322077e-groupManagement] INFO  storage.RaftStorageDirectory (RaftStorageDirectoryImpl.java:analyzeStorage(138)) - The storage directory /home/runner/work/ozone/ozone/hadoop-ozone/integration-test/target/test-dir/MiniOzoneClusterImpl-4fe7c5bf-ca33-4415-93e0-e252006dfa59/ozone-meta/datanode-3/ratis/5c8c86e0-b975-495b-8333-37a733cd87a5 does not exist. Creating ...
2024-08-15 10:20:08,023 [298890a6-3c3b-4de0-a9db-67f24322077e-groupManagement] INFO  storage.RaftStorageDirectory (RaftStorageDirectoryImpl.java:tryLock(229)) - Lock on /home/runner/work/ozone/ozone/hadoop-ozone/integration-test/target/test-dir/MiniOzoneClusterImpl-4fe7c5bf-ca33-4415-93e0-e252006dfa59/ozone-meta/datanode-3/ratis/5c8c86e0-b975-495b-8333-37a733cd87a5/in_use.lock acquired by nodename 113339@fv-az1107-352
2024-08-15 10:20:08,024 [298890a6-3c3b-4de0-a9db-67f24322077e-groupManagement] INFO  storage.RaftStorage (RaftStorageImpl.java:format(98)) - Storage directory /home/runner/work/ozone/ozone/hadoop-ozone/integration-test/target/test-dir/MiniOzoneClusterImpl-4fe7c5bf-ca33-4415-93e0-e252006dfa59/ozone-meta/datanode-3/ratis/5c8c86e0-b975-495b-8333-37a733cd87a5 has been successfully formatted.
2024-08-15 10:20:08,024 [298890a6-3c3b-4de0-a9db-67f24322077e-groupManagement] INFO  ratis.ContainerStateMachine (ContainerStateMachine.java:loadSnapshot(295)) - group-37A733CD87A5: The snapshot info is null. Setting the last applied index to:(t:0, i:~)
2024-08-15 10:20:08,025 [298890a6-3c3b-4de0-a9db-67f24322077e-groupManagement] INFO  server.RaftServerConfigKeys (ConfUtils.java:logGet(46)) - raft.server.log.use.memory = false (default)
2024-08-15 10:20:08,025 [298890a6-3c3b-4de0-a9db-67f24322077e-groupManagement] INFO  server.RaftServerConfigKeys (ConfUtils.java:logGet(46)) - raft.server.log.purge.gap = 1000000 (custom)
2024-08-15 10:20:08,025 [298890a6-3c3b-4de0-a9db-67f24322077e-groupManagement] INFO  server.RaftServerConfigKeys (ConfUtils.java:logGet(46)) - raft.server.log.appender.buffer.byte-limit = 8388608 (custom)
2024-08-15 10:20:08,025 [298890a6-3c3b-4de0-a9db-67f24322077e-groupManagement] INFO  server.RaftServerConfigKeys (ConfUtils.java:logGet(46)) - raft.server.log.statemachine.data.read.timeout = 1000ms (default)
2024-08-15 10:20:08,025 [298890a6-3c3b-4de0-a9db-67f24322077e-groupManagement] INFO  server.RaftServerConfigKeys (ConfUtils.java:logGet(46)) - raft.server.log.purge.preservation.log.num = 0 (default)
2024-08-15 10:20:08,025 [EventQueue-PipelineReportForPipelineReportHandler] INFO  pipeline.PipelineReportHandler (PipelineReportHandler.java:processPipelineReport(136)) - Opened pipeline PipelineID=5c8c86e0-b975-495b-8333-37a733cd87a5
2024-08-15 10:20:08,026 [EventQueue-OpenPipelineForHealthyPipelineSafeModeRule] INFO  safemode.SCMSafeModeManager (HealthyPipelineSafeModeRule.java:process(140)) - SCM in safe mode. Healthy pipelines reported count is 0, required healthy pipeline reported count is 1
2024-08-15 10:20:08,027 [298890a6-3c3b-4de0-a9db-67f24322077e-groupManagement] INFO  server.RaftServerConfigKeys (ConfUtils.java:logGet(46)) - raft.server.log.segment.size.max = 67108864 (custom)
2024-08-15 10:20:08,028 [298890a6-3c3b-4de0-a9db-67f24322077e-groupManagement] INFO  server.RaftServerConfigKeys (ConfUtils.java:logGet(46)) - raft.server.log.segment.cache.num.max = 2 (custom)
2024-08-15 10:20:08,028 [298890a6-3c3b-4de0-a9db-67f24322077e-groupManagement] INFO  server.RaftServerConfigKeys (ConfUtils.java:logGet(46)) - raft.server.log.segment.cache.size.max = 200MB (=209715200) (default)
2024-08-15 10:20:08,028 [298890a6-3c3b-4de0-a9db-67f24322077e-groupManagement] INFO  server.RaftServerConfigKeys (ConfUtils.java:logGet(46)) - raft.server.log.appender.buffer.byte-limit = 8388608 (custom)
2024-08-15 10:20:08,028 [298890a6-3c3b-4de0-a9db-67f24322077e-groupManagement] INFO  util.AwaitToRun (AwaitToRun.java:start(81)) - Thread[298890a6-3c3b-4de0-a9db-67f24322077e@group-37A733CD87A5-cacheEviction-AwaitToRun,5,main] started
2024-08-15 10:20:08,028 [298890a6-3c3b-4de0-a9db-67f24322077e-groupManagement] INFO  segmented.SegmentedRaftLogWorker (SegmentedRaftLogWorker.java:<init>(184)) - new 298890a6-3c3b-4de0-a9db-67f24322077e@group-37A733CD87A5-SegmentedRaftLogWorker for RaftStorageImpl:Storage Directory /home/runner/work/ozone/ozone/hadoop-ozone/integration-test/target/test-dir/MiniOzoneClusterImpl-4fe7c5bf-ca33-4415-93e0-e252006dfa59/ozone-meta/datanode-3/ratis/5c8c86e0-b975-495b-8333-37a733cd87a5
2024-08-15 10:20:08,028 [298890a6-3c3b-4de0-a9db-67f24322077e-groupManagement] INFO  server.RaftServerConfigKeys (ConfUtils.java:logGet(46)) - raft.server.log.queue.byte-limit = 4294967296 (custom)
2024-08-15 10:20:08,028 [298890a6-3c3b-4de0-a9db-67f24322077e-groupManagement] INFO  server.RaftServerConfigKeys (ConfUtils.java:logGet(46)) - raft.server.log.queue.element-limit = 1024 (custom)
2024-08-15 10:20:08,028 [298890a6-3c3b-4de0-a9db-67f24322077e-groupManagement] INFO  server.RaftServerConfigKeys (ConfUtils.java:logGet(46)) - raft.server.log.segment.size.max = 67108864 (custom)
2024-08-15 10:20:08,028 [298890a6-3c3b-4de0-a9db-67f24322077e-groupManagement] INFO  server.RaftServerConfigKeys (ConfUtils.java:logGet(46)) - raft.server.log.preallocated.size = 4194304 (custom)
2024-08-15 10:20:08,028 [298890a6-3c3b-4de0-a9db-67f24322077e-groupManagement] INFO  server.RaftServerConfigKeys (ConfUtils.java:logGet(46)) - raft.server.log.force.sync.num = 128 (default)
2024-08-15 10:20:08,028 [298890a6-3c3b-4de0-a9db-67f24322077e-groupManagement] INFO  server.RaftServerConfigKeys (ConfUtils.java:logGet(46)) - raft.server.log.statemachine.data.sync = true (default)
2024-08-15 10:20:08,028 [298890a6-3c3b-4de0-a9db-67f24322077e-groupManagement] INFO  server.RaftServerConfigKeys (ConfUtils.java:logGet(46)) - raft.server.log.statemachine.data.sync.timeout = 10s (default)
2024-08-15 10:20:08,028 [298890a6-3c3b-4de0-a9db-67f24322077e-groupManagement] INFO  server.RaftServerConfigKeys (ConfUtils.java:logGet(46)) - raft.server.log.statemachine.data.sync.timeout.retry = 30 (custom)
2024-08-15 10:20:08,029 [298890a6-3c3b-4de0-a9db-67f24322077e-groupManagement] INFO  server.RaftServerConfigKeys (ConfUtils.java:logGet(46)) - raft.server.log.write.buffer.size = 8388616 (custom)
2024-08-15 10:20:08,030 [298890a6-3c3b-4de0-a9db-67f24322077e-groupManagement] INFO  server.RaftServerConfigKeys (ConfUtils.java:logGet(46)) - raft.server.log.appender.buffer.byte-limit = 8388608 (custom)
2024-08-15 10:20:08,030 [298890a6-3c3b-4de0-a9db-67f24322077e-groupManagement] INFO  server.RaftServerConfigKeys (ConfUtils.java:logGet(46)) - raft.server.log.unsafe-flush.enabled = false (default)
2024-08-15 10:20:08,030 [298890a6-3c3b-4de0-a9db-67f24322077e-groupManagement] INFO  server.RaftServerConfigKeys (ConfUtils.java:logGet(46)) - raft.server.log.async-flush.enabled = false (default)
2024-08-15 10:20:08,030 [298890a6-3c3b-4de0-a9db-67f24322077e-groupManagement] INFO  server.RaftServerConfigKeys (ConfUtils.java:logGet(46)) - raft.server.log.statemachine.data.caching.enabled = true (custom)
2024-08-15 10:20:08,031 [298890a6-3c3b-4de0-a9db-67f24322077e-groupManagement] INFO  segmented.SegmentedRaftLogWorker (SegmentedRaftLogWorker.java:lambda$new$0(135)) - 298890a6-3c3b-4de0-a9db-67f24322077e@group-37A733CD87A5-SegmentedRaftLogWorker: flushIndex: setUnconditionally 0 -> -1
2024-08-15 10:20:08,031 [298890a6-3c3b-4de0-a9db-67f24322077e-groupManagement] INFO  segmented.SegmentedRaftLogWorker (SegmentedRaftLogWorker.java:lambda$new$0(135)) - 298890a6-3c3b-4de0-a9db-67f24322077e@group-37A733CD87A5-SegmentedRaftLogWorker: safeCacheEvictIndex: setUnconditionally 0 -> -1
2024-08-15 10:20:08,031 [298890a6-3c3b-4de0-a9db-67f24322077e-groupManagement] INFO  server.RaftServer$Division (RaftServerImpl.java:start(389)) - 298890a6-3c3b-4de0-a9db-67f24322077e@group-37A733CD87A5: start as a follower, conf=conf: {index: -1, cur=peers:[298890a6-3c3b-4de0-a9db-67f24322077e|127.0.0.1:15613]|listeners:[], old=null}
2024-08-15 10:20:08,031 [298890a6-3c3b-4de0-a9db-67f24322077e-groupManagement] INFO  server.RaftServer$Division (RaftServerImpl.java:setRole(376)) - 298890a6-3c3b-4de0-a9db-67f24322077e@group-37A733CD87A5: changes role from      null to FOLLOWER at term 0 for startAsFollower
2024-08-15 10:20:08,031 [298890a6-3c3b-4de0-a9db-67f24322077e-groupManagement] INFO  impl.RoleInfo (RoleInfo.java:updateAndGet(148)) - 298890a6-3c3b-4de0-a9db-67f24322077e: start 298890a6-3c3b-4de0-a9db-67f24322077e@group-37A733CD87A5-FollowerState
2024-08-15 10:20:08,031 [298890a6-3c3b-4de0-a9db-67f24322077e@group-37A733CD87A5-FollowerState] INFO  server.RaftServerConfigKeys (ConfUtils.java:logFallback(53)) - raft.server.rpc.first-election.timeout.min = 5s (fallback to raft.server.rpc.timeout.min)
2024-08-15 10:20:08,031 [298890a6-3c3b-4de0-a9db-67f24322077e@group-37A733CD87A5-FollowerState] INFO  server.RaftServerConfigKeys (ConfUtils.java:logFallback(53)) - raft.server.rpc.first-election.timeout.max = 5200ms (fallback to raft.server.rpc.timeout.max)
2024-08-15 10:20:08,031 [298890a6-3c3b-4de0-a9db-67f24322077e-groupManagement] INFO  util.JmxRegister (JmxRegister.java:tryRegister(44)) - Successfully registered JMX Bean with object name Ratis:service=RaftServer,group=group-37A733CD87A5,id=298890a6-3c3b-4de0-a9db-67f24322077e
2024-08-15 10:20:08,032 [298890a6-3c3b-4de0-a9db-67f24322077e-groupManagement] INFO  util.JmxRegister (JmxRegister.java:register(58)) - register mxBean class org.apache.ratis.server.impl.RaftServerJmxAdapter as Ratis:service=RaftServer,group=group-37A733CD87A5,id=298890a6-3c3b-4de0-a9db-67f24322077e
2024-08-15 10:20:08,032 [298890a6-3c3b-4de0-a9db-67f24322077e-groupManagement] INFO  server.RaftServerConfigKeys (ConfUtils.java:logGet(46)) - raft.server.snapshot.trigger-when-stop.enabled = true (default)
2024-08-15 10:20:08,032 [298890a6-3c3b-4de0-a9db-67f24322077e-groupManagement] INFO  server.RaftServerConfigKeys (ConfUtils.java:logGet(46)) - raft.server.snapshot.trigger-when-remove.enabled = true (default)
2024-08-15 10:20:08,032 [298890a6-3c3b-4de0-a9db-67f24322077e-groupManagement] INFO  server.RaftServerConfigKeys (ConfUtils.java:logGet(46)) - raft.server.snapshot.auto.trigger.enabled = true (custom)
2024-08-15 10:20:08,032 [298890a6-3c3b-4de0-a9db-67f24322077e-groupManagement] INFO  server.RaftServerConfigKeys (ConfUtils.java:logGet(46)) - raft.server.snapshot.auto.trigger.threshold = 10000 (custom)
2024-08-15 10:20:08,032 [298890a6-3c3b-4de0-a9db-67f24322077e-groupManagement] INFO  server.RaftServerConfigKeys (ConfUtils.java:logGet(46)) - raft.server.snapshot.retention.file.num = 5 (custom)
2024-08-15 10:20:08,032 [298890a6-3c3b-4de0-a9db-67f24322077e-groupManagement] INFO  server.RaftServerConfigKeys (ConfUtils.java:logGet(46)) - raft.server.log.purge.upto.snapshot.index = false (default)
2024-08-15 10:20:08,033 [298890a6-3c3b-4de0-a9db-67f24322077e-PipelineCommandHandlerThread-0] INFO  ratis.XceiverServerRatis (XceiverServerRatis.java:addGroup(850)) - Created group PipelineID=5c8c86e0-b975-495b-8333-37a733cd87a5
2024-08-15 10:20:08,033 [298890a6-3c3b-4de0-a9db-67f24322077e-PipelineCommandHandlerThread-0] INFO  commandhandler.CreatePipelineCommandHandler (CreatePipelineCommandHandler.java:lambda$handle$2(124)) - Created Pipeline RATIS ONE PipelineID=5c8c86e0-b975-495b-8333-37a733cd87a5.
2024-08-15 10:20:08,258 [8f188c33-4f5f-4a65-885f-fdffcccac76b-PipelineCommandHandlerThread-0] INFO  server.RaftServer (RaftServerProxy.java:addNew(101)) - 8f188c33-4f5f-4a65-885f-fdffcccac76b: addNew group-6D5CD9501771:[8f188c33-4f5f-4a65-885f-fdffcccac76b|127.0.0.1:15622] returns group-6D5CD9501771:java.util.concurrent.CompletableFuture@143fff99[Not completed]
2024-08-15 10:20:08,259 [8f188c33-4f5f-4a65-885f-fdffcccac76b-groupManagement] INFO  server.RaftServer$Division (RaftServerImpl.java:<init>(253)) - 8f188c33-4f5f-4a65-885f-fdffcccac76b: new RaftServerImpl for group-6D5CD9501771:[8f188c33-4f5f-4a65-885f-fdffcccac76b|127.0.0.1:15622] with ContainerStateMachine:uninitialized
2024-08-15 10:20:08,259 [8f188c33-4f5f-4a65-885f-fdffcccac76b-groupManagement] INFO  server.RaftServerConfigKeys (ConfUtils.java:logGet(46)) - raft.server.rpc.timeout.min = 5s (custom)
2024-08-15 10:20:08,259 [8f188c33-4f5f-4a65-885f-fdffcccac76b-groupManagement] INFO  server.RaftServerConfigKeys (ConfUtils.java:logGet(46)) - raft.server.rpc.timeout.max = 5200ms (custom)
2024-08-15 10:20:08,259 [8f188c33-4f5f-4a65-885f-fdffcccac76b-groupManagement] INFO  server.RaftServerConfigKeys (ConfUtils.java:logGet(46)) - raft.server.rpc.sleep.time = 25ms (default)
2024-08-15 10:20:08,259 [8f188c33-4f5f-4a65-885f-fdffcccac76b-groupManagement] INFO  server.RaftServerConfigKeys (ConfUtils.java:logGet(46)) - raft.server.rpc.slowness.timeout = 300000ms (custom)
2024-08-15 10:20:08,259 [8f188c33-4f5f-4a65-885f-fdffcccac76b-groupManagement] INFO  server.RaftServerConfigKeys (ConfUtils.java:logGet(46)) - raft.server.leaderelection.leader.step-down.wait-time = 10s (default)
2024-08-15 10:20:08,259 [8f188c33-4f5f-4a65-885f-fdffcccac76b-groupManagement] INFO  server.RaftServerConfigKeys (ConfUtils.java:logGet(46)) - raft.server.leaderelection.member.majority-add = false (default)
2024-08-15 10:20:08,259 [8f188c33-4f5f-4a65-885f-fdffcccac76b-groupManagement] INFO  server.RaftServerConfigKeys (ConfUtils.java:logGet(46)) - raft.server.sleep.deviation.threshold = 300ms (default)
2024-08-15 10:20:08,259 [8f188c33-4f5f-4a65-885f-fdffcccac76b-groupManagement] INFO  server.RaftServer$Division (ServerState.java:<init>(114)) - 8f188c33-4f5f-4a65-885f-fdffcccac76b@group-6D5CD9501771: ConfigurationManager, init=conf: {index: -1, cur=peers:[8f188c33-4f5f-4a65-885f-fdffcccac76b|127.0.0.1:15622]|listeners:[], old=null}, confs=<EMPTY_MAP>
2024-08-15 10:20:08,259 [8f188c33-4f5f-4a65-885f-fdffcccac76b-groupManagement] INFO  server.RaftServerConfigKeys (ConfUtils.java:logGet(46)) - raft.server.notification.no-leader.timeout = 300000ms (custom)
2024-08-15 10:20:08,260 [8f188c33-4f5f-4a65-885f-fdffcccac76b-groupManagement] INFO  server.RaftServerConfigKeys (ConfUtils.java:logGet(46)) - raft.server.read.timeout = 10s (default)
2024-08-15 10:20:08,260 [8f188c33-4f5f-4a65-885f-fdffcccac76b-groupManagement] INFO  server.RaftServerConfigKeys (ConfUtils.java:logGet(46)) - raft.server.retrycache.expirytime = 600000ms (custom)
2024-08-15 10:20:08,260 [8f188c33-4f5f-4a65-885f-fdffcccac76b-groupManagement] INFO  server.RaftServerConfigKeys (ConfUtils.java:logGet(46)) - raft.server.retrycache.statistics.expirytime = 100ms (default)
2024-08-15 10:20:08,260 [8f188c33-4f5f-4a65-885f-fdffcccac76b-groupManagement] INFO  server.RaftServerConfigKeys (ConfUtils.java:logGet(46)) - raft.server.read.option = DEFAULT (default)
2024-08-15 10:20:08,260 [8f188c33-4f5f-4a65-885f-fdffcccac76b-groupManagement] INFO  server.RaftServerConfigKeys (ConfUtils.java:logGet(46)) - raft.server.read.read-after-write-consistent.write-index-cache.expiry-time = 60s (default)
2024-08-15 10:20:08,264 [8f188c33-4f5f-4a65-885f-fdffcccac76b-groupManagement] INFO  server.RaftServerConfigKeys (ConfUtils.java:logGet(46)) - raft.server.rpc.request.timeout = 3000ms (default)
2024-08-15 10:20:08,264 [8f188c33-4f5f-4a65-885f-fdffcccac76b-groupManagement] INFO  server.RaftServerConfigKeys (ConfUtils.java:logGet(46)) - raft.server.log.appender.install.snapshot.enabled = false (custom)
2024-08-15 10:20:08,264 [8f188c33-4f5f-4a65-885f-fdffcccac76b-groupManagement] INFO  server.RaftServerConfigKeys (ConfUtils.java:logGet(46)) - raft.server.threadpool.server.cached = true (default)
2024-08-15 10:20:08,264 [8f188c33-4f5f-4a65-885f-fdffcccac76b-groupManagement] INFO  server.RaftServerConfigKeys (ConfUtils.java:logGet(46)) - raft.server.threadpool.server.size = 0 (default)
2024-08-15 10:20:08,264 [8f188c33-4f5f-4a65-885f-fdffcccac76b-groupManagement] INFO  server.RaftServerConfigKeys (ConfUtils.java:logGet(46)) - raft.server.threadpool.client.cached = true (default)
2024-08-15 10:20:08,264 [8f188c33-4f5f-4a65-885f-fdffcccac76b-groupManagement] INFO  server.RaftServerConfigKeys (ConfUtils.java:logGet(46)) - raft.server.threadpool.client.size = 0 (default)
2024-08-15 10:20:08,264 [8f188c33-4f5f-4a65-885f-fdffcccac76b-groupManagement] INFO  server.RaftServerConfigKeys (ConfUtils.java:logGet(46)) - raft.server.storage.free-space.min = 0MB (=0) (default)
2024-08-15 10:20:08,264 [8f188c33-4f5f-4a65-885f-fdffcccac76b-groupManagement] INFO  server.RaftServerConfigKeys (ConfUtils.java:logGet(46)) - raft.server.log.corruption.policy = EXCEPTION (default)
2024-08-15 10:20:08,264 [8f188c33-4f5f-4a65-885f-fdffcccac76b-groupManagement] INFO  server.RaftServerConfigKeys (ConfUtils.java:logGet(46)) - raft.server.storage.dir = [/home/runner/work/ozone/ozone/hadoop-ozone/integration-test/target/test-dir/MiniOzoneClusterImpl-4fe7c5bf-ca33-4415-93e0-e252006dfa59/ozone-meta/datanode-4/ratis] (custom)
2024-08-15 10:20:08,264 [8f188c33-4f5f-4a65-885f-fdffcccac76b-groupManagement] INFO  storage.RaftStorageDirectory (RaftStorageDirectoryImpl.java:analyzeStorage(138)) - The storage directory /home/runner/work/ozone/ozone/hadoop-ozone/integration-test/target/test-dir/MiniOzoneClusterImpl-4fe7c5bf-ca33-4415-93e0-e252006dfa59/ozone-meta/datanode-4/ratis/478298a8-f9b6-4ebf-8a32-6d5cd9501771 does not exist. Creating ...
2024-08-15 10:20:08,265 [8f188c33-4f5f-4a65-885f-fdffcccac76b-groupManagement] INFO  storage.RaftStorageDirectory (RaftStorageDirectoryImpl.java:tryLock(229)) - Lock on /home/runner/work/ozone/ozone/hadoop-ozone/integration-test/target/test-dir/MiniOzoneClusterImpl-4fe7c5bf-ca33-4415-93e0-e252006dfa59/ozone-meta/datanode-4/ratis/478298a8-f9b6-4ebf-8a32-6d5cd9501771/in_use.lock acquired by nodename 113339@fv-az1107-352
2024-08-15 10:20:08,266 [8f188c33-4f5f-4a65-885f-fdffcccac76b-groupManagement] INFO  storage.RaftStorage (RaftStorageImpl.java:format(98)) - Storage directory /home/runner/work/ozone/ozone/hadoop-ozone/integration-test/target/test-dir/MiniOzoneClusterImpl-4fe7c5bf-ca33-4415-93e0-e252006dfa59/ozone-meta/datanode-4/ratis/478298a8-f9b6-4ebf-8a32-6d5cd9501771 has been successfully formatted.
2024-08-15 10:20:08,267 [8f188c33-4f5f-4a65-885f-fdffcccac76b-groupManagement] INFO  ratis.ContainerStateMachine (ContainerStateMachine.java:loadSnapshot(295)) - group-6D5CD9501771: The snapshot info is null. Setting the last applied index to:(t:0, i:~)
2024-08-15 10:20:08,267 [8f188c33-4f5f-4a65-885f-fdffcccac76b-groupManagement] INFO  server.RaftServerConfigKeys (ConfUtils.java:logGet(46)) - raft.server.log.use.memory = false (default)
2024-08-15 10:20:08,267 [8f188c33-4f5f-4a65-885f-fdffcccac76b-groupManagement] INFO  server.RaftServerConfigKeys (ConfUtils.java:logGet(46)) - raft.server.log.purge.gap = 1000000 (custom)
2024-08-15 10:20:08,267 [8f188c33-4f5f-4a65-885f-fdffcccac76b-groupManagement] INFO  server.RaftServerConfigKeys (ConfUtils.java:logGet(46)) - raft.server.log.appender.buffer.byte-limit = 8388608 (custom)
2024-08-15 10:20:08,267 [8f188c33-4f5f-4a65-885f-fdffcccac76b-groupManagement] INFO  server.RaftServerConfigKeys (ConfUtils.java:logGet(46)) - raft.server.log.statemachine.data.read.timeout = 1000ms (default)
2024-08-15 10:20:08,267 [8f188c33-4f5f-4a65-885f-fdffcccac76b-groupManagement] INFO  server.RaftServerConfigKeys (ConfUtils.java:logGet(46)) - raft.server.log.purge.preservation.log.num = 0 (default)
2024-08-15 10:20:08,267 [EventQueue-PipelineReportForPipelineReportHandler] INFO  pipeline.PipelineReportHandler (PipelineReportHandler.java:processPipelineReport(136)) - Opened pipeline PipelineID=478298a8-f9b6-4ebf-8a32-6d5cd9501771
2024-08-15 10:20:08,268 [EventQueue-OpenPipelineForHealthyPipelineSafeModeRule] INFO  safemode.SCMSafeModeManager (HealthyPipelineSafeModeRule.java:process(140)) - SCM in safe mode. Healthy pipelines reported count is 0, required healthy pipeline reported count is 1
2024-08-15 10:20:08,270 [8f188c33-4f5f-4a65-885f-fdffcccac76b-groupManagement] INFO  server.RaftServerConfigKeys (ConfUtils.java:logGet(46)) - raft.server.log.segment.size.max = 67108864 (custom)
2024-08-15 10:20:08,270 [8f188c33-4f5f-4a65-885f-fdffcccac76b-groupManagement] INFO  server.RaftServerConfigKeys (ConfUtils.java:logGet(46)) - raft.server.log.segment.cache.num.max = 2 (custom)
2024-08-15 10:20:08,270 [8f188c33-4f5f-4a65-885f-fdffcccac76b-groupManagement] INFO  server.RaftServerConfigKeys (ConfUtils.java:logGet(46)) - raft.server.log.segment.cache.size.max = 200MB (=209715200) (default)
2024-08-15 10:20:08,270 [8f188c33-4f5f-4a65-885f-fdffcccac76b-groupManagement] INFO  server.RaftServerConfigKeys (ConfUtils.java:logGet(46)) - raft.server.log.appender.buffer.byte-limit = 8388608 (custom)
2024-08-15 10:20:08,270 [8f188c33-4f5f-4a65-885f-fdffcccac76b-groupManagement] INFO  util.AwaitToRun (AwaitToRun.java:start(81)) - Thread[8f188c33-4f5f-4a65-885f-fdffcccac76b@group-6D5CD9501771-cacheEviction-AwaitToRun,5,main] started
2024-08-15 10:20:08,270 [8f188c33-4f5f-4a65-885f-fdffcccac76b-groupManagement] INFO  segmented.SegmentedRaftLogWorker (SegmentedRaftLogWorker.java:<init>(184)) - new 8f188c33-4f5f-4a65-885f-fdffcccac76b@group-6D5CD9501771-SegmentedRaftLogWorker for RaftStorageImpl:Storage Directory /home/runner/work/ozone/ozone/hadoop-ozone/integration-test/target/test-dir/MiniOzoneClusterImpl-4fe7c5bf-ca33-4415-93e0-e252006dfa59/ozone-meta/datanode-4/ratis/478298a8-f9b6-4ebf-8a32-6d5cd9501771
2024-08-15 10:20:08,270 [8f188c33-4f5f-4a65-885f-fdffcccac76b-groupManagement] INFO  server.RaftServerConfigKeys (ConfUtils.java:logGet(46)) - raft.server.log.queue.byte-limit = 4294967296 (custom)
2024-08-15 10:20:08,270 [8f188c33-4f5f-4a65-885f-fdffcccac76b-groupManagement] INFO  server.RaftServerConfigKeys (ConfUtils.java:logGet(46)) - raft.server.log.queue.element-limit = 1024 (custom)
2024-08-15 10:20:08,270 [8f188c33-4f5f-4a65-885f-fdffcccac76b-groupManagement] INFO  server.RaftServerConfigKeys (ConfUtils.java:logGet(46)) - raft.server.log.segment.size.max = 67108864 (custom)
2024-08-15 10:20:08,271 [8f188c33-4f5f-4a65-885f-fdffcccac76b-groupManagement] INFO  server.RaftServerConfigKeys (ConfUtils.java:logGet(46)) - raft.server.log.preallocated.size = 4194304 (custom)
2024-08-15 10:20:08,271 [8f188c33-4f5f-4a65-885f-fdffcccac76b-groupManagement] INFO  server.RaftServerConfigKeys (ConfUtils.java:logGet(46)) - raft.server.log.force.sync.num = 128 (default)
2024-08-15 10:20:08,271 [8f188c33-4f5f-4a65-885f-fdffcccac76b-groupManagement] INFO  server.RaftServerConfigKeys (ConfUtils.java:logGet(46)) - raft.server.log.statemachine.data.sync = true (default)
2024-08-15 10:20:08,271 [8f188c33-4f5f-4a65-885f-fdffcccac76b-groupManagement] INFO  server.RaftServerConfigKeys (ConfUtils.java:logGet(46)) - raft.server.log.statemachine.data.sync.timeout = 10s (default)
2024-08-15 10:20:08,271 [8f188c33-4f5f-4a65-885f-fdffcccac76b-groupManagement] INFO  server.RaftServerConfigKeys (ConfUtils.java:logGet(46)) - raft.server.log.statemachine.data.sync.timeout.retry = 30 (custom)
2024-08-15 10:20:08,271 [8f188c33-4f5f-4a65-885f-fdffcccac76b-groupManagement] INFO  server.RaftServerConfigKeys (ConfUtils.java:logGet(46)) - raft.server.log.write.buffer.size = 8388616 (custom)
2024-08-15 10:20:08,272 [8f188c33-4f5f-4a65-885f-fdffcccac76b-groupManagement] INFO  server.RaftServerConfigKeys (ConfUtils.java:logGet(46)) - raft.server.log.appender.buffer.byte-limit = 8388608 (custom)
2024-08-15 10:20:08,272 [8f188c33-4f5f-4a65-885f-fdffcccac76b-groupManagement] INFO  server.RaftServerConfigKeys (ConfUtils.java:logGet(46)) - raft.server.log.unsafe-flush.enabled = false (default)
2024-08-15 10:20:08,272 [8f188c33-4f5f-4a65-885f-fdffcccac76b-groupManagement] INFO  server.RaftServerConfigKeys (ConfUtils.java:logGet(46)) - raft.server.log.async-flush.enabled = false (default)
2024-08-15 10:20:08,272 [8f188c33-4f5f-4a65-885f-fdffcccac76b-groupManagement] INFO  server.RaftServerConfigKeys (ConfUtils.java:logGet(46)) - raft.server.log.statemachine.data.caching.enabled = true (custom)
2024-08-15 10:20:08,272 [8f188c33-4f5f-4a65-885f-fdffcccac76b-groupManagement] INFO  segmented.SegmentedRaftLogWorker (SegmentedRaftLogWorker.java:lambda$new$0(135)) - 8f188c33-4f5f-4a65-885f-fdffcccac76b@group-6D5CD9501771-SegmentedRaftLogWorker: flushIndex: setUnconditionally 0 -> -1
2024-08-15 10:20:08,272 [8f188c33-4f5f-4a65-885f-fdffcccac76b-groupManagement] INFO  segmented.SegmentedRaftLogWorker (SegmentedRaftLogWorker.java:lambda$new$0(135)) - 8f188c33-4f5f-4a65-885f-fdffcccac76b@group-6D5CD9501771-SegmentedRaftLogWorker: safeCacheEvictIndex: setUnconditionally 0 -> -1
2024-08-15 10:20:08,272 [8f188c33-4f5f-4a65-885f-fdffcccac76b-groupManagement] INFO  server.RaftServer$Division (RaftServerImpl.java:start(389)) - 8f188c33-4f5f-4a65-885f-fdffcccac76b@group-6D5CD9501771: start as a follower, conf=conf: {index: -1, cur=peers:[8f188c33-4f5f-4a65-885f-fdffcccac76b|127.0.0.1:15622]|listeners:[], old=null}
2024-08-15 10:20:08,272 [8f188c33-4f5f-4a65-885f-fdffcccac76b-groupManagement] INFO  server.RaftServer$Division (RaftServerImpl.java:setRole(376)) - 8f188c33-4f5f-4a65-885f-fdffcccac76b@group-6D5CD9501771: changes role from      null to FOLLOWER at term 0 for startAsFollower
2024-08-15 10:20:08,272 [8f188c33-4f5f-4a65-885f-fdffcccac76b-groupManagement] INFO  impl.RoleInfo (RoleInfo.java:updateAndGet(148)) - 8f188c33-4f5f-4a65-885f-fdffcccac76b: start 8f188c33-4f5f-4a65-885f-fdffcccac76b@group-6D5CD9501771-FollowerState
2024-08-15 10:20:08,272 [8f188c33-4f5f-4a65-885f-fdffcccac76b@group-6D5CD9501771-FollowerState] INFO  server.RaftServerConfigKeys (ConfUtils.java:logFallback(53)) - raft.server.rpc.first-election.timeout.min = 5s (fallback to raft.server.rpc.timeout.min)
2024-08-15 10:20:08,272 [8f188c33-4f5f-4a65-885f-fdffcccac76b@group-6D5CD9501771-FollowerState] INFO  server.RaftServerConfigKeys (ConfUtils.java:logFallback(53)) - raft.server.rpc.first-election.timeout.max = 5200ms (fallback to raft.server.rpc.timeout.max)
2024-08-15 10:20:08,272 [8f188c33-4f5f-4a65-885f-fdffcccac76b-groupManagement] INFO  util.JmxRegister (JmxRegister.java:tryRegister(44)) - Successfully registered JMX Bean with object name Ratis:service=RaftServer,group=group-6D5CD9501771,id=8f188c33-4f5f-4a65-885f-fdffcccac76b
2024-08-15 10:20:08,273 [8f188c33-4f5f-4a65-885f-fdffcccac76b-groupManagement] INFO  util.JmxRegister (JmxRegister.java:register(58)) - register mxBean class org.apache.ratis.server.impl.RaftServerJmxAdapter as Ratis:service=RaftServer,group=group-6D5CD9501771,id=8f188c33-4f5f-4a65-885f-fdffcccac76b
2024-08-15 10:20:08,273 [8f188c33-4f5f-4a65-885f-fdffcccac76b-groupManagement] INFO  server.RaftServerConfigKeys (ConfUtils.java:logGet(46)) - raft.server.snapshot.trigger-when-stop.enabled = true (default)
2024-08-15 10:20:08,273 [8f188c33-4f5f-4a65-885f-fdffcccac76b-groupManagement] INFO  server.RaftServerConfigKeys (ConfUtils.java:logGet(46)) - raft.server.snapshot.trigger-when-remove.enabled = true (default)
2024-08-15 10:20:08,273 [8f188c33-4f5f-4a65-885f-fdffcccac76b-groupManagement] INFO  server.RaftServerConfigKeys (ConfUtils.java:logGet(46)) - raft.server.snapshot.auto.trigger.enabled = true (custom)
2024-08-15 10:20:08,273 [8f188c33-4f5f-4a65-885f-fdffcccac76b-groupManagement] INFO  server.RaftServerConfigKeys (ConfUtils.java:logGet(46)) - raft.server.snapshot.auto.trigger.threshold = 10000 (custom)
2024-08-15 10:20:08,273 [8f188c33-4f5f-4a65-885f-fdffcccac76b-groupManagement] INFO  server.RaftServerConfigKeys (ConfUtils.java:logGet(46)) - raft.server.snapshot.retention.file.num = 5 (custom)
2024-08-15 10:20:08,273 [8f188c33-4f5f-4a65-885f-fdffcccac76b-groupManagement] INFO  server.RaftServerConfigKeys (ConfUtils.java:logGet(46)) - raft.server.log.purge.upto.snapshot.index = false (default)
2024-08-15 10:20:08,274 [8f188c33-4f5f-4a65-885f-fdffcccac76b-PipelineCommandHandlerThread-0] INFO  ratis.XceiverServerRatis (XceiverServerRatis.java:addGroup(850)) - Created group PipelineID=478298a8-f9b6-4ebf-8a32-6d5cd9501771
2024-08-15 10:20:08,274 [8f188c33-4f5f-4a65-885f-fdffcccac76b-PipelineCommandHandlerThread-0] INFO  commandhandler.CreatePipelineCommandHandler (CreatePipelineCommandHandler.java:lambda$handle$2(124)) - Created Pipeline RATIS ONE PipelineID=478298a8-f9b6-4ebf-8a32-6d5cd9501771.
2024-08-15 10:20:08,425 [1b29c983-94d7-499d-bcc1-fd69fd0caba2-BlockDeletingService#0] INFO  interfaces.ContainerDeletionChoosingPolicyTemplate (ContainerDeletionChoosingPolicyTemplate.java:chooseContainerForBlockDeletion(85)) - Chosen 0/5000 blocks from 0 candidate containers.
2024-08-15 10:20:08,529 [10717ad5-80cb-4143-95b1-142859a756e7-PipelineCommandHandlerThread-0] INFO  server.RaftServer (RaftServerProxy.java:addNew(101)) - 10717ad5-80cb-4143-95b1-142859a756e7: addNew group-DC8ADD49AD69:[10717ad5-80cb-4143-95b1-142859a756e7|127.0.0.1:15631] returns group-DC8ADD49AD69:java.util.concurrent.CompletableFuture@7a42276e[Not completed]
2024-08-15 10:20:08,530 [10717ad5-80cb-4143-95b1-142859a756e7-groupManagement] INFO  server.RaftServer$Division (RaftServerImpl.java:<init>(253)) - 10717ad5-80cb-4143-95b1-142859a756e7: new RaftServerImpl for group-DC8ADD49AD69:[10717ad5-80cb-4143-95b1-142859a756e7|127.0.0.1:15631] with ContainerStateMachine:uninitialized
2024-08-15 10:20:08,531 [main] INFO  ozone.MiniOzoneClusterImpl (MiniOzoneClusterImpl.java:lambda$waitForClusterToBeReady$0(198)) - Nodes are ready. Got 5 of 5 DN Heartbeats.
2024-08-15 10:20:08,531 [main] INFO  ozone.MiniOzoneClusterImpl (MiniOzoneClusterImpl.java:lambda$waitForClusterToBeReady$0(201)) - Waiting for cluster to exit safe mode
2024-08-15 10:20:08,531 [main] INFO  ozone.MiniOzoneClusterImpl (MiniOzoneClusterImpl.java:lambda$waitForClusterToBeReady$0(203)) - SCM became leader
2024-08-15 10:20:08,531 [10717ad5-80cb-4143-95b1-142859a756e7-groupManagement] INFO  server.RaftServerConfigKeys (ConfUtils.java:logGet(46)) - raft.server.rpc.timeout.min = 5s (custom)
2024-08-15 10:20:08,531 [10717ad5-80cb-4143-95b1-142859a756e7-groupManagement] INFO  server.RaftServerConfigKeys (ConfUtils.java:logGet(46)) - raft.server.rpc.timeout.max = 5200ms (custom)
2024-08-15 10:20:08,531 [10717ad5-80cb-4143-95b1-142859a756e7-groupManagement] INFO  server.RaftServerConfigKeys (ConfUtils.java:logGet(46)) - raft.server.rpc.sleep.time = 25ms (default)
2024-08-15 10:20:08,531 [10717ad5-80cb-4143-95b1-142859a756e7-groupManagement] INFO  server.RaftServerConfigKeys (ConfUtils.java:logGet(46)) - raft.server.rpc.slowness.timeout = 300000ms (custom)
2024-08-15 10:20:08,531 [10717ad5-80cb-4143-95b1-142859a756e7-groupManagement] INFO  server.RaftServerConfigKeys (ConfUtils.java:logGet(46)) - raft.server.leaderelection.leader.step-down.wait-time = 10s (default)
2024-08-15 10:20:08,531 [10717ad5-80cb-4143-95b1-142859a756e7-groupManagement] INFO  server.RaftServerConfigKeys (ConfUtils.java:logGet(46)) - raft.server.leaderelection.member.majority-add = false (default)
2024-08-15 10:20:08,531 [10717ad5-80cb-4143-95b1-142859a756e7-groupManagement] INFO  server.RaftServerConfigKeys (ConfUtils.java:logGet(46)) - raft.server.sleep.deviation.threshold = 300ms (default)
2024-08-15 10:20:08,532 [10717ad5-80cb-4143-95b1-142859a756e7-groupManagement] INFO  server.RaftServer$Division (ServerState.java:<init>(114)) - 10717ad5-80cb-4143-95b1-142859a756e7@group-DC8ADD49AD69: ConfigurationManager, init=conf: {index: -1, cur=peers:[10717ad5-80cb-4143-95b1-142859a756e7|127.0.0.1:15631]|listeners:[], old=null}, confs=<EMPTY_MAP>
2024-08-15 10:20:08,532 [10717ad5-80cb-4143-95b1-142859a756e7-groupManagement] INFO  server.RaftServerConfigKeys (ConfUtils.java:logGet(46)) - raft.server.notification.no-leader.timeout = 300000ms (custom)
2024-08-15 10:20:08,532 [10717ad5-80cb-4143-95b1-142859a756e7-groupManagement] INFO  server.RaftServerConfigKeys (ConfUtils.java:logGet(46)) - raft.server.read.timeout = 10s (default)
2024-08-15 10:20:08,532 [10717ad5-80cb-4143-95b1-142859a756e7-groupManagement] INFO  server.RaftServerConfigKeys (ConfUtils.java:logGet(46)) - raft.server.retrycache.expirytime = 600000ms (custom)
2024-08-15 10:20:08,532 [10717ad5-80cb-4143-95b1-142859a756e7-groupManagement] INFO  server.RaftServerConfigKeys (ConfUtils.java:logGet(46)) - raft.server.retrycache.statistics.expirytime = 100ms (default)
2024-08-15 10:20:08,532 [10717ad5-80cb-4143-95b1-142859a756e7-groupManagement] INFO  server.RaftServerConfigKeys (ConfUtils.java:logGet(46)) - raft.server.read.option = DEFAULT (default)
2024-08-15 10:20:08,532 [10717ad5-80cb-4143-95b1-142859a756e7-groupManagement] INFO  server.RaftServerConfigKeys (ConfUtils.java:logGet(46)) - raft.server.read.read-after-write-consistent.write-index-cache.expiry-time = 60s (default)
2024-08-15 10:20:08,540 [10717ad5-80cb-4143-95b1-142859a756e7-groupManagement] INFO  server.RaftServerConfigKeys (ConfUtils.java:logGet(46)) - raft.server.rpc.request.timeout = 3000ms (default)
2024-08-15 10:20:08,540 [10717ad5-80cb-4143-95b1-142859a756e7-groupManagement] INFO  server.RaftServerConfigKeys (ConfUtils.java:logGet(46)) - raft.server.log.appender.install.snapshot.enabled = false (custom)
2024-08-15 10:20:08,540 [10717ad5-80cb-4143-95b1-142859a756e7-groupManagement] INFO  server.RaftServerConfigKeys (ConfUtils.java:logGet(46)) - raft.server.threadpool.server.cached = true (default)
2024-08-15 10:20:08,540 [10717ad5-80cb-4143-95b1-142859a756e7-groupManagement] INFO  server.RaftServerConfigKeys (ConfUtils.java:logGet(46)) - raft.server.threadpool.server.size = 0 (default)
2024-08-15 10:20:08,540 [10717ad5-80cb-4143-95b1-142859a756e7-groupManagement] INFO  server.RaftServerConfigKeys (ConfUtils.java:logGet(46)) - raft.server.threadpool.client.cached = true (default)
2024-08-15 10:20:08,540 [10717ad5-80cb-4143-95b1-142859a756e7-groupManagement] INFO  server.RaftServerConfigKeys (ConfUtils.java:logGet(46)) - raft.server.threadpool.client.size = 0 (default)
2024-08-15 10:20:08,540 [10717ad5-80cb-4143-95b1-142859a756e7-groupManagement] INFO  server.RaftServerConfigKeys (ConfUtils.java:logGet(46)) - raft.server.storage.free-space.min = 0MB (=0) (default)
2024-08-15 10:20:08,540 [10717ad5-80cb-4143-95b1-142859a756e7-groupManagement] INFO  server.RaftServerConfigKeys (ConfUtils.java:logGet(46)) - raft.server.log.corruption.policy = EXCEPTION (default)
2024-08-15 10:20:08,540 [10717ad5-80cb-4143-95b1-142859a756e7-groupManagement] INFO  server.RaftServerConfigKeys (ConfUtils.java:logGet(46)) - raft.server.storage.dir = [/home/runner/work/ozone/ozone/hadoop-ozone/integration-test/target/test-dir/MiniOzoneClusterImpl-4fe7c5bf-ca33-4415-93e0-e252006dfa59/ozone-meta/datanode-5/ratis] (custom)
2024-08-15 10:20:08,541 [10717ad5-80cb-4143-95b1-142859a756e7-groupManagement] INFO  storage.RaftStorageDirectory (RaftStorageDirectoryImpl.java:analyzeStorage(138)) - The storage directory /home/runner/work/ozone/ozone/hadoop-ozone/integration-test/target/test-dir/MiniOzoneClusterImpl-4fe7c5bf-ca33-4415-93e0-e252006dfa59/ozone-meta/datanode-5/ratis/853cce2e-d382-422c-bd34-dc8add49ad69 does not exist. Creating ...
2024-08-15 10:20:08,542 [10717ad5-80cb-4143-95b1-142859a756e7-groupManagement] INFO  storage.RaftStorageDirectory (RaftStorageDirectoryImpl.java:tryLock(229)) - Lock on /home/runner/work/ozone/ozone/hadoop-ozone/integration-test/target/test-dir/MiniOzoneClusterImpl-4fe7c5bf-ca33-4415-93e0-e252006dfa59/ozone-meta/datanode-5/ratis/853cce2e-d382-422c-bd34-dc8add49ad69/in_use.lock acquired by nodename 113339@fv-az1107-352
2024-08-15 10:20:08,543 [10717ad5-80cb-4143-95b1-142859a756e7-groupManagement] INFO  storage.RaftStorage (RaftStorageImpl.java:format(98)) - Storage directory /home/runner/work/ozone/ozone/hadoop-ozone/integration-test/target/test-dir/MiniOzoneClusterImpl-4fe7c5bf-ca33-4415-93e0-e252006dfa59/ozone-meta/datanode-5/ratis/853cce2e-d382-422c-bd34-dc8add49ad69 has been successfully formatted.
2024-08-15 10:20:08,543 [10717ad5-80cb-4143-95b1-142859a756e7-groupManagement] INFO  ratis.ContainerStateMachine (ContainerStateMachine.java:loadSnapshot(295)) - group-DC8ADD49AD69: The snapshot info is null. Setting the last applied index to:(t:0, i:~)
2024-08-15 10:20:08,543 [10717ad5-80cb-4143-95b1-142859a756e7-groupManagement] INFO  server.RaftServerConfigKeys (ConfUtils.java:logGet(46)) - raft.server.log.use.memory = false (default)
2024-08-15 10:20:08,543 [10717ad5-80cb-4143-95b1-142859a756e7-groupManagement] INFO  server.RaftServerConfigKeys (ConfUtils.java:logGet(46)) - raft.server.log.purge.gap = 1000000 (custom)
2024-08-15 10:20:08,543 [10717ad5-80cb-4143-95b1-142859a756e7-groupManagement] INFO  server.RaftServerConfigKeys (ConfUtils.java:logGet(46)) - raft.server.log.appender.buffer.byte-limit = 8388608 (custom)
2024-08-15 10:20:08,543 [10717ad5-80cb-4143-95b1-142859a756e7-groupManagement] INFO  server.RaftServerConfigKeys (ConfUtils.java:logGet(46)) - raft.server.log.statemachine.data.read.timeout = 1000ms (default)
2024-08-15 10:20:08,543 [10717ad5-80cb-4143-95b1-142859a756e7-groupManagement] INFO  server.RaftServerConfigKeys (ConfUtils.java:logGet(46)) - raft.server.log.purge.preservation.log.num = 0 (default)
2024-08-15 10:20:08,544 [EventQueue-PipelineReportForPipelineReportHandler] INFO  pipeline.PipelineReportHandler (PipelineReportHandler.java:processPipelineReport(136)) - Opened pipeline PipelineID=853cce2e-d382-422c-bd34-dc8add49ad69
2024-08-15 10:20:08,545 [EventQueue-OpenPipelineForHealthyPipelineSafeModeRule] INFO  safemode.SCMSafeModeManager (HealthyPipelineSafeModeRule.java:process(140)) - SCM in safe mode. Healthy pipelines reported count is 0, required healthy pipeline reported count is 1
2024-08-15 10:20:08,546 [10717ad5-80cb-4143-95b1-142859a756e7-groupManagement] INFO  server.RaftServerConfigKeys (ConfUtils.java:logGet(46)) - raft.server.log.segment.size.max = 67108864 (custom)
2024-08-15 10:20:08,547 [10717ad5-80cb-4143-95b1-142859a756e7-groupManagement] INFO  server.RaftServerConfigKeys (ConfUtils.java:logGet(46)) - raft.server.log.segment.cache.num.max = 2 (custom)
2024-08-15 10:20:08,547 [10717ad5-80cb-4143-95b1-142859a756e7-groupManagement] INFO  server.RaftServerConfigKeys (ConfUtils.java:logGet(46)) - raft.server.log.segment.cache.size.max = 200MB (=209715200) (default)
2024-08-15 10:20:08,547 [10717ad5-80cb-4143-95b1-142859a756e7-groupManagement] INFO  server.RaftServerConfigKeys (ConfUtils.java:logGet(46)) - raft.server.log.appender.buffer.byte-limit = 8388608 (custom)
2024-08-15 10:20:08,547 [10717ad5-80cb-4143-95b1-142859a756e7-groupManagement] INFO  util.AwaitToRun (AwaitToRun.java:start(81)) - Thread[10717ad5-80cb-4143-95b1-142859a756e7@group-DC8ADD49AD69-cacheEviction-AwaitToRun,5,main] started
2024-08-15 10:20:08,547 [10717ad5-80cb-4143-95b1-142859a756e7-groupManagement] INFO  segmented.SegmentedRaftLogWorker (SegmentedRaftLogWorker.java:<init>(184)) - new 10717ad5-80cb-4143-95b1-142859a756e7@group-DC8ADD49AD69-SegmentedRaftLogWorker for RaftStorageImpl:Storage Directory /home/runner/work/ozone/ozone/hadoop-ozone/integration-test/target/test-dir/MiniOzoneClusterImpl-4fe7c5bf-ca33-4415-93e0-e252006dfa59/ozone-meta/datanode-5/ratis/853cce2e-d382-422c-bd34-dc8add49ad69
2024-08-15 10:20:08,547 [10717ad5-80cb-4143-95b1-142859a756e7-groupManagement] INFO  server.RaftServerConfigKeys (ConfUtils.java:logGet(46)) - raft.server.log.queue.byte-limit = 4294967296 (custom)
2024-08-15 10:20:08,547 [10717ad5-80cb-4143-95b1-142859a756e7-groupManagement] INFO  server.RaftServerConfigKeys (ConfUtils.java:logGet(46)) - raft.server.log.queue.element-limit = 1024 (custom)
2024-08-15 10:20:08,547 [10717ad5-80cb-4143-95b1-142859a756e7-groupManagement] INFO  server.RaftServerConfigKeys (ConfUtils.java:logGet(46)) - raft.server.log.segment.size.max = 67108864 (custom)
2024-08-15 10:20:08,547 [10717ad5-80cb-4143-95b1-142859a756e7-groupManagement] INFO  server.RaftServerConfigKeys (ConfUtils.java:logGet(46)) - raft.server.log.preallocated.size = 4194304 (custom)
2024-08-15 10:20:08,547 [10717ad5-80cb-4143-95b1-142859a756e7-groupManagement] INFO  server.RaftServerConfigKeys (ConfUtils.java:logGet(46)) - raft.server.log.force.sync.num = 128 (default)
2024-08-15 10:20:08,548 [10717ad5-80cb-4143-95b1-142859a756e7-groupManagement] INFO  server.RaftServerConfigKeys (ConfUtils.java:logGet(46)) - raft.server.log.statemachine.data.sync = true (default)
2024-08-15 10:20:08,548 [10717ad5-80cb-4143-95b1-142859a756e7-groupManagement] INFO  server.RaftServerConfigKeys (ConfUtils.java:logGet(46)) - raft.server.log.statemachine.data.sync.timeout = 10s (default)
2024-08-15 10:20:08,548 [10717ad5-80cb-4143-95b1-142859a756e7-groupManagement] INFO  server.RaftServerConfigKeys (ConfUtils.java:logGet(46)) - raft.server.log.statemachine.data.sync.timeout.retry = 30 (custom)
2024-08-15 10:20:08,548 [10717ad5-80cb-4143-95b1-142859a756e7-groupManagement] INFO  server.RaftServerConfigKeys (ConfUtils.java:logGet(46)) - raft.server.log.write.buffer.size = 8388616 (custom)
2024-08-15 10:20:08,550 [10717ad5-80cb-4143-95b1-142859a756e7-groupManagement] INFO  server.RaftServerConfigKeys (ConfUtils.java:logGet(46)) - raft.server.log.appender.buffer.byte-limit = 8388608 (custom)
2024-08-15 10:20:08,550 [10717ad5-80cb-4143-95b1-142859a756e7-groupManagement] INFO  server.RaftServerConfigKeys (ConfUtils.java:logGet(46)) - raft.server.log.unsafe-flush.enabled = false (default)
2024-08-15 10:20:08,550 [10717ad5-80cb-4143-95b1-142859a756e7-groupManagement] INFO  server.RaftServerConfigKeys (ConfUtils.java:logGet(46)) - raft.server.log.async-flush.enabled = false (default)
2024-08-15 10:20:08,550 [10717ad5-80cb-4143-95b1-142859a756e7-groupManagement] INFO  server.RaftServerConfigKeys (ConfUtils.java:logGet(46)) - raft.server.log.statemachine.data.caching.enabled = true (custom)
2024-08-15 10:20:08,550 [10717ad5-80cb-4143-95b1-142859a756e7-groupManagement] INFO  segmented.SegmentedRaftLogWorker (SegmentedRaftLogWorker.java:lambda$new$0(135)) - 10717ad5-80cb-4143-95b1-142859a756e7@group-DC8ADD49AD69-SegmentedRaftLogWorker: flushIndex: setUnconditionally 0 -> -1
2024-08-15 10:20:08,550 [10717ad5-80cb-4143-95b1-142859a756e7-groupManagement] INFO  segmented.SegmentedRaftLogWorker (SegmentedRaftLogWorker.java:lambda$new$0(135)) - 10717ad5-80cb-4143-95b1-142859a756e7@group-DC8ADD49AD69-SegmentedRaftLogWorker: safeCacheEvictIndex: setUnconditionally 0 -> -1
2024-08-15 10:20:08,550 [10717ad5-80cb-4143-95b1-142859a756e7-groupManagement] INFO  server.RaftServer$Division (RaftServerImpl.java:start(389)) - 10717ad5-80cb-4143-95b1-142859a756e7@group-DC8ADD49AD69: start as a follower, conf=conf: {index: -1, cur=peers:[10717ad5-80cb-4143-95b1-142859a756e7|127.0.0.1:15631]|listeners:[], old=null}
2024-08-15 10:20:08,551 [10717ad5-80cb-4143-95b1-142859a756e7-groupManagement] INFO  server.RaftServer$Division (RaftServerImpl.java:setRole(376)) - 10717ad5-80cb-4143-95b1-142859a756e7@group-DC8ADD49AD69: changes role from      null to FOLLOWER at term 0 for startAsFollower
2024-08-15 10:20:08,551 [10717ad5-80cb-4143-95b1-142859a756e7-groupManagement] INFO  impl.RoleInfo (RoleInfo.java:updateAndGet(148)) - 10717ad5-80cb-4143-95b1-142859a756e7: start 10717ad5-80cb-4143-95b1-142859a756e7@group-DC8ADD49AD69-FollowerState
2024-08-15 10:20:08,552 [10717ad5-80cb-4143-95b1-142859a756e7@group-DC8ADD49AD69-FollowerState] INFO  server.RaftServerConfigKeys (ConfUtils.java:logFallback(53)) - raft.server.rpc.first-election.timeout.min = 5s (fallback to raft.server.rpc.timeout.min)
2024-08-15 10:20:08,552 [10717ad5-80cb-4143-95b1-142859a756e7@group-DC8ADD49AD69-FollowerState] INFO  server.RaftServerConfigKeys (ConfUtils.java:logFallback(53)) - raft.server.rpc.first-election.timeout.max = 5200ms (fallback to raft.server.rpc.timeout.max)
2024-08-15 10:20:08,552 [10717ad5-80cb-4143-95b1-142859a756e7-groupManagement] INFO  util.JmxRegister (JmxRegister.java:tryRegister(44)) - Successfully registered JMX Bean with object name Ratis:service=RaftServer,group=group-DC8ADD49AD69,id=10717ad5-80cb-4143-95b1-142859a756e7
2024-08-15 10:20:08,552 [10717ad5-80cb-4143-95b1-142859a756e7-groupManagement] INFO  util.JmxRegister (JmxRegister.java:register(58)) - register mxBean class org.apache.ratis.server.impl.RaftServerJmxAdapter as Ratis:service=RaftServer,group=group-DC8ADD49AD69,id=10717ad5-80cb-4143-95b1-142859a756e7
2024-08-15 10:20:08,552 [10717ad5-80cb-4143-95b1-142859a756e7-groupManagement] INFO  server.RaftServerConfigKeys (ConfUtils.java:logGet(46)) - raft.server.snapshot.trigger-when-stop.enabled = true (default)
2024-08-15 10:20:08,552 [10717ad5-80cb-4143-95b1-142859a756e7-groupManagement] INFO  server.RaftServerConfigKeys (ConfUtils.java:logGet(46)) - raft.server.snapshot.trigger-when-remove.enabled = true (default)
2024-08-15 10:20:08,552 [10717ad5-80cb-4143-95b1-142859a756e7-groupManagement] INFO  server.RaftServerConfigKeys (ConfUtils.java:logGet(46)) - raft.server.snapshot.auto.trigger.enabled = true (custom)
2024-08-15 10:20:08,552 [10717ad5-80cb-4143-95b1-142859a756e7-groupManagement] INFO  server.RaftServerConfigKeys (ConfUtils.java:logGet(46)) - raft.server.snapshot.auto.trigger.threshold = 10000 (custom)
2024-08-15 10:20:08,552 [10717ad5-80cb-4143-95b1-142859a756e7-groupManagement] INFO  server.RaftServerConfigKeys (ConfUtils.java:logGet(46)) - raft.server.snapshot.retention.file.num = 5 (custom)
2024-08-15 10:20:08,552 [10717ad5-80cb-4143-95b1-142859a756e7-groupManagement] INFO  server.RaftServerConfigKeys (ConfUtils.java:logGet(46)) - raft.server.log.purge.upto.snapshot.index = false (default)
2024-08-15 10:20:08,553 [10717ad5-80cb-4143-95b1-142859a756e7-PipelineCommandHandlerThread-0] INFO  ratis.XceiverServerRatis (XceiverServerRatis.java:addGroup(850)) - Created group PipelineID=853cce2e-d382-422c-bd34-dc8add49ad69
2024-08-15 10:20:08,553 [10717ad5-80cb-4143-95b1-142859a756e7-PipelineCommandHandlerThread-0] INFO  commandhandler.CreatePipelineCommandHandler (CreatePipelineCommandHandler.java:lambda$handle$2(124)) - Created Pipeline RATIS ONE PipelineID=853cce2e-d382-422c-bd34-dc8add49ad69.
2024-08-15 10:20:08,662 [0e485a45-f52d-48d7-a7aa-3788f1251f10-BlockDeletingService#0] INFO  interfaces.ContainerDeletionChoosingPolicyTemplate (ContainerDeletionChoosingPolicyTemplate.java:chooseContainerForBlockDeletion(85)) - Chosen 0/5000 blocks from 0 candidate containers.
2024-08-15 10:20:08,878 [38e4ed17-21fc-4cdd-a713-95c81e4a5ee7-BlockDeletingService#0] INFO  interfaces.ContainerDeletionChoosingPolicyTemplate (ContainerDeletionChoosingPolicyTemplate.java:chooseContainerForBlockDeletion(85)) - Chosen 0/5000 blocks from 0 candidate containers.
2024-08-15 10:20:09,119 [f60b0d4a-47c9-4dc3-aae7-72bc8e2f4697-BlockDeletingService#0] INFO  interfaces.ContainerDeletionChoosingPolicyTemplate (ContainerDeletionChoosingPolicyTemplate.java:chooseContainerForBlockDeletion(85)) - Chosen 0/5000 blocks from 0 candidate containers.
2024-08-15 10:20:09,345 [6b83e431-4bd4-4ef9-a0a5-40878ef9a0bc-BlockDeletingService#0] INFO  interfaces.ContainerDeletionChoosingPolicyTemplate (ContainerDeletionChoosingPolicyTemplate.java:chooseContainerForBlockDeletion(85)) - Chosen 0/5000 blocks from 0 candidate containers.
2024-08-15 10:20:09,531 [main] INFO  ozone.MiniOzoneClusterImpl (MiniOzoneClusterImpl.java:lambda$waitForClusterToBeReady$0(198)) - Nodes are ready. Got 5 of 5 DN Heartbeats.
2024-08-15 10:20:09,532 [main] INFO  ozone.MiniOzoneClusterImpl (MiniOzoneClusterImpl.java:lambda$waitForClusterToBeReady$0(201)) - Waiting for cluster to exit safe mode
2024-08-15 10:20:09,532 [main] INFO  ozone.MiniOzoneClusterImpl (MiniOzoneClusterImpl.java:lambda$waitForClusterToBeReady$0(203)) - SCM became leader
2024-08-15 10:20:10,532 [main] INFO  ozone.MiniOzoneClusterImpl (MiniOzoneClusterImpl.java:lambda$waitForClusterToBeReady$0(198)) - Nodes are ready. Got 5 of 5 DN Heartbeats.
2024-08-15 10:20:10,532 [main] INFO  ozone.MiniOzoneClusterImpl (MiniOzoneClusterImpl.java:lambda$waitForClusterToBeReady$0(201)) - Waiting for cluster to exit safe mode
2024-08-15 10:20:10,532 [main] INFO  ozone.MiniOzoneClusterImpl (MiniOzoneClusterImpl.java:lambda$waitForClusterToBeReady$0(203)) - SCM became leader
2024-08-15 10:20:11,532 [main] INFO  ozone.MiniOzoneClusterImpl (MiniOzoneClusterImpl.java:lambda$waitForClusterToBeReady$0(198)) - Nodes are ready. Got 5 of 5 DN Heartbeats.
2024-08-15 10:20:11,533 [main] INFO  ozone.MiniOzoneClusterImpl (MiniOzoneClusterImpl.java:lambda$waitForClusterToBeReady$0(201)) - Waiting for cluster to exit safe mode
2024-08-15 10:20:11,533 [main] INFO  ozone.MiniOzoneClusterImpl (MiniOzoneClusterImpl.java:lambda$waitForClusterToBeReady$0(203)) - SCM became leader
2024-08-15 10:20:12,533 [main] INFO  ozone.MiniOzoneClusterImpl (MiniOzoneClusterImpl.java:lambda$waitForClusterToBeReady$0(198)) - Nodes are ready. Got 5 of 5 DN Heartbeats.
2024-08-15 10:20:12,533 [main] INFO  ozone.MiniOzoneClusterImpl (MiniOzoneClusterImpl.java:lambda$waitForClusterToBeReady$0(201)) - Waiting for cluster to exit safe mode
2024-08-15 10:20:12,533 [main] INFO  ozone.MiniOzoneClusterImpl (MiniOzoneClusterImpl.java:lambda$waitForClusterToBeReady$0(203)) - SCM became leader
2024-08-15 10:20:12,628 [2c076085-4a54-4643-8427-8625b9ee6dbf@group-765CE0DD5138-FollowerState] INFO  impl.FollowerState (FollowerState.java:run(144)) - 2c076085-4a54-4643-8427-8625b9ee6dbf@group-765CE0DD5138-FollowerState: change to CANDIDATE, lastRpcElapsedTime:5076563707ns, electionTimeout:5076ms
2024-08-15 10:20:12,628 [2c076085-4a54-4643-8427-8625b9ee6dbf@group-765CE0DD5138-FollowerState] INFO  impl.RoleInfo (RoleInfo.java:shutdownFollowerState(119)) - 2c076085-4a54-4643-8427-8625b9ee6dbf: shutdown 2c076085-4a54-4643-8427-8625b9ee6dbf@group-765CE0DD5138-FollowerState
2024-08-15 10:20:12,628 [2c076085-4a54-4643-8427-8625b9ee6dbf@group-765CE0DD5138-FollowerState] INFO  server.RaftServer$Division (RaftServerImpl.java:setRole(376)) - 2c076085-4a54-4643-8427-8625b9ee6dbf@group-765CE0DD5138: changes role from  FOLLOWER to CANDIDATE at term 0 for changeToCandidate
2024-08-15 10:20:12,628 [2c076085-4a54-4643-8427-8625b9ee6dbf@group-765CE0DD5138-FollowerState] INFO  server.RaftServerConfigKeys (ConfUtils.java:logGet(46)) - raft.server.leaderelection.pre-vote = true (default)
2024-08-15 10:20:12,628 [2c076085-4a54-4643-8427-8625b9ee6dbf@group-765CE0DD5138-FollowerState] INFO  impl.RoleInfo (RoleInfo.java:updateAndGet(148)) - 2c076085-4a54-4643-8427-8625b9ee6dbf: start 2c076085-4a54-4643-8427-8625b9ee6dbf@group-765CE0DD5138-LeaderElection152
2024-08-15 10:20:12,629 [2c076085-4a54-4643-8427-8625b9ee6dbf@group-765CE0DD5138-LeaderElection152] INFO  impl.LeaderElection (LeaderElection.java:askForVotes(321)) - 2c076085-4a54-4643-8427-8625b9ee6dbf@group-765CE0DD5138-LeaderElection152 PRE_VOTE round 0: submit vote requests at term 0 for conf: {index: -1, cur=peers:[2c076085-4a54-4643-8427-8625b9ee6dbf|127.0.0.1:15595]|listeners:[], old=null}
2024-08-15 10:20:12,629 [2c076085-4a54-4643-8427-8625b9ee6dbf@group-765CE0DD5138-LeaderElection152] INFO  impl.LeaderElection (LeaderElection.java:askForVotes(323)) - 2c076085-4a54-4643-8427-8625b9ee6dbf@group-765CE0DD5138-LeaderElection152 PRE_VOTE round 0: result PASSED (term=0)
2024-08-15 10:20:12,630 [2c076085-4a54-4643-8427-8625b9ee6dbf@group-765CE0DD5138-LeaderElection152] INFO  impl.LeaderElection (LeaderElection.java:askForVotes(321)) - 2c076085-4a54-4643-8427-8625b9ee6dbf@group-765CE0DD5138-LeaderElection152 ELECTION round 0: submit vote requests at term 1 for conf: {index: -1, cur=peers:[2c076085-4a54-4643-8427-8625b9ee6dbf|127.0.0.1:15595]|listeners:[], old=null}
2024-08-15 10:20:12,630 [2c076085-4a54-4643-8427-8625b9ee6dbf@group-765CE0DD5138-LeaderElection152] INFO  impl.LeaderElection (LeaderElection.java:askForVotes(323)) - 2c076085-4a54-4643-8427-8625b9ee6dbf@group-765CE0DD5138-LeaderElection152 ELECTION round 0: result PASSED (term=1)
2024-08-15 10:20:12,631 [2c076085-4a54-4643-8427-8625b9ee6dbf@group-765CE0DD5138-LeaderElection152] INFO  impl.RoleInfo (RoleInfo.java:shutdownLeaderElection(139)) - 2c076085-4a54-4643-8427-8625b9ee6dbf: shutdown 2c076085-4a54-4643-8427-8625b9ee6dbf@group-765CE0DD5138-LeaderElection152
2024-08-15 10:20:12,631 [2c076085-4a54-4643-8427-8625b9ee6dbf@group-765CE0DD5138-LeaderElection152] INFO  server.RaftServer$Division (RaftServerImpl.java:setRole(376)) - 2c076085-4a54-4643-8427-8625b9ee6dbf@group-765CE0DD5138: changes role from CANDIDATE to LEADER at term 1 for changeToLeader
2024-08-15 10:20:12,631 [2c076085-4a54-4643-8427-8625b9ee6dbf@group-765CE0DD5138-LeaderElection152] INFO  server.RaftServerConfigKeys (ConfUtils.java:logGet(46)) - raft.server.staging.catchup.gap = 1000 (default)
2024-08-15 10:20:12,631 [2c076085-4a54-4643-8427-8625b9ee6dbf@group-765CE0DD5138-LeaderElection152] INFO  server.RaftServerConfigKeys (ConfUtils.java:logGet(46)) - raft.server.write.element-limit = 1024 (custom)
2024-08-15 10:20:12,631 [2c076085-4a54-4643-8427-8625b9ee6dbf@group-765CE0DD5138-LeaderElection152] INFO  server.RaftServerConfigKeys (ConfUtils.java:logGet(46)) - raft.server.write.byte-limit = 1024 M (=1073741824) (custom)
2024-08-15 10:20:12,631 [2c076085-4a54-4643-8427-8625b9ee6dbf@group-765CE0DD5138-LeaderElection152] INFO  server.RaftServerConfigKeys (ConfUtils.java:logGet(46)) - raft.server.watch.timeout = 3000ms (custom)
2024-08-15 10:20:12,631 [2c076085-4a54-4643-8427-8625b9ee6dbf@group-765CE0DD5138-LeaderElection152] INFO  server.RaftServerConfigKeys (ConfUtils.java:logGet(46)) - raft.server.watch.timeout.denomination = 1s (default)
2024-08-15 10:20:12,632 [2c076085-4a54-4643-8427-8625b9ee6dbf@group-765CE0DD5138-LeaderElection152] INFO  server.RaftServerConfigKeys (ConfUtils.java:logGet(46)) - raft.server.watch.element-limit = 65536 (default)
2024-08-15 10:20:12,632 [2c076085-4a54-4643-8427-8625b9ee6dbf@group-765CE0DD5138-LeaderElection152] INFO  server.RaftServerConfigKeys (ConfUtils.java:logGet(46)) - raft.server.read.leader.lease.enabled = false (default)
2024-08-15 10:20:12,632 [2c076085-4a54-4643-8427-8625b9ee6dbf@group-765CE0DD5138-LeaderElection152] INFO  server.RaftServerConfigKeys (ConfUtils.java:logGet(46)) - raft.server.read.leader.lease.timeout.ratio = 0.9 (default)
2024-08-15 10:20:12,632 [2c076085-4a54-4643-8427-8625b9ee6dbf@group-765CE0DD5138-LeaderElection152] INFO  server.RaftServerConfigKeys (ConfUtils.java:logGet(46)) - raft.server.rpc.timeout.min = 5s (custom)
2024-08-15 10:20:12,632 [2c076085-4a54-4643-8427-8625b9ee6dbf@group-765CE0DD5138-LeaderElection152] INFO  server.RaftServerConfigKeys (ConfUtils.java:logGet(46)) - raft.server.log.log-metadata.enabled = true (default)
2024-08-15 10:20:12,632 [2c076085-4a54-4643-8427-8625b9ee6dbf@group-765CE0DD5138-LeaderElection152] INFO  server.RaftServerConfigKeys (ConfUtils.java:logGet(46)) - raft.server.write.element-limit = 1024 (custom)
2024-08-15 10:20:12,633 [2c076085-4a54-4643-8427-8625b9ee6dbf@group-765CE0DD5138-LeaderElection152] INFO  server.RaftServerConfigKeys (ConfUtils.java:logGet(46)) - raft.server.write.follower.gap.ratio.max = -1.0 (default)
2024-08-15 10:20:12,633 [2c076085-4a54-4643-8427-8625b9ee6dbf@group-765CE0DD5138-LeaderElection152] INFO  impl.RoleInfo (RoleInfo.java:updateAndGet(148)) - 2c076085-4a54-4643-8427-8625b9ee6dbf: start 2c076085-4a54-4643-8427-8625b9ee6dbf@group-765CE0DD5138-LeaderStateImpl
2024-08-15 10:20:12,633 [2c076085-4a54-4643-8427-8625b9ee6dbf@group-765CE0DD5138-LeaderElection152] INFO  server.RaftServer$Division (RaftServerImpl.java:setFirstElection(549)) - 2c076085-4a54-4643-8427-8625b9ee6dbf@group-765CE0DD5138: set firstElectionSinceStartup to false for becomeLeader
2024-08-15 10:20:12,633 [2c076085-4a54-4643-8427-8625b9ee6dbf@group-765CE0DD5138-LeaderElection152] INFO  ratis.XceiverServerRatis (XceiverServerRatis.java:handleLeaderChangedNotification(951)) - Leader change notification received for group: group-765CE0DD5138 with new leaderId: 2c076085-4a54-4643-8427-8625b9ee6dbf
2024-08-15 10:20:12,633 [2c076085-4a54-4643-8427-8625b9ee6dbf@group-765CE0DD5138-LeaderElection152] INFO  server.RaftServer$Division (ServerState.java:setLeader(272)) - 2c076085-4a54-4643-8427-8625b9ee6dbf@group-765CE0DD5138: change Leader from null to 2c076085-4a54-4643-8427-8625b9ee6dbf at term 1 for becomeLeader, leader elected after 5097ms
2024-08-15 10:20:12,633 [2c076085-4a54-4643-8427-8625b9ee6dbf@group-765CE0DD5138-LeaderElection152] INFO  segmented.SegmentedRaftLogWorker (SegmentedRaftLogWorker.java:startLogSegment(433)) - 2c076085-4a54-4643-8427-8625b9ee6dbf@group-765CE0DD5138-SegmentedRaftLogWorker: Starting segment from index:0
2024-08-15 10:20:12,634 [2c076085-4a54-4643-8427-8625b9ee6dbf@group-765CE0DD5138-LeaderElection152] INFO  server.RaftServer$Division (ServerState.java:setRaftConf(386)) - 2c076085-4a54-4643-8427-8625b9ee6dbf@group-765CE0DD5138: set configuration conf: {index: 0, cur=peers:[2c076085-4a54-4643-8427-8625b9ee6dbf|127.0.0.1:15595]|listeners:[], old=null}
2024-08-15 10:20:12,634 [EventQueue-OpenPipelineForHealthyPipelineSafeModeRule] INFO  safemode.SCMSafeModeManager (HealthyPipelineSafeModeRule.java:process(140)) - SCM in safe mode. Healthy pipelines reported count is 0, required healthy pipeline reported count is 1
2024-08-15 10:20:12,634 [2c076085-4a54-4643-8427-8625b9ee6dbf@group-765CE0DD5138-SegmentedRaftLogWorker] INFO  segmented.BufferedWriteChannel (BufferedWriteChannel.java:open(61)) - open log_inprogress_0 at position 0
2024-08-15 10:20:12,643 [2c076085-4a54-4643-8427-8625b9ee6dbf@group-765CE0DD5138-SegmentedRaftLogWorker] INFO  segmented.SegmentedRaftLogWorker (SegmentedRaftLogWorker.java:execute(637)) - 2c076085-4a54-4643-8427-8625b9ee6dbf@group-765CE0DD5138-SegmentedRaftLogWorker: created new log segment /home/runner/work/ozone/ozone/hadoop-ozone/integration-test/target/test-dir/MiniOzoneClusterImpl-4fe7c5bf-ca33-4415-93e0-e252006dfa59/ozone-meta/datanode-1/ratis/00e62d00-e01e-4f85-b9d2-765ce0dd5138/current/log_inprogress_0
2024-08-15 10:20:12,645 [2c076085-4a54-4643-8427-8625b9ee6dbf@group-765CE0DD5138-StateMachineUpdater] INFO  server.RaftServer$Division (LeaderStateImpl.java:checkStartIndex(316)) - Leader 2c076085-4a54-4643-8427-8625b9ee6dbf@group-765CE0DD5138-LeaderStateImpl is ready since appliedIndex == startIndex == 0
2024-08-15 10:20:12,696 [298890a6-3c3b-4de0-a9db-67f24322077e@group-F226EF581AA3-FollowerState] INFO  impl.FollowerState (FollowerState.java:run(144)) - 298890a6-3c3b-4de0-a9db-67f24322077e@group-F226EF581AA3-FollowerState: change to CANDIDATE, lastRpcElapsedTime:5104610526ns, electionTimeout:5104ms
2024-08-15 10:20:12,696 [298890a6-3c3b-4de0-a9db-67f24322077e@group-F226EF581AA3-FollowerState] INFO  impl.RoleInfo (RoleInfo.java:shutdownFollowerState(119)) - 298890a6-3c3b-4de0-a9db-67f24322077e: shutdown 298890a6-3c3b-4de0-a9db-67f24322077e@group-F226EF581AA3-FollowerState
2024-08-15 10:20:12,696 [298890a6-3c3b-4de0-a9db-67f24322077e@group-F226EF581AA3-FollowerState] INFO  server.RaftServer$Division (RaftServerImpl.java:setRole(376)) - 298890a6-3c3b-4de0-a9db-67f24322077e@group-F226EF581AA3: changes role from  FOLLOWER to CANDIDATE at term 0 for changeToCandidate
2024-08-15 10:20:12,697 [298890a6-3c3b-4de0-a9db-67f24322077e@group-F226EF581AA3-FollowerState] INFO  server.RaftServerConfigKeys (ConfUtils.java:logGet(46)) - raft.server.leaderelection.pre-vote = true (default)
2024-08-15 10:20:12,697 [298890a6-3c3b-4de0-a9db-67f24322077e@group-F226EF581AA3-FollowerState] INFO  impl.RoleInfo (RoleInfo.java:updateAndGet(148)) - 298890a6-3c3b-4de0-a9db-67f24322077e: start 298890a6-3c3b-4de0-a9db-67f24322077e@group-F226EF581AA3-LeaderElection153
2024-08-15 10:20:12,697 [298890a6-3c3b-4de0-a9db-67f24322077e@group-F226EF581AA3-LeaderElection153] INFO  impl.LeaderElection (LeaderElection.java:askForVotes(321)) - 298890a6-3c3b-4de0-a9db-67f24322077e@group-F226EF581AA3-LeaderElection153 PRE_VOTE round 0: submit vote requests at term 0 for conf: {index: -1, cur=peers:[2c076085-4a54-4643-8427-8625b9ee6dbf|127.0.0.1:15595, 298890a6-3c3b-4de0-a9db-67f24322077e|127.0.0.1:15613, 0825ce75-4a52-449f-9036-c8a968d40eda|127.0.0.1:15604]|listeners:[], old=null}
2024-08-15 10:20:12,697 [298890a6-3c3b-4de0-a9db-67f24322077e@group-F226EF581AA3-LeaderElection153-1] INFO  server.GrpcServerProtocolClient (GrpcServerProtocolClient.java:<init>(65)) - Build channel for 2c076085-4a54-4643-8427-8625b9ee6dbf|127.0.0.1:15595
2024-08-15 10:20:12,697 [298890a6-3c3b-4de0-a9db-67f24322077e@group-F226EF581AA3-LeaderElection153-2] INFO  server.GrpcServerProtocolClient (GrpcServerProtocolClient.java:<init>(65)) - Build channel for 0825ce75-4a52-449f-9036-c8a968d40eda|127.0.0.1:15604
2024-08-15 10:20:12,697 [298890a6-3c3b-4de0-a9db-67f24322077e@group-F226EF581AA3-LeaderElection153] INFO  server.RaftServerConfigKeys (ConfUtils.java:logFallback(53)) - raft.server.rpc.first-election.timeout.min = 5s (fallback to raft.server.rpc.timeout.min)
2024-08-15 10:20:12,698 [298890a6-3c3b-4de0-a9db-67f24322077e@group-F226EF581AA3-LeaderElection153] INFO  server.RaftServerConfigKeys (ConfUtils.java:logFallback(53)) - raft.server.rpc.first-election.timeout.max = 5200ms (fallback to raft.server.rpc.timeout.max)
2024-08-15 10:20:12,700 [grpc-default-executor-0] INFO  server.RaftServer$Division (RaftServerImpl.java:requestVote(1416)) - 0825ce75-4a52-449f-9036-c8a968d40eda@group-F226EF581AA3: receive requestVote(PRE_VOTE, 298890a6-3c3b-4de0-a9db-67f24322077e, group-F226EF581AA3, 0, (t:0, i:0))
2024-08-15 10:20:12,700 [grpc-default-executor-6] INFO  server.RaftServer$Division (RaftServerImpl.java:requestVote(1416)) - 2c076085-4a54-4643-8427-8625b9ee6dbf@group-F226EF581AA3: receive requestVote(PRE_VOTE, 298890a6-3c3b-4de0-a9db-67f24322077e, group-F226EF581AA3, 0, (t:0, i:0))
2024-08-15 10:20:12,700 [grpc-default-executor-0] INFO  impl.VoteContext (VoteContext.java:log(49)) - 0825ce75-4a52-449f-9036-c8a968d40eda@group-F226EF581AA3-FOLLOWER: accept PRE_VOTE from 298890a6-3c3b-4de0-a9db-67f24322077e: our priority 0 <= candidate's priority 1
2024-08-15 10:20:12,701 [grpc-default-executor-6] INFO  impl.VoteContext (VoteContext.java:log(49)) - 2c076085-4a54-4643-8427-8625b9ee6dbf@group-F226EF581AA3-FOLLOWER: accept PRE_VOTE from 298890a6-3c3b-4de0-a9db-67f24322077e: our priority 0 <= candidate's priority 1
2024-08-15 10:20:12,701 [grpc-default-executor-0] INFO  server.RaftServer$Division (RaftServerImpl.java:requestVote(1449)) - 0825ce75-4a52-449f-9036-c8a968d40eda@group-F226EF581AA3 replies to PRE_VOTE vote request: 298890a6-3c3b-4de0-a9db-67f24322077e<-0825ce75-4a52-449f-9036-c8a968d40eda#0:OK-t0. Peer's state: 0825ce75-4a52-449f-9036-c8a968d40eda@group-F226EF581AA3:t0, leader=null, voted=, raftlog=Memoized:0825ce75-4a52-449f-9036-c8a968d40eda@group-F226EF581AA3-SegmentedRaftLog:OPENED:c-1:lastnull, conf=conf: {index: -1, cur=peers:[2c076085-4a54-4643-8427-8625b9ee6dbf|127.0.0.1:15595, 298890a6-3c3b-4de0-a9db-67f24322077e|127.0.0.1:15613, 0825ce75-4a52-449f-9036-c8a968d40eda|127.0.0.1:15604]|listeners:[], old=null}
2024-08-15 10:20:12,701 [grpc-default-executor-6] INFO  server.RaftServer$Division (RaftServerImpl.java:requestVote(1449)) - 2c076085-4a54-4643-8427-8625b9ee6dbf@group-F226EF581AA3 replies to PRE_VOTE vote request: 298890a6-3c3b-4de0-a9db-67f24322077e<-2c076085-4a54-4643-8427-8625b9ee6dbf#0:OK-t0. Peer's state: 2c076085-4a54-4643-8427-8625b9ee6dbf@group-F226EF581AA3:t0, leader=null, voted=, raftlog=Memoized:2c076085-4a54-4643-8427-8625b9ee6dbf@group-F226EF581AA3-SegmentedRaftLog:OPENED:c-1:lastnull, conf=conf: {index: -1, cur=peers:[2c076085-4a54-4643-8427-8625b9ee6dbf|127.0.0.1:15595, 298890a6-3c3b-4de0-a9db-67f24322077e|127.0.0.1:15613, 0825ce75-4a52-449f-9036-c8a968d40eda|127.0.0.1:15604]|listeners:[], old=null}
2024-08-15 10:20:12,702 [298890a6-3c3b-4de0-a9db-67f24322077e@group-F226EF581AA3-LeaderElection153] INFO  impl.LeaderElection (LeaderElection.java:logAndReturn(89)) - 298890a6-3c3b-4de0-a9db-67f24322077e@group-F226EF581AA3-LeaderElection153: PRE_VOTE PASSED received 1 response(s) and 0 exception(s):
2024-08-15 10:20:12,702 [298890a6-3c3b-4de0-a9db-67f24322077e@group-F226EF581AA3-LeaderElection153] INFO  impl.LeaderElection (LeaderElection.java:logAndReturn(93)) -   Response 0: 298890a6-3c3b-4de0-a9db-67f24322077e<-0825ce75-4a52-449f-9036-c8a968d40eda#0:OK-t0
2024-08-15 10:20:12,702 [298890a6-3c3b-4de0-a9db-67f24322077e@group-F226EF581AA3-LeaderElection153] INFO  impl.LeaderElection (LeaderElection.java:askForVotes(323)) - 298890a6-3c3b-4de0-a9db-67f24322077e@group-F226EF581AA3-LeaderElection153 PRE_VOTE round 0: result PASSED
2024-08-15 10:20:12,703 [0825ce75-4a52-449f-9036-c8a968d40eda@group-F226EF581AA3-FollowerState] INFO  server.RaftServerConfigKeys (ConfUtils.java:logFallback(53)) - raft.server.rpc.first-election.timeout.min = 5s (fallback to raft.server.rpc.timeout.min)
2024-08-15 10:20:12,703 [0825ce75-4a52-449f-9036-c8a968d40eda@group-F226EF581AA3-FollowerState] INFO  server.RaftServerConfigKeys (ConfUtils.java:logFallback(53)) - raft.server.rpc.first-election.timeout.max = 5200ms (fallback to raft.server.rpc.timeout.max)
2024-08-15 10:20:12,704 [298890a6-3c3b-4de0-a9db-67f24322077e@group-F226EF581AA3-LeaderElection153] INFO  impl.LeaderElection (LeaderElection.java:askForVotes(321)) - 298890a6-3c3b-4de0-a9db-67f24322077e@group-F226EF581AA3-LeaderElection153 ELECTION round 0: submit vote requests at term 1 for conf: {index: -1, cur=peers:[2c076085-4a54-4643-8427-8625b9ee6dbf|127.0.0.1:15595, 298890a6-3c3b-4de0-a9db-67f24322077e|127.0.0.1:15613, 0825ce75-4a52-449f-9036-c8a968d40eda|127.0.0.1:15604]|listeners:[], old=null}
2024-08-15 10:20:12,704 [298890a6-3c3b-4de0-a9db-67f24322077e@group-F226EF581AA3-LeaderElection153] INFO  server.RaftServerConfigKeys (ConfUtils.java:logFallback(53)) - raft.server.rpc.first-election.timeout.min = 5s (fallback to raft.server.rpc.timeout.min)
2024-08-15 10:20:12,704 [298890a6-3c3b-4de0-a9db-67f24322077e@group-F226EF581AA3-LeaderElection153] INFO  server.RaftServerConfigKeys (ConfUtils.java:logFallback(53)) - raft.server.rpc.first-election.timeout.max = 5200ms (fallback to raft.server.rpc.timeout.max)
2024-08-15 10:20:12,705 [grpc-default-executor-6] INFO  server.RaftServer$Division (RaftServerImpl.java:requestVote(1416)) - 2c076085-4a54-4643-8427-8625b9ee6dbf@group-F226EF581AA3: receive requestVote(ELECTION, 298890a6-3c3b-4de0-a9db-67f24322077e, group-F226EF581AA3, 1, (t:0, i:0))
2024-08-15 10:20:12,705 [grpc-default-executor-6] INFO  impl.VoteContext (VoteContext.java:log(49)) - 2c076085-4a54-4643-8427-8625b9ee6dbf@group-F226EF581AA3-FOLLOWER: accept ELECTION from 298890a6-3c3b-4de0-a9db-67f24322077e: our priority 0 <= candidate's priority 1
2024-08-15 10:20:12,705 [grpc-default-executor-6] INFO  server.RaftServer$Division (RaftServerImpl.java:setRole(376)) - 2c076085-4a54-4643-8427-8625b9ee6dbf@group-F226EF581AA3: changes role from  FOLLOWER to FOLLOWER at term 1 for candidate:298890a6-3c3b-4de0-a9db-67f24322077e
2024-08-15 10:20:12,705 [grpc-default-executor-6] INFO  impl.RoleInfo (RoleInfo.java:shutdownFollowerState(119)) - 2c076085-4a54-4643-8427-8625b9ee6dbf: shutdown 2c076085-4a54-4643-8427-8625b9ee6dbf@group-F226EF581AA3-FollowerState
2024-08-15 10:20:12,705 [grpc-default-executor-6] INFO  impl.RoleInfo (RoleInfo.java:updateAndGet(148)) - 2c076085-4a54-4643-8427-8625b9ee6dbf: start 2c076085-4a54-4643-8427-8625b9ee6dbf@group-F226EF581AA3-FollowerState
2024-08-15 10:20:12,705 [2c076085-4a54-4643-8427-8625b9ee6dbf@group-F226EF581AA3-FollowerState] INFO  impl.FollowerState (FollowerState.java:run(153)) - 2c076085-4a54-4643-8427-8625b9ee6dbf@group-F226EF581AA3-FollowerState was interrupted
2024-08-15 10:20:12,705 [grpc-default-executor-6] INFO  server.RaftServer$Division (RaftServerImpl.java:setFirstElection(549)) - 2c076085-4a54-4643-8427-8625b9ee6dbf@group-F226EF581AA3: set firstElectionSinceStartup to false for candidate:298890a6-3c3b-4de0-a9db-67f24322077e
2024-08-15 10:20:12,706 [grpc-default-executor-0] INFO  server.RaftServer$Division (RaftServerImpl.java:requestVote(1416)) - 0825ce75-4a52-449f-9036-c8a968d40eda@group-F226EF581AA3: receive requestVote(ELECTION, 298890a6-3c3b-4de0-a9db-67f24322077e, group-F226EF581AA3, 1, (t:0, i:0))
2024-08-15 10:20:12,706 [grpc-default-executor-0] INFO  impl.VoteContext (VoteContext.java:log(49)) - 0825ce75-4a52-449f-9036-c8a968d40eda@group-F226EF581AA3-FOLLOWER: accept ELECTION from 298890a6-3c3b-4de0-a9db-67f24322077e: our priority 0 <= candidate's priority 1
2024-08-15 10:20:12,706 [grpc-default-executor-0] INFO  server.RaftServer$Division (RaftServerImpl.java:setRole(376)) - 0825ce75-4a52-449f-9036-c8a968d40eda@group-F226EF581AA3: changes role from  FOLLOWER to FOLLOWER at term 1 for candidate:298890a6-3c3b-4de0-a9db-67f24322077e
2024-08-15 10:20:12,706 [grpc-default-executor-0] INFO  impl.RoleInfo (RoleInfo.java:shutdownFollowerState(119)) - 0825ce75-4a52-449f-9036-c8a968d40eda: shutdown 0825ce75-4a52-449f-9036-c8a968d40eda@group-F226EF581AA3-FollowerState
2024-08-15 10:20:12,706 [grpc-default-executor-0] INFO  impl.RoleInfo (RoleInfo.java:updateAndGet(148)) - 0825ce75-4a52-449f-9036-c8a968d40eda: start 0825ce75-4a52-449f-9036-c8a968d40eda@group-F226EF581AA3-FollowerState
2024-08-15 10:20:12,706 [0825ce75-4a52-449f-9036-c8a968d40eda@group-F226EF581AA3-FollowerState] INFO  impl.FollowerState (FollowerState.java:run(153)) - 0825ce75-4a52-449f-9036-c8a968d40eda@group-F226EF581AA3-FollowerState was interrupted
2024-08-15 10:20:12,706 [grpc-default-executor-0] INFO  server.RaftServer$Division (RaftServerImpl.java:setFirstElection(549)) - 0825ce75-4a52-449f-9036-c8a968d40eda@group-F226EF581AA3: set firstElectionSinceStartup to false for candidate:298890a6-3c3b-4de0-a9db-67f24322077e
2024-08-15 10:20:12,707 [grpc-default-executor-6] INFO  server.RaftServer$Division (RaftServerImpl.java:requestVote(1449)) - 2c076085-4a54-4643-8427-8625b9ee6dbf@group-F226EF581AA3 replies to ELECTION vote request: 298890a6-3c3b-4de0-a9db-67f24322077e<-2c076085-4a54-4643-8427-8625b9ee6dbf#0:OK-t1. Peer's state: 2c076085-4a54-4643-8427-8625b9ee6dbf@group-F226EF581AA3:t1, leader=null, voted=298890a6-3c3b-4de0-a9db-67f24322077e, raftlog=Memoized:2c076085-4a54-4643-8427-8625b9ee6dbf@group-F226EF581AA3-SegmentedRaftLog:OPENED:c-1:lastnull, conf=conf: {index: -1, cur=peers:[2c076085-4a54-4643-8427-8625b9ee6dbf|127.0.0.1:15595, 298890a6-3c3b-4de0-a9db-67f24322077e|127.0.0.1:15613, 0825ce75-4a52-449f-9036-c8a968d40eda|127.0.0.1:15604]|listeners:[], old=null}
2024-08-15 10:20:12,707 [grpc-default-executor-0] INFO  server.RaftServer$Division (RaftServerImpl.java:requestVote(1449)) - 0825ce75-4a52-449f-9036-c8a968d40eda@group-F226EF581AA3 replies to ELECTION vote request: 298890a6-3c3b-4de0-a9db-67f24322077e<-0825ce75-4a52-449f-9036-c8a968d40eda#0:OK-t1. Peer's state: 0825ce75-4a52-449f-9036-c8a968d40eda@group-F226EF581AA3:t1, leader=null, voted=298890a6-3c3b-4de0-a9db-67f24322077e, raftlog=Memoized:0825ce75-4a52-449f-9036-c8a968d40eda@group-F226EF581AA3-SegmentedRaftLog:OPENED:c-1:lastnull, conf=conf: {index: -1, cur=peers:[2c076085-4a54-4643-8427-8625b9ee6dbf|127.0.0.1:15595, 298890a6-3c3b-4de0-a9db-67f24322077e|127.0.0.1:15613, 0825ce75-4a52-449f-9036-c8a968d40eda|127.0.0.1:15604]|listeners:[], old=null}
2024-08-15 10:20:12,709 [298890a6-3c3b-4de0-a9db-67f24322077e@group-F226EF581AA3-LeaderElection153] INFO  impl.LeaderElection (LeaderElection.java:logAndReturn(89)) - 298890a6-3c3b-4de0-a9db-67f24322077e@group-F226EF581AA3-LeaderElection153: ELECTION PASSED received 1 response(s) and 0 exception(s):
2024-08-15 10:20:12,709 [298890a6-3c3b-4de0-a9db-67f24322077e@group-F226EF581AA3-LeaderElection153] INFO  impl.LeaderElection (LeaderElection.java:logAndReturn(93)) -   Response 0: 298890a6-3c3b-4de0-a9db-67f24322077e<-2c076085-4a54-4643-8427-8625b9ee6dbf#0:OK-t1
2024-08-15 10:20:12,709 [298890a6-3c3b-4de0-a9db-67f24322077e@group-F226EF581AA3-LeaderElection153] INFO  impl.LeaderElection (LeaderElection.java:askForVotes(323)) - 298890a6-3c3b-4de0-a9db-67f24322077e@group-F226EF581AA3-LeaderElection153 ELECTION round 0: result PASSED
2024-08-15 10:20:12,710 [298890a6-3c3b-4de0-a9db-67f24322077e@group-F226EF581AA3-LeaderElection153] INFO  impl.RoleInfo (RoleInfo.java:shutdownLeaderElection(139)) - 298890a6-3c3b-4de0-a9db-67f24322077e: shutdown 298890a6-3c3b-4de0-a9db-67f24322077e@group-F226EF581AA3-LeaderElection153
2024-08-15 10:20:12,710 [298890a6-3c3b-4de0-a9db-67f24322077e@group-F226EF581AA3-LeaderElection153] INFO  server.RaftServer$Division (RaftServerImpl.java:setRole(376)) - 298890a6-3c3b-4de0-a9db-67f24322077e@group-F226EF581AA3: changes role from CANDIDATE to LEADER at term 1 for changeToLeader
2024-08-15 10:20:12,710 [298890a6-3c3b-4de0-a9db-67f24322077e@group-F226EF581AA3-LeaderElection153] INFO  server.RaftServerConfigKeys (ConfUtils.java:logGet(46)) - raft.server.staging.catchup.gap = 1000 (default)
2024-08-15 10:20:12,710 [298890a6-3c3b-4de0-a9db-67f24322077e@group-F226EF581AA3-LeaderElection153] INFO  server.RaftServerConfigKeys (ConfUtils.java:logGet(46)) - raft.server.write.element-limit = 1024 (custom)
2024-08-15 10:20:12,710 [298890a6-3c3b-4de0-a9db-67f24322077e@group-F226EF581AA3-LeaderElection153] INFO  server.RaftServerConfigKeys (ConfUtils.java:logGet(46)) - raft.server.write.byte-limit = 1024 M (=1073741824) (custom)
2024-08-15 10:20:12,711 [298890a6-3c3b-4de0-a9db-67f24322077e@group-F226EF581AA3-LeaderElection153] INFO  server.RaftServerConfigKeys (ConfUtils.java:logGet(46)) - raft.server.watch.timeout = 3000ms (custom)
2024-08-15 10:20:12,711 [298890a6-3c3b-4de0-a9db-67f24322077e@group-F226EF581AA3-LeaderElection153] INFO  server.RaftServerConfigKeys (ConfUtils.java:logGet(46)) - raft.server.watch.timeout.denomination = 1s (default)
2024-08-15 10:20:12,711 [298890a6-3c3b-4de0-a9db-67f24322077e@group-F226EF581AA3-LeaderElection153] INFO  server.RaftServerConfigKeys (ConfUtils.java:logGet(46)) - raft.server.watch.element-limit = 65536 (default)
2024-08-15 10:20:12,712 [298890a6-3c3b-4de0-a9db-67f24322077e@group-F226EF581AA3-LeaderElection153] INFO  server.RaftServerConfigKeys (ConfUtils.java:logGet(46)) - raft.server.read.leader.lease.enabled = false (default)
2024-08-15 10:20:12,712 [298890a6-3c3b-4de0-a9db-67f24322077e@group-F226EF581AA3-LeaderElection153] INFO  server.RaftServerConfigKeys (ConfUtils.java:logGet(46)) - raft.server.read.leader.lease.timeout.ratio = 0.9 (default)
2024-08-15 10:20:12,712 [298890a6-3c3b-4de0-a9db-67f24322077e@group-F226EF581AA3-LeaderElection153] INFO  server.RaftServerConfigKeys (ConfUtils.java:logGet(46)) - raft.server.rpc.timeout.min = 5s (custom)
2024-08-15 10:20:12,712 [298890a6-3c3b-4de0-a9db-67f24322077e@group-F226EF581AA3-LeaderElection153] INFO  server.RaftServerConfigKeys (ConfUtils.java:logGet(46)) - raft.server.log.log-metadata.enabled = true (default)
2024-08-15 10:20:12,712 [298890a6-3c3b-4de0-a9db-67f24322077e@group-F226EF581AA3-LeaderElection153] INFO  server.RaftServerConfigKeys (ConfUtils.java:logGet(46)) - raft.server.write.element-limit = 1024 (custom)
2024-08-15 10:20:12,712 [298890a6-3c3b-4de0-a9db-67f24322077e@group-F226EF581AA3-LeaderElection153] INFO  server.RaftServerConfigKeys (ConfUtils.java:logGet(46)) - raft.server.write.follower.gap.ratio.max = -1.0 (default)
2024-08-15 10:20:12,713 [298890a6-3c3b-4de0-a9db-67f24322077e@group-F226EF581AA3-LeaderElection153] INFO  server.RaftServerConfigKeys (ConfUtils.java:logGet(46)) - raft.server.log.appender.snapshot.chunk.size.max = 16MB (=16777216) (default)
2024-08-15 10:20:12,713 [298890a6-3c3b-4de0-a9db-67f24322077e@group-F226EF581AA3-LeaderElection153] INFO  server.RaftServerConfigKeys (ConfUtils.java:logGet(46)) - raft.server.log.appender.buffer.byte-limit = 8388608 (custom)
2024-08-15 10:20:12,713 [298890a6-3c3b-4de0-a9db-67f24322077e@group-F226EF581AA3-LeaderElection153] INFO  server.RaftServerConfigKeys (ConfUtils.java:logGet(46)) - raft.server.log.appender.buffer.element-limit = 1024 (custom)
2024-08-15 10:20:12,714 [298890a6-3c3b-4de0-a9db-67f24322077e@group-F226EF581AA3-LeaderElection153] INFO  server.RaftServerConfigKeys (ConfUtils.java:logGet(46)) - raft.server.log.appender.wait-time.min = 0ms (custom)
2024-08-15 10:20:12,714 [298890a6-3c3b-4de0-a9db-67f24322077e@group-F226EF581AA3-LeaderElection153] INFO  grpc.GrpcConfigKeys (ConfUtils.java:logGet(46)) - raft.grpc.server.leader.outstanding.appends.max = 8 (default)
2024-08-15 10:20:12,714 [298890a6-3c3b-4de0-a9db-67f24322077e@group-F226EF581AA3-LeaderElection153] INFO  server.RaftServerConfigKeys (ConfUtils.java:logGet(46)) - raft.server.rpc.request.timeout = 3000ms (default)
2024-08-15 10:20:12,714 [298890a6-3c3b-4de0-a9db-67f24322077e@group-F226EF581AA3-LeaderElection153] INFO  grpc.GrpcConfigKeys (ConfUtils.java:logGet(46)) - raft.grpc.server.install_snapshot.request.element-limit = 8 (default)
2024-08-15 10:20:12,714 [298890a6-3c3b-4de0-a9db-67f24322077e@group-F226EF581AA3-LeaderElection153] INFO  grpc.GrpcConfigKeys (ConfUtils.java:logGet(46)) - raft.grpc.server.install_snapshot.request.timeout = 3000ms (default)
2024-08-15 10:20:12,714 [298890a6-3c3b-4de0-a9db-67f24322077e@group-F226EF581AA3-LeaderElection153] INFO  grpc.GrpcConfigKeys (ConfUtils.java:logGet(46)) - raft.grpc.server.log-message.batch.duration = 5s (default)
2024-08-15 10:20:12,714 [298890a6-3c3b-4de0-a9db-67f24322077e@group-F226EF581AA3-LeaderElection153] INFO  server.RaftServerConfigKeys (ConfUtils.java:logGet(46)) - raft.server.log.appender.install.snapshot.enabled = false (custom)
2024-08-15 10:20:12,714 [298890a6-3c3b-4de0-a9db-67f24322077e@group-F226EF581AA3-LeaderElection153] INFO  grpc.GrpcConfigKeys (ConfUtils.java:logGet(46)) - raft.grpc.server.heartbeat.channel = true (default)
2024-08-15 10:20:12,716 [298890a6-3c3b-4de0-a9db-67f24322077e@group-F226EF581AA3-LeaderElection153] INFO  server.RaftServerConfigKeys (ConfUtils.java:logGet(46)) - raft.server.log.appender.snapshot.chunk.size.max = 16MB (=16777216) (default)
2024-08-15 10:20:12,716 [298890a6-3c3b-4de0-a9db-67f24322077e@group-F226EF581AA3-LeaderElection153] INFO  server.RaftServerConfigKeys (ConfUtils.java:logGet(46)) - raft.server.log.appender.buffer.byte-limit = 8388608 (custom)
2024-08-15 10:20:12,716 [298890a6-3c3b-4de0-a9db-67f24322077e@group-F226EF581AA3-LeaderElection153] INFO  server.RaftServerConfigKeys (ConfUtils.java:logGet(46)) - raft.server.log.appender.buffer.element-limit = 1024 (custom)
2024-08-15 10:20:12,716 [298890a6-3c3b-4de0-a9db-67f24322077e@group-F226EF581AA3-LeaderElection153] INFO  server.RaftServerConfigKeys (ConfUtils.java:logGet(46)) - raft.server.log.appender.wait-time.min = 0ms (custom)
2024-08-15 10:20:12,716 [298890a6-3c3b-4de0-a9db-67f24322077e@group-F226EF581AA3-LeaderElection153] INFO  grpc.GrpcConfigKeys (ConfUtils.java:logGet(46)) - raft.grpc.server.leader.outstanding.appends.max = 8 (default)
2024-08-15 10:20:12,716 [298890a6-3c3b-4de0-a9db-67f24322077e@group-F226EF581AA3-LeaderElection153] INFO  server.RaftServerConfigKeys (ConfUtils.java:logGet(46)) - raft.server.rpc.request.timeout = 3000ms (default)
2024-08-15 10:20:12,716 [298890a6-3c3b-4de0-a9db-67f24322077e@group-F226EF581AA3-LeaderElection153] INFO  grpc.GrpcConfigKeys (ConfUtils.java:logGet(46)) - raft.grpc.server.install_snapshot.request.element-limit = 8 (default)
2024-08-15 10:20:12,716 [298890a6-3c3b-4de0-a9db-67f24322077e@group-F226EF581AA3-LeaderElection153] INFO  grpc.GrpcConfigKeys (ConfUtils.java:logGet(46)) - raft.grpc.server.install_snapshot.request.timeout = 3000ms (default)
2024-08-15 10:20:12,717 [298890a6-3c3b-4de0-a9db-67f24322077e@group-F226EF581AA3-LeaderElection153] INFO  grpc.GrpcConfigKeys (ConfUtils.java:logGet(46)) - raft.grpc.server.log-message.batch.duration = 5s (default)
2024-08-15 10:20:12,717 [298890a6-3c3b-4de0-a9db-67f24322077e@group-F226EF581AA3-LeaderElection153] INFO  server.RaftServerConfigKeys (ConfUtils.java:logGet(46)) - raft.server.log.appender.install.snapshot.enabled = false (custom)
2024-08-15 10:20:12,717 [298890a6-3c3b-4de0-a9db-67f24322077e@group-F226EF581AA3-LeaderElection153] INFO  grpc.GrpcConfigKeys (ConfUtils.java:logGet(46)) - raft.grpc.server.heartbeat.channel = true (default)
2024-08-15 10:20:12,717 [298890a6-3c3b-4de0-a9db-67f24322077e@group-F226EF581AA3-LeaderElection153] INFO  impl.RoleInfo (RoleInfo.java:updateAndGet(148)) - 298890a6-3c3b-4de0-a9db-67f24322077e: start 298890a6-3c3b-4de0-a9db-67f24322077e@group-F226EF581AA3-LeaderStateImpl
2024-08-15 10:20:12,717 [298890a6-3c3b-4de0-a9db-67f24322077e@group-F226EF581AA3-LeaderElection153] INFO  server.RaftServer$Division (RaftServerImpl.java:setFirstElection(549)) - 298890a6-3c3b-4de0-a9db-67f24322077e@group-F226EF581AA3: set firstElectionSinceStartup to false for becomeLeader
2024-08-15 10:20:12,717 [298890a6-3c3b-4de0-a9db-67f24322077e@group-F226EF581AA3-LeaderElection153] INFO  ratis.XceiverServerRatis (XceiverServerRatis.java:handleLeaderChangedNotification(951)) - Leader change notification received for group: group-F226EF581AA3 with new leaderId: 298890a6-3c3b-4de0-a9db-67f24322077e
2024-08-15 10:20:12,717 [298890a6-3c3b-4de0-a9db-67f24322077e@group-F226EF581AA3-LeaderElection153] INFO  server.RaftServer$Division (ServerState.java:setLeader(272)) - 298890a6-3c3b-4de0-a9db-67f24322077e@group-F226EF581AA3: change Leader from null to 298890a6-3c3b-4de0-a9db-67f24322077e at term 1 for becomeLeader, leader elected after 5140ms
2024-08-15 10:20:12,717 [298890a6-3c3b-4de0-a9db-67f24322077e@group-F226EF581AA3-LeaderElection153] INFO  segmented.SegmentedRaftLogWorker (SegmentedRaftLogWorker.java:startLogSegment(433)) - 298890a6-3c3b-4de0-a9db-67f24322077e@group-F226EF581AA3-SegmentedRaftLogWorker: Starting segment from index:0
2024-08-15 10:20:12,718 [298890a6-3c3b-4de0-a9db-67f24322077e@group-F226EF581AA3-LeaderElection153] INFO  server.RaftServer$Division (ServerState.java:setRaftConf(386)) - 298890a6-3c3b-4de0-a9db-67f24322077e@group-F226EF581AA3: set configuration conf: {index: 0, cur=peers:[2c076085-4a54-4643-8427-8625b9ee6dbf|127.0.0.1:15595, 298890a6-3c3b-4de0-a9db-67f24322077e|127.0.0.1:15613, 0825ce75-4a52-449f-9036-c8a968d40eda|127.0.0.1:15604]|listeners:[], old=null}
2024-08-15 10:20:12,718 [298890a6-3c3b-4de0-a9db-67f24322077e@group-F226EF581AA3-SegmentedRaftLogWorker] INFO  segmented.BufferedWriteChannel (BufferedWriteChannel.java:open(61)) - open log_inprogress_0 at position 0
2024-08-15 10:20:12,718 [EventQueue-PipelineReportForPipelineReportHandler] INFO  pipeline.PipelineReportHandler (PipelineReportHandler.java:processPipelineReport(136)) - Opened pipeline PipelineID=81b02960-be57-4a48-af10-f226ef581aa3
2024-08-15 10:20:12,718 [EventQueue-OpenPipelineForHealthyPipelineSafeModeRule] INFO  safemode.SCMSafeModeManager (HealthyPipelineSafeModeRule.java:process(140)) - SCM in safe mode. Healthy pipelines reported count is 1, required healthy pipeline reported count is 1
2024-08-15 10:20:12,718 [EventQueue-OpenPipelineForHealthyPipelineSafeModeRule] INFO  safemode.SCMSafeModeManager (SCMSafeModeManager.java:validateSafeModeExitRules(203)) - HealthyPipelineSafeModeRule rule is successfully validated
2024-08-15 10:20:12,718 [EventQueue-OpenPipelineForHealthyPipelineSafeModeRule] INFO  safemode.SCMSafeModeManager (SCMSafeModeManager.java:validateSafeModeExitRules(218)) - ScmSafeModeManager, all rules are successfully validated
2024-08-15 10:20:12,718 [EventQueue-OpenPipelineForHealthyPipelineSafeModeRule] INFO  safemode.SCMSafeModeManager (SCMSafeModeManager.java:exitSafeMode(248)) - SCM exiting safe mode.
2024-08-15 10:20:12,719 [EventQueue-OpenPipelineForHealthyPipelineSafeModeRule] INFO  ha.SCMContext (SCMContext.java:updateSafeModeStatus(225)) - Update SafeModeStatus from SafeModeStatus{safeModeStatus=true, preCheckPassed=true} to SafeModeStatus{safeModeStatus=false, preCheckPassed=true}.
2024-08-15 10:20:12,719 [EventQueue-OpenPipelineForHealthyPipelineSafeModeRule] INFO  pipeline.BackgroundPipelineCreator (BackgroundPipelineCreator.java:notifyStatusChanged(258)) - Service BackgroundPipelineCreator transitions to RUNNING.
2024-08-15 10:20:12,719 [EventQueue-OpenPipelineForHealthyPipelineSafeModeRule] INFO  BackgroundPipelineScrubber (BackgroundSCMService.java:notifyStatusChanged(79)) - Service BackgroundPipelineScrubber transitions to RUNNING.
2024-08-15 10:20:12,719 [EventQueue-OpenPipelineForHealthyPipelineSafeModeRule] INFO  ExpiredContainerReplicaOpScrubber (BackgroundSCMService.java:notifyStatusChanged(79)) - Service ExpiredContainerReplicaOpScrubber transitions to RUNNING.
2024-08-15 10:20:12,719 [EventQueue-OpenPipelineForHealthyPipelineSafeModeRule] INFO  block.SCMBlockDeletingService (SCMBlockDeletingService.java:notifyStatusChanged(247)) - notifyStatusChanged:RUNNING
2024-08-15 10:20:12,719 [EventQueue-OpenPipelineForHealthyPipelineSafeModeRule] INFO  replication.ReplicationManager (ReplicationManager.java:notifyStatusChanged(1406)) - Service ReplicationManager transitions to RUNNING.
2024-08-15 10:20:12,719 [EventQueue-OpenPipelineForHealthyPipelineSafeModeRule] WARN  balancer.ContainerBalancer (ContainerBalancer.java:shouldRun(136)) - Could not find persisted configuration for ContainerBalancer when checking if ContainerBalancer should run. ContainerBalancer should not run now.
2024-08-15 10:20:12,721 [2c076085-4a54-4643-8427-8625b9ee6dbf-server-thread1] INFO  ratis.XceiverServerRatis (XceiverServerRatis.java:handleLeaderChangedNotification(951)) - Leader change notification received for group: group-F226EF581AA3 with new leaderId: 298890a6-3c3b-4de0-a9db-67f24322077e
2024-08-15 10:20:12,721 [2c076085-4a54-4643-8427-8625b9ee6dbf-server-thread1] INFO  server.RaftServer$Division (ServerState.java:setLeader(272)) - 2c076085-4a54-4643-8427-8625b9ee6dbf@group-F226EF581AA3: change Leader from null to 298890a6-3c3b-4de0-a9db-67f24322077e at term 1 for appendEntries, leader elected after 5166ms
2024-08-15 10:20:12,722 [2c076085-4a54-4643-8427-8625b9ee6dbf-server-thread2] INFO  server.RaftServer$Division (ServerState.java:setRaftConf(386)) - 2c076085-4a54-4643-8427-8625b9ee6dbf@group-F226EF581AA3: set configuration conf: {index: 0, cur=peers:[2c076085-4a54-4643-8427-8625b9ee6dbf|127.0.0.1:15595, 298890a6-3c3b-4de0-a9db-67f24322077e|127.0.0.1:15613, 0825ce75-4a52-449f-9036-c8a968d40eda|127.0.0.1:15604]|listeners:[], old=null}
2024-08-15 10:20:12,722 [2c076085-4a54-4643-8427-8625b9ee6dbf-server-thread2] INFO  segmented.SegmentedRaftLogWorker (SegmentedRaftLogWorker.java:startLogSegment(433)) - 2c076085-4a54-4643-8427-8625b9ee6dbf@group-F226EF581AA3-SegmentedRaftLogWorker: Starting segment from index:0
2024-08-15 10:20:12,722 [2c076085-4a54-4643-8427-8625b9ee6dbf@group-F226EF581AA3-SegmentedRaftLogWorker] INFO  segmented.BufferedWriteChannel (BufferedWriteChannel.java:open(61)) - open log_inprogress_0 at position 0
2024-08-15 10:20:12,728 [298890a6-3c3b-4de0-a9db-67f24322077e@group-167ECA8AB8D4-FollowerState] INFO  impl.FollowerState (FollowerState.java:run(144)) - 298890a6-3c3b-4de0-a9db-67f24322077e@group-167ECA8AB8D4-FollowerState: change to CANDIDATE, lastRpcElapsedTime:5053748935ns, electionTimeout:5053ms
2024-08-15 10:20:12,728 [298890a6-3c3b-4de0-a9db-67f24322077e@group-167ECA8AB8D4-FollowerState] INFO  impl.RoleInfo (RoleInfo.java:shutdownFollowerState(119)) - 298890a6-3c3b-4de0-a9db-67f24322077e: shutdown 298890a6-3c3b-4de0-a9db-67f24322077e@group-167ECA8AB8D4-FollowerState
2024-08-15 10:20:12,728 [298890a6-3c3b-4de0-a9db-67f24322077e@group-167ECA8AB8D4-FollowerState] INFO  server.RaftServer$Division (RaftServerImpl.java:setRole(376)) - 298890a6-3c3b-4de0-a9db-67f24322077e@group-167ECA8AB8D4: changes role from  FOLLOWER to CANDIDATE at term 0 for changeToCandidate
2024-08-15 10:20:12,729 [298890a6-3c3b-4de0-a9db-67f24322077e@group-167ECA8AB8D4-FollowerState] INFO  server.RaftServerConfigKeys (ConfUtils.java:logGet(46)) - raft.server.leaderelection.pre-vote = true (default)
2024-08-15 10:20:12,729 [298890a6-3c3b-4de0-a9db-67f24322077e@group-167ECA8AB8D4-FollowerState] INFO  impl.RoleInfo (RoleInfo.java:updateAndGet(148)) - 298890a6-3c3b-4de0-a9db-67f24322077e: start 298890a6-3c3b-4de0-a9db-67f24322077e@group-167ECA8AB8D4-LeaderElection154
2024-08-15 10:20:12,733 [0825ce75-4a52-449f-9036-c8a968d40eda-server-thread1] INFO  ratis.XceiverServerRatis (XceiverServerRatis.java:handleLeaderChangedNotification(951)) - Leader change notification received for group: group-F226EF581AA3 with new leaderId: 298890a6-3c3b-4de0-a9db-67f24322077e
2024-08-15 10:20:12,733 [0825ce75-4a52-449f-9036-c8a968d40eda-server-thread1] INFO  server.RaftServer$Division (ServerState.java:setLeader(272)) - 0825ce75-4a52-449f-9036-c8a968d40eda@group-F226EF581AA3: change Leader from null to 298890a6-3c3b-4de0-a9db-67f24322077e at term 1 for appendEntries, leader elected after 5131ms
2024-08-15 10:20:12,733 [0825ce75-4a52-449f-9036-c8a968d40eda-server-thread1] INFO  server.RaftServer$Division (ServerState.java:setRaftConf(386)) - 0825ce75-4a52-449f-9036-c8a968d40eda@group-F226EF581AA3: set configuration conf: {index: 0, cur=peers:[2c076085-4a54-4643-8427-8625b9ee6dbf|127.0.0.1:15595, 298890a6-3c3b-4de0-a9db-67f24322077e|127.0.0.1:15613, 0825ce75-4a52-449f-9036-c8a968d40eda|127.0.0.1:15604]|listeners:[], old=null}
2024-08-15 10:20:12,733 [0825ce75-4a52-449f-9036-c8a968d40eda-server-thread1] INFO  segmented.SegmentedRaftLogWorker (SegmentedRaftLogWorker.java:startLogSegment(433)) - 0825ce75-4a52-449f-9036-c8a968d40eda@group-F226EF581AA3-SegmentedRaftLogWorker: Starting segment from index:0
2024-08-15 10:20:12,737 [0825ce75-4a52-449f-9036-c8a968d40eda@group-F226EF581AA3-SegmentedRaftLogWorker] INFO  segmented.BufferedWriteChannel (BufferedWriteChannel.java:open(61)) - open log_inprogress_0 at position 0
2024-08-15 10:20:12,737 [2c076085-4a54-4643-8427-8625b9ee6dbf@group-F226EF581AA3-SegmentedRaftLogWorker] INFO  segmented.SegmentedRaftLogWorker (SegmentedRaftLogWorker.java:execute(637)) - 2c076085-4a54-4643-8427-8625b9ee6dbf@group-F226EF581AA3-SegmentedRaftLogWorker: created new log segment /home/runner/work/ozone/ozone/hadoop-ozone/integration-test/target/test-dir/MiniOzoneClusterImpl-4fe7c5bf-ca33-4415-93e0-e252006dfa59/ozone-meta/datanode-1/ratis/81b02960-be57-4a48-af10-f226ef581aa3/current/log_inprogress_0
2024-08-15 10:20:12,738 [298890a6-3c3b-4de0-a9db-67f24322077e@group-F226EF581AA3-SegmentedRaftLogWorker] INFO  segmented.SegmentedRaftLogWorker (SegmentedRaftLogWorker.java:execute(637)) - 298890a6-3c3b-4de0-a9db-67f24322077e@group-F226EF581AA3-SegmentedRaftLogWorker: created new log segment /home/runner/work/ozone/ozone/hadoop-ozone/integration-test/target/test-dir/MiniOzoneClusterImpl-4fe7c5bf-ca33-4415-93e0-e252006dfa59/ozone-meta/datanode-3/ratis/81b02960-be57-4a48-af10-f226ef581aa3/current/log_inprogress_0
2024-08-15 10:20:12,742 [2c076085-4a54-4643-8427-8625b9ee6dbf@group-E905553BCA68-FollowerState] INFO  impl.FollowerState (FollowerState.java:run(144)) - 2c076085-4a54-4643-8427-8625b9ee6dbf@group-E905553BCA68-FollowerState: change to CANDIDATE, lastRpcElapsedTime:5021404951ns, electionTimeout:5021ms
2024-08-15 10:20:12,742 [2c076085-4a54-4643-8427-8625b9ee6dbf@group-E905553BCA68-FollowerState] INFO  impl.RoleInfo (RoleInfo.java:shutdownFollowerState(119)) - 2c076085-4a54-4643-8427-8625b9ee6dbf: shutdown 2c076085-4a54-4643-8427-8625b9ee6dbf@group-E905553BCA68-FollowerState
2024-08-15 10:20:12,742 [2c076085-4a54-4643-8427-8625b9ee6dbf@group-E905553BCA68-FollowerState] INFO  server.RaftServer$Division (RaftServerImpl.java:setRole(376)) - 2c076085-4a54-4643-8427-8625b9ee6dbf@group-E905553BCA68: changes role from  FOLLOWER to CANDIDATE at term 0 for changeToCandidate
2024-08-15 10:20:12,742 [2c076085-4a54-4643-8427-8625b9ee6dbf@group-E905553BCA68-FollowerState] INFO  server.RaftServerConfigKeys (ConfUtils.java:logGet(46)) - raft.server.leaderelection.pre-vote = true (default)
2024-08-15 10:20:12,742 [2c076085-4a54-4643-8427-8625b9ee6dbf@group-E905553BCA68-FollowerState] INFO  impl.RoleInfo (RoleInfo.java:updateAndGet(148)) - 2c076085-4a54-4643-8427-8625b9ee6dbf: start 2c076085-4a54-4643-8427-8625b9ee6dbf@group-E905553BCA68-LeaderElection155
2024-08-15 10:20:12,743 [298890a6-3c3b-4de0-a9db-67f24322077e@group-F226EF581AA3-StateMachineUpdater] INFO  server.RaftServer$Division (LeaderStateImpl.java:checkStartIndex(316)) - Leader 298890a6-3c3b-4de0-a9db-67f24322077e@group-F226EF581AA3-LeaderStateImpl is ready since appliedIndex == startIndex == 0
2024-08-15 10:20:12,744 [298890a6-3c3b-4de0-a9db-67f24322077e@group-167ECA8AB8D4-LeaderElection154] INFO  impl.LeaderElection (LeaderElection.java:askForVotes(321)) - 298890a6-3c3b-4de0-a9db-67f24322077e@group-167ECA8AB8D4-LeaderElection154 PRE_VOTE round 0: submit vote requests at term 0 for conf: {index: -1, cur=peers:[2c076085-4a54-4643-8427-8625b9ee6dbf|127.0.0.1:15595, 298890a6-3c3b-4de0-a9db-67f24322077e|127.0.0.1:15613, 0825ce75-4a52-449f-9036-c8a968d40eda|127.0.0.1:15604]|listeners:[], old=null}
2024-08-15 10:20:12,744 [2c076085-4a54-4643-8427-8625b9ee6dbf@group-E905553BCA68-LeaderElection155] INFO  impl.LeaderElection (LeaderElection.java:askForVotes(321)) - 2c076085-4a54-4643-8427-8625b9ee6dbf@group-E905553BCA68-LeaderElection155 PRE_VOTE round 0: submit vote requests at term 0 for conf: {index: -1, cur=peers:[2c076085-4a54-4643-8427-8625b9ee6dbf|127.0.0.1:15595, 298890a6-3c3b-4de0-a9db-67f24322077e|127.0.0.1:15613, 0825ce75-4a52-449f-9036-c8a968d40eda|127.0.0.1:15604]|listeners:[], old=null}
2024-08-15 10:20:12,744 [2c076085-4a54-4643-8427-8625b9ee6dbf@group-167ECA8AB8D4-FollowerState] INFO  impl.FollowerState (FollowerState.java:run(144)) - 2c076085-4a54-4643-8427-8625b9ee6dbf@group-167ECA8AB8D4-FollowerState: change to CANDIDATE, lastRpcElapsedTime:5092632066ns, electionTimeout:5088ms
2024-08-15 10:20:12,744 [2c076085-4a54-4643-8427-8625b9ee6dbf@group-167ECA8AB8D4-FollowerState] INFO  impl.RoleInfo (RoleInfo.java:shutdownFollowerState(119)) - 2c076085-4a54-4643-8427-8625b9ee6dbf: shutdown 2c076085-4a54-4643-8427-8625b9ee6dbf@group-167ECA8AB8D4-FollowerState
2024-08-15 10:20:12,744 [2c076085-4a54-4643-8427-8625b9ee6dbf@group-167ECA8AB8D4-FollowerState] INFO  server.RaftServer$Division (RaftServerImpl.java:setRole(376)) - 2c076085-4a54-4643-8427-8625b9ee6dbf@group-167ECA8AB8D4: changes role from  FOLLOWER to CANDIDATE at term 0 for changeToCandidate
2024-08-15 10:20:12,745 [2c076085-4a54-4643-8427-8625b9ee6dbf@group-167ECA8AB8D4-FollowerState] INFO  server.RaftServerConfigKeys (ConfUtils.java:logGet(46)) - raft.server.leaderelection.pre-vote = true (default)
2024-08-15 10:20:12,745 [2c076085-4a54-4643-8427-8625b9ee6dbf@group-167ECA8AB8D4-FollowerState] INFO  impl.RoleInfo (RoleInfo.java:updateAndGet(148)) - 2c076085-4a54-4643-8427-8625b9ee6dbf: start 2c076085-4a54-4643-8427-8625b9ee6dbf@group-167ECA8AB8D4-LeaderElection156
2024-08-15 10:20:12,746 [2c076085-4a54-4643-8427-8625b9ee6dbf@group-167ECA8AB8D4-LeaderElection156] INFO  impl.LeaderElection (LeaderElection.java:askForVotes(321)) - 2c076085-4a54-4643-8427-8625b9ee6dbf@group-167ECA8AB8D4-LeaderElection156 PRE_VOTE round 0: submit vote requests at term 0 for conf: {index: -1, cur=peers:[2c076085-4a54-4643-8427-8625b9ee6dbf|127.0.0.1:15595, 298890a6-3c3b-4de0-a9db-67f24322077e|127.0.0.1:15613, 0825ce75-4a52-449f-9036-c8a968d40eda|127.0.0.1:15604]|listeners:[], old=null}
2024-08-15 10:20:12,746 [298890a6-3c3b-4de0-a9db-67f24322077e@group-167ECA8AB8D4-LeaderElection154] INFO  server.RaftServerConfigKeys (ConfUtils.java:logFallback(53)) - raft.server.rpc.first-election.timeout.min = 5s (fallback to raft.server.rpc.timeout.min)
2024-08-15 10:20:12,746 [298890a6-3c3b-4de0-a9db-67f24322077e@group-167ECA8AB8D4-LeaderElection154] INFO  server.RaftServerConfigKeys (ConfUtils.java:logFallback(53)) - raft.server.rpc.first-election.timeout.max = 5200ms (fallback to raft.server.rpc.timeout.max)
2024-08-15 10:20:12,747 [2c076085-4a54-4643-8427-8625b9ee6dbf@group-E905553BCA68-LeaderElection155-1] INFO  server.GrpcServerProtocolClient (GrpcServerProtocolClient.java:<init>(65)) - Build channel for 298890a6-3c3b-4de0-a9db-67f24322077e|127.0.0.1:15613
2024-08-15 10:20:12,747 [0825ce75-4a52-449f-9036-c8a968d40eda@group-F226EF581AA3-SegmentedRaftLogWorker] INFO  segmented.SegmentedRaftLogWorker (SegmentedRaftLogWorker.java:execute(637)) - 0825ce75-4a52-449f-9036-c8a968d40eda@group-F226EF581AA3-SegmentedRaftLogWorker: created new log segment /home/runner/work/ozone/ozone/hadoop-ozone/integration-test/target/test-dir/MiniOzoneClusterImpl-4fe7c5bf-ca33-4415-93e0-e252006dfa59/ozone-meta/datanode-2/ratis/81b02960-be57-4a48-af10-f226ef581aa3/current/log_inprogress_0
2024-08-15 10:20:12,747 [grpc-default-executor-5] INFO  server.RaftServer$Division (RaftServerImpl.java:requestVote(1416)) - 0825ce75-4a52-449f-9036-c8a968d40eda@group-167ECA8AB8D4: receive requestVote(PRE_VOTE, 298890a6-3c3b-4de0-a9db-67f24322077e, group-167ECA8AB8D4, 0, (t:0, i:0))
2024-08-15 10:20:12,747 [grpc-default-executor-5] INFO  impl.VoteContext (VoteContext.java:log(49)) - 0825ce75-4a52-449f-9036-c8a968d40eda@group-167ECA8AB8D4-FOLLOWER: accept PRE_VOTE from 298890a6-3c3b-4de0-a9db-67f24322077e: our priority 0 <= candidate's priority 0
2024-08-15 10:20:12,748 [grpc-default-executor-5] INFO  server.RaftServer$Division (RaftServerImpl.java:requestVote(1449)) - 0825ce75-4a52-449f-9036-c8a968d40eda@group-167ECA8AB8D4 replies to PRE_VOTE vote request: 298890a6-3c3b-4de0-a9db-67f24322077e<-0825ce75-4a52-449f-9036-c8a968d40eda#0:OK-t0. Peer's state: 0825ce75-4a52-449f-9036-c8a968d40eda@group-167ECA8AB8D4:t0, leader=null, voted=, raftlog=Memoized:0825ce75-4a52-449f-9036-c8a968d40eda@group-167ECA8AB8D4-SegmentedRaftLog:OPENED:c-1:lastnull, conf=conf: {index: -1, cur=peers:[2c076085-4a54-4643-8427-8625b9ee6dbf|127.0.0.1:15595, 298890a6-3c3b-4de0-a9db-67f24322077e|127.0.0.1:15613, 0825ce75-4a52-449f-9036-c8a968d40eda|127.0.0.1:15604]|listeners:[], old=null}
2024-08-15 10:20:12,748 [2c076085-4a54-4643-8427-8625b9ee6dbf@group-E905553BCA68-LeaderElection155] INFO  server.RaftServerConfigKeys (ConfUtils.java:logFallback(53)) - raft.server.rpc.first-election.timeout.min = 5s (fallback to raft.server.rpc.timeout.min)
2024-08-15 10:20:12,749 [2c076085-4a54-4643-8427-8625b9ee6dbf@group-E905553BCA68-LeaderElection155] INFO  server.RaftServerConfigKeys (ConfUtils.java:logFallback(53)) - raft.server.rpc.first-election.timeout.max = 5200ms (fallback to raft.server.rpc.timeout.max)
2024-08-15 10:20:12,748 [grpc-default-executor-2] INFO  server.RaftServer$Division (RaftServerImpl.java:requestVote(1416)) - 2c076085-4a54-4643-8427-8625b9ee6dbf@group-167ECA8AB8D4: receive requestVote(PRE_VOTE, 298890a6-3c3b-4de0-a9db-67f24322077e, group-167ECA8AB8D4, 0, (t:0, i:0))
2024-08-15 10:20:12,749 [grpc-default-executor-2] INFO  impl.VoteContext (VoteContext.java:log(49)) - 2c076085-4a54-4643-8427-8625b9ee6dbf@group-167ECA8AB8D4-CANDIDATE: reject PRE_VOTE from 298890a6-3c3b-4de0-a9db-67f24322077e: our priority 1 > candidate's priority 0
2024-08-15 10:20:12,749 [grpc-default-executor-2] INFO  server.RaftServer$Division (RaftServerImpl.java:requestVote(1449)) - 2c076085-4a54-4643-8427-8625b9ee6dbf@group-167ECA8AB8D4 replies to PRE_VOTE vote request: 298890a6-3c3b-4de0-a9db-67f24322077e<-2c076085-4a54-4643-8427-8625b9ee6dbf#0:FAIL-t0. Peer's state: 2c076085-4a54-4643-8427-8625b9ee6dbf@group-167ECA8AB8D4:t0, leader=null, voted=, raftlog=Memoized:2c076085-4a54-4643-8427-8625b9ee6dbf@group-167ECA8AB8D4-SegmentedRaftLog:OPENED:c-1:lastnull, conf=conf: {index: -1, cur=peers:[2c076085-4a54-4643-8427-8625b9ee6dbf|127.0.0.1:15595, 298890a6-3c3b-4de0-a9db-67f24322077e|127.0.0.1:15613, 0825ce75-4a52-449f-9036-c8a968d40eda|127.0.0.1:15604]|listeners:[], old=null}
2024-08-15 10:20:12,749 [2c076085-4a54-4643-8427-8625b9ee6dbf@group-E905553BCA68-LeaderElection155-2] INFO  server.GrpcServerProtocolClient (GrpcServerProtocolClient.java:<init>(65)) - Build channel for 0825ce75-4a52-449f-9036-c8a968d40eda|127.0.0.1:15604
2024-08-15 10:20:12,749 [298890a6-3c3b-4de0-a9db-67f24322077e@group-167ECA8AB8D4-LeaderElection154] INFO  impl.LeaderElection (LeaderElection.java:logAndReturn(89)) - 298890a6-3c3b-4de0-a9db-67f24322077e@group-167ECA8AB8D4-LeaderElection154: PRE_VOTE REJECTED received 2 response(s) and 0 exception(s):
2024-08-15 10:20:12,750 [298890a6-3c3b-4de0-a9db-67f24322077e@group-167ECA8AB8D4-LeaderElection154] INFO  impl.LeaderElection (LeaderElection.java:logAndReturn(93)) -   Response 0: 298890a6-3c3b-4de0-a9db-67f24322077e<-2c076085-4a54-4643-8427-8625b9ee6dbf#0:FAIL-t0
2024-08-15 10:20:12,750 [298890a6-3c3b-4de0-a9db-67f24322077e@group-167ECA8AB8D4-LeaderElection154] INFO  impl.LeaderElection (LeaderElection.java:logAndReturn(93)) -   Response 1: 298890a6-3c3b-4de0-a9db-67f24322077e<-0825ce75-4a52-449f-9036-c8a968d40eda#0:OK-t0
2024-08-15 10:20:12,750 [298890a6-3c3b-4de0-a9db-67f24322077e@group-167ECA8AB8D4-LeaderElection154] INFO  impl.LeaderElection (LeaderElection.java:askForVotes(323)) - 298890a6-3c3b-4de0-a9db-67f24322077e@group-167ECA8AB8D4-LeaderElection154 PRE_VOTE round 0: result REJECTED
2024-08-15 10:20:12,750 [298890a6-3c3b-4de0-a9db-67f24322077e@group-167ECA8AB8D4-LeaderElection154] INFO  server.RaftServer$Division (RaftServerImpl.java:setRole(376)) - 298890a6-3c3b-4de0-a9db-67f24322077e@group-167ECA8AB8D4: changes role from CANDIDATE to FOLLOWER at term 0 for REJECTED
2024-08-15 10:20:12,751 [298890a6-3c3b-4de0-a9db-67f24322077e@group-167ECA8AB8D4-LeaderElection154] INFO  impl.RoleInfo (RoleInfo.java:shutdownLeaderElection(139)) - 298890a6-3c3b-4de0-a9db-67f24322077e: shutdown 298890a6-3c3b-4de0-a9db-67f24322077e@group-167ECA8AB8D4-LeaderElection154
2024-08-15 10:20:12,751 [298890a6-3c3b-4de0-a9db-67f24322077e@group-167ECA8AB8D4-LeaderElection154] INFO  impl.RoleInfo (RoleInfo.java:updateAndGet(148)) - 298890a6-3c3b-4de0-a9db-67f24322077e: start 298890a6-3c3b-4de0-a9db-67f24322077e@group-167ECA8AB8D4-FollowerState
2024-08-15 10:20:12,751 [298890a6-3c3b-4de0-a9db-67f24322077e@group-167ECA8AB8D4-LeaderElection154] INFO  server.RaftServer$Division (RaftServerImpl.java:setFirstElection(549)) - 298890a6-3c3b-4de0-a9db-67f24322077e@group-167ECA8AB8D4: set firstElectionSinceStartup to false for REJECTED
2024-08-15 10:20:12,753 [2c076085-4a54-4643-8427-8625b9ee6dbf@group-167ECA8AB8D4-LeaderElection156] INFO  server.RaftServerConfigKeys (ConfUtils.java:logFallback(53)) - raft.server.rpc.first-election.timeout.min = 5s (fallback to raft.server.rpc.timeout.min)
2024-08-15 10:20:12,753 [2c076085-4a54-4643-8427-8625b9ee6dbf@group-167ECA8AB8D4-LeaderElection156] INFO  server.RaftServerConfigKeys (ConfUtils.java:logFallback(53)) - raft.server.rpc.first-election.timeout.max = 5200ms (fallback to raft.server.rpc.timeout.max)
2024-08-15 10:20:12,754 [0825ce75-4a52-449f-9036-c8a968d40eda@group-167ECA8AB8D4-FollowerState] INFO  server.RaftServerConfigKeys (ConfUtils.java:logFallback(53)) - raft.server.rpc.first-election.timeout.min = 5s (fallback to raft.server.rpc.timeout.min)
2024-08-15 10:20:12,754 [0825ce75-4a52-449f-9036-c8a968d40eda@group-167ECA8AB8D4-FollowerState] INFO  server.RaftServerConfigKeys (ConfUtils.java:logFallback(53)) - raft.server.rpc.first-election.timeout.max = 5200ms (fallback to raft.server.rpc.timeout.max)
2024-08-15 10:20:12,754 [grpc-default-executor-2] INFO  server.RaftServer$Division (RaftServerImpl.java:requestVote(1416)) - 298890a6-3c3b-4de0-a9db-67f24322077e@group-E905553BCA68: receive requestVote(PRE_VOTE, 2c076085-4a54-4643-8427-8625b9ee6dbf, group-E905553BCA68, 0, (t:0, i:0))
2024-08-15 10:20:12,754 [grpc-default-executor-2] INFO  impl.VoteContext (VoteContext.java:log(49)) - 298890a6-3c3b-4de0-a9db-67f24322077e@group-E905553BCA68-FOLLOWER: accept PRE_VOTE from 2c076085-4a54-4643-8427-8625b9ee6dbf: our priority 0 <= candidate's priority 0
2024-08-15 10:20:12,754 [grpc-default-executor-2] INFO  server.RaftServer$Division (RaftServerImpl.java:requestVote(1449)) - 298890a6-3c3b-4de0-a9db-67f24322077e@group-E905553BCA68 replies to PRE_VOTE vote request: 2c076085-4a54-4643-8427-8625b9ee6dbf<-298890a6-3c3b-4de0-a9db-67f24322077e#0:OK-t0. Peer's state: 298890a6-3c3b-4de0-a9db-67f24322077e@group-E905553BCA68:t0, leader=null, voted=, raftlog=Memoized:298890a6-3c3b-4de0-a9db-67f24322077e@group-E905553BCA68-SegmentedRaftLog:OPENED:c-1:lastnull, conf=conf: {index: -1, cur=peers:[2c076085-4a54-4643-8427-8625b9ee6dbf|127.0.0.1:15595, 298890a6-3c3b-4de0-a9db-67f24322077e|127.0.0.1:15613, 0825ce75-4a52-449f-9036-c8a968d40eda|127.0.0.1:15604]|listeners:[], old=null}
2024-08-15 10:20:12,756 [grpc-default-executor-2] INFO  server.RaftServer$Division (RaftServerImpl.java:requestVote(1416)) - 298890a6-3c3b-4de0-a9db-67f24322077e@group-167ECA8AB8D4: receive requestVote(PRE_VOTE, 2c076085-4a54-4643-8427-8625b9ee6dbf, group-167ECA8AB8D4, 0, (t:0, i:0))
2024-08-15 10:20:12,756 [grpc-default-executor-2] INFO  impl.VoteContext (VoteContext.java:log(49)) - 298890a6-3c3b-4de0-a9db-67f24322077e@group-167ECA8AB8D4-FOLLOWER: accept PRE_VOTE from 2c076085-4a54-4643-8427-8625b9ee6dbf: our priority 0 <= candidate's priority 1
2024-08-15 10:20:12,756 [grpc-default-executor-2] INFO  server.RaftServer$Division (RaftServerImpl.java:requestVote(1449)) - 298890a6-3c3b-4de0-a9db-67f24322077e@group-167ECA8AB8D4 replies to PRE_VOTE vote request: 2c076085-4a54-4643-8427-8625b9ee6dbf<-298890a6-3c3b-4de0-a9db-67f24322077e#0:OK-t0. Peer's state: 298890a6-3c3b-4de0-a9db-67f24322077e@group-167ECA8AB8D4:t0, leader=null, voted=, raftlog=Memoized:298890a6-3c3b-4de0-a9db-67f24322077e@group-167ECA8AB8D4-SegmentedRaftLog:OPENED:c-1:lastnull, conf=conf: {index: -1, cur=peers:[2c076085-4a54-4643-8427-8625b9ee6dbf|127.0.0.1:15595, 298890a6-3c3b-4de0-a9db-67f24322077e|127.0.0.1:15613, 0825ce75-4a52-449f-9036-c8a968d40eda|127.0.0.1:15604]|listeners:[], old=null}
2024-08-15 10:20:12,757 [grpc-default-executor-2] INFO  server.RaftServer$Division (RaftServerImpl.java:requestVote(1416)) - 0825ce75-4a52-449f-9036-c8a968d40eda@group-E905553BCA68: receive requestVote(PRE_VOTE, 2c076085-4a54-4643-8427-8625b9ee6dbf, group-E905553BCA68, 0, (t:0, i:0))
2024-08-15 10:20:12,757 [grpc-default-executor-2] INFO  impl.VoteContext (VoteContext.java:log(49)) - 0825ce75-4a52-449f-9036-c8a968d40eda@group-E905553BCA68-FOLLOWER: reject PRE_VOTE from 2c076085-4a54-4643-8427-8625b9ee6dbf: our priority 1 > candidate's priority 0
2024-08-15 10:20:12,757 [grpc-default-executor-2] INFO  server.RaftServer$Division (RaftServerImpl.java:requestVote(1449)) - 0825ce75-4a52-449f-9036-c8a968d40eda@group-E905553BCA68 replies to PRE_VOTE vote request: 2c076085-4a54-4643-8427-8625b9ee6dbf<-0825ce75-4a52-449f-9036-c8a968d40eda#0:FAIL-t0. Peer's state: 0825ce75-4a52-449f-9036-c8a968d40eda@group-E905553BCA68:t0, leader=null, voted=, raftlog=Memoized:0825ce75-4a52-449f-9036-c8a968d40eda@group-E905553BCA68-SegmentedRaftLog:OPENED:c-1:lastnull, conf=conf: {index: -1, cur=peers:[2c076085-4a54-4643-8427-8625b9ee6dbf|127.0.0.1:15595, 298890a6-3c3b-4de0-a9db-67f24322077e|127.0.0.1:15613, 0825ce75-4a52-449f-9036-c8a968d40eda|127.0.0.1:15604]|listeners:[], old=null}
2024-08-15 10:20:12,758 [grpc-default-executor-5] INFO  server.RaftServer$Division (RaftServerImpl.java:requestVote(1416)) - 0825ce75-4a52-449f-9036-c8a968d40eda@group-167ECA8AB8D4: receive requestVote(PRE_VOTE, 2c076085-4a54-4643-8427-8625b9ee6dbf, group-167ECA8AB8D4, 0, (t:0, i:0))
2024-08-15 10:20:12,758 [grpc-default-executor-5] INFO  impl.VoteContext (VoteContext.java:log(49)) - 0825ce75-4a52-449f-9036-c8a968d40eda@group-167ECA8AB8D4-FOLLOWER: accept PRE_VOTE from 2c076085-4a54-4643-8427-8625b9ee6dbf: our priority 0 <= candidate's priority 1
2024-08-15 10:20:12,758 [grpc-default-executor-5] INFO  server.RaftServer$Division (RaftServerImpl.java:requestVote(1449)) - 0825ce75-4a52-449f-9036-c8a968d40eda@group-167ECA8AB8D4 replies to PRE_VOTE vote request: 2c076085-4a54-4643-8427-8625b9ee6dbf<-0825ce75-4a52-449f-9036-c8a968d40eda#0:OK-t0. Peer's state: 0825ce75-4a52-449f-9036-c8a968d40eda@group-167ECA8AB8D4:t0, leader=null, voted=, raftlog=Memoized:0825ce75-4a52-449f-9036-c8a968d40eda@group-167ECA8AB8D4-SegmentedRaftLog:OPENED:c-1:lastnull, conf=conf: {index: -1, cur=peers:[2c076085-4a54-4643-8427-8625b9ee6dbf|127.0.0.1:15595, 298890a6-3c3b-4de0-a9db-67f24322077e|127.0.0.1:15613, 0825ce75-4a52-449f-9036-c8a968d40eda|127.0.0.1:15604]|listeners:[], old=null}
2024-08-15 10:20:12,758 [2c076085-4a54-4643-8427-8625b9ee6dbf@group-167ECA8AB8D4-LeaderElection156] INFO  impl.LeaderElection (LeaderElection.java:logAndReturn(89)) - 2c076085-4a54-4643-8427-8625b9ee6dbf@group-167ECA8AB8D4-LeaderElection156: PRE_VOTE PASSED received 1 response(s) and 0 exception(s):
2024-08-15 10:20:12,758 [2c076085-4a54-4643-8427-8625b9ee6dbf@group-167ECA8AB8D4-LeaderElection156] INFO  impl.LeaderElection (LeaderElection.java:logAndReturn(93)) -   Response 0: 2c076085-4a54-4643-8427-8625b9ee6dbf<-298890a6-3c3b-4de0-a9db-67f24322077e#0:OK-t0
2024-08-15 10:20:12,758 [2c076085-4a54-4643-8427-8625b9ee6dbf@group-167ECA8AB8D4-LeaderElection156] INFO  impl.LeaderElection (LeaderElection.java:askForVotes(323)) - 2c076085-4a54-4643-8427-8625b9ee6dbf@group-167ECA8AB8D4-LeaderElection156 PRE_VOTE round 0: result PASSED
2024-08-15 10:20:12,758 [2c076085-4a54-4643-8427-8625b9ee6dbf@group-E905553BCA68-LeaderElection155] INFO  impl.LeaderElection (LeaderElection.java:logAndReturn(89)) - 2c076085-4a54-4643-8427-8625b9ee6dbf@group-E905553BCA68-LeaderElection155: PRE_VOTE REJECTED received 2 response(s) and 0 exception(s):
2024-08-15 10:20:12,758 [2c076085-4a54-4643-8427-8625b9ee6dbf@group-E905553BCA68-LeaderElection155] INFO  impl.LeaderElection (LeaderElection.java:logAndReturn(93)) -   Response 0: 2c076085-4a54-4643-8427-8625b9ee6dbf<-298890a6-3c3b-4de0-a9db-67f24322077e#0:OK-t0
2024-08-15 10:20:12,758 [2c076085-4a54-4643-8427-8625b9ee6dbf@group-E905553BCA68-LeaderElection155] INFO  impl.LeaderElection (LeaderElection.java:logAndReturn(93)) -   Response 1: 2c076085-4a54-4643-8427-8625b9ee6dbf<-0825ce75-4a52-449f-9036-c8a968d40eda#0:FAIL-t0
2024-08-15 10:20:12,758 [2c076085-4a54-4643-8427-8625b9ee6dbf@group-E905553BCA68-LeaderElection155] INFO  impl.LeaderElection (LeaderElection.java:askForVotes(323)) - 2c076085-4a54-4643-8427-8625b9ee6dbf@group-E905553BCA68-LeaderElection155 PRE_VOTE round 0: result REJECTED
2024-08-15 10:20:12,758 [2c076085-4a54-4643-8427-8625b9ee6dbf@group-E905553BCA68-LeaderElection155] INFO  server.RaftServer$Division (RaftServerImpl.java:setRole(376)) - 2c076085-4a54-4643-8427-8625b9ee6dbf@group-E905553BCA68: changes role from CANDIDATE to FOLLOWER at term 0 for REJECTED
2024-08-15 10:20:12,758 [2c076085-4a54-4643-8427-8625b9ee6dbf@group-E905553BCA68-LeaderElection155] INFO  impl.RoleInfo (RoleInfo.java:shutdownLeaderElection(139)) - 2c076085-4a54-4643-8427-8625b9ee6dbf: shutdown 2c076085-4a54-4643-8427-8625b9ee6dbf@group-E905553BCA68-LeaderElection155
2024-08-15 10:20:12,758 [2c076085-4a54-4643-8427-8625b9ee6dbf@group-E905553BCA68-LeaderElection155] INFO  impl.RoleInfo (RoleInfo.java:updateAndGet(148)) - 2c076085-4a54-4643-8427-8625b9ee6dbf: start 2c076085-4a54-4643-8427-8625b9ee6dbf@group-E905553BCA68-FollowerState
2024-08-15 10:20:12,759 [2c076085-4a54-4643-8427-8625b9ee6dbf@group-167ECA8AB8D4-LeaderElection156] INFO  impl.LeaderElection (LeaderElection.java:askForVotes(321)) - 2c076085-4a54-4643-8427-8625b9ee6dbf@group-167ECA8AB8D4-LeaderElection156 ELECTION round 0: submit vote requests at term 1 for conf: {index: -1, cur=peers:[2c076085-4a54-4643-8427-8625b9ee6dbf|127.0.0.1:15595, 298890a6-3c3b-4de0-a9db-67f24322077e|127.0.0.1:15613, 0825ce75-4a52-449f-9036-c8a968d40eda|127.0.0.1:15604]|listeners:[], old=null}
2024-08-15 10:20:12,761 [2c076085-4a54-4643-8427-8625b9ee6dbf@group-E905553BCA68-LeaderElection155] INFO  server.RaftServer$Division (RaftServerImpl.java:setFirstElection(549)) - 2c076085-4a54-4643-8427-8625b9ee6dbf@group-E905553BCA68: set firstElectionSinceStartup to false for REJECTED
2024-08-15 10:20:12,762 [2c076085-4a54-4643-8427-8625b9ee6dbf@group-167ECA8AB8D4-LeaderElection156] INFO  server.RaftServerConfigKeys (ConfUtils.java:logFallback(53)) - raft.server.rpc.first-election.timeout.min = 5s (fallback to raft.server.rpc.timeout.min)
2024-08-15 10:20:12,762 [2c076085-4a54-4643-8427-8625b9ee6dbf@group-167ECA8AB8D4-LeaderElection156] INFO  server.RaftServerConfigKeys (ConfUtils.java:logFallback(53)) - raft.server.rpc.first-election.timeout.max = 5200ms (fallback to raft.server.rpc.timeout.max)
2024-08-15 10:20:12,762 [grpc-default-executor-2] INFO  server.RaftServer$Division (RaftServerImpl.java:requestVote(1416)) - 0825ce75-4a52-449f-9036-c8a968d40eda@group-167ECA8AB8D4: receive requestVote(ELECTION, 2c076085-4a54-4643-8427-8625b9ee6dbf, group-167ECA8AB8D4, 1, (t:0, i:0))
2024-08-15 10:20:12,762 [grpc-default-executor-2] INFO  impl.VoteContext (VoteContext.java:log(49)) - 0825ce75-4a52-449f-9036-c8a968d40eda@group-167ECA8AB8D4-FOLLOWER: accept ELECTION from 2c076085-4a54-4643-8427-8625b9ee6dbf: our priority 0 <= candidate's priority 1
2024-08-15 10:20:12,762 [grpc-default-executor-2] INFO  server.RaftServer$Division (RaftServerImpl.java:setRole(376)) - 0825ce75-4a52-449f-9036-c8a968d40eda@group-167ECA8AB8D4: changes role from  FOLLOWER to FOLLOWER at term 1 for candidate:2c076085-4a54-4643-8427-8625b9ee6dbf
2024-08-15 10:20:12,762 [grpc-default-executor-2] INFO  impl.RoleInfo (RoleInfo.java:shutdownFollowerState(119)) - 0825ce75-4a52-449f-9036-c8a968d40eda: shutdown 0825ce75-4a52-449f-9036-c8a968d40eda@group-167ECA8AB8D4-FollowerState
2024-08-15 10:20:12,762 [grpc-default-executor-2] INFO  impl.RoleInfo (RoleInfo.java:updateAndGet(148)) - 0825ce75-4a52-449f-9036-c8a968d40eda: start 0825ce75-4a52-449f-9036-c8a968d40eda@group-167ECA8AB8D4-FollowerState
2024-08-15 10:20:12,763 [0825ce75-4a52-449f-9036-c8a968d40eda@group-167ECA8AB8D4-FollowerState] INFO  impl.FollowerState (FollowerState.java:run(153)) - 0825ce75-4a52-449f-9036-c8a968d40eda@group-167ECA8AB8D4-FollowerState was interrupted
2024-08-15 10:20:12,763 [grpc-default-executor-2] INFO  server.RaftServer$Division (RaftServerImpl.java:setFirstElection(549)) - 0825ce75-4a52-449f-9036-c8a968d40eda@group-167ECA8AB8D4: set firstElectionSinceStartup to false for candidate:2c076085-4a54-4643-8427-8625b9ee6dbf
2024-08-15 10:20:12,766 [grpc-default-executor-5] INFO  server.RaftServer$Division (RaftServerImpl.java:requestVote(1416)) - 298890a6-3c3b-4de0-a9db-67f24322077e@group-167ECA8AB8D4: receive requestVote(ELECTION, 2c076085-4a54-4643-8427-8625b9ee6dbf, group-167ECA8AB8D4, 1, (t:0, i:0))
2024-08-15 10:20:12,766 [grpc-default-executor-5] INFO  impl.VoteContext (VoteContext.java:log(49)) - 298890a6-3c3b-4de0-a9db-67f24322077e@group-167ECA8AB8D4-FOLLOWER: accept ELECTION from 2c076085-4a54-4643-8427-8625b9ee6dbf: our priority 0 <= candidate's priority 1
2024-08-15 10:20:12,766 [grpc-default-executor-5] INFO  server.RaftServer$Division (RaftServerImpl.java:setRole(376)) - 298890a6-3c3b-4de0-a9db-67f24322077e@group-167ECA8AB8D4: changes role from  FOLLOWER to FOLLOWER at term 1 for candidate:2c076085-4a54-4643-8427-8625b9ee6dbf
2024-08-15 10:20:12,766 [grpc-default-executor-5] INFO  impl.RoleInfo (RoleInfo.java:shutdownFollowerState(119)) - 298890a6-3c3b-4de0-a9db-67f24322077e: shutdown 298890a6-3c3b-4de0-a9db-67f24322077e@group-167ECA8AB8D4-FollowerState
2024-08-15 10:20:12,766 [grpc-default-executor-2] INFO  server.RaftServer$Division (RaftServerImpl.java:requestVote(1449)) - 0825ce75-4a52-449f-9036-c8a968d40eda@group-167ECA8AB8D4 replies to ELECTION vote request: 2c076085-4a54-4643-8427-8625b9ee6dbf<-0825ce75-4a52-449f-9036-c8a968d40eda#0:OK-t1. Peer's state: 0825ce75-4a52-449f-9036-c8a968d40eda@group-167ECA8AB8D4:t1, leader=null, voted=2c076085-4a54-4643-8427-8625b9ee6dbf, raftlog=Memoized:0825ce75-4a52-449f-9036-c8a968d40eda@group-167ECA8AB8D4-SegmentedRaftLog:OPENED:c-1:lastnull, conf=conf: {index: -1, cur=peers:[2c076085-4a54-4643-8427-8625b9ee6dbf|127.0.0.1:15595, 298890a6-3c3b-4de0-a9db-67f24322077e|127.0.0.1:15613, 0825ce75-4a52-449f-9036-c8a968d40eda|127.0.0.1:15604]|listeners:[], old=null}
2024-08-15 10:20:12,766 [298890a6-3c3b-4de0-a9db-67f24322077e@group-167ECA8AB8D4-FollowerState] INFO  impl.FollowerState (FollowerState.java:run(153)) - 298890a6-3c3b-4de0-a9db-67f24322077e@group-167ECA8AB8D4-FollowerState was interrupted
2024-08-15 10:20:12,766 [grpc-default-executor-5] INFO  impl.RoleInfo (RoleInfo.java:updateAndGet(148)) - 298890a6-3c3b-4de0-a9db-67f24322077e: start 298890a6-3c3b-4de0-a9db-67f24322077e@group-167ECA8AB8D4-FollowerState
2024-08-15 10:20:12,766 [2c076085-4a54-4643-8427-8625b9ee6dbf@group-167ECA8AB8D4-LeaderElection156] INFO  impl.LeaderElection (LeaderElection.java:logAndReturn(89)) - 2c076085-4a54-4643-8427-8625b9ee6dbf@group-167ECA8AB8D4-LeaderElection156: ELECTION PASSED received 1 response(s) and 0 exception(s):
2024-08-15 10:20:12,766 [2c076085-4a54-4643-8427-8625b9ee6dbf@group-167ECA8AB8D4-LeaderElection156] INFO  impl.LeaderElection (LeaderElection.java:logAndReturn(93)) -   Response 0: 2c076085-4a54-4643-8427-8625b9ee6dbf<-0825ce75-4a52-449f-9036-c8a968d40eda#0:OK-t1
2024-08-15 10:20:12,766 [2c076085-4a54-4643-8427-8625b9ee6dbf@group-167ECA8AB8D4-LeaderElection156] INFO  impl.LeaderElection (LeaderElection.java:askForVotes(323)) - 2c076085-4a54-4643-8427-8625b9ee6dbf@group-167ECA8AB8D4-LeaderElection156 ELECTION round 0: result PASSED
2024-08-15 10:20:12,766 [2c076085-4a54-4643-8427-8625b9ee6dbf@group-167ECA8AB8D4-LeaderElection156] INFO  impl.RoleInfo (RoleInfo.java:shutdownLeaderElection(139)) - 2c076085-4a54-4643-8427-8625b9ee6dbf: shutdown 2c076085-4a54-4643-8427-8625b9ee6dbf@group-167ECA8AB8D4-LeaderElection156
2024-08-15 10:20:12,766 [2c076085-4a54-4643-8427-8625b9ee6dbf@group-167ECA8AB8D4-LeaderElection156] INFO  server.RaftServer$Division (RaftServerImpl.java:setRole(376)) - 2c076085-4a54-4643-8427-8625b9ee6dbf@group-167ECA8AB8D4: changes role from CANDIDATE to LEADER at term 1 for changeToLeader
2024-08-15 10:20:12,766 [2c076085-4a54-4643-8427-8625b9ee6dbf@group-167ECA8AB8D4-LeaderElection156] INFO  server.RaftServerConfigKeys (ConfUtils.java:logGet(46)) - raft.server.staging.catchup.gap = 1000 (default)
2024-08-15 10:20:12,767 [2c076085-4a54-4643-8427-8625b9ee6dbf@group-167ECA8AB8D4-LeaderElection156] INFO  server.RaftServerConfigKeys (ConfUtils.java:logGet(46)) - raft.server.write.element-limit = 1024 (custom)
2024-08-15 10:20:12,767 [2c076085-4a54-4643-8427-8625b9ee6dbf@group-167ECA8AB8D4-LeaderElection156] INFO  server.RaftServerConfigKeys (ConfUtils.java:logGet(46)) - raft.server.write.byte-limit = 1024 M (=1073741824) (custom)
2024-08-15 10:20:12,768 [2c076085-4a54-4643-8427-8625b9ee6dbf@group-167ECA8AB8D4-LeaderElection156] INFO  server.RaftServerConfigKeys (ConfUtils.java:logGet(46)) - raft.server.watch.timeout = 3000ms (custom)
2024-08-15 10:20:12,768 [2c076085-4a54-4643-8427-8625b9ee6dbf@group-167ECA8AB8D4-LeaderElection156] INFO  server.RaftServerConfigKeys (ConfUtils.java:logGet(46)) - raft.server.watch.timeout.denomination = 1s (default)
2024-08-15 10:20:12,768 [2c076085-4a54-4643-8427-8625b9ee6dbf@group-167ECA8AB8D4-LeaderElection156] INFO  server.RaftServerConfigKeys (ConfUtils.java:logGet(46)) - raft.server.watch.element-limit = 65536 (default)
2024-08-15 10:20:12,768 [2c076085-4a54-4643-8427-8625b9ee6dbf@group-167ECA8AB8D4-LeaderElection156] INFO  server.RaftServerConfigKeys (ConfUtils.java:logGet(46)) - raft.server.read.leader.lease.enabled = false (default)
2024-08-15 10:20:12,769 [2c076085-4a54-4643-8427-8625b9ee6dbf@group-167ECA8AB8D4-LeaderElection156] INFO  server.RaftServerConfigKeys (ConfUtils.java:logGet(46)) - raft.server.read.leader.lease.timeout.ratio = 0.9 (default)
2024-08-15 10:20:12,769 [2c076085-4a54-4643-8427-8625b9ee6dbf@group-167ECA8AB8D4-LeaderElection156] INFO  server.RaftServerConfigKeys (ConfUtils.java:logGet(46)) - raft.server.rpc.timeout.min = 5s (custom)
2024-08-15 10:20:12,769 [2c076085-4a54-4643-8427-8625b9ee6dbf@group-167ECA8AB8D4-LeaderElection156] INFO  server.RaftServerConfigKeys (ConfUtils.java:logGet(46)) - raft.server.log.log-metadata.enabled = true (default)
2024-08-15 10:20:12,769 [2c076085-4a54-4643-8427-8625b9ee6dbf@group-167ECA8AB8D4-LeaderElection156] INFO  server.RaftServerConfigKeys (ConfUtils.java:logGet(46)) - raft.server.write.element-limit = 1024 (custom)
2024-08-15 10:20:12,769 [2c076085-4a54-4643-8427-8625b9ee6dbf@group-167ECA8AB8D4-LeaderElection156] INFO  server.RaftServerConfigKeys (ConfUtils.java:logGet(46)) - raft.server.write.follower.gap.ratio.max = -1.0 (default)
2024-08-15 10:20:12,770 [2c076085-4a54-4643-8427-8625b9ee6dbf@group-167ECA8AB8D4-LeaderElection156] INFO  server.RaftServerConfigKeys (ConfUtils.java:logGet(46)) - raft.server.log.appender.snapshot.chunk.size.max = 16MB (=16777216) (default)
2024-08-15 10:20:12,770 [2c076085-4a54-4643-8427-8625b9ee6dbf@group-167ECA8AB8D4-LeaderElection156] INFO  server.RaftServerConfigKeys (ConfUtils.java:logGet(46)) - raft.server.log.appender.buffer.byte-limit = 8388608 (custom)
2024-08-15 10:20:12,770 [2c076085-4a54-4643-8427-8625b9ee6dbf@group-167ECA8AB8D4-LeaderElection156] INFO  server.RaftServerConfigKeys (ConfUtils.java:logGet(46)) - raft.server.log.appender.buffer.element-limit = 1024 (custom)
2024-08-15 10:20:12,770 [2c076085-4a54-4643-8427-8625b9ee6dbf@group-167ECA8AB8D4-LeaderElection156] INFO  server.RaftServerConfigKeys (ConfUtils.java:logGet(46)) - raft.server.log.appender.wait-time.min = 0ms (custom)
2024-08-15 10:20:12,770 [2c076085-4a54-4643-8427-8625b9ee6dbf@group-167ECA8AB8D4-LeaderElection156] INFO  grpc.GrpcConfigKeys (ConfUtils.java:logGet(46)) - raft.grpc.server.leader.outstanding.appends.max = 8 (default)
2024-08-15 10:20:12,770 [2c076085-4a54-4643-8427-8625b9ee6dbf@group-167ECA8AB8D4-LeaderElection156] INFO  server.RaftServerConfigKeys (ConfUtils.java:logGet(46)) - raft.server.rpc.request.timeout = 3000ms (default)
2024-08-15 10:20:12,770 [2c076085-4a54-4643-8427-8625b9ee6dbf@group-167ECA8AB8D4-LeaderElection156] INFO  grpc.GrpcConfigKeys (ConfUtils.java:logGet(46)) - raft.grpc.server.install_snapshot.request.element-limit = 8 (default)
2024-08-15 10:20:12,771 [2c076085-4a54-4643-8427-8625b9ee6dbf@group-167ECA8AB8D4-LeaderElection156] INFO  grpc.GrpcConfigKeys (ConfUtils.java:logGet(46)) - raft.grpc.server.install_snapshot.request.timeout = 3000ms (default)
2024-08-15 10:20:12,771 [2c076085-4a54-4643-8427-8625b9ee6dbf@group-167ECA8AB8D4-LeaderElection156] INFO  grpc.GrpcConfigKeys (ConfUtils.java:logGet(46)) - raft.grpc.server.log-message.batch.duration = 5s (default)
2024-08-15 10:20:12,771 [2c076085-4a54-4643-8427-8625b9ee6dbf@group-167ECA8AB8D4-LeaderElection156] INFO  server.RaftServerConfigKeys (ConfUtils.java:logGet(46)) - raft.server.log.appender.install.snapshot.enabled = false (custom)
2024-08-15 10:20:12,771 [2c076085-4a54-4643-8427-8625b9ee6dbf@group-167ECA8AB8D4-LeaderElection156] INFO  grpc.GrpcConfigKeys (ConfUtils.java:logGet(46)) - raft.grpc.server.heartbeat.channel = true (default)
2024-08-15 10:20:12,773 [2c076085-4a54-4643-8427-8625b9ee6dbf@group-167ECA8AB8D4-LeaderElection156] INFO  server.RaftServerConfigKeys (ConfUtils.java:logGet(46)) - raft.server.log.appender.snapshot.chunk.size.max = 16MB (=16777216) (default)
2024-08-15 10:20:12,773 [2c076085-4a54-4643-8427-8625b9ee6dbf@group-167ECA8AB8D4-LeaderElection156] INFO  server.RaftServerConfigKeys (ConfUtils.java:logGet(46)) - raft.server.log.appender.buffer.byte-limit = 8388608 (custom)
2024-08-15 10:20:12,773 [2c076085-4a54-4643-8427-8625b9ee6dbf@group-167ECA8AB8D4-LeaderElection156] INFO  server.RaftServerConfigKeys (ConfUtils.java:logGet(46)) - raft.server.log.appender.buffer.element-limit = 1024 (custom)
2024-08-15 10:20:12,773 [2c076085-4a54-4643-8427-8625b9ee6dbf@group-167ECA8AB8D4-LeaderElection156] INFO  server.RaftServerConfigKeys (ConfUtils.java:logGet(46)) - raft.server.log.appender.wait-time.min = 0ms (custom)
2024-08-15 10:20:12,773 [2c076085-4a54-4643-8427-8625b9ee6dbf@group-167ECA8AB8D4-LeaderElection156] INFO  grpc.GrpcConfigKeys (ConfUtils.java:logGet(46)) - raft.grpc.server.leader.outstanding.appends.max = 8 (default)
2024-08-15 10:20:12,773 [2c076085-4a54-4643-8427-8625b9ee6dbf@group-167ECA8AB8D4-LeaderElection156] INFO  server.RaftServerConfigKeys (ConfUtils.java:logGet(46)) - raft.server.rpc.request.timeout = 3000ms (default)
2024-08-15 10:20:12,773 [2c076085-4a54-4643-8427-8625b9ee6dbf@group-167ECA8AB8D4-LeaderElection156] INFO  grpc.GrpcConfigKeys (ConfUtils.java:logGet(46)) - raft.grpc.server.install_snapshot.request.element-limit = 8 (default)
2024-08-15 10:20:12,773 [2c076085-4a54-4643-8427-8625b9ee6dbf@group-167ECA8AB8D4-LeaderElection156] INFO  grpc.GrpcConfigKeys (ConfUtils.java:logGet(46)) - raft.grpc.server.install_snapshot.request.timeout = 3000ms (default)
2024-08-15 10:20:12,773 [2c076085-4a54-4643-8427-8625b9ee6dbf@group-167ECA8AB8D4-LeaderElection156] INFO  grpc.GrpcConfigKeys (ConfUtils.java:logGet(46)) - raft.grpc.server.log-message.batch.duration = 5s (default)
2024-08-15 10:20:12,773 [2c076085-4a54-4643-8427-8625b9ee6dbf@group-167ECA8AB8D4-LeaderElection156] INFO  server.RaftServerConfigKeys (ConfUtils.java:logGet(46)) - raft.server.log.appender.install.snapshot.enabled = false (custom)
2024-08-15 10:20:12,773 [2c076085-4a54-4643-8427-8625b9ee6dbf@group-167ECA8AB8D4-LeaderElection156] INFO  grpc.GrpcConfigKeys (ConfUtils.java:logGet(46)) - raft.grpc.server.heartbeat.channel = true (default)
2024-08-15 10:20:12,774 [2c076085-4a54-4643-8427-8625b9ee6dbf@group-167ECA8AB8D4-LeaderElection156] INFO  impl.RoleInfo (RoleInfo.java:updateAndGet(148)) - 2c076085-4a54-4643-8427-8625b9ee6dbf: start 2c076085-4a54-4643-8427-8625b9ee6dbf@group-167ECA8AB8D4-LeaderStateImpl
2024-08-15 10:20:12,774 [2c076085-4a54-4643-8427-8625b9ee6dbf@group-167ECA8AB8D4-LeaderElection156] INFO  server.RaftServer$Division (RaftServerImpl.java:setFirstElection(549)) - 2c076085-4a54-4643-8427-8625b9ee6dbf@group-167ECA8AB8D4: set firstElectionSinceStartup to false for becomeLeader
2024-08-15 10:20:12,774 [2c076085-4a54-4643-8427-8625b9ee6dbf@group-167ECA8AB8D4-LeaderElection156] INFO  ratis.XceiverServerRatis (XceiverServerRatis.java:handleLeaderChangedNotification(951)) - Leader change notification received for group: group-167ECA8AB8D4 with new leaderId: 2c076085-4a54-4643-8427-8625b9ee6dbf
2024-08-15 10:20:12,774 [2c076085-4a54-4643-8427-8625b9ee6dbf@group-167ECA8AB8D4-LeaderElection156] INFO  server.RaftServer$Division (ServerState.java:setLeader(272)) - 2c076085-4a54-4643-8427-8625b9ee6dbf@group-167ECA8AB8D4: change Leader from null to 2c076085-4a54-4643-8427-8625b9ee6dbf at term 1 for becomeLeader, leader elected after 5142ms
2024-08-15 10:20:12,774 [2c076085-4a54-4643-8427-8625b9ee6dbf@group-167ECA8AB8D4-LeaderElection156] INFO  segmented.SegmentedRaftLogWorker (SegmentedRaftLogWorker.java:startLogSegment(433)) - 2c076085-4a54-4643-8427-8625b9ee6dbf@group-167ECA8AB8D4-SegmentedRaftLogWorker: Starting segment from index:0
2024-08-15 10:20:12,774 [2c076085-4a54-4643-8427-8625b9ee6dbf@group-167ECA8AB8D4-SegmentedRaftLogWorker] INFO  segmented.BufferedWriteChannel (BufferedWriteChannel.java:open(61)) - open log_inprogress_0 at position 0
2024-08-15 10:20:12,775 [EventQueue-PipelineReportForPipelineReportHandler] INFO  pipeline.PipelineReportHandler (PipelineReportHandler.java:processPipelineReport(136)) - Opened pipeline PipelineID=6670d5ce-472b-456f-a80c-167eca8ab8d4
2024-08-15 10:20:12,778 [grpc-default-executor-5] INFO  server.RaftServer$Division (RaftServerImpl.java:requestVote(1449)) - 298890a6-3c3b-4de0-a9db-67f24322077e@group-167ECA8AB8D4 replies to ELECTION vote request: 2c076085-4a54-4643-8427-8625b9ee6dbf<-298890a6-3c3b-4de0-a9db-67f24322077e#0:OK-t1. Peer's state: 298890a6-3c3b-4de0-a9db-67f24322077e@group-167ECA8AB8D4:t1, leader=null, voted=2c076085-4a54-4643-8427-8625b9ee6dbf, raftlog=Memoized:298890a6-3c3b-4de0-a9db-67f24322077e@group-167ECA8AB8D4-SegmentedRaftLog:OPENED:c-1:lastnull, conf=conf: {index: -1, cur=peers:[2c076085-4a54-4643-8427-8625b9ee6dbf|127.0.0.1:15595, 298890a6-3c3b-4de0-a9db-67f24322077e|127.0.0.1:15613, 0825ce75-4a52-449f-9036-c8a968d40eda|127.0.0.1:15604]|listeners:[], old=null}
2024-08-15 10:20:12,783 [2c076085-4a54-4643-8427-8625b9ee6dbf@group-167ECA8AB8D4-LeaderElection156] INFO  server.RaftServer$Division (ServerState.java:setRaftConf(386)) - 2c076085-4a54-4643-8427-8625b9ee6dbf@group-167ECA8AB8D4: set configuration conf: {index: 0, cur=peers:[2c076085-4a54-4643-8427-8625b9ee6dbf|127.0.0.1:15595, 298890a6-3c3b-4de0-a9db-67f24322077e|127.0.0.1:15613, 0825ce75-4a52-449f-9036-c8a968d40eda|127.0.0.1:15604]|listeners:[], old=null}
2024-08-15 10:20:12,786 [2c076085-4a54-4643-8427-8625b9ee6dbf@group-167ECA8AB8D4-SegmentedRaftLogWorker] INFO  segmented.SegmentedRaftLogWorker (SegmentedRaftLogWorker.java:execute(637)) - 2c076085-4a54-4643-8427-8625b9ee6dbf@group-167ECA8AB8D4-SegmentedRaftLogWorker: created new log segment /home/runner/work/ozone/ozone/hadoop-ozone/integration-test/target/test-dir/MiniOzoneClusterImpl-4fe7c5bf-ca33-4415-93e0-e252006dfa59/ozone-meta/datanode-1/ratis/6670d5ce-472b-456f-a80c-167eca8ab8d4/current/log_inprogress_0
2024-08-15 10:20:12,788 [298890a6-3c3b-4de0-a9db-67f24322077e-server-thread1] INFO  ratis.XceiverServerRatis (XceiverServerRatis.java:handleLeaderChangedNotification(951)) - Leader change notification received for group: group-167ECA8AB8D4 with new leaderId: 2c076085-4a54-4643-8427-8625b9ee6dbf
2024-08-15 10:20:12,789 [298890a6-3c3b-4de0-a9db-67f24322077e-server-thread1] INFO  server.RaftServer$Division (ServerState.java:setLeader(272)) - 298890a6-3c3b-4de0-a9db-67f24322077e@group-167ECA8AB8D4: change Leader from null to 2c076085-4a54-4643-8427-8625b9ee6dbf at term 1 for appendEntries, leader elected after 5130ms
2024-08-15 10:20:12,789 [298890a6-3c3b-4de0-a9db-67f24322077e-server-thread2] INFO  server.RaftServer$Division (ServerState.java:setRaftConf(386)) - 298890a6-3c3b-4de0-a9db-67f24322077e@group-167ECA8AB8D4: set configuration conf: {index: 0, cur=peers:[2c076085-4a54-4643-8427-8625b9ee6dbf|127.0.0.1:15595, 298890a6-3c3b-4de0-a9db-67f24322077e|127.0.0.1:15613, 0825ce75-4a52-449f-9036-c8a968d40eda|127.0.0.1:15604]|listeners:[], old=null}
2024-08-15 10:20:12,789 [298890a6-3c3b-4de0-a9db-67f24322077e-server-thread2] INFO  segmented.SegmentedRaftLogWorker (SegmentedRaftLogWorker.java:startLogSegment(433)) - 298890a6-3c3b-4de0-a9db-67f24322077e@group-167ECA8AB8D4-SegmentedRaftLogWorker: Starting segment from index:0
2024-08-15 10:20:12,789 [298890a6-3c3b-4de0-a9db-67f24322077e@group-167ECA8AB8D4-SegmentedRaftLogWorker] INFO  segmented.BufferedWriteChannel (BufferedWriteChannel.java:open(61)) - open log_inprogress_0 at position 0
2024-08-15 10:20:12,797 [0825ce75-4a52-449f-9036-c8a968d40eda-server-thread1] INFO  ratis.XceiverServerRatis (XceiverServerRatis.java:handleLeaderChangedNotification(951)) - Leader change notification received for group: group-167ECA8AB8D4 with new leaderId: 2c076085-4a54-4643-8427-8625b9ee6dbf
2024-08-15 10:20:12,797 [0825ce75-4a52-449f-9036-c8a968d40eda-server-thread1] INFO  server.RaftServer$Division (ServerState.java:setLeader(272)) - 0825ce75-4a52-449f-9036-c8a968d40eda@group-167ECA8AB8D4: change Leader from null to 2c076085-4a54-4643-8427-8625b9ee6dbf at term 1 for appendEntries, leader elected after 5114ms
2024-08-15 10:20:12,798 [298890a6-3c3b-4de0-a9db-67f24322077e@group-167ECA8AB8D4-SegmentedRaftLogWorker] INFO  segmented.SegmentedRaftLogWorker (SegmentedRaftLogWorker.java:execute(637)) - 298890a6-3c3b-4de0-a9db-67f24322077e@group-167ECA8AB8D4-SegmentedRaftLogWorker: created new log segment /home/runner/work/ozone/ozone/hadoop-ozone/integration-test/target/test-dir/MiniOzoneClusterImpl-4fe7c5bf-ca33-4415-93e0-e252006dfa59/ozone-meta/datanode-3/ratis/6670d5ce-472b-456f-a80c-167eca8ab8d4/current/log_inprogress_0
2024-08-15 10:20:12,799 [0825ce75-4a52-449f-9036-c8a968d40eda-server-thread2] INFO  server.RaftServer$Division (ServerState.java:setRaftConf(386)) - 0825ce75-4a52-449f-9036-c8a968d40eda@group-167ECA8AB8D4: set configuration conf: {index: 0, cur=peers:[2c076085-4a54-4643-8427-8625b9ee6dbf|127.0.0.1:15595, 298890a6-3c3b-4de0-a9db-67f24322077e|127.0.0.1:15613, 0825ce75-4a52-449f-9036-c8a968d40eda|127.0.0.1:15604]|listeners:[], old=null}
2024-08-15 10:20:12,799 [0825ce75-4a52-449f-9036-c8a968d40eda-server-thread2] INFO  segmented.SegmentedRaftLogWorker (SegmentedRaftLogWorker.java:startLogSegment(433)) - 0825ce75-4a52-449f-9036-c8a968d40eda@group-167ECA8AB8D4-SegmentedRaftLogWorker: Starting segment from index:0
2024-08-15 10:20:12,799 [0825ce75-4a52-449f-9036-c8a968d40eda@group-167ECA8AB8D4-SegmentedRaftLogWorker] INFO  segmented.BufferedWriteChannel (BufferedWriteChannel.java:open(61)) - open log_inprogress_0 at position 0
2024-08-15 10:20:12,803 [2c076085-4a54-4643-8427-8625b9ee6dbf@group-167ECA8AB8D4-StateMachineUpdater] INFO  server.RaftServer$Division (LeaderStateImpl.java:checkStartIndex(316)) - Leader 2c076085-4a54-4643-8427-8625b9ee6dbf@group-167ECA8AB8D4-LeaderStateImpl is ready since appliedIndex == startIndex == 0
2024-08-15 10:20:12,811 [0825ce75-4a52-449f-9036-c8a968d40eda@group-167ECA8AB8D4-SegmentedRaftLogWorker] INFO  segmented.SegmentedRaftLogWorker (SegmentedRaftLogWorker.java:execute(637)) - 0825ce75-4a52-449f-9036-c8a968d40eda@group-167ECA8AB8D4-SegmentedRaftLogWorker: created new log segment /home/runner/work/ozone/ozone/hadoop-ozone/integration-test/target/test-dir/MiniOzoneClusterImpl-4fe7c5bf-ca33-4415-93e0-e252006dfa59/ozone-meta/datanode-2/ratis/6670d5ce-472b-456f-a80c-167eca8ab8d4/current/log_inprogress_0
2024-08-15 10:20:12,837 [298890a6-3c3b-4de0-a9db-67f24322077e@group-E905553BCA68-FollowerState] INFO  server.RaftServerConfigKeys (ConfUtils.java:logFallback(53)) - raft.server.rpc.first-election.timeout.min = 5s (fallback to raft.server.rpc.timeout.min)
2024-08-15 10:20:12,837 [298890a6-3c3b-4de0-a9db-67f24322077e@group-E905553BCA68-FollowerState] INFO  server.RaftServerConfigKeys (ConfUtils.java:logFallback(53)) - raft.server.rpc.first-election.timeout.max = 5200ms (fallback to raft.server.rpc.timeout.max)
2024-08-15 10:20:12,868 [0825ce75-4a52-449f-9036-c8a968d40eda@group-E905553BCA68-FollowerState] INFO  impl.FollowerState (FollowerState.java:run(144)) - 0825ce75-4a52-449f-9036-c8a968d40eda@group-E905553BCA68-FollowerState: change to CANDIDATE, lastRpcElapsedTime:5098460216ns, electionTimeout:5098ms
2024-08-15 10:20:12,868 [0825ce75-4a52-449f-9036-c8a968d40eda@group-E905553BCA68-FollowerState] INFO  impl.RoleInfo (RoleInfo.java:shutdownFollowerState(119)) - 0825ce75-4a52-449f-9036-c8a968d40eda: shutdown 0825ce75-4a52-449f-9036-c8a968d40eda@group-E905553BCA68-FollowerState
2024-08-15 10:20:12,868 [0825ce75-4a52-449f-9036-c8a968d40eda@group-E905553BCA68-FollowerState] INFO  server.RaftServer$Division (RaftServerImpl.java:setRole(376)) - 0825ce75-4a52-449f-9036-c8a968d40eda@group-E905553BCA68: changes role from  FOLLOWER to CANDIDATE at term 0 for changeToCandidate
2024-08-15 10:20:12,868 [0825ce75-4a52-449f-9036-c8a968d40eda@group-E905553BCA68-FollowerState] INFO  server.RaftServerConfigKeys (ConfUtils.java:logGet(46)) - raft.server.leaderelection.pre-vote = true (default)
2024-08-15 10:20:12,868 [0825ce75-4a52-449f-9036-c8a968d40eda@group-E905553BCA68-FollowerState] INFO  impl.RoleInfo (RoleInfo.java:updateAndGet(148)) - 0825ce75-4a52-449f-9036-c8a968d40eda: start 0825ce75-4a52-449f-9036-c8a968d40eda@group-E905553BCA68-LeaderElection157
2024-08-15 10:20:12,869 [0825ce75-4a52-449f-9036-c8a968d40eda@group-E905553BCA68-LeaderElection157] INFO  impl.LeaderElection (LeaderElection.java:askForVotes(321)) - 0825ce75-4a52-449f-9036-c8a968d40eda@group-E905553BCA68-LeaderElection157 PRE_VOTE round 0: submit vote requests at term 0 for conf: {index: -1, cur=peers:[2c076085-4a54-4643-8427-8625b9ee6dbf|127.0.0.1:15595, 298890a6-3c3b-4de0-a9db-67f24322077e|127.0.0.1:15613, 0825ce75-4a52-449f-9036-c8a968d40eda|127.0.0.1:15604]|listeners:[], old=null}
2024-08-15 10:20:12,869 [0825ce75-4a52-449f-9036-c8a968d40eda@group-E905553BCA68-LeaderElection157-1] INFO  server.GrpcServerProtocolClient (GrpcServerProtocolClient.java:<init>(65)) - Build channel for 2c076085-4a54-4643-8427-8625b9ee6dbf|127.0.0.1:15595
2024-08-15 10:20:12,869 [0825ce75-4a52-449f-9036-c8a968d40eda@group-E905553BCA68-LeaderElection157] INFO  server.RaftServerConfigKeys (ConfUtils.java:logFallback(53)) - raft.server.rpc.first-election.timeout.min = 5s (fallback to raft.server.rpc.timeout.min)
2024-08-15 10:20:12,870 [0825ce75-4a52-449f-9036-c8a968d40eda@group-E905553BCA68-LeaderElection157] INFO  server.RaftServerConfigKeys (ConfUtils.java:logFallback(53)) - raft.server.rpc.first-election.timeout.max = 5200ms (fallback to raft.server.rpc.timeout.max)
2024-08-15 10:20:12,870 [0825ce75-4a52-449f-9036-c8a968d40eda@group-E905553BCA68-LeaderElection157-2] INFO  server.GrpcServerProtocolClient (GrpcServerProtocolClient.java:<init>(65)) - Build channel for 298890a6-3c3b-4de0-a9db-67f24322077e|127.0.0.1:15613
2024-08-15 10:20:12,872 [grpc-default-executor-0] INFO  server.RaftServer$Division (RaftServerImpl.java:requestVote(1416)) - 2c076085-4a54-4643-8427-8625b9ee6dbf@group-E905553BCA68: receive requestVote(PRE_VOTE, 0825ce75-4a52-449f-9036-c8a968d40eda, group-E905553BCA68, 0, (t:0, i:0))
2024-08-15 10:20:12,872 [grpc-default-executor-0] INFO  impl.VoteContext (VoteContext.java:log(49)) - 2c076085-4a54-4643-8427-8625b9ee6dbf@group-E905553BCA68-FOLLOWER: accept PRE_VOTE from 0825ce75-4a52-449f-9036-c8a968d40eda: our priority 0 <= candidate's priority 1
2024-08-15 10:20:12,873 [grpc-default-executor-2] INFO  server.RaftServer$Division (RaftServerImpl.java:requestVote(1416)) - 298890a6-3c3b-4de0-a9db-67f24322077e@group-E905553BCA68: receive requestVote(PRE_VOTE, 0825ce75-4a52-449f-9036-c8a968d40eda, group-E905553BCA68, 0, (t:0, i:0))
2024-08-15 10:20:12,873 [grpc-default-executor-0] INFO  server.RaftServer$Division (RaftServerImpl.java:requestVote(1449)) - 2c076085-4a54-4643-8427-8625b9ee6dbf@group-E905553BCA68 replies to PRE_VOTE vote request: 0825ce75-4a52-449f-9036-c8a968d40eda<-2c076085-4a54-4643-8427-8625b9ee6dbf#0:OK-t0. Peer's state: 2c076085-4a54-4643-8427-8625b9ee6dbf@group-E905553BCA68:t0, leader=null, voted=, raftlog=Memoized:2c076085-4a54-4643-8427-8625b9ee6dbf@group-E905553BCA68-SegmentedRaftLog:OPENED:c-1:lastnull, conf=conf: {index: -1, cur=peers:[2c076085-4a54-4643-8427-8625b9ee6dbf|127.0.0.1:15595, 298890a6-3c3b-4de0-a9db-67f24322077e|127.0.0.1:15613, 0825ce75-4a52-449f-9036-c8a968d40eda|127.0.0.1:15604]|listeners:[], old=null}
2024-08-15 10:20:12,873 [grpc-default-executor-2] INFO  impl.VoteContext (VoteContext.java:log(49)) - 298890a6-3c3b-4de0-a9db-67f24322077e@group-E905553BCA68-FOLLOWER: accept PRE_VOTE from 0825ce75-4a52-449f-9036-c8a968d40eda: our priority 0 <= candidate's priority 1
2024-08-15 10:20:12,873 [grpc-default-executor-2] INFO  server.RaftServer$Division (RaftServerImpl.java:requestVote(1449)) - 298890a6-3c3b-4de0-a9db-67f24322077e@group-E905553BCA68 replies to PRE_VOTE vote request: 0825ce75-4a52-449f-9036-c8a968d40eda<-298890a6-3c3b-4de0-a9db-67f24322077e#0:OK-t0. Peer's state: 298890a6-3c3b-4de0-a9db-67f24322077e@group-E905553BCA68:t0, leader=null, voted=, raftlog=Memoized:298890a6-3c3b-4de0-a9db-67f24322077e@group-E905553BCA68-SegmentedRaftLog:OPENED:c-1:lastnull, conf=conf: {index: -1, cur=peers:[2c076085-4a54-4643-8427-8625b9ee6dbf|127.0.0.1:15595, 298890a6-3c3b-4de0-a9db-67f24322077e|127.0.0.1:15613, 0825ce75-4a52-449f-9036-c8a968d40eda|127.0.0.1:15604]|listeners:[], old=null}
2024-08-15 10:20:12,873 [0825ce75-4a52-449f-9036-c8a968d40eda@group-E905553BCA68-LeaderElection157] INFO  impl.LeaderElection (LeaderElection.java:logAndReturn(89)) - 0825ce75-4a52-449f-9036-c8a968d40eda@group-E905553BCA68-LeaderElection157: PRE_VOTE PASSED received 1 response(s) and 0 exception(s):
2024-08-15 10:20:12,873 [0825ce75-4a52-449f-9036-c8a968d40eda@group-E905553BCA68-LeaderElection157] INFO  impl.LeaderElection (LeaderElection.java:logAndReturn(93)) -   Response 0: 0825ce75-4a52-449f-9036-c8a968d40eda<-2c076085-4a54-4643-8427-8625b9ee6dbf#0:OK-t0
2024-08-15 10:20:12,873 [0825ce75-4a52-449f-9036-c8a968d40eda@group-E905553BCA68-LeaderElection157] INFO  impl.LeaderElection (LeaderElection.java:askForVotes(323)) - 0825ce75-4a52-449f-9036-c8a968d40eda@group-E905553BCA68-LeaderElection157 PRE_VOTE round 0: result PASSED
2024-08-15 10:20:12,874 [0825ce75-4a52-449f-9036-c8a968d40eda@group-E905553BCA68-LeaderElection157] INFO  impl.LeaderElection (LeaderElection.java:askForVotes(321)) - 0825ce75-4a52-449f-9036-c8a968d40eda@group-E905553BCA68-LeaderElection157 ELECTION round 0: submit vote requests at term 1 for conf: {index: -1, cur=peers:[2c076085-4a54-4643-8427-8625b9ee6dbf|127.0.0.1:15595, 298890a6-3c3b-4de0-a9db-67f24322077e|127.0.0.1:15613, 0825ce75-4a52-449f-9036-c8a968d40eda|127.0.0.1:15604]|listeners:[], old=null}
2024-08-15 10:20:12,875 [0825ce75-4a52-449f-9036-c8a968d40eda@group-E905553BCA68-LeaderElection157] INFO  server.RaftServerConfigKeys (ConfUtils.java:logFallback(53)) - raft.server.rpc.first-election.timeout.min = 5s (fallback to raft.server.rpc.timeout.min)
2024-08-15 10:20:12,875 [0825ce75-4a52-449f-9036-c8a968d40eda@group-E905553BCA68-LeaderElection157] INFO  server.RaftServerConfigKeys (ConfUtils.java:logFallback(53)) - raft.server.rpc.first-election.timeout.max = 5200ms (fallback to raft.server.rpc.timeout.max)
2024-08-15 10:20:12,875 [grpc-default-executor-2] INFO  server.RaftServer$Division (RaftServerImpl.java:requestVote(1416)) - 2c076085-4a54-4643-8427-8625b9ee6dbf@group-E905553BCA68: receive requestVote(ELECTION, 0825ce75-4a52-449f-9036-c8a968d40eda, group-E905553BCA68, 1, (t:0, i:0))
2024-08-15 10:20:12,875 [grpc-default-executor-2] INFO  impl.VoteContext (VoteContext.java:log(49)) - 2c076085-4a54-4643-8427-8625b9ee6dbf@group-E905553BCA68-FOLLOWER: accept ELECTION from 0825ce75-4a52-449f-9036-c8a968d40eda: our priority 0 <= candidate's priority 1
2024-08-15 10:20:12,875 [grpc-default-executor-0] INFO  server.RaftServer$Division (RaftServerImpl.java:requestVote(1416)) - 298890a6-3c3b-4de0-a9db-67f24322077e@group-E905553BCA68: receive requestVote(ELECTION, 0825ce75-4a52-449f-9036-c8a968d40eda, group-E905553BCA68, 1, (t:0, i:0))
2024-08-15 10:20:12,875 [grpc-default-executor-0] INFO  impl.VoteContext (VoteContext.java:log(49)) - 298890a6-3c3b-4de0-a9db-67f24322077e@group-E905553BCA68-FOLLOWER: accept ELECTION from 0825ce75-4a52-449f-9036-c8a968d40eda: our priority 0 <= candidate's priority 1
2024-08-15 10:20:12,875 [grpc-default-executor-0] INFO  server.RaftServer$Division (RaftServerImpl.java:setRole(376)) - 298890a6-3c3b-4de0-a9db-67f24322077e@group-E905553BCA68: changes role from  FOLLOWER to FOLLOWER at term 1 for candidate:0825ce75-4a52-449f-9036-c8a968d40eda
2024-08-15 10:20:12,875 [grpc-default-executor-0] INFO  impl.RoleInfo (RoleInfo.java:shutdownFollowerState(119)) - 298890a6-3c3b-4de0-a9db-67f24322077e: shutdown 298890a6-3c3b-4de0-a9db-67f24322077e@group-E905553BCA68-FollowerState
2024-08-15 10:20:12,875 [grpc-default-executor-0] INFO  impl.RoleInfo (RoleInfo.java:updateAndGet(148)) - 298890a6-3c3b-4de0-a9db-67f24322077e: start 298890a6-3c3b-4de0-a9db-67f24322077e@group-E905553BCA68-FollowerState
2024-08-15 10:20:12,875 [grpc-default-executor-2] INFO  server.RaftServer$Division (RaftServerImpl.java:setRole(376)) - 2c076085-4a54-4643-8427-8625b9ee6dbf@group-E905553BCA68: changes role from  FOLLOWER to FOLLOWER at term 1 for candidate:0825ce75-4a52-449f-9036-c8a968d40eda
2024-08-15 10:20:12,876 [grpc-default-executor-2] INFO  impl.RoleInfo (RoleInfo.java:shutdownFollowerState(119)) - 2c076085-4a54-4643-8427-8625b9ee6dbf: shutdown 2c076085-4a54-4643-8427-8625b9ee6dbf@group-E905553BCA68-FollowerState
2024-08-15 10:20:12,876 [grpc-default-executor-2] INFO  impl.RoleInfo (RoleInfo.java:updateAndGet(148)) - 2c076085-4a54-4643-8427-8625b9ee6dbf: start 2c076085-4a54-4643-8427-8625b9ee6dbf@group-E905553BCA68-FollowerState
2024-08-15 10:20:12,875 [298890a6-3c3b-4de0-a9db-67f24322077e@group-E905553BCA68-FollowerState] INFO  impl.FollowerState (FollowerState.java:run(153)) - 298890a6-3c3b-4de0-a9db-67f24322077e@group-E905553BCA68-FollowerState was interrupted
2024-08-15 10:20:12,876 [2c076085-4a54-4643-8427-8625b9ee6dbf@group-E905553BCA68-FollowerState] INFO  impl.FollowerState (FollowerState.java:run(153)) - 2c076085-4a54-4643-8427-8625b9ee6dbf@group-E905553BCA68-FollowerState was interrupted
2024-08-15 10:20:12,876 [grpc-default-executor-0] INFO  server.RaftServer$Division (RaftServerImpl.java:setFirstElection(549)) - 298890a6-3c3b-4de0-a9db-67f24322077e@group-E905553BCA68: set firstElectionSinceStartup to false for candidate:0825ce75-4a52-449f-9036-c8a968d40eda
2024-08-15 10:20:12,877 [grpc-default-executor-0] INFO  server.RaftServer$Division (RaftServerImpl.java:requestVote(1449)) - 298890a6-3c3b-4de0-a9db-67f24322077e@group-E905553BCA68 replies to ELECTION vote request: 0825ce75-4a52-449f-9036-c8a968d40eda<-298890a6-3c3b-4de0-a9db-67f24322077e#0:OK-t1. Peer's state: 298890a6-3c3b-4de0-a9db-67f24322077e@group-E905553BCA68:t1, leader=null, voted=0825ce75-4a52-449f-9036-c8a968d40eda, raftlog=Memoized:298890a6-3c3b-4de0-a9db-67f24322077e@group-E905553BCA68-SegmentedRaftLog:OPENED:c-1:lastnull, conf=conf: {index: -1, cur=peers:[2c076085-4a54-4643-8427-8625b9ee6dbf|127.0.0.1:15595, 298890a6-3c3b-4de0-a9db-67f24322077e|127.0.0.1:15613, 0825ce75-4a52-449f-9036-c8a968d40eda|127.0.0.1:15604]|listeners:[], old=null}
2024-08-15 10:20:12,877 [grpc-default-executor-2] INFO  server.RaftServer$Division (RaftServerImpl.java:requestVote(1449)) - 2c076085-4a54-4643-8427-8625b9ee6dbf@group-E905553BCA68 replies to ELECTION vote request: 0825ce75-4a52-449f-9036-c8a968d40eda<-2c076085-4a54-4643-8427-8625b9ee6dbf#0:OK-t1. Peer's state: 2c076085-4a54-4643-8427-8625b9ee6dbf@group-E905553BCA68:t1, leader=null, voted=0825ce75-4a52-449f-9036-c8a968d40eda, raftlog=Memoized:2c076085-4a54-4643-8427-8625b9ee6dbf@group-E905553BCA68-SegmentedRaftLog:OPENED:c-1:lastnull, conf=conf: {index: -1, cur=peers:[2c076085-4a54-4643-8427-8625b9ee6dbf|127.0.0.1:15595, 298890a6-3c3b-4de0-a9db-67f24322077e|127.0.0.1:15613, 0825ce75-4a52-449f-9036-c8a968d40eda|127.0.0.1:15604]|listeners:[], old=null}
2024-08-15 10:20:12,877 [0825ce75-4a52-449f-9036-c8a968d40eda@group-E905553BCA68-LeaderElection157] INFO  impl.LeaderElection (LeaderElection.java:logAndReturn(89)) - 0825ce75-4a52-449f-9036-c8a968d40eda@group-E905553BCA68-LeaderElection157: ELECTION PASSED received 1 response(s) and 0 exception(s):
2024-08-15 10:20:12,878 [0825ce75-4a52-449f-9036-c8a968d40eda@group-E905553BCA68-LeaderElection157] INFO  impl.LeaderElection (LeaderElection.java:logAndReturn(93)) -   Response 0: 0825ce75-4a52-449f-9036-c8a968d40eda<-298890a6-3c3b-4de0-a9db-67f24322077e#0:OK-t1
2024-08-15 10:20:12,878 [0825ce75-4a52-449f-9036-c8a968d40eda@group-E905553BCA68-LeaderElection157] INFO  impl.LeaderElection (LeaderElection.java:askForVotes(323)) - 0825ce75-4a52-449f-9036-c8a968d40eda@group-E905553BCA68-LeaderElection157 ELECTION round 0: result PASSED
2024-08-15 10:20:12,878 [0825ce75-4a52-449f-9036-c8a968d40eda@group-E905553BCA68-LeaderElection157] INFO  impl.RoleInfo (RoleInfo.java:shutdownLeaderElection(139)) - 0825ce75-4a52-449f-9036-c8a968d40eda: shutdown 0825ce75-4a52-449f-9036-c8a968d40eda@group-E905553BCA68-LeaderElection157
2024-08-15 10:20:12,878 [0825ce75-4a52-449f-9036-c8a968d40eda@group-E905553BCA68-LeaderElection157] INFO  server.RaftServer$Division (RaftServerImpl.java:setRole(376)) - 0825ce75-4a52-449f-9036-c8a968d40eda@group-E905553BCA68: changes role from CANDIDATE to LEADER at term 1 for changeToLeader
2024-08-15 10:20:12,878 [0825ce75-4a52-449f-9036-c8a968d40eda@group-E905553BCA68-LeaderElection157] INFO  server.RaftServerConfigKeys (ConfUtils.java:logGet(46)) - raft.server.staging.catchup.gap = 1000 (default)
2024-08-15 10:20:12,878 [0825ce75-4a52-449f-9036-c8a968d40eda@group-E905553BCA68-LeaderElection157] INFO  server.RaftServerConfigKeys (ConfUtils.java:logGet(46)) - raft.server.write.element-limit = 1024 (custom)
2024-08-15 10:20:12,878 [0825ce75-4a52-449f-9036-c8a968d40eda@group-E905553BCA68-LeaderElection157] INFO  server.RaftServerConfigKeys (ConfUtils.java:logGet(46)) - raft.server.write.byte-limit = 1024 M (=1073741824) (custom)
2024-08-15 10:20:12,878 [0825ce75-4a52-449f-9036-c8a968d40eda@group-E905553BCA68-LeaderElection157] INFO  server.RaftServerConfigKeys (ConfUtils.java:logGet(46)) - raft.server.watch.timeout = 3000ms (custom)
2024-08-15 10:20:12,878 [0825ce75-4a52-449f-9036-c8a968d40eda@group-E905553BCA68-LeaderElection157] INFO  server.RaftServerConfigKeys (ConfUtils.java:logGet(46)) - raft.server.watch.timeout.denomination = 1s (default)
2024-08-15 10:20:12,879 [0825ce75-4a52-449f-9036-c8a968d40eda@group-E905553BCA68-LeaderElection157] INFO  server.RaftServerConfigKeys (ConfUtils.java:logGet(46)) - raft.server.watch.element-limit = 65536 (default)
2024-08-15 10:20:12,879 [0825ce75-4a52-449f-9036-c8a968d40eda@group-E905553BCA68-LeaderElection157] INFO  server.RaftServerConfigKeys (ConfUtils.java:logGet(46)) - raft.server.read.leader.lease.enabled = false (default)
2024-08-15 10:20:12,879 [0825ce75-4a52-449f-9036-c8a968d40eda@group-E905553BCA68-LeaderElection157] INFO  server.RaftServerConfigKeys (ConfUtils.java:logGet(46)) - raft.server.read.leader.lease.timeout.ratio = 0.9 (default)
2024-08-15 10:20:12,879 [0825ce75-4a52-449f-9036-c8a968d40eda@group-E905553BCA68-LeaderElection157] INFO  server.RaftServerConfigKeys (ConfUtils.java:logGet(46)) - raft.server.rpc.timeout.min = 5s (custom)
2024-08-15 10:20:12,879 [0825ce75-4a52-449f-9036-c8a968d40eda@group-E905553BCA68-LeaderElection157] INFO  server.RaftServerConfigKeys (ConfUtils.java:logGet(46)) - raft.server.log.log-metadata.enabled = true (default)
2024-08-15 10:20:12,879 [0825ce75-4a52-449f-9036-c8a968d40eda@group-E905553BCA68-LeaderElection157] INFO  server.RaftServerConfigKeys (ConfUtils.java:logGet(46)) - raft.server.write.element-limit = 1024 (custom)
2024-08-15 10:20:12,879 [0825ce75-4a52-449f-9036-c8a968d40eda@group-E905553BCA68-LeaderElection157] INFO  server.RaftServerConfigKeys (ConfUtils.java:logGet(46)) - raft.server.write.follower.gap.ratio.max = -1.0 (default)
2024-08-15 10:20:12,880 [0825ce75-4a52-449f-9036-c8a968d40eda@group-E905553BCA68-LeaderElection157] INFO  server.RaftServerConfigKeys (ConfUtils.java:logGet(46)) - raft.server.log.appender.snapshot.chunk.size.max = 16MB (=16777216) (default)
2024-08-15 10:20:12,880 [0825ce75-4a52-449f-9036-c8a968d40eda@group-E905553BCA68-LeaderElection157] INFO  server.RaftServerConfigKeys (ConfUtils.java:logGet(46)) - raft.server.log.appender.buffer.byte-limit = 8388608 (custom)
2024-08-15 10:20:12,880 [0825ce75-4a52-449f-9036-c8a968d40eda@group-E905553BCA68-LeaderElection157] INFO  server.RaftServerConfigKeys (ConfUtils.java:logGet(46)) - raft.server.log.appender.buffer.element-limit = 1024 (custom)
2024-08-15 10:20:12,880 [0825ce75-4a52-449f-9036-c8a968d40eda@group-E905553BCA68-LeaderElection157] INFO  server.RaftServerConfigKeys (ConfUtils.java:logGet(46)) - raft.server.log.appender.wait-time.min = 0ms (custom)
2024-08-15 10:20:12,880 [0825ce75-4a52-449f-9036-c8a968d40eda@group-E905553BCA68-LeaderElection157] INFO  grpc.GrpcConfigKeys (ConfUtils.java:logGet(46)) - raft.grpc.server.leader.outstanding.appends.max = 8 (default)
2024-08-15 10:20:12,880 [0825ce75-4a52-449f-9036-c8a968d40eda@group-E905553BCA68-LeaderElection157] INFO  server.RaftServerConfigKeys (ConfUtils.java:logGet(46)) - raft.server.rpc.request.timeout = 3000ms (default)
2024-08-15 10:20:12,880 [0825ce75-4a52-449f-9036-c8a968d40eda@group-E905553BCA68-LeaderElection157] INFO  grpc.GrpcConfigKeys (ConfUtils.java:logGet(46)) - raft.grpc.server.install_snapshot.request.element-limit = 8 (default)
2024-08-15 10:20:12,880 [0825ce75-4a52-449f-9036-c8a968d40eda@group-E905553BCA68-LeaderElection157] INFO  grpc.GrpcConfigKeys (ConfUtils.java:logGet(46)) - raft.grpc.server.install_snapshot.request.timeout = 3000ms (default)
2024-08-15 10:20:12,880 [0825ce75-4a52-449f-9036-c8a968d40eda@group-E905553BCA68-LeaderElection157] INFO  grpc.GrpcConfigKeys (ConfUtils.java:logGet(46)) - raft.grpc.server.log-message.batch.duration = 5s (default)
2024-08-15 10:20:12,880 [0825ce75-4a52-449f-9036-c8a968d40eda@group-E905553BCA68-LeaderElection157] INFO  server.RaftServerConfigKeys (ConfUtils.java:logGet(46)) - raft.server.log.appender.install.snapshot.enabled = false (custom)
2024-08-15 10:20:12,881 [0825ce75-4a52-449f-9036-c8a968d40eda@group-E905553BCA68-LeaderElection157] INFO  grpc.GrpcConfigKeys (ConfUtils.java:logGet(46)) - raft.grpc.server.heartbeat.channel = true (default)
2024-08-15 10:20:12,882 [0825ce75-4a52-449f-9036-c8a968d40eda@group-E905553BCA68-LeaderElection157] INFO  server.RaftServerConfigKeys (ConfUtils.java:logGet(46)) - raft.server.log.appender.snapshot.chunk.size.max = 16MB (=16777216) (default)
2024-08-15 10:20:12,882 [0825ce75-4a52-449f-9036-c8a968d40eda@group-E905553BCA68-LeaderElection157] INFO  server.RaftServerConfigKeys (ConfUtils.java:logGet(46)) - raft.server.log.appender.buffer.byte-limit = 8388608 (custom)
2024-08-15 10:20:12,882 [0825ce75-4a52-449f-9036-c8a968d40eda@group-E905553BCA68-LeaderElection157] INFO  server.RaftServerConfigKeys (ConfUtils.java:logGet(46)) - raft.server.log.appender.buffer.element-limit = 1024 (custom)
2024-08-15 10:20:12,882 [0825ce75-4a52-449f-9036-c8a968d40eda@group-E905553BCA68-LeaderElection157] INFO  server.RaftServerConfigKeys (ConfUtils.java:logGet(46)) - raft.server.log.appender.wait-time.min = 0ms (custom)
2024-08-15 10:20:12,882 [0825ce75-4a52-449f-9036-c8a968d40eda@group-E905553BCA68-LeaderElection157] INFO  grpc.GrpcConfigKeys (ConfUtils.java:logGet(46)) - raft.grpc.server.leader.outstanding.appends.max = 8 (default)
2024-08-15 10:20:12,882 [0825ce75-4a52-449f-9036-c8a968d40eda@group-E905553BCA68-LeaderElection157] INFO  server.RaftServerConfigKeys (ConfUtils.java:logGet(46)) - raft.server.rpc.request.timeout = 3000ms (default)
2024-08-15 10:20:12,882 [0825ce75-4a52-449f-9036-c8a968d40eda@group-E905553BCA68-LeaderElection157] INFO  grpc.GrpcConfigKeys (ConfUtils.java:logGet(46)) - raft.grpc.server.install_snapshot.request.element-limit = 8 (default)
2024-08-15 10:20:12,882 [0825ce75-4a52-449f-9036-c8a968d40eda@group-E905553BCA68-LeaderElection157] INFO  grpc.GrpcConfigKeys (ConfUtils.java:logGet(46)) - raft.grpc.server.install_snapshot.request.timeout = 3000ms (default)
2024-08-15 10:20:12,882 [0825ce75-4a52-449f-9036-c8a968d40eda@group-E905553BCA68-LeaderElection157] INFO  grpc.GrpcConfigKeys (ConfUtils.java:logGet(46)) - raft.grpc.server.log-message.batch.duration = 5s (default)
2024-08-15 10:20:12,882 [0825ce75-4a52-449f-9036-c8a968d40eda@group-E905553BCA68-LeaderElection157] INFO  server.RaftServerConfigKeys (ConfUtils.java:logGet(46)) - raft.server.log.appender.install.snapshot.enabled = false (custom)
2024-08-15 10:20:12,882 [0825ce75-4a52-449f-9036-c8a968d40eda@group-E905553BCA68-LeaderElection157] INFO  grpc.GrpcConfigKeys (ConfUtils.java:logGet(46)) - raft.grpc.server.heartbeat.channel = true (default)
2024-08-15 10:20:12,882 [0825ce75-4a52-449f-9036-c8a968d40eda@group-E905553BCA68-LeaderElection157] INFO  impl.RoleInfo (RoleInfo.java:updateAndGet(148)) - 0825ce75-4a52-449f-9036-c8a968d40eda: start 0825ce75-4a52-449f-9036-c8a968d40eda@group-E905553BCA68-LeaderStateImpl
2024-08-15 10:20:12,882 [0825ce75-4a52-449f-9036-c8a968d40eda@group-E905553BCA68-LeaderElection157] INFO  server.RaftServer$Division (RaftServerImpl.java:setFirstElection(549)) - 0825ce75-4a52-449f-9036-c8a968d40eda@group-E905553BCA68: set firstElectionSinceStartup to false for becomeLeader
2024-08-15 10:20:12,882 [0825ce75-4a52-449f-9036-c8a968d40eda@group-E905553BCA68-LeaderElection157] INFO  ratis.XceiverServerRatis (XceiverServerRatis.java:handleLeaderChangedNotification(951)) - Leader change notification received for group: group-E905553BCA68 with new leaderId: 0825ce75-4a52-449f-9036-c8a968d40eda
2024-08-15 10:20:12,883 [0825ce75-4a52-449f-9036-c8a968d40eda@group-E905553BCA68-LeaderElection157] INFO  server.RaftServer$Division (ServerState.java:setLeader(272)) - 0825ce75-4a52-449f-9036-c8a968d40eda@group-E905553BCA68: change Leader from null to 0825ce75-4a52-449f-9036-c8a968d40eda at term 1 for becomeLeader, leader elected after 5129ms
2024-08-15 10:20:12,883 [0825ce75-4a52-449f-9036-c8a968d40eda@group-E905553BCA68-LeaderElection157] INFO  segmented.SegmentedRaftLogWorker (SegmentedRaftLogWorker.java:startLogSegment(433)) - 0825ce75-4a52-449f-9036-c8a968d40eda@group-E905553BCA68-SegmentedRaftLogWorker: Starting segment from index:0
2024-08-15 10:20:12,883 [0825ce75-4a52-449f-9036-c8a968d40eda@group-E905553BCA68-SegmentedRaftLogWorker] INFO  segmented.BufferedWriteChannel (BufferedWriteChannel.java:open(61)) - open log_inprogress_0 at position 0
2024-08-15 10:20:12,884 [EventQueue-PipelineReportForPipelineReportHandler] INFO  pipeline.PipelineReportHandler (PipelineReportHandler.java:processPipelineReport(136)) - Opened pipeline PipelineID=04d0640d-02ff-45d5-b287-e905553bca68
2024-08-15 10:20:12,885 [0825ce75-4a52-449f-9036-c8a968d40eda@group-E905553BCA68-LeaderElection157] INFO  server.RaftServer$Division (ServerState.java:setRaftConf(386)) - 0825ce75-4a52-449f-9036-c8a968d40eda@group-E905553BCA68: set configuration conf: {index: 0, cur=peers:[2c076085-4a54-4643-8427-8625b9ee6dbf|127.0.0.1:15595, 298890a6-3c3b-4de0-a9db-67f24322077e|127.0.0.1:15613, 0825ce75-4a52-449f-9036-c8a968d40eda|127.0.0.1:15604]|listeners:[], old=null}
2024-08-15 10:20:12,893 [0825ce75-4a52-449f-9036-c8a968d40eda@group-E905553BCA68-SegmentedRaftLogWorker] INFO  segmented.SegmentedRaftLogWorker (SegmentedRaftLogWorker.java:execute(637)) - 0825ce75-4a52-449f-9036-c8a968d40eda@group-E905553BCA68-SegmentedRaftLogWorker: created new log segment /home/runner/work/ozone/ozone/hadoop-ozone/integration-test/target/test-dir/MiniOzoneClusterImpl-4fe7c5bf-ca33-4415-93e0-e252006dfa59/ozone-meta/datanode-2/ratis/04d0640d-02ff-45d5-b287-e905553bca68/current/log_inprogress_0
2024-08-15 10:20:12,894 [298890a6-3c3b-4de0-a9db-67f24322077e-server-thread1] INFO  ratis.XceiverServerRatis (XceiverServerRatis.java:handleLeaderChangedNotification(951)) - Leader change notification received for group: group-E905553BCA68 with new leaderId: 0825ce75-4a52-449f-9036-c8a968d40eda
2024-08-15 10:20:12,894 [298890a6-3c3b-4de0-a9db-67f24322077e-server-thread1] INFO  server.RaftServer$Division (ServerState.java:setLeader(272)) - 298890a6-3c3b-4de0-a9db-67f24322077e@group-E905553BCA68: change Leader from null to 0825ce75-4a52-449f-9036-c8a968d40eda at term 1 for appendEntries, leader elected after 5167ms
2024-08-15 10:20:12,895 [2c076085-4a54-4643-8427-8625b9ee6dbf-server-thread1] INFO  ratis.XceiverServerRatis (XceiverServerRatis.java:handleLeaderChangedNotification(951)) - Leader change notification received for group: group-E905553BCA68 with new leaderId: 0825ce75-4a52-449f-9036-c8a968d40eda
2024-08-15 10:20:12,895 [2c076085-4a54-4643-8427-8625b9ee6dbf-server-thread1] INFO  server.RaftServer$Division (ServerState.java:setLeader(272)) - 2c076085-4a54-4643-8427-8625b9ee6dbf@group-E905553BCA68: change Leader from null to 0825ce75-4a52-449f-9036-c8a968d40eda at term 1 for appendEntries, leader elected after 5188ms
2024-08-15 10:20:12,895 [298890a6-3c3b-4de0-a9db-67f24322077e-server-thread2] INFO  server.RaftServer$Division (ServerState.java:setRaftConf(386)) - 298890a6-3c3b-4de0-a9db-67f24322077e@group-E905553BCA68: set configuration conf: {index: 0, cur=peers:[2c076085-4a54-4643-8427-8625b9ee6dbf|127.0.0.1:15595, 298890a6-3c3b-4de0-a9db-67f24322077e|127.0.0.1:15613, 0825ce75-4a52-449f-9036-c8a968d40eda|127.0.0.1:15604]|listeners:[], old=null}
2024-08-15 10:20:12,895 [298890a6-3c3b-4de0-a9db-67f24322077e-server-thread2] INFO  segmented.SegmentedRaftLogWorker (SegmentedRaftLogWorker.java:startLogSegment(433)) - 298890a6-3c3b-4de0-a9db-67f24322077e@group-E905553BCA68-SegmentedRaftLogWorker: Starting segment from index:0
2024-08-15 10:20:12,897 [298890a6-3c3b-4de0-a9db-67f24322077e@group-E905553BCA68-SegmentedRaftLogWorker] INFO  segmented.BufferedWriteChannel (BufferedWriteChannel.java:open(61)) - open log_inprogress_0 at position 0
2024-08-15 10:20:12,897 [2c076085-4a54-4643-8427-8625b9ee6dbf-server-thread2] INFO  server.RaftServer$Division (ServerState.java:setRaftConf(386)) - 2c076085-4a54-4643-8427-8625b9ee6dbf@group-E905553BCA68: set configuration conf: {index: 0, cur=peers:[2c076085-4a54-4643-8427-8625b9ee6dbf|127.0.0.1:15595, 298890a6-3c3b-4de0-a9db-67f24322077e|127.0.0.1:15613, 0825ce75-4a52-449f-9036-c8a968d40eda|127.0.0.1:15604]|listeners:[], old=null}
2024-08-15 10:20:12,897 [2c076085-4a54-4643-8427-8625b9ee6dbf-server-thread2] INFO  segmented.SegmentedRaftLogWorker (SegmentedRaftLogWorker.java:startLogSegment(433)) - 2c076085-4a54-4643-8427-8625b9ee6dbf@group-E905553BCA68-SegmentedRaftLogWorker: Starting segment from index:0
2024-08-15 10:20:12,897 [2c076085-4a54-4643-8427-8625b9ee6dbf@group-E905553BCA68-SegmentedRaftLogWorker] INFO  segmented.BufferedWriteChannel (BufferedWriteChannel.java:open(61)) - open log_inprogress_0 at position 0
2024-08-15 10:20:12,909 [298890a6-3c3b-4de0-a9db-67f24322077e@group-E905553BCA68-SegmentedRaftLogWorker] INFO  segmented.SegmentedRaftLogWorker (SegmentedRaftLogWorker.java:execute(637)) - 298890a6-3c3b-4de0-a9db-67f24322077e@group-E905553BCA68-SegmentedRaftLogWorker: created new log segment /home/runner/work/ozone/ozone/hadoop-ozone/integration-test/target/test-dir/MiniOzoneClusterImpl-4fe7c5bf-ca33-4415-93e0-e252006dfa59/ozone-meta/datanode-3/ratis/04d0640d-02ff-45d5-b287-e905553bca68/current/log_inprogress_0
2024-08-15 10:20:12,911 [2c076085-4a54-4643-8427-8625b9ee6dbf@group-E905553BCA68-SegmentedRaftLogWorker] INFO  segmented.SegmentedRaftLogWorker (SegmentedRaftLogWorker.java:execute(637)) - 2c076085-4a54-4643-8427-8625b9ee6dbf@group-E905553BCA68-SegmentedRaftLogWorker: created new log segment /home/runner/work/ozone/ozone/hadoop-ozone/integration-test/target/test-dir/MiniOzoneClusterImpl-4fe7c5bf-ca33-4415-93e0-e252006dfa59/ozone-meta/datanode-1/ratis/04d0640d-02ff-45d5-b287-e905553bca68/current/log_inprogress_0
2024-08-15 10:20:12,911 [0825ce75-4a52-449f-9036-c8a968d40eda@group-E905553BCA68-StateMachineUpdater] INFO  server.RaftServer$Division (LeaderStateImpl.java:checkStartIndex(316)) - Leader 0825ce75-4a52-449f-9036-c8a968d40eda@group-E905553BCA68-LeaderStateImpl is ready since appliedIndex == startIndex == 0
2024-08-15 10:20:12,920 [0825ce75-4a52-449f-9036-c8a968d40eda@group-DBA5310789B5-FollowerState] INFO  impl.FollowerState (FollowerState.java:run(144)) - 0825ce75-4a52-449f-9036-c8a968d40eda@group-DBA5310789B5-FollowerState: change to CANDIDATE, lastRpcElapsedTime:5135052047ns, electionTimeout:5134ms
2024-08-15 10:20:12,920 [0825ce75-4a52-449f-9036-c8a968d40eda@group-DBA5310789B5-FollowerState] INFO  impl.RoleInfo (RoleInfo.java:shutdownFollowerState(119)) - 0825ce75-4a52-449f-9036-c8a968d40eda: shutdown 0825ce75-4a52-449f-9036-c8a968d40eda@group-DBA5310789B5-FollowerState
2024-08-15 10:20:12,920 [0825ce75-4a52-449f-9036-c8a968d40eda@group-DBA5310789B5-FollowerState] INFO  server.RaftServer$Division (RaftServerImpl.java:setRole(376)) - 0825ce75-4a52-449f-9036-c8a968d40eda@group-DBA5310789B5: changes role from  FOLLOWER to CANDIDATE at term 0 for changeToCandidate
2024-08-15 10:20:12,920 [0825ce75-4a52-449f-9036-c8a968d40eda@group-DBA5310789B5-FollowerState] INFO  server.RaftServerConfigKeys (ConfUtils.java:logGet(46)) - raft.server.leaderelection.pre-vote = true (default)
2024-08-15 10:20:12,921 [0825ce75-4a52-449f-9036-c8a968d40eda@group-DBA5310789B5-FollowerState] INFO  impl.RoleInfo (RoleInfo.java:updateAndGet(148)) - 0825ce75-4a52-449f-9036-c8a968d40eda: start 0825ce75-4a52-449f-9036-c8a968d40eda@group-DBA5310789B5-LeaderElection158
2024-08-15 10:20:12,921 [0825ce75-4a52-449f-9036-c8a968d40eda@group-DBA5310789B5-LeaderElection158] INFO  impl.LeaderElection (LeaderElection.java:askForVotes(321)) - 0825ce75-4a52-449f-9036-c8a968d40eda@group-DBA5310789B5-LeaderElection158 PRE_VOTE round 0: submit vote requests at term 0 for conf: {index: -1, cur=peers:[0825ce75-4a52-449f-9036-c8a968d40eda|127.0.0.1:15604]|listeners:[], old=null}
2024-08-15 10:20:12,921 [0825ce75-4a52-449f-9036-c8a968d40eda@group-DBA5310789B5-LeaderElection158] INFO  impl.LeaderElection (LeaderElection.java:askForVotes(323)) - 0825ce75-4a52-449f-9036-c8a968d40eda@group-DBA5310789B5-LeaderElection158 PRE_VOTE round 0: result PASSED (term=0)
2024-08-15 10:20:12,922 [0825ce75-4a52-449f-9036-c8a968d40eda@group-DBA5310789B5-LeaderElection158] INFO  impl.LeaderElection (LeaderElection.java:askForVotes(321)) - 0825ce75-4a52-449f-9036-c8a968d40eda@group-DBA5310789B5-LeaderElection158 ELECTION round 0: submit vote requests at term 1 for conf: {index: -1, cur=peers:[0825ce75-4a52-449f-9036-c8a968d40eda|127.0.0.1:15604]|listeners:[], old=null}
2024-08-15 10:20:12,922 [0825ce75-4a52-449f-9036-c8a968d40eda@group-DBA5310789B5-LeaderElection158] INFO  impl.LeaderElection (LeaderElection.java:askForVotes(323)) - 0825ce75-4a52-449f-9036-c8a968d40eda@group-DBA5310789B5-LeaderElection158 ELECTION round 0: result PASSED (term=1)
2024-08-15 10:20:12,922 [0825ce75-4a52-449f-9036-c8a968d40eda@group-DBA5310789B5-LeaderElection158] INFO  impl.RoleInfo (RoleInfo.java:shutdownLeaderElection(139)) - 0825ce75-4a52-449f-9036-c8a968d40eda: shutdown 0825ce75-4a52-449f-9036-c8a968d40eda@group-DBA5310789B5-LeaderElection158
2024-08-15 10:20:12,922 [0825ce75-4a52-449f-9036-c8a968d40eda@group-DBA5310789B5-LeaderElection158] INFO  server.RaftServer$Division (RaftServerImpl.java:setRole(376)) - 0825ce75-4a52-449f-9036-c8a968d40eda@group-DBA5310789B5: changes role from CANDIDATE to LEADER at term 1 for changeToLeader
2024-08-15 10:20:12,922 [0825ce75-4a52-449f-9036-c8a968d40eda@group-DBA5310789B5-LeaderElection158] INFO  server.RaftServerConfigKeys (ConfUtils.java:logGet(46)) - raft.server.staging.catchup.gap = 1000 (default)
2024-08-15 10:20:12,923 [0825ce75-4a52-449f-9036-c8a968d40eda@group-DBA5310789B5-LeaderElection158] INFO  server.RaftServerConfigKeys (ConfUtils.java:logGet(46)) - raft.server.write.element-limit = 1024 (custom)
2024-08-15 10:20:12,923 [0825ce75-4a52-449f-9036-c8a968d40eda@group-DBA5310789B5-LeaderElection158] INFO  server.RaftServerConfigKeys (ConfUtils.java:logGet(46)) - raft.server.write.byte-limit = 1024 M (=1073741824) (custom)
2024-08-15 10:20:12,923 [0825ce75-4a52-449f-9036-c8a968d40eda@group-DBA5310789B5-LeaderElection158] INFO  server.RaftServerConfigKeys (ConfUtils.java:logGet(46)) - raft.server.watch.timeout = 3000ms (custom)
2024-08-15 10:20:12,923 [0825ce75-4a52-449f-9036-c8a968d40eda@group-DBA5310789B5-LeaderElection158] INFO  server.RaftServerConfigKeys (ConfUtils.java:logGet(46)) - raft.server.watch.timeout.denomination = 1s (default)
2024-08-15 10:20:12,923 [0825ce75-4a52-449f-9036-c8a968d40eda@group-DBA5310789B5-LeaderElection158] INFO  server.RaftServerConfigKeys (ConfUtils.java:logGet(46)) - raft.server.watch.element-limit = 65536 (default)
2024-08-15 10:20:12,924 [0825ce75-4a52-449f-9036-c8a968d40eda@group-DBA5310789B5-LeaderElection158] INFO  server.RaftServerConfigKeys (ConfUtils.java:logGet(46)) - raft.server.read.leader.lease.enabled = false (default)
2024-08-15 10:20:12,924 [0825ce75-4a52-449f-9036-c8a968d40eda@group-DBA5310789B5-LeaderElection158] INFO  server.RaftServerConfigKeys (ConfUtils.java:logGet(46)) - raft.server.read.leader.lease.timeout.ratio = 0.9 (default)
2024-08-15 10:20:12,924 [0825ce75-4a52-449f-9036-c8a968d40eda@group-DBA5310789B5-LeaderElection158] INFO  server.RaftServerConfigKeys (ConfUtils.java:logGet(46)) - raft.server.rpc.timeout.min = 5s (custom)
2024-08-15 10:20:12,924 [0825ce75-4a52-449f-9036-c8a968d40eda@group-DBA5310789B5-LeaderElection158] INFO  server.RaftServerConfigKeys (ConfUtils.java:logGet(46)) - raft.server.log.log-metadata.enabled = true (default)
2024-08-15 10:20:12,924 [0825ce75-4a52-449f-9036-c8a968d40eda@group-DBA5310789B5-LeaderElection158] INFO  server.RaftServerConfigKeys (ConfUtils.java:logGet(46)) - raft.server.write.element-limit = 1024 (custom)
2024-08-15 10:20:12,924 [0825ce75-4a52-449f-9036-c8a968d40eda@group-DBA5310789B5-LeaderElection158] INFO  server.RaftServerConfigKeys (ConfUtils.java:logGet(46)) - raft.server.write.follower.gap.ratio.max = -1.0 (default)
2024-08-15 10:20:12,924 [0825ce75-4a52-449f-9036-c8a968d40eda@group-DBA5310789B5-LeaderElection158] INFO  impl.RoleInfo (RoleInfo.java:updateAndGet(148)) - 0825ce75-4a52-449f-9036-c8a968d40eda: start 0825ce75-4a52-449f-9036-c8a968d40eda@group-DBA5310789B5-LeaderStateImpl
2024-08-15 10:20:12,924 [0825ce75-4a52-449f-9036-c8a968d40eda@group-DBA5310789B5-LeaderElection158] INFO  server.RaftServer$Division (RaftServerImpl.java:setFirstElection(549)) - 0825ce75-4a52-449f-9036-c8a968d40eda@group-DBA5310789B5: set firstElectionSinceStartup to false for becomeLeader
2024-08-15 10:20:12,924 [0825ce75-4a52-449f-9036-c8a968d40eda@group-DBA5310789B5-LeaderElection158] INFO  ratis.XceiverServerRatis (XceiverServerRatis.java:handleLeaderChangedNotification(951)) - Leader change notification received for group: group-DBA5310789B5 with new leaderId: 0825ce75-4a52-449f-9036-c8a968d40eda
2024-08-15 10:20:12,924 [0825ce75-4a52-449f-9036-c8a968d40eda@group-DBA5310789B5-LeaderElection158] INFO  server.RaftServer$Division (ServerState.java:setLeader(272)) - 0825ce75-4a52-449f-9036-c8a968d40eda@group-DBA5310789B5: change Leader from null to 0825ce75-4a52-449f-9036-c8a968d40eda at term 1 for becomeLeader, leader elected after 5151ms
2024-08-15 10:20:12,924 [0825ce75-4a52-449f-9036-c8a968d40eda@group-DBA5310789B5-LeaderElection158] INFO  segmented.SegmentedRaftLogWorker (SegmentedRaftLogWorker.java:startLogSegment(433)) - 0825ce75-4a52-449f-9036-c8a968d40eda@group-DBA5310789B5-SegmentedRaftLogWorker: Starting segment from index:0
2024-08-15 10:20:12,925 [0825ce75-4a52-449f-9036-c8a968d40eda@group-DBA5310789B5-SegmentedRaftLogWorker] INFO  segmented.BufferedWriteChannel (BufferedWriteChannel.java:open(61)) - open log_inprogress_0 at position 0
2024-08-15 10:20:12,930 [0825ce75-4a52-449f-9036-c8a968d40eda@group-DBA5310789B5-LeaderElection158] INFO  server.RaftServer$Division (ServerState.java:setRaftConf(386)) - 0825ce75-4a52-449f-9036-c8a968d40eda@group-DBA5310789B5: set configuration conf: {index: 0, cur=peers:[0825ce75-4a52-449f-9036-c8a968d40eda|127.0.0.1:15604]|listeners:[], old=null}
2024-08-15 10:20:12,934 [0825ce75-4a52-449f-9036-c8a968d40eda@group-DBA5310789B5-SegmentedRaftLogWorker] INFO  segmented.SegmentedRaftLogWorker (SegmentedRaftLogWorker.java:execute(637)) - 0825ce75-4a52-449f-9036-c8a968d40eda@group-DBA5310789B5-SegmentedRaftLogWorker: created new log segment /home/runner/work/ozone/ozone/hadoop-ozone/integration-test/target/test-dir/MiniOzoneClusterImpl-4fe7c5bf-ca33-4415-93e0-e252006dfa59/ozone-meta/datanode-2/ratis/453a205a-3871-4b5a-b2fd-dba5310789b5/current/log_inprogress_0
2024-08-15 10:20:12,935 [0825ce75-4a52-449f-9036-c8a968d40eda@group-DBA5310789B5-StateMachineUpdater] INFO  server.RaftServer$Division (LeaderStateImpl.java:checkStartIndex(316)) - Leader 0825ce75-4a52-449f-9036-c8a968d40eda@group-DBA5310789B5-LeaderStateImpl is ready since appliedIndex == startIndex == 0
2024-08-15 10:20:13,075 [298890a6-3c3b-4de0-a9db-67f24322077e@group-37A733CD87A5-FollowerState] INFO  impl.FollowerState (FollowerState.java:run(144)) - 298890a6-3c3b-4de0-a9db-67f24322077e@group-37A733CD87A5-FollowerState: change to CANDIDATE, lastRpcElapsedTime:5043466675ns, electionTimeout:5043ms
2024-08-15 10:20:13,075 [298890a6-3c3b-4de0-a9db-67f24322077e@group-37A733CD87A5-FollowerState] INFO  impl.RoleInfo (RoleInfo.java:shutdownFollowerState(119)) - 298890a6-3c3b-4de0-a9db-67f24322077e: shutdown 298890a6-3c3b-4de0-a9db-67f24322077e@group-37A733CD87A5-FollowerState
2024-08-15 10:20:13,075 [298890a6-3c3b-4de0-a9db-67f24322077e@group-37A733CD87A5-FollowerState] INFO  server.RaftServer$Division (RaftServerImpl.java:setRole(376)) - 298890a6-3c3b-4de0-a9db-67f24322077e@group-37A733CD87A5: changes role from  FOLLOWER to CANDIDATE at term 0 for changeToCandidate
2024-08-15 10:20:13,075 [298890a6-3c3b-4de0-a9db-67f24322077e@group-37A733CD87A5-FollowerState] INFO  server.RaftServerConfigKeys (ConfUtils.java:logGet(46)) - raft.server.leaderelection.pre-vote = true (default)
2024-08-15 10:20:13,075 [298890a6-3c3b-4de0-a9db-67f24322077e@group-37A733CD87A5-FollowerState] INFO  impl.RoleInfo (RoleInfo.java:updateAndGet(148)) - 298890a6-3c3b-4de0-a9db-67f24322077e: start 298890a6-3c3b-4de0-a9db-67f24322077e@group-37A733CD87A5-LeaderElection159
2024-08-15 10:20:13,075 [298890a6-3c3b-4de0-a9db-67f24322077e@group-37A733CD87A5-LeaderElection159] INFO  impl.LeaderElection (LeaderElection.java:askForVotes(321)) - 298890a6-3c3b-4de0-a9db-67f24322077e@group-37A733CD87A5-LeaderElection159 PRE_VOTE round 0: submit vote requests at term 0 for conf: {index: -1, cur=peers:[298890a6-3c3b-4de0-a9db-67f24322077e|127.0.0.1:15613]|listeners:[], old=null}
2024-08-15 10:20:13,075 [298890a6-3c3b-4de0-a9db-67f24322077e@group-37A733CD87A5-LeaderElection159] INFO  impl.LeaderElection (LeaderElection.java:askForVotes(323)) - 298890a6-3c3b-4de0-a9db-67f24322077e@group-37A733CD87A5-LeaderElection159 PRE_VOTE round 0: result PASSED (term=0)
2024-08-15 10:20:13,077 [298890a6-3c3b-4de0-a9db-67f24322077e@group-37A733CD87A5-LeaderElection159] INFO  impl.LeaderElection (LeaderElection.java:askForVotes(321)) - 298890a6-3c3b-4de0-a9db-67f24322077e@group-37A733CD87A5-LeaderElection159 ELECTION round 0: submit vote requests at term 1 for conf: {index: -1, cur=peers:[298890a6-3c3b-4de0-a9db-67f24322077e|127.0.0.1:15613]|listeners:[], old=null}
2024-08-15 10:20:13,077 [298890a6-3c3b-4de0-a9db-67f24322077e@group-37A733CD87A5-LeaderElection159] INFO  impl.LeaderElection (LeaderElection.java:askForVotes(323)) - 298890a6-3c3b-4de0-a9db-67f24322077e@group-37A733CD87A5-LeaderElection159 ELECTION round 0: result PASSED (term=1)
2024-08-15 10:20:13,077 [298890a6-3c3b-4de0-a9db-67f24322077e@group-37A733CD87A5-LeaderElection159] INFO  impl.RoleInfo (RoleInfo.java:shutdownLeaderElection(139)) - 298890a6-3c3b-4de0-a9db-67f24322077e: shutdown 298890a6-3c3b-4de0-a9db-67f24322077e@group-37A733CD87A5-LeaderElection159
2024-08-15 10:20:13,077 [298890a6-3c3b-4de0-a9db-67f24322077e@group-37A733CD87A5-LeaderElection159] INFO  server.RaftServer$Division (RaftServerImpl.java:setRole(376)) - 298890a6-3c3b-4de0-a9db-67f24322077e@group-37A733CD87A5: changes role from CANDIDATE to LEADER at term 1 for changeToLeader
2024-08-15 10:20:13,077 [298890a6-3c3b-4de0-a9db-67f24322077e@group-37A733CD87A5-LeaderElection159] INFO  server.RaftServerConfigKeys (ConfUtils.java:logGet(46)) - raft.server.staging.catchup.gap = 1000 (default)
2024-08-15 10:20:13,077 [298890a6-3c3b-4de0-a9db-67f24322077e@group-37A733CD87A5-LeaderElection159] INFO  server.RaftServerConfigKeys (ConfUtils.java:logGet(46)) - raft.server.write.element-limit = 1024 (custom)
2024-08-15 10:20:13,077 [298890a6-3c3b-4de0-a9db-67f24322077e@group-37A733CD87A5-LeaderElection159] INFO  server.RaftServerConfigKeys (ConfUtils.java:logGet(46)) - raft.server.write.byte-limit = 1024 M (=1073741824) (custom)
2024-08-15 10:20:13,077 [298890a6-3c3b-4de0-a9db-67f24322077e@group-37A733CD87A5-LeaderElection159] INFO  server.RaftServerConfigKeys (ConfUtils.java:logGet(46)) - raft.server.watch.timeout = 3000ms (custom)
2024-08-15 10:20:13,077 [298890a6-3c3b-4de0-a9db-67f24322077e@group-37A733CD87A5-LeaderElection159] INFO  server.RaftServerConfigKeys (ConfUtils.java:logGet(46)) - raft.server.watch.timeout.denomination = 1s (default)
2024-08-15 10:20:13,077 [298890a6-3c3b-4de0-a9db-67f24322077e@group-37A733CD87A5-LeaderElection159] INFO  server.RaftServerConfigKeys (ConfUtils.java:logGet(46)) - raft.server.watch.element-limit = 65536 (default)
2024-08-15 10:20:13,078 [298890a6-3c3b-4de0-a9db-67f24322077e@group-37A733CD87A5-LeaderElection159] INFO  server.RaftServerConfigKeys (ConfUtils.java:logGet(46)) - raft.server.read.leader.lease.enabled = false (default)
2024-08-15 10:20:13,078 [298890a6-3c3b-4de0-a9db-67f24322077e@group-37A733CD87A5-LeaderElection159] INFO  server.RaftServerConfigKeys (ConfUtils.java:logGet(46)) - raft.server.read.leader.lease.timeout.ratio = 0.9 (default)
2024-08-15 10:20:13,078 [298890a6-3c3b-4de0-a9db-67f24322077e@group-37A733CD87A5-LeaderElection159] INFO  server.RaftServerConfigKeys (ConfUtils.java:logGet(46)) - raft.server.rpc.timeout.min = 5s (custom)
2024-08-15 10:20:13,078 [298890a6-3c3b-4de0-a9db-67f24322077e@group-37A733CD87A5-LeaderElection159] INFO  server.RaftServerConfigKeys (ConfUtils.java:logGet(46)) - raft.server.log.log-metadata.enabled = true (default)
2024-08-15 10:20:13,078 [298890a6-3c3b-4de0-a9db-67f24322077e@group-37A733CD87A5-LeaderElection159] INFO  server.RaftServerConfigKeys (ConfUtils.java:logGet(46)) - raft.server.write.element-limit = 1024 (custom)
2024-08-15 10:20:13,078 [298890a6-3c3b-4de0-a9db-67f24322077e@group-37A733CD87A5-LeaderElection159] INFO  server.RaftServerConfigKeys (ConfUtils.java:logGet(46)) - raft.server.write.follower.gap.ratio.max = -1.0 (default)
2024-08-15 10:20:13,078 [298890a6-3c3b-4de0-a9db-67f24322077e@group-37A733CD87A5-LeaderElection159] INFO  impl.RoleInfo (RoleInfo.java:updateAndGet(148)) - 298890a6-3c3b-4de0-a9db-67f24322077e: start 298890a6-3c3b-4de0-a9db-67f24322077e@group-37A733CD87A5-LeaderStateImpl
2024-08-15 10:20:13,078 [298890a6-3c3b-4de0-a9db-67f24322077e@group-37A733CD87A5-LeaderElection159] INFO  server.RaftServer$Division (RaftServerImpl.java:setFirstElection(549)) - 298890a6-3c3b-4de0-a9db-67f24322077e@group-37A733CD87A5: set firstElectionSinceStartup to false for becomeLeader
2024-08-15 10:20:13,078 [298890a6-3c3b-4de0-a9db-67f24322077e@group-37A733CD87A5-LeaderElection159] INFO  ratis.XceiverServerRatis (XceiverServerRatis.java:handleLeaderChangedNotification(951)) - Leader change notification received for group: group-37A733CD87A5 with new leaderId: 298890a6-3c3b-4de0-a9db-67f24322077e
2024-08-15 10:20:13,079 [298890a6-3c3b-4de0-a9db-67f24322077e@group-37A733CD87A5-LeaderElection159] INFO  server.RaftServer$Division (ServerState.java:setLeader(272)) - 298890a6-3c3b-4de0-a9db-67f24322077e@group-37A733CD87A5: change Leader from null to 298890a6-3c3b-4de0-a9db-67f24322077e at term 1 for becomeLeader, leader elected after 5061ms
2024-08-15 10:20:13,079 [298890a6-3c3b-4de0-a9db-67f24322077e@group-37A733CD87A5-LeaderElection159] INFO  segmented.SegmentedRaftLogWorker (SegmentedRaftLogWorker.java:startLogSegment(433)) - 298890a6-3c3b-4de0-a9db-67f24322077e@group-37A733CD87A5-SegmentedRaftLogWorker: Starting segment from index:0
2024-08-15 10:20:13,079 [298890a6-3c3b-4de0-a9db-67f24322077e@group-37A733CD87A5-LeaderElection159] INFO  server.RaftServer$Division (ServerState.java:setRaftConf(386)) - 298890a6-3c3b-4de0-a9db-67f24322077e@group-37A733CD87A5: set configuration conf: {index: 0, cur=peers:[298890a6-3c3b-4de0-a9db-67f24322077e|127.0.0.1:15613]|listeners:[], old=null}
2024-08-15 10:20:13,079 [298890a6-3c3b-4de0-a9db-67f24322077e@group-37A733CD87A5-SegmentedRaftLogWorker] INFO  segmented.BufferedWriteChannel (BufferedWriteChannel.java:open(61)) - open log_inprogress_0 at position 0
2024-08-15 10:20:13,093 [298890a6-3c3b-4de0-a9db-67f24322077e@group-37A733CD87A5-SegmentedRaftLogWorker] INFO  segmented.SegmentedRaftLogWorker (SegmentedRaftLogWorker.java:execute(637)) - 298890a6-3c3b-4de0-a9db-67f24322077e@group-37A733CD87A5-SegmentedRaftLogWorker: created new log segment /home/runner/work/ozone/ozone/hadoop-ozone/integration-test/target/test-dir/MiniOzoneClusterImpl-4fe7c5bf-ca33-4415-93e0-e252006dfa59/ozone-meta/datanode-3/ratis/5c8c86e0-b975-495b-8333-37a733cd87a5/current/log_inprogress_0
2024-08-15 10:20:13,095 [298890a6-3c3b-4de0-a9db-67f24322077e@group-37A733CD87A5-StateMachineUpdater] INFO  server.RaftServer$Division (LeaderStateImpl.java:checkStartIndex(316)) - Leader 298890a6-3c3b-4de0-a9db-67f24322077e@group-37A733CD87A5-LeaderStateImpl is ready since appliedIndex == startIndex == 0
2024-08-15 10:20:13,445 [8f188c33-4f5f-4a65-885f-fdffcccac76b@group-6D5CD9501771-FollowerState] INFO  impl.FollowerState (FollowerState.java:run(144)) - 8f188c33-4f5f-4a65-885f-fdffcccac76b@group-6D5CD9501771-FollowerState: change to CANDIDATE, lastRpcElapsedTime:5172392395ns, electionTimeout:5172ms
2024-08-15 10:20:13,445 [8f188c33-4f5f-4a65-885f-fdffcccac76b@group-6D5CD9501771-FollowerState] INFO  impl.RoleInfo (RoleInfo.java:shutdownFollowerState(119)) - 8f188c33-4f5f-4a65-885f-fdffcccac76b: shutdown 8f188c33-4f5f-4a65-885f-fdffcccac76b@group-6D5CD9501771-FollowerState
2024-08-15 10:20:13,445 [8f188c33-4f5f-4a65-885f-fdffcccac76b@group-6D5CD9501771-FollowerState] INFO  server.RaftServer$Division (RaftServerImpl.java:setRole(376)) - 8f188c33-4f5f-4a65-885f-fdffcccac76b@group-6D5CD9501771: changes role from  FOLLOWER to CANDIDATE at term 0 for changeToCandidate
2024-08-15 10:20:13,445 [8f188c33-4f5f-4a65-885f-fdffcccac76b@group-6D5CD9501771-FollowerState] INFO  server.RaftServerConfigKeys (ConfUtils.java:logGet(46)) - raft.server.leaderelection.pre-vote = true (default)
2024-08-15 10:20:13,445 [8f188c33-4f5f-4a65-885f-fdffcccac76b@group-6D5CD9501771-FollowerState] INFO  impl.RoleInfo (RoleInfo.java:updateAndGet(148)) - 8f188c33-4f5f-4a65-885f-fdffcccac76b: start 8f188c33-4f5f-4a65-885f-fdffcccac76b@group-6D5CD9501771-LeaderElection160
2024-08-15 10:20:13,445 [8f188c33-4f5f-4a65-885f-fdffcccac76b@group-6D5CD9501771-LeaderElection160] INFO  impl.LeaderElection (LeaderElection.java:askForVotes(321)) - 8f188c33-4f5f-4a65-885f-fdffcccac76b@group-6D5CD9501771-LeaderElection160 PRE_VOTE round 0: submit vote requests at term 0 for conf: {index: -1, cur=peers:[8f188c33-4f5f-4a65-885f-fdffcccac76b|127.0.0.1:15622]|listeners:[], old=null}
2024-08-15 10:20:13,445 [8f188c33-4f5f-4a65-885f-fdffcccac76b@group-6D5CD9501771-LeaderElection160] INFO  impl.LeaderElection (LeaderElection.java:askForVotes(323)) - 8f188c33-4f5f-4a65-885f-fdffcccac76b@group-6D5CD9501771-LeaderElection160 PRE_VOTE round 0: result PASSED (term=0)
2024-08-15 10:20:13,447 [8f188c33-4f5f-4a65-885f-fdffcccac76b@group-6D5CD9501771-LeaderElection160] INFO  impl.LeaderElection (LeaderElection.java:askForVotes(321)) - 8f188c33-4f5f-4a65-885f-fdffcccac76b@group-6D5CD9501771-LeaderElection160 ELECTION round 0: submit vote requests at term 1 for conf: {index: -1, cur=peers:[8f188c33-4f5f-4a65-885f-fdffcccac76b|127.0.0.1:15622]|listeners:[], old=null}
2024-08-15 10:20:13,447 [8f188c33-4f5f-4a65-885f-fdffcccac76b@group-6D5CD9501771-LeaderElection160] INFO  impl.LeaderElection (LeaderElection.java:askForVotes(323)) - 8f188c33-4f5f-4a65-885f-fdffcccac76b@group-6D5CD9501771-LeaderElection160 ELECTION round 0: result PASSED (term=1)
2024-08-15 10:20:13,447 [8f188c33-4f5f-4a65-885f-fdffcccac76b@group-6D5CD9501771-LeaderElection160] INFO  impl.RoleInfo (RoleInfo.java:shutdownLeaderElection(139)) - 8f188c33-4f5f-4a65-885f-fdffcccac76b: shutdown 8f188c33-4f5f-4a65-885f-fdffcccac76b@group-6D5CD9501771-LeaderElection160
2024-08-15 10:20:13,447 [8f188c33-4f5f-4a65-885f-fdffcccac76b@group-6D5CD9501771-LeaderElection160] INFO  server.RaftServer$Division (RaftServerImpl.java:setRole(376)) - 8f188c33-4f5f-4a65-885f-fdffcccac76b@group-6D5CD9501771: changes role from CANDIDATE to LEADER at term 1 for changeToLeader
2024-08-15 10:20:13,447 [8f188c33-4f5f-4a65-885f-fdffcccac76b@group-6D5CD9501771-LeaderElection160] INFO  server.RaftServerConfigKeys (ConfUtils.java:logGet(46)) - raft.server.staging.catchup.gap = 1000 (default)
2024-08-15 10:20:13,447 [8f188c33-4f5f-4a65-885f-fdffcccac76b@group-6D5CD9501771-LeaderElection160] INFO  server.RaftServerConfigKeys (ConfUtils.java:logGet(46)) - raft.server.write.element-limit = 1024 (custom)
2024-08-15 10:20:13,447 [8f188c33-4f5f-4a65-885f-fdffcccac76b@group-6D5CD9501771-LeaderElection160] INFO  server.RaftServerConfigKeys (ConfUtils.java:logGet(46)) - raft.server.write.byte-limit = 1024 M (=1073741824) (custom)
2024-08-15 10:20:13,448 [8f188c33-4f5f-4a65-885f-fdffcccac76b@group-6D5CD9501771-LeaderElection160] INFO  server.RaftServerConfigKeys (ConfUtils.java:logGet(46)) - raft.server.watch.timeout = 3000ms (custom)
2024-08-15 10:20:13,448 [8f188c33-4f5f-4a65-885f-fdffcccac76b@group-6D5CD9501771-LeaderElection160] INFO  server.RaftServerConfigKeys (ConfUtils.java:logGet(46)) - raft.server.watch.timeout.denomination = 1s (default)
2024-08-15 10:20:13,448 [8f188c33-4f5f-4a65-885f-fdffcccac76b@group-6D5CD9501771-LeaderElection160] INFO  server.RaftServerConfigKeys (ConfUtils.java:logGet(46)) - raft.server.watch.element-limit = 65536 (default)
2024-08-15 10:20:13,448 [8f188c33-4f5f-4a65-885f-fdffcccac76b@group-6D5CD9501771-LeaderElection160] INFO  server.RaftServerConfigKeys (ConfUtils.java:logGet(46)) - raft.server.read.leader.lease.enabled = false (default)
2024-08-15 10:20:13,449 [8f188c33-4f5f-4a65-885f-fdffcccac76b@group-6D5CD9501771-LeaderElection160] INFO  server.RaftServerConfigKeys (ConfUtils.java:logGet(46)) - raft.server.read.leader.lease.timeout.ratio = 0.9 (default)
2024-08-15 10:20:13,449 [8f188c33-4f5f-4a65-885f-fdffcccac76b@group-6D5CD9501771-LeaderElection160] INFO  server.RaftServerConfigKeys (ConfUtils.java:logGet(46)) - raft.server.rpc.timeout.min = 5s (custom)
2024-08-15 10:20:13,449 [8f188c33-4f5f-4a65-885f-fdffcccac76b@group-6D5CD9501771-LeaderElection160] INFO  server.RaftServerConfigKeys (ConfUtils.java:logGet(46)) - raft.server.log.log-metadata.enabled = true (default)
2024-08-15 10:20:13,449 [8f188c33-4f5f-4a65-885f-fdffcccac76b@group-6D5CD9501771-LeaderElection160] INFO  server.RaftServerConfigKeys (ConfUtils.java:logGet(46)) - raft.server.write.element-limit = 1024 (custom)
2024-08-15 10:20:13,449 [8f188c33-4f5f-4a65-885f-fdffcccac76b@group-6D5CD9501771-LeaderElection160] INFO  server.RaftServerConfigKeys (ConfUtils.java:logGet(46)) - raft.server.write.follower.gap.ratio.max = -1.0 (default)
2024-08-15 10:20:13,449 [8f188c33-4f5f-4a65-885f-fdffcccac76b@group-6D5CD9501771-LeaderElection160] INFO  impl.RoleInfo (RoleInfo.java:updateAndGet(148)) - 8f188c33-4f5f-4a65-885f-fdffcccac76b: start 8f188c33-4f5f-4a65-885f-fdffcccac76b@group-6D5CD9501771-LeaderStateImpl
2024-08-15 10:20:13,449 [8f188c33-4f5f-4a65-885f-fdffcccac76b@group-6D5CD9501771-LeaderElection160] INFO  server.RaftServer$Division (RaftServerImpl.java:setFirstElection(549)) - 8f188c33-4f5f-4a65-885f-fdffcccac76b@group-6D5CD9501771: set firstElectionSinceStartup to false for becomeLeader
2024-08-15 10:20:13,449 [8f188c33-4f5f-4a65-885f-fdffcccac76b@group-6D5CD9501771-LeaderElection160] INFO  ratis.XceiverServerRatis (XceiverServerRatis.java:handleLeaderChangedNotification(951)) - Leader change notification received for group: group-6D5CD9501771 with new leaderId: 8f188c33-4f5f-4a65-885f-fdffcccac76b
2024-08-15 10:20:13,449 [8f188c33-4f5f-4a65-885f-fdffcccac76b@group-6D5CD9501771-LeaderElection160] INFO  server.RaftServer$Division (ServerState.java:setLeader(272)) - 8f188c33-4f5f-4a65-885f-fdffcccac76b@group-6D5CD9501771: change Leader from null to 8f188c33-4f5f-4a65-885f-fdffcccac76b at term 1 for becomeLeader, leader elected after 5189ms
2024-08-15 10:20:13,449 [8f188c33-4f5f-4a65-885f-fdffcccac76b@group-6D5CD9501771-LeaderElection160] INFO  segmented.SegmentedRaftLogWorker (SegmentedRaftLogWorker.java:startLogSegment(433)) - 8f188c33-4f5f-4a65-885f-fdffcccac76b@group-6D5CD9501771-SegmentedRaftLogWorker: Starting segment from index:0
2024-08-15 10:20:13,450 [8f188c33-4f5f-4a65-885f-fdffcccac76b@group-6D5CD9501771-SegmentedRaftLogWorker] INFO  segmented.BufferedWriteChannel (BufferedWriteChannel.java:open(61)) - open log_inprogress_0 at position 0
2024-08-15 10:20:13,450 [8f188c33-4f5f-4a65-885f-fdffcccac76b@group-6D5CD9501771-LeaderElection160] INFO  server.RaftServer$Division (ServerState.java:setRaftConf(386)) - 8f188c33-4f5f-4a65-885f-fdffcccac76b@group-6D5CD9501771: set configuration conf: {index: 0, cur=peers:[8f188c33-4f5f-4a65-885f-fdffcccac76b|127.0.0.1:15622]|listeners:[], old=null}
2024-08-15 10:20:13,460 [8f188c33-4f5f-4a65-885f-fdffcccac76b@group-6D5CD9501771-SegmentedRaftLogWorker] INFO  segmented.SegmentedRaftLogWorker (SegmentedRaftLogWorker.java:execute(637)) - 8f188c33-4f5f-4a65-885f-fdffcccac76b@group-6D5CD9501771-SegmentedRaftLogWorker: created new log segment /home/runner/work/ozone/ozone/hadoop-ozone/integration-test/target/test-dir/MiniOzoneClusterImpl-4fe7c5bf-ca33-4415-93e0-e252006dfa59/ozone-meta/datanode-4/ratis/478298a8-f9b6-4ebf-8a32-6d5cd9501771/current/log_inprogress_0
2024-08-15 10:20:13,461 [8f188c33-4f5f-4a65-885f-fdffcccac76b@group-6D5CD9501771-StateMachineUpdater] INFO  server.RaftServer$Division (LeaderStateImpl.java:checkStartIndex(316)) - Leader 8f188c33-4f5f-4a65-885f-fdffcccac76b@group-6D5CD9501771-LeaderStateImpl is ready since appliedIndex == startIndex == 0
2024-08-15 10:20:13,533 [main] INFO  ozone.MiniOzoneClusterImpl (MiniOzoneClusterImpl.java:lambda$waitForClusterToBeReady$0(198)) - Nodes are ready. Got 5 of 5 DN Heartbeats.
2024-08-15 10:20:13,534 [main] INFO  ozone.MiniOzoneClusterImpl (MiniOzoneClusterImpl.java:lambda$waitForClusterToBeReady$0(201)) - Cluster exits safe mode
2024-08-15 10:20:13,534 [main] INFO  ozone.MiniOzoneClusterImpl (MiniOzoneClusterImpl.java:lambda$waitForClusterToBeReady$0(203)) - SCM became leader
2024-08-15 10:20:13,538 [main] INFO  rpc.RpcClient (RpcClient.java:createVolume(474)) - Creating Volume: testblockoutputstream, with runner as owner and space quota set to -1 bytes, counts quota set to -1
2024-08-15 10:20:13,540 [om1-OMStateMachineApplyTransactionThread - 0] INFO  volume.OMVolumeCreateRequest (OMVolumeCreateRequest.java:validateAndUpdateCache(198)) - created volume:testblockoutputstream for user:runner
2024-08-15 10:20:13,542 [main] INFO  rpc.RpcClient (RpcClient.java:createBucket(700)) - Creating Bucket: testblockoutputstream/testblockoutputstream, with server-side default bucket layout, runner as owner, Versioning false, Storage Type set to DISK and Encryption set to false, Replication Type set to server-side default replication type, Namespace Quota set to -1, Space Quota set to -1 
2024-08-15 10:20:13,543 [om1-OMStateMachineApplyTransactionThread - 0] INFO  bucket.OMBucketCreateRequest (OMBucketCreateRequest.java:validateAndUpdateCache(293)) - created bucket: testblockoutputstream of layout FILE_SYSTEM_OPTIMIZED in volume: testblockoutputstream
2024-08-15 10:20:13,554 [IPC Server handler 2 on default port 15584] INFO  ha.SequenceIdGenerator (SequenceIdGenerator.java:getNextId(144)) - Allocate a batch for containerId, change lastId from 0 to 1000.
2024-08-15 10:20:13,554 [IPC Server handler 2 on default port 15584] WARN  ha.SequenceIdGenerator (SequenceIdGenerator.java:allocateBatch(257)) - Failed to allocate a batch for localId, expected lastId is 0, actual lastId is 113750153625600000.
2024-08-15 10:20:13,555 [IPC Server handler 2 on default port 15584] INFO  ha.SequenceIdGenerator (SequenceIdGenerator.java:getNextId(144)) - Allocate a batch for localId, change lastId from 113750153625600000 to 113750153625601000.
2024-08-15 10:20:13,558 [main] INFO  scm.XceiverClientRatis (XceiverClientRatis.java:<init>(140)) - WatchType ALL_COMMITTED. Majority 2, 
2024-08-15 10:20:13,601 [EventQueue-CloseContainerForCloseContainerEventHandler] INFO  container.CloseContainerEventHandler (CloseContainerEventHandler.java:onMessage(88)) - Close container Event triggered for container : #1, current state: OPEN
2024-08-15 10:20:13,601 [EventQueue-CloseContainerForCloseContainerEventHandler] INFO  container.CloseContainerEventHandler (CloseContainerEventHandler.java:onMessage(88)) - Close container Event triggered for container : #1, current state: CLOSING
2024-08-15 10:20:13,601 [EventQueue-CloseContainerForCloseContainerEventHandler] INFO  container.CloseContainerEventHandler (CloseContainerEventHandler.java:onMessage(88)) - Close container Event triggered for container : #1, current state: CLOSING
2024-08-15 10:20:13,651 [10717ad5-80cb-4143-95b1-142859a756e7@group-DC8ADD49AD69-FollowerState] INFO  impl.FollowerState (FollowerState.java:run(144)) - 10717ad5-80cb-4143-95b1-142859a756e7@group-DC8ADD49AD69-FollowerState: change to CANDIDATE, lastRpcElapsedTime:5100759143ns, electionTimeout:5099ms
2024-08-15 10:20:13,651 [10717ad5-80cb-4143-95b1-142859a756e7@group-DC8ADD49AD69-FollowerState] INFO  impl.RoleInfo (RoleInfo.java:shutdownFollowerState(119)) - 10717ad5-80cb-4143-95b1-142859a756e7: shutdown 10717ad5-80cb-4143-95b1-142859a756e7@group-DC8ADD49AD69-FollowerState
2024-08-15 10:20:13,651 [10717ad5-80cb-4143-95b1-142859a756e7@group-DC8ADD49AD69-FollowerState] INFO  server.RaftServer$Division (RaftServerImpl.java:setRole(376)) - 10717ad5-80cb-4143-95b1-142859a756e7@group-DC8ADD49AD69: changes role from  FOLLOWER to CANDIDATE at term 0 for changeToCandidate
2024-08-15 10:20:13,652 [10717ad5-80cb-4143-95b1-142859a756e7@group-DC8ADD49AD69-FollowerState] INFO  server.RaftServerConfigKeys (ConfUtils.java:logGet(46)) - raft.server.leaderelection.pre-vote = true (default)
2024-08-15 10:20:13,652 [10717ad5-80cb-4143-95b1-142859a756e7@group-DC8ADD49AD69-FollowerState] INFO  impl.RoleInfo (RoleInfo.java:updateAndGet(148)) - 10717ad5-80cb-4143-95b1-142859a756e7: start 10717ad5-80cb-4143-95b1-142859a756e7@group-DC8ADD49AD69-LeaderElection161
2024-08-15 10:20:13,652 [10717ad5-80cb-4143-95b1-142859a756e7@group-DC8ADD49AD69-LeaderElection161] INFO  impl.LeaderElection (LeaderElection.java:askForVotes(321)) - 10717ad5-80cb-4143-95b1-142859a756e7@group-DC8ADD49AD69-LeaderElection161 PRE_VOTE round 0: submit vote requests at term 0 for conf: {index: -1, cur=peers:[10717ad5-80cb-4143-95b1-142859a756e7|127.0.0.1:15631]|listeners:[], old=null}
2024-08-15 10:20:13,652 [10717ad5-80cb-4143-95b1-142859a756e7@group-DC8ADD49AD69-LeaderElection161] INFO  impl.LeaderElection (LeaderElection.java:askForVotes(323)) - 10717ad5-80cb-4143-95b1-142859a756e7@group-DC8ADD49AD69-LeaderElection161 PRE_VOTE round 0: result PASSED (term=0)
2024-08-15 10:20:13,653 [10717ad5-80cb-4143-95b1-142859a756e7@group-DC8ADD49AD69-LeaderElection161] INFO  impl.LeaderElection (LeaderElection.java:askForVotes(321)) - 10717ad5-80cb-4143-95b1-142859a756e7@group-DC8ADD49AD69-LeaderElection161 ELECTION round 0: submit vote requests at term 1 for conf: {index: -1, cur=peers:[10717ad5-80cb-4143-95b1-142859a756e7|127.0.0.1:15631]|listeners:[], old=null}
2024-08-15 10:20:13,653 [10717ad5-80cb-4143-95b1-142859a756e7@group-DC8ADD49AD69-LeaderElection161] INFO  impl.LeaderElection (LeaderElection.java:askForVotes(323)) - 10717ad5-80cb-4143-95b1-142859a756e7@group-DC8ADD49AD69-LeaderElection161 ELECTION round 0: result PASSED (term=1)
2024-08-15 10:20:13,653 [10717ad5-80cb-4143-95b1-142859a756e7@group-DC8ADD49AD69-LeaderElection161] INFO  impl.RoleInfo (RoleInfo.java:shutdownLeaderElection(139)) - 10717ad5-80cb-4143-95b1-142859a756e7: shutdown 10717ad5-80cb-4143-95b1-142859a756e7@group-DC8ADD49AD69-LeaderElection161
2024-08-15 10:20:13,654 [10717ad5-80cb-4143-95b1-142859a756e7@group-DC8ADD49AD69-LeaderElection161] INFO  server.RaftServer$Division (RaftServerImpl.java:setRole(376)) - 10717ad5-80cb-4143-95b1-142859a756e7@group-DC8ADD49AD69: changes role from CANDIDATE to LEADER at term 1 for changeToLeader
2024-08-15 10:20:13,654 [10717ad5-80cb-4143-95b1-142859a756e7@group-DC8ADD49AD69-LeaderElection161] INFO  server.RaftServerConfigKeys (ConfUtils.java:logGet(46)) - raft.server.staging.catchup.gap = 1000 (default)
2024-08-15 10:20:13,654 [10717ad5-80cb-4143-95b1-142859a756e7@group-DC8ADD49AD69-LeaderElection161] INFO  server.RaftServerConfigKeys (ConfUtils.java:logGet(46)) - raft.server.write.element-limit = 1024 (custom)
2024-08-15 10:20:13,654 [10717ad5-80cb-4143-95b1-142859a756e7@group-DC8ADD49AD69-LeaderElection161] INFO  server.RaftServerConfigKeys (ConfUtils.java:logGet(46)) - raft.server.write.byte-limit = 1024 M (=1073741824) (custom)
2024-08-15 10:20:13,654 [10717ad5-80cb-4143-95b1-142859a756e7@group-DC8ADD49AD69-LeaderElection161] INFO  server.RaftServerConfigKeys (ConfUtils.java:logGet(46)) - raft.server.watch.timeout = 3000ms (custom)
2024-08-15 10:20:13,654 [10717ad5-80cb-4143-95b1-142859a756e7@group-DC8ADD49AD69-LeaderElection161] INFO  server.RaftServerConfigKeys (ConfUtils.java:logGet(46)) - raft.server.watch.timeout.denomination = 1s (default)
2024-08-15 10:20:13,654 [10717ad5-80cb-4143-95b1-142859a756e7@group-DC8ADD49AD69-LeaderElection161] INFO  server.RaftServerConfigKeys (ConfUtils.java:logGet(46)) - raft.server.watch.element-limit = 65536 (default)
2024-08-15 10:20:13,655 [10717ad5-80cb-4143-95b1-142859a756e7@group-DC8ADD49AD69-LeaderElection161] INFO  server.RaftServerConfigKeys (ConfUtils.java:logGet(46)) - raft.server.read.leader.lease.enabled = false (default)
2024-08-15 10:20:13,655 [10717ad5-80cb-4143-95b1-142859a756e7@group-DC8ADD49AD69-LeaderElection161] INFO  server.RaftServerConfigKeys (ConfUtils.java:logGet(46)) - raft.server.read.leader.lease.timeout.ratio = 0.9 (default)
2024-08-15 10:20:13,655 [10717ad5-80cb-4143-95b1-142859a756e7@group-DC8ADD49AD69-LeaderElection161] INFO  server.RaftServerConfigKeys (ConfUtils.java:logGet(46)) - raft.server.rpc.timeout.min = 5s (custom)
2024-08-15 10:20:13,655 [10717ad5-80cb-4143-95b1-142859a756e7@group-DC8ADD49AD69-LeaderElection161] INFO  server.RaftServerConfigKeys (ConfUtils.java:logGet(46)) - raft.server.log.log-metadata.enabled = true (default)
2024-08-15 10:20:13,655 [10717ad5-80cb-4143-95b1-142859a756e7@group-DC8ADD49AD69-LeaderElection161] INFO  server.RaftServerConfigKeys (ConfUtils.java:logGet(46)) - raft.server.write.element-limit = 1024 (custom)
2024-08-15 10:20:13,655 [10717ad5-80cb-4143-95b1-142859a756e7@group-DC8ADD49AD69-LeaderElection161] INFO  server.RaftServerConfigKeys (ConfUtils.java:logGet(46)) - raft.server.write.follower.gap.ratio.max = -1.0 (default)
2024-08-15 10:20:13,655 [10717ad5-80cb-4143-95b1-142859a756e7@group-DC8ADD49AD69-LeaderElection161] INFO  impl.RoleInfo (RoleInfo.java:updateAndGet(148)) - 10717ad5-80cb-4143-95b1-142859a756e7: start 10717ad5-80cb-4143-95b1-142859a756e7@group-DC8ADD49AD69-LeaderStateImpl
2024-08-15 10:20:13,655 [10717ad5-80cb-4143-95b1-142859a756e7@group-DC8ADD49AD69-LeaderElection161] INFO  server.RaftServer$Division (RaftServerImpl.java:setFirstElection(549)) - 10717ad5-80cb-4143-95b1-142859a756e7@group-DC8ADD49AD69: set firstElectionSinceStartup to false for becomeLeader
2024-08-15 10:20:13,655 [10717ad5-80cb-4143-95b1-142859a756e7@group-DC8ADD49AD69-LeaderElection161] INFO  ratis.XceiverServerRatis (XceiverServerRatis.java:handleLeaderChangedNotification(951)) - Leader change notification received for group: group-DC8ADD49AD69 with new leaderId: 10717ad5-80cb-4143-95b1-142859a756e7
2024-08-15 10:20:13,655 [10717ad5-80cb-4143-95b1-142859a756e7@group-DC8ADD49AD69-LeaderElection161] INFO  server.RaftServer$Division (ServerState.java:setLeader(272)) - 10717ad5-80cb-4143-95b1-142859a756e7@group-DC8ADD49AD69: change Leader from null to 10717ad5-80cb-4143-95b1-142859a756e7 at term 1 for becomeLeader, leader elected after 5123ms
2024-08-15 10:20:13,655 [10717ad5-80cb-4143-95b1-142859a756e7@group-DC8ADD49AD69-LeaderElection161] INFO  segmented.SegmentedRaftLogWorker (SegmentedRaftLogWorker.java:startLogSegment(433)) - 10717ad5-80cb-4143-95b1-142859a756e7@group-DC8ADD49AD69-SegmentedRaftLogWorker: Starting segment from index:0
2024-08-15 10:20:13,656 [10717ad5-80cb-4143-95b1-142859a756e7@group-DC8ADD49AD69-SegmentedRaftLogWorker] INFO  segmented.BufferedWriteChannel (BufferedWriteChannel.java:open(61)) - open log_inprogress_0 at position 0
2024-08-15 10:20:13,661 [10717ad5-80cb-4143-95b1-142859a756e7@group-DC8ADD49AD69-LeaderElection161] INFO  server.RaftServer$Division (ServerState.java:setRaftConf(386)) - 10717ad5-80cb-4143-95b1-142859a756e7@group-DC8ADD49AD69: set configuration conf: {index: 0, cur=peers:[10717ad5-80cb-4143-95b1-142859a756e7|127.0.0.1:15631]|listeners:[], old=null}
2024-08-15 10:20:13,666 [10717ad5-80cb-4143-95b1-142859a756e7@group-DC8ADD49AD69-SegmentedRaftLogWorker] INFO  segmented.SegmentedRaftLogWorker (SegmentedRaftLogWorker.java:execute(637)) - 10717ad5-80cb-4143-95b1-142859a756e7@group-DC8ADD49AD69-SegmentedRaftLogWorker: created new log segment /home/runner/work/ozone/ozone/hadoop-ozone/integration-test/target/test-dir/MiniOzoneClusterImpl-4fe7c5bf-ca33-4415-93e0-e252006dfa59/ozone-meta/datanode-5/ratis/853cce2e-d382-422c-bd34-dc8add49ad69/current/log_inprogress_0
2024-08-15 10:20:13,667 [10717ad5-80cb-4143-95b1-142859a756e7@group-DC8ADD49AD69-StateMachineUpdater] INFO  server.RaftServer$Division (LeaderStateImpl.java:checkStartIndex(316)) - Leader 10717ad5-80cb-4143-95b1-142859a756e7@group-DC8ADD49AD69-LeaderStateImpl is ready since appliedIndex == startIndex == 0
2024-08-15 10:20:16,572 [298890a6-3c3b-4de0-a9db-67f24322077e-CloseContainerThread-0] INFO  commandhandler.CloseContainerCommandHandler (CloseContainerCommandHandler.java:lambda$handle$0(154)) - Follower cannot close container #1.
2024-08-15 10:20:16,575 [2c076085-4a54-4643-8427-8625b9ee6dbf-CloseContainerThread-0] INFO  commandhandler.CloseContainerCommandHandler (CloseContainerCommandHandler.java:lambda$handle$0(154)) - Follower cannot close container #1.
2024-08-15 10:20:17,573 [0825ce75-4a52-449f-9036-c8a968d40eda-ContainerOp-04d0640d-02ff-45d5-b287-e905553bca68-8] INFO  keyvalue.KeyValueContainer (KeyValueContainer.java:flushAndSyncDB(529)) - Container 1 is synced with bcsId 13.
2024-08-15 10:20:17,573 [0825ce75-4a52-449f-9036-c8a968d40eda-ContainerOp-04d0640d-02ff-45d5-b287-e905553bca68-8] INFO  keyvalue.KeyValueContainer (KeyValueContainer.java:flushAndSyncDB(529)) - Container 1 is synced with bcsId 13.
2024-08-15 10:20:17,575 [0825ce75-4a52-449f-9036-c8a968d40eda-ContainerOp-04d0640d-02ff-45d5-b287-e905553bca68-8] INFO  keyvalue.KeyValueContainer (KeyValueContainer.java:close(444)) - Container 1 is closed with bcsId 13.
2024-08-15 10:20:17,576 [FixedThreadPoolWithAffinityExecutor-9-0] INFO  container.IncrementalContainerReportHandler (AbstractContainerReportHandler.java:updateContainerState(312)) - Moving container #1 to CLOSED state, datanode 0825ce75-4a52-449f-9036-c8a968d40eda(localhost/127.0.0.1) reported CLOSED replica with index 0.
2024-08-15 10:20:17,578 [298890a6-3c3b-4de0-a9db-67f24322077e-ContainerOp-04d0640d-02ff-45d5-b287-e905553bca68-8] INFO  keyvalue.KeyValueContainer (KeyValueContainer.java:flushAndSyncDB(529)) - Container 1 is synced with bcsId 13.
2024-08-15 10:20:17,578 [298890a6-3c3b-4de0-a9db-67f24322077e-ContainerOp-04d0640d-02ff-45d5-b287-e905553bca68-8] INFO  keyvalue.KeyValueContainer (KeyValueContainer.java:flushAndSyncDB(529)) - Container 1 is synced with bcsId 13.
2024-08-15 10:20:17,579 [2c076085-4a54-4643-8427-8625b9ee6dbf-ContainerOp-04d0640d-02ff-45d5-b287-e905553bca68-8] INFO  keyvalue.KeyValueContainer (KeyValueContainer.java:flushAndSyncDB(529)) - Container 1 is synced with bcsId 13.
2024-08-15 10:20:17,579 [298890a6-3c3b-4de0-a9db-67f24322077e-ContainerOp-04d0640d-02ff-45d5-b287-e905553bca68-8] INFO  keyvalue.KeyValueContainer (KeyValueContainer.java:close(444)) - Container 1 is closed with bcsId 13.
2024-08-15 10:20:17,579 [2c076085-4a54-4643-8427-8625b9ee6dbf-ContainerOp-04d0640d-02ff-45d5-b287-e905553bca68-8] INFO  keyvalue.KeyValueContainer (KeyValueContainer.java:flushAndSyncDB(529)) - Container 1 is synced with bcsId 13.
2024-08-15 10:20:17,581 [2c076085-4a54-4643-8427-8625b9ee6dbf-ContainerOp-04d0640d-02ff-45d5-b287-e905553bca68-8] INFO  keyvalue.KeyValueContainer (KeyValueContainer.java:close(444)) - Container 1 is closed with bcsId 13.
10:20:17.602 [0825ce75-4a52-449f-9036-c8a968d40eda-client-thread2] ERROR DNAudit - user=null | ip=null | op=WRITE_CHUNK {blockData=conID: 1 locID: 113750153625600001 bcsId: 13 replicaIndex: 0, blockDataSize=100} | ret=FAILURE
org.apache.hadoop.hdds.scm.container.common.helpers.ContainerNotOpenException: Container 1 in CLOSED state
	at org.apache.hadoop.ozone.container.common.impl.HddsDispatcher.validateContainerCommand(HddsDispatcher.java:569) ~[hdds-container-service-1.5.0-SNAPSHOT.jar:?]
	at org.apache.hadoop.ozone.container.common.transport.server.ratis.ContainerStateMachine.startTransaction(ContainerStateMachine.java:426) ~[hdds-container-service-1.5.0-SNAPSHOT.jar:?]
	at org.apache.ratis.server.impl.RaftServerImpl.writeAsyncImpl(RaftServerImpl.java:975) ~[ratis-server-3.1.0.jar:3.1.0]
	at org.apache.ratis.server.impl.RaftServerImpl.writeAsync(RaftServerImpl.java:945) ~[ratis-server-3.1.0.jar:3.1.0]
	at org.apache.ratis.server.impl.RaftServerImpl.replyFuture(RaftServerImpl.java:937) ~[ratis-server-3.1.0.jar:3.1.0]
	at org.apache.ratis.server.impl.RaftServerImpl.submitClientRequestAsync(RaftServerImpl.java:912) ~[ratis-server-3.1.0.jar:3.1.0]
	at org.apache.ratis.server.impl.RaftServerImpl.lambda$executeSubmitClientRequestAsync$11(RaftServerImpl.java:893) ~[ratis-server-3.1.0.jar:3.1.0]
	at java.base/java.util.concurrent.CompletableFuture$AsyncSupply.run(CompletableFuture.java:1768) [?:?]
	at java.base/java.util.concurrent.ThreadPoolExecutor.runWorker(ThreadPoolExecutor.java:1136) [?:?]
	at java.base/java.util.concurrent.ThreadPoolExecutor$Worker.run(ThreadPoolExecutor.java:635) [?:?]
	at java.base/java.lang.Thread.run(Thread.java:840) [?:?]
10:20:17.604 [0825ce75-4a52-449f-9036-c8a968d40eda-client-thread2] ERROR DNAudit - user=null | ip=null | op=WRITE_CHUNK {blockData=conID: 1 locID: 113750153625600001 bcsId: 13 replicaIndex: 0, blockDataSize=100} | ret=FAILURE
org.apache.hadoop.hdds.scm.container.common.helpers.ContainerNotOpenException: Container 1 in CLOSED state
	at org.apache.hadoop.ozone.container.common.impl.HddsDispatcher.validateContainerCommand(HddsDispatcher.java:569) ~[hdds-container-service-1.5.0-SNAPSHOT.jar:?]
	at org.apache.hadoop.ozone.container.common.transport.server.ratis.ContainerStateMachine.startTransaction(ContainerStateMachine.java:426) ~[hdds-container-service-1.5.0-SNAPSHOT.jar:?]
	at org.apache.ratis.server.impl.RaftServerImpl.writeAsyncImpl(RaftServerImpl.java:975) ~[ratis-server-3.1.0.jar:3.1.0]
	at org.apache.ratis.server.impl.RaftServerImpl.writeAsync(RaftServerImpl.java:945) ~[ratis-server-3.1.0.jar:3.1.0]
	at org.apache.ratis.server.impl.RaftServerImpl.replyFuture(RaftServerImpl.java:937) ~[ratis-server-3.1.0.jar:3.1.0]
	at org.apache.ratis.server.impl.RaftServerImpl.submitClientRequestAsync(RaftServerImpl.java:912) ~[ratis-server-3.1.0.jar:3.1.0]
	at org.apache.ratis.server.impl.RaftServerImpl.lambda$executeSubmitClientRequestAsync$11(RaftServerImpl.java:893) ~[ratis-server-3.1.0.jar:3.1.0]
	at java.base/java.util.concurrent.CompletableFuture$AsyncSupply.run(CompletableFuture.java:1768) [?:?]
	at java.base/java.util.concurrent.ThreadPoolExecutor.runWorker(ThreadPoolExecutor.java:1136) [?:?]
	at java.base/java.util.concurrent.ThreadPoolExecutor$Worker.run(ThreadPoolExecutor.java:635) [?:?]
	at java.base/java.lang.Thread.run(Thread.java:840) [?:?]
2024-08-15 10:20:17,604 [grpc-default-executor-0] ERROR impl.OrderedAsync (OrderedAsync.java:lambda$send$4(181)) - Failed to send request, message=cmdType: WriteChunk
traceID: ""
containerID: 1
datanodeUuid: "2c076085-4a54-4643-8427-8625b9ee6dbf"
writeChunk {
  blockID {
    containerID: 1
    localID: 113750153625600001
    blockCommitSequenceId: 13
    replicaIndex: 0
  }
  chunkData {
    chunkName: "113750153625600001_chunk_6"
    offset: 500
    len: 100
    checksumData {
      type: NONE
      bytesPerChecksum: 16384
    }
  }
}
version: 4
, data.size=100
java.util.concurrent.CompletionException: org.apache.ratis.protocol.exceptions.StateMachineException: org.apache.hadoop.hdds.scm.container.common.helpers.ContainerNotOpenException from Server 0825ce75-4a52-449f-9036-c8a968d40eda@group-E905553BCA68: Container 1 in CLOSED state
	at org.apache.ratis.client.impl.RaftClientImpl.handleRaftException(RaftClientImpl.java:373)
	at org.apache.ratis.client.impl.OrderedAsync.lambda$send$3(OrderedAsync.java:175)
	at java.base/java.util.concurrent.CompletableFuture$UniApply.tryFire(CompletableFuture.java:646)
	at java.base/java.util.concurrent.CompletableFuture.postComplete(CompletableFuture.java:510)
	at java.base/java.util.concurrent.CompletableFuture.complete(CompletableFuture.java:2147)
	at org.apache.ratis.client.impl.OrderedAsync$PendingOrderedRequest.setReply(OrderedAsync.java:105)
	at org.apache.ratis.client.impl.OrderedAsync$PendingOrderedRequest.setReply(OrderedAsync.java:66)
	at org.apache.ratis.util.SlidingWindow$RequestMap.setReply(SlidingWindow.java:147)
	at org.apache.ratis.util.SlidingWindow$Client.receiveReply(SlidingWindow.java:351)
	at org.apache.ratis.client.impl.OrderedAsync.lambda$sendRequestWithRetry$5(OrderedAsync.java:210)
	at java.base/java.util.concurrent.CompletableFuture$UniAccept.tryFire(CompletableFuture.java:718)
	at java.base/java.util.concurrent.CompletableFuture.postComplete(CompletableFuture.java:510)
	at java.base/java.util.concurrent.CompletableFuture.complete(CompletableFuture.java:2147)
	at org.apache.ratis.grpc.client.GrpcClientProtocolClient$AsyncStreamObservers$1.lambda$onNext$0(GrpcClientProtocolClient.java:322)
	at java.base/java.util.Optional.ifPresent(Optional.java:178)
	at org.apache.ratis.grpc.client.GrpcClientProtocolClient$AsyncStreamObservers.handleReplyFuture(GrpcClientProtocolClient.java:378)
	at org.apache.ratis.grpc.client.GrpcClientProtocolClient$AsyncStreamObservers.access$100(GrpcClientProtocolClient.java:300)
	at org.apache.ratis.grpc.client.GrpcClientProtocolClient$AsyncStreamObservers$1.onNext(GrpcClientProtocolClient.java:322)
	at org.apache.ratis.grpc.client.GrpcClientProtocolClient$AsyncStreamObservers$1.onNext(GrpcClientProtocolClient.java:305)
	at org.apache.ratis.thirdparty.io.grpc.stub.ClientCalls$StreamObserverToCallListenerAdapter.onMessage(ClientCalls.java:468)
	at org.apache.ratis.thirdparty.io.grpc.ForwardingClientCallListener.onMessage(ForwardingClientCallListener.java:33)
	at org.apache.ratis.thirdparty.io.grpc.internal.ClientCallImpl$ClientStreamListenerImpl$1MessagesAvailable.runInternal(ClientCallImpl.java:660)
	at org.apache.ratis.thirdparty.io.grpc.internal.ClientCallImpl$ClientStreamListenerImpl$1MessagesAvailable.runInContext(ClientCallImpl.java:647)
	at org.apache.ratis.thirdparty.io.grpc.internal.ContextRunnable.run(ContextRunnable.java:37)
	at org.apache.ratis.thirdparty.io.grpc.internal.SerializingExecutor.run(SerializingExecutor.java:133)
	at java.base/java.util.concurrent.ThreadPoolExecutor.runWorker(ThreadPoolExecutor.java:1136)
	at java.base/java.util.concurrent.ThreadPoolExecutor$Worker.run(ThreadPoolExecutor.java:635)
	at java.base/java.lang.Thread.run(Thread.java:840)
Caused by: org.apache.ratis.protocol.exceptions.StateMachineException: org.apache.hadoop.hdds.scm.container.common.helpers.ContainerNotOpenException from Server 0825ce75-4a52-449f-9036-c8a968d40eda@group-E905553BCA68: Container 1 in CLOSED state
	at org.apache.hadoop.ozone.container.common.impl.HddsDispatcher.validateContainerCommand(HddsDispatcher.java:569)
	at org.apache.hadoop.ozone.container.common.transport.server.ratis.ContainerStateMachine.startTransaction(ContainerStateMachine.java:426)
	at org.apache.ratis.server.impl.RaftServerImpl.writeAsyncImpl(RaftServerImpl.java:975)
	at org.apache.ratis.server.impl.RaftServerImpl.writeAsync(RaftServerImpl.java:945)
	at org.apache.ratis.server.impl.RaftServerImpl.replyFuture(RaftServerImpl.java:937)
	at org.apache.ratis.server.impl.RaftServerImpl.submitClientRequestAsync(RaftServerImpl.java:912)
	at org.apache.ratis.server.impl.RaftServerImpl.lambda$executeSubmitClientRequestAsync$11(RaftServerImpl.java:893)
	at java.base/java.util.concurrent.CompletableFuture$AsyncSupply.run(CompletableFuture.java:1768)
	... 3 more
Caused by: org.apache.hadoop.hdds.scm.container.common.helpers.ContainerNotOpenException: Container 1 in CLOSED state
	at jdk.internal.reflect.GeneratedConstructorAccessor90.newInstance(Unknown Source)
	at java.base/jdk.internal.reflect.DelegatingConstructorAccessorImpl.newInstance(DelegatingConstructorAccessorImpl.java:45)
	at java.base/java.lang.reflect.Constructor.newInstanceWithCaller(Constructor.java:500)
	at java.base/java.lang.reflect.Constructor.newInstance(Constructor.java:481)
	at org.apache.ratis.util.ReflectionUtils.instantiateException(ReflectionUtils.java:259)
	at org.apache.ratis.client.impl.ClientProtoUtils.toStateMachineException(ClientProtoUtils.java:451)
	at org.apache.ratis.client.impl.ClientProtoUtils.toStateMachineException(ClientProtoUtils.java:437)
	at org.apache.ratis.client.impl.ClientProtoUtils.toRaftClientReply(ClientProtoUtils.java:404)
	at org.apache.ratis.grpc.client.GrpcClientProtocolClient$AsyncStreamObservers$1.onNext(GrpcClientProtocolClient.java:310)
	at org.apache.ratis.grpc.client.GrpcClientProtocolClient$AsyncStreamObservers$1.onNext(GrpcClientProtocolClient.java:305)
	at org.apache.ratis.thirdparty.io.grpc.stub.ClientCalls$StreamObserverToCallListenerAdapter.onMessage(ClientCalls.java:468)
	at org.apache.ratis.thirdparty.io.grpc.ForwardingClientCallListener.onMessage(ForwardingClientCallListener.java:33)
	at org.apache.ratis.thirdparty.io.grpc.internal.ClientCallImpl$ClientStreamListenerImpl$1MessagesAvailable.runInternal(ClientCallImpl.java:660)
	at org.apache.ratis.thirdparty.io.grpc.internal.ClientCallImpl$ClientStreamListenerImpl$1MessagesAvailable.runInContext(ClientCallImpl.java:647)
	at org.apache.ratis.thirdparty.io.grpc.internal.ContextRunnable.run(ContextRunnable.java:37)
	at org.apache.ratis.thirdparty.io.grpc.internal.SerializingExecutor.run(SerializingExecutor.java:133)
	... 3 more
2024-08-15 10:20:17,606 [grpc-default-executor-0] ERROR impl.OrderedAsync (OrderedAsync.java:lambda$send$4(181)) - Failed to send request, message=cmdType: WriteChunk
traceID: ""
containerID: 1
datanodeUuid: "2c076085-4a54-4643-8427-8625b9ee6dbf"
writeChunk {
  blockID {
    containerID: 1
    localID: 113750153625600001
    blockCommitSequenceId: 13
    replicaIndex: 0
  }
  chunkData {
    chunkName: "113750153625600001_chunk_7"
    offset: 600
    len: 100
    checksumData {
      type: NONE
      bytesPerChecksum: 16384
    }
  }
}
version: 4
, data.size=100
java.util.concurrent.CompletionException: org.apache.ratis.protocol.exceptions.StateMachineException: org.apache.hadoop.hdds.scm.container.common.helpers.ContainerNotOpenException from Server 0825ce75-4a52-449f-9036-c8a968d40eda@group-E905553BCA68: Container 1 in CLOSED state
	at org.apache.ratis.client.impl.RaftClientImpl.handleRaftException(RaftClientImpl.java:373)
	at org.apache.ratis.client.impl.OrderedAsync.lambda$send$3(OrderedAsync.java:175)
	at java.base/java.util.concurrent.CompletableFuture$UniApply.tryFire(CompletableFuture.java:646)
	at java.base/java.util.concurrent.CompletableFuture.postComplete(CompletableFuture.java:510)
	at java.base/java.util.concurrent.CompletableFuture.complete(CompletableFuture.java:2147)
	at org.apache.ratis.client.impl.OrderedAsync$PendingOrderedRequest.setReply(OrderedAsync.java:105)
	at org.apache.ratis.client.impl.OrderedAsync$PendingOrderedRequest.setReply(OrderedAsync.java:66)
	at org.apache.ratis.util.SlidingWindow$RequestMap.setReply(SlidingWindow.java:147)
	at org.apache.ratis.util.SlidingWindow$Client.receiveReply(SlidingWindow.java:351)
	at org.apache.ratis.client.impl.OrderedAsync.lambda$sendRequestWithRetry$5(OrderedAsync.java:210)
	at java.base/java.util.concurrent.CompletableFuture$UniAccept.tryFire(CompletableFuture.java:718)
	at java.base/java.util.concurrent.CompletableFuture.postComplete(CompletableFuture.java:510)
	at java.base/java.util.concurrent.CompletableFuture.complete(CompletableFuture.java:2147)
	at org.apache.ratis.grpc.client.GrpcClientProtocolClient$AsyncStreamObservers$1.lambda$onNext$0(GrpcClientProtocolClient.java:322)
	at java.base/java.util.Optional.ifPresent(Optional.java:178)
	at org.apache.ratis.grpc.client.GrpcClientProtocolClient$AsyncStreamObservers.handleReplyFuture(GrpcClientProtocolClient.java:378)
	at org.apache.ratis.grpc.client.GrpcClientProtocolClient$AsyncStreamObservers.access$100(GrpcClientProtocolClient.java:300)
	at org.apache.ratis.grpc.client.GrpcClientProtocolClient$AsyncStreamObservers$1.onNext(GrpcClientProtocolClient.java:322)
	at org.apache.ratis.grpc.client.GrpcClientProtocolClient$AsyncStreamObservers$1.onNext(GrpcClientProtocolClient.java:305)
	at org.apache.ratis.thirdparty.io.grpc.stub.ClientCalls$StreamObserverToCallListenerAdapter.onMessage(ClientCalls.java:468)
	at org.apache.ratis.thirdparty.io.grpc.ForwardingClientCallListener.onMessage(ForwardingClientCallListener.java:33)
	at org.apache.ratis.thirdparty.io.grpc.internal.ClientCallImpl$ClientStreamListenerImpl$1MessagesAvailable.runInternal(ClientCallImpl.java:660)
	at org.apache.ratis.thirdparty.io.grpc.internal.ClientCallImpl$ClientStreamListenerImpl$1MessagesAvailable.runInContext(ClientCallImpl.java:647)
	at org.apache.ratis.thirdparty.io.grpc.internal.ContextRunnable.run(ContextRunnable.java:37)
	at org.apache.ratis.thirdparty.io.grpc.internal.SerializingExecutor.run(SerializingExecutor.java:133)
	at java.base/java.util.concurrent.ThreadPoolExecutor.runWorker(ThreadPoolExecutor.java:1136)
	at java.base/java.util.concurrent.ThreadPoolExecutor$Worker.run(ThreadPoolExecutor.java:635)
	at java.base/java.lang.Thread.run(Thread.java:840)
Caused by: org.apache.ratis.protocol.exceptions.StateMachineException: org.apache.hadoop.hdds.scm.container.common.helpers.ContainerNotOpenException from Server 0825ce75-4a52-449f-9036-c8a968d40eda@group-E905553BCA68: Container 1 in CLOSED state
	at org.apache.hadoop.ozone.container.common.impl.HddsDispatcher.validateContainerCommand(HddsDispatcher.java:569)
	at org.apache.hadoop.ozone.container.common.transport.server.ratis.ContainerStateMachine.startTransaction(ContainerStateMachine.java:426)
	at org.apache.ratis.server.impl.RaftServerImpl.writeAsyncImpl(RaftServerImpl.java:975)
	at org.apache.ratis.server.impl.RaftServerImpl.writeAsync(RaftServerImpl.java:945)
	at org.apache.ratis.server.impl.RaftServerImpl.replyFuture(RaftServerImpl.java:937)
	at org.apache.ratis.server.impl.RaftServerImpl.submitClientRequestAsync(RaftServerImpl.java:912)
	at org.apache.ratis.server.impl.RaftServerImpl.lambda$executeSubmitClientRequestAsync$11(RaftServerImpl.java:893)
	at java.base/java.util.concurrent.CompletableFuture$AsyncSupply.run(CompletableFuture.java:1768)
	... 3 more
Caused by: org.apache.hadoop.hdds.scm.container.common.helpers.ContainerNotOpenException: Container 1 in CLOSED state
	at jdk.internal.reflect.GeneratedConstructorAccessor90.newInstance(Unknown Source)
	at java.base/jdk.internal.reflect.DelegatingConstructorAccessorImpl.newInstance(DelegatingConstructorAccessorImpl.java:45)
	at java.base/java.lang.reflect.Constructor.newInstanceWithCaller(Constructor.java:500)
	at java.base/java.lang.reflect.Constructor.newInstance(Constructor.java:481)
	at org.apache.ratis.util.ReflectionUtils.instantiateException(ReflectionUtils.java:259)
	at org.apache.ratis.client.impl.ClientProtoUtils.toStateMachineException(ClientProtoUtils.java:451)
	at org.apache.ratis.client.impl.ClientProtoUtils.toStateMachineException(ClientProtoUtils.java:437)
	at org.apache.ratis.client.impl.ClientProtoUtils.toRaftClientReply(ClientProtoUtils.java:404)
	at org.apache.ratis.grpc.client.GrpcClientProtocolClient$AsyncStreamObservers$1.onNext(GrpcClientProtocolClient.java:310)
	at org.apache.ratis.grpc.client.GrpcClientProtocolClient$AsyncStreamObservers$1.onNext(GrpcClientProtocolClient.java:305)
	at org.apache.ratis.thirdparty.io.grpc.stub.ClientCalls$StreamObserverToCallListenerAdapter.onMessage(ClientCalls.java:468)
	at org.apache.ratis.thirdparty.io.grpc.ForwardingClientCallListener.onMessage(ForwardingClientCallListener.java:33)
	at org.apache.ratis.thirdparty.io.grpc.internal.ClientCallImpl$ClientStreamListenerImpl$1MessagesAvailable.runInternal(ClientCallImpl.java:660)
	at org.apache.ratis.thirdparty.io.grpc.internal.ClientCallImpl$ClientStreamListenerImpl$1MessagesAvailable.runInContext(ClientCallImpl.java:647)
	at org.apache.ratis.thirdparty.io.grpc.internal.ContextRunnable.run(ContextRunnable.java:37)
	at org.apache.ratis.thirdparty.io.grpc.internal.SerializingExecutor.run(SerializingExecutor.java:133)
	... 3 more
10:20:17.606 [0825ce75-4a52-449f-9036-c8a968d40eda-client-thread2] ERROR DNAudit - user=null | ip=null | op=PUT_BLOCK {blockData=[blockId=conID: 1 locID: 113750153625600001 bcsId: 0 replicaIndex: null, size=700]} | ret=FAILURE
org.apache.hadoop.hdds.scm.container.common.helpers.ContainerNotOpenException: Container 1 in CLOSED state
	at org.apache.hadoop.ozone.container.common.impl.HddsDispatcher.validateContainerCommand(HddsDispatcher.java:569) ~[hdds-container-service-1.5.0-SNAPSHOT.jar:?]
	at org.apache.hadoop.ozone.container.common.transport.server.ratis.ContainerStateMachine.startTransaction(ContainerStateMachine.java:426) ~[hdds-container-service-1.5.0-SNAPSHOT.jar:?]
	at org.apache.ratis.server.impl.RaftServerImpl.writeAsyncImpl(RaftServerImpl.java:975) ~[ratis-server-3.1.0.jar:3.1.0]
	at org.apache.ratis.server.impl.RaftServerImpl.writeAsync(RaftServerImpl.java:945) ~[ratis-server-3.1.0.jar:3.1.0]
	at org.apache.ratis.server.impl.RaftServerImpl.replyFuture(RaftServerImpl.java:937) ~[ratis-server-3.1.0.jar:3.1.0]
	at org.apache.ratis.server.impl.RaftServerImpl.submitClientRequestAsync(RaftServerImpl.java:912) ~[ratis-server-3.1.0.jar:3.1.0]
	at org.apache.ratis.server.impl.RaftServerImpl.lambda$executeSubmitClientRequestAsync$11(RaftServerImpl.java:893) ~[ratis-server-3.1.0.jar:3.1.0]
	at java.base/java.util.concurrent.CompletableFuture$AsyncSupply.run(CompletableFuture.java:1768) [?:?]
	at java.base/java.util.concurrent.ThreadPoolExecutor.runWorker(ThreadPoolExecutor.java:1136) [?:?]
	at java.base/java.util.concurrent.ThreadPoolExecutor$Worker.run(ThreadPoolExecutor.java:635) [?:?]
	at java.base/java.lang.Thread.run(Thread.java:840) [?:?]
10:20:17.606 [0825ce75-4a52-449f-9036-c8a968d40eda-client-thread2] ERROR DNAudit - user=null | ip=null | op=WRITE_CHUNK {blockData=conID: 1 locID: 113750153625600001 bcsId: 13 replicaIndex: 0, blockDataSize=100} | ret=FAILURE
org.apache.hadoop.hdds.scm.container.common.helpers.ContainerNotOpenException: Container 1 in CLOSED state
	at org.apache.hadoop.ozone.container.common.impl.HddsDispatcher.validateContainerCommand(HddsDispatcher.java:569) ~[hdds-container-service-1.5.0-SNAPSHOT.jar:?]
	at org.apache.hadoop.ozone.container.common.transport.server.ratis.ContainerStateMachine.startTransaction(ContainerStateMachine.java:426) ~[hdds-container-service-1.5.0-SNAPSHOT.jar:?]
	at org.apache.ratis.server.impl.RaftServerImpl.writeAsyncImpl(RaftServerImpl.java:975) ~[ratis-server-3.1.0.jar:3.1.0]
	at org.apache.ratis.server.impl.RaftServerImpl.writeAsync(RaftServerImpl.java:945) ~[ratis-server-3.1.0.jar:3.1.0]
	at org.apache.ratis.server.impl.RaftServerImpl.replyFuture(RaftServerImpl.java:937) ~[ratis-server-3.1.0.jar:3.1.0]
	at org.apache.ratis.server.impl.RaftServerImpl.submitClientRequestAsync(RaftServerImpl.java:912) ~[ratis-server-3.1.0.jar:3.1.0]
	at org.apache.ratis.server.impl.RaftServerImpl.lambda$executeSubmitClientRequestAsync$11(RaftServerImpl.java:893) ~[ratis-server-3.1.0.jar:3.1.0]
	at java.base/java.util.concurrent.CompletableFuture$AsyncSupply.run(CompletableFuture.java:1768) [?:?]
	at java.base/java.util.concurrent.ThreadPoolExecutor.runWorker(ThreadPoolExecutor.java:1136) [?:?]
	at java.base/java.util.concurrent.ThreadPoolExecutor$Worker.run(ThreadPoolExecutor.java:635) [?:?]
	at java.base/java.lang.Thread.run(Thread.java:840) [?:?]
10:20:17.608 [0825ce75-4a52-449f-9036-c8a968d40eda-client-thread2] ERROR DNAudit - user=null | ip=null | op=PUT_BLOCK {blockData=[blockId=conID: 1 locID: 113750153625600001 bcsId: 0 replicaIndex: null, size=800]} | ret=FAILURE
org.apache.hadoop.hdds.scm.container.common.helpers.ContainerNotOpenException: Container 1 in CLOSED state
	at org.apache.hadoop.ozone.container.common.impl.HddsDispatcher.validateContainerCommand(HddsDispatcher.java:569) ~[hdds-container-service-1.5.0-SNAPSHOT.jar:?]
	at org.apache.hadoop.ozone.container.common.transport.server.ratis.ContainerStateMachine.startTransaction(ContainerStateMachine.java:426) ~[hdds-container-service-1.5.0-SNAPSHOT.jar:?]
	at org.apache.ratis.server.impl.RaftServerImpl.writeAsyncImpl(RaftServerImpl.java:975) ~[ratis-server-3.1.0.jar:3.1.0]
	at org.apache.ratis.server.impl.RaftServerImpl.writeAsync(RaftServerImpl.java:945) ~[ratis-server-3.1.0.jar:3.1.0]
	at org.apache.ratis.server.impl.RaftServerImpl.replyFuture(RaftServerImpl.java:937) ~[ratis-server-3.1.0.jar:3.1.0]
	at org.apache.ratis.server.impl.RaftServerImpl.submitClientRequestAsync(RaftServerImpl.java:912) ~[ratis-server-3.1.0.jar:3.1.0]
	at org.apache.ratis.server.impl.RaftServerImpl.lambda$executeSubmitClientRequestAsync$11(RaftServerImpl.java:893) ~[ratis-server-3.1.0.jar:3.1.0]
	at java.base/java.util.concurrent.CompletableFuture$AsyncSupply.run(CompletableFuture.java:1768) [?:?]
	at java.base/java.util.concurrent.ThreadPoolExecutor.runWorker(ThreadPoolExecutor.java:1136) [?:?]
	at java.base/java.util.concurrent.ThreadPoolExecutor$Worker.run(ThreadPoolExecutor.java:635) [?:?]
	at java.base/java.lang.Thread.run(Thread.java:840) [?:?]
2024-08-15 10:20:17,608 [grpc-default-executor-0] ERROR impl.OrderedAsync (OrderedAsync.java:lambda$send$4(181)) - Failed to send request, message=cmdType: PutBlock
traceID: ""
containerID: 1
datanodeUuid: "2c076085-4a54-4643-8427-8625b9ee6dbf"
putBlock {
  blockData {
    blockID {
      containerID: 1
      localID: 113750153625600001
      blockCommitSequenceId: 0
    }
    metadata {
      key: "TYPE"
      value: "KEY"
    }
    chunks {
      chunkName: "113750153625600001_chunk_1"
      offset: 0
      len: 100
      checksumData {
        type: NONE
        bytesPerChecksum: 16384
      }
    }
    chunks {
      chunkName: "113750153625600001_chunk_2"
      offset: 100
      len: 100
      checksumData {
        type: NONE
        bytesPerChecksum: 16384
      }
    }
    chunks {
      chunkName: "113750153625600001_chunk_3"
      offset: 200
      len: 100
      checksumData {
        type: NONE
        bytesPerChecksum: 16384
      }
    }
    chunks {
      chunkName: "113750153625600001_chunk_4"
      offset: 300
      len: 100
      checksumData {
        type: NONE
        bytesPerChecksum: 16384
      }
    }
    chunks {
      chunkName: "113750153625600001_chunk_5"
      offset: 400
      len: 100
      checksumData {
        type: NONE
        bytesPerChecksum: 16384
      }
    }
    chunks {
      chunkName: "113750153625600001_chunk_6"
      offset: 500
      len: 100
      checksumData {
        type: NONE
        bytesPerChecksum: 16384
      }
    }
    chunks {
      chunkName: "113750153625600001_chunk_7"
      offset: 600
      len: 100
      checksumData {
        type: NONE
        bytesPerChecksum: 16384
      }
    }
  }
  eof: false
}
version: 4
, data.size=0
java.util.concurrent.CompletionException: org.apache.ratis.protocol.exceptions.StateMachineException: org.apache.hadoop.hdds.scm.container.common.helpers.ContainerNotOpenException from Server 0825ce75-4a52-449f-9036-c8a968d40eda@group-E905553BCA68: Container 1 in CLOSED state
	at org.apache.ratis.client.impl.RaftClientImpl.handleRaftException(RaftClientImpl.java:373)
	at org.apache.ratis.client.impl.OrderedAsync.lambda$send$3(OrderedAsync.java:175)
	at java.base/java.util.concurrent.CompletableFuture$UniApply.tryFire(CompletableFuture.java:646)
	at java.base/java.util.concurrent.CompletableFuture.postComplete(CompletableFuture.java:510)
	at java.base/java.util.concurrent.CompletableFuture.complete(CompletableFuture.java:2147)
	at org.apache.ratis.client.impl.OrderedAsync$PendingOrderedRequest.setReply(OrderedAsync.java:105)
	at org.apache.ratis.client.impl.OrderedAsync$PendingOrderedRequest.setReply(OrderedAsync.java:66)
	at org.apache.ratis.util.SlidingWindow$RequestMap.setReply(SlidingWindow.java:147)
	at org.apache.ratis.util.SlidingWindow$Client.receiveReply(SlidingWindow.java:351)
	at org.apache.ratis.client.impl.OrderedAsync.lambda$sendRequestWithRetry$5(OrderedAsync.java:210)
	at java.base/java.util.concurrent.CompletableFuture$UniAccept.tryFire(CompletableFuture.java:718)
	at java.base/java.util.concurrent.CompletableFuture.postComplete(CompletableFuture.java:510)
	at java.base/java.util.concurrent.CompletableFuture.complete(CompletableFuture.java:2147)
	at org.apache.ratis.grpc.client.GrpcClientProtocolClient$AsyncStreamObservers$1.lambda$onNext$0(GrpcClientProtocolClient.java:322)
	at java.base/java.util.Optional.ifPresent(Optional.java:178)
	at org.apache.ratis.grpc.client.GrpcClientProtocolClient$AsyncStreamObservers.handleReplyFuture(GrpcClientProtocolClient.java:378)
	at org.apache.ratis.grpc.client.GrpcClientProtocolClient$AsyncStreamObservers.access$100(GrpcClientProtocolClient.java:300)
	at org.apache.ratis.grpc.client.GrpcClientProtocolClient$AsyncStreamObservers$1.onNext(GrpcClientProtocolClient.java:322)
	at org.apache.ratis.grpc.client.GrpcClientProtocolClient$AsyncStreamObservers$1.onNext(GrpcClientProtocolClient.java:305)
	at org.apache.ratis.thirdparty.io.grpc.stub.ClientCalls$StreamObserverToCallListenerAdapter.onMessage(ClientCalls.java:468)
	at org.apache.ratis.thirdparty.io.grpc.ForwardingClientCallListener.onMessage(ForwardingClientCallListener.java:33)
	at org.apache.ratis.thirdparty.io.grpc.internal.ClientCallImpl$ClientStreamListenerImpl$1MessagesAvailable.runInternal(ClientCallImpl.java:660)
	at org.apache.ratis.thirdparty.io.grpc.internal.ClientCallImpl$ClientStreamListenerImpl$1MessagesAvailable.runInContext(ClientCallImpl.java:647)
	at org.apache.ratis.thirdparty.io.grpc.internal.ContextRunnable.run(ContextRunnable.java:37)
	at org.apache.ratis.thirdparty.io.grpc.internal.SerializingExecutor.run(SerializingExecutor.java:133)
	at java.base/java.util.concurrent.ThreadPoolExecutor.runWorker(ThreadPoolExecutor.java:1136)
	at java.base/java.util.concurrent.ThreadPoolExecutor$Worker.run(ThreadPoolExecutor.java:635)
	at java.base/java.lang.Thread.run(Thread.java:840)
Caused by: org.apache.ratis.protocol.exceptions.StateMachineException: org.apache.hadoop.hdds.scm.container.common.helpers.ContainerNotOpenException from Server 0825ce75-4a52-449f-9036-c8a968d40eda@group-E905553BCA68: Container 1 in CLOSED state
	at org.apache.hadoop.ozone.container.common.impl.HddsDispatcher.validateContainerCommand(HddsDispatcher.java:569)
	at org.apache.hadoop.ozone.container.common.transport.server.ratis.ContainerStateMachine.startTransaction(ContainerStateMachine.java:426)
	at org.apache.ratis.server.impl.RaftServerImpl.writeAsyncImpl(RaftServerImpl.java:975)
	at org.apache.ratis.server.impl.RaftServerImpl.writeAsync(RaftServerImpl.java:945)
	at org.apache.ratis.server.impl.RaftServerImpl.replyFuture(RaftServerImpl.java:937)
	at org.apache.ratis.server.impl.RaftServerImpl.submitClientRequestAsync(RaftServerImpl.java:912)
	at org.apache.ratis.server.impl.RaftServerImpl.lambda$executeSubmitClientRequestAsync$11(RaftServerImpl.java:893)
	at java.base/java.util.concurrent.CompletableFuture$AsyncSupply.run(CompletableFuture.java:1768)
	... 3 more
Caused by: org.apache.hadoop.hdds.scm.container.common.helpers.ContainerNotOpenException: Container 1 in CLOSED state
	at jdk.internal.reflect.GeneratedConstructorAccessor90.newInstance(Unknown Source)
	at java.base/jdk.internal.reflect.DelegatingConstructorAccessorImpl.newInstance(DelegatingConstructorAccessorImpl.java:45)
	at java.base/java.lang.reflect.Constructor.newInstanceWithCaller(Constructor.java:500)
	at java.base/java.lang.reflect.Constructor.newInstance(Constructor.java:481)
	at org.apache.ratis.util.ReflectionUtils.instantiateException(ReflectionUtils.java:259)
	at org.apache.ratis.client.impl.ClientProtoUtils.toStateMachineException(ClientProtoUtils.java:451)
	at org.apache.ratis.client.impl.ClientProtoUtils.toStateMachineException(ClientProtoUtils.java:437)
	at org.apache.ratis.client.impl.ClientProtoUtils.toRaftClientReply(ClientProtoUtils.java:404)
	at org.apache.ratis.grpc.client.GrpcClientProtocolClient$AsyncStreamObservers$1.onNext(GrpcClientProtocolClient.java:310)
	at org.apache.ratis.grpc.client.GrpcClientProtocolClient$AsyncStreamObservers$1.onNext(GrpcClientProtocolClient.java:305)
	at org.apache.ratis.thirdparty.io.grpc.stub.ClientCalls$StreamObserverToCallListenerAdapter.onMessage(ClientCalls.java:468)
	at org.apache.ratis.thirdparty.io.grpc.ForwardingClientCallListener.onMessage(ForwardingClientCallListener.java:33)
	at org.apache.ratis.thirdparty.io.grpc.internal.ClientCallImpl$ClientStreamListenerImpl$1MessagesAvailable.runInternal(ClientCallImpl.java:660)
	at org.apache.ratis.thirdparty.io.grpc.internal.ClientCallImpl$ClientStreamListenerImpl$1MessagesAvailable.runInContext(ClientCallImpl.java:647)
	at org.apache.ratis.thirdparty.io.grpc.internal.ContextRunnable.run(ContextRunnable.java:37)
	at org.apache.ratis.thirdparty.io.grpc.internal.SerializingExecutor.run(SerializingExecutor.java:133)
	... 3 more
2024-08-15 10:20:17,609 [grpc-default-executor-0] ERROR impl.OrderedAsync (OrderedAsync.java:lambda$send$4(181)) - Failed to send request, message=cmdType: WriteChunk
traceID: ""
containerID: 1
datanodeUuid: "2c076085-4a54-4643-8427-8625b9ee6dbf"
writeChunk {
  blockID {
    containerID: 1
    localID: 113750153625600001
    blockCommitSequenceId: 13
    replicaIndex: 0
  }
  chunkData {
    chunkName: "113750153625600001_chunk_8"
    offset: 700
    len: 100
    checksumData {
      type: NONE
      bytesPerChecksum: 16384
    }
  }
}
version: 4
, data.size=100
java.util.concurrent.CompletionException: org.apache.ratis.protocol.exceptions.StateMachineException: org.apache.hadoop.hdds.scm.container.common.helpers.ContainerNotOpenException from Server 0825ce75-4a52-449f-9036-c8a968d40eda@group-E905553BCA68: Container 1 in CLOSED state
	at org.apache.ratis.client.impl.RaftClientImpl.handleRaftException(RaftClientImpl.java:373)
	at org.apache.ratis.client.impl.OrderedAsync.lambda$send$3(OrderedAsync.java:175)
	at java.base/java.util.concurrent.CompletableFuture$UniApply.tryFire(CompletableFuture.java:646)
	at java.base/java.util.concurrent.CompletableFuture.postComplete(CompletableFuture.java:510)
	at java.base/java.util.concurrent.CompletableFuture.complete(CompletableFuture.java:2147)
	at org.apache.ratis.client.impl.OrderedAsync$PendingOrderedRequest.setReply(OrderedAsync.java:105)
	at org.apache.ratis.client.impl.OrderedAsync$PendingOrderedRequest.setReply(OrderedAsync.java:66)
	at org.apache.ratis.util.SlidingWindow$RequestMap.setReply(SlidingWindow.java:147)
	at org.apache.ratis.util.SlidingWindow$Client.receiveReply(SlidingWindow.java:351)
	at org.apache.ratis.client.impl.OrderedAsync.lambda$sendRequestWithRetry$5(OrderedAsync.java:210)
	at java.base/java.util.concurrent.CompletableFuture$UniAccept.tryFire(CompletableFuture.java:718)
	at java.base/java.util.concurrent.CompletableFuture.postComplete(CompletableFuture.java:510)
	at java.base/java.util.concurrent.CompletableFuture.complete(CompletableFuture.java:2147)
	at org.apache.ratis.grpc.client.GrpcClientProtocolClient$AsyncStreamObservers$1.lambda$onNext$0(GrpcClientProtocolClient.java:322)
	at java.base/java.util.Optional.ifPresent(Optional.java:178)
	at org.apache.ratis.grpc.client.GrpcClientProtocolClient$AsyncStreamObservers.handleReplyFuture(GrpcClientProtocolClient.java:378)
	at org.apache.ratis.grpc.client.GrpcClientProtocolClient$AsyncStreamObservers.access$100(GrpcClientProtocolClient.java:300)
	at org.apache.ratis.grpc.client.GrpcClientProtocolClient$AsyncStreamObservers$1.onNext(GrpcClientProtocolClient.java:322)
	at org.apache.ratis.grpc.client.GrpcClientProtocolClient$AsyncStreamObservers$1.onNext(GrpcClientProtocolClient.java:305)
	at org.apache.ratis.thirdparty.io.grpc.stub.ClientCalls$StreamObserverToCallListenerAdapter.onMessage(ClientCalls.java:468)
	at org.apache.ratis.thirdparty.io.grpc.ForwardingClientCallListener.onMessage(ForwardingClientCallListener.java:33)
	at org.apache.ratis.thirdparty.io.grpc.internal.ClientCallImpl$ClientStreamListenerImpl$1MessagesAvailable.runInternal(ClientCallImpl.java:660)
	at org.apache.ratis.thirdparty.io.grpc.internal.ClientCallImpl$ClientStreamListenerImpl$1MessagesAvailable.runInContext(ClientCallImpl.java:647)
	at org.apache.ratis.thirdparty.io.grpc.internal.ContextRunnable.run(ContextRunnable.java:37)
	at org.apache.ratis.thirdparty.io.grpc.internal.SerializingExecutor.run(SerializingExecutor.java:133)
	at java.base/java.util.concurrent.ThreadPoolExecutor.runWorker(ThreadPoolExecutor.java:1136)
	at java.base/java.util.concurrent.ThreadPoolExecutor$Worker.run(ThreadPoolExecutor.java:635)
	at java.base/java.lang.Thread.run(Thread.java:840)
Caused by: org.apache.ratis.protocol.exceptions.StateMachineException: org.apache.hadoop.hdds.scm.container.common.helpers.ContainerNotOpenException from Server 0825ce75-4a52-449f-9036-c8a968d40eda@group-E905553BCA68: Container 1 in CLOSED state
	at org.apache.hadoop.ozone.container.common.impl.HddsDispatcher.validateContainerCommand(HddsDispatcher.java:569)
	at org.apache.hadoop.ozone.container.common.transport.server.ratis.ContainerStateMachine.startTransaction(ContainerStateMachine.java:426)
	at org.apache.ratis.server.impl.RaftServerImpl.writeAsyncImpl(RaftServerImpl.java:975)
	at org.apache.ratis.server.impl.RaftServerImpl.writeAsync(RaftServerImpl.java:945)
	at org.apache.ratis.server.impl.RaftServerImpl.replyFuture(RaftServerImpl.java:937)
	at org.apache.ratis.server.impl.RaftServerImpl.submitClientRequestAsync(RaftServerImpl.java:912)
	at org.apache.ratis.server.impl.RaftServerImpl.lambda$executeSubmitClientRequestAsync$11(RaftServerImpl.java:893)
	at java.base/java.util.concurrent.CompletableFuture$AsyncSupply.run(CompletableFuture.java:1768)
	... 3 more
Caused by: org.apache.hadoop.hdds.scm.container.common.helpers.ContainerNotOpenException: Container 1 in CLOSED state
	at jdk.internal.reflect.GeneratedConstructorAccessor90.newInstance(Unknown Source)
	at java.base/jdk.internal.reflect.DelegatingConstructorAccessorImpl.newInstance(DelegatingConstructorAccessorImpl.java:45)
	at java.base/java.lang.reflect.Constructor.newInstanceWithCaller(Constructor.java:500)
	at java.base/java.lang.reflect.Constructor.newInstance(Constructor.java:481)
	at org.apache.ratis.util.ReflectionUtils.instantiateException(ReflectionUtils.java:259)
	at org.apache.ratis.client.impl.ClientProtoUtils.toStateMachineException(ClientProtoUtils.java:451)
	at org.apache.ratis.client.impl.ClientProtoUtils.toStateMachineException(ClientProtoUtils.java:437)
	at org.apache.ratis.client.impl.ClientProtoUtils.toRaftClientReply(ClientProtoUtils.java:404)
	at org.apache.ratis.grpc.client.GrpcClientProtocolClient$AsyncStreamObservers$1.onNext(GrpcClientProtocolClient.java:310)
	at org.apache.ratis.grpc.client.GrpcClientProtocolClient$AsyncStreamObservers$1.onNext(GrpcClientProtocolClient.java:305)
	at org.apache.ratis.thirdparty.io.grpc.stub.ClientCalls$StreamObserverToCallListenerAdapter.onMessage(ClientCalls.java:468)
	at org.apache.ratis.thirdparty.io.grpc.ForwardingClientCallListener.onMessage(ForwardingClientCallListener.java:33)
	at org.apache.ratis.thirdparty.io.grpc.internal.ClientCallImpl$ClientStreamListenerImpl$1MessagesAvailable.runInternal(ClientCallImpl.java:660)
	at org.apache.ratis.thirdparty.io.grpc.internal.ClientCallImpl$ClientStreamListenerImpl$1MessagesAvailable.runInContext(ClientCallImpl.java:647)
	at org.apache.ratis.thirdparty.io.grpc.internal.ContextRunnable.run(ContextRunnable.java:37)
	at org.apache.ratis.thirdparty.io.grpc.internal.SerializingExecutor.run(SerializingExecutor.java:133)
	... 3 more
2024-08-15 10:20:17,609 [grpc-default-executor-0] ERROR impl.OrderedAsync (OrderedAsync.java:lambda$send$4(181)) - Failed to send request, message=cmdType: PutBlock
traceID: ""
containerID: 1
datanodeUuid: "2c076085-4a54-4643-8427-8625b9ee6dbf"
putBlock {
  blockData {
    blockID {
      containerID: 1
      localID: 113750153625600001
      blockCommitSequenceId: 0
    }
    metadata {
      key: "TYPE"
      value: "KEY"
    }
    chunks {
      chunkName: "113750153625600001_chunk_1"
      offset: 0
      len: 100
      checksumData {
        type: NONE
        bytesPerChecksum: 16384
      }
    }
    chunks {
      chunkName: "113750153625600001_chunk_2"
      offset: 100
      len: 100
      checksumData {
        type: NONE
        bytesPerChecksum: 16384
      }
    }
    chunks {
      chunkName: "113750153625600001_chunk_3"
      offset: 200
      len: 100
      checksumData {
        type: NONE
        bytesPerChecksum: 16384
      }
    }
    chunks {
      chunkName: "113750153625600001_chunk_4"
      offset: 300
      len: 100
      checksumData {
        type: NONE
        bytesPerChecksum: 16384
      }
    }
    chunks {
      chunkName: "113750153625600001_chunk_5"
      offset: 400
      len: 100
      checksumData {
        type: NONE
        bytesPerChecksum: 16384
      }
    }
    chunks {
      chunkName: "113750153625600001_chunk_6"
      offset: 500
      len: 100
      checksumData {
        type: NONE
        bytesPerChecksum: 16384
      }
    }
    chunks {
      chunkName: "113750153625600001_chunk_7"
      offset: 600
      len: 100
      checksumData {
        type: NONE
        bytesPerChecksum: 16384
      }
    }
    chunks {
      chunkName: "113750153625600001_chunk_8"
      offset: 700
      len: 100
      checksumData {
        type: NONE
        bytesPerChecksum: 16384
      }
    }
  }
  eof: true
}
version: 4
, data.size=0
java.util.concurrent.CompletionException: org.apache.ratis.protocol.exceptions.StateMachineException: org.apache.hadoop.hdds.scm.container.common.helpers.ContainerNotOpenException from Server 0825ce75-4a52-449f-9036-c8a968d40eda@group-E905553BCA68: Container 1 in CLOSED state
	at org.apache.ratis.client.impl.RaftClientImpl.handleRaftException(RaftClientImpl.java:373)
	at org.apache.ratis.client.impl.OrderedAsync.lambda$send$3(OrderedAsync.java:175)
	at java.base/java.util.concurrent.CompletableFuture$UniApply.tryFire(CompletableFuture.java:646)
	at java.base/java.util.concurrent.CompletableFuture.postComplete(CompletableFuture.java:510)
	at java.base/java.util.concurrent.CompletableFuture.complete(CompletableFuture.java:2147)
	at org.apache.ratis.client.impl.OrderedAsync$PendingOrderedRequest.setReply(OrderedAsync.java:105)
	at org.apache.ratis.client.impl.OrderedAsync$PendingOrderedRequest.setReply(OrderedAsync.java:66)
	at org.apache.ratis.util.SlidingWindow$RequestMap.setReply(SlidingWindow.java:147)
	at org.apache.ratis.util.SlidingWindow$Client.receiveReply(SlidingWindow.java:351)
	at org.apache.ratis.client.impl.OrderedAsync.lambda$sendRequestWithRetry$5(OrderedAsync.java:210)
	at java.base/java.util.concurrent.CompletableFuture$UniAccept.tryFire(CompletableFuture.java:718)
	at java.base/java.util.concurrent.CompletableFuture.postComplete(CompletableFuture.java:510)
	at java.base/java.util.concurrent.CompletableFuture.complete(CompletableFuture.java:2147)
	at org.apache.ratis.grpc.client.GrpcClientProtocolClient$AsyncStreamObservers$1.lambda$onNext$0(GrpcClientProtocolClient.java:322)
	at java.base/java.util.Optional.ifPresent(Optional.java:178)
	at org.apache.ratis.grpc.client.GrpcClientProtocolClient$AsyncStreamObservers.handleReplyFuture(GrpcClientProtocolClient.java:378)
	at org.apache.ratis.grpc.client.GrpcClientProtocolClient$AsyncStreamObservers.access$100(GrpcClientProtocolClient.java:300)
	at org.apache.ratis.grpc.client.GrpcClientProtocolClient$AsyncStreamObservers$1.onNext(GrpcClientProtocolClient.java:322)
	at org.apache.ratis.grpc.client.GrpcClientProtocolClient$AsyncStreamObservers$1.onNext(GrpcClientProtocolClient.java:305)
	at org.apache.ratis.thirdparty.io.grpc.stub.ClientCalls$StreamObserverToCallListenerAdapter.onMessage(ClientCalls.java:468)
	at org.apache.ratis.thirdparty.io.grpc.ForwardingClientCallListener.onMessage(ForwardingClientCallListener.java:33)
	at org.apache.ratis.thirdparty.io.grpc.internal.ClientCallImpl$ClientStreamListenerImpl$1MessagesAvailable.runInternal(ClientCallImpl.java:660)
	at org.apache.ratis.thirdparty.io.grpc.internal.ClientCallImpl$ClientStreamListenerImpl$1MessagesAvailable.runInContext(ClientCallImpl.java:647)
	at org.apache.ratis.thirdparty.io.grpc.internal.ContextRunnable.run(ContextRunnable.java:37)
	at org.apache.ratis.thirdparty.io.grpc.internal.SerializingExecutor.run(SerializingExecutor.java:133)
	at java.base/java.util.concurrent.ThreadPoolExecutor.runWorker(ThreadPoolExecutor.java:1136)
	at java.base/java.util.concurrent.ThreadPoolExecutor$Worker.run(ThreadPoolExecutor.java:635)
	at java.base/java.lang.Thread.run(Thread.java:840)
Caused by: org.apache.ratis.protocol.exceptions.StateMachineException: org.apache.hadoop.hdds.scm.container.common.helpers.ContainerNotOpenException from Server 0825ce75-4a52-449f-9036-c8a968d40eda@group-E905553BCA68: Container 1 in CLOSED state
	at org.apache.hadoop.ozone.container.common.impl.HddsDispatcher.validateContainerCommand(HddsDispatcher.java:569)
	at org.apache.hadoop.ozone.container.common.transport.server.ratis.ContainerStateMachine.startTransaction(ContainerStateMachine.java:426)
	at org.apache.ratis.server.impl.RaftServerImpl.writeAsyncImpl(RaftServerImpl.java:975)
	at org.apache.ratis.server.impl.RaftServerImpl.writeAsync(RaftServerImpl.java:945)
	at org.apache.ratis.server.impl.RaftServerImpl.replyFuture(RaftServerImpl.java:937)
	at org.apache.ratis.server.impl.RaftServerImpl.submitClientRequestAsync(RaftServerImpl.java:912)
	at org.apache.ratis.server.impl.RaftServerImpl.lambda$executeSubmitClientRequestAsync$11(RaftServerImpl.java:893)
	at java.base/java.util.concurrent.CompletableFuture$AsyncSupply.run(CompletableFuture.java:1768)
	... 3 more
Caused by: org.apache.hadoop.hdds.scm.container.common.helpers.ContainerNotOpenException: Container 1 in CLOSED state
	at jdk.internal.reflect.GeneratedConstructorAccessor90.newInstance(Unknown Source)
	at java.base/jdk.internal.reflect.DelegatingConstructorAccessorImpl.newInstance(DelegatingConstructorAccessorImpl.java:45)
	at java.base/java.lang.reflect.Constructor.newInstanceWithCaller(Constructor.java:500)
	at java.base/java.lang.reflect.Constructor.newInstance(Constructor.java:481)
	at org.apache.ratis.util.ReflectionUtils.instantiateException(ReflectionUtils.java:259)
	at org.apache.ratis.client.impl.ClientProtoUtils.toStateMachineException(ClientProtoUtils.java:451)
	at org.apache.ratis.client.impl.ClientProtoUtils.toStateMachineException(ClientProtoUtils.java:437)
	at org.apache.ratis.client.impl.ClientProtoUtils.toRaftClientReply(ClientProtoUtils.java:404)
	at org.apache.ratis.grpc.client.GrpcClientProtocolClient$AsyncStreamObservers$1.onNext(GrpcClientProtocolClient.java:310)
	at org.apache.ratis.grpc.client.GrpcClientProtocolClient$AsyncStreamObservers$1.onNext(GrpcClientProtocolClient.java:305)
	at org.apache.ratis.thirdparty.io.grpc.stub.ClientCalls$StreamObserverToCallListenerAdapter.onMessage(ClientCalls.java:468)
	at org.apache.ratis.thirdparty.io.grpc.ForwardingClientCallListener.onMessage(ForwardingClientCallListener.java:33)
	at org.apache.ratis.thirdparty.io.grpc.internal.ClientCallImpl$ClientStreamListenerImpl$1MessagesAvailable.runInternal(ClientCallImpl.java:660)
	at org.apache.ratis.thirdparty.io.grpc.internal.ClientCallImpl$ClientStreamListenerImpl$1MessagesAvailable.runInContext(ClientCallImpl.java:647)
	at org.apache.ratis.thirdparty.io.grpc.internal.ContextRunnable.run(ContextRunnable.java:37)
	at org.apache.ratis.thirdparty.io.grpc.internal.SerializingExecutor.run(SerializingExecutor.java:133)
	... 3 more
2024-08-15 10:20:17,616 [main] INFO  scm.XceiverClientRatis (XceiverClientRatis.java:<init>(140)) - WatchType ALL_COMMITTED. Majority 2, 
2024-08-15 10:20:17,721 [main] INFO  scm.XceiverClientRatis (XceiverClientRatis.java:<init>(140)) - WatchType ALL_COMMITTED. Majority 1, 
2024-08-15 10:20:17,742 [EventQueue-CloseContainerForCloseContainerEventHandler] INFO  container.CloseContainerEventHandler (CloseContainerEventHandler.java:onMessage(88)) - Close container Event triggered for container : #3, current state: OPEN
2024-08-15 10:20:21,735 [298890a6-3c3b-4de0-a9db-67f24322077e-ContainerOp-5c8c86e0-b975-495b-8333-37a733cd87a5-8] INFO  keyvalue.KeyValueContainer (KeyValueContainer.java:flushAndSyncDB(529)) - Container 3 is synced with bcsId 12.
2024-08-15 10:20:21,735 [298890a6-3c3b-4de0-a9db-67f24322077e-ContainerOp-5c8c86e0-b975-495b-8333-37a733cd87a5-8] INFO  keyvalue.KeyValueContainer (KeyValueContainer.java:flushAndSyncDB(529)) - Container 3 is synced with bcsId 12.
2024-08-15 10:20:21,737 [298890a6-3c3b-4de0-a9db-67f24322077e-ContainerOp-5c8c86e0-b975-495b-8333-37a733cd87a5-8] INFO  keyvalue.KeyValueContainer (KeyValueContainer.java:close(444)) - Container 3 is closed with bcsId 12.
2024-08-15 10:20:21,739 [FixedThreadPoolWithAffinityExecutor-8-0] INFO  container.IncrementalContainerReportHandler (AbstractContainerReportHandler.java:updateContainerState(312)) - Moving container #3 to CLOSED state, datanode 298890a6-3c3b-4de0-a9db-67f24322077e(localhost/127.0.0.1) reported CLOSED replica with index 0.
10:20:21.744 [298890a6-3c3b-4de0-a9db-67f24322077e-client-thread1] ERROR DNAudit - user=null | ip=null | op=WRITE_CHUNK {blockData=conID: 3 locID: 113750153625600003 bcsId: 12 replicaIndex: 0, blockDataSize=100} | ret=FAILURE
org.apache.hadoop.hdds.scm.container.common.helpers.ContainerNotOpenException: Container 3 in CLOSED state
	at org.apache.hadoop.ozone.container.common.impl.HddsDispatcher.validateContainerCommand(HddsDispatcher.java:569) ~[hdds-container-service-1.5.0-SNAPSHOT.jar:?]
	at org.apache.hadoop.ozone.container.common.transport.server.ratis.ContainerStateMachine.startTransaction(ContainerStateMachine.java:426) ~[hdds-container-service-1.5.0-SNAPSHOT.jar:?]
	at org.apache.ratis.server.impl.RaftServerImpl.writeAsyncImpl(RaftServerImpl.java:975) ~[ratis-server-3.1.0.jar:3.1.0]
	at org.apache.ratis.server.impl.RaftServerImpl.writeAsync(RaftServerImpl.java:945) ~[ratis-server-3.1.0.jar:3.1.0]
	at org.apache.ratis.server.impl.RaftServerImpl.replyFuture(RaftServerImpl.java:937) ~[ratis-server-3.1.0.jar:3.1.0]
	at org.apache.ratis.server.impl.RaftServerImpl.submitClientRequestAsync(RaftServerImpl.java:912) ~[ratis-server-3.1.0.jar:3.1.0]
	at org.apache.ratis.server.impl.RaftServerImpl.lambda$executeSubmitClientRequestAsync$11(RaftServerImpl.java:893) ~[ratis-server-3.1.0.jar:3.1.0]
	at java.base/java.util.concurrent.CompletableFuture$AsyncSupply.run(CompletableFuture.java:1768) [?:?]
	at java.base/java.util.concurrent.ThreadPoolExecutor.runWorker(ThreadPoolExecutor.java:1136) [?:?]
	at java.base/java.util.concurrent.ThreadPoolExecutor$Worker.run(ThreadPoolExecutor.java:635) [?:?]
	at java.base/java.lang.Thread.run(Thread.java:840) [?:?]
2024-08-15 10:20:21,746 [grpc-default-executor-2] ERROR impl.OrderedAsync (OrderedAsync.java:lambda$send$4(181)) - Failed to send request, message=cmdType: WriteChunk
traceID: ""
containerID: 3
datanodeUuid: "298890a6-3c3b-4de0-a9db-67f24322077e"
writeChunk {
  blockID {
    containerID: 3
    localID: 113750153625600003
    blockCommitSequenceId: 12
    replicaIndex: 0
  }
  chunkData {
    chunkName: "113750153625600003_chunk_6"
    offset: 500
    len: 100
    checksumData {
      type: NONE
      bytesPerChecksum: 16384
    }
  }
}
version: 4
, data.size=100
java.util.concurrent.CompletionException: org.apache.ratis.protocol.exceptions.StateMachineException: org.apache.hadoop.hdds.scm.container.common.helpers.ContainerNotOpenException from Server 298890a6-3c3b-4de0-a9db-67f24322077e@group-37A733CD87A5: Container 3 in CLOSED state
	at org.apache.ratis.client.impl.RaftClientImpl.handleRaftException(RaftClientImpl.java:373)
	at org.apache.ratis.client.impl.OrderedAsync.lambda$send$3(OrderedAsync.java:175)
	at java.base/java.util.concurrent.CompletableFuture$UniApply.tryFire(CompletableFuture.java:646)
	at java.base/java.util.concurrent.CompletableFuture.postComplete(CompletableFuture.java:510)
	at java.base/java.util.concurrent.CompletableFuture.complete(CompletableFuture.java:2147)
	at org.apache.ratis.client.impl.OrderedAsync$PendingOrderedRequest.setReply(OrderedAsync.java:105)
	at org.apache.ratis.client.impl.OrderedAsync$PendingOrderedRequest.setReply(OrderedAsync.java:66)
	at org.apache.ratis.util.SlidingWindow$RequestMap.setReply(SlidingWindow.java:147)
	at org.apache.ratis.util.SlidingWindow$Client.receiveReply(SlidingWindow.java:351)
	at org.apache.ratis.client.impl.OrderedAsync.lambda$sendRequestWithRetry$5(OrderedAsync.java:210)
	at java.base/java.util.concurrent.CompletableFuture$UniAccept.tryFire(CompletableFuture.java:718)
	at java.base/java.util.concurrent.CompletableFuture.postComplete(CompletableFuture.java:510)
	at java.base/java.util.concurrent.CompletableFuture.complete(CompletableFuture.java:2147)
	at org.apache.ratis.grpc.client.GrpcClientProtocolClient$AsyncStreamObservers$1.lambda$onNext$0(GrpcClientProtocolClient.java:322)
	at java.base/java.util.Optional.ifPresent(Optional.java:178)
	at org.apache.ratis.grpc.client.GrpcClientProtocolClient$AsyncStreamObservers.handleReplyFuture(GrpcClientProtocolClient.java:378)
	at org.apache.ratis.grpc.client.GrpcClientProtocolClient$AsyncStreamObservers.access$100(GrpcClientProtocolClient.java:300)
	at org.apache.ratis.grpc.client.GrpcClientProtocolClient$AsyncStreamObservers$1.onNext(GrpcClientProtocolClient.java:322)
	at org.apache.ratis.grpc.client.GrpcClientProtocolClient$AsyncStreamObservers$1.onNext(GrpcClientProtocolClient.java:305)
	at org.apache.ratis.thirdparty.io.grpc.stub.ClientCalls$StreamObserverToCallListenerAdapter.onMessage(ClientCalls.java:468)
	at org.apache.ratis.thirdparty.io.grpc.ForwardingClientCallListener.onMessage(ForwardingClientCallListener.java:33)
	at org.apache.ratis.thirdparty.io.grpc.internal.DelayedClientCall$DelayedListener.onMessage(DelayedClientCall.java:473)
	at org.apache.ratis.thirdparty.io.grpc.internal.ClientCallImpl$ClientStreamListenerImpl$1MessagesAvailable.runInternal(ClientCallImpl.java:660)
	at org.apache.ratis.thirdparty.io.grpc.internal.ClientCallImpl$ClientStreamListenerImpl$1MessagesAvailable.runInContext(ClientCallImpl.java:647)
	at org.apache.ratis.thirdparty.io.grpc.internal.ContextRunnable.run(ContextRunnable.java:37)
	at org.apache.ratis.thirdparty.io.grpc.internal.SerializingExecutor.run(SerializingExecutor.java:133)
	at java.base/java.util.concurrent.ThreadPoolExecutor.runWorker(ThreadPoolExecutor.java:1136)
	at java.base/java.util.concurrent.ThreadPoolExecutor$Worker.run(ThreadPoolExecutor.java:635)
	at java.base/java.lang.Thread.run(Thread.java:840)
Caused by: org.apache.ratis.protocol.exceptions.StateMachineException: org.apache.hadoop.hdds.scm.container.common.helpers.ContainerNotOpenException from Server 298890a6-3c3b-4de0-a9db-67f24322077e@group-37A733CD87A5: Container 3 in CLOSED state
	at org.apache.hadoop.ozone.container.common.impl.HddsDispatcher.validateContainerCommand(HddsDispatcher.java:569)
	at org.apache.hadoop.ozone.container.common.transport.server.ratis.ContainerStateMachine.startTransaction(ContainerStateMachine.java:426)
	at org.apache.ratis.server.impl.RaftServerImpl.writeAsyncImpl(RaftServerImpl.java:975)
	at org.apache.ratis.server.impl.RaftServerImpl.writeAsync(RaftServerImpl.java:945)
	at org.apache.ratis.server.impl.RaftServerImpl.replyFuture(RaftServerImpl.java:937)
	at org.apache.ratis.server.impl.RaftServerImpl.submitClientRequestAsync(RaftServerImpl.java:912)
	at org.apache.ratis.server.impl.RaftServerImpl.lambda$executeSubmitClientRequestAsync$11(RaftServerImpl.java:893)
	at java.base/java.util.concurrent.CompletableFuture$AsyncSupply.run(CompletableFuture.java:1768)
	... 3 more
Caused by: org.apache.hadoop.hdds.scm.container.common.helpers.ContainerNotOpenException: Container 3 in CLOSED state
	at jdk.internal.reflect.GeneratedConstructorAccessor90.newInstance(Unknown Source)
	at java.base/jdk.internal.reflect.DelegatingConstructorAccessorImpl.newInstance(DelegatingConstructorAccessorImpl.java:45)
	at java.base/java.lang.reflect.Constructor.newInstanceWithCaller(Constructor.java:500)
	at java.base/java.lang.reflect.Constructor.newInstance(Constructor.java:481)
	at org.apache.ratis.util.ReflectionUtils.instantiateException(ReflectionUtils.java:259)
	at org.apache.ratis.client.impl.ClientProtoUtils.toStateMachineException(ClientProtoUtils.java:451)
	at org.apache.ratis.client.impl.ClientProtoUtils.toStateMachineException(ClientProtoUtils.java:437)
	at org.apache.ratis.client.impl.ClientProtoUtils.toRaftClientReply(ClientProtoUtils.java:404)
	at org.apache.ratis.grpc.client.GrpcClientProtocolClient$AsyncStreamObservers$1.onNext(GrpcClientProtocolClient.java:310)
	at org.apache.ratis.grpc.client.GrpcClientProtocolClient$AsyncStreamObservers$1.onNext(GrpcClientProtocolClient.java:305)
	at org.apache.ratis.thirdparty.io.grpc.stub.ClientCalls$StreamObserverToCallListenerAdapter.onMessage(ClientCalls.java:468)
	at org.apache.ratis.thirdparty.io.grpc.ForwardingClientCallListener.onMessage(ForwardingClientCallListener.java:33)
	at org.apache.ratis.thirdparty.io.grpc.internal.DelayedClientCall$DelayedListener.onMessage(DelayedClientCall.java:473)
	at org.apache.ratis.thirdparty.io.grpc.internal.ClientCallImpl$ClientStreamListenerImpl$1MessagesAvailable.runInternal(ClientCallImpl.java:660)
	at org.apache.ratis.thirdparty.io.grpc.internal.ClientCallImpl$ClientStreamListenerImpl$1MessagesAvailable.runInContext(ClientCallImpl.java:647)
	at org.apache.ratis.thirdparty.io.grpc.internal.ContextRunnable.run(ContextRunnable.java:37)
	at org.apache.ratis.thirdparty.io.grpc.internal.SerializingExecutor.run(SerializingExecutor.java:133)
	... 3 more
10:20:21.747 [298890a6-3c3b-4de0-a9db-67f24322077e-client-thread1] ERROR DNAudit - user=null | ip=null | op=WRITE_CHUNK {blockData=conID: 3 locID: 113750153625600003 bcsId: 12 replicaIndex: 0, blockDataSize=100} | ret=FAILURE
org.apache.hadoop.hdds.scm.container.common.helpers.ContainerNotOpenException: Container 3 in CLOSED state
	at org.apache.hadoop.ozone.container.common.impl.HddsDispatcher.validateContainerCommand(HddsDispatcher.java:569) ~[hdds-container-service-1.5.0-SNAPSHOT.jar:?]
	at org.apache.hadoop.ozone.container.common.transport.server.ratis.ContainerStateMachine.startTransaction(ContainerStateMachine.java:426) ~[hdds-container-service-1.5.0-SNAPSHOT.jar:?]
	at org.apache.ratis.server.impl.RaftServerImpl.writeAsyncImpl(RaftServerImpl.java:975) ~[ratis-server-3.1.0.jar:3.1.0]
	at org.apache.ratis.server.impl.RaftServerImpl.writeAsync(RaftServerImpl.java:945) ~[ratis-server-3.1.0.jar:3.1.0]
	at org.apache.ratis.server.impl.RaftServerImpl.replyFuture(RaftServerImpl.java:937) ~[ratis-server-3.1.0.jar:3.1.0]
	at org.apache.ratis.server.impl.RaftServerImpl.submitClientRequestAsync(RaftServerImpl.java:912) ~[ratis-server-3.1.0.jar:3.1.0]
	at org.apache.ratis.server.impl.RaftServerImpl.lambda$executeSubmitClientRequestAsync$11(RaftServerImpl.java:893) ~[ratis-server-3.1.0.jar:3.1.0]
	at java.base/java.util.concurrent.CompletableFuture$AsyncSupply.run(CompletableFuture.java:1768) [?:?]
	at java.base/java.util.concurrent.ThreadPoolExecutor.runWorker(ThreadPoolExecutor.java:1136) [?:?]
	at java.base/java.util.concurrent.ThreadPoolExecutor$Worker.run(ThreadPoolExecutor.java:635) [?:?]
	at java.base/java.lang.Thread.run(Thread.java:840) [?:?]
10:20:21.749 [298890a6-3c3b-4de0-a9db-67f24322077e-client-thread1] ERROR DNAudit - user=null | ip=null | op=PUT_BLOCK {blockData=[blockId=conID: 3 locID: 113750153625600003 bcsId: 0 replicaIndex: null, size=700]} | ret=FAILURE
org.apache.hadoop.hdds.scm.container.common.helpers.ContainerNotOpenException: Container 3 in CLOSED state
	at org.apache.hadoop.ozone.container.common.impl.HddsDispatcher.validateContainerCommand(HddsDispatcher.java:569) ~[hdds-container-service-1.5.0-SNAPSHOT.jar:?]
	at org.apache.hadoop.ozone.container.common.transport.server.ratis.ContainerStateMachine.startTransaction(ContainerStateMachine.java:426) ~[hdds-container-service-1.5.0-SNAPSHOT.jar:?]
	at org.apache.ratis.server.impl.RaftServerImpl.writeAsyncImpl(RaftServerImpl.java:975) ~[ratis-server-3.1.0.jar:3.1.0]
	at org.apache.ratis.server.impl.RaftServerImpl.writeAsync(RaftServerImpl.java:945) ~[ratis-server-3.1.0.jar:3.1.0]
	at org.apache.ratis.server.impl.RaftServerImpl.replyFuture(RaftServerImpl.java:937) ~[ratis-server-3.1.0.jar:3.1.0]
	at org.apache.ratis.server.impl.RaftServerImpl.submitClientRequestAsync(RaftServerImpl.java:912) ~[ratis-server-3.1.0.jar:3.1.0]
	at org.apache.ratis.server.impl.RaftServerImpl.lambda$executeSubmitClientRequestAsync$11(RaftServerImpl.java:893) ~[ratis-server-3.1.0.jar:3.1.0]
	at java.base/java.util.concurrent.CompletableFuture$AsyncSupply.run(CompletableFuture.java:1768) [?:?]
	at java.base/java.util.concurrent.ThreadPoolExecutor.runWorker(ThreadPoolExecutor.java:1136) [?:?]
	at java.base/java.util.concurrent.ThreadPoolExecutor$Worker.run(ThreadPoolExecutor.java:635) [?:?]
	at java.base/java.lang.Thread.run(Thread.java:840) [?:?]
10:20:21.750 [298890a6-3c3b-4de0-a9db-67f24322077e-client-thread1] ERROR DNAudit - user=null | ip=null | op=WRITE_CHUNK {blockData=conID: 3 locID: 113750153625600003 bcsId: 12 replicaIndex: 0, blockDataSize=100} | ret=FAILURE
org.apache.hadoop.hdds.scm.container.common.helpers.ContainerNotOpenException: Container 3 in CLOSED state
	at org.apache.hadoop.ozone.container.common.impl.HddsDispatcher.validateContainerCommand(HddsDispatcher.java:569) ~[hdds-container-service-1.5.0-SNAPSHOT.jar:?]
	at org.apache.hadoop.ozone.container.common.transport.server.ratis.ContainerStateMachine.startTransaction(ContainerStateMachine.java:426) ~[hdds-container-service-1.5.0-SNAPSHOT.jar:?]
	at org.apache.ratis.server.impl.RaftServerImpl.writeAsyncImpl(RaftServerImpl.java:975) ~[ratis-server-3.1.0.jar:3.1.0]
	at org.apache.ratis.server.impl.RaftServerImpl.writeAsync(RaftServerImpl.java:945) ~[ratis-server-3.1.0.jar:3.1.0]
	at org.apache.ratis.server.impl.RaftServerImpl.replyFuture(RaftServerImpl.java:937) ~[ratis-server-3.1.0.jar:3.1.0]
	at org.apache.ratis.server.impl.RaftServerImpl.submitClientRequestAsync(RaftServerImpl.java:912) ~[ratis-server-3.1.0.jar:3.1.0]
	at org.apache.ratis.server.impl.RaftServerImpl.lambda$executeSubmitClientRequestAsync$11(RaftServerImpl.java:893) ~[ratis-server-3.1.0.jar:3.1.0]
	at java.base/java.util.concurrent.CompletableFuture$AsyncSupply.run(CompletableFuture.java:1768) [?:?]
	at java.base/java.util.concurrent.ThreadPoolExecutor.runWorker(ThreadPoolExecutor.java:1136) [?:?]
	at java.base/java.util.concurrent.ThreadPoolExecutor$Worker.run(ThreadPoolExecutor.java:635) [?:?]
	at java.base/java.lang.Thread.run(Thread.java:840) [?:?]
2024-08-15 10:20:21,750 [grpc-default-executor-2] ERROR impl.OrderedAsync (OrderedAsync.java:lambda$send$4(181)) - Failed to send request, message=cmdType: WriteChunk
traceID: ""
containerID: 3
datanodeUuid: "298890a6-3c3b-4de0-a9db-67f24322077e"
writeChunk {
  blockID {
    containerID: 3
    localID: 113750153625600003
    blockCommitSequenceId: 12
    replicaIndex: 0
  }
  chunkData {
    chunkName: "113750153625600003_chunk_7"
    offset: 600
    len: 100
    checksumData {
      type: NONE
      bytesPerChecksum: 16384
    }
  }
}
version: 4
, data.size=100
java.util.concurrent.CompletionException: org.apache.ratis.protocol.exceptions.StateMachineException: org.apache.hadoop.hdds.scm.container.common.helpers.ContainerNotOpenException from Server 298890a6-3c3b-4de0-a9db-67f24322077e@group-37A733CD87A5: Container 3 in CLOSED state
	at org.apache.ratis.client.impl.RaftClientImpl.handleRaftException(RaftClientImpl.java:373)
	at org.apache.ratis.client.impl.OrderedAsync.lambda$send$3(OrderedAsync.java:175)
	at java.base/java.util.concurrent.CompletableFuture$UniApply.tryFire(CompletableFuture.java:646)
	at java.base/java.util.concurrent.CompletableFuture.postComplete(CompletableFuture.java:510)
	at java.base/java.util.concurrent.CompletableFuture.complete(CompletableFuture.java:2147)
	at org.apache.ratis.client.impl.OrderedAsync$PendingOrderedRequest.setReply(OrderedAsync.java:105)
	at org.apache.ratis.client.impl.OrderedAsync$PendingOrderedRequest.setReply(OrderedAsync.java:66)
	at org.apache.ratis.util.SlidingWindow$RequestMap.setReply(SlidingWindow.java:147)
	at org.apache.ratis.util.SlidingWindow$Client.receiveReply(SlidingWindow.java:351)
	at org.apache.ratis.client.impl.OrderedAsync.lambda$sendRequestWithRetry$5(OrderedAsync.java:210)
	at java.base/java.util.concurrent.CompletableFuture$UniAccept.tryFire(CompletableFuture.java:718)
	at java.base/java.util.concurrent.CompletableFuture.postComplete(CompletableFuture.java:510)
	at java.base/java.util.concurrent.CompletableFuture.complete(CompletableFuture.java:2147)
	at org.apache.ratis.grpc.client.GrpcClientProtocolClient$AsyncStreamObservers$1.lambda$onNext$0(GrpcClientProtocolClient.java:322)
	at java.base/java.util.Optional.ifPresent(Optional.java:178)
	at org.apache.ratis.grpc.client.GrpcClientProtocolClient$AsyncStreamObservers.handleReplyFuture(GrpcClientProtocolClient.java:378)
	at org.apache.ratis.grpc.client.GrpcClientProtocolClient$AsyncStreamObservers.access$100(GrpcClientProtocolClient.java:300)
	at org.apache.ratis.grpc.client.GrpcClientProtocolClient$AsyncStreamObservers$1.onNext(GrpcClientProtocolClient.java:322)
	at org.apache.ratis.grpc.client.GrpcClientProtocolClient$AsyncStreamObservers$1.onNext(GrpcClientProtocolClient.java:305)
	at org.apache.ratis.thirdparty.io.grpc.stub.ClientCalls$StreamObserverToCallListenerAdapter.onMessage(ClientCalls.java:468)
	at org.apache.ratis.thirdparty.io.grpc.ForwardingClientCallListener.onMessage(ForwardingClientCallListener.java:33)
	at org.apache.ratis.thirdparty.io.grpc.internal.DelayedClientCall$DelayedListener.onMessage(DelayedClientCall.java:473)
	at org.apache.ratis.thirdparty.io.grpc.internal.ClientCallImpl$ClientStreamListenerImpl$1MessagesAvailable.runInternal(ClientCallImpl.java:660)
	at org.apache.ratis.thirdparty.io.grpc.internal.ClientCallImpl$ClientStreamListenerImpl$1MessagesAvailable.runInContext(ClientCallImpl.java:647)
	at org.apache.ratis.thirdparty.io.grpc.internal.ContextRunnable.run(ContextRunnable.java:37)
	at org.apache.ratis.thirdparty.io.grpc.internal.SerializingExecutor.run(SerializingExecutor.java:133)
	at java.base/java.util.concurrent.ThreadPoolExecutor.runWorker(ThreadPoolExecutor.java:1136)
	at java.base/java.util.concurrent.ThreadPoolExecutor$Worker.run(ThreadPoolExecutor.java:635)
	at java.base/java.lang.Thread.run(Thread.java:840)
Caused by: org.apache.ratis.protocol.exceptions.StateMachineException: org.apache.hadoop.hdds.scm.container.common.helpers.ContainerNotOpenException from Server 298890a6-3c3b-4de0-a9db-67f24322077e@group-37A733CD87A5: Container 3 in CLOSED state
	at org.apache.hadoop.ozone.container.common.impl.HddsDispatcher.validateContainerCommand(HddsDispatcher.java:569)
	at org.apache.hadoop.ozone.container.common.transport.server.ratis.ContainerStateMachine.startTransaction(ContainerStateMachine.java:426)
	at org.apache.ratis.server.impl.RaftServerImpl.writeAsyncImpl(RaftServerImpl.java:975)
	at org.apache.ratis.server.impl.RaftServerImpl.writeAsync(RaftServerImpl.java:945)
	at org.apache.ratis.server.impl.RaftServerImpl.replyFuture(RaftServerImpl.java:937)
	at org.apache.ratis.server.impl.RaftServerImpl.submitClientRequestAsync(RaftServerImpl.java:912)
	at org.apache.ratis.server.impl.RaftServerImpl.lambda$executeSubmitClientRequestAsync$11(RaftServerImpl.java:893)
	at java.base/java.util.concurrent.CompletableFuture$AsyncSupply.run(CompletableFuture.java:1768)
	... 3 more
Caused by: org.apache.hadoop.hdds.scm.container.common.helpers.ContainerNotOpenException: Container 3 in CLOSED state
	at jdk.internal.reflect.GeneratedConstructorAccessor90.newInstance(Unknown Source)
	at java.base/jdk.internal.reflect.DelegatingConstructorAccessorImpl.newInstance(DelegatingConstructorAccessorImpl.java:45)
	at java.base/java.lang.reflect.Constructor.newInstanceWithCaller(Constructor.java:500)
	at java.base/java.lang.reflect.Constructor.newInstance(Constructor.java:481)
	at org.apache.ratis.util.ReflectionUtils.instantiateException(ReflectionUtils.java:259)
	at org.apache.ratis.client.impl.ClientProtoUtils.toStateMachineException(ClientProtoUtils.java:451)
	at org.apache.ratis.client.impl.ClientProtoUtils.toStateMachineException(ClientProtoUtils.java:437)
	at org.apache.ratis.client.impl.ClientProtoUtils.toRaftClientReply(ClientProtoUtils.java:404)
	at org.apache.ratis.grpc.client.GrpcClientProtocolClient$AsyncStreamObservers$1.onNext(GrpcClientProtocolClient.java:310)
	at org.apache.ratis.grpc.client.GrpcClientProtocolClient$AsyncStreamObservers$1.onNext(GrpcClientProtocolClient.java:305)
	at org.apache.ratis.thirdparty.io.grpc.stub.ClientCalls$StreamObserverToCallListenerAdapter.onMessage(ClientCalls.java:468)
	at org.apache.ratis.thirdparty.io.grpc.ForwardingClientCallListener.onMessage(ForwardingClientCallListener.java:33)
	at org.apache.ratis.thirdparty.io.grpc.internal.DelayedClientCall$DelayedListener.onMessage(DelayedClientCall.java:473)
	at org.apache.ratis.thirdparty.io.grpc.internal.ClientCallImpl$ClientStreamListenerImpl$1MessagesAvailable.runInternal(ClientCallImpl.java:660)
	at org.apache.ratis.thirdparty.io.grpc.internal.ClientCallImpl$ClientStreamListenerImpl$1MessagesAvailable.runInContext(ClientCallImpl.java:647)
	at org.apache.ratis.thirdparty.io.grpc.internal.ContextRunnable.run(ContextRunnable.java:37)
	at org.apache.ratis.thirdparty.io.grpc.internal.SerializingExecutor.run(SerializingExecutor.java:133)
	... 3 more
2024-08-15 10:20:21,751 [grpc-default-executor-2] ERROR impl.OrderedAsync (OrderedAsync.java:lambda$send$4(181)) - Failed to send request, message=cmdType: PutBlock
traceID: ""
containerID: 3
datanodeUuid: "298890a6-3c3b-4de0-a9db-67f24322077e"
putBlock {
  blockData {
    blockID {
      containerID: 3
      localID: 113750153625600003
      blockCommitSequenceId: 0
    }
    metadata {
      key: "TYPE"
      value: "KEY"
    }
    chunks {
      chunkName: "113750153625600003_chunk_1"
      offset: 0
      len: 100
      checksumData {
        type: NONE
        bytesPerChecksum: 16384
      }
    }
    chunks {
      chunkName: "113750153625600003_chunk_2"
      offset: 100
      len: 100
      checksumData {
        type: NONE
        bytesPerChecksum: 16384
      }
    }
    chunks {
      chunkName: "113750153625600003_chunk_3"
      offset: 200
      len: 100
      checksumData {
        type: NONE
        bytesPerChecksum: 16384
      }
    }
    chunks {
      chunkName: "113750153625600003_chunk_4"
      offset: 300
      len: 100
      checksumData {
        type: NONE
        bytesPerChecksum: 16384
      }
    }
    chunks {
      chunkName: "113750153625600003_chunk_5"
      offset: 400
      len: 100
      checksumData {
        type: NONE
        bytesPerChecksum: 16384
      }
    }
    chunks {
      chunkName: "113750153625600003_chunk_6"
      offset: 500
      len: 100
      checksumData {
        type: NONE
        bytesPerChecksum: 16384
      }
    }
    chunks {
      chunkName: "113750153625600003_chunk_7"
      offset: 600
      len: 100
      checksumData {
        type: NONE
        bytesPerChecksum: 16384
      }
    }
  }
  eof: false
}
version: 4
, data.size=0
java.util.concurrent.CompletionException: org.apache.ratis.protocol.exceptions.StateMachineException: org.apache.hadoop.hdds.scm.container.common.helpers.ContainerNotOpenException from Server 298890a6-3c3b-4de0-a9db-67f24322077e@group-37A733CD87A5: Container 3 in CLOSED state
	at org.apache.ratis.client.impl.RaftClientImpl.handleRaftException(RaftClientImpl.java:373)
	at org.apache.ratis.client.impl.OrderedAsync.lambda$send$3(OrderedAsync.java:175)
	at java.base/java.util.concurrent.CompletableFuture$UniApply.tryFire(CompletableFuture.java:646)
	at java.base/java.util.concurrent.CompletableFuture.postComplete(CompletableFuture.java:510)
	at java.base/java.util.concurrent.CompletableFuture.complete(CompletableFuture.java:2147)
	at org.apache.ratis.client.impl.OrderedAsync$PendingOrderedRequest.setReply(OrderedAsync.java:105)
	at org.apache.ratis.client.impl.OrderedAsync$PendingOrderedRequest.setReply(OrderedAsync.java:66)
	at org.apache.ratis.util.SlidingWindow$RequestMap.setReply(SlidingWindow.java:147)
	at org.apache.ratis.util.SlidingWindow$Client.receiveReply(SlidingWindow.java:351)
	at org.apache.ratis.client.impl.OrderedAsync.lambda$sendRequestWithRetry$5(OrderedAsync.java:210)
	at java.base/java.util.concurrent.CompletableFuture$UniAccept.tryFire(CompletableFuture.java:718)
	at java.base/java.util.concurrent.CompletableFuture.postComplete(CompletableFuture.java:510)
	at java.base/java.util.concurrent.CompletableFuture.complete(CompletableFuture.java:2147)
	at org.apache.ratis.grpc.client.GrpcClientProtocolClient$AsyncStreamObservers$1.lambda$onNext$0(GrpcClientProtocolClient.java:322)
	at java.base/java.util.Optional.ifPresent(Optional.java:178)
	at org.apache.ratis.grpc.client.GrpcClientProtocolClient$AsyncStreamObservers.handleReplyFuture(GrpcClientProtocolClient.java:378)
	at org.apache.ratis.grpc.client.GrpcClientProtocolClient$AsyncStreamObservers.access$100(GrpcClientProtocolClient.java:300)
	at org.apache.ratis.grpc.client.GrpcClientProtocolClient$AsyncStreamObservers$1.onNext(GrpcClientProtocolClient.java:322)
	at org.apache.ratis.grpc.client.GrpcClientProtocolClient$AsyncStreamObservers$1.onNext(GrpcClientProtocolClient.java:305)
	at org.apache.ratis.thirdparty.io.grpc.stub.ClientCalls$StreamObserverToCallListenerAdapter.onMessage(ClientCalls.java:468)
	at org.apache.ratis.thirdparty.io.grpc.ForwardingClientCallListener.onMessage(ForwardingClientCallListener.java:33)
	at org.apache.ratis.thirdparty.io.grpc.internal.DelayedClientCall$DelayedListener.onMessage(DelayedClientCall.java:473)
	at org.apache.ratis.thirdparty.io.grpc.internal.ClientCallImpl$ClientStreamListenerImpl$1MessagesAvailable.runInternal(ClientCallImpl.java:660)
	at org.apache.ratis.thirdparty.io.grpc.internal.ClientCallImpl$ClientStreamListenerImpl$1MessagesAvailable.runInContext(ClientCallImpl.java:647)
	at org.apache.ratis.thirdparty.io.grpc.internal.ContextRunnable.run(ContextRunnable.java:37)
	at org.apache.ratis.thirdparty.io.grpc.internal.SerializingExecutor.run(SerializingExecutor.java:133)
	at java.base/java.util.concurrent.ThreadPoolExecutor.runWorker(ThreadPoolExecutor.java:1136)
	at java.base/java.util.concurrent.ThreadPoolExecutor$Worker.run(ThreadPoolExecutor.java:635)
	at java.base/java.lang.Thread.run(Thread.java:840)
Caused by: org.apache.ratis.protocol.exceptions.StateMachineException: org.apache.hadoop.hdds.scm.container.common.helpers.ContainerNotOpenException from Server 298890a6-3c3b-4de0-a9db-67f24322077e@group-37A733CD87A5: Container 3 in CLOSED state
	at org.apache.hadoop.ozone.container.common.impl.HddsDispatcher.validateContainerCommand(HddsDispatcher.java:569)
	at org.apache.hadoop.ozone.container.common.transport.server.ratis.ContainerStateMachine.startTransaction(ContainerStateMachine.java:426)
	at org.apache.ratis.server.impl.RaftServerImpl.writeAsyncImpl(RaftServerImpl.java:975)
	at org.apache.ratis.server.impl.RaftServerImpl.writeAsync(RaftServerImpl.java:945)
	at org.apache.ratis.server.impl.RaftServerImpl.replyFuture(RaftServerImpl.java:937)
	at org.apache.ratis.server.impl.RaftServerImpl.submitClientRequestAsync(RaftServerImpl.java:912)
	at org.apache.ratis.server.impl.RaftServerImpl.lambda$executeSubmitClientRequestAsync$11(RaftServerImpl.java:893)
	at java.base/java.util.concurrent.CompletableFuture$AsyncSupply.run(CompletableFuture.java:1768)
	... 3 more
Caused by: org.apache.hadoop.hdds.scm.container.common.helpers.ContainerNotOpenException: Container 3 in CLOSED state
	at jdk.internal.reflect.GeneratedConstructorAccessor90.newInstance(Unknown Source)
	at java.base/jdk.internal.reflect.DelegatingConstructorAccessorImpl.newInstance(DelegatingConstructorAccessorImpl.java:45)
	at java.base/java.lang.reflect.Constructor.newInstanceWithCaller(Constructor.java:500)
	at java.base/java.lang.reflect.Constructor.newInstance(Constructor.java:481)
	at org.apache.ratis.util.ReflectionUtils.instantiateException(ReflectionUtils.java:259)
	at org.apache.ratis.client.impl.ClientProtoUtils.toStateMachineException(ClientProtoUtils.java:451)
	at org.apache.ratis.client.impl.ClientProtoUtils.toStateMachineException(ClientProtoUtils.java:437)
	at org.apache.ratis.client.impl.ClientProtoUtils.toRaftClientReply(ClientProtoUtils.java:404)
	at org.apache.ratis.grpc.client.GrpcClientProtocolClient$AsyncStreamObservers$1.onNext(GrpcClientProtocolClient.java:310)
	at org.apache.ratis.grpc.client.GrpcClientProtocolClient$AsyncStreamObservers$1.onNext(GrpcClientProtocolClient.java:305)
	at org.apache.ratis.thirdparty.io.grpc.stub.ClientCalls$StreamObserverToCallListenerAdapter.onMessage(ClientCalls.java:468)
	at org.apache.ratis.thirdparty.io.grpc.ForwardingClientCallListener.onMessage(ForwardingClientCallListener.java:33)
	at org.apache.ratis.thirdparty.io.grpc.internal.DelayedClientCall$DelayedListener.onMessage(DelayedClientCall.java:473)
	at org.apache.ratis.thirdparty.io.grpc.internal.ClientCallImpl$ClientStreamListenerImpl$1MessagesAvailable.runInternal(ClientCallImpl.java:660)
	at org.apache.ratis.thirdparty.io.grpc.internal.ClientCallImpl$ClientStreamListenerImpl$1MessagesAvailable.runInContext(ClientCallImpl.java:647)
	at org.apache.ratis.thirdparty.io.grpc.internal.ContextRunnable.run(ContextRunnable.java:37)
	at org.apache.ratis.thirdparty.io.grpc.internal.SerializingExecutor.run(SerializingExecutor.java:133)
	... 3 more
10:20:21.751 [298890a6-3c3b-4de0-a9db-67f24322077e-client-thread1] ERROR DNAudit - user=null | ip=null | op=PUT_BLOCK {blockData=[blockId=conID: 3 locID: 113750153625600003 bcsId: 0 replicaIndex: null, size=800]} | ret=FAILURE
org.apache.hadoop.hdds.scm.container.common.helpers.ContainerNotOpenException: Container 3 in CLOSED state
	at org.apache.hadoop.ozone.container.common.impl.HddsDispatcher.validateContainerCommand(HddsDispatcher.java:569) ~[hdds-container-service-1.5.0-SNAPSHOT.jar:?]
	at org.apache.hadoop.ozone.container.common.transport.server.ratis.ContainerStateMachine.startTransaction(ContainerStateMachine.java:426) ~[hdds-container-service-1.5.0-SNAPSHOT.jar:?]
	at org.apache.ratis.server.impl.RaftServerImpl.writeAsyncImpl(RaftServerImpl.java:975) ~[ratis-server-3.1.0.jar:3.1.0]
	at org.apache.ratis.server.impl.RaftServerImpl.writeAsync(RaftServerImpl.java:945) ~[ratis-server-3.1.0.jar:3.1.0]
	at org.apache.ratis.server.impl.RaftServerImpl.replyFuture(RaftServerImpl.java:937) ~[ratis-server-3.1.0.jar:3.1.0]
	at org.apache.ratis.server.impl.RaftServerImpl.submitClientRequestAsync(RaftServerImpl.java:912) ~[ratis-server-3.1.0.jar:3.1.0]
	at org.apache.ratis.server.impl.RaftServerImpl.lambda$executeSubmitClientRequestAsync$11(RaftServerImpl.java:893) ~[ratis-server-3.1.0.jar:3.1.0]
	at java.base/java.util.concurrent.CompletableFuture$AsyncSupply.run(CompletableFuture.java:1768) [?:?]
	at java.base/java.util.concurrent.ThreadPoolExecutor.runWorker(ThreadPoolExecutor.java:1136) [?:?]
	at java.base/java.util.concurrent.ThreadPoolExecutor$Worker.run(ThreadPoolExecutor.java:635) [?:?]
	at java.base/java.lang.Thread.run(Thread.java:840) [?:?]
2024-08-15 10:20:21,752 [grpc-default-executor-2] ERROR impl.OrderedAsync (OrderedAsync.java:lambda$send$4(181)) - Failed to send request, message=cmdType: WriteChunk
traceID: ""
containerID: 3
datanodeUuid: "298890a6-3c3b-4de0-a9db-67f24322077e"
writeChunk {
  blockID {
    containerID: 3
    localID: 113750153625600003
    blockCommitSequenceId: 12
    replicaIndex: 0
  }
  chunkData {
    chunkName: "113750153625600003_chunk_8"
    offset: 700
    len: 100
    checksumData {
      type: NONE
      bytesPerChecksum: 16384
    }
  }
}
version: 4
, data.size=100
java.util.concurrent.CompletionException: org.apache.ratis.protocol.exceptions.StateMachineException: org.apache.hadoop.hdds.scm.container.common.helpers.ContainerNotOpenException from Server 298890a6-3c3b-4de0-a9db-67f24322077e@group-37A733CD87A5: Container 3 in CLOSED state
	at org.apache.ratis.client.impl.RaftClientImpl.handleRaftException(RaftClientImpl.java:373)
	at org.apache.ratis.client.impl.OrderedAsync.lambda$send$3(OrderedAsync.java:175)
	at java.base/java.util.concurrent.CompletableFuture$UniApply.tryFire(CompletableFuture.java:646)
	at java.base/java.util.concurrent.CompletableFuture.postComplete(CompletableFuture.java:510)
	at java.base/java.util.concurrent.CompletableFuture.complete(CompletableFuture.java:2147)
	at org.apache.ratis.client.impl.OrderedAsync$PendingOrderedRequest.setReply(OrderedAsync.java:105)
	at org.apache.ratis.client.impl.OrderedAsync$PendingOrderedRequest.setReply(OrderedAsync.java:66)
	at org.apache.ratis.util.SlidingWindow$RequestMap.setReply(SlidingWindow.java:147)
	at org.apache.ratis.util.SlidingWindow$Client.receiveReply(SlidingWindow.java:351)
	at org.apache.ratis.client.impl.OrderedAsync.lambda$sendRequestWithRetry$5(OrderedAsync.java:210)
	at java.base/java.util.concurrent.CompletableFuture$UniAccept.tryFire(CompletableFuture.java:718)
	at java.base/java.util.concurrent.CompletableFuture.postComplete(CompletableFuture.java:510)
	at java.base/java.util.concurrent.CompletableFuture.complete(CompletableFuture.java:2147)
	at org.apache.ratis.grpc.client.GrpcClientProtocolClient$AsyncStreamObservers$1.lambda$onNext$0(GrpcClientProtocolClient.java:322)
	at java.base/java.util.Optional.ifPresent(Optional.java:178)
	at org.apache.ratis.grpc.client.GrpcClientProtocolClient$AsyncStreamObservers.handleReplyFuture(GrpcClientProtocolClient.java:378)
	at org.apache.ratis.grpc.client.GrpcClientProtocolClient$AsyncStreamObservers.access$100(GrpcClientProtocolClient.java:300)
	at org.apache.ratis.grpc.client.GrpcClientProtocolClient$AsyncStreamObservers$1.onNext(GrpcClientProtocolClient.java:322)
	at org.apache.ratis.grpc.client.GrpcClientProtocolClient$AsyncStreamObservers$1.onNext(GrpcClientProtocolClient.java:305)
	at org.apache.ratis.thirdparty.io.grpc.stub.ClientCalls$StreamObserverToCallListenerAdapter.onMessage(ClientCalls.java:468)
	at org.apache.ratis.thirdparty.io.grpc.ForwardingClientCallListener.onMessage(ForwardingClientCallListener.java:33)
	at org.apache.ratis.thirdparty.io.grpc.internal.DelayedClientCall$DelayedListener.onMessage(DelayedClientCall.java:473)
	at org.apache.ratis.thirdparty.io.grpc.internal.ClientCallImpl$ClientStreamListenerImpl$1MessagesAvailable.runInternal(ClientCallImpl.java:660)
	at org.apache.ratis.thirdparty.io.grpc.internal.ClientCallImpl$ClientStreamListenerImpl$1MessagesAvailable.runInContext(ClientCallImpl.java:647)
	at org.apache.ratis.thirdparty.io.grpc.internal.ContextRunnable.run(ContextRunnable.java:37)
	at org.apache.ratis.thirdparty.io.grpc.internal.SerializingExecutor.run(SerializingExecutor.java:133)
	at java.base/java.util.concurrent.ThreadPoolExecutor.runWorker(ThreadPoolExecutor.java:1136)
	at java.base/java.util.concurrent.ThreadPoolExecutor$Worker.run(ThreadPoolExecutor.java:635)
	at java.base/java.lang.Thread.run(Thread.java:840)
Caused by: org.apache.ratis.protocol.exceptions.StateMachineException: org.apache.hadoop.hdds.scm.container.common.helpers.ContainerNotOpenException from Server 298890a6-3c3b-4de0-a9db-67f24322077e@group-37A733CD87A5: Container 3 in CLOSED state
	at org.apache.hadoop.ozone.container.common.impl.HddsDispatcher.validateContainerCommand(HddsDispatcher.java:569)
	at org.apache.hadoop.ozone.container.common.transport.server.ratis.ContainerStateMachine.startTransaction(ContainerStateMachine.java:426)
	at org.apache.ratis.server.impl.RaftServerImpl.writeAsyncImpl(RaftServerImpl.java:975)
	at org.apache.ratis.server.impl.RaftServerImpl.writeAsync(RaftServerImpl.java:945)
	at org.apache.ratis.server.impl.RaftServerImpl.replyFuture(RaftServerImpl.java:937)
	at org.apache.ratis.server.impl.RaftServerImpl.submitClientRequestAsync(RaftServerImpl.java:912)
	at org.apache.ratis.server.impl.RaftServerImpl.lambda$executeSubmitClientRequestAsync$11(RaftServerImpl.java:893)
	at java.base/java.util.concurrent.CompletableFuture$AsyncSupply.run(CompletableFuture.java:1768)
	... 3 more
Caused by: org.apache.hadoop.hdds.scm.container.common.helpers.ContainerNotOpenException: Container 3 in CLOSED state
	at jdk.internal.reflect.GeneratedConstructorAccessor90.newInstance(Unknown Source)
	at java.base/jdk.internal.reflect.DelegatingConstructorAccessorImpl.newInstance(DelegatingConstructorAccessorImpl.java:45)
	at java.base/java.lang.reflect.Constructor.newInstanceWithCaller(Constructor.java:500)
	at java.base/java.lang.reflect.Constructor.newInstance(Constructor.java:481)
	at org.apache.ratis.util.ReflectionUtils.instantiateException(ReflectionUtils.java:259)
	at org.apache.ratis.client.impl.ClientProtoUtils.toStateMachineException(ClientProtoUtils.java:451)
	at org.apache.ratis.client.impl.ClientProtoUtils.toStateMachineException(ClientProtoUtils.java:437)
	at org.apache.ratis.client.impl.ClientProtoUtils.toRaftClientReply(ClientProtoUtils.java:404)
	at org.apache.ratis.grpc.client.GrpcClientProtocolClient$AsyncStreamObservers$1.onNext(GrpcClientProtocolClient.java:310)
	at org.apache.ratis.grpc.client.GrpcClientProtocolClient$AsyncStreamObservers$1.onNext(GrpcClientProtocolClient.java:305)
	at org.apache.ratis.thirdparty.io.grpc.stub.ClientCalls$StreamObserverToCallListenerAdapter.onMessage(ClientCalls.java:468)
	at org.apache.ratis.thirdparty.io.grpc.ForwardingClientCallListener.onMessage(ForwardingClientCallListener.java:33)
	at org.apache.ratis.thirdparty.io.grpc.internal.DelayedClientCall$DelayedListener.onMessage(DelayedClientCall.java:473)
	at org.apache.ratis.thirdparty.io.grpc.internal.ClientCallImpl$ClientStreamListenerImpl$1MessagesAvailable.runInternal(ClientCallImpl.java:660)
	at org.apache.ratis.thirdparty.io.grpc.internal.ClientCallImpl$ClientStreamListenerImpl$1MessagesAvailable.runInContext(ClientCallImpl.java:647)
	at org.apache.ratis.thirdparty.io.grpc.internal.ContextRunnable.run(ContextRunnable.java:37)
	at org.apache.ratis.thirdparty.io.grpc.internal.SerializingExecutor.run(SerializingExecutor.java:133)
	... 3 more
2024-08-15 10:20:21,753 [grpc-default-executor-2] ERROR impl.OrderedAsync (OrderedAsync.java:lambda$send$4(181)) - Failed to send request, message=cmdType: PutBlock
traceID: ""
containerID: 3
datanodeUuid: "298890a6-3c3b-4de0-a9db-67f24322077e"
putBlock {
  blockData {
    blockID {
      containerID: 3
      localID: 113750153625600003
      blockCommitSequenceId: 0
    }
    metadata {
      key: "TYPE"
      value: "KEY"
    }
    chunks {
      chunkName: "113750153625600003_chunk_1"
      offset: 0
      len: 100
      checksumData {
        type: NONE
        bytesPerChecksum: 16384
      }
    }
    chunks {
      chunkName: "113750153625600003_chunk_2"
      offset: 100
      len: 100
      checksumData {
        type: NONE
        bytesPerChecksum: 16384
      }
    }
    chunks {
      chunkName: "113750153625600003_chunk_3"
      offset: 200
      len: 100
      checksumData {
        type: NONE
        bytesPerChecksum: 16384
      }
    }
    chunks {
      chunkName: "113750153625600003_chunk_4"
      offset: 300
      len: 100
      checksumData {
        type: NONE
        bytesPerChecksum: 16384
      }
    }
    chunks {
      chunkName: "113750153625600003_chunk_5"
      offset: 400
      len: 100
      checksumData {
        type: NONE
        bytesPerChecksum: 16384
      }
    }
    chunks {
      chunkName: "113750153625600003_chunk_6"
      offset: 500
      len: 100
      checksumData {
        type: NONE
        bytesPerChecksum: 16384
      }
    }
    chunks {
      chunkName: "113750153625600003_chunk_7"
      offset: 600
      len: 100
      checksumData {
        type: NONE
        bytesPerChecksum: 16384
      }
    }
    chunks {
      chunkName: "113750153625600003_chunk_8"
      offset: 700
      len: 100
      checksumData {
        type: NONE
        bytesPerChecksum: 16384
      }
    }
  }
  eof: true
}
version: 4
, data.size=0
java.util.concurrent.CompletionException: org.apache.ratis.protocol.exceptions.StateMachineException: org.apache.hadoop.hdds.scm.container.common.helpers.ContainerNotOpenException from Server 298890a6-3c3b-4de0-a9db-67f24322077e@group-37A733CD87A5: Container 3 in CLOSED state
	at org.apache.ratis.client.impl.RaftClientImpl.handleRaftException(RaftClientImpl.java:373)
	at org.apache.ratis.client.impl.OrderedAsync.lambda$send$3(OrderedAsync.java:175)
	at java.base/java.util.concurrent.CompletableFuture$UniApply.tryFire(CompletableFuture.java:646)
	at java.base/java.util.concurrent.CompletableFuture.postComplete(CompletableFuture.java:510)
	at java.base/java.util.concurrent.CompletableFuture.complete(CompletableFuture.java:2147)
	at org.apache.ratis.client.impl.OrderedAsync$PendingOrderedRequest.setReply(OrderedAsync.java:105)
	at org.apache.ratis.client.impl.OrderedAsync$PendingOrderedRequest.setReply(OrderedAsync.java:66)
	at org.apache.ratis.util.SlidingWindow$RequestMap.setReply(SlidingWindow.java:147)
	at org.apache.ratis.util.SlidingWindow$Client.receiveReply(SlidingWindow.java:351)
	at org.apache.ratis.client.impl.OrderedAsync.lambda$sendRequestWithRetry$5(OrderedAsync.java:210)
	at java.base/java.util.concurrent.CompletableFuture$UniAccept.tryFire(CompletableFuture.java:718)
	at java.base/java.util.concurrent.CompletableFuture.postComplete(CompletableFuture.java:510)
	at java.base/java.util.concurrent.CompletableFuture.complete(CompletableFuture.java:2147)
	at org.apache.ratis.grpc.client.GrpcClientProtocolClient$AsyncStreamObservers$1.lambda$onNext$0(GrpcClientProtocolClient.java:322)
	at java.base/java.util.Optional.ifPresent(Optional.java:178)
	at org.apache.ratis.grpc.client.GrpcClientProtocolClient$AsyncStreamObservers.handleReplyFuture(GrpcClientProtocolClient.java:378)
	at org.apache.ratis.grpc.client.GrpcClientProtocolClient$AsyncStreamObservers.access$100(GrpcClientProtocolClient.java:300)
	at org.apache.ratis.grpc.client.GrpcClientProtocolClient$AsyncStreamObservers$1.onNext(GrpcClientProtocolClient.java:322)
	at org.apache.ratis.grpc.client.GrpcClientProtocolClient$AsyncStreamObservers$1.onNext(GrpcClientProtocolClient.java:305)
	at org.apache.ratis.thirdparty.io.grpc.stub.ClientCalls$StreamObserverToCallListenerAdapter.onMessage(ClientCalls.java:468)
	at org.apache.ratis.thirdparty.io.grpc.ForwardingClientCallListener.onMessage(ForwardingClientCallListener.java:33)
	at org.apache.ratis.thirdparty.io.grpc.internal.DelayedClientCall$DelayedListener.onMessage(DelayedClientCall.java:473)
	at org.apache.ratis.thirdparty.io.grpc.internal.ClientCallImpl$ClientStreamListenerImpl$1MessagesAvailable.runInternal(ClientCallImpl.java:660)
	at org.apache.ratis.thirdparty.io.grpc.internal.ClientCallImpl$ClientStreamListenerImpl$1MessagesAvailable.runInContext(ClientCallImpl.java:647)
	at org.apache.ratis.thirdparty.io.grpc.internal.ContextRunnable.run(ContextRunnable.java:37)
	at org.apache.ratis.thirdparty.io.grpc.internal.SerializingExecutor.run(SerializingExecutor.java:133)
	at java.base/java.util.concurrent.ThreadPoolExecutor.runWorker(ThreadPoolExecutor.java:1136)
	at java.base/java.util.concurrent.ThreadPoolExecutor$Worker.run(ThreadPoolExecutor.java:635)
	at java.base/java.lang.Thread.run(Thread.java:840)
Caused by: org.apache.ratis.protocol.exceptions.StateMachineException: org.apache.hadoop.hdds.scm.container.common.helpers.ContainerNotOpenException from Server 298890a6-3c3b-4de0-a9db-67f24322077e@group-37A733CD87A5: Container 3 in CLOSED state
	at org.apache.hadoop.ozone.container.common.impl.HddsDispatcher.validateContainerCommand(HddsDispatcher.java:569)
	at org.apache.hadoop.ozone.container.common.transport.server.ratis.ContainerStateMachine.startTransaction(ContainerStateMachine.java:426)
	at org.apache.ratis.server.impl.RaftServerImpl.writeAsyncImpl(RaftServerImpl.java:975)
	at org.apache.ratis.server.impl.RaftServerImpl.writeAsync(RaftServerImpl.java:945)
	at org.apache.ratis.server.impl.RaftServerImpl.replyFuture(RaftServerImpl.java:937)
	at org.apache.ratis.server.impl.RaftServerImpl.submitClientRequestAsync(RaftServerImpl.java:912)
	at org.apache.ratis.server.impl.RaftServerImpl.lambda$executeSubmitClientRequestAsync$11(RaftServerImpl.java:893)
	at java.base/java.util.concurrent.CompletableFuture$AsyncSupply.run(CompletableFuture.java:1768)
	... 3 more
Caused by: org.apache.hadoop.hdds.scm.container.common.helpers.ContainerNotOpenException: Container 3 in CLOSED state
	at jdk.internal.reflect.GeneratedConstructorAccessor90.newInstance(Unknown Source)
	at java.base/jdk.internal.reflect.DelegatingConstructorAccessorImpl.newInstance(DelegatingConstructorAccessorImpl.java:45)
	at java.base/java.lang.reflect.Constructor.newInstanceWithCaller(Constructor.java:500)
	at java.base/java.lang.reflect.Constructor.newInstance(Constructor.java:481)
	at org.apache.ratis.util.ReflectionUtils.instantiateException(ReflectionUtils.java:259)
	at org.apache.ratis.client.impl.ClientProtoUtils.toStateMachineException(ClientProtoUtils.java:451)
	at org.apache.ratis.client.impl.ClientProtoUtils.toStateMachineException(ClientProtoUtils.java:437)
	at org.apache.ratis.client.impl.ClientProtoUtils.toRaftClientReply(ClientProtoUtils.java:404)
	at org.apache.ratis.grpc.client.GrpcClientProtocolClient$AsyncStreamObservers$1.onNext(GrpcClientProtocolClient.java:310)
	at org.apache.ratis.grpc.client.GrpcClientProtocolClient$AsyncStreamObservers$1.onNext(GrpcClientProtocolClient.java:305)
	at org.apache.ratis.thirdparty.io.grpc.stub.ClientCalls$StreamObserverToCallListenerAdapter.onMessage(ClientCalls.java:468)
	at org.apache.ratis.thirdparty.io.grpc.ForwardingClientCallListener.onMessage(ForwardingClientCallListener.java:33)
	at org.apache.ratis.thirdparty.io.grpc.internal.DelayedClientCall$DelayedListener.onMessage(DelayedClientCall.java:473)
	at org.apache.ratis.thirdparty.io.grpc.internal.ClientCallImpl$ClientStreamListenerImpl$1MessagesAvailable.runInternal(ClientCallImpl.java:660)
	at org.apache.ratis.thirdparty.io.grpc.internal.ClientCallImpl$ClientStreamListenerImpl$1MessagesAvailable.runInContext(ClientCallImpl.java:647)
	at org.apache.ratis.thirdparty.io.grpc.internal.ContextRunnable.run(ContextRunnable.java:37)
	at org.apache.ratis.thirdparty.io.grpc.internal.SerializingExecutor.run(SerializingExecutor.java:133)
	... 3 more
2024-08-15 10:20:21,860 [EventQueue-CloseContainerForCloseContainerEventHandler] INFO  container.CloseContainerEventHandler (CloseContainerEventHandler.java:onMessage(88)) - Close container Event triggered for container : #5, current state: OPEN
2024-08-15 10:20:21,861 [EventQueue-CloseContainerForCloseContainerEventHandler] INFO  container.CloseContainerEventHandler (CloseContainerEventHandler.java:onMessage(88)) - Close container Event triggered for container : #5, current state: CLOSING
2024-08-15 10:20:21,861 [EventQueue-CloseContainerForCloseContainerEventHandler] INFO  container.CloseContainerEventHandler (CloseContainerEventHandler.java:onMessage(88)) - Close container Event triggered for container : #5, current state: CLOSING
2024-08-15 10:20:24,835 [2c076085-4a54-4643-8427-8625b9ee6dbf-CloseContainerThread-1] INFO  commandhandler.CloseContainerCommandHandler (CloseContainerCommandHandler.java:lambda$handle$0(154)) - Follower cannot close container #5.
2024-08-15 10:20:24,835 [298890a6-3c3b-4de0-a9db-67f24322077e-CloseContainerThread-2] INFO  commandhandler.CloseContainerCommandHandler (CloseContainerCommandHandler.java:lambda$handle$0(154)) - Follower cannot close container #5.
2024-08-15 10:20:25,837 [0825ce75-4a52-449f-9036-c8a968d40eda-ContainerOp-04d0640d-02ff-45d5-b287-e905553bca68-7] INFO  keyvalue.KeyValueContainer (KeyValueContainer.java:flushAndSyncDB(529)) - Container 5 is synced with bcsId 31.
2024-08-15 10:20:25,837 [0825ce75-4a52-449f-9036-c8a968d40eda-ContainerOp-04d0640d-02ff-45d5-b287-e905553bca68-7] INFO  keyvalue.KeyValueContainer (KeyValueContainer.java:flushAndSyncDB(529)) - Container 5 is synced with bcsId 31.
2024-08-15 10:20:25,839 [2c076085-4a54-4643-8427-8625b9ee6dbf-ContainerOp-04d0640d-02ff-45d5-b287-e905553bca68-7] INFO  keyvalue.KeyValueContainer (KeyValueContainer.java:flushAndSyncDB(529)) - Container 5 is synced with bcsId 31.
2024-08-15 10:20:25,839 [2c076085-4a54-4643-8427-8625b9ee6dbf-ContainerOp-04d0640d-02ff-45d5-b287-e905553bca68-7] INFO  keyvalue.KeyValueContainer (KeyValueContainer.java:flushAndSyncDB(529)) - Container 5 is synced with bcsId 31.
2024-08-15 10:20:25,839 [298890a6-3c3b-4de0-a9db-67f24322077e-ContainerOp-04d0640d-02ff-45d5-b287-e905553bca68-7] INFO  keyvalue.KeyValueContainer (KeyValueContainer.java:flushAndSyncDB(529)) - Container 5 is synced with bcsId 31.
2024-08-15 10:20:25,839 [298890a6-3c3b-4de0-a9db-67f24322077e-ContainerOp-04d0640d-02ff-45d5-b287-e905553bca68-7] INFO  keyvalue.KeyValueContainer (KeyValueContainer.java:flushAndSyncDB(529)) - Container 5 is synced with bcsId 31.
2024-08-15 10:20:25,839 [0825ce75-4a52-449f-9036-c8a968d40eda-ContainerOp-04d0640d-02ff-45d5-b287-e905553bca68-7] INFO  keyvalue.KeyValueContainer (KeyValueContainer.java:close(444)) - Container 5 is closed with bcsId 31.
2024-08-15 10:20:25,840 [FixedThreadPoolWithAffinityExecutor-9-0] INFO  container.IncrementalContainerReportHandler (AbstractContainerReportHandler.java:updateContainerState(312)) - Moving container #5 to CLOSED state, datanode 0825ce75-4a52-449f-9036-c8a968d40eda(localhost/127.0.0.1) reported CLOSED replica with index 0.
2024-08-15 10:20:25,841 [298890a6-3c3b-4de0-a9db-67f24322077e-ContainerOp-04d0640d-02ff-45d5-b287-e905553bca68-7] INFO  keyvalue.KeyValueContainer (KeyValueContainer.java:close(444)) - Container 5 is closed with bcsId 31.
2024-08-15 10:20:25,841 [2c076085-4a54-4643-8427-8625b9ee6dbf-ContainerOp-04d0640d-02ff-45d5-b287-e905553bca68-7] INFO  keyvalue.KeyValueContainer (KeyValueContainer.java:close(444)) - Container 5 is closed with bcsId 31.
10:20:25.862 [0825ce75-4a52-449f-9036-c8a968d40eda-client-thread2] ERROR DNAudit - user=null | ip=null | op=WRITE_CHUNK {blockData=conID: 5 locID: 113750153625600005 bcsId: 31 replicaIndex: 0, blockDataSize=100} | ret=FAILURE
org.apache.hadoop.hdds.scm.container.common.helpers.ContainerNotOpenException: Container 5 in CLOSED state
	at org.apache.hadoop.ozone.container.common.impl.HddsDispatcher.validateContainerCommand(HddsDispatcher.java:569) ~[hdds-container-service-1.5.0-SNAPSHOT.jar:?]
	at org.apache.hadoop.ozone.container.common.transport.server.ratis.ContainerStateMachine.startTransaction(ContainerStateMachine.java:426) ~[hdds-container-service-1.5.0-SNAPSHOT.jar:?]
	at org.apache.ratis.server.impl.RaftServerImpl.writeAsyncImpl(RaftServerImpl.java:975) ~[ratis-server-3.1.0.jar:3.1.0]
	at org.apache.ratis.server.impl.RaftServerImpl.writeAsync(RaftServerImpl.java:945) ~[ratis-server-3.1.0.jar:3.1.0]
	at org.apache.ratis.server.impl.RaftServerImpl.replyFuture(RaftServerImpl.java:937) ~[ratis-server-3.1.0.jar:3.1.0]
	at org.apache.ratis.server.impl.RaftServerImpl.submitClientRequestAsync(RaftServerImpl.java:912) ~[ratis-server-3.1.0.jar:3.1.0]
	at org.apache.ratis.server.impl.RaftServerImpl.lambda$executeSubmitClientRequestAsync$11(RaftServerImpl.java:893) ~[ratis-server-3.1.0.jar:3.1.0]
	at java.base/java.util.concurrent.CompletableFuture$AsyncSupply.run(CompletableFuture.java:1768) [?:?]
	at java.base/java.util.concurrent.ThreadPoolExecutor.runWorker(ThreadPoolExecutor.java:1136) [?:?]
	at java.base/java.util.concurrent.ThreadPoolExecutor$Worker.run(ThreadPoolExecutor.java:635) [?:?]
	at java.base/java.lang.Thread.run(Thread.java:840) [?:?]
10:20:25.863 [0825ce75-4a52-449f-9036-c8a968d40eda-client-thread2] ERROR DNAudit - user=null | ip=null | op=WRITE_CHUNK {blockData=conID: 5 locID: 113750153625600005 bcsId: 31 replicaIndex: 0, blockDataSize=100} | ret=FAILURE
org.apache.hadoop.hdds.scm.container.common.helpers.ContainerNotOpenException: Container 5 in CLOSED state
	at org.apache.hadoop.ozone.container.common.impl.HddsDispatcher.validateContainerCommand(HddsDispatcher.java:569) ~[hdds-container-service-1.5.0-SNAPSHOT.jar:?]
	at org.apache.hadoop.ozone.container.common.transport.server.ratis.ContainerStateMachine.startTransaction(ContainerStateMachine.java:426) ~[hdds-container-service-1.5.0-SNAPSHOT.jar:?]
	at org.apache.ratis.server.impl.RaftServerImpl.writeAsyncImpl(RaftServerImpl.java:975) ~[ratis-server-3.1.0.jar:3.1.0]
	at org.apache.ratis.server.impl.RaftServerImpl.writeAsync(RaftServerImpl.java:945) ~[ratis-server-3.1.0.jar:3.1.0]
	at org.apache.ratis.server.impl.RaftServerImpl.replyFuture(RaftServerImpl.java:937) ~[ratis-server-3.1.0.jar:3.1.0]
	at org.apache.ratis.server.impl.RaftServerImpl.submitClientRequestAsync(RaftServerImpl.java:912) ~[ratis-server-3.1.0.jar:3.1.0]
	at org.apache.ratis.server.impl.RaftServerImpl.lambda$executeSubmitClientRequestAsync$11(RaftServerImpl.java:893) ~[ratis-server-3.1.0.jar:3.1.0]
	at java.base/java.util.concurrent.CompletableFuture$AsyncSupply.run(CompletableFuture.java:1768) [?:?]
	at java.base/java.util.concurrent.ThreadPoolExecutor.runWorker(ThreadPoolExecutor.java:1136) [?:?]
	at java.base/java.util.concurrent.ThreadPoolExecutor$Worker.run(ThreadPoolExecutor.java:635) [?:?]
	at java.base/java.lang.Thread.run(Thread.java:840) [?:?]
2024-08-15 10:20:25,863 [grpc-default-executor-7] ERROR impl.OrderedAsync (OrderedAsync.java:lambda$send$4(181)) - Failed to send request, message=cmdType: WriteChunk
traceID: ""
containerID: 5
datanodeUuid: "2c076085-4a54-4643-8427-8625b9ee6dbf"
writeChunk {
  blockID {
    containerID: 5
    localID: 113750153625600005
    blockCommitSequenceId: 31
    replicaIndex: 0
  }
  chunkData {
    chunkName: "113750153625600005_chunk_6"
    offset: 500
    len: 100
    checksumData {
      type: NONE
      bytesPerChecksum: 16384
    }
  }
}
version: 4
, data.size=100
java.util.concurrent.CompletionException: org.apache.ratis.protocol.exceptions.StateMachineException: org.apache.hadoop.hdds.scm.container.common.helpers.ContainerNotOpenException from Server 0825ce75-4a52-449f-9036-c8a968d40eda@group-E905553BCA68: Container 5 in CLOSED state
	at org.apache.ratis.client.impl.RaftClientImpl.handleRaftException(RaftClientImpl.java:373)
	at org.apache.ratis.client.impl.OrderedAsync.lambda$send$3(OrderedAsync.java:175)
	at java.base/java.util.concurrent.CompletableFuture$UniApply.tryFire(CompletableFuture.java:646)
	at java.base/java.util.concurrent.CompletableFuture.postComplete(CompletableFuture.java:510)
	at java.base/java.util.concurrent.CompletableFuture.complete(CompletableFuture.java:2147)
	at org.apache.ratis.client.impl.OrderedAsync$PendingOrderedRequest.setReply(OrderedAsync.java:105)
	at org.apache.ratis.client.impl.OrderedAsync$PendingOrderedRequest.setReply(OrderedAsync.java:66)
	at org.apache.ratis.util.SlidingWindow$RequestMap.setReply(SlidingWindow.java:147)
	at org.apache.ratis.util.SlidingWindow$Client.receiveReply(SlidingWindow.java:351)
	at org.apache.ratis.client.impl.OrderedAsync.lambda$sendRequestWithRetry$5(OrderedAsync.java:210)
	at java.base/java.util.concurrent.CompletableFuture$UniAccept.tryFire(CompletableFuture.java:718)
	at java.base/java.util.concurrent.CompletableFuture.postComplete(CompletableFuture.java:510)
	at java.base/java.util.concurrent.CompletableFuture.complete(CompletableFuture.java:2147)
	at org.apache.ratis.grpc.client.GrpcClientProtocolClient$AsyncStreamObservers$1.lambda$onNext$0(GrpcClientProtocolClient.java:322)
	at java.base/java.util.Optional.ifPresent(Optional.java:178)
	at org.apache.ratis.grpc.client.GrpcClientProtocolClient$AsyncStreamObservers.handleReplyFuture(GrpcClientProtocolClient.java:378)
	at org.apache.ratis.grpc.client.GrpcClientProtocolClient$AsyncStreamObservers.access$100(GrpcClientProtocolClient.java:300)
	at org.apache.ratis.grpc.client.GrpcClientProtocolClient$AsyncStreamObservers$1.onNext(GrpcClientProtocolClient.java:322)
	at org.apache.ratis.grpc.client.GrpcClientProtocolClient$AsyncStreamObservers$1.onNext(GrpcClientProtocolClient.java:305)
	at org.apache.ratis.thirdparty.io.grpc.stub.ClientCalls$StreamObserverToCallListenerAdapter.onMessage(ClientCalls.java:468)
	at org.apache.ratis.thirdparty.io.grpc.ForwardingClientCallListener.onMessage(ForwardingClientCallListener.java:33)
	at org.apache.ratis.thirdparty.io.grpc.internal.ClientCallImpl$ClientStreamListenerImpl$1MessagesAvailable.runInternal(ClientCallImpl.java:660)
	at org.apache.ratis.thirdparty.io.grpc.internal.ClientCallImpl$ClientStreamListenerImpl$1MessagesAvailable.runInContext(ClientCallImpl.java:647)
	at org.apache.ratis.thirdparty.io.grpc.internal.ContextRunnable.run(ContextRunnable.java:37)
	at org.apache.ratis.thirdparty.io.grpc.internal.SerializingExecutor.run(SerializingExecutor.java:133)
	at java.base/java.util.concurrent.ThreadPoolExecutor.runWorker(ThreadPoolExecutor.java:1136)
	at java.base/java.util.concurrent.ThreadPoolExecutor$Worker.run(ThreadPoolExecutor.java:635)
	at java.base/java.lang.Thread.run(Thread.java:840)
Caused by: org.apache.ratis.protocol.exceptions.StateMachineException: org.apache.hadoop.hdds.scm.container.common.helpers.ContainerNotOpenException from Server 0825ce75-4a52-449f-9036-c8a968d40eda@group-E905553BCA68: Container 5 in CLOSED state
	at org.apache.hadoop.ozone.container.common.impl.HddsDispatcher.validateContainerCommand(HddsDispatcher.java:569)
	at org.apache.hadoop.ozone.container.common.transport.server.ratis.ContainerStateMachine.startTransaction(ContainerStateMachine.java:426)
	at org.apache.ratis.server.impl.RaftServerImpl.writeAsyncImpl(RaftServerImpl.java:975)
	at org.apache.ratis.server.impl.RaftServerImpl.writeAsync(RaftServerImpl.java:945)
	at org.apache.ratis.server.impl.RaftServerImpl.replyFuture(RaftServerImpl.java:937)
	at org.apache.ratis.server.impl.RaftServerImpl.submitClientRequestAsync(RaftServerImpl.java:912)
	at org.apache.ratis.server.impl.RaftServerImpl.lambda$executeSubmitClientRequestAsync$11(RaftServerImpl.java:893)
	at java.base/java.util.concurrent.CompletableFuture$AsyncSupply.run(CompletableFuture.java:1768)
	... 3 more
Caused by: org.apache.hadoop.hdds.scm.container.common.helpers.ContainerNotOpenException: Container 5 in CLOSED state
	at jdk.internal.reflect.GeneratedConstructorAccessor90.newInstance(Unknown Source)
	at java.base/jdk.internal.reflect.DelegatingConstructorAccessorImpl.newInstance(DelegatingConstructorAccessorImpl.java:45)
	at java.base/java.lang.reflect.Constructor.newInstanceWithCaller(Constructor.java:500)
	at java.base/java.lang.reflect.Constructor.newInstance(Constructor.java:481)
	at org.apache.ratis.util.ReflectionUtils.instantiateException(ReflectionUtils.java:259)
	at org.apache.ratis.client.impl.ClientProtoUtils.toStateMachineException(ClientProtoUtils.java:451)
	at org.apache.ratis.client.impl.ClientProtoUtils.toStateMachineException(ClientProtoUtils.java:437)
	at org.apache.ratis.client.impl.ClientProtoUtils.toRaftClientReply(ClientProtoUtils.java:404)
	at org.apache.ratis.grpc.client.GrpcClientProtocolClient$AsyncStreamObservers$1.onNext(GrpcClientProtocolClient.java:310)
	at org.apache.ratis.grpc.client.GrpcClientProtocolClient$AsyncStreamObservers$1.onNext(GrpcClientProtocolClient.java:305)
	at org.apache.ratis.thirdparty.io.grpc.stub.ClientCalls$StreamObserverToCallListenerAdapter.onMessage(ClientCalls.java:468)
	at org.apache.ratis.thirdparty.io.grpc.ForwardingClientCallListener.onMessage(ForwardingClientCallListener.java:33)
	at org.apache.ratis.thirdparty.io.grpc.internal.ClientCallImpl$ClientStreamListenerImpl$1MessagesAvailable.runInternal(ClientCallImpl.java:660)
	at org.apache.ratis.thirdparty.io.grpc.internal.ClientCallImpl$ClientStreamListenerImpl$1MessagesAvailable.runInContext(ClientCallImpl.java:647)
	at org.apache.ratis.thirdparty.io.grpc.internal.ContextRunnable.run(ContextRunnable.java:37)
	at org.apache.ratis.thirdparty.io.grpc.internal.SerializingExecutor.run(SerializingExecutor.java:133)
	... 3 more
10:20:25.863 [0825ce75-4a52-449f-9036-c8a968d40eda-client-thread2] ERROR DNAudit - user=null | ip=null | op=PUT_BLOCK {blockData=[blockId=conID: 5 locID: 113750153625600005 bcsId: 0 replicaIndex: null, size=700]} | ret=FAILURE
org.apache.hadoop.hdds.scm.container.common.helpers.ContainerNotOpenException: Container 5 in CLOSED state
	at org.apache.hadoop.ozone.container.common.impl.HddsDispatcher.validateContainerCommand(HddsDispatcher.java:569) ~[hdds-container-service-1.5.0-SNAPSHOT.jar:?]
	at org.apache.hadoop.ozone.container.common.transport.server.ratis.ContainerStateMachine.startTransaction(ContainerStateMachine.java:426) ~[hdds-container-service-1.5.0-SNAPSHOT.jar:?]
	at org.apache.ratis.server.impl.RaftServerImpl.writeAsyncImpl(RaftServerImpl.java:975) ~[ratis-server-3.1.0.jar:3.1.0]
	at org.apache.ratis.server.impl.RaftServerImpl.writeAsync(RaftServerImpl.java:945) ~[ratis-server-3.1.0.jar:3.1.0]
	at org.apache.ratis.server.impl.RaftServerImpl.replyFuture(RaftServerImpl.java:937) ~[ratis-server-3.1.0.jar:3.1.0]
	at org.apache.ratis.server.impl.RaftServerImpl.submitClientRequestAsync(RaftServerImpl.java:912) ~[ratis-server-3.1.0.jar:3.1.0]
	at org.apache.ratis.server.impl.RaftServerImpl.lambda$executeSubmitClientRequestAsync$11(RaftServerImpl.java:893) ~[ratis-server-3.1.0.jar:3.1.0]
	at java.base/java.util.concurrent.CompletableFuture$AsyncSupply.run(CompletableFuture.java:1768) [?:?]
	at java.base/java.util.concurrent.ThreadPoolExecutor.runWorker(ThreadPoolExecutor.java:1136) [?:?]
	at java.base/java.util.concurrent.ThreadPoolExecutor$Worker.run(ThreadPoolExecutor.java:635) [?:?]
	at java.base/java.lang.Thread.run(Thread.java:840) [?:?]
2024-08-15 10:20:25,864 [grpc-default-executor-7] ERROR impl.OrderedAsync (OrderedAsync.java:lambda$send$4(181)) - Failed to send request, message=cmdType: WriteChunk
traceID: ""
containerID: 5
datanodeUuid: "2c076085-4a54-4643-8427-8625b9ee6dbf"
writeChunk {
  blockID {
    containerID: 5
    localID: 113750153625600005
    blockCommitSequenceId: 31
    replicaIndex: 0
  }
  chunkData {
    chunkName: "113750153625600005_chunk_7"
    offset: 600
    len: 100
    checksumData {
      type: NONE
      bytesPerChecksum: 16384
    }
  }
}
version: 4
, data.size=100
java.util.concurrent.CompletionException: org.apache.ratis.protocol.exceptions.StateMachineException: org.apache.hadoop.hdds.scm.container.common.helpers.ContainerNotOpenException from Server 0825ce75-4a52-449f-9036-c8a968d40eda@group-E905553BCA68: Container 5 in CLOSED state
	at org.apache.ratis.client.impl.RaftClientImpl.handleRaftException(RaftClientImpl.java:373)
	at org.apache.ratis.client.impl.OrderedAsync.lambda$send$3(OrderedAsync.java:175)
	at java.base/java.util.concurrent.CompletableFuture$UniApply.tryFire(CompletableFuture.java:646)
	at java.base/java.util.concurrent.CompletableFuture.postComplete(CompletableFuture.java:510)
	at java.base/java.util.concurrent.CompletableFuture.complete(CompletableFuture.java:2147)
	at org.apache.ratis.client.impl.OrderedAsync$PendingOrderedRequest.setReply(OrderedAsync.java:105)
	at org.apache.ratis.client.impl.OrderedAsync$PendingOrderedRequest.setReply(OrderedAsync.java:66)
	at org.apache.ratis.util.SlidingWindow$RequestMap.setReply(SlidingWindow.java:147)
	at org.apache.ratis.util.SlidingWindow$Client.receiveReply(SlidingWindow.java:351)
	at org.apache.ratis.client.impl.OrderedAsync.lambda$sendRequestWithRetry$5(OrderedAsync.java:210)
	at java.base/java.util.concurrent.CompletableFuture$UniAccept.tryFire(CompletableFuture.java:718)
	at java.base/java.util.concurrent.CompletableFuture.postComplete(CompletableFuture.java:510)
	at java.base/java.util.concurrent.CompletableFuture.complete(CompletableFuture.java:2147)
	at org.apache.ratis.grpc.client.GrpcClientProtocolClient$AsyncStreamObservers$1.lambda$onNext$0(GrpcClientProtocolClient.java:322)
	at java.base/java.util.Optional.ifPresent(Optional.java:178)
	at org.apache.ratis.grpc.client.GrpcClientProtocolClient$AsyncStreamObservers.handleReplyFuture(GrpcClientProtocolClient.java:378)
	at org.apache.ratis.grpc.client.GrpcClientProtocolClient$AsyncStreamObservers.access$100(GrpcClientProtocolClient.java:300)
	at org.apache.ratis.grpc.client.GrpcClientProtocolClient$AsyncStreamObservers$1.onNext(GrpcClientProtocolClient.java:322)
	at org.apache.ratis.grpc.client.GrpcClientProtocolClient$AsyncStreamObservers$1.onNext(GrpcClientProtocolClient.java:305)
	at org.apache.ratis.thirdparty.io.grpc.stub.ClientCalls$StreamObserverToCallListenerAdapter.onMessage(ClientCalls.java:468)
	at org.apache.ratis.thirdparty.io.grpc.ForwardingClientCallListener.onMessage(ForwardingClientCallListener.java:33)
	at org.apache.ratis.thirdparty.io.grpc.internal.ClientCallImpl$ClientStreamListenerImpl$1MessagesAvailable.runInternal(ClientCallImpl.java:660)
	at org.apache.ratis.thirdparty.io.grpc.internal.ClientCallImpl$ClientStreamListenerImpl$1MessagesAvailable.runInContext(ClientCallImpl.java:647)
	at org.apache.ratis.thirdparty.io.grpc.internal.ContextRunnable.run(ContextRunnable.java:37)
	at org.apache.ratis.thirdparty.io.grpc.internal.SerializingExecutor.run(SerializingExecutor.java:133)
	at java.base/java.util.concurrent.ThreadPoolExecutor.runWorker(ThreadPoolExecutor.java:1136)
	at java.base/java.util.concurrent.ThreadPoolExecutor$Worker.run(ThreadPoolExecutor.java:635)
	at java.base/java.lang.Thread.run(Thread.java:840)
Caused by: org.apache.ratis.protocol.exceptions.StateMachineException: org.apache.hadoop.hdds.scm.container.common.helpers.ContainerNotOpenException from Server 0825ce75-4a52-449f-9036-c8a968d40eda@group-E905553BCA68: Container 5 in CLOSED state
	at org.apache.hadoop.ozone.container.common.impl.HddsDispatcher.validateContainerCommand(HddsDispatcher.java:569)
	at org.apache.hadoop.ozone.container.common.transport.server.ratis.ContainerStateMachine.startTransaction(ContainerStateMachine.java:426)
	at org.apache.ratis.server.impl.RaftServerImpl.writeAsyncImpl(RaftServerImpl.java:975)
	at org.apache.ratis.server.impl.RaftServerImpl.writeAsync(RaftServerImpl.java:945)
	at org.apache.ratis.server.impl.RaftServerImpl.replyFuture(RaftServerImpl.java:937)
	at org.apache.ratis.server.impl.RaftServerImpl.submitClientRequestAsync(RaftServerImpl.java:912)
	at org.apache.ratis.server.impl.RaftServerImpl.lambda$executeSubmitClientRequestAsync$11(RaftServerImpl.java:893)
	at java.base/java.util.concurrent.CompletableFuture$AsyncSupply.run(CompletableFuture.java:1768)
	... 3 more
Caused by: org.apache.hadoop.hdds.scm.container.common.helpers.ContainerNotOpenException: Container 5 in CLOSED state
	at jdk.internal.reflect.GeneratedConstructorAccessor90.newInstance(Unknown Source)
	at java.base/jdk.internal.reflect.DelegatingConstructorAccessorImpl.newInstance(DelegatingConstructorAccessorImpl.java:45)
	at java.base/java.lang.reflect.Constructor.newInstanceWithCaller(Constructor.java:500)
	at java.base/java.lang.reflect.Constructor.newInstance(Constructor.java:481)
	at org.apache.ratis.util.ReflectionUtils.instantiateException(ReflectionUtils.java:259)
	at org.apache.ratis.client.impl.ClientProtoUtils.toStateMachineException(ClientProtoUtils.java:451)
	at org.apache.ratis.client.impl.ClientProtoUtils.toStateMachineException(ClientProtoUtils.java:437)
	at org.apache.ratis.client.impl.ClientProtoUtils.toRaftClientReply(ClientProtoUtils.java:404)
	at org.apache.ratis.grpc.client.GrpcClientProtocolClient$AsyncStreamObservers$1.onNext(GrpcClientProtocolClient.java:310)
	at org.apache.ratis.grpc.client.GrpcClientProtocolClient$AsyncStreamObservers$1.onNext(GrpcClientProtocolClient.java:305)
	at org.apache.ratis.thirdparty.io.grpc.stub.ClientCalls$StreamObserverToCallListenerAdapter.onMessage(ClientCalls.java:468)
	at org.apache.ratis.thirdparty.io.grpc.ForwardingClientCallListener.onMessage(ForwardingClientCallListener.java:33)
	at org.apache.ratis.thirdparty.io.grpc.internal.ClientCallImpl$ClientStreamListenerImpl$1MessagesAvailable.runInternal(ClientCallImpl.java:660)
	at org.apache.ratis.thirdparty.io.grpc.internal.ClientCallImpl$ClientStreamListenerImpl$1MessagesAvailable.runInContext(ClientCallImpl.java:647)
	at org.apache.ratis.thirdparty.io.grpc.internal.ContextRunnable.run(ContextRunnable.java:37)
	at org.apache.ratis.thirdparty.io.grpc.internal.SerializingExecutor.run(SerializingExecutor.java:133)
	... 3 more
10:20:25.864 [0825ce75-4a52-449f-9036-c8a968d40eda-client-thread2] ERROR DNAudit - user=null | ip=null | op=WRITE_CHUNK {blockData=conID: 5 locID: 113750153625600005 bcsId: 31 replicaIndex: 0, blockDataSize=100} | ret=FAILURE
org.apache.hadoop.hdds.scm.container.common.helpers.ContainerNotOpenException: Container 5 in CLOSED state
	at org.apache.hadoop.ozone.container.common.impl.HddsDispatcher.validateContainerCommand(HddsDispatcher.java:569) ~[hdds-container-service-1.5.0-SNAPSHOT.jar:?]
	at org.apache.hadoop.ozone.container.common.transport.server.ratis.ContainerStateMachine.startTransaction(ContainerStateMachine.java:426) ~[hdds-container-service-1.5.0-SNAPSHOT.jar:?]
	at org.apache.ratis.server.impl.RaftServerImpl.writeAsyncImpl(RaftServerImpl.java:975) ~[ratis-server-3.1.0.jar:3.1.0]
	at org.apache.ratis.server.impl.RaftServerImpl.writeAsync(RaftServerImpl.java:945) ~[ratis-server-3.1.0.jar:3.1.0]
	at org.apache.ratis.server.impl.RaftServerImpl.replyFuture(RaftServerImpl.java:937) ~[ratis-server-3.1.0.jar:3.1.0]
	at org.apache.ratis.server.impl.RaftServerImpl.submitClientRequestAsync(RaftServerImpl.java:912) ~[ratis-server-3.1.0.jar:3.1.0]
	at org.apache.ratis.server.impl.RaftServerImpl.lambda$executeSubmitClientRequestAsync$11(RaftServerImpl.java:893) ~[ratis-server-3.1.0.jar:3.1.0]
	at java.base/java.util.concurrent.CompletableFuture$AsyncSupply.run(CompletableFuture.java:1768) [?:?]
	at java.base/java.util.concurrent.ThreadPoolExecutor.runWorker(ThreadPoolExecutor.java:1136) [?:?]
	at java.base/java.util.concurrent.ThreadPoolExecutor$Worker.run(ThreadPoolExecutor.java:635) [?:?]
	at java.base/java.lang.Thread.run(Thread.java:840) [?:?]
2024-08-15 10:20:25,865 [grpc-default-executor-7] ERROR impl.OrderedAsync (OrderedAsync.java:lambda$send$4(181)) - Failed to send request, message=cmdType: PutBlock
traceID: ""
containerID: 5
datanodeUuid: "2c076085-4a54-4643-8427-8625b9ee6dbf"
putBlock {
  blockData {
    blockID {
      containerID: 5
      localID: 113750153625600005
      blockCommitSequenceId: 0
    }
    metadata {
      key: "TYPE"
      value: "KEY"
    }
    chunks {
      chunkName: "113750153625600005_chunk_1"
      offset: 0
      len: 100
      checksumData {
        type: NONE
        bytesPerChecksum: 16384
      }
    }
    chunks {
      chunkName: "113750153625600005_chunk_2"
      offset: 100
      len: 100
      checksumData {
        type: NONE
        bytesPerChecksum: 16384
      }
    }
    chunks {
      chunkName: "113750153625600005_chunk_3"
      offset: 200
      len: 100
      checksumData {
        type: NONE
        bytesPerChecksum: 16384
      }
    }
    chunks {
      chunkName: "113750153625600005_chunk_4"
      offset: 300
      len: 100
      checksumData {
        type: NONE
        bytesPerChecksum: 16384
      }
    }
    chunks {
      chunkName: "113750153625600005_chunk_5"
      offset: 400
      len: 100
      checksumData {
        type: NONE
        bytesPerChecksum: 16384
      }
    }
    chunks {
      chunkName: "113750153625600005_chunk_6"
      offset: 500
      len: 100
      checksumData {
        type: NONE
        bytesPerChecksum: 16384
      }
    }
    chunks {
      chunkName: "113750153625600005_chunk_7"
      offset: 600
      len: 100
      checksumData {
        type: NONE
        bytesPerChecksum: 16384
      }
    }
  }
  eof: false
}
version: 4
, data.size=0
java.util.concurrent.CompletionException: org.apache.ratis.protocol.exceptions.StateMachineException: org.apache.hadoop.hdds.scm.container.common.helpers.ContainerNotOpenException from Server 0825ce75-4a52-449f-9036-c8a968d40eda@group-E905553BCA68: Container 5 in CLOSED state
	at org.apache.ratis.client.impl.RaftClientImpl.handleRaftException(RaftClientImpl.java:373)
	at org.apache.ratis.client.impl.OrderedAsync.lambda$send$3(OrderedAsync.java:175)
	at java.base/java.util.concurrent.CompletableFuture$UniApply.tryFire(CompletableFuture.java:646)
	at java.base/java.util.concurrent.CompletableFuture.postComplete(CompletableFuture.java:510)
	at java.base/java.util.concurrent.CompletableFuture.complete(CompletableFuture.java:2147)
	at org.apache.ratis.client.impl.OrderedAsync$PendingOrderedRequest.setReply(OrderedAsync.java:105)
	at org.apache.ratis.client.impl.OrderedAsync$PendingOrderedRequest.setReply(OrderedAsync.java:66)
	at org.apache.ratis.util.SlidingWindow$RequestMap.setReply(SlidingWindow.java:147)
	at org.apache.ratis.util.SlidingWindow$Client.receiveReply(SlidingWindow.java:351)
	at org.apache.ratis.client.impl.OrderedAsync.lambda$sendRequestWithRetry$5(OrderedAsync.java:210)
	at java.base/java.util.concurrent.CompletableFuture$UniAccept.tryFire(CompletableFuture.java:718)
	at java.base/java.util.concurrent.CompletableFuture.postComplete(CompletableFuture.java:510)
	at java.base/java.util.concurrent.CompletableFuture.complete(CompletableFuture.java:2147)
	at org.apache.ratis.grpc.client.GrpcClientProtocolClient$AsyncStreamObservers$1.lambda$onNext$0(GrpcClientProtocolClient.java:322)
	at java.base/java.util.Optional.ifPresent(Optional.java:178)
	at org.apache.ratis.grpc.client.GrpcClientProtocolClient$AsyncStreamObservers.handleReplyFuture(GrpcClientProtocolClient.java:378)
	at org.apache.ratis.grpc.client.GrpcClientProtocolClient$AsyncStreamObservers.access$100(GrpcClientProtocolClient.java:300)
	at org.apache.ratis.grpc.client.GrpcClientProtocolClient$AsyncStreamObservers$1.onNext(GrpcClientProtocolClient.java:322)
	at org.apache.ratis.grpc.client.GrpcClientProtocolClient$AsyncStreamObservers$1.onNext(GrpcClientProtocolClient.java:305)
	at org.apache.ratis.thirdparty.io.grpc.stub.ClientCalls$StreamObserverToCallListenerAdapter.onMessage(ClientCalls.java:468)
	at org.apache.ratis.thirdparty.io.grpc.ForwardingClientCallListener.onMessage(ForwardingClientCallListener.java:33)
	at org.apache.ratis.thirdparty.io.grpc.internal.ClientCallImpl$ClientStreamListenerImpl$1MessagesAvailable.runInternal(ClientCallImpl.java:660)
	at org.apache.ratis.thirdparty.io.grpc.internal.ClientCallImpl$ClientStreamListenerImpl$1MessagesAvailable.runInContext(ClientCallImpl.java:647)
	at org.apache.ratis.thirdparty.io.grpc.internal.ContextRunnable.run(ContextRunnable.java:37)
	at org.apache.ratis.thirdparty.io.grpc.internal.SerializingExecutor.run(SerializingExecutor.java:133)
	at java.base/java.util.concurrent.ThreadPoolExecutor.runWorker(ThreadPoolExecutor.java:1136)
	at java.base/java.util.concurrent.ThreadPoolExecutor$Worker.run(ThreadPoolExecutor.java:635)
	at java.base/java.lang.Thread.run(Thread.java:840)
Caused by: org.apache.ratis.protocol.exceptions.StateMachineException: org.apache.hadoop.hdds.scm.container.common.helpers.ContainerNotOpenException from Server 0825ce75-4a52-449f-9036-c8a968d40eda@group-E905553BCA68: Container 5 in CLOSED state
	at org.apache.hadoop.ozone.container.common.impl.HddsDispatcher.validateContainerCommand(HddsDispatcher.java:569)
	at org.apache.hadoop.ozone.container.common.transport.server.ratis.ContainerStateMachine.startTransaction(ContainerStateMachine.java:426)
	at org.apache.ratis.server.impl.RaftServerImpl.writeAsyncImpl(RaftServerImpl.java:975)
	at org.apache.ratis.server.impl.RaftServerImpl.writeAsync(RaftServerImpl.java:945)
	at org.apache.ratis.server.impl.RaftServerImpl.replyFuture(RaftServerImpl.java:937)
	at org.apache.ratis.server.impl.RaftServerImpl.submitClientRequestAsync(RaftServerImpl.java:912)
	at org.apache.ratis.server.impl.RaftServerImpl.lambda$executeSubmitClientRequestAsync$11(RaftServerImpl.java:893)
	at java.base/java.util.concurrent.CompletableFuture$AsyncSupply.run(CompletableFuture.java:1768)
	... 3 more
Caused by: org.apache.hadoop.hdds.scm.container.common.helpers.ContainerNotOpenException: Container 5 in CLOSED state
	at jdk.internal.reflect.GeneratedConstructorAccessor90.newInstance(Unknown Source)
	at java.base/jdk.internal.reflect.DelegatingConstructorAccessorImpl.newInstance(DelegatingConstructorAccessorImpl.java:45)
	at java.base/java.lang.reflect.Constructor.newInstanceWithCaller(Constructor.java:500)
	at java.base/java.lang.reflect.Constructor.newInstance(Constructor.java:481)
	at org.apache.ratis.util.ReflectionUtils.instantiateException(ReflectionUtils.java:259)
	at org.apache.ratis.client.impl.ClientProtoUtils.toStateMachineException(ClientProtoUtils.java:451)
	at org.apache.ratis.client.impl.ClientProtoUtils.toStateMachineException(ClientProtoUtils.java:437)
	at org.apache.ratis.client.impl.ClientProtoUtils.toRaftClientReply(ClientProtoUtils.java:404)
	at org.apache.ratis.grpc.client.GrpcClientProtocolClient$AsyncStreamObservers$1.onNext(GrpcClientProtocolClient.java:310)
	at org.apache.ratis.grpc.client.GrpcClientProtocolClient$AsyncStreamObservers$1.onNext(GrpcClientProtocolClient.java:305)
	at org.apache.ratis.thirdparty.io.grpc.stub.ClientCalls$StreamObserverToCallListenerAdapter.onMessage(ClientCalls.java:468)
	at org.apache.ratis.thirdparty.io.grpc.ForwardingClientCallListener.onMessage(ForwardingClientCallListener.java:33)
	at org.apache.ratis.thirdparty.io.grpc.internal.ClientCallImpl$ClientStreamListenerImpl$1MessagesAvailable.runInternal(ClientCallImpl.java:660)
	at org.apache.ratis.thirdparty.io.grpc.internal.ClientCallImpl$ClientStreamListenerImpl$1MessagesAvailable.runInContext(ClientCallImpl.java:647)
	at org.apache.ratis.thirdparty.io.grpc.internal.ContextRunnable.run(ContextRunnable.java:37)
	at org.apache.ratis.thirdparty.io.grpc.internal.SerializingExecutor.run(SerializingExecutor.java:133)
	... 3 more
10:20:25.865 [0825ce75-4a52-449f-9036-c8a968d40eda-client-thread2] ERROR DNAudit - user=null | ip=null | op=PUT_BLOCK {blockData=[blockId=conID: 5 locID: 113750153625600005 bcsId: 0 replicaIndex: null, size=800]} | ret=FAILURE
org.apache.hadoop.hdds.scm.container.common.helpers.ContainerNotOpenException: Container 5 in CLOSED state
	at org.apache.hadoop.ozone.container.common.impl.HddsDispatcher.validateContainerCommand(HddsDispatcher.java:569) ~[hdds-container-service-1.5.0-SNAPSHOT.jar:?]
	at org.apache.hadoop.ozone.container.common.transport.server.ratis.ContainerStateMachine.startTransaction(ContainerStateMachine.java:426) ~[hdds-container-service-1.5.0-SNAPSHOT.jar:?]
	at org.apache.ratis.server.impl.RaftServerImpl.writeAsyncImpl(RaftServerImpl.java:975) ~[ratis-server-3.1.0.jar:3.1.0]
	at org.apache.ratis.server.impl.RaftServerImpl.writeAsync(RaftServerImpl.java:945) ~[ratis-server-3.1.0.jar:3.1.0]
	at org.apache.ratis.server.impl.RaftServerImpl.replyFuture(RaftServerImpl.java:937) ~[ratis-server-3.1.0.jar:3.1.0]
	at org.apache.ratis.server.impl.RaftServerImpl.submitClientRequestAsync(RaftServerImpl.java:912) ~[ratis-server-3.1.0.jar:3.1.0]
	at org.apache.ratis.server.impl.RaftServerImpl.lambda$executeSubmitClientRequestAsync$11(RaftServerImpl.java:893) ~[ratis-server-3.1.0.jar:3.1.0]
	at java.base/java.util.concurrent.CompletableFuture$AsyncSupply.run(CompletableFuture.java:1768) [?:?]
	at java.base/java.util.concurrent.ThreadPoolExecutor.runWorker(ThreadPoolExecutor.java:1136) [?:?]
	at java.base/java.util.concurrent.ThreadPoolExecutor$Worker.run(ThreadPoolExecutor.java:635) [?:?]
	at java.base/java.lang.Thread.run(Thread.java:840) [?:?]
2024-08-15 10:20:25,866 [grpc-default-executor-2] ERROR impl.OrderedAsync (OrderedAsync.java:lambda$send$4(181)) - Failed to send request, message=cmdType: WriteChunk
traceID: ""
containerID: 5
datanodeUuid: "2c076085-4a54-4643-8427-8625b9ee6dbf"
writeChunk {
  blockID {
    containerID: 5
    localID: 113750153625600005
    blockCommitSequenceId: 31
    replicaIndex: 0
  }
  chunkData {
    chunkName: "113750153625600005_chunk_8"
    offset: 700
    len: 100
    checksumData {
      type: NONE
      bytesPerChecksum: 16384
    }
  }
}
version: 4
, data.size=100
java.util.concurrent.CompletionException: org.apache.ratis.protocol.exceptions.StateMachineException: org.apache.hadoop.hdds.scm.container.common.helpers.ContainerNotOpenException from Server 0825ce75-4a52-449f-9036-c8a968d40eda@group-E905553BCA68: Container 5 in CLOSED state
	at org.apache.ratis.client.impl.RaftClientImpl.handleRaftException(RaftClientImpl.java:373)
	at org.apache.ratis.client.impl.OrderedAsync.lambda$send$3(OrderedAsync.java:175)
	at java.base/java.util.concurrent.CompletableFuture$UniApply.tryFire(CompletableFuture.java:646)
	at java.base/java.util.concurrent.CompletableFuture.postComplete(CompletableFuture.java:510)
	at java.base/java.util.concurrent.CompletableFuture.complete(CompletableFuture.java:2147)
	at org.apache.ratis.client.impl.OrderedAsync$PendingOrderedRequest.setReply(OrderedAsync.java:105)
	at org.apache.ratis.client.impl.OrderedAsync$PendingOrderedRequest.setReply(OrderedAsync.java:66)
	at org.apache.ratis.util.SlidingWindow$RequestMap.setReply(SlidingWindow.java:147)
	at org.apache.ratis.util.SlidingWindow$Client.receiveReply(SlidingWindow.java:351)
	at org.apache.ratis.client.impl.OrderedAsync.lambda$sendRequestWithRetry$5(OrderedAsync.java:210)
	at java.base/java.util.concurrent.CompletableFuture$UniAccept.tryFire(CompletableFuture.java:718)
	at java.base/java.util.concurrent.CompletableFuture.postComplete(CompletableFuture.java:510)
	at java.base/java.util.concurrent.CompletableFuture.complete(CompletableFuture.java:2147)
	at org.apache.ratis.grpc.client.GrpcClientProtocolClient$AsyncStreamObservers$1.lambda$onNext$0(GrpcClientProtocolClient.java:322)
	at java.base/java.util.Optional.ifPresent(Optional.java:178)
	at org.apache.ratis.grpc.client.GrpcClientProtocolClient$AsyncStreamObservers.handleReplyFuture(GrpcClientProtocolClient.java:378)
	at org.apache.ratis.grpc.client.GrpcClientProtocolClient$AsyncStreamObservers.access$100(GrpcClientProtocolClient.java:300)
	at org.apache.ratis.grpc.client.GrpcClientProtocolClient$AsyncStreamObservers$1.onNext(GrpcClientProtocolClient.java:322)
	at org.apache.ratis.grpc.client.GrpcClientProtocolClient$AsyncStreamObservers$1.onNext(GrpcClientProtocolClient.java:305)
	at org.apache.ratis.thirdparty.io.grpc.stub.ClientCalls$StreamObserverToCallListenerAdapter.onMessage(ClientCalls.java:468)
	at org.apache.ratis.thirdparty.io.grpc.ForwardingClientCallListener.onMessage(ForwardingClientCallListener.java:33)
	at org.apache.ratis.thirdparty.io.grpc.internal.ClientCallImpl$ClientStreamListenerImpl$1MessagesAvailable.runInternal(ClientCallImpl.java:660)
	at org.apache.ratis.thirdparty.io.grpc.internal.ClientCallImpl$ClientStreamListenerImpl$1MessagesAvailable.runInContext(ClientCallImpl.java:647)
	at org.apache.ratis.thirdparty.io.grpc.internal.ContextRunnable.run(ContextRunnable.java:37)
	at org.apache.ratis.thirdparty.io.grpc.internal.SerializingExecutor.run(SerializingExecutor.java:133)
	at java.base/java.util.concurrent.ThreadPoolExecutor.runWorker(ThreadPoolExecutor.java:1136)
	at java.base/java.util.concurrent.ThreadPoolExecutor$Worker.run(ThreadPoolExecutor.java:635)
	at java.base/java.lang.Thread.run(Thread.java:840)
Caused by: org.apache.ratis.protocol.exceptions.StateMachineException: org.apache.hadoop.hdds.scm.container.common.helpers.ContainerNotOpenException from Server 0825ce75-4a52-449f-9036-c8a968d40eda@group-E905553BCA68: Container 5 in CLOSED state
	at org.apache.hadoop.ozone.container.common.impl.HddsDispatcher.validateContainerCommand(HddsDispatcher.java:569)
	at org.apache.hadoop.ozone.container.common.transport.server.ratis.ContainerStateMachine.startTransaction(ContainerStateMachine.java:426)
	at org.apache.ratis.server.impl.RaftServerImpl.writeAsyncImpl(RaftServerImpl.java:975)
	at org.apache.ratis.server.impl.RaftServerImpl.writeAsync(RaftServerImpl.java:945)
	at org.apache.ratis.server.impl.RaftServerImpl.replyFuture(RaftServerImpl.java:937)
	at org.apache.ratis.server.impl.RaftServerImpl.submitClientRequestAsync(RaftServerImpl.java:912)
	at org.apache.ratis.server.impl.RaftServerImpl.lambda$executeSubmitClientRequestAsync$11(RaftServerImpl.java:893)
	at java.base/java.util.concurrent.CompletableFuture$AsyncSupply.run(CompletableFuture.java:1768)
	... 3 more
Caused by: org.apache.hadoop.hdds.scm.container.common.helpers.ContainerNotOpenException: Container 5 in CLOSED state
	at jdk.internal.reflect.GeneratedConstructorAccessor90.newInstance(Unknown Source)
	at java.base/jdk.internal.reflect.DelegatingConstructorAccessorImpl.newInstance(DelegatingConstructorAccessorImpl.java:45)
	at java.base/java.lang.reflect.Constructor.newInstanceWithCaller(Constructor.java:500)
	at java.base/java.lang.reflect.Constructor.newInstance(Constructor.java:481)
	at org.apache.ratis.util.ReflectionUtils.instantiateException(ReflectionUtils.java:259)
	at org.apache.ratis.client.impl.ClientProtoUtils.toStateMachineException(ClientProtoUtils.java:451)
	at org.apache.ratis.client.impl.ClientProtoUtils.toStateMachineException(ClientProtoUtils.java:437)
	at org.apache.ratis.client.impl.ClientProtoUtils.toRaftClientReply(ClientProtoUtils.java:404)
	at org.apache.ratis.grpc.client.GrpcClientProtocolClient$AsyncStreamObservers$1.onNext(GrpcClientProtocolClient.java:310)
	at org.apache.ratis.grpc.client.GrpcClientProtocolClient$AsyncStreamObservers$1.onNext(GrpcClientProtocolClient.java:305)
	at org.apache.ratis.thirdparty.io.grpc.stub.ClientCalls$StreamObserverToCallListenerAdapter.onMessage(ClientCalls.java:468)
	at org.apache.ratis.thirdparty.io.grpc.ForwardingClientCallListener.onMessage(ForwardingClientCallListener.java:33)
	at org.apache.ratis.thirdparty.io.grpc.internal.ClientCallImpl$ClientStreamListenerImpl$1MessagesAvailable.runInternal(ClientCallImpl.java:660)
	at org.apache.ratis.thirdparty.io.grpc.internal.ClientCallImpl$ClientStreamListenerImpl$1MessagesAvailable.runInContext(ClientCallImpl.java:647)
	at org.apache.ratis.thirdparty.io.grpc.internal.ContextRunnable.run(ContextRunnable.java:37)
	at org.apache.ratis.thirdparty.io.grpc.internal.SerializingExecutor.run(SerializingExecutor.java:133)
	... 3 more
2024-08-15 10:20:25,867 [grpc-default-executor-7] ERROR impl.OrderedAsync (OrderedAsync.java:lambda$send$4(181)) - Failed to send request, message=cmdType: PutBlock
traceID: ""
containerID: 5
datanodeUuid: "2c076085-4a54-4643-8427-8625b9ee6dbf"
putBlock {
  blockData {
    blockID {
      containerID: 5
      localID: 113750153625600005
      blockCommitSequenceId: 0
    }
    metadata {
      key: "TYPE"
      value: "KEY"
    }
    chunks {
      chunkName: "113750153625600005_chunk_1"
      offset: 0
      len: 100
      checksumData {
        type: NONE
        bytesPerChecksum: 16384
      }
    }
    chunks {
      chunkName: "113750153625600005_chunk_2"
      offset: 100
      len: 100
      checksumData {
        type: NONE
        bytesPerChecksum: 16384
      }
    }
    chunks {
      chunkName: "113750153625600005_chunk_3"
      offset: 200
      len: 100
      checksumData {
        type: NONE
        bytesPerChecksum: 16384
      }
    }
    chunks {
      chunkName: "113750153625600005_chunk_4"
      offset: 300
      len: 100
      checksumData {
        type: NONE
        bytesPerChecksum: 16384
      }
    }
    chunks {
      chunkName: "113750153625600005_chunk_5"
      offset: 400
      len: 100
      checksumData {
        type: NONE
        bytesPerChecksum: 16384
      }
    }
    chunks {
      chunkName: "113750153625600005_chunk_6"
      offset: 500
      len: 100
      checksumData {
        type: NONE
        bytesPerChecksum: 16384
      }
    }
    chunks {
      chunkName: "113750153625600005_chunk_7"
      offset: 600
      len: 100
      checksumData {
        type: NONE
        bytesPerChecksum: 16384
      }
    }
    chunks {
      chunkName: "113750153625600005_chunk_8"
      offset: 700
      len: 100
      checksumData {
        type: NONE
        bytesPerChecksum: 16384
      }
    }
  }
  eof: true
}
version: 4
, data.size=0
java.util.concurrent.CompletionException: org.apache.ratis.protocol.exceptions.StateMachineException: org.apache.hadoop.hdds.scm.container.common.helpers.ContainerNotOpenException from Server 0825ce75-4a52-449f-9036-c8a968d40eda@group-E905553BCA68: Container 5 in CLOSED state
	at org.apache.ratis.client.impl.RaftClientImpl.handleRaftException(RaftClientImpl.java:373)
	at org.apache.ratis.client.impl.OrderedAsync.lambda$send$3(OrderedAsync.java:175)
	at java.base/java.util.concurrent.CompletableFuture$UniApply.tryFire(CompletableFuture.java:646)
	at java.base/java.util.concurrent.CompletableFuture.postComplete(CompletableFuture.java:510)
	at java.base/java.util.concurrent.CompletableFuture.complete(CompletableFuture.java:2147)
	at org.apache.ratis.client.impl.OrderedAsync$PendingOrderedRequest.setReply(OrderedAsync.java:105)
	at org.apache.ratis.client.impl.OrderedAsync$PendingOrderedRequest.setReply(OrderedAsync.java:66)
	at org.apache.ratis.util.SlidingWindow$RequestMap.setReply(SlidingWindow.java:147)
	at org.apache.ratis.util.SlidingWindow$Client.receiveReply(SlidingWindow.java:351)
	at org.apache.ratis.client.impl.OrderedAsync.lambda$sendRequestWithRetry$5(OrderedAsync.java:210)
	at java.base/java.util.concurrent.CompletableFuture$UniAccept.tryFire(CompletableFuture.java:718)
	at java.base/java.util.concurrent.CompletableFuture.postComplete(CompletableFuture.java:510)
	at java.base/java.util.concurrent.CompletableFuture.complete(CompletableFuture.java:2147)
	at org.apache.ratis.grpc.client.GrpcClientProtocolClient$AsyncStreamObservers$1.lambda$onNext$0(GrpcClientProtocolClient.java:322)
	at java.base/java.util.Optional.ifPresent(Optional.java:178)
	at org.apache.ratis.grpc.client.GrpcClientProtocolClient$AsyncStreamObservers.handleReplyFuture(GrpcClientProtocolClient.java:378)
	at org.apache.ratis.grpc.client.GrpcClientProtocolClient$AsyncStreamObservers.access$100(GrpcClientProtocolClient.java:300)
	at org.apache.ratis.grpc.client.GrpcClientProtocolClient$AsyncStreamObservers$1.onNext(GrpcClientProtocolClient.java:322)
	at org.apache.ratis.grpc.client.GrpcClientProtocolClient$AsyncStreamObservers$1.onNext(GrpcClientProtocolClient.java:305)
	at org.apache.ratis.thirdparty.io.grpc.stub.ClientCalls$StreamObserverToCallListenerAdapter.onMessage(ClientCalls.java:468)
	at org.apache.ratis.thirdparty.io.grpc.ForwardingClientCallListener.onMessage(ForwardingClientCallListener.java:33)
	at org.apache.ratis.thirdparty.io.grpc.internal.ClientCallImpl$ClientStreamListenerImpl$1MessagesAvailable.runInternal(ClientCallImpl.java:660)
	at org.apache.ratis.thirdparty.io.grpc.internal.ClientCallImpl$ClientStreamListenerImpl$1MessagesAvailable.runInContext(ClientCallImpl.java:647)
	at org.apache.ratis.thirdparty.io.grpc.internal.ContextRunnable.run(ContextRunnable.java:37)
	at org.apache.ratis.thirdparty.io.grpc.internal.SerializingExecutor.run(SerializingExecutor.java:133)
	at java.base/java.util.concurrent.ThreadPoolExecutor.runWorker(ThreadPoolExecutor.java:1136)
	at java.base/java.util.concurrent.ThreadPoolExecutor$Worker.run(ThreadPoolExecutor.java:635)
	at java.base/java.lang.Thread.run(Thread.java:840)
Caused by: org.apache.ratis.protocol.exceptions.StateMachineException: org.apache.hadoop.hdds.scm.container.common.helpers.ContainerNotOpenException from Server 0825ce75-4a52-449f-9036-c8a968d40eda@group-E905553BCA68: Container 5 in CLOSED state
	at org.apache.hadoop.ozone.container.common.impl.HddsDispatcher.validateContainerCommand(HddsDispatcher.java:569)
	at org.apache.hadoop.ozone.container.common.transport.server.ratis.ContainerStateMachine.startTransaction(ContainerStateMachine.java:426)
	at org.apache.ratis.server.impl.RaftServerImpl.writeAsyncImpl(RaftServerImpl.java:975)
	at org.apache.ratis.server.impl.RaftServerImpl.writeAsync(RaftServerImpl.java:945)
	at org.apache.ratis.server.impl.RaftServerImpl.replyFuture(RaftServerImpl.java:937)
	at org.apache.ratis.server.impl.RaftServerImpl.submitClientRequestAsync(RaftServerImpl.java:912)
	at org.apache.ratis.server.impl.RaftServerImpl.lambda$executeSubmitClientRequestAsync$11(RaftServerImpl.java:893)
	at java.base/java.util.concurrent.CompletableFuture$AsyncSupply.run(CompletableFuture.java:1768)
	... 3 more
Caused by: org.apache.hadoop.hdds.scm.container.common.helpers.ContainerNotOpenException: Container 5 in CLOSED state
	at jdk.internal.reflect.GeneratedConstructorAccessor90.newInstance(Unknown Source)
	at java.base/jdk.internal.reflect.DelegatingConstructorAccessorImpl.newInstance(DelegatingConstructorAccessorImpl.java:45)
	at java.base/java.lang.reflect.Constructor.newInstanceWithCaller(Constructor.java:500)
	at java.base/java.lang.reflect.Constructor.newInstance(Constructor.java:481)
	at org.apache.ratis.util.ReflectionUtils.instantiateException(ReflectionUtils.java:259)
	at org.apache.ratis.client.impl.ClientProtoUtils.toStateMachineException(ClientProtoUtils.java:451)
	at org.apache.ratis.client.impl.ClientProtoUtils.toStateMachineException(ClientProtoUtils.java:437)
	at org.apache.ratis.client.impl.ClientProtoUtils.toRaftClientReply(ClientProtoUtils.java:404)
	at org.apache.ratis.grpc.client.GrpcClientProtocolClient$AsyncStreamObservers$1.onNext(GrpcClientProtocolClient.java:310)
	at org.apache.ratis.grpc.client.GrpcClientProtocolClient$AsyncStreamObservers$1.onNext(GrpcClientProtocolClient.java:305)
	at org.apache.ratis.thirdparty.io.grpc.stub.ClientCalls$StreamObserverToCallListenerAdapter.onMessage(ClientCalls.java:468)
	at org.apache.ratis.thirdparty.io.grpc.ForwardingClientCallListener.onMessage(ForwardingClientCallListener.java:33)
	at org.apache.ratis.thirdparty.io.grpc.internal.ClientCallImpl$ClientStreamListenerImpl$1MessagesAvailable.runInternal(ClientCallImpl.java:660)
	at org.apache.ratis.thirdparty.io.grpc.internal.ClientCallImpl$ClientStreamListenerImpl$1MessagesAvailable.runInContext(ClientCallImpl.java:647)
	at org.apache.ratis.thirdparty.io.grpc.internal.ContextRunnable.run(ContextRunnable.java:37)
	at org.apache.ratis.thirdparty.io.grpc.internal.SerializingExecutor.run(SerializingExecutor.java:133)
	... 3 more
2024-08-15 10:20:25,873 [main] INFO  scm.XceiverClientRatis (XceiverClientRatis.java:<init>(140)) - WatchType ALL_COMMITTED. Majority 2, 
2024-08-15 10:20:25,989 [EventQueue-CloseContainerForCloseContainerEventHandler] INFO  container.CloseContainerEventHandler (CloseContainerEventHandler.java:onMessage(88)) - Close container Event triggered for container : #7, current state: OPEN
2024-08-15 10:20:25,990 [EventQueue-CloseContainerForCloseContainerEventHandler] INFO  container.CloseContainerEventHandler (CloseContainerEventHandler.java:onMessage(88)) - Close container Event triggered for container : #7, current state: CLOSING
2024-08-15 10:20:25,990 [EventQueue-CloseContainerForCloseContainerEventHandler] INFO  container.CloseContainerEventHandler (CloseContainerEventHandler.java:onMessage(88)) - Close container Event triggered for container : #7, current state: CLOSING
2024-08-15 10:20:28,987 [0825ce75-4a52-449f-9036-c8a968d40eda-ContainerOp-04d0640d-02ff-45d5-b287-e905553bca68-2] INFO  keyvalue.KeyValueContainer (KeyValueContainer.java:flushAndSyncDB(529)) - Container 7 is synced with bcsId 38.
2024-08-15 10:20:28,988 [0825ce75-4a52-449f-9036-c8a968d40eda-ContainerOp-04d0640d-02ff-45d5-b287-e905553bca68-2] INFO  keyvalue.KeyValueContainer (KeyValueContainer.java:flushAndSyncDB(529)) - Container 7 is synced with bcsId 38.
2024-08-15 10:20:28,989 [298890a6-3c3b-4de0-a9db-67f24322077e-ContainerOp-04d0640d-02ff-45d5-b287-e905553bca68-1] INFO  keyvalue.KeyValueContainer (KeyValueContainer.java:flushAndSyncDB(529)) - Container 7 is synced with bcsId 38.
2024-08-15 10:20:28,989 [298890a6-3c3b-4de0-a9db-67f24322077e-ContainerOp-04d0640d-02ff-45d5-b287-e905553bca68-1] INFO  keyvalue.KeyValueContainer (KeyValueContainer.java:flushAndSyncDB(529)) - Container 7 is synced with bcsId 38.
2024-08-15 10:20:28,990 [298890a6-3c3b-4de0-a9db-67f24322077e-ContainerOp-04d0640d-02ff-45d5-b287-e905553bca68-1] INFO  keyvalue.KeyValueContainer (KeyValueContainer.java:close(444)) - Container 7 is closed with bcsId 38.
2024-08-15 10:20:28,990 [2c076085-4a54-4643-8427-8625b9ee6dbf-ContainerOp-04d0640d-02ff-45d5-b287-e905553bca68-1] INFO  keyvalue.KeyValueContainer (KeyValueContainer.java:flushAndSyncDB(529)) - Container 7 is synced with bcsId 38.
2024-08-15 10:20:28,990 [2c076085-4a54-4643-8427-8625b9ee6dbf-ContainerOp-04d0640d-02ff-45d5-b287-e905553bca68-1] INFO  keyvalue.KeyValueContainer (KeyValueContainer.java:flushAndSyncDB(529)) - Container 7 is synced with bcsId 38.
2024-08-15 10:20:28,991 [FixedThreadPoolWithAffinityExecutor-8-0] INFO  container.IncrementalContainerReportHandler (AbstractContainerReportHandler.java:updateContainerState(312)) - Moving container #7 to CLOSED state, datanode 298890a6-3c3b-4de0-a9db-67f24322077e(localhost/127.0.0.1) reported CLOSED replica with index 0.
2024-08-15 10:20:28,992 [2c076085-4a54-4643-8427-8625b9ee6dbf-ContainerOp-04d0640d-02ff-45d5-b287-e905553bca68-1] INFO  keyvalue.KeyValueContainer (KeyValueContainer.java:close(444)) - Container 7 is closed with bcsId 38.
2024-08-15 10:20:28,992 [0825ce75-4a52-449f-9036-c8a968d40eda-ContainerOp-04d0640d-02ff-45d5-b287-e905553bca68-2] INFO  keyvalue.KeyValueContainer (KeyValueContainer.java:close(444)) - Container 7 is closed with bcsId 38.
10:20:29.491 [0825ce75-4a52-449f-9036-c8a968d40eda-client-thread2] ERROR DNAudit - user=null | ip=null | op=WRITE_CHUNK {blockData=conID: 7 locID: 113750153625600007 bcsId: 38 replicaIndex: 0, blockDataSize=100} | ret=FAILURE
org.apache.hadoop.hdds.scm.container.common.helpers.ContainerNotOpenException: Container 7 in CLOSED state
	at org.apache.hadoop.ozone.container.common.impl.HddsDispatcher.validateContainerCommand(HddsDispatcher.java:569) ~[hdds-container-service-1.5.0-SNAPSHOT.jar:?]
	at org.apache.hadoop.ozone.container.common.transport.server.ratis.ContainerStateMachine.startTransaction(ContainerStateMachine.java:426) ~[hdds-container-service-1.5.0-SNAPSHOT.jar:?]
	at org.apache.ratis.server.impl.RaftServerImpl.writeAsyncImpl(RaftServerImpl.java:975) ~[ratis-server-3.1.0.jar:3.1.0]
	at org.apache.ratis.server.impl.RaftServerImpl.writeAsync(RaftServerImpl.java:945) ~[ratis-server-3.1.0.jar:3.1.0]
	at org.apache.ratis.server.impl.RaftServerImpl.replyFuture(RaftServerImpl.java:937) ~[ratis-server-3.1.0.jar:3.1.0]
	at org.apache.ratis.server.impl.RaftServerImpl.submitClientRequestAsync(RaftServerImpl.java:912) ~[ratis-server-3.1.0.jar:3.1.0]
	at org.apache.ratis.server.impl.RaftServerImpl.lambda$executeSubmitClientRequestAsync$11(RaftServerImpl.java:893) ~[ratis-server-3.1.0.jar:3.1.0]
	at java.base/java.util.concurrent.CompletableFuture$AsyncSupply.run(CompletableFuture.java:1768) [?:?]
	at java.base/java.util.concurrent.ThreadPoolExecutor.runWorker(ThreadPoolExecutor.java:1136) [?:?]
	at java.base/java.util.concurrent.ThreadPoolExecutor$Worker.run(ThreadPoolExecutor.java:635) [?:?]
	at java.base/java.lang.Thread.run(Thread.java:840) [?:?]
10:20:29.492 [0825ce75-4a52-449f-9036-c8a968d40eda-client-thread2] ERROR DNAudit - user=null | ip=null | op=WRITE_CHUNK {blockData=conID: 7 locID: 113750153625600007 bcsId: 38 replicaIndex: 0, blockDataSize=67} | ret=FAILURE
org.apache.hadoop.hdds.scm.container.common.helpers.ContainerNotOpenException: Container 7 in CLOSED state
	at org.apache.hadoop.ozone.container.common.impl.HddsDispatcher.validateContainerCommand(HddsDispatcher.java:569) ~[hdds-container-service-1.5.0-SNAPSHOT.jar:?]
	at org.apache.hadoop.ozone.container.common.transport.server.ratis.ContainerStateMachine.startTransaction(ContainerStateMachine.java:426) ~[hdds-container-service-1.5.0-SNAPSHOT.jar:?]
	at org.apache.ratis.server.impl.RaftServerImpl.writeAsyncImpl(RaftServerImpl.java:975) ~[ratis-server-3.1.0.jar:3.1.0]
	at org.apache.ratis.server.impl.RaftServerImpl.writeAsync(RaftServerImpl.java:945) ~[ratis-server-3.1.0.jar:3.1.0]
	at org.apache.ratis.server.impl.RaftServerImpl.replyFuture(RaftServerImpl.java:937) ~[ratis-server-3.1.0.jar:3.1.0]
	at org.apache.ratis.server.impl.RaftServerImpl.submitClientRequestAsync(RaftServerImpl.java:912) ~[ratis-server-3.1.0.jar:3.1.0]
	at org.apache.ratis.server.impl.RaftServerImpl.lambda$executeSubmitClientRequestAsync$11(RaftServerImpl.java:893) ~[ratis-server-3.1.0.jar:3.1.0]
	at java.base/java.util.concurrent.CompletableFuture$AsyncSupply.run(CompletableFuture.java:1768) [?:?]
	at java.base/java.util.concurrent.ThreadPoolExecutor.runWorker(ThreadPoolExecutor.java:1136) [?:?]
	at java.base/java.util.concurrent.ThreadPoolExecutor$Worker.run(ThreadPoolExecutor.java:635) [?:?]
	at java.base/java.lang.Thread.run(Thread.java:840) [?:?]
2024-08-15 10:20:29,492 [grpc-default-executor-6] ERROR impl.OrderedAsync (OrderedAsync.java:lambda$send$4(181)) - Failed to send request, message=cmdType: WriteChunk
traceID: ""
containerID: 7
datanodeUuid: "2c076085-4a54-4643-8427-8625b9ee6dbf"
writeChunk {
  blockID {
    containerID: 7
    localID: 113750153625600007
    blockCommitSequenceId: 38
    replicaIndex: 0
  }
  chunkData {
    chunkName: "113750153625600007_chunk_3"
    offset: 167
    len: 100
    checksumData {
      type: NONE
      bytesPerChecksum: 16384
    }
  }
}
version: 4
, data.size=100
java.util.concurrent.CompletionException: org.apache.ratis.protocol.exceptions.StateMachineException: org.apache.hadoop.hdds.scm.container.common.helpers.ContainerNotOpenException from Server 0825ce75-4a52-449f-9036-c8a968d40eda@group-E905553BCA68: Container 7 in CLOSED state
	at org.apache.ratis.client.impl.RaftClientImpl.handleRaftException(RaftClientImpl.java:373)
	at org.apache.ratis.client.impl.OrderedAsync.lambda$send$3(OrderedAsync.java:175)
	at java.base/java.util.concurrent.CompletableFuture$UniApply.tryFire(CompletableFuture.java:646)
	at java.base/java.util.concurrent.CompletableFuture.postComplete(CompletableFuture.java:510)
	at java.base/java.util.concurrent.CompletableFuture.complete(CompletableFuture.java:2147)
	at org.apache.ratis.client.impl.OrderedAsync$PendingOrderedRequest.setReply(OrderedAsync.java:105)
	at org.apache.ratis.client.impl.OrderedAsync$PendingOrderedRequest.setReply(OrderedAsync.java:66)
	at org.apache.ratis.util.SlidingWindow$RequestMap.setReply(SlidingWindow.java:147)
	at org.apache.ratis.util.SlidingWindow$Client.receiveReply(SlidingWindow.java:351)
	at org.apache.ratis.client.impl.OrderedAsync.lambda$sendRequestWithRetry$5(OrderedAsync.java:210)
	at java.base/java.util.concurrent.CompletableFuture$UniAccept.tryFire(CompletableFuture.java:718)
	at java.base/java.util.concurrent.CompletableFuture.postComplete(CompletableFuture.java:510)
	at java.base/java.util.concurrent.CompletableFuture.complete(CompletableFuture.java:2147)
	at org.apache.ratis.grpc.client.GrpcClientProtocolClient$AsyncStreamObservers$1.lambda$onNext$0(GrpcClientProtocolClient.java:322)
	at java.base/java.util.Optional.ifPresent(Optional.java:178)
	at org.apache.ratis.grpc.client.GrpcClientProtocolClient$AsyncStreamObservers.handleReplyFuture(GrpcClientProtocolClient.java:378)
	at org.apache.ratis.grpc.client.GrpcClientProtocolClient$AsyncStreamObservers.access$100(GrpcClientProtocolClient.java:300)
	at org.apache.ratis.grpc.client.GrpcClientProtocolClient$AsyncStreamObservers$1.onNext(GrpcClientProtocolClient.java:322)
	at org.apache.ratis.grpc.client.GrpcClientProtocolClient$AsyncStreamObservers$1.onNext(GrpcClientProtocolClient.java:305)
	at org.apache.ratis.thirdparty.io.grpc.stub.ClientCalls$StreamObserverToCallListenerAdapter.onMessage(ClientCalls.java:468)
	at org.apache.ratis.thirdparty.io.grpc.ForwardingClientCallListener.onMessage(ForwardingClientCallListener.java:33)
	at org.apache.ratis.thirdparty.io.grpc.internal.ClientCallImpl$ClientStreamListenerImpl$1MessagesAvailable.runInternal(ClientCallImpl.java:660)
	at org.apache.ratis.thirdparty.io.grpc.internal.ClientCallImpl$ClientStreamListenerImpl$1MessagesAvailable.runInContext(ClientCallImpl.java:647)
	at org.apache.ratis.thirdparty.io.grpc.internal.ContextRunnable.run(ContextRunnable.java:37)
	at org.apache.ratis.thirdparty.io.grpc.internal.SerializingExecutor.run(SerializingExecutor.java:133)
	at java.base/java.util.concurrent.ThreadPoolExecutor.runWorker(ThreadPoolExecutor.java:1136)
	at java.base/java.util.concurrent.ThreadPoolExecutor$Worker.run(ThreadPoolExecutor.java:635)
	at java.base/java.lang.Thread.run(Thread.java:840)
Caused by: org.apache.ratis.protocol.exceptions.StateMachineException: org.apache.hadoop.hdds.scm.container.common.helpers.ContainerNotOpenException from Server 0825ce75-4a52-449f-9036-c8a968d40eda@group-E905553BCA68: Container 7 in CLOSED state
	at org.apache.hadoop.ozone.container.common.impl.HddsDispatcher.validateContainerCommand(HddsDispatcher.java:569)
	at org.apache.hadoop.ozone.container.common.transport.server.ratis.ContainerStateMachine.startTransaction(ContainerStateMachine.java:426)
	at org.apache.ratis.server.impl.RaftServerImpl.writeAsyncImpl(RaftServerImpl.java:975)
	at org.apache.ratis.server.impl.RaftServerImpl.writeAsync(RaftServerImpl.java:945)
	at org.apache.ratis.server.impl.RaftServerImpl.replyFuture(RaftServerImpl.java:937)
	at org.apache.ratis.server.impl.RaftServerImpl.submitClientRequestAsync(RaftServerImpl.java:912)
	at org.apache.ratis.server.impl.RaftServerImpl.lambda$executeSubmitClientRequestAsync$11(RaftServerImpl.java:893)
	at java.base/java.util.concurrent.CompletableFuture$AsyncSupply.run(CompletableFuture.java:1768)
	... 3 more
Caused by: org.apache.hadoop.hdds.scm.container.common.helpers.ContainerNotOpenException: Container 7 in CLOSED state
	at jdk.internal.reflect.GeneratedConstructorAccessor90.newInstance(Unknown Source)
	at java.base/jdk.internal.reflect.DelegatingConstructorAccessorImpl.newInstance(DelegatingConstructorAccessorImpl.java:45)
	at java.base/java.lang.reflect.Constructor.newInstanceWithCaller(Constructor.java:500)
	at java.base/java.lang.reflect.Constructor.newInstance(Constructor.java:481)
	at org.apache.ratis.util.ReflectionUtils.instantiateException(ReflectionUtils.java:259)
	at org.apache.ratis.client.impl.ClientProtoUtils.toStateMachineException(ClientProtoUtils.java:451)
	at org.apache.ratis.client.impl.ClientProtoUtils.toStateMachineException(ClientProtoUtils.java:437)
	at org.apache.ratis.client.impl.ClientProtoUtils.toRaftClientReply(ClientProtoUtils.java:404)
	at org.apache.ratis.grpc.client.GrpcClientProtocolClient$AsyncStreamObservers$1.onNext(GrpcClientProtocolClient.java:310)
	at org.apache.ratis.grpc.client.GrpcClientProtocolClient$AsyncStreamObservers$1.onNext(GrpcClientProtocolClient.java:305)
	at org.apache.ratis.thirdparty.io.grpc.stub.ClientCalls$StreamObserverToCallListenerAdapter.onMessage(ClientCalls.java:468)
	at org.apache.ratis.thirdparty.io.grpc.ForwardingClientCallListener.onMessage(ForwardingClientCallListener.java:33)
	at org.apache.ratis.thirdparty.io.grpc.internal.ClientCallImpl$ClientStreamListenerImpl$1MessagesAvailable.runInternal(ClientCallImpl.java:660)
	at org.apache.ratis.thirdparty.io.grpc.internal.ClientCallImpl$ClientStreamListenerImpl$1MessagesAvailable.runInContext(ClientCallImpl.java:647)
	at org.apache.ratis.thirdparty.io.grpc.internal.ContextRunnable.run(ContextRunnable.java:37)
	at org.apache.ratis.thirdparty.io.grpc.internal.SerializingExecutor.run(SerializingExecutor.java:133)
	... 3 more
10:20:29.493 [0825ce75-4a52-449f-9036-c8a968d40eda-client-thread2] ERROR DNAudit - user=null | ip=null | op=PUT_BLOCK {blockData=[blockId=conID: 7 locID: 113750153625600007 bcsId: 0 replicaIndex: null, size=334]} | ret=FAILURE
org.apache.hadoop.hdds.scm.container.common.helpers.ContainerNotOpenException: Container 7 in CLOSED state
	at org.apache.hadoop.ozone.container.common.impl.HddsDispatcher.validateContainerCommand(HddsDispatcher.java:569) ~[hdds-container-service-1.5.0-SNAPSHOT.jar:?]
	at org.apache.hadoop.ozone.container.common.transport.server.ratis.ContainerStateMachine.startTransaction(ContainerStateMachine.java:426) ~[hdds-container-service-1.5.0-SNAPSHOT.jar:?]
	at org.apache.ratis.server.impl.RaftServerImpl.writeAsyncImpl(RaftServerImpl.java:975) ~[ratis-server-3.1.0.jar:3.1.0]
	at org.apache.ratis.server.impl.RaftServerImpl.writeAsync(RaftServerImpl.java:945) ~[ratis-server-3.1.0.jar:3.1.0]
	at org.apache.ratis.server.impl.RaftServerImpl.replyFuture(RaftServerImpl.java:937) ~[ratis-server-3.1.0.jar:3.1.0]
	at org.apache.ratis.server.impl.RaftServerImpl.submitClientRequestAsync(RaftServerImpl.java:912) ~[ratis-server-3.1.0.jar:3.1.0]
	at org.apache.ratis.server.impl.RaftServerImpl.lambda$executeSubmitClientRequestAsync$11(RaftServerImpl.java:893) ~[ratis-server-3.1.0.jar:3.1.0]
	at java.base/java.util.concurrent.CompletableFuture$AsyncSupply.run(CompletableFuture.java:1768) [?:?]
	at java.base/java.util.concurrent.ThreadPoolExecutor.runWorker(ThreadPoolExecutor.java:1136) [?:?]
	at java.base/java.util.concurrent.ThreadPoolExecutor$Worker.run(ThreadPoolExecutor.java:635) [?:?]
	at java.base/java.lang.Thread.run(Thread.java:840) [?:?]
2024-08-15 10:20:29,493 [grpc-default-executor-6] ERROR impl.OrderedAsync (OrderedAsync.java:lambda$send$4(181)) - Failed to send request, message=cmdType: WriteChunk
traceID: ""
containerID: 7
datanodeUuid: "2c076085-4a54-4643-8427-8625b9ee6dbf"
writeChunk {
  blockID {
    containerID: 7
    localID: 113750153625600007
    blockCommitSequenceId: 38
    replicaIndex: 0
  }
  chunkData {
    chunkName: "113750153625600007_chunk_4"
    offset: 267
    len: 67
    checksumData {
      type: NONE
      bytesPerChecksum: 16384
    }
  }
}
version: 4
, data.size=67
java.util.concurrent.CompletionException: org.apache.ratis.protocol.exceptions.StateMachineException: org.apache.hadoop.hdds.scm.container.common.helpers.ContainerNotOpenException from Server 0825ce75-4a52-449f-9036-c8a968d40eda@group-E905553BCA68: Container 7 in CLOSED state
	at org.apache.ratis.client.impl.RaftClientImpl.handleRaftException(RaftClientImpl.java:373)
	at org.apache.ratis.client.impl.OrderedAsync.lambda$send$3(OrderedAsync.java:175)
	at java.base/java.util.concurrent.CompletableFuture$UniApply.tryFire(CompletableFuture.java:646)
	at java.base/java.util.concurrent.CompletableFuture.postComplete(CompletableFuture.java:510)
	at java.base/java.util.concurrent.CompletableFuture.complete(CompletableFuture.java:2147)
	at org.apache.ratis.client.impl.OrderedAsync$PendingOrderedRequest.setReply(OrderedAsync.java:105)
	at org.apache.ratis.client.impl.OrderedAsync$PendingOrderedRequest.setReply(OrderedAsync.java:66)
	at org.apache.ratis.util.SlidingWindow$RequestMap.setReply(SlidingWindow.java:147)
	at org.apache.ratis.util.SlidingWindow$Client.receiveReply(SlidingWindow.java:351)
	at org.apache.ratis.client.impl.OrderedAsync.lambda$sendRequestWithRetry$5(OrderedAsync.java:210)
	at java.base/java.util.concurrent.CompletableFuture$UniAccept.tryFire(CompletableFuture.java:718)
	at java.base/java.util.concurrent.CompletableFuture.postComplete(CompletableFuture.java:510)
	at java.base/java.util.concurrent.CompletableFuture.complete(CompletableFuture.java:2147)
	at org.apache.ratis.grpc.client.GrpcClientProtocolClient$AsyncStreamObservers$1.lambda$onNext$0(GrpcClientProtocolClient.java:322)
	at java.base/java.util.Optional.ifPresent(Optional.java:178)
	at org.apache.ratis.grpc.client.GrpcClientProtocolClient$AsyncStreamObservers.handleReplyFuture(GrpcClientProtocolClient.java:378)
	at org.apache.ratis.grpc.client.GrpcClientProtocolClient$AsyncStreamObservers.access$100(GrpcClientProtocolClient.java:300)
	at org.apache.ratis.grpc.client.GrpcClientProtocolClient$AsyncStreamObservers$1.onNext(GrpcClientProtocolClient.java:322)
	at org.apache.ratis.grpc.client.GrpcClientProtocolClient$AsyncStreamObservers$1.onNext(GrpcClientProtocolClient.java:305)
	at org.apache.ratis.thirdparty.io.grpc.stub.ClientCalls$StreamObserverToCallListenerAdapter.onMessage(ClientCalls.java:468)
	at org.apache.ratis.thirdparty.io.grpc.ForwardingClientCallListener.onMessage(ForwardingClientCallListener.java:33)
	at org.apache.ratis.thirdparty.io.grpc.internal.ClientCallImpl$ClientStreamListenerImpl$1MessagesAvailable.runInternal(ClientCallImpl.java:660)
	at org.apache.ratis.thirdparty.io.grpc.internal.ClientCallImpl$ClientStreamListenerImpl$1MessagesAvailable.runInContext(ClientCallImpl.java:647)
	at org.apache.ratis.thirdparty.io.grpc.internal.ContextRunnable.run(ContextRunnable.java:37)
	at org.apache.ratis.thirdparty.io.grpc.internal.SerializingExecutor.run(SerializingExecutor.java:133)
	at java.base/java.util.concurrent.ThreadPoolExecutor.runWorker(ThreadPoolExecutor.java:1136)
	at java.base/java.util.concurrent.ThreadPoolExecutor$Worker.run(ThreadPoolExecutor.java:635)
	at java.base/java.lang.Thread.run(Thread.java:840)
Caused by: org.apache.ratis.protocol.exceptions.StateMachineException: org.apache.hadoop.hdds.scm.container.common.helpers.ContainerNotOpenException from Server 0825ce75-4a52-449f-9036-c8a968d40eda@group-E905553BCA68: Container 7 in CLOSED state
	at org.apache.hadoop.ozone.container.common.impl.HddsDispatcher.validateContainerCommand(HddsDispatcher.java:569)
	at org.apache.hadoop.ozone.container.common.transport.server.ratis.ContainerStateMachine.startTransaction(ContainerStateMachine.java:426)
	at org.apache.ratis.server.impl.RaftServerImpl.writeAsyncImpl(RaftServerImpl.java:975)
	at org.apache.ratis.server.impl.RaftServerImpl.writeAsync(RaftServerImpl.java:945)
	at org.apache.ratis.server.impl.RaftServerImpl.replyFuture(RaftServerImpl.java:937)
	at org.apache.ratis.server.impl.RaftServerImpl.submitClientRequestAsync(RaftServerImpl.java:912)
	at org.apache.ratis.server.impl.RaftServerImpl.lambda$executeSubmitClientRequestAsync$11(RaftServerImpl.java:893)
	at java.base/java.util.concurrent.CompletableFuture$AsyncSupply.run(CompletableFuture.java:1768)
	... 3 more
Caused by: org.apache.hadoop.hdds.scm.container.common.helpers.ContainerNotOpenException: Container 7 in CLOSED state
	at jdk.internal.reflect.GeneratedConstructorAccessor90.newInstance(Unknown Source)
	at java.base/jdk.internal.reflect.DelegatingConstructorAccessorImpl.newInstance(DelegatingConstructorAccessorImpl.java:45)
	at java.base/java.lang.reflect.Constructor.newInstanceWithCaller(Constructor.java:500)
	at java.base/java.lang.reflect.Constructor.newInstance(Constructor.java:481)
	at org.apache.ratis.util.ReflectionUtils.instantiateException(ReflectionUtils.java:259)
	at org.apache.ratis.client.impl.ClientProtoUtils.toStateMachineException(ClientProtoUtils.java:451)
	at org.apache.ratis.client.impl.ClientProtoUtils.toStateMachineException(ClientProtoUtils.java:437)
	at org.apache.ratis.client.impl.ClientProtoUtils.toRaftClientReply(ClientProtoUtils.java:404)
	at org.apache.ratis.grpc.client.GrpcClientProtocolClient$AsyncStreamObservers$1.onNext(GrpcClientProtocolClient.java:310)
	at org.apache.ratis.grpc.client.GrpcClientProtocolClient$AsyncStreamObservers$1.onNext(GrpcClientProtocolClient.java:305)
	at org.apache.ratis.thirdparty.io.grpc.stub.ClientCalls$StreamObserverToCallListenerAdapter.onMessage(ClientCalls.java:468)
	at org.apache.ratis.thirdparty.io.grpc.ForwardingClientCallListener.onMessage(ForwardingClientCallListener.java:33)
	at org.apache.ratis.thirdparty.io.grpc.internal.ClientCallImpl$ClientStreamListenerImpl$1MessagesAvailable.runInternal(ClientCallImpl.java:660)
	at org.apache.ratis.thirdparty.io.grpc.internal.ClientCallImpl$ClientStreamListenerImpl$1MessagesAvailable.runInContext(ClientCallImpl.java:647)
	at org.apache.ratis.thirdparty.io.grpc.internal.ContextRunnable.run(ContextRunnable.java:37)
	at org.apache.ratis.thirdparty.io.grpc.internal.SerializingExecutor.run(SerializingExecutor.java:133)
	... 3 more
2024-08-15 10:20:29,494 [grpc-default-executor-2] ERROR impl.OrderedAsync (OrderedAsync.java:lambda$send$4(181)) - Failed to send request, message=cmdType: PutBlock
traceID: ""
containerID: 7
datanodeUuid: "2c076085-4a54-4643-8427-8625b9ee6dbf"
putBlock {
  blockData {
    blockID {
      containerID: 7
      localID: 113750153625600007
      blockCommitSequenceId: 0
    }
    metadata {
      key: "TYPE"
      value: "KEY"
    }
    chunks {
      chunkName: "113750153625600007_chunk_1"
      offset: 0
      len: 100
      checksumData {
        type: NONE
        bytesPerChecksum: 16384
      }
    }
    chunks {
      chunkName: "113750153625600007_chunk_2"
      offset: 100
      len: 67
      checksumData {
        type: NONE
        bytesPerChecksum: 16384
      }
    }
    chunks {
      chunkName: "113750153625600007_chunk_3"
      offset: 167
      len: 100
      checksumData {
        type: NONE
        bytesPerChecksum: 16384
      }
    }
    chunks {
      chunkName: "113750153625600007_chunk_4"
      offset: 267
      len: 67
      checksumData {
        type: NONE
        bytesPerChecksum: 16384
      }
    }
  }
  eof: true
}
version: 4
, data.size=0
java.util.concurrent.CompletionException: org.apache.ratis.protocol.exceptions.StateMachineException: org.apache.hadoop.hdds.scm.container.common.helpers.ContainerNotOpenException from Server 0825ce75-4a52-449f-9036-c8a968d40eda@group-E905553BCA68: Container 7 in CLOSED state
	at org.apache.ratis.client.impl.RaftClientImpl.handleRaftException(RaftClientImpl.java:373)
	at org.apache.ratis.client.impl.OrderedAsync.lambda$send$3(OrderedAsync.java:175)
	at java.base/java.util.concurrent.CompletableFuture$UniApply.tryFire(CompletableFuture.java:646)
	at java.base/java.util.concurrent.CompletableFuture.postComplete(CompletableFuture.java:510)
	at java.base/java.util.concurrent.CompletableFuture.complete(CompletableFuture.java:2147)
	at org.apache.ratis.client.impl.OrderedAsync$PendingOrderedRequest.setReply(OrderedAsync.java:105)
	at org.apache.ratis.client.impl.OrderedAsync$PendingOrderedRequest.setReply(OrderedAsync.java:66)
	at org.apache.ratis.util.SlidingWindow$RequestMap.setReply(SlidingWindow.java:147)
	at org.apache.ratis.util.SlidingWindow$Client.receiveReply(SlidingWindow.java:351)
	at org.apache.ratis.client.impl.OrderedAsync.lambda$sendRequestWithRetry$5(OrderedAsync.java:210)
	at java.base/java.util.concurrent.CompletableFuture$UniAccept.tryFire(CompletableFuture.java:718)
	at java.base/java.util.concurrent.CompletableFuture.postComplete(CompletableFuture.java:510)
	at java.base/java.util.concurrent.CompletableFuture.complete(CompletableFuture.java:2147)
	at org.apache.ratis.grpc.client.GrpcClientProtocolClient$AsyncStreamObservers$1.lambda$onNext$0(GrpcClientProtocolClient.java:322)
	at java.base/java.util.Optional.ifPresent(Optional.java:178)
	at org.apache.ratis.grpc.client.GrpcClientProtocolClient$AsyncStreamObservers.handleReplyFuture(GrpcClientProtocolClient.java:378)
	at org.apache.ratis.grpc.client.GrpcClientProtocolClient$AsyncStreamObservers.access$100(GrpcClientProtocolClient.java:300)
	at org.apache.ratis.grpc.client.GrpcClientProtocolClient$AsyncStreamObservers$1.onNext(GrpcClientProtocolClient.java:322)
	at org.apache.ratis.grpc.client.GrpcClientProtocolClient$AsyncStreamObservers$1.onNext(GrpcClientProtocolClient.java:305)
	at org.apache.ratis.thirdparty.io.grpc.stub.ClientCalls$StreamObserverToCallListenerAdapter.onMessage(ClientCalls.java:468)
	at org.apache.ratis.thirdparty.io.grpc.ForwardingClientCallListener.onMessage(ForwardingClientCallListener.java:33)
	at org.apache.ratis.thirdparty.io.grpc.internal.ClientCallImpl$ClientStreamListenerImpl$1MessagesAvailable.runInternal(ClientCallImpl.java:660)
	at org.apache.ratis.thirdparty.io.grpc.internal.ClientCallImpl$ClientStreamListenerImpl$1MessagesAvailable.runInContext(ClientCallImpl.java:647)
	at org.apache.ratis.thirdparty.io.grpc.internal.ContextRunnable.run(ContextRunnable.java:37)
	at org.apache.ratis.thirdparty.io.grpc.internal.SerializingExecutor.run(SerializingExecutor.java:133)
	at java.base/java.util.concurrent.ThreadPoolExecutor.runWorker(ThreadPoolExecutor.java:1136)
	at java.base/java.util.concurrent.ThreadPoolExecutor$Worker.run(ThreadPoolExecutor.java:635)
	at java.base/java.lang.Thread.run(Thread.java:840)
Caused by: org.apache.ratis.protocol.exceptions.StateMachineException: org.apache.hadoop.hdds.scm.container.common.helpers.ContainerNotOpenException from Server 0825ce75-4a52-449f-9036-c8a968d40eda@group-E905553BCA68: Container 7 in CLOSED state
	at org.apache.hadoop.ozone.container.common.impl.HddsDispatcher.validateContainerCommand(HddsDispatcher.java:569)
	at org.apache.hadoop.ozone.container.common.transport.server.ratis.ContainerStateMachine.startTransaction(ContainerStateMachine.java:426)
	at org.apache.ratis.server.impl.RaftServerImpl.writeAsyncImpl(RaftServerImpl.java:975)
	at org.apache.ratis.server.impl.RaftServerImpl.writeAsync(RaftServerImpl.java:945)
	at org.apache.ratis.server.impl.RaftServerImpl.replyFuture(RaftServerImpl.java:937)
	at org.apache.ratis.server.impl.RaftServerImpl.submitClientRequestAsync(RaftServerImpl.java:912)
	at org.apache.ratis.server.impl.RaftServerImpl.lambda$executeSubmitClientRequestAsync$11(RaftServerImpl.java:893)
	at java.base/java.util.concurrent.CompletableFuture$AsyncSupply.run(CompletableFuture.java:1768)
	... 3 more
Caused by: org.apache.hadoop.hdds.scm.container.common.helpers.ContainerNotOpenException: Container 7 in CLOSED state
	at jdk.internal.reflect.GeneratedConstructorAccessor90.newInstance(Unknown Source)
	at java.base/jdk.internal.reflect.DelegatingConstructorAccessorImpl.newInstance(DelegatingConstructorAccessorImpl.java:45)
	at java.base/java.lang.reflect.Constructor.newInstanceWithCaller(Constructor.java:500)
	at java.base/java.lang.reflect.Constructor.newInstance(Constructor.java:481)
	at org.apache.ratis.util.ReflectionUtils.instantiateException(ReflectionUtils.java:259)
	at org.apache.ratis.client.impl.ClientProtoUtils.toStateMachineException(ClientProtoUtils.java:451)
	at org.apache.ratis.client.impl.ClientProtoUtils.toStateMachineException(ClientProtoUtils.java:437)
	at org.apache.ratis.client.impl.ClientProtoUtils.toRaftClientReply(ClientProtoUtils.java:404)
	at org.apache.ratis.grpc.client.GrpcClientProtocolClient$AsyncStreamObservers$1.onNext(GrpcClientProtocolClient.java:310)
	at org.apache.ratis.grpc.client.GrpcClientProtocolClient$AsyncStreamObservers$1.onNext(GrpcClientProtocolClient.java:305)
	at org.apache.ratis.thirdparty.io.grpc.stub.ClientCalls$StreamObserverToCallListenerAdapter.onMessage(ClientCalls.java:468)
	at org.apache.ratis.thirdparty.io.grpc.ForwardingClientCallListener.onMessage(ForwardingClientCallListener.java:33)
	at org.apache.ratis.thirdparty.io.grpc.internal.ClientCallImpl$ClientStreamListenerImpl$1MessagesAvailable.runInternal(ClientCallImpl.java:660)
	at org.apache.ratis.thirdparty.io.grpc.internal.ClientCallImpl$ClientStreamListenerImpl$1MessagesAvailable.runInContext(ClientCallImpl.java:647)
	at org.apache.ratis.thirdparty.io.grpc.internal.ContextRunnable.run(ContextRunnable.java:37)
	at org.apache.ratis.thirdparty.io.grpc.internal.SerializingExecutor.run(SerializingExecutor.java:133)
	... 3 more
2024-08-15 10:20:29,502 [main] INFO  scm.XceiverClientRatis (XceiverClientRatis.java:<init>(140)) - WatchType ALL_COMMITTED. Majority 2, 
2024-08-15 10:20:29,543 [main] INFO  ozone.MiniOzoneClusterImpl (MiniOzoneClusterImpl.java:shutdown(410)) - Shutting down the Mini Ozone Cluster
2024-08-15 10:20:29,544 [main] INFO  db.CodecTestUtil (CodecTestUtil.java:gc(50)) - gc 0
]]></system-out>
  </testcase>
</testsuite>