<?xml version="1.0" encoding="UTF-8"?>
<testsuite xmlns:xsi="http://www.w3.org/2001/XMLSchema-instance" xsi:noNamespaceSchemaLocation="https://maven.apache.org/surefire/maven-surefire-plugin/xsd/surefire-test-report.xsd" name="org.apache.hadoop.ozone.client.rpc.TestDeleteWithSlowFollower" time="41.682" tests="1" errors="0" skipped="0" failures="1">
  <properties>
    <property name="awt.toolkit" value="sun.awt.X11.XToolkit"/>
    <property name="file.encoding.pkg" value="sun.io"/>
    <property name="java.specification.version" value="1.8"/>
    <property name="sun.cpu.isalist" value=""/>
    <property name="sun.jnu.encoding" value="UTF-8"/>
    <property name="java.class.path" value="/home/runner/work/ozone/ozone/hadoop-ozone/integration-test/target/test-classes:/home/runner/work/ozone/ozone/hadoop-ozone/integration-test/target/classes:/home/runner/.m2/repository/org/apache/ozone/ozone-common/1.2.0-SNAPSHOT/ozone-common-1.2.0-SNAPSHOT.jar:/home/runner/.m2/repository/org/apache/commons/commons-compress/1.20/commons-compress-1.20.jar:/home/runner/.m2/repository/org/apache/ozone/hdds-common/1.2.0-SNAPSHOT/hdds-common-1.2.0-SNAPSHOT.jar:/home/runner/.m2/repository/org/apache/ozone/hdds-client/1.2.0-SNAPSHOT/hdds-client-1.2.0-SNAPSHOT.jar:/home/runner/.m2/repository/org/apache/ozone/ozone-interface-client/1.2.0-SNAPSHOT/ozone-interface-client-1.2.0-SNAPSHOT.jar:/home/runner/.m2/repository/org/apache/ozone/hdds-server-framework/1.2.0-SNAPSHOT/hdds-server-framework-1.2.0-SNAPSHOT.jar:/home/runner/.m2/repository/org/apache/ozone/hdds-interface-server/1.2.0-SNAPSHOT/hdds-interface-server-1.2.0-SNAPSHOT.jar:/home/runner/.m2/repository/org/eclipse/jetty/jetty-servlet/9.4.43.v20210629/jetty-servlet-9.4.43.v20210629.jar:/home/runner/.m2/repository/org/eclipse/jetty/jetty-security/9.4.43.v20210629/jetty-security-9.4.43.v20210629.jar:/home/runner/.m2/repository/org/rocksdb/rocksdbjni/6.20.3/rocksdbjni-6.20.3.jar:/home/runner/.m2/repository/io/prometheus/simpleclient_dropwizard/0.7.0/simpleclient_dropwizard-0.7.0.jar:/home/runner/.m2/repository/io/prometheus/simpleclient/0.7.0/simpleclient-0.7.0.jar:/home/runner/.m2/repository/io/prometheus/simpleclient_common/0.7.0/simpleclient_common-0.7.0.jar:/home/runner/.m2/repository/com/fasterxml/jackson/datatype/jackson-datatype-jsr310/2.12.1/jackson-datatype-jsr310-2.12.1.jar:/home/runner/.m2/repository/org/apache/ozone/hdds-test-utils/1.2.0-SNAPSHOT/hdds-test-utils-1.2.0-SNAPSHOT.jar:/home/runner/.m2/repository/com/google/guava/guava/30.1.1-jre/guava-30.1.1-jre.jar:/home/runner/.m2/repository/com/google/guava/failureaccess/1.0.1/failureaccess-1.0.1.jar:/home/runner/.m2/repository/com/google/guava/listenablefuture/9999.0-empty-to-avoid-conflict-with-guava/listenablefuture-9999.0-empty-to-avoid-conflict-with-guava.jar:/home/runner/.m2/repository/com/google/code/findbugs/jsr305/3.0.0/jsr305-3.0.0.jar:/home/runner/.m2/repository/org/checkerframework/checker-qual/3.8.0/checker-qual-3.8.0.jar:/home/runner/.m2/repository/com/google/errorprone/error_prone_annotations/2.2.0/error_prone_annotations-2.2.0.jar:/home/runner/.m2/repository/com/google/j2objc/j2objc-annotations/1.3/j2objc-annotations-1.3.jar:/home/runner/.m2/repository/commons-io/commons-io/2.8.0/commons-io-2.8.0.jar:/home/runner/.m2/repository/commons-logging/commons-logging/1.2/commons-logging-1.2.jar:/home/runner/.m2/repository/log4j/log4j/1.2.17/log4j-1.2.17.jar:/home/runner/.m2/repository/org/slf4j/slf4j-api/1.7.30/slf4j-api-1.7.30.jar:/home/runner/.m2/repository/org/apache/ozone/hdds-server-scm/1.2.0-SNAPSHOT/hdds-server-scm-1.2.0-SNAPSHOT.jar:/home/runner/.m2/repository/org/apache/ozone/hdds-container-service/1.2.0-SNAPSHOT/hdds-container-service-1.2.0-SNAPSHOT.jar:/home/runner/.m2/repository/org/apache/ozone/hdds-hadoop-dependency-server/1.2.0-SNAPSHOT/hdds-hadoop-dependency-server-1.2.0-SNAPSHOT.jar:/home/runner/.m2/repository/org/apache/hadoop/hadoop-hdfs/3.3.1/hadoop-hdfs-3.3.1.jar:/home/runner/.m2/repository/io/dropwizard/metrics/metrics-core/3.2.4/metrics-core-3.2.4.jar:/home/runner/.m2/repository/org/apache/hadoop/hadoop-hdfs-client/3.3.1/hadoop-hdfs-client-3.3.1.jar:/home/runner/.m2/repository/org/bouncycastle/bcprov-jdk15on/1.67/bcprov-jdk15on-1.67.jar:/home/runner/.m2/repository/com/google/protobuf/protobuf-java/2.5.0/protobuf-java-2.5.0.jar:/home/runner/.m2/repository/org/apache/ozone/ozone-manager/1.2.0-SNAPSHOT/ozone-manager-1.2.0-SNAPSHOT.jar:/home/runner/.m2/repository/org/aspectj/aspectjrt/1.8.9/aspectjrt-1.8.9.jar:/home/runner/.m2/repository/org/aspectj/aspectjweaver/1.8.9/aspectjweaver-1.8.9.jar:/home/runner/.m2/repository/org/apache/ozone/hdds-interface-client/1.2.0-SNAPSHOT/hdds-interface-client-1.2.0-SNAPSHOT.jar:/home/runner/.m2/repository/org/apache/hadoop/thirdparty/hadoop-shaded-protobuf_3_7/1.1.1/hadoop-shaded-protobuf_3_7-1.1.1.jar:/home/runner/.m2/repository/org/apache/ozone/ozone-interface-storage/1.2.0-SNAPSHOT/ozone-interface-storage-1.2.0-SNAPSHOT.jar:/home/runner/.m2/repository/org/reflections/reflections/0.9.11/reflections-0.9.11.jar:/home/runner/.m2/repository/org/apache/hadoop/hadoop-minikdc/3.3.1/hadoop-minikdc-3.3.1.jar:/home/runner/.m2/repository/org/apache/kerby/kerb-simplekdc/1.0.1/kerb-simplekdc-1.0.1.jar:/home/runner/.m2/repository/org/apache/kerby/kerb-client/1.0.1/kerb-client-1.0.1.jar:/home/runner/.m2/repository/org/apache/kerby/kerby-config/1.0.1/kerby-config-1.0.1.jar:/home/runner/.m2/repository/org/apache/kerby/kerb-common/1.0.1/kerb-common-1.0.1.jar:/home/runner/.m2/repository/org/apache/kerby/kerb-crypto/1.0.1/kerb-crypto-1.0.1.jar:/home/runner/.m2/repository/org/apache/kerby/kerb-util/1.0.1/kerb-util-1.0.1.jar:/home/runner/.m2/repository/org/apache/kerby/token-provider/1.0.1/token-provider-1.0.1.jar:/home/runner/.m2/repository/org/apache/kerby/kerb-admin/1.0.1/kerb-admin-1.0.1.jar:/home/runner/.m2/repository/org/apache/kerby/kerb-server/1.0.1/kerb-server-1.0.1.jar:/home/runner/.m2/repository/org/apache/kerby/kerb-identity/1.0.1/kerb-identity-1.0.1.jar:/home/runner/.m2/repository/org/apache/kerby/kerby-xdr/1.0.1/kerby-xdr-1.0.1.jar:/home/runner/.m2/repository/org/slf4j/slf4j-log4j12/1.7.30/slf4j-log4j12-1.7.30.jar:/home/runner/.m2/repository/org/apache/ozone/ozone-s3gateway/1.2.0-SNAPSHOT/ozone-s3gateway-1.2.0-SNAPSHOT.jar:/home/runner/.m2/repository/org/javassist/javassist/3.21.0-GA/javassist-3.21.0-GA.jar:/home/runner/.m2/repository/org/jboss/weld/servlet/weld-servlet/2.4.7.Final/weld-servlet-2.4.7.Final.jar:/home/runner/.m2/repository/org/glassfish/jersey/containers/jersey-container-servlet-core/2.33/jersey-container-servlet-core-2.33.jar:/home/runner/.m2/repository/org/glassfish/hk2/external/jakarta.inject/2.6.1/jakarta.inject-2.6.1.jar:/home/runner/.m2/repository/org/glassfish/jersey/core/jersey-common/2.33/jersey-common-2.33.jar:/home/runner/.m2/repository/jakarta/ws/rs/jakarta.ws.rs-api/2.1.6/jakarta.ws.rs-api-2.1.6.jar:/home/runner/.m2/repository/org/glassfish/jersey/ext/cdi/jersey-cdi1x/2.33/jersey-cdi1x-2.33.jar:/home/runner/.m2/repository/org/glassfish/jersey/inject/jersey-hk2/2.33/jersey-hk2-2.33.jar:/home/runner/.m2/repository/org/glassfish/hk2/hk2-locator/2.6.1/hk2-locator-2.6.1.jar:/home/runner/.m2/repository/org/glassfish/jersey/media/jersey-media-jaxb/2.33/jersey-media-jaxb-2.33.jar:/home/runner/.m2/repository/org/glassfish/hk2/osgi-resource-locator/1.0.3/osgi-resource-locator-1.0.3.jar:/home/runner/.m2/repository/org/glassfish/hk2/hk2-api/2.5.0/hk2-api-2.5.0.jar:/home/runner/.m2/repository/org/glassfish/hk2/hk2-utils/2.5.0/hk2-utils-2.5.0.jar:/home/runner/.m2/repository/org/glassfish/hk2/external/aopalliance-repackaged/2.5.0/aopalliance-repackaged-2.5.0.jar:/home/runner/.m2/repository/com/fasterxml/jackson/dataformat/jackson-dataformat-xml/2.12.1/jackson-dataformat-xml-2.12.1.jar:/home/runner/.m2/repository/com/fasterxml/jackson/core/jackson-core/2.12.1/jackson-core-2.12.1.jar:/home/runner/.m2/repository/com/fasterxml/jackson/module/jackson-module-jaxb-annotations/2.12.1/jackson-module-jaxb-annotations-2.12.1.jar:/home/runner/.m2/repository/jakarta/xml/bind/jakarta.xml.bind-api/2.3.2/jakarta.xml.bind-api-2.3.2.jar:/home/runner/.m2/repository/org/codehaus/woodstox/stax2-api/3.1.4/stax2-api-3.1.4.jar:/home/runner/.m2/repository/com/fasterxml/woodstox/woodstox-core/5.0.3/woodstox-core-5.0.3.jar:/home/runner/.m2/repository/javax/enterprise/cdi-api/1.2/cdi-api-1.2.jar:/home/runner/.m2/repository/javax/el/javax.el-api/3.0.0/javax.el-api-3.0.0.jar:/home/runner/.m2/repository/javax/interceptor/javax.interceptor-api/1.2/javax.interceptor-api-1.2.jar:/home/runner/.m2/repository/javax/inject/javax.inject/1/javax.inject-1.jar:/home/runner/.m2/repository/javax/xml/bind/jaxb-api/2.3.0/jaxb-api-2.3.0.jar:/home/runner/.m2/repository/org/glassfish/jaxb/jaxb-runtime/2.3.0.1/jaxb-runtime-2.3.0.1.jar:/home/runner/.m2/repository/org/glassfish/jaxb/jaxb-core/2.3.0.1/jaxb-core-2.3.0.1.jar:/home/runner/.m2/repository/org/glassfish/jaxb/txw2/2.3.0.1/txw2-2.3.0.1.jar:/home/runner/.m2/repository/com/sun/istack/istack-commons-runtime/3.0.5/istack-commons-runtime-3.0.5.jar:/home/runner/.m2/repository/org/jvnet/staxex/stax-ex/1.7.8/stax-ex-1.7.8.jar:/home/runner/.m2/repository/com/sun/xml/fastinfoset/FastInfoset/1.2.13/FastInfoset-1.2.13.jar:/home/runner/.m2/repository/javax/activation/activation/1.1.1/activation-1.1.1.jar:/home/runner/.m2/repository/org/apache/ozone/ozone-csi/1.2.0-SNAPSHOT/ozone-csi-1.2.0-SNAPSHOT.jar:/home/runner/.m2/repository/com/google/protobuf/protobuf-java-util/3.12.0/protobuf-java-util-3.12.0.jar:/home/runner/.m2/repository/com/google/code/gson/gson/2.2.4/gson-2.2.4.jar:/home/runner/.m2/repository/org/apache/ozone/hdds-config/1.2.0-SNAPSHOT/hdds-config-1.2.0-SNAPSHOT.jar:/home/runner/.m2/repository/io/grpc/grpc-netty/1.33.0/grpc-netty-1.33.0.jar:/home/runner/.m2/repository/io/grpc/grpc-core/1.33.0/grpc-core-1.33.0.jar:/home/runner/.m2/repository/com/google/android/annotations/4.1.1.4/annotations-4.1.1.4.jar:/home/runner/.m2/repository/io/netty/netty-codec-http2/4.1.63.Final/netty-codec-http2-4.1.63.Final.jar:/home/runner/.m2/repository/io/netty/netty-codec-http/4.1.63.Final/netty-codec-http-4.1.63.Final.jar:/home/runner/.m2/repository/io/netty/netty-handler-proxy/4.1.63.Final/netty-handler-proxy-4.1.63.Final.jar:/home/runner/.m2/repository/io/netty/netty-codec-socks/4.1.63.Final/netty-codec-socks-4.1.63.Final.jar:/home/runner/.m2/repository/io/perfmark/perfmark-api/0.19.0/perfmark-api-0.19.0.jar:/home/runner/.m2/repository/org/codehaus/mojo/animal-sniffer-annotations/1.18/animal-sniffer-annotations-1.18.jar:/home/runner/.m2/repository/io/netty/netty-transport-native-epoll/4.1.63.Final/netty-transport-native-epoll-4.1.63.Final.jar:/home/runner/.m2/repository/io/netty/netty-common/4.1.63.Final/netty-common-4.1.63.Final.jar:/home/runner/.m2/repository/io/netty/netty-buffer/4.1.63.Final/netty-buffer-4.1.63.Final.jar:/home/runner/.m2/repository/io/netty/netty-transport-native-unix-common/4.1.63.Final/netty-transport-native-unix-common-4.1.63.Final.jar:/home/runner/.m2/repository/io/grpc/grpc-protobuf/1.33.0/grpc-protobuf-1.33.0.jar:/home/runner/.m2/repository/io/grpc/grpc-api/1.33.0/grpc-api-1.33.0.jar:/home/runner/.m2/repository/io/grpc/grpc-context/1.33.0/grpc-context-1.33.0.jar:/home/runner/.m2/repository/com/google/api/grpc/proto-google-common-protos/1.17.0/proto-google-common-protos-1.17.0.jar:/home/runner/.m2/repository/io/grpc/grpc-protobuf-lite/1.33.0/grpc-protobuf-lite-1.33.0.jar:/home/runner/.m2/repository/io/grpc/grpc-stub/1.33.0/grpc-stub-1.33.0.jar:/home/runner/.m2/repository/org/apache/ozone/ozone-recon/1.2.0-SNAPSHOT/ozone-recon-1.2.0-SNAPSHOT.jar:/home/runner/.m2/repository/org/apache/ozone/ozone-reconcodegen/1.2.0-SNAPSHOT/ozone-reconcodegen-1.2.0-SNAPSHOT.jar:/home/runner/.m2/repository/com/google/inject/extensions/guice-multibindings/4.0/guice-multibindings-4.0.jar:/home/runner/.m2/repository/com/google/inject/guice/4.0/guice-4.0.jar:/home/runner/.m2/repository/aopalliance/aopalliance/1.0/aopalliance-1.0.jar:/home/runner/.m2/repository/com/google/inject/extensions/guice-assistedinject/4.0/guice-assistedinject-4.0.jar:/home/runner/.m2/repository/com/google/inject/extensions/guice-servlet/4.0/guice-servlet-4.0.jar:/home/runner/.m2/repository/org/glassfish/jersey/containers/jersey-container-servlet/2.33/jersey-container-servlet-2.33.jar:/home/runner/.m2/repository/org/glassfish/hk2/guice-bridge/2.5.0/guice-bridge-2.5.0.jar:/home/runner/.m2/repository/org/glassfish/jersey/core/jersey-server/2.33/jersey-server-2.33.jar:/home/runner/.m2/repository/org/glassfish/jersey/core/jersey-client/2.33/jersey-client-2.33.jar:/home/runner/.m2/repository/jakarta/annotation/jakarta.annotation-api/1.3.5/jakarta.annotation-api-1.3.5.jar:/home/runner/.m2/repository/jakarta/validation/jakarta.validation-api/2.0.2/jakarta.validation-api-2.0.2.jar:/home/runner/.m2/repository/org/glassfish/jersey/media/jersey-media-json-jackson/2.33/jersey-media-json-jackson-2.33.jar:/home/runner/.m2/repository/org/glassfish/jersey/ext/jersey-entity-filtering/2.33/jersey-entity-filtering-2.33.jar:/home/runner/.m2/repository/org/jooq/jooq/3.11.10/jooq-3.11.10.jar:/home/runner/.m2/repository/org/jooq/jooq-meta/3.11.10/jooq-meta-3.11.10.jar:/home/runner/.m2/repository/org/jooq/jooq-codegen/3.11.10/jooq-codegen-3.11.10.jar:/home/runner/.m2/repository/com/jolbox/bonecp/0.8.0.RELEASE/bonecp-0.8.0.RELEASE.jar:/home/runner/.m2/repository/org/apache/derby/derby/10.14.2.0/derby-10.14.2.0.jar:/home/runner/.m2/repository/org/xerial/sqlite-jdbc/3.25.2/sqlite-jdbc-3.25.2.jar:/home/runner/.m2/repository/org/springframework/spring-jdbc/5.2.11.RELEASE/spring-jdbc-5.2.11.RELEASE.jar:/home/runner/.m2/repository/org/springframework/spring-beans/5.2.11.RELEASE/spring-beans-5.2.11.RELEASE.jar:/home/runner/.m2/repository/org/springframework/spring-core/5.2.11.RELEASE/spring-core-5.2.11.RELEASE.jar:/home/runner/.m2/repository/org/springframework/spring-jcl/5.2.11.RELEASE/spring-jcl-5.2.11.RELEASE.jar:/home/runner/.m2/repository/org/springframework/spring-tx/5.2.11.RELEASE/spring-tx-5.2.11.RELEASE.jar:/home/runner/.m2/repository/org/apache/ozone/ozone-client/1.2.0-SNAPSHOT/ozone-client-1.2.0-SNAPSHOT.jar:/home/runner/.m2/repository/org/apache/ozone/ozone-filesystem/1.2.0-SNAPSHOT/ozone-filesystem-1.2.0-SNAPSHOT.jar:/home/runner/.m2/repository/org/apache/ozone/ozone-filesystem-common/1.2.0-SNAPSHOT/ozone-filesystem-common-1.2.0-SNAPSHOT.jar:/home/runner/.m2/repository/org/apache/ozone/ozone-tools/1.2.0-SNAPSHOT/ozone-tools-1.2.0-SNAPSHOT.jar:/home/runner/.m2/repository/org/apache/ratis/ratis-tools/2.1.0-03f3b68-SNAPSHOT/ratis-tools-2.1.0-03f3b68-SNAPSHOT.jar:/home/runner/.m2/repository/com/amazonaws/aws-java-sdk-core/1.11.901/aws-java-sdk-core-1.11.901.jar:/home/runner/.m2/repository/org/apache/httpcomponents/httpclient/4.5.13/httpclient-4.5.13.jar:/home/runner/.m2/repository/org/apache/httpcomponents/httpcore/4.4.13/httpcore-4.4.13.jar:/home/runner/.m2/repository/software/amazon/ion/ion-java/1.0.2/ion-java-1.0.2.jar:/home/runner/.m2/repository/com/fasterxml/jackson/dataformat/jackson-dataformat-cbor/2.12.1/jackson-dataformat-cbor-2.12.1.jar:/home/runner/.m2/repository/joda-time/joda-time/2.8.1/joda-time-2.8.1.jar:/home/runner/.m2/repository/com/amazonaws/aws-java-sdk-s3/1.11.901/aws-java-sdk-s3-1.11.901.jar:/home/runner/.m2/repository/com/amazonaws/aws-java-sdk-kms/1.11.901/aws-java-sdk-kms-1.11.901.jar:/home/runner/.m2/repository/com/amazonaws/jmespath-java/1.11.901/jmespath-java-1.11.901.jar:/home/runner/.m2/repository/org/kohsuke/metainf-services/metainf-services/1.8/metainf-services-1.8.jar:/home/runner/.m2/repository/org/apache/ozone/hdds-tools/1.2.0-SNAPSHOT/hdds-tools-1.2.0-SNAPSHOT.jar:/home/runner/.m2/repository/commons-cli/commons-cli/1.2/commons-cli-1.2.jar:/home/runner/.m2/repository/org/apache/commons/commons-lang3/3.7/commons-lang3-3.7.jar:/home/runner/.m2/repository/org/apache/ozone/ozone-manager/1.2.0-SNAPSHOT/ozone-manager-1.2.0-SNAPSHOT-tests.jar:/home/runner/.m2/repository/org/apache/ozone/hdds-common/1.2.0-SNAPSHOT/hdds-common-1.2.0-SNAPSHOT-tests.jar:/home/runner/.m2/repository/org/apache/ozone/hdds-hadoop-dependency-client/1.2.0-SNAPSHOT/hdds-hadoop-dependency-client-1.2.0-SNAPSHOT.jar:/home/runner/.m2/repository/info/picocli/picocli/4.6.1/picocli-4.6.1.jar:/home/runner/.m2/repository/com/fasterxml/jackson/core/jackson-annotations/2.12.1/jackson-annotations-2.12.1.jar:/home/runner/.m2/repository/javax/annotation/javax.annotation-api/1.2/javax.annotation-api-1.2.jar:/home/runner/.m2/repository/org/apache/ratis/ratis-server/2.1.0-03f3b68-SNAPSHOT/ratis-server-2.1.0-03f3b68-SNAPSHOT.jar:/home/runner/.m2/repository/org/apache/ratis/ratis-client/2.1.0-03f3b68-SNAPSHOT/ratis-client-2.1.0-03f3b68-SNAPSHOT.jar:/home/runner/.m2/repository/org/apache/ratis/ratis-server-api/2.1.0-03f3b68-SNAPSHOT/ratis-server-api-2.1.0-03f3b68-SNAPSHOT.jar:/home/runner/.m2/repository/org/apache/ratis/ratis-metrics/2.1.0-03f3b68-SNAPSHOT/ratis-metrics-2.1.0-03f3b68-SNAPSHOT.jar:/home/runner/.m2/repository/org/apache/ratis/ratis-netty/2.1.0-03f3b68-SNAPSHOT/ratis-netty-2.1.0-03f3b68-SNAPSHOT.jar:/home/runner/.m2/repository/org/apache/ratis/ratis-grpc/2.1.0-03f3b68-SNAPSHOT/ratis-grpc-2.1.0-03f3b68-SNAPSHOT.jar:/home/runner/.m2/repository/org/apache/logging/log4j/log4j-api/2.13.3/log4j-api-2.13.3.jar:/home/runner/.m2/repository/org/apache/logging/log4j/log4j-core/2.13.3/log4j-core-2.13.3.jar:/home/runner/.m2/repository/com/lmax/disruptor/3.4.2/disruptor-3.4.2.jar:/home/runner/.m2/repository/org/apache/commons/commons-pool2/2.6.0/commons-pool2-2.6.0.jar:/home/runner/.m2/repository/org/bouncycastle/bcpkix-jdk15on/1.67/bcpkix-jdk15on-1.67.jar:/home/runner/.m2/repository/commons-validator/commons-validator/1.6/commons-validator-1.6.jar:/home/runner/.m2/repository/commons-beanutils/commons-beanutils/1.9.4/commons-beanutils-1.9.4.jar:/home/runner/.m2/repository/commons-digester/commons-digester/1.8.1/commons-digester-1.8.1.jar:/home/runner/.m2/repository/commons-collections/commons-collections/3.2.2/commons-collections-3.2.2.jar:/home/runner/.m2/repository/io/jaegertracing/jaeger-client/1.6.0/jaeger-client-1.6.0.jar:/home/runner/.m2/repository/io/jaegertracing/jaeger-thrift/1.6.0/jaeger-thrift-1.6.0.jar:/home/runner/.m2/repository/org/apache/thrift/libthrift/0.14.1/libthrift-0.14.1.jar:/home/runner/.m2/repository/com/squareup/okhttp3/okhttp/4.9.0/okhttp-4.9.0.jar:/home/runner/.m2/repository/com/squareup/okio/okio/2.8.0/okio-2.8.0.jar:/home/runner/.m2/repository/io/jaegertracing/jaeger-core/1.6.0/jaeger-core-1.6.0.jar:/home/runner/.m2/repository/io/jaegertracing/jaeger-tracerresolver/1.6.0/jaeger-tracerresolver-1.6.0.jar:/home/runner/.m2/repository/io/opentracing/contrib/opentracing-tracerresolver/0.1.8/opentracing-tracerresolver-0.1.8.jar:/home/runner/.m2/repository/org/jetbrains/kotlin/kotlin-stdlib/1.4.31/kotlin-stdlib-1.4.31.jar:/home/runner/.m2/repository/org/jetbrains/kotlin/kotlin-stdlib-common/1.4.31/kotlin-stdlib-common-1.4.31.jar:/home/runner/.m2/repository/org/jetbrains/annotations/13.0/annotations-13.0.jar:/home/runner/.m2/repository/io/opentracing/opentracing-util/0.33.0/opentracing-util-0.33.0.jar:/home/runner/.m2/repository/io/opentracing/opentracing-api/0.33.0/opentracing-api-0.33.0.jar:/home/runner/.m2/repository/io/opentracing/opentracing-noop/0.33.0/opentracing-noop-0.33.0.jar:/home/runner/.m2/repository/org/yaml/snakeyaml/1.26/snakeyaml-1.26.jar:/home/runner/.m2/repository/org/apache/ozone/hdds-interface-admin/1.2.0-SNAPSHOT/hdds-interface-admin-1.2.0-SNAPSHOT.jar:/home/runner/.m2/repository/junit/junit/4.13.1/junit-4.13.1.jar:/home/runner/.m2/repository/org/hamcrest/hamcrest-core/1.3/hamcrest-core-1.3.jar:/home/runner/.m2/repository/org/junit/jupiter/junit-jupiter-api/5.7.0/junit-jupiter-api-5.7.0.jar:/home/runner/.m2/repository/org/apiguardian/apiguardian-api/1.1.0/apiguardian-api-1.1.0.jar:/home/runner/.m2/repository/org/opentest4j/opentest4j/1.2.0/opentest4j-1.2.0.jar:/home/runner/.m2/repository/org/junit/platform/junit-platform-commons/1.7.0/junit-platform-commons-1.7.0.jar:/home/runner/.m2/repository/org/junit/jupiter/junit-jupiter-engine/5.7.0/junit-jupiter-engine-5.7.0.jar:/home/runner/.m2/repository/org/junit/platform/junit-platform-engine/1.7.0/junit-platform-engine-1.7.0.jar:/home/runner/.m2/repository/org/junit/vintage/junit-vintage-engine/5.7.0/junit-vintage-engine-5.7.0.jar:/home/runner/.m2/repository/org/junit/platform/junit-platform-launcher/1.7.0/junit-platform-launcher-1.7.0.jar:/home/runner/.m2/repository/org/openjdk/jmh/jmh-core/1.19/jmh-core-1.19.jar:/home/runner/.m2/repository/net/sf/jopt-simple/jopt-simple/4.6/jopt-simple-4.6.jar:/home/runner/.m2/repository/org/apache/commons/commons-math3/3.1.1/commons-math3-3.1.1.jar:/home/runner/.m2/repository/org/openjdk/jmh/jmh-generator-annprocess/1.19/jmh-generator-annprocess-1.19.jar:/home/runner/.m2/repository/org/mockito/mockito-core/2.28.2/mockito-core-2.28.2.jar:/home/runner/.m2/repository/net/bytebuddy/byte-buddy/1.9.10/byte-buddy-1.9.10.jar:/home/runner/.m2/repository/net/bytebuddy/byte-buddy-agent/1.9.10/byte-buddy-agent-1.9.10.jar:/home/runner/.m2/repository/org/objenesis/objenesis/1.0/objenesis-1.0.jar:/home/runner/.m2/repository/org/apache/hadoop/hadoop-kms/3.3.1/hadoop-kms-3.3.1.jar:/home/runner/.m2/repository/org/apache/hadoop/hadoop-auth/3.3.1/hadoop-auth-3.3.1.jar:/home/runner/.m2/repository/com/nimbusds/nimbus-jose-jwt/7.9/nimbus-jose-jwt-7.9.jar:/home/runner/.m2/repository/com/github/stephenc/jcip/jcip-annotations/1.0-1/jcip-annotations-1.0-1.jar:/home/runner/.m2/repository/net/minidev/json-smart/2.3/json-smart-2.3.jar:/home/runner/.m2/repository/net/minidev/accessors-smart/1.2/accessors-smart-1.2.jar:/home/runner/.m2/repository/org/ow2/asm/asm/5.0.4/asm-5.0.4.jar:/home/runner/.m2/repository/org/apache/zookeeper/zookeeper/3.5.6/zookeeper-3.5.6.jar:/home/runner/.m2/repository/org/apache/zookeeper/zookeeper-jute/3.5.6/zookeeper-jute-3.5.6.jar:/home/runner/.m2/repository/org/apache/yetus/audience-annotations/0.5.0/audience-annotations-0.5.0.jar:/home/runner/.m2/repository/org/apache/curator/curator-framework/4.2.0/curator-framework-4.2.0.jar:/home/runner/.m2/repository/org/apache/hadoop/thirdparty/hadoop-shaded-guava/1.1.1/hadoop-shaded-guava-1.1.1.jar:/home/runner/.m2/repository/com/sun/jersey/jersey-core/1.19/jersey-core-1.19.jar:/home/runner/.m2/repository/javax/ws/rs/jsr311-api/1.1.1/jsr311-api-1.1.1.jar:/home/runner/.m2/repository/com/sun/jersey/jersey-server/1.19/jersey-server-1.19.jar:/home/runner/.m2/repository/javax/servlet/javax.servlet-api/3.1.0/javax.servlet-api-3.1.0.jar:/home/runner/.m2/repository/org/eclipse/jetty/jetty-server/9.4.43.v20210629/jetty-server-9.4.43.v20210629.jar:/home/runner/.m2/repository/org/eclipse/jetty/jetty-http/9.4.43.v20210629/jetty-http-9.4.43.v20210629.jar:/home/runner/.m2/repository/org/eclipse/jetty/jetty-io/9.4.43.v20210629/jetty-io-9.4.43.v20210629.jar:/home/runner/.m2/repository/org/eclipse/jetty/jetty-webapp/9.4.43.v20210629/jetty-webapp-9.4.43.v20210629.jar:/home/runner/.m2/repository/org/eclipse/jetty/jetty-xml/9.4.43.v20210629/jetty-xml-9.4.43.v20210629.jar:/home/runner/.m2/repository/org/apache/hadoop/hadoop-common/3.3.1/hadoop-common-3.3.1.jar:/home/runner/.m2/repository/commons-net/commons-net/3.6/commons-net-3.6.jar:/home/runner/.m2/repository/jakarta/activation/jakarta.activation-api/1.2.1/jakarta.activation-api-1.2.1.jar:/home/runner/.m2/repository/com/sun/jersey/jersey-servlet/1.19/jersey-servlet-1.19.jar:/home/runner/.m2/repository/com/sun/jersey/jersey-json/1.19/jersey-json-1.19.jar:/home/runner/.m2/repository/org/codehaus/jettison/jettison/1.1/jettison-1.1.jar:/home/runner/.m2/repository/com/sun/xml/bind/jaxb-impl/2.2.3-1/jaxb-impl-2.2.3-1.jar:/home/runner/.m2/repository/org/codehaus/jackson/jackson-jaxrs/1.9.2/jackson-jaxrs-1.9.2.jar:/home/runner/.m2/repository/org/codehaus/jackson/jackson-xc/1.9.2/jackson-xc-1.9.2.jar:/home/runner/.m2/repository/org/apache/commons/commons-configuration2/2.1.1/commons-configuration2-2.1.1.jar:/home/runner/.m2/repository/org/apache/commons/commons-text/1.4/commons-text-1.4.jar:/home/runner/.m2/repository/com/google/re2j/re2j/1.1/re2j-1.1.jar:/home/runner/.m2/repository/com/jcraft/jsch/0.1.54/jsch-0.1.54.jar:/home/runner/.m2/repository/org/apache/curator/curator-client/4.2.0/curator-client-4.2.0.jar:/home/runner/.m2/repository/org/apache/curator/curator-recipes/4.2.0/curator-recipes-4.2.0.jar:/home/runner/.m2/repository/org/apache/kerby/kerb-core/1.0.1/kerb-core-1.0.1.jar:/home/runner/.m2/repository/org/apache/kerby/kerby-pkix/1.0.1/kerby-pkix-1.0.1.jar:/home/runner/.m2/repository/org/apache/kerby/kerby-asn1/1.0.1/kerby-asn1-1.0.1.jar:/home/runner/.m2/repository/org/apache/kerby/kerby-util/1.0.1/kerby-util-1.0.1.jar:/home/runner/.m2/repository/dnsjava/dnsjava/2.1.7/dnsjava-2.1.7.jar:/home/runner/.m2/repository/org/xerial/snappy/snappy-java/1.1.8.2/snappy-java-1.1.8.2.jar:/home/runner/.m2/repository/org/slf4j/jul-to-slf4j/1.7.30/jul-to-slf4j-1.7.30.jar:/home/runner/.m2/repository/org/eclipse/jetty/jetty-util/9.4.43.v20210629/jetty-util-9.4.43.v20210629.jar:/home/runner/.m2/repository/com/fasterxml/jackson/core/jackson-databind/2.12.1/jackson-databind-2.12.1.jar:/home/runner/.m2/repository/org/apache/hadoop/hadoop-kms/3.3.1/hadoop-kms-3.3.1-tests.jar:/home/runner/.m2/repository/org/apache/ozone/hdds-server-scm/1.2.0-SNAPSHOT/hdds-server-scm-1.2.0-SNAPSHOT-tests.jar:/home/runner/.m2/repository/org/apache/ozone/hdds-container-service/1.2.0-SNAPSHOT/hdds-container-service-1.2.0-SNAPSHOT-tests.jar:/home/runner/.m2/repository/commons-codec/commons-codec/1.11/commons-codec-1.11.jar:/home/runner/.m2/repository/io/netty/netty-transport/4.1.63.Final/netty-transport-4.1.63.Final.jar:/home/runner/.m2/repository/io/netty/netty-resolver/4.1.63.Final/netty-resolver-4.1.63.Final.jar:/home/runner/.m2/repository/io/netty/netty-codec/4.1.63.Final/netty-codec-4.1.63.Final.jar:/home/runner/.m2/repository/io/netty/netty-handler/4.1.63.Final/netty-handler-4.1.63.Final.jar:/home/runner/.m2/repository/org/apache/ozone/hdds-hadoop-dependency-test/1.2.0-SNAPSHOT/hdds-hadoop-dependency-test-1.2.0-SNAPSHOT.jar:/home/runner/.m2/repository/org/apache/hadoop/hadoop-common/3.3.1/hadoop-common-3.3.1-tests.jar:/home/runner/.m2/repository/org/assertj/assertj-core/3.12.2/assertj-core-3.12.2.jar:/home/runner/.m2/repository/org/apache/hadoop/hadoop-hdfs/3.3.1/hadoop-hdfs-3.3.1-tests.jar:/home/runner/.m2/repository/org/eclipse/jetty/jetty-util-ajax/9.4.43.v20210629/jetty-util-ajax-9.4.43.v20210629.jar:/home/runner/.m2/repository/commons-daemon/commons-daemon/1.0.13/commons-daemon-1.0.13.jar:/home/runner/.m2/repository/io/netty/netty/3.10.6.Final/netty-3.10.6.Final.jar:/home/runner/.m2/repository/io/netty/netty-all/4.1.63.Final/netty-all-4.1.63.Final.jar:/home/runner/.m2/repository/org/apache/htrace/htrace-core4/4.1.0-incubating/htrace-core4-4.1.0-incubating.jar:/home/runner/.m2/repository/org/fusesource/leveldbjni/leveldbjni-all/1.8/leveldbjni-all-1.8.jar:/home/runner/.m2/repository/org/apache/hadoop/hadoop-distcp/3.3.1/hadoop-distcp-3.3.1.jar:/home/runner/.m2/repository/org/apache/hadoop/hadoop-mapreduce-client-jobclient/3.3.1/hadoop-mapreduce-client-jobclient-3.3.1.jar:/home/runner/.m2/repository/org/apache/hadoop/hadoop-mapreduce-client-common/3.3.1/hadoop-mapreduce-client-common-3.3.1.jar:/home/runner/.m2/repository/org/apache/hadoop/hadoop-yarn-common/3.3.1/hadoop-yarn-common-3.3.1.jar:/home/runner/.m2/repository/org/apache/hadoop/hadoop-yarn-api/3.3.1/hadoop-yarn-api-3.3.1.jar:/home/runner/.m2/repository/com/sun/jersey/jersey-client/1.19/jersey-client-1.19.jar:/home/runner/.m2/repository/com/sun/jersey/contribs/jersey-guice/1.19/jersey-guice-1.19.jar:/home/runner/.m2/repository/com/fasterxml/jackson/jaxrs/jackson-jaxrs-json-provider/2.12.1/jackson-jaxrs-json-provider-2.12.1.jar:/home/runner/.m2/repository/com/fasterxml/jackson/jaxrs/jackson-jaxrs-base/2.12.1/jackson-jaxrs-base-2.12.1.jar:/home/runner/.m2/repository/org/apache/hadoop/hadoop-yarn-client/3.3.1/hadoop-yarn-client-3.3.1.jar:/home/runner/.m2/repository/org/eclipse/jetty/websocket/websocket-client/9.4.40.v20210413/websocket-client-9.4.40.v20210413.jar:/home/runner/.m2/repository/org/eclipse/jetty/jetty-client/9.4.40.v20210413/jetty-client-9.4.40.v20210413.jar:/home/runner/.m2/repository/org/eclipse/jetty/websocket/websocket-common/9.4.40.v20210413/websocket-common-9.4.40.v20210413.jar:/home/runner/.m2/repository/org/eclipse/jetty/websocket/websocket-api/9.4.40.v20210413/websocket-api-9.4.40.v20210413.jar:/home/runner/.m2/repository/org/jline/jline/3.9.0/jline-3.9.0.jar:/home/runner/.m2/repository/org/apache/hadoop/hadoop-mapreduce-client-core/3.3.1/hadoop-mapreduce-client-core-3.3.1.jar:/home/runner/.m2/repository/org/apache/avro/avro/1.7.7/avro-1.7.7.jar:/home/runner/.m2/repository/org/codehaus/jackson/jackson-core-asl/1.9.13/jackson-core-asl-1.9.13.jar:/home/runner/.m2/repository/org/codehaus/jackson/jackson-mapper-asl/1.9.13/jackson-mapper-asl-1.9.13.jar:/home/runner/.m2/repository/com/thoughtworks/paranamer/paranamer/2.3/paranamer-2.3.jar:/home/runner/.m2/repository/org/apache/hadoop/hadoop-annotations/3.3.1/hadoop-annotations-3.3.1.jar:/usr/lib/jvm/adoptopenjdk-8-hotspot-amd64/jre/../lib/tools.jar:/home/runner/.m2/repository/org/apache/hadoop/hadoop-distcp/3.3.1/hadoop-distcp-3.3.1-tests.jar:/home/runner/.m2/repository/org/apache/ratis/ratis-common/2.1.0-03f3b68-SNAPSHOT/ratis-common-2.1.0-03f3b68-SNAPSHOT.jar:/home/runner/.m2/repository/org/apache/ratis/ratis-thirdparty-misc/0.7.0/ratis-thirdparty-misc-0.7.0.jar:/home/runner/.m2/repository/org/apache/ratis/ratis-proto/2.1.0-03f3b68-SNAPSHOT/ratis-proto-2.1.0-03f3b68-SNAPSHOT.jar:"/>
    <property name="java.vm.vendor" value="AdoptOpenJDK"/>
    <property name="sun.arch.data.model" value="64"/>
    <property name="test.build.dir" value="/home/runner/work/ozone/ozone/hadoop-ozone/integration-test/target/test-dir"/>
    <property name="test.cache.data" value=""/>
    <property name="java.vendor.url" value="https://adoptopenjdk.net/"/>
    <property name="user.timezone" value=""/>
    <property name="java.vm.specification.version" value="1.8"/>
    <property name="os.name" value="Linux"/>
    <property name="test.build.data" value="/home/runner/work/ozone/ozone/hadoop-ozone/integration-test/target/test-dir"/>
    <property name="sun.java.launcher" value="SUN_STANDARD"/>
    <property name="sun.boot.library.path" value="/usr/lib/jvm/adoptopenjdk-8-hotspot-amd64/jre/lib/amd64"/>
    <property name="sun.java.command" value="/home/runner/work/ozone/ozone/hadoop-ozone/integration-test/target/surefire/surefirebooter3282393484370147915.jar /home/runner/work/ozone/ozone/hadoop-ozone/integration-test/target/surefire 2021-09-09T11-25-18_635-jvmRun1 surefire3029499380192686910tmp surefire_303224197424963265121tmp"/>
    <property name="surefire.test.class.path" value="/home/runner/work/ozone/ozone/hadoop-ozone/integration-test/target/test-classes:/home/runner/work/ozone/ozone/hadoop-ozone/integration-test/target/classes:/home/runner/.m2/repository/org/apache/ozone/ozone-common/1.2.0-SNAPSHOT/ozone-common-1.2.0-SNAPSHOT.jar:/home/runner/.m2/repository/org/apache/commons/commons-compress/1.20/commons-compress-1.20.jar:/home/runner/.m2/repository/org/apache/ozone/hdds-common/1.2.0-SNAPSHOT/hdds-common-1.2.0-SNAPSHOT.jar:/home/runner/.m2/repository/org/apache/ozone/hdds-client/1.2.0-SNAPSHOT/hdds-client-1.2.0-SNAPSHOT.jar:/home/runner/.m2/repository/org/apache/ozone/ozone-interface-client/1.2.0-SNAPSHOT/ozone-interface-client-1.2.0-SNAPSHOT.jar:/home/runner/.m2/repository/org/apache/ozone/hdds-server-framework/1.2.0-SNAPSHOT/hdds-server-framework-1.2.0-SNAPSHOT.jar:/home/runner/.m2/repository/org/apache/ozone/hdds-interface-server/1.2.0-SNAPSHOT/hdds-interface-server-1.2.0-SNAPSHOT.jar:/home/runner/.m2/repository/org/eclipse/jetty/jetty-servlet/9.4.43.v20210629/jetty-servlet-9.4.43.v20210629.jar:/home/runner/.m2/repository/org/eclipse/jetty/jetty-security/9.4.43.v20210629/jetty-security-9.4.43.v20210629.jar:/home/runner/.m2/repository/org/rocksdb/rocksdbjni/6.20.3/rocksdbjni-6.20.3.jar:/home/runner/.m2/repository/io/prometheus/simpleclient_dropwizard/0.7.0/simpleclient_dropwizard-0.7.0.jar:/home/runner/.m2/repository/io/prometheus/simpleclient/0.7.0/simpleclient-0.7.0.jar:/home/runner/.m2/repository/io/prometheus/simpleclient_common/0.7.0/simpleclient_common-0.7.0.jar:/home/runner/.m2/repository/com/fasterxml/jackson/datatype/jackson-datatype-jsr310/2.12.1/jackson-datatype-jsr310-2.12.1.jar:/home/runner/.m2/repository/org/apache/ozone/hdds-test-utils/1.2.0-SNAPSHOT/hdds-test-utils-1.2.0-SNAPSHOT.jar:/home/runner/.m2/repository/com/google/guava/guava/30.1.1-jre/guava-30.1.1-jre.jar:/home/runner/.m2/repository/com/google/guava/failureaccess/1.0.1/failureaccess-1.0.1.jar:/home/runner/.m2/repository/com/google/guava/listenablefuture/9999.0-empty-to-avoid-conflict-with-guava/listenablefuture-9999.0-empty-to-avoid-conflict-with-guava.jar:/home/runner/.m2/repository/com/google/code/findbugs/jsr305/3.0.0/jsr305-3.0.0.jar:/home/runner/.m2/repository/org/checkerframework/checker-qual/3.8.0/checker-qual-3.8.0.jar:/home/runner/.m2/repository/com/google/errorprone/error_prone_annotations/2.2.0/error_prone_annotations-2.2.0.jar:/home/runner/.m2/repository/com/google/j2objc/j2objc-annotations/1.3/j2objc-annotations-1.3.jar:/home/runner/.m2/repository/commons-io/commons-io/2.8.0/commons-io-2.8.0.jar:/home/runner/.m2/repository/commons-logging/commons-logging/1.2/commons-logging-1.2.jar:/home/runner/.m2/repository/log4j/log4j/1.2.17/log4j-1.2.17.jar:/home/runner/.m2/repository/org/slf4j/slf4j-api/1.7.30/slf4j-api-1.7.30.jar:/home/runner/.m2/repository/org/apache/ozone/hdds-server-scm/1.2.0-SNAPSHOT/hdds-server-scm-1.2.0-SNAPSHOT.jar:/home/runner/.m2/repository/org/apache/ozone/hdds-container-service/1.2.0-SNAPSHOT/hdds-container-service-1.2.0-SNAPSHOT.jar:/home/runner/.m2/repository/org/apache/ozone/hdds-hadoop-dependency-server/1.2.0-SNAPSHOT/hdds-hadoop-dependency-server-1.2.0-SNAPSHOT.jar:/home/runner/.m2/repository/org/apache/hadoop/hadoop-hdfs/3.3.1/hadoop-hdfs-3.3.1.jar:/home/runner/.m2/repository/io/dropwizard/metrics/metrics-core/3.2.4/metrics-core-3.2.4.jar:/home/runner/.m2/repository/org/apache/hadoop/hadoop-hdfs-client/3.3.1/hadoop-hdfs-client-3.3.1.jar:/home/runner/.m2/repository/org/bouncycastle/bcprov-jdk15on/1.67/bcprov-jdk15on-1.67.jar:/home/runner/.m2/repository/com/google/protobuf/protobuf-java/2.5.0/protobuf-java-2.5.0.jar:/home/runner/.m2/repository/org/apache/ozone/ozone-manager/1.2.0-SNAPSHOT/ozone-manager-1.2.0-SNAPSHOT.jar:/home/runner/.m2/repository/org/aspectj/aspectjrt/1.8.9/aspectjrt-1.8.9.jar:/home/runner/.m2/repository/org/aspectj/aspectjweaver/1.8.9/aspectjweaver-1.8.9.jar:/home/runner/.m2/repository/org/apache/ozone/hdds-interface-client/1.2.0-SNAPSHOT/hdds-interface-client-1.2.0-SNAPSHOT.jar:/home/runner/.m2/repository/org/apache/hadoop/thirdparty/hadoop-shaded-protobuf_3_7/1.1.1/hadoop-shaded-protobuf_3_7-1.1.1.jar:/home/runner/.m2/repository/org/apache/ozone/ozone-interface-storage/1.2.0-SNAPSHOT/ozone-interface-storage-1.2.0-SNAPSHOT.jar:/home/runner/.m2/repository/org/reflections/reflections/0.9.11/reflections-0.9.11.jar:/home/runner/.m2/repository/org/apache/hadoop/hadoop-minikdc/3.3.1/hadoop-minikdc-3.3.1.jar:/home/runner/.m2/repository/org/apache/kerby/kerb-simplekdc/1.0.1/kerb-simplekdc-1.0.1.jar:/home/runner/.m2/repository/org/apache/kerby/kerb-client/1.0.1/kerb-client-1.0.1.jar:/home/runner/.m2/repository/org/apache/kerby/kerby-config/1.0.1/kerby-config-1.0.1.jar:/home/runner/.m2/repository/org/apache/kerby/kerb-common/1.0.1/kerb-common-1.0.1.jar:/home/runner/.m2/repository/org/apache/kerby/kerb-crypto/1.0.1/kerb-crypto-1.0.1.jar:/home/runner/.m2/repository/org/apache/kerby/kerb-util/1.0.1/kerb-util-1.0.1.jar:/home/runner/.m2/repository/org/apache/kerby/token-provider/1.0.1/token-provider-1.0.1.jar:/home/runner/.m2/repository/org/apache/kerby/kerb-admin/1.0.1/kerb-admin-1.0.1.jar:/home/runner/.m2/repository/org/apache/kerby/kerb-server/1.0.1/kerb-server-1.0.1.jar:/home/runner/.m2/repository/org/apache/kerby/kerb-identity/1.0.1/kerb-identity-1.0.1.jar:/home/runner/.m2/repository/org/apache/kerby/kerby-xdr/1.0.1/kerby-xdr-1.0.1.jar:/home/runner/.m2/repository/org/slf4j/slf4j-log4j12/1.7.30/slf4j-log4j12-1.7.30.jar:/home/runner/.m2/repository/org/apache/ozone/ozone-s3gateway/1.2.0-SNAPSHOT/ozone-s3gateway-1.2.0-SNAPSHOT.jar:/home/runner/.m2/repository/org/javassist/javassist/3.21.0-GA/javassist-3.21.0-GA.jar:/home/runner/.m2/repository/org/jboss/weld/servlet/weld-servlet/2.4.7.Final/weld-servlet-2.4.7.Final.jar:/home/runner/.m2/repository/org/glassfish/jersey/containers/jersey-container-servlet-core/2.33/jersey-container-servlet-core-2.33.jar:/home/runner/.m2/repository/org/glassfish/hk2/external/jakarta.inject/2.6.1/jakarta.inject-2.6.1.jar:/home/runner/.m2/repository/org/glassfish/jersey/core/jersey-common/2.33/jersey-common-2.33.jar:/home/runner/.m2/repository/jakarta/ws/rs/jakarta.ws.rs-api/2.1.6/jakarta.ws.rs-api-2.1.6.jar:/home/runner/.m2/repository/org/glassfish/jersey/ext/cdi/jersey-cdi1x/2.33/jersey-cdi1x-2.33.jar:/home/runner/.m2/repository/org/glassfish/jersey/inject/jersey-hk2/2.33/jersey-hk2-2.33.jar:/home/runner/.m2/repository/org/glassfish/hk2/hk2-locator/2.6.1/hk2-locator-2.6.1.jar:/home/runner/.m2/repository/org/glassfish/jersey/media/jersey-media-jaxb/2.33/jersey-media-jaxb-2.33.jar:/home/runner/.m2/repository/org/glassfish/hk2/osgi-resource-locator/1.0.3/osgi-resource-locator-1.0.3.jar:/home/runner/.m2/repository/org/glassfish/hk2/hk2-api/2.5.0/hk2-api-2.5.0.jar:/home/runner/.m2/repository/org/glassfish/hk2/hk2-utils/2.5.0/hk2-utils-2.5.0.jar:/home/runner/.m2/repository/org/glassfish/hk2/external/aopalliance-repackaged/2.5.0/aopalliance-repackaged-2.5.0.jar:/home/runner/.m2/repository/com/fasterxml/jackson/dataformat/jackson-dataformat-xml/2.12.1/jackson-dataformat-xml-2.12.1.jar:/home/runner/.m2/repository/com/fasterxml/jackson/core/jackson-core/2.12.1/jackson-core-2.12.1.jar:/home/runner/.m2/repository/com/fasterxml/jackson/module/jackson-module-jaxb-annotations/2.12.1/jackson-module-jaxb-annotations-2.12.1.jar:/home/runner/.m2/repository/jakarta/xml/bind/jakarta.xml.bind-api/2.3.2/jakarta.xml.bind-api-2.3.2.jar:/home/runner/.m2/repository/org/codehaus/woodstox/stax2-api/3.1.4/stax2-api-3.1.4.jar:/home/runner/.m2/repository/com/fasterxml/woodstox/woodstox-core/5.0.3/woodstox-core-5.0.3.jar:/home/runner/.m2/repository/javax/enterprise/cdi-api/1.2/cdi-api-1.2.jar:/home/runner/.m2/repository/javax/el/javax.el-api/3.0.0/javax.el-api-3.0.0.jar:/home/runner/.m2/repository/javax/interceptor/javax.interceptor-api/1.2/javax.interceptor-api-1.2.jar:/home/runner/.m2/repository/javax/inject/javax.inject/1/javax.inject-1.jar:/home/runner/.m2/repository/javax/xml/bind/jaxb-api/2.3.0/jaxb-api-2.3.0.jar:/home/runner/.m2/repository/org/glassfish/jaxb/jaxb-runtime/2.3.0.1/jaxb-runtime-2.3.0.1.jar:/home/runner/.m2/repository/org/glassfish/jaxb/jaxb-core/2.3.0.1/jaxb-core-2.3.0.1.jar:/home/runner/.m2/repository/org/glassfish/jaxb/txw2/2.3.0.1/txw2-2.3.0.1.jar:/home/runner/.m2/repository/com/sun/istack/istack-commons-runtime/3.0.5/istack-commons-runtime-3.0.5.jar:/home/runner/.m2/repository/org/jvnet/staxex/stax-ex/1.7.8/stax-ex-1.7.8.jar:/home/runner/.m2/repository/com/sun/xml/fastinfoset/FastInfoset/1.2.13/FastInfoset-1.2.13.jar:/home/runner/.m2/repository/javax/activation/activation/1.1.1/activation-1.1.1.jar:/home/runner/.m2/repository/org/apache/ozone/ozone-csi/1.2.0-SNAPSHOT/ozone-csi-1.2.0-SNAPSHOT.jar:/home/runner/.m2/repository/com/google/protobuf/protobuf-java-util/3.12.0/protobuf-java-util-3.12.0.jar:/home/runner/.m2/repository/com/google/code/gson/gson/2.2.4/gson-2.2.4.jar:/home/runner/.m2/repository/org/apache/ozone/hdds-config/1.2.0-SNAPSHOT/hdds-config-1.2.0-SNAPSHOT.jar:/home/runner/.m2/repository/io/grpc/grpc-netty/1.33.0/grpc-netty-1.33.0.jar:/home/runner/.m2/repository/io/grpc/grpc-core/1.33.0/grpc-core-1.33.0.jar:/home/runner/.m2/repository/com/google/android/annotations/4.1.1.4/annotations-4.1.1.4.jar:/home/runner/.m2/repository/io/netty/netty-codec-http2/4.1.63.Final/netty-codec-http2-4.1.63.Final.jar:/home/runner/.m2/repository/io/netty/netty-codec-http/4.1.63.Final/netty-codec-http-4.1.63.Final.jar:/home/runner/.m2/repository/io/netty/netty-handler-proxy/4.1.63.Final/netty-handler-proxy-4.1.63.Final.jar:/home/runner/.m2/repository/io/netty/netty-codec-socks/4.1.63.Final/netty-codec-socks-4.1.63.Final.jar:/home/runner/.m2/repository/io/perfmark/perfmark-api/0.19.0/perfmark-api-0.19.0.jar:/home/runner/.m2/repository/org/codehaus/mojo/animal-sniffer-annotations/1.18/animal-sniffer-annotations-1.18.jar:/home/runner/.m2/repository/io/netty/netty-transport-native-epoll/4.1.63.Final/netty-transport-native-epoll-4.1.63.Final.jar:/home/runner/.m2/repository/io/netty/netty-common/4.1.63.Final/netty-common-4.1.63.Final.jar:/home/runner/.m2/repository/io/netty/netty-buffer/4.1.63.Final/netty-buffer-4.1.63.Final.jar:/home/runner/.m2/repository/io/netty/netty-transport-native-unix-common/4.1.63.Final/netty-transport-native-unix-common-4.1.63.Final.jar:/home/runner/.m2/repository/io/grpc/grpc-protobuf/1.33.0/grpc-protobuf-1.33.0.jar:/home/runner/.m2/repository/io/grpc/grpc-api/1.33.0/grpc-api-1.33.0.jar:/home/runner/.m2/repository/io/grpc/grpc-context/1.33.0/grpc-context-1.33.0.jar:/home/runner/.m2/repository/com/google/api/grpc/proto-google-common-protos/1.17.0/proto-google-common-protos-1.17.0.jar:/home/runner/.m2/repository/io/grpc/grpc-protobuf-lite/1.33.0/grpc-protobuf-lite-1.33.0.jar:/home/runner/.m2/repository/io/grpc/grpc-stub/1.33.0/grpc-stub-1.33.0.jar:/home/runner/.m2/repository/org/apache/ozone/ozone-recon/1.2.0-SNAPSHOT/ozone-recon-1.2.0-SNAPSHOT.jar:/home/runner/.m2/repository/org/apache/ozone/ozone-reconcodegen/1.2.0-SNAPSHOT/ozone-reconcodegen-1.2.0-SNAPSHOT.jar:/home/runner/.m2/repository/com/google/inject/extensions/guice-multibindings/4.0/guice-multibindings-4.0.jar:/home/runner/.m2/repository/com/google/inject/guice/4.0/guice-4.0.jar:/home/runner/.m2/repository/aopalliance/aopalliance/1.0/aopalliance-1.0.jar:/home/runner/.m2/repository/com/google/inject/extensions/guice-assistedinject/4.0/guice-assistedinject-4.0.jar:/home/runner/.m2/repository/com/google/inject/extensions/guice-servlet/4.0/guice-servlet-4.0.jar:/home/runner/.m2/repository/org/glassfish/jersey/containers/jersey-container-servlet/2.33/jersey-container-servlet-2.33.jar:/home/runner/.m2/repository/org/glassfish/hk2/guice-bridge/2.5.0/guice-bridge-2.5.0.jar:/home/runner/.m2/repository/org/glassfish/jersey/core/jersey-server/2.33/jersey-server-2.33.jar:/home/runner/.m2/repository/org/glassfish/jersey/core/jersey-client/2.33/jersey-client-2.33.jar:/home/runner/.m2/repository/jakarta/annotation/jakarta.annotation-api/1.3.5/jakarta.annotation-api-1.3.5.jar:/home/runner/.m2/repository/jakarta/validation/jakarta.validation-api/2.0.2/jakarta.validation-api-2.0.2.jar:/home/runner/.m2/repository/org/glassfish/jersey/media/jersey-media-json-jackson/2.33/jersey-media-json-jackson-2.33.jar:/home/runner/.m2/repository/org/glassfish/jersey/ext/jersey-entity-filtering/2.33/jersey-entity-filtering-2.33.jar:/home/runner/.m2/repository/org/jooq/jooq/3.11.10/jooq-3.11.10.jar:/home/runner/.m2/repository/org/jooq/jooq-meta/3.11.10/jooq-meta-3.11.10.jar:/home/runner/.m2/repository/org/jooq/jooq-codegen/3.11.10/jooq-codegen-3.11.10.jar:/home/runner/.m2/repository/com/jolbox/bonecp/0.8.0.RELEASE/bonecp-0.8.0.RELEASE.jar:/home/runner/.m2/repository/org/apache/derby/derby/10.14.2.0/derby-10.14.2.0.jar:/home/runner/.m2/repository/org/xerial/sqlite-jdbc/3.25.2/sqlite-jdbc-3.25.2.jar:/home/runner/.m2/repository/org/springframework/spring-jdbc/5.2.11.RELEASE/spring-jdbc-5.2.11.RELEASE.jar:/home/runner/.m2/repository/org/springframework/spring-beans/5.2.11.RELEASE/spring-beans-5.2.11.RELEASE.jar:/home/runner/.m2/repository/org/springframework/spring-core/5.2.11.RELEASE/spring-core-5.2.11.RELEASE.jar:/home/runner/.m2/repository/org/springframework/spring-jcl/5.2.11.RELEASE/spring-jcl-5.2.11.RELEASE.jar:/home/runner/.m2/repository/org/springframework/spring-tx/5.2.11.RELEASE/spring-tx-5.2.11.RELEASE.jar:/home/runner/.m2/repository/org/apache/ozone/ozone-client/1.2.0-SNAPSHOT/ozone-client-1.2.0-SNAPSHOT.jar:/home/runner/.m2/repository/org/apache/ozone/ozone-filesystem/1.2.0-SNAPSHOT/ozone-filesystem-1.2.0-SNAPSHOT.jar:/home/runner/.m2/repository/org/apache/ozone/ozone-filesystem-common/1.2.0-SNAPSHOT/ozone-filesystem-common-1.2.0-SNAPSHOT.jar:/home/runner/.m2/repository/org/apache/ozone/ozone-tools/1.2.0-SNAPSHOT/ozone-tools-1.2.0-SNAPSHOT.jar:/home/runner/.m2/repository/org/apache/ratis/ratis-tools/2.1.0-03f3b68-SNAPSHOT/ratis-tools-2.1.0-03f3b68-SNAPSHOT.jar:/home/runner/.m2/repository/com/amazonaws/aws-java-sdk-core/1.11.901/aws-java-sdk-core-1.11.901.jar:/home/runner/.m2/repository/org/apache/httpcomponents/httpclient/4.5.13/httpclient-4.5.13.jar:/home/runner/.m2/repository/org/apache/httpcomponents/httpcore/4.4.13/httpcore-4.4.13.jar:/home/runner/.m2/repository/software/amazon/ion/ion-java/1.0.2/ion-java-1.0.2.jar:/home/runner/.m2/repository/com/fasterxml/jackson/dataformat/jackson-dataformat-cbor/2.12.1/jackson-dataformat-cbor-2.12.1.jar:/home/runner/.m2/repository/joda-time/joda-time/2.8.1/joda-time-2.8.1.jar:/home/runner/.m2/repository/com/amazonaws/aws-java-sdk-s3/1.11.901/aws-java-sdk-s3-1.11.901.jar:/home/runner/.m2/repository/com/amazonaws/aws-java-sdk-kms/1.11.901/aws-java-sdk-kms-1.11.901.jar:/home/runner/.m2/repository/com/amazonaws/jmespath-java/1.11.901/jmespath-java-1.11.901.jar:/home/runner/.m2/repository/org/kohsuke/metainf-services/metainf-services/1.8/metainf-services-1.8.jar:/home/runner/.m2/repository/org/apache/ozone/hdds-tools/1.2.0-SNAPSHOT/hdds-tools-1.2.0-SNAPSHOT.jar:/home/runner/.m2/repository/commons-cli/commons-cli/1.2/commons-cli-1.2.jar:/home/runner/.m2/repository/org/apache/commons/commons-lang3/3.7/commons-lang3-3.7.jar:/home/runner/.m2/repository/org/apache/ozone/ozone-manager/1.2.0-SNAPSHOT/ozone-manager-1.2.0-SNAPSHOT-tests.jar:/home/runner/.m2/repository/org/apache/ozone/hdds-common/1.2.0-SNAPSHOT/hdds-common-1.2.0-SNAPSHOT-tests.jar:/home/runner/.m2/repository/org/apache/ozone/hdds-hadoop-dependency-client/1.2.0-SNAPSHOT/hdds-hadoop-dependency-client-1.2.0-SNAPSHOT.jar:/home/runner/.m2/repository/info/picocli/picocli/4.6.1/picocli-4.6.1.jar:/home/runner/.m2/repository/com/fasterxml/jackson/core/jackson-annotations/2.12.1/jackson-annotations-2.12.1.jar:/home/runner/.m2/repository/javax/annotation/javax.annotation-api/1.2/javax.annotation-api-1.2.jar:/home/runner/.m2/repository/org/apache/ratis/ratis-server/2.1.0-03f3b68-SNAPSHOT/ratis-server-2.1.0-03f3b68-SNAPSHOT.jar:/home/runner/.m2/repository/org/apache/ratis/ratis-client/2.1.0-03f3b68-SNAPSHOT/ratis-client-2.1.0-03f3b68-SNAPSHOT.jar:/home/runner/.m2/repository/org/apache/ratis/ratis-server-api/2.1.0-03f3b68-SNAPSHOT/ratis-server-api-2.1.0-03f3b68-SNAPSHOT.jar:/home/runner/.m2/repository/org/apache/ratis/ratis-metrics/2.1.0-03f3b68-SNAPSHOT/ratis-metrics-2.1.0-03f3b68-SNAPSHOT.jar:/home/runner/.m2/repository/org/apache/ratis/ratis-netty/2.1.0-03f3b68-SNAPSHOT/ratis-netty-2.1.0-03f3b68-SNAPSHOT.jar:/home/runner/.m2/repository/org/apache/ratis/ratis-grpc/2.1.0-03f3b68-SNAPSHOT/ratis-grpc-2.1.0-03f3b68-SNAPSHOT.jar:/home/runner/.m2/repository/org/apache/logging/log4j/log4j-api/2.13.3/log4j-api-2.13.3.jar:/home/runner/.m2/repository/org/apache/logging/log4j/log4j-core/2.13.3/log4j-core-2.13.3.jar:/home/runner/.m2/repository/com/lmax/disruptor/3.4.2/disruptor-3.4.2.jar:/home/runner/.m2/repository/org/apache/commons/commons-pool2/2.6.0/commons-pool2-2.6.0.jar:/home/runner/.m2/repository/org/bouncycastle/bcpkix-jdk15on/1.67/bcpkix-jdk15on-1.67.jar:/home/runner/.m2/repository/commons-validator/commons-validator/1.6/commons-validator-1.6.jar:/home/runner/.m2/repository/commons-beanutils/commons-beanutils/1.9.4/commons-beanutils-1.9.4.jar:/home/runner/.m2/repository/commons-digester/commons-digester/1.8.1/commons-digester-1.8.1.jar:/home/runner/.m2/repository/commons-collections/commons-collections/3.2.2/commons-collections-3.2.2.jar:/home/runner/.m2/repository/io/jaegertracing/jaeger-client/1.6.0/jaeger-client-1.6.0.jar:/home/runner/.m2/repository/io/jaegertracing/jaeger-thrift/1.6.0/jaeger-thrift-1.6.0.jar:/home/runner/.m2/repository/org/apache/thrift/libthrift/0.14.1/libthrift-0.14.1.jar:/home/runner/.m2/repository/com/squareup/okhttp3/okhttp/4.9.0/okhttp-4.9.0.jar:/home/runner/.m2/repository/com/squareup/okio/okio/2.8.0/okio-2.8.0.jar:/home/runner/.m2/repository/io/jaegertracing/jaeger-core/1.6.0/jaeger-core-1.6.0.jar:/home/runner/.m2/repository/io/jaegertracing/jaeger-tracerresolver/1.6.0/jaeger-tracerresolver-1.6.0.jar:/home/runner/.m2/repository/io/opentracing/contrib/opentracing-tracerresolver/0.1.8/opentracing-tracerresolver-0.1.8.jar:/home/runner/.m2/repository/org/jetbrains/kotlin/kotlin-stdlib/1.4.31/kotlin-stdlib-1.4.31.jar:/home/runner/.m2/repository/org/jetbrains/kotlin/kotlin-stdlib-common/1.4.31/kotlin-stdlib-common-1.4.31.jar:/home/runner/.m2/repository/org/jetbrains/annotations/13.0/annotations-13.0.jar:/home/runner/.m2/repository/io/opentracing/opentracing-util/0.33.0/opentracing-util-0.33.0.jar:/home/runner/.m2/repository/io/opentracing/opentracing-api/0.33.0/opentracing-api-0.33.0.jar:/home/runner/.m2/repository/io/opentracing/opentracing-noop/0.33.0/opentracing-noop-0.33.0.jar:/home/runner/.m2/repository/org/yaml/snakeyaml/1.26/snakeyaml-1.26.jar:/home/runner/.m2/repository/org/apache/ozone/hdds-interface-admin/1.2.0-SNAPSHOT/hdds-interface-admin-1.2.0-SNAPSHOT.jar:/home/runner/.m2/repository/junit/junit/4.13.1/junit-4.13.1.jar:/home/runner/.m2/repository/org/hamcrest/hamcrest-core/1.3/hamcrest-core-1.3.jar:/home/runner/.m2/repository/org/junit/jupiter/junit-jupiter-api/5.7.0/junit-jupiter-api-5.7.0.jar:/home/runner/.m2/repository/org/apiguardian/apiguardian-api/1.1.0/apiguardian-api-1.1.0.jar:/home/runner/.m2/repository/org/opentest4j/opentest4j/1.2.0/opentest4j-1.2.0.jar:/home/runner/.m2/repository/org/junit/platform/junit-platform-commons/1.7.0/junit-platform-commons-1.7.0.jar:/home/runner/.m2/repository/org/junit/jupiter/junit-jupiter-engine/5.7.0/junit-jupiter-engine-5.7.0.jar:/home/runner/.m2/repository/org/junit/platform/junit-platform-engine/1.7.0/junit-platform-engine-1.7.0.jar:/home/runner/.m2/repository/org/junit/vintage/junit-vintage-engine/5.7.0/junit-vintage-engine-5.7.0.jar:/home/runner/.m2/repository/org/junit/platform/junit-platform-launcher/1.7.0/junit-platform-launcher-1.7.0.jar:/home/runner/.m2/repository/org/openjdk/jmh/jmh-core/1.19/jmh-core-1.19.jar:/home/runner/.m2/repository/net/sf/jopt-simple/jopt-simple/4.6/jopt-simple-4.6.jar:/home/runner/.m2/repository/org/apache/commons/commons-math3/3.1.1/commons-math3-3.1.1.jar:/home/runner/.m2/repository/org/openjdk/jmh/jmh-generator-annprocess/1.19/jmh-generator-annprocess-1.19.jar:/home/runner/.m2/repository/org/mockito/mockito-core/2.28.2/mockito-core-2.28.2.jar:/home/runner/.m2/repository/net/bytebuddy/byte-buddy/1.9.10/byte-buddy-1.9.10.jar:/home/runner/.m2/repository/net/bytebuddy/byte-buddy-agent/1.9.10/byte-buddy-agent-1.9.10.jar:/home/runner/.m2/repository/org/objenesis/objenesis/1.0/objenesis-1.0.jar:/home/runner/.m2/repository/org/apache/hadoop/hadoop-kms/3.3.1/hadoop-kms-3.3.1.jar:/home/runner/.m2/repository/org/apache/hadoop/hadoop-auth/3.3.1/hadoop-auth-3.3.1.jar:/home/runner/.m2/repository/com/nimbusds/nimbus-jose-jwt/7.9/nimbus-jose-jwt-7.9.jar:/home/runner/.m2/repository/com/github/stephenc/jcip/jcip-annotations/1.0-1/jcip-annotations-1.0-1.jar:/home/runner/.m2/repository/net/minidev/json-smart/2.3/json-smart-2.3.jar:/home/runner/.m2/repository/net/minidev/accessors-smart/1.2/accessors-smart-1.2.jar:/home/runner/.m2/repository/org/ow2/asm/asm/5.0.4/asm-5.0.4.jar:/home/runner/.m2/repository/org/apache/zookeeper/zookeeper/3.5.6/zookeeper-3.5.6.jar:/home/runner/.m2/repository/org/apache/zookeeper/zookeeper-jute/3.5.6/zookeeper-jute-3.5.6.jar:/home/runner/.m2/repository/org/apache/yetus/audience-annotations/0.5.0/audience-annotations-0.5.0.jar:/home/runner/.m2/repository/org/apache/curator/curator-framework/4.2.0/curator-framework-4.2.0.jar:/home/runner/.m2/repository/org/apache/hadoop/thirdparty/hadoop-shaded-guava/1.1.1/hadoop-shaded-guava-1.1.1.jar:/home/runner/.m2/repository/com/sun/jersey/jersey-core/1.19/jersey-core-1.19.jar:/home/runner/.m2/repository/javax/ws/rs/jsr311-api/1.1.1/jsr311-api-1.1.1.jar:/home/runner/.m2/repository/com/sun/jersey/jersey-server/1.19/jersey-server-1.19.jar:/home/runner/.m2/repository/javax/servlet/javax.servlet-api/3.1.0/javax.servlet-api-3.1.0.jar:/home/runner/.m2/repository/org/eclipse/jetty/jetty-server/9.4.43.v20210629/jetty-server-9.4.43.v20210629.jar:/home/runner/.m2/repository/org/eclipse/jetty/jetty-http/9.4.43.v20210629/jetty-http-9.4.43.v20210629.jar:/home/runner/.m2/repository/org/eclipse/jetty/jetty-io/9.4.43.v20210629/jetty-io-9.4.43.v20210629.jar:/home/runner/.m2/repository/org/eclipse/jetty/jetty-webapp/9.4.43.v20210629/jetty-webapp-9.4.43.v20210629.jar:/home/runner/.m2/repository/org/eclipse/jetty/jetty-xml/9.4.43.v20210629/jetty-xml-9.4.43.v20210629.jar:/home/runner/.m2/repository/org/apache/hadoop/hadoop-common/3.3.1/hadoop-common-3.3.1.jar:/home/runner/.m2/repository/commons-net/commons-net/3.6/commons-net-3.6.jar:/home/runner/.m2/repository/jakarta/activation/jakarta.activation-api/1.2.1/jakarta.activation-api-1.2.1.jar:/home/runner/.m2/repository/com/sun/jersey/jersey-servlet/1.19/jersey-servlet-1.19.jar:/home/runner/.m2/repository/com/sun/jersey/jersey-json/1.19/jersey-json-1.19.jar:/home/runner/.m2/repository/org/codehaus/jettison/jettison/1.1/jettison-1.1.jar:/home/runner/.m2/repository/com/sun/xml/bind/jaxb-impl/2.2.3-1/jaxb-impl-2.2.3-1.jar:/home/runner/.m2/repository/org/codehaus/jackson/jackson-jaxrs/1.9.2/jackson-jaxrs-1.9.2.jar:/home/runner/.m2/repository/org/codehaus/jackson/jackson-xc/1.9.2/jackson-xc-1.9.2.jar:/home/runner/.m2/repository/org/apache/commons/commons-configuration2/2.1.1/commons-configuration2-2.1.1.jar:/home/runner/.m2/repository/org/apache/commons/commons-text/1.4/commons-text-1.4.jar:/home/runner/.m2/repository/com/google/re2j/re2j/1.1/re2j-1.1.jar:/home/runner/.m2/repository/com/jcraft/jsch/0.1.54/jsch-0.1.54.jar:/home/runner/.m2/repository/org/apache/curator/curator-client/4.2.0/curator-client-4.2.0.jar:/home/runner/.m2/repository/org/apache/curator/curator-recipes/4.2.0/curator-recipes-4.2.0.jar:/home/runner/.m2/repository/org/apache/kerby/kerb-core/1.0.1/kerb-core-1.0.1.jar:/home/runner/.m2/repository/org/apache/kerby/kerby-pkix/1.0.1/kerby-pkix-1.0.1.jar:/home/runner/.m2/repository/org/apache/kerby/kerby-asn1/1.0.1/kerby-asn1-1.0.1.jar:/home/runner/.m2/repository/org/apache/kerby/kerby-util/1.0.1/kerby-util-1.0.1.jar:/home/runner/.m2/repository/dnsjava/dnsjava/2.1.7/dnsjava-2.1.7.jar:/home/runner/.m2/repository/org/xerial/snappy/snappy-java/1.1.8.2/snappy-java-1.1.8.2.jar:/home/runner/.m2/repository/org/slf4j/jul-to-slf4j/1.7.30/jul-to-slf4j-1.7.30.jar:/home/runner/.m2/repository/org/eclipse/jetty/jetty-util/9.4.43.v20210629/jetty-util-9.4.43.v20210629.jar:/home/runner/.m2/repository/com/fasterxml/jackson/core/jackson-databind/2.12.1/jackson-databind-2.12.1.jar:/home/runner/.m2/repository/org/apache/hadoop/hadoop-kms/3.3.1/hadoop-kms-3.3.1-tests.jar:/home/runner/.m2/repository/org/apache/ozone/hdds-server-scm/1.2.0-SNAPSHOT/hdds-server-scm-1.2.0-SNAPSHOT-tests.jar:/home/runner/.m2/repository/org/apache/ozone/hdds-container-service/1.2.0-SNAPSHOT/hdds-container-service-1.2.0-SNAPSHOT-tests.jar:/home/runner/.m2/repository/commons-codec/commons-codec/1.11/commons-codec-1.11.jar:/home/runner/.m2/repository/io/netty/netty-transport/4.1.63.Final/netty-transport-4.1.63.Final.jar:/home/runner/.m2/repository/io/netty/netty-resolver/4.1.63.Final/netty-resolver-4.1.63.Final.jar:/home/runner/.m2/repository/io/netty/netty-codec/4.1.63.Final/netty-codec-4.1.63.Final.jar:/home/runner/.m2/repository/io/netty/netty-handler/4.1.63.Final/netty-handler-4.1.63.Final.jar:/home/runner/.m2/repository/org/apache/ozone/hdds-hadoop-dependency-test/1.2.0-SNAPSHOT/hdds-hadoop-dependency-test-1.2.0-SNAPSHOT.jar:/home/runner/.m2/repository/org/apache/hadoop/hadoop-common/3.3.1/hadoop-common-3.3.1-tests.jar:/home/runner/.m2/repository/org/assertj/assertj-core/3.12.2/assertj-core-3.12.2.jar:/home/runner/.m2/repository/org/apache/hadoop/hadoop-hdfs/3.3.1/hadoop-hdfs-3.3.1-tests.jar:/home/runner/.m2/repository/org/eclipse/jetty/jetty-util-ajax/9.4.43.v20210629/jetty-util-ajax-9.4.43.v20210629.jar:/home/runner/.m2/repository/commons-daemon/commons-daemon/1.0.13/commons-daemon-1.0.13.jar:/home/runner/.m2/repository/io/netty/netty/3.10.6.Final/netty-3.10.6.Final.jar:/home/runner/.m2/repository/io/netty/netty-all/4.1.63.Final/netty-all-4.1.63.Final.jar:/home/runner/.m2/repository/org/apache/htrace/htrace-core4/4.1.0-incubating/htrace-core4-4.1.0-incubating.jar:/home/runner/.m2/repository/org/fusesource/leveldbjni/leveldbjni-all/1.8/leveldbjni-all-1.8.jar:/home/runner/.m2/repository/org/apache/hadoop/hadoop-distcp/3.3.1/hadoop-distcp-3.3.1.jar:/home/runner/.m2/repository/org/apache/hadoop/hadoop-mapreduce-client-jobclient/3.3.1/hadoop-mapreduce-client-jobclient-3.3.1.jar:/home/runner/.m2/repository/org/apache/hadoop/hadoop-mapreduce-client-common/3.3.1/hadoop-mapreduce-client-common-3.3.1.jar:/home/runner/.m2/repository/org/apache/hadoop/hadoop-yarn-common/3.3.1/hadoop-yarn-common-3.3.1.jar:/home/runner/.m2/repository/org/apache/hadoop/hadoop-yarn-api/3.3.1/hadoop-yarn-api-3.3.1.jar:/home/runner/.m2/repository/com/sun/jersey/jersey-client/1.19/jersey-client-1.19.jar:/home/runner/.m2/repository/com/sun/jersey/contribs/jersey-guice/1.19/jersey-guice-1.19.jar:/home/runner/.m2/repository/com/fasterxml/jackson/jaxrs/jackson-jaxrs-json-provider/2.12.1/jackson-jaxrs-json-provider-2.12.1.jar:/home/runner/.m2/repository/com/fasterxml/jackson/jaxrs/jackson-jaxrs-base/2.12.1/jackson-jaxrs-base-2.12.1.jar:/home/runner/.m2/repository/org/apache/hadoop/hadoop-yarn-client/3.3.1/hadoop-yarn-client-3.3.1.jar:/home/runner/.m2/repository/org/eclipse/jetty/websocket/websocket-client/9.4.40.v20210413/websocket-client-9.4.40.v20210413.jar:/home/runner/.m2/repository/org/eclipse/jetty/jetty-client/9.4.40.v20210413/jetty-client-9.4.40.v20210413.jar:/home/runner/.m2/repository/org/eclipse/jetty/websocket/websocket-common/9.4.40.v20210413/websocket-common-9.4.40.v20210413.jar:/home/runner/.m2/repository/org/eclipse/jetty/websocket/websocket-api/9.4.40.v20210413/websocket-api-9.4.40.v20210413.jar:/home/runner/.m2/repository/org/jline/jline/3.9.0/jline-3.9.0.jar:/home/runner/.m2/repository/org/apache/hadoop/hadoop-mapreduce-client-core/3.3.1/hadoop-mapreduce-client-core-3.3.1.jar:/home/runner/.m2/repository/org/apache/avro/avro/1.7.7/avro-1.7.7.jar:/home/runner/.m2/repository/org/codehaus/jackson/jackson-core-asl/1.9.13/jackson-core-asl-1.9.13.jar:/home/runner/.m2/repository/org/codehaus/jackson/jackson-mapper-asl/1.9.13/jackson-mapper-asl-1.9.13.jar:/home/runner/.m2/repository/com/thoughtworks/paranamer/paranamer/2.3/paranamer-2.3.jar:/home/runner/.m2/repository/org/apache/hadoop/hadoop-annotations/3.3.1/hadoop-annotations-3.3.1.jar:/usr/lib/jvm/adoptopenjdk-8-hotspot-amd64/jre/../lib/tools.jar:/home/runner/.m2/repository/org/apache/hadoop/hadoop-distcp/3.3.1/hadoop-distcp-3.3.1-tests.jar:/home/runner/.m2/repository/org/apache/ratis/ratis-common/2.1.0-03f3b68-SNAPSHOT/ratis-common-2.1.0-03f3b68-SNAPSHOT.jar:/home/runner/.m2/repository/org/apache/ratis/ratis-thirdparty-misc/0.7.0/ratis-thirdparty-misc-0.7.0.jar:/home/runner/.m2/repository/org/apache/ratis/ratis-proto/2.1.0-03f3b68-SNAPSHOT/ratis-proto-2.1.0-03f3b68-SNAPSHOT.jar:"/>
    <property name="sun.cpu.endian" value="little"/>
    <property name="user.home" value="/home/runner"/>
    <property name="user.language" value="en"/>
    <property name="java.specification.vendor" value="Oracle Corporation"/>
    <property name="java.home" value="/usr/lib/jvm/adoptopenjdk-8-hotspot-amd64/jre"/>
    <property name="java.security.krb5.conf" value="/home/runner/work/ozone/ozone/hadoop-ozone/integration-test/target/test-classes/krb5.conf"/>
    <property name="basedir" value="/home/runner/work/ozone/ozone/hadoop-ozone/integration-test"/>
    <property name="file.separator" value="/"/>
    <property name="line.separator" value="&#10;"/>
    <property name="java.vm.specification.vendor" value="Oracle Corporation"/>
    <property name="java.specification.name" value="Java Platform API Specification"/>
    <property name="java.awt.graphicsenv" value="sun.awt.X11GraphicsEnvironment"/>
    <property name="skip.installnpx" value="true"/>
    <property name="surefire.real.class.path" value="/home/runner/work/ozone/ozone/hadoop-ozone/integration-test/target/surefire/surefirebooter3282393484370147915.jar:/home/runner/.m2/repository/org/jacoco/org.jacoco.agent/0.8.5/org.jacoco.agent-0.8.5-runtime.jar"/>
    <property name="hadoop.log.dir" value="/home/runner/work/ozone/ozone/hadoop-ozone/integration-test/target/log"/>
    <property name="sun.boot.class.path" value="/usr/lib/jvm/adoptopenjdk-8-hotspot-amd64/jre/lib/resources.jar:/usr/lib/jvm/adoptopenjdk-8-hotspot-amd64/jre/lib/rt.jar:/usr/lib/jvm/adoptopenjdk-8-hotspot-amd64/jre/lib/sunrsasign.jar:/usr/lib/jvm/adoptopenjdk-8-hotspot-amd64/jre/lib/jsse.jar:/usr/lib/jvm/adoptopenjdk-8-hotspot-amd64/jre/lib/jce.jar:/usr/lib/jvm/adoptopenjdk-8-hotspot-amd64/jre/lib/charsets.jar:/usr/lib/jvm/adoptopenjdk-8-hotspot-amd64/jre/lib/jfr.jar:/usr/lib/jvm/adoptopenjdk-8-hotspot-amd64/jre/classes"/>
    <property name="sun.management.compiler" value="HotSpot 64-Bit Tiered Compilers"/>
    <property name="skip.npx" value="true"/>
    <property name="java.runtime.version" value="1.8.0_292-b10"/>
    <property name="java.net.preferIPv4Stack" value="true"/>
    <property name="user.name" value="runner"/>
    <property name="path.separator" value=":"/>
    <property name="java.security.egd" value="file:///dev/urandom"/>
    <property name="os.version" value="5.4.0-1056-azure"/>
    <property name="java.endorsed.dirs" value="/usr/lib/jvm/adoptopenjdk-8-hotspot-amd64/jre/lib/endorsed"/>
    <property name="java.runtime.name" value="OpenJDK Runtime Environment"/>
    <property name="file.encoding" value="UTF-8"/>
    <property name="java.vm.name" value="OpenJDK 64-Bit Server VM"/>
    <property name="test.build.webapps" value=""/>
    <property name="localRepository" value="/home/runner/.m2/repository"/>
    <property name="java.vendor.url.bug" value="https://github.com/AdoptOpenJDK/openjdk-support/issues"/>
    <property name="java.io.tmpdir" value="/tmp"/>
    <property name="require.test.libhadoop" value=""/>
    <property name="java.version" value="1.8.0_292"/>
    <property name="user.dir" value="/home/runner/work/ozone/ozone/hadoop-ozone/integration-test"/>
    <property name="os.arch" value="amd64"/>
    <property name="java.vm.specification.name" value="Java Virtual Machine Specification"/>
    <property name="test.build.classes" value="/home/runner/work/ozone/ozone/hadoop-ozone/integration-test/target/test-classes"/>
    <property name="java.awt.printerjob" value="sun.print.PSPrinterJob"/>
    <property name="sun.os.patch.level" value="unknown"/>
    <property name="hadoop.tmp.dir" value="/home/runner/work/ozone/ozone/hadoop-ozone/integration-test/target/tmp"/>
    <property name="java.library.path" value="/usr/java/packages/lib/amd64:/usr/lib64:/lib64:/lib:/usr/lib"/>
    <property name="java.vm.info" value="mixed mode"/>
    <property name="java.vendor" value="AdoptOpenJDK"/>
    <property name="java.vm.version" value="25.292-b10"/>
    <property name="java.ext.dirs" value="/usr/lib/jvm/adoptopenjdk-8-hotspot-amd64/jre/lib/ext:/usr/java/packages/lib/ext"/>
    <property name="sun.io.unicode.encoding" value="UnicodeLittle"/>
    <property name="java.class.version" value="52.0"/>
  </properties>
  <testcase name="testDeleteKeyWithSlowFollower" classname="org.apache.hadoop.ozone.client.rpc.TestDeleteWithSlowFollower" time="0.173">
    <failure type="java.lang.AssertionError">java.lang.AssertionError
	at org.junit.Assert.fail(Assert.java:87)
	at org.junit.Assert.assertTrue(Assert.java:42)
	at org.junit.Assert.assertNotNull(Assert.java:713)
	at org.junit.Assert.assertNotNull(Assert.java:723)
	at org.apache.hadoop.ozone.client.rpc.TestDeleteWithSlowFollower.testDeleteKeyWithSlowFollower(TestDeleteWithSlowFollower.java:237)
	at sun.reflect.NativeMethodAccessorImpl.invoke0(Native Method)
	at sun.reflect.NativeMethodAccessorImpl.invoke(NativeMethodAccessorImpl.java:62)
	at sun.reflect.DelegatingMethodAccessorImpl.invoke(DelegatingMethodAccessorImpl.java:43)
	at java.lang.reflect.Method.invoke(Method.java:498)
	at org.junit.runners.model.FrameworkMethod$1.runReflectiveCall(FrameworkMethod.java:59)
	at org.junit.internal.runners.model.ReflectiveCallable.run(ReflectiveCallable.java:12)
	at org.junit.runners.model.FrameworkMethod.invokeExplosively(FrameworkMethod.java:56)
	at org.junit.internal.runners.statements.InvokeMethod.evaluate(InvokeMethod.java:17)
	at org.junit.runners.ParentRunner$3.evaluate(ParentRunner.java:306)
	at org.junit.runners.BlockJUnit4ClassRunner$1.evaluate(BlockJUnit4ClassRunner.java:100)
	at org.junit.runners.ParentRunner.runLeaf(ParentRunner.java:366)
	at org.junit.runners.BlockJUnit4ClassRunner.runChild(BlockJUnit4ClassRunner.java:103)
	at org.junit.runners.BlockJUnit4ClassRunner.runChild(BlockJUnit4ClassRunner.java:63)
	at org.junit.runners.ParentRunner$4.run(ParentRunner.java:331)
	at org.junit.runners.ParentRunner$1.schedule(ParentRunner.java:79)
	at org.junit.runners.ParentRunner.runChildren(ParentRunner.java:329)
	at org.junit.runners.ParentRunner.access$100(ParentRunner.java:66)
	at org.junit.runners.ParentRunner$2.evaluate(ParentRunner.java:293)
	at org.junit.internal.runners.statements.RunBefores.evaluate(RunBefores.java:26)
	at org.junit.internal.runners.statements.RunAfters.evaluate(RunAfters.java:27)
	at org.junit.runners.ParentRunner$3.evaluate(ParentRunner.java:306)
	at org.junit.runners.ParentRunner.run(ParentRunner.java:413)
	at org.junit.runner.JUnitCore.run(JUnitCore.java:137)
	at org.junit.runner.JUnitCore.run(JUnitCore.java:115)
	at org.junit.vintage.engine.execution.RunnerExecutor.execute(RunnerExecutor.java:43)
	at java.util.stream.ForEachOps$ForEachOp$OfRef.accept(ForEachOps.java:183)
	at java.util.stream.ReferencePipeline$3$1.accept(ReferencePipeline.java:193)
	at java.util.Iterator.forEachRemaining(Iterator.java:116)
	at java.util.Spliterators$IteratorSpliterator.forEachRemaining(Spliterators.java:1801)
	at java.util.stream.AbstractPipeline.copyInto(AbstractPipeline.java:482)
	at java.util.stream.AbstractPipeline.wrapAndCopyInto(AbstractPipeline.java:472)
	at java.util.stream.ForEachOps$ForEachOp.evaluateSequential(ForEachOps.java:150)
	at java.util.stream.ForEachOps$ForEachOp$OfRef.evaluateSequential(ForEachOps.java:173)
	at java.util.stream.AbstractPipeline.evaluate(AbstractPipeline.java:234)
	at java.util.stream.ReferencePipeline.forEach(ReferencePipeline.java:485)
	at org.junit.vintage.engine.VintageTestEngine.executeAllChildren(VintageTestEngine.java:82)
	at org.junit.vintage.engine.VintageTestEngine.execute(VintageTestEngine.java:73)
	at org.junit.platform.launcher.core.EngineExecutionOrchestrator.execute(EngineExecutionOrchestrator.java:108)
	at org.junit.platform.launcher.core.EngineExecutionOrchestrator.execute(EngineExecutionOrchestrator.java:88)
	at org.junit.platform.launcher.core.EngineExecutionOrchestrator.lambda$execute$0(EngineExecutionOrchestrator.java:54)
	at org.junit.platform.launcher.core.EngineExecutionOrchestrator.withInterceptedStreams(EngineExecutionOrchestrator.java:67)
	at org.junit.platform.launcher.core.EngineExecutionOrchestrator.execute(EngineExecutionOrchestrator.java:52)
	at org.junit.platform.launcher.core.DefaultLauncher.execute(DefaultLauncher.java:96)
	at org.junit.platform.launcher.core.DefaultLauncher.execute(DefaultLauncher.java:75)
	at org.apache.maven.surefire.junitplatform.JUnitPlatformProvider.invokeAllTests(JUnitPlatformProvider.java:142)
	at org.apache.maven.surefire.junitplatform.JUnitPlatformProvider.invoke(JUnitPlatformProvider.java:113)
	at org.apache.maven.surefire.booter.ForkedBooter.invokeProviderInSameClassLoader(ForkedBooter.java:384)
	at org.apache.maven.surefire.booter.ForkedBooter.runSuitesInProcess(ForkedBooter.java:345)
	at org.apache.maven.surefire.booter.ForkedBooter.execute(ForkedBooter.java:126)
	at org.apache.maven.surefire.booter.ForkedBooter.main(ForkedBooter.java:418)
</failure>
    <system-out><![CDATA[2021-09-09 12:47:40,593 [main] WARN  server.ServerUtils (ServerUtils.java:getScmDbDir(148)) - ozone.scm.db.dirs is not configured. We recommend adding this setting. Falling back to ozone.metadata.dirs instead.
2021-09-09 12:47:40,704 [main] INFO  ha.SCMHANodeDetails (SCMHANodeDetails.java:loadSCMHAConfig(157)) - ServiceID for StorageContainerManager is null
2021-09-09 12:47:40,705 [main] INFO  ha.SCMHANodeDetails (SCMHANodeDetails.java:loadSCMHAConfig(162)) - ozone.scm.default.service.id is not defined, falling back to ozone.scm.service.ids to find serviceID for StorageContainerManager if it is HA enabled cluster
2021-09-09 12:47:40,835 [main] WARN  server.ServerUtils (ServerUtils.java:getScmDbDir(148)) - ozone.scm.db.dirs is not configured. We recommend adding this setting. Falling back to ozone.metadata.dirs instead.
2021-09-09 12:47:40,838 [main] INFO  upgrade.AbstractLayoutVersionManager (AbstractLayoutVersionManager.java:init(79)) - Initializing Layout version manager with metadata layout = SCM_HA (version = 2), software layout = SCM_HA (version = 2)
2021-09-09 12:47:41,154 [main] INFO  reflections.Reflections (Reflections.java:scan(232)) - Reflections took 196 ms to scan 7 urls, producing 119 keys and 275 values 
2021-09-09 12:47:41,863 [main] WARN  utils.HAUtils (HAUtils.java:getMetaDir(342)) - ozone.scm.db.dirs is not configured. We recommend adding this setting. Falling back to ozone.metadata.dirs instead.
2021-09-09 12:47:42,008 [main] WARN  db.DBStoreBuilder (DBStoreBuilder.java:applyDBDefinition(145)) - ozone.scm.db.dirs is not configured. We recommend adding this setting. Falling back to ozone.metadata.dirs instead.
2021-09-09 12:47:42,201 [main] INFO  net.NodeSchemaLoader (NodeSchemaLoader.java:loadSchemaFromFile(129)) - Loading schema from [jar:file:/home/runner/.m2/repository/org/apache/ozone/hdds-common/1.2.0-SNAPSHOT/hdds-common-1.2.0-SNAPSHOT.jar!/network-topology-default.xml]
2021-09-09 12:47:42,203 [main] INFO  net.NodeSchemaLoader (NodeSchemaLoader.java:loadSchema(176)) - Loading network topology layer schema file
2021-09-09 12:47:42,250 [main] INFO  metrics.MetricRegistries (MetricRegistriesLoader.java:load(64)) - Loaded MetricRegistries class org.apache.ratis.metrics.impl.MetricRegistriesImpl
2021-09-09 12:47:42,268 [main] INFO  ha.SequenceIdGenerator (SequenceIdGenerator.java:upgradeToSequenceId(327)) - upgrade localId to 107544261427200000
2021-09-09 12:47:42,269 [main] INFO  ha.SequenceIdGenerator (SequenceIdGenerator.java:upgradeToSequenceId(337)) - upgrade delTxnId to 0
2021-09-09 12:47:42,273 [main] INFO  ha.SequenceIdGenerator (SequenceIdGenerator.java:upgradeToSequenceId(351)) - upgrade containerId to 0
2021-09-09 12:47:42,276 [main] INFO  ha.SequenceIdGenerator (SequenceIdGenerator.java:<init>(217)) - Init the HA SequenceIdGenerator.
2021-09-09 12:47:42,330 [main] WARN  server.ServerUtils (ServerUtils.java:sanitizeUserArgs(73)) - ozone.scm.stale.node.interval value = 1000000 is larger than max = 100000 based on the key value of ozone.scm.heartbeat.thread.interval, reset to the max value 100000.
2021-09-09 12:47:42,332 [main] WARN  server.ServerUtils (ServerUtils.java:sanitizeUserArgs(73)) - ozone.scm.stale.node.interval value = 1000000 is larger than max = 100000 based on the key value of ozone.scm.heartbeat.thread.interval, reset to the max value 100000.
2021-09-09 12:47:42,340 [main] INFO  node.SCMNodeManager (SCMNodeManager.java:<init>(145)) - Entering startup safe mode.
2021-09-09 12:47:42,414 [main] INFO  algorithms.ContainerPlacementPolicyFactory (ContainerPlacementPolicyFactory.java:getPolicy(60)) - Create container placement policy of type org.apache.hadoop.hdds.scm.container.placement.algorithms.SCMContainerPlacementRandom
2021-09-09 12:47:42,426 [main] INFO  pipeline.PipelineStateManager (PipelineStateManagerV2Impl.java:initialize(78)) - No pipeline exists in current db
2021-09-09 12:47:42,465 [main] INFO  algorithms.LeaderChoosePolicyFactory (LeaderChoosePolicyFactory.java:getPolicy(57)) - Create leader choose policy of type org.apache.hadoop.hdds.scm.pipeline.leader.choose.algorithms.MinLeaderCountChoosePolicy
2021-09-09 12:47:42,475 [main] INFO  ha.SCMServiceManager (SCMServiceManager.java:register(43)) - Registering service BackgroundPipelineCreator.
2021-09-09 12:47:42,475 [main] INFO  pipeline.BackgroundPipelineCreator (BackgroundPipelineCreatorV2.java:start(130)) - Starting RatisPipelineUtilsThread.
2021-09-09 12:47:42,509 [main] INFO  algorithms.PipelineChoosePolicyFactory (PipelineChoosePolicyFactory.java:createPipelineChoosePolicyFromClass(73)) - Create pipeline choose policy of type org.apache.hadoop.hdds.scm.pipeline.choose.algorithms.RandomPipelineChoosePolicy
2021-09-09 12:47:42,535 [main] INFO  ha.SCMServiceManager (SCMServiceManager.java:register(43)) - Registering service SCMBlockDeletingService.
2021-09-09 12:47:42,564 [main] INFO  ha.SCMServiceManager (SCMServiceManager.java:register(43)) - Registering service ReplicationManager.
2021-09-09 12:47:42,571 [main] INFO  container.ReplicationManager (ReplicationManager.java:start(307)) - Starting Replication Monitor Thread.
2021-09-09 12:47:42,582 [ReplicationMonitor] INFO  container.ReplicationManager (ReplicationManager.java:processAll(359)) - Replication Monitor Thread took 1 milliseconds for processing 0 containers.
2021-09-09 12:47:42,591 [main] INFO  safemode.ContainerSafeModeRule (ContainerSafeModeRule.java:<init>(89)) - containers with one replica threshold count 0
2021-09-09 12:47:42,594 [main] INFO  safemode.HealthyPipelineSafeModeRule (HealthyPipelineSafeModeRule.java:initializeRule(156)) - Total pipeline count is 0, healthy pipeline threshold count is 1
2021-09-09 12:47:42,598 [main] INFO  safemode.OneReplicaPipelineSafeModeRule (OneReplicaPipelineSafeModeRule.java:initializeRule(180)) - Total pipeline count is 0, pipeline's with at least one datanode reported threshold count is 0
2021-09-09 12:47:43,000 [main] INFO  ipc.CallQueueManager (CallQueueManager.java:<init>(90)) - Using callQueue: class java.util.concurrent.LinkedBlockingQueue, queueCapacity: 2000, scheduler: class org.apache.hadoop.ipc.DefaultRpcScheduler, ipcBackoff: false.
2021-09-09 12:47:43,041 [Socket Reader #1 for port 0] INFO  ipc.Server (Server.java:run(1265)) - Starting Socket Reader #1 for port 0
2021-09-09 12:47:43,102 [Listener at 0.0.0.0/40249] INFO  ipc.CallQueueManager (CallQueueManager.java:<init>(90)) - Using callQueue: class java.util.concurrent.LinkedBlockingQueue, queueCapacity: 2000, scheduler: class org.apache.hadoop.ipc.DefaultRpcScheduler, ipcBackoff: false.
2021-09-09 12:47:43,103 [Socket Reader #1 for port 0] INFO  ipc.Server (Server.java:run(1265)) - Starting Socket Reader #1 for port 0
2021-09-09 12:47:43,125 [Listener at 0.0.0.0/37551] INFO  ipc.CallQueueManager (CallQueueManager.java:<init>(90)) - Using callQueue: class java.util.concurrent.LinkedBlockingQueue, queueCapacity: 2000, scheduler: class org.apache.hadoop.ipc.DefaultRpcScheduler, ipcBackoff: false.
2021-09-09 12:47:43,126 [Socket Reader #1 for port 0] INFO  ipc.Server (Server.java:run(1265)) - Starting Socket Reader #1 for port 0
2021-09-09 12:47:43,195 [Listener at 0.0.0.0/34361] INFO  algorithms.ContainerPlacementPolicyFactory (ContainerPlacementPolicyFactory.java:getPolicy(60)) - Create container placement policy of type org.apache.hadoop.hdds.scm.container.placement.algorithms.SCMContainerPlacementRandom
2021-09-09 12:47:43,204 [Listener at 0.0.0.0/34361] INFO  server.StorageContainerManager (StorageContainerManager.java:<init>(387)) - 
Container Balancer status:
Key                            Value
Running                        false
Container Balancer Configuration values:
Key                                                Value
Threshold                                          0.1
Max Datanodes to Involve per Iteration(ratio)      0.5
Max Size to Move per Iteration                     10737418240B

2021-09-09 12:47:43,204 [Listener at 0.0.0.0/34361] WARN  events.EventQueue (EventQueue.java:fireEvent(194)) - No event handler registered for event TypedEvent{payloadType=SafeModeStatus, name='Safe mode status'}
2021-09-09 12:47:43,204 [Listener at 0.0.0.0/34361] INFO  ha.SCMContext (SCMContext.java:updateSafeModeStatus(205)) - Update SafeModeStatus from SafeModeStatus{safeModeStatus=true, preCheckPassed=false} to SafeModeStatus{safeModeStatus=true, preCheckPassed=false}.
2021-09-09 12:47:43,210 [Listener at 0.0.0.0/34361] INFO  server.StorageContainerManager (StorageContainerManager.java:start(1279)) - StorageContainerLocationProtocol RPC server is listening at /0.0.0.0:34361
2021-09-09 12:47:43,293 [Listener at 0.0.0.0/34361] WARN  impl.MetricsConfig (MetricsConfig.java:loadFirst(136)) - Cannot locate configuration: tried hadoop-metrics2-storagecontainermanager.properties,hadoop-metrics2.properties
2021-09-09 12:47:43,316 [Listener at 0.0.0.0/34361] INFO  impl.MetricsSystemImpl (MetricsSystemImpl.java:startTimer(378)) - Scheduled Metric snapshot period at 10 second(s).
2021-09-09 12:47:43,316 [Listener at 0.0.0.0/34361] INFO  impl.MetricsSystemImpl (MetricsSystemImpl.java:start(191)) - StorageContainerManager metrics system started
2021-09-09 12:47:43,704 [Listener at 0.0.0.0/34361] INFO  server.SCMClientProtocolServer (SCMClientProtocolServer.java:start(164)) - RPC server for Client  is listening at /0.0.0.0:34361
2021-09-09 12:47:43,706 [IPC Server Responder] INFO  ipc.Server (Server.java:run(1507)) - IPC Server Responder: starting
2021-09-09 12:47:43,707 [IPC Server listener on 0] INFO  ipc.Server (Server.java:run(1344)) - IPC Server listener on 0: starting
2021-09-09 12:47:43,715 [Listener at 0.0.0.0/34361] INFO  server.StorageContainerManager (StorageContainerManager.java:start(1294)) - ScmBlockLocationProtocol RPC server is listening at /0.0.0.0:37551
2021-09-09 12:47:43,716 [Listener at 0.0.0.0/34361] INFO  server.SCMBlockProtocolServer (SCMBlockProtocolServer.java:start(151)) - RPC server for Block Protocol is listening at /0.0.0.0:37551
2021-09-09 12:47:43,717 [IPC Server Responder] INFO  ipc.Server (Server.java:run(1507)) - IPC Server Responder: starting
2021-09-09 12:47:43,718 [IPC Server listener on 0] INFO  ipc.Server (Server.java:run(1344)) - IPC Server listener on 0: starting
2021-09-09 12:47:43,722 [Listener at 0.0.0.0/34361] INFO  server.StorageContainerManager (StorageContainerManager.java:start(1300)) - ScmDatanodeProtocl RPC server is listening at /0.0.0.0:40249
2021-09-09 12:47:43,722 [Listener at 0.0.0.0/34361] INFO  server.SCMDatanodeProtocolServer (SCMDatanodeProtocolServer.java:start(181)) - RPC server for DataNodes is listening at /0.0.0.0:40249
2021-09-09 12:47:43,725 [IPC Server Responder] INFO  ipc.Server (Server.java:run(1507)) - IPC Server Responder: starting
2021-09-09 12:47:43,725 [IPC Server listener on 0] INFO  ipc.Server (Server.java:run(1344)) - IPC Server listener on 0: starting
2021-09-09 12:47:43,747 [org.apache.hadoop.util.JvmPauseMonitor$Monitor@20171cdc] INFO  util.JvmPauseMonitor (JvmPauseMonitor.java:run(188)) - Starting JVM pause monitor
2021-09-09 12:47:43,764 [Listener at 0.0.0.0/34361] INFO  http.BaseHttpServer (BaseHttpServer.java:newHttpServer2BuilderForOzone(209)) - Starting Web-server for scm at: http://0.0.0.0:0
2021-09-09 12:47:43,764 [Listener at 0.0.0.0/34361] INFO  http.BaseHttpServer (BaseHttpServer.java:<init>(107)) - Hadoop Security Enabled: false Ozone Security Enabled: false Ozone HTTP Security Enabled: false 
2021-09-09 12:47:43,798 [Listener at 0.0.0.0/34361] INFO  util.log (Log.java:initialized(170)) - Logging initialized @4831ms to org.eclipse.jetty.util.log.Slf4jLog
2021-09-09 12:47:43,930 [Listener at 0.0.0.0/34361] INFO  server.AuthenticationFilter (AuthenticationFilter.java:constructSecretProvider(240)) - Unable to initialize FileSignerSecretProvider, falling back to use random secrets.
2021-09-09 12:47:43,939 [Listener at 0.0.0.0/34361] WARN  http.HttpRequestLog (HttpRequestLog.java:getRequestLog(103)) - Jetty request log can only be enabled using Log4j
2021-09-09 12:47:43,947 [Listener at 0.0.0.0/34361] INFO  http.HttpServer2 (HttpServer2.java:addGlobalFilter(1030)) - Added global filter 'safety' (class=org.apache.hadoop.hdds.server.http.HttpServer2$QuotingInputFilter)
2021-09-09 12:47:43,950 [Listener at 0.0.0.0/34361] INFO  http.HttpServer2 (HttpServer2.java:addFilter(1006)) - Added filter static_user_filter (class=org.apache.hadoop.http.lib.StaticUserWebFilter$StaticUserFilter) to context scm
2021-09-09 12:47:43,950 [Listener at 0.0.0.0/34361] INFO  http.HttpServer2 (HttpServer2.java:addFilter(1014)) - Added filter static_user_filter (class=org.apache.hadoop.http.lib.StaticUserWebFilter$StaticUserFilter) to context static
2021-09-09 12:47:43,950 [Listener at 0.0.0.0/34361] INFO  http.HttpServer2 (HttpServer2.java:addFilter(1014)) - Added filter static_user_filter (class=org.apache.hadoop.http.lib.StaticUserWebFilter$StaticUserFilter) to context logs
2021-09-09 12:47:43,993 [Listener at 0.0.0.0/34361] INFO  http.HttpServer2 (HttpServer2.java:bindListener(1249)) - Jetty bound to port 35367
2021-09-09 12:47:43,995 [Listener at 0.0.0.0/34361] INFO  server.Server (Server.java:doStart(375)) - jetty-9.4.43.v20210629; built: 2021-06-30T11:07:22.254Z; git: 526006ecfa3af7f1a27ef3a288e2bef7ea9dd7e8; jvm 1.8.0_292-b10
2021-09-09 12:47:44,029 [Listener at 0.0.0.0/34361] INFO  server.session (DefaultSessionIdManager.java:doStart(334)) - DefaultSessionIdManager workerName=node0
2021-09-09 12:47:44,030 [Listener at 0.0.0.0/34361] INFO  server.session (DefaultSessionIdManager.java:doStart(339)) - No SessionScavenger set, using defaults
2021-09-09 12:47:44,033 [Listener at 0.0.0.0/34361] INFO  server.session (HouseKeeper.java:startScavenging(132)) - node0 Scavenging every 600000ms
2021-09-09 12:47:44,048 [Listener at 0.0.0.0/34361] INFO  handler.ContextHandler (ContextHandler.java:doStart(915)) - Started o.e.j.s.ServletContextHandler@59aa1d1c{logs,/logs,file:///home/runner/work/ozone/ozone/hadoop-ozone/integration-test/target/log,AVAILABLE}
2021-09-09 12:47:44,049 [Listener at 0.0.0.0/34361] INFO  handler.ContextHandler (ContextHandler.java:doStart(915)) - Started o.e.j.s.ServletContextHandler@22f057b4{static,/static,file:///home/runner/work/ozone/ozone/hadoop-ozone/integration-test/target/test-classes/webapps/static,AVAILABLE}
2021-09-09 12:47:44,102 [Listener at 0.0.0.0/34361] INFO  handler.ContextHandler (ContextHandler.java:doStart(915)) - Started o.e.j.w.WebAppContext@4cddc036{scm,/,file:///home/runner/work/ozone/ozone/hadoop-ozone/integration-test/target/test-classes/webapps/scm/,AVAILABLE}{file:/home/runner/work/ozone/ozone/hadoop-ozone/integration-test/target/test-classes/webapps/scm}
2021-09-09 12:47:44,113 [Listener at 0.0.0.0/34361] INFO  server.AbstractConnector (AbstractConnector.java:doStart(331)) - Started ServerConnector@26291192{HTTP/1.1, (http/1.1)}{0.0.0.0:35367}
2021-09-09 12:47:44,113 [Listener at 0.0.0.0/34361] INFO  server.Server (Server.java:doStart(415)) - Started @5146ms
2021-09-09 12:47:44,117 [Listener at 0.0.0.0/34361] INFO  impl.MetricsSinkAdapter (MetricsSinkAdapter.java:start(204)) - Sink prometheus started
2021-09-09 12:47:44,118 [Listener at 0.0.0.0/34361] INFO  impl.MetricsSystemImpl (MetricsSystemImpl.java:registerSink(305)) - Registered sink prometheus
2021-09-09 12:47:44,120 [Listener at 0.0.0.0/34361] INFO  http.BaseHttpServer (BaseHttpServer.java:updateConnectorAddress(329)) - HTTP server of scm listening at http://0.0.0.0:35367
2021-09-09 12:47:44,122 [Listener at 0.0.0.0/34361] WARN  server.ServerUtils (ServerUtils.java:getDBPath(225)) - ozone.om.db.dirs is not configured. We recommend adding this setting. Falling back to ozone.metadata.dirs instead.
2021-09-09 12:47:44,274 [Listener at 0.0.0.0/34361] INFO  ha.OMHANodeDetails (OMHANodeDetails.java:loadOMHAConfig(112)) - ozone.om.internal.service.id is not defined, falling back to ozone.om.service.ids to find serviceID for OzoneManager if it is HA enabled cluster
2021-09-09 12:47:44,277 [Listener at 0.0.0.0/34361] INFO  ha.OMHANodeDetails (OMHANodeDetails.java:loadOMHAConfig(219)) - Configuration does not have ozone.om.address set. Falling back to the default OM address /127.0.0.1:0
2021-09-09 12:47:44,278 [Listener at 0.0.0.0/34361] INFO  ha.OMHANodeDetails (OMHANodeDetails.java:getOMNodeDetails(247)) - OM Service ID is not set. Setting it to the default ID: omServiceIdDefault
2021-09-09 12:47:44,278 [Listener at 0.0.0.0/34361] INFO  ha.OMHANodeDetails (OMHANodeDetails.java:getOMNodeDetails(254)) - OM Node ID is not set. Setting it to the default ID: om1
2021-09-09 12:47:44,281 [Listener at 0.0.0.0/34361] WARN  server.ServerUtils (ServerUtils.java:getDBPath(225)) - ozone.om.db.dirs is not configured. We recommend adding this setting. Falling back to ozone.metadata.dirs instead.
2021-09-09 12:47:44,284 [Listener at 0.0.0.0/34361] INFO  upgrade.AbstractLayoutVersionManager (AbstractLayoutVersionManager.java:init(79)) - Initializing Layout version manager with metadata layout = INITIAL_VERSION (version = 0), software layout = INITIAL_VERSION (version = 0)
2021-09-09 12:47:44,362 [Listener at 0.0.0.0/34361] INFO  reflections.Reflections (Reflections.java:scan(232)) - Reflections took 68 ms to scan 2 urls, producing 131 keys and 342 values [using 2 cores]
2021-09-09 12:47:44,376 [Listener at 0.0.0.0/34361] INFO  upgrade.OMLayoutVersionManager (OMLayoutVersionManager.java:lambda$0(115)) - Skipping Upgrade Action MockOmUpgradeAction since it has been finalized.
2021-09-09 12:47:44,377 [Listener at 0.0.0.0/34361] WARN  server.ServerUtils (ServerUtils.java:getDBPath(225)) - ozone.om.db.dirs is not configured. We recommend adding this setting. Falling back to ozone.metadata.dirs instead.
2021-09-09 12:47:44,836 [Listener at 0.0.0.0/34361] WARN  server.ServerUtils (ServerUtils.java:getDBPath(225)) - ozone.om.db.dirs is not configured. We recommend adding this setting. Falling back to ozone.metadata.dirs instead.
2021-09-09 12:47:44,844 [Listener at 0.0.0.0/34361] INFO  codec.OmKeyInfoCodec (OmKeyInfoCodec.java:<init>(51)) - OmKeyInfoCodec ignorePipeline = true
2021-09-09 12:47:44,847 [Listener at 0.0.0.0/34361] INFO  codec.RepeatedOmKeyInfoCodec (RepeatedOmKeyInfoCodec.java:<init>(42)) - RepeatedOmKeyInfoCodec ignorePipeline = true
2021-09-09 12:47:45,082 [Listener at 0.0.0.0/34361] INFO  om.OzoneManager (OzoneManager.java:addS3GVolumeToDB(4115)) - Created Volume s3v With Owner runner required for S3Gateway operations.
2021-09-09 12:47:45,155 [Listener at 0.0.0.0/34361] WARN  server.ServerUtils (ServerUtils.java:getDefaultRatisDirectory(237)) - Storage directory for Ratis is not configured. It is a good idea to map this to an SSD disk. Falling back to ozone.metadata.dirs
2021-09-09 12:47:45,155 [Listener at 0.0.0.0/34361] WARN  utils.OzoneManagerRatisUtils (OzoneManagerRatisUtils.java:getOMRatisSnapshotDirectory(391)) - ozone.om.ratis.snapshot.dir is not configured. Falling back to ozone.metadata.dirs config
2021-09-09 12:47:45,192 [Listener at 0.0.0.0/34361] WARN  server.ServerUtils (ServerUtils.java:getDefaultRatisDirectory(237)) - Storage directory for Ratis is not configured. It is a good idea to map this to an SSD disk. Falling back to ozone.metadata.dirs
2021-09-09 12:47:45,228 [Listener at 0.0.0.0/34361] INFO  ratis.OzoneManagerRatisServer (OzoneManagerRatisServer.java:<init>(158)) - Instantiating OM Ratis server with groupID: omServiceIdDefault and peers: localhost:9872
2021-09-09 12:47:45,237 [Listener at 0.0.0.0/34361] INFO  ratis.OzoneManagerStateMachine (OzoneManagerStateMachine.java:loadSnapshotInfoFromDB(605)) - LastAppliedIndex is set from TransactionInfo from OM DB as (t:0, i:~)
2021-09-09 12:47:45,276 [Listener at 0.0.0.0/34361] INFO  server.RaftServer (ConfUtils.java:logGet(44)) - raft.rpc.type = GRPC (default)
2021-09-09 12:47:45,367 [Listener at 0.0.0.0/34361] INFO  grpc.GrpcFactory (GrpcFactory.java:checkPooledByteBufAllocatorUseCacheForAllThreads(48)) - PERFORMANCE WARNING: useCacheForAllThreads is true that may cause Netty to create a lot garbage objects and, as a result, trigger GC.
	It is recommended to disable useCacheForAllThreads by setting -Dorg.apache.ratis.thirdparty.io.netty.allocator.useCacheForAllThreads=false in command line.
2021-09-09 12:47:45,371 [Listener at 0.0.0.0/34361] INFO  grpc.GrpcConfigKeys (ConfUtils.java:logGet(44)) - raft.grpc.admin.port = -1 (default)
2021-09-09 12:47:45,372 [Listener at 0.0.0.0/34361] INFO  grpc.GrpcConfigKeys (ConfUtils.java:logGet(44)) - raft.grpc.server.port = 9872 (custom)
2021-09-09 12:47:45,373 [Listener at 0.0.0.0/34361] INFO  grpc.GrpcConfigKeys (ConfUtils.java:logGet(44)) - raft.grpc.client.port = -1 (default)
2021-09-09 12:47:45,373 [Listener at 0.0.0.0/34361] INFO  grpc.GrpcConfigKeys (ConfUtils.java:logGet(44)) - raft.grpc.server.port = 9872 (custom)
2021-09-09 12:47:45,373 [Listener at 0.0.0.0/34361] INFO  grpc.GrpcConfigKeys (ConfUtils.java:logGet(44)) - raft.grpc.server.port = 9872 (custom)
2021-09-09 12:47:45,374 [Listener at 0.0.0.0/34361] INFO  server.GrpcService (ConfUtils.java:logGet(44)) - raft.grpc.message.size.max = 33554432 (custom)
2021-09-09 12:47:45,375 [Listener at 0.0.0.0/34361] INFO  server.RaftServerConfigKeys (ConfUtils.java:logGet(44)) - raft.server.log.appender.buffer.byte-limit = 33554432 (custom)
2021-09-09 12:47:45,377 [Listener at 0.0.0.0/34361] INFO  server.GrpcService (ConfUtils.java:logGet(44)) - raft.grpc.flow.control.window = 1MB (=1048576) (default)
2021-09-09 12:47:45,378 [Listener at 0.0.0.0/34361] INFO  server.RaftServerConfigKeys (ConfUtils.java:logGet(44)) - raft.server.rpc.request.timeout = 3000ms (default)
2021-09-09 12:47:45,713 [Listener at 0.0.0.0/34361] INFO  impl.DataStreamServerImpl (ConfUtils.java:logGet(44)) - raft.datastream.type = DISABLED (default)
2021-09-09 12:47:45,716 [Listener at 0.0.0.0/34361] INFO  server.RaftServerConfigKeys (ConfUtils.java:logGet(44)) - raft.server.rpc.slowness.timeout = 120s (custom)
2021-09-09 12:47:45,716 [Listener at 0.0.0.0/34361] INFO  server.RaftServerConfigKeys (ConfUtils.java:logGet(44)) - raft.server.leaderelection.leader.step-down.wait-time = 10s (default)
2021-09-09 12:47:45,733 [Listener at 0.0.0.0/34361] INFO  server.RaftServerConfigKeys (ConfUtils.java:logGet(44)) - raft.server.storage.dir = [/home/runner/work/ozone/ozone/hadoop-ozone/integration-test/target/test-dir/MiniOzoneClusterImpl-2c2d5e5b-af94-478e-8854-ace1b50e11fb/ozone-meta/ratis] (custom)
2021-09-09 12:47:45,739 [Listener at 0.0.0.0/34361] INFO  server.RaftServer (RaftServerProxy.java:addNew(95)) - om1: addNew group-C5BA1605619E:[om1|rpc:localhost:9872|priority:0] returns group-C5BA1605619E:java.util.concurrent.CompletableFuture@5867c87[Not completed]
2021-09-09 12:47:45,739 [Listener at 0.0.0.0/34361] INFO  om.OzoneManager (OzoneManager.java:initializeRatisServer(1573)) - OzoneManager Ratis server initialized at port 9872
2021-09-09 12:47:45,762 [Listener at 0.0.0.0/34361] INFO  ipc.CallQueueManager (CallQueueManager.java:<init>(90)) - Using callQueue: class java.util.concurrent.LinkedBlockingQueue, queueCapacity: 2000, scheduler: class org.apache.hadoop.ipc.DefaultRpcScheduler, ipcBackoff: false.
2021-09-09 12:47:45,773 [Socket Reader #1 for port 0] INFO  ipc.Server (Server.java:run(1265)) - Starting Socket Reader #1 for port 0
2021-09-09 12:47:45,778 [pool-39-thread-1] INFO  server.RaftServer$Division (RaftServerImpl.java:<init>(181)) - om1: new RaftServerImpl for group-C5BA1605619E:[om1|rpc:localhost:9872|priority:0] with OzoneManagerStateMachine:uninitialized
2021-09-09 12:47:45,782 [pool-39-thread-1] INFO  server.RaftServerConfigKeys (ConfUtils.java:logGet(44)) - raft.server.rpc.timeout.min = 1s (custom)
2021-09-09 12:47:45,782 [pool-39-thread-1] INFO  server.RaftServerConfigKeys (ConfUtils.java:logGet(44)) - raft.server.rpc.timeout.max = 1200ms (custom)
2021-09-09 12:47:45,782 [pool-39-thread-1] INFO  server.RaftServerConfigKeys (ConfUtils.java:logGet(44)) - raft.server.rpc.sleep.time = 25ms (default)
2021-09-09 12:47:45,782 [pool-39-thread-1] INFO  server.RaftServerConfigKeys (ConfUtils.java:logGet(44)) - raft.server.rpc.slowness.timeout = 120s (custom)
2021-09-09 12:47:45,783 [pool-39-thread-1] INFO  server.RaftServerConfigKeys (ConfUtils.java:logGet(44)) - raft.server.leaderelection.leader.step-down.wait-time = 10s (default)
2021-09-09 12:47:45,783 [pool-39-thread-1] INFO  server.RaftServerConfigKeys (ConfUtils.java:logGet(44)) - raft.server.sleep.deviation.threshold = 300ms (default)
2021-09-09 12:47:45,794 [pool-39-thread-1] INFO  server.RaftServerConfigKeys (ConfUtils.java:logGet(44)) - raft.server.log.appender.install.snapshot.enabled = false (custom)
2021-09-09 12:47:45,800 [pool-39-thread-1] INFO  server.RaftServer$Division (ServerState.java:<init>(105)) - om1@group-C5BA1605619E: ConfigurationManager, init=-1: [om1|rpc:localhost:9872|priority:0], old=null, confs=<EMPTY_MAP>
2021-09-09 12:47:45,800 [pool-39-thread-1] INFO  server.RaftServerConfigKeys (ConfUtils.java:logGet(44)) - raft.server.storage.dir = [/home/runner/work/ozone/ozone/hadoop-ozone/integration-test/target/test-dir/MiniOzoneClusterImpl-2c2d5e5b-af94-478e-8854-ace1b50e11fb/ozone-meta/ratis] (custom)
2021-09-09 12:47:45,805 [pool-39-thread-1] INFO  server.RaftServerConfigKeys (ConfUtils.java:logGet(44)) - raft.server.log.corruption.policy = EXCEPTION (default)
2021-09-09 12:47:45,805 [pool-39-thread-1] INFO  server.RaftServerConfigKeys (ConfUtils.java:logGet(44)) - raft.server.storage.free-space.min = 0MB (=0) (default)
2021-09-09 12:47:45,807 [pool-39-thread-1] INFO  storage.RaftStorageDirectory (RaftStorageDirectoryImpl.java:analyzeStorage(135)) - The storage directory /home/runner/work/ozone/ozone/hadoop-ozone/integration-test/target/test-dir/MiniOzoneClusterImpl-2c2d5e5b-af94-478e-8854-ace1b50e11fb/ozone-meta/ratis/bf265839-605b-3f16-9796-c5ba1605619e does not exist. Creating ...
2021-09-09 12:47:45,818 [pool-39-thread-1] INFO  storage.RaftStorageDirectory (RaftStorageDirectoryImpl.java:tryLock(230)) - Lock on /home/runner/work/ozone/ozone/hadoop-ozone/integration-test/target/test-dir/MiniOzoneClusterImpl-2c2d5e5b-af94-478e-8854-ace1b50e11fb/ozone-meta/ratis/bf265839-605b-3f16-9796-c5ba1605619e/in_use.lock acquired by nodename 5144@fv-az116-684
2021-09-09 12:47:45,830 [Listener at 127.0.0.1/41297] INFO  om.OzoneManager (OzoneManager.java:initFSOLayout(4321)) - Configured ozone.om.metadata.layout=SIMPLE and disabled optimized OM FS operations
2021-09-09 12:47:45,831 [Listener at 127.0.0.1/41297] INFO  impl.MetricsSystemImpl (MetricsSystemImpl.java:init(158)) - OzoneManager metrics system started (again)
2021-09-09 12:47:45,830 [pool-39-thread-1] INFO  storage.RaftStorage (RaftStorageImpl.java:format(89)) - Storage directory /home/runner/work/ozone/ozone/hadoop-ozone/integration-test/target/test-dir/MiniOzoneClusterImpl-2c2d5e5b-af94-478e-8854-ace1b50e11fb/ozone-meta/ratis/bf265839-605b-3f16-9796-c5ba1605619e has been successfully formatted.
2021-09-09 12:47:45,834 [pool-39-thread-1] INFO  server.RaftServerConfigKeys (ConfUtils.java:logGet(44)) - raft.server.notification.no-leader.timeout = 120s (custom)
2021-09-09 12:47:45,836 [pool-39-thread-1] INFO  server.RaftServerConfigKeys (ConfUtils.java:logGet(44)) - raft.server.log.use.memory = false (default)
2021-09-09 12:47:45,860 [Listener at 127.0.0.1/41297] INFO  om.OzoneManager (OzoneManager.java:start(1270)) - OzoneManager RPC server is listening at localhost/127.0.0.1:41297
2021-09-09 12:47:45,860 [pool-39-thread-1] INFO  server.RaftServerConfigKeys (ConfUtils.java:logGet(44)) - raft.server.log.purge.gap = 1000000 (custom)
2021-09-09 12:47:45,861 [pool-39-thread-1] INFO  server.RaftServerConfigKeys (ConfUtils.java:logGet(44)) - raft.server.log.appender.buffer.byte-limit = 33554432 (custom)
2021-09-09 12:47:45,865 [Listener at 127.0.0.1/41297] INFO  ratis.OzoneManagerRatisServer (OzoneManagerRatisServer.java:start(516)) - Starting OzoneManagerRatisServer om1 at port 9872
2021-09-09 12:47:45,878 [pool-39-thread-1] INFO  server.RaftServerConfigKeys (ConfUtils.java:logGet(44)) - raft.server.log.segment.size.max = 4194304 (custom)
2021-09-09 12:47:45,886 [pool-39-thread-1] INFO  server.RaftServerConfigKeys (ConfUtils.java:logGet(44)) - raft.server.log.segment.cache.num.max = 2 (custom)
2021-09-09 12:47:45,887 [pool-39-thread-1] INFO  server.RaftServerConfigKeys (ConfUtils.java:logGet(44)) - raft.server.log.segment.cache.size.max = 200MB (=209715200) (default)
2021-09-09 12:47:45,900 [pool-39-thread-1] INFO  segmented.SegmentedRaftLogWorker (SegmentedRaftLogWorker.java:<init>(182)) - new om1@group-C5BA1605619E-SegmentedRaftLogWorker for RaftStorageImpl:Storage Directory /home/runner/work/ozone/ozone/hadoop-ozone/integration-test/target/test-dir/MiniOzoneClusterImpl-2c2d5e5b-af94-478e-8854-ace1b50e11fb/ozone-meta/ratis/bf265839-605b-3f16-9796-c5ba1605619e
2021-09-09 12:47:45,900 [pool-39-thread-1] INFO  server.RaftServerConfigKeys (ConfUtils.java:logGet(44)) - raft.server.log.queue.byte-limit = 64MB (=67108864) (default)
2021-09-09 12:47:45,901 [pool-39-thread-1] INFO  server.RaftServerConfigKeys (ConfUtils.java:logGet(44)) - raft.server.log.queue.element-limit = 4096 (default)
2021-09-09 12:47:45,902 [pool-39-thread-1] INFO  server.RaftServerConfigKeys (ConfUtils.java:logGet(44)) - raft.server.log.segment.size.max = 4194304 (custom)
2021-09-09 12:47:45,902 [pool-39-thread-1] INFO  server.RaftServerConfigKeys (ConfUtils.java:logGet(44)) - raft.server.log.preallocated.size = 4194304 (custom)
2021-09-09 12:47:45,903 [pool-39-thread-1] INFO  server.RaftServerConfigKeys (ConfUtils.java:logGet(44)) - raft.server.log.force.sync.num = 128 (default)
2021-09-09 12:47:45,904 [pool-39-thread-1] INFO  server.RaftServerConfigKeys (ConfUtils.java:logGet(44)) - raft.server.log.statemachine.data.sync = true (default)
2021-09-09 12:47:45,904 [pool-39-thread-1] INFO  server.RaftServerConfigKeys (ConfUtils.java:logGet(44)) - raft.server.log.statemachine.data.sync.timeout = 10s (default)
2021-09-09 12:47:45,905 [pool-39-thread-1] INFO  server.RaftServerConfigKeys (ConfUtils.java:logGet(44)) - raft.server.log.statemachine.data.sync.timeout.retry = -1 (default)
2021-09-09 12:47:45,916 [pool-39-thread-1] INFO  server.RaftServerConfigKeys (ConfUtils.java:logGet(44)) - raft.server.log.write.buffer.size = 64KB (=65536) (default)
2021-09-09 12:47:45,917 [pool-39-thread-1] INFO  server.RaftServerConfigKeys (ConfUtils.java:logGet(44)) - raft.server.log.statemachine.data.caching.enabled = false (default)
2021-09-09 12:47:45,925 [pool-39-thread-1] INFO  segmented.SegmentedRaftLogWorker (SegmentedRaftLogWorker.java:lambda$new$0(133)) - om1@group-C5BA1605619E-SegmentedRaftLogWorker: flushIndex: setUnconditionally 0 -> -1
2021-09-09 12:47:45,925 [pool-39-thread-1] INFO  segmented.SegmentedRaftLogWorker (SegmentedRaftLogWorker.java:lambda$new$0(133)) - om1@group-C5BA1605619E-SegmentedRaftLogWorker: safeCacheEvictIndex: setUnconditionally 0 -> -1
2021-09-09 12:47:45,931 [pool-39-thread-1] INFO  server.RaftServerConfigKeys (ConfUtils.java:logGet(44)) - raft.server.snapshot.auto.trigger.enabled = true (custom)
2021-09-09 12:47:45,932 [pool-39-thread-1] INFO  server.RaftServerConfigKeys (ConfUtils.java:logGet(44)) - raft.server.snapshot.auto.trigger.threshold = 400000 (default)
2021-09-09 12:47:45,933 [pool-39-thread-1] INFO  server.RaftServerConfigKeys (ConfUtils.java:logGet(44)) - raft.server.snapshot.retention.file.num = -1 (default)
2021-09-09 12:47:45,933 [pool-39-thread-1] INFO  server.RaftServerConfigKeys (ConfUtils.java:logGet(44)) - raft.server.log.purge.upto.snapshot.index = true (custom)
2021-09-09 12:47:45,935 [pool-39-thread-1] INFO  server.RaftServerConfigKeys (ConfUtils.java:logGet(44)) - raft.server.retrycache.expirytime = 300s (custom)
2021-09-09 12:47:45,935 [pool-39-thread-1] INFO  server.RaftServerConfigKeys (ConfUtils.java:logGet(44)) - raft.server.retrycache.statistics.expirytime = 100μs (default)
2021-09-09 12:47:45,984 [Listener at 127.0.0.1/41297] INFO  server.RaftServer$Division (RaftServerImpl.java:start(296)) - om1@group-C5BA1605619E: start as a follower, conf=-1: [om1|rpc:localhost:9872|priority:0], old=null
2021-09-09 12:47:45,986 [Listener at 127.0.0.1/41297] INFO  server.RaftServer$Division (RaftServerImpl.java:setRole(285)) - om1@group-C5BA1605619E: changes role from      null to FOLLOWER at term 0 for startAsFollower
2021-09-09 12:47:45,987 [Listener at 127.0.0.1/41297] INFO  impl.RoleInfo (RoleInfo.java:updateAndGet(130)) - om1: start om1@group-C5BA1605619E-FollowerState
2021-09-09 12:47:45,991 [Listener at 127.0.0.1/41297] INFO  util.JmxRegister (JmxRegister.java:tryRegister(44)) - Successfully registered JMX Bean with object name Ratis:service=RaftServer,group=group-C5BA1605619E,id=om1
2021-09-09 12:47:45,998 [Listener at 127.0.0.1/41297] INFO  server.RaftServer (RaftServerProxy.java:lambda$start$5(374)) - om1: start RPC server
2021-09-09 12:47:46,063 [Listener at 127.0.0.1/41297] INFO  server.GrpcService (GrpcService.java:startImpl(253)) - om1: GrpcService started, listening on 9872
2021-09-09 12:47:46,070 [Listener at 127.0.0.1/41297] INFO  om.OzoneManager (OzoneManager.java:start(1288)) - Version File has different layout version (0) than OM DB (null). That is expected if this OM has never been finalized to a newer layout version.
2021-09-09 12:47:46,072 [org.apache.ratis.util.JvmPauseMonitor$$Lambda$521/1567657718@4d424aea] INFO  util.JvmPauseMonitor (JvmPauseMonitor.java:run(103)) - JvmPauseMonitor-om1: Started
2021-09-09 12:47:46,080 [Listener at 127.0.0.1/41297] INFO  http.BaseHttpServer (BaseHttpServer.java:newHttpServer2BuilderForOzone(209)) - Starting Web-server for ozoneManager at: http://0.0.0.0:0
2021-09-09 12:47:46,080 [Listener at 127.0.0.1/41297] INFO  http.BaseHttpServer (BaseHttpServer.java:<init>(107)) - Hadoop Security Enabled: false Ozone Security Enabled: false Ozone HTTP Security Enabled: false 
2021-09-09 12:47:46,082 [Listener at 127.0.0.1/41297] INFO  server.AuthenticationFilter (AuthenticationFilter.java:constructSecretProvider(240)) - Unable to initialize FileSignerSecretProvider, falling back to use random secrets.
2021-09-09 12:47:46,086 [Listener at 127.0.0.1/41297] WARN  http.HttpRequestLog (HttpRequestLog.java:getRequestLog(103)) - Jetty request log can only be enabled using Log4j
2021-09-09 12:47:46,088 [Listener at 127.0.0.1/41297] INFO  http.HttpServer2 (HttpServer2.java:addGlobalFilter(1030)) - Added global filter 'safety' (class=org.apache.hadoop.hdds.server.http.HttpServer2$QuotingInputFilter)
2021-09-09 12:47:46,089 [Listener at 127.0.0.1/41297] INFO  http.HttpServer2 (HttpServer2.java:addFilter(1006)) - Added filter static_user_filter (class=org.apache.hadoop.http.lib.StaticUserWebFilter$StaticUserFilter) to context ozoneManager
2021-09-09 12:47:46,090 [Listener at 127.0.0.1/41297] INFO  http.HttpServer2 (HttpServer2.java:addFilter(1014)) - Added filter static_user_filter (class=org.apache.hadoop.http.lib.StaticUserWebFilter$StaticUserFilter) to context static
2021-09-09 12:47:46,090 [Listener at 127.0.0.1/41297] INFO  http.HttpServer2 (HttpServer2.java:addFilter(1014)) - Added filter static_user_filter (class=org.apache.hadoop.http.lib.StaticUserWebFilter$StaticUserFilter) to context logs
2021-09-09 12:47:46,105 [Listener at 127.0.0.1/41297] INFO  http.HttpServer2 (HttpServer2.java:bindListener(1249)) - Jetty bound to port 43499
2021-09-09 12:47:46,105 [Listener at 127.0.0.1/41297] INFO  server.Server (Server.java:doStart(375)) - jetty-9.4.43.v20210629; built: 2021-06-30T11:07:22.254Z; git: 526006ecfa3af7f1a27ef3a288e2bef7ea9dd7e8; jvm 1.8.0_292-b10
2021-09-09 12:47:46,110 [Listener at 127.0.0.1/41297] INFO  server.session (DefaultSessionIdManager.java:doStart(334)) - DefaultSessionIdManager workerName=node0
2021-09-09 12:47:46,110 [Listener at 127.0.0.1/41297] INFO  server.session (DefaultSessionIdManager.java:doStart(339)) - No SessionScavenger set, using defaults
2021-09-09 12:47:46,110 [Listener at 127.0.0.1/41297] INFO  server.session (HouseKeeper.java:startScavenging(132)) - node0 Scavenging every 660000ms
2021-09-09 12:47:46,111 [Listener at 127.0.0.1/41297] INFO  handler.ContextHandler (ContextHandler.java:doStart(915)) - Started o.e.j.s.ServletContextHandler@230d0018{logs,/logs,file:///home/runner/work/ozone/ozone/hadoop-ozone/integration-test/target/log,AVAILABLE}
2021-09-09 12:47:46,111 [Listener at 127.0.0.1/41297] INFO  handler.ContextHandler (ContextHandler.java:doStart(915)) - Started o.e.j.s.ServletContextHandler@5002fc11{static,/static,file:///home/runner/work/ozone/ozone/hadoop-ozone/integration-test/target/test-classes/webapps/static,AVAILABLE}
2021-09-09 12:47:46,116 [Listener at 127.0.0.1/41297] INFO  handler.ContextHandler (ContextHandler.java:doStart(915)) - Started o.e.j.w.WebAppContext@3a19b933{ozoneManager,/,file:///home/runner/work/ozone/ozone/hadoop-ozone/integration-test/target/test-classes/webapps/ozoneManager/,AVAILABLE}{file:/home/runner/work/ozone/ozone/hadoop-ozone/integration-test/target/test-classes/webapps/ozoneManager}
2021-09-09 12:47:46,124 [Listener at 127.0.0.1/41297] INFO  server.AbstractConnector (AbstractConnector.java:doStart(331)) - Started ServerConnector@3f937c0e{HTTP/1.1, (http/1.1)}{0.0.0.0:43499}
2021-09-09 12:47:46,124 [Listener at 127.0.0.1/41297] INFO  server.Server (Server.java:doStart(415)) - Started @7157ms
2021-09-09 12:47:46,125 [Listener at 127.0.0.1/41297] WARN  impl.MetricsSystemImpl (MetricsSystemImpl.java:register(279)) - Sink prometheus already exists!
2021-09-09 12:47:46,126 [Listener at 127.0.0.1/41297] INFO  http.BaseHttpServer (BaseHttpServer.java:updateConnectorAddress(329)) - HTTP server of ozoneManager listening at http://0.0.0.0:43499
2021-09-09 12:47:46,130 [IPC Server Responder] INFO  ipc.Server (Server.java:run(1507)) - IPC Server Responder: starting
2021-09-09 12:47:46,130 [IPC Server listener on 0] INFO  ipc.Server (Server.java:run(1344)) - IPC Server listener on 0: starting
2021-09-09 12:47:46,136 [Listener at 127.0.0.1/41297] INFO  om.OzoneManager (OzoneManager.java:startTrashEmptier(1531)) - Trash Interval set to 0. Files deleted will not move to trash
2021-09-09 12:47:46,152 [org.apache.hadoop.util.JvmPauseMonitor$Monitor@3d1637ff] INFO  util.JvmPauseMonitor (JvmPauseMonitor.java:run(188)) - Starting JVM pause monitor
2021-09-09 12:47:46,323 [Listener at 127.0.0.1/41297] WARN  impl.MetricRegistriesImpl (MetricRegistriesImpl.java:addReporterRegistration(111)) - New reporters are added after registries were created. Some metrics will be missing from the reporter. Please add reporter before adding any new registry.
2021-09-09 12:47:46,323 [Listener at 127.0.0.1/41297] WARN  impl.MetricRegistriesImpl (MetricRegistriesImpl.java:addReporterRegistration(111)) - New reporters are added after registries were created. Some metrics will be missing from the reporter. Please add reporter before adding any new registry.
2021-09-09 12:47:46,324 [Listener at 127.0.0.1/41297] INFO  impl.MetricsSystemImpl (MetricsSystemImpl.java:init(158)) - HddsDatanode metrics system started (again)
2021-09-09 12:47:46,348 [Listener at 127.0.0.1/41297] INFO  ozone.HddsDatanodeService (HddsDatanodeService.java:start(234)) - HddsDatanodeService host:fv-az116-684.vzw04321ajxubdbcnpick5nqva.xx.internal.cloudapp.net ip:10.1.0.24
2021-09-09 12:47:46,381 [Listener at 127.0.0.1/41297] INFO  upgrade.AbstractLayoutVersionManager (AbstractLayoutVersionManager.java:init(79)) - Initializing Layout version manager with metadata layout = SCM_HA (version = 2), software layout = SCM_HA (version = 2)
2021-09-09 12:47:46,440 [Listener at 127.0.0.1/41297] INFO  reflections.Reflections (Reflections.java:scan(232)) - Reflections took 56 ms to scan 7 urls, producing 119 keys and 275 values 
2021-09-09 12:47:46,515 [Listener at 127.0.0.1/41297] INFO  volume.HddsVolume (HddsVolume.java:<init>(120)) - Creating HddsVolume: /home/runner/work/ozone/ozone/hadoop-ozone/integration-test/target/test-dir/MiniOzoneClusterImpl-2c2d5e5b-af94-478e-8854-ace1b50e11fb/datanode-0/data-0/containers/hdds of storage type : DISK capacity : 9223372036854775807
2021-09-09 12:47:46,517 [Listener at 127.0.0.1/41297] INFO  volume.MutableVolumeSet (MutableVolumeSet.java:initializeVolumeSet(168)) - Added Volume : /home/runner/work/ozone/ozone/hadoop-ozone/integration-test/target/test-dir/MiniOzoneClusterImpl-2c2d5e5b-af94-478e-8854-ace1b50e11fb/datanode-0/data-0/containers/hdds to VolumeSet
2021-09-09 12:47:46,518 [Listener at 127.0.0.1/41297] INFO  volume.ThrottledAsyncChecker (ThrottledAsyncChecker.java:schedule(141)) - Scheduling a check for /home/runner/work/ozone/ozone/hadoop-ozone/integration-test/target/test-dir/MiniOzoneClusterImpl-2c2d5e5b-af94-478e-8854-ace1b50e11fb/datanode-0/data-0/containers/hdds
2021-09-09 12:47:46,540 [Listener at 127.0.0.1/41297] INFO  volume.StorageVolumeChecker (StorageVolumeChecker.java:checkAllVolumes(202)) - Scheduled health check for volume /home/runner/work/ozone/ozone/hadoop-ozone/integration-test/target/test-dir/MiniOzoneClusterImpl-2c2d5e5b-af94-478e-8854-ace1b50e11fb/datanode-0/data-0/containers/hdds
2021-09-09 12:47:46,564 [Listener at 127.0.0.1/41297] INFO  volume.MutableVolumeSet (MutableVolumeSet.java:initializeVolumeSet(168)) - Added Volume : /home/runner/work/ozone/ozone/hadoop-ozone/integration-test/target/test-dir/MiniOzoneClusterImpl-2c2d5e5b-af94-478e-8854-ace1b50e11fb/datanode-0/data/ratis to VolumeSet
2021-09-09 12:47:46,564 [Listener at 127.0.0.1/41297] INFO  volume.ThrottledAsyncChecker (ThrottledAsyncChecker.java:schedule(141)) - Scheduling a check for /home/runner/work/ozone/ozone/hadoop-ozone/integration-test/target/test-dir/MiniOzoneClusterImpl-2c2d5e5b-af94-478e-8854-ace1b50e11fb/datanode-0/data/ratis
2021-09-09 12:47:46,564 [Listener at 127.0.0.1/41297] INFO  volume.StorageVolumeChecker (StorageVolumeChecker.java:checkAllVolumes(202)) - Scheduled health check for volume /home/runner/work/ozone/ozone/hadoop-ozone/integration-test/target/test-dir/MiniOzoneClusterImpl-2c2d5e5b-af94-478e-8854-ace1b50e11fb/datanode-0/data/ratis
2021-09-09 12:47:46,587 [Thread-128] INFO  ozoneimpl.ContainerReader (ContainerReader.java:readVolume(172)) - Finish verifying containers on volume /home/runner/work/ozone/ozone/hadoop-ozone/integration-test/target/test-dir/MiniOzoneClusterImpl-2c2d5e5b-af94-478e-8854-ace1b50e11fb/datanode-0/data-0/containers/hdds
2021-09-09 12:47:46,587 [Listener at 127.0.0.1/41297] INFO  ozoneimpl.OzoneContainer (OzoneContainer.java:buildContainerSet(236)) - Build ContainerSet costs 0s
2021-09-09 12:47:46,657 [Listener at 127.0.0.1/41297] INFO  server.RaftServer (ConfUtils.java:logGet(44)) - raft.rpc.type = GRPC (default)
2021-09-09 12:47:46,657 [Listener at 127.0.0.1/41297] INFO  grpc.GrpcFactory (GrpcFactory.java:checkPooledByteBufAllocatorUseCacheForAllThreads(48)) - PERFORMANCE WARNING: useCacheForAllThreads is true that may cause Netty to create a lot garbage objects and, as a result, trigger GC.
	It is recommended to disable useCacheForAllThreads by setting -Dorg.apache.ratis.thirdparty.io.netty.allocator.useCacheForAllThreads=false in command line.
2021-09-09 12:47:46,658 [Listener at 127.0.0.1/41297] INFO  grpc.GrpcConfigKeys (ConfUtils.java:logGet(44)) - raft.grpc.admin.port = 0 (custom)
2021-09-09 12:47:46,658 [Listener at 127.0.0.1/41297] INFO  grpc.GrpcConfigKeys (ConfUtils.java:logGet(44)) - raft.grpc.client.port = 0 (custom)
2021-09-09 12:47:46,658 [Listener at 127.0.0.1/41297] INFO  grpc.GrpcConfigKeys (ConfUtils.java:logGet(44)) - raft.grpc.server.port = 0 (default)
2021-09-09 12:47:46,658 [Listener at 127.0.0.1/41297] INFO  server.GrpcService (ConfUtils.java:logGet(44)) - raft.grpc.message.size.max = 32MB (=33554432) (custom)
2021-09-09 12:47:46,658 [Listener at 127.0.0.1/41297] INFO  server.RaftServerConfigKeys (ConfUtils.java:logGet(44)) - raft.server.log.appender.buffer.byte-limit = 33554432 (custom)
2021-09-09 12:47:46,659 [Listener at 127.0.0.1/41297] INFO  server.GrpcService (ConfUtils.java:logGet(44)) - raft.grpc.flow.control.window = 5MB (=5242880) (custom)
2021-09-09 12:47:46,659 [Listener at 127.0.0.1/41297] INFO  server.RaftServerConfigKeys (ConfUtils.java:logGet(44)) - raft.server.rpc.request.timeout = 3000ms (default)
2021-09-09 12:47:46,660 [Listener at 127.0.0.1/41297] INFO  impl.DataStreamServerImpl (ConfUtils.java:logGet(44)) - raft.datastream.type = DISABLED (default)
2021-09-09 12:47:46,660 [Listener at 127.0.0.1/41297] INFO  server.RaftServerConfigKeys (ConfUtils.java:logGet(44)) - raft.server.rpc.slowness.timeout = 1000000ms (custom)
2021-09-09 12:47:46,661 [Listener at 127.0.0.1/41297] INFO  server.RaftServerConfigKeys (ConfUtils.java:logGet(44)) - raft.server.leaderelection.leader.step-down.wait-time = 10s (default)
2021-09-09 12:47:46,661 [Listener at 127.0.0.1/41297] INFO  server.RaftServerConfigKeys (ConfUtils.java:logGet(44)) - raft.server.storage.dir = [/home/runner/work/ozone/ozone/hadoop-ozone/integration-test/target/test-dir/MiniOzoneClusterImpl-2c2d5e5b-af94-478e-8854-ace1b50e11fb/datanode-0/data/ratis] (custom)
2021-09-09 12:47:46,721 [Listener at 127.0.0.1/41297] INFO  http.BaseHttpServer (BaseHttpServer.java:newHttpServer2BuilderForOzone(209)) - Starting Web-server for hddsDatanode at: http://0.0.0.0:0
2021-09-09 12:47:46,722 [Listener at 127.0.0.1/41297] INFO  http.BaseHttpServer (BaseHttpServer.java:<init>(107)) - Hadoop Security Enabled: false Ozone Security Enabled: false Ozone HTTP Security Enabled: false 
2021-09-09 12:47:46,724 [Listener at 127.0.0.1/41297] INFO  server.AuthenticationFilter (AuthenticationFilter.java:constructSecretProvider(240)) - Unable to initialize FileSignerSecretProvider, falling back to use random secrets.
2021-09-09 12:47:46,724 [Listener at 127.0.0.1/41297] WARN  http.HttpRequestLog (HttpRequestLog.java:getRequestLog(103)) - Jetty request log can only be enabled using Log4j
2021-09-09 12:47:46,725 [Listener at 127.0.0.1/41297] INFO  http.HttpServer2 (HttpServer2.java:addGlobalFilter(1030)) - Added global filter 'safety' (class=org.apache.hadoop.hdds.server.http.HttpServer2$QuotingInputFilter)
2021-09-09 12:47:46,726 [Listener at 127.0.0.1/41297] INFO  http.HttpServer2 (HttpServer2.java:addFilter(1006)) - Added filter static_user_filter (class=org.apache.hadoop.http.lib.StaticUserWebFilter$StaticUserFilter) to context hddsDatanode
2021-09-09 12:47:46,727 [Listener at 127.0.0.1/41297] INFO  http.HttpServer2 (HttpServer2.java:addFilter(1014)) - Added filter static_user_filter (class=org.apache.hadoop.http.lib.StaticUserWebFilter$StaticUserFilter) to context static
2021-09-09 12:47:46,727 [Listener at 127.0.0.1/41297] INFO  http.HttpServer2 (HttpServer2.java:addFilter(1014)) - Added filter static_user_filter (class=org.apache.hadoop.http.lib.StaticUserWebFilter$StaticUserFilter) to context logs
2021-09-09 12:47:46,727 [Listener at 127.0.0.1/41297] INFO  http.HttpServer2 (HttpServer2.java:bindListener(1249)) - Jetty bound to port 45727
2021-09-09 12:47:46,728 [Listener at 127.0.0.1/41297] INFO  server.Server (Server.java:doStart(375)) - jetty-9.4.43.v20210629; built: 2021-06-30T11:07:22.254Z; git: 526006ecfa3af7f1a27ef3a288e2bef7ea9dd7e8; jvm 1.8.0_292-b10
2021-09-09 12:47:46,736 [Listener at 127.0.0.1/41297] INFO  server.session (DefaultSessionIdManager.java:doStart(334)) - DefaultSessionIdManager workerName=node0
2021-09-09 12:47:46,736 [Listener at 127.0.0.1/41297] INFO  server.session (DefaultSessionIdManager.java:doStart(339)) - No SessionScavenger set, using defaults
2021-09-09 12:47:46,736 [Listener at 127.0.0.1/41297] INFO  server.session (HouseKeeper.java:startScavenging(132)) - node0 Scavenging every 660000ms
2021-09-09 12:47:46,738 [Listener at 127.0.0.1/41297] INFO  handler.ContextHandler (ContextHandler.java:doStart(915)) - Started o.e.j.s.ServletContextHandler@3284a02f{logs,/logs,file:///home/runner/work/ozone/ozone/hadoop-ozone/integration-test/target/log,AVAILABLE}
2021-09-09 12:47:46,739 [Listener at 127.0.0.1/41297] INFO  handler.ContextHandler (ContextHandler.java:doStart(915)) - Started o.e.j.s.ServletContextHandler@5cb3bd9b{static,/static,jar:file:/home/runner/.m2/repository/org/apache/ozone/hdds-container-service/1.2.0-SNAPSHOT/hdds-container-service-1.2.0-SNAPSHOT.jar!/webapps/static,AVAILABLE}
2021-09-09 12:47:46,795 [Listener at 127.0.0.1/41297] INFO  handler.ContextHandler (ContextHandler.java:doStart(915)) - Started o.e.j.w.WebAppContext@6d5dbf38{hddsDatanode,/,file:///tmp/jetty-0_0_0_0-45727-hdds-container-service-1_2_0-SNAPSHOT_jar-_-any-1348806431188131473/webapp/,AVAILABLE}{jar:file:/home/runner/.m2/repository/org/apache/ozone/hdds-container-service/1.2.0-SNAPSHOT/hdds-container-service-1.2.0-SNAPSHOT.jar!/webapps/hddsDatanode}
2021-09-09 12:47:46,797 [Listener at 127.0.0.1/41297] INFO  server.AbstractConnector (AbstractConnector.java:doStart(331)) - Started ServerConnector@22445d8e{HTTP/1.1, (http/1.1)}{0.0.0.0:45727}
2021-09-09 12:47:46,797 [Listener at 127.0.0.1/41297] INFO  server.Server (Server.java:doStart(415)) - Started @7831ms
2021-09-09 12:47:46,797 [Listener at 127.0.0.1/41297] WARN  impl.MetricsSystemImpl (MetricsSystemImpl.java:register(279)) - Sink prometheus already exists!
2021-09-09 12:47:46,798 [Listener at 127.0.0.1/41297] INFO  http.BaseHttpServer (BaseHttpServer.java:updateConnectorAddress(329)) - HTTP server of hddsDatanode listening at http://0.0.0.0:45727
2021-09-09 12:47:46,801 [Listener at 127.0.0.1/41297] WARN  impl.MetricRegistriesImpl (MetricRegistriesImpl.java:addReporterRegistration(111)) - New reporters are added after registries were created. Some metrics will be missing from the reporter. Please add reporter before adding any new registry.
2021-09-09 12:47:46,801 [Listener at 127.0.0.1/41297] WARN  impl.MetricRegistriesImpl (MetricRegistriesImpl.java:addReporterRegistration(111)) - New reporters are added after registries were created. Some metrics will be missing from the reporter. Please add reporter before adding any new registry.
2021-09-09 12:47:46,802 [Listener at 127.0.0.1/41297] INFO  impl.MetricsSystemImpl (MetricsSystemImpl.java:init(158)) - HddsDatanode metrics system started (again)
2021-09-09 12:47:46,809 [Datanode State Machine Thread - 0] INFO  statemachine.DatanodeStateMachine (DatanodeStateMachine.java:lambda$startDaemon$0(456)) - Ozone container server started.
2021-09-09 12:47:46,824 [org.apache.hadoop.util.JvmPauseMonitor$Monitor@1a6d4d7e] INFO  util.JvmPauseMonitor (JvmPauseMonitor.java:run(188)) - Starting JVM pause monitor
2021-09-09 12:47:46,830 [Listener at 127.0.0.1/41297] INFO  ozone.HddsDatanodeService (HddsDatanodeService.java:start(234)) - HddsDatanodeService host:fv-az116-684.vzw04321ajxubdbcnpick5nqva.xx.internal.cloudapp.net ip:10.1.0.24
2021-09-09 12:47:46,861 [Listener at 127.0.0.1/41297] INFO  upgrade.AbstractLayoutVersionManager (AbstractLayoutVersionManager.java:init(79)) - Initializing Layout version manager with metadata layout = SCM_HA (version = 2), software layout = SCM_HA (version = 2)
2021-09-09 12:47:46,969 [Listener at 127.0.0.1/41297] INFO  reflections.Reflections (Reflections.java:scan(232)) - Reflections took 106 ms to scan 7 urls, producing 119 keys and 275 values 
2021-09-09 12:47:46,990 [Listener at 127.0.0.1/41297] INFO  volume.HddsVolume (HddsVolume.java:<init>(120)) - Creating HddsVolume: /home/runner/work/ozone/ozone/hadoop-ozone/integration-test/target/test-dir/MiniOzoneClusterImpl-2c2d5e5b-af94-478e-8854-ace1b50e11fb/datanode-1/data-0/containers/hdds of storage type : DISK capacity : 9223372036854775807
2021-09-09 12:47:46,990 [Listener at 127.0.0.1/41297] INFO  volume.MutableVolumeSet (MutableVolumeSet.java:initializeVolumeSet(168)) - Added Volume : /home/runner/work/ozone/ozone/hadoop-ozone/integration-test/target/test-dir/MiniOzoneClusterImpl-2c2d5e5b-af94-478e-8854-ace1b50e11fb/datanode-1/data-0/containers/hdds to VolumeSet
2021-09-09 12:47:46,990 [Listener at 127.0.0.1/41297] INFO  volume.ThrottledAsyncChecker (ThrottledAsyncChecker.java:schedule(141)) - Scheduling a check for /home/runner/work/ozone/ozone/hadoop-ozone/integration-test/target/test-dir/MiniOzoneClusterImpl-2c2d5e5b-af94-478e-8854-ace1b50e11fb/datanode-1/data-0/containers/hdds
2021-09-09 12:47:46,995 [Datanode State Machine Task Thread - 0] INFO  datanode.InitDatanodeState (InitDatanodeState.java:persistContainerDatanodeDetails(145)) - DatanodeDetails is persisted to /home/runner/work/ozone/ozone/hadoop-ozone/integration-test/target/test-dir/MiniOzoneClusterImpl-2c2d5e5b-af94-478e-8854-ace1b50e11fb/datanode-0/meta/datanode.id
2021-09-09 12:47:46,998 [Listener at 127.0.0.1/41297] INFO  volume.StorageVolumeChecker (StorageVolumeChecker.java:checkAllVolumes(202)) - Scheduled health check for volume /home/runner/work/ozone/ozone/hadoop-ozone/integration-test/target/test-dir/MiniOzoneClusterImpl-2c2d5e5b-af94-478e-8854-ace1b50e11fb/datanode-1/data-0/containers/hdds
2021-09-09 12:47:47,012 [Listener at 127.0.0.1/41297] INFO  volume.MutableVolumeSet (MutableVolumeSet.java:initializeVolumeSet(168)) - Added Volume : /home/runner/work/ozone/ozone/hadoop-ozone/integration-test/target/test-dir/MiniOzoneClusterImpl-2c2d5e5b-af94-478e-8854-ace1b50e11fb/datanode-1/data/ratis to VolumeSet
2021-09-09 12:47:47,012 [Listener at 127.0.0.1/41297] INFO  volume.ThrottledAsyncChecker (ThrottledAsyncChecker.java:schedule(141)) - Scheduling a check for /home/runner/work/ozone/ozone/hadoop-ozone/integration-test/target/test-dir/MiniOzoneClusterImpl-2c2d5e5b-af94-478e-8854-ace1b50e11fb/datanode-1/data/ratis
2021-09-09 12:47:47,013 [Listener at 127.0.0.1/41297] INFO  volume.StorageVolumeChecker (StorageVolumeChecker.java:checkAllVolumes(202)) - Scheduled health check for volume /home/runner/work/ozone/ozone/hadoop-ozone/integration-test/target/test-dir/MiniOzoneClusterImpl-2c2d5e5b-af94-478e-8854-ace1b50e11fb/datanode-1/data/ratis
2021-09-09 12:47:47,030 [Thread-140] INFO  ozoneimpl.ContainerReader (ContainerReader.java:readVolume(172)) - Finish verifying containers on volume /home/runner/work/ozone/ozone/hadoop-ozone/integration-test/target/test-dir/MiniOzoneClusterImpl-2c2d5e5b-af94-478e-8854-ace1b50e11fb/datanode-1/data-0/containers/hdds
2021-09-09 12:47:47,030 [Listener at 127.0.0.1/41297] INFO  ozoneimpl.OzoneContainer (OzoneContainer.java:buildContainerSet(236)) - Build ContainerSet costs 0s
2021-09-09 12:47:47,034 [Listener at 127.0.0.1/41297] INFO  server.RaftServer (ConfUtils.java:logGet(44)) - raft.rpc.type = GRPC (default)
2021-09-09 12:47:47,034 [Listener at 127.0.0.1/41297] INFO  grpc.GrpcFactory (GrpcFactory.java:checkPooledByteBufAllocatorUseCacheForAllThreads(48)) - PERFORMANCE WARNING: useCacheForAllThreads is true that may cause Netty to create a lot garbage objects and, as a result, trigger GC.
	It is recommended to disable useCacheForAllThreads by setting -Dorg.apache.ratis.thirdparty.io.netty.allocator.useCacheForAllThreads=false in command line.
2021-09-09 12:47:47,034 [Listener at 127.0.0.1/41297] INFO  grpc.GrpcConfigKeys (ConfUtils.java:logGet(44)) - raft.grpc.admin.port = 0 (custom)
2021-09-09 12:47:47,035 [Listener at 127.0.0.1/41297] INFO  grpc.GrpcConfigKeys (ConfUtils.java:logGet(44)) - raft.grpc.client.port = 0 (custom)
2021-09-09 12:47:47,035 [Listener at 127.0.0.1/41297] INFO  grpc.GrpcConfigKeys (ConfUtils.java:logGet(44)) - raft.grpc.server.port = 0 (default)
2021-09-09 12:47:47,035 [Listener at 127.0.0.1/41297] INFO  server.GrpcService (ConfUtils.java:logGet(44)) - raft.grpc.message.size.max = 32MB (=33554432) (custom)
2021-09-09 12:47:47,035 [Listener at 127.0.0.1/41297] INFO  server.RaftServerConfigKeys (ConfUtils.java:logGet(44)) - raft.server.log.appender.buffer.byte-limit = 33554432 (custom)
2021-09-09 12:47:47,035 [Listener at 127.0.0.1/41297] INFO  server.GrpcService (ConfUtils.java:logGet(44)) - raft.grpc.flow.control.window = 5MB (=5242880) (custom)
2021-09-09 12:47:47,036 [Listener at 127.0.0.1/41297] INFO  server.RaftServerConfigKeys (ConfUtils.java:logGet(44)) - raft.server.rpc.request.timeout = 3000ms (default)
2021-09-09 12:47:47,037 [Listener at 127.0.0.1/41297] INFO  impl.DataStreamServerImpl (ConfUtils.java:logGet(44)) - raft.datastream.type = DISABLED (default)
2021-09-09 12:47:47,037 [Listener at 127.0.0.1/41297] INFO  server.RaftServerConfigKeys (ConfUtils.java:logGet(44)) - raft.server.rpc.slowness.timeout = 1000000ms (custom)
2021-09-09 12:47:47,037 [Listener at 127.0.0.1/41297] INFO  server.RaftServerConfigKeys (ConfUtils.java:logGet(44)) - raft.server.leaderelection.leader.step-down.wait-time = 10s (default)
2021-09-09 12:47:47,038 [Listener at 127.0.0.1/41297] INFO  server.RaftServerConfigKeys (ConfUtils.java:logGet(44)) - raft.server.storage.dir = [/home/runner/work/ozone/ozone/hadoop-ozone/integration-test/target/test-dir/MiniOzoneClusterImpl-2c2d5e5b-af94-478e-8854-ace1b50e11fb/datanode-1/data/ratis] (custom)
2021-09-09 12:47:47,042 [Listener at 127.0.0.1/41297] INFO  http.BaseHttpServer (BaseHttpServer.java:newHttpServer2BuilderForOzone(209)) - Starting Web-server for hddsDatanode at: http://0.0.0.0:0
2021-09-09 12:47:47,042 [Listener at 127.0.0.1/41297] INFO  http.BaseHttpServer (BaseHttpServer.java:<init>(107)) - Hadoop Security Enabled: false Ozone Security Enabled: false Ozone HTTP Security Enabled: false 
2021-09-09 12:47:47,043 [Listener at 127.0.0.1/41297] INFO  server.AuthenticationFilter (AuthenticationFilter.java:constructSecretProvider(240)) - Unable to initialize FileSignerSecretProvider, falling back to use random secrets.
2021-09-09 12:47:47,044 [Listener at 127.0.0.1/41297] WARN  http.HttpRequestLog (HttpRequestLog.java:getRequestLog(103)) - Jetty request log can only be enabled using Log4j
2021-09-09 12:47:47,045 [Listener at 127.0.0.1/41297] INFO  http.HttpServer2 (HttpServer2.java:addGlobalFilter(1030)) - Added global filter 'safety' (class=org.apache.hadoop.hdds.server.http.HttpServer2$QuotingInputFilter)
2021-09-09 12:47:47,045 [Listener at 127.0.0.1/41297] INFO  http.HttpServer2 (HttpServer2.java:addFilter(1006)) - Added filter static_user_filter (class=org.apache.hadoop.http.lib.StaticUserWebFilter$StaticUserFilter) to context hddsDatanode
2021-09-09 12:47:47,046 [Listener at 127.0.0.1/41297] INFO  http.HttpServer2 (HttpServer2.java:addFilter(1014)) - Added filter static_user_filter (class=org.apache.hadoop.http.lib.StaticUserWebFilter$StaticUserFilter) to context static
2021-09-09 12:47:47,046 [Listener at 127.0.0.1/41297] INFO  http.HttpServer2 (HttpServer2.java:addFilter(1014)) - Added filter static_user_filter (class=org.apache.hadoop.http.lib.StaticUserWebFilter$StaticUserFilter) to context logs
2021-09-09 12:47:47,046 [Listener at 127.0.0.1/41297] INFO  http.HttpServer2 (HttpServer2.java:bindListener(1249)) - Jetty bound to port 37785
2021-09-09 12:47:47,047 [Listener at 127.0.0.1/41297] INFO  server.Server (Server.java:doStart(375)) - jetty-9.4.43.v20210629; built: 2021-06-30T11:07:22.254Z; git: 526006ecfa3af7f1a27ef3a288e2bef7ea9dd7e8; jvm 1.8.0_292-b10
2021-09-09 12:47:47,048 [Listener at 127.0.0.1/41297] INFO  server.session (DefaultSessionIdManager.java:doStart(334)) - DefaultSessionIdManager workerName=node0
2021-09-09 12:47:47,049 [Listener at 127.0.0.1/41297] INFO  server.session (DefaultSessionIdManager.java:doStart(339)) - No SessionScavenger set, using defaults
2021-09-09 12:47:47,049 [Listener at 127.0.0.1/41297] INFO  server.session (HouseKeeper.java:startScavenging(132)) - node0 Scavenging every 600000ms
2021-09-09 12:47:47,050 [Listener at 127.0.0.1/41297] INFO  handler.ContextHandler (ContextHandler.java:doStart(915)) - Started o.e.j.s.ServletContextHandler@7f5e2cf1{logs,/logs,file:///home/runner/work/ozone/ozone/hadoop-ozone/integration-test/target/log,AVAILABLE}
2021-09-09 12:47:47,050 [Listener at 127.0.0.1/41297] INFO  handler.ContextHandler (ContextHandler.java:doStart(915)) - Started o.e.j.s.ServletContextHandler@1469d14a{static,/static,jar:file:/home/runner/.m2/repository/org/apache/ozone/hdds-container-service/1.2.0-SNAPSHOT/hdds-container-service-1.2.0-SNAPSHOT.jar!/webapps/static,AVAILABLE}
2021-09-09 12:47:47,097 [Listener at 127.0.0.1/41297] INFO  handler.ContextHandler (ContextHandler.java:doStart(915)) - Started o.e.j.w.WebAppContext@7af5cf2a{hddsDatanode,/,file:///tmp/jetty-0_0_0_0-37785-hdds-container-service-1_2_0-SNAPSHOT_jar-_-any-5989743275352214764/webapp/,AVAILABLE}{jar:file:/home/runner/.m2/repository/org/apache/ozone/hdds-container-service/1.2.0-SNAPSHOT/hdds-container-service-1.2.0-SNAPSHOT.jar!/webapps/hddsDatanode}
2021-09-09 12:47:47,099 [om1@group-C5BA1605619E-FollowerState] INFO  impl.FollowerState (FollowerState.java:run(134)) - om1@group-C5BA1605619E-FollowerState: change to CANDIDATE, lastRpcElapsedTime:1111799633ns, electionTimeout:1105ms
2021-09-09 12:47:47,100 [om1@group-C5BA1605619E-FollowerState] INFO  impl.RoleInfo (RoleInfo.java:shutdownFollowerState(108)) - om1: shutdown om1@group-C5BA1605619E-FollowerState
2021-09-09 12:47:47,100 [om1@group-C5BA1605619E-FollowerState] INFO  server.RaftServer$Division (RaftServerImpl.java:setRole(285)) - om1@group-C5BA1605619E: changes role from  FOLLOWER to CANDIDATE at term 0 for changeToCandidate
2021-09-09 12:47:47,103 [om1@group-C5BA1605619E-FollowerState] INFO  server.RaftServerConfigKeys (ConfUtils.java:logGet(44)) - raft.server.leaderelection.pre-vote = false (custom)
2021-09-09 12:47:47,103 [om1@group-C5BA1605619E-FollowerState] INFO  impl.RoleInfo (RoleInfo.java:updateAndGet(130)) - om1: start om1@group-C5BA1605619E-LeaderElection1
2021-09-09 12:47:47,114 [Listener at 127.0.0.1/41297] INFO  server.AbstractConnector (AbstractConnector.java:doStart(331)) - Started ServerConnector@1ddf5237{HTTP/1.1, (http/1.1)}{0.0.0.0:37785}
2021-09-09 12:47:47,114 [Listener at 127.0.0.1/41297] INFO  server.Server (Server.java:doStart(415)) - Started @8147ms
2021-09-09 12:47:47,114 [Listener at 127.0.0.1/41297] WARN  impl.MetricsSystemImpl (MetricsSystemImpl.java:register(279)) - Sink prometheus already exists!
2021-09-09 12:47:47,115 [Listener at 127.0.0.1/41297] INFO  http.BaseHttpServer (BaseHttpServer.java:updateConnectorAddress(329)) - HTTP server of hddsDatanode listening at http://0.0.0.0:37785
2021-09-09 12:47:47,126 [Listener at 127.0.0.1/41297] WARN  impl.MetricRegistriesImpl (MetricRegistriesImpl.java:addReporterRegistration(111)) - New reporters are added after registries were created. Some metrics will be missing from the reporter. Please add reporter before adding any new registry.
2021-09-09 12:47:47,126 [Listener at 127.0.0.1/41297] WARN  impl.MetricRegistriesImpl (MetricRegistriesImpl.java:addReporterRegistration(111)) - New reporters are added after registries were created. Some metrics will be missing from the reporter. Please add reporter before adding any new registry.
2021-09-09 12:47:47,126 [Listener at 127.0.0.1/41297] INFO  impl.MetricsSystemImpl (MetricsSystemImpl.java:init(158)) - HddsDatanode metrics system started (again)
2021-09-09 12:47:47,126 [Datanode State Machine Thread - 0] INFO  statemachine.DatanodeStateMachine (DatanodeStateMachine.java:lambda$startDaemon$0(456)) - Ozone container server started.
2021-09-09 12:47:47,128 [om1@group-C5BA1605619E-LeaderElection1] INFO  impl.LeaderElection (LeaderElection.java:askForVotes(306)) - om1@group-C5BA1605619E-LeaderElection1 ELECTION round 0: submit vote requests at term 1 for -1: [om1|rpc:localhost:9872|priority:0], old=null
2021-09-09 12:47:47,129 [om1@group-C5BA1605619E-LeaderElection1] INFO  impl.LeaderElection (LeaderElection.java:askForVotes(308)) - om1@group-C5BA1605619E-LeaderElection1 ELECTION round 0: result PASSED (term=1)
2021-09-09 12:47:47,129 [om1@group-C5BA1605619E-LeaderElection1] INFO  impl.RoleInfo (RoleInfo.java:shutdownLeaderElection(121)) - om1: shutdown om1@group-C5BA1605619E-LeaderElection1
2021-09-09 12:47:47,130 [om1@group-C5BA1605619E-LeaderElection1] INFO  server.RaftServer$Division (RaftServerImpl.java:setRole(285)) - om1@group-C5BA1605619E: changes role from CANDIDATE to LEADER at term 1 for changeToLeader
2021-09-09 12:47:47,130 [om1@group-C5BA1605619E-LeaderElection1] INFO  server.RaftServer$Division (ServerState.java:setLeader(285)) - om1@group-C5BA1605619E: change Leader from null to om1 at term 1 for becomeLeader, leader elected after 1296ms
2021-09-09 12:47:47,137 [om1@group-C5BA1605619E-LeaderElection1] INFO  server.RaftServerConfigKeys (ConfUtils.java:logGet(44)) - raft.server.staging.catchup.gap = 1000 (default)
2021-09-09 12:47:47,149 [Listener at 127.0.0.1/41297] INFO  ozone.HddsDatanodeService (HddsDatanodeService.java:start(234)) - HddsDatanodeService host:fv-az116-684.vzw04321ajxubdbcnpick5nqva.xx.internal.cloudapp.net ip:10.1.0.24
2021-09-09 12:47:47,150 [om1@group-C5BA1605619E-LeaderElection1] INFO  server.RaftServerConfigKeys (ConfUtils.java:logGet(44)) - raft.server.write.element-limit = 4096 (default)
2021-09-09 12:47:47,152 [om1@group-C5BA1605619E-LeaderElection1] INFO  server.RaftServerConfigKeys (ConfUtils.java:logGet(44)) - raft.server.write.byte-limit = 64MB (=67108864) (default)
2021-09-09 12:47:47,334 [Listener at 127.0.0.1/41297] INFO  upgrade.AbstractLayoutVersionManager (AbstractLayoutVersionManager.java:init(79)) - Initializing Layout version manager with metadata layout = SCM_HA (version = 2), software layout = SCM_HA (version = 2)
2021-09-09 12:47:47,340 [org.apache.hadoop.util.JvmPauseMonitor$Monitor@f076459] INFO  util.JvmPauseMonitor (JvmPauseMonitor.java:run(188)) - Starting JVM pause monitor
2021-09-09 12:47:47,342 [om1@group-C5BA1605619E-LeaderElection1] INFO  server.RaftServerConfigKeys (ConfUtils.java:logGet(44)) - raft.server.watch.timeout = 10s (default)
2021-09-09 12:47:47,342 [om1@group-C5BA1605619E-LeaderElection1] INFO  server.RaftServerConfigKeys (ConfUtils.java:logGet(44)) - raft.server.watch.timeout.denomination = 1s (default)
2021-09-09 12:47:47,343 [om1@group-C5BA1605619E-LeaderElection1] INFO  server.RaftServerConfigKeys (ConfUtils.java:logGet(44)) - raft.server.watch.element-limit = 65536 (default)
2021-09-09 12:47:47,353 [Datanode State Machine Task Thread - 0] INFO  datanode.InitDatanodeState (InitDatanodeState.java:persistContainerDatanodeDetails(145)) - DatanodeDetails is persisted to /home/runner/work/ozone/ozone/hadoop-ozone/integration-test/target/test-dir/MiniOzoneClusterImpl-2c2d5e5b-af94-478e-8854-ace1b50e11fb/datanode-1/meta/datanode.id
2021-09-09 12:47:47,367 [om1@group-C5BA1605619E-LeaderElection1] INFO  impl.RoleInfo (RoleInfo.java:updateAndGet(130)) - om1: start om1@group-C5BA1605619E-LeaderStateImpl
2021-09-09 12:47:47,400 [Listener at 127.0.0.1/41297] INFO  reflections.Reflections (Reflections.java:scan(232)) - Reflections took 64 ms to scan 7 urls, producing 119 keys and 275 values 
2021-09-09 12:47:47,414 [Listener at 127.0.0.1/41297] INFO  volume.HddsVolume (HddsVolume.java:<init>(120)) - Creating HddsVolume: /home/runner/work/ozone/ozone/hadoop-ozone/integration-test/target/test-dir/MiniOzoneClusterImpl-2c2d5e5b-af94-478e-8854-ace1b50e11fb/datanode-2/data-0/containers/hdds of storage type : DISK capacity : 9223372036854775807
2021-09-09 12:47:47,415 [Listener at 127.0.0.1/41297] INFO  volume.MutableVolumeSet (MutableVolumeSet.java:initializeVolumeSet(168)) - Added Volume : /home/runner/work/ozone/ozone/hadoop-ozone/integration-test/target/test-dir/MiniOzoneClusterImpl-2c2d5e5b-af94-478e-8854-ace1b50e11fb/datanode-2/data-0/containers/hdds to VolumeSet
2021-09-09 12:47:47,415 [Listener at 127.0.0.1/41297] INFO  volume.ThrottledAsyncChecker (ThrottledAsyncChecker.java:schedule(141)) - Scheduling a check for /home/runner/work/ozone/ozone/hadoop-ozone/integration-test/target/test-dir/MiniOzoneClusterImpl-2c2d5e5b-af94-478e-8854-ace1b50e11fb/datanode-2/data-0/containers/hdds
2021-09-09 12:47:47,417 [Listener at 127.0.0.1/41297] INFO  volume.StorageVolumeChecker (StorageVolumeChecker.java:checkAllVolumes(202)) - Scheduled health check for volume /home/runner/work/ozone/ozone/hadoop-ozone/integration-test/target/test-dir/MiniOzoneClusterImpl-2c2d5e5b-af94-478e-8854-ace1b50e11fb/datanode-2/data-0/containers/hdds
2021-09-09 12:47:47,433 [om1@group-C5BA1605619E-LeaderElection1] INFO  segmented.SegmentedRaftLogWorker (SegmentedRaftLogWorker.java:startLogSegment(394)) - om1@group-C5BA1605619E-SegmentedRaftLogWorker: Starting segment from index:0
2021-09-09 12:47:47,454 [Listener at 127.0.0.1/41297] INFO  volume.MutableVolumeSet (MutableVolumeSet.java:initializeVolumeSet(168)) - Added Volume : /home/runner/work/ozone/ozone/hadoop-ozone/integration-test/target/test-dir/MiniOzoneClusterImpl-2c2d5e5b-af94-478e-8854-ace1b50e11fb/datanode-2/data/ratis to VolumeSet
2021-09-09 12:47:47,454 [Listener at 127.0.0.1/41297] INFO  volume.ThrottledAsyncChecker (ThrottledAsyncChecker.java:schedule(141)) - Scheduling a check for /home/runner/work/ozone/ozone/hadoop-ozone/integration-test/target/test-dir/MiniOzoneClusterImpl-2c2d5e5b-af94-478e-8854-ace1b50e11fb/datanode-2/data/ratis
2021-09-09 12:47:47,454 [Listener at 127.0.0.1/41297] INFO  volume.StorageVolumeChecker (StorageVolumeChecker.java:checkAllVolumes(202)) - Scheduled health check for volume /home/runner/work/ozone/ozone/hadoop-ozone/integration-test/target/test-dir/MiniOzoneClusterImpl-2c2d5e5b-af94-478e-8854-ace1b50e11fb/datanode-2/data/ratis
2021-09-09 12:47:47,490 [Thread-154] INFO  ozoneimpl.ContainerReader (ContainerReader.java:readVolume(172)) - Finish verifying containers on volume /home/runner/work/ozone/ozone/hadoop-ozone/integration-test/target/test-dir/MiniOzoneClusterImpl-2c2d5e5b-af94-478e-8854-ace1b50e11fb/datanode-2/data-0/containers/hdds
2021-09-09 12:47:47,501 [Listener at 127.0.0.1/41297] INFO  ozoneimpl.OzoneContainer (OzoneContainer.java:buildContainerSet(236)) - Build ContainerSet costs 0s
2021-09-09 12:47:47,504 [Listener at 127.0.0.1/41297] INFO  server.RaftServer (ConfUtils.java:logGet(44)) - raft.rpc.type = GRPC (default)
2021-09-09 12:47:47,504 [Listener at 127.0.0.1/41297] INFO  grpc.GrpcFactory (GrpcFactory.java:checkPooledByteBufAllocatorUseCacheForAllThreads(48)) - PERFORMANCE WARNING: useCacheForAllThreads is true that may cause Netty to create a lot garbage objects and, as a result, trigger GC.
	It is recommended to disable useCacheForAllThreads by setting -Dorg.apache.ratis.thirdparty.io.netty.allocator.useCacheForAllThreads=false in command line.
2021-09-09 12:47:47,505 [Listener at 127.0.0.1/41297] INFO  grpc.GrpcConfigKeys (ConfUtils.java:logGet(44)) - raft.grpc.admin.port = 0 (custom)
2021-09-09 12:47:47,505 [Listener at 127.0.0.1/41297] INFO  grpc.GrpcConfigKeys (ConfUtils.java:logGet(44)) - raft.grpc.client.port = 0 (custom)
2021-09-09 12:47:47,505 [Listener at 127.0.0.1/41297] INFO  grpc.GrpcConfigKeys (ConfUtils.java:logGet(44)) - raft.grpc.server.port = 0 (default)
2021-09-09 12:47:47,505 [Listener at 127.0.0.1/41297] INFO  server.GrpcService (ConfUtils.java:logGet(44)) - raft.grpc.message.size.max = 32MB (=33554432) (custom)
2021-09-09 12:47:47,505 [Listener at 127.0.0.1/41297] INFO  server.RaftServerConfigKeys (ConfUtils.java:logGet(44)) - raft.server.log.appender.buffer.byte-limit = 33554432 (custom)
2021-09-09 12:47:47,506 [Listener at 127.0.0.1/41297] INFO  server.GrpcService (ConfUtils.java:logGet(44)) - raft.grpc.flow.control.window = 5MB (=5242880) (custom)
2021-09-09 12:47:47,506 [Listener at 127.0.0.1/41297] INFO  server.RaftServerConfigKeys (ConfUtils.java:logGet(44)) - raft.server.rpc.request.timeout = 3000ms (default)
2021-09-09 12:47:47,507 [Listener at 127.0.0.1/41297] INFO  impl.DataStreamServerImpl (ConfUtils.java:logGet(44)) - raft.datastream.type = DISABLED (default)
2021-09-09 12:47:47,507 [Listener at 127.0.0.1/41297] INFO  server.RaftServerConfigKeys (ConfUtils.java:logGet(44)) - raft.server.rpc.slowness.timeout = 1000000ms (custom)
2021-09-09 12:47:47,507 [Listener at 127.0.0.1/41297] INFO  server.RaftServerConfigKeys (ConfUtils.java:logGet(44)) - raft.server.leaderelection.leader.step-down.wait-time = 10s (default)
2021-09-09 12:47:47,507 [Listener at 127.0.0.1/41297] INFO  server.RaftServerConfigKeys (ConfUtils.java:logGet(44)) - raft.server.storage.dir = [/home/runner/work/ozone/ozone/hadoop-ozone/integration-test/target/test-dir/MiniOzoneClusterImpl-2c2d5e5b-af94-478e-8854-ace1b50e11fb/datanode-2/data/ratis] (custom)
2021-09-09 12:47:47,510 [om1@group-C5BA1605619E-LeaderElection1] INFO  server.RaftServer$Division (ServerState.java:setRaftConf(387)) - om1@group-C5BA1605619E: set configuration 0: [om1|rpc:localhost:9872|admin:|client:|dataStream:|priority:0], old=null
2021-09-09 12:47:47,524 [Listener at 127.0.0.1/41297] INFO  http.BaseHttpServer (BaseHttpServer.java:newHttpServer2BuilderForOzone(209)) - Starting Web-server for hddsDatanode at: http://0.0.0.0:0
2021-09-09 12:47:47,524 [Listener at 127.0.0.1/41297] INFO  http.BaseHttpServer (BaseHttpServer.java:<init>(107)) - Hadoop Security Enabled: false Ozone Security Enabled: false Ozone HTTP Security Enabled: false 
2021-09-09 12:47:47,525 [Listener at 127.0.0.1/41297] INFO  server.AuthenticationFilter (AuthenticationFilter.java:constructSecretProvider(240)) - Unable to initialize FileSignerSecretProvider, falling back to use random secrets.
2021-09-09 12:47:47,527 [Listener at 127.0.0.1/41297] WARN  http.HttpRequestLog (HttpRequestLog.java:getRequestLog(103)) - Jetty request log can only be enabled using Log4j
2021-09-09 12:47:47,528 [Listener at 127.0.0.1/41297] INFO  http.HttpServer2 (HttpServer2.java:addGlobalFilter(1030)) - Added global filter 'safety' (class=org.apache.hadoop.hdds.server.http.HttpServer2$QuotingInputFilter)
2021-09-09 12:47:47,529 [Listener at 127.0.0.1/41297] INFO  http.HttpServer2 (HttpServer2.java:addFilter(1006)) - Added filter static_user_filter (class=org.apache.hadoop.http.lib.StaticUserWebFilter$StaticUserFilter) to context hddsDatanode
2021-09-09 12:47:47,529 [Listener at 127.0.0.1/41297] INFO  http.HttpServer2 (HttpServer2.java:addFilter(1014)) - Added filter static_user_filter (class=org.apache.hadoop.http.lib.StaticUserWebFilter$StaticUserFilter) to context static
2021-09-09 12:47:47,529 [Listener at 127.0.0.1/41297] INFO  http.HttpServer2 (HttpServer2.java:addFilter(1014)) - Added filter static_user_filter (class=org.apache.hadoop.http.lib.StaticUserWebFilter$StaticUserFilter) to context logs
2021-09-09 12:47:47,530 [Listener at 127.0.0.1/41297] INFO  http.HttpServer2 (HttpServer2.java:bindListener(1249)) - Jetty bound to port 35967
2021-09-09 12:47:47,530 [Listener at 127.0.0.1/41297] INFO  server.Server (Server.java:doStart(375)) - jetty-9.4.43.v20210629; built: 2021-06-30T11:07:22.254Z; git: 526006ecfa3af7f1a27ef3a288e2bef7ea9dd7e8; jvm 1.8.0_292-b10
2021-09-09 12:47:47,532 [Listener at 127.0.0.1/41297] INFO  server.session (DefaultSessionIdManager.java:doStart(334)) - DefaultSessionIdManager workerName=node0
2021-09-09 12:47:47,533 [Listener at 127.0.0.1/41297] INFO  server.session (DefaultSessionIdManager.java:doStart(339)) - No SessionScavenger set, using defaults
2021-09-09 12:47:47,533 [Listener at 127.0.0.1/41297] INFO  server.session (HouseKeeper.java:startScavenging(132)) - node0 Scavenging every 600000ms
2021-09-09 12:47:47,534 [Listener at 127.0.0.1/41297] INFO  handler.ContextHandler (ContextHandler.java:doStart(915)) - Started o.e.j.s.ServletContextHandler@12ce5274{logs,/logs,file:///home/runner/work/ozone/ozone/hadoop-ozone/integration-test/target/log,AVAILABLE}
2021-09-09 12:47:47,534 [Listener at 127.0.0.1/41297] INFO  handler.ContextHandler (ContextHandler.java:doStart(915)) - Started o.e.j.s.ServletContextHandler@4ad23216{static,/static,jar:file:/home/runner/.m2/repository/org/apache/ozone/hdds-container-service/1.2.0-SNAPSHOT/hdds-container-service-1.2.0-SNAPSHOT.jar!/webapps/static,AVAILABLE}
2021-09-09 12:47:47,597 [Listener at 127.0.0.1/41297] INFO  handler.ContextHandler (ContextHandler.java:doStart(915)) - Started o.e.j.w.WebAppContext@182711f5{hddsDatanode,/,file:///tmp/jetty-0_0_0_0-35967-hdds-container-service-1_2_0-SNAPSHOT_jar-_-any-5003537321222127654/webapp/,AVAILABLE}{jar:file:/home/runner/.m2/repository/org/apache/ozone/hdds-container-service/1.2.0-SNAPSHOT/hdds-container-service-1.2.0-SNAPSHOT.jar!/webapps/hddsDatanode}
2021-09-09 12:47:47,599 [Listener at 127.0.0.1/41297] INFO  server.AbstractConnector (AbstractConnector.java:doStart(331)) - Started ServerConnector@4710332d{HTTP/1.1, (http/1.1)}{0.0.0.0:35967}
2021-09-09 12:47:47,599 [Listener at 127.0.0.1/41297] INFO  server.Server (Server.java:doStart(415)) - Started @8632ms
2021-09-09 12:47:47,599 [Listener at 127.0.0.1/41297] WARN  impl.MetricsSystemImpl (MetricsSystemImpl.java:register(279)) - Sink prometheus already exists!
2021-09-09 12:47:47,600 [Listener at 127.0.0.1/41297] INFO  http.BaseHttpServer (BaseHttpServer.java:updateConnectorAddress(329)) - HTTP server of hddsDatanode listening at http://0.0.0.0:35967
2021-09-09 12:47:47,600 [Datanode State Machine Thread - 0] INFO  statemachine.DatanodeStateMachine (DatanodeStateMachine.java:lambda$startDaemon$0(456)) - Ozone container server started.
2021-09-09 12:47:47,602 [om1@group-C5BA1605619E-SegmentedRaftLogWorker] INFO  segmented.SegmentedRaftLogWorker (SegmentedRaftLogWorker.java:execute(601)) - om1@group-C5BA1605619E-SegmentedRaftLogWorker: created new log segment /home/runner/work/ozone/ozone/hadoop-ozone/integration-test/target/test-dir/MiniOzoneClusterImpl-2c2d5e5b-af94-478e-8854-ace1b50e11fb/ozone-meta/ratis/bf265839-605b-3f16-9796-c5ba1605619e/current/log_inprogress_0
2021-09-09 12:47:47,603 [Listener at 127.0.0.1/41297] INFO  ozone.MiniOzoneClusterImpl (MiniOzoneClusterImpl.java:lambda$waitForClusterToBeReady$0(235)) - Waiting for nodes to be ready. Got 0 of 3 DN Heartbeats.
2021-09-09 12:47:47,603 [Listener at 127.0.0.1/41297] INFO  ozone.MiniOzoneClusterImpl (MiniOzoneClusterImpl.java:lambda$waitForClusterToBeReady$0(238)) - Waiting for cluster to exit safe mode
2021-09-09 12:47:47,603 [Listener at 127.0.0.1/41297] INFO  ozone.MiniOzoneClusterImpl (MiniOzoneClusterImpl.java:lambda$waitForClusterToBeReady$0(240)) - SCM became leader
2021-09-09 12:47:47,622 [org.apache.hadoop.util.JvmPauseMonitor$Monitor@17d71c2d] INFO  util.JvmPauseMonitor (JvmPauseMonitor.java:run(188)) - Starting JVM pause monitor
2021-09-09 12:47:47,632 [Datanode State Machine Task Thread - 0] INFO  datanode.InitDatanodeState (InitDatanodeState.java:persistContainerDatanodeDetails(145)) - DatanodeDetails is persisted to /home/runner/work/ozone/ozone/hadoop-ozone/integration-test/target/test-dir/MiniOzoneClusterImpl-2c2d5e5b-af94-478e-8854-ace1b50e11fb/datanode-2/meta/datanode.id
2021-09-09 12:47:47,707 [om1@group-C5BA1605619E-StateMachineUpdater] INFO  ratis.OzoneManagerStateMachine (OzoneManagerStateMachine.java:notifyConfigurationChanged(188)) - Received Configuration change notification from Ratis. New Peer list:
[id: "om1"
address: "localhost:9872"
]
2021-09-09 12:47:48,604 [Listener at 127.0.0.1/41297] INFO  ozone.MiniOzoneClusterImpl (MiniOzoneClusterImpl.java:lambda$waitForClusterToBeReady$0(235)) - Waiting for nodes to be ready. Got 0 of 3 DN Heartbeats.
2021-09-09 12:47:48,604 [Listener at 127.0.0.1/41297] INFO  ozone.MiniOzoneClusterImpl (MiniOzoneClusterImpl.java:lambda$waitForClusterToBeReady$0(238)) - Waiting for cluster to exit safe mode
2021-09-09 12:47:48,604 [Listener at 127.0.0.1/41297] INFO  ozone.MiniOzoneClusterImpl (MiniOzoneClusterImpl.java:lambda$waitForClusterToBeReady$0(240)) - SCM became leader
2021-09-09 12:47:48,885 [EndpointStateMachine task thread for /0.0.0.0:40249 - 0 ] INFO  ozoneimpl.OzoneContainer (OzoneContainer.java:start(304)) - Attempting to start container services.
2021-09-09 12:47:48,887 [EndpointStateMachine task thread for /0.0.0.0:40249 - 0 ] INFO  ozoneimpl.OzoneContainer (OzoneContainer.java:startContainerScrub(249)) - Background container scanner has been disabled.
2021-09-09 12:47:48,889 [EndpointStateMachine task thread for /0.0.0.0:40249 - 0 ] INFO  replication.ReplicationServer (ReplicationServer.java:start(107)) - ReplicationServer is started using port 32909
2021-09-09 12:47:48,893 [EndpointStateMachine task thread for /0.0.0.0:40249 - 0 ] INFO  ratis.XceiverServerRatis (XceiverServerRatis.java:start(482)) - Starting XceiverServerRatis fb143889-6975-4026-9ff6-880cb13018db
2021-09-09 12:47:48,898 [EndpointStateMachine task thread for /0.0.0.0:40249 - 0 ] INFO  server.RaftServer (RaftServerProxy.java:lambda$start$5(374)) - fb143889-6975-4026-9ff6-880cb13018db: start RPC server
2021-09-09 12:47:48,910 [EndpointStateMachine task thread for /0.0.0.0:40249 - 0 ] INFO  server.GrpcService (GrpcService.java:startImpl(253)) - fb143889-6975-4026-9ff6-880cb13018db: GrpcService started, listening on 39863
2021-09-09 12:47:48,911 [EndpointStateMachine task thread for /0.0.0.0:40249 - 0 ] INFO  ratis.XceiverServerRatis (XceiverServerRatis.java:getRealPort(503)) - XceiverServerRatis fb143889-6975-4026-9ff6-880cb13018db is started using port 39863 for RATIS
2021-09-09 12:47:48,911 [EndpointStateMachine task thread for /0.0.0.0:40249 - 0 ] INFO  ratis.XceiverServerRatis (XceiverServerRatis.java:getRealPort(503)) - XceiverServerRatis fb143889-6975-4026-9ff6-880cb13018db is started using port 39863 for RATIS_ADMIN
2021-09-09 12:47:48,911 [EndpointStateMachine task thread for /0.0.0.0:40249 - 0 ] INFO  ratis.XceiverServerRatis (XceiverServerRatis.java:getRealPort(503)) - XceiverServerRatis fb143889-6975-4026-9ff6-880cb13018db is started using port 39863 for RATIS_SERVER
2021-09-09 12:47:48,918 [EndpointStateMachine task thread for /0.0.0.0:40249 - 0 ] INFO  server.XceiverServerGrpc (XceiverServerGrpc.java:start(135)) - XceiverServerGrpc fb143889-6975-4026-9ff6-880cb13018db is started using port 43105
2021-09-09 12:47:48,918 [org.apache.ratis.util.JvmPauseMonitor$$Lambda$521/1567657718@4503253f] INFO  util.JvmPauseMonitor (JvmPauseMonitor.java:run(103)) - JvmPauseMonitor-fb143889-6975-4026-9ff6-880cb13018db: Started
2021-09-09 12:47:49,166 [EndpointStateMachine task thread for /0.0.0.0:40249 - 0 ] INFO  ozoneimpl.OzoneContainer (OzoneContainer.java:start(304)) - Attempting to start container services.
2021-09-09 12:47:49,167 [EndpointStateMachine task thread for /0.0.0.0:40249 - 0 ] INFO  ozoneimpl.OzoneContainer (OzoneContainer.java:startContainerScrub(249)) - Background container scanner has been disabled.
2021-09-09 12:47:49,168 [EndpointStateMachine task thread for /0.0.0.0:40249 - 0 ] INFO  replication.ReplicationServer (ReplicationServer.java:start(107)) - ReplicationServer is started using port 35245
2021-09-09 12:47:49,168 [EndpointStateMachine task thread for /0.0.0.0:40249 - 0 ] INFO  ratis.XceiverServerRatis (XceiverServerRatis.java:start(482)) - Starting XceiverServerRatis 55b4ba96-bf07-45ec-820e-f4e510eb6251
2021-09-09 12:47:49,176 [EndpointStateMachine task thread for /0.0.0.0:40249 - 0 ] INFO  server.RaftServer (RaftServerProxy.java:lambda$start$5(374)) - 55b4ba96-bf07-45ec-820e-f4e510eb6251: start RPC server
2021-09-09 12:47:49,178 [EndpointStateMachine task thread for /0.0.0.0:40249 - 0 ] INFO  server.GrpcService (GrpcService.java:startImpl(253)) - 55b4ba96-bf07-45ec-820e-f4e510eb6251: GrpcService started, listening on 40873
2021-09-09 12:47:49,179 [EndpointStateMachine task thread for /0.0.0.0:40249 - 0 ] INFO  ratis.XceiverServerRatis (XceiverServerRatis.java:getRealPort(503)) - XceiverServerRatis 55b4ba96-bf07-45ec-820e-f4e510eb6251 is started using port 40873 for RATIS
2021-09-09 12:47:49,179 [EndpointStateMachine task thread for /0.0.0.0:40249 - 0 ] INFO  ratis.XceiverServerRatis (XceiverServerRatis.java:getRealPort(503)) - XceiverServerRatis 55b4ba96-bf07-45ec-820e-f4e510eb6251 is started using port 40873 for RATIS_ADMIN
2021-09-09 12:47:49,179 [org.apache.ratis.util.JvmPauseMonitor$$Lambda$521/1567657718@46edfef8] INFO  util.JvmPauseMonitor (JvmPauseMonitor.java:run(103)) - JvmPauseMonitor-55b4ba96-bf07-45ec-820e-f4e510eb6251: Started
2021-09-09 12:47:49,179 [EndpointStateMachine task thread for /0.0.0.0:40249 - 0 ] INFO  ratis.XceiverServerRatis (XceiverServerRatis.java:getRealPort(503)) - XceiverServerRatis 55b4ba96-bf07-45ec-820e-f4e510eb6251 is started using port 40873 for RATIS_SERVER
2021-09-09 12:47:49,181 [EndpointStateMachine task thread for /0.0.0.0:40249 - 0 ] INFO  server.XceiverServerGrpc (XceiverServerGrpc.java:start(135)) - XceiverServerGrpc 55b4ba96-bf07-45ec-820e-f4e510eb6251 is started using port 36675
2021-09-09 12:47:49,605 [Listener at 127.0.0.1/41297] INFO  ozone.MiniOzoneClusterImpl (MiniOzoneClusterImpl.java:lambda$waitForClusterToBeReady$0(235)) - Waiting for nodes to be ready. Got 0 of 3 DN Heartbeats.
2021-09-09 12:47:49,605 [Listener at 127.0.0.1/41297] INFO  ozone.MiniOzoneClusterImpl (MiniOzoneClusterImpl.java:lambda$waitForClusterToBeReady$0(238)) - Waiting for cluster to exit safe mode
2021-09-09 12:47:49,605 [Listener at 127.0.0.1/41297] INFO  ozone.MiniOzoneClusterImpl (MiniOzoneClusterImpl.java:lambda$waitForClusterToBeReady$0(240)) - SCM became leader
2021-09-09 12:47:49,627 [EndpointStateMachine task thread for /0.0.0.0:40249 - 0 ] INFO  ozoneimpl.OzoneContainer (OzoneContainer.java:start(304)) - Attempting to start container services.
2021-09-09 12:47:49,628 [EndpointStateMachine task thread for /0.0.0.0:40249 - 0 ] INFO  ozoneimpl.OzoneContainer (OzoneContainer.java:startContainerScrub(249)) - Background container scanner has been disabled.
2021-09-09 12:47:49,630 [EndpointStateMachine task thread for /0.0.0.0:40249 - 0 ] INFO  replication.ReplicationServer (ReplicationServer.java:start(107)) - ReplicationServer is started using port 45417
2021-09-09 12:47:49,630 [EndpointStateMachine task thread for /0.0.0.0:40249 - 0 ] INFO  ratis.XceiverServerRatis (XceiverServerRatis.java:start(482)) - Starting XceiverServerRatis d06b9620-45ef-4868-ba92-a36eee8dccc5
2021-09-09 12:47:49,632 [EndpointStateMachine task thread for /0.0.0.0:40249 - 0 ] INFO  server.RaftServer (RaftServerProxy.java:lambda$start$5(374)) - d06b9620-45ef-4868-ba92-a36eee8dccc5: start RPC server
2021-09-09 12:47:49,634 [EndpointStateMachine task thread for /0.0.0.0:40249 - 0 ] INFO  server.GrpcService (GrpcService.java:startImpl(253)) - d06b9620-45ef-4868-ba92-a36eee8dccc5: GrpcService started, listening on 41007
2021-09-09 12:47:49,634 [EndpointStateMachine task thread for /0.0.0.0:40249 - 0 ] INFO  ratis.XceiverServerRatis (XceiverServerRatis.java:getRealPort(503)) - XceiverServerRatis d06b9620-45ef-4868-ba92-a36eee8dccc5 is started using port 41007 for RATIS
2021-09-09 12:47:49,634 [EndpointStateMachine task thread for /0.0.0.0:40249 - 0 ] INFO  ratis.XceiverServerRatis (XceiverServerRatis.java:getRealPort(503)) - XceiverServerRatis d06b9620-45ef-4868-ba92-a36eee8dccc5 is started using port 41007 for RATIS_ADMIN
2021-09-09 12:47:49,634 [EndpointStateMachine task thread for /0.0.0.0:40249 - 0 ] INFO  ratis.XceiverServerRatis (XceiverServerRatis.java:getRealPort(503)) - XceiverServerRatis d06b9620-45ef-4868-ba92-a36eee8dccc5 is started using port 41007 for RATIS_SERVER
2021-09-09 12:47:49,635 [org.apache.ratis.util.JvmPauseMonitor$$Lambda$521/1567657718@7b491a0e] INFO  util.JvmPauseMonitor (JvmPauseMonitor.java:run(103)) - JvmPauseMonitor-d06b9620-45ef-4868-ba92-a36eee8dccc5: Started
2021-09-09 12:47:49,635 [EndpointStateMachine task thread for /0.0.0.0:40249 - 0 ] INFO  server.XceiverServerGrpc (XceiverServerGrpc.java:start(135)) - XceiverServerGrpc d06b9620-45ef-4868-ba92-a36eee8dccc5 is started using port 44607
2021-09-09 12:47:50,605 [Listener at 127.0.0.1/41297] INFO  ozone.MiniOzoneClusterImpl (MiniOzoneClusterImpl.java:lambda$waitForClusterToBeReady$0(235)) - Waiting for nodes to be ready. Got 0 of 3 DN Heartbeats.
2021-09-09 12:47:50,606 [Listener at 127.0.0.1/41297] INFO  ozone.MiniOzoneClusterImpl (MiniOzoneClusterImpl.java:lambda$waitForClusterToBeReady$0(238)) - Waiting for cluster to exit safe mode
2021-09-09 12:47:50,606 [Listener at 127.0.0.1/41297] INFO  ozone.MiniOzoneClusterImpl (MiniOzoneClusterImpl.java:lambda$waitForClusterToBeReady$0(240)) - SCM became leader
2021-09-09 12:47:50,863 [IPC Server handler 0 on default port 40249] INFO  net.NetworkTopologyImpl (NetworkTopologyImpl.java:add(112)) - Added a new node: /default-rack/fb143889-6975-4026-9ff6-880cb13018db
2021-09-09 12:47:50,865 [IPC Server handler 0 on default port 40249] INFO  node.SCMNodeManager (SCMNodeManager.java:register(390)) - Registered Data node : fb143889-6975-4026-9ff6-880cb13018db{ip: 10.1.0.24, host: fv-az116-684.vzw04321ajxubdbcnpick5nqva.xx.internal.cloudapp.net, ports: [REPLICATION=32909, RATIS=39863, RATIS_ADMIN=39863, RATIS_SERVER=39863, STANDALONE=43105], networkLocation: /default-rack, certSerialId: null, persistedOpState: null, persistedOpStateExpiryEpochSec: 0}
2021-09-09 12:47:50,867 [EventQueue-NewNodeForNewNodeHandler] INFO  pipeline.BackgroundPipelineCreator (BackgroundPipelineCreatorV2.java:notifyEventTriggered(285)) - trigger a one-shot run on RatisPipelineUtilsThread.
2021-09-09 12:47:50,879 [RatisPipelineUtilsThread - 0] INFO  pipeline.RatisPipelineProvider (RatisPipelineProvider.java:lambda$create$0(183)) - Sending CreatePipelineCommand for pipeline:PipelineID=0049d937-ced0-48d5-9340-5002236010ae to datanode:fb143889-6975-4026-9ff6-880cb13018db
2021-09-09 12:47:50,890 [EventQueue-NodeRegistrationContainerReportForContainerSafeModeRule] INFO  safemode.SCMSafeModeManager (SCMSafeModeManager.java:validateSafeModeExitRules(204)) - ContainerSafeModeRule rule is successfully validated
2021-09-09 12:47:50,891 [EventQueue-NodeRegistrationContainerReportForDataNodeSafeModeRule] INFO  safemode.SCMSafeModeManager (DataNodeSafeModeRule.java:process(71)) - SCM in safe mode. 1 DataNodes registered, 3 required.
2021-09-09 12:47:50,892 [RatisPipelineUtilsThread - 0] INFO  pipeline.PipelineStateManager (PipelineStateManagerV2Impl.java:addPipeline(101)) - Created pipeline Pipeline[ Id: 0049d937-ced0-48d5-9340-5002236010ae, Nodes: fb143889-6975-4026-9ff6-880cb13018db{ip: 10.1.0.24, host: fv-az116-684.vzw04321ajxubdbcnpick5nqva.xx.internal.cloudapp.net, ports: [REPLICATION=32909, RATIS=39863, RATIS_ADMIN=39863, RATIS_SERVER=39863, STANDALONE=43105], networkLocation: /default-rack, certSerialId: null, persistedOpState: IN_SERVICE, persistedOpStateExpiryEpochSec: 0}, ReplicationConfig: RATIS/ONE, State:ALLOCATED, leaderId:, CreationTimestamp2021-09-09T12:47:50.875Z[Etc/UTC]].
2021-09-09 12:47:50,899 [EventQueue-PipelineReportForOneReplicaPipelineSafeModeRule] INFO  safemode.SCMSafeModeManager (SCMSafeModeManager.java:validateSafeModeExitRules(204)) - AtleastOneDatanodeReportedRule rule is successfully validated
2021-09-09 12:47:51,165 [IPC Server handler 1 on default port 40249] INFO  net.NetworkTopologyImpl (NetworkTopologyImpl.java:add(112)) - Added a new node: /default-rack/55b4ba96-bf07-45ec-820e-f4e510eb6251
2021-09-09 12:47:51,166 [IPC Server handler 1 on default port 40249] INFO  node.SCMNodeManager (SCMNodeManager.java:register(390)) - Registered Data node : 55b4ba96-bf07-45ec-820e-f4e510eb6251{ip: 10.1.0.24, host: fv-az116-684.vzw04321ajxubdbcnpick5nqva.xx.internal.cloudapp.net, ports: [REPLICATION=35245, RATIS=40873, RATIS_ADMIN=40873, RATIS_SERVER=40873, STANDALONE=36675], networkLocation: /default-rack, certSerialId: null, persistedOpState: null, persistedOpStateExpiryEpochSec: 0}
2021-09-09 12:47:51,166 [EventQueue-NewNodeForNewNodeHandler] INFO  pipeline.BackgroundPipelineCreator (BackgroundPipelineCreatorV2.java:notifyEventTriggered(285)) - trigger a one-shot run on RatisPipelineUtilsThread.
2021-09-09 12:47:51,166 [EventQueue-NodeRegistrationContainerReportForDataNodeSafeModeRule] INFO  safemode.SCMSafeModeManager (DataNodeSafeModeRule.java:process(71)) - SCM in safe mode. 2 DataNodes registered, 3 required.
2021-09-09 12:47:51,170 [RatisPipelineUtilsThread - 0] INFO  pipeline.RatisPipelineProvider (RatisPipelineProvider.java:lambda$create$0(183)) - Sending CreatePipelineCommand for pipeline:PipelineID=a1963e53-65b4-44b9-a3a3-634b2287bad2 to datanode:55b4ba96-bf07-45ec-820e-f4e510eb6251
2021-09-09 12:47:51,170 [RatisPipelineUtilsThread - 0] INFO  pipeline.PipelineStateManager (PipelineStateManagerV2Impl.java:addPipeline(101)) - Created pipeline Pipeline[ Id: a1963e53-65b4-44b9-a3a3-634b2287bad2, Nodes: 55b4ba96-bf07-45ec-820e-f4e510eb6251{ip: 10.1.0.24, host: fv-az116-684.vzw04321ajxubdbcnpick5nqva.xx.internal.cloudapp.net, ports: [REPLICATION=35245, RATIS=40873, RATIS_ADMIN=40873, RATIS_SERVER=40873, STANDALONE=36675], networkLocation: /default-rack, certSerialId: null, persistedOpState: IN_SERVICE, persistedOpStateExpiryEpochSec: 0}, ReplicationConfig: RATIS/ONE, State:ALLOCATED, leaderId:, CreationTimestamp2021-09-09T12:47:51.169Z[Etc/UTC]].
2021-09-09 12:47:51,606 [Listener at 127.0.0.1/41297] INFO  ozone.MiniOzoneClusterImpl (MiniOzoneClusterImpl.java:lambda$waitForClusterToBeReady$0(235)) - Waiting for nodes to be ready. Got 2 of 3 DN Heartbeats.
2021-09-09 12:47:51,606 [Listener at 127.0.0.1/41297] INFO  ozone.MiniOzoneClusterImpl (MiniOzoneClusterImpl.java:lambda$waitForClusterToBeReady$0(238)) - Waiting for cluster to exit safe mode
2021-09-09 12:47:51,606 [Listener at 127.0.0.1/41297] INFO  ozone.MiniOzoneClusterImpl (MiniOzoneClusterImpl.java:lambda$waitForClusterToBeReady$0(240)) - SCM became leader
2021-09-09 12:47:51,627 [IPC Server handler 3 on default port 40249] INFO  net.NetworkTopologyImpl (NetworkTopologyImpl.java:add(112)) - Added a new node: /default-rack/d06b9620-45ef-4868-ba92-a36eee8dccc5
2021-09-09 12:47:51,627 [IPC Server handler 3 on default port 40249] INFO  node.SCMNodeManager (SCMNodeManager.java:register(390)) - Registered Data node : d06b9620-45ef-4868-ba92-a36eee8dccc5{ip: 10.1.0.24, host: fv-az116-684.vzw04321ajxubdbcnpick5nqva.xx.internal.cloudapp.net, ports: [REPLICATION=45417, RATIS=41007, RATIS_ADMIN=41007, RATIS_SERVER=41007, STANDALONE=44607], networkLocation: /default-rack, certSerialId: null, persistedOpState: null, persistedOpStateExpiryEpochSec: 0}
2021-09-09 12:47:51,627 [EventQueue-NewNodeForNewNodeHandler] INFO  pipeline.BackgroundPipelineCreator (BackgroundPipelineCreatorV2.java:notifyEventTriggered(285)) - trigger a one-shot run on RatisPipelineUtilsThread.
2021-09-09 12:47:51,628 [EventQueue-NodeRegistrationContainerReportForDataNodeSafeModeRule] INFO  safemode.SCMSafeModeManager (DataNodeSafeModeRule.java:process(71)) - SCM in safe mode. 3 DataNodes registered, 3 required.
2021-09-09 12:47:51,628 [EventQueue-NodeRegistrationContainerReportForDataNodeSafeModeRule] INFO  safemode.SCMSafeModeManager (SCMSafeModeManager.java:validateSafeModeExitRules(204)) - DataNodeSafeModeRule rule is successfully validated
2021-09-09 12:47:51,628 [EventQueue-NodeRegistrationContainerReportForDataNodeSafeModeRule] INFO  safemode.SCMSafeModeManager (SCMSafeModeManager.java:completePreCheck(233)) - All SCM safe mode pre check rules have passed
2021-09-09 12:47:51,628 [EventQueue-NodeRegistrationContainerReportForDataNodeSafeModeRule] WARN  events.EventQueue (EventQueue.java:fireEvent(194)) - No event handler registered for event TypedEvent{payloadType=SafeModeStatus, name='Safe mode status'}
2021-09-09 12:47:51,628 [EventQueue-NodeRegistrationContainerReportForDataNodeSafeModeRule] INFO  ha.SCMContext (SCMContext.java:updateSafeModeStatus(205)) - Update SafeModeStatus from SafeModeStatus{safeModeStatus=true, preCheckPassed=false} to SafeModeStatus{safeModeStatus=true, preCheckPassed=true}.
2021-09-09 12:47:51,628 [EventQueue-NodeRegistrationContainerReportForDataNodeSafeModeRule] INFO  pipeline.BackgroundPipelineCreator (BackgroundPipelineCreatorV2.java:notifyEventTriggered(285)) - trigger a one-shot run on RatisPipelineUtilsThread.
2021-09-09 12:47:51,628 [RatisPipelineUtilsThread - 0] INFO  pipeline.RatisPipelineProvider (RatisPipelineProvider.java:lambda$create$0(183)) - Sending CreatePipelineCommand for pipeline:PipelineID=bd971f26-1b2c-410e-891a-93ce10faa303 to datanode:d06b9620-45ef-4868-ba92-a36eee8dccc5
2021-09-09 12:47:51,629 [RatisPipelineUtilsThread - 0] INFO  pipeline.PipelineStateManager (PipelineStateManagerV2Impl.java:addPipeline(101)) - Created pipeline Pipeline[ Id: bd971f26-1b2c-410e-891a-93ce10faa303, Nodes: d06b9620-45ef-4868-ba92-a36eee8dccc5{ip: 10.1.0.24, host: fv-az116-684.vzw04321ajxubdbcnpick5nqva.xx.internal.cloudapp.net, ports: [REPLICATION=45417, RATIS=41007, RATIS_ADMIN=41007, RATIS_SERVER=41007, STANDALONE=44607], networkLocation: /default-rack, certSerialId: null, persistedOpState: IN_SERVICE, persistedOpStateExpiryEpochSec: 0}, ReplicationConfig: RATIS/ONE, State:ALLOCATED, leaderId:, CreationTimestamp2021-09-09T12:47:51.628Z[Etc/UTC]].
2021-09-09 12:47:51,633 [RatisPipelineUtilsThread - 0] INFO  pipeline.RatisPipelineProvider (RatisPipelineProvider.java:lambda$create$0(183)) - Sending CreatePipelineCommand for pipeline:PipelineID=bcb210ab-238d-4494-be5c-6cb0152a5598 to datanode:55b4ba96-bf07-45ec-820e-f4e510eb6251
2021-09-09 12:47:51,633 [RatisPipelineUtilsThread - 0] INFO  pipeline.RatisPipelineProvider (RatisPipelineProvider.java:lambda$create$0(183)) - Sending CreatePipelineCommand for pipeline:PipelineID=bcb210ab-238d-4494-be5c-6cb0152a5598 to datanode:d06b9620-45ef-4868-ba92-a36eee8dccc5
2021-09-09 12:47:51,633 [RatisPipelineUtilsThread - 0] INFO  pipeline.RatisPipelineProvider (RatisPipelineProvider.java:lambda$create$0(183)) - Sending CreatePipelineCommand for pipeline:PipelineID=bcb210ab-238d-4494-be5c-6cb0152a5598 to datanode:fb143889-6975-4026-9ff6-880cb13018db
2021-09-09 12:47:51,635 [RatisPipelineUtilsThread - 0] INFO  pipeline.PipelineStateManager (PipelineStateManagerV2Impl.java:addPipeline(101)) - Created pipeline Pipeline[ Id: bcb210ab-238d-4494-be5c-6cb0152a5598, Nodes: 55b4ba96-bf07-45ec-820e-f4e510eb6251{ip: 10.1.0.24, host: fv-az116-684.vzw04321ajxubdbcnpick5nqva.xx.internal.cloudapp.net, ports: [REPLICATION=35245, RATIS=40873, RATIS_ADMIN=40873, RATIS_SERVER=40873, STANDALONE=36675], networkLocation: /default-rack, certSerialId: null, persistedOpState: IN_SERVICE, persistedOpStateExpiryEpochSec: 0}d06b9620-45ef-4868-ba92-a36eee8dccc5{ip: 10.1.0.24, host: fv-az116-684.vzw04321ajxubdbcnpick5nqva.xx.internal.cloudapp.net, ports: [REPLICATION=45417, RATIS=41007, RATIS_ADMIN=41007, RATIS_SERVER=41007, STANDALONE=44607], networkLocation: /default-rack, certSerialId: null, persistedOpState: IN_SERVICE, persistedOpStateExpiryEpochSec: 0}fb143889-6975-4026-9ff6-880cb13018db{ip: 10.1.0.24, host: fv-az116-684.vzw04321ajxubdbcnpick5nqva.xx.internal.cloudapp.net, ports: [REPLICATION=32909, RATIS=39863, RATIS_ADMIN=39863, RATIS_SERVER=39863, STANDALONE=43105], networkLocation: /default-rack, certSerialId: null, persistedOpState: IN_SERVICE, persistedOpStateExpiryEpochSec: 0}, ReplicationConfig: RATIS/THREE, State:ALLOCATED, leaderId:, CreationTimestamp2021-09-09T12:47:51.633Z[Etc/UTC]].
2021-09-09 12:47:52,607 [Listener at 127.0.0.1/41297] INFO  ozone.MiniOzoneClusterImpl (MiniOzoneClusterImpl.java:lambda$waitForClusterToBeReady$0(235)) - Nodes are ready. Got 3 of 3 DN Heartbeats.
2021-09-09 12:47:52,608 [Listener at 127.0.0.1/41297] INFO  ozone.MiniOzoneClusterImpl (MiniOzoneClusterImpl.java:lambda$waitForClusterToBeReady$0(238)) - Waiting for cluster to exit safe mode
2021-09-09 12:47:52,608 [Listener at 127.0.0.1/41297] INFO  ozone.MiniOzoneClusterImpl (MiniOzoneClusterImpl.java:lambda$waitForClusterToBeReady$0(240)) - SCM became leader
2021-09-09 12:47:53,608 [Listener at 127.0.0.1/41297] INFO  ozone.MiniOzoneClusterImpl (MiniOzoneClusterImpl.java:lambda$waitForClusterToBeReady$0(235)) - Nodes are ready. Got 3 of 3 DN Heartbeats.
2021-09-09 12:47:53,608 [Listener at 127.0.0.1/41297] INFO  ozone.MiniOzoneClusterImpl (MiniOzoneClusterImpl.java:lambda$waitForClusterToBeReady$0(238)) - Waiting for cluster to exit safe mode
2021-09-09 12:47:53,608 [Listener at 127.0.0.1/41297] INFO  ozone.MiniOzoneClusterImpl (MiniOzoneClusterImpl.java:lambda$waitForClusterToBeReady$0(240)) - SCM became leader
2021-09-09 12:47:53,853 [Command processor thread] INFO  server.RaftServer (RaftServerProxy.java:addNew(95)) - fb143889-6975-4026-9ff6-880cb13018db: addNew group-5002236010AE:[fb143889-6975-4026-9ff6-880cb13018db|rpc:10.1.0.24:39863|priority:1] returns group-5002236010AE:java.util.concurrent.CompletableFuture@28255850[Not completed]
2021-09-09 12:47:53,867 [pool-55-thread-1] INFO  server.RaftServer$Division (RaftServerImpl.java:<init>(181)) - fb143889-6975-4026-9ff6-880cb13018db: new RaftServerImpl for group-5002236010AE:[fb143889-6975-4026-9ff6-880cb13018db|rpc:10.1.0.24:39863|priority:1] with ContainerStateMachine:uninitialized
2021-09-09 12:47:53,867 [pool-55-thread-1] INFO  server.RaftServerConfigKeys (ConfUtils.java:logGet(44)) - raft.server.rpc.timeout.min = 5s (custom)
2021-09-09 12:47:53,867 [pool-55-thread-1] INFO  server.RaftServerConfigKeys (ConfUtils.java:logGet(44)) - raft.server.rpc.timeout.max = 5200ms (custom)
2021-09-09 12:47:53,868 [pool-55-thread-1] INFO  server.RaftServerConfigKeys (ConfUtils.java:logGet(44)) - raft.server.rpc.sleep.time = 25ms (default)
2021-09-09 12:47:53,868 [pool-55-thread-1] INFO  server.RaftServerConfigKeys (ConfUtils.java:logGet(44)) - raft.server.rpc.slowness.timeout = 1000000ms (custom)
2021-09-09 12:47:53,868 [pool-55-thread-1] INFO  server.RaftServerConfigKeys (ConfUtils.java:logGet(44)) - raft.server.leaderelection.leader.step-down.wait-time = 10s (default)
2021-09-09 12:47:53,868 [pool-55-thread-1] INFO  server.RaftServerConfigKeys (ConfUtils.java:logGet(44)) - raft.server.sleep.deviation.threshold = 300ms (default)
2021-09-09 12:47:53,868 [pool-55-thread-1] INFO  server.RaftServerConfigKeys (ConfUtils.java:logGet(44)) - raft.server.log.appender.install.snapshot.enabled = false (custom)
2021-09-09 12:47:53,868 [pool-55-thread-1] INFO  server.RaftServer$Division (ServerState.java:<init>(105)) - fb143889-6975-4026-9ff6-880cb13018db@group-5002236010AE: ConfigurationManager, init=-1: [fb143889-6975-4026-9ff6-880cb13018db|rpc:10.1.0.24:39863|priority:1], old=null, confs=<EMPTY_MAP>
2021-09-09 12:47:53,869 [pool-55-thread-1] INFO  server.RaftServerConfigKeys (ConfUtils.java:logGet(44)) - raft.server.storage.dir = [/home/runner/work/ozone/ozone/hadoop-ozone/integration-test/target/test-dir/MiniOzoneClusterImpl-2c2d5e5b-af94-478e-8854-ace1b50e11fb/datanode-0/data/ratis] (custom)
2021-09-09 12:47:53,869 [pool-55-thread-1] INFO  server.RaftServerConfigKeys (ConfUtils.java:logGet(44)) - raft.server.log.corruption.policy = EXCEPTION (default)
2021-09-09 12:47:53,869 [pool-55-thread-1] INFO  server.RaftServerConfigKeys (ConfUtils.java:logGet(44)) - raft.server.storage.free-space.min = 0MB (=0) (default)
2021-09-09 12:47:53,869 [pool-55-thread-1] INFO  storage.RaftStorageDirectory (RaftStorageDirectoryImpl.java:analyzeStorage(135)) - The storage directory /home/runner/work/ozone/ozone/hadoop-ozone/integration-test/target/test-dir/MiniOzoneClusterImpl-2c2d5e5b-af94-478e-8854-ace1b50e11fb/datanode-0/data/ratis/0049d937-ced0-48d5-9340-5002236010ae does not exist. Creating ...
2021-09-09 12:47:53,871 [pool-55-thread-1] INFO  storage.RaftStorageDirectory (RaftStorageDirectoryImpl.java:tryLock(230)) - Lock on /home/runner/work/ozone/ozone/hadoop-ozone/integration-test/target/test-dir/MiniOzoneClusterImpl-2c2d5e5b-af94-478e-8854-ace1b50e11fb/datanode-0/data/ratis/0049d937-ced0-48d5-9340-5002236010ae/in_use.lock acquired by nodename 5144@fv-az116-684
2021-09-09 12:47:53,872 [pool-55-thread-1] INFO  storage.RaftStorage (RaftStorageImpl.java:format(89)) - Storage directory /home/runner/work/ozone/ozone/hadoop-ozone/integration-test/target/test-dir/MiniOzoneClusterImpl-2c2d5e5b-af94-478e-8854-ace1b50e11fb/datanode-0/data/ratis/0049d937-ced0-48d5-9340-5002236010ae has been successfully formatted.
2021-09-09 12:47:53,877 [pool-55-thread-1] INFO  ratis.ContainerStateMachine (ContainerStateMachine.java:loadSnapshot(224)) - group-5002236010AE: The snapshot info is null. Setting the last applied indexto:(t:0, i:~)
2021-09-09 12:47:53,883 [EventQueue-PipelineReportForPipelineReportHandler] INFO  pipeline.PipelineManagerImpl (PipelineManagerImpl.java:openPipeline(282)) - Pipeline Pipeline[ Id: 0049d937-ced0-48d5-9340-5002236010ae, Nodes: fb143889-6975-4026-9ff6-880cb13018db{ip: 10.1.0.24, host: fv-az116-684.vzw04321ajxubdbcnpick5nqva.xx.internal.cloudapp.net, ports: [REPLICATION=32909, RATIS=39863, RATIS_ADMIN=39863, RATIS_SERVER=39863, STANDALONE=43105], networkLocation: /default-rack, certSerialId: null, persistedOpState: IN_SERVICE, persistedOpStateExpiryEpochSec: 0}, ReplicationConfig: RATIS/ONE, State:ALLOCATED, leaderId:fb143889-6975-4026-9ff6-880cb13018db, CreationTimestamp2021-09-09T12:47:50.875Z[Etc/UTC]] moved to OPEN state
2021-09-09 12:47:53,886 [pool-55-thread-1] INFO  server.RaftServerConfigKeys (ConfUtils.java:logGet(44)) - raft.server.notification.no-leader.timeout = 1000000ms (custom)
2021-09-09 12:47:53,886 [pool-55-thread-1] INFO  server.RaftServerConfigKeys (ConfUtils.java:logGet(44)) - raft.server.log.use.memory = false (default)
2021-09-09 12:47:53,886 [pool-55-thread-1] INFO  server.RaftServerConfigKeys (ConfUtils.java:logGet(44)) - raft.server.log.purge.gap = 1000000 (custom)
2021-09-09 12:47:53,886 [pool-55-thread-1] INFO  server.RaftServerConfigKeys (ConfUtils.java:logGet(44)) - raft.server.log.appender.buffer.byte-limit = 33554432 (custom)
2021-09-09 12:47:53,887 [pool-55-thread-1] INFO  server.RaftServerConfigKeys (ConfUtils.java:logGet(44)) - raft.server.log.segment.size.max = 1048576 (custom)
2021-09-09 12:47:53,889 [pool-55-thread-1] INFO  server.RaftServerConfigKeys (ConfUtils.java:logGet(44)) - raft.server.log.segment.cache.num.max = 2 (custom)
2021-09-09 12:47:53,889 [pool-55-thread-1] INFO  server.RaftServerConfigKeys (ConfUtils.java:logGet(44)) - raft.server.log.segment.cache.size.max = 200MB (=209715200) (default)
2021-09-09 12:47:53,889 [pool-55-thread-1] INFO  segmented.SegmentedRaftLogWorker (SegmentedRaftLogWorker.java:<init>(182)) - new fb143889-6975-4026-9ff6-880cb13018db@group-5002236010AE-SegmentedRaftLogWorker for RaftStorageImpl:Storage Directory /home/runner/work/ozone/ozone/hadoop-ozone/integration-test/target/test-dir/MiniOzoneClusterImpl-2c2d5e5b-af94-478e-8854-ace1b50e11fb/datanode-0/data/ratis/0049d937-ced0-48d5-9340-5002236010ae
2021-09-09 12:47:53,889 [pool-55-thread-1] INFO  server.RaftServerConfigKeys (ConfUtils.java:logGet(44)) - raft.server.log.queue.byte-limit = 2147483647 (custom)
2021-09-09 12:47:53,890 [pool-55-thread-1] INFO  server.RaftServerConfigKeys (ConfUtils.java:logGet(44)) - raft.server.log.queue.element-limit = 1024 (custom)
2021-09-09 12:47:53,890 [pool-55-thread-1] INFO  server.RaftServerConfigKeys (ConfUtils.java:logGet(44)) - raft.server.log.segment.size.max = 1048576 (custom)
2021-09-09 12:47:53,890 [pool-55-thread-1] INFO  server.RaftServerConfigKeys (ConfUtils.java:logGet(44)) - raft.server.log.preallocated.size = 16384 (custom)
2021-09-09 12:47:53,890 [pool-55-thread-1] INFO  server.RaftServerConfigKeys (ConfUtils.java:logGet(44)) - raft.server.log.force.sync.num = 128 (default)
2021-09-09 12:47:53,890 [pool-55-thread-1] INFO  server.RaftServerConfigKeys (ConfUtils.java:logGet(44)) - raft.server.log.statemachine.data.sync = true (default)
2021-09-09 12:47:53,890 [pool-55-thread-1] INFO  server.RaftServerConfigKeys (ConfUtils.java:logGet(44)) - raft.server.log.statemachine.data.sync.timeout = 10s (default)
2021-09-09 12:47:53,890 [pool-55-thread-1] INFO  server.RaftServerConfigKeys (ConfUtils.java:logGet(44)) - raft.server.log.statemachine.data.sync.timeout.retry = -1 (default)
2021-09-09 12:47:53,891 [EventQueue-OpenPipelineForHealthyPipelineSafeModeRule] INFO  safemode.SCMSafeModeManager (HealthyPipelineSafeModeRule.java:process(124)) - SCM in safe mode. Healthy pipelines reported count is 0, required healthy pipeline reported count is 1
2021-09-09 12:47:53,896 [pool-55-thread-1] INFO  server.RaftServerConfigKeys (ConfUtils.java:logGet(44)) - raft.server.log.write.buffer.size = 1048576 (custom)
2021-09-09 12:47:53,896 [pool-55-thread-1] INFO  server.RaftServerConfigKeys (ConfUtils.java:logGet(44)) - raft.server.log.statemachine.data.caching.enabled = true (custom)
2021-09-09 12:47:53,896 [pool-55-thread-1] INFO  segmented.SegmentedRaftLogWorker (SegmentedRaftLogWorker.java:lambda$new$0(133)) - fb143889-6975-4026-9ff6-880cb13018db@group-5002236010AE-SegmentedRaftLogWorker: flushIndex: setUnconditionally 0 -> -1
2021-09-09 12:47:53,896 [pool-55-thread-1] INFO  segmented.SegmentedRaftLogWorker (SegmentedRaftLogWorker.java:lambda$new$0(133)) - fb143889-6975-4026-9ff6-880cb13018db@group-5002236010AE-SegmentedRaftLogWorker: safeCacheEvictIndex: setUnconditionally 0 -> -1
2021-09-09 12:47:53,898 [pool-55-thread-1] INFO  server.RaftServerConfigKeys (ConfUtils.java:logGet(44)) - raft.server.snapshot.auto.trigger.enabled = true (custom)
2021-09-09 12:47:53,898 [pool-55-thread-1] INFO  server.RaftServerConfigKeys (ConfUtils.java:logGet(44)) - raft.server.snapshot.auto.trigger.threshold = 10000 (custom)
2021-09-09 12:47:53,898 [pool-55-thread-1] INFO  server.RaftServerConfigKeys (ConfUtils.java:logGet(44)) - raft.server.snapshot.retention.file.num = 5 (custom)
2021-09-09 12:47:53,898 [pool-55-thread-1] INFO  server.RaftServerConfigKeys (ConfUtils.java:logGet(44)) - raft.server.log.purge.upto.snapshot.index = false (default)
2021-09-09 12:47:53,898 [pool-55-thread-1] INFO  server.RaftServerConfigKeys (ConfUtils.java:logGet(44)) - raft.server.retrycache.expirytime = 600000ms (custom)
2021-09-09 12:47:53,899 [pool-55-thread-1] INFO  server.RaftServerConfigKeys (ConfUtils.java:logGet(44)) - raft.server.retrycache.statistics.expirytime = 100μs (default)
2021-09-09 12:47:53,901 [pool-55-thread-1] INFO  server.RaftServer$Division (RaftServerImpl.java:start(296)) - fb143889-6975-4026-9ff6-880cb13018db@group-5002236010AE: start as a follower, conf=-1: [fb143889-6975-4026-9ff6-880cb13018db|rpc:10.1.0.24:39863|priority:1], old=null
2021-09-09 12:47:53,902 [pool-55-thread-1] INFO  server.RaftServer$Division (RaftServerImpl.java:setRole(285)) - fb143889-6975-4026-9ff6-880cb13018db@group-5002236010AE: changes role from      null to FOLLOWER at term 0 for startAsFollower
2021-09-09 12:47:53,902 [pool-55-thread-1] INFO  impl.RoleInfo (RoleInfo.java:updateAndGet(130)) - fb143889-6975-4026-9ff6-880cb13018db: start fb143889-6975-4026-9ff6-880cb13018db@group-5002236010AE-FollowerState
2021-09-09 12:47:53,902 [pool-55-thread-1] INFO  util.JmxRegister (JmxRegister.java:tryRegister(44)) - Successfully registered JMX Bean with object name Ratis:service=RaftServer,group=group-5002236010AE,id=fb143889-6975-4026-9ff6-880cb13018db
2021-09-09 12:47:53,916 [Command processor thread] INFO  ratis.XceiverServerRatis (XceiverServerRatis.java:addGroup(763)) - Created group PipelineID=0049d937-ced0-48d5-9340-5002236010ae
2021-09-09 12:47:53,917 [Command processor thread] INFO  commandhandler.CreatePipelineCommandHandler (CreatePipelineCommandHandler.java:handle(106)) - Created Pipeline RATIS ONE PipelineID=0049d937-ced0-48d5-9340-5002236010ae.
2021-09-09 12:47:53,917 [Command processor thread] INFO  server.RaftServer (RaftServerProxy.java:addNew(95)) - fb143889-6975-4026-9ff6-880cb13018db: addNew group-6CB0152A5598:[d06b9620-45ef-4868-ba92-a36eee8dccc5|rpc:10.1.0.24:41007|priority:0, fb143889-6975-4026-9ff6-880cb13018db|rpc:10.1.0.24:39863|priority:0, 55b4ba96-bf07-45ec-820e-f4e510eb6251|rpc:10.1.0.24:40873|priority:1] returns group-6CB0152A5598:java.util.concurrent.CompletableFuture@7b9790b6[Not completed]
2021-09-09 12:47:53,919 [pool-55-thread-1] INFO  server.RaftServer$Division (RaftServerImpl.java:<init>(181)) - fb143889-6975-4026-9ff6-880cb13018db: new RaftServerImpl for group-6CB0152A5598:[d06b9620-45ef-4868-ba92-a36eee8dccc5|rpc:10.1.0.24:41007|priority:0, fb143889-6975-4026-9ff6-880cb13018db|rpc:10.1.0.24:39863|priority:0, 55b4ba96-bf07-45ec-820e-f4e510eb6251|rpc:10.1.0.24:40873|priority:1] with ContainerStateMachine:uninitialized
2021-09-09 12:47:53,919 [pool-55-thread-1] INFO  server.RaftServerConfigKeys (ConfUtils.java:logGet(44)) - raft.server.rpc.timeout.min = 5s (custom)
2021-09-09 12:47:53,919 [pool-55-thread-1] INFO  server.RaftServerConfigKeys (ConfUtils.java:logGet(44)) - raft.server.rpc.timeout.max = 5200ms (custom)
2021-09-09 12:47:53,919 [pool-55-thread-1] INFO  server.RaftServerConfigKeys (ConfUtils.java:logGet(44)) - raft.server.rpc.sleep.time = 25ms (default)
2021-09-09 12:47:53,919 [pool-55-thread-1] INFO  server.RaftServerConfigKeys (ConfUtils.java:logGet(44)) - raft.server.rpc.slowness.timeout = 1000000ms (custom)
2021-09-09 12:47:53,919 [pool-55-thread-1] INFO  server.RaftServerConfigKeys (ConfUtils.java:logGet(44)) - raft.server.leaderelection.leader.step-down.wait-time = 10s (default)
2021-09-09 12:47:53,919 [pool-55-thread-1] INFO  server.RaftServerConfigKeys (ConfUtils.java:logGet(44)) - raft.server.sleep.deviation.threshold = 300ms (default)
2021-09-09 12:47:53,919 [pool-55-thread-1] INFO  server.RaftServerConfigKeys (ConfUtils.java:logGet(44)) - raft.server.log.appender.install.snapshot.enabled = false (custom)
2021-09-09 12:47:53,919 [pool-55-thread-1] INFO  server.RaftServer$Division (ServerState.java:<init>(105)) - fb143889-6975-4026-9ff6-880cb13018db@group-6CB0152A5598: ConfigurationManager, init=-1: [d06b9620-45ef-4868-ba92-a36eee8dccc5|rpc:10.1.0.24:41007|priority:0, fb143889-6975-4026-9ff6-880cb13018db|rpc:10.1.0.24:39863|priority:0, 55b4ba96-bf07-45ec-820e-f4e510eb6251|rpc:10.1.0.24:40873|priority:1], old=null, confs=<EMPTY_MAP>
2021-09-09 12:47:53,920 [pool-55-thread-1] INFO  server.RaftServerConfigKeys (ConfUtils.java:logGet(44)) - raft.server.storage.dir = [/home/runner/work/ozone/ozone/hadoop-ozone/integration-test/target/test-dir/MiniOzoneClusterImpl-2c2d5e5b-af94-478e-8854-ace1b50e11fb/datanode-0/data/ratis] (custom)
2021-09-09 12:47:53,920 [pool-55-thread-1] INFO  server.RaftServerConfigKeys (ConfUtils.java:logGet(44)) - raft.server.log.corruption.policy = EXCEPTION (default)
2021-09-09 12:47:53,920 [pool-55-thread-1] INFO  server.RaftServerConfigKeys (ConfUtils.java:logGet(44)) - raft.server.storage.free-space.min = 0MB (=0) (default)
2021-09-09 12:47:53,920 [pool-55-thread-1] INFO  storage.RaftStorageDirectory (RaftStorageDirectoryImpl.java:analyzeStorage(135)) - The storage directory /home/runner/work/ozone/ozone/hadoop-ozone/integration-test/target/test-dir/MiniOzoneClusterImpl-2c2d5e5b-af94-478e-8854-ace1b50e11fb/datanode-0/data/ratis/bcb210ab-238d-4494-be5c-6cb0152a5598 does not exist. Creating ...
2021-09-09 12:47:53,921 [pool-55-thread-1] INFO  storage.RaftStorageDirectory (RaftStorageDirectoryImpl.java:tryLock(230)) - Lock on /home/runner/work/ozone/ozone/hadoop-ozone/integration-test/target/test-dir/MiniOzoneClusterImpl-2c2d5e5b-af94-478e-8854-ace1b50e11fb/datanode-0/data/ratis/bcb210ab-238d-4494-be5c-6cb0152a5598/in_use.lock acquired by nodename 5144@fv-az116-684
2021-09-09 12:47:53,922 [pool-55-thread-1] INFO  storage.RaftStorage (RaftStorageImpl.java:format(89)) - Storage directory /home/runner/work/ozone/ozone/hadoop-ozone/integration-test/target/test-dir/MiniOzoneClusterImpl-2c2d5e5b-af94-478e-8854-ace1b50e11fb/datanode-0/data/ratis/bcb210ab-238d-4494-be5c-6cb0152a5598 has been successfully formatted.
2021-09-09 12:47:53,923 [pool-55-thread-1] INFO  ratis.ContainerStateMachine (ContainerStateMachine.java:loadSnapshot(224)) - group-6CB0152A5598: The snapshot info is null. Setting the last applied indexto:(t:0, i:~)
2021-09-09 12:47:53,923 [pool-55-thread-1] INFO  server.RaftServerConfigKeys (ConfUtils.java:logGet(44)) - raft.server.notification.no-leader.timeout = 1000000ms (custom)
2021-09-09 12:47:53,923 [pool-55-thread-1] INFO  server.RaftServerConfigKeys (ConfUtils.java:logGet(44)) - raft.server.log.use.memory = false (default)
2021-09-09 12:47:53,923 [pool-55-thread-1] INFO  server.RaftServerConfigKeys (ConfUtils.java:logGet(44)) - raft.server.log.purge.gap = 1000000 (custom)
2021-09-09 12:47:53,924 [pool-55-thread-1] INFO  server.RaftServerConfigKeys (ConfUtils.java:logGet(44)) - raft.server.log.appender.buffer.byte-limit = 33554432 (custom)
2021-09-09 12:47:53,924 [pool-55-thread-1] INFO  server.RaftServerConfigKeys (ConfUtils.java:logGet(44)) - raft.server.log.segment.size.max = 1048576 (custom)
2021-09-09 12:47:53,925 [pool-55-thread-1] INFO  server.RaftServerConfigKeys (ConfUtils.java:logGet(44)) - raft.server.log.segment.cache.num.max = 2 (custom)
2021-09-09 12:47:53,926 [pool-55-thread-1] INFO  server.RaftServerConfigKeys (ConfUtils.java:logGet(44)) - raft.server.log.segment.cache.size.max = 200MB (=209715200) (default)
2021-09-09 12:47:53,926 [pool-55-thread-1] INFO  segmented.SegmentedRaftLogWorker (SegmentedRaftLogWorker.java:<init>(182)) - new fb143889-6975-4026-9ff6-880cb13018db@group-6CB0152A5598-SegmentedRaftLogWorker for RaftStorageImpl:Storage Directory /home/runner/work/ozone/ozone/hadoop-ozone/integration-test/target/test-dir/MiniOzoneClusterImpl-2c2d5e5b-af94-478e-8854-ace1b50e11fb/datanode-0/data/ratis/bcb210ab-238d-4494-be5c-6cb0152a5598
2021-09-09 12:47:53,926 [pool-55-thread-1] INFO  server.RaftServerConfigKeys (ConfUtils.java:logGet(44)) - raft.server.log.queue.byte-limit = 2147483647 (custom)
2021-09-09 12:47:53,926 [pool-55-thread-1] INFO  server.RaftServerConfigKeys (ConfUtils.java:logGet(44)) - raft.server.log.queue.element-limit = 1024 (custom)
2021-09-09 12:47:53,926 [pool-55-thread-1] INFO  server.RaftServerConfigKeys (ConfUtils.java:logGet(44)) - raft.server.log.segment.size.max = 1048576 (custom)
2021-09-09 12:47:53,926 [pool-55-thread-1] INFO  server.RaftServerConfigKeys (ConfUtils.java:logGet(44)) - raft.server.log.preallocated.size = 16384 (custom)
2021-09-09 12:47:53,926 [pool-55-thread-1] INFO  server.RaftServerConfigKeys (ConfUtils.java:logGet(44)) - raft.server.log.force.sync.num = 128 (default)
2021-09-09 12:47:53,926 [pool-55-thread-1] INFO  server.RaftServerConfigKeys (ConfUtils.java:logGet(44)) - raft.server.log.statemachine.data.sync = true (default)
2021-09-09 12:47:53,927 [pool-55-thread-1] INFO  server.RaftServerConfigKeys (ConfUtils.java:logGet(44)) - raft.server.log.statemachine.data.sync.timeout = 10s (default)
2021-09-09 12:47:53,926 [EventQueue-OpenPipelineForHealthyPipelineSafeModeRule] INFO  safemode.SCMSafeModeManager (HealthyPipelineSafeModeRule.java:process(124)) - SCM in safe mode. Healthy pipelines reported count is 0, required healthy pipeline reported count is 1
2021-09-09 12:47:53,927 [pool-55-thread-1] INFO  server.RaftServerConfigKeys (ConfUtils.java:logGet(44)) - raft.server.log.statemachine.data.sync.timeout.retry = -1 (default)
2021-09-09 12:47:53,930 [pool-55-thread-1] INFO  server.RaftServerConfigKeys (ConfUtils.java:logGet(44)) - raft.server.log.write.buffer.size = 1048576 (custom)
2021-09-09 12:47:53,930 [pool-55-thread-1] INFO  server.RaftServerConfigKeys (ConfUtils.java:logGet(44)) - raft.server.log.statemachine.data.caching.enabled = true (custom)
2021-09-09 12:47:53,930 [pool-55-thread-1] INFO  segmented.SegmentedRaftLogWorker (SegmentedRaftLogWorker.java:lambda$new$0(133)) - fb143889-6975-4026-9ff6-880cb13018db@group-6CB0152A5598-SegmentedRaftLogWorker: flushIndex: setUnconditionally 0 -> -1
2021-09-09 12:47:53,930 [pool-55-thread-1] INFO  segmented.SegmentedRaftLogWorker (SegmentedRaftLogWorker.java:lambda$new$0(133)) - fb143889-6975-4026-9ff6-880cb13018db@group-6CB0152A5598-SegmentedRaftLogWorker: safeCacheEvictIndex: setUnconditionally 0 -> -1
2021-09-09 12:47:53,934 [pool-55-thread-1] INFO  server.RaftServerConfigKeys (ConfUtils.java:logGet(44)) - raft.server.snapshot.auto.trigger.enabled = true (custom)
2021-09-09 12:47:53,934 [pool-55-thread-1] INFO  server.RaftServerConfigKeys (ConfUtils.java:logGet(44)) - raft.server.snapshot.auto.trigger.threshold = 10000 (custom)
2021-09-09 12:47:53,934 [pool-55-thread-1] INFO  server.RaftServerConfigKeys (ConfUtils.java:logGet(44)) - raft.server.snapshot.retention.file.num = 5 (custom)
2021-09-09 12:47:53,934 [pool-55-thread-1] INFO  server.RaftServerConfigKeys (ConfUtils.java:logGet(44)) - raft.server.log.purge.upto.snapshot.index = false (default)
2021-09-09 12:47:53,934 [pool-55-thread-1] INFO  server.RaftServerConfigKeys (ConfUtils.java:logGet(44)) - raft.server.retrycache.expirytime = 600000ms (custom)
2021-09-09 12:47:53,934 [pool-55-thread-1] INFO  server.RaftServerConfigKeys (ConfUtils.java:logGet(44)) - raft.server.retrycache.statistics.expirytime = 100μs (default)
2021-09-09 12:47:53,936 [pool-55-thread-1] INFO  server.RaftServer$Division (RaftServerImpl.java:start(296)) - fb143889-6975-4026-9ff6-880cb13018db@group-6CB0152A5598: start as a follower, conf=-1: [d06b9620-45ef-4868-ba92-a36eee8dccc5|rpc:10.1.0.24:41007|priority:0, fb143889-6975-4026-9ff6-880cb13018db|rpc:10.1.0.24:39863|priority:0, 55b4ba96-bf07-45ec-820e-f4e510eb6251|rpc:10.1.0.24:40873|priority:1], old=null
2021-09-09 12:47:53,936 [pool-55-thread-1] INFO  server.RaftServer$Division (RaftServerImpl.java:setRole(285)) - fb143889-6975-4026-9ff6-880cb13018db@group-6CB0152A5598: changes role from      null to FOLLOWER at term 0 for startAsFollower
2021-09-09 12:47:53,936 [pool-55-thread-1] INFO  impl.RoleInfo (RoleInfo.java:updateAndGet(130)) - fb143889-6975-4026-9ff6-880cb13018db: start fb143889-6975-4026-9ff6-880cb13018db@group-6CB0152A5598-FollowerState
2021-09-09 12:47:53,937 [pool-55-thread-1] INFO  util.JmxRegister (JmxRegister.java:tryRegister(44)) - Successfully registered JMX Bean with object name Ratis:service=RaftServer,group=group-6CB0152A5598,id=fb143889-6975-4026-9ff6-880cb13018db
2021-09-09 12:47:53,938 [Command processor thread] INFO  ratis.XceiverServerRatis (XceiverServerRatis.java:addGroup(763)) - Created group PipelineID=bcb210ab-238d-4494-be5c-6cb0152a5598
2021-09-09 12:47:54,164 [Command processor thread] INFO  server.RaftServer (RaftServerProxy.java:addNew(95)) - 55b4ba96-bf07-45ec-820e-f4e510eb6251: addNew group-634B2287BAD2:[55b4ba96-bf07-45ec-820e-f4e510eb6251|rpc:10.1.0.24:40873|priority:1] returns group-634B2287BAD2:java.util.concurrent.CompletableFuture@6e7ffa3[Not completed]
2021-09-09 12:47:54,169 [pool-74-thread-1] INFO  server.RaftServer$Division (RaftServerImpl.java:<init>(181)) - 55b4ba96-bf07-45ec-820e-f4e510eb6251: new RaftServerImpl for group-634B2287BAD2:[55b4ba96-bf07-45ec-820e-f4e510eb6251|rpc:10.1.0.24:40873|priority:1] with ContainerStateMachine:uninitialized
2021-09-09 12:47:54,178 [pool-74-thread-1] INFO  server.RaftServerConfigKeys (ConfUtils.java:logGet(44)) - raft.server.rpc.timeout.min = 5s (custom)
2021-09-09 12:47:54,178 [pool-74-thread-1] INFO  server.RaftServerConfigKeys (ConfUtils.java:logGet(44)) - raft.server.rpc.timeout.max = 5200ms (custom)
2021-09-09 12:47:54,178 [pool-74-thread-1] INFO  server.RaftServerConfigKeys (ConfUtils.java:logGet(44)) - raft.server.rpc.sleep.time = 25ms (default)
2021-09-09 12:47:54,179 [pool-74-thread-1] INFO  server.RaftServerConfigKeys (ConfUtils.java:logGet(44)) - raft.server.rpc.slowness.timeout = 1000000ms (custom)
2021-09-09 12:47:54,179 [pool-74-thread-1] INFO  server.RaftServerConfigKeys (ConfUtils.java:logGet(44)) - raft.server.leaderelection.leader.step-down.wait-time = 10s (default)
2021-09-09 12:47:54,179 [pool-74-thread-1] INFO  server.RaftServerConfigKeys (ConfUtils.java:logGet(44)) - raft.server.sleep.deviation.threshold = 300ms (default)
2021-09-09 12:47:54,179 [pool-74-thread-1] INFO  server.RaftServerConfigKeys (ConfUtils.java:logGet(44)) - raft.server.log.appender.install.snapshot.enabled = false (custom)
2021-09-09 12:47:54,179 [pool-74-thread-1] INFO  server.RaftServer$Division (ServerState.java:<init>(105)) - 55b4ba96-bf07-45ec-820e-f4e510eb6251@group-634B2287BAD2: ConfigurationManager, init=-1: [55b4ba96-bf07-45ec-820e-f4e510eb6251|rpc:10.1.0.24:40873|priority:1], old=null, confs=<EMPTY_MAP>
2021-09-09 12:47:54,179 [pool-74-thread-1] INFO  server.RaftServerConfigKeys (ConfUtils.java:logGet(44)) - raft.server.storage.dir = [/home/runner/work/ozone/ozone/hadoop-ozone/integration-test/target/test-dir/MiniOzoneClusterImpl-2c2d5e5b-af94-478e-8854-ace1b50e11fb/datanode-1/data/ratis] (custom)
2021-09-09 12:47:54,179 [pool-74-thread-1] INFO  server.RaftServerConfigKeys (ConfUtils.java:logGet(44)) - raft.server.log.corruption.policy = EXCEPTION (default)
2021-09-09 12:47:54,179 [pool-74-thread-1] INFO  server.RaftServerConfigKeys (ConfUtils.java:logGet(44)) - raft.server.storage.free-space.min = 0MB (=0) (default)
2021-09-09 12:47:54,179 [pool-74-thread-1] INFO  storage.RaftStorageDirectory (RaftStorageDirectoryImpl.java:analyzeStorage(135)) - The storage directory /home/runner/work/ozone/ozone/hadoop-ozone/integration-test/target/test-dir/MiniOzoneClusterImpl-2c2d5e5b-af94-478e-8854-ace1b50e11fb/datanode-1/data/ratis/a1963e53-65b4-44b9-a3a3-634b2287bad2 does not exist. Creating ...
2021-09-09 12:47:54,180 [pool-74-thread-1] INFO  storage.RaftStorageDirectory (RaftStorageDirectoryImpl.java:tryLock(230)) - Lock on /home/runner/work/ozone/ozone/hadoop-ozone/integration-test/target/test-dir/MiniOzoneClusterImpl-2c2d5e5b-af94-478e-8854-ace1b50e11fb/datanode-1/data/ratis/a1963e53-65b4-44b9-a3a3-634b2287bad2/in_use.lock acquired by nodename 5144@fv-az116-684
2021-09-09 12:47:54,186 [pool-74-thread-1] INFO  storage.RaftStorage (RaftStorageImpl.java:format(89)) - Storage directory /home/runner/work/ozone/ozone/hadoop-ozone/integration-test/target/test-dir/MiniOzoneClusterImpl-2c2d5e5b-af94-478e-8854-ace1b50e11fb/datanode-1/data/ratis/a1963e53-65b4-44b9-a3a3-634b2287bad2 has been successfully formatted.
2021-09-09 12:47:54,187 [pool-74-thread-1] INFO  ratis.ContainerStateMachine (ContainerStateMachine.java:loadSnapshot(224)) - group-634B2287BAD2: The snapshot info is null. Setting the last applied indexto:(t:0, i:~)
2021-09-09 12:47:54,189 [pool-74-thread-1] INFO  server.RaftServerConfigKeys (ConfUtils.java:logGet(44)) - raft.server.notification.no-leader.timeout = 1000000ms (custom)
2021-09-09 12:47:54,189 [Datanode State Machine Thread - 0] WARN  statemachine.StateContext (StateContext.java:execute(621)) - No available thread in pool for past 0 seconds.
2021-09-09 12:47:54,189 [pool-74-thread-1] INFO  server.RaftServerConfigKeys (ConfUtils.java:logGet(44)) - raft.server.log.use.memory = false (default)
2021-09-09 12:47:54,190 [pool-74-thread-1] INFO  server.RaftServerConfigKeys (ConfUtils.java:logGet(44)) - raft.server.log.purge.gap = 1000000 (custom)
2021-09-09 12:47:54,190 [pool-74-thread-1] INFO  server.RaftServerConfigKeys (ConfUtils.java:logGet(44)) - raft.server.log.appender.buffer.byte-limit = 33554432 (custom)
2021-09-09 12:47:54,190 [pool-74-thread-1] INFO  server.RaftServerConfigKeys (ConfUtils.java:logGet(44)) - raft.server.log.segment.size.max = 1048576 (custom)
2021-09-09 12:47:54,191 [EventQueue-PipelineReportForPipelineReportHandler] INFO  pipeline.PipelineManagerImpl (PipelineManagerImpl.java:openPipeline(282)) - Pipeline Pipeline[ Id: a1963e53-65b4-44b9-a3a3-634b2287bad2, Nodes: 55b4ba96-bf07-45ec-820e-f4e510eb6251{ip: 10.1.0.24, host: fv-az116-684.vzw04321ajxubdbcnpick5nqva.xx.internal.cloudapp.net, ports: [REPLICATION=35245, RATIS=40873, RATIS_ADMIN=40873, RATIS_SERVER=40873, STANDALONE=36675], networkLocation: /default-rack, certSerialId: null, persistedOpState: IN_SERVICE, persistedOpStateExpiryEpochSec: 0}, ReplicationConfig: RATIS/ONE, State:ALLOCATED, leaderId:55b4ba96-bf07-45ec-820e-f4e510eb6251, CreationTimestamp2021-09-09T12:47:51.169Z[Etc/UTC]] moved to OPEN state
2021-09-09 12:47:54,191 [EventQueue-OpenPipelineForHealthyPipelineSafeModeRule] INFO  safemode.SCMSafeModeManager (HealthyPipelineSafeModeRule.java:process(124)) - SCM in safe mode. Healthy pipelines reported count is 0, required healthy pipeline reported count is 1
2021-09-09 12:47:54,192 [pool-74-thread-1] INFO  server.RaftServerConfigKeys (ConfUtils.java:logGet(44)) - raft.server.log.segment.cache.num.max = 2 (custom)
2021-09-09 12:47:54,192 [pool-74-thread-1] INFO  server.RaftServerConfigKeys (ConfUtils.java:logGet(44)) - raft.server.log.segment.cache.size.max = 200MB (=209715200) (default)
2021-09-09 12:47:54,192 [pool-74-thread-1] INFO  segmented.SegmentedRaftLogWorker (SegmentedRaftLogWorker.java:<init>(182)) - new 55b4ba96-bf07-45ec-820e-f4e510eb6251@group-634B2287BAD2-SegmentedRaftLogWorker for RaftStorageImpl:Storage Directory /home/runner/work/ozone/ozone/hadoop-ozone/integration-test/target/test-dir/MiniOzoneClusterImpl-2c2d5e5b-af94-478e-8854-ace1b50e11fb/datanode-1/data/ratis/a1963e53-65b4-44b9-a3a3-634b2287bad2
2021-09-09 12:47:54,192 [pool-74-thread-1] INFO  server.RaftServerConfigKeys (ConfUtils.java:logGet(44)) - raft.server.log.queue.byte-limit = 2147483647 (custom)
2021-09-09 12:47:54,192 [pool-74-thread-1] INFO  server.RaftServerConfigKeys (ConfUtils.java:logGet(44)) - raft.server.log.queue.element-limit = 1024 (custom)
2021-09-09 12:47:54,193 [pool-74-thread-1] INFO  server.RaftServerConfigKeys (ConfUtils.java:logGet(44)) - raft.server.log.segment.size.max = 1048576 (custom)
2021-09-09 12:47:54,193 [pool-74-thread-1] INFO  server.RaftServerConfigKeys (ConfUtils.java:logGet(44)) - raft.server.log.preallocated.size = 16384 (custom)
2021-09-09 12:47:54,193 [pool-74-thread-1] INFO  server.RaftServerConfigKeys (ConfUtils.java:logGet(44)) - raft.server.log.force.sync.num = 128 (default)
2021-09-09 12:47:54,193 [pool-74-thread-1] INFO  server.RaftServerConfigKeys (ConfUtils.java:logGet(44)) - raft.server.log.statemachine.data.sync = true (default)
2021-09-09 12:47:54,193 [pool-74-thread-1] INFO  server.RaftServerConfigKeys (ConfUtils.java:logGet(44)) - raft.server.log.statemachine.data.sync.timeout = 10s (default)
2021-09-09 12:47:54,193 [pool-74-thread-1] INFO  server.RaftServerConfigKeys (ConfUtils.java:logGet(44)) - raft.server.log.statemachine.data.sync.timeout.retry = -1 (default)
2021-09-09 12:47:54,194 [pool-74-thread-1] INFO  server.RaftServerConfigKeys (ConfUtils.java:logGet(44)) - raft.server.log.write.buffer.size = 1048576 (custom)
2021-09-09 12:47:54,195 [pool-74-thread-1] INFO  server.RaftServerConfigKeys (ConfUtils.java:logGet(44)) - raft.server.log.statemachine.data.caching.enabled = true (custom)
2021-09-09 12:47:54,195 [pool-74-thread-1] INFO  segmented.SegmentedRaftLogWorker (SegmentedRaftLogWorker.java:lambda$new$0(133)) - 55b4ba96-bf07-45ec-820e-f4e510eb6251@group-634B2287BAD2-SegmentedRaftLogWorker: flushIndex: setUnconditionally 0 -> -1
2021-09-09 12:47:54,195 [pool-74-thread-1] INFO  segmented.SegmentedRaftLogWorker (SegmentedRaftLogWorker.java:lambda$new$0(133)) - 55b4ba96-bf07-45ec-820e-f4e510eb6251@group-634B2287BAD2-SegmentedRaftLogWorker: safeCacheEvictIndex: setUnconditionally 0 -> -1
2021-09-09 12:47:54,195 [pool-74-thread-1] INFO  server.RaftServerConfigKeys (ConfUtils.java:logGet(44)) - raft.server.snapshot.auto.trigger.enabled = true (custom)
2021-09-09 12:47:54,195 [pool-74-thread-1] INFO  server.RaftServerConfigKeys (ConfUtils.java:logGet(44)) - raft.server.snapshot.auto.trigger.threshold = 10000 (custom)
2021-09-09 12:47:54,195 [pool-74-thread-1] INFO  server.RaftServerConfigKeys (ConfUtils.java:logGet(44)) - raft.server.snapshot.retention.file.num = 5 (custom)
2021-09-09 12:47:54,195 [pool-74-thread-1] INFO  server.RaftServerConfigKeys (ConfUtils.java:logGet(44)) - raft.server.log.purge.upto.snapshot.index = false (default)
2021-09-09 12:47:54,196 [pool-74-thread-1] INFO  server.RaftServerConfigKeys (ConfUtils.java:logGet(44)) - raft.server.retrycache.expirytime = 600000ms (custom)
2021-09-09 12:47:54,196 [pool-74-thread-1] INFO  server.RaftServerConfigKeys (ConfUtils.java:logGet(44)) - raft.server.retrycache.statistics.expirytime = 100μs (default)
2021-09-09 12:47:54,198 [pool-74-thread-1] INFO  server.RaftServer$Division (RaftServerImpl.java:start(296)) - 55b4ba96-bf07-45ec-820e-f4e510eb6251@group-634B2287BAD2: start as a follower, conf=-1: [55b4ba96-bf07-45ec-820e-f4e510eb6251|rpc:10.1.0.24:40873|priority:1], old=null
2021-09-09 12:47:54,198 [pool-74-thread-1] INFO  server.RaftServer$Division (RaftServerImpl.java:setRole(285)) - 55b4ba96-bf07-45ec-820e-f4e510eb6251@group-634B2287BAD2: changes role from      null to FOLLOWER at term 0 for startAsFollower
2021-09-09 12:47:54,198 [pool-74-thread-1] INFO  impl.RoleInfo (RoleInfo.java:updateAndGet(130)) - 55b4ba96-bf07-45ec-820e-f4e510eb6251: start 55b4ba96-bf07-45ec-820e-f4e510eb6251@group-634B2287BAD2-FollowerState
2021-09-09 12:47:54,198 [pool-74-thread-1] INFO  util.JmxRegister (JmxRegister.java:tryRegister(44)) - Successfully registered JMX Bean with object name Ratis:service=RaftServer,group=group-634B2287BAD2,id=55b4ba96-bf07-45ec-820e-f4e510eb6251
2021-09-09 12:47:54,199 [Command processor thread] INFO  ratis.XceiverServerRatis (XceiverServerRatis.java:addGroup(763)) - Created group PipelineID=a1963e53-65b4-44b9-a3a3-634b2287bad2
2021-09-09 12:47:54,199 [Command processor thread] INFO  commandhandler.CreatePipelineCommandHandler (CreatePipelineCommandHandler.java:handle(106)) - Created Pipeline RATIS ONE PipelineID=a1963e53-65b4-44b9-a3a3-634b2287bad2.
2021-09-09 12:47:54,199 [Command processor thread] INFO  server.RaftServer (RaftServerProxy.java:addNew(95)) - 55b4ba96-bf07-45ec-820e-f4e510eb6251: addNew group-6CB0152A5598:[d06b9620-45ef-4868-ba92-a36eee8dccc5|rpc:10.1.0.24:41007|priority:0, fb143889-6975-4026-9ff6-880cb13018db|rpc:10.1.0.24:39863|priority:0, 55b4ba96-bf07-45ec-820e-f4e510eb6251|rpc:10.1.0.24:40873|priority:1] returns group-6CB0152A5598:java.util.concurrent.CompletableFuture@2d87ba7[Not completed]
2021-09-09 12:47:54,201 [pool-74-thread-1] INFO  server.RaftServer$Division (RaftServerImpl.java:<init>(181)) - 55b4ba96-bf07-45ec-820e-f4e510eb6251: new RaftServerImpl for group-6CB0152A5598:[d06b9620-45ef-4868-ba92-a36eee8dccc5|rpc:10.1.0.24:41007|priority:0, fb143889-6975-4026-9ff6-880cb13018db|rpc:10.1.0.24:39863|priority:0, 55b4ba96-bf07-45ec-820e-f4e510eb6251|rpc:10.1.0.24:40873|priority:1] with ContainerStateMachine:uninitialized
2021-09-09 12:47:54,201 [pool-74-thread-1] INFO  server.RaftServerConfigKeys (ConfUtils.java:logGet(44)) - raft.server.rpc.timeout.min = 5s (custom)
2021-09-09 12:47:54,201 [pool-74-thread-1] INFO  server.RaftServerConfigKeys (ConfUtils.java:logGet(44)) - raft.server.rpc.timeout.max = 5200ms (custom)
2021-09-09 12:47:54,201 [pool-74-thread-1] INFO  server.RaftServerConfigKeys (ConfUtils.java:logGet(44)) - raft.server.rpc.sleep.time = 25ms (default)
2021-09-09 12:47:54,201 [pool-74-thread-1] INFO  server.RaftServerConfigKeys (ConfUtils.java:logGet(44)) - raft.server.rpc.slowness.timeout = 1000000ms (custom)
2021-09-09 12:47:54,201 [pool-74-thread-1] INFO  server.RaftServerConfigKeys (ConfUtils.java:logGet(44)) - raft.server.leaderelection.leader.step-down.wait-time = 10s (default)
2021-09-09 12:47:54,201 [pool-74-thread-1] INFO  server.RaftServerConfigKeys (ConfUtils.java:logGet(44)) - raft.server.sleep.deviation.threshold = 300ms (default)
2021-09-09 12:47:54,201 [pool-74-thread-1] INFO  server.RaftServerConfigKeys (ConfUtils.java:logGet(44)) - raft.server.log.appender.install.snapshot.enabled = false (custom)
2021-09-09 12:47:54,201 [pool-74-thread-1] INFO  server.RaftServer$Division (ServerState.java:<init>(105)) - 55b4ba96-bf07-45ec-820e-f4e510eb6251@group-6CB0152A5598: ConfigurationManager, init=-1: [d06b9620-45ef-4868-ba92-a36eee8dccc5|rpc:10.1.0.24:41007|priority:0, fb143889-6975-4026-9ff6-880cb13018db|rpc:10.1.0.24:39863|priority:0, 55b4ba96-bf07-45ec-820e-f4e510eb6251|rpc:10.1.0.24:40873|priority:1], old=null, confs=<EMPTY_MAP>
2021-09-09 12:47:54,201 [pool-74-thread-1] INFO  server.RaftServerConfigKeys (ConfUtils.java:logGet(44)) - raft.server.storage.dir = [/home/runner/work/ozone/ozone/hadoop-ozone/integration-test/target/test-dir/MiniOzoneClusterImpl-2c2d5e5b-af94-478e-8854-ace1b50e11fb/datanode-1/data/ratis] (custom)
2021-09-09 12:47:54,202 [pool-74-thread-1] INFO  server.RaftServerConfigKeys (ConfUtils.java:logGet(44)) - raft.server.log.corruption.policy = EXCEPTION (default)
2021-09-09 12:47:54,202 [pool-74-thread-1] INFO  server.RaftServerConfigKeys (ConfUtils.java:logGet(44)) - raft.server.storage.free-space.min = 0MB (=0) (default)
2021-09-09 12:47:54,202 [pool-74-thread-1] INFO  storage.RaftStorageDirectory (RaftStorageDirectoryImpl.java:analyzeStorage(135)) - The storage directory /home/runner/work/ozone/ozone/hadoop-ozone/integration-test/target/test-dir/MiniOzoneClusterImpl-2c2d5e5b-af94-478e-8854-ace1b50e11fb/datanode-1/data/ratis/bcb210ab-238d-4494-be5c-6cb0152a5598 does not exist. Creating ...
2021-09-09 12:47:54,203 [pool-74-thread-1] INFO  storage.RaftStorageDirectory (RaftStorageDirectoryImpl.java:tryLock(230)) - Lock on /home/runner/work/ozone/ozone/hadoop-ozone/integration-test/target/test-dir/MiniOzoneClusterImpl-2c2d5e5b-af94-478e-8854-ace1b50e11fb/datanode-1/data/ratis/bcb210ab-238d-4494-be5c-6cb0152a5598/in_use.lock acquired by nodename 5144@fv-az116-684
2021-09-09 12:47:54,204 [pool-74-thread-1] INFO  storage.RaftStorage (RaftStorageImpl.java:format(89)) - Storage directory /home/runner/work/ozone/ozone/hadoop-ozone/integration-test/target/test-dir/MiniOzoneClusterImpl-2c2d5e5b-af94-478e-8854-ace1b50e11fb/datanode-1/data/ratis/bcb210ab-238d-4494-be5c-6cb0152a5598 has been successfully formatted.
2021-09-09 12:47:54,204 [Datanode State Machine Thread - 0] WARN  statemachine.StateContext (StateContext.java:execute(621)) - No available thread in pool for past 0 seconds.
2021-09-09 12:47:54,205 [pool-74-thread-1] INFO  ratis.ContainerStateMachine (ContainerStateMachine.java:loadSnapshot(224)) - group-6CB0152A5598: The snapshot info is null. Setting the last applied indexto:(t:0, i:~)
2021-09-09 12:47:54,205 [pool-74-thread-1] INFO  server.RaftServerConfigKeys (ConfUtils.java:logGet(44)) - raft.server.notification.no-leader.timeout = 1000000ms (custom)
2021-09-09 12:47:54,205 [pool-74-thread-1] INFO  server.RaftServerConfigKeys (ConfUtils.java:logGet(44)) - raft.server.log.use.memory = false (default)
2021-09-09 12:47:54,205 [EventQueue-OpenPipelineForHealthyPipelineSafeModeRule] INFO  safemode.SCMSafeModeManager (HealthyPipelineSafeModeRule.java:process(124)) - SCM in safe mode. Healthy pipelines reported count is 0, required healthy pipeline reported count is 1
2021-09-09 12:47:54,206 [pool-74-thread-1] INFO  server.RaftServerConfigKeys (ConfUtils.java:logGet(44)) - raft.server.log.purge.gap = 1000000 (custom)
2021-09-09 12:47:54,206 [pool-74-thread-1] INFO  server.RaftServerConfigKeys (ConfUtils.java:logGet(44)) - raft.server.log.appender.buffer.byte-limit = 33554432 (custom)
2021-09-09 12:47:54,206 [pool-74-thread-1] INFO  server.RaftServerConfigKeys (ConfUtils.java:logGet(44)) - raft.server.log.segment.size.max = 1048576 (custom)
2021-09-09 12:47:54,207 [pool-74-thread-1] INFO  server.RaftServerConfigKeys (ConfUtils.java:logGet(44)) - raft.server.log.segment.cache.num.max = 2 (custom)
2021-09-09 12:47:54,207 [pool-74-thread-1] INFO  server.RaftServerConfigKeys (ConfUtils.java:logGet(44)) - raft.server.log.segment.cache.size.max = 200MB (=209715200) (default)
2021-09-09 12:47:54,207 [pool-74-thread-1] INFO  segmented.SegmentedRaftLogWorker (SegmentedRaftLogWorker.java:<init>(182)) - new 55b4ba96-bf07-45ec-820e-f4e510eb6251@group-6CB0152A5598-SegmentedRaftLogWorker for RaftStorageImpl:Storage Directory /home/runner/work/ozone/ozone/hadoop-ozone/integration-test/target/test-dir/MiniOzoneClusterImpl-2c2d5e5b-af94-478e-8854-ace1b50e11fb/datanode-1/data/ratis/bcb210ab-238d-4494-be5c-6cb0152a5598
2021-09-09 12:47:54,207 [pool-74-thread-1] INFO  server.RaftServerConfigKeys (ConfUtils.java:logGet(44)) - raft.server.log.queue.byte-limit = 2147483647 (custom)
2021-09-09 12:47:54,207 [pool-74-thread-1] INFO  server.RaftServerConfigKeys (ConfUtils.java:logGet(44)) - raft.server.log.queue.element-limit = 1024 (custom)
2021-09-09 12:47:54,207 [pool-74-thread-1] INFO  server.RaftServerConfigKeys (ConfUtils.java:logGet(44)) - raft.server.log.segment.size.max = 1048576 (custom)
2021-09-09 12:47:54,207 [pool-74-thread-1] INFO  server.RaftServerConfigKeys (ConfUtils.java:logGet(44)) - raft.server.log.preallocated.size = 16384 (custom)
2021-09-09 12:47:54,207 [pool-74-thread-1] INFO  server.RaftServerConfigKeys (ConfUtils.java:logGet(44)) - raft.server.log.force.sync.num = 128 (default)
2021-09-09 12:47:54,208 [pool-74-thread-1] INFO  server.RaftServerConfigKeys (ConfUtils.java:logGet(44)) - raft.server.log.statemachine.data.sync = true (default)
2021-09-09 12:47:54,208 [pool-74-thread-1] INFO  server.RaftServerConfigKeys (ConfUtils.java:logGet(44)) - raft.server.log.statemachine.data.sync.timeout = 10s (default)
2021-09-09 12:47:54,208 [pool-74-thread-1] INFO  server.RaftServerConfigKeys (ConfUtils.java:logGet(44)) - raft.server.log.statemachine.data.sync.timeout.retry = -1 (default)
2021-09-09 12:47:54,209 [pool-74-thread-1] INFO  server.RaftServerConfigKeys (ConfUtils.java:logGet(44)) - raft.server.log.write.buffer.size = 1048576 (custom)
2021-09-09 12:47:54,209 [pool-74-thread-1] INFO  server.RaftServerConfigKeys (ConfUtils.java:logGet(44)) - raft.server.log.statemachine.data.caching.enabled = true (custom)
2021-09-09 12:47:54,210 [pool-74-thread-1] INFO  segmented.SegmentedRaftLogWorker (SegmentedRaftLogWorker.java:lambda$new$0(133)) - 55b4ba96-bf07-45ec-820e-f4e510eb6251@group-6CB0152A5598-SegmentedRaftLogWorker: flushIndex: setUnconditionally 0 -> -1
2021-09-09 12:47:54,210 [pool-74-thread-1] INFO  segmented.SegmentedRaftLogWorker (SegmentedRaftLogWorker.java:lambda$new$0(133)) - 55b4ba96-bf07-45ec-820e-f4e510eb6251@group-6CB0152A5598-SegmentedRaftLogWorker: safeCacheEvictIndex: setUnconditionally 0 -> -1
2021-09-09 12:47:54,210 [pool-74-thread-1] INFO  server.RaftServerConfigKeys (ConfUtils.java:logGet(44)) - raft.server.snapshot.auto.trigger.enabled = true (custom)
2021-09-09 12:47:54,210 [pool-74-thread-1] INFO  server.RaftServerConfigKeys (ConfUtils.java:logGet(44)) - raft.server.snapshot.auto.trigger.threshold = 10000 (custom)
2021-09-09 12:47:54,210 [pool-74-thread-1] INFO  server.RaftServerConfigKeys (ConfUtils.java:logGet(44)) - raft.server.snapshot.retention.file.num = 5 (custom)
2021-09-09 12:47:54,210 [pool-74-thread-1] INFO  server.RaftServerConfigKeys (ConfUtils.java:logGet(44)) - raft.server.log.purge.upto.snapshot.index = false (default)
2021-09-09 12:47:54,210 [pool-74-thread-1] INFO  server.RaftServerConfigKeys (ConfUtils.java:logGet(44)) - raft.server.retrycache.expirytime = 600000ms (custom)
2021-09-09 12:47:54,210 [pool-74-thread-1] INFO  server.RaftServerConfigKeys (ConfUtils.java:logGet(44)) - raft.server.retrycache.statistics.expirytime = 100μs (default)
2021-09-09 12:47:54,212 [pool-74-thread-1] INFO  server.RaftServer$Division (RaftServerImpl.java:start(296)) - 55b4ba96-bf07-45ec-820e-f4e510eb6251@group-6CB0152A5598: start as a follower, conf=-1: [d06b9620-45ef-4868-ba92-a36eee8dccc5|rpc:10.1.0.24:41007|priority:0, fb143889-6975-4026-9ff6-880cb13018db|rpc:10.1.0.24:39863|priority:0, 55b4ba96-bf07-45ec-820e-f4e510eb6251|rpc:10.1.0.24:40873|priority:1], old=null
2021-09-09 12:47:54,212 [pool-74-thread-1] INFO  server.RaftServer$Division (RaftServerImpl.java:setRole(285)) - 55b4ba96-bf07-45ec-820e-f4e510eb6251@group-6CB0152A5598: changes role from      null to FOLLOWER at term 0 for startAsFollower
2021-09-09 12:47:54,212 [pool-74-thread-1] INFO  impl.RoleInfo (RoleInfo.java:updateAndGet(130)) - 55b4ba96-bf07-45ec-820e-f4e510eb6251: start 55b4ba96-bf07-45ec-820e-f4e510eb6251@group-6CB0152A5598-FollowerState
2021-09-09 12:47:54,213 [pool-74-thread-1] INFO  util.JmxRegister (JmxRegister.java:tryRegister(44)) - Successfully registered JMX Bean with object name Ratis:service=RaftServer,group=group-6CB0152A5598,id=55b4ba96-bf07-45ec-820e-f4e510eb6251
2021-09-09 12:47:54,213 [Command processor thread] INFO  ratis.XceiverServerRatis (XceiverServerRatis.java:addGroup(763)) - Created group PipelineID=bcb210ab-238d-4494-be5c-6cb0152a5598
2021-09-09 12:47:54,519 [grpc-default-executor-0] INFO  server.RaftServer (RaftServerProxy.java:addNew(95)) - d06b9620-45ef-4868-ba92-a36eee8dccc5: addNew group-6CB0152A5598:[d06b9620-45ef-4868-ba92-a36eee8dccc5|rpc:10.1.0.24:41007|dataStream:|priority:0, fb143889-6975-4026-9ff6-880cb13018db|rpc:10.1.0.24:39863|dataStream:|priority:0, 55b4ba96-bf07-45ec-820e-f4e510eb6251|rpc:10.1.0.24:40873|dataStream:|priority:1] returns group-6CB0152A5598:java.util.concurrent.CompletableFuture@1449038d[Not completed]
2021-09-09 12:47:54,523 [pool-93-thread-1] INFO  server.RaftServer$Division (RaftServerImpl.java:<init>(181)) - d06b9620-45ef-4868-ba92-a36eee8dccc5: new RaftServerImpl for group-6CB0152A5598:[d06b9620-45ef-4868-ba92-a36eee8dccc5|rpc:10.1.0.24:41007|dataStream:|priority:0, fb143889-6975-4026-9ff6-880cb13018db|rpc:10.1.0.24:39863|dataStream:|priority:0, 55b4ba96-bf07-45ec-820e-f4e510eb6251|rpc:10.1.0.24:40873|dataStream:|priority:1] with ContainerStateMachine:uninitialized
2021-09-09 12:47:54,531 [pool-93-thread-1] INFO  server.RaftServerConfigKeys (ConfUtils.java:logGet(44)) - raft.server.rpc.timeout.min = 5s (custom)
2021-09-09 12:47:54,531 [pool-93-thread-1] INFO  server.RaftServerConfigKeys (ConfUtils.java:logGet(44)) - raft.server.rpc.timeout.max = 5200ms (custom)
2021-09-09 12:47:54,531 [pool-93-thread-1] INFO  server.RaftServerConfigKeys (ConfUtils.java:logGet(44)) - raft.server.rpc.sleep.time = 25ms (default)
2021-09-09 12:47:54,531 [pool-93-thread-1] INFO  server.RaftServerConfigKeys (ConfUtils.java:logGet(44)) - raft.server.rpc.slowness.timeout = 1000000ms (custom)
2021-09-09 12:47:54,531 [pool-93-thread-1] INFO  server.RaftServerConfigKeys (ConfUtils.java:logGet(44)) - raft.server.leaderelection.leader.step-down.wait-time = 10s (default)
2021-09-09 12:47:54,531 [pool-93-thread-1] INFO  server.RaftServerConfigKeys (ConfUtils.java:logGet(44)) - raft.server.sleep.deviation.threshold = 300ms (default)
2021-09-09 12:47:54,532 [pool-93-thread-1] INFO  server.RaftServerConfigKeys (ConfUtils.java:logGet(44)) - raft.server.log.appender.install.snapshot.enabled = false (custom)
2021-09-09 12:47:54,532 [pool-93-thread-1] INFO  server.RaftServer$Division (ServerState.java:<init>(105)) - d06b9620-45ef-4868-ba92-a36eee8dccc5@group-6CB0152A5598: ConfigurationManager, init=-1: [d06b9620-45ef-4868-ba92-a36eee8dccc5|rpc:10.1.0.24:41007|dataStream:|priority:0, fb143889-6975-4026-9ff6-880cb13018db|rpc:10.1.0.24:39863|dataStream:|priority:0, 55b4ba96-bf07-45ec-820e-f4e510eb6251|rpc:10.1.0.24:40873|dataStream:|priority:1], old=null, confs=<EMPTY_MAP>
2021-09-09 12:47:54,532 [pool-93-thread-1] INFO  server.RaftServerConfigKeys (ConfUtils.java:logGet(44)) - raft.server.storage.dir = [/home/runner/work/ozone/ozone/hadoop-ozone/integration-test/target/test-dir/MiniOzoneClusterImpl-2c2d5e5b-af94-478e-8854-ace1b50e11fb/datanode-2/data/ratis] (custom)
2021-09-09 12:47:54,533 [pool-93-thread-1] INFO  server.RaftServerConfigKeys (ConfUtils.java:logGet(44)) - raft.server.log.corruption.policy = EXCEPTION (default)
2021-09-09 12:47:54,533 [pool-93-thread-1] INFO  server.RaftServerConfigKeys (ConfUtils.java:logGet(44)) - raft.server.storage.free-space.min = 0MB (=0) (default)
2021-09-09 12:47:54,533 [pool-93-thread-1] INFO  storage.RaftStorageDirectory (RaftStorageDirectoryImpl.java:analyzeStorage(135)) - The storage directory /home/runner/work/ozone/ozone/hadoop-ozone/integration-test/target/test-dir/MiniOzoneClusterImpl-2c2d5e5b-af94-478e-8854-ace1b50e11fb/datanode-2/data/ratis/bcb210ab-238d-4494-be5c-6cb0152a5598 does not exist. Creating ...
2021-09-09 12:47:54,536 [pool-93-thread-1] INFO  storage.RaftStorageDirectory (RaftStorageDirectoryImpl.java:tryLock(230)) - Lock on /home/runner/work/ozone/ozone/hadoop-ozone/integration-test/target/test-dir/MiniOzoneClusterImpl-2c2d5e5b-af94-478e-8854-ace1b50e11fb/datanode-2/data/ratis/bcb210ab-238d-4494-be5c-6cb0152a5598/in_use.lock acquired by nodename 5144@fv-az116-684
2021-09-09 12:47:54,538 [pool-93-thread-1] INFO  storage.RaftStorage (RaftStorageImpl.java:format(89)) - Storage directory /home/runner/work/ozone/ozone/hadoop-ozone/integration-test/target/test-dir/MiniOzoneClusterImpl-2c2d5e5b-af94-478e-8854-ace1b50e11fb/datanode-2/data/ratis/bcb210ab-238d-4494-be5c-6cb0152a5598 has been successfully formatted.
2021-09-09 12:47:54,544 [pool-93-thread-1] INFO  ratis.ContainerStateMachine (ContainerStateMachine.java:loadSnapshot(224)) - group-6CB0152A5598: The snapshot info is null. Setting the last applied indexto:(t:0, i:~)
2021-09-09 12:47:54,545 [Datanode State Machine Thread - 0] WARN  statemachine.StateContext (StateContext.java:execute(621)) - No available thread in pool for past 0 seconds.
2021-09-09 12:47:54,547 [pool-93-thread-1] INFO  server.RaftServerConfigKeys (ConfUtils.java:logGet(44)) - raft.server.notification.no-leader.timeout = 1000000ms (custom)
2021-09-09 12:47:54,547 [pool-93-thread-1] INFO  server.RaftServerConfigKeys (ConfUtils.java:logGet(44)) - raft.server.log.use.memory = false (default)
2021-09-09 12:47:54,547 [pool-93-thread-1] INFO  server.RaftServerConfigKeys (ConfUtils.java:logGet(44)) - raft.server.log.purge.gap = 1000000 (custom)
2021-09-09 12:47:54,547 [pool-93-thread-1] INFO  server.RaftServerConfigKeys (ConfUtils.java:logGet(44)) - raft.server.log.appender.buffer.byte-limit = 33554432 (custom)
2021-09-09 12:47:54,548 [pool-93-thread-1] INFO  server.RaftServerConfigKeys (ConfUtils.java:logGet(44)) - raft.server.log.segment.size.max = 1048576 (custom)
2021-09-09 12:47:54,548 [pool-93-thread-1] INFO  server.RaftServerConfigKeys (ConfUtils.java:logGet(44)) - raft.server.log.segment.cache.num.max = 2 (custom)
2021-09-09 12:47:54,549 [pool-93-thread-1] INFO  server.RaftServerConfigKeys (ConfUtils.java:logGet(44)) - raft.server.log.segment.cache.size.max = 200MB (=209715200) (default)
2021-09-09 12:47:54,549 [pool-93-thread-1] INFO  segmented.SegmentedRaftLogWorker (SegmentedRaftLogWorker.java:<init>(182)) - new d06b9620-45ef-4868-ba92-a36eee8dccc5@group-6CB0152A5598-SegmentedRaftLogWorker for RaftStorageImpl:Storage Directory /home/runner/work/ozone/ozone/hadoop-ozone/integration-test/target/test-dir/MiniOzoneClusterImpl-2c2d5e5b-af94-478e-8854-ace1b50e11fb/datanode-2/data/ratis/bcb210ab-238d-4494-be5c-6cb0152a5598
2021-09-09 12:47:54,549 [pool-93-thread-1] INFO  server.RaftServerConfigKeys (ConfUtils.java:logGet(44)) - raft.server.log.queue.byte-limit = 2147483647 (custom)
2021-09-09 12:47:54,549 [pool-93-thread-1] INFO  server.RaftServerConfigKeys (ConfUtils.java:logGet(44)) - raft.server.log.queue.element-limit = 1024 (custom)
2021-09-09 12:47:54,549 [pool-93-thread-1] INFO  server.RaftServerConfigKeys (ConfUtils.java:logGet(44)) - raft.server.log.segment.size.max = 1048576 (custom)
2021-09-09 12:47:54,549 [pool-93-thread-1] INFO  server.RaftServerConfigKeys (ConfUtils.java:logGet(44)) - raft.server.log.preallocated.size = 16384 (custom)
2021-09-09 12:47:54,549 [pool-93-thread-1] INFO  server.RaftServerConfigKeys (ConfUtils.java:logGet(44)) - raft.server.log.force.sync.num = 128 (default)
2021-09-09 12:47:54,549 [pool-93-thread-1] INFO  server.RaftServerConfigKeys (ConfUtils.java:logGet(44)) - raft.server.log.statemachine.data.sync = true (default)
2021-09-09 12:47:54,549 [pool-93-thread-1] INFO  server.RaftServerConfigKeys (ConfUtils.java:logGet(44)) - raft.server.log.statemachine.data.sync.timeout = 10s (default)
2021-09-09 12:47:54,549 [pool-93-thread-1] INFO  server.RaftServerConfigKeys (ConfUtils.java:logGet(44)) - raft.server.log.statemachine.data.sync.timeout.retry = -1 (default)
2021-09-09 12:47:54,556 [pool-93-thread-1] INFO  server.RaftServerConfigKeys (ConfUtils.java:logGet(44)) - raft.server.log.write.buffer.size = 1048576 (custom)
2021-09-09 12:47:54,557 [pool-93-thread-1] INFO  server.RaftServerConfigKeys (ConfUtils.java:logGet(44)) - raft.server.log.statemachine.data.caching.enabled = true (custom)
2021-09-09 12:47:54,557 [pool-93-thread-1] INFO  segmented.SegmentedRaftLogWorker (SegmentedRaftLogWorker.java:lambda$new$0(133)) - d06b9620-45ef-4868-ba92-a36eee8dccc5@group-6CB0152A5598-SegmentedRaftLogWorker: flushIndex: setUnconditionally 0 -> -1
2021-09-09 12:47:54,557 [pool-93-thread-1] INFO  segmented.SegmentedRaftLogWorker (SegmentedRaftLogWorker.java:lambda$new$0(133)) - d06b9620-45ef-4868-ba92-a36eee8dccc5@group-6CB0152A5598-SegmentedRaftLogWorker: safeCacheEvictIndex: setUnconditionally 0 -> -1
2021-09-09 12:47:54,557 [pool-93-thread-1] INFO  server.RaftServerConfigKeys (ConfUtils.java:logGet(44)) - raft.server.snapshot.auto.trigger.enabled = true (custom)
2021-09-09 12:47:54,557 [pool-93-thread-1] INFO  server.RaftServerConfigKeys (ConfUtils.java:logGet(44)) - raft.server.snapshot.auto.trigger.threshold = 10000 (custom)
2021-09-09 12:47:54,558 [pool-93-thread-1] INFO  server.RaftServerConfigKeys (ConfUtils.java:logGet(44)) - raft.server.snapshot.retention.file.num = 5 (custom)
2021-09-09 12:47:54,558 [pool-93-thread-1] INFO  server.RaftServerConfigKeys (ConfUtils.java:logGet(44)) - raft.server.log.purge.upto.snapshot.index = false (default)
2021-09-09 12:47:54,558 [pool-93-thread-1] INFO  server.RaftServerConfigKeys (ConfUtils.java:logGet(44)) - raft.server.retrycache.expirytime = 600000ms (custom)
2021-09-09 12:47:54,558 [pool-93-thread-1] INFO  server.RaftServerConfigKeys (ConfUtils.java:logGet(44)) - raft.server.retrycache.statistics.expirytime = 100μs (default)
2021-09-09 12:47:54,563 [pool-93-thread-1] INFO  server.RaftServer$Division (RaftServerImpl.java:start(296)) - d06b9620-45ef-4868-ba92-a36eee8dccc5@group-6CB0152A5598: start as a follower, conf=-1: [d06b9620-45ef-4868-ba92-a36eee8dccc5|rpc:10.1.0.24:41007|dataStream:|priority:0, fb143889-6975-4026-9ff6-880cb13018db|rpc:10.1.0.24:39863|dataStream:|priority:0, 55b4ba96-bf07-45ec-820e-f4e510eb6251|rpc:10.1.0.24:40873|dataStream:|priority:1], old=null
2021-09-09 12:47:54,563 [pool-93-thread-1] INFO  server.RaftServer$Division (RaftServerImpl.java:setRole(285)) - d06b9620-45ef-4868-ba92-a36eee8dccc5@group-6CB0152A5598: changes role from      null to FOLLOWER at term 0 for startAsFollower
2021-09-09 12:47:54,563 [pool-93-thread-1] INFO  impl.RoleInfo (RoleInfo.java:updateAndGet(130)) - d06b9620-45ef-4868-ba92-a36eee8dccc5: start d06b9620-45ef-4868-ba92-a36eee8dccc5@group-6CB0152A5598-FollowerState
2021-09-09 12:47:54,578 [pool-93-thread-1] INFO  util.JmxRegister (JmxRegister.java:tryRegister(44)) - Successfully registered JMX Bean with object name Ratis:service=RaftServer,group=group-6CB0152A5598,id=d06b9620-45ef-4868-ba92-a36eee8dccc5
2021-09-09 12:47:54,610 [Listener at 127.0.0.1/41297] INFO  ozone.MiniOzoneClusterImpl (MiniOzoneClusterImpl.java:lambda$waitForClusterToBeReady$0(235)) - Nodes are ready. Got 3 of 3 DN Heartbeats.
2021-09-09 12:47:54,610 [Listener at 127.0.0.1/41297] INFO  ozone.MiniOzoneClusterImpl (MiniOzoneClusterImpl.java:lambda$waitForClusterToBeReady$0(238)) - Waiting for cluster to exit safe mode
2021-09-09 12:47:54,610 [Listener at 127.0.0.1/41297] INFO  ozone.MiniOzoneClusterImpl (MiniOzoneClusterImpl.java:lambda$waitForClusterToBeReady$0(240)) - SCM became leader
2021-09-09 12:47:54,622 [Command processor thread] INFO  server.RaftServer (RaftServerProxy.java:addNew(95)) - d06b9620-45ef-4868-ba92-a36eee8dccc5: addNew group-93CE10FAA303:[d06b9620-45ef-4868-ba92-a36eee8dccc5|rpc:10.1.0.24:41007|priority:1] returns group-93CE10FAA303:java.util.concurrent.CompletableFuture@64219f86[Not completed]
2021-09-09 12:47:54,624 [pool-93-thread-1] INFO  server.RaftServer$Division (RaftServerImpl.java:<init>(181)) - d06b9620-45ef-4868-ba92-a36eee8dccc5: new RaftServerImpl for group-93CE10FAA303:[d06b9620-45ef-4868-ba92-a36eee8dccc5|rpc:10.1.0.24:41007|priority:1] with ContainerStateMachine:uninitialized
2021-09-09 12:47:54,625 [pool-93-thread-1] INFO  server.RaftServerConfigKeys (ConfUtils.java:logGet(44)) - raft.server.rpc.timeout.min = 5s (custom)
2021-09-09 12:47:54,625 [pool-93-thread-1] INFO  server.RaftServerConfigKeys (ConfUtils.java:logGet(44)) - raft.server.rpc.timeout.max = 5200ms (custom)
2021-09-09 12:47:54,625 [pool-93-thread-1] INFO  server.RaftServerConfigKeys (ConfUtils.java:logGet(44)) - raft.server.rpc.sleep.time = 25ms (default)
2021-09-09 12:47:54,625 [pool-93-thread-1] INFO  server.RaftServerConfigKeys (ConfUtils.java:logGet(44)) - raft.server.rpc.slowness.timeout = 1000000ms (custom)
2021-09-09 12:47:54,625 [pool-93-thread-1] INFO  server.RaftServerConfigKeys (ConfUtils.java:logGet(44)) - raft.server.leaderelection.leader.step-down.wait-time = 10s (default)
2021-09-09 12:47:54,625 [pool-93-thread-1] INFO  server.RaftServerConfigKeys (ConfUtils.java:logGet(44)) - raft.server.sleep.deviation.threshold = 300ms (default)
2021-09-09 12:47:54,625 [pool-93-thread-1] INFO  server.RaftServerConfigKeys (ConfUtils.java:logGet(44)) - raft.server.log.appender.install.snapshot.enabled = false (custom)
2021-09-09 12:47:54,625 [pool-93-thread-1] INFO  server.RaftServer$Division (ServerState.java:<init>(105)) - d06b9620-45ef-4868-ba92-a36eee8dccc5@group-93CE10FAA303: ConfigurationManager, init=-1: [d06b9620-45ef-4868-ba92-a36eee8dccc5|rpc:10.1.0.24:41007|priority:1], old=null, confs=<EMPTY_MAP>
2021-09-09 12:47:54,625 [pool-93-thread-1] INFO  server.RaftServerConfigKeys (ConfUtils.java:logGet(44)) - raft.server.storage.dir = [/home/runner/work/ozone/ozone/hadoop-ozone/integration-test/target/test-dir/MiniOzoneClusterImpl-2c2d5e5b-af94-478e-8854-ace1b50e11fb/datanode-2/data/ratis] (custom)
2021-09-09 12:47:54,627 [pool-93-thread-1] INFO  server.RaftServerConfigKeys (ConfUtils.java:logGet(44)) - raft.server.log.corruption.policy = EXCEPTION (default)
2021-09-09 12:47:54,627 [pool-93-thread-1] INFO  server.RaftServerConfigKeys (ConfUtils.java:logGet(44)) - raft.server.storage.free-space.min = 0MB (=0) (default)
2021-09-09 12:47:54,627 [pool-93-thread-1] INFO  storage.RaftStorageDirectory (RaftStorageDirectoryImpl.java:analyzeStorage(135)) - The storage directory /home/runner/work/ozone/ozone/hadoop-ozone/integration-test/target/test-dir/MiniOzoneClusterImpl-2c2d5e5b-af94-478e-8854-ace1b50e11fb/datanode-2/data/ratis/bd971f26-1b2c-410e-891a-93ce10faa303 does not exist. Creating ...
2021-09-09 12:47:54,631 [pool-93-thread-1] INFO  storage.RaftStorageDirectory (RaftStorageDirectoryImpl.java:tryLock(230)) - Lock on /home/runner/work/ozone/ozone/hadoop-ozone/integration-test/target/test-dir/MiniOzoneClusterImpl-2c2d5e5b-af94-478e-8854-ace1b50e11fb/datanode-2/data/ratis/bd971f26-1b2c-410e-891a-93ce10faa303/in_use.lock acquired by nodename 5144@fv-az116-684
2021-09-09 12:47:54,638 [pool-93-thread-1] INFO  storage.RaftStorage (RaftStorageImpl.java:format(89)) - Storage directory /home/runner/work/ozone/ozone/hadoop-ozone/integration-test/target/test-dir/MiniOzoneClusterImpl-2c2d5e5b-af94-478e-8854-ace1b50e11fb/datanode-2/data/ratis/bd971f26-1b2c-410e-891a-93ce10faa303 has been successfully formatted.
2021-09-09 12:47:54,639 [pool-93-thread-1] INFO  ratis.ContainerStateMachine (ContainerStateMachine.java:loadSnapshot(224)) - group-93CE10FAA303: The snapshot info is null. Setting the last applied indexto:(t:0, i:~)
2021-09-09 12:47:54,639 [pool-93-thread-1] INFO  server.RaftServerConfigKeys (ConfUtils.java:logGet(44)) - raft.server.notification.no-leader.timeout = 1000000ms (custom)
2021-09-09 12:47:54,639 [pool-93-thread-1] INFO  server.RaftServerConfigKeys (ConfUtils.java:logGet(44)) - raft.server.log.use.memory = false (default)
2021-09-09 12:47:54,639 [Datanode State Machine Thread - 0] WARN  statemachine.StateContext (StateContext.java:execute(621)) - No available thread in pool for past 0 seconds.
2021-09-09 12:47:54,639 [pool-93-thread-1] INFO  server.RaftServerConfigKeys (ConfUtils.java:logGet(44)) - raft.server.log.purge.gap = 1000000 (custom)
2021-09-09 12:47:54,639 [pool-93-thread-1] INFO  server.RaftServerConfigKeys (ConfUtils.java:logGet(44)) - raft.server.log.appender.buffer.byte-limit = 33554432 (custom)
2021-09-09 12:47:54,639 [pool-93-thread-1] INFO  server.RaftServerConfigKeys (ConfUtils.java:logGet(44)) - raft.server.log.segment.size.max = 1048576 (custom)
2021-09-09 12:47:54,640 [EventQueue-PipelineReportForPipelineReportHandler] INFO  pipeline.PipelineManagerImpl (PipelineManagerImpl.java:openPipeline(282)) - Pipeline Pipeline[ Id: bd971f26-1b2c-410e-891a-93ce10faa303, Nodes: d06b9620-45ef-4868-ba92-a36eee8dccc5{ip: 10.1.0.24, host: fv-az116-684.vzw04321ajxubdbcnpick5nqva.xx.internal.cloudapp.net, ports: [REPLICATION=45417, RATIS=41007, RATIS_ADMIN=41007, RATIS_SERVER=41007, STANDALONE=44607], networkLocation: /default-rack, certSerialId: null, persistedOpState: IN_SERVICE, persistedOpStateExpiryEpochSec: 0}, ReplicationConfig: RATIS/ONE, State:ALLOCATED, leaderId:d06b9620-45ef-4868-ba92-a36eee8dccc5, CreationTimestamp2021-09-09T12:47:51.628Z[Etc/UTC]] moved to OPEN state
2021-09-09 12:47:54,641 [EventQueue-OpenPipelineForHealthyPipelineSafeModeRule] INFO  safemode.SCMSafeModeManager (HealthyPipelineSafeModeRule.java:process(124)) - SCM in safe mode. Healthy pipelines reported count is 0, required healthy pipeline reported count is 1
2021-09-09 12:47:54,642 [pool-93-thread-1] INFO  server.RaftServerConfigKeys (ConfUtils.java:logGet(44)) - raft.server.log.segment.cache.num.max = 2 (custom)
2021-09-09 12:47:54,648 [pool-93-thread-1] INFO  server.RaftServerConfigKeys (ConfUtils.java:logGet(44)) - raft.server.log.segment.cache.size.max = 200MB (=209715200) (default)
2021-09-09 12:47:54,648 [pool-93-thread-1] INFO  segmented.SegmentedRaftLogWorker (SegmentedRaftLogWorker.java:<init>(182)) - new d06b9620-45ef-4868-ba92-a36eee8dccc5@group-93CE10FAA303-SegmentedRaftLogWorker for RaftStorageImpl:Storage Directory /home/runner/work/ozone/ozone/hadoop-ozone/integration-test/target/test-dir/MiniOzoneClusterImpl-2c2d5e5b-af94-478e-8854-ace1b50e11fb/datanode-2/data/ratis/bd971f26-1b2c-410e-891a-93ce10faa303
2021-09-09 12:47:54,648 [pool-93-thread-1] INFO  server.RaftServerConfigKeys (ConfUtils.java:logGet(44)) - raft.server.log.queue.byte-limit = 2147483647 (custom)
2021-09-09 12:47:54,648 [pool-93-thread-1] INFO  server.RaftServerConfigKeys (ConfUtils.java:logGet(44)) - raft.server.log.queue.element-limit = 1024 (custom)
2021-09-09 12:47:54,648 [pool-93-thread-1] INFO  server.RaftServerConfigKeys (ConfUtils.java:logGet(44)) - raft.server.log.segment.size.max = 1048576 (custom)
2021-09-09 12:47:54,648 [pool-93-thread-1] INFO  server.RaftServerConfigKeys (ConfUtils.java:logGet(44)) - raft.server.log.preallocated.size = 16384 (custom)
2021-09-09 12:47:54,648 [pool-93-thread-1] INFO  server.RaftServerConfigKeys (ConfUtils.java:logGet(44)) - raft.server.log.force.sync.num = 128 (default)
2021-09-09 12:47:54,648 [pool-93-thread-1] INFO  server.RaftServerConfigKeys (ConfUtils.java:logGet(44)) - raft.server.log.statemachine.data.sync = true (default)
2021-09-09 12:47:54,649 [pool-93-thread-1] INFO  server.RaftServerConfigKeys (ConfUtils.java:logGet(44)) - raft.server.log.statemachine.data.sync.timeout = 10s (default)
2021-09-09 12:47:54,649 [pool-93-thread-1] INFO  server.RaftServerConfigKeys (ConfUtils.java:logGet(44)) - raft.server.log.statemachine.data.sync.timeout.retry = -1 (default)
2021-09-09 12:47:54,650 [pool-93-thread-1] INFO  server.RaftServerConfigKeys (ConfUtils.java:logGet(44)) - raft.server.log.write.buffer.size = 1048576 (custom)
2021-09-09 12:47:54,651 [pool-93-thread-1] INFO  server.RaftServerConfigKeys (ConfUtils.java:logGet(44)) - raft.server.log.statemachine.data.caching.enabled = true (custom)
2021-09-09 12:47:54,651 [pool-93-thread-1] INFO  segmented.SegmentedRaftLogWorker (SegmentedRaftLogWorker.java:lambda$new$0(133)) - d06b9620-45ef-4868-ba92-a36eee8dccc5@group-93CE10FAA303-SegmentedRaftLogWorker: flushIndex: setUnconditionally 0 -> -1
2021-09-09 12:47:54,651 [pool-93-thread-1] INFO  segmented.SegmentedRaftLogWorker (SegmentedRaftLogWorker.java:lambda$new$0(133)) - d06b9620-45ef-4868-ba92-a36eee8dccc5@group-93CE10FAA303-SegmentedRaftLogWorker: safeCacheEvictIndex: setUnconditionally 0 -> -1
2021-09-09 12:47:54,667 [pool-93-thread-1] INFO  server.RaftServerConfigKeys (ConfUtils.java:logGet(44)) - raft.server.snapshot.auto.trigger.enabled = true (custom)
2021-09-09 12:47:54,667 [pool-93-thread-1] INFO  server.RaftServerConfigKeys (ConfUtils.java:logGet(44)) - raft.server.snapshot.auto.trigger.threshold = 10000 (custom)
2021-09-09 12:47:54,667 [pool-93-thread-1] INFO  server.RaftServerConfigKeys (ConfUtils.java:logGet(44)) - raft.server.snapshot.retention.file.num = 5 (custom)
2021-09-09 12:47:54,667 [pool-93-thread-1] INFO  server.RaftServerConfigKeys (ConfUtils.java:logGet(44)) - raft.server.log.purge.upto.snapshot.index = false (default)
2021-09-09 12:47:54,667 [pool-93-thread-1] INFO  server.RaftServerConfigKeys (ConfUtils.java:logGet(44)) - raft.server.retrycache.expirytime = 600000ms (custom)
2021-09-09 12:47:54,667 [pool-93-thread-1] INFO  server.RaftServerConfigKeys (ConfUtils.java:logGet(44)) - raft.server.retrycache.statistics.expirytime = 100μs (default)
2021-09-09 12:47:54,668 [pool-93-thread-1] INFO  server.RaftServer$Division (RaftServerImpl.java:start(296)) - d06b9620-45ef-4868-ba92-a36eee8dccc5@group-93CE10FAA303: start as a follower, conf=-1: [d06b9620-45ef-4868-ba92-a36eee8dccc5|rpc:10.1.0.24:41007|priority:1], old=null
2021-09-09 12:47:54,668 [pool-93-thread-1] INFO  server.RaftServer$Division (RaftServerImpl.java:setRole(285)) - d06b9620-45ef-4868-ba92-a36eee8dccc5@group-93CE10FAA303: changes role from      null to FOLLOWER at term 0 for startAsFollower
2021-09-09 12:47:54,669 [pool-93-thread-1] INFO  impl.RoleInfo (RoleInfo.java:updateAndGet(130)) - d06b9620-45ef-4868-ba92-a36eee8dccc5: start d06b9620-45ef-4868-ba92-a36eee8dccc5@group-93CE10FAA303-FollowerState
2021-09-09 12:47:54,675 [pool-93-thread-1] INFO  util.JmxRegister (JmxRegister.java:tryRegister(44)) - Successfully registered JMX Bean with object name Ratis:service=RaftServer,group=group-93CE10FAA303,id=d06b9620-45ef-4868-ba92-a36eee8dccc5
2021-09-09 12:47:54,682 [Command processor thread] INFO  ratis.XceiverServerRatis (XceiverServerRatis.java:addGroup(763)) - Created group PipelineID=bd971f26-1b2c-410e-891a-93ce10faa303
2021-09-09 12:47:54,682 [Command processor thread] INFO  commandhandler.CreatePipelineCommandHandler (CreatePipelineCommandHandler.java:handle(106)) - Created Pipeline RATIS ONE PipelineID=bd971f26-1b2c-410e-891a-93ce10faa303.
2021-09-09 12:47:54,684 [Command processor thread] INFO  commandhandler.CreatePipelineCommandHandler (CreatePipelineCommandHandler.java:handle(106)) - Created Pipeline RATIS THREE PipelineID=bcb210ab-238d-4494-be5c-6cb0152a5598.
2021-09-09 12:47:54,725 [Command processor thread] INFO  commandhandler.CreatePipelineCommandHandler (CreatePipelineCommandHandler.java:handle(106)) - Created Pipeline RATIS THREE PipelineID=bcb210ab-238d-4494-be5c-6cb0152a5598.
2021-09-09 12:47:55,610 [Listener at 127.0.0.1/41297] INFO  ozone.MiniOzoneClusterImpl (MiniOzoneClusterImpl.java:lambda$waitForClusterToBeReady$0(235)) - Nodes are ready. Got 3 of 3 DN Heartbeats.
2021-09-09 12:47:55,610 [Listener at 127.0.0.1/41297] INFO  ozone.MiniOzoneClusterImpl (MiniOzoneClusterImpl.java:lambda$waitForClusterToBeReady$0(238)) - Waiting for cluster to exit safe mode
2021-09-09 12:47:55,610 [Listener at 127.0.0.1/41297] INFO  ozone.MiniOzoneClusterImpl (MiniOzoneClusterImpl.java:lambda$waitForClusterToBeReady$0(240)) - SCM became leader
2021-09-09 12:47:56,611 [Listener at 127.0.0.1/41297] INFO  ozone.MiniOzoneClusterImpl (MiniOzoneClusterImpl.java:lambda$waitForClusterToBeReady$0(235)) - Nodes are ready. Got 3 of 3 DN Heartbeats.
2021-09-09 12:47:56,611 [Listener at 127.0.0.1/41297] INFO  ozone.MiniOzoneClusterImpl (MiniOzoneClusterImpl.java:lambda$waitForClusterToBeReady$0(238)) - Waiting for cluster to exit safe mode
2021-09-09 12:47:56,611 [Listener at 127.0.0.1/41297] INFO  ozone.MiniOzoneClusterImpl (MiniOzoneClusterImpl.java:lambda$waitForClusterToBeReady$0(240)) - SCM became leader
2021-09-09 12:47:57,612 [Listener at 127.0.0.1/41297] INFO  ozone.MiniOzoneClusterImpl (MiniOzoneClusterImpl.java:lambda$waitForClusterToBeReady$0(235)) - Nodes are ready. Got 3 of 3 DN Heartbeats.
2021-09-09 12:47:57,612 [Listener at 127.0.0.1/41297] INFO  ozone.MiniOzoneClusterImpl (MiniOzoneClusterImpl.java:lambda$waitForClusterToBeReady$0(238)) - Waiting for cluster to exit safe mode
2021-09-09 12:47:57,612 [Listener at 127.0.0.1/41297] INFO  ozone.MiniOzoneClusterImpl (MiniOzoneClusterImpl.java:lambda$waitForClusterToBeReady$0(240)) - SCM became leader
2021-09-09 12:47:58,612 [Listener at 127.0.0.1/41297] INFO  ozone.MiniOzoneClusterImpl (MiniOzoneClusterImpl.java:lambda$waitForClusterToBeReady$0(235)) - Nodes are ready. Got 3 of 3 DN Heartbeats.
2021-09-09 12:47:58,612 [Listener at 127.0.0.1/41297] INFO  ozone.MiniOzoneClusterImpl (MiniOzoneClusterImpl.java:lambda$waitForClusterToBeReady$0(238)) - Waiting for cluster to exit safe mode
2021-09-09 12:47:58,613 [Listener at 127.0.0.1/41297] INFO  ozone.MiniOzoneClusterImpl (MiniOzoneClusterImpl.java:lambda$waitForClusterToBeReady$0(240)) - SCM became leader
2021-09-09 12:47:58,963 [fb143889-6975-4026-9ff6-880cb13018db@group-5002236010AE-FollowerState] INFO  impl.FollowerState (FollowerState.java:run(134)) - fb143889-6975-4026-9ff6-880cb13018db@group-5002236010AE-FollowerState: change to CANDIDATE, lastRpcElapsedTime:5060973783ns, electionTimeout:5055ms
2021-09-09 12:47:58,963 [fb143889-6975-4026-9ff6-880cb13018db@group-5002236010AE-FollowerState] INFO  impl.RoleInfo (RoleInfo.java:shutdownFollowerState(108)) - fb143889-6975-4026-9ff6-880cb13018db: shutdown fb143889-6975-4026-9ff6-880cb13018db@group-5002236010AE-FollowerState
2021-09-09 12:47:58,963 [fb143889-6975-4026-9ff6-880cb13018db@group-5002236010AE-FollowerState] INFO  server.RaftServer$Division (RaftServerImpl.java:setRole(285)) - fb143889-6975-4026-9ff6-880cb13018db@group-5002236010AE: changes role from  FOLLOWER to CANDIDATE at term 0 for changeToCandidate
2021-09-09 12:47:58,963 [fb143889-6975-4026-9ff6-880cb13018db@group-5002236010AE-FollowerState] INFO  server.RaftServerConfigKeys (ConfUtils.java:logGet(44)) - raft.server.leaderelection.pre-vote = false (custom)
2021-09-09 12:47:58,964 [fb143889-6975-4026-9ff6-880cb13018db@group-5002236010AE-FollowerState] INFO  impl.RoleInfo (RoleInfo.java:updateAndGet(130)) - fb143889-6975-4026-9ff6-880cb13018db: start fb143889-6975-4026-9ff6-880cb13018db@group-5002236010AE-LeaderElection2
2021-09-09 12:47:58,966 [fb143889-6975-4026-9ff6-880cb13018db@group-5002236010AE-LeaderElection2] INFO  impl.LeaderElection (LeaderElection.java:askForVotes(306)) - fb143889-6975-4026-9ff6-880cb13018db@group-5002236010AE-LeaderElection2 ELECTION round 0: submit vote requests at term 1 for -1: [fb143889-6975-4026-9ff6-880cb13018db|rpc:10.1.0.24:39863|priority:1], old=null
2021-09-09 12:47:58,967 [fb143889-6975-4026-9ff6-880cb13018db@group-5002236010AE-LeaderElection2] INFO  impl.LeaderElection (LeaderElection.java:askForVotes(308)) - fb143889-6975-4026-9ff6-880cb13018db@group-5002236010AE-LeaderElection2 ELECTION round 0: result PASSED (term=1)
2021-09-09 12:47:58,967 [fb143889-6975-4026-9ff6-880cb13018db@group-5002236010AE-LeaderElection2] INFO  impl.RoleInfo (RoleInfo.java:shutdownLeaderElection(121)) - fb143889-6975-4026-9ff6-880cb13018db: shutdown fb143889-6975-4026-9ff6-880cb13018db@group-5002236010AE-LeaderElection2
2021-09-09 12:47:58,967 [fb143889-6975-4026-9ff6-880cb13018db@group-5002236010AE-LeaderElection2] INFO  server.RaftServer$Division (RaftServerImpl.java:setRole(285)) - fb143889-6975-4026-9ff6-880cb13018db@group-5002236010AE: changes role from CANDIDATE to LEADER at term 1 for changeToLeader
2021-09-09 12:47:58,967 [fb143889-6975-4026-9ff6-880cb13018db@group-5002236010AE-LeaderElection2] INFO  ratis.XceiverServerRatis (XceiverServerRatis.java:handleLeaderChangedNotification(861)) - Leader change notification received for group: group-5002236010AE with new leaderId: fb143889-6975-4026-9ff6-880cb13018db
2021-09-09 12:47:58,967 [fb143889-6975-4026-9ff6-880cb13018db@group-5002236010AE-LeaderElection2] INFO  server.RaftServer$Division (ServerState.java:setLeader(285)) - fb143889-6975-4026-9ff6-880cb13018db@group-5002236010AE: change Leader from null to fb143889-6975-4026-9ff6-880cb13018db at term 1 for becomeLeader, leader elected after 5089ms
2021-09-09 12:47:58,967 [fb143889-6975-4026-9ff6-880cb13018db@group-5002236010AE-LeaderElection2] INFO  server.RaftServerConfigKeys (ConfUtils.java:logGet(44)) - raft.server.staging.catchup.gap = 1000 (default)
2021-09-09 12:47:58,967 [Datanode State Machine Thread - 0] WARN  statemachine.StateContext (StateContext.java:execute(621)) - No available thread in pool for past 0 seconds.
2021-09-09 12:47:58,967 [fb143889-6975-4026-9ff6-880cb13018db@group-5002236010AE-LeaderElection2] INFO  server.RaftServerConfigKeys (ConfUtils.java:logGet(44)) - raft.server.write.element-limit = 1024 (custom)
2021-09-09 12:47:58,967 [fb143889-6975-4026-9ff6-880cb13018db@group-5002236010AE-LeaderElection2] INFO  server.RaftServerConfigKeys (ConfUtils.java:logGet(44)) - raft.server.write.byte-limit = 1024 M (=1073741824) (custom)
2021-09-09 12:47:58,968 [fb143889-6975-4026-9ff6-880cb13018db@group-5002236010AE-LeaderElection2] INFO  server.RaftServerConfigKeys (ConfUtils.java:logGet(44)) - raft.server.watch.timeout = 3000ms (custom)
2021-09-09 12:47:58,968 [fb143889-6975-4026-9ff6-880cb13018db@group-5002236010AE-LeaderElection2] INFO  server.RaftServerConfigKeys (ConfUtils.java:logGet(44)) - raft.server.watch.timeout.denomination = 1s (default)
2021-09-09 12:47:58,968 [fb143889-6975-4026-9ff6-880cb13018db@group-5002236010AE-LeaderElection2] INFO  server.RaftServerConfigKeys (ConfUtils.java:logGet(44)) - raft.server.watch.element-limit = 65536 (default)
2021-09-09 12:47:58,969 [fb143889-6975-4026-9ff6-880cb13018db@group-5002236010AE-LeaderElection2] INFO  impl.RoleInfo (RoleInfo.java:updateAndGet(130)) - fb143889-6975-4026-9ff6-880cb13018db: start fb143889-6975-4026-9ff6-880cb13018db@group-5002236010AE-LeaderStateImpl
2021-09-09 12:47:58,969 [fb143889-6975-4026-9ff6-880cb13018db@group-5002236010AE-LeaderElection2] INFO  segmented.SegmentedRaftLogWorker (SegmentedRaftLogWorker.java:startLogSegment(394)) - fb143889-6975-4026-9ff6-880cb13018db@group-5002236010AE-SegmentedRaftLogWorker: Starting segment from index:0
2021-09-09 12:47:58,970 [EventQueue-OpenPipelineForHealthyPipelineSafeModeRule] INFO  safemode.SCMSafeModeManager (HealthyPipelineSafeModeRule.java:process(124)) - SCM in safe mode. Healthy pipelines reported count is 0, required healthy pipeline reported count is 1
2021-09-09 12:47:58,978 [fb143889-6975-4026-9ff6-880cb13018db@group-5002236010AE-LeaderElection2] INFO  server.RaftServer$Division (ServerState.java:setRaftConf(387)) - fb143889-6975-4026-9ff6-880cb13018db@group-5002236010AE: set configuration 0: [fb143889-6975-4026-9ff6-880cb13018db|rpc:10.1.0.24:39863|dataStream:|priority:1], old=null
2021-09-09 12:47:58,979 [fb143889-6975-4026-9ff6-880cb13018db@group-5002236010AE-SegmentedRaftLogWorker] INFO  segmented.SegmentedRaftLogWorker (SegmentedRaftLogWorker.java:execute(601)) - fb143889-6975-4026-9ff6-880cb13018db@group-5002236010AE-SegmentedRaftLogWorker: created new log segment /home/runner/work/ozone/ozone/hadoop-ozone/integration-test/target/test-dir/MiniOzoneClusterImpl-2c2d5e5b-af94-478e-8854-ace1b50e11fb/datanode-0/data/ratis/0049d937-ced0-48d5-9340-5002236010ae/current/log_inprogress_0
2021-09-09 12:47:58,979 [fb143889-6975-4026-9ff6-880cb13018db@group-6CB0152A5598-FollowerState] INFO  impl.FollowerState (FollowerState.java:run(134)) - fb143889-6975-4026-9ff6-880cb13018db@group-6CB0152A5598-FollowerState: change to CANDIDATE, lastRpcElapsedTime:5042323999ns, electionTimeout:5040ms
2021-09-09 12:47:58,981 [fb143889-6975-4026-9ff6-880cb13018db@group-6CB0152A5598-FollowerState] INFO  impl.RoleInfo (RoleInfo.java:shutdownFollowerState(108)) - fb143889-6975-4026-9ff6-880cb13018db: shutdown fb143889-6975-4026-9ff6-880cb13018db@group-6CB0152A5598-FollowerState
2021-09-09 12:47:58,981 [fb143889-6975-4026-9ff6-880cb13018db@group-6CB0152A5598-FollowerState] INFO  server.RaftServer$Division (RaftServerImpl.java:setRole(285)) - fb143889-6975-4026-9ff6-880cb13018db@group-6CB0152A5598: changes role from  FOLLOWER to CANDIDATE at term 0 for changeToCandidate
2021-09-09 12:47:58,981 [fb143889-6975-4026-9ff6-880cb13018db@group-6CB0152A5598-FollowerState] INFO  server.RaftServerConfigKeys (ConfUtils.java:logGet(44)) - raft.server.leaderelection.pre-vote = false (custom)
2021-09-09 12:47:58,981 [fb143889-6975-4026-9ff6-880cb13018db@group-6CB0152A5598-FollowerState] INFO  impl.RoleInfo (RoleInfo.java:updateAndGet(130)) - fb143889-6975-4026-9ff6-880cb13018db: start fb143889-6975-4026-9ff6-880cb13018db@group-6CB0152A5598-LeaderElection3
2021-09-09 12:47:58,985 [fb143889-6975-4026-9ff6-880cb13018db@group-6CB0152A5598-LeaderElection3] INFO  impl.LeaderElection (LeaderElection.java:askForVotes(306)) - fb143889-6975-4026-9ff6-880cb13018db@group-6CB0152A5598-LeaderElection3 ELECTION round 0: submit vote requests at term 1 for -1: [d06b9620-45ef-4868-ba92-a36eee8dccc5|rpc:10.1.0.24:41007|priority:0, fb143889-6975-4026-9ff6-880cb13018db|rpc:10.1.0.24:39863|priority:0, 55b4ba96-bf07-45ec-820e-f4e510eb6251|rpc:10.1.0.24:40873|priority:1], old=null
2021-09-09 12:47:59,028 [grpc-default-executor-1] INFO  server.RaftServer$Division (RaftServerImpl.java:requestVote(1043)) - d06b9620-45ef-4868-ba92-a36eee8dccc5@group-6CB0152A5598: receive requestVote(ELECTION, fb143889-6975-4026-9ff6-880cb13018db, group-6CB0152A5598, 1, (t:0, i:0))
2021-09-09 12:47:59,031 [grpc-default-executor-1] INFO  impl.VoteContext (VoteContext.java:log(48)) - d06b9620-45ef-4868-ba92-a36eee8dccc5@group-6CB0152A5598-FOLLOWER: accept ELECTION from fb143889-6975-4026-9ff6-880cb13018db: our priority 0 <= candidate's priority 0
2021-09-09 12:47:59,031 [grpc-default-executor-1] INFO  server.RaftServer$Division (RaftServerImpl.java:setRole(285)) - d06b9620-45ef-4868-ba92-a36eee8dccc5@group-6CB0152A5598: changes role from  FOLLOWER to FOLLOWER at term 1 for candidate:fb143889-6975-4026-9ff6-880cb13018db
2021-09-09 12:47:59,031 [grpc-default-executor-1] INFO  impl.RoleInfo (RoleInfo.java:shutdownFollowerState(108)) - d06b9620-45ef-4868-ba92-a36eee8dccc5: shutdown d06b9620-45ef-4868-ba92-a36eee8dccc5@group-6CB0152A5598-FollowerState
2021-09-09 12:47:59,032 [d06b9620-45ef-4868-ba92-a36eee8dccc5@group-6CB0152A5598-FollowerState] INFO  impl.FollowerState (FollowerState.java:run(143)) - d06b9620-45ef-4868-ba92-a36eee8dccc5@group-6CB0152A5598-FollowerState was interrupted: {}
java.lang.InterruptedException: sleep interrupted
	at java.lang.Thread.sleep(Native Method)
	at java.lang.Thread.sleep(Thread.java:340)
	at java.util.concurrent.TimeUnit.sleep(TimeUnit.java:386)
	at org.apache.ratis.util.TimeDuration.sleep(TimeDuration.java:324)
	at org.apache.ratis.util.TimeDuration.sleep(TimeDuration.java:309)
	at org.apache.ratis.server.impl.FollowerState.run(FollowerState.java:118)
2021-09-09 12:47:59,033 [grpc-default-executor-1] INFO  impl.RoleInfo (RoleInfo.java:updateAndGet(130)) - d06b9620-45ef-4868-ba92-a36eee8dccc5: start d06b9620-45ef-4868-ba92-a36eee8dccc5@group-6CB0152A5598-FollowerState
2021-09-09 12:47:59,042 [grpc-default-executor-1] INFO  server.RaftServer$Division (RaftServerImpl.java:requestVote(1075)) - d06b9620-45ef-4868-ba92-a36eee8dccc5@group-6CB0152A5598 replies to ELECTION vote request: fb143889-6975-4026-9ff6-880cb13018db<-d06b9620-45ef-4868-ba92-a36eee8dccc5#0:OK-t1. Peer's state: d06b9620-45ef-4868-ba92-a36eee8dccc5@group-6CB0152A5598:t1, leader=null, voted=fb143889-6975-4026-9ff6-880cb13018db, raftlog=d06b9620-45ef-4868-ba92-a36eee8dccc5@group-6CB0152A5598-SegmentedRaftLog:OPENED:c-1,f-1,i0, conf=-1: [d06b9620-45ef-4868-ba92-a36eee8dccc5|rpc:10.1.0.24:41007|dataStream:|priority:0, fb143889-6975-4026-9ff6-880cb13018db|rpc:10.1.0.24:39863|dataStream:|priority:0, 55b4ba96-bf07-45ec-820e-f4e510eb6251|rpc:10.1.0.24:40873|dataStream:|priority:1], old=null
2021-09-09 12:47:59,051 [grpc-default-executor-1] INFO  server.RaftServer$Division (RaftServerImpl.java:requestVote(1043)) - 55b4ba96-bf07-45ec-820e-f4e510eb6251@group-6CB0152A5598: receive requestVote(ELECTION, fb143889-6975-4026-9ff6-880cb13018db, group-6CB0152A5598, 1, (t:0, i:0))
2021-09-09 12:47:59,054 [grpc-default-executor-1] INFO  impl.VoteContext (VoteContext.java:log(48)) - 55b4ba96-bf07-45ec-820e-f4e510eb6251@group-6CB0152A5598-FOLLOWER: reject ELECTION from fb143889-6975-4026-9ff6-880cb13018db: our priority 1 > candidate's priority 0
2021-09-09 12:47:59,055 [grpc-default-executor-1] INFO  server.RaftServer$Division (RaftServerImpl.java:setRole(285)) - 55b4ba96-bf07-45ec-820e-f4e510eb6251@group-6CB0152A5598: changes role from  FOLLOWER to FOLLOWER at term 1 for candidate:fb143889-6975-4026-9ff6-880cb13018db
2021-09-09 12:47:59,055 [grpc-default-executor-1] INFO  impl.RoleInfo (RoleInfo.java:shutdownFollowerState(108)) - 55b4ba96-bf07-45ec-820e-f4e510eb6251: shutdown 55b4ba96-bf07-45ec-820e-f4e510eb6251@group-6CB0152A5598-FollowerState
2021-09-09 12:47:59,055 [grpc-default-executor-1] INFO  impl.RoleInfo (RoleInfo.java:updateAndGet(130)) - 55b4ba96-bf07-45ec-820e-f4e510eb6251: start 55b4ba96-bf07-45ec-820e-f4e510eb6251@group-6CB0152A5598-FollowerState
2021-09-09 12:47:59,055 [55b4ba96-bf07-45ec-820e-f4e510eb6251@group-6CB0152A5598-FollowerState] INFO  impl.FollowerState (FollowerState.java:run(143)) - 55b4ba96-bf07-45ec-820e-f4e510eb6251@group-6CB0152A5598-FollowerState was interrupted: {}
java.lang.InterruptedException: sleep interrupted
	at java.lang.Thread.sleep(Native Method)
	at java.lang.Thread.sleep(Thread.java:340)
	at java.util.concurrent.TimeUnit.sleep(TimeUnit.java:386)
	at org.apache.ratis.util.TimeDuration.sleep(TimeDuration.java:324)
	at org.apache.ratis.util.TimeDuration.sleep(TimeDuration.java:309)
	at org.apache.ratis.server.impl.FollowerState.run(FollowerState.java:118)
2021-09-09 12:47:59,061 [grpc-default-executor-1] INFO  server.RaftServer$Division (RaftServerImpl.java:requestVote(1075)) - 55b4ba96-bf07-45ec-820e-f4e510eb6251@group-6CB0152A5598 replies to ELECTION vote request: fb143889-6975-4026-9ff6-880cb13018db<-55b4ba96-bf07-45ec-820e-f4e510eb6251#0:FAIL-t1. Peer's state: 55b4ba96-bf07-45ec-820e-f4e510eb6251@group-6CB0152A5598:t1, leader=null, voted=null, raftlog=55b4ba96-bf07-45ec-820e-f4e510eb6251@group-6CB0152A5598-SegmentedRaftLog:OPENED:c-1,f-1,i0, conf=-1: [d06b9620-45ef-4868-ba92-a36eee8dccc5|rpc:10.1.0.24:41007|priority:0, fb143889-6975-4026-9ff6-880cb13018db|rpc:10.1.0.24:39863|priority:0, 55b4ba96-bf07-45ec-820e-f4e510eb6251|rpc:10.1.0.24:40873|priority:1], old=null
2021-09-09 12:47:59,064 [fb143889-6975-4026-9ff6-880cb13018db@group-6CB0152A5598-LeaderElection3] INFO  impl.LeaderElection (LeaderElection.java:logAndReturn(89)) - fb143889-6975-4026-9ff6-880cb13018db@group-6CB0152A5598-LeaderElection3: ELECTION REJECTED received 2 response(s) and 0 exception(s):
2021-09-09 12:47:59,065 [fb143889-6975-4026-9ff6-880cb13018db@group-6CB0152A5598-LeaderElection3] INFO  impl.LeaderElection (LeaderElection.java:logAndReturn(93)) -   Response 0: fb143889-6975-4026-9ff6-880cb13018db<-d06b9620-45ef-4868-ba92-a36eee8dccc5#0:OK-t1
2021-09-09 12:47:59,065 [fb143889-6975-4026-9ff6-880cb13018db@group-6CB0152A5598-LeaderElection3] INFO  impl.LeaderElection (LeaderElection.java:logAndReturn(93)) -   Response 1: fb143889-6975-4026-9ff6-880cb13018db<-55b4ba96-bf07-45ec-820e-f4e510eb6251#0:FAIL-t1
2021-09-09 12:47:59,065 [fb143889-6975-4026-9ff6-880cb13018db@group-6CB0152A5598-LeaderElection3] INFO  impl.LeaderElection (LeaderElection.java:askForVotes(308)) - fb143889-6975-4026-9ff6-880cb13018db@group-6CB0152A5598-LeaderElection3 ELECTION round 0: result REJECTED
2021-09-09 12:47:59,066 [fb143889-6975-4026-9ff6-880cb13018db@group-6CB0152A5598-LeaderElection3] INFO  server.RaftServer$Division (RaftServerImpl.java:setRole(285)) - fb143889-6975-4026-9ff6-880cb13018db@group-6CB0152A5598: changes role from CANDIDATE to FOLLOWER at term 1 for REJECTED
2021-09-09 12:47:59,066 [fb143889-6975-4026-9ff6-880cb13018db@group-6CB0152A5598-LeaderElection3] INFO  impl.RoleInfo (RoleInfo.java:shutdownLeaderElection(121)) - fb143889-6975-4026-9ff6-880cb13018db: shutdown fb143889-6975-4026-9ff6-880cb13018db@group-6CB0152A5598-LeaderElection3
2021-09-09 12:47:59,066 [fb143889-6975-4026-9ff6-880cb13018db@group-6CB0152A5598-LeaderElection3] INFO  impl.RoleInfo (RoleInfo.java:updateAndGet(130)) - fb143889-6975-4026-9ff6-880cb13018db: start fb143889-6975-4026-9ff6-880cb13018db@group-6CB0152A5598-FollowerState
2021-09-09 12:47:59,248 [55b4ba96-bf07-45ec-820e-f4e510eb6251@group-634B2287BAD2-FollowerState] INFO  impl.FollowerState (FollowerState.java:run(134)) - 55b4ba96-bf07-45ec-820e-f4e510eb6251@group-634B2287BAD2-FollowerState: change to CANDIDATE, lastRpcElapsedTime:5050327734ns, electionTimeout:5049ms
2021-09-09 12:47:59,249 [55b4ba96-bf07-45ec-820e-f4e510eb6251@group-634B2287BAD2-FollowerState] INFO  impl.RoleInfo (RoleInfo.java:shutdownFollowerState(108)) - 55b4ba96-bf07-45ec-820e-f4e510eb6251: shutdown 55b4ba96-bf07-45ec-820e-f4e510eb6251@group-634B2287BAD2-FollowerState
2021-09-09 12:47:59,249 [55b4ba96-bf07-45ec-820e-f4e510eb6251@group-634B2287BAD2-FollowerState] INFO  server.RaftServer$Division (RaftServerImpl.java:setRole(285)) - 55b4ba96-bf07-45ec-820e-f4e510eb6251@group-634B2287BAD2: changes role from  FOLLOWER to CANDIDATE at term 0 for changeToCandidate
2021-09-09 12:47:59,250 [55b4ba96-bf07-45ec-820e-f4e510eb6251@group-634B2287BAD2-FollowerState] INFO  server.RaftServerConfigKeys (ConfUtils.java:logGet(44)) - raft.server.leaderelection.pre-vote = false (custom)
2021-09-09 12:47:59,250 [55b4ba96-bf07-45ec-820e-f4e510eb6251@group-634B2287BAD2-FollowerState] INFO  impl.RoleInfo (RoleInfo.java:updateAndGet(130)) - 55b4ba96-bf07-45ec-820e-f4e510eb6251: start 55b4ba96-bf07-45ec-820e-f4e510eb6251@group-634B2287BAD2-LeaderElection4
2021-09-09 12:47:59,253 [55b4ba96-bf07-45ec-820e-f4e510eb6251@group-634B2287BAD2-LeaderElection4] INFO  impl.LeaderElection (LeaderElection.java:askForVotes(306)) - 55b4ba96-bf07-45ec-820e-f4e510eb6251@group-634B2287BAD2-LeaderElection4 ELECTION round 0: submit vote requests at term 1 for -1: [55b4ba96-bf07-45ec-820e-f4e510eb6251|rpc:10.1.0.24:40873|priority:1], old=null
2021-09-09 12:47:59,253 [55b4ba96-bf07-45ec-820e-f4e510eb6251@group-634B2287BAD2-LeaderElection4] INFO  impl.LeaderElection (LeaderElection.java:askForVotes(308)) - 55b4ba96-bf07-45ec-820e-f4e510eb6251@group-634B2287BAD2-LeaderElection4 ELECTION round 0: result PASSED (term=1)
2021-09-09 12:47:59,255 [55b4ba96-bf07-45ec-820e-f4e510eb6251@group-634B2287BAD2-LeaderElection4] INFO  impl.RoleInfo (RoleInfo.java:shutdownLeaderElection(121)) - 55b4ba96-bf07-45ec-820e-f4e510eb6251: shutdown 55b4ba96-bf07-45ec-820e-f4e510eb6251@group-634B2287BAD2-LeaderElection4
2021-09-09 12:47:59,255 [55b4ba96-bf07-45ec-820e-f4e510eb6251@group-634B2287BAD2-LeaderElection4] INFO  server.RaftServer$Division (RaftServerImpl.java:setRole(285)) - 55b4ba96-bf07-45ec-820e-f4e510eb6251@group-634B2287BAD2: changes role from CANDIDATE to LEADER at term 1 for changeToLeader
2021-09-09 12:47:59,256 [55b4ba96-bf07-45ec-820e-f4e510eb6251@group-634B2287BAD2-LeaderElection4] INFO  ratis.XceiverServerRatis (XceiverServerRatis.java:handleLeaderChangedNotification(861)) - Leader change notification received for group: group-634B2287BAD2 with new leaderId: 55b4ba96-bf07-45ec-820e-f4e510eb6251
2021-09-09 12:47:59,256 [55b4ba96-bf07-45ec-820e-f4e510eb6251@group-634B2287BAD2-LeaderElection4] INFO  server.RaftServer$Division (ServerState.java:setLeader(285)) - 55b4ba96-bf07-45ec-820e-f4e510eb6251@group-634B2287BAD2: change Leader from null to 55b4ba96-bf07-45ec-820e-f4e510eb6251 at term 1 for becomeLeader, leader elected after 5066ms
2021-09-09 12:47:59,256 [55b4ba96-bf07-45ec-820e-f4e510eb6251@group-634B2287BAD2-LeaderElection4] INFO  server.RaftServerConfigKeys (ConfUtils.java:logGet(44)) - raft.server.staging.catchup.gap = 1000 (default)
2021-09-09 12:47:59,256 [Datanode State Machine Thread - 0] WARN  statemachine.StateContext (StateContext.java:execute(621)) - No available thread in pool for past 0 seconds.
2021-09-09 12:47:59,257 [55b4ba96-bf07-45ec-820e-f4e510eb6251@group-634B2287BAD2-LeaderElection4] INFO  server.RaftServerConfigKeys (ConfUtils.java:logGet(44)) - raft.server.write.element-limit = 1024 (custom)
2021-09-09 12:47:59,257 [EventQueue-OpenPipelineForHealthyPipelineSafeModeRule] INFO  safemode.SCMSafeModeManager (HealthyPipelineSafeModeRule.java:process(124)) - SCM in safe mode. Healthy pipelines reported count is 0, required healthy pipeline reported count is 1
2021-09-09 12:47:59,257 [55b4ba96-bf07-45ec-820e-f4e510eb6251@group-634B2287BAD2-LeaderElection4] INFO  server.RaftServerConfigKeys (ConfUtils.java:logGet(44)) - raft.server.write.byte-limit = 1024 M (=1073741824) (custom)
2021-09-09 12:47:59,260 [55b4ba96-bf07-45ec-820e-f4e510eb6251@group-634B2287BAD2-LeaderElection4] INFO  server.RaftServerConfigKeys (ConfUtils.java:logGet(44)) - raft.server.watch.timeout = 3000ms (custom)
2021-09-09 12:47:59,260 [55b4ba96-bf07-45ec-820e-f4e510eb6251@group-634B2287BAD2-LeaderElection4] INFO  server.RaftServerConfigKeys (ConfUtils.java:logGet(44)) - raft.server.watch.timeout.denomination = 1s (default)
2021-09-09 12:47:59,260 [55b4ba96-bf07-45ec-820e-f4e510eb6251@group-634B2287BAD2-LeaderElection4] INFO  server.RaftServerConfigKeys (ConfUtils.java:logGet(44)) - raft.server.watch.element-limit = 65536 (default)
2021-09-09 12:47:59,260 [55b4ba96-bf07-45ec-820e-f4e510eb6251@group-634B2287BAD2-LeaderElection4] INFO  impl.RoleInfo (RoleInfo.java:updateAndGet(130)) - 55b4ba96-bf07-45ec-820e-f4e510eb6251: start 55b4ba96-bf07-45ec-820e-f4e510eb6251@group-634B2287BAD2-LeaderStateImpl
2021-09-09 12:47:59,261 [55b4ba96-bf07-45ec-820e-f4e510eb6251@group-634B2287BAD2-LeaderElection4] INFO  segmented.SegmentedRaftLogWorker (SegmentedRaftLogWorker.java:startLogSegment(394)) - 55b4ba96-bf07-45ec-820e-f4e510eb6251@group-634B2287BAD2-SegmentedRaftLogWorker: Starting segment from index:0
2021-09-09 12:47:59,266 [55b4ba96-bf07-45ec-820e-f4e510eb6251@group-634B2287BAD2-LeaderElection4] INFO  server.RaftServer$Division (ServerState.java:setRaftConf(387)) - 55b4ba96-bf07-45ec-820e-f4e510eb6251@group-634B2287BAD2: set configuration 0: [55b4ba96-bf07-45ec-820e-f4e510eb6251|rpc:10.1.0.24:40873|dataStream:|priority:1], old=null
2021-09-09 12:47:59,268 [55b4ba96-bf07-45ec-820e-f4e510eb6251@group-634B2287BAD2-SegmentedRaftLogWorker] INFO  segmented.SegmentedRaftLogWorker (SegmentedRaftLogWorker.java:execute(601)) - 55b4ba96-bf07-45ec-820e-f4e510eb6251@group-634B2287BAD2-SegmentedRaftLogWorker: created new log segment /home/runner/work/ozone/ozone/hadoop-ozone/integration-test/target/test-dir/MiniOzoneClusterImpl-2c2d5e5b-af94-478e-8854-ace1b50e11fb/datanode-1/data/ratis/a1963e53-65b4-44b9-a3a3-634b2287bad2/current/log_inprogress_0
2021-09-09 12:47:59,613 [Listener at 127.0.0.1/41297] INFO  ozone.MiniOzoneClusterImpl (MiniOzoneClusterImpl.java:lambda$waitForClusterToBeReady$0(235)) - Nodes are ready. Got 3 of 3 DN Heartbeats.
2021-09-09 12:47:59,614 [Listener at 127.0.0.1/41297] INFO  ozone.MiniOzoneClusterImpl (MiniOzoneClusterImpl.java:lambda$waitForClusterToBeReady$0(238)) - Waiting for cluster to exit safe mode
2021-09-09 12:47:59,614 [Listener at 127.0.0.1/41297] INFO  ozone.MiniOzoneClusterImpl (MiniOzoneClusterImpl.java:lambda$waitForClusterToBeReady$0(240)) - SCM became leader
2021-09-09 12:47:59,709 [d06b9620-45ef-4868-ba92-a36eee8dccc5@group-93CE10FAA303-FollowerState] INFO  impl.FollowerState (FollowerState.java:run(134)) - d06b9620-45ef-4868-ba92-a36eee8dccc5@group-93CE10FAA303-FollowerState: change to CANDIDATE, lastRpcElapsedTime:5040904691ns, electionTimeout:5027ms
2021-09-09 12:47:59,710 [d06b9620-45ef-4868-ba92-a36eee8dccc5@group-93CE10FAA303-FollowerState] INFO  impl.RoleInfo (RoleInfo.java:shutdownFollowerState(108)) - d06b9620-45ef-4868-ba92-a36eee8dccc5: shutdown d06b9620-45ef-4868-ba92-a36eee8dccc5@group-93CE10FAA303-FollowerState
2021-09-09 12:47:59,710 [d06b9620-45ef-4868-ba92-a36eee8dccc5@group-93CE10FAA303-FollowerState] INFO  server.RaftServer$Division (RaftServerImpl.java:setRole(285)) - d06b9620-45ef-4868-ba92-a36eee8dccc5@group-93CE10FAA303: changes role from  FOLLOWER to CANDIDATE at term 0 for changeToCandidate
2021-09-09 12:47:59,710 [d06b9620-45ef-4868-ba92-a36eee8dccc5@group-93CE10FAA303-FollowerState] INFO  server.RaftServerConfigKeys (ConfUtils.java:logGet(44)) - raft.server.leaderelection.pre-vote = false (custom)
2021-09-09 12:47:59,710 [d06b9620-45ef-4868-ba92-a36eee8dccc5@group-93CE10FAA303-FollowerState] INFO  impl.RoleInfo (RoleInfo.java:updateAndGet(130)) - d06b9620-45ef-4868-ba92-a36eee8dccc5: start d06b9620-45ef-4868-ba92-a36eee8dccc5@group-93CE10FAA303-LeaderElection5
2021-09-09 12:47:59,713 [d06b9620-45ef-4868-ba92-a36eee8dccc5@group-93CE10FAA303-LeaderElection5] INFO  impl.LeaderElection (LeaderElection.java:askForVotes(306)) - d06b9620-45ef-4868-ba92-a36eee8dccc5@group-93CE10FAA303-LeaderElection5 ELECTION round 0: submit vote requests at term 1 for -1: [d06b9620-45ef-4868-ba92-a36eee8dccc5|rpc:10.1.0.24:41007|priority:1], old=null
2021-09-09 12:47:59,713 [d06b9620-45ef-4868-ba92-a36eee8dccc5@group-93CE10FAA303-LeaderElection5] INFO  impl.LeaderElection (LeaderElection.java:askForVotes(308)) - d06b9620-45ef-4868-ba92-a36eee8dccc5@group-93CE10FAA303-LeaderElection5 ELECTION round 0: result PASSED (term=1)
2021-09-09 12:47:59,713 [d06b9620-45ef-4868-ba92-a36eee8dccc5@group-93CE10FAA303-LeaderElection5] INFO  impl.RoleInfo (RoleInfo.java:shutdownLeaderElection(121)) - d06b9620-45ef-4868-ba92-a36eee8dccc5: shutdown d06b9620-45ef-4868-ba92-a36eee8dccc5@group-93CE10FAA303-LeaderElection5
2021-09-09 12:47:59,713 [d06b9620-45ef-4868-ba92-a36eee8dccc5@group-93CE10FAA303-LeaderElection5] INFO  server.RaftServer$Division (RaftServerImpl.java:setRole(285)) - d06b9620-45ef-4868-ba92-a36eee8dccc5@group-93CE10FAA303: changes role from CANDIDATE to LEADER at term 1 for changeToLeader
2021-09-09 12:47:59,713 [d06b9620-45ef-4868-ba92-a36eee8dccc5@group-93CE10FAA303-LeaderElection5] INFO  ratis.XceiverServerRatis (XceiverServerRatis.java:handleLeaderChangedNotification(861)) - Leader change notification received for group: group-93CE10FAA303 with new leaderId: d06b9620-45ef-4868-ba92-a36eee8dccc5
2021-09-09 12:47:59,714 [d06b9620-45ef-4868-ba92-a36eee8dccc5@group-93CE10FAA303-LeaderElection5] INFO  server.RaftServer$Division (ServerState.java:setLeader(285)) - d06b9620-45ef-4868-ba92-a36eee8dccc5@group-93CE10FAA303: change Leader from null to d06b9620-45ef-4868-ba92-a36eee8dccc5 at term 1 for becomeLeader, leader elected after 5074ms
2021-09-09 12:47:59,715 [d06b9620-45ef-4868-ba92-a36eee8dccc5@group-93CE10FAA303-LeaderElection5] INFO  server.RaftServerConfigKeys (ConfUtils.java:logGet(44)) - raft.server.staging.catchup.gap = 1000 (default)
2021-09-09 12:47:59,716 [d06b9620-45ef-4868-ba92-a36eee8dccc5@group-93CE10FAA303-LeaderElection5] INFO  server.RaftServerConfigKeys (ConfUtils.java:logGet(44)) - raft.server.write.element-limit = 1024 (custom)
2021-09-09 12:47:59,716 [d06b9620-45ef-4868-ba92-a36eee8dccc5@group-93CE10FAA303-LeaderElection5] INFO  server.RaftServerConfigKeys (ConfUtils.java:logGet(44)) - raft.server.write.byte-limit = 1024 M (=1073741824) (custom)
2021-09-09 12:47:59,716 [EventQueue-OpenPipelineForHealthyPipelineSafeModeRule] INFO  safemode.SCMSafeModeManager (HealthyPipelineSafeModeRule.java:process(124)) - SCM in safe mode. Healthy pipelines reported count is 0, required healthy pipeline reported count is 1
2021-09-09 12:47:59,715 [Datanode State Machine Thread - 0] WARN  statemachine.StateContext (StateContext.java:execute(621)) - No available thread in pool for past 0 seconds.
2021-09-09 12:47:59,718 [d06b9620-45ef-4868-ba92-a36eee8dccc5@group-93CE10FAA303-LeaderElection5] INFO  server.RaftServerConfigKeys (ConfUtils.java:logGet(44)) - raft.server.watch.timeout = 3000ms (custom)
2021-09-09 12:47:59,718 [d06b9620-45ef-4868-ba92-a36eee8dccc5@group-93CE10FAA303-LeaderElection5] INFO  server.RaftServerConfigKeys (ConfUtils.java:logGet(44)) - raft.server.watch.timeout.denomination = 1s (default)
2021-09-09 12:47:59,718 [d06b9620-45ef-4868-ba92-a36eee8dccc5@group-93CE10FAA303-LeaderElection5] INFO  server.RaftServerConfigKeys (ConfUtils.java:logGet(44)) - raft.server.watch.element-limit = 65536 (default)
2021-09-09 12:47:59,718 [d06b9620-45ef-4868-ba92-a36eee8dccc5@group-93CE10FAA303-LeaderElection5] INFO  impl.RoleInfo (RoleInfo.java:updateAndGet(130)) - d06b9620-45ef-4868-ba92-a36eee8dccc5: start d06b9620-45ef-4868-ba92-a36eee8dccc5@group-93CE10FAA303-LeaderStateImpl
2021-09-09 12:47:59,719 [d06b9620-45ef-4868-ba92-a36eee8dccc5@group-93CE10FAA303-LeaderElection5] INFO  segmented.SegmentedRaftLogWorker (SegmentedRaftLogWorker.java:startLogSegment(394)) - d06b9620-45ef-4868-ba92-a36eee8dccc5@group-93CE10FAA303-SegmentedRaftLogWorker: Starting segment from index:0
2021-09-09 12:47:59,720 [d06b9620-45ef-4868-ba92-a36eee8dccc5@group-93CE10FAA303-SegmentedRaftLogWorker] INFO  segmented.SegmentedRaftLogWorker (SegmentedRaftLogWorker.java:execute(601)) - d06b9620-45ef-4868-ba92-a36eee8dccc5@group-93CE10FAA303-SegmentedRaftLogWorker: created new log segment /home/runner/work/ozone/ozone/hadoop-ozone/integration-test/target/test-dir/MiniOzoneClusterImpl-2c2d5e5b-af94-478e-8854-ace1b50e11fb/datanode-2/data/ratis/bd971f26-1b2c-410e-891a-93ce10faa303/current/log_inprogress_0
2021-09-09 12:47:59,722 [d06b9620-45ef-4868-ba92-a36eee8dccc5@group-93CE10FAA303-LeaderElection5] INFO  server.RaftServer$Division (ServerState.java:setRaftConf(387)) - d06b9620-45ef-4868-ba92-a36eee8dccc5@group-93CE10FAA303: set configuration 0: [d06b9620-45ef-4868-ba92-a36eee8dccc5|rpc:10.1.0.24:41007|dataStream:|priority:1], old=null
2021-09-09 12:48:00,614 [Listener at 127.0.0.1/41297] INFO  ozone.MiniOzoneClusterImpl (MiniOzoneClusterImpl.java:lambda$waitForClusterToBeReady$0(235)) - Nodes are ready. Got 3 of 3 DN Heartbeats.
2021-09-09 12:48:00,614 [Listener at 127.0.0.1/41297] INFO  ozone.MiniOzoneClusterImpl (MiniOzoneClusterImpl.java:lambda$waitForClusterToBeReady$0(238)) - Waiting for cluster to exit safe mode
2021-09-09 12:48:00,615 [Listener at 127.0.0.1/41297] INFO  ozone.MiniOzoneClusterImpl (MiniOzoneClusterImpl.java:lambda$waitForClusterToBeReady$0(240)) - SCM became leader
2021-09-09 12:48:01,615 [Listener at 127.0.0.1/41297] INFO  ozone.MiniOzoneClusterImpl (MiniOzoneClusterImpl.java:lambda$waitForClusterToBeReady$0(235)) - Nodes are ready. Got 3 of 3 DN Heartbeats.
2021-09-09 12:48:01,615 [Listener at 127.0.0.1/41297] INFO  ozone.MiniOzoneClusterImpl (MiniOzoneClusterImpl.java:lambda$waitForClusterToBeReady$0(238)) - Waiting for cluster to exit safe mode
2021-09-09 12:48:01,615 [Listener at 127.0.0.1/41297] INFO  ozone.MiniOzoneClusterImpl (MiniOzoneClusterImpl.java:lambda$waitForClusterToBeReady$0(240)) - SCM became leader
2021-09-09 12:48:02,616 [Listener at 127.0.0.1/41297] INFO  ozone.MiniOzoneClusterImpl (MiniOzoneClusterImpl.java:lambda$waitForClusterToBeReady$0(235)) - Nodes are ready. Got 3 of 3 DN Heartbeats.
2021-09-09 12:48:02,616 [Listener at 127.0.0.1/41297] INFO  ozone.MiniOzoneClusterImpl (MiniOzoneClusterImpl.java:lambda$waitForClusterToBeReady$0(238)) - Waiting for cluster to exit safe mode
2021-09-09 12:48:02,616 [Listener at 127.0.0.1/41297] INFO  ozone.MiniOzoneClusterImpl (MiniOzoneClusterImpl.java:lambda$waitForClusterToBeReady$0(240)) - SCM became leader
2021-09-09 12:48:03,616 [Listener at 127.0.0.1/41297] INFO  ozone.MiniOzoneClusterImpl (MiniOzoneClusterImpl.java:lambda$waitForClusterToBeReady$0(235)) - Nodes are ready. Got 3 of 3 DN Heartbeats.
2021-09-09 12:48:03,617 [Listener at 127.0.0.1/41297] INFO  ozone.MiniOzoneClusterImpl (MiniOzoneClusterImpl.java:lambda$waitForClusterToBeReady$0(238)) - Waiting for cluster to exit safe mode
2021-09-09 12:48:03,617 [Listener at 127.0.0.1/41297] INFO  ozone.MiniOzoneClusterImpl (MiniOzoneClusterImpl.java:lambda$waitForClusterToBeReady$0(240)) - SCM became leader
2021-09-09 12:48:04,070 [55b4ba96-bf07-45ec-820e-f4e510eb6251@group-6CB0152A5598-FollowerState] INFO  impl.FollowerState (FollowerState.java:run(134)) - 55b4ba96-bf07-45ec-820e-f4e510eb6251@group-6CB0152A5598-FollowerState: change to CANDIDATE, lastRpcElapsedTime:5014654961ns, electionTimeout:5010ms
2021-09-09 12:48:04,070 [55b4ba96-bf07-45ec-820e-f4e510eb6251@group-6CB0152A5598-FollowerState] INFO  impl.RoleInfo (RoleInfo.java:shutdownFollowerState(108)) - 55b4ba96-bf07-45ec-820e-f4e510eb6251: shutdown 55b4ba96-bf07-45ec-820e-f4e510eb6251@group-6CB0152A5598-FollowerState
2021-09-09 12:48:04,070 [55b4ba96-bf07-45ec-820e-f4e510eb6251@group-6CB0152A5598-FollowerState] INFO  server.RaftServer$Division (RaftServerImpl.java:setRole(285)) - 55b4ba96-bf07-45ec-820e-f4e510eb6251@group-6CB0152A5598: changes role from  FOLLOWER to CANDIDATE at term 1 for changeToCandidate
2021-09-09 12:48:04,070 [55b4ba96-bf07-45ec-820e-f4e510eb6251@group-6CB0152A5598-FollowerState] INFO  server.RaftServerConfigKeys (ConfUtils.java:logGet(44)) - raft.server.leaderelection.pre-vote = false (custom)
2021-09-09 12:48:04,070 [55b4ba96-bf07-45ec-820e-f4e510eb6251@group-6CB0152A5598-FollowerState] INFO  impl.RoleInfo (RoleInfo.java:updateAndGet(130)) - 55b4ba96-bf07-45ec-820e-f4e510eb6251: start 55b4ba96-bf07-45ec-820e-f4e510eb6251@group-6CB0152A5598-LeaderElection6
2021-09-09 12:48:04,073 [55b4ba96-bf07-45ec-820e-f4e510eb6251@group-6CB0152A5598-LeaderElection6] INFO  impl.LeaderElection (LeaderElection.java:askForVotes(306)) - 55b4ba96-bf07-45ec-820e-f4e510eb6251@group-6CB0152A5598-LeaderElection6 ELECTION round 0: submit vote requests at term 2 for -1: [d06b9620-45ef-4868-ba92-a36eee8dccc5|rpc:10.1.0.24:41007|priority:0, fb143889-6975-4026-9ff6-880cb13018db|rpc:10.1.0.24:39863|priority:0, 55b4ba96-bf07-45ec-820e-f4e510eb6251|rpc:10.1.0.24:40873|priority:1], old=null
2021-09-09 12:48:04,085 [fb143889-6975-4026-9ff6-880cb13018db@group-6CB0152A5598-FollowerState] INFO  impl.FollowerState (FollowerState.java:run(134)) - fb143889-6975-4026-9ff6-880cb13018db@group-6CB0152A5598-FollowerState: change to CANDIDATE, lastRpcElapsedTime:5018604379ns, electionTimeout:5017ms
2021-09-09 12:48:04,085 [fb143889-6975-4026-9ff6-880cb13018db@group-6CB0152A5598-FollowerState] INFO  impl.RoleInfo (RoleInfo.java:shutdownFollowerState(108)) - fb143889-6975-4026-9ff6-880cb13018db: shutdown fb143889-6975-4026-9ff6-880cb13018db@group-6CB0152A5598-FollowerState
2021-09-09 12:48:04,085 [fb143889-6975-4026-9ff6-880cb13018db@group-6CB0152A5598-FollowerState] INFO  server.RaftServer$Division (RaftServerImpl.java:setRole(285)) - fb143889-6975-4026-9ff6-880cb13018db@group-6CB0152A5598: changes role from  FOLLOWER to CANDIDATE at term 1 for changeToCandidate
2021-09-09 12:48:04,085 [fb143889-6975-4026-9ff6-880cb13018db@group-6CB0152A5598-FollowerState] INFO  server.RaftServerConfigKeys (ConfUtils.java:logGet(44)) - raft.server.leaderelection.pre-vote = false (custom)
2021-09-09 12:48:04,085 [fb143889-6975-4026-9ff6-880cb13018db@group-6CB0152A5598-FollowerState] INFO  impl.RoleInfo (RoleInfo.java:updateAndGet(130)) - fb143889-6975-4026-9ff6-880cb13018db: start fb143889-6975-4026-9ff6-880cb13018db@group-6CB0152A5598-LeaderElection7
2021-09-09 12:48:04,098 [fb143889-6975-4026-9ff6-880cb13018db@group-6CB0152A5598-LeaderElection7] INFO  impl.LeaderElection (LeaderElection.java:askForVotes(306)) - fb143889-6975-4026-9ff6-880cb13018db@group-6CB0152A5598-LeaderElection7 ELECTION round 0: submit vote requests at term 2 for -1: [d06b9620-45ef-4868-ba92-a36eee8dccc5|rpc:10.1.0.24:41007|priority:0, fb143889-6975-4026-9ff6-880cb13018db|rpc:10.1.0.24:39863|priority:0, 55b4ba96-bf07-45ec-820e-f4e510eb6251|rpc:10.1.0.24:40873|priority:1], old=null
2021-09-09 12:48:04,109 [grpc-default-executor-1] INFO  server.RaftServer$Division (RaftServerImpl.java:requestVote(1043)) - fb143889-6975-4026-9ff6-880cb13018db@group-6CB0152A5598: receive requestVote(ELECTION, 55b4ba96-bf07-45ec-820e-f4e510eb6251, group-6CB0152A5598, 2, (t:0, i:0))
2021-09-09 12:48:04,109 [grpc-default-executor-1] INFO  impl.VoteContext (VoteContext.java:log(48)) - fb143889-6975-4026-9ff6-880cb13018db@group-6CB0152A5598-CANDIDATE: reject ELECTION from 55b4ba96-bf07-45ec-820e-f4e510eb6251: already has voted for fb143889-6975-4026-9ff6-880cb13018db at current term 2
2021-09-09 12:48:04,109 [grpc-default-executor-1] INFO  server.RaftServer$Division (RaftServerImpl.java:requestVote(1075)) - fb143889-6975-4026-9ff6-880cb13018db@group-6CB0152A5598 replies to ELECTION vote request: 55b4ba96-bf07-45ec-820e-f4e510eb6251<-fb143889-6975-4026-9ff6-880cb13018db#0:FAIL-t2. Peer's state: fb143889-6975-4026-9ff6-880cb13018db@group-6CB0152A5598:t2, leader=null, voted=fb143889-6975-4026-9ff6-880cb13018db, raftlog=fb143889-6975-4026-9ff6-880cb13018db@group-6CB0152A5598-SegmentedRaftLog:OPENED:c-1,f-1,i0, conf=-1: [d06b9620-45ef-4868-ba92-a36eee8dccc5|rpc:10.1.0.24:41007|priority:0, fb143889-6975-4026-9ff6-880cb13018db|rpc:10.1.0.24:39863|priority:0, 55b4ba96-bf07-45ec-820e-f4e510eb6251|rpc:10.1.0.24:40873|priority:1], old=null
2021-09-09 12:48:04,117 [grpc-default-executor-1] INFO  server.RaftServer$Division (RaftServerImpl.java:requestVote(1043)) - d06b9620-45ef-4868-ba92-a36eee8dccc5@group-6CB0152A5598: receive requestVote(ELECTION, 55b4ba96-bf07-45ec-820e-f4e510eb6251, group-6CB0152A5598, 2, (t:0, i:0))
2021-09-09 12:48:04,120 [grpc-default-executor-0] INFO  server.RaftServer$Division (RaftServerImpl.java:requestVote(1043)) - 55b4ba96-bf07-45ec-820e-f4e510eb6251@group-6CB0152A5598: receive requestVote(ELECTION, fb143889-6975-4026-9ff6-880cb13018db, group-6CB0152A5598, 2, (t:0, i:0))
2021-09-09 12:48:04,120 [grpc-default-executor-1] INFO  impl.VoteContext (VoteContext.java:log(48)) - d06b9620-45ef-4868-ba92-a36eee8dccc5@group-6CB0152A5598-FOLLOWER: accept ELECTION from 55b4ba96-bf07-45ec-820e-f4e510eb6251: our priority 0 <= candidate's priority 1
2021-09-09 12:48:04,130 [grpc-default-executor-1] INFO  server.RaftServer$Division (RaftServerImpl.java:setRole(285)) - d06b9620-45ef-4868-ba92-a36eee8dccc5@group-6CB0152A5598: changes role from  FOLLOWER to FOLLOWER at term 2 for candidate:55b4ba96-bf07-45ec-820e-f4e510eb6251
2021-09-09 12:48:04,130 [grpc-default-executor-1] INFO  impl.RoleInfo (RoleInfo.java:shutdownFollowerState(108)) - d06b9620-45ef-4868-ba92-a36eee8dccc5: shutdown d06b9620-45ef-4868-ba92-a36eee8dccc5@group-6CB0152A5598-FollowerState
2021-09-09 12:48:04,130 [grpc-default-executor-1] INFO  impl.RoleInfo (RoleInfo.java:updateAndGet(130)) - d06b9620-45ef-4868-ba92-a36eee8dccc5: start d06b9620-45ef-4868-ba92-a36eee8dccc5@group-6CB0152A5598-FollowerState
2021-09-09 12:48:04,130 [grpc-default-executor-0] INFO  impl.VoteContext (VoteContext.java:log(48)) - 55b4ba96-bf07-45ec-820e-f4e510eb6251@group-6CB0152A5598-CANDIDATE: reject ELECTION from fb143889-6975-4026-9ff6-880cb13018db: already has voted for 55b4ba96-bf07-45ec-820e-f4e510eb6251 at current term 2
2021-09-09 12:48:04,142 [grpc-default-executor-0] INFO  server.RaftServer$Division (RaftServerImpl.java:requestVote(1075)) - 55b4ba96-bf07-45ec-820e-f4e510eb6251@group-6CB0152A5598 replies to ELECTION vote request: fb143889-6975-4026-9ff6-880cb13018db<-55b4ba96-bf07-45ec-820e-f4e510eb6251#0:FAIL-t2. Peer's state: 55b4ba96-bf07-45ec-820e-f4e510eb6251@group-6CB0152A5598:t2, leader=null, voted=55b4ba96-bf07-45ec-820e-f4e510eb6251, raftlog=55b4ba96-bf07-45ec-820e-f4e510eb6251@group-6CB0152A5598-SegmentedRaftLog:OPENED:c-1,f-1,i0, conf=-1: [d06b9620-45ef-4868-ba92-a36eee8dccc5|rpc:10.1.0.24:41007|priority:0, fb143889-6975-4026-9ff6-880cb13018db|rpc:10.1.0.24:39863|priority:0, 55b4ba96-bf07-45ec-820e-f4e510eb6251|rpc:10.1.0.24:40873|priority:1], old=null
2021-09-09 12:48:04,145 [fb143889-6975-4026-9ff6-880cb13018db@group-6CB0152A5598-LeaderElection7] INFO  impl.LeaderElection (LeaderElection.java:logAndReturn(89)) - fb143889-6975-4026-9ff6-880cb13018db@group-6CB0152A5598-LeaderElection7: ELECTION REJECTED received 1 response(s) and 0 exception(s):
2021-09-09 12:48:04,145 [fb143889-6975-4026-9ff6-880cb13018db@group-6CB0152A5598-LeaderElection7] INFO  impl.LeaderElection (LeaderElection.java:logAndReturn(93)) -   Response 0: fb143889-6975-4026-9ff6-880cb13018db<-55b4ba96-bf07-45ec-820e-f4e510eb6251#0:FAIL-t2
2021-09-09 12:48:04,145 [fb143889-6975-4026-9ff6-880cb13018db@group-6CB0152A5598-LeaderElection7] INFO  impl.LeaderElection (LeaderElection.java:askForVotes(308)) - fb143889-6975-4026-9ff6-880cb13018db@group-6CB0152A5598-LeaderElection7 ELECTION round 0: result REJECTED
2021-09-09 12:48:04,145 [fb143889-6975-4026-9ff6-880cb13018db@group-6CB0152A5598-LeaderElection7] INFO  server.RaftServer$Division (RaftServerImpl.java:setRole(285)) - fb143889-6975-4026-9ff6-880cb13018db@group-6CB0152A5598: changes role from CANDIDATE to FOLLOWER at term 2 for REJECTED
2021-09-09 12:48:04,145 [fb143889-6975-4026-9ff6-880cb13018db@group-6CB0152A5598-LeaderElection7] INFO  impl.RoleInfo (RoleInfo.java:shutdownLeaderElection(121)) - fb143889-6975-4026-9ff6-880cb13018db: shutdown fb143889-6975-4026-9ff6-880cb13018db@group-6CB0152A5598-LeaderElection7
2021-09-09 12:48:04,145 [fb143889-6975-4026-9ff6-880cb13018db@group-6CB0152A5598-LeaderElection7] INFO  impl.RoleInfo (RoleInfo.java:updateAndGet(130)) - fb143889-6975-4026-9ff6-880cb13018db: start fb143889-6975-4026-9ff6-880cb13018db@group-6CB0152A5598-FollowerState
2021-09-09 12:48:04,147 [grpc-default-executor-2] INFO  server.RaftServer$Division (RaftServerImpl.java:requestVote(1043)) - d06b9620-45ef-4868-ba92-a36eee8dccc5@group-6CB0152A5598: receive requestVote(ELECTION, fb143889-6975-4026-9ff6-880cb13018db, group-6CB0152A5598, 2, (t:0, i:0))
2021-09-09 12:48:04,149 [grpc-default-executor-1] INFO  server.RaftServer$Division (RaftServerImpl.java:requestVote(1075)) - d06b9620-45ef-4868-ba92-a36eee8dccc5@group-6CB0152A5598 replies to ELECTION vote request: 55b4ba96-bf07-45ec-820e-f4e510eb6251<-d06b9620-45ef-4868-ba92-a36eee8dccc5#0:OK-t2. Peer's state: d06b9620-45ef-4868-ba92-a36eee8dccc5@group-6CB0152A5598:t2, leader=null, voted=55b4ba96-bf07-45ec-820e-f4e510eb6251, raftlog=d06b9620-45ef-4868-ba92-a36eee8dccc5@group-6CB0152A5598-SegmentedRaftLog:OPENED:c-1,f-1,i0, conf=-1: [d06b9620-45ef-4868-ba92-a36eee8dccc5|rpc:10.1.0.24:41007|dataStream:|priority:0, fb143889-6975-4026-9ff6-880cb13018db|rpc:10.1.0.24:39863|dataStream:|priority:0, 55b4ba96-bf07-45ec-820e-f4e510eb6251|rpc:10.1.0.24:40873|dataStream:|priority:1], old=null
2021-09-09 12:48:04,149 [grpc-default-executor-2] INFO  impl.VoteContext (VoteContext.java:log(48)) - d06b9620-45ef-4868-ba92-a36eee8dccc5@group-6CB0152A5598-FOLLOWER: reject ELECTION from fb143889-6975-4026-9ff6-880cb13018db: already has voted for 55b4ba96-bf07-45ec-820e-f4e510eb6251 at current term 2
2021-09-09 12:48:04,150 [grpc-default-executor-2] INFO  server.RaftServer$Division (RaftServerImpl.java:requestVote(1075)) - d06b9620-45ef-4868-ba92-a36eee8dccc5@group-6CB0152A5598 replies to ELECTION vote request: fb143889-6975-4026-9ff6-880cb13018db<-d06b9620-45ef-4868-ba92-a36eee8dccc5#0:FAIL-t2. Peer's state: d06b9620-45ef-4868-ba92-a36eee8dccc5@group-6CB0152A5598:t2, leader=null, voted=55b4ba96-bf07-45ec-820e-f4e510eb6251, raftlog=d06b9620-45ef-4868-ba92-a36eee8dccc5@group-6CB0152A5598-SegmentedRaftLog:OPENED:c-1,f-1,i0, conf=-1: [d06b9620-45ef-4868-ba92-a36eee8dccc5|rpc:10.1.0.24:41007|dataStream:|priority:0, fb143889-6975-4026-9ff6-880cb13018db|rpc:10.1.0.24:39863|dataStream:|priority:0, 55b4ba96-bf07-45ec-820e-f4e510eb6251|rpc:10.1.0.24:40873|dataStream:|priority:1], old=null
2021-09-09 12:48:04,150 [d06b9620-45ef-4868-ba92-a36eee8dccc5@group-6CB0152A5598-FollowerState] INFO  impl.FollowerState (FollowerState.java:run(134)) - d06b9620-45ef-4868-ba92-a36eee8dccc5@group-6CB0152A5598-FollowerState: change to CANDIDATE, lastRpcElapsedTime:5111000396ns, electionTimeout:5082ms
2021-09-09 12:48:04,154 [d06b9620-45ef-4868-ba92-a36eee8dccc5@group-6CB0152A5598-FollowerState] INFO  impl.RoleInfo (RoleInfo.java:shutdownFollowerState(108)) - d06b9620-45ef-4868-ba92-a36eee8dccc5: shutdown d06b9620-45ef-4868-ba92-a36eee8dccc5@group-6CB0152A5598-FollowerState
2021-09-09 12:48:04,154 [d06b9620-45ef-4868-ba92-a36eee8dccc5@group-6CB0152A5598-FollowerState] INFO  server.RaftServer$Division (RaftServerImpl.java:setRole(285)) - d06b9620-45ef-4868-ba92-a36eee8dccc5@group-6CB0152A5598: changes role from  FOLLOWER to CANDIDATE at term 2 for changeToCandidate
2021-09-09 12:48:04,154 [d06b9620-45ef-4868-ba92-a36eee8dccc5@group-6CB0152A5598-FollowerState] INFO  server.RaftServerConfigKeys (ConfUtils.java:logGet(44)) - raft.server.leaderelection.pre-vote = false (custom)
2021-09-09 12:48:04,154 [d06b9620-45ef-4868-ba92-a36eee8dccc5@group-6CB0152A5598-FollowerState] INFO  impl.RoleInfo (RoleInfo.java:updateAndGet(130)) - d06b9620-45ef-4868-ba92-a36eee8dccc5: start d06b9620-45ef-4868-ba92-a36eee8dccc5@group-6CB0152A5598-LeaderElection8
2021-09-09 12:48:04,154 [d06b9620-45ef-4868-ba92-a36eee8dccc5@group-6CB0152A5598-FollowerState] INFO  impl.FollowerState (FollowerState.java:run(143)) - d06b9620-45ef-4868-ba92-a36eee8dccc5@group-6CB0152A5598-FollowerState was interrupted: {}
java.lang.InterruptedException: sleep interrupted
	at java.lang.Thread.sleep(Native Method)
	at java.lang.Thread.sleep(Thread.java:340)
	at java.util.concurrent.TimeUnit.sleep(TimeUnit.java:386)
	at org.apache.ratis.util.TimeDuration.sleep(TimeDuration.java:324)
	at org.apache.ratis.util.TimeDuration.sleep(TimeDuration.java:309)
	at org.apache.ratis.server.impl.FollowerState.run(FollowerState.java:118)
2021-09-09 12:48:04,154 [55b4ba96-bf07-45ec-820e-f4e510eb6251@group-6CB0152A5598-LeaderElection6] INFO  impl.LeaderElection (LeaderElection.java:logAndReturn(89)) - 55b4ba96-bf07-45ec-820e-f4e510eb6251@group-6CB0152A5598-LeaderElection6: ELECTION PASSED received 2 response(s) and 0 exception(s):
2021-09-09 12:48:04,156 [55b4ba96-bf07-45ec-820e-f4e510eb6251@group-6CB0152A5598-LeaderElection6] INFO  impl.LeaderElection (LeaderElection.java:logAndReturn(93)) -   Response 0: 55b4ba96-bf07-45ec-820e-f4e510eb6251<-d06b9620-45ef-4868-ba92-a36eee8dccc5#0:OK-t2
2021-09-09 12:48:04,156 [55b4ba96-bf07-45ec-820e-f4e510eb6251@group-6CB0152A5598-LeaderElection6] INFO  impl.LeaderElection (LeaderElection.java:logAndReturn(93)) -   Response 1: 55b4ba96-bf07-45ec-820e-f4e510eb6251<-fb143889-6975-4026-9ff6-880cb13018db#0:FAIL-t2
2021-09-09 12:48:04,156 [55b4ba96-bf07-45ec-820e-f4e510eb6251@group-6CB0152A5598-LeaderElection6] INFO  impl.LeaderElection (LeaderElection.java:askForVotes(308)) - 55b4ba96-bf07-45ec-820e-f4e510eb6251@group-6CB0152A5598-LeaderElection6 ELECTION round 0: result PASSED
2021-09-09 12:48:04,156 [55b4ba96-bf07-45ec-820e-f4e510eb6251@group-6CB0152A5598-LeaderElection6] INFO  impl.RoleInfo (RoleInfo.java:shutdownLeaderElection(121)) - 55b4ba96-bf07-45ec-820e-f4e510eb6251: shutdown 55b4ba96-bf07-45ec-820e-f4e510eb6251@group-6CB0152A5598-LeaderElection6
2021-09-09 12:48:04,157 [55b4ba96-bf07-45ec-820e-f4e510eb6251@group-6CB0152A5598-LeaderElection6] INFO  server.RaftServer$Division (RaftServerImpl.java:setRole(285)) - 55b4ba96-bf07-45ec-820e-f4e510eb6251@group-6CB0152A5598: changes role from CANDIDATE to LEADER at term 2 for changeToLeader
2021-09-09 12:48:04,157 [55b4ba96-bf07-45ec-820e-f4e510eb6251@group-6CB0152A5598-LeaderElection6] INFO  ratis.XceiverServerRatis (XceiverServerRatis.java:handleLeaderChangedNotification(861)) - Leader change notification received for group: group-6CB0152A5598 with new leaderId: 55b4ba96-bf07-45ec-820e-f4e510eb6251
2021-09-09 12:48:04,157 [55b4ba96-bf07-45ec-820e-f4e510eb6251@group-6CB0152A5598-LeaderElection6] INFO  server.RaftServer$Division (ServerState.java:setLeader(285)) - 55b4ba96-bf07-45ec-820e-f4e510eb6251@group-6CB0152A5598: change Leader from null to 55b4ba96-bf07-45ec-820e-f4e510eb6251 at term 2 for becomeLeader, leader elected after 9951ms
2021-09-09 12:48:04,157 [55b4ba96-bf07-45ec-820e-f4e510eb6251@group-6CB0152A5598-LeaderElection6] INFO  server.RaftServerConfigKeys (ConfUtils.java:logGet(44)) - raft.server.staging.catchup.gap = 1000 (default)
2021-09-09 12:48:04,157 [55b4ba96-bf07-45ec-820e-f4e510eb6251@group-6CB0152A5598-LeaderElection6] INFO  server.RaftServerConfigKeys (ConfUtils.java:logGet(44)) - raft.server.write.element-limit = 1024 (custom)
2021-09-09 12:48:04,158 [55b4ba96-bf07-45ec-820e-f4e510eb6251@group-6CB0152A5598-LeaderElection6] INFO  server.RaftServerConfigKeys (ConfUtils.java:logGet(44)) - raft.server.write.byte-limit = 1024 M (=1073741824) (custom)
2021-09-09 12:48:04,158 [55b4ba96-bf07-45ec-820e-f4e510eb6251@group-6CB0152A5598-LeaderElection6] INFO  server.RaftServerConfigKeys (ConfUtils.java:logGet(44)) - raft.server.watch.timeout = 3000ms (custom)
2021-09-09 12:48:04,158 [55b4ba96-bf07-45ec-820e-f4e510eb6251@group-6CB0152A5598-LeaderElection6] INFO  server.RaftServerConfigKeys (ConfUtils.java:logGet(44)) - raft.server.watch.timeout.denomination = 1s (default)
2021-09-09 12:48:04,158 [55b4ba96-bf07-45ec-820e-f4e510eb6251@group-6CB0152A5598-LeaderElection6] INFO  server.RaftServerConfigKeys (ConfUtils.java:logGet(44)) - raft.server.watch.element-limit = 65536 (default)
2021-09-09 12:48:04,158 [Datanode State Machine Thread - 0] WARN  statemachine.StateContext (StateContext.java:execute(621)) - No available thread in pool for past 0 seconds.
2021-09-09 12:48:04,159 [EventQueue-OpenPipelineForHealthyPipelineSafeModeRule] INFO  safemode.SCMSafeModeManager (HealthyPipelineSafeModeRule.java:process(124)) - SCM in safe mode. Healthy pipelines reported count is 0, required healthy pipeline reported count is 1
2021-09-09 12:48:04,159 [EventQueue-PipelineReportForPipelineReportHandler] INFO  pipeline.PipelineManagerImpl (PipelineManagerImpl.java:openPipeline(282)) - Pipeline Pipeline[ Id: bcb210ab-238d-4494-be5c-6cb0152a5598, Nodes: 55b4ba96-bf07-45ec-820e-f4e510eb6251{ip: 10.1.0.24, host: fv-az116-684.vzw04321ajxubdbcnpick5nqva.xx.internal.cloudapp.net, ports: [REPLICATION=35245, RATIS=40873, RATIS_ADMIN=40873, RATIS_SERVER=40873, STANDALONE=36675], networkLocation: /default-rack, certSerialId: null, persistedOpState: IN_SERVICE, persistedOpStateExpiryEpochSec: 0}d06b9620-45ef-4868-ba92-a36eee8dccc5{ip: 10.1.0.24, host: fv-az116-684.vzw04321ajxubdbcnpick5nqva.xx.internal.cloudapp.net, ports: [REPLICATION=45417, RATIS=41007, RATIS_ADMIN=41007, RATIS_SERVER=41007, STANDALONE=44607], networkLocation: /default-rack, certSerialId: null, persistedOpState: IN_SERVICE, persistedOpStateExpiryEpochSec: 0}fb143889-6975-4026-9ff6-880cb13018db{ip: 10.1.0.24, host: fv-az116-684.vzw04321ajxubdbcnpick5nqva.xx.internal.cloudapp.net, ports: [REPLICATION=32909, RATIS=39863, RATIS_ADMIN=39863, RATIS_SERVER=39863, STANDALONE=43105], networkLocation: /default-rack, certSerialId: null, persistedOpState: IN_SERVICE, persistedOpStateExpiryEpochSec: 0}, ReplicationConfig: RATIS/THREE, State:ALLOCATED, leaderId:55b4ba96-bf07-45ec-820e-f4e510eb6251, CreationTimestamp2021-09-09T12:47:51.633Z[Etc/UTC]] moved to OPEN state
2021-09-09 12:48:04,160 [EventQueue-OpenPipelineForHealthyPipelineSafeModeRule] INFO  safemode.SCMSafeModeManager (HealthyPipelineSafeModeRule.java:process(124)) - SCM in safe mode. Healthy pipelines reported count is 1, required healthy pipeline reported count is 1
2021-09-09 12:48:04,160 [EventQueue-OpenPipelineForHealthyPipelineSafeModeRule] INFO  safemode.SCMSafeModeManager (SCMSafeModeManager.java:validateSafeModeExitRules(204)) - HealthyPipelineSafeModeRule rule is successfully validated
2021-09-09 12:48:04,160 [EventQueue-OpenPipelineForHealthyPipelineSafeModeRule] INFO  safemode.SCMSafeModeManager (SCMSafeModeManager.java:validateSafeModeExitRules(219)) - ScmSafeModeManager, all rules are successfully validated
2021-09-09 12:48:04,160 [EventQueue-OpenPipelineForHealthyPipelineSafeModeRule] INFO  safemode.SCMSafeModeManager (SCMSafeModeManager.java:exitSafeMode(248)) - SCM exiting safe mode.
2021-09-09 12:48:04,160 [EventQueue-OpenPipelineForHealthyPipelineSafeModeRule] WARN  events.EventQueue (EventQueue.java:fireEvent(194)) - No event handler registered for event TypedEvent{payloadType=SafeModeStatus, name='Safe mode status'}
2021-09-09 12:48:04,160 [EventQueue-OpenPipelineForHealthyPipelineSafeModeRule] INFO  ha.SCMContext (SCMContext.java:updateSafeModeStatus(205)) - Update SafeModeStatus from SafeModeStatus{safeModeStatus=true, preCheckPassed=true} to SafeModeStatus{safeModeStatus=false, preCheckPassed=true}.
2021-09-09 12:48:04,160 [EventQueue-OpenPipelineForHealthyPipelineSafeModeRule] INFO  pipeline.BackgroundPipelineCreator (BackgroundPipelineCreatorV2.java:notifyStatusChanged(264)) - Service BackgroundPipelineCreator transitions to RUNNING.
2021-09-09 12:48:04,160 [EventQueue-OpenPipelineForHealthyPipelineSafeModeRule] INFO  container.ReplicationManager (ReplicationManager.java:notifyStatusChanged(1722)) - Service ReplicationManager transitions to RUNNING.
2021-09-09 12:48:04,162 [d06b9620-45ef-4868-ba92-a36eee8dccc5@group-6CB0152A5598-LeaderElection8] INFO  impl.LeaderElection (LeaderElection.java:askForVotes(306)) - d06b9620-45ef-4868-ba92-a36eee8dccc5@group-6CB0152A5598-LeaderElection8 ELECTION round 0: submit vote requests at term 3 for -1: [d06b9620-45ef-4868-ba92-a36eee8dccc5|rpc:10.1.0.24:41007|dataStream:|priority:0, fb143889-6975-4026-9ff6-880cb13018db|rpc:10.1.0.24:39863|dataStream:|priority:0, 55b4ba96-bf07-45ec-820e-f4e510eb6251|rpc:10.1.0.24:40873|dataStream:|priority:1], old=null
2021-09-09 12:48:04,174 [55b4ba96-bf07-45ec-820e-f4e510eb6251@group-6CB0152A5598-LeaderElection6] INFO  server.RaftServerConfigKeys (ConfUtils.java:logGet(44)) - raft.server.log.appender.snapshot.chunk.size.max = 16MB (=16777216) (default)
2021-09-09 12:48:04,174 [55b4ba96-bf07-45ec-820e-f4e510eb6251@group-6CB0152A5598-LeaderElection6] INFO  server.RaftServerConfigKeys (ConfUtils.java:logGet(44)) - raft.server.log.appender.buffer.byte-limit = 33554432 (custom)
2021-09-09 12:48:04,175 [55b4ba96-bf07-45ec-820e-f4e510eb6251@group-6CB0152A5598-LeaderElection6] INFO  server.RaftServerConfigKeys (ConfUtils.java:logGet(44)) - raft.server.log.appender.buffer.element-limit = 1 (custom)
2021-09-09 12:48:04,188 [55b4ba96-bf07-45ec-820e-f4e510eb6251@group-6CB0152A5598-LeaderElection6] INFO  grpc.GrpcConfigKeys (ConfUtils.java:logGet(44)) - raft.grpc.server.leader.outstanding.appends.max = 128 (default)
2021-09-09 12:48:04,188 [55b4ba96-bf07-45ec-820e-f4e510eb6251@group-6CB0152A5598-LeaderElection6] INFO  server.RaftServerConfigKeys (ConfUtils.java:logGet(44)) - raft.server.rpc.request.timeout = 3000ms (default)
2021-09-09 12:48:04,188 [55b4ba96-bf07-45ec-820e-f4e510eb6251@group-6CB0152A5598-LeaderElection6] INFO  server.RaftServerConfigKeys (ConfUtils.java:logGet(44)) - raft.server.log.appender.install.snapshot.enabled = false (custom)
2021-09-09 12:48:04,193 [55b4ba96-bf07-45ec-820e-f4e510eb6251@group-6CB0152A5598-LeaderElection6] INFO  server.RaftServerConfigKeys (ConfUtils.java:logGet(44)) - raft.server.log.appender.snapshot.chunk.size.max = 16MB (=16777216) (default)
2021-09-09 12:48:04,193 [55b4ba96-bf07-45ec-820e-f4e510eb6251@group-6CB0152A5598-LeaderElection6] INFO  server.RaftServerConfigKeys (ConfUtils.java:logGet(44)) - raft.server.log.appender.buffer.byte-limit = 33554432 (custom)
2021-09-09 12:48:04,193 [55b4ba96-bf07-45ec-820e-f4e510eb6251@group-6CB0152A5598-LeaderElection6] INFO  server.RaftServerConfigKeys (ConfUtils.java:logGet(44)) - raft.server.log.appender.buffer.element-limit = 1 (custom)
2021-09-09 12:48:04,193 [55b4ba96-bf07-45ec-820e-f4e510eb6251@group-6CB0152A5598-LeaderElection6] INFO  grpc.GrpcConfigKeys (ConfUtils.java:logGet(44)) - raft.grpc.server.leader.outstanding.appends.max = 128 (default)
2021-09-09 12:48:04,197 [grpc-default-executor-2] INFO  server.RaftServer$Division (RaftServerImpl.java:requestVote(1043)) - 55b4ba96-bf07-45ec-820e-f4e510eb6251@group-6CB0152A5598: receive requestVote(ELECTION, d06b9620-45ef-4868-ba92-a36eee8dccc5, group-6CB0152A5598, 3, (t:0, i:0))
2021-09-09 12:48:04,198 [55b4ba96-bf07-45ec-820e-f4e510eb6251@group-6CB0152A5598-LeaderElection6] INFO  server.RaftServerConfigKeys (ConfUtils.java:logGet(44)) - raft.server.rpc.request.timeout = 3000ms (default)
2021-09-09 12:48:04,206 [55b4ba96-bf07-45ec-820e-f4e510eb6251@group-6CB0152A5598-LeaderElection6] INFO  server.RaftServerConfigKeys (ConfUtils.java:logGet(44)) - raft.server.log.appender.install.snapshot.enabled = false (custom)
2021-09-09 12:48:04,206 [grpc-default-executor-1] INFO  server.RaftServer$Division (RaftServerImpl.java:requestVote(1043)) - fb143889-6975-4026-9ff6-880cb13018db@group-6CB0152A5598: receive requestVote(ELECTION, d06b9620-45ef-4868-ba92-a36eee8dccc5, group-6CB0152A5598, 3, (t:0, i:0))
2021-09-09 12:48:04,213 [grpc-default-executor-1] INFO  impl.VoteContext (VoteContext.java:log(48)) - fb143889-6975-4026-9ff6-880cb13018db@group-6CB0152A5598-FOLLOWER: accept ELECTION from d06b9620-45ef-4868-ba92-a36eee8dccc5: our priority 0 <= candidate's priority 0
2021-09-09 12:48:04,213 [grpc-default-executor-1] INFO  server.RaftServer$Division (RaftServerImpl.java:setRole(285)) - fb143889-6975-4026-9ff6-880cb13018db@group-6CB0152A5598: changes role from  FOLLOWER to FOLLOWER at term 3 for candidate:d06b9620-45ef-4868-ba92-a36eee8dccc5
2021-09-09 12:48:04,213 [grpc-default-executor-1] INFO  impl.RoleInfo (RoleInfo.java:shutdownFollowerState(108)) - fb143889-6975-4026-9ff6-880cb13018db: shutdown fb143889-6975-4026-9ff6-880cb13018db@group-6CB0152A5598-FollowerState
2021-09-09 12:48:04,214 [grpc-default-executor-1] INFO  impl.RoleInfo (RoleInfo.java:updateAndGet(130)) - fb143889-6975-4026-9ff6-880cb13018db: start fb143889-6975-4026-9ff6-880cb13018db@group-6CB0152A5598-FollowerState
2021-09-09 12:48:04,214 [fb143889-6975-4026-9ff6-880cb13018db@group-6CB0152A5598-FollowerState] INFO  impl.FollowerState (FollowerState.java:run(143)) - fb143889-6975-4026-9ff6-880cb13018db@group-6CB0152A5598-FollowerState was interrupted: {}
java.lang.InterruptedException: sleep interrupted
	at java.lang.Thread.sleep(Native Method)
	at java.lang.Thread.sleep(Thread.java:340)
	at java.util.concurrent.TimeUnit.sleep(TimeUnit.java:386)
	at org.apache.ratis.util.TimeDuration.sleep(TimeDuration.java:324)
	at org.apache.ratis.util.TimeDuration.sleep(TimeDuration.java:309)
	at org.apache.ratis.server.impl.FollowerState.run(FollowerState.java:118)
2021-09-09 12:48:04,221 [grpc-default-executor-1] INFO  server.RaftServer$Division (RaftServerImpl.java:requestVote(1075)) - fb143889-6975-4026-9ff6-880cb13018db@group-6CB0152A5598 replies to ELECTION vote request: d06b9620-45ef-4868-ba92-a36eee8dccc5<-fb143889-6975-4026-9ff6-880cb13018db#0:OK-t3. Peer's state: fb143889-6975-4026-9ff6-880cb13018db@group-6CB0152A5598:t3, leader=null, voted=d06b9620-45ef-4868-ba92-a36eee8dccc5, raftlog=fb143889-6975-4026-9ff6-880cb13018db@group-6CB0152A5598-SegmentedRaftLog:OPENED:c-1,f-1,i0, conf=-1: [d06b9620-45ef-4868-ba92-a36eee8dccc5|rpc:10.1.0.24:41007|priority:0, fb143889-6975-4026-9ff6-880cb13018db|rpc:10.1.0.24:39863|priority:0, 55b4ba96-bf07-45ec-820e-f4e510eb6251|rpc:10.1.0.24:40873|priority:1], old=null
2021-09-09 12:48:04,225 [55b4ba96-bf07-45ec-820e-f4e510eb6251@group-6CB0152A5598-LeaderElection6] INFO  impl.RoleInfo (RoleInfo.java:updateAndGet(130)) - 55b4ba96-bf07-45ec-820e-f4e510eb6251: start 55b4ba96-bf07-45ec-820e-f4e510eb6251@group-6CB0152A5598-LeaderStateImpl
2021-09-09 12:48:04,228 [55b4ba96-bf07-45ec-820e-f4e510eb6251@group-6CB0152A5598-LeaderElection6] INFO  segmented.SegmentedRaftLogWorker (SegmentedRaftLogWorker.java:startLogSegment(394)) - 55b4ba96-bf07-45ec-820e-f4e510eb6251@group-6CB0152A5598-SegmentedRaftLogWorker: Starting segment from index:0
2021-09-09 12:48:04,229 [55b4ba96-bf07-45ec-820e-f4e510eb6251@group-6CB0152A5598-SegmentedRaftLogWorker] INFO  segmented.SegmentedRaftLogWorker (SegmentedRaftLogWorker.java:execute(601)) - 55b4ba96-bf07-45ec-820e-f4e510eb6251@group-6CB0152A5598-SegmentedRaftLogWorker: created new log segment /home/runner/work/ozone/ozone/hadoop-ozone/integration-test/target/test-dir/MiniOzoneClusterImpl-2c2d5e5b-af94-478e-8854-ace1b50e11fb/datanode-1/data/ratis/bcb210ab-238d-4494-be5c-6cb0152a5598/current/log_inprogress_0
2021-09-09 12:48:04,240 [55b4ba96-bf07-45ec-820e-f4e510eb6251@group-6CB0152A5598-LeaderElection6] INFO  server.RaftServer$Division (ServerState.java:setRaftConf(387)) - 55b4ba96-bf07-45ec-820e-f4e510eb6251@group-6CB0152A5598: set configuration 0: [d06b9620-45ef-4868-ba92-a36eee8dccc5|rpc:10.1.0.24:41007|dataStream:|priority:0, fb143889-6975-4026-9ff6-880cb13018db|rpc:10.1.0.24:39863|dataStream:|priority:0, 55b4ba96-bf07-45ec-820e-f4e510eb6251|rpc:10.1.0.24:40873|dataStream:|priority:1], old=null
2021-09-09 12:48:04,240 [grpc-default-executor-2] INFO  impl.VoteContext (VoteContext.java:log(48)) - 55b4ba96-bf07-45ec-820e-f4e510eb6251@group-6CB0152A5598-LEADER: reject ELECTION from d06b9620-45ef-4868-ba92-a36eee8dccc5: our last entry (t:2, i:0) > candidate's last entry (t:0, i:0)
2021-09-09 12:48:04,241 [grpc-default-executor-2] INFO  server.RaftServer$Division (ServerState.java:setLeader(285)) - 55b4ba96-bf07-45ec-820e-f4e510eb6251@group-6CB0152A5598: change Leader from 55b4ba96-bf07-45ec-820e-f4e510eb6251 to null at term 3 for updateCurrentTerm
2021-09-09 12:48:04,241 [grpc-default-executor-2] INFO  server.RaftServer$Division (RaftServerImpl.java:setRole(285)) - 55b4ba96-bf07-45ec-820e-f4e510eb6251@group-6CB0152A5598: changes role from    LEADER to FOLLOWER at term 3 for candidate:d06b9620-45ef-4868-ba92-a36eee8dccc5
2021-09-09 12:48:04,241 [grpc-default-executor-2] INFO  impl.RoleInfo (RoleInfo.java:shutdownLeaderState(91)) - 55b4ba96-bf07-45ec-820e-f4e510eb6251: shutdown 55b4ba96-bf07-45ec-820e-f4e510eb6251@group-6CB0152A5598-LeaderStateImpl
2021-09-09 12:48:04,242 [grpc-default-executor-2] INFO  impl.PendingRequests (PendingRequests.java:sendNotLeaderResponses(282)) - 55b4ba96-bf07-45ec-820e-f4e510eb6251@group-6CB0152A5598-PendingRequests: sendNotLeaderResponses
2021-09-09 12:48:04,243 [grpc-default-executor-2] INFO  impl.RoleInfo (RoleInfo.java:updateAndGet(130)) - 55b4ba96-bf07-45ec-820e-f4e510eb6251: start 55b4ba96-bf07-45ec-820e-f4e510eb6251@group-6CB0152A5598-FollowerState
2021-09-09 12:48:04,245 [grpc-default-executor-2] INFO  server.RaftServer$Division (RaftServerImpl.java:requestVote(1075)) - 55b4ba96-bf07-45ec-820e-f4e510eb6251@group-6CB0152A5598 replies to ELECTION vote request: d06b9620-45ef-4868-ba92-a36eee8dccc5<-55b4ba96-bf07-45ec-820e-f4e510eb6251#0:FAIL-t3. Peer's state: 55b4ba96-bf07-45ec-820e-f4e510eb6251@group-6CB0152A5598:t3, leader=null, voted=null, raftlog=55b4ba96-bf07-45ec-820e-f4e510eb6251@group-6CB0152A5598-SegmentedRaftLog:OPENED:c-1,f0,i0, conf=0: [d06b9620-45ef-4868-ba92-a36eee8dccc5|rpc:10.1.0.24:41007|dataStream:|priority:0, fb143889-6975-4026-9ff6-880cb13018db|rpc:10.1.0.24:39863|dataStream:|priority:0, 55b4ba96-bf07-45ec-820e-f4e510eb6251|rpc:10.1.0.24:40873|dataStream:|priority:1], old=null
2021-09-09 12:48:04,259 [d06b9620-45ef-4868-ba92-a36eee8dccc5@group-6CB0152A5598-LeaderElection8] INFO  impl.LeaderElection (LeaderElection.java:logAndReturn(89)) - d06b9620-45ef-4868-ba92-a36eee8dccc5@group-6CB0152A5598-LeaderElection8: ELECTION REJECTED received 2 response(s) and 0 exception(s):
2021-09-09 12:48:04,260 [d06b9620-45ef-4868-ba92-a36eee8dccc5@group-6CB0152A5598-LeaderElection8] INFO  impl.LeaderElection (LeaderElection.java:logAndReturn(93)) -   Response 0: d06b9620-45ef-4868-ba92-a36eee8dccc5<-fb143889-6975-4026-9ff6-880cb13018db#0:OK-t3
2021-09-09 12:48:04,260 [d06b9620-45ef-4868-ba92-a36eee8dccc5@group-6CB0152A5598-LeaderElection8] INFO  impl.LeaderElection (LeaderElection.java:logAndReturn(93)) -   Response 1: d06b9620-45ef-4868-ba92-a36eee8dccc5<-55b4ba96-bf07-45ec-820e-f4e510eb6251#0:FAIL-t3
2021-09-09 12:48:04,260 [d06b9620-45ef-4868-ba92-a36eee8dccc5@group-6CB0152A5598-LeaderElection8] INFO  impl.LeaderElection (LeaderElection.java:askForVotes(308)) - d06b9620-45ef-4868-ba92-a36eee8dccc5@group-6CB0152A5598-LeaderElection8 ELECTION round 0: result REJECTED
2021-09-09 12:48:04,260 [d06b9620-45ef-4868-ba92-a36eee8dccc5@group-6CB0152A5598-LeaderElection8] INFO  server.RaftServer$Division (RaftServerImpl.java:setRole(285)) - d06b9620-45ef-4868-ba92-a36eee8dccc5@group-6CB0152A5598: changes role from CANDIDATE to FOLLOWER at term 3 for REJECTED
2021-09-09 12:48:04,260 [d06b9620-45ef-4868-ba92-a36eee8dccc5@group-6CB0152A5598-LeaderElection8] INFO  impl.RoleInfo (RoleInfo.java:shutdownLeaderElection(121)) - d06b9620-45ef-4868-ba92-a36eee8dccc5: shutdown d06b9620-45ef-4868-ba92-a36eee8dccc5@group-6CB0152A5598-LeaderElection8
2021-09-09 12:48:04,260 [d06b9620-45ef-4868-ba92-a36eee8dccc5@group-6CB0152A5598-LeaderElection8] INFO  impl.RoleInfo (RoleInfo.java:updateAndGet(130)) - d06b9620-45ef-4868-ba92-a36eee8dccc5: start d06b9620-45ef-4868-ba92-a36eee8dccc5@group-6CB0152A5598-FollowerState
2021-09-09 12:48:04,263 [grpc-default-executor-1] INFO  server.GrpcServerProtocolService (GrpcServerProtocolService.java:onCompleted(140)) - fb143889-6975-4026-9ff6-880cb13018db: Completed APPEND_ENTRIES, lastRequest: null
2021-09-09 12:48:04,263 [grpc-default-executor-2] INFO  server.GrpcServerProtocolService (GrpcServerProtocolService.java:onCompleted(140)) - d06b9620-45ef-4868-ba92-a36eee8dccc5: Completed APPEND_ENTRIES, lastRequest: null
2021-09-09 12:48:04,276 [grpc-default-executor-1] INFO  server.GrpcLogAppender (GrpcLogAppender.java:onCompleted(344)) - 55b4ba96-bf07-45ec-820e-f4e510eb6251@group-6CB0152A5598->fb143889-6975-4026-9ff6-880cb13018db-AppendLogResponseHandler: follower responses appendEntries COMPLETED
2021-09-09 12:48:04,285 [grpc-default-executor-1] INFO  leader.FollowerInfo (FollowerInfoImpl.java:lambda$new$0(46)) - 55b4ba96-bf07-45ec-820e-f4e510eb6251@group-6CB0152A5598->fb143889-6975-4026-9ff6-880cb13018db: nextIndex: updateUnconditionally 0 -> 0
2021-09-09 12:48:04,282 [grpc-default-executor-3] INFO  server.GrpcLogAppender (GrpcLogAppender.java:onCompleted(344)) - 55b4ba96-bf07-45ec-820e-f4e510eb6251@group-6CB0152A5598->d06b9620-45ef-4868-ba92-a36eee8dccc5-AppendLogResponseHandler: follower responses appendEntries COMPLETED
2021-09-09 12:48:04,286 [grpc-default-executor-3] INFO  leader.FollowerInfo (FollowerInfoImpl.java:lambda$new$0(46)) - 55b4ba96-bf07-45ec-820e-f4e510eb6251@group-6CB0152A5598->d06b9620-45ef-4868-ba92-a36eee8dccc5: nextIndex: updateUnconditionally 0 -> 0
2021-09-09 12:48:04,617 [Listener at 127.0.0.1/41297] INFO  ozone.MiniOzoneClusterImpl (MiniOzoneClusterImpl.java:lambda$waitForClusterToBeReady$0(235)) - Nodes are ready. Got 3 of 3 DN Heartbeats.
2021-09-09 12:48:04,617 [Listener at 127.0.0.1/41297] INFO  ozone.MiniOzoneClusterImpl (MiniOzoneClusterImpl.java:lambda$waitForClusterToBeReady$0(238)) - Cluster exits safe mode
2021-09-09 12:48:04,617 [Listener at 127.0.0.1/41297] INFO  ozone.MiniOzoneClusterImpl (MiniOzoneClusterImpl.java:lambda$waitForClusterToBeReady$0(240)) - SCM became leader
2021-09-09 12:48:05,131 [Listener at 127.0.0.1/41297] INFO  rpc.RpcClient (RpcClient.java:createVolume(342)) - Creating Volume: testcontainerstatemachinefailures, with runner as owner and space quota set to -1 bytes, counts quota set to -1
2021-09-09 12:48:05,209 [OM StateMachine ApplyTransaction Thread - 0] INFO  volume.OMVolumeCreateRequest (OMVolumeCreateRequest.java:validateAndUpdateCache(195)) - created volume:testcontainerstatemachinefailures for user:runner
2021-09-09 12:48:05,248 [Listener at 127.0.0.1/41297] INFO  rpc.RpcClient (RpcClient.java:createBucket(502)) - Creating Bucket: testcontainerstatemachinefailures/testcontainerstatemachinefailures, with Versioning false and Storage Type set to DISK and Encryption set to false 
2021-09-09 12:48:05,330 [IPC Server handler 2 on default port 37551] INFO  ha.SequenceIdGenerator (SequenceIdGenerator.java:getNextId(127)) - Allocate a batch for containerId, change lastId from 0 to 1000.
2021-09-09 12:48:05,342 [IPC Server handler 2 on default port 37551] WARN  ha.SequenceIdGenerator (SequenceIdGenerator.java:allocateBatch(234)) - Failed to allocate a batch for localId, expected lastId is 0, actual lastId is 107544261427200000.
2021-09-09 12:48:05,343 [IPC Server handler 2 on default port 37551] INFO  ha.SequenceIdGenerator (SequenceIdGenerator.java:getNextId(127)) - Allocate a batch for localId, change lastId from 107544261427200000 to 107544261427201000.
2021-09-09 12:48:05,428 [Listener at 127.0.0.1/41297] INFO  impl.MetricsSystemImpl (MetricsSystemImpl.java:init(158)) - XceiverClientMetrics metrics system started (again)
]]></system-out>
  </testcase>
</testsuite>