<?xml version="1.0" encoding="UTF-8"?>
<testsuite xmlns:xsi="http://www.w3.org/2001/XMLSchema-instance" xsi:noNamespaceSchemaLocation="https://maven.apache.org/surefire/maven-surefire-plugin/xsd/surefire-test-report.xsd" name="org.apache.hadoop.ozone.client.rpc.TestWatchForCommit" time="221.448" tests="4" errors="1" skipped="0" failures="0">
  <properties>
    <property name="awt.toolkit" value="sun.awt.X11.XToolkit"/>
    <property name="file.encoding.pkg" value="sun.io"/>
    <property name="java.specification.version" value="1.8"/>
    <property name="sun.cpu.isalist" value=""/>
    <property name="sun.jnu.encoding" value="ANSI_X3.4-1968"/>
    <property name="java.class.path" value="/github/workspace/mnt/ozone/hadoop-ozone/integration-test/target/test-classes:/github/workspace/mnt/ozone/hadoop-ozone/integration-test/target/classes:/home/user/.m2/repository/org/apache/hadoop/hadoop-ozone-common/1.1.0-SNAPSHOT/hadoop-ozone-common-1.1.0-SNAPSHOT.jar:/home/user/.m2/repository/org/apache/commons/commons-compress/1.4.1/commons-compress-1.4.1.jar:/home/user/.m2/repository/org/tukaani/xz/1.0/xz-1.0.jar:/home/user/.m2/repository/org/apache/hadoop/hadoop-hdds-common/1.1.0-SNAPSHOT/hadoop-hdds-common-1.1.0-SNAPSHOT.jar:/home/user/.m2/repository/org/apache/hadoop/hadoop-hdds-client/1.1.0-SNAPSHOT/hadoop-hdds-client-1.1.0-SNAPSHOT.jar:/home/user/.m2/repository/org/apache/hadoop/hadoop-ozone-interface-client/1.1.0-SNAPSHOT/hadoop-ozone-interface-client-1.1.0-SNAPSHOT.jar:/home/user/.m2/repository/org/apache/hadoop/hadoop-hdds-test-utils/1.1.0-SNAPSHOT/hadoop-hdds-test-utils-1.1.0-SNAPSHOT.jar:/home/user/.m2/repository/com/google/guava/guava/28.2-jre/guava-28.2-jre.jar:/home/user/.m2/repository/com/google/guava/failureaccess/1.0.1/failureaccess-1.0.1.jar:/home/user/.m2/repository/com/google/guava/listenablefuture/9999.0-empty-to-avoid-conflict-with-guava/listenablefuture-9999.0-empty-to-avoid-conflict-with-guava.jar:/home/user/.m2/repository/com/google/code/findbugs/jsr305/3.0.0/jsr305-3.0.0.jar:/home/user/.m2/repository/org/checkerframework/checker-qual/2.10.0/checker-qual-2.10.0.jar:/home/user/.m2/repository/com/google/errorprone/error_prone_annotations/2.2.0/error_prone_annotations-2.2.0.jar:/home/user/.m2/repository/com/google/j2objc/j2objc-annotations/1.3/j2objc-annotations-1.3.jar:/home/user/.m2/repository/commons-io/commons-io/2.5/commons-io-2.5.jar:/home/user/.m2/repository/commons-logging/commons-logging/1.2/commons-logging-1.2.jar:/home/user/.m2/repository/log4j/log4j/1.2.17/log4j-1.2.17.jar:/home/user/.m2/repository/org/slf4j/slf4j-api/1.7.30/slf4j-api-1.7.30.jar:/home/user/.m2/repository/org/apache/hadoop/hadoop-hdds-server-scm/1.1.0-SNAPSHOT/hadoop-hdds-server-scm-1.1.0-SNAPSHOT.jar:/home/user/.m2/repository/org/apache/hadoop/hadoop-hdds-container-service/1.1.0-SNAPSHOT/hadoop-hdds-container-service-1.1.0-SNAPSHOT.jar:/home/user/.m2/repository/org/apache/hadoop/hadoop-hdds-hadoop-dependency-server/1.1.0-SNAPSHOT/hadoop-hdds-hadoop-dependency-server-1.1.0-SNAPSHOT.jar:/home/user/.m2/repository/org/apache/hadoop/hadoop-hdfs/3.2.1/hadoop-hdfs-3.2.1.jar:/home/user/.m2/repository/org/apache/hadoop/hadoop-hdds-server-framework/1.1.0-SNAPSHOT/hadoop-hdds-server-framework-1.1.0-SNAPSHOT.jar:/home/user/.m2/repository/org/apache/hadoop/hadoop-hdds-interface-server/1.1.0-SNAPSHOT/hadoop-hdds-interface-server-1.1.0-SNAPSHOT.jar:/home/user/.m2/repository/org/apache/hadoop/hadoop-hdds-interface-admin/1.1.0-SNAPSHOT/hadoop-hdds-interface-admin-1.1.0-SNAPSHOT.jar:/home/user/.m2/repository/org/eclipse/jetty/jetty-servlet/9.4.34.v20201102/jetty-servlet-9.4.34.v20201102.jar:/home/user/.m2/repository/org/eclipse/jetty/jetty-security/9.4.34.v20201102/jetty-security-9.4.34.v20201102.jar:/home/user/.m2/repository/org/rocksdb/rocksdbjni/6.8.1/rocksdbjni-6.8.1.jar:/home/user/.m2/repository/io/prometheus/simpleclient_dropwizard/0.7.0/simpleclient_dropwizard-0.7.0.jar:/home/user/.m2/repository/io/prometheus/simpleclient/0.7.0/simpleclient-0.7.0.jar:/home/user/.m2/repository/io/prometheus/simpleclient_common/0.7.0/simpleclient_common-0.7.0.jar:/home/user/.m2/repository/com/fasterxml/jackson/datatype/jackson-datatype-jsr310/2.10.3/jackson-datatype-jsr310-2.10.3.jar:/home/user/.m2/repository/io/dropwizard/metrics/metrics-core/3.2.4/metrics-core-3.2.4.jar:/home/user/.m2/repository/org/apache/hadoop/hadoop-hdfs-client/3.2.1/hadoop-hdfs-client-3.2.1.jar:/home/user/.m2/repository/org/bouncycastle/bcprov-jdk15on/1.60/bcprov-jdk15on-1.60.jar:/home/user/.m2/repository/org/apache/hadoop/hadoop-ozone-ozone-manager/1.1.0-SNAPSHOT/hadoop-ozone-ozone-manager-1.1.0-SNAPSHOT.jar:/home/user/.m2/repository/org/apache/hadoop/hadoop-hdds-interface-client/1.1.0-SNAPSHOT/hadoop-hdds-interface-client-1.1.0-SNAPSHOT.jar:/home/user/.m2/repository/org/apache/ratis/ratis-thirdparty-misc/0.6.0-SNAPSHOT/ratis-thirdparty-misc-0.6.0-SNAPSHOT.jar:/home/user/.m2/repository/org/apache/hadoop/hadoop-ozone-interface-storage/1.1.0-SNAPSHOT/hadoop-ozone-interface-storage-1.1.0-SNAPSHOT.jar:/home/user/.m2/repository/org/apache/hadoop/hadoop-minikdc/3.2.1/hadoop-minikdc-3.2.1.jar:/home/user/.m2/repository/org/apache/kerby/kerb-simplekdc/1.0.1/kerb-simplekdc-1.0.1.jar:/home/user/.m2/repository/org/apache/kerby/kerb-client/1.0.1/kerb-client-1.0.1.jar:/home/user/.m2/repository/org/apache/kerby/kerby-config/1.0.1/kerby-config-1.0.1.jar:/home/user/.m2/repository/org/apache/kerby/kerb-core/1.0.1/kerb-core-1.0.1.jar:/home/user/.m2/repository/org/apache/kerby/kerby-pkix/1.0.1/kerby-pkix-1.0.1.jar:/home/user/.m2/repository/org/apache/kerby/kerby-asn1/1.0.1/kerby-asn1-1.0.1.jar:/home/user/.m2/repository/org/apache/kerby/kerby-util/1.0.1/kerby-util-1.0.1.jar:/home/user/.m2/repository/org/apache/kerby/kerb-common/1.0.1/kerb-common-1.0.1.jar:/home/user/.m2/repository/org/apache/kerby/kerb-crypto/1.0.1/kerb-crypto-1.0.1.jar:/home/user/.m2/repository/org/apache/kerby/kerb-util/1.0.1/kerb-util-1.0.1.jar:/home/user/.m2/repository/org/apache/kerby/token-provider/1.0.1/token-provider-1.0.1.jar:/home/user/.m2/repository/org/apache/kerby/kerb-admin/1.0.1/kerb-admin-1.0.1.jar:/home/user/.m2/repository/org/apache/kerby/kerb-server/1.0.1/kerb-server-1.0.1.jar:/home/user/.m2/repository/org/apache/kerby/kerb-identity/1.0.1/kerb-identity-1.0.1.jar:/home/user/.m2/repository/org/apache/kerby/kerby-xdr/1.0.1/kerby-xdr-1.0.1.jar:/home/user/.m2/repository/org/slf4j/slf4j-log4j12/1.7.30/slf4j-log4j12-1.7.30.jar:/home/user/.m2/repository/org/apache/hadoop/hadoop-ozone-s3gateway/1.1.0-SNAPSHOT/hadoop-ozone-s3gateway-1.1.0-SNAPSHOT.jar:/home/user/.m2/repository/org/jboss/weld/servlet/weld-servlet/2.4.7.Final/weld-servlet-2.4.7.Final.jar:/home/user/.m2/repository/org/glassfish/jersey/containers/jersey-container-servlet-core/2.27/jersey-container-servlet-core-2.27.jar:/home/user/.m2/repository/org/glassfish/hk2/external/javax.inject/2.5.0-b42/javax.inject-2.5.0-b42.jar:/home/user/.m2/repository/org/glassfish/jersey/core/jersey-common/2.27/jersey-common-2.27.jar:/home/user/.m2/repository/org/glassfish/hk2/osgi-resource-locator/1.0.1/osgi-resource-locator-1.0.1.jar:/home/user/.m2/repository/javax/ws/rs/javax.ws.rs-api/2.1/javax.ws.rs-api-2.1.jar:/home/user/.m2/repository/org/glassfish/jersey/ext/cdi/jersey-cdi1x/2.27/jersey-cdi1x-2.27.jar:/home/user/.m2/repository/org/glassfish/jersey/inject/jersey-hk2/2.27/jersey-hk2-2.27.jar:/home/user/.m2/repository/org/glassfish/hk2/hk2-locator/2.5.0-b42/hk2-locator-2.5.0-b42.jar:/home/user/.m2/repository/org/javassist/javassist/3.22.0-CR2/javassist-3.22.0-CR2.jar:/home/user/.m2/repository/org/glassfish/hk2/hk2-api/2.5.0/hk2-api-2.5.0.jar:/home/user/.m2/repository/org/glassfish/hk2/external/jakarta.inject/2.5.0/jakarta.inject-2.5.0.jar:/home/user/.m2/repository/org/glassfish/hk2/hk2-utils/2.5.0/hk2-utils-2.5.0.jar:/home/user/.m2/repository/jakarta/annotation/jakarta.annotation-api/1.3.4/jakarta.annotation-api-1.3.4.jar:/home/user/.m2/repository/org/glassfish/hk2/external/aopalliance-repackaged/2.5.0/aopalliance-repackaged-2.5.0.jar:/home/user/.m2/repository/com/fasterxml/jackson/dataformat/jackson-dataformat-xml/2.10.3/jackson-dataformat-xml-2.10.3.jar:/home/user/.m2/repository/com/fasterxml/jackson/core/jackson-core/2.10.3/jackson-core-2.10.3.jar:/home/user/.m2/repository/com/fasterxml/jackson/module/jackson-module-jaxb-annotations/2.10.3/jackson-module-jaxb-annotations-2.10.3.jar:/home/user/.m2/repository/jakarta/xml/bind/jakarta.xml.bind-api/2.3.2/jakarta.xml.bind-api-2.3.2.jar:/home/user/.m2/repository/jakarta/activation/jakarta.activation-api/1.2.1/jakarta.activation-api-1.2.1.jar:/home/user/.m2/repository/org/codehaus/woodstox/stax2-api/3.1.4/stax2-api-3.1.4.jar:/home/user/.m2/repository/com/fasterxml/woodstox/woodstox-core/5.0.3/woodstox-core-5.0.3.jar:/home/user/.m2/repository/javax/enterprise/cdi-api/1.2/cdi-api-1.2.jar:/home/user/.m2/repository/javax/el/javax.el-api/3.0.0/javax.el-api-3.0.0.jar:/home/user/.m2/repository/javax/interceptor/javax.interceptor-api/1.2/javax.interceptor-api-1.2.jar:/home/user/.m2/repository/javax/inject/javax.inject/1/javax.inject-1.jar:/home/user/.m2/repository/com/sun/xml/bind/jaxb-impl/2.3.0.1/jaxb-impl-2.3.0.1.jar:/home/user/.m2/repository/com/sun/xml/bind/jaxb-core/2.3.0.1/jaxb-core-2.3.0.1.jar:/home/user/.m2/repository/javax/xml/bind/jaxb-api/2.3.0/jaxb-api-2.3.0.jar:/home/user/.m2/repository/javax/activation/activation/1.1.1/activation-1.1.1.jar:/home/user/.m2/repository/org/apache/hadoop/hadoop-ozone-csi/1.1.0-SNAPSHOT/hadoop-ozone-csi-1.1.0-SNAPSHOT.jar:/home/user/.m2/repository/com/google/protobuf/protobuf-java-util/3.11.0/protobuf-java-util-3.11.0.jar:/home/user/.m2/repository/com/google/code/gson/gson/2.2.4/gson-2.2.4.jar:/home/user/.m2/repository/org/apache/hadoop/hadoop-hdds-config/1.1.0-SNAPSHOT/hadoop-hdds-config-1.1.0-SNAPSHOT.jar:/home/user/.m2/repository/com/google/protobuf/protobuf-java/2.5.0/protobuf-java-2.5.0.jar:/home/user/.m2/repository/io/grpc/grpc-netty/1.29.0/grpc-netty-1.29.0.jar:/home/user/.m2/repository/io/grpc/grpc-core/1.29.0/grpc-core-1.29.0.jar:/home/user/.m2/repository/com/google/android/annotations/4.1.1.4/annotations-4.1.1.4.jar:/home/user/.m2/repository/io/perfmark/perfmark-api/0.19.0/perfmark-api-0.19.0.jar:/home/user/.m2/repository/io/netty/netty-codec-http2/4.1.48.Final/netty-codec-http2-4.1.48.Final.jar:/home/user/.m2/repository/io/netty/netty-codec/4.1.48.Final/netty-codec-4.1.48.Final.jar:/home/user/.m2/repository/io/netty/netty-handler/4.1.48.Final/netty-handler-4.1.48.Final.jar:/home/user/.m2/repository/io/netty/netty-codec-http/4.1.48.Final/netty-codec-http-4.1.48.Final.jar:/home/user/.m2/repository/io/netty/netty-handler-proxy/4.1.48.Final/netty-handler-proxy-4.1.48.Final.jar:/home/user/.m2/repository/io/netty/netty-codec-socks/4.1.48.Final/netty-codec-socks-4.1.48.Final.jar:/home/user/.m2/repository/io/netty/netty-transport-native-epoll/4.1.48.Final/netty-transport-native-epoll-4.1.48.Final.jar:/home/user/.m2/repository/io/netty/netty-common/4.1.48.Final/netty-common-4.1.48.Final.jar:/home/user/.m2/repository/io/netty/netty-buffer/4.1.48.Final/netty-buffer-4.1.48.Final.jar:/home/user/.m2/repository/io/netty/netty-transport/4.1.48.Final/netty-transport-4.1.48.Final.jar:/home/user/.m2/repository/io/netty/netty-resolver/4.1.48.Final/netty-resolver-4.1.48.Final.jar:/home/user/.m2/repository/io/netty/netty-transport-native-unix-common/4.1.48.Final/netty-transport-native-unix-common-4.1.48.Final.jar:/home/user/.m2/repository/io/grpc/grpc-protobuf/1.29.0/grpc-protobuf-1.29.0.jar:/home/user/.m2/repository/io/grpc/grpc-api/1.29.0/grpc-api-1.29.0.jar:/home/user/.m2/repository/io/grpc/grpc-context/1.29.0/grpc-context-1.29.0.jar:/home/user/.m2/repository/org/codehaus/mojo/animal-sniffer-annotations/1.18/animal-sniffer-annotations-1.18.jar:/home/user/.m2/repository/com/google/api/grpc/proto-google-common-protos/1.17.0/proto-google-common-protos-1.17.0.jar:/home/user/.m2/repository/io/grpc/grpc-protobuf-lite/1.29.0/grpc-protobuf-lite-1.29.0.jar:/home/user/.m2/repository/io/grpc/grpc-stub/1.29.0/grpc-stub-1.29.0.jar:/home/user/.m2/repository/org/apache/hadoop/hadoop-ozone-recon/1.1.0-SNAPSHOT/hadoop-ozone-recon-1.1.0-SNAPSHOT.jar:/home/user/.m2/repository/org/apache/hadoop/hadoop-ozone-reconcodegen/1.1.0-SNAPSHOT/hadoop-ozone-reconcodegen-1.1.0-SNAPSHOT.jar:/home/user/.m2/repository/com/google/inject/extensions/guice-multibindings/4.0/guice-multibindings-4.0.jar:/home/user/.m2/repository/com/google/inject/guice/4.0/guice-4.0.jar:/home/user/.m2/repository/aopalliance/aopalliance/1.0/aopalliance-1.0.jar:/home/user/.m2/repository/com/google/inject/extensions/guice-assistedinject/4.0/guice-assistedinject-4.0.jar:/home/user/.m2/repository/com/google/inject/extensions/guice-servlet/4.0/guice-servlet-4.0.jar:/home/user/.m2/repository/org/glassfish/jersey/containers/jersey-container-servlet/2.27/jersey-container-servlet-2.27.jar:/home/user/.m2/repository/org/glassfish/hk2/guice-bridge/2.5.0/guice-bridge-2.5.0.jar:/home/user/.m2/repository/org/glassfish/jersey/core/jersey-server/2.27/jersey-server-2.27.jar:/home/user/.m2/repository/org/glassfish/jersey/core/jersey-client/2.27/jersey-client-2.27.jar:/home/user/.m2/repository/org/glassfish/jersey/media/jersey-media-jaxb/2.27/jersey-media-jaxb-2.27.jar:/home/user/.m2/repository/javax/validation/validation-api/1.1.0.Final/validation-api-1.1.0.Final.jar:/home/user/.m2/repository/org/glassfish/jersey/media/jersey-media-json-jackson/2.27/jersey-media-json-jackson-2.27.jar:/home/user/.m2/repository/org/glassfish/jersey/ext/jersey-entity-filtering/2.27/jersey-entity-filtering-2.27.jar:/home/user/.m2/repository/org/jooq/jooq/3.11.10/jooq-3.11.10.jar:/home/user/.m2/repository/org/jooq/jooq-meta/3.11.10/jooq-meta-3.11.10.jar:/home/user/.m2/repository/org/jooq/jooq-codegen/3.11.10/jooq-codegen-3.11.10.jar:/home/user/.m2/repository/com/jolbox/bonecp/0.8.0.RELEASE/bonecp-0.8.0.RELEASE.jar:/home/user/.m2/repository/org/apache/derby/derby/10.14.2.0/derby-10.14.2.0.jar:/home/user/.m2/repository/org/xerial/sqlite-jdbc/3.25.2/sqlite-jdbc-3.25.2.jar:/home/user/.m2/repository/org/springframework/spring-jdbc/5.2.11.RELEASE/spring-jdbc-5.2.11.RELEASE.jar:/home/user/.m2/repository/org/springframework/spring-beans/5.2.11.RELEASE/spring-beans-5.2.11.RELEASE.jar:/home/user/.m2/repository/org/springframework/spring-core/5.2.11.RELEASE/spring-core-5.2.11.RELEASE.jar:/home/user/.m2/repository/org/springframework/spring-jcl/5.2.11.RELEASE/spring-jcl-5.2.11.RELEASE.jar:/home/user/.m2/repository/org/springframework/spring-tx/5.2.11.RELEASE/spring-tx-5.2.11.RELEASE.jar:/home/user/.m2/repository/org/apache/hadoop/hadoop-ozone-client/1.1.0-SNAPSHOT/hadoop-ozone-client-1.1.0-SNAPSHOT.jar:/home/user/.m2/repository/org/apache/hadoop/hadoop-ozone-filesystem/1.1.0-SNAPSHOT/hadoop-ozone-filesystem-1.1.0-SNAPSHOT.jar:/home/user/.m2/repository/org/apache/hadoop/hadoop-ozone-filesystem-common/1.1.0-SNAPSHOT/hadoop-ozone-filesystem-common-1.1.0-SNAPSHOT.jar:/home/user/.m2/repository/org/apache/hadoop/hadoop-ozone-tools/1.1.0-SNAPSHOT/hadoop-ozone-tools-1.1.0-SNAPSHOT.jar:/home/user/.m2/repository/org/apache/ratis/ratis-tools/1.1.0-913f5a4-SNAPSHOT/ratis-tools-1.1.0-913f5a4-SNAPSHOT.jar:/home/user/.m2/repository/org/apache/ratis/ratis-proto/1.1.0-913f5a4-SNAPSHOT/ratis-proto-1.1.0-913f5a4-SNAPSHOT.jar:/home/user/.m2/repository/org/apache/ratis/ratis-common/1.1.0-913f5a4-SNAPSHOT/ratis-common-1.1.0-913f5a4-SNAPSHOT.jar:/home/user/.m2/repository/com/amazonaws/aws-java-sdk-core/1.11.901/aws-java-sdk-core-1.11.901.jar:/home/user/.m2/repository/org/apache/httpcomponents/httpclient/4.5.13/httpclient-4.5.13.jar:/home/user/.m2/repository/org/apache/httpcomponents/httpcore/4.4.13/httpcore-4.4.13.jar:/home/user/.m2/repository/software/amazon/ion/ion-java/1.0.2/ion-java-1.0.2.jar:/home/user/.m2/repository/com/fasterxml/jackson/dataformat/jackson-dataformat-cbor/2.10.3/jackson-dataformat-cbor-2.10.3.jar:/home/user/.m2/repository/joda-time/joda-time/2.8.1/joda-time-2.8.1.jar:/home/user/.m2/repository/com/amazonaws/aws-java-sdk-s3/1.11.901/aws-java-sdk-s3-1.11.901.jar:/home/user/.m2/repository/com/amazonaws/aws-java-sdk-kms/1.11.901/aws-java-sdk-kms-1.11.901.jar:/home/user/.m2/repository/com/amazonaws/jmespath-java/1.11.901/jmespath-java-1.11.901.jar:/home/user/.m2/repository/org/kohsuke/metainf-services/metainf-services/1.8/metainf-services-1.8.jar:/home/user/.m2/repository/org/apache/hadoop/hadoop-hdds-tools/1.1.0-SNAPSHOT/hadoop-hdds-tools-1.1.0-SNAPSHOT.jar:/home/user/.m2/repository/commons-cli/commons-cli/1.2/commons-cli-1.2.jar:/home/user/.m2/repository/org/apache/commons/commons-lang3/3.7/commons-lang3-3.7.jar:/home/user/.m2/repository/org/apache/hadoop/hadoop-ozone-ozone-manager/1.1.0-SNAPSHOT/hadoop-ozone-ozone-manager-1.1.0-SNAPSHOT-tests.jar:/home/user/.m2/repository/org/apache/hadoop/hadoop-hdds-common/1.1.0-SNAPSHOT/hadoop-hdds-common-1.1.0-SNAPSHOT-tests.jar:/home/user/.m2/repository/org/apache/hadoop/hadoop-hdds-hadoop-dependency-client/1.1.0-SNAPSHOT/hadoop-hdds-hadoop-dependency-client-1.1.0-SNAPSHOT.jar:/home/user/.m2/repository/info/picocli/picocli/4.4.0/picocli-4.4.0.jar:/home/user/.m2/repository/com/fasterxml/jackson/core/jackson-annotations/2.10.3/jackson-annotations-2.10.3.jar:/home/user/.m2/repository/javax/annotation/javax.annotation-api/1.2/javax.annotation-api-1.2.jar:/home/user/.m2/repository/org/fusesource/leveldbjni/leveldbjni-all/1.8/leveldbjni-all-1.8.jar:/home/user/.m2/repository/org/apache/ratis/ratis-server/1.1.0-913f5a4-SNAPSHOT/ratis-server-1.1.0-913f5a4-SNAPSHOT.jar:/home/user/.m2/repository/org/apache/ratis/ratis-client/1.1.0-913f5a4-SNAPSHOT/ratis-client-1.1.0-913f5a4-SNAPSHOT.jar:/home/user/.m2/repository/org/apache/ratis/ratis-metrics/1.1.0-913f5a4-SNAPSHOT/ratis-metrics-1.1.0-913f5a4-SNAPSHOT.jar:/home/user/.m2/repository/org/apache/ratis/ratis-netty/1.1.0-913f5a4-SNAPSHOT/ratis-netty-1.1.0-913f5a4-SNAPSHOT.jar:/home/user/.m2/repository/org/apache/ratis/ratis-grpc/1.1.0-913f5a4-SNAPSHOT/ratis-grpc-1.1.0-913f5a4-SNAPSHOT.jar:/home/user/.m2/repository/org/apache/logging/log4j/log4j-api/2.13.3/log4j-api-2.13.3.jar:/home/user/.m2/repository/org/apache/logging/log4j/log4j-core/2.13.3/log4j-core-2.13.3.jar:/home/user/.m2/repository/com/lmax/disruptor/3.4.2/disruptor-3.4.2.jar:/home/user/.m2/repository/org/apache/commons/commons-pool2/2.6.0/commons-pool2-2.6.0.jar:/home/user/.m2/repository/org/bouncycastle/bcpkix-jdk15on/1.60/bcpkix-jdk15on-1.60.jar:/home/user/.m2/repository/commons-validator/commons-validator/1.6/commons-validator-1.6.jar:/home/user/.m2/repository/commons-beanutils/commons-beanutils/1.9.4/commons-beanutils-1.9.4.jar:/home/user/.m2/repository/commons-digester/commons-digester/1.8.1/commons-digester-1.8.1.jar:/home/user/.m2/repository/commons-collections/commons-collections/3.2.2/commons-collections-3.2.2.jar:/home/user/.m2/repository/io/jaegertracing/jaeger-client/1.2.0/jaeger-client-1.2.0.jar:/home/user/.m2/repository/io/jaegertracing/jaeger-thrift/1.2.0/jaeger-thrift-1.2.0.jar:/home/user/.m2/repository/org/apache/thrift/libthrift/0.13.0/libthrift-0.13.0.jar:/home/user/.m2/repository/com/squareup/okhttp3/okhttp/4.2.2/okhttp-4.2.2.jar:/home/user/.m2/repository/com/squareup/okio/okio/2.2.2/okio-2.2.2.jar:/home/user/.m2/repository/org/jetbrains/kotlin/kotlin-stdlib/1.3.50/kotlin-stdlib-1.3.50.jar:/home/user/.m2/repository/org/jetbrains/kotlin/kotlin-stdlib-common/1.3.50/kotlin-stdlib-common-1.3.50.jar:/home/user/.m2/repository/org/jetbrains/annotations/13.0/annotations-13.0.jar:/home/user/.m2/repository/io/jaegertracing/jaeger-core/1.2.0/jaeger-core-1.2.0.jar:/home/user/.m2/repository/io/jaegertracing/jaeger-tracerresolver/1.2.0/jaeger-tracerresolver-1.2.0.jar:/home/user/.m2/repository/io/opentracing/contrib/opentracing-tracerresolver/0.1.8/opentracing-tracerresolver-0.1.8.jar:/home/user/.m2/repository/io/opentracing/opentracing-util/0.33.0/opentracing-util-0.33.0.jar:/home/user/.m2/repository/io/opentracing/opentracing-api/0.33.0/opentracing-api-0.33.0.jar:/home/user/.m2/repository/io/opentracing/opentracing-noop/0.33.0/opentracing-noop-0.33.0.jar:/home/user/.m2/repository/org/yaml/snakeyaml/1.26/snakeyaml-1.26.jar:/home/user/.m2/repository/junit/junit/4.11/junit-4.11.jar:/home/user/.m2/repository/org/hamcrest/hamcrest-core/1.3/hamcrest-core-1.3.jar:/home/user/.m2/repository/org/openjdk/jmh/jmh-core/1.19/jmh-core-1.19.jar:/home/user/.m2/repository/net/sf/jopt-simple/jopt-simple/4.6/jopt-simple-4.6.jar:/home/user/.m2/repository/org/apache/commons/commons-math3/3.1.1/commons-math3-3.1.1.jar:/home/user/.m2/repository/org/openjdk/jmh/jmh-generator-annprocess/1.19/jmh-generator-annprocess-1.19.jar:/home/user/.m2/repository/org/mockito/mockito-all/1.8.5/mockito-all-1.8.5.jar:/home/user/.m2/repository/org/apache/hadoop/hadoop-kms/3.2.1/hadoop-kms-3.2.1.jar:/home/user/.m2/repository/org/apache/hadoop/hadoop-auth/3.2.1/hadoop-auth-3.2.1.jar:/home/user/.m2/repository/com/nimbusds/nimbus-jose-jwt/7.9/nimbus-jose-jwt-7.9.jar:/home/user/.m2/repository/com/github/stephenc/jcip/jcip-annotations/1.0-1/jcip-annotations-1.0-1.jar:/home/user/.m2/repository/net/minidev/json-smart/2.3/json-smart-2.3.jar:/home/user/.m2/repository/net/minidev/accessors-smart/1.2/accessors-smart-1.2.jar:/home/user/.m2/repository/org/ow2/asm/asm/5.0.4/asm-5.0.4.jar:/home/user/.m2/repository/org/apache/zookeeper/zookeeper/3.4.13/zookeeper-3.4.13.jar:/home/user/.m2/repository/org/apache/yetus/audience-annotations/0.5.0/audience-annotations-0.5.0.jar:/home/user/.m2/repository/org/apache/curator/curator-framework/2.13.0/curator-framework-2.13.0.jar:/home/user/.m2/repository/com/sun/jersey/jersey-core/1.19/jersey-core-1.19.jar:/home/user/.m2/repository/javax/ws/rs/jsr311-api/1.1.1/jsr311-api-1.1.1.jar:/home/user/.m2/repository/com/sun/jersey/jersey-server/1.19/jersey-server-1.19.jar:/home/user/.m2/repository/javax/servlet/javax.servlet-api/3.1.0/javax.servlet-api-3.1.0.jar:/home/user/.m2/repository/org/eclipse/jetty/jetty-server/9.4.34.v20201102/jetty-server-9.4.34.v20201102.jar:/home/user/.m2/repository/org/eclipse/jetty/jetty-http/9.4.34.v20201102/jetty-http-9.4.34.v20201102.jar:/home/user/.m2/repository/org/eclipse/jetty/jetty-io/9.4.34.v20201102/jetty-io-9.4.34.v20201102.jar:/home/user/.m2/repository/org/eclipse/jetty/jetty-webapp/9.4.34.v20201102/jetty-webapp-9.4.34.v20201102.jar:/home/user/.m2/repository/org/eclipse/jetty/jetty-xml/9.4.34.v20201102/jetty-xml-9.4.34.v20201102.jar:/home/user/.m2/repository/org/apache/hadoop/hadoop-common/3.2.1/hadoop-common-3.2.1.jar:/home/user/.m2/repository/commons-net/commons-net/3.6/commons-net-3.6.jar:/home/user/.m2/repository/com/sun/jersey/jersey-servlet/1.19/jersey-servlet-1.19.jar:/home/user/.m2/repository/com/sun/jersey/jersey-json/1.19/jersey-json-1.19.jar:/home/user/.m2/repository/org/codehaus/jettison/jettison/1.1/jettison-1.1.jar:/home/user/.m2/repository/org/codehaus/jackson/jackson-jaxrs/1.9.2/jackson-jaxrs-1.9.2.jar:/home/user/.m2/repository/org/codehaus/jackson/jackson-xc/1.9.2/jackson-xc-1.9.2.jar:/home/user/.m2/repository/org/apache/commons/commons-configuration2/2.1.1/commons-configuration2-2.1.1.jar:/home/user/.m2/repository/org/apache/commons/commons-text/1.4/commons-text-1.4.jar:/home/user/.m2/repository/com/google/re2j/re2j/1.1/re2j-1.1.jar:/home/user/.m2/repository/com/jcraft/jsch/0.1.54/jsch-0.1.54.jar:/home/user/.m2/repository/org/apache/curator/curator-client/2.13.0/curator-client-2.13.0.jar:/home/user/.m2/repository/org/apache/curator/curator-recipes/2.13.0/curator-recipes-2.13.0.jar:/home/user/.m2/repository/dnsjava/dnsjava/2.1.7/dnsjava-2.1.7.jar:/home/user/.m2/repository/org/slf4j/jul-to-slf4j/1.7.30/jul-to-slf4j-1.7.30.jar:/home/user/.m2/repository/org/eclipse/jetty/jetty-util/9.4.34.v20201102/jetty-util-9.4.34.v20201102.jar:/home/user/.m2/repository/com/fasterxml/jackson/core/jackson-databind/2.10.3/jackson-databind-2.10.3.jar:/home/user/.m2/repository/org/apache/hadoop/hadoop-kms/3.2.1/hadoop-kms-3.2.1-tests.jar:/home/user/.m2/repository/org/apache/hadoop/hadoop-hdds-server-scm/1.1.0-SNAPSHOT/hadoop-hdds-server-scm-1.1.0-SNAPSHOT-tests.jar:/home/user/.m2/repository/org/apache/hadoop/hadoop-hdds-container-service/1.1.0-SNAPSHOT/hadoop-hdds-container-service-1.1.0-SNAPSHOT-tests.jar:/home/user/.m2/repository/commons-codec/commons-codec/1.11/commons-codec-1.11.jar:/home/user/.m2/repository/org/apache/hadoop/hadoop-hdds-hadoop-dependency-test/1.1.0-SNAPSHOT/hadoop-hdds-hadoop-dependency-test-1.1.0-SNAPSHOT.jar:/home/user/.m2/repository/org/apache/hadoop/hadoop-common/3.2.1/hadoop-common-3.2.1-tests.jar:/home/user/.m2/repository/org/apache/hadoop/hadoop-hdfs/3.2.1/hadoop-hdfs-3.2.1-tests.jar:/home/user/.m2/repository/org/eclipse/jetty/jetty-util-ajax/9.4.34.v20201102/jetty-util-ajax-9.4.34.v20201102.jar:/home/user/.m2/repository/commons-daemon/commons-daemon/1.0.13/commons-daemon-1.0.13.jar:/home/user/.m2/repository/io/netty/netty/3.10.5.Final/netty-3.10.5.Final.jar:/home/user/.m2/repository/io/netty/netty-all/4.1.48.Final/netty-all-4.1.48.Final.jar:/home/user/.m2/repository/org/apache/htrace/htrace-core4/4.1.0-incubating/htrace-core4-4.1.0-incubating.jar:/home/user/.m2/repository/org/apache/hadoop/hadoop-distcp/3.2.1/hadoop-distcp-3.2.1.jar:/home/user/.m2/repository/org/apache/hadoop/hadoop-mapreduce-client-jobclient/3.2.1/hadoop-mapreduce-client-jobclient-3.2.1.jar:/home/user/.m2/repository/org/apache/hadoop/hadoop-mapreduce-client-common/3.2.1/hadoop-mapreduce-client-common-3.2.1.jar:/home/user/.m2/repository/org/apache/hadoop/hadoop-yarn-common/3.2.1/hadoop-yarn-common-3.2.1.jar:/home/user/.m2/repository/org/apache/hadoop/hadoop-yarn-api/3.2.1/hadoop-yarn-api-3.2.1.jar:/home/user/.m2/repository/com/sun/jersey/jersey-client/1.19/jersey-client-1.19.jar:/home/user/.m2/repository/com/sun/jersey/contribs/jersey-guice/1.19/jersey-guice-1.19.jar:/home/user/.m2/repository/com/fasterxml/jackson/jaxrs/jackson-jaxrs-json-provider/2.10.3/jackson-jaxrs-json-provider-2.10.3.jar:/home/user/.m2/repository/com/fasterxml/jackson/jaxrs/jackson-jaxrs-base/2.10.3/jackson-jaxrs-base-2.10.3.jar:/home/user/.m2/repository/org/apache/hadoop/hadoop-yarn-client/3.2.1/hadoop-yarn-client-3.2.1.jar:/home/user/.m2/repository/org/apache/hadoop/hadoop-mapreduce-client-core/3.2.1/hadoop-mapreduce-client-core-3.2.1.jar:/home/user/.m2/repository/org/apache/avro/avro/1.7.7/avro-1.7.7.jar:/home/user/.m2/repository/org/codehaus/jackson/jackson-core-asl/1.9.13/jackson-core-asl-1.9.13.jar:/home/user/.m2/repository/org/codehaus/jackson/jackson-mapper-asl/1.9.13/jackson-mapper-asl-1.9.13.jar:/home/user/.m2/repository/com/thoughtworks/paranamer/paranamer/2.3/paranamer-2.3.jar:/home/user/.m2/repository/org/xerial/snappy/snappy-java/1.0.5/snappy-java-1.0.5.jar:/home/user/.m2/repository/org/apache/hadoop/hadoop-annotations/3.2.1/hadoop-annotations-3.2.1.jar:/usr/lib/jvm/java-1.8.0-openjdk-1.8.0.232.b09-0.el7_7.x86_64/jre/../lib/tools.jar:/home/user/.m2/repository/org/apache/hadoop/hadoop-distcp/3.2.1/hadoop-distcp-3.2.1-tests.jar:"/>
    <property name="java.vm.vendor" value="Oracle Corporation"/>
    <property name="sun.arch.data.model" value="64"/>
    <property name="test.build.dir" value="/github/workspace/mnt/ozone/hadoop-ozone/integration-test/target/test-dir"/>
    <property name="test.cache.data" value=""/>
    <property name="java.vendor.url" value="http://java.oracle.com/"/>
    <property name="user.timezone" value=""/>
    <property name="java.vm.specification.version" value="1.8"/>
    <property name="os.name" value="Linux"/>
    <property name="test.build.data" value="/github/workspace/mnt/ozone/hadoop-ozone/integration-test/target/test-dir"/>
    <property name="user.country" value="US"/>
    <property name="sun.java.launcher" value="SUN_STANDARD"/>
    <property name="sun.boot.library.path" value="/usr/lib/jvm/java-1.8.0-openjdk-1.8.0.232.b09-0.el7_7.x86_64/jre/lib/amd64"/>
    <property name="sun.java.command" value="/github/workspace/mnt/ozone/hadoop-ozone/integration-test/target/surefire/surefirebooter5810418769186697345.jar /github/workspace/mnt/ozone/hadoop-ozone/integration-test/target/surefire 2020-12-11T11-54-55_074-jvmRun1 surefire1768316900300954850tmp surefire_16201097624938944868tmp"/>
    <property name="surefire.test.class.path" value="/github/workspace/mnt/ozone/hadoop-ozone/integration-test/target/test-classes:/github/workspace/mnt/ozone/hadoop-ozone/integration-test/target/classes:/home/user/.m2/repository/org/apache/hadoop/hadoop-ozone-common/1.1.0-SNAPSHOT/hadoop-ozone-common-1.1.0-SNAPSHOT.jar:/home/user/.m2/repository/org/apache/commons/commons-compress/1.4.1/commons-compress-1.4.1.jar:/home/user/.m2/repository/org/tukaani/xz/1.0/xz-1.0.jar:/home/user/.m2/repository/org/apache/hadoop/hadoop-hdds-common/1.1.0-SNAPSHOT/hadoop-hdds-common-1.1.0-SNAPSHOT.jar:/home/user/.m2/repository/org/apache/hadoop/hadoop-hdds-client/1.1.0-SNAPSHOT/hadoop-hdds-client-1.1.0-SNAPSHOT.jar:/home/user/.m2/repository/org/apache/hadoop/hadoop-ozone-interface-client/1.1.0-SNAPSHOT/hadoop-ozone-interface-client-1.1.0-SNAPSHOT.jar:/home/user/.m2/repository/org/apache/hadoop/hadoop-hdds-test-utils/1.1.0-SNAPSHOT/hadoop-hdds-test-utils-1.1.0-SNAPSHOT.jar:/home/user/.m2/repository/com/google/guava/guava/28.2-jre/guava-28.2-jre.jar:/home/user/.m2/repository/com/google/guava/failureaccess/1.0.1/failureaccess-1.0.1.jar:/home/user/.m2/repository/com/google/guava/listenablefuture/9999.0-empty-to-avoid-conflict-with-guava/listenablefuture-9999.0-empty-to-avoid-conflict-with-guava.jar:/home/user/.m2/repository/com/google/code/findbugs/jsr305/3.0.0/jsr305-3.0.0.jar:/home/user/.m2/repository/org/checkerframework/checker-qual/2.10.0/checker-qual-2.10.0.jar:/home/user/.m2/repository/com/google/errorprone/error_prone_annotations/2.2.0/error_prone_annotations-2.2.0.jar:/home/user/.m2/repository/com/google/j2objc/j2objc-annotations/1.3/j2objc-annotations-1.3.jar:/home/user/.m2/repository/commons-io/commons-io/2.5/commons-io-2.5.jar:/home/user/.m2/repository/commons-logging/commons-logging/1.2/commons-logging-1.2.jar:/home/user/.m2/repository/log4j/log4j/1.2.17/log4j-1.2.17.jar:/home/user/.m2/repository/org/slf4j/slf4j-api/1.7.30/slf4j-api-1.7.30.jar:/home/user/.m2/repository/org/apache/hadoop/hadoop-hdds-server-scm/1.1.0-SNAPSHOT/hadoop-hdds-server-scm-1.1.0-SNAPSHOT.jar:/home/user/.m2/repository/org/apache/hadoop/hadoop-hdds-container-service/1.1.0-SNAPSHOT/hadoop-hdds-container-service-1.1.0-SNAPSHOT.jar:/home/user/.m2/repository/org/apache/hadoop/hadoop-hdds-hadoop-dependency-server/1.1.0-SNAPSHOT/hadoop-hdds-hadoop-dependency-server-1.1.0-SNAPSHOT.jar:/home/user/.m2/repository/org/apache/hadoop/hadoop-hdfs/3.2.1/hadoop-hdfs-3.2.1.jar:/home/user/.m2/repository/org/apache/hadoop/hadoop-hdds-server-framework/1.1.0-SNAPSHOT/hadoop-hdds-server-framework-1.1.0-SNAPSHOT.jar:/home/user/.m2/repository/org/apache/hadoop/hadoop-hdds-interface-server/1.1.0-SNAPSHOT/hadoop-hdds-interface-server-1.1.0-SNAPSHOT.jar:/home/user/.m2/repository/org/apache/hadoop/hadoop-hdds-interface-admin/1.1.0-SNAPSHOT/hadoop-hdds-interface-admin-1.1.0-SNAPSHOT.jar:/home/user/.m2/repository/org/eclipse/jetty/jetty-servlet/9.4.34.v20201102/jetty-servlet-9.4.34.v20201102.jar:/home/user/.m2/repository/org/eclipse/jetty/jetty-security/9.4.34.v20201102/jetty-security-9.4.34.v20201102.jar:/home/user/.m2/repository/org/rocksdb/rocksdbjni/6.8.1/rocksdbjni-6.8.1.jar:/home/user/.m2/repository/io/prometheus/simpleclient_dropwizard/0.7.0/simpleclient_dropwizard-0.7.0.jar:/home/user/.m2/repository/io/prometheus/simpleclient/0.7.0/simpleclient-0.7.0.jar:/home/user/.m2/repository/io/prometheus/simpleclient_common/0.7.0/simpleclient_common-0.7.0.jar:/home/user/.m2/repository/com/fasterxml/jackson/datatype/jackson-datatype-jsr310/2.10.3/jackson-datatype-jsr310-2.10.3.jar:/home/user/.m2/repository/io/dropwizard/metrics/metrics-core/3.2.4/metrics-core-3.2.4.jar:/home/user/.m2/repository/org/apache/hadoop/hadoop-hdfs-client/3.2.1/hadoop-hdfs-client-3.2.1.jar:/home/user/.m2/repository/org/bouncycastle/bcprov-jdk15on/1.60/bcprov-jdk15on-1.60.jar:/home/user/.m2/repository/org/apache/hadoop/hadoop-ozone-ozone-manager/1.1.0-SNAPSHOT/hadoop-ozone-ozone-manager-1.1.0-SNAPSHOT.jar:/home/user/.m2/repository/org/apache/hadoop/hadoop-hdds-interface-client/1.1.0-SNAPSHOT/hadoop-hdds-interface-client-1.1.0-SNAPSHOT.jar:/home/user/.m2/repository/org/apache/ratis/ratis-thirdparty-misc/0.6.0-SNAPSHOT/ratis-thirdparty-misc-0.6.0-SNAPSHOT.jar:/home/user/.m2/repository/org/apache/hadoop/hadoop-ozone-interface-storage/1.1.0-SNAPSHOT/hadoop-ozone-interface-storage-1.1.0-SNAPSHOT.jar:/home/user/.m2/repository/org/apache/hadoop/hadoop-minikdc/3.2.1/hadoop-minikdc-3.2.1.jar:/home/user/.m2/repository/org/apache/kerby/kerb-simplekdc/1.0.1/kerb-simplekdc-1.0.1.jar:/home/user/.m2/repository/org/apache/kerby/kerb-client/1.0.1/kerb-client-1.0.1.jar:/home/user/.m2/repository/org/apache/kerby/kerby-config/1.0.1/kerby-config-1.0.1.jar:/home/user/.m2/repository/org/apache/kerby/kerb-core/1.0.1/kerb-core-1.0.1.jar:/home/user/.m2/repository/org/apache/kerby/kerby-pkix/1.0.1/kerby-pkix-1.0.1.jar:/home/user/.m2/repository/org/apache/kerby/kerby-asn1/1.0.1/kerby-asn1-1.0.1.jar:/home/user/.m2/repository/org/apache/kerby/kerby-util/1.0.1/kerby-util-1.0.1.jar:/home/user/.m2/repository/org/apache/kerby/kerb-common/1.0.1/kerb-common-1.0.1.jar:/home/user/.m2/repository/org/apache/kerby/kerb-crypto/1.0.1/kerb-crypto-1.0.1.jar:/home/user/.m2/repository/org/apache/kerby/kerb-util/1.0.1/kerb-util-1.0.1.jar:/home/user/.m2/repository/org/apache/kerby/token-provider/1.0.1/token-provider-1.0.1.jar:/home/user/.m2/repository/org/apache/kerby/kerb-admin/1.0.1/kerb-admin-1.0.1.jar:/home/user/.m2/repository/org/apache/kerby/kerb-server/1.0.1/kerb-server-1.0.1.jar:/home/user/.m2/repository/org/apache/kerby/kerb-identity/1.0.1/kerb-identity-1.0.1.jar:/home/user/.m2/repository/org/apache/kerby/kerby-xdr/1.0.1/kerby-xdr-1.0.1.jar:/home/user/.m2/repository/org/slf4j/slf4j-log4j12/1.7.30/slf4j-log4j12-1.7.30.jar:/home/user/.m2/repository/org/apache/hadoop/hadoop-ozone-s3gateway/1.1.0-SNAPSHOT/hadoop-ozone-s3gateway-1.1.0-SNAPSHOT.jar:/home/user/.m2/repository/org/jboss/weld/servlet/weld-servlet/2.4.7.Final/weld-servlet-2.4.7.Final.jar:/home/user/.m2/repository/org/glassfish/jersey/containers/jersey-container-servlet-core/2.27/jersey-container-servlet-core-2.27.jar:/home/user/.m2/repository/org/glassfish/hk2/external/javax.inject/2.5.0-b42/javax.inject-2.5.0-b42.jar:/home/user/.m2/repository/org/glassfish/jersey/core/jersey-common/2.27/jersey-common-2.27.jar:/home/user/.m2/repository/org/glassfish/hk2/osgi-resource-locator/1.0.1/osgi-resource-locator-1.0.1.jar:/home/user/.m2/repository/javax/ws/rs/javax.ws.rs-api/2.1/javax.ws.rs-api-2.1.jar:/home/user/.m2/repository/org/glassfish/jersey/ext/cdi/jersey-cdi1x/2.27/jersey-cdi1x-2.27.jar:/home/user/.m2/repository/org/glassfish/jersey/inject/jersey-hk2/2.27/jersey-hk2-2.27.jar:/home/user/.m2/repository/org/glassfish/hk2/hk2-locator/2.5.0-b42/hk2-locator-2.5.0-b42.jar:/home/user/.m2/repository/org/javassist/javassist/3.22.0-CR2/javassist-3.22.0-CR2.jar:/home/user/.m2/repository/org/glassfish/hk2/hk2-api/2.5.0/hk2-api-2.5.0.jar:/home/user/.m2/repository/org/glassfish/hk2/external/jakarta.inject/2.5.0/jakarta.inject-2.5.0.jar:/home/user/.m2/repository/org/glassfish/hk2/hk2-utils/2.5.0/hk2-utils-2.5.0.jar:/home/user/.m2/repository/jakarta/annotation/jakarta.annotation-api/1.3.4/jakarta.annotation-api-1.3.4.jar:/home/user/.m2/repository/org/glassfish/hk2/external/aopalliance-repackaged/2.5.0/aopalliance-repackaged-2.5.0.jar:/home/user/.m2/repository/com/fasterxml/jackson/dataformat/jackson-dataformat-xml/2.10.3/jackson-dataformat-xml-2.10.3.jar:/home/user/.m2/repository/com/fasterxml/jackson/core/jackson-core/2.10.3/jackson-core-2.10.3.jar:/home/user/.m2/repository/com/fasterxml/jackson/module/jackson-module-jaxb-annotations/2.10.3/jackson-module-jaxb-annotations-2.10.3.jar:/home/user/.m2/repository/jakarta/xml/bind/jakarta.xml.bind-api/2.3.2/jakarta.xml.bind-api-2.3.2.jar:/home/user/.m2/repository/jakarta/activation/jakarta.activation-api/1.2.1/jakarta.activation-api-1.2.1.jar:/home/user/.m2/repository/org/codehaus/woodstox/stax2-api/3.1.4/stax2-api-3.1.4.jar:/home/user/.m2/repository/com/fasterxml/woodstox/woodstox-core/5.0.3/woodstox-core-5.0.3.jar:/home/user/.m2/repository/javax/enterprise/cdi-api/1.2/cdi-api-1.2.jar:/home/user/.m2/repository/javax/el/javax.el-api/3.0.0/javax.el-api-3.0.0.jar:/home/user/.m2/repository/javax/interceptor/javax.interceptor-api/1.2/javax.interceptor-api-1.2.jar:/home/user/.m2/repository/javax/inject/javax.inject/1/javax.inject-1.jar:/home/user/.m2/repository/com/sun/xml/bind/jaxb-impl/2.3.0.1/jaxb-impl-2.3.0.1.jar:/home/user/.m2/repository/com/sun/xml/bind/jaxb-core/2.3.0.1/jaxb-core-2.3.0.1.jar:/home/user/.m2/repository/javax/xml/bind/jaxb-api/2.3.0/jaxb-api-2.3.0.jar:/home/user/.m2/repository/javax/activation/activation/1.1.1/activation-1.1.1.jar:/home/user/.m2/repository/org/apache/hadoop/hadoop-ozone-csi/1.1.0-SNAPSHOT/hadoop-ozone-csi-1.1.0-SNAPSHOT.jar:/home/user/.m2/repository/com/google/protobuf/protobuf-java-util/3.11.0/protobuf-java-util-3.11.0.jar:/home/user/.m2/repository/com/google/code/gson/gson/2.2.4/gson-2.2.4.jar:/home/user/.m2/repository/org/apache/hadoop/hadoop-hdds-config/1.1.0-SNAPSHOT/hadoop-hdds-config-1.1.0-SNAPSHOT.jar:/home/user/.m2/repository/com/google/protobuf/protobuf-java/2.5.0/protobuf-java-2.5.0.jar:/home/user/.m2/repository/io/grpc/grpc-netty/1.29.0/grpc-netty-1.29.0.jar:/home/user/.m2/repository/io/grpc/grpc-core/1.29.0/grpc-core-1.29.0.jar:/home/user/.m2/repository/com/google/android/annotations/4.1.1.4/annotations-4.1.1.4.jar:/home/user/.m2/repository/io/perfmark/perfmark-api/0.19.0/perfmark-api-0.19.0.jar:/home/user/.m2/repository/io/netty/netty-codec-http2/4.1.48.Final/netty-codec-http2-4.1.48.Final.jar:/home/user/.m2/repository/io/netty/netty-codec/4.1.48.Final/netty-codec-4.1.48.Final.jar:/home/user/.m2/repository/io/netty/netty-handler/4.1.48.Final/netty-handler-4.1.48.Final.jar:/home/user/.m2/repository/io/netty/netty-codec-http/4.1.48.Final/netty-codec-http-4.1.48.Final.jar:/home/user/.m2/repository/io/netty/netty-handler-proxy/4.1.48.Final/netty-handler-proxy-4.1.48.Final.jar:/home/user/.m2/repository/io/netty/netty-codec-socks/4.1.48.Final/netty-codec-socks-4.1.48.Final.jar:/home/user/.m2/repository/io/netty/netty-transport-native-epoll/4.1.48.Final/netty-transport-native-epoll-4.1.48.Final.jar:/home/user/.m2/repository/io/netty/netty-common/4.1.48.Final/netty-common-4.1.48.Final.jar:/home/user/.m2/repository/io/netty/netty-buffer/4.1.48.Final/netty-buffer-4.1.48.Final.jar:/home/user/.m2/repository/io/netty/netty-transport/4.1.48.Final/netty-transport-4.1.48.Final.jar:/home/user/.m2/repository/io/netty/netty-resolver/4.1.48.Final/netty-resolver-4.1.48.Final.jar:/home/user/.m2/repository/io/netty/netty-transport-native-unix-common/4.1.48.Final/netty-transport-native-unix-common-4.1.48.Final.jar:/home/user/.m2/repository/io/grpc/grpc-protobuf/1.29.0/grpc-protobuf-1.29.0.jar:/home/user/.m2/repository/io/grpc/grpc-api/1.29.0/grpc-api-1.29.0.jar:/home/user/.m2/repository/io/grpc/grpc-context/1.29.0/grpc-context-1.29.0.jar:/home/user/.m2/repository/org/codehaus/mojo/animal-sniffer-annotations/1.18/animal-sniffer-annotations-1.18.jar:/home/user/.m2/repository/com/google/api/grpc/proto-google-common-protos/1.17.0/proto-google-common-protos-1.17.0.jar:/home/user/.m2/repository/io/grpc/grpc-protobuf-lite/1.29.0/grpc-protobuf-lite-1.29.0.jar:/home/user/.m2/repository/io/grpc/grpc-stub/1.29.0/grpc-stub-1.29.0.jar:/home/user/.m2/repository/org/apache/hadoop/hadoop-ozone-recon/1.1.0-SNAPSHOT/hadoop-ozone-recon-1.1.0-SNAPSHOT.jar:/home/user/.m2/repository/org/apache/hadoop/hadoop-ozone-reconcodegen/1.1.0-SNAPSHOT/hadoop-ozone-reconcodegen-1.1.0-SNAPSHOT.jar:/home/user/.m2/repository/com/google/inject/extensions/guice-multibindings/4.0/guice-multibindings-4.0.jar:/home/user/.m2/repository/com/google/inject/guice/4.0/guice-4.0.jar:/home/user/.m2/repository/aopalliance/aopalliance/1.0/aopalliance-1.0.jar:/home/user/.m2/repository/com/google/inject/extensions/guice-assistedinject/4.0/guice-assistedinject-4.0.jar:/home/user/.m2/repository/com/google/inject/extensions/guice-servlet/4.0/guice-servlet-4.0.jar:/home/user/.m2/repository/org/glassfish/jersey/containers/jersey-container-servlet/2.27/jersey-container-servlet-2.27.jar:/home/user/.m2/repository/org/glassfish/hk2/guice-bridge/2.5.0/guice-bridge-2.5.0.jar:/home/user/.m2/repository/org/glassfish/jersey/core/jersey-server/2.27/jersey-server-2.27.jar:/home/user/.m2/repository/org/glassfish/jersey/core/jersey-client/2.27/jersey-client-2.27.jar:/home/user/.m2/repository/org/glassfish/jersey/media/jersey-media-jaxb/2.27/jersey-media-jaxb-2.27.jar:/home/user/.m2/repository/javax/validation/validation-api/1.1.0.Final/validation-api-1.1.0.Final.jar:/home/user/.m2/repository/org/glassfish/jersey/media/jersey-media-json-jackson/2.27/jersey-media-json-jackson-2.27.jar:/home/user/.m2/repository/org/glassfish/jersey/ext/jersey-entity-filtering/2.27/jersey-entity-filtering-2.27.jar:/home/user/.m2/repository/org/jooq/jooq/3.11.10/jooq-3.11.10.jar:/home/user/.m2/repository/org/jooq/jooq-meta/3.11.10/jooq-meta-3.11.10.jar:/home/user/.m2/repository/org/jooq/jooq-codegen/3.11.10/jooq-codegen-3.11.10.jar:/home/user/.m2/repository/com/jolbox/bonecp/0.8.0.RELEASE/bonecp-0.8.0.RELEASE.jar:/home/user/.m2/repository/org/apache/derby/derby/10.14.2.0/derby-10.14.2.0.jar:/home/user/.m2/repository/org/xerial/sqlite-jdbc/3.25.2/sqlite-jdbc-3.25.2.jar:/home/user/.m2/repository/org/springframework/spring-jdbc/5.2.11.RELEASE/spring-jdbc-5.2.11.RELEASE.jar:/home/user/.m2/repository/org/springframework/spring-beans/5.2.11.RELEASE/spring-beans-5.2.11.RELEASE.jar:/home/user/.m2/repository/org/springframework/spring-core/5.2.11.RELEASE/spring-core-5.2.11.RELEASE.jar:/home/user/.m2/repository/org/springframework/spring-jcl/5.2.11.RELEASE/spring-jcl-5.2.11.RELEASE.jar:/home/user/.m2/repository/org/springframework/spring-tx/5.2.11.RELEASE/spring-tx-5.2.11.RELEASE.jar:/home/user/.m2/repository/org/apache/hadoop/hadoop-ozone-client/1.1.0-SNAPSHOT/hadoop-ozone-client-1.1.0-SNAPSHOT.jar:/home/user/.m2/repository/org/apache/hadoop/hadoop-ozone-filesystem/1.1.0-SNAPSHOT/hadoop-ozone-filesystem-1.1.0-SNAPSHOT.jar:/home/user/.m2/repository/org/apache/hadoop/hadoop-ozone-filesystem-common/1.1.0-SNAPSHOT/hadoop-ozone-filesystem-common-1.1.0-SNAPSHOT.jar:/home/user/.m2/repository/org/apache/hadoop/hadoop-ozone-tools/1.1.0-SNAPSHOT/hadoop-ozone-tools-1.1.0-SNAPSHOT.jar:/home/user/.m2/repository/org/apache/ratis/ratis-tools/1.1.0-913f5a4-SNAPSHOT/ratis-tools-1.1.0-913f5a4-SNAPSHOT.jar:/home/user/.m2/repository/org/apache/ratis/ratis-proto/1.1.0-913f5a4-SNAPSHOT/ratis-proto-1.1.0-913f5a4-SNAPSHOT.jar:/home/user/.m2/repository/org/apache/ratis/ratis-common/1.1.0-913f5a4-SNAPSHOT/ratis-common-1.1.0-913f5a4-SNAPSHOT.jar:/home/user/.m2/repository/com/amazonaws/aws-java-sdk-core/1.11.901/aws-java-sdk-core-1.11.901.jar:/home/user/.m2/repository/org/apache/httpcomponents/httpclient/4.5.13/httpclient-4.5.13.jar:/home/user/.m2/repository/org/apache/httpcomponents/httpcore/4.4.13/httpcore-4.4.13.jar:/home/user/.m2/repository/software/amazon/ion/ion-java/1.0.2/ion-java-1.0.2.jar:/home/user/.m2/repository/com/fasterxml/jackson/dataformat/jackson-dataformat-cbor/2.10.3/jackson-dataformat-cbor-2.10.3.jar:/home/user/.m2/repository/joda-time/joda-time/2.8.1/joda-time-2.8.1.jar:/home/user/.m2/repository/com/amazonaws/aws-java-sdk-s3/1.11.901/aws-java-sdk-s3-1.11.901.jar:/home/user/.m2/repository/com/amazonaws/aws-java-sdk-kms/1.11.901/aws-java-sdk-kms-1.11.901.jar:/home/user/.m2/repository/com/amazonaws/jmespath-java/1.11.901/jmespath-java-1.11.901.jar:/home/user/.m2/repository/org/kohsuke/metainf-services/metainf-services/1.8/metainf-services-1.8.jar:/home/user/.m2/repository/org/apache/hadoop/hadoop-hdds-tools/1.1.0-SNAPSHOT/hadoop-hdds-tools-1.1.0-SNAPSHOT.jar:/home/user/.m2/repository/commons-cli/commons-cli/1.2/commons-cli-1.2.jar:/home/user/.m2/repository/org/apache/commons/commons-lang3/3.7/commons-lang3-3.7.jar:/home/user/.m2/repository/org/apache/hadoop/hadoop-ozone-ozone-manager/1.1.0-SNAPSHOT/hadoop-ozone-ozone-manager-1.1.0-SNAPSHOT-tests.jar:/home/user/.m2/repository/org/apache/hadoop/hadoop-hdds-common/1.1.0-SNAPSHOT/hadoop-hdds-common-1.1.0-SNAPSHOT-tests.jar:/home/user/.m2/repository/org/apache/hadoop/hadoop-hdds-hadoop-dependency-client/1.1.0-SNAPSHOT/hadoop-hdds-hadoop-dependency-client-1.1.0-SNAPSHOT.jar:/home/user/.m2/repository/info/picocli/picocli/4.4.0/picocli-4.4.0.jar:/home/user/.m2/repository/com/fasterxml/jackson/core/jackson-annotations/2.10.3/jackson-annotations-2.10.3.jar:/home/user/.m2/repository/javax/annotation/javax.annotation-api/1.2/javax.annotation-api-1.2.jar:/home/user/.m2/repository/org/fusesource/leveldbjni/leveldbjni-all/1.8/leveldbjni-all-1.8.jar:/home/user/.m2/repository/org/apache/ratis/ratis-server/1.1.0-913f5a4-SNAPSHOT/ratis-server-1.1.0-913f5a4-SNAPSHOT.jar:/home/user/.m2/repository/org/apache/ratis/ratis-client/1.1.0-913f5a4-SNAPSHOT/ratis-client-1.1.0-913f5a4-SNAPSHOT.jar:/home/user/.m2/repository/org/apache/ratis/ratis-metrics/1.1.0-913f5a4-SNAPSHOT/ratis-metrics-1.1.0-913f5a4-SNAPSHOT.jar:/home/user/.m2/repository/org/apache/ratis/ratis-netty/1.1.0-913f5a4-SNAPSHOT/ratis-netty-1.1.0-913f5a4-SNAPSHOT.jar:/home/user/.m2/repository/org/apache/ratis/ratis-grpc/1.1.0-913f5a4-SNAPSHOT/ratis-grpc-1.1.0-913f5a4-SNAPSHOT.jar:/home/user/.m2/repository/org/apache/logging/log4j/log4j-api/2.13.3/log4j-api-2.13.3.jar:/home/user/.m2/repository/org/apache/logging/log4j/log4j-core/2.13.3/log4j-core-2.13.3.jar:/home/user/.m2/repository/com/lmax/disruptor/3.4.2/disruptor-3.4.2.jar:/home/user/.m2/repository/org/apache/commons/commons-pool2/2.6.0/commons-pool2-2.6.0.jar:/home/user/.m2/repository/org/bouncycastle/bcpkix-jdk15on/1.60/bcpkix-jdk15on-1.60.jar:/home/user/.m2/repository/commons-validator/commons-validator/1.6/commons-validator-1.6.jar:/home/user/.m2/repository/commons-beanutils/commons-beanutils/1.9.4/commons-beanutils-1.9.4.jar:/home/user/.m2/repository/commons-digester/commons-digester/1.8.1/commons-digester-1.8.1.jar:/home/user/.m2/repository/commons-collections/commons-collections/3.2.2/commons-collections-3.2.2.jar:/home/user/.m2/repository/io/jaegertracing/jaeger-client/1.2.0/jaeger-client-1.2.0.jar:/home/user/.m2/repository/io/jaegertracing/jaeger-thrift/1.2.0/jaeger-thrift-1.2.0.jar:/home/user/.m2/repository/org/apache/thrift/libthrift/0.13.0/libthrift-0.13.0.jar:/home/user/.m2/repository/com/squareup/okhttp3/okhttp/4.2.2/okhttp-4.2.2.jar:/home/user/.m2/repository/com/squareup/okio/okio/2.2.2/okio-2.2.2.jar:/home/user/.m2/repository/org/jetbrains/kotlin/kotlin-stdlib/1.3.50/kotlin-stdlib-1.3.50.jar:/home/user/.m2/repository/org/jetbrains/kotlin/kotlin-stdlib-common/1.3.50/kotlin-stdlib-common-1.3.50.jar:/home/user/.m2/repository/org/jetbrains/annotations/13.0/annotations-13.0.jar:/home/user/.m2/repository/io/jaegertracing/jaeger-core/1.2.0/jaeger-core-1.2.0.jar:/home/user/.m2/repository/io/jaegertracing/jaeger-tracerresolver/1.2.0/jaeger-tracerresolver-1.2.0.jar:/home/user/.m2/repository/io/opentracing/contrib/opentracing-tracerresolver/0.1.8/opentracing-tracerresolver-0.1.8.jar:/home/user/.m2/repository/io/opentracing/opentracing-util/0.33.0/opentracing-util-0.33.0.jar:/home/user/.m2/repository/io/opentracing/opentracing-api/0.33.0/opentracing-api-0.33.0.jar:/home/user/.m2/repository/io/opentracing/opentracing-noop/0.33.0/opentracing-noop-0.33.0.jar:/home/user/.m2/repository/org/yaml/snakeyaml/1.26/snakeyaml-1.26.jar:/home/user/.m2/repository/junit/junit/4.11/junit-4.11.jar:/home/user/.m2/repository/org/hamcrest/hamcrest-core/1.3/hamcrest-core-1.3.jar:/home/user/.m2/repository/org/openjdk/jmh/jmh-core/1.19/jmh-core-1.19.jar:/home/user/.m2/repository/net/sf/jopt-simple/jopt-simple/4.6/jopt-simple-4.6.jar:/home/user/.m2/repository/org/apache/commons/commons-math3/3.1.1/commons-math3-3.1.1.jar:/home/user/.m2/repository/org/openjdk/jmh/jmh-generator-annprocess/1.19/jmh-generator-annprocess-1.19.jar:/home/user/.m2/repository/org/mockito/mockito-all/1.8.5/mockito-all-1.8.5.jar:/home/user/.m2/repository/org/apache/hadoop/hadoop-kms/3.2.1/hadoop-kms-3.2.1.jar:/home/user/.m2/repository/org/apache/hadoop/hadoop-auth/3.2.1/hadoop-auth-3.2.1.jar:/home/user/.m2/repository/com/nimbusds/nimbus-jose-jwt/7.9/nimbus-jose-jwt-7.9.jar:/home/user/.m2/repository/com/github/stephenc/jcip/jcip-annotations/1.0-1/jcip-annotations-1.0-1.jar:/home/user/.m2/repository/net/minidev/json-smart/2.3/json-smart-2.3.jar:/home/user/.m2/repository/net/minidev/accessors-smart/1.2/accessors-smart-1.2.jar:/home/user/.m2/repository/org/ow2/asm/asm/5.0.4/asm-5.0.4.jar:/home/user/.m2/repository/org/apache/zookeeper/zookeeper/3.4.13/zookeeper-3.4.13.jar:/home/user/.m2/repository/org/apache/yetus/audience-annotations/0.5.0/audience-annotations-0.5.0.jar:/home/user/.m2/repository/org/apache/curator/curator-framework/2.13.0/curator-framework-2.13.0.jar:/home/user/.m2/repository/com/sun/jersey/jersey-core/1.19/jersey-core-1.19.jar:/home/user/.m2/repository/javax/ws/rs/jsr311-api/1.1.1/jsr311-api-1.1.1.jar:/home/user/.m2/repository/com/sun/jersey/jersey-server/1.19/jersey-server-1.19.jar:/home/user/.m2/repository/javax/servlet/javax.servlet-api/3.1.0/javax.servlet-api-3.1.0.jar:/home/user/.m2/repository/org/eclipse/jetty/jetty-server/9.4.34.v20201102/jetty-server-9.4.34.v20201102.jar:/home/user/.m2/repository/org/eclipse/jetty/jetty-http/9.4.34.v20201102/jetty-http-9.4.34.v20201102.jar:/home/user/.m2/repository/org/eclipse/jetty/jetty-io/9.4.34.v20201102/jetty-io-9.4.34.v20201102.jar:/home/user/.m2/repository/org/eclipse/jetty/jetty-webapp/9.4.34.v20201102/jetty-webapp-9.4.34.v20201102.jar:/home/user/.m2/repository/org/eclipse/jetty/jetty-xml/9.4.34.v20201102/jetty-xml-9.4.34.v20201102.jar:/home/user/.m2/repository/org/apache/hadoop/hadoop-common/3.2.1/hadoop-common-3.2.1.jar:/home/user/.m2/repository/commons-net/commons-net/3.6/commons-net-3.6.jar:/home/user/.m2/repository/com/sun/jersey/jersey-servlet/1.19/jersey-servlet-1.19.jar:/home/user/.m2/repository/com/sun/jersey/jersey-json/1.19/jersey-json-1.19.jar:/home/user/.m2/repository/org/codehaus/jettison/jettison/1.1/jettison-1.1.jar:/home/user/.m2/repository/org/codehaus/jackson/jackson-jaxrs/1.9.2/jackson-jaxrs-1.9.2.jar:/home/user/.m2/repository/org/codehaus/jackson/jackson-xc/1.9.2/jackson-xc-1.9.2.jar:/home/user/.m2/repository/org/apache/commons/commons-configuration2/2.1.1/commons-configuration2-2.1.1.jar:/home/user/.m2/repository/org/apache/commons/commons-text/1.4/commons-text-1.4.jar:/home/user/.m2/repository/com/google/re2j/re2j/1.1/re2j-1.1.jar:/home/user/.m2/repository/com/jcraft/jsch/0.1.54/jsch-0.1.54.jar:/home/user/.m2/repository/org/apache/curator/curator-client/2.13.0/curator-client-2.13.0.jar:/home/user/.m2/repository/org/apache/curator/curator-recipes/2.13.0/curator-recipes-2.13.0.jar:/home/user/.m2/repository/dnsjava/dnsjava/2.1.7/dnsjava-2.1.7.jar:/home/user/.m2/repository/org/slf4j/jul-to-slf4j/1.7.30/jul-to-slf4j-1.7.30.jar:/home/user/.m2/repository/org/eclipse/jetty/jetty-util/9.4.34.v20201102/jetty-util-9.4.34.v20201102.jar:/home/user/.m2/repository/com/fasterxml/jackson/core/jackson-databind/2.10.3/jackson-databind-2.10.3.jar:/home/user/.m2/repository/org/apache/hadoop/hadoop-kms/3.2.1/hadoop-kms-3.2.1-tests.jar:/home/user/.m2/repository/org/apache/hadoop/hadoop-hdds-server-scm/1.1.0-SNAPSHOT/hadoop-hdds-server-scm-1.1.0-SNAPSHOT-tests.jar:/home/user/.m2/repository/org/apache/hadoop/hadoop-hdds-container-service/1.1.0-SNAPSHOT/hadoop-hdds-container-service-1.1.0-SNAPSHOT-tests.jar:/home/user/.m2/repository/commons-codec/commons-codec/1.11/commons-codec-1.11.jar:/home/user/.m2/repository/org/apache/hadoop/hadoop-hdds-hadoop-dependency-test/1.1.0-SNAPSHOT/hadoop-hdds-hadoop-dependency-test-1.1.0-SNAPSHOT.jar:/home/user/.m2/repository/org/apache/hadoop/hadoop-common/3.2.1/hadoop-common-3.2.1-tests.jar:/home/user/.m2/repository/org/apache/hadoop/hadoop-hdfs/3.2.1/hadoop-hdfs-3.2.1-tests.jar:/home/user/.m2/repository/org/eclipse/jetty/jetty-util-ajax/9.4.34.v20201102/jetty-util-ajax-9.4.34.v20201102.jar:/home/user/.m2/repository/commons-daemon/commons-daemon/1.0.13/commons-daemon-1.0.13.jar:/home/user/.m2/repository/io/netty/netty/3.10.5.Final/netty-3.10.5.Final.jar:/home/user/.m2/repository/io/netty/netty-all/4.1.48.Final/netty-all-4.1.48.Final.jar:/home/user/.m2/repository/org/apache/htrace/htrace-core4/4.1.0-incubating/htrace-core4-4.1.0-incubating.jar:/home/user/.m2/repository/org/apache/hadoop/hadoop-distcp/3.2.1/hadoop-distcp-3.2.1.jar:/home/user/.m2/repository/org/apache/hadoop/hadoop-mapreduce-client-jobclient/3.2.1/hadoop-mapreduce-client-jobclient-3.2.1.jar:/home/user/.m2/repository/org/apache/hadoop/hadoop-mapreduce-client-common/3.2.1/hadoop-mapreduce-client-common-3.2.1.jar:/home/user/.m2/repository/org/apache/hadoop/hadoop-yarn-common/3.2.1/hadoop-yarn-common-3.2.1.jar:/home/user/.m2/repository/org/apache/hadoop/hadoop-yarn-api/3.2.1/hadoop-yarn-api-3.2.1.jar:/home/user/.m2/repository/com/sun/jersey/jersey-client/1.19/jersey-client-1.19.jar:/home/user/.m2/repository/com/sun/jersey/contribs/jersey-guice/1.19/jersey-guice-1.19.jar:/home/user/.m2/repository/com/fasterxml/jackson/jaxrs/jackson-jaxrs-json-provider/2.10.3/jackson-jaxrs-json-provider-2.10.3.jar:/home/user/.m2/repository/com/fasterxml/jackson/jaxrs/jackson-jaxrs-base/2.10.3/jackson-jaxrs-base-2.10.3.jar:/home/user/.m2/repository/org/apache/hadoop/hadoop-yarn-client/3.2.1/hadoop-yarn-client-3.2.1.jar:/home/user/.m2/repository/org/apache/hadoop/hadoop-mapreduce-client-core/3.2.1/hadoop-mapreduce-client-core-3.2.1.jar:/home/user/.m2/repository/org/apache/avro/avro/1.7.7/avro-1.7.7.jar:/home/user/.m2/repository/org/codehaus/jackson/jackson-core-asl/1.9.13/jackson-core-asl-1.9.13.jar:/home/user/.m2/repository/org/codehaus/jackson/jackson-mapper-asl/1.9.13/jackson-mapper-asl-1.9.13.jar:/home/user/.m2/repository/com/thoughtworks/paranamer/paranamer/2.3/paranamer-2.3.jar:/home/user/.m2/repository/org/xerial/snappy/snappy-java/1.0.5/snappy-java-1.0.5.jar:/home/user/.m2/repository/org/apache/hadoop/hadoop-annotations/3.2.1/hadoop-annotations-3.2.1.jar:/usr/lib/jvm/java-1.8.0-openjdk-1.8.0.232.b09-0.el7_7.x86_64/jre/../lib/tools.jar:/home/user/.m2/repository/org/apache/hadoop/hadoop-distcp/3.2.1/hadoop-distcp-3.2.1-tests.jar:"/>
    <property name="sun.cpu.endian" value="little"/>
    <property name="user.home" value="/home/user"/>
    <property name="user.language" value="en"/>
    <property name="java.specification.vendor" value="Oracle Corporation"/>
    <property name="java.home" value="/usr/lib/jvm/java-1.8.0-openjdk-1.8.0.232.b09-0.el7_7.x86_64/jre"/>
    <property name="java.security.krb5.conf" value="/github/workspace/mnt/ozone/hadoop-ozone/integration-test/target/test-classes/krb5.conf"/>
    <property name="basedir" value="/github/workspace/mnt/ozone/hadoop-ozone/integration-test"/>
    <property name="file.separator" value="/"/>
    <property name="line.separator" value="&#10;"/>
    <property name="java.vm.specification.vendor" value="Oracle Corporation"/>
    <property name="java.specification.name" value="Java Platform API Specification"/>
    <property name="java.awt.graphicsenv" value="sun.awt.X11GraphicsEnvironment"/>
    <property name="skip.installnpx" value="true"/>
    <property name="surefire.real.class.path" value="/github/workspace/mnt/ozone/hadoop-ozone/integration-test/target/surefire/surefirebooter5810418769186697345.jar:/home/user/.m2/repository/org/jacoco/org.jacoco.agent/0.8.5/org.jacoco.agent-0.8.5-runtime.jar"/>
    <property name="hadoop.log.dir" value="/github/workspace/mnt/ozone/hadoop-ozone/integration-test/target/log"/>
    <property name="sun.boot.class.path" value="/usr/lib/jvm/java-1.8.0-openjdk-1.8.0.232.b09-0.el7_7.x86_64/jre/lib/resources.jar:/usr/lib/jvm/java-1.8.0-openjdk-1.8.0.232.b09-0.el7_7.x86_64/jre/lib/rt.jar:/usr/lib/jvm/java-1.8.0-openjdk-1.8.0.232.b09-0.el7_7.x86_64/jre/lib/sunrsasign.jar:/usr/lib/jvm/java-1.8.0-openjdk-1.8.0.232.b09-0.el7_7.x86_64/jre/lib/jsse.jar:/usr/lib/jvm/java-1.8.0-openjdk-1.8.0.232.b09-0.el7_7.x86_64/jre/lib/jce.jar:/usr/lib/jvm/java-1.8.0-openjdk-1.8.0.232.b09-0.el7_7.x86_64/jre/lib/charsets.jar:/usr/lib/jvm/java-1.8.0-openjdk-1.8.0.232.b09-0.el7_7.x86_64/jre/lib/jfr.jar:/usr/lib/jvm/java-1.8.0-openjdk-1.8.0.232.b09-0.el7_7.x86_64/jre/classes"/>
    <property name="sun.management.compiler" value="HotSpot 64-Bit Tiered Compilers"/>
    <property name="skip.npx" value="true"/>
    <property name="java.runtime.version" value="1.8.0_232-b09"/>
    <property name="java.net.preferIPv4Stack" value="true"/>
    <property name="user.name" value="jenkins1001"/>
    <property name="path.separator" value=":"/>
    <property name="java.security.egd" value="file:///dev/urandom"/>
    <property name="os.version" value="5.4.0-1031-azure"/>
    <property name="java.endorsed.dirs" value="/usr/lib/jvm/java-1.8.0-openjdk-1.8.0.232.b09-0.el7_7.x86_64/jre/lib/endorsed"/>
    <property name="java.runtime.name" value="OpenJDK Runtime Environment"/>
    <property name="file.encoding" value="ANSI_X3.4-1968"/>
    <property name="java.vm.name" value="OpenJDK 64-Bit Server VM"/>
    <property name="test.build.webapps" value=""/>
    <property name="localRepository" value="/home/user/.m2/repository"/>
    <property name="java.vendor.url.bug" value="http://bugreport.sun.com/bugreport/"/>
    <property name="java.io.tmpdir" value="/tmp"/>
    <property name="require.test.libhadoop" value=""/>
    <property name="java.version" value="1.8.0_232"/>
    <property name="user.dir" value="/github/workspace/mnt/ozone/hadoop-ozone/integration-test"/>
    <property name="os.arch" value="amd64"/>
    <property name="java.vm.specification.name" value="Java Virtual Machine Specification"/>
    <property name="test.build.classes" value="/github/workspace/mnt/ozone/hadoop-ozone/integration-test/target/test-classes"/>
    <property name="java.awt.printerjob" value="sun.print.PSPrinterJob"/>
    <property name="sun.os.patch.level" value="unknown"/>
    <property name="hadoop.tmp.dir" value="/github/workspace/mnt/ozone/hadoop-ozone/integration-test/target/tmp"/>
    <property name="java.library.path" value="/usr/lib:/usr/java/packages/lib/amd64:/usr/lib64:/lib64:/lib:/usr/lib"/>
    <property name="java.vm.info" value="mixed mode"/>
    <property name="java.vendor" value="Oracle Corporation"/>
    <property name="java.vm.version" value="25.232-b09"/>
    <property name="java.ext.dirs" value="/usr/lib/jvm/java-1.8.0-openjdk-1.8.0.232.b09-0.el7_7.x86_64/jre/lib/ext:/usr/java/packages/lib/ext"/>
    <property name="sun.io.unicode.encoding" value="UnicodeLittle"/>
    <property name="java.class.version" value="52.0"/>
  </properties>
  <testcase name="testWatchForCommitWithKeyWrite" classname="org.apache.hadoop.ozone.client.rpc.TestWatchForCommit" time="64.624"/>
  <testcase name="testWatchForCommitForRetryfailure" classname="org.apache.hadoop.ozone.client.rpc.TestWatchForCommit" time="73.789"/>
  <testcase name="testWatchForCommitForGroupMismatchException" classname="org.apache.hadoop.ozone.client.rpc.TestWatchForCommit" time="39.399">
    <error message="14058016-3fcf-4920-991e-a5361899d5d7: Group group-59B281828B58 not found." type="java.io.IOException">java.io.IOException: 14058016-3fcf-4920-991e-a5361899d5d7: Group group-59B281828B58 not found.
	at org.apache.hadoop.ozone.container.common.transport.server.ratis.XceiverServerRatis.removeGroup(XceiverServerRatis.java:774)
	at org.apache.hadoop.ozone.container.TestHelper.waitForPipelineClose(TestHelper.java:242)
	at org.apache.hadoop.ozone.client.rpc.TestWatchForCommit.testWatchForCommitForGroupMismatchException(TestWatchForCommit.java:353)
	at sun.reflect.NativeMethodAccessorImpl.invoke0(Native Method)
	at sun.reflect.NativeMethodAccessorImpl.invoke(NativeMethodAccessorImpl.java:62)
	at sun.reflect.DelegatingMethodAccessorImpl.invoke(DelegatingMethodAccessorImpl.java:43)
	at java.lang.reflect.Method.invoke(Method.java:498)
	at org.junit.runners.model.FrameworkMethod$1.runReflectiveCall(FrameworkMethod.java:47)
	at org.junit.internal.runners.model.ReflectiveCallable.run(ReflectiveCallable.java:12)
	at org.junit.runners.model.FrameworkMethod.invokeExplosively(FrameworkMethod.java:44)
	at org.junit.internal.runners.statements.InvokeMethod.evaluate(InvokeMethod.java:17)
	at org.junit.internal.runners.statements.RunBefores.evaluate(RunBefores.java:26)
	at org.junit.internal.runners.statements.RunAfters.evaluate(RunAfters.java:27)
	at org.junit.runners.ParentRunner.runLeaf(ParentRunner.java:271)
	at org.junit.runners.BlockJUnit4ClassRunner.runChild(BlockJUnit4ClassRunner.java:70)
	at org.junit.runners.BlockJUnit4ClassRunner.runChild(BlockJUnit4ClassRunner.java:50)
	at org.junit.runners.ParentRunner$3.run(ParentRunner.java:238)
	at org.junit.runners.ParentRunner$1.schedule(ParentRunner.java:63)
	at org.junit.runners.ParentRunner.runChildren(ParentRunner.java:236)
	at org.junit.runners.ParentRunner.access$000(ParentRunner.java:53)
	at org.junit.runners.ParentRunner$2.evaluate(ParentRunner.java:229)
	at org.junit.runners.ParentRunner.run(ParentRunner.java:309)
	at org.apache.maven.surefire.junit4.JUnit4Provider.execute(JUnit4Provider.java:365)
	at org.apache.maven.surefire.junit4.JUnit4Provider.executeWithRerun(JUnit4Provider.java:273)
	at org.apache.maven.surefire.junit4.JUnit4Provider.executeTestSet(JUnit4Provider.java:238)
	at org.apache.maven.surefire.junit4.JUnit4Provider.invoke(JUnit4Provider.java:159)
	at org.apache.maven.surefire.booter.ForkedBooter.invokeProviderInSameClassLoader(ForkedBooter.java:384)
	at org.apache.maven.surefire.booter.ForkedBooter.runSuitesInProcess(ForkedBooter.java:345)
	at org.apache.maven.surefire.booter.ForkedBooter.execute(ForkedBooter.java:126)
	at org.apache.maven.surefire.booter.ForkedBooter.main(ForkedBooter.java:418)
Caused by: org.apache.ratis.protocol.exceptions.GroupMismatchException: 14058016-3fcf-4920-991e-a5361899d5d7: Group group-59B281828B58 not found.
	at org.apache.ratis.server.impl.RaftServerProxy.groupRemoveAsync(RaftServerProxy.java:445)
	at org.apache.ratis.server.impl.RaftServerProxy.groupManagementAsync(RaftServerProxy.java:401)
	at org.apache.ratis.server.impl.RaftServerProxy.groupManagement(RaftServerProxy.java:381)
	at org.apache.hadoop.ozone.container.common.transport.server.ratis.XceiverServerRatis.removeGroup(XceiverServerRatis.java:772)
	... 29 more
</error>
    <system-out><![CDATA[2020-12-11 11:58:59,991 [Listener at 127.0.0.1/42023] WARN  server.ServerUtils (ServerUtils.java:getScmDbDir(148)) - ozone.scm.db.dirs is not configured. We recommend adding this setting. Falling back to ozone.metadata.dirs instead.
2020-12-11 11:58:59,994 [Listener at 127.0.0.1/42023] WARN  server.ServerUtils (ServerUtils.java:getScmDbDir(148)) - ozone.scm.db.dirs is not configured. We recommend adding this setting. Falling back to ozone.metadata.dirs instead.
2020-12-11 11:58:59,995 [Listener at 127.0.0.1/42023] WARN  db.DBStoreBuilder (DBStoreBuilder.java:applyDBDefinition(145)) - ozone.scm.db.dirs is not configured. We recommend adding this setting. Falling back to ozone.metadata.dirs instead.
2020-12-11 11:59:00,026 [Listener at 127.0.0.1/42023] INFO  net.NodeSchemaLoader (NodeSchemaLoader.java:loadSchemaFromFile(126)) - Loading file from sun.misc.CompoundEnumeration@24602d7a
2020-12-11 11:59:00,026 [Listener at 127.0.0.1/42023] INFO  net.NodeSchemaLoader (NodeSchemaLoader.java:loadSchema(172)) - Loading network topology layer schema file
2020-12-11 11:59:00,030 [Listener at 127.0.0.1/42023] INFO  node.SCMNodeManager (SCMNodeManager.java:<init>(123)) - Entering startup safe mode.
2020-12-11 11:59:00,030 [Listener at 127.0.0.1/42023] INFO  algorithms.ContainerPlacementPolicyFactory (ContainerPlacementPolicyFactory.java:getPolicy(60)) - Create container placement policy of type org.apache.hadoop.hdds.scm.container.placement.algorithms.SCMContainerPlacementRandom
2020-12-11 11:59:00,031 [Listener at 127.0.0.1/42023] INFO  algorithms.LeaderChoosePolicyFactory (LeaderChoosePolicyFactory.java:getPolicy(57)) - Create leader choose policy of type org.apache.hadoop.hdds.scm.pipeline.leader.choose.algorithms.DefaultLeaderChoosePolicy
2020-12-11 11:59:00,031 [Listener at 127.0.0.1/42023] INFO  pipeline.SCMPipelineManager (SCMPipelineManager.java:initializePipelineState(161)) - No pipeline exists in current db
2020-12-11 11:59:00,031 [Listener at 127.0.0.1/42023] INFO  algorithms.PipelineChoosePolicyFactory (PipelineChoosePolicyFactory.java:createPipelineChoosePolicyFromClass(75)) - Create pipeline choose policy of type org.apache.hadoop.hdds.scm.pipeline.choose.algorithms.RandomPipelineChoosePolicy
2020-12-11 11:59:00,033 [Listener at 127.0.0.1/42023] INFO  safemode.HealthyPipelineSafeModeRule (HealthyPipelineSafeModeRule.java:<init>(89)) - Total pipeline count is 0, healthy pipeline threshold count is 0
2020-12-11 11:59:00,033 [Listener at 127.0.0.1/42023] INFO  safemode.OneReplicaPipelineSafeModeRule (OneReplicaPipelineSafeModeRule.java:<init>(84)) - Total pipeline count is 0, pipeline's with at least one datanode reported threshold count is 0
2020-12-11 11:59:00,034 [Listener at 127.0.0.1/42023] INFO  ipc.CallQueueManager (CallQueueManager.java:<init>(84)) - Using callQueue: class java.util.concurrent.LinkedBlockingQueue, queueCapacity: 2000, scheduler: class org.apache.hadoop.ipc.DefaultRpcScheduler, ipcBackoff: false.
2020-12-11 11:59:00,043 [Socket Reader #1 for port 0] INFO  ipc.Server (Server.java:run(1219)) - Starting Socket Reader #1 for port 0
2020-12-11 11:59:00,044 [Listener at 0.0.0.0/32927] INFO  ipc.CallQueueManager (CallQueueManager.java:<init>(84)) - Using callQueue: class java.util.concurrent.LinkedBlockingQueue, queueCapacity: 2000, scheduler: class org.apache.hadoop.ipc.DefaultRpcScheduler, ipcBackoff: false.
2020-12-11 11:59:00,048 [Listener at 0.0.0.0/38667] INFO  ipc.CallQueueManager (CallQueueManager.java:<init>(84)) - Using callQueue: class java.util.concurrent.LinkedBlockingQueue, queueCapacity: 2000, scheduler: class org.apache.hadoop.ipc.DefaultRpcScheduler, ipcBackoff: false.
2020-12-11 11:59:00,049 [Socket Reader #1 for port 0] INFO  ipc.Server (Server.java:run(1219)) - Starting Socket Reader #1 for port 0
2020-12-11 11:59:00,050 [Socket Reader #1 for port 0] INFO  ipc.Server (Server.java:run(1219)) - Starting Socket Reader #1 for port 0
2020-12-11 11:59:00,054 [Listener at 0.0.0.0/34031] INFO  http.BaseHttpServer (BaseHttpServer.java:newHttpServer2BuilderForOzone(207)) - Starting Web-server for scm at: http://0.0.0.0:0
2020-12-11 11:59:00,054 [Listener at 0.0.0.0/34031] INFO  http.BaseHttpServer (BaseHttpServer.java:<init>(106)) - Hadoop Security Enabled: false Ozone Security Enabled: false Ozone HTTP Security Enabled: false 
2020-12-11 11:59:00,056 [Listener at 0.0.0.0/34031] INFO  server.AuthenticationFilter (AuthenticationFilter.java:constructSecretProvider(240)) - Unable to initialize FileSignerSecretProvider, falling back to use random secrets.
2020-12-11 11:59:00,059 [Listener at 0.0.0.0/34031] WARN  http.HttpRequestLog (HttpRequestLog.java:getRequestLog(103)) - Jetty request log can only be enabled using Log4j
2020-12-11 11:59:00,060 [Listener at 0.0.0.0/34031] INFO  http.HttpServer2 (HttpServer2.java:addGlobalFilter(1020)) - Added global filter 'safety' (class=org.apache.hadoop.hdds.server.http.HttpServer2$QuotingInputFilter)
2020-12-11 11:59:00,061 [Listener at 0.0.0.0/34031] INFO  http.HttpServer2 (HttpServer2.java:addFilter(996)) - Added filter static_user_filter (class=org.apache.hadoop.http.lib.StaticUserWebFilter$StaticUserFilter) to context scm
2020-12-11 11:59:00,061 [Listener at 0.0.0.0/34031] INFO  http.HttpServer2 (HttpServer2.java:addFilter(1004)) - Added filter static_user_filter (class=org.apache.hadoop.http.lib.StaticUserWebFilter$StaticUserFilter) to context logs
2020-12-11 11:59:00,061 [Listener at 0.0.0.0/34031] INFO  http.HttpServer2 (HttpServer2.java:addFilter(1004)) - Added filter static_user_filter (class=org.apache.hadoop.http.lib.StaticUserWebFilter$StaticUserFilter) to context static
2020-12-11 11:59:00,065 [Listener at 0.0.0.0/34031] INFO  server.StorageContainerManager (StorageContainerManager.java:start(789)) - StorageContainerLocationProtocol RPC server is listening at /0.0.0.0:34031
2020-12-11 11:59:00,067 [Listener at 0.0.0.0/34031] WARN  impl.MetricsConfig (MetricsConfig.java:loadFirst(134)) - Cannot locate configuration: tried hadoop-metrics2-storagecontainermanager.properties,hadoop-metrics2.properties
2020-12-11 11:59:00,070 [Listener at 0.0.0.0/34031] INFO  impl.MetricsSystemImpl (MetricsSystemImpl.java:startTimer(374)) - Scheduled Metric snapshot period at 10 second(s).
2020-12-11 11:59:00,071 [Listener at 0.0.0.0/34031] INFO  impl.MetricsSystemImpl (MetricsSystemImpl.java:start(191)) - StorageContainerManager metrics system started
2020-12-11 11:59:00,105 [Listener at 0.0.0.0/34031] WARN  impl.MetricsSystemImpl (MetricsSystemImpl.java:register(276)) - Sink prometheus already exists!
2020-12-11 11:59:00,113 [Listener at 0.0.0.0/34031] INFO  server.SCMClientProtocolServer (SCMClientProtocolServer.java:start(159)) - RPC server for Client  is listening at /0.0.0.0:34031
2020-12-11 11:59:00,114 [IPC Server Responder] INFO  ipc.Server (Server.java:run(1460)) - IPC Server Responder: starting
2020-12-11 11:59:00,114 [IPC Server listener on 0] INFO  ipc.Server (Server.java:run(1298)) - IPC Server listener on 0: starting
2020-12-11 11:59:00,122 [Listener at 0.0.0.0/34031] INFO  server.StorageContainerManager (StorageContainerManager.java:start(801)) - ScmBlockLocationProtocol RPC server is listening at /0.0.0.0:38667
2020-12-11 11:59:00,122 [Listener at 0.0.0.0/34031] INFO  server.SCMBlockProtocolServer (SCMBlockProtocolServer.java:start(150)) - RPC server for Block Protocol is listening at /0.0.0.0:38667
2020-12-11 11:59:00,122 [IPC Server Responder] INFO  ipc.Server (Server.java:run(1460)) - IPC Server Responder: starting
2020-12-11 11:59:00,124 [IPC Server listener on 0] INFO  ipc.Server (Server.java:run(1298)) - IPC Server listener on 0: starting
2020-12-11 11:59:00,130 [Listener at 0.0.0.0/34031] INFO  server.StorageContainerManager (StorageContainerManager.java:start(807)) - ScmDatanodeProtocl RPC server is listening at /0.0.0.0:32927
2020-12-11 11:59:00,131 [Listener at 0.0.0.0/34031] INFO  server.SCMDatanodeProtocolServer (SCMDatanodeProtocolServer.java:start(174)) - RPC server for DataNodes is listening at /0.0.0.0:32927
2020-12-11 11:59:00,131 [IPC Server Responder] INFO  ipc.Server (Server.java:run(1460)) - IPC Server Responder: starting
2020-12-11 11:59:00,136 [IPC Server listener on 0] INFO  ipc.Server (Server.java:run(1298)) - IPC Server listener on 0: starting
2020-12-11 11:59:00,144 [Listener at 0.0.0.0/34031] INFO  http.HttpServer2 (HttpServer2.java:bindListener(1238)) - Jetty bound to port 46273
2020-12-11 11:59:00,144 [Listener at 0.0.0.0/34031] INFO  server.Server (Server.java:doStart(375)) - jetty-9.4.34.v20201102; built: 2020-11-02T14:15:39.302Z; git: e46af88704a893fc12cb0e3bf46e2c7b48a009e7; jvm 1.8.0_232-b09
2020-12-11 11:59:00,146 [Listener at 0.0.0.0/34031] INFO  server.session (DefaultSessionIdManager.java:doStart(334)) - DefaultSessionIdManager workerName=node0
2020-12-11 11:59:00,146 [Listener at 0.0.0.0/34031] INFO  server.session (DefaultSessionIdManager.java:doStart(339)) - No SessionScavenger set, using defaults
2020-12-11 11:59:00,146 [Listener at 0.0.0.0/34031] INFO  server.session (HouseKeeper.java:startScavenging(132)) - node0 Scavenging every 660000ms
2020-12-11 11:59:00,147 [Listener at 0.0.0.0/34031] INFO  handler.ContextHandler (ContextHandler.java:doStart(916)) - Started o.e.j.s.ServletContextHandler@4a5939cb{logs,/logs,file:///github/workspace/mnt/ozone/hadoop-ozone/integration-test/target/log,AVAILABLE}
2020-12-11 11:59:00,147 [Listener at 0.0.0.0/34031] INFO  handler.ContextHandler (ContextHandler.java:doStart(916)) - Started o.e.j.s.ServletContextHandler@308508ec{static,/static,file:///github/workspace/mnt/ozone/hadoop-ozone/integration-test/target/test-classes/webapps/static,AVAILABLE}
2020-12-11 11:59:00,154 [Listener at 0.0.0.0/34031] INFO  handler.ContextHandler (ContextHandler.java:doStart(916)) - Started o.e.j.w.WebAppContext@176ba277{scm,/,file:///github/workspace/mnt/ozone/hadoop-ozone/integration-test/target/test-classes/webapps/scm/,AVAILABLE}{file:/github/workspace/mnt/ozone/hadoop-ozone/integration-test/target/test-classes/webapps/scm}
2020-12-11 11:59:00,156 [Listener at 0.0.0.0/34031] INFO  server.AbstractConnector (AbstractConnector.java:doStart(331)) - Started ServerConnector@5dc09bca{HTTP/1.1, (http/1.1)}{0.0.0.0:46273}
2020-12-11 11:59:00,156 [Listener at 0.0.0.0/34031] INFO  server.Server (Server.java:doStart(415)) - Started @139486ms
2020-12-11 11:59:00,156 [Listener at 0.0.0.0/34031] WARN  impl.MetricsSystemImpl (MetricsSystemImpl.java:register(276)) - Sink prometheus already exists!
2020-12-11 11:59:00,160 [Listener at 0.0.0.0/34031] INFO  http.BaseHttpServer (BaseHttpServer.java:updateConnectorAddress(327)) - HTTP server of scm listening at http://0.0.0.0:46273
2020-12-11 11:59:00,161 [Listener at 0.0.0.0/34031] WARN  server.ServerUtils (ServerUtils.java:getDBPath(225)) - ozone.om.db.dirs is not configured. We recommend adding this setting. Falling back to ozone.metadata.dirs instead.
2020-12-11 11:59:00,164 [org.apache.hadoop.util.JvmPauseMonitor$Monitor@2447e2e] INFO  util.JvmPauseMonitor (JvmPauseMonitor.java:run(188)) - Starting JVM pause monitor
2020-12-11 11:59:00,165 [Listener at 0.0.0.0/34031] INFO  ha.OMHANodeDetails (OMHANodeDetails.java:loadOMHAConfig(104)) - ozone.om.internal.service.id is not defined, falling back to ozone.om.service.ids to find serviceID for OzoneManager if it is HA enabled cluster
2020-12-11 11:59:00,165 [Listener at 0.0.0.0/34031] INFO  ha.OMHANodeDetails (OMHANodeDetails.java:loadOMHAConfig(213)) - Configuration either no ozone.om.address set. Falling back to the default OM address /127.0.0.1:0
2020-12-11 11:59:00,165 [Listener at 0.0.0.0/34031] INFO  ha.OMHANodeDetails (OMHANodeDetails.java:getOMNodeDetails(241)) - OM Service ID is not set. Setting it to the default ID: omServiceIdDefault
2020-12-11 11:59:00,165 [Listener at 0.0.0.0/34031] WARN  server.ServerUtils (ServerUtils.java:getDBPath(225)) - ozone.om.db.dirs is not configured. We recommend adding this setting. Falling back to ozone.metadata.dirs instead.
2020-12-11 11:59:00,166 [Listener at 0.0.0.0/34031] WARN  server.ServerUtils (ServerUtils.java:getDBPath(225)) - ozone.om.db.dirs is not configured. We recommend adding this setting. Falling back to ozone.metadata.dirs instead.
2020-12-11 11:59:00,178 [Listener at 0.0.0.0/34031] WARN  server.ServerUtils (ServerUtils.java:getDBPath(225)) - ozone.om.db.dirs is not configured. We recommend adding this setting. Falling back to ozone.metadata.dirs instead.
2020-12-11 11:59:00,178 [Listener at 0.0.0.0/34031] INFO  codec.OmKeyInfoCodec (OmKeyInfoCodec.java:<init>(41)) - OmKeyInfoCodec ignorePipeline = true
2020-12-11 11:59:00,179 [Listener at 0.0.0.0/34031] INFO  codec.RepeatedOmKeyInfoCodec (RepeatedOmKeyInfoCodec.java:<init>(40)) - RepeatedOmKeyInfoCodec ignorePipeline = true
2020-12-11 11:59:00,252 [Listener at 0.0.0.0/34031] INFO  om.OzoneManager (OzoneManager.java:addS3GVolumeToDB(3738)) - Created Volume s3v With Owner jenkins1001 required for S3Gateway operations.
2020-12-11 11:59:00,253 [Listener at 0.0.0.0/34031] INFO  ipc.CallQueueManager (CallQueueManager.java:<init>(84)) - Using callQueue: class java.util.concurrent.LinkedBlockingQueue, queueCapacity: 2000, scheduler: class org.apache.hadoop.ipc.DefaultRpcScheduler, ipcBackoff: false.
2020-12-11 11:59:00,254 [Socket Reader #1 for port 0] INFO  ipc.Server (Server.java:run(1219)) - Starting Socket Reader #1 for port 0
2020-12-11 11:59:00,270 [Listener at 127.0.0.1/32773] INFO  impl.MetricsSystemImpl (MetricsSystemImpl.java:init(158)) - OzoneManager metrics system started (again)
2020-12-11 11:59:00,271 [Listener at 127.0.0.1/32773] INFO  om.OzoneManager (OzoneManager.java:start(1146)) - OzoneManager RPC server is listening at localhost/127.0.0.1:32773
2020-12-11 11:59:00,276 [Listener at 127.0.0.1/32773] INFO  http.BaseHttpServer (BaseHttpServer.java:newHttpServer2BuilderForOzone(207)) - Starting Web-server for ozoneManager at: http://0.0.0.0:0
2020-12-11 11:59:00,276 [Listener at 127.0.0.1/32773] INFO  http.BaseHttpServer (BaseHttpServer.java:<init>(106)) - Hadoop Security Enabled: false Ozone Security Enabled: false Ozone HTTP Security Enabled: false 
2020-12-11 11:59:00,277 [Listener at 127.0.0.1/32773] INFO  server.AuthenticationFilter (AuthenticationFilter.java:constructSecretProvider(240)) - Unable to initialize FileSignerSecretProvider, falling back to use random secrets.
2020-12-11 11:59:00,278 [Listener at 127.0.0.1/32773] WARN  http.HttpRequestLog (HttpRequestLog.java:getRequestLog(103)) - Jetty request log can only be enabled using Log4j
2020-12-11 11:59:00,279 [Listener at 127.0.0.1/32773] INFO  http.HttpServer2 (HttpServer2.java:addGlobalFilter(1020)) - Added global filter 'safety' (class=org.apache.hadoop.hdds.server.http.HttpServer2$QuotingInputFilter)
2020-12-11 11:59:00,279 [Listener at 127.0.0.1/32773] INFO  http.HttpServer2 (HttpServer2.java:addFilter(996)) - Added filter static_user_filter (class=org.apache.hadoop.http.lib.StaticUserWebFilter$StaticUserFilter) to context ozoneManager
2020-12-11 11:59:00,279 [Listener at 127.0.0.1/32773] INFO  http.HttpServer2 (HttpServer2.java:addFilter(1004)) - Added filter static_user_filter (class=org.apache.hadoop.http.lib.StaticUserWebFilter$StaticUserFilter) to context static
2020-12-11 11:59:00,280 [Listener at 127.0.0.1/32773] INFO  http.HttpServer2 (HttpServer2.java:addFilter(1004)) - Added filter static_user_filter (class=org.apache.hadoop.http.lib.StaticUserWebFilter$StaticUserFilter) to context logs
2020-12-11 11:59:00,280 [Listener at 127.0.0.1/32773] INFO  http.HttpServer2 (HttpServer2.java:bindListener(1238)) - Jetty bound to port 36887
2020-12-11 11:59:00,280 [Listener at 127.0.0.1/32773] INFO  server.Server (Server.java:doStart(375)) - jetty-9.4.34.v20201102; built: 2020-11-02T14:15:39.302Z; git: e46af88704a893fc12cb0e3bf46e2c7b48a009e7; jvm 1.8.0_232-b09
2020-12-11 11:59:00,282 [Listener at 127.0.0.1/32773] INFO  server.session (DefaultSessionIdManager.java:doStart(334)) - DefaultSessionIdManager workerName=node0
2020-12-11 11:59:00,282 [Listener at 127.0.0.1/32773] INFO  server.session (DefaultSessionIdManager.java:doStart(339)) - No SessionScavenger set, using defaults
2020-12-11 11:59:00,283 [Listener at 127.0.0.1/32773] INFO  server.session (HouseKeeper.java:startScavenging(132)) - node0 Scavenging every 600000ms
2020-12-11 11:59:00,283 [Listener at 127.0.0.1/32773] INFO  handler.ContextHandler (ContextHandler.java:doStart(916)) - Started o.e.j.s.ServletContextHandler@3b5cf4c6{logs,/logs,file:///github/workspace/mnt/ozone/hadoop-ozone/integration-test/target/log,AVAILABLE}
2020-12-11 11:59:00,284 [Listener at 127.0.0.1/32773] INFO  handler.ContextHandler (ContextHandler.java:doStart(916)) - Started o.e.j.s.ServletContextHandler@4c775b94{static,/static,file:///github/workspace/mnt/ozone/hadoop-ozone/integration-test/target/test-classes/webapps/static,AVAILABLE}
2020-12-11 11:59:00,287 [Listener at 127.0.0.1/32773] INFO  handler.ContextHandler (ContextHandler.java:doStart(916)) - Started o.e.j.w.WebAppContext@1267fcea{ozoneManager,/,file:///github/workspace/mnt/ozone/hadoop-ozone/integration-test/target/test-classes/webapps/ozoneManager/,AVAILABLE}{file:/github/workspace/mnt/ozone/hadoop-ozone/integration-test/target/test-classes/webapps/ozoneManager}
2020-12-11 11:59:00,288 [Listener at 127.0.0.1/32773] INFO  server.AbstractConnector (AbstractConnector.java:doStart(331)) - Started ServerConnector@1fbe8592{HTTP/1.1, (http/1.1)}{0.0.0.0:36887}
2020-12-11 11:59:00,288 [Listener at 127.0.0.1/32773] INFO  server.Server (Server.java:doStart(415)) - Started @139618ms
2020-12-11 11:59:00,288 [Listener at 127.0.0.1/32773] WARN  impl.MetricsSystemImpl (MetricsSystemImpl.java:register(276)) - Sink prometheus already exists!
2020-12-11 11:59:00,292 [Listener at 127.0.0.1/32773] INFO  http.BaseHttpServer (BaseHttpServer.java:updateConnectorAddress(327)) - HTTP server of ozoneManager listening at http://0.0.0.0:36887
2020-12-11 11:59:00,292 [IPC Server Responder] INFO  ipc.Server (Server.java:run(1460)) - IPC Server Responder: starting
2020-12-11 11:59:00,292 [IPC Server listener on 0] INFO  ipc.Server (Server.java:run(1298)) - IPC Server listener on 0: starting
2020-12-11 11:59:00,300 [Listener at 127.0.0.1/32773] INFO  om.OzoneManager (OzoneManager.java:startTrashEmptier(1271)) - Trash Interval set to 0. Files deleted will not move to trash
2020-12-11 11:59:00,323 [org.apache.hadoop.util.JvmPauseMonitor$Monitor@6dd65379] INFO  util.JvmPauseMonitor (JvmPauseMonitor.java:run(188)) - Starting JVM pause monitor
2020-12-11 11:59:00,352 [Listener at 127.0.0.1/32773] INFO  impl.MetricsSystemImpl (MetricsSystemImpl.java:init(158)) - HddsDatanode metrics system started (again)
2020-12-11 11:59:00,357 [Listener at 127.0.0.1/32773] INFO  ozone.HddsDatanodeService (HddsDatanodeService.java:start(217)) - HddsDatanodeService host:302fe02fdb76 ip:172.17.0.2
2020-12-11 11:59:00,359 [Listener at 127.0.0.1/32773] INFO  volume.HddsVolume (HddsVolume.java:<init>(176)) - Creating Volume: /github/workspace/mnt/ozone/hadoop-ozone/integration-test/target/test-dir/MiniOzoneClusterImpl-9e77629d-1495-4101-8eb0-46d1fa4d7a32/datanode-0/data-0/containers/hdds of storage type : DISK and capacity : 9223372036854775807
2020-12-11 11:59:00,359 [Listener at 127.0.0.1/32773] INFO  volume.MutableVolumeSet (MutableVolumeSet.java:initializeVolumeSet(179)) - Added Volume : /github/workspace/mnt/ozone/hadoop-ozone/integration-test/target/test-dir/MiniOzoneClusterImpl-9e77629d-1495-4101-8eb0-46d1fa4d7a32/datanode-0/data-0/containers/hdds to VolumeSet
2020-12-11 11:59:00,359 [Listener at 127.0.0.1/32773] INFO  volume.ThrottledAsyncChecker (ThrottledAsyncChecker.java:schedule(141)) - Scheduling a check for /github/workspace/mnt/ozone/hadoop-ozone/integration-test/target/test-dir/MiniOzoneClusterImpl-9e77629d-1495-4101-8eb0-46d1fa4d7a32/datanode-0/data-0/containers/hdds
2020-12-11 11:59:00,360 [Listener at 127.0.0.1/32773] INFO  volume.HddsVolumeChecker (HddsVolumeChecker.java:checkAllVolumes(200)) - Scheduled health check for volume /github/workspace/mnt/ozone/hadoop-ozone/integration-test/target/test-dir/MiniOzoneClusterImpl-9e77629d-1495-4101-8eb0-46d1fa4d7a32/datanode-0/data-0/containers/hdds
2020-12-11 11:59:00,374 [Thread-1163] INFO  ozoneimpl.ContainerReader (ContainerReader.java:readVolume(123)) - Start to verify containers on volume /github/workspace/mnt/ozone/hadoop-ozone/integration-test/target/test-dir/MiniOzoneClusterImpl-9e77629d-1495-4101-8eb0-46d1fa4d7a32/datanode-0/data-0/containers/hdds
2020-12-11 11:59:00,375 [Thread-1163] INFO  ozoneimpl.ContainerReader (ContainerReader.java:readVolume(148)) - Finish verifying containers on volume /github/workspace/mnt/ozone/hadoop-ozone/integration-test/target/test-dir/MiniOzoneClusterImpl-9e77629d-1495-4101-8eb0-46d1fa4d7a32/datanode-0/data-0/containers/hdds
2020-12-11 11:59:00,375 [Listener at 127.0.0.1/32773] INFO  ozoneimpl.OzoneContainer (OzoneContainer.java:buildContainerSet(194)) - Build ContainerSet costs 0s
2020-12-11 11:59:00,376 [Listener at 127.0.0.1/32773] INFO  impl.RaftServerProxy (ConfUtils.java:logGet(44)) - raft.rpc.type = GRPC (default)
2020-12-11 11:59:00,377 [Listener at 127.0.0.1/32773] INFO  grpc.GrpcFactory (GrpcFactory.java:checkPooledByteBufAllocatorUseCacheForAllThreads(45)) - PERFORMANCE WARNING: useCacheForAllThreads is true that may cause Netty to create a lot garbage objects and, as a result, trigger GC.
	It is recommended to disable useCacheForAllThreads by setting -Dorg.apache.ratis.thirdparty.io.netty.allocator.useCacheForAllThreads=false in command line.
2020-12-11 11:59:00,377 [Listener at 127.0.0.1/32773] INFO  grpc.GrpcConfigKeys (ConfUtils.java:logGet(44)) - raft.grpc.server.port = 0 (default)
2020-12-11 11:59:00,377 [Listener at 127.0.0.1/32773] INFO  server.GrpcService (ConfUtils.java:logGet(44)) - raft.grpc.message.size.max = 32MB (=33554432) (custom)
2020-12-11 11:59:00,377 [Listener at 127.0.0.1/32773] INFO  server.RaftServerConfigKeys (ConfUtils.java:logGet(44)) - raft.server.log.appender.buffer.byte-limit = 33554432 (custom)
2020-12-11 11:59:00,377 [Listener at 127.0.0.1/32773] INFO  server.GrpcService (ConfUtils.java:logGet(44)) - raft.grpc.flow.control.window = 5MB (=5242880) (custom)
2020-12-11 11:59:00,378 [Listener at 127.0.0.1/32773] INFO  server.RaftServerConfigKeys (ConfUtils.java:logGet(44)) - raft.server.rpc.request.timeout = 3000ms (default)
2020-12-11 11:59:00,379 [Listener at 127.0.0.1/32773] INFO  impl.DataStreamServerImpl (ConfUtils.java:logGet(44)) - raft.datastream.type = DISABLED (default)
2020-12-11 11:59:00,379 [Listener at 127.0.0.1/32773] INFO  server.RaftServerConfigKeys (ConfUtils.java:logGet(44)) - raft.server.storage.dir = [/github/workspace/mnt/ozone/hadoop-ozone/integration-test/target/test-dir/MiniOzoneClusterImpl-9e77629d-1495-4101-8eb0-46d1fa4d7a32/datanode-0/data/ratis] (custom)
2020-12-11 11:59:00,385 [Listener at 127.0.0.1/32773] INFO  http.BaseHttpServer (BaseHttpServer.java:newHttpServer2BuilderForOzone(207)) - Starting Web-server for hddsDatanode at: http://0.0.0.0:0
2020-12-11 11:59:00,385 [Listener at 127.0.0.1/32773] INFO  http.BaseHttpServer (BaseHttpServer.java:<init>(106)) - Hadoop Security Enabled: false Ozone Security Enabled: false Ozone HTTP Security Enabled: false 
2020-12-11 11:59:00,386 [Listener at 127.0.0.1/32773] INFO  server.AuthenticationFilter (AuthenticationFilter.java:constructSecretProvider(240)) - Unable to initialize FileSignerSecretProvider, falling back to use random secrets.
2020-12-11 11:59:00,386 [Listener at 127.0.0.1/32773] WARN  http.HttpRequestLog (HttpRequestLog.java:getRequestLog(103)) - Jetty request log can only be enabled using Log4j
2020-12-11 11:59:00,387 [Listener at 127.0.0.1/32773] INFO  http.HttpServer2 (HttpServer2.java:addGlobalFilter(1020)) - Added global filter 'safety' (class=org.apache.hadoop.hdds.server.http.HttpServer2$QuotingInputFilter)
2020-12-11 11:59:00,388 [Listener at 127.0.0.1/32773] INFO  http.HttpServer2 (HttpServer2.java:addFilter(996)) - Added filter static_user_filter (class=org.apache.hadoop.http.lib.StaticUserWebFilter$StaticUserFilter) to context hddsDatanode
2020-12-11 11:59:00,388 [Listener at 127.0.0.1/32773] INFO  http.HttpServer2 (HttpServer2.java:addFilter(1004)) - Added filter static_user_filter (class=org.apache.hadoop.http.lib.StaticUserWebFilter$StaticUserFilter) to context logs
2020-12-11 11:59:00,388 [Listener at 127.0.0.1/32773] INFO  http.HttpServer2 (HttpServer2.java:addFilter(1004)) - Added filter static_user_filter (class=org.apache.hadoop.http.lib.StaticUserWebFilter$StaticUserFilter) to context static
2020-12-11 11:59:00,388 [Listener at 127.0.0.1/32773] INFO  http.HttpServer2 (HttpServer2.java:bindListener(1238)) - Jetty bound to port 33169
2020-12-11 11:59:00,389 [Listener at 127.0.0.1/32773] INFO  server.Server (Server.java:doStart(375)) - jetty-9.4.34.v20201102; built: 2020-11-02T14:15:39.302Z; git: e46af88704a893fc12cb0e3bf46e2c7b48a009e7; jvm 1.8.0_232-b09
2020-12-11 11:59:00,390 [Listener at 127.0.0.1/32773] INFO  server.session (DefaultSessionIdManager.java:doStart(334)) - DefaultSessionIdManager workerName=node0
2020-12-11 11:59:00,390 [Listener at 127.0.0.1/32773] INFO  server.session (DefaultSessionIdManager.java:doStart(339)) - No SessionScavenger set, using defaults
2020-12-11 11:59:00,391 [Listener at 127.0.0.1/32773] INFO  server.session (HouseKeeper.java:startScavenging(132)) - node0 Scavenging every 600000ms
2020-12-11 11:59:00,391 [Listener at 127.0.0.1/32773] INFO  handler.ContextHandler (ContextHandler.java:doStart(916)) - Started o.e.j.s.ServletContextHandler@3e94fc76{logs,/logs,file:///github/workspace/mnt/ozone/hadoop-ozone/integration-test/target/log,AVAILABLE}
2020-12-11 11:59:00,392 [Listener at 127.0.0.1/32773] INFO  handler.ContextHandler (ContextHandler.java:doStart(916)) - Started o.e.j.s.ServletContextHandler@2e145f7b{static,/static,jar:file:/home/user/.m2/repository/org/apache/hadoop/hadoop-hdds-container-service/1.1.0-SNAPSHOT/hadoop-hdds-container-service-1.1.0-SNAPSHOT.jar!/webapps/static,AVAILABLE}
2020-12-11 11:59:00,574 [Listener at 127.0.0.1/32773] INFO  handler.ContextHandler (ContextHandler.java:doStart(916)) - Started o.e.j.w.WebAppContext@5324647{hddsDatanode,/,file:///tmp/jetty-0_0_0_0-33169-hadoop-hdds-container-service-1_1_0-SNAPSHOT_jar-_-any-4440832585183876847/webapp/,AVAILABLE}{jar:file:/home/user/.m2/repository/org/apache/hadoop/hadoop-hdds-container-service/1.1.0-SNAPSHOT/hadoop-hdds-container-service-1.1.0-SNAPSHOT.jar!/webapps/hddsDatanode}
2020-12-11 11:59:00,575 [Listener at 127.0.0.1/32773] INFO  server.AbstractConnector (AbstractConnector.java:doStart(331)) - Started ServerConnector@49f4de0e{HTTP/1.1, (http/1.1)}{0.0.0.0:33169}
2020-12-11 11:59:00,575 [Listener at 127.0.0.1/32773] INFO  server.Server (Server.java:doStart(415)) - Started @139905ms
2020-12-11 11:59:00,575 [Listener at 127.0.0.1/32773] WARN  impl.MetricsSystemImpl (MetricsSystemImpl.java:register(276)) - Sink prometheus already exists!
2020-12-11 11:59:00,580 [Listener at 127.0.0.1/32773] INFO  http.BaseHttpServer (BaseHttpServer.java:updateConnectorAddress(327)) - HTTP server of hddsDatanode listening at http://0.0.0.0:33169
2020-12-11 11:59:00,584 [Listener at 127.0.0.1/32773] INFO  impl.MetricsSystemImpl (MetricsSystemImpl.java:init(158)) - HddsDatanode metrics system started (again)
2020-12-11 11:59:00,586 [org.apache.hadoop.util.JvmPauseMonitor$Monitor@3c2226a8] INFO  util.JvmPauseMonitor (JvmPauseMonitor.java:run(188)) - Starting JVM pause monitor
2020-12-11 11:59:00,586 [Listener at 127.0.0.1/32773] INFO  ozone.HddsDatanodeService (HddsDatanodeService.java:start(217)) - HddsDatanodeService host:302fe02fdb76 ip:172.17.0.2
2020-12-11 11:59:00,587 [Datanode State Machine Task Thread - 0] INFO  datanode.InitDatanodeState (InitDatanodeState.java:persistContainerDatanodeDetails(145)) - DatanodeDetails is persisted to /github/workspace/mnt/ozone/hadoop-ozone/integration-test/target/test-dir/MiniOzoneClusterImpl-9e77629d-1495-4101-8eb0-46d1fa4d7a32/datanode-0/meta/datanode.id
2020-12-11 11:59:00,589 [Listener at 127.0.0.1/32773] INFO  volume.HddsVolume (HddsVolume.java:<init>(176)) - Creating Volume: /github/workspace/mnt/ozone/hadoop-ozone/integration-test/target/test-dir/MiniOzoneClusterImpl-9e77629d-1495-4101-8eb0-46d1fa4d7a32/datanode-1/data-0/containers/hdds of storage type : DISK and capacity : 9223372036854775807
2020-12-11 11:59:00,589 [Listener at 127.0.0.1/32773] INFO  volume.MutableVolumeSet (MutableVolumeSet.java:initializeVolumeSet(179)) - Added Volume : /github/workspace/mnt/ozone/hadoop-ozone/integration-test/target/test-dir/MiniOzoneClusterImpl-9e77629d-1495-4101-8eb0-46d1fa4d7a32/datanode-1/data-0/containers/hdds to VolumeSet
2020-12-11 11:59:00,589 [Listener at 127.0.0.1/32773] INFO  volume.ThrottledAsyncChecker (ThrottledAsyncChecker.java:schedule(141)) - Scheduling a check for /github/workspace/mnt/ozone/hadoop-ozone/integration-test/target/test-dir/MiniOzoneClusterImpl-9e77629d-1495-4101-8eb0-46d1fa4d7a32/datanode-1/data-0/containers/hdds
2020-12-11 11:59:00,590 [Listener at 127.0.0.1/32773] INFO  volume.HddsVolumeChecker (HddsVolumeChecker.java:checkAllVolumes(200)) - Scheduled health check for volume /github/workspace/mnt/ozone/hadoop-ozone/integration-test/target/test-dir/MiniOzoneClusterImpl-9e77629d-1495-4101-8eb0-46d1fa4d7a32/datanode-1/data-0/containers/hdds
2020-12-11 11:59:00,603 [Thread-1174] INFO  ozoneimpl.ContainerReader (ContainerReader.java:readVolume(123)) - Start to verify containers on volume /github/workspace/mnt/ozone/hadoop-ozone/integration-test/target/test-dir/MiniOzoneClusterImpl-9e77629d-1495-4101-8eb0-46d1fa4d7a32/datanode-1/data-0/containers/hdds
2020-12-11 11:59:00,603 [Thread-1174] INFO  ozoneimpl.ContainerReader (ContainerReader.java:readVolume(148)) - Finish verifying containers on volume /github/workspace/mnt/ozone/hadoop-ozone/integration-test/target/test-dir/MiniOzoneClusterImpl-9e77629d-1495-4101-8eb0-46d1fa4d7a32/datanode-1/data-0/containers/hdds
2020-12-11 11:59:00,603 [Listener at 127.0.0.1/32773] INFO  ozoneimpl.OzoneContainer (OzoneContainer.java:buildContainerSet(194)) - Build ContainerSet costs 0s
2020-12-11 11:59:00,605 [Listener at 127.0.0.1/32773] INFO  impl.RaftServerProxy (ConfUtils.java:logGet(44)) - raft.rpc.type = GRPC (default)
2020-12-11 11:59:00,605 [Listener at 127.0.0.1/32773] INFO  grpc.GrpcFactory (GrpcFactory.java:checkPooledByteBufAllocatorUseCacheForAllThreads(45)) - PERFORMANCE WARNING: useCacheForAllThreads is true that may cause Netty to create a lot garbage objects and, as a result, trigger GC.
	It is recommended to disable useCacheForAllThreads by setting -Dorg.apache.ratis.thirdparty.io.netty.allocator.useCacheForAllThreads=false in command line.
2020-12-11 11:59:00,605 [Listener at 127.0.0.1/32773] INFO  grpc.GrpcConfigKeys (ConfUtils.java:logGet(44)) - raft.grpc.server.port = 0 (default)
2020-12-11 11:59:00,606 [Listener at 127.0.0.1/32773] INFO  server.GrpcService (ConfUtils.java:logGet(44)) - raft.grpc.message.size.max = 32MB (=33554432) (custom)
2020-12-11 11:59:00,606 [Listener at 127.0.0.1/32773] INFO  server.RaftServerConfigKeys (ConfUtils.java:logGet(44)) - raft.server.log.appender.buffer.byte-limit = 33554432 (custom)
2020-12-11 11:59:00,606 [Listener at 127.0.0.1/32773] INFO  server.GrpcService (ConfUtils.java:logGet(44)) - raft.grpc.flow.control.window = 5MB (=5242880) (custom)
2020-12-11 11:59:00,606 [Listener at 127.0.0.1/32773] INFO  server.RaftServerConfigKeys (ConfUtils.java:logGet(44)) - raft.server.rpc.request.timeout = 3000ms (default)
2020-12-11 11:59:00,607 [Listener at 127.0.0.1/32773] INFO  impl.DataStreamServerImpl (ConfUtils.java:logGet(44)) - raft.datastream.type = DISABLED (default)
2020-12-11 11:59:00,607 [Listener at 127.0.0.1/32773] INFO  server.RaftServerConfigKeys (ConfUtils.java:logGet(44)) - raft.server.storage.dir = [/github/workspace/mnt/ozone/hadoop-ozone/integration-test/target/test-dir/MiniOzoneClusterImpl-9e77629d-1495-4101-8eb0-46d1fa4d7a32/datanode-1/data/ratis] (custom)
2020-12-11 11:59:00,612 [Listener at 127.0.0.1/32773] INFO  http.BaseHttpServer (BaseHttpServer.java:newHttpServer2BuilderForOzone(207)) - Starting Web-server for hddsDatanode at: http://0.0.0.0:0
2020-12-11 11:59:00,613 [Listener at 127.0.0.1/32773] INFO  http.BaseHttpServer (BaseHttpServer.java:<init>(106)) - Hadoop Security Enabled: false Ozone Security Enabled: false Ozone HTTP Security Enabled: false 
2020-12-11 11:59:00,613 [Listener at 127.0.0.1/32773] INFO  server.AuthenticationFilter (AuthenticationFilter.java:constructSecretProvider(240)) - Unable to initialize FileSignerSecretProvider, falling back to use random secrets.
2020-12-11 11:59:00,614 [Listener at 127.0.0.1/32773] WARN  http.HttpRequestLog (HttpRequestLog.java:getRequestLog(103)) - Jetty request log can only be enabled using Log4j
2020-12-11 11:59:00,615 [Listener at 127.0.0.1/32773] INFO  http.HttpServer2 (HttpServer2.java:addGlobalFilter(1020)) - Added global filter 'safety' (class=org.apache.hadoop.hdds.server.http.HttpServer2$QuotingInputFilter)
2020-12-11 11:59:00,615 [Listener at 127.0.0.1/32773] INFO  http.HttpServer2 (HttpServer2.java:addFilter(996)) - Added filter static_user_filter (class=org.apache.hadoop.http.lib.StaticUserWebFilter$StaticUserFilter) to context hddsDatanode
2020-12-11 11:59:00,615 [Listener at 127.0.0.1/32773] INFO  http.HttpServer2 (HttpServer2.java:addFilter(1004)) - Added filter static_user_filter (class=org.apache.hadoop.http.lib.StaticUserWebFilter$StaticUserFilter) to context logs
2020-12-11 11:59:00,615 [Listener at 127.0.0.1/32773] INFO  http.HttpServer2 (HttpServer2.java:addFilter(1004)) - Added filter static_user_filter (class=org.apache.hadoop.http.lib.StaticUserWebFilter$StaticUserFilter) to context static
2020-12-11 11:59:00,616 [Listener at 127.0.0.1/32773] INFO  http.HttpServer2 (HttpServer2.java:bindListener(1238)) - Jetty bound to port 37085
2020-12-11 11:59:00,616 [Listener at 127.0.0.1/32773] INFO  server.Server (Server.java:doStart(375)) - jetty-9.4.34.v20201102; built: 2020-11-02T14:15:39.302Z; git: e46af88704a893fc12cb0e3bf46e2c7b48a009e7; jvm 1.8.0_232-b09
2020-12-11 11:59:00,618 [Listener at 127.0.0.1/32773] INFO  server.session (DefaultSessionIdManager.java:doStart(334)) - DefaultSessionIdManager workerName=node0
2020-12-11 11:59:00,618 [Listener at 127.0.0.1/32773] INFO  server.session (DefaultSessionIdManager.java:doStart(339)) - No SessionScavenger set, using defaults
2020-12-11 11:59:00,618 [Listener at 127.0.0.1/32773] INFO  server.session (HouseKeeper.java:startScavenging(132)) - node0 Scavenging every 660000ms
2020-12-11 11:59:00,619 [Listener at 127.0.0.1/32773] INFO  handler.ContextHandler (ContextHandler.java:doStart(916)) - Started o.e.j.s.ServletContextHandler@2b1fecfc{logs,/logs,file:///github/workspace/mnt/ozone/hadoop-ozone/integration-test/target/log,AVAILABLE}
2020-12-11 11:59:00,619 [Listener at 127.0.0.1/32773] INFO  handler.ContextHandler (ContextHandler.java:doStart(916)) - Started o.e.j.s.ServletContextHandler@627b9f03{static,/static,jar:file:/home/user/.m2/repository/org/apache/hadoop/hadoop-hdds-container-service/1.1.0-SNAPSHOT/hadoop-hdds-container-service-1.1.0-SNAPSHOT.jar!/webapps/static,AVAILABLE}
2020-12-11 11:59:00,790 [Listener at 127.0.0.1/32773] INFO  handler.ContextHandler (ContextHandler.java:doStart(916)) - Started o.e.j.w.WebAppContext@2f98c012{hddsDatanode,/,file:///tmp/jetty-0_0_0_0-37085-hadoop-hdds-container-service-1_1_0-SNAPSHOT_jar-_-any-8390609454844105585/webapp/,AVAILABLE}{jar:file:/home/user/.m2/repository/org/apache/hadoop/hadoop-hdds-container-service/1.1.0-SNAPSHOT/hadoop-hdds-container-service-1.1.0-SNAPSHOT.jar!/webapps/hddsDatanode}
2020-12-11 11:59:00,792 [Listener at 127.0.0.1/32773] INFO  server.AbstractConnector (AbstractConnector.java:doStart(331)) - Started ServerConnector@114f913d{HTTP/1.1, (http/1.1)}{0.0.0.0:37085}
2020-12-11 11:59:00,792 [Listener at 127.0.0.1/32773] INFO  server.Server (Server.java:doStart(415)) - Started @140122ms
2020-12-11 11:59:00,792 [Listener at 127.0.0.1/32773] WARN  impl.MetricsSystemImpl (MetricsSystemImpl.java:register(276)) - Sink prometheus already exists!
2020-12-11 11:59:00,798 [Listener at 127.0.0.1/32773] INFO  http.BaseHttpServer (BaseHttpServer.java:updateConnectorAddress(327)) - HTTP server of hddsDatanode listening at http://0.0.0.0:37085
2020-12-11 11:59:00,804 [Listener at 127.0.0.1/32773] INFO  impl.MetricsSystemImpl (MetricsSystemImpl.java:init(158)) - HddsDatanode metrics system started (again)
2020-12-11 11:59:00,809 [Listener at 127.0.0.1/32773] INFO  ozone.HddsDatanodeService (HddsDatanodeService.java:start(217)) - HddsDatanodeService host:302fe02fdb76 ip:172.17.0.2
2020-12-11 11:59:00,809 [org.apache.hadoop.util.JvmPauseMonitor$Monitor@6256d9a6] INFO  util.JvmPauseMonitor (JvmPauseMonitor.java:run(188)) - Starting JVM pause monitor
2020-12-11 11:59:00,809 [Datanode State Machine Task Thread - 0] INFO  datanode.InitDatanodeState (InitDatanodeState.java:persistContainerDatanodeDetails(145)) - DatanodeDetails is persisted to /github/workspace/mnt/ozone/hadoop-ozone/integration-test/target/test-dir/MiniOzoneClusterImpl-9e77629d-1495-4101-8eb0-46d1fa4d7a32/datanode-1/meta/datanode.id
2020-12-11 11:59:00,811 [Listener at 127.0.0.1/32773] INFO  volume.HddsVolume (HddsVolume.java:<init>(176)) - Creating Volume: /github/workspace/mnt/ozone/hadoop-ozone/integration-test/target/test-dir/MiniOzoneClusterImpl-9e77629d-1495-4101-8eb0-46d1fa4d7a32/datanode-2/data-0/containers/hdds of storage type : DISK and capacity : 9223372036854775807
2020-12-11 11:59:00,811 [Listener at 127.0.0.1/32773] INFO  volume.MutableVolumeSet (MutableVolumeSet.java:initializeVolumeSet(179)) - Added Volume : /github/workspace/mnt/ozone/hadoop-ozone/integration-test/target/test-dir/MiniOzoneClusterImpl-9e77629d-1495-4101-8eb0-46d1fa4d7a32/datanode-2/data-0/containers/hdds to VolumeSet
2020-12-11 11:59:00,811 [Listener at 127.0.0.1/32773] INFO  volume.ThrottledAsyncChecker (ThrottledAsyncChecker.java:schedule(141)) - Scheduling a check for /github/workspace/mnt/ozone/hadoop-ozone/integration-test/target/test-dir/MiniOzoneClusterImpl-9e77629d-1495-4101-8eb0-46d1fa4d7a32/datanode-2/data-0/containers/hdds
2020-12-11 11:59:00,811 [Listener at 127.0.0.1/32773] INFO  volume.HddsVolumeChecker (HddsVolumeChecker.java:checkAllVolumes(200)) - Scheduled health check for volume /github/workspace/mnt/ozone/hadoop-ozone/integration-test/target/test-dir/MiniOzoneClusterImpl-9e77629d-1495-4101-8eb0-46d1fa4d7a32/datanode-2/data-0/containers/hdds
2020-12-11 11:59:00,824 [Thread-1185] INFO  ozoneimpl.ContainerReader (ContainerReader.java:readVolume(123)) - Start to verify containers on volume /github/workspace/mnt/ozone/hadoop-ozone/integration-test/target/test-dir/MiniOzoneClusterImpl-9e77629d-1495-4101-8eb0-46d1fa4d7a32/datanode-2/data-0/containers/hdds
2020-12-11 11:59:00,824 [Thread-1185] INFO  ozoneimpl.ContainerReader (ContainerReader.java:readVolume(148)) - Finish verifying containers on volume /github/workspace/mnt/ozone/hadoop-ozone/integration-test/target/test-dir/MiniOzoneClusterImpl-9e77629d-1495-4101-8eb0-46d1fa4d7a32/datanode-2/data-0/containers/hdds
2020-12-11 11:59:00,824 [Listener at 127.0.0.1/32773] INFO  ozoneimpl.OzoneContainer (OzoneContainer.java:buildContainerSet(194)) - Build ContainerSet costs 0s
2020-12-11 11:59:00,826 [Listener at 127.0.0.1/32773] INFO  impl.RaftServerProxy (ConfUtils.java:logGet(44)) - raft.rpc.type = GRPC (default)
2020-12-11 11:59:00,826 [Listener at 127.0.0.1/32773] INFO  grpc.GrpcFactory (GrpcFactory.java:checkPooledByteBufAllocatorUseCacheForAllThreads(45)) - PERFORMANCE WARNING: useCacheForAllThreads is true that may cause Netty to create a lot garbage objects and, as a result, trigger GC.
	It is recommended to disable useCacheForAllThreads by setting -Dorg.apache.ratis.thirdparty.io.netty.allocator.useCacheForAllThreads=false in command line.
2020-12-11 11:59:00,826 [Listener at 127.0.0.1/32773] INFO  grpc.GrpcConfigKeys (ConfUtils.java:logGet(44)) - raft.grpc.server.port = 0 (default)
2020-12-11 11:59:00,827 [Listener at 127.0.0.1/32773] INFO  server.GrpcService (ConfUtils.java:logGet(44)) - raft.grpc.message.size.max = 32MB (=33554432) (custom)
2020-12-11 11:59:00,827 [Listener at 127.0.0.1/32773] INFO  server.RaftServerConfigKeys (ConfUtils.java:logGet(44)) - raft.server.log.appender.buffer.byte-limit = 33554432 (custom)
2020-12-11 11:59:00,827 [Listener at 127.0.0.1/32773] INFO  server.GrpcService (ConfUtils.java:logGet(44)) - raft.grpc.flow.control.window = 5MB (=5242880) (custom)
2020-12-11 11:59:00,827 [Listener at 127.0.0.1/32773] INFO  server.RaftServerConfigKeys (ConfUtils.java:logGet(44)) - raft.server.rpc.request.timeout = 3000ms (default)
2020-12-11 11:59:00,828 [Listener at 127.0.0.1/32773] INFO  impl.DataStreamServerImpl (ConfUtils.java:logGet(44)) - raft.datastream.type = DISABLED (default)
2020-12-11 11:59:00,828 [Listener at 127.0.0.1/32773] INFO  server.RaftServerConfigKeys (ConfUtils.java:logGet(44)) - raft.server.storage.dir = [/github/workspace/mnt/ozone/hadoop-ozone/integration-test/target/test-dir/MiniOzoneClusterImpl-9e77629d-1495-4101-8eb0-46d1fa4d7a32/datanode-2/data/ratis] (custom)
2020-12-11 11:59:00,847 [Listener at 127.0.0.1/32773] INFO  http.BaseHttpServer (BaseHttpServer.java:newHttpServer2BuilderForOzone(207)) - Starting Web-server for hddsDatanode at: http://0.0.0.0:0
2020-12-11 11:59:00,848 [Listener at 127.0.0.1/32773] INFO  http.BaseHttpServer (BaseHttpServer.java:<init>(106)) - Hadoop Security Enabled: false Ozone Security Enabled: false Ozone HTTP Security Enabled: false 
2020-12-11 11:59:00,849 [Listener at 127.0.0.1/32773] INFO  server.AuthenticationFilter (AuthenticationFilter.java:constructSecretProvider(240)) - Unable to initialize FileSignerSecretProvider, falling back to use random secrets.
2020-12-11 11:59:00,849 [Listener at 127.0.0.1/32773] WARN  http.HttpRequestLog (HttpRequestLog.java:getRequestLog(103)) - Jetty request log can only be enabled using Log4j
2020-12-11 11:59:00,850 [Listener at 127.0.0.1/32773] INFO  http.HttpServer2 (HttpServer2.java:addGlobalFilter(1020)) - Added global filter 'safety' (class=org.apache.hadoop.hdds.server.http.HttpServer2$QuotingInputFilter)
2020-12-11 11:59:00,850 [Listener at 127.0.0.1/32773] INFO  http.HttpServer2 (HttpServer2.java:addFilter(996)) - Added filter static_user_filter (class=org.apache.hadoop.http.lib.StaticUserWebFilter$StaticUserFilter) to context hddsDatanode
2020-12-11 11:59:00,850 [Listener at 127.0.0.1/32773] INFO  http.HttpServer2 (HttpServer2.java:addFilter(1004)) - Added filter static_user_filter (class=org.apache.hadoop.http.lib.StaticUserWebFilter$StaticUserFilter) to context static
2020-12-11 11:59:00,850 [Listener at 127.0.0.1/32773] INFO  http.HttpServer2 (HttpServer2.java:addFilter(1004)) - Added filter static_user_filter (class=org.apache.hadoop.http.lib.StaticUserWebFilter$StaticUserFilter) to context logs
2020-12-11 11:59:00,851 [Listener at 127.0.0.1/32773] INFO  http.HttpServer2 (HttpServer2.java:bindListener(1238)) - Jetty bound to port 36253
2020-12-11 11:59:00,851 [Listener at 127.0.0.1/32773] INFO  server.Server (Server.java:doStart(375)) - jetty-9.4.34.v20201102; built: 2020-11-02T14:15:39.302Z; git: e46af88704a893fc12cb0e3bf46e2c7b48a009e7; jvm 1.8.0_232-b09
2020-12-11 11:59:00,853 [Listener at 127.0.0.1/32773] INFO  server.session (DefaultSessionIdManager.java:doStart(334)) - DefaultSessionIdManager workerName=node0
2020-12-11 11:59:00,853 [Listener at 127.0.0.1/32773] INFO  server.session (DefaultSessionIdManager.java:doStart(339)) - No SessionScavenger set, using defaults
2020-12-11 11:59:00,853 [Listener at 127.0.0.1/32773] INFO  server.session (HouseKeeper.java:startScavenging(132)) - node0 Scavenging every 600000ms
2020-12-11 11:59:00,856 [Listener at 127.0.0.1/32773] INFO  handler.ContextHandler (ContextHandler.java:doStart(916)) - Started o.e.j.s.ServletContextHandler@46a7703a{logs,/logs,file:///github/workspace/mnt/ozone/hadoop-ozone/integration-test/target/log,AVAILABLE}
2020-12-11 11:59:00,856 [Listener at 127.0.0.1/32773] INFO  handler.ContextHandler (ContextHandler.java:doStart(916)) - Started o.e.j.s.ServletContextHandler@44cea6bb{static,/static,jar:file:/home/user/.m2/repository/org/apache/hadoop/hadoop-hdds-container-service/1.1.0-SNAPSHOT/hadoop-hdds-container-service-1.1.0-SNAPSHOT.jar!/webapps/static,AVAILABLE}
2020-12-11 11:59:01,021 [Listener at 127.0.0.1/32773] INFO  handler.ContextHandler (ContextHandler.java:doStart(916)) - Started o.e.j.w.WebAppContext@25ae0223{hddsDatanode,/,file:///tmp/jetty-0_0_0_0-36253-hadoop-hdds-container-service-1_1_0-SNAPSHOT_jar-_-any-2629475467760131734/webapp/,AVAILABLE}{jar:file:/home/user/.m2/repository/org/apache/hadoop/hadoop-hdds-container-service/1.1.0-SNAPSHOT/hadoop-hdds-container-service-1.1.0-SNAPSHOT.jar!/webapps/hddsDatanode}
2020-12-11 11:59:01,022 [Listener at 127.0.0.1/32773] INFO  server.AbstractConnector (AbstractConnector.java:doStart(331)) - Started ServerConnector@4714ae0d{HTTP/1.1, (http/1.1)}{0.0.0.0:36253}
2020-12-11 11:59:01,022 [Listener at 127.0.0.1/32773] INFO  server.Server (Server.java:doStart(415)) - Started @140352ms
2020-12-11 11:59:01,022 [Listener at 127.0.0.1/32773] WARN  impl.MetricsSystemImpl (MetricsSystemImpl.java:register(276)) - Sink prometheus already exists!
2020-12-11 11:59:01,027 [Listener at 127.0.0.1/32773] INFO  http.BaseHttpServer (BaseHttpServer.java:updateConnectorAddress(327)) - HTTP server of hddsDatanode listening at http://0.0.0.0:36253
2020-12-11 11:59:01,033 [Listener at 127.0.0.1/32773] INFO  impl.MetricsSystemImpl (MetricsSystemImpl.java:init(158)) - HddsDatanode metrics system started (again)
2020-12-11 11:59:01,035 [Listener at 127.0.0.1/32773] INFO  ozone.HddsDatanodeService (HddsDatanodeService.java:start(217)) - HddsDatanodeService host:302fe02fdb76 ip:172.17.0.2
2020-12-11 11:59:01,036 [org.apache.hadoop.util.JvmPauseMonitor$Monitor@426f1bac] INFO  util.JvmPauseMonitor (JvmPauseMonitor.java:run(188)) - Starting JVM pause monitor
2020-12-11 11:59:01,037 [Listener at 127.0.0.1/32773] INFO  volume.HddsVolume (HddsVolume.java:<init>(176)) - Creating Volume: /github/workspace/mnt/ozone/hadoop-ozone/integration-test/target/test-dir/MiniOzoneClusterImpl-9e77629d-1495-4101-8eb0-46d1fa4d7a32/datanode-3/data-0/containers/hdds of storage type : DISK and capacity : 9223372036854775807
2020-12-11 11:59:01,037 [Listener at 127.0.0.1/32773] INFO  volume.MutableVolumeSet (MutableVolumeSet.java:initializeVolumeSet(179)) - Added Volume : /github/workspace/mnt/ozone/hadoop-ozone/integration-test/target/test-dir/MiniOzoneClusterImpl-9e77629d-1495-4101-8eb0-46d1fa4d7a32/datanode-3/data-0/containers/hdds to VolumeSet
2020-12-11 11:59:01,037 [Datanode State Machine Task Thread - 0] INFO  datanode.InitDatanodeState (InitDatanodeState.java:persistContainerDatanodeDetails(145)) - DatanodeDetails is persisted to /github/workspace/mnt/ozone/hadoop-ozone/integration-test/target/test-dir/MiniOzoneClusterImpl-9e77629d-1495-4101-8eb0-46d1fa4d7a32/datanode-2/meta/datanode.id
2020-12-11 11:59:01,037 [Listener at 127.0.0.1/32773] INFO  volume.ThrottledAsyncChecker (ThrottledAsyncChecker.java:schedule(141)) - Scheduling a check for /github/workspace/mnt/ozone/hadoop-ozone/integration-test/target/test-dir/MiniOzoneClusterImpl-9e77629d-1495-4101-8eb0-46d1fa4d7a32/datanode-3/data-0/containers/hdds
2020-12-11 11:59:01,038 [Listener at 127.0.0.1/32773] INFO  volume.HddsVolumeChecker (HddsVolumeChecker.java:checkAllVolumes(200)) - Scheduled health check for volume /github/workspace/mnt/ozone/hadoop-ozone/integration-test/target/test-dir/MiniOzoneClusterImpl-9e77629d-1495-4101-8eb0-46d1fa4d7a32/datanode-3/data-0/containers/hdds
2020-12-11 11:59:01,056 [Thread-1196] INFO  ozoneimpl.ContainerReader (ContainerReader.java:readVolume(123)) - Start to verify containers on volume /github/workspace/mnt/ozone/hadoop-ozone/integration-test/target/test-dir/MiniOzoneClusterImpl-9e77629d-1495-4101-8eb0-46d1fa4d7a32/datanode-3/data-0/containers/hdds
2020-12-11 11:59:01,056 [Thread-1196] INFO  ozoneimpl.ContainerReader (ContainerReader.java:readVolume(148)) - Finish verifying containers on volume /github/workspace/mnt/ozone/hadoop-ozone/integration-test/target/test-dir/MiniOzoneClusterImpl-9e77629d-1495-4101-8eb0-46d1fa4d7a32/datanode-3/data-0/containers/hdds
2020-12-11 11:59:01,056 [Listener at 127.0.0.1/32773] INFO  ozoneimpl.OzoneContainer (OzoneContainer.java:buildContainerSet(194)) - Build ContainerSet costs 0s
2020-12-11 11:59:01,058 [Listener at 127.0.0.1/32773] INFO  impl.RaftServerProxy (ConfUtils.java:logGet(44)) - raft.rpc.type = GRPC (default)
2020-12-11 11:59:01,058 [Listener at 127.0.0.1/32773] INFO  grpc.GrpcFactory (GrpcFactory.java:checkPooledByteBufAllocatorUseCacheForAllThreads(45)) - PERFORMANCE WARNING: useCacheForAllThreads is true that may cause Netty to create a lot garbage objects and, as a result, trigger GC.
	It is recommended to disable useCacheForAllThreads by setting -Dorg.apache.ratis.thirdparty.io.netty.allocator.useCacheForAllThreads=false in command line.
2020-12-11 11:59:01,058 [Listener at 127.0.0.1/32773] INFO  grpc.GrpcConfigKeys (ConfUtils.java:logGet(44)) - raft.grpc.server.port = 0 (default)
2020-12-11 11:59:01,058 [Listener at 127.0.0.1/32773] INFO  server.GrpcService (ConfUtils.java:logGet(44)) - raft.grpc.message.size.max = 32MB (=33554432) (custom)
2020-12-11 11:59:01,059 [Listener at 127.0.0.1/32773] INFO  server.RaftServerConfigKeys (ConfUtils.java:logGet(44)) - raft.server.log.appender.buffer.byte-limit = 33554432 (custom)
2020-12-11 11:59:01,059 [Listener at 127.0.0.1/32773] INFO  server.GrpcService (ConfUtils.java:logGet(44)) - raft.grpc.flow.control.window = 5MB (=5242880) (custom)
2020-12-11 11:59:01,059 [Listener at 127.0.0.1/32773] INFO  server.RaftServerConfigKeys (ConfUtils.java:logGet(44)) - raft.server.rpc.request.timeout = 3000ms (default)
2020-12-11 11:59:01,060 [Listener at 127.0.0.1/32773] INFO  impl.DataStreamServerImpl (ConfUtils.java:logGet(44)) - raft.datastream.type = DISABLED (default)
2020-12-11 11:59:01,060 [Listener at 127.0.0.1/32773] INFO  server.RaftServerConfigKeys (ConfUtils.java:logGet(44)) - raft.server.storage.dir = [/github/workspace/mnt/ozone/hadoop-ozone/integration-test/target/test-dir/MiniOzoneClusterImpl-9e77629d-1495-4101-8eb0-46d1fa4d7a32/datanode-3/data/ratis] (custom)
2020-12-11 11:59:01,067 [Listener at 127.0.0.1/32773] INFO  http.BaseHttpServer (BaseHttpServer.java:newHttpServer2BuilderForOzone(207)) - Starting Web-server for hddsDatanode at: http://0.0.0.0:0
2020-12-11 11:59:01,067 [Listener at 127.0.0.1/32773] INFO  http.BaseHttpServer (BaseHttpServer.java:<init>(106)) - Hadoop Security Enabled: false Ozone Security Enabled: false Ozone HTTP Security Enabled: false 
2020-12-11 11:59:01,081 [Listener at 127.0.0.1/32773] INFO  server.AuthenticationFilter (AuthenticationFilter.java:constructSecretProvider(240)) - Unable to initialize FileSignerSecretProvider, falling back to use random secrets.
2020-12-11 11:59:01,086 [Listener at 127.0.0.1/32773] WARN  http.HttpRequestLog (HttpRequestLog.java:getRequestLog(103)) - Jetty request log can only be enabled using Log4j
2020-12-11 11:59:01,087 [Listener at 127.0.0.1/32773] INFO  http.HttpServer2 (HttpServer2.java:addGlobalFilter(1020)) - Added global filter 'safety' (class=org.apache.hadoop.hdds.server.http.HttpServer2$QuotingInputFilter)
2020-12-11 11:59:01,088 [Listener at 127.0.0.1/32773] INFO  http.HttpServer2 (HttpServer2.java:addFilter(996)) - Added filter static_user_filter (class=org.apache.hadoop.http.lib.StaticUserWebFilter$StaticUserFilter) to context hddsDatanode
2020-12-11 11:59:01,088 [Listener at 127.0.0.1/32773] INFO  http.HttpServer2 (HttpServer2.java:addFilter(1004)) - Added filter static_user_filter (class=org.apache.hadoop.http.lib.StaticUserWebFilter$StaticUserFilter) to context logs
2020-12-11 11:59:01,088 [Listener at 127.0.0.1/32773] INFO  http.HttpServer2 (HttpServer2.java:addFilter(1004)) - Added filter static_user_filter (class=org.apache.hadoop.http.lib.StaticUserWebFilter$StaticUserFilter) to context static
2020-12-11 11:59:01,088 [Listener at 127.0.0.1/32773] INFO  http.HttpServer2 (HttpServer2.java:bindListener(1238)) - Jetty bound to port 33155
2020-12-11 11:59:01,089 [Listener at 127.0.0.1/32773] INFO  server.Server (Server.java:doStart(375)) - jetty-9.4.34.v20201102; built: 2020-11-02T14:15:39.302Z; git: e46af88704a893fc12cb0e3bf46e2c7b48a009e7; jvm 1.8.0_232-b09
2020-12-11 11:59:01,092 [Listener at 127.0.0.1/32773] INFO  server.session (DefaultSessionIdManager.java:doStart(334)) - DefaultSessionIdManager workerName=node0
2020-12-11 11:59:01,092 [Listener at 127.0.0.1/32773] INFO  server.session (DefaultSessionIdManager.java:doStart(339)) - No SessionScavenger set, using defaults
2020-12-11 11:59:01,093 [Listener at 127.0.0.1/32773] INFO  server.session (HouseKeeper.java:startScavenging(132)) - node0 Scavenging every 600000ms
2020-12-11 11:59:01,093 [Listener at 127.0.0.1/32773] INFO  handler.ContextHandler (ContextHandler.java:doStart(916)) - Started o.e.j.s.ServletContextHandler@6f677c34{logs,/logs,file:///github/workspace/mnt/ozone/hadoop-ozone/integration-test/target/log,AVAILABLE}
2020-12-11 11:59:01,093 [Listener at 127.0.0.1/32773] INFO  handler.ContextHandler (ContextHandler.java:doStart(916)) - Started o.e.j.s.ServletContextHandler@66d17af8{static,/static,jar:file:/home/user/.m2/repository/org/apache/hadoop/hadoop-hdds-container-service/1.1.0-SNAPSHOT/hadoop-hdds-container-service-1.1.0-SNAPSHOT.jar!/webapps/static,AVAILABLE}
2020-12-11 11:59:01,272 [Listener at 127.0.0.1/32773] INFO  handler.ContextHandler (ContextHandler.java:doStart(916)) - Started o.e.j.w.WebAppContext@30b69dd{hddsDatanode,/,file:///tmp/jetty-0_0_0_0-33155-hadoop-hdds-container-service-1_1_0-SNAPSHOT_jar-_-any-5753899166964264121/webapp/,AVAILABLE}{jar:file:/home/user/.m2/repository/org/apache/hadoop/hadoop-hdds-container-service/1.1.0-SNAPSHOT/hadoop-hdds-container-service-1.1.0-SNAPSHOT.jar!/webapps/hddsDatanode}
2020-12-11 11:59:01,274 [Listener at 127.0.0.1/32773] INFO  server.AbstractConnector (AbstractConnector.java:doStart(331)) - Started ServerConnector@772ce28e{HTTP/1.1, (http/1.1)}{0.0.0.0:33155}
2020-12-11 11:59:01,274 [Listener at 127.0.0.1/32773] INFO  server.Server (Server.java:doStart(415)) - Started @140604ms
2020-12-11 11:59:01,274 [Listener at 127.0.0.1/32773] WARN  impl.MetricsSystemImpl (MetricsSystemImpl.java:register(276)) - Sink prometheus already exists!
2020-12-11 11:59:01,405 [Listener at 127.0.0.1/32773] INFO  http.BaseHttpServer (BaseHttpServer.java:updateConnectorAddress(327)) - HTTP server of hddsDatanode listening at http://0.0.0.0:33155
2020-12-11 11:59:01,407 [Listener at 127.0.0.1/32773] INFO  impl.MetricsSystemImpl (MetricsSystemImpl.java:init(158)) - HddsDatanode metrics system started (again)
2020-12-11 11:59:01,409 [Listener at 127.0.0.1/32773] INFO  ozone.HddsDatanodeService (HddsDatanodeService.java:start(217)) - HddsDatanodeService host:302fe02fdb76 ip:172.17.0.2
2020-12-11 11:59:01,411 [Listener at 127.0.0.1/32773] INFO  volume.HddsVolume (HddsVolume.java:<init>(176)) - Creating Volume: /github/workspace/mnt/ozone/hadoop-ozone/integration-test/target/test-dir/MiniOzoneClusterImpl-9e77629d-1495-4101-8eb0-46d1fa4d7a32/datanode-4/data-0/containers/hdds of storage type : DISK and capacity : 9223372036854775807
2020-12-11 11:59:01,411 [Listener at 127.0.0.1/32773] INFO  volume.MutableVolumeSet (MutableVolumeSet.java:initializeVolumeSet(179)) - Added Volume : /github/workspace/mnt/ozone/hadoop-ozone/integration-test/target/test-dir/MiniOzoneClusterImpl-9e77629d-1495-4101-8eb0-46d1fa4d7a32/datanode-4/data-0/containers/hdds to VolumeSet
2020-12-11 11:59:01,412 [Listener at 127.0.0.1/32773] INFO  volume.ThrottledAsyncChecker (ThrottledAsyncChecker.java:schedule(141)) - Scheduling a check for /github/workspace/mnt/ozone/hadoop-ozone/integration-test/target/test-dir/MiniOzoneClusterImpl-9e77629d-1495-4101-8eb0-46d1fa4d7a32/datanode-4/data-0/containers/hdds
2020-12-11 11:59:01,416 [org.apache.hadoop.util.JvmPauseMonitor$Monitor@3e0c3357] INFO  util.JvmPauseMonitor (JvmPauseMonitor.java:run(188)) - Starting JVM pause monitor
2020-12-11 11:59:01,416 [Listener at 127.0.0.1/32773] INFO  volume.HddsVolumeChecker (HddsVolumeChecker.java:checkAllVolumes(200)) - Scheduled health check for volume /github/workspace/mnt/ozone/hadoop-ozone/integration-test/target/test-dir/MiniOzoneClusterImpl-9e77629d-1495-4101-8eb0-46d1fa4d7a32/datanode-4/data-0/containers/hdds
2020-12-11 11:59:01,420 [Datanode State Machine Task Thread - 0] INFO  datanode.InitDatanodeState (InitDatanodeState.java:persistContainerDatanodeDetails(145)) - DatanodeDetails is persisted to /github/workspace/mnt/ozone/hadoop-ozone/integration-test/target/test-dir/MiniOzoneClusterImpl-9e77629d-1495-4101-8eb0-46d1fa4d7a32/datanode-3/meta/datanode.id
2020-12-11 11:59:01,430 [Thread-1207] INFO  ozoneimpl.ContainerReader (ContainerReader.java:readVolume(123)) - Start to verify containers on volume /github/workspace/mnt/ozone/hadoop-ozone/integration-test/target/test-dir/MiniOzoneClusterImpl-9e77629d-1495-4101-8eb0-46d1fa4d7a32/datanode-4/data-0/containers/hdds
2020-12-11 11:59:01,430 [Thread-1207] INFO  ozoneimpl.ContainerReader (ContainerReader.java:readVolume(148)) - Finish verifying containers on volume /github/workspace/mnt/ozone/hadoop-ozone/integration-test/target/test-dir/MiniOzoneClusterImpl-9e77629d-1495-4101-8eb0-46d1fa4d7a32/datanode-4/data-0/containers/hdds
2020-12-11 11:59:01,430 [Listener at 127.0.0.1/32773] INFO  ozoneimpl.OzoneContainer (OzoneContainer.java:buildContainerSet(194)) - Build ContainerSet costs 0s
2020-12-11 11:59:01,431 [Listener at 127.0.0.1/32773] INFO  impl.RaftServerProxy (ConfUtils.java:logGet(44)) - raft.rpc.type = GRPC (default)
2020-12-11 11:59:01,432 [Listener at 127.0.0.1/32773] INFO  grpc.GrpcFactory (GrpcFactory.java:checkPooledByteBufAllocatorUseCacheForAllThreads(45)) - PERFORMANCE WARNING: useCacheForAllThreads is true that may cause Netty to create a lot garbage objects and, as a result, trigger GC.
	It is recommended to disable useCacheForAllThreads by setting -Dorg.apache.ratis.thirdparty.io.netty.allocator.useCacheForAllThreads=false in command line.
2020-12-11 11:59:01,432 [Listener at 127.0.0.1/32773] INFO  grpc.GrpcConfigKeys (ConfUtils.java:logGet(44)) - raft.grpc.server.port = 0 (default)
2020-12-11 11:59:01,432 [Listener at 127.0.0.1/32773] INFO  server.GrpcService (ConfUtils.java:logGet(44)) - raft.grpc.message.size.max = 32MB (=33554432) (custom)
2020-12-11 11:59:01,432 [Listener at 127.0.0.1/32773] INFO  server.RaftServerConfigKeys (ConfUtils.java:logGet(44)) - raft.server.log.appender.buffer.byte-limit = 33554432 (custom)
2020-12-11 11:59:01,432 [Listener at 127.0.0.1/32773] INFO  server.GrpcService (ConfUtils.java:logGet(44)) - raft.grpc.flow.control.window = 5MB (=5242880) (custom)
2020-12-11 11:59:01,432 [Listener at 127.0.0.1/32773] INFO  server.RaftServerConfigKeys (ConfUtils.java:logGet(44)) - raft.server.rpc.request.timeout = 3000ms (default)
2020-12-11 11:59:01,433 [Listener at 127.0.0.1/32773] INFO  impl.DataStreamServerImpl (ConfUtils.java:logGet(44)) - raft.datastream.type = DISABLED (default)
2020-12-11 11:59:01,433 [Listener at 127.0.0.1/32773] INFO  server.RaftServerConfigKeys (ConfUtils.java:logGet(44)) - raft.server.storage.dir = [/github/workspace/mnt/ozone/hadoop-ozone/integration-test/target/test-dir/MiniOzoneClusterImpl-9e77629d-1495-4101-8eb0-46d1fa4d7a32/datanode-4/data/ratis] (custom)
2020-12-11 11:59:01,439 [Listener at 127.0.0.1/32773] INFO  http.BaseHttpServer (BaseHttpServer.java:newHttpServer2BuilderForOzone(207)) - Starting Web-server for hddsDatanode at: http://0.0.0.0:0
2020-12-11 11:59:01,439 [Listener at 127.0.0.1/32773] INFO  http.BaseHttpServer (BaseHttpServer.java:<init>(106)) - Hadoop Security Enabled: false Ozone Security Enabled: false Ozone HTTP Security Enabled: false 
2020-12-11 11:59:01,440 [Listener at 127.0.0.1/32773] INFO  server.AuthenticationFilter (AuthenticationFilter.java:constructSecretProvider(240)) - Unable to initialize FileSignerSecretProvider, falling back to use random secrets.
2020-12-11 11:59:01,441 [Listener at 127.0.0.1/32773] WARN  http.HttpRequestLog (HttpRequestLog.java:getRequestLog(103)) - Jetty request log can only be enabled using Log4j
2020-12-11 11:59:01,441 [Listener at 127.0.0.1/32773] INFO  http.HttpServer2 (HttpServer2.java:addGlobalFilter(1020)) - Added global filter 'safety' (class=org.apache.hadoop.hdds.server.http.HttpServer2$QuotingInputFilter)
2020-12-11 11:59:01,442 [Listener at 127.0.0.1/32773] INFO  http.HttpServer2 (HttpServer2.java:addFilter(996)) - Added filter static_user_filter (class=org.apache.hadoop.http.lib.StaticUserWebFilter$StaticUserFilter) to context hddsDatanode
2020-12-11 11:59:01,442 [Listener at 127.0.0.1/32773] INFO  http.HttpServer2 (HttpServer2.java:addFilter(1004)) - Added filter static_user_filter (class=org.apache.hadoop.http.lib.StaticUserWebFilter$StaticUserFilter) to context static
2020-12-11 11:59:01,442 [Listener at 127.0.0.1/32773] INFO  http.HttpServer2 (HttpServer2.java:addFilter(1004)) - Added filter static_user_filter (class=org.apache.hadoop.http.lib.StaticUserWebFilter$StaticUserFilter) to context logs
2020-12-11 11:59:01,443 [Listener at 127.0.0.1/32773] INFO  http.HttpServer2 (HttpServer2.java:bindListener(1238)) - Jetty bound to port 33259
2020-12-11 11:59:01,443 [Listener at 127.0.0.1/32773] INFO  server.Server (Server.java:doStart(375)) - jetty-9.4.34.v20201102; built: 2020-11-02T14:15:39.302Z; git: e46af88704a893fc12cb0e3bf46e2c7b48a009e7; jvm 1.8.0_232-b09
2020-12-11 11:59:01,445 [Listener at 127.0.0.1/32773] INFO  server.session (DefaultSessionIdManager.java:doStart(334)) - DefaultSessionIdManager workerName=node0
2020-12-11 11:59:01,445 [Listener at 127.0.0.1/32773] INFO  server.session (DefaultSessionIdManager.java:doStart(339)) - No SessionScavenger set, using defaults
2020-12-11 11:59:01,445 [Listener at 127.0.0.1/32773] INFO  server.session (HouseKeeper.java:startScavenging(132)) - node0 Scavenging every 600000ms
2020-12-11 11:59:01,445 [Listener at 127.0.0.1/32773] INFO  handler.ContextHandler (ContextHandler.java:doStart(916)) - Started o.e.j.s.ServletContextHandler@7054edda{logs,/logs,file:///github/workspace/mnt/ozone/hadoop-ozone/integration-test/target/log,AVAILABLE}
2020-12-11 11:59:01,446 [Listener at 127.0.0.1/32773] INFO  handler.ContextHandler (ContextHandler.java:doStart(916)) - Started o.e.j.s.ServletContextHandler@7de47f81{static,/static,jar:file:/home/user/.m2/repository/org/apache/hadoop/hadoop-hdds-container-service/1.1.0-SNAPSHOT/hadoop-hdds-container-service-1.1.0-SNAPSHOT.jar!/webapps/static,AVAILABLE}
2020-12-11 11:59:01,618 [Listener at 127.0.0.1/32773] INFO  handler.ContextHandler (ContextHandler.java:doStart(916)) - Started o.e.j.w.WebAppContext@3a0f497e{hddsDatanode,/,file:///tmp/jetty-0_0_0_0-33259-hadoop-hdds-container-service-1_1_0-SNAPSHOT_jar-_-any-7957873326020914174/webapp/,AVAILABLE}{jar:file:/home/user/.m2/repository/org/apache/hadoop/hadoop-hdds-container-service/1.1.0-SNAPSHOT/hadoop-hdds-container-service-1.1.0-SNAPSHOT.jar!/webapps/hddsDatanode}
2020-12-11 11:59:01,619 [Listener at 127.0.0.1/32773] INFO  server.AbstractConnector (AbstractConnector.java:doStart(331)) - Started ServerConnector@599fde55{HTTP/1.1, (http/1.1)}{0.0.0.0:33259}
2020-12-11 11:59:01,620 [Listener at 127.0.0.1/32773] INFO  server.Server (Server.java:doStart(415)) - Started @140949ms
2020-12-11 11:59:01,620 [Listener at 127.0.0.1/32773] WARN  impl.MetricsSystemImpl (MetricsSystemImpl.java:register(276)) - Sink prometheus already exists!
2020-12-11 11:59:01,623 [Listener at 127.0.0.1/32773] INFO  http.BaseHttpServer (BaseHttpServer.java:updateConnectorAddress(327)) - HTTP server of hddsDatanode listening at http://0.0.0.0:33259
2020-12-11 11:59:01,625 [Listener at 127.0.0.1/32773] INFO  impl.MetricsSystemImpl (MetricsSystemImpl.java:init(158)) - HddsDatanode metrics system started (again)
2020-12-11 11:59:01,627 [Listener at 127.0.0.1/32773] INFO  ozone.HddsDatanodeService (HddsDatanodeService.java:start(217)) - HddsDatanodeService host:302fe02fdb76 ip:172.17.0.2
2020-12-11 11:59:01,629 [Listener at 127.0.0.1/32773] INFO  volume.HddsVolume (HddsVolume.java:<init>(176)) - Creating Volume: /github/workspace/mnt/ozone/hadoop-ozone/integration-test/target/test-dir/MiniOzoneClusterImpl-9e77629d-1495-4101-8eb0-46d1fa4d7a32/datanode-5/data-0/containers/hdds of storage type : DISK and capacity : 9223372036854775807
2020-12-11 11:59:01,630 [Listener at 127.0.0.1/32773] INFO  volume.MutableVolumeSet (MutableVolumeSet.java:initializeVolumeSet(179)) - Added Volume : /github/workspace/mnt/ozone/hadoop-ozone/integration-test/target/test-dir/MiniOzoneClusterImpl-9e77629d-1495-4101-8eb0-46d1fa4d7a32/datanode-5/data-0/containers/hdds to VolumeSet
2020-12-11 11:59:01,630 [Listener at 127.0.0.1/32773] INFO  volume.ThrottledAsyncChecker (ThrottledAsyncChecker.java:schedule(141)) - Scheduling a check for /github/workspace/mnt/ozone/hadoop-ozone/integration-test/target/test-dir/MiniOzoneClusterImpl-9e77629d-1495-4101-8eb0-46d1fa4d7a32/datanode-5/data-0/containers/hdds
2020-12-11 11:59:01,631 [org.apache.hadoop.util.JvmPauseMonitor$Monitor@4f6ae528] INFO  util.JvmPauseMonitor (JvmPauseMonitor.java:run(188)) - Starting JVM pause monitor
2020-12-11 11:59:01,632 [Datanode State Machine Task Thread - 0] INFO  datanode.InitDatanodeState (InitDatanodeState.java:persistContainerDatanodeDetails(145)) - DatanodeDetails is persisted to /github/workspace/mnt/ozone/hadoop-ozone/integration-test/target/test-dir/MiniOzoneClusterImpl-9e77629d-1495-4101-8eb0-46d1fa4d7a32/datanode-4/meta/datanode.id
2020-12-11 11:59:01,632 [Listener at 127.0.0.1/32773] INFO  volume.HddsVolumeChecker (HddsVolumeChecker.java:checkAllVolumes(200)) - Scheduled health check for volume /github/workspace/mnt/ozone/hadoop-ozone/integration-test/target/test-dir/MiniOzoneClusterImpl-9e77629d-1495-4101-8eb0-46d1fa4d7a32/datanode-5/data-0/containers/hdds
2020-12-11 11:59:01,646 [Thread-1218] INFO  ozoneimpl.ContainerReader (ContainerReader.java:readVolume(123)) - Start to verify containers on volume /github/workspace/mnt/ozone/hadoop-ozone/integration-test/target/test-dir/MiniOzoneClusterImpl-9e77629d-1495-4101-8eb0-46d1fa4d7a32/datanode-5/data-0/containers/hdds
2020-12-11 11:59:01,646 [Thread-1218] INFO  ozoneimpl.ContainerReader (ContainerReader.java:readVolume(148)) - Finish verifying containers on volume /github/workspace/mnt/ozone/hadoop-ozone/integration-test/target/test-dir/MiniOzoneClusterImpl-9e77629d-1495-4101-8eb0-46d1fa4d7a32/datanode-5/data-0/containers/hdds
2020-12-11 11:59:01,646 [Listener at 127.0.0.1/32773] INFO  ozoneimpl.OzoneContainer (OzoneContainer.java:buildContainerSet(194)) - Build ContainerSet costs 0s
2020-12-11 11:59:01,648 [Listener at 127.0.0.1/32773] INFO  impl.RaftServerProxy (ConfUtils.java:logGet(44)) - raft.rpc.type = GRPC (default)
2020-12-11 11:59:01,648 [Listener at 127.0.0.1/32773] INFO  grpc.GrpcFactory (GrpcFactory.java:checkPooledByteBufAllocatorUseCacheForAllThreads(45)) - PERFORMANCE WARNING: useCacheForAllThreads is true that may cause Netty to create a lot garbage objects and, as a result, trigger GC.
	It is recommended to disable useCacheForAllThreads by setting -Dorg.apache.ratis.thirdparty.io.netty.allocator.useCacheForAllThreads=false in command line.
2020-12-11 11:59:01,648 [Listener at 127.0.0.1/32773] INFO  grpc.GrpcConfigKeys (ConfUtils.java:logGet(44)) - raft.grpc.server.port = 0 (default)
2020-12-11 11:59:01,649 [Listener at 127.0.0.1/32773] INFO  server.GrpcService (ConfUtils.java:logGet(44)) - raft.grpc.message.size.max = 32MB (=33554432) (custom)
2020-12-11 11:59:01,649 [Listener at 127.0.0.1/32773] INFO  server.RaftServerConfigKeys (ConfUtils.java:logGet(44)) - raft.server.log.appender.buffer.byte-limit = 33554432 (custom)
2020-12-11 11:59:01,649 [Listener at 127.0.0.1/32773] INFO  server.GrpcService (ConfUtils.java:logGet(44)) - raft.grpc.flow.control.window = 5MB (=5242880) (custom)
2020-12-11 11:59:01,649 [Listener at 127.0.0.1/32773] INFO  server.RaftServerConfigKeys (ConfUtils.java:logGet(44)) - raft.server.rpc.request.timeout = 3000ms (default)
2020-12-11 11:59:01,650 [Listener at 127.0.0.1/32773] INFO  impl.DataStreamServerImpl (ConfUtils.java:logGet(44)) - raft.datastream.type = DISABLED (default)
2020-12-11 11:59:01,650 [Listener at 127.0.0.1/32773] INFO  server.RaftServerConfigKeys (ConfUtils.java:logGet(44)) - raft.server.storage.dir = [/github/workspace/mnt/ozone/hadoop-ozone/integration-test/target/test-dir/MiniOzoneClusterImpl-9e77629d-1495-4101-8eb0-46d1fa4d7a32/datanode-5/data/ratis] (custom)
2020-12-11 11:59:01,656 [Listener at 127.0.0.1/32773] INFO  http.BaseHttpServer (BaseHttpServer.java:newHttpServer2BuilderForOzone(207)) - Starting Web-server for hddsDatanode at: http://0.0.0.0:0
2020-12-11 11:59:01,656 [Listener at 127.0.0.1/32773] INFO  http.BaseHttpServer (BaseHttpServer.java:<init>(106)) - Hadoop Security Enabled: false Ozone Security Enabled: false Ozone HTTP Security Enabled: false 
2020-12-11 11:59:01,657 [Listener at 127.0.0.1/32773] INFO  server.AuthenticationFilter (AuthenticationFilter.java:constructSecretProvider(240)) - Unable to initialize FileSignerSecretProvider, falling back to use random secrets.
2020-12-11 11:59:01,658 [Listener at 127.0.0.1/32773] WARN  http.HttpRequestLog (HttpRequestLog.java:getRequestLog(103)) - Jetty request log can only be enabled using Log4j
2020-12-11 11:59:01,658 [Listener at 127.0.0.1/32773] INFO  http.HttpServer2 (HttpServer2.java:addGlobalFilter(1020)) - Added global filter 'safety' (class=org.apache.hadoop.hdds.server.http.HttpServer2$QuotingInputFilter)
2020-12-11 11:59:01,659 [Listener at 127.0.0.1/32773] INFO  http.HttpServer2 (HttpServer2.java:addFilter(996)) - Added filter static_user_filter (class=org.apache.hadoop.http.lib.StaticUserWebFilter$StaticUserFilter) to context hddsDatanode
2020-12-11 11:59:01,659 [Listener at 127.0.0.1/32773] INFO  http.HttpServer2 (HttpServer2.java:addFilter(1004)) - Added filter static_user_filter (class=org.apache.hadoop.http.lib.StaticUserWebFilter$StaticUserFilter) to context logs
2020-12-11 11:59:01,659 [Listener at 127.0.0.1/32773] INFO  http.HttpServer2 (HttpServer2.java:addFilter(1004)) - Added filter static_user_filter (class=org.apache.hadoop.http.lib.StaticUserWebFilter$StaticUserFilter) to context static
2020-12-11 11:59:01,660 [Listener at 127.0.0.1/32773] INFO  http.HttpServer2 (HttpServer2.java:bindListener(1238)) - Jetty bound to port 38327
2020-12-11 11:59:01,660 [Listener at 127.0.0.1/32773] INFO  server.Server (Server.java:doStart(375)) - jetty-9.4.34.v20201102; built: 2020-11-02T14:15:39.302Z; git: e46af88704a893fc12cb0e3bf46e2c7b48a009e7; jvm 1.8.0_232-b09
2020-12-11 11:59:01,670 [Listener at 127.0.0.1/32773] INFO  server.session (DefaultSessionIdManager.java:doStart(334)) - DefaultSessionIdManager workerName=node0
2020-12-11 11:59:01,670 [Listener at 127.0.0.1/32773] INFO  server.session (DefaultSessionIdManager.java:doStart(339)) - No SessionScavenger set, using defaults
2020-12-11 11:59:01,670 [Listener at 127.0.0.1/32773] INFO  server.session (HouseKeeper.java:startScavenging(132)) - node0 Scavenging every 660000ms
2020-12-11 11:59:01,672 [Listener at 127.0.0.1/32773] INFO  handler.ContextHandler (ContextHandler.java:doStart(916)) - Started o.e.j.s.ServletContextHandler@37b98741{logs,/logs,file:///github/workspace/mnt/ozone/hadoop-ozone/integration-test/target/log,AVAILABLE}
2020-12-11 11:59:01,672 [Listener at 127.0.0.1/32773] INFO  handler.ContextHandler (ContextHandler.java:doStart(916)) - Started o.e.j.s.ServletContextHandler@400b4dd5{static,/static,jar:file:/home/user/.m2/repository/org/apache/hadoop/hadoop-hdds-container-service/1.1.0-SNAPSHOT/hadoop-hdds-container-service-1.1.0-SNAPSHOT.jar!/webapps/static,AVAILABLE}
2020-12-11 11:59:01,843 [Listener at 127.0.0.1/32773] INFO  handler.ContextHandler (ContextHandler.java:doStart(916)) - Started o.e.j.w.WebAppContext@5cfed4ee{hddsDatanode,/,file:///tmp/jetty-0_0_0_0-38327-hadoop-hdds-container-service-1_1_0-SNAPSHOT_jar-_-any-7138911242040674145/webapp/,AVAILABLE}{jar:file:/home/user/.m2/repository/org/apache/hadoop/hadoop-hdds-container-service/1.1.0-SNAPSHOT/hadoop-hdds-container-service-1.1.0-SNAPSHOT.jar!/webapps/hddsDatanode}
2020-12-11 11:59:01,845 [Listener at 127.0.0.1/32773] INFO  server.AbstractConnector (AbstractConnector.java:doStart(331)) - Started ServerConnector@3a40e068{HTTP/1.1, (http/1.1)}{0.0.0.0:38327}
2020-12-11 11:59:01,845 [Listener at 127.0.0.1/32773] INFO  server.Server (Server.java:doStart(415)) - Started @141175ms
2020-12-11 11:59:01,845 [Listener at 127.0.0.1/32773] WARN  impl.MetricsSystemImpl (MetricsSystemImpl.java:register(276)) - Sink prometheus already exists!
2020-12-11 11:59:01,849 [Listener at 127.0.0.1/32773] INFO  http.BaseHttpServer (BaseHttpServer.java:updateConnectorAddress(327)) - HTTP server of hddsDatanode listening at http://0.0.0.0:38327
2020-12-11 11:59:01,856 [Listener at 127.0.0.1/32773] INFO  impl.MetricsSystemImpl (MetricsSystemImpl.java:init(158)) - HddsDatanode metrics system started (again)
2020-12-11 11:59:01,859 [Listener at 127.0.0.1/32773] INFO  ozone.HddsDatanodeService (HddsDatanodeService.java:start(217)) - HddsDatanodeService host:302fe02fdb76 ip:172.17.0.2
2020-12-11 11:59:01,860 [org.apache.hadoop.util.JvmPauseMonitor$Monitor@265aa0fb] INFO  util.JvmPauseMonitor (JvmPauseMonitor.java:run(188)) - Starting JVM pause monitor
2020-12-11 11:59:01,863 [Datanode State Machine Task Thread - 0] INFO  datanode.InitDatanodeState (InitDatanodeState.java:persistContainerDatanodeDetails(145)) - DatanodeDetails is persisted to /github/workspace/mnt/ozone/hadoop-ozone/integration-test/target/test-dir/MiniOzoneClusterImpl-9e77629d-1495-4101-8eb0-46d1fa4d7a32/datanode-5/meta/datanode.id
2020-12-11 11:59:01,864 [Listener at 127.0.0.1/32773] INFO  volume.HddsVolume (HddsVolume.java:<init>(176)) - Creating Volume: /github/workspace/mnt/ozone/hadoop-ozone/integration-test/target/test-dir/MiniOzoneClusterImpl-9e77629d-1495-4101-8eb0-46d1fa4d7a32/datanode-6/data-0/containers/hdds of storage type : DISK and capacity : 9223372036854775807
2020-12-11 11:59:01,865 [Listener at 127.0.0.1/32773] INFO  volume.MutableVolumeSet (MutableVolumeSet.java:initializeVolumeSet(179)) - Added Volume : /github/workspace/mnt/ozone/hadoop-ozone/integration-test/target/test-dir/MiniOzoneClusterImpl-9e77629d-1495-4101-8eb0-46d1fa4d7a32/datanode-6/data-0/containers/hdds to VolumeSet
2020-12-11 11:59:01,865 [Listener at 127.0.0.1/32773] INFO  volume.ThrottledAsyncChecker (ThrottledAsyncChecker.java:schedule(141)) - Scheduling a check for /github/workspace/mnt/ozone/hadoop-ozone/integration-test/target/test-dir/MiniOzoneClusterImpl-9e77629d-1495-4101-8eb0-46d1fa4d7a32/datanode-6/data-0/containers/hdds
2020-12-11 11:59:01,866 [Listener at 127.0.0.1/32773] INFO  volume.HddsVolumeChecker (HddsVolumeChecker.java:checkAllVolumes(200)) - Scheduled health check for volume /github/workspace/mnt/ozone/hadoop-ozone/integration-test/target/test-dir/MiniOzoneClusterImpl-9e77629d-1495-4101-8eb0-46d1fa4d7a32/datanode-6/data-0/containers/hdds
2020-12-11 11:59:01,884 [Thread-1229] INFO  ozoneimpl.ContainerReader (ContainerReader.java:readVolume(123)) - Start to verify containers on volume /github/workspace/mnt/ozone/hadoop-ozone/integration-test/target/test-dir/MiniOzoneClusterImpl-9e77629d-1495-4101-8eb0-46d1fa4d7a32/datanode-6/data-0/containers/hdds
2020-12-11 11:59:01,884 [Thread-1229] INFO  ozoneimpl.ContainerReader (ContainerReader.java:readVolume(148)) - Finish verifying containers on volume /github/workspace/mnt/ozone/hadoop-ozone/integration-test/target/test-dir/MiniOzoneClusterImpl-9e77629d-1495-4101-8eb0-46d1fa4d7a32/datanode-6/data-0/containers/hdds
2020-12-11 11:59:01,884 [Listener at 127.0.0.1/32773] INFO  ozoneimpl.OzoneContainer (OzoneContainer.java:buildContainerSet(194)) - Build ContainerSet costs 0s
2020-12-11 11:59:01,886 [Listener at 127.0.0.1/32773] INFO  impl.RaftServerProxy (ConfUtils.java:logGet(44)) - raft.rpc.type = GRPC (default)
2020-12-11 11:59:01,887 [Listener at 127.0.0.1/32773] INFO  grpc.GrpcFactory (GrpcFactory.java:checkPooledByteBufAllocatorUseCacheForAllThreads(45)) - PERFORMANCE WARNING: useCacheForAllThreads is true that may cause Netty to create a lot garbage objects and, as a result, trigger GC.
	It is recommended to disable useCacheForAllThreads by setting -Dorg.apache.ratis.thirdparty.io.netty.allocator.useCacheForAllThreads=false in command line.
2020-12-11 11:59:01,887 [Listener at 127.0.0.1/32773] INFO  grpc.GrpcConfigKeys (ConfUtils.java:logGet(44)) - raft.grpc.server.port = 0 (default)
2020-12-11 11:59:01,887 [Listener at 127.0.0.1/32773] INFO  server.GrpcService (ConfUtils.java:logGet(44)) - raft.grpc.message.size.max = 32MB (=33554432) (custom)
2020-12-11 11:59:01,887 [Listener at 127.0.0.1/32773] INFO  server.RaftServerConfigKeys (ConfUtils.java:logGet(44)) - raft.server.log.appender.buffer.byte-limit = 33554432 (custom)
2020-12-11 11:59:01,887 [Listener at 127.0.0.1/32773] INFO  server.GrpcService (ConfUtils.java:logGet(44)) - raft.grpc.flow.control.window = 5MB (=5242880) (custom)
2020-12-11 11:59:01,887 [Listener at 127.0.0.1/32773] INFO  server.RaftServerConfigKeys (ConfUtils.java:logGet(44)) - raft.server.rpc.request.timeout = 3000ms (default)
2020-12-11 11:59:01,889 [Listener at 127.0.0.1/32773] INFO  impl.DataStreamServerImpl (ConfUtils.java:logGet(44)) - raft.datastream.type = DISABLED (default)
2020-12-11 11:59:01,889 [Listener at 127.0.0.1/32773] INFO  server.RaftServerConfigKeys (ConfUtils.java:logGet(44)) - raft.server.storage.dir = [/github/workspace/mnt/ozone/hadoop-ozone/integration-test/target/test-dir/MiniOzoneClusterImpl-9e77629d-1495-4101-8eb0-46d1fa4d7a32/datanode-6/data/ratis] (custom)
2020-12-11 11:59:01,894 [Listener at 127.0.0.1/32773] INFO  http.BaseHttpServer (BaseHttpServer.java:newHttpServer2BuilderForOzone(207)) - Starting Web-server for hddsDatanode at: http://0.0.0.0:0
2020-12-11 11:59:01,894 [Listener at 127.0.0.1/32773] INFO  http.BaseHttpServer (BaseHttpServer.java:<init>(106)) - Hadoop Security Enabled: false Ozone Security Enabled: false Ozone HTTP Security Enabled: false 
2020-12-11 11:59:01,895 [Listener at 127.0.0.1/32773] INFO  server.AuthenticationFilter (AuthenticationFilter.java:constructSecretProvider(240)) - Unable to initialize FileSignerSecretProvider, falling back to use random secrets.
2020-12-11 11:59:01,895 [Listener at 127.0.0.1/32773] WARN  http.HttpRequestLog (HttpRequestLog.java:getRequestLog(103)) - Jetty request log can only be enabled using Log4j
2020-12-11 11:59:01,896 [Listener at 127.0.0.1/32773] INFO  http.HttpServer2 (HttpServer2.java:addGlobalFilter(1020)) - Added global filter 'safety' (class=org.apache.hadoop.hdds.server.http.HttpServer2$QuotingInputFilter)
2020-12-11 11:59:01,897 [Listener at 127.0.0.1/32773] INFO  http.HttpServer2 (HttpServer2.java:addFilter(996)) - Added filter static_user_filter (class=org.apache.hadoop.http.lib.StaticUserWebFilter$StaticUserFilter) to context hddsDatanode
2020-12-11 11:59:01,897 [Listener at 127.0.0.1/32773] INFO  http.HttpServer2 (HttpServer2.java:addFilter(1004)) - Added filter static_user_filter (class=org.apache.hadoop.http.lib.StaticUserWebFilter$StaticUserFilter) to context logs
2020-12-11 11:59:01,897 [Listener at 127.0.0.1/32773] INFO  http.HttpServer2 (HttpServer2.java:addFilter(1004)) - Added filter static_user_filter (class=org.apache.hadoop.http.lib.StaticUserWebFilter$StaticUserFilter) to context static
2020-12-11 11:59:01,898 [Listener at 127.0.0.1/32773] INFO  http.HttpServer2 (HttpServer2.java:bindListener(1238)) - Jetty bound to port 37511
2020-12-11 11:59:01,898 [Listener at 127.0.0.1/32773] INFO  server.Server (Server.java:doStart(375)) - jetty-9.4.34.v20201102; built: 2020-11-02T14:15:39.302Z; git: e46af88704a893fc12cb0e3bf46e2c7b48a009e7; jvm 1.8.0_232-b09
2020-12-11 11:59:01,900 [Listener at 127.0.0.1/32773] INFO  server.session (DefaultSessionIdManager.java:doStart(334)) - DefaultSessionIdManager workerName=node0
2020-12-11 11:59:01,900 [Listener at 127.0.0.1/32773] INFO  server.session (DefaultSessionIdManager.java:doStart(339)) - No SessionScavenger set, using defaults
2020-12-11 11:59:01,900 [Listener at 127.0.0.1/32773] INFO  server.session (HouseKeeper.java:startScavenging(132)) - node0 Scavenging every 660000ms
2020-12-11 11:59:01,901 [Listener at 127.0.0.1/32773] INFO  handler.ContextHandler (ContextHandler.java:doStart(916)) - Started o.e.j.s.ServletContextHandler@32f7b6a2{logs,/logs,file:///github/workspace/mnt/ozone/hadoop-ozone/integration-test/target/log,AVAILABLE}
2020-12-11 11:59:01,901 [Listener at 127.0.0.1/32773] INFO  handler.ContextHandler (ContextHandler.java:doStart(916)) - Started o.e.j.s.ServletContextHandler@7e83251e{static,/static,jar:file:/home/user/.m2/repository/org/apache/hadoop/hadoop-hdds-container-service/1.1.0-SNAPSHOT/hadoop-hdds-container-service-1.1.0-SNAPSHOT.jar!/webapps/static,AVAILABLE}
2020-12-11 11:59:02,074 [Listener at 127.0.0.1/32773] INFO  handler.ContextHandler (ContextHandler.java:doStart(916)) - Started o.e.j.w.WebAppContext@310bf0ed{hddsDatanode,/,file:///tmp/jetty-0_0_0_0-37511-hadoop-hdds-container-service-1_1_0-SNAPSHOT_jar-_-any-5034825010018252600/webapp/,AVAILABLE}{jar:file:/home/user/.m2/repository/org/apache/hadoop/hadoop-hdds-container-service/1.1.0-SNAPSHOT/hadoop-hdds-container-service-1.1.0-SNAPSHOT.jar!/webapps/hddsDatanode}
2020-12-11 11:59:02,075 [Listener at 127.0.0.1/32773] INFO  server.AbstractConnector (AbstractConnector.java:doStart(331)) - Started ServerConnector@20ea933f{HTTP/1.1, (http/1.1)}{0.0.0.0:37511}
2020-12-11 11:59:02,076 [Listener at 127.0.0.1/32773] INFO  server.Server (Server.java:doStart(415)) - Started @141405ms
2020-12-11 11:59:02,076 [Listener at 127.0.0.1/32773] WARN  impl.MetricsSystemImpl (MetricsSystemImpl.java:register(276)) - Sink prometheus already exists!
2020-12-11 11:59:02,083 [Listener at 127.0.0.1/32773] INFO  http.BaseHttpServer (BaseHttpServer.java:updateConnectorAddress(327)) - HTTP server of hddsDatanode listening at http://0.0.0.0:37511
2020-12-11 11:59:02,085 [Listener at 127.0.0.1/32773] INFO  impl.MetricsSystemImpl (MetricsSystemImpl.java:init(158)) - HddsDatanode metrics system started (again)
2020-12-11 11:59:02,088 [Listener at 127.0.0.1/32773] INFO  ozone.HddsDatanodeService (HddsDatanodeService.java:start(217)) - HddsDatanodeService host:302fe02fdb76 ip:172.17.0.2
2020-12-11 11:59:02,088 [org.apache.hadoop.util.JvmPauseMonitor$Monitor@15a0bccf] INFO  util.JvmPauseMonitor (JvmPauseMonitor.java:run(188)) - Starting JVM pause monitor
2020-12-11 11:59:02,089 [Listener at 127.0.0.1/32773] INFO  volume.HddsVolume (HddsVolume.java:<init>(176)) - Creating Volume: /github/workspace/mnt/ozone/hadoop-ozone/integration-test/target/test-dir/MiniOzoneClusterImpl-9e77629d-1495-4101-8eb0-46d1fa4d7a32/datanode-7/data-0/containers/hdds of storage type : DISK and capacity : 9223372036854775807
2020-12-11 11:59:02,089 [Listener at 127.0.0.1/32773] INFO  volume.MutableVolumeSet (MutableVolumeSet.java:initializeVolumeSet(179)) - Added Volume : /github/workspace/mnt/ozone/hadoop-ozone/integration-test/target/test-dir/MiniOzoneClusterImpl-9e77629d-1495-4101-8eb0-46d1fa4d7a32/datanode-7/data-0/containers/hdds to VolumeSet
2020-12-11 11:59:02,090 [Listener at 127.0.0.1/32773] INFO  volume.ThrottledAsyncChecker (ThrottledAsyncChecker.java:schedule(141)) - Scheduling a check for /github/workspace/mnt/ozone/hadoop-ozone/integration-test/target/test-dir/MiniOzoneClusterImpl-9e77629d-1495-4101-8eb0-46d1fa4d7a32/datanode-7/data-0/containers/hdds
2020-12-11 11:59:02,090 [Listener at 127.0.0.1/32773] INFO  volume.HddsVolumeChecker (HddsVolumeChecker.java:checkAllVolumes(200)) - Scheduled health check for volume /github/workspace/mnt/ozone/hadoop-ozone/integration-test/target/test-dir/MiniOzoneClusterImpl-9e77629d-1495-4101-8eb0-46d1fa4d7a32/datanode-7/data-0/containers/hdds
2020-12-11 11:59:02,103 [Thread-1240] INFO  ozoneimpl.ContainerReader (ContainerReader.java:readVolume(123)) - Start to verify containers on volume /github/workspace/mnt/ozone/hadoop-ozone/integration-test/target/test-dir/MiniOzoneClusterImpl-9e77629d-1495-4101-8eb0-46d1fa4d7a32/datanode-7/data-0/containers/hdds
2020-12-11 11:59:02,104 [Thread-1240] INFO  ozoneimpl.ContainerReader (ContainerReader.java:readVolume(148)) - Finish verifying containers on volume /github/workspace/mnt/ozone/hadoop-ozone/integration-test/target/test-dir/MiniOzoneClusterImpl-9e77629d-1495-4101-8eb0-46d1fa4d7a32/datanode-7/data-0/containers/hdds
2020-12-11 11:59:02,104 [Listener at 127.0.0.1/32773] INFO  ozoneimpl.OzoneContainer (OzoneContainer.java:buildContainerSet(194)) - Build ContainerSet costs 0s
2020-12-11 11:59:02,104 [Datanode State Machine Task Thread - 0] INFO  datanode.InitDatanodeState (InitDatanodeState.java:persistContainerDatanodeDetails(145)) - DatanodeDetails is persisted to /github/workspace/mnt/ozone/hadoop-ozone/integration-test/target/test-dir/MiniOzoneClusterImpl-9e77629d-1495-4101-8eb0-46d1fa4d7a32/datanode-6/meta/datanode.id
2020-12-11 11:59:02,105 [Listener at 127.0.0.1/32773] INFO  impl.RaftServerProxy (ConfUtils.java:logGet(44)) - raft.rpc.type = GRPC (default)
2020-12-11 11:59:02,106 [Listener at 127.0.0.1/32773] INFO  grpc.GrpcFactory (GrpcFactory.java:checkPooledByteBufAllocatorUseCacheForAllThreads(45)) - PERFORMANCE WARNING: useCacheForAllThreads is true that may cause Netty to create a lot garbage objects and, as a result, trigger GC.
	It is recommended to disable useCacheForAllThreads by setting -Dorg.apache.ratis.thirdparty.io.netty.allocator.useCacheForAllThreads=false in command line.
2020-12-11 11:59:02,106 [Listener at 127.0.0.1/32773] INFO  grpc.GrpcConfigKeys (ConfUtils.java:logGet(44)) - raft.grpc.server.port = 0 (default)
2020-12-11 11:59:02,106 [Listener at 127.0.0.1/32773] INFO  server.GrpcService (ConfUtils.java:logGet(44)) - raft.grpc.message.size.max = 32MB (=33554432) (custom)
2020-12-11 11:59:02,106 [Listener at 127.0.0.1/32773] INFO  server.RaftServerConfigKeys (ConfUtils.java:logGet(44)) - raft.server.log.appender.buffer.byte-limit = 33554432 (custom)
2020-12-11 11:59:02,106 [Listener at 127.0.0.1/32773] INFO  server.GrpcService (ConfUtils.java:logGet(44)) - raft.grpc.flow.control.window = 5MB (=5242880) (custom)
2020-12-11 11:59:02,107 [Listener at 127.0.0.1/32773] INFO  server.RaftServerConfigKeys (ConfUtils.java:logGet(44)) - raft.server.rpc.request.timeout = 3000ms (default)
2020-12-11 11:59:02,108 [Listener at 127.0.0.1/32773] INFO  impl.DataStreamServerImpl (ConfUtils.java:logGet(44)) - raft.datastream.type = DISABLED (default)
2020-12-11 11:59:02,108 [Listener at 127.0.0.1/32773] INFO  server.RaftServerConfigKeys (ConfUtils.java:logGet(44)) - raft.server.storage.dir = [/github/workspace/mnt/ozone/hadoop-ozone/integration-test/target/test-dir/MiniOzoneClusterImpl-9e77629d-1495-4101-8eb0-46d1fa4d7a32/datanode-7/data/ratis] (custom)
2020-12-11 11:59:02,114 [Listener at 127.0.0.1/32773] INFO  http.BaseHttpServer (BaseHttpServer.java:newHttpServer2BuilderForOzone(207)) - Starting Web-server for hddsDatanode at: http://0.0.0.0:0
2020-12-11 11:59:02,114 [Listener at 127.0.0.1/32773] INFO  http.BaseHttpServer (BaseHttpServer.java:<init>(106)) - Hadoop Security Enabled: false Ozone Security Enabled: false Ozone HTTP Security Enabled: false 
2020-12-11 11:59:02,116 [Listener at 127.0.0.1/32773] INFO  server.AuthenticationFilter (AuthenticationFilter.java:constructSecretProvider(240)) - Unable to initialize FileSignerSecretProvider, falling back to use random secrets.
2020-12-11 11:59:02,116 [Listener at 127.0.0.1/32773] WARN  http.HttpRequestLog (HttpRequestLog.java:getRequestLog(103)) - Jetty request log can only be enabled using Log4j
2020-12-11 11:59:02,117 [Listener at 127.0.0.1/32773] INFO  http.HttpServer2 (HttpServer2.java:addGlobalFilter(1020)) - Added global filter 'safety' (class=org.apache.hadoop.hdds.server.http.HttpServer2$QuotingInputFilter)
2020-12-11 11:59:02,118 [Listener at 127.0.0.1/32773] INFO  http.HttpServer2 (HttpServer2.java:addFilter(996)) - Added filter static_user_filter (class=org.apache.hadoop.http.lib.StaticUserWebFilter$StaticUserFilter) to context hddsDatanode
2020-12-11 11:59:02,118 [Listener at 127.0.0.1/32773] INFO  http.HttpServer2 (HttpServer2.java:addFilter(1004)) - Added filter static_user_filter (class=org.apache.hadoop.http.lib.StaticUserWebFilter$StaticUserFilter) to context static
2020-12-11 11:59:02,120 [Listener at 127.0.0.1/32773] INFO  http.HttpServer2 (HttpServer2.java:addFilter(1004)) - Added filter static_user_filter (class=org.apache.hadoop.http.lib.StaticUserWebFilter$StaticUserFilter) to context logs
2020-12-11 11:59:02,122 [Listener at 127.0.0.1/32773] INFO  http.HttpServer2 (HttpServer2.java:bindListener(1238)) - Jetty bound to port 42513
2020-12-11 11:59:02,122 [Listener at 127.0.0.1/32773] INFO  server.Server (Server.java:doStart(375)) - jetty-9.4.34.v20201102; built: 2020-11-02T14:15:39.302Z; git: e46af88704a893fc12cb0e3bf46e2c7b48a009e7; jvm 1.8.0_232-b09
2020-12-11 11:59:02,126 [Listener at 127.0.0.1/32773] INFO  server.session (DefaultSessionIdManager.java:doStart(334)) - DefaultSessionIdManager workerName=node0
2020-12-11 11:59:02,127 [Listener at 127.0.0.1/32773] INFO  server.session (DefaultSessionIdManager.java:doStart(339)) - No SessionScavenger set, using defaults
2020-12-11 11:59:02,127 [Listener at 127.0.0.1/32773] INFO  server.session (HouseKeeper.java:startScavenging(132)) - node0 Scavenging every 600000ms
2020-12-11 11:59:02,131 [Listener at 127.0.0.1/32773] INFO  handler.ContextHandler (ContextHandler.java:doStart(916)) - Started o.e.j.s.ServletContextHandler@5659f3b4{logs,/logs,file:///github/workspace/mnt/ozone/hadoop-ozone/integration-test/target/log,AVAILABLE}
2020-12-11 11:59:02,131 [Listener at 127.0.0.1/32773] INFO  handler.ContextHandler (ContextHandler.java:doStart(916)) - Started o.e.j.s.ServletContextHandler@27b8adeb{static,/static,jar:file:/home/user/.m2/repository/org/apache/hadoop/hadoop-hdds-container-service/1.1.0-SNAPSHOT/hadoop-hdds-container-service-1.1.0-SNAPSHOT.jar!/webapps/static,AVAILABLE}
2020-12-11 11:59:02,302 [Listener at 127.0.0.1/32773] INFO  handler.ContextHandler (ContextHandler.java:doStart(916)) - Started o.e.j.w.WebAppContext@11326597{hddsDatanode,/,file:///tmp/jetty-0_0_0_0-42513-hadoop-hdds-container-service-1_1_0-SNAPSHOT_jar-_-any-5713937696385121126/webapp/,AVAILABLE}{jar:file:/home/user/.m2/repository/org/apache/hadoop/hadoop-hdds-container-service/1.1.0-SNAPSHOT/hadoop-hdds-container-service-1.1.0-SNAPSHOT.jar!/webapps/hddsDatanode}
2020-12-11 11:59:02,304 [Listener at 127.0.0.1/32773] INFO  server.AbstractConnector (AbstractConnector.java:doStart(331)) - Started ServerConnector@4f1422f7{HTTP/1.1, (http/1.1)}{0.0.0.0:42513}
2020-12-11 11:59:02,304 [Listener at 127.0.0.1/32773] INFO  server.Server (Server.java:doStart(415)) - Started @141634ms
2020-12-11 11:59:02,304 [Listener at 127.0.0.1/32773] WARN  impl.MetricsSystemImpl (MetricsSystemImpl.java:register(276)) - Sink prometheus already exists!
2020-12-11 11:59:02,309 [Listener at 127.0.0.1/32773] INFO  http.BaseHttpServer (BaseHttpServer.java:updateConnectorAddress(327)) - HTTP server of hddsDatanode listening at http://0.0.0.0:42513
2020-12-11 11:59:02,309 [Listener at 127.0.0.1/32773] INFO  impl.MetricsSystemImpl (MetricsSystemImpl.java:init(158)) - HddsDatanode metrics system started (again)
2020-12-11 11:59:02,312 [Listener at 127.0.0.1/32773] INFO  ozone.HddsDatanodeService (HddsDatanodeService.java:start(217)) - HddsDatanodeService host:302fe02fdb76 ip:172.17.0.2
2020-12-11 11:59:02,313 [Listener at 127.0.0.1/32773] INFO  volume.HddsVolume (HddsVolume.java:<init>(176)) - Creating Volume: /github/workspace/mnt/ozone/hadoop-ozone/integration-test/target/test-dir/MiniOzoneClusterImpl-9e77629d-1495-4101-8eb0-46d1fa4d7a32/datanode-8/data-0/containers/hdds of storage type : DISK and capacity : 9223372036854775807
2020-12-11 11:59:02,313 [Listener at 127.0.0.1/32773] INFO  volume.MutableVolumeSet (MutableVolumeSet.java:initializeVolumeSet(179)) - Added Volume : /github/workspace/mnt/ozone/hadoop-ozone/integration-test/target/test-dir/MiniOzoneClusterImpl-9e77629d-1495-4101-8eb0-46d1fa4d7a32/datanode-8/data-0/containers/hdds to VolumeSet
2020-12-11 11:59:02,314 [Listener at 127.0.0.1/32773] INFO  volume.ThrottledAsyncChecker (ThrottledAsyncChecker.java:schedule(141)) - Scheduling a check for /github/workspace/mnt/ozone/hadoop-ozone/integration-test/target/test-dir/MiniOzoneClusterImpl-9e77629d-1495-4101-8eb0-46d1fa4d7a32/datanode-8/data-0/containers/hdds
2020-12-11 11:59:02,317 [Listener at 127.0.0.1/32773] INFO  volume.HddsVolumeChecker (HddsVolumeChecker.java:checkAllVolumes(200)) - Scheduled health check for volume /github/workspace/mnt/ozone/hadoop-ozone/integration-test/target/test-dir/MiniOzoneClusterImpl-9e77629d-1495-4101-8eb0-46d1fa4d7a32/datanode-8/data-0/containers/hdds
2020-12-11 11:59:02,327 [org.apache.hadoop.util.JvmPauseMonitor$Monitor@29f0e74] INFO  util.JvmPauseMonitor (JvmPauseMonitor.java:run(188)) - Starting JVM pause monitor
2020-12-11 11:59:02,329 [Datanode State Machine Task Thread - 0] INFO  datanode.InitDatanodeState (InitDatanodeState.java:persistContainerDatanodeDetails(145)) - DatanodeDetails is persisted to /github/workspace/mnt/ozone/hadoop-ozone/integration-test/target/test-dir/MiniOzoneClusterImpl-9e77629d-1495-4101-8eb0-46d1fa4d7a32/datanode-7/meta/datanode.id
2020-12-11 11:59:02,340 [Thread-1251] INFO  ozoneimpl.ContainerReader (ContainerReader.java:readVolume(123)) - Start to verify containers on volume /github/workspace/mnt/ozone/hadoop-ozone/integration-test/target/test-dir/MiniOzoneClusterImpl-9e77629d-1495-4101-8eb0-46d1fa4d7a32/datanode-8/data-0/containers/hdds
2020-12-11 11:59:02,340 [Thread-1251] INFO  ozoneimpl.ContainerReader (ContainerReader.java:readVolume(148)) - Finish verifying containers on volume /github/workspace/mnt/ozone/hadoop-ozone/integration-test/target/test-dir/MiniOzoneClusterImpl-9e77629d-1495-4101-8eb0-46d1fa4d7a32/datanode-8/data-0/containers/hdds
2020-12-11 11:59:02,340 [Listener at 127.0.0.1/32773] INFO  ozoneimpl.OzoneContainer (OzoneContainer.java:buildContainerSet(194)) - Build ContainerSet costs 0s
2020-12-11 11:59:02,342 [Listener at 127.0.0.1/32773] INFO  impl.RaftServerProxy (ConfUtils.java:logGet(44)) - raft.rpc.type = GRPC (default)
2020-12-11 11:59:02,342 [Listener at 127.0.0.1/32773] INFO  grpc.GrpcFactory (GrpcFactory.java:checkPooledByteBufAllocatorUseCacheForAllThreads(45)) - PERFORMANCE WARNING: useCacheForAllThreads is true that may cause Netty to create a lot garbage objects and, as a result, trigger GC.
	It is recommended to disable useCacheForAllThreads by setting -Dorg.apache.ratis.thirdparty.io.netty.allocator.useCacheForAllThreads=false in command line.
2020-12-11 11:59:02,342 [Listener at 127.0.0.1/32773] INFO  grpc.GrpcConfigKeys (ConfUtils.java:logGet(44)) - raft.grpc.server.port = 0 (default)
2020-12-11 11:59:02,342 [Listener at 127.0.0.1/32773] INFO  server.GrpcService (ConfUtils.java:logGet(44)) - raft.grpc.message.size.max = 32MB (=33554432) (custom)
2020-12-11 11:59:02,342 [Listener at 127.0.0.1/32773] INFO  server.RaftServerConfigKeys (ConfUtils.java:logGet(44)) - raft.server.log.appender.buffer.byte-limit = 33554432 (custom)
2020-12-11 11:59:02,342 [Listener at 127.0.0.1/32773] INFO  server.GrpcService (ConfUtils.java:logGet(44)) - raft.grpc.flow.control.window = 5MB (=5242880) (custom)
2020-12-11 11:59:02,343 [Listener at 127.0.0.1/32773] INFO  server.RaftServerConfigKeys (ConfUtils.java:logGet(44)) - raft.server.rpc.request.timeout = 3000ms (default)
2020-12-11 11:59:02,344 [Listener at 127.0.0.1/32773] INFO  impl.DataStreamServerImpl (ConfUtils.java:logGet(44)) - raft.datastream.type = DISABLED (default)
2020-12-11 11:59:02,344 [Listener at 127.0.0.1/32773] INFO  server.RaftServerConfigKeys (ConfUtils.java:logGet(44)) - raft.server.storage.dir = [/github/workspace/mnt/ozone/hadoop-ozone/integration-test/target/test-dir/MiniOzoneClusterImpl-9e77629d-1495-4101-8eb0-46d1fa4d7a32/datanode-8/data/ratis] (custom)
2020-12-11 11:59:02,349 [Listener at 127.0.0.1/32773] INFO  http.BaseHttpServer (BaseHttpServer.java:newHttpServer2BuilderForOzone(207)) - Starting Web-server for hddsDatanode at: http://0.0.0.0:0
2020-12-11 11:59:02,350 [Listener at 127.0.0.1/32773] INFO  http.BaseHttpServer (BaseHttpServer.java:<init>(106)) - Hadoop Security Enabled: false Ozone Security Enabled: false Ozone HTTP Security Enabled: false 
2020-12-11 11:59:02,351 [Listener at 127.0.0.1/32773] INFO  server.AuthenticationFilter (AuthenticationFilter.java:constructSecretProvider(240)) - Unable to initialize FileSignerSecretProvider, falling back to use random secrets.
2020-12-11 11:59:02,351 [Listener at 127.0.0.1/32773] WARN  http.HttpRequestLog (HttpRequestLog.java:getRequestLog(103)) - Jetty request log can only be enabled using Log4j
2020-12-11 11:59:02,352 [Listener at 127.0.0.1/32773] INFO  http.HttpServer2 (HttpServer2.java:addGlobalFilter(1020)) - Added global filter 'safety' (class=org.apache.hadoop.hdds.server.http.HttpServer2$QuotingInputFilter)
2020-12-11 11:59:02,352 [Listener at 127.0.0.1/32773] INFO  http.HttpServer2 (HttpServer2.java:addFilter(996)) - Added filter static_user_filter (class=org.apache.hadoop.http.lib.StaticUserWebFilter$StaticUserFilter) to context hddsDatanode
2020-12-11 11:59:02,352 [Listener at 127.0.0.1/32773] INFO  http.HttpServer2 (HttpServer2.java:addFilter(1004)) - Added filter static_user_filter (class=org.apache.hadoop.http.lib.StaticUserWebFilter$StaticUserFilter) to context logs
2020-12-11 11:59:02,353 [Listener at 127.0.0.1/32773] INFO  http.HttpServer2 (HttpServer2.java:addFilter(1004)) - Added filter static_user_filter (class=org.apache.hadoop.http.lib.StaticUserWebFilter$StaticUserFilter) to context static
2020-12-11 11:59:02,353 [Listener at 127.0.0.1/32773] INFO  http.HttpServer2 (HttpServer2.java:bindListener(1238)) - Jetty bound to port 43949
2020-12-11 11:59:02,353 [Listener at 127.0.0.1/32773] INFO  server.Server (Server.java:doStart(375)) - jetty-9.4.34.v20201102; built: 2020-11-02T14:15:39.302Z; git: e46af88704a893fc12cb0e3bf46e2c7b48a009e7; jvm 1.8.0_232-b09
2020-12-11 11:59:02,355 [Listener at 127.0.0.1/32773] INFO  server.session (DefaultSessionIdManager.java:doStart(334)) - DefaultSessionIdManager workerName=node0
2020-12-11 11:59:02,355 [Listener at 127.0.0.1/32773] INFO  server.session (DefaultSessionIdManager.java:doStart(339)) - No SessionScavenger set, using defaults
2020-12-11 11:59:02,355 [Listener at 127.0.0.1/32773] INFO  server.session (HouseKeeper.java:startScavenging(132)) - node0 Scavenging every 600000ms
2020-12-11 11:59:02,356 [Listener at 127.0.0.1/32773] INFO  handler.ContextHandler (ContextHandler.java:doStart(916)) - Started o.e.j.s.ServletContextHandler@30f19549{logs,/logs,file:///github/workspace/mnt/ozone/hadoop-ozone/integration-test/target/log,AVAILABLE}
2020-12-11 11:59:02,357 [Listener at 127.0.0.1/32773] INFO  handler.ContextHandler (ContextHandler.java:doStart(916)) - Started o.e.j.s.ServletContextHandler@5f9c3073{static,/static,jar:file:/home/user/.m2/repository/org/apache/hadoop/hadoop-hdds-container-service/1.1.0-SNAPSHOT/hadoop-hdds-container-service-1.1.0-SNAPSHOT.jar!/webapps/static,AVAILABLE}
2020-12-11 11:59:02,530 [Listener at 127.0.0.1/32773] INFO  handler.ContextHandler (ContextHandler.java:doStart(916)) - Started o.e.j.w.WebAppContext@43fa643e{hddsDatanode,/,file:///tmp/jetty-0_0_0_0-43949-hadoop-hdds-container-service-1_1_0-SNAPSHOT_jar-_-any-6687561030800196039/webapp/,AVAILABLE}{jar:file:/home/user/.m2/repository/org/apache/hadoop/hadoop-hdds-container-service/1.1.0-SNAPSHOT/hadoop-hdds-container-service-1.1.0-SNAPSHOT.jar!/webapps/hddsDatanode}
2020-12-11 11:59:02,531 [Listener at 127.0.0.1/32773] INFO  server.AbstractConnector (AbstractConnector.java:doStart(331)) - Started ServerConnector@4002f09c{HTTP/1.1, (http/1.1)}{0.0.0.0:43949}
2020-12-11 11:59:02,532 [Listener at 127.0.0.1/32773] INFO  server.Server (Server.java:doStart(415)) - Started @141861ms
2020-12-11 11:59:02,532 [Listener at 127.0.0.1/32773] WARN  impl.MetricsSystemImpl (MetricsSystemImpl.java:register(276)) - Sink prometheus already exists!
2020-12-11 11:59:02,536 [Listener at 127.0.0.1/32773] INFO  http.BaseHttpServer (BaseHttpServer.java:updateConnectorAddress(327)) - HTTP server of hddsDatanode listening at http://0.0.0.0:43949
2020-12-11 11:59:02,539 [Listener at 127.0.0.1/32773] INFO  ozone.MiniOzoneClusterImpl (MiniOzoneClusterImpl.java:lambda$waitForClusterToBeReady$0(178)) - Waiting for nodes to be ready. Got 0 of 9 DN Heartbeats.
2020-12-11 11:59:02,539 [Listener at 127.0.0.1/32773] INFO  ozone.MiniOzoneClusterImpl (MiniOzoneClusterImpl.java:lambda$waitForClusterToBeReady$0(181)) - Waiting for cluster to exit safe mode
2020-12-11 11:59:02,544 [org.apache.hadoop.util.JvmPauseMonitor$Monitor@69cb3508] INFO  util.JvmPauseMonitor (JvmPauseMonitor.java:run(188)) - Starting JVM pause monitor
2020-12-11 11:59:02,546 [Datanode State Machine Task Thread - 0] INFO  datanode.InitDatanodeState (InitDatanodeState.java:persistContainerDatanodeDetails(145)) - DatanodeDetails is persisted to /github/workspace/mnt/ozone/hadoop-ozone/integration-test/target/test-dir/MiniOzoneClusterImpl-9e77629d-1495-4101-8eb0-46d1fa4d7a32/datanode-8/meta/datanode.id
2020-12-11 11:59:02,594 [EndpointStateMachine task thread for /0.0.0.0:32927 - 0 ] INFO  ozoneimpl.OzoneContainer (OzoneContainer.java:start(243)) - Attempting to start container services.
2020-12-11 11:59:02,594 [EndpointStateMachine task thread for /0.0.0.0:32927 - 0 ] INFO  ozoneimpl.OzoneContainer (OzoneContainer.java:startContainerScrub(207)) - Background container scanner has been disabled.
2020-12-11 11:59:02,594 [EndpointStateMachine task thread for /0.0.0.0:32927 - 0 ] INFO  ratis.XceiverServerRatis (XceiverServerRatis.java:start(456)) - Starting XceiverServerRatis 675d35ba-bb57-4ae2-b121-2cd47ec358f4 at port 0
2020-12-11 11:59:02,595 [EndpointStateMachine task thread for /0.0.0.0:32927 - 0 ] INFO  impl.RaftServerProxy (RaftServerProxy.java:lambda$start$3(321)) - 675d35ba-bb57-4ae2-b121-2cd47ec358f4: start RPC server
2020-12-11 11:59:02,596 [EndpointStateMachine task thread for /0.0.0.0:32927 - 0 ] INFO  server.GrpcService (GrpcService.java:startImpl(177)) - 675d35ba-bb57-4ae2-b121-2cd47ec358f4: GrpcService started, listening on 0.0.0.0/0.0.0.0:39033
2020-12-11 11:59:02,597 [EndpointStateMachine task thread for /0.0.0.0:32927 - 0 ] INFO  ratis.XceiverServerRatis (XceiverServerRatis.java:start(468)) - XceiverServerRatis 675d35ba-bb57-4ae2-b121-2cd47ec358f4 is started using port 39033
2020-12-11 11:59:02,597 [org.apache.ratis.server.JvmPauseMonitor@27b12fe5-Monitor] INFO  server.RaftServerConfigKeys (ConfUtils.java:logGet(44)) - raft.server.leaderelection.leader.step-down.wait-time = 10s (default)
2020-12-11 11:59:02,597 [org.apache.ratis.server.JvmPauseMonitor@27b12fe5-Monitor] INFO  server.RaftServerConfigKeys (ConfUtils.java:logGet(44)) - raft.server.rpc.slowness.timeout = 300000ms (custom)
2020-12-11 11:59:02,597 [org.apache.ratis.server.JvmPauseMonitor@27b12fe5-Monitor] INFO  server.JvmPauseMonitor (JvmPauseMonitor.java:run(129)) - Starting Ratis JVM pause monitor
2020-12-11 11:59:02,597 [EndpointStateMachine task thread for /0.0.0.0:32927 - 0 ] INFO  server.XceiverServerGrpc (XceiverServerGrpc.java:start(145)) - XceiverServerGrpc 675d35ba-bb57-4ae2-b121-2cd47ec358f4 is started using port 39793
2020-12-11 11:59:02,811 [EndpointStateMachine task thread for /0.0.0.0:32927 - 0 ] INFO  ozoneimpl.OzoneContainer (OzoneContainer.java:start(243)) - Attempting to start container services.
2020-12-11 11:59:02,811 [EndpointStateMachine task thread for /0.0.0.0:32927 - 0 ] INFO  ozoneimpl.OzoneContainer (OzoneContainer.java:startContainerScrub(207)) - Background container scanner has been disabled.
2020-12-11 11:59:02,812 [EndpointStateMachine task thread for /0.0.0.0:32927 - 0 ] INFO  ratis.XceiverServerRatis (XceiverServerRatis.java:start(456)) - Starting XceiverServerRatis 14058016-3fcf-4920-991e-a5361899d5d7 at port 0
2020-12-11 11:59:02,812 [EndpointStateMachine task thread for /0.0.0.0:32927 - 0 ] INFO  impl.RaftServerProxy (RaftServerProxy.java:lambda$start$3(321)) - 14058016-3fcf-4920-991e-a5361899d5d7: start RPC server
2020-12-11 11:59:02,813 [EndpointStateMachine task thread for /0.0.0.0:32927 - 0 ] INFO  server.GrpcService (GrpcService.java:startImpl(177)) - 14058016-3fcf-4920-991e-a5361899d5d7: GrpcService started, listening on 0.0.0.0/0.0.0.0:45451
2020-12-11 11:59:02,813 [EndpointStateMachine task thread for /0.0.0.0:32927 - 0 ] INFO  ratis.XceiverServerRatis (XceiverServerRatis.java:start(468)) - XceiverServerRatis 14058016-3fcf-4920-991e-a5361899d5d7 is started using port 45451
2020-12-11 11:59:02,813 [org.apache.ratis.server.JvmPauseMonitor@17387913-Monitor] INFO  server.RaftServerConfigKeys (ConfUtils.java:logGet(44)) - raft.server.leaderelection.leader.step-down.wait-time = 10s (default)
2020-12-11 11:59:02,813 [org.apache.ratis.server.JvmPauseMonitor@17387913-Monitor] INFO  server.RaftServerConfigKeys (ConfUtils.java:logGet(44)) - raft.server.rpc.slowness.timeout = 300000ms (custom)
2020-12-11 11:59:02,813 [org.apache.ratis.server.JvmPauseMonitor@17387913-Monitor] INFO  server.JvmPauseMonitor (JvmPauseMonitor.java:run(129)) - Starting Ratis JVM pause monitor
2020-12-11 11:59:02,814 [EndpointStateMachine task thread for /0.0.0.0:32927 - 0 ] INFO  server.XceiverServerGrpc (XceiverServerGrpc.java:start(145)) - XceiverServerGrpc 14058016-3fcf-4920-991e-a5361899d5d7 is started using port 40659
2020-12-11 11:59:03,040 [EndpointStateMachine task thread for /0.0.0.0:32927 - 0 ] INFO  ozoneimpl.OzoneContainer (OzoneContainer.java:start(243)) - Attempting to start container services.
2020-12-11 11:59:03,040 [EndpointStateMachine task thread for /0.0.0.0:32927 - 0 ] INFO  ozoneimpl.OzoneContainer (OzoneContainer.java:startContainerScrub(207)) - Background container scanner has been disabled.
2020-12-11 11:59:03,040 [EndpointStateMachine task thread for /0.0.0.0:32927 - 0 ] INFO  ratis.XceiverServerRatis (XceiverServerRatis.java:start(456)) - Starting XceiverServerRatis a301dd64-f793-4e68-ac47-305a8ea93822 at port 0
2020-12-11 11:59:03,040 [EndpointStateMachine task thread for /0.0.0.0:32927 - 0 ] INFO  impl.RaftServerProxy (RaftServerProxy.java:lambda$start$3(321)) - a301dd64-f793-4e68-ac47-305a8ea93822: start RPC server
2020-12-11 11:59:03,043 [EndpointStateMachine task thread for /0.0.0.0:32927 - 0 ] INFO  server.GrpcService (GrpcService.java:startImpl(177)) - a301dd64-f793-4e68-ac47-305a8ea93822: GrpcService started, listening on 0.0.0.0/0.0.0.0:40329
2020-12-11 11:59:03,044 [EndpointStateMachine task thread for /0.0.0.0:32927 - 0 ] INFO  ratis.XceiverServerRatis (XceiverServerRatis.java:start(468)) - XceiverServerRatis a301dd64-f793-4e68-ac47-305a8ea93822 is started using port 40329
2020-12-11 11:59:03,044 [org.apache.ratis.server.JvmPauseMonitor@69841d57-Monitor] INFO  server.RaftServerConfigKeys (ConfUtils.java:logGet(44)) - raft.server.leaderelection.leader.step-down.wait-time = 10s (default)
2020-12-11 11:59:03,045 [org.apache.ratis.server.JvmPauseMonitor@69841d57-Monitor] INFO  server.RaftServerConfigKeys (ConfUtils.java:logGet(44)) - raft.server.rpc.slowness.timeout = 300000ms (custom)
2020-12-11 11:59:03,045 [org.apache.ratis.server.JvmPauseMonitor@69841d57-Monitor] INFO  server.JvmPauseMonitor (JvmPauseMonitor.java:run(129)) - Starting Ratis JVM pause monitor
2020-12-11 11:59:03,045 [EndpointStateMachine task thread for /0.0.0.0:32927 - 0 ] INFO  server.XceiverServerGrpc (XceiverServerGrpc.java:start(145)) - XceiverServerGrpc a301dd64-f793-4e68-ac47-305a8ea93822 is started using port 35703
2020-12-11 11:59:03,418 [EndpointStateMachine task thread for /0.0.0.0:32927 - 0 ] INFO  ozoneimpl.OzoneContainer (OzoneContainer.java:start(243)) - Attempting to start container services.
2020-12-11 11:59:03,419 [EndpointStateMachine task thread for /0.0.0.0:32927 - 0 ] INFO  ozoneimpl.OzoneContainer (OzoneContainer.java:startContainerScrub(207)) - Background container scanner has been disabled.
2020-12-11 11:59:03,419 [EndpointStateMachine task thread for /0.0.0.0:32927 - 0 ] INFO  ratis.XceiverServerRatis (XceiverServerRatis.java:start(456)) - Starting XceiverServerRatis 14fff06d-4b2c-4584-8355-292f5629e732 at port 0
2020-12-11 11:59:03,419 [EndpointStateMachine task thread for /0.0.0.0:32927 - 0 ] INFO  impl.RaftServerProxy (RaftServerProxy.java:lambda$start$3(321)) - 14fff06d-4b2c-4584-8355-292f5629e732: start RPC server
2020-12-11 11:59:03,421 [EndpointStateMachine task thread for /0.0.0.0:32927 - 0 ] INFO  server.GrpcService (GrpcService.java:startImpl(177)) - 14fff06d-4b2c-4584-8355-292f5629e732: GrpcService started, listening on 0.0.0.0/0.0.0.0:45411
2020-12-11 11:59:03,422 [EndpointStateMachine task thread for /0.0.0.0:32927 - 0 ] INFO  ratis.XceiverServerRatis (XceiverServerRatis.java:start(468)) - XceiverServerRatis 14fff06d-4b2c-4584-8355-292f5629e732 is started using port 45411
2020-12-11 11:59:03,422 [org.apache.ratis.server.JvmPauseMonitor@4b202ed7-Monitor] INFO  server.RaftServerConfigKeys (ConfUtils.java:logGet(44)) - raft.server.leaderelection.leader.step-down.wait-time = 10s (default)
2020-12-11 11:59:03,422 [EndpointStateMachine task thread for /0.0.0.0:32927 - 0 ] INFO  server.XceiverServerGrpc (XceiverServerGrpc.java:start(145)) - XceiverServerGrpc 14fff06d-4b2c-4584-8355-292f5629e732 is started using port 35225
2020-12-11 11:59:03,424 [org.apache.ratis.server.JvmPauseMonitor@4b202ed7-Monitor] INFO  server.RaftServerConfigKeys (ConfUtils.java:logGet(44)) - raft.server.rpc.slowness.timeout = 300000ms (custom)
2020-12-11 11:59:03,424 [org.apache.ratis.server.JvmPauseMonitor@4b202ed7-Monitor] INFO  server.JvmPauseMonitor (JvmPauseMonitor.java:run(129)) - Starting Ratis JVM pause monitor
2020-12-11 11:59:03,539 [Listener at 127.0.0.1/32773] INFO  ozone.MiniOzoneClusterImpl (MiniOzoneClusterImpl.java:lambda$waitForClusterToBeReady$0(178)) - Waiting for nodes to be ready. Got 0 of 9 DN Heartbeats.
2020-12-11 11:59:03,539 [Listener at 127.0.0.1/32773] INFO  ozone.MiniOzoneClusterImpl (MiniOzoneClusterImpl.java:lambda$waitForClusterToBeReady$0(181)) - Waiting for cluster to exit safe mode
2020-12-11 11:59:03,635 [EndpointStateMachine task thread for /0.0.0.0:32927 - 0 ] INFO  ozoneimpl.OzoneContainer (OzoneContainer.java:start(243)) - Attempting to start container services.
2020-12-11 11:59:03,635 [EndpointStateMachine task thread for /0.0.0.0:32927 - 0 ] INFO  ozoneimpl.OzoneContainer (OzoneContainer.java:startContainerScrub(207)) - Background container scanner has been disabled.
2020-12-11 11:59:03,635 [EndpointStateMachine task thread for /0.0.0.0:32927 - 0 ] INFO  ratis.XceiverServerRatis (XceiverServerRatis.java:start(456)) - Starting XceiverServerRatis ce7b29ad-df73-4c8e-895b-c9a715706485 at port 0
2020-12-11 11:59:03,636 [EndpointStateMachine task thread for /0.0.0.0:32927 - 0 ] INFO  impl.RaftServerProxy (RaftServerProxy.java:lambda$start$3(321)) - ce7b29ad-df73-4c8e-895b-c9a715706485: start RPC server
2020-12-11 11:59:03,640 [EndpointStateMachine task thread for /0.0.0.0:32927 - 0 ] INFO  server.GrpcService (GrpcService.java:startImpl(177)) - ce7b29ad-df73-4c8e-895b-c9a715706485: GrpcService started, listening on 0.0.0.0/0.0.0.0:37077
2020-12-11 11:59:03,640 [EndpointStateMachine task thread for /0.0.0.0:32927 - 0 ] INFO  ratis.XceiverServerRatis (XceiverServerRatis.java:start(468)) - XceiverServerRatis ce7b29ad-df73-4c8e-895b-c9a715706485 is started using port 37077
2020-12-11 11:59:03,640 [org.apache.ratis.server.JvmPauseMonitor@273af405-Monitor] INFO  server.RaftServerConfigKeys (ConfUtils.java:logGet(44)) - raft.server.leaderelection.leader.step-down.wait-time = 10s (default)
2020-12-11 11:59:03,640 [org.apache.ratis.server.JvmPauseMonitor@273af405-Monitor] INFO  server.RaftServerConfigKeys (ConfUtils.java:logGet(44)) - raft.server.rpc.slowness.timeout = 300000ms (custom)
2020-12-11 11:59:03,640 [org.apache.ratis.server.JvmPauseMonitor@273af405-Monitor] INFO  server.JvmPauseMonitor (JvmPauseMonitor.java:run(129)) - Starting Ratis JVM pause monitor
2020-12-11 11:59:03,641 [EndpointStateMachine task thread for /0.0.0.0:32927 - 0 ] INFO  server.XceiverServerGrpc (XceiverServerGrpc.java:start(145)) - XceiverServerGrpc ce7b29ad-df73-4c8e-895b-c9a715706485 is started using port 40219
2020-12-11 11:59:03,860 [EndpointStateMachine task thread for /0.0.0.0:32927 - 0 ] INFO  ozoneimpl.OzoneContainer (OzoneContainer.java:start(243)) - Attempting to start container services.
2020-12-11 11:59:03,860 [EndpointStateMachine task thread for /0.0.0.0:32927 - 0 ] INFO  ozoneimpl.OzoneContainer (OzoneContainer.java:startContainerScrub(207)) - Background container scanner has been disabled.
2020-12-11 11:59:03,861 [EndpointStateMachine task thread for /0.0.0.0:32927 - 0 ] INFO  ratis.XceiverServerRatis (XceiverServerRatis.java:start(456)) - Starting XceiverServerRatis 6ceb72e1-9dfc-406c-bbba-66398b5fee3f at port 0
2020-12-11 11:59:03,870 [EndpointStateMachine task thread for /0.0.0.0:32927 - 0 ] INFO  impl.RaftServerProxy (RaftServerProxy.java:lambda$start$3(321)) - 6ceb72e1-9dfc-406c-bbba-66398b5fee3f: start RPC server
2020-12-11 11:59:03,871 [EndpointStateMachine task thread for /0.0.0.0:32927 - 0 ] INFO  server.GrpcService (GrpcService.java:startImpl(177)) - 6ceb72e1-9dfc-406c-bbba-66398b5fee3f: GrpcService started, listening on 0.0.0.0/0.0.0.0:42665
2020-12-11 11:59:03,872 [EndpointStateMachine task thread for /0.0.0.0:32927 - 0 ] INFO  ratis.XceiverServerRatis (XceiverServerRatis.java:start(468)) - XceiverServerRatis 6ceb72e1-9dfc-406c-bbba-66398b5fee3f is started using port 42665
2020-12-11 11:59:03,872 [org.apache.ratis.server.JvmPauseMonitor@24e5fcfc-Monitor] INFO  server.RaftServerConfigKeys (ConfUtils.java:logGet(44)) - raft.server.leaderelection.leader.step-down.wait-time = 10s (default)
2020-12-11 11:59:03,872 [EndpointStateMachine task thread for /0.0.0.0:32927 - 0 ] INFO  server.XceiverServerGrpc (XceiverServerGrpc.java:start(145)) - XceiverServerGrpc 6ceb72e1-9dfc-406c-bbba-66398b5fee3f is started using port 35693
2020-12-11 11:59:03,872 [org.apache.ratis.server.JvmPauseMonitor@24e5fcfc-Monitor] INFO  server.RaftServerConfigKeys (ConfUtils.java:logGet(44)) - raft.server.rpc.slowness.timeout = 300000ms (custom)
2020-12-11 11:59:03,872 [org.apache.ratis.server.JvmPauseMonitor@24e5fcfc-Monitor] INFO  server.JvmPauseMonitor (JvmPauseMonitor.java:run(129)) - Starting Ratis JVM pause monitor
2020-12-11 11:59:04,091 [EndpointStateMachine task thread for /0.0.0.0:32927 - 0 ] INFO  ozoneimpl.OzoneContainer (OzoneContainer.java:start(243)) - Attempting to start container services.
2020-12-11 11:59:04,091 [EndpointStateMachine task thread for /0.0.0.0:32927 - 0 ] INFO  ozoneimpl.OzoneContainer (OzoneContainer.java:startContainerScrub(207)) - Background container scanner has been disabled.
2020-12-11 11:59:04,092 [EndpointStateMachine task thread for /0.0.0.0:32927 - 0 ] INFO  ratis.XceiverServerRatis (XceiverServerRatis.java:start(456)) - Starting XceiverServerRatis ae07f068-47ba-4716-bac5-3cb4c79fd2be at port 0
2020-12-11 11:59:04,092 [EndpointStateMachine task thread for /0.0.0.0:32927 - 0 ] INFO  impl.RaftServerProxy (RaftServerProxy.java:lambda$start$3(321)) - ae07f068-47ba-4716-bac5-3cb4c79fd2be: start RPC server
2020-12-11 11:59:04,093 [EndpointStateMachine task thread for /0.0.0.0:32927 - 0 ] INFO  server.GrpcService (GrpcService.java:startImpl(177)) - ae07f068-47ba-4716-bac5-3cb4c79fd2be: GrpcService started, listening on 0.0.0.0/0.0.0.0:44007
2020-12-11 11:59:04,093 [EndpointStateMachine task thread for /0.0.0.0:32927 - 0 ] INFO  ratis.XceiverServerRatis (XceiverServerRatis.java:start(468)) - XceiverServerRatis ae07f068-47ba-4716-bac5-3cb4c79fd2be is started using port 44007
2020-12-11 11:59:04,093 [org.apache.ratis.server.JvmPauseMonitor@4b3f4c0-Monitor] INFO  server.RaftServerConfigKeys (ConfUtils.java:logGet(44)) - raft.server.leaderelection.leader.step-down.wait-time = 10s (default)
2020-12-11 11:59:04,094 [org.apache.ratis.server.JvmPauseMonitor@4b3f4c0-Monitor] INFO  server.RaftServerConfigKeys (ConfUtils.java:logGet(44)) - raft.server.rpc.slowness.timeout = 300000ms (custom)
2020-12-11 11:59:04,094 [org.apache.ratis.server.JvmPauseMonitor@4b3f4c0-Monitor] INFO  server.JvmPauseMonitor (JvmPauseMonitor.java:run(129)) - Starting Ratis JVM pause monitor
2020-12-11 11:59:04,095 [EndpointStateMachine task thread for /0.0.0.0:32927 - 0 ] INFO  server.XceiverServerGrpc (XceiverServerGrpc.java:start(145)) - XceiverServerGrpc ae07f068-47ba-4716-bac5-3cb4c79fd2be is started using port 44819
2020-12-11 11:59:04,331 [EndpointStateMachine task thread for /0.0.0.0:32927 - 0 ] INFO  ozoneimpl.OzoneContainer (OzoneContainer.java:start(243)) - Attempting to start container services.
2020-12-11 11:59:04,331 [EndpointStateMachine task thread for /0.0.0.0:32927 - 0 ] INFO  ozoneimpl.OzoneContainer (OzoneContainer.java:startContainerScrub(207)) - Background container scanner has been disabled.
2020-12-11 11:59:04,331 [EndpointStateMachine task thread for /0.0.0.0:32927 - 0 ] INFO  ratis.XceiverServerRatis (XceiverServerRatis.java:start(456)) - Starting XceiverServerRatis 3242355b-cd6b-427d-b7e9-4ae74739cb3e at port 0
2020-12-11 11:59:04,333 [EndpointStateMachine task thread for /0.0.0.0:32927 - 0 ] INFO  impl.RaftServerProxy (RaftServerProxy.java:lambda$start$3(321)) - 3242355b-cd6b-427d-b7e9-4ae74739cb3e: start RPC server
2020-12-11 11:59:04,335 [EndpointStateMachine task thread for /0.0.0.0:32927 - 0 ] INFO  server.GrpcService (GrpcService.java:startImpl(177)) - 3242355b-cd6b-427d-b7e9-4ae74739cb3e: GrpcService started, listening on 0.0.0.0/0.0.0.0:42589
2020-12-11 11:59:04,335 [EndpointStateMachine task thread for /0.0.0.0:32927 - 0 ] INFO  ratis.XceiverServerRatis (XceiverServerRatis.java:start(468)) - XceiverServerRatis 3242355b-cd6b-427d-b7e9-4ae74739cb3e is started using port 42589
2020-12-11 11:59:04,335 [org.apache.ratis.server.JvmPauseMonitor@19927a0d-Monitor] INFO  server.RaftServerConfigKeys (ConfUtils.java:logGet(44)) - raft.server.leaderelection.leader.step-down.wait-time = 10s (default)
2020-12-11 11:59:04,335 [EndpointStateMachine task thread for /0.0.0.0:32927 - 0 ] INFO  server.XceiverServerGrpc (XceiverServerGrpc.java:start(145)) - XceiverServerGrpc 3242355b-cd6b-427d-b7e9-4ae74739cb3e is started using port 37497
2020-12-11 11:59:04,335 [org.apache.ratis.server.JvmPauseMonitor@19927a0d-Monitor] INFO  server.RaftServerConfigKeys (ConfUtils.java:logGet(44)) - raft.server.rpc.slowness.timeout = 300000ms (custom)
2020-12-11 11:59:04,336 [org.apache.ratis.server.JvmPauseMonitor@19927a0d-Monitor] INFO  server.JvmPauseMonitor (JvmPauseMonitor.java:run(129)) - Starting Ratis JVM pause monitor
2020-12-11 11:59:04,539 [Listener at 127.0.0.1/32773] INFO  ozone.MiniOzoneClusterImpl (MiniOzoneClusterImpl.java:lambda$waitForClusterToBeReady$0(178)) - Waiting for nodes to be ready. Got 0 of 9 DN Heartbeats.
2020-12-11 11:59:04,540 [Listener at 127.0.0.1/32773] INFO  ozone.MiniOzoneClusterImpl (MiniOzoneClusterImpl.java:lambda$waitForClusterToBeReady$0(181)) - Waiting for cluster to exit safe mode
2020-12-11 11:59:04,547 [EndpointStateMachine task thread for /0.0.0.0:32927 - 0 ] INFO  ozoneimpl.OzoneContainer (OzoneContainer.java:start(243)) - Attempting to start container services.
2020-12-11 11:59:04,548 [EndpointStateMachine task thread for /0.0.0.0:32927 - 0 ] INFO  ozoneimpl.OzoneContainer (OzoneContainer.java:startContainerScrub(207)) - Background container scanner has been disabled.
2020-12-11 11:59:04,548 [EndpointStateMachine task thread for /0.0.0.0:32927 - 0 ] INFO  ratis.XceiverServerRatis (XceiverServerRatis.java:start(456)) - Starting XceiverServerRatis d20057ad-1402-4c9c-a7ab-3e414ff49065 at port 0
2020-12-11 11:59:04,548 [EndpointStateMachine task thread for /0.0.0.0:32927 - 0 ] INFO  impl.RaftServerProxy (RaftServerProxy.java:lambda$start$3(321)) - d20057ad-1402-4c9c-a7ab-3e414ff49065: start RPC server
2020-12-11 11:59:04,549 [EndpointStateMachine task thread for /0.0.0.0:32927 - 0 ] INFO  server.GrpcService (GrpcService.java:startImpl(177)) - d20057ad-1402-4c9c-a7ab-3e414ff49065: GrpcService started, listening on 0.0.0.0/0.0.0.0:44809
2020-12-11 11:59:04,549 [EndpointStateMachine task thread for /0.0.0.0:32927 - 0 ] INFO  ratis.XceiverServerRatis (XceiverServerRatis.java:start(468)) - XceiverServerRatis d20057ad-1402-4c9c-a7ab-3e414ff49065 is started using port 44809
2020-12-11 11:59:04,550 [org.apache.ratis.server.JvmPauseMonitor@de9a57-Monitor] INFO  server.RaftServerConfigKeys (ConfUtils.java:logGet(44)) - raft.server.leaderelection.leader.step-down.wait-time = 10s (default)
2020-12-11 11:59:04,550 [EndpointStateMachine task thread for /0.0.0.0:32927 - 0 ] INFO  server.XceiverServerGrpc (XceiverServerGrpc.java:start(145)) - XceiverServerGrpc d20057ad-1402-4c9c-a7ab-3e414ff49065 is started using port 41379
2020-12-11 11:59:04,550 [org.apache.ratis.server.JvmPauseMonitor@de9a57-Monitor] INFO  server.RaftServerConfigKeys (ConfUtils.java:logGet(44)) - raft.server.rpc.slowness.timeout = 300000ms (custom)
2020-12-11 11:59:04,550 [org.apache.ratis.server.JvmPauseMonitor@de9a57-Monitor] INFO  server.JvmPauseMonitor (JvmPauseMonitor.java:run(129)) - Starting Ratis JVM pause monitor
2020-12-11 11:59:04,587 [IPC Server handler 1 on default port 32927] INFO  net.NetworkTopologyImpl (NetworkTopologyImpl.java:add(111)) - Added a new node: /default-rack/675d35ba-bb57-4ae2-b121-2cd47ec358f4
2020-12-11 11:59:04,589 [IPC Server handler 1 on default port 32927] INFO  node.SCMNodeManager (SCMNodeManager.java:register(341)) - Registered Data node : 675d35ba-bb57-4ae2-b121-2cd47ec358f4{ip: 172.17.0.2, host: 302fe02fdb76, networkLocation: /default-rack, certSerialId: null, persistedOpState: IN_SERVICE, persistedOpStateExpiryEpochSec: 0}
2020-12-11 11:59:04,590 [EventQueue-NodeRegistrationContainerReportForContainerSafeModeRule] INFO  safemode.SCMSafeModeManager (SCMSafeModeManager.java:validateSafeModeExitRules(214)) - ContainerSafeModeRule rule is successfully validated
2020-12-11 11:59:04,590 [EventQueue-NodeRegistrationContainerReportForDataNodeSafeModeRule] INFO  safemode.SCMSafeModeManager (DataNodeSafeModeRule.java:process(71)) - SCM in safe mode. 1 DataNodes registered, 1 required.
2020-12-11 11:59:04,592 [EventQueue-NodeRegistrationContainerReportForDataNodeSafeModeRule] INFO  safemode.SCMSafeModeManager (SCMSafeModeManager.java:validateSafeModeExitRules(214)) - DataNodeSafeModeRule rule is successfully validated
2020-12-11 11:59:04,592 [EventQueue-NodeRegistrationContainerReportForDataNodeSafeModeRule] INFO  safemode.SCMSafeModeManager (SCMSafeModeManager.java:completePreCheck(242)) - All SCM safe mode pre check rules have passed
2020-12-11 11:59:04,592 [EventQueue-PipelineReportForOneReplicaPipelineSafeModeRule] INFO  safemode.SCMSafeModeManager (SCMSafeModeManager.java:validateSafeModeExitRules(214)) - AtleastOneDatanodeReportedRule rule is successfully validated
2020-12-11 11:59:04,592 [RatisPipelineUtilsThread] INFO  pipeline.RatisPipelineProvider (RatisPipelineProvider.java:lambda$create$0(161)) - Sending CreatePipelineCommand for pipeline:PipelineID=968243a3-4fc3-4a9c-804f-3d89187fd85f to datanode:675d35ba-bb57-4ae2-b121-2cd47ec358f4
2020-12-11 11:59:04,593 [RatisPipelineUtilsThread] INFO  pipeline.PipelineStateManager (PipelineStateManager.java:addPipeline(54)) - Created pipeline Pipeline[ Id: 968243a3-4fc3-4a9c-804f-3d89187fd85f, Nodes: 675d35ba-bb57-4ae2-b121-2cd47ec358f4{ip: 172.17.0.2, host: 302fe02fdb76, networkLocation: /default-rack, certSerialId: null, persistedOpState: IN_SERVICE, persistedOpStateExpiryEpochSec: 0}, Type:RATIS, Factor:ONE, State:ALLOCATED, leaderId:, CreationTimestamp2020-12-11T11:59:04.592Z]
2020-12-11 11:59:04,593 [RatisPipelineUtilsThread] WARN  pipeline.PipelinePlacementPolicy (PipelinePlacementPolicy.java:filterViableNodes(139)) - Pipeline creation failed due to no sufficient healthy datanodes. Required 3. Found 1.
2020-12-11 11:59:04,809 [IPC Server handler 3 on default port 32927] INFO  net.NetworkTopologyImpl (NetworkTopologyImpl.java:add(111)) - Added a new node: /default-rack/14058016-3fcf-4920-991e-a5361899d5d7
2020-12-11 11:59:04,809 [IPC Server handler 3 on default port 32927] INFO  node.SCMNodeManager (SCMNodeManager.java:register(341)) - Registered Data node : 14058016-3fcf-4920-991e-a5361899d5d7{ip: 172.17.0.2, host: 302fe02fdb76, networkLocation: /default-rack, certSerialId: null, persistedOpState: IN_SERVICE, persistedOpStateExpiryEpochSec: 0}
2020-12-11 11:59:04,809 [EventQueue-PipelineReportForOneReplicaPipelineSafeModeRule] INFO  safemode.SCMSafeModeManager (SCMSafeModeManager.java:validateSafeModeExitRules(214)) - AtleastOneDatanodeReportedRule rule is successfully validated
2020-12-11 11:59:04,809 [EventQueue-NodeRegistrationContainerReportForDataNodeSafeModeRule] INFO  safemode.SCMSafeModeManager (SCMSafeModeManager.java:validateSafeModeExitRules(214)) - DataNodeSafeModeRule rule is successfully validated
2020-12-11 11:59:04,810 [RatisPipelineUtilsThread] INFO  pipeline.RatisPipelineProvider (RatisPipelineProvider.java:lambda$create$0(161)) - Sending CreatePipelineCommand for pipeline:PipelineID=62408027-fa67-4bc6-b365-7af80f2bcd78 to datanode:14058016-3fcf-4920-991e-a5361899d5d7
2020-12-11 11:59:04,810 [RatisPipelineUtilsThread] INFO  pipeline.PipelineStateManager (PipelineStateManager.java:addPipeline(54)) - Created pipeline Pipeline[ Id: 62408027-fa67-4bc6-b365-7af80f2bcd78, Nodes: 14058016-3fcf-4920-991e-a5361899d5d7{ip: 172.17.0.2, host: 302fe02fdb76, networkLocation: /default-rack, certSerialId: null, persistedOpState: IN_SERVICE, persistedOpStateExpiryEpochSec: 0}, Type:RATIS, Factor:ONE, State:ALLOCATED, leaderId:, CreationTimestamp2020-12-11T11:59:04.810Z]
2020-12-11 11:59:04,810 [RatisPipelineUtilsThread] WARN  pipeline.PipelinePlacementPolicy (PipelinePlacementPolicy.java:filterViableNodes(139)) - Pipeline creation failed due to no sufficient healthy datanodes. Required 3. Found 2.
2020-12-11 11:59:04,810 [EventQueue-NodeRegistrationContainerReportForContainerSafeModeRule] INFO  safemode.SCMSafeModeManager (SCMSafeModeManager.java:validateSafeModeExitRules(214)) - ContainerSafeModeRule rule is successfully validated
2020-12-11 11:59:05,038 [IPC Server handler 4 on default port 32927] INFO  net.NetworkTopologyImpl (NetworkTopologyImpl.java:add(111)) - Added a new node: /default-rack/a301dd64-f793-4e68-ac47-305a8ea93822
2020-12-11 11:59:05,038 [IPC Server handler 4 on default port 32927] INFO  node.SCMNodeManager (SCMNodeManager.java:register(341)) - Registered Data node : a301dd64-f793-4e68-ac47-305a8ea93822{ip: 172.17.0.2, host: 302fe02fdb76, networkLocation: /default-rack, certSerialId: null, persistedOpState: IN_SERVICE, persistedOpStateExpiryEpochSec: 0}
2020-12-11 11:59:05,038 [EventQueue-PipelineReportForOneReplicaPipelineSafeModeRule] INFO  safemode.SCMSafeModeManager (SCMSafeModeManager.java:validateSafeModeExitRules(214)) - AtleastOneDatanodeReportedRule rule is successfully validated
2020-12-11 11:59:05,039 [EventQueue-NodeRegistrationContainerReportForDataNodeSafeModeRule] INFO  safemode.SCMSafeModeManager (SCMSafeModeManager.java:validateSafeModeExitRules(214)) - DataNodeSafeModeRule rule is successfully validated
2020-12-11 11:59:05,039 [EventQueue-NodeRegistrationContainerReportForContainerSafeModeRule] INFO  safemode.SCMSafeModeManager (SCMSafeModeManager.java:validateSafeModeExitRules(214)) - ContainerSafeModeRule rule is successfully validated
2020-12-11 11:59:05,039 [RatisPipelineUtilsThread] INFO  pipeline.RatisPipelineProvider (RatisPipelineProvider.java:lambda$create$0(161)) - Sending CreatePipelineCommand for pipeline:PipelineID=46f9119a-92a3-4f85-9c67-b70a46c6af1f to datanode:a301dd64-f793-4e68-ac47-305a8ea93822
2020-12-11 11:59:05,040 [RatisPipelineUtilsThread] INFO  pipeline.PipelineStateManager (PipelineStateManager.java:addPipeline(54)) - Created pipeline Pipeline[ Id: 46f9119a-92a3-4f85-9c67-b70a46c6af1f, Nodes: a301dd64-f793-4e68-ac47-305a8ea93822{ip: 172.17.0.2, host: 302fe02fdb76, networkLocation: /default-rack, certSerialId: null, persistedOpState: IN_SERVICE, persistedOpStateExpiryEpochSec: 0}, Type:RATIS, Factor:ONE, State:ALLOCATED, leaderId:, CreationTimestamp2020-12-11T11:59:05.039Z]
2020-12-11 11:59:05,040 [RatisPipelineUtilsThread] INFO  pipeline.RatisPipelineProvider (RatisPipelineProvider.java:lambda$create$0(161)) - Sending CreatePipelineCommand for pipeline:PipelineID=82ba59fa-dd35-4d4e-a61e-59b281828b58 to datanode:675d35ba-bb57-4ae2-b121-2cd47ec358f4
2020-12-11 11:59:05,040 [RatisPipelineUtilsThread] INFO  pipeline.RatisPipelineProvider (RatisPipelineProvider.java:lambda$create$0(161)) - Sending CreatePipelineCommand for pipeline:PipelineID=82ba59fa-dd35-4d4e-a61e-59b281828b58 to datanode:a301dd64-f793-4e68-ac47-305a8ea93822
2020-12-11 11:59:05,040 [RatisPipelineUtilsThread] INFO  pipeline.RatisPipelineProvider (RatisPipelineProvider.java:lambda$create$0(161)) - Sending CreatePipelineCommand for pipeline:PipelineID=82ba59fa-dd35-4d4e-a61e-59b281828b58 to datanode:14058016-3fcf-4920-991e-a5361899d5d7
2020-12-11 11:59:05,040 [RatisPipelineUtilsThread] INFO  pipeline.PipelineStateManager (PipelineStateManager.java:addPipeline(54)) - Created pipeline Pipeline[ Id: 82ba59fa-dd35-4d4e-a61e-59b281828b58, Nodes: 675d35ba-bb57-4ae2-b121-2cd47ec358f4{ip: 172.17.0.2, host: 302fe02fdb76, networkLocation: /default-rack, certSerialId: null, persistedOpState: IN_SERVICE, persistedOpStateExpiryEpochSec: 0}a301dd64-f793-4e68-ac47-305a8ea93822{ip: 172.17.0.2, host: 302fe02fdb76, networkLocation: /default-rack, certSerialId: null, persistedOpState: IN_SERVICE, persistedOpStateExpiryEpochSec: 0}14058016-3fcf-4920-991e-a5361899d5d7{ip: 172.17.0.2, host: 302fe02fdb76, networkLocation: /default-rack, certSerialId: null, persistedOpState: IN_SERVICE, persistedOpStateExpiryEpochSec: 0}, Type:RATIS, Factor:THREE, State:ALLOCATED, leaderId:, CreationTimestamp2020-12-11T11:59:05.040Z]
2020-12-11 11:59:05,416 [IPC Server handler 2 on default port 32927] INFO  net.NetworkTopologyImpl (NetworkTopologyImpl.java:add(111)) - Added a new node: /default-rack/14fff06d-4b2c-4584-8355-292f5629e732
2020-12-11 11:59:05,416 [IPC Server handler 2 on default port 32927] INFO  node.SCMNodeManager (SCMNodeManager.java:register(341)) - Registered Data node : 14fff06d-4b2c-4584-8355-292f5629e732{ip: 172.17.0.2, host: 302fe02fdb76, networkLocation: /default-rack, certSerialId: null, persistedOpState: IN_SERVICE, persistedOpStateExpiryEpochSec: 0}
2020-12-11 11:59:05,417 [EventQueue-NodeRegistrationContainerReportForDataNodeSafeModeRule] INFO  safemode.SCMSafeModeManager (SCMSafeModeManager.java:validateSafeModeExitRules(214)) - DataNodeSafeModeRule rule is successfully validated
2020-12-11 11:59:05,418 [EventQueue-NodeRegistrationContainerReportForContainerSafeModeRule] INFO  safemode.SCMSafeModeManager (SCMSafeModeManager.java:validateSafeModeExitRules(214)) - ContainerSafeModeRule rule is successfully validated
2020-12-11 11:59:05,418 [EventQueue-PipelineReportForOneReplicaPipelineSafeModeRule] INFO  safemode.SCMSafeModeManager (SCMSafeModeManager.java:validateSafeModeExitRules(214)) - AtleastOneDatanodeReportedRule rule is successfully validated
2020-12-11 11:59:05,420 [RatisPipelineUtilsThread] INFO  pipeline.RatisPipelineProvider (RatisPipelineProvider.java:lambda$create$0(161)) - Sending CreatePipelineCommand for pipeline:PipelineID=b6226e72-dc23-4cf3-90c1-2c43dec16cf8 to datanode:14fff06d-4b2c-4584-8355-292f5629e732
2020-12-11 11:59:05,421 [RatisPipelineUtilsThread] INFO  pipeline.PipelineStateManager (PipelineStateManager.java:addPipeline(54)) - Created pipeline Pipeline[ Id: b6226e72-dc23-4cf3-90c1-2c43dec16cf8, Nodes: 14fff06d-4b2c-4584-8355-292f5629e732{ip: 172.17.0.2, host: 302fe02fdb76, networkLocation: /default-rack, certSerialId: null, persistedOpState: IN_SERVICE, persistedOpStateExpiryEpochSec: 0}, Type:RATIS, Factor:ONE, State:ALLOCATED, leaderId:, CreationTimestamp2020-12-11T11:59:05.420Z]
2020-12-11 11:59:05,540 [Listener at 127.0.0.1/32773] INFO  ozone.MiniOzoneClusterImpl (MiniOzoneClusterImpl.java:lambda$waitForClusterToBeReady$0(178)) - Waiting for nodes to be ready. Got 4 of 9 DN Heartbeats.
2020-12-11 11:59:05,540 [Listener at 127.0.0.1/32773] INFO  ozone.MiniOzoneClusterImpl (MiniOzoneClusterImpl.java:lambda$waitForClusterToBeReady$0(181)) - Waiting for cluster to exit safe mode
2020-12-11 11:59:05,632 [IPC Server handler 3 on default port 32927] INFO  net.NetworkTopologyImpl (NetworkTopologyImpl.java:add(111)) - Added a new node: /default-rack/ce7b29ad-df73-4c8e-895b-c9a715706485
2020-12-11 11:59:05,632 [IPC Server handler 3 on default port 32927] INFO  node.SCMNodeManager (SCMNodeManager.java:register(341)) - Registered Data node : ce7b29ad-df73-4c8e-895b-c9a715706485{ip: 172.17.0.2, host: 302fe02fdb76, networkLocation: /default-rack, certSerialId: null, persistedOpState: IN_SERVICE, persistedOpStateExpiryEpochSec: 0}
2020-12-11 11:59:05,632 [EventQueue-NodeRegistrationContainerReportForDataNodeSafeModeRule] INFO  safemode.SCMSafeModeManager (SCMSafeModeManager.java:validateSafeModeExitRules(214)) - DataNodeSafeModeRule rule is successfully validated
2020-12-11 11:59:05,632 [EventQueue-PipelineReportForOneReplicaPipelineSafeModeRule] INFO  safemode.SCMSafeModeManager (SCMSafeModeManager.java:validateSafeModeExitRules(214)) - AtleastOneDatanodeReportedRule rule is successfully validated
2020-12-11 11:59:05,632 [EventQueue-NodeRegistrationContainerReportForContainerSafeModeRule] INFO  safemode.SCMSafeModeManager (SCMSafeModeManager.java:validateSafeModeExitRules(214)) - ContainerSafeModeRule rule is successfully validated
2020-12-11 11:59:05,633 [RatisPipelineUtilsThread] INFO  pipeline.RatisPipelineProvider (RatisPipelineProvider.java:lambda$create$0(161)) - Sending CreatePipelineCommand for pipeline:PipelineID=4cc32934-7065-4e77-a59d-6d9170f55ddb to datanode:ce7b29ad-df73-4c8e-895b-c9a715706485
2020-12-11 11:59:05,633 [RatisPipelineUtilsThread] INFO  pipeline.PipelineStateManager (PipelineStateManager.java:addPipeline(54)) - Created pipeline Pipeline[ Id: 4cc32934-7065-4e77-a59d-6d9170f55ddb, Nodes: ce7b29ad-df73-4c8e-895b-c9a715706485{ip: 172.17.0.2, host: 302fe02fdb76, networkLocation: /default-rack, certSerialId: null, persistedOpState: IN_SERVICE, persistedOpStateExpiryEpochSec: 0}, Type:RATIS, Factor:ONE, State:ALLOCATED, leaderId:, CreationTimestamp2020-12-11T11:59:05.632Z]
2020-12-11 11:59:05,858 [IPC Server handler 4 on default port 32927] INFO  net.NetworkTopologyImpl (NetworkTopologyImpl.java:add(111)) - Added a new node: /default-rack/6ceb72e1-9dfc-406c-bbba-66398b5fee3f
2020-12-11 11:59:05,858 [IPC Server handler 4 on default port 32927] INFO  node.SCMNodeManager (SCMNodeManager.java:register(341)) - Registered Data node : 6ceb72e1-9dfc-406c-bbba-66398b5fee3f{ip: 172.17.0.2, host: 302fe02fdb76, networkLocation: /default-rack, certSerialId: null, persistedOpState: IN_SERVICE, persistedOpStateExpiryEpochSec: 0}
2020-12-11 11:59:05,859 [EventQueue-NodeRegistrationContainerReportForContainerSafeModeRule] INFO  safemode.SCMSafeModeManager (SCMSafeModeManager.java:validateSafeModeExitRules(214)) - ContainerSafeModeRule rule is successfully validated
2020-12-11 11:59:05,859 [EventQueue-PipelineReportForOneReplicaPipelineSafeModeRule] INFO  safemode.SCMSafeModeManager (SCMSafeModeManager.java:validateSafeModeExitRules(214)) - AtleastOneDatanodeReportedRule rule is successfully validated
2020-12-11 11:59:05,859 [EventQueue-NodeRegistrationContainerReportForDataNodeSafeModeRule] INFO  safemode.SCMSafeModeManager (SCMSafeModeManager.java:validateSafeModeExitRules(214)) - DataNodeSafeModeRule rule is successfully validated
2020-12-11 11:59:05,860 [RatisPipelineUtilsThread] INFO  pipeline.RatisPipelineProvider (RatisPipelineProvider.java:lambda$create$0(161)) - Sending CreatePipelineCommand for pipeline:PipelineID=b0b1e91b-c763-4b61-9169-6817aa4c9c44 to datanode:6ceb72e1-9dfc-406c-bbba-66398b5fee3f
2020-12-11 11:59:05,861 [RatisPipelineUtilsThread] INFO  pipeline.PipelineStateManager (PipelineStateManager.java:addPipeline(54)) - Created pipeline Pipeline[ Id: b0b1e91b-c763-4b61-9169-6817aa4c9c44, Nodes: 6ceb72e1-9dfc-406c-bbba-66398b5fee3f{ip: 172.17.0.2, host: 302fe02fdb76, networkLocation: /default-rack, certSerialId: null, persistedOpState: IN_SERVICE, persistedOpStateExpiryEpochSec: 0}, Type:RATIS, Factor:ONE, State:ALLOCATED, leaderId:, CreationTimestamp2020-12-11T11:59:05.860Z]
2020-12-11 11:59:05,861 [RatisPipelineUtilsThread] INFO  pipeline.RatisPipelineProvider (RatisPipelineProvider.java:lambda$create$0(161)) - Sending CreatePipelineCommand for pipeline:PipelineID=bbf59e26-eb73-4b4f-ac5f-8c72af07f9e8 to datanode:ce7b29ad-df73-4c8e-895b-c9a715706485
2020-12-11 11:59:05,861 [RatisPipelineUtilsThread] INFO  pipeline.RatisPipelineProvider (RatisPipelineProvider.java:lambda$create$0(161)) - Sending CreatePipelineCommand for pipeline:PipelineID=bbf59e26-eb73-4b4f-ac5f-8c72af07f9e8 to datanode:6ceb72e1-9dfc-406c-bbba-66398b5fee3f
2020-12-11 11:59:05,861 [RatisPipelineUtilsThread] INFO  pipeline.RatisPipelineProvider (RatisPipelineProvider.java:lambda$create$0(161)) - Sending CreatePipelineCommand for pipeline:PipelineID=bbf59e26-eb73-4b4f-ac5f-8c72af07f9e8 to datanode:14fff06d-4b2c-4584-8355-292f5629e732
2020-12-11 11:59:05,862 [RatisPipelineUtilsThread] INFO  pipeline.PipelineStateManager (PipelineStateManager.java:addPipeline(54)) - Created pipeline Pipeline[ Id: bbf59e26-eb73-4b4f-ac5f-8c72af07f9e8, Nodes: ce7b29ad-df73-4c8e-895b-c9a715706485{ip: 172.17.0.2, host: 302fe02fdb76, networkLocation: /default-rack, certSerialId: null, persistedOpState: IN_SERVICE, persistedOpStateExpiryEpochSec: 0}6ceb72e1-9dfc-406c-bbba-66398b5fee3f{ip: 172.17.0.2, host: 302fe02fdb76, networkLocation: /default-rack, certSerialId: null, persistedOpState: IN_SERVICE, persistedOpStateExpiryEpochSec: 0}14fff06d-4b2c-4584-8355-292f5629e732{ip: 172.17.0.2, host: 302fe02fdb76, networkLocation: /default-rack, certSerialId: null, persistedOpState: IN_SERVICE, persistedOpStateExpiryEpochSec: 0}, Type:RATIS, Factor:THREE, State:ALLOCATED, leaderId:, CreationTimestamp2020-12-11T11:59:05.861Z]
2020-12-11 11:59:06,089 [IPC Server handler 5 on default port 32927] INFO  net.NetworkTopologyImpl (NetworkTopologyImpl.java:add(111)) - Added a new node: /default-rack/ae07f068-47ba-4716-bac5-3cb4c79fd2be
2020-12-11 11:59:06,090 [IPC Server handler 5 on default port 32927] INFO  node.SCMNodeManager (SCMNodeManager.java:register(341)) - Registered Data node : ae07f068-47ba-4716-bac5-3cb4c79fd2be{ip: 172.17.0.2, host: 302fe02fdb76, networkLocation: /default-rack, certSerialId: null, persistedOpState: IN_SERVICE, persistedOpStateExpiryEpochSec: 0}
2020-12-11 11:59:06,090 [EventQueue-NodeRegistrationContainerReportForContainerSafeModeRule] INFO  safemode.SCMSafeModeManager (SCMSafeModeManager.java:validateSafeModeExitRules(214)) - ContainerSafeModeRule rule is successfully validated
2020-12-11 11:59:06,094 [EventQueue-NodeRegistrationContainerReportForDataNodeSafeModeRule] INFO  safemode.SCMSafeModeManager (SCMSafeModeManager.java:validateSafeModeExitRules(214)) - DataNodeSafeModeRule rule is successfully validated
2020-12-11 11:59:06,096 [EventQueue-PipelineReportForOneReplicaPipelineSafeModeRule] INFO  safemode.SCMSafeModeManager (SCMSafeModeManager.java:validateSafeModeExitRules(214)) - AtleastOneDatanodeReportedRule rule is successfully validated
2020-12-11 11:59:06,094 [RatisPipelineUtilsThread] INFO  pipeline.RatisPipelineProvider (RatisPipelineProvider.java:lambda$create$0(161)) - Sending CreatePipelineCommand for pipeline:PipelineID=14c66980-a7ee-4ed2-abf6-7c5a795d934e to datanode:ae07f068-47ba-4716-bac5-3cb4c79fd2be
2020-12-11 11:59:06,096 [RatisPipelineUtilsThread] INFO  pipeline.PipelineStateManager (PipelineStateManager.java:addPipeline(54)) - Created pipeline Pipeline[ Id: 14c66980-a7ee-4ed2-abf6-7c5a795d934e, Nodes: ae07f068-47ba-4716-bac5-3cb4c79fd2be{ip: 172.17.0.2, host: 302fe02fdb76, networkLocation: /default-rack, certSerialId: null, persistedOpState: IN_SERVICE, persistedOpStateExpiryEpochSec: 0}, Type:RATIS, Factor:ONE, State:ALLOCATED, leaderId:, CreationTimestamp2020-12-11T11:59:06.094Z]
2020-12-11 11:59:06,328 [IPC Server handler 0 on default port 32927] INFO  net.NetworkTopologyImpl (NetworkTopologyImpl.java:add(111)) - Added a new node: /default-rack/3242355b-cd6b-427d-b7e9-4ae74739cb3e
2020-12-11 11:59:06,328 [IPC Server handler 0 on default port 32927] INFO  node.SCMNodeManager (SCMNodeManager.java:register(341)) - Registered Data node : 3242355b-cd6b-427d-b7e9-4ae74739cb3e{ip: 172.17.0.2, host: 302fe02fdb76, networkLocation: /default-rack, certSerialId: null, persistedOpState: IN_SERVICE, persistedOpStateExpiryEpochSec: 0}
2020-12-11 11:59:06,329 [EventQueue-NodeRegistrationContainerReportForContainerSafeModeRule] INFO  safemode.SCMSafeModeManager (SCMSafeModeManager.java:validateSafeModeExitRules(214)) - ContainerSafeModeRule rule is successfully validated
2020-12-11 11:59:06,329 [EventQueue-NodeRegistrationContainerReportForDataNodeSafeModeRule] INFO  safemode.SCMSafeModeManager (SCMSafeModeManager.java:validateSafeModeExitRules(214)) - DataNodeSafeModeRule rule is successfully validated
2020-12-11 11:59:06,329 [EventQueue-PipelineReportForOneReplicaPipelineSafeModeRule] INFO  safemode.SCMSafeModeManager (SCMSafeModeManager.java:validateSafeModeExitRules(214)) - AtleastOneDatanodeReportedRule rule is successfully validated
2020-12-11 11:59:06,329 [RatisPipelineUtilsThread] INFO  pipeline.RatisPipelineProvider (RatisPipelineProvider.java:lambda$create$0(161)) - Sending CreatePipelineCommand for pipeline:PipelineID=2abef12b-fd27-442d-9f49-334b7fb6a8c8 to datanode:3242355b-cd6b-427d-b7e9-4ae74739cb3e
2020-12-11 11:59:06,330 [RatisPipelineUtilsThread] INFO  pipeline.PipelineStateManager (PipelineStateManager.java:addPipeline(54)) - Created pipeline Pipeline[ Id: 2abef12b-fd27-442d-9f49-334b7fb6a8c8, Nodes: 3242355b-cd6b-427d-b7e9-4ae74739cb3e{ip: 172.17.0.2, host: 302fe02fdb76, networkLocation: /default-rack, certSerialId: null, persistedOpState: IN_SERVICE, persistedOpStateExpiryEpochSec: 0}, Type:RATIS, Factor:ONE, State:ALLOCATED, leaderId:, CreationTimestamp2020-12-11T11:59:06.329Z]
2020-12-11 11:59:06,540 [Listener at 127.0.0.1/32773] INFO  ozone.MiniOzoneClusterImpl (MiniOzoneClusterImpl.java:lambda$waitForClusterToBeReady$0(178)) - Waiting for nodes to be ready. Got 8 of 9 DN Heartbeats.
2020-12-11 11:59:06,541 [Listener at 127.0.0.1/32773] INFO  ozone.MiniOzoneClusterImpl (MiniOzoneClusterImpl.java:lambda$waitForClusterToBeReady$0(181)) - Waiting for cluster to exit safe mode
2020-12-11 11:59:06,546 [IPC Server handler 1 on default port 32927] INFO  net.NetworkTopologyImpl (NetworkTopologyImpl.java:add(111)) - Added a new node: /default-rack/d20057ad-1402-4c9c-a7ab-3e414ff49065
2020-12-11 11:59:06,546 [IPC Server handler 1 on default port 32927] INFO  node.SCMNodeManager (SCMNodeManager.java:register(341)) - Registered Data node : d20057ad-1402-4c9c-a7ab-3e414ff49065{ip: 172.17.0.2, host: 302fe02fdb76, networkLocation: /default-rack, certSerialId: null, persistedOpState: IN_SERVICE, persistedOpStateExpiryEpochSec: 0}
2020-12-11 11:59:06,546 [RatisPipelineUtilsThread] INFO  pipeline.RatisPipelineProvider (RatisPipelineProvider.java:lambda$create$0(161)) - Sending CreatePipelineCommand for pipeline:PipelineID=be43f862-467f-409f-a931-695f003aec91 to datanode:d20057ad-1402-4c9c-a7ab-3e414ff49065
2020-12-11 11:59:06,546 [EventQueue-NodeRegistrationContainerReportForContainerSafeModeRule] INFO  safemode.SCMSafeModeManager (SCMSafeModeManager.java:validateSafeModeExitRules(214)) - ContainerSafeModeRule rule is successfully validated
2020-12-11 11:59:06,546 [EventQueue-PipelineReportForOneReplicaPipelineSafeModeRule] INFO  safemode.SCMSafeModeManager (SCMSafeModeManager.java:validateSafeModeExitRules(214)) - AtleastOneDatanodeReportedRule rule is successfully validated
2020-12-11 11:59:06,547 [EventQueue-NodeRegistrationContainerReportForDataNodeSafeModeRule] INFO  safemode.SCMSafeModeManager (SCMSafeModeManager.java:validateSafeModeExitRules(214)) - DataNodeSafeModeRule rule is successfully validated
2020-12-11 11:59:06,547 [RatisPipelineUtilsThread] INFO  pipeline.PipelineStateManager (PipelineStateManager.java:addPipeline(54)) - Created pipeline Pipeline[ Id: be43f862-467f-409f-a931-695f003aec91, Nodes: d20057ad-1402-4c9c-a7ab-3e414ff49065{ip: 172.17.0.2, host: 302fe02fdb76, networkLocation: /default-rack, certSerialId: null, persistedOpState: IN_SERVICE, persistedOpStateExpiryEpochSec: 0}, Type:RATIS, Factor:ONE, State:ALLOCATED, leaderId:, CreationTimestamp2020-12-11T11:59:06.546Z]
2020-12-11 11:59:06,547 [RatisPipelineUtilsThread] INFO  pipeline.RatisPipelineProvider (RatisPipelineProvider.java:lambda$create$0(161)) - Sending CreatePipelineCommand for pipeline:PipelineID=f00d53d6-af4b-4142-9e13-2b781c67474a to datanode:ae07f068-47ba-4716-bac5-3cb4c79fd2be
2020-12-11 11:59:06,548 [RatisPipelineUtilsThread] INFO  pipeline.RatisPipelineProvider (RatisPipelineProvider.java:lambda$create$0(161)) - Sending CreatePipelineCommand for pipeline:PipelineID=f00d53d6-af4b-4142-9e13-2b781c67474a to datanode:3242355b-cd6b-427d-b7e9-4ae74739cb3e
2020-12-11 11:59:06,548 [RatisPipelineUtilsThread] INFO  pipeline.RatisPipelineProvider (RatisPipelineProvider.java:lambda$create$0(161)) - Sending CreatePipelineCommand for pipeline:PipelineID=f00d53d6-af4b-4142-9e13-2b781c67474a to datanode:d20057ad-1402-4c9c-a7ab-3e414ff49065
2020-12-11 11:59:06,548 [RatisPipelineUtilsThread] INFO  pipeline.PipelineStateManager (PipelineStateManager.java:addPipeline(54)) - Created pipeline Pipeline[ Id: f00d53d6-af4b-4142-9e13-2b781c67474a, Nodes: ae07f068-47ba-4716-bac5-3cb4c79fd2be{ip: 172.17.0.2, host: 302fe02fdb76, networkLocation: /default-rack, certSerialId: null, persistedOpState: IN_SERVICE, persistedOpStateExpiryEpochSec: 0}3242355b-cd6b-427d-b7e9-4ae74739cb3e{ip: 172.17.0.2, host: 302fe02fdb76, networkLocation: /default-rack, certSerialId: null, persistedOpState: IN_SERVICE, persistedOpStateExpiryEpochSec: 0}d20057ad-1402-4c9c-a7ab-3e414ff49065{ip: 172.17.0.2, host: 302fe02fdb76, networkLocation: /default-rack, certSerialId: null, persistedOpState: IN_SERVICE, persistedOpStateExpiryEpochSec: 0}, Type:RATIS, Factor:THREE, State:ALLOCATED, leaderId:, CreationTimestamp2020-12-11T11:59:06.547Z]
2020-12-11 11:59:07,541 [Listener at 127.0.0.1/32773] INFO  ozone.MiniOzoneClusterImpl (MiniOzoneClusterImpl.java:lambda$waitForClusterToBeReady$0(178)) - Nodes are ready. Got 9 of 9 DN Heartbeats.
2020-12-11 11:59:07,541 [Listener at 127.0.0.1/32773] INFO  ozone.MiniOzoneClusterImpl (MiniOzoneClusterImpl.java:lambda$waitForClusterToBeReady$0(181)) - Waiting for cluster to exit safe mode
2020-12-11 11:59:07,587 [Command processor thread] INFO  impl.RaftServerProxy (RaftServerProxy.java:addNew(93)) - 675d35ba-bb57-4ae2-b121-2cd47ec358f4: addNew group-3D89187FD85F:[675d35ba-bb57-4ae2-b121-2cd47ec358f4|rpc:172.17.0.2:39033] returns group-3D89187FD85F:java.util.concurrent.CompletableFuture@59a0d10[Not completed]
2020-12-11 11:59:07,589 [pool-395-thread-1] INFO  impl.RaftServerImpl (RaftServerImpl.java:<init>(121)) - 675d35ba-bb57-4ae2-b121-2cd47ec358f4: new RaftServerImpl for group-3D89187FD85F:[675d35ba-bb57-4ae2-b121-2cd47ec358f4|rpc:172.17.0.2:39033] with ContainerStateMachine:uninitialized
2020-12-11 11:59:07,590 [pool-395-thread-1] INFO  server.RaftServerConfigKeys (ConfUtils.java:logGet(44)) - raft.server.rpc.timeout.min = 5s (custom)
2020-12-11 11:59:07,590 [pool-395-thread-1] INFO  server.RaftServerConfigKeys (ConfUtils.java:logGet(44)) - raft.server.rpc.timeout.max = 5200ms (custom)
2020-12-11 11:59:07,590 [pool-395-thread-1] INFO  server.RaftServerConfigKeys (ConfUtils.java:logGet(44)) - raft.server.rpc.slowness.timeout = 300000ms (custom)
2020-12-11 11:59:07,590 [pool-395-thread-1] INFO  server.RaftServerConfigKeys (ConfUtils.java:logGet(44)) - raft.server.leaderelection.leader.step-down.wait-time = 10s (default)
2020-12-11 11:59:07,590 [pool-395-thread-1] INFO  server.RaftServerConfigKeys (ConfUtils.java:logGet(44)) - raft.server.sleep.deviation.threshold = 300 (default)
2020-12-11 11:59:07,591 [pool-395-thread-1] INFO  server.RaftServerConfigKeys (ConfUtils.java:logGet(44)) - raft.server.log.appender.install.snapshot.enabled = false (custom)
2020-12-11 11:59:07,591 [pool-395-thread-1] INFO  impl.RaftServerImpl (ServerState.java:<init>(104)) - 675d35ba-bb57-4ae2-b121-2cd47ec358f4@group-3D89187FD85F: ConfigurationManager, init=-1: [675d35ba-bb57-4ae2-b121-2cd47ec358f4|rpc:172.17.0.2:39033], old=null, confs=<EMPTY_MAP>
2020-12-11 11:59:07,591 [pool-395-thread-1] INFO  server.RaftServerConfigKeys (ConfUtils.java:logGet(44)) - raft.server.storage.dir = [/github/workspace/mnt/ozone/hadoop-ozone/integration-test/target/test-dir/MiniOzoneClusterImpl-9e77629d-1495-4101-8eb0-46d1fa4d7a32/datanode-0/data/ratis] (custom)
2020-12-11 11:59:07,591 [pool-395-thread-1] INFO  server.RaftServerConfigKeys (ConfUtils.java:logGet(44)) - raft.server.log.corruption.policy = EXCEPTION (default)
2020-12-11 11:59:07,591 [pool-395-thread-1] INFO  storage.RaftStorageDirectory (RaftStorageDirectory.java:analyzeStorage(261)) - The storage directory /github/workspace/mnt/ozone/hadoop-ozone/integration-test/target/test-dir/MiniOzoneClusterImpl-9e77629d-1495-4101-8eb0-46d1fa4d7a32/datanode-0/data/ratis/968243a3-4fc3-4a9c-804f-3d89187fd85f does not exist. Creating ...
2020-12-11 11:59:07,593 [pool-395-thread-1] INFO  storage.RaftStorageDirectory (RaftStorageDirectory.java:tryLock(343)) - Lock on /github/workspace/mnt/ozone/hadoop-ozone/integration-test/target/test-dir/MiniOzoneClusterImpl-9e77629d-1495-4101-8eb0-46d1fa4d7a32/datanode-0/data/ratis/968243a3-4fc3-4a9c-804f-3d89187fd85f/in_use.lock acquired by nodename 1858@302fe02fdb76
2020-12-11 11:59:07,594 [pool-395-thread-1] INFO  storage.RaftStorage (RaftStorage.java:format(85)) - Storage directory /github/workspace/mnt/ozone/hadoop-ozone/integration-test/target/test-dir/MiniOzoneClusterImpl-9e77629d-1495-4101-8eb0-46d1fa4d7a32/datanode-0/data/ratis/968243a3-4fc3-4a9c-804f-3d89187fd85f has been successfully formatted.
2020-12-11 11:59:07,595 [pool-395-thread-1] INFO  ratis.ContainerStateMachine (ContainerStateMachine.java:loadSnapshot(225)) - group-3D89187FD85F: The snapshot info is null. Setting the last applied indexto:(t:0, i:~)
2020-12-11 11:59:07,595 [pool-395-thread-1] INFO  server.RaftServerConfigKeys (ConfUtils.java:logGet(44)) - raft.server.notification.no-leader.timeout = 300000ms (custom)
2020-12-11 11:59:07,595 [pool-395-thread-1] INFO  server.RaftServerConfigKeys (ConfUtils.java:logGet(44)) - raft.server.log.use.memory = false (default)
2020-12-11 11:59:07,596 [pool-395-thread-1] INFO  server.RaftServerConfigKeys (ConfUtils.java:logGet(44)) - raft.server.log.purge.gap = 1000000 (custom)
2020-12-11 11:59:07,596 [EventQueue-PipelineReportForOneReplicaPipelineSafeModeRule] INFO  safemode.SCMSafeModeManager (SCMSafeModeManager.java:validateSafeModeExitRules(214)) - AtleastOneDatanodeReportedRule rule is successfully validated
2020-12-11 11:59:07,596 [pool-395-thread-1] INFO  metrics.RatisMetrics (RatisMetrics.java:lambda$create$0(36)) - Creating Metrics Registry : ratis.log_worker.675d35ba-bb57-4ae2-b121-2cd47ec358f4@group-3D89187FD85F
2020-12-11 11:59:07,596 [EventQueue-PipelineReportForPipelineReportHandler] INFO  pipeline.PipelineStateManager (PipelineStateManager.java:openPipeline(132)) - Pipeline Pipeline[ Id: 968243a3-4fc3-4a9c-804f-3d89187fd85f, Nodes: 675d35ba-bb57-4ae2-b121-2cd47ec358f4{ip: 172.17.0.2, host: 302fe02fdb76, networkLocation: /default-rack, certSerialId: null, persistedOpState: IN_SERVICE, persistedOpStateExpiryEpochSec: 0}, Type:RATIS, Factor:ONE, State:ALLOCATED, leaderId:675d35ba-bb57-4ae2-b121-2cd47ec358f4, CreationTimestamp2020-12-11T11:59:04.592Z] moved to OPEN state
2020-12-11 11:59:07,596 [pool-395-thread-1] INFO  server.RaftServerConfigKeys (ConfUtils.java:logGet(44)) - raft.server.log.appender.buffer.byte-limit = 33554432 (custom)
2020-12-11 11:59:07,597 [pool-395-thread-1] INFO  server.RaftServerConfigKeys (ConfUtils.java:logGet(44)) - raft.server.log.segment.size.max = 1048576 (custom)
2020-12-11 11:59:07,598 [pool-395-thread-1] INFO  server.RaftServerConfigKeys (ConfUtils.java:logGet(44)) - raft.server.log.segment.cache.num.max = 2 (custom)
2020-12-11 11:59:07,598 [pool-395-thread-1] INFO  segmented.SegmentedRaftLogWorker (SegmentedRaftLogWorker.java:<init>(180)) - new 675d35ba-bb57-4ae2-b121-2cd47ec358f4@group-3D89187FD85F-SegmentedRaftLogWorker for RaftStorage:Storage Directory /github/workspace/mnt/ozone/hadoop-ozone/integration-test/target/test-dir/MiniOzoneClusterImpl-9e77629d-1495-4101-8eb0-46d1fa4d7a32/datanode-0/data/ratis/968243a3-4fc3-4a9c-804f-3d89187fd85f
2020-12-11 11:59:07,598 [pool-395-thread-1] INFO  server.RaftServerConfigKeys (ConfUtils.java:logGet(44)) - raft.server.log.queue.byte-limit = 2147483647 (custom)
2020-12-11 11:59:07,598 [pool-395-thread-1] INFO  server.RaftServerConfigKeys (ConfUtils.java:logGet(44)) - raft.server.log.queue.element-limit = 1024 (custom)
2020-12-11 11:59:07,598 [pool-395-thread-1] INFO  server.RaftServerConfigKeys (ConfUtils.java:logGet(44)) - raft.server.log.segment.size.max = 1048576 (custom)
2020-12-11 11:59:07,598 [pool-395-thread-1] INFO  server.RaftServerConfigKeys (ConfUtils.java:logGet(44)) - raft.server.log.preallocated.size = 16384 (custom)
2020-12-11 11:59:07,598 [pool-395-thread-1] INFO  server.RaftServerConfigKeys (ConfUtils.java:logGet(44)) - raft.server.log.write.buffer.size = 1048576 (custom)
2020-12-11 11:59:07,598 [pool-395-thread-1] INFO  server.RaftServerConfigKeys (ConfUtils.java:logGet(44)) - raft.server.log.force.sync.num = 128 (default)
2020-12-11 11:59:07,598 [pool-395-thread-1] INFO  server.RaftServerConfigKeys (ConfUtils.java:logGet(44)) - raft.server.log.statemachine.data.sync = true (default)
2020-12-11 11:59:07,598 [pool-395-thread-1] INFO  server.RaftServerConfigKeys (ConfUtils.java:logGet(44)) - raft.server.log.statemachine.data.sync.timeout = 10s (default)
2020-12-11 11:59:07,599 [pool-395-thread-1] INFO  server.RaftServerConfigKeys (ConfUtils.java:logGet(44)) - raft.server.log.statemachine.data.sync.timeout.retry = -1 (default)
2020-12-11 11:59:07,600 [EventQueue-OpenPipelineForHealthyPipelineSafeModeRule] INFO  safemode.SCMSafeModeManager (HealthyPipelineSafeModeRule.java:process(128)) - SCM in safe mode. Healthy pipelines reported count is 0, required healthy pipeline reported count is 1
2020-12-11 11:59:07,601 [pool-395-thread-1] INFO  server.RaftServerConfigKeys (ConfUtils.java:logGet(44)) - raft.server.log.statemachine.data.caching.enabled = true (custom)
2020-12-11 11:59:07,602 [pool-395-thread-1] INFO  segmented.SegmentedRaftLogWorker (SegmentedRaftLogWorker.java:lambda$new$0(129)) - 675d35ba-bb57-4ae2-b121-2cd47ec358f4@group-3D89187FD85F-SegmentedRaftLogWorker: flushIndex: setUnconditionally 0 -> -1
2020-12-11 11:59:07,602 [pool-395-thread-1] INFO  segmented.SegmentedRaftLogWorker (SegmentedRaftLogWorker.java:lambda$new$0(129)) - 675d35ba-bb57-4ae2-b121-2cd47ec358f4@group-3D89187FD85F-SegmentedRaftLogWorker: safeCacheEvictIndex: setUnconditionally 0 -> -1
2020-12-11 11:59:07,602 [pool-395-thread-1] INFO  server.RaftServerConfigKeys (ConfUtils.java:logGet(44)) - raft.server.snapshot.auto.trigger.enabled = true (custom)
2020-12-11 11:59:07,602 [pool-395-thread-1] INFO  server.RaftServerConfigKeys (ConfUtils.java:logGet(44)) - raft.server.snapshot.auto.trigger.threshold = 10000 (custom)
2020-12-11 11:59:07,602 [pool-395-thread-1] INFO  server.RaftServerConfigKeys (ConfUtils.java:logGet(44)) - raft.server.snapshot.retention.file.num = 5 (custom)
2020-12-11 11:59:07,602 [pool-395-thread-1] INFO  server.RaftServerConfigKeys (ConfUtils.java:logGet(44)) - raft.server.log.purge.upto.snapshot.index = false (default)
2020-12-11 11:59:07,602 [pool-395-thread-1] INFO  server.RaftServerConfigKeys (ConfUtils.java:logGet(44)) - raft.server.retrycache.expirytime = 600000ms (custom)
2020-12-11 11:59:07,602 [pool-395-thread-1] INFO  metrics.RatisMetrics (RatisMetrics.java:lambda$create$0(36)) - Creating Metrics Registry : ratis.leader_election.675d35ba-bb57-4ae2-b121-2cd47ec358f4@group-3D89187FD85F
2020-12-11 11:59:07,603 [pool-395-thread-1] INFO  metrics.RatisMetrics (RatisMetrics.java:lambda$create$0(36)) - Creating Metrics Registry : ratis.server.675d35ba-bb57-4ae2-b121-2cd47ec358f4@group-3D89187FD85F
2020-12-11 11:59:07,604 [pool-395-thread-1] INFO  impl.RaftServerImpl (RaftServerImpl.java:start(215)) - 675d35ba-bb57-4ae2-b121-2cd47ec358f4@group-3D89187FD85F: start as a follower, conf=-1: [675d35ba-bb57-4ae2-b121-2cd47ec358f4|rpc:172.17.0.2:39033], old=null
2020-12-11 11:59:07,604 [pool-395-thread-1] INFO  impl.RaftServerImpl (RaftServerImpl.java:setRole(204)) - 675d35ba-bb57-4ae2-b121-2cd47ec358f4@group-3D89187FD85F: changes role from      null to FOLLOWER at term 0 for startAsFollower
2020-12-11 11:59:07,604 [pool-395-thread-1] INFO  impl.RoleInfo (RoleInfo.java:updateAndGet(143)) - 675d35ba-bb57-4ae2-b121-2cd47ec358f4: start 675d35ba-bb57-4ae2-b121-2cd47ec358f4@group-3D89187FD85F-FollowerState
2020-12-11 11:59:07,605 [pool-395-thread-1] INFO  util.JmxRegister (JmxRegister.java:tryRegister(44)) - Successfully registered JMX Bean with object name Ratis:service=RaftServer,group=group-3D89187FD85F,id=675d35ba-bb57-4ae2-b121-2cd47ec358f4
2020-12-11 11:59:07,605 [pool-395-thread-1] INFO  metrics.RatisMetrics (RatisMetrics.java:lambda$create$0(36)) - Creating Metrics Registry : ratis.state_machine.675d35ba-bb57-4ae2-b121-2cd47ec358f4@group-3D89187FD85F
2020-12-11 11:59:07,606 [Command processor thread] INFO  commandhandler.CreatePipelineCommandHandler (CreatePipelineCommandHandler.java:handle(106)) - Created Pipeline RATIS ONE PipelineID=968243a3-4fc3-4a9c-804f-3d89187fd85f.
2020-12-11 11:59:07,606 [Command processor thread] INFO  impl.RaftServerProxy (RaftServerProxy.java:addNew(93)) - 675d35ba-bb57-4ae2-b121-2cd47ec358f4: addNew group-59B281828B58:[14058016-3fcf-4920-991e-a5361899d5d7|rpc:172.17.0.2:45451, 675d35ba-bb57-4ae2-b121-2cd47ec358f4|rpc:172.17.0.2:39033, a301dd64-f793-4e68-ac47-305a8ea93822|rpc:172.17.0.2:40329] returns group-59B281828B58:java.util.concurrent.CompletableFuture@1a5997b[Not completed]
2020-12-11 11:59:07,606 [pool-395-thread-1] INFO  impl.RaftServerImpl (RaftServerImpl.java:<init>(121)) - 675d35ba-bb57-4ae2-b121-2cd47ec358f4: new RaftServerImpl for group-59B281828B58:[14058016-3fcf-4920-991e-a5361899d5d7|rpc:172.17.0.2:45451, 675d35ba-bb57-4ae2-b121-2cd47ec358f4|rpc:172.17.0.2:39033, a301dd64-f793-4e68-ac47-305a8ea93822|rpc:172.17.0.2:40329] with ContainerStateMachine:uninitialized
2020-12-11 11:59:07,607 [pool-395-thread-1] INFO  server.RaftServerConfigKeys (ConfUtils.java:logGet(44)) - raft.server.rpc.timeout.min = 5s (custom)
2020-12-11 11:59:07,607 [pool-395-thread-1] INFO  server.RaftServerConfigKeys (ConfUtils.java:logGet(44)) - raft.server.rpc.timeout.max = 5200ms (custom)
2020-12-11 11:59:07,607 [pool-395-thread-1] INFO  server.RaftServerConfigKeys (ConfUtils.java:logGet(44)) - raft.server.rpc.slowness.timeout = 300000ms (custom)
2020-12-11 11:59:07,607 [pool-395-thread-1] INFO  server.RaftServerConfigKeys (ConfUtils.java:logGet(44)) - raft.server.leaderelection.leader.step-down.wait-time = 10s (default)
2020-12-11 11:59:07,607 [pool-395-thread-1] INFO  server.RaftServerConfigKeys (ConfUtils.java:logGet(44)) - raft.server.sleep.deviation.threshold = 300 (default)
2020-12-11 11:59:07,607 [pool-395-thread-1] INFO  server.RaftServerConfigKeys (ConfUtils.java:logGet(44)) - raft.server.log.appender.install.snapshot.enabled = false (custom)
2020-12-11 11:59:07,607 [pool-395-thread-1] INFO  impl.RaftServerImpl (ServerState.java:<init>(104)) - 675d35ba-bb57-4ae2-b121-2cd47ec358f4@group-59B281828B58: ConfigurationManager, init=-1: [14058016-3fcf-4920-991e-a5361899d5d7|rpc:172.17.0.2:45451, 675d35ba-bb57-4ae2-b121-2cd47ec358f4|rpc:172.17.0.2:39033, a301dd64-f793-4e68-ac47-305a8ea93822|rpc:172.17.0.2:40329], old=null, confs=<EMPTY_MAP>
2020-12-11 11:59:07,607 [pool-395-thread-1] INFO  server.RaftServerConfigKeys (ConfUtils.java:logGet(44)) - raft.server.storage.dir = [/github/workspace/mnt/ozone/hadoop-ozone/integration-test/target/test-dir/MiniOzoneClusterImpl-9e77629d-1495-4101-8eb0-46d1fa4d7a32/datanode-0/data/ratis] (custom)
2020-12-11 11:59:07,607 [pool-395-thread-1] INFO  server.RaftServerConfigKeys (ConfUtils.java:logGet(44)) - raft.server.log.corruption.policy = EXCEPTION (default)
2020-12-11 11:59:07,607 [pool-395-thread-1] INFO  storage.RaftStorageDirectory (RaftStorageDirectory.java:analyzeStorage(261)) - The storage directory /github/workspace/mnt/ozone/hadoop-ozone/integration-test/target/test-dir/MiniOzoneClusterImpl-9e77629d-1495-4101-8eb0-46d1fa4d7a32/datanode-0/data/ratis/82ba59fa-dd35-4d4e-a61e-59b281828b58 does not exist. Creating ...
2020-12-11 11:59:07,609 [pool-395-thread-1] INFO  storage.RaftStorageDirectory (RaftStorageDirectory.java:tryLock(343)) - Lock on /github/workspace/mnt/ozone/hadoop-ozone/integration-test/target/test-dir/MiniOzoneClusterImpl-9e77629d-1495-4101-8eb0-46d1fa4d7a32/datanode-0/data/ratis/82ba59fa-dd35-4d4e-a61e-59b281828b58/in_use.lock acquired by nodename 1858@302fe02fdb76
2020-12-11 11:59:07,610 [pool-395-thread-1] INFO  storage.RaftStorage (RaftStorage.java:format(85)) - Storage directory /github/workspace/mnt/ozone/hadoop-ozone/integration-test/target/test-dir/MiniOzoneClusterImpl-9e77629d-1495-4101-8eb0-46d1fa4d7a32/datanode-0/data/ratis/82ba59fa-dd35-4d4e-a61e-59b281828b58 has been successfully formatted.
2020-12-11 11:59:07,611 [pool-395-thread-1] INFO  ratis.ContainerStateMachine (ContainerStateMachine.java:loadSnapshot(225)) - group-59B281828B58: The snapshot info is null. Setting the last applied indexto:(t:0, i:~)
2020-12-11 11:59:07,611 [pool-395-thread-1] INFO  server.RaftServerConfigKeys (ConfUtils.java:logGet(44)) - raft.server.notification.no-leader.timeout = 300000ms (custom)
2020-12-11 11:59:07,611 [pool-395-thread-1] INFO  server.RaftServerConfigKeys (ConfUtils.java:logGet(44)) - raft.server.log.use.memory = false (default)
2020-12-11 11:59:07,611 [pool-395-thread-1] INFO  server.RaftServerConfigKeys (ConfUtils.java:logGet(44)) - raft.server.log.purge.gap = 1000000 (custom)
2020-12-11 11:59:07,611 [EventQueue-OpenPipelineForHealthyPipelineSafeModeRule] INFO  safemode.SCMSafeModeManager (HealthyPipelineSafeModeRule.java:process(128)) - SCM in safe mode. Healthy pipelines reported count is 0, required healthy pipeline reported count is 1
2020-12-11 11:59:07,611 [pool-395-thread-1] INFO  metrics.RatisMetrics (RatisMetrics.java:lambda$create$0(36)) - Creating Metrics Registry : ratis.log_worker.675d35ba-bb57-4ae2-b121-2cd47ec358f4@group-59B281828B58
2020-12-11 11:59:07,611 [EventQueue-PipelineReportForOneReplicaPipelineSafeModeRule] INFO  safemode.SCMSafeModeManager (SCMSafeModeManager.java:validateSafeModeExitRules(214)) - AtleastOneDatanodeReportedRule rule is successfully validated
2020-12-11 11:59:07,612 [pool-395-thread-1] INFO  server.RaftServerConfigKeys (ConfUtils.java:logGet(44)) - raft.server.log.appender.buffer.byte-limit = 33554432 (custom)
2020-12-11 11:59:07,612 [pool-395-thread-1] INFO  server.RaftServerConfigKeys (ConfUtils.java:logGet(44)) - raft.server.log.segment.size.max = 1048576 (custom)
2020-12-11 11:59:07,612 [pool-395-thread-1] INFO  server.RaftServerConfigKeys (ConfUtils.java:logGet(44)) - raft.server.log.segment.cache.num.max = 2 (custom)
2020-12-11 11:59:07,612 [pool-395-thread-1] INFO  segmented.SegmentedRaftLogWorker (SegmentedRaftLogWorker.java:<init>(180)) - new 675d35ba-bb57-4ae2-b121-2cd47ec358f4@group-59B281828B58-SegmentedRaftLogWorker for RaftStorage:Storage Directory /github/workspace/mnt/ozone/hadoop-ozone/integration-test/target/test-dir/MiniOzoneClusterImpl-9e77629d-1495-4101-8eb0-46d1fa4d7a32/datanode-0/data/ratis/82ba59fa-dd35-4d4e-a61e-59b281828b58
2020-12-11 11:59:07,613 [pool-395-thread-1] INFO  server.RaftServerConfigKeys (ConfUtils.java:logGet(44)) - raft.server.log.queue.byte-limit = 2147483647 (custom)
2020-12-11 11:59:07,613 [pool-395-thread-1] INFO  server.RaftServerConfigKeys (ConfUtils.java:logGet(44)) - raft.server.log.queue.element-limit = 1024 (custom)
2020-12-11 11:59:07,613 [pool-395-thread-1] INFO  server.RaftServerConfigKeys (ConfUtils.java:logGet(44)) - raft.server.log.segment.size.max = 1048576 (custom)
2020-12-11 11:59:07,613 [pool-395-thread-1] INFO  server.RaftServerConfigKeys (ConfUtils.java:logGet(44)) - raft.server.log.preallocated.size = 16384 (custom)
2020-12-11 11:59:07,613 [pool-395-thread-1] INFO  server.RaftServerConfigKeys (ConfUtils.java:logGet(44)) - raft.server.log.write.buffer.size = 1048576 (custom)
2020-12-11 11:59:07,613 [pool-395-thread-1] INFO  server.RaftServerConfigKeys (ConfUtils.java:logGet(44)) - raft.server.log.force.sync.num = 128 (default)
2020-12-11 11:59:07,613 [pool-395-thread-1] INFO  server.RaftServerConfigKeys (ConfUtils.java:logGet(44)) - raft.server.log.statemachine.data.sync = true (default)
2020-12-11 11:59:07,613 [pool-395-thread-1] INFO  server.RaftServerConfigKeys (ConfUtils.java:logGet(44)) - raft.server.log.statemachine.data.sync.timeout = 10s (default)
2020-12-11 11:59:07,613 [pool-395-thread-1] INFO  server.RaftServerConfigKeys (ConfUtils.java:logGet(44)) - raft.server.log.statemachine.data.sync.timeout.retry = -1 (default)
2020-12-11 11:59:07,615 [pool-395-thread-1] INFO  server.RaftServerConfigKeys (ConfUtils.java:logGet(44)) - raft.server.log.statemachine.data.caching.enabled = true (custom)
2020-12-11 11:59:07,616 [pool-395-thread-1] INFO  segmented.SegmentedRaftLogWorker (SegmentedRaftLogWorker.java:lambda$new$0(129)) - 675d35ba-bb57-4ae2-b121-2cd47ec358f4@group-59B281828B58-SegmentedRaftLogWorker: flushIndex: setUnconditionally 0 -> -1
2020-12-11 11:59:07,616 [pool-395-thread-1] INFO  segmented.SegmentedRaftLogWorker (SegmentedRaftLogWorker.java:lambda$new$0(129)) - 675d35ba-bb57-4ae2-b121-2cd47ec358f4@group-59B281828B58-SegmentedRaftLogWorker: safeCacheEvictIndex: setUnconditionally 0 -> -1
2020-12-11 11:59:07,619 [pool-395-thread-1] INFO  server.RaftServerConfigKeys (ConfUtils.java:logGet(44)) - raft.server.snapshot.auto.trigger.enabled = true (custom)
2020-12-11 11:59:07,619 [pool-395-thread-1] INFO  server.RaftServerConfigKeys (ConfUtils.java:logGet(44)) - raft.server.snapshot.auto.trigger.threshold = 10000 (custom)
2020-12-11 11:59:07,619 [pool-395-thread-1] INFO  server.RaftServerConfigKeys (ConfUtils.java:logGet(44)) - raft.server.snapshot.retention.file.num = 5 (custom)
2020-12-11 11:59:07,619 [pool-395-thread-1] INFO  server.RaftServerConfigKeys (ConfUtils.java:logGet(44)) - raft.server.log.purge.upto.snapshot.index = false (default)
2020-12-11 11:59:07,619 [pool-395-thread-1] INFO  server.RaftServerConfigKeys (ConfUtils.java:logGet(44)) - raft.server.retrycache.expirytime = 600000ms (custom)
2020-12-11 11:59:07,619 [pool-395-thread-1] INFO  metrics.RatisMetrics (RatisMetrics.java:lambda$create$0(36)) - Creating Metrics Registry : ratis.leader_election.675d35ba-bb57-4ae2-b121-2cd47ec358f4@group-59B281828B58
2020-12-11 11:59:07,620 [pool-395-thread-1] INFO  metrics.RatisMetrics (RatisMetrics.java:lambda$create$0(36)) - Creating Metrics Registry : ratis.server.675d35ba-bb57-4ae2-b121-2cd47ec358f4@group-59B281828B58
2020-12-11 11:59:07,621 [pool-395-thread-1] INFO  impl.RaftServerImpl (RaftServerImpl.java:start(215)) - 675d35ba-bb57-4ae2-b121-2cd47ec358f4@group-59B281828B58: start as a follower, conf=-1: [14058016-3fcf-4920-991e-a5361899d5d7|rpc:172.17.0.2:45451, 675d35ba-bb57-4ae2-b121-2cd47ec358f4|rpc:172.17.0.2:39033, a301dd64-f793-4e68-ac47-305a8ea93822|rpc:172.17.0.2:40329], old=null
2020-12-11 11:59:07,621 [pool-395-thread-1] INFO  impl.RaftServerImpl (RaftServerImpl.java:setRole(204)) - 675d35ba-bb57-4ae2-b121-2cd47ec358f4@group-59B281828B58: changes role from      null to FOLLOWER at term 0 for startAsFollower
2020-12-11 11:59:07,621 [pool-395-thread-1] INFO  impl.RoleInfo (RoleInfo.java:updateAndGet(143)) - 675d35ba-bb57-4ae2-b121-2cd47ec358f4: start 675d35ba-bb57-4ae2-b121-2cd47ec358f4@group-59B281828B58-FollowerState
2020-12-11 11:59:07,621 [pool-395-thread-1] INFO  util.JmxRegister (JmxRegister.java:tryRegister(44)) - Successfully registered JMX Bean with object name Ratis:service=RaftServer,group=group-59B281828B58,id=675d35ba-bb57-4ae2-b121-2cd47ec358f4
2020-12-11 11:59:07,621 [pool-395-thread-1] INFO  metrics.RatisMetrics (RatisMetrics.java:lambda$create$0(36)) - Creating Metrics Registry : ratis.state_machine.675d35ba-bb57-4ae2-b121-2cd47ec358f4@group-59B281828B58
2020-12-11 11:59:07,624 [Command processor thread] INFO  metrics.RatisMetrics (RatisMetrics.java:lambda$create$0(36)) - Creating Metrics Registry : ratis.client_message_metrics.client-653B8EBE6FDE->a301dd64-f793-4e68-ac47-305a8ea93822
2020-12-11 11:59:07,631 [grpc-default-executor-0] INFO  metrics.RatisMetrics (RatisMetrics.java:lambda$create$0(36)) - Creating Metrics Registry : ratis.server_message_metrics.a301dd64-f793-4e68-ac47-305a8ea93822
2020-12-11 11:59:07,642 [grpc-default-executor-0] INFO  impl.RaftServerProxy (RaftServerProxy.java:addNew(93)) - a301dd64-f793-4e68-ac47-305a8ea93822: addNew group-59B281828B58:[14058016-3fcf-4920-991e-a5361899d5d7|rpc:172.17.0.2:45451|dataStream:, 675d35ba-bb57-4ae2-b121-2cd47ec358f4|rpc:172.17.0.2:39033|dataStream:, a301dd64-f793-4e68-ac47-305a8ea93822|rpc:172.17.0.2:40329|dataStream:] returns group-59B281828B58:java.util.concurrent.CompletableFuture@29f238e2[Not completed]
2020-12-11 11:59:07,648 [pool-427-thread-1] INFO  impl.RaftServerImpl (RaftServerImpl.java:<init>(121)) - a301dd64-f793-4e68-ac47-305a8ea93822: new RaftServerImpl for group-59B281828B58:[14058016-3fcf-4920-991e-a5361899d5d7|rpc:172.17.0.2:45451|dataStream:, 675d35ba-bb57-4ae2-b121-2cd47ec358f4|rpc:172.17.0.2:39033|dataStream:, a301dd64-f793-4e68-ac47-305a8ea93822|rpc:172.17.0.2:40329|dataStream:] with ContainerStateMachine:uninitialized
2020-12-11 11:59:07,649 [pool-427-thread-1] INFO  server.RaftServerConfigKeys (ConfUtils.java:logGet(44)) - raft.server.rpc.timeout.min = 5s (custom)
2020-12-11 11:59:07,649 [pool-427-thread-1] INFO  server.RaftServerConfigKeys (ConfUtils.java:logGet(44)) - raft.server.rpc.timeout.max = 5200ms (custom)
2020-12-11 11:59:07,649 [pool-427-thread-1] INFO  server.RaftServerConfigKeys (ConfUtils.java:logGet(44)) - raft.server.rpc.slowness.timeout = 300000ms (custom)
2020-12-11 11:59:07,649 [pool-427-thread-1] INFO  server.RaftServerConfigKeys (ConfUtils.java:logGet(44)) - raft.server.leaderelection.leader.step-down.wait-time = 10s (default)
2020-12-11 11:59:07,649 [pool-427-thread-1] INFO  server.RaftServerConfigKeys (ConfUtils.java:logGet(44)) - raft.server.sleep.deviation.threshold = 300 (default)
2020-12-11 11:59:07,649 [pool-427-thread-1] INFO  server.RaftServerConfigKeys (ConfUtils.java:logGet(44)) - raft.server.log.appender.install.snapshot.enabled = false (custom)
2020-12-11 11:59:07,649 [pool-427-thread-1] INFO  impl.RaftServerImpl (ServerState.java:<init>(104)) - a301dd64-f793-4e68-ac47-305a8ea93822@group-59B281828B58: ConfigurationManager, init=-1: [14058016-3fcf-4920-991e-a5361899d5d7|rpc:172.17.0.2:45451|dataStream:, 675d35ba-bb57-4ae2-b121-2cd47ec358f4|rpc:172.17.0.2:39033|dataStream:, a301dd64-f793-4e68-ac47-305a8ea93822|rpc:172.17.0.2:40329|dataStream:], old=null, confs=<EMPTY_MAP>
2020-12-11 11:59:07,649 [pool-427-thread-1] INFO  server.RaftServerConfigKeys (ConfUtils.java:logGet(44)) - raft.server.storage.dir = [/github/workspace/mnt/ozone/hadoop-ozone/integration-test/target/test-dir/MiniOzoneClusterImpl-9e77629d-1495-4101-8eb0-46d1fa4d7a32/datanode-2/data/ratis] (custom)
2020-12-11 11:59:07,649 [pool-427-thread-1] INFO  server.RaftServerConfigKeys (ConfUtils.java:logGet(44)) - raft.server.log.corruption.policy = EXCEPTION (default)
2020-12-11 11:59:07,650 [pool-427-thread-1] INFO  storage.RaftStorageDirectory (RaftStorageDirectory.java:analyzeStorage(261)) - The storage directory /github/workspace/mnt/ozone/hadoop-ozone/integration-test/target/test-dir/MiniOzoneClusterImpl-9e77629d-1495-4101-8eb0-46d1fa4d7a32/datanode-2/data/ratis/82ba59fa-dd35-4d4e-a61e-59b281828b58 does not exist. Creating ...
2020-12-11 11:59:07,652 [pool-427-thread-1] INFO  storage.RaftStorageDirectory (RaftStorageDirectory.java:tryLock(343)) - Lock on /github/workspace/mnt/ozone/hadoop-ozone/integration-test/target/test-dir/MiniOzoneClusterImpl-9e77629d-1495-4101-8eb0-46d1fa4d7a32/datanode-2/data/ratis/82ba59fa-dd35-4d4e-a61e-59b281828b58/in_use.lock acquired by nodename 1858@302fe02fdb76
2020-12-11 11:59:07,653 [pool-427-thread-1] INFO  storage.RaftStorage (RaftStorage.java:format(85)) - Storage directory /github/workspace/mnt/ozone/hadoop-ozone/integration-test/target/test-dir/MiniOzoneClusterImpl-9e77629d-1495-4101-8eb0-46d1fa4d7a32/datanode-2/data/ratis/82ba59fa-dd35-4d4e-a61e-59b281828b58 has been successfully formatted.
2020-12-11 11:59:07,657 [pool-427-thread-1] INFO  ratis.ContainerStateMachine (ContainerStateMachine.java:loadSnapshot(225)) - group-59B281828B58: The snapshot info is null. Setting the last applied indexto:(t:0, i:~)
2020-12-11 11:59:07,657 [pool-427-thread-1] INFO  server.RaftServerConfigKeys (ConfUtils.java:logGet(44)) - raft.server.notification.no-leader.timeout = 300000ms (custom)
2020-12-11 11:59:07,657 [pool-427-thread-1] INFO  server.RaftServerConfigKeys (ConfUtils.java:logGet(44)) - raft.server.log.use.memory = false (default)
2020-12-11 11:59:07,658 [pool-427-thread-1] INFO  server.RaftServerConfigKeys (ConfUtils.java:logGet(44)) - raft.server.log.purge.gap = 1000000 (custom)
2020-12-11 11:59:07,658 [EventQueue-PipelineReportForOneReplicaPipelineSafeModeRule] INFO  safemode.SCMSafeModeManager (SCMSafeModeManager.java:validateSafeModeExitRules(214)) - AtleastOneDatanodeReportedRule rule is successfully validated
2020-12-11 11:59:07,658 [pool-427-thread-1] INFO  metrics.RatisMetrics (RatisMetrics.java:lambda$create$0(36)) - Creating Metrics Registry : ratis.log_worker.a301dd64-f793-4e68-ac47-305a8ea93822@group-59B281828B58
2020-12-11 11:59:07,659 [pool-427-thread-1] INFO  server.RaftServerConfigKeys (ConfUtils.java:logGet(44)) - raft.server.log.appender.buffer.byte-limit = 33554432 (custom)
2020-12-11 11:59:07,659 [pool-427-thread-1] INFO  server.RaftServerConfigKeys (ConfUtils.java:logGet(44)) - raft.server.log.segment.size.max = 1048576 (custom)
2020-12-11 11:59:07,659 [pool-427-thread-1] INFO  server.RaftServerConfigKeys (ConfUtils.java:logGet(44)) - raft.server.log.segment.cache.num.max = 2 (custom)
2020-12-11 11:59:07,660 [pool-427-thread-1] INFO  segmented.SegmentedRaftLogWorker (SegmentedRaftLogWorker.java:<init>(180)) - new a301dd64-f793-4e68-ac47-305a8ea93822@group-59B281828B58-SegmentedRaftLogWorker for RaftStorage:Storage Directory /github/workspace/mnt/ozone/hadoop-ozone/integration-test/target/test-dir/MiniOzoneClusterImpl-9e77629d-1495-4101-8eb0-46d1fa4d7a32/datanode-2/data/ratis/82ba59fa-dd35-4d4e-a61e-59b281828b58
2020-12-11 11:59:07,660 [pool-427-thread-1] INFO  server.RaftServerConfigKeys (ConfUtils.java:logGet(44)) - raft.server.log.queue.byte-limit = 2147483647 (custom)
2020-12-11 11:59:07,660 [pool-427-thread-1] INFO  server.RaftServerConfigKeys (ConfUtils.java:logGet(44)) - raft.server.log.queue.element-limit = 1024 (custom)
2020-12-11 11:59:07,660 [pool-427-thread-1] INFO  server.RaftServerConfigKeys (ConfUtils.java:logGet(44)) - raft.server.log.segment.size.max = 1048576 (custom)
2020-12-11 11:59:07,660 [pool-427-thread-1] INFO  server.RaftServerConfigKeys (ConfUtils.java:logGet(44)) - raft.server.log.preallocated.size = 16384 (custom)
2020-12-11 11:59:07,660 [pool-427-thread-1] INFO  server.RaftServerConfigKeys (ConfUtils.java:logGet(44)) - raft.server.log.write.buffer.size = 1048576 (custom)
2020-12-11 11:59:07,660 [pool-427-thread-1] INFO  server.RaftServerConfigKeys (ConfUtils.java:logGet(44)) - raft.server.log.force.sync.num = 128 (default)
2020-12-11 11:59:07,660 [pool-427-thread-1] INFO  server.RaftServerConfigKeys (ConfUtils.java:logGet(44)) - raft.server.log.statemachine.data.sync = true (default)
2020-12-11 11:59:07,660 [pool-427-thread-1] INFO  server.RaftServerConfigKeys (ConfUtils.java:logGet(44)) - raft.server.log.statemachine.data.sync.timeout = 10s (default)
2020-12-11 11:59:07,660 [pool-427-thread-1] INFO  server.RaftServerConfigKeys (ConfUtils.java:logGet(44)) - raft.server.log.statemachine.data.sync.timeout.retry = -1 (default)
2020-12-11 11:59:07,664 [pool-427-thread-1] INFO  server.RaftServerConfigKeys (ConfUtils.java:logGet(44)) - raft.server.log.statemachine.data.caching.enabled = true (custom)
2020-12-11 11:59:07,664 [pool-427-thread-1] INFO  segmented.SegmentedRaftLogWorker (SegmentedRaftLogWorker.java:lambda$new$0(129)) - a301dd64-f793-4e68-ac47-305a8ea93822@group-59B281828B58-SegmentedRaftLogWorker: flushIndex: setUnconditionally 0 -> -1
2020-12-11 11:59:07,664 [pool-427-thread-1] INFO  segmented.SegmentedRaftLogWorker (SegmentedRaftLogWorker.java:lambda$new$0(129)) - a301dd64-f793-4e68-ac47-305a8ea93822@group-59B281828B58-SegmentedRaftLogWorker: safeCacheEvictIndex: setUnconditionally 0 -> -1
2020-12-11 11:59:07,665 [pool-427-thread-1] INFO  server.RaftServerConfigKeys (ConfUtils.java:logGet(44)) - raft.server.snapshot.auto.trigger.enabled = true (custom)
2020-12-11 11:59:07,665 [pool-427-thread-1] INFO  server.RaftServerConfigKeys (ConfUtils.java:logGet(44)) - raft.server.snapshot.auto.trigger.threshold = 10000 (custom)
2020-12-11 11:59:07,665 [pool-427-thread-1] INFO  server.RaftServerConfigKeys (ConfUtils.java:logGet(44)) - raft.server.snapshot.retention.file.num = 5 (custom)
2020-12-11 11:59:07,665 [pool-427-thread-1] INFO  server.RaftServerConfigKeys (ConfUtils.java:logGet(44)) - raft.server.log.purge.upto.snapshot.index = false (default)
2020-12-11 11:59:07,665 [pool-427-thread-1] INFO  server.RaftServerConfigKeys (ConfUtils.java:logGet(44)) - raft.server.retrycache.expirytime = 600000ms (custom)
2020-12-11 11:59:07,665 [pool-427-thread-1] INFO  metrics.RatisMetrics (RatisMetrics.java:lambda$create$0(36)) - Creating Metrics Registry : ratis.leader_election.a301dd64-f793-4e68-ac47-305a8ea93822@group-59B281828B58
2020-12-11 11:59:07,666 [pool-427-thread-1] INFO  metrics.RatisMetrics (RatisMetrics.java:lambda$create$0(36)) - Creating Metrics Registry : ratis.server.a301dd64-f793-4e68-ac47-305a8ea93822@group-59B281828B58
2020-12-11 11:59:07,667 [pool-427-thread-1] INFO  impl.RaftServerImpl (RaftServerImpl.java:start(215)) - a301dd64-f793-4e68-ac47-305a8ea93822@group-59B281828B58: start as a follower, conf=-1: [14058016-3fcf-4920-991e-a5361899d5d7|rpc:172.17.0.2:45451|dataStream:, 675d35ba-bb57-4ae2-b121-2cd47ec358f4|rpc:172.17.0.2:39033|dataStream:, a301dd64-f793-4e68-ac47-305a8ea93822|rpc:172.17.0.2:40329|dataStream:], old=null
2020-12-11 11:59:07,667 [pool-427-thread-1] INFO  impl.RaftServerImpl (RaftServerImpl.java:setRole(204)) - a301dd64-f793-4e68-ac47-305a8ea93822@group-59B281828B58: changes role from      null to FOLLOWER at term 0 for startAsFollower
2020-12-11 11:59:07,667 [pool-427-thread-1] INFO  impl.RoleInfo (RoleInfo.java:updateAndGet(143)) - a301dd64-f793-4e68-ac47-305a8ea93822: start a301dd64-f793-4e68-ac47-305a8ea93822@group-59B281828B58-FollowerState
2020-12-11 11:59:07,671 [pool-427-thread-1] INFO  util.JmxRegister (JmxRegister.java:tryRegister(44)) - Successfully registered JMX Bean with object name Ratis:service=RaftServer,group=group-59B281828B58,id=a301dd64-f793-4e68-ac47-305a8ea93822
2020-12-11 11:59:07,672 [pool-427-thread-1] INFO  metrics.RatisMetrics (RatisMetrics.java:lambda$create$0(36)) - Creating Metrics Registry : ratis.state_machine.a301dd64-f793-4e68-ac47-305a8ea93822@group-59B281828B58
2020-12-11 11:59:07,688 [Command processor thread] INFO  metrics.RatisMetrics (RatisMetrics.java:lambda$create$0(36)) - Creating Metrics Registry : ratis.client_message_metrics.client-2F6E2F5B7047->14058016-3fcf-4920-991e-a5361899d5d7
2020-12-11 11:59:07,694 [grpc-default-executor-0] INFO  metrics.RatisMetrics (RatisMetrics.java:lambda$create$0(36)) - Creating Metrics Registry : ratis.server_message_metrics.14058016-3fcf-4920-991e-a5361899d5d7
2020-12-11 11:59:07,696 [grpc-default-executor-0] INFO  impl.RaftServerProxy (RaftServerProxy.java:addNew(93)) - 14058016-3fcf-4920-991e-a5361899d5d7: addNew group-59B281828B58:[14058016-3fcf-4920-991e-a5361899d5d7|rpc:172.17.0.2:45451|dataStream:, 675d35ba-bb57-4ae2-b121-2cd47ec358f4|rpc:172.17.0.2:39033|dataStream:, a301dd64-f793-4e68-ac47-305a8ea93822|rpc:172.17.0.2:40329|dataStream:] returns group-59B281828B58:java.util.concurrent.CompletableFuture@246aa65a[Not completed]
2020-12-11 11:59:07,697 [pool-411-thread-1] INFO  impl.RaftServerImpl (RaftServerImpl.java:<init>(121)) - 14058016-3fcf-4920-991e-a5361899d5d7: new RaftServerImpl for group-59B281828B58:[14058016-3fcf-4920-991e-a5361899d5d7|rpc:172.17.0.2:45451|dataStream:, 675d35ba-bb57-4ae2-b121-2cd47ec358f4|rpc:172.17.0.2:39033|dataStream:, a301dd64-f793-4e68-ac47-305a8ea93822|rpc:172.17.0.2:40329|dataStream:] with ContainerStateMachine:uninitialized
2020-12-11 11:59:07,698 [pool-411-thread-1] INFO  server.RaftServerConfigKeys (ConfUtils.java:logGet(44)) - raft.server.rpc.timeout.min = 5s (custom)
2020-12-11 11:59:07,698 [pool-411-thread-1] INFO  server.RaftServerConfigKeys (ConfUtils.java:logGet(44)) - raft.server.rpc.timeout.max = 5200ms (custom)
2020-12-11 11:59:07,698 [pool-411-thread-1] INFO  server.RaftServerConfigKeys (ConfUtils.java:logGet(44)) - raft.server.rpc.slowness.timeout = 300000ms (custom)
2020-12-11 11:59:07,698 [pool-411-thread-1] INFO  server.RaftServerConfigKeys (ConfUtils.java:logGet(44)) - raft.server.leaderelection.leader.step-down.wait-time = 10s (default)
2020-12-11 11:59:07,698 [pool-411-thread-1] INFO  server.RaftServerConfigKeys (ConfUtils.java:logGet(44)) - raft.server.sleep.deviation.threshold = 300 (default)
2020-12-11 11:59:07,698 [pool-411-thread-1] INFO  server.RaftServerConfigKeys (ConfUtils.java:logGet(44)) - raft.server.log.appender.install.snapshot.enabled = false (custom)
2020-12-11 11:59:07,699 [pool-411-thread-1] INFO  impl.RaftServerImpl (ServerState.java:<init>(104)) - 14058016-3fcf-4920-991e-a5361899d5d7@group-59B281828B58: ConfigurationManager, init=-1: [14058016-3fcf-4920-991e-a5361899d5d7|rpc:172.17.0.2:45451|dataStream:, 675d35ba-bb57-4ae2-b121-2cd47ec358f4|rpc:172.17.0.2:39033|dataStream:, a301dd64-f793-4e68-ac47-305a8ea93822|rpc:172.17.0.2:40329|dataStream:], old=null, confs=<EMPTY_MAP>
2020-12-11 11:59:07,699 [pool-411-thread-1] INFO  server.RaftServerConfigKeys (ConfUtils.java:logGet(44)) - raft.server.storage.dir = [/github/workspace/mnt/ozone/hadoop-ozone/integration-test/target/test-dir/MiniOzoneClusterImpl-9e77629d-1495-4101-8eb0-46d1fa4d7a32/datanode-1/data/ratis] (custom)
2020-12-11 11:59:07,699 [pool-411-thread-1] INFO  server.RaftServerConfigKeys (ConfUtils.java:logGet(44)) - raft.server.log.corruption.policy = EXCEPTION (default)
2020-12-11 11:59:07,699 [pool-411-thread-1] INFO  storage.RaftStorageDirectory (RaftStorageDirectory.java:analyzeStorage(261)) - The storage directory /github/workspace/mnt/ozone/hadoop-ozone/integration-test/target/test-dir/MiniOzoneClusterImpl-9e77629d-1495-4101-8eb0-46d1fa4d7a32/datanode-1/data/ratis/82ba59fa-dd35-4d4e-a61e-59b281828b58 does not exist. Creating ...
2020-12-11 11:59:07,701 [pool-411-thread-1] INFO  storage.RaftStorageDirectory (RaftStorageDirectory.java:tryLock(343)) - Lock on /github/workspace/mnt/ozone/hadoop-ozone/integration-test/target/test-dir/MiniOzoneClusterImpl-9e77629d-1495-4101-8eb0-46d1fa4d7a32/datanode-1/data/ratis/82ba59fa-dd35-4d4e-a61e-59b281828b58/in_use.lock acquired by nodename 1858@302fe02fdb76
2020-12-11 11:59:07,702 [pool-411-thread-1] INFO  storage.RaftStorage (RaftStorage.java:format(85)) - Storage directory /github/workspace/mnt/ozone/hadoop-ozone/integration-test/target/test-dir/MiniOzoneClusterImpl-9e77629d-1495-4101-8eb0-46d1fa4d7a32/datanode-1/data/ratis/82ba59fa-dd35-4d4e-a61e-59b281828b58 has been successfully formatted.
2020-12-11 11:59:07,703 [pool-411-thread-1] INFO  ratis.ContainerStateMachine (ContainerStateMachine.java:loadSnapshot(225)) - group-59B281828B58: The snapshot info is null. Setting the last applied indexto:(t:0, i:~)
2020-12-11 11:59:07,703 [pool-411-thread-1] INFO  server.RaftServerConfigKeys (ConfUtils.java:logGet(44)) - raft.server.notification.no-leader.timeout = 300000ms (custom)
2020-12-11 11:59:07,703 [pool-411-thread-1] INFO  server.RaftServerConfigKeys (ConfUtils.java:logGet(44)) - raft.server.log.use.memory = false (default)
2020-12-11 11:59:07,704 [pool-411-thread-1] INFO  server.RaftServerConfigKeys (ConfUtils.java:logGet(44)) - raft.server.log.purge.gap = 1000000 (custom)
2020-12-11 11:59:07,704 [pool-411-thread-1] INFO  metrics.RatisMetrics (RatisMetrics.java:lambda$create$0(36)) - Creating Metrics Registry : ratis.log_worker.14058016-3fcf-4920-991e-a5361899d5d7@group-59B281828B58
2020-12-11 11:59:07,705 [EventQueue-PipelineReportForOneReplicaPipelineSafeModeRule] INFO  safemode.SCMSafeModeManager (SCMSafeModeManager.java:validateSafeModeExitRules(214)) - AtleastOneDatanodeReportedRule rule is successfully validated
2020-12-11 11:59:07,705 [pool-411-thread-1] INFO  server.RaftServerConfigKeys (ConfUtils.java:logGet(44)) - raft.server.log.appender.buffer.byte-limit = 33554432 (custom)
2020-12-11 11:59:07,705 [pool-411-thread-1] INFO  server.RaftServerConfigKeys (ConfUtils.java:logGet(44)) - raft.server.log.segment.size.max = 1048576 (custom)
2020-12-11 11:59:07,706 [pool-411-thread-1] INFO  server.RaftServerConfigKeys (ConfUtils.java:logGet(44)) - raft.server.log.segment.cache.num.max = 2 (custom)
2020-12-11 11:59:07,706 [pool-411-thread-1] INFO  segmented.SegmentedRaftLogWorker (SegmentedRaftLogWorker.java:<init>(180)) - new 14058016-3fcf-4920-991e-a5361899d5d7@group-59B281828B58-SegmentedRaftLogWorker for RaftStorage:Storage Directory /github/workspace/mnt/ozone/hadoop-ozone/integration-test/target/test-dir/MiniOzoneClusterImpl-9e77629d-1495-4101-8eb0-46d1fa4d7a32/datanode-1/data/ratis/82ba59fa-dd35-4d4e-a61e-59b281828b58
2020-12-11 11:59:07,706 [pool-411-thread-1] INFO  server.RaftServerConfigKeys (ConfUtils.java:logGet(44)) - raft.server.log.queue.byte-limit = 2147483647 (custom)
2020-12-11 11:59:07,706 [pool-411-thread-1] INFO  server.RaftServerConfigKeys (ConfUtils.java:logGet(44)) - raft.server.log.queue.element-limit = 1024 (custom)
2020-12-11 11:59:07,706 [pool-411-thread-1] INFO  server.RaftServerConfigKeys (ConfUtils.java:logGet(44)) - raft.server.log.segment.size.max = 1048576 (custom)
2020-12-11 11:59:07,706 [pool-411-thread-1] INFO  server.RaftServerConfigKeys (ConfUtils.java:logGet(44)) - raft.server.log.preallocated.size = 16384 (custom)
2020-12-11 11:59:07,706 [pool-411-thread-1] INFO  server.RaftServerConfigKeys (ConfUtils.java:logGet(44)) - raft.server.log.write.buffer.size = 1048576 (custom)
2020-12-11 11:59:07,706 [pool-411-thread-1] INFO  server.RaftServerConfigKeys (ConfUtils.java:logGet(44)) - raft.server.log.force.sync.num = 128 (default)
2020-12-11 11:59:07,706 [pool-411-thread-1] INFO  server.RaftServerConfigKeys (ConfUtils.java:logGet(44)) - raft.server.log.statemachine.data.sync = true (default)
2020-12-11 11:59:07,706 [pool-411-thread-1] INFO  server.RaftServerConfigKeys (ConfUtils.java:logGet(44)) - raft.server.log.statemachine.data.sync.timeout = 10s (default)
2020-12-11 11:59:07,706 [pool-411-thread-1] INFO  server.RaftServerConfigKeys (ConfUtils.java:logGet(44)) - raft.server.log.statemachine.data.sync.timeout.retry = -1 (default)
2020-12-11 11:59:07,708 [pool-411-thread-1] INFO  server.RaftServerConfigKeys (ConfUtils.java:logGet(44)) - raft.server.log.statemachine.data.caching.enabled = true (custom)
2020-12-11 11:59:07,708 [pool-411-thread-1] INFO  segmented.SegmentedRaftLogWorker (SegmentedRaftLogWorker.java:lambda$new$0(129)) - 14058016-3fcf-4920-991e-a5361899d5d7@group-59B281828B58-SegmentedRaftLogWorker: flushIndex: setUnconditionally 0 -> -1
2020-12-11 11:59:07,709 [pool-411-thread-1] INFO  segmented.SegmentedRaftLogWorker (SegmentedRaftLogWorker.java:lambda$new$0(129)) - 14058016-3fcf-4920-991e-a5361899d5d7@group-59B281828B58-SegmentedRaftLogWorker: safeCacheEvictIndex: setUnconditionally 0 -> -1
2020-12-11 11:59:07,709 [pool-411-thread-1] INFO  server.RaftServerConfigKeys (ConfUtils.java:logGet(44)) - raft.server.snapshot.auto.trigger.enabled = true (custom)
2020-12-11 11:59:07,709 [pool-411-thread-1] INFO  server.RaftServerConfigKeys (ConfUtils.java:logGet(44)) - raft.server.snapshot.auto.trigger.threshold = 10000 (custom)
2020-12-11 11:59:07,709 [pool-411-thread-1] INFO  server.RaftServerConfigKeys (ConfUtils.java:logGet(44)) - raft.server.snapshot.retention.file.num = 5 (custom)
2020-12-11 11:59:07,709 [pool-411-thread-1] INFO  server.RaftServerConfigKeys (ConfUtils.java:logGet(44)) - raft.server.log.purge.upto.snapshot.index = false (default)
2020-12-11 11:59:07,709 [pool-411-thread-1] INFO  server.RaftServerConfigKeys (ConfUtils.java:logGet(44)) - raft.server.retrycache.expirytime = 600000ms (custom)
2020-12-11 11:59:07,709 [pool-411-thread-1] INFO  metrics.RatisMetrics (RatisMetrics.java:lambda$create$0(36)) - Creating Metrics Registry : ratis.leader_election.14058016-3fcf-4920-991e-a5361899d5d7@group-59B281828B58
2020-12-11 11:59:07,710 [pool-411-thread-1] INFO  metrics.RatisMetrics (RatisMetrics.java:lambda$create$0(36)) - Creating Metrics Registry : ratis.server.14058016-3fcf-4920-991e-a5361899d5d7@group-59B281828B58
2020-12-11 11:59:07,711 [pool-411-thread-1] INFO  impl.RaftServerImpl (RaftServerImpl.java:start(215)) - 14058016-3fcf-4920-991e-a5361899d5d7@group-59B281828B58: start as a follower, conf=-1: [14058016-3fcf-4920-991e-a5361899d5d7|rpc:172.17.0.2:45451|dataStream:, 675d35ba-bb57-4ae2-b121-2cd47ec358f4|rpc:172.17.0.2:39033|dataStream:, a301dd64-f793-4e68-ac47-305a8ea93822|rpc:172.17.0.2:40329|dataStream:], old=null
2020-12-11 11:59:07,711 [pool-411-thread-1] INFO  impl.RaftServerImpl (RaftServerImpl.java:setRole(204)) - 14058016-3fcf-4920-991e-a5361899d5d7@group-59B281828B58: changes role from      null to FOLLOWER at term 0 for startAsFollower
2020-12-11 11:59:07,711 [pool-411-thread-1] INFO  impl.RoleInfo (RoleInfo.java:updateAndGet(143)) - 14058016-3fcf-4920-991e-a5361899d5d7: start 14058016-3fcf-4920-991e-a5361899d5d7@group-59B281828B58-FollowerState
2020-12-11 11:59:07,712 [pool-411-thread-1] INFO  util.JmxRegister (JmxRegister.java:tryRegister(44)) - Successfully registered JMX Bean with object name Ratis:service=RaftServer,group=group-59B281828B58,id=14058016-3fcf-4920-991e-a5361899d5d7
2020-12-11 11:59:07,712 [pool-411-thread-1] INFO  metrics.RatisMetrics (RatisMetrics.java:lambda$create$0(36)) - Creating Metrics Registry : ratis.state_machine.14058016-3fcf-4920-991e-a5361899d5d7@group-59B281828B58
2020-12-11 11:59:07,717 [Command processor thread] INFO  commandhandler.CreatePipelineCommandHandler (CreatePipelineCommandHandler.java:handle(106)) - Created Pipeline RATIS THREE PipelineID=82ba59fa-dd35-4d4e-a61e-59b281828b58.
2020-12-11 11:59:07,808 [Command processor thread] INFO  impl.RaftServerProxy (RaftServerProxy.java:addNew(93)) - 14058016-3fcf-4920-991e-a5361899d5d7: addNew group-7AF80F2BCD78:[14058016-3fcf-4920-991e-a5361899d5d7|rpc:172.17.0.2:45451] returns group-7AF80F2BCD78:java.util.concurrent.CompletableFuture@3e7449f2[Not completed]
2020-12-11 11:59:07,809 [pool-411-thread-1] INFO  impl.RaftServerImpl (RaftServerImpl.java:<init>(121)) - 14058016-3fcf-4920-991e-a5361899d5d7: new RaftServerImpl for group-7AF80F2BCD78:[14058016-3fcf-4920-991e-a5361899d5d7|rpc:172.17.0.2:45451] with ContainerStateMachine:uninitialized
2020-12-11 11:59:07,809 [pool-411-thread-1] INFO  server.RaftServerConfigKeys (ConfUtils.java:logGet(44)) - raft.server.rpc.timeout.min = 5s (custom)
2020-12-11 11:59:07,809 [pool-411-thread-1] INFO  server.RaftServerConfigKeys (ConfUtils.java:logGet(44)) - raft.server.rpc.timeout.max = 5200ms (custom)
2020-12-11 11:59:07,809 [pool-411-thread-1] INFO  server.RaftServerConfigKeys (ConfUtils.java:logGet(44)) - raft.server.rpc.slowness.timeout = 300000ms (custom)
2020-12-11 11:59:07,809 [pool-411-thread-1] INFO  server.RaftServerConfigKeys (ConfUtils.java:logGet(44)) - raft.server.leaderelection.leader.step-down.wait-time = 10s (default)
2020-12-11 11:59:07,809 [pool-411-thread-1] INFO  server.RaftServerConfigKeys (ConfUtils.java:logGet(44)) - raft.server.sleep.deviation.threshold = 300 (default)
2020-12-11 11:59:07,809 [pool-411-thread-1] INFO  server.RaftServerConfigKeys (ConfUtils.java:logGet(44)) - raft.server.log.appender.install.snapshot.enabled = false (custom)
2020-12-11 11:59:07,809 [pool-411-thread-1] INFO  impl.RaftServerImpl (ServerState.java:<init>(104)) - 14058016-3fcf-4920-991e-a5361899d5d7@group-7AF80F2BCD78: ConfigurationManager, init=-1: [14058016-3fcf-4920-991e-a5361899d5d7|rpc:172.17.0.2:45451], old=null, confs=<EMPTY_MAP>
2020-12-11 11:59:07,810 [pool-411-thread-1] INFO  server.RaftServerConfigKeys (ConfUtils.java:logGet(44)) - raft.server.storage.dir = [/github/workspace/mnt/ozone/hadoop-ozone/integration-test/target/test-dir/MiniOzoneClusterImpl-9e77629d-1495-4101-8eb0-46d1fa4d7a32/datanode-1/data/ratis] (custom)
2020-12-11 11:59:07,810 [pool-411-thread-1] INFO  server.RaftServerConfigKeys (ConfUtils.java:logGet(44)) - raft.server.log.corruption.policy = EXCEPTION (default)
2020-12-11 11:59:07,810 [pool-411-thread-1] INFO  storage.RaftStorageDirectory (RaftStorageDirectory.java:analyzeStorage(261)) - The storage directory /github/workspace/mnt/ozone/hadoop-ozone/integration-test/target/test-dir/MiniOzoneClusterImpl-9e77629d-1495-4101-8eb0-46d1fa4d7a32/datanode-1/data/ratis/62408027-fa67-4bc6-b365-7af80f2bcd78 does not exist. Creating ...
2020-12-11 11:59:07,811 [pool-411-thread-1] INFO  storage.RaftStorageDirectory (RaftStorageDirectory.java:tryLock(343)) - Lock on /github/workspace/mnt/ozone/hadoop-ozone/integration-test/target/test-dir/MiniOzoneClusterImpl-9e77629d-1495-4101-8eb0-46d1fa4d7a32/datanode-1/data/ratis/62408027-fa67-4bc6-b365-7af80f2bcd78/in_use.lock acquired by nodename 1858@302fe02fdb76
2020-12-11 11:59:07,813 [pool-411-thread-1] INFO  storage.RaftStorage (RaftStorage.java:format(85)) - Storage directory /github/workspace/mnt/ozone/hadoop-ozone/integration-test/target/test-dir/MiniOzoneClusterImpl-9e77629d-1495-4101-8eb0-46d1fa4d7a32/datanode-1/data/ratis/62408027-fa67-4bc6-b365-7af80f2bcd78 has been successfully formatted.
2020-12-11 11:59:07,813 [pool-411-thread-1] INFO  ratis.ContainerStateMachine (ContainerStateMachine.java:loadSnapshot(225)) - group-7AF80F2BCD78: The snapshot info is null. Setting the last applied indexto:(t:0, i:~)
2020-12-11 11:59:07,813 [pool-411-thread-1] INFO  server.RaftServerConfigKeys (ConfUtils.java:logGet(44)) - raft.server.notification.no-leader.timeout = 300000ms (custom)
2020-12-11 11:59:07,814 [EventQueue-PipelineReportForPipelineReportHandler] INFO  pipeline.PipelineStateManager (PipelineStateManager.java:openPipeline(132)) - Pipeline Pipeline[ Id: 62408027-fa67-4bc6-b365-7af80f2bcd78, Nodes: 14058016-3fcf-4920-991e-a5361899d5d7{ip: 172.17.0.2, host: 302fe02fdb76, networkLocation: /default-rack, certSerialId: null, persistedOpState: IN_SERVICE, persistedOpStateExpiryEpochSec: 0}, Type:RATIS, Factor:ONE, State:ALLOCATED, leaderId:14058016-3fcf-4920-991e-a5361899d5d7, CreationTimestamp2020-12-11T11:59:04.810Z] moved to OPEN state
2020-12-11 11:59:07,814 [EventQueue-PipelineReportForOneReplicaPipelineSafeModeRule] INFO  safemode.SCMSafeModeManager (SCMSafeModeManager.java:validateSafeModeExitRules(214)) - AtleastOneDatanodeReportedRule rule is successfully validated
2020-12-11 11:59:07,814 [pool-411-thread-1] INFO  server.RaftServerConfigKeys (ConfUtils.java:logGet(44)) - raft.server.log.use.memory = false (default)
2020-12-11 11:59:07,815 [EventQueue-OpenPipelineForHealthyPipelineSafeModeRule] INFO  safemode.SCMSafeModeManager (HealthyPipelineSafeModeRule.java:process(128)) - SCM in safe mode. Healthy pipelines reported count is 0, required healthy pipeline reported count is 1
2020-12-11 11:59:07,815 [pool-411-thread-1] INFO  server.RaftServerConfigKeys (ConfUtils.java:logGet(44)) - raft.server.log.purge.gap = 1000000 (custom)
2020-12-11 11:59:07,816 [pool-411-thread-1] INFO  metrics.RatisMetrics (RatisMetrics.java:lambda$create$0(36)) - Creating Metrics Registry : ratis.log_worker.14058016-3fcf-4920-991e-a5361899d5d7@group-7AF80F2BCD78
2020-12-11 11:59:07,816 [pool-411-thread-1] INFO  server.RaftServerConfigKeys (ConfUtils.java:logGet(44)) - raft.server.log.appender.buffer.byte-limit = 33554432 (custom)
2020-12-11 11:59:07,816 [pool-411-thread-1] INFO  server.RaftServerConfigKeys (ConfUtils.java:logGet(44)) - raft.server.log.segment.size.max = 1048576 (custom)
2020-12-11 11:59:07,817 [pool-411-thread-1] INFO  server.RaftServerConfigKeys (ConfUtils.java:logGet(44)) - raft.server.log.segment.cache.num.max = 2 (custom)
2020-12-11 11:59:07,817 [pool-411-thread-1] INFO  segmented.SegmentedRaftLogWorker (SegmentedRaftLogWorker.java:<init>(180)) - new 14058016-3fcf-4920-991e-a5361899d5d7@group-7AF80F2BCD78-SegmentedRaftLogWorker for RaftStorage:Storage Directory /github/workspace/mnt/ozone/hadoop-ozone/integration-test/target/test-dir/MiniOzoneClusterImpl-9e77629d-1495-4101-8eb0-46d1fa4d7a32/datanode-1/data/ratis/62408027-fa67-4bc6-b365-7af80f2bcd78
2020-12-11 11:59:07,817 [pool-411-thread-1] INFO  server.RaftServerConfigKeys (ConfUtils.java:logGet(44)) - raft.server.log.queue.byte-limit = 2147483647 (custom)
2020-12-11 11:59:07,817 [pool-411-thread-1] INFO  server.RaftServerConfigKeys (ConfUtils.java:logGet(44)) - raft.server.log.queue.element-limit = 1024 (custom)
2020-12-11 11:59:07,817 [pool-411-thread-1] INFO  server.RaftServerConfigKeys (ConfUtils.java:logGet(44)) - raft.server.log.segment.size.max = 1048576 (custom)
2020-12-11 11:59:07,817 [pool-411-thread-1] INFO  server.RaftServerConfigKeys (ConfUtils.java:logGet(44)) - raft.server.log.preallocated.size = 16384 (custom)
2020-12-11 11:59:07,817 [pool-411-thread-1] INFO  server.RaftServerConfigKeys (ConfUtils.java:logGet(44)) - raft.server.log.write.buffer.size = 1048576 (custom)
2020-12-11 11:59:07,817 [pool-411-thread-1] INFO  server.RaftServerConfigKeys (ConfUtils.java:logGet(44)) - raft.server.log.force.sync.num = 128 (default)
2020-12-11 11:59:07,817 [pool-411-thread-1] INFO  server.RaftServerConfigKeys (ConfUtils.java:logGet(44)) - raft.server.log.statemachine.data.sync = true (default)
2020-12-11 11:59:07,817 [pool-411-thread-1] INFO  server.RaftServerConfigKeys (ConfUtils.java:logGet(44)) - raft.server.log.statemachine.data.sync.timeout = 10s (default)
2020-12-11 11:59:07,817 [pool-411-thread-1] INFO  server.RaftServerConfigKeys (ConfUtils.java:logGet(44)) - raft.server.log.statemachine.data.sync.timeout.retry = -1 (default)
2020-12-11 11:59:07,820 [pool-411-thread-1] INFO  server.RaftServerConfigKeys (ConfUtils.java:logGet(44)) - raft.server.log.statemachine.data.caching.enabled = true (custom)
2020-12-11 11:59:07,820 [pool-411-thread-1] INFO  segmented.SegmentedRaftLogWorker (SegmentedRaftLogWorker.java:lambda$new$0(129)) - 14058016-3fcf-4920-991e-a5361899d5d7@group-7AF80F2BCD78-SegmentedRaftLogWorker: flushIndex: setUnconditionally 0 -> -1
2020-12-11 11:59:07,820 [pool-411-thread-1] INFO  segmented.SegmentedRaftLogWorker (SegmentedRaftLogWorker.java:lambda$new$0(129)) - 14058016-3fcf-4920-991e-a5361899d5d7@group-7AF80F2BCD78-SegmentedRaftLogWorker: safeCacheEvictIndex: setUnconditionally 0 -> -1
2020-12-11 11:59:07,820 [pool-411-thread-1] INFO  server.RaftServerConfigKeys (ConfUtils.java:logGet(44)) - raft.server.snapshot.auto.trigger.enabled = true (custom)
2020-12-11 11:59:07,821 [pool-411-thread-1] INFO  server.RaftServerConfigKeys (ConfUtils.java:logGet(44)) - raft.server.snapshot.auto.trigger.threshold = 10000 (custom)
2020-12-11 11:59:07,821 [pool-411-thread-1] INFO  server.RaftServerConfigKeys (ConfUtils.java:logGet(44)) - raft.server.snapshot.retention.file.num = 5 (custom)
2020-12-11 11:59:07,821 [pool-411-thread-1] INFO  server.RaftServerConfigKeys (ConfUtils.java:logGet(44)) - raft.server.log.purge.upto.snapshot.index = false (default)
2020-12-11 11:59:07,821 [pool-411-thread-1] INFO  server.RaftServerConfigKeys (ConfUtils.java:logGet(44)) - raft.server.retrycache.expirytime = 600000ms (custom)
2020-12-11 11:59:07,821 [pool-411-thread-1] INFO  metrics.RatisMetrics (RatisMetrics.java:lambda$create$0(36)) - Creating Metrics Registry : ratis.leader_election.14058016-3fcf-4920-991e-a5361899d5d7@group-7AF80F2BCD78
2020-12-11 11:59:07,822 [pool-411-thread-1] INFO  metrics.RatisMetrics (RatisMetrics.java:lambda$create$0(36)) - Creating Metrics Registry : ratis.server.14058016-3fcf-4920-991e-a5361899d5d7@group-7AF80F2BCD78
2020-12-11 11:59:07,823 [pool-411-thread-1] INFO  impl.RaftServerImpl (RaftServerImpl.java:start(215)) - 14058016-3fcf-4920-991e-a5361899d5d7@group-7AF80F2BCD78: start as a follower, conf=-1: [14058016-3fcf-4920-991e-a5361899d5d7|rpc:172.17.0.2:45451], old=null
2020-12-11 11:59:07,823 [pool-411-thread-1] INFO  impl.RaftServerImpl (RaftServerImpl.java:setRole(204)) - 14058016-3fcf-4920-991e-a5361899d5d7@group-7AF80F2BCD78: changes role from      null to FOLLOWER at term 0 for startAsFollower
2020-12-11 11:59:07,823 [pool-411-thread-1] INFO  impl.RoleInfo (RoleInfo.java:updateAndGet(143)) - 14058016-3fcf-4920-991e-a5361899d5d7: start 14058016-3fcf-4920-991e-a5361899d5d7@group-7AF80F2BCD78-FollowerState
2020-12-11 11:59:07,824 [pool-411-thread-1] INFO  util.JmxRegister (JmxRegister.java:tryRegister(44)) - Successfully registered JMX Bean with object name Ratis:service=RaftServer,group=group-7AF80F2BCD78,id=14058016-3fcf-4920-991e-a5361899d5d7
2020-12-11 11:59:07,824 [pool-411-thread-1] INFO  metrics.RatisMetrics (RatisMetrics.java:lambda$create$0(36)) - Creating Metrics Registry : ratis.state_machine.14058016-3fcf-4920-991e-a5361899d5d7@group-7AF80F2BCD78
2020-12-11 11:59:07,825 [Command processor thread] INFO  commandhandler.CreatePipelineCommandHandler (CreatePipelineCommandHandler.java:handle(106)) - Created Pipeline RATIS ONE PipelineID=62408027-fa67-4bc6-b365-7af80f2bcd78.
2020-12-11 11:59:08,037 [Command processor thread] INFO  impl.RaftServerProxy (RaftServerProxy.java:addNew(93)) - a301dd64-f793-4e68-ac47-305a8ea93822: addNew group-B70A46C6AF1F:[a301dd64-f793-4e68-ac47-305a8ea93822|rpc:172.17.0.2:40329] returns group-B70A46C6AF1F:java.util.concurrent.CompletableFuture@32cf149[Not completed]
2020-12-11 11:59:08,038 [pool-427-thread-1] INFO  impl.RaftServerImpl (RaftServerImpl.java:<init>(121)) - a301dd64-f793-4e68-ac47-305a8ea93822: new RaftServerImpl for group-B70A46C6AF1F:[a301dd64-f793-4e68-ac47-305a8ea93822|rpc:172.17.0.2:40329] with ContainerStateMachine:uninitialized
2020-12-11 11:59:08,038 [pool-427-thread-1] INFO  server.RaftServerConfigKeys (ConfUtils.java:logGet(44)) - raft.server.rpc.timeout.min = 5s (custom)
2020-12-11 11:59:08,038 [pool-427-thread-1] INFO  server.RaftServerConfigKeys (ConfUtils.java:logGet(44)) - raft.server.rpc.timeout.max = 5200ms (custom)
2020-12-11 11:59:08,038 [pool-427-thread-1] INFO  server.RaftServerConfigKeys (ConfUtils.java:logGet(44)) - raft.server.rpc.slowness.timeout = 300000ms (custom)
2020-12-11 11:59:08,038 [pool-427-thread-1] INFO  server.RaftServerConfigKeys (ConfUtils.java:logGet(44)) - raft.server.leaderelection.leader.step-down.wait-time = 10s (default)
2020-12-11 11:59:08,038 [pool-427-thread-1] INFO  server.RaftServerConfigKeys (ConfUtils.java:logGet(44)) - raft.server.sleep.deviation.threshold = 300 (default)
2020-12-11 11:59:08,038 [pool-427-thread-1] INFO  server.RaftServerConfigKeys (ConfUtils.java:logGet(44)) - raft.server.log.appender.install.snapshot.enabled = false (custom)
2020-12-11 11:59:08,038 [pool-427-thread-1] INFO  impl.RaftServerImpl (ServerState.java:<init>(104)) - a301dd64-f793-4e68-ac47-305a8ea93822@group-B70A46C6AF1F: ConfigurationManager, init=-1: [a301dd64-f793-4e68-ac47-305a8ea93822|rpc:172.17.0.2:40329], old=null, confs=<EMPTY_MAP>
2020-12-11 11:59:08,039 [pool-427-thread-1] INFO  server.RaftServerConfigKeys (ConfUtils.java:logGet(44)) - raft.server.storage.dir = [/github/workspace/mnt/ozone/hadoop-ozone/integration-test/target/test-dir/MiniOzoneClusterImpl-9e77629d-1495-4101-8eb0-46d1fa4d7a32/datanode-2/data/ratis] (custom)
2020-12-11 11:59:08,039 [pool-427-thread-1] INFO  server.RaftServerConfigKeys (ConfUtils.java:logGet(44)) - raft.server.log.corruption.policy = EXCEPTION (default)
2020-12-11 11:59:08,039 [pool-427-thread-1] INFO  storage.RaftStorageDirectory (RaftStorageDirectory.java:analyzeStorage(261)) - The storage directory /github/workspace/mnt/ozone/hadoop-ozone/integration-test/target/test-dir/MiniOzoneClusterImpl-9e77629d-1495-4101-8eb0-46d1fa4d7a32/datanode-2/data/ratis/46f9119a-92a3-4f85-9c67-b70a46c6af1f does not exist. Creating ...
2020-12-11 11:59:08,040 [pool-427-thread-1] INFO  storage.RaftStorageDirectory (RaftStorageDirectory.java:tryLock(343)) - Lock on /github/workspace/mnt/ozone/hadoop-ozone/integration-test/target/test-dir/MiniOzoneClusterImpl-9e77629d-1495-4101-8eb0-46d1fa4d7a32/datanode-2/data/ratis/46f9119a-92a3-4f85-9c67-b70a46c6af1f/in_use.lock acquired by nodename 1858@302fe02fdb76
2020-12-11 11:59:08,042 [pool-427-thread-1] INFO  storage.RaftStorage (RaftStorage.java:format(85)) - Storage directory /github/workspace/mnt/ozone/hadoop-ozone/integration-test/target/test-dir/MiniOzoneClusterImpl-9e77629d-1495-4101-8eb0-46d1fa4d7a32/datanode-2/data/ratis/46f9119a-92a3-4f85-9c67-b70a46c6af1f has been successfully formatted.
2020-12-11 11:59:08,042 [pool-427-thread-1] INFO  ratis.ContainerStateMachine (ContainerStateMachine.java:loadSnapshot(225)) - group-B70A46C6AF1F: The snapshot info is null. Setting the last applied indexto:(t:0, i:~)
2020-12-11 11:59:08,042 [pool-427-thread-1] INFO  server.RaftServerConfigKeys (ConfUtils.java:logGet(44)) - raft.server.notification.no-leader.timeout = 300000ms (custom)
2020-12-11 11:59:08,042 [pool-427-thread-1] INFO  server.RaftServerConfigKeys (ConfUtils.java:logGet(44)) - raft.server.log.use.memory = false (default)
2020-12-11 11:59:08,042 [pool-427-thread-1] INFO  server.RaftServerConfigKeys (ConfUtils.java:logGet(44)) - raft.server.log.purge.gap = 1000000 (custom)
2020-12-11 11:59:08,042 [pool-427-thread-1] INFO  metrics.RatisMetrics (RatisMetrics.java:lambda$create$0(36)) - Creating Metrics Registry : ratis.log_worker.a301dd64-f793-4e68-ac47-305a8ea93822@group-B70A46C6AF1F
2020-12-11 11:59:08,043 [EventQueue-PipelineReportForOneReplicaPipelineSafeModeRule] INFO  safemode.SCMSafeModeManager (SCMSafeModeManager.java:validateSafeModeExitRules(214)) - AtleastOneDatanodeReportedRule rule is successfully validated
2020-12-11 11:59:08,043 [pool-427-thread-1] INFO  server.RaftServerConfigKeys (ConfUtils.java:logGet(44)) - raft.server.log.appender.buffer.byte-limit = 33554432 (custom)
2020-12-11 11:59:08,043 [pool-427-thread-1] INFO  server.RaftServerConfigKeys (ConfUtils.java:logGet(44)) - raft.server.log.segment.size.max = 1048576 (custom)
2020-12-11 11:59:08,043 [EventQueue-PipelineReportForPipelineReportHandler] INFO  pipeline.PipelineStateManager (PipelineStateManager.java:openPipeline(132)) - Pipeline Pipeline[ Id: 46f9119a-92a3-4f85-9c67-b70a46c6af1f, Nodes: a301dd64-f793-4e68-ac47-305a8ea93822{ip: 172.17.0.2, host: 302fe02fdb76, networkLocation: /default-rack, certSerialId: null, persistedOpState: IN_SERVICE, persistedOpStateExpiryEpochSec: 0}, Type:RATIS, Factor:ONE, State:ALLOCATED, leaderId:a301dd64-f793-4e68-ac47-305a8ea93822, CreationTimestamp2020-12-11T11:59:05.039Z] moved to OPEN state
2020-12-11 11:59:08,044 [EventQueue-OpenPipelineForHealthyPipelineSafeModeRule] INFO  safemode.SCMSafeModeManager (HealthyPipelineSafeModeRule.java:process(128)) - SCM in safe mode. Healthy pipelines reported count is 0, required healthy pipeline reported count is 1
2020-12-11 11:59:08,044 [pool-427-thread-1] INFO  server.RaftServerConfigKeys (ConfUtils.java:logGet(44)) - raft.server.log.segment.cache.num.max = 2 (custom)
2020-12-11 11:59:08,048 [pool-427-thread-1] INFO  segmented.SegmentedRaftLogWorker (SegmentedRaftLogWorker.java:<init>(180)) - new a301dd64-f793-4e68-ac47-305a8ea93822@group-B70A46C6AF1F-SegmentedRaftLogWorker for RaftStorage:Storage Directory /github/workspace/mnt/ozone/hadoop-ozone/integration-test/target/test-dir/MiniOzoneClusterImpl-9e77629d-1495-4101-8eb0-46d1fa4d7a32/datanode-2/data/ratis/46f9119a-92a3-4f85-9c67-b70a46c6af1f
2020-12-11 11:59:08,048 [pool-427-thread-1] INFO  server.RaftServerConfigKeys (ConfUtils.java:logGet(44)) - raft.server.log.queue.byte-limit = 2147483647 (custom)
2020-12-11 11:59:08,048 [pool-427-thread-1] INFO  server.RaftServerConfigKeys (ConfUtils.java:logGet(44)) - raft.server.log.queue.element-limit = 1024 (custom)
2020-12-11 11:59:08,048 [pool-427-thread-1] INFO  server.RaftServerConfigKeys (ConfUtils.java:logGet(44)) - raft.server.log.segment.size.max = 1048576 (custom)
2020-12-11 11:59:08,048 [pool-427-thread-1] INFO  server.RaftServerConfigKeys (ConfUtils.java:logGet(44)) - raft.server.log.preallocated.size = 16384 (custom)
2020-12-11 11:59:08,048 [pool-427-thread-1] INFO  server.RaftServerConfigKeys (ConfUtils.java:logGet(44)) - raft.server.log.write.buffer.size = 1048576 (custom)
2020-12-11 11:59:08,049 [pool-427-thread-1] INFO  server.RaftServerConfigKeys (ConfUtils.java:logGet(44)) - raft.server.log.force.sync.num = 128 (default)
2020-12-11 11:59:08,049 [pool-427-thread-1] INFO  server.RaftServerConfigKeys (ConfUtils.java:logGet(44)) - raft.server.log.statemachine.data.sync = true (default)
2020-12-11 11:59:08,049 [pool-427-thread-1] INFO  server.RaftServerConfigKeys (ConfUtils.java:logGet(44)) - raft.server.log.statemachine.data.sync.timeout = 10s (default)
2020-12-11 11:59:08,049 [pool-427-thread-1] INFO  server.RaftServerConfigKeys (ConfUtils.java:logGet(44)) - raft.server.log.statemachine.data.sync.timeout.retry = -1 (default)
2020-12-11 11:59:08,051 [pool-427-thread-1] INFO  server.RaftServerConfigKeys (ConfUtils.java:logGet(44)) - raft.server.log.statemachine.data.caching.enabled = true (custom)
2020-12-11 11:59:08,051 [pool-427-thread-1] INFO  segmented.SegmentedRaftLogWorker (SegmentedRaftLogWorker.java:lambda$new$0(129)) - a301dd64-f793-4e68-ac47-305a8ea93822@group-B70A46C6AF1F-SegmentedRaftLogWorker: flushIndex: setUnconditionally 0 -> -1
2020-12-11 11:59:08,051 [pool-427-thread-1] INFO  segmented.SegmentedRaftLogWorker (SegmentedRaftLogWorker.java:lambda$new$0(129)) - a301dd64-f793-4e68-ac47-305a8ea93822@group-B70A46C6AF1F-SegmentedRaftLogWorker: safeCacheEvictIndex: setUnconditionally 0 -> -1
2020-12-11 11:59:08,052 [pool-427-thread-1] INFO  server.RaftServerConfigKeys (ConfUtils.java:logGet(44)) - raft.server.snapshot.auto.trigger.enabled = true (custom)
2020-12-11 11:59:08,052 [pool-427-thread-1] INFO  server.RaftServerConfigKeys (ConfUtils.java:logGet(44)) - raft.server.snapshot.auto.trigger.threshold = 10000 (custom)
2020-12-11 11:59:08,052 [pool-427-thread-1] INFO  server.RaftServerConfigKeys (ConfUtils.java:logGet(44)) - raft.server.snapshot.retention.file.num = 5 (custom)
2020-12-11 11:59:08,052 [pool-427-thread-1] INFO  server.RaftServerConfigKeys (ConfUtils.java:logGet(44)) - raft.server.log.purge.upto.snapshot.index = false (default)
2020-12-11 11:59:08,052 [pool-427-thread-1] INFO  server.RaftServerConfigKeys (ConfUtils.java:logGet(44)) - raft.server.retrycache.expirytime = 600000ms (custom)
2020-12-11 11:59:08,052 [pool-427-thread-1] INFO  metrics.RatisMetrics (RatisMetrics.java:lambda$create$0(36)) - Creating Metrics Registry : ratis.leader_election.a301dd64-f793-4e68-ac47-305a8ea93822@group-B70A46C6AF1F
2020-12-11 11:59:08,053 [pool-427-thread-1] INFO  metrics.RatisMetrics (RatisMetrics.java:lambda$create$0(36)) - Creating Metrics Registry : ratis.server.a301dd64-f793-4e68-ac47-305a8ea93822@group-B70A46C6AF1F
2020-12-11 11:59:08,054 [pool-427-thread-1] INFO  impl.RaftServerImpl (RaftServerImpl.java:start(215)) - a301dd64-f793-4e68-ac47-305a8ea93822@group-B70A46C6AF1F: start as a follower, conf=-1: [a301dd64-f793-4e68-ac47-305a8ea93822|rpc:172.17.0.2:40329], old=null
2020-12-11 11:59:08,054 [pool-427-thread-1] INFO  impl.RaftServerImpl (RaftServerImpl.java:setRole(204)) - a301dd64-f793-4e68-ac47-305a8ea93822@group-B70A46C6AF1F: changes role from      null to FOLLOWER at term 0 for startAsFollower
2020-12-11 11:59:08,054 [pool-427-thread-1] INFO  impl.RoleInfo (RoleInfo.java:updateAndGet(143)) - a301dd64-f793-4e68-ac47-305a8ea93822: start a301dd64-f793-4e68-ac47-305a8ea93822@group-B70A46C6AF1F-FollowerState
2020-12-11 11:59:08,054 [pool-427-thread-1] INFO  util.JmxRegister (JmxRegister.java:tryRegister(44)) - Successfully registered JMX Bean with object name Ratis:service=RaftServer,group=group-B70A46C6AF1F,id=a301dd64-f793-4e68-ac47-305a8ea93822
2020-12-11 11:59:08,054 [pool-427-thread-1] INFO  metrics.RatisMetrics (RatisMetrics.java:lambda$create$0(36)) - Creating Metrics Registry : ratis.state_machine.a301dd64-f793-4e68-ac47-305a8ea93822@group-B70A46C6AF1F
2020-12-11 11:59:08,055 [Command processor thread] INFO  commandhandler.CreatePipelineCommandHandler (CreatePipelineCommandHandler.java:handle(106)) - Created Pipeline RATIS ONE PipelineID=46f9119a-92a3-4f85-9c67-b70a46c6af1f.
2020-12-11 11:59:08,417 [Command processor thread] INFO  impl.RaftServerProxy (RaftServerProxy.java:addNew(93)) - 14fff06d-4b2c-4584-8355-292f5629e732: addNew group-2C43DEC16CF8:[14fff06d-4b2c-4584-8355-292f5629e732|rpc:172.17.0.2:45411] returns group-2C43DEC16CF8:java.util.concurrent.CompletableFuture@1bcdfa5f[Not completed]
2020-12-11 11:59:08,418 [pool-443-thread-1] INFO  impl.RaftServerImpl (RaftServerImpl.java:<init>(121)) - 14fff06d-4b2c-4584-8355-292f5629e732: new RaftServerImpl for group-2C43DEC16CF8:[14fff06d-4b2c-4584-8355-292f5629e732|rpc:172.17.0.2:45411] with ContainerStateMachine:uninitialized
2020-12-11 11:59:08,423 [pool-443-thread-1] INFO  server.RaftServerConfigKeys (ConfUtils.java:logGet(44)) - raft.server.rpc.timeout.min = 5s (custom)
2020-12-11 11:59:08,424 [pool-443-thread-1] INFO  server.RaftServerConfigKeys (ConfUtils.java:logGet(44)) - raft.server.rpc.timeout.max = 5200ms (custom)
2020-12-11 11:59:08,424 [pool-443-thread-1] INFO  server.RaftServerConfigKeys (ConfUtils.java:logGet(44)) - raft.server.rpc.slowness.timeout = 300000ms (custom)
2020-12-11 11:59:08,424 [pool-443-thread-1] INFO  server.RaftServerConfigKeys (ConfUtils.java:logGet(44)) - raft.server.leaderelection.leader.step-down.wait-time = 10s (default)
2020-12-11 11:59:08,424 [pool-443-thread-1] INFO  server.RaftServerConfigKeys (ConfUtils.java:logGet(44)) - raft.server.sleep.deviation.threshold = 300 (default)
2020-12-11 11:59:08,424 [pool-443-thread-1] INFO  server.RaftServerConfigKeys (ConfUtils.java:logGet(44)) - raft.server.log.appender.install.snapshot.enabled = false (custom)
2020-12-11 11:59:08,424 [pool-443-thread-1] INFO  impl.RaftServerImpl (ServerState.java:<init>(104)) - 14fff06d-4b2c-4584-8355-292f5629e732@group-2C43DEC16CF8: ConfigurationManager, init=-1: [14fff06d-4b2c-4584-8355-292f5629e732|rpc:172.17.0.2:45411], old=null, confs=<EMPTY_MAP>
2020-12-11 11:59:08,424 [pool-443-thread-1] INFO  server.RaftServerConfigKeys (ConfUtils.java:logGet(44)) - raft.server.storage.dir = [/github/workspace/mnt/ozone/hadoop-ozone/integration-test/target/test-dir/MiniOzoneClusterImpl-9e77629d-1495-4101-8eb0-46d1fa4d7a32/datanode-3/data/ratis] (custom)
2020-12-11 11:59:08,424 [pool-443-thread-1] INFO  server.RaftServerConfigKeys (ConfUtils.java:logGet(44)) - raft.server.log.corruption.policy = EXCEPTION (default)
2020-12-11 11:59:08,425 [pool-443-thread-1] INFO  storage.RaftStorageDirectory (RaftStorageDirectory.java:analyzeStorage(261)) - The storage directory /github/workspace/mnt/ozone/hadoop-ozone/integration-test/target/test-dir/MiniOzoneClusterImpl-9e77629d-1495-4101-8eb0-46d1fa4d7a32/datanode-3/data/ratis/b6226e72-dc23-4cf3-90c1-2c43dec16cf8 does not exist. Creating ...
2020-12-11 11:59:08,426 [pool-443-thread-1] INFO  storage.RaftStorageDirectory (RaftStorageDirectory.java:tryLock(343)) - Lock on /github/workspace/mnt/ozone/hadoop-ozone/integration-test/target/test-dir/MiniOzoneClusterImpl-9e77629d-1495-4101-8eb0-46d1fa4d7a32/datanode-3/data/ratis/b6226e72-dc23-4cf3-90c1-2c43dec16cf8/in_use.lock acquired by nodename 1858@302fe02fdb76
2020-12-11 11:59:08,427 [pool-443-thread-1] INFO  storage.RaftStorage (RaftStorage.java:format(85)) - Storage directory /github/workspace/mnt/ozone/hadoop-ozone/integration-test/target/test-dir/MiniOzoneClusterImpl-9e77629d-1495-4101-8eb0-46d1fa4d7a32/datanode-3/data/ratis/b6226e72-dc23-4cf3-90c1-2c43dec16cf8 has been successfully formatted.
2020-12-11 11:59:08,429 [pool-443-thread-1] INFO  ratis.ContainerStateMachine (ContainerStateMachine.java:loadSnapshot(225)) - group-2C43DEC16CF8: The snapshot info is null. Setting the last applied indexto:(t:0, i:~)
2020-12-11 11:59:08,429 [pool-443-thread-1] INFO  server.RaftServerConfigKeys (ConfUtils.java:logGet(44)) - raft.server.notification.no-leader.timeout = 300000ms (custom)
2020-12-11 11:59:08,429 [pool-443-thread-1] INFO  server.RaftServerConfigKeys (ConfUtils.java:logGet(44)) - raft.server.log.use.memory = false (default)
2020-12-11 11:59:08,429 [pool-443-thread-1] INFO  server.RaftServerConfigKeys (ConfUtils.java:logGet(44)) - raft.server.log.purge.gap = 1000000 (custom)
2020-12-11 11:59:08,429 [pool-443-thread-1] INFO  metrics.RatisMetrics (RatisMetrics.java:lambda$create$0(36)) - Creating Metrics Registry : ratis.log_worker.14fff06d-4b2c-4584-8355-292f5629e732@group-2C43DEC16CF8
2020-12-11 11:59:08,430 [pool-443-thread-1] INFO  server.RaftServerConfigKeys (ConfUtils.java:logGet(44)) - raft.server.log.appender.buffer.byte-limit = 33554432 (custom)
2020-12-11 11:59:08,430 [pool-443-thread-1] INFO  server.RaftServerConfigKeys (ConfUtils.java:logGet(44)) - raft.server.log.segment.size.max = 1048576 (custom)
2020-12-11 11:59:08,430 [EventQueue-PipelineReportForPipelineReportHandler] INFO  pipeline.PipelineStateManager (PipelineStateManager.java:openPipeline(132)) - Pipeline Pipeline[ Id: b6226e72-dc23-4cf3-90c1-2c43dec16cf8, Nodes: 14fff06d-4b2c-4584-8355-292f5629e732{ip: 172.17.0.2, host: 302fe02fdb76, networkLocation: /default-rack, certSerialId: null, persistedOpState: IN_SERVICE, persistedOpStateExpiryEpochSec: 0}, Type:RATIS, Factor:ONE, State:ALLOCATED, leaderId:14fff06d-4b2c-4584-8355-292f5629e732, CreationTimestamp2020-12-11T11:59:05.420Z] moved to OPEN state
2020-12-11 11:59:08,430 [EventQueue-PipelineReportForOneReplicaPipelineSafeModeRule] INFO  safemode.SCMSafeModeManager (SCMSafeModeManager.java:validateSafeModeExitRules(214)) - AtleastOneDatanodeReportedRule rule is successfully validated
2020-12-11 11:59:08,430 [EventQueue-OpenPipelineForHealthyPipelineSafeModeRule] INFO  safemode.SCMSafeModeManager (HealthyPipelineSafeModeRule.java:process(128)) - SCM in safe mode. Healthy pipelines reported count is 0, required healthy pipeline reported count is 1
2020-12-11 11:59:08,430 [pool-443-thread-1] INFO  server.RaftServerConfigKeys (ConfUtils.java:logGet(44)) - raft.server.log.segment.cache.num.max = 2 (custom)
2020-12-11 11:59:08,431 [pool-443-thread-1] INFO  segmented.SegmentedRaftLogWorker (SegmentedRaftLogWorker.java:<init>(180)) - new 14fff06d-4b2c-4584-8355-292f5629e732@group-2C43DEC16CF8-SegmentedRaftLogWorker for RaftStorage:Storage Directory /github/workspace/mnt/ozone/hadoop-ozone/integration-test/target/test-dir/MiniOzoneClusterImpl-9e77629d-1495-4101-8eb0-46d1fa4d7a32/datanode-3/data/ratis/b6226e72-dc23-4cf3-90c1-2c43dec16cf8
2020-12-11 11:59:08,432 [pool-443-thread-1] INFO  server.RaftServerConfigKeys (ConfUtils.java:logGet(44)) - raft.server.log.queue.byte-limit = 2147483647 (custom)
2020-12-11 11:59:08,432 [pool-443-thread-1] INFO  server.RaftServerConfigKeys (ConfUtils.java:logGet(44)) - raft.server.log.queue.element-limit = 1024 (custom)
2020-12-11 11:59:08,432 [pool-443-thread-1] INFO  server.RaftServerConfigKeys (ConfUtils.java:logGet(44)) - raft.server.log.segment.size.max = 1048576 (custom)
2020-12-11 11:59:08,432 [pool-443-thread-1] INFO  server.RaftServerConfigKeys (ConfUtils.java:logGet(44)) - raft.server.log.preallocated.size = 16384 (custom)
2020-12-11 11:59:08,432 [pool-443-thread-1] INFO  server.RaftServerConfigKeys (ConfUtils.java:logGet(44)) - raft.server.log.write.buffer.size = 1048576 (custom)
2020-12-11 11:59:08,432 [pool-443-thread-1] INFO  server.RaftServerConfigKeys (ConfUtils.java:logGet(44)) - raft.server.log.force.sync.num = 128 (default)
2020-12-11 11:59:08,432 [pool-443-thread-1] INFO  server.RaftServerConfigKeys (ConfUtils.java:logGet(44)) - raft.server.log.statemachine.data.sync = true (default)
2020-12-11 11:59:08,432 [pool-443-thread-1] INFO  server.RaftServerConfigKeys (ConfUtils.java:logGet(44)) - raft.server.log.statemachine.data.sync.timeout = 10s (default)
2020-12-11 11:59:08,432 [pool-443-thread-1] INFO  server.RaftServerConfigKeys (ConfUtils.java:logGet(44)) - raft.server.log.statemachine.data.sync.timeout.retry = -1 (default)
2020-12-11 11:59:08,435 [pool-443-thread-1] INFO  server.RaftServerConfigKeys (ConfUtils.java:logGet(44)) - raft.server.log.statemachine.data.caching.enabled = true (custom)
2020-12-11 11:59:08,435 [pool-443-thread-1] INFO  segmented.SegmentedRaftLogWorker (SegmentedRaftLogWorker.java:lambda$new$0(129)) - 14fff06d-4b2c-4584-8355-292f5629e732@group-2C43DEC16CF8-SegmentedRaftLogWorker: flushIndex: setUnconditionally 0 -> -1
2020-12-11 11:59:08,435 [pool-443-thread-1] INFO  segmented.SegmentedRaftLogWorker (SegmentedRaftLogWorker.java:lambda$new$0(129)) - 14fff06d-4b2c-4584-8355-292f5629e732@group-2C43DEC16CF8-SegmentedRaftLogWorker: safeCacheEvictIndex: setUnconditionally 0 -> -1
2020-12-11 11:59:08,435 [pool-443-thread-1] INFO  server.RaftServerConfigKeys (ConfUtils.java:logGet(44)) - raft.server.snapshot.auto.trigger.enabled = true (custom)
2020-12-11 11:59:08,436 [pool-443-thread-1] INFO  server.RaftServerConfigKeys (ConfUtils.java:logGet(44)) - raft.server.snapshot.auto.trigger.threshold = 10000 (custom)
2020-12-11 11:59:08,436 [pool-443-thread-1] INFO  server.RaftServerConfigKeys (ConfUtils.java:logGet(44)) - raft.server.snapshot.retention.file.num = 5 (custom)
2020-12-11 11:59:08,436 [pool-443-thread-1] INFO  server.RaftServerConfigKeys (ConfUtils.java:logGet(44)) - raft.server.log.purge.upto.snapshot.index = false (default)
2020-12-11 11:59:08,436 [pool-443-thread-1] INFO  server.RaftServerConfigKeys (ConfUtils.java:logGet(44)) - raft.server.retrycache.expirytime = 600000ms (custom)
2020-12-11 11:59:08,436 [pool-443-thread-1] INFO  metrics.RatisMetrics (RatisMetrics.java:lambda$create$0(36)) - Creating Metrics Registry : ratis.leader_election.14fff06d-4b2c-4584-8355-292f5629e732@group-2C43DEC16CF8
2020-12-11 11:59:08,436 [pool-443-thread-1] INFO  metrics.RatisMetrics (RatisMetrics.java:lambda$create$0(36)) - Creating Metrics Registry : ratis.server.14fff06d-4b2c-4584-8355-292f5629e732@group-2C43DEC16CF8
2020-12-11 11:59:08,438 [pool-443-thread-1] INFO  impl.RaftServerImpl (RaftServerImpl.java:start(215)) - 14fff06d-4b2c-4584-8355-292f5629e732@group-2C43DEC16CF8: start as a follower, conf=-1: [14fff06d-4b2c-4584-8355-292f5629e732|rpc:172.17.0.2:45411], old=null
2020-12-11 11:59:08,438 [pool-443-thread-1] INFO  impl.RaftServerImpl (RaftServerImpl.java:setRole(204)) - 14fff06d-4b2c-4584-8355-292f5629e732@group-2C43DEC16CF8: changes role from      null to FOLLOWER at term 0 for startAsFollower
2020-12-11 11:59:08,438 [pool-443-thread-1] INFO  impl.RoleInfo (RoleInfo.java:updateAndGet(143)) - 14fff06d-4b2c-4584-8355-292f5629e732: start 14fff06d-4b2c-4584-8355-292f5629e732@group-2C43DEC16CF8-FollowerState
2020-12-11 11:59:08,438 [pool-443-thread-1] INFO  util.JmxRegister (JmxRegister.java:tryRegister(44)) - Successfully registered JMX Bean with object name Ratis:service=RaftServer,group=group-2C43DEC16CF8,id=14fff06d-4b2c-4584-8355-292f5629e732
2020-12-11 11:59:08,438 [pool-443-thread-1] INFO  metrics.RatisMetrics (RatisMetrics.java:lambda$create$0(36)) - Creating Metrics Registry : ratis.state_machine.14fff06d-4b2c-4584-8355-292f5629e732@group-2C43DEC16CF8
2020-12-11 11:59:08,439 [Command processor thread] INFO  commandhandler.CreatePipelineCommandHandler (CreatePipelineCommandHandler.java:handle(106)) - Created Pipeline RATIS ONE PipelineID=b6226e72-dc23-4cf3-90c1-2c43dec16cf8.
2020-12-11 11:59:08,439 [Command processor thread] INFO  impl.RaftServerProxy (RaftServerProxy.java:addNew(93)) - 14fff06d-4b2c-4584-8355-292f5629e732: addNew group-8C72AF07F9E8:[6ceb72e1-9dfc-406c-bbba-66398b5fee3f|rpc:172.17.0.2:42665, ce7b29ad-df73-4c8e-895b-c9a715706485|rpc:172.17.0.2:37077, 14fff06d-4b2c-4584-8355-292f5629e732|rpc:172.17.0.2:45411] returns group-8C72AF07F9E8:java.util.concurrent.CompletableFuture@1ff26dfe[Not completed]
2020-12-11 11:59:08,440 [pool-443-thread-1] INFO  impl.RaftServerImpl (RaftServerImpl.java:<init>(121)) - 14fff06d-4b2c-4584-8355-292f5629e732: new RaftServerImpl for group-8C72AF07F9E8:[6ceb72e1-9dfc-406c-bbba-66398b5fee3f|rpc:172.17.0.2:42665, ce7b29ad-df73-4c8e-895b-c9a715706485|rpc:172.17.0.2:37077, 14fff06d-4b2c-4584-8355-292f5629e732|rpc:172.17.0.2:45411] with ContainerStateMachine:uninitialized
2020-12-11 11:59:08,440 [pool-443-thread-1] INFO  server.RaftServerConfigKeys (ConfUtils.java:logGet(44)) - raft.server.rpc.timeout.min = 5s (custom)
2020-12-11 11:59:08,440 [pool-443-thread-1] INFO  server.RaftServerConfigKeys (ConfUtils.java:logGet(44)) - raft.server.rpc.timeout.max = 5200ms (custom)
2020-12-11 11:59:08,440 [pool-443-thread-1] INFO  server.RaftServerConfigKeys (ConfUtils.java:logGet(44)) - raft.server.rpc.slowness.timeout = 300000ms (custom)
2020-12-11 11:59:08,441 [pool-443-thread-1] INFO  server.RaftServerConfigKeys (ConfUtils.java:logGet(44)) - raft.server.leaderelection.leader.step-down.wait-time = 10s (default)
2020-12-11 11:59:08,441 [pool-443-thread-1] INFO  server.RaftServerConfigKeys (ConfUtils.java:logGet(44)) - raft.server.sleep.deviation.threshold = 300 (default)
2020-12-11 11:59:08,441 [pool-443-thread-1] INFO  server.RaftServerConfigKeys (ConfUtils.java:logGet(44)) - raft.server.log.appender.install.snapshot.enabled = false (custom)
2020-12-11 11:59:08,441 [pool-443-thread-1] INFO  impl.RaftServerImpl (ServerState.java:<init>(104)) - 14fff06d-4b2c-4584-8355-292f5629e732@group-8C72AF07F9E8: ConfigurationManager, init=-1: [6ceb72e1-9dfc-406c-bbba-66398b5fee3f|rpc:172.17.0.2:42665, ce7b29ad-df73-4c8e-895b-c9a715706485|rpc:172.17.0.2:37077, 14fff06d-4b2c-4584-8355-292f5629e732|rpc:172.17.0.2:45411], old=null, confs=<EMPTY_MAP>
2020-12-11 11:59:08,441 [pool-443-thread-1] INFO  server.RaftServerConfigKeys (ConfUtils.java:logGet(44)) - raft.server.storage.dir = [/github/workspace/mnt/ozone/hadoop-ozone/integration-test/target/test-dir/MiniOzoneClusterImpl-9e77629d-1495-4101-8eb0-46d1fa4d7a32/datanode-3/data/ratis] (custom)
2020-12-11 11:59:08,441 [pool-443-thread-1] INFO  server.RaftServerConfigKeys (ConfUtils.java:logGet(44)) - raft.server.log.corruption.policy = EXCEPTION (default)
2020-12-11 11:59:08,441 [pool-443-thread-1] INFO  storage.RaftStorageDirectory (RaftStorageDirectory.java:analyzeStorage(261)) - The storage directory /github/workspace/mnt/ozone/hadoop-ozone/integration-test/target/test-dir/MiniOzoneClusterImpl-9e77629d-1495-4101-8eb0-46d1fa4d7a32/datanode-3/data/ratis/bbf59e26-eb73-4b4f-ac5f-8c72af07f9e8 does not exist. Creating ...
2020-12-11 11:59:08,443 [pool-443-thread-1] INFO  storage.RaftStorageDirectory (RaftStorageDirectory.java:tryLock(343)) - Lock on /github/workspace/mnt/ozone/hadoop-ozone/integration-test/target/test-dir/MiniOzoneClusterImpl-9e77629d-1495-4101-8eb0-46d1fa4d7a32/datanode-3/data/ratis/bbf59e26-eb73-4b4f-ac5f-8c72af07f9e8/in_use.lock acquired by nodename 1858@302fe02fdb76
2020-12-11 11:59:08,444 [pool-443-thread-1] INFO  storage.RaftStorage (RaftStorage.java:format(85)) - Storage directory /github/workspace/mnt/ozone/hadoop-ozone/integration-test/target/test-dir/MiniOzoneClusterImpl-9e77629d-1495-4101-8eb0-46d1fa4d7a32/datanode-3/data/ratis/bbf59e26-eb73-4b4f-ac5f-8c72af07f9e8 has been successfully formatted.
2020-12-11 11:59:08,444 [pool-443-thread-1] INFO  ratis.ContainerStateMachine (ContainerStateMachine.java:loadSnapshot(225)) - group-8C72AF07F9E8: The snapshot info is null. Setting the last applied indexto:(t:0, i:~)
2020-12-11 11:59:08,444 [pool-443-thread-1] INFO  server.RaftServerConfigKeys (ConfUtils.java:logGet(44)) - raft.server.notification.no-leader.timeout = 300000ms (custom)
2020-12-11 11:59:08,444 [pool-443-thread-1] INFO  server.RaftServerConfigKeys (ConfUtils.java:logGet(44)) - raft.server.log.use.memory = false (default)
2020-12-11 11:59:08,445 [EventQueue-PipelineReportForOneReplicaPipelineSafeModeRule] INFO  safemode.SCMSafeModeManager (SCMSafeModeManager.java:validateSafeModeExitRules(214)) - AtleastOneDatanodeReportedRule rule is successfully validated
2020-12-11 11:59:08,445 [EventQueue-OpenPipelineForHealthyPipelineSafeModeRule] INFO  safemode.SCMSafeModeManager (HealthyPipelineSafeModeRule.java:process(128)) - SCM in safe mode. Healthy pipelines reported count is 0, required healthy pipeline reported count is 1
2020-12-11 11:59:08,446 [pool-443-thread-1] INFO  server.RaftServerConfigKeys (ConfUtils.java:logGet(44)) - raft.server.log.purge.gap = 1000000 (custom)
2020-12-11 11:59:08,446 [pool-443-thread-1] INFO  metrics.RatisMetrics (RatisMetrics.java:lambda$create$0(36)) - Creating Metrics Registry : ratis.log_worker.14fff06d-4b2c-4584-8355-292f5629e732@group-8C72AF07F9E8
2020-12-11 11:59:08,446 [pool-443-thread-1] INFO  server.RaftServerConfigKeys (ConfUtils.java:logGet(44)) - raft.server.log.appender.buffer.byte-limit = 33554432 (custom)
2020-12-11 11:59:08,446 [pool-443-thread-1] INFO  server.RaftServerConfigKeys (ConfUtils.java:logGet(44)) - raft.server.log.segment.size.max = 1048576 (custom)
2020-12-11 11:59:08,447 [pool-443-thread-1] INFO  server.RaftServerConfigKeys (ConfUtils.java:logGet(44)) - raft.server.log.segment.cache.num.max = 2 (custom)
2020-12-11 11:59:08,447 [pool-443-thread-1] INFO  segmented.SegmentedRaftLogWorker (SegmentedRaftLogWorker.java:<init>(180)) - new 14fff06d-4b2c-4584-8355-292f5629e732@group-8C72AF07F9E8-SegmentedRaftLogWorker for RaftStorage:Storage Directory /github/workspace/mnt/ozone/hadoop-ozone/integration-test/target/test-dir/MiniOzoneClusterImpl-9e77629d-1495-4101-8eb0-46d1fa4d7a32/datanode-3/data/ratis/bbf59e26-eb73-4b4f-ac5f-8c72af07f9e8
2020-12-11 11:59:08,447 [pool-443-thread-1] INFO  server.RaftServerConfigKeys (ConfUtils.java:logGet(44)) - raft.server.log.queue.byte-limit = 2147483647 (custom)
2020-12-11 11:59:08,447 [pool-443-thread-1] INFO  server.RaftServerConfigKeys (ConfUtils.java:logGet(44)) - raft.server.log.queue.element-limit = 1024 (custom)
2020-12-11 11:59:08,447 [pool-443-thread-1] INFO  server.RaftServerConfigKeys (ConfUtils.java:logGet(44)) - raft.server.log.segment.size.max = 1048576 (custom)
2020-12-11 11:59:08,447 [pool-443-thread-1] INFO  server.RaftServerConfigKeys (ConfUtils.java:logGet(44)) - raft.server.log.preallocated.size = 16384 (custom)
2020-12-11 11:59:08,447 [pool-443-thread-1] INFO  server.RaftServerConfigKeys (ConfUtils.java:logGet(44)) - raft.server.log.write.buffer.size = 1048576 (custom)
2020-12-11 11:59:08,447 [pool-443-thread-1] INFO  server.RaftServerConfigKeys (ConfUtils.java:logGet(44)) - raft.server.log.force.sync.num = 128 (default)
2020-12-11 11:59:08,448 [pool-443-thread-1] INFO  server.RaftServerConfigKeys (ConfUtils.java:logGet(44)) - raft.server.log.statemachine.data.sync = true (default)
2020-12-11 11:59:08,448 [pool-443-thread-1] INFO  server.RaftServerConfigKeys (ConfUtils.java:logGet(44)) - raft.server.log.statemachine.data.sync.timeout = 10s (default)
2020-12-11 11:59:08,448 [pool-443-thread-1] INFO  server.RaftServerConfigKeys (ConfUtils.java:logGet(44)) - raft.server.log.statemachine.data.sync.timeout.retry = -1 (default)
2020-12-11 11:59:08,450 [pool-443-thread-1] INFO  server.RaftServerConfigKeys (ConfUtils.java:logGet(44)) - raft.server.log.statemachine.data.caching.enabled = true (custom)
2020-12-11 11:59:08,450 [pool-443-thread-1] INFO  segmented.SegmentedRaftLogWorker (SegmentedRaftLogWorker.java:lambda$new$0(129)) - 14fff06d-4b2c-4584-8355-292f5629e732@group-8C72AF07F9E8-SegmentedRaftLogWorker: flushIndex: setUnconditionally 0 -> -1
2020-12-11 11:59:08,450 [pool-443-thread-1] INFO  segmented.SegmentedRaftLogWorker (SegmentedRaftLogWorker.java:lambda$new$0(129)) - 14fff06d-4b2c-4584-8355-292f5629e732@group-8C72AF07F9E8-SegmentedRaftLogWorker: safeCacheEvictIndex: setUnconditionally 0 -> -1
2020-12-11 11:59:08,450 [pool-443-thread-1] INFO  server.RaftServerConfigKeys (ConfUtils.java:logGet(44)) - raft.server.snapshot.auto.trigger.enabled = true (custom)
2020-12-11 11:59:08,450 [pool-443-thread-1] INFO  server.RaftServerConfigKeys (ConfUtils.java:logGet(44)) - raft.server.snapshot.auto.trigger.threshold = 10000 (custom)
2020-12-11 11:59:08,451 [pool-443-thread-1] INFO  server.RaftServerConfigKeys (ConfUtils.java:logGet(44)) - raft.server.snapshot.retention.file.num = 5 (custom)
2020-12-11 11:59:08,451 [pool-443-thread-1] INFO  server.RaftServerConfigKeys (ConfUtils.java:logGet(44)) - raft.server.log.purge.upto.snapshot.index = false (default)
2020-12-11 11:59:08,451 [pool-443-thread-1] INFO  server.RaftServerConfigKeys (ConfUtils.java:logGet(44)) - raft.server.retrycache.expirytime = 600000ms (custom)
2020-12-11 11:59:08,451 [pool-443-thread-1] INFO  metrics.RatisMetrics (RatisMetrics.java:lambda$create$0(36)) - Creating Metrics Registry : ratis.leader_election.14fff06d-4b2c-4584-8355-292f5629e732@group-8C72AF07F9E8
2020-12-11 11:59:08,451 [pool-443-thread-1] INFO  metrics.RatisMetrics (RatisMetrics.java:lambda$create$0(36)) - Creating Metrics Registry : ratis.server.14fff06d-4b2c-4584-8355-292f5629e732@group-8C72AF07F9E8
2020-12-11 11:59:08,453 [pool-443-thread-1] INFO  impl.RaftServerImpl (RaftServerImpl.java:start(215)) - 14fff06d-4b2c-4584-8355-292f5629e732@group-8C72AF07F9E8: start as a follower, conf=-1: [6ceb72e1-9dfc-406c-bbba-66398b5fee3f|rpc:172.17.0.2:42665, ce7b29ad-df73-4c8e-895b-c9a715706485|rpc:172.17.0.2:37077, 14fff06d-4b2c-4584-8355-292f5629e732|rpc:172.17.0.2:45411], old=null
2020-12-11 11:59:08,453 [pool-443-thread-1] INFO  impl.RaftServerImpl (RaftServerImpl.java:setRole(204)) - 14fff06d-4b2c-4584-8355-292f5629e732@group-8C72AF07F9E8: changes role from      null to FOLLOWER at term 0 for startAsFollower
2020-12-11 11:59:08,453 [pool-443-thread-1] INFO  impl.RoleInfo (RoleInfo.java:updateAndGet(143)) - 14fff06d-4b2c-4584-8355-292f5629e732: start 14fff06d-4b2c-4584-8355-292f5629e732@group-8C72AF07F9E8-FollowerState
2020-12-11 11:59:08,457 [pool-443-thread-1] INFO  util.JmxRegister (JmxRegister.java:tryRegister(44)) - Successfully registered JMX Bean with object name Ratis:service=RaftServer,group=group-8C72AF07F9E8,id=14fff06d-4b2c-4584-8355-292f5629e732
2020-12-11 11:59:08,457 [pool-443-thread-1] INFO  metrics.RatisMetrics (RatisMetrics.java:lambda$create$0(36)) - Creating Metrics Registry : ratis.state_machine.14fff06d-4b2c-4584-8355-292f5629e732@group-8C72AF07F9E8
2020-12-11 11:59:08,459 [Command processor thread] INFO  metrics.RatisMetrics (RatisMetrics.java:lambda$create$0(36)) - Creating Metrics Registry : ratis.client_message_metrics.client-5EDDDE0684E1->ce7b29ad-df73-4c8e-895b-c9a715706485
2020-12-11 11:59:08,466 [grpc-default-executor-0] INFO  metrics.RatisMetrics (RatisMetrics.java:lambda$create$0(36)) - Creating Metrics Registry : ratis.server_message_metrics.ce7b29ad-df73-4c8e-895b-c9a715706485
2020-12-11 11:59:08,468 [grpc-default-executor-0] INFO  impl.RaftServerProxy (RaftServerProxy.java:addNew(93)) - ce7b29ad-df73-4c8e-895b-c9a715706485: addNew group-8C72AF07F9E8:[6ceb72e1-9dfc-406c-bbba-66398b5fee3f|rpc:172.17.0.2:42665|dataStream:, ce7b29ad-df73-4c8e-895b-c9a715706485|rpc:172.17.0.2:37077|dataStream:, 14fff06d-4b2c-4584-8355-292f5629e732|rpc:172.17.0.2:45411|dataStream:] returns group-8C72AF07F9E8:java.util.concurrent.CompletableFuture@6c0bb67a[Not completed]
2020-12-11 11:59:08,469 [pool-459-thread-1] INFO  impl.RaftServerImpl (RaftServerImpl.java:<init>(121)) - ce7b29ad-df73-4c8e-895b-c9a715706485: new RaftServerImpl for group-8C72AF07F9E8:[6ceb72e1-9dfc-406c-bbba-66398b5fee3f|rpc:172.17.0.2:42665|dataStream:, ce7b29ad-df73-4c8e-895b-c9a715706485|rpc:172.17.0.2:37077|dataStream:, 14fff06d-4b2c-4584-8355-292f5629e732|rpc:172.17.0.2:45411|dataStream:] with ContainerStateMachine:uninitialized
2020-12-11 11:59:08,469 [pool-459-thread-1] INFO  server.RaftServerConfigKeys (ConfUtils.java:logGet(44)) - raft.server.rpc.timeout.min = 5s (custom)
2020-12-11 11:59:08,470 [pool-459-thread-1] INFO  server.RaftServerConfigKeys (ConfUtils.java:logGet(44)) - raft.server.rpc.timeout.max = 5200ms (custom)
2020-12-11 11:59:08,470 [pool-459-thread-1] INFO  server.RaftServerConfigKeys (ConfUtils.java:logGet(44)) - raft.server.rpc.slowness.timeout = 300000ms (custom)
2020-12-11 11:59:08,470 [pool-459-thread-1] INFO  server.RaftServerConfigKeys (ConfUtils.java:logGet(44)) - raft.server.leaderelection.leader.step-down.wait-time = 10s (default)
2020-12-11 11:59:08,470 [pool-459-thread-1] INFO  server.RaftServerConfigKeys (ConfUtils.java:logGet(44)) - raft.server.sleep.deviation.threshold = 300 (default)
2020-12-11 11:59:08,470 [pool-459-thread-1] INFO  server.RaftServerConfigKeys (ConfUtils.java:logGet(44)) - raft.server.log.appender.install.snapshot.enabled = false (custom)
2020-12-11 11:59:08,470 [pool-459-thread-1] INFO  impl.RaftServerImpl (ServerState.java:<init>(104)) - ce7b29ad-df73-4c8e-895b-c9a715706485@group-8C72AF07F9E8: ConfigurationManager, init=-1: [6ceb72e1-9dfc-406c-bbba-66398b5fee3f|rpc:172.17.0.2:42665|dataStream:, ce7b29ad-df73-4c8e-895b-c9a715706485|rpc:172.17.0.2:37077|dataStream:, 14fff06d-4b2c-4584-8355-292f5629e732|rpc:172.17.0.2:45411|dataStream:], old=null, confs=<EMPTY_MAP>
2020-12-11 11:59:08,470 [pool-459-thread-1] INFO  server.RaftServerConfigKeys (ConfUtils.java:logGet(44)) - raft.server.storage.dir = [/github/workspace/mnt/ozone/hadoop-ozone/integration-test/target/test-dir/MiniOzoneClusterImpl-9e77629d-1495-4101-8eb0-46d1fa4d7a32/datanode-4/data/ratis] (custom)
2020-12-11 11:59:08,470 [pool-459-thread-1] INFO  server.RaftServerConfigKeys (ConfUtils.java:logGet(44)) - raft.server.log.corruption.policy = EXCEPTION (default)
2020-12-11 11:59:08,470 [pool-459-thread-1] INFO  storage.RaftStorageDirectory (RaftStorageDirectory.java:analyzeStorage(261)) - The storage directory /github/workspace/mnt/ozone/hadoop-ozone/integration-test/target/test-dir/MiniOzoneClusterImpl-9e77629d-1495-4101-8eb0-46d1fa4d7a32/datanode-4/data/ratis/bbf59e26-eb73-4b4f-ac5f-8c72af07f9e8 does not exist. Creating ...
2020-12-11 11:59:08,472 [pool-459-thread-1] INFO  storage.RaftStorageDirectory (RaftStorageDirectory.java:tryLock(343)) - Lock on /github/workspace/mnt/ozone/hadoop-ozone/integration-test/target/test-dir/MiniOzoneClusterImpl-9e77629d-1495-4101-8eb0-46d1fa4d7a32/datanode-4/data/ratis/bbf59e26-eb73-4b4f-ac5f-8c72af07f9e8/in_use.lock acquired by nodename 1858@302fe02fdb76
2020-12-11 11:59:08,473 [pool-459-thread-1] INFO  storage.RaftStorage (RaftStorage.java:format(85)) - Storage directory /github/workspace/mnt/ozone/hadoop-ozone/integration-test/target/test-dir/MiniOzoneClusterImpl-9e77629d-1495-4101-8eb0-46d1fa4d7a32/datanode-4/data/ratis/bbf59e26-eb73-4b4f-ac5f-8c72af07f9e8 has been successfully formatted.
2020-12-11 11:59:08,474 [pool-459-thread-1] INFO  ratis.ContainerStateMachine (ContainerStateMachine.java:loadSnapshot(225)) - group-8C72AF07F9E8: The snapshot info is null. Setting the last applied indexto:(t:0, i:~)
2020-12-11 11:59:08,475 [pool-459-thread-1] INFO  server.RaftServerConfigKeys (ConfUtils.java:logGet(44)) - raft.server.notification.no-leader.timeout = 300000ms (custom)
2020-12-11 11:59:08,475 [pool-459-thread-1] INFO  server.RaftServerConfigKeys (ConfUtils.java:logGet(44)) - raft.server.log.use.memory = false (default)
2020-12-11 11:59:08,475 [pool-459-thread-1] INFO  server.RaftServerConfigKeys (ConfUtils.java:logGet(44)) - raft.server.log.purge.gap = 1000000 (custom)
2020-12-11 11:59:08,476 [pool-459-thread-1] INFO  metrics.RatisMetrics (RatisMetrics.java:lambda$create$0(36)) - Creating Metrics Registry : ratis.log_worker.ce7b29ad-df73-4c8e-895b-c9a715706485@group-8C72AF07F9E8
2020-12-11 11:59:08,476 [EventQueue-PipelineReportForOneReplicaPipelineSafeModeRule] INFO  safemode.SCMSafeModeManager (SCMSafeModeManager.java:validateSafeModeExitRules(214)) - AtleastOneDatanodeReportedRule rule is successfully validated
2020-12-11 11:59:08,476 [pool-459-thread-1] INFO  server.RaftServerConfigKeys (ConfUtils.java:logGet(44)) - raft.server.log.appender.buffer.byte-limit = 33554432 (custom)
2020-12-11 11:59:08,476 [pool-459-thread-1] INFO  server.RaftServerConfigKeys (ConfUtils.java:logGet(44)) - raft.server.log.segment.size.max = 1048576 (custom)
2020-12-11 11:59:08,477 [pool-459-thread-1] INFO  server.RaftServerConfigKeys (ConfUtils.java:logGet(44)) - raft.server.log.segment.cache.num.max = 2 (custom)
2020-12-11 11:59:08,477 [pool-459-thread-1] INFO  segmented.SegmentedRaftLogWorker (SegmentedRaftLogWorker.java:<init>(180)) - new ce7b29ad-df73-4c8e-895b-c9a715706485@group-8C72AF07F9E8-SegmentedRaftLogWorker for RaftStorage:Storage Directory /github/workspace/mnt/ozone/hadoop-ozone/integration-test/target/test-dir/MiniOzoneClusterImpl-9e77629d-1495-4101-8eb0-46d1fa4d7a32/datanode-4/data/ratis/bbf59e26-eb73-4b4f-ac5f-8c72af07f9e8
2020-12-11 11:59:08,477 [pool-459-thread-1] INFO  server.RaftServerConfigKeys (ConfUtils.java:logGet(44)) - raft.server.log.queue.byte-limit = 2147483647 (custom)
2020-12-11 11:59:08,477 [pool-459-thread-1] INFO  server.RaftServerConfigKeys (ConfUtils.java:logGet(44)) - raft.server.log.queue.element-limit = 1024 (custom)
2020-12-11 11:59:08,477 [pool-459-thread-1] INFO  server.RaftServerConfigKeys (ConfUtils.java:logGet(44)) - raft.server.log.segment.size.max = 1048576 (custom)
2020-12-11 11:59:08,478 [pool-459-thread-1] INFO  server.RaftServerConfigKeys (ConfUtils.java:logGet(44)) - raft.server.log.preallocated.size = 16384 (custom)
2020-12-11 11:59:08,478 [pool-459-thread-1] INFO  server.RaftServerConfigKeys (ConfUtils.java:logGet(44)) - raft.server.log.write.buffer.size = 1048576 (custom)
2020-12-11 11:59:08,478 [pool-459-thread-1] INFO  server.RaftServerConfigKeys (ConfUtils.java:logGet(44)) - raft.server.log.force.sync.num = 128 (default)
2020-12-11 11:59:08,478 [pool-459-thread-1] INFO  server.RaftServerConfigKeys (ConfUtils.java:logGet(44)) - raft.server.log.statemachine.data.sync = true (default)
2020-12-11 11:59:08,478 [pool-459-thread-1] INFO  server.RaftServerConfigKeys (ConfUtils.java:logGet(44)) - raft.server.log.statemachine.data.sync.timeout = 10s (default)
2020-12-11 11:59:08,478 [pool-459-thread-1] INFO  server.RaftServerConfigKeys (ConfUtils.java:logGet(44)) - raft.server.log.statemachine.data.sync.timeout.retry = -1 (default)
2020-12-11 11:59:08,480 [pool-459-thread-1] INFO  server.RaftServerConfigKeys (ConfUtils.java:logGet(44)) - raft.server.log.statemachine.data.caching.enabled = true (custom)
2020-12-11 11:59:08,480 [pool-459-thread-1] INFO  segmented.SegmentedRaftLogWorker (SegmentedRaftLogWorker.java:lambda$new$0(129)) - ce7b29ad-df73-4c8e-895b-c9a715706485@group-8C72AF07F9E8-SegmentedRaftLogWorker: flushIndex: setUnconditionally 0 -> -1
2020-12-11 11:59:08,480 [pool-459-thread-1] INFO  segmented.SegmentedRaftLogWorker (SegmentedRaftLogWorker.java:lambda$new$0(129)) - ce7b29ad-df73-4c8e-895b-c9a715706485@group-8C72AF07F9E8-SegmentedRaftLogWorker: safeCacheEvictIndex: setUnconditionally 0 -> -1
2020-12-11 11:59:08,481 [pool-459-thread-1] INFO  server.RaftServerConfigKeys (ConfUtils.java:logGet(44)) - raft.server.snapshot.auto.trigger.enabled = true (custom)
2020-12-11 11:59:08,481 [pool-459-thread-1] INFO  server.RaftServerConfigKeys (ConfUtils.java:logGet(44)) - raft.server.snapshot.auto.trigger.threshold = 10000 (custom)
2020-12-11 11:59:08,481 [pool-459-thread-1] INFO  server.RaftServerConfigKeys (ConfUtils.java:logGet(44)) - raft.server.snapshot.retention.file.num = 5 (custom)
2020-12-11 11:59:08,481 [pool-459-thread-1] INFO  server.RaftServerConfigKeys (ConfUtils.java:logGet(44)) - raft.server.log.purge.upto.snapshot.index = false (default)
2020-12-11 11:59:08,481 [pool-459-thread-1] INFO  server.RaftServerConfigKeys (ConfUtils.java:logGet(44)) - raft.server.retrycache.expirytime = 600000ms (custom)
2020-12-11 11:59:08,481 [pool-459-thread-1] INFO  metrics.RatisMetrics (RatisMetrics.java:lambda$create$0(36)) - Creating Metrics Registry : ratis.leader_election.ce7b29ad-df73-4c8e-895b-c9a715706485@group-8C72AF07F9E8
2020-12-11 11:59:08,481 [pool-459-thread-1] INFO  metrics.RatisMetrics (RatisMetrics.java:lambda$create$0(36)) - Creating Metrics Registry : ratis.server.ce7b29ad-df73-4c8e-895b-c9a715706485@group-8C72AF07F9E8
2020-12-11 11:59:08,483 [pool-459-thread-1] INFO  impl.RaftServerImpl (RaftServerImpl.java:start(215)) - ce7b29ad-df73-4c8e-895b-c9a715706485@group-8C72AF07F9E8: start as a follower, conf=-1: [6ceb72e1-9dfc-406c-bbba-66398b5fee3f|rpc:172.17.0.2:42665|dataStream:, ce7b29ad-df73-4c8e-895b-c9a715706485|rpc:172.17.0.2:37077|dataStream:, 14fff06d-4b2c-4584-8355-292f5629e732|rpc:172.17.0.2:45411|dataStream:], old=null
2020-12-11 11:59:08,483 [pool-459-thread-1] INFO  impl.RaftServerImpl (RaftServerImpl.java:setRole(204)) - ce7b29ad-df73-4c8e-895b-c9a715706485@group-8C72AF07F9E8: changes role from      null to FOLLOWER at term 0 for startAsFollower
2020-12-11 11:59:08,483 [pool-459-thread-1] INFO  impl.RoleInfo (RoleInfo.java:updateAndGet(143)) - ce7b29ad-df73-4c8e-895b-c9a715706485: start ce7b29ad-df73-4c8e-895b-c9a715706485@group-8C72AF07F9E8-FollowerState
2020-12-11 11:59:08,483 [pool-459-thread-1] INFO  util.JmxRegister (JmxRegister.java:tryRegister(44)) - Successfully registered JMX Bean with object name Ratis:service=RaftServer,group=group-8C72AF07F9E8,id=ce7b29ad-df73-4c8e-895b-c9a715706485
2020-12-11 11:59:08,483 [pool-459-thread-1] INFO  metrics.RatisMetrics (RatisMetrics.java:lambda$create$0(36)) - Creating Metrics Registry : ratis.state_machine.ce7b29ad-df73-4c8e-895b-c9a715706485@group-8C72AF07F9E8
2020-12-11 11:59:08,491 [Command processor thread] INFO  metrics.RatisMetrics (RatisMetrics.java:lambda$create$0(36)) - Creating Metrics Registry : ratis.client_message_metrics.client-E0EE43849997->6ceb72e1-9dfc-406c-bbba-66398b5fee3f
2020-12-11 11:59:08,496 [grpc-default-executor-0] INFO  metrics.RatisMetrics (RatisMetrics.java:lambda$create$0(36)) - Creating Metrics Registry : ratis.server_message_metrics.6ceb72e1-9dfc-406c-bbba-66398b5fee3f
2020-12-11 11:59:08,498 [grpc-default-executor-0] INFO  impl.RaftServerProxy (RaftServerProxy.java:addNew(93)) - 6ceb72e1-9dfc-406c-bbba-66398b5fee3f: addNew group-8C72AF07F9E8:[6ceb72e1-9dfc-406c-bbba-66398b5fee3f|rpc:172.17.0.2:42665|dataStream:, ce7b29ad-df73-4c8e-895b-c9a715706485|rpc:172.17.0.2:37077|dataStream:, 14fff06d-4b2c-4584-8355-292f5629e732|rpc:172.17.0.2:45411|dataStream:] returns group-8C72AF07F9E8:java.util.concurrent.CompletableFuture@796a235e[Not completed]
2020-12-11 11:59:08,499 [pool-475-thread-1] INFO  impl.RaftServerImpl (RaftServerImpl.java:<init>(121)) - 6ceb72e1-9dfc-406c-bbba-66398b5fee3f: new RaftServerImpl for group-8C72AF07F9E8:[6ceb72e1-9dfc-406c-bbba-66398b5fee3f|rpc:172.17.0.2:42665|dataStream:, ce7b29ad-df73-4c8e-895b-c9a715706485|rpc:172.17.0.2:37077|dataStream:, 14fff06d-4b2c-4584-8355-292f5629e732|rpc:172.17.0.2:45411|dataStream:] with ContainerStateMachine:uninitialized
2020-12-11 11:59:08,500 [pool-475-thread-1] INFO  server.RaftServerConfigKeys (ConfUtils.java:logGet(44)) - raft.server.rpc.timeout.min = 5s (custom)
2020-12-11 11:59:08,500 [pool-475-thread-1] INFO  server.RaftServerConfigKeys (ConfUtils.java:logGet(44)) - raft.server.rpc.timeout.max = 5200ms (custom)
2020-12-11 11:59:08,500 [pool-475-thread-1] INFO  server.RaftServerConfigKeys (ConfUtils.java:logGet(44)) - raft.server.rpc.slowness.timeout = 300000ms (custom)
2020-12-11 11:59:08,500 [pool-475-thread-1] INFO  server.RaftServerConfigKeys (ConfUtils.java:logGet(44)) - raft.server.leaderelection.leader.step-down.wait-time = 10s (default)
2020-12-11 11:59:08,500 [pool-475-thread-1] INFO  server.RaftServerConfigKeys (ConfUtils.java:logGet(44)) - raft.server.sleep.deviation.threshold = 300 (default)
2020-12-11 11:59:08,500 [pool-475-thread-1] INFO  server.RaftServerConfigKeys (ConfUtils.java:logGet(44)) - raft.server.log.appender.install.snapshot.enabled = false (custom)
2020-12-11 11:59:08,500 [pool-475-thread-1] INFO  impl.RaftServerImpl (ServerState.java:<init>(104)) - 6ceb72e1-9dfc-406c-bbba-66398b5fee3f@group-8C72AF07F9E8: ConfigurationManager, init=-1: [6ceb72e1-9dfc-406c-bbba-66398b5fee3f|rpc:172.17.0.2:42665|dataStream:, ce7b29ad-df73-4c8e-895b-c9a715706485|rpc:172.17.0.2:37077|dataStream:, 14fff06d-4b2c-4584-8355-292f5629e732|rpc:172.17.0.2:45411|dataStream:], old=null, confs=<EMPTY_MAP>
2020-12-11 11:59:08,500 [pool-475-thread-1] INFO  server.RaftServerConfigKeys (ConfUtils.java:logGet(44)) - raft.server.storage.dir = [/github/workspace/mnt/ozone/hadoop-ozone/integration-test/target/test-dir/MiniOzoneClusterImpl-9e77629d-1495-4101-8eb0-46d1fa4d7a32/datanode-5/data/ratis] (custom)
2020-12-11 11:59:08,500 [pool-475-thread-1] INFO  server.RaftServerConfigKeys (ConfUtils.java:logGet(44)) - raft.server.log.corruption.policy = EXCEPTION (default)
2020-12-11 11:59:08,500 [pool-475-thread-1] INFO  storage.RaftStorageDirectory (RaftStorageDirectory.java:analyzeStorage(261)) - The storage directory /github/workspace/mnt/ozone/hadoop-ozone/integration-test/target/test-dir/MiniOzoneClusterImpl-9e77629d-1495-4101-8eb0-46d1fa4d7a32/datanode-5/data/ratis/bbf59e26-eb73-4b4f-ac5f-8c72af07f9e8 does not exist. Creating ...
2020-12-11 11:59:08,502 [pool-475-thread-1] INFO  storage.RaftStorageDirectory (RaftStorageDirectory.java:tryLock(343)) - Lock on /github/workspace/mnt/ozone/hadoop-ozone/integration-test/target/test-dir/MiniOzoneClusterImpl-9e77629d-1495-4101-8eb0-46d1fa4d7a32/datanode-5/data/ratis/bbf59e26-eb73-4b4f-ac5f-8c72af07f9e8/in_use.lock acquired by nodename 1858@302fe02fdb76
2020-12-11 11:59:08,503 [pool-475-thread-1] INFO  storage.RaftStorage (RaftStorage.java:format(85)) - Storage directory /github/workspace/mnt/ozone/hadoop-ozone/integration-test/target/test-dir/MiniOzoneClusterImpl-9e77629d-1495-4101-8eb0-46d1fa4d7a32/datanode-5/data/ratis/bbf59e26-eb73-4b4f-ac5f-8c72af07f9e8 has been successfully formatted.
2020-12-11 11:59:08,505 [pool-475-thread-1] INFO  ratis.ContainerStateMachine (ContainerStateMachine.java:loadSnapshot(225)) - group-8C72AF07F9E8: The snapshot info is null. Setting the last applied indexto:(t:0, i:~)
2020-12-11 11:59:08,505 [pool-475-thread-1] INFO  server.RaftServerConfigKeys (ConfUtils.java:logGet(44)) - raft.server.notification.no-leader.timeout = 300000ms (custom)
2020-12-11 11:59:08,505 [pool-475-thread-1] INFO  server.RaftServerConfigKeys (ConfUtils.java:logGet(44)) - raft.server.log.use.memory = false (default)
2020-12-11 11:59:08,505 [EventQueue-PipelineReportForOneReplicaPipelineSafeModeRule] INFO  safemode.SCMSafeModeManager (SCMSafeModeManager.java:validateSafeModeExitRules(214)) - AtleastOneDatanodeReportedRule rule is successfully validated
2020-12-11 11:59:08,506 [pool-475-thread-1] INFO  server.RaftServerConfigKeys (ConfUtils.java:logGet(44)) - raft.server.log.purge.gap = 1000000 (custom)
2020-12-11 11:59:08,506 [pool-475-thread-1] INFO  metrics.RatisMetrics (RatisMetrics.java:lambda$create$0(36)) - Creating Metrics Registry : ratis.log_worker.6ceb72e1-9dfc-406c-bbba-66398b5fee3f@group-8C72AF07F9E8
2020-12-11 11:59:08,506 [pool-475-thread-1] INFO  server.RaftServerConfigKeys (ConfUtils.java:logGet(44)) - raft.server.log.appender.buffer.byte-limit = 33554432 (custom)
2020-12-11 11:59:08,506 [pool-475-thread-1] INFO  server.RaftServerConfigKeys (ConfUtils.java:logGet(44)) - raft.server.log.segment.size.max = 1048576 (custom)
2020-12-11 11:59:08,507 [pool-475-thread-1] INFO  server.RaftServerConfigKeys (ConfUtils.java:logGet(44)) - raft.server.log.segment.cache.num.max = 2 (custom)
2020-12-11 11:59:08,507 [pool-475-thread-1] INFO  segmented.SegmentedRaftLogWorker (SegmentedRaftLogWorker.java:<init>(180)) - new 6ceb72e1-9dfc-406c-bbba-66398b5fee3f@group-8C72AF07F9E8-SegmentedRaftLogWorker for RaftStorage:Storage Directory /github/workspace/mnt/ozone/hadoop-ozone/integration-test/target/test-dir/MiniOzoneClusterImpl-9e77629d-1495-4101-8eb0-46d1fa4d7a32/datanode-5/data/ratis/bbf59e26-eb73-4b4f-ac5f-8c72af07f9e8
2020-12-11 11:59:08,507 [pool-475-thread-1] INFO  server.RaftServerConfigKeys (ConfUtils.java:logGet(44)) - raft.server.log.queue.byte-limit = 2147483647 (custom)
2020-12-11 11:59:08,507 [pool-475-thread-1] INFO  server.RaftServerConfigKeys (ConfUtils.java:logGet(44)) - raft.server.log.queue.element-limit = 1024 (custom)
2020-12-11 11:59:08,507 [pool-475-thread-1] INFO  server.RaftServerConfigKeys (ConfUtils.java:logGet(44)) - raft.server.log.segment.size.max = 1048576 (custom)
2020-12-11 11:59:08,508 [pool-475-thread-1] INFO  server.RaftServerConfigKeys (ConfUtils.java:logGet(44)) - raft.server.log.preallocated.size = 16384 (custom)
2020-12-11 11:59:08,508 [pool-475-thread-1] INFO  server.RaftServerConfigKeys (ConfUtils.java:logGet(44)) - raft.server.log.write.buffer.size = 1048576 (custom)
2020-12-11 11:59:08,508 [pool-475-thread-1] INFO  server.RaftServerConfigKeys (ConfUtils.java:logGet(44)) - raft.server.log.force.sync.num = 128 (default)
2020-12-11 11:59:08,508 [pool-475-thread-1] INFO  server.RaftServerConfigKeys (ConfUtils.java:logGet(44)) - raft.server.log.statemachine.data.sync = true (default)
2020-12-11 11:59:08,508 [pool-475-thread-1] INFO  server.RaftServerConfigKeys (ConfUtils.java:logGet(44)) - raft.server.log.statemachine.data.sync.timeout = 10s (default)
2020-12-11 11:59:08,508 [pool-475-thread-1] INFO  server.RaftServerConfigKeys (ConfUtils.java:logGet(44)) - raft.server.log.statemachine.data.sync.timeout.retry = -1 (default)
2020-12-11 11:59:08,510 [pool-475-thread-1] INFO  server.RaftServerConfigKeys (ConfUtils.java:logGet(44)) - raft.server.log.statemachine.data.caching.enabled = true (custom)
2020-12-11 11:59:08,510 [pool-475-thread-1] INFO  segmented.SegmentedRaftLogWorker (SegmentedRaftLogWorker.java:lambda$new$0(129)) - 6ceb72e1-9dfc-406c-bbba-66398b5fee3f@group-8C72AF07F9E8-SegmentedRaftLogWorker: flushIndex: setUnconditionally 0 -> -1
2020-12-11 11:59:08,510 [pool-475-thread-1] INFO  segmented.SegmentedRaftLogWorker (SegmentedRaftLogWorker.java:lambda$new$0(129)) - 6ceb72e1-9dfc-406c-bbba-66398b5fee3f@group-8C72AF07F9E8-SegmentedRaftLogWorker: safeCacheEvictIndex: setUnconditionally 0 -> -1
2020-12-11 11:59:08,511 [pool-475-thread-1] INFO  server.RaftServerConfigKeys (ConfUtils.java:logGet(44)) - raft.server.snapshot.auto.trigger.enabled = true (custom)
2020-12-11 11:59:08,511 [pool-475-thread-1] INFO  server.RaftServerConfigKeys (ConfUtils.java:logGet(44)) - raft.server.snapshot.auto.trigger.threshold = 10000 (custom)
2020-12-11 11:59:08,511 [pool-475-thread-1] INFO  server.RaftServerConfigKeys (ConfUtils.java:logGet(44)) - raft.server.snapshot.retention.file.num = 5 (custom)
2020-12-11 11:59:08,511 [pool-475-thread-1] INFO  server.RaftServerConfigKeys (ConfUtils.java:logGet(44)) - raft.server.log.purge.upto.snapshot.index = false (default)
2020-12-11 11:59:08,511 [pool-475-thread-1] INFO  server.RaftServerConfigKeys (ConfUtils.java:logGet(44)) - raft.server.retrycache.expirytime = 600000ms (custom)
2020-12-11 11:59:08,511 [pool-475-thread-1] INFO  metrics.RatisMetrics (RatisMetrics.java:lambda$create$0(36)) - Creating Metrics Registry : ratis.leader_election.6ceb72e1-9dfc-406c-bbba-66398b5fee3f@group-8C72AF07F9E8
2020-12-11 11:59:08,512 [pool-475-thread-1] INFO  metrics.RatisMetrics (RatisMetrics.java:lambda$create$0(36)) - Creating Metrics Registry : ratis.server.6ceb72e1-9dfc-406c-bbba-66398b5fee3f@group-8C72AF07F9E8
2020-12-11 11:59:08,513 [pool-475-thread-1] INFO  impl.RaftServerImpl (RaftServerImpl.java:start(215)) - 6ceb72e1-9dfc-406c-bbba-66398b5fee3f@group-8C72AF07F9E8: start as a follower, conf=-1: [6ceb72e1-9dfc-406c-bbba-66398b5fee3f|rpc:172.17.0.2:42665|dataStream:, ce7b29ad-df73-4c8e-895b-c9a715706485|rpc:172.17.0.2:37077|dataStream:, 14fff06d-4b2c-4584-8355-292f5629e732|rpc:172.17.0.2:45411|dataStream:], old=null
2020-12-11 11:59:08,513 [pool-475-thread-1] INFO  impl.RaftServerImpl (RaftServerImpl.java:setRole(204)) - 6ceb72e1-9dfc-406c-bbba-66398b5fee3f@group-8C72AF07F9E8: changes role from      null to FOLLOWER at term 0 for startAsFollower
2020-12-11 11:59:08,513 [pool-475-thread-1] INFO  impl.RoleInfo (RoleInfo.java:updateAndGet(143)) - 6ceb72e1-9dfc-406c-bbba-66398b5fee3f: start 6ceb72e1-9dfc-406c-bbba-66398b5fee3f@group-8C72AF07F9E8-FollowerState
2020-12-11 11:59:08,513 [pool-475-thread-1] INFO  util.JmxRegister (JmxRegister.java:tryRegister(44)) - Successfully registered JMX Bean with object name Ratis:service=RaftServer,group=group-8C72AF07F9E8,id=6ceb72e1-9dfc-406c-bbba-66398b5fee3f
2020-12-11 11:59:08,513 [pool-475-thread-1] INFO  metrics.RatisMetrics (RatisMetrics.java:lambda$create$0(36)) - Creating Metrics Registry : ratis.state_machine.6ceb72e1-9dfc-406c-bbba-66398b5fee3f@group-8C72AF07F9E8
2020-12-11 11:59:08,518 [Command processor thread] INFO  commandhandler.CreatePipelineCommandHandler (CreatePipelineCommandHandler.java:handle(106)) - Created Pipeline RATIS THREE PipelineID=bbf59e26-eb73-4b4f-ac5f-8c72af07f9e8.
2020-12-11 11:59:08,541 [Listener at 127.0.0.1/32773] INFO  ozone.MiniOzoneClusterImpl (MiniOzoneClusterImpl.java:lambda$waitForClusterToBeReady$0(178)) - Nodes are ready. Got 9 of 9 DN Heartbeats.
2020-12-11 11:59:08,542 [Listener at 127.0.0.1/32773] INFO  ozone.MiniOzoneClusterImpl (MiniOzoneClusterImpl.java:lambda$waitForClusterToBeReady$0(181)) - Waiting for cluster to exit safe mode
2020-12-11 11:59:08,631 [Command processor thread] INFO  impl.RaftServerProxy (RaftServerProxy.java:addNew(93)) - ce7b29ad-df73-4c8e-895b-c9a715706485: addNew group-6D9170F55DDB:[ce7b29ad-df73-4c8e-895b-c9a715706485|rpc:172.17.0.2:37077] returns group-6D9170F55DDB:java.util.concurrent.CompletableFuture@78ae68d2[Not completed]
2020-12-11 11:59:08,632 [pool-459-thread-1] INFO  impl.RaftServerImpl (RaftServerImpl.java:<init>(121)) - ce7b29ad-df73-4c8e-895b-c9a715706485: new RaftServerImpl for group-6D9170F55DDB:[ce7b29ad-df73-4c8e-895b-c9a715706485|rpc:172.17.0.2:37077] with ContainerStateMachine:uninitialized
2020-12-11 11:59:08,632 [pool-459-thread-1] INFO  server.RaftServerConfigKeys (ConfUtils.java:logGet(44)) - raft.server.rpc.timeout.min = 5s (custom)
2020-12-11 11:59:08,632 [pool-459-thread-1] INFO  server.RaftServerConfigKeys (ConfUtils.java:logGet(44)) - raft.server.rpc.timeout.max = 5200ms (custom)
2020-12-11 11:59:08,632 [pool-459-thread-1] INFO  server.RaftServerConfigKeys (ConfUtils.java:logGet(44)) - raft.server.rpc.slowness.timeout = 300000ms (custom)
2020-12-11 11:59:08,632 [pool-459-thread-1] INFO  server.RaftServerConfigKeys (ConfUtils.java:logGet(44)) - raft.server.leaderelection.leader.step-down.wait-time = 10s (default)
2020-12-11 11:59:08,632 [pool-459-thread-1] INFO  server.RaftServerConfigKeys (ConfUtils.java:logGet(44)) - raft.server.sleep.deviation.threshold = 300 (default)
2020-12-11 11:59:08,632 [pool-459-thread-1] INFO  server.RaftServerConfigKeys (ConfUtils.java:logGet(44)) - raft.server.log.appender.install.snapshot.enabled = false (custom)
2020-12-11 11:59:08,632 [pool-459-thread-1] INFO  impl.RaftServerImpl (ServerState.java:<init>(104)) - ce7b29ad-df73-4c8e-895b-c9a715706485@group-6D9170F55DDB: ConfigurationManager, init=-1: [ce7b29ad-df73-4c8e-895b-c9a715706485|rpc:172.17.0.2:37077], old=null, confs=<EMPTY_MAP>
2020-12-11 11:59:08,632 [pool-459-thread-1] INFO  server.RaftServerConfigKeys (ConfUtils.java:logGet(44)) - raft.server.storage.dir = [/github/workspace/mnt/ozone/hadoop-ozone/integration-test/target/test-dir/MiniOzoneClusterImpl-9e77629d-1495-4101-8eb0-46d1fa4d7a32/datanode-4/data/ratis] (custom)
2020-12-11 11:59:08,633 [pool-459-thread-1] INFO  server.RaftServerConfigKeys (ConfUtils.java:logGet(44)) - raft.server.log.corruption.policy = EXCEPTION (default)
2020-12-11 11:59:08,633 [pool-459-thread-1] INFO  storage.RaftStorageDirectory (RaftStorageDirectory.java:analyzeStorage(261)) - The storage directory /github/workspace/mnt/ozone/hadoop-ozone/integration-test/target/test-dir/MiniOzoneClusterImpl-9e77629d-1495-4101-8eb0-46d1fa4d7a32/datanode-4/data/ratis/4cc32934-7065-4e77-a59d-6d9170f55ddb does not exist. Creating ...
2020-12-11 11:59:08,634 [pool-459-thread-1] INFO  storage.RaftStorageDirectory (RaftStorageDirectory.java:tryLock(343)) - Lock on /github/workspace/mnt/ozone/hadoop-ozone/integration-test/target/test-dir/MiniOzoneClusterImpl-9e77629d-1495-4101-8eb0-46d1fa4d7a32/datanode-4/data/ratis/4cc32934-7065-4e77-a59d-6d9170f55ddb/in_use.lock acquired by nodename 1858@302fe02fdb76
2020-12-11 11:59:08,635 [pool-459-thread-1] INFO  storage.RaftStorage (RaftStorage.java:format(85)) - Storage directory /github/workspace/mnt/ozone/hadoop-ozone/integration-test/target/test-dir/MiniOzoneClusterImpl-9e77629d-1495-4101-8eb0-46d1fa4d7a32/datanode-4/data/ratis/4cc32934-7065-4e77-a59d-6d9170f55ddb has been successfully formatted.
2020-12-11 11:59:08,636 [EventQueue-PipelineReportForOneReplicaPipelineSafeModeRule] INFO  safemode.SCMSafeModeManager (SCMSafeModeManager.java:validateSafeModeExitRules(214)) - AtleastOneDatanodeReportedRule rule is successfully validated
2020-12-11 11:59:08,636 [EventQueue-PipelineReportForPipelineReportHandler] INFO  pipeline.PipelineStateManager (PipelineStateManager.java:openPipeline(132)) - Pipeline Pipeline[ Id: 4cc32934-7065-4e77-a59d-6d9170f55ddb, Nodes: ce7b29ad-df73-4c8e-895b-c9a715706485{ip: 172.17.0.2, host: 302fe02fdb76, networkLocation: /default-rack, certSerialId: null, persistedOpState: IN_SERVICE, persistedOpStateExpiryEpochSec: 0}, Type:RATIS, Factor:ONE, State:ALLOCATED, leaderId:ce7b29ad-df73-4c8e-895b-c9a715706485, CreationTimestamp2020-12-11T11:59:05.632Z] moved to OPEN state
2020-12-11 11:59:08,637 [EventQueue-OpenPipelineForHealthyPipelineSafeModeRule] INFO  safemode.SCMSafeModeManager (HealthyPipelineSafeModeRule.java:process(128)) - SCM in safe mode. Healthy pipelines reported count is 0, required healthy pipeline reported count is 1
2020-12-11 11:59:08,637 [pool-459-thread-1] INFO  ratis.ContainerStateMachine (ContainerStateMachine.java:loadSnapshot(225)) - group-6D9170F55DDB: The snapshot info is null. Setting the last applied indexto:(t:0, i:~)
2020-12-11 11:59:08,639 [pool-459-thread-1] INFO  server.RaftServerConfigKeys (ConfUtils.java:logGet(44)) - raft.server.notification.no-leader.timeout = 300000ms (custom)
2020-12-11 11:59:08,639 [pool-459-thread-1] INFO  server.RaftServerConfigKeys (ConfUtils.java:logGet(44)) - raft.server.log.use.memory = false (default)
2020-12-11 11:59:08,639 [pool-459-thread-1] INFO  server.RaftServerConfigKeys (ConfUtils.java:logGet(44)) - raft.server.log.purge.gap = 1000000 (custom)
2020-12-11 11:59:08,640 [pool-459-thread-1] INFO  metrics.RatisMetrics (RatisMetrics.java:lambda$create$0(36)) - Creating Metrics Registry : ratis.log_worker.ce7b29ad-df73-4c8e-895b-c9a715706485@group-6D9170F55DDB
2020-12-11 11:59:08,640 [pool-459-thread-1] INFO  server.RaftServerConfigKeys (ConfUtils.java:logGet(44)) - raft.server.log.appender.buffer.byte-limit = 33554432 (custom)
2020-12-11 11:59:08,640 [pool-459-thread-1] INFO  server.RaftServerConfigKeys (ConfUtils.java:logGet(44)) - raft.server.log.segment.size.max = 1048576 (custom)
2020-12-11 11:59:08,641 [pool-459-thread-1] INFO  server.RaftServerConfigKeys (ConfUtils.java:logGet(44)) - raft.server.log.segment.cache.num.max = 2 (custom)
2020-12-11 11:59:08,641 [pool-459-thread-1] INFO  segmented.SegmentedRaftLogWorker (SegmentedRaftLogWorker.java:<init>(180)) - new ce7b29ad-df73-4c8e-895b-c9a715706485@group-6D9170F55DDB-SegmentedRaftLogWorker for RaftStorage:Storage Directory /github/workspace/mnt/ozone/hadoop-ozone/integration-test/target/test-dir/MiniOzoneClusterImpl-9e77629d-1495-4101-8eb0-46d1fa4d7a32/datanode-4/data/ratis/4cc32934-7065-4e77-a59d-6d9170f55ddb
2020-12-11 11:59:08,641 [pool-459-thread-1] INFO  server.RaftServerConfigKeys (ConfUtils.java:logGet(44)) - raft.server.log.queue.byte-limit = 2147483647 (custom)
2020-12-11 11:59:08,641 [pool-459-thread-1] INFO  server.RaftServerConfigKeys (ConfUtils.java:logGet(44)) - raft.server.log.queue.element-limit = 1024 (custom)
2020-12-11 11:59:08,641 [pool-459-thread-1] INFO  server.RaftServerConfigKeys (ConfUtils.java:logGet(44)) - raft.server.log.segment.size.max = 1048576 (custom)
2020-12-11 11:59:08,641 [pool-459-thread-1] INFO  server.RaftServerConfigKeys (ConfUtils.java:logGet(44)) - raft.server.log.preallocated.size = 16384 (custom)
2020-12-11 11:59:08,642 [pool-459-thread-1] INFO  server.RaftServerConfigKeys (ConfUtils.java:logGet(44)) - raft.server.log.write.buffer.size = 1048576 (custom)
2020-12-11 11:59:08,642 [pool-459-thread-1] INFO  server.RaftServerConfigKeys (ConfUtils.java:logGet(44)) - raft.server.log.force.sync.num = 128 (default)
2020-12-11 11:59:08,642 [pool-459-thread-1] INFO  server.RaftServerConfigKeys (ConfUtils.java:logGet(44)) - raft.server.log.statemachine.data.sync = true (default)
2020-12-11 11:59:08,642 [pool-459-thread-1] INFO  server.RaftServerConfigKeys (ConfUtils.java:logGet(44)) - raft.server.log.statemachine.data.sync.timeout = 10s (default)
2020-12-11 11:59:08,642 [pool-459-thread-1] INFO  server.RaftServerConfigKeys (ConfUtils.java:logGet(44)) - raft.server.log.statemachine.data.sync.timeout.retry = -1 (default)
2020-12-11 11:59:08,644 [pool-459-thread-1] INFO  server.RaftServerConfigKeys (ConfUtils.java:logGet(44)) - raft.server.log.statemachine.data.caching.enabled = true (custom)
2020-12-11 11:59:08,644 [pool-459-thread-1] INFO  segmented.SegmentedRaftLogWorker (SegmentedRaftLogWorker.java:lambda$new$0(129)) - ce7b29ad-df73-4c8e-895b-c9a715706485@group-6D9170F55DDB-SegmentedRaftLogWorker: flushIndex: setUnconditionally 0 -> -1
2020-12-11 11:59:08,644 [pool-459-thread-1] INFO  segmented.SegmentedRaftLogWorker (SegmentedRaftLogWorker.java:lambda$new$0(129)) - ce7b29ad-df73-4c8e-895b-c9a715706485@group-6D9170F55DDB-SegmentedRaftLogWorker: safeCacheEvictIndex: setUnconditionally 0 -> -1
2020-12-11 11:59:08,645 [pool-459-thread-1] INFO  server.RaftServerConfigKeys (ConfUtils.java:logGet(44)) - raft.server.snapshot.auto.trigger.enabled = true (custom)
2020-12-11 11:59:08,645 [pool-459-thread-1] INFO  server.RaftServerConfigKeys (ConfUtils.java:logGet(44)) - raft.server.snapshot.auto.trigger.threshold = 10000 (custom)
2020-12-11 11:59:08,645 [pool-459-thread-1] INFO  server.RaftServerConfigKeys (ConfUtils.java:logGet(44)) - raft.server.snapshot.retention.file.num = 5 (custom)
2020-12-11 11:59:08,645 [pool-459-thread-1] INFO  server.RaftServerConfigKeys (ConfUtils.java:logGet(44)) - raft.server.log.purge.upto.snapshot.index = false (default)
2020-12-11 11:59:08,645 [pool-459-thread-1] INFO  server.RaftServerConfigKeys (ConfUtils.java:logGet(44)) - raft.server.retrycache.expirytime = 600000ms (custom)
2020-12-11 11:59:08,645 [pool-459-thread-1] INFO  metrics.RatisMetrics (RatisMetrics.java:lambda$create$0(36)) - Creating Metrics Registry : ratis.leader_election.ce7b29ad-df73-4c8e-895b-c9a715706485@group-6D9170F55DDB
2020-12-11 11:59:08,646 [pool-459-thread-1] INFO  metrics.RatisMetrics (RatisMetrics.java:lambda$create$0(36)) - Creating Metrics Registry : ratis.server.ce7b29ad-df73-4c8e-895b-c9a715706485@group-6D9170F55DDB
2020-12-11 11:59:08,647 [pool-459-thread-1] INFO  impl.RaftServerImpl (RaftServerImpl.java:start(215)) - ce7b29ad-df73-4c8e-895b-c9a715706485@group-6D9170F55DDB: start as a follower, conf=-1: [ce7b29ad-df73-4c8e-895b-c9a715706485|rpc:172.17.0.2:37077], old=null
2020-12-11 11:59:08,647 [pool-459-thread-1] INFO  impl.RaftServerImpl (RaftServerImpl.java:setRole(204)) - ce7b29ad-df73-4c8e-895b-c9a715706485@group-6D9170F55DDB: changes role from      null to FOLLOWER at term 0 for startAsFollower
2020-12-11 11:59:08,647 [pool-459-thread-1] INFO  impl.RoleInfo (RoleInfo.java:updateAndGet(143)) - ce7b29ad-df73-4c8e-895b-c9a715706485: start ce7b29ad-df73-4c8e-895b-c9a715706485@group-6D9170F55DDB-FollowerState
2020-12-11 11:59:08,647 [pool-459-thread-1] INFO  util.JmxRegister (JmxRegister.java:tryRegister(44)) - Successfully registered JMX Bean with object name Ratis:service=RaftServer,group=group-6D9170F55DDB,id=ce7b29ad-df73-4c8e-895b-c9a715706485
2020-12-11 11:59:08,647 [pool-459-thread-1] INFO  metrics.RatisMetrics (RatisMetrics.java:lambda$create$0(36)) - Creating Metrics Registry : ratis.state_machine.ce7b29ad-df73-4c8e-895b-c9a715706485@group-6D9170F55DDB
2020-12-11 11:59:08,648 [Command processor thread] INFO  commandhandler.CreatePipelineCommandHandler (CreatePipelineCommandHandler.java:handle(106)) - Created Pipeline RATIS ONE PipelineID=4cc32934-7065-4e77-a59d-6d9170f55ddb.
2020-12-11 11:59:08,857 [Command processor thread] INFO  impl.RaftServerProxy (RaftServerProxy.java:addNew(93)) - 6ceb72e1-9dfc-406c-bbba-66398b5fee3f: addNew group-6817AA4C9C44:[6ceb72e1-9dfc-406c-bbba-66398b5fee3f|rpc:172.17.0.2:42665] returns group-6817AA4C9C44:java.util.concurrent.CompletableFuture@42be5443[Not completed]
2020-12-11 11:59:08,858 [pool-475-thread-1] INFO  impl.RaftServerImpl (RaftServerImpl.java:<init>(121)) - 6ceb72e1-9dfc-406c-bbba-66398b5fee3f: new RaftServerImpl for group-6817AA4C9C44:[6ceb72e1-9dfc-406c-bbba-66398b5fee3f|rpc:172.17.0.2:42665] with ContainerStateMachine:uninitialized
2020-12-11 11:59:08,858 [pool-475-thread-1] INFO  server.RaftServerConfigKeys (ConfUtils.java:logGet(44)) - raft.server.rpc.timeout.min = 5s (custom)
2020-12-11 11:59:08,858 [pool-475-thread-1] INFO  server.RaftServerConfigKeys (ConfUtils.java:logGet(44)) - raft.server.rpc.timeout.max = 5200ms (custom)
2020-12-11 11:59:08,858 [pool-475-thread-1] INFO  server.RaftServerConfigKeys (ConfUtils.java:logGet(44)) - raft.server.rpc.slowness.timeout = 300000ms (custom)
2020-12-11 11:59:08,858 [pool-475-thread-1] INFO  server.RaftServerConfigKeys (ConfUtils.java:logGet(44)) - raft.server.leaderelection.leader.step-down.wait-time = 10s (default)
2020-12-11 11:59:08,858 [pool-475-thread-1] INFO  server.RaftServerConfigKeys (ConfUtils.java:logGet(44)) - raft.server.sleep.deviation.threshold = 300 (default)
2020-12-11 11:59:08,859 [pool-475-thread-1] INFO  server.RaftServerConfigKeys (ConfUtils.java:logGet(44)) - raft.server.log.appender.install.snapshot.enabled = false (custom)
2020-12-11 11:59:08,859 [pool-475-thread-1] INFO  impl.RaftServerImpl (ServerState.java:<init>(104)) - 6ceb72e1-9dfc-406c-bbba-66398b5fee3f@group-6817AA4C9C44: ConfigurationManager, init=-1: [6ceb72e1-9dfc-406c-bbba-66398b5fee3f|rpc:172.17.0.2:42665], old=null, confs=<EMPTY_MAP>
2020-12-11 11:59:08,859 [pool-475-thread-1] INFO  server.RaftServerConfigKeys (ConfUtils.java:logGet(44)) - raft.server.storage.dir = [/github/workspace/mnt/ozone/hadoop-ozone/integration-test/target/test-dir/MiniOzoneClusterImpl-9e77629d-1495-4101-8eb0-46d1fa4d7a32/datanode-5/data/ratis] (custom)
2020-12-11 11:59:08,859 [pool-475-thread-1] INFO  server.RaftServerConfigKeys (ConfUtils.java:logGet(44)) - raft.server.log.corruption.policy = EXCEPTION (default)
2020-12-11 11:59:08,859 [pool-475-thread-1] INFO  storage.RaftStorageDirectory (RaftStorageDirectory.java:analyzeStorage(261)) - The storage directory /github/workspace/mnt/ozone/hadoop-ozone/integration-test/target/test-dir/MiniOzoneClusterImpl-9e77629d-1495-4101-8eb0-46d1fa4d7a32/datanode-5/data/ratis/b0b1e91b-c763-4b61-9169-6817aa4c9c44 does not exist. Creating ...
2020-12-11 11:59:08,860 [pool-475-thread-1] INFO  storage.RaftStorageDirectory (RaftStorageDirectory.java:tryLock(343)) - Lock on /github/workspace/mnt/ozone/hadoop-ozone/integration-test/target/test-dir/MiniOzoneClusterImpl-9e77629d-1495-4101-8eb0-46d1fa4d7a32/datanode-5/data/ratis/b0b1e91b-c763-4b61-9169-6817aa4c9c44/in_use.lock acquired by nodename 1858@302fe02fdb76
2020-12-11 11:59:08,862 [pool-475-thread-1] INFO  storage.RaftStorage (RaftStorage.java:format(85)) - Storage directory /github/workspace/mnt/ozone/hadoop-ozone/integration-test/target/test-dir/MiniOzoneClusterImpl-9e77629d-1495-4101-8eb0-46d1fa4d7a32/datanode-5/data/ratis/b0b1e91b-c763-4b61-9169-6817aa4c9c44 has been successfully formatted.
2020-12-11 11:59:08,862 [pool-475-thread-1] INFO  ratis.ContainerStateMachine (ContainerStateMachine.java:loadSnapshot(225)) - group-6817AA4C9C44: The snapshot info is null. Setting the last applied indexto:(t:0, i:~)
2020-12-11 11:59:08,862 [pool-475-thread-1] INFO  server.RaftServerConfigKeys (ConfUtils.java:logGet(44)) - raft.server.notification.no-leader.timeout = 300000ms (custom)
2020-12-11 11:59:08,862 [pool-475-thread-1] INFO  server.RaftServerConfigKeys (ConfUtils.java:logGet(44)) - raft.server.log.use.memory = false (default)
2020-12-11 11:59:08,863 [pool-475-thread-1] INFO  server.RaftServerConfigKeys (ConfUtils.java:logGet(44)) - raft.server.log.purge.gap = 1000000 (custom)
2020-12-11 11:59:08,863 [pool-475-thread-1] INFO  metrics.RatisMetrics (RatisMetrics.java:lambda$create$0(36)) - Creating Metrics Registry : ratis.log_worker.6ceb72e1-9dfc-406c-bbba-66398b5fee3f@group-6817AA4C9C44
2020-12-11 11:59:08,863 [EventQueue-PipelineReportForOneReplicaPipelineSafeModeRule] INFO  safemode.SCMSafeModeManager (SCMSafeModeManager.java:validateSafeModeExitRules(214)) - AtleastOneDatanodeReportedRule rule is successfully validated
2020-12-11 11:59:08,863 [EventQueue-PipelineReportForPipelineReportHandler] INFO  pipeline.PipelineStateManager (PipelineStateManager.java:openPipeline(132)) - Pipeline Pipeline[ Id: b0b1e91b-c763-4b61-9169-6817aa4c9c44, Nodes: 6ceb72e1-9dfc-406c-bbba-66398b5fee3f{ip: 172.17.0.2, host: 302fe02fdb76, networkLocation: /default-rack, certSerialId: null, persistedOpState: IN_SERVICE, persistedOpStateExpiryEpochSec: 0}, Type:RATIS, Factor:ONE, State:ALLOCATED, leaderId:6ceb72e1-9dfc-406c-bbba-66398b5fee3f, CreationTimestamp2020-12-11T11:59:05.860Z] moved to OPEN state
2020-12-11 11:59:08,863 [pool-475-thread-1] INFO  server.RaftServerConfigKeys (ConfUtils.java:logGet(44)) - raft.server.log.appender.buffer.byte-limit = 33554432 (custom)
2020-12-11 11:59:08,863 [pool-475-thread-1] INFO  server.RaftServerConfigKeys (ConfUtils.java:logGet(44)) - raft.server.log.segment.size.max = 1048576 (custom)
2020-12-11 11:59:08,864 [EventQueue-OpenPipelineForHealthyPipelineSafeModeRule] INFO  safemode.SCMSafeModeManager (HealthyPipelineSafeModeRule.java:process(128)) - SCM in safe mode. Healthy pipelines reported count is 0, required healthy pipeline reported count is 1
2020-12-11 11:59:08,865 [pool-475-thread-1] INFO  server.RaftServerConfigKeys (ConfUtils.java:logGet(44)) - raft.server.log.segment.cache.num.max = 2 (custom)
2020-12-11 11:59:08,865 [pool-475-thread-1] INFO  segmented.SegmentedRaftLogWorker (SegmentedRaftLogWorker.java:<init>(180)) - new 6ceb72e1-9dfc-406c-bbba-66398b5fee3f@group-6817AA4C9C44-SegmentedRaftLogWorker for RaftStorage:Storage Directory /github/workspace/mnt/ozone/hadoop-ozone/integration-test/target/test-dir/MiniOzoneClusterImpl-9e77629d-1495-4101-8eb0-46d1fa4d7a32/datanode-5/data/ratis/b0b1e91b-c763-4b61-9169-6817aa4c9c44
2020-12-11 11:59:08,865 [pool-475-thread-1] INFO  server.RaftServerConfigKeys (ConfUtils.java:logGet(44)) - raft.server.log.queue.byte-limit = 2147483647 (custom)
2020-12-11 11:59:08,865 [pool-475-thread-1] INFO  server.RaftServerConfigKeys (ConfUtils.java:logGet(44)) - raft.server.log.queue.element-limit = 1024 (custom)
2020-12-11 11:59:08,866 [pool-475-thread-1] INFO  server.RaftServerConfigKeys (ConfUtils.java:logGet(44)) - raft.server.log.segment.size.max = 1048576 (custom)
2020-12-11 11:59:08,866 [pool-475-thread-1] INFO  server.RaftServerConfigKeys (ConfUtils.java:logGet(44)) - raft.server.log.preallocated.size = 16384 (custom)
2020-12-11 11:59:08,866 [pool-475-thread-1] INFO  server.RaftServerConfigKeys (ConfUtils.java:logGet(44)) - raft.server.log.write.buffer.size = 1048576 (custom)
2020-12-11 11:59:08,866 [pool-475-thread-1] INFO  server.RaftServerConfigKeys (ConfUtils.java:logGet(44)) - raft.server.log.force.sync.num = 128 (default)
2020-12-11 11:59:08,866 [pool-475-thread-1] INFO  server.RaftServerConfigKeys (ConfUtils.java:logGet(44)) - raft.server.log.statemachine.data.sync = true (default)
2020-12-11 11:59:08,866 [pool-475-thread-1] INFO  server.RaftServerConfigKeys (ConfUtils.java:logGet(44)) - raft.server.log.statemachine.data.sync.timeout = 10s (default)
2020-12-11 11:59:08,866 [pool-475-thread-1] INFO  server.RaftServerConfigKeys (ConfUtils.java:logGet(44)) - raft.server.log.statemachine.data.sync.timeout.retry = -1 (default)
2020-12-11 11:59:08,868 [pool-475-thread-1] INFO  server.RaftServerConfigKeys (ConfUtils.java:logGet(44)) - raft.server.log.statemachine.data.caching.enabled = true (custom)
2020-12-11 11:59:08,868 [pool-475-thread-1] INFO  segmented.SegmentedRaftLogWorker (SegmentedRaftLogWorker.java:lambda$new$0(129)) - 6ceb72e1-9dfc-406c-bbba-66398b5fee3f@group-6817AA4C9C44-SegmentedRaftLogWorker: flushIndex: setUnconditionally 0 -> -1
2020-12-11 11:59:08,868 [pool-475-thread-1] INFO  segmented.SegmentedRaftLogWorker (SegmentedRaftLogWorker.java:lambda$new$0(129)) - 6ceb72e1-9dfc-406c-bbba-66398b5fee3f@group-6817AA4C9C44-SegmentedRaftLogWorker: safeCacheEvictIndex: setUnconditionally 0 -> -1
2020-12-11 11:59:08,869 [pool-475-thread-1] INFO  server.RaftServerConfigKeys (ConfUtils.java:logGet(44)) - raft.server.snapshot.auto.trigger.enabled = true (custom)
2020-12-11 11:59:08,869 [pool-475-thread-1] INFO  server.RaftServerConfigKeys (ConfUtils.java:logGet(44)) - raft.server.snapshot.auto.trigger.threshold = 10000 (custom)
2020-12-11 11:59:08,869 [pool-475-thread-1] INFO  server.RaftServerConfigKeys (ConfUtils.java:logGet(44)) - raft.server.snapshot.retention.file.num = 5 (custom)
2020-12-11 11:59:08,869 [pool-475-thread-1] INFO  server.RaftServerConfigKeys (ConfUtils.java:logGet(44)) - raft.server.log.purge.upto.snapshot.index = false (default)
2020-12-11 11:59:08,869 [pool-475-thread-1] INFO  server.RaftServerConfigKeys (ConfUtils.java:logGet(44)) - raft.server.retrycache.expirytime = 600000ms (custom)
2020-12-11 11:59:08,869 [pool-475-thread-1] INFO  metrics.RatisMetrics (RatisMetrics.java:lambda$create$0(36)) - Creating Metrics Registry : ratis.leader_election.6ceb72e1-9dfc-406c-bbba-66398b5fee3f@group-6817AA4C9C44
2020-12-11 11:59:08,870 [pool-475-thread-1] INFO  metrics.RatisMetrics (RatisMetrics.java:lambda$create$0(36)) - Creating Metrics Registry : ratis.server.6ceb72e1-9dfc-406c-bbba-66398b5fee3f@group-6817AA4C9C44
2020-12-11 11:59:08,871 [pool-475-thread-1] INFO  impl.RaftServerImpl (RaftServerImpl.java:start(215)) - 6ceb72e1-9dfc-406c-bbba-66398b5fee3f@group-6817AA4C9C44: start as a follower, conf=-1: [6ceb72e1-9dfc-406c-bbba-66398b5fee3f|rpc:172.17.0.2:42665], old=null
2020-12-11 11:59:08,871 [pool-475-thread-1] INFO  impl.RaftServerImpl (RaftServerImpl.java:setRole(204)) - 6ceb72e1-9dfc-406c-bbba-66398b5fee3f@group-6817AA4C9C44: changes role from      null to FOLLOWER at term 0 for startAsFollower
2020-12-11 11:59:08,871 [pool-475-thread-1] INFO  impl.RoleInfo (RoleInfo.java:updateAndGet(143)) - 6ceb72e1-9dfc-406c-bbba-66398b5fee3f: start 6ceb72e1-9dfc-406c-bbba-66398b5fee3f@group-6817AA4C9C44-FollowerState
2020-12-11 11:59:08,871 [pool-475-thread-1] INFO  util.JmxRegister (JmxRegister.java:tryRegister(44)) - Successfully registered JMX Bean with object name Ratis:service=RaftServer,group=group-6817AA4C9C44,id=6ceb72e1-9dfc-406c-bbba-66398b5fee3f
2020-12-11 11:59:08,871 [pool-475-thread-1] INFO  metrics.RatisMetrics (RatisMetrics.java:lambda$create$0(36)) - Creating Metrics Registry : ratis.state_machine.6ceb72e1-9dfc-406c-bbba-66398b5fee3f@group-6817AA4C9C44
2020-12-11 11:59:08,872 [Command processor thread] INFO  commandhandler.CreatePipelineCommandHandler (CreatePipelineCommandHandler.java:handle(106)) - Created Pipeline RATIS ONE PipelineID=b0b1e91b-c763-4b61-9169-6817aa4c9c44.
2020-12-11 11:59:09,089 [Command processor thread] INFO  impl.RaftServerProxy (RaftServerProxy.java:addNew(93)) - ae07f068-47ba-4716-bac5-3cb4c79fd2be: addNew group-7C5A795D934E:[ae07f068-47ba-4716-bac5-3cb4c79fd2be|rpc:172.17.0.2:44007] returns group-7C5A795D934E:java.util.concurrent.CompletableFuture@5d573b41[Not completed]
2020-12-11 11:59:09,091 [pool-491-thread-1] INFO  impl.RaftServerImpl (RaftServerImpl.java:<init>(121)) - ae07f068-47ba-4716-bac5-3cb4c79fd2be: new RaftServerImpl for group-7C5A795D934E:[ae07f068-47ba-4716-bac5-3cb4c79fd2be|rpc:172.17.0.2:44007] with ContainerStateMachine:uninitialized
2020-12-11 11:59:09,092 [pool-491-thread-1] INFO  server.RaftServerConfigKeys (ConfUtils.java:logGet(44)) - raft.server.rpc.timeout.min = 5s (custom)
2020-12-11 11:59:09,092 [pool-491-thread-1] INFO  server.RaftServerConfigKeys (ConfUtils.java:logGet(44)) - raft.server.rpc.timeout.max = 5200ms (custom)
2020-12-11 11:59:09,092 [pool-491-thread-1] INFO  server.RaftServerConfigKeys (ConfUtils.java:logGet(44)) - raft.server.rpc.slowness.timeout = 300000ms (custom)
2020-12-11 11:59:09,092 [pool-491-thread-1] INFO  server.RaftServerConfigKeys (ConfUtils.java:logGet(44)) - raft.server.leaderelection.leader.step-down.wait-time = 10s (default)
2020-12-11 11:59:09,092 [pool-491-thread-1] INFO  server.RaftServerConfigKeys (ConfUtils.java:logGet(44)) - raft.server.sleep.deviation.threshold = 300 (default)
2020-12-11 11:59:09,092 [pool-491-thread-1] INFO  server.RaftServerConfigKeys (ConfUtils.java:logGet(44)) - raft.server.log.appender.install.snapshot.enabled = false (custom)
2020-12-11 11:59:09,092 [pool-491-thread-1] INFO  impl.RaftServerImpl (ServerState.java:<init>(104)) - ae07f068-47ba-4716-bac5-3cb4c79fd2be@group-7C5A795D934E: ConfigurationManager, init=-1: [ae07f068-47ba-4716-bac5-3cb4c79fd2be|rpc:172.17.0.2:44007], old=null, confs=<EMPTY_MAP>
2020-12-11 11:59:09,093 [pool-491-thread-1] INFO  server.RaftServerConfigKeys (ConfUtils.java:logGet(44)) - raft.server.storage.dir = [/github/workspace/mnt/ozone/hadoop-ozone/integration-test/target/test-dir/MiniOzoneClusterImpl-9e77629d-1495-4101-8eb0-46d1fa4d7a32/datanode-6/data/ratis] (custom)
2020-12-11 11:59:09,093 [pool-491-thread-1] INFO  server.RaftServerConfigKeys (ConfUtils.java:logGet(44)) - raft.server.log.corruption.policy = EXCEPTION (default)
2020-12-11 11:59:09,093 [pool-491-thread-1] INFO  storage.RaftStorageDirectory (RaftStorageDirectory.java:analyzeStorage(261)) - The storage directory /github/workspace/mnt/ozone/hadoop-ozone/integration-test/target/test-dir/MiniOzoneClusterImpl-9e77629d-1495-4101-8eb0-46d1fa4d7a32/datanode-6/data/ratis/14c66980-a7ee-4ed2-abf6-7c5a795d934e does not exist. Creating ...
2020-12-11 11:59:09,094 [pool-491-thread-1] INFO  storage.RaftStorageDirectory (RaftStorageDirectory.java:tryLock(343)) - Lock on /github/workspace/mnt/ozone/hadoop-ozone/integration-test/target/test-dir/MiniOzoneClusterImpl-9e77629d-1495-4101-8eb0-46d1fa4d7a32/datanode-6/data/ratis/14c66980-a7ee-4ed2-abf6-7c5a795d934e/in_use.lock acquired by nodename 1858@302fe02fdb76
2020-12-11 11:59:09,095 [pool-491-thread-1] INFO  storage.RaftStorage (RaftStorage.java:format(85)) - Storage directory /github/workspace/mnt/ozone/hadoop-ozone/integration-test/target/test-dir/MiniOzoneClusterImpl-9e77629d-1495-4101-8eb0-46d1fa4d7a32/datanode-6/data/ratis/14c66980-a7ee-4ed2-abf6-7c5a795d934e has been successfully formatted.
2020-12-11 11:59:09,097 [pool-491-thread-1] INFO  ratis.ContainerStateMachine (ContainerStateMachine.java:loadSnapshot(225)) - group-7C5A795D934E: The snapshot info is null. Setting the last applied indexto:(t:0, i:~)
2020-12-11 11:59:09,097 [pool-491-thread-1] INFO  server.RaftServerConfigKeys (ConfUtils.java:logGet(44)) - raft.server.notification.no-leader.timeout = 300000ms (custom)
2020-12-11 11:59:09,097 [pool-491-thread-1] INFO  server.RaftServerConfigKeys (ConfUtils.java:logGet(44)) - raft.server.log.use.memory = false (default)
2020-12-11 11:59:09,097 [pool-491-thread-1] INFO  server.RaftServerConfigKeys (ConfUtils.java:logGet(44)) - raft.server.log.purge.gap = 1000000 (custom)
2020-12-11 11:59:09,097 [pool-491-thread-1] INFO  metrics.RatisMetrics (RatisMetrics.java:lambda$create$0(36)) - Creating Metrics Registry : ratis.log_worker.ae07f068-47ba-4716-bac5-3cb4c79fd2be@group-7C5A795D934E
2020-12-11 11:59:09,097 [EventQueue-PipelineReportForOneReplicaPipelineSafeModeRule] INFO  safemode.SCMSafeModeManager (SCMSafeModeManager.java:validateSafeModeExitRules(214)) - AtleastOneDatanodeReportedRule rule is successfully validated
2020-12-11 11:59:09,097 [EventQueue-PipelineReportForPipelineReportHandler] INFO  pipeline.PipelineStateManager (PipelineStateManager.java:openPipeline(132)) - Pipeline Pipeline[ Id: 14c66980-a7ee-4ed2-abf6-7c5a795d934e, Nodes: ae07f068-47ba-4716-bac5-3cb4c79fd2be{ip: 172.17.0.2, host: 302fe02fdb76, networkLocation: /default-rack, certSerialId: null, persistedOpState: IN_SERVICE, persistedOpStateExpiryEpochSec: 0}, Type:RATIS, Factor:ONE, State:ALLOCATED, leaderId:ae07f068-47ba-4716-bac5-3cb4c79fd2be, CreationTimestamp2020-12-11T11:59:06.094Z] moved to OPEN state
2020-12-11 11:59:09,098 [pool-491-thread-1] INFO  server.RaftServerConfigKeys (ConfUtils.java:logGet(44)) - raft.server.log.appender.buffer.byte-limit = 33554432 (custom)
2020-12-11 11:59:09,098 [pool-491-thread-1] INFO  server.RaftServerConfigKeys (ConfUtils.java:logGet(44)) - raft.server.log.segment.size.max = 1048576 (custom)
2020-12-11 11:59:09,098 [EventQueue-OpenPipelineForHealthyPipelineSafeModeRule] INFO  safemode.SCMSafeModeManager (HealthyPipelineSafeModeRule.java:process(128)) - SCM in safe mode. Healthy pipelines reported count is 0, required healthy pipeline reported count is 1
2020-12-11 11:59:09,099 [pool-491-thread-1] INFO  server.RaftServerConfigKeys (ConfUtils.java:logGet(44)) - raft.server.log.segment.cache.num.max = 2 (custom)
2020-12-11 11:59:09,099 [pool-491-thread-1] INFO  segmented.SegmentedRaftLogWorker (SegmentedRaftLogWorker.java:<init>(180)) - new ae07f068-47ba-4716-bac5-3cb4c79fd2be@group-7C5A795D934E-SegmentedRaftLogWorker for RaftStorage:Storage Directory /github/workspace/mnt/ozone/hadoop-ozone/integration-test/target/test-dir/MiniOzoneClusterImpl-9e77629d-1495-4101-8eb0-46d1fa4d7a32/datanode-6/data/ratis/14c66980-a7ee-4ed2-abf6-7c5a795d934e
2020-12-11 11:59:09,100 [pool-491-thread-1] INFO  server.RaftServerConfigKeys (ConfUtils.java:logGet(44)) - raft.server.log.queue.byte-limit = 2147483647 (custom)
2020-12-11 11:59:09,100 [pool-491-thread-1] INFO  server.RaftServerConfigKeys (ConfUtils.java:logGet(44)) - raft.server.log.queue.element-limit = 1024 (custom)
2020-12-11 11:59:09,100 [pool-491-thread-1] INFO  server.RaftServerConfigKeys (ConfUtils.java:logGet(44)) - raft.server.log.segment.size.max = 1048576 (custom)
2020-12-11 11:59:09,100 [pool-491-thread-1] INFO  server.RaftServerConfigKeys (ConfUtils.java:logGet(44)) - raft.server.log.preallocated.size = 16384 (custom)
2020-12-11 11:59:09,100 [pool-491-thread-1] INFO  server.RaftServerConfigKeys (ConfUtils.java:logGet(44)) - raft.server.log.write.buffer.size = 1048576 (custom)
2020-12-11 11:59:09,100 [pool-491-thread-1] INFO  server.RaftServerConfigKeys (ConfUtils.java:logGet(44)) - raft.server.log.force.sync.num = 128 (default)
2020-12-11 11:59:09,100 [pool-491-thread-1] INFO  server.RaftServerConfigKeys (ConfUtils.java:logGet(44)) - raft.server.log.statemachine.data.sync = true (default)
2020-12-11 11:59:09,100 [pool-491-thread-1] INFO  server.RaftServerConfigKeys (ConfUtils.java:logGet(44)) - raft.server.log.statemachine.data.sync.timeout = 10s (default)
2020-12-11 11:59:09,100 [pool-491-thread-1] INFO  server.RaftServerConfigKeys (ConfUtils.java:logGet(44)) - raft.server.log.statemachine.data.sync.timeout.retry = -1 (default)
2020-12-11 11:59:09,102 [pool-491-thread-1] INFO  server.RaftServerConfigKeys (ConfUtils.java:logGet(44)) - raft.server.log.statemachine.data.caching.enabled = true (custom)
2020-12-11 11:59:09,103 [pool-491-thread-1] INFO  segmented.SegmentedRaftLogWorker (SegmentedRaftLogWorker.java:lambda$new$0(129)) - ae07f068-47ba-4716-bac5-3cb4c79fd2be@group-7C5A795D934E-SegmentedRaftLogWorker: flushIndex: setUnconditionally 0 -> -1
2020-12-11 11:59:09,103 [pool-491-thread-1] INFO  segmented.SegmentedRaftLogWorker (SegmentedRaftLogWorker.java:lambda$new$0(129)) - ae07f068-47ba-4716-bac5-3cb4c79fd2be@group-7C5A795D934E-SegmentedRaftLogWorker: safeCacheEvictIndex: setUnconditionally 0 -> -1
2020-12-11 11:59:09,103 [pool-491-thread-1] INFO  server.RaftServerConfigKeys (ConfUtils.java:logGet(44)) - raft.server.snapshot.auto.trigger.enabled = true (custom)
2020-12-11 11:59:09,103 [pool-491-thread-1] INFO  server.RaftServerConfigKeys (ConfUtils.java:logGet(44)) - raft.server.snapshot.auto.trigger.threshold = 10000 (custom)
2020-12-11 11:59:09,104 [pool-491-thread-1] INFO  server.RaftServerConfigKeys (ConfUtils.java:logGet(44)) - raft.server.snapshot.retention.file.num = 5 (custom)
2020-12-11 11:59:09,104 [pool-491-thread-1] INFO  server.RaftServerConfigKeys (ConfUtils.java:logGet(44)) - raft.server.log.purge.upto.snapshot.index = false (default)
2020-12-11 11:59:09,104 [pool-491-thread-1] INFO  server.RaftServerConfigKeys (ConfUtils.java:logGet(44)) - raft.server.retrycache.expirytime = 600000ms (custom)
2020-12-11 11:59:09,104 [pool-491-thread-1] INFO  metrics.RatisMetrics (RatisMetrics.java:lambda$create$0(36)) - Creating Metrics Registry : ratis.leader_election.ae07f068-47ba-4716-bac5-3cb4c79fd2be@group-7C5A795D934E
2020-12-11 11:59:09,105 [pool-491-thread-1] INFO  metrics.RatisMetrics (RatisMetrics.java:lambda$create$0(36)) - Creating Metrics Registry : ratis.server.ae07f068-47ba-4716-bac5-3cb4c79fd2be@group-7C5A795D934E
2020-12-11 11:59:09,106 [pool-491-thread-1] INFO  impl.RaftServerImpl (RaftServerImpl.java:start(215)) - ae07f068-47ba-4716-bac5-3cb4c79fd2be@group-7C5A795D934E: start as a follower, conf=-1: [ae07f068-47ba-4716-bac5-3cb4c79fd2be|rpc:172.17.0.2:44007], old=null
2020-12-11 11:59:09,106 [pool-491-thread-1] INFO  impl.RaftServerImpl (RaftServerImpl.java:setRole(204)) - ae07f068-47ba-4716-bac5-3cb4c79fd2be@group-7C5A795D934E: changes role from      null to FOLLOWER at term 0 for startAsFollower
2020-12-11 11:59:09,106 [pool-491-thread-1] INFO  impl.RoleInfo (RoleInfo.java:updateAndGet(143)) - ae07f068-47ba-4716-bac5-3cb4c79fd2be: start ae07f068-47ba-4716-bac5-3cb4c79fd2be@group-7C5A795D934E-FollowerState
2020-12-11 11:59:09,107 [pool-491-thread-1] INFO  util.JmxRegister (JmxRegister.java:tryRegister(44)) - Successfully registered JMX Bean with object name Ratis:service=RaftServer,group=group-7C5A795D934E,id=ae07f068-47ba-4716-bac5-3cb4c79fd2be
2020-12-11 11:59:09,107 [pool-491-thread-1] INFO  metrics.RatisMetrics (RatisMetrics.java:lambda$create$0(36)) - Creating Metrics Registry : ratis.state_machine.ae07f068-47ba-4716-bac5-3cb4c79fd2be@group-7C5A795D934E
2020-12-11 11:59:09,108 [Command processor thread] INFO  commandhandler.CreatePipelineCommandHandler (CreatePipelineCommandHandler.java:handle(106)) - Created Pipeline RATIS ONE PipelineID=14c66980-a7ee-4ed2-abf6-7c5a795d934e.
2020-12-11 11:59:09,108 [Command processor thread] INFO  impl.RaftServerProxy (RaftServerProxy.java:addNew(93)) - ae07f068-47ba-4716-bac5-3cb4c79fd2be: addNew group-2B781C67474A:[ae07f068-47ba-4716-bac5-3cb4c79fd2be|rpc:172.17.0.2:44007, d20057ad-1402-4c9c-a7ab-3e414ff49065|rpc:172.17.0.2:44809, 3242355b-cd6b-427d-b7e9-4ae74739cb3e|rpc:172.17.0.2:42589] returns group-2B781C67474A:java.util.concurrent.CompletableFuture@5968b433[Not completed]
2020-12-11 11:59:09,109 [pool-491-thread-1] INFO  impl.RaftServerImpl (RaftServerImpl.java:<init>(121)) - ae07f068-47ba-4716-bac5-3cb4c79fd2be: new RaftServerImpl for group-2B781C67474A:[ae07f068-47ba-4716-bac5-3cb4c79fd2be|rpc:172.17.0.2:44007, d20057ad-1402-4c9c-a7ab-3e414ff49065|rpc:172.17.0.2:44809, 3242355b-cd6b-427d-b7e9-4ae74739cb3e|rpc:172.17.0.2:42589] with ContainerStateMachine:uninitialized
2020-12-11 11:59:09,109 [pool-491-thread-1] INFO  server.RaftServerConfigKeys (ConfUtils.java:logGet(44)) - raft.server.rpc.timeout.min = 5s (custom)
2020-12-11 11:59:09,109 [pool-491-thread-1] INFO  server.RaftServerConfigKeys (ConfUtils.java:logGet(44)) - raft.server.rpc.timeout.max = 5200ms (custom)
2020-12-11 11:59:09,109 [pool-491-thread-1] INFO  server.RaftServerConfigKeys (ConfUtils.java:logGet(44)) - raft.server.rpc.slowness.timeout = 300000ms (custom)
2020-12-11 11:59:09,109 [pool-491-thread-1] INFO  server.RaftServerConfigKeys (ConfUtils.java:logGet(44)) - raft.server.leaderelection.leader.step-down.wait-time = 10s (default)
2020-12-11 11:59:09,109 [pool-491-thread-1] INFO  server.RaftServerConfigKeys (ConfUtils.java:logGet(44)) - raft.server.sleep.deviation.threshold = 300 (default)
2020-12-11 11:59:09,109 [pool-491-thread-1] INFO  server.RaftServerConfigKeys (ConfUtils.java:logGet(44)) - raft.server.log.appender.install.snapshot.enabled = false (custom)
2020-12-11 11:59:09,109 [pool-491-thread-1] INFO  impl.RaftServerImpl (ServerState.java:<init>(104)) - ae07f068-47ba-4716-bac5-3cb4c79fd2be@group-2B781C67474A: ConfigurationManager, init=-1: [ae07f068-47ba-4716-bac5-3cb4c79fd2be|rpc:172.17.0.2:44007, d20057ad-1402-4c9c-a7ab-3e414ff49065|rpc:172.17.0.2:44809, 3242355b-cd6b-427d-b7e9-4ae74739cb3e|rpc:172.17.0.2:42589], old=null, confs=<EMPTY_MAP>
2020-12-11 11:59:09,110 [pool-491-thread-1] INFO  server.RaftServerConfigKeys (ConfUtils.java:logGet(44)) - raft.server.storage.dir = [/github/workspace/mnt/ozone/hadoop-ozone/integration-test/target/test-dir/MiniOzoneClusterImpl-9e77629d-1495-4101-8eb0-46d1fa4d7a32/datanode-6/data/ratis] (custom)
2020-12-11 11:59:09,110 [pool-491-thread-1] INFO  server.RaftServerConfigKeys (ConfUtils.java:logGet(44)) - raft.server.log.corruption.policy = EXCEPTION (default)
2020-12-11 11:59:09,110 [pool-491-thread-1] INFO  storage.RaftStorageDirectory (RaftStorageDirectory.java:analyzeStorage(261)) - The storage directory /github/workspace/mnt/ozone/hadoop-ozone/integration-test/target/test-dir/MiniOzoneClusterImpl-9e77629d-1495-4101-8eb0-46d1fa4d7a32/datanode-6/data/ratis/f00d53d6-af4b-4142-9e13-2b781c67474a does not exist. Creating ...
2020-12-11 11:59:09,111 [pool-491-thread-1] INFO  storage.RaftStorageDirectory (RaftStorageDirectory.java:tryLock(343)) - Lock on /github/workspace/mnt/ozone/hadoop-ozone/integration-test/target/test-dir/MiniOzoneClusterImpl-9e77629d-1495-4101-8eb0-46d1fa4d7a32/datanode-6/data/ratis/f00d53d6-af4b-4142-9e13-2b781c67474a/in_use.lock acquired by nodename 1858@302fe02fdb76
2020-12-11 11:59:09,113 [pool-491-thread-1] INFO  storage.RaftStorage (RaftStorage.java:format(85)) - Storage directory /github/workspace/mnt/ozone/hadoop-ozone/integration-test/target/test-dir/MiniOzoneClusterImpl-9e77629d-1495-4101-8eb0-46d1fa4d7a32/datanode-6/data/ratis/f00d53d6-af4b-4142-9e13-2b781c67474a has been successfully formatted.
2020-12-11 11:59:09,113 [pool-491-thread-1] INFO  ratis.ContainerStateMachine (ContainerStateMachine.java:loadSnapshot(225)) - group-2B781C67474A: The snapshot info is null. Setting the last applied indexto:(t:0, i:~)
2020-12-11 11:59:09,113 [pool-491-thread-1] INFO  server.RaftServerConfigKeys (ConfUtils.java:logGet(44)) - raft.server.notification.no-leader.timeout = 300000ms (custom)
2020-12-11 11:59:09,113 [pool-491-thread-1] INFO  server.RaftServerConfigKeys (ConfUtils.java:logGet(44)) - raft.server.log.use.memory = false (default)
2020-12-11 11:59:09,113 [pool-491-thread-1] INFO  server.RaftServerConfigKeys (ConfUtils.java:logGet(44)) - raft.server.log.purge.gap = 1000000 (custom)
2020-12-11 11:59:09,113 [pool-491-thread-1] INFO  metrics.RatisMetrics (RatisMetrics.java:lambda$create$0(36)) - Creating Metrics Registry : ratis.log_worker.ae07f068-47ba-4716-bac5-3cb4c79fd2be@group-2B781C67474A
2020-12-11 11:59:09,114 [pool-491-thread-1] INFO  server.RaftServerConfigKeys (ConfUtils.java:logGet(44)) - raft.server.log.appender.buffer.byte-limit = 33554432 (custom)
2020-12-11 11:59:09,114 [pool-491-thread-1] INFO  server.RaftServerConfigKeys (ConfUtils.java:logGet(44)) - raft.server.log.segment.size.max = 1048576 (custom)
2020-12-11 11:59:09,114 [pool-491-thread-1] INFO  server.RaftServerConfigKeys (ConfUtils.java:logGet(44)) - raft.server.log.segment.cache.num.max = 2 (custom)
2020-12-11 11:59:09,114 [pool-491-thread-1] INFO  segmented.SegmentedRaftLogWorker (SegmentedRaftLogWorker.java:<init>(180)) - new ae07f068-47ba-4716-bac5-3cb4c79fd2be@group-2B781C67474A-SegmentedRaftLogWorker for RaftStorage:Storage Directory /github/workspace/mnt/ozone/hadoop-ozone/integration-test/target/test-dir/MiniOzoneClusterImpl-9e77629d-1495-4101-8eb0-46d1fa4d7a32/datanode-6/data/ratis/f00d53d6-af4b-4142-9e13-2b781c67474a
2020-12-11 11:59:09,115 [pool-491-thread-1] INFO  server.RaftServerConfigKeys (ConfUtils.java:logGet(44)) - raft.server.log.queue.byte-limit = 2147483647 (custom)
2020-12-11 11:59:09,115 [pool-491-thread-1] INFO  server.RaftServerConfigKeys (ConfUtils.java:logGet(44)) - raft.server.log.queue.element-limit = 1024 (custom)
2020-12-11 11:59:09,115 [pool-491-thread-1] INFO  server.RaftServerConfigKeys (ConfUtils.java:logGet(44)) - raft.server.log.segment.size.max = 1048576 (custom)
2020-12-11 11:59:09,115 [pool-491-thread-1] INFO  server.RaftServerConfigKeys (ConfUtils.java:logGet(44)) - raft.server.log.preallocated.size = 16384 (custom)
2020-12-11 11:59:09,115 [EventQueue-PipelineReportForOneReplicaPipelineSafeModeRule] INFO  safemode.SCMSafeModeManager (SCMSafeModeManager.java:validateSafeModeExitRules(214)) - AtleastOneDatanodeReportedRule rule is successfully validated
2020-12-11 11:59:09,115 [pool-491-thread-1] INFO  server.RaftServerConfigKeys (ConfUtils.java:logGet(44)) - raft.server.log.write.buffer.size = 1048576 (custom)
2020-12-11 11:59:09,115 [pool-491-thread-1] INFO  server.RaftServerConfigKeys (ConfUtils.java:logGet(44)) - raft.server.log.force.sync.num = 128 (default)
2020-12-11 11:59:09,115 [pool-491-thread-1] INFO  server.RaftServerConfigKeys (ConfUtils.java:logGet(44)) - raft.server.log.statemachine.data.sync = true (default)
2020-12-11 11:59:09,115 [EventQueue-OpenPipelineForHealthyPipelineSafeModeRule] INFO  safemode.SCMSafeModeManager (HealthyPipelineSafeModeRule.java:process(128)) - SCM in safe mode. Healthy pipelines reported count is 0, required healthy pipeline reported count is 1
2020-12-11 11:59:09,115 [pool-491-thread-1] INFO  server.RaftServerConfigKeys (ConfUtils.java:logGet(44)) - raft.server.log.statemachine.data.sync.timeout = 10s (default)
2020-12-11 11:59:09,115 [pool-491-thread-1] INFO  server.RaftServerConfigKeys (ConfUtils.java:logGet(44)) - raft.server.log.statemachine.data.sync.timeout.retry = -1 (default)
2020-12-11 11:59:09,117 [pool-491-thread-1] INFO  server.RaftServerConfigKeys (ConfUtils.java:logGet(44)) - raft.server.log.statemachine.data.caching.enabled = true (custom)
2020-12-11 11:59:09,117 [pool-491-thread-1] INFO  segmented.SegmentedRaftLogWorker (SegmentedRaftLogWorker.java:lambda$new$0(129)) - ae07f068-47ba-4716-bac5-3cb4c79fd2be@group-2B781C67474A-SegmentedRaftLogWorker: flushIndex: setUnconditionally 0 -> -1
2020-12-11 11:59:09,117 [pool-491-thread-1] INFO  segmented.SegmentedRaftLogWorker (SegmentedRaftLogWorker.java:lambda$new$0(129)) - ae07f068-47ba-4716-bac5-3cb4c79fd2be@group-2B781C67474A-SegmentedRaftLogWorker: safeCacheEvictIndex: setUnconditionally 0 -> -1
2020-12-11 11:59:09,118 [pool-491-thread-1] INFO  server.RaftServerConfigKeys (ConfUtils.java:logGet(44)) - raft.server.snapshot.auto.trigger.enabled = true (custom)
2020-12-11 11:59:09,118 [pool-491-thread-1] INFO  server.RaftServerConfigKeys (ConfUtils.java:logGet(44)) - raft.server.snapshot.auto.trigger.threshold = 10000 (custom)
2020-12-11 11:59:09,118 [pool-491-thread-1] INFO  server.RaftServerConfigKeys (ConfUtils.java:logGet(44)) - raft.server.snapshot.retention.file.num = 5 (custom)
2020-12-11 11:59:09,118 [pool-491-thread-1] INFO  server.RaftServerConfigKeys (ConfUtils.java:logGet(44)) - raft.server.log.purge.upto.snapshot.index = false (default)
2020-12-11 11:59:09,118 [pool-491-thread-1] INFO  server.RaftServerConfigKeys (ConfUtils.java:logGet(44)) - raft.server.retrycache.expirytime = 600000ms (custom)
2020-12-11 11:59:09,118 [pool-491-thread-1] INFO  metrics.RatisMetrics (RatisMetrics.java:lambda$create$0(36)) - Creating Metrics Registry : ratis.leader_election.ae07f068-47ba-4716-bac5-3cb4c79fd2be@group-2B781C67474A
2020-12-11 11:59:09,119 [pool-491-thread-1] INFO  metrics.RatisMetrics (RatisMetrics.java:lambda$create$0(36)) - Creating Metrics Registry : ratis.server.ae07f068-47ba-4716-bac5-3cb4c79fd2be@group-2B781C67474A
2020-12-11 11:59:09,120 [pool-491-thread-1] INFO  impl.RaftServerImpl (RaftServerImpl.java:start(215)) - ae07f068-47ba-4716-bac5-3cb4c79fd2be@group-2B781C67474A: start as a follower, conf=-1: [ae07f068-47ba-4716-bac5-3cb4c79fd2be|rpc:172.17.0.2:44007, d20057ad-1402-4c9c-a7ab-3e414ff49065|rpc:172.17.0.2:44809, 3242355b-cd6b-427d-b7e9-4ae74739cb3e|rpc:172.17.0.2:42589], old=null
2020-12-11 11:59:09,120 [pool-491-thread-1] INFO  impl.RaftServerImpl (RaftServerImpl.java:setRole(204)) - ae07f068-47ba-4716-bac5-3cb4c79fd2be@group-2B781C67474A: changes role from      null to FOLLOWER at term 0 for startAsFollower
2020-12-11 11:59:09,120 [pool-491-thread-1] INFO  impl.RoleInfo (RoleInfo.java:updateAndGet(143)) - ae07f068-47ba-4716-bac5-3cb4c79fd2be: start ae07f068-47ba-4716-bac5-3cb4c79fd2be@group-2B781C67474A-FollowerState
2020-12-11 11:59:09,120 [pool-491-thread-1] INFO  util.JmxRegister (JmxRegister.java:tryRegister(44)) - Successfully registered JMX Bean with object name Ratis:service=RaftServer,group=group-2B781C67474A,id=ae07f068-47ba-4716-bac5-3cb4c79fd2be
2020-12-11 11:59:09,120 [pool-491-thread-1] INFO  metrics.RatisMetrics (RatisMetrics.java:lambda$create$0(36)) - Creating Metrics Registry : ratis.state_machine.ae07f068-47ba-4716-bac5-3cb4c79fd2be@group-2B781C67474A
2020-12-11 11:59:09,122 [Command processor thread] INFO  metrics.RatisMetrics (RatisMetrics.java:lambda$create$0(36)) - Creating Metrics Registry : ratis.client_message_metrics.client-D439EEBD4E1C->3242355b-cd6b-427d-b7e9-4ae74739cb3e
2020-12-11 11:59:09,128 [grpc-default-executor-0] INFO  metrics.RatisMetrics (RatisMetrics.java:lambda$create$0(36)) - Creating Metrics Registry : ratis.server_message_metrics.3242355b-cd6b-427d-b7e9-4ae74739cb3e
2020-12-11 11:59:09,130 [grpc-default-executor-0] INFO  impl.RaftServerProxy (RaftServerProxy.java:addNew(93)) - 3242355b-cd6b-427d-b7e9-4ae74739cb3e: addNew group-2B781C67474A:[ae07f068-47ba-4716-bac5-3cb4c79fd2be|rpc:172.17.0.2:44007|dataStream:, d20057ad-1402-4c9c-a7ab-3e414ff49065|rpc:172.17.0.2:44809|dataStream:, 3242355b-cd6b-427d-b7e9-4ae74739cb3e|rpc:172.17.0.2:42589|dataStream:] returns group-2B781C67474A:java.util.concurrent.CompletableFuture@41dad97d[Not completed]
2020-12-11 11:59:09,131 [pool-507-thread-1] INFO  impl.RaftServerImpl (RaftServerImpl.java:<init>(121)) - 3242355b-cd6b-427d-b7e9-4ae74739cb3e: new RaftServerImpl for group-2B781C67474A:[ae07f068-47ba-4716-bac5-3cb4c79fd2be|rpc:172.17.0.2:44007|dataStream:, d20057ad-1402-4c9c-a7ab-3e414ff49065|rpc:172.17.0.2:44809|dataStream:, 3242355b-cd6b-427d-b7e9-4ae74739cb3e|rpc:172.17.0.2:42589|dataStream:] with ContainerStateMachine:uninitialized
2020-12-11 11:59:09,133 [pool-507-thread-1] INFO  server.RaftServerConfigKeys (ConfUtils.java:logGet(44)) - raft.server.rpc.timeout.min = 5s (custom)
2020-12-11 11:59:09,134 [pool-507-thread-1] INFO  server.RaftServerConfigKeys (ConfUtils.java:logGet(44)) - raft.server.rpc.timeout.max = 5200ms (custom)
2020-12-11 11:59:09,134 [pool-507-thread-1] INFO  server.RaftServerConfigKeys (ConfUtils.java:logGet(44)) - raft.server.rpc.slowness.timeout = 300000ms (custom)
2020-12-11 11:59:09,134 [pool-507-thread-1] INFO  server.RaftServerConfigKeys (ConfUtils.java:logGet(44)) - raft.server.leaderelection.leader.step-down.wait-time = 10s (default)
2020-12-11 11:59:09,134 [pool-507-thread-1] INFO  server.RaftServerConfigKeys (ConfUtils.java:logGet(44)) - raft.server.sleep.deviation.threshold = 300 (default)
2020-12-11 11:59:09,134 [pool-507-thread-1] INFO  server.RaftServerConfigKeys (ConfUtils.java:logGet(44)) - raft.server.log.appender.install.snapshot.enabled = false (custom)
2020-12-11 11:59:09,134 [pool-507-thread-1] INFO  impl.RaftServerImpl (ServerState.java:<init>(104)) - 3242355b-cd6b-427d-b7e9-4ae74739cb3e@group-2B781C67474A: ConfigurationManager, init=-1: [ae07f068-47ba-4716-bac5-3cb4c79fd2be|rpc:172.17.0.2:44007|dataStream:, d20057ad-1402-4c9c-a7ab-3e414ff49065|rpc:172.17.0.2:44809|dataStream:, 3242355b-cd6b-427d-b7e9-4ae74739cb3e|rpc:172.17.0.2:42589|dataStream:], old=null, confs=<EMPTY_MAP>
2020-12-11 11:59:09,134 [pool-507-thread-1] INFO  server.RaftServerConfigKeys (ConfUtils.java:logGet(44)) - raft.server.storage.dir = [/github/workspace/mnt/ozone/hadoop-ozone/integration-test/target/test-dir/MiniOzoneClusterImpl-9e77629d-1495-4101-8eb0-46d1fa4d7a32/datanode-7/data/ratis] (custom)
2020-12-11 11:59:09,135 [pool-507-thread-1] INFO  server.RaftServerConfigKeys (ConfUtils.java:logGet(44)) - raft.server.log.corruption.policy = EXCEPTION (default)
2020-12-11 11:59:09,135 [pool-507-thread-1] INFO  storage.RaftStorageDirectory (RaftStorageDirectory.java:analyzeStorage(261)) - The storage directory /github/workspace/mnt/ozone/hadoop-ozone/integration-test/target/test-dir/MiniOzoneClusterImpl-9e77629d-1495-4101-8eb0-46d1fa4d7a32/datanode-7/data/ratis/f00d53d6-af4b-4142-9e13-2b781c67474a does not exist. Creating ...
2020-12-11 11:59:09,137 [pool-507-thread-1] INFO  storage.RaftStorageDirectory (RaftStorageDirectory.java:tryLock(343)) - Lock on /github/workspace/mnt/ozone/hadoop-ozone/integration-test/target/test-dir/MiniOzoneClusterImpl-9e77629d-1495-4101-8eb0-46d1fa4d7a32/datanode-7/data/ratis/f00d53d6-af4b-4142-9e13-2b781c67474a/in_use.lock acquired by nodename 1858@302fe02fdb76
2020-12-11 11:59:09,139 [pool-507-thread-1] INFO  storage.RaftStorage (RaftStorage.java:format(85)) - Storage directory /github/workspace/mnt/ozone/hadoop-ozone/integration-test/target/test-dir/MiniOzoneClusterImpl-9e77629d-1495-4101-8eb0-46d1fa4d7a32/datanode-7/data/ratis/f00d53d6-af4b-4142-9e13-2b781c67474a has been successfully formatted.
2020-12-11 11:59:09,140 [pool-507-thread-1] INFO  ratis.ContainerStateMachine (ContainerStateMachine.java:loadSnapshot(225)) - group-2B781C67474A: The snapshot info is null. Setting the last applied indexto:(t:0, i:~)
2020-12-11 11:59:09,141 [pool-507-thread-1] INFO  server.RaftServerConfigKeys (ConfUtils.java:logGet(44)) - raft.server.notification.no-leader.timeout = 300000ms (custom)
2020-12-11 11:59:09,141 [pool-507-thread-1] INFO  server.RaftServerConfigKeys (ConfUtils.java:logGet(44)) - raft.server.log.use.memory = false (default)
2020-12-11 11:59:09,141 [pool-507-thread-1] INFO  server.RaftServerConfigKeys (ConfUtils.java:logGet(44)) - raft.server.log.purge.gap = 1000000 (custom)
2020-12-11 11:59:09,141 [pool-507-thread-1] INFO  metrics.RatisMetrics (RatisMetrics.java:lambda$create$0(36)) - Creating Metrics Registry : ratis.log_worker.3242355b-cd6b-427d-b7e9-4ae74739cb3e@group-2B781C67474A
2020-12-11 11:59:09,142 [EventQueue-PipelineReportForOneReplicaPipelineSafeModeRule] INFO  safemode.SCMSafeModeManager (SCMSafeModeManager.java:validateSafeModeExitRules(214)) - AtleastOneDatanodeReportedRule rule is successfully validated
2020-12-11 11:59:09,142 [pool-507-thread-1] INFO  server.RaftServerConfigKeys (ConfUtils.java:logGet(44)) - raft.server.log.appender.buffer.byte-limit = 33554432 (custom)
2020-12-11 11:59:09,142 [pool-507-thread-1] INFO  server.RaftServerConfigKeys (ConfUtils.java:logGet(44)) - raft.server.log.segment.size.max = 1048576 (custom)
2020-12-11 11:59:09,143 [pool-507-thread-1] INFO  server.RaftServerConfigKeys (ConfUtils.java:logGet(44)) - raft.server.log.segment.cache.num.max = 2 (custom)
2020-12-11 11:59:09,143 [pool-507-thread-1] INFO  segmented.SegmentedRaftLogWorker (SegmentedRaftLogWorker.java:<init>(180)) - new 3242355b-cd6b-427d-b7e9-4ae74739cb3e@group-2B781C67474A-SegmentedRaftLogWorker for RaftStorage:Storage Directory /github/workspace/mnt/ozone/hadoop-ozone/integration-test/target/test-dir/MiniOzoneClusterImpl-9e77629d-1495-4101-8eb0-46d1fa4d7a32/datanode-7/data/ratis/f00d53d6-af4b-4142-9e13-2b781c67474a
2020-12-11 11:59:09,143 [pool-507-thread-1] INFO  server.RaftServerConfigKeys (ConfUtils.java:logGet(44)) - raft.server.log.queue.byte-limit = 2147483647 (custom)
2020-12-11 11:59:09,143 [pool-507-thread-1] INFO  server.RaftServerConfigKeys (ConfUtils.java:logGet(44)) - raft.server.log.queue.element-limit = 1024 (custom)
2020-12-11 11:59:09,143 [pool-507-thread-1] INFO  server.RaftServerConfigKeys (ConfUtils.java:logGet(44)) - raft.server.log.segment.size.max = 1048576 (custom)
2020-12-11 11:59:09,143 [pool-507-thread-1] INFO  server.RaftServerConfigKeys (ConfUtils.java:logGet(44)) - raft.server.log.preallocated.size = 16384 (custom)
2020-12-11 11:59:09,143 [pool-507-thread-1] INFO  server.RaftServerConfigKeys (ConfUtils.java:logGet(44)) - raft.server.log.write.buffer.size = 1048576 (custom)
2020-12-11 11:59:09,143 [pool-507-thread-1] INFO  server.RaftServerConfigKeys (ConfUtils.java:logGet(44)) - raft.server.log.force.sync.num = 128 (default)
2020-12-11 11:59:09,143 [pool-507-thread-1] INFO  server.RaftServerConfigKeys (ConfUtils.java:logGet(44)) - raft.server.log.statemachine.data.sync = true (default)
2020-12-11 11:59:09,144 [pool-507-thread-1] INFO  server.RaftServerConfigKeys (ConfUtils.java:logGet(44)) - raft.server.log.statemachine.data.sync.timeout = 10s (default)
2020-12-11 11:59:09,144 [pool-507-thread-1] INFO  server.RaftServerConfigKeys (ConfUtils.java:logGet(44)) - raft.server.log.statemachine.data.sync.timeout.retry = -1 (default)
2020-12-11 11:59:09,146 [pool-507-thread-1] INFO  server.RaftServerConfigKeys (ConfUtils.java:logGet(44)) - raft.server.log.statemachine.data.caching.enabled = true (custom)
2020-12-11 11:59:09,146 [pool-507-thread-1] INFO  segmented.SegmentedRaftLogWorker (SegmentedRaftLogWorker.java:lambda$new$0(129)) - 3242355b-cd6b-427d-b7e9-4ae74739cb3e@group-2B781C67474A-SegmentedRaftLogWorker: flushIndex: setUnconditionally 0 -> -1
2020-12-11 11:59:09,147 [pool-507-thread-1] INFO  segmented.SegmentedRaftLogWorker (SegmentedRaftLogWorker.java:lambda$new$0(129)) - 3242355b-cd6b-427d-b7e9-4ae74739cb3e@group-2B781C67474A-SegmentedRaftLogWorker: safeCacheEvictIndex: setUnconditionally 0 -> -1
2020-12-11 11:59:09,147 [pool-507-thread-1] INFO  server.RaftServerConfigKeys (ConfUtils.java:logGet(44)) - raft.server.snapshot.auto.trigger.enabled = true (custom)
2020-12-11 11:59:09,147 [pool-507-thread-1] INFO  server.RaftServerConfigKeys (ConfUtils.java:logGet(44)) - raft.server.snapshot.auto.trigger.threshold = 10000 (custom)
2020-12-11 11:59:09,147 [pool-507-thread-1] INFO  server.RaftServerConfigKeys (ConfUtils.java:logGet(44)) - raft.server.snapshot.retention.file.num = 5 (custom)
2020-12-11 11:59:09,147 [pool-507-thread-1] INFO  server.RaftServerConfigKeys (ConfUtils.java:logGet(44)) - raft.server.log.purge.upto.snapshot.index = false (default)
2020-12-11 11:59:09,147 [pool-507-thread-1] INFO  server.RaftServerConfigKeys (ConfUtils.java:logGet(44)) - raft.server.retrycache.expirytime = 600000ms (custom)
2020-12-11 11:59:09,148 [pool-507-thread-1] INFO  metrics.RatisMetrics (RatisMetrics.java:lambda$create$0(36)) - Creating Metrics Registry : ratis.leader_election.3242355b-cd6b-427d-b7e9-4ae74739cb3e@group-2B781C67474A
2020-12-11 11:59:09,148 [pool-507-thread-1] INFO  metrics.RatisMetrics (RatisMetrics.java:lambda$create$0(36)) - Creating Metrics Registry : ratis.server.3242355b-cd6b-427d-b7e9-4ae74739cb3e@group-2B781C67474A
2020-12-11 11:59:09,150 [pool-507-thread-1] INFO  impl.RaftServerImpl (RaftServerImpl.java:start(215)) - 3242355b-cd6b-427d-b7e9-4ae74739cb3e@group-2B781C67474A: start as a follower, conf=-1: [ae07f068-47ba-4716-bac5-3cb4c79fd2be|rpc:172.17.0.2:44007|dataStream:, d20057ad-1402-4c9c-a7ab-3e414ff49065|rpc:172.17.0.2:44809|dataStream:, 3242355b-cd6b-427d-b7e9-4ae74739cb3e|rpc:172.17.0.2:42589|dataStream:], old=null
2020-12-11 11:59:09,150 [pool-507-thread-1] INFO  impl.RaftServerImpl (RaftServerImpl.java:setRole(204)) - 3242355b-cd6b-427d-b7e9-4ae74739cb3e@group-2B781C67474A: changes role from      null to FOLLOWER at term 0 for startAsFollower
2020-12-11 11:59:09,150 [pool-507-thread-1] INFO  impl.RoleInfo (RoleInfo.java:updateAndGet(143)) - 3242355b-cd6b-427d-b7e9-4ae74739cb3e: start 3242355b-cd6b-427d-b7e9-4ae74739cb3e@group-2B781C67474A-FollowerState
2020-12-11 11:59:09,151 [pool-507-thread-1] INFO  util.JmxRegister (JmxRegister.java:tryRegister(44)) - Successfully registered JMX Bean with object name Ratis:service=RaftServer,group=group-2B781C67474A,id=3242355b-cd6b-427d-b7e9-4ae74739cb3e
2020-12-11 11:59:09,151 [pool-507-thread-1] INFO  metrics.RatisMetrics (RatisMetrics.java:lambda$create$0(36)) - Creating Metrics Registry : ratis.state_machine.3242355b-cd6b-427d-b7e9-4ae74739cb3e@group-2B781C67474A
2020-12-11 11:59:09,159 [Command processor thread] INFO  metrics.RatisMetrics (RatisMetrics.java:lambda$create$0(36)) - Creating Metrics Registry : ratis.client_message_metrics.client-405556345A61->d20057ad-1402-4c9c-a7ab-3e414ff49065
2020-12-11 11:59:09,164 [grpc-default-executor-0] INFO  metrics.RatisMetrics (RatisMetrics.java:lambda$create$0(36)) - Creating Metrics Registry : ratis.server_message_metrics.d20057ad-1402-4c9c-a7ab-3e414ff49065
2020-12-11 11:59:09,167 [grpc-default-executor-0] INFO  impl.RaftServerProxy (RaftServerProxy.java:addNew(93)) - d20057ad-1402-4c9c-a7ab-3e414ff49065: addNew group-2B781C67474A:[ae07f068-47ba-4716-bac5-3cb4c79fd2be|rpc:172.17.0.2:44007|dataStream:, d20057ad-1402-4c9c-a7ab-3e414ff49065|rpc:172.17.0.2:44809|dataStream:, 3242355b-cd6b-427d-b7e9-4ae74739cb3e|rpc:172.17.0.2:42589|dataStream:] returns group-2B781C67474A:java.util.concurrent.CompletableFuture@50b67f48[Not completed]
2020-12-11 11:59:09,168 [pool-523-thread-1] INFO  impl.RaftServerImpl (RaftServerImpl.java:<init>(121)) - d20057ad-1402-4c9c-a7ab-3e414ff49065: new RaftServerImpl for group-2B781C67474A:[ae07f068-47ba-4716-bac5-3cb4c79fd2be|rpc:172.17.0.2:44007|dataStream:, d20057ad-1402-4c9c-a7ab-3e414ff49065|rpc:172.17.0.2:44809|dataStream:, 3242355b-cd6b-427d-b7e9-4ae74739cb3e|rpc:172.17.0.2:42589|dataStream:] with ContainerStateMachine:uninitialized
2020-12-11 11:59:09,168 [pool-523-thread-1] INFO  server.RaftServerConfigKeys (ConfUtils.java:logGet(44)) - raft.server.rpc.timeout.min = 5s (custom)
2020-12-11 11:59:09,168 [pool-523-thread-1] INFO  server.RaftServerConfigKeys (ConfUtils.java:logGet(44)) - raft.server.rpc.timeout.max = 5200ms (custom)
2020-12-11 11:59:09,169 [pool-523-thread-1] INFO  server.RaftServerConfigKeys (ConfUtils.java:logGet(44)) - raft.server.rpc.slowness.timeout = 300000ms (custom)
2020-12-11 11:59:09,169 [pool-523-thread-1] INFO  server.RaftServerConfigKeys (ConfUtils.java:logGet(44)) - raft.server.leaderelection.leader.step-down.wait-time = 10s (default)
2020-12-11 11:59:09,169 [pool-523-thread-1] INFO  server.RaftServerConfigKeys (ConfUtils.java:logGet(44)) - raft.server.sleep.deviation.threshold = 300 (default)
2020-12-11 11:59:09,169 [pool-523-thread-1] INFO  server.RaftServerConfigKeys (ConfUtils.java:logGet(44)) - raft.server.log.appender.install.snapshot.enabled = false (custom)
2020-12-11 11:59:09,169 [pool-523-thread-1] INFO  impl.RaftServerImpl (ServerState.java:<init>(104)) - d20057ad-1402-4c9c-a7ab-3e414ff49065@group-2B781C67474A: ConfigurationManager, init=-1: [ae07f068-47ba-4716-bac5-3cb4c79fd2be|rpc:172.17.0.2:44007|dataStream:, d20057ad-1402-4c9c-a7ab-3e414ff49065|rpc:172.17.0.2:44809|dataStream:, 3242355b-cd6b-427d-b7e9-4ae74739cb3e|rpc:172.17.0.2:42589|dataStream:], old=null, confs=<EMPTY_MAP>
2020-12-11 11:59:09,169 [pool-523-thread-1] INFO  server.RaftServerConfigKeys (ConfUtils.java:logGet(44)) - raft.server.storage.dir = [/github/workspace/mnt/ozone/hadoop-ozone/integration-test/target/test-dir/MiniOzoneClusterImpl-9e77629d-1495-4101-8eb0-46d1fa4d7a32/datanode-8/data/ratis] (custom)
2020-12-11 11:59:09,169 [pool-523-thread-1] INFO  server.RaftServerConfigKeys (ConfUtils.java:logGet(44)) - raft.server.log.corruption.policy = EXCEPTION (default)
2020-12-11 11:59:09,169 [pool-523-thread-1] INFO  storage.RaftStorageDirectory (RaftStorageDirectory.java:analyzeStorage(261)) - The storage directory /github/workspace/mnt/ozone/hadoop-ozone/integration-test/target/test-dir/MiniOzoneClusterImpl-9e77629d-1495-4101-8eb0-46d1fa4d7a32/datanode-8/data/ratis/f00d53d6-af4b-4142-9e13-2b781c67474a does not exist. Creating ...
2020-12-11 11:59:09,170 [pool-523-thread-1] INFO  storage.RaftStorageDirectory (RaftStorageDirectory.java:tryLock(343)) - Lock on /github/workspace/mnt/ozone/hadoop-ozone/integration-test/target/test-dir/MiniOzoneClusterImpl-9e77629d-1495-4101-8eb0-46d1fa4d7a32/datanode-8/data/ratis/f00d53d6-af4b-4142-9e13-2b781c67474a/in_use.lock acquired by nodename 1858@302fe02fdb76
2020-12-11 11:59:09,172 [pool-523-thread-1] INFO  storage.RaftStorage (RaftStorage.java:format(85)) - Storage directory /github/workspace/mnt/ozone/hadoop-ozone/integration-test/target/test-dir/MiniOzoneClusterImpl-9e77629d-1495-4101-8eb0-46d1fa4d7a32/datanode-8/data/ratis/f00d53d6-af4b-4142-9e13-2b781c67474a has been successfully formatted.
2020-12-11 11:59:09,173 [pool-523-thread-1] INFO  ratis.ContainerStateMachine (ContainerStateMachine.java:loadSnapshot(225)) - group-2B781C67474A: The snapshot info is null. Setting the last applied indexto:(t:0, i:~)
2020-12-11 11:59:09,173 [pool-523-thread-1] INFO  server.RaftServerConfigKeys (ConfUtils.java:logGet(44)) - raft.server.notification.no-leader.timeout = 300000ms (custom)
2020-12-11 11:59:09,174 [pool-523-thread-1] INFO  server.RaftServerConfigKeys (ConfUtils.java:logGet(44)) - raft.server.log.use.memory = false (default)
2020-12-11 11:59:09,174 [pool-523-thread-1] INFO  server.RaftServerConfigKeys (ConfUtils.java:logGet(44)) - raft.server.log.purge.gap = 1000000 (custom)
2020-12-11 11:59:09,174 [pool-523-thread-1] INFO  metrics.RatisMetrics (RatisMetrics.java:lambda$create$0(36)) - Creating Metrics Registry : ratis.log_worker.d20057ad-1402-4c9c-a7ab-3e414ff49065@group-2B781C67474A
2020-12-11 11:59:09,174 [EventQueue-PipelineReportForOneReplicaPipelineSafeModeRule] INFO  safemode.SCMSafeModeManager (SCMSafeModeManager.java:validateSafeModeExitRules(214)) - AtleastOneDatanodeReportedRule rule is successfully validated
2020-12-11 11:59:09,174 [pool-523-thread-1] INFO  server.RaftServerConfigKeys (ConfUtils.java:logGet(44)) - raft.server.log.appender.buffer.byte-limit = 33554432 (custom)
2020-12-11 11:59:09,174 [pool-523-thread-1] INFO  server.RaftServerConfigKeys (ConfUtils.java:logGet(44)) - raft.server.log.segment.size.max = 1048576 (custom)
2020-12-11 11:59:09,175 [pool-523-thread-1] INFO  server.RaftServerConfigKeys (ConfUtils.java:logGet(44)) - raft.server.log.segment.cache.num.max = 2 (custom)
2020-12-11 11:59:09,175 [pool-523-thread-1] INFO  segmented.SegmentedRaftLogWorker (SegmentedRaftLogWorker.java:<init>(180)) - new d20057ad-1402-4c9c-a7ab-3e414ff49065@group-2B781C67474A-SegmentedRaftLogWorker for RaftStorage:Storage Directory /github/workspace/mnt/ozone/hadoop-ozone/integration-test/target/test-dir/MiniOzoneClusterImpl-9e77629d-1495-4101-8eb0-46d1fa4d7a32/datanode-8/data/ratis/f00d53d6-af4b-4142-9e13-2b781c67474a
2020-12-11 11:59:09,175 [pool-523-thread-1] INFO  server.RaftServerConfigKeys (ConfUtils.java:logGet(44)) - raft.server.log.queue.byte-limit = 2147483647 (custom)
2020-12-11 11:59:09,175 [pool-523-thread-1] INFO  server.RaftServerConfigKeys (ConfUtils.java:logGet(44)) - raft.server.log.queue.element-limit = 1024 (custom)
2020-12-11 11:59:09,175 [pool-523-thread-1] INFO  server.RaftServerConfigKeys (ConfUtils.java:logGet(44)) - raft.server.log.segment.size.max = 1048576 (custom)
2020-12-11 11:59:09,175 [pool-523-thread-1] INFO  server.RaftServerConfigKeys (ConfUtils.java:logGet(44)) - raft.server.log.preallocated.size = 16384 (custom)
2020-12-11 11:59:09,175 [pool-523-thread-1] INFO  server.RaftServerConfigKeys (ConfUtils.java:logGet(44)) - raft.server.log.write.buffer.size = 1048576 (custom)
2020-12-11 11:59:09,175 [pool-523-thread-1] INFO  server.RaftServerConfigKeys (ConfUtils.java:logGet(44)) - raft.server.log.force.sync.num = 128 (default)
2020-12-11 11:59:09,175 [pool-523-thread-1] INFO  server.RaftServerConfigKeys (ConfUtils.java:logGet(44)) - raft.server.log.statemachine.data.sync = true (default)
2020-12-11 11:59:09,175 [pool-523-thread-1] INFO  server.RaftServerConfigKeys (ConfUtils.java:logGet(44)) - raft.server.log.statemachine.data.sync.timeout = 10s (default)
2020-12-11 11:59:09,175 [pool-523-thread-1] INFO  server.RaftServerConfigKeys (ConfUtils.java:logGet(44)) - raft.server.log.statemachine.data.sync.timeout.retry = -1 (default)
2020-12-11 11:59:09,177 [pool-523-thread-1] INFO  server.RaftServerConfigKeys (ConfUtils.java:logGet(44)) - raft.server.log.statemachine.data.caching.enabled = true (custom)
2020-12-11 11:59:09,177 [pool-523-thread-1] INFO  segmented.SegmentedRaftLogWorker (SegmentedRaftLogWorker.java:lambda$new$0(129)) - d20057ad-1402-4c9c-a7ab-3e414ff49065@group-2B781C67474A-SegmentedRaftLogWorker: flushIndex: setUnconditionally 0 -> -1
2020-12-11 11:59:09,177 [pool-523-thread-1] INFO  segmented.SegmentedRaftLogWorker (SegmentedRaftLogWorker.java:lambda$new$0(129)) - d20057ad-1402-4c9c-a7ab-3e414ff49065@group-2B781C67474A-SegmentedRaftLogWorker: safeCacheEvictIndex: setUnconditionally 0 -> -1
2020-12-11 11:59:09,177 [pool-523-thread-1] INFO  server.RaftServerConfigKeys (ConfUtils.java:logGet(44)) - raft.server.snapshot.auto.trigger.enabled = true (custom)
2020-12-11 11:59:09,178 [pool-523-thread-1] INFO  server.RaftServerConfigKeys (ConfUtils.java:logGet(44)) - raft.server.snapshot.auto.trigger.threshold = 10000 (custom)
2020-12-11 11:59:09,178 [pool-523-thread-1] INFO  server.RaftServerConfigKeys (ConfUtils.java:logGet(44)) - raft.server.snapshot.retention.file.num = 5 (custom)
2020-12-11 11:59:09,178 [pool-523-thread-1] INFO  server.RaftServerConfigKeys (ConfUtils.java:logGet(44)) - raft.server.log.purge.upto.snapshot.index = false (default)
2020-12-11 11:59:09,178 [pool-523-thread-1] INFO  server.RaftServerConfigKeys (ConfUtils.java:logGet(44)) - raft.server.retrycache.expirytime = 600000ms (custom)
2020-12-11 11:59:09,178 [pool-523-thread-1] INFO  metrics.RatisMetrics (RatisMetrics.java:lambda$create$0(36)) - Creating Metrics Registry : ratis.leader_election.d20057ad-1402-4c9c-a7ab-3e414ff49065@group-2B781C67474A
2020-12-11 11:59:09,178 [pool-523-thread-1] INFO  metrics.RatisMetrics (RatisMetrics.java:lambda$create$0(36)) - Creating Metrics Registry : ratis.server.d20057ad-1402-4c9c-a7ab-3e414ff49065@group-2B781C67474A
2020-12-11 11:59:09,180 [pool-523-thread-1] INFO  impl.RaftServerImpl (RaftServerImpl.java:start(215)) - d20057ad-1402-4c9c-a7ab-3e414ff49065@group-2B781C67474A: start as a follower, conf=-1: [ae07f068-47ba-4716-bac5-3cb4c79fd2be|rpc:172.17.0.2:44007|dataStream:, d20057ad-1402-4c9c-a7ab-3e414ff49065|rpc:172.17.0.2:44809|dataStream:, 3242355b-cd6b-427d-b7e9-4ae74739cb3e|rpc:172.17.0.2:42589|dataStream:], old=null
2020-12-11 11:59:09,180 [pool-523-thread-1] INFO  impl.RaftServerImpl (RaftServerImpl.java:setRole(204)) - d20057ad-1402-4c9c-a7ab-3e414ff49065@group-2B781C67474A: changes role from      null to FOLLOWER at term 0 for startAsFollower
2020-12-11 11:59:09,180 [pool-523-thread-1] INFO  impl.RoleInfo (RoleInfo.java:updateAndGet(143)) - d20057ad-1402-4c9c-a7ab-3e414ff49065: start d20057ad-1402-4c9c-a7ab-3e414ff49065@group-2B781C67474A-FollowerState
2020-12-11 11:59:09,181 [pool-523-thread-1] INFO  util.JmxRegister (JmxRegister.java:tryRegister(44)) - Successfully registered JMX Bean with object name Ratis:service=RaftServer,group=group-2B781C67474A,id=d20057ad-1402-4c9c-a7ab-3e414ff49065
2020-12-11 11:59:09,181 [pool-523-thread-1] INFO  metrics.RatisMetrics (RatisMetrics.java:lambda$create$0(36)) - Creating Metrics Registry : ratis.state_machine.d20057ad-1402-4c9c-a7ab-3e414ff49065@group-2B781C67474A
2020-12-11 11:59:09,186 [Command processor thread] INFO  commandhandler.CreatePipelineCommandHandler (CreatePipelineCommandHandler.java:handle(106)) - Created Pipeline RATIS THREE PipelineID=f00d53d6-af4b-4142-9e13-2b781c67474a.
2020-12-11 11:59:09,328 [Command processor thread] INFO  impl.RaftServerProxy (RaftServerProxy.java:addNew(93)) - 3242355b-cd6b-427d-b7e9-4ae74739cb3e: addNew group-334B7FB6A8C8:[3242355b-cd6b-427d-b7e9-4ae74739cb3e|rpc:172.17.0.2:42589] returns group-334B7FB6A8C8:java.util.concurrent.CompletableFuture@11ebed1d[Not completed]
2020-12-11 11:59:09,329 [pool-507-thread-1] INFO  impl.RaftServerImpl (RaftServerImpl.java:<init>(121)) - 3242355b-cd6b-427d-b7e9-4ae74739cb3e: new RaftServerImpl for group-334B7FB6A8C8:[3242355b-cd6b-427d-b7e9-4ae74739cb3e|rpc:172.17.0.2:42589] with ContainerStateMachine:uninitialized
2020-12-11 11:59:09,329 [pool-507-thread-1] INFO  server.RaftServerConfigKeys (ConfUtils.java:logGet(44)) - raft.server.rpc.timeout.min = 5s (custom)
2020-12-11 11:59:09,329 [pool-507-thread-1] INFO  server.RaftServerConfigKeys (ConfUtils.java:logGet(44)) - raft.server.rpc.timeout.max = 5200ms (custom)
2020-12-11 11:59:09,329 [pool-507-thread-1] INFO  server.RaftServerConfigKeys (ConfUtils.java:logGet(44)) - raft.server.rpc.slowness.timeout = 300000ms (custom)
2020-12-11 11:59:09,329 [pool-507-thread-1] INFO  server.RaftServerConfigKeys (ConfUtils.java:logGet(44)) - raft.server.leaderelection.leader.step-down.wait-time = 10s (default)
2020-12-11 11:59:09,329 [pool-507-thread-1] INFO  server.RaftServerConfigKeys (ConfUtils.java:logGet(44)) - raft.server.sleep.deviation.threshold = 300 (default)
2020-12-11 11:59:09,329 [pool-507-thread-1] INFO  server.RaftServerConfigKeys (ConfUtils.java:logGet(44)) - raft.server.log.appender.install.snapshot.enabled = false (custom)
2020-12-11 11:59:09,329 [pool-507-thread-1] INFO  impl.RaftServerImpl (ServerState.java:<init>(104)) - 3242355b-cd6b-427d-b7e9-4ae74739cb3e@group-334B7FB6A8C8: ConfigurationManager, init=-1: [3242355b-cd6b-427d-b7e9-4ae74739cb3e|rpc:172.17.0.2:42589], old=null, confs=<EMPTY_MAP>
2020-12-11 11:59:09,330 [pool-507-thread-1] INFO  server.RaftServerConfigKeys (ConfUtils.java:logGet(44)) - raft.server.storage.dir = [/github/workspace/mnt/ozone/hadoop-ozone/integration-test/target/test-dir/MiniOzoneClusterImpl-9e77629d-1495-4101-8eb0-46d1fa4d7a32/datanode-7/data/ratis] (custom)
2020-12-11 11:59:09,330 [pool-507-thread-1] INFO  server.RaftServerConfigKeys (ConfUtils.java:logGet(44)) - raft.server.log.corruption.policy = EXCEPTION (default)
2020-12-11 11:59:09,330 [pool-507-thread-1] INFO  storage.RaftStorageDirectory (RaftStorageDirectory.java:analyzeStorage(261)) - The storage directory /github/workspace/mnt/ozone/hadoop-ozone/integration-test/target/test-dir/MiniOzoneClusterImpl-9e77629d-1495-4101-8eb0-46d1fa4d7a32/datanode-7/data/ratis/2abef12b-fd27-442d-9f49-334b7fb6a8c8 does not exist. Creating ...
2020-12-11 11:59:09,331 [pool-507-thread-1] INFO  storage.RaftStorageDirectory (RaftStorageDirectory.java:tryLock(343)) - Lock on /github/workspace/mnt/ozone/hadoop-ozone/integration-test/target/test-dir/MiniOzoneClusterImpl-9e77629d-1495-4101-8eb0-46d1fa4d7a32/datanode-7/data/ratis/2abef12b-fd27-442d-9f49-334b7fb6a8c8/in_use.lock acquired by nodename 1858@302fe02fdb76
2020-12-11 11:59:09,333 [pool-507-thread-1] INFO  storage.RaftStorage (RaftStorage.java:format(85)) - Storage directory /github/workspace/mnt/ozone/hadoop-ozone/integration-test/target/test-dir/MiniOzoneClusterImpl-9e77629d-1495-4101-8eb0-46d1fa4d7a32/datanode-7/data/ratis/2abef12b-fd27-442d-9f49-334b7fb6a8c8 has been successfully formatted.
2020-12-11 11:59:09,334 [pool-507-thread-1] INFO  ratis.ContainerStateMachine (ContainerStateMachine.java:loadSnapshot(225)) - group-334B7FB6A8C8: The snapshot info is null. Setting the last applied indexto:(t:0, i:~)
2020-12-11 11:59:09,334 [pool-507-thread-1] INFO  server.RaftServerConfigKeys (ConfUtils.java:logGet(44)) - raft.server.notification.no-leader.timeout = 300000ms (custom)
2020-12-11 11:59:09,334 [pool-507-thread-1] INFO  server.RaftServerConfigKeys (ConfUtils.java:logGet(44)) - raft.server.log.use.memory = false (default)
2020-12-11 11:59:09,334 [pool-507-thread-1] INFO  server.RaftServerConfigKeys (ConfUtils.java:logGet(44)) - raft.server.log.purge.gap = 1000000 (custom)
2020-12-11 11:59:09,335 [pool-507-thread-1] INFO  metrics.RatisMetrics (RatisMetrics.java:lambda$create$0(36)) - Creating Metrics Registry : ratis.log_worker.3242355b-cd6b-427d-b7e9-4ae74739cb3e@group-334B7FB6A8C8
2020-12-11 11:59:09,335 [pool-507-thread-1] INFO  server.RaftServerConfigKeys (ConfUtils.java:logGet(44)) - raft.server.log.appender.buffer.byte-limit = 33554432 (custom)
2020-12-11 11:59:09,335 [pool-507-thread-1] INFO  server.RaftServerConfigKeys (ConfUtils.java:logGet(44)) - raft.server.log.segment.size.max = 1048576 (custom)
2020-12-11 11:59:09,335 [EventQueue-PipelineReportForOneReplicaPipelineSafeModeRule] INFO  safemode.SCMSafeModeManager (SCMSafeModeManager.java:validateSafeModeExitRules(214)) - AtleastOneDatanodeReportedRule rule is successfully validated
2020-12-11 11:59:09,335 [EventQueue-PipelineReportForPipelineReportHandler] INFO  pipeline.PipelineStateManager (PipelineStateManager.java:openPipeline(132)) - Pipeline Pipeline[ Id: 2abef12b-fd27-442d-9f49-334b7fb6a8c8, Nodes: 3242355b-cd6b-427d-b7e9-4ae74739cb3e{ip: 172.17.0.2, host: 302fe02fdb76, networkLocation: /default-rack, certSerialId: null, persistedOpState: IN_SERVICE, persistedOpStateExpiryEpochSec: 0}, Type:RATIS, Factor:ONE, State:ALLOCATED, leaderId:3242355b-cd6b-427d-b7e9-4ae74739cb3e, CreationTimestamp2020-12-11T11:59:06.329Z] moved to OPEN state
2020-12-11 11:59:09,336 [EventQueue-OpenPipelineForHealthyPipelineSafeModeRule] INFO  safemode.SCMSafeModeManager (HealthyPipelineSafeModeRule.java:process(128)) - SCM in safe mode. Healthy pipelines reported count is 0, required healthy pipeline reported count is 1
2020-12-11 11:59:09,336 [pool-507-thread-1] INFO  server.RaftServerConfigKeys (ConfUtils.java:logGet(44)) - raft.server.log.segment.cache.num.max = 2 (custom)
2020-12-11 11:59:09,338 [pool-507-thread-1] INFO  segmented.SegmentedRaftLogWorker (SegmentedRaftLogWorker.java:<init>(180)) - new 3242355b-cd6b-427d-b7e9-4ae74739cb3e@group-334B7FB6A8C8-SegmentedRaftLogWorker for RaftStorage:Storage Directory /github/workspace/mnt/ozone/hadoop-ozone/integration-test/target/test-dir/MiniOzoneClusterImpl-9e77629d-1495-4101-8eb0-46d1fa4d7a32/datanode-7/data/ratis/2abef12b-fd27-442d-9f49-334b7fb6a8c8
2020-12-11 11:59:09,338 [pool-507-thread-1] INFO  server.RaftServerConfigKeys (ConfUtils.java:logGet(44)) - raft.server.log.queue.byte-limit = 2147483647 (custom)
2020-12-11 11:59:09,338 [pool-507-thread-1] INFO  server.RaftServerConfigKeys (ConfUtils.java:logGet(44)) - raft.server.log.queue.element-limit = 1024 (custom)
2020-12-11 11:59:09,338 [pool-507-thread-1] INFO  server.RaftServerConfigKeys (ConfUtils.java:logGet(44)) - raft.server.log.segment.size.max = 1048576 (custom)
2020-12-11 11:59:09,338 [pool-507-thread-1] INFO  server.RaftServerConfigKeys (ConfUtils.java:logGet(44)) - raft.server.log.preallocated.size = 16384 (custom)
2020-12-11 11:59:09,339 [pool-507-thread-1] INFO  server.RaftServerConfigKeys (ConfUtils.java:logGet(44)) - raft.server.log.write.buffer.size = 1048576 (custom)
2020-12-11 11:59:09,339 [pool-507-thread-1] INFO  server.RaftServerConfigKeys (ConfUtils.java:logGet(44)) - raft.server.log.force.sync.num = 128 (default)
2020-12-11 11:59:09,339 [pool-507-thread-1] INFO  server.RaftServerConfigKeys (ConfUtils.java:logGet(44)) - raft.server.log.statemachine.data.sync = true (default)
2020-12-11 11:59:09,339 [pool-507-thread-1] INFO  server.RaftServerConfigKeys (ConfUtils.java:logGet(44)) - raft.server.log.statemachine.data.sync.timeout = 10s (default)
2020-12-11 11:59:09,339 [pool-507-thread-1] INFO  server.RaftServerConfigKeys (ConfUtils.java:logGet(44)) - raft.server.log.statemachine.data.sync.timeout.retry = -1 (default)
2020-12-11 11:59:09,341 [pool-507-thread-1] INFO  server.RaftServerConfigKeys (ConfUtils.java:logGet(44)) - raft.server.log.statemachine.data.caching.enabled = true (custom)
2020-12-11 11:59:09,342 [pool-507-thread-1] INFO  segmented.SegmentedRaftLogWorker (SegmentedRaftLogWorker.java:lambda$new$0(129)) - 3242355b-cd6b-427d-b7e9-4ae74739cb3e@group-334B7FB6A8C8-SegmentedRaftLogWorker: flushIndex: setUnconditionally 0 -> -1
2020-12-11 11:59:09,342 [pool-507-thread-1] INFO  segmented.SegmentedRaftLogWorker (SegmentedRaftLogWorker.java:lambda$new$0(129)) - 3242355b-cd6b-427d-b7e9-4ae74739cb3e@group-334B7FB6A8C8-SegmentedRaftLogWorker: safeCacheEvictIndex: setUnconditionally 0 -> -1
2020-12-11 11:59:09,342 [pool-507-thread-1] INFO  server.RaftServerConfigKeys (ConfUtils.java:logGet(44)) - raft.server.snapshot.auto.trigger.enabled = true (custom)
2020-12-11 11:59:09,343 [pool-507-thread-1] INFO  server.RaftServerConfigKeys (ConfUtils.java:logGet(44)) - raft.server.snapshot.auto.trigger.threshold = 10000 (custom)
2020-12-11 11:59:09,343 [pool-507-thread-1] INFO  server.RaftServerConfigKeys (ConfUtils.java:logGet(44)) - raft.server.snapshot.retention.file.num = 5 (custom)
2020-12-11 11:59:09,343 [pool-507-thread-1] INFO  server.RaftServerConfigKeys (ConfUtils.java:logGet(44)) - raft.server.log.purge.upto.snapshot.index = false (default)
2020-12-11 11:59:09,343 [pool-507-thread-1] INFO  server.RaftServerConfigKeys (ConfUtils.java:logGet(44)) - raft.server.retrycache.expirytime = 600000ms (custom)
2020-12-11 11:59:09,343 [pool-507-thread-1] INFO  metrics.RatisMetrics (RatisMetrics.java:lambda$create$0(36)) - Creating Metrics Registry : ratis.leader_election.3242355b-cd6b-427d-b7e9-4ae74739cb3e@group-334B7FB6A8C8
2020-12-11 11:59:09,344 [pool-507-thread-1] INFO  metrics.RatisMetrics (RatisMetrics.java:lambda$create$0(36)) - Creating Metrics Registry : ratis.server.3242355b-cd6b-427d-b7e9-4ae74739cb3e@group-334B7FB6A8C8
2020-12-11 11:59:09,345 [pool-507-thread-1] INFO  impl.RaftServerImpl (RaftServerImpl.java:start(215)) - 3242355b-cd6b-427d-b7e9-4ae74739cb3e@group-334B7FB6A8C8: start as a follower, conf=-1: [3242355b-cd6b-427d-b7e9-4ae74739cb3e|rpc:172.17.0.2:42589], old=null
2020-12-11 11:59:09,346 [pool-507-thread-1] INFO  impl.RaftServerImpl (RaftServerImpl.java:setRole(204)) - 3242355b-cd6b-427d-b7e9-4ae74739cb3e@group-334B7FB6A8C8: changes role from      null to FOLLOWER at term 0 for startAsFollower
2020-12-11 11:59:09,346 [pool-507-thread-1] INFO  impl.RoleInfo (RoleInfo.java:updateAndGet(143)) - 3242355b-cd6b-427d-b7e9-4ae74739cb3e: start 3242355b-cd6b-427d-b7e9-4ae74739cb3e@group-334B7FB6A8C8-FollowerState
2020-12-11 11:59:09,347 [pool-507-thread-1] INFO  util.JmxRegister (JmxRegister.java:tryRegister(44)) - Successfully registered JMX Bean with object name Ratis:service=RaftServer,group=group-334B7FB6A8C8,id=3242355b-cd6b-427d-b7e9-4ae74739cb3e
2020-12-11 11:59:09,347 [pool-507-thread-1] INFO  metrics.RatisMetrics (RatisMetrics.java:lambda$create$0(36)) - Creating Metrics Registry : ratis.state_machine.3242355b-cd6b-427d-b7e9-4ae74739cb3e@group-334B7FB6A8C8
2020-12-11 11:59:09,348 [Command processor thread] INFO  commandhandler.CreatePipelineCommandHandler (CreatePipelineCommandHandler.java:handle(106)) - Created Pipeline RATIS ONE PipelineID=2abef12b-fd27-442d-9f49-334b7fb6a8c8.
2020-12-11 11:59:09,542 [Listener at 127.0.0.1/32773] INFO  ozone.MiniOzoneClusterImpl (MiniOzoneClusterImpl.java:lambda$waitForClusterToBeReady$0(178)) - Nodes are ready. Got 9 of 9 DN Heartbeats.
2020-12-11 11:59:09,542 [Listener at 127.0.0.1/32773] INFO  ozone.MiniOzoneClusterImpl (MiniOzoneClusterImpl.java:lambda$waitForClusterToBeReady$0(181)) - Waiting for cluster to exit safe mode
2020-12-11 11:59:09,545 [Command processor thread] INFO  impl.RaftServerProxy (RaftServerProxy.java:addNew(93)) - d20057ad-1402-4c9c-a7ab-3e414ff49065: addNew group-695F003AEC91:[d20057ad-1402-4c9c-a7ab-3e414ff49065|rpc:172.17.0.2:44809] returns group-695F003AEC91:java.util.concurrent.CompletableFuture@1c02ec49[Not completed]
2020-12-11 11:59:09,546 [pool-523-thread-1] INFO  impl.RaftServerImpl (RaftServerImpl.java:<init>(121)) - d20057ad-1402-4c9c-a7ab-3e414ff49065: new RaftServerImpl for group-695F003AEC91:[d20057ad-1402-4c9c-a7ab-3e414ff49065|rpc:172.17.0.2:44809] with ContainerStateMachine:uninitialized
2020-12-11 11:59:09,546 [pool-523-thread-1] INFO  server.RaftServerConfigKeys (ConfUtils.java:logGet(44)) - raft.server.rpc.timeout.min = 5s (custom)
2020-12-11 11:59:09,546 [pool-523-thread-1] INFO  server.RaftServerConfigKeys (ConfUtils.java:logGet(44)) - raft.server.rpc.timeout.max = 5200ms (custom)
2020-12-11 11:59:09,546 [pool-523-thread-1] INFO  server.RaftServerConfigKeys (ConfUtils.java:logGet(44)) - raft.server.rpc.slowness.timeout = 300000ms (custom)
2020-12-11 11:59:09,546 [pool-523-thread-1] INFO  server.RaftServerConfigKeys (ConfUtils.java:logGet(44)) - raft.server.leaderelection.leader.step-down.wait-time = 10s (default)
2020-12-11 11:59:09,546 [pool-523-thread-1] INFO  server.RaftServerConfigKeys (ConfUtils.java:logGet(44)) - raft.server.sleep.deviation.threshold = 300 (default)
2020-12-11 11:59:09,546 [pool-523-thread-1] INFO  server.RaftServerConfigKeys (ConfUtils.java:logGet(44)) - raft.server.log.appender.install.snapshot.enabled = false (custom)
2020-12-11 11:59:09,546 [pool-523-thread-1] INFO  impl.RaftServerImpl (ServerState.java:<init>(104)) - d20057ad-1402-4c9c-a7ab-3e414ff49065@group-695F003AEC91: ConfigurationManager, init=-1: [d20057ad-1402-4c9c-a7ab-3e414ff49065|rpc:172.17.0.2:44809], old=null, confs=<EMPTY_MAP>
2020-12-11 11:59:09,546 [pool-523-thread-1] INFO  server.RaftServerConfigKeys (ConfUtils.java:logGet(44)) - raft.server.storage.dir = [/github/workspace/mnt/ozone/hadoop-ozone/integration-test/target/test-dir/MiniOzoneClusterImpl-9e77629d-1495-4101-8eb0-46d1fa4d7a32/datanode-8/data/ratis] (custom)
2020-12-11 11:59:09,546 [pool-523-thread-1] INFO  server.RaftServerConfigKeys (ConfUtils.java:logGet(44)) - raft.server.log.corruption.policy = EXCEPTION (default)
2020-12-11 11:59:09,547 [pool-523-thread-1] INFO  storage.RaftStorageDirectory (RaftStorageDirectory.java:analyzeStorage(261)) - The storage directory /github/workspace/mnt/ozone/hadoop-ozone/integration-test/target/test-dir/MiniOzoneClusterImpl-9e77629d-1495-4101-8eb0-46d1fa4d7a32/datanode-8/data/ratis/be43f862-467f-409f-a931-695f003aec91 does not exist. Creating ...
2020-12-11 11:59:09,548 [pool-523-thread-1] INFO  storage.RaftStorageDirectory (RaftStorageDirectory.java:tryLock(343)) - Lock on /github/workspace/mnt/ozone/hadoop-ozone/integration-test/target/test-dir/MiniOzoneClusterImpl-9e77629d-1495-4101-8eb0-46d1fa4d7a32/datanode-8/data/ratis/be43f862-467f-409f-a931-695f003aec91/in_use.lock acquired by nodename 1858@302fe02fdb76
2020-12-11 11:59:09,549 [pool-523-thread-1] INFO  storage.RaftStorage (RaftStorage.java:format(85)) - Storage directory /github/workspace/mnt/ozone/hadoop-ozone/integration-test/target/test-dir/MiniOzoneClusterImpl-9e77629d-1495-4101-8eb0-46d1fa4d7a32/datanode-8/data/ratis/be43f862-467f-409f-a931-695f003aec91 has been successfully formatted.
2020-12-11 11:59:09,549 [pool-523-thread-1] INFO  ratis.ContainerStateMachine (ContainerStateMachine.java:loadSnapshot(225)) - group-695F003AEC91: The snapshot info is null. Setting the last applied indexto:(t:0, i:~)
2020-12-11 11:59:09,550 [pool-523-thread-1] INFO  server.RaftServerConfigKeys (ConfUtils.java:logGet(44)) - raft.server.notification.no-leader.timeout = 300000ms (custom)
2020-12-11 11:59:09,550 [pool-523-thread-1] INFO  server.RaftServerConfigKeys (ConfUtils.java:logGet(44)) - raft.server.log.use.memory = false (default)
2020-12-11 11:59:09,550 [EventQueue-PipelineReportForOneReplicaPipelineSafeModeRule] INFO  safemode.SCMSafeModeManager (SCMSafeModeManager.java:validateSafeModeExitRules(214)) - AtleastOneDatanodeReportedRule rule is successfully validated
2020-12-11 11:59:09,550 [EventQueue-PipelineReportForPipelineReportHandler] INFO  pipeline.PipelineStateManager (PipelineStateManager.java:openPipeline(132)) - Pipeline Pipeline[ Id: be43f862-467f-409f-a931-695f003aec91, Nodes: d20057ad-1402-4c9c-a7ab-3e414ff49065{ip: 172.17.0.2, host: 302fe02fdb76, networkLocation: /default-rack, certSerialId: null, persistedOpState: IN_SERVICE, persistedOpStateExpiryEpochSec: 0}, Type:RATIS, Factor:ONE, State:ALLOCATED, leaderId:d20057ad-1402-4c9c-a7ab-3e414ff49065, CreationTimestamp2020-12-11T11:59:06.546Z] moved to OPEN state
2020-12-11 11:59:09,551 [EventQueue-OpenPipelineForHealthyPipelineSafeModeRule] INFO  safemode.SCMSafeModeManager (HealthyPipelineSafeModeRule.java:process(128)) - SCM in safe mode. Healthy pipelines reported count is 0, required healthy pipeline reported count is 1
2020-12-11 11:59:09,551 [pool-523-thread-1] INFO  server.RaftServerConfigKeys (ConfUtils.java:logGet(44)) - raft.server.log.purge.gap = 1000000 (custom)
2020-12-11 11:59:09,552 [pool-523-thread-1] INFO  metrics.RatisMetrics (RatisMetrics.java:lambda$create$0(36)) - Creating Metrics Registry : ratis.log_worker.d20057ad-1402-4c9c-a7ab-3e414ff49065@group-695F003AEC91
2020-12-11 11:59:09,552 [pool-523-thread-1] INFO  server.RaftServerConfigKeys (ConfUtils.java:logGet(44)) - raft.server.log.appender.buffer.byte-limit = 33554432 (custom)
2020-12-11 11:59:09,552 [pool-523-thread-1] INFO  server.RaftServerConfigKeys (ConfUtils.java:logGet(44)) - raft.server.log.segment.size.max = 1048576 (custom)
2020-12-11 11:59:09,553 [pool-523-thread-1] INFO  server.RaftServerConfigKeys (ConfUtils.java:logGet(44)) - raft.server.log.segment.cache.num.max = 2 (custom)
2020-12-11 11:59:09,553 [pool-523-thread-1] INFO  segmented.SegmentedRaftLogWorker (SegmentedRaftLogWorker.java:<init>(180)) - new d20057ad-1402-4c9c-a7ab-3e414ff49065@group-695F003AEC91-SegmentedRaftLogWorker for RaftStorage:Storage Directory /github/workspace/mnt/ozone/hadoop-ozone/integration-test/target/test-dir/MiniOzoneClusterImpl-9e77629d-1495-4101-8eb0-46d1fa4d7a32/datanode-8/data/ratis/be43f862-467f-409f-a931-695f003aec91
2020-12-11 11:59:09,553 [pool-523-thread-1] INFO  server.RaftServerConfigKeys (ConfUtils.java:logGet(44)) - raft.server.log.queue.byte-limit = 2147483647 (custom)
2020-12-11 11:59:09,553 [pool-523-thread-1] INFO  server.RaftServerConfigKeys (ConfUtils.java:logGet(44)) - raft.server.log.queue.element-limit = 1024 (custom)
2020-12-11 11:59:09,553 [pool-523-thread-1] INFO  server.RaftServerConfigKeys (ConfUtils.java:logGet(44)) - raft.server.log.segment.size.max = 1048576 (custom)
2020-12-11 11:59:09,553 [pool-523-thread-1] INFO  server.RaftServerConfigKeys (ConfUtils.java:logGet(44)) - raft.server.log.preallocated.size = 16384 (custom)
2020-12-11 11:59:09,553 [pool-523-thread-1] INFO  server.RaftServerConfigKeys (ConfUtils.java:logGet(44)) - raft.server.log.write.buffer.size = 1048576 (custom)
2020-12-11 11:59:09,553 [pool-523-thread-1] INFO  server.RaftServerConfigKeys (ConfUtils.java:logGet(44)) - raft.server.log.force.sync.num = 128 (default)
2020-12-11 11:59:09,554 [pool-523-thread-1] INFO  server.RaftServerConfigKeys (ConfUtils.java:logGet(44)) - raft.server.log.statemachine.data.sync = true (default)
2020-12-11 11:59:09,554 [pool-523-thread-1] INFO  server.RaftServerConfigKeys (ConfUtils.java:logGet(44)) - raft.server.log.statemachine.data.sync.timeout = 10s (default)
2020-12-11 11:59:09,554 [pool-523-thread-1] INFO  server.RaftServerConfigKeys (ConfUtils.java:logGet(44)) - raft.server.log.statemachine.data.sync.timeout.retry = -1 (default)
2020-12-11 11:59:09,555 [pool-523-thread-1] INFO  server.RaftServerConfigKeys (ConfUtils.java:logGet(44)) - raft.server.log.statemachine.data.caching.enabled = true (custom)
2020-12-11 11:59:09,556 [pool-523-thread-1] INFO  segmented.SegmentedRaftLogWorker (SegmentedRaftLogWorker.java:lambda$new$0(129)) - d20057ad-1402-4c9c-a7ab-3e414ff49065@group-695F003AEC91-SegmentedRaftLogWorker: flushIndex: setUnconditionally 0 -> -1
2020-12-11 11:59:09,556 [pool-523-thread-1] INFO  segmented.SegmentedRaftLogWorker (SegmentedRaftLogWorker.java:lambda$new$0(129)) - d20057ad-1402-4c9c-a7ab-3e414ff49065@group-695F003AEC91-SegmentedRaftLogWorker: safeCacheEvictIndex: setUnconditionally 0 -> -1
2020-12-11 11:59:09,557 [pool-523-thread-1] INFO  server.RaftServerConfigKeys (ConfUtils.java:logGet(44)) - raft.server.snapshot.auto.trigger.enabled = true (custom)
2020-12-11 11:59:09,557 [pool-523-thread-1] INFO  server.RaftServerConfigKeys (ConfUtils.java:logGet(44)) - raft.server.snapshot.auto.trigger.threshold = 10000 (custom)
2020-12-11 11:59:09,557 [pool-523-thread-1] INFO  server.RaftServerConfigKeys (ConfUtils.java:logGet(44)) - raft.server.snapshot.retention.file.num = 5 (custom)
2020-12-11 11:59:09,557 [pool-523-thread-1] INFO  server.RaftServerConfigKeys (ConfUtils.java:logGet(44)) - raft.server.log.purge.upto.snapshot.index = false (default)
2020-12-11 11:59:09,558 [pool-523-thread-1] INFO  server.RaftServerConfigKeys (ConfUtils.java:logGet(44)) - raft.server.retrycache.expirytime = 600000ms (custom)
2020-12-11 11:59:09,558 [pool-523-thread-1] INFO  metrics.RatisMetrics (RatisMetrics.java:lambda$create$0(36)) - Creating Metrics Registry : ratis.leader_election.d20057ad-1402-4c9c-a7ab-3e414ff49065@group-695F003AEC91
2020-12-11 11:59:09,558 [pool-523-thread-1] INFO  metrics.RatisMetrics (RatisMetrics.java:lambda$create$0(36)) - Creating Metrics Registry : ratis.server.d20057ad-1402-4c9c-a7ab-3e414ff49065@group-695F003AEC91
2020-12-11 11:59:09,560 [pool-523-thread-1] INFO  impl.RaftServerImpl (RaftServerImpl.java:start(215)) - d20057ad-1402-4c9c-a7ab-3e414ff49065@group-695F003AEC91: start as a follower, conf=-1: [d20057ad-1402-4c9c-a7ab-3e414ff49065|rpc:172.17.0.2:44809], old=null
2020-12-11 11:59:09,560 [pool-523-thread-1] INFO  impl.RaftServerImpl (RaftServerImpl.java:setRole(204)) - d20057ad-1402-4c9c-a7ab-3e414ff49065@group-695F003AEC91: changes role from      null to FOLLOWER at term 0 for startAsFollower
2020-12-11 11:59:09,560 [pool-523-thread-1] INFO  impl.RoleInfo (RoleInfo.java:updateAndGet(143)) - d20057ad-1402-4c9c-a7ab-3e414ff49065: start d20057ad-1402-4c9c-a7ab-3e414ff49065@group-695F003AEC91-FollowerState
2020-12-11 11:59:09,561 [pool-523-thread-1] INFO  util.JmxRegister (JmxRegister.java:tryRegister(44)) - Successfully registered JMX Bean with object name Ratis:service=RaftServer,group=group-695F003AEC91,id=d20057ad-1402-4c9c-a7ab-3e414ff49065
2020-12-11 11:59:09,561 [pool-523-thread-1] INFO  metrics.RatisMetrics (RatisMetrics.java:lambda$create$0(36)) - Creating Metrics Registry : ratis.state_machine.d20057ad-1402-4c9c-a7ab-3e414ff49065@group-695F003AEC91
2020-12-11 11:59:09,563 [Command processor thread] INFO  commandhandler.CreatePipelineCommandHandler (CreatePipelineCommandHandler.java:handle(106)) - Created Pipeline RATIS ONE PipelineID=be43f862-467f-409f-a931-695f003aec91.
2020-12-11 11:59:10,543 [Listener at 127.0.0.1/32773] INFO  ozone.MiniOzoneClusterImpl (MiniOzoneClusterImpl.java:lambda$waitForClusterToBeReady$0(178)) - Nodes are ready. Got 9 of 9 DN Heartbeats.
2020-12-11 11:59:10,543 [Listener at 127.0.0.1/32773] INFO  ozone.MiniOzoneClusterImpl (MiniOzoneClusterImpl.java:lambda$waitForClusterToBeReady$0(181)) - Waiting for cluster to exit safe mode
2020-12-11 11:59:10,553 [org.apache.ratis.server.JvmPauseMonitor@de9a57-Monitor] WARN  server.JvmPauseMonitor (JvmPauseMonitor.java:run(141)) - Detected pause in JVM or host machine (eg GC): pause of approximately 1ms
No GCs detected
2020-12-11 11:59:11,543 [Listener at 127.0.0.1/32773] INFO  ozone.MiniOzoneClusterImpl (MiniOzoneClusterImpl.java:lambda$waitForClusterToBeReady$0(178)) - Nodes are ready. Got 9 of 9 DN Heartbeats.
2020-12-11 11:59:11,543 [Listener at 127.0.0.1/32773] INFO  ozone.MiniOzoneClusterImpl (MiniOzoneClusterImpl.java:lambda$waitForClusterToBeReady$0(181)) - Waiting for cluster to exit safe mode
2020-12-11 11:59:12,544 [Listener at 127.0.0.1/32773] INFO  ozone.MiniOzoneClusterImpl (MiniOzoneClusterImpl.java:lambda$waitForClusterToBeReady$0(178)) - Nodes are ready. Got 9 of 9 DN Heartbeats.
2020-12-11 11:59:12,544 [Listener at 127.0.0.1/32773] INFO  ozone.MiniOzoneClusterImpl (MiniOzoneClusterImpl.java:lambda$waitForClusterToBeReady$0(181)) - Waiting for cluster to exit safe mode
2020-12-11 11:59:12,718 [Thread-1303] INFO  impl.FollowerState (FollowerState.java:run(128)) - a301dd64-f793-4e68-ac47-305a8ea93822@group-59B281828B58-FollowerState: change to CANDIDATE, lastRpcTime:5050ms, electionTimeout:5045ms
2020-12-11 11:59:12,718 [Thread-1303] INFO  impl.RoleInfo (RoleInfo.java:shutdownFollowerState(121)) - a301dd64-f793-4e68-ac47-305a8ea93822: shutdown a301dd64-f793-4e68-ac47-305a8ea93822@group-59B281828B58-FollowerState
2020-12-11 11:59:12,718 [Thread-1303] INFO  impl.RaftServerImpl (RaftServerImpl.java:setRole(204)) - a301dd64-f793-4e68-ac47-305a8ea93822@group-59B281828B58: changes role from  FOLLOWER to CANDIDATE at term 0 for changeToCandidate
2020-12-11 11:59:12,718 [Thread-1303] INFO  impl.RoleInfo (RoleInfo.java:updateAndGet(143)) - a301dd64-f793-4e68-ac47-305a8ea93822: start a301dd64-f793-4e68-ac47-305a8ea93822@group-59B281828B58-LeaderElection36
2020-12-11 11:59:12,722 [a301dd64-f793-4e68-ac47-305a8ea93822@group-59B281828B58-LeaderElection36] INFO  impl.LeaderElection (LeaderElection.java:askForVotes(215)) - a301dd64-f793-4e68-ac47-305a8ea93822@group-59B281828B58-LeaderElection36: begin an election at term 1 for -1: [14058016-3fcf-4920-991e-a5361899d5d7|rpc:172.17.0.2:45451|dataStream:, 675d35ba-bb57-4ae2-b121-2cd47ec358f4|rpc:172.17.0.2:39033|dataStream:, a301dd64-f793-4e68-ac47-305a8ea93822|rpc:172.17.0.2:40329|dataStream:], old=null
2020-12-11 11:59:12,734 [grpc-default-executor-0] INFO  impl.RaftServerImpl (RaftServerImpl.java:setRole(204)) - 14058016-3fcf-4920-991e-a5361899d5d7@group-59B281828B58: changes role from  FOLLOWER to FOLLOWER at term 1 for recognizeCandidate:a301dd64-f793-4e68-ac47-305a8ea93822
2020-12-11 11:59:12,734 [grpc-default-executor-0] INFO  impl.RoleInfo (RoleInfo.java:shutdownFollowerState(121)) - 14058016-3fcf-4920-991e-a5361899d5d7: shutdown 14058016-3fcf-4920-991e-a5361899d5d7@group-59B281828B58-FollowerState
2020-12-11 11:59:12,734 [grpc-default-executor-0] INFO  impl.RoleInfo (RoleInfo.java:updateAndGet(143)) - 14058016-3fcf-4920-991e-a5361899d5d7: start 14058016-3fcf-4920-991e-a5361899d5d7@group-59B281828B58-FollowerState
2020-12-11 11:59:12,735 [Thread-1306] INFO  impl.FollowerState (FollowerState.java:run(137)) - 14058016-3fcf-4920-991e-a5361899d5d7@group-59B281828B58-FollowerState was interrupted: {}
java.lang.InterruptedException: sleep interrupted
	at java.lang.Thread.sleep(Native Method)
	at org.apache.ratis.util.JavaUtils.sleep(JavaUtils.java:250)
	at org.apache.ratis.server.impl.FollowerState.run(FollowerState.java:116)
2020-12-11 11:59:12,736 [grpc-default-executor-0] INFO  impl.RaftServerImpl (RaftServerImpl.java:requestVote(963)) -  FOLLOWER 14058016-3fcf-4920-991e-a5361899d5d7@group-59B281828B58:t1, leader=null, voted=null, raftlog=14058016-3fcf-4920-991e-a5361899d5d7@group-59B281828B58-SegmentedRaftLog:OPENED:c-1,f-1,i0, conf=-1: [14058016-3fcf-4920-991e-a5361899d5d7|rpc:172.17.0.2:45451|dataStream:, 675d35ba-bb57-4ae2-b121-2cd47ec358f4|rpc:172.17.0.2:39033|dataStream:, a301dd64-f793-4e68-ac47-305a8ea93822|rpc:172.17.0.2:40329|dataStream:], old=null RUNNING priority:0 candidate:a301dd64-f793-4e68-ac47-305a8ea93822|rpc:172.17.0.2:40329|dataStream: candidatePriority:0 compare:0
2020-12-11 11:59:12,744 [Thread-1301] INFO  impl.FollowerState (FollowerState.java:run(128)) - 675d35ba-bb57-4ae2-b121-2cd47ec358f4@group-59B281828B58-FollowerState: change to CANDIDATE, lastRpcTime:5123ms, electionTimeout:5121ms
2020-12-11 11:59:12,745 [Thread-1301] INFO  impl.RoleInfo (RoleInfo.java:shutdownFollowerState(121)) - 675d35ba-bb57-4ae2-b121-2cd47ec358f4: shutdown 675d35ba-bb57-4ae2-b121-2cd47ec358f4@group-59B281828B58-FollowerState
2020-12-11 11:59:12,745 [Thread-1301] INFO  impl.RaftServerImpl (RaftServerImpl.java:setRole(204)) - 675d35ba-bb57-4ae2-b121-2cd47ec358f4@group-59B281828B58: changes role from  FOLLOWER to CANDIDATE at term 0 for changeToCandidate
2020-12-11 11:59:12,745 [Thread-1301] INFO  impl.RoleInfo (RoleInfo.java:updateAndGet(143)) - 675d35ba-bb57-4ae2-b121-2cd47ec358f4: start 675d35ba-bb57-4ae2-b121-2cd47ec358f4@group-59B281828B58-LeaderElection37
2020-12-11 11:59:12,745 [a301dd64-f793-4e68-ac47-305a8ea93822@group-59B281828B58-LeaderElection36] INFO  impl.LeaderElection (LeaderElection.java:logAndReturn(65)) - a301dd64-f793-4e68-ac47-305a8ea93822@group-59B281828B58-LeaderElection36: Election PASSED; received 1 response(s) [a301dd64-f793-4e68-ac47-305a8ea93822<-14058016-3fcf-4920-991e-a5361899d5d7#0:OK-t1] and 0 exception(s); a301dd64-f793-4e68-ac47-305a8ea93822@group-59B281828B58:t1, leader=null, voted=a301dd64-f793-4e68-ac47-305a8ea93822, raftlog=a301dd64-f793-4e68-ac47-305a8ea93822@group-59B281828B58-SegmentedRaftLog:OPENED:c-1,f-1,i0, conf=-1: [14058016-3fcf-4920-991e-a5361899d5d7|rpc:172.17.0.2:45451|dataStream:, 675d35ba-bb57-4ae2-b121-2cd47ec358f4|rpc:172.17.0.2:39033|dataStream:, a301dd64-f793-4e68-ac47-305a8ea93822|rpc:172.17.0.2:40329|dataStream:], old=null
2020-12-11 11:59:12,749 [a301dd64-f793-4e68-ac47-305a8ea93822@group-59B281828B58-LeaderElection36] INFO  impl.RoleInfo (RoleInfo.java:shutdownLeaderElection(134)) - a301dd64-f793-4e68-ac47-305a8ea93822: shutdown a301dd64-f793-4e68-ac47-305a8ea93822@group-59B281828B58-LeaderElection36
2020-12-11 11:59:12,745 [grpc-default-executor-0] INFO  metrics.RatisMetrics (RatisMetrics.java:lambda$create$0(36)) - Creating Metrics Registry : ratis.server_message_metrics.675d35ba-bb57-4ae2-b121-2cd47ec358f4
2020-12-11 11:59:12,749 [a301dd64-f793-4e68-ac47-305a8ea93822@group-59B281828B58-LeaderElection36] INFO  impl.RaftServerImpl (RaftServerImpl.java:setRole(204)) - a301dd64-f793-4e68-ac47-305a8ea93822@group-59B281828B58: changes role from CANDIDATE to LEADER at term 1 for changeToLeader
2020-12-11 11:59:12,753 [a301dd64-f793-4e68-ac47-305a8ea93822@group-59B281828B58-LeaderElection36] INFO  ratis.XceiverServerRatis (XceiverServerRatis.java:handleLeaderChangedNotification(854)) - Leader change notification received for group: group-59B281828B58 with new leaderId: a301dd64-f793-4e68-ac47-305a8ea93822
2020-12-11 11:59:12,753 [a301dd64-f793-4e68-ac47-305a8ea93822@group-59B281828B58-LeaderElection36] INFO  impl.RaftServerImpl (ServerState.java:setLeader(256)) - a301dd64-f793-4e68-ac47-305a8ea93822@group-59B281828B58: change Leader from null to a301dd64-f793-4e68-ac47-305a8ea93822 at term 1 for becomeLeader, leader elected after 5096ms
2020-12-11 11:59:12,754 [a301dd64-f793-4e68-ac47-305a8ea93822@group-59B281828B58-LeaderElection36] INFO  server.RaftServerConfigKeys (ConfUtils.java:logGet(44)) - raft.server.staging.catchup.gap = 1000 (default)
2020-12-11 11:59:12,754 [a301dd64-f793-4e68-ac47-305a8ea93822@group-59B281828B58-LeaderElection36] INFO  server.RaftServerConfigKeys (ConfUtils.java:logGet(44)) - raft.server.rpc.sleep.time = 25ms (default)
2020-12-11 11:59:12,754 [a301dd64-f793-4e68-ac47-305a8ea93822@group-59B281828B58-LeaderElection36] INFO  metrics.RatisMetrics (RatisMetrics.java:lambda$create$0(36)) - Creating Metrics Registry : ratis.log_appender.a301dd64-f793-4e68-ac47-305a8ea93822@group-59B281828B58
2020-12-11 11:59:12,754 [a301dd64-f793-4e68-ac47-305a8ea93822@group-59B281828B58-LeaderElection36] INFO  server.RaftServerConfigKeys (ConfUtils.java:logGet(44)) - raft.server.write.element-limit = 1024 (custom)
2020-12-11 11:59:12,754 [a301dd64-f793-4e68-ac47-305a8ea93822@group-59B281828B58-LeaderElection36] INFO  server.RaftServerConfigKeys (ConfUtils.java:logGet(44)) - raft.server.write.byte-limit = 1073741824 (custom)
2020-12-11 11:59:12,754 [a301dd64-f793-4e68-ac47-305a8ea93822@group-59B281828B58-LeaderElection36] INFO  server.RaftServerConfigKeys (ConfUtils.java:logGet(44)) - raft.server.watch.timeout = 3000ms (custom)
2020-12-11 11:59:12,754 [a301dd64-f793-4e68-ac47-305a8ea93822@group-59B281828B58-LeaderElection36] INFO  server.RaftServerConfigKeys (ConfUtils.java:logGet(44)) - raft.server.watch.timeout.denomination = 1s (default)
2020-12-11 11:59:12,755 [a301dd64-f793-4e68-ac47-305a8ea93822@group-59B281828B58-LeaderElection36] INFO  server.RaftServerConfigKeys (ConfUtils.java:logGet(44)) - raft.server.watch.element-limit = 65536 (default)
2020-12-11 11:59:12,755 [a301dd64-f793-4e68-ac47-305a8ea93822@group-59B281828B58-LeaderElection36] INFO  server.RaftServerConfigKeys (ConfUtils.java:logGet(44)) - raft.server.log.appender.snapshot.chunk.size.max = 16MB (=16777216) (default)
2020-12-11 11:59:12,755 [a301dd64-f793-4e68-ac47-305a8ea93822@group-59B281828B58-LeaderElection36] INFO  server.RaftServerConfigKeys (ConfUtils.java:logGet(44)) - raft.server.log.appender.buffer.byte-limit = 33554432 (custom)
2020-12-11 11:59:12,755 [a301dd64-f793-4e68-ac47-305a8ea93822@group-59B281828B58-LeaderElection36] INFO  server.RaftServerConfigKeys (ConfUtils.java:logGet(44)) - raft.server.log.appender.buffer.element-limit = 1 (custom)
2020-12-11 11:59:12,755 [a301dd64-f793-4e68-ac47-305a8ea93822@group-59B281828B58-LeaderElection36] INFO  grpc.GrpcConfigKeys (ConfUtils.java:logGet(44)) - raft.grpc.server.leader.outstanding.appends.max = 128 (default)
2020-12-11 11:59:12,755 [a301dd64-f793-4e68-ac47-305a8ea93822@group-59B281828B58-LeaderElection36] INFO  server.RaftServerConfigKeys (ConfUtils.java:logGet(44)) - raft.server.rpc.request.timeout = 3000ms (default)
2020-12-11 11:59:12,755 [a301dd64-f793-4e68-ac47-305a8ea93822@group-59B281828B58-LeaderElection36] INFO  server.RaftServerConfigKeys (ConfUtils.java:logGet(44)) - raft.server.log.appender.install.snapshot.enabled = false (custom)
2020-12-11 11:59:12,755 [a301dd64-f793-4e68-ac47-305a8ea93822@group-59B281828B58-LeaderElection36] INFO  metrics.RatisMetrics (RatisMetrics.java:lambda$create$0(36)) - Creating Metrics Registry : ratis_grpc.log_appender.a301dd64-f793-4e68-ac47-305a8ea93822@group-59B281828B58
2020-12-11 11:59:12,757 [a301dd64-f793-4e68-ac47-305a8ea93822@group-59B281828B58-LeaderElection36] INFO  server.RaftServerConfigKeys (ConfUtils.java:logGet(44)) - raft.server.log.appender.snapshot.chunk.size.max = 16MB (=16777216) (default)
2020-12-11 11:59:12,757 [a301dd64-f793-4e68-ac47-305a8ea93822@group-59B281828B58-LeaderElection36] INFO  server.RaftServerConfigKeys (ConfUtils.java:logGet(44)) - raft.server.log.appender.buffer.byte-limit = 33554432 (custom)
2020-12-11 11:59:12,757 [a301dd64-f793-4e68-ac47-305a8ea93822@group-59B281828B58-LeaderElection36] INFO  server.RaftServerConfigKeys (ConfUtils.java:logGet(44)) - raft.server.log.appender.buffer.element-limit = 1 (custom)
2020-12-11 11:59:12,757 [a301dd64-f793-4e68-ac47-305a8ea93822@group-59B281828B58-LeaderElection36] INFO  grpc.GrpcConfigKeys (ConfUtils.java:logGet(44)) - raft.grpc.server.leader.outstanding.appends.max = 128 (default)
2020-12-11 11:59:12,757 [a301dd64-f793-4e68-ac47-305a8ea93822@group-59B281828B58-LeaderElection36] INFO  server.RaftServerConfigKeys (ConfUtils.java:logGet(44)) - raft.server.rpc.request.timeout = 3000ms (default)
2020-12-11 11:59:12,757 [a301dd64-f793-4e68-ac47-305a8ea93822@group-59B281828B58-LeaderElection36] INFO  server.RaftServerConfigKeys (ConfUtils.java:logGet(44)) - raft.server.log.appender.install.snapshot.enabled = false (custom)
2020-12-11 11:59:12,759 [a301dd64-f793-4e68-ac47-305a8ea93822@group-59B281828B58-LeaderElection36] INFO  impl.RoleInfo (RoleInfo.java:updateAndGet(143)) - a301dd64-f793-4e68-ac47-305a8ea93822: start a301dd64-f793-4e68-ac47-305a8ea93822@group-59B281828B58-LeaderState
2020-12-11 11:59:12,759 [a301dd64-f793-4e68-ac47-305a8ea93822@group-59B281828B58-LeaderElection36] INFO  segmented.SegmentedRaftLogWorker (SegmentedRaftLogWorker.java:startLogSegment(398)) - a301dd64-f793-4e68-ac47-305a8ea93822@group-59B281828B58-SegmentedRaftLogWorker: Starting segment from index:0
2020-12-11 11:59:12,762 [EventQueue-PipelineReportForOneReplicaPipelineSafeModeRule] INFO  safemode.SCMSafeModeManager (SCMSafeModeManager.java:validateSafeModeExitRules(214)) - AtleastOneDatanodeReportedRule rule is successfully validated
2020-12-11 11:59:12,763 [EventQueue-PipelineReportForPipelineReportHandler] INFO  pipeline.PipelineStateManager (PipelineStateManager.java:openPipeline(132)) - Pipeline Pipeline[ Id: 82ba59fa-dd35-4d4e-a61e-59b281828b58, Nodes: 675d35ba-bb57-4ae2-b121-2cd47ec358f4{ip: 172.17.0.2, host: 302fe02fdb76, networkLocation: /default-rack, certSerialId: null, persistedOpState: IN_SERVICE, persistedOpStateExpiryEpochSec: 0}a301dd64-f793-4e68-ac47-305a8ea93822{ip: 172.17.0.2, host: 302fe02fdb76, networkLocation: /default-rack, certSerialId: null, persistedOpState: IN_SERVICE, persistedOpStateExpiryEpochSec: 0}14058016-3fcf-4920-991e-a5361899d5d7{ip: 172.17.0.2, host: 302fe02fdb76, networkLocation: /default-rack, certSerialId: null, persistedOpState: IN_SERVICE, persistedOpStateExpiryEpochSec: 0}, Type:RATIS, Factor:THREE, State:ALLOCATED, leaderId:a301dd64-f793-4e68-ac47-305a8ea93822, CreationTimestamp2020-12-11T11:59:05.040Z] moved to OPEN state
2020-12-11 11:59:12,763 [a301dd64-f793-4e68-ac47-305a8ea93822@group-59B281828B58-LeaderElection36] INFO  impl.RaftServerImpl (ServerState.java:setRaftConf(374)) - a301dd64-f793-4e68-ac47-305a8ea93822@group-59B281828B58: set configuration 0: [14058016-3fcf-4920-991e-a5361899d5d7|rpc:172.17.0.2:45451|dataStream:, 675d35ba-bb57-4ae2-b121-2cd47ec358f4|rpc:172.17.0.2:39033|dataStream:, a301dd64-f793-4e68-ac47-305a8ea93822|rpc:172.17.0.2:40329|dataStream:], old=null at 0
2020-12-11 11:59:12,763 [EventQueue-OpenPipelineForHealthyPipelineSafeModeRule] INFO  safemode.SCMSafeModeManager (HealthyPipelineSafeModeRule.java:process(128)) - SCM in safe mode. Healthy pipelines reported count is 0, required healthy pipeline reported count is 1
2020-12-11 11:59:12,769 [EventQueue-OpenPipelineForHealthyPipelineSafeModeRule] INFO  safemode.SCMSafeModeManager (HealthyPipelineSafeModeRule.java:process(128)) - SCM in safe mode. Healthy pipelines reported count is 1, required healthy pipeline reported count is 1
2020-12-11 11:59:12,769 [EventQueue-OpenPipelineForHealthyPipelineSafeModeRule] INFO  safemode.SCMSafeModeManager (SCMSafeModeManager.java:validateSafeModeExitRules(214)) - HealthyPipelineSafeModeRule rule is successfully validated
2020-12-11 11:59:12,769 [EventQueue-OpenPipelineForHealthyPipelineSafeModeRule] INFO  safemode.SCMSafeModeManager (SCMSafeModeManager.java:validateSafeModeExitRules(228)) - ScmSafeModeManager, all rules are successfully validated
2020-12-11 11:59:12,769 [EventQueue-OpenPipelineForHealthyPipelineSafeModeRule] INFO  safemode.SCMSafeModeManager (SCMSafeModeManager.java:exitSafeMode(257)) - SCM exiting safe mode.
2020-12-11 11:59:12,763 [a301dd64-f793-4e68-ac47-305a8ea93822@group-59B281828B58-SegmentedRaftLogWorker] INFO  segmented.SegmentedRaftLogWorker (SegmentedRaftLogWorker.java:execute(597)) - a301dd64-f793-4e68-ac47-305a8ea93822@group-59B281828B58-SegmentedRaftLogWorker: created new log segment /github/workspace/mnt/ozone/hadoop-ozone/integration-test/target/test-dir/MiniOzoneClusterImpl-9e77629d-1495-4101-8eb0-46d1fa4d7a32/datanode-2/data/ratis/82ba59fa-dd35-4d4e-a61e-59b281828b58/current/log_inprogress_0
2020-12-11 11:59:12,766 [675d35ba-bb57-4ae2-b121-2cd47ec358f4@group-59B281828B58-LeaderElection37] INFO  impl.LeaderElection (LeaderElection.java:askForVotes(215)) - 675d35ba-bb57-4ae2-b121-2cd47ec358f4@group-59B281828B58-LeaderElection37: begin an election at term 1 for -1: [14058016-3fcf-4920-991e-a5361899d5d7|rpc:172.17.0.2:45451, 675d35ba-bb57-4ae2-b121-2cd47ec358f4|rpc:172.17.0.2:39033, a301dd64-f793-4e68-ac47-305a8ea93822|rpc:172.17.0.2:40329], old=null
2020-12-11 11:59:12,784 [grpc-default-executor-2] INFO  impl.RaftServerImpl (RaftServerImpl.java:setRole(204)) - 675d35ba-bb57-4ae2-b121-2cd47ec358f4@group-59B281828B58: changes role from CANDIDATE to FOLLOWER at term 1 for appendEntries
2020-12-11 11:59:12,784 [grpc-default-executor-2] INFO  impl.RoleInfo (RoleInfo.java:shutdownLeaderElection(134)) - 675d35ba-bb57-4ae2-b121-2cd47ec358f4: shutdown 675d35ba-bb57-4ae2-b121-2cd47ec358f4@group-59B281828B58-LeaderElection37
2020-12-11 11:59:12,792 [grpc-default-executor-2] INFO  impl.RoleInfo (RoleInfo.java:updateAndGet(143)) - 675d35ba-bb57-4ae2-b121-2cd47ec358f4: start 675d35ba-bb57-4ae2-b121-2cd47ec358f4@group-59B281828B58-FollowerState
2020-12-11 11:59:12,792 [grpc-default-executor-5] INFO  ratis.XceiverServerRatis (XceiverServerRatis.java:handleLeaderChangedNotification(854)) - Leader change notification received for group: group-59B281828B58 with new leaderId: a301dd64-f793-4e68-ac47-305a8ea93822
2020-12-11 11:59:12,792 [grpc-default-executor-5] INFO  impl.RaftServerImpl (ServerState.java:setLeader(256)) - 14058016-3fcf-4920-991e-a5361899d5d7@group-59B281828B58: change Leader from null to a301dd64-f793-4e68-ac47-305a8ea93822 at term 1 for appendEntries, leader elected after 5088ms
2020-12-11 11:59:12,801 [grpc-default-executor-2] INFO  ratis.XceiverServerRatis (XceiverServerRatis.java:handleLeaderChangedNotification(854)) - Leader change notification received for group: group-59B281828B58 with new leaderId: a301dd64-f793-4e68-ac47-305a8ea93822
2020-12-11 11:59:12,801 [grpc-default-executor-2] INFO  impl.RaftServerImpl (ServerState.java:setLeader(256)) - 675d35ba-bb57-4ae2-b121-2cd47ec358f4@group-59B281828B58: change Leader from null to a301dd64-f793-4e68-ac47-305a8ea93822 at term 1 for appendEntries, leader elected after 5190ms
2020-12-11 11:59:12,805 [grpc-default-executor-2] INFO  impl.RaftServerImpl (ServerState.java:setRaftConf(374)) - 675d35ba-bb57-4ae2-b121-2cd47ec358f4@group-59B281828B58: set configuration 0: [14058016-3fcf-4920-991e-a5361899d5d7|rpc:172.17.0.2:45451|dataStream:, 675d35ba-bb57-4ae2-b121-2cd47ec358f4|rpc:172.17.0.2:39033|dataStream:, a301dd64-f793-4e68-ac47-305a8ea93822|rpc:172.17.0.2:40329|dataStream:], old=null at 0
2020-12-11 11:59:12,805 [grpc-default-executor-2] INFO  segmented.SegmentedRaftLogWorker (SegmentedRaftLogWorker.java:startLogSegment(398)) - 675d35ba-bb57-4ae2-b121-2cd47ec358f4@group-59B281828B58-SegmentedRaftLogWorker: Starting segment from index:0
2020-12-11 11:59:12,806 [Thread-1299] INFO  impl.FollowerState (FollowerState.java:run(128)) - 675d35ba-bb57-4ae2-b121-2cd47ec358f4@group-3D89187FD85F-FollowerState: change to CANDIDATE, lastRpcTime:5201ms, electionTimeout:5194ms
2020-12-11 11:59:12,808 [675d35ba-bb57-4ae2-b121-2cd47ec358f4@group-59B281828B58-SegmentedRaftLogWorker] INFO  segmented.SegmentedRaftLogWorker (SegmentedRaftLogWorker.java:execute(597)) - 675d35ba-bb57-4ae2-b121-2cd47ec358f4@group-59B281828B58-SegmentedRaftLogWorker: created new log segment /github/workspace/mnt/ozone/hadoop-ozone/integration-test/target/test-dir/MiniOzoneClusterImpl-9e77629d-1495-4101-8eb0-46d1fa4d7a32/datanode-0/data/ratis/82ba59fa-dd35-4d4e-a61e-59b281828b58/current/log_inprogress_0
2020-12-11 11:59:12,808 [grpc-default-executor-5] INFO  impl.RaftServerImpl (ServerState.java:setRaftConf(374)) - 14058016-3fcf-4920-991e-a5361899d5d7@group-59B281828B58: set configuration 0: [14058016-3fcf-4920-991e-a5361899d5d7|rpc:172.17.0.2:45451|dataStream:, 675d35ba-bb57-4ae2-b121-2cd47ec358f4|rpc:172.17.0.2:39033|dataStream:, a301dd64-f793-4e68-ac47-305a8ea93822|rpc:172.17.0.2:40329|dataStream:], old=null at 0
2020-12-11 11:59:12,811 [675d35ba-bb57-4ae2-b121-2cd47ec358f4@group-59B281828B58-LeaderElection37] INFO  impl.LeaderElection (LeaderElection.java:logAndReturn(65)) - 675d35ba-bb57-4ae2-b121-2cd47ec358f4@group-59B281828B58-LeaderElection37: Election REJECTED; received 0 response(s) [] and 0 exception(s); 675d35ba-bb57-4ae2-b121-2cd47ec358f4@group-59B281828B58:t1, leader=a301dd64-f793-4e68-ac47-305a8ea93822, voted=675d35ba-bb57-4ae2-b121-2cd47ec358f4, raftlog=675d35ba-bb57-4ae2-b121-2cd47ec358f4@group-59B281828B58-SegmentedRaftLog:OPENED:c-1,f-1,i0, conf=0: [14058016-3fcf-4920-991e-a5361899d5d7|rpc:172.17.0.2:45451|dataStream:, 675d35ba-bb57-4ae2-b121-2cd47ec358f4|rpc:172.17.0.2:39033|dataStream:, a301dd64-f793-4e68-ac47-305a8ea93822|rpc:172.17.0.2:40329|dataStream:], old=null
2020-12-11 11:59:12,813 [Thread-1299] INFO  impl.RoleInfo (RoleInfo.java:shutdownFollowerState(121)) - 675d35ba-bb57-4ae2-b121-2cd47ec358f4: shutdown 675d35ba-bb57-4ae2-b121-2cd47ec358f4@group-3D89187FD85F-FollowerState
2020-12-11 11:59:12,813 [Thread-1299] INFO  impl.RaftServerImpl (RaftServerImpl.java:setRole(204)) - 675d35ba-bb57-4ae2-b121-2cd47ec358f4@group-3D89187FD85F: changes role from  FOLLOWER to CANDIDATE at term 0 for changeToCandidate
2020-12-11 11:59:12,814 [grpc-default-executor-5] INFO  segmented.SegmentedRaftLogWorker (SegmentedRaftLogWorker.java:startLogSegment(398)) - 14058016-3fcf-4920-991e-a5361899d5d7@group-59B281828B58-SegmentedRaftLogWorker: Starting segment from index:0
2020-12-11 11:59:12,821 [Thread-1299] INFO  impl.RoleInfo (RoleInfo.java:updateAndGet(143)) - 675d35ba-bb57-4ae2-b121-2cd47ec358f4: start 675d35ba-bb57-4ae2-b121-2cd47ec358f4@group-3D89187FD85F-LeaderElection38
2020-12-11 11:59:12,823 [14058016-3fcf-4920-991e-a5361899d5d7@group-59B281828B58-SegmentedRaftLogWorker] INFO  segmented.SegmentedRaftLogWorker (SegmentedRaftLogWorker.java:execute(597)) - 14058016-3fcf-4920-991e-a5361899d5d7@group-59B281828B58-SegmentedRaftLogWorker: created new log segment /github/workspace/mnt/ozone/hadoop-ozone/integration-test/target/test-dir/MiniOzoneClusterImpl-9e77629d-1495-4101-8eb0-46d1fa4d7a32/datanode-1/data/ratis/82ba59fa-dd35-4d4e-a61e-59b281828b58/current/log_inprogress_0
2020-12-11 11:59:12,827 [grpc-default-executor-2] INFO  impl.RaftServerImpl (RaftServerImpl.java:requestVote(953)) - a301dd64-f793-4e68-ac47-305a8ea93822@group-59B281828B58-   LEADER: Withhold vote from candidate 675d35ba-bb57-4ae2-b121-2cd47ec358f4 with term 1. State: leader=a301dd64-f793-4e68-ac47-305a8ea93822, term=1, lastRpcElapsed=null
2020-12-11 11:59:12,830 [grpc-default-executor-5] INFO  impl.RaftServerImpl (RaftServerImpl.java:requestVote(953)) - 14058016-3fcf-4920-991e-a5361899d5d7@group-59B281828B58- FOLLOWER: Withhold vote from candidate 675d35ba-bb57-4ae2-b121-2cd47ec358f4 with term 1. State: leader=a301dd64-f793-4e68-ac47-305a8ea93822, term=1, lastRpcElapsed=4ms
2020-12-11 11:59:12,831 [675d35ba-bb57-4ae2-b121-2cd47ec358f4@group-3D89187FD85F-LeaderElection38] INFO  impl.LeaderElection (LeaderElection.java:askForVotes(215)) - 675d35ba-bb57-4ae2-b121-2cd47ec358f4@group-3D89187FD85F-LeaderElection38: begin an election at term 1 for -1: [675d35ba-bb57-4ae2-b121-2cd47ec358f4|rpc:172.17.0.2:39033], old=null
2020-12-11 11:59:12,831 [675d35ba-bb57-4ae2-b121-2cd47ec358f4@group-3D89187FD85F-LeaderElection38] INFO  impl.RoleInfo (RoleInfo.java:shutdownLeaderElection(134)) - 675d35ba-bb57-4ae2-b121-2cd47ec358f4: shutdown 675d35ba-bb57-4ae2-b121-2cd47ec358f4@group-3D89187FD85F-LeaderElection38
2020-12-11 11:59:12,831 [675d35ba-bb57-4ae2-b121-2cd47ec358f4@group-3D89187FD85F-LeaderElection38] INFO  impl.RaftServerImpl (RaftServerImpl.java:setRole(204)) - 675d35ba-bb57-4ae2-b121-2cd47ec358f4@group-3D89187FD85F: changes role from CANDIDATE to LEADER at term 1 for changeToLeader
2020-12-11 11:59:12,831 [675d35ba-bb57-4ae2-b121-2cd47ec358f4@group-3D89187FD85F-LeaderElection38] INFO  ratis.XceiverServerRatis (XceiverServerRatis.java:handleLeaderChangedNotification(854)) - Leader change notification received for group: group-3D89187FD85F with new leaderId: 675d35ba-bb57-4ae2-b121-2cd47ec358f4
2020-12-11 11:59:12,834 [675d35ba-bb57-4ae2-b121-2cd47ec358f4@group-3D89187FD85F-LeaderElection38] INFO  impl.RaftServerImpl (ServerState.java:setLeader(256)) - 675d35ba-bb57-4ae2-b121-2cd47ec358f4@group-3D89187FD85F: change Leader from null to 675d35ba-bb57-4ae2-b121-2cd47ec358f4 at term 1 for becomeLeader, leader elected after 5235ms
2020-12-11 11:59:12,834 [675d35ba-bb57-4ae2-b121-2cd47ec358f4@group-3D89187FD85F-LeaderElection38] INFO  server.RaftServerConfigKeys (ConfUtils.java:logGet(44)) - raft.server.staging.catchup.gap = 1000 (default)
2020-12-11 11:59:12,834 [675d35ba-bb57-4ae2-b121-2cd47ec358f4@group-3D89187FD85F-LeaderElection38] INFO  server.RaftServerConfigKeys (ConfUtils.java:logGet(44)) - raft.server.rpc.sleep.time = 25ms (default)
2020-12-11 11:59:12,834 [675d35ba-bb57-4ae2-b121-2cd47ec358f4@group-3D89187FD85F-LeaderElection38] INFO  metrics.RatisMetrics (RatisMetrics.java:lambda$create$0(36)) - Creating Metrics Registry : ratis.log_appender.675d35ba-bb57-4ae2-b121-2cd47ec358f4@group-3D89187FD85F
2020-12-11 11:59:12,835 [675d35ba-bb57-4ae2-b121-2cd47ec358f4@group-3D89187FD85F-LeaderElection38] INFO  server.RaftServerConfigKeys (ConfUtils.java:logGet(44)) - raft.server.write.element-limit = 1024 (custom)
2020-12-11 11:59:12,835 [675d35ba-bb57-4ae2-b121-2cd47ec358f4@group-3D89187FD85F-LeaderElection38] INFO  server.RaftServerConfigKeys (ConfUtils.java:logGet(44)) - raft.server.write.byte-limit = 1073741824 (custom)
2020-12-11 11:59:12,835 [675d35ba-bb57-4ae2-b121-2cd47ec358f4@group-3D89187FD85F-LeaderElection38] INFO  server.RaftServerConfigKeys (ConfUtils.java:logGet(44)) - raft.server.watch.timeout = 3000ms (custom)
2020-12-11 11:59:12,835 [675d35ba-bb57-4ae2-b121-2cd47ec358f4@group-3D89187FD85F-LeaderElection38] INFO  server.RaftServerConfigKeys (ConfUtils.java:logGet(44)) - raft.server.watch.timeout.denomination = 1s (default)
2020-12-11 11:59:12,835 [675d35ba-bb57-4ae2-b121-2cd47ec358f4@group-3D89187FD85F-LeaderElection38] INFO  server.RaftServerConfigKeys (ConfUtils.java:logGet(44)) - raft.server.watch.element-limit = 65536 (default)
2020-12-11 11:59:12,836 [675d35ba-bb57-4ae2-b121-2cd47ec358f4@group-3D89187FD85F-LeaderElection38] INFO  impl.RoleInfo (RoleInfo.java:updateAndGet(143)) - 675d35ba-bb57-4ae2-b121-2cd47ec358f4: start 675d35ba-bb57-4ae2-b121-2cd47ec358f4@group-3D89187FD85F-LeaderState
2020-12-11 11:59:12,836 [675d35ba-bb57-4ae2-b121-2cd47ec358f4@group-3D89187FD85F-LeaderElection38] INFO  segmented.SegmentedRaftLogWorker (SegmentedRaftLogWorker.java:startLogSegment(398)) - 675d35ba-bb57-4ae2-b121-2cd47ec358f4@group-3D89187FD85F-SegmentedRaftLogWorker: Starting segment from index:0
2020-12-11 11:59:12,837 [675d35ba-bb57-4ae2-b121-2cd47ec358f4@group-3D89187FD85F-LeaderElection38] INFO  impl.RaftServerImpl (ServerState.java:setRaftConf(374)) - 675d35ba-bb57-4ae2-b121-2cd47ec358f4@group-3D89187FD85F: set configuration 0: [675d35ba-bb57-4ae2-b121-2cd47ec358f4|rpc:172.17.0.2:39033|dataStream:], old=null at 0
2020-12-11 11:59:12,838 [675d35ba-bb57-4ae2-b121-2cd47ec358f4@group-3D89187FD85F-SegmentedRaftLogWorker] INFO  segmented.SegmentedRaftLogWorker (SegmentedRaftLogWorker.java:execute(597)) - 675d35ba-bb57-4ae2-b121-2cd47ec358f4@group-3D89187FD85F-SegmentedRaftLogWorker: created new log segment /github/workspace/mnt/ozone/hadoop-ozone/integration-test/target/test-dir/MiniOzoneClusterImpl-9e77629d-1495-4101-8eb0-46d1fa4d7a32/datanode-0/data/ratis/968243a3-4fc3-4a9c-804f-3d89187fd85f/current/log_inprogress_0
2020-12-11 11:59:12,915 [Thread-1309] INFO  impl.FollowerState (FollowerState.java:run(128)) - 14058016-3fcf-4920-991e-a5361899d5d7@group-7AF80F2BCD78-FollowerState: change to CANDIDATE, lastRpcTime:5091ms, electionTimeout:5091ms
2020-12-11 11:59:12,915 [Thread-1309] INFO  impl.RoleInfo (RoleInfo.java:shutdownFollowerState(121)) - 14058016-3fcf-4920-991e-a5361899d5d7: shutdown 14058016-3fcf-4920-991e-a5361899d5d7@group-7AF80F2BCD78-FollowerState
2020-12-11 11:59:12,915 [Thread-1309] INFO  impl.RaftServerImpl (RaftServerImpl.java:setRole(204)) - 14058016-3fcf-4920-991e-a5361899d5d7@group-7AF80F2BCD78: changes role from  FOLLOWER to CANDIDATE at term 0 for changeToCandidate
2020-12-11 11:59:12,915 [Thread-1309] INFO  impl.RoleInfo (RoleInfo.java:updateAndGet(143)) - 14058016-3fcf-4920-991e-a5361899d5d7: start 14058016-3fcf-4920-991e-a5361899d5d7@group-7AF80F2BCD78-LeaderElection39
2020-12-11 11:59:12,920 [14058016-3fcf-4920-991e-a5361899d5d7@group-7AF80F2BCD78-LeaderElection39] INFO  impl.LeaderElection (LeaderElection.java:askForVotes(215)) - 14058016-3fcf-4920-991e-a5361899d5d7@group-7AF80F2BCD78-LeaderElection39: begin an election at term 1 for -1: [14058016-3fcf-4920-991e-a5361899d5d7|rpc:172.17.0.2:45451], old=null
2020-12-11 11:59:12,920 [14058016-3fcf-4920-991e-a5361899d5d7@group-7AF80F2BCD78-LeaderElection39] INFO  impl.RoleInfo (RoleInfo.java:shutdownLeaderElection(134)) - 14058016-3fcf-4920-991e-a5361899d5d7: shutdown 14058016-3fcf-4920-991e-a5361899d5d7@group-7AF80F2BCD78-LeaderElection39
2020-12-11 11:59:12,920 [14058016-3fcf-4920-991e-a5361899d5d7@group-7AF80F2BCD78-LeaderElection39] INFO  impl.RaftServerImpl (RaftServerImpl.java:setRole(204)) - 14058016-3fcf-4920-991e-a5361899d5d7@group-7AF80F2BCD78: changes role from CANDIDATE to LEADER at term 1 for changeToLeader
2020-12-11 11:59:12,920 [14058016-3fcf-4920-991e-a5361899d5d7@group-7AF80F2BCD78-LeaderElection39] INFO  ratis.XceiverServerRatis (XceiverServerRatis.java:handleLeaderChangedNotification(854)) - Leader change notification received for group: group-7AF80F2BCD78 with new leaderId: 14058016-3fcf-4920-991e-a5361899d5d7
2020-12-11 11:59:12,920 [14058016-3fcf-4920-991e-a5361899d5d7@group-7AF80F2BCD78-LeaderElection39] INFO  impl.RaftServerImpl (ServerState.java:setLeader(256)) - 14058016-3fcf-4920-991e-a5361899d5d7@group-7AF80F2BCD78: change Leader from null to 14058016-3fcf-4920-991e-a5361899d5d7 at term 1 for becomeLeader, leader elected after 5106ms
2020-12-11 11:59:12,920 [14058016-3fcf-4920-991e-a5361899d5d7@group-7AF80F2BCD78-LeaderElection39] INFO  server.RaftServerConfigKeys (ConfUtils.java:logGet(44)) - raft.server.staging.catchup.gap = 1000 (default)
2020-12-11 11:59:12,921 [14058016-3fcf-4920-991e-a5361899d5d7@group-7AF80F2BCD78-LeaderElection39] INFO  server.RaftServerConfigKeys (ConfUtils.java:logGet(44)) - raft.server.rpc.sleep.time = 25ms (default)
2020-12-11 11:59:12,921 [14058016-3fcf-4920-991e-a5361899d5d7@group-7AF80F2BCD78-LeaderElection39] INFO  metrics.RatisMetrics (RatisMetrics.java:lambda$create$0(36)) - Creating Metrics Registry : ratis.log_appender.14058016-3fcf-4920-991e-a5361899d5d7@group-7AF80F2BCD78
2020-12-11 11:59:12,921 [14058016-3fcf-4920-991e-a5361899d5d7@group-7AF80F2BCD78-LeaderElection39] INFO  server.RaftServerConfigKeys (ConfUtils.java:logGet(44)) - raft.server.write.element-limit = 1024 (custom)
2020-12-11 11:59:12,921 [14058016-3fcf-4920-991e-a5361899d5d7@group-7AF80F2BCD78-LeaderElection39] INFO  server.RaftServerConfigKeys (ConfUtils.java:logGet(44)) - raft.server.write.byte-limit = 1073741824 (custom)
2020-12-11 11:59:12,922 [14058016-3fcf-4920-991e-a5361899d5d7@group-7AF80F2BCD78-LeaderElection39] INFO  server.RaftServerConfigKeys (ConfUtils.java:logGet(44)) - raft.server.watch.timeout = 3000ms (custom)
2020-12-11 11:59:12,922 [14058016-3fcf-4920-991e-a5361899d5d7@group-7AF80F2BCD78-LeaderElection39] INFO  server.RaftServerConfigKeys (ConfUtils.java:logGet(44)) - raft.server.watch.timeout.denomination = 1s (default)
2020-12-11 11:59:12,922 [14058016-3fcf-4920-991e-a5361899d5d7@group-7AF80F2BCD78-LeaderElection39] INFO  server.RaftServerConfigKeys (ConfUtils.java:logGet(44)) - raft.server.watch.element-limit = 65536 (default)
2020-12-11 11:59:12,922 [14058016-3fcf-4920-991e-a5361899d5d7@group-7AF80F2BCD78-LeaderElection39] INFO  impl.RoleInfo (RoleInfo.java:updateAndGet(143)) - 14058016-3fcf-4920-991e-a5361899d5d7: start 14058016-3fcf-4920-991e-a5361899d5d7@group-7AF80F2BCD78-LeaderState
2020-12-11 11:59:12,922 [14058016-3fcf-4920-991e-a5361899d5d7@group-7AF80F2BCD78-LeaderElection39] INFO  segmented.SegmentedRaftLogWorker (SegmentedRaftLogWorker.java:startLogSegment(398)) - 14058016-3fcf-4920-991e-a5361899d5d7@group-7AF80F2BCD78-SegmentedRaftLogWorker: Starting segment from index:0
2020-12-11 11:59:12,923 [14058016-3fcf-4920-991e-a5361899d5d7@group-7AF80F2BCD78-LeaderElection39] INFO  impl.RaftServerImpl (ServerState.java:setRaftConf(374)) - 14058016-3fcf-4920-991e-a5361899d5d7@group-7AF80F2BCD78: set configuration 0: [14058016-3fcf-4920-991e-a5361899d5d7|rpc:172.17.0.2:45451|dataStream:], old=null at 0
2020-12-11 11:59:12,924 [14058016-3fcf-4920-991e-a5361899d5d7@group-7AF80F2BCD78-SegmentedRaftLogWorker] INFO  segmented.SegmentedRaftLogWorker (SegmentedRaftLogWorker.java:execute(597)) - 14058016-3fcf-4920-991e-a5361899d5d7@group-7AF80F2BCD78-SegmentedRaftLogWorker: created new log segment /github/workspace/mnt/ozone/hadoop-ozone/integration-test/target/test-dir/MiniOzoneClusterImpl-9e77629d-1495-4101-8eb0-46d1fa4d7a32/datanode-1/data/ratis/62408027-fa67-4bc6-b365-7af80f2bcd78/current/log_inprogress_0
2020-12-11 11:59:13,198 [Thread-1311] INFO  impl.FollowerState (FollowerState.java:run(128)) - a301dd64-f793-4e68-ac47-305a8ea93822@group-B70A46C6AF1F-FollowerState: change to CANDIDATE, lastRpcTime:5143ms, electionTimeout:5141ms
2020-12-11 11:59:13,198 [Thread-1311] INFO  impl.RoleInfo (RoleInfo.java:shutdownFollowerState(121)) - a301dd64-f793-4e68-ac47-305a8ea93822: shutdown a301dd64-f793-4e68-ac47-305a8ea93822@group-B70A46C6AF1F-FollowerState
2020-12-11 11:59:13,198 [Thread-1311] INFO  impl.RaftServerImpl (RaftServerImpl.java:setRole(204)) - a301dd64-f793-4e68-ac47-305a8ea93822@group-B70A46C6AF1F: changes role from  FOLLOWER to CANDIDATE at term 0 for changeToCandidate
2020-12-11 11:59:13,198 [Thread-1311] INFO  impl.RoleInfo (RoleInfo.java:updateAndGet(143)) - a301dd64-f793-4e68-ac47-305a8ea93822: start a301dd64-f793-4e68-ac47-305a8ea93822@group-B70A46C6AF1F-LeaderElection40
2020-12-11 11:59:13,203 [a301dd64-f793-4e68-ac47-305a8ea93822@group-B70A46C6AF1F-LeaderElection40] INFO  impl.LeaderElection (LeaderElection.java:askForVotes(215)) - a301dd64-f793-4e68-ac47-305a8ea93822@group-B70A46C6AF1F-LeaderElection40: begin an election at term 1 for -1: [a301dd64-f793-4e68-ac47-305a8ea93822|rpc:172.17.0.2:40329], old=null
2020-12-11 11:59:13,203 [a301dd64-f793-4e68-ac47-305a8ea93822@group-B70A46C6AF1F-LeaderElection40] INFO  impl.RoleInfo (RoleInfo.java:shutdownLeaderElection(134)) - a301dd64-f793-4e68-ac47-305a8ea93822: shutdown a301dd64-f793-4e68-ac47-305a8ea93822@group-B70A46C6AF1F-LeaderElection40
2020-12-11 11:59:13,203 [a301dd64-f793-4e68-ac47-305a8ea93822@group-B70A46C6AF1F-LeaderElection40] INFO  impl.RaftServerImpl (RaftServerImpl.java:setRole(204)) - a301dd64-f793-4e68-ac47-305a8ea93822@group-B70A46C6AF1F: changes role from CANDIDATE to LEADER at term 1 for changeToLeader
2020-12-11 11:59:13,203 [a301dd64-f793-4e68-ac47-305a8ea93822@group-B70A46C6AF1F-LeaderElection40] INFO  ratis.XceiverServerRatis (XceiverServerRatis.java:handleLeaderChangedNotification(854)) - Leader change notification received for group: group-B70A46C6AF1F with new leaderId: a301dd64-f793-4e68-ac47-305a8ea93822
2020-12-11 11:59:13,203 [a301dd64-f793-4e68-ac47-305a8ea93822@group-B70A46C6AF1F-LeaderElection40] INFO  impl.RaftServerImpl (ServerState.java:setLeader(256)) - a301dd64-f793-4e68-ac47-305a8ea93822@group-B70A46C6AF1F: change Leader from null to a301dd64-f793-4e68-ac47-305a8ea93822 at term 1 for becomeLeader, leader elected after 5161ms
2020-12-11 11:59:13,204 [a301dd64-f793-4e68-ac47-305a8ea93822@group-B70A46C6AF1F-LeaderElection40] INFO  server.RaftServerConfigKeys (ConfUtils.java:logGet(44)) - raft.server.staging.catchup.gap = 1000 (default)
2020-12-11 11:59:13,204 [a301dd64-f793-4e68-ac47-305a8ea93822@group-B70A46C6AF1F-LeaderElection40] INFO  server.RaftServerConfigKeys (ConfUtils.java:logGet(44)) - raft.server.rpc.sleep.time = 25ms (default)
2020-12-11 11:59:13,204 [a301dd64-f793-4e68-ac47-305a8ea93822@group-B70A46C6AF1F-LeaderElection40] INFO  metrics.RatisMetrics (RatisMetrics.java:lambda$create$0(36)) - Creating Metrics Registry : ratis.log_appender.a301dd64-f793-4e68-ac47-305a8ea93822@group-B70A46C6AF1F
2020-12-11 11:59:13,204 [a301dd64-f793-4e68-ac47-305a8ea93822@group-B70A46C6AF1F-LeaderElection40] INFO  server.RaftServerConfigKeys (ConfUtils.java:logGet(44)) - raft.server.write.element-limit = 1024 (custom)
2020-12-11 11:59:13,205 [a301dd64-f793-4e68-ac47-305a8ea93822@group-B70A46C6AF1F-LeaderElection40] INFO  server.RaftServerConfigKeys (ConfUtils.java:logGet(44)) - raft.server.write.byte-limit = 1073741824 (custom)
2020-12-11 11:59:13,205 [a301dd64-f793-4e68-ac47-305a8ea93822@group-B70A46C6AF1F-LeaderElection40] INFO  server.RaftServerConfigKeys (ConfUtils.java:logGet(44)) - raft.server.watch.timeout = 3000ms (custom)
2020-12-11 11:59:13,205 [a301dd64-f793-4e68-ac47-305a8ea93822@group-B70A46C6AF1F-LeaderElection40] INFO  server.RaftServerConfigKeys (ConfUtils.java:logGet(44)) - raft.server.watch.timeout.denomination = 1s (default)
2020-12-11 11:59:13,205 [a301dd64-f793-4e68-ac47-305a8ea93822@group-B70A46C6AF1F-LeaderElection40] INFO  server.RaftServerConfigKeys (ConfUtils.java:logGet(44)) - raft.server.watch.element-limit = 65536 (default)
2020-12-11 11:59:13,205 [a301dd64-f793-4e68-ac47-305a8ea93822@group-B70A46C6AF1F-LeaderElection40] INFO  impl.RoleInfo (RoleInfo.java:updateAndGet(143)) - a301dd64-f793-4e68-ac47-305a8ea93822: start a301dd64-f793-4e68-ac47-305a8ea93822@group-B70A46C6AF1F-LeaderState
2020-12-11 11:59:13,206 [a301dd64-f793-4e68-ac47-305a8ea93822@group-B70A46C6AF1F-LeaderElection40] INFO  segmented.SegmentedRaftLogWorker (SegmentedRaftLogWorker.java:startLogSegment(398)) - a301dd64-f793-4e68-ac47-305a8ea93822@group-B70A46C6AF1F-SegmentedRaftLogWorker: Starting segment from index:0
2020-12-11 11:59:13,206 [a301dd64-f793-4e68-ac47-305a8ea93822@group-B70A46C6AF1F-LeaderElection40] INFO  impl.RaftServerImpl (ServerState.java:setRaftConf(374)) - a301dd64-f793-4e68-ac47-305a8ea93822@group-B70A46C6AF1F: set configuration 0: [a301dd64-f793-4e68-ac47-305a8ea93822|rpc:172.17.0.2:40329|dataStream:], old=null at 0
2020-12-11 11:59:13,208 [a301dd64-f793-4e68-ac47-305a8ea93822@group-B70A46C6AF1F-SegmentedRaftLogWorker] INFO  segmented.SegmentedRaftLogWorker (SegmentedRaftLogWorker.java:execute(597)) - a301dd64-f793-4e68-ac47-305a8ea93822@group-B70A46C6AF1F-SegmentedRaftLogWorker: created new log segment /github/workspace/mnt/ozone/hadoop-ozone/integration-test/target/test-dir/MiniOzoneClusterImpl-9e77629d-1495-4101-8eb0-46d1fa4d7a32/datanode-2/data/ratis/46f9119a-92a3-4f85-9c67-b70a46c6af1f/current/log_inprogress_0
2020-12-11 11:59:13,458 [Thread-1313] INFO  impl.FollowerState (FollowerState.java:run(128)) - 14fff06d-4b2c-4584-8355-292f5629e732@group-2C43DEC16CF8-FollowerState: change to CANDIDATE, lastRpcTime:5020ms, electionTimeout:5020ms
2020-12-11 11:59:13,459 [Thread-1313] INFO  impl.RoleInfo (RoleInfo.java:shutdownFollowerState(121)) - 14fff06d-4b2c-4584-8355-292f5629e732: shutdown 14fff06d-4b2c-4584-8355-292f5629e732@group-2C43DEC16CF8-FollowerState
2020-12-11 11:59:13,459 [Thread-1313] INFO  impl.RaftServerImpl (RaftServerImpl.java:setRole(204)) - 14fff06d-4b2c-4584-8355-292f5629e732@group-2C43DEC16CF8: changes role from  FOLLOWER to CANDIDATE at term 0 for changeToCandidate
2020-12-11 11:59:13,459 [Thread-1313] INFO  impl.RoleInfo (RoleInfo.java:updateAndGet(143)) - 14fff06d-4b2c-4584-8355-292f5629e732: start 14fff06d-4b2c-4584-8355-292f5629e732@group-2C43DEC16CF8-LeaderElection41
2020-12-11 11:59:13,463 [14fff06d-4b2c-4584-8355-292f5629e732@group-2C43DEC16CF8-LeaderElection41] INFO  impl.LeaderElection (LeaderElection.java:askForVotes(215)) - 14fff06d-4b2c-4584-8355-292f5629e732@group-2C43DEC16CF8-LeaderElection41: begin an election at term 1 for -1: [14fff06d-4b2c-4584-8355-292f5629e732|rpc:172.17.0.2:45411], old=null
2020-12-11 11:59:13,463 [14fff06d-4b2c-4584-8355-292f5629e732@group-2C43DEC16CF8-LeaderElection41] INFO  impl.RoleInfo (RoleInfo.java:shutdownLeaderElection(134)) - 14fff06d-4b2c-4584-8355-292f5629e732: shutdown 14fff06d-4b2c-4584-8355-292f5629e732@group-2C43DEC16CF8-LeaderElection41
2020-12-11 11:59:13,463 [14fff06d-4b2c-4584-8355-292f5629e732@group-2C43DEC16CF8-LeaderElection41] INFO  impl.RaftServerImpl (RaftServerImpl.java:setRole(204)) - 14fff06d-4b2c-4584-8355-292f5629e732@group-2C43DEC16CF8: changes role from CANDIDATE to LEADER at term 1 for changeToLeader
2020-12-11 11:59:13,463 [14fff06d-4b2c-4584-8355-292f5629e732@group-2C43DEC16CF8-LeaderElection41] INFO  ratis.XceiverServerRatis (XceiverServerRatis.java:handleLeaderChangedNotification(854)) - Leader change notification received for group: group-2C43DEC16CF8 with new leaderId: 14fff06d-4b2c-4584-8355-292f5629e732
2020-12-11 11:59:13,463 [14fff06d-4b2c-4584-8355-292f5629e732@group-2C43DEC16CF8-LeaderElection41] INFO  impl.RaftServerImpl (ServerState.java:setLeader(256)) - 14fff06d-4b2c-4584-8355-292f5629e732@group-2C43DEC16CF8: change Leader from null to 14fff06d-4b2c-4584-8355-292f5629e732 at term 1 for becomeLeader, leader elected after 5034ms
2020-12-11 11:59:13,464 [14fff06d-4b2c-4584-8355-292f5629e732@group-2C43DEC16CF8-LeaderElection41] INFO  server.RaftServerConfigKeys (ConfUtils.java:logGet(44)) - raft.server.staging.catchup.gap = 1000 (default)
2020-12-11 11:59:13,464 [14fff06d-4b2c-4584-8355-292f5629e732@group-2C43DEC16CF8-LeaderElection41] INFO  server.RaftServerConfigKeys (ConfUtils.java:logGet(44)) - raft.server.rpc.sleep.time = 25ms (default)
2020-12-11 11:59:13,464 [14fff06d-4b2c-4584-8355-292f5629e732@group-2C43DEC16CF8-LeaderElection41] INFO  metrics.RatisMetrics (RatisMetrics.java:lambda$create$0(36)) - Creating Metrics Registry : ratis.log_appender.14fff06d-4b2c-4584-8355-292f5629e732@group-2C43DEC16CF8
2020-12-11 11:59:13,464 [14fff06d-4b2c-4584-8355-292f5629e732@group-2C43DEC16CF8-LeaderElection41] INFO  server.RaftServerConfigKeys (ConfUtils.java:logGet(44)) - raft.server.write.element-limit = 1024 (custom)
2020-12-11 11:59:13,464 [14fff06d-4b2c-4584-8355-292f5629e732@group-2C43DEC16CF8-LeaderElection41] INFO  server.RaftServerConfigKeys (ConfUtils.java:logGet(44)) - raft.server.write.byte-limit = 1073741824 (custom)
2020-12-11 11:59:13,465 [14fff06d-4b2c-4584-8355-292f5629e732@group-2C43DEC16CF8-LeaderElection41] INFO  server.RaftServerConfigKeys (ConfUtils.java:logGet(44)) - raft.server.watch.timeout = 3000ms (custom)
2020-12-11 11:59:13,465 [14fff06d-4b2c-4584-8355-292f5629e732@group-2C43DEC16CF8-LeaderElection41] INFO  server.RaftServerConfigKeys (ConfUtils.java:logGet(44)) - raft.server.watch.timeout.denomination = 1s (default)
2020-12-11 11:59:13,465 [14fff06d-4b2c-4584-8355-292f5629e732@group-2C43DEC16CF8-LeaderElection41] INFO  server.RaftServerConfigKeys (ConfUtils.java:logGet(44)) - raft.server.watch.element-limit = 65536 (default)
2020-12-11 11:59:13,465 [14fff06d-4b2c-4584-8355-292f5629e732@group-2C43DEC16CF8-LeaderElection41] INFO  impl.RoleInfo (RoleInfo.java:updateAndGet(143)) - 14fff06d-4b2c-4584-8355-292f5629e732: start 14fff06d-4b2c-4584-8355-292f5629e732@group-2C43DEC16CF8-LeaderState
2020-12-11 11:59:13,465 [14fff06d-4b2c-4584-8355-292f5629e732@group-2C43DEC16CF8-LeaderElection41] INFO  segmented.SegmentedRaftLogWorker (SegmentedRaftLogWorker.java:startLogSegment(398)) - 14fff06d-4b2c-4584-8355-292f5629e732@group-2C43DEC16CF8-SegmentedRaftLogWorker: Starting segment from index:0
2020-12-11 11:59:13,466 [14fff06d-4b2c-4584-8355-292f5629e732@group-2C43DEC16CF8-LeaderElection41] INFO  impl.RaftServerImpl (ServerState.java:setRaftConf(374)) - 14fff06d-4b2c-4584-8355-292f5629e732@group-2C43DEC16CF8: set configuration 0: [14fff06d-4b2c-4584-8355-292f5629e732|rpc:172.17.0.2:45411|dataStream:], old=null at 0
2020-12-11 11:59:13,467 [14fff06d-4b2c-4584-8355-292f5629e732@group-2C43DEC16CF8-SegmentedRaftLogWorker] INFO  segmented.SegmentedRaftLogWorker (SegmentedRaftLogWorker.java:execute(597)) - 14fff06d-4b2c-4584-8355-292f5629e732@group-2C43DEC16CF8-SegmentedRaftLogWorker: created new log segment /github/workspace/mnt/ozone/hadoop-ozone/integration-test/target/test-dir/MiniOzoneClusterImpl-9e77629d-1495-4101-8eb0-46d1fa4d7a32/datanode-3/data/ratis/b6226e72-dc23-4cf3-90c1-2c43dec16cf8/current/log_inprogress_0
2020-12-11 11:59:13,544 [Listener at 127.0.0.1/32773] INFO  ozone.MiniOzoneClusterImpl (MiniOzoneClusterImpl.java:lambda$waitForClusterToBeReady$0(178)) - Nodes are ready. Got 9 of 9 DN Heartbeats.
2020-12-11 11:59:13,545 [Listener at 127.0.0.1/32773] INFO  ozone.MiniOzoneClusterImpl (MiniOzoneClusterImpl.java:lambda$waitForClusterToBeReady$0(181)) - Cluster exits safe mode
2020-12-11 11:59:13,556 [Listener at 127.0.0.1/32773] INFO  rpc.RpcClient (RpcClient.java:createVolume(272)) - Creating Volume: watchforcommithandlingtest, with jenkins1001 as owner.
2020-12-11 11:59:13,557 [IPC Server handler 3 on default port 32773] INFO  volume.OMVolumeCreateRequest (OMVolumeCreateRequest.java:validateAndUpdateCache(196)) - created volume:watchforcommithandlingtest for user:jenkins1001
2020-12-11 11:59:13,564 [Thread-1315] INFO  impl.FollowerState (FollowerState.java:run(128)) - 14fff06d-4b2c-4584-8355-292f5629e732@group-8C72AF07F9E8-FollowerState: change to CANDIDATE, lastRpcTime:5111ms, electionTimeout:5107ms
2020-12-11 11:59:13,565 [Thread-1315] INFO  impl.RoleInfo (RoleInfo.java:shutdownFollowerState(121)) - 14fff06d-4b2c-4584-8355-292f5629e732: shutdown 14fff06d-4b2c-4584-8355-292f5629e732@group-8C72AF07F9E8-FollowerState
2020-12-11 11:59:13,565 [Thread-1315] INFO  impl.RaftServerImpl (RaftServerImpl.java:setRole(204)) - 14fff06d-4b2c-4584-8355-292f5629e732@group-8C72AF07F9E8: changes role from  FOLLOWER to CANDIDATE at term 0 for changeToCandidate
2020-12-11 11:59:13,565 [Thread-1315] INFO  impl.RoleInfo (RoleInfo.java:updateAndGet(143)) - 14fff06d-4b2c-4584-8355-292f5629e732: start 14fff06d-4b2c-4584-8355-292f5629e732@group-8C72AF07F9E8-LeaderElection42
2020-12-11 11:59:13,568 [Listener at 127.0.0.1/32773] INFO  rpc.RpcClient (RpcClient.java:createBucket(425)) - Creating Bucket: watchforcommithandlingtest/watchforcommithandlingtest, with Versioning false and Storage Type set to DISK and Encryption set to false 
2020-12-11 11:59:13,571 [Listener at 127.0.0.1/32773] INFO  ozone.MiniOzoneClusterImpl (MiniOzoneClusterImpl.java:getStorageContainerLocationClient(290)) - Creating StorageContainerLocationProtocol RPC client with address /0.0.0.0:34031
2020-12-11 11:59:13,580 [14fff06d-4b2c-4584-8355-292f5629e732@group-8C72AF07F9E8-LeaderElection42] INFO  impl.LeaderElection (LeaderElection.java:askForVotes(215)) - 14fff06d-4b2c-4584-8355-292f5629e732@group-8C72AF07F9E8-LeaderElection42: begin an election at term 1 for -1: [6ceb72e1-9dfc-406c-bbba-66398b5fee3f|rpc:172.17.0.2:42665, ce7b29ad-df73-4c8e-895b-c9a715706485|rpc:172.17.0.2:37077, 14fff06d-4b2c-4584-8355-292f5629e732|rpc:172.17.0.2:45411], old=null
2020-12-11 11:59:13,580 [Thread-1317] INFO  impl.FollowerState (FollowerState.java:run(128)) - ce7b29ad-df73-4c8e-895b-c9a715706485@group-8C72AF07F9E8-FollowerState: change to CANDIDATE, lastRpcTime:5097ms, electionTimeout:5097ms
2020-12-11 11:59:13,581 [Thread-1317] INFO  impl.RoleInfo (RoleInfo.java:shutdownFollowerState(121)) - ce7b29ad-df73-4c8e-895b-c9a715706485: shutdown ce7b29ad-df73-4c8e-895b-c9a715706485@group-8C72AF07F9E8-FollowerState
2020-12-11 11:59:13,581 [Thread-1317] INFO  impl.RaftServerImpl (RaftServerImpl.java:setRole(204)) - ce7b29ad-df73-4c8e-895b-c9a715706485@group-8C72AF07F9E8: changes role from  FOLLOWER to CANDIDATE at term 0 for changeToCandidate
2020-12-11 11:59:13,581 [Thread-1317] INFO  impl.RoleInfo (RoleInfo.java:updateAndGet(143)) - ce7b29ad-df73-4c8e-895b-c9a715706485: start ce7b29ad-df73-4c8e-895b-c9a715706485@group-8C72AF07F9E8-LeaderElection43
2020-12-11 11:59:13,593 [Listener at 127.0.0.1/32773] INFO  metrics.RatisMetrics (RatisMetrics.java:lambda$create$0(36)) - Creating Metrics Registry : ratis.client_message_metrics.client-C6574D9959EB->a301dd64-f793-4e68-ac47-305a8ea93822
2020-12-11 11:59:13,604 [org.apache.ratis.server.JvmPauseMonitor@27b12fe5-Monitor] WARN  server.JvmPauseMonitor (JvmPauseMonitor.java:run(141)) - Detected pause in JVM or host machine (eg GC): pause of approximately 4ms
No GCs detected
2020-12-11 11:59:13,604 [ce7b29ad-df73-4c8e-895b-c9a715706485@group-8C72AF07F9E8-LeaderElection43] INFO  impl.LeaderElection (LeaderElection.java:askForVotes(215)) - ce7b29ad-df73-4c8e-895b-c9a715706485@group-8C72AF07F9E8-LeaderElection43: begin an election at term 1 for -1: [6ceb72e1-9dfc-406c-bbba-66398b5fee3f|rpc:172.17.0.2:42665|dataStream:, ce7b29ad-df73-4c8e-895b-c9a715706485|rpc:172.17.0.2:37077|dataStream:, 14fff06d-4b2c-4584-8355-292f5629e732|rpc:172.17.0.2:45411|dataStream:], old=null
2020-12-11 11:59:13,623 [grpc-default-executor-6] INFO  impl.RaftServerImpl (RaftServerImpl.java:setRole(204)) - 6ceb72e1-9dfc-406c-bbba-66398b5fee3f@group-8C72AF07F9E8: changes role from  FOLLOWER to FOLLOWER at term 1 for recognizeCandidate:14fff06d-4b2c-4584-8355-292f5629e732
2020-12-11 11:59:13,623 [grpc-default-executor-6] INFO  impl.RoleInfo (RoleInfo.java:shutdownFollowerState(121)) - 6ceb72e1-9dfc-406c-bbba-66398b5fee3f: shutdown 6ceb72e1-9dfc-406c-bbba-66398b5fee3f@group-8C72AF07F9E8-FollowerState
2020-12-11 11:59:13,623 [grpc-default-executor-6] INFO  impl.RoleInfo (RoleInfo.java:updateAndGet(143)) - 6ceb72e1-9dfc-406c-bbba-66398b5fee3f: start 6ceb72e1-9dfc-406c-bbba-66398b5fee3f@group-8C72AF07F9E8-FollowerState
2020-12-11 11:59:13,623 [Thread-1320] INFO  impl.FollowerState (FollowerState.java:run(137)) - 6ceb72e1-9dfc-406c-bbba-66398b5fee3f@group-8C72AF07F9E8-FollowerState was interrupted: {}
java.lang.InterruptedException: sleep interrupted
	at java.lang.Thread.sleep(Native Method)
	at org.apache.ratis.util.JavaUtils.sleep(JavaUtils.java:250)
	at org.apache.ratis.server.impl.FollowerState.run(FollowerState.java:116)
2020-12-11 11:59:13,625 [grpc-default-executor-6] INFO  impl.RaftServerImpl (RaftServerImpl.java:requestVote(963)) -  FOLLOWER 6ceb72e1-9dfc-406c-bbba-66398b5fee3f@group-8C72AF07F9E8:t1, leader=null, voted=null, raftlog=6ceb72e1-9dfc-406c-bbba-66398b5fee3f@group-8C72AF07F9E8-SegmentedRaftLog:OPENED:c-1,f-1,i0, conf=-1: [6ceb72e1-9dfc-406c-bbba-66398b5fee3f|rpc:172.17.0.2:42665|dataStream:, ce7b29ad-df73-4c8e-895b-c9a715706485|rpc:172.17.0.2:37077|dataStream:, 14fff06d-4b2c-4584-8355-292f5629e732|rpc:172.17.0.2:45411|dataStream:], old=null RUNNING priority:0 candidate:14fff06d-4b2c-4584-8355-292f5629e732|rpc:172.17.0.2:45411|dataStream: candidatePriority:0 compare:0
2020-12-11 11:59:13,634 [14fff06d-4b2c-4584-8355-292f5629e732@group-8C72AF07F9E8-LeaderElection42] INFO  impl.LeaderElection (LeaderElection.java:logAndReturn(65)) - 14fff06d-4b2c-4584-8355-292f5629e732@group-8C72AF07F9E8-LeaderElection42: Election PASSED; received 2 response(s) [14fff06d-4b2c-4584-8355-292f5629e732<-6ceb72e1-9dfc-406c-bbba-66398b5fee3f#0:OK-t1, 14fff06d-4b2c-4584-8355-292f5629e732<-ce7b29ad-df73-4c8e-895b-c9a715706485#0:FAIL-t1] and 0 exception(s); 14fff06d-4b2c-4584-8355-292f5629e732@group-8C72AF07F9E8:t1, leader=null, voted=14fff06d-4b2c-4584-8355-292f5629e732, raftlog=14fff06d-4b2c-4584-8355-292f5629e732@group-8C72AF07F9E8-SegmentedRaftLog:OPENED:c-1,f-1,i0, conf=-1: [6ceb72e1-9dfc-406c-bbba-66398b5fee3f|rpc:172.17.0.2:42665, ce7b29ad-df73-4c8e-895b-c9a715706485|rpc:172.17.0.2:37077, 14fff06d-4b2c-4584-8355-292f5629e732|rpc:172.17.0.2:45411], old=null
2020-12-11 11:59:13,634 [14fff06d-4b2c-4584-8355-292f5629e732@group-8C72AF07F9E8-LeaderElection42] INFO  impl.RoleInfo (RoleInfo.java:shutdownLeaderElection(134)) - 14fff06d-4b2c-4584-8355-292f5629e732: shutdown 14fff06d-4b2c-4584-8355-292f5629e732@group-8C72AF07F9E8-LeaderElection42
2020-12-11 11:59:13,635 [14fff06d-4b2c-4584-8355-292f5629e732@group-8C72AF07F9E8-LeaderElection42] INFO  impl.RaftServerImpl (RaftServerImpl.java:setRole(204)) - 14fff06d-4b2c-4584-8355-292f5629e732@group-8C72AF07F9E8: changes role from CANDIDATE to LEADER at term 1 for changeToLeader
2020-12-11 11:59:13,635 [14fff06d-4b2c-4584-8355-292f5629e732@group-8C72AF07F9E8-LeaderElection42] INFO  ratis.XceiverServerRatis (XceiverServerRatis.java:handleLeaderChangedNotification(854)) - Leader change notification received for group: group-8C72AF07F9E8 with new leaderId: 14fff06d-4b2c-4584-8355-292f5629e732
2020-12-11 11:59:13,635 [14fff06d-4b2c-4584-8355-292f5629e732@group-8C72AF07F9E8-LeaderElection42] INFO  impl.RaftServerImpl (ServerState.java:setLeader(256)) - 14fff06d-4b2c-4584-8355-292f5629e732@group-8C72AF07F9E8: change Leader from null to 14fff06d-4b2c-4584-8355-292f5629e732 at term 1 for becomeLeader, leader elected after 5190ms
2020-12-11 11:59:13,635 [14fff06d-4b2c-4584-8355-292f5629e732@group-8C72AF07F9E8-LeaderElection42] INFO  server.RaftServerConfigKeys (ConfUtils.java:logGet(44)) - raft.server.staging.catchup.gap = 1000 (default)
2020-12-11 11:59:13,635 [14fff06d-4b2c-4584-8355-292f5629e732@group-8C72AF07F9E8-LeaderElection42] INFO  server.RaftServerConfigKeys (ConfUtils.java:logGet(44)) - raft.server.rpc.sleep.time = 25ms (default)
2020-12-11 11:59:13,635 [14fff06d-4b2c-4584-8355-292f5629e732@group-8C72AF07F9E8-LeaderElection42] INFO  metrics.RatisMetrics (RatisMetrics.java:lambda$create$0(36)) - Creating Metrics Registry : ratis.log_appender.14fff06d-4b2c-4584-8355-292f5629e732@group-8C72AF07F9E8
2020-12-11 11:59:13,636 [14fff06d-4b2c-4584-8355-292f5629e732@group-8C72AF07F9E8-LeaderElection42] INFO  server.RaftServerConfigKeys (ConfUtils.java:logGet(44)) - raft.server.write.element-limit = 1024 (custom)
2020-12-11 11:59:13,636 [14fff06d-4b2c-4584-8355-292f5629e732@group-8C72AF07F9E8-LeaderElection42] INFO  server.RaftServerConfigKeys (ConfUtils.java:logGet(44)) - raft.server.write.byte-limit = 1073741824 (custom)
2020-12-11 11:59:13,635 [grpc-default-executor-6] INFO  metrics.RatisMetrics (RatisMetrics.java:lambda$create$0(36)) - Creating Metrics Registry : ratis.server_message_metrics.14fff06d-4b2c-4584-8355-292f5629e732
2020-12-11 11:59:13,638 [EventQueue-PipelineReportForPipelineReportHandler] INFO  pipeline.PipelineStateManager (PipelineStateManager.java:openPipeline(132)) - Pipeline Pipeline[ Id: bbf59e26-eb73-4b4f-ac5f-8c72af07f9e8, Nodes: ce7b29ad-df73-4c8e-895b-c9a715706485{ip: 172.17.0.2, host: 302fe02fdb76, networkLocation: /default-rack, certSerialId: null, persistedOpState: IN_SERVICE, persistedOpStateExpiryEpochSec: 0}6ceb72e1-9dfc-406c-bbba-66398b5fee3f{ip: 172.17.0.2, host: 302fe02fdb76, networkLocation: /default-rack, certSerialId: null, persistedOpState: IN_SERVICE, persistedOpStateExpiryEpochSec: 0}14fff06d-4b2c-4584-8355-292f5629e732{ip: 172.17.0.2, host: 302fe02fdb76, networkLocation: /default-rack, certSerialId: null, persistedOpState: IN_SERVICE, persistedOpStateExpiryEpochSec: 0}, Type:RATIS, Factor:THREE, State:ALLOCATED, leaderId:14fff06d-4b2c-4584-8355-292f5629e732, CreationTimestamp2020-12-11T11:59:05.861Z] moved to OPEN state
2020-12-11 11:59:13,638 [14fff06d-4b2c-4584-8355-292f5629e732@group-8C72AF07F9E8-LeaderElection42] INFO  server.RaftServerConfigKeys (ConfUtils.java:logGet(44)) - raft.server.watch.timeout = 3000ms (custom)
2020-12-11 11:59:13,640 [14fff06d-4b2c-4584-8355-292f5629e732@group-8C72AF07F9E8-LeaderElection42] INFO  server.RaftServerConfigKeys (ConfUtils.java:logGet(44)) - raft.server.watch.timeout.denomination = 1s (default)
2020-12-11 11:59:13,640 [14fff06d-4b2c-4584-8355-292f5629e732@group-8C72AF07F9E8-LeaderElection42] INFO  server.RaftServerConfigKeys (ConfUtils.java:logGet(44)) - raft.server.watch.element-limit = 65536 (default)
2020-12-11 11:59:13,640 [14fff06d-4b2c-4584-8355-292f5629e732@group-8C72AF07F9E8-LeaderElection42] INFO  server.RaftServerConfigKeys (ConfUtils.java:logGet(44)) - raft.server.log.appender.snapshot.chunk.size.max = 16MB (=16777216) (default)
2020-12-11 11:59:13,640 [14fff06d-4b2c-4584-8355-292f5629e732@group-8C72AF07F9E8-LeaderElection42] INFO  server.RaftServerConfigKeys (ConfUtils.java:logGet(44)) - raft.server.log.appender.buffer.byte-limit = 33554432 (custom)
2020-12-11 11:59:13,641 [14fff06d-4b2c-4584-8355-292f5629e732@group-8C72AF07F9E8-LeaderElection42] INFO  server.RaftServerConfigKeys (ConfUtils.java:logGet(44)) - raft.server.log.appender.buffer.element-limit = 1 (custom)
2020-12-11 11:59:13,641 [14fff06d-4b2c-4584-8355-292f5629e732@group-8C72AF07F9E8-LeaderElection42] INFO  grpc.GrpcConfigKeys (ConfUtils.java:logGet(44)) - raft.grpc.server.leader.outstanding.appends.max = 128 (default)
2020-12-11 11:59:13,641 [14fff06d-4b2c-4584-8355-292f5629e732@group-8C72AF07F9E8-LeaderElection42] INFO  server.RaftServerConfigKeys (ConfUtils.java:logGet(44)) - raft.server.rpc.request.timeout = 3000ms (default)
2020-12-11 11:59:13,641 [14fff06d-4b2c-4584-8355-292f5629e732@group-8C72AF07F9E8-LeaderElection42] INFO  server.RaftServerConfigKeys (ConfUtils.java:logGet(44)) - raft.server.log.appender.install.snapshot.enabled = false (custom)
2020-12-11 11:59:13,641 [14fff06d-4b2c-4584-8355-292f5629e732@group-8C72AF07F9E8-LeaderElection42] INFO  metrics.RatisMetrics (RatisMetrics.java:lambda$create$0(36)) - Creating Metrics Registry : ratis_grpc.log_appender.14fff06d-4b2c-4584-8355-292f5629e732@group-8C72AF07F9E8
2020-12-11 11:59:13,646 [14fff06d-4b2c-4584-8355-292f5629e732@group-8C72AF07F9E8-LeaderElection42] INFO  server.RaftServerConfigKeys (ConfUtils.java:logGet(44)) - raft.server.log.appender.snapshot.chunk.size.max = 16MB (=16777216) (default)
2020-12-11 11:59:13,646 [14fff06d-4b2c-4584-8355-292f5629e732@group-8C72AF07F9E8-LeaderElection42] INFO  server.RaftServerConfigKeys (ConfUtils.java:logGet(44)) - raft.server.log.appender.buffer.byte-limit = 33554432 (custom)
2020-12-11 11:59:13,651 [14fff06d-4b2c-4584-8355-292f5629e732@group-8C72AF07F9E8-LeaderElection42] INFO  server.RaftServerConfigKeys (ConfUtils.java:logGet(44)) - raft.server.log.appender.buffer.element-limit = 1 (custom)
2020-12-11 11:59:13,651 [14fff06d-4b2c-4584-8355-292f5629e732@group-8C72AF07F9E8-LeaderElection42] INFO  grpc.GrpcConfigKeys (ConfUtils.java:logGet(44)) - raft.grpc.server.leader.outstanding.appends.max = 128 (default)
2020-12-11 11:59:13,651 [14fff06d-4b2c-4584-8355-292f5629e732@group-8C72AF07F9E8-LeaderElection42] INFO  server.RaftServerConfigKeys (ConfUtils.java:logGet(44)) - raft.server.rpc.request.timeout = 3000ms (default)
2020-12-11 11:59:13,652 [14fff06d-4b2c-4584-8355-292f5629e732@group-8C72AF07F9E8-LeaderElection42] INFO  server.RaftServerConfigKeys (ConfUtils.java:logGet(44)) - raft.server.log.appender.install.snapshot.enabled = false (custom)
2020-12-11 11:59:13,654 [14fff06d-4b2c-4584-8355-292f5629e732@group-8C72AF07F9E8-LeaderElection42] INFO  impl.RoleInfo (RoleInfo.java:updateAndGet(143)) - 14fff06d-4b2c-4584-8355-292f5629e732: start 14fff06d-4b2c-4584-8355-292f5629e732@group-8C72AF07F9E8-LeaderState
2020-12-11 11:59:13,655 [14fff06d-4b2c-4584-8355-292f5629e732@group-8C72AF07F9E8-LeaderElection42] INFO  segmented.SegmentedRaftLogWorker (SegmentedRaftLogWorker.java:startLogSegment(398)) - 14fff06d-4b2c-4584-8355-292f5629e732@group-8C72AF07F9E8-SegmentedRaftLogWorker: Starting segment from index:0
2020-12-11 11:59:13,664 [14fff06d-4b2c-4584-8355-292f5629e732@group-8C72AF07F9E8-SegmentedRaftLogWorker] INFO  segmented.SegmentedRaftLogWorker (SegmentedRaftLogWorker.java:execute(597)) - 14fff06d-4b2c-4584-8355-292f5629e732@group-8C72AF07F9E8-SegmentedRaftLogWorker: created new log segment /github/workspace/mnt/ozone/hadoop-ozone/integration-test/target/test-dir/MiniOzoneClusterImpl-9e77629d-1495-4101-8eb0-46d1fa4d7a32/datanode-3/data/ratis/bbf59e26-eb73-4b4f-ac5f-8c72af07f9e8/current/log_inprogress_0
2020-12-11 11:59:13,684 [14fff06d-4b2c-4584-8355-292f5629e732@group-8C72AF07F9E8-LeaderElection42] INFO  impl.RaftServerImpl (ServerState.java:setRaftConf(374)) - 14fff06d-4b2c-4584-8355-292f5629e732@group-8C72AF07F9E8: set configuration 0: [6ceb72e1-9dfc-406c-bbba-66398b5fee3f|rpc:172.17.0.2:42665|dataStream:, ce7b29ad-df73-4c8e-895b-c9a715706485|rpc:172.17.0.2:37077|dataStream:, 14fff06d-4b2c-4584-8355-292f5629e732|rpc:172.17.0.2:45411|dataStream:], old=null at 0
2020-12-11 11:59:13,687 [grpc-default-executor-6] INFO  impl.RaftServerImpl (RaftServerImpl.java:requestVote(953)) - 14fff06d-4b2c-4584-8355-292f5629e732@group-8C72AF07F9E8-   LEADER: Withhold vote from candidate ce7b29ad-df73-4c8e-895b-c9a715706485 with term 1. State: leader=14fff06d-4b2c-4584-8355-292f5629e732, term=1, lastRpcElapsed=null
2020-12-11 11:59:13,704 [ce7b29ad-df73-4c8e-895b-c9a715706485@group-8C72AF07F9E8-LeaderElection43] INFO  impl.LeaderElection (LeaderElection.java:logAndReturn(65)) - ce7b29ad-df73-4c8e-895b-c9a715706485@group-8C72AF07F9E8-LeaderElection43: Election REJECTED; received 2 response(s) [ce7b29ad-df73-4c8e-895b-c9a715706485<-6ceb72e1-9dfc-406c-bbba-66398b5fee3f#0:FAIL-t1, ce7b29ad-df73-4c8e-895b-c9a715706485<-14fff06d-4b2c-4584-8355-292f5629e732#0:FAIL-t1] and 0 exception(s); ce7b29ad-df73-4c8e-895b-c9a715706485@group-8C72AF07F9E8:t1, leader=null, voted=ce7b29ad-df73-4c8e-895b-c9a715706485, raftlog=ce7b29ad-df73-4c8e-895b-c9a715706485@group-8C72AF07F9E8-SegmentedRaftLog:OPENED:c-1,f-1,i0, conf=-1: [6ceb72e1-9dfc-406c-bbba-66398b5fee3f|rpc:172.17.0.2:42665|dataStream:, ce7b29ad-df73-4c8e-895b-c9a715706485|rpc:172.17.0.2:37077|dataStream:, 14fff06d-4b2c-4584-8355-292f5629e732|rpc:172.17.0.2:45411|dataStream:], old=null
2020-12-11 11:59:13,704 [ce7b29ad-df73-4c8e-895b-c9a715706485@group-8C72AF07F9E8-LeaderElection43] INFO  impl.RaftServerImpl (RaftServerImpl.java:setRole(204)) - ce7b29ad-df73-4c8e-895b-c9a715706485@group-8C72AF07F9E8: changes role from CANDIDATE to FOLLOWER at term 1 for DISCOVERED_A_NEW_TERM
2020-12-11 11:59:13,704 [ce7b29ad-df73-4c8e-895b-c9a715706485@group-8C72AF07F9E8-LeaderElection43] INFO  impl.RoleInfo (RoleInfo.java:shutdownLeaderElection(134)) - ce7b29ad-df73-4c8e-895b-c9a715706485: shutdown ce7b29ad-df73-4c8e-895b-c9a715706485@group-8C72AF07F9E8-LeaderElection43
2020-12-11 11:59:13,704 [ce7b29ad-df73-4c8e-895b-c9a715706485@group-8C72AF07F9E8-LeaderElection43] INFO  impl.RoleInfo (RoleInfo.java:updateAndGet(143)) - ce7b29ad-df73-4c8e-895b-c9a715706485: start ce7b29ad-df73-4c8e-895b-c9a715706485@group-8C72AF07F9E8-FollowerState
2020-12-11 11:59:13,710 [grpc-default-executor-6] INFO  ratis.XceiverServerRatis (XceiverServerRatis.java:handleLeaderChangedNotification(854)) - Leader change notification received for group: group-8C72AF07F9E8 with new leaderId: 14fff06d-4b2c-4584-8355-292f5629e732
2020-12-11 11:59:13,723 [grpc-default-executor-6] INFO  impl.RaftServerImpl (ServerState.java:setLeader(256)) - 6ceb72e1-9dfc-406c-bbba-66398b5fee3f@group-8C72AF07F9E8: change Leader from null to 14fff06d-4b2c-4584-8355-292f5629e732 at term 1 for appendEntries, leader elected after 5205ms
2020-12-11 11:59:13,714 [grpc-default-executor-5] INFO  ratis.XceiverServerRatis (XceiverServerRatis.java:handleLeaderChangedNotification(854)) - Leader change notification received for group: group-8C72AF07F9E8 with new leaderId: 14fff06d-4b2c-4584-8355-292f5629e732
2020-12-11 11:59:13,723 [grpc-default-executor-5] INFO  impl.RaftServerImpl (ServerState.java:setLeader(256)) - ce7b29ad-df73-4c8e-895b-c9a715706485@group-8C72AF07F9E8: change Leader from null to 14fff06d-4b2c-4584-8355-292f5629e732 at term 1 for appendEntries, leader elected after 5239ms
2020-12-11 11:59:13,728 [Listener at 127.0.0.1/32773] INFO  pipeline.SCMPipelineManager (SCMPipelineManager.java:finalizeAndDestroyPipeline(482)) - Destroying pipeline:Pipeline[ Id: 82ba59fa-dd35-4d4e-a61e-59b281828b58, Nodes: 675d35ba-bb57-4ae2-b121-2cd47ec358f4{ip: 172.17.0.2, host: 302fe02fdb76, networkLocation: /default-rack, certSerialId: null, persistedOpState: IN_SERVICE, persistedOpStateExpiryEpochSec: 0}a301dd64-f793-4e68-ac47-305a8ea93822{ip: 172.17.0.2, host: 302fe02fdb76, networkLocation: /default-rack, certSerialId: null, persistedOpState: IN_SERVICE, persistedOpStateExpiryEpochSec: 0}14058016-3fcf-4920-991e-a5361899d5d7{ip: 172.17.0.2, host: 302fe02fdb76, networkLocation: /default-rack, certSerialId: null, persistedOpState: IN_SERVICE, persistedOpStateExpiryEpochSec: 0}, Type:RATIS, Factor:THREE, State:OPEN, leaderId:a301dd64-f793-4e68-ac47-305a8ea93822, CreationTimestamp2020-12-11T11:59:05.040Z]
2020-12-11 11:59:13,728 [Listener at 127.0.0.1/32773] INFO  pipeline.PipelineStateManager (PipelineStateManager.java:finalizePipeline(121)) - Pipeline Pipeline[ Id: 82ba59fa-dd35-4d4e-a61e-59b281828b58, Nodes: 675d35ba-bb57-4ae2-b121-2cd47ec358f4{ip: 172.17.0.2, host: 302fe02fdb76, networkLocation: /default-rack, certSerialId: null, persistedOpState: IN_SERVICE, persistedOpStateExpiryEpochSec: 0}a301dd64-f793-4e68-ac47-305a8ea93822{ip: 172.17.0.2, host: 302fe02fdb76, networkLocation: /default-rack, certSerialId: null, persistedOpState: IN_SERVICE, persistedOpStateExpiryEpochSec: 0}14058016-3fcf-4920-991e-a5361899d5d7{ip: 172.17.0.2, host: 302fe02fdb76, networkLocation: /default-rack, certSerialId: null, persistedOpState: IN_SERVICE, persistedOpStateExpiryEpochSec: 0}, Type:RATIS, Factor:THREE, State:CLOSED, leaderId:a301dd64-f793-4e68-ac47-305a8ea93822, CreationTimestamp2020-12-11T11:59:05.040Z] moved to CLOSED state
2020-12-11 11:59:13,728 [grpc-default-executor-6] INFO  impl.RaftServerImpl (ServerState.java:setRaftConf(374)) - 6ceb72e1-9dfc-406c-bbba-66398b5fee3f@group-8C72AF07F9E8: set configuration 0: [6ceb72e1-9dfc-406c-bbba-66398b5fee3f|rpc:172.17.0.2:42665|dataStream:, ce7b29ad-df73-4c8e-895b-c9a715706485|rpc:172.17.0.2:37077|dataStream:, 14fff06d-4b2c-4584-8355-292f5629e732|rpc:172.17.0.2:45411|dataStream:], old=null at 0
2020-12-11 11:59:13,742 [grpc-default-executor-6] INFO  segmented.SegmentedRaftLogWorker (SegmentedRaftLogWorker.java:startLogSegment(398)) - 6ceb72e1-9dfc-406c-bbba-66398b5fee3f@group-8C72AF07F9E8-SegmentedRaftLogWorker: Starting segment from index:0
2020-12-11 11:59:13,743 [EventQueue-CloseContainerForCloseContainerEventHandler] INFO  container.CloseContainerEventHandler (CloseContainerEventHandler.java:onMessage(61)) - Close container Event triggered for container : #1
2020-12-11 11:59:13,747 [6ceb72e1-9dfc-406c-bbba-66398b5fee3f@group-8C72AF07F9E8-SegmentedRaftLogWorker] INFO  segmented.SegmentedRaftLogWorker (SegmentedRaftLogWorker.java:execute(597)) - 6ceb72e1-9dfc-406c-bbba-66398b5fee3f@group-8C72AF07F9E8-SegmentedRaftLogWorker: created new log segment /github/workspace/mnt/ozone/hadoop-ozone/integration-test/target/test-dir/MiniOzoneClusterImpl-9e77629d-1495-4101-8eb0-46d1fa4d7a32/datanode-5/data/ratis/bbf59e26-eb73-4b4f-ac5f-8c72af07f9e8/current/log_inprogress_0
2020-12-11 11:59:13,745 [grpc-default-executor-5] INFO  impl.RaftServerImpl (ServerState.java:setRaftConf(374)) - ce7b29ad-df73-4c8e-895b-c9a715706485@group-8C72AF07F9E8: set configuration 0: [6ceb72e1-9dfc-406c-bbba-66398b5fee3f|rpc:172.17.0.2:42665|dataStream:, ce7b29ad-df73-4c8e-895b-c9a715706485|rpc:172.17.0.2:37077|dataStream:, 14fff06d-4b2c-4584-8355-292f5629e732|rpc:172.17.0.2:45411|dataStream:], old=null at 0
2020-12-11 11:59:13,743 [Listener at 127.0.0.1/32773] INFO  pipeline.RatisPipelineProvider (RatisPipelineProvider.java:lambda$close$1(199)) - Send pipeline:PipelineID=82ba59fa-dd35-4d4e-a61e-59b281828b58 close command to datanode 675d35ba-bb57-4ae2-b121-2cd47ec358f4
2020-12-11 11:59:13,764 [Listener at 127.0.0.1/32773] INFO  pipeline.RatisPipelineProvider (RatisPipelineProvider.java:lambda$close$1(199)) - Send pipeline:PipelineID=82ba59fa-dd35-4d4e-a61e-59b281828b58 close command to datanode a301dd64-f793-4e68-ac47-305a8ea93822
2020-12-11 11:59:13,764 [Listener at 127.0.0.1/32773] INFO  pipeline.RatisPipelineProvider (RatisPipelineProvider.java:lambda$close$1(199)) - Send pipeline:PipelineID=82ba59fa-dd35-4d4e-a61e-59b281828b58 close command to datanode 14058016-3fcf-4920-991e-a5361899d5d7
2020-12-11 11:59:13,764 [Listener at 127.0.0.1/32773] INFO  pipeline.PipelineStateManager (PipelineStateManager.java:removePipeline(106)) - Pipeline Pipeline[ Id: 82ba59fa-dd35-4d4e-a61e-59b281828b58, Nodes: 675d35ba-bb57-4ae2-b121-2cd47ec358f4{ip: 172.17.0.2, host: 302fe02fdb76, networkLocation: /default-rack, certSerialId: null, persistedOpState: IN_SERVICE, persistedOpStateExpiryEpochSec: 0}a301dd64-f793-4e68-ac47-305a8ea93822{ip: 172.17.0.2, host: 302fe02fdb76, networkLocation: /default-rack, certSerialId: null, persistedOpState: IN_SERVICE, persistedOpStateExpiryEpochSec: 0}14058016-3fcf-4920-991e-a5361899d5d7{ip: 172.17.0.2, host: 302fe02fdb76, networkLocation: /default-rack, certSerialId: null, persistedOpState: IN_SERVICE, persistedOpStateExpiryEpochSec: 0}, Type:RATIS, Factor:THREE, State:CLOSED, leaderId:a301dd64-f793-4e68-ac47-305a8ea93822, CreationTimestamp2020-12-11T11:59:05.040Z] removed from db
2020-12-11 11:59:13,765 [Listener at 127.0.0.1/32773] INFO  impl.RaftServerProxy (RaftServerProxy.java:remove(104)) - 675d35ba-bb57-4ae2-b121-2cd47ec358f4: remove  FOLLOWER 675d35ba-bb57-4ae2-b121-2cd47ec358f4@group-59B281828B58:t1, leader=a301dd64-f793-4e68-ac47-305a8ea93822, voted=675d35ba-bb57-4ae2-b121-2cd47ec358f4, raftlog=675d35ba-bb57-4ae2-b121-2cd47ec358f4@group-59B281828B58-SegmentedRaftLog:OPENED:c1,f2,i2, conf=0: [14058016-3fcf-4920-991e-a5361899d5d7|rpc:172.17.0.2:45451|dataStream:, 675d35ba-bb57-4ae2-b121-2cd47ec358f4|rpc:172.17.0.2:39033|dataStream:, a301dd64-f793-4e68-ac47-305a8ea93822|rpc:172.17.0.2:40329|dataStream:], old=null RUNNING
2020-12-11 11:59:13,765 [Listener at 127.0.0.1/32773] INFO  impl.RaftServerImpl (RaftServerImpl.java:lambda$shutdown$3(328)) - 675d35ba-bb57-4ae2-b121-2cd47ec358f4@group-59B281828B58: shutdown
2020-12-11 11:59:13,772 [RatisPipelineUtilsThread] INFO  pipeline.RatisPipelineProvider (RatisPipelineProvider.java:lambda$create$0(161)) - Sending CreatePipelineCommand for pipeline:PipelineID=d4ed0903-a34d-4264-a54b-b9dca29e1988 to datanode:675d35ba-bb57-4ae2-b121-2cd47ec358f4
2020-12-11 11:59:13,772 [RatisPipelineUtilsThread] INFO  pipeline.RatisPipelineProvider (RatisPipelineProvider.java:lambda$create$0(161)) - Sending CreatePipelineCommand for pipeline:PipelineID=d4ed0903-a34d-4264-a54b-b9dca29e1988 to datanode:a301dd64-f793-4e68-ac47-305a8ea93822
2020-12-11 11:59:13,772 [RatisPipelineUtilsThread] INFO  pipeline.RatisPipelineProvider (RatisPipelineProvider.java:lambda$create$0(161)) - Sending CreatePipelineCommand for pipeline:PipelineID=d4ed0903-a34d-4264-a54b-b9dca29e1988 to datanode:14058016-3fcf-4920-991e-a5361899d5d7
2020-12-11 11:59:13,773 [RatisPipelineUtilsThread] INFO  pipeline.PipelineStateManager (PipelineStateManager.java:addPipeline(54)) - Created pipeline Pipeline[ Id: d4ed0903-a34d-4264-a54b-b9dca29e1988, Nodes: 675d35ba-bb57-4ae2-b121-2cd47ec358f4{ip: 172.17.0.2, host: 302fe02fdb76, networkLocation: /default-rack, certSerialId: null, persistedOpState: IN_SERVICE, persistedOpStateExpiryEpochSec: 0}a301dd64-f793-4e68-ac47-305a8ea93822{ip: 172.17.0.2, host: 302fe02fdb76, networkLocation: /default-rack, certSerialId: null, persistedOpState: IN_SERVICE, persistedOpStateExpiryEpochSec: 0}14058016-3fcf-4920-991e-a5361899d5d7{ip: 172.17.0.2, host: 302fe02fdb76, networkLocation: /default-rack, certSerialId: null, persistedOpState: IN_SERVICE, persistedOpStateExpiryEpochSec: 0}, Type:RATIS, Factor:THREE, State:ALLOCATED, leaderId:, CreationTimestamp2020-12-11T11:59:13.772Z]
2020-12-11 11:59:13,773 [Listener at 127.0.0.1/32773] INFO  util.JmxRegister (JmxRegister.java:unregister(73)) - Successfully un-registered JMX Bean with object name Ratis:service=RaftServer,group=group-59B281828B58,id=675d35ba-bb57-4ae2-b121-2cd47ec358f4
2020-12-11 11:59:13,774 [Listener at 127.0.0.1/32773] INFO  impl.RoleInfo (RoleInfo.java:shutdownFollowerState(121)) - 675d35ba-bb57-4ae2-b121-2cd47ec358f4: shutdown 675d35ba-bb57-4ae2-b121-2cd47ec358f4@group-59B281828B58-FollowerState
2020-12-11 11:59:13,774 [Listener at 127.0.0.1/32773] INFO  impl.StateMachineUpdater (StateMachineUpdater.java:stopAndJoin(147)) - 675d35ba-bb57-4ae2-b121-2cd47ec358f4@group-59B281828B58-StateMachineUpdater: set stopIndex = 1
2020-12-11 11:59:13,774 [Thread-1351] INFO  impl.FollowerState (FollowerState.java:run(137)) - 675d35ba-bb57-4ae2-b121-2cd47ec358f4@group-59B281828B58-FollowerState was interrupted: {}
java.lang.InterruptedException: sleep interrupted
	at java.lang.Thread.sleep(Native Method)
	at org.apache.ratis.util.JavaUtils.sleep(JavaUtils.java:250)
	at org.apache.ratis.server.impl.FollowerState.run(FollowerState.java:116)
2020-12-11 11:59:13,775 [grpc-default-executor-5] INFO  segmented.SegmentedRaftLogWorker (SegmentedRaftLogWorker.java:startLogSegment(398)) - ce7b29ad-df73-4c8e-895b-c9a715706485@group-8C72AF07F9E8-SegmentedRaftLogWorker: Starting segment from index:0
2020-12-11 11:59:13,775 [675d35ba-bb57-4ae2-b121-2cd47ec358f4@group-59B281828B58-StateMachineUpdater] INFO  ratis.ContainerStateMachine (ContainerStateMachine.java:takeSnapshot(293)) - group-59B281828B58: Taking a snapshot at:(t:1, i:0) file /github/workspace/mnt/ozone/hadoop-ozone/integration-test/target/test-dir/MiniOzoneClusterImpl-9e77629d-1495-4101-8eb0-46d1fa4d7a32/datanode-0/data/ratis/82ba59fa-dd35-4d4e-a61e-59b281828b58/sm/snapshot.1_0
2020-12-11 11:59:13,778 [675d35ba-bb57-4ae2-b121-2cd47ec358f4@group-59B281828B58-StateMachineUpdater] INFO  ratis.ContainerStateMachine (ContainerStateMachine.java:takeSnapshot(304)) - group-59B281828B58: Finished taking a snapshot at:(t:1, i:0) file:/github/workspace/mnt/ozone/hadoop-ozone/integration-test/target/test-dir/MiniOzoneClusterImpl-9e77629d-1495-4101-8eb0-46d1fa4d7a32/datanode-0/data/ratis/82ba59fa-dd35-4d4e-a61e-59b281828b58/sm/snapshot.1_0 time:3
2020-12-11 11:59:13,779 [675d35ba-bb57-4ae2-b121-2cd47ec358f4@group-59B281828B58-StateMachineUpdater] INFO  impl.StateMachineUpdater (StateMachineUpdater.java:takeSnapshot(278)) - 675d35ba-bb57-4ae2-b121-2cd47ec358f4@group-59B281828B58-StateMachineUpdater: Took a snapshot at index 0
2020-12-11 11:59:13,779 [675d35ba-bb57-4ae2-b121-2cd47ec358f4@group-59B281828B58-StateMachineUpdater] INFO  impl.StateMachineUpdater (StateMachineUpdater.java:lambda$new$0(87)) - 675d35ba-bb57-4ae2-b121-2cd47ec358f4@group-59B281828B58-StateMachineUpdater: snapshotIndex: updateIncreasingly -1 -> 0
2020-12-11 11:59:13,779 [675d35ba-bb57-4ae2-b121-2cd47ec358f4@group-59B281828B58-StateMachineUpdater] INFO  ratis.ContainerStateMachine (ContainerStateMachine.java:takeSnapshot(293)) - group-59B281828B58: Taking a snapshot at:(t:1, i:0) file /github/workspace/mnt/ozone/hadoop-ozone/integration-test/target/test-dir/MiniOzoneClusterImpl-9e77629d-1495-4101-8eb0-46d1fa4d7a32/datanode-0/data/ratis/82ba59fa-dd35-4d4e-a61e-59b281828b58/sm/snapshot.1_0
2020-12-11 11:59:13,780 [675d35ba-bb57-4ae2-b121-2cd47ec358f4@group-59B281828B58-StateMachineUpdater] INFO  ratis.ContainerStateMachine (ContainerStateMachine.java:takeSnapshot(304)) - group-59B281828B58: Finished taking a snapshot at:(t:1, i:0) file:/github/workspace/mnt/ozone/hadoop-ozone/integration-test/target/test-dir/MiniOzoneClusterImpl-9e77629d-1495-4101-8eb0-46d1fa4d7a32/datanode-0/data/ratis/82ba59fa-dd35-4d4e-a61e-59b281828b58/sm/snapshot.1_0 time:1
2020-12-11 11:59:13,780 [675d35ba-bb57-4ae2-b121-2cd47ec358f4@group-59B281828B58-StateMachineUpdater] INFO  impl.StateMachineUpdater (StateMachineUpdater.java:takeSnapshot(278)) - 675d35ba-bb57-4ae2-b121-2cd47ec358f4@group-59B281828B58-StateMachineUpdater: Took a snapshot at index 0
2020-12-11 11:59:13,780 [675d35ba-bb57-4ae2-b121-2cd47ec358f4@group-59B281828B58-StateMachineUpdater] INFO  impl.StateMachineUpdater (StateMachineUpdater.java:lambda$new$0(87)) - 675d35ba-bb57-4ae2-b121-2cd47ec358f4@group-59B281828B58-StateMachineUpdater: snapshotIndex: updateIncreasingly 0 -> 0
2020-12-11 11:59:13,783 [675d35ba-bb57-4ae2-b121-2cd47ec358f4@group-59B281828B58-StateMachineUpdater] INFO  metrics.RatisMetrics (RatisMetrics.java:unregister(43)) - Unregistering Metrics Registry : ratis.state_machine.675d35ba-bb57-4ae2-b121-2cd47ec358f4@group-59B281828B58
2020-12-11 11:59:13,795 [Listener at 127.0.0.1/32773] INFO  impl.RaftServerImpl (ServerState.java:close(406)) - 675d35ba-bb57-4ae2-b121-2cd47ec358f4@group-59B281828B58: closes. applyIndex: 0
2020-12-11 11:59:13,796 [675d35ba-bb57-4ae2-b121-2cd47ec358f4@group-59B281828B58-SegmentedRaftLogWorker] INFO  segmented.SegmentedRaftLogWorker (SegmentedRaftLogWorker.java:run(329)) - 675d35ba-bb57-4ae2-b121-2cd47ec358f4@group-59B281828B58-SegmentedRaftLogWorker was interrupted, exiting. There are 0 tasks remaining in the queue.
2020-12-11 11:59:13,799 [Listener at 127.0.0.1/32773] INFO  segmented.SegmentedRaftLogWorker (SegmentedRaftLogWorker.java:close(235)) - 675d35ba-bb57-4ae2-b121-2cd47ec358f4@group-59B281828B58-SegmentedRaftLogWorker close()
2020-12-11 11:59:13,799 [ce7b29ad-df73-4c8e-895b-c9a715706485@group-8C72AF07F9E8-SegmentedRaftLogWorker] INFO  segmented.SegmentedRaftLogWorker (SegmentedRaftLogWorker.java:execute(597)) - ce7b29ad-df73-4c8e-895b-c9a715706485@group-8C72AF07F9E8-SegmentedRaftLogWorker: created new log segment /github/workspace/mnt/ozone/hadoop-ozone/integration-test/target/test-dir/MiniOzoneClusterImpl-9e77629d-1495-4101-8eb0-46d1fa4d7a32/datanode-4/data/ratis/bbf59e26-eb73-4b4f-ac5f-8c72af07f9e8/current/log_inprogress_0
2020-12-11 11:59:13,800 [Listener at 127.0.0.1/32773] INFO  metrics.RatisMetrics (RatisMetrics.java:unregister(43)) - Unregistering Metrics Registry : ratis.log_worker.675d35ba-bb57-4ae2-b121-2cd47ec358f4@group-59B281828B58
2020-12-11 11:59:13,802 [Listener at 127.0.0.1/32773] INFO  metrics.RatisMetrics (RatisMetrics.java:unregister(43)) - Unregistering Metrics Registry : ratis.leader_election.675d35ba-bb57-4ae2-b121-2cd47ec358f4@group-59B281828B58
2020-12-11 11:59:13,802 [Listener at 127.0.0.1/32773] INFO  metrics.RatisMetrics (RatisMetrics.java:unregister(43)) - Unregistering Metrics Registry : ratis.server.675d35ba-bb57-4ae2-b121-2cd47ec358f4@group-59B281828B58
2020-12-11 11:59:13,803 [Listener at 127.0.0.1/32773] INFO  impl.RaftServerImpl (RaftServerImpl.java:groupRemove(299)) - 675d35ba-bb57-4ae2-b121-2cd47ec358f4@group-59B281828B58: Succeed to remove RaftStorageDirectory Storage Directory /github/workspace/mnt/ozone/hadoop-ozone/integration-test/target/test-dir/MiniOzoneClusterImpl-9e77629d-1495-4101-8eb0-46d1fa4d7a32/datanode-0/data/ratis/82ba59fa-dd35-4d4e-a61e-59b281828b58
2020-12-11 11:59:13,803 [Listener at 127.0.0.1/32773] INFO  impl.RaftServerProxy (RaftServerProxy.java:remove(104)) - a301dd64-f793-4e68-ac47-305a8ea93822: remove    LEADER a301dd64-f793-4e68-ac47-305a8ea93822@group-59B281828B58:t1, leader=a301dd64-f793-4e68-ac47-305a8ea93822, voted=a301dd64-f793-4e68-ac47-305a8ea93822, raftlog=a301dd64-f793-4e68-ac47-305a8ea93822@group-59B281828B58-SegmentedRaftLog:OPENED:c2,f2,i2, conf=0: [14058016-3fcf-4920-991e-a5361899d5d7|rpc:172.17.0.2:45451|dataStream:, 675d35ba-bb57-4ae2-b121-2cd47ec358f4|rpc:172.17.0.2:39033|dataStream:, a301dd64-f793-4e68-ac47-305a8ea93822|rpc:172.17.0.2:40329|dataStream:], old=null RUNNING
2020-12-11 11:59:13,803 [Listener at 127.0.0.1/32773] INFO  impl.RaftServerImpl (RaftServerImpl.java:lambda$shutdown$3(328)) - a301dd64-f793-4e68-ac47-305a8ea93822@group-59B281828B58: shutdown
2020-12-11 11:59:13,804 [Listener at 127.0.0.1/32773] INFO  util.JmxRegister (JmxRegister.java:unregister(73)) - Successfully un-registered JMX Bean with object name Ratis:service=RaftServer,group=group-59B281828B58,id=a301dd64-f793-4e68-ac47-305a8ea93822
2020-12-11 11:59:13,804 [Listener at 127.0.0.1/32773] INFO  impl.RoleInfo (RoleInfo.java:shutdownLeaderState(104)) - a301dd64-f793-4e68-ac47-305a8ea93822: shutdown a301dd64-f793-4e68-ac47-305a8ea93822@group-59B281828B58-LeaderState
2020-12-11 11:59:13,804 [Listener at 127.0.0.1/32773] INFO  metrics.RatisMetrics (RatisMetrics.java:unregister(43)) - Unregistering Metrics Registry : ratis_grpc.log_appender.a301dd64-f793-4e68-ac47-305a8ea93822@group-59B281828B58
2020-12-11 11:59:13,808 [Listener at 127.0.0.1/32773] INFO  metrics.RatisMetrics (RatisMetrics.java:unregister(43)) - Unregistering Metrics Registry : ratis_grpc.log_appender.a301dd64-f793-4e68-ac47-305a8ea93822@group-59B281828B58
2020-12-11 11:59:13,808 [Listener at 127.0.0.1/32773] INFO  impl.PendingRequests (PendingRequests.java:sendNotLeaderResponses(250)) - a301dd64-f793-4e68-ac47-305a8ea93822@group-59B281828B58-PendingRequests: sendNotLeaderResponses
2020-12-11 11:59:13,808 [org.apache.ratis.server.impl.LogAppender$AppenderDaemon$$Lambda$504/1468687552@e3b1257] WARN  server.GrpcLogAppender (GrpcLogAppender.java:mayWait(168)) - a301dd64-f793-4e68-ac47-305a8ea93822@group-59B281828B58->14058016-3fcf-4920-991e-a5361899d5d7-GrpcLogAppender: Wait interrupted by java.lang.InterruptedException
2020-12-11 11:59:13,809 [Thread-1323] INFO  impl.FollowerState (FollowerState.java:run(128)) - ce7b29ad-df73-4c8e-895b-c9a715706485@group-6D9170F55DDB-FollowerState: change to CANDIDATE, lastRpcTime:5162ms, electionTimeout:5161ms
2020-12-11 11:59:13,810 [grpc-default-executor-5] INFO  server.GrpcServerProtocolService (GrpcServerProtocolService.java:onCompleted(138)) - 14058016-3fcf-4920-991e-a5361899d5d7: Completed APPEND_ENTRIES, lastRequest: a301dd64-f793-4e68-ac47-305a8ea93822->14058016-3fcf-4920-991e-a5361899d5d7#7-t1, previous=(t:1, i:1), leaderCommit=1, initializing? false, entries: size=1, first=(t:1, i:2), METADATAENTRY(c:1)
2020-12-11 11:59:13,809 [org.apache.ratis.server.impl.LogAppender$AppenderDaemon$$Lambda$504/1468687552@50f1046c] WARN  server.GrpcLogAppender (GrpcLogAppender.java:mayWait(168)) - a301dd64-f793-4e68-ac47-305a8ea93822@group-59B281828B58->675d35ba-bb57-4ae2-b121-2cd47ec358f4-GrpcLogAppender: Wait interrupted by java.lang.InterruptedException
2020-12-11 11:59:13,810 [Thread-1323] INFO  impl.RoleInfo (RoleInfo.java:shutdownFollowerState(121)) - ce7b29ad-df73-4c8e-895b-c9a715706485: shutdown ce7b29ad-df73-4c8e-895b-c9a715706485@group-6D9170F55DDB-FollowerState
2020-12-11 11:59:13,811 [Thread-1323] INFO  impl.RaftServerImpl (RaftServerImpl.java:setRole(204)) - ce7b29ad-df73-4c8e-895b-c9a715706485@group-6D9170F55DDB: changes role from  FOLLOWER to CANDIDATE at term 0 for changeToCandidate
2020-12-11 11:59:13,812 [Thread-1323] INFO  impl.RoleInfo (RoleInfo.java:updateAndGet(143)) - ce7b29ad-df73-4c8e-895b-c9a715706485: start ce7b29ad-df73-4c8e-895b-c9a715706485@group-6D9170F55DDB-LeaderElection44
2020-12-11 11:59:13,812 [grpc-default-executor-0] INFO  server.GrpcServerProtocolService (GrpcServerProtocolService.java:onCompleted(138)) - 675d35ba-bb57-4ae2-b121-2cd47ec358f4: Completed APPEND_ENTRIES, lastRequest: a301dd64-f793-4e68-ac47-305a8ea93822->675d35ba-bb57-4ae2-b121-2cd47ec358f4#5-t1, previous=(t:1, i:1), leaderCommit=1, initializing? false, entries: size=1, first=(t:1, i:2), METADATAENTRY(c:1)
2020-12-11 11:59:13,812 [grpc-default-executor-6] INFO  server.GrpcLogAppender (GrpcLogAppender.java:onCompleted(337)) - a301dd64-f793-4e68-ac47-305a8ea93822@group-59B281828B58->14058016-3fcf-4920-991e-a5361899d5d7-AppendLogResponseHandler: follower responses appendEntries COMPLETED
2020-12-11 11:59:13,813 [grpc-default-executor-6] INFO  impl.FollowerInfo (FollowerInfo.java:lambda$new$0(51)) - a301dd64-f793-4e68-ac47-305a8ea93822@group-59B281828B58->14058016-3fcf-4920-991e-a5361899d5d7: nextIndex: updateUnconditionally 3 -> 2
2020-12-11 11:59:13,813 [grpc-default-executor-6] INFO  server.GrpcLogAppender (GrpcLogAppender.java:onCompleted(337)) - a301dd64-f793-4e68-ac47-305a8ea93822@group-59B281828B58->675d35ba-bb57-4ae2-b121-2cd47ec358f4-AppendLogResponseHandler: follower responses appendEntries COMPLETED
2020-12-11 11:59:13,813 [grpc-default-executor-6] INFO  impl.FollowerInfo (FollowerInfo.java:lambda$new$0(51)) - a301dd64-f793-4e68-ac47-305a8ea93822@group-59B281828B58->675d35ba-bb57-4ae2-b121-2cd47ec358f4: nextIndex: updateUnconditionally 3 -> 2
2020-12-11 11:59:13,820 [org.apache.ratis.server.JvmPauseMonitor@17387913-Monitor] WARN  server.JvmPauseMonitor (JvmPauseMonitor.java:run(141)) - Detected pause in JVM or host machine (eg GC): pause of approximately 3ms
No GCs detected
2020-12-11 11:59:13,822 [Command processor thread] INFO  impl.RaftServerProxy (RaftServerProxy.java:remove(104)) - 14058016-3fcf-4920-991e-a5361899d5d7: remove  FOLLOWER 14058016-3fcf-4920-991e-a5361899d5d7@group-59B281828B58:t1, leader=a301dd64-f793-4e68-ac47-305a8ea93822, voted=a301dd64-f793-4e68-ac47-305a8ea93822, raftlog=14058016-3fcf-4920-991e-a5361899d5d7@group-59B281828B58-SegmentedRaftLog:OPENED:c1,f2,i2, conf=0: [14058016-3fcf-4920-991e-a5361899d5d7|rpc:172.17.0.2:45451|dataStream:, 675d35ba-bb57-4ae2-b121-2cd47ec358f4|rpc:172.17.0.2:39033|dataStream:, a301dd64-f793-4e68-ac47-305a8ea93822|rpc:172.17.0.2:40329|dataStream:], old=null RUNNING
2020-12-11 11:59:13,822 [Command processor thread] INFO  impl.RaftServerImpl (RaftServerImpl.java:lambda$shutdown$3(328)) - 14058016-3fcf-4920-991e-a5361899d5d7@group-59B281828B58: shutdown
2020-12-11 11:59:13,822 [Command processor thread] INFO  util.JmxRegister (JmxRegister.java:unregister(73)) - Successfully un-registered JMX Bean with object name Ratis:service=RaftServer,group=group-59B281828B58,id=14058016-3fcf-4920-991e-a5361899d5d7
2020-12-11 11:59:13,822 [Command processor thread] INFO  impl.RoleInfo (RoleInfo.java:shutdownFollowerState(121)) - 14058016-3fcf-4920-991e-a5361899d5d7: shutdown 14058016-3fcf-4920-991e-a5361899d5d7@group-59B281828B58-FollowerState
2020-12-11 11:59:13,823 [Command processor thread] INFO  impl.StateMachineUpdater (StateMachineUpdater.java:stopAndJoin(147)) - 14058016-3fcf-4920-991e-a5361899d5d7@group-59B281828B58-StateMachineUpdater: set stopIndex = 1
2020-12-11 11:59:13,823 [Thread-1343] INFO  impl.FollowerState (FollowerState.java:run(137)) - 14058016-3fcf-4920-991e-a5361899d5d7@group-59B281828B58-FollowerState was interrupted: {}
java.lang.InterruptedException: sleep interrupted
	at java.lang.Thread.sleep(Native Method)
	at org.apache.ratis.util.JavaUtils.sleep(JavaUtils.java:250)
	at org.apache.ratis.server.impl.FollowerState.run(FollowerState.java:116)
2020-12-11 11:59:13,823 [14058016-3fcf-4920-991e-a5361899d5d7@group-59B281828B58-StateMachineUpdater] INFO  ratis.ContainerStateMachine (ContainerStateMachine.java:takeSnapshot(293)) - group-59B281828B58: Taking a snapshot at:(t:1, i:1) file /github/workspace/mnt/ozone/hadoop-ozone/integration-test/target/test-dir/MiniOzoneClusterImpl-9e77629d-1495-4101-8eb0-46d1fa4d7a32/datanode-1/data/ratis/82ba59fa-dd35-4d4e-a61e-59b281828b58/sm/snapshot.1_1
2020-12-11 11:59:13,824 [14058016-3fcf-4920-991e-a5361899d5d7@group-59B281828B58-StateMachineUpdater] INFO  ratis.ContainerStateMachine (ContainerStateMachine.java:takeSnapshot(304)) - group-59B281828B58: Finished taking a snapshot at:(t:1, i:1) file:/github/workspace/mnt/ozone/hadoop-ozone/integration-test/target/test-dir/MiniOzoneClusterImpl-9e77629d-1495-4101-8eb0-46d1fa4d7a32/datanode-1/data/ratis/82ba59fa-dd35-4d4e-a61e-59b281828b58/sm/snapshot.1_1 time:1
2020-12-11 11:59:13,824 [14058016-3fcf-4920-991e-a5361899d5d7@group-59B281828B58-StateMachineUpdater] INFO  impl.StateMachineUpdater (StateMachineUpdater.java:takeSnapshot(278)) - 14058016-3fcf-4920-991e-a5361899d5d7@group-59B281828B58-StateMachineUpdater: Took a snapshot at index 1
2020-12-11 11:59:13,825 [14058016-3fcf-4920-991e-a5361899d5d7@group-59B281828B58-StateMachineUpdater] INFO  impl.StateMachineUpdater (StateMachineUpdater.java:lambda$new$0(87)) - 14058016-3fcf-4920-991e-a5361899d5d7@group-59B281828B58-StateMachineUpdater: snapshotIndex: updateIncreasingly -1 -> 1
2020-12-11 11:59:13,825 [14058016-3fcf-4920-991e-a5361899d5d7@group-59B281828B58-StateMachineUpdater] INFO  metrics.RatisMetrics (RatisMetrics.java:unregister(43)) - Unregistering Metrics Registry : ratis.state_machine.14058016-3fcf-4920-991e-a5361899d5d7@group-59B281828B58
2020-12-11 11:59:13,825 [Command processor thread] INFO  impl.RaftServerImpl (ServerState.java:close(406)) - 14058016-3fcf-4920-991e-a5361899d5d7@group-59B281828B58: closes. applyIndex: 1
2020-12-11 11:59:13,825 [14058016-3fcf-4920-991e-a5361899d5d7@group-59B281828B58-SegmentedRaftLogWorker] INFO  segmented.SegmentedRaftLogWorker (SegmentedRaftLogWorker.java:run(329)) - 14058016-3fcf-4920-991e-a5361899d5d7@group-59B281828B58-SegmentedRaftLogWorker was interrupted, exiting. There are 0 tasks remaining in the queue.
2020-12-11 11:59:13,828 [Command processor thread] INFO  segmented.SegmentedRaftLogWorker (SegmentedRaftLogWorker.java:close(235)) - 14058016-3fcf-4920-991e-a5361899d5d7@group-59B281828B58-SegmentedRaftLogWorker close()
2020-12-11 11:59:13,829 [ce7b29ad-df73-4c8e-895b-c9a715706485@group-6D9170F55DDB-LeaderElection44] INFO  impl.LeaderElection (LeaderElection.java:askForVotes(215)) - ce7b29ad-df73-4c8e-895b-c9a715706485@group-6D9170F55DDB-LeaderElection44: begin an election at term 1 for -1: [ce7b29ad-df73-4c8e-895b-c9a715706485|rpc:172.17.0.2:37077], old=null
2020-12-11 11:59:13,829 [Listener at 127.0.0.1/32773] INFO  metrics.RatisMetrics (RatisMetrics.java:unregister(43)) - Unregistering Metrics Registry : ratis.log_appender.a301dd64-f793-4e68-ac47-305a8ea93822@group-59B281828B58
2020-12-11 11:59:13,829 [ce7b29ad-df73-4c8e-895b-c9a715706485@group-6D9170F55DDB-LeaderElection44] INFO  impl.RoleInfo (RoleInfo.java:shutdownLeaderElection(134)) - ce7b29ad-df73-4c8e-895b-c9a715706485: shutdown ce7b29ad-df73-4c8e-895b-c9a715706485@group-6D9170F55DDB-LeaderElection44
2020-12-11 11:59:13,830 [ce7b29ad-df73-4c8e-895b-c9a715706485@group-6D9170F55DDB-LeaderElection44] INFO  impl.RaftServerImpl (RaftServerImpl.java:setRole(204)) - ce7b29ad-df73-4c8e-895b-c9a715706485@group-6D9170F55DDB: changes role from CANDIDATE to LEADER at term 1 for changeToLeader
2020-12-11 11:59:13,830 [ce7b29ad-df73-4c8e-895b-c9a715706485@group-6D9170F55DDB-LeaderElection44] INFO  ratis.XceiverServerRatis (XceiverServerRatis.java:handleLeaderChangedNotification(854)) - Leader change notification received for group: group-6D9170F55DDB with new leaderId: ce7b29ad-df73-4c8e-895b-c9a715706485
2020-12-11 11:59:13,830 [Listener at 127.0.0.1/32773] INFO  metrics.RatisMetrics (RatisMetrics.java:unregister(43)) - Unregistering Metrics Registry : ratis.server.a301dd64-f793-4e68-ac47-305a8ea93822@group-59B281828B58
2020-12-11 11:59:13,831 [Listener at 127.0.0.1/32773] INFO  impl.StateMachineUpdater (StateMachineUpdater.java:stopAndJoin(147)) - a301dd64-f793-4e68-ac47-305a8ea93822@group-59B281828B58-StateMachineUpdater: set stopIndex = 2
2020-12-11 11:59:13,832 [a301dd64-f793-4e68-ac47-305a8ea93822@group-59B281828B58-StateMachineUpdater] INFO  ratis.ContainerStateMachine (ContainerStateMachine.java:takeSnapshot(293)) - group-59B281828B58: Taking a snapshot at:(t:1, i:2) file /github/workspace/mnt/ozone/hadoop-ozone/integration-test/target/test-dir/MiniOzoneClusterImpl-9e77629d-1495-4101-8eb0-46d1fa4d7a32/datanode-2/data/ratis/82ba59fa-dd35-4d4e-a61e-59b281828b58/sm/snapshot.1_2
2020-12-11 11:59:13,832 [ce7b29ad-df73-4c8e-895b-c9a715706485@group-6D9170F55DDB-LeaderElection44] INFO  impl.RaftServerImpl (ServerState.java:setLeader(256)) - ce7b29ad-df73-4c8e-895b-c9a715706485@group-6D9170F55DDB: change Leader from null to ce7b29ad-df73-4c8e-895b-c9a715706485 at term 1 for becomeLeader, leader elected after 5191ms
2020-12-11 11:59:13,832 [ce7b29ad-df73-4c8e-895b-c9a715706485@group-6D9170F55DDB-LeaderElection44] INFO  server.RaftServerConfigKeys (ConfUtils.java:logGet(44)) - raft.server.staging.catchup.gap = 1000 (default)
2020-12-11 11:59:13,833 [ce7b29ad-df73-4c8e-895b-c9a715706485@group-6D9170F55DDB-LeaderElection44] INFO  server.RaftServerConfigKeys (ConfUtils.java:logGet(44)) - raft.server.rpc.sleep.time = 25ms (default)
2020-12-11 11:59:13,833 [ce7b29ad-df73-4c8e-895b-c9a715706485@group-6D9170F55DDB-LeaderElection44] INFO  metrics.RatisMetrics (RatisMetrics.java:lambda$create$0(36)) - Creating Metrics Registry : ratis.log_appender.ce7b29ad-df73-4c8e-895b-c9a715706485@group-6D9170F55DDB
2020-12-11 11:59:13,833 [ce7b29ad-df73-4c8e-895b-c9a715706485@group-6D9170F55DDB-LeaderElection44] INFO  server.RaftServerConfigKeys (ConfUtils.java:logGet(44)) - raft.server.write.element-limit = 1024 (custom)
2020-12-11 11:59:13,833 [ce7b29ad-df73-4c8e-895b-c9a715706485@group-6D9170F55DDB-LeaderElection44] INFO  server.RaftServerConfigKeys (ConfUtils.java:logGet(44)) - raft.server.write.byte-limit = 1073741824 (custom)
2020-12-11 11:59:13,833 [a301dd64-f793-4e68-ac47-305a8ea93822@group-59B281828B58-StateMachineUpdater] INFO  ratis.ContainerStateMachine (ContainerStateMachine.java:takeSnapshot(304)) - group-59B281828B58: Finished taking a snapshot at:(t:1, i:2) file:/github/workspace/mnt/ozone/hadoop-ozone/integration-test/target/test-dir/MiniOzoneClusterImpl-9e77629d-1495-4101-8eb0-46d1fa4d7a32/datanode-2/data/ratis/82ba59fa-dd35-4d4e-a61e-59b281828b58/sm/snapshot.1_2 time:2
2020-12-11 11:59:13,833 [a301dd64-f793-4e68-ac47-305a8ea93822@group-59B281828B58-StateMachineUpdater] INFO  impl.StateMachineUpdater (StateMachineUpdater.java:takeSnapshot(278)) - a301dd64-f793-4e68-ac47-305a8ea93822@group-59B281828B58-StateMachineUpdater: Took a snapshot at index 2
2020-12-11 11:59:13,833 [a301dd64-f793-4e68-ac47-305a8ea93822@group-59B281828B58-StateMachineUpdater] INFO  impl.StateMachineUpdater (StateMachineUpdater.java:lambda$new$0(87)) - a301dd64-f793-4e68-ac47-305a8ea93822@group-59B281828B58-StateMachineUpdater: snapshotIndex: updateIncreasingly -1 -> 2
2020-12-11 11:59:13,833 [ce7b29ad-df73-4c8e-895b-c9a715706485@group-6D9170F55DDB-LeaderElection44] INFO  server.RaftServerConfigKeys (ConfUtils.java:logGet(44)) - raft.server.watch.timeout = 3000ms (custom)
2020-12-11 11:59:13,834 [ce7b29ad-df73-4c8e-895b-c9a715706485@group-6D9170F55DDB-LeaderElection44] INFO  server.RaftServerConfigKeys (ConfUtils.java:logGet(44)) - raft.server.watch.timeout.denomination = 1s (default)
2020-12-11 11:59:13,834 [ce7b29ad-df73-4c8e-895b-c9a715706485@group-6D9170F55DDB-LeaderElection44] INFO  server.RaftServerConfigKeys (ConfUtils.java:logGet(44)) - raft.server.watch.element-limit = 65536 (default)
2020-12-11 11:59:13,834 [ce7b29ad-df73-4c8e-895b-c9a715706485@group-6D9170F55DDB-LeaderElection44] INFO  impl.RoleInfo (RoleInfo.java:updateAndGet(143)) - ce7b29ad-df73-4c8e-895b-c9a715706485: start ce7b29ad-df73-4c8e-895b-c9a715706485@group-6D9170F55DDB-LeaderState
2020-12-11 11:59:13,834 [ce7b29ad-df73-4c8e-895b-c9a715706485@group-6D9170F55DDB-LeaderElection44] INFO  segmented.SegmentedRaftLogWorker (SegmentedRaftLogWorker.java:startLogSegment(398)) - ce7b29ad-df73-4c8e-895b-c9a715706485@group-6D9170F55DDB-SegmentedRaftLogWorker: Starting segment from index:0
2020-12-11 11:59:13,833 [a301dd64-f793-4e68-ac47-305a8ea93822@group-59B281828B58-StateMachineUpdater] INFO  metrics.RatisMetrics (RatisMetrics.java:unregister(43)) - Unregistering Metrics Registry : ratis.state_machine.a301dd64-f793-4e68-ac47-305a8ea93822@group-59B281828B58
2020-12-11 11:59:13,835 [Listener at 127.0.0.1/32773] INFO  impl.RaftServerImpl (ServerState.java:close(406)) - a301dd64-f793-4e68-ac47-305a8ea93822@group-59B281828B58: closes. applyIndex: 2
2020-12-11 11:59:13,835 [a301dd64-f793-4e68-ac47-305a8ea93822@group-59B281828B58-SegmentedRaftLogWorker] INFO  segmented.SegmentedRaftLogWorker (SegmentedRaftLogWorker.java:run(329)) - a301dd64-f793-4e68-ac47-305a8ea93822@group-59B281828B58-SegmentedRaftLogWorker was interrupted, exiting. There are 0 tasks remaining in the queue.
2020-12-11 11:59:13,836 [ce7b29ad-df73-4c8e-895b-c9a715706485@group-6D9170F55DDB-SegmentedRaftLogWorker] INFO  segmented.SegmentedRaftLogWorker (SegmentedRaftLogWorker.java:execute(597)) - ce7b29ad-df73-4c8e-895b-c9a715706485@group-6D9170F55DDB-SegmentedRaftLogWorker: created new log segment /github/workspace/mnt/ozone/hadoop-ozone/integration-test/target/test-dir/MiniOzoneClusterImpl-9e77629d-1495-4101-8eb0-46d1fa4d7a32/datanode-4/data/ratis/4cc32934-7065-4e77-a59d-6d9170f55ddb/current/log_inprogress_0
2020-12-11 11:59:13,843 [ce7b29ad-df73-4c8e-895b-c9a715706485@group-6D9170F55DDB-LeaderElection44] INFO  impl.RaftServerImpl (ServerState.java:setRaftConf(374)) - ce7b29ad-df73-4c8e-895b-c9a715706485@group-6D9170F55DDB: set configuration 0: [ce7b29ad-df73-4c8e-895b-c9a715706485|rpc:172.17.0.2:37077|dataStream:], old=null at 0
2020-12-11 11:59:13,848 [Command processor thread] INFO  metrics.RatisMetrics (RatisMetrics.java:unregister(43)) - Unregistering Metrics Registry : ratis.log_worker.14058016-3fcf-4920-991e-a5361899d5d7@group-59B281828B58
2020-12-11 11:59:13,848 [Command processor thread] INFO  metrics.RatisMetrics (RatisMetrics.java:unregister(43)) - Unregistering Metrics Registry : ratis.leader_election.14058016-3fcf-4920-991e-a5361899d5d7@group-59B281828B58
2020-12-11 11:59:13,848 [Command processor thread] INFO  metrics.RatisMetrics (RatisMetrics.java:unregister(43)) - Unregistering Metrics Registry : ratis.server.14058016-3fcf-4920-991e-a5361899d5d7@group-59B281828B58
2020-12-11 11:59:13,848 [Listener at 127.0.0.1/32773] INFO  segmented.SegmentedRaftLogWorker (SegmentedRaftLogWorker.java:close(235)) - a301dd64-f793-4e68-ac47-305a8ea93822@group-59B281828B58-SegmentedRaftLogWorker close()
2020-12-11 11:59:13,850 [Listener at 127.0.0.1/32773] INFO  metrics.RatisMetrics (RatisMetrics.java:unregister(43)) - Unregistering Metrics Registry : ratis.log_worker.a301dd64-f793-4e68-ac47-305a8ea93822@group-59B281828B58
2020-12-11 11:59:13,850 [Listener at 127.0.0.1/32773] INFO  metrics.RatisMetrics (RatisMetrics.java:unregister(43)) - Unregistering Metrics Registry : ratis.leader_election.a301dd64-f793-4e68-ac47-305a8ea93822@group-59B281828B58
2020-12-11 11:59:13,850 [Listener at 127.0.0.1/32773] INFO  metrics.RatisMetrics (RatisMetrics.java:unregister(43)) - Unregistering Metrics Registry : ratis.server.a301dd64-f793-4e68-ac47-305a8ea93822@group-59B281828B58
2020-12-11 11:59:13,849 [Command processor thread] INFO  keyvalue.KeyValueContainer (KeyValueContainer.java:flushAndSyncDB(388)) - Container 1 is synced with bcsId 0.
2020-12-11 11:59:13,852 [Command processor thread] INFO  keyvalue.KeyValueContainer (KeyValueContainer.java:flushAndSyncDB(388)) - Container 1 is synced with bcsId 0.
2020-12-11 11:59:13,854 [Listener at 127.0.0.1/32773] INFO  keyvalue.KeyValueContainer (KeyValueContainer.java:flushAndSyncDB(388)) - Container 1 is synced with bcsId 0.
2020-12-11 11:59:13,854 [Listener at 127.0.0.1/32773] INFO  keyvalue.KeyValueContainer (KeyValueContainer.java:flushAndSyncDB(388)) - Container 1 is synced with bcsId 0.
2020-12-11 11:59:13,856 [EventQueue-IncrementalContainerReportForIncrementalContainerReportHandler] INFO  container.IncrementalContainerReportHandler (AbstractContainerReportHandler.java:updateContainerState(208)) - Moving container #1 to QUASI_CLOSED state, datanode 14058016-3fcf-4920-991e-a5361899d5d7{ip: 172.17.0.2, host: 302fe02fdb76, networkLocation: /default-rack, certSerialId: null, persistedOpState: IN_SERVICE, persistedOpStateExpiryEpochSec: 0} reported QUASI_CLOSED replica.
2020-12-11 11:59:13,857 [Command processor thread] INFO  impl.RaftServerImpl (RaftServerImpl.java:groupRemove(299)) - 14058016-3fcf-4920-991e-a5361899d5d7@group-59B281828B58: Succeed to remove RaftStorageDirectory Storage Directory /github/workspace/mnt/ozone/hadoop-ozone/integration-test/target/test-dir/MiniOzoneClusterImpl-9e77629d-1495-4101-8eb0-46d1fa4d7a32/datanode-1/data/ratis/82ba59fa-dd35-4d4e-a61e-59b281828b58
2020-12-11 11:59:13,857 [Command processor thread] INFO  commandhandler.ClosePipelineCommandHandler (ClosePipelineCommandHandler.java:handle(75)) - Close Pipeline PipelineID=82ba59fa-dd35-4d4e-a61e-59b281828b58 command on datanode 14058016-3fcf-4920-991e-a5361899d5d7.
2020-12-11 11:59:13,859 [pool-411-thread-1] INFO  impl.RaftServerImpl (RaftServerImpl.java:<init>(121)) - 14058016-3fcf-4920-991e-a5361899d5d7: new RaftServerImpl for group-B9DCA29E1988:[14058016-3fcf-4920-991e-a5361899d5d7|rpc:172.17.0.2:45451, 675d35ba-bb57-4ae2-b121-2cd47ec358f4|rpc:172.17.0.2:39033, a301dd64-f793-4e68-ac47-305a8ea93822|rpc:172.17.0.2:40329] with ContainerStateMachine:uninitialized
2020-12-11 11:59:13,859 [pool-411-thread-1] INFO  server.RaftServerConfigKeys (ConfUtils.java:logGet(44)) - raft.server.rpc.timeout.min = 5s (custom)
2020-12-11 11:59:13,859 [pool-411-thread-1] INFO  server.RaftServerConfigKeys (ConfUtils.java:logGet(44)) - raft.server.rpc.timeout.max = 5200ms (custom)
2020-12-11 11:59:13,859 [pool-411-thread-1] INFO  server.RaftServerConfigKeys (ConfUtils.java:logGet(44)) - raft.server.rpc.slowness.timeout = 300000ms (custom)
2020-12-11 11:59:13,859 [pool-411-thread-1] INFO  server.RaftServerConfigKeys (ConfUtils.java:logGet(44)) - raft.server.leaderelection.leader.step-down.wait-time = 10s (default)
2020-12-11 11:59:13,859 [pool-411-thread-1] INFO  server.RaftServerConfigKeys (ConfUtils.java:logGet(44)) - raft.server.sleep.deviation.threshold = 300 (default)
2020-12-11 11:59:13,859 [pool-411-thread-1] INFO  server.RaftServerConfigKeys (ConfUtils.java:logGet(44)) - raft.server.log.appender.install.snapshot.enabled = false (custom)
2020-12-11 11:59:13,859 [Listener at 127.0.0.1/32773] INFO  impl.RaftServerImpl (RaftServerImpl.java:groupRemove(299)) - a301dd64-f793-4e68-ac47-305a8ea93822@group-59B281828B58: Succeed to remove RaftStorageDirectory Storage Directory /github/workspace/mnt/ozone/hadoop-ozone/integration-test/target/test-dir/MiniOzoneClusterImpl-9e77629d-1495-4101-8eb0-46d1fa4d7a32/datanode-2/data/ratis/82ba59fa-dd35-4d4e-a61e-59b281828b58
2020-12-11 11:59:13,859 [pool-411-thread-1] INFO  impl.RaftServerImpl (ServerState.java:<init>(104)) - 14058016-3fcf-4920-991e-a5361899d5d7@group-B9DCA29E1988: ConfigurationManager, init=-1: [14058016-3fcf-4920-991e-a5361899d5d7|rpc:172.17.0.2:45451, 675d35ba-bb57-4ae2-b121-2cd47ec358f4|rpc:172.17.0.2:39033, a301dd64-f793-4e68-ac47-305a8ea93822|rpc:172.17.0.2:40329], old=null, confs=<EMPTY_MAP>
2020-12-11 11:59:13,860 [pool-411-thread-1] INFO  server.RaftServerConfigKeys (ConfUtils.java:logGet(44)) - raft.server.storage.dir = [/github/workspace/mnt/ozone/hadoop-ozone/integration-test/target/test-dir/MiniOzoneClusterImpl-9e77629d-1495-4101-8eb0-46d1fa4d7a32/datanode-1/data/ratis] (custom)
2020-12-11 11:59:13,860 [pool-411-thread-1] INFO  server.RaftServerConfigKeys (ConfUtils.java:logGet(44)) - raft.server.log.corruption.policy = EXCEPTION (default)
2020-12-11 11:59:13,860 [pool-411-thread-1] INFO  storage.RaftStorageDirectory (RaftStorageDirectory.java:analyzeStorage(261)) - The storage directory /github/workspace/mnt/ozone/hadoop-ozone/integration-test/target/test-dir/MiniOzoneClusterImpl-9e77629d-1495-4101-8eb0-46d1fa4d7a32/datanode-1/data/ratis/d4ed0903-a34d-4264-a54b-b9dca29e1988 does not exist. Creating ...
2020-12-11 11:59:13,861 [Command processor thread] INFO  impl.RaftServerProxy (RaftServerProxy.java:addNew(93)) - 14058016-3fcf-4920-991e-a5361899d5d7: addNew group-B9DCA29E1988:[14058016-3fcf-4920-991e-a5361899d5d7|rpc:172.17.0.2:45451, 675d35ba-bb57-4ae2-b121-2cd47ec358f4|rpc:172.17.0.2:39033, a301dd64-f793-4e68-ac47-305a8ea93822|rpc:172.17.0.2:40329] returns group-B9DCA29E1988:java.util.concurrent.CompletableFuture@281c5ee1[Not completed]
2020-12-11 11:59:13,861 [Listener at 127.0.0.1/32773] WARN  impl.RaftServerProxy (RaftServerProxy.java:remove(99)) - 14058016-3fcf-4920-991e-a5361899d5d7: does not contain group: group-59B281828B58
2020-12-11 11:59:13,861 [Listener at 127.0.0.1/32773] INFO  ozone.MiniOzoneClusterImpl (MiniOzoneClusterImpl.java:shutdown(388)) - Shutting down the Mini Ozone Cluster
2020-12-11 11:59:13,861 [Listener at 127.0.0.1/32773] INFO  ozone.MiniOzoneClusterImpl (MiniOzoneClusterImpl.java:stop(403)) - Stopping the Mini Ozone Cluster
2020-12-11 11:59:13,861 [Listener at 127.0.0.1/32773] INFO  ozone.MiniOzoneClusterImpl (MiniOzoneClusterImpl.java:stopOM(485)) - Stopping the OzoneManager
2020-12-11 11:59:13,861 [pool-411-thread-1] INFO  storage.RaftStorageDirectory (RaftStorageDirectory.java:tryLock(343)) - Lock on /github/workspace/mnt/ozone/hadoop-ozone/integration-test/target/test-dir/MiniOzoneClusterImpl-9e77629d-1495-4101-8eb0-46d1fa4d7a32/datanode-1/data/ratis/d4ed0903-a34d-4264-a54b-b9dca29e1988/in_use.lock acquired by nodename 1858@302fe02fdb76
2020-12-11 11:59:13,862 [Listener at 127.0.0.1/32773] INFO  ipc.Server (Server.java:stop(3359)) - Stopping server on 32773
2020-12-11 11:59:13,863 [IPC Server listener on 0] INFO  ipc.Server (Server.java:run(1330)) - Stopping IPC Server listener on 0
2020-12-11 11:59:13,864 [pool-411-thread-1] INFO  storage.RaftStorage (RaftStorage.java:format(85)) - Storage directory /github/workspace/mnt/ozone/hadoop-ozone/integration-test/target/test-dir/MiniOzoneClusterImpl-9e77629d-1495-4101-8eb0-46d1fa4d7a32/datanode-1/data/ratis/d4ed0903-a34d-4264-a54b-b9dca29e1988 has been successfully formatted.
2020-12-11 11:59:13,868 [pool-411-thread-1] INFO  ratis.ContainerStateMachine (ContainerStateMachine.java:loadSnapshot(225)) - group-B9DCA29E1988: The snapshot info is null. Setting the last applied indexto:(t:0, i:~)
2020-12-11 11:59:13,868 [pool-411-thread-1] INFO  server.RaftServerConfigKeys (ConfUtils.java:logGet(44)) - raft.server.notification.no-leader.timeout = 300000ms (custom)
2020-12-11 11:59:13,868 [pool-411-thread-1] INFO  server.RaftServerConfigKeys (ConfUtils.java:logGet(44)) - raft.server.log.use.memory = false (default)
2020-12-11 11:59:13,868 [pool-411-thread-1] INFO  server.RaftServerConfigKeys (ConfUtils.java:logGet(44)) - raft.server.log.purge.gap = 1000000 (custom)
2020-12-11 11:59:13,868 [pool-411-thread-1] INFO  metrics.RatisMetrics (RatisMetrics.java:lambda$create$0(36)) - Creating Metrics Registry : ratis.log_worker.14058016-3fcf-4920-991e-a5361899d5d7@group-B9DCA29E1988
2020-12-11 11:59:13,869 [pool-411-thread-1] INFO  server.RaftServerConfigKeys (ConfUtils.java:logGet(44)) - raft.server.log.appender.buffer.byte-limit = 33554432 (custom)
2020-12-11 11:59:13,869 [pool-411-thread-1] INFO  server.RaftServerConfigKeys (ConfUtils.java:logGet(44)) - raft.server.log.segment.size.max = 1048576 (custom)
2020-12-11 11:59:13,870 [IPC Server Responder] INFO  ipc.Server (Server.java:run(1465)) - Stopping IPC Server Responder
2020-12-11 11:59:13,870 [pool-411-thread-1] INFO  server.RaftServerConfigKeys (ConfUtils.java:logGet(44)) - raft.server.log.segment.cache.num.max = 2 (custom)
2020-12-11 11:59:13,870 [pool-411-thread-1] INFO  segmented.SegmentedRaftLogWorker (SegmentedRaftLogWorker.java:<init>(180)) - new 14058016-3fcf-4920-991e-a5361899d5d7@group-B9DCA29E1988-SegmentedRaftLogWorker for RaftStorage:Storage Directory /github/workspace/mnt/ozone/hadoop-ozone/integration-test/target/test-dir/MiniOzoneClusterImpl-9e77629d-1495-4101-8eb0-46d1fa4d7a32/datanode-1/data/ratis/d4ed0903-a34d-4264-a54b-b9dca29e1988
2020-12-11 11:59:13,870 [pool-411-thread-1] INFO  server.RaftServerConfigKeys (ConfUtils.java:logGet(44)) - raft.server.log.queue.byte-limit = 2147483647 (custom)
2020-12-11 11:59:13,870 [pool-411-thread-1] INFO  server.RaftServerConfigKeys (ConfUtils.java:logGet(44)) - raft.server.log.queue.element-limit = 1024 (custom)
2020-12-11 11:59:13,870 [pool-411-thread-1] INFO  server.RaftServerConfigKeys (ConfUtils.java:logGet(44)) - raft.server.log.segment.size.max = 1048576 (custom)
2020-12-11 11:59:13,870 [pool-411-thread-1] INFO  server.RaftServerConfigKeys (ConfUtils.java:logGet(44)) - raft.server.log.preallocated.size = 16384 (custom)
2020-12-11 11:59:13,870 [pool-411-thread-1] INFO  server.RaftServerConfigKeys (ConfUtils.java:logGet(44)) - raft.server.log.write.buffer.size = 1048576 (custom)
2020-12-11 11:59:13,870 [pool-411-thread-1] INFO  server.RaftServerConfigKeys (ConfUtils.java:logGet(44)) - raft.server.log.force.sync.num = 128 (default)
2020-12-11 11:59:13,871 [pool-411-thread-1] INFO  server.RaftServerConfigKeys (ConfUtils.java:logGet(44)) - raft.server.log.statemachine.data.sync = true (default)
2020-12-11 11:59:13,871 [pool-411-thread-1] INFO  server.RaftServerConfigKeys (ConfUtils.java:logGet(44)) - raft.server.log.statemachine.data.sync.timeout = 10s (default)
2020-12-11 11:59:13,871 [pool-411-thread-1] INFO  server.RaftServerConfigKeys (ConfUtils.java:logGet(44)) - raft.server.log.statemachine.data.sync.timeout.retry = -1 (default)
2020-12-11 11:59:13,873 [pool-411-thread-1] INFO  server.RaftServerConfigKeys (ConfUtils.java:logGet(44)) - raft.server.log.statemachine.data.caching.enabled = true (custom)
2020-12-11 11:59:13,873 [pool-411-thread-1] INFO  segmented.SegmentedRaftLogWorker (SegmentedRaftLogWorker.java:lambda$new$0(129)) - 14058016-3fcf-4920-991e-a5361899d5d7@group-B9DCA29E1988-SegmentedRaftLogWorker: flushIndex: setUnconditionally 0 -> -1
2020-12-11 11:59:13,873 [pool-411-thread-1] INFO  segmented.SegmentedRaftLogWorker (SegmentedRaftLogWorker.java:lambda$new$0(129)) - 14058016-3fcf-4920-991e-a5361899d5d7@group-B9DCA29E1988-SegmentedRaftLogWorker: safeCacheEvictIndex: setUnconditionally 0 -> -1
2020-12-11 11:59:13,870 [Listener at 127.0.0.1/32773] INFO  ratis.OzoneManagerDoubleBuffer (OzoneManagerDoubleBuffer.java:stop(457)) - Stopping OMDoubleBuffer flush thread
2020-12-11 11:59:13,873 [OMDoubleBufferFlushThread] INFO  ratis.OzoneManagerDoubleBuffer (OzoneManagerDoubleBuffer.java:flushTransactions(356)) - OMDoubleBuffer flush thread OMDoubleBufferFlushThread is interrupted and will exit. OMDoubleBufferFlushThread
2020-12-11 11:59:13,874 [Listener at 127.0.0.1/32773] INFO  utils.BackgroundService (BackgroundService.java:shutdown(132)) - Shutting down service KeyDeletingService
2020-12-11 11:59:13,874 [pool-411-thread-1] INFO  server.RaftServerConfigKeys (ConfUtils.java:logGet(44)) - raft.server.snapshot.auto.trigger.enabled = true (custom)
2020-12-11 11:59:13,875 [pool-411-thread-1] INFO  server.RaftServerConfigKeys (ConfUtils.java:logGet(44)) - raft.server.snapshot.auto.trigger.threshold = 10000 (custom)
2020-12-11 11:59:13,875 [pool-411-thread-1] INFO  server.RaftServerConfigKeys (ConfUtils.java:logGet(44)) - raft.server.snapshot.retention.file.num = 5 (custom)
2020-12-11 11:59:13,875 [pool-411-thread-1] INFO  server.RaftServerConfigKeys (ConfUtils.java:logGet(44)) - raft.server.log.purge.upto.snapshot.index = false (default)
2020-12-11 11:59:13,875 [pool-411-thread-1] INFO  server.RaftServerConfigKeys (ConfUtils.java:logGet(44)) - raft.server.retrycache.expirytime = 600000ms (custom)
2020-12-11 11:59:13,875 [pool-411-thread-1] INFO  metrics.RatisMetrics (RatisMetrics.java:lambda$create$0(36)) - Creating Metrics Registry : ratis.leader_election.14058016-3fcf-4920-991e-a5361899d5d7@group-B9DCA29E1988
2020-12-11 11:59:13,876 [pool-411-thread-1] INFO  metrics.RatisMetrics (RatisMetrics.java:lambda$create$0(36)) - Creating Metrics Registry : ratis.server.14058016-3fcf-4920-991e-a5361899d5d7@group-B9DCA29E1988
2020-12-11 11:59:13,877 [pool-411-thread-1] INFO  impl.RaftServerImpl (RaftServerImpl.java:start(215)) - 14058016-3fcf-4920-991e-a5361899d5d7@group-B9DCA29E1988: start as a follower, conf=-1: [14058016-3fcf-4920-991e-a5361899d5d7|rpc:172.17.0.2:45451, 675d35ba-bb57-4ae2-b121-2cd47ec358f4|rpc:172.17.0.2:39033, a301dd64-f793-4e68-ac47-305a8ea93822|rpc:172.17.0.2:40329], old=null
2020-12-11 11:59:13,877 [pool-411-thread-1] INFO  impl.RaftServerImpl (RaftServerImpl.java:setRole(204)) - 14058016-3fcf-4920-991e-a5361899d5d7@group-B9DCA29E1988: changes role from      null to FOLLOWER at term 0 for startAsFollower
2020-12-11 11:59:13,878 [pool-411-thread-1] INFO  impl.RoleInfo (RoleInfo.java:updateAndGet(143)) - 14058016-3fcf-4920-991e-a5361899d5d7: start 14058016-3fcf-4920-991e-a5361899d5d7@group-B9DCA29E1988-FollowerState
2020-12-11 11:59:13,878 [pool-411-thread-1] INFO  util.JmxRegister (JmxRegister.java:tryRegister(44)) - Successfully registered JMX Bean with object name Ratis:service=RaftServer,group=group-B9DCA29E1988,id=14058016-3fcf-4920-991e-a5361899d5d7
2020-12-11 11:59:13,878 [pool-411-thread-1] INFO  metrics.RatisMetrics (RatisMetrics.java:lambda$create$0(36)) - Creating Metrics Registry : ratis.state_machine.14058016-3fcf-4920-991e-a5361899d5d7@group-B9DCA29E1988
2020-12-11 11:59:13,879 [Listener at 127.0.0.1/32773] INFO  handler.ContextHandler (ContextHandler.java:doStop(1154)) - Stopped o.e.j.w.WebAppContext@1267fcea{ozoneManager,/,null,STOPPED}{file:/github/workspace/mnt/ozone/hadoop-ozone/integration-test/target/test-classes/webapps/ozoneManager}
2020-12-11 11:59:13,880 [Listener at 127.0.0.1/32773] INFO  server.AbstractConnector (AbstractConnector.java:doStop(381)) - Stopped ServerConnector@1fbe8592{HTTP/1.1, (http/1.1)}{0.0.0.0:0}
2020-12-11 11:59:13,880 [Listener at 127.0.0.1/32773] INFO  server.session (HouseKeeper.java:stopScavenging(149)) - node0 Stopped scavenging
2020-12-11 11:59:13,880 [Command processor thread] INFO  metrics.RatisMetrics (RatisMetrics.java:lambda$create$0(36)) - Creating Metrics Registry : ratis.client_message_metrics.client-B9A8387F4DD3->675d35ba-bb57-4ae2-b121-2cd47ec358f4
2020-12-11 11:59:13,880 [Listener at 127.0.0.1/32773] INFO  handler.ContextHandler (ContextHandler.java:doStop(1154)) - Stopped o.e.j.s.ServletContextHandler@4c775b94{static,/static,file:///github/workspace/mnt/ozone/hadoop-ozone/integration-test/target/test-classes/webapps/static,STOPPED}
2020-12-11 11:59:13,881 [Listener at 127.0.0.1/32773] INFO  handler.ContextHandler (ContextHandler.java:doStop(1154)) - Stopped o.e.j.s.ServletContextHandler@3b5cf4c6{logs,/logs,file:///github/workspace/mnt/ozone/hadoop-ozone/integration-test/target/log,STOPPED}
2020-12-11 11:59:13,887 [Listener at 127.0.0.1/32773] INFO  ozone.MiniOzoneClusterImpl (MiniOzoneClusterImpl.java:stopDatanodes(462)) - Stopping the HddsDatanodes
2020-12-11 11:59:13,894 [grpc-default-executor-6] INFO  impl.RaftServerProxy (RaftServerProxy.java:addNew(93)) - 675d35ba-bb57-4ae2-b121-2cd47ec358f4: addNew group-B9DCA29E1988:[14058016-3fcf-4920-991e-a5361899d5d7|rpc:172.17.0.2:45451|dataStream:, 675d35ba-bb57-4ae2-b121-2cd47ec358f4|rpc:172.17.0.2:39033|dataStream:, a301dd64-f793-4e68-ac47-305a8ea93822|rpc:172.17.0.2:40329|dataStream:] returns group-B9DCA29E1988:java.util.concurrent.CompletableFuture@58567c2d[Not completed]
2020-12-11 11:59:13,895 [pool-395-thread-1] INFO  impl.RaftServerImpl (RaftServerImpl.java:<init>(121)) - 675d35ba-bb57-4ae2-b121-2cd47ec358f4: new RaftServerImpl for group-B9DCA29E1988:[14058016-3fcf-4920-991e-a5361899d5d7|rpc:172.17.0.2:45451|dataStream:, 675d35ba-bb57-4ae2-b121-2cd47ec358f4|rpc:172.17.0.2:39033|dataStream:, a301dd64-f793-4e68-ac47-305a8ea93822|rpc:172.17.0.2:40329|dataStream:] with ContainerStateMachine:uninitialized
2020-12-11 11:59:13,895 [pool-395-thread-1] INFO  server.RaftServerConfigKeys (ConfUtils.java:logGet(44)) - raft.server.rpc.timeout.min = 5s (custom)
2020-12-11 11:59:13,895 [pool-395-thread-1] INFO  server.RaftServerConfigKeys (ConfUtils.java:logGet(44)) - raft.server.rpc.timeout.max = 5200ms (custom)
2020-12-11 11:59:13,895 [pool-395-thread-1] INFO  server.RaftServerConfigKeys (ConfUtils.java:logGet(44)) - raft.server.rpc.slowness.timeout = 300000ms (custom)
2020-12-11 11:59:13,895 [pool-395-thread-1] INFO  server.RaftServerConfigKeys (ConfUtils.java:logGet(44)) - raft.server.leaderelection.leader.step-down.wait-time = 10s (default)
2020-12-11 11:59:13,895 [pool-395-thread-1] INFO  server.RaftServerConfigKeys (ConfUtils.java:logGet(44)) - raft.server.sleep.deviation.threshold = 300 (default)
2020-12-11 11:59:13,895 [pool-395-thread-1] INFO  server.RaftServerConfigKeys (ConfUtils.java:logGet(44)) - raft.server.log.appender.install.snapshot.enabled = false (custom)
2020-12-11 11:59:13,895 [pool-395-thread-1] INFO  impl.RaftServerImpl (ServerState.java:<init>(104)) - 675d35ba-bb57-4ae2-b121-2cd47ec358f4@group-B9DCA29E1988: ConfigurationManager, init=-1: [14058016-3fcf-4920-991e-a5361899d5d7|rpc:172.17.0.2:45451|dataStream:, 675d35ba-bb57-4ae2-b121-2cd47ec358f4|rpc:172.17.0.2:39033|dataStream:, a301dd64-f793-4e68-ac47-305a8ea93822|rpc:172.17.0.2:40329|dataStream:], old=null, confs=<EMPTY_MAP>
2020-12-11 11:59:13,895 [pool-395-thread-1] INFO  server.RaftServerConfigKeys (ConfUtils.java:logGet(44)) - raft.server.storage.dir = [/github/workspace/mnt/ozone/hadoop-ozone/integration-test/target/test-dir/MiniOzoneClusterImpl-9e77629d-1495-4101-8eb0-46d1fa4d7a32/datanode-0/data/ratis] (custom)
2020-12-11 11:59:13,896 [pool-395-thread-1] INFO  server.RaftServerConfigKeys (ConfUtils.java:logGet(44)) - raft.server.log.corruption.policy = EXCEPTION (default)
2020-12-11 11:59:13,896 [pool-395-thread-1] INFO  storage.RaftStorageDirectory (RaftStorageDirectory.java:analyzeStorage(261)) - The storage directory /github/workspace/mnt/ozone/hadoop-ozone/integration-test/target/test-dir/MiniOzoneClusterImpl-9e77629d-1495-4101-8eb0-46d1fa4d7a32/datanode-0/data/ratis/d4ed0903-a34d-4264-a54b-b9dca29e1988 does not exist. Creating ...
2020-12-11 11:59:13,897 [pool-395-thread-1] INFO  storage.RaftStorageDirectory (RaftStorageDirectory.java:tryLock(343)) - Lock on /github/workspace/mnt/ozone/hadoop-ozone/integration-test/target/test-dir/MiniOzoneClusterImpl-9e77629d-1495-4101-8eb0-46d1fa4d7a32/datanode-0/data/ratis/d4ed0903-a34d-4264-a54b-b9dca29e1988/in_use.lock acquired by nodename 1858@302fe02fdb76
2020-12-11 11:59:13,898 [pool-395-thread-1] INFO  storage.RaftStorage (RaftStorage.java:format(85)) - Storage directory /github/workspace/mnt/ozone/hadoop-ozone/integration-test/target/test-dir/MiniOzoneClusterImpl-9e77629d-1495-4101-8eb0-46d1fa4d7a32/datanode-0/data/ratis/d4ed0903-a34d-4264-a54b-b9dca29e1988 has been successfully formatted.
2020-12-11 11:59:13,898 [pool-395-thread-1] INFO  ratis.ContainerStateMachine (ContainerStateMachine.java:loadSnapshot(225)) - group-B9DCA29E1988: The snapshot info is null. Setting the last applied indexto:(t:0, i:~)
2020-12-11 11:59:13,898 [pool-395-thread-1] INFO  server.RaftServerConfigKeys (ConfUtils.java:logGet(44)) - raft.server.notification.no-leader.timeout = 300000ms (custom)
2020-12-11 11:59:13,898 [pool-395-thread-1] INFO  server.RaftServerConfigKeys (ConfUtils.java:logGet(44)) - raft.server.log.use.memory = false (default)
2020-12-11 11:59:13,898 [pool-395-thread-1] INFO  server.RaftServerConfigKeys (ConfUtils.java:logGet(44)) - raft.server.log.purge.gap = 1000000 (custom)
2020-12-11 11:59:13,899 [pool-395-thread-1] INFO  metrics.RatisMetrics (RatisMetrics.java:lambda$create$0(36)) - Creating Metrics Registry : ratis.log_worker.675d35ba-bb57-4ae2-b121-2cd47ec358f4@group-B9DCA29E1988
2020-12-11 11:59:13,899 [pool-395-thread-1] INFO  server.RaftServerConfigKeys (ConfUtils.java:logGet(44)) - raft.server.log.appender.buffer.byte-limit = 33554432 (custom)
2020-12-11 11:59:13,899 [pool-395-thread-1] INFO  server.RaftServerConfigKeys (ConfUtils.java:logGet(44)) - raft.server.log.segment.size.max = 1048576 (custom)
2020-12-11 11:59:13,900 [pool-395-thread-1] INFO  server.RaftServerConfigKeys (ConfUtils.java:logGet(44)) - raft.server.log.segment.cache.num.max = 2 (custom)
2020-12-11 11:59:13,900 [pool-395-thread-1] INFO  segmented.SegmentedRaftLogWorker (SegmentedRaftLogWorker.java:<init>(180)) - new 675d35ba-bb57-4ae2-b121-2cd47ec358f4@group-B9DCA29E1988-SegmentedRaftLogWorker for RaftStorage:Storage Directory /github/workspace/mnt/ozone/hadoop-ozone/integration-test/target/test-dir/MiniOzoneClusterImpl-9e77629d-1495-4101-8eb0-46d1fa4d7a32/datanode-0/data/ratis/d4ed0903-a34d-4264-a54b-b9dca29e1988
2020-12-11 11:59:13,900 [pool-395-thread-1] INFO  server.RaftServerConfigKeys (ConfUtils.java:logGet(44)) - raft.server.log.queue.byte-limit = 2147483647 (custom)
2020-12-11 11:59:13,900 [pool-395-thread-1] INFO  server.RaftServerConfigKeys (ConfUtils.java:logGet(44)) - raft.server.log.queue.element-limit = 1024 (custom)
2020-12-11 11:59:13,900 [pool-395-thread-1] INFO  server.RaftServerConfigKeys (ConfUtils.java:logGet(44)) - raft.server.log.segment.size.max = 1048576 (custom)
2020-12-11 11:59:13,900 [pool-395-thread-1] INFO  server.RaftServerConfigKeys (ConfUtils.java:logGet(44)) - raft.server.log.preallocated.size = 16384 (custom)
2020-12-11 11:59:13,900 [pool-395-thread-1] INFO  server.RaftServerConfigKeys (ConfUtils.java:logGet(44)) - raft.server.log.write.buffer.size = 1048576 (custom)
2020-12-11 11:59:13,900 [pool-395-thread-1] INFO  server.RaftServerConfigKeys (ConfUtils.java:logGet(44)) - raft.server.log.force.sync.num = 128 (default)
2020-12-11 11:59:13,901 [pool-395-thread-1] INFO  server.RaftServerConfigKeys (ConfUtils.java:logGet(44)) - raft.server.log.statemachine.data.sync = true (default)
2020-12-11 11:59:13,901 [pool-395-thread-1] INFO  server.RaftServerConfigKeys (ConfUtils.java:logGet(44)) - raft.server.log.statemachine.data.sync.timeout = 10s (default)
2020-12-11 11:59:13,901 [pool-395-thread-1] INFO  server.RaftServerConfigKeys (ConfUtils.java:logGet(44)) - raft.server.log.statemachine.data.sync.timeout.retry = -1 (default)
2020-12-11 11:59:13,904 [pool-395-thread-1] INFO  server.RaftServerConfigKeys (ConfUtils.java:logGet(44)) - raft.server.log.statemachine.data.caching.enabled = true (custom)
2020-12-11 11:59:13,905 [pool-395-thread-1] INFO  segmented.SegmentedRaftLogWorker (SegmentedRaftLogWorker.java:lambda$new$0(129)) - 675d35ba-bb57-4ae2-b121-2cd47ec358f4@group-B9DCA29E1988-SegmentedRaftLogWorker: flushIndex: setUnconditionally 0 -> -1
2020-12-11 11:59:13,905 [pool-395-thread-1] INFO  segmented.SegmentedRaftLogWorker (SegmentedRaftLogWorker.java:lambda$new$0(129)) - 675d35ba-bb57-4ae2-b121-2cd47ec358f4@group-B9DCA29E1988-SegmentedRaftLogWorker: safeCacheEvictIndex: setUnconditionally 0 -> -1
2020-12-11 11:59:13,905 [pool-395-thread-1] INFO  server.RaftServerConfigKeys (ConfUtils.java:logGet(44)) - raft.server.snapshot.auto.trigger.enabled = true (custom)
2020-12-11 11:59:13,905 [pool-395-thread-1] INFO  server.RaftServerConfigKeys (ConfUtils.java:logGet(44)) - raft.server.snapshot.auto.trigger.threshold = 10000 (custom)
2020-12-11 11:59:13,905 [pool-395-thread-1] INFO  server.RaftServerConfigKeys (ConfUtils.java:logGet(44)) - raft.server.snapshot.retention.file.num = 5 (custom)
2020-12-11 11:59:13,905 [pool-395-thread-1] INFO  server.RaftServerConfigKeys (ConfUtils.java:logGet(44)) - raft.server.log.purge.upto.snapshot.index = false (default)
2020-12-11 11:59:13,905 [pool-395-thread-1] INFO  server.RaftServerConfigKeys (ConfUtils.java:logGet(44)) - raft.server.retrycache.expirytime = 600000ms (custom)
2020-12-11 11:59:13,905 [pool-395-thread-1] INFO  metrics.RatisMetrics (RatisMetrics.java:lambda$create$0(36)) - Creating Metrics Registry : ratis.leader_election.675d35ba-bb57-4ae2-b121-2cd47ec358f4@group-B9DCA29E1988
2020-12-11 11:59:13,906 [pool-395-thread-1] INFO  metrics.RatisMetrics (RatisMetrics.java:lambda$create$0(36)) - Creating Metrics Registry : ratis.server.675d35ba-bb57-4ae2-b121-2cd47ec358f4@group-B9DCA29E1988
2020-12-11 11:59:13,967 [org.apache.ratis.server.JvmPauseMonitor@4b202ed7-Monitor] WARN  server.JvmPauseMonitor (JvmPauseMonitor.java:run(141)) - Detected pause in JVM or host machine (eg GC): pause of approximately 39ms
GC pool 'PS Scavenge' had collection(s): count=1 time=59ms
2020-12-11 11:59:13,968 [pool-395-thread-1] INFO  impl.RaftServerImpl (RaftServerImpl.java:start(215)) - 675d35ba-bb57-4ae2-b121-2cd47ec358f4@group-B9DCA29E1988: start as a follower, conf=-1: [14058016-3fcf-4920-991e-a5361899d5d7|rpc:172.17.0.2:45451|dataStream:, 675d35ba-bb57-4ae2-b121-2cd47ec358f4|rpc:172.17.0.2:39033|dataStream:, a301dd64-f793-4e68-ac47-305a8ea93822|rpc:172.17.0.2:40329|dataStream:], old=null
2020-12-11 11:59:13,968 [pool-395-thread-1] INFO  impl.RaftServerImpl (RaftServerImpl.java:setRole(204)) - 675d35ba-bb57-4ae2-b121-2cd47ec358f4@group-B9DCA29E1988: changes role from      null to FOLLOWER at term 0 for startAsFollower
2020-12-11 11:59:13,968 [pool-395-thread-1] INFO  impl.RoleInfo (RoleInfo.java:updateAndGet(143)) - 675d35ba-bb57-4ae2-b121-2cd47ec358f4: start 675d35ba-bb57-4ae2-b121-2cd47ec358f4@group-B9DCA29E1988-FollowerState
2020-12-11 11:59:13,972 [pool-395-thread-1] INFO  util.JmxRegister (JmxRegister.java:tryRegister(44)) - Successfully registered JMX Bean with object name Ratis:service=RaftServer,group=group-B9DCA29E1988,id=675d35ba-bb57-4ae2-b121-2cd47ec358f4
2020-12-11 11:59:13,972 [pool-395-thread-1] INFO  metrics.RatisMetrics (RatisMetrics.java:lambda$create$0(36)) - Creating Metrics Registry : ratis.state_machine.675d35ba-bb57-4ae2-b121-2cd47ec358f4@group-B9DCA29E1988
2020-12-11 11:59:13,993 [Command processor thread] INFO  metrics.RatisMetrics (RatisMetrics.java:lambda$create$0(36)) - Creating Metrics Registry : ratis.client_message_metrics.client-1D7BB166D96F->a301dd64-f793-4e68-ac47-305a8ea93822
2020-12-11 11:59:13,999 [grpc-default-executor-6] INFO  impl.RaftServerProxy (RaftServerProxy.java:addNew(93)) - a301dd64-f793-4e68-ac47-305a8ea93822: addNew group-B9DCA29E1988:[14058016-3fcf-4920-991e-a5361899d5d7|rpc:172.17.0.2:45451|dataStream:, 675d35ba-bb57-4ae2-b121-2cd47ec358f4|rpc:172.17.0.2:39033|dataStream:, a301dd64-f793-4e68-ac47-305a8ea93822|rpc:172.17.0.2:40329|dataStream:] returns group-B9DCA29E1988:java.util.concurrent.CompletableFuture@221f15ea[Not completed]
2020-12-11 11:59:14,000 [pool-427-thread-1] INFO  impl.RaftServerImpl (RaftServerImpl.java:<init>(121)) - a301dd64-f793-4e68-ac47-305a8ea93822: new RaftServerImpl for group-B9DCA29E1988:[14058016-3fcf-4920-991e-a5361899d5d7|rpc:172.17.0.2:45451|dataStream:, 675d35ba-bb57-4ae2-b121-2cd47ec358f4|rpc:172.17.0.2:39033|dataStream:, a301dd64-f793-4e68-ac47-305a8ea93822|rpc:172.17.0.2:40329|dataStream:] with ContainerStateMachine:uninitialized
2020-12-11 11:59:14,000 [pool-427-thread-1] INFO  server.RaftServerConfigKeys (ConfUtils.java:logGet(44)) - raft.server.rpc.timeout.min = 5s (custom)
2020-12-11 11:59:14,000 [pool-427-thread-1] INFO  server.RaftServerConfigKeys (ConfUtils.java:logGet(44)) - raft.server.rpc.timeout.max = 5200ms (custom)
2020-12-11 11:59:14,000 [pool-427-thread-1] INFO  server.RaftServerConfigKeys (ConfUtils.java:logGet(44)) - raft.server.rpc.slowness.timeout = 300000ms (custom)
2020-12-11 11:59:14,000 [pool-427-thread-1] INFO  server.RaftServerConfigKeys (ConfUtils.java:logGet(44)) - raft.server.leaderelection.leader.step-down.wait-time = 10s (default)
2020-12-11 11:59:14,000 [pool-427-thread-1] INFO  server.RaftServerConfigKeys (ConfUtils.java:logGet(44)) - raft.server.sleep.deviation.threshold = 300 (default)
2020-12-11 11:59:14,000 [pool-427-thread-1] INFO  server.RaftServerConfigKeys (ConfUtils.java:logGet(44)) - raft.server.log.appender.install.snapshot.enabled = false (custom)
2020-12-11 11:59:14,000 [pool-427-thread-1] INFO  impl.RaftServerImpl (ServerState.java:<init>(104)) - a301dd64-f793-4e68-ac47-305a8ea93822@group-B9DCA29E1988: ConfigurationManager, init=-1: [14058016-3fcf-4920-991e-a5361899d5d7|rpc:172.17.0.2:45451|dataStream:, 675d35ba-bb57-4ae2-b121-2cd47ec358f4|rpc:172.17.0.2:39033|dataStream:, a301dd64-f793-4e68-ac47-305a8ea93822|rpc:172.17.0.2:40329|dataStream:], old=null, confs=<EMPTY_MAP>
2020-12-11 11:59:14,001 [pool-427-thread-1] INFO  server.RaftServerConfigKeys (ConfUtils.java:logGet(44)) - raft.server.storage.dir = [/github/workspace/mnt/ozone/hadoop-ozone/integration-test/target/test-dir/MiniOzoneClusterImpl-9e77629d-1495-4101-8eb0-46d1fa4d7a32/datanode-2/data/ratis] (custom)
2020-12-11 11:59:14,001 [pool-427-thread-1] INFO  server.RaftServerConfigKeys (ConfUtils.java:logGet(44)) - raft.server.log.corruption.policy = EXCEPTION (default)
2020-12-11 11:59:14,001 [pool-427-thread-1] INFO  storage.RaftStorageDirectory (RaftStorageDirectory.java:analyzeStorage(261)) - The storage directory /github/workspace/mnt/ozone/hadoop-ozone/integration-test/target/test-dir/MiniOzoneClusterImpl-9e77629d-1495-4101-8eb0-46d1fa4d7a32/datanode-2/data/ratis/d4ed0903-a34d-4264-a54b-b9dca29e1988 does not exist. Creating ...
2020-12-11 11:59:14,002 [pool-427-thread-1] INFO  storage.RaftStorageDirectory (RaftStorageDirectory.java:tryLock(343)) - Lock on /github/workspace/mnt/ozone/hadoop-ozone/integration-test/target/test-dir/MiniOzoneClusterImpl-9e77629d-1495-4101-8eb0-46d1fa4d7a32/datanode-2/data/ratis/d4ed0903-a34d-4264-a54b-b9dca29e1988/in_use.lock acquired by nodename 1858@302fe02fdb76
2020-12-11 11:59:14,005 [pool-427-thread-1] INFO  storage.RaftStorage (RaftStorage.java:format(85)) - Storage directory /github/workspace/mnt/ozone/hadoop-ozone/integration-test/target/test-dir/MiniOzoneClusterImpl-9e77629d-1495-4101-8eb0-46d1fa4d7a32/datanode-2/data/ratis/d4ed0903-a34d-4264-a54b-b9dca29e1988 has been successfully formatted.
2020-12-11 11:59:14,005 [pool-427-thread-1] INFO  ratis.ContainerStateMachine (ContainerStateMachine.java:loadSnapshot(225)) - group-B9DCA29E1988: The snapshot info is null. Setting the last applied indexto:(t:0, i:~)
2020-12-11 11:59:14,005 [Datanode State Machine Thread - 0] INFO  statemachine.DatanodeStateMachine (DatanodeStateMachine.java:lambda$startDaemon$0(408)) - Ozone container server started.
2020-12-11 11:59:14,005 [pool-427-thread-1] INFO  server.RaftServerConfigKeys (ConfUtils.java:logGet(44)) - raft.server.notification.no-leader.timeout = 300000ms (custom)
2020-12-11 11:59:14,005 [pool-427-thread-1] INFO  server.RaftServerConfigKeys (ConfUtils.java:logGet(44)) - raft.server.log.use.memory = false (default)
2020-12-11 11:59:14,005 [pool-427-thread-1] INFO  server.RaftServerConfigKeys (ConfUtils.java:logGet(44)) - raft.server.log.purge.gap = 1000000 (custom)
2020-12-11 11:59:14,005 [pool-427-thread-1] INFO  metrics.RatisMetrics (RatisMetrics.java:lambda$create$0(36)) - Creating Metrics Registry : ratis.log_worker.a301dd64-f793-4e68-ac47-305a8ea93822@group-B9DCA29E1988
2020-12-11 11:59:14,006 [pool-427-thread-1] INFO  server.RaftServerConfigKeys (ConfUtils.java:logGet(44)) - raft.server.log.appender.buffer.byte-limit = 33554432 (custom)
2020-12-11 11:59:14,006 [pool-427-thread-1] INFO  server.RaftServerConfigKeys (ConfUtils.java:logGet(44)) - raft.server.log.segment.size.max = 1048576 (custom)
2020-12-11 11:59:14,006 [pool-427-thread-1] INFO  server.RaftServerConfigKeys (ConfUtils.java:logGet(44)) - raft.server.log.segment.cache.num.max = 2 (custom)
2020-12-11 11:59:14,006 [pool-427-thread-1] INFO  segmented.SegmentedRaftLogWorker (SegmentedRaftLogWorker.java:<init>(180)) - new a301dd64-f793-4e68-ac47-305a8ea93822@group-B9DCA29E1988-SegmentedRaftLogWorker for RaftStorage:Storage Directory /github/workspace/mnt/ozone/hadoop-ozone/integration-test/target/test-dir/MiniOzoneClusterImpl-9e77629d-1495-4101-8eb0-46d1fa4d7a32/datanode-2/data/ratis/d4ed0903-a34d-4264-a54b-b9dca29e1988
2020-12-11 11:59:14,007 [pool-427-thread-1] INFO  server.RaftServerConfigKeys (ConfUtils.java:logGet(44)) - raft.server.log.queue.byte-limit = 2147483647 (custom)
2020-12-11 11:59:14,007 [pool-427-thread-1] INFO  server.RaftServerConfigKeys (ConfUtils.java:logGet(44)) - raft.server.log.queue.element-limit = 1024 (custom)
2020-12-11 11:59:14,007 [pool-427-thread-1] INFO  server.RaftServerConfigKeys (ConfUtils.java:logGet(44)) - raft.server.log.segment.size.max = 1048576 (custom)
2020-12-11 11:59:14,007 [pool-427-thread-1] INFO  server.RaftServerConfigKeys (ConfUtils.java:logGet(44)) - raft.server.log.preallocated.size = 16384 (custom)
2020-12-11 11:59:14,007 [pool-427-thread-1] INFO  server.RaftServerConfigKeys (ConfUtils.java:logGet(44)) - raft.server.log.write.buffer.size = 1048576 (custom)
2020-12-11 11:59:14,007 [pool-427-thread-1] INFO  server.RaftServerConfigKeys (ConfUtils.java:logGet(44)) - raft.server.log.force.sync.num = 128 (default)
2020-12-11 11:59:14,007 [pool-427-thread-1] INFO  server.RaftServerConfigKeys (ConfUtils.java:logGet(44)) - raft.server.log.statemachine.data.sync = true (default)
2020-12-11 11:59:14,007 [pool-427-thread-1] INFO  server.RaftServerConfigKeys (ConfUtils.java:logGet(44)) - raft.server.log.statemachine.data.sync.timeout = 10s (default)
2020-12-11 11:59:14,007 [pool-427-thread-1] INFO  server.RaftServerConfigKeys (ConfUtils.java:logGet(44)) - raft.server.log.statemachine.data.sync.timeout.retry = -1 (default)
2020-12-11 11:59:14,009 [pool-427-thread-1] INFO  server.RaftServerConfigKeys (ConfUtils.java:logGet(44)) - raft.server.log.statemachine.data.caching.enabled = true (custom)
2020-12-11 11:59:14,010 [pool-427-thread-1] INFO  segmented.SegmentedRaftLogWorker (SegmentedRaftLogWorker.java:lambda$new$0(129)) - a301dd64-f793-4e68-ac47-305a8ea93822@group-B9DCA29E1988-SegmentedRaftLogWorker: flushIndex: setUnconditionally 0 -> -1
2020-12-11 11:59:14,010 [pool-427-thread-1] INFO  segmented.SegmentedRaftLogWorker (SegmentedRaftLogWorker.java:lambda$new$0(129)) - a301dd64-f793-4e68-ac47-305a8ea93822@group-B9DCA29E1988-SegmentedRaftLogWorker: safeCacheEvictIndex: setUnconditionally 0 -> -1
2020-12-11 11:59:14,010 [pool-427-thread-1] INFO  server.RaftServerConfigKeys (ConfUtils.java:logGet(44)) - raft.server.snapshot.auto.trigger.enabled = true (custom)
2020-12-11 11:59:14,010 [pool-427-thread-1] INFO  server.RaftServerConfigKeys (ConfUtils.java:logGet(44)) - raft.server.snapshot.auto.trigger.threshold = 10000 (custom)
2020-12-11 11:59:14,010 [pool-427-thread-1] INFO  server.RaftServerConfigKeys (ConfUtils.java:logGet(44)) - raft.server.snapshot.retention.file.num = 5 (custom)
2020-12-11 11:59:14,010 [pool-427-thread-1] INFO  server.RaftServerConfigKeys (ConfUtils.java:logGet(44)) - raft.server.log.purge.upto.snapshot.index = false (default)
2020-12-11 11:59:14,010 [pool-427-thread-1] INFO  server.RaftServerConfigKeys (ConfUtils.java:logGet(44)) - raft.server.retrycache.expirytime = 600000ms (custom)
2020-12-11 11:59:14,011 [pool-427-thread-1] INFO  metrics.RatisMetrics (RatisMetrics.java:lambda$create$0(36)) - Creating Metrics Registry : ratis.leader_election.a301dd64-f793-4e68-ac47-305a8ea93822@group-B9DCA29E1988
2020-12-11 11:59:14,011 [pool-427-thread-1] INFO  metrics.RatisMetrics (RatisMetrics.java:lambda$create$0(36)) - Creating Metrics Registry : ratis.server.a301dd64-f793-4e68-ac47-305a8ea93822@group-B9DCA29E1988
2020-12-11 11:59:14,012 [pool-427-thread-1] INFO  impl.RaftServerImpl (RaftServerImpl.java:start(215)) - a301dd64-f793-4e68-ac47-305a8ea93822@group-B9DCA29E1988: start as a follower, conf=-1: [14058016-3fcf-4920-991e-a5361899d5d7|rpc:172.17.0.2:45451|dataStream:, 675d35ba-bb57-4ae2-b121-2cd47ec358f4|rpc:172.17.0.2:39033|dataStream:, a301dd64-f793-4e68-ac47-305a8ea93822|rpc:172.17.0.2:40329|dataStream:], old=null
2020-12-11 11:59:14,012 [pool-427-thread-1] INFO  impl.RaftServerImpl (RaftServerImpl.java:setRole(204)) - a301dd64-f793-4e68-ac47-305a8ea93822@group-B9DCA29E1988: changes role from      null to FOLLOWER at term 0 for startAsFollower
2020-12-11 11:59:14,013 [pool-427-thread-1] INFO  impl.RoleInfo (RoleInfo.java:updateAndGet(143)) - a301dd64-f793-4e68-ac47-305a8ea93822: start a301dd64-f793-4e68-ac47-305a8ea93822@group-B9DCA29E1988-FollowerState
2020-12-11 11:59:14,013 [pool-427-thread-1] INFO  util.JmxRegister (JmxRegister.java:tryRegister(44)) - Successfully registered JMX Bean with object name Ratis:service=RaftServer,group=group-B9DCA29E1988,id=a301dd64-f793-4e68-ac47-305a8ea93822
2020-12-11 11:59:14,013 [pool-427-thread-1] INFO  metrics.RatisMetrics (RatisMetrics.java:lambda$create$0(36)) - Creating Metrics Registry : ratis.state_machine.a301dd64-f793-4e68-ac47-305a8ea93822@group-B9DCA29E1988
2020-12-11 11:59:14,023 [Command processor thread] INFO  commandhandler.CreatePipelineCommandHandler (CreatePipelineCommandHandler.java:handle(106)) - Created Pipeline RATIS THREE PipelineID=d4ed0903-a34d-4264-a54b-b9dca29e1988.
2020-12-11 11:59:14,037 [Thread-1325] INFO  impl.FollowerState (FollowerState.java:run(128)) - 6ceb72e1-9dfc-406c-bbba-66398b5fee3f@group-6817AA4C9C44-FollowerState: change to CANDIDATE, lastRpcTime:5166ms, electionTimeout:5165ms
2020-12-11 11:59:14,038 [Thread-1325] INFO  impl.RoleInfo (RoleInfo.java:shutdownFollowerState(121)) - 6ceb72e1-9dfc-406c-bbba-66398b5fee3f: shutdown 6ceb72e1-9dfc-406c-bbba-66398b5fee3f@group-6817AA4C9C44-FollowerState
2020-12-11 11:59:14,038 [Thread-1325] INFO  impl.RaftServerImpl (RaftServerImpl.java:setRole(204)) - 6ceb72e1-9dfc-406c-bbba-66398b5fee3f@group-6817AA4C9C44: changes role from  FOLLOWER to CANDIDATE at term 0 for changeToCandidate
2020-12-11 11:59:14,038 [Thread-1325] INFO  impl.RoleInfo (RoleInfo.java:updateAndGet(143)) - 6ceb72e1-9dfc-406c-bbba-66398b5fee3f: start 6ceb72e1-9dfc-406c-bbba-66398b5fee3f@group-6817AA4C9C44-LeaderElection45
2020-12-11 11:59:14,042 [6ceb72e1-9dfc-406c-bbba-66398b5fee3f@group-6817AA4C9C44-LeaderElection45] INFO  impl.LeaderElection (LeaderElection.java:askForVotes(215)) - 6ceb72e1-9dfc-406c-bbba-66398b5fee3f@group-6817AA4C9C44-LeaderElection45: begin an election at term 1 for -1: [6ceb72e1-9dfc-406c-bbba-66398b5fee3f|rpc:172.17.0.2:42665], old=null
2020-12-11 11:59:14,042 [6ceb72e1-9dfc-406c-bbba-66398b5fee3f@group-6817AA4C9C44-LeaderElection45] INFO  impl.RoleInfo (RoleInfo.java:shutdownLeaderElection(134)) - 6ceb72e1-9dfc-406c-bbba-66398b5fee3f: shutdown 6ceb72e1-9dfc-406c-bbba-66398b5fee3f@group-6817AA4C9C44-LeaderElection45
2020-12-11 11:59:14,042 [6ceb72e1-9dfc-406c-bbba-66398b5fee3f@group-6817AA4C9C44-LeaderElection45] INFO  impl.RaftServerImpl (RaftServerImpl.java:setRole(204)) - 6ceb72e1-9dfc-406c-bbba-66398b5fee3f@group-6817AA4C9C44: changes role from CANDIDATE to LEADER at term 1 for changeToLeader
2020-12-11 11:59:14,042 [6ceb72e1-9dfc-406c-bbba-66398b5fee3f@group-6817AA4C9C44-LeaderElection45] INFO  ratis.XceiverServerRatis (XceiverServerRatis.java:handleLeaderChangedNotification(854)) - Leader change notification received for group: group-6817AA4C9C44 with new leaderId: 6ceb72e1-9dfc-406c-bbba-66398b5fee3f
2020-12-11 11:59:14,043 [6ceb72e1-9dfc-406c-bbba-66398b5fee3f@group-6817AA4C9C44-LeaderElection45] INFO  impl.RaftServerImpl (ServerState.java:setLeader(256)) - 6ceb72e1-9dfc-406c-bbba-66398b5fee3f@group-6817AA4C9C44: change Leader from null to 6ceb72e1-9dfc-406c-bbba-66398b5fee3f at term 1 for becomeLeader, leader elected after 5180ms
2020-12-11 11:59:14,043 [6ceb72e1-9dfc-406c-bbba-66398b5fee3f@group-6817AA4C9C44-LeaderElection45] INFO  server.RaftServerConfigKeys (ConfUtils.java:logGet(44)) - raft.server.staging.catchup.gap = 1000 (default)
2020-12-11 11:59:14,044 [6ceb72e1-9dfc-406c-bbba-66398b5fee3f@group-6817AA4C9C44-LeaderElection45] INFO  server.RaftServerConfigKeys (ConfUtils.java:logGet(44)) - raft.server.rpc.sleep.time = 25ms (default)
2020-12-11 11:59:14,044 [6ceb72e1-9dfc-406c-bbba-66398b5fee3f@group-6817AA4C9C44-LeaderElection45] INFO  metrics.RatisMetrics (RatisMetrics.java:lambda$create$0(36)) - Creating Metrics Registry : ratis.log_appender.6ceb72e1-9dfc-406c-bbba-66398b5fee3f@group-6817AA4C9C44
2020-12-11 11:59:14,044 [6ceb72e1-9dfc-406c-bbba-66398b5fee3f@group-6817AA4C9C44-LeaderElection45] INFO  server.RaftServerConfigKeys (ConfUtils.java:logGet(44)) - raft.server.write.element-limit = 1024 (custom)
2020-12-11 11:59:14,044 [6ceb72e1-9dfc-406c-bbba-66398b5fee3f@group-6817AA4C9C44-LeaderElection45] INFO  server.RaftServerConfigKeys (ConfUtils.java:logGet(44)) - raft.server.write.byte-limit = 1073741824 (custom)
2020-12-11 11:59:14,045 [6ceb72e1-9dfc-406c-bbba-66398b5fee3f@group-6817AA4C9C44-LeaderElection45] INFO  server.RaftServerConfigKeys (ConfUtils.java:logGet(44)) - raft.server.watch.timeout = 3000ms (custom)
2020-12-11 11:59:14,045 [6ceb72e1-9dfc-406c-bbba-66398b5fee3f@group-6817AA4C9C44-LeaderElection45] INFO  server.RaftServerConfigKeys (ConfUtils.java:logGet(44)) - raft.server.watch.timeout.denomination = 1s (default)
2020-12-11 11:59:14,045 [6ceb72e1-9dfc-406c-bbba-66398b5fee3f@group-6817AA4C9C44-LeaderElection45] INFO  server.RaftServerConfigKeys (ConfUtils.java:logGet(44)) - raft.server.watch.element-limit = 65536 (default)
2020-12-11 11:59:14,045 [6ceb72e1-9dfc-406c-bbba-66398b5fee3f@group-6817AA4C9C44-LeaderElection45] INFO  impl.RoleInfo (RoleInfo.java:updateAndGet(143)) - 6ceb72e1-9dfc-406c-bbba-66398b5fee3f: start 6ceb72e1-9dfc-406c-bbba-66398b5fee3f@group-6817AA4C9C44-LeaderState
2020-12-11 11:59:14,045 [6ceb72e1-9dfc-406c-bbba-66398b5fee3f@group-6817AA4C9C44-LeaderElection45] INFO  segmented.SegmentedRaftLogWorker (SegmentedRaftLogWorker.java:startLogSegment(398)) - 6ceb72e1-9dfc-406c-bbba-66398b5fee3f@group-6817AA4C9C44-SegmentedRaftLogWorker: Starting segment from index:0
2020-12-11 11:59:14,047 [6ceb72e1-9dfc-406c-bbba-66398b5fee3f@group-6817AA4C9C44-SegmentedRaftLogWorker] INFO  segmented.SegmentedRaftLogWorker (SegmentedRaftLogWorker.java:execute(597)) - 6ceb72e1-9dfc-406c-bbba-66398b5fee3f@group-6817AA4C9C44-SegmentedRaftLogWorker: created new log segment /github/workspace/mnt/ozone/hadoop-ozone/integration-test/target/test-dir/MiniOzoneClusterImpl-9e77629d-1495-4101-8eb0-46d1fa4d7a32/datanode-5/data/ratis/b0b1e91b-c763-4b61-9169-6817aa4c9c44/current/log_inprogress_0
2020-12-11 11:59:14,048 [6ceb72e1-9dfc-406c-bbba-66398b5fee3f@group-6817AA4C9C44-LeaderElection45] INFO  impl.RaftServerImpl (ServerState.java:setRaftConf(374)) - 6ceb72e1-9dfc-406c-bbba-66398b5fee3f@group-6817AA4C9C44: set configuration 0: [6ceb72e1-9dfc-406c-bbba-66398b5fee3f|rpc:172.17.0.2:42665|dataStream:], old=null at 0
2020-12-11 11:59:14,160 [Thread-1331] INFO  impl.FollowerState (FollowerState.java:run(128)) - 3242355b-cd6b-427d-b7e9-4ae74739cb3e@group-2B781C67474A-FollowerState: change to CANDIDATE, lastRpcTime:5009ms, electionTimeout:5009ms
2020-12-11 11:59:14,160 [Thread-1331] INFO  impl.RoleInfo (RoleInfo.java:shutdownFollowerState(121)) - 3242355b-cd6b-427d-b7e9-4ae74739cb3e: shutdown 3242355b-cd6b-427d-b7e9-4ae74739cb3e@group-2B781C67474A-FollowerState
2020-12-11 11:59:14,160 [Thread-1331] INFO  impl.RaftServerImpl (RaftServerImpl.java:setRole(204)) - 3242355b-cd6b-427d-b7e9-4ae74739cb3e@group-2B781C67474A: changes role from  FOLLOWER to CANDIDATE at term 0 for changeToCandidate
2020-12-11 11:59:14,160 [Thread-1331] INFO  impl.RoleInfo (RoleInfo.java:updateAndGet(143)) - 3242355b-cd6b-427d-b7e9-4ae74739cb3e: start 3242355b-cd6b-427d-b7e9-4ae74739cb3e@group-2B781C67474A-LeaderElection46
2020-12-11 11:59:14,163 [Thread-1329] INFO  impl.FollowerState (FollowerState.java:run(128)) - ae07f068-47ba-4716-bac5-3cb4c79fd2be@group-2B781C67474A-FollowerState: change to CANDIDATE, lastRpcTime:5042ms, electionTimeout:5042ms
2020-12-11 11:59:14,163 [Thread-1329] INFO  impl.RoleInfo (RoleInfo.java:shutdownFollowerState(121)) - ae07f068-47ba-4716-bac5-3cb4c79fd2be: shutdown ae07f068-47ba-4716-bac5-3cb4c79fd2be@group-2B781C67474A-FollowerState
2020-12-11 11:59:14,163 [Thread-1329] INFO  impl.RaftServerImpl (RaftServerImpl.java:setRole(204)) - ae07f068-47ba-4716-bac5-3cb4c79fd2be@group-2B781C67474A: changes role from  FOLLOWER to CANDIDATE at term 0 for changeToCandidate
2020-12-11 11:59:14,163 [Thread-1329] INFO  impl.RoleInfo (RoleInfo.java:updateAndGet(143)) - ae07f068-47ba-4716-bac5-3cb4c79fd2be: start ae07f068-47ba-4716-bac5-3cb4c79fd2be@group-2B781C67474A-LeaderElection47
2020-12-11 11:59:14,175 [ae07f068-47ba-4716-bac5-3cb4c79fd2be@group-2B781C67474A-LeaderElection47] INFO  impl.LeaderElection (LeaderElection.java:askForVotes(215)) - ae07f068-47ba-4716-bac5-3cb4c79fd2be@group-2B781C67474A-LeaderElection47: begin an election at term 1 for -1: [ae07f068-47ba-4716-bac5-3cb4c79fd2be|rpc:172.17.0.2:44007, d20057ad-1402-4c9c-a7ab-3e414ff49065|rpc:172.17.0.2:44809, 3242355b-cd6b-427d-b7e9-4ae74739cb3e|rpc:172.17.0.2:42589], old=null
2020-12-11 11:59:14,176 [3242355b-cd6b-427d-b7e9-4ae74739cb3e@group-2B781C67474A-LeaderElection46] INFO  impl.LeaderElection (LeaderElection.java:askForVotes(215)) - 3242355b-cd6b-427d-b7e9-4ae74739cb3e@group-2B781C67474A-LeaderElection46: begin an election at term 1 for -1: [ae07f068-47ba-4716-bac5-3cb4c79fd2be|rpc:172.17.0.2:44007|dataStream:, d20057ad-1402-4c9c-a7ab-3e414ff49065|rpc:172.17.0.2:44809|dataStream:, 3242355b-cd6b-427d-b7e9-4ae74739cb3e|rpc:172.17.0.2:42589|dataStream:], old=null
2020-12-11 11:59:14,181 [Thread-1327] INFO  impl.FollowerState (FollowerState.java:run(128)) - ae07f068-47ba-4716-bac5-3cb4c79fd2be@group-7C5A795D934E-FollowerState: change to CANDIDATE, lastRpcTime:5074ms, electionTimeout:5074ms
2020-12-11 11:59:14,182 [Thread-1327] INFO  impl.RoleInfo (RoleInfo.java:shutdownFollowerState(121)) - ae07f068-47ba-4716-bac5-3cb4c79fd2be: shutdown ae07f068-47ba-4716-bac5-3cb4c79fd2be@group-7C5A795D934E-FollowerState
2020-12-11 11:59:14,182 [Thread-1327] INFO  impl.RaftServerImpl (RaftServerImpl.java:setRole(204)) - ae07f068-47ba-4716-bac5-3cb4c79fd2be@group-7C5A795D934E: changes role from  FOLLOWER to CANDIDATE at term 0 for changeToCandidate
2020-12-11 11:59:14,184 [Thread-1327] INFO  impl.RoleInfo (RoleInfo.java:updateAndGet(143)) - ae07f068-47ba-4716-bac5-3cb4c79fd2be: start ae07f068-47ba-4716-bac5-3cb4c79fd2be@group-7C5A795D934E-LeaderElection48
2020-12-11 11:59:14,197 [grpc-default-executor-5] INFO  impl.RaftServerImpl (RaftServerImpl.java:setRole(204)) - d20057ad-1402-4c9c-a7ab-3e414ff49065@group-2B781C67474A: changes role from  FOLLOWER to FOLLOWER at term 1 for recognizeCandidate:ae07f068-47ba-4716-bac5-3cb4c79fd2be
2020-12-11 11:59:14,197 [grpc-default-executor-5] INFO  impl.RoleInfo (RoleInfo.java:shutdownFollowerState(121)) - d20057ad-1402-4c9c-a7ab-3e414ff49065: shutdown d20057ad-1402-4c9c-a7ab-3e414ff49065@group-2B781C67474A-FollowerState
2020-12-11 11:59:14,197 [grpc-default-executor-5] INFO  impl.RoleInfo (RoleInfo.java:updateAndGet(143)) - d20057ad-1402-4c9c-a7ab-3e414ff49065: start d20057ad-1402-4c9c-a7ab-3e414ff49065@group-2B781C67474A-FollowerState
2020-12-11 11:59:14,197 [Thread-1334] INFO  impl.FollowerState (FollowerState.java:run(137)) - d20057ad-1402-4c9c-a7ab-3e414ff49065@group-2B781C67474A-FollowerState was interrupted: {}
java.lang.InterruptedException: sleep interrupted
	at java.lang.Thread.sleep(Native Method)
	at org.apache.ratis.util.JavaUtils.sleep(JavaUtils.java:250)
	at org.apache.ratis.server.impl.FollowerState.run(FollowerState.java:116)
2020-12-11 11:59:14,201 [grpc-default-executor-5] INFO  impl.RaftServerImpl (RaftServerImpl.java:requestVote(963)) -  FOLLOWER d20057ad-1402-4c9c-a7ab-3e414ff49065@group-2B781C67474A:t1, leader=null, voted=null, raftlog=d20057ad-1402-4c9c-a7ab-3e414ff49065@group-2B781C67474A-SegmentedRaftLog:OPENED:c-1,f-1,i0, conf=-1: [ae07f068-47ba-4716-bac5-3cb4c79fd2be|rpc:172.17.0.2:44007|dataStream:, d20057ad-1402-4c9c-a7ab-3e414ff49065|rpc:172.17.0.2:44809|dataStream:, 3242355b-cd6b-427d-b7e9-4ae74739cb3e|rpc:172.17.0.2:42589|dataStream:], old=null RUNNING priority:0 candidate:ae07f068-47ba-4716-bac5-3cb4c79fd2be|rpc:172.17.0.2:44007|dataStream: candidatePriority:0 compare:0
2020-12-11 11:59:14,204 [ae07f068-47ba-4716-bac5-3cb4c79fd2be@group-7C5A795D934E-LeaderElection48] INFO  impl.LeaderElection (LeaderElection.java:askForVotes(215)) - ae07f068-47ba-4716-bac5-3cb4c79fd2be@group-7C5A795D934E-LeaderElection48: begin an election at term 1 for -1: [ae07f068-47ba-4716-bac5-3cb4c79fd2be|rpc:172.17.0.2:44007], old=null
2020-12-11 11:59:14,204 [ae07f068-47ba-4716-bac5-3cb4c79fd2be@group-7C5A795D934E-LeaderElection48] INFO  impl.RoleInfo (RoleInfo.java:shutdownLeaderElection(134)) - ae07f068-47ba-4716-bac5-3cb4c79fd2be: shutdown ae07f068-47ba-4716-bac5-3cb4c79fd2be@group-7C5A795D934E-LeaderElection48
2020-12-11 11:59:14,204 [ae07f068-47ba-4716-bac5-3cb4c79fd2be@group-7C5A795D934E-LeaderElection48] INFO  impl.RaftServerImpl (RaftServerImpl.java:setRole(204)) - ae07f068-47ba-4716-bac5-3cb4c79fd2be@group-7C5A795D934E: changes role from CANDIDATE to LEADER at term 1 for changeToLeader
2020-12-11 11:59:14,204 [ae07f068-47ba-4716-bac5-3cb4c79fd2be@group-7C5A795D934E-LeaderElection48] INFO  ratis.XceiverServerRatis (XceiverServerRatis.java:handleLeaderChangedNotification(854)) - Leader change notification received for group: group-7C5A795D934E with new leaderId: ae07f068-47ba-4716-bac5-3cb4c79fd2be
2020-12-11 11:59:14,205 [ae07f068-47ba-4716-bac5-3cb4c79fd2be@group-7C5A795D934E-LeaderElection48] INFO  impl.RaftServerImpl (ServerState.java:setLeader(256)) - ae07f068-47ba-4716-bac5-3cb4c79fd2be@group-7C5A795D934E: change Leader from null to ae07f068-47ba-4716-bac5-3cb4c79fd2be at term 1 for becomeLeader, leader elected after 5107ms
2020-12-11 11:59:14,205 [ae07f068-47ba-4716-bac5-3cb4c79fd2be@group-7C5A795D934E-LeaderElection48] INFO  server.RaftServerConfigKeys (ConfUtils.java:logGet(44)) - raft.server.staging.catchup.gap = 1000 (default)
2020-12-11 11:59:14,205 [ae07f068-47ba-4716-bac5-3cb4c79fd2be@group-7C5A795D934E-LeaderElection48] INFO  server.RaftServerConfigKeys (ConfUtils.java:logGet(44)) - raft.server.rpc.sleep.time = 25ms (default)
2020-12-11 11:59:14,205 [ae07f068-47ba-4716-bac5-3cb4c79fd2be@group-7C5A795D934E-LeaderElection48] INFO  metrics.RatisMetrics (RatisMetrics.java:lambda$create$0(36)) - Creating Metrics Registry : ratis.log_appender.ae07f068-47ba-4716-bac5-3cb4c79fd2be@group-7C5A795D934E
2020-12-11 11:59:14,207 [grpc-default-executor-6] INFO  metrics.RatisMetrics (RatisMetrics.java:lambda$create$0(36)) - Creating Metrics Registry : ratis.server_message_metrics.ae07f068-47ba-4716-bac5-3cb4c79fd2be
2020-12-11 11:59:14,207 [ae07f068-47ba-4716-bac5-3cb4c79fd2be@group-7C5A795D934E-LeaderElection48] INFO  server.RaftServerConfigKeys (ConfUtils.java:logGet(44)) - raft.server.write.element-limit = 1024 (custom)
2020-12-11 11:59:14,207 [ae07f068-47ba-4716-bac5-3cb4c79fd2be@group-7C5A795D934E-LeaderElection48] INFO  server.RaftServerConfigKeys (ConfUtils.java:logGet(44)) - raft.server.write.byte-limit = 1073741824 (custom)
2020-12-11 11:59:14,209 [ae07f068-47ba-4716-bac5-3cb4c79fd2be@group-2B781C67474A-LeaderElection47] INFO  impl.LeaderElection (LeaderElection.java:logAndReturn(65)) - ae07f068-47ba-4716-bac5-3cb4c79fd2be@group-2B781C67474A-LeaderElection47: Election PASSED; received 2 response(s) [ae07f068-47ba-4716-bac5-3cb4c79fd2be<-d20057ad-1402-4c9c-a7ab-3e414ff49065#0:OK-t1, ae07f068-47ba-4716-bac5-3cb4c79fd2be<-3242355b-cd6b-427d-b7e9-4ae74739cb3e#0:FAIL-t1] and 0 exception(s); ae07f068-47ba-4716-bac5-3cb4c79fd2be@group-2B781C67474A:t1, leader=null, voted=ae07f068-47ba-4716-bac5-3cb4c79fd2be, raftlog=ae07f068-47ba-4716-bac5-3cb4c79fd2be@group-2B781C67474A-SegmentedRaftLog:OPENED:c-1,f-1,i0, conf=-1: [ae07f068-47ba-4716-bac5-3cb4c79fd2be|rpc:172.17.0.2:44007, d20057ad-1402-4c9c-a7ab-3e414ff49065|rpc:172.17.0.2:44809, 3242355b-cd6b-427d-b7e9-4ae74739cb3e|rpc:172.17.0.2:42589], old=null
2020-12-11 11:59:14,209 [ae07f068-47ba-4716-bac5-3cb4c79fd2be@group-2B781C67474A-LeaderElection47] INFO  impl.RoleInfo (RoleInfo.java:shutdownLeaderElection(134)) - ae07f068-47ba-4716-bac5-3cb4c79fd2be: shutdown ae07f068-47ba-4716-bac5-3cb4c79fd2be@group-2B781C67474A-LeaderElection47
2020-12-11 11:59:14,209 [ae07f068-47ba-4716-bac5-3cb4c79fd2be@group-2B781C67474A-LeaderElection47] INFO  impl.RaftServerImpl (RaftServerImpl.java:setRole(204)) - ae07f068-47ba-4716-bac5-3cb4c79fd2be@group-2B781C67474A: changes role from CANDIDATE to LEADER at term 1 for changeToLeader
2020-12-11 11:59:14,209 [ae07f068-47ba-4716-bac5-3cb4c79fd2be@group-2B781C67474A-LeaderElection47] INFO  ratis.XceiverServerRatis (XceiverServerRatis.java:handleLeaderChangedNotification(854)) - Leader change notification received for group: group-2B781C67474A with new leaderId: ae07f068-47ba-4716-bac5-3cb4c79fd2be
2020-12-11 11:59:14,209 [ae07f068-47ba-4716-bac5-3cb4c79fd2be@group-2B781C67474A-LeaderElection47] INFO  impl.RaftServerImpl (ServerState.java:setLeader(256)) - ae07f068-47ba-4716-bac5-3cb4c79fd2be@group-2B781C67474A: change Leader from null to ae07f068-47ba-4716-bac5-3cb4c79fd2be at term 1 for becomeLeader, leader elected after 5095ms
2020-12-11 11:59:14,209 [ae07f068-47ba-4716-bac5-3cb4c79fd2be@group-2B781C67474A-LeaderElection47] INFO  server.RaftServerConfigKeys (ConfUtils.java:logGet(44)) - raft.server.staging.catchup.gap = 1000 (default)
2020-12-11 11:59:14,209 [ae07f068-47ba-4716-bac5-3cb4c79fd2be@group-2B781C67474A-LeaderElection47] INFO  server.RaftServerConfigKeys (ConfUtils.java:logGet(44)) - raft.server.rpc.sleep.time = 25ms (default)
2020-12-11 11:59:14,209 [ae07f068-47ba-4716-bac5-3cb4c79fd2be@group-7C5A795D934E-LeaderElection48] INFO  server.RaftServerConfigKeys (ConfUtils.java:logGet(44)) - raft.server.watch.timeout = 3000ms (custom)
2020-12-11 11:59:14,209 [ae07f068-47ba-4716-bac5-3cb4c79fd2be@group-2B781C67474A-LeaderElection47] INFO  metrics.RatisMetrics (RatisMetrics.java:lambda$create$0(36)) - Creating Metrics Registry : ratis.log_appender.ae07f068-47ba-4716-bac5-3cb4c79fd2be@group-2B781C67474A
2020-12-11 11:59:14,213 [ae07f068-47ba-4716-bac5-3cb4c79fd2be@group-2B781C67474A-LeaderElection47] INFO  server.RaftServerConfigKeys (ConfUtils.java:logGet(44)) - raft.server.write.element-limit = 1024 (custom)
2020-12-11 11:59:14,215 [ae07f068-47ba-4716-bac5-3cb4c79fd2be@group-2B781C67474A-LeaderElection47] INFO  server.RaftServerConfigKeys (ConfUtils.java:logGet(44)) - raft.server.write.byte-limit = 1073741824 (custom)
2020-12-11 11:59:14,215 [EventQueue-PipelineReportForPipelineReportHandler] INFO  pipeline.PipelineStateManager (PipelineStateManager.java:openPipeline(132)) - Pipeline Pipeline[ Id: f00d53d6-af4b-4142-9e13-2b781c67474a, Nodes: ae07f068-47ba-4716-bac5-3cb4c79fd2be{ip: 172.17.0.2, host: 302fe02fdb76, networkLocation: /default-rack, certSerialId: null, persistedOpState: IN_SERVICE, persistedOpStateExpiryEpochSec: 0}3242355b-cd6b-427d-b7e9-4ae74739cb3e{ip: 172.17.0.2, host: 302fe02fdb76, networkLocation: /default-rack, certSerialId: null, persistedOpState: IN_SERVICE, persistedOpStateExpiryEpochSec: 0}d20057ad-1402-4c9c-a7ab-3e414ff49065{ip: 172.17.0.2, host: 302fe02fdb76, networkLocation: /default-rack, certSerialId: null, persistedOpState: IN_SERVICE, persistedOpStateExpiryEpochSec: 0}, Type:RATIS, Factor:THREE, State:ALLOCATED, leaderId:ae07f068-47ba-4716-bac5-3cb4c79fd2be, CreationTimestamp2020-12-11T11:59:06.547Z] moved to OPEN state
2020-12-11 11:59:14,216 [ae07f068-47ba-4716-bac5-3cb4c79fd2be@group-2B781C67474A-LeaderElection47] INFO  server.RaftServerConfigKeys (ConfUtils.java:logGet(44)) - raft.server.watch.timeout = 3000ms (custom)
2020-12-11 11:59:14,216 [ae07f068-47ba-4716-bac5-3cb4c79fd2be@group-2B781C67474A-LeaderElection47] INFO  server.RaftServerConfigKeys (ConfUtils.java:logGet(44)) - raft.server.watch.timeout.denomination = 1s (default)
2020-12-11 11:59:14,216 [ae07f068-47ba-4716-bac5-3cb4c79fd2be@group-2B781C67474A-LeaderElection47] INFO  server.RaftServerConfigKeys (ConfUtils.java:logGet(44)) - raft.server.watch.element-limit = 65536 (default)
2020-12-11 11:59:14,216 [ae07f068-47ba-4716-bac5-3cb4c79fd2be@group-2B781C67474A-LeaderElection47] INFO  server.RaftServerConfigKeys (ConfUtils.java:logGet(44)) - raft.server.log.appender.snapshot.chunk.size.max = 16MB (=16777216) (default)
2020-12-11 11:59:14,216 [ae07f068-47ba-4716-bac5-3cb4c79fd2be@group-2B781C67474A-LeaderElection47] INFO  server.RaftServerConfigKeys (ConfUtils.java:logGet(44)) - raft.server.log.appender.buffer.byte-limit = 33554432 (custom)
2020-12-11 11:59:14,216 [ae07f068-47ba-4716-bac5-3cb4c79fd2be@group-2B781C67474A-LeaderElection47] INFO  server.RaftServerConfigKeys (ConfUtils.java:logGet(44)) - raft.server.log.appender.buffer.element-limit = 1 (custom)
2020-12-11 11:59:14,216 [ae07f068-47ba-4716-bac5-3cb4c79fd2be@group-2B781C67474A-LeaderElection47] INFO  grpc.GrpcConfigKeys (ConfUtils.java:logGet(44)) - raft.grpc.server.leader.outstanding.appends.max = 128 (default)
2020-12-11 11:59:14,216 [ae07f068-47ba-4716-bac5-3cb4c79fd2be@group-2B781C67474A-LeaderElection47] INFO  server.RaftServerConfigKeys (ConfUtils.java:logGet(44)) - raft.server.rpc.request.timeout = 3000ms (default)
2020-12-11 11:59:14,216 [ae07f068-47ba-4716-bac5-3cb4c79fd2be@group-2B781C67474A-LeaderElection47] INFO  server.RaftServerConfigKeys (ConfUtils.java:logGet(44)) - raft.server.log.appender.install.snapshot.enabled = false (custom)
2020-12-11 11:59:14,216 [ae07f068-47ba-4716-bac5-3cb4c79fd2be@group-2B781C67474A-LeaderElection47] INFO  metrics.RatisMetrics (RatisMetrics.java:lambda$create$0(36)) - Creating Metrics Registry : ratis_grpc.log_appender.ae07f068-47ba-4716-bac5-3cb4c79fd2be@group-2B781C67474A
2020-12-11 11:59:14,218 [ae07f068-47ba-4716-bac5-3cb4c79fd2be@group-2B781C67474A-LeaderElection47] INFO  server.RaftServerConfigKeys (ConfUtils.java:logGet(44)) - raft.server.log.appender.snapshot.chunk.size.max = 16MB (=16777216) (default)
2020-12-11 11:59:14,218 [ae07f068-47ba-4716-bac5-3cb4c79fd2be@group-2B781C67474A-LeaderElection47] INFO  server.RaftServerConfigKeys (ConfUtils.java:logGet(44)) - raft.server.log.appender.buffer.byte-limit = 33554432 (custom)
2020-12-11 11:59:14,218 [ae07f068-47ba-4716-bac5-3cb4c79fd2be@group-2B781C67474A-LeaderElection47] INFO  server.RaftServerConfigKeys (ConfUtils.java:logGet(44)) - raft.server.log.appender.buffer.element-limit = 1 (custom)
2020-12-11 11:59:14,218 [ae07f068-47ba-4716-bac5-3cb4c79fd2be@group-2B781C67474A-LeaderElection47] INFO  grpc.GrpcConfigKeys (ConfUtils.java:logGet(44)) - raft.grpc.server.leader.outstanding.appends.max = 128 (default)
2020-12-11 11:59:14,218 [ae07f068-47ba-4716-bac5-3cb4c79fd2be@group-2B781C67474A-LeaderElection47] INFO  server.RaftServerConfigKeys (ConfUtils.java:logGet(44)) - raft.server.rpc.request.timeout = 3000ms (default)
2020-12-11 11:59:14,219 [ae07f068-47ba-4716-bac5-3cb4c79fd2be@group-2B781C67474A-LeaderElection47] INFO  server.RaftServerConfigKeys (ConfUtils.java:logGet(44)) - raft.server.log.appender.install.snapshot.enabled = false (custom)
2020-12-11 11:59:14,214 [ae07f068-47ba-4716-bac5-3cb4c79fd2be@group-7C5A795D934E-LeaderElection48] INFO  server.RaftServerConfigKeys (ConfUtils.java:logGet(44)) - raft.server.watch.timeout.denomination = 1s (default)
2020-12-11 11:59:14,219 [ae07f068-47ba-4716-bac5-3cb4c79fd2be@group-7C5A795D934E-LeaderElection48] INFO  server.RaftServerConfigKeys (ConfUtils.java:logGet(44)) - raft.server.watch.element-limit = 65536 (default)
2020-12-11 11:59:14,219 [ae07f068-47ba-4716-bac5-3cb4c79fd2be@group-7C5A795D934E-LeaderElection48] INFO  impl.RoleInfo (RoleInfo.java:updateAndGet(143)) - ae07f068-47ba-4716-bac5-3cb4c79fd2be: start ae07f068-47ba-4716-bac5-3cb4c79fd2be@group-7C5A795D934E-LeaderState
2020-12-11 11:59:14,220 [ae07f068-47ba-4716-bac5-3cb4c79fd2be@group-7C5A795D934E-LeaderElection48] INFO  segmented.SegmentedRaftLogWorker (SegmentedRaftLogWorker.java:startLogSegment(398)) - ae07f068-47ba-4716-bac5-3cb4c79fd2be@group-7C5A795D934E-SegmentedRaftLogWorker: Starting segment from index:0
2020-12-11 11:59:14,224 [ae07f068-47ba-4716-bac5-3cb4c79fd2be@group-7C5A795D934E-SegmentedRaftLogWorker] INFO  segmented.SegmentedRaftLogWorker (SegmentedRaftLogWorker.java:execute(597)) - ae07f068-47ba-4716-bac5-3cb4c79fd2be@group-7C5A795D934E-SegmentedRaftLogWorker: created new log segment /github/workspace/mnt/ozone/hadoop-ozone/integration-test/target/test-dir/MiniOzoneClusterImpl-9e77629d-1495-4101-8eb0-46d1fa4d7a32/datanode-6/data/ratis/14c66980-a7ee-4ed2-abf6-7c5a795d934e/current/log_inprogress_0
2020-12-11 11:59:14,225 [ae07f068-47ba-4716-bac5-3cb4c79fd2be@group-2B781C67474A-LeaderElection47] INFO  impl.RoleInfo (RoleInfo.java:updateAndGet(143)) - ae07f068-47ba-4716-bac5-3cb4c79fd2be: start ae07f068-47ba-4716-bac5-3cb4c79fd2be@group-2B781C67474A-LeaderState
2020-12-11 11:59:14,225 [ae07f068-47ba-4716-bac5-3cb4c79fd2be@group-2B781C67474A-LeaderElection47] INFO  segmented.SegmentedRaftLogWorker (SegmentedRaftLogWorker.java:startLogSegment(398)) - ae07f068-47ba-4716-bac5-3cb4c79fd2be@group-2B781C67474A-SegmentedRaftLogWorker: Starting segment from index:0
2020-12-11 11:59:14,226 [ae07f068-47ba-4716-bac5-3cb4c79fd2be@group-7C5A795D934E-LeaderElection48] INFO  impl.RaftServerImpl (ServerState.java:setRaftConf(374)) - ae07f068-47ba-4716-bac5-3cb4c79fd2be@group-7C5A795D934E: set configuration 0: [ae07f068-47ba-4716-bac5-3cb4c79fd2be|rpc:172.17.0.2:44007|dataStream:], old=null at 0
2020-12-11 11:59:14,228 [ae07f068-47ba-4716-bac5-3cb4c79fd2be@group-2B781C67474A-LeaderElection47] INFO  impl.RaftServerImpl (ServerState.java:setRaftConf(374)) - ae07f068-47ba-4716-bac5-3cb4c79fd2be@group-2B781C67474A: set configuration 0: [ae07f068-47ba-4716-bac5-3cb4c79fd2be|rpc:172.17.0.2:44007|dataStream:, d20057ad-1402-4c9c-a7ab-3e414ff49065|rpc:172.17.0.2:44809|dataStream:, 3242355b-cd6b-427d-b7e9-4ae74739cb3e|rpc:172.17.0.2:42589|dataStream:], old=null at 0
2020-12-11 11:59:14,228 [ae07f068-47ba-4716-bac5-3cb4c79fd2be@group-2B781C67474A-SegmentedRaftLogWorker] INFO  segmented.SegmentedRaftLogWorker (SegmentedRaftLogWorker.java:execute(597)) - ae07f068-47ba-4716-bac5-3cb4c79fd2be@group-2B781C67474A-SegmentedRaftLogWorker: created new log segment /github/workspace/mnt/ozone/hadoop-ozone/integration-test/target/test-dir/MiniOzoneClusterImpl-9e77629d-1495-4101-8eb0-46d1fa4d7a32/datanode-6/data/ratis/f00d53d6-af4b-4142-9e13-2b781c67474a/current/log_inprogress_0
2020-12-11 11:59:14,233 [grpc-default-executor-6] INFO  impl.RaftServerImpl (RaftServerImpl.java:requestVote(953)) - ae07f068-47ba-4716-bac5-3cb4c79fd2be@group-2B781C67474A-   LEADER: Withhold vote from candidate 3242355b-cd6b-427d-b7e9-4ae74739cb3e with term 1. State: leader=ae07f068-47ba-4716-bac5-3cb4c79fd2be, term=1, lastRpcElapsed=null
2020-12-11 11:59:14,240 [3242355b-cd6b-427d-b7e9-4ae74739cb3e@group-2B781C67474A-LeaderElection46] INFO  impl.LeaderElection (LeaderElection.java:logAndReturn(65)) - 3242355b-cd6b-427d-b7e9-4ae74739cb3e@group-2B781C67474A-LeaderElection46: Election REJECTED; received 2 response(s) [3242355b-cd6b-427d-b7e9-4ae74739cb3e<-ae07f068-47ba-4716-bac5-3cb4c79fd2be#0:FAIL-t1, 3242355b-cd6b-427d-b7e9-4ae74739cb3e<-d20057ad-1402-4c9c-a7ab-3e414ff49065#0:FAIL-t1] and 0 exception(s); 3242355b-cd6b-427d-b7e9-4ae74739cb3e@group-2B781C67474A:t1, leader=null, voted=3242355b-cd6b-427d-b7e9-4ae74739cb3e, raftlog=3242355b-cd6b-427d-b7e9-4ae74739cb3e@group-2B781C67474A-SegmentedRaftLog:OPENED:c-1,f-1,i0, conf=-1: [ae07f068-47ba-4716-bac5-3cb4c79fd2be|rpc:172.17.0.2:44007|dataStream:, d20057ad-1402-4c9c-a7ab-3e414ff49065|rpc:172.17.0.2:44809|dataStream:, 3242355b-cd6b-427d-b7e9-4ae74739cb3e|rpc:172.17.0.2:42589|dataStream:], old=null
2020-12-11 11:59:14,240 [3242355b-cd6b-427d-b7e9-4ae74739cb3e@group-2B781C67474A-LeaderElection46] INFO  impl.RaftServerImpl (RaftServerImpl.java:setRole(204)) - 3242355b-cd6b-427d-b7e9-4ae74739cb3e@group-2B781C67474A: changes role from CANDIDATE to FOLLOWER at term 1 for DISCOVERED_A_NEW_TERM
2020-12-11 11:59:14,240 [3242355b-cd6b-427d-b7e9-4ae74739cb3e@group-2B781C67474A-LeaderElection46] INFO  impl.RoleInfo (RoleInfo.java:shutdownLeaderElection(134)) - 3242355b-cd6b-427d-b7e9-4ae74739cb3e: shutdown 3242355b-cd6b-427d-b7e9-4ae74739cb3e@group-2B781C67474A-LeaderElection46
2020-12-11 11:59:14,240 [3242355b-cd6b-427d-b7e9-4ae74739cb3e@group-2B781C67474A-LeaderElection46] INFO  impl.RoleInfo (RoleInfo.java:updateAndGet(143)) - 3242355b-cd6b-427d-b7e9-4ae74739cb3e: start 3242355b-cd6b-427d-b7e9-4ae74739cb3e@group-2B781C67474A-FollowerState
2020-12-11 11:59:14,243 [grpc-default-executor-0] INFO  ratis.XceiverServerRatis (XceiverServerRatis.java:handleLeaderChangedNotification(854)) - Leader change notification received for group: group-2B781C67474A with new leaderId: ae07f068-47ba-4716-bac5-3cb4c79fd2be
2020-12-11 11:59:14,243 [grpc-default-executor-0] INFO  impl.RaftServerImpl (ServerState.java:setLeader(256)) - d20057ad-1402-4c9c-a7ab-3e414ff49065@group-2B781C67474A: change Leader from null to ae07f068-47ba-4716-bac5-3cb4c79fd2be at term 1 for appendEntries, leader elected after 5069ms
2020-12-11 11:59:14,245 [grpc-default-executor-5] INFO  ratis.XceiverServerRatis (XceiverServerRatis.java:handleLeaderChangedNotification(854)) - Leader change notification received for group: group-2B781C67474A with new leaderId: ae07f068-47ba-4716-bac5-3cb4c79fd2be
2020-12-11 11:59:14,245 [grpc-default-executor-5] INFO  impl.RaftServerImpl (ServerState.java:setLeader(256)) - 3242355b-cd6b-427d-b7e9-4ae74739cb3e@group-2B781C67474A: change Leader from null to ae07f068-47ba-4716-bac5-3cb4c79fd2be at term 1 for appendEntries, leader elected after 5104ms
2020-12-11 11:59:14,256 [grpc-default-executor-0] INFO  impl.RaftServerImpl (ServerState.java:setRaftConf(374)) - 3242355b-cd6b-427d-b7e9-4ae74739cb3e@group-2B781C67474A: set configuration 0: [ae07f068-47ba-4716-bac5-3cb4c79fd2be|rpc:172.17.0.2:44007|dataStream:, d20057ad-1402-4c9c-a7ab-3e414ff49065|rpc:172.17.0.2:44809|dataStream:, 3242355b-cd6b-427d-b7e9-4ae74739cb3e|rpc:172.17.0.2:42589|dataStream:], old=null at 0
2020-12-11 11:59:14,256 [grpc-default-executor-0] INFO  segmented.SegmentedRaftLogWorker (SegmentedRaftLogWorker.java:startLogSegment(398)) - 3242355b-cd6b-427d-b7e9-4ae74739cb3e@group-2B781C67474A-SegmentedRaftLogWorker: Starting segment from index:0
2020-12-11 11:59:14,257 [grpc-default-executor-5] INFO  impl.RaftServerImpl (ServerState.java:setRaftConf(374)) - d20057ad-1402-4c9c-a7ab-3e414ff49065@group-2B781C67474A: set configuration 0: [ae07f068-47ba-4716-bac5-3cb4c79fd2be|rpc:172.17.0.2:44007|dataStream:, d20057ad-1402-4c9c-a7ab-3e414ff49065|rpc:172.17.0.2:44809|dataStream:, 3242355b-cd6b-427d-b7e9-4ae74739cb3e|rpc:172.17.0.2:42589|dataStream:], old=null at 0
2020-12-11 11:59:14,257 [grpc-default-executor-5] INFO  segmented.SegmentedRaftLogWorker (SegmentedRaftLogWorker.java:startLogSegment(398)) - d20057ad-1402-4c9c-a7ab-3e414ff49065@group-2B781C67474A-SegmentedRaftLogWorker: Starting segment from index:0
2020-12-11 11:59:14,259 [d20057ad-1402-4c9c-a7ab-3e414ff49065@group-2B781C67474A-SegmentedRaftLogWorker] INFO  segmented.SegmentedRaftLogWorker (SegmentedRaftLogWorker.java:execute(597)) - d20057ad-1402-4c9c-a7ab-3e414ff49065@group-2B781C67474A-SegmentedRaftLogWorker: created new log segment /github/workspace/mnt/ozone/hadoop-ozone/integration-test/target/test-dir/MiniOzoneClusterImpl-9e77629d-1495-4101-8eb0-46d1fa4d7a32/datanode-8/data/ratis/f00d53d6-af4b-4142-9e13-2b781c67474a/current/log_inprogress_0
2020-12-11 11:59:14,260 [3242355b-cd6b-427d-b7e9-4ae74739cb3e@group-2B781C67474A-SegmentedRaftLogWorker] INFO  segmented.SegmentedRaftLogWorker (SegmentedRaftLogWorker.java:execute(597)) - 3242355b-cd6b-427d-b7e9-4ae74739cb3e@group-2B781C67474A-SegmentedRaftLogWorker: created new log segment /github/workspace/mnt/ozone/hadoop-ozone/integration-test/target/test-dir/MiniOzoneClusterImpl-9e77629d-1495-4101-8eb0-46d1fa4d7a32/datanode-7/data/ratis/f00d53d6-af4b-4142-9e13-2b781c67474a/current/log_inprogress_0
2020-12-11 11:59:14,418 [Thread-1337] INFO  impl.FollowerState (FollowerState.java:run(128)) - 3242355b-cd6b-427d-b7e9-4ae74739cb3e@group-334B7FB6A8C8-FollowerState: change to CANDIDATE, lastRpcTime:5072ms, electionTimeout:5070ms
2020-12-11 11:59:14,418 [Thread-1337] INFO  impl.RoleInfo (RoleInfo.java:shutdownFollowerState(121)) - 3242355b-cd6b-427d-b7e9-4ae74739cb3e: shutdown 3242355b-cd6b-427d-b7e9-4ae74739cb3e@group-334B7FB6A8C8-FollowerState
2020-12-11 11:59:14,419 [Thread-1337] INFO  impl.RaftServerImpl (RaftServerImpl.java:setRole(204)) - 3242355b-cd6b-427d-b7e9-4ae74739cb3e@group-334B7FB6A8C8: changes role from  FOLLOWER to CANDIDATE at term 0 for changeToCandidate
2020-12-11 11:59:14,419 [Thread-1337] INFO  impl.RoleInfo (RoleInfo.java:updateAndGet(143)) - 3242355b-cd6b-427d-b7e9-4ae74739cb3e: start 3242355b-cd6b-427d-b7e9-4ae74739cb3e@group-334B7FB6A8C8-LeaderElection49
2020-12-11 11:59:14,423 [3242355b-cd6b-427d-b7e9-4ae74739cb3e@group-334B7FB6A8C8-LeaderElection49] INFO  impl.LeaderElection (LeaderElection.java:askForVotes(215)) - 3242355b-cd6b-427d-b7e9-4ae74739cb3e@group-334B7FB6A8C8-LeaderElection49: begin an election at term 1 for -1: [3242355b-cd6b-427d-b7e9-4ae74739cb3e|rpc:172.17.0.2:42589], old=null
2020-12-11 11:59:14,423 [3242355b-cd6b-427d-b7e9-4ae74739cb3e@group-334B7FB6A8C8-LeaderElection49] INFO  impl.RoleInfo (RoleInfo.java:shutdownLeaderElection(134)) - 3242355b-cd6b-427d-b7e9-4ae74739cb3e: shutdown 3242355b-cd6b-427d-b7e9-4ae74739cb3e@group-334B7FB6A8C8-LeaderElection49
2020-12-11 11:59:14,423 [3242355b-cd6b-427d-b7e9-4ae74739cb3e@group-334B7FB6A8C8-LeaderElection49] INFO  impl.RaftServerImpl (RaftServerImpl.java:setRole(204)) - 3242355b-cd6b-427d-b7e9-4ae74739cb3e@group-334B7FB6A8C8: changes role from CANDIDATE to LEADER at term 1 for changeToLeader
2020-12-11 11:59:14,423 [3242355b-cd6b-427d-b7e9-4ae74739cb3e@group-334B7FB6A8C8-LeaderElection49] INFO  ratis.XceiverServerRatis (XceiverServerRatis.java:handleLeaderChangedNotification(854)) - Leader change notification received for group: group-334B7FB6A8C8 with new leaderId: 3242355b-cd6b-427d-b7e9-4ae74739cb3e
2020-12-11 11:59:14,424 [3242355b-cd6b-427d-b7e9-4ae74739cb3e@group-334B7FB6A8C8-LeaderElection49] INFO  impl.RaftServerImpl (ServerState.java:setLeader(256)) - 3242355b-cd6b-427d-b7e9-4ae74739cb3e@group-334B7FB6A8C8: change Leader from null to 3242355b-cd6b-427d-b7e9-4ae74739cb3e at term 1 for becomeLeader, leader elected after 5089ms
2020-12-11 11:59:14,424 [3242355b-cd6b-427d-b7e9-4ae74739cb3e@group-334B7FB6A8C8-LeaderElection49] INFO  server.RaftServerConfigKeys (ConfUtils.java:logGet(44)) - raft.server.staging.catchup.gap = 1000 (default)
2020-12-11 11:59:14,424 [3242355b-cd6b-427d-b7e9-4ae74739cb3e@group-334B7FB6A8C8-LeaderElection49] INFO  server.RaftServerConfigKeys (ConfUtils.java:logGet(44)) - raft.server.rpc.sleep.time = 25ms (default)
2020-12-11 11:59:14,424 [3242355b-cd6b-427d-b7e9-4ae74739cb3e@group-334B7FB6A8C8-LeaderElection49] INFO  metrics.RatisMetrics (RatisMetrics.java:lambda$create$0(36)) - Creating Metrics Registry : ratis.log_appender.3242355b-cd6b-427d-b7e9-4ae74739cb3e@group-334B7FB6A8C8
2020-12-11 11:59:14,425 [3242355b-cd6b-427d-b7e9-4ae74739cb3e@group-334B7FB6A8C8-LeaderElection49] INFO  server.RaftServerConfigKeys (ConfUtils.java:logGet(44)) - raft.server.write.element-limit = 1024 (custom)
2020-12-11 11:59:14,425 [3242355b-cd6b-427d-b7e9-4ae74739cb3e@group-334B7FB6A8C8-LeaderElection49] INFO  server.RaftServerConfigKeys (ConfUtils.java:logGet(44)) - raft.server.write.byte-limit = 1073741824 (custom)
2020-12-11 11:59:14,425 [3242355b-cd6b-427d-b7e9-4ae74739cb3e@group-334B7FB6A8C8-LeaderElection49] INFO  server.RaftServerConfigKeys (ConfUtils.java:logGet(44)) - raft.server.watch.timeout = 3000ms (custom)
2020-12-11 11:59:14,425 [3242355b-cd6b-427d-b7e9-4ae74739cb3e@group-334B7FB6A8C8-LeaderElection49] INFO  server.RaftServerConfigKeys (ConfUtils.java:logGet(44)) - raft.server.watch.timeout.denomination = 1s (default)
2020-12-11 11:59:14,425 [3242355b-cd6b-427d-b7e9-4ae74739cb3e@group-334B7FB6A8C8-LeaderElection49] INFO  server.RaftServerConfigKeys (ConfUtils.java:logGet(44)) - raft.server.watch.element-limit = 65536 (default)
2020-12-11 11:59:14,425 [3242355b-cd6b-427d-b7e9-4ae74739cb3e@group-334B7FB6A8C8-LeaderElection49] INFO  impl.RoleInfo (RoleInfo.java:updateAndGet(143)) - 3242355b-cd6b-427d-b7e9-4ae74739cb3e: start 3242355b-cd6b-427d-b7e9-4ae74739cb3e@group-334B7FB6A8C8-LeaderState
2020-12-11 11:59:14,426 [3242355b-cd6b-427d-b7e9-4ae74739cb3e@group-334B7FB6A8C8-LeaderElection49] INFO  segmented.SegmentedRaftLogWorker (SegmentedRaftLogWorker.java:startLogSegment(398)) - 3242355b-cd6b-427d-b7e9-4ae74739cb3e@group-334B7FB6A8C8-SegmentedRaftLogWorker: Starting segment from index:0
2020-12-11 11:59:14,427 [3242355b-cd6b-427d-b7e9-4ae74739cb3e@group-334B7FB6A8C8-LeaderElection49] INFO  impl.RaftServerImpl (ServerState.java:setRaftConf(374)) - 3242355b-cd6b-427d-b7e9-4ae74739cb3e@group-334B7FB6A8C8: set configuration 0: [3242355b-cd6b-427d-b7e9-4ae74739cb3e|rpc:172.17.0.2:42589|dataStream:], old=null at 0
2020-12-11 11:59:14,427 [3242355b-cd6b-427d-b7e9-4ae74739cb3e@group-334B7FB6A8C8-SegmentedRaftLogWorker] INFO  segmented.SegmentedRaftLogWorker (SegmentedRaftLogWorker.java:execute(597)) - 3242355b-cd6b-427d-b7e9-4ae74739cb3e@group-334B7FB6A8C8-SegmentedRaftLogWorker: created new log segment /github/workspace/mnt/ozone/hadoop-ozone/integration-test/target/test-dir/MiniOzoneClusterImpl-9e77629d-1495-4101-8eb0-46d1fa4d7a32/datanode-7/data/ratis/2abef12b-fd27-442d-9f49-334b7fb6a8c8/current/log_inprogress_0
2020-12-11 11:59:14,596 [Thread-1339] INFO  impl.FollowerState (FollowerState.java:run(128)) - d20057ad-1402-4c9c-a7ab-3e414ff49065@group-695F003AEC91-FollowerState: change to CANDIDATE, lastRpcTime:5035ms, electionTimeout:5034ms
2020-12-11 11:59:14,596 [Thread-1339] INFO  impl.RoleInfo (RoleInfo.java:shutdownFollowerState(121)) - d20057ad-1402-4c9c-a7ab-3e414ff49065: shutdown d20057ad-1402-4c9c-a7ab-3e414ff49065@group-695F003AEC91-FollowerState
2020-12-11 11:59:14,596 [Thread-1339] INFO  impl.RaftServerImpl (RaftServerImpl.java:setRole(204)) - d20057ad-1402-4c9c-a7ab-3e414ff49065@group-695F003AEC91: changes role from  FOLLOWER to CANDIDATE at term 0 for changeToCandidate
2020-12-11 11:59:14,596 [Thread-1339] INFO  impl.RoleInfo (RoleInfo.java:updateAndGet(143)) - d20057ad-1402-4c9c-a7ab-3e414ff49065: start d20057ad-1402-4c9c-a7ab-3e414ff49065@group-695F003AEC91-LeaderElection50
2020-12-11 11:59:14,599 [d20057ad-1402-4c9c-a7ab-3e414ff49065@group-695F003AEC91-LeaderElection50] INFO  impl.LeaderElection (LeaderElection.java:askForVotes(215)) - d20057ad-1402-4c9c-a7ab-3e414ff49065@group-695F003AEC91-LeaderElection50: begin an election at term 1 for -1: [d20057ad-1402-4c9c-a7ab-3e414ff49065|rpc:172.17.0.2:44809], old=null
2020-12-11 11:59:14,600 [d20057ad-1402-4c9c-a7ab-3e414ff49065@group-695F003AEC91-LeaderElection50] INFO  impl.RoleInfo (RoleInfo.java:shutdownLeaderElection(134)) - d20057ad-1402-4c9c-a7ab-3e414ff49065: shutdown d20057ad-1402-4c9c-a7ab-3e414ff49065@group-695F003AEC91-LeaderElection50
2020-12-11 11:59:14,600 [d20057ad-1402-4c9c-a7ab-3e414ff49065@group-695F003AEC91-LeaderElection50] INFO  impl.RaftServerImpl (RaftServerImpl.java:setRole(204)) - d20057ad-1402-4c9c-a7ab-3e414ff49065@group-695F003AEC91: changes role from CANDIDATE to LEADER at term 1 for changeToLeader
2020-12-11 11:59:14,600 [d20057ad-1402-4c9c-a7ab-3e414ff49065@group-695F003AEC91-LeaderElection50] INFO  ratis.XceiverServerRatis (XceiverServerRatis.java:handleLeaderChangedNotification(854)) - Leader change notification received for group: group-695F003AEC91 with new leaderId: d20057ad-1402-4c9c-a7ab-3e414ff49065
2020-12-11 11:59:14,600 [d20057ad-1402-4c9c-a7ab-3e414ff49065@group-695F003AEC91-LeaderElection50] INFO  impl.RaftServerImpl (ServerState.java:setLeader(256)) - d20057ad-1402-4c9c-a7ab-3e414ff49065@group-695F003AEC91: change Leader from null to d20057ad-1402-4c9c-a7ab-3e414ff49065 at term 1 for becomeLeader, leader elected after 5050ms
2020-12-11 11:59:14,600 [d20057ad-1402-4c9c-a7ab-3e414ff49065@group-695F003AEC91-LeaderElection50] INFO  server.RaftServerConfigKeys (ConfUtils.java:logGet(44)) - raft.server.staging.catchup.gap = 1000 (default)
2020-12-11 11:59:14,600 [d20057ad-1402-4c9c-a7ab-3e414ff49065@group-695F003AEC91-LeaderElection50] INFO  server.RaftServerConfigKeys (ConfUtils.java:logGet(44)) - raft.server.rpc.sleep.time = 25ms (default)
2020-12-11 11:59:14,600 [d20057ad-1402-4c9c-a7ab-3e414ff49065@group-695F003AEC91-LeaderElection50] INFO  metrics.RatisMetrics (RatisMetrics.java:lambda$create$0(36)) - Creating Metrics Registry : ratis.log_appender.d20057ad-1402-4c9c-a7ab-3e414ff49065@group-695F003AEC91
2020-12-11 11:59:14,601 [d20057ad-1402-4c9c-a7ab-3e414ff49065@group-695F003AEC91-LeaderElection50] INFO  server.RaftServerConfigKeys (ConfUtils.java:logGet(44)) - raft.server.write.element-limit = 1024 (custom)
2020-12-11 11:59:14,601 [d20057ad-1402-4c9c-a7ab-3e414ff49065@group-695F003AEC91-LeaderElection50] INFO  server.RaftServerConfigKeys (ConfUtils.java:logGet(44)) - raft.server.write.byte-limit = 1073741824 (custom)
2020-12-11 11:59:14,601 [d20057ad-1402-4c9c-a7ab-3e414ff49065@group-695F003AEC91-LeaderElection50] INFO  server.RaftServerConfigKeys (ConfUtils.java:logGet(44)) - raft.server.watch.timeout = 3000ms (custom)
2020-12-11 11:59:14,601 [d20057ad-1402-4c9c-a7ab-3e414ff49065@group-695F003AEC91-LeaderElection50] INFO  server.RaftServerConfigKeys (ConfUtils.java:logGet(44)) - raft.server.watch.timeout.denomination = 1s (default)
2020-12-11 11:59:14,601 [d20057ad-1402-4c9c-a7ab-3e414ff49065@group-695F003AEC91-LeaderElection50] INFO  server.RaftServerConfigKeys (ConfUtils.java:logGet(44)) - raft.server.watch.element-limit = 65536 (default)
2020-12-11 11:59:14,601 [d20057ad-1402-4c9c-a7ab-3e414ff49065@group-695F003AEC91-LeaderElection50] INFO  impl.RoleInfo (RoleInfo.java:updateAndGet(143)) - d20057ad-1402-4c9c-a7ab-3e414ff49065: start d20057ad-1402-4c9c-a7ab-3e414ff49065@group-695F003AEC91-LeaderState
2020-12-11 11:59:14,602 [d20057ad-1402-4c9c-a7ab-3e414ff49065@group-695F003AEC91-LeaderElection50] INFO  segmented.SegmentedRaftLogWorker (SegmentedRaftLogWorker.java:startLogSegment(398)) - d20057ad-1402-4c9c-a7ab-3e414ff49065@group-695F003AEC91-SegmentedRaftLogWorker: Starting segment from index:0
2020-12-11 11:59:14,603 [d20057ad-1402-4c9c-a7ab-3e414ff49065@group-695F003AEC91-LeaderElection50] INFO  impl.RaftServerImpl (ServerState.java:setRaftConf(374)) - d20057ad-1402-4c9c-a7ab-3e414ff49065@group-695F003AEC91: set configuration 0: [d20057ad-1402-4c9c-a7ab-3e414ff49065|rpc:172.17.0.2:44809|dataStream:], old=null at 0
2020-12-11 11:59:14,604 [d20057ad-1402-4c9c-a7ab-3e414ff49065@group-695F003AEC91-SegmentedRaftLogWorker] INFO  segmented.SegmentedRaftLogWorker (SegmentedRaftLogWorker.java:execute(597)) - d20057ad-1402-4c9c-a7ab-3e414ff49065@group-695F003AEC91-SegmentedRaftLogWorker: created new log segment /github/workspace/mnt/ozone/hadoop-ozone/integration-test/target/test-dir/MiniOzoneClusterImpl-9e77629d-1495-4101-8eb0-46d1fa4d7a32/datanode-8/data/ratis/be43f862-467f-409f-a931-695f003aec91/current/log_inprogress_0
2020-12-11 11:59:14,831 [Datanode State Machine Thread - 0] INFO  statemachine.DatanodeStateMachine (DatanodeStateMachine.java:lambda$startDaemon$0(408)) - Ozone container server started.
2020-12-11 11:59:14,841 [Command processor thread] WARN  impl.RaftServerProxy (RaftServerProxy.java:remove(99)) - 675d35ba-bb57-4ae2-b121-2cd47ec358f4: does not contain group: group-59B281828B58
2020-12-11 11:59:14,841 [Command processor thread] ERROR commandhandler.ClosePipelineCommandHandler (ClosePipelineCommandHandler.java:handle(78)) - Can't close pipeline PipelineID=82ba59fa-dd35-4d4e-a61e-59b281828b58
java.io.IOException: 675d35ba-bb57-4ae2-b121-2cd47ec358f4: Group group-59B281828B58 not found.
	at org.apache.hadoop.ozone.container.common.transport.server.ratis.XceiverServerRatis.removeGroup(XceiverServerRatis.java:774)
	at org.apache.hadoop.ozone.container.common.statemachine.commandhandler.ClosePipelineCommandHandler.handle(ClosePipelineCommandHandler.java:74)
	at org.apache.hadoop.ozone.container.common.statemachine.commandhandler.CommandDispatcher.handle(CommandDispatcher.java:99)
	at org.apache.hadoop.ozone.container.common.statemachine.DatanodeStateMachine.lambda$initCommandHandlerThread$2(DatanodeStateMachine.java:498)
	at java.lang.Thread.run(Thread.java:748)
Caused by: org.apache.ratis.protocol.exceptions.GroupMismatchException: 675d35ba-bb57-4ae2-b121-2cd47ec358f4: Group group-59B281828B58 not found.
	at org.apache.ratis.server.impl.RaftServerProxy.groupRemoveAsync(RaftServerProxy.java:445)
	at org.apache.ratis.server.impl.RaftServerProxy.groupManagementAsync(RaftServerProxy.java:401)
	at org.apache.ratis.server.impl.RaftServerProxy.groupManagement(RaftServerProxy.java:381)
	at org.apache.hadoop.ozone.container.common.transport.server.ratis.XceiverServerRatis.removeGroup(XceiverServerRatis.java:772)
	... 4 more
2020-12-11 11:59:15,795 [EventQueue-Delayed safe mode statusForReplicationManager] INFO  container.ReplicationManager (ReplicationManager.java:start(186)) - Starting Replication Monitor Thread.
2020-12-11 11:59:15,799 [ReplicationMonitor] INFO  container.ReplicationManager (ReplicationManager.java:forceCloseContainer(633)) - Force closing container #1 with BCSID 0, which is in QUASI_CLOSED state.
2020-12-11 11:59:15,800 [ReplicationMonitor] INFO  container.ReplicationManager (ReplicationManager.java:sendCloseCommand(948)) - Sending close container command for container #1 to datanode a301dd64-f793-4e68-ac47-305a8ea93822{ip: 172.17.0.2, host: 302fe02fdb76, networkLocation: /default-rack, certSerialId: null, persistedOpState: IN_SERVICE, persistedOpStateExpiryEpochSec: 0}.
2020-12-11 11:59:15,800 [ReplicationMonitor] INFO  container.ReplicationManager (ReplicationManager.java:sendCloseCommand(948)) - Sending close container command for container #1 to datanode 14058016-3fcf-4920-991e-a5361899d5d7{ip: 172.17.0.2, host: 302fe02fdb76, networkLocation: /default-rack, certSerialId: null, persistedOpState: IN_SERVICE, persistedOpStateExpiryEpochSec: 0}.
2020-12-11 11:59:15,800 [ReplicationMonitor] INFO  container.ReplicationManager (ReplicationManager.java:run(250)) - Replication Monitor Thread took 3 milliseconds for processing 1 containers.
2020-12-11 11:59:17,869 [Command processor thread] INFO  keyvalue.KeyValueContainer (KeyValueContainer.java:flushAndSyncDB(388)) - Container 1 is synced with bcsId 0.
2020-12-11 11:59:17,869 [Command processor thread] INFO  keyvalue.KeyValueContainer (KeyValueContainer.java:flushAndSyncDB(388)) - Container 1 is synced with bcsId 0.
2020-12-11 11:59:17,872 [Command processor thread] INFO  keyvalue.KeyValueContainer (KeyValueContainer.java:close(326)) - Container 1 is closed with bcsId 0.
2020-12-11 11:59:17,873 [EventQueue-IncrementalContainerReportForIncrementalContainerReportHandler] INFO  container.IncrementalContainerReportHandler (AbstractContainerReportHandler.java:updateContainerState(241)) - Moving container #1 to CLOSED state, datanode 14058016-3fcf-4920-991e-a5361899d5d7{ip: 172.17.0.2, host: 302fe02fdb76, networkLocation: /default-rack, certSerialId: null, persistedOpState: IN_SERVICE, persistedOpStateExpiryEpochSec: 0} reported CLOSED replica.
2020-12-11 11:59:18,888 [Listener at 127.0.0.1/32773] INFO  ozoneimpl.OzoneContainer (OzoneContainer.java:stop(257)) - Attempting to stop container services.
2020-12-11 11:59:18,888 [ForkJoinPool.commonPool-worker-1] INFO  ozoneimpl.OzoneContainer (OzoneContainer.java:stop(257)) - Attempting to stop container services.
2020-12-11 11:59:18,888 [Listener at 127.0.0.1/32773] INFO  impl.RaftServerProxy (RaftServerProxy.java:lambda$close$4(338)) - ce7b29ad-df73-4c8e-895b-c9a715706485: close
2020-12-11 11:59:18,888 [ForkJoinPool.commonPool-worker-1] INFO  impl.RaftServerProxy (RaftServerProxy.java:lambda$close$4(338)) - a301dd64-f793-4e68-ac47-305a8ea93822: close
2020-12-11 11:59:18,888 [Listener at 127.0.0.1/32773] INFO  impl.RaftServerImpl (RaftServerImpl.java:lambda$shutdown$3(328)) - ce7b29ad-df73-4c8e-895b-c9a715706485@group-6D9170F55DDB: shutdown
2020-12-11 11:59:18,889 [Listener at 127.0.0.1/32773] INFO  util.JmxRegister (JmxRegister.java:unregister(73)) - Successfully un-registered JMX Bean with object name Ratis:service=RaftServer,group=group-6D9170F55DDB,id=ce7b29ad-df73-4c8e-895b-c9a715706485
2020-12-11 11:59:18,889 [Listener at 127.0.0.1/32773] INFO  impl.RoleInfo (RoleInfo.java:shutdownLeaderState(104)) - ce7b29ad-df73-4c8e-895b-c9a715706485: shutdown ce7b29ad-df73-4c8e-895b-c9a715706485@group-6D9170F55DDB-LeaderState
2020-12-11 11:59:18,888 [ForkJoinPool.commonPool-worker-1] INFO  impl.RaftServerImpl (RaftServerImpl.java:lambda$shutdown$3(328)) - a301dd64-f793-4e68-ac47-305a8ea93822@group-B70A46C6AF1F: shutdown
2020-12-11 11:59:18,889 [ForkJoinPool.commonPool-worker-1] INFO  util.JmxRegister (JmxRegister.java:unregister(73)) - Successfully un-registered JMX Bean with object name Ratis:service=RaftServer,group=group-B70A46C6AF1F,id=a301dd64-f793-4e68-ac47-305a8ea93822
2020-12-11 11:59:18,889 [ForkJoinPool.commonPool-worker-1] INFO  impl.RoleInfo (RoleInfo.java:shutdownLeaderState(104)) - a301dd64-f793-4e68-ac47-305a8ea93822: shutdown a301dd64-f793-4e68-ac47-305a8ea93822@group-B70A46C6AF1F-LeaderState
2020-12-11 11:59:18,889 [Listener at 127.0.0.1/32773] INFO  impl.PendingRequests (PendingRequests.java:sendNotLeaderResponses(250)) - ce7b29ad-df73-4c8e-895b-c9a715706485@group-6D9170F55DDB-PendingRequests: sendNotLeaderResponses
2020-12-11 11:59:18,890 [ForkJoinPool.commonPool-worker-1] INFO  impl.PendingRequests (PendingRequests.java:sendNotLeaderResponses(250)) - a301dd64-f793-4e68-ac47-305a8ea93822@group-B70A46C6AF1F-PendingRequests: sendNotLeaderResponses
2020-12-11 11:59:18,890 [Listener at 127.0.0.1/32773] INFO  metrics.RatisMetrics (RatisMetrics.java:unregister(43)) - Unregistering Metrics Registry : ratis.log_appender.ce7b29ad-df73-4c8e-895b-c9a715706485@group-6D9170F55DDB
2020-12-11 11:59:18,890 [ForkJoinPool.commonPool-worker-1] INFO  metrics.RatisMetrics (RatisMetrics.java:unregister(43)) - Unregistering Metrics Registry : ratis.log_appender.a301dd64-f793-4e68-ac47-305a8ea93822@group-B70A46C6AF1F
2020-12-11 11:59:18,890 [Listener at 127.0.0.1/32773] INFO  metrics.RatisMetrics (RatisMetrics.java:unregister(43)) - Unregistering Metrics Registry : ratis.server.ce7b29ad-df73-4c8e-895b-c9a715706485@group-6D9170F55DDB
2020-12-11 11:59:18,890 [ForkJoinPool.commonPool-worker-1] INFO  metrics.RatisMetrics (RatisMetrics.java:unregister(43)) - Unregistering Metrics Registry : ratis.server.a301dd64-f793-4e68-ac47-305a8ea93822@group-B70A46C6AF1F
2020-12-11 11:59:18,892 [a301dd64-f793-4e68-ac47-305a8ea93822@group-B70A46C6AF1F-StateMachineUpdater] INFO  ratis.ContainerStateMachine (ContainerStateMachine.java:takeSnapshot(293)) - group-B70A46C6AF1F: Taking a snapshot at:(t:1, i:0) file /github/workspace/mnt/ozone/hadoop-ozone/integration-test/target/test-dir/MiniOzoneClusterImpl-9e77629d-1495-4101-8eb0-46d1fa4d7a32/datanode-2/data/ratis/46f9119a-92a3-4f85-9c67-b70a46c6af1f/sm/snapshot.1_0
2020-12-11 11:59:18,892 [ForkJoinPool.commonPool-worker-1] INFO  impl.StateMachineUpdater (StateMachineUpdater.java:stopAndJoin(147)) - a301dd64-f793-4e68-ac47-305a8ea93822@group-B70A46C6AF1F-StateMachineUpdater: set stopIndex = 0
2020-12-11 11:59:18,892 [a301dd64-f793-4e68-ac47-305a8ea93822@group-B70A46C6AF1F-StateMachineUpdater] INFO  ratis.ContainerStateMachine (ContainerStateMachine.java:takeSnapshot(304)) - group-B70A46C6AF1F: Finished taking a snapshot at:(t:1, i:0) file:/github/workspace/mnt/ozone/hadoop-ozone/integration-test/target/test-dir/MiniOzoneClusterImpl-9e77629d-1495-4101-8eb0-46d1fa4d7a32/datanode-2/data/ratis/46f9119a-92a3-4f85-9c67-b70a46c6af1f/sm/snapshot.1_0 time:1
2020-12-11 11:59:18,893 [a301dd64-f793-4e68-ac47-305a8ea93822@group-B70A46C6AF1F-StateMachineUpdater] INFO  impl.StateMachineUpdater (StateMachineUpdater.java:takeSnapshot(278)) - a301dd64-f793-4e68-ac47-305a8ea93822@group-B70A46C6AF1F-StateMachineUpdater: Took a snapshot at index 0
2020-12-11 11:59:18,893 [a301dd64-f793-4e68-ac47-305a8ea93822@group-B70A46C6AF1F-StateMachineUpdater] INFO  impl.StateMachineUpdater (StateMachineUpdater.java:lambda$new$0(87)) - a301dd64-f793-4e68-ac47-305a8ea93822@group-B70A46C6AF1F-StateMachineUpdater: snapshotIndex: updateIncreasingly -1 -> 0
2020-12-11 11:59:18,893 [a301dd64-f793-4e68-ac47-305a8ea93822@group-B70A46C6AF1F-StateMachineUpdater] INFO  metrics.RatisMetrics (RatisMetrics.java:unregister(43)) - Unregistering Metrics Registry : ratis.state_machine.a301dd64-f793-4e68-ac47-305a8ea93822@group-B70A46C6AF1F
2020-12-11 11:59:18,893 [ForkJoinPool.commonPool-worker-1] INFO  impl.RaftServerImpl (ServerState.java:close(406)) - a301dd64-f793-4e68-ac47-305a8ea93822@group-B70A46C6AF1F: closes. applyIndex: 0
2020-12-11 11:59:18,896 [ce7b29ad-df73-4c8e-895b-c9a715706485@group-6D9170F55DDB-StateMachineUpdater] INFO  ratis.ContainerStateMachine (ContainerStateMachine.java:takeSnapshot(293)) - group-6D9170F55DDB: Taking a snapshot at:(t:1, i:0) file /github/workspace/mnt/ozone/hadoop-ozone/integration-test/target/test-dir/MiniOzoneClusterImpl-9e77629d-1495-4101-8eb0-46d1fa4d7a32/datanode-4/data/ratis/4cc32934-7065-4e77-a59d-6d9170f55ddb/sm/snapshot.1_0
2020-12-11 11:59:18,895 [Listener at 127.0.0.1/32773] INFO  impl.StateMachineUpdater (StateMachineUpdater.java:stopAndJoin(147)) - ce7b29ad-df73-4c8e-895b-c9a715706485@group-6D9170F55DDB-StateMachineUpdater: set stopIndex = 0
2020-12-11 11:59:18,896 [ce7b29ad-df73-4c8e-895b-c9a715706485@group-6D9170F55DDB-StateMachineUpdater] INFO  ratis.ContainerStateMachine (ContainerStateMachine.java:takeSnapshot(304)) - group-6D9170F55DDB: Finished taking a snapshot at:(t:1, i:0) file:/github/workspace/mnt/ozone/hadoop-ozone/integration-test/target/test-dir/MiniOzoneClusterImpl-9e77629d-1495-4101-8eb0-46d1fa4d7a32/datanode-4/data/ratis/4cc32934-7065-4e77-a59d-6d9170f55ddb/sm/snapshot.1_0 time:1
2020-12-11 11:59:18,896 [ce7b29ad-df73-4c8e-895b-c9a715706485@group-6D9170F55DDB-StateMachineUpdater] INFO  impl.StateMachineUpdater (StateMachineUpdater.java:takeSnapshot(278)) - ce7b29ad-df73-4c8e-895b-c9a715706485@group-6D9170F55DDB-StateMachineUpdater: Took a snapshot at index 0
2020-12-11 11:59:18,896 [ce7b29ad-df73-4c8e-895b-c9a715706485@group-6D9170F55DDB-StateMachineUpdater] INFO  impl.StateMachineUpdater (StateMachineUpdater.java:lambda$new$0(87)) - ce7b29ad-df73-4c8e-895b-c9a715706485@group-6D9170F55DDB-StateMachineUpdater: snapshotIndex: updateIncreasingly -1 -> 0
2020-12-11 11:59:18,897 [ce7b29ad-df73-4c8e-895b-c9a715706485@group-6D9170F55DDB-StateMachineUpdater] INFO  metrics.RatisMetrics (RatisMetrics.java:unregister(43)) - Unregistering Metrics Registry : ratis.state_machine.ce7b29ad-df73-4c8e-895b-c9a715706485@group-6D9170F55DDB
2020-12-11 11:59:18,896 [a301dd64-f793-4e68-ac47-305a8ea93822@group-B70A46C6AF1F-SegmentedRaftLogWorker] INFO  segmented.SegmentedRaftLogWorker (SegmentedRaftLogWorker.java:run(329)) - a301dd64-f793-4e68-ac47-305a8ea93822@group-B70A46C6AF1F-SegmentedRaftLogWorker was interrupted, exiting. There are 0 tasks remaining in the queue.
2020-12-11 11:59:18,898 [Listener at 127.0.0.1/32773] INFO  impl.RaftServerImpl (ServerState.java:close(406)) - ce7b29ad-df73-4c8e-895b-c9a715706485@group-6D9170F55DDB: closes. applyIndex: 0
2020-12-11 11:59:18,898 [ce7b29ad-df73-4c8e-895b-c9a715706485@group-6D9170F55DDB-SegmentedRaftLogWorker] INFO  segmented.SegmentedRaftLogWorker (SegmentedRaftLogWorker.java:run(329)) - ce7b29ad-df73-4c8e-895b-c9a715706485@group-6D9170F55DDB-SegmentedRaftLogWorker was interrupted, exiting. There are 0 tasks remaining in the queue.
2020-12-11 11:59:18,898 [ForkJoinPool.commonPool-worker-1] INFO  segmented.SegmentedRaftLogWorker (SegmentedRaftLogWorker.java:close(235)) - a301dd64-f793-4e68-ac47-305a8ea93822@group-B70A46C6AF1F-SegmentedRaftLogWorker close()
2020-12-11 11:59:18,904 [Listener at 127.0.0.1/32773] INFO  segmented.SegmentedRaftLogWorker (SegmentedRaftLogWorker.java:close(235)) - ce7b29ad-df73-4c8e-895b-c9a715706485@group-6D9170F55DDB-SegmentedRaftLogWorker close()
2020-12-11 11:59:18,905 [ForkJoinPool.commonPool-worker-1] INFO  metrics.RatisMetrics (RatisMetrics.java:unregister(43)) - Unregistering Metrics Registry : ratis.log_worker.a301dd64-f793-4e68-ac47-305a8ea93822@group-B70A46C6AF1F
2020-12-11 11:59:18,905 [ForkJoinPool.commonPool-worker-1] INFO  metrics.RatisMetrics (RatisMetrics.java:unregister(43)) - Unregistering Metrics Registry : ratis.leader_election.a301dd64-f793-4e68-ac47-305a8ea93822@group-B70A46C6AF1F
2020-12-11 11:59:18,906 [ForkJoinPool.commonPool-worker-1] INFO  metrics.RatisMetrics (RatisMetrics.java:unregister(43)) - Unregistering Metrics Registry : ratis.server.a301dd64-f793-4e68-ac47-305a8ea93822@group-B70A46C6AF1F
2020-12-11 11:59:18,906 [ForkJoinPool.commonPool-worker-1] INFO  impl.RaftServerImpl (RaftServerImpl.java:lambda$shutdown$3(328)) - a301dd64-f793-4e68-ac47-305a8ea93822@group-B9DCA29E1988: shutdown
2020-12-11 11:59:18,906 [ForkJoinPool.commonPool-worker-1] INFO  util.JmxRegister (JmxRegister.java:unregister(73)) - Successfully un-registered JMX Bean with object name Ratis:service=RaftServer,group=group-B9DCA29E1988,id=a301dd64-f793-4e68-ac47-305a8ea93822
2020-12-11 11:59:18,907 [ForkJoinPool.commonPool-worker-1] INFO  impl.RoleInfo (RoleInfo.java:shutdownFollowerState(121)) - a301dd64-f793-4e68-ac47-305a8ea93822: shutdown a301dd64-f793-4e68-ac47-305a8ea93822@group-B9DCA29E1988-FollowerState
2020-12-11 11:59:18,907 [ForkJoinPool.commonPool-worker-1] INFO  impl.StateMachineUpdater (StateMachineUpdater.java:stopAndJoin(147)) - a301dd64-f793-4e68-ac47-305a8ea93822@group-B9DCA29E1988-StateMachineUpdater: set stopIndex = -1
2020-12-11 11:59:18,908 [Listener at 127.0.0.1/32773] INFO  metrics.RatisMetrics (RatisMetrics.java:unregister(43)) - Unregistering Metrics Registry : ratis.log_worker.ce7b29ad-df73-4c8e-895b-c9a715706485@group-6D9170F55DDB
2020-12-11 11:59:18,907 [a301dd64-f793-4e68-ac47-305a8ea93822@group-B9DCA29E1988-StateMachineUpdater] INFO  metrics.RatisMetrics (RatisMetrics.java:unregister(43)) - Unregistering Metrics Registry : ratis.state_machine.a301dd64-f793-4e68-ac47-305a8ea93822@group-B9DCA29E1988
2020-12-11 11:59:18,909 [ForkJoinPool.commonPool-worker-1] INFO  impl.RaftServerImpl (ServerState.java:close(406)) - a301dd64-f793-4e68-ac47-305a8ea93822@group-B9DCA29E1988: closes. applyIndex: -1
2020-12-11 11:59:18,907 [Thread-1403] INFO  impl.FollowerState (FollowerState.java:run(137)) - a301dd64-f793-4e68-ac47-305a8ea93822@group-B9DCA29E1988-FollowerState was interrupted: {}
java.lang.InterruptedException: sleep interrupted
	at java.lang.Thread.sleep(Native Method)
	at org.apache.ratis.util.JavaUtils.sleep(JavaUtils.java:250)
	at org.apache.ratis.server.impl.FollowerState.run(FollowerState.java:116)
2020-12-11 11:59:18,909 [a301dd64-f793-4e68-ac47-305a8ea93822@group-B9DCA29E1988-SegmentedRaftLogWorker] INFO  segmented.SegmentedRaftLogWorker (SegmentedRaftLogWorker.java:run(329)) - a301dd64-f793-4e68-ac47-305a8ea93822@group-B9DCA29E1988-SegmentedRaftLogWorker was interrupted, exiting. There are 0 tasks remaining in the queue.
2020-12-11 11:59:18,909 [Listener at 127.0.0.1/32773] INFO  metrics.RatisMetrics (RatisMetrics.java:unregister(43)) - Unregistering Metrics Registry : ratis.leader_election.ce7b29ad-df73-4c8e-895b-c9a715706485@group-6D9170F55DDB
2020-12-11 11:59:18,909 [Listener at 127.0.0.1/32773] INFO  metrics.RatisMetrics (RatisMetrics.java:unregister(43)) - Unregistering Metrics Registry : ratis.server.ce7b29ad-df73-4c8e-895b-c9a715706485@group-6D9170F55DDB
2020-12-11 11:59:18,910 [Listener at 127.0.0.1/32773] INFO  impl.RaftServerImpl (RaftServerImpl.java:lambda$shutdown$3(328)) - ce7b29ad-df73-4c8e-895b-c9a715706485@group-8C72AF07F9E8: shutdown
2020-12-11 11:59:18,910 [Listener at 127.0.0.1/32773] INFO  util.JmxRegister (JmxRegister.java:unregister(73)) - Successfully un-registered JMX Bean with object name Ratis:service=RaftServer,group=group-8C72AF07F9E8,id=ce7b29ad-df73-4c8e-895b-c9a715706485
2020-12-11 11:59:18,910 [Listener at 127.0.0.1/32773] INFO  impl.RoleInfo (RoleInfo.java:shutdownFollowerState(121)) - ce7b29ad-df73-4c8e-895b-c9a715706485: shutdown ce7b29ad-df73-4c8e-895b-c9a715706485@group-8C72AF07F9E8-FollowerState
2020-12-11 11:59:18,910 [Listener at 127.0.0.1/32773] INFO  impl.StateMachineUpdater (StateMachineUpdater.java:stopAndJoin(147)) - ce7b29ad-df73-4c8e-895b-c9a715706485@group-8C72AF07F9E8-StateMachineUpdater: set stopIndex = 0
2020-12-11 11:59:18,909 [ForkJoinPool.commonPool-worker-1] INFO  segmented.SegmentedRaftLogWorker (SegmentedRaftLogWorker.java:close(235)) - a301dd64-f793-4e68-ac47-305a8ea93822@group-B9DCA29E1988-SegmentedRaftLogWorker close()
2020-12-11 11:59:18,911 [ce7b29ad-df73-4c8e-895b-c9a715706485@group-8C72AF07F9E8-StateMachineUpdater] INFO  ratis.ContainerStateMachine (ContainerStateMachine.java:takeSnapshot(293)) - group-8C72AF07F9E8: Taking a snapshot at:(t:1, i:0) file /github/workspace/mnt/ozone/hadoop-ozone/integration-test/target/test-dir/MiniOzoneClusterImpl-9e77629d-1495-4101-8eb0-46d1fa4d7a32/datanode-4/data/ratis/bbf59e26-eb73-4b4f-ac5f-8c72af07f9e8/sm/snapshot.1_0
2020-12-11 11:59:18,910 [Thread-1387] INFO  impl.FollowerState (FollowerState.java:run(137)) - ce7b29ad-df73-4c8e-895b-c9a715706485@group-8C72AF07F9E8-FollowerState was interrupted: {}
java.lang.InterruptedException: sleep interrupted
	at java.lang.Thread.sleep(Native Method)
	at org.apache.ratis.util.JavaUtils.sleep(JavaUtils.java:250)
	at org.apache.ratis.server.impl.FollowerState.run(FollowerState.java:116)
2020-12-11 11:59:18,913 [ForkJoinPool.commonPool-worker-1] INFO  metrics.RatisMetrics (RatisMetrics.java:unregister(43)) - Unregistering Metrics Registry : ratis.log_worker.a301dd64-f793-4e68-ac47-305a8ea93822@group-B9DCA29E1988
2020-12-11 11:59:18,913 [ForkJoinPool.commonPool-worker-1] INFO  metrics.RatisMetrics (RatisMetrics.java:unregister(43)) - Unregistering Metrics Registry : ratis.leader_election.a301dd64-f793-4e68-ac47-305a8ea93822@group-B9DCA29E1988
2020-12-11 11:59:18,914 [ForkJoinPool.commonPool-worker-1] INFO  metrics.RatisMetrics (RatisMetrics.java:unregister(43)) - Unregistering Metrics Registry : ratis.server.a301dd64-f793-4e68-ac47-305a8ea93822@group-B9DCA29E1988
2020-12-11 11:59:18,914 [ce7b29ad-df73-4c8e-895b-c9a715706485@group-8C72AF07F9E8-StateMachineUpdater] INFO  ratis.ContainerStateMachine (ContainerStateMachine.java:takeSnapshot(304)) - group-8C72AF07F9E8: Finished taking a snapshot at:(t:1, i:0) file:/github/workspace/mnt/ozone/hadoop-ozone/integration-test/target/test-dir/MiniOzoneClusterImpl-9e77629d-1495-4101-8eb0-46d1fa4d7a32/datanode-4/data/ratis/bbf59e26-eb73-4b4f-ac5f-8c72af07f9e8/sm/snapshot.1_0 time:3
2020-12-11 11:59:18,914 [ce7b29ad-df73-4c8e-895b-c9a715706485@group-8C72AF07F9E8-StateMachineUpdater] INFO  impl.StateMachineUpdater (StateMachineUpdater.java:takeSnapshot(278)) - ce7b29ad-df73-4c8e-895b-c9a715706485@group-8C72AF07F9E8-StateMachineUpdater: Took a snapshot at index 0
2020-12-11 11:59:18,914 [ce7b29ad-df73-4c8e-895b-c9a715706485@group-8C72AF07F9E8-StateMachineUpdater] INFO  impl.StateMachineUpdater (StateMachineUpdater.java:lambda$new$0(87)) - ce7b29ad-df73-4c8e-895b-c9a715706485@group-8C72AF07F9E8-StateMachineUpdater: snapshotIndex: updateIncreasingly -1 -> 0
2020-12-11 11:59:18,914 [ce7b29ad-df73-4c8e-895b-c9a715706485@group-8C72AF07F9E8-StateMachineUpdater] INFO  metrics.RatisMetrics (RatisMetrics.java:unregister(43)) - Unregistering Metrics Registry : ratis.state_machine.ce7b29ad-df73-4c8e-895b-c9a715706485@group-8C72AF07F9E8
2020-12-11 11:59:18,914 [ForkJoinPool.commonPool-worker-1] INFO  server.GrpcService (GrpcService.java:closeImpl(184)) - a301dd64-f793-4e68-ac47-305a8ea93822: shutdown server with port 40329 now
2020-12-11 11:59:18,916 [Listener at 127.0.0.1/32773] INFO  impl.RaftServerImpl (ServerState.java:close(406)) - ce7b29ad-df73-4c8e-895b-c9a715706485@group-8C72AF07F9E8: closes. applyIndex: 0
2020-12-11 11:59:18,918 [ce7b29ad-df73-4c8e-895b-c9a715706485@group-8C72AF07F9E8-SegmentedRaftLogWorker] INFO  segmented.SegmentedRaftLogWorker (SegmentedRaftLogWorker.java:run(329)) - ce7b29ad-df73-4c8e-895b-c9a715706485@group-8C72AF07F9E8-SegmentedRaftLogWorker was interrupted, exiting. There are 0 tasks remaining in the queue.
2020-12-11 11:59:18,919 [Listener at 127.0.0.1/32773] INFO  segmented.SegmentedRaftLogWorker (SegmentedRaftLogWorker.java:close(235)) - ce7b29ad-df73-4c8e-895b-c9a715706485@group-8C72AF07F9E8-SegmentedRaftLogWorker close()
2020-12-11 11:59:18,920 [Listener at 127.0.0.1/32773] INFO  metrics.RatisMetrics (RatisMetrics.java:unregister(43)) - Unregistering Metrics Registry : ratis.log_worker.ce7b29ad-df73-4c8e-895b-c9a715706485@group-8C72AF07F9E8
2020-12-11 11:59:18,920 [Listener at 127.0.0.1/32773] INFO  metrics.RatisMetrics (RatisMetrics.java:unregister(43)) - Unregistering Metrics Registry : ratis.leader_election.ce7b29ad-df73-4c8e-895b-c9a715706485@group-8C72AF07F9E8
2020-12-11 11:59:18,921 [Listener at 127.0.0.1/32773] INFO  metrics.RatisMetrics (RatisMetrics.java:unregister(43)) - Unregistering Metrics Registry : ratis.server.ce7b29ad-df73-4c8e-895b-c9a715706485@group-8C72AF07F9E8
2020-12-11 11:59:18,921 [Listener at 127.0.0.1/32773] INFO  server.GrpcService (GrpcService.java:closeImpl(184)) - ce7b29ad-df73-4c8e-895b-c9a715706485: shutdown server with port 37077 now
2020-12-11 11:59:18,930 [ForkJoinPool.commonPool-worker-1] INFO  server.GrpcService (GrpcService.java:closeImpl(193)) - a301dd64-f793-4e68-ac47-305a8ea93822: shutdown server with port 40329 successfully
2020-12-11 11:59:18,931 [grpc-default-executor-6] WARN  server.GrpcLogAppender (LogUtils.java:warn(122)) - 14fff06d-4b2c-4584-8355-292f5629e732@group-8C72AF07F9E8->ce7b29ad-df73-4c8e-895b-c9a715706485-AppendLogResponseHandler: Failed appendEntries: org.apache.ratis.thirdparty.io.grpc.StatusRuntimeException: CANCELLED: HTTP/2 error code: CANCEL
Received Rst Stream
2020-12-11 11:59:18,931 [Listener at 127.0.0.1/32773] INFO  server.GrpcService (GrpcService.java:closeImpl(193)) - ce7b29ad-df73-4c8e-895b-c9a715706485: shutdown server with port 37077 successfully
2020-12-11 11:59:18,931 [grpc-default-executor-6] WARN  server.GrpcLogAppender (GrpcLogAppender.java:resetClient(107)) - 14fff06d-4b2c-4584-8355-292f5629e732@group-8C72AF07F9E8->ce7b29ad-df73-4c8e-895b-c9a715706485-GrpcLogAppender: Leader has not got in touch with Follower 14fff06d-4b2c-4584-8355-292f5629e732@group-8C72AF07F9E8->ce7b29ad-df73-4c8e-895b-c9a715706485(c0,m0,n1, attendVote=true, lastRpcSendTime=102, lastRpcResponseTime=101) yet, just keep nextIndex unchanged and retry.
2020-12-11 11:59:18,932 [grpc-default-executor-5] WARN  server.GrpcServerProtocolService (LogUtils.java:warn(122)) - ce7b29ad-df73-4c8e-895b-c9a715706485: installSnapshot onError, lastRequest: 14fff06d-4b2c-4584-8355-292f5629e732->ce7b29ad-df73-4c8e-895b-c9a715706485#1-t1, previous=(t:0, i:0), leaderCommit=0, initializing? false, entries: size=1, first=(t:1, i:0), CONFIGURATIONENTRY: org.apache.ratis.thirdparty.io.grpc.StatusRuntimeException: CANCELLED: cancelled before receiving half close
2020-12-11 11:59:18,935 [ForkJoinPool.commonPool-worker-1] INFO  utils.BackgroundService (BackgroundService.java:shutdown(132)) - Shutting down service BlockDeletingService
2020-12-11 11:59:18,937 [Listener at 127.0.0.1/32773] INFO  utils.BackgroundService (BackgroundService.java:shutdown(132)) - Shutting down service BlockDeletingService
2020-12-11 11:59:18,947 [ForkJoinPool.commonPool-worker-1] INFO  statemachine.DatanodeStateMachine (DatanodeStateMachine.java:stopDaemon(461)) - Ozone container server stopped.
2020-12-11 11:59:18,948 [Listener at 127.0.0.1/32773] INFO  statemachine.DatanodeStateMachine (DatanodeStateMachine.java:stopDaemon(461)) - Ozone container server stopped.
2020-12-11 11:59:18,966 [Listener at 127.0.0.1/32773] INFO  handler.ContextHandler (ContextHandler.java:doStop(1154)) - Stopped o.e.j.w.WebAppContext@3a0f497e{hddsDatanode,/,null,STOPPED}{jar:file:/home/user/.m2/repository/org/apache/hadoop/hadoop-hdds-container-service/1.1.0-SNAPSHOT/hadoop-hdds-container-service-1.1.0-SNAPSHOT.jar!/webapps/hddsDatanode}
2020-12-11 11:59:18,968 [Listener at 127.0.0.1/32773] INFO  server.AbstractConnector (AbstractConnector.java:doStop(381)) - Stopped ServerConnector@599fde55{HTTP/1.1, (http/1.1)}{0.0.0.0:0}
2020-12-11 11:59:18,968 [Listener at 127.0.0.1/32773] INFO  server.session (HouseKeeper.java:stopScavenging(149)) - node0 Stopped scavenging
2020-12-11 11:59:18,969 [Listener at 127.0.0.1/32773] INFO  handler.ContextHandler (ContextHandler.java:doStop(1154)) - Stopped o.e.j.s.ServletContextHandler@7de47f81{static,/static,jar:file:/home/user/.m2/repository/org/apache/hadoop/hadoop-hdds-container-service/1.1.0-SNAPSHOT/hadoop-hdds-container-service-1.1.0-SNAPSHOT.jar!/webapps/static,STOPPED}
2020-12-11 11:59:18,969 [Listener at 127.0.0.1/32773] INFO  handler.ContextHandler (ContextHandler.java:doStop(1154)) - Stopped o.e.j.s.ServletContextHandler@7054edda{logs,/logs,file:///github/workspace/mnt/ozone/hadoop-ozone/integration-test/target/log,STOPPED}
2020-12-11 11:59:18,973 [ForkJoinPool.commonPool-worker-1] INFO  handler.ContextHandler (ContextHandler.java:doStop(1154)) - Stopped o.e.j.w.WebAppContext@25ae0223{hddsDatanode,/,null,STOPPED}{jar:file:/home/user/.m2/repository/org/apache/hadoop/hadoop-hdds-container-service/1.1.0-SNAPSHOT/hadoop-hdds-container-service-1.1.0-SNAPSHOT.jar!/webapps/hddsDatanode}
2020-12-11 11:59:18,973 [ForkJoinPool.commonPool-worker-1] INFO  server.AbstractConnector (AbstractConnector.java:doStop(381)) - Stopped ServerConnector@4714ae0d{HTTP/1.1, (http/1.1)}{0.0.0.0:0}
2020-12-11 11:59:18,973 [ForkJoinPool.commonPool-worker-1] INFO  server.session (HouseKeeper.java:stopScavenging(149)) - node0 Stopped scavenging
2020-12-11 11:59:18,976 [ForkJoinPool.commonPool-worker-1] INFO  handler.ContextHandler (ContextHandler.java:doStop(1154)) - Stopped o.e.j.s.ServletContextHandler@44cea6bb{static,/static,jar:file:/home/user/.m2/repository/org/apache/hadoop/hadoop-hdds-container-service/1.1.0-SNAPSHOT/hadoop-hdds-container-service-1.1.0-SNAPSHOT.jar!/webapps/static,STOPPED}
2020-12-11 11:59:18,977 [ForkJoinPool.commonPool-worker-1] INFO  handler.ContextHandler (ContextHandler.java:doStop(1154)) - Stopped o.e.j.s.ServletContextHandler@46a7703a{logs,/logs,file:///github/workspace/mnt/ozone/hadoop-ozone/integration-test/target/log,STOPPED}
2020-12-11 11:59:19,015 [Thread-1400] INFO  impl.FollowerState (FollowerState.java:run(128)) - 675d35ba-bb57-4ae2-b121-2cd47ec358f4@group-B9DCA29E1988-FollowerState: change to CANDIDATE, lastRpcTime:5046ms, electionTimeout:5041ms
2020-12-11 11:59:19,015 [Thread-1400] INFO  impl.RoleInfo (RoleInfo.java:shutdownFollowerState(121)) - 675d35ba-bb57-4ae2-b121-2cd47ec358f4: shutdown 675d35ba-bb57-4ae2-b121-2cd47ec358f4@group-B9DCA29E1988-FollowerState
2020-12-11 11:59:19,015 [Thread-1400] INFO  impl.RaftServerImpl (RaftServerImpl.java:setRole(204)) - 675d35ba-bb57-4ae2-b121-2cd47ec358f4@group-B9DCA29E1988: changes role from  FOLLOWER to CANDIDATE at term 0 for changeToCandidate
2020-12-11 11:59:19,016 [Thread-1400] INFO  impl.RoleInfo (RoleInfo.java:updateAndGet(143)) - 675d35ba-bb57-4ae2-b121-2cd47ec358f4: start 675d35ba-bb57-4ae2-b121-2cd47ec358f4@group-B9DCA29E1988-LeaderElection51
2020-12-11 11:59:19,021 [675d35ba-bb57-4ae2-b121-2cd47ec358f4@group-B9DCA29E1988-LeaderElection51] INFO  impl.LeaderElection (LeaderElection.java:askForVotes(215)) - 675d35ba-bb57-4ae2-b121-2cd47ec358f4@group-B9DCA29E1988-LeaderElection51: begin an election at term 1 for -1: [14058016-3fcf-4920-991e-a5361899d5d7|rpc:172.17.0.2:45451|dataStream:, 675d35ba-bb57-4ae2-b121-2cd47ec358f4|rpc:172.17.0.2:39033|dataStream:, a301dd64-f793-4e68-ac47-305a8ea93822|rpc:172.17.0.2:40329|dataStream:], old=null
2020-12-11 11:59:19,023 [grpc-default-executor-0] INFO  impl.RaftServerImpl (RaftServerImpl.java:setRole(204)) - 14058016-3fcf-4920-991e-a5361899d5d7@group-B9DCA29E1988: changes role from  FOLLOWER to FOLLOWER at term 1 for recognizeCandidate:675d35ba-bb57-4ae2-b121-2cd47ec358f4
2020-12-11 11:59:19,023 [grpc-default-executor-0] INFO  impl.RoleInfo (RoleInfo.java:shutdownFollowerState(121)) - 14058016-3fcf-4920-991e-a5361899d5d7: shutdown 14058016-3fcf-4920-991e-a5361899d5d7@group-B9DCA29E1988-FollowerState
2020-12-11 11:59:19,023 [grpc-default-executor-0] INFO  impl.RoleInfo (RoleInfo.java:updateAndGet(143)) - 14058016-3fcf-4920-991e-a5361899d5d7: start 14058016-3fcf-4920-991e-a5361899d5d7@group-B9DCA29E1988-FollowerState
2020-12-11 11:59:19,023 [Thread-1398] INFO  impl.FollowerState (FollowerState.java:run(137)) - 14058016-3fcf-4920-991e-a5361899d5d7@group-B9DCA29E1988-FollowerState was interrupted: {}
java.lang.InterruptedException: sleep interrupted
	at java.lang.Thread.sleep(Native Method)
	at org.apache.ratis.util.JavaUtils.sleep(JavaUtils.java:250)
	at org.apache.ratis.server.impl.FollowerState.run(FollowerState.java:116)
2020-12-11 11:59:19,023 [grpc-default-executor-0] INFO  impl.RaftServerImpl (RaftServerImpl.java:requestVote(963)) -  FOLLOWER 14058016-3fcf-4920-991e-a5361899d5d7@group-B9DCA29E1988:t1, leader=null, voted=null, raftlog=14058016-3fcf-4920-991e-a5361899d5d7@group-B9DCA29E1988-SegmentedRaftLog:OPENED:c-1,f-1,i0, conf=-1: [14058016-3fcf-4920-991e-a5361899d5d7|rpc:172.17.0.2:45451, 675d35ba-bb57-4ae2-b121-2cd47ec358f4|rpc:172.17.0.2:39033, a301dd64-f793-4e68-ac47-305a8ea93822|rpc:172.17.0.2:40329], old=null RUNNING priority:0 candidate:675d35ba-bb57-4ae2-b121-2cd47ec358f4|rpc:172.17.0.2:39033 candidatePriority:0 compare:0
2020-12-11 11:59:19,025 [675d35ba-bb57-4ae2-b121-2cd47ec358f4@group-B9DCA29E1988-LeaderElection51] INFO  impl.LeaderElection (LogUtils.java:infoOrTrace(137)) - 675d35ba-bb57-4ae2-b121-2cd47ec358f4@group-B9DCA29E1988-LeaderElection51 got exception when requesting votes: java.util.concurrent.ExecutionException: org.apache.ratis.thirdparty.io.grpc.StatusRuntimeException: UNAVAILABLE: io exception
2020-12-11 11:59:19,027 [675d35ba-bb57-4ae2-b121-2cd47ec358f4@group-B9DCA29E1988-LeaderElection51] INFO  impl.LeaderElection (LeaderElection.java:logAndReturn(65)) - 675d35ba-bb57-4ae2-b121-2cd47ec358f4@group-B9DCA29E1988-LeaderElection51: Election PASSED; received 1 response(s) [675d35ba-bb57-4ae2-b121-2cd47ec358f4<-14058016-3fcf-4920-991e-a5361899d5d7#0:OK-t1] and 1 exception(s); 675d35ba-bb57-4ae2-b121-2cd47ec358f4@group-B9DCA29E1988:t1, leader=null, voted=675d35ba-bb57-4ae2-b121-2cd47ec358f4, raftlog=675d35ba-bb57-4ae2-b121-2cd47ec358f4@group-B9DCA29E1988-SegmentedRaftLog:OPENED:c-1,f-1,i0, conf=-1: [14058016-3fcf-4920-991e-a5361899d5d7|rpc:172.17.0.2:45451|dataStream:, 675d35ba-bb57-4ae2-b121-2cd47ec358f4|rpc:172.17.0.2:39033|dataStream:, a301dd64-f793-4e68-ac47-305a8ea93822|rpc:172.17.0.2:40329|dataStream:], old=null
2020-12-11 11:59:19,027 [675d35ba-bb57-4ae2-b121-2cd47ec358f4@group-B9DCA29E1988-LeaderElection51] INFO  impl.LeaderElection (LogUtils.java:infoOrTrace(137)) -   Exception 0: java.util.concurrent.ExecutionException: org.apache.ratis.thirdparty.io.grpc.StatusRuntimeException: UNAVAILABLE: io exception
2020-12-11 11:59:19,028 [675d35ba-bb57-4ae2-b121-2cd47ec358f4@group-B9DCA29E1988-LeaderElection51] INFO  impl.RoleInfo (RoleInfo.java:shutdownLeaderElection(134)) - 675d35ba-bb57-4ae2-b121-2cd47ec358f4: shutdown 675d35ba-bb57-4ae2-b121-2cd47ec358f4@group-B9DCA29E1988-LeaderElection51
2020-12-11 11:59:19,028 [675d35ba-bb57-4ae2-b121-2cd47ec358f4@group-B9DCA29E1988-LeaderElection51] INFO  impl.RaftServerImpl (RaftServerImpl.java:setRole(204)) - 675d35ba-bb57-4ae2-b121-2cd47ec358f4@group-B9DCA29E1988: changes role from CANDIDATE to LEADER at term 1 for changeToLeader
2020-12-11 11:59:19,028 [675d35ba-bb57-4ae2-b121-2cd47ec358f4@group-B9DCA29E1988-LeaderElection51] INFO  ratis.XceiverServerRatis (XceiverServerRatis.java:handleLeaderChangedNotification(854)) - Leader change notification received for group: group-B9DCA29E1988 with new leaderId: 675d35ba-bb57-4ae2-b121-2cd47ec358f4
2020-12-11 11:59:19,028 [675d35ba-bb57-4ae2-b121-2cd47ec358f4@group-B9DCA29E1988-LeaderElection51] INFO  impl.RaftServerImpl (ServerState.java:setLeader(256)) - 675d35ba-bb57-4ae2-b121-2cd47ec358f4@group-B9DCA29E1988: change Leader from null to 675d35ba-bb57-4ae2-b121-2cd47ec358f4 at term 1 for becomeLeader, leader elected after 5129ms
2020-12-11 11:59:19,028 [675d35ba-bb57-4ae2-b121-2cd47ec358f4@group-B9DCA29E1988-LeaderElection51] INFO  server.RaftServerConfigKeys (ConfUtils.java:logGet(44)) - raft.server.staging.catchup.gap = 1000 (default)
2020-12-11 11:59:19,028 [675d35ba-bb57-4ae2-b121-2cd47ec358f4@group-B9DCA29E1988-LeaderElection51] INFO  server.RaftServerConfigKeys (ConfUtils.java:logGet(44)) - raft.server.rpc.sleep.time = 25ms (default)
2020-12-11 11:59:19,028 [675d35ba-bb57-4ae2-b121-2cd47ec358f4@group-B9DCA29E1988-LeaderElection51] INFO  metrics.RatisMetrics (RatisMetrics.java:lambda$create$0(36)) - Creating Metrics Registry : ratis.log_appender.675d35ba-bb57-4ae2-b121-2cd47ec358f4@group-B9DCA29E1988
2020-12-11 11:59:19,029 [675d35ba-bb57-4ae2-b121-2cd47ec358f4@group-B9DCA29E1988-LeaderElection51] INFO  server.RaftServerConfigKeys (ConfUtils.java:logGet(44)) - raft.server.write.element-limit = 1024 (custom)
2020-12-11 11:59:19,029 [675d35ba-bb57-4ae2-b121-2cd47ec358f4@group-B9DCA29E1988-LeaderElection51] INFO  server.RaftServerConfigKeys (ConfUtils.java:logGet(44)) - raft.server.write.byte-limit = 1073741824 (custom)
2020-12-11 11:59:19,030 [675d35ba-bb57-4ae2-b121-2cd47ec358f4@group-B9DCA29E1988-LeaderElection51] INFO  server.RaftServerConfigKeys (ConfUtils.java:logGet(44)) - raft.server.watch.timeout = 3000ms (custom)
2020-12-11 11:59:19,030 [675d35ba-bb57-4ae2-b121-2cd47ec358f4@group-B9DCA29E1988-LeaderElection51] INFO  server.RaftServerConfigKeys (ConfUtils.java:logGet(44)) - raft.server.watch.timeout.denomination = 1s (default)
2020-12-11 11:59:19,030 [675d35ba-bb57-4ae2-b121-2cd47ec358f4@group-B9DCA29E1988-LeaderElection51] INFO  server.RaftServerConfigKeys (ConfUtils.java:logGet(44)) - raft.server.watch.element-limit = 65536 (default)
2020-12-11 11:59:19,032 [675d35ba-bb57-4ae2-b121-2cd47ec358f4@group-B9DCA29E1988-LeaderElection51] INFO  server.RaftServerConfigKeys (ConfUtils.java:logGet(44)) - raft.server.log.appender.snapshot.chunk.size.max = 16MB (=16777216) (default)
2020-12-11 11:59:19,032 [675d35ba-bb57-4ae2-b121-2cd47ec358f4@group-B9DCA29E1988-LeaderElection51] INFO  server.RaftServerConfigKeys (ConfUtils.java:logGet(44)) - raft.server.log.appender.buffer.byte-limit = 33554432 (custom)
2020-12-11 11:59:19,032 [675d35ba-bb57-4ae2-b121-2cd47ec358f4@group-B9DCA29E1988-LeaderElection51] INFO  server.RaftServerConfigKeys (ConfUtils.java:logGet(44)) - raft.server.log.appender.buffer.element-limit = 1 (custom)
2020-12-11 11:59:19,032 [675d35ba-bb57-4ae2-b121-2cd47ec358f4@group-B9DCA29E1988-LeaderElection51] INFO  grpc.GrpcConfigKeys (ConfUtils.java:logGet(44)) - raft.grpc.server.leader.outstanding.appends.max = 128 (default)
2020-12-11 11:59:19,032 [675d35ba-bb57-4ae2-b121-2cd47ec358f4@group-B9DCA29E1988-LeaderElection51] INFO  server.RaftServerConfigKeys (ConfUtils.java:logGet(44)) - raft.server.rpc.request.timeout = 3000ms (default)
2020-12-11 11:59:19,032 [675d35ba-bb57-4ae2-b121-2cd47ec358f4@group-B9DCA29E1988-LeaderElection51] INFO  server.RaftServerConfigKeys (ConfUtils.java:logGet(44)) - raft.server.log.appender.install.snapshot.enabled = false (custom)
2020-12-11 11:59:19,032 [675d35ba-bb57-4ae2-b121-2cd47ec358f4@group-B9DCA29E1988-LeaderElection51] INFO  metrics.RatisMetrics (RatisMetrics.java:lambda$create$0(36)) - Creating Metrics Registry : ratis_grpc.log_appender.675d35ba-bb57-4ae2-b121-2cd47ec358f4@group-B9DCA29E1988
2020-12-11 11:59:19,034 [675d35ba-bb57-4ae2-b121-2cd47ec358f4@group-B9DCA29E1988-LeaderElection51] INFO  server.RaftServerConfigKeys (ConfUtils.java:logGet(44)) - raft.server.log.appender.snapshot.chunk.size.max = 16MB (=16777216) (default)
2020-12-11 11:59:19,034 [675d35ba-bb57-4ae2-b121-2cd47ec358f4@group-B9DCA29E1988-LeaderElection51] INFO  server.RaftServerConfigKeys (ConfUtils.java:logGet(44)) - raft.server.log.appender.buffer.byte-limit = 33554432 (custom)
2020-12-11 11:59:19,034 [675d35ba-bb57-4ae2-b121-2cd47ec358f4@group-B9DCA29E1988-LeaderElection51] INFO  server.RaftServerConfigKeys (ConfUtils.java:logGet(44)) - raft.server.log.appender.buffer.element-limit = 1 (custom)
2020-12-11 11:59:19,034 [675d35ba-bb57-4ae2-b121-2cd47ec358f4@group-B9DCA29E1988-LeaderElection51] INFO  grpc.GrpcConfigKeys (ConfUtils.java:logGet(44)) - raft.grpc.server.leader.outstanding.appends.max = 128 (default)
2020-12-11 11:59:19,034 [675d35ba-bb57-4ae2-b121-2cd47ec358f4@group-B9DCA29E1988-LeaderElection51] INFO  server.RaftServerConfigKeys (ConfUtils.java:logGet(44)) - raft.server.rpc.request.timeout = 3000ms (default)
2020-12-11 11:59:19,035 [675d35ba-bb57-4ae2-b121-2cd47ec358f4@group-B9DCA29E1988-LeaderElection51] INFO  server.RaftServerConfigKeys (ConfUtils.java:logGet(44)) - raft.server.log.appender.install.snapshot.enabled = false (custom)
2020-12-11 11:59:19,036 [675d35ba-bb57-4ae2-b121-2cd47ec358f4@group-B9DCA29E1988-LeaderElection51] INFO  impl.RoleInfo (RoleInfo.java:updateAndGet(143)) - 675d35ba-bb57-4ae2-b121-2cd47ec358f4: start 675d35ba-bb57-4ae2-b121-2cd47ec358f4@group-B9DCA29E1988-LeaderState
2020-12-11 11:59:19,037 [675d35ba-bb57-4ae2-b121-2cd47ec358f4@group-B9DCA29E1988-LeaderElection51] INFO  segmented.SegmentedRaftLogWorker (SegmentedRaftLogWorker.java:startLogSegment(398)) - 675d35ba-bb57-4ae2-b121-2cd47ec358f4@group-B9DCA29E1988-SegmentedRaftLogWorker: Starting segment from index:0
2020-12-11 11:59:19,039 [675d35ba-bb57-4ae2-b121-2cd47ec358f4@group-B9DCA29E1988-SegmentedRaftLogWorker] INFO  segmented.SegmentedRaftLogWorker (SegmentedRaftLogWorker.java:execute(597)) - 675d35ba-bb57-4ae2-b121-2cd47ec358f4@group-B9DCA29E1988-SegmentedRaftLogWorker: created new log segment /github/workspace/mnt/ozone/hadoop-ozone/integration-test/target/test-dir/MiniOzoneClusterImpl-9e77629d-1495-4101-8eb0-46d1fa4d7a32/datanode-0/data/ratis/d4ed0903-a34d-4264-a54b-b9dca29e1988/current/log_inprogress_0
2020-12-11 11:59:19,039 [675d35ba-bb57-4ae2-b121-2cd47ec358f4@group-B9DCA29E1988-LeaderElection51] INFO  impl.RaftServerImpl (ServerState.java:setRaftConf(374)) - 675d35ba-bb57-4ae2-b121-2cd47ec358f4@group-B9DCA29E1988: set configuration 0: [14058016-3fcf-4920-991e-a5361899d5d7|rpc:172.17.0.2:45451|dataStream:, 675d35ba-bb57-4ae2-b121-2cd47ec358f4|rpc:172.17.0.2:39033|dataStream:, a301dd64-f793-4e68-ac47-305a8ea93822|rpc:172.17.0.2:40329|dataStream:], old=null at 0
2020-12-11 11:59:19,044 [Datanode State Machine Thread - 0] INFO  statemachine.DatanodeStateMachine (DatanodeStateMachine.java:lambda$startDaemon$0(408)) - Ozone container server started.
2020-12-11 11:59:19,061 [org.apache.ratis.server.JvmPauseMonitor@de9a57-Monitor] WARN  server.JvmPauseMonitor (JvmPauseMonitor.java:run(141)) - Detected pause in JVM or host machine (eg GC): pause of approximately 5ms
GC pool 'PS Scavenge' had collection(s): count=1 time=59ms
2020-12-11 11:59:19,061 [grpc-default-executor-5] WARN  server.GrpcLogAppender (LogUtils.java:warn(122)) - 675d35ba-bb57-4ae2-b121-2cd47ec358f4@group-B9DCA29E1988->a301dd64-f793-4e68-ac47-305a8ea93822-AppendLogResponseHandler: Failed appendEntries: org.apache.ratis.thirdparty.io.grpc.StatusRuntimeException: UNAVAILABLE: io exception
2020-12-11 11:59:19,064 [grpc-default-executor-5] WARN  server.GrpcLogAppender (GrpcLogAppender.java:resetClient(107)) - 675d35ba-bb57-4ae2-b121-2cd47ec358f4@group-B9DCA29E1988->a301dd64-f793-4e68-ac47-305a8ea93822-GrpcLogAppender: Leader has not got in touch with Follower 675d35ba-bb57-4ae2-b121-2cd47ec358f4@group-B9DCA29E1988->a301dd64-f793-4e68-ac47-305a8ea93822(c-1,m0,n0, attendVote=true, lastRpcSendTime=1, lastRpcResponseTime=5231) yet, just keep nextIndex unchanged and retry.
2020-12-11 11:59:19,065 [grpc-default-executor-0] INFO  ratis.XceiverServerRatis (XceiverServerRatis.java:handleLeaderChangedNotification(854)) - Leader change notification received for group: group-B9DCA29E1988 with new leaderId: 675d35ba-bb57-4ae2-b121-2cd47ec358f4
2020-12-11 11:59:19,065 [grpc-default-executor-0] INFO  impl.RaftServerImpl (ServerState.java:setLeader(256)) - 14058016-3fcf-4920-991e-a5361899d5d7@group-B9DCA29E1988: change Leader from null to 675d35ba-bb57-4ae2-b121-2cd47ec358f4 at term 1 for appendEntries, leader elected after 5196ms
2020-12-11 11:59:19,067 [grpc-default-executor-0] INFO  impl.RaftServerImpl (ServerState.java:setRaftConf(374)) - 14058016-3fcf-4920-991e-a5361899d5d7@group-B9DCA29E1988: set configuration 0: [14058016-3fcf-4920-991e-a5361899d5d7|rpc:172.17.0.2:45451|dataStream:, 675d35ba-bb57-4ae2-b121-2cd47ec358f4|rpc:172.17.0.2:39033|dataStream:, a301dd64-f793-4e68-ac47-305a8ea93822|rpc:172.17.0.2:40329|dataStream:], old=null at 0
2020-12-11 11:59:19,068 [grpc-default-executor-0] INFO  segmented.SegmentedRaftLogWorker (SegmentedRaftLogWorker.java:startLogSegment(398)) - 14058016-3fcf-4920-991e-a5361899d5d7@group-B9DCA29E1988-SegmentedRaftLogWorker: Starting segment from index:0
2020-12-11 11:59:19,068 [grpc-default-executor-5] WARN  server.GrpcLogAppender (LogUtils.java:warn(122)) - 675d35ba-bb57-4ae2-b121-2cd47ec358f4@group-B9DCA29E1988->a301dd64-f793-4e68-ac47-305a8ea93822-AppendLogResponseHandler: Failed appendEntries: org.apache.ratis.thirdparty.io.grpc.StatusRuntimeException: UNAVAILABLE: io exception
2020-12-11 11:59:19,069 [grpc-default-executor-5] WARN  server.GrpcLogAppender (GrpcLogAppender.java:resetClient(107)) - 675d35ba-bb57-4ae2-b121-2cd47ec358f4@group-B9DCA29E1988->a301dd64-f793-4e68-ac47-305a8ea93822-GrpcLogAppender: Leader has not got in touch with Follower 675d35ba-bb57-4ae2-b121-2cd47ec358f4@group-B9DCA29E1988->a301dd64-f793-4e68-ac47-305a8ea93822(c-1,m0,n1, attendVote=true, lastRpcSendTime=0, lastRpcResponseTime=5236) yet, just keep nextIndex unchanged and retry.
2020-12-11 11:59:19,079 [14058016-3fcf-4920-991e-a5361899d5d7@group-B9DCA29E1988-SegmentedRaftLogWorker] INFO  segmented.SegmentedRaftLogWorker (SegmentedRaftLogWorker.java:execute(597)) - 14058016-3fcf-4920-991e-a5361899d5d7@group-B9DCA29E1988-SegmentedRaftLogWorker: created new log segment /github/workspace/mnt/ozone/hadoop-ozone/integration-test/target/test-dir/MiniOzoneClusterImpl-9e77629d-1495-4101-8eb0-46d1fa4d7a32/datanode-1/data/ratis/d4ed0903-a34d-4264-a54b-b9dca29e1988/current/log_inprogress_0
2020-12-11 11:59:19,635 [Datanode State Machine Thread - 0] INFO  statemachine.DatanodeStateMachine (DatanodeStateMachine.java:lambda$startDaemon$0(408)) - Ozone container server started.
2020-12-11 11:59:21,333 [grpc-default-executor-5] WARN  server.GrpcLogAppender (LogUtils.java:warn(122)) - 14fff06d-4b2c-4584-8355-292f5629e732@group-8C72AF07F9E8->ce7b29ad-df73-4c8e-895b-c9a715706485-AppendLogResponseHandler: Failed appendEntries: org.apache.ratis.thirdparty.io.grpc.StatusRuntimeException: UNAVAILABLE: io exception
2020-12-11 11:59:21,333 [grpc-default-executor-5] WARN  server.GrpcLogAppender (GrpcLogAppender.java:resetClient(107)) - 14fff06d-4b2c-4584-8355-292f5629e732@group-8C72AF07F9E8->ce7b29ad-df73-4c8e-895b-c9a715706485-GrpcLogAppender: Leader has not got in touch with Follower 14fff06d-4b2c-4584-8355-292f5629e732@group-8C72AF07F9E8->ce7b29ad-df73-4c8e-895b-c9a715706485(c0,m0,n1, attendVote=true, lastRpcSendTime=1, lastRpcResponseTime=2502) yet, just keep nextIndex unchanged and retry.
2020-12-11 11:59:21,571 [grpc-default-executor-5] WARN  server.GrpcLogAppender (LogUtils.java:warn(122)) - 675d35ba-bb57-4ae2-b121-2cd47ec358f4@group-B9DCA29E1988->a301dd64-f793-4e68-ac47-305a8ea93822-AppendLogResponseHandler: Failed appendEntries: org.apache.ratis.thirdparty.io.grpc.StatusRuntimeException: UNAVAILABLE: io exception
2020-12-11 11:59:21,572 [grpc-default-executor-5] WARN  server.GrpcLogAppender (GrpcLogAppender.java:resetClient(107)) - 675d35ba-bb57-4ae2-b121-2cd47ec358f4@group-B9DCA29E1988->a301dd64-f793-4e68-ac47-305a8ea93822-GrpcLogAppender: Leader has not got in touch with Follower 675d35ba-bb57-4ae2-b121-2cd47ec358f4@group-B9DCA29E1988->a301dd64-f793-4e68-ac47-305a8ea93822(c-1,m0,n1, attendVote=true, lastRpcSendTime=0, lastRpcResponseTime=7740) yet, just keep nextIndex unchanged and retry.
2020-12-11 11:59:23,833 [grpc-default-executor-5] WARN  server.GrpcLogAppender (LogUtils.java:warn(122)) - 14fff06d-4b2c-4584-8355-292f5629e732@group-8C72AF07F9E8->ce7b29ad-df73-4c8e-895b-c9a715706485-AppendLogResponseHandler: Failed appendEntries: org.apache.ratis.thirdparty.io.grpc.StatusRuntimeException: UNAVAILABLE: io exception
2020-12-11 11:59:23,834 [grpc-default-executor-5] WARN  server.GrpcLogAppender (GrpcLogAppender.java:resetClient(107)) - 14fff06d-4b2c-4584-8355-292f5629e732@group-8C72AF07F9E8->ce7b29ad-df73-4c8e-895b-c9a715706485-GrpcLogAppender: Leader has not got in touch with Follower 14fff06d-4b2c-4584-8355-292f5629e732@group-8C72AF07F9E8->ce7b29ad-df73-4c8e-895b-c9a715706485(c0,m0,n1, attendVote=true, lastRpcSendTime=0, lastRpcResponseTime=5003) yet, just keep nextIndex unchanged and retry.
2020-12-11 11:59:23,975 [Listener at 127.0.0.1/32773] INFO  ozoneimpl.OzoneContainer (OzoneContainer.java:stop(257)) - Attempting to stop container services.
2020-12-11 11:59:23,976 [Listener at 127.0.0.1/32773] INFO  impl.RaftServerProxy (RaftServerProxy.java:lambda$close$4(338)) - 6ceb72e1-9dfc-406c-bbba-66398b5fee3f: close
2020-12-11 11:59:23,976 [Listener at 127.0.0.1/32773] INFO  impl.RaftServerImpl (RaftServerImpl.java:lambda$shutdown$3(328)) - 6ceb72e1-9dfc-406c-bbba-66398b5fee3f@group-8C72AF07F9E8: shutdown
2020-12-11 11:59:23,976 [Listener at 127.0.0.1/32773] INFO  util.JmxRegister (JmxRegister.java:unregister(73)) - Successfully un-registered JMX Bean with object name Ratis:service=RaftServer,group=group-8C72AF07F9E8,id=6ceb72e1-9dfc-406c-bbba-66398b5fee3f
2020-12-11 11:59:23,976 [Listener at 127.0.0.1/32773] INFO  impl.RoleInfo (RoleInfo.java:shutdownFollowerState(121)) - 6ceb72e1-9dfc-406c-bbba-66398b5fee3f: shutdown 6ceb72e1-9dfc-406c-bbba-66398b5fee3f@group-8C72AF07F9E8-FollowerState
2020-12-11 11:59:23,976 [Listener at 127.0.0.1/32773] INFO  impl.StateMachineUpdater (StateMachineUpdater.java:stopAndJoin(147)) - 6ceb72e1-9dfc-406c-bbba-66398b5fee3f@group-8C72AF07F9E8-StateMachineUpdater: set stopIndex = 0
2020-12-11 11:59:23,977 [6ceb72e1-9dfc-406c-bbba-66398b5fee3f@group-8C72AF07F9E8-StateMachineUpdater] INFO  ratis.ContainerStateMachine (ContainerStateMachine.java:takeSnapshot(293)) - group-8C72AF07F9E8: Taking a snapshot at:(t:1, i:0) file /github/workspace/mnt/ozone/hadoop-ozone/integration-test/target/test-dir/MiniOzoneClusterImpl-9e77629d-1495-4101-8eb0-46d1fa4d7a32/datanode-5/data/ratis/bbf59e26-eb73-4b4f-ac5f-8c72af07f9e8/sm/snapshot.1_0
2020-12-11 11:59:23,976 [Thread-1375] INFO  impl.FollowerState (FollowerState.java:run(137)) - 6ceb72e1-9dfc-406c-bbba-66398b5fee3f@group-8C72AF07F9E8-FollowerState was interrupted: {}
java.lang.InterruptedException: sleep interrupted
	at java.lang.Thread.sleep(Native Method)
	at org.apache.ratis.util.JavaUtils.sleep(JavaUtils.java:250)
	at org.apache.ratis.server.impl.FollowerState.run(FollowerState.java:116)
2020-12-11 11:59:23,978 [6ceb72e1-9dfc-406c-bbba-66398b5fee3f@group-8C72AF07F9E8-StateMachineUpdater] INFO  ratis.ContainerStateMachine (ContainerStateMachine.java:takeSnapshot(304)) - group-8C72AF07F9E8: Finished taking a snapshot at:(t:1, i:0) file:/github/workspace/mnt/ozone/hadoop-ozone/integration-test/target/test-dir/MiniOzoneClusterImpl-9e77629d-1495-4101-8eb0-46d1fa4d7a32/datanode-5/data/ratis/bbf59e26-eb73-4b4f-ac5f-8c72af07f9e8/sm/snapshot.1_0 time:1
2020-12-11 11:59:23,978 [6ceb72e1-9dfc-406c-bbba-66398b5fee3f@group-8C72AF07F9E8-StateMachineUpdater] INFO  impl.StateMachineUpdater (StateMachineUpdater.java:takeSnapshot(278)) - 6ceb72e1-9dfc-406c-bbba-66398b5fee3f@group-8C72AF07F9E8-StateMachineUpdater: Took a snapshot at index 0
2020-12-11 11:59:23,978 [6ceb72e1-9dfc-406c-bbba-66398b5fee3f@group-8C72AF07F9E8-StateMachineUpdater] INFO  impl.StateMachineUpdater (StateMachineUpdater.java:lambda$new$0(87)) - 6ceb72e1-9dfc-406c-bbba-66398b5fee3f@group-8C72AF07F9E8-StateMachineUpdater: snapshotIndex: updateIncreasingly -1 -> 0
2020-12-11 11:59:23,978 [6ceb72e1-9dfc-406c-bbba-66398b5fee3f@group-8C72AF07F9E8-StateMachineUpdater] INFO  metrics.RatisMetrics (RatisMetrics.java:unregister(43)) - Unregistering Metrics Registry : ratis.state_machine.6ceb72e1-9dfc-406c-bbba-66398b5fee3f@group-8C72AF07F9E8
2020-12-11 11:59:23,979 [ForkJoinPool.commonPool-worker-1] INFO  ozoneimpl.OzoneContainer (OzoneContainer.java:stop(257)) - Attempting to stop container services.
2020-12-11 11:59:23,979 [Listener at 127.0.0.1/32773] INFO  impl.RaftServerImpl (ServerState.java:close(406)) - 6ceb72e1-9dfc-406c-bbba-66398b5fee3f@group-8C72AF07F9E8: closes. applyIndex: 0
2020-12-11 11:59:23,979 [ForkJoinPool.commonPool-worker-1] INFO  impl.RaftServerProxy (RaftServerProxy.java:lambda$close$4(338)) - 14fff06d-4b2c-4584-8355-292f5629e732: close
2020-12-11 11:59:23,979 [6ceb72e1-9dfc-406c-bbba-66398b5fee3f@group-8C72AF07F9E8-SegmentedRaftLogWorker] INFO  segmented.SegmentedRaftLogWorker (SegmentedRaftLogWorker.java:run(329)) - 6ceb72e1-9dfc-406c-bbba-66398b5fee3f@group-8C72AF07F9E8-SegmentedRaftLogWorker was interrupted, exiting. There are 0 tasks remaining in the queue.
2020-12-11 11:59:23,979 [ForkJoinPool.commonPool-worker-1] INFO  impl.RaftServerImpl (RaftServerImpl.java:lambda$shutdown$3(328)) - 14fff06d-4b2c-4584-8355-292f5629e732@group-2C43DEC16CF8: shutdown
2020-12-11 11:59:23,981 [Listener at 127.0.0.1/32773] INFO  segmented.SegmentedRaftLogWorker (SegmentedRaftLogWorker.java:close(235)) - 6ceb72e1-9dfc-406c-bbba-66398b5fee3f@group-8C72AF07F9E8-SegmentedRaftLogWorker close()
2020-12-11 11:59:23,981 [ForkJoinPool.commonPool-worker-1] INFO  util.JmxRegister (JmxRegister.java:unregister(73)) - Successfully un-registered JMX Bean with object name Ratis:service=RaftServer,group=group-2C43DEC16CF8,id=14fff06d-4b2c-4584-8355-292f5629e732
2020-12-11 11:59:23,982 [ForkJoinPool.commonPool-worker-1] INFO  impl.RoleInfo (RoleInfo.java:shutdownLeaderState(104)) - 14fff06d-4b2c-4584-8355-292f5629e732: shutdown 14fff06d-4b2c-4584-8355-292f5629e732@group-2C43DEC16CF8-LeaderState
2020-12-11 11:59:23,982 [ForkJoinPool.commonPool-worker-1] INFO  impl.PendingRequests (PendingRequests.java:sendNotLeaderResponses(250)) - 14fff06d-4b2c-4584-8355-292f5629e732@group-2C43DEC16CF8-PendingRequests: sendNotLeaderResponses
2020-12-11 11:59:23,982 [ForkJoinPool.commonPool-worker-1] INFO  metrics.RatisMetrics (RatisMetrics.java:unregister(43)) - Unregistering Metrics Registry : ratis.log_appender.14fff06d-4b2c-4584-8355-292f5629e732@group-2C43DEC16CF8
2020-12-11 11:59:23,983 [ForkJoinPool.commonPool-worker-1] INFO  metrics.RatisMetrics (RatisMetrics.java:unregister(43)) - Unregistering Metrics Registry : ratis.server.14fff06d-4b2c-4584-8355-292f5629e732@group-2C43DEC16CF8
2020-12-11 11:59:23,983 [ForkJoinPool.commonPool-worker-1] INFO  impl.StateMachineUpdater (StateMachineUpdater.java:stopAndJoin(147)) - 14fff06d-4b2c-4584-8355-292f5629e732@group-2C43DEC16CF8-StateMachineUpdater: set stopIndex = 0
2020-12-11 11:59:23,982 [Listener at 127.0.0.1/32773] INFO  metrics.RatisMetrics (RatisMetrics.java:unregister(43)) - Unregistering Metrics Registry : ratis.log_worker.6ceb72e1-9dfc-406c-bbba-66398b5fee3f@group-8C72AF07F9E8
2020-12-11 11:59:23,984 [14fff06d-4b2c-4584-8355-292f5629e732@group-2C43DEC16CF8-StateMachineUpdater] INFO  ratis.ContainerStateMachine (ContainerStateMachine.java:takeSnapshot(293)) - group-2C43DEC16CF8: Taking a snapshot at:(t:1, i:0) file /github/workspace/mnt/ozone/hadoop-ozone/integration-test/target/test-dir/MiniOzoneClusterImpl-9e77629d-1495-4101-8eb0-46d1fa4d7a32/datanode-3/data/ratis/b6226e72-dc23-4cf3-90c1-2c43dec16cf8/sm/snapshot.1_0
2020-12-11 11:59:23,984 [Listener at 127.0.0.1/32773] INFO  metrics.RatisMetrics (RatisMetrics.java:unregister(43)) - Unregistering Metrics Registry : ratis.leader_election.6ceb72e1-9dfc-406c-bbba-66398b5fee3f@group-8C72AF07F9E8
2020-12-11 11:59:23,984 [Listener at 127.0.0.1/32773] INFO  metrics.RatisMetrics (RatisMetrics.java:unregister(43)) - Unregistering Metrics Registry : ratis.server.6ceb72e1-9dfc-406c-bbba-66398b5fee3f@group-8C72AF07F9E8
2020-12-11 11:59:23,984 [Listener at 127.0.0.1/32773] INFO  impl.RaftServerImpl (RaftServerImpl.java:lambda$shutdown$3(328)) - 6ceb72e1-9dfc-406c-bbba-66398b5fee3f@group-6817AA4C9C44: shutdown
2020-12-11 11:59:23,984 [Listener at 127.0.0.1/32773] INFO  util.JmxRegister (JmxRegister.java:unregister(73)) - Successfully un-registered JMX Bean with object name Ratis:service=RaftServer,group=group-6817AA4C9C44,id=6ceb72e1-9dfc-406c-bbba-66398b5fee3f
2020-12-11 11:59:23,984 [Listener at 127.0.0.1/32773] INFO  impl.RoleInfo (RoleInfo.java:shutdownLeaderState(104)) - 6ceb72e1-9dfc-406c-bbba-66398b5fee3f: shutdown 6ceb72e1-9dfc-406c-bbba-66398b5fee3f@group-6817AA4C9C44-LeaderState
2020-12-11 11:59:23,985 [Listener at 127.0.0.1/32773] INFO  impl.PendingRequests (PendingRequests.java:sendNotLeaderResponses(250)) - 6ceb72e1-9dfc-406c-bbba-66398b5fee3f@group-6817AA4C9C44-PendingRequests: sendNotLeaderResponses
2020-12-11 11:59:23,985 [Listener at 127.0.0.1/32773] INFO  metrics.RatisMetrics (RatisMetrics.java:unregister(43)) - Unregistering Metrics Registry : ratis.log_appender.6ceb72e1-9dfc-406c-bbba-66398b5fee3f@group-6817AA4C9C44
2020-12-11 11:59:23,985 [14fff06d-4b2c-4584-8355-292f5629e732@group-2C43DEC16CF8-StateMachineUpdater] INFO  ratis.ContainerStateMachine (ContainerStateMachine.java:takeSnapshot(304)) - group-2C43DEC16CF8: Finished taking a snapshot at:(t:1, i:0) file:/github/workspace/mnt/ozone/hadoop-ozone/integration-test/target/test-dir/MiniOzoneClusterImpl-9e77629d-1495-4101-8eb0-46d1fa4d7a32/datanode-3/data/ratis/b6226e72-dc23-4cf3-90c1-2c43dec16cf8/sm/snapshot.1_0 time:2
2020-12-11 11:59:23,985 [Listener at 127.0.0.1/32773] INFO  metrics.RatisMetrics (RatisMetrics.java:unregister(43)) - Unregistering Metrics Registry : ratis.server.6ceb72e1-9dfc-406c-bbba-66398b5fee3f@group-6817AA4C9C44
2020-12-11 11:59:23,985 [14fff06d-4b2c-4584-8355-292f5629e732@group-2C43DEC16CF8-StateMachineUpdater] INFO  impl.StateMachineUpdater (StateMachineUpdater.java:takeSnapshot(278)) - 14fff06d-4b2c-4584-8355-292f5629e732@group-2C43DEC16CF8-StateMachineUpdater: Took a snapshot at index 0
2020-12-11 11:59:23,986 [14fff06d-4b2c-4584-8355-292f5629e732@group-2C43DEC16CF8-StateMachineUpdater] INFO  impl.StateMachineUpdater (StateMachineUpdater.java:lambda$new$0(87)) - 14fff06d-4b2c-4584-8355-292f5629e732@group-2C43DEC16CF8-StateMachineUpdater: snapshotIndex: updateIncreasingly -1 -> 0
2020-12-11 11:59:23,986 [14fff06d-4b2c-4584-8355-292f5629e732@group-2C43DEC16CF8-StateMachineUpdater] INFO  metrics.RatisMetrics (RatisMetrics.java:unregister(43)) - Unregistering Metrics Registry : ratis.state_machine.14fff06d-4b2c-4584-8355-292f5629e732@group-2C43DEC16CF8
2020-12-11 11:59:23,986 [ForkJoinPool.commonPool-worker-1] INFO  impl.RaftServerImpl (ServerState.java:close(406)) - 14fff06d-4b2c-4584-8355-292f5629e732@group-2C43DEC16CF8: closes. applyIndex: 0
2020-12-11 11:59:23,986 [14fff06d-4b2c-4584-8355-292f5629e732@group-2C43DEC16CF8-SegmentedRaftLogWorker] INFO  segmented.SegmentedRaftLogWorker (SegmentedRaftLogWorker.java:run(329)) - 14fff06d-4b2c-4584-8355-292f5629e732@group-2C43DEC16CF8-SegmentedRaftLogWorker was interrupted, exiting. There are 0 tasks remaining in the queue.
2020-12-11 11:59:23,987 [ForkJoinPool.commonPool-worker-1] INFO  segmented.SegmentedRaftLogWorker (SegmentedRaftLogWorker.java:close(235)) - 14fff06d-4b2c-4584-8355-292f5629e732@group-2C43DEC16CF8-SegmentedRaftLogWorker close()
2020-12-11 11:59:23,988 [ForkJoinPool.commonPool-worker-1] INFO  metrics.RatisMetrics (RatisMetrics.java:unregister(43)) - Unregistering Metrics Registry : ratis.log_worker.14fff06d-4b2c-4584-8355-292f5629e732@group-2C43DEC16CF8
2020-12-11 11:59:23,989 [ForkJoinPool.commonPool-worker-1] INFO  metrics.RatisMetrics (RatisMetrics.java:unregister(43)) - Unregistering Metrics Registry : ratis.leader_election.14fff06d-4b2c-4584-8355-292f5629e732@group-2C43DEC16CF8
2020-12-11 11:59:23,989 [ForkJoinPool.commonPool-worker-1] INFO  metrics.RatisMetrics (RatisMetrics.java:unregister(43)) - Unregistering Metrics Registry : ratis.server.14fff06d-4b2c-4584-8355-292f5629e732@group-2C43DEC16CF8
2020-12-11 11:59:23,989 [ForkJoinPool.commonPool-worker-1] INFO  impl.RaftServerImpl (RaftServerImpl.java:lambda$shutdown$3(328)) - 14fff06d-4b2c-4584-8355-292f5629e732@group-8C72AF07F9E8: shutdown
2020-12-11 11:59:23,989 [ForkJoinPool.commonPool-worker-1] INFO  util.JmxRegister (JmxRegister.java:unregister(73)) - Successfully un-registered JMX Bean with object name Ratis:service=RaftServer,group=group-8C72AF07F9E8,id=14fff06d-4b2c-4584-8355-292f5629e732
2020-12-11 11:59:23,989 [ForkJoinPool.commonPool-worker-1] INFO  impl.RoleInfo (RoleInfo.java:shutdownLeaderState(104)) - 14fff06d-4b2c-4584-8355-292f5629e732: shutdown 14fff06d-4b2c-4584-8355-292f5629e732@group-8C72AF07F9E8-LeaderState
2020-12-11 11:59:23,989 [ForkJoinPool.commonPool-worker-1] INFO  metrics.RatisMetrics (RatisMetrics.java:unregister(43)) - Unregistering Metrics Registry : ratis_grpc.log_appender.14fff06d-4b2c-4584-8355-292f5629e732@group-8C72AF07F9E8
2020-12-11 11:59:23,990 [ForkJoinPool.commonPool-worker-1] INFO  metrics.RatisMetrics (RatisMetrics.java:unregister(43)) - Unregistering Metrics Registry : ratis_grpc.log_appender.14fff06d-4b2c-4584-8355-292f5629e732@group-8C72AF07F9E8
2020-12-11 11:59:23,990 [org.apache.ratis.server.impl.LogAppender$AppenderDaemon$$Lambda$504/1468687552@3d073689] WARN  server.GrpcLogAppender (GrpcLogAppender.java:mayWait(168)) - 14fff06d-4b2c-4584-8355-292f5629e732@group-8C72AF07F9E8->6ceb72e1-9dfc-406c-bbba-66398b5fee3f-GrpcLogAppender: Wait interrupted by java.lang.InterruptedException
2020-12-11 11:59:23,990 [org.apache.ratis.server.impl.LogAppender$AppenderDaemon$$Lambda$504/1468687552@55ddb6bb] WARN  server.GrpcLogAppender (GrpcLogAppender.java:mayWait(168)) - 14fff06d-4b2c-4584-8355-292f5629e732@group-8C72AF07F9E8->ce7b29ad-df73-4c8e-895b-c9a715706485-GrpcLogAppender: Wait interrupted by java.lang.InterruptedException
2020-12-11 11:59:23,990 [grpc-default-executor-5] INFO  server.GrpcServerProtocolService (GrpcServerProtocolService.java:onCompleted(138)) - 6ceb72e1-9dfc-406c-bbba-66398b5fee3f: Completed APPEND_ENTRIES, lastRequest: 14fff06d-4b2c-4584-8355-292f5629e732->6ceb72e1-9dfc-406c-bbba-66398b5fee3f#1-t1, previous=(t:0, i:0), leaderCommit=0, initializing? false, entries: size=1, first=(t:1, i:0), CONFIGURATIONENTRY
2020-12-11 11:59:23,991 [ForkJoinPool.commonPool-worker-1] INFO  impl.PendingRequests (PendingRequests.java:sendNotLeaderResponses(250)) - 14fff06d-4b2c-4584-8355-292f5629e732@group-8C72AF07F9E8-PendingRequests: sendNotLeaderResponses
2020-12-11 11:59:23,991 [ForkJoinPool.commonPool-worker-1] INFO  metrics.RatisMetrics (RatisMetrics.java:unregister(43)) - Unregistering Metrics Registry : ratis.log_appender.14fff06d-4b2c-4584-8355-292f5629e732@group-8C72AF07F9E8
2020-12-11 11:59:23,992 [ForkJoinPool.commonPool-worker-1] INFO  metrics.RatisMetrics (RatisMetrics.java:unregister(43)) - Unregistering Metrics Registry : ratis.server.14fff06d-4b2c-4584-8355-292f5629e732@group-8C72AF07F9E8
2020-12-11 11:59:23,992 [ForkJoinPool.commonPool-worker-1] INFO  impl.StateMachineUpdater (StateMachineUpdater.java:stopAndJoin(147)) - 14fff06d-4b2c-4584-8355-292f5629e732@group-8C72AF07F9E8-StateMachineUpdater: set stopIndex = 0
2020-12-11 11:59:23,993 [14fff06d-4b2c-4584-8355-292f5629e732@group-8C72AF07F9E8-StateMachineUpdater] INFO  ratis.ContainerStateMachine (ContainerStateMachine.java:takeSnapshot(293)) - group-8C72AF07F9E8: Taking a snapshot at:(t:1, i:0) file /github/workspace/mnt/ozone/hadoop-ozone/integration-test/target/test-dir/MiniOzoneClusterImpl-9e77629d-1495-4101-8eb0-46d1fa4d7a32/datanode-3/data/ratis/bbf59e26-eb73-4b4f-ac5f-8c72af07f9e8/sm/snapshot.1_0
2020-12-11 11:59:23,994 [6ceb72e1-9dfc-406c-bbba-66398b5fee3f@group-6817AA4C9C44-StateMachineUpdater] INFO  ratis.ContainerStateMachine (ContainerStateMachine.java:takeSnapshot(293)) - group-6817AA4C9C44: Taking a snapshot at:(t:1, i:0) file /github/workspace/mnt/ozone/hadoop-ozone/integration-test/target/test-dir/MiniOzoneClusterImpl-9e77629d-1495-4101-8eb0-46d1fa4d7a32/datanode-5/data/ratis/b0b1e91b-c763-4b61-9169-6817aa4c9c44/sm/snapshot.1_0
2020-12-11 11:59:23,994 [grpc-default-executor-5] INFO  server.GrpcLogAppender (GrpcLogAppender.java:onCompleted(337)) - 14fff06d-4b2c-4584-8355-292f5629e732@group-8C72AF07F9E8->6ceb72e1-9dfc-406c-bbba-66398b5fee3f-AppendLogResponseHandler: follower responses appendEntries COMPLETED
2020-12-11 11:59:23,994 [14fff06d-4b2c-4584-8355-292f5629e732@group-8C72AF07F9E8-StateMachineUpdater] INFO  ratis.ContainerStateMachine (ContainerStateMachine.java:takeSnapshot(304)) - group-8C72AF07F9E8: Finished taking a snapshot at:(t:1, i:0) file:/github/workspace/mnt/ozone/hadoop-ozone/integration-test/target/test-dir/MiniOzoneClusterImpl-9e77629d-1495-4101-8eb0-46d1fa4d7a32/datanode-3/data/ratis/bbf59e26-eb73-4b4f-ac5f-8c72af07f9e8/sm/snapshot.1_0 time:1
2020-12-11 11:59:23,994 [grpc-default-executor-5] INFO  impl.FollowerInfo (FollowerInfo.java:lambda$new$0(51)) - 14fff06d-4b2c-4584-8355-292f5629e732@group-8C72AF07F9E8->6ceb72e1-9dfc-406c-bbba-66398b5fee3f: nextIndex: updateUnconditionally 1 -> 0
2020-12-11 11:59:23,994 [14fff06d-4b2c-4584-8355-292f5629e732@group-8C72AF07F9E8-StateMachineUpdater] INFO  impl.StateMachineUpdater (StateMachineUpdater.java:takeSnapshot(278)) - 14fff06d-4b2c-4584-8355-292f5629e732@group-8C72AF07F9E8-StateMachineUpdater: Took a snapshot at index 0
2020-12-11 11:59:23,995 [14fff06d-4b2c-4584-8355-292f5629e732@group-8C72AF07F9E8-StateMachineUpdater] INFO  impl.StateMachineUpdater (StateMachineUpdater.java:lambda$new$0(87)) - 14fff06d-4b2c-4584-8355-292f5629e732@group-8C72AF07F9E8-StateMachineUpdater: snapshotIndex: updateIncreasingly -1 -> 0
2020-12-11 11:59:23,995 [6ceb72e1-9dfc-406c-bbba-66398b5fee3f@group-6817AA4C9C44-StateMachineUpdater] INFO  ratis.ContainerStateMachine (ContainerStateMachine.java:takeSnapshot(304)) - group-6817AA4C9C44: Finished taking a snapshot at:(t:1, i:0) file:/github/workspace/mnt/ozone/hadoop-ozone/integration-test/target/test-dir/MiniOzoneClusterImpl-9e77629d-1495-4101-8eb0-46d1fa4d7a32/datanode-5/data/ratis/b0b1e91b-c763-4b61-9169-6817aa4c9c44/sm/snapshot.1_0 time:1
2020-12-11 11:59:23,995 [14fff06d-4b2c-4584-8355-292f5629e732@group-8C72AF07F9E8-StateMachineUpdater] INFO  metrics.RatisMetrics (RatisMetrics.java:unregister(43)) - Unregistering Metrics Registry : ratis.state_machine.14fff06d-4b2c-4584-8355-292f5629e732@group-8C72AF07F9E8
2020-12-11 11:59:23,995 [6ceb72e1-9dfc-406c-bbba-66398b5fee3f@group-6817AA4C9C44-StateMachineUpdater] INFO  impl.StateMachineUpdater (StateMachineUpdater.java:takeSnapshot(278)) - 6ceb72e1-9dfc-406c-bbba-66398b5fee3f@group-6817AA4C9C44-StateMachineUpdater: Took a snapshot at index 0
2020-12-11 11:59:23,995 [6ceb72e1-9dfc-406c-bbba-66398b5fee3f@group-6817AA4C9C44-StateMachineUpdater] INFO  impl.StateMachineUpdater (StateMachineUpdater.java:lambda$new$0(87)) - 6ceb72e1-9dfc-406c-bbba-66398b5fee3f@group-6817AA4C9C44-StateMachineUpdater: snapshotIndex: updateIncreasingly -1 -> 0
2020-12-11 11:59:23,995 [6ceb72e1-9dfc-406c-bbba-66398b5fee3f@group-6817AA4C9C44-StateMachineUpdater] INFO  metrics.RatisMetrics (RatisMetrics.java:unregister(43)) - Unregistering Metrics Registry : ratis.state_machine.6ceb72e1-9dfc-406c-bbba-66398b5fee3f@group-6817AA4C9C44
2020-12-11 11:59:23,995 [ForkJoinPool.commonPool-worker-1] INFO  impl.RaftServerImpl (ServerState.java:close(406)) - 14fff06d-4b2c-4584-8355-292f5629e732@group-8C72AF07F9E8: closes. applyIndex: 0
2020-12-11 11:59:23,996 [14fff06d-4b2c-4584-8355-292f5629e732@group-8C72AF07F9E8-SegmentedRaftLogWorker] INFO  segmented.SegmentedRaftLogWorker (SegmentedRaftLogWorker.java:run(329)) - 14fff06d-4b2c-4584-8355-292f5629e732@group-8C72AF07F9E8-SegmentedRaftLogWorker was interrupted, exiting. There are 0 tasks remaining in the queue.
2020-12-11 11:59:23,996 [Listener at 127.0.0.1/32773] INFO  impl.StateMachineUpdater (StateMachineUpdater.java:stopAndJoin(147)) - 6ceb72e1-9dfc-406c-bbba-66398b5fee3f@group-6817AA4C9C44-StateMachineUpdater: set stopIndex = 0
2020-12-11 11:59:23,996 [Listener at 127.0.0.1/32773] INFO  impl.RaftServerImpl (ServerState.java:close(406)) - 6ceb72e1-9dfc-406c-bbba-66398b5fee3f@group-6817AA4C9C44: closes. applyIndex: 0
2020-12-11 11:59:23,996 [ForkJoinPool.commonPool-worker-1] INFO  segmented.SegmentedRaftLogWorker (SegmentedRaftLogWorker.java:close(235)) - 14fff06d-4b2c-4584-8355-292f5629e732@group-8C72AF07F9E8-SegmentedRaftLogWorker close()
2020-12-11 11:59:23,997 [6ceb72e1-9dfc-406c-bbba-66398b5fee3f@group-6817AA4C9C44-SegmentedRaftLogWorker] INFO  segmented.SegmentedRaftLogWorker (SegmentedRaftLogWorker.java:run(329)) - 6ceb72e1-9dfc-406c-bbba-66398b5fee3f@group-6817AA4C9C44-SegmentedRaftLogWorker was interrupted, exiting. There are 0 tasks remaining in the queue.
2020-12-11 11:59:23,998 [ForkJoinPool.commonPool-worker-1] INFO  metrics.RatisMetrics (RatisMetrics.java:unregister(43)) - Unregistering Metrics Registry : ratis.log_worker.14fff06d-4b2c-4584-8355-292f5629e732@group-8C72AF07F9E8
2020-12-11 11:59:23,998 [ForkJoinPool.commonPool-worker-1] INFO  metrics.RatisMetrics (RatisMetrics.java:unregister(43)) - Unregistering Metrics Registry : ratis.leader_election.14fff06d-4b2c-4584-8355-292f5629e732@group-8C72AF07F9E8
2020-12-11 11:59:23,999 [ForkJoinPool.commonPool-worker-1] INFO  metrics.RatisMetrics (RatisMetrics.java:unregister(43)) - Unregistering Metrics Registry : ratis.server.14fff06d-4b2c-4584-8355-292f5629e732@group-8C72AF07F9E8
2020-12-11 11:59:23,999 [ForkJoinPool.commonPool-worker-1] INFO  server.GrpcService (GrpcService.java:closeImpl(184)) - 14fff06d-4b2c-4584-8355-292f5629e732: shutdown server with port 45411 now
2020-12-11 11:59:24,003 [Listener at 127.0.0.1/32773] INFO  segmented.SegmentedRaftLogWorker (SegmentedRaftLogWorker.java:close(235)) - 6ceb72e1-9dfc-406c-bbba-66398b5fee3f@group-6817AA4C9C44-SegmentedRaftLogWorker close()
2020-12-11 11:59:24,005 [Listener at 127.0.0.1/32773] INFO  metrics.RatisMetrics (RatisMetrics.java:unregister(43)) - Unregistering Metrics Registry : ratis.log_worker.6ceb72e1-9dfc-406c-bbba-66398b5fee3f@group-6817AA4C9C44
2020-12-11 11:59:24,005 [Listener at 127.0.0.1/32773] INFO  metrics.RatisMetrics (RatisMetrics.java:unregister(43)) - Unregistering Metrics Registry : ratis.leader_election.6ceb72e1-9dfc-406c-bbba-66398b5fee3f@group-6817AA4C9C44
2020-12-11 11:59:24,005 [Listener at 127.0.0.1/32773] INFO  metrics.RatisMetrics (RatisMetrics.java:unregister(43)) - Unregistering Metrics Registry : ratis.server.6ceb72e1-9dfc-406c-bbba-66398b5fee3f@group-6817AA4C9C44
2020-12-11 11:59:24,005 [ForkJoinPool.commonPool-worker-1] INFO  server.GrpcService (GrpcService.java:closeImpl(193)) - 14fff06d-4b2c-4584-8355-292f5629e732: shutdown server with port 45411 successfully
2020-12-11 11:59:24,006 [Listener at 127.0.0.1/32773] INFO  server.GrpcService (GrpcService.java:closeImpl(184)) - 6ceb72e1-9dfc-406c-bbba-66398b5fee3f: shutdown server with port 42665 now
2020-12-11 11:59:24,007 [Listener at 127.0.0.1/32773] INFO  server.GrpcService (GrpcService.java:closeImpl(193)) - 6ceb72e1-9dfc-406c-bbba-66398b5fee3f: shutdown server with port 42665 successfully
2020-12-11 11:59:24,009 [ForkJoinPool.commonPool-worker-1] INFO  utils.BackgroundService (BackgroundService.java:shutdown(132)) - Shutting down service BlockDeletingService
2020-12-11 11:59:24,011 [Listener at 127.0.0.1/32773] INFO  utils.BackgroundService (BackgroundService.java:shutdown(132)) - Shutting down service BlockDeletingService
2020-12-11 11:59:24,011 [ForkJoinPool.commonPool-worker-1] INFO  statemachine.DatanodeStateMachine (DatanodeStateMachine.java:stopDaemon(461)) - Ozone container server stopped.
2020-12-11 11:59:24,014 [Listener at 127.0.0.1/32773] INFO  statemachine.DatanodeStateMachine (DatanodeStateMachine.java:stopDaemon(461)) - Ozone container server stopped.
2020-12-11 11:59:24,026 [Listener at 127.0.0.1/32773] INFO  handler.ContextHandler (ContextHandler.java:doStop(1154)) - Stopped o.e.j.w.WebAppContext@5cfed4ee{hddsDatanode,/,null,STOPPED}{jar:file:/home/user/.m2/repository/org/apache/hadoop/hadoop-hdds-container-service/1.1.0-SNAPSHOT/hadoop-hdds-container-service-1.1.0-SNAPSHOT.jar!/webapps/hddsDatanode}
2020-12-11 11:59:24,026 [Listener at 127.0.0.1/32773] INFO  server.AbstractConnector (AbstractConnector.java:doStop(381)) - Stopped ServerConnector@3a40e068{HTTP/1.1, (http/1.1)}{0.0.0.0:0}
2020-12-11 11:59:24,027 [Listener at 127.0.0.1/32773] INFO  server.session (HouseKeeper.java:stopScavenging(149)) - node0 Stopped scavenging
2020-12-11 11:59:24,027 [Listener at 127.0.0.1/32773] INFO  handler.ContextHandler (ContextHandler.java:doStop(1154)) - Stopped o.e.j.s.ServletContextHandler@400b4dd5{static,/static,jar:file:/home/user/.m2/repository/org/apache/hadoop/hadoop-hdds-container-service/1.1.0-SNAPSHOT/hadoop-hdds-container-service-1.1.0-SNAPSHOT.jar!/webapps/static,STOPPED}
2020-12-11 11:59:24,027 [Listener at 127.0.0.1/32773] INFO  handler.ContextHandler (ContextHandler.java:doStop(1154)) - Stopped o.e.j.s.ServletContextHandler@37b98741{logs,/logs,file:///github/workspace/mnt/ozone/hadoop-ozone/integration-test/target/log,STOPPED}
2020-12-11 11:59:24,035 [ForkJoinPool.commonPool-worker-1] INFO  handler.ContextHandler (ContextHandler.java:doStop(1154)) - Stopped o.e.j.w.WebAppContext@30b69dd{hddsDatanode,/,null,STOPPED}{jar:file:/home/user/.m2/repository/org/apache/hadoop/hadoop-hdds-container-service/1.1.0-SNAPSHOT/hadoop-hdds-container-service-1.1.0-SNAPSHOT.jar!/webapps/hddsDatanode}
2020-12-11 11:59:24,036 [ForkJoinPool.commonPool-worker-1] INFO  server.AbstractConnector (AbstractConnector.java:doStop(381)) - Stopped ServerConnector@772ce28e{HTTP/1.1, (http/1.1)}{0.0.0.0:0}
2020-12-11 11:59:24,036 [ForkJoinPool.commonPool-worker-1] INFO  server.session (HouseKeeper.java:stopScavenging(149)) - node0 Stopped scavenging
2020-12-11 11:59:24,037 [ForkJoinPool.commonPool-worker-1] INFO  handler.ContextHandler (ContextHandler.java:doStop(1154)) - Stopped o.e.j.s.ServletContextHandler@66d17af8{static,/static,jar:file:/home/user/.m2/repository/org/apache/hadoop/hadoop-hdds-container-service/1.1.0-SNAPSHOT/hadoop-hdds-container-service-1.1.0-SNAPSHOT.jar!/webapps/static,STOPPED}
2020-12-11 11:59:24,038 [ForkJoinPool.commonPool-worker-1] INFO  handler.ContextHandler (ContextHandler.java:doStop(1154)) - Stopped o.e.j.s.ServletContextHandler@6f677c34{logs,/logs,file:///github/workspace/mnt/ozone/hadoop-ozone/integration-test/target/log,STOPPED}
2020-12-11 11:59:24,072 [grpc-default-executor-5] WARN  server.GrpcLogAppender (LogUtils.java:warn(122)) - 675d35ba-bb57-4ae2-b121-2cd47ec358f4@group-B9DCA29E1988->a301dd64-f793-4e68-ac47-305a8ea93822-AppendLogResponseHandler: Failed appendEntries: org.apache.ratis.thirdparty.io.grpc.StatusRuntimeException: UNAVAILABLE: io exception
2020-12-11 11:59:24,072 [grpc-default-executor-5] WARN  server.GrpcLogAppender (GrpcLogAppender.java:resetClient(107)) - 675d35ba-bb57-4ae2-b121-2cd47ec358f4@group-B9DCA29E1988->a301dd64-f793-4e68-ac47-305a8ea93822-GrpcLogAppender: Leader has not got in touch with Follower 675d35ba-bb57-4ae2-b121-2cd47ec358f4@group-B9DCA29E1988->a301dd64-f793-4e68-ac47-305a8ea93822(c-1,m0,n1, attendVote=true, lastRpcSendTime=0, lastRpcResponseTime=10240) yet, just keep nextIndex unchanged and retry.
2020-12-11 11:59:24,424 [Datanode State Machine Thread - 0] INFO  statemachine.DatanodeStateMachine (DatanodeStateMachine.java:lambda$startDaemon$0(408)) - Ozone container server started.
2020-12-11 11:59:25,028 [Datanode State Machine Thread - 0] INFO  statemachine.DatanodeStateMachine (DatanodeStateMachine.java:lambda$startDaemon$0(408)) - Ozone container server started.
2020-12-11 11:59:26,572 [grpc-default-executor-0] WARN  server.GrpcLogAppender (LogUtils.java:warn(122)) - 675d35ba-bb57-4ae2-b121-2cd47ec358f4@group-B9DCA29E1988->a301dd64-f793-4e68-ac47-305a8ea93822-AppendLogResponseHandler: Failed appendEntries: org.apache.ratis.thirdparty.io.grpc.StatusRuntimeException: UNAVAILABLE: io exception
2020-12-11 11:59:26,573 [grpc-default-executor-0] WARN  server.GrpcLogAppender (GrpcLogAppender.java:resetClient(107)) - 675d35ba-bb57-4ae2-b121-2cd47ec358f4@group-B9DCA29E1988->a301dd64-f793-4e68-ac47-305a8ea93822-GrpcLogAppender: Leader has not got in touch with Follower 675d35ba-bb57-4ae2-b121-2cd47ec358f4@group-B9DCA29E1988->a301dd64-f793-4e68-ac47-305a8ea93822(c-1,m0,n1, attendVote=true, lastRpcSendTime=0, lastRpcResponseTime=12741) yet, just keep nextIndex unchanged and retry.
2020-12-11 11:59:29,029 [Listener at 127.0.0.1/32773] INFO  ozoneimpl.OzoneContainer (OzoneContainer.java:stop(257)) - Attempting to stop container services.
2020-12-11 11:59:29,029 [Listener at 127.0.0.1/32773] INFO  impl.RaftServerProxy (RaftServerProxy.java:lambda$close$4(338)) - 3242355b-cd6b-427d-b7e9-4ae74739cb3e: close
2020-12-11 11:59:29,030 [Listener at 127.0.0.1/32773] INFO  impl.RaftServerImpl (RaftServerImpl.java:lambda$shutdown$3(328)) - 3242355b-cd6b-427d-b7e9-4ae74739cb3e@group-334B7FB6A8C8: shutdown
2020-12-11 11:59:29,030 [Listener at 127.0.0.1/32773] INFO  util.JmxRegister (JmxRegister.java:unregister(73)) - Successfully un-registered JMX Bean with object name Ratis:service=RaftServer,group=group-334B7FB6A8C8,id=3242355b-cd6b-427d-b7e9-4ae74739cb3e
2020-12-11 11:59:29,030 [Listener at 127.0.0.1/32773] INFO  impl.RoleInfo (RoleInfo.java:shutdownLeaderState(104)) - 3242355b-cd6b-427d-b7e9-4ae74739cb3e: shutdown 3242355b-cd6b-427d-b7e9-4ae74739cb3e@group-334B7FB6A8C8-LeaderState
2020-12-11 11:59:29,030 [Listener at 127.0.0.1/32773] INFO  impl.PendingRequests (PendingRequests.java:sendNotLeaderResponses(250)) - 3242355b-cd6b-427d-b7e9-4ae74739cb3e@group-334B7FB6A8C8-PendingRequests: sendNotLeaderResponses
2020-12-11 11:59:29,030 [Listener at 127.0.0.1/32773] INFO  metrics.RatisMetrics (RatisMetrics.java:unregister(43)) - Unregistering Metrics Registry : ratis.log_appender.3242355b-cd6b-427d-b7e9-4ae74739cb3e@group-334B7FB6A8C8
2020-12-11 11:59:29,031 [Listener at 127.0.0.1/32773] INFO  metrics.RatisMetrics (RatisMetrics.java:unregister(43)) - Unregistering Metrics Registry : ratis.server.3242355b-cd6b-427d-b7e9-4ae74739cb3e@group-334B7FB6A8C8
2020-12-11 11:59:29,032 [Listener at 127.0.0.1/32773] INFO  impl.StateMachineUpdater (StateMachineUpdater.java:stopAndJoin(147)) - 3242355b-cd6b-427d-b7e9-4ae74739cb3e@group-334B7FB6A8C8-StateMachineUpdater: set stopIndex = 0
2020-12-11 11:59:29,032 [3242355b-cd6b-427d-b7e9-4ae74739cb3e@group-334B7FB6A8C8-StateMachineUpdater] INFO  ratis.ContainerStateMachine (ContainerStateMachine.java:takeSnapshot(293)) - group-334B7FB6A8C8: Taking a snapshot at:(t:1, i:0) file /github/workspace/mnt/ozone/hadoop-ozone/integration-test/target/test-dir/MiniOzoneClusterImpl-9e77629d-1495-4101-8eb0-46d1fa4d7a32/datanode-7/data/ratis/2abef12b-fd27-442d-9f49-334b7fb6a8c8/sm/snapshot.1_0
2020-12-11 11:59:29,033 [3242355b-cd6b-427d-b7e9-4ae74739cb3e@group-334B7FB6A8C8-StateMachineUpdater] INFO  ratis.ContainerStateMachine (ContainerStateMachine.java:takeSnapshot(304)) - group-334B7FB6A8C8: Finished taking a snapshot at:(t:1, i:0) file:/github/workspace/mnt/ozone/hadoop-ozone/integration-test/target/test-dir/MiniOzoneClusterImpl-9e77629d-1495-4101-8eb0-46d1fa4d7a32/datanode-7/data/ratis/2abef12b-fd27-442d-9f49-334b7fb6a8c8/sm/snapshot.1_0 time:1
2020-12-11 11:59:29,033 [3242355b-cd6b-427d-b7e9-4ae74739cb3e@group-334B7FB6A8C8-StateMachineUpdater] INFO  impl.StateMachineUpdater (StateMachineUpdater.java:takeSnapshot(278)) - 3242355b-cd6b-427d-b7e9-4ae74739cb3e@group-334B7FB6A8C8-StateMachineUpdater: Took a snapshot at index 0
2020-12-11 11:59:29,033 [3242355b-cd6b-427d-b7e9-4ae74739cb3e@group-334B7FB6A8C8-StateMachineUpdater] INFO  impl.StateMachineUpdater (StateMachineUpdater.java:lambda$new$0(87)) - 3242355b-cd6b-427d-b7e9-4ae74739cb3e@group-334B7FB6A8C8-StateMachineUpdater: snapshotIndex: updateIncreasingly -1 -> 0
2020-12-11 11:59:29,033 [3242355b-cd6b-427d-b7e9-4ae74739cb3e@group-334B7FB6A8C8-StateMachineUpdater] INFO  metrics.RatisMetrics (RatisMetrics.java:unregister(43)) - Unregistering Metrics Registry : ratis.state_machine.3242355b-cd6b-427d-b7e9-4ae74739cb3e@group-334B7FB6A8C8
2020-12-11 11:59:29,034 [Listener at 127.0.0.1/32773] INFO  impl.RaftServerImpl (ServerState.java:close(406)) - 3242355b-cd6b-427d-b7e9-4ae74739cb3e@group-334B7FB6A8C8: closes. applyIndex: 0
2020-12-11 11:59:29,034 [3242355b-cd6b-427d-b7e9-4ae74739cb3e@group-334B7FB6A8C8-SegmentedRaftLogWorker] INFO  segmented.SegmentedRaftLogWorker (SegmentedRaftLogWorker.java:run(329)) - 3242355b-cd6b-427d-b7e9-4ae74739cb3e@group-334B7FB6A8C8-SegmentedRaftLogWorker was interrupted, exiting. There are 0 tasks remaining in the queue.
2020-12-11 11:59:29,035 [Listener at 127.0.0.1/32773] INFO  segmented.SegmentedRaftLogWorker (SegmentedRaftLogWorker.java:close(235)) - 3242355b-cd6b-427d-b7e9-4ae74739cb3e@group-334B7FB6A8C8-SegmentedRaftLogWorker close()
2020-12-11 11:59:29,036 [Listener at 127.0.0.1/32773] INFO  metrics.RatisMetrics (RatisMetrics.java:unregister(43)) - Unregistering Metrics Registry : ratis.log_worker.3242355b-cd6b-427d-b7e9-4ae74739cb3e@group-334B7FB6A8C8
2020-12-11 11:59:29,036 [Listener at 127.0.0.1/32773] INFO  metrics.RatisMetrics (RatisMetrics.java:unregister(43)) - Unregistering Metrics Registry : ratis.leader_election.3242355b-cd6b-427d-b7e9-4ae74739cb3e@group-334B7FB6A8C8
2020-12-11 11:59:29,037 [Listener at 127.0.0.1/32773] INFO  metrics.RatisMetrics (RatisMetrics.java:unregister(43)) - Unregistering Metrics Registry : ratis.server.3242355b-cd6b-427d-b7e9-4ae74739cb3e@group-334B7FB6A8C8
2020-12-11 11:59:29,037 [Listener at 127.0.0.1/32773] INFO  impl.RaftServerImpl (RaftServerImpl.java:lambda$shutdown$3(328)) - 3242355b-cd6b-427d-b7e9-4ae74739cb3e@group-2B781C67474A: shutdown
2020-12-11 11:59:29,037 [Listener at 127.0.0.1/32773] INFO  util.JmxRegister (JmxRegister.java:unregister(73)) - Successfully un-registered JMX Bean with object name Ratis:service=RaftServer,group=group-2B781C67474A,id=3242355b-cd6b-427d-b7e9-4ae74739cb3e
2020-12-11 11:59:29,037 [Listener at 127.0.0.1/32773] INFO  impl.RoleInfo (RoleInfo.java:shutdownFollowerState(121)) - 3242355b-cd6b-427d-b7e9-4ae74739cb3e: shutdown 3242355b-cd6b-427d-b7e9-4ae74739cb3e@group-2B781C67474A-FollowerState
2020-12-11 11:59:29,037 [Listener at 127.0.0.1/32773] INFO  impl.StateMachineUpdater (StateMachineUpdater.java:stopAndJoin(147)) - 3242355b-cd6b-427d-b7e9-4ae74739cb3e@group-2B781C67474A-StateMachineUpdater: set stopIndex = 0
2020-12-11 11:59:29,038 [3242355b-cd6b-427d-b7e9-4ae74739cb3e@group-2B781C67474A-StateMachineUpdater] INFO  ratis.ContainerStateMachine (ContainerStateMachine.java:takeSnapshot(293)) - group-2B781C67474A: Taking a snapshot at:(t:1, i:0) file /github/workspace/mnt/ozone/hadoop-ozone/integration-test/target/test-dir/MiniOzoneClusterImpl-9e77629d-1495-4101-8eb0-46d1fa4d7a32/datanode-7/data/ratis/f00d53d6-af4b-4142-9e13-2b781c67474a/sm/snapshot.1_0
2020-12-11 11:59:29,037 [Thread-1419] INFO  impl.FollowerState (FollowerState.java:run(137)) - 3242355b-cd6b-427d-b7e9-4ae74739cb3e@group-2B781C67474A-FollowerState was interrupted: {}
java.lang.InterruptedException: sleep interrupted
	at java.lang.Thread.sleep(Native Method)
	at org.apache.ratis.util.JavaUtils.sleep(JavaUtils.java:250)
	at org.apache.ratis.server.impl.FollowerState.run(FollowerState.java:116)
2020-12-11 11:59:29,038 [3242355b-cd6b-427d-b7e9-4ae74739cb3e@group-2B781C67474A-StateMachineUpdater] INFO  ratis.ContainerStateMachine (ContainerStateMachine.java:takeSnapshot(304)) - group-2B781C67474A: Finished taking a snapshot at:(t:1, i:0) file:/github/workspace/mnt/ozone/hadoop-ozone/integration-test/target/test-dir/MiniOzoneClusterImpl-9e77629d-1495-4101-8eb0-46d1fa4d7a32/datanode-7/data/ratis/f00d53d6-af4b-4142-9e13-2b781c67474a/sm/snapshot.1_0 time:1
2020-12-11 11:59:29,039 [3242355b-cd6b-427d-b7e9-4ae74739cb3e@group-2B781C67474A-StateMachineUpdater] INFO  impl.StateMachineUpdater (StateMachineUpdater.java:takeSnapshot(278)) - 3242355b-cd6b-427d-b7e9-4ae74739cb3e@group-2B781C67474A-StateMachineUpdater: Took a snapshot at index 0
2020-12-11 11:59:29,039 [3242355b-cd6b-427d-b7e9-4ae74739cb3e@group-2B781C67474A-StateMachineUpdater] INFO  impl.StateMachineUpdater (StateMachineUpdater.java:lambda$new$0(87)) - 3242355b-cd6b-427d-b7e9-4ae74739cb3e@group-2B781C67474A-StateMachineUpdater: snapshotIndex: updateIncreasingly -1 -> 0
2020-12-11 11:59:29,039 [3242355b-cd6b-427d-b7e9-4ae74739cb3e@group-2B781C67474A-StateMachineUpdater] INFO  metrics.RatisMetrics (RatisMetrics.java:unregister(43)) - Unregistering Metrics Registry : ratis.state_machine.3242355b-cd6b-427d-b7e9-4ae74739cb3e@group-2B781C67474A
2020-12-11 11:59:29,039 [Listener at 127.0.0.1/32773] INFO  impl.RaftServerImpl (ServerState.java:close(406)) - 3242355b-cd6b-427d-b7e9-4ae74739cb3e@group-2B781C67474A: closes. applyIndex: 0
2020-12-11 11:59:29,039 [ForkJoinPool.commonPool-worker-1] INFO  ozoneimpl.OzoneContainer (OzoneContainer.java:stop(257)) - Attempting to stop container services.
2020-12-11 11:59:29,039 [ForkJoinPool.commonPool-worker-1] INFO  impl.RaftServerProxy (RaftServerProxy.java:lambda$close$4(338)) - 675d35ba-bb57-4ae2-b121-2cd47ec358f4: close
2020-12-11 11:59:29,040 [3242355b-cd6b-427d-b7e9-4ae74739cb3e@group-2B781C67474A-SegmentedRaftLogWorker] INFO  segmented.SegmentedRaftLogWorker (SegmentedRaftLogWorker.java:run(329)) - 3242355b-cd6b-427d-b7e9-4ae74739cb3e@group-2B781C67474A-SegmentedRaftLogWorker was interrupted, exiting. There are 0 tasks remaining in the queue.
2020-12-11 11:59:29,040 [ForkJoinPool.commonPool-worker-1] INFO  impl.RaftServerImpl (RaftServerImpl.java:lambda$shutdown$3(328)) - 675d35ba-bb57-4ae2-b121-2cd47ec358f4@group-B9DCA29E1988: shutdown
2020-12-11 11:59:29,040 [ForkJoinPool.commonPool-worker-1] INFO  util.JmxRegister (JmxRegister.java:unregister(73)) - Successfully un-registered JMX Bean with object name Ratis:service=RaftServer,group=group-B9DCA29E1988,id=675d35ba-bb57-4ae2-b121-2cd47ec358f4
2020-12-11 11:59:29,040 [ForkJoinPool.commonPool-worker-1] INFO  impl.RoleInfo (RoleInfo.java:shutdownLeaderState(104)) - 675d35ba-bb57-4ae2-b121-2cd47ec358f4: shutdown 675d35ba-bb57-4ae2-b121-2cd47ec358f4@group-B9DCA29E1988-LeaderState
2020-12-11 11:59:29,040 [ForkJoinPool.commonPool-worker-1] INFO  metrics.RatisMetrics (RatisMetrics.java:unregister(43)) - Unregistering Metrics Registry : ratis_grpc.log_appender.675d35ba-bb57-4ae2-b121-2cd47ec358f4@group-B9DCA29E1988
2020-12-11 11:59:29,040 [ForkJoinPool.commonPool-worker-1] INFO  metrics.RatisMetrics (RatisMetrics.java:unregister(43)) - Unregistering Metrics Registry : ratis_grpc.log_appender.675d35ba-bb57-4ae2-b121-2cd47ec358f4@group-B9DCA29E1988
2020-12-11 11:59:29,041 [org.apache.ratis.server.impl.LogAppender$AppenderDaemon$$Lambda$504/1468687552@34bd9284] WARN  server.GrpcLogAppender (GrpcLogAppender.java:mayWait(168)) - 675d35ba-bb57-4ae2-b121-2cd47ec358f4@group-B9DCA29E1988->14058016-3fcf-4920-991e-a5361899d5d7-GrpcLogAppender: Wait interrupted by java.lang.InterruptedException
2020-12-11 11:59:29,041 [org.apache.ratis.server.impl.LogAppender$AppenderDaemon$$Lambda$504/1468687552@4f5f719c] WARN  server.GrpcLogAppender (GrpcLogAppender.java:mayWait(168)) - 675d35ba-bb57-4ae2-b121-2cd47ec358f4@group-B9DCA29E1988->a301dd64-f793-4e68-ac47-305a8ea93822-GrpcLogAppender: Wait interrupted by java.lang.InterruptedException
2020-12-11 11:59:29,041 [ForkJoinPool.commonPool-worker-1] INFO  impl.PendingRequests (PendingRequests.java:sendNotLeaderResponses(250)) - 675d35ba-bb57-4ae2-b121-2cd47ec358f4@group-B9DCA29E1988-PendingRequests: sendNotLeaderResponses
2020-12-11 11:59:29,041 [Listener at 127.0.0.1/32773] INFO  segmented.SegmentedRaftLogWorker (SegmentedRaftLogWorker.java:close(235)) - 3242355b-cd6b-427d-b7e9-4ae74739cb3e@group-2B781C67474A-SegmentedRaftLogWorker close()
2020-12-11 11:59:29,041 [ForkJoinPool.commonPool-worker-1] INFO  metrics.RatisMetrics (RatisMetrics.java:unregister(43)) - Unregistering Metrics Registry : ratis.log_appender.675d35ba-bb57-4ae2-b121-2cd47ec358f4@group-B9DCA29E1988
2020-12-11 11:59:29,042 [grpc-default-executor-5] INFO  server.GrpcServerProtocolService (GrpcServerProtocolService.java:onCompleted(138)) - 14058016-3fcf-4920-991e-a5361899d5d7: Completed APPEND_ENTRIES, lastRequest: 675d35ba-bb57-4ae2-b121-2cd47ec358f4->14058016-3fcf-4920-991e-a5361899d5d7#1-t1, previous=(t:0, i:0), leaderCommit=0, initializing? false, entries: size=1, first=(t:1, i:0), CONFIGURATIONENTRY
2020-12-11 11:59:29,048 [Listener at 127.0.0.1/32773] INFO  metrics.RatisMetrics (RatisMetrics.java:unregister(43)) - Unregistering Metrics Registry : ratis.log_worker.3242355b-cd6b-427d-b7e9-4ae74739cb3e@group-2B781C67474A
2020-12-11 11:59:29,042 [ForkJoinPool.commonPool-worker-1] INFO  metrics.RatisMetrics (RatisMetrics.java:unregister(43)) - Unregistering Metrics Registry : ratis.server.675d35ba-bb57-4ae2-b121-2cd47ec358f4@group-B9DCA29E1988
2020-12-11 11:59:29,051 [ForkJoinPool.commonPool-worker-1] INFO  impl.StateMachineUpdater (StateMachineUpdater.java:stopAndJoin(147)) - 675d35ba-bb57-4ae2-b121-2cd47ec358f4@group-B9DCA29E1988-StateMachineUpdater: set stopIndex = 0
2020-12-11 11:59:29,052 [Listener at 127.0.0.1/32773] INFO  metrics.RatisMetrics (RatisMetrics.java:unregister(43)) - Unregistering Metrics Registry : ratis.leader_election.3242355b-cd6b-427d-b7e9-4ae74739cb3e@group-2B781C67474A
2020-12-11 11:59:29,052 [Listener at 127.0.0.1/32773] INFO  metrics.RatisMetrics (RatisMetrics.java:unregister(43)) - Unregistering Metrics Registry : ratis.server.3242355b-cd6b-427d-b7e9-4ae74739cb3e@group-2B781C67474A
2020-12-11 11:59:29,052 [grpc-default-executor-0] INFO  server.GrpcLogAppender (GrpcLogAppender.java:onCompleted(337)) - 675d35ba-bb57-4ae2-b121-2cd47ec358f4@group-B9DCA29E1988->14058016-3fcf-4920-991e-a5361899d5d7-AppendLogResponseHandler: follower responses appendEntries COMPLETED
2020-12-11 11:59:29,052 [grpc-default-executor-0] INFO  impl.FollowerInfo (FollowerInfo.java:lambda$new$0(51)) - 675d35ba-bb57-4ae2-b121-2cd47ec358f4@group-B9DCA29E1988->14058016-3fcf-4920-991e-a5361899d5d7: nextIndex: updateUnconditionally 1 -> 0
2020-12-11 11:59:29,052 [675d35ba-bb57-4ae2-b121-2cd47ec358f4@group-B9DCA29E1988-StateMachineUpdater] INFO  ratis.ContainerStateMachine (ContainerStateMachine.java:takeSnapshot(293)) - group-B9DCA29E1988: Taking a snapshot at:(t:1, i:0) file /github/workspace/mnt/ozone/hadoop-ozone/integration-test/target/test-dir/MiniOzoneClusterImpl-9e77629d-1495-4101-8eb0-46d1fa4d7a32/datanode-0/data/ratis/d4ed0903-a34d-4264-a54b-b9dca29e1988/sm/snapshot.1_0
2020-12-11 11:59:29,052 [Listener at 127.0.0.1/32773] INFO  server.GrpcService (GrpcService.java:closeImpl(184)) - 3242355b-cd6b-427d-b7e9-4ae74739cb3e: shutdown server with port 42589 now
2020-12-11 11:59:29,053 [675d35ba-bb57-4ae2-b121-2cd47ec358f4@group-B9DCA29E1988-StateMachineUpdater] INFO  ratis.ContainerStateMachine (ContainerStateMachine.java:takeSnapshot(304)) - group-B9DCA29E1988: Finished taking a snapshot at:(t:1, i:0) file:/github/workspace/mnt/ozone/hadoop-ozone/integration-test/target/test-dir/MiniOzoneClusterImpl-9e77629d-1495-4101-8eb0-46d1fa4d7a32/datanode-0/data/ratis/d4ed0903-a34d-4264-a54b-b9dca29e1988/sm/snapshot.1_0 time:2
2020-12-11 11:59:29,054 [675d35ba-bb57-4ae2-b121-2cd47ec358f4@group-B9DCA29E1988-StateMachineUpdater] INFO  impl.StateMachineUpdater (StateMachineUpdater.java:takeSnapshot(278)) - 675d35ba-bb57-4ae2-b121-2cd47ec358f4@group-B9DCA29E1988-StateMachineUpdater: Took a snapshot at index 0
2020-12-11 11:59:29,054 [675d35ba-bb57-4ae2-b121-2cd47ec358f4@group-B9DCA29E1988-StateMachineUpdater] INFO  impl.StateMachineUpdater (StateMachineUpdater.java:lambda$new$0(87)) - 675d35ba-bb57-4ae2-b121-2cd47ec358f4@group-B9DCA29E1988-StateMachineUpdater: snapshotIndex: updateIncreasingly -1 -> 0
2020-12-11 11:59:29,054 [675d35ba-bb57-4ae2-b121-2cd47ec358f4@group-B9DCA29E1988-StateMachineUpdater] INFO  metrics.RatisMetrics (RatisMetrics.java:unregister(43)) - Unregistering Metrics Registry : ratis.state_machine.675d35ba-bb57-4ae2-b121-2cd47ec358f4@group-B9DCA29E1988
2020-12-11 11:59:29,059 [ForkJoinPool.commonPool-worker-1] INFO  impl.RaftServerImpl (ServerState.java:close(406)) - 675d35ba-bb57-4ae2-b121-2cd47ec358f4@group-B9DCA29E1988: closes. applyIndex: 0
2020-12-11 11:59:29,060 [675d35ba-bb57-4ae2-b121-2cd47ec358f4@group-B9DCA29E1988-SegmentedRaftLogWorker] INFO  segmented.SegmentedRaftLogWorker (SegmentedRaftLogWorker.java:run(329)) - 675d35ba-bb57-4ae2-b121-2cd47ec358f4@group-B9DCA29E1988-SegmentedRaftLogWorker was interrupted, exiting. There are 0 tasks remaining in the queue.
2020-12-11 11:59:29,063 [ForkJoinPool.commonPool-worker-1] INFO  segmented.SegmentedRaftLogWorker (SegmentedRaftLogWorker.java:close(235)) - 675d35ba-bb57-4ae2-b121-2cd47ec358f4@group-B9DCA29E1988-SegmentedRaftLogWorker close()
2020-12-11 11:59:29,064 [ForkJoinPool.commonPool-worker-1] INFO  metrics.RatisMetrics (RatisMetrics.java:unregister(43)) - Unregistering Metrics Registry : ratis.log_worker.675d35ba-bb57-4ae2-b121-2cd47ec358f4@group-B9DCA29E1988
2020-12-11 11:59:29,064 [ForkJoinPool.commonPool-worker-1] INFO  metrics.RatisMetrics (RatisMetrics.java:unregister(43)) - Unregistering Metrics Registry : ratis.leader_election.675d35ba-bb57-4ae2-b121-2cd47ec358f4@group-B9DCA29E1988
2020-12-11 11:59:29,064 [ForkJoinPool.commonPool-worker-1] INFO  metrics.RatisMetrics (RatisMetrics.java:unregister(43)) - Unregistering Metrics Registry : ratis.server.675d35ba-bb57-4ae2-b121-2cd47ec358f4@group-B9DCA29E1988
2020-12-11 11:59:29,064 [ForkJoinPool.commonPool-worker-1] INFO  impl.RaftServerImpl (RaftServerImpl.java:lambda$shutdown$3(328)) - 675d35ba-bb57-4ae2-b121-2cd47ec358f4@group-3D89187FD85F: shutdown
2020-12-11 11:59:29,064 [grpc-default-executor-5] WARN  server.GrpcServerProtocolService (LogUtils.java:warn(122)) - 3242355b-cd6b-427d-b7e9-4ae74739cb3e: installSnapshot onError, lastRequest: ae07f068-47ba-4716-bac5-3cb4c79fd2be->3242355b-cd6b-427d-b7e9-4ae74739cb3e#1-t1, previous=(t:0, i:0), leaderCommit=0, initializing? false, entries: size=1, first=(t:1, i:0), CONFIGURATIONENTRY: org.apache.ratis.thirdparty.io.grpc.StatusRuntimeException: CANCELLED: cancelled before receiving half close
2020-12-11 11:59:29,064 [ForkJoinPool.commonPool-worker-1] INFO  util.JmxRegister (JmxRegister.java:unregister(73)) - Successfully un-registered JMX Bean with object name Ratis:service=RaftServer,group=group-3D89187FD85F,id=675d35ba-bb57-4ae2-b121-2cd47ec358f4
2020-12-11 11:59:29,065 [ForkJoinPool.commonPool-worker-1] INFO  impl.RoleInfo (RoleInfo.java:shutdownLeaderState(104)) - 675d35ba-bb57-4ae2-b121-2cd47ec358f4: shutdown 675d35ba-bb57-4ae2-b121-2cd47ec358f4@group-3D89187FD85F-LeaderState
2020-12-11 11:59:29,066 [ForkJoinPool.commonPool-worker-1] INFO  impl.PendingRequests (PendingRequests.java:sendNotLeaderResponses(250)) - 675d35ba-bb57-4ae2-b121-2cd47ec358f4@group-3D89187FD85F-PendingRequests: sendNotLeaderResponses
2020-12-11 11:59:29,066 [ForkJoinPool.commonPool-worker-1] INFO  metrics.RatisMetrics (RatisMetrics.java:unregister(43)) - Unregistering Metrics Registry : ratis.log_appender.675d35ba-bb57-4ae2-b121-2cd47ec358f4@group-3D89187FD85F
2020-12-11 11:59:29,066 [ForkJoinPool.commonPool-worker-1] INFO  metrics.RatisMetrics (RatisMetrics.java:unregister(43)) - Unregistering Metrics Registry : ratis.server.675d35ba-bb57-4ae2-b121-2cd47ec358f4@group-3D89187FD85F
2020-12-11 11:59:29,066 [grpc-default-executor-5] WARN  server.GrpcLogAppender (LogUtils.java:warn(122)) - ae07f068-47ba-4716-bac5-3cb4c79fd2be@group-2B781C67474A->3242355b-cd6b-427d-b7e9-4ae74739cb3e-AppendLogResponseHandler: Failed appendEntries: org.apache.ratis.thirdparty.io.grpc.StatusRuntimeException: CANCELLED: HTTP/2 error code: CANCEL
Received Rst Stream
2020-12-11 11:59:29,068 [Listener at 127.0.0.1/32773] INFO  server.GrpcService (GrpcService.java:closeImpl(193)) - 3242355b-cd6b-427d-b7e9-4ae74739cb3e: shutdown server with port 42589 successfully
2020-12-11 11:59:29,071 [Listener at 127.0.0.1/32773] INFO  utils.BackgroundService (BackgroundService.java:shutdown(132)) - Shutting down service BlockDeletingService
2020-12-11 11:59:29,072 [grpc-default-executor-5] WARN  server.GrpcLogAppender (GrpcLogAppender.java:resetClient(107)) - ae07f068-47ba-4716-bac5-3cb4c79fd2be@group-2B781C67474A->3242355b-cd6b-427d-b7e9-4ae74739cb3e-GrpcLogAppender: Leader has not got in touch with Follower ae07f068-47ba-4716-bac5-3cb4c79fd2be@group-2B781C67474A->3242355b-cd6b-427d-b7e9-4ae74739cb3e(c0,m0,n1, attendVote=true, lastRpcSendTime=2288, lastRpcResponseTime=2287) yet, just keep nextIndex unchanged and retry.
2020-12-11 11:59:29,073 [ForkJoinPool.commonPool-worker-1] INFO  impl.StateMachineUpdater (StateMachineUpdater.java:stopAndJoin(147)) - 675d35ba-bb57-4ae2-b121-2cd47ec358f4@group-3D89187FD85F-StateMachineUpdater: set stopIndex = 0
2020-12-11 11:59:29,073 [675d35ba-bb57-4ae2-b121-2cd47ec358f4@group-3D89187FD85F-StateMachineUpdater] INFO  ratis.ContainerStateMachine (ContainerStateMachine.java:takeSnapshot(293)) - group-3D89187FD85F: Taking a snapshot at:(t:1, i:0) file /github/workspace/mnt/ozone/hadoop-ozone/integration-test/target/test-dir/MiniOzoneClusterImpl-9e77629d-1495-4101-8eb0-46d1fa4d7a32/datanode-0/data/ratis/968243a3-4fc3-4a9c-804f-3d89187fd85f/sm/snapshot.1_0
2020-12-11 11:59:29,074 [675d35ba-bb57-4ae2-b121-2cd47ec358f4@group-3D89187FD85F-StateMachineUpdater] INFO  ratis.ContainerStateMachine (ContainerStateMachine.java:takeSnapshot(304)) - group-3D89187FD85F: Finished taking a snapshot at:(t:1, i:0) file:/github/workspace/mnt/ozone/hadoop-ozone/integration-test/target/test-dir/MiniOzoneClusterImpl-9e77629d-1495-4101-8eb0-46d1fa4d7a32/datanode-0/data/ratis/968243a3-4fc3-4a9c-804f-3d89187fd85f/sm/snapshot.1_0 time:1
2020-12-11 11:59:29,074 [675d35ba-bb57-4ae2-b121-2cd47ec358f4@group-3D89187FD85F-StateMachineUpdater] INFO  impl.StateMachineUpdater (StateMachineUpdater.java:takeSnapshot(278)) - 675d35ba-bb57-4ae2-b121-2cd47ec358f4@group-3D89187FD85F-StateMachineUpdater: Took a snapshot at index 0
2020-12-11 11:59:29,074 [675d35ba-bb57-4ae2-b121-2cd47ec358f4@group-3D89187FD85F-StateMachineUpdater] INFO  impl.StateMachineUpdater (StateMachineUpdater.java:lambda$new$0(87)) - 675d35ba-bb57-4ae2-b121-2cd47ec358f4@group-3D89187FD85F-StateMachineUpdater: snapshotIndex: updateIncreasingly -1 -> 0
2020-12-11 11:59:29,074 [675d35ba-bb57-4ae2-b121-2cd47ec358f4@group-3D89187FD85F-StateMachineUpdater] INFO  metrics.RatisMetrics (RatisMetrics.java:unregister(43)) - Unregistering Metrics Registry : ratis.state_machine.675d35ba-bb57-4ae2-b121-2cd47ec358f4@group-3D89187FD85F
2020-12-11 11:59:29,075 [ForkJoinPool.commonPool-worker-1] INFO  impl.RaftServerImpl (ServerState.java:close(406)) - 675d35ba-bb57-4ae2-b121-2cd47ec358f4@group-3D89187FD85F: closes. applyIndex: 0
2020-12-11 11:59:29,075 [675d35ba-bb57-4ae2-b121-2cd47ec358f4@group-3D89187FD85F-SegmentedRaftLogWorker] INFO  segmented.SegmentedRaftLogWorker (SegmentedRaftLogWorker.java:run(329)) - 675d35ba-bb57-4ae2-b121-2cd47ec358f4@group-3D89187FD85F-SegmentedRaftLogWorker was interrupted, exiting. There are 0 tasks remaining in the queue.
2020-12-11 11:59:29,075 [ForkJoinPool.commonPool-worker-1] INFO  segmented.SegmentedRaftLogWorker (SegmentedRaftLogWorker.java:close(235)) - 675d35ba-bb57-4ae2-b121-2cd47ec358f4@group-3D89187FD85F-SegmentedRaftLogWorker close()
2020-12-11 11:59:29,083 [ForkJoinPool.commonPool-worker-1] INFO  metrics.RatisMetrics (RatisMetrics.java:unregister(43)) - Unregistering Metrics Registry : ratis.log_worker.675d35ba-bb57-4ae2-b121-2cd47ec358f4@group-3D89187FD85F
2020-12-11 11:59:29,084 [ForkJoinPool.commonPool-worker-1] INFO  metrics.RatisMetrics (RatisMetrics.java:unregister(43)) - Unregistering Metrics Registry : ratis.leader_election.675d35ba-bb57-4ae2-b121-2cd47ec358f4@group-3D89187FD85F
2020-12-11 11:59:29,084 [ForkJoinPool.commonPool-worker-1] INFO  metrics.RatisMetrics (RatisMetrics.java:unregister(43)) - Unregistering Metrics Registry : ratis.server.675d35ba-bb57-4ae2-b121-2cd47ec358f4@group-3D89187FD85F
2020-12-11 11:59:29,084 [ForkJoinPool.commonPool-worker-1] INFO  server.GrpcService (GrpcService.java:closeImpl(184)) - 675d35ba-bb57-4ae2-b121-2cd47ec358f4: shutdown server with port 39033 now
2020-12-11 11:59:29,085 [Listener at 127.0.0.1/32773] INFO  statemachine.DatanodeStateMachine (DatanodeStateMachine.java:stopDaemon(461)) - Ozone container server stopped.
2020-12-11 11:59:29,090 [ForkJoinPool.commonPool-worker-1] INFO  server.GrpcService (GrpcService.java:closeImpl(193)) - 675d35ba-bb57-4ae2-b121-2cd47ec358f4: shutdown server with port 39033 successfully
2020-12-11 11:59:29,094 [ForkJoinPool.commonPool-worker-1] INFO  utils.BackgroundService (BackgroundService.java:shutdown(132)) - Shutting down service BlockDeletingService
2020-12-11 11:59:29,095 [ForkJoinPool.commonPool-worker-1] INFO  statemachine.DatanodeStateMachine (DatanodeStateMachine.java:stopDaemon(461)) - Ozone container server stopped.
2020-12-11 11:59:29,106 [Listener at 127.0.0.1/32773] INFO  handler.ContextHandler (ContextHandler.java:doStop(1154)) - Stopped o.e.j.w.WebAppContext@11326597{hddsDatanode,/,null,STOPPED}{jar:file:/home/user/.m2/repository/org/apache/hadoop/hadoop-hdds-container-service/1.1.0-SNAPSHOT/hadoop-hdds-container-service-1.1.0-SNAPSHOT.jar!/webapps/hddsDatanode}
2020-12-11 11:59:29,107 [Listener at 127.0.0.1/32773] INFO  server.AbstractConnector (AbstractConnector.java:doStop(381)) - Stopped ServerConnector@4f1422f7{HTTP/1.1, (http/1.1)}{0.0.0.0:0}
2020-12-11 11:59:29,107 [Listener at 127.0.0.1/32773] INFO  server.session (HouseKeeper.java:stopScavenging(149)) - node0 Stopped scavenging
2020-12-11 11:59:29,108 [Listener at 127.0.0.1/32773] INFO  handler.ContextHandler (ContextHandler.java:doStop(1154)) - Stopped o.e.j.s.ServletContextHandler@27b8adeb{static,/static,jar:file:/home/user/.m2/repository/org/apache/hadoop/hadoop-hdds-container-service/1.1.0-SNAPSHOT/hadoop-hdds-container-service-1.1.0-SNAPSHOT.jar!/webapps/static,STOPPED}
2020-12-11 11:59:29,108 [Listener at 127.0.0.1/32773] INFO  handler.ContextHandler (ContextHandler.java:doStop(1154)) - Stopped o.e.j.s.ServletContextHandler@5659f3b4{logs,/logs,file:///github/workspace/mnt/ozone/hadoop-ozone/integration-test/target/log,STOPPED}
2020-12-11 11:59:29,119 [ForkJoinPool.commonPool-worker-1] INFO  handler.ContextHandler (ContextHandler.java:doStop(1154)) - Stopped o.e.j.w.WebAppContext@5324647{hddsDatanode,/,null,STOPPED}{jar:file:/home/user/.m2/repository/org/apache/hadoop/hadoop-hdds-container-service/1.1.0-SNAPSHOT/hadoop-hdds-container-service-1.1.0-SNAPSHOT.jar!/webapps/hddsDatanode}
2020-12-11 11:59:29,119 [ForkJoinPool.commonPool-worker-1] INFO  server.AbstractConnector (AbstractConnector.java:doStop(381)) - Stopped ServerConnector@49f4de0e{HTTP/1.1, (http/1.1)}{0.0.0.0:0}
2020-12-11 11:59:29,119 [ForkJoinPool.commonPool-worker-1] INFO  server.session (HouseKeeper.java:stopScavenging(149)) - node0 Stopped scavenging
2020-12-11 11:59:29,120 [ForkJoinPool.commonPool-worker-1] INFO  handler.ContextHandler (ContextHandler.java:doStop(1154)) - Stopped o.e.j.s.ServletContextHandler@2e145f7b{static,/static,jar:file:/home/user/.m2/repository/org/apache/hadoop/hadoop-hdds-container-service/1.1.0-SNAPSHOT/hadoop-hdds-container-service-1.1.0-SNAPSHOT.jar!/webapps/static,STOPPED}
2020-12-11 11:59:29,121 [ForkJoinPool.commonPool-worker-1] INFO  handler.ContextHandler (ContextHandler.java:doStop(1154)) - Stopped o.e.j.s.ServletContextHandler@3e94fc76{logs,/logs,file:///github/workspace/mnt/ozone/hadoop-ozone/integration-test/target/log,STOPPED}
2020-12-11 11:59:29,287 [grpc-default-executor-0] WARN  server.GrpcLogAppender (LogUtils.java:warn(122)) - ae07f068-47ba-4716-bac5-3cb4c79fd2be@group-2B781C67474A->3242355b-cd6b-427d-b7e9-4ae74739cb3e-AppendLogResponseHandler: Failed appendEntries: org.apache.ratis.thirdparty.io.grpc.StatusRuntimeException: UNAVAILABLE: io exception
2020-12-11 11:59:29,287 [grpc-default-executor-0] WARN  server.GrpcLogAppender (GrpcLogAppender.java:resetClient(107)) - ae07f068-47ba-4716-bac5-3cb4c79fd2be@group-2B781C67474A->3242355b-cd6b-427d-b7e9-4ae74739cb3e-GrpcLogAppender: Leader has not got in touch with Follower ae07f068-47ba-4716-bac5-3cb4c79fd2be@group-2B781C67474A->3242355b-cd6b-427d-b7e9-4ae74739cb3e(c0,m0,n1, attendVote=true, lastRpcSendTime=1, lastRpcResponseTime=2502) yet, just keep nextIndex unchanged and retry.
2020-12-11 11:59:29,603 [Datanode State Machine Thread - 0] INFO  statemachine.DatanodeStateMachine (DatanodeStateMachine.java:lambda$startDaemon$0(408)) - Ozone container server started.
2020-12-11 11:59:29,873 [Datanode State Machine Thread - 0] INFO  statemachine.DatanodeStateMachine (DatanodeStateMachine.java:lambda$startDaemon$0(408)) - Ozone container server started.
2020-12-11 11:59:31,787 [grpc-default-executor-5] WARN  server.GrpcLogAppender (LogUtils.java:warn(122)) - ae07f068-47ba-4716-bac5-3cb4c79fd2be@group-2B781C67474A->3242355b-cd6b-427d-b7e9-4ae74739cb3e-AppendLogResponseHandler: Failed appendEntries: org.apache.ratis.thirdparty.io.grpc.StatusRuntimeException: UNAVAILABLE: io exception
2020-12-11 11:59:31,788 [grpc-default-executor-5] WARN  server.GrpcLogAppender (GrpcLogAppender.java:resetClient(107)) - ae07f068-47ba-4716-bac5-3cb4c79fd2be@group-2B781C67474A->3242355b-cd6b-427d-b7e9-4ae74739cb3e-GrpcLogAppender: Leader has not got in touch with Follower ae07f068-47ba-4716-bac5-3cb4c79fd2be@group-2B781C67474A->3242355b-cd6b-427d-b7e9-4ae74739cb3e(c0,m0,n1, attendVote=true, lastRpcSendTime=0, lastRpcResponseTime=5003) yet, just keep nextIndex unchanged and retry.
2020-12-11 11:59:34,114 [Listener at 127.0.0.1/32773] INFO  ozoneimpl.OzoneContainer (OzoneContainer.java:stop(257)) - Attempting to stop container services.
2020-12-11 11:59:34,115 [Listener at 127.0.0.1/32773] INFO  impl.RaftServerProxy (RaftServerProxy.java:lambda$close$4(338)) - d20057ad-1402-4c9c-a7ab-3e414ff49065: close
2020-12-11 11:59:34,115 [Listener at 127.0.0.1/32773] INFO  impl.RaftServerImpl (RaftServerImpl.java:lambda$shutdown$3(328)) - d20057ad-1402-4c9c-a7ab-3e414ff49065@group-2B781C67474A: shutdown
2020-12-11 11:59:34,115 [Listener at 127.0.0.1/32773] INFO  util.JmxRegister (JmxRegister.java:unregister(73)) - Successfully un-registered JMX Bean with object name Ratis:service=RaftServer,group=group-2B781C67474A,id=d20057ad-1402-4c9c-a7ab-3e414ff49065
2020-12-11 11:59:34,115 [Listener at 127.0.0.1/32773] INFO  impl.RoleInfo (RoleInfo.java:shutdownFollowerState(121)) - d20057ad-1402-4c9c-a7ab-3e414ff49065: shutdown d20057ad-1402-4c9c-a7ab-3e414ff49065@group-2B781C67474A-FollowerState
2020-12-11 11:59:34,116 [Listener at 127.0.0.1/32773] INFO  impl.StateMachineUpdater (StateMachineUpdater.java:stopAndJoin(147)) - d20057ad-1402-4c9c-a7ab-3e414ff49065@group-2B781C67474A-StateMachineUpdater: set stopIndex = 0
2020-12-11 11:59:34,116 [Thread-1414] INFO  impl.FollowerState (FollowerState.java:run(137)) - d20057ad-1402-4c9c-a7ab-3e414ff49065@group-2B781C67474A-FollowerState was interrupted: {}
java.lang.InterruptedException: sleep interrupted
	at java.lang.Thread.sleep(Native Method)
	at org.apache.ratis.util.JavaUtils.sleep(JavaUtils.java:250)
	at org.apache.ratis.server.impl.FollowerState.run(FollowerState.java:116)
2020-12-11 11:59:34,116 [d20057ad-1402-4c9c-a7ab-3e414ff49065@group-2B781C67474A-StateMachineUpdater] INFO  ratis.ContainerStateMachine (ContainerStateMachine.java:takeSnapshot(293)) - group-2B781C67474A: Taking a snapshot at:(t:1, i:0) file /github/workspace/mnt/ozone/hadoop-ozone/integration-test/target/test-dir/MiniOzoneClusterImpl-9e77629d-1495-4101-8eb0-46d1fa4d7a32/datanode-8/data/ratis/f00d53d6-af4b-4142-9e13-2b781c67474a/sm/snapshot.1_0
2020-12-11 11:59:34,117 [d20057ad-1402-4c9c-a7ab-3e414ff49065@group-2B781C67474A-StateMachineUpdater] INFO  ratis.ContainerStateMachine (ContainerStateMachine.java:takeSnapshot(304)) - group-2B781C67474A: Finished taking a snapshot at:(t:1, i:0) file:/github/workspace/mnt/ozone/hadoop-ozone/integration-test/target/test-dir/MiniOzoneClusterImpl-9e77629d-1495-4101-8eb0-46d1fa4d7a32/datanode-8/data/ratis/f00d53d6-af4b-4142-9e13-2b781c67474a/sm/snapshot.1_0 time:1
2020-12-11 11:59:34,117 [d20057ad-1402-4c9c-a7ab-3e414ff49065@group-2B781C67474A-StateMachineUpdater] INFO  impl.StateMachineUpdater (StateMachineUpdater.java:takeSnapshot(278)) - d20057ad-1402-4c9c-a7ab-3e414ff49065@group-2B781C67474A-StateMachineUpdater: Took a snapshot at index 0
2020-12-11 11:59:34,117 [d20057ad-1402-4c9c-a7ab-3e414ff49065@group-2B781C67474A-StateMachineUpdater] INFO  impl.StateMachineUpdater (StateMachineUpdater.java:lambda$new$0(87)) - d20057ad-1402-4c9c-a7ab-3e414ff49065@group-2B781C67474A-StateMachineUpdater: snapshotIndex: updateIncreasingly -1 -> 0
2020-12-11 11:59:34,117 [d20057ad-1402-4c9c-a7ab-3e414ff49065@group-2B781C67474A-StateMachineUpdater] INFO  metrics.RatisMetrics (RatisMetrics.java:unregister(43)) - Unregistering Metrics Registry : ratis.state_machine.d20057ad-1402-4c9c-a7ab-3e414ff49065@group-2B781C67474A
2020-12-11 11:59:34,118 [Listener at 127.0.0.1/32773] INFO  impl.RaftServerImpl (ServerState.java:close(406)) - d20057ad-1402-4c9c-a7ab-3e414ff49065@group-2B781C67474A: closes. applyIndex: 0
2020-12-11 11:59:34,118 [d20057ad-1402-4c9c-a7ab-3e414ff49065@group-2B781C67474A-SegmentedRaftLogWorker] INFO  segmented.SegmentedRaftLogWorker (SegmentedRaftLogWorker.java:run(329)) - d20057ad-1402-4c9c-a7ab-3e414ff49065@group-2B781C67474A-SegmentedRaftLogWorker was interrupted, exiting. There are 0 tasks remaining in the queue.
2020-12-11 11:59:34,118 [Listener at 127.0.0.1/32773] INFO  segmented.SegmentedRaftLogWorker (SegmentedRaftLogWorker.java:close(235)) - d20057ad-1402-4c9c-a7ab-3e414ff49065@group-2B781C67474A-SegmentedRaftLogWorker close()
2020-12-11 11:59:34,119 [Listener at 127.0.0.1/32773] INFO  metrics.RatisMetrics (RatisMetrics.java:unregister(43)) - Unregistering Metrics Registry : ratis.log_worker.d20057ad-1402-4c9c-a7ab-3e414ff49065@group-2B781C67474A
2020-12-11 11:59:34,119 [Listener at 127.0.0.1/32773] INFO  metrics.RatisMetrics (RatisMetrics.java:unregister(43)) - Unregistering Metrics Registry : ratis.leader_election.d20057ad-1402-4c9c-a7ab-3e414ff49065@group-2B781C67474A
2020-12-11 11:59:34,119 [Listener at 127.0.0.1/32773] INFO  metrics.RatisMetrics (RatisMetrics.java:unregister(43)) - Unregistering Metrics Registry : ratis.server.d20057ad-1402-4c9c-a7ab-3e414ff49065@group-2B781C67474A
2020-12-11 11:59:34,120 [Listener at 127.0.0.1/32773] INFO  impl.RaftServerImpl (RaftServerImpl.java:lambda$shutdown$3(328)) - d20057ad-1402-4c9c-a7ab-3e414ff49065@group-695F003AEC91: shutdown
2020-12-11 11:59:34,120 [Listener at 127.0.0.1/32773] INFO  util.JmxRegister (JmxRegister.java:unregister(73)) - Successfully un-registered JMX Bean with object name Ratis:service=RaftServer,group=group-695F003AEC91,id=d20057ad-1402-4c9c-a7ab-3e414ff49065
2020-12-11 11:59:34,120 [Listener at 127.0.0.1/32773] INFO  impl.RoleInfo (RoleInfo.java:shutdownLeaderState(104)) - d20057ad-1402-4c9c-a7ab-3e414ff49065: shutdown d20057ad-1402-4c9c-a7ab-3e414ff49065@group-695F003AEC91-LeaderState
2020-12-11 11:59:34,120 [Listener at 127.0.0.1/32773] INFO  impl.PendingRequests (PendingRequests.java:sendNotLeaderResponses(250)) - d20057ad-1402-4c9c-a7ab-3e414ff49065@group-695F003AEC91-PendingRequests: sendNotLeaderResponses
2020-12-11 11:59:34,120 [Listener at 127.0.0.1/32773] INFO  metrics.RatisMetrics (RatisMetrics.java:unregister(43)) - Unregistering Metrics Registry : ratis.log_appender.d20057ad-1402-4c9c-a7ab-3e414ff49065@group-695F003AEC91
2020-12-11 11:59:34,121 [Listener at 127.0.0.1/32773] INFO  metrics.RatisMetrics (RatisMetrics.java:unregister(43)) - Unregistering Metrics Registry : ratis.server.d20057ad-1402-4c9c-a7ab-3e414ff49065@group-695F003AEC91
2020-12-11 11:59:34,122 [Listener at 127.0.0.1/32773] INFO  impl.StateMachineUpdater (StateMachineUpdater.java:stopAndJoin(147)) - d20057ad-1402-4c9c-a7ab-3e414ff49065@group-695F003AEC91-StateMachineUpdater: set stopIndex = 0
2020-12-11 11:59:34,122 [ForkJoinPool.commonPool-worker-1] INFO  ozoneimpl.OzoneContainer (OzoneContainer.java:stop(257)) - Attempting to stop container services.
2020-12-11 11:59:34,122 [ForkJoinPool.commonPool-worker-1] INFO  impl.RaftServerProxy (RaftServerProxy.java:lambda$close$4(338)) - 14058016-3fcf-4920-991e-a5361899d5d7: close
2020-12-11 11:59:34,123 [ForkJoinPool.commonPool-worker-1] INFO  impl.RaftServerImpl (RaftServerImpl.java:lambda$shutdown$3(328)) - 14058016-3fcf-4920-991e-a5361899d5d7@group-B9DCA29E1988: shutdown
2020-12-11 11:59:34,122 [d20057ad-1402-4c9c-a7ab-3e414ff49065@group-695F003AEC91-StateMachineUpdater] INFO  ratis.ContainerStateMachine (ContainerStateMachine.java:takeSnapshot(293)) - group-695F003AEC91: Taking a snapshot at:(t:1, i:0) file /github/workspace/mnt/ozone/hadoop-ozone/integration-test/target/test-dir/MiniOzoneClusterImpl-9e77629d-1495-4101-8eb0-46d1fa4d7a32/datanode-8/data/ratis/be43f862-467f-409f-a931-695f003aec91/sm/snapshot.1_0
2020-12-11 11:59:34,123 [ForkJoinPool.commonPool-worker-1] INFO  util.JmxRegister (JmxRegister.java:unregister(73)) - Successfully un-registered JMX Bean with object name Ratis:service=RaftServer,group=group-B9DCA29E1988,id=14058016-3fcf-4920-991e-a5361899d5d7
2020-12-11 11:59:34,123 [ForkJoinPool.commonPool-worker-1] INFO  impl.RoleInfo (RoleInfo.java:shutdownFollowerState(121)) - 14058016-3fcf-4920-991e-a5361899d5d7: shutdown 14058016-3fcf-4920-991e-a5361899d5d7@group-B9DCA29E1988-FollowerState
2020-12-11 11:59:34,123 [ForkJoinPool.commonPool-worker-1] INFO  impl.StateMachineUpdater (StateMachineUpdater.java:stopAndJoin(147)) - 14058016-3fcf-4920-991e-a5361899d5d7@group-B9DCA29E1988-StateMachineUpdater: set stopIndex = 0
2020-12-11 11:59:34,123 [Thread-1441] INFO  impl.FollowerState (FollowerState.java:run(137)) - 14058016-3fcf-4920-991e-a5361899d5d7@group-B9DCA29E1988-FollowerState was interrupted: {}
java.lang.InterruptedException: sleep interrupted
	at java.lang.Thread.sleep(Native Method)
	at org.apache.ratis.util.JavaUtils.sleep(JavaUtils.java:250)
	at org.apache.ratis.server.impl.FollowerState.run(FollowerState.java:116)
2020-12-11 11:59:34,124 [14058016-3fcf-4920-991e-a5361899d5d7@group-B9DCA29E1988-StateMachineUpdater] INFO  ratis.ContainerStateMachine (ContainerStateMachine.java:takeSnapshot(293)) - group-B9DCA29E1988: Taking a snapshot at:(t:1, i:0) file /github/workspace/mnt/ozone/hadoop-ozone/integration-test/target/test-dir/MiniOzoneClusterImpl-9e77629d-1495-4101-8eb0-46d1fa4d7a32/datanode-1/data/ratis/d4ed0903-a34d-4264-a54b-b9dca29e1988/sm/snapshot.1_0
2020-12-11 11:59:34,125 [d20057ad-1402-4c9c-a7ab-3e414ff49065@group-695F003AEC91-StateMachineUpdater] INFO  ratis.ContainerStateMachine (ContainerStateMachine.java:takeSnapshot(304)) - group-695F003AEC91: Finished taking a snapshot at:(t:1, i:0) file:/github/workspace/mnt/ozone/hadoop-ozone/integration-test/target/test-dir/MiniOzoneClusterImpl-9e77629d-1495-4101-8eb0-46d1fa4d7a32/datanode-8/data/ratis/be43f862-467f-409f-a931-695f003aec91/sm/snapshot.1_0 time:2
2020-12-11 11:59:34,125 [d20057ad-1402-4c9c-a7ab-3e414ff49065@group-695F003AEC91-StateMachineUpdater] INFO  impl.StateMachineUpdater (StateMachineUpdater.java:takeSnapshot(278)) - d20057ad-1402-4c9c-a7ab-3e414ff49065@group-695F003AEC91-StateMachineUpdater: Took a snapshot at index 0
2020-12-11 11:59:34,125 [d20057ad-1402-4c9c-a7ab-3e414ff49065@group-695F003AEC91-StateMachineUpdater] INFO  impl.StateMachineUpdater (StateMachineUpdater.java:lambda$new$0(87)) - d20057ad-1402-4c9c-a7ab-3e414ff49065@group-695F003AEC91-StateMachineUpdater: snapshotIndex: updateIncreasingly -1 -> 0
2020-12-11 11:59:34,125 [d20057ad-1402-4c9c-a7ab-3e414ff49065@group-695F003AEC91-StateMachineUpdater] INFO  metrics.RatisMetrics (RatisMetrics.java:unregister(43)) - Unregistering Metrics Registry : ratis.state_machine.d20057ad-1402-4c9c-a7ab-3e414ff49065@group-695F003AEC91
2020-12-11 11:59:34,125 [Listener at 127.0.0.1/32773] INFO  impl.RaftServerImpl (ServerState.java:close(406)) - d20057ad-1402-4c9c-a7ab-3e414ff49065@group-695F003AEC91: closes. applyIndex: 0
2020-12-11 11:59:34,126 [14058016-3fcf-4920-991e-a5361899d5d7@group-B9DCA29E1988-StateMachineUpdater] INFO  ratis.ContainerStateMachine (ContainerStateMachine.java:takeSnapshot(304)) - group-B9DCA29E1988: Finished taking a snapshot at:(t:1, i:0) file:/github/workspace/mnt/ozone/hadoop-ozone/integration-test/target/test-dir/MiniOzoneClusterImpl-9e77629d-1495-4101-8eb0-46d1fa4d7a32/datanode-1/data/ratis/d4ed0903-a34d-4264-a54b-b9dca29e1988/sm/snapshot.1_0 time:2
2020-12-11 11:59:34,127 [14058016-3fcf-4920-991e-a5361899d5d7@group-B9DCA29E1988-StateMachineUpdater] INFO  impl.StateMachineUpdater (StateMachineUpdater.java:takeSnapshot(278)) - 14058016-3fcf-4920-991e-a5361899d5d7@group-B9DCA29E1988-StateMachineUpdater: Took a snapshot at index 0
2020-12-11 11:59:34,127 [14058016-3fcf-4920-991e-a5361899d5d7@group-B9DCA29E1988-StateMachineUpdater] INFO  impl.StateMachineUpdater (StateMachineUpdater.java:lambda$new$0(87)) - 14058016-3fcf-4920-991e-a5361899d5d7@group-B9DCA29E1988-StateMachineUpdater: snapshotIndex: updateIncreasingly -1 -> 0
2020-12-11 11:59:34,127 [d20057ad-1402-4c9c-a7ab-3e414ff49065@group-695F003AEC91-SegmentedRaftLogWorker] INFO  segmented.SegmentedRaftLogWorker (SegmentedRaftLogWorker.java:run(329)) - d20057ad-1402-4c9c-a7ab-3e414ff49065@group-695F003AEC91-SegmentedRaftLogWorker was interrupted, exiting. There are 0 tasks remaining in the queue.
2020-12-11 11:59:34,127 [Listener at 127.0.0.1/32773] INFO  segmented.SegmentedRaftLogWorker (SegmentedRaftLogWorker.java:close(235)) - d20057ad-1402-4c9c-a7ab-3e414ff49065@group-695F003AEC91-SegmentedRaftLogWorker close()
2020-12-11 11:59:34,128 [14058016-3fcf-4920-991e-a5361899d5d7@group-B9DCA29E1988-StateMachineUpdater] INFO  metrics.RatisMetrics (RatisMetrics.java:unregister(43)) - Unregistering Metrics Registry : ratis.state_machine.14058016-3fcf-4920-991e-a5361899d5d7@group-B9DCA29E1988
2020-12-11 11:59:34,128 [ForkJoinPool.commonPool-worker-1] INFO  impl.RaftServerImpl (ServerState.java:close(406)) - 14058016-3fcf-4920-991e-a5361899d5d7@group-B9DCA29E1988: closes. applyIndex: 0
2020-12-11 11:59:34,129 [14058016-3fcf-4920-991e-a5361899d5d7@group-B9DCA29E1988-SegmentedRaftLogWorker] INFO  segmented.SegmentedRaftLogWorker (SegmentedRaftLogWorker.java:run(329)) - 14058016-3fcf-4920-991e-a5361899d5d7@group-B9DCA29E1988-SegmentedRaftLogWorker was interrupted, exiting. There are 0 tasks remaining in the queue.
2020-12-11 11:59:34,129 [ForkJoinPool.commonPool-worker-1] INFO  segmented.SegmentedRaftLogWorker (SegmentedRaftLogWorker.java:close(235)) - 14058016-3fcf-4920-991e-a5361899d5d7@group-B9DCA29E1988-SegmentedRaftLogWorker close()
2020-12-11 11:59:34,130 [ForkJoinPool.commonPool-worker-1] INFO  metrics.RatisMetrics (RatisMetrics.java:unregister(43)) - Unregistering Metrics Registry : ratis.log_worker.14058016-3fcf-4920-991e-a5361899d5d7@group-B9DCA29E1988
2020-12-11 11:59:34,130 [ForkJoinPool.commonPool-worker-1] INFO  metrics.RatisMetrics (RatisMetrics.java:unregister(43)) - Unregistering Metrics Registry : ratis.leader_election.14058016-3fcf-4920-991e-a5361899d5d7@group-B9DCA29E1988
2020-12-11 11:59:34,130 [ForkJoinPool.commonPool-worker-1] INFO  metrics.RatisMetrics (RatisMetrics.java:unregister(43)) - Unregistering Metrics Registry : ratis.server.14058016-3fcf-4920-991e-a5361899d5d7@group-B9DCA29E1988
2020-12-11 11:59:34,130 [ForkJoinPool.commonPool-worker-1] INFO  impl.RaftServerImpl (RaftServerImpl.java:lambda$shutdown$3(328)) - 14058016-3fcf-4920-991e-a5361899d5d7@group-7AF80F2BCD78: shutdown
2020-12-11 11:59:34,130 [ForkJoinPool.commonPool-worker-1] INFO  util.JmxRegister (JmxRegister.java:unregister(73)) - Successfully un-registered JMX Bean with object name Ratis:service=RaftServer,group=group-7AF80F2BCD78,id=14058016-3fcf-4920-991e-a5361899d5d7
2020-12-11 11:59:34,131 [ForkJoinPool.commonPool-worker-1] INFO  impl.RoleInfo (RoleInfo.java:shutdownLeaderState(104)) - 14058016-3fcf-4920-991e-a5361899d5d7: shutdown 14058016-3fcf-4920-991e-a5361899d5d7@group-7AF80F2BCD78-LeaderState
2020-12-11 11:59:34,131 [ForkJoinPool.commonPool-worker-1] INFO  impl.PendingRequests (PendingRequests.java:sendNotLeaderResponses(250)) - 14058016-3fcf-4920-991e-a5361899d5d7@group-7AF80F2BCD78-PendingRequests: sendNotLeaderResponses
2020-12-11 11:59:34,131 [ForkJoinPool.commonPool-worker-1] INFO  metrics.RatisMetrics (RatisMetrics.java:unregister(43)) - Unregistering Metrics Registry : ratis.log_appender.14058016-3fcf-4920-991e-a5361899d5d7@group-7AF80F2BCD78
2020-12-11 11:59:34,131 [ForkJoinPool.commonPool-worker-1] INFO  metrics.RatisMetrics (RatisMetrics.java:unregister(43)) - Unregistering Metrics Registry : ratis.server.14058016-3fcf-4920-991e-a5361899d5d7@group-7AF80F2BCD78
2020-12-11 11:59:34,132 [ForkJoinPool.commonPool-worker-1] INFO  impl.StateMachineUpdater (StateMachineUpdater.java:stopAndJoin(147)) - 14058016-3fcf-4920-991e-a5361899d5d7@group-7AF80F2BCD78-StateMachineUpdater: set stopIndex = 0
2020-12-11 11:59:34,132 [14058016-3fcf-4920-991e-a5361899d5d7@group-7AF80F2BCD78-StateMachineUpdater] INFO  ratis.ContainerStateMachine (ContainerStateMachine.java:takeSnapshot(293)) - group-7AF80F2BCD78: Taking a snapshot at:(t:1, i:0) file /github/workspace/mnt/ozone/hadoop-ozone/integration-test/target/test-dir/MiniOzoneClusterImpl-9e77629d-1495-4101-8eb0-46d1fa4d7a32/datanode-1/data/ratis/62408027-fa67-4bc6-b365-7af80f2bcd78/sm/snapshot.1_0
2020-12-11 11:59:34,133 [Listener at 127.0.0.1/32773] INFO  metrics.RatisMetrics (RatisMetrics.java:unregister(43)) - Unregistering Metrics Registry : ratis.log_worker.d20057ad-1402-4c9c-a7ab-3e414ff49065@group-695F003AEC91
2020-12-11 11:59:34,133 [14058016-3fcf-4920-991e-a5361899d5d7@group-7AF80F2BCD78-StateMachineUpdater] INFO  ratis.ContainerStateMachine (ContainerStateMachine.java:takeSnapshot(304)) - group-7AF80F2BCD78: Finished taking a snapshot at:(t:1, i:0) file:/github/workspace/mnt/ozone/hadoop-ozone/integration-test/target/test-dir/MiniOzoneClusterImpl-9e77629d-1495-4101-8eb0-46d1fa4d7a32/datanode-1/data/ratis/62408027-fa67-4bc6-b365-7af80f2bcd78/sm/snapshot.1_0 time:1
2020-12-11 11:59:34,137 [Listener at 127.0.0.1/32773] INFO  metrics.RatisMetrics (RatisMetrics.java:unregister(43)) - Unregistering Metrics Registry : ratis.leader_election.d20057ad-1402-4c9c-a7ab-3e414ff49065@group-695F003AEC91
2020-12-11 11:59:34,137 [14058016-3fcf-4920-991e-a5361899d5d7@group-7AF80F2BCD78-StateMachineUpdater] INFO  impl.StateMachineUpdater (StateMachineUpdater.java:takeSnapshot(278)) - 14058016-3fcf-4920-991e-a5361899d5d7@group-7AF80F2BCD78-StateMachineUpdater: Took a snapshot at index 0
2020-12-11 11:59:34,137 [Listener at 127.0.0.1/32773] INFO  metrics.RatisMetrics (RatisMetrics.java:unregister(43)) - Unregistering Metrics Registry : ratis.server.d20057ad-1402-4c9c-a7ab-3e414ff49065@group-695F003AEC91
2020-12-11 11:59:34,137 [14058016-3fcf-4920-991e-a5361899d5d7@group-7AF80F2BCD78-StateMachineUpdater] INFO  impl.StateMachineUpdater (StateMachineUpdater.java:lambda$new$0(87)) - 14058016-3fcf-4920-991e-a5361899d5d7@group-7AF80F2BCD78-StateMachineUpdater: snapshotIndex: updateIncreasingly -1 -> 0
2020-12-11 11:59:34,137 [Listener at 127.0.0.1/32773] INFO  server.GrpcService (GrpcService.java:closeImpl(184)) - d20057ad-1402-4c9c-a7ab-3e414ff49065: shutdown server with port 44809 now
2020-12-11 11:59:34,138 [14058016-3fcf-4920-991e-a5361899d5d7@group-7AF80F2BCD78-StateMachineUpdater] INFO  metrics.RatisMetrics (RatisMetrics.java:unregister(43)) - Unregistering Metrics Registry : ratis.state_machine.14058016-3fcf-4920-991e-a5361899d5d7@group-7AF80F2BCD78
2020-12-11 11:59:34,138 [ForkJoinPool.commonPool-worker-1] INFO  impl.RaftServerImpl (ServerState.java:close(406)) - 14058016-3fcf-4920-991e-a5361899d5d7@group-7AF80F2BCD78: closes. applyIndex: 0
2020-12-11 11:59:34,138 [14058016-3fcf-4920-991e-a5361899d5d7@group-7AF80F2BCD78-SegmentedRaftLogWorker] INFO  segmented.SegmentedRaftLogWorker (SegmentedRaftLogWorker.java:run(329)) - 14058016-3fcf-4920-991e-a5361899d5d7@group-7AF80F2BCD78-SegmentedRaftLogWorker was interrupted, exiting. There are 0 tasks remaining in the queue.
2020-12-11 11:59:34,138 [ForkJoinPool.commonPool-worker-1] INFO  segmented.SegmentedRaftLogWorker (SegmentedRaftLogWorker.java:close(235)) - 14058016-3fcf-4920-991e-a5361899d5d7@group-7AF80F2BCD78-SegmentedRaftLogWorker close()
2020-12-11 11:59:34,140 [Listener at 127.0.0.1/32773] INFO  server.GrpcService (GrpcService.java:closeImpl(193)) - d20057ad-1402-4c9c-a7ab-3e414ff49065: shutdown server with port 44809 successfully
2020-12-11 11:59:34,140 [grpc-default-executor-0] WARN  server.GrpcServerProtocolService (LogUtils.java:warn(122)) - d20057ad-1402-4c9c-a7ab-3e414ff49065: installSnapshot onError, lastRequest: ae07f068-47ba-4716-bac5-3cb4c79fd2be->d20057ad-1402-4c9c-a7ab-3e414ff49065#1-t1, previous=(t:0, i:0), leaderCommit=0, initializing? false, entries: size=1, first=(t:1, i:0), CONFIGURATIONENTRY: org.apache.ratis.thirdparty.io.grpc.StatusRuntimeException: CANCELLED: cancelled before receiving half close
2020-12-11 11:59:34,141 [Listener at 127.0.0.1/32773] INFO  utils.BackgroundService (BackgroundService.java:shutdown(132)) - Shutting down service BlockDeletingService
2020-12-11 11:59:34,142 [grpc-default-executor-0] WARN  server.GrpcLogAppender (LogUtils.java:warn(122)) - ae07f068-47ba-4716-bac5-3cb4c79fd2be@group-2B781C67474A->d20057ad-1402-4c9c-a7ab-3e414ff49065-AppendLogResponseHandler: Failed appendEntries: org.apache.ratis.thirdparty.io.grpc.StatusRuntimeException: CANCELLED: HTTP/2 error code: CANCEL
Received Rst Stream
2020-12-11 11:59:34,142 [Listener at 127.0.0.1/32773] INFO  statemachine.DatanodeStateMachine (DatanodeStateMachine.java:stopDaemon(461)) - Ozone container server stopped.
2020-12-11 11:59:34,142 [grpc-default-executor-0] WARN  server.GrpcLogAppender (GrpcLogAppender.java:resetClient(107)) - ae07f068-47ba-4716-bac5-3cb4c79fd2be@group-2B781C67474A->d20057ad-1402-4c9c-a7ab-3e414ff49065-GrpcLogAppender: Leader has not got in touch with Follower ae07f068-47ba-4716-bac5-3cb4c79fd2be@group-2B781C67474A->d20057ad-1402-4c9c-a7ab-3e414ff49065(c0,m0,n1, attendVote=true, lastRpcSendTime=2353, lastRpcResponseTime=2352) yet, just keep nextIndex unchanged and retry.
2020-12-11 11:59:34,148 [ForkJoinPool.commonPool-worker-1] INFO  metrics.RatisMetrics (RatisMetrics.java:unregister(43)) - Unregistering Metrics Registry : ratis.log_worker.14058016-3fcf-4920-991e-a5361899d5d7@group-7AF80F2BCD78
2020-12-11 11:59:34,148 [ForkJoinPool.commonPool-worker-1] INFO  metrics.RatisMetrics (RatisMetrics.java:unregister(43)) - Unregistering Metrics Registry : ratis.leader_election.14058016-3fcf-4920-991e-a5361899d5d7@group-7AF80F2BCD78
2020-12-11 11:59:34,149 [ForkJoinPool.commonPool-worker-1] INFO  metrics.RatisMetrics (RatisMetrics.java:unregister(43)) - Unregistering Metrics Registry : ratis.server.14058016-3fcf-4920-991e-a5361899d5d7@group-7AF80F2BCD78
2020-12-11 11:59:34,149 [ForkJoinPool.commonPool-worker-1] INFO  server.GrpcService (GrpcService.java:closeImpl(184)) - 14058016-3fcf-4920-991e-a5361899d5d7: shutdown server with port 45451 now
2020-12-11 11:59:34,149 [ForkJoinPool.commonPool-worker-1] INFO  server.GrpcService (GrpcService.java:closeImpl(193)) - 14058016-3fcf-4920-991e-a5361899d5d7: shutdown server with port 45451 successfully
2020-12-11 11:59:34,152 [ForkJoinPool.commonPool-worker-1] INFO  utils.BackgroundService (BackgroundService.java:shutdown(132)) - Shutting down service BlockDeletingService
2020-12-11 11:59:34,153 [ForkJoinPool.commonPool-worker-1] INFO  statemachine.DatanodeStateMachine (DatanodeStateMachine.java:stopDaemon(461)) - Ozone container server stopped.
2020-12-11 11:59:34,159 [Listener at 127.0.0.1/32773] INFO  handler.ContextHandler (ContextHandler.java:doStop(1154)) - Stopped o.e.j.w.WebAppContext@43fa643e{hddsDatanode,/,null,STOPPED}{jar:file:/home/user/.m2/repository/org/apache/hadoop/hadoop-hdds-container-service/1.1.0-SNAPSHOT/hadoop-hdds-container-service-1.1.0-SNAPSHOT.jar!/webapps/hddsDatanode}
2020-12-11 11:59:34,164 [Listener at 127.0.0.1/32773] INFO  server.AbstractConnector (AbstractConnector.java:doStop(381)) - Stopped ServerConnector@4002f09c{HTTP/1.1, (http/1.1)}{0.0.0.0:0}
2020-12-11 11:59:34,164 [Listener at 127.0.0.1/32773] INFO  server.session (HouseKeeper.java:stopScavenging(149)) - node0 Stopped scavenging
2020-12-11 11:59:34,164 [Listener at 127.0.0.1/32773] INFO  handler.ContextHandler (ContextHandler.java:doStop(1154)) - Stopped o.e.j.s.ServletContextHandler@5f9c3073{static,/static,jar:file:/home/user/.m2/repository/org/apache/hadoop/hadoop-hdds-container-service/1.1.0-SNAPSHOT/hadoop-hdds-container-service-1.1.0-SNAPSHOT.jar!/webapps/static,STOPPED}
2020-12-11 11:59:34,165 [Listener at 127.0.0.1/32773] INFO  handler.ContextHandler (ContextHandler.java:doStop(1154)) - Stopped o.e.j.s.ServletContextHandler@30f19549{logs,/logs,file:///github/workspace/mnt/ozone/hadoop-ozone/integration-test/target/log,STOPPED}
2020-12-11 11:59:34,169 [ForkJoinPool.commonPool-worker-1] INFO  handler.ContextHandler (ContextHandler.java:doStop(1154)) - Stopped o.e.j.w.WebAppContext@2f98c012{hddsDatanode,/,null,STOPPED}{jar:file:/home/user/.m2/repository/org/apache/hadoop/hadoop-hdds-container-service/1.1.0-SNAPSHOT/hadoop-hdds-container-service-1.1.0-SNAPSHOT.jar!/webapps/hddsDatanode}
2020-12-11 11:59:34,169 [ForkJoinPool.commonPool-worker-1] INFO  server.AbstractConnector (AbstractConnector.java:doStop(381)) - Stopped ServerConnector@114f913d{HTTP/1.1, (http/1.1)}{0.0.0.0:0}
2020-12-11 11:59:34,169 [ForkJoinPool.commonPool-worker-1] INFO  server.session (HouseKeeper.java:stopScavenging(149)) - node0 Stopped scavenging
2020-12-11 11:59:34,170 [ForkJoinPool.commonPool-worker-1] INFO  handler.ContextHandler (ContextHandler.java:doStop(1154)) - Stopped o.e.j.s.ServletContextHandler@627b9f03{static,/static,jar:file:/home/user/.m2/repository/org/apache/hadoop/hadoop-hdds-container-service/1.1.0-SNAPSHOT/hadoop-hdds-container-service-1.1.0-SNAPSHOT.jar!/webapps/static,STOPPED}
2020-12-11 11:59:34,171 [ForkJoinPool.commonPool-worker-1] INFO  handler.ContextHandler (ContextHandler.java:doStop(1154)) - Stopped o.e.j.s.ServletContextHandler@2b1fecfc{logs,/logs,file:///github/workspace/mnt/ozone/hadoop-ozone/integration-test/target/log,STOPPED}
2020-12-11 11:59:34,211 [Datanode State Machine Thread - 0] INFO  statemachine.DatanodeStateMachine (DatanodeStateMachine.java:lambda$startDaemon$0(408)) - Ozone container server started.
2020-12-11 11:59:34,289 [grpc-default-executor-0] WARN  server.GrpcLogAppender (LogUtils.java:warn(122)) - ae07f068-47ba-4716-bac5-3cb4c79fd2be@group-2B781C67474A->3242355b-cd6b-427d-b7e9-4ae74739cb3e-AppendLogResponseHandler: Failed appendEntries: org.apache.ratis.thirdparty.io.grpc.StatusRuntimeException: UNAVAILABLE: io exception
2020-12-11 11:59:34,289 [grpc-default-executor-0] WARN  server.GrpcLogAppender (GrpcLogAppender.java:resetClient(107)) - ae07f068-47ba-4716-bac5-3cb4c79fd2be@group-2B781C67474A->3242355b-cd6b-427d-b7e9-4ae74739cb3e-GrpcLogAppender: Leader has not got in touch with Follower ae07f068-47ba-4716-bac5-3cb4c79fd2be@group-2B781C67474A->3242355b-cd6b-427d-b7e9-4ae74739cb3e(c0,m0,n1, attendVote=true, lastRpcSendTime=0, lastRpcResponseTime=7504) yet, just keep nextIndex unchanged and retry.
2020-12-11 11:59:34,291 [grpc-default-executor-5] WARN  server.GrpcLogAppender (LogUtils.java:warn(122)) - ae07f068-47ba-4716-bac5-3cb4c79fd2be@group-2B781C67474A->d20057ad-1402-4c9c-a7ab-3e414ff49065-AppendLogResponseHandler: Failed appendEntries: org.apache.ratis.thirdparty.io.grpc.StatusRuntimeException: UNAVAILABLE: io exception
2020-12-11 11:59:34,292 [grpc-default-executor-5] WARN  server.GrpcLogAppender (GrpcLogAppender.java:resetClient(107)) - ae07f068-47ba-4716-bac5-3cb4c79fd2be@group-2B781C67474A->d20057ad-1402-4c9c-a7ab-3e414ff49065-GrpcLogAppender: Leader has not got in touch with Follower ae07f068-47ba-4716-bac5-3cb4c79fd2be@group-2B781C67474A->d20057ad-1402-4c9c-a7ab-3e414ff49065(c0,m0,n1, attendVote=true, lastRpcSendTime=0, lastRpcResponseTime=2501) yet, just keep nextIndex unchanged and retry.
2020-12-11 11:59:36,790 [grpc-default-executor-5] WARN  server.GrpcLogAppender (LogUtils.java:warn(122)) - ae07f068-47ba-4716-bac5-3cb4c79fd2be@group-2B781C67474A->3242355b-cd6b-427d-b7e9-4ae74739cb3e-AppendLogResponseHandler: Failed appendEntries: org.apache.ratis.thirdparty.io.grpc.StatusRuntimeException: UNAVAILABLE: io exception
2020-12-11 11:59:36,790 [grpc-default-executor-5] WARN  server.GrpcLogAppender (GrpcLogAppender.java:resetClient(107)) - ae07f068-47ba-4716-bac5-3cb4c79fd2be@group-2B781C67474A->3242355b-cd6b-427d-b7e9-4ae74739cb3e-GrpcLogAppender: Leader has not got in touch with Follower ae07f068-47ba-4716-bac5-3cb4c79fd2be@group-2B781C67474A->3242355b-cd6b-427d-b7e9-4ae74739cb3e(c0,m0,n1, attendVote=true, lastRpcSendTime=0, lastRpcResponseTime=10005) yet, just keep nextIndex unchanged and retry.
2020-12-11 11:59:36,792 [grpc-default-executor-5] WARN  server.GrpcLogAppender (LogUtils.java:warn(122)) - ae07f068-47ba-4716-bac5-3cb4c79fd2be@group-2B781C67474A->d20057ad-1402-4c9c-a7ab-3e414ff49065-AppendLogResponseHandler: Failed appendEntries: org.apache.ratis.thirdparty.io.grpc.StatusRuntimeException: UNAVAILABLE: io exception
2020-12-11 11:59:36,793 [grpc-default-executor-5] WARN  server.GrpcLogAppender (GrpcLogAppender.java:resetClient(107)) - ae07f068-47ba-4716-bac5-3cb4c79fd2be@group-2B781C67474A->d20057ad-1402-4c9c-a7ab-3e414ff49065-GrpcLogAppender: Leader has not got in touch with Follower ae07f068-47ba-4716-bac5-3cb4c79fd2be@group-2B781C67474A->d20057ad-1402-4c9c-a7ab-3e414ff49065(c0,m0,n1, attendVote=true, lastRpcSendTime=0, lastRpcResponseTime=5002) yet, just keep nextIndex unchanged and retry.
2020-12-11 11:59:39,167 [Listener at 127.0.0.1/32773] INFO  ozoneimpl.OzoneContainer (OzoneContainer.java:stop(257)) - Attempting to stop container services.
2020-12-11 11:59:39,167 [Listener at 127.0.0.1/32773] INFO  impl.RaftServerProxy (RaftServerProxy.java:lambda$close$4(338)) - ae07f068-47ba-4716-bac5-3cb4c79fd2be: close
2020-12-11 11:59:39,167 [Listener at 127.0.0.1/32773] INFO  impl.RaftServerImpl (RaftServerImpl.java:lambda$shutdown$3(328)) - ae07f068-47ba-4716-bac5-3cb4c79fd2be@group-2B781C67474A: shutdown
2020-12-11 11:59:39,168 [Listener at 127.0.0.1/32773] INFO  util.JmxRegister (JmxRegister.java:unregister(73)) - Successfully un-registered JMX Bean with object name Ratis:service=RaftServer,group=group-2B781C67474A,id=ae07f068-47ba-4716-bac5-3cb4c79fd2be
2020-12-11 11:59:39,168 [Listener at 127.0.0.1/32773] INFO  impl.RoleInfo (RoleInfo.java:shutdownLeaderState(104)) - ae07f068-47ba-4716-bac5-3cb4c79fd2be: shutdown ae07f068-47ba-4716-bac5-3cb4c79fd2be@group-2B781C67474A-LeaderState
2020-12-11 11:59:39,168 [Listener at 127.0.0.1/32773] INFO  metrics.RatisMetrics (RatisMetrics.java:unregister(43)) - Unregistering Metrics Registry : ratis_grpc.log_appender.ae07f068-47ba-4716-bac5-3cb4c79fd2be@group-2B781C67474A
2020-12-11 11:59:39,168 [Listener at 127.0.0.1/32773] INFO  metrics.RatisMetrics (RatisMetrics.java:unregister(43)) - Unregistering Metrics Registry : ratis_grpc.log_appender.ae07f068-47ba-4716-bac5-3cb4c79fd2be@group-2B781C67474A
2020-12-11 11:59:39,168 [org.apache.ratis.server.impl.LogAppender$AppenderDaemon$$Lambda$504/1468687552@539a4f53] WARN  server.GrpcLogAppender (GrpcLogAppender.java:mayWait(168)) - ae07f068-47ba-4716-bac5-3cb4c79fd2be@group-2B781C67474A->3242355b-cd6b-427d-b7e9-4ae74739cb3e-GrpcLogAppender: Wait interrupted by java.lang.InterruptedException
2020-12-11 11:59:39,168 [org.apache.ratis.server.impl.LogAppender$AppenderDaemon$$Lambda$504/1468687552@72277f36] WARN  server.GrpcLogAppender (GrpcLogAppender.java:mayWait(168)) - ae07f068-47ba-4716-bac5-3cb4c79fd2be@group-2B781C67474A->d20057ad-1402-4c9c-a7ab-3e414ff49065-GrpcLogAppender: Wait interrupted by java.lang.InterruptedException
2020-12-11 11:59:39,168 [Listener at 127.0.0.1/32773] INFO  impl.PendingRequests (PendingRequests.java:sendNotLeaderResponses(250)) - ae07f068-47ba-4716-bac5-3cb4c79fd2be@group-2B781C67474A-PendingRequests: sendNotLeaderResponses
2020-12-11 11:59:39,169 [Listener at 127.0.0.1/32773] INFO  metrics.RatisMetrics (RatisMetrics.java:unregister(43)) - Unregistering Metrics Registry : ratis.log_appender.ae07f068-47ba-4716-bac5-3cb4c79fd2be@group-2B781C67474A
2020-12-11 11:59:39,169 [Listener at 127.0.0.1/32773] INFO  metrics.RatisMetrics (RatisMetrics.java:unregister(43)) - Unregistering Metrics Registry : ratis.server.ae07f068-47ba-4716-bac5-3cb4c79fd2be@group-2B781C67474A
2020-12-11 11:59:39,170 [Listener at 127.0.0.1/32773] INFO  impl.StateMachineUpdater (StateMachineUpdater.java:stopAndJoin(147)) - ae07f068-47ba-4716-bac5-3cb4c79fd2be@group-2B781C67474A-StateMachineUpdater: set stopIndex = 0
2020-12-11 11:59:39,171 [ae07f068-47ba-4716-bac5-3cb4c79fd2be@group-2B781C67474A-StateMachineUpdater] INFO  ratis.ContainerStateMachine (ContainerStateMachine.java:takeSnapshot(293)) - group-2B781C67474A: Taking a snapshot at:(t:1, i:0) file /github/workspace/mnt/ozone/hadoop-ozone/integration-test/target/test-dir/MiniOzoneClusterImpl-9e77629d-1495-4101-8eb0-46d1fa4d7a32/datanode-6/data/ratis/f00d53d6-af4b-4142-9e13-2b781c67474a/sm/snapshot.1_0
2020-12-11 11:59:39,172 [ae07f068-47ba-4716-bac5-3cb4c79fd2be@group-2B781C67474A-StateMachineUpdater] INFO  ratis.ContainerStateMachine (ContainerStateMachine.java:takeSnapshot(304)) - group-2B781C67474A: Finished taking a snapshot at:(t:1, i:0) file:/github/workspace/mnt/ozone/hadoop-ozone/integration-test/target/test-dir/MiniOzoneClusterImpl-9e77629d-1495-4101-8eb0-46d1fa4d7a32/datanode-6/data/ratis/f00d53d6-af4b-4142-9e13-2b781c67474a/sm/snapshot.1_0 time:1
2020-12-11 11:59:39,172 [ae07f068-47ba-4716-bac5-3cb4c79fd2be@group-2B781C67474A-StateMachineUpdater] INFO  impl.StateMachineUpdater (StateMachineUpdater.java:takeSnapshot(278)) - ae07f068-47ba-4716-bac5-3cb4c79fd2be@group-2B781C67474A-StateMachineUpdater: Took a snapshot at index 0
2020-12-11 11:59:39,172 [ae07f068-47ba-4716-bac5-3cb4c79fd2be@group-2B781C67474A-StateMachineUpdater] INFO  impl.StateMachineUpdater (StateMachineUpdater.java:lambda$new$0(87)) - ae07f068-47ba-4716-bac5-3cb4c79fd2be@group-2B781C67474A-StateMachineUpdater: snapshotIndex: updateIncreasingly -1 -> 0
2020-12-11 11:59:39,172 [ae07f068-47ba-4716-bac5-3cb4c79fd2be@group-2B781C67474A-StateMachineUpdater] INFO  metrics.RatisMetrics (RatisMetrics.java:unregister(43)) - Unregistering Metrics Registry : ratis.state_machine.ae07f068-47ba-4716-bac5-3cb4c79fd2be@group-2B781C67474A
2020-12-11 11:59:39,172 [Listener at 127.0.0.1/32773] INFO  impl.RaftServerImpl (ServerState.java:close(406)) - ae07f068-47ba-4716-bac5-3cb4c79fd2be@group-2B781C67474A: closes. applyIndex: 0
2020-12-11 11:59:39,172 [ae07f068-47ba-4716-bac5-3cb4c79fd2be@group-2B781C67474A-SegmentedRaftLogWorker] INFO  segmented.SegmentedRaftLogWorker (SegmentedRaftLogWorker.java:run(329)) - ae07f068-47ba-4716-bac5-3cb4c79fd2be@group-2B781C67474A-SegmentedRaftLogWorker was interrupted, exiting. There are 0 tasks remaining in the queue.
2020-12-11 11:59:39,173 [Listener at 127.0.0.1/32773] INFO  segmented.SegmentedRaftLogWorker (SegmentedRaftLogWorker.java:close(235)) - ae07f068-47ba-4716-bac5-3cb4c79fd2be@group-2B781C67474A-SegmentedRaftLogWorker close()
2020-12-11 11:59:39,175 [Listener at 127.0.0.1/32773] INFO  metrics.RatisMetrics (RatisMetrics.java:unregister(43)) - Unregistering Metrics Registry : ratis.log_worker.ae07f068-47ba-4716-bac5-3cb4c79fd2be@group-2B781C67474A
2020-12-11 11:59:39,175 [Listener at 127.0.0.1/32773] INFO  metrics.RatisMetrics (RatisMetrics.java:unregister(43)) - Unregistering Metrics Registry : ratis.leader_election.ae07f068-47ba-4716-bac5-3cb4c79fd2be@group-2B781C67474A
2020-12-11 11:59:39,175 [Listener at 127.0.0.1/32773] INFO  metrics.RatisMetrics (RatisMetrics.java:unregister(43)) - Unregistering Metrics Registry : ratis.server.ae07f068-47ba-4716-bac5-3cb4c79fd2be@group-2B781C67474A
2020-12-11 11:59:39,175 [Listener at 127.0.0.1/32773] INFO  impl.RaftServerImpl (RaftServerImpl.java:lambda$shutdown$3(328)) - ae07f068-47ba-4716-bac5-3cb4c79fd2be@group-7C5A795D934E: shutdown
2020-12-11 11:59:39,176 [Listener at 127.0.0.1/32773] INFO  util.JmxRegister (JmxRegister.java:unregister(73)) - Successfully un-registered JMX Bean with object name Ratis:service=RaftServer,group=group-7C5A795D934E,id=ae07f068-47ba-4716-bac5-3cb4c79fd2be
2020-12-11 11:59:39,176 [Listener at 127.0.0.1/32773] INFO  impl.RoleInfo (RoleInfo.java:shutdownLeaderState(104)) - ae07f068-47ba-4716-bac5-3cb4c79fd2be: shutdown ae07f068-47ba-4716-bac5-3cb4c79fd2be@group-7C5A795D934E-LeaderState
2020-12-11 11:59:39,176 [Listener at 127.0.0.1/32773] INFO  impl.PendingRequests (PendingRequests.java:sendNotLeaderResponses(250)) - ae07f068-47ba-4716-bac5-3cb4c79fd2be@group-7C5A795D934E-PendingRequests: sendNotLeaderResponses
2020-12-11 11:59:39,176 [Listener at 127.0.0.1/32773] INFO  metrics.RatisMetrics (RatisMetrics.java:unregister(43)) - Unregistering Metrics Registry : ratis.log_appender.ae07f068-47ba-4716-bac5-3cb4c79fd2be@group-7C5A795D934E
2020-12-11 11:59:39,176 [Listener at 127.0.0.1/32773] INFO  metrics.RatisMetrics (RatisMetrics.java:unregister(43)) - Unregistering Metrics Registry : ratis.server.ae07f068-47ba-4716-bac5-3cb4c79fd2be@group-7C5A795D934E
2020-12-11 11:59:39,179 [ae07f068-47ba-4716-bac5-3cb4c79fd2be@group-7C5A795D934E-StateMachineUpdater] INFO  ratis.ContainerStateMachine (ContainerStateMachine.java:takeSnapshot(293)) - group-7C5A795D934E: Taking a snapshot at:(t:1, i:0) file /github/workspace/mnt/ozone/hadoop-ozone/integration-test/target/test-dir/MiniOzoneClusterImpl-9e77629d-1495-4101-8eb0-46d1fa4d7a32/datanode-6/data/ratis/14c66980-a7ee-4ed2-abf6-7c5a795d934e/sm/snapshot.1_0
2020-12-11 11:59:39,180 [Listener at 127.0.0.1/32773] INFO  impl.StateMachineUpdater (StateMachineUpdater.java:stopAndJoin(147)) - ae07f068-47ba-4716-bac5-3cb4c79fd2be@group-7C5A795D934E-StateMachineUpdater: set stopIndex = 0
2020-12-11 11:59:39,180 [ae07f068-47ba-4716-bac5-3cb4c79fd2be@group-7C5A795D934E-StateMachineUpdater] INFO  ratis.ContainerStateMachine (ContainerStateMachine.java:takeSnapshot(304)) - group-7C5A795D934E: Finished taking a snapshot at:(t:1, i:0) file:/github/workspace/mnt/ozone/hadoop-ozone/integration-test/target/test-dir/MiniOzoneClusterImpl-9e77629d-1495-4101-8eb0-46d1fa4d7a32/datanode-6/data/ratis/14c66980-a7ee-4ed2-abf6-7c5a795d934e/sm/snapshot.1_0 time:1
2020-12-11 11:59:39,181 [ae07f068-47ba-4716-bac5-3cb4c79fd2be@group-7C5A795D934E-StateMachineUpdater] INFO  impl.StateMachineUpdater (StateMachineUpdater.java:takeSnapshot(278)) - ae07f068-47ba-4716-bac5-3cb4c79fd2be@group-7C5A795D934E-StateMachineUpdater: Took a snapshot at index 0
2020-12-11 11:59:39,181 [ae07f068-47ba-4716-bac5-3cb4c79fd2be@group-7C5A795D934E-StateMachineUpdater] INFO  impl.StateMachineUpdater (StateMachineUpdater.java:lambda$new$0(87)) - ae07f068-47ba-4716-bac5-3cb4c79fd2be@group-7C5A795D934E-StateMachineUpdater: snapshotIndex: updateIncreasingly -1 -> 0
2020-12-11 11:59:39,181 [ae07f068-47ba-4716-bac5-3cb4c79fd2be@group-7C5A795D934E-StateMachineUpdater] INFO  metrics.RatisMetrics (RatisMetrics.java:unregister(43)) - Unregistering Metrics Registry : ratis.state_machine.ae07f068-47ba-4716-bac5-3cb4c79fd2be@group-7C5A795D934E
2020-12-11 11:59:39,181 [Listener at 127.0.0.1/32773] INFO  impl.RaftServerImpl (ServerState.java:close(406)) - ae07f068-47ba-4716-bac5-3cb4c79fd2be@group-7C5A795D934E: closes. applyIndex: 0
2020-12-11 11:59:39,181 [ae07f068-47ba-4716-bac5-3cb4c79fd2be@group-7C5A795D934E-SegmentedRaftLogWorker] INFO  segmented.SegmentedRaftLogWorker (SegmentedRaftLogWorker.java:run(329)) - ae07f068-47ba-4716-bac5-3cb4c79fd2be@group-7C5A795D934E-SegmentedRaftLogWorker was interrupted, exiting. There are 0 tasks remaining in the queue.
2020-12-11 11:59:39,182 [Listener at 127.0.0.1/32773] INFO  segmented.SegmentedRaftLogWorker (SegmentedRaftLogWorker.java:close(235)) - ae07f068-47ba-4716-bac5-3cb4c79fd2be@group-7C5A795D934E-SegmentedRaftLogWorker close()
2020-12-11 11:59:39,182 [Listener at 127.0.0.1/32773] INFO  metrics.RatisMetrics (RatisMetrics.java:unregister(43)) - Unregistering Metrics Registry : ratis.log_worker.ae07f068-47ba-4716-bac5-3cb4c79fd2be@group-7C5A795D934E
2020-12-11 11:59:39,182 [Listener at 127.0.0.1/32773] INFO  metrics.RatisMetrics (RatisMetrics.java:unregister(43)) - Unregistering Metrics Registry : ratis.leader_election.ae07f068-47ba-4716-bac5-3cb4c79fd2be@group-7C5A795D934E
2020-12-11 11:59:39,182 [Listener at 127.0.0.1/32773] INFO  metrics.RatisMetrics (RatisMetrics.java:unregister(43)) - Unregistering Metrics Registry : ratis.server.ae07f068-47ba-4716-bac5-3cb4c79fd2be@group-7C5A795D934E
2020-12-11 11:59:39,183 [Listener at 127.0.0.1/32773] INFO  server.GrpcService (GrpcService.java:closeImpl(184)) - ae07f068-47ba-4716-bac5-3cb4c79fd2be: shutdown server with port 44007 now
2020-12-11 11:59:39,192 [Listener at 127.0.0.1/32773] INFO  server.GrpcService (GrpcService.java:closeImpl(193)) - ae07f068-47ba-4716-bac5-3cb4c79fd2be: shutdown server with port 44007 successfully
2020-12-11 11:59:39,193 [Listener at 127.0.0.1/32773] INFO  utils.BackgroundService (BackgroundService.java:shutdown(132)) - Shutting down service BlockDeletingService
2020-12-11 11:59:39,194 [Listener at 127.0.0.1/32773] INFO  statemachine.DatanodeStateMachine (DatanodeStateMachine.java:stopDaemon(461)) - Ozone container server stopped.
2020-12-11 11:59:39,204 [Listener at 127.0.0.1/32773] INFO  handler.ContextHandler (ContextHandler.java:doStop(1154)) - Stopped o.e.j.w.WebAppContext@310bf0ed{hddsDatanode,/,null,STOPPED}{jar:file:/home/user/.m2/repository/org/apache/hadoop/hadoop-hdds-container-service/1.1.0-SNAPSHOT/hadoop-hdds-container-service-1.1.0-SNAPSHOT.jar!/webapps/hddsDatanode}
2020-12-11 11:59:39,205 [Listener at 127.0.0.1/32773] INFO  server.AbstractConnector (AbstractConnector.java:doStop(381)) - Stopped ServerConnector@20ea933f{HTTP/1.1, (http/1.1)}{0.0.0.0:0}
2020-12-11 11:59:39,205 [Listener at 127.0.0.1/32773] INFO  server.session (HouseKeeper.java:stopScavenging(149)) - node0 Stopped scavenging
2020-12-11 11:59:39,206 [Listener at 127.0.0.1/32773] INFO  handler.ContextHandler (ContextHandler.java:doStop(1154)) - Stopped o.e.j.s.ServletContextHandler@7e83251e{static,/static,jar:file:/home/user/.m2/repository/org/apache/hadoop/hadoop-hdds-container-service/1.1.0-SNAPSHOT/hadoop-hdds-container-service-1.1.0-SNAPSHOT.jar!/webapps/static,STOPPED}
2020-12-11 11:59:39,206 [Listener at 127.0.0.1/32773] INFO  handler.ContextHandler (ContextHandler.java:doStop(1154)) - Stopped o.e.j.s.ServletContextHandler@32f7b6a2{logs,/logs,file:///github/workspace/mnt/ozone/hadoop-ozone/integration-test/target/log,STOPPED}
2020-12-11 11:59:39,207 [Listener at 127.0.0.1/32773] INFO  ozone.MiniOzoneClusterImpl (MiniOzoneClusterImpl.java:stopSCM(477)) - Stopping the StorageContainerManager
2020-12-11 11:59:39,207 [Listener at 127.0.0.1/32773] INFO  server.StorageContainerManager (StorageContainerManager.java:stop(832)) - Stopping Replication Manager Service.
2020-12-11 11:59:39,207 [Listener at 127.0.0.1/32773] INFO  container.ReplicationManager (ReplicationManager.java:stop(227)) - Stopping Replication Monitor Thread.
2020-12-11 11:59:39,208 [Listener at 127.0.0.1/32773] INFO  server.StorageContainerManager (StorageContainerManager.java:stop(839)) - Stopping the Datanode Admin Monitor.
2020-12-11 11:59:39,208 [Listener at 127.0.0.1/32773] INFO  server.StorageContainerManager (StorageContainerManager.java:stop(846)) - Stopping Lease Manager of the command watchers
2020-12-11 11:59:39,208 [CommandWatcher-LeaseManager#LeaseMonitor] ERROR lease.LeaseManager (LeaseManager.java:run(238)) - Execution was interrupted 
java.lang.InterruptedException: sleep interrupted
	at java.lang.Thread.sleep(Native Method)
	at org.apache.hadoop.ozone.lease.LeaseManager$LeaseMonitor.run(LeaseManager.java:234)
	at java.lang.Thread.run(Thread.java:748)
2020-12-11 11:59:39,209 [Listener at 127.0.0.1/32773] INFO  server.StorageContainerManager (StorageContainerManager.java:stop(853)) - Stopping datanode service RPC server
2020-12-11 11:59:39,209 [Listener at 127.0.0.1/32773] INFO  server.SCMDatanodeProtocolServer (SCMDatanodeProtocolServer.java:stop(369)) - Stopping the RPC server for DataNodes
2020-12-11 11:59:39,209 [Listener at 127.0.0.1/32773] INFO  ipc.Server (Server.java:stop(3359)) - Stopping server on 32927
2020-12-11 11:59:39,212 [IPC Server listener on 0] INFO  ipc.Server (Server.java:run(1330)) - Stopping IPC Server listener on 0
2020-12-11 11:59:39,220 [IPC Server Responder] INFO  ipc.Server (Server.java:run(1465)) - Stopping IPC Server Responder
2020-12-11 11:59:39,309 [SCM Heartbeat Processing Thread - 0] WARN  node.NodeStateManager (NodeStateManager.java:scheduleNextHealthCheck(688)) - Current Thread is interrupted, shutting down HB processing thread for Node Manager.
2020-12-11 11:59:39,309 [Listener at 127.0.0.1/32773] INFO  server.StorageContainerManager (StorageContainerManager.java:stop(861)) - Stopping block service RPC server
2020-12-11 11:59:39,309 [Listener at 127.0.0.1/32773] INFO  server.SCMBlockProtocolServer (SCMBlockProtocolServer.java:stop(159)) - Stopping the RPC server for Block Protocol
2020-12-11 11:59:39,309 [Listener at 127.0.0.1/32773] INFO  ipc.Server (Server.java:stop(3359)) - Stopping server on 38667
2020-12-11 11:59:39,312 [IPC Server listener on 0] INFO  ipc.Server (Server.java:run(1330)) - Stopping IPC Server listener on 0
2020-12-11 11:59:39,312 [IPC Server Responder] INFO  ipc.Server (Server.java:run(1465)) - Stopping IPC Server Responder
2020-12-11 11:59:39,312 [Listener at 127.0.0.1/32773] INFO  server.StorageContainerManager (StorageContainerManager.java:stop(868)) - Stopping the StorageContainerLocationProtocol RPC server
2020-12-11 11:59:39,313 [Listener at 127.0.0.1/32773] INFO  server.SCMClientProtocolServer (SCMClientProtocolServer.java:stop(168)) - Stopping the RPC server for Client Protocol
2020-12-11 11:59:39,313 [Listener at 127.0.0.1/32773] INFO  ipc.Server (Server.java:stop(3359)) - Stopping server on 34031
2020-12-11 11:59:39,324 [IPC Server listener on 0] INFO  ipc.Server (Server.java:run(1330)) - Stopping IPC Server listener on 0
2020-12-11 11:59:39,324 [Listener at 127.0.0.1/32773] INFO  server.StorageContainerManager (StorageContainerManager.java:stop(875)) - Stopping Storage Container Manager HTTP server.
2020-12-11 11:59:39,324 [IPC Server Responder] INFO  ipc.Server (Server.java:run(1465)) - Stopping IPC Server Responder
2020-12-11 11:59:39,325 [Listener at 127.0.0.1/32773] INFO  handler.ContextHandler (ContextHandler.java:doStop(1154)) - Stopped o.e.j.w.WebAppContext@176ba277{scm,/,null,STOPPED}{file:/github/workspace/mnt/ozone/hadoop-ozone/integration-test/target/test-classes/webapps/scm}
2020-12-11 11:59:39,326 [Listener at 127.0.0.1/32773] INFO  server.AbstractConnector (AbstractConnector.java:doStop(381)) - Stopped ServerConnector@5dc09bca{HTTP/1.1, (http/1.1)}{0.0.0.0:0}
2020-12-11 11:59:39,326 [Listener at 127.0.0.1/32773] INFO  server.session (HouseKeeper.java:stopScavenging(149)) - node0 Stopped scavenging
2020-12-11 11:59:39,326 [Listener at 127.0.0.1/32773] INFO  handler.ContextHandler (ContextHandler.java:doStop(1154)) - Stopped o.e.j.s.ServletContextHandler@308508ec{static,/static,file:///github/workspace/mnt/ozone/hadoop-ozone/integration-test/target/test-classes/webapps/static,STOPPED}
2020-12-11 11:59:39,326 [Listener at 127.0.0.1/32773] INFO  handler.ContextHandler (ContextHandler.java:doStop(1154)) - Stopped o.e.j.s.ServletContextHandler@4a5939cb{logs,/logs,file:///github/workspace/mnt/ozone/hadoop-ozone/integration-test/target/log,STOPPED}
2020-12-11 11:59:39,327 [Listener at 127.0.0.1/32773] INFO  server.StorageContainerManager (StorageContainerManager.java:stop(886)) - Stopping Block Manager Service.
2020-12-11 11:59:39,327 [Listener at 127.0.0.1/32773] INFO  utils.BackgroundService (BackgroundService.java:shutdown(132)) - Shutting down service SCMBlockDeletingService
2020-12-11 11:59:39,328 [Listener at 127.0.0.1/32773] INFO  utils.BackgroundService (BackgroundService.java:shutdown(132)) - Shutting down service SCMBlockDeletingService
2020-12-11 11:59:39,328 [Listener at 127.0.0.1/32773] INFO  server.StorageContainerManager (StorageContainerManager.java:stop(911)) - Stopping SCM Event Queue.
2020-12-11 11:59:39,332 [Listener at 127.0.0.1/32773] INFO  impl.MetricsSystemImpl (MetricsSystemImpl.java:stop(210)) - Stopping HddsDatanode metrics system...
2020-12-11 11:59:39,339 [Listener at 127.0.0.1/32773] INFO  impl.MetricsSystemImpl (MetricsSystemImpl.java:stop(216)) - HddsDatanode metrics system stopped.
]]></system-out>
    <system-err><![CDATA[Dec 11, 2020 11:59:13 AM org.apache.ratis.thirdparty.io.grpc.internal.ManagedChannelOrphanWrapper$ManagedChannelReference cleanQueue
SEVERE: *~*~*~ Channel ManagedChannelImpl{logId=376, target=172.17.0.2:40155} was not shutdown properly!!! ~*~*~*
    Make sure to call shutdown()/shutdownNow() and wait until awaitTermination() returns true.
java.lang.RuntimeException: ManagedChannel allocation site
	at org.apache.ratis.thirdparty.io.grpc.internal.ManagedChannelOrphanWrapper$ManagedChannelReference.<init>(ManagedChannelOrphanWrapper.java:93)
	at org.apache.ratis.thirdparty.io.grpc.internal.ManagedChannelOrphanWrapper.<init>(ManagedChannelOrphanWrapper.java:53)
	at org.apache.ratis.thirdparty.io.grpc.internal.ManagedChannelOrphanWrapper.<init>(ManagedChannelOrphanWrapper.java:44)
	at org.apache.ratis.thirdparty.io.grpc.internal.AbstractManagedChannelImplBuilder.build(AbstractManagedChannelImplBuilder.java:518)
	at org.apache.ratis.grpc.client.GrpcClientProtocolClient.<init>(GrpcClientProtocolClient.java:133)
	at org.apache.ratis.grpc.client.GrpcClientRpc.lambda$new$0(GrpcClientRpc.java:56)
	at org.apache.ratis.util.PeerProxyMap$PeerAndProxy.lambda$getProxy$0(PeerProxyMap.java:63)
	at org.apache.ratis.util.LifeCycle.startAndTransition(LifeCycle.java:222)
	at org.apache.ratis.util.PeerProxyMap$PeerAndProxy.getProxy(PeerProxyMap.java:62)
	at org.apache.ratis.util.PeerProxyMap.getProxy(PeerProxyMap.java:114)
	at org.apache.ratis.grpc.client.GrpcClientRpc.sendRequestAsyncUnordered(GrpcClientRpc.java:79)
	at org.apache.ratis.client.impl.UnorderedAsync.sendRequestWithRetry(UnorderedAsync.java:76)
	at org.apache.ratis.client.impl.UnorderedAsync.lambda$null$2(UnorderedAsync.java:124)
	at org.apache.ratis.util.TimeoutScheduler.lambda$onTimeout$0(TimeoutScheduler.java:141)
	at org.apache.ratis.util.TimeoutScheduler.lambda$onTimeout$1(TimeoutScheduler.java:155)
	at org.apache.ratis.util.LogUtils.runAndLog(LogUtils.java:38)
	at org.apache.ratis.util.LogUtils$1.run(LogUtils.java:79)
	at java.util.concurrent.Executors$RunnableAdapter.call(Executors.java:511)
	at java.util.concurrent.FutureTask.run(FutureTask.java:266)
	at java.util.concurrent.ScheduledThreadPoolExecutor$ScheduledFutureTask.access$201(ScheduledThreadPoolExecutor.java:180)
	at java.util.concurrent.ScheduledThreadPoolExecutor$ScheduledFutureTask.run(ScheduledThreadPoolExecutor.java:293)
	at java.util.concurrent.ThreadPoolExecutor.runWorker(ThreadPoolExecutor.java:1149)
	at java.util.concurrent.ThreadPoolExecutor$Worker.run(ThreadPoolExecutor.java:624)
	at java.lang.Thread.run(Thread.java:748)

]]></system-err>
  </testcase>
  <testcase name="test2WayCommitForTimeoutException" classname="org.apache.hadoop.ozone.client.rpc.TestWatchForCommit" time="43.478"/>
</testsuite>