<?xml version="1.0" encoding="UTF-8"?>
<testsuite xmlns:xsi="http://www.w3.org/2001/XMLSchema-instance" xsi:noNamespaceSchemaLocation="https://maven.apache.org/surefire/maven-surefire-plugin/xsd/surefire-test-report.xsd" version="3.0.2" name="org.apache.hadoop.ozone.om.snapshot.TestOzoneManagerHASnapshot" time="47.707" tests="6" errors="1" skipped="0" failures="0">
  <properties>
    <property name="java.specification.version" value="21"/>
    <property name="sun.jnu.encoding" value="UTF-8"/>
    <property name="java.class.path" value="/home/runner/work/ozone/ozone/hadoop-ozone/integration-test/target/test-classes:/home/runner/work/ozone/ozone/hadoop-ozone/integration-test/target/classes:/home/runner/.m2/repository/ch/qos/reload4j/reload4j/1.2.26/reload4j-1.2.26.jar:/home/runner/.m2/repository/com/fasterxml/jackson/core/jackson-core/2.16.2/jackson-core-2.16.2.jar:/home/runner/.m2/repository/com/fasterxml/jackson/core/jackson-databind/2.16.2/jackson-databind-2.16.2.jar:/home/runner/.m2/repository/com/fasterxml/jackson/core/jackson-annotations/2.16.2/jackson-annotations-2.16.2.jar:/home/runner/.m2/repository/com/github/stephenc/jcip/jcip-annotations/1.0-1/jcip-annotations-1.0-1.jar:/home/runner/.m2/repository/com/google/guava/guava/32.1.3-jre/guava-32.1.3-jre.jar:/home/runner/.m2/repository/com/google/guava/failureaccess/1.0.1/failureaccess-1.0.1.jar:/home/runner/.m2/repository/com/google/guava/listenablefuture/9999.0-empty-to-avoid-conflict-with-guava/listenablefuture-9999.0-empty-to-avoid-conflict-with-guava.jar:/home/runner/.m2/repository/org/checkerframework/checker-qual/3.37.0/checker-qual-3.37.0.jar:/home/runner/.m2/repository/com/google/errorprone/error_prone_annotations/2.29.2/error_prone_annotations-2.29.2.jar:/home/runner/.m2/repository/com/google/j2objc/j2objc-annotations/2.8/j2objc-annotations-2.8.jar:/home/runner/.m2/repository/com/google/protobuf/protobuf-java/2.5.0/protobuf-java-2.5.0.jar:/home/runner/.m2/repository/com/squareup/okhttp3/okhttp/4.12.0/okhttp-4.12.0.jar:/home/runner/.m2/repository/com/squareup/okio/okio/3.6.0/okio-3.6.0.jar:/home/runner/.m2/repository/com/squareup/okio/okio-jvm/3.6.0/okio-jvm-3.6.0.jar:/home/runner/.m2/repository/org/jetbrains/kotlin/kotlin-stdlib-common/1.9.25/kotlin-stdlib-common-1.9.25.jar:/home/runner/.m2/repository/org/jetbrains/kotlin/kotlin-stdlib-jdk8/1.9.25/kotlin-stdlib-jdk8-1.9.25.jar:/home/runner/.m2/repository/org/jetbrains/kotlin/kotlin-stdlib/1.9.25/kotlin-stdlib-1.9.25.jar:/home/runner/.m2/repository/org/jetbrains/annotations/13.0/annotations-13.0.jar:/home/runner/.m2/repository/org/jetbrains/kotlin/kotlin-stdlib-jdk7/1.9.25/kotlin-stdlib-jdk7-1.9.25.jar:/home/runner/.m2/repository/commons-codec/commons-codec/1.18.0/commons-codec-1.18.0.jar:/home/runner/.m2/repository/commons-io/commons-io/2.18.0/commons-io-2.18.0.jar:/home/runner/.m2/repository/commons-validator/commons-validator/1.6/commons-validator-1.6.jar:/home/runner/.m2/repository/commons-beanutils/commons-beanutils/1.11.0/commons-beanutils-1.11.0.jar:/home/runner/.m2/repository/commons-digester/commons-digester/1.8.1/commons-digester-1.8.1.jar:/home/runner/.m2/repository/commons-collections/commons-collections/3.2.2/commons-collections-3.2.2.jar:/home/runner/.m2/repository/info/picocli/picocli/4.7.7/picocli-4.7.7.jar:/home/runner/.m2/repository/jakarta/annotation/jakarta.annotation-api/2.1.1/jakarta.annotation-api-2.1.1.jar:/home/runner/.m2/repository/jakarta/xml/bind/jakarta.xml.bind-api/2.3.3/jakarta.xml.bind-api-2.3.3.jar:/home/runner/.m2/repository/jakarta/activation/jakarta.activation-api/1.2.2/jakarta.activation-api-1.2.2.jar:/home/runner/.m2/repository/javax/servlet/javax.servlet-api/3.1.0/javax.servlet-api-3.1.0.jar:/home/runner/.m2/repository/javax/ws/rs/jsr311-api/1.1.1/jsr311-api-1.1.1.jar:/home/runner/.m2/repository/org/apache/commons/commons-compress/1.27.1/commons-compress-1.27.1.jar:/home/runner/.m2/repository/org/apache/commons/commons-lang3/3.17.0/commons-lang3-3.17.0.jar:/home/runner/.m2/repository/org/apache/commons/commons-text/1.13.1/commons-text-1.13.1.jar:/home/runner/.m2/repository/org/apache/hadoop/hadoop-auth/3.4.1/hadoop-auth-3.4.1.jar:/home/runner/.m2/repository/com/nimbusds/nimbus-jose-jwt/9.40/nimbus-jose-jwt-9.40.jar:/home/runner/.m2/repository/io/dropwizard/metrics/metrics-core/3.2.6/metrics-core-3.2.6.jar:/home/runner/.m2/repository/org/apache/kerby/kerb-core/1.0.1/kerb-core-1.0.1.jar:/home/runner/.m2/repository/org/apache/kerby/kerby-pkix/1.0.1/kerby-pkix-1.0.1.jar:/home/runner/.m2/repository/org/apache/kerby/kerby-asn1/1.0.1/kerby-asn1-1.0.1.jar:/home/runner/.m2/repository/org/apache/kerby/kerb-util/1.0.1/kerb-util-1.0.1.jar:/home/runner/.m2/repository/org/apache/kerby/kerby-config/1.0.1/kerby-config-1.0.1.jar:/home/runner/.m2/repository/org/apache/kerby/kerb-crypto/1.0.1/kerb-crypto-1.0.1.jar:/home/runner/.m2/repository/org/apache/hadoop/thirdparty/hadoop-shaded-guava/1.3.0/hadoop-shaded-guava-1.3.0.jar:/home/runner/.m2/repository/org/apache/hadoop/hadoop-common/3.4.1/hadoop-common-3.4.1.jar:/home/runner/.m2/repository/org/apache/hadoop/thirdparty/hadoop-shaded-protobuf_3_25/1.4.0/hadoop-shaded-protobuf_3_25-1.4.0.jar:/home/runner/.m2/repository/org/apache/hadoop/hadoop-annotations/3.4.1/hadoop-annotations-3.4.1.jar:/home/runner/.m2/repository/commons-cli/commons-cli/1.8.0/commons-cli-1.8.0.jar:/home/runner/.m2/repository/commons-net/commons-net/3.11.1/commons-net-3.11.1.jar:/home/runner/.m2/repository/org/eclipse/jetty/jetty-server/9.4.57.v20241219/jetty-server-9.4.57.v20241219.jar:/home/runner/.m2/repository/org/eclipse/jetty/jetty-io/9.4.57.v20241219/jetty-io-9.4.57.v20241219.jar:/home/runner/.m2/repository/org/eclipse/jetty/jetty-util/9.4.57.v20241219/jetty-util-9.4.57.v20241219.jar:/home/runner/.m2/repository/org/eclipse/jetty/jetty-servlet/9.4.57.v20241219/jetty-servlet-9.4.57.v20241219.jar:/home/runner/.m2/repository/org/eclipse/jetty/jetty-security/9.4.57.v20241219/jetty-security-9.4.57.v20241219.jar:/home/runner/.m2/repository/org/eclipse/jetty/jetty-webapp/9.4.57.v20241219/jetty-webapp-9.4.57.v20241219.jar:/home/runner/.m2/repository/org/eclipse/jetty/jetty-xml/9.4.57.v20241219/jetty-xml-9.4.57.v20241219.jar:/home/runner/.m2/repository/javax/servlet/jsp/jsp-api/2.1/jsp-api-2.1.jar:/home/runner/.m2/repository/org/codehaus/jettison/jettison/1.5.4/jettison-1.5.4.jar:/home/runner/.m2/repository/org/apache/commons/commons-configuration2/2.12.0/commons-configuration2-2.12.0.jar:/home/runner/.m2/repository/com/google/re2j/re2j/1.7/re2j-1.7.jar:/home/runner/.m2/repository/com/google/code/gson/gson/2.10.1/gson-2.10.1.jar:/home/runner/.m2/repository/com/jcraft/jsch/0.1.55/jsch-0.1.55.jar:/home/runner/.m2/repository/io/netty/netty-handler/4.1.119.Final/netty-handler-4.1.119.Final.jar:/home/runner/.m2/repository/io/netty/netty-resolver/4.1.119.Final/netty-resolver-4.1.119.Final.jar:/home/runner/.m2/repository/io/netty/netty-transport-native-epoll/4.1.119.Final/netty-transport-native-epoll-4.1.119.Final.jar:/home/runner/.m2/repository/org/bouncycastle/bcprov-jdk18on/1.81/bcprov-jdk18on-1.81.jar:/home/runner/.m2/repository/org/codehaus/woodstox/stax2-api/4.2.1/stax2-api-4.2.1.jar:/home/runner/.m2/repository/com/fasterxml/woodstox/woodstox-core/5.4.0/woodstox-core-5.4.0.jar:/home/runner/.m2/repository/dnsjava/dnsjava/3.6.1/dnsjava-3.6.1.jar:/home/runner/.m2/repository/org/apache/hadoop/hadoop-common/3.4.1/hadoop-common-3.4.1-tests.jar:/home/runner/.m2/repository/org/apache/commons/commons-math3/3.6.1/commons-math3-3.6.1.jar:/home/runner/.m2/repository/com/sun/jersey/jersey-core/1.19.4/jersey-core-1.19.4.jar:/home/runner/.m2/repository/com/sun/jersey/jersey-servlet/1.19.4/jersey-servlet-1.19.4.jar:/home/runner/.m2/repository/com/github/pjfanning/jersey-json/1.22.0/jersey-json-1.22.0.jar:/home/runner/.m2/repository/com/sun/xml/bind/jaxb-impl/2.2.3-1/jaxb-impl-2.2.3-1.jar:/home/runner/.m2/repository/com/sun/jersey/jersey-server/1.19.4/jersey-server-1.19.4.jar:/home/runner/.m2/repository/org/slf4j/slf4j-reload4j/2.0.17/slf4j-reload4j-2.0.17.jar:/home/runner/.m2/repository/org/apache/avro/avro/1.9.2/avro-1.9.2.jar:/home/runner/.m2/repository/org/apache/curator/curator-client/4.2.0/curator-client-4.2.0.jar:/home/runner/.m2/repository/org/apache/curator/curator-recipes/5.2.0/curator-recipes-5.2.0.jar:/home/runner/.m2/repository/org/apache/curator/curator-framework/4.2.0/curator-framework-4.2.0.jar:/home/runner/.m2/repository/com/google/code/findbugs/jsr305/3.0.2/jsr305-3.0.2.jar:/home/runner/.m2/repository/org/apache/zookeeper/zookeeper/3.8.4/zookeeper-3.8.4.jar:/home/runner/.m2/repository/org/apache/zookeeper/zookeeper-jute/3.8.4/zookeeper-jute-3.8.4.jar:/home/runner/.m2/repository/org/apache/yetus/audience-annotations/0.12.0/audience-annotations-0.12.0.jar:/home/runner/.m2/repository/org/xerial/snappy/snappy-java/1.1.10.7/snappy-java-1.1.10.7.jar:/home/runner/.m2/repository/org/apache/hadoop/hadoop-distcp/3.4.1/hadoop-distcp-3.4.1.jar:/home/runner/.m2/repository/org/apache/hadoop/hadoop-distcp/3.4.1/hadoop-distcp-3.4.1-tests.jar:/home/runner/.m2/repository/org/apache/hadoop/hadoop-hdfs/3.4.1/hadoop-hdfs-3.4.1.jar:/home/runner/.m2/repository/org/eclipse/jetty/jetty-util-ajax/9.4.57.v20241219/jetty-util-ajax-9.4.57.v20241219.jar:/home/runner/.m2/repository/commons-daemon/commons-daemon/1.4.0/commons-daemon-1.4.0.jar:/home/runner/.m2/repository/org/apache/hadoop/hadoop-hdfs/3.4.1/hadoop-hdfs-3.4.1-tests.jar:/home/runner/.m2/repository/io/netty/netty-all/4.1.119.Final/netty-all-4.1.119.Final.jar:/home/runner/.m2/repository/io/netty/netty-codec-dns/4.1.119.Final/netty-codec-dns-4.1.119.Final.jar:/home/runner/.m2/repository/io/netty/netty-codec-haproxy/4.1.119.Final/netty-codec-haproxy-4.1.119.Final.jar:/home/runner/.m2/repository/io/netty/netty-codec-http/4.1.119.Final/netty-codec-http-4.1.119.Final.jar:/home/runner/.m2/repository/io/netty/netty-codec-memcache/4.1.119.Final/netty-codec-memcache-4.1.119.Final.jar:/home/runner/.m2/repository/io/netty/netty-codec-mqtt/4.1.119.Final/netty-codec-mqtt-4.1.119.Final.jar:/home/runner/.m2/repository/io/netty/netty-codec-redis/4.1.119.Final/netty-codec-redis-4.1.119.Final.jar:/home/runner/.m2/repository/io/netty/netty-codec-smtp/4.1.119.Final/netty-codec-smtp-4.1.119.Final.jar:/home/runner/.m2/repository/io/netty/netty-codec-socks/4.1.119.Final/netty-codec-socks-4.1.119.Final.jar:/home/runner/.m2/repository/io/netty/netty-codec-stomp/4.1.119.Final/netty-codec-stomp-4.1.119.Final.jar:/home/runner/.m2/repository/io/netty/netty-codec-xml/4.1.119.Final/netty-codec-xml-4.1.119.Final.jar:/home/runner/.m2/repository/io/netty/netty-handler-ssl-ocsp/4.1.119.Final/netty-handler-ssl-ocsp-4.1.119.Final.jar:/home/runner/.m2/repository/io/netty/netty-resolver-dns/4.1.119.Final/netty-resolver-dns-4.1.119.Final.jar:/home/runner/.m2/repository/io/netty/netty-transport-rxtx/4.1.119.Final/netty-transport-rxtx-4.1.119.Final.jar:/home/runner/.m2/repository/io/netty/netty-transport-sctp/4.1.119.Final/netty-transport-sctp-4.1.119.Final.jar:/home/runner/.m2/repository/io/netty/netty-transport-udt/4.1.119.Final/netty-transport-udt-4.1.119.Final.jar:/home/runner/.m2/repository/io/netty/netty-transport-classes-kqueue/4.1.119.Final/netty-transport-classes-kqueue-4.1.119.Final.jar:/home/runner/.m2/repository/io/netty/netty-resolver-dns-classes-macos/4.1.119.Final/netty-resolver-dns-classes-macos-4.1.119.Final.jar:/home/runner/.m2/repository/io/netty/netty-transport-native-epoll/4.1.119.Final/netty-transport-native-epoll-4.1.119.Final-linux-aarch_64.jar:/home/runner/.m2/repository/io/netty/netty-transport-native-epoll/4.1.119.Final/netty-transport-native-epoll-4.1.119.Final-linux-riscv64.jar:/home/runner/.m2/repository/io/netty/netty-transport-native-kqueue/4.1.119.Final/netty-transport-native-kqueue-4.1.119.Final-osx-x86_64.jar:/home/runner/.m2/repository/io/netty/netty-transport-native-kqueue/4.1.119.Final/netty-transport-native-kqueue-4.1.119.Final-osx-aarch_64.jar:/home/runner/.m2/repository/io/netty/netty-resolver-dns-native-macos/4.1.119.Final/netty-resolver-dns-native-macos-4.1.119.Final-osx-x86_64.jar:/home/runner/.m2/repository/io/netty/netty-resolver-dns-native-macos/4.1.119.Final/netty-resolver-dns-native-macos-4.1.119.Final-osx-aarch_64.jar:/home/runner/.m2/repository/org/fusesource/leveldbjni/leveldbjni-all/1.8/leveldbjni-all-1.8.jar:/home/runner/.m2/repository/org/apache/hadoop/hadoop-hdfs-client/3.4.1/hadoop-hdfs-client-3.4.1.jar:/home/runner/.m2/repository/org/apache/hadoop/hadoop-kms/3.4.1/hadoop-kms-3.4.1.jar:/home/runner/.m2/repository/org/apache/hadoop/hadoop-kms/3.4.1/hadoop-kms-3.4.1-tests.jar:/home/runner/.m2/repository/org/apache/hadoop/hadoop-mapreduce-client-core/3.4.1/hadoop-mapreduce-client-core-3.4.1.jar:/home/runner/.m2/repository/org/apache/hadoop/hadoop-yarn-client/3.4.1/hadoop-yarn-client-3.4.1.jar:/home/runner/.m2/repository/org/eclipse/jetty/websocket/websocket-client/9.4.53.v20231009/websocket-client-9.4.53.v20231009.jar:/home/runner/.m2/repository/org/eclipse/jetty/jetty-client/9.4.57.v20241219/jetty-client-9.4.57.v20241219.jar:/home/runner/.m2/repository/org/eclipse/jetty/websocket/websocket-common/9.4.53.v20231009/websocket-common-9.4.53.v20231009.jar:/home/runner/.m2/repository/org/eclipse/jetty/websocket/websocket-api/9.4.53.v20231009/websocket-api-9.4.53.v20231009.jar:/home/runner/.m2/repository/org/apache/hadoop/hadoop-yarn-api/3.4.1/hadoop-yarn-api-3.4.1.jar:/home/runner/.m2/repository/org/apache/hadoop/hadoop-yarn-common/3.4.1/hadoop-yarn-common-3.4.1.jar:/home/runner/.m2/repository/javax/xml/bind/jaxb-api/2.2.11/jaxb-api-2.2.11.jar:/home/runner/.m2/repository/com/sun/jersey/contribs/jersey-guice/1.19.4/jersey-guice-1.19.4.jar:/home/runner/.m2/repository/com/fasterxml/jackson/module/jackson-module-jaxb-annotations/2.16.2/jackson-module-jaxb-annotations-2.16.2.jar:/home/runner/.m2/repository/com/fasterxml/jackson/jaxrs/jackson-jaxrs-json-provider/2.16.2/jackson-jaxrs-json-provider-2.16.2.jar:/home/runner/.m2/repository/com/google/inject/extensions/guice-servlet/6.0.0/guice-servlet-6.0.0.jar:/home/runner/.m2/repository/org/apache/hadoop/hadoop-mapreduce-client-jobclient/3.4.1/hadoop-mapreduce-client-jobclient-3.4.1.jar:/home/runner/.m2/repository/org/apache/hadoop/hadoop-mapreduce-client-common/3.4.1/hadoop-mapreduce-client-common-3.4.1.jar:/home/runner/.m2/repository/org/apache/hadoop/hadoop-minikdc/3.4.1/hadoop-minikdc-3.4.1.jar:/home/runner/.m2/repository/org/apache/kerby/kerb-simplekdc/2.0.3/kerb-simplekdc-2.0.3.jar:/home/runner/.m2/repository/org/apache/kerby/kerb-client/2.0.3/kerb-client-2.0.3.jar:/home/runner/.m2/repository/org/apache/kerby/kerb-common/2.0.3/kerb-common-2.0.3.jar:/home/runner/.m2/repository/org/apache/kerby/token-provider/2.0.3/token-provider-2.0.3.jar:/home/runner/.m2/repository/org/apache/kerby/kerb-admin/2.0.3/kerb-admin-2.0.3.jar:/home/runner/.m2/repository/org/apache/kerby/kerb-server/2.0.3/kerb-server-2.0.3.jar:/home/runner/.m2/repository/org/apache/kerby/kerb-identity/2.0.3/kerb-identity-2.0.3.jar:/home/runner/.m2/repository/org/apache/kerby/kerby-xdr/2.0.3/kerby-xdr-2.0.3.jar:/home/runner/.m2/repository/junit/junit/4.13.2/junit-4.13.2.jar:/home/runner/.m2/repository/org/hamcrest/hamcrest-core/1.3/hamcrest-core-1.3.jar:/home/runner/.m2/repository/org/apache/httpcomponents/httpclient/4.5.14/httpclient-4.5.14.jar:/home/runner/.m2/repository/org/apache/httpcomponents/httpcore/4.4.16/httpcore-4.4.16.jar:/home/runner/.m2/repository/org/apache/kerby/kerby-util/1.0.1/kerby-util-1.0.1.jar:/home/runner/work/ozone/ozone/hadoop-hdds/client/target/hdds-client-2.1.0-SNAPSHOT.jar:/home/runner/.m2/repository/io/opentracing/opentracing-api/0.33.0/opentracing-api-0.33.0.jar:/home/runner/.m2/repository/io/opentracing/opentracing-util/0.33.0/opentracing-util-0.33.0.jar:/home/runner/.m2/repository/io/opentracing/opentracing-noop/0.33.0/opentracing-noop-0.33.0.jar:/home/runner/work/ozone/ozone/hadoop-hdds/erasurecode/target/hdds-erasurecode-2.1.0-SNAPSHOT.jar:/home/runner/work/ozone/ozone/hadoop-hdds/common/target/hdds-common-2.1.0-SNAPSHOT.jar:/home/runner/.m2/repository/com/fasterxml/jackson/datatype/jackson-datatype-jsr310/2.16.2/jackson-datatype-jsr310-2.16.2.jar:/home/runner/.m2/repository/io/jaegertracing/jaeger-core/1.8.1/jaeger-core-1.8.1.jar:/home/runner/.m2/repository/org/apache/ratis/ratis-netty/3.2.0/ratis-netty-3.2.0.jar:/home/runner/.m2/repository/org/yaml/snakeyaml/2.0/snakeyaml-2.0.jar:/home/runner/.m2/repository/io/jaegertracing/jaeger-client/1.8.1/jaeger-client-1.8.1.jar:/home/runner/.m2/repository/io/jaegertracing/jaeger-thrift/1.8.1/jaeger-thrift-1.8.1.jar:/home/runner/.m2/repository/org/apache/thrift/libthrift/0.15.0/libthrift-0.15.0.jar:/home/runner/.m2/repository/io/jaegertracing/jaeger-tracerresolver/1.8.1/jaeger-tracerresolver-1.8.1.jar:/home/runner/.m2/repository/io/opentracing/contrib/opentracing-tracerresolver/0.1.8/opentracing-tracerresolver-0.1.8.jar:/home/runner/.m2/repository/org/apache/ratis/ratis-metrics-dropwizard3/3.2.0/ratis-metrics-dropwizard3-3.2.0.jar:/home/runner/.m2/repository/org/slf4j/jcl-over-slf4j/2.0.17/jcl-over-slf4j-2.0.17.jar:/home/runner/work/ozone/ozone/hadoop-hdds/common/target/hdds-common-2.1.0-SNAPSHOT-tests.jar:/home/runner/work/ozone/ozone/hadoop-hdds/config/target/hdds-config-2.1.0-SNAPSHOT.jar:/home/runner/work/ozone/ozone/hadoop-hdds/container-service/target/hdds-container-service-2.1.0-SNAPSHOT.jar:/home/runner/.m2/repository/io/netty/netty-buffer/4.1.119.Final/netty-buffer-4.1.119.Final.jar:/home/runner/.m2/repository/io/netty/netty-codec/4.1.119.Final/netty-codec-4.1.119.Final.jar:/home/runner/.m2/repository/io/netty/netty-common/4.1.119.Final/netty-common-4.1.119.Final.jar:/home/runner/.m2/repository/io/netty/netty-transport/4.1.119.Final/netty-transport-4.1.119.Final.jar:/home/runner/.m2/repository/org/apache/logging/log4j/log4j-api/2.25.0/log4j-api-2.25.0.jar:/home/runner/.m2/repository/com/github/luben/zstd-jni/1.5.7-4/zstd-jni-1.5.7-4.jar:/home/runner/.m2/repository/log4j/apache-log4j-extras/1.2.17/apache-log4j-extras-1.2.17.jar:/home/runner/.m2/repository/org/glassfish/jaxb/jaxb-runtime/2.3.9/jaxb-runtime-2.3.9.jar:/home/runner/.m2/repository/org/glassfish/jaxb/txw2/2.3.9/txw2-2.3.9.jar:/home/runner/.m2/repository/com/sun/istack/istack-commons-runtime/3.0.12/istack-commons-runtime-3.0.12.jar:/home/runner/.m2/repository/com/sun/activation/jakarta.activation/1.2.2/jakarta.activation-1.2.2.jar:/home/runner/work/ozone/ozone/hadoop-hdds/container-service/target/hdds-container-service-2.1.0-SNAPSHOT-tests.jar:/home/runner/work/ozone/ozone/hadoop-hdds/interface-admin/target/hdds-interface-admin-2.1.0-SNAPSHOT.jar:/home/runner/work/ozone/ozone/hadoop-hdds/interface-client/target/hdds-interface-client-2.1.0-SNAPSHOT.jar:/home/runner/work/ozone/ozone/hadoop-hdds/interface-server/target/hdds-interface-server-2.1.0-SNAPSHOT.jar:/home/runner/work/ozone/ozone/hadoop-hdds/managed-rocksdb/target/hdds-managed-rocksdb-2.1.0-SNAPSHOT.jar:/home/runner/work/ozone/ozone/hadoop-hdds/rocks-native/target/hdds-rocks-native-2.1.0-SNAPSHOT.jar:/home/runner/work/ozone/ozone/hadoop-hdds/framework/target/hdds-server-framework-2.1.0-SNAPSHOT.jar:/home/runner/.m2/repository/com/github/jnr/jnr-constants/0.10.4/jnr-constants-0.10.4.jar:/home/runner/.m2/repository/com/github/jnr/jnr-posix/3.1.20/jnr-posix-3.1.20.jar:/home/runner/.m2/repository/com/github/jnr/jnr-ffi/2.2.17/jnr-ffi-2.2.17.jar:/home/runner/.m2/repository/com/github/jnr/jffi/1.3.13/jffi-1.3.13.jar:/home/runner/.m2/repository/com/github/jnr/jffi/1.3.13/jffi-1.3.13-native.jar:/home/runner/.m2/repository/org/ow2/asm/asm/9.7.1/asm-9.7.1.jar:/home/runner/.m2/repository/org/ow2/asm/asm-commons/9.7.1/asm-commons-9.7.1.jar:/home/runner/.m2/repository/org/ow2/asm/asm-analysis/9.7.1/asm-analysis-9.7.1.jar:/home/runner/.m2/repository/org/ow2/asm/asm-tree/9.7.1/asm-tree-9.7.1.jar:/home/runner/.m2/repository/org/ow2/asm/asm-util/9.7.1/asm-util-9.7.1.jar:/home/runner/.m2/repository/com/github/jnr/jnr-a64asm/1.0.0/jnr-a64asm-1.0.0.jar:/home/runner/.m2/repository/com/github/jnr/jnr-x86asm/1.0.2/jnr-x86asm-1.0.2.jar:/home/runner/.m2/repository/commons-fileupload/commons-fileupload/1.5/commons-fileupload-1.5.jar:/home/runner/.m2/repository/io/grpc/grpc-api/1.71.0/grpc-api-1.71.0.jar:/home/runner/.m2/repository/io/prometheus/simpleclient/0.16.0/simpleclient-0.16.0.jar:/home/runner/.m2/repository/io/prometheus/simpleclient_common/0.16.0/simpleclient_common-0.16.0.jar:/home/runner/.m2/repository/io/prometheus/simpleclient_dropwizard/0.16.0/simpleclient_dropwizard-0.16.0.jar:/home/runner/.m2/repository/jakarta/ws/rs/jakarta.ws.rs-api/2.1.6/jakarta.ws.rs-api-2.1.6.jar:/home/runner/.m2/repository/org/eclipse/jetty/jetty-http/9.4.57.v20241219/jetty-http-9.4.57.v20241219.jar:/home/runner/.m2/repository/org/glassfish/jersey/containers/jersey-container-servlet-core/2.47/jersey-container-servlet-core-2.47.jar:/home/runner/.m2/repository/org/glassfish/jersey/core/jersey-server/2.47/jersey-server-2.47.jar:/home/runner/.m2/repository/org/glassfish/jersey/core/jersey-client/2.47/jersey-client-2.47.jar:/home/runner/.m2/repository/com/lmax/disruptor/3.4.4/disruptor-3.4.4.jar:/home/runner/.m2/repository/org/apache/logging/log4j/log4j-core/2.25.0/log4j-core-2.25.0.jar:/home/runner/work/ozone/ozone/hadoop-hdds/framework/target/hdds-server-framework-2.1.0-SNAPSHOT-tests.jar:/home/runner/work/ozone/ozone/hadoop-hdds/server-scm/target/hdds-server-scm-2.1.0-SNAPSHOT.jar:/home/runner/work/ozone/ozone/hadoop-hdds/server-scm/target/hdds-server-scm-2.1.0-SNAPSHOT-tests.jar:/home/runner/work/ozone/ozone/hadoop-hdds/test-utils/target/hdds-test-utils-2.1.0-SNAPSHOT-tests.jar:/home/runner/work/ozone/ozone/hadoop-ozone/cli-admin/target/ozone-cli-admin-2.1.0-SNAPSHOT.jar:/home/runner/work/ozone/ozone/hadoop-ozone/cli-shell/target/ozone-cli-shell-2.1.0-SNAPSHOT.jar:/home/runner/.m2/repository/info/picocli/picocli-shell-jline3/4.7.7/picocli-shell-jline3-4.7.7.jar:/home/runner/.m2/repository/org/jline/jline/3.30.4/jline-3.30.4.jar:/home/runner/work/ozone/ozone/hadoop-ozone/client/target/ozone-client-2.1.0-SNAPSHOT.jar:/home/runner/work/ozone/ozone/hadoop-ozone/common/target/ozone-common-2.1.0-SNAPSHOT.jar:/home/runner/.m2/repository/io/grpc/grpc-netty/1.71.0/grpc-netty-1.71.0.jar:/home/runner/.m2/repository/org/codehaus/mojo/animal-sniffer-annotations/1.24/animal-sniffer-annotations-1.24.jar:/home/runner/.m2/repository/io/grpc/grpc-core/1.71.0/grpc-core-1.71.0.jar:/home/runner/.m2/repository/com/google/android/annotations/4.1.1.4/annotations-4.1.1.4.jar:/home/runner/.m2/repository/io/grpc/grpc-context/1.71.0/grpc-context-1.71.0.jar:/home/runner/.m2/repository/io/perfmark/perfmark-api/0.27.0/perfmark-api-0.27.0.jar:/home/runner/.m2/repository/io/grpc/grpc-util/1.71.0/grpc-util-1.71.0.jar:/home/runner/.m2/repository/io/netty/netty-codec-http2/4.1.119.Final/netty-codec-http2-4.1.119.Final.jar:/home/runner/.m2/repository/io/netty/netty-handler-proxy/4.1.119.Final/netty-handler-proxy-4.1.119.Final.jar:/home/runner/.m2/repository/io/netty/netty-tcnative-boringssl-static/2.0.70.Final/netty-tcnative-boringssl-static-2.0.70.Final.jar:/home/runner/.m2/repository/io/netty/netty-tcnative-classes/2.0.70.Final/netty-tcnative-classes-2.0.70.Final.jar:/home/runner/.m2/repository/io/netty/netty-tcnative-boringssl-static/2.0.70.Final/netty-tcnative-boringssl-static-2.0.70.Final-linux-x86_64.jar:/home/runner/.m2/repository/io/netty/netty-tcnative-boringssl-static/2.0.70.Final/netty-tcnative-boringssl-static-2.0.70.Final-linux-aarch_64.jar:/home/runner/.m2/repository/io/netty/netty-tcnative-boringssl-static/2.0.70.Final/netty-tcnative-boringssl-static-2.0.70.Final-osx-x86_64.jar:/home/runner/.m2/repository/io/netty/netty-tcnative-boringssl-static/2.0.70.Final/netty-tcnative-boringssl-static-2.0.70.Final-osx-aarch_64.jar:/home/runner/.m2/repository/io/netty/netty-tcnative-boringssl-static/2.0.70.Final/netty-tcnative-boringssl-static-2.0.70.Final-windows-x86_64.jar:/home/runner/work/ozone/ozone/hadoop-ozone/csi/target/ozone-csi-2.1.0-SNAPSHOT.jar:/home/runner/.m2/repository/io/grpc/grpc-protobuf/1.71.0/grpc-protobuf-1.71.0.jar:/home/runner/.m2/repository/com/google/api/grpc/proto-google-common-protos/2.51.0/proto-google-common-protos-2.51.0.jar:/home/runner/.m2/repository/io/grpc/grpc-protobuf-lite/1.71.0/grpc-protobuf-lite-1.71.0.jar:/home/runner/.m2/repository/io/grpc/grpc-stub/1.71.0/grpc-stub-1.71.0.jar:/home/runner/.m2/repository/io/netty/netty-transport-classes-epoll/4.1.119.Final/netty-transport-classes-epoll-4.1.119.Final.jar:/home/runner/.m2/repository/io/netty/netty-transport-native-unix-common/4.1.119.Final/netty-transport-native-unix-common-4.1.119.Final.jar:/home/runner/.m2/repository/io/netty/netty-transport-native-epoll/4.1.119.Final/netty-transport-native-epoll-4.1.119.Final-linux-x86_64.jar:/home/runner/work/ozone/ozone/hadoop-ozone/ozonefs/target/ozone-filesystem-2.1.0-SNAPSHOT.jar:/home/runner/work/ozone/ozone/hadoop-ozone/ozonefs-common/target/ozone-filesystem-common-2.1.0-SNAPSHOT.jar:/home/runner/work/ozone/ozone/hadoop-ozone/freon/target/ozone-freon-2.1.0-SNAPSHOT.jar:/home/runner/.m2/repository/com/amazonaws/aws-java-sdk-core/1.12.661/aws-java-sdk-core-1.12.661.jar:/home/runner/.m2/repository/com/fasterxml/jackson/dataformat/jackson-dataformat-cbor/2.16.2/jackson-dataformat-cbor-2.16.2.jar:/home/runner/.m2/repository/joda-time/joda-time/2.12.7/joda-time-2.12.7.jar:/home/runner/.m2/repository/com/amazonaws/aws-java-sdk-s3/1.12.661/aws-java-sdk-s3-1.12.661.jar:/home/runner/.m2/repository/com/amazonaws/aws-java-sdk-kms/1.12.661/aws-java-sdk-kms-1.12.661.jar:/home/runner/.m2/repository/com/amazonaws/jmespath-java/1.12.661/jmespath-java-1.12.661.jar:/home/runner/work/ozone/ozone/hadoop-ozone/interface-client/target/ozone-interface-client-2.1.0-SNAPSHOT.jar:/home/runner/work/ozone/ozone/hadoop-ozone/interface-storage/target/ozone-interface-storage-2.1.0-SNAPSHOT.jar:/home/runner/work/ozone/ozone/hadoop-ozone/ozone-manager/target/ozone-manager-2.1.0-SNAPSHOT.jar:/home/runner/.m2/repository/com/sun/jersey/jersey-client/1.19.4/jersey-client-1.19.4.jar:/home/runner/.m2/repository/org/apache/ranger/ranger-plugins-common/2.6.0/ranger-plugins-common-2.6.0.jar:/home/runner/.m2/repository/com/fasterxml/jackson/jaxrs/jackson-jaxrs-base/2.16.2/jackson-jaxrs-base-2.16.2.jar:/home/runner/.m2/repository/com/kstruct/gethostname4j/1.0.0/gethostname4j-1.0.0.jar:/home/runner/.m2/repository/commons-lang/commons-lang/2.6/commons-lang-2.6.jar:/home/runner/.m2/repository/net/java/dev/jna/jna/5.2.0/jna-5.2.0.jar:/home/runner/.m2/repository/net/java/dev/jna/jna-platform/5.2.0/jna-platform-5.2.0.jar:/home/runner/.m2/repository/org/apache/ranger/ranger-plugin-classloader/2.6.0/ranger-plugin-classloader-2.6.0.jar:/home/runner/.m2/repository/org/apache/ranger/ranger-plugins-audit/2.6.0/ranger-plugins-audit-2.6.0.jar:/home/runner/.m2/repository/com/amazonaws/aws-java-sdk-logs/1.12.765/aws-java-sdk-logs-1.12.765.jar:/home/runner/.m2/repository/com/carrotsearch/hppc/0.8.0/hppc-0.8.0.jar:/home/runner/.m2/repository/io/airlift/aircompressor/0.27/aircompressor-0.27.jar:/home/runner/.m2/repository/org/apache/httpcomponents/httpasyncclient/4.1.4/httpasyncclient-4.1.4.jar:/home/runner/.m2/repository/org/apache/httpcomponents/httpcore-nio/4.4.16/httpcore-nio-4.4.16.jar:/home/runner/.m2/repository/org/apache/httpcomponents/httpmime/4.5.13/httpmime-4.5.13.jar:/home/runner/.m2/repository/org/apache/orc/orc-core/1.5.8/orc-core-1.5.8.jar:/home/runner/.m2/repository/org/apache/orc/orc-shims/1.5.8/orc-shims-1.5.8.jar:/home/runner/.m2/repository/org/apache/ranger/ranger-plugins-cred/2.6.0/ranger-plugins-cred-2.6.0.jar:/home/runner/.m2/repository/org/aspectj/aspectjrt/1.9.7/aspectjrt-1.9.7.jar:/home/runner/work/ozone/ozone/hadoop-ozone/ozone-manager/target/ozone-manager-2.1.0-SNAPSHOT-tests.jar:/home/runner/work/ozone/ozone/hadoop-ozone/mini-cluster/target/ozone-mini-cluster-2.1.0-SNAPSHOT.jar:/home/runner/work/ozone/ozone/hadoop-ozone/recon/target/ozone-recon-2.1.0-SNAPSHOT.jar:/home/runner/.m2/repository/aopalliance/aopalliance/1.0/aopalliance-1.0.jar:/home/runner/.m2/repository/com/google/inject/guice/6.0.0/guice-6.0.0.jar:/home/runner/.m2/repository/jakarta/inject/jakarta.inject-api/2.0.1/jakarta.inject-api-2.0.1.jar:/home/runner/.m2/repository/com/jolbox/bonecp/0.8.0.RELEASE/bonecp-0.8.0.RELEASE.jar:/home/runner/.m2/repository/jakarta/validation/jakarta.validation-api/2.0.2/jakarta.validation-api-2.0.2.jar:/home/runner/.m2/repository/javax/annotation/javax.annotation-api/1.3.2/javax.annotation-api-1.3.2.jar:/home/runner/.m2/repository/javax/inject/javax.inject/1/javax.inject-1.jar:/home/runner/.m2/repository/org/apache/derby/derby/10.14.2.0/derby-10.14.2.0.jar:/home/runner/.m2/repository/org/glassfish/hk2/guice-bridge/2.6.1/guice-bridge-2.6.1.jar:/home/runner/.m2/repository/org/glassfish/hk2/hk2-api/2.6.1/hk2-api-2.6.1.jar:/home/runner/.m2/repository/org/glassfish/hk2/hk2-utils/2.6.1/hk2-utils-2.6.1.jar:/home/runner/.m2/repository/org/glassfish/hk2/external/aopalliance-repackaged/2.6.1/aopalliance-repackaged-2.6.1.jar:/home/runner/.m2/repository/org/glassfish/jersey/core/jersey-common/2.47/jersey-common-2.47.jar:/home/runner/.m2/repository/org/glassfish/hk2/osgi-resource-locator/1.0.3/osgi-resource-locator-1.0.3.jar:/home/runner/.m2/repository/org/jooq/jooq/3.11.10/jooq-3.11.10.jar:/home/runner/.m2/repository/org/springframework/spring-core/5.3.39/spring-core-5.3.39.jar:/home/runner/.m2/repository/org/springframework/spring-jdbc/5.3.39/spring-jdbc-5.3.39.jar:/home/runner/.m2/repository/org/springframework/spring-beans/5.3.39/spring-beans-5.3.39.jar:/home/runner/.m2/repository/org/springframework/spring-tx/5.3.39/spring-tx-5.3.39.jar:/home/runner/.m2/repository/org/xerial/sqlite-jdbc/3.50.2.0/sqlite-jdbc-3.50.2.0.jar:/home/runner/.m2/repository/com/google/inject/extensions/guice-assistedinject/6.0.0/guice-assistedinject-6.0.0.jar:/home/runner/.m2/repository/org/glassfish/hk2/external/jakarta.inject/2.6.1/jakarta.inject-2.6.1.jar:/home/runner/.m2/repository/org/glassfish/jersey/inject/jersey-hk2/2.47/jersey-hk2-2.47.jar:/home/runner/.m2/repository/org/glassfish/hk2/hk2-locator/2.6.1/hk2-locator-2.6.1.jar:/home/runner/.m2/repository/org/glassfish/jersey/media/jersey-media-jaxb/2.47/jersey-media-jaxb-2.47.jar:/home/runner/.m2/repository/org/glassfish/jersey/media/jersey-media-json-jackson/2.47/jersey-media-json-jackson-2.47.jar:/home/runner/.m2/repository/org/glassfish/jersey/ext/jersey-entity-filtering/2.47/jersey-entity-filtering-2.47.jar:/home/runner/work/ozone/ozone/hadoop-ozone/recon-codegen/target/ozone-reconcodegen-2.1.0-SNAPSHOT.jar:/home/runner/.m2/repository/org/jooq/jooq-codegen/3.11.10/jooq-codegen-3.11.10.jar:/home/runner/.m2/repository/org/jooq/jooq-meta/3.11.10/jooq-meta-3.11.10.jar:/home/runner/work/ozone/ozone/hadoop-ozone/s3gateway/target/ozone-s3gateway-2.1.0-SNAPSHOT.jar:/home/runner/work/ozone/ozone/hadoop-ozone/tools/target/ozone-tools-2.1.0-SNAPSHOT.jar:/home/runner/.m2/repository/com/github/vlsi/mxgraph/jgraphx/3.9.12/jgraphx-3.9.12.jar:/home/runner/.m2/repository/org/apache/ratis/ratis-shell/3.2.0/ratis-shell-3.2.0.jar:/home/runner/.m2/repository/org/apache/ratis/ratis-tools/3.2.0/ratis-tools-3.2.0.jar:/home/runner/.m2/repository/org/jgrapht/jgrapht-core/1.4.0/jgrapht-core-1.4.0.jar:/home/runner/.m2/repository/org/jheaps/jheaps/0.11/jheaps-0.11.jar:/home/runner/.m2/repository/org/jgrapht/jgrapht-ext/1.4.0/jgrapht-ext-1.4.0.jar:/home/runner/work/ozone/ozone/hadoop-hdds/rocksdb-checkpoint-differ/target/rocksdb-checkpoint-differ-2.1.0-SNAPSHOT.jar:/home/runner/.m2/repository/org/apache/ranger/ranger-intg/2.6.0/ranger-intg-2.6.0.jar:/home/runner/.m2/repository/org/apache/ratis/ratis-client/3.2.0/ratis-client-3.2.0.jar:/home/runner/.m2/repository/org/apache/ratis/ratis-common/3.2.0/ratis-common-3.2.0.jar:/home/runner/.m2/repository/org/apache/ratis/ratis-grpc/3.2.0/ratis-grpc-3.2.0.jar:/home/runner/.m2/repository/org/apache/ratis/ratis-metrics-api/3.2.0/ratis-metrics-api-3.2.0.jar:/home/runner/.m2/repository/org/apache/ratis/ratis-proto/3.2.0/ratis-proto-3.2.0.jar:/home/runner/.m2/repository/org/apache/ratis/ratis-server/3.2.0/ratis-server-3.2.0.jar:/home/runner/.m2/repository/org/apache/ratis/ratis-server-api/3.2.0/ratis-server-api-3.2.0.jar:/home/runner/.m2/repository/org/apache/ratis/ratis-thirdparty-misc/1.0.9/ratis-thirdparty-misc-1.0.9.jar:/home/runner/.m2/repository/org/bouncycastle/bcpkix-jdk18on/1.81/bcpkix-jdk18on-1.81.jar:/home/runner/.m2/repository/org/bouncycastle/bcutil-jdk18on/1.81/bcutil-jdk18on-1.81.jar:/home/runner/.m2/repository/org/hamcrest/hamcrest/2.2/hamcrest-2.2.jar:/home/runner/.m2/repository/org/reflections/reflections/0.10.2/reflections-0.10.2.jar:/home/runner/.m2/repository/org/javassist/javassist/3.30.2-GA/javassist-3.30.2-GA.jar:/home/runner/.m2/repository/org/rocksdb/rocksdbjni/7.7.3/rocksdbjni-7.7.3.jar:/home/runner/.m2/repository/org/slf4j/jul-to-slf4j/2.0.17/jul-to-slf4j-2.0.17.jar:/home/runner/.m2/repository/org/slf4j/slf4j-api/2.0.17/slf4j-api-2.0.17.jar:/home/runner/.m2/repository/org/assertj/assertj-core/3.27.3/assertj-core-3.27.3.jar:/home/runner/.m2/repository/net/bytebuddy/byte-buddy/1.15.11/byte-buddy-1.15.11.jar:/home/runner/.m2/repository/org/junit/jupiter/junit-jupiter-api/5.13.3/junit-jupiter-api-5.13.3.jar:/home/runner/.m2/repository/org/opentest4j/opentest4j/1.3.0/opentest4j-1.3.0.jar:/home/runner/.m2/repository/org/junit/platform/junit-platform-commons/1.13.3/junit-platform-commons-1.13.3.jar:/home/runner/.m2/repository/org/apiguardian/apiguardian-api/1.1.2/apiguardian-api-1.1.2.jar:/home/runner/.m2/repository/org/junit/jupiter/junit-jupiter-params/5.13.3/junit-jupiter-params-5.13.3.jar:/home/runner/.m2/repository/org/mockito/mockito-core/4.11.0/mockito-core-4.11.0.jar:/home/runner/.m2/repository/net/bytebuddy/byte-buddy-agent/1.12.19/byte-buddy-agent-1.12.19.jar:/home/runner/.m2/repository/org/objenesis/objenesis/3.3/objenesis-3.3.jar:/home/runner/.m2/repository/org/mockito/mockito-inline/4.11.0/mockito-inline-4.11.0.jar:/home/runner/.m2/repository/org/mockito/mockito-junit-jupiter/4.11.0/mockito-junit-jupiter-4.11.0.jar:/home/runner/work/ozone/ozone/hadoop-ozone/integration-test/target/gradle-enterprise/test-listeners.jar:"/>
    <property name="java.vm.vendor" value="Eclipse Adoptium"/>
    <property name="sun.arch.data.model" value="64"/>
    <property name="test.build.dir" value="/home/runner/work/ozone/ozone/hadoop-ozone/integration-test/target/test-dir"/>
    <property name="test.cache.data" value=""/>
    <property name="java.vendor.url" value="https://adoptium.net/"/>
    <property name="user.timezone" value="Etc/UTC"/>
    <property name="maven-surefire-plugin.argLineAccessArgs" value=" --add-opens java.management/com.sun.jmx.mbeanserver=ALL-UNNAMED --add-exports java.management/com.sun.jmx.mbeanserver=ALL-UNNAMED --add-opens java.base/java.nio=ALL-UNNAMED --add-opens java.base/java.lang=ALL-UNNAMED --add-opens java.base/java.lang.reflect=ALL-UNNAMED"/>
    <property name="os.name" value="Linux"/>
    <property name="java.vm.specification.version" value="21"/>
    <property name="test.build.data" value="/home/runner/work/ozone/ozone/hadoop-ozone/integration-test/target/test-dir"/>
    <property name="sun.java.launcher" value="SUN_STANDARD"/>
    <property name="sun.boot.library.path" value="/usr/lib/jvm/temurin-21-jdk-amd64/lib"/>
    <property name="sun.java.command" value="/home/runner/work/ozone/ozone/hadoop-ozone/integration-test/target/surefire/surefirebooter-20250715193827209_732.jar /home/runner/work/ozone/ozone/hadoop-ozone/integration-test/target/surefire 2025-07-15T19-33-47_588-jvmRun1 surefire-20250715193827209_730tmp surefire_21-20250715193827209_731tmp"/>
    <property name="jdk.debug" value="release"/>
    <property name="native.lib.tmp.dir" value="/tmp"/>
    <property name="surefire.test.class.path" value="/home/runner/work/ozone/ozone/hadoop-ozone/integration-test/target/test-classes:/home/runner/work/ozone/ozone/hadoop-ozone/integration-test/target/classes:/home/runner/.m2/repository/ch/qos/reload4j/reload4j/1.2.26/reload4j-1.2.26.jar:/home/runner/.m2/repository/com/fasterxml/jackson/core/jackson-core/2.16.2/jackson-core-2.16.2.jar:/home/runner/.m2/repository/com/fasterxml/jackson/core/jackson-databind/2.16.2/jackson-databind-2.16.2.jar:/home/runner/.m2/repository/com/fasterxml/jackson/core/jackson-annotations/2.16.2/jackson-annotations-2.16.2.jar:/home/runner/.m2/repository/com/github/stephenc/jcip/jcip-annotations/1.0-1/jcip-annotations-1.0-1.jar:/home/runner/.m2/repository/com/google/guava/guava/32.1.3-jre/guava-32.1.3-jre.jar:/home/runner/.m2/repository/com/google/guava/failureaccess/1.0.1/failureaccess-1.0.1.jar:/home/runner/.m2/repository/com/google/guava/listenablefuture/9999.0-empty-to-avoid-conflict-with-guava/listenablefuture-9999.0-empty-to-avoid-conflict-with-guava.jar:/home/runner/.m2/repository/org/checkerframework/checker-qual/3.37.0/checker-qual-3.37.0.jar:/home/runner/.m2/repository/com/google/errorprone/error_prone_annotations/2.29.2/error_prone_annotations-2.29.2.jar:/home/runner/.m2/repository/com/google/j2objc/j2objc-annotations/2.8/j2objc-annotations-2.8.jar:/home/runner/.m2/repository/com/google/protobuf/protobuf-java/2.5.0/protobuf-java-2.5.0.jar:/home/runner/.m2/repository/com/squareup/okhttp3/okhttp/4.12.0/okhttp-4.12.0.jar:/home/runner/.m2/repository/com/squareup/okio/okio/3.6.0/okio-3.6.0.jar:/home/runner/.m2/repository/com/squareup/okio/okio-jvm/3.6.0/okio-jvm-3.6.0.jar:/home/runner/.m2/repository/org/jetbrains/kotlin/kotlin-stdlib-common/1.9.25/kotlin-stdlib-common-1.9.25.jar:/home/runner/.m2/repository/org/jetbrains/kotlin/kotlin-stdlib-jdk8/1.9.25/kotlin-stdlib-jdk8-1.9.25.jar:/home/runner/.m2/repository/org/jetbrains/kotlin/kotlin-stdlib/1.9.25/kotlin-stdlib-1.9.25.jar:/home/runner/.m2/repository/org/jetbrains/annotations/13.0/annotations-13.0.jar:/home/runner/.m2/repository/org/jetbrains/kotlin/kotlin-stdlib-jdk7/1.9.25/kotlin-stdlib-jdk7-1.9.25.jar:/home/runner/.m2/repository/commons-codec/commons-codec/1.18.0/commons-codec-1.18.0.jar:/home/runner/.m2/repository/commons-io/commons-io/2.18.0/commons-io-2.18.0.jar:/home/runner/.m2/repository/commons-validator/commons-validator/1.6/commons-validator-1.6.jar:/home/runner/.m2/repository/commons-beanutils/commons-beanutils/1.11.0/commons-beanutils-1.11.0.jar:/home/runner/.m2/repository/commons-digester/commons-digester/1.8.1/commons-digester-1.8.1.jar:/home/runner/.m2/repository/commons-collections/commons-collections/3.2.2/commons-collections-3.2.2.jar:/home/runner/.m2/repository/info/picocli/picocli/4.7.7/picocli-4.7.7.jar:/home/runner/.m2/repository/jakarta/annotation/jakarta.annotation-api/2.1.1/jakarta.annotation-api-2.1.1.jar:/home/runner/.m2/repository/jakarta/xml/bind/jakarta.xml.bind-api/2.3.3/jakarta.xml.bind-api-2.3.3.jar:/home/runner/.m2/repository/jakarta/activation/jakarta.activation-api/1.2.2/jakarta.activation-api-1.2.2.jar:/home/runner/.m2/repository/javax/servlet/javax.servlet-api/3.1.0/javax.servlet-api-3.1.0.jar:/home/runner/.m2/repository/javax/ws/rs/jsr311-api/1.1.1/jsr311-api-1.1.1.jar:/home/runner/.m2/repository/org/apache/commons/commons-compress/1.27.1/commons-compress-1.27.1.jar:/home/runner/.m2/repository/org/apache/commons/commons-lang3/3.17.0/commons-lang3-3.17.0.jar:/home/runner/.m2/repository/org/apache/commons/commons-text/1.13.1/commons-text-1.13.1.jar:/home/runner/.m2/repository/org/apache/hadoop/hadoop-auth/3.4.1/hadoop-auth-3.4.1.jar:/home/runner/.m2/repository/com/nimbusds/nimbus-jose-jwt/9.40/nimbus-jose-jwt-9.40.jar:/home/runner/.m2/repository/io/dropwizard/metrics/metrics-core/3.2.6/metrics-core-3.2.6.jar:/home/runner/.m2/repository/org/apache/kerby/kerb-core/1.0.1/kerb-core-1.0.1.jar:/home/runner/.m2/repository/org/apache/kerby/kerby-pkix/1.0.1/kerby-pkix-1.0.1.jar:/home/runner/.m2/repository/org/apache/kerby/kerby-asn1/1.0.1/kerby-asn1-1.0.1.jar:/home/runner/.m2/repository/org/apache/kerby/kerb-util/1.0.1/kerb-util-1.0.1.jar:/home/runner/.m2/repository/org/apache/kerby/kerby-config/1.0.1/kerby-config-1.0.1.jar:/home/runner/.m2/repository/org/apache/kerby/kerb-crypto/1.0.1/kerb-crypto-1.0.1.jar:/home/runner/.m2/repository/org/apache/hadoop/thirdparty/hadoop-shaded-guava/1.3.0/hadoop-shaded-guava-1.3.0.jar:/home/runner/.m2/repository/org/apache/hadoop/hadoop-common/3.4.1/hadoop-common-3.4.1.jar:/home/runner/.m2/repository/org/apache/hadoop/thirdparty/hadoop-shaded-protobuf_3_25/1.4.0/hadoop-shaded-protobuf_3_25-1.4.0.jar:/home/runner/.m2/repository/org/apache/hadoop/hadoop-annotations/3.4.1/hadoop-annotations-3.4.1.jar:/home/runner/.m2/repository/commons-cli/commons-cli/1.8.0/commons-cli-1.8.0.jar:/home/runner/.m2/repository/commons-net/commons-net/3.11.1/commons-net-3.11.1.jar:/home/runner/.m2/repository/org/eclipse/jetty/jetty-server/9.4.57.v20241219/jetty-server-9.4.57.v20241219.jar:/home/runner/.m2/repository/org/eclipse/jetty/jetty-io/9.4.57.v20241219/jetty-io-9.4.57.v20241219.jar:/home/runner/.m2/repository/org/eclipse/jetty/jetty-util/9.4.57.v20241219/jetty-util-9.4.57.v20241219.jar:/home/runner/.m2/repository/org/eclipse/jetty/jetty-servlet/9.4.57.v20241219/jetty-servlet-9.4.57.v20241219.jar:/home/runner/.m2/repository/org/eclipse/jetty/jetty-security/9.4.57.v20241219/jetty-security-9.4.57.v20241219.jar:/home/runner/.m2/repository/org/eclipse/jetty/jetty-webapp/9.4.57.v20241219/jetty-webapp-9.4.57.v20241219.jar:/home/runner/.m2/repository/org/eclipse/jetty/jetty-xml/9.4.57.v20241219/jetty-xml-9.4.57.v20241219.jar:/home/runner/.m2/repository/javax/servlet/jsp/jsp-api/2.1/jsp-api-2.1.jar:/home/runner/.m2/repository/org/codehaus/jettison/jettison/1.5.4/jettison-1.5.4.jar:/home/runner/.m2/repository/org/apache/commons/commons-configuration2/2.12.0/commons-configuration2-2.12.0.jar:/home/runner/.m2/repository/com/google/re2j/re2j/1.7/re2j-1.7.jar:/home/runner/.m2/repository/com/google/code/gson/gson/2.10.1/gson-2.10.1.jar:/home/runner/.m2/repository/com/jcraft/jsch/0.1.55/jsch-0.1.55.jar:/home/runner/.m2/repository/io/netty/netty-handler/4.1.119.Final/netty-handler-4.1.119.Final.jar:/home/runner/.m2/repository/io/netty/netty-resolver/4.1.119.Final/netty-resolver-4.1.119.Final.jar:/home/runner/.m2/repository/io/netty/netty-transport-native-epoll/4.1.119.Final/netty-transport-native-epoll-4.1.119.Final.jar:/home/runner/.m2/repository/org/bouncycastle/bcprov-jdk18on/1.81/bcprov-jdk18on-1.81.jar:/home/runner/.m2/repository/org/codehaus/woodstox/stax2-api/4.2.1/stax2-api-4.2.1.jar:/home/runner/.m2/repository/com/fasterxml/woodstox/woodstox-core/5.4.0/woodstox-core-5.4.0.jar:/home/runner/.m2/repository/dnsjava/dnsjava/3.6.1/dnsjava-3.6.1.jar:/home/runner/.m2/repository/org/apache/hadoop/hadoop-common/3.4.1/hadoop-common-3.4.1-tests.jar:/home/runner/.m2/repository/org/apache/commons/commons-math3/3.6.1/commons-math3-3.6.1.jar:/home/runner/.m2/repository/com/sun/jersey/jersey-core/1.19.4/jersey-core-1.19.4.jar:/home/runner/.m2/repository/com/sun/jersey/jersey-servlet/1.19.4/jersey-servlet-1.19.4.jar:/home/runner/.m2/repository/com/github/pjfanning/jersey-json/1.22.0/jersey-json-1.22.0.jar:/home/runner/.m2/repository/com/sun/xml/bind/jaxb-impl/2.2.3-1/jaxb-impl-2.2.3-1.jar:/home/runner/.m2/repository/com/sun/jersey/jersey-server/1.19.4/jersey-server-1.19.4.jar:/home/runner/.m2/repository/org/slf4j/slf4j-reload4j/2.0.17/slf4j-reload4j-2.0.17.jar:/home/runner/.m2/repository/org/apache/avro/avro/1.9.2/avro-1.9.2.jar:/home/runner/.m2/repository/org/apache/curator/curator-client/4.2.0/curator-client-4.2.0.jar:/home/runner/.m2/repository/org/apache/curator/curator-recipes/5.2.0/curator-recipes-5.2.0.jar:/home/runner/.m2/repository/org/apache/curator/curator-framework/4.2.0/curator-framework-4.2.0.jar:/home/runner/.m2/repository/com/google/code/findbugs/jsr305/3.0.2/jsr305-3.0.2.jar:/home/runner/.m2/repository/org/apache/zookeeper/zookeeper/3.8.4/zookeeper-3.8.4.jar:/home/runner/.m2/repository/org/apache/zookeeper/zookeeper-jute/3.8.4/zookeeper-jute-3.8.4.jar:/home/runner/.m2/repository/org/apache/yetus/audience-annotations/0.12.0/audience-annotations-0.12.0.jar:/home/runner/.m2/repository/org/xerial/snappy/snappy-java/1.1.10.7/snappy-java-1.1.10.7.jar:/home/runner/.m2/repository/org/apache/hadoop/hadoop-distcp/3.4.1/hadoop-distcp-3.4.1.jar:/home/runner/.m2/repository/org/apache/hadoop/hadoop-distcp/3.4.1/hadoop-distcp-3.4.1-tests.jar:/home/runner/.m2/repository/org/apache/hadoop/hadoop-hdfs/3.4.1/hadoop-hdfs-3.4.1.jar:/home/runner/.m2/repository/org/eclipse/jetty/jetty-util-ajax/9.4.57.v20241219/jetty-util-ajax-9.4.57.v20241219.jar:/home/runner/.m2/repository/commons-daemon/commons-daemon/1.4.0/commons-daemon-1.4.0.jar:/home/runner/.m2/repository/org/apache/hadoop/hadoop-hdfs/3.4.1/hadoop-hdfs-3.4.1-tests.jar:/home/runner/.m2/repository/io/netty/netty-all/4.1.119.Final/netty-all-4.1.119.Final.jar:/home/runner/.m2/repository/io/netty/netty-codec-dns/4.1.119.Final/netty-codec-dns-4.1.119.Final.jar:/home/runner/.m2/repository/io/netty/netty-codec-haproxy/4.1.119.Final/netty-codec-haproxy-4.1.119.Final.jar:/home/runner/.m2/repository/io/netty/netty-codec-http/4.1.119.Final/netty-codec-http-4.1.119.Final.jar:/home/runner/.m2/repository/io/netty/netty-codec-memcache/4.1.119.Final/netty-codec-memcache-4.1.119.Final.jar:/home/runner/.m2/repository/io/netty/netty-codec-mqtt/4.1.119.Final/netty-codec-mqtt-4.1.119.Final.jar:/home/runner/.m2/repository/io/netty/netty-codec-redis/4.1.119.Final/netty-codec-redis-4.1.119.Final.jar:/home/runner/.m2/repository/io/netty/netty-codec-smtp/4.1.119.Final/netty-codec-smtp-4.1.119.Final.jar:/home/runner/.m2/repository/io/netty/netty-codec-socks/4.1.119.Final/netty-codec-socks-4.1.119.Final.jar:/home/runner/.m2/repository/io/netty/netty-codec-stomp/4.1.119.Final/netty-codec-stomp-4.1.119.Final.jar:/home/runner/.m2/repository/io/netty/netty-codec-xml/4.1.119.Final/netty-codec-xml-4.1.119.Final.jar:/home/runner/.m2/repository/io/netty/netty-handler-ssl-ocsp/4.1.119.Final/netty-handler-ssl-ocsp-4.1.119.Final.jar:/home/runner/.m2/repository/io/netty/netty-resolver-dns/4.1.119.Final/netty-resolver-dns-4.1.119.Final.jar:/home/runner/.m2/repository/io/netty/netty-transport-rxtx/4.1.119.Final/netty-transport-rxtx-4.1.119.Final.jar:/home/runner/.m2/repository/io/netty/netty-transport-sctp/4.1.119.Final/netty-transport-sctp-4.1.119.Final.jar:/home/runner/.m2/repository/io/netty/netty-transport-udt/4.1.119.Final/netty-transport-udt-4.1.119.Final.jar:/home/runner/.m2/repository/io/netty/netty-transport-classes-kqueue/4.1.119.Final/netty-transport-classes-kqueue-4.1.119.Final.jar:/home/runner/.m2/repository/io/netty/netty-resolver-dns-classes-macos/4.1.119.Final/netty-resolver-dns-classes-macos-4.1.119.Final.jar:/home/runner/.m2/repository/io/netty/netty-transport-native-epoll/4.1.119.Final/netty-transport-native-epoll-4.1.119.Final-linux-aarch_64.jar:/home/runner/.m2/repository/io/netty/netty-transport-native-epoll/4.1.119.Final/netty-transport-native-epoll-4.1.119.Final-linux-riscv64.jar:/home/runner/.m2/repository/io/netty/netty-transport-native-kqueue/4.1.119.Final/netty-transport-native-kqueue-4.1.119.Final-osx-x86_64.jar:/home/runner/.m2/repository/io/netty/netty-transport-native-kqueue/4.1.119.Final/netty-transport-native-kqueue-4.1.119.Final-osx-aarch_64.jar:/home/runner/.m2/repository/io/netty/netty-resolver-dns-native-macos/4.1.119.Final/netty-resolver-dns-native-macos-4.1.119.Final-osx-x86_64.jar:/home/runner/.m2/repository/io/netty/netty-resolver-dns-native-macos/4.1.119.Final/netty-resolver-dns-native-macos-4.1.119.Final-osx-aarch_64.jar:/home/runner/.m2/repository/org/fusesource/leveldbjni/leveldbjni-all/1.8/leveldbjni-all-1.8.jar:/home/runner/.m2/repository/org/apache/hadoop/hadoop-hdfs-client/3.4.1/hadoop-hdfs-client-3.4.1.jar:/home/runner/.m2/repository/org/apache/hadoop/hadoop-kms/3.4.1/hadoop-kms-3.4.1.jar:/home/runner/.m2/repository/org/apache/hadoop/hadoop-kms/3.4.1/hadoop-kms-3.4.1-tests.jar:/home/runner/.m2/repository/org/apache/hadoop/hadoop-mapreduce-client-core/3.4.1/hadoop-mapreduce-client-core-3.4.1.jar:/home/runner/.m2/repository/org/apache/hadoop/hadoop-yarn-client/3.4.1/hadoop-yarn-client-3.4.1.jar:/home/runner/.m2/repository/org/eclipse/jetty/websocket/websocket-client/9.4.53.v20231009/websocket-client-9.4.53.v20231009.jar:/home/runner/.m2/repository/org/eclipse/jetty/jetty-client/9.4.57.v20241219/jetty-client-9.4.57.v20241219.jar:/home/runner/.m2/repository/org/eclipse/jetty/websocket/websocket-common/9.4.53.v20231009/websocket-common-9.4.53.v20231009.jar:/home/runner/.m2/repository/org/eclipse/jetty/websocket/websocket-api/9.4.53.v20231009/websocket-api-9.4.53.v20231009.jar:/home/runner/.m2/repository/org/apache/hadoop/hadoop-yarn-api/3.4.1/hadoop-yarn-api-3.4.1.jar:/home/runner/.m2/repository/org/apache/hadoop/hadoop-yarn-common/3.4.1/hadoop-yarn-common-3.4.1.jar:/home/runner/.m2/repository/javax/xml/bind/jaxb-api/2.2.11/jaxb-api-2.2.11.jar:/home/runner/.m2/repository/com/sun/jersey/contribs/jersey-guice/1.19.4/jersey-guice-1.19.4.jar:/home/runner/.m2/repository/com/fasterxml/jackson/module/jackson-module-jaxb-annotations/2.16.2/jackson-module-jaxb-annotations-2.16.2.jar:/home/runner/.m2/repository/com/fasterxml/jackson/jaxrs/jackson-jaxrs-json-provider/2.16.2/jackson-jaxrs-json-provider-2.16.2.jar:/home/runner/.m2/repository/com/google/inject/extensions/guice-servlet/6.0.0/guice-servlet-6.0.0.jar:/home/runner/.m2/repository/org/apache/hadoop/hadoop-mapreduce-client-jobclient/3.4.1/hadoop-mapreduce-client-jobclient-3.4.1.jar:/home/runner/.m2/repository/org/apache/hadoop/hadoop-mapreduce-client-common/3.4.1/hadoop-mapreduce-client-common-3.4.1.jar:/home/runner/.m2/repository/org/apache/hadoop/hadoop-minikdc/3.4.1/hadoop-minikdc-3.4.1.jar:/home/runner/.m2/repository/org/apache/kerby/kerb-simplekdc/2.0.3/kerb-simplekdc-2.0.3.jar:/home/runner/.m2/repository/org/apache/kerby/kerb-client/2.0.3/kerb-client-2.0.3.jar:/home/runner/.m2/repository/org/apache/kerby/kerb-common/2.0.3/kerb-common-2.0.3.jar:/home/runner/.m2/repository/org/apache/kerby/token-provider/2.0.3/token-provider-2.0.3.jar:/home/runner/.m2/repository/org/apache/kerby/kerb-admin/2.0.3/kerb-admin-2.0.3.jar:/home/runner/.m2/repository/org/apache/kerby/kerb-server/2.0.3/kerb-server-2.0.3.jar:/home/runner/.m2/repository/org/apache/kerby/kerb-identity/2.0.3/kerb-identity-2.0.3.jar:/home/runner/.m2/repository/org/apache/kerby/kerby-xdr/2.0.3/kerby-xdr-2.0.3.jar:/home/runner/.m2/repository/junit/junit/4.13.2/junit-4.13.2.jar:/home/runner/.m2/repository/org/hamcrest/hamcrest-core/1.3/hamcrest-core-1.3.jar:/home/runner/.m2/repository/org/apache/httpcomponents/httpclient/4.5.14/httpclient-4.5.14.jar:/home/runner/.m2/repository/org/apache/httpcomponents/httpcore/4.4.16/httpcore-4.4.16.jar:/home/runner/.m2/repository/org/apache/kerby/kerby-util/1.0.1/kerby-util-1.0.1.jar:/home/runner/work/ozone/ozone/hadoop-hdds/client/target/hdds-client-2.1.0-SNAPSHOT.jar:/home/runner/.m2/repository/io/opentracing/opentracing-api/0.33.0/opentracing-api-0.33.0.jar:/home/runner/.m2/repository/io/opentracing/opentracing-util/0.33.0/opentracing-util-0.33.0.jar:/home/runner/.m2/repository/io/opentracing/opentracing-noop/0.33.0/opentracing-noop-0.33.0.jar:/home/runner/work/ozone/ozone/hadoop-hdds/erasurecode/target/hdds-erasurecode-2.1.0-SNAPSHOT.jar:/home/runner/work/ozone/ozone/hadoop-hdds/common/target/hdds-common-2.1.0-SNAPSHOT.jar:/home/runner/.m2/repository/com/fasterxml/jackson/datatype/jackson-datatype-jsr310/2.16.2/jackson-datatype-jsr310-2.16.2.jar:/home/runner/.m2/repository/io/jaegertracing/jaeger-core/1.8.1/jaeger-core-1.8.1.jar:/home/runner/.m2/repository/org/apache/ratis/ratis-netty/3.2.0/ratis-netty-3.2.0.jar:/home/runner/.m2/repository/org/yaml/snakeyaml/2.0/snakeyaml-2.0.jar:/home/runner/.m2/repository/io/jaegertracing/jaeger-client/1.8.1/jaeger-client-1.8.1.jar:/home/runner/.m2/repository/io/jaegertracing/jaeger-thrift/1.8.1/jaeger-thrift-1.8.1.jar:/home/runner/.m2/repository/org/apache/thrift/libthrift/0.15.0/libthrift-0.15.0.jar:/home/runner/.m2/repository/io/jaegertracing/jaeger-tracerresolver/1.8.1/jaeger-tracerresolver-1.8.1.jar:/home/runner/.m2/repository/io/opentracing/contrib/opentracing-tracerresolver/0.1.8/opentracing-tracerresolver-0.1.8.jar:/home/runner/.m2/repository/org/apache/ratis/ratis-metrics-dropwizard3/3.2.0/ratis-metrics-dropwizard3-3.2.0.jar:/home/runner/.m2/repository/org/slf4j/jcl-over-slf4j/2.0.17/jcl-over-slf4j-2.0.17.jar:/home/runner/work/ozone/ozone/hadoop-hdds/common/target/hdds-common-2.1.0-SNAPSHOT-tests.jar:/home/runner/work/ozone/ozone/hadoop-hdds/config/target/hdds-config-2.1.0-SNAPSHOT.jar:/home/runner/work/ozone/ozone/hadoop-hdds/container-service/target/hdds-container-service-2.1.0-SNAPSHOT.jar:/home/runner/.m2/repository/io/netty/netty-buffer/4.1.119.Final/netty-buffer-4.1.119.Final.jar:/home/runner/.m2/repository/io/netty/netty-codec/4.1.119.Final/netty-codec-4.1.119.Final.jar:/home/runner/.m2/repository/io/netty/netty-common/4.1.119.Final/netty-common-4.1.119.Final.jar:/home/runner/.m2/repository/io/netty/netty-transport/4.1.119.Final/netty-transport-4.1.119.Final.jar:/home/runner/.m2/repository/org/apache/logging/log4j/log4j-api/2.25.0/log4j-api-2.25.0.jar:/home/runner/.m2/repository/com/github/luben/zstd-jni/1.5.7-4/zstd-jni-1.5.7-4.jar:/home/runner/.m2/repository/log4j/apache-log4j-extras/1.2.17/apache-log4j-extras-1.2.17.jar:/home/runner/.m2/repository/org/glassfish/jaxb/jaxb-runtime/2.3.9/jaxb-runtime-2.3.9.jar:/home/runner/.m2/repository/org/glassfish/jaxb/txw2/2.3.9/txw2-2.3.9.jar:/home/runner/.m2/repository/com/sun/istack/istack-commons-runtime/3.0.12/istack-commons-runtime-3.0.12.jar:/home/runner/.m2/repository/com/sun/activation/jakarta.activation/1.2.2/jakarta.activation-1.2.2.jar:/home/runner/work/ozone/ozone/hadoop-hdds/container-service/target/hdds-container-service-2.1.0-SNAPSHOT-tests.jar:/home/runner/work/ozone/ozone/hadoop-hdds/interface-admin/target/hdds-interface-admin-2.1.0-SNAPSHOT.jar:/home/runner/work/ozone/ozone/hadoop-hdds/interface-client/target/hdds-interface-client-2.1.0-SNAPSHOT.jar:/home/runner/work/ozone/ozone/hadoop-hdds/interface-server/target/hdds-interface-server-2.1.0-SNAPSHOT.jar:/home/runner/work/ozone/ozone/hadoop-hdds/managed-rocksdb/target/hdds-managed-rocksdb-2.1.0-SNAPSHOT.jar:/home/runner/work/ozone/ozone/hadoop-hdds/rocks-native/target/hdds-rocks-native-2.1.0-SNAPSHOT.jar:/home/runner/work/ozone/ozone/hadoop-hdds/framework/target/hdds-server-framework-2.1.0-SNAPSHOT.jar:/home/runner/.m2/repository/com/github/jnr/jnr-constants/0.10.4/jnr-constants-0.10.4.jar:/home/runner/.m2/repository/com/github/jnr/jnr-posix/3.1.20/jnr-posix-3.1.20.jar:/home/runner/.m2/repository/com/github/jnr/jnr-ffi/2.2.17/jnr-ffi-2.2.17.jar:/home/runner/.m2/repository/com/github/jnr/jffi/1.3.13/jffi-1.3.13.jar:/home/runner/.m2/repository/com/github/jnr/jffi/1.3.13/jffi-1.3.13-native.jar:/home/runner/.m2/repository/org/ow2/asm/asm/9.7.1/asm-9.7.1.jar:/home/runner/.m2/repository/org/ow2/asm/asm-commons/9.7.1/asm-commons-9.7.1.jar:/home/runner/.m2/repository/org/ow2/asm/asm-analysis/9.7.1/asm-analysis-9.7.1.jar:/home/runner/.m2/repository/org/ow2/asm/asm-tree/9.7.1/asm-tree-9.7.1.jar:/home/runner/.m2/repository/org/ow2/asm/asm-util/9.7.1/asm-util-9.7.1.jar:/home/runner/.m2/repository/com/github/jnr/jnr-a64asm/1.0.0/jnr-a64asm-1.0.0.jar:/home/runner/.m2/repository/com/github/jnr/jnr-x86asm/1.0.2/jnr-x86asm-1.0.2.jar:/home/runner/.m2/repository/commons-fileupload/commons-fileupload/1.5/commons-fileupload-1.5.jar:/home/runner/.m2/repository/io/grpc/grpc-api/1.71.0/grpc-api-1.71.0.jar:/home/runner/.m2/repository/io/prometheus/simpleclient/0.16.0/simpleclient-0.16.0.jar:/home/runner/.m2/repository/io/prometheus/simpleclient_common/0.16.0/simpleclient_common-0.16.0.jar:/home/runner/.m2/repository/io/prometheus/simpleclient_dropwizard/0.16.0/simpleclient_dropwizard-0.16.0.jar:/home/runner/.m2/repository/jakarta/ws/rs/jakarta.ws.rs-api/2.1.6/jakarta.ws.rs-api-2.1.6.jar:/home/runner/.m2/repository/org/eclipse/jetty/jetty-http/9.4.57.v20241219/jetty-http-9.4.57.v20241219.jar:/home/runner/.m2/repository/org/glassfish/jersey/containers/jersey-container-servlet-core/2.47/jersey-container-servlet-core-2.47.jar:/home/runner/.m2/repository/org/glassfish/jersey/core/jersey-server/2.47/jersey-server-2.47.jar:/home/runner/.m2/repository/org/glassfish/jersey/core/jersey-client/2.47/jersey-client-2.47.jar:/home/runner/.m2/repository/com/lmax/disruptor/3.4.4/disruptor-3.4.4.jar:/home/runner/.m2/repository/org/apache/logging/log4j/log4j-core/2.25.0/log4j-core-2.25.0.jar:/home/runner/work/ozone/ozone/hadoop-hdds/framework/target/hdds-server-framework-2.1.0-SNAPSHOT-tests.jar:/home/runner/work/ozone/ozone/hadoop-hdds/server-scm/target/hdds-server-scm-2.1.0-SNAPSHOT.jar:/home/runner/work/ozone/ozone/hadoop-hdds/server-scm/target/hdds-server-scm-2.1.0-SNAPSHOT-tests.jar:/home/runner/work/ozone/ozone/hadoop-hdds/test-utils/target/hdds-test-utils-2.1.0-SNAPSHOT-tests.jar:/home/runner/work/ozone/ozone/hadoop-ozone/cli-admin/target/ozone-cli-admin-2.1.0-SNAPSHOT.jar:/home/runner/work/ozone/ozone/hadoop-ozone/cli-shell/target/ozone-cli-shell-2.1.0-SNAPSHOT.jar:/home/runner/.m2/repository/info/picocli/picocli-shell-jline3/4.7.7/picocli-shell-jline3-4.7.7.jar:/home/runner/.m2/repository/org/jline/jline/3.30.4/jline-3.30.4.jar:/home/runner/work/ozone/ozone/hadoop-ozone/client/target/ozone-client-2.1.0-SNAPSHOT.jar:/home/runner/work/ozone/ozone/hadoop-ozone/common/target/ozone-common-2.1.0-SNAPSHOT.jar:/home/runner/.m2/repository/io/grpc/grpc-netty/1.71.0/grpc-netty-1.71.0.jar:/home/runner/.m2/repository/org/codehaus/mojo/animal-sniffer-annotations/1.24/animal-sniffer-annotations-1.24.jar:/home/runner/.m2/repository/io/grpc/grpc-core/1.71.0/grpc-core-1.71.0.jar:/home/runner/.m2/repository/com/google/android/annotations/4.1.1.4/annotations-4.1.1.4.jar:/home/runner/.m2/repository/io/grpc/grpc-context/1.71.0/grpc-context-1.71.0.jar:/home/runner/.m2/repository/io/perfmark/perfmark-api/0.27.0/perfmark-api-0.27.0.jar:/home/runner/.m2/repository/io/grpc/grpc-util/1.71.0/grpc-util-1.71.0.jar:/home/runner/.m2/repository/io/netty/netty-codec-http2/4.1.119.Final/netty-codec-http2-4.1.119.Final.jar:/home/runner/.m2/repository/io/netty/netty-handler-proxy/4.1.119.Final/netty-handler-proxy-4.1.119.Final.jar:/home/runner/.m2/repository/io/netty/netty-tcnative-boringssl-static/2.0.70.Final/netty-tcnative-boringssl-static-2.0.70.Final.jar:/home/runner/.m2/repository/io/netty/netty-tcnative-classes/2.0.70.Final/netty-tcnative-classes-2.0.70.Final.jar:/home/runner/.m2/repository/io/netty/netty-tcnative-boringssl-static/2.0.70.Final/netty-tcnative-boringssl-static-2.0.70.Final-linux-x86_64.jar:/home/runner/.m2/repository/io/netty/netty-tcnative-boringssl-static/2.0.70.Final/netty-tcnative-boringssl-static-2.0.70.Final-linux-aarch_64.jar:/home/runner/.m2/repository/io/netty/netty-tcnative-boringssl-static/2.0.70.Final/netty-tcnative-boringssl-static-2.0.70.Final-osx-x86_64.jar:/home/runner/.m2/repository/io/netty/netty-tcnative-boringssl-static/2.0.70.Final/netty-tcnative-boringssl-static-2.0.70.Final-osx-aarch_64.jar:/home/runner/.m2/repository/io/netty/netty-tcnative-boringssl-static/2.0.70.Final/netty-tcnative-boringssl-static-2.0.70.Final-windows-x86_64.jar:/home/runner/work/ozone/ozone/hadoop-ozone/csi/target/ozone-csi-2.1.0-SNAPSHOT.jar:/home/runner/.m2/repository/io/grpc/grpc-protobuf/1.71.0/grpc-protobuf-1.71.0.jar:/home/runner/.m2/repository/com/google/api/grpc/proto-google-common-protos/2.51.0/proto-google-common-protos-2.51.0.jar:/home/runner/.m2/repository/io/grpc/grpc-protobuf-lite/1.71.0/grpc-protobuf-lite-1.71.0.jar:/home/runner/.m2/repository/io/grpc/grpc-stub/1.71.0/grpc-stub-1.71.0.jar:/home/runner/.m2/repository/io/netty/netty-transport-classes-epoll/4.1.119.Final/netty-transport-classes-epoll-4.1.119.Final.jar:/home/runner/.m2/repository/io/netty/netty-transport-native-unix-common/4.1.119.Final/netty-transport-native-unix-common-4.1.119.Final.jar:/home/runner/.m2/repository/io/netty/netty-transport-native-epoll/4.1.119.Final/netty-transport-native-epoll-4.1.119.Final-linux-x86_64.jar:/home/runner/work/ozone/ozone/hadoop-ozone/ozonefs/target/ozone-filesystem-2.1.0-SNAPSHOT.jar:/home/runner/work/ozone/ozone/hadoop-ozone/ozonefs-common/target/ozone-filesystem-common-2.1.0-SNAPSHOT.jar:/home/runner/work/ozone/ozone/hadoop-ozone/freon/target/ozone-freon-2.1.0-SNAPSHOT.jar:/home/runner/.m2/repository/com/amazonaws/aws-java-sdk-core/1.12.661/aws-java-sdk-core-1.12.661.jar:/home/runner/.m2/repository/com/fasterxml/jackson/dataformat/jackson-dataformat-cbor/2.16.2/jackson-dataformat-cbor-2.16.2.jar:/home/runner/.m2/repository/joda-time/joda-time/2.12.7/joda-time-2.12.7.jar:/home/runner/.m2/repository/com/amazonaws/aws-java-sdk-s3/1.12.661/aws-java-sdk-s3-1.12.661.jar:/home/runner/.m2/repository/com/amazonaws/aws-java-sdk-kms/1.12.661/aws-java-sdk-kms-1.12.661.jar:/home/runner/.m2/repository/com/amazonaws/jmespath-java/1.12.661/jmespath-java-1.12.661.jar:/home/runner/work/ozone/ozone/hadoop-ozone/interface-client/target/ozone-interface-client-2.1.0-SNAPSHOT.jar:/home/runner/work/ozone/ozone/hadoop-ozone/interface-storage/target/ozone-interface-storage-2.1.0-SNAPSHOT.jar:/home/runner/work/ozone/ozone/hadoop-ozone/ozone-manager/target/ozone-manager-2.1.0-SNAPSHOT.jar:/home/runner/.m2/repository/com/sun/jersey/jersey-client/1.19.4/jersey-client-1.19.4.jar:/home/runner/.m2/repository/org/apache/ranger/ranger-plugins-common/2.6.0/ranger-plugins-common-2.6.0.jar:/home/runner/.m2/repository/com/fasterxml/jackson/jaxrs/jackson-jaxrs-base/2.16.2/jackson-jaxrs-base-2.16.2.jar:/home/runner/.m2/repository/com/kstruct/gethostname4j/1.0.0/gethostname4j-1.0.0.jar:/home/runner/.m2/repository/commons-lang/commons-lang/2.6/commons-lang-2.6.jar:/home/runner/.m2/repository/net/java/dev/jna/jna/5.2.0/jna-5.2.0.jar:/home/runner/.m2/repository/net/java/dev/jna/jna-platform/5.2.0/jna-platform-5.2.0.jar:/home/runner/.m2/repository/org/apache/ranger/ranger-plugin-classloader/2.6.0/ranger-plugin-classloader-2.6.0.jar:/home/runner/.m2/repository/org/apache/ranger/ranger-plugins-audit/2.6.0/ranger-plugins-audit-2.6.0.jar:/home/runner/.m2/repository/com/amazonaws/aws-java-sdk-logs/1.12.765/aws-java-sdk-logs-1.12.765.jar:/home/runner/.m2/repository/com/carrotsearch/hppc/0.8.0/hppc-0.8.0.jar:/home/runner/.m2/repository/io/airlift/aircompressor/0.27/aircompressor-0.27.jar:/home/runner/.m2/repository/org/apache/httpcomponents/httpasyncclient/4.1.4/httpasyncclient-4.1.4.jar:/home/runner/.m2/repository/org/apache/httpcomponents/httpcore-nio/4.4.16/httpcore-nio-4.4.16.jar:/home/runner/.m2/repository/org/apache/httpcomponents/httpmime/4.5.13/httpmime-4.5.13.jar:/home/runner/.m2/repository/org/apache/orc/orc-core/1.5.8/orc-core-1.5.8.jar:/home/runner/.m2/repository/org/apache/orc/orc-shims/1.5.8/orc-shims-1.5.8.jar:/home/runner/.m2/repository/org/apache/ranger/ranger-plugins-cred/2.6.0/ranger-plugins-cred-2.6.0.jar:/home/runner/.m2/repository/org/aspectj/aspectjrt/1.9.7/aspectjrt-1.9.7.jar:/home/runner/work/ozone/ozone/hadoop-ozone/ozone-manager/target/ozone-manager-2.1.0-SNAPSHOT-tests.jar:/home/runner/work/ozone/ozone/hadoop-ozone/mini-cluster/target/ozone-mini-cluster-2.1.0-SNAPSHOT.jar:/home/runner/work/ozone/ozone/hadoop-ozone/recon/target/ozone-recon-2.1.0-SNAPSHOT.jar:/home/runner/.m2/repository/aopalliance/aopalliance/1.0/aopalliance-1.0.jar:/home/runner/.m2/repository/com/google/inject/guice/6.0.0/guice-6.0.0.jar:/home/runner/.m2/repository/jakarta/inject/jakarta.inject-api/2.0.1/jakarta.inject-api-2.0.1.jar:/home/runner/.m2/repository/com/jolbox/bonecp/0.8.0.RELEASE/bonecp-0.8.0.RELEASE.jar:/home/runner/.m2/repository/jakarta/validation/jakarta.validation-api/2.0.2/jakarta.validation-api-2.0.2.jar:/home/runner/.m2/repository/javax/annotation/javax.annotation-api/1.3.2/javax.annotation-api-1.3.2.jar:/home/runner/.m2/repository/javax/inject/javax.inject/1/javax.inject-1.jar:/home/runner/.m2/repository/org/apache/derby/derby/10.14.2.0/derby-10.14.2.0.jar:/home/runner/.m2/repository/org/glassfish/hk2/guice-bridge/2.6.1/guice-bridge-2.6.1.jar:/home/runner/.m2/repository/org/glassfish/hk2/hk2-api/2.6.1/hk2-api-2.6.1.jar:/home/runner/.m2/repository/org/glassfish/hk2/hk2-utils/2.6.1/hk2-utils-2.6.1.jar:/home/runner/.m2/repository/org/glassfish/hk2/external/aopalliance-repackaged/2.6.1/aopalliance-repackaged-2.6.1.jar:/home/runner/.m2/repository/org/glassfish/jersey/core/jersey-common/2.47/jersey-common-2.47.jar:/home/runner/.m2/repository/org/glassfish/hk2/osgi-resource-locator/1.0.3/osgi-resource-locator-1.0.3.jar:/home/runner/.m2/repository/org/jooq/jooq/3.11.10/jooq-3.11.10.jar:/home/runner/.m2/repository/org/springframework/spring-core/5.3.39/spring-core-5.3.39.jar:/home/runner/.m2/repository/org/springframework/spring-jdbc/5.3.39/spring-jdbc-5.3.39.jar:/home/runner/.m2/repository/org/springframework/spring-beans/5.3.39/spring-beans-5.3.39.jar:/home/runner/.m2/repository/org/springframework/spring-tx/5.3.39/spring-tx-5.3.39.jar:/home/runner/.m2/repository/org/xerial/sqlite-jdbc/3.50.2.0/sqlite-jdbc-3.50.2.0.jar:/home/runner/.m2/repository/com/google/inject/extensions/guice-assistedinject/6.0.0/guice-assistedinject-6.0.0.jar:/home/runner/.m2/repository/org/glassfish/hk2/external/jakarta.inject/2.6.1/jakarta.inject-2.6.1.jar:/home/runner/.m2/repository/org/glassfish/jersey/inject/jersey-hk2/2.47/jersey-hk2-2.47.jar:/home/runner/.m2/repository/org/glassfish/hk2/hk2-locator/2.6.1/hk2-locator-2.6.1.jar:/home/runner/.m2/repository/org/glassfish/jersey/media/jersey-media-jaxb/2.47/jersey-media-jaxb-2.47.jar:/home/runner/.m2/repository/org/glassfish/jersey/media/jersey-media-json-jackson/2.47/jersey-media-json-jackson-2.47.jar:/home/runner/.m2/repository/org/glassfish/jersey/ext/jersey-entity-filtering/2.47/jersey-entity-filtering-2.47.jar:/home/runner/work/ozone/ozone/hadoop-ozone/recon-codegen/target/ozone-reconcodegen-2.1.0-SNAPSHOT.jar:/home/runner/.m2/repository/org/jooq/jooq-codegen/3.11.10/jooq-codegen-3.11.10.jar:/home/runner/.m2/repository/org/jooq/jooq-meta/3.11.10/jooq-meta-3.11.10.jar:/home/runner/work/ozone/ozone/hadoop-ozone/s3gateway/target/ozone-s3gateway-2.1.0-SNAPSHOT.jar:/home/runner/work/ozone/ozone/hadoop-ozone/tools/target/ozone-tools-2.1.0-SNAPSHOT.jar:/home/runner/.m2/repository/com/github/vlsi/mxgraph/jgraphx/3.9.12/jgraphx-3.9.12.jar:/home/runner/.m2/repository/org/apache/ratis/ratis-shell/3.2.0/ratis-shell-3.2.0.jar:/home/runner/.m2/repository/org/apache/ratis/ratis-tools/3.2.0/ratis-tools-3.2.0.jar:/home/runner/.m2/repository/org/jgrapht/jgrapht-core/1.4.0/jgrapht-core-1.4.0.jar:/home/runner/.m2/repository/org/jheaps/jheaps/0.11/jheaps-0.11.jar:/home/runner/.m2/repository/org/jgrapht/jgrapht-ext/1.4.0/jgrapht-ext-1.4.0.jar:/home/runner/work/ozone/ozone/hadoop-hdds/rocksdb-checkpoint-differ/target/rocksdb-checkpoint-differ-2.1.0-SNAPSHOT.jar:/home/runner/.m2/repository/org/apache/ranger/ranger-intg/2.6.0/ranger-intg-2.6.0.jar:/home/runner/.m2/repository/org/apache/ratis/ratis-client/3.2.0/ratis-client-3.2.0.jar:/home/runner/.m2/repository/org/apache/ratis/ratis-common/3.2.0/ratis-common-3.2.0.jar:/home/runner/.m2/repository/org/apache/ratis/ratis-grpc/3.2.0/ratis-grpc-3.2.0.jar:/home/runner/.m2/repository/org/apache/ratis/ratis-metrics-api/3.2.0/ratis-metrics-api-3.2.0.jar:/home/runner/.m2/repository/org/apache/ratis/ratis-proto/3.2.0/ratis-proto-3.2.0.jar:/home/runner/.m2/repository/org/apache/ratis/ratis-server/3.2.0/ratis-server-3.2.0.jar:/home/runner/.m2/repository/org/apache/ratis/ratis-server-api/3.2.0/ratis-server-api-3.2.0.jar:/home/runner/.m2/repository/org/apache/ratis/ratis-thirdparty-misc/1.0.9/ratis-thirdparty-misc-1.0.9.jar:/home/runner/.m2/repository/org/bouncycastle/bcpkix-jdk18on/1.81/bcpkix-jdk18on-1.81.jar:/home/runner/.m2/repository/org/bouncycastle/bcutil-jdk18on/1.81/bcutil-jdk18on-1.81.jar:/home/runner/.m2/repository/org/hamcrest/hamcrest/2.2/hamcrest-2.2.jar:/home/runner/.m2/repository/org/reflections/reflections/0.10.2/reflections-0.10.2.jar:/home/runner/.m2/repository/org/javassist/javassist/3.30.2-GA/javassist-3.30.2-GA.jar:/home/runner/.m2/repository/org/rocksdb/rocksdbjni/7.7.3/rocksdbjni-7.7.3.jar:/home/runner/.m2/repository/org/slf4j/jul-to-slf4j/2.0.17/jul-to-slf4j-2.0.17.jar:/home/runner/.m2/repository/org/slf4j/slf4j-api/2.0.17/slf4j-api-2.0.17.jar:/home/runner/.m2/repository/org/assertj/assertj-core/3.27.3/assertj-core-3.27.3.jar:/home/runner/.m2/repository/net/bytebuddy/byte-buddy/1.15.11/byte-buddy-1.15.11.jar:/home/runner/.m2/repository/org/junit/jupiter/junit-jupiter-api/5.13.3/junit-jupiter-api-5.13.3.jar:/home/runner/.m2/repository/org/opentest4j/opentest4j/1.3.0/opentest4j-1.3.0.jar:/home/runner/.m2/repository/org/junit/platform/junit-platform-commons/1.13.3/junit-platform-commons-1.13.3.jar:/home/runner/.m2/repository/org/apiguardian/apiguardian-api/1.1.2/apiguardian-api-1.1.2.jar:/home/runner/.m2/repository/org/junit/jupiter/junit-jupiter-params/5.13.3/junit-jupiter-params-5.13.3.jar:/home/runner/.m2/repository/org/mockito/mockito-core/4.11.0/mockito-core-4.11.0.jar:/home/runner/.m2/repository/net/bytebuddy/byte-buddy-agent/1.12.19/byte-buddy-agent-1.12.19.jar:/home/runner/.m2/repository/org/objenesis/objenesis/3.3/objenesis-3.3.jar:/home/runner/.m2/repository/org/mockito/mockito-inline/4.11.0/mockito-inline-4.11.0.jar:/home/runner/.m2/repository/org/mockito/mockito-junit-jupiter/4.11.0/mockito-junit-jupiter-4.11.0.jar:/home/runner/work/ozone/ozone/hadoop-ozone/integration-test/target/gradle-enterprise/test-listeners.jar:"/>
    <property name="sun.cpu.endian" value="little"/>
    <property name="user.home" value="/home/runner"/>
    <property name="user.language" value="en"/>
    <property name="java.specification.vendor" value="Oracle Corporation"/>
    <property name="skipRecon" value="true"/>
    <property name="java.version.date" value="2025-04-15"/>
    <property name="java.home" value="/usr/lib/jvm/temurin-21-jdk-amd64"/>
    <property name="java.security.krb5.conf" value="/home/runner/work/ozone/ozone/hadoop-ozone/integration-test/target/test-classes/krb5.conf"/>
    <property name="file.separator" value="/"/>
    <property name="basedir" value="/home/runner/work/ozone/ozone/hadoop-ozone/integration-test"/>
    <property name="java.vm.compressedOopsMode" value="Zero based"/>
    <property name="line.separator" value="&#10;"/>
    <property name="java.vm.specification.vendor" value="Oracle Corporation"/>
    <property name="java.specification.name" value="Java Platform API Specification"/>
    <property name="surefire.real.class.path" value="/home/runner/work/ozone/ozone/hadoop-ozone/integration-test/target/surefire/surefirebooter-20250715193827209_732.jar"/>
    <property name="hadoop.log.dir" value="/home/runner/work/ozone/ozone/hadoop-ozone/integration-test/target/log"/>
    <property name="sun.management.compiler" value="HotSpot 64-Bit Tiered Compilers"/>
    <property name="skipShade" value="true"/>
    <property name="java.runtime.version" value="21.0.7+6-LTS"/>
    <property name="user.name" value="runner"/>
    <property name="java.net.preferIPv4Stack" value="true"/>
    <property name="stdout.encoding" value="UTF-8"/>
    <property name="path.separator" value=":"/>
    <property name="java.security.egd" value="file:///dev/urandom"/>
    <property name="os.version" value="6.11.0-1018-azure"/>
    <property name="java.runtime.name" value="OpenJDK Runtime Environment"/>
    <property name="com.gradle.maven.scan.extension.test.listener.junitplatform.NestedExecutionSafeDelegatingTestExecutionListener" value="6d23017e"/>
    <property name="file.encoding" value="UTF-8"/>
    <property name="java.vm.name" value="OpenJDK 64-Bit Server VM"/>
    <property name="rocks_tools_native" value="true"/>
    <property name="java.vendor.version" value="Temurin-21.0.7+6"/>
    <property name="test.build.webapps" value=""/>
    <property name="develocity.listener.surefire.forkId" value="1"/>
    <property name="localRepository" value="/home/runner/.m2/repository"/>
    <property name="java.vendor.url.bug" value="https://github.com/adoptium/adoptium-support/issues"/>
    <property name="jetty.git.hash" value="df524e6b29271c2e09ba9aea83c18dc9db464a31"/>
    <property name="java.io.tmpdir" value="/tmp"/>
    <property name="require.test.libhadoop" value=""/>
    <property name="java.version" value="21.0.7"/>
    <property name="user.dir" value="/home/runner/work/ozone/ozone/hadoop-ozone/integration-test"/>
    <property name="os.arch" value="amd64"/>
    <property name="java.vm.specification.name" value="Java Virtual Machine Specification"/>
    <property name="test.build.classes" value="/home/runner/work/ozone/ozone/hadoop-ozone/integration-test/target/test-classes"/>
    <property name="org.apache.ratis.thirdparty.io.netty.allocator.useCacheForAllThreads" value="false"/>
    <property name="native.encoding" value="UTF-8"/>
    <property name="hadoop.tmp.dir" value="/home/runner/work/ozone/ozone/hadoop-ozone/integration-test/target/tmp"/>
    <property name="java.library.path" value="/usr/java/packages/lib:/usr/lib64:/lib64:/lib:/usr/lib"/>
    <property name="java.vm.info" value="mixed mode, sharing"/>
    <property name="stderr.encoding" value="UTF-8"/>
    <property name="java.vendor" value="Eclipse Adoptium"/>
    <property name="java.vm.version" value="21.0.7+6-LTS"/>
    <property name="sun.io.unicode.encoding" value="UnicodeLittle"/>
    <property name="develocity.listener.port" value="42797"/>
    <property name="java.class.version" value="65.0"/>
  </properties>
  <testcase name="testSnapshotChainManagerRestore" classname="org.apache.hadoop.ozone.om.snapshot.TestOzoneManagerHASnapshot" time="10.629">
    <system-out><![CDATA[2025-07-15 19:45:37,996 [main] WARN  server.ServerUtils (ServerUtils.java:getScmDbDir(138)) - ozone.scm.db.dirs is not configured. We recommend adding this setting. Falling back to ozone.metadata.dirs instead.
2025-07-15 19:45:38,220 [main] INFO  reflections.Reflections (Reflections.java:scan(219)) - Reflections took 205 ms to scan 7 urls, producing 168 keys and 373 values
2025-07-15 19:45:38,376 [main] INFO  ha.SCMHANodeDetails (SCMHANodeDetails.java:loadSCMHAConfig(162)) - ServiceID for StorageContainerManager is null
2025-07-15 19:45:38,376 [main] INFO  ha.SCMHANodeDetails (SCMHANodeDetails.java:loadSCMHAConfig(166)) - ozone.scm.default.service.id is not defined, falling back to ozone.scm.service.ids to find serviceID for StorageContainerManager if it is HA enabled cluster
2025-07-15 19:45:38,557 [main] INFO  server.RaftServerConfigKeys (ConfUtils.java:logGet(62)) - raft.server.log.appender.buffer.byte-limit = 4194304 (custom)
2025-07-15 19:45:38,583 [main] INFO  server.RaftServer (ConfUtils.java:logGet(62)) - raft.rpc.type = GRPC (default)
2025-07-15 19:45:38,655 [main] INFO  grpc.GrpcConfigKeys (ConfUtils.java:logFallback(69)) - raft.grpc.admin.host = null (fallback to raft.grpc.server.host)
2025-07-15 19:45:38,656 [main] INFO  grpc.GrpcConfigKeys (ConfUtils.java:logFallback(69)) - raft.grpc.admin.port = 15004 (fallback to raft.grpc.server.port)
2025-07-15 19:45:38,657 [main] INFO  grpc.GrpcConfigKeys (ConfUtils.java:logFallback(69)) - raft.grpc.client.host = null (fallback to raft.grpc.server.host)
2025-07-15 19:45:38,657 [main] INFO  grpc.GrpcConfigKeys (ConfUtils.java:logFallback(69)) - raft.grpc.client.port = 15004 (fallback to raft.grpc.server.port)
2025-07-15 19:45:38,657 [main] INFO  grpc.GrpcConfigKeys (ConfUtils.java:logGet(62)) - raft.grpc.server.port = 15004 (custom)
2025-07-15 19:45:38,658 [main] INFO  server.GrpcServicesImpl (ConfUtils.java:logGet(62)) - raft.grpc.message.size.max = 5242880 (custom)
2025-07-15 19:45:38,659 [main] INFO  server.GrpcServicesImpl (ConfUtils.java:logGet(62)) - raft.grpc.flow.control.window = 1MB (=1048576) (default)
2025-07-15 19:45:38,659 [main] INFO  server.RaftServerConfigKeys (ConfUtils.java:logGet(62)) - raft.server.rpc.request.timeout = 30000ms (custom)
2025-07-15 19:45:38,663 [main] INFO  grpc.GrpcConfigKeys (ConfUtils.java:logGet(62)) - raft.grpc.server.heartbeat.channel = true (default)
2025-07-15 19:45:38,663 [main] INFO  server.RaftServerConfigKeys (ConfUtils.java:logGet(62)) - raft.server.log.appender.buffer.byte-limit = 4194304 (custom)
2025-07-15 19:45:38,666 [main] INFO  grpc.GrpcConfigKeys (ConfUtils.java:logGet(62)) - raft.grpc.server.async.request.thread.pool.cached = true (default)
2025-07-15 19:45:38,666 [main] INFO  grpc.GrpcConfigKeys (ConfUtils.java:logGet(62)) - raft.grpc.server.async.request.thread.pool.size = 32 (default)
2025-07-15 19:45:38,836 [main] INFO  impl.DataStreamServerImpl (ConfUtils.java:logGet(62)) - raft.datastream.type = DISABLED (default)
2025-07-15 19:45:38,838 [main] INFO  server.RaftServerConfigKeys (ConfUtils.java:logGet(62)) - raft.server.sleep.deviation.threshold = 300ms (default)
2025-07-15 19:45:38,838 [main] INFO  server.RaftServerConfigKeys (ConfUtils.java:logGet(62)) - raft.server.close.threshold = 60s (default)
2025-07-15 19:45:38,839 [main] INFO  server.RaftServerConfigKeys (ConfUtils.java:logGet(62)) - raft.server.leaderelection.leader.step-down.wait-time = 10s (default)
2025-07-15 19:45:38,842 [main] INFO  server.RaftServerConfigKeys (ConfUtils.java:logGet(62)) - raft.server.storage.dir = [/home/runner/work/ozone/ozone/hadoop-ozone/integration-test/target/test-dir/MiniOzoneClusterImpl-0e8a6840-8092-433d-9bbe-2fd65d18bfc8/ozone-meta/scm-ha] (custom)
2025-07-15 19:45:38,843 [main] INFO  server.RaftServerConfigKeys (ConfUtils.java:logGet(62)) - raft.server.threadpool.proxy.cached = true (default)
2025-07-15 19:45:38,843 [main] INFO  server.RaftServerConfigKeys (ConfUtils.java:logGet(62)) - raft.server.threadpool.proxy.size = 0 (default)
2025-07-15 19:45:38,850 [main] INFO  server.RaftServer (RaftServerProxy.java:addNew(105)) - 63321245-e0ff-457f-8079-ff5ce612eddd: addNew group-2FD65D18BFC8:[63321245-e0ff-457f-8079-ff5ce612eddd|localhost:15004] returns group-2FD65D18BFC8:java.util.concurrent.CompletableFuture@40de8f93[Not completed]
2025-07-15 19:45:38,868 [63321245-e0ff-457f-8079-ff5ce612eddd-groupManagement] INFO  server.RaftServer$Division (RaftServerImpl.java:<init>(268)) - 63321245-e0ff-457f-8079-ff5ce612eddd: new RaftServerImpl for group-2FD65D18BFC8:[63321245-e0ff-457f-8079-ff5ce612eddd|localhost:15004] with SCMStateMachine:uninitialized
2025-07-15 19:45:38,870 [63321245-e0ff-457f-8079-ff5ce612eddd-groupManagement] INFO  server.RaftServerConfigKeys (ConfUtils.java:logGet(62)) - raft.server.rpc.timeout.min = 5000ms (custom)
2025-07-15 19:45:38,871 [63321245-e0ff-457f-8079-ff5ce612eddd-groupManagement] INFO  server.RaftServerConfigKeys (ConfUtils.java:logGet(62)) - raft.server.rpc.timeout.max = 5200ms (custom)
2025-07-15 19:45:38,871 [63321245-e0ff-457f-8079-ff5ce612eddd-groupManagement] INFO  server.RaftServerConfigKeys (ConfUtils.java:logGet(62)) - raft.server.rpc.sleep.time = 25ms (default)
2025-07-15 19:45:38,871 [63321245-e0ff-457f-8079-ff5ce612eddd-groupManagement] INFO  server.RaftServerConfigKeys (ConfUtils.java:logGet(62)) - raft.server.rpc.slowness.timeout = 120000ms (custom)
2025-07-15 19:45:38,872 [63321245-e0ff-457f-8079-ff5ce612eddd-groupManagement] INFO  server.RaftServerConfigKeys (ConfUtils.java:logGet(62)) - raft.server.leaderelection.member.majority-add = false (default)
2025-07-15 19:45:38,878 [63321245-e0ff-457f-8079-ff5ce612eddd-groupManagement] INFO  server.RaftServer$Division (ServerState.java:<init>(114)) - 63321245-e0ff-457f-8079-ff5ce612eddd@group-2FD65D18BFC8: ConfigurationManager, init=conf: {index: -1, cur=peers:[63321245-e0ff-457f-8079-ff5ce612eddd|localhost:15004]|listeners:[], old=null}, confs=<EMPTY_MAP>
2025-07-15 19:45:38,882 [63321245-e0ff-457f-8079-ff5ce612eddd-groupManagement] INFO  server.RaftServerConfigKeys (ConfUtils.java:logGet(62)) - raft.server.notification.no-leader.timeout = 60s (default)
2025-07-15 19:45:38,885 [63321245-e0ff-457f-8079-ff5ce612eddd-groupManagement] INFO  server.RaftServerConfigKeys (ConfUtils.java:logGet(62)) - raft.server.read.timeout = 10s (default)
2025-07-15 19:45:38,887 [63321245-e0ff-457f-8079-ff5ce612eddd-groupManagement] INFO  server.RaftServerConfigKeys (ConfUtils.java:logGet(62)) - raft.server.retrycache.expirytime = 60000ms (default)
2025-07-15 19:45:38,888 [63321245-e0ff-457f-8079-ff5ce612eddd-groupManagement] INFO  server.RaftServerConfigKeys (ConfUtils.java:logGet(62)) - raft.server.retrycache.statistics.expirytime = 100ms (default)
2025-07-15 19:45:38,904 [63321245-e0ff-457f-8079-ff5ce612eddd-groupManagement] INFO  server.RaftServerConfigKeys (ConfUtils.java:logGet(62)) - raft.server.read.option = DEFAULT (default)
2025-07-15 19:45:38,905 [63321245-e0ff-457f-8079-ff5ce612eddd-groupManagement] INFO  server.RaftServerConfigKeys (ConfUtils.java:logGet(62)) - raft.server.read.read-after-write-consistent.write-index-cache.expiry-time = 60s (default)
2025-07-15 19:45:39,038 [63321245-e0ff-457f-8079-ff5ce612eddd-groupManagement] INFO  server.RaftServerConfigKeys (ConfUtils.java:logGet(62)) - raft.server.log.appender.install.snapshot.enabled = false (custom)
2025-07-15 19:45:39,038 [63321245-e0ff-457f-8079-ff5ce612eddd-groupManagement] INFO  server.RaftServerConfigKeys (ConfUtils.java:logGet(62)) - raft.server.threadpool.server.cached = true (default)
2025-07-15 19:45:39,039 [63321245-e0ff-457f-8079-ff5ce612eddd-groupManagement] INFO  server.RaftServerConfigKeys (ConfUtils.java:logGet(62)) - raft.server.threadpool.server.size = 0 (default)
2025-07-15 19:45:39,039 [63321245-e0ff-457f-8079-ff5ce612eddd-groupManagement] INFO  server.RaftServerConfigKeys (ConfUtils.java:logGet(62)) - raft.server.threadpool.client.cached = true (default)
2025-07-15 19:45:39,041 [63321245-e0ff-457f-8079-ff5ce612eddd-groupManagement] INFO  server.RaftServerConfigKeys (ConfUtils.java:logGet(62)) - raft.server.threadpool.client.size = 0 (default)
2025-07-15 19:45:39,042 [63321245-e0ff-457f-8079-ff5ce612eddd-impl-thread1] INFO  server.RaftServerConfigKeys (ConfUtils.java:logGet(62)) - raft.server.storage.free-space.min = 0MB (=0) (default)
2025-07-15 19:45:39,043 [63321245-e0ff-457f-8079-ff5ce612eddd-impl-thread1] INFO  server.RaftServerConfigKeys (ConfUtils.java:logGet(62)) - raft.server.log.corruption.policy = EXCEPTION (default)
2025-07-15 19:45:39,049 [63321245-e0ff-457f-8079-ff5ce612eddd-impl-thread1] INFO  storage.RaftStorageDirectory (RaftStorageDirectoryImpl.java:analyzeStorage(138)) - The storage directory /home/runner/work/ozone/ozone/hadoop-ozone/integration-test/target/test-dir/MiniOzoneClusterImpl-0e8a6840-8092-433d-9bbe-2fd65d18bfc8/ozone-meta/scm-ha/0e8a6840-8092-433d-9bbe-2fd65d18bfc8 does not exist. Creating ...
2025-07-15 19:45:39,051 [63321245-e0ff-457f-8079-ff5ce612eddd-impl-thread1] INFO  storage.RaftStorageDirectory (RaftStorageDirectoryImpl.java:tryLock(229)) - Lock on /home/runner/work/ozone/ozone/hadoop-ozone/integration-test/target/test-dir/MiniOzoneClusterImpl-0e8a6840-8092-433d-9bbe-2fd65d18bfc8/ozone-meta/scm-ha/0e8a6840-8092-433d-9bbe-2fd65d18bfc8/in_use.lock acquired by nodename 53370@localhost
2025-07-15 19:45:39,055 [63321245-e0ff-457f-8079-ff5ce612eddd-impl-thread1] INFO  storage.RaftStorage (RaftStorageImpl.java:format(98)) - Storage directory /home/runner/work/ozone/ozone/hadoop-ozone/integration-test/target/test-dir/MiniOzoneClusterImpl-0e8a6840-8092-433d-9bbe-2fd65d18bfc8/ozone-meta/scm-ha/0e8a6840-8092-433d-9bbe-2fd65d18bfc8 has been successfully formatted.
2025-07-15 19:45:39,057 [63321245-e0ff-457f-8079-ff5ce612eddd-impl-thread1] INFO  ha.SCMStateMachine (SCMStateMachine.java:lambda$initialize$0(135)) - 63321245-e0ff-457f-8079-ff5ce612eddd: initialize group-2FD65D18BFC8
2025-07-15 19:45:39,058 [63321245-e0ff-457f-8079-ff5ce612eddd-impl-thread1] INFO  server.RaftServerConfigKeys (ConfUtils.java:logGet(62)) - raft.server.log.use.memory = false (default)
2025-07-15 19:45:39,063 [63321245-e0ff-457f-8079-ff5ce612eddd-impl-thread1] INFO  server.RaftServerConfigKeys (ConfUtils.java:logGet(62)) - raft.server.log.purge.gap = 1000000 (custom)
2025-07-15 19:45:39,064 [63321245-e0ff-457f-8079-ff5ce612eddd-impl-thread1] INFO  server.RaftServerConfigKeys (ConfUtils.java:logGet(62)) - raft.server.log.appender.buffer.byte-limit = 4194304 (custom)
2025-07-15 19:45:39,065 [63321245-e0ff-457f-8079-ff5ce612eddd-impl-thread1] INFO  server.RaftServerConfigKeys (ConfUtils.java:logGet(62)) - raft.server.log.statemachine.data.read.timeout = 1000ms (default)
2025-07-15 19:45:39,065 [63321245-e0ff-457f-8079-ff5ce612eddd-impl-thread1] INFO  server.RaftServerConfigKeys (ConfUtils.java:logGet(62)) - raft.server.log.purge.preservation.log.num = 0 (default)
2025-07-15 19:45:39,068 [63321245-e0ff-457f-8079-ff5ce612eddd-impl-thread1] INFO  server.RaftServerConfigKeys (ConfUtils.java:logGet(62)) - raft.server.log.segment.size.max = 4194304 (custom)
2025-07-15 19:45:39,071 [63321245-e0ff-457f-8079-ff5ce612eddd-impl-thread1] INFO  server.RaftServerConfigKeys (ConfUtils.java:logGet(62)) - raft.server.log.segment.cache.num.max = 2 (custom)
2025-07-15 19:45:39,072 [63321245-e0ff-457f-8079-ff5ce612eddd-impl-thread1] INFO  server.RaftServerConfigKeys (ConfUtils.java:logGet(62)) - raft.server.log.segment.cache.size.max = 200MB (=209715200) (default)
2025-07-15 19:45:39,072 [63321245-e0ff-457f-8079-ff5ce612eddd-impl-thread1] INFO  server.RaftServerConfigKeys (ConfUtils.java:logGet(62)) - raft.server.log.appender.buffer.byte-limit = 4194304 (custom)
2025-07-15 19:45:39,074 [63321245-e0ff-457f-8079-ff5ce612eddd-impl-thread1] INFO  util.AwaitToRun (AwaitToRun.java:start(81)) - Thread[#39,63321245-e0ff-457f-8079-ff5ce612eddd@group-2FD65D18BFC8-cacheEviction-AwaitToRun,5,main] started
2025-07-15 19:45:39,078 [63321245-e0ff-457f-8079-ff5ce612eddd-impl-thread1] INFO  segmented.SegmentedRaftLogWorker (SegmentedRaftLogWorker.java:<init>(190)) - new 63321245-e0ff-457f-8079-ff5ce612eddd@group-2FD65D18BFC8-SegmentedRaftLogWorker for RaftStorageImpl:Storage Directory /home/runner/work/ozone/ozone/hadoop-ozone/integration-test/target/test-dir/MiniOzoneClusterImpl-0e8a6840-8092-433d-9bbe-2fd65d18bfc8/ozone-meta/scm-ha/0e8a6840-8092-433d-9bbe-2fd65d18bfc8
2025-07-15 19:45:39,078 [63321245-e0ff-457f-8079-ff5ce612eddd-impl-thread1] INFO  server.RaftServerConfigKeys (ConfUtils.java:logGet(62)) - raft.server.log.queue.byte-limit = 64MB (=67108864) (default)
2025-07-15 19:45:39,078 [63321245-e0ff-457f-8079-ff5ce612eddd-impl-thread1] INFO  server.RaftServerConfigKeys (ConfUtils.java:logGet(62)) - raft.server.log.queue.element-limit = 4096 (default)
2025-07-15 19:45:39,079 [63321245-e0ff-457f-8079-ff5ce612eddd-impl-thread1] INFO  server.RaftServerConfigKeys (ConfUtils.java:logGet(62)) - raft.server.log.segment.size.max = 4194304 (custom)
2025-07-15 19:45:39,080 [63321245-e0ff-457f-8079-ff5ce612eddd-impl-thread1] INFO  server.RaftServerConfigKeys (ConfUtils.java:logGet(62)) - raft.server.log.preallocated.size = 4194304 (custom)
2025-07-15 19:45:39,081 [63321245-e0ff-457f-8079-ff5ce612eddd-impl-thread1] INFO  server.RaftServerConfigKeys (ConfUtils.java:logGet(62)) - raft.server.log.force.sync.num = 128 (default)
2025-07-15 19:45:39,082 [63321245-e0ff-457f-8079-ff5ce612eddd-impl-thread1] INFO  server.RaftServerConfigKeys (ConfUtils.java:logGet(62)) - raft.server.log.statemachine.data.sync = true (default)
2025-07-15 19:45:39,082 [63321245-e0ff-457f-8079-ff5ce612eddd-impl-thread1] INFO  server.RaftServerConfigKeys (ConfUtils.java:logGet(62)) - raft.server.log.statemachine.data.sync.timeout = 10s (default)
2025-07-15 19:45:39,082 [63321245-e0ff-457f-8079-ff5ce612eddd-impl-thread1] INFO  server.RaftServerConfigKeys (ConfUtils.java:logGet(62)) - raft.server.log.statemachine.data.sync.timeout.retry = -1 (default)
2025-07-15 19:45:39,084 [63321245-e0ff-457f-8079-ff5ce612eddd-impl-thread1] INFO  server.RaftServerConfigKeys (ConfUtils.java:logGet(62)) - raft.server.log.write.buffer.size = 4194312 (custom)
2025-07-15 19:45:39,085 [63321245-e0ff-457f-8079-ff5ce612eddd-impl-thread1] INFO  server.RaftServerConfigKeys (ConfUtils.java:logGet(62)) - raft.server.log.appender.buffer.byte-limit = 4194304 (custom)
2025-07-15 19:45:39,086 [63321245-e0ff-457f-8079-ff5ce612eddd-impl-thread1] INFO  server.RaftServerConfigKeys (ConfUtils.java:logGet(62)) - raft.server.log.unsafe-flush.enabled = false (default)
2025-07-15 19:45:39,086 [63321245-e0ff-457f-8079-ff5ce612eddd-impl-thread1] INFO  server.RaftServerConfigKeys (ConfUtils.java:logGet(62)) - raft.server.log.async-flush.enabled = false (default)
2025-07-15 19:45:39,087 [63321245-e0ff-457f-8079-ff5ce612eddd-impl-thread1] INFO  server.RaftServerConfigKeys (ConfUtils.java:logGet(62)) - raft.server.log.statemachine.data.caching.enabled = false (default)
2025-07-15 19:45:39,091 [63321245-e0ff-457f-8079-ff5ce612eddd-impl-thread1] INFO  segmented.SegmentedRaftLogWorker (SegmentedRaftLogWorker.java:lambda$new$0(141)) - 63321245-e0ff-457f-8079-ff5ce612eddd@group-2FD65D18BFC8-SegmentedRaftLogWorker: flushIndex: setUnconditionally 0 -> -1
2025-07-15 19:45:39,091 [63321245-e0ff-457f-8079-ff5ce612eddd-impl-thread1] INFO  segmented.SegmentedRaftLogWorker (SegmentedRaftLogWorker.java:lambda$new$0(141)) - 63321245-e0ff-457f-8079-ff5ce612eddd@group-2FD65D18BFC8-SegmentedRaftLogWorker: safeCacheEvictIndex: setUnconditionally 0 -> -1
2025-07-15 19:45:39,093 [63321245-e0ff-457f-8079-ff5ce612eddd-impl-thread1] INFO  server.RaftServer$Division (RaftServerImpl.java:start(405)) - 63321245-e0ff-457f-8079-ff5ce612eddd@group-2FD65D18BFC8: start as a follower, conf=conf: {index: -1, cur=peers:[63321245-e0ff-457f-8079-ff5ce612eddd|localhost:15004]|listeners:[], old=null}
2025-07-15 19:45:39,093 [63321245-e0ff-457f-8079-ff5ce612eddd-impl-thread1] INFO  server.RaftServer$Division (RaftServerImpl.java:setRole(392)) - 63321245-e0ff-457f-8079-ff5ce612eddd@group-2FD65D18BFC8: changes role from      null to FOLLOWER at term 0 for startAsFollower
2025-07-15 19:45:39,094 [63321245-e0ff-457f-8079-ff5ce612eddd-impl-thread1] INFO  impl.RoleInfo (RoleInfo.java:updateAndGet(148)) - 63321245-e0ff-457f-8079-ff5ce612eddd: start 63321245-e0ff-457f-8079-ff5ce612eddd@group-2FD65D18BFC8-FollowerState
2025-07-15 19:45:39,096 [63321245-e0ff-457f-8079-ff5ce612eddd@group-2FD65D18BFC8-FollowerState] INFO  server.RaftServerConfigKeys (ConfUtils.java:logGet(62)) - raft.server.rpc.first-election.timeout.min = 1000ms (custom)
2025-07-15 19:45:39,096 [63321245-e0ff-457f-8079-ff5ce612eddd@group-2FD65D18BFC8-FollowerState] INFO  server.RaftServerConfigKeys (ConfUtils.java:logGet(62)) - raft.server.rpc.first-election.timeout.max = 1200ms (custom)
2025-07-15 19:45:39,096 [63321245-e0ff-457f-8079-ff5ce612eddd-impl-thread1] INFO  util.JmxRegister (JmxRegister.java:tryRegister(44)) - Successfully registered JMX Bean with object name Ratis:service=RaftServer,group=group-2FD65D18BFC8,id=63321245-e0ff-457f-8079-ff5ce612eddd
2025-07-15 19:45:39,096 [63321245-e0ff-457f-8079-ff5ce612eddd-impl-thread1] INFO  util.JmxRegister (JmxRegister.java:register(58)) - register mxBean class org.apache.ratis.server.impl.RaftServerJmxAdapter as Ratis:service=RaftServer,group=group-2FD65D18BFC8,id=63321245-e0ff-457f-8079-ff5ce612eddd
2025-07-15 19:45:39,098 [63321245-e0ff-457f-8079-ff5ce612eddd-impl-thread1] INFO  server.RaftServerConfigKeys (ConfUtils.java:logGet(62)) - raft.server.snapshot.trigger-when-stop.enabled = true (default)
2025-07-15 19:45:39,098 [63321245-e0ff-457f-8079-ff5ce612eddd-impl-thread1] INFO  server.RaftServerConfigKeys (ConfUtils.java:logGet(62)) - raft.server.snapshot.trigger-when-remove.enabled = true (default)
2025-07-15 19:45:39,099 [63321245-e0ff-457f-8079-ff5ce612eddd-impl-thread1] INFO  server.RaftServerConfigKeys (ConfUtils.java:logGet(62)) - raft.server.snapshot.auto.trigger.enabled = true (custom)
2025-07-15 19:45:39,099 [63321245-e0ff-457f-8079-ff5ce612eddd-impl-thread1] INFO  server.RaftServerConfigKeys (ConfUtils.java:logGet(62)) - raft.server.snapshot.auto.trigger.threshold = 1000 (custom)
2025-07-15 19:45:39,099 [63321245-e0ff-457f-8079-ff5ce612eddd-impl-thread1] INFO  server.RaftServerConfigKeys (ConfUtils.java:logGet(62)) - raft.server.snapshot.retention.file.num = -1 (default)
2025-07-15 19:45:39,100 [63321245-e0ff-457f-8079-ff5ce612eddd-impl-thread1] INFO  server.RaftServerConfigKeys (ConfUtils.java:logGet(62)) - raft.server.log.purge.upto.snapshot.index = false (default)
2025-07-15 19:45:39,103 [63321245-e0ff-457f-8079-ff5ce612eddd-impl-thread1] INFO  server.RaftServer$Division (RaftServerImpl.java:start(419)) - 63321245-e0ff-457f-8079-ff5ce612eddd@group-2FD65D18BFC8: Successfully started.
2025-07-15 19:45:39,104 [main] INFO  server.RaftServer (RaftServerProxy.java:startImpl(412)) - 63321245-e0ff-457f-8079-ff5ce612eddd: start RPC server
2025-07-15 19:45:39,140 [main] INFO  server.GrpcServicesImpl (GrpcServicesImpl.java:startImpl(346)) - 63321245-e0ff-457f-8079-ff5ce612eddd: GrpcServicesImpl started, listening on 15004
2025-07-15 19:45:39,142 [JvmPauseMonitor0] INFO  util.JvmPauseMonitor (JvmPauseMonitor.java:run(146)) - JvmPauseMonitor-63321245-e0ff-457f-8079-ff5ce612eddd: Started
2025-07-15 19:45:40,137 [63321245-e0ff-457f-8079-ff5ce612eddd@group-2FD65D18BFC8-FollowerState] INFO  impl.FollowerState (FollowerState.java:runImpl(161)) - 63321245-e0ff-457f-8079-ff5ce612eddd@group-2FD65D18BFC8-FollowerState: change to CANDIDATE, lastRpcElapsedTime:1043402152ns, electionTimeout:1040ms
2025-07-15 19:45:40,138 [63321245-e0ff-457f-8079-ff5ce612eddd@group-2FD65D18BFC8-FollowerState] INFO  impl.RoleInfo (RoleInfo.java:shutdownFollowerState(121)) - 63321245-e0ff-457f-8079-ff5ce612eddd: shutdown 63321245-e0ff-457f-8079-ff5ce612eddd@group-2FD65D18BFC8-FollowerState
2025-07-15 19:45:40,138 [63321245-e0ff-457f-8079-ff5ce612eddd@group-2FD65D18BFC8-FollowerState] INFO  server.RaftServer$Division (RaftServerImpl.java:setRole(392)) - 63321245-e0ff-457f-8079-ff5ce612eddd@group-2FD65D18BFC8: changes role from  FOLLOWER to CANDIDATE at term 0 for changeToCandidate
2025-07-15 19:45:40,140 [63321245-e0ff-457f-8079-ff5ce612eddd@group-2FD65D18BFC8-FollowerState] INFO  server.RaftServerConfigKeys (ConfUtils.java:logGet(62)) - raft.server.leaderelection.pre-vote = true (default)
2025-07-15 19:45:40,141 [63321245-e0ff-457f-8079-ff5ce612eddd@group-2FD65D18BFC8-FollowerState] INFO  impl.RoleInfo (RoleInfo.java:updateAndGet(148)) - 63321245-e0ff-457f-8079-ff5ce612eddd: start 63321245-e0ff-457f-8079-ff5ce612eddd@group-2FD65D18BFC8-LeaderElection1
2025-07-15 19:45:40,143 [63321245-e0ff-457f-8079-ff5ce612eddd@group-2FD65D18BFC8-LeaderElection1] INFO  impl.LeaderElection (LeaderElection.java:askForVotes(448)) - 63321245-e0ff-457f-8079-ff5ce612eddd@group-2FD65D18BFC8-LeaderElection1 PRE_VOTE round 0: submit vote requests at term 0 for conf: {index: -1, cur=peers:[63321245-e0ff-457f-8079-ff5ce612eddd|localhost:15004]|listeners:[], old=null}
2025-07-15 19:45:40,144 [63321245-e0ff-457f-8079-ff5ce612eddd@group-2FD65D18BFC8-LeaderElection1] INFO  impl.LeaderElection (LeaderElection.java:askForVotes(450)) - 63321245-e0ff-457f-8079-ff5ce612eddd@group-2FD65D18BFC8-LeaderElection1 PRE_VOTE round 0: result PASSED (term=0)
2025-07-15 19:45:40,147 [63321245-e0ff-457f-8079-ff5ce612eddd@group-2FD65D18BFC8-LeaderElection1] INFO  impl.LeaderElection (LeaderElection.java:askForVotes(448)) - 63321245-e0ff-457f-8079-ff5ce612eddd@group-2FD65D18BFC8-LeaderElection1 ELECTION round 0: submit vote requests at term 1 for conf: {index: -1, cur=peers:[63321245-e0ff-457f-8079-ff5ce612eddd|localhost:15004]|listeners:[], old=null}
2025-07-15 19:45:40,147 [63321245-e0ff-457f-8079-ff5ce612eddd@group-2FD65D18BFC8-LeaderElection1] INFO  impl.LeaderElection (LeaderElection.java:askForVotes(450)) - 63321245-e0ff-457f-8079-ff5ce612eddd@group-2FD65D18BFC8-LeaderElection1 ELECTION round 0: result PASSED (term=1)
2025-07-15 19:45:40,147 [63321245-e0ff-457f-8079-ff5ce612eddd@group-2FD65D18BFC8-LeaderElection1] INFO  impl.RoleInfo (RoleInfo.java:shutdownLeaderElection(141)) - 63321245-e0ff-457f-8079-ff5ce612eddd: shutdown 63321245-e0ff-457f-8079-ff5ce612eddd@group-2FD65D18BFC8-LeaderElection1
2025-07-15 19:45:40,147 [63321245-e0ff-457f-8079-ff5ce612eddd@group-2FD65D18BFC8-LeaderElection1] INFO  server.RaftServer$Division (RaftServerImpl.java:setRole(392)) - 63321245-e0ff-457f-8079-ff5ce612eddd@group-2FD65D18BFC8: changes role from CANDIDATE to LEADER at term 1 for changeToLeader
2025-07-15 19:45:40,152 [63321245-e0ff-457f-8079-ff5ce612eddd@group-2FD65D18BFC8-LeaderElection1] INFO  server.RaftServerConfigKeys (ConfUtils.java:logGet(62)) - raft.server.staging.catchup.gap = 1000 (default)
2025-07-15 19:45:40,152 [63321245-e0ff-457f-8079-ff5ce612eddd@group-2FD65D18BFC8-LeaderElection1] INFO  server.RaftServerConfigKeys (ConfUtils.java:logFallback(69)) - raft.server.staging.timeout = 15600ms (fallback to raft.server.rpc.timeout.max)
2025-07-15 19:45:40,155 [63321245-e0ff-457f-8079-ff5ce612eddd@group-2FD65D18BFC8-LeaderElection1] INFO  server.RaftServerConfigKeys (ConfUtils.java:logGet(62)) - raft.server.write.element-limit = 4096 (default)
2025-07-15 19:45:40,156 [63321245-e0ff-457f-8079-ff5ce612eddd@group-2FD65D18BFC8-LeaderElection1] INFO  server.RaftServerConfigKeys (ConfUtils.java:logGet(62)) - raft.server.write.byte-limit = 64MB (=67108864) (default)
2025-07-15 19:45:40,159 [63321245-e0ff-457f-8079-ff5ce612eddd@group-2FD65D18BFC8-LeaderElection1] INFO  server.RaftServerConfigKeys (ConfUtils.java:logGet(62)) - raft.server.watch.timeout = 10s (default)
2025-07-15 19:45:40,159 [63321245-e0ff-457f-8079-ff5ce612eddd@group-2FD65D18BFC8-LeaderElection1] INFO  server.RaftServerConfigKeys (ConfUtils.java:logGet(62)) - raft.server.watch.timeout.denomination = 1s (default)
2025-07-15 19:45:40,159 [63321245-e0ff-457f-8079-ff5ce612eddd@group-2FD65D18BFC8-LeaderElection1] INFO  server.RaftServerConfigKeys (ConfUtils.java:logGet(62)) - raft.server.watch.element-limit = 65536 (default)
2025-07-15 19:45:40,165 [63321245-e0ff-457f-8079-ff5ce612eddd@group-2FD65D18BFC8-LeaderElection1] INFO  server.RaftServerConfigKeys (ConfUtils.java:logGet(62)) - raft.server.read.leader.lease.enabled = false (default)
2025-07-15 19:45:40,167 [63321245-e0ff-457f-8079-ff5ce612eddd@group-2FD65D18BFC8-LeaderElection1] INFO  server.RaftServerConfigKeys (ConfUtils.java:logGet(62)) - raft.server.read.leader.lease.timeout.ratio = 0.9 (default)
2025-07-15 19:45:40,167 [63321245-e0ff-457f-8079-ff5ce612eddd@group-2FD65D18BFC8-LeaderElection1] INFO  server.RaftServerConfigKeys (ConfUtils.java:logGet(62)) - raft.server.log.log-metadata.enabled = false (custom)
2025-07-15 19:45:40,167 [63321245-e0ff-457f-8079-ff5ce612eddd@group-2FD65D18BFC8-LeaderElection1] INFO  server.RaftServerConfigKeys (ConfUtils.java:logGet(62)) - raft.server.write.follower.gap.ratio.max = -1.0 (default)
2025-07-15 19:45:40,169 [63321245-e0ff-457f-8079-ff5ce612eddd@group-2FD65D18BFC8-LeaderElection1] INFO  impl.RoleInfo (RoleInfo.java:updateAndGet(148)) - 63321245-e0ff-457f-8079-ff5ce612eddd: start 63321245-e0ff-457f-8079-ff5ce612eddd@group-2FD65D18BFC8-LeaderStateImpl
2025-07-15 19:45:40,169 [63321245-e0ff-457f-8079-ff5ce612eddd@group-2FD65D18BFC8-LeaderElection1] INFO  server.RaftServer$Division (RaftServerImpl.java:setFirstElection(576)) - 63321245-e0ff-457f-8079-ff5ce612eddd@group-2FD65D18BFC8: set firstElectionSinceStartup to false for becomeLeader
2025-07-15 19:45:40,170 [63321245-e0ff-457f-8079-ff5ce612eddd@group-2FD65D18BFC8-LeaderElection1] INFO  server.RaftServer$Division (ServerState.java:setLeader(272)) - 63321245-e0ff-457f-8079-ff5ce612eddd@group-2FD65D18BFC8: change Leader from null to 63321245-e0ff-457f-8079-ff5ce612eddd at term 1 for becomeLeader, leader elected after 1287ms
2025-07-15 19:45:40,186 [63321245-e0ff-457f-8079-ff5ce612eddd@group-2FD65D18BFC8-LeaderElection1] INFO  segmented.SegmentedRaftLogWorker (SegmentedRaftLogWorker.java:startLogSegment(440)) - 63321245-e0ff-457f-8079-ff5ce612eddd@group-2FD65D18BFC8-SegmentedRaftLogWorker: Starting segment from index:0
2025-07-15 19:45:40,199 [63321245-e0ff-457f-8079-ff5ce612eddd@group-2FD65D18BFC8-LeaderElection1] INFO  server.RaftServer$Division (ServerState.java:setRaftConf(386)) - 63321245-e0ff-457f-8079-ff5ce612eddd@group-2FD65D18BFC8: set configuration conf: {index: 0, cur=peers:[63321245-e0ff-457f-8079-ff5ce612eddd|localhost:15004]|listeners:[], old=null}
2025-07-15 19:45:40,227 [63321245-e0ff-457f-8079-ff5ce612eddd@group-2FD65D18BFC8-SegmentedRaftLogWorker] INFO  segmented.BufferedWriteChannel (BufferedWriteChannel.java:open(61)) - open log_inprogress_0 at position 0
2025-07-15 19:45:40,236 [63321245-e0ff-457f-8079-ff5ce612eddd@group-2FD65D18BFC8-SegmentedRaftLogWorker] INFO  segmented.SegmentedRaftLogWorker (SegmentedRaftLogWorker.java:execute(647)) - 63321245-e0ff-457f-8079-ff5ce612eddd@group-2FD65D18BFC8-SegmentedRaftLogWorker: created new log segment /home/runner/work/ozone/ozone/hadoop-ozone/integration-test/target/test-dir/MiniOzoneClusterImpl-0e8a6840-8092-433d-9bbe-2fd65d18bfc8/ozone-meta/scm-ha/0e8a6840-8092-433d-9bbe-2fd65d18bfc8/current/log_inprogress_0
2025-07-15 19:45:40,246 [63321245-e0ff-457f-8079-ff5ce612eddd@group-2FD65D18BFC8-StateMachineUpdater] INFO  server.RaftServer$Division (LeaderStateImpl.java:checkStartIndex(309)) - Leader 63321245-e0ff-457f-8079-ff5ce612eddd@group-2FD65D18BFC8-LeaderStateImpl is ready since appliedIndex == startIndex == 0
2025-07-15 19:45:41,143 [main] INFO  server.RaftServer (RaftServerProxy.java:lambda$close$9(422)) - 63321245-e0ff-457f-8079-ff5ce612eddd: close
2025-07-15 19:45:41,144 [63321245-e0ff-457f-8079-ff5ce612eddd-impl-thread1] INFO  server.RaftServer$Division (RaftServerImpl.java:lambda$close$1(527)) - 63321245-e0ff-457f-8079-ff5ce612eddd@group-2FD65D18BFC8: shutdown
2025-07-15 19:45:41,144 [main] INFO  server.GrpcServicesImpl (GrpcServicesImpl.java:closeImpl(355)) - 63321245-e0ff-457f-8079-ff5ce612eddd: shutdown server GrpcServerProtocolService now
2025-07-15 19:45:41,145 [63321245-e0ff-457f-8079-ff5ce612eddd-impl-thread1] INFO  util.JmxRegister (JmxRegister.java:unregister(74)) - Successfully un-registered JMX Bean with object name Ratis:service=RaftServer,group=group-2FD65D18BFC8,id=63321245-e0ff-457f-8079-ff5ce612eddd
2025-07-15 19:45:41,146 [63321245-e0ff-457f-8079-ff5ce612eddd-impl-thread1] INFO  impl.RoleInfo (RoleInfo.java:shutdownLeaderState(103)) - 63321245-e0ff-457f-8079-ff5ce612eddd: shutdown 63321245-e0ff-457f-8079-ff5ce612eddd@group-2FD65D18BFC8-LeaderStateImpl
2025-07-15 19:45:41,150 [63321245-e0ff-457f-8079-ff5ce612eddd-impl-thread1] INFO  impl.PendingRequests (PendingRequests.java:sendNotLeaderResponses(287)) - 63321245-e0ff-457f-8079-ff5ce612eddd@group-2FD65D18BFC8-PendingRequests: sendNotLeaderResponses
2025-07-15 19:45:41,151 [main] INFO  server.GrpcServicesImpl (GrpcServicesImpl.java:closeImpl(364)) - 63321245-e0ff-457f-8079-ff5ce612eddd: shutdown server GrpcServerProtocolService successfully
2025-07-15 19:45:41,153 [63321245-e0ff-457f-8079-ff5ce612eddd-impl-thread1] INFO  impl.StateMachineUpdater (StateMachineUpdater.java:stopAndJoin(163)) - 63321245-e0ff-457f-8079-ff5ce612eddd@group-2FD65D18BFC8-StateMachineUpdater: set stopIndex = 0
2025-07-15 19:45:41,154 [63321245-e0ff-457f-8079-ff5ce612eddd@group-2FD65D18BFC8-StateMachineUpdater] INFO  impl.StateMachineUpdater (StateMachineUpdater.java:takeSnapshot(307)) - 63321245-e0ff-457f-8079-ff5ce612eddd@group-2FD65D18BFC8-StateMachineUpdater: Took a snapshot at index 0
2025-07-15 19:45:41,154 [63321245-e0ff-457f-8079-ff5ce612eddd@group-2FD65D18BFC8-StateMachineUpdater] INFO  impl.StateMachineUpdater (StateMachineUpdater.java:lambda$new$0(101)) - 63321245-e0ff-457f-8079-ff5ce612eddd@group-2FD65D18BFC8-StateMachineUpdater: snapshotIndex: updateIncreasingly -1 -> 0
2025-07-15 19:45:41,156 [63321245-e0ff-457f-8079-ff5ce612eddd@group-2FD65D18BFC8-StateMachineUpdater] INFO  impl.StateMachineUpdater (StateMachineUpdater.java:stop(140)) - 63321245-e0ff-457f-8079-ff5ce612eddd@group-2FD65D18BFC8-StateMachineUpdater: closing SCMStateMachine, lastApplied=(t:1, i:0)
2025-07-15 19:45:41,157 [63321245-e0ff-457f-8079-ff5ce612eddd@group-2FD65D18BFC8-cacheEviction-AwaitToRun] INFO  util.AwaitToRun (AwaitToRun.java:run(49)) - 63321245-e0ff-457f-8079-ff5ce612eddd@group-2FD65D18BFC8-cacheEviction-AwaitToRun-AwaitForSignal is interrupted
2025-07-15 19:45:41,242 [63321245-e0ff-457f-8079-ff5ce612eddd-impl-thread1] INFO  segmented.SegmentedRaftLogWorker (SegmentedRaftLogWorker.java:close(254)) - 63321245-e0ff-457f-8079-ff5ce612eddd@group-2FD65D18BFC8-SegmentedRaftLogWorker close()
2025-07-15 19:45:41,247 [JvmPauseMonitor0] INFO  util.JvmPauseMonitor (JvmPauseMonitor.java:run(152)) - JvmPauseMonitor-63321245-e0ff-457f-8079-ff5ce612eddd: Stopped
2025-07-15 19:45:41,296 [main] WARN  server.ServerUtils (ServerUtils.java:getScmDbDir(138)) - ozone.scm.db.dirs is not configured. We recommend adding this setting. Falling back to ozone.metadata.dirs instead.
2025-07-15 19:45:41,298 [main] INFO  ha.SCMHANodeDetails (SCMHANodeDetails.java:loadSCMHAConfig(162)) - ServiceID for StorageContainerManager is null
2025-07-15 19:45:41,298 [main] INFO  ha.SCMHANodeDetails (SCMHANodeDetails.java:loadSCMHAConfig(166)) - ozone.scm.default.service.id is not defined, falling back to ozone.scm.service.ids to find serviceID for StorageContainerManager if it is HA enabled cluster
2025-07-15 19:45:41,687 [main] WARN  utils.HAUtils (HAUtils.java:getMetaDir(312)) - ozone.scm.db.dirs is not configured. We recommend adding this setting. Falling back to ozone.metadata.dirs instead.
2025-07-15 19:45:41,802 [main] WARN  db.DBStoreBuilder (DBStoreBuilder.java:getDBDirPath(158)) - ozone.scm.db.dirs is not configured. We recommend adding this setting. Falling back to ozone.metadata.dirs instead.
2025-07-15 19:45:41,992 [main] INFO  net.NodeSchemaLoader (NodeSchemaLoader.java:loadSchemaFromFile(128)) - Loading schema from [jar:file:/home/runner/work/ozone/ozone/hadoop-hdds/common/target/hdds-common-2.1.0-SNAPSHOT.jar!/network-topology-default.xml]
2025-07-15 19:45:41,994 [main] INFO  net.NodeSchemaLoader (NodeSchemaLoader.java:loadSchema(175)) - Loading network topology layer schema file
2025-07-15 19:45:42,096 [main] INFO  ha.SCMRatisServerImpl (SCMRatisServerImpl.java:<init>(100)) - starting Raft server for scm:63321245-e0ff-457f-8079-ff5ce612eddd
2025-07-15 19:45:42,100 [main] INFO  server.RaftServerConfigKeys (ConfUtils.java:logGet(62)) - raft.server.log.appender.buffer.byte-limit = 4194304 (custom)
2025-07-15 19:45:42,103 [main] INFO  grpc.GrpcConfigKeys (ConfUtils.java:logFallback(69)) - raft.grpc.admin.host = null (fallback to raft.grpc.server.host)
2025-07-15 19:45:42,103 [main] INFO  grpc.GrpcConfigKeys (ConfUtils.java:logFallback(69)) - raft.grpc.admin.port = 15004 (fallback to raft.grpc.server.port)
2025-07-15 19:45:42,104 [main] INFO  grpc.GrpcConfigKeys (ConfUtils.java:logFallback(69)) - raft.grpc.client.host = null (fallback to raft.grpc.server.host)
2025-07-15 19:45:42,104 [main] INFO  grpc.GrpcConfigKeys (ConfUtils.java:logFallback(69)) - raft.grpc.client.port = 15004 (fallback to raft.grpc.server.port)
2025-07-15 19:45:42,104 [main] INFO  server.GrpcServicesImpl (ConfUtils.java:logGet(62)) - raft.grpc.message.size.max = 5242880 (custom)
2025-07-15 19:45:42,105 [main] INFO  server.RaftServerConfigKeys (ConfUtils.java:logGet(62)) - raft.server.log.appender.buffer.byte-limit = 4194304 (custom)
2025-07-15 19:45:42,107 [63321245-e0ff-457f-8079-ff5ce612eddd-impl-thread1] INFO  server.RaftServer (RaftServerProxy.java:initGroupDir(270)) - 63321245-e0ff-457f-8079-ff5ce612eddd: found a subdirectory /home/runner/work/ozone/ozone/hadoop-ozone/integration-test/target/test-dir/MiniOzoneClusterImpl-0e8a6840-8092-433d-9bbe-2fd65d18bfc8/ozone-meta/scm-ha/0e8a6840-8092-433d-9bbe-2fd65d18bfc8
2025-07-15 19:45:42,108 [main] INFO  server.RaftServer (RaftServerProxy.java:addNew(105)) - 63321245-e0ff-457f-8079-ff5ce612eddd: addNew group-2FD65D18BFC8:[] returns group-2FD65D18BFC8:java.util.concurrent.CompletableFuture@4c65d8e3[Not completed]
2025-07-15 19:45:42,110 [63321245-e0ff-457f-8079-ff5ce612eddd-groupManagement] INFO  server.RaftServer$Division (RaftServerImpl.java:<init>(268)) - 63321245-e0ff-457f-8079-ff5ce612eddd: new RaftServerImpl for group-2FD65D18BFC8:[] with SCMStateMachine:uninitialized
2025-07-15 19:45:42,111 [63321245-e0ff-457f-8079-ff5ce612eddd-groupManagement] INFO  server.RaftServer$Division (ServerState.java:<init>(114)) - 63321245-e0ff-457f-8079-ff5ce612eddd@group-2FD65D18BFC8: ConfigurationManager, init=conf: {index: -1, cur=peers:[]|listeners:[], old=null}, confs=<EMPTY_MAP>
2025-07-15 19:45:42,120 [main] INFO  ha.SCMSnapshotProvider (SCMSnapshotProvider.java:<init>(61)) - Initializing SCM Snapshot Provider
2025-07-15 19:45:42,121 [main] WARN  server.ServerUtils (ServerUtils.java:getDefaultRatisDirectory(304)) - Storage directory for Ratis is not configured. It is a good idea to map this to an SSD disk. Falling back to ozone.metadata.dirs
2025-07-15 19:45:42,121 [main] WARN  ha.SCMHAUtils (SCMHAUtils.java:getSCMRatisSnapshotDirectory(120)) - SCM snapshot dir is not configured. Falling back to ozone.metadata.dirs config
2025-07-15 19:45:42,149 [main] INFO  upgrade.AbstractLayoutVersionManager (AbstractLayoutVersionManager.java:init(80)) - Initializing Layout version manager with metadata layout = HBASE_SUPPORT (version = 8), software layout = HBASE_SUPPORT (version = 8)
2025-07-15 19:45:42,182 [main] INFO  ha.SequenceIdGenerator (SequenceIdGenerator.java:upgradeToSequenceId(353)) - upgrade localId to 115816896921600000
2025-07-15 19:45:42,183 [main] INFO  ha.SequenceIdGenerator (SequenceIdGenerator.java:upgradeToSequenceId(363)) - upgrade delTxnId to 0
2025-07-15 19:45:42,191 [main] INFO  ha.SequenceIdGenerator (SequenceIdGenerator.java:upgradeToSequenceId(379)) - upgrade containerId to 0
2025-07-15 19:45:42,194 [main] INFO  ha.SequenceIdGenerator (SequenceIdGenerator.java:upgradeToCertificateSequenceId(414)) - upgrade CertificateId to 2
2025-07-15 19:45:42,196 [main] INFO  ha.SequenceIdGenerator (SequenceIdGenerator.java:<init>(231)) - Init the HA SequenceIdGenerator.
2025-07-15 19:45:42,251 [main] WARN  server.ServerUtils (ServerUtils.java:sanitizeUserArgs(76)) - ozone.scm.stale.node.interval value = 300000 is larger than max = 100000 based on the key value of ozone.scm.heartbeat.thread.interval, reset to the max value 100000.
2025-07-15 19:45:42,252 [main] WARN  server.ServerUtils (ServerUtils.java:sanitizeUserArgs(76)) - ozone.scm.stale.node.interval value = 300000 is larger than max = 100000 based on the key value of ozone.scm.heartbeat.thread.interval, reset to the max value 100000.
2025-07-15 19:45:42,256 [main] INFO  node.SCMNodeManager (SCMNodeManager.java:<init>(180)) - Entering startup safe mode.
2025-07-15 19:45:42,271 [main] INFO  algorithms.ContainerPlacementPolicyFactory (ContainerPlacementPolicyFactory.java:getPolicyInternal(83)) - Create container placement policy of type org.apache.hadoop.hdds.scm.container.placement.algorithms.SCMContainerPlacementRackAware
2025-07-15 19:45:42,278 [main] INFO  algorithms.ContainerPlacementPolicyFactory (ContainerPlacementPolicyFactory.java:getPolicyInternal(83)) - Create container placement policy of type org.apache.hadoop.hdds.scm.container.placement.algorithms.SCMContainerPlacementRackScatter
2025-07-15 19:45:42,288 [main] INFO  pipeline.PipelineStateManagerImpl (PipelineStateManagerImpl.java:initialize(75)) - No pipeline exists in current db
2025-07-15 19:45:42,303 [main] INFO  algorithms.LeaderChoosePolicyFactory (LeaderChoosePolicyFactory.java:getPolicy(55)) - Create leader choose policy of type org.apache.hadoop.hdds.scm.pipeline.leader.choose.algorithms.MinLeaderCountChoosePolicy
2025-07-15 19:45:42,304 [main] INFO  algorithms.ContainerPlacementPolicyFactory (ContainerPlacementPolicyFactory.java:getPolicyInternal(83)) - Create container placement policy of type org.apache.hadoop.hdds.scm.container.placement.algorithms.SCMContainerPlacementRackScatter
2025-07-15 19:45:42,312 [main] INFO  ha.SCMServiceManager (SCMServiceManager.java:register(42)) - Registering service BackgroundPipelineCreator.
2025-07-15 19:45:42,313 [main] INFO  pipeline.BackgroundPipelineCreator (BackgroundPipelineCreator.java:start(126)) - Starting RatisPipelineUtilsThread.
2025-07-15 19:45:42,316 [main] INFO  BackgroundPipelineScrubber (BackgroundSCMService.java:start(64)) - Starting BackgroundPipelineScrubber Service.
2025-07-15 19:45:42,316 [main] INFO  ha.SCMServiceManager (SCMServiceManager.java:register(42)) - Registering service BackgroundPipelineScrubber.
2025-07-15 19:45:42,322 [main] INFO  ExpiredContainerReplicaOpScrubber (BackgroundSCMService.java:start(64)) - Starting ExpiredContainerReplicaOpScrubber Service.
2025-07-15 19:45:42,323 [main] INFO  ha.SCMServiceManager (SCMServiceManager.java:register(42)) - Registering service ExpiredContainerReplicaOpScrubber.
2025-07-15 19:45:42,361 [main] INFO  algorithms.PipelineChoosePolicyFactory (PipelineChoosePolicyFactory.java:createPipelineChoosePolicyFromClass(78)) - Create pipeline choose policy of type org.apache.hadoop.hdds.scm.pipeline.choose.algorithms.RandomPipelineChoosePolicy
2025-07-15 19:45:42,361 [main] INFO  algorithms.PipelineChoosePolicyFactory (PipelineChoosePolicyFactory.java:createPipelineChoosePolicyFromClass(78)) - Create pipeline choose policy of type org.apache.hadoop.hdds.scm.pipeline.choose.algorithms.RandomPipelineChoosePolicy
2025-07-15 19:45:42,397 [main] INFO  ha.SCMServiceManager (SCMServiceManager.java:register(42)) - Registering service SCMBlockDeletingService.
2025-07-15 19:45:42,451 [main] INFO  replication.ReplicationManager (ReplicationManager.java:start(285)) - Starting Replication Monitor Thread.
2025-07-15 19:45:42,452 [main] INFO  ha.SCMServiceManager (SCMServiceManager.java:register(42)) - Registering service ReplicationManager.
2025-07-15 19:45:42,463 [main] INFO  safemode.RatisContainerSafeModeRule (RatisContainerSafeModeRule.java:initializeRule(160)) - Refreshed Containers with one replica threshold count 0.
2025-07-15 19:45:42,464 [main] INFO  safemode.ECContainerSafeModeRule (ECContainerSafeModeRule.java:initializeRule(204)) - Refreshed Containers with ec n replica threshold count 0.
2025-07-15 19:45:42,469 [main] INFO  safemode.HealthyPipelineSafeModeRule (HealthyPipelineSafeModeRule.java:initializeRule(232)) - Total pipeline count is 0, healthy pipeline threshold count is 1
2025-07-15 19:45:42,471 [main] INFO  safemode.OneReplicaPipelineSafeModeRule (OneReplicaPipelineSafeModeRule.java:initializeRule(190)) - Total pipeline count is 0, pipeline's with at least one datanode reported threshold count is 0
2025-07-15 19:45:42,532 [main] INFO  server.StorageContainerManager (StorageContainerManager.java:<init>(433)) - SCM start with adminUsers: [admin, runner]
2025-07-15 19:45:42,779 [main] INFO  audit.AuditLogger (AuditLogger.java:refreshDebugCmdSet(133)) - Refresh DebugCmdSet for SCMAudit to [].
2025-07-15 19:45:42,803 [main] INFO  ipc.CallQueueManager (CallQueueManager.java:<init>(93)) - Using callQueue: class java.util.concurrent.LinkedBlockingQueue, queueCapacity: 10000, scheduler: class org.apache.hadoop.ipc.DefaultRpcScheduler, ipcBackoff: false, ipcFailOver: false.
2025-07-15 19:45:42,828 [main] INFO  ipc.Server (Server.java:<init>(1438)) - Listener at 0.0.0.0:15002
2025-07-15 19:45:42,829 [Socket Reader #1 for port 15002] INFO  ipc.Server (Server.java:run(1474)) - Starting Socket Reader #1 for port 15002
2025-07-15 19:45:42,830 [Socket Reader #2 for port 15002] INFO  ipc.Server (Server.java:run(1474)) - Starting Socket Reader #2 for port 15002
2025-07-15 19:45:42,830 [Socket Reader #3 for port 15002] INFO  ipc.Server (Server.java:run(1474)) - Starting Socket Reader #3 for port 15002
2025-07-15 19:45:42,830 [Socket Reader #4 for port 15002] INFO  ipc.Server (Server.java:run(1474)) - Starting Socket Reader #4 for port 15002
2025-07-15 19:45:42,831 [Socket Reader #5 for port 15002] INFO  ipc.Server (Server.java:run(1474)) - Starting Socket Reader #5 for port 15002
2025-07-15 19:45:42,831 [Socket Reader #6 for port 15002] INFO  ipc.Server (Server.java:run(1474)) - Starting Socket Reader #6 for port 15002
2025-07-15 19:45:42,831 [Socket Reader #7 for port 15002] INFO  ipc.Server (Server.java:run(1474)) - Starting Socket Reader #7 for port 15002
2025-07-15 19:45:42,831 [Socket Reader #8 for port 15002] INFO  ipc.Server (Server.java:run(1474)) - Starting Socket Reader #8 for port 15002
2025-07-15 19:45:42,832 [Socket Reader #9 for port 15002] INFO  ipc.Server (Server.java:run(1474)) - Starting Socket Reader #9 for port 15002
2025-07-15 19:45:42,832 [Socket Reader #10 for port 15002] INFO  ipc.Server (Server.java:run(1474)) - Starting Socket Reader #10 for port 15002
2025-07-15 19:45:42,864 [main] INFO  audit.AuditLogger (AuditLogger.java:refreshDebugCmdSet(133)) - Refresh DebugCmdSet for SCMAudit to [].
2025-07-15 19:45:42,869 [main] INFO  ipc.CallQueueManager (CallQueueManager.java:<init>(93)) - Using callQueue: class java.util.concurrent.LinkedBlockingQueue, queueCapacity: 10000, scheduler: class org.apache.hadoop.ipc.DefaultRpcScheduler, ipcBackoff: false, ipcFailOver: false.
2025-07-15 19:45:42,869 [main] INFO  ipc.Server (Server.java:<init>(1438)) - Listener at 0.0.0.0:15001
2025-07-15 19:45:42,869 [Socket Reader #1 for port 15001] INFO  ipc.Server (Server.java:run(1474)) - Starting Socket Reader #1 for port 15001
2025-07-15 19:45:42,870 [Socket Reader #2 for port 15001] INFO  ipc.Server (Server.java:run(1474)) - Starting Socket Reader #2 for port 15001
2025-07-15 19:45:42,871 [Socket Reader #3 for port 15001] INFO  ipc.Server (Server.java:run(1474)) - Starting Socket Reader #3 for port 15001
2025-07-15 19:45:42,871 [Socket Reader #4 for port 15001] INFO  ipc.Server (Server.java:run(1474)) - Starting Socket Reader #4 for port 15001
2025-07-15 19:45:42,872 [Socket Reader #5 for port 15001] INFO  ipc.Server (Server.java:run(1474)) - Starting Socket Reader #5 for port 15001
2025-07-15 19:45:42,873 [Socket Reader #6 for port 15001] INFO  ipc.Server (Server.java:run(1474)) - Starting Socket Reader #6 for port 15001
2025-07-15 19:45:42,873 [Socket Reader #7 for port 15001] INFO  ipc.Server (Server.java:run(1474)) - Starting Socket Reader #7 for port 15001
2025-07-15 19:45:42,873 [Socket Reader #8 for port 15001] INFO  ipc.Server (Server.java:run(1474)) - Starting Socket Reader #8 for port 15001
2025-07-15 19:45:42,874 [Socket Reader #9 for port 15001] INFO  ipc.Server (Server.java:run(1474)) - Starting Socket Reader #9 for port 15001
2025-07-15 19:45:42,874 [Socket Reader #10 for port 15001] INFO  ipc.Server (Server.java:run(1474)) - Starting Socket Reader #10 for port 15001
2025-07-15 19:45:42,909 [main] INFO  audit.AuditLogger (AuditLogger.java:refreshDebugCmdSet(133)) - Refresh DebugCmdSet for SCMAudit to [].
2025-07-15 19:45:42,920 [main] INFO  ipc.CallQueueManager (CallQueueManager.java:<init>(93)) - Using callQueue: class java.util.concurrent.LinkedBlockingQueue, queueCapacity: 10000, scheduler: class org.apache.hadoop.ipc.DefaultRpcScheduler, ipcBackoff: false, ipcFailOver: false.
2025-07-15 19:45:42,920 [main] INFO  ipc.Server (Server.java:<init>(1438)) - Listener at 0.0.0.0:15000
2025-07-15 19:45:42,921 [Socket Reader #1 for port 15000] INFO  ipc.Server (Server.java:run(1474)) - Starting Socket Reader #1 for port 15000
2025-07-15 19:45:42,921 [Socket Reader #2 for port 15000] INFO  ipc.Server (Server.java:run(1474)) - Starting Socket Reader #2 for port 15000
2025-07-15 19:45:42,922 [Socket Reader #3 for port 15000] INFO  ipc.Server (Server.java:run(1474)) - Starting Socket Reader #3 for port 15000
2025-07-15 19:45:42,922 [Socket Reader #4 for port 15000] INFO  ipc.Server (Server.java:run(1474)) - Starting Socket Reader #4 for port 15000
2025-07-15 19:45:42,922 [Socket Reader #5 for port 15000] INFO  ipc.Server (Server.java:run(1474)) - Starting Socket Reader #5 for port 15000
2025-07-15 19:45:42,923 [Socket Reader #6 for port 15000] INFO  ipc.Server (Server.java:run(1474)) - Starting Socket Reader #6 for port 15000
2025-07-15 19:45:42,923 [Socket Reader #7 for port 15000] INFO  ipc.Server (Server.java:run(1474)) - Starting Socket Reader #7 for port 15000
2025-07-15 19:45:42,923 [Socket Reader #8 for port 15000] INFO  ipc.Server (Server.java:run(1474)) - Starting Socket Reader #8 for port 15000
2025-07-15 19:45:42,924 [Socket Reader #9 for port 15000] INFO  ipc.Server (Server.java:run(1474)) - Starting Socket Reader #9 for port 15000
2025-07-15 19:45:42,924 [Socket Reader #10 for port 15000] INFO  ipc.Server (Server.java:run(1474)) - Starting Socket Reader #10 for port 15000
2025-07-15 19:45:42,974 [main] INFO  ha.SCMServiceManager (SCMServiceManager.java:register(42)) - Registering service ContainerBalancer.
2025-07-15 19:45:42,974 [main] INFO  ha.SCMContext (SCMContext.java:updateSafeModeStatus(224)) - Update SafeModeStatus from SafeModeStatus{safeModeStatus=true, preCheckPassed=false} to SafeModeStatus{safeModeStatus=true, preCheckPassed=false}.
2025-07-15 19:45:42,983 [main] INFO  server.StorageContainerManager (StorageContainerManager.java:start(1513)) - StorageContainerLocationProtocol RPC server is listening at /0.0.0.0:15000
2025-07-15 19:45:42,984 [main] INFO  ha.SCMRatisServerImpl (SCMRatisServerImpl.java:start(203)) - starting ratis server 0.0.0.0:15004
2025-07-15 19:45:42,985 [63321245-e0ff-457f-8079-ff5ce612eddd-impl-thread1] INFO  storage.RaftStorageDirectory (RaftStorageDirectoryImpl.java:tryLock(229)) - Lock on /home/runner/work/ozone/ozone/hadoop-ozone/integration-test/target/test-dir/MiniOzoneClusterImpl-0e8a6840-8092-433d-9bbe-2fd65d18bfc8/ozone-meta/scm-ha/0e8a6840-8092-433d-9bbe-2fd65d18bfc8/in_use.lock acquired by nodename 53370@localhost
2025-07-15 19:45:42,987 [63321245-e0ff-457f-8079-ff5ce612eddd-impl-thread1] INFO  storage.RaftStorage (RaftStorageImpl.java:analyzeAndRecoverStorage(118)) - Read RaftStorageMetadata{term=1, votedFor=63321245-e0ff-457f-8079-ff5ce612eddd} from /home/runner/work/ozone/ozone/hadoop-ozone/integration-test/target/test-dir/MiniOzoneClusterImpl-0e8a6840-8092-433d-9bbe-2fd65d18bfc8/ozone-meta/scm-ha/0e8a6840-8092-433d-9bbe-2fd65d18bfc8/current/raft-meta
2025-07-15 19:45:42,989 [63321245-e0ff-457f-8079-ff5ce612eddd-impl-thread1] INFO  server.RaftServer$Division (ServerState.java:setRaftConf(386)) - 63321245-e0ff-457f-8079-ff5ce612eddd@group-2FD65D18BFC8: set configuration conf: {index: 0, cur=peers:[63321245-e0ff-457f-8079-ff5ce612eddd|localhost:15004]|listeners:[], old=null}
2025-07-15 19:45:42,989 [63321245-e0ff-457f-8079-ff5ce612eddd-impl-thread1] INFO  ha.SCMStateMachine (SCMStateMachine.java:lambda$initialize$0(135)) - 63321245-e0ff-457f-8079-ff5ce612eddd: initialize group-2FD65D18BFC8
2025-07-15 19:45:42,990 [63321245-e0ff-457f-8079-ff5ce612eddd-impl-thread1] INFO  server.RaftServerConfigKeys (ConfUtils.java:logGet(62)) - raft.server.log.appender.buffer.byte-limit = 4194304 (custom)
2025-07-15 19:45:42,992 [63321245-e0ff-457f-8079-ff5ce612eddd-impl-thread1] INFO  server.RaftServerConfigKeys (ConfUtils.java:logGet(62)) - raft.server.log.segment.size.max = 4194304 (custom)
2025-07-15 19:45:42,992 [63321245-e0ff-457f-8079-ff5ce612eddd-impl-thread1] INFO  server.RaftServerConfigKeys (ConfUtils.java:logGet(62)) - raft.server.log.appender.buffer.byte-limit = 4194304 (custom)
2025-07-15 19:45:42,993 [63321245-e0ff-457f-8079-ff5ce612eddd-impl-thread1] INFO  util.AwaitToRun (AwaitToRun.java:start(81)) - Thread[#112,63321245-e0ff-457f-8079-ff5ce612eddd@group-2FD65D18BFC8-cacheEviction-AwaitToRun,5,main] started
2025-07-15 19:45:42,993 [63321245-e0ff-457f-8079-ff5ce612eddd-impl-thread1] INFO  segmented.SegmentedRaftLogWorker (SegmentedRaftLogWorker.java:<init>(190)) - new 63321245-e0ff-457f-8079-ff5ce612eddd@group-2FD65D18BFC8-SegmentedRaftLogWorker for RaftStorageImpl:Storage Directory /home/runner/work/ozone/ozone/hadoop-ozone/integration-test/target/test-dir/MiniOzoneClusterImpl-0e8a6840-8092-433d-9bbe-2fd65d18bfc8/ozone-meta/scm-ha/0e8a6840-8092-433d-9bbe-2fd65d18bfc8
2025-07-15 19:45:42,993 [63321245-e0ff-457f-8079-ff5ce612eddd-impl-thread1] INFO  server.RaftServerConfigKeys (ConfUtils.java:logGet(62)) - raft.server.log.segment.size.max = 4194304 (custom)
2025-07-15 19:45:42,993 [63321245-e0ff-457f-8079-ff5ce612eddd-impl-thread1] INFO  server.RaftServerConfigKeys (ConfUtils.java:logGet(62)) - raft.server.log.preallocated.size = 4194304 (custom)
2025-07-15 19:45:42,994 [63321245-e0ff-457f-8079-ff5ce612eddd-impl-thread1] INFO  server.RaftServerConfigKeys (ConfUtils.java:logGet(62)) - raft.server.log.write.buffer.size = 4194312 (custom)
2025-07-15 19:45:42,994 [63321245-e0ff-457f-8079-ff5ce612eddd-impl-thread1] INFO  server.RaftServerConfigKeys (ConfUtils.java:logGet(62)) - raft.server.log.appender.buffer.byte-limit = 4194304 (custom)
2025-07-15 19:45:42,999 [63321245-e0ff-457f-8079-ff5ce612eddd-impl-thread1] INFO  server.RaftServer$Division (ServerState.java:setRaftConf(386)) - 63321245-e0ff-457f-8079-ff5ce612eddd@group-2FD65D18BFC8: set configuration conf: {index: 0, cur=peers:[63321245-e0ff-457f-8079-ff5ce612eddd|localhost:15004]|listeners:[], old=null}
2025-07-15 19:45:43,000 [63321245-e0ff-457f-8079-ff5ce612eddd-impl-thread1] INFO  segmented.LogSegment (LogSegment.java:loadSegment(171)) - Successfully read 1 entries from segment file /home/runner/work/ozone/ozone/hadoop-ozone/integration-test/target/test-dir/MiniOzoneClusterImpl-0e8a6840-8092-433d-9bbe-2fd65d18bfc8/ozone-meta/scm-ha/0e8a6840-8092-433d-9bbe-2fd65d18bfc8/current/log_inprogress_0
2025-07-15 19:45:43,000 [63321245-e0ff-457f-8079-ff5ce612eddd-impl-thread1] INFO  segmented.SegmentedRaftLogWorker (SegmentedRaftLogWorker.java:lambda$new$0(141)) - 63321245-e0ff-457f-8079-ff5ce612eddd@group-2FD65D18BFC8-SegmentedRaftLogWorker: safeCacheEvictIndex: setUnconditionally 0 -> -1
2025-07-15 19:45:43,000 [63321245-e0ff-457f-8079-ff5ce612eddd-impl-thread1] INFO  segmented.BufferedWriteChannel (BufferedWriteChannel.java:open(61)) - open log_inprogress_0 (append) at position 76
2025-07-15 19:45:43,001 [63321245-e0ff-457f-8079-ff5ce612eddd-impl-thread1] INFO  server.RaftServer$Division (RaftServerImpl.java:start(405)) - 63321245-e0ff-457f-8079-ff5ce612eddd@group-2FD65D18BFC8: start as a follower, conf=conf: {index: 0, cur=peers:[63321245-e0ff-457f-8079-ff5ce612eddd|localhost:15004]|listeners:[], old=null}
2025-07-15 19:45:43,001 [63321245-e0ff-457f-8079-ff5ce612eddd-impl-thread1] INFO  server.RaftServer$Division (RaftServerImpl.java:setRole(392)) - 63321245-e0ff-457f-8079-ff5ce612eddd@group-2FD65D18BFC8: changes role from      null to FOLLOWER at term 1 for startAsFollower
2025-07-15 19:45:43,001 [63321245-e0ff-457f-8079-ff5ce612eddd-impl-thread1] INFO  impl.RoleInfo (RoleInfo.java:updateAndGet(148)) - 63321245-e0ff-457f-8079-ff5ce612eddd: start 63321245-e0ff-457f-8079-ff5ce612eddd@group-2FD65D18BFC8-FollowerState
2025-07-15 19:45:43,002 [63321245-e0ff-457f-8079-ff5ce612eddd-impl-thread1] INFO  util.JmxRegister (JmxRegister.java:tryRegister(44)) - Successfully registered JMX Bean with object name Ratis:service=RaftServer,group=group-2FD65D18BFC8,id=63321245-e0ff-457f-8079-ff5ce612eddd
2025-07-15 19:45:43,002 [63321245-e0ff-457f-8079-ff5ce612eddd-impl-thread1] INFO  util.JmxRegister (JmxRegister.java:register(58)) - register mxBean class org.apache.ratis.server.impl.RaftServerJmxAdapter as Ratis:service=RaftServer,group=group-2FD65D18BFC8,id=63321245-e0ff-457f-8079-ff5ce612eddd
2025-07-15 19:45:43,004 [63321245-e0ff-457f-8079-ff5ce612eddd-impl-thread1] INFO  server.RaftServer$Division (RaftServerImpl.java:start(419)) - 63321245-e0ff-457f-8079-ff5ce612eddd@group-2FD65D18BFC8: Successfully started.
2025-07-15 19:45:43,005 [main] INFO  server.RaftServer (RaftServerProxy.java:startImpl(412)) - 63321245-e0ff-457f-8079-ff5ce612eddd: start RPC server
2025-07-15 19:45:43,006 [main] INFO  server.GrpcServicesImpl (GrpcServicesImpl.java:startImpl(346)) - 63321245-e0ff-457f-8079-ff5ce612eddd: GrpcServicesImpl started, listening on 15004
2025-07-15 19:45:43,007 [JvmPauseMonitor1] INFO  util.JvmPauseMonitor (JvmPauseMonitor.java:run(146)) - JvmPauseMonitor-63321245-e0ff-457f-8079-ff5ce612eddd: Started
2025-07-15 19:45:43,015 [main] INFO  ha.SCMHAManagerImpl (SCMHAManagerImpl.java:start(131)) -  scm role is FOLLOWER peers [63321245-e0ff-457f-8079-ff5ce612eddd|localhost:15004]
2025-07-15 19:45:43,015 [main] INFO  ha.InterSCMGrpcService (InterSCMGrpcProtocolService.java:start(98)) - Starting SCM Grpc Service at port 15005
2025-07-15 19:45:43,016 [main] INFO  SCMHATransactionMonitor (BackgroundSCMService.java:start(64)) - Starting SCMHATransactionMonitor Service.
2025-07-15 19:45:43,017 [main] INFO  ha.SCMServiceManager (SCMServiceManager.java:register(42)) - Registering service SCMHATransactionMonitor.
2025-07-15 19:45:43,017 [main] INFO  SCMHATransactionMonitor (BackgroundSCMService.java:start(61)) - SCMHATransactionMonitor Service is already running, skip start.
2025-07-15 19:45:43,060 [main] WARN  impl.MetricsConfig (MetricsConfig.java:loadFirst(138)) - Cannot locate configuration: tried hadoop-metrics2-storagecontainermanager.properties,hadoop-metrics2.properties
2025-07-15 19:45:43,068 [main] INFO  impl.MetricsSystemImpl (MetricsSystemImpl.java:startTimer(378)) - Scheduled Metric snapshot period at 10 second(s).
2025-07-15 19:45:43,068 [main] INFO  impl.MetricsSystemImpl (MetricsSystemImpl.java:start(191)) - StorageContainerManager metrics system started
2025-07-15 19:45:43,208 [main] INFO  server.SCMClientProtocolServer (SCMClientProtocolServer.java:start(209)) - RPC server for Client  is listening at /0.0.0.0:15000
2025-07-15 19:45:43,209 [IPC Server Responder] INFO  ipc.Server (Server.java:run(1713)) - IPC Server Responder: starting
2025-07-15 19:45:43,209 [IPC Server listener on 15000] INFO  ipc.Server (Server.java:run(1553)) - IPC Server listener on 15000: starting
2025-07-15 19:45:43,228 [main] INFO  server.StorageContainerManager (StorageContainerManager.java:start(1526)) - ScmBlockLocationProtocol RPC server is listening at /0.0.0.0:15001
2025-07-15 19:45:43,229 [main] INFO  server.SCMBlockProtocolServer (SCMBlockProtocolServer.java:start(166)) - RPC server for Block Protocol is listening at /0.0.0.0:15001
2025-07-15 19:45:43,230 [IPC Server Responder] INFO  ipc.Server (Server.java:run(1713)) - IPC Server Responder: starting
2025-07-15 19:45:43,230 [IPC Server listener on 15001] INFO  ipc.Server (Server.java:run(1553)) - IPC Server listener on 15001: starting
2025-07-15 19:45:43,246 [main] INFO  utils.BackgroundService (BackgroundService.java:start(118)) - Starting service SCMBlockDeletingService with interval 60000 milliseconds
2025-07-15 19:45:43,258 [main] INFO  http.BaseHttpServer (BaseHttpServer.java:newHttpServer2BuilderForOzone(229)) - Starting Web-server for scm at: http://0.0.0.0:15003
2025-07-15 19:45:43,258 [main] INFO  http.BaseHttpServer (BaseHttpServer.java:<init>(107)) - Hadoop Security Enabled: false Ozone Security Enabled: false Ozone HTTP Security Enabled: false 
2025-07-15 19:45:43,279 [main] INFO  util.log (Log.java:initialized(170)) - Logging initialized @6477ms to org.eclipse.jetty.util.log.Slf4jLog
2025-07-15 19:45:43,357 [main] WARN  server.AuthenticationFilter (AuthenticationFilter.java:constructSecretProvider(240)) - Unable to initialize FileSignerSecretProvider, falling back to use random secrets. Reason: Could not read signature secret file: /home/runner/hadoop-http-auth-signature-secret
2025-07-15 19:45:43,380 [main] INFO  http.HttpServer2 (HttpServer2.java:addGlobalFilter(1042)) - Added global filter 'safety' (class=org.apache.hadoop.hdds.server.http.HttpServer2$QuotingInputFilter)
2025-07-15 19:45:43,383 [main] INFO  http.HttpServer2 (HttpServer2.java:addFilter(1018)) - Added filter static_user_filter (class=org.apache.hadoop.http.lib.StaticUserWebFilter$StaticUserFilter) to context scm
2025-07-15 19:45:43,383 [main] INFO  http.HttpServer2 (HttpServer2.java:addFilter(1026)) - Added filter static_user_filter (class=org.apache.hadoop.http.lib.StaticUserWebFilter$StaticUserFilter) to context logs
2025-07-15 19:45:43,383 [main] INFO  http.HttpServer2 (HttpServer2.java:addFilter(1026)) - Added filter static_user_filter (class=org.apache.hadoop.http.lib.StaticUserWebFilter$StaticUserFilter) to context static
2025-07-15 19:45:43,411 [main] INFO  http.BaseHttpServer (BaseHttpServer.java:<init>(195)) - HTTP server of scm uses base directory /home/runner/work/ozone/ozone/hadoop-ozone/integration-test/target/test-dir/MiniOzoneClusterImpl-0e8a6840-8092-433d-9bbe-2fd65d18bfc8/ozone-meta/webserver
2025-07-15 19:45:43,412 [main] INFO  http.HttpServer2 (HttpServer2.java:bindListener(1242)) - Jetty bound to port 15003
2025-07-15 19:45:43,413 [main] INFO  server.Server (Server.java:doStart(375)) - jetty-9.4.57.v20241219; built: 2025-01-08T21:24:30.412Z; git: df524e6b29271c2e09ba9aea83c18dc9db464a31; jvm 21.0.7+6-LTS
2025-07-15 19:45:43,434 [main] INFO  server.session (DefaultSessionIdManager.java:doStart(334)) - DefaultSessionIdManager workerName=node0
2025-07-15 19:45:43,435 [main] INFO  server.session (DefaultSessionIdManager.java:doStart(339)) - No SessionScavenger set, using defaults
2025-07-15 19:45:43,436 [main] INFO  server.session (HouseKeeper.java:startScavenging(132)) - node0 Scavenging every 600000ms
2025-07-15 19:45:43,444 [main] INFO  handler.ContextHandler (ContextHandler.java:doStart(921)) - Started o.e.j.s.ServletContextHandler@2c7ac998{logs,/logs,file:///home/runner/work/ozone/ozone/hadoop-ozone/integration-test/target/log,AVAILABLE}
2025-07-15 19:45:43,445 [main] INFO  handler.ContextHandler (ContextHandler.java:doStart(921)) - Started o.e.j.s.ServletContextHandler@6e7d9d0{static,/static,file:///home/runner/work/ozone/ozone/hadoop-ozone/integration-test/target/test-classes/webapps/static,AVAILABLE}
2025-07-15 19:45:43,481 [main] INFO  handler.ContextHandler (ContextHandler.java:doStart(921)) - Started o.e.j.w.WebAppContext@280f061e{scm,/,file:///home/runner/work/ozone/ozone/hadoop-ozone/integration-test/target/test-classes/webapps/scm/,AVAILABLE}{file:/home/runner/work/ozone/ozone/hadoop-ozone/integration-test/target/test-classes/webapps/scm}
2025-07-15 19:45:43,487 [main] INFO  server.AbstractConnector (AbstractConnector.java:doStart(333)) - Started ServerConnector@65b07b9{HTTP/1.1, (http/1.1)}{0.0.0.0:15003}
2025-07-15 19:45:43,488 [main] INFO  server.Server (Server.java:doStart(415)) - Started @6686ms
2025-07-15 19:45:43,490 [main] INFO  impl.MetricsSinkAdapter (MetricsSinkAdapter.java:start(204)) - Sink prometheus started
2025-07-15 19:45:43,491 [main] INFO  impl.MetricsSystemImpl (MetricsSystemImpl.java:registerSink(305)) - Registered sink prometheus
2025-07-15 19:45:43,492 [main] INFO  http.BaseHttpServer (BaseHttpServer.java:updateConnectorAddress(359)) - HTTP server of scm listening at http://localhost:15003
2025-07-15 19:45:43,504 [main] INFO  db.CodecBuffer (CodecBuffer.java:set(85)) - Successfully set constructor to LeakDetector::newCodecBuffer: org.apache.hadoop.hdds.utils.db.CodecBuffer$$Lambda/0x00007f3b706a4ea0@5f5076f9
2025-07-15 19:45:43,558 [main] INFO  audit.AuditLogger (AuditLogger.java:refreshDebugCmdSet(133)) - Refresh DebugCmdSet for OMAudit to [].
2025-07-15 19:45:43,580 [main] INFO  audit.AuditLogger (AuditLogger.java:refreshDebugCmdSet(133)) - Refresh DebugCmdSet for OMSystemAudit to [].
2025-07-15 19:45:43,625 [main] INFO  ha.OMHANodeDetails (OMHANodeDetails.java:loadOMHAConfig(119)) - ServiceID for OzoneManager is om-service-test
2025-07-15 19:45:43,632 [main] INFO  ha.OMHANodeDetails (OMHANodeDetails.java:loadOMHAConfig(199)) - Found matching OM address with OMServiceId: om-service-test, OMNodeId: omNode-1, RPC Address: localhost:15006 and Ratis port: 15009
2025-07-15 19:45:43,632 [main] INFO  ha.OMHANodeDetails (ConfUtils.java:setNodeSpecificConfigs(98)) - Setting configuration key ozone.om.http-address with value of key ozone.om.http-address.om-service-test.omNode-1: 127.0.0.1:15007
2025-07-15 19:45:43,633 [main] INFO  ha.OMHANodeDetails (ConfUtils.java:setNodeSpecificConfigs(98)) - Setting configuration key ozone.om.https-address with value of key ozone.om.https-address.om-service-test.omNode-1: 127.0.0.1:15008
2025-07-15 19:45:43,633 [main] INFO  ha.OMHANodeDetails (ConfUtils.java:setNodeSpecificConfigs(98)) - Setting configuration key ozone.om.address with value of key ozone.om.address.om-service-test.omNode-1: 127.0.0.1:15006
2025-07-15 19:45:43,633 [main] WARN  server.ServerUtils (ServerUtils.java:getDBPath(292)) - ozone.om.db.dirs is not configured. We recommend adding this setting. Falling back to ozone.metadata.dirs instead.
2025-07-15 19:45:43,642 [main] INFO  proxy.SCMBlockLocationFailoverProxyProvider (SCMFailoverProxyProviderBase.java:<init>(120)) - Created fail-over proxy for protocol ScmBlockLocationProtocolPB with 1 nodes: [nodeId=scmNodeId,nodeAddress=/0.0.0.0:15001]
2025-07-15 19:45:44,090 [63321245-e0ff-457f-8079-ff5ce612eddd@group-2FD65D18BFC8-FollowerState] INFO  impl.FollowerState (FollowerState.java:runImpl(161)) - 63321245-e0ff-457f-8079-ff5ce612eddd@group-2FD65D18BFC8-FollowerState: change to CANDIDATE, lastRpcElapsedTime:1088815205ns, electionTimeout:1087ms
2025-07-15 19:45:44,090 [63321245-e0ff-457f-8079-ff5ce612eddd@group-2FD65D18BFC8-FollowerState] INFO  impl.RoleInfo (RoleInfo.java:shutdownFollowerState(121)) - 63321245-e0ff-457f-8079-ff5ce612eddd: shutdown 63321245-e0ff-457f-8079-ff5ce612eddd@group-2FD65D18BFC8-FollowerState
2025-07-15 19:45:44,090 [63321245-e0ff-457f-8079-ff5ce612eddd@group-2FD65D18BFC8-FollowerState] INFO  server.RaftServer$Division (RaftServerImpl.java:setRole(392)) - 63321245-e0ff-457f-8079-ff5ce612eddd@group-2FD65D18BFC8: changes role from  FOLLOWER to CANDIDATE at term 1 for changeToCandidate
2025-07-15 19:45:44,091 [63321245-e0ff-457f-8079-ff5ce612eddd@group-2FD65D18BFC8-FollowerState] INFO  impl.RoleInfo (RoleInfo.java:updateAndGet(148)) - 63321245-e0ff-457f-8079-ff5ce612eddd: start 63321245-e0ff-457f-8079-ff5ce612eddd@group-2FD65D18BFC8-LeaderElection2
2025-07-15 19:45:44,091 [63321245-e0ff-457f-8079-ff5ce612eddd@group-2FD65D18BFC8-LeaderElection2] INFO  impl.LeaderElection (LeaderElection.java:askForVotes(448)) - 63321245-e0ff-457f-8079-ff5ce612eddd@group-2FD65D18BFC8-LeaderElection2 PRE_VOTE round 0: submit vote requests at term 1 for conf: {index: 0, cur=peers:[63321245-e0ff-457f-8079-ff5ce612eddd|localhost:15004]|listeners:[], old=null}
2025-07-15 19:45:44,091 [63321245-e0ff-457f-8079-ff5ce612eddd@group-2FD65D18BFC8-LeaderElection2] INFO  impl.LeaderElection (LeaderElection.java:askForVotes(450)) - 63321245-e0ff-457f-8079-ff5ce612eddd@group-2FD65D18BFC8-LeaderElection2 PRE_VOTE round 0: result PASSED (term=1)
2025-07-15 19:45:44,093 [63321245-e0ff-457f-8079-ff5ce612eddd@group-2FD65D18BFC8-LeaderElection2] INFO  impl.LeaderElection (LeaderElection.java:askForVotes(448)) - 63321245-e0ff-457f-8079-ff5ce612eddd@group-2FD65D18BFC8-LeaderElection2 ELECTION round 0: submit vote requests at term 2 for conf: {index: 0, cur=peers:[63321245-e0ff-457f-8079-ff5ce612eddd|localhost:15004]|listeners:[], old=null}
2025-07-15 19:45:44,093 [63321245-e0ff-457f-8079-ff5ce612eddd@group-2FD65D18BFC8-LeaderElection2] INFO  impl.LeaderElection (LeaderElection.java:askForVotes(450)) - 63321245-e0ff-457f-8079-ff5ce612eddd@group-2FD65D18BFC8-LeaderElection2 ELECTION round 0: result PASSED (term=2)
2025-07-15 19:45:44,093 [63321245-e0ff-457f-8079-ff5ce612eddd@group-2FD65D18BFC8-LeaderElection2] INFO  impl.RoleInfo (RoleInfo.java:shutdownLeaderElection(141)) - 63321245-e0ff-457f-8079-ff5ce612eddd: shutdown 63321245-e0ff-457f-8079-ff5ce612eddd@group-2FD65D18BFC8-LeaderElection2
2025-07-15 19:45:44,093 [63321245-e0ff-457f-8079-ff5ce612eddd@group-2FD65D18BFC8-LeaderElection2] INFO  server.RaftServer$Division (RaftServerImpl.java:setRole(392)) - 63321245-e0ff-457f-8079-ff5ce612eddd@group-2FD65D18BFC8: changes role from CANDIDATE to LEADER at term 2 for changeToLeader
2025-07-15 19:45:44,094 [63321245-e0ff-457f-8079-ff5ce612eddd@group-2FD65D18BFC8-LeaderElection2] INFO  server.RaftServerConfigKeys (ConfUtils.java:logFallback(69)) - raft.server.staging.timeout = 15600ms (fallback to raft.server.rpc.timeout.max)
2025-07-15 19:45:44,095 [63321245-e0ff-457f-8079-ff5ce612eddd@group-2FD65D18BFC8-LeaderElection2] INFO  impl.RoleInfo (RoleInfo.java:updateAndGet(148)) - 63321245-e0ff-457f-8079-ff5ce612eddd: start 63321245-e0ff-457f-8079-ff5ce612eddd@group-2FD65D18BFC8-LeaderStateImpl
2025-07-15 19:45:44,095 [63321245-e0ff-457f-8079-ff5ce612eddd@group-2FD65D18BFC8-LeaderElection2] INFO  server.RaftServer$Division (RaftServerImpl.java:setFirstElection(576)) - 63321245-e0ff-457f-8079-ff5ce612eddd@group-2FD65D18BFC8: set firstElectionSinceStartup to false for becomeLeader
2025-07-15 19:45:44,096 [63321245-e0ff-457f-8079-ff5ce612eddd@group-2FD65D18BFC8-LeaderElection2] INFO  ha.SCMStateMachine (SCMStateMachine.java:notifyLeaderChanged(293)) - current SCM becomes leader of term 2.
2025-07-15 19:45:44,096 [63321245-e0ff-457f-8079-ff5ce612eddd@group-2FD65D18BFC8-LeaderElection2] INFO  ha.SCMContext (SCMContext.java:updateLeaderAndTerm(95)) - update <isLeader,term> from <false,0> to <true,2>
2025-07-15 19:45:44,098 [63321245-e0ff-457f-8079-ff5ce612eddd@group-2FD65D18BFC8-LeaderElection2] INFO  server.RaftServer$Division (ServerState.java:setLeader(272)) - 63321245-e0ff-457f-8079-ff5ce612eddd@group-2FD65D18BFC8: change Leader from null to 63321245-e0ff-457f-8079-ff5ce612eddd at term 2 for becomeLeader, leader elected after 1984ms
2025-07-15 19:45:44,099 [63321245-e0ff-457f-8079-ff5ce612eddd@group-2FD65D18BFC8-LeaderElection2] INFO  segmented.SegmentedRaftLogWorker (SegmentedRaftLogWorker.java:rollLogSegment(445)) - 63321245-e0ff-457f-8079-ff5ce612eddd@group-2FD65D18BFC8-SegmentedRaftLogWorker: Rolling segment log-0_0 to index:0
2025-07-15 19:45:44,099 [63321245-e0ff-457f-8079-ff5ce612eddd@group-2FD65D18BFC8-LeaderElection2] INFO  server.RaftServer$Division (ServerState.java:setRaftConf(386)) - 63321245-e0ff-457f-8079-ff5ce612eddd@group-2FD65D18BFC8: set configuration conf: {index: 1, cur=peers:[63321245-e0ff-457f-8079-ff5ce612eddd|localhost:15004]|listeners:[], old=null}
2025-07-15 19:45:44,100 [63321245-e0ff-457f-8079-ff5ce612eddd@group-2FD65D18BFC8-SegmentedRaftLogWorker] INFO  segmented.SegmentedRaftLogWorker (SegmentedRaftLogWorker.java:execute(604)) - 63321245-e0ff-457f-8079-ff5ce612eddd@group-2FD65D18BFC8-SegmentedRaftLogWorker: Rolled log segment from /home/runner/work/ozone/ozone/hadoop-ozone/integration-test/target/test-dir/MiniOzoneClusterImpl-0e8a6840-8092-433d-9bbe-2fd65d18bfc8/ozone-meta/scm-ha/0e8a6840-8092-433d-9bbe-2fd65d18bfc8/current/log_inprogress_0 to /home/runner/work/ozone/ozone/hadoop-ozone/integration-test/target/test-dir/MiniOzoneClusterImpl-0e8a6840-8092-433d-9bbe-2fd65d18bfc8/ozone-meta/scm-ha/0e8a6840-8092-433d-9bbe-2fd65d18bfc8/current/log_0-0
2025-07-15 19:45:44,103 [63321245-e0ff-457f-8079-ff5ce612eddd@group-2FD65D18BFC8-SegmentedRaftLogWorker] INFO  segmented.BufferedWriteChannel (BufferedWriteChannel.java:open(61)) - open log_inprogress_1 at position 0
2025-07-15 19:45:44,111 [63321245-e0ff-457f-8079-ff5ce612eddd@group-2FD65D18BFC8-SegmentedRaftLogWorker] INFO  segmented.SegmentedRaftLogWorker (SegmentedRaftLogWorker.java:execute(647)) - 63321245-e0ff-457f-8079-ff5ce612eddd@group-2FD65D18BFC8-SegmentedRaftLogWorker: created new log segment /home/runner/work/ozone/ozone/hadoop-ozone/integration-test/target/test-dir/MiniOzoneClusterImpl-0e8a6840-8092-433d-9bbe-2fd65d18bfc8/ozone-meta/scm-ha/0e8a6840-8092-433d-9bbe-2fd65d18bfc8/current/log_inprogress_1
2025-07-15 19:45:44,114 [63321245-e0ff-457f-8079-ff5ce612eddd@group-2FD65D18BFC8-StateMachineUpdater] INFO  server.RaftServer$Division (LeaderStateImpl.java:checkStartIndex(309)) - Leader 63321245-e0ff-457f-8079-ff5ce612eddd@group-2FD65D18BFC8-LeaderStateImpl is ready since appliedIndex == startIndex == 1
2025-07-15 19:45:44,114 [63321245-e0ff-457f-8079-ff5ce612eddd@group-2FD65D18BFC8-StateMachineUpdater] INFO  ha.SCMContext (SCMContext.java:setLeaderReady(122)) - update <isLeaderReady> from <false> to <true>
2025-07-15 19:45:44,114 [63321245-e0ff-457f-8079-ff5ce612eddd@group-2FD65D18BFC8-StateMachineUpdater] INFO  pipeline.BackgroundPipelineCreator (BackgroundPipelineCreator.java:notifyStatusChanged(268)) - Service BackgroundPipelineCreator transitions to RUNNING.
2025-07-15 19:45:44,116 [63321245-e0ff-457f-8079-ff5ce612eddd@group-2FD65D18BFC8-StateMachineUpdater] INFO  safemode.RatisContainerSafeModeRule (RatisContainerSafeModeRule.java:initializeRule(160)) - Refreshed Containers with one replica threshold count 0.
2025-07-15 19:45:44,116 [63321245-e0ff-457f-8079-ff5ce612eddd@group-2FD65D18BFC8-StateMachineUpdater] INFO  safemode.HealthyPipelineSafeModeRule (HealthyPipelineSafeModeRule.java:initializeRule(228)) - Refreshed total pipeline count is 0, healthy pipeline threshold count is 1
2025-07-15 19:45:44,116 [63321245-e0ff-457f-8079-ff5ce612eddd@group-2FD65D18BFC8-StateMachineUpdater] INFO  safemode.ECContainerSafeModeRule (ECContainerSafeModeRule.java:initializeRule(204)) - Refreshed Containers with ec n replica threshold count 0.
2025-07-15 19:45:44,116 [63321245-e0ff-457f-8079-ff5ce612eddd@group-2FD65D18BFC8-StateMachineUpdater] INFO  safemode.OneReplicaPipelineSafeModeRule (OneReplicaPipelineSafeModeRule.java:initializeRule(186)) - Refreshed Total pipeline count is 0, pipeline's with at least one datanode reported threshold count is 0
2025-07-15 19:45:44,116 [63321245-e0ff-457f-8079-ff5ce612eddd@group-2FD65D18BFC8-StateMachineUpdater] INFO  server.SCMDatanodeProtocolServer (SCMDatanodeProtocolServer.java:start(195)) - ScmDatanodeProtocol RPC server for DataNodes is listening at /0.0.0.0:15002
2025-07-15 19:45:44,117 [IPC Server Responder] INFO  ipc.Server (Server.java:run(1713)) - IPC Server Responder: starting
2025-07-15 19:45:44,117 [IPC Server listener on 15002] INFO  ipc.Server (Server.java:run(1553)) - IPC Server listener on 15002: starting
OM initialization succeeded.Current cluster id for sd=/home/runner/work/ozone/ozone/hadoop-ozone/integration-test/target/test-dir/MiniOzoneClusterImpl-0e8a6840-8092-433d-9bbe-2fd65d18bfc8/omNode-1/om;cid=0e8a6840-8092-433d-9bbe-2fd65d18bfc8;layoutVersion=8
2025-07-15 19:45:45,856 [main] INFO  ha.OMHANodeDetails (OMHANodeDetails.java:loadOMHAConfig(119)) - ServiceID for OzoneManager is om-service-test
2025-07-15 19:45:45,859 [main] INFO  ha.OMHANodeDetails (OMHANodeDetails.java:loadOMHAConfig(199)) - Found matching OM address with OMServiceId: om-service-test, OMNodeId: omNode-1, RPC Address: localhost:15006 and Ratis port: 15009
2025-07-15 19:45:45,859 [main] INFO  ha.OMHANodeDetails (ConfUtils.java:setNodeSpecificConfigs(98)) - Setting configuration key ozone.om.http-address with value of key ozone.om.http-address.om-service-test.omNode-1: 127.0.0.1:15007
2025-07-15 19:45:45,859 [main] INFO  ha.OMHANodeDetails (ConfUtils.java:setNodeSpecificConfigs(98)) - Setting configuration key ozone.om.https-address with value of key ozone.om.https-address.om-service-test.omNode-1: 127.0.0.1:15008
2025-07-15 19:45:45,859 [main] INFO  ha.OMHANodeDetails (ConfUtils.java:setNodeSpecificConfigs(98)) - Setting configuration key ozone.om.address with value of key ozone.om.address.om-service-test.omNode-1: 127.0.0.1:15006
2025-07-15 19:45:45,859 [main] WARN  server.ServerUtils (ServerUtils.java:getDBPath(292)) - ozone.om.db.dirs is not configured. We recommend adding this setting. Falling back to ozone.metadata.dirs instead.
2025-07-15 19:45:45,873 [main] INFO  upgrade.AbstractLayoutVersionManager (AbstractLayoutVersionManager.java:init(80)) - Initializing Layout version manager with metadata layout = DELEGATION_TOKEN_SYMMETRIC_SIGN (version = 8), software layout = DELEGATION_TOKEN_SYMMETRIC_SIGN (version = 8)
2025-07-15 19:45:46,016 [main] INFO  reflections.Reflections (Reflections.java:scan(219)) - Reflections took 140 ms to scan 2 urls, producing 211 keys and 622 values
2025-07-15 19:45:46,021 [main] INFO  upgrade.OMLayoutVersionManager (OMLayoutVersionManager.java:lambda$0(110)) - Skipping Upgrade Action QuotaRepairUpgradeAction since it has been finalized.
2025-07-15 19:45:46,022 [main] INFO  upgrade.OMLayoutVersionManager (OMLayoutVersionManager.java:lambda$0(110)) - Skipping Upgrade Action MockOmUpgradeAction since it has been finalized.
2025-07-15 19:45:46,024 [main] WARN  server.ServerUtils (ServerUtils.java:getDBPath(292)) - ozone.om.db.dirs is not configured. We recommend adding this setting. Falling back to ozone.metadata.dirs instead.
2025-07-15 19:45:46,027 [main] INFO  om.OzoneManager (OzoneManager.java:setReplicationFromConfig(4648)) - Set default replication in OM: RATIS/3 -> RATIS/THREE
2025-07-15 19:45:46,033 [main] INFO  proxy.SCMContainerLocationFailoverProxyProvider (SCMFailoverProxyProviderBase.java:<init>(120)) - Created fail-over proxy for protocol StorageContainerLocationProtocolPB with 1 nodes: [nodeId=scmNodeId,nodeAddress=/0.0.0.0:15000]
2025-07-15 19:45:46,058 [main] INFO  proxy.SCMBlockLocationFailoverProxyProvider (SCMFailoverProxyProviderBase.java:<init>(120)) - Created fail-over proxy for protocol ScmBlockLocationProtocolPB with 1 nodes: [nodeId=scmNodeId,nodeAddress=/0.0.0.0:15001]
2025-07-15 19:45:46,070 [main] INFO  proxy.SCMBlockLocationFailoverProxyProvider (SCMFailoverProxyProviderBase.java:<init>(120)) - Created fail-over proxy for protocol ScmBlockLocationProtocolPB with 1 nodes: [nodeId=scmNodeId,nodeAddress=/0.0.0.0:15001]
2025-07-15 19:45:46,100 [main] INFO  om.OzoneManager (OzoneManager.java:<init>(681)) - OM start with adminUsers: [admin, runner]
2025-07-15 19:45:46,118 [main] WARN  server.ServerUtils (ServerUtils.java:getDBPath(292)) - ozone.om.db.dirs is not configured. We recommend adding this setting. Falling back to ozone.metadata.dirs instead.
2025-07-15 19:45:46,226 [main] INFO  utils.NativeLibraryLoader (NativeLibraryLoader.java:loadLibrary(120)) - Loading Library: ozone_rocksdb_tools
2025-07-15 19:45:46,509 [main] INFO  om.OzoneManager (OzoneManager.java:instantiateServices(925)) - S3 Multi-Tenancy is disabled
2025-07-15 19:45:46,529 [main] INFO  om.OmSnapshotManager (OmSnapshotManager.java:<init>(190)) - Ozone filesystem snapshot feature is enabled.
2025-07-15 19:45:46,537 [main] WARN  server.ServerUtils (ServerUtils.java:getDBPath(292)) - ozone.om.snapshot.diff.db.dir is not configured. We recommend adding this setting. Falling back to ozone.metadata.dirs instead.
2025-07-15 19:45:46,579 [main] INFO  utils.BackgroundService (BackgroundService.java:start(118)) - Starting service SnapshotDiffCleanupService with interval 60000 milliseconds
2025-07-15 19:45:46,621 [main] INFO  om.OzoneManager (OzoneManager.java:addS3GVolumeToDB(4706)) - Created Volume s3v With Owner runner required for S3Gateway operations.
2025-07-15 19:45:46,683 [main] WARN  server.ServerUtils (ServerUtils.java:getDefaultRatisDirectory(304)) - Storage directory for Ratis is not configured. It is a good idea to map this to an SSD disk. Falling back to ozone.metadata.dirs
2025-07-15 19:45:46,684 [main] WARN  utils.OzoneManagerRatisUtils (OzoneManagerRatisUtils.java:getOMRatisSnapshotDirectory(488)) - ozone.om.ratis.snapshot.dir is not configured. Falling back to ozone.metadata.dirs config
2025-07-15 19:45:46,691 [main] INFO  utils.RDBSnapshotProvider (RDBSnapshotProvider.java:init(85)) - Cleaning up the candidate dir: /home/runner/work/ozone/ozone/hadoop-ozone/integration-test/target/test-dir/MiniOzoneClusterImpl-0e8a6840-8092-433d-9bbe-2fd65d18bfc8/omNode-1/snapshot/om.db.candidate
2025-07-15 19:45:46,691 [main] INFO  ratis_snapshot.OmRatisSnapshotProvider (OmRatisSnapshotProvider.java:<init>(97)) - Initializing OM Snapshot Provider
2025-07-15 19:45:46,797 [main] WARN  dropwizard3.Dm3MetricRegistriesImpl (Dm3MetricRegistriesImpl.java:addReporterRegistration(114)) - New reporters are added after registries were created. Some metrics will be missing from the reporter. Please add reporter before adding any new registry.
2025-07-15 19:45:46,797 [main] WARN  dropwizard3.Dm3MetricRegistriesImpl (Dm3MetricRegistriesImpl.java:addReporterRegistration(114)) - New reporters are added after registries were created. Some metrics will be missing from the reporter. Please add reporter before adding any new registry.
2025-07-15 19:45:46,798 [main] WARN  server.ServerUtils (ServerUtils.java:getDefaultRatisDirectory(304)) - Storage directory for Ratis is not configured. It is a good idea to map this to an SSD disk. Falling back to ozone.metadata.dirs
2025-07-15 19:45:46,799 [main] INFO  server.RaftServerConfigKeys (ConfUtils.java:logGet(62)) - raft.server.log.appender.buffer.byte-limit = 4194304 (custom)
2025-07-15 19:45:46,802 [main] INFO  ratis.OzoneManagerRatisServer (OzoneManagerRatisServer.java:<init>(167)) - Instantiating OM Ratis server with groupID: om-service-test and peers: localhost:15009, localhost:15017, localhost:15013
2025-07-15 19:45:46,807 [main] INFO  ratis.OzoneManagerStateMachine (OzoneManagerStateMachine.java:loadSnapshotInfoFromDB(618)) - TransactionInfo not found in OM DB.
2025-07-15 19:45:46,851 [main] INFO  grpc.GrpcConfigKeys (ConfUtils.java:logFallback(69)) - raft.grpc.admin.host = null (fallback to raft.grpc.server.host)
2025-07-15 19:45:46,851 [main] INFO  grpc.GrpcConfigKeys (ConfUtils.java:logFallback(69)) - raft.grpc.admin.port = 15009 (fallback to raft.grpc.server.port)
2025-07-15 19:45:46,852 [main] INFO  grpc.GrpcConfigKeys (ConfUtils.java:logFallback(69)) - raft.grpc.client.host = null (fallback to raft.grpc.server.host)
2025-07-15 19:45:46,852 [main] INFO  grpc.GrpcConfigKeys (ConfUtils.java:logFallback(69)) - raft.grpc.client.port = 15009 (fallback to raft.grpc.server.port)
2025-07-15 19:45:46,852 [main] INFO  grpc.GrpcConfigKeys (ConfUtils.java:logGet(62)) - raft.grpc.server.port = 15009 (custom)
2025-07-15 19:45:46,852 [main] INFO  server.GrpcServicesImpl (ConfUtils.java:logGet(62)) - raft.grpc.message.size.max = 5242880 (custom)
2025-07-15 19:45:46,852 [main] INFO  server.RaftServerConfigKeys (ConfUtils.java:logGet(62)) - raft.server.rpc.request.timeout = 3000ms (default)
2025-07-15 19:45:46,852 [main] INFO  server.RaftServerConfigKeys (ConfUtils.java:logGet(62)) - raft.server.log.appender.buffer.byte-limit = 4194304 (custom)
2025-07-15 19:45:46,854 [main] INFO  server.RaftServerConfigKeys (ConfUtils.java:logGet(62)) - raft.server.storage.dir = [/home/runner/work/ozone/ozone/hadoop-ozone/integration-test/target/test-dir/MiniOzoneClusterImpl-0e8a6840-8092-433d-9bbe-2fd65d18bfc8/omNode-1/ratis] (custom)
2025-07-15 19:45:46,854 [main] INFO  server.RaftServer (RaftServerProxy.java:addNew(105)) - omNode-1: addNew group-C0483FFA3DBE:[omNode-3|localhost:15017, omNode-1|localhost:15009, omNode-2|localhost:15013] returns group-C0483FFA3DBE:java.util.concurrent.CompletableFuture@65227bd6[Not completed]
2025-07-15 19:45:46,855 [main] INFO  om.OzoneManager (OzoneManager.java:initializeRatisServer(2336)) - OzoneManager Ratis server initialized at port 15009
2025-07-15 19:45:46,855 [omNode-1-groupManagement] INFO  server.RaftServer$Division (RaftServerImpl.java:<init>(268)) - omNode-1: new RaftServerImpl for group-C0483FFA3DBE:[omNode-3|localhost:15017, omNode-1|localhost:15009, omNode-2|localhost:15013] with OzoneManagerStateMachine:uninitialized
2025-07-15 19:45:46,857 [omNode-1-groupManagement] INFO  server.RaftServerConfigKeys (ConfUtils.java:logGet(62)) - raft.server.rpc.timeout.min = 1s (custom)
2025-07-15 19:45:46,858 [omNode-1-groupManagement] INFO  server.RaftServerConfigKeys (ConfUtils.java:logGet(62)) - raft.server.rpc.timeout.max = 1200ms (custom)
2025-07-15 19:45:46,859 [main] INFO  om.OzoneManager (OzoneManager.java:getRpcServer(1388)) - Creating RPC Server
2025-07-15 19:45:46,859 [omNode-1-groupManagement] INFO  server.RaftServerConfigKeys (ConfUtils.java:logGet(62)) - raft.server.rpc.slowness.timeout = 2s (custom)
2025-07-15 19:45:46,860 [omNode-1-groupManagement] INFO  server.RaftServer$Division (ServerState.java:<init>(114)) - omNode-1@group-C0483FFA3DBE: ConfigurationManager, init=conf: {index: -1, cur=peers:[omNode-3|localhost:15017, omNode-1|localhost:15009, omNode-2|localhost:15013]|listeners:[], old=null}, confs=<EMPTY_MAP>
2025-07-15 19:45:46,860 [omNode-1-groupManagement] INFO  server.RaftServerConfigKeys (ConfUtils.java:logGet(62)) - raft.server.notification.no-leader.timeout = 2s (custom)
2025-07-15 19:45:46,861 [omNode-1-groupManagement] INFO  server.RaftServerConfigKeys (ConfUtils.java:logGet(62)) - raft.server.retrycache.expirytime = 300s (custom)
2025-07-15 19:45:47,816 [main] INFO  reflections.Reflections (Reflections.java:scan(219)) - Reflections took 920 ms to scan 24 urls, producing 60 keys and 7739 values
2025-07-15 19:45:47,991 [main] INFO  ipc.CallQueueManager (CallQueueManager.java:<init>(93)) - Using callQueue: class java.util.concurrent.LinkedBlockingQueue, queueCapacity: 2000, scheduler: class org.apache.hadoop.ipc.DefaultRpcScheduler, ipcBackoff: false, ipcFailOver: false.
2025-07-15 19:45:47,992 [main] INFO  ipc.Server (Server.java:<init>(1438)) - Listener at 127.0.0.1:15006
2025-07-15 19:45:47,993 [Socket Reader #1 for port 15006] INFO  ipc.Server (Server.java:run(1474)) - Starting Socket Reader #1 for port 15006
2025-07-15 19:45:47,993 [Socket Reader #3 for port 15006] INFO  ipc.Server (Server.java:run(1474)) - Starting Socket Reader #3 for port 15006
2025-07-15 19:45:47,993 [Socket Reader #2 for port 15006] INFO  ipc.Server (Server.java:run(1474)) - Starting Socket Reader #2 for port 15006
2025-07-15 19:45:47,994 [Socket Reader #4 for port 15006] INFO  ipc.Server (Server.java:run(1474)) - Starting Socket Reader #4 for port 15006
2025-07-15 19:45:47,994 [Socket Reader #5 for port 15006] INFO  ipc.Server (Server.java:run(1474)) - Starting Socket Reader #5 for port 15006
2025-07-15 19:45:47,994 [Socket Reader #6 for port 15006] INFO  ipc.Server (Server.java:run(1474)) - Starting Socket Reader #6 for port 15006
2025-07-15 19:45:47,995 [Socket Reader #7 for port 15006] INFO  ipc.Server (Server.java:run(1474)) - Starting Socket Reader #7 for port 15006
2025-07-15 19:45:47,996 [Socket Reader #8 for port 15006] INFO  ipc.Server (Server.java:run(1474)) - Starting Socket Reader #8 for port 15006
2025-07-15 19:45:47,996 [Socket Reader #9 for port 15006] INFO  ipc.Server (Server.java:run(1474)) - Starting Socket Reader #9 for port 15006
2025-07-15 19:45:47,997 [Socket Reader #10 for port 15006] INFO  ipc.Server (Server.java:run(1474)) - Starting Socket Reader #10 for port 15006
2025-07-15 19:45:48,028 [main] INFO  impl.MetricsSystemImpl (MetricsSystemImpl.java:init(158)) - OzoneManager metrics system started (again)
2025-07-15 19:45:48,050 [main] INFO  om.OzoneManager (OzoneManager.java:start(1820)) - OzoneManager RPC server is listening at localhost/127.0.0.1:15006
2025-07-15 19:45:48,051 [main] INFO  ratis.OzoneManagerRatisServer (OzoneManagerRatisServer.java:start(628)) - Starting OzoneManagerRatisServer omNode-1 at port 15009
2025-07-15 19:45:48,052 [omNode-1-impl-thread1] INFO  storage.RaftStorageDirectory (RaftStorageDirectoryImpl.java:analyzeStorage(138)) - The storage directory /home/runner/work/ozone/ozone/hadoop-ozone/integration-test/target/test-dir/MiniOzoneClusterImpl-0e8a6840-8092-433d-9bbe-2fd65d18bfc8/omNode-1/ratis/3bf88a72-722a-315e-b909-c0483ffa3dbe does not exist. Creating ...
2025-07-15 19:45:48,053 [omNode-1-impl-thread1] INFO  storage.RaftStorageDirectory (RaftStorageDirectoryImpl.java:tryLock(229)) - Lock on /home/runner/work/ozone/ozone/hadoop-ozone/integration-test/target/test-dir/MiniOzoneClusterImpl-0e8a6840-8092-433d-9bbe-2fd65d18bfc8/omNode-1/ratis/3bf88a72-722a-315e-b909-c0483ffa3dbe/in_use.lock acquired by nodename 53370@localhost
2025-07-15 19:45:48,055 [omNode-1-impl-thread1] INFO  storage.RaftStorage (RaftStorageImpl.java:format(98)) - Storage directory /home/runner/work/ozone/ozone/hadoop-ozone/integration-test/target/test-dir/MiniOzoneClusterImpl-0e8a6840-8092-433d-9bbe-2fd65d18bfc8/omNode-1/ratis/3bf88a72-722a-315e-b909-c0483ffa3dbe has been successfully formatted.
2025-07-15 19:45:48,055 [omNode-1-impl-thread1] INFO  ratis.OzoneManagerStateMachine (OzoneManagerStateMachine.java:lambda$0(138)) - omNode-1: initialize group-C0483FFA3DBE with <INITIAL_VALUE>
2025-07-15 19:45:48,055 [omNode-1-impl-thread1] INFO  server.RaftServerConfigKeys (ConfUtils.java:logGet(62)) - raft.server.log.appender.buffer.byte-limit = 4194304 (custom)
2025-07-15 19:45:48,058 [omNode-1-impl-thread1] INFO  server.RaftServerConfigKeys (ConfUtils.java:logGet(62)) - raft.server.log.segment.size.max = 4194304 (custom)
2025-07-15 19:45:48,059 [omNode-1-impl-thread1] INFO  server.RaftServerConfigKeys (ConfUtils.java:logGet(62)) - raft.server.log.appender.buffer.byte-limit = 4194304 (custom)
2025-07-15 19:45:48,059 [omNode-1-impl-thread1] INFO  util.AwaitToRun (AwaitToRun.java:start(81)) - Thread[#465,omNode-1@group-C0483FFA3DBE-cacheEviction-AwaitToRun,5,main] started
2025-07-15 19:45:48,059 [omNode-1-impl-thread1] INFO  segmented.SegmentedRaftLogWorker (SegmentedRaftLogWorker.java:<init>(190)) - new omNode-1@group-C0483FFA3DBE-SegmentedRaftLogWorker for RaftStorageImpl:Storage Directory /home/runner/work/ozone/ozone/hadoop-ozone/integration-test/target/test-dir/MiniOzoneClusterImpl-0e8a6840-8092-433d-9bbe-2fd65d18bfc8/omNode-1/ratis/3bf88a72-722a-315e-b909-c0483ffa3dbe
2025-07-15 19:45:48,059 [omNode-1-impl-thread1] INFO  server.RaftServerConfigKeys (ConfUtils.java:logGet(62)) - raft.server.log.segment.size.max = 4194304 (custom)
2025-07-15 19:45:48,060 [omNode-1-impl-thread1] INFO  server.RaftServerConfigKeys (ConfUtils.java:logGet(62)) - raft.server.log.preallocated.size = 4194304 (custom)
2025-07-15 19:45:48,060 [omNode-1-impl-thread1] INFO  server.RaftServerConfigKeys (ConfUtils.java:logGet(62)) - raft.server.log.write.buffer.size = 4194312 (custom)
2025-07-15 19:45:48,061 [omNode-1-impl-thread1] INFO  server.RaftServerConfigKeys (ConfUtils.java:logGet(62)) - raft.server.log.appender.buffer.byte-limit = 4194304 (custom)
2025-07-15 19:45:48,062 [omNode-1-impl-thread1] INFO  segmented.SegmentedRaftLogWorker (SegmentedRaftLogWorker.java:lambda$new$0(141)) - omNode-1@group-C0483FFA3DBE-SegmentedRaftLogWorker: flushIndex: setUnconditionally 0 -> -1
2025-07-15 19:45:48,062 [omNode-1-impl-thread1] INFO  segmented.SegmentedRaftLogWorker (SegmentedRaftLogWorker.java:lambda$new$0(141)) - omNode-1@group-C0483FFA3DBE-SegmentedRaftLogWorker: safeCacheEvictIndex: setUnconditionally 0 -> -1
2025-07-15 19:45:48,062 [omNode-1-impl-thread1] INFO  server.RaftServer$Division (RaftServerImpl.java:start(405)) - omNode-1@group-C0483FFA3DBE: start as a follower, conf=conf: {index: -1, cur=peers:[omNode-3|localhost:15017, omNode-1|localhost:15009, omNode-2|localhost:15013]|listeners:[], old=null}
2025-07-15 19:45:48,063 [omNode-1-impl-thread1] INFO  server.RaftServer$Division (RaftServerImpl.java:setRole(392)) - omNode-1@group-C0483FFA3DBE: changes role from      null to FOLLOWER at term 0 for startAsFollower
2025-07-15 19:45:48,063 [omNode-1-impl-thread1] INFO  impl.RoleInfo (RoleInfo.java:updateAndGet(148)) - omNode-1: start omNode-1@group-C0483FFA3DBE-FollowerState
2025-07-15 19:45:48,063 [omNode-1@group-C0483FFA3DBE-FollowerState] INFO  server.RaftServerConfigKeys (ConfUtils.java:logFallback(69)) - raft.server.rpc.first-election.timeout.min = 1s (fallback to raft.server.rpc.timeout.min)
2025-07-15 19:45:48,063 [omNode-1-impl-thread1] INFO  util.JmxRegister (JmxRegister.java:tryRegister(44)) - Successfully registered JMX Bean with object name Ratis:service=RaftServer,group=group-C0483FFA3DBE,id=omNode-1
2025-07-15 19:45:48,063 [omNode-1-impl-thread1] INFO  util.JmxRegister (JmxRegister.java:register(58)) - register mxBean class org.apache.ratis.server.impl.RaftServerJmxAdapter as Ratis:service=RaftServer,group=group-C0483FFA3DBE,id=omNode-1
2025-07-15 19:45:48,063 [omNode-1-impl-thread1] INFO  server.RaftServerConfigKeys (ConfUtils.java:logGet(62)) - raft.server.snapshot.auto.trigger.threshold = 400000 (default)
2025-07-15 19:45:48,064 [omNode-1-impl-thread1] INFO  server.RaftServerConfigKeys (ConfUtils.java:logGet(62)) - raft.server.log.purge.upto.snapshot.index = true (custom)
2025-07-15 19:45:48,063 [omNode-1@group-C0483FFA3DBE-FollowerState] INFO  server.RaftServerConfigKeys (ConfUtils.java:logFallback(69)) - raft.server.rpc.first-election.timeout.max = 1200ms (fallback to raft.server.rpc.timeout.max)
2025-07-15 19:45:48,065 [omNode-1-impl-thread1] INFO  server.RaftServer$Division (RaftServerImpl.java:start(419)) - omNode-1@group-C0483FFA3DBE: Successfully started.
2025-07-15 19:45:48,065 [main] INFO  server.RaftServer (RaftServerProxy.java:startImpl(412)) - omNode-1: start RPC server
2025-07-15 19:45:48,065 [main] INFO  server.GrpcServicesImpl (GrpcServicesImpl.java:startImpl(346)) - omNode-1: GrpcServicesImpl started, listening on 15009
2025-07-15 19:45:48,066 [JvmPauseMonitor2] INFO  util.JvmPauseMonitor (JvmPauseMonitor.java:run(146)) - JvmPauseMonitor-omNode-1: Started
2025-07-15 19:45:48,067 [main] INFO  om.OzoneManager (OzoneManager.java:start(1835)) - Version File has different layout version (8) than OM DB (null). That is expected if this OM has never been finalized to a newer layout version.
2025-07-15 19:45:48,084 [main] INFO  client.ScmTopologyClient (ScmTopologyClient.java:start(70)) - Initial network topology fetched from SCM: /.
2025-07-15 19:45:48,085 [main] INFO  net.NodeSchemaLoader (NodeSchemaLoader.java:loadSchemaFromFile(128)) - Loading schema from [jar:file:/home/runner/work/ozone/ozone/hadoop-hdds/common/target/hdds-common-2.1.0-SNAPSHOT.jar!/network-topology-default.xml]
2025-07-15 19:45:48,085 [main] INFO  net.NodeSchemaLoader (NodeSchemaLoader.java:loadSchema(175)) - Loading network topology layer schema file
2025-07-15 19:45:48,092 [main] INFO  utils.BackgroundService (BackgroundService.java:start(118)) - Starting service KeyDeletingService with interval 1000 milliseconds
2025-07-15 19:45:48,098 [main] INFO  utils.BackgroundService (BackgroundService.java:start(118)) - Starting service DirectoryDeletingService with interval 120000 milliseconds
2025-07-15 19:45:48,099 [main] INFO  utils.BackgroundService (BackgroundService.java:start(118)) - Starting service OpenKeyCleanupService with interval 86400000 milliseconds
2025-07-15 19:45:48,100 [main] INFO  utils.BackgroundService (BackgroundService.java:start(118)) - Starting service SstFilteringService with interval 60000 milliseconds
2025-07-15 19:45:48,104 [main] INFO  utils.BackgroundService (BackgroundService.java:start(118)) - Starting service SnapshotDeletingService with interval 1000 milliseconds
2025-07-15 19:45:48,107 [main] INFO  utils.BackgroundService (BackgroundService.java:start(118)) - Starting service MultipartUploadCleanupService with interval 86400000 milliseconds
2025-07-15 19:45:48,111 [main] INFO  http.BaseHttpServer (BaseHttpServer.java:newHttpServer2BuilderForOzone(229)) - Starting Web-server for ozoneManager at: http://0.0.0.0:15007
2025-07-15 19:45:48,111 [main] INFO  http.BaseHttpServer (BaseHttpServer.java:<init>(107)) - Hadoop Security Enabled: false Ozone Security Enabled: false Ozone HTTP Security Enabled: false 
2025-07-15 19:45:48,113 [main] WARN  server.AuthenticationFilter (AuthenticationFilter.java:constructSecretProvider(240)) - Unable to initialize FileSignerSecretProvider, falling back to use random secrets. Reason: Could not read signature secret file: /home/runner/hadoop-http-auth-signature-secret
2025-07-15 19:45:48,117 [main] INFO  http.HttpServer2 (HttpServer2.java:addGlobalFilter(1042)) - Added global filter 'safety' (class=org.apache.hadoop.hdds.server.http.HttpServer2$QuotingInputFilter)
2025-07-15 19:45:48,118 [main] INFO  http.HttpServer2 (HttpServer2.java:addFilter(1018)) - Added filter static_user_filter (class=org.apache.hadoop.http.lib.StaticUserWebFilter$StaticUserFilter) to context ozoneManager
2025-07-15 19:45:48,118 [main] INFO  http.HttpServer2 (HttpServer2.java:addFilter(1026)) - Added filter static_user_filter (class=org.apache.hadoop.http.lib.StaticUserWebFilter$StaticUserFilter) to context logs
2025-07-15 19:45:48,119 [main] INFO  http.HttpServer2 (HttpServer2.java:addFilter(1026)) - Added filter static_user_filter (class=org.apache.hadoop.http.lib.StaticUserWebFilter$StaticUserFilter) to context static
2025-07-15 19:45:48,120 [main] INFO  http.BaseHttpServer (BaseHttpServer.java:<init>(195)) - HTTP server of ozoneManager uses base directory /home/runner/work/ozone/ozone/hadoop-ozone/integration-test/target/test-dir/MiniOzoneClusterImpl-0e8a6840-8092-433d-9bbe-2fd65d18bfc8/omNode-1/webserver
2025-07-15 19:45:48,122 [main] INFO  http.HttpServer2 (HttpServer2.java:bindListener(1242)) - Jetty bound to port 15007
2025-07-15 19:45:48,122 [main] INFO  server.Server (Server.java:doStart(375)) - jetty-9.4.57.v20241219; built: 2025-01-08T21:24:30.412Z; git: df524e6b29271c2e09ba9aea83c18dc9db464a31; jvm 21.0.7+6-LTS
2025-07-15 19:45:48,124 [main] INFO  server.session (DefaultSessionIdManager.java:doStart(334)) - DefaultSessionIdManager workerName=node0
2025-07-15 19:45:48,124 [main] INFO  server.session (DefaultSessionIdManager.java:doStart(339)) - No SessionScavenger set, using defaults
2025-07-15 19:45:48,124 [main] INFO  server.session (HouseKeeper.java:startScavenging(132)) - node0 Scavenging every 660000ms
2025-07-15 19:45:48,125 [main] INFO  handler.ContextHandler (ContextHandler.java:doStart(921)) - Started o.e.j.s.ServletContextHandler@4854c964{logs,/logs,file:///home/runner/work/ozone/ozone/hadoop-ozone/integration-test/target/log,AVAILABLE}
2025-07-15 19:45:48,125 [main] INFO  handler.ContextHandler (ContextHandler.java:doStart(921)) - Started o.e.j.s.ServletContextHandler@7eb91b95{static,/static,file:///home/runner/work/ozone/ozone/hadoop-ozone/integration-test/target/test-classes/webapps/static,AVAILABLE}
2025-07-15 19:45:48,135 [main] INFO  handler.ContextHandler (ContextHandler.java:doStart(921)) - Started o.e.j.w.WebAppContext@17acd4c5{ozoneManager,/,file:///home/runner/work/ozone/ozone/hadoop-ozone/integration-test/target/test-classes/webapps/ozoneManager/,AVAILABLE}{file:/home/runner/work/ozone/ozone/hadoop-ozone/integration-test/target/test-classes/webapps/ozoneManager}
2025-07-15 19:45:48,136 [main] INFO  server.AbstractConnector (AbstractConnector.java:doStart(333)) - Started ServerConnector@626db270{HTTP/1.1, (http/1.1)}{0.0.0.0:15007}
2025-07-15 19:45:48,136 [main] INFO  server.Server (Server.java:doStart(415)) - Started @11334ms
2025-07-15 19:45:48,136 [main] WARN  impl.MetricsSystemImpl (MetricsSystemImpl.java:register(279)) - Sink prometheus already exists!
2025-07-15 19:45:48,136 [main] INFO  http.BaseHttpServer (BaseHttpServer.java:updateConnectorAddress(359)) - HTTP server of ozoneManager listening at http://localhost:15007
2025-07-15 19:45:48,137 [IPC Server Responder] INFO  ipc.Server (Server.java:run(1713)) - IPC Server Responder: starting
2025-07-15 19:45:48,137 [IPC Server listener on 15006] INFO  ipc.Server (Server.java:run(1553)) - IPC Server listener on 15006: starting
2025-07-15 19:45:48,141 [main] INFO  om.OzoneManager (OzoneManager.java:startTrashEmptier(2290)) - Trash Interval set to 0. Files deleted won't move to trash
2025-07-15 19:45:48,152 [main] INFO  ozone.MiniOzoneHAClusterImpl (MiniOzoneHAClusterImpl.java:createOMService(517)) - Started OzoneManager omNode-1 RPC server at localhost/127.0.0.1:15006
2025-07-15 19:45:48,152 [main] INFO  ha.OMHANodeDetails (OMHANodeDetails.java:loadOMHAConfig(119)) - ServiceID for OzoneManager is om-service-test
2025-07-15 19:45:48,153 [main] INFO  ha.OMHANodeDetails (OMHANodeDetails.java:loadOMHAConfig(199)) - Found matching OM address with OMServiceId: om-service-test, OMNodeId: omNode-2, RPC Address: localhost:15010 and Ratis port: 15013
2025-07-15 19:45:48,153 [main] INFO  ha.OMHANodeDetails (ConfUtils.java:setNodeSpecificConfigs(98)) - Setting configuration key ozone.om.http-address with value of key ozone.om.http-address.om-service-test.omNode-2: 127.0.0.1:15011
2025-07-15 19:45:48,153 [main] INFO  ha.OMHANodeDetails (ConfUtils.java:setNodeSpecificConfigs(98)) - Setting configuration key ozone.om.https-address with value of key ozone.om.https-address.om-service-test.omNode-2: 127.0.0.1:15012
2025-07-15 19:45:48,153 [main] INFO  ha.OMHANodeDetails (ConfUtils.java:setNodeSpecificConfigs(98)) - Setting configuration key ozone.om.address with value of key ozone.om.address.om-service-test.omNode-2: 127.0.0.1:15010
2025-07-15 19:45:48,154 [main] WARN  server.ServerUtils (ServerUtils.java:getDBPath(292)) - ozone.om.db.dirs is not configured. We recommend adding this setting. Falling back to ozone.metadata.dirs instead.
2025-07-15 19:45:48,157 [main] INFO  proxy.SCMBlockLocationFailoverProxyProvider (SCMFailoverProxyProviderBase.java:<init>(120)) - Created fail-over proxy for protocol ScmBlockLocationProtocolPB with 1 nodes: [nodeId=scmNodeId,nodeAddress=/0.0.0.0:15001]
OM initialization succeeded.Current cluster id for sd=/home/runner/work/ozone/ozone/hadoop-ozone/integration-test/target/test-dir/MiniOzoneClusterImpl-0e8a6840-8092-433d-9bbe-2fd65d18bfc8/omNode-2/om;cid=0e8a6840-8092-433d-9bbe-2fd65d18bfc8;layoutVersion=8
2025-07-15 19:45:48,164 [main] INFO  ha.OMHANodeDetails (OMHANodeDetails.java:loadOMHAConfig(119)) - ServiceID for OzoneManager is om-service-test
2025-07-15 19:45:48,164 [main] INFO  ha.OMHANodeDetails (OMHANodeDetails.java:loadOMHAConfig(199)) - Found matching OM address with OMServiceId: om-service-test, OMNodeId: omNode-2, RPC Address: localhost:15010 and Ratis port: 15013
2025-07-15 19:45:48,165 [main] INFO  ha.OMHANodeDetails (ConfUtils.java:setNodeSpecificConfigs(98)) - Setting configuration key ozone.om.http-address with value of key ozone.om.http-address.om-service-test.omNode-2: 127.0.0.1:15011
2025-07-15 19:45:48,165 [main] INFO  ha.OMHANodeDetails (ConfUtils.java:setNodeSpecificConfigs(98)) - Setting configuration key ozone.om.https-address with value of key ozone.om.https-address.om-service-test.omNode-2: 127.0.0.1:15012
2025-07-15 19:45:48,165 [main] INFO  ha.OMHANodeDetails (ConfUtils.java:setNodeSpecificConfigs(98)) - Setting configuration key ozone.om.address with value of key ozone.om.address.om-service-test.omNode-2: 127.0.0.1:15010
2025-07-15 19:45:48,165 [main] WARN  server.ServerUtils (ServerUtils.java:getDBPath(292)) - ozone.om.db.dirs is not configured. We recommend adding this setting. Falling back to ozone.metadata.dirs instead.
2025-07-15 19:45:48,167 [main] INFO  upgrade.AbstractLayoutVersionManager (AbstractLayoutVersionManager.java:init(80)) - Initializing Layout version manager with metadata layout = DELEGATION_TOKEN_SYMMETRIC_SIGN (version = 8), software layout = DELEGATION_TOKEN_SYMMETRIC_SIGN (version = 8)
2025-07-15 19:45:48,239 [main] INFO  reflections.Reflections (Reflections.java:scan(219)) - Reflections took 71 ms to scan 2 urls, producing 211 keys and 622 values
2025-07-15 19:45:48,239 [main] INFO  upgrade.OMLayoutVersionManager (OMLayoutVersionManager.java:lambda$0(110)) - Skipping Upgrade Action QuotaRepairUpgradeAction since it has been finalized.
2025-07-15 19:45:48,240 [main] INFO  upgrade.OMLayoutVersionManager (OMLayoutVersionManager.java:lambda$0(110)) - Skipping Upgrade Action MockOmUpgradeAction since it has been finalized.
2025-07-15 19:45:48,240 [main] WARN  server.ServerUtils (ServerUtils.java:getDBPath(292)) - ozone.om.db.dirs is not configured. We recommend adding this setting. Falling back to ozone.metadata.dirs instead.
2025-07-15 19:45:48,240 [main] INFO  om.OzoneManager (OzoneManager.java:setReplicationFromConfig(4648)) - Set default replication in OM: RATIS/3 -> RATIS/THREE
2025-07-15 19:45:48,241 [main] INFO  proxy.SCMContainerLocationFailoverProxyProvider (SCMFailoverProxyProviderBase.java:<init>(120)) - Created fail-over proxy for protocol StorageContainerLocationProtocolPB with 1 nodes: [nodeId=scmNodeId,nodeAddress=/0.0.0.0:15000]
2025-07-15 19:45:48,241 [main] INFO  proxy.SCMBlockLocationFailoverProxyProvider (SCMFailoverProxyProviderBase.java:<init>(120)) - Created fail-over proxy for protocol ScmBlockLocationProtocolPB with 1 nodes: [nodeId=scmNodeId,nodeAddress=/0.0.0.0:15001]
2025-07-15 19:45:48,244 [main] INFO  proxy.SCMBlockLocationFailoverProxyProvider (SCMFailoverProxyProviderBase.java:<init>(120)) - Created fail-over proxy for protocol ScmBlockLocationProtocolPB with 1 nodes: [nodeId=scmNodeId,nodeAddress=/0.0.0.0:15001]
2025-07-15 19:45:48,252 [main] INFO  om.OzoneManager (OzoneManager.java:<init>(681)) - OM start with adminUsers: [admin, runner]
2025-07-15 19:45:48,253 [main] WARN  server.ServerUtils (ServerUtils.java:getDBPath(292)) - ozone.om.db.dirs is not configured. We recommend adding this setting. Falling back to ozone.metadata.dirs instead.
2025-07-15 19:45:48,407 [main] INFO  om.OzoneManager (OzoneManager.java:instantiateServices(925)) - S3 Multi-Tenancy is disabled
2025-07-15 19:45:48,408 [main] INFO  om.OmSnapshotManager (OmSnapshotManager.java:<init>(190)) - Ozone filesystem snapshot feature is enabled.
2025-07-15 19:45:48,408 [main] WARN  server.ServerUtils (ServerUtils.java:getDBPath(292)) - ozone.om.snapshot.diff.db.dir is not configured. We recommend adding this setting. Falling back to ozone.metadata.dirs instead.
2025-07-15 19:45:48,430 [main] INFO  utils.BackgroundService (BackgroundService.java:start(118)) - Starting service SnapshotDiffCleanupService with interval 60000 milliseconds
2025-07-15 19:45:48,433 [main] INFO  om.OzoneManager (OzoneManager.java:addS3GVolumeToDB(4706)) - Created Volume s3v With Owner runner required for S3Gateway operations.
2025-07-15 19:45:48,433 [main] WARN  server.ServerUtils (ServerUtils.java:getDefaultRatisDirectory(304)) - Storage directory for Ratis is not configured. It is a good idea to map this to an SSD disk. Falling back to ozone.metadata.dirs
2025-07-15 19:45:48,433 [main] WARN  utils.OzoneManagerRatisUtils (OzoneManagerRatisUtils.java:getOMRatisSnapshotDirectory(488)) - ozone.om.ratis.snapshot.dir is not configured. Falling back to ozone.metadata.dirs config
2025-07-15 19:45:48,434 [main] INFO  utils.RDBSnapshotProvider (RDBSnapshotProvider.java:init(85)) - Cleaning up the candidate dir: /home/runner/work/ozone/ozone/hadoop-ozone/integration-test/target/test-dir/MiniOzoneClusterImpl-0e8a6840-8092-433d-9bbe-2fd65d18bfc8/omNode-2/snapshot/om.db.candidate
2025-07-15 19:45:48,434 [main] INFO  ratis_snapshot.OmRatisSnapshotProvider (OmRatisSnapshotProvider.java:<init>(97)) - Initializing OM Snapshot Provider
2025-07-15 19:45:48,435 [main] WARN  dropwizard3.Dm3MetricRegistriesImpl (Dm3MetricRegistriesImpl.java:addReporterRegistration(114)) - New reporters are added after registries were created. Some metrics will be missing from the reporter. Please add reporter before adding any new registry.
2025-07-15 19:45:48,435 [main] WARN  dropwizard3.Dm3MetricRegistriesImpl (Dm3MetricRegistriesImpl.java:addReporterRegistration(114)) - New reporters are added after registries were created. Some metrics will be missing from the reporter. Please add reporter before adding any new registry.
2025-07-15 19:45:48,436 [main] WARN  server.ServerUtils (ServerUtils.java:getDefaultRatisDirectory(304)) - Storage directory for Ratis is not configured. It is a good idea to map this to an SSD disk. Falling back to ozone.metadata.dirs
2025-07-15 19:45:48,436 [main] INFO  server.RaftServerConfigKeys (ConfUtils.java:logGet(62)) - raft.server.log.appender.buffer.byte-limit = 4194304 (custom)
2025-07-15 19:45:48,438 [main] INFO  ratis.OzoneManagerRatisServer (OzoneManagerRatisServer.java:<init>(167)) - Instantiating OM Ratis server with groupID: om-service-test and peers: localhost:15013, localhost:15017, localhost:15009
2025-07-15 19:45:48,438 [main] INFO  ratis.OzoneManagerStateMachine (OzoneManagerStateMachine.java:loadSnapshotInfoFromDB(618)) - TransactionInfo not found in OM DB.
2025-07-15 19:45:48,439 [main] INFO  grpc.GrpcConfigKeys (ConfUtils.java:logFallback(69)) - raft.grpc.admin.host = null (fallback to raft.grpc.server.host)
2025-07-15 19:45:48,439 [main] INFO  grpc.GrpcConfigKeys (ConfUtils.java:logFallback(69)) - raft.grpc.admin.port = 15013 (fallback to raft.grpc.server.port)
2025-07-15 19:45:48,440 [main] INFO  grpc.GrpcConfigKeys (ConfUtils.java:logFallback(69)) - raft.grpc.client.host = null (fallback to raft.grpc.server.host)
2025-07-15 19:45:48,440 [main] INFO  grpc.GrpcConfigKeys (ConfUtils.java:logFallback(69)) - raft.grpc.client.port = 15013 (fallback to raft.grpc.server.port)
2025-07-15 19:45:48,440 [main] INFO  grpc.GrpcConfigKeys (ConfUtils.java:logGet(62)) - raft.grpc.server.port = 15013 (custom)
2025-07-15 19:45:48,440 [main] INFO  server.GrpcServicesImpl (ConfUtils.java:logGet(62)) - raft.grpc.message.size.max = 5242880 (custom)
2025-07-15 19:45:48,440 [main] INFO  server.RaftServerConfigKeys (ConfUtils.java:logGet(62)) - raft.server.log.appender.buffer.byte-limit = 4194304 (custom)
2025-07-15 19:45:48,442 [main] INFO  server.RaftServerConfigKeys (ConfUtils.java:logGet(62)) - raft.server.storage.dir = [/home/runner/work/ozone/ozone/hadoop-ozone/integration-test/target/test-dir/MiniOzoneClusterImpl-0e8a6840-8092-433d-9bbe-2fd65d18bfc8/omNode-2/ratis] (custom)
2025-07-15 19:45:48,443 [main] INFO  server.RaftServer (RaftServerProxy.java:addNew(105)) - omNode-2: addNew group-C0483FFA3DBE:[omNode-3|localhost:15017, omNode-1|localhost:15009, omNode-2|localhost:15013] returns group-C0483FFA3DBE:java.util.concurrent.CompletableFuture@747c1f84[Not completed]
2025-07-15 19:45:48,443 [main] INFO  om.OzoneManager (OzoneManager.java:initializeRatisServer(2336)) - OzoneManager Ratis server initialized at port 15013
2025-07-15 19:45:48,443 [main] INFO  om.OzoneManager (OzoneManager.java:getRpcServer(1388)) - Creating RPC Server
2025-07-15 19:45:48,444 [omNode-2-groupManagement] INFO  server.RaftServer$Division (RaftServerImpl.java:<init>(268)) - omNode-2: new RaftServerImpl for group-C0483FFA3DBE:[omNode-3|localhost:15017, omNode-1|localhost:15009, omNode-2|localhost:15013] with OzoneManagerStateMachine:uninitialized
2025-07-15 19:45:48,444 [omNode-2-groupManagement] INFO  server.RaftServer$Division (ServerState.java:<init>(114)) - omNode-2@group-C0483FFA3DBE: ConfigurationManager, init=conf: {index: -1, cur=peers:[omNode-3|localhost:15017, omNode-1|localhost:15009, omNode-2|localhost:15013]|listeners:[], old=null}, confs=<EMPTY_MAP>
2025-07-15 19:45:48,852 [main] INFO  reflections.Reflections (Reflections.java:scan(219)) - Reflections took 408 ms to scan 24 urls, producing 60 keys and 7739 values
2025-07-15 19:45:48,855 [main] INFO  ipc.CallQueueManager (CallQueueManager.java:<init>(93)) - Using callQueue: class java.util.concurrent.LinkedBlockingQueue, queueCapacity: 2000, scheduler: class org.apache.hadoop.ipc.DefaultRpcScheduler, ipcBackoff: false, ipcFailOver: false.
2025-07-15 19:45:48,855 [main] INFO  ipc.Server (Server.java:<init>(1438)) - Listener at 127.0.0.1:15010
2025-07-15 19:45:48,856 [Socket Reader #1 for port 15010] INFO  ipc.Server (Server.java:run(1474)) - Starting Socket Reader #1 for port 15010
2025-07-15 19:45:48,856 [Socket Reader #2 for port 15010] INFO  ipc.Server (Server.java:run(1474)) - Starting Socket Reader #2 for port 15010
2025-07-15 19:45:48,856 [Socket Reader #3 for port 15010] INFO  ipc.Server (Server.java:run(1474)) - Starting Socket Reader #3 for port 15010
2025-07-15 19:45:48,856 [Socket Reader #4 for port 15010] INFO  ipc.Server (Server.java:run(1474)) - Starting Socket Reader #4 for port 15010
2025-07-15 19:45:48,856 [Socket Reader #5 for port 15010] INFO  ipc.Server (Server.java:run(1474)) - Starting Socket Reader #5 for port 15010
2025-07-15 19:45:48,857 [Socket Reader #6 for port 15010] INFO  ipc.Server (Server.java:run(1474)) - Starting Socket Reader #6 for port 15010
2025-07-15 19:45:48,857 [Socket Reader #7 for port 15010] INFO  ipc.Server (Server.java:run(1474)) - Starting Socket Reader #7 for port 15010
2025-07-15 19:45:48,857 [Socket Reader #8 for port 15010] INFO  ipc.Server (Server.java:run(1474)) - Starting Socket Reader #8 for port 15010
2025-07-15 19:45:48,858 [Socket Reader #9 for port 15010] INFO  ipc.Server (Server.java:run(1474)) - Starting Socket Reader #9 for port 15010
2025-07-15 19:45:48,858 [Socket Reader #10 for port 15010] INFO  ipc.Server (Server.java:run(1474)) - Starting Socket Reader #10 for port 15010
2025-07-15 19:45:48,876 [main] INFO  impl.MetricsSystemImpl (MetricsSystemImpl.java:init(158)) - OzoneManager metrics system started (again)
2025-07-15 19:45:48,894 [main] INFO  om.OzoneManager (OzoneManager.java:start(1820)) - OzoneManager RPC server is listening at localhost/127.0.0.1:15010
2025-07-15 19:45:48,894 [main] INFO  ratis.OzoneManagerRatisServer (OzoneManagerRatisServer.java:start(628)) - Starting OzoneManagerRatisServer omNode-2 at port 15013
2025-07-15 19:45:48,895 [omNode-2-impl-thread1] INFO  storage.RaftStorageDirectory (RaftStorageDirectoryImpl.java:analyzeStorage(138)) - The storage directory /home/runner/work/ozone/ozone/hadoop-ozone/integration-test/target/test-dir/MiniOzoneClusterImpl-0e8a6840-8092-433d-9bbe-2fd65d18bfc8/omNode-2/ratis/3bf88a72-722a-315e-b909-c0483ffa3dbe does not exist. Creating ...
2025-07-15 19:45:48,896 [omNode-2-impl-thread1] INFO  storage.RaftStorageDirectory (RaftStorageDirectoryImpl.java:tryLock(229)) - Lock on /home/runner/work/ozone/ozone/hadoop-ozone/integration-test/target/test-dir/MiniOzoneClusterImpl-0e8a6840-8092-433d-9bbe-2fd65d18bfc8/omNode-2/ratis/3bf88a72-722a-315e-b909-c0483ffa3dbe/in_use.lock acquired by nodename 53370@localhost
2025-07-15 19:45:48,897 [omNode-2-impl-thread1] INFO  storage.RaftStorage (RaftStorageImpl.java:format(98)) - Storage directory /home/runner/work/ozone/ozone/hadoop-ozone/integration-test/target/test-dir/MiniOzoneClusterImpl-0e8a6840-8092-433d-9bbe-2fd65d18bfc8/omNode-2/ratis/3bf88a72-722a-315e-b909-c0483ffa3dbe has been successfully formatted.
2025-07-15 19:45:48,897 [omNode-2-impl-thread1] INFO  ratis.OzoneManagerStateMachine (OzoneManagerStateMachine.java:lambda$0(138)) - omNode-2: initialize group-C0483FFA3DBE with <INITIAL_VALUE>
2025-07-15 19:45:48,897 [omNode-2-impl-thread1] INFO  server.RaftServerConfigKeys (ConfUtils.java:logGet(62)) - raft.server.log.appender.buffer.byte-limit = 4194304 (custom)
2025-07-15 19:45:48,899 [omNode-2-impl-thread1] INFO  server.RaftServerConfigKeys (ConfUtils.java:logGet(62)) - raft.server.log.segment.size.max = 4194304 (custom)
2025-07-15 19:45:48,900 [omNode-2-impl-thread1] INFO  server.RaftServerConfigKeys (ConfUtils.java:logGet(62)) - raft.server.log.appender.buffer.byte-limit = 4194304 (custom)
2025-07-15 19:45:48,900 [omNode-2-impl-thread1] INFO  util.AwaitToRun (AwaitToRun.java:start(81)) - Thread[#541,omNode-2@group-C0483FFA3DBE-cacheEviction-AwaitToRun,5,main] started
2025-07-15 19:45:48,900 [omNode-2-impl-thread1] INFO  segmented.SegmentedRaftLogWorker (SegmentedRaftLogWorker.java:<init>(190)) - new omNode-2@group-C0483FFA3DBE-SegmentedRaftLogWorker for RaftStorageImpl:Storage Directory /home/runner/work/ozone/ozone/hadoop-ozone/integration-test/target/test-dir/MiniOzoneClusterImpl-0e8a6840-8092-433d-9bbe-2fd65d18bfc8/omNode-2/ratis/3bf88a72-722a-315e-b909-c0483ffa3dbe
2025-07-15 19:45:48,900 [omNode-2-impl-thread1] INFO  server.RaftServerConfigKeys (ConfUtils.java:logGet(62)) - raft.server.log.segment.size.max = 4194304 (custom)
2025-07-15 19:45:48,900 [omNode-2-impl-thread1] INFO  server.RaftServerConfigKeys (ConfUtils.java:logGet(62)) - raft.server.log.preallocated.size = 4194304 (custom)
2025-07-15 19:45:48,901 [omNode-2-impl-thread1] INFO  server.RaftServerConfigKeys (ConfUtils.java:logGet(62)) - raft.server.log.write.buffer.size = 4194312 (custom)
2025-07-15 19:45:48,902 [omNode-2-impl-thread1] INFO  server.RaftServerConfigKeys (ConfUtils.java:logGet(62)) - raft.server.log.appender.buffer.byte-limit = 4194304 (custom)
2025-07-15 19:45:48,903 [omNode-2-impl-thread1] INFO  segmented.SegmentedRaftLogWorker (SegmentedRaftLogWorker.java:lambda$new$0(141)) - omNode-2@group-C0483FFA3DBE-SegmentedRaftLogWorker: flushIndex: setUnconditionally 0 -> -1
2025-07-15 19:45:48,903 [omNode-2-impl-thread1] INFO  segmented.SegmentedRaftLogWorker (SegmentedRaftLogWorker.java:lambda$new$0(141)) - omNode-2@group-C0483FFA3DBE-SegmentedRaftLogWorker: safeCacheEvictIndex: setUnconditionally 0 -> -1
2025-07-15 19:45:48,903 [omNode-2-impl-thread1] INFO  server.RaftServer$Division (RaftServerImpl.java:start(405)) - omNode-2@group-C0483FFA3DBE: start as a follower, conf=conf: {index: -1, cur=peers:[omNode-3|localhost:15017, omNode-1|localhost:15009, omNode-2|localhost:15013]|listeners:[], old=null}
2025-07-15 19:45:48,903 [omNode-2-impl-thread1] INFO  server.RaftServer$Division (RaftServerImpl.java:setRole(392)) - omNode-2@group-C0483FFA3DBE: changes role from      null to FOLLOWER at term 0 for startAsFollower
2025-07-15 19:45:48,903 [omNode-2-impl-thread1] INFO  impl.RoleInfo (RoleInfo.java:updateAndGet(148)) - omNode-2: start omNode-2@group-C0483FFA3DBE-FollowerState
2025-07-15 19:45:48,904 [omNode-2@group-C0483FFA3DBE-FollowerState] INFO  server.RaftServerConfigKeys (ConfUtils.java:logFallback(69)) - raft.server.rpc.first-election.timeout.min = 1s (fallback to raft.server.rpc.timeout.min)
2025-07-15 19:45:48,904 [omNode-2-impl-thread1] INFO  util.JmxRegister (JmxRegister.java:tryRegister(44)) - Successfully registered JMX Bean with object name Ratis:service=RaftServer,group=group-C0483FFA3DBE,id=omNode-2
2025-07-15 19:45:48,904 [omNode-2-impl-thread1] INFO  util.JmxRegister (JmxRegister.java:register(58)) - register mxBean class org.apache.ratis.server.impl.RaftServerJmxAdapter as Ratis:service=RaftServer,group=group-C0483FFA3DBE,id=omNode-2
2025-07-15 19:45:48,904 [omNode-2@group-C0483FFA3DBE-FollowerState] INFO  server.RaftServerConfigKeys (ConfUtils.java:logFallback(69)) - raft.server.rpc.first-election.timeout.max = 1200ms (fallback to raft.server.rpc.timeout.max)
2025-07-15 19:45:48,905 [omNode-2-impl-thread1] INFO  server.RaftServer$Division (RaftServerImpl.java:start(419)) - omNode-2@group-C0483FFA3DBE: Successfully started.
2025-07-15 19:45:48,905 [main] INFO  server.RaftServer (RaftServerProxy.java:startImpl(412)) - omNode-2: start RPC server
2025-07-15 19:45:48,906 [main] INFO  server.GrpcServicesImpl (GrpcServicesImpl.java:startImpl(346)) - omNode-2: GrpcServicesImpl started, listening on 15013
2025-07-15 19:45:48,907 [main] INFO  om.OzoneManager (OzoneManager.java:start(1835)) - Version File has different layout version (8) than OM DB (null). That is expected if this OM has never been finalized to a newer layout version.
2025-07-15 19:45:48,907 [JvmPauseMonitor3] INFO  util.JvmPauseMonitor (JvmPauseMonitor.java:run(146)) - JvmPauseMonitor-omNode-2: Started
2025-07-15 19:45:48,910 [main] INFO  client.ScmTopologyClient (ScmTopologyClient.java:start(70)) - Initial network topology fetched from SCM: /.
2025-07-15 19:45:48,911 [main] INFO  net.NodeSchemaLoader (NodeSchemaLoader.java:loadSchemaFromFile(128)) - Loading schema from [jar:file:/home/runner/work/ozone/ozone/hadoop-hdds/common/target/hdds-common-2.1.0-SNAPSHOT.jar!/network-topology-default.xml]
2025-07-15 19:45:48,911 [main] INFO  net.NodeSchemaLoader (NodeSchemaLoader.java:loadSchema(175)) - Loading network topology layer schema file
2025-07-15 19:45:48,914 [main] INFO  utils.BackgroundService (BackgroundService.java:start(118)) - Starting service KeyDeletingService with interval 1000 milliseconds
2025-07-15 19:45:48,915 [main] INFO  utils.BackgroundService (BackgroundService.java:start(118)) - Starting service DirectoryDeletingService with interval 120000 milliseconds
2025-07-15 19:45:48,915 [main] INFO  utils.BackgroundService (BackgroundService.java:start(118)) - Starting service OpenKeyCleanupService with interval 86400000 milliseconds
2025-07-15 19:45:48,916 [main] INFO  utils.BackgroundService (BackgroundService.java:start(118)) - Starting service SstFilteringService with interval 60000 milliseconds
2025-07-15 19:45:48,917 [main] INFO  utils.BackgroundService (BackgroundService.java:start(118)) - Starting service SnapshotDeletingService with interval 1000 milliseconds
2025-07-15 19:45:48,918 [main] INFO  utils.BackgroundService (BackgroundService.java:start(118)) - Starting service MultipartUploadCleanupService with interval 86400000 milliseconds
2025-07-15 19:45:48,919 [main] INFO  http.BaseHttpServer (BaseHttpServer.java:newHttpServer2BuilderForOzone(229)) - Starting Web-server for ozoneManager at: http://0.0.0.0:15011
2025-07-15 19:45:48,919 [main] INFO  http.BaseHttpServer (BaseHttpServer.java:<init>(107)) - Hadoop Security Enabled: false Ozone Security Enabled: false Ozone HTTP Security Enabled: false 
2025-07-15 19:45:48,921 [main] WARN  server.AuthenticationFilter (AuthenticationFilter.java:constructSecretProvider(240)) - Unable to initialize FileSignerSecretProvider, falling back to use random secrets. Reason: Could not read signature secret file: /home/runner/hadoop-http-auth-signature-secret
2025-07-15 19:45:48,924 [main] INFO  http.HttpServer2 (HttpServer2.java:addGlobalFilter(1042)) - Added global filter 'safety' (class=org.apache.hadoop.hdds.server.http.HttpServer2$QuotingInputFilter)
2025-07-15 19:45:48,926 [main] INFO  http.HttpServer2 (HttpServer2.java:addFilter(1018)) - Added filter static_user_filter (class=org.apache.hadoop.http.lib.StaticUserWebFilter$StaticUserFilter) to context ozoneManager
2025-07-15 19:45:48,926 [main] INFO  http.HttpServer2 (HttpServer2.java:addFilter(1026)) - Added filter static_user_filter (class=org.apache.hadoop.http.lib.StaticUserWebFilter$StaticUserFilter) to context static
2025-07-15 19:45:48,926 [main] INFO  http.HttpServer2 (HttpServer2.java:addFilter(1026)) - Added filter static_user_filter (class=org.apache.hadoop.http.lib.StaticUserWebFilter$StaticUserFilter) to context logs
2025-07-15 19:45:48,927 [main] INFO  http.BaseHttpServer (BaseHttpServer.java:<init>(195)) - HTTP server of ozoneManager uses base directory /home/runner/work/ozone/ozone/hadoop-ozone/integration-test/target/test-dir/MiniOzoneClusterImpl-0e8a6840-8092-433d-9bbe-2fd65d18bfc8/omNode-2/webserver
2025-07-15 19:45:48,927 [main] INFO  http.HttpServer2 (HttpServer2.java:bindListener(1242)) - Jetty bound to port 15011
2025-07-15 19:45:48,928 [main] INFO  server.Server (Server.java:doStart(375)) - jetty-9.4.57.v20241219; built: 2025-01-08T21:24:30.412Z; git: df524e6b29271c2e09ba9aea83c18dc9db464a31; jvm 21.0.7+6-LTS
2025-07-15 19:45:48,929 [main] INFO  server.session (DefaultSessionIdManager.java:doStart(334)) - DefaultSessionIdManager workerName=node0
2025-07-15 19:45:48,929 [main] INFO  server.session (DefaultSessionIdManager.java:doStart(339)) - No SessionScavenger set, using defaults
2025-07-15 19:45:48,930 [main] INFO  server.session (HouseKeeper.java:startScavenging(132)) - node0 Scavenging every 660000ms
2025-07-15 19:45:48,930 [main] INFO  handler.ContextHandler (ContextHandler.java:doStart(921)) - Started o.e.j.s.ServletContextHandler@73226368{logs,/logs,file:///home/runner/work/ozone/ozone/hadoop-ozone/integration-test/target/log,AVAILABLE}
2025-07-15 19:45:48,931 [main] INFO  handler.ContextHandler (ContextHandler.java:doStart(921)) - Started o.e.j.s.ServletContextHandler@78aa11f2{static,/static,file:///home/runner/work/ozone/ozone/hadoop-ozone/integration-test/target/test-classes/webapps/static,AVAILABLE}
2025-07-15 19:45:48,938 [main] INFO  handler.ContextHandler (ContextHandler.java:doStart(921)) - Started o.e.j.w.WebAppContext@258350de{ozoneManager,/,file:///home/runner/work/ozone/ozone/hadoop-ozone/integration-test/target/test-classes/webapps/ozoneManager/,AVAILABLE}{file:/home/runner/work/ozone/ozone/hadoop-ozone/integration-test/target/test-classes/webapps/ozoneManager}
2025-07-15 19:45:48,939 [main] INFO  server.AbstractConnector (AbstractConnector.java:doStart(333)) - Started ServerConnector@35e55526{HTTP/1.1, (http/1.1)}{0.0.0.0:15011}
2025-07-15 19:45:48,939 [main] INFO  server.Server (Server.java:doStart(415)) - Started @12138ms
2025-07-15 19:45:48,939 [main] WARN  impl.MetricsSystemImpl (MetricsSystemImpl.java:register(279)) - Sink prometheus already exists!
2025-07-15 19:45:48,939 [main] INFO  http.BaseHttpServer (BaseHttpServer.java:updateConnectorAddress(359)) - HTTP server of ozoneManager listening at http://localhost:15011
2025-07-15 19:45:48,940 [IPC Server Responder] INFO  ipc.Server (Server.java:run(1713)) - IPC Server Responder: starting
2025-07-15 19:45:48,940 [IPC Server listener on 15010] INFO  ipc.Server (Server.java:run(1553)) - IPC Server listener on 15010: starting
2025-07-15 19:45:48,943 [main] INFO  om.OzoneManager (OzoneManager.java:startTrashEmptier(2290)) - Trash Interval set to 0. Files deleted won't move to trash
2025-07-15 19:45:48,944 [main] INFO  ozone.MiniOzoneHAClusterImpl (MiniOzoneHAClusterImpl.java:createOMService(517)) - Started OzoneManager omNode-2 RPC server at localhost/127.0.0.1:15010
2025-07-15 19:45:48,945 [main] INFO  ha.OMHANodeDetails (OMHANodeDetails.java:loadOMHAConfig(119)) - ServiceID for OzoneManager is om-service-test
2025-07-15 19:45:48,945 [main] INFO  ha.OMHANodeDetails (OMHANodeDetails.java:loadOMHAConfig(199)) - Found matching OM address with OMServiceId: om-service-test, OMNodeId: omNode-3, RPC Address: localhost:15014 and Ratis port: 15017
2025-07-15 19:45:48,945 [main] INFO  ha.OMHANodeDetails (ConfUtils.java:setNodeSpecificConfigs(98)) - Setting configuration key ozone.om.http-address with value of key ozone.om.http-address.om-service-test.omNode-3: 127.0.0.1:15015
2025-07-15 19:45:48,946 [main] INFO  ha.OMHANodeDetails (ConfUtils.java:setNodeSpecificConfigs(98)) - Setting configuration key ozone.om.https-address with value of key ozone.om.https-address.om-service-test.omNode-3: 127.0.0.1:15016
2025-07-15 19:45:48,946 [main] INFO  ha.OMHANodeDetails (ConfUtils.java:setNodeSpecificConfigs(98)) - Setting configuration key ozone.om.address with value of key ozone.om.address.om-service-test.omNode-3: 127.0.0.1:15014
2025-07-15 19:45:48,946 [main] WARN  server.ServerUtils (ServerUtils.java:getDBPath(292)) - ozone.om.db.dirs is not configured. We recommend adding this setting. Falling back to ozone.metadata.dirs instead.
2025-07-15 19:45:48,948 [main] INFO  proxy.SCMBlockLocationFailoverProxyProvider (SCMFailoverProxyProviderBase.java:<init>(120)) - Created fail-over proxy for protocol ScmBlockLocationProtocolPB with 1 nodes: [nodeId=scmNodeId,nodeAddress=/0.0.0.0:15001]
OM initialization succeeded.Current cluster id for sd=/home/runner/work/ozone/ozone/hadoop-ozone/integration-test/target/test-dir/MiniOzoneClusterImpl-0e8a6840-8092-433d-9bbe-2fd65d18bfc8/omNode-3/om;cid=0e8a6840-8092-433d-9bbe-2fd65d18bfc8;layoutVersion=8
2025-07-15 19:45:48,954 [main] INFO  ha.OMHANodeDetails (OMHANodeDetails.java:loadOMHAConfig(119)) - ServiceID for OzoneManager is om-service-test
2025-07-15 19:45:48,954 [main] INFO  ha.OMHANodeDetails (OMHANodeDetails.java:loadOMHAConfig(199)) - Found matching OM address with OMServiceId: om-service-test, OMNodeId: omNode-3, RPC Address: localhost:15014 and Ratis port: 15017
2025-07-15 19:45:48,955 [main] INFO  ha.OMHANodeDetails (ConfUtils.java:setNodeSpecificConfigs(98)) - Setting configuration key ozone.om.http-address with value of key ozone.om.http-address.om-service-test.omNode-3: 127.0.0.1:15015
2025-07-15 19:45:48,955 [main] INFO  ha.OMHANodeDetails (ConfUtils.java:setNodeSpecificConfigs(98)) - Setting configuration key ozone.om.https-address with value of key ozone.om.https-address.om-service-test.omNode-3: 127.0.0.1:15016
2025-07-15 19:45:48,955 [main] INFO  ha.OMHANodeDetails (ConfUtils.java:setNodeSpecificConfigs(98)) - Setting configuration key ozone.om.address with value of key ozone.om.address.om-service-test.omNode-3: 127.0.0.1:15014
2025-07-15 19:45:48,955 [main] WARN  server.ServerUtils (ServerUtils.java:getDBPath(292)) - ozone.om.db.dirs is not configured. We recommend adding this setting. Falling back to ozone.metadata.dirs instead.
2025-07-15 19:45:48,959 [main] INFO  upgrade.AbstractLayoutVersionManager (AbstractLayoutVersionManager.java:init(80)) - Initializing Layout version manager with metadata layout = DELEGATION_TOKEN_SYMMETRIC_SIGN (version = 8), software layout = DELEGATION_TOKEN_SYMMETRIC_SIGN (version = 8)
2025-07-15 19:45:49,045 [main] INFO  reflections.Reflections (Reflections.java:scan(219)) - Reflections took 86 ms to scan 2 urls, producing 211 keys and 622 values
2025-07-15 19:45:49,046 [main] INFO  upgrade.OMLayoutVersionManager (OMLayoutVersionManager.java:lambda$0(110)) - Skipping Upgrade Action QuotaRepairUpgradeAction since it has been finalized.
2025-07-15 19:45:49,046 [main] INFO  upgrade.OMLayoutVersionManager (OMLayoutVersionManager.java:lambda$0(110)) - Skipping Upgrade Action MockOmUpgradeAction since it has been finalized.
2025-07-15 19:45:49,046 [main] WARN  server.ServerUtils (ServerUtils.java:getDBPath(292)) - ozone.om.db.dirs is not configured. We recommend adding this setting. Falling back to ozone.metadata.dirs instead.
2025-07-15 19:45:49,047 [main] INFO  om.OzoneManager (OzoneManager.java:setReplicationFromConfig(4648)) - Set default replication in OM: RATIS/3 -> RATIS/THREE
2025-07-15 19:45:49,047 [main] INFO  proxy.SCMContainerLocationFailoverProxyProvider (SCMFailoverProxyProviderBase.java:<init>(120)) - Created fail-over proxy for protocol StorageContainerLocationProtocolPB with 1 nodes: [nodeId=scmNodeId,nodeAddress=/0.0.0.0:15000]
2025-07-15 19:45:49,048 [main] INFO  proxy.SCMBlockLocationFailoverProxyProvider (SCMFailoverProxyProviderBase.java:<init>(120)) - Created fail-over proxy for protocol ScmBlockLocationProtocolPB with 1 nodes: [nodeId=scmNodeId,nodeAddress=/0.0.0.0:15001]
2025-07-15 19:45:49,049 [main] INFO  proxy.SCMBlockLocationFailoverProxyProvider (SCMFailoverProxyProviderBase.java:<init>(120)) - Created fail-over proxy for protocol ScmBlockLocationProtocolPB with 1 nodes: [nodeId=scmNodeId,nodeAddress=/0.0.0.0:15001]
2025-07-15 19:45:49,056 [main] INFO  om.OzoneManager (OzoneManager.java:<init>(681)) - OM start with adminUsers: [admin, runner]
2025-07-15 19:45:49,057 [main] WARN  server.ServerUtils (ServerUtils.java:getDBPath(292)) - ozone.om.db.dirs is not configured. We recommend adding this setting. Falling back to ozone.metadata.dirs instead.
2025-07-15 19:45:49,102 [omNode-1@group-C0483FFA3DBE-FollowerState] INFO  impl.FollowerState (FollowerState.java:runImpl(161)) - omNode-1@group-C0483FFA3DBE-FollowerState: change to CANDIDATE, lastRpcElapsedTime:1038991853ns, electionTimeout:1037ms
2025-07-15 19:45:49,102 [omNode-1@group-C0483FFA3DBE-FollowerState] INFO  impl.RoleInfo (RoleInfo.java:shutdownFollowerState(121)) - omNode-1: shutdown omNode-1@group-C0483FFA3DBE-FollowerState
2025-07-15 19:45:49,102 [omNode-1@group-C0483FFA3DBE-FollowerState] INFO  server.RaftServer$Division (RaftServerImpl.java:setRole(392)) - omNode-1@group-C0483FFA3DBE: changes role from  FOLLOWER to CANDIDATE at term 0 for changeToCandidate
2025-07-15 19:45:49,104 [omNode-1@group-C0483FFA3DBE-FollowerState] INFO  impl.RoleInfo (RoleInfo.java:updateAndGet(148)) - omNode-1: start omNode-1@group-C0483FFA3DBE-LeaderElection3
2025-07-15 19:45:49,105 [omNode-1@group-C0483FFA3DBE-LeaderElection3] INFO  impl.LeaderElection (LeaderElection.java:askForVotes(448)) - omNode-1@group-C0483FFA3DBE-LeaderElection3 PRE_VOTE round 0: submit vote requests at term 0 for conf: {index: -1, cur=peers:[omNode-3|localhost:15017, omNode-1|localhost:15009, omNode-2|localhost:15013]|listeners:[], old=null}
2025-07-15 19:45:49,118 [omNode-1@group-C0483FFA3DBE-LeaderElection3-1] INFO  server.GrpcServerProtocolClient (GrpcServerProtocolClient.java:<init>(65)) - Build channel for omNode-3|localhost:15017
2025-07-15 19:45:49,120 [omNode-1@group-C0483FFA3DBE-LeaderElection3] INFO  server.RaftServerConfigKeys (ConfUtils.java:logFallback(69)) - raft.server.rpc.first-election.timeout.min = 1s (fallback to raft.server.rpc.timeout.min)
2025-07-15 19:45:49,120 [omNode-1@group-C0483FFA3DBE-LeaderElection3-2] INFO  server.GrpcServerProtocolClient (GrpcServerProtocolClient.java:<init>(65)) - Build channel for omNode-2|localhost:15013
2025-07-15 19:45:49,120 [omNode-1@group-C0483FFA3DBE-LeaderElection3] INFO  server.RaftServerConfigKeys (ConfUtils.java:logFallback(69)) - raft.server.rpc.first-election.timeout.max = 1200ms (fallback to raft.server.rpc.timeout.max)
2025-07-15 19:45:49,271 [main] INFO  om.OzoneManager (OzoneManager.java:instantiateServices(925)) - S3 Multi-Tenancy is disabled
2025-07-15 19:45:49,271 [main] INFO  om.OmSnapshotManager (OmSnapshotManager.java:<init>(190)) - Ozone filesystem snapshot feature is enabled.
2025-07-15 19:45:49,272 [main] WARN  server.ServerUtils (ServerUtils.java:getDBPath(292)) - ozone.om.snapshot.diff.db.dir is not configured. We recommend adding this setting. Falling back to ozone.metadata.dirs instead.
2025-07-15 19:45:49,316 [main] INFO  utils.BackgroundService (BackgroundService.java:start(118)) - Starting service SnapshotDiffCleanupService with interval 60000 milliseconds
2025-07-15 19:45:49,321 [main] INFO  om.OzoneManager (OzoneManager.java:addS3GVolumeToDB(4706)) - Created Volume s3v With Owner runner required for S3Gateway operations.
2025-07-15 19:45:49,322 [main] WARN  server.ServerUtils (ServerUtils.java:getDefaultRatisDirectory(304)) - Storage directory for Ratis is not configured. It is a good idea to map this to an SSD disk. Falling back to ozone.metadata.dirs
2025-07-15 19:45:49,322 [main] WARN  utils.OzoneManagerRatisUtils (OzoneManagerRatisUtils.java:getOMRatisSnapshotDirectory(488)) - ozone.om.ratis.snapshot.dir is not configured. Falling back to ozone.metadata.dirs config
2025-07-15 19:45:49,322 [main] INFO  utils.RDBSnapshotProvider (RDBSnapshotProvider.java:init(85)) - Cleaning up the candidate dir: /home/runner/work/ozone/ozone/hadoop-ozone/integration-test/target/test-dir/MiniOzoneClusterImpl-0e8a6840-8092-433d-9bbe-2fd65d18bfc8/omNode-3/snapshot/om.db.candidate
2025-07-15 19:45:49,323 [main] INFO  ratis_snapshot.OmRatisSnapshotProvider (OmRatisSnapshotProvider.java:<init>(97)) - Initializing OM Snapshot Provider
2025-07-15 19:45:49,324 [main] WARN  dropwizard3.Dm3MetricRegistriesImpl (Dm3MetricRegistriesImpl.java:addReporterRegistration(114)) - New reporters are added after registries were created. Some metrics will be missing from the reporter. Please add reporter before adding any new registry.
2025-07-15 19:45:49,324 [main] WARN  dropwizard3.Dm3MetricRegistriesImpl (Dm3MetricRegistriesImpl.java:addReporterRegistration(114)) - New reporters are added after registries were created. Some metrics will be missing from the reporter. Please add reporter before adding any new registry.
2025-07-15 19:45:49,324 [main] WARN  server.ServerUtils (ServerUtils.java:getDefaultRatisDirectory(304)) - Storage directory for Ratis is not configured. It is a good idea to map this to an SSD disk. Falling back to ozone.metadata.dirs
2025-07-15 19:45:49,325 [main] INFO  server.RaftServerConfigKeys (ConfUtils.java:logGet(62)) - raft.server.log.appender.buffer.byte-limit = 4194304 (custom)
2025-07-15 19:45:49,326 [main] INFO  ratis.OzoneManagerRatisServer (OzoneManagerRatisServer.java:<init>(167)) - Instantiating OM Ratis server with groupID: om-service-test and peers: localhost:15017, localhost:15009, localhost:15013
2025-07-15 19:45:49,327 [main] INFO  ratis.OzoneManagerStateMachine (OzoneManagerStateMachine.java:loadSnapshotInfoFromDB(618)) - TransactionInfo not found in OM DB.
2025-07-15 19:45:49,328 [main] INFO  grpc.GrpcConfigKeys (ConfUtils.java:logFallback(69)) - raft.grpc.admin.host = null (fallback to raft.grpc.server.host)
2025-07-15 19:45:49,328 [main] INFO  grpc.GrpcConfigKeys (ConfUtils.java:logFallback(69)) - raft.grpc.admin.port = 15017 (fallback to raft.grpc.server.port)
2025-07-15 19:45:49,328 [main] INFO  grpc.GrpcConfigKeys (ConfUtils.java:logFallback(69)) - raft.grpc.client.host = null (fallback to raft.grpc.server.host)
2025-07-15 19:45:49,328 [main] INFO  grpc.GrpcConfigKeys (ConfUtils.java:logFallback(69)) - raft.grpc.client.port = 15017 (fallback to raft.grpc.server.port)
2025-07-15 19:45:49,329 [main] INFO  grpc.GrpcConfigKeys (ConfUtils.java:logGet(62)) - raft.grpc.server.port = 15017 (custom)
2025-07-15 19:45:49,329 [main] INFO  server.GrpcServicesImpl (ConfUtils.java:logGet(62)) - raft.grpc.message.size.max = 5242880 (custom)
2025-07-15 19:45:49,329 [main] INFO  server.RaftServerConfigKeys (ConfUtils.java:logGet(62)) - raft.server.log.appender.buffer.byte-limit = 4194304 (custom)
2025-07-15 19:45:49,330 [omNode-1@group-C0483FFA3DBE-LeaderElection3] INFO  impl.LeaderElection (LogUtils.java:infoOrTrace(142)) - omNode-1@group-C0483FFA3DBE-LeaderElection3 got exception when requesting votes: java.util.concurrent.ExecutionException: org.apache.ratis.thirdparty.io.grpc.StatusRuntimeException: UNAVAILABLE: io exception
2025-07-15 19:45:49,330 [main] INFO  server.RaftServerConfigKeys (ConfUtils.java:logGet(62)) - raft.server.storage.dir = [/home/runner/work/ozone/ozone/hadoop-ozone/integration-test/target/test-dir/MiniOzoneClusterImpl-0e8a6840-8092-433d-9bbe-2fd65d18bfc8/omNode-3/ratis] (custom)
2025-07-15 19:45:49,331 [main] INFO  server.RaftServer (RaftServerProxy.java:addNew(105)) - omNode-3: addNew group-C0483FFA3DBE:[omNode-3|localhost:15017, omNode-1|localhost:15009, omNode-2|localhost:15013] returns group-C0483FFA3DBE:java.util.concurrent.CompletableFuture@347a171e[Not completed]
2025-07-15 19:45:49,331 [main] INFO  om.OzoneManager (OzoneManager.java:initializeRatisServer(2336)) - OzoneManager Ratis server initialized at port 15017
2025-07-15 19:45:49,331 [main] INFO  om.OzoneManager (OzoneManager.java:getRpcServer(1388)) - Creating RPC Server
2025-07-15 19:45:49,334 [omNode-3-groupManagement] INFO  server.RaftServer$Division (RaftServerImpl.java:<init>(268)) - omNode-3: new RaftServerImpl for group-C0483FFA3DBE:[omNode-3|localhost:15017, omNode-1|localhost:15009, omNode-2|localhost:15013] with OzoneManagerStateMachine:uninitialized
2025-07-15 19:45:49,334 [omNode-3-groupManagement] INFO  server.RaftServer$Division (ServerState.java:<init>(114)) - omNode-3@group-C0483FFA3DBE: ConfigurationManager, init=conf: {index: -1, cur=peers:[omNode-3|localhost:15017, omNode-1|localhost:15009, omNode-2|localhost:15013]|listeners:[], old=null}, confs=<EMPTY_MAP>
2025-07-15 19:45:49,471 [grpc-default-executor-1] INFO  server.RaftServer$Division (RaftServerImpl.java:requestVote(1421)) - omNode-2@group-C0483FFA3DBE: receive requestVote(PRE_VOTE, omNode-1, group-C0483FFA3DBE, 0, <INITIAL_VALUE>)
2025-07-15 19:45:49,477 [grpc-default-executor-1] INFO  impl.VoteContext (VoteContext.java:log(49)) - omNode-2@group-C0483FFA3DBE-FOLLOWER: accept PRE_VOTE from omNode-1: our priority 0 <= candidate's priority 0
2025-07-15 19:45:49,510 [grpc-default-executor-1] INFO  server.RaftServer$Division (RaftServerImpl.java:requestVote(1455)) - omNode-2@group-C0483FFA3DBE replies to PRE_VOTE vote request: omNode-1<-omNode-2#0:OK-t0-last:<INITIAL_VALUE>. Peer's state: omNode-2@group-C0483FFA3DBE:t0, leader=null, voted=, raftlog=Memoized:omNode-2@group-C0483FFA3DBE-SegmentedRaftLog:OPENED:c-1:lastnull, conf=conf: {index: -1, cur=peers:[omNode-3|localhost:15017, omNode-1|localhost:15009, omNode-2|localhost:15013]|listeners:[], old=null}
2025-07-15 19:45:49,530 [omNode-1@group-C0483FFA3DBE-LeaderElection3] INFO  impl.LeaderElection (LeaderElection.java:logAndReturn(206)) - omNode-1@group-C0483FFA3DBE-LeaderElection3: PRE_VOTE PASSED received 1 response(s) and 1 exception(s):
2025-07-15 19:45:49,530 [omNode-1@group-C0483FFA3DBE-LeaderElection3] INFO  impl.LeaderElection (LeaderElection.java:logAndReturn(210)) -   Response 0: omNode-1<-omNode-2#0:OK-t0-last:<INITIAL_VALUE>
2025-07-15 19:45:49,530 [omNode-1@group-C0483FFA3DBE-LeaderElection3] INFO  impl.LeaderElection (LogUtils.java:infoOrTrace(142)) -   Exception 1: java.util.concurrent.ExecutionException: org.apache.ratis.thirdparty.io.grpc.StatusRuntimeException: UNAVAILABLE: io exception
2025-07-15 19:45:49,530 [omNode-1@group-C0483FFA3DBE-LeaderElection3] INFO  impl.LeaderElection (LeaderElection.java:askForVotes(450)) - omNode-1@group-C0483FFA3DBE-LeaderElection3 PRE_VOTE round 0: result PASSED
2025-07-15 19:45:49,532 [omNode-1@group-C0483FFA3DBE-LeaderElection3] INFO  impl.LeaderElection (LeaderElection.java:askForVotes(448)) - omNode-1@group-C0483FFA3DBE-LeaderElection3 ELECTION round 0: submit vote requests at term 1 for conf: {index: -1, cur=peers:[omNode-3|localhost:15017, omNode-1|localhost:15009, omNode-2|localhost:15013]|listeners:[], old=null}
2025-07-15 19:45:49,533 [omNode-1@group-C0483FFA3DBE-LeaderElection3] INFO  server.RaftServerConfigKeys (ConfUtils.java:logFallback(69)) - raft.server.rpc.first-election.timeout.min = 1s (fallback to raft.server.rpc.timeout.min)
2025-07-15 19:45:49,533 [omNode-1@group-C0483FFA3DBE-LeaderElection3] INFO  server.RaftServerConfigKeys (ConfUtils.java:logFallback(69)) - raft.server.rpc.first-election.timeout.max = 1200ms (fallback to raft.server.rpc.timeout.max)
2025-07-15 19:45:49,533 [omNode-1@group-C0483FFA3DBE-LeaderElection3] INFO  impl.LeaderElection (LogUtils.java:infoOrTrace(142)) - omNode-1@group-C0483FFA3DBE-LeaderElection3 got exception when requesting votes: java.util.concurrent.ExecutionException: org.apache.ratis.thirdparty.io.grpc.StatusRuntimeException: UNAVAILABLE: io exception
2025-07-15 19:45:49,541 [grpc-default-executor-1] INFO  server.RaftServer$Division (RaftServerImpl.java:requestVote(1421)) - omNode-2@group-C0483FFA3DBE: receive requestVote(ELECTION, omNode-1, group-C0483FFA3DBE, 1, <INITIAL_VALUE>)
2025-07-15 19:45:49,541 [grpc-default-executor-1] INFO  impl.VoteContext (VoteContext.java:log(49)) - omNode-2@group-C0483FFA3DBE-FOLLOWER: accept ELECTION from omNode-1: our priority 0 <= candidate's priority 0
2025-07-15 19:45:49,542 [grpc-default-executor-1] INFO  server.RaftServer$Division (RaftServerImpl.java:setRole(392)) - omNode-2@group-C0483FFA3DBE: changes role from  FOLLOWER to FOLLOWER at term 0 for candidate:omNode-1
2025-07-15 19:45:49,542 [grpc-default-executor-1] INFO  impl.RoleInfo (RoleInfo.java:shutdownFollowerState(121)) - omNode-2: shutdown omNode-2@group-C0483FFA3DBE-FollowerState
2025-07-15 19:45:49,545 [grpc-default-executor-1] INFO  impl.RoleInfo (RoleInfo.java:updateAndGet(148)) - omNode-2: start omNode-2@group-C0483FFA3DBE-FollowerState
2025-07-15 19:45:49,545 [omNode-2@group-C0483FFA3DBE-FollowerState] INFO  impl.FollowerState (FollowerState.java:runImpl(170)) - omNode-2@group-C0483FFA3DBE-FollowerState was interrupted
2025-07-15 19:45:49,545 [grpc-default-executor-1] INFO  server.RaftServer$Division (RaftServerImpl.java:setFirstElection(576)) - omNode-2@group-C0483FFA3DBE: set firstElectionSinceStartup to false for candidate:omNode-1
2025-07-15 19:45:49,549 [grpc-default-executor-1] INFO  server.RaftServer$Division (RaftServerImpl.java:requestVote(1455)) - omNode-2@group-C0483FFA3DBE replies to ELECTION vote request: omNode-1<-omNode-2#0:OK-t1-last:<INITIAL_VALUE>. Peer's state: omNode-2@group-C0483FFA3DBE:t1, leader=null, voted=omNode-1, raftlog=Memoized:omNode-2@group-C0483FFA3DBE-SegmentedRaftLog:OPENED:c-1:lastnull, conf=conf: {index: -1, cur=peers:[omNode-3|localhost:15017, omNode-1|localhost:15009, omNode-2|localhost:15013]|listeners:[], old=null}
2025-07-15 19:45:49,555 [omNode-1@group-C0483FFA3DBE-LeaderElection3] INFO  impl.LeaderElection (LeaderElection.java:logAndReturn(206)) - omNode-1@group-C0483FFA3DBE-LeaderElection3: ELECTION PASSED received 1 response(s) and 1 exception(s):
2025-07-15 19:45:49,555 [omNode-1@group-C0483FFA3DBE-LeaderElection3] INFO  impl.LeaderElection (LeaderElection.java:logAndReturn(210)) -   Response 0: omNode-1<-omNode-2#0:OK-t1-last:<INITIAL_VALUE>
2025-07-15 19:45:49,555 [omNode-1@group-C0483FFA3DBE-LeaderElection3] INFO  impl.LeaderElection (LogUtils.java:infoOrTrace(142)) -   Exception 1: java.util.concurrent.ExecutionException: org.apache.ratis.thirdparty.io.grpc.StatusRuntimeException: UNAVAILABLE: io exception
2025-07-15 19:45:49,556 [omNode-1@group-C0483FFA3DBE-LeaderElection3] INFO  impl.LeaderElection (LeaderElection.java:askForVotes(450)) - omNode-1@group-C0483FFA3DBE-LeaderElection3 ELECTION round 0: result PASSED
2025-07-15 19:45:49,557 [omNode-1@group-C0483FFA3DBE-LeaderElection3] INFO  impl.RoleInfo (RoleInfo.java:shutdownLeaderElection(141)) - omNode-1: shutdown omNode-1@group-C0483FFA3DBE-LeaderElection3
2025-07-15 19:45:49,557 [omNode-1@group-C0483FFA3DBE-LeaderElection3] INFO  server.RaftServer$Division (RaftServerImpl.java:setRole(392)) - omNode-1@group-C0483FFA3DBE: changes role from CANDIDATE to LEADER at term 1 for changeToLeader
2025-07-15 19:45:49,557 [omNode-1@group-C0483FFA3DBE-LeaderElection3] INFO  server.RaftServerConfigKeys (ConfUtils.java:logFallback(69)) - raft.server.staging.timeout = 3600ms (fallback to raft.server.rpc.timeout.max)
2025-07-15 19:45:49,573 [omNode-1@group-C0483FFA3DBE-LeaderElection3] INFO  server.RaftServerConfigKeys (ConfUtils.java:logGet(62)) - raft.server.log.appender.snapshot.chunk.size.max = 16MB (=16777216) (default)
2025-07-15 19:45:49,574 [omNode-1@group-C0483FFA3DBE-LeaderElection3] INFO  server.RaftServerConfigKeys (ConfUtils.java:logGet(62)) - raft.server.log.appender.buffer.byte-limit = 4194304 (custom)
2025-07-15 19:45:49,574 [omNode-1@group-C0483FFA3DBE-LeaderElection3] INFO  server.RaftServerConfigKeys (ConfUtils.java:logGet(62)) - raft.server.log.appender.buffer.element-limit = 1024 (custom)
2025-07-15 19:45:49,575 [omNode-1@group-C0483FFA3DBE-LeaderElection3] INFO  server.RaftServerConfigKeys (ConfUtils.java:logGet(62)) - raft.server.log.appender.wait-time.min = 0ms (custom)
2025-07-15 19:45:49,578 [omNode-1@group-C0483FFA3DBE-LeaderElection3] INFO  grpc.GrpcConfigKeys (ConfUtils.java:logGet(62)) - raft.grpc.server.leader.outstanding.appends.max = 8 (default)
2025-07-15 19:45:49,578 [omNode-1@group-C0483FFA3DBE-LeaderElection3] INFO  grpc.GrpcConfigKeys (ConfUtils.java:logGet(62)) - raft.grpc.server.install_snapshot.request.element-limit = 8 (default)
2025-07-15 19:45:49,578 [omNode-1@group-C0483FFA3DBE-LeaderElection3] INFO  grpc.GrpcConfigKeys (ConfUtils.java:logGet(62)) - raft.grpc.server.install_snapshot.request.timeout = 3000ms (default)
2025-07-15 19:45:49,579 [omNode-1@group-C0483FFA3DBE-LeaderElection3] INFO  grpc.GrpcConfigKeys (ConfUtils.java:logGet(62)) - raft.grpc.server.log-message.batch.duration = 5s (default)
2025-07-15 19:45:49,598 [omNode-1@group-C0483FFA3DBE-LeaderElection3] INFO  server.RaftServerConfigKeys (ConfUtils.java:logGet(62)) - raft.server.log.appender.buffer.byte-limit = 4194304 (custom)
2025-07-15 19:45:49,601 [omNode-1@group-C0483FFA3DBE-LeaderElection3] INFO  impl.RoleInfo (RoleInfo.java:updateAndGet(148)) - omNode-1: start omNode-1@group-C0483FFA3DBE-LeaderStateImpl
2025-07-15 19:45:49,601 [omNode-1@group-C0483FFA3DBE-LeaderElection3] INFO  server.RaftServer$Division (RaftServerImpl.java:setFirstElection(576)) - omNode-1@group-C0483FFA3DBE: set firstElectionSinceStartup to false for becomeLeader
2025-07-15 19:45:49,608 [omNode-1@group-C0483FFA3DBE-LeaderElection3] INFO  ratis.OzoneManagerStateMachine (OzoneManagerStateMachine.java:notifyLeaderChanged(174)) - omNode-1@group-C0483FFA3DBE: leader changed to omNode-1
2025-07-15 19:45:49,609 [omNode-1@group-C0483FFA3DBE-LeaderElection3] INFO  server.RaftServer$Division (ServerState.java:setLeader(272)) - omNode-1@group-C0483FFA3DBE: change Leader from null to omNode-1 at term 1 for becomeLeader, leader elected after 2740ms
2025-07-15 19:45:49,610 [omNode-1@group-C0483FFA3DBE-LeaderElection3] INFO  segmented.SegmentedRaftLogWorker (SegmentedRaftLogWorker.java:startLogSegment(440)) - omNode-1@group-C0483FFA3DBE-SegmentedRaftLogWorker: Starting segment from index:0
2025-07-15 19:45:49,610 [omNode-1@group-C0483FFA3DBE-LeaderElection3] INFO  server.RaftServer$Division (ServerState.java:setRaftConf(386)) - omNode-1@group-C0483FFA3DBE: set configuration conf: {index: 0, cur=peers:[omNode-3|localhost:15017, omNode-1|localhost:15009, omNode-2|localhost:15013]|listeners:[], old=null}
2025-07-15 19:45:49,612 [omNode-1@group-C0483FFA3DBE-SegmentedRaftLogWorker] INFO  segmented.BufferedWriteChannel (BufferedWriteChannel.java:open(61)) - open log_inprogress_0 at position 0
2025-07-15 19:45:49,622 [grpc-default-executor-1] WARN  server.GrpcLogAppender (LogUtils.java:warn(127)) - omNode-1@group-C0483FFA3DBE->omNode-3-AppendLogResponseHandler: Failed appendEntries: org.apache.ratis.thirdparty.io.grpc.StatusRuntimeException: UNAVAILABLE: io exception
  Caused by: org.apache.ratis.thirdparty.io.netty.channel.AbstractChannel$AnnotatedConnectException: connect(..) failed: Address family not supported by protocol: localhost/[0:0:0:0:0:0:0:1]:15017
  Caused by: java.net.ConnectException: connect(..) failed: Address family not supported by protocol
2025-07-15 19:45:49,623 [omNode-1@group-C0483FFA3DBE-SegmentedRaftLogWorker] INFO  segmented.SegmentedRaftLogWorker (SegmentedRaftLogWorker.java:execute(647)) - omNode-1@group-C0483FFA3DBE-SegmentedRaftLogWorker: created new log segment /home/runner/work/ozone/ozone/hadoop-ozone/integration-test/target/test-dir/MiniOzoneClusterImpl-0e8a6840-8092-433d-9bbe-2fd65d18bfc8/omNode-1/ratis/3bf88a72-722a-315e-b909-c0483ffa3dbe/current/log_inprogress_0
2025-07-15 19:45:49,640 [grpc-default-executor-2] INFO  ratis.OzoneManagerStateMachine (OzoneManagerStateMachine.java:notifyLeaderChanged(174)) - omNode-2@group-C0483FFA3DBE: leader changed to omNode-1
2025-07-15 19:45:49,640 [grpc-default-executor-2] INFO  server.RaftServer$Division (ServerState.java:setLeader(272)) - omNode-2@group-C0483FFA3DBE: change Leader from null to omNode-1 at term 1 for appendEntries, leader elected after 1195ms
2025-07-15 19:45:49,642 [grpc-default-executor-1] WARN  server.GrpcLogAppender (GrpcLogAppender.java:lambda$resetClient$1(228)) - omNode-1@group-C0483FFA3DBE->omNode-3-GrpcLogAppender: Follower failed (request=null, errorCount=1); keep nextIndex (0) unchanged and retry.
2025-07-15 19:45:49,649 [grpc-default-executor-1] WARN  server.GrpcLogAppender (GrpcLogAppender.java:lambda$resetClient$1(228)) - omNode-1@group-C0483FFA3DBE->omNode-3-GrpcLogAppender: Follower failed (request=null, errorCount=3); keep nextIndex (1) unchanged and retry.
2025-07-15 19:45:49,654 [grpc-default-executor-3] INFO  server.RaftServer$Division (ServerState.java:setRaftConf(386)) - omNode-2@group-C0483FFA3DBE: set configuration conf: {index: 0, cur=peers:[omNode-3|localhost:15017, omNode-1|localhost:15009, omNode-2|localhost:15013]|listeners:[], old=null}
2025-07-15 19:45:49,660 [grpc-default-executor-3] INFO  segmented.SegmentedRaftLogWorker (SegmentedRaftLogWorker.java:startLogSegment(440)) - omNode-2@group-C0483FFA3DBE-SegmentedRaftLogWorker: Starting segment from index:0
2025-07-15 19:45:49,662 [omNode-2@group-C0483FFA3DBE-SegmentedRaftLogWorker] INFO  segmented.BufferedWriteChannel (BufferedWriteChannel.java:open(61)) - open log_inprogress_0 at position 0
2025-07-15 19:45:49,672 [omNode-2@group-C0483FFA3DBE-SegmentedRaftLogWorker] INFO  segmented.SegmentedRaftLogWorker (SegmentedRaftLogWorker.java:execute(647)) - omNode-2@group-C0483FFA3DBE-SegmentedRaftLogWorker: created new log segment /home/runner/work/ozone/ozone/hadoop-ozone/integration-test/target/test-dir/MiniOzoneClusterImpl-0e8a6840-8092-433d-9bbe-2fd65d18bfc8/omNode-2/ratis/3bf88a72-722a-315e-b909-c0483ffa3dbe/current/log_inprogress_0
2025-07-15 19:45:49,678 [omNode-1@group-C0483FFA3DBE-StateMachineUpdater] INFO  ratis.OzoneManagerStateMachine (OzoneManagerStateMachine.java:notifyConfigurationChanged(236)) - notifyConfigurationChanged from Ratis: term=1, index=0, New Peer list: omNode-3(localhost:15017), omNode-1(localhost:15009), omNode-2(localhost:15013)
2025-07-15 19:45:49,678 [omNode-1@group-C0483FFA3DBE-StateMachineUpdater] INFO  server.RaftServer$Division (LeaderStateImpl.java:checkStartIndex(309)) - Leader omNode-1@group-C0483FFA3DBE-LeaderStateImpl is ready since appliedIndex == startIndex == 0
2025-07-15 19:45:49,842 [main] INFO  reflections.Reflections (Reflections.java:scan(219)) - Reflections took 509 ms to scan 24 urls, producing 60 keys and 7739 values
2025-07-15 19:45:49,843 [main] INFO  ipc.CallQueueManager (CallQueueManager.java:<init>(93)) - Using callQueue: class java.util.concurrent.LinkedBlockingQueue, queueCapacity: 2000, scheduler: class org.apache.hadoop.ipc.DefaultRpcScheduler, ipcBackoff: false, ipcFailOver: false.
2025-07-15 19:45:49,843 [main] INFO  ipc.Server (Server.java:<init>(1438)) - Listener at 127.0.0.1:15014
2025-07-15 19:45:49,844 [Socket Reader #1 for port 15014] INFO  ipc.Server (Server.java:run(1474)) - Starting Socket Reader #1 for port 15014
2025-07-15 19:45:49,844 [Socket Reader #2 for port 15014] INFO  ipc.Server (Server.java:run(1474)) - Starting Socket Reader #2 for port 15014
2025-07-15 19:45:49,845 [Socket Reader #3 for port 15014] INFO  ipc.Server (Server.java:run(1474)) - Starting Socket Reader #3 for port 15014
2025-07-15 19:45:49,845 [Socket Reader #4 for port 15014] INFO  ipc.Server (Server.java:run(1474)) - Starting Socket Reader #4 for port 15014
2025-07-15 19:45:49,845 [Socket Reader #5 for port 15014] INFO  ipc.Server (Server.java:run(1474)) - Starting Socket Reader #5 for port 15014
2025-07-15 19:45:49,845 [Socket Reader #6 for port 15014] INFO  ipc.Server (Server.java:run(1474)) - Starting Socket Reader #6 for port 15014
2025-07-15 19:45:49,845 [Socket Reader #7 for port 15014] INFO  ipc.Server (Server.java:run(1474)) - Starting Socket Reader #7 for port 15014
2025-07-15 19:45:49,846 [Socket Reader #8 for port 15014] INFO  ipc.Server (Server.java:run(1474)) - Starting Socket Reader #8 for port 15014
2025-07-15 19:45:49,846 [Socket Reader #9 for port 15014] INFO  ipc.Server (Server.java:run(1474)) - Starting Socket Reader #9 for port 15014
2025-07-15 19:45:49,846 [Socket Reader #10 for port 15014] INFO  ipc.Server (Server.java:run(1474)) - Starting Socket Reader #10 for port 15014
2025-07-15 19:45:49,863 [main] INFO  impl.MetricsSystemImpl (MetricsSystemImpl.java:init(158)) - OzoneManager metrics system started (again)
2025-07-15 19:45:49,877 [main] INFO  om.OzoneManager (OzoneManager.java:start(1820)) - OzoneManager RPC server is listening at localhost/127.0.0.1:15014
2025-07-15 19:45:49,878 [main] INFO  ratis.OzoneManagerRatisServer (OzoneManagerRatisServer.java:start(628)) - Starting OzoneManagerRatisServer omNode-3 at port 15017
2025-07-15 19:45:49,878 [omNode-3-impl-thread1] INFO  storage.RaftStorageDirectory (RaftStorageDirectoryImpl.java:analyzeStorage(138)) - The storage directory /home/runner/work/ozone/ozone/hadoop-ozone/integration-test/target/test-dir/MiniOzoneClusterImpl-0e8a6840-8092-433d-9bbe-2fd65d18bfc8/omNode-3/ratis/3bf88a72-722a-315e-b909-c0483ffa3dbe does not exist. Creating ...
2025-07-15 19:45:49,879 [omNode-3-impl-thread1] INFO  storage.RaftStorageDirectory (RaftStorageDirectoryImpl.java:tryLock(229)) - Lock on /home/runner/work/ozone/ozone/hadoop-ozone/integration-test/target/test-dir/MiniOzoneClusterImpl-0e8a6840-8092-433d-9bbe-2fd65d18bfc8/omNode-3/ratis/3bf88a72-722a-315e-b909-c0483ffa3dbe/in_use.lock acquired by nodename 53370@localhost
2025-07-15 19:45:49,880 [omNode-3-impl-thread1] INFO  storage.RaftStorage (RaftStorageImpl.java:format(98)) - Storage directory /home/runner/work/ozone/ozone/hadoop-ozone/integration-test/target/test-dir/MiniOzoneClusterImpl-0e8a6840-8092-433d-9bbe-2fd65d18bfc8/omNode-3/ratis/3bf88a72-722a-315e-b909-c0483ffa3dbe has been successfully formatted.
2025-07-15 19:45:49,881 [omNode-3-impl-thread1] INFO  ratis.OzoneManagerStateMachine (OzoneManagerStateMachine.java:lambda$0(138)) - omNode-3: initialize group-C0483FFA3DBE with <INITIAL_VALUE>
2025-07-15 19:45:49,881 [omNode-3-impl-thread1] INFO  server.RaftServerConfigKeys (ConfUtils.java:logGet(62)) - raft.server.log.appender.buffer.byte-limit = 4194304 (custom)
2025-07-15 19:45:49,883 [omNode-3-impl-thread1] INFO  server.RaftServerConfigKeys (ConfUtils.java:logGet(62)) - raft.server.log.segment.size.max = 4194304 (custom)
2025-07-15 19:45:49,884 [omNode-3-impl-thread1] INFO  server.RaftServerConfigKeys (ConfUtils.java:logGet(62)) - raft.server.log.appender.buffer.byte-limit = 4194304 (custom)
2025-07-15 19:45:49,884 [omNode-3-impl-thread1] INFO  util.AwaitToRun (AwaitToRun.java:start(81)) - Thread[#645,omNode-3@group-C0483FFA3DBE-cacheEviction-AwaitToRun,5,main] started
2025-07-15 19:45:49,884 [omNode-3-impl-thread1] INFO  segmented.SegmentedRaftLogWorker (SegmentedRaftLogWorker.java:<init>(190)) - new omNode-3@group-C0483FFA3DBE-SegmentedRaftLogWorker for RaftStorageImpl:Storage Directory /home/runner/work/ozone/ozone/hadoop-ozone/integration-test/target/test-dir/MiniOzoneClusterImpl-0e8a6840-8092-433d-9bbe-2fd65d18bfc8/omNode-3/ratis/3bf88a72-722a-315e-b909-c0483ffa3dbe
2025-07-15 19:45:49,884 [omNode-3-impl-thread1] INFO  server.RaftServerConfigKeys (ConfUtils.java:logGet(62)) - raft.server.log.segment.size.max = 4194304 (custom)
2025-07-15 19:45:49,884 [omNode-3-impl-thread1] INFO  server.RaftServerConfigKeys (ConfUtils.java:logGet(62)) - raft.server.log.preallocated.size = 4194304 (custom)
2025-07-15 19:45:49,885 [omNode-3-impl-thread1] INFO  server.RaftServerConfigKeys (ConfUtils.java:logGet(62)) - raft.server.log.write.buffer.size = 4194312 (custom)
2025-07-15 19:45:49,886 [omNode-3-impl-thread1] INFO  server.RaftServerConfigKeys (ConfUtils.java:logGet(62)) - raft.server.log.appender.buffer.byte-limit = 4194304 (custom)
2025-07-15 19:45:49,887 [omNode-3-impl-thread1] INFO  segmented.SegmentedRaftLogWorker (SegmentedRaftLogWorker.java:lambda$new$0(141)) - omNode-3@group-C0483FFA3DBE-SegmentedRaftLogWorker: flushIndex: setUnconditionally 0 -> -1
2025-07-15 19:45:49,887 [omNode-3-impl-thread1] INFO  segmented.SegmentedRaftLogWorker (SegmentedRaftLogWorker.java:lambda$new$0(141)) - omNode-3@group-C0483FFA3DBE-SegmentedRaftLogWorker: safeCacheEvictIndex: setUnconditionally 0 -> -1
2025-07-15 19:45:49,887 [omNode-3-impl-thread1] INFO  server.RaftServer$Division (RaftServerImpl.java:start(405)) - omNode-3@group-C0483FFA3DBE: start as a follower, conf=conf: {index: -1, cur=peers:[omNode-3|localhost:15017, omNode-1|localhost:15009, omNode-2|localhost:15013]|listeners:[], old=null}
2025-07-15 19:45:49,887 [omNode-3-impl-thread1] INFO  server.RaftServer$Division (RaftServerImpl.java:setRole(392)) - omNode-3@group-C0483FFA3DBE: changes role from      null to FOLLOWER at term 0 for startAsFollower
2025-07-15 19:45:49,887 [omNode-3-impl-thread1] INFO  impl.RoleInfo (RoleInfo.java:updateAndGet(148)) - omNode-3: start omNode-3@group-C0483FFA3DBE-FollowerState
2025-07-15 19:45:49,887 [omNode-3-impl-thread1] INFO  util.JmxRegister (JmxRegister.java:tryRegister(44)) - Successfully registered JMX Bean with object name Ratis:service=RaftServer,group=group-C0483FFA3DBE,id=omNode-3
2025-07-15 19:45:49,888 [omNode-3-impl-thread1] INFO  util.JmxRegister (JmxRegister.java:register(58)) - register mxBean class org.apache.ratis.server.impl.RaftServerJmxAdapter as Ratis:service=RaftServer,group=group-C0483FFA3DBE,id=omNode-3
2025-07-15 19:45:49,887 [omNode-3@group-C0483FFA3DBE-FollowerState] INFO  server.RaftServerConfigKeys (ConfUtils.java:logFallback(69)) - raft.server.rpc.first-election.timeout.min = 1s (fallback to raft.server.rpc.timeout.min)
2025-07-15 19:45:49,888 [omNode-3@group-C0483FFA3DBE-FollowerState] INFO  server.RaftServerConfigKeys (ConfUtils.java:logFallback(69)) - raft.server.rpc.first-election.timeout.max = 1200ms (fallback to raft.server.rpc.timeout.max)
2025-07-15 19:45:49,888 [omNode-3-impl-thread1] INFO  server.RaftServer$Division (RaftServerImpl.java:start(419)) - omNode-3@group-C0483FFA3DBE: Successfully started.
2025-07-15 19:45:49,888 [main] INFO  server.RaftServer (RaftServerProxy.java:startImpl(412)) - omNode-3: start RPC server
2025-07-15 19:45:49,889 [main] INFO  server.GrpcServicesImpl (GrpcServicesImpl.java:startImpl(346)) - omNode-3: GrpcServicesImpl started, listening on 15017
2025-07-15 19:45:49,889 [JvmPauseMonitor4] INFO  util.JvmPauseMonitor (JvmPauseMonitor.java:run(146)) - JvmPauseMonitor-omNode-3: Started
2025-07-15 19:45:49,890 [main] INFO  om.OzoneManager (OzoneManager.java:start(1835)) - Version File has different layout version (8) than OM DB (null). That is expected if this OM has never been finalized to a newer layout version.
2025-07-15 19:45:49,893 [main] INFO  client.ScmTopologyClient (ScmTopologyClient.java:start(70)) - Initial network topology fetched from SCM: /.
2025-07-15 19:45:49,893 [main] INFO  net.NodeSchemaLoader (NodeSchemaLoader.java:loadSchemaFromFile(128)) - Loading schema from [jar:file:/home/runner/work/ozone/ozone/hadoop-hdds/common/target/hdds-common-2.1.0-SNAPSHOT.jar!/network-topology-default.xml]
2025-07-15 19:45:49,893 [main] INFO  net.NodeSchemaLoader (NodeSchemaLoader.java:loadSchema(175)) - Loading network topology layer schema file
2025-07-15 19:45:49,896 [main] INFO  utils.BackgroundService (BackgroundService.java:start(118)) - Starting service KeyDeletingService with interval 1000 milliseconds
2025-07-15 19:45:49,897 [main] INFO  utils.BackgroundService (BackgroundService.java:start(118)) - Starting service DirectoryDeletingService with interval 120000 milliseconds
2025-07-15 19:45:49,897 [main] INFO  utils.BackgroundService (BackgroundService.java:start(118)) - Starting service OpenKeyCleanupService with interval 86400000 milliseconds
2025-07-15 19:45:49,897 [main] INFO  utils.BackgroundService (BackgroundService.java:start(118)) - Starting service SstFilteringService with interval 60000 milliseconds
2025-07-15 19:45:49,899 [main] INFO  utils.BackgroundService (BackgroundService.java:start(118)) - Starting service SnapshotDeletingService with interval 1000 milliseconds
2025-07-15 19:45:49,899 [main] INFO  utils.BackgroundService (BackgroundService.java:start(118)) - Starting service MultipartUploadCleanupService with interval 86400000 milliseconds
2025-07-15 19:45:49,900 [main] INFO  http.BaseHttpServer (BaseHttpServer.java:newHttpServer2BuilderForOzone(229)) - Starting Web-server for ozoneManager at: http://0.0.0.0:15015
2025-07-15 19:45:49,900 [main] INFO  http.BaseHttpServer (BaseHttpServer.java:<init>(107)) - Hadoop Security Enabled: false Ozone Security Enabled: false Ozone HTTP Security Enabled: false 
2025-07-15 19:45:49,902 [main] WARN  server.AuthenticationFilter (AuthenticationFilter.java:constructSecretProvider(240)) - Unable to initialize FileSignerSecretProvider, falling back to use random secrets. Reason: Could not read signature secret file: /home/runner/hadoop-http-auth-signature-secret
2025-07-15 19:45:49,904 [main] INFO  http.HttpServer2 (HttpServer2.java:addGlobalFilter(1042)) - Added global filter 'safety' (class=org.apache.hadoop.hdds.server.http.HttpServer2$QuotingInputFilter)
2025-07-15 19:45:49,905 [main] INFO  http.HttpServer2 (HttpServer2.java:addFilter(1018)) - Added filter static_user_filter (class=org.apache.hadoop.http.lib.StaticUserWebFilter$StaticUserFilter) to context ozoneManager
2025-07-15 19:45:49,905 [main] INFO  http.HttpServer2 (HttpServer2.java:addFilter(1026)) - Added filter static_user_filter (class=org.apache.hadoop.http.lib.StaticUserWebFilter$StaticUserFilter) to context logs
2025-07-15 19:45:49,906 [main] INFO  http.HttpServer2 (HttpServer2.java:addFilter(1026)) - Added filter static_user_filter (class=org.apache.hadoop.http.lib.StaticUserWebFilter$StaticUserFilter) to context static
2025-07-15 19:45:49,906 [main] INFO  http.BaseHttpServer (BaseHttpServer.java:<init>(195)) - HTTP server of ozoneManager uses base directory /home/runner/work/ozone/ozone/hadoop-ozone/integration-test/target/test-dir/MiniOzoneClusterImpl-0e8a6840-8092-433d-9bbe-2fd65d18bfc8/omNode-3/webserver
2025-07-15 19:45:49,907 [main] INFO  http.HttpServer2 (HttpServer2.java:bindListener(1242)) - Jetty bound to port 15015
2025-07-15 19:45:49,907 [main] INFO  server.Server (Server.java:doStart(375)) - jetty-9.4.57.v20241219; built: 2025-01-08T21:24:30.412Z; git: df524e6b29271c2e09ba9aea83c18dc9db464a31; jvm 21.0.7+6-LTS
2025-07-15 19:45:49,908 [main] INFO  server.session (DefaultSessionIdManager.java:doStart(334)) - DefaultSessionIdManager workerName=node0
2025-07-15 19:45:49,908 [main] INFO  server.session (DefaultSessionIdManager.java:doStart(339)) - No SessionScavenger set, using defaults
2025-07-15 19:45:49,908 [main] INFO  server.session (HouseKeeper.java:startScavenging(132)) - node0 Scavenging every 660000ms
2025-07-15 19:45:49,909 [main] INFO  handler.ContextHandler (ContextHandler.java:doStart(921)) - Started o.e.j.s.ServletContextHandler@461e3e5{logs,/logs,file:///home/runner/work/ozone/ozone/hadoop-ozone/integration-test/target/log,AVAILABLE}
2025-07-15 19:45:49,909 [main] INFO  handler.ContextHandler (ContextHandler.java:doStart(921)) - Started o.e.j.s.ServletContextHandler@6179761f{static,/static,file:///home/runner/work/ozone/ozone/hadoop-ozone/integration-test/target/test-classes/webapps/static,AVAILABLE}
2025-07-15 19:45:49,915 [main] INFO  handler.ContextHandler (ContextHandler.java:doStart(921)) - Started o.e.j.w.WebAppContext@185db22c{ozoneManager,/,file:///home/runner/work/ozone/ozone/hadoop-ozone/integration-test/target/test-classes/webapps/ozoneManager/,AVAILABLE}{file:/home/runner/work/ozone/ozone/hadoop-ozone/integration-test/target/test-classes/webapps/ozoneManager}
2025-07-15 19:45:49,916 [main] INFO  server.AbstractConnector (AbstractConnector.java:doStart(333)) - Started ServerConnector@7974d4d0{HTTP/1.1, (http/1.1)}{0.0.0.0:15015}
2025-07-15 19:45:49,916 [main] INFO  server.Server (Server.java:doStart(415)) - Started @13115ms
2025-07-15 19:45:49,916 [main] WARN  impl.MetricsSystemImpl (MetricsSystemImpl.java:register(279)) - Sink prometheus already exists!
2025-07-15 19:45:49,916 [main] INFO  http.BaseHttpServer (BaseHttpServer.java:updateConnectorAddress(359)) - HTTP server of ozoneManager listening at http://localhost:15015
2025-07-15 19:45:49,917 [IPC Server Responder] INFO  ipc.Server (Server.java:run(1713)) - IPC Server Responder: starting
2025-07-15 19:45:49,917 [IPC Server listener on 15014] INFO  ipc.Server (Server.java:run(1553)) - IPC Server listener on 15014: starting
2025-07-15 19:45:49,919 [main] INFO  om.OzoneManager (OzoneManager.java:startTrashEmptier(2290)) - Trash Interval set to 0. Files deleted won't move to trash
2025-07-15 19:45:49,920 [main] INFO  ozone.MiniOzoneHAClusterImpl (MiniOzoneHAClusterImpl.java:createOMService(517)) - Started OzoneManager omNode-3 RPC server at localhost/127.0.0.1:15014
2025-07-15 19:45:49,990 [main] WARN  dropwizard3.Dm3MetricRegistriesImpl (Dm3MetricRegistriesImpl.java:addReporterRegistration(114)) - New reporters are added after registries were created. Some metrics will be missing from the reporter. Please add reporter before adding any new registry.
2025-07-15 19:45:49,991 [main] WARN  dropwizard3.Dm3MetricRegistriesImpl (Dm3MetricRegistriesImpl.java:addReporterRegistration(114)) - New reporters are added after registries were created. Some metrics will be missing from the reporter. Please add reporter before adding any new registry.
2025-07-15 19:45:49,991 [main] INFO  impl.MetricsSystemImpl (MetricsSystemImpl.java:init(158)) - HddsDatanode metrics system started (again)
2025-07-15 19:45:50,015 [main] INFO  protocol.DatanodeDetails (DatanodeDetails.java:validateDatanodeIpAddress(199)) - Updating IP address of datanode 13038c2f-3ff3-450f-8cad-b0ed419b91b5(localhost/null) to 127.0.0.1
2025-07-15 19:45:50,016 [main] INFO  ozone.HddsDatanodeService (HddsDatanodeService.java:start(236)) - HddsDatanodeService 13038c2f-3ff3-450f-8cad-b0ed419b91b5(localhost/127.0.0.1)
2025-07-15 19:45:50,020 [main] INFO  upgrade.AbstractLayoutVersionManager (AbstractLayoutVersionManager.java:init(80)) - Initializing Layout version manager with metadata layout = HBASE_SUPPORT (version = 8), software layout = HBASE_SUPPORT (version = 8)
2025-07-15 19:45:50,022 [main] INFO  statemachine.DatanodeStateMachine (DatanodeStateMachine.java:getEndPointTaskThreadPoolSize(305)) - Datanode State Machine Task Thread Pool size 2
2025-07-15 19:45:50,069 [main] INFO  volume.HddsVolume (HddsVolume.java:<init>(162)) - HddsVolume: { id=DS-87dbe7bf-9612-48c5-8543-00162ddd8e33 dir=/home/runner/work/ozone/ozone/hadoop-ozone/integration-test/target/test-dir/MiniOzoneClusterImpl-0e8a6840-8092-433d-9bbe-2fd65d18bfc8/ozone-meta/datanode-1/data-0/hdds type=DISK capacity=9222449699674390527 used=0 available=9222449699674390527 minFree=9222450130714624 committed=0 }
2025-07-15 19:45:50,069 [main] INFO  volume.MutableVolumeSet (MutableVolumeSet.java:initializeVolumeSet(167)) - Added Volume : /home/runner/work/ozone/ozone/hadoop-ozone/integration-test/target/test-dir/MiniOzoneClusterImpl-0e8a6840-8092-433d-9bbe-2fd65d18bfc8/ozone-meta/datanode-1/data-0/hdds to VolumeSet
2025-07-15 19:45:50,073 [main] INFO  volume.MutableVolumeSet (MutableVolumeSet.java:initializeVolumeSet(167)) - Added Volume : /home/runner/work/ozone/ozone/hadoop-ozone/integration-test/target/test-dir/MiniOzoneClusterImpl-0e8a6840-8092-433d-9bbe-2fd65d18bfc8/ozone-meta/datanode-1/ratis to VolumeSet
2025-07-15 19:45:50,077 [main] INFO  ozoneimpl.OzoneContainer (HddsVolumeUtil.java:loadAllHddsVolumeDbStore(102)) - Load 1 volumes DbStore cost: 1ms
2025-07-15 19:45:50,079 [main] WARN  db.DBStoreBuilder (DBStoreBuilder.java:getDBDirPath(158)) - ozone.scm.datanode.id.dir is not configured. We recommend adding this setting. Falling back to ozone.metadata.dirs instead.
2025-07-15 19:45:50,083 [main] WARN  db.DBStoreBuilder (DBStoreBuilder.java:getDBDirPath(158)) - ozone.scm.datanode.id.dir is not configured. We recommend adding this setting. Falling back to ozone.metadata.dirs instead.
2025-07-15 19:45:50,123 [main] INFO  impl.FilePerChunkStrategy (FilePerChunkStrategy.java:<init>(79)) - ozone.chunk.read.mapped.buffer.max.count is load with 0
2025-07-15 19:45:50,125 [main] INFO  impl.FilePerBlockStrategy (FilePerBlockStrategy.java:<init>(88)) - ozone.chunk.read.mapped.buffer.max.count is load with 0
2025-07-15 19:45:50,160 [main] INFO  audit.AuditLogger (AuditLogger.java:refreshDebugCmdSet(133)) - Refresh DebugCmdSet for DNAudit to [].
2025-07-15 19:45:50,175 [main] INFO  server.RaftServerConfigKeys (ConfUtils.java:logGet(62)) - raft.server.log.appender.buffer.byte-limit = 33554432 (custom)
2025-07-15 19:45:50,181 [omNode-2@group-C0483FFA3DBE-StateMachineUpdater] INFO  ratis.OzoneManagerStateMachine (OzoneManagerStateMachine.java:notifyConfigurationChanged(236)) - notifyConfigurationChanged from Ratis: term=1, index=0, New Peer list: omNode-3(localhost:15017), omNode-1(localhost:15009), omNode-2(localhost:15013)
2025-07-15 19:45:50,190 [main] INFO  grpc.GrpcConfigKeys (ConfUtils.java:logFallback(69)) - raft.grpc.admin.host = null (fallback to raft.grpc.server.host)
2025-07-15 19:45:50,191 [main] INFO  grpc.GrpcConfigKeys (ConfUtils.java:logGet(62)) - raft.grpc.admin.port = 15022 (custom)
2025-07-15 19:45:50,191 [main] INFO  grpc.GrpcConfigKeys (ConfUtils.java:logFallback(69)) - raft.grpc.client.host = null (fallback to raft.grpc.server.host)
2025-07-15 19:45:50,191 [main] INFO  grpc.GrpcConfigKeys (ConfUtils.java:logGet(62)) - raft.grpc.client.port = 15021 (custom)
2025-07-15 19:45:50,191 [main] INFO  grpc.GrpcConfigKeys (ConfUtils.java:logGet(62)) - raft.grpc.server.port = 15023 (custom)
2025-07-15 19:45:50,191 [main] INFO  server.GrpcServicesImpl (ConfUtils.java:logGet(62)) - raft.grpc.message.size.max = 34603008 (custom)
2025-07-15 19:45:50,191 [main] INFO  server.GrpcServicesImpl (ConfUtils.java:logGet(62)) - raft.grpc.flow.control.window = 5MB (=5242880) (custom)
2025-07-15 19:45:50,191 [main] INFO  server.RaftServerConfigKeys (ConfUtils.java:logGet(62)) - raft.server.rpc.request.timeout = 60s (custom)
2025-07-15 19:45:50,191 [main] INFO  server.RaftServerConfigKeys (ConfUtils.java:logGet(62)) - raft.server.log.appender.buffer.byte-limit = 33554432 (custom)
2025-07-15 19:45:50,193 [main] INFO  impl.DataStreamServerImpl (ConfUtils.java:logGet(62)) - raft.datastream.type = NETTY (custom)
2025-07-15 19:45:50,202 [main] INFO  server.RaftServerConfigKeys (ConfUtils.java:logGet(62)) - raft.server.data-stream.async.request.thread.pool.cached = false (default)
2025-07-15 19:45:50,203 [main] INFO  server.RaftServerConfigKeys (ConfUtils.java:logGet(62)) - raft.server.data-stream.async.request.thread.pool.size = 20 (custom)
2025-07-15 19:45:50,203 [main] INFO  server.RaftServerConfigKeys (ConfUtils.java:logGet(62)) - raft.server.data-stream.async.write.thread.pool.size = 16 (default)
2025-07-15 19:45:50,205 [main] INFO  netty.NettyConfigKeys$DataStream (ConfUtils.java:logGet(62)) - raft.netty.dataStream.server.channel.inactive.grace-period = 10min (default)
2025-07-15 19:45:50,205 [main] INFO  server.RaftServerConfigKeys (ConfUtils.java:logGet(62)) - raft.server.data-stream.client.pool.size = 10 (default)
2025-07-15 19:45:50,207 [main] INFO  netty.NettyConfigKeys$DataStream (ConfUtils.java:logGet(62)) - raft.netty.dataStream.server.use-epoll = true (default)
2025-07-15 19:45:50,207 [main] INFO  netty.NettyConfigKeys$DataStream (ConfUtils.java:logGet(62)) - raft.netty.dataStream.server.boss-group.size = 0 (default)
2025-07-15 19:45:50,208 [main] INFO  netty.NettyUtils (NettyUtils.java:newEventLoopGroup(74)) - Create EpollEventLoopGroup for 13038c2f-3ff3-450f-8cad-b0ed419b91b5-NettyServerStreamRpc-bossGroup; Thread size is 0.
2025-07-15 19:45:50,208 [main] INFO  netty.NettyConfigKeys$DataStream (ConfUtils.java:logGet(62)) - raft.netty.dataStream.server.worker-group.size = 0 (default)
2025-07-15 19:45:50,208 [main] INFO  netty.NettyUtils (NettyUtils.java:newEventLoopGroup(74)) - Create EpollEventLoopGroup for 13038c2f-3ff3-450f-8cad-b0ed419b91b5-NettyServerStreamRpc-workerGroup; Thread size is 0.
2025-07-15 19:45:50,210 [main] INFO  netty.NettyConfigKeys$DataStream (ConfUtils.java:logGet(62)) - raft.netty.dataStream.port = 15024 (custom)
2025-07-15 19:45:50,213 [main] INFO  server.RaftServerConfigKeys (ConfUtils.java:logGet(62)) - raft.server.storage.dir = [/home/runner/work/ozone/ozone/hadoop-ozone/integration-test/target/test-dir/MiniOzoneClusterImpl-0e8a6840-8092-433d-9bbe-2fd65d18bfc8/ozone-meta/datanode-1/ratis] (custom)
2025-07-15 19:45:50,216 [13038c2f-3ff3-450f-8cad-b0ed419b91b5-impl-thread1] INFO  server.RaftServer (RaftServerProxy.java:initGroupDir(270)) - 13038c2f-3ff3-450f-8cad-b0ed419b91b5: found a subdirectory /home/runner/work/ozone/ozone/hadoop-ozone/integration-test/target/test-dir/MiniOzoneClusterImpl-0e8a6840-8092-433d-9bbe-2fd65d18bfc8/ozone-meta/datanode-1/ratis/tmp
2025-07-15 19:45:50,216 [13038c2f-3ff3-450f-8cad-b0ed419b91b5-impl-thread1] INFO  server.RaftServer (RaftServerProxy.java:initGroupDir(275)) - 13038c2f-3ff3-450f-8cad-b0ed419b91b5: The directory /home/runner/work/ozone/ozone/hadoop-ozone/integration-test/target/test-dir/MiniOzoneClusterImpl-0e8a6840-8092-433d-9bbe-2fd65d18bfc8/ozone-meta/datanode-1/ratis/tmp is not a group directory; ignoring it. 
2025-07-15 19:45:50,219 [main] INFO  replication.ReplicationServer (ReplicationServer.java:<init>(84)) - Initializing replication server with thread count = 10 queue length = 4096
2025-07-15 19:45:50,224 [13038c2f-3ff3-450f-8cad-b0ed419b91b5-NettyServerStreamRpc-bossGroup--thread1] INFO  logging.LoggingHandler (AbstractInternalLogger.java:log(148)) - [id: 0xe614881a] REGISTERED
2025-07-15 19:45:50,224 [13038c2f-3ff3-450f-8cad-b0ed419b91b5-NettyServerStreamRpc-bossGroup--thread1] INFO  logging.LoggingHandler (AbstractInternalLogger.java:log(148)) - [id: 0xe614881a] BIND: 0.0.0.0/0.0.0.0:15024
2025-07-15 19:45:50,225 [13038c2f-3ff3-450f-8cad-b0ed419b91b5-NettyServerStreamRpc-bossGroup--thread1] INFO  logging.LoggingHandler (AbstractInternalLogger.java:log(148)) - [id: 0xe614881a, L:/0.0.0.0:15024] ACTIVE
2025-07-15 19:45:50,240 [main] INFO  server.XceiverServerGrpc (XceiverServerGrpc.java:<init>(130)) - GrpcServer channel type EpollServerSocketChannel
2025-07-15 19:45:50,268 [main] INFO  replication.ReplicationSupervisor (ReplicationSupervisor.java:build(169)) - Initializing replication supervisor with thread count = 10
2025-07-15 19:45:50,270 [main] INFO  replication.ReplicationSupervisor (ReplicationSupervisor.java:nodeStateUpdated(358)) - Node state updated to IN_SERVICE, scaling executor pool size to 10
2025-07-15 19:45:50,290 [main] INFO  lib.Interns (Interns.java:removeEldestEntry(50)) - Metrics intern cache overflow at 2011 for MetricsSystem={MetricsSystem=MetricsInfoImpl{name=MetricsSystem, description=MetricsSystem}, MetricsSystem record=MetricsInfoImpl{name=MetricsSystem, description=MetricsSystem record}}
2025-07-15 19:45:50,317 [main] INFO  http.BaseHttpServer (BaseHttpServer.java:newHttpServer2BuilderForOzone(229)) - Starting Web-server for hddsDatanode at: http://0.0.0.0:15018
2025-07-15 19:45:50,318 [main] INFO  http.BaseHttpServer (BaseHttpServer.java:<init>(107)) - Hadoop Security Enabled: false Ozone Security Enabled: false Ozone HTTP Security Enabled: false 
2025-07-15 19:45:50,320 [main] WARN  server.AuthenticationFilter (AuthenticationFilter.java:constructSecretProvider(240)) - Unable to initialize FileSignerSecretProvider, falling back to use random secrets. Reason: Could not read signature secret file: /home/runner/hadoop-http-auth-signature-secret
2025-07-15 19:45:50,322 [main] INFO  http.HttpServer2 (HttpServer2.java:addGlobalFilter(1042)) - Added global filter 'safety' (class=org.apache.hadoop.hdds.server.http.HttpServer2$QuotingInputFilter)
2025-07-15 19:45:50,323 [main] INFO  http.HttpServer2 (HttpServer2.java:addFilter(1018)) - Added filter static_user_filter (class=org.apache.hadoop.http.lib.StaticUserWebFilter$StaticUserFilter) to context hddsDatanode
2025-07-15 19:45:50,323 [main] INFO  http.HttpServer2 (HttpServer2.java:addFilter(1026)) - Added filter static_user_filter (class=org.apache.hadoop.http.lib.StaticUserWebFilter$StaticUserFilter) to context static
2025-07-15 19:45:50,323 [main] INFO  http.HttpServer2 (HttpServer2.java:addFilter(1026)) - Added filter static_user_filter (class=org.apache.hadoop.http.lib.StaticUserWebFilter$StaticUserFilter) to context logs
2025-07-15 19:45:50,324 [main] INFO  http.BaseHttpServer (BaseHttpServer.java:<init>(195)) - HTTP server of hddsDatanode uses base directory /home/runner/work/ozone/ozone/hadoop-ozone/integration-test/target/test-dir/MiniOzoneClusterImpl-0e8a6840-8092-433d-9bbe-2fd65d18bfc8/ozone-meta/datanode-1/meta/webserver
2025-07-15 19:45:50,325 [main] INFO  http.HttpServer2 (HttpServer2.java:bindListener(1242)) - Jetty bound to port 15018
2025-07-15 19:45:50,325 [main] INFO  server.Server (Server.java:doStart(375)) - jetty-9.4.57.v20241219; built: 2025-01-08T21:24:30.412Z; git: df524e6b29271c2e09ba9aea83c18dc9db464a31; jvm 21.0.7+6-LTS
2025-07-15 19:45:50,327 [main] INFO  server.session (DefaultSessionIdManager.java:doStart(334)) - DefaultSessionIdManager workerName=node0
2025-07-15 19:45:50,327 [main] INFO  server.session (DefaultSessionIdManager.java:doStart(339)) - No SessionScavenger set, using defaults
2025-07-15 19:45:50,327 [main] INFO  server.session (HouseKeeper.java:startScavenging(132)) - node0 Scavenging every 600000ms
2025-07-15 19:45:50,328 [main] INFO  handler.ContextHandler (ContextHandler.java:doStart(921)) - Started o.e.j.s.ServletContextHandler@2b9b61f4{logs,/logs,file:///home/runner/work/ozone/ozone/hadoop-ozone/integration-test/target/log,AVAILABLE}
2025-07-15 19:45:50,329 [main] INFO  handler.ContextHandler (ContextHandler.java:doStart(921)) - Started o.e.j.s.ServletContextHandler@346ee7b6{static,/static,jar:file:/home/runner/work/ozone/ozone/hadoop-hdds/container-service/target/hdds-container-service-2.1.0-SNAPSHOT.jar!/webapps/static,AVAILABLE}
2025-07-15 19:45:50,397 [grpc-default-executor-2] INFO  server.RaftServer$Division (RaftServerImpl.java:setFirstElection(576)) - omNode-3@group-C0483FFA3DBE: set firstElectionSinceStartup to false for appendEntries
2025-07-15 19:45:50,398 [grpc-default-executor-2] INFO  ratis.OzoneManagerStateMachine (OzoneManagerStateMachine.java:notifyLeaderChanged(174)) - omNode-3@group-C0483FFA3DBE: leader changed to omNode-1
2025-07-15 19:45:50,398 [grpc-default-executor-2] INFO  server.RaftServer$Division (ServerState.java:setLeader(272)) - omNode-3@group-C0483FFA3DBE: change Leader from null to omNode-1 at term 1 for appendEntries, leader elected after 1063ms
2025-07-15 19:45:50,398 [grpc-default-executor-2] INFO  server.RaftServer$Division (RaftServerImpl.java:checkInconsistentAppendEntries(1673)) - omNode-3@group-C0483FFA3DBE: Failed appendEntries as previous log entry ((t:1, i:0)) is not found
2025-07-15 19:45:50,399 [grpc-default-executor-2] INFO  server.RaftServer$Division (RaftServerImpl.java:appendEntriesAsync(1594)) - omNode-3@group-C0483FFA3DBE: appendEntries* reply omNode-1<-omNode-3#1146:FAIL-t0,INCONSISTENCY,nextIndex=0,followerCommit=-1,matchIndex=-1
2025-07-15 19:45:50,404 [grpc-default-executor-2] WARN  server.GrpcLogAppender (GrpcLogAppender.java:lambda$onNextImpl$0(527)) - omNode-1@group-C0483FFA3DBE->omNode-3-AppendLogResponseHandler: received INCONSISTENCY reply with nextIndex 0, errorCount=9, request=AppendEntriesRequest:cid=1146,entriesCount=0 
2025-07-15 19:45:50,405 [grpc-default-executor-2] INFO  leader.FollowerInfo (FollowerInfoImpl.java:info(70)) - omNode-1@group-C0483FFA3DBE->omNode-3: setNextIndex nextIndex: updateUnconditionally 1 -> 0
2025-07-15 19:45:50,408 [grpc-default-executor-2] INFO  server.RaftServer$Division (ServerState.java:setRaftConf(386)) - omNode-3@group-C0483FFA3DBE: set configuration conf: {index: 0, cur=peers:[omNode-3|localhost:15017, omNode-1|localhost:15009, omNode-2|localhost:15013]|listeners:[], old=null}
2025-07-15 19:45:50,409 [grpc-default-executor-2] INFO  segmented.SegmentedRaftLogWorker (SegmentedRaftLogWorker.java:startLogSegment(440)) - omNode-3@group-C0483FFA3DBE-SegmentedRaftLogWorker: Starting segment from index:0
2025-07-15 19:45:50,409 [omNode-3@group-C0483FFA3DBE-SegmentedRaftLogWorker] INFO  segmented.BufferedWriteChannel (BufferedWriteChannel.java:open(61)) - open log_inprogress_0 at position 0
2025-07-15 19:45:50,421 [omNode-3@group-C0483FFA3DBE-SegmentedRaftLogWorker] INFO  segmented.SegmentedRaftLogWorker (SegmentedRaftLogWorker.java:execute(647)) - omNode-3@group-C0483FFA3DBE-SegmentedRaftLogWorker: created new log segment /home/runner/work/ozone/ozone/hadoop-ozone/integration-test/target/test-dir/MiniOzoneClusterImpl-0e8a6840-8092-433d-9bbe-2fd65d18bfc8/omNode-3/ratis/3bf88a72-722a-315e-b909-c0483ffa3dbe/current/log_inprogress_0
2025-07-15 19:45:50,428 [omNode-3@group-C0483FFA3DBE-StateMachineUpdater] INFO  ratis.OzoneManagerStateMachine (OzoneManagerStateMachine.java:notifyConfigurationChanged(236)) - notifyConfigurationChanged from Ratis: term=1, index=0, New Peer list: omNode-3(localhost:15017), omNode-1(localhost:15009), omNode-2(localhost:15013)
2025-07-15 19:45:50,510 [main] INFO  handler.ContextHandler (ContextHandler.java:doStart(921)) - Started o.e.j.w.WebAppContext@3064a6ad{hddsDatanode,/,file:///home/runner/work/ozone/ozone/hadoop-ozone/integration-test/target/test-dir/MiniOzoneClusterImpl-0e8a6840-8092-433d-9bbe-2fd65d18bfc8/ozone-meta/datanode-1/meta/webserver/jetty-0_0_0_0-15018-hdds-container-service-2_1_0-SNAPSHOT_jar-_-any-13622200376499145447/webapp/,AVAILABLE}{jar:file:/home/runner/work/ozone/ozone/hadoop-hdds/container-service/target/hdds-container-service-2.1.0-SNAPSHOT.jar!/webapps/hddsDatanode}
2025-07-15 19:45:50,511 [main] INFO  server.AbstractConnector (AbstractConnector.java:doStart(333)) - Started ServerConnector@269e214{HTTP/1.1, (http/1.1)}{0.0.0.0:15018}
2025-07-15 19:45:50,512 [main] INFO  server.Server (Server.java:doStart(415)) - Started @13710ms
2025-07-15 19:45:50,512 [main] WARN  impl.MetricsSystemImpl (MetricsSystemImpl.java:register(279)) - Sink prometheus already exists!
2025-07-15 19:45:50,512 [main] INFO  http.BaseHttpServer (BaseHttpServer.java:updateConnectorAddress(359)) - HTTP server of hddsDatanode listening at http://localhost:15018
2025-07-15 19:45:50,516 [main] INFO  ipc.CallQueueManager (CallQueueManager.java:<init>(93)) - Using callQueue: class java.util.concurrent.LinkedBlockingQueue, queueCapacity: 1000, scheduler: class org.apache.hadoop.ipc.DefaultRpcScheduler, ipcBackoff: false, ipcFailOver: false.
2025-07-15 19:45:50,516 [main] INFO  ipc.Server (Server.java:<init>(1438)) - Listener at 0.0.0.0:15019
2025-07-15 19:45:50,517 [Socket Reader #2 for port 15019] INFO  ipc.Server (Server.java:run(1474)) - Starting Socket Reader #2 for port 15019
2025-07-15 19:45:50,517 [Socket Reader #3 for port 15019] INFO  ipc.Server (Server.java:run(1474)) - Starting Socket Reader #3 for port 15019
2025-07-15 19:45:50,517 [Socket Reader #1 for port 15019] INFO  ipc.Server (Server.java:run(1474)) - Starting Socket Reader #1 for port 15019
2025-07-15 19:45:50,517 [Socket Reader #4 for port 15019] INFO  ipc.Server (Server.java:run(1474)) - Starting Socket Reader #4 for port 15019
2025-07-15 19:45:50,518 [Socket Reader #5 for port 15019] INFO  ipc.Server (Server.java:run(1474)) - Starting Socket Reader #5 for port 15019
2025-07-15 19:45:50,518 [Socket Reader #6 for port 15019] INFO  ipc.Server (Server.java:run(1474)) - Starting Socket Reader #6 for port 15019
2025-07-15 19:45:50,518 [Socket Reader #7 for port 15019] INFO  ipc.Server (Server.java:run(1474)) - Starting Socket Reader #7 for port 15019
2025-07-15 19:45:50,518 [Socket Reader #8 for port 15019] INFO  ipc.Server (Server.java:run(1474)) - Starting Socket Reader #8 for port 15019
2025-07-15 19:45:50,519 [Socket Reader #9 for port 15019] INFO  ipc.Server (Server.java:run(1474)) - Starting Socket Reader #9 for port 15019
2025-07-15 19:45:50,519 [Socket Reader #10 for port 15019] INFO  ipc.Server (Server.java:run(1474)) - Starting Socket Reader #10 for port 15019
2025-07-15 19:45:50,522 [main] INFO  ozone.HddsDatanodeService (HddsDatanodeService.java:start(333)) - Datanode start with admins: [admin, runner]
2025-07-15 19:45:50,522 [main] INFO  ozone.HddsDatanodeClientProtocolServer (HddsDatanodeClientProtocolServer.java:start(76)) - RPC server for Client /0.0.0.0:15019
2025-07-15 19:45:50,522 [IPC Server Responder] INFO  ipc.Server (Server.java:run(1713)) - IPC Server Responder: starting
2025-07-15 19:45:50,523 [IPC Server listener on 15019] INFO  ipc.Server (Server.java:run(1553)) - IPC Server listener on 15019: starting
2025-07-15 19:45:50,526 [main] WARN  dropwizard3.Dm3MetricRegistriesImpl (Dm3MetricRegistriesImpl.java:addReporterRegistration(114)) - New reporters are added after registries were created. Some metrics will be missing from the reporter. Please add reporter before adding any new registry.
2025-07-15 19:45:50,526 [main] WARN  dropwizard3.Dm3MetricRegistriesImpl (Dm3MetricRegistriesImpl.java:addReporterRegistration(114)) - New reporters are added after registries were created. Some metrics will be missing from the reporter. Please add reporter before adding any new registry.
2025-07-15 19:45:50,526 [main] INFO  impl.MetricsSystemImpl (MetricsSystemImpl.java:init(158)) - HddsDatanode metrics system started (again)
2025-07-15 19:45:50,536 [13038c2f-3ff3-450f-8cad-b0ed419b91b5-DatanodeStateMachineDaemonThread] INFO  statemachine.DatanodeStateMachine (DatanodeStateMachine.java:startStateMachineThread(347)) - Ozone container server started.
2025-07-15 19:45:50,548 [main] INFO  protocol.DatanodeDetails (DatanodeDetails.java:validateDatanodeIpAddress(199)) - Updating IP address of datanode fe9e34e2-462c-4770-837c-ac5869922ef8(localhost/null) to 127.0.0.1
2025-07-15 19:45:50,548 [main] INFO  ozone.HddsDatanodeService (HddsDatanodeService.java:start(236)) - HddsDatanodeService fe9e34e2-462c-4770-837c-ac5869922ef8(localhost/127.0.0.1)
2025-07-15 19:45:50,552 [main] INFO  upgrade.AbstractLayoutVersionManager (AbstractLayoutVersionManager.java:init(80)) - Initializing Layout version manager with metadata layout = HBASE_SUPPORT (version = 8), software layout = HBASE_SUPPORT (version = 8)
2025-07-15 19:45:50,554 [main] INFO  statemachine.DatanodeStateMachine (DatanodeStateMachine.java:getEndPointTaskThreadPoolSize(305)) - Datanode State Machine Task Thread Pool size 2
2025-07-15 19:45:50,561 [main] INFO  volume.HddsVolume (HddsVolume.java:<init>(162)) - HddsVolume: { id=DS-d42066e8-6788-4be6-9a9a-50359161fb5b dir=/home/runner/work/ozone/ozone/hadoop-ozone/integration-test/target/test-dir/MiniOzoneClusterImpl-0e8a6840-8092-433d-9bbe-2fd65d18bfc8/ozone-meta/datanode-2/data-0/hdds type=DISK capacity=9222449699674390527 used=0 available=9222449699674390527 minFree=9222450130714624 committed=0 }
2025-07-15 19:45:50,561 [main] INFO  volume.MutableVolumeSet (MutableVolumeSet.java:initializeVolumeSet(167)) - Added Volume : /home/runner/work/ozone/ozone/hadoop-ozone/integration-test/target/test-dir/MiniOzoneClusterImpl-0e8a6840-8092-433d-9bbe-2fd65d18bfc8/ozone-meta/datanode-2/data-0/hdds to VolumeSet
2025-07-15 19:45:50,564 [main] INFO  volume.MutableVolumeSet (MutableVolumeSet.java:initializeVolumeSet(167)) - Added Volume : /home/runner/work/ozone/ozone/hadoop-ozone/integration-test/target/test-dir/MiniOzoneClusterImpl-0e8a6840-8092-433d-9bbe-2fd65d18bfc8/ozone-meta/datanode-2/ratis to VolumeSet
2025-07-15 19:45:50,566 [main] INFO  ozoneimpl.OzoneContainer (HddsVolumeUtil.java:loadAllHddsVolumeDbStore(102)) - Load 1 volumes DbStore cost: 0ms
2025-07-15 19:45:50,566 [main] WARN  db.DBStoreBuilder (DBStoreBuilder.java:getDBDirPath(158)) - ozone.scm.datanode.id.dir is not configured. We recommend adding this setting. Falling back to ozone.metadata.dirs instead.
2025-07-15 19:45:50,568 [main] WARN  db.DBStoreBuilder (DBStoreBuilder.java:getDBDirPath(158)) - ozone.scm.datanode.id.dir is not configured. We recommend adding this setting. Falling back to ozone.metadata.dirs instead.
2025-07-15 19:45:50,587 [main] INFO  impl.FilePerChunkStrategy (FilePerChunkStrategy.java:<init>(79)) - ozone.chunk.read.mapped.buffer.max.count is load with 0
2025-07-15 19:45:50,588 [main] INFO  impl.FilePerBlockStrategy (FilePerBlockStrategy.java:<init>(88)) - ozone.chunk.read.mapped.buffer.max.count is load with 0
2025-07-15 19:45:50,590 [main] INFO  server.RaftServerConfigKeys (ConfUtils.java:logGet(62)) - raft.server.log.appender.buffer.byte-limit = 33554432 (custom)
2025-07-15 19:45:50,593 [main] INFO  grpc.GrpcConfigKeys (ConfUtils.java:logFallback(69)) - raft.grpc.admin.host = null (fallback to raft.grpc.server.host)
2025-07-15 19:45:50,593 [main] INFO  grpc.GrpcConfigKeys (ConfUtils.java:logGet(62)) - raft.grpc.admin.port = 15030 (custom)
2025-07-15 19:45:50,593 [main] INFO  grpc.GrpcConfigKeys (ConfUtils.java:logFallback(69)) - raft.grpc.client.host = null (fallback to raft.grpc.server.host)
2025-07-15 19:45:50,594 [main] INFO  grpc.GrpcConfigKeys (ConfUtils.java:logGet(62)) - raft.grpc.client.port = 15029 (custom)
2025-07-15 19:45:50,594 [main] INFO  grpc.GrpcConfigKeys (ConfUtils.java:logGet(62)) - raft.grpc.server.port = 15031 (custom)
2025-07-15 19:45:50,594 [main] INFO  server.GrpcServicesImpl (ConfUtils.java:logGet(62)) - raft.grpc.message.size.max = 34603008 (custom)
2025-07-15 19:45:50,594 [main] INFO  server.GrpcServicesImpl (ConfUtils.java:logGet(62)) - raft.grpc.flow.control.window = 5MB (=5242880) (custom)
2025-07-15 19:45:50,594 [main] INFO  server.RaftServerConfigKeys (ConfUtils.java:logGet(62)) - raft.server.log.appender.buffer.byte-limit = 33554432 (custom)
2025-07-15 19:45:50,596 [main] INFO  netty.NettyUtils (NettyUtils.java:newEventLoopGroup(74)) - Create EpollEventLoopGroup for fe9e34e2-462c-4770-837c-ac5869922ef8-NettyServerStreamRpc-bossGroup; Thread size is 0.
2025-07-15 19:45:50,597 [main] INFO  netty.NettyUtils (NettyUtils.java:newEventLoopGroup(74)) - Create EpollEventLoopGroup for fe9e34e2-462c-4770-837c-ac5869922ef8-NettyServerStreamRpc-workerGroup; Thread size is 0.
2025-07-15 19:45:50,597 [main] INFO  netty.NettyConfigKeys$DataStream (ConfUtils.java:logGet(62)) - raft.netty.dataStream.port = 15032 (custom)
2025-07-15 19:45:50,598 [main] INFO  server.RaftServerConfigKeys (ConfUtils.java:logGet(62)) - raft.server.storage.dir = [/home/runner/work/ozone/ozone/hadoop-ozone/integration-test/target/test-dir/MiniOzoneClusterImpl-0e8a6840-8092-433d-9bbe-2fd65d18bfc8/ozone-meta/datanode-2/ratis] (custom)
2025-07-15 19:45:50,598 [fe9e34e2-462c-4770-837c-ac5869922ef8-NettyServerStreamRpc-bossGroup--thread1] INFO  logging.LoggingHandler (AbstractInternalLogger.java:log(148)) - [id: 0xc630ddf9] REGISTERED
2025-07-15 19:45:50,598 [fe9e34e2-462c-4770-837c-ac5869922ef8-NettyServerStreamRpc-bossGroup--thread1] INFO  logging.LoggingHandler (AbstractInternalLogger.java:log(148)) - [id: 0xc630ddf9] BIND: 0.0.0.0/0.0.0.0:15032
2025-07-15 19:45:50,599 [fe9e34e2-462c-4770-837c-ac5869922ef8-NettyServerStreamRpc-bossGroup--thread1] INFO  logging.LoggingHandler (AbstractInternalLogger.java:log(148)) - [id: 0xc630ddf9, L:/0.0.0.0:15032] ACTIVE
2025-07-15 19:45:50,598 [fe9e34e2-462c-4770-837c-ac5869922ef8-impl-thread1] INFO  server.RaftServer (RaftServerProxy.java:initGroupDir(270)) - fe9e34e2-462c-4770-837c-ac5869922ef8: found a subdirectory /home/runner/work/ozone/ozone/hadoop-ozone/integration-test/target/test-dir/MiniOzoneClusterImpl-0e8a6840-8092-433d-9bbe-2fd65d18bfc8/ozone-meta/datanode-2/ratis/tmp
2025-07-15 19:45:50,599 [fe9e34e2-462c-4770-837c-ac5869922ef8-impl-thread1] INFO  server.RaftServer (RaftServerProxy.java:initGroupDir(275)) - fe9e34e2-462c-4770-837c-ac5869922ef8: The directory /home/runner/work/ozone/ozone/hadoop-ozone/integration-test/target/test-dir/MiniOzoneClusterImpl-0e8a6840-8092-433d-9bbe-2fd65d18bfc8/ozone-meta/datanode-2/ratis/tmp is not a group directory; ignoring it. 
2025-07-15 19:45:50,599 [main] INFO  replication.ReplicationServer (ReplicationServer.java:<init>(84)) - Initializing replication server with thread count = 10 queue length = 4096
2025-07-15 19:45:50,601 [main] INFO  server.XceiverServerGrpc (XceiverServerGrpc.java:<init>(130)) - GrpcServer channel type EpollServerSocketChannel
2025-07-15 19:45:50,605 [main] INFO  replication.ReplicationSupervisor (ReplicationSupervisor.java:build(169)) - Initializing replication supervisor with thread count = 10
2025-07-15 19:45:50,605 [main] INFO  replication.ReplicationSupervisor (ReplicationSupervisor.java:nodeStateUpdated(358)) - Node state updated to IN_SERVICE, scaling executor pool size to 10
2025-07-15 19:45:50,607 [13038c2f-3ff3-450f-8cad-b0ed419b91b5-DatanodeStateMachineTaskThread-0] INFO  datanode.InitDatanodeState (InitDatanodeState.java:persistContainerDatanodeDetails(139)) - DatanodeDetails is persisted to /home/runner/work/ozone/ozone/hadoop-ozone/integration-test/target/test-dir/MiniOzoneClusterImpl-0e8a6840-8092-433d-9bbe-2fd65d18bfc8/ozone-meta/datanode-1/meta/datanode.id
2025-07-15 19:45:50,610 [main] INFO  http.BaseHttpServer (BaseHttpServer.java:newHttpServer2BuilderForOzone(229)) - Starting Web-server for hddsDatanode at: http://0.0.0.0:15026
2025-07-15 19:45:50,610 [main] INFO  http.BaseHttpServer (BaseHttpServer.java:<init>(107)) - Hadoop Security Enabled: false Ozone Security Enabled: false Ozone HTTP Security Enabled: false 
2025-07-15 19:45:50,612 [main] WARN  server.AuthenticationFilter (AuthenticationFilter.java:constructSecretProvider(240)) - Unable to initialize FileSignerSecretProvider, falling back to use random secrets. Reason: Could not read signature secret file: /home/runner/hadoop-http-auth-signature-secret
2025-07-15 19:45:50,615 [main] INFO  http.HttpServer2 (HttpServer2.java:addGlobalFilter(1042)) - Added global filter 'safety' (class=org.apache.hadoop.hdds.server.http.HttpServer2$QuotingInputFilter)
2025-07-15 19:45:50,616 [main] INFO  http.HttpServer2 (HttpServer2.java:addFilter(1018)) - Added filter static_user_filter (class=org.apache.hadoop.http.lib.StaticUserWebFilter$StaticUserFilter) to context hddsDatanode
2025-07-15 19:45:50,616 [main] INFO  http.HttpServer2 (HttpServer2.java:addFilter(1026)) - Added filter static_user_filter (class=org.apache.hadoop.http.lib.StaticUserWebFilter$StaticUserFilter) to context logs
2025-07-15 19:45:50,616 [main] INFO  http.HttpServer2 (HttpServer2.java:addFilter(1026)) - Added filter static_user_filter (class=org.apache.hadoop.http.lib.StaticUserWebFilter$StaticUserFilter) to context static
2025-07-15 19:45:50,617 [main] INFO  http.BaseHttpServer (BaseHttpServer.java:<init>(195)) - HTTP server of hddsDatanode uses base directory /home/runner/work/ozone/ozone/hadoop-ozone/integration-test/target/test-dir/MiniOzoneClusterImpl-0e8a6840-8092-433d-9bbe-2fd65d18bfc8/ozone-meta/datanode-2/meta/webserver
2025-07-15 19:45:50,617 [main] INFO  http.HttpServer2 (HttpServer2.java:bindListener(1242)) - Jetty bound to port 15026
2025-07-15 19:45:50,617 [main] INFO  server.Server (Server.java:doStart(375)) - jetty-9.4.57.v20241219; built: 2025-01-08T21:24:30.412Z; git: df524e6b29271c2e09ba9aea83c18dc9db464a31; jvm 21.0.7+6-LTS
2025-07-15 19:45:50,618 [main] INFO  server.session (DefaultSessionIdManager.java:doStart(334)) - DefaultSessionIdManager workerName=node0
2025-07-15 19:45:50,618 [main] INFO  server.session (DefaultSessionIdManager.java:doStart(339)) - No SessionScavenger set, using defaults
2025-07-15 19:45:50,619 [main] INFO  server.session (HouseKeeper.java:startScavenging(132)) - node0 Scavenging every 600000ms
2025-07-15 19:45:50,619 [main] INFO  handler.ContextHandler (ContextHandler.java:doStart(921)) - Started o.e.j.s.ServletContextHandler@618e424f{logs,/logs,file:///home/runner/work/ozone/ozone/hadoop-ozone/integration-test/target/log,AVAILABLE}
2025-07-15 19:45:50,620 [main] INFO  handler.ContextHandler (ContextHandler.java:doStart(921)) - Started o.e.j.s.ServletContextHandler@15ba8456{static,/static,jar:file:/home/runner/work/ozone/ozone/hadoop-hdds/container-service/target/hdds-container-service-2.1.0-SNAPSHOT.jar!/webapps/static,AVAILABLE}
2025-07-15 19:45:50,764 [main] INFO  handler.ContextHandler (ContextHandler.java:doStart(921)) - Started o.e.j.w.WebAppContext@1a52608f{hddsDatanode,/,file:///home/runner/work/ozone/ozone/hadoop-ozone/integration-test/target/test-dir/MiniOzoneClusterImpl-0e8a6840-8092-433d-9bbe-2fd65d18bfc8/ozone-meta/datanode-2/meta/webserver/jetty-0_0_0_0-15026-hdds-container-service-2_1_0-SNAPSHOT_jar-_-any-16339472834069241610/webapp/,AVAILABLE}{jar:file:/home/runner/work/ozone/ozone/hadoop-hdds/container-service/target/hdds-container-service-2.1.0-SNAPSHOT.jar!/webapps/hddsDatanode}
2025-07-15 19:45:50,764 [main] INFO  server.AbstractConnector (AbstractConnector.java:doStart(333)) - Started ServerConnector@52c66f5{HTTP/1.1, (http/1.1)}{0.0.0.0:15026}
2025-07-15 19:45:50,764 [main] INFO  server.Server (Server.java:doStart(415)) - Started @13963ms
2025-07-15 19:45:50,765 [main] WARN  impl.MetricsSystemImpl (MetricsSystemImpl.java:register(279)) - Sink prometheus already exists!
2025-07-15 19:45:50,765 [main] INFO  http.BaseHttpServer (BaseHttpServer.java:updateConnectorAddress(359)) - HTTP server of hddsDatanode listening at http://localhost:15026
2025-07-15 19:45:50,765 [main] INFO  ipc.CallQueueManager (CallQueueManager.java:<init>(93)) - Using callQueue: class java.util.concurrent.LinkedBlockingQueue, queueCapacity: 1000, scheduler: class org.apache.hadoop.ipc.DefaultRpcScheduler, ipcBackoff: false, ipcFailOver: false.
2025-07-15 19:45:50,765 [main] INFO  ipc.Server (Server.java:<init>(1438)) - Listener at 0.0.0.0:15027
2025-07-15 19:45:50,766 [Socket Reader #1 for port 15027] INFO  ipc.Server (Server.java:run(1474)) - Starting Socket Reader #1 for port 15027
2025-07-15 19:45:50,766 [Socket Reader #2 for port 15027] INFO  ipc.Server (Server.java:run(1474)) - Starting Socket Reader #2 for port 15027
2025-07-15 19:45:50,766 [Socket Reader #3 for port 15027] INFO  ipc.Server (Server.java:run(1474)) - Starting Socket Reader #3 for port 15027
2025-07-15 19:45:50,766 [Socket Reader #4 for port 15027] INFO  ipc.Server (Server.java:run(1474)) - Starting Socket Reader #4 for port 15027
2025-07-15 19:45:50,766 [Socket Reader #5 for port 15027] INFO  ipc.Server (Server.java:run(1474)) - Starting Socket Reader #5 for port 15027
2025-07-15 19:45:50,767 [Socket Reader #6 for port 15027] INFO  ipc.Server (Server.java:run(1474)) - Starting Socket Reader #6 for port 15027
2025-07-15 19:45:50,767 [Socket Reader #7 for port 15027] INFO  ipc.Server (Server.java:run(1474)) - Starting Socket Reader #7 for port 15027
2025-07-15 19:45:50,767 [Socket Reader #8 for port 15027] INFO  ipc.Server (Server.java:run(1474)) - Starting Socket Reader #8 for port 15027
2025-07-15 19:45:50,767 [Socket Reader #9 for port 15027] INFO  ipc.Server (Server.java:run(1474)) - Starting Socket Reader #9 for port 15027
2025-07-15 19:45:50,767 [Socket Reader #10 for port 15027] INFO  ipc.Server (Server.java:run(1474)) - Starting Socket Reader #10 for port 15027
2025-07-15 19:45:50,769 [main] INFO  ozone.HddsDatanodeService (HddsDatanodeService.java:start(333)) - Datanode start with admins: [admin, runner]
2025-07-15 19:45:50,769 [main] INFO  ozone.HddsDatanodeClientProtocolServer (HddsDatanodeClientProtocolServer.java:start(76)) - RPC server for Client /0.0.0.0:15027
2025-07-15 19:45:50,769 [IPC Server Responder] INFO  ipc.Server (Server.java:run(1713)) - IPC Server Responder: starting
2025-07-15 19:45:50,770 [IPC Server listener on 15027] INFO  ipc.Server (Server.java:run(1553)) - IPC Server listener on 15027: starting
2025-07-15 19:45:50,771 [main] WARN  dropwizard3.Dm3MetricRegistriesImpl (Dm3MetricRegistriesImpl.java:addReporterRegistration(114)) - New reporters are added after registries were created. Some metrics will be missing from the reporter. Please add reporter before adding any new registry.
2025-07-15 19:45:50,771 [main] WARN  dropwizard3.Dm3MetricRegistriesImpl (Dm3MetricRegistriesImpl.java:addReporterRegistration(114)) - New reporters are added after registries were created. Some metrics will be missing from the reporter. Please add reporter before adding any new registry.
2025-07-15 19:45:50,771 [main] INFO  impl.MetricsSystemImpl (MetricsSystemImpl.java:init(158)) - HddsDatanode metrics system started (again)
2025-07-15 19:45:50,772 [fe9e34e2-462c-4770-837c-ac5869922ef8-DatanodeStateMachineDaemonThread] INFO  statemachine.DatanodeStateMachine (DatanodeStateMachine.java:startStateMachineThread(347)) - Ozone container server started.
2025-07-15 19:45:50,776 [fe9e34e2-462c-4770-837c-ac5869922ef8-DatanodeStateMachineTaskThread-0] INFO  datanode.InitDatanodeState (InitDatanodeState.java:persistContainerDatanodeDetails(139)) - DatanodeDetails is persisted to /home/runner/work/ozone/ozone/hadoop-ozone/integration-test/target/test-dir/MiniOzoneClusterImpl-0e8a6840-8092-433d-9bbe-2fd65d18bfc8/ozone-meta/datanode-2/meta/datanode.id
2025-07-15 19:45:50,787 [main] INFO  protocol.DatanodeDetails (DatanodeDetails.java:validateDatanodeIpAddress(199)) - Updating IP address of datanode 740e7591-da3d-4d6e-90a9-0f86ad91887d(localhost/null) to 127.0.0.1
2025-07-15 19:45:50,787 [main] INFO  ozone.HddsDatanodeService (HddsDatanodeService.java:start(236)) - HddsDatanodeService 740e7591-da3d-4d6e-90a9-0f86ad91887d(localhost/127.0.0.1)
2025-07-15 19:45:50,789 [main] INFO  upgrade.AbstractLayoutVersionManager (AbstractLayoutVersionManager.java:init(80)) - Initializing Layout version manager with metadata layout = HBASE_SUPPORT (version = 8), software layout = HBASE_SUPPORT (version = 8)
2025-07-15 19:45:50,790 [main] INFO  statemachine.DatanodeStateMachine (DatanodeStateMachine.java:getEndPointTaskThreadPoolSize(305)) - Datanode State Machine Task Thread Pool size 2
2025-07-15 19:45:50,793 [main] INFO  volume.HddsVolume (HddsVolume.java:<init>(162)) - HddsVolume: { id=DS-6a0b7bf7-d3dc-4cae-a0e6-3b22d41e388b dir=/home/runner/work/ozone/ozone/hadoop-ozone/integration-test/target/test-dir/MiniOzoneClusterImpl-0e8a6840-8092-433d-9bbe-2fd65d18bfc8/ozone-meta/datanode-3/data-0/hdds type=DISK capacity=9222449699674390527 used=0 available=9222449699674390527 minFree=9222450130714624 committed=0 }
2025-07-15 19:45:50,793 [main] INFO  volume.MutableVolumeSet (MutableVolumeSet.java:initializeVolumeSet(167)) - Added Volume : /home/runner/work/ozone/ozone/hadoop-ozone/integration-test/target/test-dir/MiniOzoneClusterImpl-0e8a6840-8092-433d-9bbe-2fd65d18bfc8/ozone-meta/datanode-3/data-0/hdds to VolumeSet
2025-07-15 19:45:50,794 [main] INFO  volume.MutableVolumeSet (MutableVolumeSet.java:initializeVolumeSet(167)) - Added Volume : /home/runner/work/ozone/ozone/hadoop-ozone/integration-test/target/test-dir/MiniOzoneClusterImpl-0e8a6840-8092-433d-9bbe-2fd65d18bfc8/ozone-meta/datanode-3/ratis to VolumeSet
2025-07-15 19:45:50,794 [main] INFO  ozoneimpl.OzoneContainer (HddsVolumeUtil.java:loadAllHddsVolumeDbStore(102)) - Load 1 volumes DbStore cost: 0ms
2025-07-15 19:45:50,795 [main] WARN  db.DBStoreBuilder (DBStoreBuilder.java:getDBDirPath(158)) - ozone.scm.datanode.id.dir is not configured. We recommend adding this setting. Falling back to ozone.metadata.dirs instead.
2025-07-15 19:45:50,796 [main] WARN  db.DBStoreBuilder (DBStoreBuilder.java:getDBDirPath(158)) - ozone.scm.datanode.id.dir is not configured. We recommend adding this setting. Falling back to ozone.metadata.dirs instead.
2025-07-15 19:45:50,809 [main] INFO  impl.FilePerChunkStrategy (FilePerChunkStrategy.java:<init>(79)) - ozone.chunk.read.mapped.buffer.max.count is load with 0
2025-07-15 19:45:50,809 [main] INFO  impl.FilePerBlockStrategy (FilePerBlockStrategy.java:<init>(88)) - ozone.chunk.read.mapped.buffer.max.count is load with 0
2025-07-15 19:45:50,810 [main] INFO  server.RaftServerConfigKeys (ConfUtils.java:logGet(62)) - raft.server.log.appender.buffer.byte-limit = 33554432 (custom)
2025-07-15 19:45:50,812 [main] INFO  grpc.GrpcConfigKeys (ConfUtils.java:logFallback(69)) - raft.grpc.admin.host = null (fallback to raft.grpc.server.host)
2025-07-15 19:45:50,812 [main] INFO  grpc.GrpcConfigKeys (ConfUtils.java:logGet(62)) - raft.grpc.admin.port = 15038 (custom)
2025-07-15 19:45:50,812 [main] INFO  grpc.GrpcConfigKeys (ConfUtils.java:logFallback(69)) - raft.grpc.client.host = null (fallback to raft.grpc.server.host)
2025-07-15 19:45:50,812 [main] INFO  grpc.GrpcConfigKeys (ConfUtils.java:logGet(62)) - raft.grpc.client.port = 15037 (custom)
2025-07-15 19:45:50,813 [main] INFO  grpc.GrpcConfigKeys (ConfUtils.java:logGet(62)) - raft.grpc.server.port = 15039 (custom)
2025-07-15 19:45:50,813 [main] INFO  server.GrpcServicesImpl (ConfUtils.java:logGet(62)) - raft.grpc.message.size.max = 34603008 (custom)
2025-07-15 19:45:50,813 [main] INFO  server.GrpcServicesImpl (ConfUtils.java:logGet(62)) - raft.grpc.flow.control.window = 5MB (=5242880) (custom)
2025-07-15 19:45:50,813 [main] INFO  server.RaftServerConfigKeys (ConfUtils.java:logGet(62)) - raft.server.log.appender.buffer.byte-limit = 33554432 (custom)
2025-07-15 19:45:50,815 [main] INFO  netty.NettyUtils (NettyUtils.java:newEventLoopGroup(74)) - Create EpollEventLoopGroup for 740e7591-da3d-4d6e-90a9-0f86ad91887d-NettyServerStreamRpc-bossGroup; Thread size is 0.
2025-07-15 19:45:50,815 [main] INFO  netty.NettyUtils (NettyUtils.java:newEventLoopGroup(74)) - Create EpollEventLoopGroup for 740e7591-da3d-4d6e-90a9-0f86ad91887d-NettyServerStreamRpc-workerGroup; Thread size is 0.
2025-07-15 19:45:50,816 [main] INFO  netty.NettyConfigKeys$DataStream (ConfUtils.java:logGet(62)) - raft.netty.dataStream.port = 15040 (custom)
2025-07-15 19:45:50,816 [main] INFO  server.RaftServerConfigKeys (ConfUtils.java:logGet(62)) - raft.server.storage.dir = [/home/runner/work/ozone/ozone/hadoop-ozone/integration-test/target/test-dir/MiniOzoneClusterImpl-0e8a6840-8092-433d-9bbe-2fd65d18bfc8/ozone-meta/datanode-3/ratis] (custom)
2025-07-15 19:45:50,817 [740e7591-da3d-4d6e-90a9-0f86ad91887d-NettyServerStreamRpc-bossGroup--thread1] INFO  logging.LoggingHandler (AbstractInternalLogger.java:log(148)) - [id: 0x95a60e0c] REGISTERED
2025-07-15 19:45:50,817 [740e7591-da3d-4d6e-90a9-0f86ad91887d-NettyServerStreamRpc-bossGroup--thread1] INFO  logging.LoggingHandler (AbstractInternalLogger.java:log(148)) - [id: 0x95a60e0c] BIND: 0.0.0.0/0.0.0.0:15040
2025-07-15 19:45:50,817 [740e7591-da3d-4d6e-90a9-0f86ad91887d-impl-thread1] INFO  server.RaftServer (RaftServerProxy.java:initGroupDir(270)) - 740e7591-da3d-4d6e-90a9-0f86ad91887d: found a subdirectory /home/runner/work/ozone/ozone/hadoop-ozone/integration-test/target/test-dir/MiniOzoneClusterImpl-0e8a6840-8092-433d-9bbe-2fd65d18bfc8/ozone-meta/datanode-3/ratis/tmp
2025-07-15 19:45:50,817 [740e7591-da3d-4d6e-90a9-0f86ad91887d-NettyServerStreamRpc-bossGroup--thread1] INFO  logging.LoggingHandler (AbstractInternalLogger.java:log(148)) - [id: 0x95a60e0c, L:/0.0.0.0:15040] ACTIVE
2025-07-15 19:45:50,817 [740e7591-da3d-4d6e-90a9-0f86ad91887d-impl-thread1] INFO  server.RaftServer (RaftServerProxy.java:initGroupDir(275)) - 740e7591-da3d-4d6e-90a9-0f86ad91887d: The directory /home/runner/work/ozone/ozone/hadoop-ozone/integration-test/target/test-dir/MiniOzoneClusterImpl-0e8a6840-8092-433d-9bbe-2fd65d18bfc8/ozone-meta/datanode-3/ratis/tmp is not a group directory; ignoring it. 
2025-07-15 19:45:50,817 [main] INFO  replication.ReplicationServer (ReplicationServer.java:<init>(84)) - Initializing replication server with thread count = 10 queue length = 4096
2025-07-15 19:45:50,819 [main] INFO  server.XceiverServerGrpc (XceiverServerGrpc.java:<init>(130)) - GrpcServer channel type EpollServerSocketChannel
2025-07-15 19:45:50,820 [main] INFO  replication.ReplicationSupervisor (ReplicationSupervisor.java:build(169)) - Initializing replication supervisor with thread count = 10
2025-07-15 19:45:50,821 [main] INFO  replication.ReplicationSupervisor (ReplicationSupervisor.java:nodeStateUpdated(358)) - Node state updated to IN_SERVICE, scaling executor pool size to 10
2025-07-15 19:45:50,823 [main] INFO  http.BaseHttpServer (BaseHttpServer.java:newHttpServer2BuilderForOzone(229)) - Starting Web-server for hddsDatanode at: http://0.0.0.0:15034
2025-07-15 19:45:50,824 [main] INFO  http.BaseHttpServer (BaseHttpServer.java:<init>(107)) - Hadoop Security Enabled: false Ozone Security Enabled: false Ozone HTTP Security Enabled: false 
2025-07-15 19:45:50,825 [main] WARN  server.AuthenticationFilter (AuthenticationFilter.java:constructSecretProvider(240)) - Unable to initialize FileSignerSecretProvider, falling back to use random secrets. Reason: Could not read signature secret file: /home/runner/hadoop-http-auth-signature-secret
2025-07-15 19:45:50,827 [main] INFO  http.HttpServer2 (HttpServer2.java:addGlobalFilter(1042)) - Added global filter 'safety' (class=org.apache.hadoop.hdds.server.http.HttpServer2$QuotingInputFilter)
2025-07-15 19:45:50,828 [main] INFO  http.HttpServer2 (HttpServer2.java:addFilter(1018)) - Added filter static_user_filter (class=org.apache.hadoop.http.lib.StaticUserWebFilter$StaticUserFilter) to context hddsDatanode
2025-07-15 19:45:50,829 [main] INFO  http.HttpServer2 (HttpServer2.java:addFilter(1026)) - Added filter static_user_filter (class=org.apache.hadoop.http.lib.StaticUserWebFilter$StaticUserFilter) to context logs
2025-07-15 19:45:50,829 [main] INFO  http.HttpServer2 (HttpServer2.java:addFilter(1026)) - Added filter static_user_filter (class=org.apache.hadoop.http.lib.StaticUserWebFilter$StaticUserFilter) to context static
2025-07-15 19:45:50,829 [main] INFO  http.BaseHttpServer (BaseHttpServer.java:<init>(195)) - HTTP server of hddsDatanode uses base directory /home/runner/work/ozone/ozone/hadoop-ozone/integration-test/target/test-dir/MiniOzoneClusterImpl-0e8a6840-8092-433d-9bbe-2fd65d18bfc8/ozone-meta/datanode-3/meta/webserver
2025-07-15 19:45:50,830 [main] INFO  http.HttpServer2 (HttpServer2.java:bindListener(1242)) - Jetty bound to port 15034
2025-07-15 19:45:50,830 [main] INFO  server.Server (Server.java:doStart(375)) - jetty-9.4.57.v20241219; built: 2025-01-08T21:24:30.412Z; git: df524e6b29271c2e09ba9aea83c18dc9db464a31; jvm 21.0.7+6-LTS
2025-07-15 19:45:50,831 [main] INFO  server.session (DefaultSessionIdManager.java:doStart(334)) - DefaultSessionIdManager workerName=node0
2025-07-15 19:45:50,831 [main] INFO  server.session (DefaultSessionIdManager.java:doStart(339)) - No SessionScavenger set, using defaults
2025-07-15 19:45:50,831 [main] INFO  server.session (HouseKeeper.java:startScavenging(132)) - node0 Scavenging every 600000ms
2025-07-15 19:45:50,832 [main] INFO  handler.ContextHandler (ContextHandler.java:doStart(921)) - Started o.e.j.s.ServletContextHandler@201822d7{logs,/logs,file:///home/runner/work/ozone/ozone/hadoop-ozone/integration-test/target/log,AVAILABLE}
2025-07-15 19:45:50,833 [main] INFO  handler.ContextHandler (ContextHandler.java:doStart(921)) - Started o.e.j.s.ServletContextHandler@2ffa1f25{static,/static,jar:file:/home/runner/work/ozone/ozone/hadoop-hdds/container-service/target/hdds-container-service-2.1.0-SNAPSHOT.jar!/webapps/static,AVAILABLE}
2025-07-15 19:45:50,986 [main] INFO  handler.ContextHandler (ContextHandler.java:doStart(921)) - Started o.e.j.w.WebAppContext@53e23286{hddsDatanode,/,file:///home/runner/work/ozone/ozone/hadoop-ozone/integration-test/target/test-dir/MiniOzoneClusterImpl-0e8a6840-8092-433d-9bbe-2fd65d18bfc8/ozone-meta/datanode-3/meta/webserver/jetty-0_0_0_0-15034-hdds-container-service-2_1_0-SNAPSHOT_jar-_-any-14001557275780093649/webapp/,AVAILABLE}{jar:file:/home/runner/work/ozone/ozone/hadoop-hdds/container-service/target/hdds-container-service-2.1.0-SNAPSHOT.jar!/webapps/hddsDatanode}
2025-07-15 19:45:50,986 [main] INFO  server.AbstractConnector (AbstractConnector.java:doStart(333)) - Started ServerConnector@6a12316c{HTTP/1.1, (http/1.1)}{0.0.0.0:15034}
2025-07-15 19:45:50,987 [main] INFO  server.Server (Server.java:doStart(415)) - Started @14185ms
2025-07-15 19:45:50,987 [main] WARN  impl.MetricsSystemImpl (MetricsSystemImpl.java:register(279)) - Sink prometheus already exists!
2025-07-15 19:45:50,987 [main] INFO  http.BaseHttpServer (BaseHttpServer.java:updateConnectorAddress(359)) - HTTP server of hddsDatanode listening at http://localhost:15034
2025-07-15 19:45:50,987 [main] INFO  ipc.CallQueueManager (CallQueueManager.java:<init>(93)) - Using callQueue: class java.util.concurrent.LinkedBlockingQueue, queueCapacity: 1000, scheduler: class org.apache.hadoop.ipc.DefaultRpcScheduler, ipcBackoff: false, ipcFailOver: false.
2025-07-15 19:45:50,988 [main] INFO  ipc.Server (Server.java:<init>(1438)) - Listener at 0.0.0.0:15035
2025-07-15 19:45:50,988 [Socket Reader #1 for port 15035] INFO  ipc.Server (Server.java:run(1474)) - Starting Socket Reader #1 for port 15035
2025-07-15 19:45:50,988 [Socket Reader #2 for port 15035] INFO  ipc.Server (Server.java:run(1474)) - Starting Socket Reader #2 for port 15035
2025-07-15 19:45:50,989 [Socket Reader #3 for port 15035] INFO  ipc.Server (Server.java:run(1474)) - Starting Socket Reader #3 for port 15035
2025-07-15 19:45:50,989 [Socket Reader #4 for port 15035] INFO  ipc.Server (Server.java:run(1474)) - Starting Socket Reader #4 for port 15035
2025-07-15 19:45:50,989 [Socket Reader #5 for port 15035] INFO  ipc.Server (Server.java:run(1474)) - Starting Socket Reader #5 for port 15035
2025-07-15 19:45:50,989 [Socket Reader #6 for port 15035] INFO  ipc.Server (Server.java:run(1474)) - Starting Socket Reader #6 for port 15035
2025-07-15 19:45:50,989 [Socket Reader #7 for port 15035] INFO  ipc.Server (Server.java:run(1474)) - Starting Socket Reader #7 for port 15035
2025-07-15 19:45:50,989 [Socket Reader #8 for port 15035] INFO  ipc.Server (Server.java:run(1474)) - Starting Socket Reader #8 for port 15035
2025-07-15 19:45:50,990 [Socket Reader #9 for port 15035] INFO  ipc.Server (Server.java:run(1474)) - Starting Socket Reader #9 for port 15035
2025-07-15 19:45:50,990 [Socket Reader #10 for port 15035] INFO  ipc.Server (Server.java:run(1474)) - Starting Socket Reader #10 for port 15035
2025-07-15 19:45:50,992 [main] INFO  ozone.HddsDatanodeService (HddsDatanodeService.java:start(333)) - Datanode start with admins: [admin, runner]
2025-07-15 19:45:50,992 [main] INFO  ozone.HddsDatanodeClientProtocolServer (HddsDatanodeClientProtocolServer.java:start(76)) - RPC server for Client /0.0.0.0:15035
2025-07-15 19:45:50,992 [IPC Server Responder] INFO  ipc.Server (Server.java:run(1713)) - IPC Server Responder: starting
2025-07-15 19:45:50,992 [IPC Server listener on 15035] INFO  ipc.Server (Server.java:run(1553)) - IPC Server listener on 15035: starting
2025-07-15 19:45:50,995 [740e7591-da3d-4d6e-90a9-0f86ad91887d-DatanodeStateMachineDaemonThread] INFO  statemachine.DatanodeStateMachine (DatanodeStateMachine.java:startStateMachineThread(347)) - Ozone container server started.
2025-07-15 19:45:50,998 [main] INFO  ozone.MiniOzoneClusterImpl (MiniOzoneClusterImpl.java:lambda$waitForClusterToBeReady$0(173)) - Waiting for nodes to be ready. Got 0 of 3 DN Heartbeats.
2025-07-15 19:45:50,998 [main] INFO  ozone.MiniOzoneClusterImpl (MiniOzoneClusterImpl.java:lambda$waitForClusterToBeReady$0(176)) - Waiting for cluster to exit safe mode
2025-07-15 19:45:50,998 [main] INFO  ozone.MiniOzoneClusterImpl (MiniOzoneClusterImpl.java:lambda$waitForClusterToBeReady$0(178)) - SCM became leader
2025-07-15 19:45:50,999 [740e7591-da3d-4d6e-90a9-0f86ad91887d-DatanodeStateMachineTaskThread-0] INFO  datanode.InitDatanodeState (InitDatanodeState.java:persistContainerDatanodeDetails(139)) - DatanodeDetails is persisted to /home/runner/work/ozone/ozone/hadoop-ozone/integration-test/target/test-dir/MiniOzoneClusterImpl-0e8a6840-8092-433d-9bbe-2fd65d18bfc8/ozone-meta/datanode-3/meta/datanode.id
2025-07-15 19:45:51,114 [13038c2f-3ff3-450f-8cad-b0ed419b91b5-EndpointStateMachineTaskThread-/0.0.0.0:15002-0 ] INFO  utils.DatanodeStoreCache (DatanodeStoreCache.java:addDB(70)) - Added db /home/runner/work/ozone/ozone/hadoop-ozone/integration-test/target/test-dir/MiniOzoneClusterImpl-0e8a6840-8092-433d-9bbe-2fd65d18bfc8/ozone-meta/datanode-1/data-0/hdds/0e8a6840-8092-433d-9bbe-2fd65d18bfc8/DS-24a86cf6-060e-40a0-8d18-53ea57817cfa/container.db to cache
2025-07-15 19:45:51,114 [13038c2f-3ff3-450f-8cad-b0ed419b91b5-EndpointStateMachineTaskThread-/0.0.0.0:15002-0 ] INFO  volume.HddsVolume (HddsVolume.java:createDbStore(575)) - SchemaV3 db is created and loaded at /home/runner/work/ozone/ozone/hadoop-ozone/integration-test/target/test-dir/MiniOzoneClusterImpl-0e8a6840-8092-433d-9bbe-2fd65d18bfc8/ozone-meta/datanode-1/data-0/hdds/0e8a6840-8092-433d-9bbe-2fd65d18bfc8/DS-24a86cf6-060e-40a0-8d18-53ea57817cfa/container.db for volume DS-24a86cf6-060e-40a0-8d18-53ea57817cfa
2025-07-15 19:45:51,121 [13038c2f-3ff3-450f-8cad-b0ed419b91b5-ContainerReader-0] INFO  ozoneimpl.ContainerReader (ContainerReader.java:readVolume(144)) - Start to verify containers on volume /home/runner/work/ozone/ozone/hadoop-ozone/integration-test/target/test-dir/MiniOzoneClusterImpl-0e8a6840-8092-433d-9bbe-2fd65d18bfc8/ozone-meta/datanode-1/data-0/hdds
2025-07-15 19:45:51,121 [13038c2f-3ff3-450f-8cad-b0ed419b91b5-ContainerReader-0] INFO  ozoneimpl.ContainerReader (ContainerReader.java:readVolume(174)) - Finish verifying containers on volume /home/runner/work/ozone/ozone/hadoop-ozone/integration-test/target/test-dir/MiniOzoneClusterImpl-0e8a6840-8092-433d-9bbe-2fd65d18bfc8/ozone-meta/datanode-1/data-0/hdds
2025-07-15 19:45:51,122 [13038c2f-3ff3-450f-8cad-b0ed419b91b5-EndpointStateMachineTaskThread-/0.0.0.0:15002-0 ] INFO  ozoneimpl.OzoneContainer (OzoneContainer.java:buildContainerSet(370)) - Build ContainerSet costs 0s
2025-07-15 19:45:51,122 [13038c2f-3ff3-450f-8cad-b0ed419b91b5-EndpointStateMachineTaskThread-/0.0.0.0:15002-0 ] INFO  volume.ThrottledAsyncChecker (ThrottledAsyncChecker.java:schedule(138)) - Scheduling a check for /home/runner/work/ozone/ozone/hadoop-ozone/integration-test/target/test-dir/MiniOzoneClusterImpl-0e8a6840-8092-433d-9bbe-2fd65d18bfc8/ozone-meta/datanode-1/data-0/hdds
2025-07-15 19:45:51,126 [13038c2f-3ff3-450f-8cad-b0ed419b91b5-EndpointStateMachineTaskThread-/0.0.0.0:15002-0 ] INFO  volume.StorageVolumeChecker (StorageVolumeChecker.java:checkAllVolumes(215)) - Scheduled health check for volume /home/runner/work/ozone/ozone/hadoop-ozone/integration-test/target/test-dir/MiniOzoneClusterImpl-0e8a6840-8092-433d-9bbe-2fd65d18bfc8/ozone-meta/datanode-1/data-0/hdds
2025-07-15 19:45:51,133 [13038c2f-3ff3-450f-8cad-b0ed419b91b5-EndpointStateMachineTaskThread-/0.0.0.0:15002-0 ] INFO  volume.ThrottledAsyncChecker (ThrottledAsyncChecker.java:schedule(138)) - Scheduling a check for /home/runner/work/ozone/ozone/hadoop-ozone/integration-test/target/test-dir/MiniOzoneClusterImpl-0e8a6840-8092-433d-9bbe-2fd65d18bfc8/ozone-meta/datanode-1/ratis
2025-07-15 19:45:51,134 [13038c2f-3ff3-450f-8cad-b0ed419b91b5-EndpointStateMachineTaskThread-/0.0.0.0:15002-0 ] INFO  volume.StorageVolumeChecker (StorageVolumeChecker.java:checkAllVolumes(215)) - Scheduled health check for volume /home/runner/work/ozone/ozone/hadoop-ozone/integration-test/target/test-dir/MiniOzoneClusterImpl-0e8a6840-8092-433d-9bbe-2fd65d18bfc8/ozone-meta/datanode-1/ratis
2025-07-15 19:45:51,135 [13038c2f-3ff3-450f-8cad-b0ed419b91b5-EndpointStateMachineTaskThread-/0.0.0.0:15002-0 ] INFO  ozoneimpl.OzoneContainer (OzoneContainer.java:start(520)) - Attempting to start container services.
2025-07-15 19:45:51,139 [ContainerMetadataScanner] INFO  ozoneimpl.AbstractBackgroundContainerScanner (AbstractBackgroundContainerScanner.java:runIteration(89)) - Completed an iteration in 0 minutes. Number of iterations (since the data-node restart) : 1, Number of containers scanned in this iteration : 0, Number of unhealthy containers found in this iteration : 0
2025-07-15 19:45:51,141 [ContainerDataScanner(/home/runner/work/ozone/ozone/hadoop-ozone/integration-test/target/test-dir/MiniOzoneClusterImpl-0e8a6840-8092-433d-9bbe-2fd65d18bfc8/ozone-meta/datanode-1/data-0/hdds)] INFO  ozoneimpl.AbstractBackgroundContainerScanner (AbstractBackgroundContainerScanner.java:runIteration(89)) - Completed an iteration in 0 minutes. Number of iterations (since the data-node restart) : 1, Number of containers scanned in this iteration : 0, Number of unhealthy containers found in this iteration : 0
2025-07-15 19:45:51,142 [13038c2f-3ff3-450f-8cad-b0ed419b91b5-EndpointStateMachineTaskThread-/0.0.0.0:15002-0 ] INFO  replication.ReplicationServer (ReplicationServer.java:start(137)) - ReplicationServer is started using port 15025
2025-07-15 19:45:51,143 [13038c2f-3ff3-450f-8cad-b0ed419b91b5-EndpointStateMachineTaskThread-/0.0.0.0:15002-0 ] INFO  ratis.XceiverServerRatis (XceiverServerRatis.java:start(559)) - Starting XceiverServerRatis(13038c2f-3ff3-450f-8cad-b0ed419b91b5)
2025-07-15 19:45:51,144 [13038c2f-3ff3-450f-8cad-b0ed419b91b5-EndpointStateMachineTaskThread-/0.0.0.0:15002-0 ] INFO  server.RaftServer (RaftServerProxy.java:startImpl(412)) - 13038c2f-3ff3-450f-8cad-b0ed419b91b5: start RPC server
2025-07-15 19:45:51,144 [13038c2f-3ff3-450f-8cad-b0ed419b91b5-EndpointStateMachineTaskThread-/0.0.0.0:15002-0 ] INFO  server.GrpcServicesImpl (GrpcServicesImpl.java:startImpl(346)) - 13038c2f-3ff3-450f-8cad-b0ed419b91b5: GrpcServicesImpl started, listening on 15021
2025-07-15 19:45:51,144 [13038c2f-3ff3-450f-8cad-b0ed419b91b5-EndpointStateMachineTaskThread-/0.0.0.0:15002-0 ] INFO  server.GrpcServicesImpl (GrpcServicesImpl.java:startImpl(346)) - 13038c2f-3ff3-450f-8cad-b0ed419b91b5: GrpcServicesImpl started, listening on 15023
2025-07-15 19:45:51,145 [13038c2f-3ff3-450f-8cad-b0ed419b91b5-EndpointStateMachineTaskThread-/0.0.0.0:15002-0 ] INFO  server.GrpcServicesImpl (GrpcServicesImpl.java:startImpl(346)) - 13038c2f-3ff3-450f-8cad-b0ed419b91b5: GrpcServicesImpl started, listening on 15022
2025-07-15 19:45:51,145 [JvmPauseMonitor5] INFO  util.JvmPauseMonitor (JvmPauseMonitor.java:run(146)) - JvmPauseMonitor-13038c2f-3ff3-450f-8cad-b0ed419b91b5: Started
2025-07-15 19:45:51,145 [13038c2f-3ff3-450f-8cad-b0ed419b91b5-EndpointStateMachineTaskThread-/0.0.0.0:15002-0 ] INFO  ratis.XceiverServerRatis (XceiverServerRatis.java:getRealPort(586)) - XceiverServerRatis(13038c2f-3ff3-450f-8cad-b0ed419b91b5) is started using port RATIS=15021
2025-07-15 19:45:51,145 [13038c2f-3ff3-450f-8cad-b0ed419b91b5-EndpointStateMachineTaskThread-/0.0.0.0:15002-0 ] INFO  ratis.XceiverServerRatis (XceiverServerRatis.java:getRealPort(586)) - XceiverServerRatis(13038c2f-3ff3-450f-8cad-b0ed419b91b5) is started using port RATIS_ADMIN=15022
2025-07-15 19:45:51,145 [13038c2f-3ff3-450f-8cad-b0ed419b91b5-EndpointStateMachineTaskThread-/0.0.0.0:15002-0 ] INFO  ratis.XceiverServerRatis (XceiverServerRatis.java:getRealPort(586)) - XceiverServerRatis(13038c2f-3ff3-450f-8cad-b0ed419b91b5) is started using port RATIS_SERVER=15023
2025-07-15 19:45:51,145 [13038c2f-3ff3-450f-8cad-b0ed419b91b5-EndpointStateMachineTaskThread-/0.0.0.0:15002-0 ] INFO  ratis.XceiverServerRatis (XceiverServerRatis.java:getRealPort(586)) - XceiverServerRatis(13038c2f-3ff3-450f-8cad-b0ed419b91b5) is started using port RATIS_DATASTREAM=15024
2025-07-15 19:45:51,146 [13038c2f-3ff3-450f-8cad-b0ed419b91b5-EndpointStateMachineTaskThread-/0.0.0.0:15002-0 ] INFO  utils.BackgroundService (BackgroundService.java:start(118)) - Starting service BlockDeletingService with interval 60000 milliseconds
2025-07-15 19:45:51,147 [13038c2f-3ff3-450f-8cad-b0ed419b91b5-EndpointStateMachineTaskThread-/0.0.0.0:15002-0 ] INFO  utils.BackgroundService (BackgroundService.java:start(118)) - Starting service StaleRecoveringContainerScrubbingService with interval 60000 milliseconds
2025-07-15 19:45:51,321 [fe9e34e2-462c-4770-837c-ac5869922ef8-EndpointStateMachineTaskThread-/0.0.0.0:15002-0 ] INFO  utils.DatanodeStoreCache (DatanodeStoreCache.java:addDB(70)) - Added db /home/runner/work/ozone/ozone/hadoop-ozone/integration-test/target/test-dir/MiniOzoneClusterImpl-0e8a6840-8092-433d-9bbe-2fd65d18bfc8/ozone-meta/datanode-2/data-0/hdds/0e8a6840-8092-433d-9bbe-2fd65d18bfc8/DS-4c47e9a6-67ab-4e2a-9b26-cff3278691a5/container.db to cache
2025-07-15 19:45:51,321 [fe9e34e2-462c-4770-837c-ac5869922ef8-EndpointStateMachineTaskThread-/0.0.0.0:15002-0 ] INFO  volume.HddsVolume (HddsVolume.java:createDbStore(575)) - SchemaV3 db is created and loaded at /home/runner/work/ozone/ozone/hadoop-ozone/integration-test/target/test-dir/MiniOzoneClusterImpl-0e8a6840-8092-433d-9bbe-2fd65d18bfc8/ozone-meta/datanode-2/data-0/hdds/0e8a6840-8092-433d-9bbe-2fd65d18bfc8/DS-4c47e9a6-67ab-4e2a-9b26-cff3278691a5/container.db for volume DS-4c47e9a6-67ab-4e2a-9b26-cff3278691a5
2025-07-15 19:45:51,323 [fe9e34e2-462c-4770-837c-ac5869922ef8-ContainerReader-0] INFO  ozoneimpl.ContainerReader (ContainerReader.java:readVolume(144)) - Start to verify containers on volume /home/runner/work/ozone/ozone/hadoop-ozone/integration-test/target/test-dir/MiniOzoneClusterImpl-0e8a6840-8092-433d-9bbe-2fd65d18bfc8/ozone-meta/datanode-2/data-0/hdds
2025-07-15 19:45:51,323 [fe9e34e2-462c-4770-837c-ac5869922ef8-ContainerReader-0] INFO  ozoneimpl.ContainerReader (ContainerReader.java:readVolume(174)) - Finish verifying containers on volume /home/runner/work/ozone/ozone/hadoop-ozone/integration-test/target/test-dir/MiniOzoneClusterImpl-0e8a6840-8092-433d-9bbe-2fd65d18bfc8/ozone-meta/datanode-2/data-0/hdds
2025-07-15 19:45:51,324 [fe9e34e2-462c-4770-837c-ac5869922ef8-EndpointStateMachineTaskThread-/0.0.0.0:15002-0 ] INFO  ozoneimpl.OzoneContainer (OzoneContainer.java:buildContainerSet(370)) - Build ContainerSet costs 0s
2025-07-15 19:45:51,324 [fe9e34e2-462c-4770-837c-ac5869922ef8-EndpointStateMachineTaskThread-/0.0.0.0:15002-0 ] INFO  volume.ThrottledAsyncChecker (ThrottledAsyncChecker.java:schedule(138)) - Scheduling a check for /home/runner/work/ozone/ozone/hadoop-ozone/integration-test/target/test-dir/MiniOzoneClusterImpl-0e8a6840-8092-433d-9bbe-2fd65d18bfc8/ozone-meta/datanode-2/data-0/hdds
2025-07-15 19:45:51,324 [fe9e34e2-462c-4770-837c-ac5869922ef8-EndpointStateMachineTaskThread-/0.0.0.0:15002-0 ] INFO  volume.StorageVolumeChecker (StorageVolumeChecker.java:checkAllVolumes(215)) - Scheduled health check for volume /home/runner/work/ozone/ozone/hadoop-ozone/integration-test/target/test-dir/MiniOzoneClusterImpl-0e8a6840-8092-433d-9bbe-2fd65d18bfc8/ozone-meta/datanode-2/data-0/hdds
2025-07-15 19:45:51,328 [fe9e34e2-462c-4770-837c-ac5869922ef8-EndpointStateMachineTaskThread-/0.0.0.0:15002-0 ] INFO  volume.ThrottledAsyncChecker (ThrottledAsyncChecker.java:schedule(138)) - Scheduling a check for /home/runner/work/ozone/ozone/hadoop-ozone/integration-test/target/test-dir/MiniOzoneClusterImpl-0e8a6840-8092-433d-9bbe-2fd65d18bfc8/ozone-meta/datanode-2/ratis
2025-07-15 19:45:51,328 [fe9e34e2-462c-4770-837c-ac5869922ef8-EndpointStateMachineTaskThread-/0.0.0.0:15002-0 ] INFO  volume.StorageVolumeChecker (StorageVolumeChecker.java:checkAllVolumes(215)) - Scheduled health check for volume /home/runner/work/ozone/ozone/hadoop-ozone/integration-test/target/test-dir/MiniOzoneClusterImpl-0e8a6840-8092-433d-9bbe-2fd65d18bfc8/ozone-meta/datanode-2/ratis
2025-07-15 19:45:51,329 [fe9e34e2-462c-4770-837c-ac5869922ef8-EndpointStateMachineTaskThread-/0.0.0.0:15002-0 ] INFO  ozoneimpl.OzoneContainer (OzoneContainer.java:start(520)) - Attempting to start container services.
2025-07-15 19:45:51,329 [ContainerMetadataScanner] INFO  ozoneimpl.AbstractBackgroundContainerScanner (AbstractBackgroundContainerScanner.java:runIteration(89)) - Completed an iteration in 0 minutes. Number of iterations (since the data-node restart) : 1, Number of containers scanned in this iteration : 0, Number of unhealthy containers found in this iteration : 0
2025-07-15 19:45:51,330 [ContainerDataScanner(/home/runner/work/ozone/ozone/hadoop-ozone/integration-test/target/test-dir/MiniOzoneClusterImpl-0e8a6840-8092-433d-9bbe-2fd65d18bfc8/ozone-meta/datanode-2/data-0/hdds)] INFO  ozoneimpl.AbstractBackgroundContainerScanner (AbstractBackgroundContainerScanner.java:runIteration(89)) - Completed an iteration in 0 minutes. Number of iterations (since the data-node restart) : 1, Number of containers scanned in this iteration : 0, Number of unhealthy containers found in this iteration : 0
2025-07-15 19:45:51,330 [fe9e34e2-462c-4770-837c-ac5869922ef8-EndpointStateMachineTaskThread-/0.0.0.0:15002-0 ] INFO  replication.ReplicationServer (ReplicationServer.java:start(137)) - ReplicationServer is started using port 15033
2025-07-15 19:45:51,331 [fe9e34e2-462c-4770-837c-ac5869922ef8-EndpointStateMachineTaskThread-/0.0.0.0:15002-0 ] INFO  ratis.XceiverServerRatis (XceiverServerRatis.java:start(559)) - Starting XceiverServerRatis(fe9e34e2-462c-4770-837c-ac5869922ef8)
2025-07-15 19:45:51,331 [fe9e34e2-462c-4770-837c-ac5869922ef8-EndpointStateMachineTaskThread-/0.0.0.0:15002-0 ] INFO  server.RaftServer (RaftServerProxy.java:startImpl(412)) - fe9e34e2-462c-4770-837c-ac5869922ef8: start RPC server
2025-07-15 19:45:51,332 [fe9e34e2-462c-4770-837c-ac5869922ef8-EndpointStateMachineTaskThread-/0.0.0.0:15002-0 ] INFO  server.GrpcServicesImpl (GrpcServicesImpl.java:startImpl(346)) - fe9e34e2-462c-4770-837c-ac5869922ef8: GrpcServicesImpl started, listening on 15029
2025-07-15 19:45:51,332 [fe9e34e2-462c-4770-837c-ac5869922ef8-EndpointStateMachineTaskThread-/0.0.0.0:15002-0 ] INFO  server.GrpcServicesImpl (GrpcServicesImpl.java:startImpl(346)) - fe9e34e2-462c-4770-837c-ac5869922ef8: GrpcServicesImpl started, listening on 15031
2025-07-15 19:45:51,332 [fe9e34e2-462c-4770-837c-ac5869922ef8-EndpointStateMachineTaskThread-/0.0.0.0:15002-0 ] INFO  server.GrpcServicesImpl (GrpcServicesImpl.java:startImpl(346)) - fe9e34e2-462c-4770-837c-ac5869922ef8: GrpcServicesImpl started, listening on 15030
2025-07-15 19:45:51,333 [fe9e34e2-462c-4770-837c-ac5869922ef8-EndpointStateMachineTaskThread-/0.0.0.0:15002-0 ] INFO  ratis.XceiverServerRatis (XceiverServerRatis.java:getRealPort(586)) - XceiverServerRatis(fe9e34e2-462c-4770-837c-ac5869922ef8) is started using port RATIS=15029
2025-07-15 19:45:51,333 [fe9e34e2-462c-4770-837c-ac5869922ef8-EndpointStateMachineTaskThread-/0.0.0.0:15002-0 ] INFO  ratis.XceiverServerRatis (XceiverServerRatis.java:getRealPort(586)) - XceiverServerRatis(fe9e34e2-462c-4770-837c-ac5869922ef8) is started using port RATIS_ADMIN=15030
2025-07-15 19:45:51,333 [fe9e34e2-462c-4770-837c-ac5869922ef8-EndpointStateMachineTaskThread-/0.0.0.0:15002-0 ] INFO  ratis.XceiverServerRatis (XceiverServerRatis.java:getRealPort(586)) - XceiverServerRatis(fe9e34e2-462c-4770-837c-ac5869922ef8) is started using port RATIS_SERVER=15031
2025-07-15 19:45:51,333 [fe9e34e2-462c-4770-837c-ac5869922ef8-EndpointStateMachineTaskThread-/0.0.0.0:15002-0 ] INFO  ratis.XceiverServerRatis (XceiverServerRatis.java:getRealPort(586)) - XceiverServerRatis(fe9e34e2-462c-4770-837c-ac5869922ef8) is started using port RATIS_DATASTREAM=15032
2025-07-15 19:45:51,333 [JvmPauseMonitor6] INFO  util.JvmPauseMonitor (JvmPauseMonitor.java:run(146)) - JvmPauseMonitor-fe9e34e2-462c-4770-837c-ac5869922ef8: Started
2025-07-15 19:45:51,334 [fe9e34e2-462c-4770-837c-ac5869922ef8-EndpointStateMachineTaskThread-/0.0.0.0:15002-0 ] INFO  utils.BackgroundService (BackgroundService.java:start(118)) - Starting service BlockDeletingService with interval 60000 milliseconds
2025-07-15 19:45:51,334 [fe9e34e2-462c-4770-837c-ac5869922ef8-EndpointStateMachineTaskThread-/0.0.0.0:15002-0 ] INFO  utils.BackgroundService (BackgroundService.java:start(118)) - Starting service StaleRecoveringContainerScrubbingService with interval 60000 milliseconds
2025-07-15 19:45:51,524 [740e7591-da3d-4d6e-90a9-0f86ad91887d-EndpointStateMachineTaskThread-/0.0.0.0:15002-0 ] INFO  utils.DatanodeStoreCache (DatanodeStoreCache.java:addDB(70)) - Added db /home/runner/work/ozone/ozone/hadoop-ozone/integration-test/target/test-dir/MiniOzoneClusterImpl-0e8a6840-8092-433d-9bbe-2fd65d18bfc8/ozone-meta/datanode-3/data-0/hdds/0e8a6840-8092-433d-9bbe-2fd65d18bfc8/DS-9c7eaf0a-858e-4c1d-8cfc-959b32152300/container.db to cache
2025-07-15 19:45:51,524 [740e7591-da3d-4d6e-90a9-0f86ad91887d-EndpointStateMachineTaskThread-/0.0.0.0:15002-0 ] INFO  volume.HddsVolume (HddsVolume.java:createDbStore(575)) - SchemaV3 db is created and loaded at /home/runner/work/ozone/ozone/hadoop-ozone/integration-test/target/test-dir/MiniOzoneClusterImpl-0e8a6840-8092-433d-9bbe-2fd65d18bfc8/ozone-meta/datanode-3/data-0/hdds/0e8a6840-8092-433d-9bbe-2fd65d18bfc8/DS-9c7eaf0a-858e-4c1d-8cfc-959b32152300/container.db for volume DS-9c7eaf0a-858e-4c1d-8cfc-959b32152300
2025-07-15 19:45:51,526 [740e7591-da3d-4d6e-90a9-0f86ad91887d-ContainerReader-0] INFO  ozoneimpl.ContainerReader (ContainerReader.java:readVolume(144)) - Start to verify containers on volume /home/runner/work/ozone/ozone/hadoop-ozone/integration-test/target/test-dir/MiniOzoneClusterImpl-0e8a6840-8092-433d-9bbe-2fd65d18bfc8/ozone-meta/datanode-3/data-0/hdds
2025-07-15 19:45:51,526 [740e7591-da3d-4d6e-90a9-0f86ad91887d-ContainerReader-0] INFO  ozoneimpl.ContainerReader (ContainerReader.java:readVolume(174)) - Finish verifying containers on volume /home/runner/work/ozone/ozone/hadoop-ozone/integration-test/target/test-dir/MiniOzoneClusterImpl-0e8a6840-8092-433d-9bbe-2fd65d18bfc8/ozone-meta/datanode-3/data-0/hdds
2025-07-15 19:45:51,527 [740e7591-da3d-4d6e-90a9-0f86ad91887d-EndpointStateMachineTaskThread-/0.0.0.0:15002-0 ] INFO  ozoneimpl.OzoneContainer (OzoneContainer.java:buildContainerSet(370)) - Build ContainerSet costs 0s
2025-07-15 19:45:51,527 [740e7591-da3d-4d6e-90a9-0f86ad91887d-EndpointStateMachineTaskThread-/0.0.0.0:15002-0 ] INFO  volume.ThrottledAsyncChecker (ThrottledAsyncChecker.java:schedule(138)) - Scheduling a check for /home/runner/work/ozone/ozone/hadoop-ozone/integration-test/target/test-dir/MiniOzoneClusterImpl-0e8a6840-8092-433d-9bbe-2fd65d18bfc8/ozone-meta/datanode-3/data-0/hdds
2025-07-15 19:45:51,528 [740e7591-da3d-4d6e-90a9-0f86ad91887d-EndpointStateMachineTaskThread-/0.0.0.0:15002-0 ] INFO  volume.StorageVolumeChecker (StorageVolumeChecker.java:checkAllVolumes(215)) - Scheduled health check for volume /home/runner/work/ozone/ozone/hadoop-ozone/integration-test/target/test-dir/MiniOzoneClusterImpl-0e8a6840-8092-433d-9bbe-2fd65d18bfc8/ozone-meta/datanode-3/data-0/hdds
2025-07-15 19:45:51,531 [740e7591-da3d-4d6e-90a9-0f86ad91887d-EndpointStateMachineTaskThread-/0.0.0.0:15002-0 ] INFO  volume.ThrottledAsyncChecker (ThrottledAsyncChecker.java:schedule(138)) - Scheduling a check for /home/runner/work/ozone/ozone/hadoop-ozone/integration-test/target/test-dir/MiniOzoneClusterImpl-0e8a6840-8092-433d-9bbe-2fd65d18bfc8/ozone-meta/datanode-3/ratis
2025-07-15 19:45:51,531 [740e7591-da3d-4d6e-90a9-0f86ad91887d-EndpointStateMachineTaskThread-/0.0.0.0:15002-0 ] INFO  volume.StorageVolumeChecker (StorageVolumeChecker.java:checkAllVolumes(215)) - Scheduled health check for volume /home/runner/work/ozone/ozone/hadoop-ozone/integration-test/target/test-dir/MiniOzoneClusterImpl-0e8a6840-8092-433d-9bbe-2fd65d18bfc8/ozone-meta/datanode-3/ratis
2025-07-15 19:45:51,532 [740e7591-da3d-4d6e-90a9-0f86ad91887d-EndpointStateMachineTaskThread-/0.0.0.0:15002-0 ] INFO  ozoneimpl.OzoneContainer (OzoneContainer.java:start(520)) - Attempting to start container services.
2025-07-15 19:45:51,532 [ContainerMetadataScanner] INFO  ozoneimpl.AbstractBackgroundContainerScanner (AbstractBackgroundContainerScanner.java:runIteration(89)) - Completed an iteration in 0 minutes. Number of iterations (since the data-node restart) : 1, Number of containers scanned in this iteration : 0, Number of unhealthy containers found in this iteration : 0
2025-07-15 19:45:51,533 [ContainerDataScanner(/home/runner/work/ozone/ozone/hadoop-ozone/integration-test/target/test-dir/MiniOzoneClusterImpl-0e8a6840-8092-433d-9bbe-2fd65d18bfc8/ozone-meta/datanode-3/data-0/hdds)] INFO  ozoneimpl.AbstractBackgroundContainerScanner (AbstractBackgroundContainerScanner.java:runIteration(89)) - Completed an iteration in 0 minutes. Number of iterations (since the data-node restart) : 1, Number of containers scanned in this iteration : 0, Number of unhealthy containers found in this iteration : 0
2025-07-15 19:45:51,533 [740e7591-da3d-4d6e-90a9-0f86ad91887d-EndpointStateMachineTaskThread-/0.0.0.0:15002-0 ] INFO  replication.ReplicationServer (ReplicationServer.java:start(137)) - ReplicationServer is started using port 15041
2025-07-15 19:45:51,534 [740e7591-da3d-4d6e-90a9-0f86ad91887d-EndpointStateMachineTaskThread-/0.0.0.0:15002-0 ] INFO  ratis.XceiverServerRatis (XceiverServerRatis.java:start(559)) - Starting XceiverServerRatis(740e7591-da3d-4d6e-90a9-0f86ad91887d)
2025-07-15 19:45:51,534 [740e7591-da3d-4d6e-90a9-0f86ad91887d-EndpointStateMachineTaskThread-/0.0.0.0:15002-0 ] INFO  server.RaftServer (RaftServerProxy.java:startImpl(412)) - 740e7591-da3d-4d6e-90a9-0f86ad91887d: start RPC server
2025-07-15 19:45:51,535 [740e7591-da3d-4d6e-90a9-0f86ad91887d-EndpointStateMachineTaskThread-/0.0.0.0:15002-0 ] INFO  server.GrpcServicesImpl (GrpcServicesImpl.java:startImpl(346)) - 740e7591-da3d-4d6e-90a9-0f86ad91887d: GrpcServicesImpl started, listening on 15037
2025-07-15 19:45:51,535 [740e7591-da3d-4d6e-90a9-0f86ad91887d-EndpointStateMachineTaskThread-/0.0.0.0:15002-0 ] INFO  server.GrpcServicesImpl (GrpcServicesImpl.java:startImpl(346)) - 740e7591-da3d-4d6e-90a9-0f86ad91887d: GrpcServicesImpl started, listening on 15039
2025-07-15 19:45:51,535 [740e7591-da3d-4d6e-90a9-0f86ad91887d-EndpointStateMachineTaskThread-/0.0.0.0:15002-0 ] INFO  server.GrpcServicesImpl (GrpcServicesImpl.java:startImpl(346)) - 740e7591-da3d-4d6e-90a9-0f86ad91887d: GrpcServicesImpl started, listening on 15038
2025-07-15 19:45:51,536 [740e7591-da3d-4d6e-90a9-0f86ad91887d-EndpointStateMachineTaskThread-/0.0.0.0:15002-0 ] INFO  ratis.XceiverServerRatis (XceiverServerRatis.java:getRealPort(586)) - XceiverServerRatis(740e7591-da3d-4d6e-90a9-0f86ad91887d) is started using port RATIS=15037
2025-07-15 19:45:51,536 [JvmPauseMonitor7] INFO  util.JvmPauseMonitor (JvmPauseMonitor.java:run(146)) - JvmPauseMonitor-740e7591-da3d-4d6e-90a9-0f86ad91887d: Started
2025-07-15 19:45:51,536 [740e7591-da3d-4d6e-90a9-0f86ad91887d-EndpointStateMachineTaskThread-/0.0.0.0:15002-0 ] INFO  ratis.XceiverServerRatis (XceiverServerRatis.java:getRealPort(586)) - XceiverServerRatis(740e7591-da3d-4d6e-90a9-0f86ad91887d) is started using port RATIS_ADMIN=15038
2025-07-15 19:45:51,536 [740e7591-da3d-4d6e-90a9-0f86ad91887d-EndpointStateMachineTaskThread-/0.0.0.0:15002-0 ] INFO  ratis.XceiverServerRatis (XceiverServerRatis.java:getRealPort(586)) - XceiverServerRatis(740e7591-da3d-4d6e-90a9-0f86ad91887d) is started using port RATIS_SERVER=15039
2025-07-15 19:45:51,536 [740e7591-da3d-4d6e-90a9-0f86ad91887d-EndpointStateMachineTaskThread-/0.0.0.0:15002-0 ] INFO  ratis.XceiverServerRatis (XceiverServerRatis.java:getRealPort(586)) - XceiverServerRatis(740e7591-da3d-4d6e-90a9-0f86ad91887d) is started using port RATIS_DATASTREAM=15040
2025-07-15 19:45:51,537 [740e7591-da3d-4d6e-90a9-0f86ad91887d-EndpointStateMachineTaskThread-/0.0.0.0:15002-0 ] INFO  utils.BackgroundService (BackgroundService.java:start(118)) - Starting service BlockDeletingService with interval 60000 milliseconds
2025-07-15 19:45:51,537 [740e7591-da3d-4d6e-90a9-0f86ad91887d-EndpointStateMachineTaskThread-/0.0.0.0:15002-0 ] INFO  utils.BackgroundService (BackgroundService.java:start(118)) - Starting service StaleRecoveringContainerScrubbingService with interval 60000 milliseconds
2025-07-15 19:45:51,566 [IPC Server handler 2 on default port 15002] INFO  net.NetworkTopologyImpl (NetworkTopologyImpl.java:add(133)) - Added a new node: /default-rack/13038c2f-3ff3-450f-8cad-b0ed419b91b5
2025-07-15 19:45:51,567 [IPC Server handler 2 on default port 15002] INFO  node.SCMNodeManager (SCMNodeManager.java:register(423)) - Registered datanode: 13038c2f-3ff3-450f-8cad-b0ed419b91b5{ip: 127.0.0.1, host: localhost, ports: [HTTP=15018, CLIENT_RPC=15019, REPLICATION=15025, RATIS=15021, RATIS_ADMIN=15022, RATIS_SERVER=15023, RATIS_DATASTREAM=15024, STANDALONE=15020], networkLocation: /default-rack, certSerialId: null, persistedOpState: null, persistedOpStateExpiryEpochSec: 0}
2025-07-15 19:45:51,569 [EventQueue-NewNodeForNewNodeHandler] INFO  pipeline.BackgroundPipelineCreator (BackgroundPipelineCreator.java:notifyEventTriggered(290)) - trigger a one-shot run on RatisPipelineUtilsThread.
2025-07-15 19:45:51,570 [EventQueue-NodeRegistrationContainerReportForDataNodeSafeModeRule] INFO  safemode.SCMSafeModeManager (DataNodeSafeModeRule.java:process(80)) - SCM in safe mode. 1 DataNodes registered, 3 required.
2025-07-15 19:45:51,570 [EventQueue-ContainerRegistrationReportForRatisContainerSafeModeRule] INFO  safemode.SCMSafeModeManager (SCMSafeModeManager.java:validateSafeModeExitRules(138)) - RatisContainerSafeModeRule rule is successfully validated
2025-07-15 19:45:51,570 [EventQueue-PipelineReportForOneReplicaPipelineSafeModeRule] INFO  safemode.SCMSafeModeManager (SCMSafeModeManager.java:validateSafeModeExitRules(138)) - AtleastOneDatanodeReportedRule rule is successfully validated
2025-07-15 19:45:51,571 [EventQueue-ContainerRegistrationReportForECContainerSafeModeRule] INFO  safemode.SCMSafeModeManager (SCMSafeModeManager.java:validateSafeModeExitRules(138)) - ECContainerSafeModeRule rule is successfully validated
2025-07-15 19:45:51,574 [RatisPipelineUtilsThread-0] INFO  pipeline.RatisPipelineProvider (RatisPipelineProvider.java:lambda$create$0(208)) - Sending CreatePipelineCommand for pipeline:Pipeline-f4fbed8a-e3ba-4f19-aa81-e6d793fe520b to datanode:13038c2f-3ff3-450f-8cad-b0ed419b91b5(localhost/127.0.0.1)
2025-07-15 19:45:51,619 [63321245-e0ff-457f-8079-ff5ce612eddd@group-2FD65D18BFC8-StateMachineUpdater] INFO  safemode.SCMSafeModeManager (SCMSafeModeManager.java:validateSafeModeExitRules(138)) - RatisContainerSafeModeRule rule is successfully validated
2025-07-15 19:45:51,619 [63321245-e0ff-457f-8079-ff5ce612eddd@group-2FD65D18BFC8-StateMachineUpdater] INFO  safemode.HealthyPipelineSafeModeRule (HealthyPipelineSafeModeRule.java:initializeRule(228)) - Refreshed total pipeline count is 0, healthy pipeline threshold count is 1
2025-07-15 19:45:51,619 [63321245-e0ff-457f-8079-ff5ce612eddd@group-2FD65D18BFC8-StateMachineUpdater] INFO  safemode.SCMSafeModeManager (SCMSafeModeManager.java:validateSafeModeExitRules(138)) - ECContainerSafeModeRule rule is successfully validated
2025-07-15 19:45:51,620 [63321245-e0ff-457f-8079-ff5ce612eddd@group-2FD65D18BFC8-StateMachineUpdater] INFO  safemode.SCMSafeModeManager (SCMSafeModeManager.java:validateSafeModeExitRules(138)) - AtleastOneDatanodeReportedRule rule is successfully validated
2025-07-15 19:45:51,622 [RatisPipelineUtilsThread-0] INFO  pipeline.BackgroundPipelineCreator (BackgroundPipelineCreator.java:createPipelines(246)) - Created new pipeline Pipeline{ Id: f4fbed8a-e3ba-4f19-aa81-e6d793fe520b, Nodes: [ {13038c2f-3ff3-450f-8cad-b0ed419b91b5(localhost/127.0.0.1), ReplicaIndex: 0},], ReplicationConfig: RATIS/ONE, State:ALLOCATED, leaderId:, CreationTimestamp2025-07-15T19:45:51.573869868Z[Etc/UTC]}
2025-07-15 19:45:51,773 [IPC Server handler 3 on default port 15002] INFO  net.NetworkTopologyImpl (NetworkTopologyImpl.java:add(133)) - Added a new node: /default-rack/fe9e34e2-462c-4770-837c-ac5869922ef8
2025-07-15 19:45:51,774 [IPC Server handler 3 on default port 15002] INFO  node.SCMNodeManager (SCMNodeManager.java:register(423)) - Registered datanode: fe9e34e2-462c-4770-837c-ac5869922ef8{ip: 127.0.0.1, host: localhost, ports: [HTTP=15026, CLIENT_RPC=15027, REPLICATION=15033, RATIS=15029, RATIS_ADMIN=15030, RATIS_SERVER=15031, RATIS_DATASTREAM=15032, STANDALONE=15028], networkLocation: /default-rack, certSerialId: null, persistedOpState: null, persistedOpStateExpiryEpochSec: 0}
2025-07-15 19:45:51,774 [EventQueue-NodeRegistrationContainerReportForDataNodeSafeModeRule] INFO  safemode.SCMSafeModeManager (DataNodeSafeModeRule.java:process(80)) - SCM in safe mode. 2 DataNodes registered, 3 required.
2025-07-15 19:45:51,774 [EventQueue-NewNodeForNewNodeHandler] INFO  pipeline.BackgroundPipelineCreator (BackgroundPipelineCreator.java:notifyEventTriggered(290)) - trigger a one-shot run on RatisPipelineUtilsThread.
2025-07-15 19:45:51,774 [EventQueue-PipelineReportForOneReplicaPipelineSafeModeRule] INFO  safemode.SCMSafeModeManager (SCMSafeModeManager.java:validateSafeModeExitRules(138)) - AtleastOneDatanodeReportedRule rule is successfully validated
2025-07-15 19:45:51,774 [EventQueue-ContainerRegistrationReportForECContainerSafeModeRule] INFO  safemode.SCMSafeModeManager (SCMSafeModeManager.java:validateSafeModeExitRules(138)) - ECContainerSafeModeRule rule is successfully validated
2025-07-15 19:45:51,774 [EventQueue-ContainerRegistrationReportForRatisContainerSafeModeRule] INFO  safemode.SCMSafeModeManager (SCMSafeModeManager.java:validateSafeModeExitRules(138)) - RatisContainerSafeModeRule rule is successfully validated
2025-07-15 19:45:51,775 [RatisPipelineUtilsThread-0] INFO  pipeline.RatisPipelineProvider (RatisPipelineProvider.java:lambda$create$0(208)) - Sending CreatePipelineCommand for pipeline:Pipeline-6b16e7af-377c-4a75-98b7-cf5df5d50aac to datanode:fe9e34e2-462c-4770-837c-ac5869922ef8(localhost/127.0.0.1)
2025-07-15 19:45:51,777 [63321245-e0ff-457f-8079-ff5ce612eddd@group-2FD65D18BFC8-StateMachineUpdater] INFO  safemode.SCMSafeModeManager (SCMSafeModeManager.java:validateSafeModeExitRules(138)) - RatisContainerSafeModeRule rule is successfully validated
2025-07-15 19:45:51,777 [63321245-e0ff-457f-8079-ff5ce612eddd@group-2FD65D18BFC8-StateMachineUpdater] INFO  safemode.HealthyPipelineSafeModeRule (HealthyPipelineSafeModeRule.java:initializeRule(228)) - Refreshed total pipeline count is 0, healthy pipeline threshold count is 1
2025-07-15 19:45:51,777 [63321245-e0ff-457f-8079-ff5ce612eddd@group-2FD65D18BFC8-StateMachineUpdater] INFO  safemode.SCMSafeModeManager (SCMSafeModeManager.java:validateSafeModeExitRules(138)) - ECContainerSafeModeRule rule is successfully validated
2025-07-15 19:45:51,777 [63321245-e0ff-457f-8079-ff5ce612eddd@group-2FD65D18BFC8-StateMachineUpdater] INFO  safemode.SCMSafeModeManager (SCMSafeModeManager.java:validateSafeModeExitRules(138)) - AtleastOneDatanodeReportedRule rule is successfully validated
2025-07-15 19:45:51,778 [RatisPipelineUtilsThread-0] INFO  pipeline.BackgroundPipelineCreator (BackgroundPipelineCreator.java:createPipelines(246)) - Created new pipeline Pipeline{ Id: 6b16e7af-377c-4a75-98b7-cf5df5d50aac, Nodes: [ {fe9e34e2-462c-4770-837c-ac5869922ef8(localhost/127.0.0.1), ReplicaIndex: 0},], ReplicationConfig: RATIS/ONE, State:ALLOCATED, leaderId:, CreationTimestamp2025-07-15T19:45:51.775141605Z[Etc/UTC]}
2025-07-15 19:45:51,997 [IPC Server handler 1 on default port 15002] INFO  net.NetworkTopologyImpl (NetworkTopologyImpl.java:add(133)) - Added a new node: /default-rack/740e7591-da3d-4d6e-90a9-0f86ad91887d
2025-07-15 19:45:51,997 [IPC Server handler 1 on default port 15002] INFO  node.SCMNodeManager (SCMNodeManager.java:register(423)) - Registered datanode: 740e7591-da3d-4d6e-90a9-0f86ad91887d{ip: 127.0.0.1, host: localhost, ports: [HTTP=15034, CLIENT_RPC=15035, REPLICATION=15041, RATIS=15037, RATIS_ADMIN=15038, RATIS_SERVER=15039, RATIS_DATASTREAM=15040, STANDALONE=15036], networkLocation: /default-rack, certSerialId: null, persistedOpState: null, persistedOpStateExpiryEpochSec: 0}
2025-07-15 19:45:51,998 [EventQueue-NewNodeForNewNodeHandler] INFO  pipeline.BackgroundPipelineCreator (BackgroundPipelineCreator.java:notifyEventTriggered(290)) - trigger a one-shot run on RatisPipelineUtilsThread.
2025-07-15 19:45:51,998 [EventQueue-NodeRegistrationContainerReportForDataNodeSafeModeRule] INFO  safemode.SCMSafeModeManager (DataNodeSafeModeRule.java:process(80)) - SCM in safe mode. 3 DataNodes registered, 3 required.
2025-07-15 19:45:51,998 [EventQueue-NodeRegistrationContainerReportForDataNodeSafeModeRule] INFO  safemode.SCMSafeModeManager (SCMSafeModeManager.java:validateSafeModeExitRules(138)) - DataNodeSafeModeRule rule is successfully validated
2025-07-15 19:45:51,998 [EventQueue-NodeRegistrationContainerReportForDataNodeSafeModeRule] INFO  safemode.SCMSafeModeManager (SCMSafeModeManager.java:validateSafeModeExitRules(151)) - All SCM safe mode pre check rules have passed
2025-07-15 19:45:51,998 [EventQueue-NodeRegistrationContainerReportForDataNodeSafeModeRule] INFO  ha.SCMContext (SCMContext.java:updateSafeModeStatus(224)) - Update SafeModeStatus from SafeModeStatus{safeModeStatus=true, preCheckPassed=false} to SafeModeStatus{safeModeStatus=true, preCheckPassed=true}.
2025-07-15 19:45:51,998 [EventQueue-NodeRegistrationContainerReportForDataNodeSafeModeRule] INFO  pipeline.BackgroundPipelineCreator (BackgroundPipelineCreator.java:notifyEventTriggered(290)) - trigger a one-shot run on RatisPipelineUtilsThread.
2025-07-15 19:45:51,998 [EventQueue-PipelineReportForOneReplicaPipelineSafeModeRule] INFO  safemode.SCMSafeModeManager (SCMSafeModeManager.java:validateSafeModeExitRules(138)) - AtleastOneDatanodeReportedRule rule is successfully validated
2025-07-15 19:45:51,998 [RatisPipelineUtilsThread-0] INFO  pipeline.RatisPipelineProvider (RatisPipelineProvider.java:lambda$create$0(208)) - Sending CreatePipelineCommand for pipeline:Pipeline-608a8a1b-2975-426b-9098-76009a78e852 to datanode:740e7591-da3d-4d6e-90a9-0f86ad91887d(localhost/127.0.0.1)
2025-07-15 19:45:51,998 [EventQueue-ContainerRegistrationReportForRatisContainerSafeModeRule] INFO  safemode.SCMSafeModeManager (SCMSafeModeManager.java:validateSafeModeExitRules(138)) - RatisContainerSafeModeRule rule is successfully validated
2025-07-15 19:45:51,999 [EventQueue-ContainerRegistrationReportForECContainerSafeModeRule] INFO  safemode.SCMSafeModeManager (SCMSafeModeManager.java:validateSafeModeExitRules(138)) - ECContainerSafeModeRule rule is successfully validated
2025-07-15 19:45:51,999 [main] INFO  ozone.MiniOzoneClusterImpl (MiniOzoneClusterImpl.java:lambda$waitForClusterToBeReady$0(173)) - Nodes are ready. Got 3 of 3 DN Heartbeats.
2025-07-15 19:45:51,999 [main] INFO  ozone.MiniOzoneClusterImpl (MiniOzoneClusterImpl.java:lambda$waitForClusterToBeReady$0(176)) - Waiting for cluster to exit safe mode
2025-07-15 19:45:51,999 [main] INFO  ozone.MiniOzoneClusterImpl (MiniOzoneClusterImpl.java:lambda$waitForClusterToBeReady$0(178)) - SCM became leader
2025-07-15 19:45:52,001 [63321245-e0ff-457f-8079-ff5ce612eddd@group-2FD65D18BFC8-StateMachineUpdater] INFO  safemode.SCMSafeModeManager (SCMSafeModeManager.java:validateSafeModeExitRules(138)) - DataNodeSafeModeRule rule is successfully validated
2025-07-15 19:45:52,001 [63321245-e0ff-457f-8079-ff5ce612eddd@group-2FD65D18BFC8-StateMachineUpdater] INFO  safemode.SCMSafeModeManager (SCMSafeModeManager.java:validateSafeModeExitRules(138)) - RatisContainerSafeModeRule rule is successfully validated
2025-07-15 19:45:52,001 [63321245-e0ff-457f-8079-ff5ce612eddd@group-2FD65D18BFC8-StateMachineUpdater] INFO  safemode.HealthyPipelineSafeModeRule (HealthyPipelineSafeModeRule.java:initializeRule(228)) - Refreshed total pipeline count is 0, healthy pipeline threshold count is 1
2025-07-15 19:45:52,002 [63321245-e0ff-457f-8079-ff5ce612eddd@group-2FD65D18BFC8-StateMachineUpdater] INFO  safemode.SCMSafeModeManager (SCMSafeModeManager.java:validateSafeModeExitRules(138)) - ECContainerSafeModeRule rule is successfully validated
2025-07-15 19:45:52,002 [63321245-e0ff-457f-8079-ff5ce612eddd@group-2FD65D18BFC8-StateMachineUpdater] INFO  safemode.SCMSafeModeManager (SCMSafeModeManager.java:validateSafeModeExitRules(138)) - AtleastOneDatanodeReportedRule rule is successfully validated
2025-07-15 19:45:52,002 [RatisPipelineUtilsThread-0] INFO  pipeline.BackgroundPipelineCreator (BackgroundPipelineCreator.java:createPipelines(246)) - Created new pipeline Pipeline{ Id: 608a8a1b-2975-426b-9098-76009a78e852, Nodes: [ {740e7591-da3d-4d6e-90a9-0f86ad91887d(localhost/127.0.0.1), ReplicaIndex: 0},], ReplicationConfig: RATIS/ONE, State:ALLOCATED, leaderId:, CreationTimestamp2025-07-15T19:45:51.998825499Z[Etc/UTC]}
2025-07-15 19:45:52,006 [RatisPipelineUtilsThread-0] INFO  pipeline.RatisPipelineProvider (RatisPipelineProvider.java:lambda$create$0(208)) - Sending CreatePipelineCommand for pipeline:Pipeline-3e4bd71c-ace0-4d7f-826b-b6ef9c9d337d to datanode:740e7591-da3d-4d6e-90a9-0f86ad91887d(localhost/127.0.0.1)
2025-07-15 19:45:52,006 [RatisPipelineUtilsThread-0] INFO  pipeline.RatisPipelineProvider (RatisPipelineProvider.java:lambda$create$0(208)) - Sending CreatePipelineCommand for pipeline:Pipeline-3e4bd71c-ace0-4d7f-826b-b6ef9c9d337d to datanode:13038c2f-3ff3-450f-8cad-b0ed419b91b5(localhost/127.0.0.1)
2025-07-15 19:45:52,006 [RatisPipelineUtilsThread-0] INFO  pipeline.RatisPipelineProvider (RatisPipelineProvider.java:lambda$create$0(208)) - Sending CreatePipelineCommand for pipeline:Pipeline-3e4bd71c-ace0-4d7f-826b-b6ef9c9d337d to datanode:fe9e34e2-462c-4770-837c-ac5869922ef8(localhost/127.0.0.1)
2025-07-15 19:45:52,009 [63321245-e0ff-457f-8079-ff5ce612eddd@group-2FD65D18BFC8-StateMachineUpdater] INFO  safemode.SCMSafeModeManager (SCMSafeModeManager.java:validateSafeModeExitRules(138)) - DataNodeSafeModeRule rule is successfully validated
2025-07-15 19:45:52,009 [63321245-e0ff-457f-8079-ff5ce612eddd@group-2FD65D18BFC8-StateMachineUpdater] INFO  safemode.SCMSafeModeManager (SCMSafeModeManager.java:validateSafeModeExitRules(138)) - RatisContainerSafeModeRule rule is successfully validated
2025-07-15 19:45:52,009 [63321245-e0ff-457f-8079-ff5ce612eddd@group-2FD65D18BFC8-StateMachineUpdater] INFO  safemode.HealthyPipelineSafeModeRule (HealthyPipelineSafeModeRule.java:initializeRule(228)) - Refreshed total pipeline count is 0, healthy pipeline threshold count is 1
2025-07-15 19:45:52,009 [63321245-e0ff-457f-8079-ff5ce612eddd@group-2FD65D18BFC8-StateMachineUpdater] INFO  safemode.SCMSafeModeManager (SCMSafeModeManager.java:validateSafeModeExitRules(138)) - ECContainerSafeModeRule rule is successfully validated
2025-07-15 19:45:52,009 [63321245-e0ff-457f-8079-ff5ce612eddd@group-2FD65D18BFC8-StateMachineUpdater] INFO  safemode.SCMSafeModeManager (SCMSafeModeManager.java:validateSafeModeExitRules(138)) - AtleastOneDatanodeReportedRule rule is successfully validated
2025-07-15 19:45:52,010 [RatisPipelineUtilsThread-0] INFO  pipeline.BackgroundPipelineCreator (BackgroundPipelineCreator.java:createPipelines(246)) - Created new pipeline Pipeline{ Id: 3e4bd71c-ace0-4d7f-826b-b6ef9c9d337d, Nodes: [ {740e7591-da3d-4d6e-90a9-0f86ad91887d(localhost/127.0.0.1), ReplicaIndex: 0}, {13038c2f-3ff3-450f-8cad-b0ed419b91b5(localhost/127.0.0.1), ReplicaIndex: 0}, {fe9e34e2-462c-4770-837c-ac5869922ef8(localhost/127.0.0.1), ReplicaIndex: 0},], ReplicationConfig: RATIS/THREE, State:ALLOCATED, leaderId:, CreationTimestamp2025-07-15T19:45:52.006139747Z[Etc/UTC]}
2025-07-15 19:45:52,010 [RatisPipelineUtilsThread-0] INFO  pipeline.RatisPipelineProvider (RatisPipelineProvider.java:lambda$create$0(208)) - Sending CreatePipelineCommand for pipeline:Pipeline-f40fc52b-9e31-4aac-8167-da70a9fe57ab to datanode:740e7591-da3d-4d6e-90a9-0f86ad91887d(localhost/127.0.0.1)
2025-07-15 19:45:52,011 [RatisPipelineUtilsThread-0] INFO  pipeline.RatisPipelineProvider (RatisPipelineProvider.java:lambda$create$0(208)) - Sending CreatePipelineCommand for pipeline:Pipeline-f40fc52b-9e31-4aac-8167-da70a9fe57ab to datanode:fe9e34e2-462c-4770-837c-ac5869922ef8(localhost/127.0.0.1)
2025-07-15 19:45:52,011 [RatisPipelineUtilsThread-0] INFO  pipeline.RatisPipelineProvider (RatisPipelineProvider.java:lambda$create$0(208)) - Sending CreatePipelineCommand for pipeline:Pipeline-f40fc52b-9e31-4aac-8167-da70a9fe57ab to datanode:13038c2f-3ff3-450f-8cad-b0ed419b91b5(localhost/127.0.0.1)
2025-07-15 19:45:52,013 [63321245-e0ff-457f-8079-ff5ce612eddd@group-2FD65D18BFC8-StateMachineUpdater] INFO  safemode.SCMSafeModeManager (SCMSafeModeManager.java:validateSafeModeExitRules(138)) - DataNodeSafeModeRule rule is successfully validated
2025-07-15 19:45:52,013 [63321245-e0ff-457f-8079-ff5ce612eddd@group-2FD65D18BFC8-StateMachineUpdater] INFO  safemode.SCMSafeModeManager (SCMSafeModeManager.java:validateSafeModeExitRules(138)) - RatisContainerSafeModeRule rule is successfully validated
2025-07-15 19:45:52,013 [63321245-e0ff-457f-8079-ff5ce612eddd@group-2FD65D18BFC8-StateMachineUpdater] INFO  safemode.HealthyPipelineSafeModeRule (HealthyPipelineSafeModeRule.java:initializeRule(228)) - Refreshed total pipeline count is 0, healthy pipeline threshold count is 1
2025-07-15 19:45:52,014 [63321245-e0ff-457f-8079-ff5ce612eddd@group-2FD65D18BFC8-StateMachineUpdater] INFO  safemode.SCMSafeModeManager (SCMSafeModeManager.java:validateSafeModeExitRules(138)) - ECContainerSafeModeRule rule is successfully validated
2025-07-15 19:45:52,014 [63321245-e0ff-457f-8079-ff5ce612eddd@group-2FD65D18BFC8-StateMachineUpdater] INFO  safemode.SCMSafeModeManager (SCMSafeModeManager.java:validateSafeModeExitRules(138)) - AtleastOneDatanodeReportedRule rule is successfully validated
2025-07-15 19:45:52,014 [RatisPipelineUtilsThread-0] INFO  pipeline.PipelineManagerImpl (PipelineManagerImpl.java:recordMetricsForPipeline(922)) - Pipeline-f40fc52b-9e31-4aac-8167-da70a9fe57ab and Pipeline-3e4bd71c-ace0-4d7f-826b-b6ef9c9d337d have exactly the same set of datanodes: [740e7591-da3d-4d6e-90a9-0f86ad91887d(localhost/127.0.0.1), fe9e34e2-462c-4770-837c-ac5869922ef8(localhost/127.0.0.1), 13038c2f-3ff3-450f-8cad-b0ed419b91b5(localhost/127.0.0.1)]
2025-07-15 19:45:52,014 [RatisPipelineUtilsThread-0] INFO  pipeline.BackgroundPipelineCreator (BackgroundPipelineCreator.java:createPipelines(246)) - Created new pipeline Pipeline{ Id: f40fc52b-9e31-4aac-8167-da70a9fe57ab, Nodes: [ {740e7591-da3d-4d6e-90a9-0f86ad91887d(localhost/127.0.0.1), ReplicaIndex: 0}, {fe9e34e2-462c-4770-837c-ac5869922ef8(localhost/127.0.0.1), ReplicaIndex: 0}, {13038c2f-3ff3-450f-8cad-b0ed419b91b5(localhost/127.0.0.1), ReplicaIndex: 0},], ReplicationConfig: RATIS/THREE, State:ALLOCATED, leaderId:, CreationTimestamp2025-07-15T19:45:52.010882755Z[Etc/UTC]}
2025-07-15 19:45:52,999 [main] INFO  ozone.MiniOzoneClusterImpl (MiniOzoneClusterImpl.java:lambda$waitForClusterToBeReady$0(173)) - Nodes are ready. Got 3 of 3 DN Heartbeats.
2025-07-15 19:45:52,999 [main] INFO  ozone.MiniOzoneClusterImpl (MiniOzoneClusterImpl.java:lambda$waitForClusterToBeReady$0(176)) - Waiting for cluster to exit safe mode
2025-07-15 19:45:52,999 [main] INFO  ozone.MiniOzoneClusterImpl (MiniOzoneClusterImpl.java:lambda$waitForClusterToBeReady$0(178)) - SCM became leader
2025-07-15 19:45:53,055 [13038c2f-3ff3-450f-8cad-b0ed419b91b5-PipelineCommandHandlerThread-0] INFO  server.RaftServer (RaftServerProxy.java:addNew(105)) - 13038c2f-3ff3-450f-8cad-b0ed419b91b5: addNew group-E6D793FE520B:[13038c2f-3ff3-450f-8cad-b0ed419b91b5|127.0.0.1:15023] returns group-E6D793FE520B:java.util.concurrent.CompletableFuture@2ff6a937[Not completed]
2025-07-15 19:45:53,062 [13038c2f-3ff3-450f-8cad-b0ed419b91b5-groupManagement] INFO  server.RaftServer$Division (RaftServerImpl.java:<init>(268)) - 13038c2f-3ff3-450f-8cad-b0ed419b91b5: new RaftServerImpl for group-E6D793FE520B:[13038c2f-3ff3-450f-8cad-b0ed419b91b5|127.0.0.1:15023] with ContainerStateMachine:uninitialized
2025-07-15 19:45:53,062 [13038c2f-3ff3-450f-8cad-b0ed419b91b5-groupManagement] INFO  server.RaftServerConfigKeys (ConfUtils.java:logGet(62)) - raft.server.rpc.timeout.min = 5s (custom)
2025-07-15 19:45:53,062 [13038c2f-3ff3-450f-8cad-b0ed419b91b5-groupManagement] INFO  server.RaftServerConfigKeys (ConfUtils.java:logGet(62)) - raft.server.rpc.timeout.max = 5200ms (custom)
2025-07-15 19:45:53,062 [13038c2f-3ff3-450f-8cad-b0ed419b91b5-groupManagement] INFO  server.RaftServerConfigKeys (ConfUtils.java:logGet(62)) - raft.server.rpc.slowness.timeout = 300s (custom)
2025-07-15 19:45:53,063 [13038c2f-3ff3-450f-8cad-b0ed419b91b5-groupManagement] INFO  server.RaftServer$Division (ServerState.java:<init>(114)) - 13038c2f-3ff3-450f-8cad-b0ed419b91b5@group-E6D793FE520B: ConfigurationManager, init=conf: {index: -1, cur=peers:[13038c2f-3ff3-450f-8cad-b0ed419b91b5|127.0.0.1:15023]|listeners:[], old=null}, confs=<EMPTY_MAP>
2025-07-15 19:45:53,063 [13038c2f-3ff3-450f-8cad-b0ed419b91b5-groupManagement] INFO  server.RaftServerConfigKeys (ConfUtils.java:logGet(62)) - raft.server.notification.no-leader.timeout = 300s (custom)
2025-07-15 19:45:53,063 [13038c2f-3ff3-450f-8cad-b0ed419b91b5-groupManagement] INFO  server.RaftServerConfigKeys (ConfUtils.java:logGet(62)) - raft.server.retrycache.expirytime = 600000ms (custom)
2025-07-15 19:45:53,068 [13038c2f-3ff3-450f-8cad-b0ed419b91b5-groupManagement] INFO  server.RaftServerConfigKeys (ConfUtils.java:logGet(62)) - raft.server.storage.dir = [/home/runner/work/ozone/ozone/hadoop-ozone/integration-test/target/test-dir/MiniOzoneClusterImpl-0e8a6840-8092-433d-9bbe-2fd65d18bfc8/ozone-meta/datanode-1/ratis] (custom)
2025-07-15 19:45:53,069 [13038c2f-3ff3-450f-8cad-b0ed419b91b5-groupManagement] INFO  storage.RaftStorageDirectory (RaftStorageDirectoryImpl.java:analyzeStorage(138)) - The storage directory /home/runner/work/ozone/ozone/hadoop-ozone/integration-test/target/test-dir/MiniOzoneClusterImpl-0e8a6840-8092-433d-9bbe-2fd65d18bfc8/ozone-meta/datanode-1/ratis/f4fbed8a-e3ba-4f19-aa81-e6d793fe520b does not exist. Creating ...
2025-07-15 19:45:53,072 [13038c2f-3ff3-450f-8cad-b0ed419b91b5-groupManagement] INFO  storage.RaftStorageDirectory (RaftStorageDirectoryImpl.java:tryLock(229)) - Lock on /home/runner/work/ozone/ozone/hadoop-ozone/integration-test/target/test-dir/MiniOzoneClusterImpl-0e8a6840-8092-433d-9bbe-2fd65d18bfc8/ozone-meta/datanode-1/ratis/f4fbed8a-e3ba-4f19-aa81-e6d793fe520b/in_use.lock acquired by nodename 53370@localhost
2025-07-15 19:45:53,075 [13038c2f-3ff3-450f-8cad-b0ed419b91b5-groupManagement] INFO  storage.RaftStorage (RaftStorageImpl.java:format(98)) - Storage directory /home/runner/work/ozone/ozone/hadoop-ozone/integration-test/target/test-dir/MiniOzoneClusterImpl-0e8a6840-8092-433d-9bbe-2fd65d18bfc8/ozone-meta/datanode-1/ratis/f4fbed8a-e3ba-4f19-aa81-e6d793fe520b has been successfully formatted.
2025-07-15 19:45:53,079 [13038c2f-3ff3-450f-8cad-b0ed419b91b5-groupManagement] INFO  ratis.ContainerStateMachine (ContainerStateMachine.java:initialize(339)) - 13038c2f-3ff3-450f-8cad-b0ed419b91b5: initialize group-E6D793FE520B
2025-07-15 19:45:53,080 [13038c2f-3ff3-450f-8cad-b0ed419b91b5-groupManagement] INFO  ratis.ContainerStateMachine (ContainerStateMachine.java:loadSnapshot(347)) - group-E6D793FE520B: The snapshot info is null. Setting the last applied index to:<INITIAL_VALUE>
2025-07-15 19:45:53,080 [13038c2f-3ff3-450f-8cad-b0ed419b91b5-groupManagement] INFO  server.RaftServerConfigKeys (ConfUtils.java:logGet(62)) - raft.server.log.appender.buffer.byte-limit = 33554432 (custom)
2025-07-15 19:45:53,084 [13038c2f-3ff3-450f-8cad-b0ed419b91b5-groupManagement] INFO  server.RaftServerConfigKeys (ConfUtils.java:logGet(62)) - raft.server.log.segment.size.max = 67108864 (custom)
2025-07-15 19:45:53,085 [13038c2f-3ff3-450f-8cad-b0ed419b91b5-groupManagement] INFO  server.RaftServerConfigKeys (ConfUtils.java:logGet(62)) - raft.server.log.appender.buffer.byte-limit = 33554432 (custom)
2025-07-15 19:45:53,088 [13038c2f-3ff3-450f-8cad-b0ed419b91b5-groupManagement] INFO  util.AwaitToRun (AwaitToRun.java:start(81)) - Thread[#919,13038c2f-3ff3-450f-8cad-b0ed419b91b5@group-E6D793FE520B-cacheEviction-AwaitToRun,5,main] started
2025-07-15 19:45:53,089 [13038c2f-3ff3-450f-8cad-b0ed419b91b5-groupManagement] INFO  segmented.SegmentedRaftLogWorker (SegmentedRaftLogWorker.java:<init>(190)) - new 13038c2f-3ff3-450f-8cad-b0ed419b91b5@group-E6D793FE520B-SegmentedRaftLogWorker for RaftStorageImpl:Storage Directory /home/runner/work/ozone/ozone/hadoop-ozone/integration-test/target/test-dir/MiniOzoneClusterImpl-0e8a6840-8092-433d-9bbe-2fd65d18bfc8/ozone-meta/datanode-1/ratis/f4fbed8a-e3ba-4f19-aa81-e6d793fe520b
2025-07-15 19:45:53,089 [13038c2f-3ff3-450f-8cad-b0ed419b91b5-groupManagement] INFO  server.RaftServerConfigKeys (ConfUtils.java:logGet(62)) - raft.server.log.queue.byte-limit = 4294967296 (custom)
2025-07-15 19:45:53,089 [13038c2f-3ff3-450f-8cad-b0ed419b91b5-groupManagement] INFO  server.RaftServerConfigKeys (ConfUtils.java:logGet(62)) - raft.server.log.queue.element-limit = 1024 (custom)
2025-07-15 19:45:53,089 [13038c2f-3ff3-450f-8cad-b0ed419b91b5-groupManagement] INFO  server.RaftServerConfigKeys (ConfUtils.java:logGet(62)) - raft.server.log.segment.size.max = 67108864 (custom)
2025-07-15 19:45:53,089 [13038c2f-3ff3-450f-8cad-b0ed419b91b5-groupManagement] INFO  server.RaftServerConfigKeys (ConfUtils.java:logGet(62)) - raft.server.log.preallocated.size = 4194304 (custom)
2025-07-15 19:45:53,089 [13038c2f-3ff3-450f-8cad-b0ed419b91b5-groupManagement] INFO  server.RaftServerConfigKeys (ConfUtils.java:logGet(62)) - raft.server.log.statemachine.data.sync.timeout.retry = 30 (custom)
2025-07-15 19:45:53,089 [13038c2f-3ff3-450f-8cad-b0ed419b91b5-groupManagement] INFO  server.RaftServerConfigKeys (ConfUtils.java:logGet(62)) - raft.server.log.write.buffer.size = 33554440 (custom)
2025-07-15 19:45:53,093 [EventQueue-PipelineReportForOneReplicaPipelineSafeModeRule] INFO  safemode.SCMSafeModeManager (SCMSafeModeManager.java:validateSafeModeExitRules(138)) - AtleastOneDatanodeReportedRule rule is successfully validated
2025-07-15 19:45:53,099 [13038c2f-3ff3-450f-8cad-b0ed419b91b5-groupManagement] INFO  server.RaftServerConfigKeys (ConfUtils.java:logGet(62)) - raft.server.log.appender.buffer.byte-limit = 33554432 (custom)
2025-07-15 19:45:53,099 [13038c2f-3ff3-450f-8cad-b0ed419b91b5-groupManagement] INFO  server.RaftServerConfigKeys (ConfUtils.java:logGet(62)) - raft.server.log.statemachine.data.caching.enabled = true (custom)
2025-07-15 19:45:53,099 [13038c2f-3ff3-450f-8cad-b0ed419b91b5-groupManagement] INFO  segmented.SegmentedRaftLogWorker (SegmentedRaftLogWorker.java:lambda$new$0(141)) - 13038c2f-3ff3-450f-8cad-b0ed419b91b5@group-E6D793FE520B-SegmentedRaftLogWorker: flushIndex: setUnconditionally 0 -> -1
2025-07-15 19:45:53,100 [13038c2f-3ff3-450f-8cad-b0ed419b91b5-groupManagement] INFO  segmented.SegmentedRaftLogWorker (SegmentedRaftLogWorker.java:lambda$new$0(141)) - 13038c2f-3ff3-450f-8cad-b0ed419b91b5@group-E6D793FE520B-SegmentedRaftLogWorker: safeCacheEvictIndex: setUnconditionally 0 -> -1
2025-07-15 19:45:53,100 [13038c2f-3ff3-450f-8cad-b0ed419b91b5-groupManagement] INFO  server.RaftServer$Division (RaftServerImpl.java:start(405)) - 13038c2f-3ff3-450f-8cad-b0ed419b91b5@group-E6D793FE520B: start as a follower, conf=conf: {index: -1, cur=peers:[13038c2f-3ff3-450f-8cad-b0ed419b91b5|127.0.0.1:15023]|listeners:[], old=null}
2025-07-15 19:45:53,100 [13038c2f-3ff3-450f-8cad-b0ed419b91b5-groupManagement] INFO  server.RaftServer$Division (RaftServerImpl.java:setRole(392)) - 13038c2f-3ff3-450f-8cad-b0ed419b91b5@group-E6D793FE520B: changes role from      null to FOLLOWER at term 0 for startAsFollower
2025-07-15 19:45:53,100 [13038c2f-3ff3-450f-8cad-b0ed419b91b5-groupManagement] INFO  impl.RoleInfo (RoleInfo.java:updateAndGet(148)) - 13038c2f-3ff3-450f-8cad-b0ed419b91b5: start 13038c2f-3ff3-450f-8cad-b0ed419b91b5@group-E6D793FE520B-FollowerState
2025-07-15 19:45:53,101 [13038c2f-3ff3-450f-8cad-b0ed419b91b5-groupManagement] INFO  util.JmxRegister (JmxRegister.java:tryRegister(44)) - Successfully registered JMX Bean with object name Ratis:service=RaftServer,group=group-E6D793FE520B,id=13038c2f-3ff3-450f-8cad-b0ed419b91b5
2025-07-15 19:45:53,101 [13038c2f-3ff3-450f-8cad-b0ed419b91b5-groupManagement] INFO  util.JmxRegister (JmxRegister.java:register(58)) - register mxBean class org.apache.ratis.server.impl.RaftServerJmxAdapter as Ratis:service=RaftServer,group=group-E6D793FE520B,id=13038c2f-3ff3-450f-8cad-b0ed419b91b5
2025-07-15 19:45:53,101 [13038c2f-3ff3-450f-8cad-b0ed419b91b5-groupManagement] INFO  server.RaftServerConfigKeys (ConfUtils.java:logGet(62)) - raft.server.snapshot.auto.trigger.threshold = 100000 (custom)
2025-07-15 19:45:53,101 [13038c2f-3ff3-450f-8cad-b0ed419b91b5-groupManagement] INFO  server.RaftServerConfigKeys (ConfUtils.java:logGet(62)) - raft.server.snapshot.retention.file.num = 5 (custom)
2025-07-15 19:45:53,101 [13038c2f-3ff3-450f-8cad-b0ed419b91b5-groupManagement] INFO  server.RaftServerConfigKeys (ConfUtils.java:logGet(62)) - raft.server.log.purge.upto.snapshot.index = false (default)
2025-07-15 19:45:53,102 [13038c2f-3ff3-450f-8cad-b0ed419b91b5-groupManagement] INFO  server.RaftServer$Division (RaftServerImpl.java:start(419)) - 13038c2f-3ff3-450f-8cad-b0ed419b91b5@group-E6D793FE520B: Successfully started.
2025-07-15 19:45:53,105 [13038c2f-3ff3-450f-8cad-b0ed419b91b5-PipelineCommandHandlerThread-0] INFO  ratis.XceiverServerRatis (XceiverServerRatis.java:addGroup(843)) - Created group Pipeline-f4fbed8a-e3ba-4f19-aa81-e6d793fe520b
2025-07-15 19:45:53,105 [13038c2f-3ff3-450f-8cad-b0ed419b91b5-PipelineCommandHandlerThread-0] INFO  commandhandler.CreatePipelineCommandHandler (CreatePipelineCommandHandler.java:lambda$handle$2(127)) - Created Pipeline RATIS ONE Pipeline-f4fbed8a-e3ba-4f19-aa81-e6d793fe520b.
2025-07-15 19:45:53,105 [13038c2f-3ff3-450f-8cad-b0ed419b91b5-PipelineCommandHandlerThread-0] INFO  server.RaftServer (RaftServerProxy.java:addNew(105)) - 13038c2f-3ff3-450f-8cad-b0ed419b91b5: addNew group-B6EF9C9D337D:[13038c2f-3ff3-450f-8cad-b0ed419b91b5|127.0.0.1:15023, 740e7591-da3d-4d6e-90a9-0f86ad91887d|127.0.0.1:15039, fe9e34e2-462c-4770-837c-ac5869922ef8|127.0.0.1:15031] returns group-B6EF9C9D337D:java.util.concurrent.CompletableFuture@5d1eb00b[Not completed]
2025-07-15 19:45:53,107 [63321245-e0ff-457f-8079-ff5ce612eddd@group-2FD65D18BFC8-StateMachineUpdater] INFO  safemode.SCMSafeModeManager (SCMSafeModeManager.java:validateSafeModeExitRules(138)) - DataNodeSafeModeRule rule is successfully validated
2025-07-15 19:45:53,107 [63321245-e0ff-457f-8079-ff5ce612eddd@group-2FD65D18BFC8-StateMachineUpdater] INFO  safemode.SCMSafeModeManager (SCMSafeModeManager.java:validateSafeModeExitRules(138)) - RatisContainerSafeModeRule rule is successfully validated
2025-07-15 19:45:53,108 [63321245-e0ff-457f-8079-ff5ce612eddd@group-2FD65D18BFC8-StateMachineUpdater] INFO  safemode.HealthyPipelineSafeModeRule (HealthyPipelineSafeModeRule.java:initializeRule(228)) - Refreshed total pipeline count is 0, healthy pipeline threshold count is 1
2025-07-15 19:45:53,108 [63321245-e0ff-457f-8079-ff5ce612eddd@group-2FD65D18BFC8-StateMachineUpdater] INFO  safemode.SCMSafeModeManager (SCMSafeModeManager.java:validateSafeModeExitRules(138)) - ECContainerSafeModeRule rule is successfully validated
2025-07-15 19:45:53,108 [63321245-e0ff-457f-8079-ff5ce612eddd@group-2FD65D18BFC8-StateMachineUpdater] INFO  safemode.SCMSafeModeManager (SCMSafeModeManager.java:validateSafeModeExitRules(138)) - AtleastOneDatanodeReportedRule rule is successfully validated
2025-07-15 19:45:53,109 [EventQueue-PipelineReportForPipelineReportHandler] INFO  pipeline.PipelineReportHandler (PipelineReportHandler.java:processPipelineReport(134)) - Opened pipeline Pipeline-f4fbed8a-e3ba-4f19-aa81-e6d793fe520b
2025-07-15 19:45:53,107 [13038c2f-3ff3-450f-8cad-b0ed419b91b5-groupManagement] INFO  server.RaftServer$Division (RaftServerImpl.java:<init>(268)) - 13038c2f-3ff3-450f-8cad-b0ed419b91b5: new RaftServerImpl for group-B6EF9C9D337D:[13038c2f-3ff3-450f-8cad-b0ed419b91b5|127.0.0.1:15023, 740e7591-da3d-4d6e-90a9-0f86ad91887d|127.0.0.1:15039, fe9e34e2-462c-4770-837c-ac5869922ef8|127.0.0.1:15031] with ContainerStateMachine:uninitialized
2025-07-15 19:45:53,111 [13038c2f-3ff3-450f-8cad-b0ed419b91b5-groupManagement] INFO  server.RaftServer$Division (ServerState.java:<init>(114)) - 13038c2f-3ff3-450f-8cad-b0ed419b91b5@group-B6EF9C9D337D: ConfigurationManager, init=conf: {index: -1, cur=peers:[13038c2f-3ff3-450f-8cad-b0ed419b91b5|127.0.0.1:15023, 740e7591-da3d-4d6e-90a9-0f86ad91887d|127.0.0.1:15039, fe9e34e2-462c-4770-837c-ac5869922ef8|127.0.0.1:15031]|listeners:[], old=null}, confs=<EMPTY_MAP>
2025-07-15 19:45:53,117 [13038c2f-3ff3-450f-8cad-b0ed419b91b5-groupManagement] INFO  storage.RaftStorageDirectory (RaftStorageDirectoryImpl.java:analyzeStorage(138)) - The storage directory /home/runner/work/ozone/ozone/hadoop-ozone/integration-test/target/test-dir/MiniOzoneClusterImpl-0e8a6840-8092-433d-9bbe-2fd65d18bfc8/ozone-meta/datanode-1/ratis/3e4bd71c-ace0-4d7f-826b-b6ef9c9d337d does not exist. Creating ...
2025-07-15 19:45:53,120 [13038c2f-3ff3-450f-8cad-b0ed419b91b5-groupManagement] INFO  storage.RaftStorageDirectory (RaftStorageDirectoryImpl.java:tryLock(229)) - Lock on /home/runner/work/ozone/ozone/hadoop-ozone/integration-test/target/test-dir/MiniOzoneClusterImpl-0e8a6840-8092-433d-9bbe-2fd65d18bfc8/ozone-meta/datanode-1/ratis/3e4bd71c-ace0-4d7f-826b-b6ef9c9d337d/in_use.lock acquired by nodename 53370@localhost
2025-07-15 19:45:53,122 [13038c2f-3ff3-450f-8cad-b0ed419b91b5-groupManagement] INFO  storage.RaftStorage (RaftStorageImpl.java:format(98)) - Storage directory /home/runner/work/ozone/ozone/hadoop-ozone/integration-test/target/test-dir/MiniOzoneClusterImpl-0e8a6840-8092-433d-9bbe-2fd65d18bfc8/ozone-meta/datanode-1/ratis/3e4bd71c-ace0-4d7f-826b-b6ef9c9d337d has been successfully formatted.
2025-07-15 19:45:53,122 [13038c2f-3ff3-450f-8cad-b0ed419b91b5-groupManagement] INFO  ratis.ContainerStateMachine (ContainerStateMachine.java:initialize(339)) - 13038c2f-3ff3-450f-8cad-b0ed419b91b5: initialize group-B6EF9C9D337D
2025-07-15 19:45:53,122 [13038c2f-3ff3-450f-8cad-b0ed419b91b5-groupManagement] INFO  ratis.ContainerStateMachine (ContainerStateMachine.java:loadSnapshot(347)) - group-B6EF9C9D337D: The snapshot info is null. Setting the last applied index to:<INITIAL_VALUE>
2025-07-15 19:45:53,122 [13038c2f-3ff3-450f-8cad-b0ed419b91b5-groupManagement] INFO  server.RaftServerConfigKeys (ConfUtils.java:logGet(62)) - raft.server.log.appender.buffer.byte-limit = 33554432 (custom)
2025-07-15 19:45:53,126 [EventQueue-PipelineReportForOneReplicaPipelineSafeModeRule] INFO  safemode.SCMSafeModeManager (SCMSafeModeManager.java:validateSafeModeExitRules(138)) - AtleastOneDatanodeReportedRule rule is successfully validated
2025-07-15 19:45:53,127 [13038c2f-3ff3-450f-8cad-b0ed419b91b5-groupManagement] INFO  server.RaftServerConfigKeys (ConfUtils.java:logGet(62)) - raft.server.log.segment.size.max = 67108864 (custom)
2025-07-15 19:45:53,128 [13038c2f-3ff3-450f-8cad-b0ed419b91b5-groupManagement] INFO  server.RaftServerConfigKeys (ConfUtils.java:logGet(62)) - raft.server.log.appender.buffer.byte-limit = 33554432 (custom)
2025-07-15 19:45:53,129 [13038c2f-3ff3-450f-8cad-b0ed419b91b5-groupManagement] INFO  util.AwaitToRun (AwaitToRun.java:start(81)) - Thread[#924,13038c2f-3ff3-450f-8cad-b0ed419b91b5@group-B6EF9C9D337D-cacheEviction-AwaitToRun,5,main] started
2025-07-15 19:45:53,129 [13038c2f-3ff3-450f-8cad-b0ed419b91b5-groupManagement] INFO  segmented.SegmentedRaftLogWorker (SegmentedRaftLogWorker.java:<init>(190)) - new 13038c2f-3ff3-450f-8cad-b0ed419b91b5@group-B6EF9C9D337D-SegmentedRaftLogWorker for RaftStorageImpl:Storage Directory /home/runner/work/ozone/ozone/hadoop-ozone/integration-test/target/test-dir/MiniOzoneClusterImpl-0e8a6840-8092-433d-9bbe-2fd65d18bfc8/ozone-meta/datanode-1/ratis/3e4bd71c-ace0-4d7f-826b-b6ef9c9d337d
2025-07-15 19:45:53,129 [13038c2f-3ff3-450f-8cad-b0ed419b91b5-groupManagement] INFO  server.RaftServerConfigKeys (ConfUtils.java:logGet(62)) - raft.server.log.queue.byte-limit = 4294967296 (custom)
2025-07-15 19:45:53,129 [13038c2f-3ff3-450f-8cad-b0ed419b91b5-groupManagement] INFO  server.RaftServerConfigKeys (ConfUtils.java:logGet(62)) - raft.server.log.segment.size.max = 67108864 (custom)
2025-07-15 19:45:53,129 [13038c2f-3ff3-450f-8cad-b0ed419b91b5-groupManagement] INFO  server.RaftServerConfigKeys (ConfUtils.java:logGet(62)) - raft.server.log.preallocated.size = 4194304 (custom)
2025-07-15 19:45:53,130 [13038c2f-3ff3-450f-8cad-b0ed419b91b5-groupManagement] INFO  server.RaftServerConfigKeys (ConfUtils.java:logGet(62)) - raft.server.log.write.buffer.size = 33554440 (custom)
2025-07-15 19:45:53,136 [13038c2f-3ff3-450f-8cad-b0ed419b91b5-groupManagement] INFO  server.RaftServerConfigKeys (ConfUtils.java:logGet(62)) - raft.server.log.appender.buffer.byte-limit = 33554432 (custom)
2025-07-15 19:45:53,136 [13038c2f-3ff3-450f-8cad-b0ed419b91b5-groupManagement] INFO  segmented.SegmentedRaftLogWorker (SegmentedRaftLogWorker.java:lambda$new$0(141)) - 13038c2f-3ff3-450f-8cad-b0ed419b91b5@group-B6EF9C9D337D-SegmentedRaftLogWorker: flushIndex: setUnconditionally 0 -> -1
2025-07-15 19:45:53,136 [13038c2f-3ff3-450f-8cad-b0ed419b91b5-groupManagement] INFO  segmented.SegmentedRaftLogWorker (SegmentedRaftLogWorker.java:lambda$new$0(141)) - 13038c2f-3ff3-450f-8cad-b0ed419b91b5@group-B6EF9C9D337D-SegmentedRaftLogWorker: safeCacheEvictIndex: setUnconditionally 0 -> -1
2025-07-15 19:45:53,138 [13038c2f-3ff3-450f-8cad-b0ed419b91b5-groupManagement] INFO  server.RaftServer$Division (RaftServerImpl.java:start(405)) - 13038c2f-3ff3-450f-8cad-b0ed419b91b5@group-B6EF9C9D337D: start as a follower, conf=conf: {index: -1, cur=peers:[13038c2f-3ff3-450f-8cad-b0ed419b91b5|127.0.0.1:15023, 740e7591-da3d-4d6e-90a9-0f86ad91887d|127.0.0.1:15039, fe9e34e2-462c-4770-837c-ac5869922ef8|127.0.0.1:15031]|listeners:[], old=null}
2025-07-15 19:45:53,138 [13038c2f-3ff3-450f-8cad-b0ed419b91b5-groupManagement] INFO  server.RaftServer$Division (RaftServerImpl.java:setRole(392)) - 13038c2f-3ff3-450f-8cad-b0ed419b91b5@group-B6EF9C9D337D: changes role from      null to FOLLOWER at term 0 for startAsFollower
2025-07-15 19:45:53,138 [13038c2f-3ff3-450f-8cad-b0ed419b91b5-groupManagement] INFO  impl.RoleInfo (RoleInfo.java:updateAndGet(148)) - 13038c2f-3ff3-450f-8cad-b0ed419b91b5: start 13038c2f-3ff3-450f-8cad-b0ed419b91b5@group-B6EF9C9D337D-FollowerState
2025-07-15 19:45:53,138 [13038c2f-3ff3-450f-8cad-b0ed419b91b5-groupManagement] INFO  util.JmxRegister (JmxRegister.java:tryRegister(44)) - Successfully registered JMX Bean with object name Ratis:service=RaftServer,group=group-B6EF9C9D337D,id=13038c2f-3ff3-450f-8cad-b0ed419b91b5
2025-07-15 19:45:53,138 [13038c2f-3ff3-450f-8cad-b0ed419b91b5-groupManagement] INFO  util.JmxRegister (JmxRegister.java:register(58)) - register mxBean class org.apache.ratis.server.impl.RaftServerJmxAdapter as Ratis:service=RaftServer,group=group-B6EF9C9D337D,id=13038c2f-3ff3-450f-8cad-b0ed419b91b5
2025-07-15 19:45:53,140 [13038c2f-3ff3-450f-8cad-b0ed419b91b5-groupManagement] INFO  server.RaftServer$Division (RaftServerImpl.java:start(419)) - 13038c2f-3ff3-450f-8cad-b0ed419b91b5@group-B6EF9C9D337D: Successfully started.
2025-07-15 19:45:53,141 [13038c2f-3ff3-450f-8cad-b0ed419b91b5-PipelineCommandHandlerThread-0] INFO  ratis.XceiverServerRatis (XceiverServerRatis.java:addGroup(843)) - Created group Pipeline-3e4bd71c-ace0-4d7f-826b-b6ef9c9d337d
2025-07-15 19:45:53,217 [grpc-default-executor-2] INFO  server.RaftServer (RaftServerProxy.java:addNew(105)) - 740e7591-da3d-4d6e-90a9-0f86ad91887d: addNew group-B6EF9C9D337D:[13038c2f-3ff3-450f-8cad-b0ed419b91b5|127.0.0.1:15023, 740e7591-da3d-4d6e-90a9-0f86ad91887d|127.0.0.1:15039, fe9e34e2-462c-4770-837c-ac5869922ef8|127.0.0.1:15031] returns group-B6EF9C9D337D:java.util.concurrent.CompletableFuture@2a5686e2[Not completed]
2025-07-15 19:45:53,220 [740e7591-da3d-4d6e-90a9-0f86ad91887d-groupManagement] INFO  server.RaftServer$Division (RaftServerImpl.java:<init>(268)) - 740e7591-da3d-4d6e-90a9-0f86ad91887d: new RaftServerImpl for group-B6EF9C9D337D:[13038c2f-3ff3-450f-8cad-b0ed419b91b5|127.0.0.1:15023, 740e7591-da3d-4d6e-90a9-0f86ad91887d|127.0.0.1:15039, fe9e34e2-462c-4770-837c-ac5869922ef8|127.0.0.1:15031] with ContainerStateMachine:uninitialized
2025-07-15 19:45:53,220 [740e7591-da3d-4d6e-90a9-0f86ad91887d-groupManagement] INFO  server.RaftServer$Division (ServerState.java:<init>(114)) - 740e7591-da3d-4d6e-90a9-0f86ad91887d@group-B6EF9C9D337D: ConfigurationManager, init=conf: {index: -1, cur=peers:[13038c2f-3ff3-450f-8cad-b0ed419b91b5|127.0.0.1:15023, 740e7591-da3d-4d6e-90a9-0f86ad91887d|127.0.0.1:15039, fe9e34e2-462c-4770-837c-ac5869922ef8|127.0.0.1:15031]|listeners:[], old=null}, confs=<EMPTY_MAP>
2025-07-15 19:45:53,227 [740e7591-da3d-4d6e-90a9-0f86ad91887d-groupManagement] INFO  server.RaftServerConfigKeys (ConfUtils.java:logGet(62)) - raft.server.storage.dir = [/home/runner/work/ozone/ozone/hadoop-ozone/integration-test/target/test-dir/MiniOzoneClusterImpl-0e8a6840-8092-433d-9bbe-2fd65d18bfc8/ozone-meta/datanode-3/ratis] (custom)
2025-07-15 19:45:53,227 [740e7591-da3d-4d6e-90a9-0f86ad91887d-groupManagement] INFO  storage.RaftStorageDirectory (RaftStorageDirectoryImpl.java:analyzeStorage(138)) - The storage directory /home/runner/work/ozone/ozone/hadoop-ozone/integration-test/target/test-dir/MiniOzoneClusterImpl-0e8a6840-8092-433d-9bbe-2fd65d18bfc8/ozone-meta/datanode-3/ratis/3e4bd71c-ace0-4d7f-826b-b6ef9c9d337d does not exist. Creating ...
2025-07-15 19:45:53,229 [740e7591-da3d-4d6e-90a9-0f86ad91887d-groupManagement] INFO  storage.RaftStorageDirectory (RaftStorageDirectoryImpl.java:tryLock(229)) - Lock on /home/runner/work/ozone/ozone/hadoop-ozone/integration-test/target/test-dir/MiniOzoneClusterImpl-0e8a6840-8092-433d-9bbe-2fd65d18bfc8/ozone-meta/datanode-3/ratis/3e4bd71c-ace0-4d7f-826b-b6ef9c9d337d/in_use.lock acquired by nodename 53370@localhost
2025-07-15 19:45:53,231 [740e7591-da3d-4d6e-90a9-0f86ad91887d-groupManagement] INFO  storage.RaftStorage (RaftStorageImpl.java:format(98)) - Storage directory /home/runner/work/ozone/ozone/hadoop-ozone/integration-test/target/test-dir/MiniOzoneClusterImpl-0e8a6840-8092-433d-9bbe-2fd65d18bfc8/ozone-meta/datanode-3/ratis/3e4bd71c-ace0-4d7f-826b-b6ef9c9d337d has been successfully formatted.
2025-07-15 19:45:53,231 [740e7591-da3d-4d6e-90a9-0f86ad91887d-groupManagement] INFO  ratis.ContainerStateMachine (ContainerStateMachine.java:initialize(339)) - 740e7591-da3d-4d6e-90a9-0f86ad91887d: initialize group-B6EF9C9D337D
2025-07-15 19:45:53,232 [740e7591-da3d-4d6e-90a9-0f86ad91887d-groupManagement] INFO  ratis.ContainerStateMachine (ContainerStateMachine.java:loadSnapshot(347)) - group-B6EF9C9D337D: The snapshot info is null. Setting the last applied index to:<INITIAL_VALUE>
2025-07-15 19:45:53,232 [740e7591-da3d-4d6e-90a9-0f86ad91887d-groupManagement] INFO  server.RaftServerConfigKeys (ConfUtils.java:logGet(62)) - raft.server.log.appender.buffer.byte-limit = 33554432 (custom)
2025-07-15 19:45:53,235 [EventQueue-PipelineReportForOneReplicaPipelineSafeModeRule] INFO  safemode.SCMSafeModeManager (SCMSafeModeManager.java:validateSafeModeExitRules(138)) - AtleastOneDatanodeReportedRule rule is successfully validated
2025-07-15 19:45:53,235 [740e7591-da3d-4d6e-90a9-0f86ad91887d-groupManagement] INFO  server.RaftServerConfigKeys (ConfUtils.java:logGet(62)) - raft.server.log.segment.size.max = 67108864 (custom)
2025-07-15 19:45:53,235 [740e7591-da3d-4d6e-90a9-0f86ad91887d-groupManagement] INFO  server.RaftServerConfigKeys (ConfUtils.java:logGet(62)) - raft.server.log.appender.buffer.byte-limit = 33554432 (custom)
2025-07-15 19:45:53,236 [740e7591-da3d-4d6e-90a9-0f86ad91887d-groupManagement] INFO  util.AwaitToRun (AwaitToRun.java:start(81)) - Thread[#929,740e7591-da3d-4d6e-90a9-0f86ad91887d@group-B6EF9C9D337D-cacheEviction-AwaitToRun,5,main] started
2025-07-15 19:45:53,236 [740e7591-da3d-4d6e-90a9-0f86ad91887d-groupManagement] INFO  segmented.SegmentedRaftLogWorker (SegmentedRaftLogWorker.java:<init>(190)) - new 740e7591-da3d-4d6e-90a9-0f86ad91887d@group-B6EF9C9D337D-SegmentedRaftLogWorker for RaftStorageImpl:Storage Directory /home/runner/work/ozone/ozone/hadoop-ozone/integration-test/target/test-dir/MiniOzoneClusterImpl-0e8a6840-8092-433d-9bbe-2fd65d18bfc8/ozone-meta/datanode-3/ratis/3e4bd71c-ace0-4d7f-826b-b6ef9c9d337d
2025-07-15 19:45:53,236 [740e7591-da3d-4d6e-90a9-0f86ad91887d-groupManagement] INFO  server.RaftServerConfigKeys (ConfUtils.java:logGet(62)) - raft.server.log.queue.byte-limit = 4294967296 (custom)
2025-07-15 19:45:53,236 [740e7591-da3d-4d6e-90a9-0f86ad91887d-groupManagement] INFO  server.RaftServerConfigKeys (ConfUtils.java:logGet(62)) - raft.server.log.segment.size.max = 67108864 (custom)
2025-07-15 19:45:53,236 [740e7591-da3d-4d6e-90a9-0f86ad91887d-groupManagement] INFO  server.RaftServerConfigKeys (ConfUtils.java:logGet(62)) - raft.server.log.preallocated.size = 4194304 (custom)
2025-07-15 19:45:53,237 [740e7591-da3d-4d6e-90a9-0f86ad91887d-groupManagement] INFO  server.RaftServerConfigKeys (ConfUtils.java:logGet(62)) - raft.server.log.write.buffer.size = 33554440 (custom)
2025-07-15 19:45:53,242 [740e7591-da3d-4d6e-90a9-0f86ad91887d-groupManagement] INFO  server.RaftServerConfigKeys (ConfUtils.java:logGet(62)) - raft.server.log.appender.buffer.byte-limit = 33554432 (custom)
2025-07-15 19:45:53,243 [740e7591-da3d-4d6e-90a9-0f86ad91887d-groupManagement] INFO  segmented.SegmentedRaftLogWorker (SegmentedRaftLogWorker.java:lambda$new$0(141)) - 740e7591-da3d-4d6e-90a9-0f86ad91887d@group-B6EF9C9D337D-SegmentedRaftLogWorker: flushIndex: setUnconditionally 0 -> -1
2025-07-15 19:45:53,243 [740e7591-da3d-4d6e-90a9-0f86ad91887d-groupManagement] INFO  segmented.SegmentedRaftLogWorker (SegmentedRaftLogWorker.java:lambda$new$0(141)) - 740e7591-da3d-4d6e-90a9-0f86ad91887d@group-B6EF9C9D337D-SegmentedRaftLogWorker: safeCacheEvictIndex: setUnconditionally 0 -> -1
2025-07-15 19:45:53,243 [740e7591-da3d-4d6e-90a9-0f86ad91887d-groupManagement] INFO  server.RaftServer$Division (RaftServerImpl.java:start(405)) - 740e7591-da3d-4d6e-90a9-0f86ad91887d@group-B6EF9C9D337D: start as a follower, conf=conf: {index: -1, cur=peers:[13038c2f-3ff3-450f-8cad-b0ed419b91b5|127.0.0.1:15023, 740e7591-da3d-4d6e-90a9-0f86ad91887d|127.0.0.1:15039, fe9e34e2-462c-4770-837c-ac5869922ef8|127.0.0.1:15031]|listeners:[], old=null}
2025-07-15 19:45:53,244 [740e7591-da3d-4d6e-90a9-0f86ad91887d-groupManagement] INFO  server.RaftServer$Division (RaftServerImpl.java:setRole(392)) - 740e7591-da3d-4d6e-90a9-0f86ad91887d@group-B6EF9C9D337D: changes role from      null to FOLLOWER at term 0 for startAsFollower
2025-07-15 19:45:53,244 [740e7591-da3d-4d6e-90a9-0f86ad91887d-groupManagement] INFO  impl.RoleInfo (RoleInfo.java:updateAndGet(148)) - 740e7591-da3d-4d6e-90a9-0f86ad91887d: start 740e7591-da3d-4d6e-90a9-0f86ad91887d@group-B6EF9C9D337D-FollowerState
2025-07-15 19:45:53,244 [740e7591-da3d-4d6e-90a9-0f86ad91887d-groupManagement] INFO  util.JmxRegister (JmxRegister.java:tryRegister(44)) - Successfully registered JMX Bean with object name Ratis:service=RaftServer,group=group-B6EF9C9D337D,id=740e7591-da3d-4d6e-90a9-0f86ad91887d
2025-07-15 19:45:53,244 [740e7591-da3d-4d6e-90a9-0f86ad91887d-groupManagement] INFO  util.JmxRegister (JmxRegister.java:register(58)) - register mxBean class org.apache.ratis.server.impl.RaftServerJmxAdapter as Ratis:service=RaftServer,group=group-B6EF9C9D337D,id=740e7591-da3d-4d6e-90a9-0f86ad91887d
2025-07-15 19:45:53,245 [740e7591-da3d-4d6e-90a9-0f86ad91887d-groupManagement] INFO  server.RaftServer$Division (RaftServerImpl.java:start(419)) - 740e7591-da3d-4d6e-90a9-0f86ad91887d@group-B6EF9C9D337D: Successfully started.
2025-07-15 19:45:53,282 [grpc-default-executor-2] INFO  server.RaftServer (RaftServerProxy.java:addNew(105)) - fe9e34e2-462c-4770-837c-ac5869922ef8: addNew group-B6EF9C9D337D:[13038c2f-3ff3-450f-8cad-b0ed419b91b5|127.0.0.1:15023, 740e7591-da3d-4d6e-90a9-0f86ad91887d|127.0.0.1:15039, fe9e34e2-462c-4770-837c-ac5869922ef8|127.0.0.1:15031] returns group-B6EF9C9D337D:java.util.concurrent.CompletableFuture@31420a75[Not completed]
2025-07-15 19:45:53,284 [fe9e34e2-462c-4770-837c-ac5869922ef8-groupManagement] INFO  server.RaftServer$Division (RaftServerImpl.java:<init>(268)) - fe9e34e2-462c-4770-837c-ac5869922ef8: new RaftServerImpl for group-B6EF9C9D337D:[13038c2f-3ff3-450f-8cad-b0ed419b91b5|127.0.0.1:15023, 740e7591-da3d-4d6e-90a9-0f86ad91887d|127.0.0.1:15039, fe9e34e2-462c-4770-837c-ac5869922ef8|127.0.0.1:15031] with ContainerStateMachine:uninitialized
2025-07-15 19:45:53,285 [fe9e34e2-462c-4770-837c-ac5869922ef8-groupManagement] INFO  server.RaftServer$Division (ServerState.java:<init>(114)) - fe9e34e2-462c-4770-837c-ac5869922ef8@group-B6EF9C9D337D: ConfigurationManager, init=conf: {index: -1, cur=peers:[13038c2f-3ff3-450f-8cad-b0ed419b91b5|127.0.0.1:15023, 740e7591-da3d-4d6e-90a9-0f86ad91887d|127.0.0.1:15039, fe9e34e2-462c-4770-837c-ac5869922ef8|127.0.0.1:15031]|listeners:[], old=null}, confs=<EMPTY_MAP>
2025-07-15 19:45:53,290 [fe9e34e2-462c-4770-837c-ac5869922ef8-groupManagement] INFO  server.RaftServerConfigKeys (ConfUtils.java:logGet(62)) - raft.server.storage.dir = [/home/runner/work/ozone/ozone/hadoop-ozone/integration-test/target/test-dir/MiniOzoneClusterImpl-0e8a6840-8092-433d-9bbe-2fd65d18bfc8/ozone-meta/datanode-2/ratis] (custom)
2025-07-15 19:45:53,291 [fe9e34e2-462c-4770-837c-ac5869922ef8-groupManagement] INFO  storage.RaftStorageDirectory (RaftStorageDirectoryImpl.java:analyzeStorage(138)) - The storage directory /home/runner/work/ozone/ozone/hadoop-ozone/integration-test/target/test-dir/MiniOzoneClusterImpl-0e8a6840-8092-433d-9bbe-2fd65d18bfc8/ozone-meta/datanode-2/ratis/3e4bd71c-ace0-4d7f-826b-b6ef9c9d337d does not exist. Creating ...
2025-07-15 19:45:53,292 [fe9e34e2-462c-4770-837c-ac5869922ef8-groupManagement] INFO  storage.RaftStorageDirectory (RaftStorageDirectoryImpl.java:tryLock(229)) - Lock on /home/runner/work/ozone/ozone/hadoop-ozone/integration-test/target/test-dir/MiniOzoneClusterImpl-0e8a6840-8092-433d-9bbe-2fd65d18bfc8/ozone-meta/datanode-2/ratis/3e4bd71c-ace0-4d7f-826b-b6ef9c9d337d/in_use.lock acquired by nodename 53370@localhost
2025-07-15 19:45:53,293 [fe9e34e2-462c-4770-837c-ac5869922ef8-groupManagement] INFO  storage.RaftStorage (RaftStorageImpl.java:format(98)) - Storage directory /home/runner/work/ozone/ozone/hadoop-ozone/integration-test/target/test-dir/MiniOzoneClusterImpl-0e8a6840-8092-433d-9bbe-2fd65d18bfc8/ozone-meta/datanode-2/ratis/3e4bd71c-ace0-4d7f-826b-b6ef9c9d337d has been successfully formatted.
2025-07-15 19:45:53,294 [fe9e34e2-462c-4770-837c-ac5869922ef8-groupManagement] INFO  ratis.ContainerStateMachine (ContainerStateMachine.java:initialize(339)) - fe9e34e2-462c-4770-837c-ac5869922ef8: initialize group-B6EF9C9D337D
2025-07-15 19:45:53,294 [fe9e34e2-462c-4770-837c-ac5869922ef8-groupManagement] INFO  ratis.ContainerStateMachine (ContainerStateMachine.java:loadSnapshot(347)) - group-B6EF9C9D337D: The snapshot info is null. Setting the last applied index to:<INITIAL_VALUE>
2025-07-15 19:45:53,294 [fe9e34e2-462c-4770-837c-ac5869922ef8-groupManagement] INFO  server.RaftServerConfigKeys (ConfUtils.java:logGet(62)) - raft.server.log.appender.buffer.byte-limit = 33554432 (custom)
2025-07-15 19:45:53,296 [fe9e34e2-462c-4770-837c-ac5869922ef8-groupManagement] INFO  server.RaftServerConfigKeys (ConfUtils.java:logGet(62)) - raft.server.log.segment.size.max = 67108864 (custom)
2025-07-15 19:45:53,297 [EventQueue-PipelineReportForOneReplicaPipelineSafeModeRule] INFO  safemode.SCMSafeModeManager (SCMSafeModeManager.java:validateSafeModeExitRules(138)) - AtleastOneDatanodeReportedRule rule is successfully validated
2025-07-15 19:45:53,297 [fe9e34e2-462c-4770-837c-ac5869922ef8-groupManagement] INFO  server.RaftServerConfigKeys (ConfUtils.java:logGet(62)) - raft.server.log.appender.buffer.byte-limit = 33554432 (custom)
2025-07-15 19:45:53,297 [fe9e34e2-462c-4770-837c-ac5869922ef8-groupManagement] INFO  util.AwaitToRun (AwaitToRun.java:start(81)) - Thread[#937,fe9e34e2-462c-4770-837c-ac5869922ef8@group-B6EF9C9D337D-cacheEviction-AwaitToRun,5,main] started
2025-07-15 19:45:53,297 [fe9e34e2-462c-4770-837c-ac5869922ef8-groupManagement] INFO  segmented.SegmentedRaftLogWorker (SegmentedRaftLogWorker.java:<init>(190)) - new fe9e34e2-462c-4770-837c-ac5869922ef8@group-B6EF9C9D337D-SegmentedRaftLogWorker for RaftStorageImpl:Storage Directory /home/runner/work/ozone/ozone/hadoop-ozone/integration-test/target/test-dir/MiniOzoneClusterImpl-0e8a6840-8092-433d-9bbe-2fd65d18bfc8/ozone-meta/datanode-2/ratis/3e4bd71c-ace0-4d7f-826b-b6ef9c9d337d
2025-07-15 19:45:53,297 [fe9e34e2-462c-4770-837c-ac5869922ef8-groupManagement] INFO  server.RaftServerConfigKeys (ConfUtils.java:logGet(62)) - raft.server.log.queue.byte-limit = 4294967296 (custom)
2025-07-15 19:45:53,297 [fe9e34e2-462c-4770-837c-ac5869922ef8-groupManagement] INFO  server.RaftServerConfigKeys (ConfUtils.java:logGet(62)) - raft.server.log.segment.size.max = 67108864 (custom)
2025-07-15 19:45:53,297 [fe9e34e2-462c-4770-837c-ac5869922ef8-groupManagement] INFO  server.RaftServerConfigKeys (ConfUtils.java:logGet(62)) - raft.server.log.preallocated.size = 4194304 (custom)
2025-07-15 19:45:53,298 [fe9e34e2-462c-4770-837c-ac5869922ef8-groupManagement] INFO  server.RaftServerConfigKeys (ConfUtils.java:logGet(62)) - raft.server.log.write.buffer.size = 33554440 (custom)
2025-07-15 19:45:53,304 [fe9e34e2-462c-4770-837c-ac5869922ef8-groupManagement] INFO  server.RaftServerConfigKeys (ConfUtils.java:logGet(62)) - raft.server.log.appender.buffer.byte-limit = 33554432 (custom)
2025-07-15 19:45:53,304 [fe9e34e2-462c-4770-837c-ac5869922ef8-groupManagement] INFO  segmented.SegmentedRaftLogWorker (SegmentedRaftLogWorker.java:lambda$new$0(141)) - fe9e34e2-462c-4770-837c-ac5869922ef8@group-B6EF9C9D337D-SegmentedRaftLogWorker: flushIndex: setUnconditionally 0 -> -1
2025-07-15 19:45:53,304 [fe9e34e2-462c-4770-837c-ac5869922ef8-groupManagement] INFO  segmented.SegmentedRaftLogWorker (SegmentedRaftLogWorker.java:lambda$new$0(141)) - fe9e34e2-462c-4770-837c-ac5869922ef8@group-B6EF9C9D337D-SegmentedRaftLogWorker: safeCacheEvictIndex: setUnconditionally 0 -> -1
2025-07-15 19:45:53,305 [fe9e34e2-462c-4770-837c-ac5869922ef8-groupManagement] INFO  server.RaftServer$Division (RaftServerImpl.java:start(405)) - fe9e34e2-462c-4770-837c-ac5869922ef8@group-B6EF9C9D337D: start as a follower, conf=conf: {index: -1, cur=peers:[13038c2f-3ff3-450f-8cad-b0ed419b91b5|127.0.0.1:15023, 740e7591-da3d-4d6e-90a9-0f86ad91887d|127.0.0.1:15039, fe9e34e2-462c-4770-837c-ac5869922ef8|127.0.0.1:15031]|listeners:[], old=null}
2025-07-15 19:45:53,305 [fe9e34e2-462c-4770-837c-ac5869922ef8-groupManagement] INFO  server.RaftServer$Division (RaftServerImpl.java:setRole(392)) - fe9e34e2-462c-4770-837c-ac5869922ef8@group-B6EF9C9D337D: changes role from      null to FOLLOWER at term 0 for startAsFollower
2025-07-15 19:45:53,305 [fe9e34e2-462c-4770-837c-ac5869922ef8-groupManagement] INFO  impl.RoleInfo (RoleInfo.java:updateAndGet(148)) - fe9e34e2-462c-4770-837c-ac5869922ef8: start fe9e34e2-462c-4770-837c-ac5869922ef8@group-B6EF9C9D337D-FollowerState
2025-07-15 19:45:53,306 [fe9e34e2-462c-4770-837c-ac5869922ef8-groupManagement] INFO  util.JmxRegister (JmxRegister.java:tryRegister(44)) - Successfully registered JMX Bean with object name Ratis:service=RaftServer,group=group-B6EF9C9D337D,id=fe9e34e2-462c-4770-837c-ac5869922ef8
2025-07-15 19:45:53,306 [fe9e34e2-462c-4770-837c-ac5869922ef8-groupManagement] INFO  util.JmxRegister (JmxRegister.java:register(58)) - register mxBean class org.apache.ratis.server.impl.RaftServerJmxAdapter as Ratis:service=RaftServer,group=group-B6EF9C9D337D,id=fe9e34e2-462c-4770-837c-ac5869922ef8
2025-07-15 19:45:53,307 [fe9e34e2-462c-4770-837c-ac5869922ef8-groupManagement] INFO  server.RaftServer$Division (RaftServerImpl.java:start(419)) - fe9e34e2-462c-4770-837c-ac5869922ef8@group-B6EF9C9D337D: Successfully started.
2025-07-15 19:45:53,312 [13038c2f-3ff3-450f-8cad-b0ed419b91b5-PipelineCommandHandlerThread-0] INFO  commandhandler.CreatePipelineCommandHandler (CreatePipelineCommandHandler.java:lambda$handle$2(127)) - Created Pipeline RATIS THREE Pipeline-3e4bd71c-ace0-4d7f-826b-b6ef9c9d337d.
2025-07-15 19:45:53,313 [13038c2f-3ff3-450f-8cad-b0ed419b91b5-PipelineCommandHandlerThread-0] INFO  server.RaftServer (RaftServerProxy.java:addNew(105)) - 13038c2f-3ff3-450f-8cad-b0ed419b91b5: addNew group-DA70A9FE57AB:[13038c2f-3ff3-450f-8cad-b0ed419b91b5|127.0.0.1:15023, 740e7591-da3d-4d6e-90a9-0f86ad91887d|127.0.0.1:15039, fe9e34e2-462c-4770-837c-ac5869922ef8|127.0.0.1:15031] returns group-DA70A9FE57AB:java.util.concurrent.CompletableFuture@4aac0984[Not completed]
2025-07-15 19:45:53,314 [13038c2f-3ff3-450f-8cad-b0ed419b91b5-groupManagement] INFO  server.RaftServer$Division (RaftServerImpl.java:<init>(268)) - 13038c2f-3ff3-450f-8cad-b0ed419b91b5: new RaftServerImpl for group-DA70A9FE57AB:[13038c2f-3ff3-450f-8cad-b0ed419b91b5|127.0.0.1:15023, 740e7591-da3d-4d6e-90a9-0f86ad91887d|127.0.0.1:15039, fe9e34e2-462c-4770-837c-ac5869922ef8|127.0.0.1:15031] with ContainerStateMachine:uninitialized
2025-07-15 19:45:53,315 [13038c2f-3ff3-450f-8cad-b0ed419b91b5-groupManagement] INFO  server.RaftServer$Division (ServerState.java:<init>(114)) - 13038c2f-3ff3-450f-8cad-b0ed419b91b5@group-DA70A9FE57AB: ConfigurationManager, init=conf: {index: -1, cur=peers:[13038c2f-3ff3-450f-8cad-b0ed419b91b5|127.0.0.1:15023, 740e7591-da3d-4d6e-90a9-0f86ad91887d|127.0.0.1:15039, fe9e34e2-462c-4770-837c-ac5869922ef8|127.0.0.1:15031]|listeners:[], old=null}, confs=<EMPTY_MAP>
2025-07-15 19:45:53,320 [13038c2f-3ff3-450f-8cad-b0ed419b91b5-groupManagement] INFO  server.RaftServerConfigKeys (ConfUtils.java:logGet(62)) - raft.server.storage.dir = [/home/runner/work/ozone/ozone/hadoop-ozone/integration-test/target/test-dir/MiniOzoneClusterImpl-0e8a6840-8092-433d-9bbe-2fd65d18bfc8/ozone-meta/datanode-1/ratis] (custom)
2025-07-15 19:45:53,320 [13038c2f-3ff3-450f-8cad-b0ed419b91b5-groupManagement] INFO  storage.RaftStorageDirectory (RaftStorageDirectoryImpl.java:analyzeStorage(138)) - The storage directory /home/runner/work/ozone/ozone/hadoop-ozone/integration-test/target/test-dir/MiniOzoneClusterImpl-0e8a6840-8092-433d-9bbe-2fd65d18bfc8/ozone-meta/datanode-1/ratis/f40fc52b-9e31-4aac-8167-da70a9fe57ab does not exist. Creating ...
2025-07-15 19:45:53,321 [13038c2f-3ff3-450f-8cad-b0ed419b91b5-groupManagement] INFO  storage.RaftStorageDirectory (RaftStorageDirectoryImpl.java:tryLock(229)) - Lock on /home/runner/work/ozone/ozone/hadoop-ozone/integration-test/target/test-dir/MiniOzoneClusterImpl-0e8a6840-8092-433d-9bbe-2fd65d18bfc8/ozone-meta/datanode-1/ratis/f40fc52b-9e31-4aac-8167-da70a9fe57ab/in_use.lock acquired by nodename 53370@localhost
2025-07-15 19:45:53,323 [13038c2f-3ff3-450f-8cad-b0ed419b91b5-groupManagement] INFO  storage.RaftStorage (RaftStorageImpl.java:format(98)) - Storage directory /home/runner/work/ozone/ozone/hadoop-ozone/integration-test/target/test-dir/MiniOzoneClusterImpl-0e8a6840-8092-433d-9bbe-2fd65d18bfc8/ozone-meta/datanode-1/ratis/f40fc52b-9e31-4aac-8167-da70a9fe57ab has been successfully formatted.
2025-07-15 19:45:53,323 [13038c2f-3ff3-450f-8cad-b0ed419b91b5-groupManagement] INFO  ratis.ContainerStateMachine (ContainerStateMachine.java:initialize(339)) - 13038c2f-3ff3-450f-8cad-b0ed419b91b5: initialize group-DA70A9FE57AB
2025-07-15 19:45:53,323 [13038c2f-3ff3-450f-8cad-b0ed419b91b5-groupManagement] INFO  ratis.ContainerStateMachine (ContainerStateMachine.java:loadSnapshot(347)) - group-DA70A9FE57AB: The snapshot info is null. Setting the last applied index to:<INITIAL_VALUE>
2025-07-15 19:45:53,323 [13038c2f-3ff3-450f-8cad-b0ed419b91b5-groupManagement] INFO  server.RaftServerConfigKeys (ConfUtils.java:logGet(62)) - raft.server.log.appender.buffer.byte-limit = 33554432 (custom)
2025-07-15 19:45:53,326 [13038c2f-3ff3-450f-8cad-b0ed419b91b5-groupManagement] INFO  server.RaftServerConfigKeys (ConfUtils.java:logGet(62)) - raft.server.log.segment.size.max = 67108864 (custom)
2025-07-15 19:45:53,326 [13038c2f-3ff3-450f-8cad-b0ed419b91b5-groupManagement] INFO  server.RaftServerConfigKeys (ConfUtils.java:logGet(62)) - raft.server.log.appender.buffer.byte-limit = 33554432 (custom)
2025-07-15 19:45:53,326 [EventQueue-PipelineReportForOneReplicaPipelineSafeModeRule] INFO  safemode.SCMSafeModeManager (SCMSafeModeManager.java:validateSafeModeExitRules(138)) - AtleastOneDatanodeReportedRule rule is successfully validated
2025-07-15 19:45:53,327 [13038c2f-3ff3-450f-8cad-b0ed419b91b5-groupManagement] INFO  util.AwaitToRun (AwaitToRun.java:start(81)) - Thread[#944,13038c2f-3ff3-450f-8cad-b0ed419b91b5@group-DA70A9FE57AB-cacheEviction-AwaitToRun,5,main] started
2025-07-15 19:45:53,328 [13038c2f-3ff3-450f-8cad-b0ed419b91b5-groupManagement] INFO  segmented.SegmentedRaftLogWorker (SegmentedRaftLogWorker.java:<init>(190)) - new 13038c2f-3ff3-450f-8cad-b0ed419b91b5@group-DA70A9FE57AB-SegmentedRaftLogWorker for RaftStorageImpl:Storage Directory /home/runner/work/ozone/ozone/hadoop-ozone/integration-test/target/test-dir/MiniOzoneClusterImpl-0e8a6840-8092-433d-9bbe-2fd65d18bfc8/ozone-meta/datanode-1/ratis/f40fc52b-9e31-4aac-8167-da70a9fe57ab
2025-07-15 19:45:53,328 [13038c2f-3ff3-450f-8cad-b0ed419b91b5-groupManagement] INFO  server.RaftServerConfigKeys (ConfUtils.java:logGet(62)) - raft.server.log.queue.byte-limit = 4294967296 (custom)
2025-07-15 19:45:53,328 [13038c2f-3ff3-450f-8cad-b0ed419b91b5-groupManagement] INFO  server.RaftServerConfigKeys (ConfUtils.java:logGet(62)) - raft.server.log.segment.size.max = 67108864 (custom)
2025-07-15 19:45:53,328 [13038c2f-3ff3-450f-8cad-b0ed419b91b5-groupManagement] INFO  server.RaftServerConfigKeys (ConfUtils.java:logGet(62)) - raft.server.log.preallocated.size = 4194304 (custom)
2025-07-15 19:45:53,329 [13038c2f-3ff3-450f-8cad-b0ed419b91b5-groupManagement] INFO  server.RaftServerConfigKeys (ConfUtils.java:logGet(62)) - raft.server.log.write.buffer.size = 33554440 (custom)
2025-07-15 19:45:53,335 [13038c2f-3ff3-450f-8cad-b0ed419b91b5-groupManagement] INFO  server.RaftServerConfigKeys (ConfUtils.java:logGet(62)) - raft.server.log.appender.buffer.byte-limit = 33554432 (custom)
2025-07-15 19:45:53,335 [13038c2f-3ff3-450f-8cad-b0ed419b91b5-groupManagement] INFO  segmented.SegmentedRaftLogWorker (SegmentedRaftLogWorker.java:lambda$new$0(141)) - 13038c2f-3ff3-450f-8cad-b0ed419b91b5@group-DA70A9FE57AB-SegmentedRaftLogWorker: flushIndex: setUnconditionally 0 -> -1
2025-07-15 19:45:53,335 [13038c2f-3ff3-450f-8cad-b0ed419b91b5-groupManagement] INFO  segmented.SegmentedRaftLogWorker (SegmentedRaftLogWorker.java:lambda$new$0(141)) - 13038c2f-3ff3-450f-8cad-b0ed419b91b5@group-DA70A9FE57AB-SegmentedRaftLogWorker: safeCacheEvictIndex: setUnconditionally 0 -> -1
2025-07-15 19:45:53,335 [13038c2f-3ff3-450f-8cad-b0ed419b91b5-groupManagement] INFO  server.RaftServer$Division (RaftServerImpl.java:start(405)) - 13038c2f-3ff3-450f-8cad-b0ed419b91b5@group-DA70A9FE57AB: start as a follower, conf=conf: {index: -1, cur=peers:[13038c2f-3ff3-450f-8cad-b0ed419b91b5|127.0.0.1:15023, 740e7591-da3d-4d6e-90a9-0f86ad91887d|127.0.0.1:15039, fe9e34e2-462c-4770-837c-ac5869922ef8|127.0.0.1:15031]|listeners:[], old=null}
2025-07-15 19:45:53,336 [13038c2f-3ff3-450f-8cad-b0ed419b91b5-groupManagement] INFO  server.RaftServer$Division (RaftServerImpl.java:setRole(392)) - 13038c2f-3ff3-450f-8cad-b0ed419b91b5@group-DA70A9FE57AB: changes role from      null to FOLLOWER at term 0 for startAsFollower
2025-07-15 19:45:53,336 [13038c2f-3ff3-450f-8cad-b0ed419b91b5-groupManagement] INFO  impl.RoleInfo (RoleInfo.java:updateAndGet(148)) - 13038c2f-3ff3-450f-8cad-b0ed419b91b5: start 13038c2f-3ff3-450f-8cad-b0ed419b91b5@group-DA70A9FE57AB-FollowerState
2025-07-15 19:45:53,337 [13038c2f-3ff3-450f-8cad-b0ed419b91b5-groupManagement] INFO  util.JmxRegister (JmxRegister.java:tryRegister(44)) - Successfully registered JMX Bean with object name Ratis:service=RaftServer,group=group-DA70A9FE57AB,id=13038c2f-3ff3-450f-8cad-b0ed419b91b5
2025-07-15 19:45:53,337 [13038c2f-3ff3-450f-8cad-b0ed419b91b5-groupManagement] INFO  util.JmxRegister (JmxRegister.java:register(58)) - register mxBean class org.apache.ratis.server.impl.RaftServerJmxAdapter as Ratis:service=RaftServer,group=group-DA70A9FE57AB,id=13038c2f-3ff3-450f-8cad-b0ed419b91b5
2025-07-15 19:45:53,338 [13038c2f-3ff3-450f-8cad-b0ed419b91b5-groupManagement] INFO  server.RaftServer$Division (RaftServerImpl.java:start(419)) - 13038c2f-3ff3-450f-8cad-b0ed419b91b5@group-DA70A9FE57AB: Successfully started.
2025-07-15 19:45:53,338 [13038c2f-3ff3-450f-8cad-b0ed419b91b5-PipelineCommandHandlerThread-0] INFO  ratis.XceiverServerRatis (XceiverServerRatis.java:addGroup(843)) - Created group Pipeline-f40fc52b-9e31-4aac-8167-da70a9fe57ab
2025-07-15 19:45:53,346 [grpc-default-executor-2] INFO  server.RaftServer (RaftServerProxy.java:addNew(105)) - 740e7591-da3d-4d6e-90a9-0f86ad91887d: addNew group-DA70A9FE57AB:[13038c2f-3ff3-450f-8cad-b0ed419b91b5|127.0.0.1:15023, 740e7591-da3d-4d6e-90a9-0f86ad91887d|127.0.0.1:15039, fe9e34e2-462c-4770-837c-ac5869922ef8|127.0.0.1:15031] returns group-DA70A9FE57AB:java.util.concurrent.CompletableFuture@7466b123[Not completed]
2025-07-15 19:45:53,348 [740e7591-da3d-4d6e-90a9-0f86ad91887d-groupManagement] INFO  server.RaftServer$Division (RaftServerImpl.java:<init>(268)) - 740e7591-da3d-4d6e-90a9-0f86ad91887d: new RaftServerImpl for group-DA70A9FE57AB:[13038c2f-3ff3-450f-8cad-b0ed419b91b5|127.0.0.1:15023, 740e7591-da3d-4d6e-90a9-0f86ad91887d|127.0.0.1:15039, fe9e34e2-462c-4770-837c-ac5869922ef8|127.0.0.1:15031] with ContainerStateMachine:uninitialized
2025-07-15 19:45:53,348 [740e7591-da3d-4d6e-90a9-0f86ad91887d-groupManagement] INFO  server.RaftServer$Division (ServerState.java:<init>(114)) - 740e7591-da3d-4d6e-90a9-0f86ad91887d@group-DA70A9FE57AB: ConfigurationManager, init=conf: {index: -1, cur=peers:[13038c2f-3ff3-450f-8cad-b0ed419b91b5|127.0.0.1:15023, 740e7591-da3d-4d6e-90a9-0f86ad91887d|127.0.0.1:15039, fe9e34e2-462c-4770-837c-ac5869922ef8|127.0.0.1:15031]|listeners:[], old=null}, confs=<EMPTY_MAP>
2025-07-15 19:45:53,353 [740e7591-da3d-4d6e-90a9-0f86ad91887d-groupManagement] INFO  server.RaftServerConfigKeys (ConfUtils.java:logGet(62)) - raft.server.storage.dir = [/home/runner/work/ozone/ozone/hadoop-ozone/integration-test/target/test-dir/MiniOzoneClusterImpl-0e8a6840-8092-433d-9bbe-2fd65d18bfc8/ozone-meta/datanode-3/ratis] (custom)
2025-07-15 19:45:53,353 [740e7591-da3d-4d6e-90a9-0f86ad91887d-groupManagement] INFO  storage.RaftStorageDirectory (RaftStorageDirectoryImpl.java:analyzeStorage(138)) - The storage directory /home/runner/work/ozone/ozone/hadoop-ozone/integration-test/target/test-dir/MiniOzoneClusterImpl-0e8a6840-8092-433d-9bbe-2fd65d18bfc8/ozone-meta/datanode-3/ratis/f40fc52b-9e31-4aac-8167-da70a9fe57ab does not exist. Creating ...
2025-07-15 19:45:53,354 [740e7591-da3d-4d6e-90a9-0f86ad91887d-groupManagement] INFO  storage.RaftStorageDirectory (RaftStorageDirectoryImpl.java:tryLock(229)) - Lock on /home/runner/work/ozone/ozone/hadoop-ozone/integration-test/target/test-dir/MiniOzoneClusterImpl-0e8a6840-8092-433d-9bbe-2fd65d18bfc8/ozone-meta/datanode-3/ratis/f40fc52b-9e31-4aac-8167-da70a9fe57ab/in_use.lock acquired by nodename 53370@localhost
2025-07-15 19:45:53,355 [740e7591-da3d-4d6e-90a9-0f86ad91887d-groupManagement] INFO  storage.RaftStorage (RaftStorageImpl.java:format(98)) - Storage directory /home/runner/work/ozone/ozone/hadoop-ozone/integration-test/target/test-dir/MiniOzoneClusterImpl-0e8a6840-8092-433d-9bbe-2fd65d18bfc8/ozone-meta/datanode-3/ratis/f40fc52b-9e31-4aac-8167-da70a9fe57ab has been successfully formatted.
2025-07-15 19:45:53,356 [740e7591-da3d-4d6e-90a9-0f86ad91887d-groupManagement] INFO  ratis.ContainerStateMachine (ContainerStateMachine.java:initialize(339)) - 740e7591-da3d-4d6e-90a9-0f86ad91887d: initialize group-DA70A9FE57AB
2025-07-15 19:45:53,356 [740e7591-da3d-4d6e-90a9-0f86ad91887d-groupManagement] INFO  ratis.ContainerStateMachine (ContainerStateMachine.java:loadSnapshot(347)) - group-DA70A9FE57AB: The snapshot info is null. Setting the last applied index to:<INITIAL_VALUE>
2025-07-15 19:45:53,356 [740e7591-da3d-4d6e-90a9-0f86ad91887d-groupManagement] INFO  server.RaftServerConfigKeys (ConfUtils.java:logGet(62)) - raft.server.log.appender.buffer.byte-limit = 33554432 (custom)
2025-07-15 19:45:53,358 [EventQueue-PipelineReportForOneReplicaPipelineSafeModeRule] INFO  safemode.SCMSafeModeManager (SCMSafeModeManager.java:validateSafeModeExitRules(138)) - AtleastOneDatanodeReportedRule rule is successfully validated
2025-07-15 19:45:53,359 [740e7591-da3d-4d6e-90a9-0f86ad91887d-groupManagement] INFO  server.RaftServerConfigKeys (ConfUtils.java:logGet(62)) - raft.server.log.segment.size.max = 67108864 (custom)
2025-07-15 19:45:53,359 [740e7591-da3d-4d6e-90a9-0f86ad91887d-groupManagement] INFO  server.RaftServerConfigKeys (ConfUtils.java:logGet(62)) - raft.server.log.appender.buffer.byte-limit = 33554432 (custom)
2025-07-15 19:45:53,360 [740e7591-da3d-4d6e-90a9-0f86ad91887d-groupManagement] INFO  util.AwaitToRun (AwaitToRun.java:start(81)) - Thread[#948,740e7591-da3d-4d6e-90a9-0f86ad91887d@group-DA70A9FE57AB-cacheEviction-AwaitToRun,5,main] started
2025-07-15 19:45:53,360 [740e7591-da3d-4d6e-90a9-0f86ad91887d-groupManagement] INFO  segmented.SegmentedRaftLogWorker (SegmentedRaftLogWorker.java:<init>(190)) - new 740e7591-da3d-4d6e-90a9-0f86ad91887d@group-DA70A9FE57AB-SegmentedRaftLogWorker for RaftStorageImpl:Storage Directory /home/runner/work/ozone/ozone/hadoop-ozone/integration-test/target/test-dir/MiniOzoneClusterImpl-0e8a6840-8092-433d-9bbe-2fd65d18bfc8/ozone-meta/datanode-3/ratis/f40fc52b-9e31-4aac-8167-da70a9fe57ab
2025-07-15 19:45:53,360 [740e7591-da3d-4d6e-90a9-0f86ad91887d-groupManagement] INFO  server.RaftServerConfigKeys (ConfUtils.java:logGet(62)) - raft.server.log.queue.byte-limit = 4294967296 (custom)
2025-07-15 19:45:53,361 [740e7591-da3d-4d6e-90a9-0f86ad91887d-groupManagement] INFO  server.RaftServerConfigKeys (ConfUtils.java:logGet(62)) - raft.server.log.segment.size.max = 67108864 (custom)
2025-07-15 19:45:53,361 [740e7591-da3d-4d6e-90a9-0f86ad91887d-groupManagement] INFO  server.RaftServerConfigKeys (ConfUtils.java:logGet(62)) - raft.server.log.preallocated.size = 4194304 (custom)
2025-07-15 19:45:53,361 [740e7591-da3d-4d6e-90a9-0f86ad91887d-groupManagement] INFO  server.RaftServerConfigKeys (ConfUtils.java:logGet(62)) - raft.server.log.write.buffer.size = 33554440 (custom)
2025-07-15 19:45:53,367 [740e7591-da3d-4d6e-90a9-0f86ad91887d-groupManagement] INFO  server.RaftServerConfigKeys (ConfUtils.java:logGet(62)) - raft.server.log.appender.buffer.byte-limit = 33554432 (custom)
2025-07-15 19:45:53,368 [740e7591-da3d-4d6e-90a9-0f86ad91887d-groupManagement] INFO  segmented.SegmentedRaftLogWorker (SegmentedRaftLogWorker.java:lambda$new$0(141)) - 740e7591-da3d-4d6e-90a9-0f86ad91887d@group-DA70A9FE57AB-SegmentedRaftLogWorker: flushIndex: setUnconditionally 0 -> -1
2025-07-15 19:45:53,368 [740e7591-da3d-4d6e-90a9-0f86ad91887d-groupManagement] INFO  segmented.SegmentedRaftLogWorker (SegmentedRaftLogWorker.java:lambda$new$0(141)) - 740e7591-da3d-4d6e-90a9-0f86ad91887d@group-DA70A9FE57AB-SegmentedRaftLogWorker: safeCacheEvictIndex: setUnconditionally 0 -> -1
2025-07-15 19:45:53,368 [740e7591-da3d-4d6e-90a9-0f86ad91887d-groupManagement] INFO  server.RaftServer$Division (RaftServerImpl.java:start(405)) - 740e7591-da3d-4d6e-90a9-0f86ad91887d@group-DA70A9FE57AB: start as a follower, conf=conf: {index: -1, cur=peers:[13038c2f-3ff3-450f-8cad-b0ed419b91b5|127.0.0.1:15023, 740e7591-da3d-4d6e-90a9-0f86ad91887d|127.0.0.1:15039, fe9e34e2-462c-4770-837c-ac5869922ef8|127.0.0.1:15031]|listeners:[], old=null}
2025-07-15 19:45:53,369 [740e7591-da3d-4d6e-90a9-0f86ad91887d-groupManagement] INFO  server.RaftServer$Division (RaftServerImpl.java:setRole(392)) - 740e7591-da3d-4d6e-90a9-0f86ad91887d@group-DA70A9FE57AB: changes role from      null to FOLLOWER at term 0 for startAsFollower
2025-07-15 19:45:53,369 [740e7591-da3d-4d6e-90a9-0f86ad91887d-groupManagement] INFO  impl.RoleInfo (RoleInfo.java:updateAndGet(148)) - 740e7591-da3d-4d6e-90a9-0f86ad91887d: start 740e7591-da3d-4d6e-90a9-0f86ad91887d@group-DA70A9FE57AB-FollowerState
2025-07-15 19:45:53,369 [740e7591-da3d-4d6e-90a9-0f86ad91887d-groupManagement] INFO  util.JmxRegister (JmxRegister.java:tryRegister(44)) - Successfully registered JMX Bean with object name Ratis:service=RaftServer,group=group-DA70A9FE57AB,id=740e7591-da3d-4d6e-90a9-0f86ad91887d
2025-07-15 19:45:53,369 [740e7591-da3d-4d6e-90a9-0f86ad91887d-groupManagement] INFO  util.JmxRegister (JmxRegister.java:register(58)) - register mxBean class org.apache.ratis.server.impl.RaftServerJmxAdapter as Ratis:service=RaftServer,group=group-DA70A9FE57AB,id=740e7591-da3d-4d6e-90a9-0f86ad91887d
2025-07-15 19:45:53,370 [740e7591-da3d-4d6e-90a9-0f86ad91887d-groupManagement] INFO  server.RaftServer$Division (RaftServerImpl.java:start(419)) - 740e7591-da3d-4d6e-90a9-0f86ad91887d@group-DA70A9FE57AB: Successfully started.
2025-07-15 19:45:53,383 [grpc-default-executor-2] INFO  server.RaftServer (RaftServerProxy.java:addNew(105)) - fe9e34e2-462c-4770-837c-ac5869922ef8: addNew group-DA70A9FE57AB:[13038c2f-3ff3-450f-8cad-b0ed419b91b5|127.0.0.1:15023, 740e7591-da3d-4d6e-90a9-0f86ad91887d|127.0.0.1:15039, fe9e34e2-462c-4770-837c-ac5869922ef8|127.0.0.1:15031] returns group-DA70A9FE57AB:java.util.concurrent.CompletableFuture@61f2c7af[Not completed]
2025-07-15 19:45:53,384 [fe9e34e2-462c-4770-837c-ac5869922ef8-groupManagement] INFO  server.RaftServer$Division (RaftServerImpl.java:<init>(268)) - fe9e34e2-462c-4770-837c-ac5869922ef8: new RaftServerImpl for group-DA70A9FE57AB:[13038c2f-3ff3-450f-8cad-b0ed419b91b5|127.0.0.1:15023, 740e7591-da3d-4d6e-90a9-0f86ad91887d|127.0.0.1:15039, fe9e34e2-462c-4770-837c-ac5869922ef8|127.0.0.1:15031] with ContainerStateMachine:uninitialized
2025-07-15 19:45:53,385 [fe9e34e2-462c-4770-837c-ac5869922ef8-groupManagement] INFO  server.RaftServer$Division (ServerState.java:<init>(114)) - fe9e34e2-462c-4770-837c-ac5869922ef8@group-DA70A9FE57AB: ConfigurationManager, init=conf: {index: -1, cur=peers:[13038c2f-3ff3-450f-8cad-b0ed419b91b5|127.0.0.1:15023, 740e7591-da3d-4d6e-90a9-0f86ad91887d|127.0.0.1:15039, fe9e34e2-462c-4770-837c-ac5869922ef8|127.0.0.1:15031]|listeners:[], old=null}, confs=<EMPTY_MAP>
2025-07-15 19:45:53,390 [fe9e34e2-462c-4770-837c-ac5869922ef8-groupManagement] INFO  server.RaftServerConfigKeys (ConfUtils.java:logGet(62)) - raft.server.storage.dir = [/home/runner/work/ozone/ozone/hadoop-ozone/integration-test/target/test-dir/MiniOzoneClusterImpl-0e8a6840-8092-433d-9bbe-2fd65d18bfc8/ozone-meta/datanode-2/ratis] (custom)
2025-07-15 19:45:53,391 [fe9e34e2-462c-4770-837c-ac5869922ef8-groupManagement] INFO  storage.RaftStorageDirectory (RaftStorageDirectoryImpl.java:analyzeStorage(138)) - The storage directory /home/runner/work/ozone/ozone/hadoop-ozone/integration-test/target/test-dir/MiniOzoneClusterImpl-0e8a6840-8092-433d-9bbe-2fd65d18bfc8/ozone-meta/datanode-2/ratis/f40fc52b-9e31-4aac-8167-da70a9fe57ab does not exist. Creating ...
2025-07-15 19:45:53,392 [fe9e34e2-462c-4770-837c-ac5869922ef8-groupManagement] INFO  storage.RaftStorageDirectory (RaftStorageDirectoryImpl.java:tryLock(229)) - Lock on /home/runner/work/ozone/ozone/hadoop-ozone/integration-test/target/test-dir/MiniOzoneClusterImpl-0e8a6840-8092-433d-9bbe-2fd65d18bfc8/ozone-meta/datanode-2/ratis/f40fc52b-9e31-4aac-8167-da70a9fe57ab/in_use.lock acquired by nodename 53370@localhost
2025-07-15 19:45:53,394 [fe9e34e2-462c-4770-837c-ac5869922ef8-groupManagement] INFO  storage.RaftStorage (RaftStorageImpl.java:format(98)) - Storage directory /home/runner/work/ozone/ozone/hadoop-ozone/integration-test/target/test-dir/MiniOzoneClusterImpl-0e8a6840-8092-433d-9bbe-2fd65d18bfc8/ozone-meta/datanode-2/ratis/f40fc52b-9e31-4aac-8167-da70a9fe57ab has been successfully formatted.
2025-07-15 19:45:53,394 [fe9e34e2-462c-4770-837c-ac5869922ef8-groupManagement] INFO  ratis.ContainerStateMachine (ContainerStateMachine.java:initialize(339)) - fe9e34e2-462c-4770-837c-ac5869922ef8: initialize group-DA70A9FE57AB
2025-07-15 19:45:53,394 [fe9e34e2-462c-4770-837c-ac5869922ef8-groupManagement] INFO  ratis.ContainerStateMachine (ContainerStateMachine.java:loadSnapshot(347)) - group-DA70A9FE57AB: The snapshot info is null. Setting the last applied index to:<INITIAL_VALUE>
2025-07-15 19:45:53,394 [fe9e34e2-462c-4770-837c-ac5869922ef8-groupManagement] INFO  server.RaftServerConfigKeys (ConfUtils.java:logGet(62)) - raft.server.log.appender.buffer.byte-limit = 33554432 (custom)
2025-07-15 19:45:53,396 [EventQueue-PipelineReportForOneReplicaPipelineSafeModeRule] INFO  safemode.SCMSafeModeManager (SCMSafeModeManager.java:validateSafeModeExitRules(138)) - AtleastOneDatanodeReportedRule rule is successfully validated
2025-07-15 19:45:53,397 [fe9e34e2-462c-4770-837c-ac5869922ef8-groupManagement] INFO  server.RaftServerConfigKeys (ConfUtils.java:logGet(62)) - raft.server.log.segment.size.max = 67108864 (custom)
2025-07-15 19:45:53,398 [fe9e34e2-462c-4770-837c-ac5869922ef8-groupManagement] INFO  server.RaftServerConfigKeys (ConfUtils.java:logGet(62)) - raft.server.log.appender.buffer.byte-limit = 33554432 (custom)
2025-07-15 19:45:53,398 [fe9e34e2-462c-4770-837c-ac5869922ef8-groupManagement] INFO  util.AwaitToRun (AwaitToRun.java:start(81)) - Thread[#955,fe9e34e2-462c-4770-837c-ac5869922ef8@group-DA70A9FE57AB-cacheEviction-AwaitToRun,5,main] started
2025-07-15 19:45:53,398 [fe9e34e2-462c-4770-837c-ac5869922ef8-groupManagement] INFO  segmented.SegmentedRaftLogWorker (SegmentedRaftLogWorker.java:<init>(190)) - new fe9e34e2-462c-4770-837c-ac5869922ef8@group-DA70A9FE57AB-SegmentedRaftLogWorker for RaftStorageImpl:Storage Directory /home/runner/work/ozone/ozone/hadoop-ozone/integration-test/target/test-dir/MiniOzoneClusterImpl-0e8a6840-8092-433d-9bbe-2fd65d18bfc8/ozone-meta/datanode-2/ratis/f40fc52b-9e31-4aac-8167-da70a9fe57ab
2025-07-15 19:45:53,398 [fe9e34e2-462c-4770-837c-ac5869922ef8-groupManagement] INFO  server.RaftServerConfigKeys (ConfUtils.java:logGet(62)) - raft.server.log.queue.byte-limit = 4294967296 (custom)
2025-07-15 19:45:53,398 [fe9e34e2-462c-4770-837c-ac5869922ef8-groupManagement] INFO  server.RaftServerConfigKeys (ConfUtils.java:logGet(62)) - raft.server.log.segment.size.max = 67108864 (custom)
2025-07-15 19:45:53,399 [fe9e34e2-462c-4770-837c-ac5869922ef8-groupManagement] INFO  server.RaftServerConfigKeys (ConfUtils.java:logGet(62)) - raft.server.log.preallocated.size = 4194304 (custom)
2025-07-15 19:45:53,399 [fe9e34e2-462c-4770-837c-ac5869922ef8-groupManagement] INFO  server.RaftServerConfigKeys (ConfUtils.java:logGet(62)) - raft.server.log.write.buffer.size = 33554440 (custom)
2025-07-15 19:45:53,404 [fe9e34e2-462c-4770-837c-ac5869922ef8-groupManagement] INFO  server.RaftServerConfigKeys (ConfUtils.java:logGet(62)) - raft.server.log.appender.buffer.byte-limit = 33554432 (custom)
2025-07-15 19:45:53,404 [fe9e34e2-462c-4770-837c-ac5869922ef8-groupManagement] INFO  segmented.SegmentedRaftLogWorker (SegmentedRaftLogWorker.java:lambda$new$0(141)) - fe9e34e2-462c-4770-837c-ac5869922ef8@group-DA70A9FE57AB-SegmentedRaftLogWorker: flushIndex: setUnconditionally 0 -> -1
2025-07-15 19:45:53,404 [fe9e34e2-462c-4770-837c-ac5869922ef8-groupManagement] INFO  segmented.SegmentedRaftLogWorker (SegmentedRaftLogWorker.java:lambda$new$0(141)) - fe9e34e2-462c-4770-837c-ac5869922ef8@group-DA70A9FE57AB-SegmentedRaftLogWorker: safeCacheEvictIndex: setUnconditionally 0 -> -1
2025-07-15 19:45:53,405 [fe9e34e2-462c-4770-837c-ac5869922ef8-groupManagement] INFO  server.RaftServer$Division (RaftServerImpl.java:start(405)) - fe9e34e2-462c-4770-837c-ac5869922ef8@group-DA70A9FE57AB: start as a follower, conf=conf: {index: -1, cur=peers:[13038c2f-3ff3-450f-8cad-b0ed419b91b5|127.0.0.1:15023, 740e7591-da3d-4d6e-90a9-0f86ad91887d|127.0.0.1:15039, fe9e34e2-462c-4770-837c-ac5869922ef8|127.0.0.1:15031]|listeners:[], old=null}
2025-07-15 19:45:53,405 [fe9e34e2-462c-4770-837c-ac5869922ef8-groupManagement] INFO  server.RaftServer$Division (RaftServerImpl.java:setRole(392)) - fe9e34e2-462c-4770-837c-ac5869922ef8@group-DA70A9FE57AB: changes role from      null to FOLLOWER at term 0 for startAsFollower
2025-07-15 19:45:53,405 [fe9e34e2-462c-4770-837c-ac5869922ef8-groupManagement] INFO  impl.RoleInfo (RoleInfo.java:updateAndGet(148)) - fe9e34e2-462c-4770-837c-ac5869922ef8: start fe9e34e2-462c-4770-837c-ac5869922ef8@group-DA70A9FE57AB-FollowerState
2025-07-15 19:45:53,405 [fe9e34e2-462c-4770-837c-ac5869922ef8-groupManagement] INFO  util.JmxRegister (JmxRegister.java:tryRegister(44)) - Successfully registered JMX Bean with object name Ratis:service=RaftServer,group=group-DA70A9FE57AB,id=fe9e34e2-462c-4770-837c-ac5869922ef8
2025-07-15 19:45:53,405 [fe9e34e2-462c-4770-837c-ac5869922ef8-groupManagement] INFO  util.JmxRegister (JmxRegister.java:register(58)) - register mxBean class org.apache.ratis.server.impl.RaftServerJmxAdapter as Ratis:service=RaftServer,group=group-DA70A9FE57AB,id=fe9e34e2-462c-4770-837c-ac5869922ef8
2025-07-15 19:45:53,407 [fe9e34e2-462c-4770-837c-ac5869922ef8-groupManagement] INFO  server.RaftServer$Division (RaftServerImpl.java:start(419)) - fe9e34e2-462c-4770-837c-ac5869922ef8@group-DA70A9FE57AB: Successfully started.
2025-07-15 19:45:53,411 [13038c2f-3ff3-450f-8cad-b0ed419b91b5-PipelineCommandHandlerThread-0] INFO  commandhandler.CreatePipelineCommandHandler (CreatePipelineCommandHandler.java:lambda$handle$2(127)) - Created Pipeline RATIS THREE Pipeline-f40fc52b-9e31-4aac-8167-da70a9fe57ab.
2025-07-15 19:45:54,000 [main] INFO  ozone.MiniOzoneClusterImpl (MiniOzoneClusterImpl.java:lambda$waitForClusterToBeReady$0(173)) - Nodes are ready. Got 3 of 3 DN Heartbeats.
2025-07-15 19:45:54,000 [main] INFO  ozone.MiniOzoneClusterImpl (MiniOzoneClusterImpl.java:lambda$waitForClusterToBeReady$0(176)) - Waiting for cluster to exit safe mode
2025-07-15 19:45:54,000 [main] INFO  ozone.MiniOzoneClusterImpl (MiniOzoneClusterImpl.java:lambda$waitForClusterToBeReady$0(178)) - SCM became leader
2025-07-15 19:45:54,259 [13038c2f-3ff3-450f-8cad-b0ed419b91b5@group-E6D793FE520B-FollowerState] INFO  impl.FollowerState (FollowerState.java:runImpl(161)) - 13038c2f-3ff3-450f-8cad-b0ed419b91b5@group-E6D793FE520B-FollowerState: change to CANDIDATE, lastRpcElapsedTime:1158455270ns, electionTimeout:1157ms
2025-07-15 19:45:54,259 [13038c2f-3ff3-450f-8cad-b0ed419b91b5@group-E6D793FE520B-FollowerState] INFO  impl.RoleInfo (RoleInfo.java:shutdownFollowerState(121)) - 13038c2f-3ff3-450f-8cad-b0ed419b91b5: shutdown 13038c2f-3ff3-450f-8cad-b0ed419b91b5@group-E6D793FE520B-FollowerState
2025-07-15 19:45:54,259 [13038c2f-3ff3-450f-8cad-b0ed419b91b5@group-E6D793FE520B-FollowerState] INFO  server.RaftServer$Division (RaftServerImpl.java:setRole(392)) - 13038c2f-3ff3-450f-8cad-b0ed419b91b5@group-E6D793FE520B: changes role from  FOLLOWER to CANDIDATE at term 0 for changeToCandidate
2025-07-15 19:45:54,259 [13038c2f-3ff3-450f-8cad-b0ed419b91b5@group-E6D793FE520B-FollowerState] INFO  impl.RoleInfo (RoleInfo.java:updateAndGet(148)) - 13038c2f-3ff3-450f-8cad-b0ed419b91b5: start 13038c2f-3ff3-450f-8cad-b0ed419b91b5@group-E6D793FE520B-LeaderElection4
2025-07-15 19:45:54,260 [13038c2f-3ff3-450f-8cad-b0ed419b91b5@group-E6D793FE520B-LeaderElection4] INFO  impl.LeaderElection (LeaderElection.java:askForVotes(448)) - 13038c2f-3ff3-450f-8cad-b0ed419b91b5@group-E6D793FE520B-LeaderElection4 PRE_VOTE round 0: submit vote requests at term 0 for conf: {index: -1, cur=peers:[13038c2f-3ff3-450f-8cad-b0ed419b91b5|127.0.0.1:15023]|listeners:[], old=null}
2025-07-15 19:45:54,260 [13038c2f-3ff3-450f-8cad-b0ed419b91b5@group-E6D793FE520B-LeaderElection4] INFO  impl.LeaderElection (LeaderElection.java:askForVotes(450)) - 13038c2f-3ff3-450f-8cad-b0ed419b91b5@group-E6D793FE520B-LeaderElection4 PRE_VOTE round 0: result PASSED (term=0)
2025-07-15 19:45:54,261 [13038c2f-3ff3-450f-8cad-b0ed419b91b5@group-E6D793FE520B-LeaderElection4] INFO  impl.LeaderElection (LeaderElection.java:askForVotes(448)) - 13038c2f-3ff3-450f-8cad-b0ed419b91b5@group-E6D793FE520B-LeaderElection4 ELECTION round 0: submit vote requests at term 1 for conf: {index: -1, cur=peers:[13038c2f-3ff3-450f-8cad-b0ed419b91b5|127.0.0.1:15023]|listeners:[], old=null}
2025-07-15 19:45:54,261 [13038c2f-3ff3-450f-8cad-b0ed419b91b5@group-E6D793FE520B-LeaderElection4] INFO  impl.LeaderElection (LeaderElection.java:askForVotes(450)) - 13038c2f-3ff3-450f-8cad-b0ed419b91b5@group-E6D793FE520B-LeaderElection4 ELECTION round 0: result PASSED (term=1)
2025-07-15 19:45:54,261 [13038c2f-3ff3-450f-8cad-b0ed419b91b5@group-E6D793FE520B-LeaderElection4] INFO  impl.RoleInfo (RoleInfo.java:shutdownLeaderElection(141)) - 13038c2f-3ff3-450f-8cad-b0ed419b91b5: shutdown 13038c2f-3ff3-450f-8cad-b0ed419b91b5@group-E6D793FE520B-LeaderElection4
2025-07-15 19:45:54,261 [13038c2f-3ff3-450f-8cad-b0ed419b91b5@group-E6D793FE520B-LeaderElection4] INFO  server.RaftServer$Division (RaftServerImpl.java:setRole(392)) - 13038c2f-3ff3-450f-8cad-b0ed419b91b5@group-E6D793FE520B: changes role from CANDIDATE to LEADER at term 1 for changeToLeader
2025-07-15 19:45:54,261 [13038c2f-3ff3-450f-8cad-b0ed419b91b5@group-E6D793FE520B-LeaderElection4] INFO  server.RaftServerConfigKeys (ConfUtils.java:logFallback(69)) - raft.server.staging.timeout = 15600ms (fallback to raft.server.rpc.timeout.max)
2025-07-15 19:45:54,262 [13038c2f-3ff3-450f-8cad-b0ed419b91b5@group-E6D793FE520B-LeaderElection4] INFO  server.RaftServerConfigKeys (ConfUtils.java:logGet(62)) - raft.server.write.element-limit = 1024 (custom)
2025-07-15 19:45:54,262 [13038c2f-3ff3-450f-8cad-b0ed419b91b5@group-E6D793FE520B-LeaderElection4] INFO  server.RaftServerConfigKeys (ConfUtils.java:logGet(62)) - raft.server.write.byte-limit = 1024 M (=1073741824) (custom)
2025-07-15 19:45:54,262 [13038c2f-3ff3-450f-8cad-b0ed419b91b5@group-E6D793FE520B-LeaderElection4] INFO  server.RaftServerConfigKeys (ConfUtils.java:logGet(62)) - raft.server.watch.timeout = 30s (custom)
2025-07-15 19:45:54,263 [13038c2f-3ff3-450f-8cad-b0ed419b91b5@group-E6D793FE520B-LeaderElection4] INFO  server.RaftServerConfigKeys (ConfUtils.java:logGet(62)) - raft.server.log.log-metadata.enabled = true (default)
2025-07-15 19:45:54,263 [13038c2f-3ff3-450f-8cad-b0ed419b91b5@group-E6D793FE520B-LeaderElection4] INFO  impl.RoleInfo (RoleInfo.java:updateAndGet(148)) - 13038c2f-3ff3-450f-8cad-b0ed419b91b5: start 13038c2f-3ff3-450f-8cad-b0ed419b91b5@group-E6D793FE520B-LeaderStateImpl
2025-07-15 19:45:54,263 [13038c2f-3ff3-450f-8cad-b0ed419b91b5@group-E6D793FE520B-LeaderElection4] INFO  server.RaftServer$Division (RaftServerImpl.java:setFirstElection(576)) - 13038c2f-3ff3-450f-8cad-b0ed419b91b5@group-E6D793FE520B: set firstElectionSinceStartup to false for becomeLeader
2025-07-15 19:45:54,263 [13038c2f-3ff3-450f-8cad-b0ed419b91b5@group-E6D793FE520B-LeaderElection4] INFO  ratis.XceiverServerRatis (XceiverServerRatis.java:handleLeaderChangedNotification(944)) - Leader change notification received for group: group-E6D793FE520B with new leaderId: 13038c2f-3ff3-450f-8cad-b0ed419b91b5
2025-07-15 19:45:54,264 [13038c2f-3ff3-450f-8cad-b0ed419b91b5@group-E6D793FE520B-LeaderElection4] INFO  server.RaftServer$Division (ServerState.java:setLeader(272)) - 13038c2f-3ff3-450f-8cad-b0ed419b91b5@group-E6D793FE520B: change Leader from null to 13038c2f-3ff3-450f-8cad-b0ed419b91b5 at term 1 for becomeLeader, leader elected after 1200ms
2025-07-15 19:45:54,265 [13038c2f-3ff3-450f-8cad-b0ed419b91b5@group-E6D793FE520B-LeaderElection4] INFO  segmented.SegmentedRaftLogWorker (SegmentedRaftLogWorker.java:startLogSegment(440)) - 13038c2f-3ff3-450f-8cad-b0ed419b91b5@group-E6D793FE520B-SegmentedRaftLogWorker: Starting segment from index:0
2025-07-15 19:45:54,265 [13038c2f-3ff3-450f-8cad-b0ed419b91b5@group-E6D793FE520B-LeaderElection4] INFO  server.RaftServer$Division (ServerState.java:setRaftConf(386)) - 13038c2f-3ff3-450f-8cad-b0ed419b91b5@group-E6D793FE520B: set configuration conf: {index: 0, cur=peers:[13038c2f-3ff3-450f-8cad-b0ed419b91b5|127.0.0.1:15023]|listeners:[], old=null}
2025-07-15 19:45:54,265 [13038c2f-3ff3-450f-8cad-b0ed419b91b5@group-E6D793FE520B-SegmentedRaftLogWorker] INFO  segmented.BufferedWriteChannel (BufferedWriteChannel.java:open(61)) - open log_inprogress_0 at position 0
2025-07-15 19:45:54,271 [EventQueue-PipelineReportForOneReplicaPipelineSafeModeRule] INFO  safemode.SCMSafeModeManager (SCMSafeModeManager.java:validateSafeModeExitRules(138)) - AtleastOneDatanodeReportedRule rule is successfully validated
2025-07-15 19:45:54,273 [fe9e34e2-462c-4770-837c-ac5869922ef8-PipelineCommandHandlerThread-0] INFO  server.RaftServer (RaftServerProxy.java:addNew(105)) - fe9e34e2-462c-4770-837c-ac5869922ef8: addNew group-CF5DF5D50AAC:[fe9e34e2-462c-4770-837c-ac5869922ef8|127.0.0.1:15031] returns group-CF5DF5D50AAC:java.util.concurrent.CompletableFuture@53336230[Not completed]
2025-07-15 19:45:54,275 [fe9e34e2-462c-4770-837c-ac5869922ef8-groupManagement] INFO  server.RaftServer$Division (RaftServerImpl.java:<init>(268)) - fe9e34e2-462c-4770-837c-ac5869922ef8: new RaftServerImpl for group-CF5DF5D50AAC:[fe9e34e2-462c-4770-837c-ac5869922ef8|127.0.0.1:15031] with ContainerStateMachine:uninitialized
2025-07-15 19:45:54,276 [fe9e34e2-462c-4770-837c-ac5869922ef8-groupManagement] INFO  server.RaftServer$Division (ServerState.java:<init>(114)) - fe9e34e2-462c-4770-837c-ac5869922ef8@group-CF5DF5D50AAC: ConfigurationManager, init=conf: {index: -1, cur=peers:[fe9e34e2-462c-4770-837c-ac5869922ef8|127.0.0.1:15031]|listeners:[], old=null}, confs=<EMPTY_MAP>
2025-07-15 19:45:54,278 [13038c2f-3ff3-450f-8cad-b0ed419b91b5@group-E6D793FE520B-SegmentedRaftLogWorker] INFO  segmented.SegmentedRaftLogWorker (SegmentedRaftLogWorker.java:execute(647)) - 13038c2f-3ff3-450f-8cad-b0ed419b91b5@group-E6D793FE520B-SegmentedRaftLogWorker: created new log segment /home/runner/work/ozone/ozone/hadoop-ozone/integration-test/target/test-dir/MiniOzoneClusterImpl-0e8a6840-8092-433d-9bbe-2fd65d18bfc8/ozone-meta/datanode-1/ratis/f4fbed8a-e3ba-4f19-aa81-e6d793fe520b/current/log_inprogress_0
2025-07-15 19:45:54,282 [fe9e34e2-462c-4770-837c-ac5869922ef8-groupManagement] INFO  storage.RaftStorageDirectory (RaftStorageDirectoryImpl.java:analyzeStorage(138)) - The storage directory /home/runner/work/ozone/ozone/hadoop-ozone/integration-test/target/test-dir/MiniOzoneClusterImpl-0e8a6840-8092-433d-9bbe-2fd65d18bfc8/ozone-meta/datanode-2/ratis/6b16e7af-377c-4a75-98b7-cf5df5d50aac does not exist. Creating ...
2025-07-15 19:45:54,282 [13038c2f-3ff3-450f-8cad-b0ed419b91b5@group-E6D793FE520B-StateMachineUpdater] INFO  server.RaftServer$Division (LeaderStateImpl.java:checkStartIndex(309)) - Leader 13038c2f-3ff3-450f-8cad-b0ed419b91b5@group-E6D793FE520B-LeaderStateImpl is ready since appliedIndex == startIndex == 0
2025-07-15 19:45:54,283 [fe9e34e2-462c-4770-837c-ac5869922ef8-groupManagement] INFO  storage.RaftStorageDirectory (RaftStorageDirectoryImpl.java:tryLock(229)) - Lock on /home/runner/work/ozone/ozone/hadoop-ozone/integration-test/target/test-dir/MiniOzoneClusterImpl-0e8a6840-8092-433d-9bbe-2fd65d18bfc8/ozone-meta/datanode-2/ratis/6b16e7af-377c-4a75-98b7-cf5df5d50aac/in_use.lock acquired by nodename 53370@localhost
2025-07-15 19:45:54,284 [fe9e34e2-462c-4770-837c-ac5869922ef8-groupManagement] INFO  storage.RaftStorage (RaftStorageImpl.java:format(98)) - Storage directory /home/runner/work/ozone/ozone/hadoop-ozone/integration-test/target/test-dir/MiniOzoneClusterImpl-0e8a6840-8092-433d-9bbe-2fd65d18bfc8/ozone-meta/datanode-2/ratis/6b16e7af-377c-4a75-98b7-cf5df5d50aac has been successfully formatted.
2025-07-15 19:45:54,284 [fe9e34e2-462c-4770-837c-ac5869922ef8-groupManagement] INFO  ratis.ContainerStateMachine (ContainerStateMachine.java:initialize(339)) - fe9e34e2-462c-4770-837c-ac5869922ef8: initialize group-CF5DF5D50AAC
2025-07-15 19:45:54,284 [fe9e34e2-462c-4770-837c-ac5869922ef8-groupManagement] INFO  ratis.ContainerStateMachine (ContainerStateMachine.java:loadSnapshot(347)) - group-CF5DF5D50AAC: The snapshot info is null. Setting the last applied index to:<INITIAL_VALUE>
2025-07-15 19:45:54,284 [fe9e34e2-462c-4770-837c-ac5869922ef8-groupManagement] INFO  server.RaftServerConfigKeys (ConfUtils.java:logGet(62)) - raft.server.log.appender.buffer.byte-limit = 33554432 (custom)
2025-07-15 19:45:54,286 [EventQueue-PipelineReportForOneReplicaPipelineSafeModeRule] INFO  safemode.SCMSafeModeManager (SCMSafeModeManager.java:validateSafeModeExitRules(138)) - AtleastOneDatanodeReportedRule rule is successfully validated
2025-07-15 19:45:54,288 [fe9e34e2-462c-4770-837c-ac5869922ef8-groupManagement] INFO  server.RaftServerConfigKeys (ConfUtils.java:logGet(62)) - raft.server.log.segment.size.max = 67108864 (custom)
2025-07-15 19:45:54,288 [fe9e34e2-462c-4770-837c-ac5869922ef8-groupManagement] INFO  server.RaftServerConfigKeys (ConfUtils.java:logGet(62)) - raft.server.log.appender.buffer.byte-limit = 33554432 (custom)
2025-07-15 19:45:54,289 [63321245-e0ff-457f-8079-ff5ce612eddd@group-2FD65D18BFC8-StateMachineUpdater] INFO  safemode.SCMSafeModeManager (SCMSafeModeManager.java:validateSafeModeExitRules(138)) - DataNodeSafeModeRule rule is successfully validated
2025-07-15 19:45:54,289 [63321245-e0ff-457f-8079-ff5ce612eddd@group-2FD65D18BFC8-StateMachineUpdater] INFO  safemode.SCMSafeModeManager (SCMSafeModeManager.java:validateSafeModeExitRules(138)) - RatisContainerSafeModeRule rule is successfully validated
2025-07-15 19:45:54,289 [63321245-e0ff-457f-8079-ff5ce612eddd@group-2FD65D18BFC8-StateMachineUpdater] INFO  safemode.HealthyPipelineSafeModeRule (HealthyPipelineSafeModeRule.java:initializeRule(228)) - Refreshed total pipeline count is 0, healthy pipeline threshold count is 1
2025-07-15 19:45:54,289 [63321245-e0ff-457f-8079-ff5ce612eddd@group-2FD65D18BFC8-StateMachineUpdater] INFO  safemode.SCMSafeModeManager (SCMSafeModeManager.java:validateSafeModeExitRules(138)) - ECContainerSafeModeRule rule is successfully validated
2025-07-15 19:45:54,289 [fe9e34e2-462c-4770-837c-ac5869922ef8-groupManagement] INFO  util.AwaitToRun (AwaitToRun.java:start(81)) - Thread[#966,fe9e34e2-462c-4770-837c-ac5869922ef8@group-CF5DF5D50AAC-cacheEviction-AwaitToRun,5,main] started
2025-07-15 19:45:54,289 [fe9e34e2-462c-4770-837c-ac5869922ef8-groupManagement] INFO  segmented.SegmentedRaftLogWorker (SegmentedRaftLogWorker.java:<init>(190)) - new fe9e34e2-462c-4770-837c-ac5869922ef8@group-CF5DF5D50AAC-SegmentedRaftLogWorker for RaftStorageImpl:Storage Directory /home/runner/work/ozone/ozone/hadoop-ozone/integration-test/target/test-dir/MiniOzoneClusterImpl-0e8a6840-8092-433d-9bbe-2fd65d18bfc8/ozone-meta/datanode-2/ratis/6b16e7af-377c-4a75-98b7-cf5df5d50aac
2025-07-15 19:45:54,289 [fe9e34e2-462c-4770-837c-ac5869922ef8-groupManagement] INFO  server.RaftServerConfigKeys (ConfUtils.java:logGet(62)) - raft.server.log.queue.byte-limit = 4294967296 (custom)
2025-07-15 19:45:54,289 [fe9e34e2-462c-4770-837c-ac5869922ef8-groupManagement] INFO  server.RaftServerConfigKeys (ConfUtils.java:logGet(62)) - raft.server.log.segment.size.max = 67108864 (custom)
2025-07-15 19:45:54,289 [fe9e34e2-462c-4770-837c-ac5869922ef8-groupManagement] INFO  server.RaftServerConfigKeys (ConfUtils.java:logGet(62)) - raft.server.log.preallocated.size = 4194304 (custom)
2025-07-15 19:45:54,290 [fe9e34e2-462c-4770-837c-ac5869922ef8-groupManagement] INFO  server.RaftServerConfigKeys (ConfUtils.java:logGet(62)) - raft.server.log.write.buffer.size = 33554440 (custom)
2025-07-15 19:45:54,289 [63321245-e0ff-457f-8079-ff5ce612eddd@group-2FD65D18BFC8-StateMachineUpdater] INFO  safemode.SCMSafeModeManager (SCMSafeModeManager.java:validateSafeModeExitRules(138)) - AtleastOneDatanodeReportedRule rule is successfully validated
2025-07-15 19:45:54,290 [EventQueue-PipelineReportForPipelineReportHandler] INFO  pipeline.PipelineReportHandler (PipelineReportHandler.java:processPipelineReport(134)) - Opened pipeline Pipeline-6b16e7af-377c-4a75-98b7-cf5df5d50aac
2025-07-15 19:45:54,294 [fe9e34e2-462c-4770-837c-ac5869922ef8-groupManagement] INFO  server.RaftServerConfigKeys (ConfUtils.java:logGet(62)) - raft.server.log.appender.buffer.byte-limit = 33554432 (custom)
2025-07-15 19:45:54,295 [fe9e34e2-462c-4770-837c-ac5869922ef8-groupManagement] INFO  segmented.SegmentedRaftLogWorker (SegmentedRaftLogWorker.java:lambda$new$0(141)) - fe9e34e2-462c-4770-837c-ac5869922ef8@group-CF5DF5D50AAC-SegmentedRaftLogWorker: flushIndex: setUnconditionally 0 -> -1
2025-07-15 19:45:54,295 [fe9e34e2-462c-4770-837c-ac5869922ef8-groupManagement] INFO  segmented.SegmentedRaftLogWorker (SegmentedRaftLogWorker.java:lambda$new$0(141)) - fe9e34e2-462c-4770-837c-ac5869922ef8@group-CF5DF5D50AAC-SegmentedRaftLogWorker: safeCacheEvictIndex: setUnconditionally 0 -> -1
2025-07-15 19:45:54,295 [fe9e34e2-462c-4770-837c-ac5869922ef8-groupManagement] INFO  server.RaftServer$Division (RaftServerImpl.java:start(405)) - fe9e34e2-462c-4770-837c-ac5869922ef8@group-CF5DF5D50AAC: start as a follower, conf=conf: {index: -1, cur=peers:[fe9e34e2-462c-4770-837c-ac5869922ef8|127.0.0.1:15031]|listeners:[], old=null}
2025-07-15 19:45:54,295 [fe9e34e2-462c-4770-837c-ac5869922ef8-groupManagement] INFO  server.RaftServer$Division (RaftServerImpl.java:setRole(392)) - fe9e34e2-462c-4770-837c-ac5869922ef8@group-CF5DF5D50AAC: changes role from      null to FOLLOWER at term 0 for startAsFollower
2025-07-15 19:45:54,295 [fe9e34e2-462c-4770-837c-ac5869922ef8-groupManagement] INFO  impl.RoleInfo (RoleInfo.java:updateAndGet(148)) - fe9e34e2-462c-4770-837c-ac5869922ef8: start fe9e34e2-462c-4770-837c-ac5869922ef8@group-CF5DF5D50AAC-FollowerState
2025-07-15 19:45:54,296 [fe9e34e2-462c-4770-837c-ac5869922ef8-groupManagement] INFO  util.JmxRegister (JmxRegister.java:tryRegister(44)) - Successfully registered JMX Bean with object name Ratis:service=RaftServer,group=group-CF5DF5D50AAC,id=fe9e34e2-462c-4770-837c-ac5869922ef8
2025-07-15 19:45:54,296 [fe9e34e2-462c-4770-837c-ac5869922ef8-groupManagement] INFO  util.JmxRegister (JmxRegister.java:register(58)) - register mxBean class org.apache.ratis.server.impl.RaftServerJmxAdapter as Ratis:service=RaftServer,group=group-CF5DF5D50AAC,id=fe9e34e2-462c-4770-837c-ac5869922ef8
2025-07-15 19:45:54,297 [fe9e34e2-462c-4770-837c-ac5869922ef8-groupManagement] INFO  server.RaftServer$Division (RaftServerImpl.java:start(419)) - fe9e34e2-462c-4770-837c-ac5869922ef8@group-CF5DF5D50AAC: Successfully started.
2025-07-15 19:45:54,297 [fe9e34e2-462c-4770-837c-ac5869922ef8-PipelineCommandHandlerThread-0] INFO  ratis.XceiverServerRatis (XceiverServerRatis.java:addGroup(843)) - Created group Pipeline-6b16e7af-377c-4a75-98b7-cf5df5d50aac
2025-07-15 19:45:54,297 [fe9e34e2-462c-4770-837c-ac5869922ef8-PipelineCommandHandlerThread-0] INFO  commandhandler.CreatePipelineCommandHandler (CreatePipelineCommandHandler.java:lambda$handle$2(127)) - Created Pipeline RATIS ONE Pipeline-6b16e7af-377c-4a75-98b7-cf5df5d50aac.
2025-07-15 19:45:54,313 [13038c2f-3ff3-450f-8cad-b0ed419b91b5@group-B6EF9C9D337D-FollowerState] INFO  impl.FollowerState (FollowerState.java:runImpl(161)) - 13038c2f-3ff3-450f-8cad-b0ed419b91b5@group-B6EF9C9D337D-FollowerState: change to CANDIDATE, lastRpcElapsedTime:1174557813ns, electionTimeout:1173ms
2025-07-15 19:45:54,313 [13038c2f-3ff3-450f-8cad-b0ed419b91b5@group-B6EF9C9D337D-FollowerState] INFO  impl.RoleInfo (RoleInfo.java:shutdownFollowerState(121)) - 13038c2f-3ff3-450f-8cad-b0ed419b91b5: shutdown 13038c2f-3ff3-450f-8cad-b0ed419b91b5@group-B6EF9C9D337D-FollowerState
2025-07-15 19:45:54,313 [13038c2f-3ff3-450f-8cad-b0ed419b91b5@group-B6EF9C9D337D-FollowerState] INFO  server.RaftServer$Division (RaftServerImpl.java:setRole(392)) - 13038c2f-3ff3-450f-8cad-b0ed419b91b5@group-B6EF9C9D337D: changes role from  FOLLOWER to CANDIDATE at term 0 for changeToCandidate
2025-07-15 19:45:54,313 [13038c2f-3ff3-450f-8cad-b0ed419b91b5@group-B6EF9C9D337D-FollowerState] INFO  impl.RoleInfo (RoleInfo.java:updateAndGet(148)) - 13038c2f-3ff3-450f-8cad-b0ed419b91b5: start 13038c2f-3ff3-450f-8cad-b0ed419b91b5@group-B6EF9C9D337D-LeaderElection5
2025-07-15 19:45:54,313 [13038c2f-3ff3-450f-8cad-b0ed419b91b5@group-B6EF9C9D337D-LeaderElection5] INFO  impl.LeaderElection (LeaderElection.java:askForVotes(448)) - 13038c2f-3ff3-450f-8cad-b0ed419b91b5@group-B6EF9C9D337D-LeaderElection5 PRE_VOTE round 0: submit vote requests at term 0 for conf: {index: -1, cur=peers:[13038c2f-3ff3-450f-8cad-b0ed419b91b5|127.0.0.1:15023, 740e7591-da3d-4d6e-90a9-0f86ad91887d|127.0.0.1:15039, fe9e34e2-462c-4770-837c-ac5869922ef8|127.0.0.1:15031]|listeners:[], old=null}
2025-07-15 19:45:54,314 [13038c2f-3ff3-450f-8cad-b0ed419b91b5@group-B6EF9C9D337D-LeaderElection5-1] INFO  server.GrpcServerProtocolClient (GrpcServerProtocolClient.java:<init>(65)) - Build channel for 740e7591-da3d-4d6e-90a9-0f86ad91887d|127.0.0.1:15039
2025-07-15 19:45:54,314 [13038c2f-3ff3-450f-8cad-b0ed419b91b5@group-B6EF9C9D337D-LeaderElection5-2] INFO  server.GrpcServerProtocolClient (GrpcServerProtocolClient.java:<init>(65)) - Build channel for fe9e34e2-462c-4770-837c-ac5869922ef8|127.0.0.1:15031
2025-07-15 19:45:54,320 [grpc-default-executor-3] INFO  server.RaftServer$Division (RaftServerImpl.java:requestVote(1421)) - 740e7591-da3d-4d6e-90a9-0f86ad91887d@group-B6EF9C9D337D: receive requestVote(PRE_VOTE, 13038c2f-3ff3-450f-8cad-b0ed419b91b5, group-B6EF9C9D337D, 0, <PROTO_DEFAULT>)
2025-07-15 19:45:54,320 [grpc-default-executor-3] INFO  impl.VoteContext (VoteContext.java:log(49)) - 740e7591-da3d-4d6e-90a9-0f86ad91887d@group-B6EF9C9D337D-FOLLOWER: accept PRE_VOTE from 13038c2f-3ff3-450f-8cad-b0ed419b91b5: our priority 0 <= candidate's priority 1
2025-07-15 19:45:54,320 [grpc-default-executor-3] INFO  server.RaftServer$Division (RaftServerImpl.java:requestVote(1455)) - 740e7591-da3d-4d6e-90a9-0f86ad91887d@group-B6EF9C9D337D replies to PRE_VOTE vote request: 13038c2f-3ff3-450f-8cad-b0ed419b91b5<-740e7591-da3d-4d6e-90a9-0f86ad91887d#0:OK-t0-last:<INITIAL_VALUE>. Peer's state: 740e7591-da3d-4d6e-90a9-0f86ad91887d@group-B6EF9C9D337D:t0, leader=null, voted=, raftlog=Memoized:740e7591-da3d-4d6e-90a9-0f86ad91887d@group-B6EF9C9D337D-SegmentedRaftLog:OPENED:c-1:lastnull, conf=conf: {index: -1, cur=peers:[13038c2f-3ff3-450f-8cad-b0ed419b91b5|127.0.0.1:15023, 740e7591-da3d-4d6e-90a9-0f86ad91887d|127.0.0.1:15039, fe9e34e2-462c-4770-837c-ac5869922ef8|127.0.0.1:15031]|listeners:[], old=null}
2025-07-15 19:45:54,321 [grpc-default-executor-2] INFO  server.RaftServer$Division (RaftServerImpl.java:requestVote(1421)) - fe9e34e2-462c-4770-837c-ac5869922ef8@group-B6EF9C9D337D: receive requestVote(PRE_VOTE, 13038c2f-3ff3-450f-8cad-b0ed419b91b5, group-B6EF9C9D337D, 0, <PROTO_DEFAULT>)
2025-07-15 19:45:54,321 [grpc-default-executor-2] INFO  impl.VoteContext (VoteContext.java:log(49)) - fe9e34e2-462c-4770-837c-ac5869922ef8@group-B6EF9C9D337D-FOLLOWER: accept PRE_VOTE from 13038c2f-3ff3-450f-8cad-b0ed419b91b5: our priority 0 <= candidate's priority 1
2025-07-15 19:45:54,321 [grpc-default-executor-2] INFO  server.RaftServer$Division (RaftServerImpl.java:requestVote(1455)) - fe9e34e2-462c-4770-837c-ac5869922ef8@group-B6EF9C9D337D replies to PRE_VOTE vote request: 13038c2f-3ff3-450f-8cad-b0ed419b91b5<-fe9e34e2-462c-4770-837c-ac5869922ef8#0:OK-t0-last:<INITIAL_VALUE>. Peer's state: fe9e34e2-462c-4770-837c-ac5869922ef8@group-B6EF9C9D337D:t0, leader=null, voted=, raftlog=Memoized:fe9e34e2-462c-4770-837c-ac5869922ef8@group-B6EF9C9D337D-SegmentedRaftLog:OPENED:c-1:lastnull, conf=conf: {index: -1, cur=peers:[13038c2f-3ff3-450f-8cad-b0ed419b91b5|127.0.0.1:15023, 740e7591-da3d-4d6e-90a9-0f86ad91887d|127.0.0.1:15039, fe9e34e2-462c-4770-837c-ac5869922ef8|127.0.0.1:15031]|listeners:[], old=null}
2025-07-15 19:45:54,322 [13038c2f-3ff3-450f-8cad-b0ed419b91b5@group-B6EF9C9D337D-LeaderElection5] INFO  impl.LeaderElection (LeaderElection.java:logAndReturn(206)) - 13038c2f-3ff3-450f-8cad-b0ed419b91b5@group-B6EF9C9D337D-LeaderElection5: PRE_VOTE PASSED received 1 response(s) and 0 exception(s):
2025-07-15 19:45:54,322 [13038c2f-3ff3-450f-8cad-b0ed419b91b5@group-B6EF9C9D337D-LeaderElection5] INFO  impl.LeaderElection (LeaderElection.java:logAndReturn(210)) -   Response 0: 13038c2f-3ff3-450f-8cad-b0ed419b91b5<-740e7591-da3d-4d6e-90a9-0f86ad91887d#0:OK-t0-last:<INITIAL_VALUE>
2025-07-15 19:45:54,322 [13038c2f-3ff3-450f-8cad-b0ed419b91b5@group-B6EF9C9D337D-LeaderElection5] INFO  impl.LeaderElection (LeaderElection.java:askForVotes(450)) - 13038c2f-3ff3-450f-8cad-b0ed419b91b5@group-B6EF9C9D337D-LeaderElection5 PRE_VOTE round 0: result PASSED
2025-07-15 19:45:54,324 [13038c2f-3ff3-450f-8cad-b0ed419b91b5@group-B6EF9C9D337D-LeaderElection5] INFO  impl.LeaderElection (LeaderElection.java:askForVotes(448)) - 13038c2f-3ff3-450f-8cad-b0ed419b91b5@group-B6EF9C9D337D-LeaderElection5 ELECTION round 0: submit vote requests at term 1 for conf: {index: -1, cur=peers:[13038c2f-3ff3-450f-8cad-b0ed419b91b5|127.0.0.1:15023, 740e7591-da3d-4d6e-90a9-0f86ad91887d|127.0.0.1:15039, fe9e34e2-462c-4770-837c-ac5869922ef8|127.0.0.1:15031]|listeners:[], old=null}
2025-07-15 19:45:54,326 [grpc-default-executor-3] INFO  server.RaftServer$Division (RaftServerImpl.java:requestVote(1421)) - 740e7591-da3d-4d6e-90a9-0f86ad91887d@group-B6EF9C9D337D: receive requestVote(ELECTION, 13038c2f-3ff3-450f-8cad-b0ed419b91b5, group-B6EF9C9D337D, 1, <PROTO_DEFAULT>)
2025-07-15 19:45:54,326 [grpc-default-executor-3] INFO  impl.VoteContext (VoteContext.java:log(49)) - 740e7591-da3d-4d6e-90a9-0f86ad91887d@group-B6EF9C9D337D-FOLLOWER: accept ELECTION from 13038c2f-3ff3-450f-8cad-b0ed419b91b5: our priority 0 <= candidate's priority 1
2025-07-15 19:45:54,326 [grpc-default-executor-3] INFO  server.RaftServer$Division (RaftServerImpl.java:setRole(392)) - 740e7591-da3d-4d6e-90a9-0f86ad91887d@group-B6EF9C9D337D: changes role from  FOLLOWER to FOLLOWER at term 0 for candidate:13038c2f-3ff3-450f-8cad-b0ed419b91b5
2025-07-15 19:45:54,326 [grpc-default-executor-3] INFO  impl.RoleInfo (RoleInfo.java:shutdownFollowerState(121)) - 740e7591-da3d-4d6e-90a9-0f86ad91887d: shutdown 740e7591-da3d-4d6e-90a9-0f86ad91887d@group-B6EF9C9D337D-FollowerState
2025-07-15 19:45:54,326 [grpc-default-executor-3] INFO  impl.RoleInfo (RoleInfo.java:updateAndGet(148)) - 740e7591-da3d-4d6e-90a9-0f86ad91887d: start 740e7591-da3d-4d6e-90a9-0f86ad91887d@group-B6EF9C9D337D-FollowerState
2025-07-15 19:45:54,327 [grpc-default-executor-3] INFO  server.RaftServer$Division (RaftServerImpl.java:setFirstElection(576)) - 740e7591-da3d-4d6e-90a9-0f86ad91887d@group-B6EF9C9D337D: set firstElectionSinceStartup to false for candidate:13038c2f-3ff3-450f-8cad-b0ed419b91b5
2025-07-15 19:45:54,327 [grpc-default-executor-2] INFO  server.RaftServer$Division (RaftServerImpl.java:requestVote(1421)) - fe9e34e2-462c-4770-837c-ac5869922ef8@group-B6EF9C9D337D: receive requestVote(ELECTION, 13038c2f-3ff3-450f-8cad-b0ed419b91b5, group-B6EF9C9D337D, 1, <PROTO_DEFAULT>)
2025-07-15 19:45:54,327 [grpc-default-executor-2] INFO  impl.VoteContext (VoteContext.java:log(49)) - fe9e34e2-462c-4770-837c-ac5869922ef8@group-B6EF9C9D337D-FOLLOWER: accept ELECTION from 13038c2f-3ff3-450f-8cad-b0ed419b91b5: our priority 0 <= candidate's priority 1
2025-07-15 19:45:54,327 [grpc-default-executor-2] INFO  server.RaftServer$Division (RaftServerImpl.java:setRole(392)) - fe9e34e2-462c-4770-837c-ac5869922ef8@group-B6EF9C9D337D: changes role from  FOLLOWER to FOLLOWER at term 0 for candidate:13038c2f-3ff3-450f-8cad-b0ed419b91b5
2025-07-15 19:45:54,327 [grpc-default-executor-2] INFO  impl.RoleInfo (RoleInfo.java:shutdownFollowerState(121)) - fe9e34e2-462c-4770-837c-ac5869922ef8: shutdown fe9e34e2-462c-4770-837c-ac5869922ef8@group-B6EF9C9D337D-FollowerState
2025-07-15 19:45:54,327 [grpc-default-executor-2] INFO  impl.RoleInfo (RoleInfo.java:updateAndGet(148)) - fe9e34e2-462c-4770-837c-ac5869922ef8: start fe9e34e2-462c-4770-837c-ac5869922ef8@group-B6EF9C9D337D-FollowerState
2025-07-15 19:45:54,327 [740e7591-da3d-4d6e-90a9-0f86ad91887d@group-B6EF9C9D337D-FollowerState] INFO  impl.FollowerState (FollowerState.java:runImpl(170)) - 740e7591-da3d-4d6e-90a9-0f86ad91887d@group-B6EF9C9D337D-FollowerState was interrupted
2025-07-15 19:45:54,327 [grpc-default-executor-2] INFO  server.RaftServer$Division (RaftServerImpl.java:setFirstElection(576)) - fe9e34e2-462c-4770-837c-ac5869922ef8@group-B6EF9C9D337D: set firstElectionSinceStartup to false for candidate:13038c2f-3ff3-450f-8cad-b0ed419b91b5
2025-07-15 19:45:54,327 [fe9e34e2-462c-4770-837c-ac5869922ef8@group-B6EF9C9D337D-FollowerState] INFO  impl.FollowerState (FollowerState.java:runImpl(170)) - fe9e34e2-462c-4770-837c-ac5869922ef8@group-B6EF9C9D337D-FollowerState was interrupted
2025-07-15 19:45:54,329 [grpc-default-executor-3] INFO  server.RaftServer$Division (RaftServerImpl.java:requestVote(1455)) - 740e7591-da3d-4d6e-90a9-0f86ad91887d@group-B6EF9C9D337D replies to ELECTION vote request: 13038c2f-3ff3-450f-8cad-b0ed419b91b5<-740e7591-da3d-4d6e-90a9-0f86ad91887d#0:OK-t1-last:<INITIAL_VALUE>. Peer's state: 740e7591-da3d-4d6e-90a9-0f86ad91887d@group-B6EF9C9D337D:t1, leader=null, voted=13038c2f-3ff3-450f-8cad-b0ed419b91b5, raftlog=Memoized:740e7591-da3d-4d6e-90a9-0f86ad91887d@group-B6EF9C9D337D-SegmentedRaftLog:OPENED:c-1:lastnull, conf=conf: {index: -1, cur=peers:[13038c2f-3ff3-450f-8cad-b0ed419b91b5|127.0.0.1:15023, 740e7591-da3d-4d6e-90a9-0f86ad91887d|127.0.0.1:15039, fe9e34e2-462c-4770-837c-ac5869922ef8|127.0.0.1:15031]|listeners:[], old=null}
2025-07-15 19:45:54,330 [grpc-default-executor-2] INFO  server.RaftServer$Division (RaftServerImpl.java:requestVote(1455)) - fe9e34e2-462c-4770-837c-ac5869922ef8@group-B6EF9C9D337D replies to ELECTION vote request: 13038c2f-3ff3-450f-8cad-b0ed419b91b5<-fe9e34e2-462c-4770-837c-ac5869922ef8#0:OK-t1-last:<INITIAL_VALUE>. Peer's state: fe9e34e2-462c-4770-837c-ac5869922ef8@group-B6EF9C9D337D:t1, leader=null, voted=13038c2f-3ff3-450f-8cad-b0ed419b91b5, raftlog=Memoized:fe9e34e2-462c-4770-837c-ac5869922ef8@group-B6EF9C9D337D-SegmentedRaftLog:OPENED:c-1:lastnull, conf=conf: {index: -1, cur=peers:[13038c2f-3ff3-450f-8cad-b0ed419b91b5|127.0.0.1:15023, 740e7591-da3d-4d6e-90a9-0f86ad91887d|127.0.0.1:15039, fe9e34e2-462c-4770-837c-ac5869922ef8|127.0.0.1:15031]|listeners:[], old=null}
2025-07-15 19:45:54,330 [13038c2f-3ff3-450f-8cad-b0ed419b91b5@group-B6EF9C9D337D-LeaderElection5] INFO  impl.LeaderElection (LeaderElection.java:logAndReturn(206)) - 13038c2f-3ff3-450f-8cad-b0ed419b91b5@group-B6EF9C9D337D-LeaderElection5: ELECTION PASSED received 1 response(s) and 0 exception(s):
2025-07-15 19:45:54,331 [13038c2f-3ff3-450f-8cad-b0ed419b91b5@group-B6EF9C9D337D-LeaderElection5] INFO  impl.LeaderElection (LeaderElection.java:logAndReturn(210)) -   Response 0: 13038c2f-3ff3-450f-8cad-b0ed419b91b5<-740e7591-da3d-4d6e-90a9-0f86ad91887d#0:OK-t1-last:<INITIAL_VALUE>
2025-07-15 19:45:54,331 [13038c2f-3ff3-450f-8cad-b0ed419b91b5@group-B6EF9C9D337D-LeaderElection5] INFO  impl.LeaderElection (LeaderElection.java:askForVotes(450)) - 13038c2f-3ff3-450f-8cad-b0ed419b91b5@group-B6EF9C9D337D-LeaderElection5 ELECTION round 0: result PASSED
2025-07-15 19:45:54,332 [13038c2f-3ff3-450f-8cad-b0ed419b91b5@group-B6EF9C9D337D-LeaderElection5] INFO  impl.RoleInfo (RoleInfo.java:shutdownLeaderElection(141)) - 13038c2f-3ff3-450f-8cad-b0ed419b91b5: shutdown 13038c2f-3ff3-450f-8cad-b0ed419b91b5@group-B6EF9C9D337D-LeaderElection5
2025-07-15 19:45:54,332 [13038c2f-3ff3-450f-8cad-b0ed419b91b5@group-B6EF9C9D337D-LeaderElection5] INFO  server.RaftServer$Division (RaftServerImpl.java:setRole(392)) - 13038c2f-3ff3-450f-8cad-b0ed419b91b5@group-B6EF9C9D337D: changes role from CANDIDATE to LEADER at term 1 for changeToLeader
2025-07-15 19:45:54,332 [13038c2f-3ff3-450f-8cad-b0ed419b91b5@group-B6EF9C9D337D-LeaderElection5] INFO  server.RaftServerConfigKeys (ConfUtils.java:logFallback(69)) - raft.server.staging.timeout = 15600ms (fallback to raft.server.rpc.timeout.max)
2025-07-15 19:45:54,332 [13038c2f-3ff3-450f-8cad-b0ed419b91b5@group-B6EF9C9D337D-LeaderElection5] INFO  server.RaftServerConfigKeys (ConfUtils.java:logGet(62)) - raft.server.write.byte-limit = 1024 M (=1073741824) (custom)
2025-07-15 19:45:54,334 [13038c2f-3ff3-450f-8cad-b0ed419b91b5@group-B6EF9C9D337D-LeaderElection5] INFO  server.RaftServerConfigKeys (ConfUtils.java:logGet(62)) - raft.server.log.appender.buffer.byte-limit = 33554432 (custom)
2025-07-15 19:45:54,335 [13038c2f-3ff3-450f-8cad-b0ed419b91b5@group-B6EF9C9D337D-LeaderElection5] INFO  server.RaftServerConfigKeys (ConfUtils.java:logGet(62)) - raft.server.log.appender.buffer.byte-limit = 33554432 (custom)
2025-07-15 19:45:54,336 [13038c2f-3ff3-450f-8cad-b0ed419b91b5@group-B6EF9C9D337D-LeaderElection5] INFO  impl.RoleInfo (RoleInfo.java:updateAndGet(148)) - 13038c2f-3ff3-450f-8cad-b0ed419b91b5: start 13038c2f-3ff3-450f-8cad-b0ed419b91b5@group-B6EF9C9D337D-LeaderStateImpl
2025-07-15 19:45:54,336 [13038c2f-3ff3-450f-8cad-b0ed419b91b5@group-B6EF9C9D337D-LeaderElection5] INFO  server.RaftServer$Division (RaftServerImpl.java:setFirstElection(576)) - 13038c2f-3ff3-450f-8cad-b0ed419b91b5@group-B6EF9C9D337D: set firstElectionSinceStartup to false for becomeLeader
2025-07-15 19:45:54,336 [13038c2f-3ff3-450f-8cad-b0ed419b91b5@group-B6EF9C9D337D-LeaderElection5] INFO  ratis.XceiverServerRatis (XceiverServerRatis.java:handleLeaderChangedNotification(944)) - Leader change notification received for group: group-B6EF9C9D337D with new leaderId: 13038c2f-3ff3-450f-8cad-b0ed419b91b5
2025-07-15 19:45:54,336 [13038c2f-3ff3-450f-8cad-b0ed419b91b5@group-B6EF9C9D337D-LeaderElection5] INFO  server.RaftServer$Division (ServerState.java:setLeader(272)) - 13038c2f-3ff3-450f-8cad-b0ed419b91b5@group-B6EF9C9D337D: change Leader from null to 13038c2f-3ff3-450f-8cad-b0ed419b91b5 at term 1 for becomeLeader, leader elected after 1224ms
2025-07-15 19:45:54,337 [13038c2f-3ff3-450f-8cad-b0ed419b91b5@group-B6EF9C9D337D-LeaderElection5] INFO  segmented.SegmentedRaftLogWorker (SegmentedRaftLogWorker.java:startLogSegment(440)) - 13038c2f-3ff3-450f-8cad-b0ed419b91b5@group-B6EF9C9D337D-SegmentedRaftLogWorker: Starting segment from index:0
2025-07-15 19:45:54,337 [13038c2f-3ff3-450f-8cad-b0ed419b91b5@group-B6EF9C9D337D-LeaderElection5] INFO  server.RaftServer$Division (ServerState.java:setRaftConf(386)) - 13038c2f-3ff3-450f-8cad-b0ed419b91b5@group-B6EF9C9D337D: set configuration conf: {index: 0, cur=peers:[13038c2f-3ff3-450f-8cad-b0ed419b91b5|127.0.0.1:15023, 740e7591-da3d-4d6e-90a9-0f86ad91887d|127.0.0.1:15039, fe9e34e2-462c-4770-837c-ac5869922ef8|127.0.0.1:15031]|listeners:[], old=null}
2025-07-15 19:45:54,337 [13038c2f-3ff3-450f-8cad-b0ed419b91b5@group-B6EF9C9D337D-SegmentedRaftLogWorker] INFO  segmented.BufferedWriteChannel (BufferedWriteChannel.java:open(61)) - open log_inprogress_0 at position 0
2025-07-15 19:45:54,338 [EventQueue-PipelineReportForOneReplicaPipelineSafeModeRule] INFO  safemode.SCMSafeModeManager (SCMSafeModeManager.java:validateSafeModeExitRules(138)) - AtleastOneDatanodeReportedRule rule is successfully validated
2025-07-15 19:45:54,342 [63321245-e0ff-457f-8079-ff5ce612eddd@group-2FD65D18BFC8-StateMachineUpdater] INFO  safemode.SCMSafeModeManager (SCMSafeModeManager.java:validateSafeModeExitRules(138)) - DataNodeSafeModeRule rule is successfully validated
2025-07-15 19:45:54,342 [63321245-e0ff-457f-8079-ff5ce612eddd@group-2FD65D18BFC8-StateMachineUpdater] INFO  safemode.SCMSafeModeManager (SCMSafeModeManager.java:validateSafeModeExitRules(138)) - RatisContainerSafeModeRule rule is successfully validated
2025-07-15 19:45:54,342 [63321245-e0ff-457f-8079-ff5ce612eddd@group-2FD65D18BFC8-StateMachineUpdater] INFO  safemode.HealthyPipelineSafeModeRule (HealthyPipelineSafeModeRule.java:initializeRule(228)) - Refreshed total pipeline count is 1, healthy pipeline threshold count is 1
2025-07-15 19:45:54,342 [63321245-e0ff-457f-8079-ff5ce612eddd@group-2FD65D18BFC8-StateMachineUpdater] INFO  safemode.SCMSafeModeManager (SCMSafeModeManager.java:validateSafeModeExitRules(138)) - ECContainerSafeModeRule rule is successfully validated
2025-07-15 19:45:54,342 [63321245-e0ff-457f-8079-ff5ce612eddd@group-2FD65D18BFC8-StateMachineUpdater] INFO  safemode.SCMSafeModeManager (SCMSafeModeManager.java:validateSafeModeExitRules(138)) - AtleastOneDatanodeReportedRule rule is successfully validated
2025-07-15 19:45:54,344 [EventQueue-PipelineReportForPipelineReportHandler] INFO  pipeline.PipelineReportHandler (PipelineReportHandler.java:processPipelineReport(134)) - Opened pipeline Pipeline-3e4bd71c-ace0-4d7f-826b-b6ef9c9d337d
2025-07-15 19:45:54,344 [EventQueue-OpenPipelineForHealthyPipelineSafeModeRule] INFO  safemode.SCMSafeModeManager (HealthyPipelineSafeModeRule.java:process(196)) - SCM in safe mode. Healthy pipelines reported count is 1, required healthy pipeline reported count is 1
2025-07-15 19:45:54,344 [EventQueue-OpenPipelineForHealthyPipelineSafeModeRule] INFO  safemode.SCMSafeModeManager (SCMSafeModeManager.java:validateSafeModeExitRules(138)) - HealthyPipelineSafeModeRule rule is successfully validated
2025-07-15 19:45:54,344 [EventQueue-OpenPipelineForHealthyPipelineSafeModeRule] INFO  safemode.SCMSafeModeManager (SCMSafeModeManager.java:validateSafeModeExitRules(158)) - ScmSafeModeManager, all rules are successfully validated
2025-07-15 19:45:54,344 [EventQueue-OpenPipelineForHealthyPipelineSafeModeRule] INFO  safemode.SCMSafeModeManager (SCMSafeModeManager.java:validateSafeModeExitRules(159)) - SCM exiting safe mode.
2025-07-15 19:45:54,344 [EventQueue-OpenPipelineForHealthyPipelineSafeModeRule] INFO  ha.SCMContext (SCMContext.java:updateSafeModeStatus(224)) - Update SafeModeStatus from SafeModeStatus{safeModeStatus=true, preCheckPassed=true} to SafeModeStatus{safeModeStatus=false, preCheckPassed=true}.
2025-07-15 19:45:54,345 [EventQueue-OpenPipelineForHealthyPipelineSafeModeRule] INFO  BackgroundPipelineScrubber (BackgroundSCMService.java:notifyStatusChanged(78)) - Service BackgroundPipelineScrubber transitions to RUNNING.
2025-07-15 19:45:54,345 [EventQueue-OpenPipelineForHealthyPipelineSafeModeRule] INFO  ExpiredContainerReplicaOpScrubber (BackgroundSCMService.java:notifyStatusChanged(78)) - Service ExpiredContainerReplicaOpScrubber transitions to RUNNING.
2025-07-15 19:45:54,345 [EventQueue-OpenPipelineForHealthyPipelineSafeModeRule] INFO  block.SCMBlockDeletingService (SCMBlockDeletingService.java:notifyStatusChanged(265)) - notifyStatusChanged:RUNNING
2025-07-15 19:45:54,345 [EventQueue-OpenPipelineForHealthyPipelineSafeModeRule] INFO  replication.ReplicationManager (ReplicationManager.java:notifyStatusChanged(1387)) - Service ReplicationManager transitions to RUNNING.
2025-07-15 19:45:54,348 [13038c2f-3ff3-450f-8cad-b0ed419b91b5@group-B6EF9C9D337D-SegmentedRaftLogWorker] INFO  segmented.SegmentedRaftLogWorker (SegmentedRaftLogWorker.java:execute(647)) - 13038c2f-3ff3-450f-8cad-b0ed419b91b5@group-B6EF9C9D337D-SegmentedRaftLogWorker: created new log segment /home/runner/work/ozone/ozone/hadoop-ozone/integration-test/target/test-dir/MiniOzoneClusterImpl-0e8a6840-8092-433d-9bbe-2fd65d18bfc8/ozone-meta/datanode-1/ratis/3e4bd71c-ace0-4d7f-826b-b6ef9c9d337d/current/log_inprogress_0
2025-07-15 19:45:54,348 [grpc-default-executor-5] INFO  ratis.XceiverServerRatis (XceiverServerRatis.java:handleLeaderChangedNotification(944)) - Leader change notification received for group: group-B6EF9C9D337D with new leaderId: 13038c2f-3ff3-450f-8cad-b0ed419b91b5
2025-07-15 19:45:54,349 [grpc-default-executor-5] INFO  server.RaftServer$Division (ServerState.java:setLeader(272)) - 740e7591-da3d-4d6e-90a9-0f86ad91887d@group-B6EF9C9D337D: change Leader from null to 13038c2f-3ff3-450f-8cad-b0ed419b91b5 at term 1 for appendEntries, leader elected after 1127ms
2025-07-15 19:45:54,349 [grpc-default-executor-2] INFO  ratis.XceiverServerRatis (XceiverServerRatis.java:handleLeaderChangedNotification(944)) - Leader change notification received for group: group-B6EF9C9D337D with new leaderId: 13038c2f-3ff3-450f-8cad-b0ed419b91b5
2025-07-15 19:45:54,349 [grpc-default-executor-2] INFO  server.RaftServer$Division (ServerState.java:setLeader(272)) - fe9e34e2-462c-4770-837c-ac5869922ef8@group-B6EF9C9D337D: change Leader from null to 13038c2f-3ff3-450f-8cad-b0ed419b91b5 at term 1 for appendEntries, leader elected after 1064ms
2025-07-15 19:45:54,349 [grpc-default-executor-5] INFO  server.RaftServer$Division (ServerState.java:setRaftConf(386)) - 740e7591-da3d-4d6e-90a9-0f86ad91887d@group-B6EF9C9D337D: set configuration conf: {index: 0, cur=peers:[13038c2f-3ff3-450f-8cad-b0ed419b91b5|127.0.0.1:15023, 740e7591-da3d-4d6e-90a9-0f86ad91887d|127.0.0.1:15039, fe9e34e2-462c-4770-837c-ac5869922ef8|127.0.0.1:15031]|listeners:[], old=null}
2025-07-15 19:45:54,349 [grpc-default-executor-5] INFO  segmented.SegmentedRaftLogWorker (SegmentedRaftLogWorker.java:startLogSegment(440)) - 740e7591-da3d-4d6e-90a9-0f86ad91887d@group-B6EF9C9D337D-SegmentedRaftLogWorker: Starting segment from index:0
2025-07-15 19:45:54,350 [grpc-default-executor-3] INFO  server.RaftServer$Division (ServerState.java:setRaftConf(386)) - fe9e34e2-462c-4770-837c-ac5869922ef8@group-B6EF9C9D337D: set configuration conf: {index: 0, cur=peers:[13038c2f-3ff3-450f-8cad-b0ed419b91b5|127.0.0.1:15023, 740e7591-da3d-4d6e-90a9-0f86ad91887d|127.0.0.1:15039, fe9e34e2-462c-4770-837c-ac5869922ef8|127.0.0.1:15031]|listeners:[], old=null}
2025-07-15 19:45:54,350 [grpc-default-executor-3] INFO  segmented.SegmentedRaftLogWorker (SegmentedRaftLogWorker.java:startLogSegment(440)) - fe9e34e2-462c-4770-837c-ac5869922ef8@group-B6EF9C9D337D-SegmentedRaftLogWorker: Starting segment from index:0
2025-07-15 19:45:54,350 [740e7591-da3d-4d6e-90a9-0f86ad91887d@group-B6EF9C9D337D-SegmentedRaftLogWorker] INFO  segmented.BufferedWriteChannel (BufferedWriteChannel.java:open(61)) - open log_inprogress_0 at position 0
2025-07-15 19:45:54,352 [fe9e34e2-462c-4770-837c-ac5869922ef8@group-B6EF9C9D337D-SegmentedRaftLogWorker] INFO  segmented.BufferedWriteChannel (BufferedWriteChannel.java:open(61)) - open log_inprogress_0 at position 0
2025-07-15 19:45:54,352 [13038c2f-3ff3-450f-8cad-b0ed419b91b5@group-DA70A9FE57AB-FollowerState] INFO  impl.FollowerState (FollowerState.java:runImpl(161)) - 13038c2f-3ff3-450f-8cad-b0ed419b91b5@group-DA70A9FE57AB-FollowerState: change to CANDIDATE, lastRpcElapsedTime:1016779697ns, electionTimeout:1016ms
2025-07-15 19:45:54,353 [13038c2f-3ff3-450f-8cad-b0ed419b91b5@group-DA70A9FE57AB-FollowerState] INFO  impl.RoleInfo (RoleInfo.java:shutdownFollowerState(121)) - 13038c2f-3ff3-450f-8cad-b0ed419b91b5: shutdown 13038c2f-3ff3-450f-8cad-b0ed419b91b5@group-DA70A9FE57AB-FollowerState
2025-07-15 19:45:54,353 [13038c2f-3ff3-450f-8cad-b0ed419b91b5@group-DA70A9FE57AB-FollowerState] INFO  server.RaftServer$Division (RaftServerImpl.java:setRole(392)) - 13038c2f-3ff3-450f-8cad-b0ed419b91b5@group-DA70A9FE57AB: changes role from  FOLLOWER to CANDIDATE at term 0 for changeToCandidate
2025-07-15 19:45:54,353 [13038c2f-3ff3-450f-8cad-b0ed419b91b5@group-DA70A9FE57AB-FollowerState] INFO  impl.RoleInfo (RoleInfo.java:updateAndGet(148)) - 13038c2f-3ff3-450f-8cad-b0ed419b91b5: start 13038c2f-3ff3-450f-8cad-b0ed419b91b5@group-DA70A9FE57AB-LeaderElection6
2025-07-15 19:45:54,354 [EventQueue-OpenPipelineForHealthyPipelineSafeModeRule] WARN  balancer.ContainerBalancer (ContainerBalancer.java:shouldRun(136)) - Could not find persisted configuration for ContainerBalancer when checking if ContainerBalancer should run. ContainerBalancer should not run now.
2025-07-15 19:45:54,354 [EventQueue-OpenPipelineForHealthyPipelineSafeModeRule] INFO  SCMHATransactionMonitor (BackgroundSCMService.java:notifyStatusChanged(78)) - Service SCMHATransactionMonitor transitions to RUNNING.
2025-07-15 19:45:54,354 [13038c2f-3ff3-450f-8cad-b0ed419b91b5@group-DA70A9FE57AB-LeaderElection6] INFO  impl.LeaderElection (LeaderElection.java:askForVotes(448)) - 13038c2f-3ff3-450f-8cad-b0ed419b91b5@group-DA70A9FE57AB-LeaderElection6 PRE_VOTE round 0: submit vote requests at term 0 for conf: {index: -1, cur=peers:[13038c2f-3ff3-450f-8cad-b0ed419b91b5|127.0.0.1:15023, 740e7591-da3d-4d6e-90a9-0f86ad91887d|127.0.0.1:15039, fe9e34e2-462c-4770-837c-ac5869922ef8|127.0.0.1:15031]|listeners:[], old=null}
2025-07-15 19:45:54,358 [grpc-default-executor-2] INFO  server.RaftServer$Division (RaftServerImpl.java:requestVote(1421)) - 740e7591-da3d-4d6e-90a9-0f86ad91887d@group-DA70A9FE57AB: receive requestVote(PRE_VOTE, 13038c2f-3ff3-450f-8cad-b0ed419b91b5, group-DA70A9FE57AB, 0, <PROTO_DEFAULT>)
2025-07-15 19:45:54,358 [grpc-default-executor-2] INFO  impl.VoteContext (VoteContext.java:log(49)) - 740e7591-da3d-4d6e-90a9-0f86ad91887d@group-DA70A9FE57AB-FOLLOWER: accept PRE_VOTE from 13038c2f-3ff3-450f-8cad-b0ed419b91b5: our priority 0 <= candidate's priority 0
2025-07-15 19:45:54,359 [grpc-default-executor-2] INFO  server.RaftServer$Division (RaftServerImpl.java:requestVote(1455)) - 740e7591-da3d-4d6e-90a9-0f86ad91887d@group-DA70A9FE57AB replies to PRE_VOTE vote request: 13038c2f-3ff3-450f-8cad-b0ed419b91b5<-740e7591-da3d-4d6e-90a9-0f86ad91887d#0:OK-t0-last:<INITIAL_VALUE>. Peer's state: 740e7591-da3d-4d6e-90a9-0f86ad91887d@group-DA70A9FE57AB:t0, leader=null, voted=, raftlog=Memoized:740e7591-da3d-4d6e-90a9-0f86ad91887d@group-DA70A9FE57AB-SegmentedRaftLog:OPENED:c-1:lastnull, conf=conf: {index: -1, cur=peers:[13038c2f-3ff3-450f-8cad-b0ed419b91b5|127.0.0.1:15023, 740e7591-da3d-4d6e-90a9-0f86ad91887d|127.0.0.1:15039, fe9e34e2-462c-4770-837c-ac5869922ef8|127.0.0.1:15031]|listeners:[], old=null}
2025-07-15 19:45:54,360 [grpc-default-executor-0] INFO  server.RaftServer$Division (RaftServerImpl.java:requestVote(1421)) - fe9e34e2-462c-4770-837c-ac5869922ef8@group-DA70A9FE57AB: receive requestVote(PRE_VOTE, 13038c2f-3ff3-450f-8cad-b0ed419b91b5, group-DA70A9FE57AB, 0, <PROTO_DEFAULT>)
2025-07-15 19:45:54,360 [grpc-default-executor-0] INFO  impl.VoteContext (VoteContext.java:log(49)) - fe9e34e2-462c-4770-837c-ac5869922ef8@group-DA70A9FE57AB-FOLLOWER: reject PRE_VOTE from 13038c2f-3ff3-450f-8cad-b0ed419b91b5: our priority 1 > candidate's priority 0
2025-07-15 19:45:54,360 [grpc-default-executor-0] INFO  server.RaftServer$Division (RaftServerImpl.java:requestVote(1455)) - fe9e34e2-462c-4770-837c-ac5869922ef8@group-DA70A9FE57AB replies to PRE_VOTE vote request: 13038c2f-3ff3-450f-8cad-b0ed419b91b5<-fe9e34e2-462c-4770-837c-ac5869922ef8#0:FAIL-t0-last:<INITIAL_VALUE>. Peer's state: fe9e34e2-462c-4770-837c-ac5869922ef8@group-DA70A9FE57AB:t0, leader=null, voted=, raftlog=Memoized:fe9e34e2-462c-4770-837c-ac5869922ef8@group-DA70A9FE57AB-SegmentedRaftLog:OPENED:c-1:lastnull, conf=conf: {index: -1, cur=peers:[13038c2f-3ff3-450f-8cad-b0ed419b91b5|127.0.0.1:15023, 740e7591-da3d-4d6e-90a9-0f86ad91887d|127.0.0.1:15039, fe9e34e2-462c-4770-837c-ac5869922ef8|127.0.0.1:15031]|listeners:[], old=null}
2025-07-15 19:45:54,361 [740e7591-da3d-4d6e-90a9-0f86ad91887d@group-B6EF9C9D337D-SegmentedRaftLogWorker] INFO  segmented.SegmentedRaftLogWorker (SegmentedRaftLogWorker.java:execute(647)) - 740e7591-da3d-4d6e-90a9-0f86ad91887d@group-B6EF9C9D337D-SegmentedRaftLogWorker: created new log segment /home/runner/work/ozone/ozone/hadoop-ozone/integration-test/target/test-dir/MiniOzoneClusterImpl-0e8a6840-8092-433d-9bbe-2fd65d18bfc8/ozone-meta/datanode-3/ratis/3e4bd71c-ace0-4d7f-826b-b6ef9c9d337d/current/log_inprogress_0
2025-07-15 19:45:54,363 [13038c2f-3ff3-450f-8cad-b0ed419b91b5@group-DA70A9FE57AB-LeaderElection6] INFO  impl.LeaderElection (LeaderElection.java:logAndReturn(206)) - 13038c2f-3ff3-450f-8cad-b0ed419b91b5@group-DA70A9FE57AB-LeaderElection6: PRE_VOTE REJECTED received 1 response(s) and 0 exception(s):
2025-07-15 19:45:54,363 [13038c2f-3ff3-450f-8cad-b0ed419b91b5@group-DA70A9FE57AB-LeaderElection6] INFO  impl.LeaderElection (LeaderElection.java:logAndReturn(210)) -   Response 0: 13038c2f-3ff3-450f-8cad-b0ed419b91b5<-fe9e34e2-462c-4770-837c-ac5869922ef8#0:FAIL-t0-last:<INITIAL_VALUE>
2025-07-15 19:45:54,363 [13038c2f-3ff3-450f-8cad-b0ed419b91b5@group-DA70A9FE57AB-LeaderElection6] INFO  impl.LeaderElection (LeaderElection.java:askForVotes(450)) - 13038c2f-3ff3-450f-8cad-b0ed419b91b5@group-DA70A9FE57AB-LeaderElection6 PRE_VOTE round 0: result REJECTED
2025-07-15 19:45:54,363 [13038c2f-3ff3-450f-8cad-b0ed419b91b5@group-DA70A9FE57AB-LeaderElection6] INFO  server.RaftServer$Division (RaftServerImpl.java:setRole(392)) - 13038c2f-3ff3-450f-8cad-b0ed419b91b5@group-DA70A9FE57AB: changes role from CANDIDATE to FOLLOWER at term 0 for REJECTED
2025-07-15 19:45:54,363 [13038c2f-3ff3-450f-8cad-b0ed419b91b5@group-DA70A9FE57AB-LeaderElection6] INFO  impl.RoleInfo (RoleInfo.java:shutdownLeaderElection(141)) - 13038c2f-3ff3-450f-8cad-b0ed419b91b5: shutdown 13038c2f-3ff3-450f-8cad-b0ed419b91b5@group-DA70A9FE57AB-LeaderElection6
2025-07-15 19:45:54,363 [13038c2f-3ff3-450f-8cad-b0ed419b91b5@group-DA70A9FE57AB-LeaderElection6] INFO  impl.RoleInfo (RoleInfo.java:updateAndGet(148)) - 13038c2f-3ff3-450f-8cad-b0ed419b91b5: start 13038c2f-3ff3-450f-8cad-b0ed419b91b5@group-DA70A9FE57AB-FollowerState
2025-07-15 19:45:54,365 [13038c2f-3ff3-450f-8cad-b0ed419b91b5@group-DA70A9FE57AB-LeaderElection6] INFO  server.RaftServer$Division (RaftServerImpl.java:setFirstElection(576)) - 13038c2f-3ff3-450f-8cad-b0ed419b91b5@group-DA70A9FE57AB: set firstElectionSinceStartup to false for REJECTED
2025-07-15 19:45:54,369 [13038c2f-3ff3-450f-8cad-b0ed419b91b5@group-B6EF9C9D337D-StateMachineUpdater] INFO  server.RaftServer$Division (LeaderStateImpl.java:checkStartIndex(309)) - Leader 13038c2f-3ff3-450f-8cad-b0ed419b91b5@group-B6EF9C9D337D-LeaderStateImpl is ready since appliedIndex == startIndex == 0
2025-07-15 19:45:54,371 [fe9e34e2-462c-4770-837c-ac5869922ef8@group-B6EF9C9D337D-SegmentedRaftLogWorker] INFO  segmented.SegmentedRaftLogWorker (SegmentedRaftLogWorker.java:execute(647)) - fe9e34e2-462c-4770-837c-ac5869922ef8@group-B6EF9C9D337D-SegmentedRaftLogWorker: created new log segment /home/runner/work/ozone/ozone/hadoop-ozone/integration-test/target/test-dir/MiniOzoneClusterImpl-0e8a6840-8092-433d-9bbe-2fd65d18bfc8/ozone-meta/datanode-2/ratis/3e4bd71c-ace0-4d7f-826b-b6ef9c9d337d/current/log_inprogress_0
2025-07-15 19:45:54,496 [740e7591-da3d-4d6e-90a9-0f86ad91887d-PipelineCommandHandlerThread-0] INFO  server.RaftServer (RaftServerProxy.java:addNew(105)) - 740e7591-da3d-4d6e-90a9-0f86ad91887d: addNew group-76009A78E852:[740e7591-da3d-4d6e-90a9-0f86ad91887d|127.0.0.1:15039] returns group-76009A78E852:java.util.concurrent.CompletableFuture@69947c4f[Not completed]
2025-07-15 19:45:54,497 [740e7591-da3d-4d6e-90a9-0f86ad91887d-groupManagement] INFO  server.RaftServer$Division (RaftServerImpl.java:<init>(268)) - 740e7591-da3d-4d6e-90a9-0f86ad91887d: new RaftServerImpl for group-76009A78E852:[740e7591-da3d-4d6e-90a9-0f86ad91887d|127.0.0.1:15039] with ContainerStateMachine:uninitialized
2025-07-15 19:45:54,497 [740e7591-da3d-4d6e-90a9-0f86ad91887d-groupManagement] INFO  server.RaftServer$Division (ServerState.java:<init>(114)) - 740e7591-da3d-4d6e-90a9-0f86ad91887d@group-76009A78E852: ConfigurationManager, init=conf: {index: -1, cur=peers:[740e7591-da3d-4d6e-90a9-0f86ad91887d|127.0.0.1:15039]|listeners:[], old=null}, confs=<EMPTY_MAP>
2025-07-15 19:45:54,501 [740e7591-da3d-4d6e-90a9-0f86ad91887d-groupManagement] INFO  server.RaftServerConfigKeys (ConfUtils.java:logGet(62)) - raft.server.storage.dir = [/home/runner/work/ozone/ozone/hadoop-ozone/integration-test/target/test-dir/MiniOzoneClusterImpl-0e8a6840-8092-433d-9bbe-2fd65d18bfc8/ozone-meta/datanode-3/ratis] (custom)
2025-07-15 19:45:54,501 [740e7591-da3d-4d6e-90a9-0f86ad91887d-groupManagement] INFO  storage.RaftStorageDirectory (RaftStorageDirectoryImpl.java:analyzeStorage(138)) - The storage directory /home/runner/work/ozone/ozone/hadoop-ozone/integration-test/target/test-dir/MiniOzoneClusterImpl-0e8a6840-8092-433d-9bbe-2fd65d18bfc8/ozone-meta/datanode-3/ratis/608a8a1b-2975-426b-9098-76009a78e852 does not exist. Creating ...
2025-07-15 19:45:54,502 [740e7591-da3d-4d6e-90a9-0f86ad91887d-groupManagement] INFO  storage.RaftStorageDirectory (RaftStorageDirectoryImpl.java:tryLock(229)) - Lock on /home/runner/work/ozone/ozone/hadoop-ozone/integration-test/target/test-dir/MiniOzoneClusterImpl-0e8a6840-8092-433d-9bbe-2fd65d18bfc8/ozone-meta/datanode-3/ratis/608a8a1b-2975-426b-9098-76009a78e852/in_use.lock acquired by nodename 53370@localhost
2025-07-15 19:45:54,502 [fe9e34e2-462c-4770-837c-ac5869922ef8@group-DA70A9FE57AB-FollowerState] INFO  impl.FollowerState (FollowerState.java:runImpl(161)) - fe9e34e2-462c-4770-837c-ac5869922ef8@group-DA70A9FE57AB-FollowerState: change to CANDIDATE, lastRpcElapsedTime:1097456511ns, electionTimeout:1097ms
2025-07-15 19:45:54,503 [fe9e34e2-462c-4770-837c-ac5869922ef8@group-DA70A9FE57AB-FollowerState] INFO  impl.RoleInfo (RoleInfo.java:shutdownFollowerState(121)) - fe9e34e2-462c-4770-837c-ac5869922ef8: shutdown fe9e34e2-462c-4770-837c-ac5869922ef8@group-DA70A9FE57AB-FollowerState
2025-07-15 19:45:54,503 [fe9e34e2-462c-4770-837c-ac5869922ef8@group-DA70A9FE57AB-FollowerState] INFO  server.RaftServer$Division (RaftServerImpl.java:setRole(392)) - fe9e34e2-462c-4770-837c-ac5869922ef8@group-DA70A9FE57AB: changes role from  FOLLOWER to CANDIDATE at term 0 for changeToCandidate
2025-07-15 19:45:54,503 [fe9e34e2-462c-4770-837c-ac5869922ef8@group-DA70A9FE57AB-FollowerState] INFO  impl.RoleInfo (RoleInfo.java:updateAndGet(148)) - fe9e34e2-462c-4770-837c-ac5869922ef8: start fe9e34e2-462c-4770-837c-ac5869922ef8@group-DA70A9FE57AB-LeaderElection7
2025-07-15 19:45:54,503 [fe9e34e2-462c-4770-837c-ac5869922ef8@group-DA70A9FE57AB-LeaderElection7] INFO  impl.LeaderElection (LeaderElection.java:askForVotes(448)) - fe9e34e2-462c-4770-837c-ac5869922ef8@group-DA70A9FE57AB-LeaderElection7 PRE_VOTE round 0: submit vote requests at term 0 for conf: {index: -1, cur=peers:[13038c2f-3ff3-450f-8cad-b0ed419b91b5|127.0.0.1:15023, 740e7591-da3d-4d6e-90a9-0f86ad91887d|127.0.0.1:15039, fe9e34e2-462c-4770-837c-ac5869922ef8|127.0.0.1:15031]|listeners:[], old=null}
2025-07-15 19:45:54,504 [fe9e34e2-462c-4770-837c-ac5869922ef8@group-DA70A9FE57AB-LeaderElection7-1] INFO  server.GrpcServerProtocolClient (GrpcServerProtocolClient.java:<init>(65)) - Build channel for 13038c2f-3ff3-450f-8cad-b0ed419b91b5|127.0.0.1:15023
2025-07-15 19:45:54,504 [740e7591-da3d-4d6e-90a9-0f86ad91887d-groupManagement] INFO  storage.RaftStorage (RaftStorageImpl.java:format(98)) - Storage directory /home/runner/work/ozone/ozone/hadoop-ozone/integration-test/target/test-dir/MiniOzoneClusterImpl-0e8a6840-8092-433d-9bbe-2fd65d18bfc8/ozone-meta/datanode-3/ratis/608a8a1b-2975-426b-9098-76009a78e852 has been successfully formatted.
2025-07-15 19:45:54,505 [fe9e34e2-462c-4770-837c-ac5869922ef8@group-DA70A9FE57AB-LeaderElection7-2] INFO  server.GrpcServerProtocolClient (GrpcServerProtocolClient.java:<init>(65)) - Build channel for 740e7591-da3d-4d6e-90a9-0f86ad91887d|127.0.0.1:15039
2025-07-15 19:45:54,506 [740e7591-da3d-4d6e-90a9-0f86ad91887d-groupManagement] INFO  ratis.ContainerStateMachine (ContainerStateMachine.java:initialize(339)) - 740e7591-da3d-4d6e-90a9-0f86ad91887d: initialize group-76009A78E852
2025-07-15 19:45:54,507 [740e7591-da3d-4d6e-90a9-0f86ad91887d-groupManagement] INFO  ratis.ContainerStateMachine (ContainerStateMachine.java:loadSnapshot(347)) - group-76009A78E852: The snapshot info is null. Setting the last applied index to:<INITIAL_VALUE>
2025-07-15 19:45:54,507 [740e7591-da3d-4d6e-90a9-0f86ad91887d-groupManagement] INFO  server.RaftServerConfigKeys (ConfUtils.java:logGet(62)) - raft.server.log.appender.buffer.byte-limit = 33554432 (custom)
2025-07-15 19:45:54,510 [740e7591-da3d-4d6e-90a9-0f86ad91887d-groupManagement] INFO  server.RaftServerConfigKeys (ConfUtils.java:logGet(62)) - raft.server.log.segment.size.max = 67108864 (custom)
2025-07-15 19:45:54,515 [740e7591-da3d-4d6e-90a9-0f86ad91887d-groupManagement] INFO  server.RaftServerConfigKeys (ConfUtils.java:logGet(62)) - raft.server.log.appender.buffer.byte-limit = 33554432 (custom)
2025-07-15 19:45:54,515 [grpc-default-executor-2] INFO  server.RaftServer$Division (RaftServerImpl.java:requestVote(1421)) - 740e7591-da3d-4d6e-90a9-0f86ad91887d@group-DA70A9FE57AB: receive requestVote(PRE_VOTE, fe9e34e2-462c-4770-837c-ac5869922ef8, group-DA70A9FE57AB, 0, <PROTO_DEFAULT>)
2025-07-15 19:45:54,516 [grpc-default-executor-2] INFO  impl.VoteContext (VoteContext.java:log(49)) - 740e7591-da3d-4d6e-90a9-0f86ad91887d@group-DA70A9FE57AB-FOLLOWER: accept PRE_VOTE from fe9e34e2-462c-4770-837c-ac5869922ef8: our priority 0 <= candidate's priority 1
2025-07-15 19:45:54,517 [grpc-default-executor-2] INFO  server.RaftServer$Division (RaftServerImpl.java:requestVote(1455)) - 740e7591-da3d-4d6e-90a9-0f86ad91887d@group-DA70A9FE57AB replies to PRE_VOTE vote request: fe9e34e2-462c-4770-837c-ac5869922ef8<-740e7591-da3d-4d6e-90a9-0f86ad91887d#0:OK-t0-last:<INITIAL_VALUE>. Peer's state: 740e7591-da3d-4d6e-90a9-0f86ad91887d@group-DA70A9FE57AB:t0, leader=null, voted=, raftlog=Memoized:740e7591-da3d-4d6e-90a9-0f86ad91887d@group-DA70A9FE57AB-SegmentedRaftLog:OPENED:c-1:lastnull, conf=conf: {index: -1, cur=peers:[13038c2f-3ff3-450f-8cad-b0ed419b91b5|127.0.0.1:15023, 740e7591-da3d-4d6e-90a9-0f86ad91887d|127.0.0.1:15039, fe9e34e2-462c-4770-837c-ac5869922ef8|127.0.0.1:15031]|listeners:[], old=null}
2025-07-15 19:45:54,517 [EventQueue-PipelineReportForPipelineReportHandler] INFO  pipeline.PipelineReportHandler (PipelineReportHandler.java:processPipelineReport(134)) - Opened pipeline Pipeline-608a8a1b-2975-426b-9098-76009a78e852
2025-07-15 19:45:54,518 [grpc-default-executor-0] INFO  server.RaftServer$Division (RaftServerImpl.java:requestVote(1421)) - 13038c2f-3ff3-450f-8cad-b0ed419b91b5@group-DA70A9FE57AB: receive requestVote(PRE_VOTE, fe9e34e2-462c-4770-837c-ac5869922ef8, group-DA70A9FE57AB, 0, <PROTO_DEFAULT>)
2025-07-15 19:45:54,518 [grpc-default-executor-0] INFO  impl.VoteContext (VoteContext.java:log(49)) - 13038c2f-3ff3-450f-8cad-b0ed419b91b5@group-DA70A9FE57AB-FOLLOWER: accept PRE_VOTE from fe9e34e2-462c-4770-837c-ac5869922ef8: our priority 0 <= candidate's priority 1
2025-07-15 19:45:54,518 [grpc-default-executor-0] INFO  server.RaftServer$Division (RaftServerImpl.java:requestVote(1455)) - 13038c2f-3ff3-450f-8cad-b0ed419b91b5@group-DA70A9FE57AB replies to PRE_VOTE vote request: fe9e34e2-462c-4770-837c-ac5869922ef8<-13038c2f-3ff3-450f-8cad-b0ed419b91b5#0:OK-t0-last:<INITIAL_VALUE>. Peer's state: 13038c2f-3ff3-450f-8cad-b0ed419b91b5@group-DA70A9FE57AB:t0, leader=null, voted=, raftlog=Memoized:13038c2f-3ff3-450f-8cad-b0ed419b91b5@group-DA70A9FE57AB-SegmentedRaftLog:OPENED:c-1:lastnull, conf=conf: {index: -1, cur=peers:[13038c2f-3ff3-450f-8cad-b0ed419b91b5|127.0.0.1:15023, 740e7591-da3d-4d6e-90a9-0f86ad91887d|127.0.0.1:15039, fe9e34e2-462c-4770-837c-ac5869922ef8|127.0.0.1:15031]|listeners:[], old=null}
2025-07-15 19:45:54,518 [740e7591-da3d-4d6e-90a9-0f86ad91887d-groupManagement] INFO  util.AwaitToRun (AwaitToRun.java:start(81)) - Thread[#992,740e7591-da3d-4d6e-90a9-0f86ad91887d@group-76009A78E852-cacheEviction-AwaitToRun,5,main] started
2025-07-15 19:45:54,518 [740e7591-da3d-4d6e-90a9-0f86ad91887d-groupManagement] INFO  segmented.SegmentedRaftLogWorker (SegmentedRaftLogWorker.java:<init>(190)) - new 740e7591-da3d-4d6e-90a9-0f86ad91887d@group-76009A78E852-SegmentedRaftLogWorker for RaftStorageImpl:Storage Directory /home/runner/work/ozone/ozone/hadoop-ozone/integration-test/target/test-dir/MiniOzoneClusterImpl-0e8a6840-8092-433d-9bbe-2fd65d18bfc8/ozone-meta/datanode-3/ratis/608a8a1b-2975-426b-9098-76009a78e852
2025-07-15 19:45:54,518 [740e7591-da3d-4d6e-90a9-0f86ad91887d-groupManagement] INFO  server.RaftServerConfigKeys (ConfUtils.java:logGet(62)) - raft.server.log.queue.byte-limit = 4294967296 (custom)
2025-07-15 19:45:54,518 [740e7591-da3d-4d6e-90a9-0f86ad91887d-groupManagement] INFO  server.RaftServerConfigKeys (ConfUtils.java:logGet(62)) - raft.server.log.segment.size.max = 67108864 (custom)
2025-07-15 19:45:54,519 [740e7591-da3d-4d6e-90a9-0f86ad91887d-groupManagement] INFO  server.RaftServerConfigKeys (ConfUtils.java:logGet(62)) - raft.server.log.preallocated.size = 4194304 (custom)
2025-07-15 19:45:54,519 [740e7591-da3d-4d6e-90a9-0f86ad91887d-groupManagement] INFO  server.RaftServerConfigKeys (ConfUtils.java:logGet(62)) - raft.server.log.write.buffer.size = 33554440 (custom)
2025-07-15 19:45:54,520 [fe9e34e2-462c-4770-837c-ac5869922ef8@group-DA70A9FE57AB-LeaderElection7] INFO  impl.LeaderElection (LeaderElection.java:logAndReturn(206)) - fe9e34e2-462c-4770-837c-ac5869922ef8@group-DA70A9FE57AB-LeaderElection7: PRE_VOTE PASSED received 1 response(s) and 0 exception(s):
2025-07-15 19:45:54,520 [fe9e34e2-462c-4770-837c-ac5869922ef8@group-DA70A9FE57AB-LeaderElection7] INFO  impl.LeaderElection (LeaderElection.java:logAndReturn(210)) -   Response 0: fe9e34e2-462c-4770-837c-ac5869922ef8<-740e7591-da3d-4d6e-90a9-0f86ad91887d#0:OK-t0-last:<INITIAL_VALUE>
2025-07-15 19:45:54,520 [fe9e34e2-462c-4770-837c-ac5869922ef8@group-DA70A9FE57AB-LeaderElection7] INFO  impl.LeaderElection (LeaderElection.java:askForVotes(450)) - fe9e34e2-462c-4770-837c-ac5869922ef8@group-DA70A9FE57AB-LeaderElection7 PRE_VOTE round 0: result PASSED
2025-07-15 19:45:54,522 [fe9e34e2-462c-4770-837c-ac5869922ef8@group-DA70A9FE57AB-LeaderElection7] INFO  impl.LeaderElection (LeaderElection.java:askForVotes(448)) - fe9e34e2-462c-4770-837c-ac5869922ef8@group-DA70A9FE57AB-LeaderElection7 ELECTION round 0: submit vote requests at term 1 for conf: {index: -1, cur=peers:[13038c2f-3ff3-450f-8cad-b0ed419b91b5|127.0.0.1:15023, 740e7591-da3d-4d6e-90a9-0f86ad91887d|127.0.0.1:15039, fe9e34e2-462c-4770-837c-ac5869922ef8|127.0.0.1:15031]|listeners:[], old=null}
2025-07-15 19:45:54,527 [grpc-default-executor-0] INFO  server.RaftServer$Division (RaftServerImpl.java:requestVote(1421)) - 740e7591-da3d-4d6e-90a9-0f86ad91887d@group-DA70A9FE57AB: receive requestVote(ELECTION, fe9e34e2-462c-4770-837c-ac5869922ef8, group-DA70A9FE57AB, 1, <PROTO_DEFAULT>)
2025-07-15 19:45:54,527 [grpc-default-executor-2] INFO  server.RaftServer$Division (RaftServerImpl.java:requestVote(1421)) - 13038c2f-3ff3-450f-8cad-b0ed419b91b5@group-DA70A9FE57AB: receive requestVote(ELECTION, fe9e34e2-462c-4770-837c-ac5869922ef8, group-DA70A9FE57AB, 1, <PROTO_DEFAULT>)
2025-07-15 19:45:54,527 [grpc-default-executor-2] INFO  impl.VoteContext (VoteContext.java:log(49)) - 13038c2f-3ff3-450f-8cad-b0ed419b91b5@group-DA70A9FE57AB-FOLLOWER: accept ELECTION from fe9e34e2-462c-4770-837c-ac5869922ef8: our priority 0 <= candidate's priority 1
2025-07-15 19:45:54,528 [grpc-default-executor-2] INFO  server.RaftServer$Division (RaftServerImpl.java:setRole(392)) - 13038c2f-3ff3-450f-8cad-b0ed419b91b5@group-DA70A9FE57AB: changes role from  FOLLOWER to FOLLOWER at term 0 for candidate:fe9e34e2-462c-4770-837c-ac5869922ef8
2025-07-15 19:45:54,528 [grpc-default-executor-2] INFO  impl.RoleInfo (RoleInfo.java:shutdownFollowerState(121)) - 13038c2f-3ff3-450f-8cad-b0ed419b91b5: shutdown 13038c2f-3ff3-450f-8cad-b0ed419b91b5@group-DA70A9FE57AB-FollowerState
2025-07-15 19:45:54,528 [13038c2f-3ff3-450f-8cad-b0ed419b91b5@group-DA70A9FE57AB-FollowerState] INFO  impl.FollowerState (FollowerState.java:runImpl(170)) - 13038c2f-3ff3-450f-8cad-b0ed419b91b5@group-DA70A9FE57AB-FollowerState was interrupted
2025-07-15 19:45:54,527 [740e7591-da3d-4d6e-90a9-0f86ad91887d-groupManagement] INFO  server.RaftServerConfigKeys (ConfUtils.java:logGet(62)) - raft.server.log.appender.buffer.byte-limit = 33554432 (custom)
2025-07-15 19:45:54,528 [grpc-default-executor-0] INFO  impl.VoteContext (VoteContext.java:log(49)) - 740e7591-da3d-4d6e-90a9-0f86ad91887d@group-DA70A9FE57AB-FOLLOWER: accept ELECTION from fe9e34e2-462c-4770-837c-ac5869922ef8: our priority 0 <= candidate's priority 1
2025-07-15 19:45:54,528 [grpc-default-executor-0] INFO  server.RaftServer$Division (RaftServerImpl.java:setRole(392)) - 740e7591-da3d-4d6e-90a9-0f86ad91887d@group-DA70A9FE57AB: changes role from  FOLLOWER to FOLLOWER at term 0 for candidate:fe9e34e2-462c-4770-837c-ac5869922ef8
2025-07-15 19:45:54,528 [grpc-default-executor-0] INFO  impl.RoleInfo (RoleInfo.java:shutdownFollowerState(121)) - 740e7591-da3d-4d6e-90a9-0f86ad91887d: shutdown 740e7591-da3d-4d6e-90a9-0f86ad91887d@group-DA70A9FE57AB-FollowerState
2025-07-15 19:45:54,529 [grpc-default-executor-2] INFO  impl.RoleInfo (RoleInfo.java:updateAndGet(148)) - 13038c2f-3ff3-450f-8cad-b0ed419b91b5: start 13038c2f-3ff3-450f-8cad-b0ed419b91b5@group-DA70A9FE57AB-FollowerState
2025-07-15 19:45:54,528 [740e7591-da3d-4d6e-90a9-0f86ad91887d-groupManagement] INFO  segmented.SegmentedRaftLogWorker (SegmentedRaftLogWorker.java:lambda$new$0(141)) - 740e7591-da3d-4d6e-90a9-0f86ad91887d@group-76009A78E852-SegmentedRaftLogWorker: flushIndex: setUnconditionally 0 -> -1
2025-07-15 19:45:54,529 [grpc-default-executor-0] INFO  impl.RoleInfo (RoleInfo.java:updateAndGet(148)) - 740e7591-da3d-4d6e-90a9-0f86ad91887d: start 740e7591-da3d-4d6e-90a9-0f86ad91887d@group-DA70A9FE57AB-FollowerState
2025-07-15 19:45:54,529 [740e7591-da3d-4d6e-90a9-0f86ad91887d-groupManagement] INFO  segmented.SegmentedRaftLogWorker (SegmentedRaftLogWorker.java:lambda$new$0(141)) - 740e7591-da3d-4d6e-90a9-0f86ad91887d@group-76009A78E852-SegmentedRaftLogWorker: safeCacheEvictIndex: setUnconditionally 0 -> -1
2025-07-15 19:45:54,529 [740e7591-da3d-4d6e-90a9-0f86ad91887d@group-DA70A9FE57AB-FollowerState] INFO  impl.FollowerState (FollowerState.java:runImpl(170)) - 740e7591-da3d-4d6e-90a9-0f86ad91887d@group-DA70A9FE57AB-FollowerState was interrupted
2025-07-15 19:45:54,529 [grpc-default-executor-0] INFO  server.RaftServer$Division (RaftServerImpl.java:setFirstElection(576)) - 740e7591-da3d-4d6e-90a9-0f86ad91887d@group-DA70A9FE57AB: set firstElectionSinceStartup to false for candidate:fe9e34e2-462c-4770-837c-ac5869922ef8
2025-07-15 19:45:54,530 [740e7591-da3d-4d6e-90a9-0f86ad91887d-groupManagement] INFO  server.RaftServer$Division (RaftServerImpl.java:start(405)) - 740e7591-da3d-4d6e-90a9-0f86ad91887d@group-76009A78E852: start as a follower, conf=conf: {index: -1, cur=peers:[740e7591-da3d-4d6e-90a9-0f86ad91887d|127.0.0.1:15039]|listeners:[], old=null}
2025-07-15 19:45:54,530 [740e7591-da3d-4d6e-90a9-0f86ad91887d-groupManagement] INFO  server.RaftServer$Division (RaftServerImpl.java:setRole(392)) - 740e7591-da3d-4d6e-90a9-0f86ad91887d@group-76009A78E852: changes role from      null to FOLLOWER at term 0 for startAsFollower
2025-07-15 19:45:54,530 [740e7591-da3d-4d6e-90a9-0f86ad91887d-groupManagement] INFO  impl.RoleInfo (RoleInfo.java:updateAndGet(148)) - 740e7591-da3d-4d6e-90a9-0f86ad91887d: start 740e7591-da3d-4d6e-90a9-0f86ad91887d@group-76009A78E852-FollowerState
2025-07-15 19:45:54,531 [grpc-default-executor-0] INFO  server.RaftServer$Division (RaftServerImpl.java:requestVote(1455)) - 740e7591-da3d-4d6e-90a9-0f86ad91887d@group-DA70A9FE57AB replies to ELECTION vote request: fe9e34e2-462c-4770-837c-ac5869922ef8<-740e7591-da3d-4d6e-90a9-0f86ad91887d#0:OK-t1-last:<INITIAL_VALUE>. Peer's state: 740e7591-da3d-4d6e-90a9-0f86ad91887d@group-DA70A9FE57AB:t1, leader=null, voted=fe9e34e2-462c-4770-837c-ac5869922ef8, raftlog=Memoized:740e7591-da3d-4d6e-90a9-0f86ad91887d@group-DA70A9FE57AB-SegmentedRaftLog:OPENED:c-1:lastnull, conf=conf: {index: -1, cur=peers:[13038c2f-3ff3-450f-8cad-b0ed419b91b5|127.0.0.1:15023, 740e7591-da3d-4d6e-90a9-0f86ad91887d|127.0.0.1:15039, fe9e34e2-462c-4770-837c-ac5869922ef8|127.0.0.1:15031]|listeners:[], old=null}
2025-07-15 19:45:54,531 [740e7591-da3d-4d6e-90a9-0f86ad91887d-groupManagement] INFO  util.JmxRegister (JmxRegister.java:tryRegister(44)) - Successfully registered JMX Bean with object name Ratis:service=RaftServer,group=group-76009A78E852,id=740e7591-da3d-4d6e-90a9-0f86ad91887d
2025-07-15 19:45:54,531 [740e7591-da3d-4d6e-90a9-0f86ad91887d-groupManagement] INFO  util.JmxRegister (JmxRegister.java:register(58)) - register mxBean class org.apache.ratis.server.impl.RaftServerJmxAdapter as Ratis:service=RaftServer,group=group-76009A78E852,id=740e7591-da3d-4d6e-90a9-0f86ad91887d
2025-07-15 19:45:54,531 [grpc-default-executor-2] INFO  server.RaftServer$Division (RaftServerImpl.java:requestVote(1455)) - 13038c2f-3ff3-450f-8cad-b0ed419b91b5@group-DA70A9FE57AB replies to ELECTION vote request: fe9e34e2-462c-4770-837c-ac5869922ef8<-13038c2f-3ff3-450f-8cad-b0ed419b91b5#0:OK-t1-last:<INITIAL_VALUE>. Peer's state: 13038c2f-3ff3-450f-8cad-b0ed419b91b5@group-DA70A9FE57AB:t1, leader=null, voted=fe9e34e2-462c-4770-837c-ac5869922ef8, raftlog=Memoized:13038c2f-3ff3-450f-8cad-b0ed419b91b5@group-DA70A9FE57AB-SegmentedRaftLog:OPENED:c-1:lastnull, conf=conf: {index: -1, cur=peers:[13038c2f-3ff3-450f-8cad-b0ed419b91b5|127.0.0.1:15023, 740e7591-da3d-4d6e-90a9-0f86ad91887d|127.0.0.1:15039, fe9e34e2-462c-4770-837c-ac5869922ef8|127.0.0.1:15031]|listeners:[], old=null}
2025-07-15 19:45:54,532 [740e7591-da3d-4d6e-90a9-0f86ad91887d-groupManagement] INFO  server.RaftServer$Division (RaftServerImpl.java:start(419)) - 740e7591-da3d-4d6e-90a9-0f86ad91887d@group-76009A78E852: Successfully started.
2025-07-15 19:45:54,532 [740e7591-da3d-4d6e-90a9-0f86ad91887d-PipelineCommandHandlerThread-0] INFO  ratis.XceiverServerRatis (XceiverServerRatis.java:addGroup(843)) - Created group Pipeline-608a8a1b-2975-426b-9098-76009a78e852
2025-07-15 19:45:54,533 [740e7591-da3d-4d6e-90a9-0f86ad91887d-PipelineCommandHandlerThread-0] INFO  commandhandler.CreatePipelineCommandHandler (CreatePipelineCommandHandler.java:lambda$handle$2(127)) - Created Pipeline RATIS ONE Pipeline-608a8a1b-2975-426b-9098-76009a78e852.
2025-07-15 19:45:54,533 [fe9e34e2-462c-4770-837c-ac5869922ef8@group-DA70A9FE57AB-LeaderElection7] INFO  impl.LeaderElection (LeaderElection.java:logAndReturn(206)) - fe9e34e2-462c-4770-837c-ac5869922ef8@group-DA70A9FE57AB-LeaderElection7: ELECTION PASSED received 1 response(s) and 0 exception(s):
2025-07-15 19:45:54,533 [fe9e34e2-462c-4770-837c-ac5869922ef8@group-DA70A9FE57AB-LeaderElection7] INFO  impl.LeaderElection (LeaderElection.java:logAndReturn(210)) -   Response 0: fe9e34e2-462c-4770-837c-ac5869922ef8<-740e7591-da3d-4d6e-90a9-0f86ad91887d#0:OK-t1-last:<INITIAL_VALUE>
2025-07-15 19:45:54,533 [fe9e34e2-462c-4770-837c-ac5869922ef8@group-DA70A9FE57AB-LeaderElection7] INFO  impl.LeaderElection (LeaderElection.java:askForVotes(450)) - fe9e34e2-462c-4770-837c-ac5869922ef8@group-DA70A9FE57AB-LeaderElection7 ELECTION round 0: result PASSED
2025-07-15 19:45:54,533 [fe9e34e2-462c-4770-837c-ac5869922ef8@group-DA70A9FE57AB-LeaderElection7] INFO  impl.RoleInfo (RoleInfo.java:shutdownLeaderElection(141)) - fe9e34e2-462c-4770-837c-ac5869922ef8: shutdown fe9e34e2-462c-4770-837c-ac5869922ef8@group-DA70A9FE57AB-LeaderElection7
2025-07-15 19:45:54,533 [fe9e34e2-462c-4770-837c-ac5869922ef8@group-DA70A9FE57AB-LeaderElection7] INFO  server.RaftServer$Division (RaftServerImpl.java:setRole(392)) - fe9e34e2-462c-4770-837c-ac5869922ef8@group-DA70A9FE57AB: changes role from CANDIDATE to LEADER at term 1 for changeToLeader
2025-07-15 19:45:54,533 [fe9e34e2-462c-4770-837c-ac5869922ef8@group-DA70A9FE57AB-LeaderElection7] INFO  server.RaftServerConfigKeys (ConfUtils.java:logFallback(69)) - raft.server.staging.timeout = 15600ms (fallback to raft.server.rpc.timeout.max)
2025-07-15 19:45:54,533 [fe9e34e2-462c-4770-837c-ac5869922ef8@group-DA70A9FE57AB-LeaderElection7] INFO  server.RaftServerConfigKeys (ConfUtils.java:logGet(62)) - raft.server.write.byte-limit = 1024 M (=1073741824) (custom)
2025-07-15 19:45:54,535 [fe9e34e2-462c-4770-837c-ac5869922ef8@group-DA70A9FE57AB-LeaderElection7] INFO  server.RaftServerConfigKeys (ConfUtils.java:logGet(62)) - raft.server.log.appender.buffer.byte-limit = 33554432 (custom)
2025-07-15 19:45:54,536 [fe9e34e2-462c-4770-837c-ac5869922ef8@group-DA70A9FE57AB-LeaderElection7] INFO  server.RaftServerConfigKeys (ConfUtils.java:logGet(62)) - raft.server.log.appender.buffer.byte-limit = 33554432 (custom)
2025-07-15 19:45:54,537 [fe9e34e2-462c-4770-837c-ac5869922ef8@group-DA70A9FE57AB-LeaderElection7] INFO  impl.RoleInfo (RoleInfo.java:updateAndGet(148)) - fe9e34e2-462c-4770-837c-ac5869922ef8: start fe9e34e2-462c-4770-837c-ac5869922ef8@group-DA70A9FE57AB-LeaderStateImpl
2025-07-15 19:45:54,537 [fe9e34e2-462c-4770-837c-ac5869922ef8@group-DA70A9FE57AB-LeaderElection7] INFO  server.RaftServer$Division (RaftServerImpl.java:setFirstElection(576)) - fe9e34e2-462c-4770-837c-ac5869922ef8@group-DA70A9FE57AB: set firstElectionSinceStartup to false for becomeLeader
2025-07-15 19:45:54,537 [fe9e34e2-462c-4770-837c-ac5869922ef8@group-DA70A9FE57AB-LeaderElection7] INFO  ratis.XceiverServerRatis (XceiverServerRatis.java:handleLeaderChangedNotification(944)) - Leader change notification received for group: group-DA70A9FE57AB with new leaderId: fe9e34e2-462c-4770-837c-ac5869922ef8
2025-07-15 19:45:54,537 [fe9e34e2-462c-4770-837c-ac5869922ef8@group-DA70A9FE57AB-LeaderElection7] INFO  server.RaftServer$Division (ServerState.java:setLeader(272)) - fe9e34e2-462c-4770-837c-ac5869922ef8@group-DA70A9FE57AB: change Leader from null to fe9e34e2-462c-4770-837c-ac5869922ef8 at term 1 for becomeLeader, leader elected after 1151ms
2025-07-15 19:45:54,537 [fe9e34e2-462c-4770-837c-ac5869922ef8@group-DA70A9FE57AB-LeaderElection7] INFO  segmented.SegmentedRaftLogWorker (SegmentedRaftLogWorker.java:startLogSegment(440)) - fe9e34e2-462c-4770-837c-ac5869922ef8@group-DA70A9FE57AB-SegmentedRaftLogWorker: Starting segment from index:0
2025-07-15 19:45:54,537 [fe9e34e2-462c-4770-837c-ac5869922ef8@group-DA70A9FE57AB-LeaderElection7] INFO  server.RaftServer$Division (ServerState.java:setRaftConf(386)) - fe9e34e2-462c-4770-837c-ac5869922ef8@group-DA70A9FE57AB: set configuration conf: {index: 0, cur=peers:[13038c2f-3ff3-450f-8cad-b0ed419b91b5|127.0.0.1:15023, 740e7591-da3d-4d6e-90a9-0f86ad91887d|127.0.0.1:15039, fe9e34e2-462c-4770-837c-ac5869922ef8|127.0.0.1:15031]|listeners:[], old=null}
2025-07-15 19:45:54,538 [fe9e34e2-462c-4770-837c-ac5869922ef8@group-DA70A9FE57AB-SegmentedRaftLogWorker] INFO  segmented.BufferedWriteChannel (BufferedWriteChannel.java:open(61)) - open log_inprogress_0 at position 0
2025-07-15 19:45:54,545 [EventQueue-PipelineReportForPipelineReportHandler] INFO  pipeline.PipelineReportHandler (PipelineReportHandler.java:processPipelineReport(134)) - Opened pipeline Pipeline-f40fc52b-9e31-4aac-8167-da70a9fe57ab
2025-07-15 19:45:54,546 [grpc-default-executor-0] INFO  ratis.XceiverServerRatis (XceiverServerRatis.java:handleLeaderChangedNotification(944)) - Leader change notification received for group: group-DA70A9FE57AB with new leaderId: fe9e34e2-462c-4770-837c-ac5869922ef8
2025-07-15 19:45:54,546 [grpc-default-executor-0] INFO  server.RaftServer$Division (ServerState.java:setLeader(272)) - 740e7591-da3d-4d6e-90a9-0f86ad91887d@group-DA70A9FE57AB: change Leader from null to fe9e34e2-462c-4770-837c-ac5869922ef8 at term 1 for appendEntries, leader elected after 1197ms
2025-07-15 19:45:54,549 [grpc-default-executor-0] INFO  ratis.XceiverServerRatis (XceiverServerRatis.java:handleLeaderChangedNotification(944)) - Leader change notification received for group: group-DA70A9FE57AB with new leaderId: fe9e34e2-462c-4770-837c-ac5869922ef8
2025-07-15 19:45:54,550 [grpc-default-executor-0] INFO  server.RaftServer$Division (ServerState.java:setLeader(272)) - 13038c2f-3ff3-450f-8cad-b0ed419b91b5@group-DA70A9FE57AB: change Leader from null to fe9e34e2-462c-4770-837c-ac5869922ef8 at term 1 for appendEntries, leader elected after 1234ms
2025-07-15 19:45:54,550 [grpc-default-executor-2] INFO  server.RaftServer$Division (ServerState.java:setRaftConf(386)) - 740e7591-da3d-4d6e-90a9-0f86ad91887d@group-DA70A9FE57AB: set configuration conf: {index: 0, cur=peers:[13038c2f-3ff3-450f-8cad-b0ed419b91b5|127.0.0.1:15023, 740e7591-da3d-4d6e-90a9-0f86ad91887d|127.0.0.1:15039, fe9e34e2-462c-4770-837c-ac5869922ef8|127.0.0.1:15031]|listeners:[], old=null}
2025-07-15 19:45:54,550 [grpc-default-executor-2] INFO  segmented.SegmentedRaftLogWorker (SegmentedRaftLogWorker.java:startLogSegment(440)) - 740e7591-da3d-4d6e-90a9-0f86ad91887d@group-DA70A9FE57AB-SegmentedRaftLogWorker: Starting segment from index:0
2025-07-15 19:45:54,551 [740e7591-da3d-4d6e-90a9-0f86ad91887d@group-DA70A9FE57AB-SegmentedRaftLogWorker] INFO  segmented.BufferedWriteChannel (BufferedWriteChannel.java:open(61)) - open log_inprogress_0 at position 0
2025-07-15 19:45:54,552 [fe9e34e2-462c-4770-837c-ac5869922ef8@group-DA70A9FE57AB-SegmentedRaftLogWorker] INFO  segmented.SegmentedRaftLogWorker (SegmentedRaftLogWorker.java:execute(647)) - fe9e34e2-462c-4770-837c-ac5869922ef8@group-DA70A9FE57AB-SegmentedRaftLogWorker: created new log segment /home/runner/work/ozone/ozone/hadoop-ozone/integration-test/target/test-dir/MiniOzoneClusterImpl-0e8a6840-8092-433d-9bbe-2fd65d18bfc8/ozone-meta/datanode-2/ratis/f40fc52b-9e31-4aac-8167-da70a9fe57ab/current/log_inprogress_0
2025-07-15 19:45:54,552 [grpc-default-executor-3] INFO  server.RaftServer$Division (ServerState.java:setRaftConf(386)) - 13038c2f-3ff3-450f-8cad-b0ed419b91b5@group-DA70A9FE57AB: set configuration conf: {index: 0, cur=peers:[13038c2f-3ff3-450f-8cad-b0ed419b91b5|127.0.0.1:15023, 740e7591-da3d-4d6e-90a9-0f86ad91887d|127.0.0.1:15039, fe9e34e2-462c-4770-837c-ac5869922ef8|127.0.0.1:15031]|listeners:[], old=null}
2025-07-15 19:45:54,553 [grpc-default-executor-3] INFO  segmented.SegmentedRaftLogWorker (SegmentedRaftLogWorker.java:startLogSegment(440)) - 13038c2f-3ff3-450f-8cad-b0ed419b91b5@group-DA70A9FE57AB-SegmentedRaftLogWorker: Starting segment from index:0
2025-07-15 19:45:54,553 [13038c2f-3ff3-450f-8cad-b0ed419b91b5@group-DA70A9FE57AB-SegmentedRaftLogWorker] INFO  segmented.BufferedWriteChannel (BufferedWriteChannel.java:open(61)) - open log_inprogress_0 at position 0
2025-07-15 19:45:54,567 [740e7591-da3d-4d6e-90a9-0f86ad91887d@group-DA70A9FE57AB-SegmentedRaftLogWorker] INFO  segmented.SegmentedRaftLogWorker (SegmentedRaftLogWorker.java:execute(647)) - 740e7591-da3d-4d6e-90a9-0f86ad91887d@group-DA70A9FE57AB-SegmentedRaftLogWorker: created new log segment /home/runner/work/ozone/ozone/hadoop-ozone/integration-test/target/test-dir/MiniOzoneClusterImpl-0e8a6840-8092-433d-9bbe-2fd65d18bfc8/ozone-meta/datanode-3/ratis/f40fc52b-9e31-4aac-8167-da70a9fe57ab/current/log_inprogress_0
2025-07-15 19:45:54,568 [13038c2f-3ff3-450f-8cad-b0ed419b91b5@group-DA70A9FE57AB-SegmentedRaftLogWorker] INFO  segmented.SegmentedRaftLogWorker (SegmentedRaftLogWorker.java:execute(647)) - 13038c2f-3ff3-450f-8cad-b0ed419b91b5@group-DA70A9FE57AB-SegmentedRaftLogWorker: created new log segment /home/runner/work/ozone/ozone/hadoop-ozone/integration-test/target/test-dir/MiniOzoneClusterImpl-0e8a6840-8092-433d-9bbe-2fd65d18bfc8/ozone-meta/datanode-1/ratis/f40fc52b-9e31-4aac-8167-da70a9fe57ab/current/log_inprogress_0
2025-07-15 19:45:54,572 [fe9e34e2-462c-4770-837c-ac5869922ef8@group-DA70A9FE57AB-StateMachineUpdater] INFO  server.RaftServer$Division (LeaderStateImpl.java:checkStartIndex(309)) - Leader fe9e34e2-462c-4770-837c-ac5869922ef8@group-DA70A9FE57AB-LeaderStateImpl is ready since appliedIndex == startIndex == 0
2025-07-15 19:45:54,628 [timer1] WARN  server.GrpcLogAppender (LogUtils.java:warn(127)) - omNode-1@group-C0483FFA3DBE->omNode-3-AppendLogResponseHandler: Failed appendEntries (Repeated 8 times in the last 5.007s): org.apache.ratis.thirdparty.io.grpc.StatusRuntimeException: UNAVAILABLE: io exception
  Caused by: org.apache.ratis.thirdparty.io.netty.channel.AbstractChannel$AnnotatedConnectException: connect(..) failed: Address family not supported by protocol: localhost/[0:0:0:0:0:0:0:1]:15017
  Caused by: java.net.ConnectException: connect(..) failed: Address family not supported by protocol
2025-07-15 19:45:54,643 [timer4] WARN  server.GrpcLogAppender (GrpcLogAppender.java:lambda$resetClient$1(228)) - omNode-1@group-C0483FFA3DBE->omNode-3-GrpcLogAppender: Follower failed (request=null, errorCount=2); keep nextIndex (0) unchanged and retry. (Repeated 2 times in the last 5.000s)
2025-07-15 19:45:54,650 [timer5] WARN  server.GrpcLogAppender (GrpcLogAppender.java:lambda$resetClient$1(228)) - omNode-1@group-C0483FFA3DBE->omNode-3-GrpcLogAppender: Follower failed (request=null, errorCount=8); keep nextIndex (1) unchanged and retry. (Repeated 6 times in the last 5.001s)
2025-07-15 19:45:55,000 [main] INFO  ozone.MiniOzoneClusterImpl (MiniOzoneClusterImpl.java:lambda$waitForClusterToBeReady$0(173)) - Nodes are ready. Got 3 of 3 DN Heartbeats.
2025-07-15 19:45:55,000 [main] INFO  ozone.MiniOzoneClusterImpl (MiniOzoneClusterImpl.java:lambda$waitForClusterToBeReady$0(176)) - Cluster exits safe mode
2025-07-15 19:45:55,000 [main] INFO  ozone.MiniOzoneClusterImpl (MiniOzoneClusterImpl.java:lambda$waitForClusterToBeReady$0(178)) - SCM became leader
2025-07-15 19:45:55,362 [fe9e34e2-462c-4770-837c-ac5869922ef8@group-CF5DF5D50AAC-FollowerState] INFO  impl.FollowerState (FollowerState.java:runImpl(161)) - fe9e34e2-462c-4770-837c-ac5869922ef8@group-CF5DF5D50AAC-FollowerState: change to CANDIDATE, lastRpcElapsedTime:1066420319ns, electionTimeout:1066ms
2025-07-15 19:45:55,362 [fe9e34e2-462c-4770-837c-ac5869922ef8@group-CF5DF5D50AAC-FollowerState] INFO  impl.RoleInfo (RoleInfo.java:shutdownFollowerState(121)) - fe9e34e2-462c-4770-837c-ac5869922ef8: shutdown fe9e34e2-462c-4770-837c-ac5869922ef8@group-CF5DF5D50AAC-FollowerState
2025-07-15 19:45:55,362 [fe9e34e2-462c-4770-837c-ac5869922ef8@group-CF5DF5D50AAC-FollowerState] INFO  server.RaftServer$Division (RaftServerImpl.java:setRole(392)) - fe9e34e2-462c-4770-837c-ac5869922ef8@group-CF5DF5D50AAC: changes role from  FOLLOWER to CANDIDATE at term 0 for changeToCandidate
2025-07-15 19:45:55,362 [fe9e34e2-462c-4770-837c-ac5869922ef8@group-CF5DF5D50AAC-FollowerState] INFO  impl.RoleInfo (RoleInfo.java:updateAndGet(148)) - fe9e34e2-462c-4770-837c-ac5869922ef8: start fe9e34e2-462c-4770-837c-ac5869922ef8@group-CF5DF5D50AAC-LeaderElection8
2025-07-15 19:45:55,363 [fe9e34e2-462c-4770-837c-ac5869922ef8@group-CF5DF5D50AAC-LeaderElection8] INFO  impl.LeaderElection (LeaderElection.java:askForVotes(448)) - fe9e34e2-462c-4770-837c-ac5869922ef8@group-CF5DF5D50AAC-LeaderElection8 PRE_VOTE round 0: submit vote requests at term 0 for conf: {index: -1, cur=peers:[fe9e34e2-462c-4770-837c-ac5869922ef8|127.0.0.1:15031]|listeners:[], old=null}
2025-07-15 19:45:55,363 [fe9e34e2-462c-4770-837c-ac5869922ef8@group-CF5DF5D50AAC-LeaderElection8] INFO  impl.LeaderElection (LeaderElection.java:askForVotes(450)) - fe9e34e2-462c-4770-837c-ac5869922ef8@group-CF5DF5D50AAC-LeaderElection8 PRE_VOTE round 0: result PASSED (term=0)
2025-07-15 19:45:55,364 [fe9e34e2-462c-4770-837c-ac5869922ef8@group-CF5DF5D50AAC-LeaderElection8] INFO  impl.LeaderElection (LeaderElection.java:askForVotes(448)) - fe9e34e2-462c-4770-837c-ac5869922ef8@group-CF5DF5D50AAC-LeaderElection8 ELECTION round 0: submit vote requests at term 1 for conf: {index: -1, cur=peers:[fe9e34e2-462c-4770-837c-ac5869922ef8|127.0.0.1:15031]|listeners:[], old=null}
2025-07-15 19:45:55,364 [fe9e34e2-462c-4770-837c-ac5869922ef8@group-CF5DF5D50AAC-LeaderElection8] INFO  impl.LeaderElection (LeaderElection.java:askForVotes(450)) - fe9e34e2-462c-4770-837c-ac5869922ef8@group-CF5DF5D50AAC-LeaderElection8 ELECTION round 0: result PASSED (term=1)
2025-07-15 19:45:55,364 [fe9e34e2-462c-4770-837c-ac5869922ef8@group-CF5DF5D50AAC-LeaderElection8] INFO  impl.RoleInfo (RoleInfo.java:shutdownLeaderElection(141)) - fe9e34e2-462c-4770-837c-ac5869922ef8: shutdown fe9e34e2-462c-4770-837c-ac5869922ef8@group-CF5DF5D50AAC-LeaderElection8
2025-07-15 19:45:55,364 [fe9e34e2-462c-4770-837c-ac5869922ef8@group-CF5DF5D50AAC-LeaderElection8] INFO  server.RaftServer$Division (RaftServerImpl.java:setRole(392)) - fe9e34e2-462c-4770-837c-ac5869922ef8@group-CF5DF5D50AAC: changes role from CANDIDATE to LEADER at term 1 for changeToLeader
2025-07-15 19:45:55,364 [fe9e34e2-462c-4770-837c-ac5869922ef8@group-CF5DF5D50AAC-LeaderElection8] INFO  server.RaftServerConfigKeys (ConfUtils.java:logFallback(69)) - raft.server.staging.timeout = 15600ms (fallback to raft.server.rpc.timeout.max)
2025-07-15 19:45:55,365 [fe9e34e2-462c-4770-837c-ac5869922ef8@group-CF5DF5D50AAC-LeaderElection8] INFO  server.RaftServerConfigKeys (ConfUtils.java:logGet(62)) - raft.server.write.byte-limit = 1024 M (=1073741824) (custom)
2025-07-15 19:45:55,366 [fe9e34e2-462c-4770-837c-ac5869922ef8@group-CF5DF5D50AAC-LeaderElection8] INFO  impl.RoleInfo (RoleInfo.java:updateAndGet(148)) - fe9e34e2-462c-4770-837c-ac5869922ef8: start fe9e34e2-462c-4770-837c-ac5869922ef8@group-CF5DF5D50AAC-LeaderStateImpl
2025-07-15 19:45:55,366 [fe9e34e2-462c-4770-837c-ac5869922ef8@group-CF5DF5D50AAC-LeaderElection8] INFO  server.RaftServer$Division (RaftServerImpl.java:setFirstElection(576)) - fe9e34e2-462c-4770-837c-ac5869922ef8@group-CF5DF5D50AAC: set firstElectionSinceStartup to false for becomeLeader
2025-07-15 19:45:55,366 [fe9e34e2-462c-4770-837c-ac5869922ef8@group-CF5DF5D50AAC-LeaderElection8] INFO  ratis.XceiverServerRatis (XceiverServerRatis.java:handleLeaderChangedNotification(944)) - Leader change notification received for group: group-CF5DF5D50AAC with new leaderId: fe9e34e2-462c-4770-837c-ac5869922ef8
2025-07-15 19:45:55,366 [fe9e34e2-462c-4770-837c-ac5869922ef8@group-CF5DF5D50AAC-LeaderElection8] INFO  server.RaftServer$Division (ServerState.java:setLeader(272)) - fe9e34e2-462c-4770-837c-ac5869922ef8@group-CF5DF5D50AAC: change Leader from null to fe9e34e2-462c-4770-837c-ac5869922ef8 at term 1 for becomeLeader, leader elected after 1089ms
2025-07-15 19:45:55,366 [fe9e34e2-462c-4770-837c-ac5869922ef8@group-CF5DF5D50AAC-LeaderElection8] INFO  segmented.SegmentedRaftLogWorker (SegmentedRaftLogWorker.java:startLogSegment(440)) - fe9e34e2-462c-4770-837c-ac5869922ef8@group-CF5DF5D50AAC-SegmentedRaftLogWorker: Starting segment from index:0
2025-07-15 19:45:55,367 [fe9e34e2-462c-4770-837c-ac5869922ef8@group-CF5DF5D50AAC-LeaderElection8] INFO  server.RaftServer$Division (ServerState.java:setRaftConf(386)) - fe9e34e2-462c-4770-837c-ac5869922ef8@group-CF5DF5D50AAC: set configuration conf: {index: 0, cur=peers:[fe9e34e2-462c-4770-837c-ac5869922ef8|127.0.0.1:15031]|listeners:[], old=null}
2025-07-15 19:45:55,367 [fe9e34e2-462c-4770-837c-ac5869922ef8@group-CF5DF5D50AAC-SegmentedRaftLogWorker] INFO  segmented.BufferedWriteChannel (BufferedWriteChannel.java:open(61)) - open log_inprogress_0 at position 0
2025-07-15 19:45:55,378 [fe9e34e2-462c-4770-837c-ac5869922ef8@group-CF5DF5D50AAC-SegmentedRaftLogWorker] INFO  segmented.SegmentedRaftLogWorker (SegmentedRaftLogWorker.java:execute(647)) - fe9e34e2-462c-4770-837c-ac5869922ef8@group-CF5DF5D50AAC-SegmentedRaftLogWorker: created new log segment /home/runner/work/ozone/ozone/hadoop-ozone/integration-test/target/test-dir/MiniOzoneClusterImpl-0e8a6840-8092-433d-9bbe-2fd65d18bfc8/ozone-meta/datanode-2/ratis/6b16e7af-377c-4a75-98b7-cf5df5d50aac/current/log_inprogress_0
2025-07-15 19:45:55,380 [fe9e34e2-462c-4770-837c-ac5869922ef8@group-CF5DF5D50AAC-StateMachineUpdater] INFO  server.RaftServer$Division (LeaderStateImpl.java:checkStartIndex(309)) - Leader fe9e34e2-462c-4770-837c-ac5869922ef8@group-CF5DF5D50AAC-LeaderStateImpl is ready since appliedIndex == startIndex == 0
2025-07-15 19:45:55,431 [main] INFO  rpc.RpcClient (RpcClient.java:createVolume(461)) - Creating Volume: volume52664, with user47220 as owner and space quota set to -1 bytes, counts quota set to -1
2025-07-15 19:45:55,459 [omNode-1-OMStateMachineApplyTransactionThread - 0] WARN  helpers.OzoneAclUtil (OzoneAclUtil.java:getDefaultAclList(68)) - Failed to get primary group from user user47220 (auth:SIMPLE)
2025-07-15 19:45:55,460 [omNode-1-OMStateMachineApplyTransactionThread - 0] INFO  volume.OMVolumeCreateRequest (OMVolumeCreateRequest.java:validateAndUpdateCache(203)) - created volume:volume52664 for user:user47220
2025-07-15 19:45:55,470 [main] INFO  rpc.RpcClient (RpcClient.java:createBucket(686)) - Creating Bucket: volume52664/bucket16659, with bucket layout FILE_SYSTEM_OPTIMIZED, runner as owner, Versioning false, Storage Type set to DISK and Encryption set to false, Replication Type set to server-side default replication type, Namespace Quota set to -1, Space Quota set to -1 
2025-07-15 19:45:55,481 [omNode-3-OMStateMachineApplyTransactionThread - 0] WARN  helpers.OzoneAclUtil (OzoneAclUtil.java:getDefaultAclList(68)) - Failed to get primary group from user user47220 (auth:SIMPLE)
2025-07-15 19:45:55,481 [omNode-2-OMStateMachineApplyTransactionThread - 0] WARN  helpers.OzoneAclUtil (OzoneAclUtil.java:getDefaultAclList(68)) - Failed to get primary group from user user47220 (auth:SIMPLE)
2025-07-15 19:45:55,482 [omNode-2-OMStateMachineApplyTransactionThread - 0] INFO  volume.OMVolumeCreateRequest (OMVolumeCreateRequest.java:validateAndUpdateCache(203)) - created volume:volume52664 for user:user47220
2025-07-15 19:45:55,482 [omNode-3-OMStateMachineApplyTransactionThread - 0] INFO  volume.OMVolumeCreateRequest (OMVolumeCreateRequest.java:validateAndUpdateCache(203)) - created volume:volume52664 for user:user47220
2025-07-15 19:45:55,484 [omNode-1-OMStateMachineApplyTransactionThread - 0] INFO  bucket.OMBucketCreateRequest (OMBucketCreateRequest.java:validateAndUpdateCache(292)) - created bucket: bucket16659 of layout FILE_SYSTEM_OPTIMIZED in volume: volume52664
2025-07-15 19:45:55,498 [main] INFO  rpc.RpcClient (RpcClient.java:createVolume(461)) - Creating Volume: volume45943, with user58938 as owner and space quota set to -1 bytes, counts quota set to -1
2025-07-15 19:45:55,502 [omNode-3-OMStateMachineApplyTransactionThread - 0] INFO  bucket.OMBucketCreateRequest (OMBucketCreateRequest.java:validateAndUpdateCache(292)) - created bucket: bucket16659 of layout FILE_SYSTEM_OPTIMIZED in volume: volume52664
2025-07-15 19:45:55,505 [omNode-2-OMStateMachineApplyTransactionThread - 0] INFO  bucket.OMBucketCreateRequest (OMBucketCreateRequest.java:validateAndUpdateCache(292)) - created bucket: bucket16659 of layout FILE_SYSTEM_OPTIMIZED in volume: volume52664
2025-07-15 19:45:55,515 [omNode-1-OMStateMachineApplyTransactionThread - 0] WARN  helpers.OzoneAclUtil (OzoneAclUtil.java:getDefaultAclList(68)) - Failed to get primary group from user user58938 (auth:SIMPLE)
2025-07-15 19:45:55,515 [omNode-1-OMStateMachineApplyTransactionThread - 0] INFO  volume.OMVolumeCreateRequest (OMVolumeCreateRequest.java:validateAndUpdateCache(203)) - created volume:volume45943 for user:user58938
2025-07-15 19:45:55,517 [main] INFO  rpc.RpcClient (RpcClient.java:createBucket(686)) - Creating Bucket: volume45943/bucket86319, with bucket layout FILE_SYSTEM_OPTIMIZED, runner as owner, Versioning false, Storage Type set to DISK and Encryption set to false, Replication Type set to server-side default replication type, Namespace Quota set to -1, Space Quota set to -1 
2025-07-15 19:45:55,522 [omNode-2-OMStateMachineApplyTransactionThread - 0] WARN  helpers.OzoneAclUtil (OzoneAclUtil.java:getDefaultAclList(68)) - Failed to get primary group from user user58938 (auth:SIMPLE)
2025-07-15 19:45:55,522 [omNode-2-OMStateMachineApplyTransactionThread - 0] INFO  volume.OMVolumeCreateRequest (OMVolumeCreateRequest.java:validateAndUpdateCache(203)) - created volume:volume45943 for user:user58938
2025-07-15 19:45:55,524 [omNode-3-OMStateMachineApplyTransactionThread - 0] WARN  helpers.OzoneAclUtil (OzoneAclUtil.java:getDefaultAclList(68)) - Failed to get primary group from user user58938 (auth:SIMPLE)
2025-07-15 19:45:55,524 [omNode-3-OMStateMachineApplyTransactionThread - 0] INFO  volume.OMVolumeCreateRequest (OMVolumeCreateRequest.java:validateAndUpdateCache(203)) - created volume:volume45943 for user:user58938
2025-07-15 19:45:55,524 [omNode-1-OMStateMachineApplyTransactionThread - 0] INFO  bucket.OMBucketCreateRequest (OMBucketCreateRequest.java:validateAndUpdateCache(292)) - created bucket: bucket86319 of layout FILE_SYSTEM_OPTIMIZED in volume: volume45943
2025-07-15 19:45:55,527 [main] INFO  rpc.RpcClient (RpcClient.java:createVolume(461)) - Creating Volume: volume88620, with user10623 as owner and space quota set to -1 bytes, counts quota set to -1
2025-07-15 19:45:55,531 [omNode-3-OMStateMachineApplyTransactionThread - 0] INFO  bucket.OMBucketCreateRequest (OMBucketCreateRequest.java:validateAndUpdateCache(292)) - created bucket: bucket86319 of layout FILE_SYSTEM_OPTIMIZED in volume: volume45943
2025-07-15 19:45:55,532 [omNode-2-OMStateMachineApplyTransactionThread - 0] INFO  bucket.OMBucketCreateRequest (OMBucketCreateRequest.java:validateAndUpdateCache(292)) - created bucket: bucket86319 of layout FILE_SYSTEM_OPTIMIZED in volume: volume45943
2025-07-15 19:45:55,541 [omNode-1-OMStateMachineApplyTransactionThread - 0] WARN  helpers.OzoneAclUtil (OzoneAclUtil.java:getDefaultAclList(68)) - Failed to get primary group from user user10623 (auth:SIMPLE)
2025-07-15 19:45:55,542 [omNode-1-OMStateMachineApplyTransactionThread - 0] INFO  volume.OMVolumeCreateRequest (OMVolumeCreateRequest.java:validateAndUpdateCache(203)) - created volume:volume88620 for user:user10623
2025-07-15 19:45:55,544 [main] INFO  rpc.RpcClient (RpcClient.java:createBucket(686)) - Creating Bucket: volume88620/bucket70916, with bucket layout FILE_SYSTEM_OPTIMIZED, runner as owner, Versioning false, Storage Type set to DISK and Encryption set to false, Replication Type set to server-side default replication type, Namespace Quota set to -1, Space Quota set to -1 
2025-07-15 19:45:55,549 [omNode-2-OMStateMachineApplyTransactionThread - 0] WARN  helpers.OzoneAclUtil (OzoneAclUtil.java:getDefaultAclList(68)) - Failed to get primary group from user user10623 (auth:SIMPLE)
2025-07-15 19:45:55,549 [omNode-3-OMStateMachineApplyTransactionThread - 0] WARN  helpers.OzoneAclUtil (OzoneAclUtil.java:getDefaultAclList(68)) - Failed to get primary group from user user10623 (auth:SIMPLE)
2025-07-15 19:45:55,549 [omNode-2-OMStateMachineApplyTransactionThread - 0] INFO  volume.OMVolumeCreateRequest (OMVolumeCreateRequest.java:validateAndUpdateCache(203)) - created volume:volume88620 for user:user10623
2025-07-15 19:45:55,549 [omNode-3-OMStateMachineApplyTransactionThread - 0] INFO  volume.OMVolumeCreateRequest (OMVolumeCreateRequest.java:validateAndUpdateCache(203)) - created volume:volume88620 for user:user10623
2025-07-15 19:45:55,549 [omNode-1-OMStateMachineApplyTransactionThread - 0] INFO  bucket.OMBucketCreateRequest (OMBucketCreateRequest.java:validateAndUpdateCache(292)) - created bucket: bucket70916 of layout FILE_SYSTEM_OPTIMIZED in volume: volume88620
2025-07-15 19:45:55,553 [main] INFO  rpc.RpcClient (RpcClient.java:createVolume(461)) - Creating Volume: volume38661, with user54599 as owner and space quota set to -1 bytes, counts quota set to -1
2025-07-15 19:45:55,557 [omNode-2-OMStateMachineApplyTransactionThread - 0] INFO  bucket.OMBucketCreateRequest (OMBucketCreateRequest.java:validateAndUpdateCache(292)) - created bucket: bucket70916 of layout FILE_SYSTEM_OPTIMIZED in volume: volume88620
2025-07-15 19:45:55,557 [omNode-3-OMStateMachineApplyTransactionThread - 0] INFO  bucket.OMBucketCreateRequest (OMBucketCreateRequest.java:validateAndUpdateCache(292)) - created bucket: bucket70916 of layout FILE_SYSTEM_OPTIMIZED in volume: volume88620
2025-07-15 19:45:55,566 [omNode-1-OMStateMachineApplyTransactionThread - 0] WARN  helpers.OzoneAclUtil (OzoneAclUtil.java:getDefaultAclList(68)) - Failed to get primary group from user user54599 (auth:SIMPLE)
2025-07-15 19:45:55,566 [omNode-1-OMStateMachineApplyTransactionThread - 0] INFO  volume.OMVolumeCreateRequest (OMVolumeCreateRequest.java:validateAndUpdateCache(203)) - created volume:volume38661 for user:user54599
2025-07-15 19:45:55,568 [main] INFO  rpc.RpcClient (RpcClient.java:createBucket(686)) - Creating Bucket: volume38661/bucket53271, with bucket layout FILE_SYSTEM_OPTIMIZED, runner as owner, Versioning false, Storage Type set to DISK and Encryption set to false, Replication Type set to server-side default replication type, Namespace Quota set to -1, Space Quota set to -1 
2025-07-15 19:45:55,573 [omNode-3-OMStateMachineApplyTransactionThread - 0] WARN  helpers.OzoneAclUtil (OzoneAclUtil.java:getDefaultAclList(68)) - Failed to get primary group from user user54599 (auth:SIMPLE)
2025-07-15 19:45:55,573 [omNode-3-OMStateMachineApplyTransactionThread - 0] INFO  volume.OMVolumeCreateRequest (OMVolumeCreateRequest.java:validateAndUpdateCache(203)) - created volume:volume38661 for user:user54599
2025-07-15 19:45:55,573 [omNode-1-OMStateMachineApplyTransactionThread - 0] INFO  bucket.OMBucketCreateRequest (OMBucketCreateRequest.java:validateAndUpdateCache(292)) - created bucket: bucket53271 of layout FILE_SYSTEM_OPTIMIZED in volume: volume38661
2025-07-15 19:45:55,574 [omNode-2-OMStateMachineApplyTransactionThread - 0] WARN  helpers.OzoneAclUtil (OzoneAclUtil.java:getDefaultAclList(68)) - Failed to get primary group from user user54599 (auth:SIMPLE)
2025-07-15 19:45:55,574 [omNode-2-OMStateMachineApplyTransactionThread - 0] INFO  volume.OMVolumeCreateRequest (OMVolumeCreateRequest.java:validateAndUpdateCache(203)) - created volume:volume38661 for user:user54599
2025-07-15 19:45:55,577 [main] INFO  rpc.RpcClient (RpcClient.java:createVolume(461)) - Creating Volume: volume93011, with user56646 as owner and space quota set to -1 bytes, counts quota set to -1
2025-07-15 19:45:55,581 [omNode-2-OMStateMachineApplyTransactionThread - 0] INFO  bucket.OMBucketCreateRequest (OMBucketCreateRequest.java:validateAndUpdateCache(292)) - created bucket: bucket53271 of layout FILE_SYSTEM_OPTIMIZED in volume: volume38661
2025-07-15 19:45:55,581 [omNode-3-OMStateMachineApplyTransactionThread - 0] INFO  bucket.OMBucketCreateRequest (OMBucketCreateRequest.java:validateAndUpdateCache(292)) - created bucket: bucket53271 of layout FILE_SYSTEM_OPTIMIZED in volume: volume38661
2025-07-15 19:45:55,592 [omNode-1-OMStateMachineApplyTransactionThread - 0] WARN  helpers.OzoneAclUtil (OzoneAclUtil.java:getDefaultAclList(68)) - Failed to get primary group from user user56646 (auth:SIMPLE)
2025-07-15 19:45:55,592 [omNode-1-OMStateMachineApplyTransactionThread - 0] INFO  volume.OMVolumeCreateRequest (OMVolumeCreateRequest.java:validateAndUpdateCache(203)) - created volume:volume93011 for user:user56646
2025-07-15 19:45:55,595 [main] INFO  rpc.RpcClient (RpcClient.java:createBucket(686)) - Creating Bucket: volume93011/bucket10902, with bucket layout FILE_SYSTEM_OPTIMIZED, runner as owner, Versioning false, Storage Type set to DISK and Encryption set to false, Replication Type set to server-side default replication type, Namespace Quota set to -1, Space Quota set to -1 
2025-07-15 19:45:55,599 [omNode-3-OMStateMachineApplyTransactionThread - 0] WARN  helpers.OzoneAclUtil (OzoneAclUtil.java:getDefaultAclList(68)) - Failed to get primary group from user user56646 (auth:SIMPLE)
2025-07-15 19:45:55,599 [omNode-3-OMStateMachineApplyTransactionThread - 0] INFO  volume.OMVolumeCreateRequest (OMVolumeCreateRequest.java:validateAndUpdateCache(203)) - created volume:volume93011 for user:user56646
2025-07-15 19:45:55,601 [omNode-2-OMStateMachineApplyTransactionThread - 0] WARN  helpers.OzoneAclUtil (OzoneAclUtil.java:getDefaultAclList(68)) - Failed to get primary group from user user56646 (auth:SIMPLE)
2025-07-15 19:45:55,601 [omNode-1-OMStateMachineApplyTransactionThread - 0] INFO  bucket.OMBucketCreateRequest (OMBucketCreateRequest.java:validateAndUpdateCache(292)) - created bucket: bucket10902 of layout FILE_SYSTEM_OPTIMIZED in volume: volume93011
2025-07-15 19:45:55,601 [omNode-2-OMStateMachineApplyTransactionThread - 0] INFO  volume.OMVolumeCreateRequest (OMVolumeCreateRequest.java:validateAndUpdateCache(203)) - created volume:volume93011 for user:user56646
2025-07-15 19:45:55,604 [main] INFO  rpc.RpcClient (RpcClient.java:createVolume(461)) - Creating Volume: volume65185, with user77989 as owner and space quota set to -1 bytes, counts quota set to -1
2025-07-15 19:45:55,608 [omNode-2-OMStateMachineApplyTransactionThread - 0] INFO  bucket.OMBucketCreateRequest (OMBucketCreateRequest.java:validateAndUpdateCache(292)) - created bucket: bucket10902 of layout FILE_SYSTEM_OPTIMIZED in volume: volume93011
2025-07-15 19:45:55,609 [omNode-3-OMStateMachineApplyTransactionThread - 0] INFO  bucket.OMBucketCreateRequest (OMBucketCreateRequest.java:validateAndUpdateCache(292)) - created bucket: bucket10902 of layout FILE_SYSTEM_OPTIMIZED in volume: volume93011
2025-07-15 19:45:55,613 [740e7591-da3d-4d6e-90a9-0f86ad91887d@group-76009A78E852-FollowerState] INFO  impl.FollowerState (FollowerState.java:runImpl(161)) - 740e7591-da3d-4d6e-90a9-0f86ad91887d@group-76009A78E852-FollowerState: change to CANDIDATE, lastRpcElapsedTime:1083053829ns, electionTimeout:1082ms
2025-07-15 19:45:55,613 [740e7591-da3d-4d6e-90a9-0f86ad91887d@group-76009A78E852-FollowerState] INFO  impl.RoleInfo (RoleInfo.java:shutdownFollowerState(121)) - 740e7591-da3d-4d6e-90a9-0f86ad91887d: shutdown 740e7591-da3d-4d6e-90a9-0f86ad91887d@group-76009A78E852-FollowerState
2025-07-15 19:45:55,613 [740e7591-da3d-4d6e-90a9-0f86ad91887d@group-76009A78E852-FollowerState] INFO  server.RaftServer$Division (RaftServerImpl.java:setRole(392)) - 740e7591-da3d-4d6e-90a9-0f86ad91887d@group-76009A78E852: changes role from  FOLLOWER to CANDIDATE at term 0 for changeToCandidate
2025-07-15 19:45:55,613 [740e7591-da3d-4d6e-90a9-0f86ad91887d@group-76009A78E852-FollowerState] INFO  impl.RoleInfo (RoleInfo.java:updateAndGet(148)) - 740e7591-da3d-4d6e-90a9-0f86ad91887d: start 740e7591-da3d-4d6e-90a9-0f86ad91887d@group-76009A78E852-LeaderElection9
2025-07-15 19:45:55,614 [740e7591-da3d-4d6e-90a9-0f86ad91887d@group-76009A78E852-LeaderElection9] INFO  impl.LeaderElection (LeaderElection.java:askForVotes(448)) - 740e7591-da3d-4d6e-90a9-0f86ad91887d@group-76009A78E852-LeaderElection9 PRE_VOTE round 0: submit vote requests at term 0 for conf: {index: -1, cur=peers:[740e7591-da3d-4d6e-90a9-0f86ad91887d|127.0.0.1:15039]|listeners:[], old=null}
2025-07-15 19:45:55,614 [740e7591-da3d-4d6e-90a9-0f86ad91887d@group-76009A78E852-LeaderElection9] INFO  impl.LeaderElection (LeaderElection.java:askForVotes(450)) - 740e7591-da3d-4d6e-90a9-0f86ad91887d@group-76009A78E852-LeaderElection9 PRE_VOTE round 0: result PASSED (term=0)
2025-07-15 19:45:55,616 [740e7591-da3d-4d6e-90a9-0f86ad91887d@group-76009A78E852-LeaderElection9] INFO  impl.LeaderElection (LeaderElection.java:askForVotes(448)) - 740e7591-da3d-4d6e-90a9-0f86ad91887d@group-76009A78E852-LeaderElection9 ELECTION round 0: submit vote requests at term 1 for conf: {index: -1, cur=peers:[740e7591-da3d-4d6e-90a9-0f86ad91887d|127.0.0.1:15039]|listeners:[], old=null}
2025-07-15 19:45:55,616 [740e7591-da3d-4d6e-90a9-0f86ad91887d@group-76009A78E852-LeaderElection9] INFO  impl.LeaderElection (LeaderElection.java:askForVotes(450)) - 740e7591-da3d-4d6e-90a9-0f86ad91887d@group-76009A78E852-LeaderElection9 ELECTION round 0: result PASSED (term=1)
2025-07-15 19:45:55,616 [740e7591-da3d-4d6e-90a9-0f86ad91887d@group-76009A78E852-LeaderElection9] INFO  impl.RoleInfo (RoleInfo.java:shutdownLeaderElection(141)) - 740e7591-da3d-4d6e-90a9-0f86ad91887d: shutdown 740e7591-da3d-4d6e-90a9-0f86ad91887d@group-76009A78E852-LeaderElection9
2025-07-15 19:45:55,616 [740e7591-da3d-4d6e-90a9-0f86ad91887d@group-76009A78E852-LeaderElection9] INFO  server.RaftServer$Division (RaftServerImpl.java:setRole(392)) - 740e7591-da3d-4d6e-90a9-0f86ad91887d@group-76009A78E852: changes role from CANDIDATE to LEADER at term 1 for changeToLeader
2025-07-15 19:45:55,616 [740e7591-da3d-4d6e-90a9-0f86ad91887d@group-76009A78E852-LeaderElection9] INFO  server.RaftServerConfigKeys (ConfUtils.java:logFallback(69)) - raft.server.staging.timeout = 15600ms (fallback to raft.server.rpc.timeout.max)
2025-07-15 19:45:55,617 [740e7591-da3d-4d6e-90a9-0f86ad91887d@group-76009A78E852-LeaderElection9] INFO  server.RaftServerConfigKeys (ConfUtils.java:logGet(62)) - raft.server.write.byte-limit = 1024 M (=1073741824) (custom)
2025-07-15 19:45:55,618 [740e7591-da3d-4d6e-90a9-0f86ad91887d@group-76009A78E852-LeaderElection9] INFO  impl.RoleInfo (RoleInfo.java:updateAndGet(148)) - 740e7591-da3d-4d6e-90a9-0f86ad91887d: start 740e7591-da3d-4d6e-90a9-0f86ad91887d@group-76009A78E852-LeaderStateImpl
2025-07-15 19:45:55,618 [740e7591-da3d-4d6e-90a9-0f86ad91887d@group-76009A78E852-LeaderElection9] INFO  server.RaftServer$Division (RaftServerImpl.java:setFirstElection(576)) - 740e7591-da3d-4d6e-90a9-0f86ad91887d@group-76009A78E852: set firstElectionSinceStartup to false for becomeLeader
2025-07-15 19:45:55,618 [740e7591-da3d-4d6e-90a9-0f86ad91887d@group-76009A78E852-LeaderElection9] INFO  ratis.XceiverServerRatis (XceiverServerRatis.java:handleLeaderChangedNotification(944)) - Leader change notification received for group: group-76009A78E852 with new leaderId: 740e7591-da3d-4d6e-90a9-0f86ad91887d
2025-07-15 19:45:55,618 [740e7591-da3d-4d6e-90a9-0f86ad91887d@group-76009A78E852-LeaderElection9] INFO  server.RaftServer$Division (ServerState.java:setLeader(272)) - 740e7591-da3d-4d6e-90a9-0f86ad91887d@group-76009A78E852: change Leader from null to 740e7591-da3d-4d6e-90a9-0f86ad91887d at term 1 for becomeLeader, leader elected after 1120ms
2025-07-15 19:45:55,618 [740e7591-da3d-4d6e-90a9-0f86ad91887d@group-76009A78E852-LeaderElection9] INFO  segmented.SegmentedRaftLogWorker (SegmentedRaftLogWorker.java:startLogSegment(440)) - 740e7591-da3d-4d6e-90a9-0f86ad91887d@group-76009A78E852-SegmentedRaftLogWorker: Starting segment from index:0
2025-07-15 19:45:55,619 [740e7591-da3d-4d6e-90a9-0f86ad91887d@group-76009A78E852-SegmentedRaftLogWorker] INFO  segmented.BufferedWriteChannel (BufferedWriteChannel.java:open(61)) - open log_inprogress_0 at position 0
2025-07-15 19:45:55,621 [omNode-1-OMStateMachineApplyTransactionThread - 0] WARN  helpers.OzoneAclUtil (OzoneAclUtil.java:getDefaultAclList(68)) - Failed to get primary group from user user77989 (auth:SIMPLE)
2025-07-15 19:45:55,621 [omNode-1-OMStateMachineApplyTransactionThread - 0] INFO  volume.OMVolumeCreateRequest (OMVolumeCreateRequest.java:validateAndUpdateCache(203)) - created volume:volume65185 for user:user77989
2025-07-15 19:45:55,624 [740e7591-da3d-4d6e-90a9-0f86ad91887d@group-76009A78E852-LeaderElection9] INFO  server.RaftServer$Division (ServerState.java:setRaftConf(386)) - 740e7591-da3d-4d6e-90a9-0f86ad91887d@group-76009A78E852: set configuration conf: {index: 0, cur=peers:[740e7591-da3d-4d6e-90a9-0f86ad91887d|127.0.0.1:15039]|listeners:[], old=null}
2025-07-15 19:45:55,628 [main] INFO  rpc.RpcClient (RpcClient.java:createBucket(686)) - Creating Bucket: volume65185/bucket38537, with bucket layout FILE_SYSTEM_OPTIMIZED, runner as owner, Versioning false, Storage Type set to DISK and Encryption set to false, Replication Type set to server-side default replication type, Namespace Quota set to -1, Space Quota set to -1 
2025-07-15 19:45:55,632 [740e7591-da3d-4d6e-90a9-0f86ad91887d@group-76009A78E852-SegmentedRaftLogWorker] INFO  segmented.SegmentedRaftLogWorker (SegmentedRaftLogWorker.java:execute(647)) - 740e7591-da3d-4d6e-90a9-0f86ad91887d@group-76009A78E852-SegmentedRaftLogWorker: created new log segment /home/runner/work/ozone/ozone/hadoop-ozone/integration-test/target/test-dir/MiniOzoneClusterImpl-0e8a6840-8092-433d-9bbe-2fd65d18bfc8/ozone-meta/datanode-3/ratis/608a8a1b-2975-426b-9098-76009a78e852/current/log_inprogress_0
2025-07-15 19:45:55,634 [omNode-3-OMStateMachineApplyTransactionThread - 0] WARN  helpers.OzoneAclUtil (OzoneAclUtil.java:getDefaultAclList(68)) - Failed to get primary group from user user77989 (auth:SIMPLE)
2025-07-15 19:45:55,635 [omNode-3-OMStateMachineApplyTransactionThread - 0] INFO  volume.OMVolumeCreateRequest (OMVolumeCreateRequest.java:validateAndUpdateCache(203)) - created volume:volume65185 for user:user77989
2025-07-15 19:45:55,635 [740e7591-da3d-4d6e-90a9-0f86ad91887d@group-76009A78E852-StateMachineUpdater] INFO  server.RaftServer$Division (LeaderStateImpl.java:checkStartIndex(309)) - Leader 740e7591-da3d-4d6e-90a9-0f86ad91887d@group-76009A78E852-LeaderStateImpl is ready since appliedIndex == startIndex == 0
2025-07-15 19:45:55,637 [omNode-1-OMStateMachineApplyTransactionThread - 0] INFO  bucket.OMBucketCreateRequest (OMBucketCreateRequest.java:validateAndUpdateCache(292)) - created bucket: bucket38537 of layout FILE_SYSTEM_OPTIMIZED in volume: volume65185
2025-07-15 19:45:55,638 [omNode-2-OMStateMachineApplyTransactionThread - 0] WARN  helpers.OzoneAclUtil (OzoneAclUtil.java:getDefaultAclList(68)) - Failed to get primary group from user user77989 (auth:SIMPLE)
2025-07-15 19:45:55,638 [omNode-2-OMStateMachineApplyTransactionThread - 0] INFO  volume.OMVolumeCreateRequest (OMVolumeCreateRequest.java:validateAndUpdateCache(203)) - created volume:volume65185 for user:user77989
2025-07-15 19:45:55,643 [main] INFO  rpc.RpcClient (RpcClient.java:createVolume(461)) - Creating Volume: volume25061, with user87105 as owner and space quota set to -1 bytes, counts quota set to -1
2025-07-15 19:45:55,648 [omNode-3-OMStateMachineApplyTransactionThread - 0] INFO  bucket.OMBucketCreateRequest (OMBucketCreateRequest.java:validateAndUpdateCache(292)) - created bucket: bucket38537 of layout FILE_SYSTEM_OPTIMIZED in volume: volume65185
2025-07-15 19:45:55,649 [omNode-2-OMStateMachineApplyTransactionThread - 0] INFO  bucket.OMBucketCreateRequest (OMBucketCreateRequest.java:validateAndUpdateCache(292)) - created bucket: bucket38537 of layout FILE_SYSTEM_OPTIMIZED in volume: volume65185
2025-07-15 19:45:55,660 [omNode-1-OMStateMachineApplyTransactionThread - 0] WARN  helpers.OzoneAclUtil (OzoneAclUtil.java:getDefaultAclList(68)) - Failed to get primary group from user user87105 (auth:SIMPLE)
2025-07-15 19:45:55,660 [omNode-1-OMStateMachineApplyTransactionThread - 0] INFO  volume.OMVolumeCreateRequest (OMVolumeCreateRequest.java:validateAndUpdateCache(203)) - created volume:volume25061 for user:user87105
2025-07-15 19:45:55,664 [main] INFO  rpc.RpcClient (RpcClient.java:createBucket(686)) - Creating Bucket: volume25061/bucket95366, with bucket layout FILE_SYSTEM_OPTIMIZED, runner as owner, Versioning false, Storage Type set to DISK and Encryption set to false, Replication Type set to server-side default replication type, Namespace Quota set to -1, Space Quota set to -1 
2025-07-15 19:45:55,668 [omNode-2-OMStateMachineApplyTransactionThread - 0] WARN  helpers.OzoneAclUtil (OzoneAclUtil.java:getDefaultAclList(68)) - Failed to get primary group from user user87105 (auth:SIMPLE)
2025-07-15 19:45:55,668 [omNode-2-OMStateMachineApplyTransactionThread - 0] INFO  volume.OMVolumeCreateRequest (OMVolumeCreateRequest.java:validateAndUpdateCache(203)) - created volume:volume25061 for user:user87105
2025-07-15 19:45:55,669 [omNode-1-OMStateMachineApplyTransactionThread - 0] INFO  bucket.OMBucketCreateRequest (OMBucketCreateRequest.java:validateAndUpdateCache(292)) - created bucket: bucket95366 of layout FILE_SYSTEM_OPTIMIZED in volume: volume25061
2025-07-15 19:45:55,670 [omNode-3-OMStateMachineApplyTransactionThread - 0] WARN  helpers.OzoneAclUtil (OzoneAclUtil.java:getDefaultAclList(68)) - Failed to get primary group from user user87105 (auth:SIMPLE)
2025-07-15 19:45:55,670 [omNode-3-OMStateMachineApplyTransactionThread - 0] INFO  volume.OMVolumeCreateRequest (OMVolumeCreateRequest.java:validateAndUpdateCache(203)) - created volume:volume25061 for user:user87105
2025-07-15 19:45:55,673 [main] INFO  rpc.RpcClient (RpcClient.java:createVolume(461)) - Creating Volume: volume50885, with user98963 as owner and space quota set to -1 bytes, counts quota set to -1
2025-07-15 19:45:55,677 [omNode-3-OMStateMachineApplyTransactionThread - 0] INFO  bucket.OMBucketCreateRequest (OMBucketCreateRequest.java:validateAndUpdateCache(292)) - created bucket: bucket95366 of layout FILE_SYSTEM_OPTIMIZED in volume: volume25061
2025-07-15 19:45:55,677 [omNode-2-OMStateMachineApplyTransactionThread - 0] INFO  bucket.OMBucketCreateRequest (OMBucketCreateRequest.java:validateAndUpdateCache(292)) - created bucket: bucket95366 of layout FILE_SYSTEM_OPTIMIZED in volume: volume25061
2025-07-15 19:45:55,688 [omNode-1-OMStateMachineApplyTransactionThread - 0] WARN  helpers.OzoneAclUtil (OzoneAclUtil.java:getDefaultAclList(68)) - Failed to get primary group from user user98963 (auth:SIMPLE)
2025-07-15 19:45:55,689 [omNode-1-OMStateMachineApplyTransactionThread - 0] INFO  volume.OMVolumeCreateRequest (OMVolumeCreateRequest.java:validateAndUpdateCache(203)) - created volume:volume50885 for user:user98963
2025-07-15 19:45:55,692 [main] INFO  rpc.RpcClient (RpcClient.java:createBucket(686)) - Creating Bucket: volume50885/bucket67782, with bucket layout FILE_SYSTEM_OPTIMIZED, runner as owner, Versioning false, Storage Type set to DISK and Encryption set to false, Replication Type set to server-side default replication type, Namespace Quota set to -1, Space Quota set to -1 
2025-07-15 19:45:55,697 [omNode-3-OMStateMachineApplyTransactionThread - 0] WARN  helpers.OzoneAclUtil (OzoneAclUtil.java:getDefaultAclList(68)) - Failed to get primary group from user user98963 (auth:SIMPLE)
2025-07-15 19:45:55,697 [omNode-3-OMStateMachineApplyTransactionThread - 0] INFO  volume.OMVolumeCreateRequest (OMVolumeCreateRequest.java:validateAndUpdateCache(203)) - created volume:volume50885 for user:user98963
2025-07-15 19:45:55,698 [omNode-2-OMStateMachineApplyTransactionThread - 0] WARN  helpers.OzoneAclUtil (OzoneAclUtil.java:getDefaultAclList(68)) - Failed to get primary group from user user98963 (auth:SIMPLE)
2025-07-15 19:45:55,698 [omNode-2-OMStateMachineApplyTransactionThread - 0] INFO  volume.OMVolumeCreateRequest (OMVolumeCreateRequest.java:validateAndUpdateCache(203)) - created volume:volume50885 for user:user98963
2025-07-15 19:45:55,699 [omNode-1-OMStateMachineApplyTransactionThread - 0] INFO  bucket.OMBucketCreateRequest (OMBucketCreateRequest.java:validateAndUpdateCache(292)) - created bucket: bucket67782 of layout FILE_SYSTEM_OPTIMIZED in volume: volume50885
2025-07-15 19:45:55,701 [main] INFO  rpc.RpcClient (RpcClient.java:createVolume(461)) - Creating Volume: volume44784, with user84363 as owner and space quota set to -1 bytes, counts quota set to -1
2025-07-15 19:45:55,706 [omNode-3-OMStateMachineApplyTransactionThread - 0] INFO  bucket.OMBucketCreateRequest (OMBucketCreateRequest.java:validateAndUpdateCache(292)) - created bucket: bucket67782 of layout FILE_SYSTEM_OPTIMIZED in volume: volume50885
2025-07-15 19:45:55,707 [omNode-2-OMStateMachineApplyTransactionThread - 0] INFO  bucket.OMBucketCreateRequest (OMBucketCreateRequest.java:validateAndUpdateCache(292)) - created bucket: bucket67782 of layout FILE_SYSTEM_OPTIMIZED in volume: volume50885
2025-07-15 19:45:55,716 [omNode-1-OMStateMachineApplyTransactionThread - 0] WARN  helpers.OzoneAclUtil (OzoneAclUtil.java:getDefaultAclList(68)) - Failed to get primary group from user user84363 (auth:SIMPLE)
2025-07-15 19:45:55,716 [omNode-1-OMStateMachineApplyTransactionThread - 0] INFO  volume.OMVolumeCreateRequest (OMVolumeCreateRequest.java:validateAndUpdateCache(203)) - created volume:volume44784 for user:user84363
2025-07-15 19:45:55,719 [main] INFO  rpc.RpcClient (RpcClient.java:createBucket(686)) - Creating Bucket: volume44784/bucket19548, with bucket layout FILE_SYSTEM_OPTIMIZED, runner as owner, Versioning false, Storage Type set to DISK and Encryption set to false, Replication Type set to server-side default replication type, Namespace Quota set to -1, Space Quota set to -1 
2025-07-15 19:45:55,724 [omNode-2-OMStateMachineApplyTransactionThread - 0] WARN  helpers.OzoneAclUtil (OzoneAclUtil.java:getDefaultAclList(68)) - Failed to get primary group from user user84363 (auth:SIMPLE)
2025-07-15 19:45:55,725 [omNode-3-OMStateMachineApplyTransactionThread - 0] WARN  helpers.OzoneAclUtil (OzoneAclUtil.java:getDefaultAclList(68)) - Failed to get primary group from user user84363 (auth:SIMPLE)
2025-07-15 19:45:55,725 [omNode-3-OMStateMachineApplyTransactionThread - 0] INFO  volume.OMVolumeCreateRequest (OMVolumeCreateRequest.java:validateAndUpdateCache(203)) - created volume:volume44784 for user:user84363
2025-07-15 19:45:55,725 [omNode-1-OMStateMachineApplyTransactionThread - 0] INFO  bucket.OMBucketCreateRequest (OMBucketCreateRequest.java:validateAndUpdateCache(292)) - created bucket: bucket19548 of layout FILE_SYSTEM_OPTIMIZED in volume: volume44784
2025-07-15 19:45:55,725 [omNode-2-OMStateMachineApplyTransactionThread - 0] INFO  volume.OMVolumeCreateRequest (OMVolumeCreateRequest.java:validateAndUpdateCache(203)) - created volume:volume44784 for user:user84363
2025-07-15 19:45:55,729 [main] INFO  rpc.RpcClient (RpcClient.java:createVolume(461)) - Creating Volume: volume89380, with user11437 as owner and space quota set to -1 bytes, counts quota set to -1
2025-07-15 19:45:55,733 [omNode-3-OMStateMachineApplyTransactionThread - 0] INFO  bucket.OMBucketCreateRequest (OMBucketCreateRequest.java:validateAndUpdateCache(292)) - created bucket: bucket19548 of layout FILE_SYSTEM_OPTIMIZED in volume: volume44784
2025-07-15 19:45:55,733 [omNode-2-OMStateMachineApplyTransactionThread - 0] INFO  bucket.OMBucketCreateRequest (OMBucketCreateRequest.java:validateAndUpdateCache(292)) - created bucket: bucket19548 of layout FILE_SYSTEM_OPTIMIZED in volume: volume44784
2025-07-15 19:45:55,744 [omNode-1-OMStateMachineApplyTransactionThread - 0] WARN  helpers.OzoneAclUtil (OzoneAclUtil.java:getDefaultAclList(68)) - Failed to get primary group from user user11437 (auth:SIMPLE)
2025-07-15 19:45:55,744 [omNode-1-OMStateMachineApplyTransactionThread - 0] INFO  volume.OMVolumeCreateRequest (OMVolumeCreateRequest.java:validateAndUpdateCache(203)) - created volume:volume89380 for user:user11437
2025-07-15 19:45:55,747 [main] INFO  rpc.RpcClient (RpcClient.java:createBucket(686)) - Creating Bucket: volume89380/bucket70530, with bucket layout FILE_SYSTEM_OPTIMIZED, runner as owner, Versioning false, Storage Type set to DISK and Encryption set to false, Replication Type set to server-side default replication type, Namespace Quota set to -1, Space Quota set to -1 
2025-07-15 19:45:55,751 [omNode-2-OMStateMachineApplyTransactionThread - 0] WARN  helpers.OzoneAclUtil (OzoneAclUtil.java:getDefaultAclList(68)) - Failed to get primary group from user user11437 (auth:SIMPLE)
2025-07-15 19:45:55,751 [omNode-3-OMStateMachineApplyTransactionThread - 0] WARN  helpers.OzoneAclUtil (OzoneAclUtil.java:getDefaultAclList(68)) - Failed to get primary group from user user11437 (auth:SIMPLE)
2025-07-15 19:45:55,751 [omNode-2-OMStateMachineApplyTransactionThread - 0] INFO  volume.OMVolumeCreateRequest (OMVolumeCreateRequest.java:validateAndUpdateCache(203)) - created volume:volume89380 for user:user11437
2025-07-15 19:45:55,752 [omNode-3-OMStateMachineApplyTransactionThread - 0] INFO  volume.OMVolumeCreateRequest (OMVolumeCreateRequest.java:validateAndUpdateCache(203)) - created volume:volume89380 for user:user11437
2025-07-15 19:45:55,753 [omNode-1-OMStateMachineApplyTransactionThread - 0] INFO  bucket.OMBucketCreateRequest (OMBucketCreateRequest.java:validateAndUpdateCache(292)) - created bucket: bucket70530 of layout FILE_SYSTEM_OPTIMIZED in volume: volume89380
2025-07-15 19:45:55,755 [main] INFO  rpc.RpcClient (RpcClient.java:createVolume(461)) - Creating Volume: volume62899, with user20672 as owner and space quota set to -1 bytes, counts quota set to -1
2025-07-15 19:45:55,759 [omNode-3-OMStateMachineApplyTransactionThread - 0] INFO  bucket.OMBucketCreateRequest (OMBucketCreateRequest.java:validateAndUpdateCache(292)) - created bucket: bucket70530 of layout FILE_SYSTEM_OPTIMIZED in volume: volume89380
2025-07-15 19:45:55,759 [omNode-2-OMStateMachineApplyTransactionThread - 0] INFO  bucket.OMBucketCreateRequest (OMBucketCreateRequest.java:validateAndUpdateCache(292)) - created bucket: bucket70530 of layout FILE_SYSTEM_OPTIMIZED in volume: volume89380
2025-07-15 19:45:55,768 [omNode-1-OMStateMachineApplyTransactionThread - 0] WARN  helpers.OzoneAclUtil (OzoneAclUtil.java:getDefaultAclList(68)) - Failed to get primary group from user user20672 (auth:SIMPLE)
2025-07-15 19:45:55,768 [omNode-1-OMStateMachineApplyTransactionThread - 0] INFO  volume.OMVolumeCreateRequest (OMVolumeCreateRequest.java:validateAndUpdateCache(203)) - created volume:volume62899 for user:user20672
2025-07-15 19:45:55,770 [main] INFO  rpc.RpcClient (RpcClient.java:createBucket(686)) - Creating Bucket: volume62899/bucket22342, with bucket layout FILE_SYSTEM_OPTIMIZED, runner as owner, Versioning false, Storage Type set to DISK and Encryption set to false, Replication Type set to server-side default replication type, Namespace Quota set to -1, Space Quota set to -1 
2025-07-15 19:45:55,774 [omNode-2-OMStateMachineApplyTransactionThread - 0] WARN  helpers.OzoneAclUtil (OzoneAclUtil.java:getDefaultAclList(68)) - Failed to get primary group from user user20672 (auth:SIMPLE)
2025-07-15 19:45:55,774 [omNode-2-OMStateMachineApplyTransactionThread - 0] INFO  volume.OMVolumeCreateRequest (OMVolumeCreateRequest.java:validateAndUpdateCache(203)) - created volume:volume62899 for user:user20672
2025-07-15 19:45:55,776 [omNode-1-OMStateMachineApplyTransactionThread - 0] INFO  bucket.OMBucketCreateRequest (OMBucketCreateRequest.java:validateAndUpdateCache(292)) - created bucket: bucket22342 of layout FILE_SYSTEM_OPTIMIZED in volume: volume62899
2025-07-15 19:45:55,776 [omNode-3-OMStateMachineApplyTransactionThread - 0] WARN  helpers.OzoneAclUtil (OzoneAclUtil.java:getDefaultAclList(68)) - Failed to get primary group from user user20672 (auth:SIMPLE)
2025-07-15 19:45:55,776 [omNode-3-OMStateMachineApplyTransactionThread - 0] INFO  volume.OMVolumeCreateRequest (OMVolumeCreateRequest.java:validateAndUpdateCache(203)) - created volume:volume62899 for user:user20672
2025-07-15 19:45:55,817 [IPC Server handler 1 on default port 15001] INFO  ha.SequenceIdGenerator (SequenceIdGenerator.java:getNextId(135)) - Allocate a batch for containerId, change lastId from 0 to 1000.
2025-07-15 19:45:55,828 [63321245-e0ff-457f-8079-ff5ce612eddd@group-2FD65D18BFC8-StateMachineUpdater] WARN  ha.SequenceIdGenerator (SequenceIdGenerator.java:allocateBatch(248)) - Failed to allocate a batch for localId, expected lastId is 0, actual lastId is 115816896921600000.
2025-07-15 19:45:55,829 [IPC Server handler 1 on default port 15001] INFO  ha.SequenceIdGenerator (SequenceIdGenerator.java:getNextId(135)) - Allocate a batch for localId, change lastId from 115816896921600000 to 115816896921601000.
2025-07-15 19:45:55,845 [omNode-3-OMStateMachineApplyTransactionThread - 0] INFO  bucket.OMBucketCreateRequest (OMBucketCreateRequest.java:validateAndUpdateCache(292)) - created bucket: bucket22342 of layout FILE_SYSTEM_OPTIMIZED in volume: volume62899
2025-07-15 19:45:55,845 [omNode-2-OMStateMachineApplyTransactionThread - 0] INFO  bucket.OMBucketCreateRequest (OMBucketCreateRequest.java:validateAndUpdateCache(292)) - created bucket: bucket22342 of layout FILE_SYSTEM_OPTIMIZED in volume: volume62899
2025-07-15 19:45:55,884 [main] INFO  impl.MetricsSystemImpl (MetricsSystemImpl.java:init(158)) - XceiverClientMetrics metrics system started (again)
2025-07-15 19:45:56,157 [omNode-1-OMStateMachineApplyTransactionThread - 0] INFO  snapshot.OMSnapshotCreateRequest (OMSnapshotCreateRequest.java:validateAndUpdateCache(226)) - Created snapshot: 'snapshot-8956147043' with snapshotId: 'bb52d10f-ff0a-48c6-a624-f85eb8d80fb9' under path 'volume45943/bucket86319'
2025-07-15 19:45:56,194 [omNode-2-OMStateMachineApplyTransactionThread - 0] INFO  snapshot.OMSnapshotCreateRequest (OMSnapshotCreateRequest.java:validateAndUpdateCache(226)) - Created snapshot: 'snapshot-8956147043' with snapshotId: 'bb52d10f-ff0a-48c6-a624-f85eb8d80fb9' under path 'volume45943/bucket86319'
2025-07-15 19:45:56,206 [omNode-3-OMStateMachineApplyTransactionThread - 0] INFO  snapshot.OMSnapshotCreateRequest (OMSnapshotCreateRequest.java:validateAndUpdateCache(226)) - Created snapshot: 'snapshot-8956147043' with snapshotId: 'bb52d10f-ff0a-48c6-a624-f85eb8d80fb9' under path 'volume45943/bucket86319'
2025-07-15 19:45:56,217 [omNode-1-OMDoubleBufferFlushThread] INFO  db.RDBCheckpointManager (RDBCheckpointManager.java:createCheckpoint(87)) - Created checkpoint in rocksDB at /home/runner/work/ozone/ozone/hadoop-ozone/integration-test/target/test-dir/MiniOzoneClusterImpl-0e8a6840-8092-433d-9bbe-2fd65d18bfc8/omNode-1/db.snapshots/checkpointState/om.db-bb52d10f-ff0a-48c6-a624-f85eb8d80fb9 in 57 milliseconds
2025-07-15 19:45:56,224 [omNode-1-OMDoubleBufferFlushThread] INFO  om.OmSnapshotManager (OmSnapshotManager.java:createOmSnapshotCheckpoint(503)) - Created checkpoint : /home/runner/work/ozone/ozone/hadoop-ozone/integration-test/target/test-dir/MiniOzoneClusterImpl-0e8a6840-8092-433d-9bbe-2fd65d18bfc8/omNode-1/db.snapshots/checkpointState/om.db-bb52d10f-ff0a-48c6-a624-f85eb8d80fb9 for snapshot snapshot-8956147043
2025-07-15 19:45:56,272 [omNode-2-OMDoubleBufferFlushThread] INFO  db.RDBCheckpointManager (RDBCheckpointManager.java:createCheckpoint(87)) - Created checkpoint in rocksDB at /home/runner/work/ozone/ozone/hadoop-ozone/integration-test/target/test-dir/MiniOzoneClusterImpl-0e8a6840-8092-433d-9bbe-2fd65d18bfc8/omNode-2/db.snapshots/checkpointState/om.db-bb52d10f-ff0a-48c6-a624-f85eb8d80fb9 in 74 milliseconds
2025-07-15 19:45:56,273 [omNode-2-OMDoubleBufferFlushThread] INFO  om.OmSnapshotManager (OmSnapshotManager.java:createOmSnapshotCheckpoint(503)) - Created checkpoint : /home/runner/work/ozone/ozone/hadoop-ozone/integration-test/target/test-dir/MiniOzoneClusterImpl-0e8a6840-8092-433d-9bbe-2fd65d18bfc8/omNode-2/db.snapshots/checkpointState/om.db-bb52d10f-ff0a-48c6-a624-f85eb8d80fb9 for snapshot snapshot-8956147043
2025-07-15 19:45:56,278 [omNode-3-OMDoubleBufferFlushThread] INFO  db.RDBCheckpointManager (RDBCheckpointManager.java:createCheckpoint(87)) - Created checkpoint in rocksDB at /home/runner/work/ozone/ozone/hadoop-ozone/integration-test/target/test-dir/MiniOzoneClusterImpl-0e8a6840-8092-433d-9bbe-2fd65d18bfc8/omNode-3/db.snapshots/checkpointState/om.db-bb52d10f-ff0a-48c6-a624-f85eb8d80fb9 in 64 milliseconds
2025-07-15 19:45:56,278 [omNode-3-OMDoubleBufferFlushThread] WARN  om.OmSnapshotManager (OmSnapshotManager.java:performOperationOnKeys(569)) - Took 212416 ns to find endKey. Caller is deleteKeysFromDelKeyTableInSnapshotScope
2025-07-15 19:45:56,279 [omNode-3-OMDoubleBufferFlushThread] INFO  om.OmSnapshotManager (OmSnapshotManager.java:createOmSnapshotCheckpoint(503)) - Created checkpoint : /home/runner/work/ozone/ozone/hadoop-ozone/integration-test/target/test-dir/MiniOzoneClusterImpl-0e8a6840-8092-433d-9bbe-2fd65d18bfc8/omNode-3/db.snapshots/checkpointState/om.db-bb52d10f-ff0a-48c6-a624-f85eb8d80fb9 for snapshot snapshot-8956147043
2025-07-15 19:45:56,293 [omNode-1-OMStateMachineApplyTransactionThread - 0] INFO  snapshot.OMSnapshotCreateRequest (OMSnapshotCreateRequest.java:validateAndUpdateCache(226)) - Created snapshot: 'snapshot-5484324921' with snapshotId: 'd29dc1e8-37b3-449c-9cfb-1bec014c00c1' under path 'volume88620/bucket70916'
2025-07-15 19:45:56,325 [omNode-1-OMDoubleBufferFlushThread] INFO  db.RDBCheckpointManager (RDBCheckpointManager.java:createCheckpoint(87)) - Created checkpoint in rocksDB at /home/runner/work/ozone/ozone/hadoop-ozone/integration-test/target/test-dir/MiniOzoneClusterImpl-0e8a6840-8092-433d-9bbe-2fd65d18bfc8/omNode-1/db.snapshots/checkpointState/om.db-d29dc1e8-37b3-449c-9cfb-1bec014c00c1 in 30 milliseconds
2025-07-15 19:45:56,326 [omNode-1-OMDoubleBufferFlushThread] INFO  om.OmSnapshotManager (OmSnapshotManager.java:createOmSnapshotCheckpoint(503)) - Created checkpoint : /home/runner/work/ozone/ozone/hadoop-ozone/integration-test/target/test-dir/MiniOzoneClusterImpl-0e8a6840-8092-433d-9bbe-2fd65d18bfc8/omNode-1/db.snapshots/checkpointState/om.db-d29dc1e8-37b3-449c-9cfb-1bec014c00c1 for snapshot snapshot-5484324921
2025-07-15 19:45:56,336 [omNode-2-OMStateMachineApplyTransactionThread - 0] INFO  snapshot.OMSnapshotCreateRequest (OMSnapshotCreateRequest.java:validateAndUpdateCache(226)) - Created snapshot: 'snapshot-5484324921' with snapshotId: 'd29dc1e8-37b3-449c-9cfb-1bec014c00c1' under path 'volume88620/bucket70916'
2025-07-15 19:45:56,346 [omNode-3-OMStateMachineApplyTransactionThread - 0] INFO  snapshot.OMSnapshotCreateRequest (OMSnapshotCreateRequest.java:validateAndUpdateCache(226)) - Created snapshot: 'snapshot-5484324921' with snapshotId: 'd29dc1e8-37b3-449c-9cfb-1bec014c00c1' under path 'volume88620/bucket70916'
2025-07-15 19:45:56,412 [omNode-2-OMDoubleBufferFlushThread] INFO  db.RDBCheckpointManager (RDBCheckpointManager.java:createCheckpoint(87)) - Created checkpoint in rocksDB at /home/runner/work/ozone/ozone/hadoop-ozone/integration-test/target/test-dir/MiniOzoneClusterImpl-0e8a6840-8092-433d-9bbe-2fd65d18bfc8/omNode-2/db.snapshots/checkpointState/om.db-d29dc1e8-37b3-449c-9cfb-1bec014c00c1 in 69 milliseconds
2025-07-15 19:45:56,413 [omNode-2-OMDoubleBufferFlushThread] INFO  om.OmSnapshotManager (OmSnapshotManager.java:createOmSnapshotCheckpoint(503)) - Created checkpoint : /home/runner/work/ozone/ozone/hadoop-ozone/integration-test/target/test-dir/MiniOzoneClusterImpl-0e8a6840-8092-433d-9bbe-2fd65d18bfc8/omNode-2/db.snapshots/checkpointState/om.db-d29dc1e8-37b3-449c-9cfb-1bec014c00c1 for snapshot snapshot-5484324921
2025-07-15 19:45:56,421 [omNode-3-OMDoubleBufferFlushThread] INFO  db.RDBCheckpointManager (RDBCheckpointManager.java:createCheckpoint(87)) - Created checkpoint in rocksDB at /home/runner/work/ozone/ozone/hadoop-ozone/integration-test/target/test-dir/MiniOzoneClusterImpl-0e8a6840-8092-433d-9bbe-2fd65d18bfc8/omNode-3/db.snapshots/checkpointState/om.db-d29dc1e8-37b3-449c-9cfb-1bec014c00c1 in 72 milliseconds
2025-07-15 19:45:56,423 [omNode-3-OMDoubleBufferFlushThread] INFO  om.OmSnapshotManager (OmSnapshotManager.java:createOmSnapshotCheckpoint(503)) - Created checkpoint : /home/runner/work/ozone/ozone/hadoop-ozone/integration-test/target/test-dir/MiniOzoneClusterImpl-0e8a6840-8092-433d-9bbe-2fd65d18bfc8/omNode-3/db.snapshots/checkpointState/om.db-d29dc1e8-37b3-449c-9cfb-1bec014c00c1 for snapshot snapshot-5484324921
2025-07-15 19:45:56,437 [omNode-1-OMStateMachineApplyTransactionThread - 0] INFO  snapshot.OMSnapshotCreateRequest (OMSnapshotCreateRequest.java:validateAndUpdateCache(226)) - Created snapshot: 'snapshot-5987191249' with snapshotId: 'dbf406b6-28bd-4dee-ac13-c9173875ed58' under path 'volume38661/bucket53271'
2025-07-15 19:45:56,476 [omNode-1-OMDoubleBufferFlushThread] INFO  db.RDBCheckpointManager (RDBCheckpointManager.java:createCheckpoint(87)) - Created checkpoint in rocksDB at /home/runner/work/ozone/ozone/hadoop-ozone/integration-test/target/test-dir/MiniOzoneClusterImpl-0e8a6840-8092-433d-9bbe-2fd65d18bfc8/omNode-1/db.snapshots/checkpointState/om.db-dbf406b6-28bd-4dee-ac13-c9173875ed58 in 36 milliseconds
2025-07-15 19:45:56,476 [omNode-1-OMDoubleBufferFlushThread] INFO  om.OmSnapshotManager (OmSnapshotManager.java:createOmSnapshotCheckpoint(503)) - Created checkpoint : /home/runner/work/ozone/ozone/hadoop-ozone/integration-test/target/test-dir/MiniOzoneClusterImpl-0e8a6840-8092-433d-9bbe-2fd65d18bfc8/omNode-1/db.snapshots/checkpointState/om.db-dbf406b6-28bd-4dee-ac13-c9173875ed58 for snapshot snapshot-5987191249
2025-07-15 19:45:56,481 [omNode-3-OMStateMachineApplyTransactionThread - 0] INFO  snapshot.OMSnapshotCreateRequest (OMSnapshotCreateRequest.java:validateAndUpdateCache(226)) - Created snapshot: 'snapshot-5987191249' with snapshotId: 'dbf406b6-28bd-4dee-ac13-c9173875ed58' under path 'volume38661/bucket53271'
2025-07-15 19:45:56,487 [omNode-2-OMStateMachineApplyTransactionThread - 0] INFO  snapshot.OMSnapshotCreateRequest (OMSnapshotCreateRequest.java:validateAndUpdateCache(226)) - Created snapshot: 'snapshot-5987191249' with snapshotId: 'dbf406b6-28bd-4dee-ac13-c9173875ed58' under path 'volume38661/bucket53271'
2025-07-15 19:45:56,515 [omNode-3-OMDoubleBufferFlushThread] INFO  db.RDBCheckpointManager (RDBCheckpointManager.java:createCheckpoint(87)) - Created checkpoint in rocksDB at /home/runner/work/ozone/ozone/hadoop-ozone/integration-test/target/test-dir/MiniOzoneClusterImpl-0e8a6840-8092-433d-9bbe-2fd65d18bfc8/omNode-3/db.snapshots/checkpointState/om.db-dbf406b6-28bd-4dee-ac13-c9173875ed58 in 30 milliseconds
2025-07-15 19:45:56,516 [omNode-3-OMDoubleBufferFlushThread] INFO  om.OmSnapshotManager (OmSnapshotManager.java:createOmSnapshotCheckpoint(503)) - Created checkpoint : /home/runner/work/ozone/ozone/hadoop-ozone/integration-test/target/test-dir/MiniOzoneClusterImpl-0e8a6840-8092-433d-9bbe-2fd65d18bfc8/omNode-3/db.snapshots/checkpointState/om.db-dbf406b6-28bd-4dee-ac13-c9173875ed58 for snapshot snapshot-5987191249
2025-07-15 19:45:56,517 [omNode-2-OMDoubleBufferFlushThread] INFO  db.RDBCheckpointManager (RDBCheckpointManager.java:createCheckpoint(87)) - Created checkpoint in rocksDB at /home/runner/work/ozone/ozone/hadoop-ozone/integration-test/target/test-dir/MiniOzoneClusterImpl-0e8a6840-8092-433d-9bbe-2fd65d18bfc8/omNode-2/db.snapshots/checkpointState/om.db-dbf406b6-28bd-4dee-ac13-c9173875ed58 in 28 milliseconds
2025-07-15 19:45:56,517 [omNode-2-OMDoubleBufferFlushThread] INFO  om.OmSnapshotManager (OmSnapshotManager.java:createOmSnapshotCheckpoint(503)) - Created checkpoint : /home/runner/work/ozone/ozone/hadoop-ozone/integration-test/target/test-dir/MiniOzoneClusterImpl-0e8a6840-8092-433d-9bbe-2fd65d18bfc8/omNode-2/db.snapshots/checkpointState/om.db-dbf406b6-28bd-4dee-ac13-c9173875ed58 for snapshot snapshot-5987191249
2025-07-15 19:45:56,521 [omNode-1-OMStateMachineApplyTransactionThread - 0] INFO  snapshot.OMSnapshotCreateRequest (OMSnapshotCreateRequest.java:validateAndUpdateCache(226)) - Created snapshot: 'snapshot-7198150165' with snapshotId: '37399b09-b5ae-4376-abbc-499881c7e1f6' under path 'volume93011/bucket10902'
2025-07-15 19:45:56,575 [omNode-2-OMStateMachineApplyTransactionThread - 0] INFO  snapshot.OMSnapshotCreateRequest (OMSnapshotCreateRequest.java:validateAndUpdateCache(226)) - Created snapshot: 'snapshot-7198150165' with snapshotId: '37399b09-b5ae-4376-abbc-499881c7e1f6' under path 'volume93011/bucket10902'
2025-07-15 19:45:56,577 [omNode-1-OMDoubleBufferFlushThread] INFO  db.RDBCheckpointManager (RDBCheckpointManager.java:createCheckpoint(87)) - Created checkpoint in rocksDB at /home/runner/work/ozone/ozone/hadoop-ozone/integration-test/target/test-dir/MiniOzoneClusterImpl-0e8a6840-8092-433d-9bbe-2fd65d18bfc8/omNode-1/db.snapshots/checkpointState/om.db-37399b09-b5ae-4376-abbc-499881c7e1f6 in 53 milliseconds
2025-07-15 19:45:56,578 [omNode-1-OMDoubleBufferFlushThread] INFO  om.OmSnapshotManager (OmSnapshotManager.java:createOmSnapshotCheckpoint(503)) - Created checkpoint : /home/runner/work/ozone/ozone/hadoop-ozone/integration-test/target/test-dir/MiniOzoneClusterImpl-0e8a6840-8092-433d-9bbe-2fd65d18bfc8/omNode-1/db.snapshots/checkpointState/om.db-37399b09-b5ae-4376-abbc-499881c7e1f6 for snapshot snapshot-7198150165
2025-07-15 19:45:56,585 [omNode-3-OMStateMachineApplyTransactionThread - 0] INFO  snapshot.OMSnapshotCreateRequest (OMSnapshotCreateRequest.java:validateAndUpdateCache(226)) - Created snapshot: 'snapshot-7198150165' with snapshotId: '37399b09-b5ae-4376-abbc-499881c7e1f6' under path 'volume93011/bucket10902'
2025-07-15 19:45:56,586 [Thread-1443] INFO  rocksdiff.RocksDBCheckpointDiffer (RocksDBCheckpointDiffer.java:shouldSkipCompaction(440)) - Skipped the compaction entry. Compaction input files: [/home/runner/work/ozone/ozone/hadoop-ozone/integration-test/target/test-dir/MiniOzoneClusterImpl-0e8a6840-8092-433d-9bbe-2fd65d18bfc8/omNode-1/om.db/000077.sst, /home/runner/work/ozone/ozone/hadoop-ozone/integration-test/target/test-dir/MiniOzoneClusterImpl-0e8a6840-8092-433d-9bbe-2fd65d18bfc8/omNode-1/om.db/000070.sst, /home/runner/work/ozone/ozone/hadoop-ozone/integration-test/target/test-dir/MiniOzoneClusterImpl-0e8a6840-8092-433d-9bbe-2fd65d18bfc8/omNode-1/om.db/000064.sst, /home/runner/work/ozone/ozone/hadoop-ozone/integration-test/target/test-dir/MiniOzoneClusterImpl-0e8a6840-8092-433d-9bbe-2fd65d18bfc8/omNode-1/om.db/000057.sst] and output files: [/home/runner/work/ozone/ozone/hadoop-ozone/integration-test/target/test-dir/MiniOzoneClusterImpl-0e8a6840-8092-433d-9bbe-2fd65d18bfc8/omNode-1/om.db/000077.sst, /home/runner/work/ozone/ozone/hadoop-ozone/integration-test/target/test-dir/MiniOzoneClusterImpl-0e8a6840-8092-433d-9bbe-2fd65d18bfc8/omNode-1/om.db/000070.sst, /home/runner/work/ozone/ozone/hadoop-ozone/integration-test/target/test-dir/MiniOzoneClusterImpl-0e8a6840-8092-433d-9bbe-2fd65d18bfc8/omNode-1/om.db/000064.sst, /home/runner/work/ozone/ozone/hadoop-ozone/integration-test/target/test-dir/MiniOzoneClusterImpl-0e8a6840-8092-433d-9bbe-2fd65d18bfc8/omNode-1/om.db/000057.sst] are same.
2025-07-15 19:45:56,623 [Thread-1615] INFO  rocksdiff.RocksDBCheckpointDiffer (RocksDBCheckpointDiffer.java:shouldSkipCompaction(440)) - Skipped the compaction entry. Compaction input files: [/home/runner/work/ozone/ozone/hadoop-ozone/integration-test/target/test-dir/MiniOzoneClusterImpl-0e8a6840-8092-433d-9bbe-2fd65d18bfc8/omNode-2/om.db/000077.sst, /home/runner/work/ozone/ozone/hadoop-ozone/integration-test/target/test-dir/MiniOzoneClusterImpl-0e8a6840-8092-433d-9bbe-2fd65d18bfc8/omNode-2/om.db/000070.sst, /home/runner/work/ozone/ozone/hadoop-ozone/integration-test/target/test-dir/MiniOzoneClusterImpl-0e8a6840-8092-433d-9bbe-2fd65d18bfc8/omNode-2/om.db/000064.sst, /home/runner/work/ozone/ozone/hadoop-ozone/integration-test/target/test-dir/MiniOzoneClusterImpl-0e8a6840-8092-433d-9bbe-2fd65d18bfc8/omNode-2/om.db/000057.sst] and output files: [/home/runner/work/ozone/ozone/hadoop-ozone/integration-test/target/test-dir/MiniOzoneClusterImpl-0e8a6840-8092-433d-9bbe-2fd65d18bfc8/omNode-2/om.db/000077.sst, /home/runner/work/ozone/ozone/hadoop-ozone/integration-test/target/test-dir/MiniOzoneClusterImpl-0e8a6840-8092-433d-9bbe-2fd65d18bfc8/omNode-2/om.db/000070.sst, /home/runner/work/ozone/ozone/hadoop-ozone/integration-test/target/test-dir/MiniOzoneClusterImpl-0e8a6840-8092-433d-9bbe-2fd65d18bfc8/omNode-2/om.db/000064.sst, /home/runner/work/ozone/ozone/hadoop-ozone/integration-test/target/test-dir/MiniOzoneClusterImpl-0e8a6840-8092-433d-9bbe-2fd65d18bfc8/omNode-2/om.db/000057.sst] are same.
2025-07-15 19:45:56,625 [omNode-2-OMDoubleBufferFlushThread] INFO  db.RDBCheckpointManager (RDBCheckpointManager.java:createCheckpoint(87)) - Created checkpoint in rocksDB at /home/runner/work/ozone/ozone/hadoop-ozone/integration-test/target/test-dir/MiniOzoneClusterImpl-0e8a6840-8092-433d-9bbe-2fd65d18bfc8/omNode-2/db.snapshots/checkpointState/om.db-37399b09-b5ae-4376-abbc-499881c7e1f6 in 43 milliseconds
2025-07-15 19:45:56,626 [omNode-2-OMDoubleBufferFlushThread] INFO  om.OmSnapshotManager (OmSnapshotManager.java:createOmSnapshotCheckpoint(503)) - Created checkpoint : /home/runner/work/ozone/ozone/hadoop-ozone/integration-test/target/test-dir/MiniOzoneClusterImpl-0e8a6840-8092-433d-9bbe-2fd65d18bfc8/omNode-2/db.snapshots/checkpointState/om.db-37399b09-b5ae-4376-abbc-499881c7e1f6 for snapshot snapshot-7198150165
2025-07-15 19:45:56,628 [Thread-1623] INFO  rocksdiff.RocksDBCheckpointDiffer (RocksDBCheckpointDiffer.java:shouldSkipCompaction(440)) - Skipped the compaction entry. Compaction input files: [/home/runner/work/ozone/ozone/hadoop-ozone/integration-test/target/test-dir/MiniOzoneClusterImpl-0e8a6840-8092-433d-9bbe-2fd65d18bfc8/omNode-3/om.db/000077.sst, /home/runner/work/ozone/ozone/hadoop-ozone/integration-test/target/test-dir/MiniOzoneClusterImpl-0e8a6840-8092-433d-9bbe-2fd65d18bfc8/omNode-3/om.db/000070.sst, /home/runner/work/ozone/ozone/hadoop-ozone/integration-test/target/test-dir/MiniOzoneClusterImpl-0e8a6840-8092-433d-9bbe-2fd65d18bfc8/omNode-3/om.db/000064.sst, /home/runner/work/ozone/ozone/hadoop-ozone/integration-test/target/test-dir/MiniOzoneClusterImpl-0e8a6840-8092-433d-9bbe-2fd65d18bfc8/omNode-3/om.db/000057.sst] and output files: [/home/runner/work/ozone/ozone/hadoop-ozone/integration-test/target/test-dir/MiniOzoneClusterImpl-0e8a6840-8092-433d-9bbe-2fd65d18bfc8/omNode-3/om.db/000077.sst, /home/runner/work/ozone/ozone/hadoop-ozone/integration-test/target/test-dir/MiniOzoneClusterImpl-0e8a6840-8092-433d-9bbe-2fd65d18bfc8/omNode-3/om.db/000070.sst, /home/runner/work/ozone/ozone/hadoop-ozone/integration-test/target/test-dir/MiniOzoneClusterImpl-0e8a6840-8092-433d-9bbe-2fd65d18bfc8/omNode-3/om.db/000064.sst, /home/runner/work/ozone/ozone/hadoop-ozone/integration-test/target/test-dir/MiniOzoneClusterImpl-0e8a6840-8092-433d-9bbe-2fd65d18bfc8/omNode-3/om.db/000057.sst] are same.
2025-07-15 19:45:56,629 [omNode-3-OMDoubleBufferFlushThread] INFO  db.RDBCheckpointManager (RDBCheckpointManager.java:createCheckpoint(87)) - Created checkpoint in rocksDB at /home/runner/work/ozone/ozone/hadoop-ozone/integration-test/target/test-dir/MiniOzoneClusterImpl-0e8a6840-8092-433d-9bbe-2fd65d18bfc8/omNode-3/db.snapshots/checkpointState/om.db-37399b09-b5ae-4376-abbc-499881c7e1f6 in 40 milliseconds
2025-07-15 19:45:56,629 [omNode-3-OMDoubleBufferFlushThread] INFO  om.OmSnapshotManager (OmSnapshotManager.java:createOmSnapshotCheckpoint(503)) - Created checkpoint : /home/runner/work/ozone/ozone/hadoop-ozone/integration-test/target/test-dir/MiniOzoneClusterImpl-0e8a6840-8092-433d-9bbe-2fd65d18bfc8/omNode-3/db.snapshots/checkpointState/om.db-37399b09-b5ae-4376-abbc-499881c7e1f6 for snapshot snapshot-7198150165
2025-07-15 19:45:56,632 [omNode-1-OMStateMachineApplyTransactionThread - 0] INFO  snapshot.OMSnapshotCreateRequest (OMSnapshotCreateRequest.java:validateAndUpdateCache(226)) - Created snapshot: 'snapshot-9171597835' with snapshotId: '1cc63814-ed09-43ab-9b32-52c980d46389' under path 'volume65185/bucket38537'
2025-07-15 19:45:56,673 [omNode-3-OMStateMachineApplyTransactionThread - 0] INFO  snapshot.OMSnapshotCreateRequest (OMSnapshotCreateRequest.java:validateAndUpdateCache(226)) - Created snapshot: 'snapshot-9171597835' with snapshotId: '1cc63814-ed09-43ab-9b32-52c980d46389' under path 'volume65185/bucket38537'
2025-07-15 19:45:56,680 [omNode-1-OMDoubleBufferFlushThread] INFO  db.RDBCheckpointManager (RDBCheckpointManager.java:createCheckpoint(87)) - Created checkpoint in rocksDB at /home/runner/work/ozone/ozone/hadoop-ozone/integration-test/target/test-dir/MiniOzoneClusterImpl-0e8a6840-8092-433d-9bbe-2fd65d18bfc8/omNode-1/db.snapshots/checkpointState/om.db-1cc63814-ed09-43ab-9b32-52c980d46389 in 47 milliseconds
2025-07-15 19:45:56,681 [omNode-1-OMDoubleBufferFlushThread] INFO  om.OmSnapshotManager (OmSnapshotManager.java:createOmSnapshotCheckpoint(503)) - Created checkpoint : /home/runner/work/ozone/ozone/hadoop-ozone/integration-test/target/test-dir/MiniOzoneClusterImpl-0e8a6840-8092-433d-9bbe-2fd65d18bfc8/omNode-1/db.snapshots/checkpointState/om.db-1cc63814-ed09-43ab-9b32-52c980d46389 for snapshot snapshot-9171597835
2025-07-15 19:45:56,683 [omNode-2-OMStateMachineApplyTransactionThread - 0] INFO  snapshot.OMSnapshotCreateRequest (OMSnapshotCreateRequest.java:validateAndUpdateCache(226)) - Created snapshot: 'snapshot-9171597835' with snapshotId: '1cc63814-ed09-43ab-9b32-52c980d46389' under path 'volume65185/bucket38537'
2025-07-15 19:45:56,715 [omNode-1-OMStateMachineApplyTransactionThread - 0] INFO  snapshot.OMSnapshotCreateRequest (OMSnapshotCreateRequest.java:validateAndUpdateCache(226)) - Created snapshot: 'snapshot-4317681970' with snapshotId: '2ddf5476-c945-4ed0-988c-d6da0b4d567e' under path 'volume25061/bucket95366'
2025-07-15 19:45:56,726 [omNode-3-OMDoubleBufferFlushThread] INFO  db.RDBCheckpointManager (RDBCheckpointManager.java:createCheckpoint(87)) - Created checkpoint in rocksDB at /home/runner/work/ozone/ozone/hadoop-ozone/integration-test/target/test-dir/MiniOzoneClusterImpl-0e8a6840-8092-433d-9bbe-2fd65d18bfc8/omNode-3/db.snapshots/checkpointState/om.db-1cc63814-ed09-43ab-9b32-52c980d46389 in 50 milliseconds
2025-07-15 19:45:56,727 [omNode-3-OMDoubleBufferFlushThread] INFO  om.OmSnapshotManager (OmSnapshotManager.java:createOmSnapshotCheckpoint(503)) - Created checkpoint : /home/runner/work/ozone/ozone/hadoop-ozone/integration-test/target/test-dir/MiniOzoneClusterImpl-0e8a6840-8092-433d-9bbe-2fd65d18bfc8/omNode-3/db.snapshots/checkpointState/om.db-1cc63814-ed09-43ab-9b32-52c980d46389 for snapshot snapshot-9171597835
2025-07-15 19:45:56,740 [omNode-2-OMDoubleBufferFlushThread] INFO  db.RDBCheckpointManager (RDBCheckpointManager.java:createCheckpoint(87)) - Created checkpoint in rocksDB at /home/runner/work/ozone/ozone/hadoop-ozone/integration-test/target/test-dir/MiniOzoneClusterImpl-0e8a6840-8092-433d-9bbe-2fd65d18bfc8/omNode-2/db.snapshots/checkpointState/om.db-1cc63814-ed09-43ab-9b32-52c980d46389 in 53 milliseconds
2025-07-15 19:45:56,740 [omNode-2-OMDoubleBufferFlushThread] INFO  om.OmSnapshotManager (OmSnapshotManager.java:createOmSnapshotCheckpoint(503)) - Created checkpoint : /home/runner/work/ozone/ozone/hadoop-ozone/integration-test/target/test-dir/MiniOzoneClusterImpl-0e8a6840-8092-433d-9bbe-2fd65d18bfc8/omNode-2/db.snapshots/checkpointState/om.db-1cc63814-ed09-43ab-9b32-52c980d46389 for snapshot snapshot-9171597835
2025-07-15 19:45:56,759 [omNode-2-OMStateMachineApplyTransactionThread - 0] INFO  snapshot.OMSnapshotCreateRequest (OMSnapshotCreateRequest.java:validateAndUpdateCache(226)) - Created snapshot: 'snapshot-4317681970' with snapshotId: '2ddf5476-c945-4ed0-988c-d6da0b4d567e' under path 'volume25061/bucket95366'
2025-07-15 19:45:56,760 [omNode-3-OMStateMachineApplyTransactionThread - 0] INFO  snapshot.OMSnapshotCreateRequest (OMSnapshotCreateRequest.java:validateAndUpdateCache(226)) - Created snapshot: 'snapshot-4317681970' with snapshotId: '2ddf5476-c945-4ed0-988c-d6da0b4d567e' under path 'volume25061/bucket95366'
2025-07-15 19:45:56,770 [omNode-1-OMDoubleBufferFlushThread] INFO  db.RDBCheckpointManager (RDBCheckpointManager.java:createCheckpoint(87)) - Created checkpoint in rocksDB at /home/runner/work/ozone/ozone/hadoop-ozone/integration-test/target/test-dir/MiniOzoneClusterImpl-0e8a6840-8092-433d-9bbe-2fd65d18bfc8/omNode-1/db.snapshots/checkpointState/om.db-2ddf5476-c945-4ed0-988c-d6da0b4d567e in 53 milliseconds
2025-07-15 19:45:56,771 [omNode-1-OMDoubleBufferFlushThread] INFO  om.OmSnapshotManager (OmSnapshotManager.java:createOmSnapshotCheckpoint(503)) - Created checkpoint : /home/runner/work/ozone/ozone/hadoop-ozone/integration-test/target/test-dir/MiniOzoneClusterImpl-0e8a6840-8092-433d-9bbe-2fd65d18bfc8/omNode-1/db.snapshots/checkpointState/om.db-2ddf5476-c945-4ed0-988c-d6da0b4d567e for snapshot snapshot-4317681970
2025-07-15 19:45:56,797 [omNode-3-OMDoubleBufferFlushThread] INFO  db.RDBCheckpointManager (RDBCheckpointManager.java:createCheckpoint(87)) - Created checkpoint in rocksDB at /home/runner/work/ozone/ozone/hadoop-ozone/integration-test/target/test-dir/MiniOzoneClusterImpl-0e8a6840-8092-433d-9bbe-2fd65d18bfc8/omNode-3/db.snapshots/checkpointState/om.db-2ddf5476-c945-4ed0-988c-d6da0b4d567e in 33 milliseconds
2025-07-15 19:45:56,798 [omNode-3-OMDoubleBufferFlushThread] INFO  om.OmSnapshotManager (OmSnapshotManager.java:createOmSnapshotCheckpoint(503)) - Created checkpoint : /home/runner/work/ozone/ozone/hadoop-ozone/integration-test/target/test-dir/MiniOzoneClusterImpl-0e8a6840-8092-433d-9bbe-2fd65d18bfc8/omNode-3/db.snapshots/checkpointState/om.db-2ddf5476-c945-4ed0-988c-d6da0b4d567e for snapshot snapshot-4317681970
2025-07-15 19:45:56,798 [omNode-1-OMStateMachineApplyTransactionThread - 0] INFO  snapshot.OMSnapshotCreateRequest (OMSnapshotCreateRequest.java:validateAndUpdateCache(226)) - Created snapshot: 'snapshot-8899577827' with snapshotId: '1bf48c2b-6b3e-41f1-9e9a-ee357909b321' under path 'volume50885/bucket67782'
2025-07-15 19:45:56,800 [omNode-2-OMDoubleBufferFlushThread] INFO  db.RDBCheckpointManager (RDBCheckpointManager.java:createCheckpoint(87)) - Created checkpoint in rocksDB at /home/runner/work/ozone/ozone/hadoop-ozone/integration-test/target/test-dir/MiniOzoneClusterImpl-0e8a6840-8092-433d-9bbe-2fd65d18bfc8/omNode-2/db.snapshots/checkpointState/om.db-2ddf5476-c945-4ed0-988c-d6da0b4d567e in 36 milliseconds
2025-07-15 19:45:56,801 [omNode-2-OMDoubleBufferFlushThread] INFO  om.OmSnapshotManager (OmSnapshotManager.java:createOmSnapshotCheckpoint(503)) - Created checkpoint : /home/runner/work/ozone/ozone/hadoop-ozone/integration-test/target/test-dir/MiniOzoneClusterImpl-0e8a6840-8092-433d-9bbe-2fd65d18bfc8/omNode-2/db.snapshots/checkpointState/om.db-2ddf5476-c945-4ed0-988c-d6da0b4d567e for snapshot snapshot-4317681970
2025-07-15 19:45:56,842 [omNode-1-OMDoubleBufferFlushThread] INFO  db.RDBCheckpointManager (RDBCheckpointManager.java:createCheckpoint(87)) - Created checkpoint in rocksDB at /home/runner/work/ozone/ozone/hadoop-ozone/integration-test/target/test-dir/MiniOzoneClusterImpl-0e8a6840-8092-433d-9bbe-2fd65d18bfc8/omNode-1/db.snapshots/checkpointState/om.db-1bf48c2b-6b3e-41f1-9e9a-ee357909b321 in 42 milliseconds
2025-07-15 19:45:56,843 [omNode-1-OMDoubleBufferFlushThread] INFO  om.OmSnapshotManager (OmSnapshotManager.java:createOmSnapshotCheckpoint(503)) - Created checkpoint : /home/runner/work/ozone/ozone/hadoop-ozone/integration-test/target/test-dir/MiniOzoneClusterImpl-0e8a6840-8092-433d-9bbe-2fd65d18bfc8/omNode-1/db.snapshots/checkpointState/om.db-1bf48c2b-6b3e-41f1-9e9a-ee357909b321 for snapshot snapshot-8899577827
2025-07-15 19:45:56,845 [omNode-3-OMStateMachineApplyTransactionThread - 0] INFO  snapshot.OMSnapshotCreateRequest (OMSnapshotCreateRequest.java:validateAndUpdateCache(226)) - Created snapshot: 'snapshot-8899577827' with snapshotId: '1bf48c2b-6b3e-41f1-9e9a-ee357909b321' under path 'volume50885/bucket67782'
2025-07-15 19:45:56,846 [omNode-2-OMStateMachineApplyTransactionThread - 0] INFO  snapshot.OMSnapshotCreateRequest (OMSnapshotCreateRequest.java:validateAndUpdateCache(226)) - Created snapshot: 'snapshot-8899577827' with snapshotId: '1bf48c2b-6b3e-41f1-9e9a-ee357909b321' under path 'volume50885/bucket67782'
2025-07-15 19:45:56,872 [omNode-2-OMDoubleBufferFlushThread] INFO  db.RDBCheckpointManager (RDBCheckpointManager.java:createCheckpoint(87)) - Created checkpoint in rocksDB at /home/runner/work/ozone/ozone/hadoop-ozone/integration-test/target/test-dir/MiniOzoneClusterImpl-0e8a6840-8092-433d-9bbe-2fd65d18bfc8/omNode-2/db.snapshots/checkpointState/om.db-1bf48c2b-6b3e-41f1-9e9a-ee357909b321 in 23 milliseconds
2025-07-15 19:45:56,873 [omNode-2-OMDoubleBufferFlushThread] INFO  om.OmSnapshotManager (OmSnapshotManager.java:createOmSnapshotCheckpoint(503)) - Created checkpoint : /home/runner/work/ozone/ozone/hadoop-ozone/integration-test/target/test-dir/MiniOzoneClusterImpl-0e8a6840-8092-433d-9bbe-2fd65d18bfc8/omNode-2/db.snapshots/checkpointState/om.db-1bf48c2b-6b3e-41f1-9e9a-ee357909b321 for snapshot snapshot-8899577827
2025-07-15 19:45:56,874 [omNode-3-OMDoubleBufferFlushThread] INFO  db.RDBCheckpointManager (RDBCheckpointManager.java:createCheckpoint(87)) - Created checkpoint in rocksDB at /home/runner/work/ozone/ozone/hadoop-ozone/integration-test/target/test-dir/MiniOzoneClusterImpl-0e8a6840-8092-433d-9bbe-2fd65d18bfc8/omNode-3/db.snapshots/checkpointState/om.db-1bf48c2b-6b3e-41f1-9e9a-ee357909b321 in 26 milliseconds
2025-07-15 19:45:56,874 [omNode-3-OMDoubleBufferFlushThread] INFO  om.OmSnapshotManager (OmSnapshotManager.java:createOmSnapshotCheckpoint(503)) - Created checkpoint : /home/runner/work/ozone/ozone/hadoop-ozone/integration-test/target/test-dir/MiniOzoneClusterImpl-0e8a6840-8092-433d-9bbe-2fd65d18bfc8/omNode-3/db.snapshots/checkpointState/om.db-1bf48c2b-6b3e-41f1-9e9a-ee357909b321 for snapshot snapshot-8899577827
2025-07-15 19:45:56,878 [omNode-1-OMStateMachineApplyTransactionThread - 0] INFO  snapshot.OMSnapshotCreateRequest (OMSnapshotCreateRequest.java:validateAndUpdateCache(226)) - Created snapshot: 'snapshot-4291115535' with snapshotId: '6fef42fd-185c-4f07-a6cd-89a1fe66c899' under path 'volume44784/bucket19548'
2025-07-15 19:45:56,932 [omNode-3-OMStateMachineApplyTransactionThread - 0] INFO  snapshot.OMSnapshotCreateRequest (OMSnapshotCreateRequest.java:validateAndUpdateCache(226)) - Created snapshot: 'snapshot-4291115535' with snapshotId: '6fef42fd-185c-4f07-a6cd-89a1fe66c899' under path 'volume44784/bucket19548'
2025-07-15 19:45:56,934 [omNode-1-OMDoubleBufferFlushThread] INFO  db.RDBCheckpointManager (RDBCheckpointManager.java:createCheckpoint(87)) - Created checkpoint in rocksDB at /home/runner/work/ozone/ozone/hadoop-ozone/integration-test/target/test-dir/MiniOzoneClusterImpl-0e8a6840-8092-433d-9bbe-2fd65d18bfc8/omNode-1/db.snapshots/checkpointState/om.db-6fef42fd-185c-4f07-a6cd-89a1fe66c899 in 54 milliseconds
2025-07-15 19:45:56,934 [omNode-1-OMDoubleBufferFlushThread] INFO  om.OmSnapshotManager (OmSnapshotManager.java:createOmSnapshotCheckpoint(503)) - Created checkpoint : /home/runner/work/ozone/ozone/hadoop-ozone/integration-test/target/test-dir/MiniOzoneClusterImpl-0e8a6840-8092-433d-9bbe-2fd65d18bfc8/omNode-1/db.snapshots/checkpointState/om.db-6fef42fd-185c-4f07-a6cd-89a1fe66c899 for snapshot snapshot-4291115535
2025-07-15 19:45:56,934 [omNode-2-OMStateMachineApplyTransactionThread - 0] INFO  snapshot.OMSnapshotCreateRequest (OMSnapshotCreateRequest.java:validateAndUpdateCache(226)) - Created snapshot: 'snapshot-4291115535' with snapshotId: '6fef42fd-185c-4f07-a6cd-89a1fe66c899' under path 'volume44784/bucket19548'
2025-07-15 19:45:56,945 [Thread-2314] INFO  rocksdiff.RocksDBCheckpointDiffer (RocksDBCheckpointDiffer.java:shouldSkipCompaction(440)) - Skipped the compaction entry. Compaction input files: [/home/runner/work/ozone/ozone/hadoop-ozone/integration-test/target/test-dir/MiniOzoneClusterImpl-0e8a6840-8092-433d-9bbe-2fd65d18bfc8/omNode-1/om.db/000102.sst, /home/runner/work/ozone/ozone/hadoop-ozone/integration-test/target/test-dir/MiniOzoneClusterImpl-0e8a6840-8092-433d-9bbe-2fd65d18bfc8/omNode-1/om.db/000095.sst, /home/runner/work/ozone/ozone/hadoop-ozone/integration-test/target/test-dir/MiniOzoneClusterImpl-0e8a6840-8092-433d-9bbe-2fd65d18bfc8/omNode-1/om.db/000089.sst, /home/runner/work/ozone/ozone/hadoop-ozone/integration-test/target/test-dir/MiniOzoneClusterImpl-0e8a6840-8092-433d-9bbe-2fd65d18bfc8/omNode-1/om.db/000083.sst] and output files: [/home/runner/work/ozone/ozone/hadoop-ozone/integration-test/target/test-dir/MiniOzoneClusterImpl-0e8a6840-8092-433d-9bbe-2fd65d18bfc8/omNode-1/om.db/000102.sst, /home/runner/work/ozone/ozone/hadoop-ozone/integration-test/target/test-dir/MiniOzoneClusterImpl-0e8a6840-8092-433d-9bbe-2fd65d18bfc8/omNode-1/om.db/000095.sst, /home/runner/work/ozone/ozone/hadoop-ozone/integration-test/target/test-dir/MiniOzoneClusterImpl-0e8a6840-8092-433d-9bbe-2fd65d18bfc8/omNode-1/om.db/000089.sst, /home/runner/work/ozone/ozone/hadoop-ozone/integration-test/target/test-dir/MiniOzoneClusterImpl-0e8a6840-8092-433d-9bbe-2fd65d18bfc8/omNode-1/om.db/000083.sst] are same.
2025-07-15 19:45:56,972 [omNode-1-OMStateMachineApplyTransactionThread - 0] INFO  snapshot.OMSnapshotCreateRequest (OMSnapshotCreateRequest.java:validateAndUpdateCache(226)) - Created snapshot: 'snapshot-9413463077' with snapshotId: 'ebb8211c-ef0b-4f69-bf25-e58cb6495fb4' under path 'volume89380/bucket70530'
2025-07-15 19:45:56,976 [Thread-2522] INFO  rocksdiff.RocksDBCheckpointDiffer (RocksDBCheckpointDiffer.java:shouldSkipCompaction(440)) - Skipped the compaction entry. Compaction input files: [/home/runner/work/ozone/ozone/hadoop-ozone/integration-test/target/test-dir/MiniOzoneClusterImpl-0e8a6840-8092-433d-9bbe-2fd65d18bfc8/omNode-3/om.db/000103.sst, /home/runner/work/ozone/ozone/hadoop-ozone/integration-test/target/test-dir/MiniOzoneClusterImpl-0e8a6840-8092-433d-9bbe-2fd65d18bfc8/omNode-3/om.db/000095.sst, /home/runner/work/ozone/ozone/hadoop-ozone/integration-test/target/test-dir/MiniOzoneClusterImpl-0e8a6840-8092-433d-9bbe-2fd65d18bfc8/omNode-3/om.db/000089.sst, /home/runner/work/ozone/ozone/hadoop-ozone/integration-test/target/test-dir/MiniOzoneClusterImpl-0e8a6840-8092-433d-9bbe-2fd65d18bfc8/omNode-3/om.db/000083.sst] and output files: [/home/runner/work/ozone/ozone/hadoop-ozone/integration-test/target/test-dir/MiniOzoneClusterImpl-0e8a6840-8092-433d-9bbe-2fd65d18bfc8/omNode-3/om.db/000103.sst, /home/runner/work/ozone/ozone/hadoop-ozone/integration-test/target/test-dir/MiniOzoneClusterImpl-0e8a6840-8092-433d-9bbe-2fd65d18bfc8/omNode-3/om.db/000095.sst, /home/runner/work/ozone/ozone/hadoop-ozone/integration-test/target/test-dir/MiniOzoneClusterImpl-0e8a6840-8092-433d-9bbe-2fd65d18bfc8/omNode-3/om.db/000089.sst, /home/runner/work/ozone/ozone/hadoop-ozone/integration-test/target/test-dir/MiniOzoneClusterImpl-0e8a6840-8092-433d-9bbe-2fd65d18bfc8/omNode-3/om.db/000083.sst] are same.
2025-07-15 19:45:56,977 [omNode-3-OMDoubleBufferFlushThread] INFO  db.RDBCheckpointManager (RDBCheckpointManager.java:createCheckpoint(87)) - Created checkpoint in rocksDB at /home/runner/work/ozone/ozone/hadoop-ozone/integration-test/target/test-dir/MiniOzoneClusterImpl-0e8a6840-8092-433d-9bbe-2fd65d18bfc8/omNode-3/db.snapshots/checkpointState/om.db-6fef42fd-185c-4f07-a6cd-89a1fe66c899 in 39 milliseconds
2025-07-15 19:45:56,979 [omNode-3-OMDoubleBufferFlushThread] INFO  om.OmSnapshotManager (OmSnapshotManager.java:createOmSnapshotCheckpoint(503)) - Created checkpoint : /home/runner/work/ozone/ozone/hadoop-ozone/integration-test/target/test-dir/MiniOzoneClusterImpl-0e8a6840-8092-433d-9bbe-2fd65d18bfc8/omNode-3/db.snapshots/checkpointState/om.db-6fef42fd-185c-4f07-a6cd-89a1fe66c899 for snapshot snapshot-4291115535
2025-07-15 19:45:56,982 [Thread-2537] INFO  rocksdiff.RocksDBCheckpointDiffer (RocksDBCheckpointDiffer.java:shouldSkipCompaction(440)) - Skipped the compaction entry. Compaction input files: [/home/runner/work/ozone/ozone/hadoop-ozone/integration-test/target/test-dir/MiniOzoneClusterImpl-0e8a6840-8092-433d-9bbe-2fd65d18bfc8/omNode-2/om.db/000103.sst, /home/runner/work/ozone/ozone/hadoop-ozone/integration-test/target/test-dir/MiniOzoneClusterImpl-0e8a6840-8092-433d-9bbe-2fd65d18bfc8/omNode-2/om.db/000095.sst, /home/runner/work/ozone/ozone/hadoop-ozone/integration-test/target/test-dir/MiniOzoneClusterImpl-0e8a6840-8092-433d-9bbe-2fd65d18bfc8/omNode-2/om.db/000089.sst, /home/runner/work/ozone/ozone/hadoop-ozone/integration-test/target/test-dir/MiniOzoneClusterImpl-0e8a6840-8092-433d-9bbe-2fd65d18bfc8/omNode-2/om.db/000083.sst] and output files: [/home/runner/work/ozone/ozone/hadoop-ozone/integration-test/target/test-dir/MiniOzoneClusterImpl-0e8a6840-8092-433d-9bbe-2fd65d18bfc8/omNode-2/om.db/000103.sst, /home/runner/work/ozone/ozone/hadoop-ozone/integration-test/target/test-dir/MiniOzoneClusterImpl-0e8a6840-8092-433d-9bbe-2fd65d18bfc8/omNode-2/om.db/000095.sst, /home/runner/work/ozone/ozone/hadoop-ozone/integration-test/target/test-dir/MiniOzoneClusterImpl-0e8a6840-8092-433d-9bbe-2fd65d18bfc8/omNode-2/om.db/000089.sst, /home/runner/work/ozone/ozone/hadoop-ozone/integration-test/target/test-dir/MiniOzoneClusterImpl-0e8a6840-8092-433d-9bbe-2fd65d18bfc8/omNode-2/om.db/000083.sst] are same.
2025-07-15 19:45:56,985 [omNode-2-OMDoubleBufferFlushThread] INFO  db.RDBCheckpointManager (RDBCheckpointManager.java:createCheckpoint(87)) - Created checkpoint in rocksDB at /home/runner/work/ozone/ozone/hadoop-ozone/integration-test/target/test-dir/MiniOzoneClusterImpl-0e8a6840-8092-433d-9bbe-2fd65d18bfc8/omNode-2/db.snapshots/checkpointState/om.db-6fef42fd-185c-4f07-a6cd-89a1fe66c899 in 46 milliseconds
2025-07-15 19:45:56,985 [omNode-2-OMDoubleBufferFlushThread] INFO  om.OmSnapshotManager (OmSnapshotManager.java:createOmSnapshotCheckpoint(503)) - Created checkpoint : /home/runner/work/ozone/ozone/hadoop-ozone/integration-test/target/test-dir/MiniOzoneClusterImpl-0e8a6840-8092-433d-9bbe-2fd65d18bfc8/omNode-2/db.snapshots/checkpointState/om.db-6fef42fd-185c-4f07-a6cd-89a1fe66c899 for snapshot snapshot-4291115535
2025-07-15 19:45:57,010 [omNode-2-OMStateMachineApplyTransactionThread - 0] INFO  snapshot.OMSnapshotCreateRequest (OMSnapshotCreateRequest.java:validateAndUpdateCache(226)) - Created snapshot: 'snapshot-9413463077' with snapshotId: 'ebb8211c-ef0b-4f69-bf25-e58cb6495fb4' under path 'volume89380/bucket70530'
2025-07-15 19:45:57,012 [omNode-3-OMStateMachineApplyTransactionThread - 0] INFO  snapshot.OMSnapshotCreateRequest (OMSnapshotCreateRequest.java:validateAndUpdateCache(226)) - Created snapshot: 'snapshot-9413463077' with snapshotId: 'ebb8211c-ef0b-4f69-bf25-e58cb6495fb4' under path 'volume89380/bucket70530'
2025-07-15 19:45:57,032 [omNode-1-OMDoubleBufferFlushThread] INFO  db.RDBCheckpointManager (RDBCheckpointManager.java:createCheckpoint(87)) - Created checkpoint in rocksDB at /home/runner/work/ozone/ozone/hadoop-ozone/integration-test/target/test-dir/MiniOzoneClusterImpl-0e8a6840-8092-433d-9bbe-2fd65d18bfc8/omNode-1/db.snapshots/checkpointState/om.db-ebb8211c-ef0b-4f69-bf25-e58cb6495fb4 in 58 milliseconds
2025-07-15 19:45:57,034 [omNode-1-OMDoubleBufferFlushThread] INFO  om.OmSnapshotManager (OmSnapshotManager.java:createOmSnapshotCheckpoint(503)) - Created checkpoint : /home/runner/work/ozone/ozone/hadoop-ozone/integration-test/target/test-dir/MiniOzoneClusterImpl-0e8a6840-8092-433d-9bbe-2fd65d18bfc8/omNode-1/db.snapshots/checkpointState/om.db-ebb8211c-ef0b-4f69-bf25-e58cb6495fb4 for snapshot snapshot-9413463077
2025-07-15 19:45:57,057 [omNode-1-OMStateMachineApplyTransactionThread - 0] INFO  snapshot.OMSnapshotCreateRequest (OMSnapshotCreateRequest.java:validateAndUpdateCache(226)) - Created snapshot: 'snapshot-8012136469' with snapshotId: '0388c715-8087-4d50-9c3b-90aa9aac4c5e' under path 'volume62899/bucket22342'
2025-07-15 19:45:57,095 [omNode-2-OMDoubleBufferFlushThread] INFO  db.RDBCheckpointManager (RDBCheckpointManager.java:createCheckpoint(87)) - Created checkpoint in rocksDB at /home/runner/work/ozone/ozone/hadoop-ozone/integration-test/target/test-dir/MiniOzoneClusterImpl-0e8a6840-8092-433d-9bbe-2fd65d18bfc8/omNode-2/db.snapshots/checkpointState/om.db-ebb8211c-ef0b-4f69-bf25-e58cb6495fb4 in 79 milliseconds
2025-07-15 19:45:57,096 [omNode-2-OMDoubleBufferFlushThread] INFO  om.OmSnapshotManager (OmSnapshotManager.java:createOmSnapshotCheckpoint(503)) - Created checkpoint : /home/runner/work/ozone/ozone/hadoop-ozone/integration-test/target/test-dir/MiniOzoneClusterImpl-0e8a6840-8092-433d-9bbe-2fd65d18bfc8/omNode-2/db.snapshots/checkpointState/om.db-ebb8211c-ef0b-4f69-bf25-e58cb6495fb4 for snapshot snapshot-9413463077
2025-07-15 19:45:57,097 [omNode-3-OMDoubleBufferFlushThread] INFO  db.RDBCheckpointManager (RDBCheckpointManager.java:createCheckpoint(87)) - Created checkpoint in rocksDB at /home/runner/work/ozone/ozone/hadoop-ozone/integration-test/target/test-dir/MiniOzoneClusterImpl-0e8a6840-8092-433d-9bbe-2fd65d18bfc8/omNode-3/db.snapshots/checkpointState/om.db-ebb8211c-ef0b-4f69-bf25-e58cb6495fb4 in 78 milliseconds
2025-07-15 19:45:57,098 [omNode-3-OMDoubleBufferFlushThread] INFO  om.OmSnapshotManager (OmSnapshotManager.java:createOmSnapshotCheckpoint(503)) - Created checkpoint : /home/runner/work/ozone/ozone/hadoop-ozone/integration-test/target/test-dir/MiniOzoneClusterImpl-0e8a6840-8092-433d-9bbe-2fd65d18bfc8/omNode-3/db.snapshots/checkpointState/om.db-ebb8211c-ef0b-4f69-bf25-e58cb6495fb4 for snapshot snapshot-9413463077
2025-07-15 19:45:57,134 [omNode-1-OMDoubleBufferFlushThread] INFO  db.RDBCheckpointManager (RDBCheckpointManager.java:createCheckpoint(87)) - Created checkpoint in rocksDB at /home/runner/work/ozone/ozone/hadoop-ozone/integration-test/target/test-dir/MiniOzoneClusterImpl-0e8a6840-8092-433d-9bbe-2fd65d18bfc8/omNode-1/db.snapshots/checkpointState/om.db-0388c715-8087-4d50-9c3b-90aa9aac4c5e in 62 milliseconds
2025-07-15 19:45:57,135 [omNode-1-OMDoubleBufferFlushThread] INFO  om.OmSnapshotManager (OmSnapshotManager.java:createOmSnapshotCheckpoint(503)) - Created checkpoint : /home/runner/work/ozone/ozone/hadoop-ozone/integration-test/target/test-dir/MiniOzoneClusterImpl-0e8a6840-8092-433d-9bbe-2fd65d18bfc8/omNode-1/db.snapshots/checkpointState/om.db-0388c715-8087-4d50-9c3b-90aa9aac4c5e for snapshot snapshot-8012136469
2025-07-15 19:45:57,141 [omNode-3-OMStateMachineApplyTransactionThread - 0] INFO  snapshot.OMSnapshotCreateRequest (OMSnapshotCreateRequest.java:validateAndUpdateCache(226)) - Created snapshot: 'snapshot-8012136469' with snapshotId: '0388c715-8087-4d50-9c3b-90aa9aac4c5e' under path 'volume62899/bucket22342'
2025-07-15 19:45:57,152 [omNode-2-OMStateMachineApplyTransactionThread - 0] INFO  snapshot.OMSnapshotCreateRequest (OMSnapshotCreateRequest.java:validateAndUpdateCache(226)) - Created snapshot: 'snapshot-8012136469' with snapshotId: '0388c715-8087-4d50-9c3b-90aa9aac4c5e' under path 'volume62899/bucket22342'
2025-07-15 19:45:57,187 [omNode-1-OMStateMachineApplyTransactionThread - 0] INFO  snapshot.OMSnapshotCreateRequest (OMSnapshotCreateRequest.java:validateAndUpdateCache(226)) - Created snapshot: 'snapshot-1038150900' with snapshotId: '9c56a51c-b7a1-4bbb-aca3-a25faf898f6f' under path 'volume45943/bucket86319'
2025-07-15 19:45:57,203 [omNode-3-OMDoubleBufferFlushThread] INFO  db.RDBCheckpointManager (RDBCheckpointManager.java:createCheckpoint(87)) - Created checkpoint in rocksDB at /home/runner/work/ozone/ozone/hadoop-ozone/integration-test/target/test-dir/MiniOzoneClusterImpl-0e8a6840-8092-433d-9bbe-2fd65d18bfc8/omNode-3/db.snapshots/checkpointState/om.db-0388c715-8087-4d50-9c3b-90aa9aac4c5e in 59 milliseconds
2025-07-15 19:45:57,205 [omNode-3-OMDoubleBufferFlushThread] INFO  om.OmSnapshotManager (OmSnapshotManager.java:createOmSnapshotCheckpoint(503)) - Created checkpoint : /home/runner/work/ozone/ozone/hadoop-ozone/integration-test/target/test-dir/MiniOzoneClusterImpl-0e8a6840-8092-433d-9bbe-2fd65d18bfc8/omNode-3/db.snapshots/checkpointState/om.db-0388c715-8087-4d50-9c3b-90aa9aac4c5e for snapshot snapshot-8012136469
2025-07-15 19:45:57,212 [omNode-2-OMDoubleBufferFlushThread] INFO  db.RDBCheckpointManager (RDBCheckpointManager.java:createCheckpoint(87)) - Created checkpoint in rocksDB at /home/runner/work/ozone/ozone/hadoop-ozone/integration-test/target/test-dir/MiniOzoneClusterImpl-0e8a6840-8092-433d-9bbe-2fd65d18bfc8/omNode-2/db.snapshots/checkpointState/om.db-0388c715-8087-4d50-9c3b-90aa9aac4c5e in 55 milliseconds
2025-07-15 19:45:57,212 [omNode-2-OMDoubleBufferFlushThread] INFO  om.OmSnapshotManager (OmSnapshotManager.java:createOmSnapshotCheckpoint(503)) - Created checkpoint : /home/runner/work/ozone/ozone/hadoop-ozone/integration-test/target/test-dir/MiniOzoneClusterImpl-0e8a6840-8092-433d-9bbe-2fd65d18bfc8/omNode-2/db.snapshots/checkpointState/om.db-0388c715-8087-4d50-9c3b-90aa9aac4c5e for snapshot snapshot-8012136469
2025-07-15 19:45:57,255 [omNode-1-OMDoubleBufferFlushThread] INFO  db.RDBCheckpointManager (RDBCheckpointManager.java:createCheckpoint(87)) - Created checkpoint in rocksDB at /home/runner/work/ozone/ozone/hadoop-ozone/integration-test/target/test-dir/MiniOzoneClusterImpl-0e8a6840-8092-433d-9bbe-2fd65d18bfc8/omNode-1/db.snapshots/checkpointState/om.db-9c56a51c-b7a1-4bbb-aca3-a25faf898f6f in 51 milliseconds
2025-07-15 19:45:57,255 [omNode-1-OMDoubleBufferFlushThread] INFO  om.OmSnapshotManager (OmSnapshotManager.java:createOmSnapshotCheckpoint(503)) - Created checkpoint : /home/runner/work/ozone/ozone/hadoop-ozone/integration-test/target/test-dir/MiniOzoneClusterImpl-0e8a6840-8092-433d-9bbe-2fd65d18bfc8/omNode-1/db.snapshots/checkpointState/om.db-9c56a51c-b7a1-4bbb-aca3-a25faf898f6f for snapshot snapshot-1038150900
2025-07-15 19:45:57,259 [omNode-2-OMStateMachineApplyTransactionThread - 0] INFO  snapshot.OMSnapshotCreateRequest (OMSnapshotCreateRequest.java:validateAndUpdateCache(226)) - Created snapshot: 'snapshot-1038150900' with snapshotId: '9c56a51c-b7a1-4bbb-aca3-a25faf898f6f' under path 'volume45943/bucket86319'
2025-07-15 19:45:57,265 [omNode-3-OMStateMachineApplyTransactionThread - 0] INFO  snapshot.OMSnapshotCreateRequest (OMSnapshotCreateRequest.java:validateAndUpdateCache(226)) - Created snapshot: 'snapshot-1038150900' with snapshotId: '9c56a51c-b7a1-4bbb-aca3-a25faf898f6f' under path 'volume45943/bucket86319'
2025-07-15 19:45:57,308 [omNode-2-OMDoubleBufferFlushThread] INFO  db.RDBCheckpointManager (RDBCheckpointManager.java:createCheckpoint(87)) - Created checkpoint in rocksDB at /home/runner/work/ozone/ozone/hadoop-ozone/integration-test/target/test-dir/MiniOzoneClusterImpl-0e8a6840-8092-433d-9bbe-2fd65d18bfc8/omNode-2/db.snapshots/checkpointState/om.db-9c56a51c-b7a1-4bbb-aca3-a25faf898f6f in 45 milliseconds
2025-07-15 19:45:57,309 [omNode-2-OMDoubleBufferFlushThread] INFO  om.OmSnapshotManager (OmSnapshotManager.java:createOmSnapshotCheckpoint(503)) - Created checkpoint : /home/runner/work/ozone/ozone/hadoop-ozone/integration-test/target/test-dir/MiniOzoneClusterImpl-0e8a6840-8092-433d-9bbe-2fd65d18bfc8/omNode-2/db.snapshots/checkpointState/om.db-9c56a51c-b7a1-4bbb-aca3-a25faf898f6f for snapshot snapshot-1038150900
2025-07-15 19:45:57,312 [omNode-3-OMDoubleBufferFlushThread] INFO  db.RDBCheckpointManager (RDBCheckpointManager.java:createCheckpoint(87)) - Created checkpoint in rocksDB at /home/runner/work/ozone/ozone/hadoop-ozone/integration-test/target/test-dir/MiniOzoneClusterImpl-0e8a6840-8092-433d-9bbe-2fd65d18bfc8/omNode-3/db.snapshots/checkpointState/om.db-9c56a51c-b7a1-4bbb-aca3-a25faf898f6f in 44 milliseconds
2025-07-15 19:45:57,313 [omNode-3-OMDoubleBufferFlushThread] INFO  om.OmSnapshotManager (OmSnapshotManager.java:createOmSnapshotCheckpoint(503)) - Created checkpoint : /home/runner/work/ozone/ozone/hadoop-ozone/integration-test/target/test-dir/MiniOzoneClusterImpl-0e8a6840-8092-433d-9bbe-2fd65d18bfc8/omNode-3/db.snapshots/checkpointState/om.db-9c56a51c-b7a1-4bbb-aca3-a25faf898f6f for snapshot snapshot-1038150900
2025-07-15 19:45:57,316 [omNode-1-OMStateMachineApplyTransactionThread - 0] INFO  snapshot.OMSnapshotCreateRequest (OMSnapshotCreateRequest.java:validateAndUpdateCache(226)) - Created snapshot: 'snapshot-2494482667' with snapshotId: 'a85bdd03-fe73-4088-8b5d-123c8ba9d7ec' under path 'volume88620/bucket70916'
2025-07-15 19:45:57,356 [omNode-3-OMStateMachineApplyTransactionThread - 0] INFO  snapshot.OMSnapshotCreateRequest (OMSnapshotCreateRequest.java:validateAndUpdateCache(226)) - Created snapshot: 'snapshot-2494482667' with snapshotId: 'a85bdd03-fe73-4088-8b5d-123c8ba9d7ec' under path 'volume88620/bucket70916'
2025-07-15 19:45:57,367 [omNode-2-OMStateMachineApplyTransactionThread - 0] INFO  snapshot.OMSnapshotCreateRequest (OMSnapshotCreateRequest.java:validateAndUpdateCache(226)) - Created snapshot: 'snapshot-2494482667' with snapshotId: 'a85bdd03-fe73-4088-8b5d-123c8ba9d7ec' under path 'volume88620/bucket70916'
2025-07-15 19:45:57,381 [Thread-3257] INFO  rocksdiff.RocksDBCheckpointDiffer (RocksDBCheckpointDiffer.java:shouldSkipCompaction(440)) - Skipped the compaction entry. Compaction input files: [/home/runner/work/ozone/ozone/hadoop-ozone/integration-test/target/test-dir/MiniOzoneClusterImpl-0e8a6840-8092-433d-9bbe-2fd65d18bfc8/omNode-1/om.db/000115.sst, /home/runner/work/ozone/ozone/hadoop-ozone/integration-test/target/test-dir/MiniOzoneClusterImpl-0e8a6840-8092-433d-9bbe-2fd65d18bfc8/omNode-1/om.db/000109.sst] and output files: [/home/runner/work/ozone/ozone/hadoop-ozone/integration-test/target/test-dir/MiniOzoneClusterImpl-0e8a6840-8092-433d-9bbe-2fd65d18bfc8/omNode-1/om.db/000115.sst, /home/runner/work/ozone/ozone/hadoop-ozone/integration-test/target/test-dir/MiniOzoneClusterImpl-0e8a6840-8092-433d-9bbe-2fd65d18bfc8/omNode-1/om.db/000109.sst] are same.
2025-07-15 19:45:57,383 [omNode-1-OMDoubleBufferFlushThread] INFO  db.RDBCheckpointManager (RDBCheckpointManager.java:createCheckpoint(87)) - Created checkpoint in rocksDB at /home/runner/work/ozone/ozone/hadoop-ozone/integration-test/target/test-dir/MiniOzoneClusterImpl-0e8a6840-8092-433d-9bbe-2fd65d18bfc8/omNode-1/db.snapshots/checkpointState/om.db-a85bdd03-fe73-4088-8b5d-123c8ba9d7ec in 65 milliseconds
2025-07-15 19:45:57,386 [omNode-1-OMDoubleBufferFlushThread] INFO  om.OmSnapshotManager (OmSnapshotManager.java:createOmSnapshotCheckpoint(503)) - Created checkpoint : /home/runner/work/ozone/ozone/hadoop-ozone/integration-test/target/test-dir/MiniOzoneClusterImpl-0e8a6840-8092-433d-9bbe-2fd65d18bfc8/omNode-1/db.snapshots/checkpointState/om.db-a85bdd03-fe73-4088-8b5d-123c8ba9d7ec for snapshot snapshot-2494482667
2025-07-15 19:45:57,398 [omNode-1-OMStateMachineApplyTransactionThread - 0] INFO  snapshot.OMSnapshotCreateRequest (OMSnapshotCreateRequest.java:validateAndUpdateCache(226)) - Created snapshot: 'snapshot-4233245142' with snapshotId: '819deb0b-d8a7-4acb-87f6-7550507321ed' under path 'volume38661/bucket53271'
2025-07-15 19:45:57,414 [Thread-3409] INFO  rocksdiff.RocksDBCheckpointDiffer (RocksDBCheckpointDiffer.java:shouldSkipCompaction(440)) - Skipped the compaction entry. Compaction input files: [/home/runner/work/ozone/ozone/hadoop-ozone/integration-test/target/test-dir/MiniOzoneClusterImpl-0e8a6840-8092-433d-9bbe-2fd65d18bfc8/omNode-3/om.db/000115.sst, /home/runner/work/ozone/ozone/hadoop-ozone/integration-test/target/test-dir/MiniOzoneClusterImpl-0e8a6840-8092-433d-9bbe-2fd65d18bfc8/omNode-3/om.db/000109.sst] and output files: [/home/runner/work/ozone/ozone/hadoop-ozone/integration-test/target/test-dir/MiniOzoneClusterImpl-0e8a6840-8092-433d-9bbe-2fd65d18bfc8/omNode-3/om.db/000115.sst, /home/runner/work/ozone/ozone/hadoop-ozone/integration-test/target/test-dir/MiniOzoneClusterImpl-0e8a6840-8092-433d-9bbe-2fd65d18bfc8/omNode-3/om.db/000109.sst] are same.
2025-07-15 19:45:57,422 [omNode-3-OMDoubleBufferFlushThread] INFO  db.RDBCheckpointManager (RDBCheckpointManager.java:createCheckpoint(87)) - Created checkpoint in rocksDB at /home/runner/work/ozone/ozone/hadoop-ozone/integration-test/target/test-dir/MiniOzoneClusterImpl-0e8a6840-8092-433d-9bbe-2fd65d18bfc8/omNode-3/db.snapshots/checkpointState/om.db-a85bdd03-fe73-4088-8b5d-123c8ba9d7ec in 60 milliseconds
2025-07-15 19:45:57,424 [omNode-3-OMDoubleBufferFlushThread] INFO  om.OmSnapshotManager (OmSnapshotManager.java:createOmSnapshotCheckpoint(503)) - Created checkpoint : /home/runner/work/ozone/ozone/hadoop-ozone/integration-test/target/test-dir/MiniOzoneClusterImpl-0e8a6840-8092-433d-9bbe-2fd65d18bfc8/omNode-3/db.snapshots/checkpointState/om.db-a85bdd03-fe73-4088-8b5d-123c8ba9d7ec for snapshot snapshot-2494482667
2025-07-15 19:45:57,433 [Thread-3451] INFO  rocksdiff.RocksDBCheckpointDiffer (RocksDBCheckpointDiffer.java:shouldSkipCompaction(440)) - Skipped the compaction entry. Compaction input files: [/home/runner/work/ozone/ozone/hadoop-ozone/integration-test/target/test-dir/MiniOzoneClusterImpl-0e8a6840-8092-433d-9bbe-2fd65d18bfc8/omNode-2/om.db/000115.sst, /home/runner/work/ozone/ozone/hadoop-ozone/integration-test/target/test-dir/MiniOzoneClusterImpl-0e8a6840-8092-433d-9bbe-2fd65d18bfc8/omNode-2/om.db/000109.sst] and output files: [/home/runner/work/ozone/ozone/hadoop-ozone/integration-test/target/test-dir/MiniOzoneClusterImpl-0e8a6840-8092-433d-9bbe-2fd65d18bfc8/omNode-2/om.db/000115.sst, /home/runner/work/ozone/ozone/hadoop-ozone/integration-test/target/test-dir/MiniOzoneClusterImpl-0e8a6840-8092-433d-9bbe-2fd65d18bfc8/omNode-2/om.db/000109.sst] are same.
2025-07-15 19:45:57,437 [omNode-2-OMDoubleBufferFlushThread] INFO  db.RDBCheckpointManager (RDBCheckpointManager.java:createCheckpoint(87)) - Created checkpoint in rocksDB at /home/runner/work/ozone/ozone/hadoop-ozone/integration-test/target/test-dir/MiniOzoneClusterImpl-0e8a6840-8092-433d-9bbe-2fd65d18bfc8/omNode-2/db.snapshots/checkpointState/om.db-a85bdd03-fe73-4088-8b5d-123c8ba9d7ec in 66 milliseconds
2025-07-15 19:45:57,438 [omNode-2-OMDoubleBufferFlushThread] INFO  om.OmSnapshotManager (OmSnapshotManager.java:createOmSnapshotCheckpoint(503)) - Created checkpoint : /home/runner/work/ozone/ozone/hadoop-ozone/integration-test/target/test-dir/MiniOzoneClusterImpl-0e8a6840-8092-433d-9bbe-2fd65d18bfc8/omNode-2/db.snapshots/checkpointState/om.db-a85bdd03-fe73-4088-8b5d-123c8ba9d7ec for snapshot snapshot-2494482667
2025-07-15 19:45:57,444 [omNode-2-OMStateMachineApplyTransactionThread - 0] INFO  snapshot.OMSnapshotCreateRequest (OMSnapshotCreateRequest.java:validateAndUpdateCache(226)) - Created snapshot: 'snapshot-4233245142' with snapshotId: '819deb0b-d8a7-4acb-87f6-7550507321ed' under path 'volume38661/bucket53271'
2025-07-15 19:45:57,450 [omNode-3-OMStateMachineApplyTransactionThread - 0] INFO  snapshot.OMSnapshotCreateRequest (OMSnapshotCreateRequest.java:validateAndUpdateCache(226)) - Created snapshot: 'snapshot-4233245142' with snapshotId: '819deb0b-d8a7-4acb-87f6-7550507321ed' under path 'volume38661/bucket53271'
2025-07-15 19:45:57,482 [omNode-1-OMDoubleBufferFlushThread] INFO  db.RDBCheckpointManager (RDBCheckpointManager.java:createCheckpoint(87)) - Created checkpoint in rocksDB at /home/runner/work/ozone/ozone/hadoop-ozone/integration-test/target/test-dir/MiniOzoneClusterImpl-0e8a6840-8092-433d-9bbe-2fd65d18bfc8/omNode-1/db.snapshots/checkpointState/om.db-819deb0b-d8a7-4acb-87f6-7550507321ed in 77 milliseconds
2025-07-15 19:45:57,483 [omNode-1-OMDoubleBufferFlushThread] INFO  om.OmSnapshotManager (OmSnapshotManager.java:createOmSnapshotCheckpoint(503)) - Created checkpoint : /home/runner/work/ozone/ozone/hadoop-ozone/integration-test/target/test-dir/MiniOzoneClusterImpl-0e8a6840-8092-433d-9bbe-2fd65d18bfc8/omNode-1/db.snapshots/checkpointState/om.db-819deb0b-d8a7-4acb-87f6-7550507321ed for snapshot snapshot-4233245142
2025-07-15 19:45:57,494 [omNode-3-OMDoubleBufferFlushThread] INFO  db.RDBCheckpointManager (RDBCheckpointManager.java:createCheckpoint(87)) - Created checkpoint in rocksDB at /home/runner/work/ozone/ozone/hadoop-ozone/integration-test/target/test-dir/MiniOzoneClusterImpl-0e8a6840-8092-433d-9bbe-2fd65d18bfc8/omNode-3/db.snapshots/checkpointState/om.db-819deb0b-d8a7-4acb-87f6-7550507321ed in 42 milliseconds
2025-07-15 19:45:57,495 [omNode-3-OMDoubleBufferFlushThread] INFO  om.OmSnapshotManager (OmSnapshotManager.java:createOmSnapshotCheckpoint(503)) - Created checkpoint : /home/runner/work/ozone/ozone/hadoop-ozone/integration-test/target/test-dir/MiniOzoneClusterImpl-0e8a6840-8092-433d-9bbe-2fd65d18bfc8/omNode-3/db.snapshots/checkpointState/om.db-819deb0b-d8a7-4acb-87f6-7550507321ed for snapshot snapshot-4233245142
2025-07-15 19:45:57,498 [omNode-1-OMStateMachineApplyTransactionThread - 0] INFO  snapshot.OMSnapshotCreateRequest (OMSnapshotCreateRequest.java:validateAndUpdateCache(226)) - Created snapshot: 'snapshot-9457717820' with snapshotId: '30bac23d-5ec1-4d2d-b248-879ac51288cb' under path 'volume93011/bucket10902'
2025-07-15 19:45:57,498 [omNode-2-OMDoubleBufferFlushThread] INFO  db.RDBCheckpointManager (RDBCheckpointManager.java:createCheckpoint(87)) - Created checkpoint in rocksDB at /home/runner/work/ozone/ozone/hadoop-ozone/integration-test/target/test-dir/MiniOzoneClusterImpl-0e8a6840-8092-433d-9bbe-2fd65d18bfc8/omNode-2/db.snapshots/checkpointState/om.db-819deb0b-d8a7-4acb-87f6-7550507321ed in 45 milliseconds
2025-07-15 19:45:57,499 [omNode-2-OMDoubleBufferFlushThread] INFO  om.OmSnapshotManager (OmSnapshotManager.java:createOmSnapshotCheckpoint(503)) - Created checkpoint : /home/runner/work/ozone/ozone/hadoop-ozone/integration-test/target/test-dir/MiniOzoneClusterImpl-0e8a6840-8092-433d-9bbe-2fd65d18bfc8/omNode-2/db.snapshots/checkpointState/om.db-819deb0b-d8a7-4acb-87f6-7550507321ed for snapshot snapshot-4233245142
2025-07-15 19:45:57,541 [omNode-3-OMStateMachineApplyTransactionThread - 0] INFO  snapshot.OMSnapshotCreateRequest (OMSnapshotCreateRequest.java:validateAndUpdateCache(226)) - Created snapshot: 'snapshot-9457717820' with snapshotId: '30bac23d-5ec1-4d2d-b248-879ac51288cb' under path 'volume93011/bucket10902'
2025-07-15 19:45:57,544 [omNode-2-OMStateMachineApplyTransactionThread - 0] INFO  snapshot.OMSnapshotCreateRequest (OMSnapshotCreateRequest.java:validateAndUpdateCache(226)) - Created snapshot: 'snapshot-9457717820' with snapshotId: '30bac23d-5ec1-4d2d-b248-879ac51288cb' under path 'volume93011/bucket10902'
2025-07-15 19:45:57,544 [Thread-3693] INFO  rocksdiff.RocksDBCheckpointDiffer (RocksDBCheckpointDiffer.java:shouldSkipCompaction(440)) - Skipped the compaction entry. Compaction input files: [/home/runner/work/ozone/ozone/hadoop-ozone/integration-test/target/test-dir/MiniOzoneClusterImpl-0e8a6840-8092-433d-9bbe-2fd65d18bfc8/omNode-1/om.db/000128.sst, /home/runner/work/ozone/ozone/hadoop-ozone/integration-test/target/test-dir/MiniOzoneClusterImpl-0e8a6840-8092-433d-9bbe-2fd65d18bfc8/omNode-1/om.db/000121.sst] and output files: [/home/runner/work/ozone/ozone/hadoop-ozone/integration-test/target/test-dir/MiniOzoneClusterImpl-0e8a6840-8092-433d-9bbe-2fd65d18bfc8/omNode-1/om.db/000128.sst, /home/runner/work/ozone/ozone/hadoop-ozone/integration-test/target/test-dir/MiniOzoneClusterImpl-0e8a6840-8092-433d-9bbe-2fd65d18bfc8/omNode-1/om.db/000121.sst] are same.
2025-07-15 19:45:57,551 [omNode-1-OMDoubleBufferFlushThread] INFO  db.RDBCheckpointManager (RDBCheckpointManager.java:createCheckpoint(87)) - Created checkpoint in rocksDB at /home/runner/work/ozone/ozone/hadoop-ozone/integration-test/target/test-dir/MiniOzoneClusterImpl-0e8a6840-8092-433d-9bbe-2fd65d18bfc8/omNode-1/db.snapshots/checkpointState/om.db-30bac23d-5ec1-4d2d-b248-879ac51288cb in 51 milliseconds
2025-07-15 19:45:57,551 [omNode-1-OMDoubleBufferFlushThread] INFO  om.OmSnapshotManager (OmSnapshotManager.java:createOmSnapshotCheckpoint(503)) - Created checkpoint : /home/runner/work/ozone/ozone/hadoop-ozone/integration-test/target/test-dir/MiniOzoneClusterImpl-0e8a6840-8092-433d-9bbe-2fd65d18bfc8/omNode-1/db.snapshots/checkpointState/om.db-30bac23d-5ec1-4d2d-b248-879ac51288cb for snapshot snapshot-9457717820
2025-07-15 19:45:57,573 [omNode-1-OMStateMachineApplyTransactionThread - 0] INFO  snapshot.OMSnapshotCreateRequest (OMSnapshotCreateRequest.java:validateAndUpdateCache(226)) - Created snapshot: 'snapshot-0052212067' with snapshotId: '4ca6ec06-9114-43ae-84a7-0987bbb5217d' under path 'volume65185/bucket38537'
2025-07-15 19:45:57,576 [Thread-3831] INFO  rocksdiff.RocksDBCheckpointDiffer (RocksDBCheckpointDiffer.java:shouldSkipCompaction(440)) - Skipped the compaction entry. Compaction input files: [/home/runner/work/ozone/ozone/hadoop-ozone/integration-test/target/test-dir/MiniOzoneClusterImpl-0e8a6840-8092-433d-9bbe-2fd65d18bfc8/omNode-2/om.db/000129.sst, /home/runner/work/ozone/ozone/hadoop-ozone/integration-test/target/test-dir/MiniOzoneClusterImpl-0e8a6840-8092-433d-9bbe-2fd65d18bfc8/omNode-2/om.db/000121.sst] and output files: [/home/runner/work/ozone/ozone/hadoop-ozone/integration-test/target/test-dir/MiniOzoneClusterImpl-0e8a6840-8092-433d-9bbe-2fd65d18bfc8/omNode-2/om.db/000129.sst, /home/runner/work/ozone/ozone/hadoop-ozone/integration-test/target/test-dir/MiniOzoneClusterImpl-0e8a6840-8092-433d-9bbe-2fd65d18bfc8/omNode-2/om.db/000121.sst] are same.
2025-07-15 19:45:57,579 [omNode-2-OMDoubleBufferFlushThread] INFO  db.RDBCheckpointManager (RDBCheckpointManager.java:createCheckpoint(87)) - Created checkpoint in rocksDB at /home/runner/work/ozone/ozone/hadoop-ozone/integration-test/target/test-dir/MiniOzoneClusterImpl-0e8a6840-8092-433d-9bbe-2fd65d18bfc8/omNode-2/db.snapshots/checkpointState/om.db-30bac23d-5ec1-4d2d-b248-879ac51288cb in 31 milliseconds
2025-07-15 19:45:57,579 [omNode-2-OMDoubleBufferFlushThread] INFO  om.OmSnapshotManager (OmSnapshotManager.java:createOmSnapshotCheckpoint(503)) - Created checkpoint : /home/runner/work/ozone/ozone/hadoop-ozone/integration-test/target/test-dir/MiniOzoneClusterImpl-0e8a6840-8092-433d-9bbe-2fd65d18bfc8/omNode-2/db.snapshots/checkpointState/om.db-30bac23d-5ec1-4d2d-b248-879ac51288cb for snapshot snapshot-9457717820
2025-07-15 19:45:57,581 [Thread-3847] INFO  rocksdiff.RocksDBCheckpointDiffer (RocksDBCheckpointDiffer.java:shouldSkipCompaction(440)) - Skipped the compaction entry. Compaction input files: [/home/runner/work/ozone/ozone/hadoop-ozone/integration-test/target/test-dir/MiniOzoneClusterImpl-0e8a6840-8092-433d-9bbe-2fd65d18bfc8/omNode-3/om.db/000128.sst, /home/runner/work/ozone/ozone/hadoop-ozone/integration-test/target/test-dir/MiniOzoneClusterImpl-0e8a6840-8092-433d-9bbe-2fd65d18bfc8/omNode-3/om.db/000121.sst] and output files: [/home/runner/work/ozone/ozone/hadoop-ozone/integration-test/target/test-dir/MiniOzoneClusterImpl-0e8a6840-8092-433d-9bbe-2fd65d18bfc8/omNode-3/om.db/000128.sst, /home/runner/work/ozone/ozone/hadoop-ozone/integration-test/target/test-dir/MiniOzoneClusterImpl-0e8a6840-8092-433d-9bbe-2fd65d18bfc8/omNode-3/om.db/000121.sst] are same.
2025-07-15 19:45:57,588 [omNode-3-OMDoubleBufferFlushThread] INFO  db.RDBCheckpointManager (RDBCheckpointManager.java:createCheckpoint(87)) - Created checkpoint in rocksDB at /home/runner/work/ozone/ozone/hadoop-ozone/integration-test/target/test-dir/MiniOzoneClusterImpl-0e8a6840-8092-433d-9bbe-2fd65d18bfc8/omNode-3/db.snapshots/checkpointState/om.db-30bac23d-5ec1-4d2d-b248-879ac51288cb in 40 milliseconds
2025-07-15 19:45:57,589 [omNode-3-OMDoubleBufferFlushThread] INFO  om.OmSnapshotManager (OmSnapshotManager.java:createOmSnapshotCheckpoint(503)) - Created checkpoint : /home/runner/work/ozone/ozone/hadoop-ozone/integration-test/target/test-dir/MiniOzoneClusterImpl-0e8a6840-8092-433d-9bbe-2fd65d18bfc8/omNode-3/db.snapshots/checkpointState/om.db-30bac23d-5ec1-4d2d-b248-879ac51288cb for snapshot snapshot-9457717820
2025-07-15 19:45:57,608 [omNode-3-OMStateMachineApplyTransactionThread - 0] INFO  snapshot.OMSnapshotCreateRequest (OMSnapshotCreateRequest.java:validateAndUpdateCache(226)) - Created snapshot: 'snapshot-0052212067' with snapshotId: '4ca6ec06-9114-43ae-84a7-0987bbb5217d' under path 'volume65185/bucket38537'
2025-07-15 19:45:57,614 [omNode-2-OMStateMachineApplyTransactionThread - 0] INFO  snapshot.OMSnapshotCreateRequest (OMSnapshotCreateRequest.java:validateAndUpdateCache(226)) - Created snapshot: 'snapshot-0052212067' with snapshotId: '4ca6ec06-9114-43ae-84a7-0987bbb5217d' under path 'volume65185/bucket38537'
2025-07-15 19:45:57,631 [omNode-1-OMDoubleBufferFlushThread] INFO  db.RDBCheckpointManager (RDBCheckpointManager.java:createCheckpoint(87)) - Created checkpoint in rocksDB at /home/runner/work/ozone/ozone/hadoop-ozone/integration-test/target/test-dir/MiniOzoneClusterImpl-0e8a6840-8092-433d-9bbe-2fd65d18bfc8/omNode-1/db.snapshots/checkpointState/om.db-4ca6ec06-9114-43ae-84a7-0987bbb5217d in 55 milliseconds
2025-07-15 19:45:57,632 [omNode-1-OMDoubleBufferFlushThread] INFO  om.OmSnapshotManager (OmSnapshotManager.java:createOmSnapshotCheckpoint(503)) - Created checkpoint : /home/runner/work/ozone/ozone/hadoop-ozone/integration-test/target/test-dir/MiniOzoneClusterImpl-0e8a6840-8092-433d-9bbe-2fd65d18bfc8/omNode-1/db.snapshots/checkpointState/om.db-4ca6ec06-9114-43ae-84a7-0987bbb5217d for snapshot snapshot-0052212067
2025-07-15 19:45:57,647 [omNode-1-OMStateMachineApplyTransactionThread - 0] INFO  snapshot.OMSnapshotCreateRequest (OMSnapshotCreateRequest.java:validateAndUpdateCache(226)) - Created snapshot: 'snapshot-4143281409' with snapshotId: 'c8da47ee-7e59-4340-b08f-c2db3c0d8632' under path 'volume25061/bucket95366'
2025-07-15 19:45:57,649 [omNode-3-OMDoubleBufferFlushThread] INFO  db.RDBCheckpointManager (RDBCheckpointManager.java:createCheckpoint(87)) - Created checkpoint in rocksDB at /home/runner/work/ozone/ozone/hadoop-ozone/integration-test/target/test-dir/MiniOzoneClusterImpl-0e8a6840-8092-433d-9bbe-2fd65d18bfc8/omNode-3/db.snapshots/checkpointState/om.db-4ca6ec06-9114-43ae-84a7-0987bbb5217d in 37 milliseconds
2025-07-15 19:45:57,649 [omNode-3-OMDoubleBufferFlushThread] INFO  om.OmSnapshotManager (OmSnapshotManager.java:createOmSnapshotCheckpoint(503)) - Created checkpoint : /home/runner/work/ozone/ozone/hadoop-ozone/integration-test/target/test-dir/MiniOzoneClusterImpl-0e8a6840-8092-433d-9bbe-2fd65d18bfc8/omNode-3/db.snapshots/checkpointState/om.db-4ca6ec06-9114-43ae-84a7-0987bbb5217d for snapshot snapshot-0052212067
2025-07-15 19:45:57,651 [omNode-2-OMDoubleBufferFlushThread] INFO  db.RDBCheckpointManager (RDBCheckpointManager.java:createCheckpoint(87)) - Created checkpoint in rocksDB at /home/runner/work/ozone/ozone/hadoop-ozone/integration-test/target/test-dir/MiniOzoneClusterImpl-0e8a6840-8092-433d-9bbe-2fd65d18bfc8/omNode-2/db.snapshots/checkpointState/om.db-4ca6ec06-9114-43ae-84a7-0987bbb5217d in 35 milliseconds
2025-07-15 19:45:57,652 [omNode-2-OMDoubleBufferFlushThread] INFO  om.OmSnapshotManager (OmSnapshotManager.java:createOmSnapshotCheckpoint(503)) - Created checkpoint : /home/runner/work/ozone/ozone/hadoop-ozone/integration-test/target/test-dir/MiniOzoneClusterImpl-0e8a6840-8092-433d-9bbe-2fd65d18bfc8/omNode-2/db.snapshots/checkpointState/om.db-4ca6ec06-9114-43ae-84a7-0987bbb5217d for snapshot snapshot-0052212067
2025-07-15 19:45:57,688 [omNode-3-OMStateMachineApplyTransactionThread - 0] INFO  snapshot.OMSnapshotCreateRequest (OMSnapshotCreateRequest.java:validateAndUpdateCache(226)) - Created snapshot: 'snapshot-4143281409' with snapshotId: 'c8da47ee-7e59-4340-b08f-c2db3c0d8632' under path 'volume25061/bucket95366'
2025-07-15 19:45:57,691 [omNode-2-OMStateMachineApplyTransactionThread - 0] INFO  snapshot.OMSnapshotCreateRequest (OMSnapshotCreateRequest.java:validateAndUpdateCache(226)) - Created snapshot: 'snapshot-4143281409' with snapshotId: 'c8da47ee-7e59-4340-b08f-c2db3c0d8632' under path 'volume25061/bucket95366'
2025-07-15 19:45:57,705 [Thread-4188] INFO  rocksdiff.RocksDBCheckpointDiffer (RocksDBCheckpointDiffer.java:shouldSkipCompaction(440)) - Skipped the compaction entry. Compaction input files: [/home/runner/work/ozone/ozone/hadoop-ozone/integration-test/target/test-dir/MiniOzoneClusterImpl-0e8a6840-8092-433d-9bbe-2fd65d18bfc8/omNode-1/om.db/000135.sst] and output files: [/home/runner/work/ozone/ozone/hadoop-ozone/integration-test/target/test-dir/MiniOzoneClusterImpl-0e8a6840-8092-433d-9bbe-2fd65d18bfc8/omNode-1/om.db/000135.sst] are same.
2025-07-15 19:45:57,707 [omNode-1-OMDoubleBufferFlushThread] INFO  db.RDBCheckpointManager (RDBCheckpointManager.java:createCheckpoint(87)) - Created checkpoint in rocksDB at /home/runner/work/ozone/ozone/hadoop-ozone/integration-test/target/test-dir/MiniOzoneClusterImpl-0e8a6840-8092-433d-9bbe-2fd65d18bfc8/omNode-1/db.snapshots/checkpointState/om.db-c8da47ee-7e59-4340-b08f-c2db3c0d8632 in 58 milliseconds
2025-07-15 19:45:57,708 [omNode-1-OMDoubleBufferFlushThread] INFO  om.OmSnapshotManager (OmSnapshotManager.java:createOmSnapshotCheckpoint(503)) - Created checkpoint : /home/runner/work/ozone/ozone/hadoop-ozone/integration-test/target/test-dir/MiniOzoneClusterImpl-0e8a6840-8092-433d-9bbe-2fd65d18bfc8/omNode-1/db.snapshots/checkpointState/om.db-c8da47ee-7e59-4340-b08f-c2db3c0d8632 for snapshot snapshot-4143281409
2025-07-15 19:45:57,723 [omNode-1-OMStateMachineApplyTransactionThread - 0] INFO  snapshot.OMSnapshotCreateRequest (OMSnapshotCreateRequest.java:validateAndUpdateCache(226)) - Created snapshot: 'snapshot-4242449603' with snapshotId: 'e4f4c19f-9d16-4127-96df-d43084e99953' under path 'volume50885/bucket67782'
2025-07-15 19:45:57,736 [omNode-3-OMDoubleBufferFlushThread] INFO  db.RDBCheckpointManager (RDBCheckpointManager.java:createCheckpoint(87)) - Created checkpoint in rocksDB at /home/runner/work/ozone/ozone/hadoop-ozone/integration-test/target/test-dir/MiniOzoneClusterImpl-0e8a6840-8092-433d-9bbe-2fd65d18bfc8/omNode-3/db.snapshots/checkpointState/om.db-c8da47ee-7e59-4340-b08f-c2db3c0d8632 in 44 milliseconds
2025-07-15 19:45:57,737 [Thread-4378] INFO  rocksdiff.RocksDBCheckpointDiffer (RocksDBCheckpointDiffer.java:shouldSkipCompaction(440)) - Skipped the compaction entry. Compaction input files: [/home/runner/work/ozone/ozone/hadoop-ozone/integration-test/target/test-dir/MiniOzoneClusterImpl-0e8a6840-8092-433d-9bbe-2fd65d18bfc8/omNode-3/om.db/000135.sst] and output files: [/home/runner/work/ozone/ozone/hadoop-ozone/integration-test/target/test-dir/MiniOzoneClusterImpl-0e8a6840-8092-433d-9bbe-2fd65d18bfc8/omNode-3/om.db/000135.sst] are same.
2025-07-15 19:45:57,738 [omNode-3-OMDoubleBufferFlushThread] INFO  om.OmSnapshotManager (OmSnapshotManager.java:createOmSnapshotCheckpoint(503)) - Created checkpoint : /home/runner/work/ozone/ozone/hadoop-ozone/integration-test/target/test-dir/MiniOzoneClusterImpl-0e8a6840-8092-433d-9bbe-2fd65d18bfc8/omNode-3/db.snapshots/checkpointState/om.db-c8da47ee-7e59-4340-b08f-c2db3c0d8632 for snapshot snapshot-4143281409
2025-07-15 19:45:57,750 [omNode-2-OMDoubleBufferFlushThread] INFO  db.RDBCheckpointManager (RDBCheckpointManager.java:createCheckpoint(87)) - Created checkpoint in rocksDB at /home/runner/work/ozone/ozone/hadoop-ozone/integration-test/target/test-dir/MiniOzoneClusterImpl-0e8a6840-8092-433d-9bbe-2fd65d18bfc8/omNode-2/db.snapshots/checkpointState/om.db-c8da47ee-7e59-4340-b08f-c2db3c0d8632 in 56 milliseconds
2025-07-15 19:45:57,752 [omNode-2-OMDoubleBufferFlushThread] INFO  om.OmSnapshotManager (OmSnapshotManager.java:createOmSnapshotCheckpoint(503)) - Created checkpoint : /home/runner/work/ozone/ozone/hadoop-ozone/integration-test/target/test-dir/MiniOzoneClusterImpl-0e8a6840-8092-433d-9bbe-2fd65d18bfc8/omNode-2/db.snapshots/checkpointState/om.db-c8da47ee-7e59-4340-b08f-c2db3c0d8632 for snapshot snapshot-4143281409
2025-07-15 19:45:57,755 [Thread-4400] INFO  rocksdiff.RocksDBCheckpointDiffer (RocksDBCheckpointDiffer.java:shouldSkipCompaction(440)) - Skipped the compaction entry. Compaction input files: [/home/runner/work/ozone/ozone/hadoop-ozone/integration-test/target/test-dir/MiniOzoneClusterImpl-0e8a6840-8092-433d-9bbe-2fd65d18bfc8/omNode-2/om.db/000135.sst] and output files: [/home/runner/work/ozone/ozone/hadoop-ozone/integration-test/target/test-dir/MiniOzoneClusterImpl-0e8a6840-8092-433d-9bbe-2fd65d18bfc8/omNode-2/om.db/000135.sst] are same.
2025-07-15 19:45:57,765 [omNode-3-OMStateMachineApplyTransactionThread - 0] INFO  snapshot.OMSnapshotCreateRequest (OMSnapshotCreateRequest.java:validateAndUpdateCache(226)) - Created snapshot: 'snapshot-4242449603' with snapshotId: 'e4f4c19f-9d16-4127-96df-d43084e99953' under path 'volume50885/bucket67782'
2025-07-15 19:45:57,773 [omNode-2-OMStateMachineApplyTransactionThread - 0] INFO  snapshot.OMSnapshotCreateRequest (OMSnapshotCreateRequest.java:validateAndUpdateCache(226)) - Created snapshot: 'snapshot-4242449603' with snapshotId: 'e4f4c19f-9d16-4127-96df-d43084e99953' under path 'volume50885/bucket67782'
2025-07-15 19:45:57,799 [Thread-4509] INFO  rocksdiff.RocksDBCheckpointDiffer (RocksDBCheckpointDiffer.java:shouldSkipCompaction(440)) - Skipped the compaction entry. Compaction input files: [/home/runner/work/ozone/ozone/hadoop-ozone/integration-test/target/test-dir/MiniOzoneClusterImpl-0e8a6840-8092-433d-9bbe-2fd65d18bfc8/omNode-1/om.db/000141.sst] and output files: [/home/runner/work/ozone/ozone/hadoop-ozone/integration-test/target/test-dir/MiniOzoneClusterImpl-0e8a6840-8092-433d-9bbe-2fd65d18bfc8/omNode-1/om.db/000141.sst] are same.
2025-07-15 19:45:57,804 [omNode-1-OMDoubleBufferFlushThread] INFO  db.RDBCheckpointManager (RDBCheckpointManager.java:createCheckpoint(87)) - Created checkpoint in rocksDB at /home/runner/work/ozone/ozone/hadoop-ozone/integration-test/target/test-dir/MiniOzoneClusterImpl-0e8a6840-8092-433d-9bbe-2fd65d18bfc8/omNode-1/db.snapshots/checkpointState/om.db-e4f4c19f-9d16-4127-96df-d43084e99953 in 78 milliseconds
2025-07-15 19:45:57,804 [omNode-1-OMDoubleBufferFlushThread] INFO  om.OmSnapshotManager (OmSnapshotManager.java:createOmSnapshotCheckpoint(503)) - Created checkpoint : /home/runner/work/ozone/ozone/hadoop-ozone/integration-test/target/test-dir/MiniOzoneClusterImpl-0e8a6840-8092-433d-9bbe-2fd65d18bfc8/omNode-1/db.snapshots/checkpointState/om.db-e4f4c19f-9d16-4127-96df-d43084e99953 for snapshot snapshot-4242449603
2025-07-15 19:45:57,809 [omNode-1-OMStateMachineApplyTransactionThread - 0] INFO  snapshot.OMSnapshotCreateRequest (OMSnapshotCreateRequest.java:validateAndUpdateCache(226)) - Created snapshot: 'snapshot-0493530751' with snapshotId: '19e09d1b-4b4c-47f0-9aaf-bd87b61f992e' under path 'volume44784/bucket19548'
2025-07-15 19:45:57,837 [Thread-4597] INFO  rocksdiff.RocksDBCheckpointDiffer (RocksDBCheckpointDiffer.java:shouldSkipCompaction(440)) - Skipped the compaction entry. Compaction input files: [/home/runner/work/ozone/ozone/hadoop-ozone/integration-test/target/test-dir/MiniOzoneClusterImpl-0e8a6840-8092-433d-9bbe-2fd65d18bfc8/omNode-3/om.db/000141.sst] and output files: [/home/runner/work/ozone/ozone/hadoop-ozone/integration-test/target/test-dir/MiniOzoneClusterImpl-0e8a6840-8092-433d-9bbe-2fd65d18bfc8/omNode-3/om.db/000141.sst] are same.
2025-07-15 19:45:57,846 [omNode-3-OMDoubleBufferFlushThread] INFO  db.RDBCheckpointManager (RDBCheckpointManager.java:createCheckpoint(87)) - Created checkpoint in rocksDB at /home/runner/work/ozone/ozone/hadoop-ozone/integration-test/target/test-dir/MiniOzoneClusterImpl-0e8a6840-8092-433d-9bbe-2fd65d18bfc8/omNode-3/db.snapshots/checkpointState/om.db-e4f4c19f-9d16-4127-96df-d43084e99953 in 76 milliseconds
2025-07-15 19:45:57,848 [omNode-3-OMDoubleBufferFlushThread] INFO  om.OmSnapshotManager (OmSnapshotManager.java:createOmSnapshotCheckpoint(503)) - Created checkpoint : /home/runner/work/ozone/ozone/hadoop-ozone/integration-test/target/test-dir/MiniOzoneClusterImpl-0e8a6840-8092-433d-9bbe-2fd65d18bfc8/omNode-3/db.snapshots/checkpointState/om.db-e4f4c19f-9d16-4127-96df-d43084e99953 for snapshot snapshot-4242449603
2025-07-15 19:45:57,849 [Thread-4619] INFO  rocksdiff.RocksDBCheckpointDiffer (RocksDBCheckpointDiffer.java:shouldSkipCompaction(440)) - Skipped the compaction entry. Compaction input files: [/home/runner/work/ozone/ozone/hadoop-ozone/integration-test/target/test-dir/MiniOzoneClusterImpl-0e8a6840-8092-433d-9bbe-2fd65d18bfc8/omNode-2/om.db/000141.sst] and output files: [/home/runner/work/ozone/ozone/hadoop-ozone/integration-test/target/test-dir/MiniOzoneClusterImpl-0e8a6840-8092-433d-9bbe-2fd65d18bfc8/omNode-2/om.db/000141.sst] are same.
2025-07-15 19:45:57,853 [omNode-2-OMStateMachineApplyTransactionThread - 0] INFO  snapshot.OMSnapshotCreateRequest (OMSnapshotCreateRequest.java:validateAndUpdateCache(226)) - Created snapshot: 'snapshot-0493530751' with snapshotId: '19e09d1b-4b4c-47f0-9aaf-bd87b61f992e' under path 'volume44784/bucket19548'
2025-07-15 19:45:57,857 [omNode-3-OMStateMachineApplyTransactionThread - 0] INFO  snapshot.OMSnapshotCreateRequest (OMSnapshotCreateRequest.java:validateAndUpdateCache(226)) - Created snapshot: 'snapshot-0493530751' with snapshotId: '19e09d1b-4b4c-47f0-9aaf-bd87b61f992e' under path 'volume44784/bucket19548'
2025-07-15 19:45:57,859 [omNode-2-OMDoubleBufferFlushThread] INFO  db.RDBCheckpointManager (RDBCheckpointManager.java:createCheckpoint(87)) - Created checkpoint in rocksDB at /home/runner/work/ozone/ozone/hadoop-ozone/integration-test/target/test-dir/MiniOzoneClusterImpl-0e8a6840-8092-433d-9bbe-2fd65d18bfc8/omNode-2/db.snapshots/checkpointState/om.db-e4f4c19f-9d16-4127-96df-d43084e99953 in 74 milliseconds
2025-07-15 19:45:57,860 [omNode-2-OMDoubleBufferFlushThread] INFO  om.OmSnapshotManager (OmSnapshotManager.java:createOmSnapshotCheckpoint(503)) - Created checkpoint : /home/runner/work/ozone/ozone/hadoop-ozone/integration-test/target/test-dir/MiniOzoneClusterImpl-0e8a6840-8092-433d-9bbe-2fd65d18bfc8/omNode-2/db.snapshots/checkpointState/om.db-e4f4c19f-9d16-4127-96df-d43084e99953 for snapshot snapshot-4242449603
2025-07-15 19:45:57,883 [Thread-4713] INFO  rocksdiff.RocksDBCheckpointDiffer (RocksDBCheckpointDiffer.java:shouldSkipCompaction(440)) - Skipped the compaction entry. Compaction input files: [/home/runner/work/ozone/ozone/hadoop-ozone/integration-test/target/test-dir/MiniOzoneClusterImpl-0e8a6840-8092-433d-9bbe-2fd65d18bfc8/omNode-1/om.db/000154.sst, /home/runner/work/ozone/ozone/hadoop-ozone/integration-test/target/test-dir/MiniOzoneClusterImpl-0e8a6840-8092-433d-9bbe-2fd65d18bfc8/omNode-1/om.db/000147.sst] and output files: [/home/runner/work/ozone/ozone/hadoop-ozone/integration-test/target/test-dir/MiniOzoneClusterImpl-0e8a6840-8092-433d-9bbe-2fd65d18bfc8/omNode-1/om.db/000154.sst, /home/runner/work/ozone/ozone/hadoop-ozone/integration-test/target/test-dir/MiniOzoneClusterImpl-0e8a6840-8092-433d-9bbe-2fd65d18bfc8/omNode-1/om.db/000147.sst] are same.
2025-07-15 19:45:57,887 [omNode-1-OMDoubleBufferFlushThread] INFO  db.RDBCheckpointManager (RDBCheckpointManager.java:createCheckpoint(87)) - Created checkpoint in rocksDB at /home/runner/work/ozone/ozone/hadoop-ozone/integration-test/target/test-dir/MiniOzoneClusterImpl-0e8a6840-8092-433d-9bbe-2fd65d18bfc8/omNode-1/db.snapshots/checkpointState/om.db-19e09d1b-4b4c-47f0-9aaf-bd87b61f992e in 66 milliseconds
2025-07-15 19:45:57,888 [omNode-1-OMDoubleBufferFlushThread] INFO  om.OmSnapshotManager (OmSnapshotManager.java:createOmSnapshotCheckpoint(503)) - Created checkpoint : /home/runner/work/ozone/ozone/hadoop-ozone/integration-test/target/test-dir/MiniOzoneClusterImpl-0e8a6840-8092-433d-9bbe-2fd65d18bfc8/omNode-1/db.snapshots/checkpointState/om.db-19e09d1b-4b4c-47f0-9aaf-bd87b61f992e for snapshot snapshot-0493530751
2025-07-15 19:45:57,898 [omNode-1-OMStateMachineApplyTransactionThread - 0] INFO  snapshot.OMSnapshotCreateRequest (OMSnapshotCreateRequest.java:validateAndUpdateCache(226)) - Created snapshot: 'snapshot-7163702918' with snapshotId: '8a324ad2-e2c3-481c-a8b7-8bbd6f51e5df' under path 'volume89380/bucket70530'
2025-07-15 19:45:57,918 [Thread-4821] INFO  rocksdiff.RocksDBCheckpointDiffer (RocksDBCheckpointDiffer.java:shouldSkipCompaction(440)) - Skipped the compaction entry. Compaction input files: [/home/runner/work/ozone/ozone/hadoop-ozone/integration-test/target/test-dir/MiniOzoneClusterImpl-0e8a6840-8092-433d-9bbe-2fd65d18bfc8/omNode-3/om.db/000155.sst, /home/runner/work/ozone/ozone/hadoop-ozone/integration-test/target/test-dir/MiniOzoneClusterImpl-0e8a6840-8092-433d-9bbe-2fd65d18bfc8/omNode-3/om.db/000147.sst] and output files: [/home/runner/work/ozone/ozone/hadoop-ozone/integration-test/target/test-dir/MiniOzoneClusterImpl-0e8a6840-8092-433d-9bbe-2fd65d18bfc8/omNode-3/om.db/000155.sst, /home/runner/work/ozone/ozone/hadoop-ozone/integration-test/target/test-dir/MiniOzoneClusterImpl-0e8a6840-8092-433d-9bbe-2fd65d18bfc8/omNode-3/om.db/000147.sst] are same.
2025-07-15 19:45:57,927 [omNode-3-OMDoubleBufferFlushThread] INFO  db.RDBCheckpointManager (RDBCheckpointManager.java:createCheckpoint(87)) - Created checkpoint in rocksDB at /home/runner/work/ozone/ozone/hadoop-ozone/integration-test/target/test-dir/MiniOzoneClusterImpl-0e8a6840-8092-433d-9bbe-2fd65d18bfc8/omNode-3/db.snapshots/checkpointState/om.db-19e09d1b-4b4c-47f0-9aaf-bd87b61f992e in 65 milliseconds
2025-07-15 19:45:57,929 [omNode-3-OMDoubleBufferFlushThread] INFO  om.OmSnapshotManager (OmSnapshotManager.java:createOmSnapshotCheckpoint(503)) - Created checkpoint : /home/runner/work/ozone/ozone/hadoop-ozone/integration-test/target/test-dir/MiniOzoneClusterImpl-0e8a6840-8092-433d-9bbe-2fd65d18bfc8/omNode-3/db.snapshots/checkpointState/om.db-19e09d1b-4b4c-47f0-9aaf-bd87b61f992e for snapshot snapshot-0493530751
2025-07-15 19:45:57,927 [Thread-4835] INFO  rocksdiff.RocksDBCheckpointDiffer (RocksDBCheckpointDiffer.java:shouldSkipCompaction(440)) - Skipped the compaction entry. Compaction input files: [/home/runner/work/ozone/ozone/hadoop-ozone/integration-test/target/test-dir/MiniOzoneClusterImpl-0e8a6840-8092-433d-9bbe-2fd65d18bfc8/omNode-2/om.db/000155.sst, /home/runner/work/ozone/ozone/hadoop-ozone/integration-test/target/test-dir/MiniOzoneClusterImpl-0e8a6840-8092-433d-9bbe-2fd65d18bfc8/omNode-2/om.db/000147.sst] and output files: [/home/runner/work/ozone/ozone/hadoop-ozone/integration-test/target/test-dir/MiniOzoneClusterImpl-0e8a6840-8092-433d-9bbe-2fd65d18bfc8/omNode-2/om.db/000155.sst, /home/runner/work/ozone/ozone/hadoop-ozone/integration-test/target/test-dir/MiniOzoneClusterImpl-0e8a6840-8092-433d-9bbe-2fd65d18bfc8/omNode-2/om.db/000147.sst] are same.
2025-07-15 19:45:57,927 [omNode-2-OMDoubleBufferFlushThread] INFO  db.RDBCheckpointManager (RDBCheckpointManager.java:createCheckpoint(87)) - Created checkpoint in rocksDB at /home/runner/work/ozone/ozone/hadoop-ozone/integration-test/target/test-dir/MiniOzoneClusterImpl-0e8a6840-8092-433d-9bbe-2fd65d18bfc8/omNode-2/db.snapshots/checkpointState/om.db-19e09d1b-4b4c-47f0-9aaf-bd87b61f992e in 60 milliseconds
2025-07-15 19:45:57,931 [omNode-2-OMDoubleBufferFlushThread] INFO  om.OmSnapshotManager (OmSnapshotManager.java:createOmSnapshotCheckpoint(503)) - Created checkpoint : /home/runner/work/ozone/ozone/hadoop-ozone/integration-test/target/test-dir/MiniOzoneClusterImpl-0e8a6840-8092-433d-9bbe-2fd65d18bfc8/omNode-2/db.snapshots/checkpointState/om.db-19e09d1b-4b4c-47f0-9aaf-bd87b61f992e for snapshot snapshot-0493530751
2025-07-15 19:45:57,957 [omNode-3-OMStateMachineApplyTransactionThread - 0] INFO  snapshot.OMSnapshotCreateRequest (OMSnapshotCreateRequest.java:validateAndUpdateCache(226)) - Created snapshot: 'snapshot-7163702918' with snapshotId: '8a324ad2-e2c3-481c-a8b7-8bbd6f51e5df' under path 'volume89380/bucket70530'
2025-07-15 19:45:57,965 [omNode-2-OMStateMachineApplyTransactionThread - 0] INFO  snapshot.OMSnapshotCreateRequest (OMSnapshotCreateRequest.java:validateAndUpdateCache(226)) - Created snapshot: 'snapshot-7163702918' with snapshotId: '8a324ad2-e2c3-481c-a8b7-8bbd6f51e5df' under path 'volume89380/bucket70530'
2025-07-15 19:45:57,969 [omNode-1-OMDoubleBufferFlushThread] INFO  db.RDBCheckpointManager (RDBCheckpointManager.java:createCheckpoint(87)) - Created checkpoint in rocksDB at /home/runner/work/ozone/ozone/hadoop-ozone/integration-test/target/test-dir/MiniOzoneClusterImpl-0e8a6840-8092-433d-9bbe-2fd65d18bfc8/omNode-1/db.snapshots/checkpointState/om.db-8a324ad2-e2c3-481c-a8b7-8bbd6f51e5df in 67 milliseconds
2025-07-15 19:45:57,970 [omNode-1-OMDoubleBufferFlushThread] INFO  om.OmSnapshotManager (OmSnapshotManager.java:createOmSnapshotCheckpoint(503)) - Created checkpoint : /home/runner/work/ozone/ozone/hadoop-ozone/integration-test/target/test-dir/MiniOzoneClusterImpl-0e8a6840-8092-433d-9bbe-2fd65d18bfc8/omNode-1/db.snapshots/checkpointState/om.db-8a324ad2-e2c3-481c-a8b7-8bbd6f51e5df for snapshot snapshot-7163702918
2025-07-15 19:45:57,989 [omNode-1-OMStateMachineApplyTransactionThread - 0] INFO  snapshot.OMSnapshotCreateRequest (OMSnapshotCreateRequest.java:validateAndUpdateCache(226)) - Created snapshot: 'snapshot-8159738458' with snapshotId: '9d5cee99-51da-4433-8682-3bc7b69ee11d' under path 'volume62899/bucket22342'
2025-07-15 19:45:57,999 [omNode-3-OMDoubleBufferFlushThread] INFO  db.RDBCheckpointManager (RDBCheckpointManager.java:createCheckpoint(87)) - Created checkpoint in rocksDB at /home/runner/work/ozone/ozone/hadoop-ozone/integration-test/target/test-dir/MiniOzoneClusterImpl-0e8a6840-8092-433d-9bbe-2fd65d18bfc8/omNode-3/db.snapshots/checkpointState/om.db-8a324ad2-e2c3-481c-a8b7-8bbd6f51e5df in 38 milliseconds
2025-07-15 19:45:58,000 [omNode-3-OMDoubleBufferFlushThread] INFO  om.OmSnapshotManager (OmSnapshotManager.java:createOmSnapshotCheckpoint(503)) - Created checkpoint : /home/runner/work/ozone/ozone/hadoop-ozone/integration-test/target/test-dir/MiniOzoneClusterImpl-0e8a6840-8092-433d-9bbe-2fd65d18bfc8/omNode-3/db.snapshots/checkpointState/om.db-8a324ad2-e2c3-481c-a8b7-8bbd6f51e5df for snapshot snapshot-7163702918
2025-07-15 19:45:58,011 [omNode-2-OMDoubleBufferFlushThread] INFO  db.RDBCheckpointManager (RDBCheckpointManager.java:createCheckpoint(87)) - Created checkpoint in rocksDB at /home/runner/work/ozone/ozone/hadoop-ozone/integration-test/target/test-dir/MiniOzoneClusterImpl-0e8a6840-8092-433d-9bbe-2fd65d18bfc8/omNode-2/db.snapshots/checkpointState/om.db-8a324ad2-e2c3-481c-a8b7-8bbd6f51e5df in 44 milliseconds
2025-07-15 19:45:58,013 [omNode-2-OMDoubleBufferFlushThread] INFO  om.OmSnapshotManager (OmSnapshotManager.java:createOmSnapshotCheckpoint(503)) - Created checkpoint : /home/runner/work/ozone/ozone/hadoop-ozone/integration-test/target/test-dir/MiniOzoneClusterImpl-0e8a6840-8092-433d-9bbe-2fd65d18bfc8/omNode-2/db.snapshots/checkpointState/om.db-8a324ad2-e2c3-481c-a8b7-8bbd6f51e5df for snapshot snapshot-7163702918
2025-07-15 19:45:58,054 [omNode-3-OMStateMachineApplyTransactionThread - 0] INFO  snapshot.OMSnapshotCreateRequest (OMSnapshotCreateRequest.java:validateAndUpdateCache(226)) - Created snapshot: 'snapshot-8159738458' with snapshotId: '9d5cee99-51da-4433-8682-3bc7b69ee11d' under path 'volume62899/bucket22342'
2025-07-15 19:45:58,055 [Thread-5117] INFO  rocksdiff.RocksDBCheckpointDiffer (RocksDBCheckpointDiffer.java:shouldSkipCompaction(440)) - Skipped the compaction entry. Compaction input files: [/home/runner/work/ozone/ozone/hadoop-ozone/integration-test/target/test-dir/MiniOzoneClusterImpl-0e8a6840-8092-433d-9bbe-2fd65d18bfc8/omNode-1/om.db/000161.sst] and output files: [/home/runner/work/ozone/ozone/hadoop-ozone/integration-test/target/test-dir/MiniOzoneClusterImpl-0e8a6840-8092-433d-9bbe-2fd65d18bfc8/omNode-1/om.db/000161.sst] are same.
2025-07-15 19:45:58,059 [omNode-1-OMDoubleBufferFlushThread] INFO  db.RDBCheckpointManager (RDBCheckpointManager.java:createCheckpoint(87)) - Created checkpoint in rocksDB at /home/runner/work/ozone/ozone/hadoop-ozone/integration-test/target/test-dir/MiniOzoneClusterImpl-0e8a6840-8092-433d-9bbe-2fd65d18bfc8/omNode-1/db.snapshots/checkpointState/om.db-9d5cee99-51da-4433-8682-3bc7b69ee11d in 68 milliseconds
2025-07-15 19:45:58,061 [omNode-1-OMDoubleBufferFlushThread] INFO  om.OmSnapshotManager (OmSnapshotManager.java:createOmSnapshotCheckpoint(503)) - Created checkpoint : /home/runner/work/ozone/ozone/hadoop-ozone/integration-test/target/test-dir/MiniOzoneClusterImpl-0e8a6840-8092-433d-9bbe-2fd65d18bfc8/omNode-1/db.snapshots/checkpointState/om.db-9d5cee99-51da-4433-8682-3bc7b69ee11d for snapshot snapshot-8159738458
2025-07-15 19:45:58,062 [omNode-2-OMStateMachineApplyTransactionThread - 0] INFO  snapshot.OMSnapshotCreateRequest (OMSnapshotCreateRequest.java:validateAndUpdateCache(226)) - Created snapshot: 'snapshot-8159738458' with snapshotId: '9d5cee99-51da-4433-8682-3bc7b69ee11d' under path 'volume62899/bucket22342'
2025-07-15 19:45:58,094 [omNode-1-OMStateMachineApplyTransactionThread - 0] INFO  snapshot.OMSnapshotCreateRequest (OMSnapshotCreateRequest.java:validateAndUpdateCache(226)) - Created snapshot: 'snapshot-6986541493' with snapshotId: '7037bd8e-9f21-4d74-9406-b09fb2049a05' under path 'volume45943/bucket86319'
2025-07-15 19:45:58,113 [omNode-3-OMDoubleBufferFlushThread] INFO  db.RDBCheckpointManager (RDBCheckpointManager.java:createCheckpoint(87)) - Created checkpoint in rocksDB at /home/runner/work/ozone/ozone/hadoop-ozone/integration-test/target/test-dir/MiniOzoneClusterImpl-0e8a6840-8092-433d-9bbe-2fd65d18bfc8/omNode-3/db.snapshots/checkpointState/om.db-9d5cee99-51da-4433-8682-3bc7b69ee11d in 56 milliseconds
2025-07-15 19:45:58,116 [omNode-3-OMDoubleBufferFlushThread] INFO  om.OmSnapshotManager (OmSnapshotManager.java:createOmSnapshotCheckpoint(503)) - Created checkpoint : /home/runner/work/ozone/ozone/hadoop-ozone/integration-test/target/test-dir/MiniOzoneClusterImpl-0e8a6840-8092-433d-9bbe-2fd65d18bfc8/omNode-3/db.snapshots/checkpointState/om.db-9d5cee99-51da-4433-8682-3bc7b69ee11d for snapshot snapshot-8159738458
2025-07-15 19:45:58,127 [omNode-2-OMDoubleBufferFlushThread] INFO  db.RDBCheckpointManager (RDBCheckpointManager.java:createCheckpoint(87)) - Created checkpoint in rocksDB at /home/runner/work/ozone/ozone/hadoop-ozone/integration-test/target/test-dir/MiniOzoneClusterImpl-0e8a6840-8092-433d-9bbe-2fd65d18bfc8/omNode-2/db.snapshots/checkpointState/om.db-9d5cee99-51da-4433-8682-3bc7b69ee11d in 61 milliseconds
2025-07-15 19:45:58,127 [omNode-2-OMDoubleBufferFlushThread] INFO  om.OmSnapshotManager (OmSnapshotManager.java:createOmSnapshotCheckpoint(503)) - Created checkpoint : /home/runner/work/ozone/ozone/hadoop-ozone/integration-test/target/test-dir/MiniOzoneClusterImpl-0e8a6840-8092-433d-9bbe-2fd65d18bfc8/omNode-2/db.snapshots/checkpointState/om.db-9d5cee99-51da-4433-8682-3bc7b69ee11d for snapshot snapshot-8159738458
2025-07-15 19:45:58,132 [Thread-5369] INFO  rocksdiff.RocksDBCheckpointDiffer (RocksDBCheckpointDiffer.java:shouldSkipCompaction(440)) - Skipped the compaction entry. Compaction input files: [/home/runner/work/ozone/ozone/hadoop-ozone/integration-test/target/test-dir/MiniOzoneClusterImpl-0e8a6840-8092-433d-9bbe-2fd65d18bfc8/omNode-2/om.db/000161.sst] and output files: [/home/runner/work/ozone/ozone/hadoop-ozone/integration-test/target/test-dir/MiniOzoneClusterImpl-0e8a6840-8092-433d-9bbe-2fd65d18bfc8/omNode-2/om.db/000161.sst] are same.
2025-07-15 19:45:58,135 [Thread-5373] INFO  rocksdiff.RocksDBCheckpointDiffer (RocksDBCheckpointDiffer.java:shouldSkipCompaction(440)) - Skipped the compaction entry. Compaction input files: [/home/runner/work/ozone/ozone/hadoop-ozone/integration-test/target/test-dir/MiniOzoneClusterImpl-0e8a6840-8092-433d-9bbe-2fd65d18bfc8/omNode-3/om.db/000161.sst] and output files: [/home/runner/work/ozone/ozone/hadoop-ozone/integration-test/target/test-dir/MiniOzoneClusterImpl-0e8a6840-8092-433d-9bbe-2fd65d18bfc8/omNode-3/om.db/000161.sst] are same.
2025-07-15 19:45:58,155 [omNode-2-OMStateMachineApplyTransactionThread - 0] INFO  snapshot.OMSnapshotCreateRequest (OMSnapshotCreateRequest.java:validateAndUpdateCache(226)) - Created snapshot: 'snapshot-6986541493' with snapshotId: '7037bd8e-9f21-4d74-9406-b09fb2049a05' under path 'volume45943/bucket86319'
2025-07-15 19:45:58,155 [omNode-3-OMStateMachineApplyTransactionThread - 0] INFO  snapshot.OMSnapshotCreateRequest (OMSnapshotCreateRequest.java:validateAndUpdateCache(226)) - Created snapshot: 'snapshot-6986541493' with snapshotId: '7037bd8e-9f21-4d74-9406-b09fb2049a05' under path 'volume45943/bucket86319'
2025-07-15 19:45:58,167 [Thread-5423] INFO  rocksdiff.RocksDBCheckpointDiffer (RocksDBCheckpointDiffer.java:shouldSkipCompaction(440)) - Skipped the compaction entry. Compaction input files: [/home/runner/work/ozone/ozone/hadoop-ozone/integration-test/target/test-dir/MiniOzoneClusterImpl-0e8a6840-8092-433d-9bbe-2fd65d18bfc8/omNode-1/om.db/000167.sst] and output files: [/home/runner/work/ozone/ozone/hadoop-ozone/integration-test/target/test-dir/MiniOzoneClusterImpl-0e8a6840-8092-433d-9bbe-2fd65d18bfc8/omNode-1/om.db/000167.sst] are same.
2025-07-15 19:45:58,174 [omNode-1-OMDoubleBufferFlushThread] INFO  db.RDBCheckpointManager (RDBCheckpointManager.java:createCheckpoint(87)) - Created checkpoint in rocksDB at /home/runner/work/ozone/ozone/hadoop-ozone/integration-test/target/test-dir/MiniOzoneClusterImpl-0e8a6840-8092-433d-9bbe-2fd65d18bfc8/omNode-1/db.snapshots/checkpointState/om.db-7037bd8e-9f21-4d74-9406-b09fb2049a05 in 73 milliseconds
2025-07-15 19:45:58,176 [omNode-1-OMDoubleBufferFlushThread] INFO  om.OmSnapshotManager (OmSnapshotManager.java:createOmSnapshotCheckpoint(503)) - Created checkpoint : /home/runner/work/ozone/ozone/hadoop-ozone/integration-test/target/test-dir/MiniOzoneClusterImpl-0e8a6840-8092-433d-9bbe-2fd65d18bfc8/omNode-1/db.snapshots/checkpointState/om.db-7037bd8e-9f21-4d74-9406-b09fb2049a05 for snapshot snapshot-6986541493
2025-07-15 19:45:58,193 [omNode-1-OMStateMachineApplyTransactionThread - 0] INFO  snapshot.OMSnapshotCreateRequest (OMSnapshotCreateRequest.java:validateAndUpdateCache(226)) - Created snapshot: 'snapshot-9669997971' with snapshotId: '92690f47-9c55-4550-b479-08ccadc02834' under path 'volume88620/bucket70916'
2025-07-15 19:45:58,198 [Thread-5553] INFO  rocksdiff.RocksDBCheckpointDiffer (RocksDBCheckpointDiffer.java:shouldSkipCompaction(440)) - Skipped the compaction entry. Compaction input files: [/home/runner/work/ozone/ozone/hadoop-ozone/integration-test/target/test-dir/MiniOzoneClusterImpl-0e8a6840-8092-433d-9bbe-2fd65d18bfc8/omNode-2/om.db/000167.sst] and output files: [/home/runner/work/ozone/ozone/hadoop-ozone/integration-test/target/test-dir/MiniOzoneClusterImpl-0e8a6840-8092-433d-9bbe-2fd65d18bfc8/omNode-2/om.db/000167.sst] are same.
2025-07-15 19:45:58,200 [Thread-5561] INFO  rocksdiff.RocksDBCheckpointDiffer (RocksDBCheckpointDiffer.java:shouldSkipCompaction(440)) - Skipped the compaction entry. Compaction input files: [/home/runner/work/ozone/ozone/hadoop-ozone/integration-test/target/test-dir/MiniOzoneClusterImpl-0e8a6840-8092-433d-9bbe-2fd65d18bfc8/omNode-3/om.db/000167.sst] and output files: [/home/runner/work/ozone/ozone/hadoop-ozone/integration-test/target/test-dir/MiniOzoneClusterImpl-0e8a6840-8092-433d-9bbe-2fd65d18bfc8/omNode-3/om.db/000167.sst] are same.
2025-07-15 19:45:58,202 [omNode-2-OMDoubleBufferFlushThread] INFO  db.RDBCheckpointManager (RDBCheckpointManager.java:createCheckpoint(87)) - Created checkpoint in rocksDB at /home/runner/work/ozone/ozone/hadoop-ozone/integration-test/target/test-dir/MiniOzoneClusterImpl-0e8a6840-8092-433d-9bbe-2fd65d18bfc8/omNode-2/db.snapshots/checkpointState/om.db-7037bd8e-9f21-4d74-9406-b09fb2049a05 in 44 milliseconds
2025-07-15 19:45:58,203 [omNode-2-OMDoubleBufferFlushThread] INFO  om.OmSnapshotManager (OmSnapshotManager.java:createOmSnapshotCheckpoint(503)) - Created checkpoint : /home/runner/work/ozone/ozone/hadoop-ozone/integration-test/target/test-dir/MiniOzoneClusterImpl-0e8a6840-8092-433d-9bbe-2fd65d18bfc8/omNode-2/db.snapshots/checkpointState/om.db-7037bd8e-9f21-4d74-9406-b09fb2049a05 for snapshot snapshot-6986541493
2025-07-15 19:45:58,207 [omNode-3-OMDoubleBufferFlushThread] INFO  db.RDBCheckpointManager (RDBCheckpointManager.java:createCheckpoint(87)) - Created checkpoint in rocksDB at /home/runner/work/ozone/ozone/hadoop-ozone/integration-test/target/test-dir/MiniOzoneClusterImpl-0e8a6840-8092-433d-9bbe-2fd65d18bfc8/omNode-3/db.snapshots/checkpointState/om.db-7037bd8e-9f21-4d74-9406-b09fb2049a05 in 48 milliseconds
2025-07-15 19:45:58,207 [omNode-3-OMDoubleBufferFlushThread] INFO  om.OmSnapshotManager (OmSnapshotManager.java:createOmSnapshotCheckpoint(503)) - Created checkpoint : /home/runner/work/ozone/ozone/hadoop-ozone/integration-test/target/test-dir/MiniOzoneClusterImpl-0e8a6840-8092-433d-9bbe-2fd65d18bfc8/omNode-3/db.snapshots/checkpointState/om.db-7037bd8e-9f21-4d74-9406-b09fb2049a05 for snapshot snapshot-6986541493
2025-07-15 19:45:58,232 [omNode-2-OMStateMachineApplyTransactionThread - 0] INFO  snapshot.OMSnapshotCreateRequest (OMSnapshotCreateRequest.java:validateAndUpdateCache(226)) - Created snapshot: 'snapshot-9669997971' with snapshotId: '92690f47-9c55-4550-b479-08ccadc02834' under path 'volume88620/bucket70916'
2025-07-15 19:45:58,234 [omNode-3-OMStateMachineApplyTransactionThread - 0] INFO  snapshot.OMSnapshotCreateRequest (OMSnapshotCreateRequest.java:validateAndUpdateCache(226)) - Created snapshot: 'snapshot-9669997971' with snapshotId: '92690f47-9c55-4550-b479-08ccadc02834' under path 'volume88620/bucket70916'
2025-07-15 19:45:58,253 [Thread-5664] INFO  rocksdiff.RocksDBCheckpointDiffer (RocksDBCheckpointDiffer.java:shouldSkipCompaction(440)) - Skipped the compaction entry. Compaction input files: [/home/runner/work/ozone/ozone/hadoop-ozone/integration-test/target/test-dir/MiniOzoneClusterImpl-0e8a6840-8092-433d-9bbe-2fd65d18bfc8/omNode-1/om.db/000173.sst] and output files: [/home/runner/work/ozone/ozone/hadoop-ozone/integration-test/target/test-dir/MiniOzoneClusterImpl-0e8a6840-8092-433d-9bbe-2fd65d18bfc8/omNode-1/om.db/000173.sst] are same.
2025-07-15 19:45:58,255 [omNode-1-OMDoubleBufferFlushThread] INFO  db.RDBCheckpointManager (RDBCheckpointManager.java:createCheckpoint(87)) - Created checkpoint in rocksDB at /home/runner/work/ozone/ozone/hadoop-ozone/integration-test/target/test-dir/MiniOzoneClusterImpl-0e8a6840-8092-433d-9bbe-2fd65d18bfc8/omNode-1/db.snapshots/checkpointState/om.db-92690f47-9c55-4550-b479-08ccadc02834 in 58 milliseconds
2025-07-15 19:45:58,257 [omNode-1-OMDoubleBufferFlushThread] INFO  om.OmSnapshotManager (OmSnapshotManager.java:createOmSnapshotCheckpoint(503)) - Created checkpoint : /home/runner/work/ozone/ozone/hadoop-ozone/integration-test/target/test-dir/MiniOzoneClusterImpl-0e8a6840-8092-433d-9bbe-2fd65d18bfc8/omNode-1/db.snapshots/checkpointState/om.db-92690f47-9c55-4550-b479-08ccadc02834 for snapshot snapshot-9669997971
2025-07-15 19:45:58,296 [Thread-5768] INFO  rocksdiff.RocksDBCheckpointDiffer (RocksDBCheckpointDiffer.java:shouldSkipCompaction(440)) - Skipped the compaction entry. Compaction input files: [/home/runner/work/ozone/ozone/hadoop-ozone/integration-test/target/test-dir/MiniOzoneClusterImpl-0e8a6840-8092-433d-9bbe-2fd65d18bfc8/omNode-2/om.db/000173.sst] and output files: [/home/runner/work/ozone/ozone/hadoop-ozone/integration-test/target/test-dir/MiniOzoneClusterImpl-0e8a6840-8092-433d-9bbe-2fd65d18bfc8/omNode-2/om.db/000173.sst] are same.
2025-07-15 19:45:58,298 [Thread-5771] INFO  rocksdiff.RocksDBCheckpointDiffer (RocksDBCheckpointDiffer.java:shouldSkipCompaction(440)) - Skipped the compaction entry. Compaction input files: [/home/runner/work/ozone/ozone/hadoop-ozone/integration-test/target/test-dir/MiniOzoneClusterImpl-0e8a6840-8092-433d-9bbe-2fd65d18bfc8/omNode-3/om.db/000173.sst] and output files: [/home/runner/work/ozone/ozone/hadoop-ozone/integration-test/target/test-dir/MiniOzoneClusterImpl-0e8a6840-8092-433d-9bbe-2fd65d18bfc8/omNode-3/om.db/000173.sst] are same.
2025-07-15 19:45:58,300 [omNode-2-OMDoubleBufferFlushThread] INFO  db.RDBCheckpointManager (RDBCheckpointManager.java:createCheckpoint(87)) - Created checkpoint in rocksDB at /home/runner/work/ozone/ozone/hadoop-ozone/integration-test/target/test-dir/MiniOzoneClusterImpl-0e8a6840-8092-433d-9bbe-2fd65d18bfc8/omNode-2/db.snapshots/checkpointState/om.db-92690f47-9c55-4550-b479-08ccadc02834 in 62 milliseconds
2025-07-15 19:45:58,300 [omNode-2-OMDoubleBufferFlushThread] INFO  om.OmSnapshotManager (OmSnapshotManager.java:createOmSnapshotCheckpoint(503)) - Created checkpoint : /home/runner/work/ozone/ozone/hadoop-ozone/integration-test/target/test-dir/MiniOzoneClusterImpl-0e8a6840-8092-433d-9bbe-2fd65d18bfc8/omNode-2/db.snapshots/checkpointState/om.db-92690f47-9c55-4550-b479-08ccadc02834 for snapshot snapshot-9669997971
2025-07-15 19:45:58,305 [omNode-1-OMStateMachineApplyTransactionThread - 0] INFO  snapshot.OMSnapshotCreateRequest (OMSnapshotCreateRequest.java:validateAndUpdateCache(226)) - Created snapshot: 'snapshot-7608072592' with snapshotId: '486f76d1-6d0f-4b6d-92b4-aaaa37bdb0b7' under path 'volume38661/bucket53271'
2025-07-15 19:45:58,305 [omNode-3-OMDoubleBufferFlushThread] INFO  db.RDBCheckpointManager (RDBCheckpointManager.java:createCheckpoint(87)) - Created checkpoint in rocksDB at /home/runner/work/ozone/ozone/hadoop-ozone/integration-test/target/test-dir/MiniOzoneClusterImpl-0e8a6840-8092-433d-9bbe-2fd65d18bfc8/omNode-3/db.snapshots/checkpointState/om.db-92690f47-9c55-4550-b479-08ccadc02834 in 66 milliseconds
2025-07-15 19:45:58,305 [omNode-3-OMDoubleBufferFlushThread] INFO  om.OmSnapshotManager (OmSnapshotManager.java:createOmSnapshotCheckpoint(503)) - Created checkpoint : /home/runner/work/ozone/ozone/hadoop-ozone/integration-test/target/test-dir/MiniOzoneClusterImpl-0e8a6840-8092-433d-9bbe-2fd65d18bfc8/omNode-3/db.snapshots/checkpointState/om.db-92690f47-9c55-4550-b479-08ccadc02834 for snapshot snapshot-9669997971
2025-07-15 19:45:58,335 [omNode-3-OMStateMachineApplyTransactionThread - 0] INFO  snapshot.OMSnapshotCreateRequest (OMSnapshotCreateRequest.java:validateAndUpdateCache(226)) - Created snapshot: 'snapshot-7608072592' with snapshotId: '486f76d1-6d0f-4b6d-92b4-aaaa37bdb0b7' under path 'volume38661/bucket53271'
2025-07-15 19:45:58,355 [Thread-5869] INFO  rocksdiff.RocksDBCheckpointDiffer (RocksDBCheckpointDiffer.java:shouldSkipCompaction(440)) - Skipped the compaction entry. Compaction input files: [/home/runner/work/ozone/ozone/hadoop-ozone/integration-test/target/test-dir/MiniOzoneClusterImpl-0e8a6840-8092-433d-9bbe-2fd65d18bfc8/omNode-1/om.db/000180.sst] and output files: [/home/runner/work/ozone/ozone/hadoop-ozone/integration-test/target/test-dir/MiniOzoneClusterImpl-0e8a6840-8092-433d-9bbe-2fd65d18bfc8/omNode-1/om.db/000180.sst] are same.
2025-07-15 19:45:58,356 [omNode-2-OMStateMachineApplyTransactionThread - 0] INFO  snapshot.OMSnapshotCreateRequest (OMSnapshotCreateRequest.java:validateAndUpdateCache(226)) - Created snapshot: 'snapshot-7608072592' with snapshotId: '486f76d1-6d0f-4b6d-92b4-aaaa37bdb0b7' under path 'volume38661/bucket53271'
2025-07-15 19:45:58,364 [omNode-1-OMDoubleBufferFlushThread] INFO  db.RDBCheckpointManager (RDBCheckpointManager.java:createCheckpoint(87)) - Created checkpoint in rocksDB at /home/runner/work/ozone/ozone/hadoop-ozone/integration-test/target/test-dir/MiniOzoneClusterImpl-0e8a6840-8092-433d-9bbe-2fd65d18bfc8/omNode-1/db.snapshots/checkpointState/om.db-486f76d1-6d0f-4b6d-92b4-aaaa37bdb0b7 in 57 milliseconds
2025-07-15 19:45:58,364 [omNode-1-OMDoubleBufferFlushThread] INFO  om.OmSnapshotManager (OmSnapshotManager.java:createOmSnapshotCheckpoint(503)) - Created checkpoint : /home/runner/work/ozone/ozone/hadoop-ozone/integration-test/target/test-dir/MiniOzoneClusterImpl-0e8a6840-8092-433d-9bbe-2fd65d18bfc8/omNode-1/db.snapshots/checkpointState/om.db-486f76d1-6d0f-4b6d-92b4-aaaa37bdb0b7 for snapshot snapshot-7608072592
2025-07-15 19:45:58,385 [Thread-5953] INFO  rocksdiff.RocksDBCheckpointDiffer (RocksDBCheckpointDiffer.java:shouldSkipCompaction(440)) - Skipped the compaction entry. Compaction input files: [/home/runner/work/ozone/ozone/hadoop-ozone/integration-test/target/test-dir/MiniOzoneClusterImpl-0e8a6840-8092-433d-9bbe-2fd65d18bfc8/omNode-3/om.db/000180.sst] and output files: [/home/runner/work/ozone/ozone/hadoop-ozone/integration-test/target/test-dir/MiniOzoneClusterImpl-0e8a6840-8092-433d-9bbe-2fd65d18bfc8/omNode-3/om.db/000180.sst] are same.
2025-07-15 19:45:58,393 [omNode-3-OMDoubleBufferFlushThread] INFO  db.RDBCheckpointManager (RDBCheckpointManager.java:createCheckpoint(87)) - Created checkpoint in rocksDB at /home/runner/work/ozone/ozone/hadoop-ozone/integration-test/target/test-dir/MiniOzoneClusterImpl-0e8a6840-8092-433d-9bbe-2fd65d18bfc8/omNode-3/db.snapshots/checkpointState/om.db-486f76d1-6d0f-4b6d-92b4-aaaa37bdb0b7 in 55 milliseconds
2025-07-15 19:45:58,394 [omNode-3-OMDoubleBufferFlushThread] INFO  om.OmSnapshotManager (OmSnapshotManager.java:createOmSnapshotCheckpoint(503)) - Created checkpoint : /home/runner/work/ozone/ozone/hadoop-ozone/integration-test/target/test-dir/MiniOzoneClusterImpl-0e8a6840-8092-433d-9bbe-2fd65d18bfc8/omNode-3/db.snapshots/checkpointState/om.db-486f76d1-6d0f-4b6d-92b4-aaaa37bdb0b7 for snapshot snapshot-7608072592
2025-07-15 19:45:58,394 [omNode-1-OMStateMachineApplyTransactionThread - 0] INFO  snapshot.OMSnapshotCreateRequest (OMSnapshotCreateRequest.java:validateAndUpdateCache(226)) - Created snapshot: 'snapshot-1112420154' with snapshotId: 'dc20b7dd-3806-4bc8-a03f-bff4a6f8f95d' under path 'volume93011/bucket10902'
2025-07-15 19:45:58,404 [Thread-5995] INFO  rocksdiff.RocksDBCheckpointDiffer (RocksDBCheckpointDiffer.java:shouldSkipCompaction(440)) - Skipped the compaction entry. Compaction input files: [/home/runner/work/ozone/ozone/hadoop-ozone/integration-test/target/test-dir/MiniOzoneClusterImpl-0e8a6840-8092-433d-9bbe-2fd65d18bfc8/omNode-2/om.db/000181.sst] and output files: [/home/runner/work/ozone/ozone/hadoop-ozone/integration-test/target/test-dir/MiniOzoneClusterImpl-0e8a6840-8092-433d-9bbe-2fd65d18bfc8/omNode-2/om.db/000181.sst] are same.
2025-07-15 19:45:58,416 [omNode-2-OMDoubleBufferFlushThread] INFO  db.RDBCheckpointManager (RDBCheckpointManager.java:createCheckpoint(87)) - Created checkpoint in rocksDB at /home/runner/work/ozone/ozone/hadoop-ozone/integration-test/target/test-dir/MiniOzoneClusterImpl-0e8a6840-8092-433d-9bbe-2fd65d18bfc8/omNode-2/db.snapshots/checkpointState/om.db-486f76d1-6d0f-4b6d-92b4-aaaa37bdb0b7 in 56 milliseconds
2025-07-15 19:45:58,416 [omNode-2-OMDoubleBufferFlushThread] INFO  om.OmSnapshotManager (OmSnapshotManager.java:createOmSnapshotCheckpoint(503)) - Created checkpoint : /home/runner/work/ozone/ozone/hadoop-ozone/integration-test/target/test-dir/MiniOzoneClusterImpl-0e8a6840-8092-433d-9bbe-2fd65d18bfc8/omNode-2/db.snapshots/checkpointState/om.db-486f76d1-6d0f-4b6d-92b4-aaaa37bdb0b7 for snapshot snapshot-7608072592
2025-07-15 19:45:58,442 [omNode-3-OMStateMachineApplyTransactionThread - 0] INFO  snapshot.OMSnapshotCreateRequest (OMSnapshotCreateRequest.java:validateAndUpdateCache(226)) - Created snapshot: 'snapshot-1112420154' with snapshotId: 'dc20b7dd-3806-4bc8-a03f-bff4a6f8f95d' under path 'volume93011/bucket10902'
2025-07-15 19:45:58,456 [omNode-2-OMStateMachineApplyTransactionThread - 0] INFO  snapshot.OMSnapshotCreateRequest (OMSnapshotCreateRequest.java:validateAndUpdateCache(226)) - Created snapshot: 'snapshot-1112420154' with snapshotId: 'dc20b7dd-3806-4bc8-a03f-bff4a6f8f95d' under path 'volume93011/bucket10902'
2025-07-15 19:45:58,466 [Thread-6129] INFO  rocksdiff.RocksDBCheckpointDiffer (RocksDBCheckpointDiffer.java:shouldSkipCompaction(440)) - Skipped the compaction entry. Compaction input files: [/home/runner/work/ozone/ozone/hadoop-ozone/integration-test/target/test-dir/MiniOzoneClusterImpl-0e8a6840-8092-433d-9bbe-2fd65d18bfc8/omNode-1/om.db/000187.sst] and output files: [/home/runner/work/ozone/ozone/hadoop-ozone/integration-test/target/test-dir/MiniOzoneClusterImpl-0e8a6840-8092-433d-9bbe-2fd65d18bfc8/omNode-1/om.db/000187.sst] are same.
2025-07-15 19:45:58,469 [omNode-1-OMDoubleBufferFlushThread] INFO  db.RDBCheckpointManager (RDBCheckpointManager.java:createCheckpoint(87)) - Created checkpoint in rocksDB at /home/runner/work/ozone/ozone/hadoop-ozone/integration-test/target/test-dir/MiniOzoneClusterImpl-0e8a6840-8092-433d-9bbe-2fd65d18bfc8/omNode-1/db.snapshots/checkpointState/om.db-dc20b7dd-3806-4bc8-a03f-bff4a6f8f95d in 72 milliseconds
2025-07-15 19:45:58,471 [omNode-1-OMDoubleBufferFlushThread] INFO  om.OmSnapshotManager (OmSnapshotManager.java:createOmSnapshotCheckpoint(503)) - Created checkpoint : /home/runner/work/ozone/ozone/hadoop-ozone/integration-test/target/test-dir/MiniOzoneClusterImpl-0e8a6840-8092-433d-9bbe-2fd65d18bfc8/omNode-1/db.snapshots/checkpointState/om.db-dc20b7dd-3806-4bc8-a03f-bff4a6f8f95d for snapshot snapshot-1112420154
2025-07-15 19:45:58,495 [omNode-1-OMStateMachineApplyTransactionThread - 0] INFO  snapshot.OMSnapshotCreateRequest (OMSnapshotCreateRequest.java:validateAndUpdateCache(226)) - Created snapshot: 'snapshot-8224031705' with snapshotId: '3a3c1018-f3a4-42c3-8c93-45819afe80cc' under path 'volume65185/bucket38537'
2025-07-15 19:45:58,514 [Thread-6348] INFO  rocksdiff.RocksDBCheckpointDiffer (RocksDBCheckpointDiffer.java:shouldSkipCompaction(440)) - Skipped the compaction entry. Compaction input files: [/home/runner/work/ozone/ozone/hadoop-ozone/integration-test/target/test-dir/MiniOzoneClusterImpl-0e8a6840-8092-433d-9bbe-2fd65d18bfc8/omNode-3/om.db/000187.sst] and output files: [/home/runner/work/ozone/ozone/hadoop-ozone/integration-test/target/test-dir/MiniOzoneClusterImpl-0e8a6840-8092-433d-9bbe-2fd65d18bfc8/omNode-3/om.db/000187.sst] are same.
2025-07-15 19:45:58,520 [Thread-6361] INFO  rocksdiff.RocksDBCheckpointDiffer (RocksDBCheckpointDiffer.java:shouldSkipCompaction(440)) - Skipped the compaction entry. Compaction input files: [/home/runner/work/ozone/ozone/hadoop-ozone/integration-test/target/test-dir/MiniOzoneClusterImpl-0e8a6840-8092-433d-9bbe-2fd65d18bfc8/omNode-2/om.db/000187.sst] and output files: [/home/runner/work/ozone/ozone/hadoop-ozone/integration-test/target/test-dir/MiniOzoneClusterImpl-0e8a6840-8092-433d-9bbe-2fd65d18bfc8/omNode-2/om.db/000187.sst] are same.
2025-07-15 19:45:58,522 [omNode-3-OMDoubleBufferFlushThread] INFO  db.RDBCheckpointManager (RDBCheckpointManager.java:createCheckpoint(87)) - Created checkpoint in rocksDB at /home/runner/work/ozone/ozone/hadoop-ozone/integration-test/target/test-dir/MiniOzoneClusterImpl-0e8a6840-8092-433d-9bbe-2fd65d18bfc8/omNode-3/db.snapshots/checkpointState/om.db-dc20b7dd-3806-4bc8-a03f-bff4a6f8f95d in 74 milliseconds
2025-07-15 19:45:58,525 [omNode-3-OMDoubleBufferFlushThread] INFO  om.OmSnapshotManager (OmSnapshotManager.java:createOmSnapshotCheckpoint(503)) - Created checkpoint : /home/runner/work/ozone/ozone/hadoop-ozone/integration-test/target/test-dir/MiniOzoneClusterImpl-0e8a6840-8092-433d-9bbe-2fd65d18bfc8/omNode-3/db.snapshots/checkpointState/om.db-dc20b7dd-3806-4bc8-a03f-bff4a6f8f95d for snapshot snapshot-1112420154
2025-07-15 19:45:58,527 [omNode-2-OMDoubleBufferFlushThread] INFO  db.RDBCheckpointManager (RDBCheckpointManager.java:createCheckpoint(87)) - Created checkpoint in rocksDB at /home/runner/work/ozone/ozone/hadoop-ozone/integration-test/target/test-dir/MiniOzoneClusterImpl-0e8a6840-8092-433d-9bbe-2fd65d18bfc8/omNode-2/db.snapshots/checkpointState/om.db-dc20b7dd-3806-4bc8-a03f-bff4a6f8f95d in 65 milliseconds
2025-07-15 19:45:58,529 [omNode-2-OMDoubleBufferFlushThread] INFO  om.OmSnapshotManager (OmSnapshotManager.java:createOmSnapshotCheckpoint(503)) - Created checkpoint : /home/runner/work/ozone/ozone/hadoop-ozone/integration-test/target/test-dir/MiniOzoneClusterImpl-0e8a6840-8092-433d-9bbe-2fd65d18bfc8/omNode-2/db.snapshots/checkpointState/om.db-dc20b7dd-3806-4bc8-a03f-bff4a6f8f95d for snapshot snapshot-1112420154
2025-07-15 19:45:58,543 [omNode-2-OMStateMachineApplyTransactionThread - 0] INFO  snapshot.OMSnapshotCreateRequest (OMSnapshotCreateRequest.java:validateAndUpdateCache(226)) - Created snapshot: 'snapshot-8224031705' with snapshotId: '3a3c1018-f3a4-42c3-8c93-45819afe80cc' under path 'volume65185/bucket38537'
2025-07-15 19:45:58,552 [Thread-6417] INFO  rocksdiff.RocksDBCheckpointDiffer (RocksDBCheckpointDiffer.java:shouldSkipCompaction(440)) - Skipped the compaction entry. Compaction input files: [/home/runner/work/ozone/ozone/hadoop-ozone/integration-test/target/test-dir/MiniOzoneClusterImpl-0e8a6840-8092-433d-9bbe-2fd65d18bfc8/omNode-1/om.db/000193.sst] and output files: [/home/runner/work/ozone/ozone/hadoop-ozone/integration-test/target/test-dir/MiniOzoneClusterImpl-0e8a6840-8092-433d-9bbe-2fd65d18bfc8/omNode-1/om.db/000193.sst] are same.
2025-07-15 19:45:58,556 [omNode-3-OMStateMachineApplyTransactionThread - 0] INFO  snapshot.OMSnapshotCreateRequest (OMSnapshotCreateRequest.java:validateAndUpdateCache(226)) - Created snapshot: 'snapshot-8224031705' with snapshotId: '3a3c1018-f3a4-42c3-8c93-45819afe80cc' under path 'volume65185/bucket38537'
2025-07-15 19:45:58,560 [omNode-1-OMDoubleBufferFlushThread] INFO  db.RDBCheckpointManager (RDBCheckpointManager.java:createCheckpoint(87)) - Created checkpoint in rocksDB at /home/runner/work/ozone/ozone/hadoop-ozone/integration-test/target/test-dir/MiniOzoneClusterImpl-0e8a6840-8092-433d-9bbe-2fd65d18bfc8/omNode-1/db.snapshots/checkpointState/om.db-3a3c1018-f3a4-42c3-8c93-45819afe80cc in 61 milliseconds
2025-07-15 19:45:58,561 [omNode-1-OMDoubleBufferFlushThread] INFO  om.OmSnapshotManager (OmSnapshotManager.java:createOmSnapshotCheckpoint(503)) - Created checkpoint : /home/runner/work/ozone/ozone/hadoop-ozone/integration-test/target/test-dir/MiniOzoneClusterImpl-0e8a6840-8092-433d-9bbe-2fd65d18bfc8/omNode-1/db.snapshots/checkpointState/om.db-3a3c1018-f3a4-42c3-8c93-45819afe80cc for snapshot snapshot-8224031705
2025-07-15 19:45:58,584 [Thread-6529] INFO  rocksdiff.RocksDBCheckpointDiffer (RocksDBCheckpointDiffer.java:shouldSkipCompaction(440)) - Skipped the compaction entry. Compaction input files: [/home/runner/work/ozone/ozone/hadoop-ozone/integration-test/target/test-dir/MiniOzoneClusterImpl-0e8a6840-8092-433d-9bbe-2fd65d18bfc8/omNode-2/om.db/000193.sst] and output files: [/home/runner/work/ozone/ozone/hadoop-ozone/integration-test/target/test-dir/MiniOzoneClusterImpl-0e8a6840-8092-433d-9bbe-2fd65d18bfc8/omNode-2/om.db/000193.sst] are same.
2025-07-15 19:45:58,589 [omNode-2-OMDoubleBufferFlushThread] INFO  db.RDBCheckpointManager (RDBCheckpointManager.java:createCheckpoint(87)) - Created checkpoint in rocksDB at /home/runner/work/ozone/ozone/hadoop-ozone/integration-test/target/test-dir/MiniOzoneClusterImpl-0e8a6840-8092-433d-9bbe-2fd65d18bfc8/omNode-2/db.snapshots/checkpointState/om.db-3a3c1018-f3a4-42c3-8c93-45819afe80cc in 42 milliseconds
2025-07-15 19:45:58,589 [omNode-2-OMDoubleBufferFlushThread] INFO  om.OmSnapshotManager (OmSnapshotManager.java:createOmSnapshotCheckpoint(503)) - Created checkpoint : /home/runner/work/ozone/ozone/hadoop-ozone/integration-test/target/test-dir/MiniOzoneClusterImpl-0e8a6840-8092-433d-9bbe-2fd65d18bfc8/omNode-2/db.snapshots/checkpointState/om.db-3a3c1018-f3a4-42c3-8c93-45819afe80cc for snapshot snapshot-8224031705
2025-07-15 19:45:58,593 [Thread-6551] INFO  rocksdiff.RocksDBCheckpointDiffer (RocksDBCheckpointDiffer.java:shouldSkipCompaction(440)) - Skipped the compaction entry. Compaction input files: [/home/runner/work/ozone/ozone/hadoop-ozone/integration-test/target/test-dir/MiniOzoneClusterImpl-0e8a6840-8092-433d-9bbe-2fd65d18bfc8/omNode-3/om.db/000193.sst] and output files: [/home/runner/work/ozone/ozone/hadoop-ozone/integration-test/target/test-dir/MiniOzoneClusterImpl-0e8a6840-8092-433d-9bbe-2fd65d18bfc8/omNode-3/om.db/000193.sst] are same.
2025-07-15 19:45:58,595 [omNode-1-OMStateMachineApplyTransactionThread - 0] INFO  snapshot.OMSnapshotCreateRequest (OMSnapshotCreateRequest.java:validateAndUpdateCache(226)) - Created snapshot: 'snapshot-6187281517' with snapshotId: 'ceca8010-018f-45ca-a2c6-8a4a1798d803' under path 'volume25061/bucket95366'
2025-07-15 19:45:58,596 [omNode-3-OMDoubleBufferFlushThread] INFO  db.RDBCheckpointManager (RDBCheckpointManager.java:createCheckpoint(87)) - Created checkpoint in rocksDB at /home/runner/work/ozone/ozone/hadoop-ozone/integration-test/target/test-dir/MiniOzoneClusterImpl-0e8a6840-8092-433d-9bbe-2fd65d18bfc8/omNode-3/db.snapshots/checkpointState/om.db-3a3c1018-f3a4-42c3-8c93-45819afe80cc in 36 milliseconds
2025-07-15 19:45:58,597 [omNode-3-OMDoubleBufferFlushThread] INFO  om.OmSnapshotManager (OmSnapshotManager.java:createOmSnapshotCheckpoint(503)) - Created checkpoint : /home/runner/work/ozone/ozone/hadoop-ozone/integration-test/target/test-dir/MiniOzoneClusterImpl-0e8a6840-8092-433d-9bbe-2fd65d18bfc8/omNode-3/db.snapshots/checkpointState/om.db-3a3c1018-f3a4-42c3-8c93-45819afe80cc for snapshot snapshot-8224031705
2025-07-15 19:45:58,637 [omNode-2-OMStateMachineApplyTransactionThread - 0] INFO  snapshot.OMSnapshotCreateRequest (OMSnapshotCreateRequest.java:validateAndUpdateCache(226)) - Created snapshot: 'snapshot-6187281517' with snapshotId: 'ceca8010-018f-45ca-a2c6-8a4a1798d803' under path 'volume25061/bucket95366'
2025-07-15 19:45:58,640 [omNode-3-OMStateMachineApplyTransactionThread - 0] INFO  snapshot.OMSnapshotCreateRequest (OMSnapshotCreateRequest.java:validateAndUpdateCache(226)) - Created snapshot: 'snapshot-6187281517' with snapshotId: 'ceca8010-018f-45ca-a2c6-8a4a1798d803' under path 'volume25061/bucket95366'
2025-07-15 19:45:58,647 [Thread-6633] INFO  rocksdiff.RocksDBCheckpointDiffer (RocksDBCheckpointDiffer.java:shouldSkipCompaction(440)) - Skipped the compaction entry. Compaction input files: [/home/runner/work/ozone/ozone/hadoop-ozone/integration-test/target/test-dir/MiniOzoneClusterImpl-0e8a6840-8092-433d-9bbe-2fd65d18bfc8/omNode-1/om.db/000199.sst] and output files: [/home/runner/work/ozone/ozone/hadoop-ozone/integration-test/target/test-dir/MiniOzoneClusterImpl-0e8a6840-8092-433d-9bbe-2fd65d18bfc8/omNode-1/om.db/000199.sst] are same.
2025-07-15 19:45:58,652 [omNode-1-OMDoubleBufferFlushThread] INFO  db.RDBCheckpointManager (RDBCheckpointManager.java:createCheckpoint(87)) - Created checkpoint in rocksDB at /home/runner/work/ozone/ozone/hadoop-ozone/integration-test/target/test-dir/MiniOzoneClusterImpl-0e8a6840-8092-433d-9bbe-2fd65d18bfc8/omNode-1/db.snapshots/checkpointState/om.db-ceca8010-018f-45ca-a2c6-8a4a1798d803 in 55 milliseconds
2025-07-15 19:45:58,653 [omNode-1-OMDoubleBufferFlushThread] INFO  om.OmSnapshotManager (OmSnapshotManager.java:createOmSnapshotCheckpoint(503)) - Created checkpoint : /home/runner/work/ozone/ozone/hadoop-ozone/integration-test/target/test-dir/MiniOzoneClusterImpl-0e8a6840-8092-433d-9bbe-2fd65d18bfc8/omNode-1/db.snapshots/checkpointState/om.db-ceca8010-018f-45ca-a2c6-8a4a1798d803 for snapshot snapshot-6187281517
2025-07-15 19:45:58,671 [omNode-1-OMStateMachineApplyTransactionThread - 0] INFO  snapshot.OMSnapshotCreateRequest (OMSnapshotCreateRequest.java:validateAndUpdateCache(226)) - Created snapshot: 'snapshot-0868064497' with snapshotId: '57c0fe4d-6bb5-41c4-82c2-cd698ebc2200' under path 'volume50885/bucket67782'
2025-07-15 19:45:58,685 [Thread-6773] INFO  rocksdiff.RocksDBCheckpointDiffer (RocksDBCheckpointDiffer.java:shouldSkipCompaction(440)) - Skipped the compaction entry. Compaction input files: [/home/runner/work/ozone/ozone/hadoop-ozone/integration-test/target/test-dir/MiniOzoneClusterImpl-0e8a6840-8092-433d-9bbe-2fd65d18bfc8/omNode-2/om.db/000199.sst] and output files: [/home/runner/work/ozone/ozone/hadoop-ozone/integration-test/target/test-dir/MiniOzoneClusterImpl-0e8a6840-8092-433d-9bbe-2fd65d18bfc8/omNode-2/om.db/000199.sst] are same.
2025-07-15 19:45:58,686 [Thread-6777] INFO  rocksdiff.RocksDBCheckpointDiffer (RocksDBCheckpointDiffer.java:shouldSkipCompaction(440)) - Skipped the compaction entry. Compaction input files: [/home/runner/work/ozone/ozone/hadoop-ozone/integration-test/target/test-dir/MiniOzoneClusterImpl-0e8a6840-8092-433d-9bbe-2fd65d18bfc8/omNode-3/om.db/000199.sst] and output files: [/home/runner/work/ozone/ozone/hadoop-ozone/integration-test/target/test-dir/MiniOzoneClusterImpl-0e8a6840-8092-433d-9bbe-2fd65d18bfc8/omNode-3/om.db/000199.sst] are same.
2025-07-15 19:45:58,694 [omNode-3-OMDoubleBufferFlushThread] INFO  db.RDBCheckpointManager (RDBCheckpointManager.java:createCheckpoint(87)) - Created checkpoint in rocksDB at /home/runner/work/ozone/ozone/hadoop-ozone/integration-test/target/test-dir/MiniOzoneClusterImpl-0e8a6840-8092-433d-9bbe-2fd65d18bfc8/omNode-3/db.snapshots/checkpointState/om.db-ceca8010-018f-45ca-a2c6-8a4a1798d803 in 50 milliseconds
2025-07-15 19:45:58,695 [omNode-2-OMDoubleBufferFlushThread] INFO  db.RDBCheckpointManager (RDBCheckpointManager.java:createCheckpoint(87)) - Created checkpoint in rocksDB at /home/runner/work/ozone/ozone/hadoop-ozone/integration-test/target/test-dir/MiniOzoneClusterImpl-0e8a6840-8092-433d-9bbe-2fd65d18bfc8/omNode-2/db.snapshots/checkpointState/om.db-ceca8010-018f-45ca-a2c6-8a4a1798d803 in 53 milliseconds
2025-07-15 19:45:58,695 [omNode-2-OMDoubleBufferFlushThread] INFO  om.OmSnapshotManager (OmSnapshotManager.java:createOmSnapshotCheckpoint(503)) - Created checkpoint : /home/runner/work/ozone/ozone/hadoop-ozone/integration-test/target/test-dir/MiniOzoneClusterImpl-0e8a6840-8092-433d-9bbe-2fd65d18bfc8/omNode-2/db.snapshots/checkpointState/om.db-ceca8010-018f-45ca-a2c6-8a4a1798d803 for snapshot snapshot-6187281517
2025-07-15 19:45:58,696 [omNode-3-OMDoubleBufferFlushThread] INFO  om.OmSnapshotManager (OmSnapshotManager.java:createOmSnapshotCheckpoint(503)) - Created checkpoint : /home/runner/work/ozone/ozone/hadoop-ozone/integration-test/target/test-dir/MiniOzoneClusterImpl-0e8a6840-8092-433d-9bbe-2fd65d18bfc8/omNode-3/db.snapshots/checkpointState/om.db-ceca8010-018f-45ca-a2c6-8a4a1798d803 for snapshot snapshot-6187281517
2025-07-15 19:45:58,714 [omNode-2-OMStateMachineApplyTransactionThread - 0] INFO  snapshot.OMSnapshotCreateRequest (OMSnapshotCreateRequest.java:validateAndUpdateCache(226)) - Created snapshot: 'snapshot-0868064497' with snapshotId: '57c0fe4d-6bb5-41c4-82c2-cd698ebc2200' under path 'volume50885/bucket67782'
2025-07-15 19:45:58,727 [Thread-6849] INFO  rocksdiff.RocksDBCheckpointDiffer (RocksDBCheckpointDiffer.java:shouldSkipCompaction(440)) - Skipped the compaction entry. Compaction input files: [/home/runner/work/ozone/ozone/hadoop-ozone/integration-test/target/test-dir/MiniOzoneClusterImpl-0e8a6840-8092-433d-9bbe-2fd65d18bfc8/omNode-1/om.db/000207.sst] and output files: [/home/runner/work/ozone/ozone/hadoop-ozone/integration-test/target/test-dir/MiniOzoneClusterImpl-0e8a6840-8092-433d-9bbe-2fd65d18bfc8/omNode-1/om.db/000207.sst] are same.
2025-07-15 19:45:58,728 [omNode-3-OMStateMachineApplyTransactionThread - 0] INFO  snapshot.OMSnapshotCreateRequest (OMSnapshotCreateRequest.java:validateAndUpdateCache(226)) - Created snapshot: 'snapshot-0868064497' with snapshotId: '57c0fe4d-6bb5-41c4-82c2-cd698ebc2200' under path 'volume50885/bucket67782'
2025-07-15 19:45:58,738 [omNode-1-OMDoubleBufferFlushThread] INFO  db.RDBCheckpointManager (RDBCheckpointManager.java:createCheckpoint(87)) - Created checkpoint in rocksDB at /home/runner/work/ozone/ozone/hadoop-ozone/integration-test/target/test-dir/MiniOzoneClusterImpl-0e8a6840-8092-433d-9bbe-2fd65d18bfc8/omNode-1/db.snapshots/checkpointState/om.db-57c0fe4d-6bb5-41c4-82c2-cd698ebc2200 in 64 milliseconds
2025-07-15 19:45:58,739 [omNode-1-OMDoubleBufferFlushThread] INFO  om.OmSnapshotManager (OmSnapshotManager.java:createOmSnapshotCheckpoint(503)) - Created checkpoint : /home/runner/work/ozone/ozone/hadoop-ozone/integration-test/target/test-dir/MiniOzoneClusterImpl-0e8a6840-8092-433d-9bbe-2fd65d18bfc8/omNode-1/db.snapshots/checkpointState/om.db-57c0fe4d-6bb5-41c4-82c2-cd698ebc2200 for snapshot snapshot-0868064497
2025-07-15 19:45:58,757 [omNode-1-OMStateMachineApplyTransactionThread - 0] INFO  snapshot.OMSnapshotCreateRequest (OMSnapshotCreateRequest.java:validateAndUpdateCache(226)) - Created snapshot: 'snapshot-7223314152' with snapshotId: '63b3d41d-7391-4fb4-8229-cef539dce2dc' under path 'volume44784/bucket19548'
2025-07-15 19:45:58,763 [Thread-6967] INFO  rocksdiff.RocksDBCheckpointDiffer (RocksDBCheckpointDiffer.java:shouldSkipCompaction(440)) - Skipped the compaction entry. Compaction input files: [/home/runner/work/ozone/ozone/hadoop-ozone/integration-test/target/test-dir/MiniOzoneClusterImpl-0e8a6840-8092-433d-9bbe-2fd65d18bfc8/omNode-2/om.db/000207.sst] and output files: [/home/runner/work/ozone/ozone/hadoop-ozone/integration-test/target/test-dir/MiniOzoneClusterImpl-0e8a6840-8092-433d-9bbe-2fd65d18bfc8/omNode-2/om.db/000207.sst] are same.
2025-07-15 19:45:58,771 [omNode-2-OMDoubleBufferFlushThread] INFO  db.RDBCheckpointManager (RDBCheckpointManager.java:createCheckpoint(87)) - Created checkpoint in rocksDB at /home/runner/work/ozone/ozone/hadoop-ozone/integration-test/target/test-dir/MiniOzoneClusterImpl-0e8a6840-8092-433d-9bbe-2fd65d18bfc8/omNode-2/db.snapshots/checkpointState/om.db-57c0fe4d-6bb5-41c4-82c2-cd698ebc2200 in 54 milliseconds
2025-07-15 19:45:58,772 [omNode-2-OMDoubleBufferFlushThread] INFO  om.OmSnapshotManager (OmSnapshotManager.java:createOmSnapshotCheckpoint(503)) - Created checkpoint : /home/runner/work/ozone/ozone/hadoop-ozone/integration-test/target/test-dir/MiniOzoneClusterImpl-0e8a6840-8092-433d-9bbe-2fd65d18bfc8/omNode-2/db.snapshots/checkpointState/om.db-57c0fe4d-6bb5-41c4-82c2-cd698ebc2200 for snapshot snapshot-0868064497
2025-07-15 19:45:58,791 [Thread-7027] INFO  rocksdiff.RocksDBCheckpointDiffer (RocksDBCheckpointDiffer.java:shouldSkipCompaction(440)) - Skipped the compaction entry. Compaction input files: [/home/runner/work/ozone/ozone/hadoop-ozone/integration-test/target/test-dir/MiniOzoneClusterImpl-0e8a6840-8092-433d-9bbe-2fd65d18bfc8/omNode-3/om.db/000206.sst] and output files: [/home/runner/work/ozone/ozone/hadoop-ozone/integration-test/target/test-dir/MiniOzoneClusterImpl-0e8a6840-8092-433d-9bbe-2fd65d18bfc8/omNode-3/om.db/000206.sst] are same.
2025-07-15 19:45:58,797 [omNode-3-OMDoubleBufferFlushThread] INFO  db.RDBCheckpointManager (RDBCheckpointManager.java:createCheckpoint(87)) - Created checkpoint in rocksDB at /home/runner/work/ozone/ozone/hadoop-ozone/integration-test/target/test-dir/MiniOzoneClusterImpl-0e8a6840-8092-433d-9bbe-2fd65d18bfc8/omNode-3/db.snapshots/checkpointState/om.db-57c0fe4d-6bb5-41c4-82c2-cd698ebc2200 in 64 milliseconds
2025-07-15 19:45:58,798 [omNode-3-OMDoubleBufferFlushThread] INFO  om.OmSnapshotManager (OmSnapshotManager.java:createOmSnapshotCheckpoint(503)) - Created checkpoint : /home/runner/work/ozone/ozone/hadoop-ozone/integration-test/target/test-dir/MiniOzoneClusterImpl-0e8a6840-8092-433d-9bbe-2fd65d18bfc8/omNode-3/db.snapshots/checkpointState/om.db-57c0fe4d-6bb5-41c4-82c2-cd698ebc2200 for snapshot snapshot-0868064497
2025-07-15 19:45:58,809 [omNode-2-OMStateMachineApplyTransactionThread - 0] INFO  snapshot.OMSnapshotCreateRequest (OMSnapshotCreateRequest.java:validateAndUpdateCache(226)) - Created snapshot: 'snapshot-7223314152' with snapshotId: '63b3d41d-7391-4fb4-8229-cef539dce2dc' under path 'volume44784/bucket19548'
2025-07-15 19:45:58,835 [omNode-3-OMStateMachineApplyTransactionThread - 0] INFO  snapshot.OMSnapshotCreateRequest (OMSnapshotCreateRequest.java:validateAndUpdateCache(226)) - Created snapshot: 'snapshot-7223314152' with snapshotId: '63b3d41d-7391-4fb4-8229-cef539dce2dc' under path 'volume44784/bucket19548'
2025-07-15 19:45:58,837 [omNode-1-OMDoubleBufferFlushThread] INFO  db.RDBCheckpointManager (RDBCheckpointManager.java:createCheckpoint(87)) - Created checkpoint in rocksDB at /home/runner/work/ozone/ozone/hadoop-ozone/integration-test/target/test-dir/MiniOzoneClusterImpl-0e8a6840-8092-433d-9bbe-2fd65d18bfc8/omNode-1/db.snapshots/checkpointState/om.db-63b3d41d-7391-4fb4-8229-cef539dce2dc in 76 milliseconds
2025-07-15 19:45:58,837 [omNode-1-OMDoubleBufferFlushThread] INFO  om.OmSnapshotManager (OmSnapshotManager.java:createOmSnapshotCheckpoint(503)) - Created checkpoint : /home/runner/work/ozone/ozone/hadoop-ozone/integration-test/target/test-dir/MiniOzoneClusterImpl-0e8a6840-8092-433d-9bbe-2fd65d18bfc8/omNode-1/db.snapshots/checkpointState/om.db-63b3d41d-7391-4fb4-8229-cef539dce2dc for snapshot snapshot-7223314152
2025-07-15 19:45:58,841 [Thread-7107] INFO  rocksdiff.RocksDBCheckpointDiffer (RocksDBCheckpointDiffer.java:shouldSkipCompaction(440)) - Skipped the compaction entry. Compaction input files: [/home/runner/work/ozone/ozone/hadoop-ozone/integration-test/target/test-dir/MiniOzoneClusterImpl-0e8a6840-8092-433d-9bbe-2fd65d18bfc8/omNode-1/om.db/000213.sst] and output files: [/home/runner/work/ozone/ozone/hadoop-ozone/integration-test/target/test-dir/MiniOzoneClusterImpl-0e8a6840-8092-433d-9bbe-2fd65d18bfc8/omNode-1/om.db/000213.sst] are same.
2025-07-15 19:45:58,865 [omNode-1-OMStateMachineApplyTransactionThread - 0] INFO  snapshot.OMSnapshotCreateRequest (OMSnapshotCreateRequest.java:validateAndUpdateCache(226)) - Created snapshot: 'snapshot-0855577529' with snapshotId: '1aa8f2ca-53d0-4b00-8362-6ccf3ee82ca6' under path 'volume89380/bucket70530'
2025-07-15 19:45:58,894 [Thread-7300] INFO  rocksdiff.RocksDBCheckpointDiffer (RocksDBCheckpointDiffer.java:shouldSkipCompaction(440)) - Skipped the compaction entry. Compaction input files: [/home/runner/work/ozone/ozone/hadoop-ozone/integration-test/target/test-dir/MiniOzoneClusterImpl-0e8a6840-8092-433d-9bbe-2fd65d18bfc8/omNode-2/om.db/000213.sst] and output files: [/home/runner/work/ozone/ozone/hadoop-ozone/integration-test/target/test-dir/MiniOzoneClusterImpl-0e8a6840-8092-433d-9bbe-2fd65d18bfc8/omNode-2/om.db/000213.sst] are same.
2025-07-15 19:45:58,904 [omNode-2-OMDoubleBufferFlushThread] INFO  db.RDBCheckpointManager (RDBCheckpointManager.java:createCheckpoint(87)) - Created checkpoint in rocksDB at /home/runner/work/ozone/ozone/hadoop-ozone/integration-test/target/test-dir/MiniOzoneClusterImpl-0e8a6840-8092-433d-9bbe-2fd65d18bfc8/omNode-2/db.snapshots/checkpointState/om.db-63b3d41d-7391-4fb4-8229-cef539dce2dc in 86 milliseconds
2025-07-15 19:45:58,906 [omNode-2-OMDoubleBufferFlushThread] INFO  om.OmSnapshotManager (OmSnapshotManager.java:createOmSnapshotCheckpoint(503)) - Created checkpoint : /home/runner/work/ozone/ozone/hadoop-ozone/integration-test/target/test-dir/MiniOzoneClusterImpl-0e8a6840-8092-433d-9bbe-2fd65d18bfc8/omNode-2/db.snapshots/checkpointState/om.db-63b3d41d-7391-4fb4-8229-cef539dce2dc for snapshot snapshot-7223314152
2025-07-15 19:45:58,920 [Thread-7351] INFO  rocksdiff.RocksDBCheckpointDiffer (RocksDBCheckpointDiffer.java:shouldSkipCompaction(440)) - Skipped the compaction entry. Compaction input files: [/home/runner/work/ozone/ozone/hadoop-ozone/integration-test/target/test-dir/MiniOzoneClusterImpl-0e8a6840-8092-433d-9bbe-2fd65d18bfc8/omNode-3/om.db/000213.sst] and output files: [/home/runner/work/ozone/ozone/hadoop-ozone/integration-test/target/test-dir/MiniOzoneClusterImpl-0e8a6840-8092-433d-9bbe-2fd65d18bfc8/omNode-3/om.db/000213.sst] are same.
2025-07-15 19:45:58,926 [omNode-3-OMDoubleBufferFlushThread] INFO  db.RDBCheckpointManager (RDBCheckpointManager.java:createCheckpoint(87)) - Created checkpoint in rocksDB at /home/runner/work/ozone/ozone/hadoop-ozone/integration-test/target/test-dir/MiniOzoneClusterImpl-0e8a6840-8092-433d-9bbe-2fd65d18bfc8/omNode-3/db.snapshots/checkpointState/om.db-63b3d41d-7391-4fb4-8229-cef539dce2dc in 89 milliseconds
2025-07-15 19:45:58,927 [omNode-3-OMDoubleBufferFlushThread] INFO  om.OmSnapshotManager (OmSnapshotManager.java:createOmSnapshotCheckpoint(503)) - Created checkpoint : /home/runner/work/ozone/ozone/hadoop-ozone/integration-test/target/test-dir/MiniOzoneClusterImpl-0e8a6840-8092-433d-9bbe-2fd65d18bfc8/omNode-3/db.snapshots/checkpointState/om.db-63b3d41d-7391-4fb4-8229-cef539dce2dc for snapshot snapshot-7223314152
2025-07-15 19:45:58,939 [omNode-3-OMStateMachineApplyTransactionThread - 0] INFO  snapshot.OMSnapshotCreateRequest (OMSnapshotCreateRequest.java:validateAndUpdateCache(226)) - Created snapshot: 'snapshot-0855577529' with snapshotId: '1aa8f2ca-53d0-4b00-8362-6ccf3ee82ca6' under path 'volume89380/bucket70530'
2025-07-15 19:45:58,941 [Thread-7373] INFO  rocksdiff.RocksDBCheckpointDiffer (RocksDBCheckpointDiffer.java:shouldSkipCompaction(440)) - Skipped the compaction entry. Compaction input files: [/home/runner/work/ozone/ozone/hadoop-ozone/integration-test/target/test-dir/MiniOzoneClusterImpl-0e8a6840-8092-433d-9bbe-2fd65d18bfc8/omNode-1/om.db/000225.sst, /home/runner/work/ozone/ozone/hadoop-ozone/integration-test/target/test-dir/MiniOzoneClusterImpl-0e8a6840-8092-433d-9bbe-2fd65d18bfc8/omNode-1/om.db/000219.sst] and output files: [/home/runner/work/ozone/ozone/hadoop-ozone/integration-test/target/test-dir/MiniOzoneClusterImpl-0e8a6840-8092-433d-9bbe-2fd65d18bfc8/omNode-1/om.db/000225.sst, /home/runner/work/ozone/ozone/hadoop-ozone/integration-test/target/test-dir/MiniOzoneClusterImpl-0e8a6840-8092-433d-9bbe-2fd65d18bfc8/omNode-1/om.db/000219.sst] are same.
2025-07-15 19:45:58,945 [omNode-2-OMStateMachineApplyTransactionThread - 0] INFO  snapshot.OMSnapshotCreateRequest (OMSnapshotCreateRequest.java:validateAndUpdateCache(226)) - Created snapshot: 'snapshot-0855577529' with snapshotId: '1aa8f2ca-53d0-4b00-8362-6ccf3ee82ca6' under path 'volume89380/bucket70530'
2025-07-15 19:45:58,959 [omNode-1-OMDoubleBufferFlushThread] INFO  db.RDBCheckpointManager (RDBCheckpointManager.java:createCheckpoint(87)) - Created checkpoint in rocksDB at /home/runner/work/ozone/ozone/hadoop-ozone/integration-test/target/test-dir/MiniOzoneClusterImpl-0e8a6840-8092-433d-9bbe-2fd65d18bfc8/omNode-1/db.snapshots/checkpointState/om.db-1aa8f2ca-53d0-4b00-8362-6ccf3ee82ca6 in 92 milliseconds
2025-07-15 19:45:58,960 [omNode-1-OMDoubleBufferFlushThread] INFO  om.OmSnapshotManager (OmSnapshotManager.java:createOmSnapshotCheckpoint(503)) - Created checkpoint : /home/runner/work/ozone/ozone/hadoop-ozone/integration-test/target/test-dir/MiniOzoneClusterImpl-0e8a6840-8092-433d-9bbe-2fd65d18bfc8/omNode-1/db.snapshots/checkpointState/om.db-1aa8f2ca-53d0-4b00-8362-6ccf3ee82ca6 for snapshot snapshot-0855577529
2025-07-15 19:45:58,986 [Thread-7511] INFO  rocksdiff.RocksDBCheckpointDiffer (RocksDBCheckpointDiffer.java:shouldSkipCompaction(440)) - Skipped the compaction entry. Compaction input files: [/home/runner/work/ozone/ozone/hadoop-ozone/integration-test/target/test-dir/MiniOzoneClusterImpl-0e8a6840-8092-433d-9bbe-2fd65d18bfc8/omNode-3/om.db/000225.sst, /home/runner/work/ozone/ozone/hadoop-ozone/integration-test/target/test-dir/MiniOzoneClusterImpl-0e8a6840-8092-433d-9bbe-2fd65d18bfc8/omNode-3/om.db/000219.sst] and output files: [/home/runner/work/ozone/ozone/hadoop-ozone/integration-test/target/test-dir/MiniOzoneClusterImpl-0e8a6840-8092-433d-9bbe-2fd65d18bfc8/omNode-3/om.db/000225.sst, /home/runner/work/ozone/ozone/hadoop-ozone/integration-test/target/test-dir/MiniOzoneClusterImpl-0e8a6840-8092-433d-9bbe-2fd65d18bfc8/omNode-3/om.db/000219.sst] are same.
2025-07-15 19:45:58,987 [omNode-1-OMStateMachineApplyTransactionThread - 0] INFO  snapshot.OMSnapshotCreateRequest (OMSnapshotCreateRequest.java:validateAndUpdateCache(226)) - Created snapshot: 'snapshot-9217881876' with snapshotId: '8dba40f0-886d-4f6f-8a5f-260364f443b3' under path 'volume62899/bucket22342'
2025-07-15 19:45:58,990 [Thread-7517] INFO  rocksdiff.RocksDBCheckpointDiffer (RocksDBCheckpointDiffer.java:shouldSkipCompaction(440)) - Skipped the compaction entry. Compaction input files: [/home/runner/work/ozone/ozone/hadoop-ozone/integration-test/target/test-dir/MiniOzoneClusterImpl-0e8a6840-8092-433d-9bbe-2fd65d18bfc8/omNode-2/om.db/000225.sst, /home/runner/work/ozone/ozone/hadoop-ozone/integration-test/target/test-dir/MiniOzoneClusterImpl-0e8a6840-8092-433d-9bbe-2fd65d18bfc8/omNode-2/om.db/000219.sst] and output files: [/home/runner/work/ozone/ozone/hadoop-ozone/integration-test/target/test-dir/MiniOzoneClusterImpl-0e8a6840-8092-433d-9bbe-2fd65d18bfc8/omNode-2/om.db/000225.sst, /home/runner/work/ozone/ozone/hadoop-ozone/integration-test/target/test-dir/MiniOzoneClusterImpl-0e8a6840-8092-433d-9bbe-2fd65d18bfc8/omNode-2/om.db/000219.sst] are same.
2025-07-15 19:45:58,994 [omNode-3-OMDoubleBufferFlushThread] INFO  db.RDBCheckpointManager (RDBCheckpointManager.java:createCheckpoint(87)) - Created checkpoint in rocksDB at /home/runner/work/ozone/ozone/hadoop-ozone/integration-test/target/test-dir/MiniOzoneClusterImpl-0e8a6840-8092-433d-9bbe-2fd65d18bfc8/omNode-3/db.snapshots/checkpointState/om.db-1aa8f2ca-53d0-4b00-8362-6ccf3ee82ca6 in 51 milliseconds
2025-07-15 19:45:58,994 [omNode-3-OMDoubleBufferFlushThread] INFO  om.OmSnapshotManager (OmSnapshotManager.java:createOmSnapshotCheckpoint(503)) - Created checkpoint : /home/runner/work/ozone/ozone/hadoop-ozone/integration-test/target/test-dir/MiniOzoneClusterImpl-0e8a6840-8092-433d-9bbe-2fd65d18bfc8/omNode-3/db.snapshots/checkpointState/om.db-1aa8f2ca-53d0-4b00-8362-6ccf3ee82ca6 for snapshot snapshot-0855577529
2025-07-15 19:45:58,999 [omNode-2-OMDoubleBufferFlushThread] INFO  db.RDBCheckpointManager (RDBCheckpointManager.java:createCheckpoint(87)) - Created checkpoint in rocksDB at /home/runner/work/ozone/ozone/hadoop-ozone/integration-test/target/test-dir/MiniOzoneClusterImpl-0e8a6840-8092-433d-9bbe-2fd65d18bfc8/omNode-2/db.snapshots/checkpointState/om.db-1aa8f2ca-53d0-4b00-8362-6ccf3ee82ca6 in 38 milliseconds
2025-07-15 19:45:59,000 [omNode-2-OMDoubleBufferFlushThread] INFO  om.OmSnapshotManager (OmSnapshotManager.java:createOmSnapshotCheckpoint(503)) - Created checkpoint : /home/runner/work/ozone/ozone/hadoop-ozone/integration-test/target/test-dir/MiniOzoneClusterImpl-0e8a6840-8092-433d-9bbe-2fd65d18bfc8/omNode-2/db.snapshots/checkpointState/om.db-1aa8f2ca-53d0-4b00-8362-6ccf3ee82ca6 for snapshot snapshot-0855577529
2025-07-15 19:45:59,025 [omNode-2-OMStateMachineApplyTransactionThread - 0] INFO  snapshot.OMSnapshotCreateRequest (OMSnapshotCreateRequest.java:validateAndUpdateCache(226)) - Created snapshot: 'snapshot-9217881876' with snapshotId: '8dba40f0-886d-4f6f-8a5f-260364f443b3' under path 'volume62899/bucket22342'
2025-07-15 19:45:59,028 [omNode-3-OMStateMachineApplyTransactionThread - 0] INFO  snapshot.OMSnapshotCreateRequest (OMSnapshotCreateRequest.java:validateAndUpdateCache(226)) - Created snapshot: 'snapshot-9217881876' with snapshotId: '8dba40f0-886d-4f6f-8a5f-260364f443b3' under path 'volume62899/bucket22342'
2025-07-15 19:45:59,048 [omNode-1-OMDoubleBufferFlushThread] INFO  db.RDBCheckpointManager (RDBCheckpointManager.java:createCheckpoint(87)) - Created checkpoint in rocksDB at /home/runner/work/ozone/ozone/hadoop-ozone/integration-test/target/test-dir/MiniOzoneClusterImpl-0e8a6840-8092-433d-9bbe-2fd65d18bfc8/omNode-1/db.snapshots/checkpointState/om.db-8dba40f0-886d-4f6f-8a5f-260364f443b3 in 58 milliseconds
2025-07-15 19:45:59,048 [omNode-1-OMDoubleBufferFlushThread] INFO  om.OmSnapshotManager (OmSnapshotManager.java:createOmSnapshotCheckpoint(503)) - Created checkpoint : /home/runner/work/ozone/ozone/hadoop-ozone/integration-test/target/test-dir/MiniOzoneClusterImpl-0e8a6840-8092-433d-9bbe-2fd65d18bfc8/omNode-1/db.snapshots/checkpointState/om.db-8dba40f0-886d-4f6f-8a5f-260364f443b3 for snapshot snapshot-9217881876
2025-07-15 19:45:59,060 [omNode-1-OMStateMachineApplyTransactionThread - 0] INFO  snapshot.OMSnapshotCreateRequest (OMSnapshotCreateRequest.java:validateAndUpdateCache(226)) - Created snapshot: 'snapshot-1531970093' with snapshotId: '93b5ae67-6a7b-4967-929e-130f933c73cb' under path 'volume45943/bucket86319'
2025-07-15 19:45:59,073 [omNode-3-OMDoubleBufferFlushThread] INFO  db.RDBCheckpointManager (RDBCheckpointManager.java:createCheckpoint(87)) - Created checkpoint in rocksDB at /home/runner/work/ozone/ozone/hadoop-ozone/integration-test/target/test-dir/MiniOzoneClusterImpl-0e8a6840-8092-433d-9bbe-2fd65d18bfc8/omNode-3/db.snapshots/checkpointState/om.db-8dba40f0-886d-4f6f-8a5f-260364f443b3 in 42 milliseconds
2025-07-15 19:45:59,074 [omNode-3-OMDoubleBufferFlushThread] INFO  om.OmSnapshotManager (OmSnapshotManager.java:createOmSnapshotCheckpoint(503)) - Created checkpoint : /home/runner/work/ozone/ozone/hadoop-ozone/integration-test/target/test-dir/MiniOzoneClusterImpl-0e8a6840-8092-433d-9bbe-2fd65d18bfc8/omNode-3/db.snapshots/checkpointState/om.db-8dba40f0-886d-4f6f-8a5f-260364f443b3 for snapshot snapshot-9217881876
2025-07-15 19:45:59,075 [omNode-2-OMDoubleBufferFlushThread] INFO  db.RDBCheckpointManager (RDBCheckpointManager.java:createCheckpoint(87)) - Created checkpoint in rocksDB at /home/runner/work/ozone/ozone/hadoop-ozone/integration-test/target/test-dir/MiniOzoneClusterImpl-0e8a6840-8092-433d-9bbe-2fd65d18bfc8/omNode-2/db.snapshots/checkpointState/om.db-8dba40f0-886d-4f6f-8a5f-260364f443b3 in 45 milliseconds
2025-07-15 19:45:59,075 [omNode-2-OMDoubleBufferFlushThread] INFO  om.OmSnapshotManager (OmSnapshotManager.java:createOmSnapshotCheckpoint(503)) - Created checkpoint : /home/runner/work/ozone/ozone/hadoop-ozone/integration-test/target/test-dir/MiniOzoneClusterImpl-0e8a6840-8092-433d-9bbe-2fd65d18bfc8/omNode-2/db.snapshots/checkpointState/om.db-8dba40f0-886d-4f6f-8a5f-260364f443b3 for snapshot snapshot-9217881876
2025-07-15 19:45:59,090 [omNode-3-OMStateMachineApplyTransactionThread - 0] INFO  snapshot.OMSnapshotCreateRequest (OMSnapshotCreateRequest.java:validateAndUpdateCache(226)) - Created snapshot: 'snapshot-1531970093' with snapshotId: '93b5ae67-6a7b-4967-929e-130f933c73cb' under path 'volume45943/bucket86319'
2025-07-15 19:45:59,094 [omNode-2-OMStateMachineApplyTransactionThread - 0] INFO  snapshot.OMSnapshotCreateRequest (OMSnapshotCreateRequest.java:validateAndUpdateCache(226)) - Created snapshot: 'snapshot-1531970093' with snapshotId: '93b5ae67-6a7b-4967-929e-130f933c73cb' under path 'volume45943/bucket86319'
2025-07-15 19:45:59,105 [Thread-7815] INFO  rocksdiff.RocksDBCheckpointDiffer (RocksDBCheckpointDiffer.java:shouldSkipCompaction(440)) - Skipped the compaction entry. Compaction input files: [/home/runner/work/ozone/ozone/hadoop-ozone/integration-test/target/test-dir/MiniOzoneClusterImpl-0e8a6840-8092-433d-9bbe-2fd65d18bfc8/omNode-1/om.db/000232.sst] and output files: [/home/runner/work/ozone/ozone/hadoop-ozone/integration-test/target/test-dir/MiniOzoneClusterImpl-0e8a6840-8092-433d-9bbe-2fd65d18bfc8/omNode-1/om.db/000232.sst] are same.
2025-07-15 19:45:59,116 [omNode-1-OMDoubleBufferFlushThread] INFO  db.RDBCheckpointManager (RDBCheckpointManager.java:createCheckpoint(87)) - Created checkpoint in rocksDB at /home/runner/work/ozone/ozone/hadoop-ozone/integration-test/target/test-dir/MiniOzoneClusterImpl-0e8a6840-8092-433d-9bbe-2fd65d18bfc8/omNode-1/db.snapshots/checkpointState/om.db-93b5ae67-6a7b-4967-929e-130f933c73cb in 53 milliseconds
2025-07-15 19:45:59,117 [omNode-1-OMDoubleBufferFlushThread] INFO  om.OmSnapshotManager (OmSnapshotManager.java:createOmSnapshotCheckpoint(503)) - Created checkpoint : /home/runner/work/ozone/ozone/hadoop-ozone/integration-test/target/test-dir/MiniOzoneClusterImpl-0e8a6840-8092-433d-9bbe-2fd65d18bfc8/omNode-1/db.snapshots/checkpointState/om.db-93b5ae67-6a7b-4967-929e-130f933c73cb for snapshot snapshot-1531970093
2025-07-15 19:45:59,133 [Thread-7920] INFO  rocksdiff.RocksDBCheckpointDiffer (RocksDBCheckpointDiffer.java:shouldSkipCompaction(440)) - Skipped the compaction entry. Compaction input files: [/home/runner/work/ozone/ozone/hadoop-ozone/integration-test/target/test-dir/MiniOzoneClusterImpl-0e8a6840-8092-433d-9bbe-2fd65d18bfc8/omNode-3/om.db/000232.sst] and output files: [/home/runner/work/ozone/ozone/hadoop-ozone/integration-test/target/test-dir/MiniOzoneClusterImpl-0e8a6840-8092-433d-9bbe-2fd65d18bfc8/omNode-3/om.db/000232.sst] are same.
2025-07-15 19:45:59,140 [Thread-7926] INFO  rocksdiff.RocksDBCheckpointDiffer (RocksDBCheckpointDiffer.java:shouldSkipCompaction(440)) - Skipped the compaction entry. Compaction input files: [/home/runner/work/ozone/ozone/hadoop-ozone/integration-test/target/test-dir/MiniOzoneClusterImpl-0e8a6840-8092-433d-9bbe-2fd65d18bfc8/omNode-2/om.db/000232.sst] and output files: [/home/runner/work/ozone/ozone/hadoop-ozone/integration-test/target/test-dir/MiniOzoneClusterImpl-0e8a6840-8092-433d-9bbe-2fd65d18bfc8/omNode-2/om.db/000232.sst] are same.
2025-07-15 19:45:59,142 [omNode-3-OMDoubleBufferFlushThread] INFO  db.RDBCheckpointManager (RDBCheckpointManager.java:createCheckpoint(87)) - Created checkpoint in rocksDB at /home/runner/work/ozone/ozone/hadoop-ozone/integration-test/target/test-dir/MiniOzoneClusterImpl-0e8a6840-8092-433d-9bbe-2fd65d18bfc8/omNode-3/db.snapshots/checkpointState/om.db-93b5ae67-6a7b-4967-929e-130f933c73cb in 48 milliseconds
2025-07-15 19:45:59,142 [omNode-1-OMStateMachineApplyTransactionThread - 0] INFO  snapshot.OMSnapshotCreateRequest (OMSnapshotCreateRequest.java:validateAndUpdateCache(226)) - Created snapshot: 'snapshot-2315152435' with snapshotId: '9a6fb03d-ed72-4405-9ede-47833d076aea' under path 'volume88620/bucket70916'
2025-07-15 19:45:59,143 [omNode-2-OMDoubleBufferFlushThread] INFO  db.RDBCheckpointManager (RDBCheckpointManager.java:createCheckpoint(87)) - Created checkpoint in rocksDB at /home/runner/work/ozone/ozone/hadoop-ozone/integration-test/target/test-dir/MiniOzoneClusterImpl-0e8a6840-8092-433d-9bbe-2fd65d18bfc8/omNode-2/db.snapshots/checkpointState/om.db-93b5ae67-6a7b-4967-929e-130f933c73cb in 46 milliseconds
2025-07-15 19:45:59,143 [omNode-3-OMDoubleBufferFlushThread] INFO  om.OmSnapshotManager (OmSnapshotManager.java:createOmSnapshotCheckpoint(503)) - Created checkpoint : /home/runner/work/ozone/ozone/hadoop-ozone/integration-test/target/test-dir/MiniOzoneClusterImpl-0e8a6840-8092-433d-9bbe-2fd65d18bfc8/omNode-3/db.snapshots/checkpointState/om.db-93b5ae67-6a7b-4967-929e-130f933c73cb for snapshot snapshot-1531970093
2025-07-15 19:45:59,144 [omNode-2-OMDoubleBufferFlushThread] INFO  om.OmSnapshotManager (OmSnapshotManager.java:createOmSnapshotCheckpoint(503)) - Created checkpoint : /home/runner/work/ozone/ozone/hadoop-ozone/integration-test/target/test-dir/MiniOzoneClusterImpl-0e8a6840-8092-433d-9bbe-2fd65d18bfc8/omNode-2/db.snapshots/checkpointState/om.db-93b5ae67-6a7b-4967-929e-130f933c73cb for snapshot snapshot-1531970093
2025-07-15 19:45:59,186 [omNode-2-OMStateMachineApplyTransactionThread - 0] INFO  snapshot.OMSnapshotCreateRequest (OMSnapshotCreateRequest.java:validateAndUpdateCache(226)) - Created snapshot: 'snapshot-2315152435' with snapshotId: '9a6fb03d-ed72-4405-9ede-47833d076aea' under path 'volume88620/bucket70916'
2025-07-15 19:45:59,191 [omNode-3-OMStateMachineApplyTransactionThread - 0] INFO  snapshot.OMSnapshotCreateRequest (OMSnapshotCreateRequest.java:validateAndUpdateCache(226)) - Created snapshot: 'snapshot-2315152435' with snapshotId: '9a6fb03d-ed72-4405-9ede-47833d076aea' under path 'volume88620/bucket70916'
2025-07-15 19:45:59,214 [omNode-1-OMDoubleBufferFlushThread] INFO  db.RDBCheckpointManager (RDBCheckpointManager.java:createCheckpoint(87)) - Created checkpoint in rocksDB at /home/runner/work/ozone/ozone/hadoop-ozone/integration-test/target/test-dir/MiniOzoneClusterImpl-0e8a6840-8092-433d-9bbe-2fd65d18bfc8/omNode-1/db.snapshots/checkpointState/om.db-9a6fb03d-ed72-4405-9ede-47833d076aea in 69 milliseconds
2025-07-15 19:45:59,214 [Thread-8090] INFO  rocksdiff.RocksDBCheckpointDiffer (RocksDBCheckpointDiffer.java:shouldSkipCompaction(440)) - Skipped the compaction entry. Compaction input files: [/home/runner/work/ozone/ozone/hadoop-ozone/integration-test/target/test-dir/MiniOzoneClusterImpl-0e8a6840-8092-433d-9bbe-2fd65d18bfc8/omNode-1/om.db/000239.sst] and output files: [/home/runner/work/ozone/ozone/hadoop-ozone/integration-test/target/test-dir/MiniOzoneClusterImpl-0e8a6840-8092-433d-9bbe-2fd65d18bfc8/omNode-1/om.db/000239.sst] are same.
2025-07-15 19:45:59,216 [omNode-1-OMDoubleBufferFlushThread] INFO  om.OmSnapshotManager (OmSnapshotManager.java:createOmSnapshotCheckpoint(503)) - Created checkpoint : /home/runner/work/ozone/ozone/hadoop-ozone/integration-test/target/test-dir/MiniOzoneClusterImpl-0e8a6840-8092-433d-9bbe-2fd65d18bfc8/omNode-1/db.snapshots/checkpointState/om.db-9a6fb03d-ed72-4405-9ede-47833d076aea for snapshot snapshot-2315152435
2025-07-15 19:45:59,239 [omNode-1-OMStateMachineApplyTransactionThread - 0] INFO  snapshot.OMSnapshotCreateRequest (OMSnapshotCreateRequest.java:validateAndUpdateCache(226)) - Created snapshot: 'snapshot-8915904941' with snapshotId: '858d598e-82b9-47e3-9b26-25fdd3284704' under path 'volume38661/bucket53271'
2025-07-15 19:45:59,255 [Thread-8265] INFO  rocksdiff.RocksDBCheckpointDiffer (RocksDBCheckpointDiffer.java:shouldSkipCompaction(440)) - Skipped the compaction entry. Compaction input files: [/home/runner/work/ozone/ozone/hadoop-ozone/integration-test/target/test-dir/MiniOzoneClusterImpl-0e8a6840-8092-433d-9bbe-2fd65d18bfc8/omNode-2/om.db/000239.sst] and output files: [/home/runner/work/ozone/ozone/hadoop-ozone/integration-test/target/test-dir/MiniOzoneClusterImpl-0e8a6840-8092-433d-9bbe-2fd65d18bfc8/omNode-2/om.db/000239.sst] are same.
2025-07-15 19:45:59,267 [omNode-2-OMDoubleBufferFlushThread] INFO  db.RDBCheckpointManager (RDBCheckpointManager.java:createCheckpoint(87)) - Created checkpoint in rocksDB at /home/runner/work/ozone/ozone/hadoop-ozone/integration-test/target/test-dir/MiniOzoneClusterImpl-0e8a6840-8092-433d-9bbe-2fd65d18bfc8/omNode-2/db.snapshots/checkpointState/om.db-9a6fb03d-ed72-4405-9ede-47833d076aea in 79 milliseconds
2025-07-15 19:45:59,267 [omNode-2-OMDoubleBufferFlushThread] INFO  om.OmSnapshotManager (OmSnapshotManager.java:createOmSnapshotCheckpoint(503)) - Created checkpoint : /home/runner/work/ozone/ozone/hadoop-ozone/integration-test/target/test-dir/MiniOzoneClusterImpl-0e8a6840-8092-433d-9bbe-2fd65d18bfc8/omNode-2/db.snapshots/checkpointState/om.db-9a6fb03d-ed72-4405-9ede-47833d076aea for snapshot snapshot-2315152435
2025-07-15 19:45:59,268 [Thread-8290] INFO  rocksdiff.RocksDBCheckpointDiffer (RocksDBCheckpointDiffer.java:shouldSkipCompaction(440)) - Skipped the compaction entry. Compaction input files: [/home/runner/work/ozone/ozone/hadoop-ozone/integration-test/target/test-dir/MiniOzoneClusterImpl-0e8a6840-8092-433d-9bbe-2fd65d18bfc8/omNode-3/om.db/000239.sst] and output files: [/home/runner/work/ozone/ozone/hadoop-ozone/integration-test/target/test-dir/MiniOzoneClusterImpl-0e8a6840-8092-433d-9bbe-2fd65d18bfc8/omNode-3/om.db/000239.sst] are same.
2025-07-15 19:45:59,270 [omNode-3-OMDoubleBufferFlushThread] INFO  db.RDBCheckpointManager (RDBCheckpointManager.java:createCheckpoint(87)) - Created checkpoint in rocksDB at /home/runner/work/ozone/ozone/hadoop-ozone/integration-test/target/test-dir/MiniOzoneClusterImpl-0e8a6840-8092-433d-9bbe-2fd65d18bfc8/omNode-3/db.snapshots/checkpointState/om.db-9a6fb03d-ed72-4405-9ede-47833d076aea in 77 milliseconds
2025-07-15 19:45:59,270 [omNode-3-OMDoubleBufferFlushThread] INFO  om.OmSnapshotManager (OmSnapshotManager.java:createOmSnapshotCheckpoint(503)) - Created checkpoint : /home/runner/work/ozone/ozone/hadoop-ozone/integration-test/target/test-dir/MiniOzoneClusterImpl-0e8a6840-8092-433d-9bbe-2fd65d18bfc8/omNode-3/db.snapshots/checkpointState/om.db-9a6fb03d-ed72-4405-9ede-47833d076aea for snapshot snapshot-2315152435
2025-07-15 19:45:59,303 [Thread-8336] INFO  rocksdiff.RocksDBCheckpointDiffer (RocksDBCheckpointDiffer.java:shouldSkipCompaction(440)) - Skipped the compaction entry. Compaction input files: [/home/runner/work/ozone/ozone/hadoop-ozone/integration-test/target/test-dir/MiniOzoneClusterImpl-0e8a6840-8092-433d-9bbe-2fd65d18bfc8/omNode-1/om.db/000245.sst] and output files: [/home/runner/work/ozone/ozone/hadoop-ozone/integration-test/target/test-dir/MiniOzoneClusterImpl-0e8a6840-8092-433d-9bbe-2fd65d18bfc8/omNode-1/om.db/000245.sst] are same.
2025-07-15 19:45:59,309 [omNode-1-OMDoubleBufferFlushThread] INFO  db.RDBCheckpointManager (RDBCheckpointManager.java:createCheckpoint(87)) - Created checkpoint in rocksDB at /home/runner/work/ozone/ozone/hadoop-ozone/integration-test/target/test-dir/MiniOzoneClusterImpl-0e8a6840-8092-433d-9bbe-2fd65d18bfc8/omNode-1/db.snapshots/checkpointState/om.db-858d598e-82b9-47e3-9b26-25fdd3284704 in 67 milliseconds
2025-07-15 19:45:59,312 [omNode-1-OMDoubleBufferFlushThread] INFO  om.OmSnapshotManager (OmSnapshotManager.java:createOmSnapshotCheckpoint(503)) - Created checkpoint : /home/runner/work/ozone/ozone/hadoop-ozone/integration-test/target/test-dir/MiniOzoneClusterImpl-0e8a6840-8092-433d-9bbe-2fd65d18bfc8/omNode-1/db.snapshots/checkpointState/om.db-858d598e-82b9-47e3-9b26-25fdd3284704 for snapshot snapshot-8915904941
2025-07-15 19:45:59,313 [omNode-2-OMStateMachineApplyTransactionThread - 0] INFO  snapshot.OMSnapshotCreateRequest (OMSnapshotCreateRequest.java:validateAndUpdateCache(226)) - Created snapshot: 'snapshot-8915904941' with snapshotId: '858d598e-82b9-47e3-9b26-25fdd3284704' under path 'volume38661/bucket53271'
2025-07-15 19:45:59,313 [omNode-3-OMStateMachineApplyTransactionThread - 0] INFO  snapshot.OMSnapshotCreateRequest (OMSnapshotCreateRequest.java:validateAndUpdateCache(226)) - Created snapshot: 'snapshot-8915904941' with snapshotId: '858d598e-82b9-47e3-9b26-25fdd3284704' under path 'volume38661/bucket53271'
2025-07-15 19:45:59,333 [omNode-1-OMStateMachineApplyTransactionThread - 0] INFO  snapshot.OMSnapshotCreateRequest (OMSnapshotCreateRequest.java:validateAndUpdateCache(226)) - Created snapshot: 'snapshot-1524611008' with snapshotId: '135d03d8-1428-4887-b498-756343c0772a' under path 'volume93011/bucket10902'
2025-07-15 19:45:59,350 [Thread-8479] INFO  rocksdiff.RocksDBCheckpointDiffer (RocksDBCheckpointDiffer.java:shouldSkipCompaction(440)) - Skipped the compaction entry. Compaction input files: [/home/runner/work/ozone/ozone/hadoop-ozone/integration-test/target/test-dir/MiniOzoneClusterImpl-0e8a6840-8092-433d-9bbe-2fd65d18bfc8/omNode-2/om.db/000245.sst] and output files: [/home/runner/work/ozone/ozone/hadoop-ozone/integration-test/target/test-dir/MiniOzoneClusterImpl-0e8a6840-8092-433d-9bbe-2fd65d18bfc8/omNode-2/om.db/000245.sst] are same.
2025-07-15 19:45:59,362 [omNode-2-OMDoubleBufferFlushThread] INFO  db.RDBCheckpointManager (RDBCheckpointManager.java:createCheckpoint(87)) - Created checkpoint in rocksDB at /home/runner/work/ozone/ozone/hadoop-ozone/integration-test/target/test-dir/MiniOzoneClusterImpl-0e8a6840-8092-433d-9bbe-2fd65d18bfc8/omNode-2/db.snapshots/checkpointState/om.db-858d598e-82b9-47e3-9b26-25fdd3284704 in 48 milliseconds
2025-07-15 19:45:59,363 [omNode-2-OMDoubleBufferFlushThread] INFO  om.OmSnapshotManager (OmSnapshotManager.java:createOmSnapshotCheckpoint(503)) - Created checkpoint : /home/runner/work/ozone/ozone/hadoop-ozone/integration-test/target/test-dir/MiniOzoneClusterImpl-0e8a6840-8092-433d-9bbe-2fd65d18bfc8/omNode-2/db.snapshots/checkpointState/om.db-858d598e-82b9-47e3-9b26-25fdd3284704 for snapshot snapshot-8915904941
2025-07-15 19:45:59,366 [Thread-8518] INFO  rocksdiff.RocksDBCheckpointDiffer (RocksDBCheckpointDiffer.java:shouldSkipCompaction(440)) - Skipped the compaction entry. Compaction input files: [/home/runner/work/ozone/ozone/hadoop-ozone/integration-test/target/test-dir/MiniOzoneClusterImpl-0e8a6840-8092-433d-9bbe-2fd65d18bfc8/omNode-3/om.db/000245.sst] and output files: [/home/runner/work/ozone/ozone/hadoop-ozone/integration-test/target/test-dir/MiniOzoneClusterImpl-0e8a6840-8092-433d-9bbe-2fd65d18bfc8/omNode-3/om.db/000245.sst] are same.
2025-07-15 19:45:59,373 [omNode-3-OMDoubleBufferFlushThread] INFO  db.RDBCheckpointManager (RDBCheckpointManager.java:createCheckpoint(87)) - Created checkpoint in rocksDB at /home/runner/work/ozone/ozone/hadoop-ozone/integration-test/target/test-dir/MiniOzoneClusterImpl-0e8a6840-8092-433d-9bbe-2fd65d18bfc8/omNode-3/db.snapshots/checkpointState/om.db-858d598e-82b9-47e3-9b26-25fdd3284704 in 57 milliseconds
2025-07-15 19:45:59,374 [omNode-3-OMDoubleBufferFlushThread] INFO  om.OmSnapshotManager (OmSnapshotManager.java:createOmSnapshotCheckpoint(503)) - Created checkpoint : /home/runner/work/ozone/ozone/hadoop-ozone/integration-test/target/test-dir/MiniOzoneClusterImpl-0e8a6840-8092-433d-9bbe-2fd65d18bfc8/omNode-3/db.snapshots/checkpointState/om.db-858d598e-82b9-47e3-9b26-25fdd3284704 for snapshot snapshot-8915904941
2025-07-15 19:45:59,388 [omNode-3-OMStateMachineApplyTransactionThread - 0] INFO  snapshot.OMSnapshotCreateRequest (OMSnapshotCreateRequest.java:validateAndUpdateCache(226)) - Created snapshot: 'snapshot-1524611008' with snapshotId: '135d03d8-1428-4887-b498-756343c0772a' under path 'volume93011/bucket10902'
2025-07-15 19:45:59,395 [omNode-2-OMStateMachineApplyTransactionThread - 0] INFO  snapshot.OMSnapshotCreateRequest (OMSnapshotCreateRequest.java:validateAndUpdateCache(226)) - Created snapshot: 'snapshot-1524611008' with snapshotId: '135d03d8-1428-4887-b498-756343c0772a' under path 'volume93011/bucket10902'
2025-07-15 19:45:59,401 [Thread-8571] INFO  rocksdiff.RocksDBCheckpointDiffer (RocksDBCheckpointDiffer.java:shouldSkipCompaction(440)) - Skipped the compaction entry. Compaction input files: [/home/runner/work/ozone/ozone/hadoop-ozone/integration-test/target/test-dir/MiniOzoneClusterImpl-0e8a6840-8092-433d-9bbe-2fd65d18bfc8/omNode-1/om.db/000251.sst] and output files: [/home/runner/work/ozone/ozone/hadoop-ozone/integration-test/target/test-dir/MiniOzoneClusterImpl-0e8a6840-8092-433d-9bbe-2fd65d18bfc8/omNode-1/om.db/000251.sst] are same.
2025-07-15 19:45:59,409 [omNode-1-OMDoubleBufferFlushThread] INFO  db.RDBCheckpointManager (RDBCheckpointManager.java:createCheckpoint(87)) - Created checkpoint in rocksDB at /home/runner/work/ozone/ozone/hadoop-ozone/integration-test/target/test-dir/MiniOzoneClusterImpl-0e8a6840-8092-433d-9bbe-2fd65d18bfc8/omNode-1/db.snapshots/checkpointState/om.db-135d03d8-1428-4887-b498-756343c0772a in 74 milliseconds
2025-07-15 19:45:59,409 [omNode-1-OMDoubleBufferFlushThread] INFO  om.OmSnapshotManager (OmSnapshotManager.java:createOmSnapshotCheckpoint(503)) - Created checkpoint : /home/runner/work/ozone/ozone/hadoop-ozone/integration-test/target/test-dir/MiniOzoneClusterImpl-0e8a6840-8092-433d-9bbe-2fd65d18bfc8/omNode-1/db.snapshots/checkpointState/om.db-135d03d8-1428-4887-b498-756343c0772a for snapshot snapshot-1524611008
2025-07-15 19:45:59,424 [omNode-1-OMStateMachineApplyTransactionThread - 0] INFO  snapshot.OMSnapshotCreateRequest (OMSnapshotCreateRequest.java:validateAndUpdateCache(226)) - Created snapshot: 'snapshot-0789783673' with snapshotId: '8ca23fac-56fc-4cdf-a0b7-9646e09b3c40' under path 'volume65185/bucket38537'
2025-07-15 19:45:59,428 [Thread-8669] INFO  rocksdiff.RocksDBCheckpointDiffer (RocksDBCheckpointDiffer.java:shouldSkipCompaction(440)) - Skipped the compaction entry. Compaction input files: [/home/runner/work/ozone/ozone/hadoop-ozone/integration-test/target/test-dir/MiniOzoneClusterImpl-0e8a6840-8092-433d-9bbe-2fd65d18bfc8/omNode-3/om.db/000251.sst] and output files: [/home/runner/work/ozone/ozone/hadoop-ozone/integration-test/target/test-dir/MiniOzoneClusterImpl-0e8a6840-8092-433d-9bbe-2fd65d18bfc8/omNode-3/om.db/000251.sst] are same.
2025-07-15 19:45:59,438 [omNode-3-OMDoubleBufferFlushThread] INFO  db.RDBCheckpointManager (RDBCheckpointManager.java:createCheckpoint(87)) - Created checkpoint in rocksDB at /home/runner/work/ozone/ozone/hadoop-ozone/integration-test/target/test-dir/MiniOzoneClusterImpl-0e8a6840-8092-433d-9bbe-2fd65d18bfc8/omNode-3/db.snapshots/checkpointState/om.db-135d03d8-1428-4887-b498-756343c0772a in 48 milliseconds
2025-07-15 19:45:59,440 [omNode-3-OMDoubleBufferFlushThread] INFO  om.OmSnapshotManager (OmSnapshotManager.java:createOmSnapshotCheckpoint(503)) - Created checkpoint : /home/runner/work/ozone/ozone/hadoop-ozone/integration-test/target/test-dir/MiniOzoneClusterImpl-0e8a6840-8092-433d-9bbe-2fd65d18bfc8/omNode-3/db.snapshots/checkpointState/om.db-135d03d8-1428-4887-b498-756343c0772a for snapshot snapshot-1524611008
2025-07-15 19:45:59,464 [Thread-8732] INFO  rocksdiff.RocksDBCheckpointDiffer (RocksDBCheckpointDiffer.java:shouldSkipCompaction(440)) - Skipped the compaction entry. Compaction input files: [/home/runner/work/ozone/ozone/hadoop-ozone/integration-test/target/test-dir/MiniOzoneClusterImpl-0e8a6840-8092-433d-9bbe-2fd65d18bfc8/omNode-2/om.db/000251.sst] and output files: [/home/runner/work/ozone/ozone/hadoop-ozone/integration-test/target/test-dir/MiniOzoneClusterImpl-0e8a6840-8092-433d-9bbe-2fd65d18bfc8/omNode-2/om.db/000251.sst] are same.
2025-07-15 19:45:59,464 [omNode-3-OMStateMachineApplyTransactionThread - 0] INFO  snapshot.OMSnapshotCreateRequest (OMSnapshotCreateRequest.java:validateAndUpdateCache(226)) - Created snapshot: 'snapshot-0789783673' with snapshotId: '8ca23fac-56fc-4cdf-a0b7-9646e09b3c40' under path 'volume65185/bucket38537'
2025-07-15 19:45:59,477 [omNode-2-OMDoubleBufferFlushThread] INFO  db.RDBCheckpointManager (RDBCheckpointManager.java:createCheckpoint(87)) - Created checkpoint in rocksDB at /home/runner/work/ozone/ozone/hadoop-ozone/integration-test/target/test-dir/MiniOzoneClusterImpl-0e8a6840-8092-433d-9bbe-2fd65d18bfc8/omNode-2/db.snapshots/checkpointState/om.db-135d03d8-1428-4887-b498-756343c0772a in 80 milliseconds
2025-07-15 19:45:59,478 [omNode-2-OMDoubleBufferFlushThread] INFO  om.OmSnapshotManager (OmSnapshotManager.java:createOmSnapshotCheckpoint(503)) - Created checkpoint : /home/runner/work/ozone/ozone/hadoop-ozone/integration-test/target/test-dir/MiniOzoneClusterImpl-0e8a6840-8092-433d-9bbe-2fd65d18bfc8/omNode-2/db.snapshots/checkpointState/om.db-135d03d8-1428-4887-b498-756343c0772a for snapshot snapshot-1524611008
2025-07-15 19:45:59,485 [omNode-2-OMStateMachineApplyTransactionThread - 0] INFO  snapshot.OMSnapshotCreateRequest (OMSnapshotCreateRequest.java:validateAndUpdateCache(226)) - Created snapshot: 'snapshot-0789783673' with snapshotId: '8ca23fac-56fc-4cdf-a0b7-9646e09b3c40' under path 'volume65185/bucket38537'
2025-07-15 19:45:59,490 [Thread-8794] INFO  rocksdiff.RocksDBCheckpointDiffer (RocksDBCheckpointDiffer.java:shouldSkipCompaction(440)) - Skipped the compaction entry. Compaction input files: [/home/runner/work/ozone/ozone/hadoop-ozone/integration-test/target/test-dir/MiniOzoneClusterImpl-0e8a6840-8092-433d-9bbe-2fd65d18bfc8/omNode-1/om.db/000259.sst] and output files: [/home/runner/work/ozone/ozone/hadoop-ozone/integration-test/target/test-dir/MiniOzoneClusterImpl-0e8a6840-8092-433d-9bbe-2fd65d18bfc8/omNode-1/om.db/000259.sst] are same.
2025-07-15 19:45:59,500 [omNode-1-OMDoubleBufferFlushThread] INFO  db.RDBCheckpointManager (RDBCheckpointManager.java:createCheckpoint(87)) - Created checkpoint in rocksDB at /home/runner/work/ozone/ozone/hadoop-ozone/integration-test/target/test-dir/MiniOzoneClusterImpl-0e8a6840-8092-433d-9bbe-2fd65d18bfc8/omNode-1/db.snapshots/checkpointState/om.db-8ca23fac-56fc-4cdf-a0b7-9646e09b3c40 in 71 milliseconds
2025-07-15 19:45:59,501 [omNode-1-OMDoubleBufferFlushThread] INFO  om.OmSnapshotManager (OmSnapshotManager.java:createOmSnapshotCheckpoint(503)) - Created checkpoint : /home/runner/work/ozone/ozone/hadoop-ozone/integration-test/target/test-dir/MiniOzoneClusterImpl-0e8a6840-8092-433d-9bbe-2fd65d18bfc8/omNode-1/db.snapshots/checkpointState/om.db-8ca23fac-56fc-4cdf-a0b7-9646e09b3c40 for snapshot snapshot-0789783673
2025-07-15 19:45:59,513 [Thread-8883] INFO  rocksdiff.RocksDBCheckpointDiffer (RocksDBCheckpointDiffer.java:shouldSkipCompaction(440)) - Skipped the compaction entry. Compaction input files: [/home/runner/work/ozone/ozone/hadoop-ozone/integration-test/target/test-dir/MiniOzoneClusterImpl-0e8a6840-8092-433d-9bbe-2fd65d18bfc8/omNode-3/om.db/000258.sst] and output files: [/home/runner/work/ozone/ozone/hadoop-ozone/integration-test/target/test-dir/MiniOzoneClusterImpl-0e8a6840-8092-433d-9bbe-2fd65d18bfc8/omNode-3/om.db/000258.sst] are same.
2025-07-15 19:45:59,514 [omNode-1-OMStateMachineApplyTransactionThread - 0] INFO  snapshot.OMSnapshotCreateRequest (OMSnapshotCreateRequest.java:validateAndUpdateCache(226)) - Created snapshot: 'snapshot-4225711691' with snapshotId: '4c8ed02e-39fb-4b86-a274-de8bb287624d' under path 'volume25061/bucket95366'
2025-07-15 19:45:59,520 [omNode-3-OMDoubleBufferFlushThread] INFO  db.RDBCheckpointManager (RDBCheckpointManager.java:createCheckpoint(87)) - Created checkpoint in rocksDB at /home/runner/work/ozone/ozone/hadoop-ozone/integration-test/target/test-dir/MiniOzoneClusterImpl-0e8a6840-8092-433d-9bbe-2fd65d18bfc8/omNode-3/db.snapshots/checkpointState/om.db-8ca23fac-56fc-4cdf-a0b7-9646e09b3c40 in 52 milliseconds
2025-07-15 19:45:59,520 [omNode-3-OMDoubleBufferFlushThread] INFO  om.OmSnapshotManager (OmSnapshotManager.java:createOmSnapshotCheckpoint(503)) - Created checkpoint : /home/runner/work/ozone/ozone/hadoop-ozone/integration-test/target/test-dir/MiniOzoneClusterImpl-0e8a6840-8092-433d-9bbe-2fd65d18bfc8/omNode-3/db.snapshots/checkpointState/om.db-8ca23fac-56fc-4cdf-a0b7-9646e09b3c40 for snapshot snapshot-0789783673
2025-07-15 19:45:59,534 [Thread-8922] INFO  rocksdiff.RocksDBCheckpointDiffer (RocksDBCheckpointDiffer.java:shouldSkipCompaction(440)) - Skipped the compaction entry. Compaction input files: [/home/runner/work/ozone/ozone/hadoop-ozone/integration-test/target/test-dir/MiniOzoneClusterImpl-0e8a6840-8092-433d-9bbe-2fd65d18bfc8/omNode-2/om.db/000258.sst] and output files: [/home/runner/work/ozone/ozone/hadoop-ozone/integration-test/target/test-dir/MiniOzoneClusterImpl-0e8a6840-8092-433d-9bbe-2fd65d18bfc8/omNode-2/om.db/000258.sst] are same.
2025-07-15 19:45:59,546 [omNode-2-OMDoubleBufferFlushThread] INFO  db.RDBCheckpointManager (RDBCheckpointManager.java:createCheckpoint(87)) - Created checkpoint in rocksDB at /home/runner/work/ozone/ozone/hadoop-ozone/integration-test/target/test-dir/MiniOzoneClusterImpl-0e8a6840-8092-433d-9bbe-2fd65d18bfc8/omNode-2/db.snapshots/checkpointState/om.db-8ca23fac-56fc-4cdf-a0b7-9646e09b3c40 in 54 milliseconds
2025-07-15 19:45:59,547 [omNode-2-OMDoubleBufferFlushThread] INFO  om.OmSnapshotManager (OmSnapshotManager.java:createOmSnapshotCheckpoint(503)) - Created checkpoint : /home/runner/work/ozone/ozone/hadoop-ozone/integration-test/target/test-dir/MiniOzoneClusterImpl-0e8a6840-8092-433d-9bbe-2fd65d18bfc8/omNode-2/db.snapshots/checkpointState/om.db-8ca23fac-56fc-4cdf-a0b7-9646e09b3c40 for snapshot snapshot-0789783673
2025-07-15 19:45:59,558 [omNode-2-OMStateMachineApplyTransactionThread - 0] INFO  snapshot.OMSnapshotCreateRequest (OMSnapshotCreateRequest.java:validateAndUpdateCache(226)) - Created snapshot: 'snapshot-4225711691' with snapshotId: '4c8ed02e-39fb-4b86-a274-de8bb287624d' under path 'volume25061/bucket95366'
2025-07-15 19:45:59,559 [omNode-3-OMStateMachineApplyTransactionThread - 0] INFO  snapshot.OMSnapshotCreateRequest (OMSnapshotCreateRequest.java:validateAndUpdateCache(226)) - Created snapshot: 'snapshot-4225711691' with snapshotId: '4c8ed02e-39fb-4b86-a274-de8bb287624d' under path 'volume25061/bucket95366'
2025-07-15 19:45:59,605 [omNode-1-OMStateMachineApplyTransactionThread - 0] INFO  snapshot.OMSnapshotCreateRequest (OMSnapshotCreateRequest.java:validateAndUpdateCache(226)) - Created snapshot: 'snapshot-6693474903' with snapshotId: '3468ca11-b9c3-453b-b78d-2ac25d017c42' under path 'volume50885/bucket67782'
2025-07-15 19:45:59,612 [Thread-9181] INFO  rocksdiff.RocksDBCheckpointDiffer (RocksDBCheckpointDiffer.java:shouldSkipCompaction(440)) - Skipped the compaction entry. Compaction input files: [/home/runner/work/ozone/ozone/hadoop-ozone/integration-test/target/test-dir/MiniOzoneClusterImpl-0e8a6840-8092-433d-9bbe-2fd65d18bfc8/omNode-1/om.db/000265.sst] and output files: [/home/runner/work/ozone/ozone/hadoop-ozone/integration-test/target/test-dir/MiniOzoneClusterImpl-0e8a6840-8092-433d-9bbe-2fd65d18bfc8/omNode-1/om.db/000265.sst] are same.
2025-07-15 19:45:59,622 [omNode-1-OMDoubleBufferFlushThread] INFO  db.RDBCheckpointManager (RDBCheckpointManager.java:createCheckpoint(87)) - Created checkpoint in rocksDB at /home/runner/work/ozone/ozone/hadoop-ozone/integration-test/target/test-dir/MiniOzoneClusterImpl-0e8a6840-8092-433d-9bbe-2fd65d18bfc8/omNode-1/db.snapshots/checkpointState/om.db-4c8ed02e-39fb-4b86-a274-de8bb287624d in 105 milliseconds
2025-07-15 19:45:59,623 [omNode-1-OMDoubleBufferFlushThread] INFO  om.OmSnapshotManager (OmSnapshotManager.java:createOmSnapshotCheckpoint(503)) - Created checkpoint : /home/runner/work/ozone/ozone/hadoop-ozone/integration-test/target/test-dir/MiniOzoneClusterImpl-0e8a6840-8092-433d-9bbe-2fd65d18bfc8/omNode-1/db.snapshots/checkpointState/om.db-4c8ed02e-39fb-4b86-a274-de8bb287624d for snapshot snapshot-4225711691
2025-07-15 19:45:59,631 [Thread-9230] INFO  rocksdiff.RocksDBCheckpointDiffer (RocksDBCheckpointDiffer.java:shouldSkipCompaction(440)) - Skipped the compaction entry. Compaction input files: [/home/runner/work/ozone/ozone/hadoop-ozone/integration-test/target/test-dir/MiniOzoneClusterImpl-0e8a6840-8092-433d-9bbe-2fd65d18bfc8/omNode-2/om.db/000265.sst] and output files: [/home/runner/work/ozone/ozone/hadoop-ozone/integration-test/target/test-dir/MiniOzoneClusterImpl-0e8a6840-8092-433d-9bbe-2fd65d18bfc8/omNode-2/om.db/000265.sst] are same.
2025-07-15 19:45:59,640 [omNode-2-OMDoubleBufferFlushThread] INFO  db.RDBCheckpointManager (RDBCheckpointManager.java:createCheckpoint(87)) - Created checkpoint in rocksDB at /home/runner/work/ozone/ozone/hadoop-ozone/integration-test/target/test-dir/MiniOzoneClusterImpl-0e8a6840-8092-433d-9bbe-2fd65d18bfc8/omNode-2/db.snapshots/checkpointState/om.db-4c8ed02e-39fb-4b86-a274-de8bb287624d in 78 milliseconds
2025-07-15 19:45:59,641 [omNode-2-OMDoubleBufferFlushThread] INFO  om.OmSnapshotManager (OmSnapshotManager.java:createOmSnapshotCheckpoint(503)) - Created checkpoint : /home/runner/work/ozone/ozone/hadoop-ozone/integration-test/target/test-dir/MiniOzoneClusterImpl-0e8a6840-8092-433d-9bbe-2fd65d18bfc8/omNode-2/db.snapshots/checkpointState/om.db-4c8ed02e-39fb-4b86-a274-de8bb287624d for snapshot snapshot-4225711691
2025-07-15 19:45:59,643 [omNode-2-OMStateMachineApplyTransactionThread - 0] INFO  snapshot.OMSnapshotCreateRequest (OMSnapshotCreateRequest.java:validateAndUpdateCache(226)) - Created snapshot: 'snapshot-6693474903' with snapshotId: '3468ca11-b9c3-453b-b78d-2ac25d017c42' under path 'volume50885/bucket67782'
2025-07-15 19:45:59,649 [Thread-9276] INFO  rocksdiff.RocksDBCheckpointDiffer (RocksDBCheckpointDiffer.java:shouldSkipCompaction(440)) - Skipped the compaction entry. Compaction input files: [/home/runner/work/ozone/ozone/hadoop-ozone/integration-test/target/test-dir/MiniOzoneClusterImpl-0e8a6840-8092-433d-9bbe-2fd65d18bfc8/omNode-3/om.db/000265.sst] and output files: [/home/runner/work/ozone/ozone/hadoop-ozone/integration-test/target/test-dir/MiniOzoneClusterImpl-0e8a6840-8092-433d-9bbe-2fd65d18bfc8/omNode-3/om.db/000265.sst] are same.
2025-07-15 19:45:59,650 [omNode-3-OMStateMachineApplyTransactionThread - 0] INFO  snapshot.OMSnapshotCreateRequest (OMSnapshotCreateRequest.java:validateAndUpdateCache(226)) - Created snapshot: 'snapshot-6693474903' with snapshotId: '3468ca11-b9c3-453b-b78d-2ac25d017c42' under path 'volume50885/bucket67782'
2025-07-15 19:45:59,659 [omNode-3-OMDoubleBufferFlushThread] INFO  db.RDBCheckpointManager (RDBCheckpointManager.java:createCheckpoint(87)) - Created checkpoint in rocksDB at /home/runner/work/ozone/ozone/hadoop-ozone/integration-test/target/test-dir/MiniOzoneClusterImpl-0e8a6840-8092-433d-9bbe-2fd65d18bfc8/omNode-3/db.snapshots/checkpointState/om.db-4c8ed02e-39fb-4b86-a274-de8bb287624d in 98 milliseconds
2025-07-15 19:45:59,663 [omNode-3-OMDoubleBufferFlushThread] INFO  om.OmSnapshotManager (OmSnapshotManager.java:createOmSnapshotCheckpoint(503)) - Created checkpoint : /home/runner/work/ozone/ozone/hadoop-ozone/integration-test/target/test-dir/MiniOzoneClusterImpl-0e8a6840-8092-433d-9bbe-2fd65d18bfc8/omNode-3/db.snapshots/checkpointState/om.db-4c8ed02e-39fb-4b86-a274-de8bb287624d for snapshot snapshot-4225711691
2025-07-15 19:45:59,682 [Thread-9388] INFO  rocksdiff.RocksDBCheckpointDiffer (RocksDBCheckpointDiffer.java:shouldSkipCompaction(440)) - Skipped the compaction entry. Compaction input files: [/home/runner/work/ozone/ozone/hadoop-ozone/integration-test/target/test-dir/MiniOzoneClusterImpl-0e8a6840-8092-433d-9bbe-2fd65d18bfc8/omNode-1/om.db/000271.sst] and output files: [/home/runner/work/ozone/ozone/hadoop-ozone/integration-test/target/test-dir/MiniOzoneClusterImpl-0e8a6840-8092-433d-9bbe-2fd65d18bfc8/omNode-1/om.db/000271.sst] are same.
2025-07-15 19:45:59,691 [omNode-1-OMStateMachineApplyTransactionThread - 0] INFO  snapshot.OMSnapshotCreateRequest (OMSnapshotCreateRequest.java:validateAndUpdateCache(226)) - Created snapshot: 'snapshot-3960210803' with snapshotId: '7ca365e8-2e3d-4455-8c9f-dbd9635aeaf1' under path 'volume44784/bucket19548'
2025-07-15 19:45:59,694 [omNode-1-OMDoubleBufferFlushThread] INFO  db.RDBCheckpointManager (RDBCheckpointManager.java:createCheckpoint(87)) - Created checkpoint in rocksDB at /home/runner/work/ozone/ozone/hadoop-ozone/integration-test/target/test-dir/MiniOzoneClusterImpl-0e8a6840-8092-433d-9bbe-2fd65d18bfc8/omNode-1/db.snapshots/checkpointState/om.db-3468ca11-b9c3-453b-b78d-2ac25d017c42 in 65 milliseconds
2025-07-15 19:45:59,694 [omNode-1-OMDoubleBufferFlushThread] INFO  om.OmSnapshotManager (OmSnapshotManager.java:createOmSnapshotCheckpoint(503)) - Created checkpoint : /home/runner/work/ozone/ozone/hadoop-ozone/integration-test/target/test-dir/MiniOzoneClusterImpl-0e8a6840-8092-433d-9bbe-2fd65d18bfc8/omNode-1/db.snapshots/checkpointState/om.db-3468ca11-b9c3-453b-b78d-2ac25d017c42 for snapshot snapshot-6693474903
2025-07-15 19:45:59,699 [Thread-9444] INFO  rocksdiff.RocksDBCheckpointDiffer (RocksDBCheckpointDiffer.java:shouldSkipCompaction(440)) - Skipped the compaction entry. Compaction input files: [/home/runner/work/ozone/ozone/hadoop-ozone/integration-test/target/test-dir/MiniOzoneClusterImpl-0e8a6840-8092-433d-9bbe-2fd65d18bfc8/omNode-2/om.db/000271.sst] and output files: [/home/runner/work/ozone/ozone/hadoop-ozone/integration-test/target/test-dir/MiniOzoneClusterImpl-0e8a6840-8092-433d-9bbe-2fd65d18bfc8/omNode-2/om.db/000271.sst] are same.
2025-07-15 19:45:59,712 [omNode-2-OMDoubleBufferFlushThread] INFO  db.RDBCheckpointManager (RDBCheckpointManager.java:createCheckpoint(87)) - Created checkpoint in rocksDB at /home/runner/work/ozone/ozone/hadoop-ozone/integration-test/target/test-dir/MiniOzoneClusterImpl-0e8a6840-8092-433d-9bbe-2fd65d18bfc8/omNode-2/db.snapshots/checkpointState/om.db-3468ca11-b9c3-453b-b78d-2ac25d017c42 in 61 milliseconds
2025-07-15 19:45:59,712 [omNode-2-OMDoubleBufferFlushThread] INFO  om.OmSnapshotManager (OmSnapshotManager.java:createOmSnapshotCheckpoint(503)) - Created checkpoint : /home/runner/work/ozone/ozone/hadoop-ozone/integration-test/target/test-dir/MiniOzoneClusterImpl-0e8a6840-8092-433d-9bbe-2fd65d18bfc8/omNode-2/db.snapshots/checkpointState/om.db-3468ca11-b9c3-453b-b78d-2ac25d017c42 for snapshot snapshot-6693474903
2025-07-15 19:45:59,727 [omNode-2-OMStateMachineApplyTransactionThread - 0] INFO  snapshot.OMSnapshotCreateRequest (OMSnapshotCreateRequest.java:validateAndUpdateCache(226)) - Created snapshot: 'snapshot-3960210803' with snapshotId: '7ca365e8-2e3d-4455-8c9f-dbd9635aeaf1' under path 'volume44784/bucket19548'
2025-07-15 19:45:59,733 [Thread-9503] INFO  rocksdiff.RocksDBCheckpointDiffer (RocksDBCheckpointDiffer.java:shouldSkipCompaction(440)) - Skipped the compaction entry. Compaction input files: [/home/runner/work/ozone/ozone/hadoop-ozone/integration-test/target/test-dir/MiniOzoneClusterImpl-0e8a6840-8092-433d-9bbe-2fd65d18bfc8/omNode-3/om.db/000271.sst] and output files: [/home/runner/work/ozone/ozone/hadoop-ozone/integration-test/target/test-dir/MiniOzoneClusterImpl-0e8a6840-8092-433d-9bbe-2fd65d18bfc8/omNode-3/om.db/000271.sst] are same.
2025-07-15 19:45:59,734 [omNode-3-OMDoubleBufferFlushThread] INFO  db.RDBCheckpointManager (RDBCheckpointManager.java:createCheckpoint(87)) - Created checkpoint in rocksDB at /home/runner/work/ozone/ozone/hadoop-ozone/integration-test/target/test-dir/MiniOzoneClusterImpl-0e8a6840-8092-433d-9bbe-2fd65d18bfc8/omNode-3/db.snapshots/checkpointState/om.db-3468ca11-b9c3-453b-b78d-2ac25d017c42 in 64 milliseconds
2025-07-15 19:45:59,735 [omNode-3-OMDoubleBufferFlushThread] INFO  om.OmSnapshotManager (OmSnapshotManager.java:createOmSnapshotCheckpoint(503)) - Created checkpoint : /home/runner/work/ozone/ozone/hadoop-ozone/integration-test/target/test-dir/MiniOzoneClusterImpl-0e8a6840-8092-433d-9bbe-2fd65d18bfc8/omNode-3/db.snapshots/checkpointState/om.db-3468ca11-b9c3-453b-b78d-2ac25d017c42 for snapshot snapshot-6693474903
2025-07-15 19:45:59,736 [omNode-3-OMStateMachineApplyTransactionThread - 0] INFO  snapshot.OMSnapshotCreateRequest (OMSnapshotCreateRequest.java:validateAndUpdateCache(226)) - Created snapshot: 'snapshot-3960210803' with snapshotId: '7ca365e8-2e3d-4455-8c9f-dbd9635aeaf1' under path 'volume44784/bucket19548'
2025-07-15 19:45:59,761 [Thread-9608] INFO  rocksdiff.RocksDBCheckpointDiffer (RocksDBCheckpointDiffer.java:shouldSkipCompaction(440)) - Skipped the compaction entry. Compaction input files: [/home/runner/work/ozone/ozone/hadoop-ozone/integration-test/target/test-dir/MiniOzoneClusterImpl-0e8a6840-8092-433d-9bbe-2fd65d18bfc8/omNode-1/om.db/000277.sst] and output files: [/home/runner/work/ozone/ozone/hadoop-ozone/integration-test/target/test-dir/MiniOzoneClusterImpl-0e8a6840-8092-433d-9bbe-2fd65d18bfc8/omNode-1/om.db/000277.sst] are same.
2025-07-15 19:45:59,773 [omNode-1-OMDoubleBufferFlushThread] INFO  db.RDBCheckpointManager (RDBCheckpointManager.java:createCheckpoint(87)) - Created checkpoint in rocksDB at /home/runner/work/ozone/ozone/hadoop-ozone/integration-test/target/test-dir/MiniOzoneClusterImpl-0e8a6840-8092-433d-9bbe-2fd65d18bfc8/omNode-1/db.snapshots/checkpointState/om.db-7ca365e8-2e3d-4455-8c9f-dbd9635aeaf1 in 72 milliseconds
2025-07-15 19:45:59,774 [omNode-1-OMDoubleBufferFlushThread] INFO  om.OmSnapshotManager (OmSnapshotManager.java:createOmSnapshotCheckpoint(503)) - Created checkpoint : /home/runner/work/ozone/ozone/hadoop-ozone/integration-test/target/test-dir/MiniOzoneClusterImpl-0e8a6840-8092-433d-9bbe-2fd65d18bfc8/omNode-1/db.snapshots/checkpointState/om.db-7ca365e8-2e3d-4455-8c9f-dbd9635aeaf1 for snapshot snapshot-3960210803
2025-07-15 19:45:59,775 [omNode-1-OMStateMachineApplyTransactionThread - 0] INFO  snapshot.OMSnapshotCreateRequest (OMSnapshotCreateRequest.java:validateAndUpdateCache(226)) - Created snapshot: 'snapshot-4141238205' with snapshotId: '8a89a243-2418-4e99-a4cf-1e4438ad0a1d' under path 'volume89380/bucket70530'
2025-07-15 19:45:59,787 [Thread-9680] INFO  rocksdiff.RocksDBCheckpointDiffer (RocksDBCheckpointDiffer.java:shouldSkipCompaction(440)) - Skipped the compaction entry. Compaction input files: [/home/runner/work/ozone/ozone/hadoop-ozone/integration-test/target/test-dir/MiniOzoneClusterImpl-0e8a6840-8092-433d-9bbe-2fd65d18bfc8/omNode-2/om.db/000277.sst] and output files: [/home/runner/work/ozone/ozone/hadoop-ozone/integration-test/target/test-dir/MiniOzoneClusterImpl-0e8a6840-8092-433d-9bbe-2fd65d18bfc8/omNode-2/om.db/000277.sst] are same.
2025-07-15 19:45:59,790 [Thread-9688] INFO  rocksdiff.RocksDBCheckpointDiffer (RocksDBCheckpointDiffer.java:shouldSkipCompaction(440)) - Skipped the compaction entry. Compaction input files: [/home/runner/work/ozone/ozone/hadoop-ozone/integration-test/target/test-dir/MiniOzoneClusterImpl-0e8a6840-8092-433d-9bbe-2fd65d18bfc8/omNode-3/om.db/000277.sst] and output files: [/home/runner/work/ozone/ozone/hadoop-ozone/integration-test/target/test-dir/MiniOzoneClusterImpl-0e8a6840-8092-433d-9bbe-2fd65d18bfc8/omNode-3/om.db/000277.sst] are same.
2025-07-15 19:45:59,796 [omNode-3-OMDoubleBufferFlushThread] INFO  db.RDBCheckpointManager (RDBCheckpointManager.java:createCheckpoint(87)) - Created checkpoint in rocksDB at /home/runner/work/ozone/ozone/hadoop-ozone/integration-test/target/test-dir/MiniOzoneClusterImpl-0e8a6840-8092-433d-9bbe-2fd65d18bfc8/omNode-3/db.snapshots/checkpointState/om.db-7ca365e8-2e3d-4455-8c9f-dbd9635aeaf1 in 55 milliseconds
2025-07-15 19:45:59,796 [omNode-2-OMDoubleBufferFlushThread] INFO  db.RDBCheckpointManager (RDBCheckpointManager.java:createCheckpoint(87)) - Created checkpoint in rocksDB at /home/runner/work/ozone/ozone/hadoop-ozone/integration-test/target/test-dir/MiniOzoneClusterImpl-0e8a6840-8092-433d-9bbe-2fd65d18bfc8/omNode-2/db.snapshots/checkpointState/om.db-7ca365e8-2e3d-4455-8c9f-dbd9635aeaf1 in 64 milliseconds
2025-07-15 19:45:59,797 [omNode-2-OMDoubleBufferFlushThread] INFO  om.OmSnapshotManager (OmSnapshotManager.java:createOmSnapshotCheckpoint(503)) - Created checkpoint : /home/runner/work/ozone/ozone/hadoop-ozone/integration-test/target/test-dir/MiniOzoneClusterImpl-0e8a6840-8092-433d-9bbe-2fd65d18bfc8/omNode-2/db.snapshots/checkpointState/om.db-7ca365e8-2e3d-4455-8c9f-dbd9635aeaf1 for snapshot snapshot-3960210803
2025-07-15 19:45:59,797 [omNode-3-OMDoubleBufferFlushThread] INFO  om.OmSnapshotManager (OmSnapshotManager.java:createOmSnapshotCheckpoint(503)) - Created checkpoint : /home/runner/work/ozone/ozone/hadoop-ozone/integration-test/target/test-dir/MiniOzoneClusterImpl-0e8a6840-8092-433d-9bbe-2fd65d18bfc8/omNode-3/db.snapshots/checkpointState/om.db-7ca365e8-2e3d-4455-8c9f-dbd9635aeaf1 for snapshot snapshot-3960210803
2025-07-15 19:45:59,818 [omNode-3-OMStateMachineApplyTransactionThread - 0] INFO  snapshot.OMSnapshotCreateRequest (OMSnapshotCreateRequest.java:validateAndUpdateCache(226)) - Created snapshot: 'snapshot-4141238205' with snapshotId: '8a89a243-2418-4e99-a4cf-1e4438ad0a1d' under path 'volume89380/bucket70530'
2025-07-15 19:45:59,822 [omNode-2-OMStateMachineApplyTransactionThread - 0] INFO  snapshot.OMSnapshotCreateRequest (OMSnapshotCreateRequest.java:validateAndUpdateCache(226)) - Created snapshot: 'snapshot-4141238205' with snapshotId: '8a89a243-2418-4e99-a4cf-1e4438ad0a1d' under path 'volume89380/bucket70530'
2025-07-15 19:45:59,836 [Thread-9769] INFO  rocksdiff.RocksDBCheckpointDiffer (RocksDBCheckpointDiffer.java:shouldSkipCompaction(440)) - Skipped the compaction entry. Compaction input files: [/home/runner/work/ozone/ozone/hadoop-ozone/integration-test/target/test-dir/MiniOzoneClusterImpl-0e8a6840-8092-433d-9bbe-2fd65d18bfc8/omNode-1/om.db/000285.sst] and output files: [/home/runner/work/ozone/ozone/hadoop-ozone/integration-test/target/test-dir/MiniOzoneClusterImpl-0e8a6840-8092-433d-9bbe-2fd65d18bfc8/omNode-1/om.db/000285.sst] are same.
2025-07-15 19:45:59,844 [omNode-1-OMDoubleBufferFlushThread] INFO  db.RDBCheckpointManager (RDBCheckpointManager.java:createCheckpoint(87)) - Created checkpoint in rocksDB at /home/runner/work/ozone/ozone/hadoop-ozone/integration-test/target/test-dir/MiniOzoneClusterImpl-0e8a6840-8092-433d-9bbe-2fd65d18bfc8/omNode-1/db.snapshots/checkpointState/om.db-8a89a243-2418-4e99-a4cf-1e4438ad0a1d in 65 milliseconds
2025-07-15 19:45:59,845 [omNode-1-OMDoubleBufferFlushThread] INFO  om.OmSnapshotManager (OmSnapshotManager.java:createOmSnapshotCheckpoint(503)) - Created checkpoint : /home/runner/work/ozone/ozone/hadoop-ozone/integration-test/target/test-dir/MiniOzoneClusterImpl-0e8a6840-8092-433d-9bbe-2fd65d18bfc8/omNode-1/db.snapshots/checkpointState/om.db-8a89a243-2418-4e99-a4cf-1e4438ad0a1d for snapshot snapshot-4141238205
2025-07-15 19:45:59,853 [omNode-1-OMStateMachineApplyTransactionThread - 0] INFO  snapshot.OMSnapshotCreateRequest (OMSnapshotCreateRequest.java:validateAndUpdateCache(226)) - Created snapshot: 'snapshot-9762763202' with snapshotId: '03eaa082-480a-4ac4-8cc9-63d06f5b4878' under path 'volume62899/bucket22342'
2025-07-15 19:45:59,876 [Thread-9917] INFO  rocksdiff.RocksDBCheckpointDiffer (RocksDBCheckpointDiffer.java:shouldSkipCompaction(440)) - Skipped the compaction entry. Compaction input files: [/home/runner/work/ozone/ozone/hadoop-ozone/integration-test/target/test-dir/MiniOzoneClusterImpl-0e8a6840-8092-433d-9bbe-2fd65d18bfc8/omNode-3/om.db/000284.sst] and output files: [/home/runner/work/ozone/ozone/hadoop-ozone/integration-test/target/test-dir/MiniOzoneClusterImpl-0e8a6840-8092-433d-9bbe-2fd65d18bfc8/omNode-3/om.db/000284.sst] are same.
2025-07-15 19:45:59,897 [omNode-3-OMDoubleBufferFlushThread] INFO  db.RDBCheckpointManager (RDBCheckpointManager.java:createCheckpoint(87)) - Created checkpoint in rocksDB at /home/runner/work/ozone/ozone/hadoop-ozone/integration-test/target/test-dir/MiniOzoneClusterImpl-0e8a6840-8092-433d-9bbe-2fd65d18bfc8/omNode-3/db.snapshots/checkpointState/om.db-8a89a243-2418-4e99-a4cf-1e4438ad0a1d in 75 milliseconds
2025-07-15 19:45:59,897 [omNode-3-OMDoubleBufferFlushThread] INFO  om.OmSnapshotManager (OmSnapshotManager.java:createOmSnapshotCheckpoint(503)) - Created checkpoint : /home/runner/work/ozone/ozone/hadoop-ozone/integration-test/target/test-dir/MiniOzoneClusterImpl-0e8a6840-8092-433d-9bbe-2fd65d18bfc8/omNode-3/db.snapshots/checkpointState/om.db-8a89a243-2418-4e99-a4cf-1e4438ad0a1d for snapshot snapshot-4141238205
2025-07-15 19:45:59,900 [Thread-9939] INFO  rocksdiff.RocksDBCheckpointDiffer (RocksDBCheckpointDiffer.java:shouldSkipCompaction(440)) - Skipped the compaction entry. Compaction input files: [/home/runner/work/ozone/ozone/hadoop-ozone/integration-test/target/test-dir/MiniOzoneClusterImpl-0e8a6840-8092-433d-9bbe-2fd65d18bfc8/omNode-2/om.db/000285.sst] and output files: [/home/runner/work/ozone/ozone/hadoop-ozone/integration-test/target/test-dir/MiniOzoneClusterImpl-0e8a6840-8092-433d-9bbe-2fd65d18bfc8/omNode-2/om.db/000285.sst] are same.
2025-07-15 19:45:59,903 [omNode-2-OMDoubleBufferFlushThread] INFO  db.RDBCheckpointManager (RDBCheckpointManager.java:createCheckpoint(87)) - Created checkpoint in rocksDB at /home/runner/work/ozone/ozone/hadoop-ozone/integration-test/target/test-dir/MiniOzoneClusterImpl-0e8a6840-8092-433d-9bbe-2fd65d18bfc8/omNode-2/db.snapshots/checkpointState/om.db-8a89a243-2418-4e99-a4cf-1e4438ad0a1d in 74 milliseconds
2025-07-15 19:45:59,904 [omNode-2-OMDoubleBufferFlushThread] INFO  om.OmSnapshotManager (OmSnapshotManager.java:createOmSnapshotCheckpoint(503)) - Created checkpoint : /home/runner/work/ozone/ozone/hadoop-ozone/integration-test/target/test-dir/MiniOzoneClusterImpl-0e8a6840-8092-433d-9bbe-2fd65d18bfc8/omNode-2/db.snapshots/checkpointState/om.db-8a89a243-2418-4e99-a4cf-1e4438ad0a1d for snapshot snapshot-4141238205
2025-07-15 19:45:59,907 [omNode-2-OMStateMachineApplyTransactionThread - 0] INFO  snapshot.OMSnapshotCreateRequest (OMSnapshotCreateRequest.java:validateAndUpdateCache(226)) - Created snapshot: 'snapshot-9762763202' with snapshotId: '03eaa082-480a-4ac4-8cc9-63d06f5b4878' under path 'volume62899/bucket22342'
2025-07-15 19:45:59,917 [omNode-3-OMStateMachineApplyTransactionThread - 0] INFO  snapshot.OMSnapshotCreateRequest (OMSnapshotCreateRequest.java:validateAndUpdateCache(226)) - Created snapshot: 'snapshot-9762763202' with snapshotId: '03eaa082-480a-4ac4-8cc9-63d06f5b4878' under path 'volume62899/bucket22342'
2025-07-15 19:45:59,950 [omNode-1-OMStateMachineApplyTransactionThread - 0] INFO  snapshot.OMSnapshotCreateRequest (OMSnapshotCreateRequest.java:validateAndUpdateCache(226)) - Created snapshot: 'snapshot-1506161936' with snapshotId: '669214e3-9e7c-4b21-8a39-41267c25aef0' under path 'volume45943/bucket86319'
2025-07-15 19:45:59,953 [Thread-10112] INFO  rocksdiff.RocksDBCheckpointDiffer (RocksDBCheckpointDiffer.java:shouldSkipCompaction(440)) - Skipped the compaction entry. Compaction input files: [/home/runner/work/ozone/ozone/hadoop-ozone/integration-test/target/test-dir/MiniOzoneClusterImpl-0e8a6840-8092-433d-9bbe-2fd65d18bfc8/omNode-1/om.db/000291.sst] and output files: [/home/runner/work/ozone/ozone/hadoop-ozone/integration-test/target/test-dir/MiniOzoneClusterImpl-0e8a6840-8092-433d-9bbe-2fd65d18bfc8/omNode-1/om.db/000291.sst] are same.
2025-07-15 19:45:59,961 [omNode-1-OMDoubleBufferFlushThread] INFO  db.RDBCheckpointManager (RDBCheckpointManager.java:createCheckpoint(87)) - Created checkpoint in rocksDB at /home/runner/work/ozone/ozone/hadoop-ozone/integration-test/target/test-dir/MiniOzoneClusterImpl-0e8a6840-8092-433d-9bbe-2fd65d18bfc8/omNode-1/db.snapshots/checkpointState/om.db-03eaa082-480a-4ac4-8cc9-63d06f5b4878 in 106 milliseconds
2025-07-15 19:45:59,962 [omNode-1-OMDoubleBufferFlushThread] INFO  om.OmSnapshotManager (OmSnapshotManager.java:createOmSnapshotCheckpoint(503)) - Created checkpoint : /home/runner/work/ozone/ozone/hadoop-ozone/integration-test/target/test-dir/MiniOzoneClusterImpl-0e8a6840-8092-433d-9bbe-2fd65d18bfc8/omNode-1/db.snapshots/checkpointState/om.db-03eaa082-480a-4ac4-8cc9-63d06f5b4878 for snapshot snapshot-9762763202
2025-07-15 19:45:59,999 [Thread-10239] INFO  rocksdiff.RocksDBCheckpointDiffer (RocksDBCheckpointDiffer.java:shouldSkipCompaction(440)) - Skipped the compaction entry. Compaction input files: [/home/runner/work/ozone/ozone/hadoop-ozone/integration-test/target/test-dir/MiniOzoneClusterImpl-0e8a6840-8092-433d-9bbe-2fd65d18bfc8/omNode-2/om.db/000291.sst] and output files: [/home/runner/work/ozone/ozone/hadoop-ozone/integration-test/target/test-dir/MiniOzoneClusterImpl-0e8a6840-8092-433d-9bbe-2fd65d18bfc8/omNode-2/om.db/000291.sst] are same.
2025-07-15 19:46:00,001 [omNode-2-OMStateMachineApplyTransactionThread - 0] INFO  snapshot.OMSnapshotCreateRequest (OMSnapshotCreateRequest.java:validateAndUpdateCache(226)) - Created snapshot: 'snapshot-1506161936' with snapshotId: '669214e3-9e7c-4b21-8a39-41267c25aef0' under path 'volume45943/bucket86319'
2025-07-15 19:46:00,003 [omNode-3-OMStateMachineApplyTransactionThread - 0] INFO  snapshot.OMSnapshotCreateRequest (OMSnapshotCreateRequest.java:validateAndUpdateCache(226)) - Created snapshot: 'snapshot-1506161936' with snapshotId: '669214e3-9e7c-4b21-8a39-41267c25aef0' under path 'volume45943/bucket86319'
2025-07-15 19:46:00,006 [omNode-2-OMDoubleBufferFlushThread] INFO  db.RDBCheckpointManager (RDBCheckpointManager.java:createCheckpoint(87)) - Created checkpoint in rocksDB at /home/runner/work/ozone/ozone/hadoop-ozone/integration-test/target/test-dir/MiniOzoneClusterImpl-0e8a6840-8092-433d-9bbe-2fd65d18bfc8/omNode-2/db.snapshots/checkpointState/om.db-03eaa082-480a-4ac4-8cc9-63d06f5b4878 in 97 milliseconds
2025-07-15 19:46:00,008 [omNode-2-OMDoubleBufferFlushThread] INFO  om.OmSnapshotManager (OmSnapshotManager.java:createOmSnapshotCheckpoint(503)) - Created checkpoint : /home/runner/work/ozone/ozone/hadoop-ozone/integration-test/target/test-dir/MiniOzoneClusterImpl-0e8a6840-8092-433d-9bbe-2fd65d18bfc8/omNode-2/db.snapshots/checkpointState/om.db-03eaa082-480a-4ac4-8cc9-63d06f5b4878 for snapshot snapshot-9762763202
2025-07-15 19:46:00,015 [Thread-10280] INFO  rocksdiff.RocksDBCheckpointDiffer (RocksDBCheckpointDiffer.java:shouldSkipCompaction(440)) - Skipped the compaction entry. Compaction input files: [/home/runner/work/ozone/ozone/hadoop-ozone/integration-test/target/test-dir/MiniOzoneClusterImpl-0e8a6840-8092-433d-9bbe-2fd65d18bfc8/omNode-3/om.db/000291.sst] and output files: [/home/runner/work/ozone/ozone/hadoop-ozone/integration-test/target/test-dir/MiniOzoneClusterImpl-0e8a6840-8092-433d-9bbe-2fd65d18bfc8/omNode-3/om.db/000291.sst] are same.
2025-07-15 19:46:00,024 [omNode-3-OMDoubleBufferFlushThread] INFO  db.RDBCheckpointManager (RDBCheckpointManager.java:createCheckpoint(87)) - Created checkpoint in rocksDB at /home/runner/work/ozone/ozone/hadoop-ozone/integration-test/target/test-dir/MiniOzoneClusterImpl-0e8a6840-8092-433d-9bbe-2fd65d18bfc8/omNode-3/db.snapshots/checkpointState/om.db-03eaa082-480a-4ac4-8cc9-63d06f5b4878 in 102 milliseconds
2025-07-15 19:46:00,025 [omNode-3-OMDoubleBufferFlushThread] INFO  om.OmSnapshotManager (OmSnapshotManager.java:createOmSnapshotCheckpoint(503)) - Created checkpoint : /home/runner/work/ozone/ozone/hadoop-ozone/integration-test/target/test-dir/MiniOzoneClusterImpl-0e8a6840-8092-433d-9bbe-2fd65d18bfc8/omNode-3/db.snapshots/checkpointState/om.db-03eaa082-480a-4ac4-8cc9-63d06f5b4878 for snapshot snapshot-9762763202
2025-07-15 19:46:00,040 [Thread-10352] INFO  rocksdiff.RocksDBCheckpointDiffer (RocksDBCheckpointDiffer.java:shouldSkipCompaction(440)) - Skipped the compaction entry. Compaction input files: [/home/runner/work/ozone/ozone/hadoop-ozone/integration-test/target/test-dir/MiniOzoneClusterImpl-0e8a6840-8092-433d-9bbe-2fd65d18bfc8/omNode-1/om.db/000297.sst] and output files: [/home/runner/work/ozone/ozone/hadoop-ozone/integration-test/target/test-dir/MiniOzoneClusterImpl-0e8a6840-8092-433d-9bbe-2fd65d18bfc8/omNode-1/om.db/000297.sst] are same.
2025-07-15 19:46:00,045 [omNode-1-OMStateMachineApplyTransactionThread - 0] INFO  snapshot.OMSnapshotCreateRequest (OMSnapshotCreateRequest.java:validateAndUpdateCache(226)) - Created snapshot: 'snapshot-5200226670' with snapshotId: '7872e1cc-d742-447e-a9a6-6be288862df4' under path 'volume88620/bucket70916'
2025-07-15 19:46:00,047 [omNode-1-OMDoubleBufferFlushThread] INFO  db.RDBCheckpointManager (RDBCheckpointManager.java:createCheckpoint(87)) - Created checkpoint in rocksDB at /home/runner/work/ozone/ozone/hadoop-ozone/integration-test/target/test-dir/MiniOzoneClusterImpl-0e8a6840-8092-433d-9bbe-2fd65d18bfc8/omNode-1/db.snapshots/checkpointState/om.db-669214e3-9e7c-4b21-8a39-41267c25aef0 in 76 milliseconds
2025-07-15 19:46:00,047 [omNode-1-OMDoubleBufferFlushThread] INFO  om.OmSnapshotManager (OmSnapshotManager.java:createOmSnapshotCheckpoint(503)) - Created checkpoint : /home/runner/work/ozone/ozone/hadoop-ozone/integration-test/target/test-dir/MiniOzoneClusterImpl-0e8a6840-8092-433d-9bbe-2fd65d18bfc8/omNode-1/db.snapshots/checkpointState/om.db-669214e3-9e7c-4b21-8a39-41267c25aef0 for snapshot snapshot-1506161936
2025-07-15 19:46:00,068 [Thread-10424] INFO  rocksdiff.RocksDBCheckpointDiffer (RocksDBCheckpointDiffer.java:shouldSkipCompaction(440)) - Skipped the compaction entry. Compaction input files: [/home/runner/work/ozone/ozone/hadoop-ozone/integration-test/target/test-dir/MiniOzoneClusterImpl-0e8a6840-8092-433d-9bbe-2fd65d18bfc8/omNode-2/om.db/000297.sst] and output files: [/home/runner/work/ozone/ozone/hadoop-ozone/integration-test/target/test-dir/MiniOzoneClusterImpl-0e8a6840-8092-433d-9bbe-2fd65d18bfc8/omNode-2/om.db/000297.sst] are same.
2025-07-15 19:46:00,086 [omNode-2-OMDoubleBufferFlushThread] INFO  db.RDBCheckpointManager (RDBCheckpointManager.java:createCheckpoint(87)) - Created checkpoint in rocksDB at /home/runner/work/ozone/ozone/hadoop-ozone/integration-test/target/test-dir/MiniOzoneClusterImpl-0e8a6840-8092-433d-9bbe-2fd65d18bfc8/omNode-2/db.snapshots/checkpointState/om.db-669214e3-9e7c-4b21-8a39-41267c25aef0 in 74 milliseconds
2025-07-15 19:46:00,087 [omNode-2-OMDoubleBufferFlushThread] INFO  om.OmSnapshotManager (OmSnapshotManager.java:createOmSnapshotCheckpoint(503)) - Created checkpoint : /home/runner/work/ozone/ozone/hadoop-ozone/integration-test/target/test-dir/MiniOzoneClusterImpl-0e8a6840-8092-433d-9bbe-2fd65d18bfc8/omNode-2/db.snapshots/checkpointState/om.db-669214e3-9e7c-4b21-8a39-41267c25aef0 for snapshot snapshot-1506161936
2025-07-15 19:46:00,091 [omNode-3-OMStateMachineApplyTransactionThread - 0] INFO  snapshot.OMSnapshotCreateRequest (OMSnapshotCreateRequest.java:validateAndUpdateCache(226)) - Created snapshot: 'snapshot-5200226670' with snapshotId: '7872e1cc-d742-447e-a9a6-6be288862df4' under path 'volume88620/bucket70916'
2025-07-15 19:46:00,103 [Thread-10500] INFO  rocksdiff.RocksDBCheckpointDiffer (RocksDBCheckpointDiffer.java:shouldSkipCompaction(440)) - Skipped the compaction entry. Compaction input files: [/home/runner/work/ozone/ozone/hadoop-ozone/integration-test/target/test-dir/MiniOzoneClusterImpl-0e8a6840-8092-433d-9bbe-2fd65d18bfc8/omNode-3/om.db/000297.sst] and output files: [/home/runner/work/ozone/ozone/hadoop-ozone/integration-test/target/test-dir/MiniOzoneClusterImpl-0e8a6840-8092-433d-9bbe-2fd65d18bfc8/omNode-3/om.db/000297.sst] are same.
2025-07-15 19:46:00,104 [omNode-2-OMStateMachineApplyTransactionThread - 0] INFO  snapshot.OMSnapshotCreateRequest (OMSnapshotCreateRequest.java:validateAndUpdateCache(226)) - Created snapshot: 'snapshot-5200226670' with snapshotId: '7872e1cc-d742-447e-a9a6-6be288862df4' under path 'volume88620/bucket70916'
2025-07-15 19:46:00,125 [omNode-3-OMDoubleBufferFlushThread] INFO  db.RDBCheckpointManager (RDBCheckpointManager.java:createCheckpoint(87)) - Created checkpoint in rocksDB at /home/runner/work/ozone/ozone/hadoop-ozone/integration-test/target/test-dir/MiniOzoneClusterImpl-0e8a6840-8092-433d-9bbe-2fd65d18bfc8/omNode-3/db.snapshots/checkpointState/om.db-669214e3-9e7c-4b21-8a39-41267c25aef0 in 93 milliseconds
2025-07-15 19:46:00,125 [omNode-3-OMDoubleBufferFlushThread] INFO  om.OmSnapshotManager (OmSnapshotManager.java:createOmSnapshotCheckpoint(503)) - Created checkpoint : /home/runner/work/ozone/ozone/hadoop-ozone/integration-test/target/test-dir/MiniOzoneClusterImpl-0e8a6840-8092-433d-9bbe-2fd65d18bfc8/omNode-3/db.snapshots/checkpointState/om.db-669214e3-9e7c-4b21-8a39-41267c25aef0 for snapshot snapshot-1506161936
2025-07-15 19:46:00,126 [Thread-10546] INFO  rocksdiff.RocksDBCheckpointDiffer (RocksDBCheckpointDiffer.java:shouldSkipCompaction(440)) - Skipped the compaction entry. Compaction input files: [/home/runner/work/ozone/ozone/hadoop-ozone/integration-test/target/test-dir/MiniOzoneClusterImpl-0e8a6840-8092-433d-9bbe-2fd65d18bfc8/omNode-1/om.db/000303.sst] and output files: [/home/runner/work/ozone/ozone/hadoop-ozone/integration-test/target/test-dir/MiniOzoneClusterImpl-0e8a6840-8092-433d-9bbe-2fd65d18bfc8/omNode-1/om.db/000303.sst] are same.
2025-07-15 19:46:00,137 [omNode-1-OMDoubleBufferFlushThread] INFO  db.RDBCheckpointManager (RDBCheckpointManager.java:createCheckpoint(87)) - Created checkpoint in rocksDB at /home/runner/work/ozone/ozone/hadoop-ozone/integration-test/target/test-dir/MiniOzoneClusterImpl-0e8a6840-8092-433d-9bbe-2fd65d18bfc8/omNode-1/db.snapshots/checkpointState/om.db-7872e1cc-d742-447e-a9a6-6be288862df4 in 77 milliseconds
2025-07-15 19:46:00,138 [omNode-1-OMDoubleBufferFlushThread] INFO  om.OmSnapshotManager (OmSnapshotManager.java:createOmSnapshotCheckpoint(503)) - Created checkpoint : /home/runner/work/ozone/ozone/hadoop-ozone/integration-test/target/test-dir/MiniOzoneClusterImpl-0e8a6840-8092-433d-9bbe-2fd65d18bfc8/omNode-1/db.snapshots/checkpointState/om.db-7872e1cc-d742-447e-a9a6-6be288862df4 for snapshot snapshot-5200226670
2025-07-15 19:46:00,150 [omNode-1-OMStateMachineApplyTransactionThread - 0] INFO  snapshot.OMSnapshotCreateRequest (OMSnapshotCreateRequest.java:validateAndUpdateCache(226)) - Created snapshot: 'snapshot-4034709723' with snapshotId: '8361e293-fab5-4c17-9229-f42ad027ab4c' under path 'volume38661/bucket53271'
2025-07-15 19:46:00,155 [Thread-10638] INFO  rocksdiff.RocksDBCheckpointDiffer (RocksDBCheckpointDiffer.java:shouldSkipCompaction(440)) - Skipped the compaction entry. Compaction input files: [/home/runner/work/ozone/ozone/hadoop-ozone/integration-test/target/test-dir/MiniOzoneClusterImpl-0e8a6840-8092-433d-9bbe-2fd65d18bfc8/omNode-2/om.db/000303.sst] and output files: [/home/runner/work/ozone/ozone/hadoop-ozone/integration-test/target/test-dir/MiniOzoneClusterImpl-0e8a6840-8092-433d-9bbe-2fd65d18bfc8/omNode-2/om.db/000303.sst] are same.
2025-07-15 19:46:00,171 [omNode-2-OMDoubleBufferFlushThread] INFO  db.RDBCheckpointManager (RDBCheckpointManager.java:createCheckpoint(87)) - Created checkpoint in rocksDB at /home/runner/work/ozone/ozone/hadoop-ozone/integration-test/target/test-dir/MiniOzoneClusterImpl-0e8a6840-8092-433d-9bbe-2fd65d18bfc8/omNode-2/db.snapshots/checkpointState/om.db-7872e1cc-d742-447e-a9a6-6be288862df4 in 62 milliseconds
2025-07-15 19:46:00,171 [omNode-2-OMDoubleBufferFlushThread] INFO  om.OmSnapshotManager (OmSnapshotManager.java:createOmSnapshotCheckpoint(503)) - Created checkpoint : /home/runner/work/ozone/ozone/hadoop-ozone/integration-test/target/test-dir/MiniOzoneClusterImpl-0e8a6840-8092-433d-9bbe-2fd65d18bfc8/omNode-2/db.snapshots/checkpointState/om.db-7872e1cc-d742-447e-a9a6-6be288862df4 for snapshot snapshot-5200226670
2025-07-15 19:46:00,185 [Thread-10706] INFO  rocksdiff.RocksDBCheckpointDiffer (RocksDBCheckpointDiffer.java:shouldSkipCompaction(440)) - Skipped the compaction entry. Compaction input files: [/home/runner/work/ozone/ozone/hadoop-ozone/integration-test/target/test-dir/MiniOzoneClusterImpl-0e8a6840-8092-433d-9bbe-2fd65d18bfc8/omNode-3/om.db/000303.sst] and output files: [/home/runner/work/ozone/ozone/hadoop-ozone/integration-test/target/test-dir/MiniOzoneClusterImpl-0e8a6840-8092-433d-9bbe-2fd65d18bfc8/omNode-3/om.db/000303.sst] are same.
2025-07-15 19:46:00,199 [omNode-3-OMDoubleBufferFlushThread] INFO  db.RDBCheckpointManager (RDBCheckpointManager.java:createCheckpoint(87)) - Created checkpoint in rocksDB at /home/runner/work/ozone/ozone/hadoop-ozone/integration-test/target/test-dir/MiniOzoneClusterImpl-0e8a6840-8092-433d-9bbe-2fd65d18bfc8/omNode-3/db.snapshots/checkpointState/om.db-7872e1cc-d742-447e-a9a6-6be288862df4 in 63 milliseconds
2025-07-15 19:46:00,200 [omNode-3-OMDoubleBufferFlushThread] INFO  om.OmSnapshotManager (OmSnapshotManager.java:createOmSnapshotCheckpoint(503)) - Created checkpoint : /home/runner/work/ozone/ozone/hadoop-ozone/integration-test/target/test-dir/MiniOzoneClusterImpl-0e8a6840-8092-433d-9bbe-2fd65d18bfc8/omNode-3/db.snapshots/checkpointState/om.db-7872e1cc-d742-447e-a9a6-6be288862df4 for snapshot snapshot-5200226670
2025-07-15 19:46:00,209 [Thread-10740] INFO  rocksdiff.RocksDBCheckpointDiffer (RocksDBCheckpointDiffer.java:shouldSkipCompaction(440)) - Skipped the compaction entry. Compaction input files: [/home/runner/work/ozone/ozone/hadoop-ozone/integration-test/target/test-dir/MiniOzoneClusterImpl-0e8a6840-8092-433d-9bbe-2fd65d18bfc8/omNode-1/om.db/000311.sst] and output files: [/home/runner/work/ozone/ozone/hadoop-ozone/integration-test/target/test-dir/MiniOzoneClusterImpl-0e8a6840-8092-433d-9bbe-2fd65d18bfc8/omNode-1/om.db/000311.sst] are same.
2025-07-15 19:46:00,212 [omNode-3-OMStateMachineApplyTransactionThread - 0] INFO  snapshot.OMSnapshotCreateRequest (OMSnapshotCreateRequest.java:validateAndUpdateCache(226)) - Created snapshot: 'snapshot-4034709723' with snapshotId: '8361e293-fab5-4c17-9229-f42ad027ab4c' under path 'volume38661/bucket53271'
2025-07-15 19:46:00,212 [omNode-2-OMStateMachineApplyTransactionThread - 0] INFO  snapshot.OMSnapshotCreateRequest (OMSnapshotCreateRequest.java:validateAndUpdateCache(226)) - Created snapshot: 'snapshot-4034709723' with snapshotId: '8361e293-fab5-4c17-9229-f42ad027ab4c' under path 'volume38661/bucket53271'
2025-07-15 19:46:00,218 [omNode-1-OMDoubleBufferFlushThread] INFO  db.RDBCheckpointManager (RDBCheckpointManager.java:createCheckpoint(87)) - Created checkpoint in rocksDB at /home/runner/work/ozone/ozone/hadoop-ozone/integration-test/target/test-dir/MiniOzoneClusterImpl-0e8a6840-8092-433d-9bbe-2fd65d18bfc8/omNode-1/db.snapshots/checkpointState/om.db-8361e293-fab5-4c17-9229-f42ad027ab4c in 64 milliseconds
2025-07-15 19:46:00,219 [omNode-1-OMDoubleBufferFlushThread] INFO  om.OmSnapshotManager (OmSnapshotManager.java:createOmSnapshotCheckpoint(503)) - Created checkpoint : /home/runner/work/ozone/ozone/hadoop-ozone/integration-test/target/test-dir/MiniOzoneClusterImpl-0e8a6840-8092-433d-9bbe-2fd65d18bfc8/omNode-1/db.snapshots/checkpointState/om.db-8361e293-fab5-4c17-9229-f42ad027ab4c for snapshot snapshot-4034709723
2025-07-15 19:46:00,241 [omNode-1-OMStateMachineApplyTransactionThread - 0] INFO  snapshot.OMSnapshotCreateRequest (OMSnapshotCreateRequest.java:validateAndUpdateCache(226)) - Created snapshot: 'snapshot-0923028349' with snapshotId: '2e0073ab-2bc8-45ed-afd6-347cf4d885d4' under path 'volume93011/bucket10902'
2025-07-15 19:46:00,265 [Thread-10904] INFO  rocksdiff.RocksDBCheckpointDiffer (RocksDBCheckpointDiffer.java:shouldSkipCompaction(440)) - Skipped the compaction entry. Compaction input files: [/home/runner/work/ozone/ozone/hadoop-ozone/integration-test/target/test-dir/MiniOzoneClusterImpl-0e8a6840-8092-433d-9bbe-2fd65d18bfc8/omNode-3/om.db/000311.sst] and output files: [/home/runner/work/ozone/ozone/hadoop-ozone/integration-test/target/test-dir/MiniOzoneClusterImpl-0e8a6840-8092-433d-9bbe-2fd65d18bfc8/omNode-3/om.db/000311.sst] are same.
2025-07-15 19:46:00,282 [Thread-10922] INFO  rocksdiff.RocksDBCheckpointDiffer (RocksDBCheckpointDiffer.java:shouldSkipCompaction(440)) - Skipped the compaction entry. Compaction input files: [/home/runner/work/ozone/ozone/hadoop-ozone/integration-test/target/test-dir/MiniOzoneClusterImpl-0e8a6840-8092-433d-9bbe-2fd65d18bfc8/omNode-2/om.db/000310.sst] and output files: [/home/runner/work/ozone/ozone/hadoop-ozone/integration-test/target/test-dir/MiniOzoneClusterImpl-0e8a6840-8092-433d-9bbe-2fd65d18bfc8/omNode-2/om.db/000310.sst] are same.
2025-07-15 19:46:00,286 [omNode-3-OMDoubleBufferFlushThread] INFO  db.RDBCheckpointManager (RDBCheckpointManager.java:createCheckpoint(87)) - Created checkpoint in rocksDB at /home/runner/work/ozone/ozone/hadoop-ozone/integration-test/target/test-dir/MiniOzoneClusterImpl-0e8a6840-8092-433d-9bbe-2fd65d18bfc8/omNode-3/db.snapshots/checkpointState/om.db-8361e293-fab5-4c17-9229-f42ad027ab4c in 72 milliseconds
2025-07-15 19:46:00,287 [omNode-3-OMDoubleBufferFlushThread] INFO  om.OmSnapshotManager (OmSnapshotManager.java:createOmSnapshotCheckpoint(503)) - Created checkpoint : /home/runner/work/ozone/ozone/hadoop-ozone/integration-test/target/test-dir/MiniOzoneClusterImpl-0e8a6840-8092-433d-9bbe-2fd65d18bfc8/omNode-3/db.snapshots/checkpointState/om.db-8361e293-fab5-4c17-9229-f42ad027ab4c for snapshot snapshot-4034709723
2025-07-15 19:46:00,292 [omNode-2-OMDoubleBufferFlushThread] INFO  db.RDBCheckpointManager (RDBCheckpointManager.java:createCheckpoint(87)) - Created checkpoint in rocksDB at /home/runner/work/ozone/ozone/hadoop-ozone/integration-test/target/test-dir/MiniOzoneClusterImpl-0e8a6840-8092-433d-9bbe-2fd65d18bfc8/omNode-2/db.snapshots/checkpointState/om.db-8361e293-fab5-4c17-9229-f42ad027ab4c in 76 milliseconds
2025-07-15 19:46:00,293 [omNode-2-OMDoubleBufferFlushThread] INFO  om.OmSnapshotManager (OmSnapshotManager.java:createOmSnapshotCheckpoint(503)) - Created checkpoint : /home/runner/work/ozone/ozone/hadoop-ozone/integration-test/target/test-dir/MiniOzoneClusterImpl-0e8a6840-8092-433d-9bbe-2fd65d18bfc8/omNode-2/db.snapshots/checkpointState/om.db-8361e293-fab5-4c17-9229-f42ad027ab4c for snapshot snapshot-4034709723
2025-07-15 19:46:00,303 [omNode-3-OMStateMachineApplyTransactionThread - 0] INFO  snapshot.OMSnapshotCreateRequest (OMSnapshotCreateRequest.java:validateAndUpdateCache(226)) - Created snapshot: 'snapshot-0923028349' with snapshotId: '2e0073ab-2bc8-45ed-afd6-347cf4d885d4' under path 'volume93011/bucket10902'
2025-07-15 19:46:00,305 [omNode-2-OMStateMachineApplyTransactionThread - 0] INFO  snapshot.OMSnapshotCreateRequest (OMSnapshotCreateRequest.java:validateAndUpdateCache(226)) - Created snapshot: 'snapshot-0923028349' with snapshotId: '2e0073ab-2bc8-45ed-afd6-347cf4d885d4' under path 'volume93011/bucket10902'
2025-07-15 19:46:00,321 [Thread-11036] INFO  rocksdiff.RocksDBCheckpointDiffer (RocksDBCheckpointDiffer.java:shouldSkipCompaction(440)) - Skipped the compaction entry. Compaction input files: [/home/runner/work/ozone/ozone/hadoop-ozone/integration-test/target/test-dir/MiniOzoneClusterImpl-0e8a6840-8092-433d-9bbe-2fd65d18bfc8/omNode-1/om.db/000317.sst] and output files: [/home/runner/work/ozone/ozone/hadoop-ozone/integration-test/target/test-dir/MiniOzoneClusterImpl-0e8a6840-8092-433d-9bbe-2fd65d18bfc8/omNode-1/om.db/000317.sst] are same.
2025-07-15 19:46:00,330 [omNode-1-OMStateMachineApplyTransactionThread - 0] INFO  snapshot.OMSnapshotCreateRequest (OMSnapshotCreateRequest.java:validateAndUpdateCache(226)) - Created snapshot: 'snapshot-7040199074' with snapshotId: 'b0c29386-21a2-49fb-9076-203e73d4a697' under path 'volume65185/bucket38537'
2025-07-15 19:46:00,331 [omNode-1-OMDoubleBufferFlushThread] INFO  db.RDBCheckpointManager (RDBCheckpointManager.java:createCheckpoint(87)) - Created checkpoint in rocksDB at /home/runner/work/ozone/ozone/hadoop-ozone/integration-test/target/test-dir/MiniOzoneClusterImpl-0e8a6840-8092-433d-9bbe-2fd65d18bfc8/omNode-1/db.snapshots/checkpointState/om.db-2e0073ab-2bc8-45ed-afd6-347cf4d885d4 in 87 milliseconds
2025-07-15 19:46:00,333 [omNode-1-OMDoubleBufferFlushThread] WARN  om.OmSnapshotManager (OmSnapshotManager.java:performOperationOnKeys(569)) - Took 2284879 ns to find endKey. Caller is deleteKeysFromDelKeyTableInSnapshotScope
2025-07-15 19:46:00,334 [omNode-1-OMDoubleBufferFlushThread] INFO  om.OmSnapshotManager (OmSnapshotManager.java:createOmSnapshotCheckpoint(503)) - Created checkpoint : /home/runner/work/ozone/ozone/hadoop-ozone/integration-test/target/test-dir/MiniOzoneClusterImpl-0e8a6840-8092-433d-9bbe-2fd65d18bfc8/omNode-1/db.snapshots/checkpointState/om.db-2e0073ab-2bc8-45ed-afd6-347cf4d885d4 for snapshot snapshot-0923028349
2025-07-15 19:46:00,372 [omNode-2-OMStateMachineApplyTransactionThread - 0] INFO  snapshot.OMSnapshotCreateRequest (OMSnapshotCreateRequest.java:validateAndUpdateCache(226)) - Created snapshot: 'snapshot-7040199074' with snapshotId: 'b0c29386-21a2-49fb-9076-203e73d4a697' under path 'volume65185/bucket38537'
2025-07-15 19:46:00,376 [Thread-11226] INFO  rocksdiff.RocksDBCheckpointDiffer (RocksDBCheckpointDiffer.java:shouldSkipCompaction(440)) - Skipped the compaction entry. Compaction input files: [/home/runner/work/ozone/ozone/hadoop-ozone/integration-test/target/test-dir/MiniOzoneClusterImpl-0e8a6840-8092-433d-9bbe-2fd65d18bfc8/omNode-3/om.db/000317.sst] and output files: [/home/runner/work/ozone/ozone/hadoop-ozone/integration-test/target/test-dir/MiniOzoneClusterImpl-0e8a6840-8092-433d-9bbe-2fd65d18bfc8/omNode-3/om.db/000317.sst] are same.
2025-07-15 19:46:00,387 [omNode-3-OMStateMachineApplyTransactionThread - 0] INFO  snapshot.OMSnapshotCreateRequest (OMSnapshotCreateRequest.java:validateAndUpdateCache(226)) - Created snapshot: 'snapshot-7040199074' with snapshotId: 'b0c29386-21a2-49fb-9076-203e73d4a697' under path 'volume65185/bucket38537'
2025-07-15 19:46:00,392 [omNode-3-OMDoubleBufferFlushThread] INFO  db.RDBCheckpointManager (RDBCheckpointManager.java:createCheckpoint(87)) - Created checkpoint in rocksDB at /home/runner/work/ozone/ozone/hadoop-ozone/integration-test/target/test-dir/MiniOzoneClusterImpl-0e8a6840-8092-433d-9bbe-2fd65d18bfc8/omNode-3/db.snapshots/checkpointState/om.db-2e0073ab-2bc8-45ed-afd6-347cf4d885d4 in 87 milliseconds
2025-07-15 19:46:00,395 [omNode-3-OMDoubleBufferFlushThread] INFO  om.OmSnapshotManager (OmSnapshotManager.java:createOmSnapshotCheckpoint(503)) - Created checkpoint : /home/runner/work/ozone/ozone/hadoop-ozone/integration-test/target/test-dir/MiniOzoneClusterImpl-0e8a6840-8092-433d-9bbe-2fd65d18bfc8/omNode-3/db.snapshots/checkpointState/om.db-2e0073ab-2bc8-45ed-afd6-347cf4d885d4 for snapshot snapshot-0923028349
2025-07-15 19:46:00,399 [Thread-11284] INFO  rocksdiff.RocksDBCheckpointDiffer (RocksDBCheckpointDiffer.java:shouldSkipCompaction(440)) - Skipped the compaction entry. Compaction input files: [/home/runner/work/ozone/ozone/hadoop-ozone/integration-test/target/test-dir/MiniOzoneClusterImpl-0e8a6840-8092-433d-9bbe-2fd65d18bfc8/omNode-2/om.db/000317.sst] and output files: [/home/runner/work/ozone/ozone/hadoop-ozone/integration-test/target/test-dir/MiniOzoneClusterImpl-0e8a6840-8092-433d-9bbe-2fd65d18bfc8/omNode-2/om.db/000317.sst] are same.
2025-07-15 19:46:00,408 [omNode-2-OMDoubleBufferFlushThread] INFO  db.RDBCheckpointManager (RDBCheckpointManager.java:createCheckpoint(87)) - Created checkpoint in rocksDB at /home/runner/work/ozone/ozone/hadoop-ozone/integration-test/target/test-dir/MiniOzoneClusterImpl-0e8a6840-8092-433d-9bbe-2fd65d18bfc8/omNode-2/db.snapshots/checkpointState/om.db-2e0073ab-2bc8-45ed-afd6-347cf4d885d4 in 99 milliseconds
2025-07-15 19:46:00,409 [omNode-2-OMDoubleBufferFlushThread] INFO  om.OmSnapshotManager (OmSnapshotManager.java:createOmSnapshotCheckpoint(503)) - Created checkpoint : /home/runner/work/ozone/ozone/hadoop-ozone/integration-test/target/test-dir/MiniOzoneClusterImpl-0e8a6840-8092-433d-9bbe-2fd65d18bfc8/omNode-2/db.snapshots/checkpointState/om.db-2e0073ab-2bc8-45ed-afd6-347cf4d885d4 for snapshot snapshot-0923028349
2025-07-15 19:46:00,411 [Thread-11316] INFO  rocksdiff.RocksDBCheckpointDiffer (RocksDBCheckpointDiffer.java:shouldSkipCompaction(440)) - Skipped the compaction entry. Compaction input files: [/home/runner/work/ozone/ozone/hadoop-ozone/integration-test/target/test-dir/MiniOzoneClusterImpl-0e8a6840-8092-433d-9bbe-2fd65d18bfc8/omNode-1/om.db/000323.sst] and output files: [/home/runner/work/ozone/ozone/hadoop-ozone/integration-test/target/test-dir/MiniOzoneClusterImpl-0e8a6840-8092-433d-9bbe-2fd65d18bfc8/omNode-1/om.db/000323.sst] are same.
2025-07-15 19:46:00,414 [omNode-1-OMStateMachineApplyTransactionThread - 0] INFO  snapshot.OMSnapshotCreateRequest (OMSnapshotCreateRequest.java:validateAndUpdateCache(226)) - Created snapshot: 'snapshot-4607479542' with snapshotId: '5c3bdced-399f-4720-b03a-a7488aee9355' under path 'volume25061/bucket95366'
2025-07-15 19:46:00,418 [omNode-1-OMDoubleBufferFlushThread] INFO  db.RDBCheckpointManager (RDBCheckpointManager.java:createCheckpoint(87)) - Created checkpoint in rocksDB at /home/runner/work/ozone/ozone/hadoop-ozone/integration-test/target/test-dir/MiniOzoneClusterImpl-0e8a6840-8092-433d-9bbe-2fd65d18bfc8/omNode-1/db.snapshots/checkpointState/om.db-b0c29386-21a2-49fb-9076-203e73d4a697 in 76 milliseconds
2025-07-15 19:46:00,419 [omNode-1-OMDoubleBufferFlushThread] INFO  om.OmSnapshotManager (OmSnapshotManager.java:createOmSnapshotCheckpoint(503)) - Created checkpoint : /home/runner/work/ozone/ozone/hadoop-ozone/integration-test/target/test-dir/MiniOzoneClusterImpl-0e8a6840-8092-433d-9bbe-2fd65d18bfc8/omNode-1/db.snapshots/checkpointState/om.db-b0c29386-21a2-49fb-9076-203e73d4a697 for snapshot snapshot-7040199074
2025-07-15 19:46:00,452 [omNode-3-OMStateMachineApplyTransactionThread - 0] INFO  snapshot.OMSnapshotCreateRequest (OMSnapshotCreateRequest.java:validateAndUpdateCache(226)) - Created snapshot: 'snapshot-4607479542' with snapshotId: '5c3bdced-399f-4720-b03a-a7488aee9355' under path 'volume25061/bucket95366'
2025-07-15 19:46:00,453 [Thread-11443] INFO  rocksdiff.RocksDBCheckpointDiffer (RocksDBCheckpointDiffer.java:shouldSkipCompaction(440)) - Skipped the compaction entry. Compaction input files: [/home/runner/work/ozone/ozone/hadoop-ozone/integration-test/target/test-dir/MiniOzoneClusterImpl-0e8a6840-8092-433d-9bbe-2fd65d18bfc8/omNode-3/om.db/000323.sst] and output files: [/home/runner/work/ozone/ozone/hadoop-ozone/integration-test/target/test-dir/MiniOzoneClusterImpl-0e8a6840-8092-433d-9bbe-2fd65d18bfc8/omNode-3/om.db/000323.sst] are same.
2025-07-15 19:46:00,454 [omNode-2-OMStateMachineApplyTransactionThread - 0] INFO  snapshot.OMSnapshotCreateRequest (OMSnapshotCreateRequest.java:validateAndUpdateCache(226)) - Created snapshot: 'snapshot-4607479542' with snapshotId: '5c3bdced-399f-4720-b03a-a7488aee9355' under path 'volume25061/bucket95366'
2025-07-15 19:46:00,465 [omNode-3-OMDoubleBufferFlushThread] INFO  db.RDBCheckpointManager (RDBCheckpointManager.java:createCheckpoint(87)) - Created checkpoint in rocksDB at /home/runner/work/ozone/ozone/hadoop-ozone/integration-test/target/test-dir/MiniOzoneClusterImpl-0e8a6840-8092-433d-9bbe-2fd65d18bfc8/omNode-3/db.snapshots/checkpointState/om.db-b0c29386-21a2-49fb-9076-203e73d4a697 in 65 milliseconds
2025-07-15 19:46:00,466 [omNode-3-OMDoubleBufferFlushThread] INFO  om.OmSnapshotManager (OmSnapshotManager.java:createOmSnapshotCheckpoint(503)) - Created checkpoint : /home/runner/work/ozone/ozone/hadoop-ozone/integration-test/target/test-dir/MiniOzoneClusterImpl-0e8a6840-8092-433d-9bbe-2fd65d18bfc8/omNode-3/db.snapshots/checkpointState/om.db-b0c29386-21a2-49fb-9076-203e73d4a697 for snapshot snapshot-7040199074
2025-07-15 19:46:00,473 [Thread-11500] INFO  rocksdiff.RocksDBCheckpointDiffer (RocksDBCheckpointDiffer.java:shouldSkipCompaction(440)) - Skipped the compaction entry. Compaction input files: [/home/runner/work/ozone/ozone/hadoop-ozone/integration-test/target/test-dir/MiniOzoneClusterImpl-0e8a6840-8092-433d-9bbe-2fd65d18bfc8/omNode-2/om.db/000323.sst] and output files: [/home/runner/work/ozone/ozone/hadoop-ozone/integration-test/target/test-dir/MiniOzoneClusterImpl-0e8a6840-8092-433d-9bbe-2fd65d18bfc8/omNode-2/om.db/000323.sst] are same.
2025-07-15 19:46:00,489 [Thread-11536] INFO  rocksdiff.RocksDBCheckpointDiffer (RocksDBCheckpointDiffer.java:shouldSkipCompaction(440)) - Skipped the compaction entry. Compaction input files: [/home/runner/work/ozone/ozone/hadoop-ozone/integration-test/target/test-dir/MiniOzoneClusterImpl-0e8a6840-8092-433d-9bbe-2fd65d18bfc8/omNode-1/om.db/000329.sst] and output files: [/home/runner/work/ozone/ozone/hadoop-ozone/integration-test/target/test-dir/MiniOzoneClusterImpl-0e8a6840-8092-433d-9bbe-2fd65d18bfc8/omNode-1/om.db/000329.sst] are same.
2025-07-15 19:46:00,491 [omNode-2-OMDoubleBufferFlushThread] INFO  db.RDBCheckpointManager (RDBCheckpointManager.java:createCheckpoint(87)) - Created checkpoint in rocksDB at /home/runner/work/ozone/ozone/hadoop-ozone/integration-test/target/test-dir/MiniOzoneClusterImpl-0e8a6840-8092-433d-9bbe-2fd65d18bfc8/omNode-2/db.snapshots/checkpointState/om.db-b0c29386-21a2-49fb-9076-203e73d4a697 in 76 milliseconds
2025-07-15 19:46:00,493 [omNode-2-OMDoubleBufferFlushThread] INFO  om.OmSnapshotManager (OmSnapshotManager.java:createOmSnapshotCheckpoint(503)) - Created checkpoint : /home/runner/work/ozone/ozone/hadoop-ozone/integration-test/target/test-dir/MiniOzoneClusterImpl-0e8a6840-8092-433d-9bbe-2fd65d18bfc8/omNode-2/db.snapshots/checkpointState/om.db-b0c29386-21a2-49fb-9076-203e73d4a697 for snapshot snapshot-7040199074
2025-07-15 19:46:00,499 [omNode-1-OMStateMachineApplyTransactionThread - 0] INFO  snapshot.OMSnapshotCreateRequest (OMSnapshotCreateRequest.java:validateAndUpdateCache(226)) - Created snapshot: 'snapshot-4796091044' with snapshotId: 'b32f5f8a-de0a-4f3d-aa56-939e17a572cf' under path 'volume50885/bucket67782'
2025-07-15 19:46:00,501 [omNode-1-OMDoubleBufferFlushThread] INFO  db.RDBCheckpointManager (RDBCheckpointManager.java:createCheckpoint(87)) - Created checkpoint in rocksDB at /home/runner/work/ozone/ozone/hadoop-ozone/integration-test/target/test-dir/MiniOzoneClusterImpl-0e8a6840-8092-433d-9bbe-2fd65d18bfc8/omNode-1/db.snapshots/checkpointState/om.db-5c3bdced-399f-4720-b03a-a7488aee9355 in 77 milliseconds
2025-07-15 19:46:00,502 [omNode-1-OMDoubleBufferFlushThread] INFO  om.OmSnapshotManager (OmSnapshotManager.java:createOmSnapshotCheckpoint(503)) - Created checkpoint : /home/runner/work/ozone/ozone/hadoop-ozone/integration-test/target/test-dir/MiniOzoneClusterImpl-0e8a6840-8092-433d-9bbe-2fd65d18bfc8/omNode-1/db.snapshots/checkpointState/om.db-5c3bdced-399f-4720-b03a-a7488aee9355 for snapshot snapshot-4607479542
2025-07-15 19:46:00,536 [Thread-11655] INFO  rocksdiff.RocksDBCheckpointDiffer (RocksDBCheckpointDiffer.java:shouldSkipCompaction(440)) - Skipped the compaction entry. Compaction input files: [/home/runner/work/ozone/ozone/hadoop-ozone/integration-test/target/test-dir/MiniOzoneClusterImpl-0e8a6840-8092-433d-9bbe-2fd65d18bfc8/omNode-3/om.db/000329.sst] and output files: [/home/runner/work/ozone/ozone/hadoop-ozone/integration-test/target/test-dir/MiniOzoneClusterImpl-0e8a6840-8092-433d-9bbe-2fd65d18bfc8/omNode-3/om.db/000329.sst] are same.
2025-07-15 19:46:00,539 [omNode-3-OMDoubleBufferFlushThread] INFO  db.RDBCheckpointManager (RDBCheckpointManager.java:createCheckpoint(87)) - Created checkpoint in rocksDB at /home/runner/work/ozone/ozone/hadoop-ozone/integration-test/target/test-dir/MiniOzoneClusterImpl-0e8a6840-8092-433d-9bbe-2fd65d18bfc8/omNode-3/db.snapshots/checkpointState/om.db-5c3bdced-399f-4720-b03a-a7488aee9355 in 68 milliseconds
2025-07-15 19:46:00,542 [omNode-3-OMDoubleBufferFlushThread] INFO  om.OmSnapshotManager (OmSnapshotManager.java:createOmSnapshotCheckpoint(503)) - Created checkpoint : /home/runner/work/ozone/ozone/hadoop-ozone/integration-test/target/test-dir/MiniOzoneClusterImpl-0e8a6840-8092-433d-9bbe-2fd65d18bfc8/omNode-3/db.snapshots/checkpointState/om.db-5c3bdced-399f-4720-b03a-a7488aee9355 for snapshot snapshot-4607479542
2025-07-15 19:46:00,549 [omNode-3-OMStateMachineApplyTransactionThread - 0] INFO  snapshot.OMSnapshotCreateRequest (OMSnapshotCreateRequest.java:validateAndUpdateCache(226)) - Created snapshot: 'snapshot-4796091044' with snapshotId: 'b32f5f8a-de0a-4f3d-aa56-939e17a572cf' under path 'volume50885/bucket67782'
2025-07-15 19:46:00,560 [omNode-2-OMStateMachineApplyTransactionThread - 0] INFO  snapshot.OMSnapshotCreateRequest (OMSnapshotCreateRequest.java:validateAndUpdateCache(226)) - Created snapshot: 'snapshot-4796091044' with snapshotId: 'b32f5f8a-de0a-4f3d-aa56-939e17a572cf' under path 'volume50885/bucket67782'
2025-07-15 19:46:00,564 [Thread-11713] INFO  rocksdiff.RocksDBCheckpointDiffer (RocksDBCheckpointDiffer.java:shouldSkipCompaction(440)) - Skipped the compaction entry. Compaction input files: [/home/runner/work/ozone/ozone/hadoop-ozone/integration-test/target/test-dir/MiniOzoneClusterImpl-0e8a6840-8092-433d-9bbe-2fd65d18bfc8/omNode-2/om.db/000329.sst] and output files: [/home/runner/work/ozone/ozone/hadoop-ozone/integration-test/target/test-dir/MiniOzoneClusterImpl-0e8a6840-8092-433d-9bbe-2fd65d18bfc8/omNode-2/om.db/000329.sst] are same.
2025-07-15 19:46:00,575 [Thread-11740] INFO  rocksdiff.RocksDBCheckpointDiffer (RocksDBCheckpointDiffer.java:shouldSkipCompaction(440)) - Skipped the compaction entry. Compaction input files: [/home/runner/work/ozone/ozone/hadoop-ozone/integration-test/target/test-dir/MiniOzoneClusterImpl-0e8a6840-8092-433d-9bbe-2fd65d18bfc8/omNode-1/om.db/000337.sst] and output files: [/home/runner/work/ozone/ozone/hadoop-ozone/integration-test/target/test-dir/MiniOzoneClusterImpl-0e8a6840-8092-433d-9bbe-2fd65d18bfc8/omNode-1/om.db/000337.sst] are same.
2025-07-15 19:46:00,576 [omNode-2-OMDoubleBufferFlushThread] INFO  db.RDBCheckpointManager (RDBCheckpointManager.java:createCheckpoint(87)) - Created checkpoint in rocksDB at /home/runner/work/ozone/ozone/hadoop-ozone/integration-test/target/test-dir/MiniOzoneClusterImpl-0e8a6840-8092-433d-9bbe-2fd65d18bfc8/omNode-2/db.snapshots/checkpointState/om.db-5c3bdced-399f-4720-b03a-a7488aee9355 in 76 milliseconds
2025-07-15 19:46:00,576 [omNode-2-OMDoubleBufferFlushThread] INFO  om.OmSnapshotManager (OmSnapshotManager.java:createOmSnapshotCheckpoint(503)) - Created checkpoint : /home/runner/work/ozone/ozone/hadoop-ozone/integration-test/target/test-dir/MiniOzoneClusterImpl-0e8a6840-8092-433d-9bbe-2fd65d18bfc8/omNode-2/db.snapshots/checkpointState/om.db-5c3bdced-399f-4720-b03a-a7488aee9355 for snapshot snapshot-4607479542
2025-07-15 19:46:00,585 [omNode-1-OMStateMachineApplyTransactionThread - 0] INFO  snapshot.OMSnapshotCreateRequest (OMSnapshotCreateRequest.java:validateAndUpdateCache(226)) - Created snapshot: 'snapshot-5092149821' with snapshotId: '49903e94-b15d-44fe-b464-b26b5a491713' under path 'volume44784/bucket19548'
2025-07-15 19:46:00,586 [omNode-1-OMDoubleBufferFlushThread] INFO  db.RDBCheckpointManager (RDBCheckpointManager.java:createCheckpoint(87)) - Created checkpoint in rocksDB at /home/runner/work/ozone/ozone/hadoop-ozone/integration-test/target/test-dir/MiniOzoneClusterImpl-0e8a6840-8092-433d-9bbe-2fd65d18bfc8/omNode-1/db.snapshots/checkpointState/om.db-b32f5f8a-de0a-4f3d-aa56-939e17a572cf in 77 milliseconds
2025-07-15 19:46:00,587 [omNode-1-OMDoubleBufferFlushThread] INFO  om.OmSnapshotManager (OmSnapshotManager.java:createOmSnapshotCheckpoint(503)) - Created checkpoint : /home/runner/work/ozone/ozone/hadoop-ozone/integration-test/target/test-dir/MiniOzoneClusterImpl-0e8a6840-8092-433d-9bbe-2fd65d18bfc8/omNode-1/db.snapshots/checkpointState/om.db-b32f5f8a-de0a-4f3d-aa56-939e17a572cf for snapshot snapshot-4796091044
2025-07-15 19:46:00,625 [Thread-11884] INFO  rocksdiff.RocksDBCheckpointDiffer (RocksDBCheckpointDiffer.java:shouldSkipCompaction(440)) - Skipped the compaction entry. Compaction input files: [/home/runner/work/ozone/ozone/hadoop-ozone/integration-test/target/test-dir/MiniOzoneClusterImpl-0e8a6840-8092-433d-9bbe-2fd65d18bfc8/omNode-3/om.db/000337.sst] and output files: [/home/runner/work/ozone/ozone/hadoop-ozone/integration-test/target/test-dir/MiniOzoneClusterImpl-0e8a6840-8092-433d-9bbe-2fd65d18bfc8/omNode-3/om.db/000337.sst] are same.
2025-07-15 19:46:00,626 [omNode-3-OMStateMachineApplyTransactionThread - 0] INFO  snapshot.OMSnapshotCreateRequest (OMSnapshotCreateRequest.java:validateAndUpdateCache(226)) - Created snapshot: 'snapshot-5092149821' with snapshotId: '49903e94-b15d-44fe-b464-b26b5a491713' under path 'volume44784/bucket19548'
2025-07-15 19:46:00,628 [omNode-2-OMStateMachineApplyTransactionThread - 0] INFO  snapshot.OMSnapshotCreateRequest (OMSnapshotCreateRequest.java:validateAndUpdateCache(226)) - Created snapshot: 'snapshot-5092149821' with snapshotId: '49903e94-b15d-44fe-b464-b26b5a491713' under path 'volume44784/bucket19548'
2025-07-15 19:46:00,638 [omNode-3-OMDoubleBufferFlushThread] INFO  db.RDBCheckpointManager (RDBCheckpointManager.java:createCheckpoint(87)) - Created checkpoint in rocksDB at /home/runner/work/ozone/ozone/hadoop-ozone/integration-test/target/test-dir/MiniOzoneClusterImpl-0e8a6840-8092-433d-9bbe-2fd65d18bfc8/omNode-3/db.snapshots/checkpointState/om.db-b32f5f8a-de0a-4f3d-aa56-939e17a572cf in 82 milliseconds
2025-07-15 19:46:00,639 [omNode-3-OMDoubleBufferFlushThread] INFO  om.OmSnapshotManager (OmSnapshotManager.java:createOmSnapshotCheckpoint(503)) - Created checkpoint : /home/runner/work/ozone/ozone/hadoop-ozone/integration-test/target/test-dir/MiniOzoneClusterImpl-0e8a6840-8092-433d-9bbe-2fd65d18bfc8/omNode-3/db.snapshots/checkpointState/om.db-b32f5f8a-de0a-4f3d-aa56-939e17a572cf for snapshot snapshot-4796091044
2025-07-15 19:46:00,643 [Thread-11948] INFO  rocksdiff.RocksDBCheckpointDiffer (RocksDBCheckpointDiffer.java:shouldSkipCompaction(440)) - Skipped the compaction entry. Compaction input files: [/home/runner/work/ozone/ozone/hadoop-ozone/integration-test/target/test-dir/MiniOzoneClusterImpl-0e8a6840-8092-433d-9bbe-2fd65d18bfc8/omNode-2/om.db/000337.sst] and output files: [/home/runner/work/ozone/ozone/hadoop-ozone/integration-test/target/test-dir/MiniOzoneClusterImpl-0e8a6840-8092-433d-9bbe-2fd65d18bfc8/omNode-2/om.db/000337.sst] are same.
2025-07-15 19:46:00,661 [Thread-12012] INFO  rocksdiff.RocksDBCheckpointDiffer (RocksDBCheckpointDiffer.java:shouldSkipCompaction(440)) - Skipped the compaction entry. Compaction input files: [/home/runner/work/ozone/ozone/hadoop-ozone/integration-test/target/test-dir/MiniOzoneClusterImpl-0e8a6840-8092-433d-9bbe-2fd65d18bfc8/omNode-1/om.db/000343.sst] and output files: [/home/runner/work/ozone/ozone/hadoop-ozone/integration-test/target/test-dir/MiniOzoneClusterImpl-0e8a6840-8092-433d-9bbe-2fd65d18bfc8/omNode-1/om.db/000343.sst] are same.
2025-07-15 19:46:00,662 [omNode-2-OMDoubleBufferFlushThread] INFO  db.RDBCheckpointManager (RDBCheckpointManager.java:createCheckpoint(87)) - Created checkpoint in rocksDB at /home/runner/work/ozone/ozone/hadoop-ozone/integration-test/target/test-dir/MiniOzoneClusterImpl-0e8a6840-8092-433d-9bbe-2fd65d18bfc8/omNode-2/db.snapshots/checkpointState/om.db-b32f5f8a-de0a-4f3d-aa56-939e17a572cf in 77 milliseconds
2025-07-15 19:46:00,662 [omNode-2-OMDoubleBufferFlushThread] INFO  om.OmSnapshotManager (OmSnapshotManager.java:createOmSnapshotCheckpoint(503)) - Created checkpoint : /home/runner/work/ozone/ozone/hadoop-ozone/integration-test/target/test-dir/MiniOzoneClusterImpl-0e8a6840-8092-433d-9bbe-2fd65d18bfc8/omNode-2/db.snapshots/checkpointState/om.db-b32f5f8a-de0a-4f3d-aa56-939e17a572cf for snapshot snapshot-4796091044
2025-07-15 19:46:00,666 [omNode-1-OMStateMachineApplyTransactionThread - 0] INFO  snapshot.OMSnapshotCreateRequest (OMSnapshotCreateRequest.java:validateAndUpdateCache(226)) - Created snapshot: 'snapshot-1461081091' with snapshotId: 'a82664ac-ef94-4b70-a113-db1732a95586' under path 'volume89380/bucket70530'
2025-07-15 19:46:00,675 [omNode-1-OMDoubleBufferFlushThread] INFO  db.RDBCheckpointManager (RDBCheckpointManager.java:createCheckpoint(87)) - Created checkpoint in rocksDB at /home/runner/work/ozone/ozone/hadoop-ozone/integration-test/target/test-dir/MiniOzoneClusterImpl-0e8a6840-8092-433d-9bbe-2fd65d18bfc8/omNode-1/db.snapshots/checkpointState/om.db-49903e94-b15d-44fe-b464-b26b5a491713 in 83 milliseconds
2025-07-15 19:46:00,675 [omNode-1-OMDoubleBufferFlushThread] INFO  om.OmSnapshotManager (OmSnapshotManager.java:createOmSnapshotCheckpoint(503)) - Created checkpoint : /home/runner/work/ozone/ozone/hadoop-ozone/integration-test/target/test-dir/MiniOzoneClusterImpl-0e8a6840-8092-433d-9bbe-2fd65d18bfc8/omNode-1/db.snapshots/checkpointState/om.db-49903e94-b15d-44fe-b464-b26b5a491713 for snapshot snapshot-5092149821
2025-07-15 19:46:00,708 [Thread-12164] INFO  rocksdiff.RocksDBCheckpointDiffer (RocksDBCheckpointDiffer.java:shouldSkipCompaction(440)) - Skipped the compaction entry. Compaction input files: [/home/runner/work/ozone/ozone/hadoop-ozone/integration-test/target/test-dir/MiniOzoneClusterImpl-0e8a6840-8092-433d-9bbe-2fd65d18bfc8/omNode-3/om.db/000343.sst] and output files: [/home/runner/work/ozone/ozone/hadoop-ozone/integration-test/target/test-dir/MiniOzoneClusterImpl-0e8a6840-8092-433d-9bbe-2fd65d18bfc8/omNode-3/om.db/000343.sst] are same.
2025-07-15 19:46:00,712 [omNode-3-OMDoubleBufferFlushThread] INFO  db.RDBCheckpointManager (RDBCheckpointManager.java:createCheckpoint(87)) - Created checkpoint in rocksDB at /home/runner/work/ozone/ozone/hadoop-ozone/integration-test/target/test-dir/MiniOzoneClusterImpl-0e8a6840-8092-433d-9bbe-2fd65d18bfc8/omNode-3/db.snapshots/checkpointState/om.db-49903e94-b15d-44fe-b464-b26b5a491713 in 64 milliseconds
2025-07-15 19:46:00,713 [omNode-3-OMDoubleBufferFlushThread] WARN  om.OmSnapshotManager (OmSnapshotManager.java:performOperationOnKeys(569)) - Took 882234 ns to find endKey. Caller is deleteKeysFromDelDirTableInSnapshotScope
2025-07-15 19:46:00,714 [omNode-3-OMDoubleBufferFlushThread] INFO  om.OmSnapshotManager (OmSnapshotManager.java:createOmSnapshotCheckpoint(503)) - Created checkpoint : /home/runner/work/ozone/ozone/hadoop-ozone/integration-test/target/test-dir/MiniOzoneClusterImpl-0e8a6840-8092-433d-9bbe-2fd65d18bfc8/omNode-3/db.snapshots/checkpointState/om.db-49903e94-b15d-44fe-b464-b26b5a491713 for snapshot snapshot-5092149821
2025-07-15 19:46:00,725 [omNode-2-OMStateMachineApplyTransactionThread - 0] INFO  snapshot.OMSnapshotCreateRequest (OMSnapshotCreateRequest.java:validateAndUpdateCache(226)) - Created snapshot: 'snapshot-1461081091' with snapshotId: 'a82664ac-ef94-4b70-a113-db1732a95586' under path 'volume89380/bucket70530'
2025-07-15 19:46:00,734 [omNode-3-OMStateMachineApplyTransactionThread - 0] INFO  snapshot.OMSnapshotCreateRequest (OMSnapshotCreateRequest.java:validateAndUpdateCache(226)) - Created snapshot: 'snapshot-1461081091' with snapshotId: 'a82664ac-ef94-4b70-a113-db1732a95586' under path 'volume89380/bucket70530'
2025-07-15 19:46:00,749 [Thread-12274] INFO  rocksdiff.RocksDBCheckpointDiffer (RocksDBCheckpointDiffer.java:shouldSkipCompaction(440)) - Skipped the compaction entry. Compaction input files: [/home/runner/work/ozone/ozone/hadoop-ozone/integration-test/target/test-dir/MiniOzoneClusterImpl-0e8a6840-8092-433d-9bbe-2fd65d18bfc8/omNode-2/om.db/000343.sst] and output files: [/home/runner/work/ozone/ozone/hadoop-ozone/integration-test/target/test-dir/MiniOzoneClusterImpl-0e8a6840-8092-433d-9bbe-2fd65d18bfc8/omNode-2/om.db/000343.sst] are same.
2025-07-15 19:46:00,755 [omNode-2-OMDoubleBufferFlushThread] INFO  db.RDBCheckpointManager (RDBCheckpointManager.java:createCheckpoint(87)) - Created checkpoint in rocksDB at /home/runner/work/ozone/ozone/hadoop-ozone/integration-test/target/test-dir/MiniOzoneClusterImpl-0e8a6840-8092-433d-9bbe-2fd65d18bfc8/omNode-2/db.snapshots/checkpointState/om.db-49903e94-b15d-44fe-b464-b26b5a491713 in 85 milliseconds
2025-07-15 19:46:00,755 [omNode-2-OMDoubleBufferFlushThread] INFO  om.OmSnapshotManager (OmSnapshotManager.java:createOmSnapshotCheckpoint(503)) - Created checkpoint : /home/runner/work/ozone/ozone/hadoop-ozone/integration-test/target/test-dir/MiniOzoneClusterImpl-0e8a6840-8092-433d-9bbe-2fd65d18bfc8/omNode-2/db.snapshots/checkpointState/om.db-49903e94-b15d-44fe-b464-b26b5a491713 for snapshot snapshot-5092149821
2025-07-15 19:46:00,758 [Thread-12296] INFO  rocksdiff.RocksDBCheckpointDiffer (RocksDBCheckpointDiffer.java:shouldSkipCompaction(440)) - Skipped the compaction entry. Compaction input files: [/home/runner/work/ozone/ozone/hadoop-ozone/integration-test/target/test-dir/MiniOzoneClusterImpl-0e8a6840-8092-433d-9bbe-2fd65d18bfc8/omNode-1/om.db/000349.sst] and output files: [/home/runner/work/ozone/ozone/hadoop-ozone/integration-test/target/test-dir/MiniOzoneClusterImpl-0e8a6840-8092-433d-9bbe-2fd65d18bfc8/omNode-1/om.db/000349.sst] are same.
2025-07-15 19:46:00,777 [omNode-1-OMDoubleBufferFlushThread] INFO  db.RDBCheckpointManager (RDBCheckpointManager.java:createCheckpoint(87)) - Created checkpoint in rocksDB at /home/runner/work/ozone/ozone/hadoop-ozone/integration-test/target/test-dir/MiniOzoneClusterImpl-0e8a6840-8092-433d-9bbe-2fd65d18bfc8/omNode-1/db.snapshots/checkpointState/om.db-a82664ac-ef94-4b70-a113-db1732a95586 in 94 milliseconds
2025-07-15 19:46:00,777 [omNode-1-OMDoubleBufferFlushThread] INFO  om.OmSnapshotManager (OmSnapshotManager.java:createOmSnapshotCheckpoint(503)) - Created checkpoint : /home/runner/work/ozone/ozone/hadoop-ozone/integration-test/target/test-dir/MiniOzoneClusterImpl-0e8a6840-8092-433d-9bbe-2fd65d18bfc8/omNode-1/db.snapshots/checkpointState/om.db-a82664ac-ef94-4b70-a113-db1732a95586 for snapshot snapshot-1461081091
2025-07-15 19:46:00,787 [omNode-1-OMStateMachineApplyTransactionThread - 0] INFO  snapshot.OMSnapshotCreateRequest (OMSnapshotCreateRequest.java:validateAndUpdateCache(226)) - Created snapshot: 'snapshot-0117100500' with snapshotId: '337e8bf9-e68a-4792-84a2-6b53883663b3' under path 'volume62899/bucket22342'
2025-07-15 19:46:00,790 [main] INFO  ozone.MiniOzoneHAClusterImpl (MiniOzoneHAClusterImpl.java:shutdownOzoneManager(214)) - Shutting down OzoneManager omNode-1
2025-07-15 19:46:00,790 [main] INFO  om.OzoneManager (OzoneManager.java:stop(2380)) - omNode-1[localhost:15006]: Stopping Ozone Manager
2025-07-15 19:46:00,791 [main] INFO  ipc.Server (Server.java:stop(3697)) - Stopping server on 15006
2025-07-15 19:46:00,795 [IPC Server listener on 15006] INFO  ipc.Server (Server.java:run(1585)) - Stopping IPC Server listener on 15006
2025-07-15 19:46:00,795 [IPC Server Responder] INFO  ipc.Server (Server.java:run(1718)) - Stopping IPC Server Responder
2025-07-15 19:46:00,796 [main] INFO  ratis.OzoneManagerRatisServer (OzoneManagerRatisServer.java:stop(634)) - Stopping org.apache.hadoop.ozone.om.ratis.OzoneManagerRatisServer@52c53342 at port 15009
2025-07-15 19:46:00,797 [main] INFO  server.RaftServer (RaftServerProxy.java:lambda$close$9(422)) - omNode-1: close
2025-07-15 19:46:00,798 [main] INFO  server.GrpcServicesImpl (GrpcServicesImpl.java:closeImpl(355)) - omNode-1: shutdown server GrpcServerProtocolService now
2025-07-15 19:46:00,799 [omNode-1-impl-thread1] INFO  server.RaftServer$Division (RaftServerImpl.java:lambda$close$1(527)) - omNode-1@group-C0483FFA3DBE: shutdown
2025-07-15 19:46:00,799 [omNode-1-impl-thread1] INFO  util.JmxRegister (JmxRegister.java:unregister(74)) - Successfully un-registered JMX Bean with object name Ratis:service=RaftServer,group=group-C0483FFA3DBE,id=omNode-1
2025-07-15 19:46:00,799 [omNode-1-impl-thread1] INFO  impl.RoleInfo (RoleInfo.java:shutdownLeaderState(103)) - omNode-1: shutdown omNode-1@group-C0483FFA3DBE-LeaderStateImpl
2025-07-15 19:46:00,800 [omNode-1-impl-thread1] INFO  impl.PendingRequests (PendingRequests.java:sendNotLeaderResponses(287)) - omNode-1@group-C0483FFA3DBE-PendingRequests: sendNotLeaderResponses
2025-07-15 19:46:00,800 [omNode-1@group-C0483FFA3DBE->omNode-3-GrpcLogAppender-LogAppenderDaemon] WARN  server.GrpcLogAppender (GrpcLogAppender.java:mayWait(300)) - omNode-1@group-C0483FFA3DBE->omNode-3-GrpcLogAppender: Wait interrupted by java.lang.InterruptedException
2025-07-15 19:46:00,801 [omNode-1@group-C0483FFA3DBE->omNode-2-GrpcLogAppender-LogAppenderDaemon] WARN  server.GrpcLogAppender (GrpcLogAppender.java:mayWait(300)) - omNode-1@group-C0483FFA3DBE->omNode-2-GrpcLogAppender: Wait interrupted by java.lang.InterruptedException
2025-07-15 19:46:00,802 [omNode-1-impl-thread1] INFO  impl.StateMachineUpdater (StateMachineUpdater.java:stopAndJoin(163)) - omNode-1@group-C0483FFA3DBE-StateMachineUpdater: set stopIndex = 172
2025-07-15 19:46:00,803 [grpc-default-executor-3] INFO  server.GrpcServerProtocolService (GrpcServerProtocolService.java:lambda$onCompleted$6(171)) - omNode-3: Completed APPEND_ENTRIES, lastRequest: null 
2025-07-15 19:46:00,804 [grpc-default-executor-0] INFO  server.GrpcServerProtocolService (GrpcServerProtocolService.java:lambda$onCompleted$6(171)) - omNode-2: Completed APPEND_ENTRIES, lastRequest: null 
2025-07-15 19:46:00,803 [grpc-default-executor-1] INFO  server.GrpcServerProtocolService (GrpcServerProtocolService.java:lambda$null$7(175)) - omNode-3: Completed APPEND_ENTRIES, lastReply: null 
2025-07-15 19:46:00,807 [grpc-default-executor-2] INFO  server.GrpcLogAppender (GrpcLogAppender.java:onCompleted(558)) - omNode-1@group-C0483FFA3DBE->omNode-3-AppendLogResponseHandler: follower responses appendEntries COMPLETED
2025-07-15 19:46:00,803 [grpc-default-executor-5] INFO  server.GrpcServerProtocolService (GrpcServerProtocolService.java:lambda$null$7(175)) - omNode-2: Completed APPEND_ENTRIES, lastReply: null 
2025-07-15 19:46:00,807 [grpc-default-executor-3] INFO  server.GrpcLogAppender (GrpcLogAppender.java:onCompleted(558)) - omNode-1@group-C0483FFA3DBE->omNode-2-AppendLogResponseHandler: follower responses appendEntries COMPLETED
2025-07-15 19:46:00,807 [grpc-default-executor-0] INFO  server.GrpcLogAppender (GrpcLogAppender.java:onCompleted(558)) - omNode-1@group-C0483FFA3DBE->omNode-3-AppendLogResponseHandler: follower responses appendEntries COMPLETED
2025-07-15 19:46:00,809 [grpc-default-executor-1] INFO  server.GrpcLogAppender (GrpcLogAppender.java:onCompleted(558)) - omNode-1@group-C0483FFA3DBE->omNode-2-AppendLogResponseHandler: follower responses appendEntries COMPLETED
2025-07-15 19:46:00,809 [Thread-12406] INFO  rocksdiff.RocksDBCheckpointDiffer (RocksDBCheckpointDiffer.java:shouldSkipCompaction(440)) - Skipped the compaction entry. Compaction input files: [/home/runner/work/ozone/ozone/hadoop-ozone/integration-test/target/test-dir/MiniOzoneClusterImpl-0e8a6840-8092-433d-9bbe-2fd65d18bfc8/omNode-3/om.db/000349.sst] and output files: [/home/runner/work/ozone/ozone/hadoop-ozone/integration-test/target/test-dir/MiniOzoneClusterImpl-0e8a6840-8092-433d-9bbe-2fd65d18bfc8/omNode-3/om.db/000349.sst] are same.
2025-07-15 19:46:00,812 [omNode-3-OMDoubleBufferFlushThread] INFO  db.RDBCheckpointManager (RDBCheckpointManager.java:createCheckpoint(87)) - Created checkpoint in rocksDB at /home/runner/work/ozone/ozone/hadoop-ozone/integration-test/target/test-dir/MiniOzoneClusterImpl-0e8a6840-8092-433d-9bbe-2fd65d18bfc8/omNode-3/db.snapshots/checkpointState/om.db-a82664ac-ef94-4b70-a113-db1732a95586 in 74 milliseconds
2025-07-15 19:46:00,813 [omNode-3-OMDoubleBufferFlushThread] INFO  om.OmSnapshotManager (OmSnapshotManager.java:createOmSnapshotCheckpoint(503)) - Created checkpoint : /home/runner/work/ozone/ozone/hadoop-ozone/integration-test/target/test-dir/MiniOzoneClusterImpl-0e8a6840-8092-433d-9bbe-2fd65d18bfc8/omNode-3/db.snapshots/checkpointState/om.db-a82664ac-ef94-4b70-a113-db1732a95586 for snapshot snapshot-1461081091
2025-07-15 19:46:00,813 [Thread-12416] INFO  server.GrpcServerProtocolClient (GrpcServerProtocolClient.java:close(105)) - omNode-3 Close channels
2025-07-15 19:46:00,814 [Thread-12419] INFO  server.GrpcServerProtocolClient (GrpcServerProtocolClient.java:close(105)) - omNode-2 Close channels
2025-07-15 19:46:00,817 [main] INFO  server.GrpcServicesImpl (GrpcServicesImpl.java:closeImpl(364)) - omNode-1: shutdown server GrpcServerProtocolService successfully
2025-07-15 19:46:00,824 [Thread-12445] INFO  rocksdiff.RocksDBCheckpointDiffer (RocksDBCheckpointDiffer.java:shouldSkipCompaction(440)) - Skipped the compaction entry. Compaction input files: [/home/runner/work/ozone/ozone/hadoop-ozone/integration-test/target/test-dir/MiniOzoneClusterImpl-0e8a6840-8092-433d-9bbe-2fd65d18bfc8/omNode-2/om.db/000349.sst] and output files: [/home/runner/work/ozone/ozone/hadoop-ozone/integration-test/target/test-dir/MiniOzoneClusterImpl-0e8a6840-8092-433d-9bbe-2fd65d18bfc8/omNode-2/om.db/000349.sst] are same.
2025-07-15 19:46:00,834 [omNode-2-OMDoubleBufferFlushThread] INFO  db.RDBCheckpointManager (RDBCheckpointManager.java:createCheckpoint(87)) - Created checkpoint in rocksDB at /home/runner/work/ozone/ozone/hadoop-ozone/integration-test/target/test-dir/MiniOzoneClusterImpl-0e8a6840-8092-433d-9bbe-2fd65d18bfc8/omNode-2/db.snapshots/checkpointState/om.db-a82664ac-ef94-4b70-a113-db1732a95586 in 74 milliseconds
2025-07-15 19:46:00,834 [omNode-2-OMDoubleBufferFlushThread] INFO  om.OmSnapshotManager (OmSnapshotManager.java:createOmSnapshotCheckpoint(503)) - Created checkpoint : /home/runner/work/ozone/ozone/hadoop-ozone/integration-test/target/test-dir/MiniOzoneClusterImpl-0e8a6840-8092-433d-9bbe-2fd65d18bfc8/omNode-2/db.snapshots/checkpointState/om.db-a82664ac-ef94-4b70-a113-db1732a95586 for snapshot snapshot-1461081091
2025-07-15 19:46:00,838 [omNode-1@group-C0483FFA3DBE-StateMachineUpdater] INFO  ratis.OzoneManagerStateMachine (OzoneManagerStateMachine.java:takeSnapshotImpl(515)) - omNode-1: taking snapshot. applied = (t:1, i:171), skipped = -1, notified = (t:1, i:0), current snapshot index = (t:1, i:171), took 37 ms
2025-07-15 19:46:00,839 [omNode-1@group-C0483FFA3DBE-StateMachineUpdater] INFO  impl.StateMachineUpdater (StateMachineUpdater.java:takeSnapshot(307)) - omNode-1@group-C0483FFA3DBE-StateMachineUpdater: Took a snapshot at index 171
2025-07-15 19:46:00,839 [omNode-1@group-C0483FFA3DBE-StateMachineUpdater] INFO  impl.StateMachineUpdater (StateMachineUpdater.java:lambda$new$0(101)) - omNode-1@group-C0483FFA3DBE-StateMachineUpdater: snapshotIndex: updateIncreasingly -1 -> 171
2025-07-15 19:46:00,839 [omNode-1@group-C0483FFA3DBE-StateMachineUpdater] INFO  impl.StateMachineUpdater (StateMachineUpdater.java:stop(140)) - omNode-1@group-C0483FFA3DBE-StateMachineUpdater: closing OzoneManagerStateMachine, lastApplied=(t:1, i:171)
2025-07-15 19:46:00,839 [omNode-1@group-C0483FFA3DBE-StateMachineUpdater] INFO  ratis.OzoneManagerStateMachine (OzoneManagerStateMachine.java:close(555)) - Stopping OzoneManagerStateMachine:omNode-1:group-C0483FFA3DBE.
2025-07-15 19:46:00,839 [omNode-1@group-C0483FFA3DBE-StateMachineUpdater] INFO  ratis.OzoneManagerDoubleBuffer (OzoneManagerDoubleBuffer.java:stopDaemon(499)) - Stopping OMDoubleBuffer flush thread
2025-07-15 19:46:00,840 [Thread-12489] INFO  rocksdiff.RocksDBCheckpointDiffer (RocksDBCheckpointDiffer.java:shouldSkipCompaction(440)) - Skipped the compaction entry. Compaction input files: [/home/runner/work/ozone/ozone/hadoop-ozone/integration-test/target/test-dir/MiniOzoneClusterImpl-0e8a6840-8092-433d-9bbe-2fd65d18bfc8/omNode-1/om.db/000355.sst] and output files: [/home/runner/work/ozone/ozone/hadoop-ozone/integration-test/target/test-dir/MiniOzoneClusterImpl-0e8a6840-8092-433d-9bbe-2fd65d18bfc8/omNode-1/om.db/000355.sst] are same.
2025-07-15 19:46:00,846 [omNode-1-OMDoubleBufferFlushThread] INFO  db.RDBCheckpointManager (RDBCheckpointManager.java:createCheckpoint(87)) - Created checkpoint in rocksDB at /home/runner/work/ozone/ozone/hadoop-ozone/integration-test/target/test-dir/MiniOzoneClusterImpl-0e8a6840-8092-433d-9bbe-2fd65d18bfc8/omNode-1/db.snapshots/checkpointState/om.db-337e8bf9-e68a-4792-84a2-6b53883663b3 in 53 milliseconds
2025-07-15 19:46:00,846 [omNode-1-OMDoubleBufferFlushThread] INFO  om.OmSnapshotManager (OmSnapshotManager.java:createOmSnapshotCheckpoint(503)) - Created checkpoint : /home/runner/work/ozone/ozone/hadoop-ozone/integration-test/target/test-dir/MiniOzoneClusterImpl-0e8a6840-8092-433d-9bbe-2fd65d18bfc8/omNode-1/db.snapshots/checkpointState/om.db-337e8bf9-e68a-4792-84a2-6b53883663b3 for snapshot snapshot-0117100500
2025-07-15 19:46:00,848 [omNode-1@group-C0483FFA3DBE-cacheEviction-AwaitToRun] INFO  util.AwaitToRun (AwaitToRun.java:run(49)) - omNode-1@group-C0483FFA3DBE-cacheEviction-AwaitToRun-AwaitForSignal is interrupted
2025-07-15 19:46:01,738 [omNode-1-impl-thread1] INFO  segmented.SegmentedRaftLogWorker (SegmentedRaftLogWorker.java:close(254)) - omNode-1@group-C0483FFA3DBE-SegmentedRaftLogWorker close()
2025-07-15 19:46:01,738 [JvmPauseMonitor2] INFO  util.JvmPauseMonitor (JvmPauseMonitor.java:run(152)) - JvmPauseMonitor-omNode-1: Stopped
2025-07-15 19:46:01,739 [main] INFO  utils.BackgroundService (BackgroundService.java:shutdown(178)) - Shutting down service KeyDeletingService
2025-07-15 19:46:01,740 [main] INFO  utils.BackgroundService (BackgroundService.java:shutdown(178)) - Shutting down service DirectoryDeletingService
2025-07-15 19:46:01,741 [main] INFO  utils.BackgroundService (BackgroundService.java:shutdown(178)) - Shutting down service OpenKeyCleanupService
2025-07-15 19:46:01,741 [main] INFO  utils.BackgroundService (BackgroundService.java:shutdown(178)) - Shutting down service SstFilteringService
2025-07-15 19:46:01,742 [main] INFO  utils.BackgroundService (BackgroundService.java:shutdown(178)) - Shutting down service SnapshotDeletingService
2025-07-15 19:46:01,742 [main] INFO  utils.BackgroundService (BackgroundService.java:shutdown(178)) - Shutting down service MultipartUploadCleanupService
2025-07-15 19:46:01,744 [main] INFO  handler.ContextHandler (ContextHandler.java:doStop(1159)) - Stopped o.e.j.w.WebAppContext@17acd4c5{ozoneManager,/,null,STOPPED}{file:/home/runner/work/ozone/ozone/hadoop-ozone/integration-test/target/test-classes/webapps/ozoneManager}
2025-07-15 19:46:01,746 [main] INFO  server.AbstractConnector (AbstractConnector.java:doStop(383)) - Stopped ServerConnector@626db270{HTTP/1.1, (http/1.1)}{0.0.0.0:15007}
2025-07-15 19:46:01,746 [main] INFO  server.session (HouseKeeper.java:stopScavenging(149)) - node0 Stopped scavenging
2025-07-15 19:46:01,746 [main] INFO  handler.ContextHandler (ContextHandler.java:doStop(1159)) - Stopped o.e.j.s.ServletContextHandler@7eb91b95{static,/static,file:///home/runner/work/ozone/ozone/hadoop-ozone/integration-test/target/test-classes/webapps/static,STOPPED}
2025-07-15 19:46:01,746 [main] INFO  handler.ContextHandler (ContextHandler.java:doStop(1159)) - Stopped o.e.j.s.ServletContextHandler@4854c964{logs,/logs,file:///home/runner/work/ozone/ozone/hadoop-ozone/integration-test/target/log,STOPPED}
2025-07-15 19:46:01,748 [main] INFO  rocksdiff.RocksDBCheckpointDiffer (RocksDBCheckpointDiffer.java:close(340)) - Shutting down CompactionDagPruningService.
2025-07-15 19:46:01,752 [main] INFO  snapshot.SnapshotDiffManager (SnapshotDiffManager.java:closeExecutorService(1725)) - Shutting down executorService: 'SnapDiffExecutor'
2025-07-15 19:46:01,753 [main] INFO  utils.BackgroundService (BackgroundService.java:shutdown(178)) - Shutting down service SnapshotDiffCleanupService
2025-07-15 19:46:01,754 [main] INFO  ozone.MiniOzoneHAClusterImpl (MiniOzoneHAClusterImpl.java:restartOzoneManager(221)) - Restarting OzoneManager omNode-1
2025-07-15 19:46:01,754 [main] INFO  om.OzoneManager (OzoneManager.java:restart(1911)) - OzoneManager RPC server is listening at localhost/127.0.0.1:15006
2025-07-15 19:46:01,755 [main] INFO  impl.MetricsSystemImpl (MetricsSystemImpl.java:init(158)) - OzoneManager metrics system started (again)
2025-07-15 19:46:01,772 [main] WARN  server.ServerUtils (ServerUtils.java:getDBPath(292)) - ozone.om.db.dirs is not configured. We recommend adding this setting. Falling back to ozone.metadata.dirs instead.
2025-07-15 19:46:01,846 [main] INFO  om.OzoneManager (OzoneManager.java:instantiateServices(925)) - S3 Multi-Tenancy is disabled
2025-07-15 19:46:01,846 [main] INFO  om.OmSnapshotManager (OmSnapshotManager.java:<init>(190)) - Ozone filesystem snapshot feature is enabled.
2025-07-15 19:46:01,847 [main] WARN  server.ServerUtils (ServerUtils.java:getDBPath(292)) - ozone.om.snapshot.diff.db.dir is not configured. We recommend adding this setting. Falling back to ozone.metadata.dirs instead.
2025-07-15 19:46:01,867 [main] INFO  utils.BackgroundService (BackgroundService.java:start(118)) - Starting service SnapshotDiffCleanupService with interval 60000 milliseconds
2025-07-15 19:46:01,875 [main] INFO  utils.BackgroundService (BackgroundService.java:start(118)) - Starting service KeyDeletingService with interval 1000 milliseconds
2025-07-15 19:46:01,876 [main] INFO  utils.BackgroundService (BackgroundService.java:start(118)) - Starting service DirectoryDeletingService with interval 120000 milliseconds
2025-07-15 19:46:01,876 [main] INFO  utils.BackgroundService (BackgroundService.java:start(118)) - Starting service OpenKeyCleanupService with interval 86400000 milliseconds
2025-07-15 19:46:01,876 [main] INFO  utils.BackgroundService (BackgroundService.java:start(118)) - Starting service SstFilteringService with interval 60000 milliseconds
2025-07-15 19:46:01,877 [main] INFO  utils.BackgroundService (BackgroundService.java:start(118)) - Starting service SnapshotDeletingService with interval 1000 milliseconds
2025-07-15 19:46:01,877 [main] INFO  utils.BackgroundService (BackgroundService.java:start(118)) - Starting service MultipartUploadCleanupService with interval 86400000 milliseconds
2025-07-15 19:46:01,877 [omNode-1-SstFilteringService#0] WARN  server.ServerUtils (ServerUtils.java:getDBPath(292)) - ozone.om.db.dirs is not configured. We recommend adding this setting. Falling back to ozone.metadata.dirs instead.
2025-07-15 19:46:01,879 [omNode-1-SstFilteringService#0] INFO  snapshot.SnapshotCache (SnapshotCache.java:lambda$2(204)) - Loading SnapshotId: 'c8da47ee-7e59-4340-b08f-c2db3c0d8632'
2025-07-15 19:46:01,880 [omNode-1-SstFilteringService#0] WARN  server.ServerUtils (ServerUtils.java:getDBPath(292)) - ozone.om.db.dirs is not configured. We recommend adding this setting. Falling back to ozone.metadata.dirs instead.
2025-07-15 19:46:01,887 [main] WARN  server.ServerUtils (ServerUtils.java:getDefaultRatisDirectory(304)) - Storage directory for Ratis is not configured. It is a good idea to map this to an SSD disk. Falling back to ozone.metadata.dirs
2025-07-15 19:46:01,888 [main] INFO  server.RaftServerConfigKeys (ConfUtils.java:logGet(62)) - raft.server.log.appender.buffer.byte-limit = 4194304 (custom)
2025-07-15 19:46:01,889 [main] INFO  ratis.OzoneManagerRatisServer (OzoneManagerRatisServer.java:<init>(167)) - Instantiating OM Ratis server with groupID: om-service-test and peers: localhost:15009, localhost:15017, localhost:15013
2025-07-15 19:46:01,890 [main] INFO  ratis.OzoneManagerStateMachine (OzoneManagerStateMachine.java:loadSnapshotInfoFromDB(616)) - LastAppliedIndex is set from TransactionInfo from OM DB as (t:1, i:172)
2025-07-15 19:46:01,891 [main] INFO  grpc.GrpcConfigKeys (ConfUtils.java:logFallback(69)) - raft.grpc.admin.host = null (fallback to raft.grpc.server.host)
2025-07-15 19:46:01,891 [main] INFO  grpc.GrpcConfigKeys (ConfUtils.java:logFallback(69)) - raft.grpc.admin.port = 15009 (fallback to raft.grpc.server.port)
2025-07-15 19:46:01,891 [main] INFO  grpc.GrpcConfigKeys (ConfUtils.java:logFallback(69)) - raft.grpc.client.host = null (fallback to raft.grpc.server.host)
2025-07-15 19:46:01,891 [main] INFO  grpc.GrpcConfigKeys (ConfUtils.java:logFallback(69)) - raft.grpc.client.port = 15009 (fallback to raft.grpc.server.port)
2025-07-15 19:46:01,891 [main] INFO  grpc.GrpcConfigKeys (ConfUtils.java:logGet(62)) - raft.grpc.server.port = 15009 (custom)
2025-07-15 19:46:01,891 [main] INFO  server.GrpcServicesImpl (ConfUtils.java:logGet(62)) - raft.grpc.message.size.max = 5242880 (custom)
2025-07-15 19:46:01,891 [main] INFO  server.GrpcServicesImpl (ConfUtils.java:logGet(62)) - raft.grpc.flow.control.window = 1MB (=1048576) (default)
2025-07-15 19:46:01,892 [main] INFO  server.RaftServerConfigKeys (ConfUtils.java:logGet(62)) - raft.server.rpc.request.timeout = 3000ms (default)
2025-07-15 19:46:01,892 [main] INFO  server.RaftServerConfigKeys (ConfUtils.java:logGet(62)) - raft.server.log.appender.buffer.byte-limit = 4194304 (custom)
2025-07-15 19:46:01,893 [main] INFO  impl.DataStreamServerImpl (ConfUtils.java:logGet(62)) - raft.datastream.type = DISABLED (default)
2025-07-15 19:46:01,893 [main] INFO  server.RaftServerConfigKeys (ConfUtils.java:logGet(62)) - raft.server.storage.dir = [/home/runner/work/ozone/ozone/hadoop-ozone/integration-test/target/test-dir/MiniOzoneClusterImpl-0e8a6840-8092-433d-9bbe-2fd65d18bfc8/omNode-1/ratis] (custom)
2025-07-15 19:46:01,893 [omNode-1-impl-thread1] INFO  server.RaftServer (RaftServerProxy.java:initGroupDir(270)) - omNode-1: found a subdirectory /home/runner/work/ozone/ozone/hadoop-ozone/integration-test/target/test-dir/MiniOzoneClusterImpl-0e8a6840-8092-433d-9bbe-2fd65d18bfc8/omNode-1/ratis/3bf88a72-722a-315e-b909-c0483ffa3dbe
2025-07-15 19:46:01,894 [main] INFO  server.RaftServer (RaftServerProxy.java:addNew(105)) - omNode-1: addNew group-C0483FFA3DBE:[omNode-3|localhost:15017, omNode-1|localhost:15009, omNode-2|localhost:15013] returns group-C0483FFA3DBE:java.util.concurrent.CompletableFuture@21b5dbc[Not completed]
2025-07-15 19:46:01,894 [omNode-1-groupManagement] INFO  server.RaftServer$Division (RaftServerImpl.java:<init>(268)) - omNode-1: new RaftServerImpl for group-C0483FFA3DBE:[omNode-3|localhost:15017, omNode-1|localhost:15009, omNode-2|localhost:15013] with OzoneManagerStateMachine:uninitialized
2025-07-15 19:46:01,894 [main] INFO  om.OzoneManager (OzoneManager.java:initializeRatisServer(2336)) - OzoneManager Ratis server initialized at port 15009
2025-07-15 19:46:01,894 [omNode-1-groupManagement] INFO  server.RaftServerConfigKeys (ConfUtils.java:logGet(62)) - raft.server.rpc.timeout.min = 1s (custom)
2025-07-15 19:46:01,894 [main] INFO  ratis.OzoneManagerRatisServer (OzoneManagerRatisServer.java:start(628)) - Starting OzoneManagerRatisServer omNode-1 at port 15009
2025-07-15 19:46:01,894 [omNode-1-groupManagement] INFO  server.RaftServerConfigKeys (ConfUtils.java:logGet(62)) - raft.server.rpc.timeout.max = 1200ms (custom)
2025-07-15 19:46:01,894 [omNode-1-groupManagement] INFO  server.RaftServerConfigKeys (ConfUtils.java:logGet(62)) - raft.server.rpc.slowness.timeout = 2s (custom)
2025-07-15 19:46:01,895 [omNode-1-groupManagement] INFO  server.RaftServer$Division (ServerState.java:<init>(114)) - omNode-1@group-C0483FFA3DBE: ConfigurationManager, init=conf: {index: -1, cur=peers:[omNode-3|localhost:15017, omNode-1|localhost:15009, omNode-2|localhost:15013]|listeners:[], old=null}, confs=<EMPTY_MAP>
2025-07-15 19:46:01,895 [omNode-1-groupManagement] INFO  server.RaftServerConfigKeys (ConfUtils.java:logGet(62)) - raft.server.notification.no-leader.timeout = 2s (custom)
2025-07-15 19:46:01,895 [omNode-1-groupManagement] INFO  server.RaftServerConfigKeys (ConfUtils.java:logGet(62)) - raft.server.retrycache.expirytime = 300s (custom)
2025-07-15 19:46:01,900 [omNode-1-impl-thread1] INFO  storage.RaftStorageDirectory (RaftStorageDirectoryImpl.java:tryLock(229)) - Lock on /home/runner/work/ozone/ozone/hadoop-ozone/integration-test/target/test-dir/MiniOzoneClusterImpl-0e8a6840-8092-433d-9bbe-2fd65d18bfc8/omNode-1/ratis/3bf88a72-722a-315e-b909-c0483ffa3dbe/in_use.lock acquired by nodename 53370@localhost
2025-07-15 19:46:01,900 [omNode-1-impl-thread1] INFO  storage.RaftStorage (RaftStorageImpl.java:analyzeAndRecoverStorage(118)) - Read RaftStorageMetadata{term=1, votedFor=omNode-1} from /home/runner/work/ozone/ozone/hadoop-ozone/integration-test/target/test-dir/MiniOzoneClusterImpl-0e8a6840-8092-433d-9bbe-2fd65d18bfc8/omNode-1/ratis/3bf88a72-722a-315e-b909-c0483ffa3dbe/current/raft-meta
2025-07-15 19:46:01,901 [omNode-1-impl-thread1] INFO  server.RaftServer$Division (ServerState.java:setRaftConf(386)) - omNode-1@group-C0483FFA3DBE: set configuration conf: {index: 0, cur=peers:[omNode-3|localhost:15017, omNode-1|localhost:15009, omNode-2|localhost:15013]|listeners:[], old=null}
2025-07-15 19:46:01,901 [omNode-1-impl-thread1] INFO  ratis.OzoneManagerStateMachine (OzoneManagerStateMachine.java:lambda$0(138)) - omNode-1: initialize group-C0483FFA3DBE with (t:1, i:172)
2025-07-15 19:46:01,901 [omNode-1-impl-thread1] INFO  server.RaftServerConfigKeys (ConfUtils.java:logGet(62)) - raft.server.log.appender.buffer.byte-limit = 4194304 (custom)
2025-07-15 19:46:01,904 [omNode-1-impl-thread1] INFO  server.RaftServerConfigKeys (ConfUtils.java:logGet(62)) - raft.server.log.segment.size.max = 4194304 (custom)
2025-07-15 19:46:01,904 [omNode-1-impl-thread1] INFO  server.RaftServerConfigKeys (ConfUtils.java:logGet(62)) - raft.server.log.appender.buffer.byte-limit = 4194304 (custom)
2025-07-15 19:46:01,904 [omNode-1-impl-thread1] INFO  util.AwaitToRun (AwaitToRun.java:start(81)) - Thread[#13096,omNode-1@group-C0483FFA3DBE-cacheEviction-AwaitToRun,5,main] started
2025-07-15 19:46:01,904 [omNode-1-impl-thread1] INFO  segmented.SegmentedRaftLogWorker (SegmentedRaftLogWorker.java:<init>(190)) - new omNode-1@group-C0483FFA3DBE-SegmentedRaftLogWorker for RaftStorageImpl:Storage Directory /home/runner/work/ozone/ozone/hadoop-ozone/integration-test/target/test-dir/MiniOzoneClusterImpl-0e8a6840-8092-433d-9bbe-2fd65d18bfc8/omNode-1/ratis/3bf88a72-722a-315e-b909-c0483ffa3dbe
2025-07-15 19:46:01,904 [omNode-1-impl-thread1] INFO  server.RaftServerConfigKeys (ConfUtils.java:logGet(62)) - raft.server.log.queue.byte-limit = 64MB (=67108864) (default)
2025-07-15 19:46:01,905 [omNode-1-impl-thread1] INFO  server.RaftServerConfigKeys (ConfUtils.java:logGet(62)) - raft.server.log.queue.element-limit = 4096 (default)
2025-07-15 19:46:01,905 [omNode-1-impl-thread1] INFO  server.RaftServerConfigKeys (ConfUtils.java:logGet(62)) - raft.server.log.segment.size.max = 4194304 (custom)
2025-07-15 19:46:01,905 [omNode-1-impl-thread1] INFO  server.RaftServerConfigKeys (ConfUtils.java:logGet(62)) - raft.server.log.preallocated.size = 4194304 (custom)
2025-07-15 19:46:01,905 [omNode-1-impl-thread1] INFO  server.RaftServerConfigKeys (ConfUtils.java:logGet(62)) - raft.server.log.statemachine.data.sync.timeout.retry = -1 (default)
2025-07-15 19:46:01,905 [omNode-1-impl-thread1] INFO  server.RaftServerConfigKeys (ConfUtils.java:logGet(62)) - raft.server.log.write.buffer.size = 4194312 (custom)
2025-07-15 19:46:01,908 [omNode-1-impl-thread1] INFO  server.RaftServerConfigKeys (ConfUtils.java:logGet(62)) - raft.server.log.appender.buffer.byte-limit = 4194304 (custom)
2025-07-15 19:46:01,908 [omNode-1-impl-thread1] INFO  server.RaftServerConfigKeys (ConfUtils.java:logGet(62)) - raft.server.log.statemachine.data.caching.enabled = false (default)
2025-07-15 19:46:01,909 [omNode-1-impl-thread1] INFO  server.RaftServer$Division (ServerState.java:setRaftConf(386)) - omNode-1@group-C0483FFA3DBE: set configuration conf: {index: 0, cur=peers:[omNode-3|localhost:15017, omNode-1|localhost:15009, omNode-2|localhost:15013]|listeners:[], old=null}
2025-07-15 19:46:01,918 [omNode-1-impl-thread1] INFO  segmented.LogSegment (LogSegment.java:loadSegment(171)) - Successfully read 173 entries from segment file /home/runner/work/ozone/ozone/hadoop-ozone/integration-test/target/test-dir/MiniOzoneClusterImpl-0e8a6840-8092-433d-9bbe-2fd65d18bfc8/omNode-1/ratis/3bf88a72-722a-315e-b909-c0483ffa3dbe/current/log_inprogress_0
2025-07-15 19:46:01,918 [omNode-1-impl-thread1] INFO  segmented.SegmentedRaftLogWorker (SegmentedRaftLogWorker.java:lambda$new$0(141)) - omNode-1@group-C0483FFA3DBE-SegmentedRaftLogWorker: flushIndex: setUnconditionally 0 -> 172
2025-07-15 19:46:01,918 [omNode-1-impl-thread1] INFO  segmented.SegmentedRaftLogWorker (SegmentedRaftLogWorker.java:lambda$new$0(141)) - omNode-1@group-C0483FFA3DBE-SegmentedRaftLogWorker: safeCacheEvictIndex: setUnconditionally 0 -> -1
2025-07-15 19:46:01,919 [omNode-1-impl-thread1] INFO  segmented.BufferedWriteChannel (BufferedWriteChannel.java:open(61)) - open log_inprogress_0 (append) at position 120941
2025-07-15 19:46:01,919 [omNode-1-impl-thread1] INFO  server.RaftServer$Division (RaftServerImpl.java:start(405)) - omNode-1@group-C0483FFA3DBE: start as a follower, conf=conf: {index: 0, cur=peers:[omNode-3|localhost:15017, omNode-1|localhost:15009, omNode-2|localhost:15013]|listeners:[], old=null}
2025-07-15 19:46:01,919 [omNode-1-impl-thread1] INFO  server.RaftServer$Division (RaftServerImpl.java:setRole(392)) - omNode-1@group-C0483FFA3DBE: changes role from      null to FOLLOWER at term 1 for startAsFollower
2025-07-15 19:46:01,919 [omNode-1-impl-thread1] INFO  impl.RoleInfo (RoleInfo.java:updateAndGet(148)) - omNode-1: start omNode-1@group-C0483FFA3DBE-FollowerState
2025-07-15 19:46:01,920 [omNode-1-impl-thread1] INFO  util.JmxRegister (JmxRegister.java:tryRegister(44)) - Successfully registered JMX Bean with object name Ratis:service=RaftServer,group=group-C0483FFA3DBE,id=omNode-1
2025-07-15 19:46:01,920 [omNode-1-impl-thread1] INFO  util.JmxRegister (JmxRegister.java:register(58)) - register mxBean class org.apache.ratis.server.impl.RaftServerJmxAdapter as Ratis:service=RaftServer,group=group-C0483FFA3DBE,id=omNode-1
2025-07-15 19:46:01,920 [omNode-1-impl-thread1] INFO  server.RaftServerConfigKeys (ConfUtils.java:logGet(62)) - raft.server.snapshot.auto.trigger.threshold = 400000 (default)
2025-07-15 19:46:01,920 [omNode-1-impl-thread1] INFO  server.RaftServerConfigKeys (ConfUtils.java:logGet(62)) - raft.server.snapshot.retention.file.num = -1 (default)
2025-07-15 19:46:01,920 [omNode-1-impl-thread1] INFO  server.RaftServerConfigKeys (ConfUtils.java:logGet(62)) - raft.server.log.purge.upto.snapshot.index = true (custom)
2025-07-15 19:46:01,920 [omNode-1@group-C0483FFA3DBE-FollowerState] INFO  server.RaftServerConfigKeys (ConfUtils.java:logFallback(69)) - raft.server.rpc.first-election.timeout.min = 1s (fallback to raft.server.rpc.timeout.min)
2025-07-15 19:46:01,920 [omNode-1@group-C0483FFA3DBE-FollowerState] INFO  server.RaftServerConfigKeys (ConfUtils.java:logFallback(69)) - raft.server.rpc.first-election.timeout.max = 1200ms (fallback to raft.server.rpc.timeout.max)
2025-07-15 19:46:01,922 [omNode-1-impl-thread1] INFO  server.RaftServer$Division (RaftServerImpl.java:start(419)) - omNode-1@group-C0483FFA3DBE: Successfully started.
2025-07-15 19:46:01,922 [main] INFO  server.RaftServer (RaftServerProxy.java:startImpl(412)) - omNode-1: start RPC server
2025-07-15 19:46:01,923 [main] INFO  server.GrpcServicesImpl (GrpcServicesImpl.java:startImpl(346)) - omNode-1: GrpcServicesImpl started, listening on 15009
2025-07-15 19:46:01,923 [main] INFO  om.OzoneManager (OzoneManager.java:getRpcServer(1388)) - Creating RPC Server
2025-07-15 19:46:01,924 [JvmPauseMonitor8] INFO  util.JvmPauseMonitor (JvmPauseMonitor.java:run(146)) - JvmPauseMonitor-omNode-1: Started
2025-07-15 19:46:01,972 [omNode-1-SstFilteringService#0] INFO  audit.AuditLogger (AuditLogger.java:refreshDebugCmdSet(133)) - Refresh DebugCmdSet for OMAudit to [].
2025-07-15 19:46:01,986 [omNode-1-SstFilteringService#0] INFO  db.RocksDatabase (RocksDatabase.java:deleteFilesNotMatchingPrefix(870)) - Deleting sst file: /000115.sst with start key: /-9223372036854770432/-9223372036854770176/-9223372036854770176/key-9043621183 and end key: /-9223372036854770432/-9223372036854770176/-9223372036854770176/key-9043621183 corresponding to column family fileTable from db: /home/runner/work/ozone/ozone/hadoop-ozone/integration-test/target/test-dir/MiniOzoneClusterImpl-0e8a6840-8092-433d-9bbe-2fd65d18bfc8/omNode-1/db.snapshots/checkpointState/om.db-c8da47ee-7e59-4340-b08f-c2db3c0d8632. Prefix for the column family: /-9223372036854772480/-9223372036854772224/.
2025-07-15 19:46:01,990 [omNode-1-SstFilteringService#0] INFO  db.RocksDatabase (RocksDatabase.java:deleteFilesNotMatchingPrefix(870)) - Deleting sst file: /000109.sst with start key: /-9223372036854770944/-9223372036854770688/-9223372036854770688/key-7542161474 and end key: /-9223372036854770944/-9223372036854770688/-9223372036854770688/key-7542161474 corresponding to column family fileTable from db: /home/runner/work/ozone/ozone/hadoop-ozone/integration-test/target/test-dir/MiniOzoneClusterImpl-0e8a6840-8092-433d-9bbe-2fd65d18bfc8/omNode-1/db.snapshots/checkpointState/om.db-c8da47ee-7e59-4340-b08f-c2db3c0d8632. Prefix for the column family: /-9223372036854772480/-9223372036854772224/.
2025-07-15 19:46:01,991 [omNode-1-SstFilteringService#0] INFO  db.RocksDatabase (RocksDatabase.java:deleteFilesNotMatchingPrefix(870)) - Deleting sst file: /000102.sst with start key: /-9223372036854771456/-9223372036854771200/-9223372036854771200/key-3058113169 and end key: /-9223372036854771456/-9223372036854771200/-9223372036854771200/key-3058113169 corresponding to column family fileTable from db: /home/runner/work/ozone/ozone/hadoop-ozone/integration-test/target/test-dir/MiniOzoneClusterImpl-0e8a6840-8092-433d-9bbe-2fd65d18bfc8/omNode-1/db.snapshots/checkpointState/om.db-c8da47ee-7e59-4340-b08f-c2db3c0d8632. Prefix for the column family: /-9223372036854772480/-9223372036854772224/.
2025-07-15 19:46:01,994 [omNode-1-SstFilteringService#0] INFO  db.RocksDatabase (RocksDatabase.java:deleteFilesNotMatchingPrefix(870)) - Deleting sst file: /000095.sst with start key: /-9223372036854771968/-9223372036854771712/-9223372036854771712/key-5913089270 and end key: /-9223372036854771968/-9223372036854771712/-9223372036854771712/key-5913089270 corresponding to column family fileTable from db: /home/runner/work/ozone/ozone/hadoop-ozone/integration-test/target/test-dir/MiniOzoneClusterImpl-0e8a6840-8092-433d-9bbe-2fd65d18bfc8/omNode-1/db.snapshots/checkpointState/om.db-c8da47ee-7e59-4340-b08f-c2db3c0d8632. Prefix for the column family: /-9223372036854772480/-9223372036854772224/.
2025-07-15 19:46:01,995 [omNode-1-SstFilteringService#0] INFO  db.RocksDatabase (RocksDatabase.java:deleteFilesNotMatchingPrefix(870)) - Deleting sst file: /000083.sst with start key: /-9223372036854772992/-9223372036854772736/-9223372036854772736/key-9706630429 and end key: /-9223372036854772992/-9223372036854772736/-9223372036854772736/key-9706630429 corresponding to column family fileTable from db: /home/runner/work/ozone/ozone/hadoop-ozone/integration-test/target/test-dir/MiniOzoneClusterImpl-0e8a6840-8092-433d-9bbe-2fd65d18bfc8/omNode-1/db.snapshots/checkpointState/om.db-c8da47ee-7e59-4340-b08f-c2db3c0d8632. Prefix for the column family: /-9223372036854772480/-9223372036854772224/.
2025-07-15 19:46:01,997 [omNode-1-SstFilteringService#0] INFO  db.RocksDatabase (RocksDatabase.java:deleteFilesNotMatchingPrefix(870)) - Deleting sst file: /000077.sst with start key: /-9223372036854773504/-9223372036854773248/-9223372036854773248/key-0486940199 and end key: /-9223372036854773504/-9223372036854773248/-9223372036854773248/key-0486940199 corresponding to column family fileTable from db: /home/runner/work/ozone/ozone/hadoop-ozone/integration-test/target/test-dir/MiniOzoneClusterImpl-0e8a6840-8092-433d-9bbe-2fd65d18bfc8/omNode-1/db.snapshots/checkpointState/om.db-c8da47ee-7e59-4340-b08f-c2db3c0d8632. Prefix for the column family: /-9223372036854772480/-9223372036854772224/.
2025-07-15 19:46:01,998 [omNode-1-SstFilteringService#0] INFO  db.RocksDatabase (RocksDatabase.java:deleteFilesNotMatchingPrefix(870)) - Deleting sst file: /000070.sst with start key: /-9223372036854774016/-9223372036854773760/-9223372036854773760/key-0365758073 and end key: /-9223372036854774016/-9223372036854773760/-9223372036854773760/key-0365758073 corresponding to column family fileTable from db: /home/runner/work/ozone/ozone/hadoop-ozone/integration-test/target/test-dir/MiniOzoneClusterImpl-0e8a6840-8092-433d-9bbe-2fd65d18bfc8/omNode-1/db.snapshots/checkpointState/om.db-c8da47ee-7e59-4340-b08f-c2db3c0d8632. Prefix for the column family: /-9223372036854772480/-9223372036854772224/.
2025-07-15 19:46:02,000 [omNode-1-SstFilteringService#0] INFO  db.RocksDatabase (RocksDatabase.java:deleteFilesNotMatchingPrefix(870)) - Deleting sst file: /000064.sst with start key: /-9223372036854774528/-9223372036854774272/-9223372036854774272/key-1378826234 and end key: /-9223372036854774528/-9223372036854774272/-9223372036854774272/key-1378826234 corresponding to column family fileTable from db: /home/runner/work/ozone/ozone/hadoop-ozone/integration-test/target/test-dir/MiniOzoneClusterImpl-0e8a6840-8092-433d-9bbe-2fd65d18bfc8/omNode-1/db.snapshots/checkpointState/om.db-c8da47ee-7e59-4340-b08f-c2db3c0d8632. Prefix for the column family: /-9223372036854772480/-9223372036854772224/.
2025-07-15 19:46:02,001 [omNode-1-SstFilteringService#0] INFO  db.RocksDatabase (RocksDatabase.java:deleteFilesNotMatchingPrefix(870)) - Deleting sst file: /000128.sst with start key: /-9223372036854774528/-9223372036854774272/-9223372036854774272/key-7197450491 and end key: /-9223372036854774528/-9223372036854774272/-9223372036854774272/key-7197450491 corresponding to column family fileTable from db: /home/runner/work/ozone/ozone/hadoop-ozone/integration-test/target/test-dir/MiniOzoneClusterImpl-0e8a6840-8092-433d-9bbe-2fd65d18bfc8/omNode-1/db.snapshots/checkpointState/om.db-c8da47ee-7e59-4340-b08f-c2db3c0d8632. Prefix for the column family: /-9223372036854772480/-9223372036854772224/.
2025-07-15 19:46:02,002 [omNode-1-SstFilteringService#0] INFO  db.RocksDatabase (RocksDatabase.java:deleteFilesNotMatchingPrefix(870)) - Deleting sst file: /000121.sst with start key: /-9223372036854775040/-9223372036854774784/-9223372036854774784/key-3443821635 and end key: /-9223372036854775040/-9223372036854774784/-9223372036854774784/key-3443821635 corresponding to column family fileTable from db: /home/runner/work/ozone/ozone/hadoop-ozone/integration-test/target/test-dir/MiniOzoneClusterImpl-0e8a6840-8092-433d-9bbe-2fd65d18bfc8/omNode-1/db.snapshots/checkpointState/om.db-c8da47ee-7e59-4340-b08f-c2db3c0d8632. Prefix for the column family: /-9223372036854772480/-9223372036854772224/.
2025-07-15 19:46:02,005 [omNode-1-SstFilteringService#0] INFO  db.RocksDatabase (RocksDatabase.java:deleteFilesNotMatchingPrefix(870)) - Deleting sst file: /000057.sst with start key: /-9223372036854775040/-9223372036854774784/-9223372036854774784/key-5363736728 and end key: /-9223372036854775040/-9223372036854774784/-9223372036854774784/key-5363736728 corresponding to column family fileTable from db: /home/runner/work/ozone/ozone/hadoop-ozone/integration-test/target/test-dir/MiniOzoneClusterImpl-0e8a6840-8092-433d-9bbe-2fd65d18bfc8/omNode-1/db.snapshots/checkpointState/om.db-c8da47ee-7e59-4340-b08f-c2db3c0d8632. Prefix for the column family: /-9223372036854772480/-9223372036854772224/.
2025-07-15 19:46:02,017 [omNode-1-SstFilteringService#0] WARN  server.ServerUtils (ServerUtils.java:getDBPath(292)) - ozone.om.db.dirs is not configured. We recommend adding this setting. Falling back to ozone.metadata.dirs instead.
2025-07-15 19:46:02,021 [omNode-1-SstFilteringService#0] WARN  server.ServerUtils (ServerUtils.java:getDBPath(292)) - ozone.om.db.dirs is not configured. We recommend adding this setting. Falling back to ozone.metadata.dirs instead.
2025-07-15 19:46:02,022 [omNode-1-SstFilteringService#0] INFO  snapshot.SnapshotCache (SnapshotCache.java:lambda$2(204)) - Loading SnapshotId: '4c8ed02e-39fb-4b86-a274-de8bb287624d'
2025-07-15 19:46:02,023 [omNode-1-SstFilteringService#0] WARN  server.ServerUtils (ServerUtils.java:getDBPath(292)) - ozone.om.db.dirs is not configured. We recommend adding this setting. Falling back to ozone.metadata.dirs instead.
2025-07-15 19:46:02,094 [omNode-1-SstFilteringService#0] INFO  db.RocksDatabase (RocksDatabase.java:deleteFilesNotMatchingPrefix(870)) - Deleting sst file: /000180.sst with start key: /-9223372036854770432/-9223372036854770176/-9223372036854770176/key-5073748170 and end key: /-9223372036854770432/-9223372036854770176/-9223372036854770176/key-5073748170 corresponding to column family fileTable from db: /home/runner/work/ozone/ozone/hadoop-ozone/integration-test/target/test-dir/MiniOzoneClusterImpl-0e8a6840-8092-433d-9bbe-2fd65d18bfc8/omNode-1/db.snapshots/checkpointState/om.db-4c8ed02e-39fb-4b86-a274-de8bb287624d. Prefix for the column family: /-9223372036854772480/-9223372036854772224/.
2025-07-15 19:46:02,097 [omNode-1-SstFilteringService#0] INFO  db.RocksDatabase (RocksDatabase.java:deleteFilesNotMatchingPrefix(870)) - Deleting sst file: /000245.sst with start key: /-9223372036854770432/-9223372036854770176/-9223372036854770176/key-8553103625 and end key: /-9223372036854770432/-9223372036854770176/-9223372036854770176/key-8553103625 corresponding to column family fileTable from db: /home/runner/work/ozone/ozone/hadoop-ozone/integration-test/target/test-dir/MiniOzoneClusterImpl-0e8a6840-8092-433d-9bbe-2fd65d18bfc8/omNode-1/db.snapshots/checkpointState/om.db-4c8ed02e-39fb-4b86-a274-de8bb287624d. Prefix for the column family: /-9223372036854772480/-9223372036854772224/.
2025-07-15 19:46:02,098 [omNode-1-SstFilteringService#0] INFO  db.RocksDatabase (RocksDatabase.java:deleteFilesNotMatchingPrefix(870)) - Deleting sst file: /000115.sst with start key: /-9223372036854770432/-9223372036854770176/-9223372036854770176/key-9043621183 and end key: /-9223372036854770432/-9223372036854770176/-9223372036854770176/key-9043621183 corresponding to column family fileTable from db: /home/runner/work/ozone/ozone/hadoop-ozone/integration-test/target/test-dir/MiniOzoneClusterImpl-0e8a6840-8092-433d-9bbe-2fd65d18bfc8/omNode-1/db.snapshots/checkpointState/om.db-4c8ed02e-39fb-4b86-a274-de8bb287624d. Prefix for the column family: /-9223372036854772480/-9223372036854772224/.
2025-07-15 19:46:02,100 [omNode-1-SstFilteringService#0] INFO  db.RocksDatabase (RocksDatabase.java:deleteFilesNotMatchingPrefix(870)) - Deleting sst file: /000239.sst with start key: /-9223372036854770944/-9223372036854770688/-9223372036854770688/key-1587099505 and end key: /-9223372036854770944/-9223372036854770688/-9223372036854770688/key-1587099505 corresponding to column family fileTable from db: /home/runner/work/ozone/ozone/hadoop-ozone/integration-test/target/test-dir/MiniOzoneClusterImpl-0e8a6840-8092-433d-9bbe-2fd65d18bfc8/omNode-1/db.snapshots/checkpointState/om.db-4c8ed02e-39fb-4b86-a274-de8bb287624d. Prefix for the column family: /-9223372036854772480/-9223372036854772224/.
2025-07-15 19:46:02,102 [omNode-1-SstFilteringService#0] INFO  db.RocksDatabase (RocksDatabase.java:deleteFilesNotMatchingPrefix(870)) - Deleting sst file: /000173.sst with start key: /-9223372036854770944/-9223372036854770688/-9223372036854770688/key-2850657364 and end key: /-9223372036854770944/-9223372036854770688/-9223372036854770688/key-2850657364 corresponding to column family fileTable from db: /home/runner/work/ozone/ozone/hadoop-ozone/integration-test/target/test-dir/MiniOzoneClusterImpl-0e8a6840-8092-433d-9bbe-2fd65d18bfc8/omNode-1/db.snapshots/checkpointState/om.db-4c8ed02e-39fb-4b86-a274-de8bb287624d. Prefix for the column family: /-9223372036854772480/-9223372036854772224/.
2025-07-15 19:46:02,105 [omNode-1-SstFilteringService#0] INFO  db.RocksDatabase (RocksDatabase.java:deleteFilesNotMatchingPrefix(870)) - Deleting sst file: /000109.sst with start key: /-9223372036854770944/-9223372036854770688/-9223372036854770688/key-7542161474 and end key: /-9223372036854770944/-9223372036854770688/-9223372036854770688/key-7542161474 corresponding to column family fileTable from db: /home/runner/work/ozone/ozone/hadoop-ozone/integration-test/target/test-dir/MiniOzoneClusterImpl-0e8a6840-8092-433d-9bbe-2fd65d18bfc8/omNode-1/db.snapshots/checkpointState/om.db-4c8ed02e-39fb-4b86-a274-de8bb287624d. Prefix for the column family: /-9223372036854772480/-9223372036854772224/.
2025-07-15 19:46:02,106 [omNode-1-SstFilteringService#0] INFO  db.RocksDatabase (RocksDatabase.java:deleteFilesNotMatchingPrefix(870)) - Deleting sst file: /000167.sst with start key: /-9223372036854771456/-9223372036854771200/-9223372036854771200/key-0325046774 and end key: /-9223372036854771456/-9223372036854771200/-9223372036854771200/key-0325046774 corresponding to column family fileTable from db: /home/runner/work/ozone/ozone/hadoop-ozone/integration-test/target/test-dir/MiniOzoneClusterImpl-0e8a6840-8092-433d-9bbe-2fd65d18bfc8/omNode-1/db.snapshots/checkpointState/om.db-4c8ed02e-39fb-4b86-a274-de8bb287624d. Prefix for the column family: /-9223372036854772480/-9223372036854772224/.
2025-07-15 19:46:02,109 [omNode-1-SstFilteringService#0] INFO  db.RocksDatabase (RocksDatabase.java:deleteFilesNotMatchingPrefix(870)) - Deleting sst file: /000102.sst with start key: /-9223372036854771456/-9223372036854771200/-9223372036854771200/key-3058113169 and end key: /-9223372036854771456/-9223372036854771200/-9223372036854771200/key-3058113169 corresponding to column family fileTable from db: /home/runner/work/ozone/ozone/hadoop-ozone/integration-test/target/test-dir/MiniOzoneClusterImpl-0e8a6840-8092-433d-9bbe-2fd65d18bfc8/omNode-1/db.snapshots/checkpointState/om.db-4c8ed02e-39fb-4b86-a274-de8bb287624d. Prefix for the column family: /-9223372036854772480/-9223372036854772224/.
2025-07-15 19:46:02,110 [omNode-1-SstFilteringService#0] INFO  db.RocksDatabase (RocksDatabase.java:deleteFilesNotMatchingPrefix(870)) - Deleting sst file: /000232.sst with start key: /-9223372036854771456/-9223372036854771200/-9223372036854771200/key-9501142286 and end key: /-9223372036854771456/-9223372036854771200/-9223372036854771200/key-9501142286 corresponding to column family fileTable from db: /home/runner/work/ozone/ozone/hadoop-ozone/integration-test/target/test-dir/MiniOzoneClusterImpl-0e8a6840-8092-433d-9bbe-2fd65d18bfc8/omNode-1/db.snapshots/checkpointState/om.db-4c8ed02e-39fb-4b86-a274-de8bb287624d. Prefix for the column family: /-9223372036854772480/-9223372036854772224/.
2025-07-15 19:46:02,112 [omNode-1-SstFilteringService#0] INFO  db.RocksDatabase (RocksDatabase.java:deleteFilesNotMatchingPrefix(870)) - Deleting sst file: /000161.sst with start key: /-9223372036854771968/-9223372036854771712/-9223372036854771712/key-5499515943 and end key: /-9223372036854771968/-9223372036854771712/-9223372036854771712/key-5499515943 corresponding to column family fileTable from db: /home/runner/work/ozone/ozone/hadoop-ozone/integration-test/target/test-dir/MiniOzoneClusterImpl-0e8a6840-8092-433d-9bbe-2fd65d18bfc8/omNode-1/db.snapshots/checkpointState/om.db-4c8ed02e-39fb-4b86-a274-de8bb287624d. Prefix for the column family: /-9223372036854772480/-9223372036854772224/.
2025-07-15 19:46:02,114 [omNode-1-SstFilteringService#0] INFO  db.RocksDatabase (RocksDatabase.java:deleteFilesNotMatchingPrefix(870)) - Deleting sst file: /000095.sst with start key: /-9223372036854771968/-9223372036854771712/-9223372036854771712/key-5913089270 and end key: /-9223372036854771968/-9223372036854771712/-9223372036854771712/key-5913089270 corresponding to column family fileTable from db: /home/runner/work/ozone/ozone/hadoop-ozone/integration-test/target/test-dir/MiniOzoneClusterImpl-0e8a6840-8092-433d-9bbe-2fd65d18bfc8/omNode-1/db.snapshots/checkpointState/om.db-4c8ed02e-39fb-4b86-a274-de8bb287624d. Prefix for the column family: /-9223372036854772480/-9223372036854772224/.
2025-07-15 19:46:02,116 [omNode-1-SstFilteringService#0] INFO  db.RocksDatabase (RocksDatabase.java:deleteFilesNotMatchingPrefix(870)) - Deleting sst file: /000225.sst with start key: /-9223372036854771968/-9223372036854771712/-9223372036854771712/key-6258498644 and end key: /-9223372036854771968/-9223372036854771712/-9223372036854771712/key-6258498644 corresponding to column family fileTable from db: /home/runner/work/ozone/ozone/hadoop-ozone/integration-test/target/test-dir/MiniOzoneClusterImpl-0e8a6840-8092-433d-9bbe-2fd65d18bfc8/omNode-1/db.snapshots/checkpointState/om.db-4c8ed02e-39fb-4b86-a274-de8bb287624d. Prefix for the column family: /-9223372036854772480/-9223372036854772224/.
2025-07-15 19:46:02,121 [omNode-1-SstFilteringService#0] INFO  db.RocksDatabase (RocksDatabase.java:deleteFilesNotMatchingPrefix(870)) - Deleting sst file: /000213.sst with start key: /-9223372036854772992/-9223372036854772736/-9223372036854772736/key-7030822597 and end key: /-9223372036854772992/-9223372036854772736/-9223372036854772736/key-7030822597 corresponding to column family fileTable from db: /home/runner/work/ozone/ozone/hadoop-ozone/integration-test/target/test-dir/MiniOzoneClusterImpl-0e8a6840-8092-433d-9bbe-2fd65d18bfc8/omNode-1/db.snapshots/checkpointState/om.db-4c8ed02e-39fb-4b86-a274-de8bb287624d. Prefix for the column family: /-9223372036854772480/-9223372036854772224/.
2025-07-15 19:46:02,123 [omNode-1-SstFilteringService#0] INFO  db.RocksDatabase (RocksDatabase.java:deleteFilesNotMatchingPrefix(870)) - Deleting sst file: /000147.sst with start key: /-9223372036854772992/-9223372036854772736/-9223372036854772736/key-7207243133 and end key: /-9223372036854772992/-9223372036854772736/-9223372036854772736/key-7207243133 corresponding to column family fileTable from db: /home/runner/work/ozone/ozone/hadoop-ozone/integration-test/target/test-dir/MiniOzoneClusterImpl-0e8a6840-8092-433d-9bbe-2fd65d18bfc8/omNode-1/db.snapshots/checkpointState/om.db-4c8ed02e-39fb-4b86-a274-de8bb287624d. Prefix for the column family: /-9223372036854772480/-9223372036854772224/.
2025-07-15 19:46:02,125 [omNode-1-SstFilteringService#0] INFO  db.RocksDatabase (RocksDatabase.java:deleteFilesNotMatchingPrefix(870)) - Deleting sst file: /000083.sst with start key: /-9223372036854772992/-9223372036854772736/-9223372036854772736/key-9706630429 and end key: /-9223372036854772992/-9223372036854772736/-9223372036854772736/key-9706630429 corresponding to column family fileTable from db: /home/runner/work/ozone/ozone/hadoop-ozone/integration-test/target/test-dir/MiniOzoneClusterImpl-0e8a6840-8092-433d-9bbe-2fd65d18bfc8/omNode-1/db.snapshots/checkpointState/om.db-4c8ed02e-39fb-4b86-a274-de8bb287624d. Prefix for the column family: /-9223372036854772480/-9223372036854772224/.
2025-07-15 19:46:02,127 [omNode-1-SstFilteringService#0] INFO  db.RocksDatabase (RocksDatabase.java:deleteFilesNotMatchingPrefix(870)) - Deleting sst file: /000077.sst with start key: /-9223372036854773504/-9223372036854773248/-9223372036854773248/key-0486940199 and end key: /-9223372036854773504/-9223372036854773248/-9223372036854773248/key-0486940199 corresponding to column family fileTable from db: /home/runner/work/ozone/ozone/hadoop-ozone/integration-test/target/test-dir/MiniOzoneClusterImpl-0e8a6840-8092-433d-9bbe-2fd65d18bfc8/omNode-1/db.snapshots/checkpointState/om.db-4c8ed02e-39fb-4b86-a274-de8bb287624d. Prefix for the column family: /-9223372036854772480/-9223372036854772224/.
2025-07-15 19:46:02,129 [omNode-1-SstFilteringService#0] INFO  db.RocksDatabase (RocksDatabase.java:deleteFilesNotMatchingPrefix(870)) - Deleting sst file: /000207.sst with start key: /-9223372036854773504/-9223372036854773248/-9223372036854773248/key-2481728860 and end key: /-9223372036854773504/-9223372036854773248/-9223372036854773248/key-2481728860 corresponding to column family fileTable from db: /home/runner/work/ozone/ozone/hadoop-ozone/integration-test/target/test-dir/MiniOzoneClusterImpl-0e8a6840-8092-433d-9bbe-2fd65d18bfc8/omNode-1/db.snapshots/checkpointState/om.db-4c8ed02e-39fb-4b86-a274-de8bb287624d. Prefix for the column family: /-9223372036854772480/-9223372036854772224/.
2025-07-15 19:46:02,132 [omNode-1-SstFilteringService#0] INFO  db.RocksDatabase (RocksDatabase.java:deleteFilesNotMatchingPrefix(870)) - Deleting sst file: /000141.sst with start key: /-9223372036854773504/-9223372036854773248/-9223372036854773248/key-3949744774 and end key: /-9223372036854773504/-9223372036854773248/-9223372036854773248/key-3949744774 corresponding to column family fileTable from db: /home/runner/work/ozone/ozone/hadoop-ozone/integration-test/target/test-dir/MiniOzoneClusterImpl-0e8a6840-8092-433d-9bbe-2fd65d18bfc8/omNode-1/db.snapshots/checkpointState/om.db-4c8ed02e-39fb-4b86-a274-de8bb287624d. Prefix for the column family: /-9223372036854772480/-9223372036854772224/.
2025-07-15 19:46:02,135 [omNode-1-SstFilteringService#0] INFO  db.RocksDatabase (RocksDatabase.java:deleteFilesNotMatchingPrefix(870)) - Deleting sst file: /000070.sst with start key: /-9223372036854774016/-9223372036854773760/-9223372036854773760/key-0365758073 and end key: /-9223372036854774016/-9223372036854773760/-9223372036854773760/key-0365758073 corresponding to column family fileTable from db: /home/runner/work/ozone/ozone/hadoop-ozone/integration-test/target/test-dir/MiniOzoneClusterImpl-0e8a6840-8092-433d-9bbe-2fd65d18bfc8/omNode-1/db.snapshots/checkpointState/om.db-4c8ed02e-39fb-4b86-a274-de8bb287624d. Prefix for the column family: /-9223372036854772480/-9223372036854772224/.
2025-07-15 19:46:02,137 [omNode-1-SstFilteringService#0] INFO  db.RocksDatabase (RocksDatabase.java:deleteFilesNotMatchingPrefix(870)) - Deleting sst file: /000199.sst with start key: /-9223372036854774016/-9223372036854773760/-9223372036854773760/key-1511742050 and end key: /-9223372036854774016/-9223372036854773760/-9223372036854773760/key-1511742050 corresponding to column family fileTable from db: /home/runner/work/ozone/ozone/hadoop-ozone/integration-test/target/test-dir/MiniOzoneClusterImpl-0e8a6840-8092-433d-9bbe-2fd65d18bfc8/omNode-1/db.snapshots/checkpointState/om.db-4c8ed02e-39fb-4b86-a274-de8bb287624d. Prefix for the column family: /-9223372036854772480/-9223372036854772224/.
2025-07-15 19:46:02,138 [omNode-1-SstFilteringService#0] INFO  db.RocksDatabase (RocksDatabase.java:deleteFilesNotMatchingPrefix(870)) - Deleting sst file: /000135.sst with start key: /-9223372036854774016/-9223372036854773760/-9223372036854773760/key-8908999555 and end key: /-9223372036854774016/-9223372036854773760/-9223372036854773760/key-8908999555 corresponding to column family fileTable from db: /home/runner/work/ozone/ozone/hadoop-ozone/integration-test/target/test-dir/MiniOzoneClusterImpl-0e8a6840-8092-433d-9bbe-2fd65d18bfc8/omNode-1/db.snapshots/checkpointState/om.db-4c8ed02e-39fb-4b86-a274-de8bb287624d. Prefix for the column family: /-9223372036854772480/-9223372036854772224/.
2025-07-15 19:46:02,140 [omNode-1-SstFilteringService#0] INFO  db.RocksDatabase (RocksDatabase.java:deleteFilesNotMatchingPrefix(870)) - Deleting sst file: /000064.sst with start key: /-9223372036854774528/-9223372036854774272/-9223372036854774272/key-1378826234 and end key: /-9223372036854774528/-9223372036854774272/-9223372036854774272/key-1378826234 corresponding to column family fileTable from db: /home/runner/work/ozone/ozone/hadoop-ozone/integration-test/target/test-dir/MiniOzoneClusterImpl-0e8a6840-8092-433d-9bbe-2fd65d18bfc8/omNode-1/db.snapshots/checkpointState/om.db-4c8ed02e-39fb-4b86-a274-de8bb287624d. Prefix for the column family: /-9223372036854772480/-9223372036854772224/.
2025-07-15 19:46:02,142 [omNode-1-SstFilteringService#0] INFO  db.RocksDatabase (RocksDatabase.java:deleteFilesNotMatchingPrefix(870)) - Deleting sst file: /000128.sst with start key: /-9223372036854774528/-9223372036854774272/-9223372036854774272/key-7197450491 and end key: /-9223372036854774528/-9223372036854774272/-9223372036854774272/key-7197450491 corresponding to column family fileTable from db: /home/runner/work/ozone/ozone/hadoop-ozone/integration-test/target/test-dir/MiniOzoneClusterImpl-0e8a6840-8092-433d-9bbe-2fd65d18bfc8/omNode-1/db.snapshots/checkpointState/om.db-4c8ed02e-39fb-4b86-a274-de8bb287624d. Prefix for the column family: /-9223372036854772480/-9223372036854772224/.
2025-07-15 19:46:02,143 [omNode-1-SstFilteringService#0] INFO  db.RocksDatabase (RocksDatabase.java:deleteFilesNotMatchingPrefix(870)) - Deleting sst file: /000259.sst with start key: /-9223372036854774528/-9223372036854774272/-9223372036854774272/key-8310789266 and end key: /-9223372036854774528/-9223372036854774272/-9223372036854774272/key-8310789266 corresponding to column family fileTable from db: /home/runner/work/ozone/ozone/hadoop-ozone/integration-test/target/test-dir/MiniOzoneClusterImpl-0e8a6840-8092-433d-9bbe-2fd65d18bfc8/omNode-1/db.snapshots/checkpointState/om.db-4c8ed02e-39fb-4b86-a274-de8bb287624d. Prefix for the column family: /-9223372036854772480/-9223372036854772224/.
2025-07-15 19:46:02,144 [omNode-1-SstFilteringService#0] INFO  db.RocksDatabase (RocksDatabase.java:deleteFilesNotMatchingPrefix(870)) - Deleting sst file: /000193.sst with start key: /-9223372036854774528/-9223372036854774272/-9223372036854774272/key-9823269477 and end key: /-9223372036854774528/-9223372036854774272/-9223372036854774272/key-9823269477 corresponding to column family fileTable from db: /home/runner/work/ozone/ozone/hadoop-ozone/integration-test/target/test-dir/MiniOzoneClusterImpl-0e8a6840-8092-433d-9bbe-2fd65d18bfc8/omNode-1/db.snapshots/checkpointState/om.db-4c8ed02e-39fb-4b86-a274-de8bb287624d. Prefix for the column family: /-9223372036854772480/-9223372036854772224/.
2025-07-15 19:46:02,145 [omNode-1-SstFilteringService#0] INFO  db.RocksDatabase (RocksDatabase.java:deleteFilesNotMatchingPrefix(870)) - Deleting sst file: /000251.sst with start key: /-9223372036854775040/-9223372036854774784/-9223372036854774784/key-1349445112 and end key: /-9223372036854775040/-9223372036854774784/-9223372036854774784/key-1349445112 corresponding to column family fileTable from db: /home/runner/work/ozone/ozone/hadoop-ozone/integration-test/target/test-dir/MiniOzoneClusterImpl-0e8a6840-8092-433d-9bbe-2fd65d18bfc8/omNode-1/db.snapshots/checkpointState/om.db-4c8ed02e-39fb-4b86-a274-de8bb287624d. Prefix for the column family: /-9223372036854772480/-9223372036854772224/.
2025-07-15 19:46:02,147 [omNode-1-SstFilteringService#0] INFO  db.RocksDatabase (RocksDatabase.java:deleteFilesNotMatchingPrefix(870)) - Deleting sst file: /000121.sst with start key: /-9223372036854775040/-9223372036854774784/-9223372036854774784/key-3443821635 and end key: /-9223372036854775040/-9223372036854774784/-9223372036854774784/key-3443821635 corresponding to column family fileTable from db: /home/runner/work/ozone/ozone/hadoop-ozone/integration-test/target/test-dir/MiniOzoneClusterImpl-0e8a6840-8092-433d-9bbe-2fd65d18bfc8/omNode-1/db.snapshots/checkpointState/om.db-4c8ed02e-39fb-4b86-a274-de8bb287624d. Prefix for the column family: /-9223372036854772480/-9223372036854772224/.
2025-07-15 19:46:02,148 [omNode-1-SstFilteringService#0] INFO  db.RocksDatabase (RocksDatabase.java:deleteFilesNotMatchingPrefix(870)) - Deleting sst file: /000187.sst with start key: /-9223372036854775040/-9223372036854774784/-9223372036854774784/key-4686823571 and end key: /-9223372036854775040/-9223372036854774784/-9223372036854774784/key-4686823571 corresponding to column family fileTable from db: /home/runner/work/ozone/ozone/hadoop-ozone/integration-test/target/test-dir/MiniOzoneClusterImpl-0e8a6840-8092-433d-9bbe-2fd65d18bfc8/omNode-1/db.snapshots/checkpointState/om.db-4c8ed02e-39fb-4b86-a274-de8bb287624d. Prefix for the column family: /-9223372036854772480/-9223372036854772224/.
2025-07-15 19:46:02,150 [omNode-1-SstFilteringService#0] INFO  db.RocksDatabase (RocksDatabase.java:deleteFilesNotMatchingPrefix(870)) - Deleting sst file: /000057.sst with start key: /-9223372036854775040/-9223372036854774784/-9223372036854774784/key-5363736728 and end key: /-9223372036854775040/-9223372036854774784/-9223372036854774784/key-5363736728 corresponding to column family fileTable from db: /home/runner/work/ozone/ozone/hadoop-ozone/integration-test/target/test-dir/MiniOzoneClusterImpl-0e8a6840-8092-433d-9bbe-2fd65d18bfc8/omNode-1/db.snapshots/checkpointState/om.db-4c8ed02e-39fb-4b86-a274-de8bb287624d. Prefix for the column family: /-9223372036854772480/-9223372036854772224/.
2025-07-15 19:46:02,220 [omNode-1-SstFilteringService#0] WARN  server.ServerUtils (ServerUtils.java:getDBPath(292)) - ozone.om.db.dirs is not configured. We recommend adding this setting. Falling back to ozone.metadata.dirs instead.
2025-07-15 19:46:02,524 [main] INFO  reflections.Reflections (Reflections.java:scan(219)) - Reflections took 598 ms to scan 24 urls, producing 60 keys and 7739 values
2025-07-15 19:46:02,526 [main] INFO  ipc.CallQueueManager (CallQueueManager.java:<init>(93)) - Using callQueue: class java.util.concurrent.LinkedBlockingQueue, queueCapacity: 2000, scheduler: class org.apache.hadoop.ipc.DefaultRpcScheduler, ipcBackoff: false, ipcFailOver: false.
2025-07-15 19:46:02,526 [main] INFO  ipc.Server (Server.java:<init>(1438)) - Listener at localhost:15006
2025-07-15 19:46:02,527 [Socket Reader #1 for port 15006] INFO  ipc.Server (Server.java:run(1474)) - Starting Socket Reader #1 for port 15006
2025-07-15 19:46:02,528 [Socket Reader #2 for port 15006] INFO  ipc.Server (Server.java:run(1474)) - Starting Socket Reader #2 for port 15006
2025-07-15 19:46:02,528 [Socket Reader #3 for port 15006] INFO  ipc.Server (Server.java:run(1474)) - Starting Socket Reader #3 for port 15006
2025-07-15 19:46:02,528 [Socket Reader #4 for port 15006] INFO  ipc.Server (Server.java:run(1474)) - Starting Socket Reader #4 for port 15006
2025-07-15 19:46:02,528 [Socket Reader #5 for port 15006] INFO  ipc.Server (Server.java:run(1474)) - Starting Socket Reader #5 for port 15006
2025-07-15 19:46:02,528 [Socket Reader #6 for port 15006] INFO  ipc.Server (Server.java:run(1474)) - Starting Socket Reader #6 for port 15006
2025-07-15 19:46:02,528 [Socket Reader #7 for port 15006] INFO  ipc.Server (Server.java:run(1474)) - Starting Socket Reader #7 for port 15006
2025-07-15 19:46:02,529 [Socket Reader #8 for port 15006] INFO  ipc.Server (Server.java:run(1474)) - Starting Socket Reader #8 for port 15006
2025-07-15 19:46:02,529 [Socket Reader #9 for port 15006] INFO  ipc.Server (Server.java:run(1474)) - Starting Socket Reader #9 for port 15006
2025-07-15 19:46:02,529 [Socket Reader #10 for port 15006] INFO  ipc.Server (Server.java:run(1474)) - Starting Socket Reader #10 for port 15006
2025-07-15 19:46:02,532 [main] INFO  http.BaseHttpServer (BaseHttpServer.java:newHttpServer2BuilderForOzone(229)) - Starting Web-server for ozoneManager at: http://0.0.0.0:15007
2025-07-15 19:46:02,532 [main] INFO  http.BaseHttpServer (BaseHttpServer.java:<init>(107)) - Hadoop Security Enabled: false Ozone Security Enabled: false Ozone HTTP Security Enabled: false 
2025-07-15 19:46:02,534 [main] WARN  server.AuthenticationFilter (AuthenticationFilter.java:constructSecretProvider(240)) - Unable to initialize FileSignerSecretProvider, falling back to use random secrets. Reason: Could not read signature secret file: /home/runner/hadoop-http-auth-signature-secret
2025-07-15 19:46:02,537 [main] INFO  http.HttpServer2 (HttpServer2.java:addGlobalFilter(1042)) - Added global filter 'safety' (class=org.apache.hadoop.hdds.server.http.HttpServer2$QuotingInputFilter)
2025-07-15 19:46:02,537 [main] INFO  http.HttpServer2 (HttpServer2.java:addFilter(1018)) - Added filter static_user_filter (class=org.apache.hadoop.http.lib.StaticUserWebFilter$StaticUserFilter) to context ozoneManager
2025-07-15 19:46:02,537 [main] INFO  http.HttpServer2 (HttpServer2.java:addFilter(1026)) - Added filter static_user_filter (class=org.apache.hadoop.http.lib.StaticUserWebFilter$StaticUserFilter) to context static
2025-07-15 19:46:02,537 [main] INFO  http.HttpServer2 (HttpServer2.java:addFilter(1026)) - Added filter static_user_filter (class=org.apache.hadoop.http.lib.StaticUserWebFilter$StaticUserFilter) to context logs
2025-07-15 19:46:02,538 [main] INFO  http.BaseHttpServer (BaseHttpServer.java:<init>(195)) - HTTP server of ozoneManager uses base directory /home/runner/work/ozone/ozone/hadoop-ozone/integration-test/target/test-dir/MiniOzoneClusterImpl-0e8a6840-8092-433d-9bbe-2fd65d18bfc8/omNode-1/webserver
2025-07-15 19:46:02,539 [main] INFO  http.HttpServer2 (HttpServer2.java:bindListener(1242)) - Jetty bound to port 15007
2025-07-15 19:46:02,539 [main] INFO  server.Server (Server.java:doStart(375)) - jetty-9.4.57.v20241219; built: 2025-01-08T21:24:30.412Z; git: df524e6b29271c2e09ba9aea83c18dc9db464a31; jvm 21.0.7+6-LTS
2025-07-15 19:46:02,540 [main] INFO  server.session (DefaultSessionIdManager.java:doStart(334)) - DefaultSessionIdManager workerName=node0
2025-07-15 19:46:02,540 [main] INFO  server.session (DefaultSessionIdManager.java:doStart(339)) - No SessionScavenger set, using defaults
2025-07-15 19:46:02,540 [main] INFO  server.session (HouseKeeper.java:startScavenging(132)) - node0 Scavenging every 660000ms
2025-07-15 19:46:02,541 [main] INFO  handler.ContextHandler (ContextHandler.java:doStart(921)) - Started o.e.j.s.ServletContextHandler@543d5160{logs,/logs,file:///home/runner/work/ozone/ozone/hadoop-ozone/integration-test/target/log,AVAILABLE}
2025-07-15 19:46:02,541 [main] INFO  handler.ContextHandler (ContextHandler.java:doStart(921)) - Started o.e.j.s.ServletContextHandler@5266ba47{static,/static,file:///home/runner/work/ozone/ozone/hadoop-ozone/integration-test/target/test-classes/webapps/static,AVAILABLE}
2025-07-15 19:46:02,546 [main] INFO  handler.ContextHandler (ContextHandler.java:doStart(921)) - Started o.e.j.w.WebAppContext@7cb7004{ozoneManager,/,file:///home/runner/work/ozone/ozone/hadoop-ozone/integration-test/target/test-classes/webapps/ozoneManager/,AVAILABLE}{file:/home/runner/work/ozone/ozone/hadoop-ozone/integration-test/target/test-classes/webapps/ozoneManager}
2025-07-15 19:46:02,547 [main] INFO  server.AbstractConnector (AbstractConnector.java:doStart(333)) - Started ServerConnector@4447188d{HTTP/1.1, (http/1.1)}{0.0.0.0:15007}
2025-07-15 19:46:02,547 [main] INFO  server.Server (Server.java:doStart(415)) - Started @25745ms
2025-07-15 19:46:02,547 [main] WARN  impl.MetricsSystemImpl (MetricsSystemImpl.java:register(279)) - Sink prometheus already exists!
2025-07-15 19:46:02,547 [main] INFO  http.BaseHttpServer (BaseHttpServer.java:updateConnectorAddress(359)) - HTTP server of ozoneManager listening at http://localhost:15007
2025-07-15 19:46:02,547 [IPC Server Responder] INFO  ipc.Server (Server.java:run(1713)) - IPC Server Responder: starting
2025-07-15 19:46:02,547 [IPC Server listener on 15006] INFO  ipc.Server (Server.java:run(1553)) - IPC Server listener on 15006: starting
2025-07-15 19:46:02,550 [main] INFO  om.OzoneManager (OzoneManager.java:startTrashEmptier(2290)) - Trash Interval set to 0. Files deleted won't move to trash
2025-07-15 19:46:02,681 [omNode-2@group-C0483FFA3DBE-FollowerState] INFO  impl.FollowerState (FollowerState.java:runImpl(161)) - omNode-2@group-C0483FFA3DBE-FollowerState: change to CANDIDATE, lastRpcElapsedTime:1942578000ns, electionTimeout:1154ms
2025-07-15 19:46:02,681 [omNode-2@group-C0483FFA3DBE-FollowerState] INFO  impl.RoleInfo (RoleInfo.java:shutdownFollowerState(121)) - omNode-2: shutdown omNode-2@group-C0483FFA3DBE-FollowerState
2025-07-15 19:46:02,681 [omNode-2@group-C0483FFA3DBE-FollowerState] INFO  server.RaftServer$Division (RaftServerImpl.java:setRole(392)) - omNode-2@group-C0483FFA3DBE: changes role from  FOLLOWER to CANDIDATE at term 1 for changeToCandidate
2025-07-15 19:46:02,681 [omNode-2@group-C0483FFA3DBE-FollowerState] INFO  impl.RoleInfo (RoleInfo.java:updateAndGet(148)) - omNode-2: start omNode-2@group-C0483FFA3DBE-LeaderElection10
2025-07-15 19:46:02,682 [omNode-2@group-C0483FFA3DBE-LeaderElection10] INFO  server.RaftServer$Division (ServerState.java:setLeader(272)) - omNode-2@group-C0483FFA3DBE: change Leader from omNode-1 to null at term 1 for PRE_VOTE
2025-07-15 19:46:02,682 [omNode-2@group-C0483FFA3DBE-LeaderElection10] INFO  impl.LeaderElection (LeaderElection.java:askForVotes(448)) - omNode-2@group-C0483FFA3DBE-LeaderElection10 PRE_VOTE round 0: submit vote requests at term 1 for conf: {index: 0, cur=peers:[omNode-3|localhost:15017, omNode-1|localhost:15009, omNode-2|localhost:15013]|listeners:[], old=null}
2025-07-15 19:46:02,683 [omNode-2@group-C0483FFA3DBE-LeaderElection10-1] INFO  server.GrpcServerProtocolClient (GrpcServerProtocolClient.java:<init>(65)) - Build channel for omNode-3|localhost:15017
2025-07-15 19:46:02,683 [omNode-2@group-C0483FFA3DBE-LeaderElection10-2] INFO  server.GrpcServerProtocolClient (GrpcServerProtocolClient.java:<init>(65)) - Build channel for omNode-1|localhost:15009
2025-07-15 19:46:02,689 [grpc-default-executor-1] INFO  server.RaftServer$Division (RaftServerImpl.java:requestVote(1421)) - omNode-1@group-C0483FFA3DBE: receive requestVote(PRE_VOTE, omNode-2, group-C0483FFA3DBE, 1, (t:1, i:172))
2025-07-15 19:46:02,689 [grpc-default-executor-0] INFO  server.RaftServer$Division (RaftServerImpl.java:requestVote(1421)) - omNode-3@group-C0483FFA3DBE: receive requestVote(PRE_VOTE, omNode-2, group-C0483FFA3DBE, 1, (t:1, i:172))
2025-07-15 19:46:02,689 [grpc-default-executor-1] INFO  impl.VoteContext (VoteContext.java:log(49)) - omNode-1@group-C0483FFA3DBE-FOLLOWER: accept PRE_VOTE from omNode-2: our priority 0 <= candidate's priority 0
2025-07-15 19:46:02,690 [grpc-default-executor-1] INFO  server.RaftServer$Division (RaftServerImpl.java:requestVote(1455)) - omNode-1@group-C0483FFA3DBE replies to PRE_VOTE vote request: omNode-2<-omNode-1#0:OK-t1-last:(t:1, i:172). Peer's state: omNode-1@group-C0483FFA3DBE:t1, leader=null, voted=omNode-1, raftlog=Memoized:omNode-1@group-C0483FFA3DBE-SegmentedRaftLog:OPENED:c172:last(t:1, i:172), conf=conf: {index: 0, cur=peers:[omNode-3|localhost:15017, omNode-1|localhost:15009, omNode-2|localhost:15013]|listeners:[], old=null}
2025-07-15 19:46:02,690 [grpc-default-executor-0] INFO  impl.VoteContext (VoteContext.java:log(49)) - omNode-3@group-C0483FFA3DBE-FOLLOWER: accept PRE_VOTE from omNode-2: our priority 0 <= candidate's priority 0
2025-07-15 19:46:02,690 [grpc-default-executor-0] INFO  server.RaftServer$Division (RaftServerImpl.java:requestVote(1455)) - omNode-3@group-C0483FFA3DBE replies to PRE_VOTE vote request: omNode-2<-omNode-3#0:OK-t1-last:(t:1, i:172). Peer's state: omNode-3@group-C0483FFA3DBE:t1, leader=omNode-1, voted=null, raftlog=Memoized:omNode-3@group-C0483FFA3DBE-SegmentedRaftLog:OPENED:c171:last(t:1, i:172), conf=conf: {index: 0, cur=peers:[omNode-3|localhost:15017, omNode-1|localhost:15009, omNode-2|localhost:15013]|listeners:[], old=null}
2025-07-15 19:46:02,691 [omNode-2@group-C0483FFA3DBE-LeaderElection10] INFO  impl.LeaderElection (LeaderElection.java:logAndReturn(206)) - omNode-2@group-C0483FFA3DBE-LeaderElection10: PRE_VOTE PASSED received 1 response(s) and 0 exception(s):
2025-07-15 19:46:02,691 [omNode-2@group-C0483FFA3DBE-LeaderElection10] INFO  impl.LeaderElection (LeaderElection.java:logAndReturn(210)) -   Response 0: omNode-2<-omNode-1#0:OK-t1-last:(t:1, i:172)
2025-07-15 19:46:02,691 [omNode-2@group-C0483FFA3DBE-LeaderElection10] INFO  impl.LeaderElection (LeaderElection.java:askForVotes(450)) - omNode-2@group-C0483FFA3DBE-LeaderElection10 PRE_VOTE round 0: result PASSED
2025-07-15 19:46:02,693 [omNode-2@group-C0483FFA3DBE-LeaderElection10] INFO  impl.LeaderElection (LeaderElection.java:askForVotes(448)) - omNode-2@group-C0483FFA3DBE-LeaderElection10 ELECTION round 0: submit vote requests at term 2 for conf: {index: 0, cur=peers:[omNode-3|localhost:15017, omNode-1|localhost:15009, omNode-2|localhost:15013]|listeners:[], old=null}
2025-07-15 19:46:02,695 [grpc-default-executor-1] INFO  server.RaftServer$Division (RaftServerImpl.java:requestVote(1421)) - omNode-3@group-C0483FFA3DBE: receive requestVote(ELECTION, omNode-2, group-C0483FFA3DBE, 2, (t:1, i:172))
2025-07-15 19:46:02,695 [grpc-default-executor-1] INFO  impl.VoteContext (VoteContext.java:log(49)) - omNode-3@group-C0483FFA3DBE-FOLLOWER: accept ELECTION from omNode-2: our priority 0 <= candidate's priority 0
2025-07-15 19:46:02,695 [grpc-default-executor-1] INFO  server.RaftServer$Division (RaftServerImpl.java:setRole(392)) - omNode-3@group-C0483FFA3DBE: changes role from  FOLLOWER to FOLLOWER at term 1 for candidate:omNode-2
2025-07-15 19:46:02,696 [grpc-default-executor-1] INFO  impl.RoleInfo (RoleInfo.java:shutdownFollowerState(121)) - omNode-3: shutdown omNode-3@group-C0483FFA3DBE-FollowerState
2025-07-15 19:46:02,696 [grpc-default-executor-1] INFO  server.RaftServer$Division (ServerState.java:setLeader(272)) - omNode-3@group-C0483FFA3DBE: change Leader from omNode-1 to null at term 2 for updateCurrentTerm
2025-07-15 19:46:02,696 [omNode-3@group-C0483FFA3DBE-FollowerState] INFO  impl.FollowerState (FollowerState.java:runImpl(170)) - omNode-3@group-C0483FFA3DBE-FollowerState was interrupted
2025-07-15 19:46:02,696 [grpc-default-executor-1] INFO  impl.RoleInfo (RoleInfo.java:updateAndGet(148)) - omNode-3: start omNode-3@group-C0483FFA3DBE-FollowerState
2025-07-15 19:46:02,697 [grpc-default-executor-0] INFO  server.RaftServer$Division (RaftServerImpl.java:requestVote(1421)) - omNode-1@group-C0483FFA3DBE: receive requestVote(ELECTION, omNode-2, group-C0483FFA3DBE, 2, (t:1, i:172))
2025-07-15 19:46:02,697 [grpc-default-executor-0] INFO  impl.VoteContext (VoteContext.java:log(49)) - omNode-1@group-C0483FFA3DBE-FOLLOWER: accept ELECTION from omNode-2: our priority 0 <= candidate's priority 0
2025-07-15 19:46:02,697 [grpc-default-executor-0] INFO  server.RaftServer$Division (RaftServerImpl.java:setRole(392)) - omNode-1@group-C0483FFA3DBE: changes role from  FOLLOWER to FOLLOWER at term 1 for candidate:omNode-2
2025-07-15 19:46:02,697 [grpc-default-executor-0] INFO  impl.RoleInfo (RoleInfo.java:shutdownFollowerState(121)) - omNode-1: shutdown omNode-1@group-C0483FFA3DBE-FollowerState
2025-07-15 19:46:02,697 [grpc-default-executor-0] INFO  impl.RoleInfo (RoleInfo.java:updateAndGet(148)) - omNode-1: start omNode-1@group-C0483FFA3DBE-FollowerState
2025-07-15 19:46:02,698 [omNode-1@group-C0483FFA3DBE-FollowerState] INFO  impl.FollowerState (FollowerState.java:runImpl(170)) - omNode-1@group-C0483FFA3DBE-FollowerState was interrupted
2025-07-15 19:46:02,698 [omNode-1@group-C0483FFA3DBE-FollowerState] INFO  server.RaftServerConfigKeys (ConfUtils.java:logFallback(69)) - raft.server.rpc.first-election.timeout.min = 1s (fallback to raft.server.rpc.timeout.min)
2025-07-15 19:46:02,698 [grpc-default-executor-0] INFO  server.RaftServer$Division (RaftServerImpl.java:setFirstElection(576)) - omNode-1@group-C0483FFA3DBE: set firstElectionSinceStartup to false for candidate:omNode-2
2025-07-15 19:46:02,699 [omNode-1@group-C0483FFA3DBE-FollowerState] INFO  server.RaftServerConfigKeys (ConfUtils.java:logFallback(69)) - raft.server.rpc.first-election.timeout.max = 1200ms (fallback to raft.server.rpc.timeout.max)
2025-07-15 19:46:02,699 [grpc-default-executor-1] INFO  server.RaftServer$Division (RaftServerImpl.java:requestVote(1455)) - omNode-3@group-C0483FFA3DBE replies to ELECTION vote request: omNode-2<-omNode-3#0:OK-t2-last:(t:1, i:172). Peer's state: omNode-3@group-C0483FFA3DBE:t2, leader=null, voted=omNode-2, raftlog=Memoized:omNode-3@group-C0483FFA3DBE-SegmentedRaftLog:OPENED:c171:last(t:1, i:172), conf=conf: {index: 0, cur=peers:[omNode-3|localhost:15017, omNode-1|localhost:15009, omNode-2|localhost:15013]|listeners:[], old=null}
2025-07-15 19:46:02,700 [grpc-default-executor-0] INFO  server.RaftServer$Division (RaftServerImpl.java:requestVote(1455)) - omNode-1@group-C0483FFA3DBE replies to ELECTION vote request: omNode-2<-omNode-1#0:OK-t2-last:(t:1, i:172). Peer's state: omNode-1@group-C0483FFA3DBE:t2, leader=null, voted=omNode-2, raftlog=Memoized:omNode-1@group-C0483FFA3DBE-SegmentedRaftLog:OPENED:c172:last(t:1, i:172), conf=conf: {index: 0, cur=peers:[omNode-3|localhost:15017, omNode-1|localhost:15009, omNode-2|localhost:15013]|listeners:[], old=null}
2025-07-15 19:46:02,701 [omNode-2@group-C0483FFA3DBE-LeaderElection10] INFO  impl.LeaderElection (LeaderElection.java:logAndReturn(206)) - omNode-2@group-C0483FFA3DBE-LeaderElection10: ELECTION PASSED received 1 response(s) and 0 exception(s):
2025-07-15 19:46:02,701 [omNode-2@group-C0483FFA3DBE-LeaderElection10] INFO  impl.LeaderElection (LeaderElection.java:logAndReturn(210)) -   Response 0: omNode-2<-omNode-3#0:OK-t2-last:(t:1, i:172)
2025-07-15 19:46:02,701 [omNode-2@group-C0483FFA3DBE-LeaderElection10] INFO  impl.LeaderElection (LeaderElection.java:askForVotes(450)) - omNode-2@group-C0483FFA3DBE-LeaderElection10 ELECTION round 0: result PASSED
2025-07-15 19:46:02,701 [omNode-2@group-C0483FFA3DBE-LeaderElection10] INFO  impl.RoleInfo (RoleInfo.java:shutdownLeaderElection(141)) - omNode-2: shutdown omNode-2@group-C0483FFA3DBE-LeaderElection10
2025-07-15 19:46:02,701 [omNode-2@group-C0483FFA3DBE-LeaderElection10] INFO  server.RaftServer$Division (RaftServerImpl.java:setRole(392)) - omNode-2@group-C0483FFA3DBE: changes role from CANDIDATE to LEADER at term 2 for changeToLeader
2025-07-15 19:46:02,701 [omNode-2@group-C0483FFA3DBE-LeaderElection10] INFO  server.RaftServerConfigKeys (ConfUtils.java:logFallback(69)) - raft.server.staging.timeout = 3600ms (fallback to raft.server.rpc.timeout.max)
2025-07-15 19:46:02,701 [omNode-2@group-C0483FFA3DBE-LeaderElection10] INFO  server.RaftServerConfigKeys (ConfUtils.java:logGet(62)) - raft.server.write.element-limit = 4096 (default)
2025-07-15 19:46:02,701 [omNode-2@group-C0483FFA3DBE-LeaderElection10] INFO  server.RaftServerConfigKeys (ConfUtils.java:logGet(62)) - raft.server.write.byte-limit = 64MB (=67108864) (default)
2025-07-15 19:46:02,702 [omNode-2@group-C0483FFA3DBE-LeaderElection10] INFO  server.RaftServerConfigKeys (ConfUtils.java:logGet(62)) - raft.server.watch.timeout = 10s (default)
2025-07-15 19:46:02,702 [omNode-2@group-C0483FFA3DBE-LeaderElection10] INFO  server.RaftServerConfigKeys (ConfUtils.java:logGet(62)) - raft.server.log.log-metadata.enabled = false (custom)
2025-07-15 19:46:02,702 [omNode-2@group-C0483FFA3DBE-LeaderElection10] INFO  server.RaftServerConfigKeys (ConfUtils.java:logGet(62)) - raft.server.log.appender.buffer.byte-limit = 4194304 (custom)
2025-07-15 19:46:02,704 [omNode-2@group-C0483FFA3DBE-LeaderElection10] INFO  server.RaftServerConfigKeys (ConfUtils.java:logGet(62)) - raft.server.log.appender.buffer.byte-limit = 4194304 (custom)
2025-07-15 19:46:02,704 [omNode-2@group-C0483FFA3DBE-LeaderElection10] INFO  impl.RoleInfo (RoleInfo.java:updateAndGet(148)) - omNode-2: start omNode-2@group-C0483FFA3DBE-LeaderStateImpl
2025-07-15 19:46:02,704 [omNode-2@group-C0483FFA3DBE-LeaderElection10] INFO  ratis.OzoneManagerStateMachine (OzoneManagerStateMachine.java:notifyLeaderChanged(174)) - omNode-2@group-C0483FFA3DBE: leader changed to omNode-2
2025-07-15 19:46:02,704 [omNode-2@group-C0483FFA3DBE-LeaderElection10] INFO  server.RaftServer$Division (ServerState.java:setLeader(272)) - omNode-2@group-C0483FFA3DBE: change Leader from null to omNode-2 at term 2 for becomeLeader, leader elected after 22ms
2025-07-15 19:46:02,705 [omNode-2@group-C0483FFA3DBE-LeaderElection10] INFO  segmented.SegmentedRaftLogWorker (SegmentedRaftLogWorker.java:rollLogSegment(445)) - omNode-2@group-C0483FFA3DBE-SegmentedRaftLogWorker: Rolling segment log-0_172 to index:172
2025-07-15 19:46:02,705 [omNode-2@group-C0483FFA3DBE-LeaderElection10] INFO  server.RaftServer$Division (ServerState.java:setRaftConf(386)) - omNode-2@group-C0483FFA3DBE: set configuration conf: {index: 173, cur=peers:[omNode-3|localhost:15017, omNode-1|localhost:15009, omNode-2|localhost:15013]|listeners:[], old=null}
2025-07-15 19:46:02,707 [omNode-2@group-C0483FFA3DBE-SegmentedRaftLogWorker] INFO  segmented.SegmentedRaftLogWorker (SegmentedRaftLogWorker.java:execute(604)) - omNode-2@group-C0483FFA3DBE-SegmentedRaftLogWorker: Rolled log segment from /home/runner/work/ozone/ozone/hadoop-ozone/integration-test/target/test-dir/MiniOzoneClusterImpl-0e8a6840-8092-433d-9bbe-2fd65d18bfc8/omNode-2/ratis/3bf88a72-722a-315e-b909-c0483ffa3dbe/current/log_inprogress_0 to /home/runner/work/ozone/ozone/hadoop-ozone/integration-test/target/test-dir/MiniOzoneClusterImpl-0e8a6840-8092-433d-9bbe-2fd65d18bfc8/omNode-2/ratis/3bf88a72-722a-315e-b909-c0483ffa3dbe/current/log_0-172
2025-07-15 19:46:02,708 [omNode-2@group-C0483FFA3DBE-SegmentedRaftLogWorker] INFO  segmented.BufferedWriteChannel (BufferedWriteChannel.java:open(61)) - open log_inprogress_173 at position 0
2025-07-15 19:46:02,715 [grpc-default-executor-5] INFO  ratis.OzoneManagerStateMachine (OzoneManagerStateMachine.java:notifyLeaderChanged(174)) - omNode-1@group-C0483FFA3DBE: leader changed to omNode-2
2025-07-15 19:46:02,715 [grpc-default-executor-5] INFO  server.RaftServer$Division (ServerState.java:setLeader(272)) - omNode-1@group-C0483FFA3DBE: change Leader from null to omNode-2 at term 2 for appendEntries, leader elected after 819ms
2025-07-15 19:46:02,716 [grpc-default-executor-1] INFO  ratis.OzoneManagerStateMachine (OzoneManagerStateMachine.java:notifyLeaderChanged(174)) - omNode-3@group-C0483FFA3DBE: leader changed to omNode-2
2025-07-15 19:46:02,716 [grpc-default-executor-1] INFO  server.RaftServer$Division (ServerState.java:setLeader(272)) - omNode-3@group-C0483FFA3DBE: change Leader from null to omNode-2 at term 2 for appendEntries, leader elected after 19ms
2025-07-15 19:46:02,717 [grpc-default-executor-1] INFO  server.RaftServer$Division (ServerState.java:setRaftConf(386)) - omNode-1@group-C0483FFA3DBE: set configuration conf: {index: 173, cur=peers:[omNode-3|localhost:15017, omNode-1|localhost:15009, omNode-2|localhost:15013]|listeners:[], old=null}
2025-07-15 19:46:02,718 [grpc-default-executor-2] INFO  server.RaftServer$Division (ServerState.java:setRaftConf(386)) - omNode-3@group-C0483FFA3DBE: set configuration conf: {index: 173, cur=peers:[omNode-3|localhost:15017, omNode-1|localhost:15009, omNode-2|localhost:15013]|listeners:[], old=null}
2025-07-15 19:46:02,718 [grpc-default-executor-2] INFO  segmented.SegmentedRaftLogWorker (SegmentedRaftLogWorker.java:rollLogSegment(445)) - omNode-3@group-C0483FFA3DBE-SegmentedRaftLogWorker: Rolling segment log-0_172 to index:172
2025-07-15 19:46:02,719 [grpc-default-executor-1] INFO  segmented.SegmentedRaftLogWorker (SegmentedRaftLogWorker.java:rollLogSegment(445)) - omNode-1@group-C0483FFA3DBE-SegmentedRaftLogWorker: Rolling segment log-0_172 to index:172
2025-07-15 19:46:02,721 [omNode-2@group-C0483FFA3DBE-SegmentedRaftLogWorker] INFO  segmented.SegmentedRaftLogWorker (SegmentedRaftLogWorker.java:execute(647)) - omNode-2@group-C0483FFA3DBE-SegmentedRaftLogWorker: created new log segment /home/runner/work/ozone/ozone/hadoop-ozone/integration-test/target/test-dir/MiniOzoneClusterImpl-0e8a6840-8092-433d-9bbe-2fd65d18bfc8/omNode-2/ratis/3bf88a72-722a-315e-b909-c0483ffa3dbe/current/log_inprogress_173
2025-07-15 19:46:02,721 [omNode-1@group-C0483FFA3DBE-SegmentedRaftLogWorker] INFO  segmented.SegmentedRaftLogWorker (SegmentedRaftLogWorker.java:execute(604)) - omNode-1@group-C0483FFA3DBE-SegmentedRaftLogWorker: Rolled log segment from /home/runner/work/ozone/ozone/hadoop-ozone/integration-test/target/test-dir/MiniOzoneClusterImpl-0e8a6840-8092-433d-9bbe-2fd65d18bfc8/omNode-1/ratis/3bf88a72-722a-315e-b909-c0483ffa3dbe/current/log_inprogress_0 to /home/runner/work/ozone/ozone/hadoop-ozone/integration-test/target/test-dir/MiniOzoneClusterImpl-0e8a6840-8092-433d-9bbe-2fd65d18bfc8/omNode-1/ratis/3bf88a72-722a-315e-b909-c0483ffa3dbe/current/log_0-172
2025-07-15 19:46:02,722 [omNode-1@group-C0483FFA3DBE-SegmentedRaftLogWorker] INFO  segmented.BufferedWriteChannel (BufferedWriteChannel.java:open(61)) - open log_inprogress_173 at position 0
2025-07-15 19:46:02,722 [omNode-3@group-C0483FFA3DBE-SegmentedRaftLogWorker] INFO  segmented.SegmentedRaftLogWorker (SegmentedRaftLogWorker.java:execute(604)) - omNode-3@group-C0483FFA3DBE-SegmentedRaftLogWorker: Rolled log segment from /home/runner/work/ozone/ozone/hadoop-ozone/integration-test/target/test-dir/MiniOzoneClusterImpl-0e8a6840-8092-433d-9bbe-2fd65d18bfc8/omNode-3/ratis/3bf88a72-722a-315e-b909-c0483ffa3dbe/current/log_inprogress_0 to /home/runner/work/ozone/ozone/hadoop-ozone/integration-test/target/test-dir/MiniOzoneClusterImpl-0e8a6840-8092-433d-9bbe-2fd65d18bfc8/omNode-3/ratis/3bf88a72-722a-315e-b909-c0483ffa3dbe/current/log_0-172
2025-07-15 19:46:02,722 [omNode-3@group-C0483FFA3DBE-SegmentedRaftLogWorker] INFO  segmented.BufferedWriteChannel (BufferedWriteChannel.java:open(61)) - open log_inprogress_173 at position 0
2025-07-15 19:46:02,735 [omNode-1@group-C0483FFA3DBE-SegmentedRaftLogWorker] INFO  segmented.SegmentedRaftLogWorker (SegmentedRaftLogWorker.java:execute(647)) - omNode-1@group-C0483FFA3DBE-SegmentedRaftLogWorker: created new log segment /home/runner/work/ozone/ozone/hadoop-ozone/integration-test/target/test-dir/MiniOzoneClusterImpl-0e8a6840-8092-433d-9bbe-2fd65d18bfc8/omNode-1/ratis/3bf88a72-722a-315e-b909-c0483ffa3dbe/current/log_inprogress_173
2025-07-15 19:46:02,736 [omNode-3@group-C0483FFA3DBE-SegmentedRaftLogWorker] INFO  segmented.SegmentedRaftLogWorker (SegmentedRaftLogWorker.java:execute(647)) - omNode-3@group-C0483FFA3DBE-SegmentedRaftLogWorker: created new log segment /home/runner/work/ozone/ozone/hadoop-ozone/integration-test/target/test-dir/MiniOzoneClusterImpl-0e8a6840-8092-433d-9bbe-2fd65d18bfc8/omNode-3/ratis/3bf88a72-722a-315e-b909-c0483ffa3dbe/current/log_inprogress_173
2025-07-15 19:46:02,742 [omNode-2@group-C0483FFA3DBE-StateMachineUpdater] INFO  ratis.OzoneManagerStateMachine (OzoneManagerStateMachine.java:notifyConfigurationChanged(236)) - notifyConfigurationChanged from Ratis: term=2, index=173, New Peer list: omNode-3(localhost:15017), omNode-1(localhost:15009), omNode-2(localhost:15013)
2025-07-15 19:46:02,742 [omNode-2@group-C0483FFA3DBE-StateMachineUpdater] INFO  server.RaftServer$Division (LeaderStateImpl.java:checkStartIndex(309)) - Leader omNode-2@group-C0483FFA3DBE-LeaderStateImpl is ready since appliedIndex == startIndex == 173
2025-07-15 19:46:02,759 [main] INFO  retry.RetryInvocationHandler (RetryInvocationHandler.java:log(426)) - com.google.protobuf.ServiceException: java.io.EOFException: End of File Exception between local host is: "localhost/127.0.0.1"; destination host is: "localhost":15006; : java.io.EOFException; For more details see:  http://wiki.apache.org/hadoop/EOFException, while invoking $Proxy60.submitRequest over nodeId=omNode-1,nodeAddress=127.0.0.1:15006. Trying to failover immediately. Current retry count: 0.
2025-07-15 19:46:02,769 [omNode-1@group-C0483FFA3DBE-StateMachineUpdater] INFO  ratis.OzoneManagerStateMachine (OzoneManagerStateMachine.java:notifyConfigurationChanged(236)) - notifyConfigurationChanged from Ratis: term=2, index=173, New Peer list: omNode-3(localhost:15017), omNode-1(localhost:15009), omNode-2(localhost:15013)
2025-07-15 19:46:02,769 [omNode-3@group-C0483FFA3DBE-StateMachineUpdater] INFO  ratis.OzoneManagerStateMachine (OzoneManagerStateMachine.java:notifyConfigurationChanged(236)) - notifyConfigurationChanged from Ratis: term=2, index=173, New Peer list: omNode-3(localhost:15017), omNode-1(localhost:15009), omNode-2(localhost:15013)
2025-07-15 19:46:02,773 [omNode-2-OMStateMachineApplyTransactionThread - 0] INFO  snapshot.OMSnapshotCreateRequest (OMSnapshotCreateRequest.java:validateAndUpdateCache(226)) - Created snapshot: 'snapshot-0117100500' with snapshotId: '337e8bf9-e68a-4792-84a2-6b53883663b3' under path 'volume62899/bucket22342'
2025-07-15 19:46:02,777 [omNode-2-OMStateMachineApplyTransactionThread - 0] INFO  snapshot.OMSnapshotDeleteRequest (OMSnapshotDeleteRequest.java:validateAndUpdateCache(229)) - Deleted snapshot 'snapshot-6986541493' under path 'volume45943/bucket86319'
2025-07-15 19:46:02,784 [omNode-2-OMStateMachineApplyTransactionThread - 0] INFO  snapshot.OMSnapshotDeleteRequest (OMSnapshotDeleteRequest.java:validateAndUpdateCache(229)) - Deleted snapshot 'snapshot-9669997971' under path 'volume88620/bucket70916'
2025-07-15 19:46:02,789 [omNode-1-OMStateMachineApplyTransactionThread - 0] INFO  snapshot.OMSnapshotDeleteRequest (OMSnapshotDeleteRequest.java:validateAndUpdateCache(229)) - Deleted snapshot 'snapshot-6986541493' under path 'volume45943/bucket86319'
2025-07-15 19:46:02,792 [omNode-1-OMStateMachineApplyTransactionThread - 0] INFO  snapshot.OMSnapshotDeleteRequest (OMSnapshotDeleteRequest.java:validateAndUpdateCache(229)) - Deleted snapshot 'snapshot-9669997971' under path 'volume88620/bucket70916'
2025-07-15 19:46:02,793 [omNode-2-OMStateMachineApplyTransactionThread - 0] INFO  snapshot.OMSnapshotDeleteRequest (OMSnapshotDeleteRequest.java:validateAndUpdateCache(229)) - Deleted snapshot 'snapshot-7608072592' under path 'volume38661/bucket53271'
2025-07-15 19:46:02,798 [omNode-2-OMStateMachineApplyTransactionThread - 0] INFO  snapshot.OMSnapshotDeleteRequest (OMSnapshotDeleteRequest.java:validateAndUpdateCache(229)) - Deleted snapshot 'snapshot-1112420154' under path 'volume93011/bucket10902'
2025-07-15 19:46:02,799 [omNode-1-OMStateMachineApplyTransactionThread - 0] INFO  snapshot.OMSnapshotDeleteRequest (OMSnapshotDeleteRequest.java:validateAndUpdateCache(229)) - Deleted snapshot 'snapshot-7608072592' under path 'volume38661/bucket53271'
2025-07-15 19:46:02,800 [omNode-3-OMStateMachineApplyTransactionThread - 0] INFO  snapshot.OMSnapshotCreateRequest (OMSnapshotCreateRequest.java:validateAndUpdateCache(226)) - Created snapshot: 'snapshot-0117100500' with snapshotId: '337e8bf9-e68a-4792-84a2-6b53883663b3' under path 'volume62899/bucket22342'
2025-07-15 19:46:02,801 [omNode-3-OMStateMachineApplyTransactionThread - 0] INFO  snapshot.OMSnapshotDeleteRequest (OMSnapshotDeleteRequest.java:validateAndUpdateCache(229)) - Deleted snapshot 'snapshot-6986541493' under path 'volume45943/bucket86319'
2025-07-15 19:46:02,801 [omNode-3-OMStateMachineApplyTransactionThread - 0] INFO  snapshot.OMSnapshotDeleteRequest (OMSnapshotDeleteRequest.java:validateAndUpdateCache(229)) - Deleted snapshot 'snapshot-9669997971' under path 'volume88620/bucket70916'
2025-07-15 19:46:02,801 [omNode-3-OMStateMachineApplyTransactionThread - 0] INFO  snapshot.OMSnapshotDeleteRequest (OMSnapshotDeleteRequest.java:validateAndUpdateCache(229)) - Deleted snapshot 'snapshot-7608072592' under path 'volume38661/bucket53271'
2025-07-15 19:46:02,803 [omNode-3-OMStateMachineApplyTransactionThread - 0] INFO  snapshot.OMSnapshotDeleteRequest (OMSnapshotDeleteRequest.java:validateAndUpdateCache(229)) - Deleted snapshot 'snapshot-1112420154' under path 'volume93011/bucket10902'
2025-07-15 19:46:02,803 [omNode-1-OMStateMachineApplyTransactionThread - 0] INFO  snapshot.OMSnapshotDeleteRequest (OMSnapshotDeleteRequest.java:validateAndUpdateCache(229)) - Deleted snapshot 'snapshot-1112420154' under path 'volume93011/bucket10902'
2025-07-15 19:46:02,805 [omNode-2-OMStateMachineApplyTransactionThread - 0] INFO  snapshot.OMSnapshotDeleteRequest (OMSnapshotDeleteRequest.java:validateAndUpdateCache(229)) - Deleted snapshot 'snapshot-8224031705' under path 'volume65185/bucket38537'
2025-07-15 19:46:02,812 [omNode-3-OMStateMachineApplyTransactionThread - 0] INFO  snapshot.OMSnapshotDeleteRequest (OMSnapshotDeleteRequest.java:validateAndUpdateCache(229)) - Deleted snapshot 'snapshot-8224031705' under path 'volume65185/bucket38537'
2025-07-15 19:46:02,813 [omNode-2-OMStateMachineApplyTransactionThread - 0] INFO  snapshot.OMSnapshotDeleteRequest (OMSnapshotDeleteRequest.java:validateAndUpdateCache(229)) - Deleted snapshot 'snapshot-6187281517' under path 'volume25061/bucket95366'
2025-07-15 19:46:02,813 [omNode-1-OMStateMachineApplyTransactionThread - 0] INFO  snapshot.OMSnapshotDeleteRequest (OMSnapshotDeleteRequest.java:validateAndUpdateCache(229)) - Deleted snapshot 'snapshot-8224031705' under path 'volume65185/bucket38537'
2025-07-15 19:46:02,817 [omNode-3-OMStateMachineApplyTransactionThread - 0] INFO  snapshot.OMSnapshotDeleteRequest (OMSnapshotDeleteRequest.java:validateAndUpdateCache(229)) - Deleted snapshot 'snapshot-6187281517' under path 'volume25061/bucket95366'
2025-07-15 19:46:02,817 [omNode-1-OMStateMachineApplyTransactionThread - 0] INFO  snapshot.OMSnapshotDeleteRequest (OMSnapshotDeleteRequest.java:validateAndUpdateCache(229)) - Deleted snapshot 'snapshot-6187281517' under path 'volume25061/bucket95366'
2025-07-15 19:46:02,817 [omNode-2-OMStateMachineApplyTransactionThread - 0] INFO  snapshot.OMSnapshotDeleteRequest (OMSnapshotDeleteRequest.java:validateAndUpdateCache(229)) - Deleted snapshot 'snapshot-0868064497' under path 'volume50885/bucket67782'
2025-07-15 19:46:02,822 [omNode-3-OMStateMachineApplyTransactionThread - 0] INFO  snapshot.OMSnapshotDeleteRequest (OMSnapshotDeleteRequest.java:validateAndUpdateCache(229)) - Deleted snapshot 'snapshot-0868064497' under path 'volume50885/bucket67782'
2025-07-15 19:46:02,823 [omNode-1-OMStateMachineApplyTransactionThread - 0] INFO  snapshot.OMSnapshotDeleteRequest (OMSnapshotDeleteRequest.java:validateAndUpdateCache(229)) - Deleted snapshot 'snapshot-0868064497' under path 'volume50885/bucket67782'
2025-07-15 19:46:02,824 [omNode-2-OMStateMachineApplyTransactionThread - 0] INFO  snapshot.OMSnapshotDeleteRequest (OMSnapshotDeleteRequest.java:validateAndUpdateCache(229)) - Deleted snapshot 'snapshot-7223314152' under path 'volume44784/bucket19548'
2025-07-15 19:46:02,833 [Thread-12909] INFO  rocksdiff.RocksDBCheckpointDiffer (RocksDBCheckpointDiffer.java:shouldSkipCompaction(440)) - Skipped the compaction entry. Compaction input files: [/home/runner/work/ozone/ozone/hadoop-ozone/integration-test/target/test-dir/MiniOzoneClusterImpl-0e8a6840-8092-433d-9bbe-2fd65d18bfc8/omNode-2/om.db/000355.sst] and output files: [/home/runner/work/ozone/ozone/hadoop-ozone/integration-test/target/test-dir/MiniOzoneClusterImpl-0e8a6840-8092-433d-9bbe-2fd65d18bfc8/omNode-2/om.db/000355.sst] are same.
2025-07-15 19:46:02,834 [omNode-3-OMStateMachineApplyTransactionThread - 0] INFO  snapshot.OMSnapshotDeleteRequest (OMSnapshotDeleteRequest.java:validateAndUpdateCache(229)) - Deleted snapshot 'snapshot-7223314152' under path 'volume44784/bucket19548'
2025-07-15 19:46:02,835 [omNode-2-OMStateMachineApplyTransactionThread - 0] INFO  snapshot.OMSnapshotDeleteRequest (OMSnapshotDeleteRequest.java:validateAndUpdateCache(229)) - Deleted snapshot 'snapshot-0855577529' under path 'volume89380/bucket70530'
2025-07-15 19:46:02,837 [omNode-1-OMStateMachineApplyTransactionThread - 0] INFO  snapshot.OMSnapshotDeleteRequest (OMSnapshotDeleteRequest.java:validateAndUpdateCache(229)) - Deleted snapshot 'snapshot-7223314152' under path 'volume44784/bucket19548'
2025-07-15 19:46:02,841 [omNode-1-OMStateMachineApplyTransactionThread - 0] INFO  snapshot.OMSnapshotDeleteRequest (OMSnapshotDeleteRequest.java:validateAndUpdateCache(229)) - Deleted snapshot 'snapshot-0855577529' under path 'volume89380/bucket70530'
2025-07-15 19:46:02,841 [omNode-2-OMStateMachineApplyTransactionThread - 0] INFO  snapshot.OMSnapshotDeleteRequest (OMSnapshotDeleteRequest.java:validateAndUpdateCache(229)) - Deleted snapshot 'snapshot-9217881876' under path 'volume62899/bucket22342'
2025-07-15 19:46:02,843 [omNode-3-OMStateMachineApplyTransactionThread - 0] INFO  snapshot.OMSnapshotDeleteRequest (OMSnapshotDeleteRequest.java:validateAndUpdateCache(229)) - Deleted snapshot 'snapshot-0855577529' under path 'volume89380/bucket70530'
2025-07-15 19:46:02,844 [main] INFO  ozone.MiniOzoneHAClusterImpl (MiniOzoneHAClusterImpl.java:shutdownOzoneManager(214)) - Shutting down OzoneManager omNode-2
2025-07-15 19:46:02,844 [main] INFO  om.OzoneManager (OzoneManager.java:stop(2380)) - omNode-2[localhost:15010]: Stopping Ozone Manager
2025-07-15 19:46:02,844 [main] INFO  ipc.Server (Server.java:stop(3697)) - Stopping server on 15010
2025-07-15 19:46:02,844 [omNode-2-OMDoubleBufferFlushThread] INFO  db.RDBCheckpointManager (RDBCheckpointManager.java:createCheckpoint(87)) - Created checkpoint in rocksDB at /home/runner/work/ozone/ozone/hadoop-ozone/integration-test/target/test-dir/MiniOzoneClusterImpl-0e8a6840-8092-433d-9bbe-2fd65d18bfc8/omNode-2/db.snapshots/checkpointState/om.db-337e8bf9-e68a-4792-84a2-6b53883663b3 in 67 milliseconds
2025-07-15 19:46:02,845 [omNode-2-OMDoubleBufferFlushThread] INFO  om.OmSnapshotManager (OmSnapshotManager.java:createOmSnapshotCheckpoint(503)) - Created checkpoint : /home/runner/work/ozone/ozone/hadoop-ozone/integration-test/target/test-dir/MiniOzoneClusterImpl-0e8a6840-8092-433d-9bbe-2fd65d18bfc8/omNode-2/db.snapshots/checkpointState/om.db-337e8bf9-e68a-4792-84a2-6b53883663b3 for snapshot snapshot-0117100500
2025-07-15 19:46:02,852 [IPC Server listener on 15010] INFO  ipc.Server (Server.java:run(1585)) - Stopping IPC Server listener on 15010
2025-07-15 19:46:02,852 [IPC Server Responder] INFO  ipc.Server (Server.java:run(1718)) - Stopping IPC Server Responder
2025-07-15 19:46:02,852 [main] INFO  ratis.OzoneManagerRatisServer (OzoneManagerRatisServer.java:stop(634)) - Stopping org.apache.hadoop.ozone.om.ratis.OzoneManagerRatisServer@1f05158e at port 15013
2025-07-15 19:46:02,852 [main] INFO  server.RaftServer (RaftServerProxy.java:lambda$close$9(422)) - omNode-2: close
2025-07-15 19:46:02,853 [main] INFO  server.GrpcServicesImpl (GrpcServicesImpl.java:closeImpl(355)) - omNode-2: shutdown server GrpcServerProtocolService now
2025-07-15 19:46:02,854 [omNode-2-impl-thread1] INFO  server.RaftServer$Division (RaftServerImpl.java:lambda$close$1(527)) - omNode-2@group-C0483FFA3DBE: shutdown
2025-07-15 19:46:02,854 [omNode-2-impl-thread1] INFO  util.JmxRegister (JmxRegister.java:unregister(74)) - Successfully un-registered JMX Bean with object name Ratis:service=RaftServer,group=group-C0483FFA3DBE,id=omNode-2
2025-07-15 19:46:02,854 [omNode-2-impl-thread1] INFO  impl.RoleInfo (RoleInfo.java:shutdownLeaderState(103)) - omNode-2: shutdown omNode-2@group-C0483FFA3DBE-LeaderStateImpl
2025-07-15 19:46:02,854 [omNode-2-impl-thread1] INFO  impl.PendingRequests (PendingRequests.java:sendNotLeaderResponses(287)) - omNode-2@group-C0483FFA3DBE-PendingRequests: sendNotLeaderResponses
2025-07-15 19:46:02,855 [omNode-2@group-C0483FFA3DBE->omNode-1-GrpcLogAppender-LogAppenderDaemon] WARN  server.GrpcLogAppender (GrpcLogAppender.java:mayWait(300)) - omNode-2@group-C0483FFA3DBE->omNode-1-GrpcLogAppender: Wait interrupted by java.lang.InterruptedException
2025-07-15 19:46:02,855 [omNode-2@group-C0483FFA3DBE->omNode-3-GrpcLogAppender-LogAppenderDaemon] WARN  server.GrpcLogAppender (GrpcLogAppender.java:mayWait(300)) - omNode-2@group-C0483FFA3DBE->omNode-3-GrpcLogAppender: Wait interrupted by java.lang.InterruptedException
2025-07-15 19:46:02,856 [grpc-default-executor-2] INFO  server.GrpcServerProtocolService (GrpcServerProtocolService.java:lambda$onCompleted$6(171)) - omNode-1: Completed APPEND_ENTRIES, lastRequest: omNode-2->omNode-1#39-t2,previous=(t:2, i:182),leaderCommit=182,initializing? false,entries: size=1, first=(t:2, i:183), STATEMACHINELOGENTRY, WRITE: logData.size=120, stateMachineData.size=0, logEntryProtoSerializedSize=0 
2025-07-15 19:46:02,856 [grpc-default-executor-2] INFO  server.GrpcServerProtocolService (GrpcServerProtocolService.java:lambda$null$7(175)) - omNode-1: Completed APPEND_ENTRIES, lastReply: null 
2025-07-15 19:46:02,857 [grpc-default-executor-1] INFO  server.GrpcLogAppender (GrpcLogAppender.java:onCompleted(558)) - omNode-2@group-C0483FFA3DBE->omNode-1-AppendLogResponseHandler: follower responses appendEntries COMPLETED
2025-07-15 19:46:02,858 [Thread-12938] INFO  server.GrpcServerProtocolClient (GrpcServerProtocolClient.java:close(105)) - omNode-3 Close channels
2025-07-15 19:46:02,858 [grpc-default-executor-4] INFO  server.GrpcLogAppender (GrpcLogAppender.java:onCompleted(558)) - omNode-2@group-C0483FFA3DBE->omNode-3-AppendLogResponseHandler: follower responses appendEntries COMPLETED
2025-07-15 19:46:02,858 [grpc-default-executor-2] INFO  server.GrpcLogAppender (GrpcLogAppender.java:onCompleted(558)) - omNode-2@group-C0483FFA3DBE->omNode-3-AppendLogResponseHandler: follower responses appendEntries COMPLETED
2025-07-15 19:46:02,859 [grpc-default-executor-4] WARN  server.GrpcLogAppender (GrpcLogAppender.java:resetClient(237)) - omNode-2@group-C0483FFA3DBE->omNode-3-GrpcLogAppender: Failed to getClient for omNode-3
org.apache.ratis.protocol.exceptions.AlreadyClosedException: omNode-2 is already CLOSED
	at org.apache.ratis.util.PeerProxyMap$PeerAndProxy.getProxy(PeerProxyMap.java:67)
	at org.apache.ratis.util.PeerProxyMap.getProxy(PeerProxyMap.java:124)
	at org.apache.ratis.grpc.server.GrpcLogAppender.getClient(GrpcLogAppender.java:207)
	at org.apache.ratis.grpc.server.GrpcLogAppender.resetClient(GrpcLogAppender.java:212)
	at org.apache.ratis.grpc.server.GrpcLogAppender.access$800(GrpcLogAppender.java:70)
	at org.apache.ratis.grpc.server.GrpcLogAppender$AppendLogResponseHandler.onCompleted(GrpcLogAppender.java:559)
	at org.apache.ratis.thirdparty.io.grpc.stub.ClientCalls$StreamObserverToCallListenerAdapter.onClose(ClientCalls.java:562)
	at org.apache.ratis.thirdparty.io.grpc.internal.ClientCallImpl.closeObserver(ClientCallImpl.java:565)
	at org.apache.ratis.thirdparty.io.grpc.internal.ClientCallImpl.access$100(ClientCallImpl.java:72)
	at org.apache.ratis.thirdparty.io.grpc.internal.ClientCallImpl$ClientStreamListenerImpl$1StreamClosed.runInternal(ClientCallImpl.java:733)
	at org.apache.ratis.thirdparty.io.grpc.internal.ClientCallImpl$ClientStreamListenerImpl$1StreamClosed.runInContext(ClientCallImpl.java:714)
	at org.apache.ratis.thirdparty.io.grpc.internal.ContextRunnable.run(ContextRunnable.java:37)
	at org.apache.ratis.thirdparty.io.grpc.internal.SerializingExecutor.run(SerializingExecutor.java:133)
	at java.base/java.util.concurrent.ThreadPoolExecutor.runWorker(ThreadPoolExecutor.java:1144)
	at java.base/java.util.concurrent.ThreadPoolExecutor$Worker.run(ThreadPoolExecutor.java:642)
	at java.base/java.lang.Thread.run(Thread.java:1583)
2025-07-15 19:46:02,859 [grpc-default-executor-1] INFO  server.GrpcLogAppender (GrpcLogAppender.java:onCompleted(558)) - omNode-2@group-C0483FFA3DBE->omNode-1-AppendLogResponseHandler: follower responses appendEntries COMPLETED
2025-07-15 19:46:02,862 [grpc-default-executor-1] WARN  server.GrpcLogAppender (GrpcLogAppender.java:resetClient(237)) - omNode-2@group-C0483FFA3DBE->omNode-1-GrpcLogAppender: Failed to getClient for omNode-1
org.apache.ratis.protocol.exceptions.AlreadyClosedException: omNode-2 is already CLOSED
	at org.apache.ratis.util.PeerProxyMap$PeerAndProxy.getProxy(PeerProxyMap.java:67)
	at org.apache.ratis.util.PeerProxyMap.getProxy(PeerProxyMap.java:124)
	at org.apache.ratis.grpc.server.GrpcLogAppender.getClient(GrpcLogAppender.java:207)
	at org.apache.ratis.grpc.server.GrpcLogAppender.resetClient(GrpcLogAppender.java:212)
	at org.apache.ratis.grpc.server.GrpcLogAppender.access$800(GrpcLogAppender.java:70)
	at org.apache.ratis.grpc.server.GrpcLogAppender$AppendLogResponseHandler.onCompleted(GrpcLogAppender.java:559)
	at org.apache.ratis.thirdparty.io.grpc.stub.ClientCalls$StreamObserverToCallListenerAdapter.onClose(ClientCalls.java:562)
	at org.apache.ratis.thirdparty.io.grpc.internal.DelayedClientCall$DelayedListener$3.run(DelayedClientCall.java:489)
	at org.apache.ratis.thirdparty.io.grpc.internal.DelayedClientCall$DelayedListener.delayOrExecute(DelayedClientCall.java:453)
	at org.apache.ratis.thirdparty.io.grpc.internal.DelayedClientCall$DelayedListener.onClose(DelayedClientCall.java:486)
	at org.apache.ratis.thirdparty.io.grpc.internal.ClientCallImpl.closeObserver(ClientCallImpl.java:565)
	at org.apache.ratis.thirdparty.io.grpc.internal.ClientCallImpl.access$100(ClientCallImpl.java:72)
	at org.apache.ratis.thirdparty.io.grpc.internal.ClientCallImpl$ClientStreamListenerImpl$1StreamClosed.runInternal(ClientCallImpl.java:733)
	at org.apache.ratis.thirdparty.io.grpc.internal.ClientCallImpl$ClientStreamListenerImpl$1StreamClosed.runInContext(ClientCallImpl.java:714)
	at org.apache.ratis.thirdparty.io.grpc.internal.ContextRunnable.run(ContextRunnable.java:37)
	at org.apache.ratis.thirdparty.io.grpc.internal.SerializingExecutor.run(SerializingExecutor.java:133)
	at java.base/java.util.concurrent.ThreadPoolExecutor.runWorker(ThreadPoolExecutor.java:1144)
	at java.base/java.util.concurrent.ThreadPoolExecutor$Worker.run(ThreadPoolExecutor.java:642)
	at java.base/java.lang.Thread.run(Thread.java:1583)
2025-07-15 19:46:02,859 [grpc-default-executor-2] WARN  server.GrpcLogAppender (GrpcLogAppender.java:resetClient(237)) - omNode-2@group-C0483FFA3DBE->omNode-3-GrpcLogAppender: Failed to getClient for omNode-3
org.apache.ratis.protocol.exceptions.AlreadyClosedException: omNode-2 is already CLOSED
	at org.apache.ratis.util.PeerProxyMap$PeerAndProxy.getProxy(PeerProxyMap.java:67)
	at org.apache.ratis.util.PeerProxyMap.getProxy(PeerProxyMap.java:124)
	at org.apache.ratis.grpc.server.GrpcLogAppender.getClient(GrpcLogAppender.java:207)
	at org.apache.ratis.grpc.server.GrpcLogAppender.resetClient(GrpcLogAppender.java:212)
	at org.apache.ratis.grpc.server.GrpcLogAppender.access$800(GrpcLogAppender.java:70)
	at org.apache.ratis.grpc.server.GrpcLogAppender$AppendLogResponseHandler.onCompleted(GrpcLogAppender.java:559)
	at org.apache.ratis.thirdparty.io.grpc.stub.ClientCalls$StreamObserverToCallListenerAdapter.onClose(ClientCalls.java:562)
	at org.apache.ratis.thirdparty.io.grpc.internal.DelayedClientCall$DelayedListener$3.run(DelayedClientCall.java:489)
	at org.apache.ratis.thirdparty.io.grpc.internal.DelayedClientCall$DelayedListener.delayOrExecute(DelayedClientCall.java:453)
	at org.apache.ratis.thirdparty.io.grpc.internal.DelayedClientCall$DelayedListener.onClose(DelayedClientCall.java:486)
	at org.apache.ratis.thirdparty.io.grpc.internal.ClientCallImpl.closeObserver(ClientCallImpl.java:565)
	at org.apache.ratis.thirdparty.io.grpc.internal.ClientCallImpl.access$100(ClientCallImpl.java:72)
	at org.apache.ratis.thirdparty.io.grpc.internal.ClientCallImpl$ClientStreamListenerImpl$1StreamClosed.runInternal(ClientCallImpl.java:733)
	at org.apache.ratis.thirdparty.io.grpc.internal.ClientCallImpl$ClientStreamListenerImpl$1StreamClosed.runInContext(ClientCallImpl.java:714)
	at org.apache.ratis.thirdparty.io.grpc.internal.ContextRunnable.run(ContextRunnable.java:37)
	at org.apache.ratis.thirdparty.io.grpc.internal.SerializingExecutor.run(SerializingExecutor.java:133)
	at java.base/java.util.concurrent.ThreadPoolExecutor.runWorker(ThreadPoolExecutor.java:1144)
	at java.base/java.util.concurrent.ThreadPoolExecutor$Worker.run(ThreadPoolExecutor.java:642)
	at java.base/java.lang.Thread.run(Thread.java:1583)
2025-07-15 19:46:02,859 [omNode-2-impl-thread1] INFO  impl.StateMachineUpdater (StateMachineUpdater.java:stopAndJoin(163)) - omNode-2@group-C0483FFA3DBE-StateMachineUpdater: set stopIndex = 183
2025-07-15 19:46:02,862 [Thread-12939] INFO  server.GrpcServerProtocolClient (GrpcServerProtocolClient.java:close(105)) - omNode-1 Close channels
2025-07-15 19:46:02,865 [main] INFO  server.GrpcServicesImpl (GrpcServicesImpl.java:closeImpl(364)) - omNode-2: shutdown server GrpcServerProtocolService successfully
2025-07-15 19:46:02,869 [Thread-12956] INFO  rocksdiff.RocksDBCheckpointDiffer (RocksDBCheckpointDiffer.java:shouldSkipCompaction(440)) - Skipped the compaction entry. Compaction input files: [/home/runner/work/ozone/ozone/hadoop-ozone/integration-test/target/test-dir/MiniOzoneClusterImpl-0e8a6840-8092-433d-9bbe-2fd65d18bfc8/omNode-3/om.db/000355.sst] and output files: [/home/runner/work/ozone/ozone/hadoop-ozone/integration-test/target/test-dir/MiniOzoneClusterImpl-0e8a6840-8092-433d-9bbe-2fd65d18bfc8/omNode-3/om.db/000355.sst] are same.
2025-07-15 19:46:02,877 [omNode-2@group-C0483FFA3DBE-StateMachineUpdater] INFO  ratis.OzoneManagerStateMachine (OzoneManagerStateMachine.java:takeSnapshotImpl(515)) - omNode-2: taking snapshot. applied = (t:2, i:183), skipped = 172, notified = (t:2, i:173), current snapshot index = (t:2, i:183), took 18 ms
2025-07-15 19:46:02,877 [omNode-2@group-C0483FFA3DBE-StateMachineUpdater] INFO  impl.StateMachineUpdater (StateMachineUpdater.java:takeSnapshot(307)) - omNode-2@group-C0483FFA3DBE-StateMachineUpdater: Took a snapshot at index 183
2025-07-15 19:46:02,877 [omNode-2@group-C0483FFA3DBE-StateMachineUpdater] INFO  impl.StateMachineUpdater (StateMachineUpdater.java:lambda$new$0(101)) - omNode-2@group-C0483FFA3DBE-StateMachineUpdater: snapshotIndex: updateIncreasingly -1 -> 183
2025-07-15 19:46:02,877 [omNode-2@group-C0483FFA3DBE-StateMachineUpdater] INFO  impl.StateMachineUpdater (StateMachineUpdater.java:stop(140)) - omNode-2@group-C0483FFA3DBE-StateMachineUpdater: closing OzoneManagerStateMachine, lastApplied=(t:2, i:183)
2025-07-15 19:46:02,877 [omNode-2@group-C0483FFA3DBE-StateMachineUpdater] INFO  ratis.OzoneManagerStateMachine (OzoneManagerStateMachine.java:close(555)) - Stopping OzoneManagerStateMachine:omNode-2:group-C0483FFA3DBE.
2025-07-15 19:46:02,877 [omNode-2@group-C0483FFA3DBE-StateMachineUpdater] INFO  ratis.OzoneManagerDoubleBuffer (OzoneManagerDoubleBuffer.java:stopDaemon(499)) - Stopping OMDoubleBuffer flush thread
2025-07-15 19:46:02,878 [omNode-2-OMDoubleBufferFlushThread] INFO  ratis.OzoneManagerDoubleBuffer (OzoneManagerDoubleBuffer.java:canFlush(558)) - OMDoubleBuffer flush thread omNode-2-OMDoubleBufferFlushThread is interrupted and will exit.
2025-07-15 19:46:02,878 [omNode-2@group-C0483FFA3DBE-cacheEviction-AwaitToRun] INFO  util.AwaitToRun (AwaitToRun.java:run(49)) - omNode-2@group-C0483FFA3DBE-cacheEviction-AwaitToRun-AwaitForSignal is interrupted
2025-07-15 19:46:02,880 [omNode-3-OMDoubleBufferFlushThread] INFO  db.RDBCheckpointManager (RDBCheckpointManager.java:createCheckpoint(87)) - Created checkpoint in rocksDB at /home/runner/work/ozone/ozone/hadoop-ozone/integration-test/target/test-dir/MiniOzoneClusterImpl-0e8a6840-8092-433d-9bbe-2fd65d18bfc8/omNode-3/db.snapshots/checkpointState/om.db-337e8bf9-e68a-4792-84a2-6b53883663b3 in 77 milliseconds
2025-07-15 19:46:02,881 [omNode-3-OMDoubleBufferFlushThread] INFO  om.OmSnapshotManager (OmSnapshotManager.java:createOmSnapshotCheckpoint(503)) - Created checkpoint : /home/runner/work/ozone/ozone/hadoop-ozone/integration-test/target/test-dir/MiniOzoneClusterImpl-0e8a6840-8092-433d-9bbe-2fd65d18bfc8/omNode-3/db.snapshots/checkpointState/om.db-337e8bf9-e68a-4792-84a2-6b53883663b3 for snapshot snapshot-0117100500
2025-07-15 19:46:03,840 [omNode-2-impl-thread1] INFO  segmented.SegmentedRaftLogWorker (SegmentedRaftLogWorker.java:close(254)) - omNode-2@group-C0483FFA3DBE-SegmentedRaftLogWorker close()
2025-07-15 19:46:03,840 [JvmPauseMonitor3] INFO  util.JvmPauseMonitor (JvmPauseMonitor.java:run(152)) - JvmPauseMonitor-omNode-2: Stopped
2025-07-15 19:46:03,840 [main] INFO  utils.BackgroundService (BackgroundService.java:shutdown(178)) - Shutting down service KeyDeletingService
2025-07-15 19:46:03,842 [main] INFO  utils.BackgroundService (BackgroundService.java:shutdown(178)) - Shutting down service DirectoryDeletingService
2025-07-15 19:46:03,843 [main] INFO  utils.BackgroundService (BackgroundService.java:shutdown(178)) - Shutting down service OpenKeyCleanupService
2025-07-15 19:46:03,843 [main] INFO  utils.BackgroundService (BackgroundService.java:shutdown(178)) - Shutting down service SstFilteringService
2025-07-15 19:46:03,844 [main] INFO  utils.BackgroundService (BackgroundService.java:shutdown(178)) - Shutting down service SnapshotDeletingService
2025-07-15 19:46:03,844 [main] INFO  utils.BackgroundService (BackgroundService.java:shutdown(178)) - Shutting down service MultipartUploadCleanupService
2025-07-15 19:46:03,845 [main] INFO  handler.ContextHandler (ContextHandler.java:doStop(1159)) - Stopped o.e.j.w.WebAppContext@258350de{ozoneManager,/,null,STOPPED}{file:/home/runner/work/ozone/ozone/hadoop-ozone/integration-test/target/test-classes/webapps/ozoneManager}
2025-07-15 19:46:03,846 [main] INFO  server.AbstractConnector (AbstractConnector.java:doStop(383)) - Stopped ServerConnector@35e55526{HTTP/1.1, (http/1.1)}{0.0.0.0:15011}
2025-07-15 19:46:03,846 [main] INFO  server.session (HouseKeeper.java:stopScavenging(149)) - node0 Stopped scavenging
2025-07-15 19:46:03,846 [main] INFO  handler.ContextHandler (ContextHandler.java:doStop(1159)) - Stopped o.e.j.s.ServletContextHandler@78aa11f2{static,/static,file:///home/runner/work/ozone/ozone/hadoop-ozone/integration-test/target/test-classes/webapps/static,STOPPED}
2025-07-15 19:46:03,846 [main] INFO  handler.ContextHandler (ContextHandler.java:doStop(1159)) - Stopped o.e.j.s.ServletContextHandler@73226368{logs,/logs,file:///home/runner/work/ozone/ozone/hadoop-ozone/integration-test/target/log,STOPPED}
2025-07-15 19:46:03,848 [main] INFO  rocksdiff.RocksDBCheckpointDiffer (RocksDBCheckpointDiffer.java:close(340)) - Shutting down CompactionDagPruningService.
2025-07-15 19:46:03,851 [main] INFO  snapshot.SnapshotDiffManager (SnapshotDiffManager.java:closeExecutorService(1725)) - Shutting down executorService: 'SnapDiffExecutor'
2025-07-15 19:46:03,851 [main] INFO  utils.BackgroundService (BackgroundService.java:shutdown(178)) - Shutting down service SnapshotDiffCleanupService
2025-07-15 19:46:03,852 [main] INFO  ozone.MiniOzoneHAClusterImpl (MiniOzoneHAClusterImpl.java:restartOzoneManager(221)) - Restarting OzoneManager omNode-2
2025-07-15 19:46:03,852 [main] INFO  om.OzoneManager (OzoneManager.java:restart(1911)) - OzoneManager RPC server is listening at localhost/127.0.0.1:15010
2025-07-15 19:46:03,852 [main] INFO  impl.MetricsSystemImpl (MetricsSystemImpl.java:init(158)) - OzoneManager metrics system started (again)
2025-07-15 19:46:03,867 [main] WARN  server.ServerUtils (ServerUtils.java:getDBPath(292)) - ozone.om.db.dirs is not configured. We recommend adding this setting. Falling back to ozone.metadata.dirs instead.
2025-07-15 19:46:03,946 [main] INFO  om.OzoneManager (OzoneManager.java:instantiateServices(925)) - S3 Multi-Tenancy is disabled
2025-07-15 19:46:03,946 [main] INFO  om.OmSnapshotManager (OmSnapshotManager.java:<init>(190)) - Ozone filesystem snapshot feature is enabled.
2025-07-15 19:46:03,947 [main] WARN  server.ServerUtils (ServerUtils.java:getDBPath(292)) - ozone.om.snapshot.diff.db.dir is not configured. We recommend adding this setting. Falling back to ozone.metadata.dirs instead.
2025-07-15 19:46:03,963 [main] INFO  utils.BackgroundService (BackgroundService.java:start(118)) - Starting service SnapshotDiffCleanupService with interval 60000 milliseconds
2025-07-15 19:46:03,971 [main] INFO  utils.BackgroundService (BackgroundService.java:start(118)) - Starting service KeyDeletingService with interval 1000 milliseconds
2025-07-15 19:46:03,972 [main] INFO  utils.BackgroundService (BackgroundService.java:start(118)) - Starting service DirectoryDeletingService with interval 120000 milliseconds
2025-07-15 19:46:03,973 [main] INFO  utils.BackgroundService (BackgroundService.java:start(118)) - Starting service OpenKeyCleanupService with interval 86400000 milliseconds
2025-07-15 19:46:03,974 [main] INFO  utils.BackgroundService (BackgroundService.java:start(118)) - Starting service SstFilteringService with interval 60000 milliseconds
2025-07-15 19:46:03,975 [main] INFO  utils.BackgroundService (BackgroundService.java:start(118)) - Starting service SnapshotDeletingService with interval 1000 milliseconds
2025-07-15 19:46:03,976 [omNode-2-SstFilteringService#0] WARN  server.ServerUtils (ServerUtils.java:getDBPath(292)) - ozone.om.db.dirs is not configured. We recommend adding this setting. Falling back to ozone.metadata.dirs instead.
2025-07-15 19:46:03,976 [omNode-2-SstFilteringService#0] INFO  snapshot.SnapshotCache (SnapshotCache.java:lambda$2(204)) - Loading SnapshotId: 'c8da47ee-7e59-4340-b08f-c2db3c0d8632'
2025-07-15 19:46:03,977 [omNode-2-SstFilteringService#0] WARN  server.ServerUtils (ServerUtils.java:getDBPath(292)) - ozone.om.db.dirs is not configured. We recommend adding this setting. Falling back to ozone.metadata.dirs instead.
2025-07-15 19:46:03,977 [main] INFO  utils.BackgroundService (BackgroundService.java:start(118)) - Starting service MultipartUploadCleanupService with interval 86400000 milliseconds
2025-07-15 19:46:03,982 [main] WARN  server.ServerUtils (ServerUtils.java:getDefaultRatisDirectory(304)) - Storage directory for Ratis is not configured. It is a good idea to map this to an SSD disk. Falling back to ozone.metadata.dirs
2025-07-15 19:46:03,982 [main] INFO  server.RaftServerConfigKeys (ConfUtils.java:logGet(62)) - raft.server.log.appender.buffer.byte-limit = 4194304 (custom)
2025-07-15 19:46:03,983 [main] INFO  ratis.OzoneManagerRatisServer (OzoneManagerRatisServer.java:<init>(167)) - Instantiating OM Ratis server with groupID: om-service-test and peers: localhost:15013, localhost:15017, localhost:15009
2025-07-15 19:46:03,984 [main] INFO  ratis.OzoneManagerStateMachine (OzoneManagerStateMachine.java:loadSnapshotInfoFromDB(616)) - LastAppliedIndex is set from TransactionInfo from OM DB as (t:2, i:183)
2025-07-15 19:46:03,986 [main] INFO  grpc.GrpcConfigKeys (ConfUtils.java:logFallback(69)) - raft.grpc.admin.host = null (fallback to raft.grpc.server.host)
2025-07-15 19:46:03,986 [main] INFO  grpc.GrpcConfigKeys (ConfUtils.java:logFallback(69)) - raft.grpc.admin.port = 15013 (fallback to raft.grpc.server.port)
2025-07-15 19:46:03,986 [main] INFO  grpc.GrpcConfigKeys (ConfUtils.java:logFallback(69)) - raft.grpc.client.host = null (fallback to raft.grpc.server.host)
2025-07-15 19:46:03,986 [main] INFO  grpc.GrpcConfigKeys (ConfUtils.java:logFallback(69)) - raft.grpc.client.port = 15013 (fallback to raft.grpc.server.port)
2025-07-15 19:46:03,986 [main] INFO  grpc.GrpcConfigKeys (ConfUtils.java:logGet(62)) - raft.grpc.server.port = 15013 (custom)
2025-07-15 19:46:03,986 [main] INFO  server.GrpcServicesImpl (ConfUtils.java:logGet(62)) - raft.grpc.message.size.max = 5242880 (custom)
2025-07-15 19:46:03,986 [main] INFO  server.RaftServerConfigKeys (ConfUtils.java:logGet(62)) - raft.server.log.appender.buffer.byte-limit = 4194304 (custom)
2025-07-15 19:46:03,987 [main] INFO  server.RaftServerConfigKeys (ConfUtils.java:logGet(62)) - raft.server.storage.dir = [/home/runner/work/ozone/ozone/hadoop-ozone/integration-test/target/test-dir/MiniOzoneClusterImpl-0e8a6840-8092-433d-9bbe-2fd65d18bfc8/omNode-2/ratis] (custom)
2025-07-15 19:46:03,988 [omNode-2-impl-thread1] INFO  server.RaftServer (RaftServerProxy.java:initGroupDir(270)) - omNode-2: found a subdirectory /home/runner/work/ozone/ozone/hadoop-ozone/integration-test/target/test-dir/MiniOzoneClusterImpl-0e8a6840-8092-433d-9bbe-2fd65d18bfc8/omNode-2/ratis/3bf88a72-722a-315e-b909-c0483ffa3dbe
2025-07-15 19:46:03,989 [omNode-2-groupManagement] INFO  server.RaftServer$Division (RaftServerImpl.java:<init>(268)) - omNode-2: new RaftServerImpl for group-C0483FFA3DBE:[omNode-3|localhost:15017, omNode-1|localhost:15009, omNode-2|localhost:15013] with OzoneManagerStateMachine:uninitialized
2025-07-15 19:46:03,990 [omNode-2-groupManagement] INFO  server.RaftServer$Division (ServerState.java:<init>(114)) - omNode-2@group-C0483FFA3DBE: ConfigurationManager, init=conf: {index: -1, cur=peers:[omNode-3|localhost:15017, omNode-1|localhost:15009, omNode-2|localhost:15013]|listeners:[], old=null}, confs=<EMPTY_MAP>
2025-07-15 19:46:03,993 [main] INFO  server.RaftServer (RaftServerProxy.java:addNew(105)) - omNode-2: addNew group-C0483FFA3DBE:[omNode-3|localhost:15017, omNode-1|localhost:15009, omNode-2|localhost:15013] returns group-C0483FFA3DBE:java.util.concurrent.CompletableFuture@26a01fca[Not completed]
2025-07-15 19:46:03,993 [main] INFO  om.OzoneManager (OzoneManager.java:initializeRatisServer(2336)) - OzoneManager Ratis server initialized at port 15013
2025-07-15 19:46:03,993 [main] INFO  ratis.OzoneManagerRatisServer (OzoneManagerRatisServer.java:start(628)) - Starting OzoneManagerRatisServer omNode-2 at port 15013
2025-07-15 19:46:03,995 [omNode-2-impl-thread1] INFO  storage.RaftStorageDirectory (RaftStorageDirectoryImpl.java:tryLock(229)) - Lock on /home/runner/work/ozone/ozone/hadoop-ozone/integration-test/target/test-dir/MiniOzoneClusterImpl-0e8a6840-8092-433d-9bbe-2fd65d18bfc8/omNode-2/ratis/3bf88a72-722a-315e-b909-c0483ffa3dbe/in_use.lock acquired by nodename 53370@localhost
2025-07-15 19:46:03,995 [omNode-2-impl-thread1] INFO  storage.RaftStorage (RaftStorageImpl.java:analyzeAndRecoverStorage(118)) - Read RaftStorageMetadata{term=2, votedFor=omNode-2} from /home/runner/work/ozone/ozone/hadoop-ozone/integration-test/target/test-dir/MiniOzoneClusterImpl-0e8a6840-8092-433d-9bbe-2fd65d18bfc8/omNode-2/ratis/3bf88a72-722a-315e-b909-c0483ffa3dbe/current/raft-meta
2025-07-15 19:46:03,995 [omNode-2-impl-thread1] INFO  server.RaftServer$Division (ServerState.java:setRaftConf(386)) - omNode-2@group-C0483FFA3DBE: set configuration conf: {index: 173, cur=peers:[omNode-3|localhost:15017, omNode-1|localhost:15009, omNode-2|localhost:15013]|listeners:[], old=null}
2025-07-15 19:46:03,996 [omNode-2-impl-thread1] INFO  ratis.OzoneManagerStateMachine (OzoneManagerStateMachine.java:lambda$0(138)) - omNode-2: initialize group-C0483FFA3DBE with (t:2, i:183)
2025-07-15 19:46:03,996 [omNode-2-impl-thread1] INFO  server.RaftServerConfigKeys (ConfUtils.java:logGet(62)) - raft.server.log.appender.buffer.byte-limit = 4194304 (custom)
2025-07-15 19:46:03,997 [omNode-2-impl-thread1] INFO  server.RaftServerConfigKeys (ConfUtils.java:logGet(62)) - raft.server.log.segment.size.max = 4194304 (custom)
2025-07-15 19:46:03,998 [omNode-2-impl-thread1] INFO  server.RaftServerConfigKeys (ConfUtils.java:logGet(62)) - raft.server.log.appender.buffer.byte-limit = 4194304 (custom)
2025-07-15 19:46:03,998 [omNode-2-impl-thread1] INFO  util.AwaitToRun (AwaitToRun.java:start(81)) - Thread[#13597,omNode-2@group-C0483FFA3DBE-cacheEviction-AwaitToRun,5,main] started
2025-07-15 19:46:03,998 [omNode-2-impl-thread1] INFO  segmented.SegmentedRaftLogWorker (SegmentedRaftLogWorker.java:<init>(190)) - new omNode-2@group-C0483FFA3DBE-SegmentedRaftLogWorker for RaftStorageImpl:Storage Directory /home/runner/work/ozone/ozone/hadoop-ozone/integration-test/target/test-dir/MiniOzoneClusterImpl-0e8a6840-8092-433d-9bbe-2fd65d18bfc8/omNode-2/ratis/3bf88a72-722a-315e-b909-c0483ffa3dbe
2025-07-15 19:46:03,998 [omNode-2-impl-thread1] INFO  server.RaftServerConfigKeys (ConfUtils.java:logGet(62)) - raft.server.log.segment.size.max = 4194304 (custom)
2025-07-15 19:46:03,998 [omNode-2-impl-thread1] INFO  server.RaftServerConfigKeys (ConfUtils.java:logGet(62)) - raft.server.log.preallocated.size = 4194304 (custom)
2025-07-15 19:46:03,999 [omNode-2-impl-thread1] INFO  server.RaftServerConfigKeys (ConfUtils.java:logGet(62)) - raft.server.log.write.buffer.size = 4194312 (custom)
2025-07-15 19:46:03,999 [omNode-2-impl-thread1] INFO  server.RaftServerConfigKeys (ConfUtils.java:logGet(62)) - raft.server.log.appender.buffer.byte-limit = 4194304 (custom)
2025-07-15 19:46:04,000 [omNode-2-impl-thread1] INFO  server.RaftServer$Division (ServerState.java:setRaftConf(386)) - omNode-2@group-C0483FFA3DBE: set configuration conf: {index: 0, cur=peers:[omNode-3|localhost:15017, omNode-1|localhost:15009, omNode-2|localhost:15013]|listeners:[], old=null}
2025-07-15 19:46:04,004 [omNode-2-impl-thread1] INFO  segmented.LogSegment (LogSegment.java:loadSegment(171)) - Successfully read 173 entries from segment file /home/runner/work/ozone/ozone/hadoop-ozone/integration-test/target/test-dir/MiniOzoneClusterImpl-0e8a6840-8092-433d-9bbe-2fd65d18bfc8/omNode-2/ratis/3bf88a72-722a-315e-b909-c0483ffa3dbe/current/log_0-172
2025-07-15 19:46:04,004 [omNode-2-impl-thread1] INFO  server.RaftServer$Division (ServerState.java:setRaftConf(386)) - omNode-2@group-C0483FFA3DBE: set configuration conf: {index: 173, cur=peers:[omNode-3|localhost:15017, omNode-1|localhost:15009, omNode-2|localhost:15013]|listeners:[], old=null}
2025-07-15 19:46:04,004 [omNode-2-impl-thread1] INFO  segmented.LogSegment (LogSegment.java:loadSegment(171)) - Successfully read 11 entries from segment file /home/runner/work/ozone/ozone/hadoop-ozone/integration-test/target/test-dir/MiniOzoneClusterImpl-0e8a6840-8092-433d-9bbe-2fd65d18bfc8/omNode-2/ratis/3bf88a72-722a-315e-b909-c0483ffa3dbe/current/log_inprogress_173
2025-07-15 19:46:04,005 [omNode-2-impl-thread1] INFO  segmented.SegmentedRaftLogWorker (SegmentedRaftLogWorker.java:lambda$new$0(141)) - omNode-2@group-C0483FFA3DBE-SegmentedRaftLogWorker: flushIndex: setUnconditionally 0 -> 183
2025-07-15 19:46:04,005 [omNode-2-impl-thread1] INFO  segmented.SegmentedRaftLogWorker (SegmentedRaftLogWorker.java:lambda$new$0(141)) - omNode-2@group-C0483FFA3DBE-SegmentedRaftLogWorker: safeCacheEvictIndex: setUnconditionally 0 -> 172
2025-07-15 19:46:04,005 [omNode-2-impl-thread1] INFO  segmented.BufferedWriteChannel (BufferedWriteChannel.java:open(61)) - open log_inprogress_173 (append) at position 1683
2025-07-15 19:46:04,005 [omNode-2-impl-thread1] INFO  server.RaftServer$Division (RaftServerImpl.java:start(405)) - omNode-2@group-C0483FFA3DBE: start as a follower, conf=conf: {index: 173, cur=peers:[omNode-3|localhost:15017, omNode-1|localhost:15009, omNode-2|localhost:15013]|listeners:[], old=null}
2025-07-15 19:46:04,005 [omNode-2-impl-thread1] INFO  server.RaftServer$Division (RaftServerImpl.java:setRole(392)) - omNode-2@group-C0483FFA3DBE: changes role from      null to FOLLOWER at term 2 for startAsFollower
2025-07-15 19:46:04,005 [omNode-2-impl-thread1] INFO  impl.RoleInfo (RoleInfo.java:updateAndGet(148)) - omNode-2: start omNode-2@group-C0483FFA3DBE-FollowerState
2025-07-15 19:46:04,006 [omNode-2@group-C0483FFA3DBE-FollowerState] INFO  server.RaftServerConfigKeys (ConfUtils.java:logFallback(69)) - raft.server.rpc.first-election.timeout.min = 1s (fallback to raft.server.rpc.timeout.min)
2025-07-15 19:46:04,006 [omNode-2@group-C0483FFA3DBE-FollowerState] INFO  server.RaftServerConfigKeys (ConfUtils.java:logFallback(69)) - raft.server.rpc.first-election.timeout.max = 1200ms (fallback to raft.server.rpc.timeout.max)
2025-07-15 19:46:04,006 [omNode-2-impl-thread1] INFO  util.JmxRegister (JmxRegister.java:tryRegister(44)) - Successfully registered JMX Bean with object name Ratis:service=RaftServer,group=group-C0483FFA3DBE,id=omNode-2
2025-07-15 19:46:04,006 [omNode-2-impl-thread1] INFO  util.JmxRegister (JmxRegister.java:register(58)) - register mxBean class org.apache.ratis.server.impl.RaftServerJmxAdapter as Ratis:service=RaftServer,group=group-C0483FFA3DBE,id=omNode-2
2025-07-15 19:46:04,006 [omNode-2-impl-thread1] INFO  server.RaftServer$Division (RaftServerImpl.java:start(419)) - omNode-2@group-C0483FFA3DBE: Successfully started.
2025-07-15 19:46:04,006 [main] INFO  server.RaftServer (RaftServerProxy.java:startImpl(412)) - omNode-2: start RPC server
2025-07-15 19:46:04,007 [main] INFO  server.GrpcServicesImpl (GrpcServicesImpl.java:startImpl(346)) - omNode-2: GrpcServicesImpl started, listening on 15013
2025-07-15 19:46:04,008 [main] INFO  om.OzoneManager (OzoneManager.java:getRpcServer(1388)) - Creating RPC Server
2025-07-15 19:46:04,010 [JvmPauseMonitor9] INFO  util.JvmPauseMonitor (JvmPauseMonitor.java:run(146)) - JvmPauseMonitor-omNode-2: Started
2025-07-15 19:46:04,034 [omNode-2-SstFilteringService#0] INFO  db.RocksDatabase (RocksDatabase.java:deleteFilesNotMatchingPrefix(870)) - Deleting sst file: /000115.sst with start key: /-9223372036854770432/-9223372036854770176/-9223372036854770176/key-9043621183 and end key: /-9223372036854770432/-9223372036854770176/-9223372036854770176/key-9043621183 corresponding to column family fileTable from db: /home/runner/work/ozone/ozone/hadoop-ozone/integration-test/target/test-dir/MiniOzoneClusterImpl-0e8a6840-8092-433d-9bbe-2fd65d18bfc8/omNode-2/db.snapshots/checkpointState/om.db-c8da47ee-7e59-4340-b08f-c2db3c0d8632. Prefix for the column family: /-9223372036854772480/-9223372036854772224/.
2025-07-15 19:46:04,039 [omNode-2-SstFilteringService#0] INFO  db.RocksDatabase (RocksDatabase.java:deleteFilesNotMatchingPrefix(870)) - Deleting sst file: /000109.sst with start key: /-9223372036854770944/-9223372036854770688/-9223372036854770688/key-7542161474 and end key: /-9223372036854770944/-9223372036854770688/-9223372036854770688/key-7542161474 corresponding to column family fileTable from db: /home/runner/work/ozone/ozone/hadoop-ozone/integration-test/target/test-dir/MiniOzoneClusterImpl-0e8a6840-8092-433d-9bbe-2fd65d18bfc8/omNode-2/db.snapshots/checkpointState/om.db-c8da47ee-7e59-4340-b08f-c2db3c0d8632. Prefix for the column family: /-9223372036854772480/-9223372036854772224/.
2025-07-15 19:46:04,042 [omNode-2-SstFilteringService#0] INFO  db.RocksDatabase (RocksDatabase.java:deleteFilesNotMatchingPrefix(870)) - Deleting sst file: /000103.sst with start key: /-9223372036854771456/-9223372036854771200/-9223372036854771200/key-3058113169 and end key: /-9223372036854771456/-9223372036854771200/-9223372036854771200/key-3058113169 corresponding to column family fileTable from db: /home/runner/work/ozone/ozone/hadoop-ozone/integration-test/target/test-dir/MiniOzoneClusterImpl-0e8a6840-8092-433d-9bbe-2fd65d18bfc8/omNode-2/db.snapshots/checkpointState/om.db-c8da47ee-7e59-4340-b08f-c2db3c0d8632. Prefix for the column family: /-9223372036854772480/-9223372036854772224/.
2025-07-15 19:46:04,043 [omNode-2-SstFilteringService#0] INFO  db.RocksDatabase (RocksDatabase.java:deleteFilesNotMatchingPrefix(870)) - Deleting sst file: /000095.sst with start key: /-9223372036854771968/-9223372036854771712/-9223372036854771712/key-5913089270 and end key: /-9223372036854771968/-9223372036854771712/-9223372036854771712/key-5913089270 corresponding to column family fileTable from db: /home/runner/work/ozone/ozone/hadoop-ozone/integration-test/target/test-dir/MiniOzoneClusterImpl-0e8a6840-8092-433d-9bbe-2fd65d18bfc8/omNode-2/db.snapshots/checkpointState/om.db-c8da47ee-7e59-4340-b08f-c2db3c0d8632. Prefix for the column family: /-9223372036854772480/-9223372036854772224/.
2025-07-15 19:46:04,044 [omNode-2-SstFilteringService#0] INFO  db.RocksDatabase (RocksDatabase.java:deleteFilesNotMatchingPrefix(870)) - Deleting sst file: /000083.sst with start key: /-9223372036854772992/-9223372036854772736/-9223372036854772736/key-9706630429 and end key: /-9223372036854772992/-9223372036854772736/-9223372036854772736/key-9706630429 corresponding to column family fileTable from db: /home/runner/work/ozone/ozone/hadoop-ozone/integration-test/target/test-dir/MiniOzoneClusterImpl-0e8a6840-8092-433d-9bbe-2fd65d18bfc8/omNode-2/db.snapshots/checkpointState/om.db-c8da47ee-7e59-4340-b08f-c2db3c0d8632. Prefix for the column family: /-9223372036854772480/-9223372036854772224/.
2025-07-15 19:46:04,047 [omNode-2-SstFilteringService#0] INFO  db.RocksDatabase (RocksDatabase.java:deleteFilesNotMatchingPrefix(870)) - Deleting sst file: /000077.sst with start key: /-9223372036854773504/-9223372036854773248/-9223372036854773248/key-0486940199 and end key: /-9223372036854773504/-9223372036854773248/-9223372036854773248/key-0486940199 corresponding to column family fileTable from db: /home/runner/work/ozone/ozone/hadoop-ozone/integration-test/target/test-dir/MiniOzoneClusterImpl-0e8a6840-8092-433d-9bbe-2fd65d18bfc8/omNode-2/db.snapshots/checkpointState/om.db-c8da47ee-7e59-4340-b08f-c2db3c0d8632. Prefix for the column family: /-9223372036854772480/-9223372036854772224/.
2025-07-15 19:46:04,049 [omNode-2-SstFilteringService#0] INFO  db.RocksDatabase (RocksDatabase.java:deleteFilesNotMatchingPrefix(870)) - Deleting sst file: /000070.sst with start key: /-9223372036854774016/-9223372036854773760/-9223372036854773760/key-0365758073 and end key: /-9223372036854774016/-9223372036854773760/-9223372036854773760/key-0365758073 corresponding to column family fileTable from db: /home/runner/work/ozone/ozone/hadoop-ozone/integration-test/target/test-dir/MiniOzoneClusterImpl-0e8a6840-8092-433d-9bbe-2fd65d18bfc8/omNode-2/db.snapshots/checkpointState/om.db-c8da47ee-7e59-4340-b08f-c2db3c0d8632. Prefix for the column family: /-9223372036854772480/-9223372036854772224/.
2025-07-15 19:46:04,050 [omNode-2-SstFilteringService#0] INFO  db.RocksDatabase (RocksDatabase.java:deleteFilesNotMatchingPrefix(870)) - Deleting sst file: /000064.sst with start key: /-9223372036854774528/-9223372036854774272/-9223372036854774272/key-1378826234 and end key: /-9223372036854774528/-9223372036854774272/-9223372036854774272/key-1378826234 corresponding to column family fileTable from db: /home/runner/work/ozone/ozone/hadoop-ozone/integration-test/target/test-dir/MiniOzoneClusterImpl-0e8a6840-8092-433d-9bbe-2fd65d18bfc8/omNode-2/db.snapshots/checkpointState/om.db-c8da47ee-7e59-4340-b08f-c2db3c0d8632. Prefix for the column family: /-9223372036854772480/-9223372036854772224/.
2025-07-15 19:46:04,052 [omNode-2-SstFilteringService#0] INFO  db.RocksDatabase (RocksDatabase.java:deleteFilesNotMatchingPrefix(870)) - Deleting sst file: /000129.sst with start key: /-9223372036854774528/-9223372036854774272/-9223372036854774272/key-7197450491 and end key: /-9223372036854774528/-9223372036854774272/-9223372036854774272/key-7197450491 corresponding to column family fileTable from db: /home/runner/work/ozone/ozone/hadoop-ozone/integration-test/target/test-dir/MiniOzoneClusterImpl-0e8a6840-8092-433d-9bbe-2fd65d18bfc8/omNode-2/db.snapshots/checkpointState/om.db-c8da47ee-7e59-4340-b08f-c2db3c0d8632. Prefix for the column family: /-9223372036854772480/-9223372036854772224/.
2025-07-15 19:46:04,053 [omNode-2-SstFilteringService#0] INFO  db.RocksDatabase (RocksDatabase.java:deleteFilesNotMatchingPrefix(870)) - Deleting sst file: /000121.sst with start key: /-9223372036854775040/-9223372036854774784/-9223372036854774784/key-3443821635 and end key: /-9223372036854775040/-9223372036854774784/-9223372036854774784/key-3443821635 corresponding to column family fileTable from db: /home/runner/work/ozone/ozone/hadoop-ozone/integration-test/target/test-dir/MiniOzoneClusterImpl-0e8a6840-8092-433d-9bbe-2fd65d18bfc8/omNode-2/db.snapshots/checkpointState/om.db-c8da47ee-7e59-4340-b08f-c2db3c0d8632. Prefix for the column family: /-9223372036854772480/-9223372036854772224/.
2025-07-15 19:46:04,056 [omNode-2-SstFilteringService#0] INFO  db.RocksDatabase (RocksDatabase.java:deleteFilesNotMatchingPrefix(870)) - Deleting sst file: /000057.sst with start key: /-9223372036854775040/-9223372036854774784/-9223372036854774784/key-5363736728 and end key: /-9223372036854775040/-9223372036854774784/-9223372036854774784/key-5363736728 corresponding to column family fileTable from db: /home/runner/work/ozone/ozone/hadoop-ozone/integration-test/target/test-dir/MiniOzoneClusterImpl-0e8a6840-8092-433d-9bbe-2fd65d18bfc8/omNode-2/db.snapshots/checkpointState/om.db-c8da47ee-7e59-4340-b08f-c2db3c0d8632. Prefix for the column family: /-9223372036854772480/-9223372036854772224/.
2025-07-15 19:46:04,068 [omNode-2-SstFilteringService#0] WARN  server.ServerUtils (ServerUtils.java:getDBPath(292)) - ozone.om.db.dirs is not configured. We recommend adding this setting. Falling back to ozone.metadata.dirs instead.
2025-07-15 19:46:04,071 [omNode-2-SstFilteringService#0] WARN  server.ServerUtils (ServerUtils.java:getDBPath(292)) - ozone.om.db.dirs is not configured. We recommend adding this setting. Falling back to ozone.metadata.dirs instead.
2025-07-15 19:46:04,073 [omNode-2-SstFilteringService#0] INFO  snapshot.SnapshotCache (SnapshotCache.java:lambda$2(204)) - Loading SnapshotId: '4c8ed02e-39fb-4b86-a274-de8bb287624d'
2025-07-15 19:46:04,073 [omNode-2-SstFilteringService#0] WARN  server.ServerUtils (ServerUtils.java:getDBPath(292)) - ozone.om.db.dirs is not configured. We recommend adding this setting. Falling back to ozone.metadata.dirs instead.
2025-07-15 19:46:04,170 [omNode-2-SstFilteringService#0] INFO  db.RocksDatabase (RocksDatabase.java:deleteFilesNotMatchingPrefix(870)) - Deleting sst file: /000181.sst with start key: /-9223372036854770432/-9223372036854770176/-9223372036854770176/key-5073748170 and end key: /-9223372036854770432/-9223372036854770176/-9223372036854770176/key-5073748170 corresponding to column family fileTable from db: /home/runner/work/ozone/ozone/hadoop-ozone/integration-test/target/test-dir/MiniOzoneClusterImpl-0e8a6840-8092-433d-9bbe-2fd65d18bfc8/omNode-2/db.snapshots/checkpointState/om.db-4c8ed02e-39fb-4b86-a274-de8bb287624d. Prefix for the column family: /-9223372036854772480/-9223372036854772224/.
2025-07-15 19:46:04,172 [omNode-2-SstFilteringService#0] INFO  db.RocksDatabase (RocksDatabase.java:deleteFilesNotMatchingPrefix(870)) - Deleting sst file: /000245.sst with start key: /-9223372036854770432/-9223372036854770176/-9223372036854770176/key-8553103625 and end key: /-9223372036854770432/-9223372036854770176/-9223372036854770176/key-8553103625 corresponding to column family fileTable from db: /home/runner/work/ozone/ozone/hadoop-ozone/integration-test/target/test-dir/MiniOzoneClusterImpl-0e8a6840-8092-433d-9bbe-2fd65d18bfc8/omNode-2/db.snapshots/checkpointState/om.db-4c8ed02e-39fb-4b86-a274-de8bb287624d. Prefix for the column family: /-9223372036854772480/-9223372036854772224/.
2025-07-15 19:46:04,174 [omNode-2-SstFilteringService#0] INFO  db.RocksDatabase (RocksDatabase.java:deleteFilesNotMatchingPrefix(870)) - Deleting sst file: /000115.sst with start key: /-9223372036854770432/-9223372036854770176/-9223372036854770176/key-9043621183 and end key: /-9223372036854770432/-9223372036854770176/-9223372036854770176/key-9043621183 corresponding to column family fileTable from db: /home/runner/work/ozone/ozone/hadoop-ozone/integration-test/target/test-dir/MiniOzoneClusterImpl-0e8a6840-8092-433d-9bbe-2fd65d18bfc8/omNode-2/db.snapshots/checkpointState/om.db-4c8ed02e-39fb-4b86-a274-de8bb287624d. Prefix for the column family: /-9223372036854772480/-9223372036854772224/.
2025-07-15 19:46:04,178 [omNode-2-SstFilteringService#0] INFO  db.RocksDatabase (RocksDatabase.java:deleteFilesNotMatchingPrefix(870)) - Deleting sst file: /000239.sst with start key: /-9223372036854770944/-9223372036854770688/-9223372036854770688/key-1587099505 and end key: /-9223372036854770944/-9223372036854770688/-9223372036854770688/key-1587099505 corresponding to column family fileTable from db: /home/runner/work/ozone/ozone/hadoop-ozone/integration-test/target/test-dir/MiniOzoneClusterImpl-0e8a6840-8092-433d-9bbe-2fd65d18bfc8/omNode-2/db.snapshots/checkpointState/om.db-4c8ed02e-39fb-4b86-a274-de8bb287624d. Prefix for the column family: /-9223372036854772480/-9223372036854772224/.
2025-07-15 19:46:04,179 [omNode-2-SstFilteringService#0] INFO  db.RocksDatabase (RocksDatabase.java:deleteFilesNotMatchingPrefix(870)) - Deleting sst file: /000173.sst with start key: /-9223372036854770944/-9223372036854770688/-9223372036854770688/key-2850657364 and end key: /-9223372036854770944/-9223372036854770688/-9223372036854770688/key-2850657364 corresponding to column family fileTable from db: /home/runner/work/ozone/ozone/hadoop-ozone/integration-test/target/test-dir/MiniOzoneClusterImpl-0e8a6840-8092-433d-9bbe-2fd65d18bfc8/omNode-2/db.snapshots/checkpointState/om.db-4c8ed02e-39fb-4b86-a274-de8bb287624d. Prefix for the column family: /-9223372036854772480/-9223372036854772224/.
2025-07-15 19:46:04,185 [omNode-2-SstFilteringService#0] INFO  db.RocksDatabase (RocksDatabase.java:deleteFilesNotMatchingPrefix(870)) - Deleting sst file: /000109.sst with start key: /-9223372036854770944/-9223372036854770688/-9223372036854770688/key-7542161474 and end key: /-9223372036854770944/-9223372036854770688/-9223372036854770688/key-7542161474 corresponding to column family fileTable from db: /home/runner/work/ozone/ozone/hadoop-ozone/integration-test/target/test-dir/MiniOzoneClusterImpl-0e8a6840-8092-433d-9bbe-2fd65d18bfc8/omNode-2/db.snapshots/checkpointState/om.db-4c8ed02e-39fb-4b86-a274-de8bb287624d. Prefix for the column family: /-9223372036854772480/-9223372036854772224/.
2025-07-15 19:46:04,186 [omNode-2-SstFilteringService#0] INFO  db.RocksDatabase (RocksDatabase.java:deleteFilesNotMatchingPrefix(870)) - Deleting sst file: /000167.sst with start key: /-9223372036854771456/-9223372036854771200/-9223372036854771200/key-0325046774 and end key: /-9223372036854771456/-9223372036854771200/-9223372036854771200/key-0325046774 corresponding to column family fileTable from db: /home/runner/work/ozone/ozone/hadoop-ozone/integration-test/target/test-dir/MiniOzoneClusterImpl-0e8a6840-8092-433d-9bbe-2fd65d18bfc8/omNode-2/db.snapshots/checkpointState/om.db-4c8ed02e-39fb-4b86-a274-de8bb287624d. Prefix for the column family: /-9223372036854772480/-9223372036854772224/.
2025-07-15 19:46:04,188 [omNode-2-SstFilteringService#0] INFO  db.RocksDatabase (RocksDatabase.java:deleteFilesNotMatchingPrefix(870)) - Deleting sst file: /000103.sst with start key: /-9223372036854771456/-9223372036854771200/-9223372036854771200/key-3058113169 and end key: /-9223372036854771456/-9223372036854771200/-9223372036854771200/key-3058113169 corresponding to column family fileTable from db: /home/runner/work/ozone/ozone/hadoop-ozone/integration-test/target/test-dir/MiniOzoneClusterImpl-0e8a6840-8092-433d-9bbe-2fd65d18bfc8/omNode-2/db.snapshots/checkpointState/om.db-4c8ed02e-39fb-4b86-a274-de8bb287624d. Prefix for the column family: /-9223372036854772480/-9223372036854772224/.
2025-07-15 19:46:04,193 [omNode-2-SstFilteringService#0] INFO  db.RocksDatabase (RocksDatabase.java:deleteFilesNotMatchingPrefix(870)) - Deleting sst file: /000232.sst with start key: /-9223372036854771456/-9223372036854771200/-9223372036854771200/key-9501142286 and end key: /-9223372036854771456/-9223372036854771200/-9223372036854771200/key-9501142286 corresponding to column family fileTable from db: /home/runner/work/ozone/ozone/hadoop-ozone/integration-test/target/test-dir/MiniOzoneClusterImpl-0e8a6840-8092-433d-9bbe-2fd65d18bfc8/omNode-2/db.snapshots/checkpointState/om.db-4c8ed02e-39fb-4b86-a274-de8bb287624d. Prefix for the column family: /-9223372036854772480/-9223372036854772224/.
2025-07-15 19:46:04,195 [omNode-2-SstFilteringService#0] INFO  db.RocksDatabase (RocksDatabase.java:deleteFilesNotMatchingPrefix(870)) - Deleting sst file: /000161.sst with start key: /-9223372036854771968/-9223372036854771712/-9223372036854771712/key-5499515943 and end key: /-9223372036854771968/-9223372036854771712/-9223372036854771712/key-5499515943 corresponding to column family fileTable from db: /home/runner/work/ozone/ozone/hadoop-ozone/integration-test/target/test-dir/MiniOzoneClusterImpl-0e8a6840-8092-433d-9bbe-2fd65d18bfc8/omNode-2/db.snapshots/checkpointState/om.db-4c8ed02e-39fb-4b86-a274-de8bb287624d. Prefix for the column family: /-9223372036854772480/-9223372036854772224/.
2025-07-15 19:46:04,198 [omNode-2-SstFilteringService#0] INFO  db.RocksDatabase (RocksDatabase.java:deleteFilesNotMatchingPrefix(870)) - Deleting sst file: /000095.sst with start key: /-9223372036854771968/-9223372036854771712/-9223372036854771712/key-5913089270 and end key: /-9223372036854771968/-9223372036854771712/-9223372036854771712/key-5913089270 corresponding to column family fileTable from db: /home/runner/work/ozone/ozone/hadoop-ozone/integration-test/target/test-dir/MiniOzoneClusterImpl-0e8a6840-8092-433d-9bbe-2fd65d18bfc8/omNode-2/db.snapshots/checkpointState/om.db-4c8ed02e-39fb-4b86-a274-de8bb287624d. Prefix for the column family: /-9223372036854772480/-9223372036854772224/.
2025-07-15 19:46:04,199 [omNode-2-SstFilteringService#0] INFO  db.RocksDatabase (RocksDatabase.java:deleteFilesNotMatchingPrefix(870)) - Deleting sst file: /000225.sst with start key: /-9223372036854771968/-9223372036854771712/-9223372036854771712/key-6258498644 and end key: /-9223372036854771968/-9223372036854771712/-9223372036854771712/key-6258498644 corresponding to column family fileTable from db: /home/runner/work/ozone/ozone/hadoop-ozone/integration-test/target/test-dir/MiniOzoneClusterImpl-0e8a6840-8092-433d-9bbe-2fd65d18bfc8/omNode-2/db.snapshots/checkpointState/om.db-4c8ed02e-39fb-4b86-a274-de8bb287624d. Prefix for the column family: /-9223372036854772480/-9223372036854772224/.
2025-07-15 19:46:04,203 [omNode-2-SstFilteringService#0] INFO  db.RocksDatabase (RocksDatabase.java:deleteFilesNotMatchingPrefix(870)) - Deleting sst file: /000213.sst with start key: /-9223372036854772992/-9223372036854772736/-9223372036854772736/key-7030822597 and end key: /-9223372036854772992/-9223372036854772736/-9223372036854772736/key-7030822597 corresponding to column family fileTable from db: /home/runner/work/ozone/ozone/hadoop-ozone/integration-test/target/test-dir/MiniOzoneClusterImpl-0e8a6840-8092-433d-9bbe-2fd65d18bfc8/omNode-2/db.snapshots/checkpointState/om.db-4c8ed02e-39fb-4b86-a274-de8bb287624d. Prefix for the column family: /-9223372036854772480/-9223372036854772224/.
2025-07-15 19:46:04,207 [omNode-2-SstFilteringService#0] INFO  db.RocksDatabase (RocksDatabase.java:deleteFilesNotMatchingPrefix(870)) - Deleting sst file: /000147.sst with start key: /-9223372036854772992/-9223372036854772736/-9223372036854772736/key-7207243133 and end key: /-9223372036854772992/-9223372036854772736/-9223372036854772736/key-7207243133 corresponding to column family fileTable from db: /home/runner/work/ozone/ozone/hadoop-ozone/integration-test/target/test-dir/MiniOzoneClusterImpl-0e8a6840-8092-433d-9bbe-2fd65d18bfc8/omNode-2/db.snapshots/checkpointState/om.db-4c8ed02e-39fb-4b86-a274-de8bb287624d. Prefix for the column family: /-9223372036854772480/-9223372036854772224/.
2025-07-15 19:46:04,209 [omNode-2-SstFilteringService#0] INFO  db.RocksDatabase (RocksDatabase.java:deleteFilesNotMatchingPrefix(870)) - Deleting sst file: /000083.sst with start key: /-9223372036854772992/-9223372036854772736/-9223372036854772736/key-9706630429 and end key: /-9223372036854772992/-9223372036854772736/-9223372036854772736/key-9706630429 corresponding to column family fileTable from db: /home/runner/work/ozone/ozone/hadoop-ozone/integration-test/target/test-dir/MiniOzoneClusterImpl-0e8a6840-8092-433d-9bbe-2fd65d18bfc8/omNode-2/db.snapshots/checkpointState/om.db-4c8ed02e-39fb-4b86-a274-de8bb287624d. Prefix for the column family: /-9223372036854772480/-9223372036854772224/.
2025-07-15 19:46:04,212 [omNode-2-SstFilteringService#0] INFO  db.RocksDatabase (RocksDatabase.java:deleteFilesNotMatchingPrefix(870)) - Deleting sst file: /000077.sst with start key: /-9223372036854773504/-9223372036854773248/-9223372036854773248/key-0486940199 and end key: /-9223372036854773504/-9223372036854773248/-9223372036854773248/key-0486940199 corresponding to column family fileTable from db: /home/runner/work/ozone/ozone/hadoop-ozone/integration-test/target/test-dir/MiniOzoneClusterImpl-0e8a6840-8092-433d-9bbe-2fd65d18bfc8/omNode-2/db.snapshots/checkpointState/om.db-4c8ed02e-39fb-4b86-a274-de8bb287624d. Prefix for the column family: /-9223372036854772480/-9223372036854772224/.
2025-07-15 19:46:04,213 [omNode-2-SstFilteringService#0] INFO  db.RocksDatabase (RocksDatabase.java:deleteFilesNotMatchingPrefix(870)) - Deleting sst file: /000207.sst with start key: /-9223372036854773504/-9223372036854773248/-9223372036854773248/key-2481728860 and end key: /-9223372036854773504/-9223372036854773248/-9223372036854773248/key-2481728860 corresponding to column family fileTable from db: /home/runner/work/ozone/ozone/hadoop-ozone/integration-test/target/test-dir/MiniOzoneClusterImpl-0e8a6840-8092-433d-9bbe-2fd65d18bfc8/omNode-2/db.snapshots/checkpointState/om.db-4c8ed02e-39fb-4b86-a274-de8bb287624d. Prefix for the column family: /-9223372036854772480/-9223372036854772224/.
2025-07-15 19:46:04,215 [omNode-2-SstFilteringService#0] INFO  db.RocksDatabase (RocksDatabase.java:deleteFilesNotMatchingPrefix(870)) - Deleting sst file: /000141.sst with start key: /-9223372036854773504/-9223372036854773248/-9223372036854773248/key-3949744774 and end key: /-9223372036854773504/-9223372036854773248/-9223372036854773248/key-3949744774 corresponding to column family fileTable from db: /home/runner/work/ozone/ozone/hadoop-ozone/integration-test/target/test-dir/MiniOzoneClusterImpl-0e8a6840-8092-433d-9bbe-2fd65d18bfc8/omNode-2/db.snapshots/checkpointState/om.db-4c8ed02e-39fb-4b86-a274-de8bb287624d. Prefix for the column family: /-9223372036854772480/-9223372036854772224/.
2025-07-15 19:46:04,216 [omNode-2-SstFilteringService#0] INFO  db.RocksDatabase (RocksDatabase.java:deleteFilesNotMatchingPrefix(870)) - Deleting sst file: /000070.sst with start key: /-9223372036854774016/-9223372036854773760/-9223372036854773760/key-0365758073 and end key: /-9223372036854774016/-9223372036854773760/-9223372036854773760/key-0365758073 corresponding to column family fileTable from db: /home/runner/work/ozone/ozone/hadoop-ozone/integration-test/target/test-dir/MiniOzoneClusterImpl-0e8a6840-8092-433d-9bbe-2fd65d18bfc8/omNode-2/db.snapshots/checkpointState/om.db-4c8ed02e-39fb-4b86-a274-de8bb287624d. Prefix for the column family: /-9223372036854772480/-9223372036854772224/.
2025-07-15 19:46:04,218 [omNode-2-SstFilteringService#0] INFO  db.RocksDatabase (RocksDatabase.java:deleteFilesNotMatchingPrefix(870)) - Deleting sst file: /000199.sst with start key: /-9223372036854774016/-9223372036854773760/-9223372036854773760/key-1511742050 and end key: /-9223372036854774016/-9223372036854773760/-9223372036854773760/key-1511742050 corresponding to column family fileTable from db: /home/runner/work/ozone/ozone/hadoop-ozone/integration-test/target/test-dir/MiniOzoneClusterImpl-0e8a6840-8092-433d-9bbe-2fd65d18bfc8/omNode-2/db.snapshots/checkpointState/om.db-4c8ed02e-39fb-4b86-a274-de8bb287624d. Prefix for the column family: /-9223372036854772480/-9223372036854772224/.
2025-07-15 19:46:04,220 [omNode-2-SstFilteringService#0] INFO  db.RocksDatabase (RocksDatabase.java:deleteFilesNotMatchingPrefix(870)) - Deleting sst file: /000135.sst with start key: /-9223372036854774016/-9223372036854773760/-9223372036854773760/key-8908999555 and end key: /-9223372036854774016/-9223372036854773760/-9223372036854773760/key-8908999555 corresponding to column family fileTable from db: /home/runner/work/ozone/ozone/hadoop-ozone/integration-test/target/test-dir/MiniOzoneClusterImpl-0e8a6840-8092-433d-9bbe-2fd65d18bfc8/omNode-2/db.snapshots/checkpointState/om.db-4c8ed02e-39fb-4b86-a274-de8bb287624d. Prefix for the column family: /-9223372036854772480/-9223372036854772224/.
2025-07-15 19:46:04,221 [omNode-2-SstFilteringService#0] INFO  db.RocksDatabase (RocksDatabase.java:deleteFilesNotMatchingPrefix(870)) - Deleting sst file: /000064.sst with start key: /-9223372036854774528/-9223372036854774272/-9223372036854774272/key-1378826234 and end key: /-9223372036854774528/-9223372036854774272/-9223372036854774272/key-1378826234 corresponding to column family fileTable from db: /home/runner/work/ozone/ozone/hadoop-ozone/integration-test/target/test-dir/MiniOzoneClusterImpl-0e8a6840-8092-433d-9bbe-2fd65d18bfc8/omNode-2/db.snapshots/checkpointState/om.db-4c8ed02e-39fb-4b86-a274-de8bb287624d. Prefix for the column family: /-9223372036854772480/-9223372036854772224/.
2025-07-15 19:46:04,222 [omNode-2-SstFilteringService#0] INFO  db.RocksDatabase (RocksDatabase.java:deleteFilesNotMatchingPrefix(870)) - Deleting sst file: /000129.sst with start key: /-9223372036854774528/-9223372036854774272/-9223372036854774272/key-7197450491 and end key: /-9223372036854774528/-9223372036854774272/-9223372036854774272/key-7197450491 corresponding to column family fileTable from db: /home/runner/work/ozone/ozone/hadoop-ozone/integration-test/target/test-dir/MiniOzoneClusterImpl-0e8a6840-8092-433d-9bbe-2fd65d18bfc8/omNode-2/db.snapshots/checkpointState/om.db-4c8ed02e-39fb-4b86-a274-de8bb287624d. Prefix for the column family: /-9223372036854772480/-9223372036854772224/.
2025-07-15 19:46:04,225 [omNode-2-SstFilteringService#0] INFO  db.RocksDatabase (RocksDatabase.java:deleteFilesNotMatchingPrefix(870)) - Deleting sst file: /000258.sst with start key: /-9223372036854774528/-9223372036854774272/-9223372036854774272/key-8310789266 and end key: /-9223372036854774528/-9223372036854774272/-9223372036854774272/key-8310789266 corresponding to column family fileTable from db: /home/runner/work/ozone/ozone/hadoop-ozone/integration-test/target/test-dir/MiniOzoneClusterImpl-0e8a6840-8092-433d-9bbe-2fd65d18bfc8/omNode-2/db.snapshots/checkpointState/om.db-4c8ed02e-39fb-4b86-a274-de8bb287624d. Prefix for the column family: /-9223372036854772480/-9223372036854772224/.
2025-07-15 19:46:04,226 [omNode-2-SstFilteringService#0] INFO  db.RocksDatabase (RocksDatabase.java:deleteFilesNotMatchingPrefix(870)) - Deleting sst file: /000193.sst with start key: /-9223372036854774528/-9223372036854774272/-9223372036854774272/key-9823269477 and end key: /-9223372036854774528/-9223372036854774272/-9223372036854774272/key-9823269477 corresponding to column family fileTable from db: /home/runner/work/ozone/ozone/hadoop-ozone/integration-test/target/test-dir/MiniOzoneClusterImpl-0e8a6840-8092-433d-9bbe-2fd65d18bfc8/omNode-2/db.snapshots/checkpointState/om.db-4c8ed02e-39fb-4b86-a274-de8bb287624d. Prefix for the column family: /-9223372036854772480/-9223372036854772224/.
2025-07-15 19:46:04,229 [omNode-2-SstFilteringService#0] INFO  db.RocksDatabase (RocksDatabase.java:deleteFilesNotMatchingPrefix(870)) - Deleting sst file: /000251.sst with start key: /-9223372036854775040/-9223372036854774784/-9223372036854774784/key-1349445112 and end key: /-9223372036854775040/-9223372036854774784/-9223372036854774784/key-1349445112 corresponding to column family fileTable from db: /home/runner/work/ozone/ozone/hadoop-ozone/integration-test/target/test-dir/MiniOzoneClusterImpl-0e8a6840-8092-433d-9bbe-2fd65d18bfc8/omNode-2/db.snapshots/checkpointState/om.db-4c8ed02e-39fb-4b86-a274-de8bb287624d. Prefix for the column family: /-9223372036854772480/-9223372036854772224/.
2025-07-15 19:46:04,231 [omNode-2-SstFilteringService#0] INFO  db.RocksDatabase (RocksDatabase.java:deleteFilesNotMatchingPrefix(870)) - Deleting sst file: /000121.sst with start key: /-9223372036854775040/-9223372036854774784/-9223372036854774784/key-3443821635 and end key: /-9223372036854775040/-9223372036854774784/-9223372036854774784/key-3443821635 corresponding to column family fileTable from db: /home/runner/work/ozone/ozone/hadoop-ozone/integration-test/target/test-dir/MiniOzoneClusterImpl-0e8a6840-8092-433d-9bbe-2fd65d18bfc8/omNode-2/db.snapshots/checkpointState/om.db-4c8ed02e-39fb-4b86-a274-de8bb287624d. Prefix for the column family: /-9223372036854772480/-9223372036854772224/.
2025-07-15 19:46:04,232 [omNode-2-SstFilteringService#0] INFO  db.RocksDatabase (RocksDatabase.java:deleteFilesNotMatchingPrefix(870)) - Deleting sst file: /000187.sst with start key: /-9223372036854775040/-9223372036854774784/-9223372036854774784/key-4686823571 and end key: /-9223372036854775040/-9223372036854774784/-9223372036854774784/key-4686823571 corresponding to column family fileTable from db: /home/runner/work/ozone/ozone/hadoop-ozone/integration-test/target/test-dir/MiniOzoneClusterImpl-0e8a6840-8092-433d-9bbe-2fd65d18bfc8/omNode-2/db.snapshots/checkpointState/om.db-4c8ed02e-39fb-4b86-a274-de8bb287624d. Prefix for the column family: /-9223372036854772480/-9223372036854772224/.
2025-07-15 19:46:04,233 [omNode-2-SstFilteringService#0] INFO  db.RocksDatabase (RocksDatabase.java:deleteFilesNotMatchingPrefix(870)) - Deleting sst file: /000057.sst with start key: /-9223372036854775040/-9223372036854774784/-9223372036854774784/key-5363736728 and end key: /-9223372036854775040/-9223372036854774784/-9223372036854774784/key-5363736728 corresponding to column family fileTable from db: /home/runner/work/ozone/ozone/hadoop-ozone/integration-test/target/test-dir/MiniOzoneClusterImpl-0e8a6840-8092-433d-9bbe-2fd65d18bfc8/omNode-2/db.snapshots/checkpointState/om.db-4c8ed02e-39fb-4b86-a274-de8bb287624d. Prefix for the column family: /-9223372036854772480/-9223372036854772224/.
2025-07-15 19:46:04,271 [omNode-2-SstFilteringService#0] WARN  server.ServerUtils (ServerUtils.java:getDBPath(292)) - ozone.om.db.dirs is not configured. We recommend adding this setting. Falling back to ozone.metadata.dirs instead.
2025-07-15 19:46:04,492 [main] INFO  reflections.Reflections (Reflections.java:scan(219)) - Reflections took 483 ms to scan 24 urls, producing 60 keys and 7739 values
2025-07-15 19:46:04,493 [main] INFO  ipc.CallQueueManager (CallQueueManager.java:<init>(93)) - Using callQueue: class java.util.concurrent.LinkedBlockingQueue, queueCapacity: 2000, scheduler: class org.apache.hadoop.ipc.DefaultRpcScheduler, ipcBackoff: false, ipcFailOver: false.
2025-07-15 19:46:04,494 [main] INFO  ipc.Server (Server.java:<init>(1438)) - Listener at localhost:15010
2025-07-15 19:46:04,494 [Socket Reader #1 for port 15010] INFO  ipc.Server (Server.java:run(1474)) - Starting Socket Reader #1 for port 15010
2025-07-15 19:46:04,494 [Socket Reader #2 for port 15010] INFO  ipc.Server (Server.java:run(1474)) - Starting Socket Reader #2 for port 15010
2025-07-15 19:46:04,494 [Socket Reader #3 for port 15010] INFO  ipc.Server (Server.java:run(1474)) - Starting Socket Reader #3 for port 15010
2025-07-15 19:46:04,494 [Socket Reader #4 for port 15010] INFO  ipc.Server (Server.java:run(1474)) - Starting Socket Reader #4 for port 15010
2025-07-15 19:46:04,495 [Socket Reader #5 for port 15010] INFO  ipc.Server (Server.java:run(1474)) - Starting Socket Reader #5 for port 15010
2025-07-15 19:46:04,495 [Socket Reader #6 for port 15010] INFO  ipc.Server (Server.java:run(1474)) - Starting Socket Reader #6 for port 15010
2025-07-15 19:46:04,495 [Socket Reader #7 for port 15010] INFO  ipc.Server (Server.java:run(1474)) - Starting Socket Reader #7 for port 15010
2025-07-15 19:46:04,495 [Socket Reader #8 for port 15010] INFO  ipc.Server (Server.java:run(1474)) - Starting Socket Reader #8 for port 15010
2025-07-15 19:46:04,496 [Socket Reader #9 for port 15010] INFO  ipc.Server (Server.java:run(1474)) - Starting Socket Reader #9 for port 15010
2025-07-15 19:46:04,496 [Socket Reader #10 for port 15010] INFO  ipc.Server (Server.java:run(1474)) - Starting Socket Reader #10 for port 15010
2025-07-15 19:46:04,498 [main] INFO  http.BaseHttpServer (BaseHttpServer.java:newHttpServer2BuilderForOzone(229)) - Starting Web-server for ozoneManager at: http://0.0.0.0:15011
2025-07-15 19:46:04,498 [main] INFO  http.BaseHttpServer (BaseHttpServer.java:<init>(107)) - Hadoop Security Enabled: false Ozone Security Enabled: false Ozone HTTP Security Enabled: false 
2025-07-15 19:46:04,499 [main] WARN  server.AuthenticationFilter (AuthenticationFilter.java:constructSecretProvider(240)) - Unable to initialize FileSignerSecretProvider, falling back to use random secrets. Reason: Could not read signature secret file: /home/runner/hadoop-http-auth-signature-secret
2025-07-15 19:46:04,501 [main] INFO  http.HttpServer2 (HttpServer2.java:addGlobalFilter(1042)) - Added global filter 'safety' (class=org.apache.hadoop.hdds.server.http.HttpServer2$QuotingInputFilter)
2025-07-15 19:46:04,501 [main] INFO  http.HttpServer2 (HttpServer2.java:addFilter(1018)) - Added filter static_user_filter (class=org.apache.hadoop.http.lib.StaticUserWebFilter$StaticUserFilter) to context ozoneManager
2025-07-15 19:46:04,502 [main] INFO  http.HttpServer2 (HttpServer2.java:addFilter(1026)) - Added filter static_user_filter (class=org.apache.hadoop.http.lib.StaticUserWebFilter$StaticUserFilter) to context static
2025-07-15 19:46:04,502 [main] INFO  http.HttpServer2 (HttpServer2.java:addFilter(1026)) - Added filter static_user_filter (class=org.apache.hadoop.http.lib.StaticUserWebFilter$StaticUserFilter) to context logs
2025-07-15 19:46:04,502 [main] INFO  http.BaseHttpServer (BaseHttpServer.java:<init>(195)) - HTTP server of ozoneManager uses base directory /home/runner/work/ozone/ozone/hadoop-ozone/integration-test/target/test-dir/MiniOzoneClusterImpl-0e8a6840-8092-433d-9bbe-2fd65d18bfc8/omNode-2/webserver
2025-07-15 19:46:04,502 [main] INFO  http.HttpServer2 (HttpServer2.java:bindListener(1242)) - Jetty bound to port 15011
2025-07-15 19:46:04,502 [main] INFO  server.Server (Server.java:doStart(375)) - jetty-9.4.57.v20241219; built: 2025-01-08T21:24:30.412Z; git: df524e6b29271c2e09ba9aea83c18dc9db464a31; jvm 21.0.7+6-LTS
2025-07-15 19:46:04,504 [main] INFO  server.session (DefaultSessionIdManager.java:doStart(334)) - DefaultSessionIdManager workerName=node0
2025-07-15 19:46:04,504 [main] INFO  server.session (DefaultSessionIdManager.java:doStart(339)) - No SessionScavenger set, using defaults
2025-07-15 19:46:04,504 [main] INFO  server.session (HouseKeeper.java:startScavenging(132)) - node0 Scavenging every 660000ms
2025-07-15 19:46:04,505 [main] INFO  handler.ContextHandler (ContextHandler.java:doStart(921)) - Started o.e.j.s.ServletContextHandler@71671559{logs,/logs,file:///home/runner/work/ozone/ozone/hadoop-ozone/integration-test/target/log,AVAILABLE}
2025-07-15 19:46:04,505 [main] INFO  handler.ContextHandler (ContextHandler.java:doStart(921)) - Started o.e.j.s.ServletContextHandler@21a1b8b0{static,/static,file:///home/runner/work/ozone/ozone/hadoop-ozone/integration-test/target/test-classes/webapps/static,AVAILABLE}
2025-07-15 19:46:04,509 [main] INFO  handler.ContextHandler (ContextHandler.java:doStart(921)) - Started o.e.j.w.WebAppContext@c2247c{ozoneManager,/,file:///home/runner/work/ozone/ozone/hadoop-ozone/integration-test/target/test-classes/webapps/ozoneManager/,AVAILABLE}{file:/home/runner/work/ozone/ozone/hadoop-ozone/integration-test/target/test-classes/webapps/ozoneManager}
2025-07-15 19:46:04,510 [main] INFO  server.AbstractConnector (AbstractConnector.java:doStart(333)) - Started ServerConnector@5aa547e{HTTP/1.1, (http/1.1)}{0.0.0.0:15011}
2025-07-15 19:46:04,510 [main] INFO  server.Server (Server.java:doStart(415)) - Started @27709ms
2025-07-15 19:46:04,510 [main] WARN  impl.MetricsSystemImpl (MetricsSystemImpl.java:register(279)) - Sink prometheus already exists!
2025-07-15 19:46:04,510 [main] INFO  http.BaseHttpServer (BaseHttpServer.java:updateConnectorAddress(359)) - HTTP server of ozoneManager listening at http://localhost:15011
2025-07-15 19:46:04,510 [IPC Server Responder] INFO  ipc.Server (Server.java:run(1713)) - IPC Server Responder: starting
2025-07-15 19:46:04,511 [IPC Server listener on 15010] INFO  ipc.Server (Server.java:run(1553)) - IPC Server listener on 15010: starting
2025-07-15 19:46:04,513 [main] INFO  om.OzoneManager (OzoneManager.java:startTrashEmptier(2290)) - Trash Interval set to 0. Files deleted won't move to trash
2025-07-15 19:46:04,926 [omNode-1@group-C0483FFA3DBE-FollowerState] INFO  impl.FollowerState (FollowerState.java:runImpl(161)) - omNode-1@group-C0483FFA3DBE-FollowerState: change to CANDIDATE, lastRpcElapsedTime:2086244284ns, electionTimeout:1118ms
2025-07-15 19:46:04,926 [omNode-1@group-C0483FFA3DBE-FollowerState] INFO  impl.RoleInfo (RoleInfo.java:shutdownFollowerState(121)) - omNode-1: shutdown omNode-1@group-C0483FFA3DBE-FollowerState
2025-07-15 19:46:04,926 [omNode-1@group-C0483FFA3DBE-FollowerState] INFO  server.RaftServer$Division (RaftServerImpl.java:setRole(392)) - omNode-1@group-C0483FFA3DBE: changes role from  FOLLOWER to CANDIDATE at term 2 for changeToCandidate
2025-07-15 19:46:04,926 [omNode-1@group-C0483FFA3DBE-FollowerState] INFO  impl.RoleInfo (RoleInfo.java:updateAndGet(148)) - omNode-1: start omNode-1@group-C0483FFA3DBE-LeaderElection11
2025-07-15 19:46:04,927 [omNode-1@group-C0483FFA3DBE-LeaderElection11] INFO  server.RaftServer$Division (ServerState.java:setLeader(272)) - omNode-1@group-C0483FFA3DBE: change Leader from omNode-2 to null at term 2 for PRE_VOTE
2025-07-15 19:46:04,927 [omNode-1@group-C0483FFA3DBE-LeaderElection11] INFO  impl.LeaderElection (LeaderElection.java:askForVotes(448)) - omNode-1@group-C0483FFA3DBE-LeaderElection11 PRE_VOTE round 0: submit vote requests at term 2 for conf: {index: 173, cur=peers:[omNode-3|localhost:15017, omNode-1|localhost:15009, omNode-2|localhost:15013]|listeners:[], old=null}
2025-07-15 19:46:04,927 [omNode-1@group-C0483FFA3DBE-LeaderElection11-1] INFO  server.GrpcServerProtocolClient (GrpcServerProtocolClient.java:<init>(65)) - Build channel for omNode-3|localhost:15017
2025-07-15 19:46:04,927 [omNode-1@group-C0483FFA3DBE-LeaderElection11-2] INFO  server.GrpcServerProtocolClient (GrpcServerProtocolClient.java:<init>(65)) - Build channel for omNode-2|localhost:15013
2025-07-15 19:46:04,931 [grpc-default-executor-1] INFO  server.RaftServer$Division (RaftServerImpl.java:requestVote(1421)) - omNode-3@group-C0483FFA3DBE: receive requestVote(PRE_VOTE, omNode-1, group-C0483FFA3DBE, 2, (t:2, i:183))
2025-07-15 19:46:04,931 [grpc-default-executor-1] INFO  impl.VoteContext (VoteContext.java:log(49)) - omNode-3@group-C0483FFA3DBE-FOLLOWER: accept PRE_VOTE from omNode-1: our priority 0 <= candidate's priority 0
2025-07-15 19:46:04,931 [grpc-default-executor-1] INFO  server.RaftServer$Division (RaftServerImpl.java:requestVote(1455)) - omNode-3@group-C0483FFA3DBE replies to PRE_VOTE vote request: omNode-1<-omNode-3#0:OK-t2-last:(t:2, i:183). Peer's state: omNode-3@group-C0483FFA3DBE:t2, leader=omNode-2, voted=omNode-2, raftlog=Memoized:omNode-3@group-C0483FFA3DBE-SegmentedRaftLog:OPENED:c182:last(t:2, i:183), conf=conf: {index: 173, cur=peers:[omNode-3|localhost:15017, omNode-1|localhost:15009, omNode-2|localhost:15013]|listeners:[], old=null}
2025-07-15 19:46:04,931 [grpc-default-executor-2] INFO  server.RaftServer$Division (RaftServerImpl.java:requestVote(1421)) - omNode-2@group-C0483FFA3DBE: receive requestVote(PRE_VOTE, omNode-1, group-C0483FFA3DBE, 2, (t:2, i:183))
2025-07-15 19:46:04,932 [grpc-default-executor-2] INFO  impl.VoteContext (VoteContext.java:log(49)) - omNode-2@group-C0483FFA3DBE-FOLLOWER: accept PRE_VOTE from omNode-1: our priority 0 <= candidate's priority 0
2025-07-15 19:46:04,932 [grpc-default-executor-2] INFO  server.RaftServer$Division (RaftServerImpl.java:requestVote(1455)) - omNode-2@group-C0483FFA3DBE replies to PRE_VOTE vote request: omNode-1<-omNode-2#0:OK-t2-last:(t:2, i:183). Peer's state: omNode-2@group-C0483FFA3DBE:t2, leader=null, voted=omNode-2, raftlog=Memoized:omNode-2@group-C0483FFA3DBE-SegmentedRaftLog:OPENED:c183:last(t:2, i:183), conf=conf: {index: 173, cur=peers:[omNode-3|localhost:15017, omNode-1|localhost:15009, omNode-2|localhost:15013]|listeners:[], old=null}
2025-07-15 19:46:04,932 [omNode-1@group-C0483FFA3DBE-LeaderElection11] INFO  impl.LeaderElection (LeaderElection.java:logAndReturn(206)) - omNode-1@group-C0483FFA3DBE-LeaderElection11: PRE_VOTE PASSED received 1 response(s) and 0 exception(s):
2025-07-15 19:46:04,932 [omNode-1@group-C0483FFA3DBE-LeaderElection11] INFO  impl.LeaderElection (LeaderElection.java:logAndReturn(210)) -   Response 0: omNode-1<-omNode-3#0:OK-t2-last:(t:2, i:183)
2025-07-15 19:46:04,933 [omNode-1@group-C0483FFA3DBE-LeaderElection11] INFO  impl.LeaderElection (LeaderElection.java:askForVotes(450)) - omNode-1@group-C0483FFA3DBE-LeaderElection11 PRE_VOTE round 0: result PASSED
2025-07-15 19:46:04,934 [omNode-1@group-C0483FFA3DBE-LeaderElection11] INFO  impl.LeaderElection (LeaderElection.java:askForVotes(448)) - omNode-1@group-C0483FFA3DBE-LeaderElection11 ELECTION round 0: submit vote requests at term 3 for conf: {index: 173, cur=peers:[omNode-3|localhost:15017, omNode-1|localhost:15009, omNode-2|localhost:15013]|listeners:[], old=null}
2025-07-15 19:46:04,935 [grpc-default-executor-2] INFO  server.RaftServer$Division (RaftServerImpl.java:requestVote(1421)) - omNode-3@group-C0483FFA3DBE: receive requestVote(ELECTION, omNode-1, group-C0483FFA3DBE, 3, (t:2, i:183))
2025-07-15 19:46:04,935 [grpc-default-executor-2] INFO  impl.VoteContext (VoteContext.java:log(49)) - omNode-3@group-C0483FFA3DBE-FOLLOWER: accept ELECTION from omNode-1: our priority 0 <= candidate's priority 0
2025-07-15 19:46:04,935 [grpc-default-executor-2] INFO  server.RaftServer$Division (RaftServerImpl.java:setRole(392)) - omNode-3@group-C0483FFA3DBE: changes role from  FOLLOWER to FOLLOWER at term 2 for candidate:omNode-1
2025-07-15 19:46:04,935 [grpc-default-executor-2] INFO  impl.RoleInfo (RoleInfo.java:shutdownFollowerState(121)) - omNode-3: shutdown omNode-3@group-C0483FFA3DBE-FollowerState
2025-07-15 19:46:04,935 [grpc-default-executor-2] INFO  server.RaftServer$Division (ServerState.java:setLeader(272)) - omNode-3@group-C0483FFA3DBE: change Leader from omNode-2 to null at term 3 for updateCurrentTerm
2025-07-15 19:46:04,935 [grpc-default-executor-2] INFO  impl.RoleInfo (RoleInfo.java:updateAndGet(148)) - omNode-3: start omNode-3@group-C0483FFA3DBE-FollowerState
2025-07-15 19:46:04,935 [grpc-default-executor-1] INFO  server.RaftServer$Division (RaftServerImpl.java:requestVote(1421)) - omNode-2@group-C0483FFA3DBE: receive requestVote(ELECTION, omNode-1, group-C0483FFA3DBE, 3, (t:2, i:183))
2025-07-15 19:46:04,936 [grpc-default-executor-1] INFO  impl.VoteContext (VoteContext.java:log(49)) - omNode-2@group-C0483FFA3DBE-FOLLOWER: accept ELECTION from omNode-1: our priority 0 <= candidate's priority 0
2025-07-15 19:46:04,936 [grpc-default-executor-1] INFO  server.RaftServer$Division (RaftServerImpl.java:setRole(392)) - omNode-2@group-C0483FFA3DBE: changes role from  FOLLOWER to FOLLOWER at term 2 for candidate:omNode-1
2025-07-15 19:46:04,936 [grpc-default-executor-1] INFO  impl.RoleInfo (RoleInfo.java:shutdownFollowerState(121)) - omNode-2: shutdown omNode-2@group-C0483FFA3DBE-FollowerState
2025-07-15 19:46:04,936 [grpc-default-executor-1] INFO  impl.RoleInfo (RoleInfo.java:updateAndGet(148)) - omNode-2: start omNode-2@group-C0483FFA3DBE-FollowerState
2025-07-15 19:46:04,936 [omNode-3@group-C0483FFA3DBE-FollowerState] INFO  impl.FollowerState (FollowerState.java:runImpl(170)) - omNode-3@group-C0483FFA3DBE-FollowerState was interrupted
2025-07-15 19:46:04,936 [grpc-default-executor-1] INFO  server.RaftServer$Division (RaftServerImpl.java:setFirstElection(576)) - omNode-2@group-C0483FFA3DBE: set firstElectionSinceStartup to false for candidate:omNode-1
2025-07-15 19:46:04,936 [omNode-2@group-C0483FFA3DBE-FollowerState] INFO  impl.FollowerState (FollowerState.java:runImpl(170)) - omNode-2@group-C0483FFA3DBE-FollowerState was interrupted
2025-07-15 19:46:04,937 [grpc-default-executor-2] INFO  server.RaftServer$Division (RaftServerImpl.java:requestVote(1455)) - omNode-3@group-C0483FFA3DBE replies to ELECTION vote request: omNode-1<-omNode-3#0:OK-t3-last:(t:2, i:183). Peer's state: omNode-3@group-C0483FFA3DBE:t3, leader=null, voted=omNode-1, raftlog=Memoized:omNode-3@group-C0483FFA3DBE-SegmentedRaftLog:OPENED:c182:last(t:2, i:183), conf=conf: {index: 173, cur=peers:[omNode-3|localhost:15017, omNode-1|localhost:15009, omNode-2|localhost:15013]|listeners:[], old=null}
2025-07-15 19:46:04,938 [grpc-default-executor-1] INFO  server.RaftServer$Division (RaftServerImpl.java:requestVote(1455)) - omNode-2@group-C0483FFA3DBE replies to ELECTION vote request: omNode-1<-omNode-2#0:OK-t3-last:(t:2, i:183). Peer's state: omNode-2@group-C0483FFA3DBE:t3, leader=null, voted=omNode-1, raftlog=Memoized:omNode-2@group-C0483FFA3DBE-SegmentedRaftLog:OPENED:c183:last(t:2, i:183), conf=conf: {index: 173, cur=peers:[omNode-3|localhost:15017, omNode-1|localhost:15009, omNode-2|localhost:15013]|listeners:[], old=null}
2025-07-15 19:46:04,938 [omNode-1@group-C0483FFA3DBE-LeaderElection11] INFO  impl.LeaderElection (LeaderElection.java:logAndReturn(206)) - omNode-1@group-C0483FFA3DBE-LeaderElection11: ELECTION PASSED received 1 response(s) and 0 exception(s):
2025-07-15 19:46:04,938 [omNode-1@group-C0483FFA3DBE-LeaderElection11] INFO  impl.LeaderElection (LeaderElection.java:logAndReturn(210)) -   Response 0: omNode-1<-omNode-3#0:OK-t3-last:(t:2, i:183)
2025-07-15 19:46:04,938 [omNode-1@group-C0483FFA3DBE-LeaderElection11] INFO  impl.LeaderElection (LeaderElection.java:askForVotes(450)) - omNode-1@group-C0483FFA3DBE-LeaderElection11 ELECTION round 0: result PASSED
2025-07-15 19:46:04,938 [omNode-1@group-C0483FFA3DBE-LeaderElection11] INFO  impl.RoleInfo (RoleInfo.java:shutdownLeaderElection(141)) - omNode-1: shutdown omNode-1@group-C0483FFA3DBE-LeaderElection11
2025-07-15 19:46:04,939 [omNode-1@group-C0483FFA3DBE-LeaderElection11] INFO  server.RaftServer$Division (RaftServerImpl.java:setRole(392)) - omNode-1@group-C0483FFA3DBE: changes role from CANDIDATE to LEADER at term 3 for changeToLeader
2025-07-15 19:46:04,939 [omNode-1@group-C0483FFA3DBE-LeaderElection11] INFO  server.RaftServerConfigKeys (ConfUtils.java:logFallback(69)) - raft.server.staging.timeout = 3600ms (fallback to raft.server.rpc.timeout.max)
2025-07-15 19:46:04,940 [omNode-1@group-C0483FFA3DBE-LeaderElection11] INFO  server.RaftServerConfigKeys (ConfUtils.java:logGet(62)) - raft.server.log.appender.buffer.byte-limit = 4194304 (custom)
2025-07-15 19:46:04,941 [omNode-1@group-C0483FFA3DBE-LeaderElection11] INFO  server.RaftServerConfigKeys (ConfUtils.java:logGet(62)) - raft.server.log.appender.buffer.byte-limit = 4194304 (custom)
2025-07-15 19:46:04,942 [omNode-1@group-C0483FFA3DBE-LeaderElection11] INFO  impl.RoleInfo (RoleInfo.java:updateAndGet(148)) - omNode-1: start omNode-1@group-C0483FFA3DBE-LeaderStateImpl
2025-07-15 19:46:04,942 [omNode-1@group-C0483FFA3DBE-LeaderElection11] INFO  ratis.OzoneManagerStateMachine (OzoneManagerStateMachine.java:notifyLeaderChanged(174)) - omNode-1@group-C0483FFA3DBE: leader changed to omNode-1
2025-07-15 19:46:04,942 [omNode-1@group-C0483FFA3DBE-LeaderElection11] INFO  server.RaftServer$Division (ServerState.java:setLeader(272)) - omNode-1@group-C0483FFA3DBE: change Leader from null to omNode-1 at term 3 for becomeLeader, leader elected after 15ms
2025-07-15 19:46:04,942 [omNode-1@group-C0483FFA3DBE-LeaderElection11] INFO  segmented.SegmentedRaftLogWorker (SegmentedRaftLogWorker.java:rollLogSegment(445)) - omNode-1@group-C0483FFA3DBE-SegmentedRaftLogWorker: Rolling segment log-173_183 to index:183
2025-07-15 19:46:04,943 [omNode-1@group-C0483FFA3DBE-LeaderElection11] INFO  server.RaftServer$Division (ServerState.java:setRaftConf(386)) - omNode-1@group-C0483FFA3DBE: set configuration conf: {index: 184, cur=peers:[omNode-3|localhost:15017, omNode-1|localhost:15009, omNode-2|localhost:15013]|listeners:[], old=null}
2025-07-15 19:46:04,944 [omNode-1@group-C0483FFA3DBE-SegmentedRaftLogWorker] INFO  segmented.SegmentedRaftLogWorker (SegmentedRaftLogWorker.java:execute(604)) - omNode-1@group-C0483FFA3DBE-SegmentedRaftLogWorker: Rolled log segment from /home/runner/work/ozone/ozone/hadoop-ozone/integration-test/target/test-dir/MiniOzoneClusterImpl-0e8a6840-8092-433d-9bbe-2fd65d18bfc8/omNode-1/ratis/3bf88a72-722a-315e-b909-c0483ffa3dbe/current/log_inprogress_173 to /home/runner/work/ozone/ozone/hadoop-ozone/integration-test/target/test-dir/MiniOzoneClusterImpl-0e8a6840-8092-433d-9bbe-2fd65d18bfc8/omNode-1/ratis/3bf88a72-722a-315e-b909-c0483ffa3dbe/current/log_173-183
2025-07-15 19:46:04,944 [omNode-1@group-C0483FFA3DBE-SegmentedRaftLogWorker] INFO  segmented.BufferedWriteChannel (BufferedWriteChannel.java:open(61)) - open log_inprogress_184 at position 0
2025-07-15 19:46:04,950 [grpc-default-executor-2] INFO  ratis.OzoneManagerStateMachine (OzoneManagerStateMachine.java:notifyLeaderChanged(174)) - omNode-3@group-C0483FFA3DBE: leader changed to omNode-1
2025-07-15 19:46:04,950 [grpc-default-executor-2] INFO  server.RaftServer$Division (ServerState.java:setLeader(272)) - omNode-3@group-C0483FFA3DBE: change Leader from null to omNode-1 at term 3 for appendEntries, leader elected after 14ms
2025-07-15 19:46:04,951 [grpc-default-executor-2] INFO  ratis.OzoneManagerStateMachine (OzoneManagerStateMachine.java:notifyLeaderChanged(174)) - omNode-2@group-C0483FFA3DBE: leader changed to omNode-1
2025-07-15 19:46:04,952 [grpc-default-executor-2] INFO  server.RaftServer$Division (ServerState.java:setLeader(272)) - omNode-2@group-C0483FFA3DBE: change Leader from null to omNode-1 at term 3 for appendEntries, leader elected after 961ms
2025-07-15 19:46:04,952 [grpc-default-executor-2] INFO  server.RaftServer$Division (ServerState.java:setRaftConf(386)) - omNode-2@group-C0483FFA3DBE: set configuration conf: {index: 184, cur=peers:[omNode-3|localhost:15017, omNode-1|localhost:15009, omNode-2|localhost:15013]|listeners:[], old=null}
2025-07-15 19:46:04,952 [grpc-default-executor-2] INFO  segmented.SegmentedRaftLogWorker (SegmentedRaftLogWorker.java:rollLogSegment(445)) - omNode-2@group-C0483FFA3DBE-SegmentedRaftLogWorker: Rolling segment log-173_183 to index:183
2025-07-15 19:46:04,953 [grpc-default-executor-4] INFO  server.RaftServer$Division (ServerState.java:setRaftConf(386)) - omNode-3@group-C0483FFA3DBE: set configuration conf: {index: 184, cur=peers:[omNode-3|localhost:15017, omNode-1|localhost:15009, omNode-2|localhost:15013]|listeners:[], old=null}
2025-07-15 19:46:04,953 [grpc-default-executor-4] INFO  segmented.SegmentedRaftLogWorker (SegmentedRaftLogWorker.java:rollLogSegment(445)) - omNode-3@group-C0483FFA3DBE-SegmentedRaftLogWorker: Rolling segment log-173_183 to index:183
2025-07-15 19:46:04,954 [omNode-2@group-C0483FFA3DBE-SegmentedRaftLogWorker] INFO  segmented.SegmentedRaftLogWorker (SegmentedRaftLogWorker.java:execute(604)) - omNode-2@group-C0483FFA3DBE-SegmentedRaftLogWorker: Rolled log segment from /home/runner/work/ozone/ozone/hadoop-ozone/integration-test/target/test-dir/MiniOzoneClusterImpl-0e8a6840-8092-433d-9bbe-2fd65d18bfc8/omNode-2/ratis/3bf88a72-722a-315e-b909-c0483ffa3dbe/current/log_inprogress_173 to /home/runner/work/ozone/ozone/hadoop-ozone/integration-test/target/test-dir/MiniOzoneClusterImpl-0e8a6840-8092-433d-9bbe-2fd65d18bfc8/omNode-2/ratis/3bf88a72-722a-315e-b909-c0483ffa3dbe/current/log_173-183
2025-07-15 19:46:04,955 [omNode-2@group-C0483FFA3DBE-SegmentedRaftLogWorker] INFO  segmented.BufferedWriteChannel (BufferedWriteChannel.java:open(61)) - open log_inprogress_184 at position 0
2025-07-15 19:46:04,956 [omNode-3@group-C0483FFA3DBE-SegmentedRaftLogWorker] INFO  segmented.SegmentedRaftLogWorker (SegmentedRaftLogWorker.java:execute(604)) - omNode-3@group-C0483FFA3DBE-SegmentedRaftLogWorker: Rolled log segment from /home/runner/work/ozone/ozone/hadoop-ozone/integration-test/target/test-dir/MiniOzoneClusterImpl-0e8a6840-8092-433d-9bbe-2fd65d18bfc8/omNode-3/ratis/3bf88a72-722a-315e-b909-c0483ffa3dbe/current/log_inprogress_173 to /home/runner/work/ozone/ozone/hadoop-ozone/integration-test/target/test-dir/MiniOzoneClusterImpl-0e8a6840-8092-433d-9bbe-2fd65d18bfc8/omNode-3/ratis/3bf88a72-722a-315e-b909-c0483ffa3dbe/current/log_173-183
2025-07-15 19:46:04,956 [omNode-3@group-C0483FFA3DBE-SegmentedRaftLogWorker] INFO  segmented.BufferedWriteChannel (BufferedWriteChannel.java:open(61)) - open log_inprogress_184 at position 0
2025-07-15 19:46:04,972 [omNode-1@group-C0483FFA3DBE-SegmentedRaftLogWorker] INFO  segmented.SegmentedRaftLogWorker (SegmentedRaftLogWorker.java:execute(647)) - omNode-1@group-C0483FFA3DBE-SegmentedRaftLogWorker: created new log segment /home/runner/work/ozone/ozone/hadoop-ozone/integration-test/target/test-dir/MiniOzoneClusterImpl-0e8a6840-8092-433d-9bbe-2fd65d18bfc8/omNode-1/ratis/3bf88a72-722a-315e-b909-c0483ffa3dbe/current/log_inprogress_184
2025-07-15 19:46:04,972 [omNode-2@group-C0483FFA3DBE-SegmentedRaftLogWorker] INFO  segmented.SegmentedRaftLogWorker (SegmentedRaftLogWorker.java:execute(647)) - omNode-2@group-C0483FFA3DBE-SegmentedRaftLogWorker: created new log segment /home/runner/work/ozone/ozone/hadoop-ozone/integration-test/target/test-dir/MiniOzoneClusterImpl-0e8a6840-8092-433d-9bbe-2fd65d18bfc8/omNode-2/ratis/3bf88a72-722a-315e-b909-c0483ffa3dbe/current/log_inprogress_184
2025-07-15 19:46:04,973 [omNode-3@group-C0483FFA3DBE-SegmentedRaftLogWorker] INFO  segmented.SegmentedRaftLogWorker (SegmentedRaftLogWorker.java:execute(647)) - omNode-3@group-C0483FFA3DBE-SegmentedRaftLogWorker: created new log segment /home/runner/work/ozone/ozone/hadoop-ozone/integration-test/target/test-dir/MiniOzoneClusterImpl-0e8a6840-8092-433d-9bbe-2fd65d18bfc8/omNode-3/ratis/3bf88a72-722a-315e-b909-c0483ffa3dbe/current/log_inprogress_184
2025-07-15 19:46:04,975 [omNode-1-OMStateMachineApplyTransactionThread - 0] INFO  snapshot.OMSnapshotDeleteRequest (OMSnapshotDeleteRequest.java:validateAndUpdateCache(229)) - Deleted snapshot 'snapshot-9217881876' under path 'volume62899/bucket22342'
2025-07-15 19:46:04,975 [omNode-1@group-C0483FFA3DBE-StateMachineUpdater] INFO  ratis.OzoneManagerStateMachine (OzoneManagerStateMachine.java:notifyConfigurationChanged(236)) - notifyConfigurationChanged from Ratis: term=3, index=184, New Peer list: omNode-3(localhost:15017), omNode-1(localhost:15009), omNode-2(localhost:15013)
2025-07-15 19:46:04,975 [omNode-1@group-C0483FFA3DBE-StateMachineUpdater] INFO  server.RaftServer$Division (LeaderStateImpl.java:checkStartIndex(309)) - Leader omNode-1@group-C0483FFA3DBE-LeaderStateImpl is ready since appliedIndex == startIndex == 184
2025-07-15 19:46:05,476 [omNode-3-OMStateMachineApplyTransactionThread - 0] INFO  snapshot.OMSnapshotDeleteRequest (OMSnapshotDeleteRequest.java:validateAndUpdateCache(229)) - Deleted snapshot 'snapshot-9217881876' under path 'volume62899/bucket22342'
2025-07-15 19:46:05,477 [omNode-2@group-C0483FFA3DBE-StateMachineUpdater] INFO  ratis.OzoneManagerStateMachine (OzoneManagerStateMachine.java:notifyConfigurationChanged(236)) - notifyConfigurationChanged from Ratis: term=3, index=184, New Peer list: omNode-3(localhost:15017), omNode-1(localhost:15009), omNode-2(localhost:15013)
2025-07-15 19:46:05,479 [omNode-3@group-C0483FFA3DBE-StateMachineUpdater] INFO  ratis.OzoneManagerStateMachine (OzoneManagerStateMachine.java:notifyConfigurationChanged(236)) - notifyConfigurationChanged from Ratis: term=3, index=184, New Peer list: omNode-3(localhost:15017), omNode-1(localhost:15009), omNode-2(localhost:15013)
2025-07-15 19:46:05,805 [timer6] INFO  server.GrpcServerProtocolService (GrpcServerProtocolService.java:lambda$onCompleted$6(171)) - omNode-3: Completed APPEND_ENTRIES, lastRequest: null  (Repeated 4 times in the last 5.002s)
2025-07-15 19:46:05,806 [timer7] INFO  server.GrpcServerProtocolService (GrpcServerProtocolService.java:lambda$onCompleted$6(171)) - omNode-2: Completed APPEND_ENTRIES, lastRequest: omNode-1->omNode-2#537-t1,previous=(t:1, i:171),leaderCommit=171,initializing? false,entries: size=1, first=(t:1, i:172), STATEMACHINELOGENTRY, WRITE: logData.size=143, stateMachineData.size=0, logEntryProtoSerializedSize=0  (Repeated 2 times in the last 5.003s)
2025-07-15 19:46:05,865 [timer1] INFO  server.GrpcServerProtocolService (GrpcServerProtocolService.java:lambda$null$7(175)) - omNode-2: Completed APPEND_ENTRIES, lastReply: serverReply {
  requestorId: "omNode-1"
  replyId: "omNode-2"
  raftGroupId {
    id: ";\370\212rr*1^\271\t\300H?\372=\276"
  }
  callId: 14
  success: true
}
term: 1
nextIndex: 1
matchIndex: 18446744073709551615
isHearbeat: true
  (Repeated 2 times in the last 5.004s)
2025-07-15 19:46:05,865 [timer0] INFO  server.GrpcServerProtocolService (GrpcServerProtocolService.java:lambda$null$7(175)) - omNode-3: Completed APPEND_ENTRIES, lastReply: serverReply {
  requestorId: "omNode-2"
  replyId: "omNode-3"
  raftGroupId {
    id: ";\370\212rr*1^\271\t\300H?\372=\276"
  }
  success: true
}
term: 2
nextIndex: 173
followerCommit: 171
matchIndex: 18446744073709551615
isHearbeat: true
  (Repeated 4 times in the last 5.004s)
2025-07-15 19:46:05,880 [omNode-1-SnapshotDeletingService#0] INFO  service.SnapshotDeletingService (SnapshotDeletingService.java:call(147)) - Started Snapshot Deletion Processing for snapshot : /volume62899/bucket22342/snapshot-9217881876
2025-07-15 19:46:05,880 [omNode-1-SnapshotDeletingService#0] INFO  service.SnapshotDeletingService (SnapshotDeletingService.java:call(161)) - Snapshot: /volume62899/bucket22342/snapshot-9217881876 entries will be moved to next active snapshot: /volume62899/bucket22342/snapshot-9762763202
2025-07-15 19:46:05,881 [omNode-1-SnapshotDeletingService#0] INFO  snapshot.SnapshotCache (SnapshotCache.java:lambda$2(204)) - Loading SnapshotId: '8dba40f0-886d-4f6f-8a5f-260364f443b3'
2025-07-15 19:46:05,881 [omNode-1-SnapshotDeletingService#0] WARN  server.ServerUtils (ServerUtils.java:getDBPath(292)) - ozone.om.db.dirs is not configured. We recommend adding this setting. Falling back to ozone.metadata.dirs instead.
2025-07-15 19:46:05,904 [omNode-1-SnapshotDeletingService#0] INFO  service.SnapshotDeletingService (SnapshotDeletingService.java:call(147)) - Started Snapshot Deletion Processing for snapshot : /volume89380/bucket70530/snapshot-0855577529
2025-07-15 19:46:05,904 [omNode-1-SnapshotDeletingService#0] INFO  service.SnapshotDeletingService (SnapshotDeletingService.java:call(161)) - Snapshot: /volume89380/bucket70530/snapshot-0855577529 entries will be moved to next active snapshot: /volume89380/bucket70530/snapshot-4141238205
2025-07-15 19:46:05,904 [omNode-1-SnapshotDeletingService#0] INFO  snapshot.SnapshotCache (SnapshotCache.java:lambda$2(204)) - Loading SnapshotId: '1aa8f2ca-53d0-4b00-8362-6ccf3ee82ca6'
2025-07-15 19:46:05,904 [omNode-1-SnapshotDeletingService#0] WARN  server.ServerUtils (ServerUtils.java:getDBPath(292)) - ozone.om.db.dirs is not configured. We recommend adding this setting. Falling back to ozone.metadata.dirs instead.
2025-07-15 19:46:05,926 [omNode-1-SnapshotDeletingService#0] INFO  service.SnapshotDeletingService (SnapshotDeletingService.java:call(147)) - Started Snapshot Deletion Processing for snapshot : /volume44784/bucket19548/snapshot-7223314152
2025-07-15 19:46:05,927 [omNode-1-SnapshotDeletingService#0] INFO  service.SnapshotDeletingService (SnapshotDeletingService.java:call(161)) - Snapshot: /volume44784/bucket19548/snapshot-7223314152 entries will be moved to next active snapshot: /volume44784/bucket19548/snapshot-3960210803
2025-07-15 19:46:05,927 [omNode-1-SnapshotDeletingService#0] INFO  snapshot.SnapshotCache (SnapshotCache.java:lambda$2(204)) - Loading SnapshotId: '63b3d41d-7391-4fb4-8229-cef539dce2dc'
2025-07-15 19:46:05,927 [omNode-1-SnapshotDeletingService#0] WARN  server.ServerUtils (ServerUtils.java:getDBPath(292)) - ozone.om.db.dirs is not configured. We recommend adding this setting. Falling back to ozone.metadata.dirs instead.
2025-07-15 19:46:05,950 [omNode-1-SnapshotDeletingService#0] INFO  service.SnapshotDeletingService (SnapshotDeletingService.java:call(147)) - Started Snapshot Deletion Processing for snapshot : /volume50885/bucket67782/snapshot-0868064497
2025-07-15 19:46:05,950 [omNode-1-SnapshotDeletingService#0] INFO  service.SnapshotDeletingService (SnapshotDeletingService.java:call(161)) - Snapshot: /volume50885/bucket67782/snapshot-0868064497 entries will be moved to next active snapshot: /volume50885/bucket67782/snapshot-6693474903
2025-07-15 19:46:05,950 [omNode-1-SnapshotDeletingService#0] INFO  snapshot.SnapshotCache (SnapshotCache.java:lambda$2(204)) - Loading SnapshotId: '57c0fe4d-6bb5-41c4-82c2-cd698ebc2200'
2025-07-15 19:46:05,950 [omNode-1-SnapshotDeletingService#0] WARN  server.ServerUtils (ServerUtils.java:getDBPath(292)) - ozone.om.db.dirs is not configured. We recommend adding this setting. Falling back to ozone.metadata.dirs instead.
2025-07-15 19:46:05,970 [omNode-1-SnapshotDeletingService#0] INFO  service.SnapshotDeletingService (SnapshotDeletingService.java:call(147)) - Started Snapshot Deletion Processing for snapshot : /volume25061/bucket95366/snapshot-6187281517
2025-07-15 19:46:05,971 [omNode-1-SnapshotDeletingService#0] INFO  service.SnapshotDeletingService (SnapshotDeletingService.java:call(161)) - Snapshot: /volume25061/bucket95366/snapshot-6187281517 entries will be moved to next active snapshot: /volume25061/bucket95366/snapshot-4225711691
2025-07-15 19:46:05,971 [omNode-1-SnapshotDeletingService#0] INFO  snapshot.SnapshotCache (SnapshotCache.java:lambda$2(204)) - Loading SnapshotId: 'ceca8010-018f-45ca-a2c6-8a4a1798d803'
2025-07-15 19:46:05,971 [omNode-1-SnapshotDeletingService#0] WARN  server.ServerUtils (ServerUtils.java:getDBPath(292)) - ozone.om.db.dirs is not configured. We recommend adding this setting. Falling back to ozone.metadata.dirs instead.
2025-07-15 19:46:05,991 [omNode-1-SnapshotDeletingService#0] INFO  service.SnapshotDeletingService (SnapshotDeletingService.java:call(147)) - Started Snapshot Deletion Processing for snapshot : /volume65185/bucket38537/snapshot-8224031705
2025-07-15 19:46:05,991 [omNode-1-SnapshotDeletingService#0] INFO  service.SnapshotDeletingService (SnapshotDeletingService.java:call(161)) - Snapshot: /volume65185/bucket38537/snapshot-8224031705 entries will be moved to next active snapshot: /volume65185/bucket38537/snapshot-0789783673
2025-07-15 19:46:05,992 [omNode-1-SnapshotDeletingService#0] INFO  snapshot.SnapshotCache (SnapshotCache.java:lambda$2(204)) - Loading SnapshotId: '3a3c1018-f3a4-42c3-8c93-45819afe80cc'
2025-07-15 19:46:05,992 [omNode-1-SnapshotDeletingService#0] WARN  server.ServerUtils (ServerUtils.java:getDBPath(292)) - ozone.om.db.dirs is not configured. We recommend adding this setting. Falling back to ozone.metadata.dirs instead.
2025-07-15 19:46:06,012 [omNode-1-SnapshotDeletingService#0] INFO  service.SnapshotDeletingService (SnapshotDeletingService.java:call(147)) - Started Snapshot Deletion Processing for snapshot : /volume93011/bucket10902/snapshot-1112420154
2025-07-15 19:46:06,012 [omNode-1-SnapshotDeletingService#0] INFO  service.SnapshotDeletingService (SnapshotDeletingService.java:call(161)) - Snapshot: /volume93011/bucket10902/snapshot-1112420154 entries will be moved to next active snapshot: /volume93011/bucket10902/snapshot-1524611008
2025-07-15 19:46:06,012 [omNode-1-SnapshotDeletingService#0] INFO  snapshot.SnapshotCache (SnapshotCache.java:lambda$2(204)) - Loading SnapshotId: 'dc20b7dd-3806-4bc8-a03f-bff4a6f8f95d'
2025-07-15 19:46:06,012 [omNode-1-SnapshotDeletingService#0] WARN  server.ServerUtils (ServerUtils.java:getDBPath(292)) - ozone.om.db.dirs is not configured. We recommend adding this setting. Falling back to ozone.metadata.dirs instead.
2025-07-15 19:46:06,031 [omNode-1-SnapshotDeletingService#0] INFO  service.SnapshotDeletingService (SnapshotDeletingService.java:call(147)) - Started Snapshot Deletion Processing for snapshot : /volume38661/bucket53271/snapshot-7608072592
2025-07-15 19:46:06,031 [omNode-1-SnapshotDeletingService#0] INFO  service.SnapshotDeletingService (SnapshotDeletingService.java:call(161)) - Snapshot: /volume38661/bucket53271/snapshot-7608072592 entries will be moved to next active snapshot: /volume38661/bucket53271/snapshot-8915904941
2025-07-15 19:46:06,031 [omNode-1-SnapshotDeletingService#0] INFO  snapshot.SnapshotCache (SnapshotCache.java:lambda$2(204)) - Loading SnapshotId: '486f76d1-6d0f-4b6d-92b4-aaaa37bdb0b7'
2025-07-15 19:46:06,032 [omNode-1-SnapshotDeletingService#0] WARN  server.ServerUtils (ServerUtils.java:getDBPath(292)) - ozone.om.db.dirs is not configured. We recommend adding this setting. Falling back to ozone.metadata.dirs instead.
2025-07-15 19:46:06,051 [omNode-1-SnapshotDeletingService#0] INFO  service.SnapshotDeletingService (SnapshotDeletingService.java:call(147)) - Started Snapshot Deletion Processing for snapshot : /volume88620/bucket70916/snapshot-9669997971
2025-07-15 19:46:06,051 [omNode-1-SnapshotDeletingService#0] INFO  service.SnapshotDeletingService (SnapshotDeletingService.java:call(161)) - Snapshot: /volume88620/bucket70916/snapshot-9669997971 entries will be moved to next active snapshot: /volume88620/bucket70916/snapshot-2315152435
2025-07-15 19:46:06,052 [omNode-1-SnapshotDeletingService#0] INFO  snapshot.SnapshotCache (SnapshotCache.java:lambda$2(204)) - Loading SnapshotId: '92690f47-9c55-4550-b479-08ccadc02834'
2025-07-15 19:46:06,052 [omNode-1-SnapshotDeletingService#0] WARN  server.ServerUtils (ServerUtils.java:getDBPath(292)) - ozone.om.db.dirs is not configured. We recommend adding this setting. Falling back to ozone.metadata.dirs instead.
2025-07-15 19:46:06,072 [omNode-1-SnapshotDeletingService#0] INFO  service.SnapshotDeletingService (SnapshotDeletingService.java:call(147)) - Started Snapshot Deletion Processing for snapshot : /volume45943/bucket86319/snapshot-6986541493
2025-07-15 19:46:06,072 [omNode-1-SnapshotDeletingService#0] INFO  service.SnapshotDeletingService (SnapshotDeletingService.java:call(161)) - Snapshot: /volume45943/bucket86319/snapshot-6986541493 entries will be moved to next active snapshot: /volume45943/bucket86319/snapshot-1531970093
2025-07-15 19:46:06,072 [omNode-1-SnapshotDeletingService#0] WARN  snapshot.SnapshotCache (SnapshotCache.java:get(191)) - Snapshot cache size (11) exceeds configured soft-limit (10).
2025-07-15 19:46:06,072 [omNode-1-SnapshotDeletingService#0] INFO  snapshot.SnapshotCache (SnapshotCache.java:lambda$2(204)) - Loading SnapshotId: '7037bd8e-9f21-4d74-9406-b09fb2049a05'
2025-07-15 19:46:06,072 [omNode-1-SnapshotDeletingService#0] WARN  server.ServerUtils (ServerUtils.java:getDBPath(292)) - ozone.om.db.dirs is not configured. We recommend adding this setting. Falling back to ozone.metadata.dirs instead.
2025-07-15 19:46:06,102 [omNode-1-OMStateMachineApplyTransactionThread - 0] INFO  snapshot.OMSnapshotPurgeRequest (OMSnapshotPurgeRequest.java:validateAndUpdateCache(126)) - Successfully executed snapshotPurgeRequest: {snapshotDBKeys: "/volume62899/bucket22342/snapshot-9217881876"
snapshotDBKeys: "/volume89380/bucket70530/snapshot-0855577529"
snapshotDBKeys: "/volume44784/bucket19548/snapshot-7223314152"
snapshotDBKeys: "/volume50885/bucket67782/snapshot-0868064497"
snapshotDBKeys: "/volume25061/bucket95366/snapshot-6187281517"
snapshotDBKeys: "/volume65185/bucket38537/snapshot-8224031705"
snapshotDBKeys: "/volume93011/bucket10902/snapshot-1112420154"
snapshotDBKeys: "/volume38661/bucket53271/snapshot-7608072592"
snapshotDBKeys: "/volume88620/bucket70916/snapshot-9669997971"
snapshotDBKeys: "/volume45943/bucket86319/snapshot-6986541493"
} along with updating snapshots:{/volume65185/bucket38537/snapshot-7040199074=SnapshotInfo{snapshotId: 'b0c29386-21a2-49fb-9076-203e73d4a697', name: 'snapshot-7040199074', volumeName: 'volume65185', bucketName: 'bucket38537', snapshotStatus: 'SNAPSHOT_ACTIVE', creationTime: '1752608760302', deletionTime: '-1', pathPreviousSnapshotId: '8ca23fac-56fc-4cdf-a0b7-9646e09b3c40', globalPreviousSnapshotId: '2e0073ab-2bc8-45ed-afd6-347cf4d885d4', snapshotPath: 'volume65185/bucket38537', checkpointDir: '-b0c29386-21a2-49fb-9076-203e73d4a697', dbTxSequenceNumber: '369', deepClean: 'false', sstFiltered: 'false', referencedSize: '51200', referencedReplicatedSize: '153600', exclusiveSize: '0', exclusiveReplicatedSize: '0', exclusiveSizeDeltaFromDirDeepCleaning: '0', exclusiveReplicatedSizeDeltaFromDirDeepCleaning: '0', deepCleanedDeletedDir: 'false', lastTransactionInfo: '<ByteString@786488bd size=5>'}, /volume44784/bucket19548/snapshot-5092149821=SnapshotInfo{snapshotId: '49903e94-b15d-44fe-b464-b26b5a491713', name: 'snapshot-5092149821', volumeName: 'volume44784', bucketName: 'bucket19548', snapshotStatus: 'SNAPSHOT_ACTIVE', creationTime: '1752608760558', deletionTime: '-1', pathPreviousSnapshotId: '7ca365e8-2e3d-4455-8c9f-dbd9635aeaf1', globalPreviousSnapshotId: 'b32f5f8a-de0a-4f3d-aa56-939e17a572cf', snapshotPath: 'volume44784/bucket19548', checkpointDir: '-49903e94-b15d-44fe-b464-b26b5a491713', dbTxSequenceNumber: '387', deepClean: 'false', sstFiltered: 'false', referencedSize: '51200', referencedReplicatedSize: '153600', exclusiveSize: '0', exclusiveReplicatedSize: '0', exclusiveSizeDeltaFromDirDeepCleaning: '0', exclusiveReplicatedSizeDeltaFromDirDeepCleaning: '0', deepCleanedDeletedDir: 'false', lastTransactionInfo: '<ByteString@28cecbf3 size=5>'}, /volume62899/bucket22342/snapshot-9762763202=SnapshotInfo{snapshotId: '03eaa082-480a-4ac4-8cc9-63d06f5b4878', name: 'snapshot-9762763202', volumeName: 'volume62899', bucketName: 'bucket22342', snapshotStatus: 'SNAPSHOT_ACTIVE', creationTime: '1752608759827', deletionTime: '-1', pathPreviousSnapshotId: '9d5cee99-51da-4433-8682-3bc7b69ee11d', globalPreviousSnapshotId: '8a89a243-2418-4e99-a4cf-1e4438ad0a1d', snapshotPath: 'volume62899/bucket22342', checkpointDir: '-03eaa082-480a-4ac4-8cc9-63d06f5b4878', dbTxSequenceNumber: '336', deepClean: 'false', sstFiltered: 'false', referencedSize: '40960', referencedReplicatedSize: '122880', exclusiveSize: '0', exclusiveReplicatedSize: '0', exclusiveSizeDeltaFromDirDeepCleaning: '0', exclusiveReplicatedSizeDeltaFromDirDeepCleaning: '0', deepCleanedDeletedDir: 'false', lastTransactionInfo: '<ByteString@65abfbb2 size=5>'}, /volume38661/bucket53271/snapshot-4034709723=SnapshotInfo{snapshotId: '8361e293-fab5-4c17-9229-f42ad027ab4c', name: 'snapshot-4034709723', volumeName: 'volume38661', bucketName: 'bucket53271', snapshotStatus: 'SNAPSHOT_ACTIVE', creationTime: '1752608760107', deletionTime: '-1', pathPreviousSnapshotId: '858d598e-82b9-47e3-9b26-25fdd3284704', globalPreviousSnapshotId: '7872e1cc-d742-447e-a9a6-6be288862df4', snapshotPath: 'volume38661/bucket53271', checkpointDir: '-8361e293-fab5-4c17-9229-f42ad027ab4c', dbTxSequenceNumber: '357', deepClean: 'false', sstFiltered: 'false', referencedSize: '51200', referencedReplicatedSize: '153600', exclusiveSize: '0', exclusiveReplicatedSize: '0', exclusiveSizeDeltaFromDirDeepCleaning: '0', exclusiveReplicatedSizeDeltaFromDirDeepCleaning: '0', deepCleanedDeletedDir: 'false', lastTransactionInfo: '<ByteString@119b9a1f size=5>'}, /volume88620/bucket70916/snapshot-2315152435=SnapshotInfo{snapshotId: '9a6fb03d-ed72-4405-9ede-47833d076aea', name: 'snapshot-2315152435', volumeName: 'volume88620', bucketName: 'bucket70916', snapshotStatus: 'SNAPSHOT_ACTIVE', creationTime: '1752608759107', deletionTime: '-1', pathPreviousSnapshotId: 'a85bdd03-fe73-4088-8b5d-123c8ba9d7ec', globalPreviousSnapshotId: '93b5ae67-6a7b-4967-929e-130f933c73cb', snapshotPath: 'volume88620/bucket70916', checkpointDir: '-9a6fb03d-ed72-4405-9ede-47833d076aea', dbTxSequenceNumber: '285', deepClean: 'false', sstFiltered: 'false', referencedSize: '40960', referencedReplicatedSize: '122880', exclusiveSize: '0', exclusiveReplicatedSize: '0', exclusiveSizeDeltaFromDirDeepCleaning: '0', exclusiveReplicatedSizeDeltaFromDirDeepCleaning: '0', deepCleanedDeletedDir: 'false', lastTransactionInfo: '<ByteString@4d66c9f1 size=5>'}, /volume45943/bucket86319/snapshot-1531970093=SnapshotInfo{snapshotId: '93b5ae67-6a7b-4967-929e-130f933c73cb', name: 'snapshot-1531970093', volumeName: 'volume45943', bucketName: 'bucket86319', snapshotStatus: 'SNAPSHOT_ACTIVE', creationTime: '1752608759034', deletionTime: '-1', pathPreviousSnapshotId: '9c56a51c-b7a1-4bbb-aca3-a25faf898f6f', globalPreviousSnapshotId: '9d5cee99-51da-4433-8682-3bc7b69ee11d', snapshotPath: 'volume45943/bucket86319', checkpointDir: '-93b5ae67-6a7b-4967-929e-130f933c73cb', dbTxSequenceNumber: '279', deepClean: 'false', sstFiltered: 'false', referencedSize: '40960', referencedReplicatedSize: '122880', exclusiveSize: '0', exclusiveReplicatedSize: '0', exclusiveSizeDeltaFromDirDeepCleaning: '0', exclusiveReplicatedSizeDeltaFromDirDeepCleaning: '0', deepCleanedDeletedDir: 'false', lastTransactionInfo: '<ByteString@13a902fd size=5>'}, /volume93011/bucket10902/snapshot-0923028349=SnapshotInfo{snapshotId: '2e0073ab-2bc8-45ed-afd6-347cf4d885d4', name: 'snapshot-0923028349', volumeName: 'volume93011', bucketName: 'bucket10902', snapshotStatus: 'SNAPSHOT_ACTIVE', creationTime: '1752608760213', deletionTime: '-1', pathPreviousSnapshotId: '135d03d8-1428-4887-b498-756343c0772a', globalPreviousSnapshotId: '8361e293-fab5-4c17-9229-f42ad027ab4c', snapshotPath: 'volume93011/bucket10902', checkpointDir: '-2e0073ab-2bc8-45ed-afd6-347cf4d885d4', dbTxSequenceNumber: '363', deepClean: 'false', sstFiltered: 'false', referencedSize: '51200', referencedReplicatedSize: '153600', exclusiveSize: '0', exclusiveReplicatedSize: '0', exclusiveSizeDeltaFromDirDeepCleaning: '0', exclusiveReplicatedSizeDeltaFromDirDeepCleaning: '0', deepCleanedDeletedDir: 'false', lastTransactionInfo: '<ByteString@29e51d51 size=5>'}, /volume89380/bucket70530/snapshot-1461081091=SnapshotInfo{snapshotId: 'a82664ac-ef94-4b70-a113-db1732a95586', name: 'snapshot-1461081091', volumeName: 'volume89380', bucketName: 'bucket70530', snapshotStatus: 'SNAPSHOT_ACTIVE', creationTime: '1752608760638', deletionTime: '-1', pathPreviousSnapshotId: '8a89a243-2418-4e99-a4cf-1e4438ad0a1d', globalPreviousSnapshotId: '49903e94-b15d-44fe-b464-b26b5a491713', snapshotPath: 'volume89380/bucket70530', checkpointDir: '-a82664ac-ef94-4b70-a113-db1732a95586', dbTxSequenceNumber: '393', deepClean: 'false', sstFiltered: 'false', referencedSize: '51200', referencedReplicatedSize: '153600', exclusiveSize: '0', exclusiveReplicatedSize: '0', exclusiveSizeDeltaFromDirDeepCleaning: '0', exclusiveReplicatedSizeDeltaFromDirDeepCleaning: '0', deepCleanedDeletedDir: 'false', lastTransactionInfo: '<ByteString@64e33110 size=5>'}, /volume25061/bucket95366/snapshot-4607479542=SnapshotInfo{snapshotId: '5c3bdced-399f-4720-b03a-a7488aee9355', name: 'snapshot-4607479542', volumeName: 'volume25061', bucketName: 'bucket95366', snapshotStatus: 'SNAPSHOT_ACTIVE', creationTime: '1752608760382', deletionTime: '-1', pathPreviousSnapshotId: '4c8ed02e-39fb-4b86-a274-de8bb287624d', globalPreviousSnapshotId: 'b0c29386-21a2-49fb-9076-203e73d4a697', snapshotPath: 'volume25061/bucket95366', checkpointDir: '-5c3bdced-399f-4720-b03a-a7488aee9355', dbTxSequenceNumber: '375', deepClean: 'false', sstFiltered: 'false', referencedSize: '51200', referencedReplicatedSize: '153600', exclusiveSize: '0', exclusiveReplicatedSize: '0', exclusiveSizeDeltaFromDirDeepCleaning: '0', exclusiveReplicatedSizeDeltaFromDirDeepCleaning: '0', deepCleanedDeletedDir: 'false', lastTransactionInfo: '<ByteString@1fb1553c size=5>'}, /volume65185/bucket38537/snapshot-0789783673=SnapshotInfo{snapshotId: '8ca23fac-56fc-4cdf-a0b7-9646e09b3c40', name: 'snapshot-0789783673', volumeName: 'volume65185', bucketName: 'bucket38537', snapshotStatus: 'SNAPSHOT_ACTIVE', creationTime: '1752608759389', deletionTime: '-1', pathPreviousSnapshotId: '4ca6ec06-9114-43ae-84a7-0987bbb5217d', globalPreviousSnapshotId: '135d03d8-1428-4887-b498-756343c0772a', snapshotPath: 'volume65185/bucket38537', checkpointDir: '-8ca23fac-56fc-4cdf-a0b7-9646e09b3c40', dbTxSequenceNumber: '303', deepClean: 'false', sstFiltered: 'false', referencedSize: '40960', referencedReplicatedSize: '122880', exclusiveSize: '0', exclusiveReplicatedSize: '0', exclusiveSizeDeltaFromDirDeepCleaning: '0', exclusiveReplicatedSizeDeltaFromDirDeepCleaning: '0', deepCleanedDeletedDir: 'false', lastTransactionInfo: '<ByteString@445402dd size=5>'}, /volume93011/bucket10902/snapshot-1524611008=SnapshotInfo{snapshotId: '135d03d8-1428-4887-b498-756343c0772a', name: 'snapshot-1524611008', volumeName: 'volume93011', bucketName: 'bucket10902', snapshotStatus: 'SNAPSHOT_ACTIVE', creationTime: '1752608759305', deletionTime: '-1', pathPreviousSnapshotId: '30bac23d-5ec1-4d2d-b248-879ac51288cb', globalPreviousSnapshotId: '858d598e-82b9-47e3-9b26-25fdd3284704', snapshotPath: 'volume93011/bucket10902', checkpointDir: '-135d03d8-1428-4887-b498-756343c0772a', dbTxSequenceNumber: '297', deepClean: 'false', sstFiltered: 'false', referencedSize: '40960', referencedReplicatedSize: '122880', exclusiveSize: '0', exclusiveReplicatedSize: '0', exclusiveSizeDeltaFromDirDeepCleaning: '0', exclusiveReplicatedSizeDeltaFromDirDeepCleaning: '0', deepCleanedDeletedDir: 'false', lastTransactionInfo: '<ByteString@455a9093 size=5>'}, /volume45943/bucket86319/snapshot-1506161936=SnapshotInfo{snapshotId: '669214e3-9e7c-4b21-8a39-41267c25aef0', name: 'snapshot-1506161936', volumeName: 'volume45943', bucketName: 'bucket86319', snapshotStatus: 'SNAPSHOT_ACTIVE', creationTime: '1752608759914', deletionTime: '-1', pathPreviousSnapshotId: '93b5ae67-6a7b-4967-929e-130f933c73cb', globalPreviousSnapshotId: '03eaa082-480a-4ac4-8cc9-63d06f5b4878', snapshotPath: 'volume45943/bucket86319', checkpointDir: '-669214e3-9e7c-4b21-8a39-41267c25aef0', dbTxSequenceNumber: '342', deepClean: 'false', sstFiltered: 'false', referencedSize: '51200', referencedReplicatedSize: '153600', exclusiveSize: '0', exclusiveReplicatedSize: '0', exclusiveSizeDeltaFromDirDeepCleaning: '0', exclusiveReplicatedSizeDeltaFromDirDeepCleaning: '0', deepCleanedDeletedDir: 'false', lastTransactionInfo: '<ByteString@384c4299 size=5>'}, /volume50885/bucket67782/snapshot-6693474903=SnapshotInfo{snapshotId: '3468ca11-b9c3-453b-b78d-2ac25d017c42', name: 'snapshot-6693474903', volumeName: 'volume50885', bucketName: 'bucket67782', snapshotStatus: 'SNAPSHOT_ACTIVE', creationTime: '1752608759571', deletionTime: '-1', pathPreviousSnapshotId: 'e4f4c19f-9d16-4127-96df-d43084e99953', globalPreviousSnapshotId: '4c8ed02e-39fb-4b86-a274-de8bb287624d', snapshotPath: 'volume50885/bucket67782', checkpointDir: '-3468ca11-b9c3-453b-b78d-2ac25d017c42', dbTxSequenceNumber: '315', deepClean: 'false', sstFiltered: 'false', referencedSize: '40960', referencedReplicatedSize: '122880', exclusiveSize: '0', exclusiveReplicatedSize: '0', exclusiveSizeDeltaFromDirDeepCleaning: '0', exclusiveReplicatedSizeDeltaFromDirDeepCleaning: '0', deepCleanedDeletedDir: 'false', lastTransactionInfo: '<ByteString@2dc1e819 size=5>'}, /volume50885/bucket67782/snapshot-4796091044=SnapshotInfo{snapshotId: 'b32f5f8a-de0a-4f3d-aa56-939e17a572cf', name: 'snapshot-4796091044', volumeName: 'volume50885', bucketName: 'bucket67782', snapshotStatus: 'SNAPSHOT_ACTIVE', creationTime: '1752608760464', deletionTime: '-1', pathPreviousSnapshotId: '3468ca11-b9c3-453b-b78d-2ac25d017c42', globalPreviousSnapshotId: '5c3bdced-399f-4720-b03a-a7488aee9355', snapshotPath: 'volume50885/bucket67782', checkpointDir: '-b32f5f8a-de0a-4f3d-aa56-939e17a572cf', dbTxSequenceNumber: '381', deepClean: 'false', sstFiltered: 'false', referencedSize: '51200', referencedReplicatedSize: '153600', exclusiveSize: '0', exclusiveReplicatedSize: '0', exclusiveSizeDeltaFromDirDeepCleaning: '0', exclusiveReplicatedSizeDeltaFromDirDeepCleaning: '0', deepCleanedDeletedDir: 'false', lastTransactionInfo: '<ByteString@49675596 size=5>'}, /volume25061/bucket95366/snapshot-4225711691=SnapshotInfo{snapshotId: '4c8ed02e-39fb-4b86-a274-de8bb287624d', name: 'snapshot-4225711691', volumeName: 'volume25061', bucketName: 'bucket95366', snapshotStatus: 'SNAPSHOT_ACTIVE', creationTime: '1752608759487', deletionTime: '-1', pathPreviousSnapshotId: 'c8da47ee-7e59-4340-b08f-c2db3c0d8632', globalPreviousSnapshotId: '8ca23fac-56fc-4cdf-a0b7-9646e09b3c40', snapshotPath: 'volume25061/bucket95366', checkpointDir: '-4c8ed02e-39fb-4b86-a274-de8bb287624d', dbTxSequenceNumber: '309', deepClean: 'false', sstFiltered: 'false', referencedSize: '40960', referencedReplicatedSize: '122880', exclusiveSize: '0', exclusiveReplicatedSize: '0', exclusiveSizeDeltaFromDirDeepCleaning: '0', exclusiveReplicatedSizeDeltaFromDirDeepCleaning: '0', deepCleanedDeletedDir: 'false', lastTransactionInfo: '<ByteString@58288a21 size=5>'}, /volume38661/bucket53271/snapshot-8915904941=SnapshotInfo{snapshotId: '858d598e-82b9-47e3-9b26-25fdd3284704', name: 'snapshot-8915904941', volumeName: 'volume38661', bucketName: 'bucket53271', snapshotStatus: 'SNAPSHOT_ACTIVE', creationTime: '1752608759210', deletionTime: '-1', pathPreviousSnapshotId: '819deb0b-d8a7-4acb-87f6-7550507321ed', globalPreviousSnapshotId: '9a6fb03d-ed72-4405-9ede-47833d076aea', snapshotPath: 'volume38661/bucket53271', checkpointDir: '-858d598e-82b9-47e3-9b26-25fdd3284704', dbTxSequenceNumber: '291', deepClean: 'false', sstFiltered: 'false', referencedSize: '40960', referencedReplicatedSize: '122880', exclusiveSize: '0', exclusiveReplicatedSize: '0', exclusiveSizeDeltaFromDirDeepCleaning: '0', exclusiveReplicatedSizeDeltaFromDirDeepCleaning: '0', deepCleanedDeletedDir: 'false', lastTransactionInfo: '<ByteString@22a4337 size=5>'}, /volume44784/bucket19548/snapshot-3960210803=SnapshotInfo{snapshotId: '7ca365e8-2e3d-4455-8c9f-dbd9635aeaf1', name: 'snapshot-3960210803', volumeName: 'volume44784', bucketName: 'bucket19548', snapshotStatus: 'SNAPSHOT_ACTIVE', creationTime: '1752608759659', deletionTime: '-1', pathPreviousSnapshotId: '19e09d1b-4b4c-47f0-9aaf-bd87b61f992e', globalPreviousSnapshotId: '3468ca11-b9c3-453b-b78d-2ac25d017c42', snapshotPath: 'volume44784/bucket19548', checkpointDir: '-7ca365e8-2e3d-4455-8c9f-dbd9635aeaf1', dbTxSequenceNumber: '321', deepClean: 'false', sstFiltered: 'false', referencedSize: '40960', referencedReplicatedSize: '122880', exclusiveSize: '0', exclusiveReplicatedSize: '0', exclusiveSizeDeltaFromDirDeepCleaning: '0', exclusiveReplicatedSizeDeltaFromDirDeepCleaning: '0', deepCleanedDeletedDir: 'false', lastTransactionInfo: '<ByteString@2009f24b size=5>'}, /volume89380/bucket70530/snapshot-4141238205=SnapshotInfo{snapshotId: '8a89a243-2418-4e99-a4cf-1e4438ad0a1d', name: 'snapshot-4141238205', volumeName: 'volume89380', bucketName: 'bucket70530', snapshotStatus: 'SNAPSHOT_ACTIVE', creationTime: '1752608759748', deletionTime: '-1', pathPreviousSnapshotId: '8a324ad2-e2c3-481c-a8b7-8bbd6f51e5df', globalPreviousSnapshotId: '7ca365e8-2e3d-4455-8c9f-dbd9635aeaf1', snapshotPath: 'volume89380/bucket70530', checkpointDir: '-8a89a243-2418-4e99-a4cf-1e4438ad0a1d', dbTxSequenceNumber: '330', deepClean: 'false', sstFiltered: 'false', referencedSize: '40960', referencedReplicatedSize: '122880', exclusiveSize: '0', exclusiveReplicatedSize: '0', exclusiveSizeDeltaFromDirDeepCleaning: '0', exclusiveReplicatedSizeDeltaFromDirDeepCleaning: '0', deepCleanedDeletedDir: 'false', lastTransactionInfo: '<ByteString@53b1d839 size=5>'}, /volume88620/bucket70916/snapshot-5200226670=SnapshotInfo{snapshotId: '7872e1cc-d742-447e-a9a6-6be288862df4', name: 'snapshot-5200226670', volumeName: 'volume88620', bucketName: 'bucket70916', snapshotStatus: 'SNAPSHOT_ACTIVE', creationTime: '1752608760010', deletionTime: '-1', pathPreviousSnapshotId: '9a6fb03d-ed72-4405-9ede-47833d076aea', globalPreviousSnapshotId: '669214e3-9e7c-4b21-8a39-41267c25aef0', snapshotPath: 'volume88620/bucket70916', checkpointDir: '-7872e1cc-d742-447e-a9a6-6be288862df4', dbTxSequenceNumber: '348', deepClean: 'false', sstFiltered: 'false', referencedSize: '51200', referencedReplicatedSize: '153600', exclusiveSize: '0', exclusiveReplicatedSize: '0', exclusiveSizeDeltaFromDirDeepCleaning: '0', exclusiveReplicatedSizeDeltaFromDirDeepCleaning: '0', deepCleanedDeletedDir: 'false', lastTransactionInfo: '<ByteString@4f5429ec size=5>'}, /volume62899/bucket22342/snapshot-0117100500=SnapshotInfo{snapshotId: '337e8bf9-e68a-4792-84a2-6b53883663b3', name: 'snapshot-0117100500', volumeName: 'volume62899', bucketName: 'bucket22342', snapshotStatus: 'SNAPSHOT_ACTIVE', creationTime: '1752608760734', deletionTime: '-1', pathPreviousSnapshotId: '03eaa082-480a-4ac4-8cc9-63d06f5b4878', globalPreviousSnapshotId: 'a82664ac-ef94-4b70-a113-db1732a95586', snapshotPath: 'volume62899/bucket22342', checkpointDir: '-337e8bf9-e68a-4792-84a2-6b53883663b3', dbTxSequenceNumber: '399', deepClean: 'false', sstFiltered: 'false', referencedSize: '51200', referencedReplicatedSize: '153600', exclusiveSize: '0', exclusiveReplicatedSize: '0', exclusiveSizeDeltaFromDirDeepCleaning: '0', exclusiveReplicatedSizeDeltaFromDirDeepCleaning: '0', deepCleanedDeletedDir: 'false', lastTransactionInfo: '<ByteString@1fb7f8ca size=5>'}}.
]]></system-out>
  </testcase>
  <testcase name="testSnapshotDiffWhenOmLeaderRestart" classname="org.apache.hadoop.ozone.om.snapshot.TestOzoneManagerHASnapshot" time="6.504">
    <error message="Snapshot &apos;/volume52664/bucket16659/snap-6317091027&apos; is not found." type="FILE_NOT_FOUND org.apache.hadoop.ozone.om.exceptions.OMException"><![CDATA[FILE_NOT_FOUND org.apache.hadoop.ozone.om.exceptions.OMException: Snapshot '/volume52664/bucket16659/snap-6317091027' is not found.
	at org.apache.hadoop.ozone.om.protocolPB.OzoneManagerProtocolClientSideTranslatorPB.handleError(OzoneManagerProtocolClientSideTranslatorPB.java:761)
	at org.apache.hadoop.ozone.om.protocolPB.OzoneManagerProtocolClientSideTranslatorPB.snapshotDiff(OzoneManagerProtocolClientSideTranslatorPB.java:1408)
	at org.apache.hadoop.ozone.client.rpc.RpcClient.snapshotDiff(RpcClient.java:1050)
	at org.apache.hadoop.ozone.client.ObjectStore.snapshotDiff(ObjectStore.java:711)
	at org.apache.hadoop.ozone.om.snapshot.TestOzoneManagerHASnapshot.testSnapshotDiffWhenOmLeaderRestart(TestOzoneManagerHASnapshot.java:145)
	at java.base/java.lang.reflect.Method.invoke(Method.java:580)
	at java.base/java.util.ArrayList.forEach(ArrayList.java:1596)
	at java.base/java.util.ArrayList.forEach(ArrayList.java:1596)
]]></error>
    <system-out><![CDATA[2025-07-15 19:46:06,128 [main] INFO  retry.RetryInvocationHandler (RetryInvocationHandler.java:log(426)) - com.google.protobuf.ServiceException: java.io.EOFException: End of File Exception between local host is: "localhost/127.0.0.1"; destination host is: "localhost":15010; : java.io.EOFException; For more details see:  http://wiki.apache.org/hadoop/EOFException, while invoking $Proxy60.submitRequest over nodeId=omNode-2,nodeAddress=127.0.0.1:15010. Trying to failover immediately. Current retry count: 0.
2025-07-15 19:46:06,132 [main] INFO  retry.RetryInvocationHandler (RetryInvocationHandler.java:log(426)) - com.google.protobuf.ServiceException: org.apache.hadoop.ipc.RemoteException(org.apache.hadoop.ozone.om.exceptions.OMNotLeaderException): OM:omNode-3 is not the leader. Suggested leader is OM:omNode-1[localhost/127.0.0.1].
	at org.apache.hadoop.ozone.om.ratis.OzoneManagerRatisServer.newOMNotLeaderException(OzoneManagerRatisServer.java:818)
	at org.apache.hadoop.ozone.om.OzoneManager.checkLeaderStatus(OzoneManager.java:4391)
	at org.apache.hadoop.ozone.om.ratis.utils.OzoneManagerRatisUtils.checkLeaderStatus(OzoneManagerRatisUtils.java:500)
	at org.apache.hadoop.ozone.protocolPB.OzoneManagerProtocolServerSideTranslatorPB.internalProcessRequest(OzoneManagerProtocolServerSideTranslatorPB.java:164)
	at org.apache.hadoop.ozone.protocolPB.OzoneManagerProtocolServerSideTranslatorPB.processRequest(OzoneManagerProtocolServerSideTranslatorPB.java:124)
	at org.apache.hadoop.hdds.server.OzoneProtocolMessageDispatcher.processRequest(OzoneProtocolMessageDispatcher.java:87)
	at org.apache.hadoop.ozone.protocolPB.OzoneManagerProtocolServerSideTranslatorPB.submitRequest(OzoneManagerProtocolServerSideTranslatorPB.java:115)
	at org.apache.hadoop.ozone.protocol.proto.OzoneManagerProtocolProtos$OzoneManagerService$2.callBlockingMethod(OzoneManagerProtocolProtos.java)
	at org.apache.hadoop.ipc.ProtobufRpcEngine$Server.processCall(ProtobufRpcEngine.java:484)
	at org.apache.hadoop.ipc.ProtobufRpcEngine2$Server$ProtoBufRpcInvoker.call(ProtobufRpcEngine2.java:595)
	at org.apache.hadoop.ipc.ProtobufRpcEngine2$Server$ProtoBufRpcInvoker.call(ProtobufRpcEngine2.java:573)
	at org.apache.hadoop.ipc.RPC$Server.call(RPC.java:1227)
	at org.apache.hadoop.ipc.Server$RpcCall.run(Server.java:1246)
	at org.apache.hadoop.ipc.Server$RpcCall.run(Server.java:1169)
	at java.base/java.security.AccessController.doPrivileged(AccessController.java:714)
	at java.base/javax.security.auth.Subject.doAs(Subject.java:525)
	at org.apache.hadoop.security.UserGroupInformation.doAs(UserGroupInformation.java:1953)
	at org.apache.hadoop.ipc.Server$Handler.run(Server.java:3198)
, while invoking $Proxy60.submitRequest over nodeId=omNode-3,nodeAddress=127.0.0.1:15014 after 1 failover attempts. Trying to failover after sleeping for 2000ms. Current retry count: 1.
2025-07-15 19:46:06,601 [omNode-3-OMStateMachineApplyTransactionThread - 0] INFO  snapshot.OMSnapshotPurgeRequest (OMSnapshotPurgeRequest.java:validateAndUpdateCache(126)) - Successfully executed snapshotPurgeRequest: {snapshotDBKeys: "/volume62899/bucket22342/snapshot-9217881876"
snapshotDBKeys: "/volume89380/bucket70530/snapshot-0855577529"
snapshotDBKeys: "/volume44784/bucket19548/snapshot-7223314152"
snapshotDBKeys: "/volume50885/bucket67782/snapshot-0868064497"
snapshotDBKeys: "/volume25061/bucket95366/snapshot-6187281517"
snapshotDBKeys: "/volume65185/bucket38537/snapshot-8224031705"
snapshotDBKeys: "/volume93011/bucket10902/snapshot-1112420154"
snapshotDBKeys: "/volume38661/bucket53271/snapshot-7608072592"
snapshotDBKeys: "/volume88620/bucket70916/snapshot-9669997971"
snapshotDBKeys: "/volume45943/bucket86319/snapshot-6986541493"
} along with updating snapshots:{/volume65185/bucket38537/snapshot-7040199074=SnapshotInfo{snapshotId: 'b0c29386-21a2-49fb-9076-203e73d4a697', name: 'snapshot-7040199074', volumeName: 'volume65185', bucketName: 'bucket38537', snapshotStatus: 'SNAPSHOT_ACTIVE', creationTime: '1752608760302', deletionTime: '-1', pathPreviousSnapshotId: '8ca23fac-56fc-4cdf-a0b7-9646e09b3c40', globalPreviousSnapshotId: '2e0073ab-2bc8-45ed-afd6-347cf4d885d4', snapshotPath: 'volume65185/bucket38537', checkpointDir: '-b0c29386-21a2-49fb-9076-203e73d4a697', dbTxSequenceNumber: '342', deepClean: 'false', sstFiltered: 'false', referencedSize: '51200', referencedReplicatedSize: '153600', exclusiveSize: '0', exclusiveReplicatedSize: '0', exclusiveSizeDeltaFromDirDeepCleaning: '0', exclusiveReplicatedSizeDeltaFromDirDeepCleaning: '0', deepCleanedDeletedDir: 'false', lastTransactionInfo: '<ByteString@77d3bf99 size=5>'}, /volume44784/bucket19548/snapshot-5092149821=SnapshotInfo{snapshotId: '49903e94-b15d-44fe-b464-b26b5a491713', name: 'snapshot-5092149821', volumeName: 'volume44784', bucketName: 'bucket19548', snapshotStatus: 'SNAPSHOT_ACTIVE', creationTime: '1752608760558', deletionTime: '-1', pathPreviousSnapshotId: '7ca365e8-2e3d-4455-8c9f-dbd9635aeaf1', globalPreviousSnapshotId: 'b32f5f8a-de0a-4f3d-aa56-939e17a572cf', snapshotPath: 'volume44784/bucket19548', checkpointDir: '-49903e94-b15d-44fe-b464-b26b5a491713', dbTxSequenceNumber: '363', deepClean: 'false', sstFiltered: 'false', referencedSize: '51200', referencedReplicatedSize: '153600', exclusiveSize: '0', exclusiveReplicatedSize: '0', exclusiveSizeDeltaFromDirDeepCleaning: '0', exclusiveReplicatedSizeDeltaFromDirDeepCleaning: '0', deepCleanedDeletedDir: 'false', lastTransactionInfo: '<ByteString@588a4d6a size=5>'}, /volume62899/bucket22342/snapshot-9762763202=SnapshotInfo{snapshotId: '03eaa082-480a-4ac4-8cc9-63d06f5b4878', name: 'snapshot-9762763202', volumeName: 'volume62899', bucketName: 'bucket22342', snapshotStatus: 'SNAPSHOT_ACTIVE', creationTime: '1752608759827', deletionTime: '-1', pathPreviousSnapshotId: '9d5cee99-51da-4433-8682-3bc7b69ee11d', globalPreviousSnapshotId: '8a89a243-2418-4e99-a4cf-1e4438ad0a1d', snapshotPath: 'volume62899/bucket22342', checkpointDir: '-03eaa082-480a-4ac4-8cc9-63d06f5b4878', dbTxSequenceNumber: '309', deepClean: 'false', sstFiltered: 'false', referencedSize: '40960', referencedReplicatedSize: '122880', exclusiveSize: '0', exclusiveReplicatedSize: '0', exclusiveSizeDeltaFromDirDeepCleaning: '0', exclusiveReplicatedSizeDeltaFromDirDeepCleaning: '0', deepCleanedDeletedDir: 'false', lastTransactionInfo: '<ByteString@508adbf7 size=5>'}, /volume38661/bucket53271/snapshot-4034709723=SnapshotInfo{snapshotId: '8361e293-fab5-4c17-9229-f42ad027ab4c', name: 'snapshot-4034709723', volumeName: 'volume38661', bucketName: 'bucket53271', snapshotStatus: 'SNAPSHOT_ACTIVE', creationTime: '1752608760107', deletionTime: '-1', pathPreviousSnapshotId: '858d598e-82b9-47e3-9b26-25fdd3284704', globalPreviousSnapshotId: '7872e1cc-d742-447e-a9a6-6be288862df4', snapshotPath: 'volume38661/bucket53271', checkpointDir: '-8361e293-fab5-4c17-9229-f42ad027ab4c', dbTxSequenceNumber: '330', deepClean: 'false', sstFiltered: 'false', referencedSize: '51200', referencedReplicatedSize: '153600', exclusiveSize: '0', exclusiveReplicatedSize: '0', exclusiveSizeDeltaFromDirDeepCleaning: '0', exclusiveReplicatedSizeDeltaFromDirDeepCleaning: '0', deepCleanedDeletedDir: 'false', lastTransactionInfo: '<ByteString@693d112e size=5>'}, /volume88620/bucket70916/snapshot-2315152435=SnapshotInfo{snapshotId: '9a6fb03d-ed72-4405-9ede-47833d076aea', name: 'snapshot-2315152435', volumeName: 'volume88620', bucketName: 'bucket70916', snapshotStatus: 'SNAPSHOT_ACTIVE', creationTime: '1752608759107', deletionTime: '-1', pathPreviousSnapshotId: 'a85bdd03-fe73-4088-8b5d-123c8ba9d7ec', globalPreviousSnapshotId: '93b5ae67-6a7b-4967-929e-130f933c73cb', snapshotPath: 'volume88620/bucket70916', checkpointDir: '-9a6fb03d-ed72-4405-9ede-47833d076aea', dbTxSequenceNumber: '264', deepClean: 'false', sstFiltered: 'false', referencedSize: '40960', referencedReplicatedSize: '122880', exclusiveSize: '0', exclusiveReplicatedSize: '0', exclusiveSizeDeltaFromDirDeepCleaning: '0', exclusiveReplicatedSizeDeltaFromDirDeepCleaning: '0', deepCleanedDeletedDir: 'false', lastTransactionInfo: '<ByteString@3f854e7 size=5>'}, /volume45943/bucket86319/snapshot-1531970093=SnapshotInfo{snapshotId: '93b5ae67-6a7b-4967-929e-130f933c73cb', name: 'snapshot-1531970093', volumeName: 'volume45943', bucketName: 'bucket86319', snapshotStatus: 'SNAPSHOT_ACTIVE', creationTime: '1752608759034', deletionTime: '-1', pathPreviousSnapshotId: '9c56a51c-b7a1-4bbb-aca3-a25faf898f6f', globalPreviousSnapshotId: '9d5cee99-51da-4433-8682-3bc7b69ee11d', snapshotPath: 'volume45943/bucket86319', checkpointDir: '-93b5ae67-6a7b-4967-929e-130f933c73cb', dbTxSequenceNumber: '252', deepClean: 'false', sstFiltered: 'false', referencedSize: '40960', referencedReplicatedSize: '122880', exclusiveSize: '0', exclusiveReplicatedSize: '0', exclusiveSizeDeltaFromDirDeepCleaning: '0', exclusiveReplicatedSizeDeltaFromDirDeepCleaning: '0', deepCleanedDeletedDir: 'false', lastTransactionInfo: '<ByteString@913a8ef size=5>'}, /volume93011/bucket10902/snapshot-0923028349=SnapshotInfo{snapshotId: '2e0073ab-2bc8-45ed-afd6-347cf4d885d4', name: 'snapshot-0923028349', volumeName: 'volume93011', bucketName: 'bucket10902', snapshotStatus: 'SNAPSHOT_ACTIVE', creationTime: '1752608760213', deletionTime: '-1', pathPreviousSnapshotId: '135d03d8-1428-4887-b498-756343c0772a', globalPreviousSnapshotId: '8361e293-fab5-4c17-9229-f42ad027ab4c', snapshotPath: 'volume93011/bucket10902', checkpointDir: '-2e0073ab-2bc8-45ed-afd6-347cf4d885d4', dbTxSequenceNumber: '336', deepClean: 'false', sstFiltered: 'false', referencedSize: '51200', referencedReplicatedSize: '153600', exclusiveSize: '0', exclusiveReplicatedSize: '0', exclusiveSizeDeltaFromDirDeepCleaning: '0', exclusiveReplicatedSizeDeltaFromDirDeepCleaning: '0', deepCleanedDeletedDir: 'false', lastTransactionInfo: '<ByteString@f409f59 size=5>'}, /volume89380/bucket70530/snapshot-1461081091=SnapshotInfo{snapshotId: 'a82664ac-ef94-4b70-a113-db1732a95586', name: 'snapshot-1461081091', volumeName: 'volume89380', bucketName: 'bucket70530', snapshotStatus: 'SNAPSHOT_ACTIVE', creationTime: '1752608760638', deletionTime: '-1', pathPreviousSnapshotId: '8a89a243-2418-4e99-a4cf-1e4438ad0a1d', globalPreviousSnapshotId: '49903e94-b15d-44fe-b464-b26b5a491713', snapshotPath: 'volume89380/bucket70530', checkpointDir: '-a82664ac-ef94-4b70-a113-db1732a95586', dbTxSequenceNumber: '369', deepClean: 'false', sstFiltered: 'false', referencedSize: '51200', referencedReplicatedSize: '153600', exclusiveSize: '0', exclusiveReplicatedSize: '0', exclusiveSizeDeltaFromDirDeepCleaning: '0', exclusiveReplicatedSizeDeltaFromDirDeepCleaning: '0', deepCleanedDeletedDir: 'false', lastTransactionInfo: '<ByteString@ef54bfe size=5>'}, /volume25061/bucket95366/snapshot-4607479542=SnapshotInfo{snapshotId: '5c3bdced-399f-4720-b03a-a7488aee9355', name: 'snapshot-4607479542', volumeName: 'volume25061', bucketName: 'bucket95366', snapshotStatus: 'SNAPSHOT_ACTIVE', creationTime: '1752608760382', deletionTime: '-1', pathPreviousSnapshotId: '4c8ed02e-39fb-4b86-a274-de8bb287624d', globalPreviousSnapshotId: 'b0c29386-21a2-49fb-9076-203e73d4a697', snapshotPath: 'volume25061/bucket95366', checkpointDir: '-5c3bdced-399f-4720-b03a-a7488aee9355', dbTxSequenceNumber: '348', deepClean: 'false', sstFiltered: 'false', referencedSize: '51200', referencedReplicatedSize: '153600', exclusiveSize: '0', exclusiveReplicatedSize: '0', exclusiveSizeDeltaFromDirDeepCleaning: '0', exclusiveReplicatedSizeDeltaFromDirDeepCleaning: '0', deepCleanedDeletedDir: 'false', lastTransactionInfo: '<ByteString@4f6b79ab size=5>'}, /volume65185/bucket38537/snapshot-0789783673=SnapshotInfo{snapshotId: '8ca23fac-56fc-4cdf-a0b7-9646e09b3c40', name: 'snapshot-0789783673', volumeName: 'volume65185', bucketName: 'bucket38537', snapshotStatus: 'SNAPSHOT_ACTIVE', creationTime: '1752608759389', deletionTime: '-1', pathPreviousSnapshotId: '4ca6ec06-9114-43ae-84a7-0987bbb5217d', globalPreviousSnapshotId: '135d03d8-1428-4887-b498-756343c0772a', snapshotPath: 'volume65185/bucket38537', checkpointDir: '-8ca23fac-56fc-4cdf-a0b7-9646e09b3c40', dbTxSequenceNumber: '276', deepClean: 'false', sstFiltered: 'false', referencedSize: '40960', referencedReplicatedSize: '122880', exclusiveSize: '0', exclusiveReplicatedSize: '0', exclusiveSizeDeltaFromDirDeepCleaning: '0', exclusiveReplicatedSizeDeltaFromDirDeepCleaning: '0', deepCleanedDeletedDir: 'false', lastTransactionInfo: '<ByteString@5babe479 size=5>'}, /volume93011/bucket10902/snapshot-1524611008=SnapshotInfo{snapshotId: '135d03d8-1428-4887-b498-756343c0772a', name: 'snapshot-1524611008', volumeName: 'volume93011', bucketName: 'bucket10902', snapshotStatus: 'SNAPSHOT_ACTIVE', creationTime: '1752608759305', deletionTime: '-1', pathPreviousSnapshotId: '30bac23d-5ec1-4d2d-b248-879ac51288cb', globalPreviousSnapshotId: '858d598e-82b9-47e3-9b26-25fdd3284704', snapshotPath: 'volume93011/bucket10902', checkpointDir: '-135d03d8-1428-4887-b498-756343c0772a', dbTxSequenceNumber: '270', deepClean: 'false', sstFiltered: 'false', referencedSize: '40960', referencedReplicatedSize: '122880', exclusiveSize: '0', exclusiveReplicatedSize: '0', exclusiveSizeDeltaFromDirDeepCleaning: '0', exclusiveReplicatedSizeDeltaFromDirDeepCleaning: '0', deepCleanedDeletedDir: 'false', lastTransactionInfo: '<ByteString@501a0202 size=5>'}, /volume45943/bucket86319/snapshot-1506161936=SnapshotInfo{snapshotId: '669214e3-9e7c-4b21-8a39-41267c25aef0', name: 'snapshot-1506161936', volumeName: 'volume45943', bucketName: 'bucket86319', snapshotStatus: 'SNAPSHOT_ACTIVE', creationTime: '1752608759914', deletionTime: '-1', pathPreviousSnapshotId: '93b5ae67-6a7b-4967-929e-130f933c73cb', globalPreviousSnapshotId: '03eaa082-480a-4ac4-8cc9-63d06f5b4878', snapshotPath: 'volume45943/bucket86319', checkpointDir: '-669214e3-9e7c-4b21-8a39-41267c25aef0', dbTxSequenceNumber: '315', deepClean: 'false', sstFiltered: 'false', referencedSize: '51200', referencedReplicatedSize: '153600', exclusiveSize: '0', exclusiveReplicatedSize: '0', exclusiveSizeDeltaFromDirDeepCleaning: '0', exclusiveReplicatedSizeDeltaFromDirDeepCleaning: '0', deepCleanedDeletedDir: 'false', lastTransactionInfo: '<ByteString@74141944 size=5>'}, /volume50885/bucket67782/snapshot-6693474903=SnapshotInfo{snapshotId: '3468ca11-b9c3-453b-b78d-2ac25d017c42', name: 'snapshot-6693474903', volumeName: 'volume50885', bucketName: 'bucket67782', snapshotStatus: 'SNAPSHOT_ACTIVE', creationTime: '1752608759571', deletionTime: '-1', pathPreviousSnapshotId: 'e4f4c19f-9d16-4127-96df-d43084e99953', globalPreviousSnapshotId: '4c8ed02e-39fb-4b86-a274-de8bb287624d', snapshotPath: 'volume50885/bucket67782', checkpointDir: '-3468ca11-b9c3-453b-b78d-2ac25d017c42', dbTxSequenceNumber: '288', deepClean: 'false', sstFiltered: 'false', referencedSize: '40960', referencedReplicatedSize: '122880', exclusiveSize: '0', exclusiveReplicatedSize: '0', exclusiveSizeDeltaFromDirDeepCleaning: '0', exclusiveReplicatedSizeDeltaFromDirDeepCleaning: '0', deepCleanedDeletedDir: 'false', lastTransactionInfo: '<ByteString@6026804c size=5>'}, /volume50885/bucket67782/snapshot-4796091044=SnapshotInfo{snapshotId: 'b32f5f8a-de0a-4f3d-aa56-939e17a572cf', name: 'snapshot-4796091044', volumeName: 'volume50885', bucketName: 'bucket67782', snapshotStatus: 'SNAPSHOT_ACTIVE', creationTime: '1752608760464', deletionTime: '-1', pathPreviousSnapshotId: '3468ca11-b9c3-453b-b78d-2ac25d017c42', globalPreviousSnapshotId: '5c3bdced-399f-4720-b03a-a7488aee9355', snapshotPath: 'volume50885/bucket67782', checkpointDir: '-b32f5f8a-de0a-4f3d-aa56-939e17a572cf', dbTxSequenceNumber: '354', deepClean: 'false', sstFiltered: 'false', referencedSize: '51200', referencedReplicatedSize: '153600', exclusiveSize: '0', exclusiveReplicatedSize: '0', exclusiveSizeDeltaFromDirDeepCleaning: '0', exclusiveReplicatedSizeDeltaFromDirDeepCleaning: '0', deepCleanedDeletedDir: 'false', lastTransactionInfo: '<ByteString@64aa281d size=5>'}, /volume25061/bucket95366/snapshot-4225711691=SnapshotInfo{snapshotId: '4c8ed02e-39fb-4b86-a274-de8bb287624d', name: 'snapshot-4225711691', volumeName: 'volume25061', bucketName: 'bucket95366', snapshotStatus: 'SNAPSHOT_ACTIVE', creationTime: '1752608759487', deletionTime: '-1', pathPreviousSnapshotId: 'c8da47ee-7e59-4340-b08f-c2db3c0d8632', globalPreviousSnapshotId: '8ca23fac-56fc-4cdf-a0b7-9646e09b3c40', snapshotPath: 'volume25061/bucket95366', checkpointDir: '-4c8ed02e-39fb-4b86-a274-de8bb287624d', dbTxSequenceNumber: '284', deepClean: 'false', sstFiltered: 'false', referencedSize: '40960', referencedReplicatedSize: '122880', exclusiveSize: '0', exclusiveReplicatedSize: '0', exclusiveSizeDeltaFromDirDeepCleaning: '0', exclusiveReplicatedSizeDeltaFromDirDeepCleaning: '0', deepCleanedDeletedDir: 'false', lastTransactionInfo: '<ByteString@64203c98 size=5>'}, /volume38661/bucket53271/snapshot-8915904941=SnapshotInfo{snapshotId: '858d598e-82b9-47e3-9b26-25fdd3284704', name: 'snapshot-8915904941', volumeName: 'volume38661', bucketName: 'bucket53271', snapshotStatus: 'SNAPSHOT_ACTIVE', creationTime: '1752608759210', deletionTime: '-1', pathPreviousSnapshotId: '819deb0b-d8a7-4acb-87f6-7550507321ed', globalPreviousSnapshotId: '9a6fb03d-ed72-4405-9ede-47833d076aea', snapshotPath: 'volume38661/bucket53271', checkpointDir: '-858d598e-82b9-47e3-9b26-25fdd3284704', dbTxSequenceNumber: '264', deepClean: 'false', sstFiltered: 'false', referencedSize: '40960', referencedReplicatedSize: '122880', exclusiveSize: '0', exclusiveReplicatedSize: '0', exclusiveSizeDeltaFromDirDeepCleaning: '0', exclusiveReplicatedSizeDeltaFromDirDeepCleaning: '0', deepCleanedDeletedDir: 'false', lastTransactionInfo: '<ByteString@30aac761 size=5>'}, /volume44784/bucket19548/snapshot-3960210803=SnapshotInfo{snapshotId: '7ca365e8-2e3d-4455-8c9f-dbd9635aeaf1', name: 'snapshot-3960210803', volumeName: 'volume44784', bucketName: 'bucket19548', snapshotStatus: 'SNAPSHOT_ACTIVE', creationTime: '1752608759659', deletionTime: '-1', pathPreviousSnapshotId: '19e09d1b-4b4c-47f0-9aaf-bd87b61f992e', globalPreviousSnapshotId: '3468ca11-b9c3-453b-b78d-2ac25d017c42', snapshotPath: 'volume44784/bucket19548', checkpointDir: '-7ca365e8-2e3d-4455-8c9f-dbd9635aeaf1', dbTxSequenceNumber: '294', deepClean: 'false', sstFiltered: 'false', referencedSize: '40960', referencedReplicatedSize: '122880', exclusiveSize: '0', exclusiveReplicatedSize: '0', exclusiveSizeDeltaFromDirDeepCleaning: '0', exclusiveReplicatedSizeDeltaFromDirDeepCleaning: '0', deepCleanedDeletedDir: 'false', lastTransactionInfo: '<ByteString@64da15d8 size=5>'}, /volume89380/bucket70530/snapshot-4141238205=SnapshotInfo{snapshotId: '8a89a243-2418-4e99-a4cf-1e4438ad0a1d', name: 'snapshot-4141238205', volumeName: 'volume89380', bucketName: 'bucket70530', snapshotStatus: 'SNAPSHOT_ACTIVE', creationTime: '1752608759748', deletionTime: '-1', pathPreviousSnapshotId: '8a324ad2-e2c3-481c-a8b7-8bbd6f51e5df', globalPreviousSnapshotId: '7ca365e8-2e3d-4455-8c9f-dbd9635aeaf1', snapshotPath: 'volume89380/bucket70530', checkpointDir: '-8a89a243-2418-4e99-a4cf-1e4438ad0a1d', dbTxSequenceNumber: '303', deepClean: 'false', sstFiltered: 'false', referencedSize: '40960', referencedReplicatedSize: '122880', exclusiveSize: '0', exclusiveReplicatedSize: '0', exclusiveSizeDeltaFromDirDeepCleaning: '0', exclusiveReplicatedSizeDeltaFromDirDeepCleaning: '0', deepCleanedDeletedDir: 'false', lastTransactionInfo: '<ByteString@5105239e size=5>'}, /volume88620/bucket70916/snapshot-5200226670=SnapshotInfo{snapshotId: '7872e1cc-d742-447e-a9a6-6be288862df4', name: 'snapshot-5200226670', volumeName: 'volume88620', bucketName: 'bucket70916', snapshotStatus: 'SNAPSHOT_ACTIVE', creationTime: '1752608760010', deletionTime: '-1', pathPreviousSnapshotId: '9a6fb03d-ed72-4405-9ede-47833d076aea', globalPreviousSnapshotId: '669214e3-9e7c-4b21-8a39-41267c25aef0', snapshotPath: 'volume88620/bucket70916', checkpointDir: '-7872e1cc-d742-447e-a9a6-6be288862df4', dbTxSequenceNumber: '324', deepClean: 'false', sstFiltered: 'false', referencedSize: '51200', referencedReplicatedSize: '153600', exclusiveSize: '0', exclusiveReplicatedSize: '0', exclusiveSizeDeltaFromDirDeepCleaning: '0', exclusiveReplicatedSizeDeltaFromDirDeepCleaning: '0', deepCleanedDeletedDir: 'false', lastTransactionInfo: '<ByteString@342401da size=5>'}, /volume62899/bucket22342/snapshot-0117100500=SnapshotInfo{snapshotId: '337e8bf9-e68a-4792-84a2-6b53883663b3', name: 'snapshot-0117100500', volumeName: 'volume62899', bucketName: 'bucket22342', snapshotStatus: 'SNAPSHOT_ACTIVE', creationTime: '1752608760734', deletionTime: '-1', pathPreviousSnapshotId: '03eaa082-480a-4ac4-8cc9-63d06f5b4878', globalPreviousSnapshotId: 'a82664ac-ef94-4b70-a113-db1732a95586', snapshotPath: 'volume62899/bucket22342', checkpointDir: '-337e8bf9-e68a-4792-84a2-6b53883663b3', dbTxSequenceNumber: '384', deepClean: 'false', sstFiltered: 'false', referencedSize: '51200', referencedReplicatedSize: '153600', exclusiveSize: '0', exclusiveReplicatedSize: '0', exclusiveSizeDeltaFromDirDeepCleaning: '0', exclusiveReplicatedSizeDeltaFromDirDeepCleaning: '0', deepCleanedDeletedDir: 'false', lastTransactionInfo: '<ByteString@525359f0 size=5>'}}.
2025-07-15 19:46:06,615 [omNode-2-OMStateMachineApplyTransactionThread - 0] INFO  snapshot.OMSnapshotPurgeRequest (OMSnapshotPurgeRequest.java:validateAndUpdateCache(126)) - Successfully executed snapshotPurgeRequest: {snapshotDBKeys: "/volume62899/bucket22342/snapshot-9217881876"
snapshotDBKeys: "/volume89380/bucket70530/snapshot-0855577529"
snapshotDBKeys: "/volume44784/bucket19548/snapshot-7223314152"
snapshotDBKeys: "/volume50885/bucket67782/snapshot-0868064497"
snapshotDBKeys: "/volume25061/bucket95366/snapshot-6187281517"
snapshotDBKeys: "/volume65185/bucket38537/snapshot-8224031705"
snapshotDBKeys: "/volume93011/bucket10902/snapshot-1112420154"
snapshotDBKeys: "/volume38661/bucket53271/snapshot-7608072592"
snapshotDBKeys: "/volume88620/bucket70916/snapshot-9669997971"
snapshotDBKeys: "/volume45943/bucket86319/snapshot-6986541493"
} along with updating snapshots:{/volume65185/bucket38537/snapshot-7040199074=SnapshotInfo{snapshotId: 'b0c29386-21a2-49fb-9076-203e73d4a697', name: 'snapshot-7040199074', volumeName: 'volume65185', bucketName: 'bucket38537', snapshotStatus: 'SNAPSHOT_ACTIVE', creationTime: '1752608760302', deletionTime: '-1', pathPreviousSnapshotId: '8ca23fac-56fc-4cdf-a0b7-9646e09b3c40', globalPreviousSnapshotId: '2e0073ab-2bc8-45ed-afd6-347cf4d885d4', snapshotPath: 'volume65185/bucket38537', checkpointDir: '-b0c29386-21a2-49fb-9076-203e73d4a697', dbTxSequenceNumber: '342', deepClean: 'false', sstFiltered: 'false', referencedSize: '51200', referencedReplicatedSize: '153600', exclusiveSize: '0', exclusiveReplicatedSize: '0', exclusiveSizeDeltaFromDirDeepCleaning: '0', exclusiveReplicatedSizeDeltaFromDirDeepCleaning: '0', deepCleanedDeletedDir: 'false', lastTransactionInfo: '<ByteString@54edccbd size=5>'}, /volume44784/bucket19548/snapshot-5092149821=SnapshotInfo{snapshotId: '49903e94-b15d-44fe-b464-b26b5a491713', name: 'snapshot-5092149821', volumeName: 'volume44784', bucketName: 'bucket19548', snapshotStatus: 'SNAPSHOT_ACTIVE', creationTime: '1752608760558', deletionTime: '-1', pathPreviousSnapshotId: '7ca365e8-2e3d-4455-8c9f-dbd9635aeaf1', globalPreviousSnapshotId: 'b32f5f8a-de0a-4f3d-aa56-939e17a572cf', snapshotPath: 'volume44784/bucket19548', checkpointDir: '-49903e94-b15d-44fe-b464-b26b5a491713', dbTxSequenceNumber: '360', deepClean: 'false', sstFiltered: 'false', referencedSize: '51200', referencedReplicatedSize: '153600', exclusiveSize: '0', exclusiveReplicatedSize: '0', exclusiveSizeDeltaFromDirDeepCleaning: '0', exclusiveReplicatedSizeDeltaFromDirDeepCleaning: '0', deepCleanedDeletedDir: 'false', lastTransactionInfo: '<ByteString@5a2a3850 size=5>'}, /volume62899/bucket22342/snapshot-9762763202=SnapshotInfo{snapshotId: '03eaa082-480a-4ac4-8cc9-63d06f5b4878', name: 'snapshot-9762763202', volumeName: 'volume62899', bucketName: 'bucket22342', snapshotStatus: 'SNAPSHOT_ACTIVE', creationTime: '1752608759827', deletionTime: '-1', pathPreviousSnapshotId: '9d5cee99-51da-4433-8682-3bc7b69ee11d', globalPreviousSnapshotId: '8a89a243-2418-4e99-a4cf-1e4438ad0a1d', snapshotPath: 'volume62899/bucket22342', checkpointDir: '-03eaa082-480a-4ac4-8cc9-63d06f5b4878', dbTxSequenceNumber: '309', deepClean: 'false', sstFiltered: 'false', referencedSize: '40960', referencedReplicatedSize: '122880', exclusiveSize: '0', exclusiveReplicatedSize: '0', exclusiveSizeDeltaFromDirDeepCleaning: '0', exclusiveReplicatedSizeDeltaFromDirDeepCleaning: '0', deepCleanedDeletedDir: 'false', lastTransactionInfo: '<ByteString@5e15a7cd size=5>'}, /volume38661/bucket53271/snapshot-4034709723=SnapshotInfo{snapshotId: '8361e293-fab5-4c17-9229-f42ad027ab4c', name: 'snapshot-4034709723', volumeName: 'volume38661', bucketName: 'bucket53271', snapshotStatus: 'SNAPSHOT_ACTIVE', creationTime: '1752608760107', deletionTime: '-1', pathPreviousSnapshotId: '858d598e-82b9-47e3-9b26-25fdd3284704', globalPreviousSnapshotId: '7872e1cc-d742-447e-a9a6-6be288862df4', snapshotPath: 'volume38661/bucket53271', checkpointDir: '-8361e293-fab5-4c17-9229-f42ad027ab4c', dbTxSequenceNumber: '330', deepClean: 'false', sstFiltered: 'false', referencedSize: '51200', referencedReplicatedSize: '153600', exclusiveSize: '0', exclusiveReplicatedSize: '0', exclusiveSizeDeltaFromDirDeepCleaning: '0', exclusiveReplicatedSizeDeltaFromDirDeepCleaning: '0', deepCleanedDeletedDir: 'false', lastTransactionInfo: '<ByteString@1b17326b size=5>'}, /volume88620/bucket70916/snapshot-2315152435=SnapshotInfo{snapshotId: '9a6fb03d-ed72-4405-9ede-47833d076aea', name: 'snapshot-2315152435', volumeName: 'volume88620', bucketName: 'bucket70916', snapshotStatus: 'SNAPSHOT_ACTIVE', creationTime: '1752608759107', deletionTime: '-1', pathPreviousSnapshotId: 'a85bdd03-fe73-4088-8b5d-123c8ba9d7ec', globalPreviousSnapshotId: '93b5ae67-6a7b-4967-929e-130f933c73cb', snapshotPath: 'volume88620/bucket70916', checkpointDir: '-9a6fb03d-ed72-4405-9ede-47833d076aea', dbTxSequenceNumber: '267', deepClean: 'false', sstFiltered: 'false', referencedSize: '40960', referencedReplicatedSize: '122880', exclusiveSize: '0', exclusiveReplicatedSize: '0', exclusiveSizeDeltaFromDirDeepCleaning: '0', exclusiveReplicatedSizeDeltaFromDirDeepCleaning: '0', deepCleanedDeletedDir: 'false', lastTransactionInfo: '<ByteString@21a58d90 size=5>'}, /volume45943/bucket86319/snapshot-1531970093=SnapshotInfo{snapshotId: '93b5ae67-6a7b-4967-929e-130f933c73cb', name: 'snapshot-1531970093', volumeName: 'volume45943', bucketName: 'bucket86319', snapshotStatus: 'SNAPSHOT_ACTIVE', creationTime: '1752608759034', deletionTime: '-1', pathPreviousSnapshotId: '9c56a51c-b7a1-4bbb-aca3-a25faf898f6f', globalPreviousSnapshotId: '9d5cee99-51da-4433-8682-3bc7b69ee11d', snapshotPath: 'volume45943/bucket86319', checkpointDir: '-93b5ae67-6a7b-4967-929e-130f933c73cb', dbTxSequenceNumber: '255', deepClean: 'false', sstFiltered: 'false', referencedSize: '40960', referencedReplicatedSize: '122880', exclusiveSize: '0', exclusiveReplicatedSize: '0', exclusiveSizeDeltaFromDirDeepCleaning: '0', exclusiveReplicatedSizeDeltaFromDirDeepCleaning: '0', deepCleanedDeletedDir: 'false', lastTransactionInfo: '<ByteString@2ac6c94c size=5>'}, /volume93011/bucket10902/snapshot-0923028349=SnapshotInfo{snapshotId: '2e0073ab-2bc8-45ed-afd6-347cf4d885d4', name: 'snapshot-0923028349', volumeName: 'volume93011', bucketName: 'bucket10902', snapshotStatus: 'SNAPSHOT_ACTIVE', creationTime: '1752608760213', deletionTime: '-1', pathPreviousSnapshotId: '135d03d8-1428-4887-b498-756343c0772a', globalPreviousSnapshotId: '8361e293-fab5-4c17-9229-f42ad027ab4c', snapshotPath: 'volume93011/bucket10902', checkpointDir: '-2e0073ab-2bc8-45ed-afd6-347cf4d885d4', dbTxSequenceNumber: '336', deepClean: 'false', sstFiltered: 'false', referencedSize: '51200', referencedReplicatedSize: '153600', exclusiveSize: '0', exclusiveReplicatedSize: '0', exclusiveSizeDeltaFromDirDeepCleaning: '0', exclusiveReplicatedSizeDeltaFromDirDeepCleaning: '0', deepCleanedDeletedDir: 'false', lastTransactionInfo: '<ByteString@599e2816 size=5>'}, /volume89380/bucket70530/snapshot-1461081091=SnapshotInfo{snapshotId: 'a82664ac-ef94-4b70-a113-db1732a95586', name: 'snapshot-1461081091', volumeName: 'volume89380', bucketName: 'bucket70530', snapshotStatus: 'SNAPSHOT_ACTIVE', creationTime: '1752608760638', deletionTime: '-1', pathPreviousSnapshotId: '8a89a243-2418-4e99-a4cf-1e4438ad0a1d', globalPreviousSnapshotId: '49903e94-b15d-44fe-b464-b26b5a491713', snapshotPath: 'volume89380/bucket70530', checkpointDir: '-a82664ac-ef94-4b70-a113-db1732a95586', dbTxSequenceNumber: '366', deepClean: 'false', sstFiltered: 'false', referencedSize: '51200', referencedReplicatedSize: '153600', exclusiveSize: '0', exclusiveReplicatedSize: '0', exclusiveSizeDeltaFromDirDeepCleaning: '0', exclusiveReplicatedSizeDeltaFromDirDeepCleaning: '0', deepCleanedDeletedDir: 'false', lastTransactionInfo: '<ByteString@7b38cd24 size=5>'}, /volume25061/bucket95366/snapshot-4607479542=SnapshotInfo{snapshotId: '5c3bdced-399f-4720-b03a-a7488aee9355', name: 'snapshot-4607479542', volumeName: 'volume25061', bucketName: 'bucket95366', snapshotStatus: 'SNAPSHOT_ACTIVE', creationTime: '1752608760382', deletionTime: '-1', pathPreviousSnapshotId: '4c8ed02e-39fb-4b86-a274-de8bb287624d', globalPreviousSnapshotId: 'b0c29386-21a2-49fb-9076-203e73d4a697', snapshotPath: 'volume25061/bucket95366', checkpointDir: '-5c3bdced-399f-4720-b03a-a7488aee9355', dbTxSequenceNumber: '348', deepClean: 'false', sstFiltered: 'false', referencedSize: '51200', referencedReplicatedSize: '153600', exclusiveSize: '0', exclusiveReplicatedSize: '0', exclusiveSizeDeltaFromDirDeepCleaning: '0', exclusiveReplicatedSizeDeltaFromDirDeepCleaning: '0', deepCleanedDeletedDir: 'false', lastTransactionInfo: '<ByteString@767c06de size=5>'}, /volume65185/bucket38537/snapshot-0789783673=SnapshotInfo{snapshotId: '8ca23fac-56fc-4cdf-a0b7-9646e09b3c40', name: 'snapshot-0789783673', volumeName: 'volume65185', bucketName: 'bucket38537', snapshotStatus: 'SNAPSHOT_ACTIVE', creationTime: '1752608759389', deletionTime: '-1', pathPreviousSnapshotId: '4ca6ec06-9114-43ae-84a7-0987bbb5217d', globalPreviousSnapshotId: '135d03d8-1428-4887-b498-756343c0772a', snapshotPath: 'volume65185/bucket38537', checkpointDir: '-8ca23fac-56fc-4cdf-a0b7-9646e09b3c40', dbTxSequenceNumber: '279', deepClean: 'false', sstFiltered: 'false', referencedSize: '40960', referencedReplicatedSize: '122880', exclusiveSize: '0', exclusiveReplicatedSize: '0', exclusiveSizeDeltaFromDirDeepCleaning: '0', exclusiveReplicatedSizeDeltaFromDirDeepCleaning: '0', deepCleanedDeletedDir: 'false', lastTransactionInfo: '<ByteString@6aec3df4 size=5>'}, /volume93011/bucket10902/snapshot-1524611008=SnapshotInfo{snapshotId: '135d03d8-1428-4887-b498-756343c0772a', name: 'snapshot-1524611008', volumeName: 'volume93011', bucketName: 'bucket10902', snapshotStatus: 'SNAPSHOT_ACTIVE', creationTime: '1752608759305', deletionTime: '-1', pathPreviousSnapshotId: '30bac23d-5ec1-4d2d-b248-879ac51288cb', globalPreviousSnapshotId: '858d598e-82b9-47e3-9b26-25fdd3284704', snapshotPath: 'volume93011/bucket10902', checkpointDir: '-135d03d8-1428-4887-b498-756343c0772a', dbTxSequenceNumber: '273', deepClean: 'false', sstFiltered: 'false', referencedSize: '40960', referencedReplicatedSize: '122880', exclusiveSize: '0', exclusiveReplicatedSize: '0', exclusiveSizeDeltaFromDirDeepCleaning: '0', exclusiveReplicatedSizeDeltaFromDirDeepCleaning: '0', deepCleanedDeletedDir: 'false', lastTransactionInfo: '<ByteString@429a6627 size=5>'}, /volume45943/bucket86319/snapshot-1506161936=SnapshotInfo{snapshotId: '669214e3-9e7c-4b21-8a39-41267c25aef0', name: 'snapshot-1506161936', volumeName: 'volume45943', bucketName: 'bucket86319', snapshotStatus: 'SNAPSHOT_ACTIVE', creationTime: '1752608759914', deletionTime: '-1', pathPreviousSnapshotId: '93b5ae67-6a7b-4967-929e-130f933c73cb', globalPreviousSnapshotId: '03eaa082-480a-4ac4-8cc9-63d06f5b4878', snapshotPath: 'volume45943/bucket86319', checkpointDir: '-669214e3-9e7c-4b21-8a39-41267c25aef0', dbTxSequenceNumber: '315', deepClean: 'false', sstFiltered: 'false', referencedSize: '51200', referencedReplicatedSize: '153600', exclusiveSize: '0', exclusiveReplicatedSize: '0', exclusiveSizeDeltaFromDirDeepCleaning: '0', exclusiveReplicatedSizeDeltaFromDirDeepCleaning: '0', deepCleanedDeletedDir: 'false', lastTransactionInfo: '<ByteString@7f76d2bd size=5>'}, /volume50885/bucket67782/snapshot-6693474903=SnapshotInfo{snapshotId: '3468ca11-b9c3-453b-b78d-2ac25d017c42', name: 'snapshot-6693474903', volumeName: 'volume50885', bucketName: 'bucket67782', snapshotStatus: 'SNAPSHOT_ACTIVE', creationTime: '1752608759571', deletionTime: '-1', pathPreviousSnapshotId: 'e4f4c19f-9d16-4127-96df-d43084e99953', globalPreviousSnapshotId: '4c8ed02e-39fb-4b86-a274-de8bb287624d', snapshotPath: 'volume50885/bucket67782', checkpointDir: '-3468ca11-b9c3-453b-b78d-2ac25d017c42', dbTxSequenceNumber: '291', deepClean: 'false', sstFiltered: 'false', referencedSize: '40960', referencedReplicatedSize: '122880', exclusiveSize: '0', exclusiveReplicatedSize: '0', exclusiveSizeDeltaFromDirDeepCleaning: '0', exclusiveReplicatedSizeDeltaFromDirDeepCleaning: '0', deepCleanedDeletedDir: 'false', lastTransactionInfo: '<ByteString@692a717b size=5>'}, /volume50885/bucket67782/snapshot-4796091044=SnapshotInfo{snapshotId: 'b32f5f8a-de0a-4f3d-aa56-939e17a572cf', name: 'snapshot-4796091044', volumeName: 'volume50885', bucketName: 'bucket67782', snapshotStatus: 'SNAPSHOT_ACTIVE', creationTime: '1752608760464', deletionTime: '-1', pathPreviousSnapshotId: '3468ca11-b9c3-453b-b78d-2ac25d017c42', globalPreviousSnapshotId: '5c3bdced-399f-4720-b03a-a7488aee9355', snapshotPath: 'volume50885/bucket67782', checkpointDir: '-b32f5f8a-de0a-4f3d-aa56-939e17a572cf', dbTxSequenceNumber: '354', deepClean: 'false', sstFiltered: 'false', referencedSize: '51200', referencedReplicatedSize: '153600', exclusiveSize: '0', exclusiveReplicatedSize: '0', exclusiveSizeDeltaFromDirDeepCleaning: '0', exclusiveReplicatedSizeDeltaFromDirDeepCleaning: '0', deepCleanedDeletedDir: 'false', lastTransactionInfo: '<ByteString@62a2f237 size=5>'}, /volume25061/bucket95366/snapshot-4225711691=SnapshotInfo{snapshotId: '4c8ed02e-39fb-4b86-a274-de8bb287624d', name: 'snapshot-4225711691', volumeName: 'volume25061', bucketName: 'bucket95366', snapshotStatus: 'SNAPSHOT_ACTIVE', creationTime: '1752608759487', deletionTime: '-1', pathPreviousSnapshotId: 'c8da47ee-7e59-4340-b08f-c2db3c0d8632', globalPreviousSnapshotId: '8ca23fac-56fc-4cdf-a0b7-9646e09b3c40', snapshotPath: 'volume25061/bucket95366', checkpointDir: '-4c8ed02e-39fb-4b86-a274-de8bb287624d', dbTxSequenceNumber: '285', deepClean: 'false', sstFiltered: 'false', referencedSize: '40960', referencedReplicatedSize: '122880', exclusiveSize: '0', exclusiveReplicatedSize: '0', exclusiveSizeDeltaFromDirDeepCleaning: '0', exclusiveReplicatedSizeDeltaFromDirDeepCleaning: '0', deepCleanedDeletedDir: 'false', lastTransactionInfo: '<ByteString@73980b1a size=5>'}, /volume38661/bucket53271/snapshot-8915904941=SnapshotInfo{snapshotId: '858d598e-82b9-47e3-9b26-25fdd3284704', name: 'snapshot-8915904941', volumeName: 'volume38661', bucketName: 'bucket53271', snapshotStatus: 'SNAPSHOT_ACTIVE', creationTime: '1752608759210', deletionTime: '-1', pathPreviousSnapshotId: '819deb0b-d8a7-4acb-87f6-7550507321ed', globalPreviousSnapshotId: '9a6fb03d-ed72-4405-9ede-47833d076aea', snapshotPath: 'volume38661/bucket53271', checkpointDir: '-858d598e-82b9-47e3-9b26-25fdd3284704', dbTxSequenceNumber: '267', deepClean: 'false', sstFiltered: 'false', referencedSize: '40960', referencedReplicatedSize: '122880', exclusiveSize: '0', exclusiveReplicatedSize: '0', exclusiveSizeDeltaFromDirDeepCleaning: '0', exclusiveReplicatedSizeDeltaFromDirDeepCleaning: '0', deepCleanedDeletedDir: 'false', lastTransactionInfo: '<ByteString@3a32ccee size=5>'}, /volume44784/bucket19548/snapshot-3960210803=SnapshotInfo{snapshotId: '7ca365e8-2e3d-4455-8c9f-dbd9635aeaf1', name: 'snapshot-3960210803', volumeName: 'volume44784', bucketName: 'bucket19548', snapshotStatus: 'SNAPSHOT_ACTIVE', creationTime: '1752608759659', deletionTime: '-1', pathPreviousSnapshotId: '19e09d1b-4b4c-47f0-9aaf-bd87b61f992e', globalPreviousSnapshotId: '3468ca11-b9c3-453b-b78d-2ac25d017c42', snapshotPath: 'volume44784/bucket19548', checkpointDir: '-7ca365e8-2e3d-4455-8c9f-dbd9635aeaf1', dbTxSequenceNumber: '297', deepClean: 'false', sstFiltered: 'false', referencedSize: '40960', referencedReplicatedSize: '122880', exclusiveSize: '0', exclusiveReplicatedSize: '0', exclusiveSizeDeltaFromDirDeepCleaning: '0', exclusiveReplicatedSizeDeltaFromDirDeepCleaning: '0', deepCleanedDeletedDir: 'false', lastTransactionInfo: '<ByteString@29d37a size=5>'}, /volume89380/bucket70530/snapshot-4141238205=SnapshotInfo{snapshotId: '8a89a243-2418-4e99-a4cf-1e4438ad0a1d', name: 'snapshot-4141238205', volumeName: 'volume89380', bucketName: 'bucket70530', snapshotStatus: 'SNAPSHOT_ACTIVE', creationTime: '1752608759748', deletionTime: '-1', pathPreviousSnapshotId: '8a324ad2-e2c3-481c-a8b7-8bbd6f51e5df', globalPreviousSnapshotId: '7ca365e8-2e3d-4455-8c9f-dbd9635aeaf1', snapshotPath: 'volume89380/bucket70530', checkpointDir: '-8a89a243-2418-4e99-a4cf-1e4438ad0a1d', dbTxSequenceNumber: '303', deepClean: 'false', sstFiltered: 'false', referencedSize: '40960', referencedReplicatedSize: '122880', exclusiveSize: '0', exclusiveReplicatedSize: '0', exclusiveSizeDeltaFromDirDeepCleaning: '0', exclusiveReplicatedSizeDeltaFromDirDeepCleaning: '0', deepCleanedDeletedDir: 'false', lastTransactionInfo: '<ByteString@756faa02 size=5>'}, /volume88620/bucket70916/snapshot-5200226670=SnapshotInfo{snapshotId: '7872e1cc-d742-447e-a9a6-6be288862df4', name: 'snapshot-5200226670', volumeName: 'volume88620', bucketName: 'bucket70916', snapshotStatus: 'SNAPSHOT_ACTIVE', creationTime: '1752608760010', deletionTime: '-1', pathPreviousSnapshotId: '9a6fb03d-ed72-4405-9ede-47833d076aea', globalPreviousSnapshotId: '669214e3-9e7c-4b21-8a39-41267c25aef0', snapshotPath: 'volume88620/bucket70916', checkpointDir: '-7872e1cc-d742-447e-a9a6-6be288862df4', dbTxSequenceNumber: '321', deepClean: 'false', sstFiltered: 'false', referencedSize: '51200', referencedReplicatedSize: '153600', exclusiveSize: '0', exclusiveReplicatedSize: '0', exclusiveSizeDeltaFromDirDeepCleaning: '0', exclusiveReplicatedSizeDeltaFromDirDeepCleaning: '0', deepCleanedDeletedDir: 'false', lastTransactionInfo: '<ByteString@469cbf6e size=5>'}, /volume62899/bucket22342/snapshot-0117100500=SnapshotInfo{snapshotId: '337e8bf9-e68a-4792-84a2-6b53883663b3', name: 'snapshot-0117100500', volumeName: 'volume62899', bucketName: 'bucket22342', snapshotStatus: 'SNAPSHOT_ACTIVE', creationTime: '1752608760734', deletionTime: '-1', pathPreviousSnapshotId: '03eaa082-480a-4ac4-8cc9-63d06f5b4878', globalPreviousSnapshotId: 'a82664ac-ef94-4b70-a113-db1732a95586', snapshotPath: 'volume62899/bucket22342', checkpointDir: '-337e8bf9-e68a-4792-84a2-6b53883663b3', dbTxSequenceNumber: '378', deepClean: 'false', sstFiltered: 'false', referencedSize: '51200', referencedReplicatedSize: '153600', exclusiveSize: '0', exclusiveReplicatedSize: '0', exclusiveSizeDeltaFromDirDeepCleaning: '0', exclusiveReplicatedSizeDeltaFromDirDeepCleaning: '0', deepCleanedDeletedDir: 'false', lastTransactionInfo: '<ByteString@6ae55eef size=5>'}}.
2025-07-15 19:46:06,615 [omNode-3-OMDoubleBufferFlushThread] WARN  snapshot.SnapshotCache (SnapshotCache.java:lambda$1(139)) - SnapshotId: '8dba40f0-886d-4f6f-8a5f-260364f443b3' does not exist in snapshot cache.
2025-07-15 19:46:06,617 [omNode-2-OMDoubleBufferFlushThread] WARN  snapshot.SnapshotCache (SnapshotCache.java:lambda$1(139)) - SnapshotId: '8dba40f0-886d-4f6f-8a5f-260364f443b3' does not exist in snapshot cache.
2025-07-15 19:46:06,620 [omNode-3-OMDoubleBufferFlushThread] WARN  snapshot.SnapshotCache (SnapshotCache.java:lambda$1(139)) - SnapshotId: '1aa8f2ca-53d0-4b00-8362-6ccf3ee82ca6' does not exist in snapshot cache.
2025-07-15 19:46:06,621 [omNode-2-OMDoubleBufferFlushThread] WARN  snapshot.SnapshotCache (SnapshotCache.java:lambda$1(139)) - SnapshotId: '1aa8f2ca-53d0-4b00-8362-6ccf3ee82ca6' does not exist in snapshot cache.
2025-07-15 19:46:06,624 [omNode-3-OMDoubleBufferFlushThread] WARN  snapshot.SnapshotCache (SnapshotCache.java:lambda$1(139)) - SnapshotId: '63b3d41d-7391-4fb4-8229-cef539dce2dc' does not exist in snapshot cache.
2025-07-15 19:46:06,625 [omNode-2-OMDoubleBufferFlushThread] WARN  snapshot.SnapshotCache (SnapshotCache.java:lambda$1(139)) - SnapshotId: '63b3d41d-7391-4fb4-8229-cef539dce2dc' does not exist in snapshot cache.
2025-07-15 19:46:06,628 [omNode-3-OMDoubleBufferFlushThread] WARN  snapshot.SnapshotCache (SnapshotCache.java:lambda$1(139)) - SnapshotId: '57c0fe4d-6bb5-41c4-82c2-cd698ebc2200' does not exist in snapshot cache.
2025-07-15 19:46:06,629 [omNode-2-OMDoubleBufferFlushThread] WARN  snapshot.SnapshotCache (SnapshotCache.java:lambda$1(139)) - SnapshotId: '57c0fe4d-6bb5-41c4-82c2-cd698ebc2200' does not exist in snapshot cache.
2025-07-15 19:46:06,632 [omNode-3-OMDoubleBufferFlushThread] WARN  snapshot.SnapshotCache (SnapshotCache.java:lambda$1(139)) - SnapshotId: 'ceca8010-018f-45ca-a2c6-8a4a1798d803' does not exist in snapshot cache.
2025-07-15 19:46:06,633 [omNode-2-OMDoubleBufferFlushThread] WARN  snapshot.SnapshotCache (SnapshotCache.java:lambda$1(139)) - SnapshotId: 'ceca8010-018f-45ca-a2c6-8a4a1798d803' does not exist in snapshot cache.
2025-07-15 19:46:06,636 [omNode-3-OMDoubleBufferFlushThread] WARN  snapshot.SnapshotCache (SnapshotCache.java:lambda$1(139)) - SnapshotId: '3a3c1018-f3a4-42c3-8c93-45819afe80cc' does not exist in snapshot cache.
2025-07-15 19:46:06,637 [omNode-2-OMDoubleBufferFlushThread] WARN  snapshot.SnapshotCache (SnapshotCache.java:lambda$1(139)) - SnapshotId: '3a3c1018-f3a4-42c3-8c93-45819afe80cc' does not exist in snapshot cache.
2025-07-15 19:46:06,639 [omNode-3-OMDoubleBufferFlushThread] WARN  snapshot.SnapshotCache (SnapshotCache.java:lambda$1(139)) - SnapshotId: 'dc20b7dd-3806-4bc8-a03f-bff4a6f8f95d' does not exist in snapshot cache.
2025-07-15 19:46:06,641 [omNode-2-OMDoubleBufferFlushThread] WARN  snapshot.SnapshotCache (SnapshotCache.java:lambda$1(139)) - SnapshotId: 'dc20b7dd-3806-4bc8-a03f-bff4a6f8f95d' does not exist in snapshot cache.
2025-07-15 19:46:06,643 [omNode-3-OMDoubleBufferFlushThread] WARN  snapshot.SnapshotCache (SnapshotCache.java:lambda$1(139)) - SnapshotId: '486f76d1-6d0f-4b6d-92b4-aaaa37bdb0b7' does not exist in snapshot cache.
2025-07-15 19:46:06,645 [omNode-2-OMDoubleBufferFlushThread] WARN  snapshot.SnapshotCache (SnapshotCache.java:lambda$1(139)) - SnapshotId: '486f76d1-6d0f-4b6d-92b4-aaaa37bdb0b7' does not exist in snapshot cache.
2025-07-15 19:46:06,649 [omNode-3-OMDoubleBufferFlushThread] WARN  snapshot.SnapshotCache (SnapshotCache.java:lambda$1(139)) - SnapshotId: '92690f47-9c55-4550-b479-08ccadc02834' does not exist in snapshot cache.
2025-07-15 19:46:06,650 [omNode-2-OMDoubleBufferFlushThread] WARN  snapshot.SnapshotCache (SnapshotCache.java:lambda$1(139)) - SnapshotId: '92690f47-9c55-4550-b479-08ccadc02834' does not exist in snapshot cache.
2025-07-15 19:46:06,653 [omNode-3-OMDoubleBufferFlushThread] WARN  snapshot.SnapshotCache (SnapshotCache.java:lambda$1(139)) - SnapshotId: '7037bd8e-9f21-4d74-9406-b09fb2049a05' does not exist in snapshot cache.
2025-07-15 19:46:06,654 [omNode-2-OMDoubleBufferFlushThread] WARN  snapshot.SnapshotCache (SnapshotCache.java:lambda$1(139)) - SnapshotId: '7037bd8e-9f21-4d74-9406-b09fb2049a05' does not exist in snapshot cache.
2025-07-15 19:46:07,856 [timer6] INFO  server.GrpcServerProtocolService (GrpcServerProtocolService.java:lambda$onCompleted$6(171)) - omNode-1: Completed APPEND_ENTRIES, lastRequest: null  (Repeated 2 times in the last 5.000s)
2025-07-15 19:46:07,858 [timer7] INFO  server.GrpcServerProtocolService (GrpcServerProtocolService.java:lambda$null$7(175)) - omNode-1: Completed APPEND_ENTRIES, lastReply: serverReply {
  requestorId: "omNode-2"
  replyId: "omNode-1"
  raftGroupId {
    id: ";\370\212rr*1^\271\t\300H?\372=\276"
  }
  success: true
}
term: 2
nextIndex: 174
followerCommit: 172
matchIndex: 18446744073709551615
isHearbeat: true
  (Repeated 2 times in the last 5.001s)
2025-07-15 19:46:08,189 [omNode-1-OMStateMachineApplyTransactionThread - 0] INFO  snapshot.OMSnapshotCreateRequest (OMSnapshotCreateRequest.java:validateAndUpdateCache(226)) - Created snapshot: 'snap-9780381137' with snapshotId: '3037cb3f-d942-4240-bd7b-01d07558022c' under path 'volume52664/bucket16659'
2025-07-15 19:46:08,218 [omNode-2-OMStateMachineApplyTransactionThread - 0] INFO  snapshot.OMSnapshotCreateRequest (OMSnapshotCreateRequest.java:validateAndUpdateCache(226)) - Created snapshot: 'snap-9780381137' with snapshotId: '3037cb3f-d942-4240-bd7b-01d07558022c' under path 'volume52664/bucket16659'
2025-07-15 19:46:08,229 [omNode-3-OMStateMachineApplyTransactionThread - 0] INFO  snapshot.OMSnapshotCreateRequest (OMSnapshotCreateRequest.java:validateAndUpdateCache(226)) - Created snapshot: 'snap-9780381137' with snapshotId: '3037cb3f-d942-4240-bd7b-01d07558022c' under path 'volume52664/bucket16659'
2025-07-15 19:46:08,271 [Thread-13441] INFO  rocksdiff.RocksDBCheckpointDiffer (RocksDBCheckpointDiffer.java:shouldSkipCompaction(440)) - Skipped the compaction entry. Compaction input files: [/home/runner/work/ozone/ozone/hadoop-ozone/integration-test/target/test-dir/MiniOzoneClusterImpl-0e8a6840-8092-433d-9bbe-2fd65d18bfc8/omNode-1/om.db/000363.sst] and output files: [/home/runner/work/ozone/ozone/hadoop-ozone/integration-test/target/test-dir/MiniOzoneClusterImpl-0e8a6840-8092-433d-9bbe-2fd65d18bfc8/omNode-1/om.db/000363.sst] are same.
2025-07-15 19:46:08,281 [omNode-1-OMDoubleBufferFlushThread] INFO  db.RDBCheckpointManager (RDBCheckpointManager.java:createCheckpoint(87)) - Created checkpoint in rocksDB at /home/runner/work/ozone/ozone/hadoop-ozone/integration-test/target/test-dir/MiniOzoneClusterImpl-0e8a6840-8092-433d-9bbe-2fd65d18bfc8/omNode-1/db.snapshots/checkpointState/om.db-3037cb3f-d942-4240-bd7b-01d07558022c in 88 milliseconds
2025-07-15 19:46:08,281 [omNode-1-OMDoubleBufferFlushThread] INFO  om.OmSnapshotManager (OmSnapshotManager.java:createOmSnapshotCheckpoint(503)) - Created checkpoint : /home/runner/work/ozone/ozone/hadoop-ozone/integration-test/target/test-dir/MiniOzoneClusterImpl-0e8a6840-8092-433d-9bbe-2fd65d18bfc8/omNode-1/db.snapshots/checkpointState/om.db-3037cb3f-d942-4240-bd7b-01d07558022c for snapshot snap-9780381137
2025-07-15 19:46:08,298 [Thread-13534] INFO  rocksdiff.RocksDBCheckpointDiffer (RocksDBCheckpointDiffer.java:shouldSkipCompaction(440)) - Skipped the compaction entry. Compaction input files: [/home/runner/work/ozone/ozone/hadoop-ozone/integration-test/target/test-dir/MiniOzoneClusterImpl-0e8a6840-8092-433d-9bbe-2fd65d18bfc8/omNode-3/om.db/000362.sst] and output files: [/home/runner/work/ozone/ozone/hadoop-ozone/integration-test/target/test-dir/MiniOzoneClusterImpl-0e8a6840-8092-433d-9bbe-2fd65d18bfc8/omNode-3/om.db/000362.sst] are same.
2025-07-15 19:46:08,313 [omNode-3-OMDoubleBufferFlushThread] INFO  db.RDBCheckpointManager (RDBCheckpointManager.java:createCheckpoint(87)) - Created checkpoint in rocksDB at /home/runner/work/ozone/ozone/hadoop-ozone/integration-test/target/test-dir/MiniOzoneClusterImpl-0e8a6840-8092-433d-9bbe-2fd65d18bfc8/omNode-3/db.snapshots/checkpointState/om.db-3037cb3f-d942-4240-bd7b-01d07558022c in 81 milliseconds
2025-07-15 19:46:08,314 [omNode-3-OMDoubleBufferFlushThread] INFO  om.OmSnapshotManager (OmSnapshotManager.java:createOmSnapshotCheckpoint(503)) - Created checkpoint : /home/runner/work/ozone/ozone/hadoop-ozone/integration-test/target/test-dir/MiniOzoneClusterImpl-0e8a6840-8092-433d-9bbe-2fd65d18bfc8/omNode-3/db.snapshots/checkpointState/om.db-3037cb3f-d942-4240-bd7b-01d07558022c for snapshot snap-9780381137
2025-07-15 19:46:08,316 [Thread-13553] INFO  rocksdiff.RocksDBCheckpointDiffer (RocksDBCheckpointDiffer.java:shouldSkipCompaction(440)) - Skipped the compaction entry. Compaction input files: [/home/runner/work/ozone/ozone/hadoop-ozone/integration-test/target/test-dir/MiniOzoneClusterImpl-0e8a6840-8092-433d-9bbe-2fd65d18bfc8/omNode-2/om.db/000362.sst] and output files: [/home/runner/work/ozone/ozone/hadoop-ozone/integration-test/target/test-dir/MiniOzoneClusterImpl-0e8a6840-8092-433d-9bbe-2fd65d18bfc8/omNode-2/om.db/000362.sst] are same.
2025-07-15 19:46:08,324 [omNode-2-OMDoubleBufferFlushThread] INFO  db.RDBCheckpointManager (RDBCheckpointManager.java:createCheckpoint(87)) - Created checkpoint in rocksDB at /home/runner/work/ozone/ozone/hadoop-ozone/integration-test/target/test-dir/MiniOzoneClusterImpl-0e8a6840-8092-433d-9bbe-2fd65d18bfc8/omNode-2/db.snapshots/checkpointState/om.db-3037cb3f-d942-4240-bd7b-01d07558022c in 94 milliseconds
2025-07-15 19:46:08,325 [omNode-2-OMDoubleBufferFlushThread] INFO  om.OmSnapshotManager (OmSnapshotManager.java:createOmSnapshotCheckpoint(503)) - Created checkpoint : /home/runner/work/ozone/ozone/hadoop-ozone/integration-test/target/test-dir/MiniOzoneClusterImpl-0e8a6840-8092-433d-9bbe-2fd65d18bfc8/omNode-2/db.snapshots/checkpointState/om.db-3037cb3f-d942-4240-bd7b-01d07558022c for snapshot snap-9780381137
2025-07-15 19:46:10,533 [omNode-1-OMStateMachineApplyTransactionThread - 0] INFO  snapshot.OMSnapshotCreateRequest (OMSnapshotCreateRequest.java:validateAndUpdateCache(226)) - Created snapshot: 'snap-6317091027' with snapshotId: 'acf838ed-3fc6-4e0b-90c1-a87959c4906d' under path 'volume52664/bucket16659'
2025-07-15 19:46:10,547 [IPC Server handler 4 on default port 15006] INFO  snapshot.SnapshotDiffManager (SnapshotDiffManager.java:submitSnapDiffJob(723)) - Submitting snap diff report generation request for volume: volume52664, bucket: bucket16659, fromSnapshot: snap-9780381137 and toSnapshot: snap-6317091027
2025-07-15 19:46:10,550 [omNode-1-snapshot-diff-job-thread-id-0] INFO  snapshot.SnapshotDiffManager (SnapshotDiffManager.java:generateSnapshotDiffReport(826)) - Started snap diff report generation for volume: 'volume52664', bucket: 'bucket16659', fromSnapshot: 'snap-9780381137', toSnapshot: 'snap-6317091027'
2025-07-15 19:46:10,550 [omNode-1-snapshot-diff-job-thread-id-0] INFO  snapshot.SnapshotCache (SnapshotCache.java:lambda$2(204)) - Loading SnapshotId: '3037cb3f-d942-4240-bd7b-01d07558022c'
2025-07-15 19:46:10,550 [omNode-1-snapshot-diff-job-thread-id-0] WARN  server.ServerUtils (ServerUtils.java:getDBPath(292)) - ozone.om.db.dirs is not configured. We recommend adding this setting. Falling back to ozone.metadata.dirs instead.
2025-07-15 19:46:10,557 [main] INFO  ozone.MiniOzoneHAClusterImpl (MiniOzoneHAClusterImpl.java:shutdownOzoneManager(214)) - Shutting down OzoneManager omNode-1
2025-07-15 19:46:10,557 [main] INFO  om.OzoneManager (OzoneManager.java:stop(2380)) - omNode-1[localhost:15006]: Stopping Ozone Manager
2025-07-15 19:46:10,557 [main] INFO  ipc.Server (Server.java:stop(3697)) - Stopping server on 15006
2025-07-15 19:46:10,560 [IPC Server listener on 15006] INFO  ipc.Server (Server.java:run(1585)) - Stopping IPC Server listener on 15006
2025-07-15 19:46:10,560 [IPC Server Responder] INFO  ipc.Server (Server.java:run(1718)) - Stopping IPC Server Responder
2025-07-15 19:46:10,560 [main] INFO  ratis.OzoneManagerRatisServer (OzoneManagerRatisServer.java:stop(634)) - Stopping org.apache.hadoop.ozone.om.ratis.OzoneManagerRatisServer@77a6f805 at port 15009
2025-07-15 19:46:10,560 [main] INFO  server.RaftServer (RaftServerProxy.java:lambda$close$9(422)) - omNode-1: close
2025-07-15 19:46:10,561 [main] INFO  server.GrpcServicesImpl (GrpcServicesImpl.java:closeImpl(355)) - omNode-1: shutdown server GrpcServerProtocolService now
2025-07-15 19:46:10,561 [omNode-1-impl-thread1] INFO  server.RaftServer$Division (RaftServerImpl.java:lambda$close$1(527)) - omNode-1@group-C0483FFA3DBE: shutdown
2025-07-15 19:46:10,561 [omNode-1-impl-thread1] INFO  util.JmxRegister (JmxRegister.java:unregister(74)) - Successfully un-registered JMX Bean with object name Ratis:service=RaftServer,group=group-C0483FFA3DBE,id=omNode-1
2025-07-15 19:46:10,561 [omNode-1-impl-thread1] INFO  impl.RoleInfo (RoleInfo.java:shutdownLeaderState(103)) - omNode-1: shutdown omNode-1@group-C0483FFA3DBE-LeaderStateImpl
2025-07-15 19:46:10,561 [omNode-1@group-C0483FFA3DBE->omNode-2-GrpcLogAppender-LogAppenderDaemon] WARN  server.GrpcLogAppender (GrpcLogAppender.java:mayWait(300)) - omNode-1@group-C0483FFA3DBE->omNode-2-GrpcLogAppender: Wait interrupted by java.lang.InterruptedException
2025-07-15 19:46:10,561 [omNode-1@group-C0483FFA3DBE->omNode-3-GrpcLogAppender-LogAppenderDaemon] WARN  server.GrpcLogAppender (GrpcLogAppender.java:mayWait(300)) - omNode-1@group-C0483FFA3DBE->omNode-3-GrpcLogAppender: Wait interrupted by java.lang.InterruptedException
2025-07-15 19:46:10,562 [omNode-1-impl-thread1] INFO  impl.PendingRequests (PendingRequests.java:sendNotLeaderResponses(287)) - omNode-1@group-C0483FFA3DBE-PendingRequests: sendNotLeaderResponses
2025-07-15 19:46:10,562 [grpc-default-executor-1] INFO  server.GrpcServerProtocolService (GrpcServerProtocolService.java:lambda$onCompleted$6(171)) - omNode-2: Completed APPEND_ENTRIES, lastRequest: null 
2025-07-15 19:46:10,562 [grpc-default-executor-4] INFO  server.GrpcServerProtocolService (GrpcServerProtocolService.java:lambda$onCompleted$6(171)) - omNode-3: Completed APPEND_ENTRIES, lastRequest: null 
2025-07-15 19:46:10,563 [grpc-default-executor-1] INFO  server.GrpcServerProtocolService (GrpcServerProtocolService.java:lambda$null$7(175)) - omNode-2: Completed APPEND_ENTRIES, lastReply: serverReply {
  requestorId: "omNode-1"
  replyId: "omNode-2"
  raftGroupId {
    id: ";\370\212rr*1^\271\t\300H?\372=\276"
  }
  callId: 12
  success: true
}
term: 3
nextIndex: 186
followerCommit: 185
matchIndex: 18446744073709551615
isHearbeat: true
 
2025-07-15 19:46:10,566 [Thread-13638] INFO  server.GrpcServerProtocolClient (GrpcServerProtocolClient.java:close(105)) - omNode-3 Close channels
2025-07-15 19:46:10,566 [omNode-1-impl-thread1] INFO  impl.StateMachineUpdater (StateMachineUpdater.java:stopAndJoin(163)) - omNode-1@group-C0483FFA3DBE-StateMachineUpdater: set stopIndex = 389
2025-07-15 19:46:10,566 [grpc-default-executor-2] INFO  server.GrpcLogAppender (GrpcLogAppender.java:onCompleted(558)) - omNode-1@group-C0483FFA3DBE->omNode-3-AppendLogResponseHandler: follower responses appendEntries COMPLETED
2025-07-15 19:46:10,567 [grpc-default-executor-2] WARN  server.GrpcLogAppender (GrpcLogAppender.java:resetClient(237)) - omNode-1@group-C0483FFA3DBE->omNode-3-GrpcLogAppender: Failed to getClient for omNode-3
org.apache.ratis.protocol.exceptions.AlreadyClosedException: omNode-1 is already CLOSED
	at org.apache.ratis.util.PeerProxyMap$PeerAndProxy.getProxy(PeerProxyMap.java:67)
	at org.apache.ratis.util.PeerProxyMap.getProxy(PeerProxyMap.java:124)
	at org.apache.ratis.grpc.server.GrpcLogAppender.getClient(GrpcLogAppender.java:207)
	at org.apache.ratis.grpc.server.GrpcLogAppender.resetClient(GrpcLogAppender.java:212)
	at org.apache.ratis.grpc.server.GrpcLogAppender.access$800(GrpcLogAppender.java:70)
	at org.apache.ratis.grpc.server.GrpcLogAppender$AppendLogResponseHandler.onCompleted(GrpcLogAppender.java:559)
	at org.apache.ratis.thirdparty.io.grpc.stub.ClientCalls$StreamObserverToCallListenerAdapter.onClose(ClientCalls.java:562)
	at org.apache.ratis.thirdparty.io.grpc.internal.ClientCallImpl.closeObserver(ClientCallImpl.java:565)
	at org.apache.ratis.thirdparty.io.grpc.internal.ClientCallImpl.access$100(ClientCallImpl.java:72)
	at org.apache.ratis.thirdparty.io.grpc.internal.ClientCallImpl$ClientStreamListenerImpl$1StreamClosed.runInternal(ClientCallImpl.java:733)
	at org.apache.ratis.thirdparty.io.grpc.internal.ClientCallImpl$ClientStreamListenerImpl$1StreamClosed.runInContext(ClientCallImpl.java:714)
	at org.apache.ratis.thirdparty.io.grpc.internal.ContextRunnable.run(ContextRunnable.java:37)
	at org.apache.ratis.thirdparty.io.grpc.internal.SerializingExecutor.run(SerializingExecutor.java:133)
	at java.base/java.util.concurrent.ThreadPoolExecutor.runWorker(ThreadPoolExecutor.java:1144)
	at java.base/java.util.concurrent.ThreadPoolExecutor$Worker.run(ThreadPoolExecutor.java:642)
	at java.base/java.lang.Thread.run(Thread.java:1583)
2025-07-15 19:46:10,563 [grpc-default-executor-4] INFO  server.GrpcServerProtocolService (GrpcServerProtocolService.java:lambda$null$7(175)) - omNode-3: Completed APPEND_ENTRIES, lastReply: serverReply {
  requestorId: "omNode-1"
  replyId: "omNode-3"
  raftGroupId {
    id: ";\370\212rr*1^\271\t\300H?\372=\276"
  }
  callId: 12
  success: true
}
term: 3
nextIndex: 186
followerCommit: 185
matchIndex: 18446744073709551615
isHearbeat: true
 
2025-07-15 19:46:10,567 [grpc-default-executor-1] INFO  server.GrpcLogAppender (GrpcLogAppender.java:onCompleted(558)) - omNode-1@group-C0483FFA3DBE->omNode-2-AppendLogResponseHandler: follower responses appendEntries COMPLETED
2025-07-15 19:46:10,568 [grpc-default-executor-1] INFO  server.GrpcLogAppender (GrpcLogAppender.java:onCompleted(558)) - omNode-1@group-C0483FFA3DBE->omNode-2-AppendLogResponseHandler: follower responses appendEntries COMPLETED
2025-07-15 19:46:10,568 [grpc-default-executor-4] INFO  server.GrpcLogAppender (GrpcLogAppender.java:onCompleted(558)) - omNode-1@group-C0483FFA3DBE->omNode-3-AppendLogResponseHandler: follower responses appendEntries COMPLETED
2025-07-15 19:46:10,568 [grpc-default-executor-4] WARN  server.GrpcLogAppender (GrpcLogAppender.java:resetClient(237)) - omNode-1@group-C0483FFA3DBE->omNode-3-GrpcLogAppender: Failed to getClient for omNode-3
org.apache.ratis.protocol.exceptions.AlreadyClosedException: omNode-1 is already CLOSED
	at org.apache.ratis.util.PeerProxyMap$PeerAndProxy.getProxy(PeerProxyMap.java:67)
	at org.apache.ratis.util.PeerProxyMap.getProxy(PeerProxyMap.java:124)
	at org.apache.ratis.grpc.server.GrpcLogAppender.getClient(GrpcLogAppender.java:207)
	at org.apache.ratis.grpc.server.GrpcLogAppender.resetClient(GrpcLogAppender.java:212)
	at org.apache.ratis.grpc.server.GrpcLogAppender.access$800(GrpcLogAppender.java:70)
	at org.apache.ratis.grpc.server.GrpcLogAppender$AppendLogResponseHandler.onCompleted(GrpcLogAppender.java:559)
	at org.apache.ratis.thirdparty.io.grpc.stub.ClientCalls$StreamObserverToCallListenerAdapter.onClose(ClientCalls.java:562)
	at org.apache.ratis.thirdparty.io.grpc.internal.DelayedClientCall$DelayedListener$3.run(DelayedClientCall.java:489)
	at org.apache.ratis.thirdparty.io.grpc.internal.DelayedClientCall$DelayedListener.delayOrExecute(DelayedClientCall.java:453)
	at org.apache.ratis.thirdparty.io.grpc.internal.DelayedClientCall$DelayedListener.onClose(DelayedClientCall.java:486)
	at org.apache.ratis.thirdparty.io.grpc.internal.ClientCallImpl.closeObserver(ClientCallImpl.java:565)
	at org.apache.ratis.thirdparty.io.grpc.internal.ClientCallImpl.access$100(ClientCallImpl.java:72)
	at org.apache.ratis.thirdparty.io.grpc.internal.ClientCallImpl$ClientStreamListenerImpl$1StreamClosed.runInternal(ClientCallImpl.java:733)
	at org.apache.ratis.thirdparty.io.grpc.internal.ClientCallImpl$ClientStreamListenerImpl$1StreamClosed.runInContext(ClientCallImpl.java:714)
	at org.apache.ratis.thirdparty.io.grpc.internal.ContextRunnable.run(ContextRunnable.java:37)
	at org.apache.ratis.thirdparty.io.grpc.internal.SerializingExecutor.run(SerializingExecutor.java:133)
	at java.base/java.util.concurrent.ThreadPoolExecutor.runWorker(ThreadPoolExecutor.java:1144)
	at java.base/java.util.concurrent.ThreadPoolExecutor$Worker.run(ThreadPoolExecutor.java:642)
	at java.base/java.lang.Thread.run(Thread.java:1583)
2025-07-15 19:46:10,568 [Thread-13647] INFO  server.GrpcServerProtocolClient (GrpcServerProtocolClient.java:close(105)) - omNode-2 Close channels
2025-07-15 19:46:10,571 [main] INFO  server.GrpcServicesImpl (GrpcServicesImpl.java:closeImpl(364)) - omNode-1: shutdown server GrpcServerProtocolService successfully
2025-07-15 19:46:10,576 [omNode-1@group-C0483FFA3DBE-StateMachineUpdater] INFO  ratis.OzoneManagerStateMachine (OzoneManagerStateMachine.java:takeSnapshotImpl(515)) - omNode-1: taking snapshot. applied = (t:3, i:388), skipped = 183, notified = (t:3, i:184), current snapshot index = (t:3, i:388), took 13 ms
2025-07-15 19:46:10,576 [omNode-1@group-C0483FFA3DBE-StateMachineUpdater] INFO  impl.StateMachineUpdater (StateMachineUpdater.java:takeSnapshot(307)) - omNode-1@group-C0483FFA3DBE-StateMachineUpdater: Took a snapshot at index 388
2025-07-15 19:46:10,576 [omNode-1@group-C0483FFA3DBE-StateMachineUpdater] INFO  impl.StateMachineUpdater (StateMachineUpdater.java:lambda$new$0(101)) - omNode-1@group-C0483FFA3DBE-StateMachineUpdater: snapshotIndex: updateIncreasingly 172 -> 388
2025-07-15 19:46:10,577 [omNode-1@group-C0483FFA3DBE-StateMachineUpdater] INFO  impl.StateMachineUpdater (StateMachineUpdater.java:stop(140)) - omNode-1@group-C0483FFA3DBE-StateMachineUpdater: closing OzoneManagerStateMachine, lastApplied=(t:3, i:388)
2025-07-15 19:46:10,577 [omNode-1@group-C0483FFA3DBE-StateMachineUpdater] INFO  ratis.OzoneManagerStateMachine (OzoneManagerStateMachine.java:close(555)) - Stopping OzoneManagerStateMachine:omNode-1:group-C0483FFA3DBE.
2025-07-15 19:46:10,577 [omNode-1@group-C0483FFA3DBE-StateMachineUpdater] INFO  ratis.OzoneManagerDoubleBuffer (OzoneManagerDoubleBuffer.java:stopDaemon(499)) - Stopping OMDoubleBuffer flush thread
2025-07-15 19:46:10,577 [Thread-13663] INFO  rocksdiff.RocksDBCheckpointDiffer (RocksDBCheckpointDiffer.java:shouldSkipCompaction(440)) - Skipped the compaction entry. Compaction input files: [/home/runner/work/ozone/ozone/hadoop-ozone/integration-test/target/test-dir/MiniOzoneClusterImpl-0e8a6840-8092-433d-9bbe-2fd65d18bfc8/omNode-1/om.db/000369.sst] and output files: [/home/runner/work/ozone/ozone/hadoop-ozone/integration-test/target/test-dir/MiniOzoneClusterImpl-0e8a6840-8092-433d-9bbe-2fd65d18bfc8/omNode-1/om.db/000369.sst] are same.
2025-07-15 19:46:10,587 [omNode-1-OMDoubleBufferFlushThread] INFO  db.RDBCheckpointManager (RDBCheckpointManager.java:createCheckpoint(87)) - Created checkpoint in rocksDB at /home/runner/work/ozone/ozone/hadoop-ozone/integration-test/target/test-dir/MiniOzoneClusterImpl-0e8a6840-8092-433d-9bbe-2fd65d18bfc8/omNode-1/db.snapshots/checkpointState/om.db-acf838ed-3fc6-4e0b-90c1-a87959c4906d in 51 milliseconds
2025-07-15 19:46:10,587 [omNode-1-OMDoubleBufferFlushThread] INFO  om.OmSnapshotManager (OmSnapshotManager.java:createOmSnapshotCheckpoint(503)) - Created checkpoint : /home/runner/work/ozone/ozone/hadoop-ozone/integration-test/target/test-dir/MiniOzoneClusterImpl-0e8a6840-8092-433d-9bbe-2fd65d18bfc8/omNode-1/db.snapshots/checkpointState/om.db-acf838ed-3fc6-4e0b-90c1-a87959c4906d for snapshot snap-6317091027
2025-07-15 19:46:10,588 [omNode-1@group-C0483FFA3DBE-cacheEviction-AwaitToRun] INFO  util.AwaitToRun (AwaitToRun.java:run(49)) - omNode-1@group-C0483FFA3DBE-cacheEviction-AwaitToRun-AwaitForSignal is interrupted
2025-07-15 19:46:10,593 [omNode-1-snapshot-diff-job-thread-id-0] INFO  snapshot.SnapshotCache (SnapshotCache.java:lambda$2(204)) - Loading SnapshotId: 'acf838ed-3fc6-4e0b-90c1-a87959c4906d'
2025-07-15 19:46:10,593 [omNode-1-snapshot-diff-job-thread-id-0] WARN  server.ServerUtils (ServerUtils.java:getDBPath(292)) - ozone.om.db.dirs is not configured. We recommend adding this setting. Falling back to ozone.metadata.dirs instead.
2025-07-15 19:46:10,646 [omNode-1-snapshot-diff-job-thread-id-0] INFO  managed.ManagedRawSSTFileReader (ManagedRawSSTFileReader.java:newIterator(69)) - Iterating SST file: /home/runner/work/ozone/ozone/hadoop-ozone/integration-test/target/test-dir/MiniOzoneClusterImpl-0e8a6840-8092-433d-9bbe-2fd65d18bfc8/omNode-1/db.snapshots/diffState/snapDiff/b75ab77b-bf6c-45eb-8cab-4e078d1965f9/000398.sst with native lib. LowerBound: /-9223372036854775552/-9223372036854775296/, UpperBound: /-9223372036854775552/-92233720368547752960
2025-07-15 19:46:10,672 [omNode-1-snapshot-diff-job-thread-id-0] INFO  managed.ManagedRawSSTFileReader (ManagedRawSSTFileReader.java:newIterator(69)) - Iterating SST file: /home/runner/work/ozone/ozone/hadoop-ozone/integration-test/target/test-dir/MiniOzoneClusterImpl-0e8a6840-8092-433d-9bbe-2fd65d18bfc8/omNode-1/db.snapshots/diffState/snapDiff/b75ab77b-bf6c-45eb-8cab-4e078d1965f9/000398.sst with native lib. LowerBound: /-9223372036854775552/-9223372036854775296/, UpperBound: /-9223372036854775552/-92233720368547752960
2025-07-15 19:46:10,682 [omNode-1-snapshot-diff-job-thread-id-0] INFO  snapshot.SnapshotDiffManager (SnapshotDiffManager.java:generateDiffReport(1307)) - Starting diff report generation for jobId: b75ab77b-bf6c-45eb-8cab-4e078d1965f9.
2025-07-15 19:46:11,518 [omNode-1-impl-thread1] INFO  segmented.SegmentedRaftLogWorker (SegmentedRaftLogWorker.java:close(254)) - omNode-1@group-C0483FFA3DBE-SegmentedRaftLogWorker close()
2025-07-15 19:46:11,519 [JvmPauseMonitor8] INFO  util.JvmPauseMonitor (JvmPauseMonitor.java:run(152)) - JvmPauseMonitor-omNode-1: Stopped
2025-07-15 19:46:11,519 [main] INFO  utils.BackgroundService (BackgroundService.java:shutdown(178)) - Shutting down service KeyDeletingService
2025-07-15 19:46:11,521 [main] INFO  utils.BackgroundService (BackgroundService.java:shutdown(178)) - Shutting down service DirectoryDeletingService
2025-07-15 19:46:11,521 [main] INFO  utils.BackgroundService (BackgroundService.java:shutdown(178)) - Shutting down service OpenKeyCleanupService
2025-07-15 19:46:11,522 [main] INFO  utils.BackgroundService (BackgroundService.java:shutdown(178)) - Shutting down service SstFilteringService
2025-07-15 19:46:11,522 [main] INFO  utils.BackgroundService (BackgroundService.java:shutdown(178)) - Shutting down service SnapshotDeletingService
2025-07-15 19:46:11,523 [main] INFO  utils.BackgroundService (BackgroundService.java:shutdown(178)) - Shutting down service MultipartUploadCleanupService
2025-07-15 19:46:11,524 [main] INFO  handler.ContextHandler (ContextHandler.java:doStop(1159)) - Stopped o.e.j.w.WebAppContext@7cb7004{ozoneManager,/,null,STOPPED}{file:/home/runner/work/ozone/ozone/hadoop-ozone/integration-test/target/test-classes/webapps/ozoneManager}
2025-07-15 19:46:11,524 [main] INFO  server.AbstractConnector (AbstractConnector.java:doStop(383)) - Stopped ServerConnector@4447188d{HTTP/1.1, (http/1.1)}{0.0.0.0:15007}
2025-07-15 19:46:11,525 [main] INFO  server.session (HouseKeeper.java:stopScavenging(149)) - node0 Stopped scavenging
2025-07-15 19:46:11,525 [main] INFO  handler.ContextHandler (ContextHandler.java:doStop(1159)) - Stopped o.e.j.s.ServletContextHandler@5266ba47{static,/static,file:///home/runner/work/ozone/ozone/hadoop-ozone/integration-test/target/test-classes/webapps/static,STOPPED}
2025-07-15 19:46:11,525 [main] INFO  handler.ContextHandler (ContextHandler.java:doStop(1159)) - Stopped o.e.j.s.ServletContextHandler@543d5160{logs,/logs,file:///home/runner/work/ozone/ozone/hadoop-ozone/integration-test/target/log,STOPPED}
2025-07-15 19:46:11,526 [main] INFO  rocksdiff.RocksDBCheckpointDiffer (RocksDBCheckpointDiffer.java:close(340)) - Shutting down CompactionDagPruningService.
2025-07-15 19:46:11,530 [main] INFO  snapshot.SnapshotDiffManager (SnapshotDiffManager.java:closeExecutorService(1725)) - Shutting down executorService: 'SnapDiffExecutor'
2025-07-15 19:46:11,535 [main] INFO  utils.BackgroundService (BackgroundService.java:shutdown(178)) - Shutting down service SnapshotDiffCleanupService
2025-07-15 19:46:11,536 [main] INFO  ozone.MiniOzoneHAClusterImpl (MiniOzoneHAClusterImpl.java:restartOzoneManager(221)) - Restarting OzoneManager omNode-1
2025-07-15 19:46:11,536 [main] INFO  om.OzoneManager (OzoneManager.java:restart(1911)) - OzoneManager RPC server is listening at localhost/127.0.0.1:15006
2025-07-15 19:46:11,536 [main] INFO  impl.MetricsSystemImpl (MetricsSystemImpl.java:init(158)) - OzoneManager metrics system started (again)
2025-07-15 19:46:11,558 [main] WARN  server.ServerUtils (ServerUtils.java:getDBPath(292)) - ozone.om.db.dirs is not configured. We recommend adding this setting. Falling back to ozone.metadata.dirs instead.
2025-07-15 19:46:11,640 [main] INFO  om.OzoneManager (OzoneManager.java:instantiateServices(925)) - S3 Multi-Tenancy is disabled
2025-07-15 19:46:11,641 [main] INFO  om.OmSnapshotManager (OmSnapshotManager.java:<init>(190)) - Ozone filesystem snapshot feature is enabled.
2025-07-15 19:46:11,641 [main] WARN  server.ServerUtils (ServerUtils.java:getDBPath(292)) - ozone.om.snapshot.diff.db.dir is not configured. We recommend adding this setting. Falling back to ozone.metadata.dirs instead.
2025-07-15 19:46:11,657 [main] INFO  utils.BackgroundService (BackgroundService.java:start(118)) - Starting service SnapshotDiffCleanupService with interval 60000 milliseconds
2025-07-15 19:46:11,662 [main] INFO  utils.BackgroundService (BackgroundService.java:start(118)) - Starting service KeyDeletingService with interval 1000 milliseconds
2025-07-15 19:46:11,662 [main] INFO  utils.BackgroundService (BackgroundService.java:start(118)) - Starting service DirectoryDeletingService with interval 120000 milliseconds
2025-07-15 19:46:11,662 [main] INFO  utils.BackgroundService (BackgroundService.java:start(118)) - Starting service OpenKeyCleanupService with interval 86400000 milliseconds
2025-07-15 19:46:11,663 [main] INFO  utils.BackgroundService (BackgroundService.java:start(118)) - Starting service SstFilteringService with interval 60000 milliseconds
2025-07-15 19:46:11,663 [main] INFO  utils.BackgroundService (BackgroundService.java:start(118)) - Starting service SnapshotDeletingService with interval 1000 milliseconds
2025-07-15 19:46:11,664 [main] INFO  utils.BackgroundService (BackgroundService.java:start(118)) - Starting service MultipartUploadCleanupService with interval 86400000 milliseconds
2025-07-15 19:46:11,664 [omNode-1-SstFilteringService#0] WARN  server.ServerUtils (ServerUtils.java:getDBPath(292)) - ozone.om.db.dirs is not configured. We recommend adding this setting. Falling back to ozone.metadata.dirs instead.
2025-07-15 19:46:11,664 [omNode-1-SstFilteringService#0] WARN  server.ServerUtils (ServerUtils.java:getDBPath(292)) - ozone.om.db.dirs is not configured. We recommend adding this setting. Falling back to ozone.metadata.dirs instead.
2025-07-15 19:46:11,664 [omNode-1-SstFilteringService#0] WARN  server.ServerUtils (ServerUtils.java:getDBPath(292)) - ozone.om.db.dirs is not configured. We recommend adding this setting. Falling back to ozone.metadata.dirs instead.
2025-07-15 19:46:11,665 [omNode-1-SstFilteringService#0] INFO  snapshot.SnapshotCache (SnapshotCache.java:lambda$2(204)) - Loading SnapshotId: '2ddf5476-c945-4ed0-988c-d6da0b4d567e'
2025-07-15 19:46:11,665 [omNode-1-SstFilteringService#0] WARN  server.ServerUtils (ServerUtils.java:getDBPath(292)) - ozone.om.db.dirs is not configured. We recommend adding this setting. Falling back to ozone.metadata.dirs instead.
2025-07-15 19:46:11,666 [main] WARN  server.ServerUtils (ServerUtils.java:getDefaultRatisDirectory(304)) - Storage directory for Ratis is not configured. It is a good idea to map this to an SSD disk. Falling back to ozone.metadata.dirs
2025-07-15 19:46:11,667 [main] INFO  server.RaftServerConfigKeys (ConfUtils.java:logGet(62)) - raft.server.log.appender.buffer.byte-limit = 4194304 (custom)
2025-07-15 19:46:11,668 [main] INFO  ratis.OzoneManagerRatisServer (OzoneManagerRatisServer.java:<init>(167)) - Instantiating OM Ratis server with groupID: om-service-test and peers: localhost:15009, localhost:15017, localhost:15013
2025-07-15 19:46:11,668 [main] INFO  ratis.OzoneManagerStateMachine (OzoneManagerStateMachine.java:loadSnapshotInfoFromDB(616)) - LastAppliedIndex is set from TransactionInfo from OM DB as (t:3, i:389)
2025-07-15 19:46:11,669 [main] INFO  grpc.GrpcConfigKeys (ConfUtils.java:logFallback(69)) - raft.grpc.admin.host = null (fallback to raft.grpc.server.host)
2025-07-15 19:46:11,669 [main] INFO  grpc.GrpcConfigKeys (ConfUtils.java:logFallback(69)) - raft.grpc.admin.port = 15009 (fallback to raft.grpc.server.port)
2025-07-15 19:46:11,669 [main] INFO  grpc.GrpcConfigKeys (ConfUtils.java:logFallback(69)) - raft.grpc.client.host = null (fallback to raft.grpc.server.host)
2025-07-15 19:46:11,670 [main] INFO  grpc.GrpcConfigKeys (ConfUtils.java:logFallback(69)) - raft.grpc.client.port = 15009 (fallback to raft.grpc.server.port)
2025-07-15 19:46:11,670 [main] INFO  grpc.GrpcConfigKeys (ConfUtils.java:logGet(62)) - raft.grpc.server.port = 15009 (custom)
2025-07-15 19:46:11,670 [main] INFO  server.GrpcServicesImpl (ConfUtils.java:logGet(62)) - raft.grpc.message.size.max = 5242880 (custom)
2025-07-15 19:46:11,670 [main] INFO  server.RaftServerConfigKeys (ConfUtils.java:logGet(62)) - raft.server.log.appender.buffer.byte-limit = 4194304 (custom)
2025-07-15 19:46:11,671 [main] INFO  server.RaftServerConfigKeys (ConfUtils.java:logGet(62)) - raft.server.storage.dir = [/home/runner/work/ozone/ozone/hadoop-ozone/integration-test/target/test-dir/MiniOzoneClusterImpl-0e8a6840-8092-433d-9bbe-2fd65d18bfc8/omNode-1/ratis] (custom)
2025-07-15 19:46:11,671 [omNode-1-impl-thread1] INFO  server.RaftServer (RaftServerProxy.java:initGroupDir(270)) - omNode-1: found a subdirectory /home/runner/work/ozone/ozone/hadoop-ozone/integration-test/target/test-dir/MiniOzoneClusterImpl-0e8a6840-8092-433d-9bbe-2fd65d18bfc8/omNode-1/ratis/3bf88a72-722a-315e-b909-c0483ffa3dbe
2025-07-15 19:46:11,672 [main] INFO  server.RaftServer (RaftServerProxy.java:addNew(105)) - omNode-1: addNew group-C0483FFA3DBE:[omNode-3|localhost:15017, omNode-1|localhost:15009, omNode-2|localhost:15013] returns group-C0483FFA3DBE:java.util.concurrent.CompletableFuture@4a4f08ed[Not completed]
2025-07-15 19:46:11,672 [main] INFO  om.OzoneManager (OzoneManager.java:initializeRatisServer(2336)) - OzoneManager Ratis server initialized at port 15009
2025-07-15 19:46:11,672 [main] INFO  ratis.OzoneManagerRatisServer (OzoneManagerRatisServer.java:start(628)) - Starting OzoneManagerRatisServer omNode-1 at port 15009
2025-07-15 19:46:11,672 [omNode-1-groupManagement] INFO  server.RaftServer$Division (RaftServerImpl.java:<init>(268)) - omNode-1: new RaftServerImpl for group-C0483FFA3DBE:[omNode-3|localhost:15017, omNode-1|localhost:15009, omNode-2|localhost:15013] with OzoneManagerStateMachine:uninitialized
2025-07-15 19:46:11,672 [omNode-1-groupManagement] INFO  server.RaftServer$Division (ServerState.java:<init>(114)) - omNode-1@group-C0483FFA3DBE: ConfigurationManager, init=conf: {index: -1, cur=peers:[omNode-3|localhost:15017, omNode-1|localhost:15009, omNode-2|localhost:15013]|listeners:[], old=null}, confs=<EMPTY_MAP>
2025-07-15 19:46:11,678 [omNode-1-impl-thread1] INFO  storage.RaftStorageDirectory (RaftStorageDirectoryImpl.java:tryLock(229)) - Lock on /home/runner/work/ozone/ozone/hadoop-ozone/integration-test/target/test-dir/MiniOzoneClusterImpl-0e8a6840-8092-433d-9bbe-2fd65d18bfc8/omNode-1/ratis/3bf88a72-722a-315e-b909-c0483ffa3dbe/in_use.lock acquired by nodename 53370@localhost
2025-07-15 19:46:11,678 [omNode-1-impl-thread1] INFO  storage.RaftStorage (RaftStorageImpl.java:analyzeAndRecoverStorage(118)) - Read RaftStorageMetadata{term=3, votedFor=omNode-1} from /home/runner/work/ozone/ozone/hadoop-ozone/integration-test/target/test-dir/MiniOzoneClusterImpl-0e8a6840-8092-433d-9bbe-2fd65d18bfc8/omNode-1/ratis/3bf88a72-722a-315e-b909-c0483ffa3dbe/current/raft-meta
2025-07-15 19:46:11,679 [omNode-1-impl-thread1] INFO  server.RaftServer$Division (ServerState.java:setRaftConf(386)) - omNode-1@group-C0483FFA3DBE: set configuration conf: {index: 184, cur=peers:[omNode-3|localhost:15017, omNode-1|localhost:15009, omNode-2|localhost:15013]|listeners:[], old=null}
2025-07-15 19:46:11,679 [omNode-1-impl-thread1] INFO  ratis.OzoneManagerStateMachine (OzoneManagerStateMachine.java:lambda$0(138)) - omNode-1: initialize group-C0483FFA3DBE with (t:3, i:389)
2025-07-15 19:46:11,679 [omNode-1-impl-thread1] INFO  server.RaftServerConfigKeys (ConfUtils.java:logGet(62)) - raft.server.log.appender.buffer.byte-limit = 4194304 (custom)
2025-07-15 19:46:11,681 [omNode-1-impl-thread1] INFO  server.RaftServerConfigKeys (ConfUtils.java:logGet(62)) - raft.server.log.segment.size.max = 4194304 (custom)
2025-07-15 19:46:11,681 [omNode-1-impl-thread1] INFO  server.RaftServerConfigKeys (ConfUtils.java:logGet(62)) - raft.server.log.appender.buffer.byte-limit = 4194304 (custom)
2025-07-15 19:46:11,682 [omNode-1-impl-thread1] INFO  util.AwaitToRun (AwaitToRun.java:start(81)) - Thread[#14325,omNode-1@group-C0483FFA3DBE-cacheEviction-AwaitToRun,5,main] started
2025-07-15 19:46:11,682 [omNode-1-impl-thread1] INFO  segmented.SegmentedRaftLogWorker (SegmentedRaftLogWorker.java:<init>(190)) - new omNode-1@group-C0483FFA3DBE-SegmentedRaftLogWorker for RaftStorageImpl:Storage Directory /home/runner/work/ozone/ozone/hadoop-ozone/integration-test/target/test-dir/MiniOzoneClusterImpl-0e8a6840-8092-433d-9bbe-2fd65d18bfc8/omNode-1/ratis/3bf88a72-722a-315e-b909-c0483ffa3dbe
2025-07-15 19:46:11,682 [omNode-1-impl-thread1] INFO  server.RaftServerConfigKeys (ConfUtils.java:logGet(62)) - raft.server.log.segment.size.max = 4194304 (custom)
2025-07-15 19:46:11,682 [omNode-1-impl-thread1] INFO  server.RaftServerConfigKeys (ConfUtils.java:logGet(62)) - raft.server.log.preallocated.size = 4194304 (custom)
2025-07-15 19:46:11,682 [omNode-1-impl-thread1] INFO  server.RaftServerConfigKeys (ConfUtils.java:logGet(62)) - raft.server.log.write.buffer.size = 4194312 (custom)
2025-07-15 19:46:11,685 [omNode-1-impl-thread1] INFO  server.RaftServerConfigKeys (ConfUtils.java:logGet(62)) - raft.server.log.appender.buffer.byte-limit = 4194304 (custom)
2025-07-15 19:46:11,686 [omNode-1-impl-thread1] INFO  server.RaftServer$Division (ServerState.java:setRaftConf(386)) - omNode-1@group-C0483FFA3DBE: set configuration conf: {index: 0, cur=peers:[omNode-3|localhost:15017, omNode-1|localhost:15009, omNode-2|localhost:15013]|listeners:[], old=null}
2025-07-15 19:46:11,688 [omNode-1-impl-thread1] INFO  segmented.LogSegment (LogSegment.java:loadSegment(171)) - Successfully read 173 entries from segment file /home/runner/work/ozone/ozone/hadoop-ozone/integration-test/target/test-dir/MiniOzoneClusterImpl-0e8a6840-8092-433d-9bbe-2fd65d18bfc8/omNode-1/ratis/3bf88a72-722a-315e-b909-c0483ffa3dbe/current/log_0-172
2025-07-15 19:46:11,688 [omNode-1-impl-thread1] INFO  server.RaftServer$Division (ServerState.java:setRaftConf(386)) - omNode-1@group-C0483FFA3DBE: set configuration conf: {index: 173, cur=peers:[omNode-3|localhost:15017, omNode-1|localhost:15009, omNode-2|localhost:15013]|listeners:[], old=null}
2025-07-15 19:46:11,689 [omNode-1-impl-thread1] INFO  segmented.LogSegment (LogSegment.java:loadSegment(171)) - Successfully read 11 entries from segment file /home/runner/work/ozone/ozone/hadoop-ozone/integration-test/target/test-dir/MiniOzoneClusterImpl-0e8a6840-8092-433d-9bbe-2fd65d18bfc8/omNode-1/ratis/3bf88a72-722a-315e-b909-c0483ffa3dbe/current/log_173-183
2025-07-15 19:46:11,689 [omNode-1-impl-thread1] INFO  server.RaftServer$Division (ServerState.java:setRaftConf(386)) - omNode-1@group-C0483FFA3DBE: set configuration conf: {index: 184, cur=peers:[omNode-3|localhost:15017, omNode-1|localhost:15009, omNode-2|localhost:15013]|listeners:[], old=null}
2025-07-15 19:46:11,692 [omNode-1-impl-thread1] INFO  segmented.LogSegment (LogSegment.java:loadSegment(171)) - Successfully read 206 entries from segment file /home/runner/work/ozone/ozone/hadoop-ozone/integration-test/target/test-dir/MiniOzoneClusterImpl-0e8a6840-8092-433d-9bbe-2fd65d18bfc8/omNode-1/ratis/3bf88a72-722a-315e-b909-c0483ffa3dbe/current/log_inprogress_184
2025-07-15 19:46:11,692 [omNode-1-impl-thread1] INFO  segmented.SegmentedRaftLogWorker (SegmentedRaftLogWorker.java:lambda$new$0(141)) - omNode-1@group-C0483FFA3DBE-SegmentedRaftLogWorker: flushIndex: setUnconditionally 0 -> 389
2025-07-15 19:46:11,692 [omNode-1-impl-thread1] INFO  segmented.SegmentedRaftLogWorker (SegmentedRaftLogWorker.java:lambda$new$0(141)) - omNode-1@group-C0483FFA3DBE-SegmentedRaftLogWorker: safeCacheEvictIndex: setUnconditionally 0 -> 183
2025-07-15 19:46:11,692 [omNode-1-impl-thread1] INFO  segmented.BufferedWriteChannel (BufferedWriteChannel.java:open(61)) - open log_inprogress_184 (append) at position 218957
2025-07-15 19:46:11,694 [omNode-1-impl-thread1] INFO  server.RaftServer$Division (RaftServerImpl.java:start(405)) - omNode-1@group-C0483FFA3DBE: start as a follower, conf=conf: {index: 184, cur=peers:[omNode-3|localhost:15017, omNode-1|localhost:15009, omNode-2|localhost:15013]|listeners:[], old=null}
2025-07-15 19:46:11,694 [omNode-1-impl-thread1] INFO  server.RaftServer$Division (RaftServerImpl.java:setRole(392)) - omNode-1@group-C0483FFA3DBE: changes role from      null to FOLLOWER at term 3 for startAsFollower
2025-07-15 19:46:11,694 [omNode-1-impl-thread1] INFO  impl.RoleInfo (RoleInfo.java:updateAndGet(148)) - omNode-1: start omNode-1@group-C0483FFA3DBE-FollowerState
2025-07-15 19:46:11,695 [omNode-1-impl-thread1] INFO  util.JmxRegister (JmxRegister.java:tryRegister(44)) - Successfully registered JMX Bean with object name Ratis:service=RaftServer,group=group-C0483FFA3DBE,id=omNode-1
2025-07-15 19:46:11,696 [omNode-1-impl-thread1] INFO  util.JmxRegister (JmxRegister.java:register(58)) - register mxBean class org.apache.ratis.server.impl.RaftServerJmxAdapter as Ratis:service=RaftServer,group=group-C0483FFA3DBE,id=omNode-1
2025-07-15 19:46:11,696 [omNode-1@group-C0483FFA3DBE-FollowerState] INFO  server.RaftServerConfigKeys (ConfUtils.java:logFallback(69)) - raft.server.rpc.first-election.timeout.min = 1s (fallback to raft.server.rpc.timeout.min)
2025-07-15 19:46:11,696 [omNode-1@group-C0483FFA3DBE-FollowerState] INFO  server.RaftServerConfigKeys (ConfUtils.java:logFallback(69)) - raft.server.rpc.first-election.timeout.max = 1200ms (fallback to raft.server.rpc.timeout.max)
2025-07-15 19:46:11,697 [omNode-1-impl-thread1] INFO  server.RaftServer$Division (RaftServerImpl.java:start(419)) - omNode-1@group-C0483FFA3DBE: Successfully started.
2025-07-15 19:46:11,697 [main] INFO  server.RaftServer (RaftServerProxy.java:startImpl(412)) - omNode-1: start RPC server
2025-07-15 19:46:11,698 [main] INFO  server.GrpcServicesImpl (GrpcServicesImpl.java:startImpl(346)) - omNode-1: GrpcServicesImpl started, listening on 15009
2025-07-15 19:46:11,699 [main] INFO  om.OzoneManager (OzoneManager.java:getRpcServer(1388)) - Creating RPC Server
2025-07-15 19:46:11,699 [JvmPauseMonitor10] INFO  util.JvmPauseMonitor (JvmPauseMonitor.java:run(146)) - JvmPauseMonitor-omNode-1: Started
2025-07-15 19:46:11,712 [omNode-1-SstFilteringService#0] INFO  db.RocksDatabase (RocksDatabase.java:deleteFilesNotMatchingPrefix(870)) - Deleting sst file: /000077.sst with start key: /-9223372036854773504/-9223372036854773248/-9223372036854773248/key-0486940199 and end key: /-9223372036854773504/-9223372036854773248/-9223372036854773248/key-0486940199 corresponding to column family fileTable from db: /home/runner/work/ozone/ozone/hadoop-ozone/integration-test/target/test-dir/MiniOzoneClusterImpl-0e8a6840-8092-433d-9bbe-2fd65d18bfc8/omNode-1/db.snapshots/checkpointState/om.db-2ddf5476-c945-4ed0-988c-d6da0b4d567e. Prefix for the column family: /-9223372036854772480/-9223372036854772224/.
2025-07-15 19:46:11,718 [omNode-1-SstFilteringService#0] INFO  db.RocksDatabase (RocksDatabase.java:deleteFilesNotMatchingPrefix(870)) - Deleting sst file: /000070.sst with start key: /-9223372036854774016/-9223372036854773760/-9223372036854773760/key-0365758073 and end key: /-9223372036854774016/-9223372036854773760/-9223372036854773760/key-0365758073 corresponding to column family fileTable from db: /home/runner/work/ozone/ozone/hadoop-ozone/integration-test/target/test-dir/MiniOzoneClusterImpl-0e8a6840-8092-433d-9bbe-2fd65d18bfc8/omNode-1/db.snapshots/checkpointState/om.db-2ddf5476-c945-4ed0-988c-d6da0b4d567e. Prefix for the column family: /-9223372036854772480/-9223372036854772224/.
2025-07-15 19:46:11,722 [omNode-1-SstFilteringService#0] INFO  db.RocksDatabase (RocksDatabase.java:deleteFilesNotMatchingPrefix(870)) - Deleting sst file: /000064.sst with start key: /-9223372036854774528/-9223372036854774272/-9223372036854774272/key-1378826234 and end key: /-9223372036854774528/-9223372036854774272/-9223372036854774272/key-1378826234 corresponding to column family fileTable from db: /home/runner/work/ozone/ozone/hadoop-ozone/integration-test/target/test-dir/MiniOzoneClusterImpl-0e8a6840-8092-433d-9bbe-2fd65d18bfc8/omNode-1/db.snapshots/checkpointState/om.db-2ddf5476-c945-4ed0-988c-d6da0b4d567e. Prefix for the column family: /-9223372036854772480/-9223372036854772224/.
2025-07-15 19:46:11,724 [omNode-1-SstFilteringService#0] INFO  db.RocksDatabase (RocksDatabase.java:deleteFilesNotMatchingPrefix(870)) - Deleting sst file: /000057.sst with start key: /-9223372036854775040/-9223372036854774784/-9223372036854774784/key-5363736728 and end key: /-9223372036854775040/-9223372036854774784/-9223372036854774784/key-5363736728 corresponding to column family fileTable from db: /home/runner/work/ozone/ozone/hadoop-ozone/integration-test/target/test-dir/MiniOzoneClusterImpl-0e8a6840-8092-433d-9bbe-2fd65d18bfc8/omNode-1/db.snapshots/checkpointState/om.db-2ddf5476-c945-4ed0-988c-d6da0b4d567e. Prefix for the column family: /-9223372036854772480/-9223372036854772224/.
2025-07-15 19:46:11,729 [omNode-1-SstFilteringService#0] WARN  server.ServerUtils (ServerUtils.java:getDBPath(292)) - ozone.om.db.dirs is not configured. We recommend adding this setting. Falling back to ozone.metadata.dirs instead.
2025-07-15 19:46:11,731 [omNode-1-SstFilteringService#0] WARN  server.ServerUtils (ServerUtils.java:getDBPath(292)) - ozone.om.db.dirs is not configured. We recommend adding this setting. Falling back to ozone.metadata.dirs instead.
2025-07-15 19:46:11,732 [omNode-1-SstFilteringService#0] INFO  snapshot.SnapshotCache (SnapshotCache.java:lambda$2(204)) - Loading SnapshotId: '5c3bdced-399f-4720-b03a-a7488aee9355'
2025-07-15 19:46:11,732 [omNode-1-SstFilteringService#0] WARN  server.ServerUtils (ServerUtils.java:getDBPath(292)) - ozone.om.db.dirs is not configured. We recommend adding this setting. Falling back to ozone.metadata.dirs instead.
2025-07-15 19:46:11,838 [omNode-1-SstFilteringService#0] INFO  db.RocksDatabase (RocksDatabase.java:deleteFilesNotMatchingPrefix(870)) - Deleting sst file: /000180.sst with start key: /-9223372036854770432/-9223372036854770176/-9223372036854770176/key-5073748170 and end key: /-9223372036854770432/-9223372036854770176/-9223372036854770176/key-5073748170 corresponding to column family fileTable from db: /home/runner/work/ozone/ozone/hadoop-ozone/integration-test/target/test-dir/MiniOzoneClusterImpl-0e8a6840-8092-433d-9bbe-2fd65d18bfc8/omNode-1/db.snapshots/checkpointState/om.db-5c3bdced-399f-4720-b03a-a7488aee9355. Prefix for the column family: /-9223372036854772480/-9223372036854772224/.
2025-07-15 19:46:11,844 [omNode-1-SstFilteringService#0] INFO  db.RocksDatabase (RocksDatabase.java:deleteFilesNotMatchingPrefix(870)) - Deleting sst file: /000245.sst with start key: /-9223372036854770432/-9223372036854770176/-9223372036854770176/key-8553103625 and end key: /-9223372036854770432/-9223372036854770176/-9223372036854770176/key-8553103625 corresponding to column family fileTable from db: /home/runner/work/ozone/ozone/hadoop-ozone/integration-test/target/test-dir/MiniOzoneClusterImpl-0e8a6840-8092-433d-9bbe-2fd65d18bfc8/omNode-1/db.snapshots/checkpointState/om.db-5c3bdced-399f-4720-b03a-a7488aee9355. Prefix for the column family: /-9223372036854772480/-9223372036854772224/.
2025-07-15 19:46:11,848 [omNode-1-SstFilteringService#0] INFO  db.RocksDatabase (RocksDatabase.java:deleteFilesNotMatchingPrefix(870)) - Deleting sst file: /000115.sst with start key: /-9223372036854770432/-9223372036854770176/-9223372036854770176/key-9043621183 and end key: /-9223372036854770432/-9223372036854770176/-9223372036854770176/key-9043621183 corresponding to column family fileTable from db: /home/runner/work/ozone/ozone/hadoop-ozone/integration-test/target/test-dir/MiniOzoneClusterImpl-0e8a6840-8092-433d-9bbe-2fd65d18bfc8/omNode-1/db.snapshots/checkpointState/om.db-5c3bdced-399f-4720-b03a-a7488aee9355. Prefix for the column family: /-9223372036854772480/-9223372036854772224/.
2025-07-15 19:46:11,850 [omNode-1-SstFilteringService#0] INFO  db.RocksDatabase (RocksDatabase.java:deleteFilesNotMatchingPrefix(870)) - Deleting sst file: /000311.sst with start key: /-9223372036854770432/-9223372036854770176/-9223372036854770176/key-9963070430 and end key: /-9223372036854770432/-9223372036854770176/-9223372036854770176/key-9963070430 corresponding to column family fileTable from db: /home/runner/work/ozone/ozone/hadoop-ozone/integration-test/target/test-dir/MiniOzoneClusterImpl-0e8a6840-8092-433d-9bbe-2fd65d18bfc8/omNode-1/db.snapshots/checkpointState/om.db-5c3bdced-399f-4720-b03a-a7488aee9355. Prefix for the column family: /-9223372036854772480/-9223372036854772224/.
2025-07-15 19:46:11,851 [omNode-1-SstFilteringService#0] INFO  db.RocksDatabase (RocksDatabase.java:deleteFilesNotMatchingPrefix(870)) - Deleting sst file: /000239.sst with start key: /-9223372036854770944/-9223372036854770688/-9223372036854770688/key-1587099505 and end key: /-9223372036854770944/-9223372036854770688/-9223372036854770688/key-1587099505 corresponding to column family fileTable from db: /home/runner/work/ozone/ozone/hadoop-ozone/integration-test/target/test-dir/MiniOzoneClusterImpl-0e8a6840-8092-433d-9bbe-2fd65d18bfc8/omNode-1/db.snapshots/checkpointState/om.db-5c3bdced-399f-4720-b03a-a7488aee9355. Prefix for the column family: /-9223372036854772480/-9223372036854772224/.
2025-07-15 19:46:11,854 [omNode-1-SstFilteringService#0] INFO  db.RocksDatabase (RocksDatabase.java:deleteFilesNotMatchingPrefix(870)) - Deleting sst file: /000173.sst with start key: /-9223372036854770944/-9223372036854770688/-9223372036854770688/key-2850657364 and end key: /-9223372036854770944/-9223372036854770688/-9223372036854770688/key-2850657364 corresponding to column family fileTable from db: /home/runner/work/ozone/ozone/hadoop-ozone/integration-test/target/test-dir/MiniOzoneClusterImpl-0e8a6840-8092-433d-9bbe-2fd65d18bfc8/omNode-1/db.snapshots/checkpointState/om.db-5c3bdced-399f-4720-b03a-a7488aee9355. Prefix for the column family: /-9223372036854772480/-9223372036854772224/.
2025-07-15 19:46:11,856 [omNode-1-SstFilteringService#0] INFO  db.RocksDatabase (RocksDatabase.java:deleteFilesNotMatchingPrefix(870)) - Deleting sst file: /000303.sst with start key: /-9223372036854770944/-9223372036854770688/-9223372036854770688/key-3792015933 and end key: /-9223372036854770944/-9223372036854770688/-9223372036854770688/key-3792015933 corresponding to column family fileTable from db: /home/runner/work/ozone/ozone/hadoop-ozone/integration-test/target/test-dir/MiniOzoneClusterImpl-0e8a6840-8092-433d-9bbe-2fd65d18bfc8/omNode-1/db.snapshots/checkpointState/om.db-5c3bdced-399f-4720-b03a-a7488aee9355. Prefix for the column family: /-9223372036854772480/-9223372036854772224/.
2025-07-15 19:46:11,860 [omNode-1-SstFilteringService#0] INFO  db.RocksDatabase (RocksDatabase.java:deleteFilesNotMatchingPrefix(870)) - Deleting sst file: /000109.sst with start key: /-9223372036854770944/-9223372036854770688/-9223372036854770688/key-7542161474 and end key: /-9223372036854770944/-9223372036854770688/-9223372036854770688/key-7542161474 corresponding to column family fileTable from db: /home/runner/work/ozone/ozone/hadoop-ozone/integration-test/target/test-dir/MiniOzoneClusterImpl-0e8a6840-8092-433d-9bbe-2fd65d18bfc8/omNode-1/db.snapshots/checkpointState/om.db-5c3bdced-399f-4720-b03a-a7488aee9355. Prefix for the column family: /-9223372036854772480/-9223372036854772224/.
2025-07-15 19:46:11,863 [omNode-1-SstFilteringService#0] INFO  db.RocksDatabase (RocksDatabase.java:deleteFilesNotMatchingPrefix(870)) - Deleting sst file: /000167.sst with start key: /-9223372036854771456/-9223372036854771200/-9223372036854771200/key-0325046774 and end key: /-9223372036854771456/-9223372036854771200/-9223372036854771200/key-0325046774 corresponding to column family fileTable from db: /home/runner/work/ozone/ozone/hadoop-ozone/integration-test/target/test-dir/MiniOzoneClusterImpl-0e8a6840-8092-433d-9bbe-2fd65d18bfc8/omNode-1/db.snapshots/checkpointState/om.db-5c3bdced-399f-4720-b03a-a7488aee9355. Prefix for the column family: /-9223372036854772480/-9223372036854772224/.
2025-07-15 19:46:11,864 [omNode-1-SstFilteringService#0] INFO  db.RocksDatabase (RocksDatabase.java:deleteFilesNotMatchingPrefix(870)) - Deleting sst file: /000102.sst with start key: /-9223372036854771456/-9223372036854771200/-9223372036854771200/key-3058113169 and end key: /-9223372036854771456/-9223372036854771200/-9223372036854771200/key-3058113169 corresponding to column family fileTable from db: /home/runner/work/ozone/ozone/hadoop-ozone/integration-test/target/test-dir/MiniOzoneClusterImpl-0e8a6840-8092-433d-9bbe-2fd65d18bfc8/omNode-1/db.snapshots/checkpointState/om.db-5c3bdced-399f-4720-b03a-a7488aee9355. Prefix for the column family: /-9223372036854772480/-9223372036854772224/.
2025-07-15 19:46:11,867 [omNode-1-SstFilteringService#0] INFO  db.RocksDatabase (RocksDatabase.java:deleteFilesNotMatchingPrefix(870)) - Deleting sst file: /000297.sst with start key: /-9223372036854771456/-9223372036854771200/-9223372036854771200/key-8741245953 and end key: /-9223372036854771456/-9223372036854771200/-9223372036854771200/key-8741245953 corresponding to column family fileTable from db: /home/runner/work/ozone/ozone/hadoop-ozone/integration-test/target/test-dir/MiniOzoneClusterImpl-0e8a6840-8092-433d-9bbe-2fd65d18bfc8/omNode-1/db.snapshots/checkpointState/om.db-5c3bdced-399f-4720-b03a-a7488aee9355. Prefix for the column family: /-9223372036854772480/-9223372036854772224/.
2025-07-15 19:46:11,870 [omNode-1-SstFilteringService#0] INFO  db.RocksDatabase (RocksDatabase.java:deleteFilesNotMatchingPrefix(870)) - Deleting sst file: /000232.sst with start key: /-9223372036854771456/-9223372036854771200/-9223372036854771200/key-9501142286 and end key: /-9223372036854771456/-9223372036854771200/-9223372036854771200/key-9501142286 corresponding to column family fileTable from db: /home/runner/work/ozone/ozone/hadoop-ozone/integration-test/target/test-dir/MiniOzoneClusterImpl-0e8a6840-8092-433d-9bbe-2fd65d18bfc8/omNode-1/db.snapshots/checkpointState/om.db-5c3bdced-399f-4720-b03a-a7488aee9355. Prefix for the column family: /-9223372036854772480/-9223372036854772224/.
2025-07-15 19:46:11,871 [omNode-1-SstFilteringService#0] INFO  db.RocksDatabase (RocksDatabase.java:deleteFilesNotMatchingPrefix(870)) - Deleting sst file: /000291.sst with start key: /-9223372036854771968/-9223372036854771712/-9223372036854771712/key-2011038349 and end key: /-9223372036854771968/-9223372036854771712/-9223372036854771712/key-2011038349 corresponding to column family fileTable from db: /home/runner/work/ozone/ozone/hadoop-ozone/integration-test/target/test-dir/MiniOzoneClusterImpl-0e8a6840-8092-433d-9bbe-2fd65d18bfc8/omNode-1/db.snapshots/checkpointState/om.db-5c3bdced-399f-4720-b03a-a7488aee9355. Prefix for the column family: /-9223372036854772480/-9223372036854772224/.
2025-07-15 19:46:11,874 [omNode-1-SstFilteringService#0] INFO  db.RocksDatabase (RocksDatabase.java:deleteFilesNotMatchingPrefix(870)) - Deleting sst file: /000161.sst with start key: /-9223372036854771968/-9223372036854771712/-9223372036854771712/key-5499515943 and end key: /-9223372036854771968/-9223372036854771712/-9223372036854771712/key-5499515943 corresponding to column family fileTable from db: /home/runner/work/ozone/ozone/hadoop-ozone/integration-test/target/test-dir/MiniOzoneClusterImpl-0e8a6840-8092-433d-9bbe-2fd65d18bfc8/omNode-1/db.snapshots/checkpointState/om.db-5c3bdced-399f-4720-b03a-a7488aee9355. Prefix for the column family: /-9223372036854772480/-9223372036854772224/.
2025-07-15 19:46:11,877 [omNode-1-SstFilteringService#0] INFO  db.RocksDatabase (RocksDatabase.java:deleteFilesNotMatchingPrefix(870)) - Deleting sst file: /000095.sst with start key: /-9223372036854771968/-9223372036854771712/-9223372036854771712/key-5913089270 and end key: /-9223372036854771968/-9223372036854771712/-9223372036854771712/key-5913089270 corresponding to column family fileTable from db: /home/runner/work/ozone/ozone/hadoop-ozone/integration-test/target/test-dir/MiniOzoneClusterImpl-0e8a6840-8092-433d-9bbe-2fd65d18bfc8/omNode-1/db.snapshots/checkpointState/om.db-5c3bdced-399f-4720-b03a-a7488aee9355. Prefix for the column family: /-9223372036854772480/-9223372036854772224/.
2025-07-15 19:46:11,879 [omNode-1-SstFilteringService#0] INFO  db.RocksDatabase (RocksDatabase.java:deleteFilesNotMatchingPrefix(870)) - Deleting sst file: /000225.sst with start key: /-9223372036854771968/-9223372036854771712/-9223372036854771712/key-6258498644 and end key: /-9223372036854771968/-9223372036854771712/-9223372036854771712/key-6258498644 corresponding to column family fileTable from db: /home/runner/work/ozone/ozone/hadoop-ozone/integration-test/target/test-dir/MiniOzoneClusterImpl-0e8a6840-8092-433d-9bbe-2fd65d18bfc8/omNode-1/db.snapshots/checkpointState/om.db-5c3bdced-399f-4720-b03a-a7488aee9355. Prefix for the column family: /-9223372036854772480/-9223372036854772224/.
2025-07-15 19:46:11,884 [omNode-1-SstFilteringService#0] INFO  db.RocksDatabase (RocksDatabase.java:deleteFilesNotMatchingPrefix(870)) - Deleting sst file: /000213.sst with start key: /-9223372036854772992/-9223372036854772736/-9223372036854772736/key-7030822597 and end key: /-9223372036854772992/-9223372036854772736/-9223372036854772736/key-7030822597 corresponding to column family fileTable from db: /home/runner/work/ozone/ozone/hadoop-ozone/integration-test/target/test-dir/MiniOzoneClusterImpl-0e8a6840-8092-433d-9bbe-2fd65d18bfc8/omNode-1/db.snapshots/checkpointState/om.db-5c3bdced-399f-4720-b03a-a7488aee9355. Prefix for the column family: /-9223372036854772480/-9223372036854772224/.
2025-07-15 19:46:11,887 [omNode-1-SstFilteringService#0] INFO  db.RocksDatabase (RocksDatabase.java:deleteFilesNotMatchingPrefix(870)) - Deleting sst file: /000147.sst with start key: /-9223372036854772992/-9223372036854772736/-9223372036854772736/key-7207243133 and end key: /-9223372036854772992/-9223372036854772736/-9223372036854772736/key-7207243133 corresponding to column family fileTable from db: /home/runner/work/ozone/ozone/hadoop-ozone/integration-test/target/test-dir/MiniOzoneClusterImpl-0e8a6840-8092-433d-9bbe-2fd65d18bfc8/omNode-1/db.snapshots/checkpointState/om.db-5c3bdced-399f-4720-b03a-a7488aee9355. Prefix for the column family: /-9223372036854772480/-9223372036854772224/.
2025-07-15 19:46:11,889 [omNode-1-SstFilteringService#0] INFO  db.RocksDatabase (RocksDatabase.java:deleteFilesNotMatchingPrefix(870)) - Deleting sst file: /000277.sst with start key: /-9223372036854772992/-9223372036854772736/-9223372036854772736/key-7809216442 and end key: /-9223372036854772992/-9223372036854772736/-9223372036854772736/key-7809216442 corresponding to column family fileTable from db: /home/runner/work/ozone/ozone/hadoop-ozone/integration-test/target/test-dir/MiniOzoneClusterImpl-0e8a6840-8092-433d-9bbe-2fd65d18bfc8/omNode-1/db.snapshots/checkpointState/om.db-5c3bdced-399f-4720-b03a-a7488aee9355. Prefix for the column family: /-9223372036854772480/-9223372036854772224/.
2025-07-15 19:46:11,892 [omNode-1-SstFilteringService#0] INFO  db.RocksDatabase (RocksDatabase.java:deleteFilesNotMatchingPrefix(870)) - Deleting sst file: /000083.sst with start key: /-9223372036854772992/-9223372036854772736/-9223372036854772736/key-9706630429 and end key: /-9223372036854772992/-9223372036854772736/-9223372036854772736/key-9706630429 corresponding to column family fileTable from db: /home/runner/work/ozone/ozone/hadoop-ozone/integration-test/target/test-dir/MiniOzoneClusterImpl-0e8a6840-8092-433d-9bbe-2fd65d18bfc8/omNode-1/db.snapshots/checkpointState/om.db-5c3bdced-399f-4720-b03a-a7488aee9355. Prefix for the column family: /-9223372036854772480/-9223372036854772224/.
2025-07-15 19:46:11,911 [omNode-1-SstFilteringService#0] INFO  db.RocksDatabase (RocksDatabase.java:deleteFilesNotMatchingPrefix(870)) - Deleting sst file: /000077.sst with start key: /-9223372036854773504/-9223372036854773248/-9223372036854773248/key-0486940199 and end key: /-9223372036854773504/-9223372036854773248/-9223372036854773248/key-0486940199 corresponding to column family fileTable from db: /home/runner/work/ozone/ozone/hadoop-ozone/integration-test/target/test-dir/MiniOzoneClusterImpl-0e8a6840-8092-433d-9bbe-2fd65d18bfc8/omNode-1/db.snapshots/checkpointState/om.db-5c3bdced-399f-4720-b03a-a7488aee9355. Prefix for the column family: /-9223372036854772480/-9223372036854772224/.
2025-07-15 19:46:11,917 [omNode-1-SstFilteringService#0] INFO  db.RocksDatabase (RocksDatabase.java:deleteFilesNotMatchingPrefix(870)) - Deleting sst file: /000207.sst with start key: /-9223372036854773504/-9223372036854773248/-9223372036854773248/key-2481728860 and end key: /-9223372036854773504/-9223372036854773248/-9223372036854773248/key-2481728860 corresponding to column family fileTable from db: /home/runner/work/ozone/ozone/hadoop-ozone/integration-test/target/test-dir/MiniOzoneClusterImpl-0e8a6840-8092-433d-9bbe-2fd65d18bfc8/omNode-1/db.snapshots/checkpointState/om.db-5c3bdced-399f-4720-b03a-a7488aee9355. Prefix for the column family: /-9223372036854772480/-9223372036854772224/.
2025-07-15 19:46:11,918 [omNode-1-SstFilteringService#0] INFO  db.RocksDatabase (RocksDatabase.java:deleteFilesNotMatchingPrefix(870)) - Deleting sst file: /000141.sst with start key: /-9223372036854773504/-9223372036854773248/-9223372036854773248/key-3949744774 and end key: /-9223372036854773504/-9223372036854773248/-9223372036854773248/key-3949744774 corresponding to column family fileTable from db: /home/runner/work/ozone/ozone/hadoop-ozone/integration-test/target/test-dir/MiniOzoneClusterImpl-0e8a6840-8092-433d-9bbe-2fd65d18bfc8/omNode-1/db.snapshots/checkpointState/om.db-5c3bdced-399f-4720-b03a-a7488aee9355. Prefix for the column family: /-9223372036854772480/-9223372036854772224/.
2025-07-15 19:46:11,919 [omNode-1-SstFilteringService#0] INFO  db.RocksDatabase (RocksDatabase.java:deleteFilesNotMatchingPrefix(870)) - Deleting sst file: /000271.sst with start key: /-9223372036854773504/-9223372036854773248/-9223372036854773248/key-9716042024 and end key: /-9223372036854773504/-9223372036854773248/-9223372036854773248/key-9716042024 corresponding to column family fileTable from db: /home/runner/work/ozone/ozone/hadoop-ozone/integration-test/target/test-dir/MiniOzoneClusterImpl-0e8a6840-8092-433d-9bbe-2fd65d18bfc8/omNode-1/db.snapshots/checkpointState/om.db-5c3bdced-399f-4720-b03a-a7488aee9355. Prefix for the column family: /-9223372036854772480/-9223372036854772224/.
2025-07-15 19:46:11,924 [omNode-1-SstFilteringService#0] INFO  db.RocksDatabase (RocksDatabase.java:deleteFilesNotMatchingPrefix(870)) - Deleting sst file: /000070.sst with start key: /-9223372036854774016/-9223372036854773760/-9223372036854773760/key-0365758073 and end key: /-9223372036854774016/-9223372036854773760/-9223372036854773760/key-0365758073 corresponding to column family fileTable from db: /home/runner/work/ozone/ozone/hadoop-ozone/integration-test/target/test-dir/MiniOzoneClusterImpl-0e8a6840-8092-433d-9bbe-2fd65d18bfc8/omNode-1/db.snapshots/checkpointState/om.db-5c3bdced-399f-4720-b03a-a7488aee9355. Prefix for the column family: /-9223372036854772480/-9223372036854772224/.
2025-07-15 19:46:11,926 [omNode-1-SstFilteringService#0] INFO  db.RocksDatabase (RocksDatabase.java:deleteFilesNotMatchingPrefix(870)) - Deleting sst file: /000199.sst with start key: /-9223372036854774016/-9223372036854773760/-9223372036854773760/key-1511742050 and end key: /-9223372036854774016/-9223372036854773760/-9223372036854773760/key-1511742050 corresponding to column family fileTable from db: /home/runner/work/ozone/ozone/hadoop-ozone/integration-test/target/test-dir/MiniOzoneClusterImpl-0e8a6840-8092-433d-9bbe-2fd65d18bfc8/omNode-1/db.snapshots/checkpointState/om.db-5c3bdced-399f-4720-b03a-a7488aee9355. Prefix for the column family: /-9223372036854772480/-9223372036854772224/.
2025-07-15 19:46:11,927 [omNode-1-SstFilteringService#0] INFO  db.RocksDatabase (RocksDatabase.java:deleteFilesNotMatchingPrefix(870)) - Deleting sst file: /000265.sst with start key: /-9223372036854774016/-9223372036854773760/-9223372036854773760/key-6168661770 and end key: /-9223372036854774016/-9223372036854773760/-9223372036854773760/key-6168661770 corresponding to column family fileTable from db: /home/runner/work/ozone/ozone/hadoop-ozone/integration-test/target/test-dir/MiniOzoneClusterImpl-0e8a6840-8092-433d-9bbe-2fd65d18bfc8/omNode-1/db.snapshots/checkpointState/om.db-5c3bdced-399f-4720-b03a-a7488aee9355. Prefix for the column family: /-9223372036854772480/-9223372036854772224/.
2025-07-15 19:46:11,930 [omNode-1-SstFilteringService#0] INFO  db.RocksDatabase (RocksDatabase.java:deleteFilesNotMatchingPrefix(870)) - Deleting sst file: /000135.sst with start key: /-9223372036854774016/-9223372036854773760/-9223372036854773760/key-8908999555 and end key: /-9223372036854774016/-9223372036854773760/-9223372036854773760/key-8908999555 corresponding to column family fileTable from db: /home/runner/work/ozone/ozone/hadoop-ozone/integration-test/target/test-dir/MiniOzoneClusterImpl-0e8a6840-8092-433d-9bbe-2fd65d18bfc8/omNode-1/db.snapshots/checkpointState/om.db-5c3bdced-399f-4720-b03a-a7488aee9355. Prefix for the column family: /-9223372036854772480/-9223372036854772224/.
2025-07-15 19:46:11,934 [omNode-1-SstFilteringService#0] INFO  db.RocksDatabase (RocksDatabase.java:deleteFilesNotMatchingPrefix(870)) - Deleting sst file: /000064.sst with start key: /-9223372036854774528/-9223372036854774272/-9223372036854774272/key-1378826234 and end key: /-9223372036854774528/-9223372036854774272/-9223372036854774272/key-1378826234 corresponding to column family fileTable from db: /home/runner/work/ozone/ozone/hadoop-ozone/integration-test/target/test-dir/MiniOzoneClusterImpl-0e8a6840-8092-433d-9bbe-2fd65d18bfc8/omNode-1/db.snapshots/checkpointState/om.db-5c3bdced-399f-4720-b03a-a7488aee9355. Prefix for the column family: /-9223372036854772480/-9223372036854772224/.
2025-07-15 19:46:11,935 [omNode-1-SstFilteringService#0] INFO  db.RocksDatabase (RocksDatabase.java:deleteFilesNotMatchingPrefix(870)) - Deleting sst file: /000323.sst with start key: /-9223372036854774528/-9223372036854774272/-9223372036854774272/key-4053834752 and end key: /-9223372036854774528/-9223372036854774272/-9223372036854774272/key-4053834752 corresponding to column family fileTable from db: /home/runner/work/ozone/ozone/hadoop-ozone/integration-test/target/test-dir/MiniOzoneClusterImpl-0e8a6840-8092-433d-9bbe-2fd65d18bfc8/omNode-1/db.snapshots/checkpointState/om.db-5c3bdced-399f-4720-b03a-a7488aee9355. Prefix for the column family: /-9223372036854772480/-9223372036854772224/.
2025-07-15 19:46:11,936 [omNode-1-SstFilteringService#0] INFO  db.RocksDatabase (RocksDatabase.java:deleteFilesNotMatchingPrefix(870)) - Deleting sst file: /000128.sst with start key: /-9223372036854774528/-9223372036854774272/-9223372036854774272/key-7197450491 and end key: /-9223372036854774528/-9223372036854774272/-9223372036854774272/key-7197450491 corresponding to column family fileTable from db: /home/runner/work/ozone/ozone/hadoop-ozone/integration-test/target/test-dir/MiniOzoneClusterImpl-0e8a6840-8092-433d-9bbe-2fd65d18bfc8/omNode-1/db.snapshots/checkpointState/om.db-5c3bdced-399f-4720-b03a-a7488aee9355. Prefix for the column family: /-9223372036854772480/-9223372036854772224/.
2025-07-15 19:46:11,940 [omNode-1-SstFilteringService#0] INFO  db.RocksDatabase (RocksDatabase.java:deleteFilesNotMatchingPrefix(870)) - Deleting sst file: /000259.sst with start key: /-9223372036854774528/-9223372036854774272/-9223372036854774272/key-8310789266 and end key: /-9223372036854774528/-9223372036854774272/-9223372036854774272/key-8310789266 corresponding to column family fileTable from db: /home/runner/work/ozone/ozone/hadoop-ozone/integration-test/target/test-dir/MiniOzoneClusterImpl-0e8a6840-8092-433d-9bbe-2fd65d18bfc8/omNode-1/db.snapshots/checkpointState/om.db-5c3bdced-399f-4720-b03a-a7488aee9355. Prefix for the column family: /-9223372036854772480/-9223372036854772224/.
2025-07-15 19:46:11,943 [omNode-1-SstFilteringService#0] INFO  db.RocksDatabase (RocksDatabase.java:deleteFilesNotMatchingPrefix(870)) - Deleting sst file: /000193.sst with start key: /-9223372036854774528/-9223372036854774272/-9223372036854774272/key-9823269477 and end key: /-9223372036854774528/-9223372036854774272/-9223372036854774272/key-9823269477 corresponding to column family fileTable from db: /home/runner/work/ozone/ozone/hadoop-ozone/integration-test/target/test-dir/MiniOzoneClusterImpl-0e8a6840-8092-433d-9bbe-2fd65d18bfc8/omNode-1/db.snapshots/checkpointState/om.db-5c3bdced-399f-4720-b03a-a7488aee9355. Prefix for the column family: /-9223372036854772480/-9223372036854772224/.
2025-07-15 19:46:11,945 [omNode-1-SstFilteringService#0] INFO  db.RocksDatabase (RocksDatabase.java:deleteFilesNotMatchingPrefix(870)) - Deleting sst file: /000317.sst with start key: /-9223372036854775040/-9223372036854774784/-9223372036854774784/key-0612335162 and end key: /-9223372036854775040/-9223372036854774784/-9223372036854774784/key-0612335162 corresponding to column family fileTable from db: /home/runner/work/ozone/ozone/hadoop-ozone/integration-test/target/test-dir/MiniOzoneClusterImpl-0e8a6840-8092-433d-9bbe-2fd65d18bfc8/omNode-1/db.snapshots/checkpointState/om.db-5c3bdced-399f-4720-b03a-a7488aee9355. Prefix for the column family: /-9223372036854772480/-9223372036854772224/.
2025-07-15 19:46:11,949 [omNode-1-SstFilteringService#0] INFO  db.RocksDatabase (RocksDatabase.java:deleteFilesNotMatchingPrefix(870)) - Deleting sst file: /000251.sst with start key: /-9223372036854775040/-9223372036854774784/-9223372036854774784/key-1349445112 and end key: /-9223372036854775040/-9223372036854774784/-9223372036854774784/key-1349445112 corresponding to column family fileTable from db: /home/runner/work/ozone/ozone/hadoop-ozone/integration-test/target/test-dir/MiniOzoneClusterImpl-0e8a6840-8092-433d-9bbe-2fd65d18bfc8/omNode-1/db.snapshots/checkpointState/om.db-5c3bdced-399f-4720-b03a-a7488aee9355. Prefix for the column family: /-9223372036854772480/-9223372036854772224/.
2025-07-15 19:46:11,951 [omNode-1-SstFilteringService#0] INFO  db.RocksDatabase (RocksDatabase.java:deleteFilesNotMatchingPrefix(870)) - Deleting sst file: /000121.sst with start key: /-9223372036854775040/-9223372036854774784/-9223372036854774784/key-3443821635 and end key: /-9223372036854775040/-9223372036854774784/-9223372036854774784/key-3443821635 corresponding to column family fileTable from db: /home/runner/work/ozone/ozone/hadoop-ozone/integration-test/target/test-dir/MiniOzoneClusterImpl-0e8a6840-8092-433d-9bbe-2fd65d18bfc8/omNode-1/db.snapshots/checkpointState/om.db-5c3bdced-399f-4720-b03a-a7488aee9355. Prefix for the column family: /-9223372036854772480/-9223372036854772224/.
2025-07-15 19:46:11,952 [omNode-1-SstFilteringService#0] INFO  db.RocksDatabase (RocksDatabase.java:deleteFilesNotMatchingPrefix(870)) - Deleting sst file: /000187.sst with start key: /-9223372036854775040/-9223372036854774784/-9223372036854774784/key-4686823571 and end key: /-9223372036854775040/-9223372036854774784/-9223372036854774784/key-4686823571 corresponding to column family fileTable from db: /home/runner/work/ozone/ozone/hadoop-ozone/integration-test/target/test-dir/MiniOzoneClusterImpl-0e8a6840-8092-433d-9bbe-2fd65d18bfc8/omNode-1/db.snapshots/checkpointState/om.db-5c3bdced-399f-4720-b03a-a7488aee9355. Prefix for the column family: /-9223372036854772480/-9223372036854772224/.
2025-07-15 19:46:11,953 [omNode-1-SstFilteringService#0] INFO  db.RocksDatabase (RocksDatabase.java:deleteFilesNotMatchingPrefix(870)) - Deleting sst file: /000057.sst with start key: /-9223372036854775040/-9223372036854774784/-9223372036854774784/key-5363736728 and end key: /-9223372036854775040/-9223372036854774784/-9223372036854774784/key-5363736728 corresponding to column family fileTable from db: /home/runner/work/ozone/ozone/hadoop-ozone/integration-test/target/test-dir/MiniOzoneClusterImpl-0e8a6840-8092-433d-9bbe-2fd65d18bfc8/omNode-1/db.snapshots/checkpointState/om.db-5c3bdced-399f-4720-b03a-a7488aee9355. Prefix for the column family: /-9223372036854772480/-9223372036854772224/.
2025-07-15 19:46:12,012 [omNode-1-SstFilteringService#0] WARN  server.ServerUtils (ServerUtils.java:getDBPath(292)) - ozone.om.db.dirs is not configured. We recommend adding this setting. Falling back to ozone.metadata.dirs instead.
2025-07-15 19:46:12,186 [main] INFO  reflections.Reflections (Reflections.java:scan(219)) - Reflections took 485 ms to scan 24 urls, producing 60 keys and 7739 values
2025-07-15 19:46:12,188 [main] INFO  ipc.CallQueueManager (CallQueueManager.java:<init>(93)) - Using callQueue: class java.util.concurrent.LinkedBlockingQueue, queueCapacity: 2000, scheduler: class org.apache.hadoop.ipc.DefaultRpcScheduler, ipcBackoff: false, ipcFailOver: false.
2025-07-15 19:46:12,189 [main] INFO  ipc.Server (Server.java:<init>(1438)) - Listener at localhost:15006
2025-07-15 19:46:12,189 [Socket Reader #1 for port 15006] INFO  ipc.Server (Server.java:run(1474)) - Starting Socket Reader #1 for port 15006
2025-07-15 19:46:12,189 [Socket Reader #2 for port 15006] INFO  ipc.Server (Server.java:run(1474)) - Starting Socket Reader #2 for port 15006
2025-07-15 19:46:12,190 [Socket Reader #3 for port 15006] INFO  ipc.Server (Server.java:run(1474)) - Starting Socket Reader #3 for port 15006
2025-07-15 19:46:12,190 [Socket Reader #4 for port 15006] INFO  ipc.Server (Server.java:run(1474)) - Starting Socket Reader #4 for port 15006
2025-07-15 19:46:12,190 [Socket Reader #5 for port 15006] INFO  ipc.Server (Server.java:run(1474)) - Starting Socket Reader #5 for port 15006
2025-07-15 19:46:12,190 [Socket Reader #6 for port 15006] INFO  ipc.Server (Server.java:run(1474)) - Starting Socket Reader #6 for port 15006
2025-07-15 19:46:12,190 [Socket Reader #7 for port 15006] INFO  ipc.Server (Server.java:run(1474)) - Starting Socket Reader #7 for port 15006
2025-07-15 19:46:12,191 [Socket Reader #8 for port 15006] INFO  ipc.Server (Server.java:run(1474)) - Starting Socket Reader #8 for port 15006
2025-07-15 19:46:12,191 [Socket Reader #9 for port 15006] INFO  ipc.Server (Server.java:run(1474)) - Starting Socket Reader #9 for port 15006
2025-07-15 19:46:12,191 [Socket Reader #10 for port 15006] INFO  ipc.Server (Server.java:run(1474)) - Starting Socket Reader #10 for port 15006
2025-07-15 19:46:12,194 [main] INFO  http.BaseHttpServer (BaseHttpServer.java:newHttpServer2BuilderForOzone(229)) - Starting Web-server for ozoneManager at: http://0.0.0.0:15007
2025-07-15 19:46:12,194 [main] INFO  http.BaseHttpServer (BaseHttpServer.java:<init>(107)) - Hadoop Security Enabled: false Ozone Security Enabled: false Ozone HTTP Security Enabled: false 
2025-07-15 19:46:12,196 [main] WARN  server.AuthenticationFilter (AuthenticationFilter.java:constructSecretProvider(240)) - Unable to initialize FileSignerSecretProvider, falling back to use random secrets. Reason: Could not read signature secret file: /home/runner/hadoop-http-auth-signature-secret
2025-07-15 19:46:12,199 [main] INFO  http.HttpServer2 (HttpServer2.java:addGlobalFilter(1042)) - Added global filter 'safety' (class=org.apache.hadoop.hdds.server.http.HttpServer2$QuotingInputFilter)
2025-07-15 19:46:12,199 [main] INFO  http.HttpServer2 (HttpServer2.java:addFilter(1018)) - Added filter static_user_filter (class=org.apache.hadoop.http.lib.StaticUserWebFilter$StaticUserFilter) to context ozoneManager
2025-07-15 19:46:12,200 [main] INFO  http.HttpServer2 (HttpServer2.java:addFilter(1026)) - Added filter static_user_filter (class=org.apache.hadoop.http.lib.StaticUserWebFilter$StaticUserFilter) to context logs
2025-07-15 19:46:12,200 [main] INFO  http.HttpServer2 (HttpServer2.java:addFilter(1026)) - Added filter static_user_filter (class=org.apache.hadoop.http.lib.StaticUserWebFilter$StaticUserFilter) to context static
2025-07-15 19:46:12,200 [main] INFO  http.BaseHttpServer (BaseHttpServer.java:<init>(195)) - HTTP server of ozoneManager uses base directory /home/runner/work/ozone/ozone/hadoop-ozone/integration-test/target/test-dir/MiniOzoneClusterImpl-0e8a6840-8092-433d-9bbe-2fd65d18bfc8/omNode-1/webserver
2025-07-15 19:46:12,201 [main] INFO  http.HttpServer2 (HttpServer2.java:bindListener(1242)) - Jetty bound to port 15007
2025-07-15 19:46:12,201 [main] INFO  server.Server (Server.java:doStart(375)) - jetty-9.4.57.v20241219; built: 2025-01-08T21:24:30.412Z; git: df524e6b29271c2e09ba9aea83c18dc9db464a31; jvm 21.0.7+6-LTS
2025-07-15 19:46:12,202 [main] INFO  server.session (DefaultSessionIdManager.java:doStart(334)) - DefaultSessionIdManager workerName=node0
2025-07-15 19:46:12,202 [main] INFO  server.session (DefaultSessionIdManager.java:doStart(339)) - No SessionScavenger set, using defaults
2025-07-15 19:46:12,203 [main] INFO  server.session (HouseKeeper.java:startScavenging(132)) - node0 Scavenging every 600000ms
2025-07-15 19:46:12,203 [main] INFO  handler.ContextHandler (ContextHandler.java:doStart(921)) - Started o.e.j.s.ServletContextHandler@34a053b3{logs,/logs,file:///home/runner/work/ozone/ozone/hadoop-ozone/integration-test/target/log,AVAILABLE}
2025-07-15 19:46:12,204 [main] INFO  handler.ContextHandler (ContextHandler.java:doStart(921)) - Started o.e.j.s.ServletContextHandler@1067d6ec{static,/static,file:///home/runner/work/ozone/ozone/hadoop-ozone/integration-test/target/test-classes/webapps/static,AVAILABLE}
2025-07-15 19:46:12,208 [main] INFO  handler.ContextHandler (ContextHandler.java:doStart(921)) - Started o.e.j.w.WebAppContext@2e2cb8e5{ozoneManager,/,file:///home/runner/work/ozone/ozone/hadoop-ozone/integration-test/target/test-classes/webapps/ozoneManager/,AVAILABLE}{file:/home/runner/work/ozone/ozone/hadoop-ozone/integration-test/target/test-classes/webapps/ozoneManager}
2025-07-15 19:46:12,209 [main] INFO  server.AbstractConnector (AbstractConnector.java:doStart(333)) - Started ServerConnector@47091b1b{HTTP/1.1, (http/1.1)}{0.0.0.0:15007}
2025-07-15 19:46:12,209 [main] INFO  server.Server (Server.java:doStart(415)) - Started @35408ms
2025-07-15 19:46:12,209 [main] WARN  impl.MetricsSystemImpl (MetricsSystemImpl.java:register(279)) - Sink prometheus already exists!
2025-07-15 19:46:12,209 [main] INFO  http.BaseHttpServer (BaseHttpServer.java:updateConnectorAddress(359)) - HTTP server of ozoneManager listening at http://localhost:15007
2025-07-15 19:46:12,210 [IPC Server Responder] INFO  ipc.Server (Server.java:run(1713)) - IPC Server Responder: starting
2025-07-15 19:46:12,210 [IPC Server listener on 15006] INFO  ipc.Server (Server.java:run(1553)) - IPC Server listener on 15006: starting
2025-07-15 19:46:12,212 [main] INFO  om.OzoneManager (OzoneManager.java:startTrashEmptier(2290)) - Trash Interval set to 0. Files deleted won't move to trash
2025-07-15 19:46:12,556 [omNode-2@group-C0483FFA3DBE-FollowerState] INFO  impl.FollowerState (FollowerState.java:runImpl(161)) - omNode-2@group-C0483FFA3DBE-FollowerState: change to CANDIDATE, lastRpcElapsedTime:2038630333ns, electionTimeout:1066ms
2025-07-15 19:46:12,556 [omNode-2@group-C0483FFA3DBE-FollowerState] INFO  impl.RoleInfo (RoleInfo.java:shutdownFollowerState(121)) - omNode-2: shutdown omNode-2@group-C0483FFA3DBE-FollowerState
2025-07-15 19:46:12,556 [omNode-2@group-C0483FFA3DBE-FollowerState] INFO  server.RaftServer$Division (RaftServerImpl.java:setRole(392)) - omNode-2@group-C0483FFA3DBE: changes role from  FOLLOWER to CANDIDATE at term 3 for changeToCandidate
2025-07-15 19:46:12,556 [omNode-2@group-C0483FFA3DBE-FollowerState] INFO  impl.RoleInfo (RoleInfo.java:updateAndGet(148)) - omNode-2: start omNode-2@group-C0483FFA3DBE-LeaderElection12
2025-07-15 19:46:12,557 [omNode-2@group-C0483FFA3DBE-LeaderElection12] INFO  server.RaftServer$Division (ServerState.java:setLeader(272)) - omNode-2@group-C0483FFA3DBE: change Leader from omNode-1 to null at term 3 for PRE_VOTE
2025-07-15 19:46:12,557 [omNode-2@group-C0483FFA3DBE-LeaderElection12] INFO  impl.LeaderElection (LeaderElection.java:askForVotes(448)) - omNode-2@group-C0483FFA3DBE-LeaderElection12 PRE_VOTE round 0: submit vote requests at term 3 for conf: {index: 184, cur=peers:[omNode-3|localhost:15017, omNode-1|localhost:15009, omNode-2|localhost:15013]|listeners:[], old=null}
2025-07-15 19:46:12,557 [omNode-2@group-C0483FFA3DBE-LeaderElection12-1] INFO  server.GrpcServerProtocolClient (GrpcServerProtocolClient.java:<init>(65)) - Build channel for omNode-3|localhost:15017
2025-07-15 19:46:12,558 [omNode-2@group-C0483FFA3DBE-LeaderElection12-2] INFO  server.GrpcServerProtocolClient (GrpcServerProtocolClient.java:<init>(65)) - Build channel for omNode-1|localhost:15009
2025-07-15 19:46:12,563 [grpc-default-executor-4] INFO  server.RaftServer$Division (RaftServerImpl.java:requestVote(1421)) - omNode-3@group-C0483FFA3DBE: receive requestVote(PRE_VOTE, omNode-2, group-C0483FFA3DBE, 3, (t:3, i:389))
2025-07-15 19:46:12,563 [grpc-default-executor-1] INFO  server.RaftServer$Division (RaftServerImpl.java:requestVote(1421)) - omNode-1@group-C0483FFA3DBE: receive requestVote(PRE_VOTE, omNode-2, group-C0483FFA3DBE, 3, (t:3, i:389))
2025-07-15 19:46:12,563 [grpc-default-executor-4] INFO  impl.VoteContext (VoteContext.java:log(49)) - omNode-3@group-C0483FFA3DBE-FOLLOWER: accept PRE_VOTE from omNode-2: our priority 0 <= candidate's priority 0
2025-07-15 19:46:12,563 [grpc-default-executor-1] INFO  impl.VoteContext (VoteContext.java:log(49)) - omNode-1@group-C0483FFA3DBE-FOLLOWER: accept PRE_VOTE from omNode-2: our priority 0 <= candidate's priority 0
2025-07-15 19:46:12,563 [grpc-default-executor-4] INFO  server.RaftServer$Division (RaftServerImpl.java:requestVote(1455)) - omNode-3@group-C0483FFA3DBE replies to PRE_VOTE vote request: omNode-2<-omNode-3#0:OK-t3-last:(t:3, i:389). Peer's state: omNode-3@group-C0483FFA3DBE:t3, leader=omNode-1, voted=omNode-1, raftlog=Memoized:omNode-3@group-C0483FFA3DBE-SegmentedRaftLog:OPENED:c388:last(t:3, i:389), conf=conf: {index: 184, cur=peers:[omNode-3|localhost:15017, omNode-1|localhost:15009, omNode-2|localhost:15013]|listeners:[], old=null}
2025-07-15 19:46:12,563 [grpc-default-executor-1] INFO  server.RaftServer$Division (RaftServerImpl.java:requestVote(1455)) - omNode-1@group-C0483FFA3DBE replies to PRE_VOTE vote request: omNode-2<-omNode-1#0:OK-t3-last:(t:3, i:389). Peer's state: omNode-1@group-C0483FFA3DBE:t3, leader=null, voted=omNode-1, raftlog=Memoized:omNode-1@group-C0483FFA3DBE-SegmentedRaftLog:OPENED:c389:last(t:3, i:389), conf=conf: {index: 184, cur=peers:[omNode-3|localhost:15017, omNode-1|localhost:15009, omNode-2|localhost:15013]|listeners:[], old=null}
2025-07-15 19:46:12,565 [omNode-2@group-C0483FFA3DBE-LeaderElection12] INFO  impl.LeaderElection (LeaderElection.java:logAndReturn(206)) - omNode-2@group-C0483FFA3DBE-LeaderElection12: PRE_VOTE PASSED received 1 response(s) and 0 exception(s):
2025-07-15 19:46:12,565 [omNode-2@group-C0483FFA3DBE-LeaderElection12] INFO  impl.LeaderElection (LeaderElection.java:logAndReturn(210)) -   Response 0: omNode-2<-omNode-1#0:OK-t3-last:(t:3, i:389)
2025-07-15 19:46:12,565 [omNode-2@group-C0483FFA3DBE-LeaderElection12] INFO  impl.LeaderElection (LeaderElection.java:askForVotes(450)) - omNode-2@group-C0483FFA3DBE-LeaderElection12 PRE_VOTE round 0: result PASSED
2025-07-15 19:46:12,567 [omNode-2@group-C0483FFA3DBE-LeaderElection12] INFO  impl.LeaderElection (LeaderElection.java:askForVotes(448)) - omNode-2@group-C0483FFA3DBE-LeaderElection12 ELECTION round 0: submit vote requests at term 4 for conf: {index: 184, cur=peers:[omNode-3|localhost:15017, omNode-1|localhost:15009, omNode-2|localhost:15013]|listeners:[], old=null}
2025-07-15 19:46:12,568 [grpc-default-executor-4] INFO  server.RaftServer$Division (RaftServerImpl.java:requestVote(1421)) - omNode-1@group-C0483FFA3DBE: receive requestVote(ELECTION, omNode-2, group-C0483FFA3DBE, 4, (t:3, i:389))
2025-07-15 19:46:12,568 [grpc-default-executor-4] INFO  impl.VoteContext (VoteContext.java:log(49)) - omNode-1@group-C0483FFA3DBE-FOLLOWER: accept ELECTION from omNode-2: our priority 0 <= candidate's priority 0
2025-07-15 19:46:12,568 [grpc-default-executor-4] INFO  server.RaftServer$Division (RaftServerImpl.java:setRole(392)) - omNode-1@group-C0483FFA3DBE: changes role from  FOLLOWER to FOLLOWER at term 3 for candidate:omNode-2
2025-07-15 19:46:12,568 [grpc-default-executor-4] INFO  impl.RoleInfo (RoleInfo.java:shutdownFollowerState(121)) - omNode-1: shutdown omNode-1@group-C0483FFA3DBE-FollowerState
2025-07-15 19:46:12,568 [grpc-default-executor-4] INFO  impl.RoleInfo (RoleInfo.java:updateAndGet(148)) - omNode-1: start omNode-1@group-C0483FFA3DBE-FollowerState
2025-07-15 19:46:12,568 [grpc-default-executor-1] INFO  server.RaftServer$Division (RaftServerImpl.java:requestVote(1421)) - omNode-3@group-C0483FFA3DBE: receive requestVote(ELECTION, omNode-2, group-C0483FFA3DBE, 4, (t:3, i:389))
2025-07-15 19:46:12,568 [grpc-default-executor-1] INFO  impl.VoteContext (VoteContext.java:log(49)) - omNode-3@group-C0483FFA3DBE-FOLLOWER: accept ELECTION from omNode-2: our priority 0 <= candidate's priority 0
2025-07-15 19:46:12,568 [omNode-1@group-C0483FFA3DBE-FollowerState] INFO  impl.FollowerState (FollowerState.java:runImpl(170)) - omNode-1@group-C0483FFA3DBE-FollowerState was interrupted
2025-07-15 19:46:12,568 [grpc-default-executor-1] INFO  server.RaftServer$Division (RaftServerImpl.java:setRole(392)) - omNode-3@group-C0483FFA3DBE: changes role from  FOLLOWER to FOLLOWER at term 3 for candidate:omNode-2
2025-07-15 19:46:12,569 [grpc-default-executor-1] INFO  impl.RoleInfo (RoleInfo.java:shutdownFollowerState(121)) - omNode-3: shutdown omNode-3@group-C0483FFA3DBE-FollowerState
2025-07-15 19:46:12,569 [grpc-default-executor-4] INFO  server.RaftServer$Division (RaftServerImpl.java:setFirstElection(576)) - omNode-1@group-C0483FFA3DBE: set firstElectionSinceStartup to false for candidate:omNode-2
2025-07-15 19:46:12,569 [grpc-default-executor-1] INFO  server.RaftServer$Division (ServerState.java:setLeader(272)) - omNode-3@group-C0483FFA3DBE: change Leader from omNode-1 to null at term 4 for updateCurrentTerm
2025-07-15 19:46:12,569 [grpc-default-executor-1] INFO  impl.RoleInfo (RoleInfo.java:updateAndGet(148)) - omNode-3: start omNode-3@group-C0483FFA3DBE-FollowerState
2025-07-15 19:46:12,570 [omNode-3@group-C0483FFA3DBE-FollowerState] INFO  impl.FollowerState (FollowerState.java:runImpl(170)) - omNode-3@group-C0483FFA3DBE-FollowerState was interrupted
2025-07-15 19:46:12,571 [grpc-default-executor-4] INFO  server.RaftServer$Division (RaftServerImpl.java:requestVote(1455)) - omNode-1@group-C0483FFA3DBE replies to ELECTION vote request: omNode-2<-omNode-1#0:OK-t4-last:(t:3, i:389). Peer's state: omNode-1@group-C0483FFA3DBE:t4, leader=null, voted=omNode-2, raftlog=Memoized:omNode-1@group-C0483FFA3DBE-SegmentedRaftLog:OPENED:c389:last(t:3, i:389), conf=conf: {index: 184, cur=peers:[omNode-3|localhost:15017, omNode-1|localhost:15009, omNode-2|localhost:15013]|listeners:[], old=null}
2025-07-15 19:46:12,572 [grpc-default-executor-1] INFO  server.RaftServer$Division (RaftServerImpl.java:requestVote(1455)) - omNode-3@group-C0483FFA3DBE replies to ELECTION vote request: omNode-2<-omNode-3#0:OK-t4-last:(t:3, i:389). Peer's state: omNode-3@group-C0483FFA3DBE:t4, leader=null, voted=omNode-2, raftlog=Memoized:omNode-3@group-C0483FFA3DBE-SegmentedRaftLog:OPENED:c388:last(t:3, i:389), conf=conf: {index: 184, cur=peers:[omNode-3|localhost:15017, omNode-1|localhost:15009, omNode-2|localhost:15013]|listeners:[], old=null}
2025-07-15 19:46:12,573 [omNode-2@group-C0483FFA3DBE-LeaderElection12] INFO  impl.LeaderElection (LeaderElection.java:logAndReturn(206)) - omNode-2@group-C0483FFA3DBE-LeaderElection12: ELECTION PASSED received 1 response(s) and 0 exception(s):
2025-07-15 19:46:12,573 [omNode-2@group-C0483FFA3DBE-LeaderElection12] INFO  impl.LeaderElection (LeaderElection.java:logAndReturn(210)) -   Response 0: omNode-2<-omNode-1#0:OK-t4-last:(t:3, i:389)
2025-07-15 19:46:12,573 [omNode-2@group-C0483FFA3DBE-LeaderElection12] INFO  impl.LeaderElection (LeaderElection.java:askForVotes(450)) - omNode-2@group-C0483FFA3DBE-LeaderElection12 ELECTION round 0: result PASSED
2025-07-15 19:46:12,573 [omNode-2@group-C0483FFA3DBE-LeaderElection12] INFO  impl.RoleInfo (RoleInfo.java:shutdownLeaderElection(141)) - omNode-2: shutdown omNode-2@group-C0483FFA3DBE-LeaderElection12
2025-07-15 19:46:12,573 [omNode-2@group-C0483FFA3DBE-LeaderElection12] INFO  server.RaftServer$Division (RaftServerImpl.java:setRole(392)) - omNode-2@group-C0483FFA3DBE: changes role from CANDIDATE to LEADER at term 4 for changeToLeader
2025-07-15 19:46:12,574 [omNode-2@group-C0483FFA3DBE-LeaderElection12] INFO  server.RaftServerConfigKeys (ConfUtils.java:logFallback(69)) - raft.server.staging.timeout = 3600ms (fallback to raft.server.rpc.timeout.max)
2025-07-15 19:46:12,575 [omNode-2@group-C0483FFA3DBE-LeaderElection12] INFO  server.RaftServerConfigKeys (ConfUtils.java:logGet(62)) - raft.server.log.appender.buffer.byte-limit = 4194304 (custom)
2025-07-15 19:46:12,576 [omNode-2@group-C0483FFA3DBE-LeaderElection12] INFO  server.RaftServerConfigKeys (ConfUtils.java:logGet(62)) - raft.server.log.appender.buffer.byte-limit = 4194304 (custom)
2025-07-15 19:46:12,576 [omNode-2@group-C0483FFA3DBE-LeaderElection12] INFO  impl.RoleInfo (RoleInfo.java:updateAndGet(148)) - omNode-2: start omNode-2@group-C0483FFA3DBE-LeaderStateImpl
2025-07-15 19:46:12,577 [omNode-2@group-C0483FFA3DBE-LeaderElection12] INFO  ratis.OzoneManagerStateMachine (OzoneManagerStateMachine.java:notifyLeaderChanged(174)) - omNode-2@group-C0483FFA3DBE: leader changed to omNode-2
2025-07-15 19:46:12,577 [omNode-2@group-C0483FFA3DBE-LeaderElection12] INFO  server.RaftServer$Division (ServerState.java:setLeader(272)) - omNode-2@group-C0483FFA3DBE: change Leader from null to omNode-2 at term 4 for becomeLeader, leader elected after 19ms
2025-07-15 19:46:12,577 [omNode-2@group-C0483FFA3DBE-LeaderElection12] INFO  segmented.SegmentedRaftLogWorker (SegmentedRaftLogWorker.java:rollLogSegment(445)) - omNode-2@group-C0483FFA3DBE-SegmentedRaftLogWorker: Rolling segment log-184_389 to index:389
2025-07-15 19:46:12,577 [omNode-2@group-C0483FFA3DBE-LeaderElection12] INFO  server.RaftServer$Division (ServerState.java:setRaftConf(386)) - omNode-2@group-C0483FFA3DBE: set configuration conf: {index: 390, cur=peers:[omNode-3|localhost:15017, omNode-1|localhost:15009, omNode-2|localhost:15013]|listeners:[], old=null}
2025-07-15 19:46:12,578 [omNode-2@group-C0483FFA3DBE-SegmentedRaftLogWorker] INFO  segmented.SegmentedRaftLogWorker (SegmentedRaftLogWorker.java:execute(604)) - omNode-2@group-C0483FFA3DBE-SegmentedRaftLogWorker: Rolled log segment from /home/runner/work/ozone/ozone/hadoop-ozone/integration-test/target/test-dir/MiniOzoneClusterImpl-0e8a6840-8092-433d-9bbe-2fd65d18bfc8/omNode-2/ratis/3bf88a72-722a-315e-b909-c0483ffa3dbe/current/log_inprogress_184 to /home/runner/work/ozone/ozone/hadoop-ozone/integration-test/target/test-dir/MiniOzoneClusterImpl-0e8a6840-8092-433d-9bbe-2fd65d18bfc8/omNode-2/ratis/3bf88a72-722a-315e-b909-c0483ffa3dbe/current/log_184-389
2025-07-15 19:46:12,578 [omNode-2@group-C0483FFA3DBE-SegmentedRaftLogWorker] INFO  segmented.BufferedWriteChannel (BufferedWriteChannel.java:open(61)) - open log_inprogress_390 at position 0
2025-07-15 19:46:12,589 [grpc-default-executor-1] INFO  ratis.OzoneManagerStateMachine (OzoneManagerStateMachine.java:notifyLeaderChanged(174)) - omNode-3@group-C0483FFA3DBE: leader changed to omNode-2
2025-07-15 19:46:12,589 [grpc-default-executor-2] INFO  ratis.OzoneManagerStateMachine (OzoneManagerStateMachine.java:notifyLeaderChanged(174)) - omNode-1@group-C0483FFA3DBE: leader changed to omNode-2
2025-07-15 19:46:12,589 [grpc-default-executor-2] INFO  server.RaftServer$Division (ServerState.java:setLeader(272)) - omNode-1@group-C0483FFA3DBE: change Leader from null to omNode-2 at term 4 for appendEntries, leader elected after 916ms
2025-07-15 19:46:12,589 [omNode-2@group-C0483FFA3DBE-SegmentedRaftLogWorker] INFO  segmented.SegmentedRaftLogWorker (SegmentedRaftLogWorker.java:execute(647)) - omNode-2@group-C0483FFA3DBE-SegmentedRaftLogWorker: created new log segment /home/runner/work/ozone/ozone/hadoop-ozone/integration-test/target/test-dir/MiniOzoneClusterImpl-0e8a6840-8092-433d-9bbe-2fd65d18bfc8/omNode-2/ratis/3bf88a72-722a-315e-b909-c0483ffa3dbe/current/log_inprogress_390
2025-07-15 19:46:12,589 [grpc-default-executor-1] INFO  server.RaftServer$Division (ServerState.java:setLeader(272)) - omNode-3@group-C0483FFA3DBE: change Leader from null to omNode-2 at term 4 for appendEntries, leader elected after 19ms
2025-07-15 19:46:12,591 [grpc-default-executor-4] INFO  server.RaftServer$Division (ServerState.java:setRaftConf(386)) - omNode-3@group-C0483FFA3DBE: set configuration conf: {index: 390, cur=peers:[omNode-3|localhost:15017, omNode-1|localhost:15009, omNode-2|localhost:15013]|listeners:[], old=null}
2025-07-15 19:46:12,591 [grpc-default-executor-4] INFO  segmented.SegmentedRaftLogWorker (SegmentedRaftLogWorker.java:rollLogSegment(445)) - omNode-3@group-C0483FFA3DBE-SegmentedRaftLogWorker: Rolling segment log-184_389 to index:389
2025-07-15 19:46:12,589 [grpc-default-executor-0] INFO  server.RaftServer$Division (ServerState.java:setRaftConf(386)) - omNode-1@group-C0483FFA3DBE: set configuration conf: {index: 390, cur=peers:[omNode-3|localhost:15017, omNode-1|localhost:15009, omNode-2|localhost:15013]|listeners:[], old=null}
2025-07-15 19:46:12,591 [grpc-default-executor-0] INFO  segmented.SegmentedRaftLogWorker (SegmentedRaftLogWorker.java:rollLogSegment(445)) - omNode-1@group-C0483FFA3DBE-SegmentedRaftLogWorker: Rolling segment log-184_389 to index:389
2025-07-15 19:46:12,592 [omNode-1@group-C0483FFA3DBE-SegmentedRaftLogWorker] INFO  segmented.SegmentedRaftLogWorker (SegmentedRaftLogWorker.java:execute(604)) - omNode-1@group-C0483FFA3DBE-SegmentedRaftLogWorker: Rolled log segment from /home/runner/work/ozone/ozone/hadoop-ozone/integration-test/target/test-dir/MiniOzoneClusterImpl-0e8a6840-8092-433d-9bbe-2fd65d18bfc8/omNode-1/ratis/3bf88a72-722a-315e-b909-c0483ffa3dbe/current/log_inprogress_184 to /home/runner/work/ozone/ozone/hadoop-ozone/integration-test/target/test-dir/MiniOzoneClusterImpl-0e8a6840-8092-433d-9bbe-2fd65d18bfc8/omNode-1/ratis/3bf88a72-722a-315e-b909-c0483ffa3dbe/current/log_184-389
2025-07-15 19:46:12,592 [omNode-1@group-C0483FFA3DBE-SegmentedRaftLogWorker] INFO  segmented.BufferedWriteChannel (BufferedWriteChannel.java:open(61)) - open log_inprogress_390 at position 0
2025-07-15 19:46:12,592 [omNode-3@group-C0483FFA3DBE-SegmentedRaftLogWorker] INFO  segmented.SegmentedRaftLogWorker (SegmentedRaftLogWorker.java:execute(604)) - omNode-3@group-C0483FFA3DBE-SegmentedRaftLogWorker: Rolled log segment from /home/runner/work/ozone/ozone/hadoop-ozone/integration-test/target/test-dir/MiniOzoneClusterImpl-0e8a6840-8092-433d-9bbe-2fd65d18bfc8/omNode-3/ratis/3bf88a72-722a-315e-b909-c0483ffa3dbe/current/log_inprogress_184 to /home/runner/work/ozone/ozone/hadoop-ozone/integration-test/target/test-dir/MiniOzoneClusterImpl-0e8a6840-8092-433d-9bbe-2fd65d18bfc8/omNode-3/ratis/3bf88a72-722a-315e-b909-c0483ffa3dbe/current/log_184-389
2025-07-15 19:46:12,593 [omNode-3@group-C0483FFA3DBE-SegmentedRaftLogWorker] INFO  segmented.BufferedWriteChannel (BufferedWriteChannel.java:open(61)) - open log_inprogress_390 at position 0
2025-07-15 19:46:12,604 [omNode-3@group-C0483FFA3DBE-SegmentedRaftLogWorker] INFO  segmented.SegmentedRaftLogWorker (SegmentedRaftLogWorker.java:execute(647)) - omNode-3@group-C0483FFA3DBE-SegmentedRaftLogWorker: created new log segment /home/runner/work/ozone/ozone/hadoop-ozone/integration-test/target/test-dir/MiniOzoneClusterImpl-0e8a6840-8092-433d-9bbe-2fd65d18bfc8/omNode-3/ratis/3bf88a72-722a-315e-b909-c0483ffa3dbe/current/log_inprogress_390
2025-07-15 19:46:12,605 [omNode-1@group-C0483FFA3DBE-SegmentedRaftLogWorker] INFO  segmented.SegmentedRaftLogWorker (SegmentedRaftLogWorker.java:execute(647)) - omNode-1@group-C0483FFA3DBE-SegmentedRaftLogWorker: created new log segment /home/runner/work/ozone/ozone/hadoop-ozone/integration-test/target/test-dir/MiniOzoneClusterImpl-0e8a6840-8092-433d-9bbe-2fd65d18bfc8/omNode-1/ratis/3bf88a72-722a-315e-b909-c0483ffa3dbe/current/log_inprogress_390
2025-07-15 19:46:12,607 [omNode-2@group-C0483FFA3DBE-StateMachineUpdater] INFO  ratis.OzoneManagerStateMachine (OzoneManagerStateMachine.java:notifyConfigurationChanged(236)) - notifyConfigurationChanged from Ratis: term=4, index=390, New Peer list: omNode-3(localhost:15017), omNode-1(localhost:15009), omNode-2(localhost:15013)
2025-07-15 19:46:12,607 [omNode-2@group-C0483FFA3DBE-StateMachineUpdater] INFO  server.RaftServer$Division (LeaderStateImpl.java:checkStartIndex(309)) - Leader omNode-2@group-C0483FFA3DBE-LeaderStateImpl is ready since appliedIndex == startIndex == 390
2025-07-15 19:46:12,614 [main] INFO  retry.RetryInvocationHandler (RetryInvocationHandler.java:log(426)) - com.google.protobuf.ServiceException: java.io.EOFException: End of File Exception between local host is: "localhost/127.0.0.1"; destination host is: "localhost":15006; : java.io.EOFException; For more details see:  http://wiki.apache.org/hadoop/EOFException, while invoking $Proxy60.submitRequest over nodeId=omNode-1,nodeAddress=127.0.0.1:15006. Trying to failover immediately. Current retry count: 0.
2025-07-15T19:46:12.623588511Z IPC Server handler 0 on default port 15010 ERROR user=runner | ip=127.0.0.1 | op=GET_SNAPSHOT_DIFF_REPORT {volume=volume52664, bucket=bucket16659, fromSnapshot=snap-9780381137, toSnapshot=snap-6317091027, token=, pageSize=0, forceFullDiff=false, disableNativeDiff=false} | ret=FAILURE
FILE_NOT_FOUND org.apache.hadoop.ozone.om.exceptions.OMException: Snapshot '/volume52664/bucket16659/snap-6317091027' is not found.
	at org.apache.hadoop.ozone.om.snapshot.SnapshotUtils.getSnapshotInfo(SnapshotUtils.java:86)
	at org.apache.hadoop.ozone.om.snapshot.SnapshotUtils.getSnapshotInfo(SnapshotUtils.java:69)
	at org.apache.hadoop.ozone.om.OmSnapshotManager.validateSnapshotsExistAndActive(OmSnapshotManager.java:889)
	at org.apache.hadoop.ozone.om.OmSnapshotManager.getSnapshotDiffReport(OmSnapshotManager.java:813)
	at org.apache.hadoop.ozone.om.OzoneManager.snapshotDiff(OzoneManager.java:5072)
	at org.apache.hadoop.ozone.protocolPB.OzoneManagerRequestHandler.snapshotDiff(OzoneManagerRequestHandler.java:1391)
	at org.apache.hadoop.ozone.protocolPB.OzoneManagerRequestHandler.handleReadRequest(OzoneManagerRequestHandler.java:337)
	at org.apache.hadoop.ozone.protocolPB.OzoneManagerProtocolServerSideTranslatorPB.submitReadRequestToOM(OzoneManagerProtocolServerSideTranslatorPB.java:191)
	at org.apache.hadoop.ozone.protocolPB.OzoneManagerProtocolServerSideTranslatorPB.internalProcessRequest(OzoneManagerProtocolServerSideTranslatorPB.java:158)
	at org.apache.hadoop.ozone.protocolPB.OzoneManagerProtocolServerSideTranslatorPB.processRequest(OzoneManagerProtocolServerSideTranslatorPB.java:124)
	at org.apache.hadoop.hdds.server.OzoneProtocolMessageDispatcher.processRequest(OzoneProtocolMessageDispatcher.java:87)
	at org.apache.hadoop.ozone.protocolPB.OzoneManagerProtocolServerSideTranslatorPB.submitRequest(OzoneManagerProtocolServerSideTranslatorPB.java:115)
	at org.apache.hadoop.ozone.protocol.proto.OzoneManagerProtocolProtos$OzoneManagerService$2.callBlockingMethod(OzoneManagerProtocolProtos.java)
	at org.apache.hadoop.ipc.ProtobufRpcEngine$Server.processCall(ProtobufRpcEngine.java:484)
	at org.apache.hadoop.ipc.ProtobufRpcEngine2$Server$ProtoBufRpcInvoker.call(ProtobufRpcEngine2.java:595)
	at org.apache.hadoop.ipc.ProtobufRpcEngine2$Server$ProtoBufRpcInvoker.call(ProtobufRpcEngine2.java:573)
	at org.apache.hadoop.ipc.RPC$Server.call(RPC.java:1227)
	at org.apache.hadoop.ipc.Server$RpcCall.run(Server.java:1246)
	at org.apache.hadoop.ipc.Server$RpcCall.run(Server.java:1169)
	at java.base/java.security.AccessController.doPrivileged(AccessController.java:714)
	at java.base/javax.security.auth.Subject.doAs(Subject.java:525)
	at org.apache.hadoop.security.UserGroupInformation.doAs(UserGroupInformation.java:1953)
	at org.apache.hadoop.ipc.Server$Handler.run(Server.java:3198)
2025-07-15 19:46:12,625 [omNode-2-OMStateMachineApplyTransactionThread - 0] INFO  snapshot.OMSnapshotCreateRequest (OMSnapshotCreateRequest.java:validateAndUpdateCache(226)) - Created snapshot: 'snap-6317091027' with snapshotId: 'acf838ed-3fc6-4e0b-90c1-a87959c4906d' under path 'volume52664/bucket16659'
]]></system-out>
  </testcase>
  <testcase name="testKeyAndSnapshotDeletionService" classname="org.apache.hadoop.ozone.om.snapshot.TestOzoneManagerHASnapshot" time="3.351">
    <system-out><![CDATA[2025-07-15 19:46:12,645 [omNode-1@group-C0483FFA3DBE-StateMachineUpdater] INFO  ratis.OzoneManagerStateMachine (OzoneManagerStateMachine.java:notifyConfigurationChanged(236)) - notifyConfigurationChanged from Ratis: term=4, index=390, New Peer list: omNode-3(localhost:15017), omNode-1(localhost:15009), omNode-2(localhost:15013)
2025-07-15 19:46:12,646 [omNode-3@group-C0483FFA3DBE-StateMachineUpdater] INFO  ratis.OzoneManagerStateMachine (OzoneManagerStateMachine.java:notifyConfigurationChanged(236)) - notifyConfigurationChanged from Ratis: term=4, index=390, New Peer list: omNode-3(localhost:15017), omNode-1(localhost:15009), omNode-2(localhost:15013)
2025-07-15 19:46:12,666 [omNode-3-OMStateMachineApplyTransactionThread - 0] INFO  snapshot.OMSnapshotCreateRequest (OMSnapshotCreateRequest.java:validateAndUpdateCache(226)) - Created snapshot: 'snap-6317091027' with snapshotId: 'acf838ed-3fc6-4e0b-90c1-a87959c4906d' under path 'volume52664/bucket16659'
2025-07-15 19:46:12,684 [Thread-14090] INFO  rocksdiff.RocksDBCheckpointDiffer (RocksDBCheckpointDiffer.java:shouldSkipCompaction(440)) - Skipped the compaction entry. Compaction input files: [/home/runner/work/ozone/ozone/hadoop-ozone/integration-test/target/test-dir/MiniOzoneClusterImpl-0e8a6840-8092-433d-9bbe-2fd65d18bfc8/omNode-2/om.db/000369.sst] and output files: [/home/runner/work/ozone/ozone/hadoop-ozone/integration-test/target/test-dir/MiniOzoneClusterImpl-0e8a6840-8092-433d-9bbe-2fd65d18bfc8/omNode-2/om.db/000369.sst] are same.
2025-07-15 19:46:12,698 [omNode-2-OMDoubleBufferFlushThread] INFO  db.RDBCheckpointManager (RDBCheckpointManager.java:createCheckpoint(87)) - Created checkpoint in rocksDB at /home/runner/work/ozone/ozone/hadoop-ozone/integration-test/target/test-dir/MiniOzoneClusterImpl-0e8a6840-8092-433d-9bbe-2fd65d18bfc8/omNode-2/db.snapshots/checkpointState/om.db-acf838ed-3fc6-4e0b-90c1-a87959c4906d in 70 milliseconds
2025-07-15 19:46:12,699 [omNode-2-OMDoubleBufferFlushThread] INFO  om.OmSnapshotManager (OmSnapshotManager.java:createOmSnapshotCheckpoint(503)) - Created checkpoint : /home/runner/work/ozone/ozone/hadoop-ozone/integration-test/target/test-dir/MiniOzoneClusterImpl-0e8a6840-8092-433d-9bbe-2fd65d18bfc8/omNode-2/db.snapshots/checkpointState/om.db-acf838ed-3fc6-4e0b-90c1-a87959c4906d for snapshot snap-6317091027
2025-07-15 19:46:12,733 [Thread-14182] INFO  rocksdiff.RocksDBCheckpointDiffer (RocksDBCheckpointDiffer.java:shouldSkipCompaction(440)) - Skipped the compaction entry. Compaction input files: [/home/runner/work/ozone/ozone/hadoop-ozone/integration-test/target/test-dir/MiniOzoneClusterImpl-0e8a6840-8092-433d-9bbe-2fd65d18bfc8/omNode-3/om.db/000369.sst] and output files: [/home/runner/work/ozone/ozone/hadoop-ozone/integration-test/target/test-dir/MiniOzoneClusterImpl-0e8a6840-8092-433d-9bbe-2fd65d18bfc8/omNode-3/om.db/000369.sst] are same.
2025-07-15 19:46:12,735 [omNode-3-OMDoubleBufferFlushThread] INFO  db.RDBCheckpointManager (RDBCheckpointManager.java:createCheckpoint(87)) - Created checkpoint in rocksDB at /home/runner/work/ozone/ozone/hadoop-ozone/integration-test/target/test-dir/MiniOzoneClusterImpl-0e8a6840-8092-433d-9bbe-2fd65d18bfc8/omNode-3/db.snapshots/checkpointState/om.db-acf838ed-3fc6-4e0b-90c1-a87959c4906d in 66 milliseconds
2025-07-15 19:46:12,736 [omNode-3-OMDoubleBufferFlushThread] INFO  om.OmSnapshotManager (OmSnapshotManager.java:createOmSnapshotCheckpoint(503)) - Created checkpoint : /home/runner/work/ozone/ozone/hadoop-ozone/integration-test/target/test-dir/MiniOzoneClusterImpl-0e8a6840-8092-433d-9bbe-2fd65d18bfc8/omNode-3/db.snapshots/checkpointState/om.db-acf838ed-3fc6-4e0b-90c1-a87959c4906d for snapshot snap-6317091027
2025-07-15 19:46:12,807 [omNode-2-OMStateMachineApplyTransactionThread - 0] INFO  snapshot.OMSnapshotCreateRequest (OMSnapshotCreateRequest.java:validateAndUpdateCache(226)) - Created snapshot: 'snap-0645405216' with snapshotId: '25df31bc-483c-4352-a39c-27adc6d78b86' under path 'volume52664/bucket16659'
2025-07-15 19:46:12,808 [main] WARN  server.ServerUtils (ServerUtils.java:getDBPath(292)) - ozone.om.db.dirs is not configured. We recommend adding this setting. Falling back to ozone.metadata.dirs instead.
2025-07-15 19:46:12,830 [Thread-14270] INFO  rocksdiff.RocksDBCheckpointDiffer (RocksDBCheckpointDiffer.java:shouldSkipCompaction(440)) - Skipped the compaction entry. Compaction input files: [/home/runner/work/ozone/ozone/hadoop-ozone/integration-test/target/test-dir/MiniOzoneClusterImpl-0e8a6840-8092-433d-9bbe-2fd65d18bfc8/omNode-2/om.db/000375.sst] and output files: [/home/runner/work/ozone/ozone/hadoop-ozone/integration-test/target/test-dir/MiniOzoneClusterImpl-0e8a6840-8092-433d-9bbe-2fd65d18bfc8/omNode-2/om.db/000375.sst] are same.
2025-07-15 19:46:12,840 [omNode-2-OMDoubleBufferFlushThread] INFO  db.RDBCheckpointManager (RDBCheckpointManager.java:createCheckpoint(87)) - Created checkpoint in rocksDB at /home/runner/work/ozone/ozone/hadoop-ozone/integration-test/target/test-dir/MiniOzoneClusterImpl-0e8a6840-8092-433d-9bbe-2fd65d18bfc8/omNode-2/db.snapshots/checkpointState/om.db-25df31bc-483c-4352-a39c-27adc6d78b86 in 30 milliseconds
2025-07-15 19:46:12,841 [omNode-2-OMDoubleBufferFlushThread] WARN  om.OmSnapshotManager (OmSnapshotManager.java:performOperationOnKeys(569)) - Took 1162597 ns to find endKey. Caller is deleteKeysFromDelKeyTableInSnapshotScope
2025-07-15 19:46:12,841 [omNode-2-OMDoubleBufferFlushThread] INFO  om.OmSnapshotManager (OmSnapshotManager.java:createOmSnapshotCheckpoint(503)) - Created checkpoint : /home/runner/work/ozone/ozone/hadoop-ozone/integration-test/target/test-dir/MiniOzoneClusterImpl-0e8a6840-8092-433d-9bbe-2fd65d18bfc8/omNode-2/db.snapshots/checkpointState/om.db-25df31bc-483c-4352-a39c-27adc6d78b86 for snapshot snap-0645405216
2025-07-15 19:46:12,912 [omNode-2-OMStateMachineApplyTransactionThread - 0] INFO  snapshot.OMSnapshotDeleteRequest (OMSnapshotDeleteRequest.java:validateAndUpdateCache(229)) - Deleted snapshot 'snap-0645405216' under path 'volume52664/bucket16659'
2025-07-15 19:46:12,915 [main] INFO  ratis.OzoneManagerDoubleBuffer (OzoneManagerDoubleBuffer.java:stopDaemon(499)) - Stopping OMDoubleBuffer flush thread
2025-07-15 19:46:12,916 [omNode-3-OMDoubleBufferFlushThread] INFO  ratis.OzoneManagerDoubleBuffer (OzoneManagerDoubleBuffer.java:canFlush(558)) - OMDoubleBuffer flush thread omNode-3-OMDoubleBufferFlushThread is interrupted and will exit.
2025-07-15 19:46:12,934 [omNode-3-OMStateMachineApplyTransactionThread - 0] INFO  snapshot.OMSnapshotCreateRequest (OMSnapshotCreateRequest.java:validateAndUpdateCache(226)) - Created snapshot: 'snap-0645405216' with snapshotId: '25df31bc-483c-4352-a39c-27adc6d78b86' under path 'volume52664/bucket16659'
2025-07-15 19:46:12,940 [omNode-1-OMStateMachineApplyTransactionThread - 0] INFO  snapshot.OMSnapshotCreateRequest (OMSnapshotCreateRequest.java:validateAndUpdateCache(226)) - Created snapshot: 'snap-0645405216' with snapshotId: '25df31bc-483c-4352-a39c-27adc6d78b86' under path 'volume52664/bucket16659'
2025-07-15 19:46:12,964 [Thread-14364] INFO  rocksdiff.RocksDBCheckpointDiffer (RocksDBCheckpointDiffer.java:shouldSkipCompaction(440)) - Skipped the compaction entry. Compaction input files: [/home/runner/work/ozone/ozone/hadoop-ozone/integration-test/target/test-dir/MiniOzoneClusterImpl-0e8a6840-8092-433d-9bbe-2fd65d18bfc8/omNode-1/om.db/000376.sst] and output files: [/home/runner/work/ozone/ozone/hadoop-ozone/integration-test/target/test-dir/MiniOzoneClusterImpl-0e8a6840-8092-433d-9bbe-2fd65d18bfc8/omNode-1/om.db/000376.sst] are same.
2025-07-15 19:46:12,974 [omNode-1-OMDoubleBufferFlushThread] INFO  db.RDBCheckpointManager (RDBCheckpointManager.java:createCheckpoint(87)) - Created checkpoint in rocksDB at /home/runner/work/ozone/ozone/hadoop-ozone/integration-test/target/test-dir/MiniOzoneClusterImpl-0e8a6840-8092-433d-9bbe-2fd65d18bfc8/omNode-1/db.snapshots/checkpointState/om.db-25df31bc-483c-4352-a39c-27adc6d78b86 in 31 milliseconds
2025-07-15 19:46:12,975 [omNode-1-OMDoubleBufferFlushThread] WARN  om.OmSnapshotManager (OmSnapshotManager.java:performOperationOnKeys(569)) - Took 429030 ns to find endKey. Caller is deleteKeysFromDelKeyTableInSnapshotScope
2025-07-15 19:46:12,975 [omNode-1-OMDoubleBufferFlushThread] INFO  om.OmSnapshotManager (OmSnapshotManager.java:createOmSnapshotCheckpoint(503)) - Created checkpoint : /home/runner/work/ozone/ozone/hadoop-ozone/integration-test/target/test-dir/MiniOzoneClusterImpl-0e8a6840-8092-433d-9bbe-2fd65d18bfc8/omNode-1/db.snapshots/checkpointState/om.db-25df31bc-483c-4352-a39c-27adc6d78b86 for snapshot snap-0645405216
2025-07-15 19:46:13,415 [omNode-1-OMStateMachineApplyTransactionThread - 0] INFO  snapshot.OMSnapshotDeleteRequest (OMSnapshotDeleteRequest.java:validateAndUpdateCache(229)) - Deleted snapshot 'snap-0645405216' under path 'volume52664/bucket16659'
2025-07-15 19:46:13,416 [omNode-3-OMStateMachineApplyTransactionThread - 0] INFO  snapshot.OMSnapshotDeleteRequest (OMSnapshotDeleteRequest.java:validateAndUpdateCache(229)) - Deleted snapshot 'snap-0645405216' under path 'volume52664/bucket16659'
2025-07-15 19:46:13,981 [omNode-2-SnapshotDeletingService#0] INFO  service.SnapshotDeletingService (SnapshotDeletingService.java:call(147)) - Started Snapshot Deletion Processing for snapshot : /volume52664/bucket16659/snap-0645405216
2025-07-15 19:46:13,981 [omNode-2-SnapshotDeletingService#0] INFO  service.SnapshotDeletingService (SnapshotDeletingService.java:call(159)) - Snapshot: /volume52664/bucket16659/snap-0645405216 entries will be moved to AOS.
2025-07-15 19:46:13,982 [omNode-2-SnapshotDeletingService#0] INFO  snapshot.SnapshotCache (SnapshotCache.java:lambda$2(204)) - Loading SnapshotId: '25df31bc-483c-4352-a39c-27adc6d78b86'
2025-07-15 19:46:13,982 [omNode-2-SnapshotDeletingService#0] WARN  server.ServerUtils (ServerUtils.java:getDBPath(292)) - ozone.om.db.dirs is not configured. We recommend adding this setting. Falling back to ozone.metadata.dirs instead.
2025-07-15 19:46:14,017 [omNode-2-OMStateMachineApplyTransactionThread - 0] INFO  upgrade.AbstractLayoutVersionManager (AbstractLayoutVersionManager.java:init(80)) - Initializing Layout version manager with metadata layout = DELEGATION_TOKEN_SYMMETRIC_SIGN (version = 8), software layout = DELEGATION_TOKEN_SYMMETRIC_SIGN (version = 8)
2025-07-15 19:46:14,517 [omNode-1-OMStateMachineApplyTransactionThread - 0] INFO  upgrade.AbstractLayoutVersionManager (AbstractLayoutVersionManager.java:init(80)) - Initializing Layout version manager with metadata layout = DELEGATION_TOKEN_SYMMETRIC_SIGN (version = 8), software layout = DELEGATION_TOKEN_SYMMETRIC_SIGN (version = 8)
2025-07-15 19:46:14,517 [omNode-3-OMStateMachineApplyTransactionThread - 0] INFO  upgrade.AbstractLayoutVersionManager (AbstractLayoutVersionManager.java:init(80)) - Initializing Layout version manager with metadata layout = DELEGATION_TOKEN_SYMMETRIC_SIGN (version = 8), software layout = DELEGATION_TOKEN_SYMMETRIC_SIGN (version = 8)
2025-07-15 19:46:14,518 [omNode-1-OMDoubleBufferFlushThread] INFO  snapshot.SnapshotCache (SnapshotCache.java:lambda$2(204)) - Loading SnapshotId: '25df31bc-483c-4352-a39c-27adc6d78b86'
2025-07-15 19:46:14,518 [omNode-1-OMDoubleBufferFlushThread] WARN  server.ServerUtils (ServerUtils.java:getDBPath(292)) - ozone.om.db.dirs is not configured. We recommend adding this setting. Falling back to ozone.metadata.dirs instead.
2025-07-15 19:46:14,979 [omNode-2-KeyDeletingService#6] INFO  snapshot.SnapshotCache (SnapshotCache.java:lambda$2(204)) - Loading SnapshotId: 'acf838ed-3fc6-4e0b-90c1-a87959c4906d'
2025-07-15 19:46:14,979 [omNode-2-KeyDeletingService#6] WARN  server.ServerUtils (ServerUtils.java:getDBPath(292)) - ozone.om.db.dirs is not configured. We recommend adding this setting. Falling back to ozone.metadata.dirs instead.
2025-07-15 19:46:14,981 [omNode-2-SnapshotDeletingService#0] INFO  service.SnapshotDeletingService (SnapshotDeletingService.java:call(147)) - Started Snapshot Deletion Processing for snapshot : /volume52664/bucket16659/snap-0645405216
2025-07-15 19:46:14,981 [omNode-2-SnapshotDeletingService#0] INFO  service.SnapshotDeletingService (SnapshotDeletingService.java:call(159)) - Snapshot: /volume52664/bucket16659/snap-0645405216 entries will be moved to AOS.
2025-07-15 19:46:15,002 [omNode-2-KeyDeletingService#6] ERROR service.KeyDeletingService (KeyDeletingService.java:call(472)) - Error while running delete files background task for store null. Will retry at next run.
FILE_NOT_FOUND org.apache.hadoop.ozone.om.exceptions.OMException: Unable to load snapshot. Snapshot with table key '/volume52664/bucket16659/snap-0645405216' is no longer active
	at org.apache.hadoop.ozone.om.snapshot.SnapshotUtils.checkSnapshotActive(SnapshotUtils.java:150)
	at org.apache.hadoop.ozone.om.OmSnapshotManager.getSnapshot(OmSnapshotManager.java:673)
	at org.apache.hadoop.ozone.om.OmSnapshotManager.getSnapshot(OmSnapshotManager.java:665)
	at org.apache.hadoop.ozone.om.OmSnapshotManager.getActiveSnapshot(OmSnapshotManager.java:642)
	at org.apache.hadoop.ozone.om.snapshot.filter.ReclaimableFilter.initializePreviousSnapshotsFromChain(ReclaimableFilter.java:164)
	at org.apache.hadoop.ozone.om.snapshot.filter.ReclaimableFilter.apply(ReclaimableFilter.java:199)
	at org.apache.hadoop.ozone.om.snapshot.filter.ReclaimableFilter.apply(ReclaimableFilter.java:1)
	at org.apache.hadoop.ozone.om.KeyManagerImpl.getPendingDeletionKeys(KeyManagerImpl.java:749)
	at org.apache.hadoop.ozone.om.KeyManagerImpl.getPendingDeletionKeys(KeyManagerImpl.java:715)
	at org.apache.hadoop.ozone.om.service.KeyDeletingService$KeyDeletingTask.processDeletedKeysForStore(KeyDeletingService.java:376)
	at org.apache.hadoop.ozone.om.service.KeyDeletingService$KeyDeletingTask.call(KeyDeletingService.java:469)
	at org.apache.hadoop.hdds.utils.BackgroundService$PeriodicalTask.lambda$run$0(BackgroundService.java:155)
	at java.base/java.util.concurrent.CompletableFuture$AsyncRun.run(CompletableFuture.java:1804)
	at java.base/java.util.concurrent.Executors$RunnableAdapter.call(Executors.java:572)
	at java.base/java.util.concurrent.FutureTask.run(FutureTask.java:317)
	at java.base/java.util.concurrent.ScheduledThreadPoolExecutor$ScheduledFutureTask.run(ScheduledThreadPoolExecutor.java:304)
	at java.base/java.util.concurrent.ThreadPoolExecutor.runWorker(ThreadPoolExecutor.java:1144)
	at java.base/java.util.concurrent.ThreadPoolExecutor$Worker.run(ThreadPoolExecutor.java:642)
	at java.base/java.lang.Thread.run(Thread.java:1583)
2025-07-15 19:46:15,007 [omNode-2-OMStateMachineApplyTransactionThread - 0] INFO  snapshot.OMSnapshotPurgeRequest (OMSnapshotPurgeRequest.java:validateAndUpdateCache(126)) - Successfully executed snapshotPurgeRequest: {snapshotDBKeys: "/volume52664/bucket16659/snap-0645405216"
} along with updating snapshots:{}.
2025-07-15 19:46:15,508 [omNode-3-OMStateMachineApplyTransactionThread - 0] INFO  snapshot.OMSnapshotPurgeRequest (OMSnapshotPurgeRequest.java:validateAndUpdateCache(126)) - Successfully executed snapshotPurgeRequest: {snapshotDBKeys: "/volume52664/bucket16659/snap-0645405216"
} along with updating snapshots:{}.
2025-07-15 19:46:15,508 [omNode-1-OMStateMachineApplyTransactionThread - 0] INFO  snapshot.OMSnapshotPurgeRequest (OMSnapshotPurgeRequest.java:validateAndUpdateCache(126)) - Successfully executed snapshotPurgeRequest: {snapshotDBKeys: "/volume52664/bucket16659/snap-0645405216"
} along with updating snapshots:{}.
2025-07-15 19:46:15,562 [timer5] INFO  server.GrpcServerProtocolService (GrpcServerProtocolService.java:lambda$onCompleted$6(171)) - omNode-2: Completed APPEND_ENTRIES, lastRequest: omNode-1->omNode-2#614-t3,previous=(t:3, i:388),leaderCommit=388,initializing? false,entries: size=1, first=(t:3, i:389), STATEMACHINELOGENTRY, WRITE: logData.size=140, stateMachineData.size=0, logEntryProtoSerializedSize=0  (Repeated 2 times in the last 5.000s)
2025-07-15 19:46:15,562 [timer6] INFO  server.GrpcServerProtocolService (GrpcServerProtocolService.java:lambda$onCompleted$6(171)) - omNode-3: Completed APPEND_ENTRIES, lastRequest: omNode-1->omNode-3#609-t3,previous=(t:3, i:388),leaderCommit=388,initializing? false,entries: size=1, first=(t:3, i:389), STATEMACHINELOGENTRY, WRITE: logData.size=140, stateMachineData.size=0, logEntryProtoSerializedSize=0  (Repeated 2 times in the last 5.000s)
2025-07-15 19:46:15,566 [timer7] INFO  server.GrpcServerProtocolService (GrpcServerProtocolService.java:lambda$null$7(175)) - omNode-2: Completed APPEND_ENTRIES, lastReply: null  (Repeated 2 times in the last 5.004s)
2025-07-15 19:46:15,568 [timer0] INFO  server.GrpcServerProtocolService (GrpcServerProtocolService.java:lambda$null$7(175)) - omNode-3: Completed APPEND_ENTRIES, lastReply: null  (Repeated 2 times in the last 5.006s)
2025-07-15 19:46:15,939 [Thread-14451] INFO  rocksdiff.RocksDBCheckpointDiffer (RocksDBCheckpointDiffer.java:shouldSkipCompaction(440)) - Skipped the compaction entry. Compaction input files: [/home/runner/work/ozone/ozone/hadoop-ozone/integration-test/target/test-dir/MiniOzoneClusterImpl-0e8a6840-8092-433d-9bbe-2fd65d18bfc8/omNode-3/om.db/000375.sst] and output files: [/home/runner/work/ozone/ozone/hadoop-ozone/integration-test/target/test-dir/MiniOzoneClusterImpl-0e8a6840-8092-433d-9bbe-2fd65d18bfc8/omNode-3/om.db/000375.sst] are same.
2025-07-15 19:46:15,947 [ForkJoinPool.commonPool-worker-2] INFO  db.RDBCheckpointManager (RDBCheckpointManager.java:createCheckpoint(87)) - Created checkpoint in rocksDB at /home/runner/work/ozone/ozone/hadoop-ozone/integration-test/target/test-dir/MiniOzoneClusterImpl-0e8a6840-8092-433d-9bbe-2fd65d18bfc8/omNode-3/db.snapshots/checkpointState/om.db-25df31bc-483c-4352-a39c-27adc6d78b86 in 26 milliseconds
2025-07-15 19:46:15,948 [ForkJoinPool.commonPool-worker-2] WARN  om.OmSnapshotManager (OmSnapshotManager.java:performOperationOnKeys(569)) - Took 501284 ns to find endKey. Caller is deleteKeysFromDelKeyTableInSnapshotScope
2025-07-15 19:46:15,948 [ForkJoinPool.commonPool-worker-2] INFO  om.OmSnapshotManager (OmSnapshotManager.java:createOmSnapshotCheckpoint(503)) - Created checkpoint : /home/runner/work/ozone/ozone/hadoop-ozone/integration-test/target/test-dir/MiniOzoneClusterImpl-0e8a6840-8092-433d-9bbe-2fd65d18bfc8/omNode-3/db.snapshots/checkpointState/om.db-25df31bc-483c-4352-a39c-27adc6d78b86 for snapshot snap-0645405216
2025-07-15 19:46:15,949 [ForkJoinPool.commonPool-worker-2] INFO  snapshot.SnapshotCache (SnapshotCache.java:lambda$2(204)) - Loading SnapshotId: '25df31bc-483c-4352-a39c-27adc6d78b86'
2025-07-15 19:46:15,949 [ForkJoinPool.commonPool-worker-2] WARN  server.ServerUtils (ServerUtils.java:getDBPath(292)) - ozone.om.db.dirs is not configured. We recommend adding this setting. Falling back to ozone.metadata.dirs instead.
2025-07-15 19:46:15,978 [omNode-2-KeyDeletingService#7] INFO  snapshot.SnapshotCache (SnapshotCache.java:lambda$2(204)) - Loading SnapshotId: '3037cb3f-d942-4240-bd7b-01d07558022c'
2025-07-15 19:46:15,979 [omNode-2-KeyDeletingService#7] WARN  server.ServerUtils (ServerUtils.java:getDBPath(292)) - ozone.om.db.dirs is not configured. We recommend adding this setting. Falling back to ozone.metadata.dirs instead.
]]></system-out>
  </testcase>
  <testcase name="testSnapshotNameConsistency" classname="org.apache.hadoop.ozone.om.snapshot.TestOzoneManagerHASnapshot" time="0.029">
    <system-out><![CDATA[2025-07-15 19:46:16,007 [omNode-2-OMStateMachineApplyTransactionThread - 0] INFO  snapshot.OMSnapshotCreateRequest (OMSnapshotCreateRequest.java:validateAndUpdateCache(226)) - Created snapshot: 's20250715-194615.989' with snapshotId: '37a4db6f-41e1-4250-9cff-3b0e5e3dec0a' under path 'volume52664/bucket16659'
2025-07-15 19:46:16,015 [omNode-2-KeyDeletingService#7] ERROR service.KeyDeletingService (KeyDeletingService.java:call(472)) - Error while running delete files background task for store null. Will retry at next run.
java.io.IOException: Changes made to the snapshot: SnapshotInfo{snapshotId: '37a4db6f-41e1-4250-9cff-3b0e5e3dec0a', name: 's20250715-194615.989', volumeName: 'volume52664', bucketName: 'bucket16659', snapshotStatus: 'SNAPSHOT_ACTIVE', creationTime: '1752608775989', deletionTime: '-1', pathPreviousSnapshotId: 'acf838ed-3fc6-4e0b-90c1-a87959c4906d', globalPreviousSnapshotId: 'acf838ed-3fc6-4e0b-90c1-a87959c4906d', snapshotPath: 'volume52664/bucket16659', checkpointDir: '-37a4db6f-41e1-4250-9cff-3b0e5e3dec0a', dbTxSequenceNumber: '1171', deepClean: 'false', sstFiltered: 'false', referencedSize: '1064960', referencedReplicatedSize: '3194880', exclusiveSize: '0', exclusiveReplicatedSize: '0', exclusiveSizeDeltaFromDirDeepCleaning: '0', exclusiveReplicatedSizeDeltaFromDirDeepCleaning: '0', deepCleanedDeletedDir: 'false', lastTransactionInfo: '<ByteString@1fc1deea size=5>'} have not been flushed to the disk.
	at org.apache.hadoop.ozone.om.snapshot.filter.ReclaimableFilter.getLastNSnapshotInChain(ReclaimableFilter.java:116)
	at org.apache.hadoop.ozone.om.snapshot.filter.ReclaimableFilter.validateExistingLastNSnapshotsInChain(ReclaimableFilter.java:129)
	at org.apache.hadoop.ozone.om.snapshot.filter.ReclaimableFilter.apply(ReclaimableFilter.java:204)
	at org.apache.hadoop.ozone.om.snapshot.filter.ReclaimableFilter.apply(ReclaimableFilter.java:1)
	at org.apache.hadoop.ozone.om.KeyManagerImpl.getPendingDeletionKeys(KeyManagerImpl.java:749)
	at org.apache.hadoop.ozone.om.KeyManagerImpl.getPendingDeletionKeys(KeyManagerImpl.java:715)
	at org.apache.hadoop.ozone.om.service.KeyDeletingService$KeyDeletingTask.processDeletedKeysForStore(KeyDeletingService.java:376)
	at org.apache.hadoop.ozone.om.service.KeyDeletingService$KeyDeletingTask.call(KeyDeletingService.java:469)
	at org.apache.hadoop.hdds.utils.BackgroundService$PeriodicalTask.lambda$run$0(BackgroundService.java:155)
	at java.base/java.util.concurrent.CompletableFuture$AsyncRun.run(CompletableFuture.java:1804)
	at java.base/java.util.concurrent.Executors$RunnableAdapter.call(Executors.java:572)
	at java.base/java.util.concurrent.FutureTask.run(FutureTask.java:317)
	at java.base/java.util.concurrent.ScheduledThreadPoolExecutor$ScheduledFutureTask.run(ScheduledThreadPoolExecutor.java:304)
	at java.base/java.util.concurrent.ThreadPoolExecutor.runWorker(ThreadPoolExecutor.java:1144)
	at java.base/java.util.concurrent.ThreadPoolExecutor$Worker.run(ThreadPoolExecutor.java:642)
	at java.base/java.lang.Thread.run(Thread.java:1583)
]]></system-out>
  </testcase>
  <testcase name="testSnapshotIdConsistency" classname="org.apache.hadoop.ozone.om.snapshot.TestOzoneManagerHASnapshot" time="0.562">
    <system-out><![CDATA[2025-07-15 19:46:16,051 [omNode-2-OMDoubleBufferFlushThread] INFO  db.RDBCheckpointManager (RDBCheckpointManager.java:createCheckpoint(87)) - Created checkpoint in rocksDB at /home/runner/work/ozone/ozone/hadoop-ozone/integration-test/target/test-dir/MiniOzoneClusterImpl-0e8a6840-8092-433d-9bbe-2fd65d18bfc8/omNode-2/db.snapshots/checkpointState/om.db-37a4db6f-41e1-4250-9cff-3b0e5e3dec0a in 40 milliseconds
2025-07-15 19:46:16,051 [omNode-3-OMStateMachineApplyTransactionThread - 0] INFO  snapshot.OMSnapshotCreateRequest (OMSnapshotCreateRequest.java:validateAndUpdateCache(226)) - Created snapshot: 's20250715-194615.989' with snapshotId: '37a4db6f-41e1-4250-9cff-3b0e5e3dec0a' under path 'volume52664/bucket16659'
2025-07-15 19:46:16,052 [omNode-2-OMDoubleBufferFlushThread] WARN  om.OmSnapshotManager (OmSnapshotManager.java:performOperationOnKeys(569)) - Took 411386 ns to find endKey. Caller is deleteKeysFromDelKeyTableInSnapshotScope
2025-07-15 19:46:16,053 [omNode-2-OMDoubleBufferFlushThread] INFO  om.OmSnapshotManager (OmSnapshotManager.java:createOmSnapshotCheckpoint(503)) - Created checkpoint : /home/runner/work/ozone/ozone/hadoop-ozone/integration-test/target/test-dir/MiniOzoneClusterImpl-0e8a6840-8092-433d-9bbe-2fd65d18bfc8/omNode-2/db.snapshots/checkpointState/om.db-37a4db6f-41e1-4250-9cff-3b0e5e3dec0a for snapshot s20250715-194615.989
2025-07-15 19:46:16,057 [omNode-1-OMStateMachineApplyTransactionThread - 0] INFO  snapshot.OMSnapshotCreateRequest (OMSnapshotCreateRequest.java:validateAndUpdateCache(226)) - Created snapshot: 's20250715-194615.989' with snapshotId: '37a4db6f-41e1-4250-9cff-3b0e5e3dec0a' under path 'volume52664/bucket16659'
2025-07-15 19:46:16,075 [omNode-2-OMStateMachineApplyTransactionThread - 0] INFO  snapshot.OMSnapshotCreateRequest (OMSnapshotCreateRequest.java:validateAndUpdateCache(226)) - Created snapshot: 'snap-9765799607' with snapshotId: '03a55234-beff-4e67-82a6-e7771fb00142' under path 'volume52664/bucket16659'
2025-07-15 19:46:16,079 [ForkJoinPool.commonPool-worker-2] INFO  db.RDBCheckpointManager (RDBCheckpointManager.java:createCheckpoint(87)) - Created checkpoint in rocksDB at /home/runner/work/ozone/ozone/hadoop-ozone/integration-test/target/test-dir/MiniOzoneClusterImpl-0e8a6840-8092-433d-9bbe-2fd65d18bfc8/omNode-3/db.snapshots/checkpointState/om.db-37a4db6f-41e1-4250-9cff-3b0e5e3dec0a in 24 milliseconds
2025-07-15 19:46:16,080 [omNode-1-OMDoubleBufferFlushThread] INFO  db.RDBCheckpointManager (RDBCheckpointManager.java:createCheckpoint(87)) - Created checkpoint in rocksDB at /home/runner/work/ozone/ozone/hadoop-ozone/integration-test/target/test-dir/MiniOzoneClusterImpl-0e8a6840-8092-433d-9bbe-2fd65d18bfc8/omNode-1/db.snapshots/checkpointState/om.db-37a4db6f-41e1-4250-9cff-3b0e5e3dec0a in 20 milliseconds
2025-07-15 19:46:16,080 [ForkJoinPool.commonPool-worker-2] WARN  om.OmSnapshotManager (OmSnapshotManager.java:performOperationOnKeys(569)) - Took 566876 ns to find endKey. Caller is deleteKeysFromDelKeyTableInSnapshotScope
2025-07-15 19:46:16,080 [ForkJoinPool.commonPool-worker-2] INFO  om.OmSnapshotManager (OmSnapshotManager.java:createOmSnapshotCheckpoint(503)) - Created checkpoint : /home/runner/work/ozone/ozone/hadoop-ozone/integration-test/target/test-dir/MiniOzoneClusterImpl-0e8a6840-8092-433d-9bbe-2fd65d18bfc8/omNode-3/db.snapshots/checkpointState/om.db-37a4db6f-41e1-4250-9cff-3b0e5e3dec0a for snapshot s20250715-194615.989
2025-07-15 19:46:16,081 [omNode-1-OMDoubleBufferFlushThread] WARN  om.OmSnapshotManager (OmSnapshotManager.java:performOperationOnKeys(569)) - Took 321258 ns to find endKey. Caller is deleteKeysFromDelKeyTableInSnapshotScope
2025-07-15 19:46:16,081 [omNode-1-OMDoubleBufferFlushThread] INFO  om.OmSnapshotManager (OmSnapshotManager.java:createOmSnapshotCheckpoint(503)) - Created checkpoint : /home/runner/work/ozone/ozone/hadoop-ozone/integration-test/target/test-dir/MiniOzoneClusterImpl-0e8a6840-8092-433d-9bbe-2fd65d18bfc8/omNode-1/db.snapshots/checkpointState/om.db-37a4db6f-41e1-4250-9cff-3b0e5e3dec0a for snapshot s20250715-194615.989
2025-07-15 19:46:16,101 [Thread-14693] INFO  rocksdiff.RocksDBCheckpointDiffer (RocksDBCheckpointDiffer.java:shouldSkipCompaction(440)) - Skipped the compaction entry. Compaction input files: [/home/runner/work/ozone/ozone/hadoop-ozone/integration-test/target/test-dir/MiniOzoneClusterImpl-0e8a6840-8092-433d-9bbe-2fd65d18bfc8/omNode-2/om.db/000391.sst] and output files: [/home/runner/work/ozone/ozone/hadoop-ozone/integration-test/target/test-dir/MiniOzoneClusterImpl-0e8a6840-8092-433d-9bbe-2fd65d18bfc8/omNode-2/om.db/000391.sst] are same.
2025-07-15 19:46:16,106 [omNode-2-OMDoubleBufferFlushThread] INFO  db.RDBCheckpointManager (RDBCheckpointManager.java:createCheckpoint(87)) - Created checkpoint in rocksDB at /home/runner/work/ozone/ozone/hadoop-ozone/integration-test/target/test-dir/MiniOzoneClusterImpl-0e8a6840-8092-433d-9bbe-2fd65d18bfc8/omNode-2/db.snapshots/checkpointState/om.db-03a55234-beff-4e67-82a6-e7771fb00142 in 28 milliseconds
2025-07-15 19:46:16,107 [omNode-2-OMDoubleBufferFlushThread] INFO  om.OmSnapshotManager (OmSnapshotManager.java:createOmSnapshotCheckpoint(503)) - Created checkpoint : /home/runner/work/ozone/ozone/hadoop-ozone/integration-test/target/test-dir/MiniOzoneClusterImpl-0e8a6840-8092-433d-9bbe-2fd65d18bfc8/omNode-2/db.snapshots/checkpointState/om.db-03a55234-beff-4e67-82a6-e7771fb00142 for snapshot snap-9765799607
2025-07-15 19:46:16,575 [omNode-1-OMStateMachineApplyTransactionThread - 0] INFO  snapshot.OMSnapshotCreateRequest (OMSnapshotCreateRequest.java:validateAndUpdateCache(226)) - Created snapshot: 'snap-9765799607' with snapshotId: '03a55234-beff-4e67-82a6-e7771fb00142' under path 'volume52664/bucket16659'
2025-07-15 19:46:16,575 [omNode-3-OMStateMachineApplyTransactionThread - 0] INFO  snapshot.OMSnapshotCreateRequest (OMSnapshotCreateRequest.java:validateAndUpdateCache(226)) - Created snapshot: 'snap-9765799607' with snapshotId: '03a55234-beff-4e67-82a6-e7771fb00142' under path 'volume52664/bucket16659'
]]></system-out>
  </testcase>
  <testcase name="testSnapshotInFlightCount" classname="org.apache.hadoop.ozone.om.snapshot.TestOzoneManagerHASnapshot" time="2.305">
    <system-out><![CDATA[2025-07-15 19:46:16,600 [Thread-14837] INFO  rocksdiff.RocksDBCheckpointDiffer (RocksDBCheckpointDiffer.java:shouldSkipCompaction(440)) - Skipped the compaction entry. Compaction input files: [/home/runner/work/ozone/ozone/hadoop-ozone/integration-test/target/test-dir/MiniOzoneClusterImpl-0e8a6840-8092-433d-9bbe-2fd65d18bfc8/omNode-1/om.db/000391.sst] and output files: [/home/runner/work/ozone/ozone/hadoop-ozone/integration-test/target/test-dir/MiniOzoneClusterImpl-0e8a6840-8092-433d-9bbe-2fd65d18bfc8/omNode-1/om.db/000391.sst] are same.
2025-07-15 19:46:16,601 [Thread-14845] INFO  rocksdiff.RocksDBCheckpointDiffer (RocksDBCheckpointDiffer.java:shouldSkipCompaction(440)) - Skipped the compaction entry. Compaction input files: [/home/runner/work/ozone/ozone/hadoop-ozone/integration-test/target/test-dir/MiniOzoneClusterImpl-0e8a6840-8092-433d-9bbe-2fd65d18bfc8/omNode-3/om.db/000381.sst] and output files: [/home/runner/work/ozone/ozone/hadoop-ozone/integration-test/target/test-dir/MiniOzoneClusterImpl-0e8a6840-8092-433d-9bbe-2fd65d18bfc8/omNode-3/om.db/000381.sst] are same.
2025-07-15 19:46:16,602 [omNode-2-OMStateMachineApplyTransactionThread - 0] INFO  snapshot.OMSnapshotCreateRequest (OMSnapshotCreateRequest.java:validateAndUpdateCache(226)) - Created snapshot: '04882a4b-c8c3-4cf0-994b-71ac70e42ec2' with snapshotId: 'c9e1d6b7-71eb-489c-88ca-74d47cc46283' under path 'volume52664/bucket16659'
2025-07-15 19:46:16,604 [main] INFO  ozone.MiniOzoneHAClusterImpl (MiniOzoneHAClusterImpl.java:shutdownOzoneManager(214)) - Shutting down OzoneManager omNode-2
2025-07-15 19:46:16,604 [main] INFO  om.OzoneManager (OzoneManager.java:stop(2380)) - omNode-2[localhost:15010]: Stopping Ozone Manager
2025-07-15 19:46:16,604 [main] INFO  ipc.Server (Server.java:stop(3697)) - Stopping server on 15010
2025-07-15 19:46:16,607 [IPC Server listener on 15010] INFO  ipc.Server (Server.java:run(1585)) - Stopping IPC Server listener on 15010
2025-07-15 19:46:16,607 [IPC Server Responder] INFO  ipc.Server (Server.java:run(1718)) - Stopping IPC Server Responder
2025-07-15 19:46:16,607 [main] INFO  ratis.OzoneManagerRatisServer (OzoneManagerRatisServer.java:stop(634)) - Stopping org.apache.hadoop.ozone.om.ratis.OzoneManagerRatisServer@1648598e at port 15013
2025-07-15 19:46:16,608 [main] INFO  server.RaftServer (RaftServerProxy.java:lambda$close$9(422)) - omNode-2: close
2025-07-15 19:46:16,608 [main] INFO  server.GrpcServicesImpl (GrpcServicesImpl.java:closeImpl(355)) - omNode-2: shutdown server GrpcServerProtocolService now
2025-07-15 19:46:16,608 [omNode-2-impl-thread1] INFO  server.RaftServer$Division (RaftServerImpl.java:lambda$close$1(527)) - omNode-2@group-C0483FFA3DBE: shutdown
2025-07-15 19:46:16,609 [omNode-2-impl-thread1] INFO  util.JmxRegister (JmxRegister.java:unregister(74)) - Successfully un-registered JMX Bean with object name Ratis:service=RaftServer,group=group-C0483FFA3DBE,id=omNode-2
2025-07-15 19:46:16,609 [omNode-2-impl-thread1] INFO  impl.RoleInfo (RoleInfo.java:shutdownLeaderState(103)) - omNode-2: shutdown omNode-2@group-C0483FFA3DBE-LeaderStateImpl
2025-07-15 19:46:16,609 [omNode-2-impl-thread1] INFO  impl.PendingRequests (PendingRequests.java:sendNotLeaderResponses(287)) - omNode-2@group-C0483FFA3DBE-PendingRequests: sendNotLeaderResponses
2025-07-15 19:46:16,609 [omNode-2@group-C0483FFA3DBE->omNode-1-GrpcLogAppender-LogAppenderDaemon] WARN  server.GrpcLogAppender (GrpcLogAppender.java:mayWait(300)) - omNode-2@group-C0483FFA3DBE->omNode-1-GrpcLogAppender: Wait interrupted by java.lang.InterruptedException
2025-07-15 19:46:16,609 [omNode-2@group-C0483FFA3DBE->omNode-3-GrpcLogAppender-LogAppenderDaemon] WARN  server.GrpcLogAppender (GrpcLogAppender.java:mayWait(300)) - omNode-2@group-C0483FFA3DBE->omNode-3-GrpcLogAppender: Wait interrupted by java.lang.InterruptedException
2025-07-15 19:46:16,610 [grpc-default-executor-2] INFO  server.GrpcServerProtocolService (GrpcServerProtocolService.java:lambda$onCompleted$6(171)) - omNode-3: Completed APPEND_ENTRIES, lastRequest: omNode-2->omNode-3#71-t4,previous=(t:4, i:410),leaderCommit=410,initializing? false,entries: size=1, first=(t:4, i:411), STATEMACHINELOGENTRY, WRITE: logData.size=161, stateMachineData.size=0, logEntryProtoSerializedSize=0 
2025-07-15 19:46:16,610 [omNode-2-impl-thread1] INFO  impl.StateMachineUpdater (StateMachineUpdater.java:stopAndJoin(163)) - omNode-2@group-C0483FFA3DBE-StateMachineUpdater: set stopIndex = 411
2025-07-15 19:46:16,610 [Thread-14860] INFO  server.GrpcServerProtocolClient (GrpcServerProtocolClient.java:close(105)) - omNode-3 Close channels
2025-07-15 19:46:16,610 [Thread-14861] INFO  server.GrpcServerProtocolClient (GrpcServerProtocolClient.java:close(105)) - omNode-1 Close channels
2025-07-15 19:46:16,611 [grpc-default-executor-4] INFO  server.GrpcServerProtocolService (GrpcServerProtocolService.java:lambda$onCompleted$6(171)) - omNode-1: Completed APPEND_ENTRIES, lastRequest: omNode-2->omNode-1#68-t4,previous=(t:4, i:410),leaderCommit=410,initializing? false,entries: size=1, first=(t:4, i:411), STATEMACHINELOGENTRY, WRITE: logData.size=161, stateMachineData.size=0, logEntryProtoSerializedSize=0 
2025-07-15 19:46:16,611 [grpc-default-executor-4] INFO  server.GrpcServerProtocolService (GrpcServerProtocolService.java:lambda$null$7(175)) - omNode-1: Completed APPEND_ENTRIES, lastReply: null 
2025-07-15 19:46:16,610 [grpc-default-executor-2] INFO  server.GrpcServerProtocolService (GrpcServerProtocolService.java:lambda$null$7(175)) - omNode-3: Completed APPEND_ENTRIES, lastReply: null 
2025-07-15 19:46:16,613 [grpc-default-executor-2] INFO  server.GrpcLogAppender (GrpcLogAppender.java:onCompleted(558)) - omNode-2@group-C0483FFA3DBE->omNode-1-AppendLogResponseHandler: follower responses appendEntries COMPLETED
2025-07-15 19:46:16,613 [grpc-default-executor-2] WARN  server.GrpcLogAppender (GrpcLogAppender.java:resetClient(237)) - omNode-2@group-C0483FFA3DBE->omNode-1-GrpcLogAppender: Failed to getClient for omNode-1
org.apache.ratis.protocol.exceptions.AlreadyClosedException: omNode-2 is already CLOSED
	at org.apache.ratis.util.PeerProxyMap$PeerAndProxy.getProxy(PeerProxyMap.java:67)
	at org.apache.ratis.util.PeerProxyMap.getProxy(PeerProxyMap.java:124)
	at org.apache.ratis.grpc.server.GrpcLogAppender.getClient(GrpcLogAppender.java:207)
	at org.apache.ratis.grpc.server.GrpcLogAppender.resetClient(GrpcLogAppender.java:212)
	at org.apache.ratis.grpc.server.GrpcLogAppender.access$800(GrpcLogAppender.java:70)
	at org.apache.ratis.grpc.server.GrpcLogAppender$AppendLogResponseHandler.onCompleted(GrpcLogAppender.java:559)
	at org.apache.ratis.thirdparty.io.grpc.stub.ClientCalls$StreamObserverToCallListenerAdapter.onClose(ClientCalls.java:562)
	at org.apache.ratis.thirdparty.io.grpc.internal.ClientCallImpl.closeObserver(ClientCallImpl.java:565)
	at org.apache.ratis.thirdparty.io.grpc.internal.ClientCallImpl.access$100(ClientCallImpl.java:72)
	at org.apache.ratis.thirdparty.io.grpc.internal.ClientCallImpl$ClientStreamListenerImpl$1StreamClosed.runInternal(ClientCallImpl.java:733)
	at org.apache.ratis.thirdparty.io.grpc.internal.ClientCallImpl$ClientStreamListenerImpl$1StreamClosed.runInContext(ClientCallImpl.java:714)
	at org.apache.ratis.thirdparty.io.grpc.internal.ContextRunnable.run(ContextRunnable.java:37)
	at org.apache.ratis.thirdparty.io.grpc.internal.SerializingExecutor.run(SerializingExecutor.java:133)
	at java.base/java.util.concurrent.ThreadPoolExecutor.runWorker(ThreadPoolExecutor.java:1144)
	at java.base/java.util.concurrent.ThreadPoolExecutor$Worker.run(ThreadPoolExecutor.java:642)
	at java.base/java.lang.Thread.run(Thread.java:1583)
2025-07-15 19:46:16,613 [grpc-default-executor-5] INFO  server.GrpcLogAppender (GrpcLogAppender.java:onCompleted(558)) - omNode-2@group-C0483FFA3DBE->omNode-1-AppendLogResponseHandler: follower responses appendEntries COMPLETED
2025-07-15 19:46:16,613 [grpc-default-executor-5] WARN  server.GrpcLogAppender (GrpcLogAppender.java:resetClient(237)) - omNode-2@group-C0483FFA3DBE->omNode-1-GrpcLogAppender: Failed to getClient for omNode-1
org.apache.ratis.protocol.exceptions.AlreadyClosedException: omNode-2 is already CLOSED
	at org.apache.ratis.util.PeerProxyMap$PeerAndProxy.getProxy(PeerProxyMap.java:67)
	at org.apache.ratis.util.PeerProxyMap.getProxy(PeerProxyMap.java:124)
	at org.apache.ratis.grpc.server.GrpcLogAppender.getClient(GrpcLogAppender.java:207)
	at org.apache.ratis.grpc.server.GrpcLogAppender.resetClient(GrpcLogAppender.java:212)
	at org.apache.ratis.grpc.server.GrpcLogAppender.access$800(GrpcLogAppender.java:70)
	at org.apache.ratis.grpc.server.GrpcLogAppender$AppendLogResponseHandler.onCompleted(GrpcLogAppender.java:559)
	at org.apache.ratis.thirdparty.io.grpc.stub.ClientCalls$StreamObserverToCallListenerAdapter.onClose(ClientCalls.java:562)
	at org.apache.ratis.thirdparty.io.grpc.internal.DelayedClientCall$DelayedListener$3.run(DelayedClientCall.java:489)
	at org.apache.ratis.thirdparty.io.grpc.internal.DelayedClientCall$DelayedListener.delayOrExecute(DelayedClientCall.java:453)
	at org.apache.ratis.thirdparty.io.grpc.internal.DelayedClientCall$DelayedListener.onClose(DelayedClientCall.java:486)
	at org.apache.ratis.thirdparty.io.grpc.internal.ClientCallImpl.closeObserver(ClientCallImpl.java:565)
	at org.apache.ratis.thirdparty.io.grpc.internal.ClientCallImpl.access$100(ClientCallImpl.java:72)
	at org.apache.ratis.thirdparty.io.grpc.internal.ClientCallImpl$ClientStreamListenerImpl$1StreamClosed.runInternal(ClientCallImpl.java:733)
	at org.apache.ratis.thirdparty.io.grpc.internal.ClientCallImpl$ClientStreamListenerImpl$1StreamClosed.runInContext(ClientCallImpl.java:714)
	at org.apache.ratis.thirdparty.io.grpc.internal.ContextRunnable.run(ContextRunnable.java:37)
	at org.apache.ratis.thirdparty.io.grpc.internal.SerializingExecutor.run(SerializingExecutor.java:133)
	at java.base/java.util.concurrent.ThreadPoolExecutor.runWorker(ThreadPoolExecutor.java:1144)
	at java.base/java.util.concurrent.ThreadPoolExecutor$Worker.run(ThreadPoolExecutor.java:642)
	at java.base/java.lang.Thread.run(Thread.java:1583)
2025-07-15 19:46:16,614 [grpc-default-executor-1] INFO  server.GrpcLogAppender (GrpcLogAppender.java:onCompleted(558)) - omNode-2@group-C0483FFA3DBE->omNode-3-AppendLogResponseHandler: follower responses appendEntries COMPLETED
2025-07-15 19:46:16,614 [grpc-default-executor-1] WARN  server.GrpcLogAppender (GrpcLogAppender.java:resetClient(237)) - omNode-2@group-C0483FFA3DBE->omNode-3-GrpcLogAppender: Failed to getClient for omNode-3
org.apache.ratis.protocol.exceptions.AlreadyClosedException: omNode-2 is already CLOSED
	at org.apache.ratis.util.PeerProxyMap$PeerAndProxy.getProxy(PeerProxyMap.java:67)
	at org.apache.ratis.util.PeerProxyMap.getProxy(PeerProxyMap.java:124)
	at org.apache.ratis.grpc.server.GrpcLogAppender.getClient(GrpcLogAppender.java:207)
	at org.apache.ratis.grpc.server.GrpcLogAppender.resetClient(GrpcLogAppender.java:212)
	at org.apache.ratis.grpc.server.GrpcLogAppender.access$800(GrpcLogAppender.java:70)
	at org.apache.ratis.grpc.server.GrpcLogAppender$AppendLogResponseHandler.onCompleted(GrpcLogAppender.java:559)
	at org.apache.ratis.thirdparty.io.grpc.stub.ClientCalls$StreamObserverToCallListenerAdapter.onClose(ClientCalls.java:562)
	at org.apache.ratis.thirdparty.io.grpc.internal.DelayedClientCall$DelayedListener$3.run(DelayedClientCall.java:489)
	at org.apache.ratis.thirdparty.io.grpc.internal.DelayedClientCall$DelayedListener.delayOrExecute(DelayedClientCall.java:453)
	at org.apache.ratis.thirdparty.io.grpc.internal.DelayedClientCall$DelayedListener.onClose(DelayedClientCall.java:486)
	at org.apache.ratis.thirdparty.io.grpc.internal.ClientCallImpl.closeObserver(ClientCallImpl.java:565)
	at org.apache.ratis.thirdparty.io.grpc.internal.ClientCallImpl.access$100(ClientCallImpl.java:72)
	at org.apache.ratis.thirdparty.io.grpc.internal.ClientCallImpl$ClientStreamListenerImpl$1StreamClosed.runInternal(ClientCallImpl.java:733)
	at org.apache.ratis.thirdparty.io.grpc.internal.ClientCallImpl$ClientStreamListenerImpl$1StreamClosed.runInContext(ClientCallImpl.java:714)
	at org.apache.ratis.thirdparty.io.grpc.internal.ContextRunnable.run(ContextRunnable.java:37)
	at org.apache.ratis.thirdparty.io.grpc.internal.SerializingExecutor.run(SerializingExecutor.java:133)
	at java.base/java.util.concurrent.ThreadPoolExecutor.runWorker(ThreadPoolExecutor.java:1144)
	at java.base/java.util.concurrent.ThreadPoolExecutor$Worker.run(ThreadPoolExecutor.java:642)
	at java.base/java.lang.Thread.run(Thread.java:1583)
2025-07-15 19:46:16,615 [main] INFO  server.GrpcServicesImpl (GrpcServicesImpl.java:closeImpl(364)) - omNode-2: shutdown server GrpcServerProtocolService successfully
2025-07-15 19:46:16,615 [grpc-default-executor-2] INFO  server.GrpcLogAppender (GrpcLogAppender.java:onCompleted(558)) - omNode-2@group-C0483FFA3DBE->omNode-3-AppendLogResponseHandler: follower responses appendEntries COMPLETED
2025-07-15 19:46:16,615 [grpc-default-executor-2] WARN  server.GrpcLogAppender (GrpcLogAppender.java:resetClient(237)) - omNode-2@group-C0483FFA3DBE->omNode-3-GrpcLogAppender: Failed to getClient for omNode-3
org.apache.ratis.protocol.exceptions.AlreadyClosedException: omNode-2 is already CLOSED
	at org.apache.ratis.util.PeerProxyMap$PeerAndProxy.getProxy(PeerProxyMap.java:67)
	at org.apache.ratis.util.PeerProxyMap.getProxy(PeerProxyMap.java:124)
	at org.apache.ratis.grpc.server.GrpcLogAppender.getClient(GrpcLogAppender.java:207)
	at org.apache.ratis.grpc.server.GrpcLogAppender.resetClient(GrpcLogAppender.java:212)
	at org.apache.ratis.grpc.server.GrpcLogAppender.access$800(GrpcLogAppender.java:70)
	at org.apache.ratis.grpc.server.GrpcLogAppender$AppendLogResponseHandler.onCompleted(GrpcLogAppender.java:559)
	at org.apache.ratis.thirdparty.io.grpc.stub.ClientCalls$StreamObserverToCallListenerAdapter.onClose(ClientCalls.java:562)
	at org.apache.ratis.thirdparty.io.grpc.internal.ClientCallImpl.closeObserver(ClientCallImpl.java:565)
	at org.apache.ratis.thirdparty.io.grpc.internal.ClientCallImpl.access$100(ClientCallImpl.java:72)
	at org.apache.ratis.thirdparty.io.grpc.internal.ClientCallImpl$ClientStreamListenerImpl$1StreamClosed.runInternal(ClientCallImpl.java:733)
	at org.apache.ratis.thirdparty.io.grpc.internal.ClientCallImpl$ClientStreamListenerImpl$1StreamClosed.runInContext(ClientCallImpl.java:714)
	at org.apache.ratis.thirdparty.io.grpc.internal.ContextRunnable.run(ContextRunnable.java:37)
	at org.apache.ratis.thirdparty.io.grpc.internal.SerializingExecutor.run(SerializingExecutor.java:133)
	at java.base/java.util.concurrent.ThreadPoolExecutor.runWorker(ThreadPoolExecutor.java:1144)
	at java.base/java.util.concurrent.ThreadPoolExecutor$Worker.run(ThreadPoolExecutor.java:642)
	at java.base/java.lang.Thread.run(Thread.java:1583)
2025-07-15 19:46:16,616 [omNode-1-OMDoubleBufferFlushThread] INFO  db.RDBCheckpointManager (RDBCheckpointManager.java:createCheckpoint(87)) - Created checkpoint in rocksDB at /home/runner/work/ozone/ozone/hadoop-ozone/integration-test/target/test-dir/MiniOzoneClusterImpl-0e8a6840-8092-433d-9bbe-2fd65d18bfc8/omNode-1/db.snapshots/checkpointState/om.db-03a55234-beff-4e67-82a6-e7771fb00142 in 39 milliseconds
2025-07-15 19:46:16,617 [ForkJoinPool.commonPool-worker-2] INFO  db.RDBCheckpointManager (RDBCheckpointManager.java:createCheckpoint(87)) - Created checkpoint in rocksDB at /home/runner/work/ozone/ozone/hadoop-ozone/integration-test/target/test-dir/MiniOzoneClusterImpl-0e8a6840-8092-433d-9bbe-2fd65d18bfc8/omNode-3/db.snapshots/checkpointState/om.db-03a55234-beff-4e67-82a6-e7771fb00142 in 39 milliseconds
2025-07-15 19:46:16,617 [ForkJoinPool.commonPool-worker-2] INFO  om.OmSnapshotManager (OmSnapshotManager.java:createOmSnapshotCheckpoint(503)) - Created checkpoint : /home/runner/work/ozone/ozone/hadoop-ozone/integration-test/target/test-dir/MiniOzoneClusterImpl-0e8a6840-8092-433d-9bbe-2fd65d18bfc8/omNode-3/db.snapshots/checkpointState/om.db-03a55234-beff-4e67-82a6-e7771fb00142 for snapshot snap-9765799607
2025-07-15 19:46:16,618 [omNode-1-OMDoubleBufferFlushThread] INFO  om.OmSnapshotManager (OmSnapshotManager.java:createOmSnapshotCheckpoint(503)) - Created checkpoint : /home/runner/work/ozone/ozone/hadoop-ozone/integration-test/target/test-dir/MiniOzoneClusterImpl-0e8a6840-8092-433d-9bbe-2fd65d18bfc8/omNode-1/db.snapshots/checkpointState/om.db-03a55234-beff-4e67-82a6-e7771fb00142 for snapshot snap-9765799607
2025-07-15 19:46:16,623 [omNode-2@group-C0483FFA3DBE-StateMachineUpdater] INFO  ratis.OzoneManagerStateMachine (OzoneManagerStateMachine.java:takeSnapshotImpl(515)) - omNode-2: taking snapshot. applied = (t:4, i:410), skipped = 389, notified = (t:4, i:390), current snapshot index = (t:4, i:410), took 13 ms
2025-07-15 19:46:16,623 [omNode-2@group-C0483FFA3DBE-StateMachineUpdater] INFO  impl.StateMachineUpdater (StateMachineUpdater.java:takeSnapshot(307)) - omNode-2@group-C0483FFA3DBE-StateMachineUpdater: Took a snapshot at index 410
2025-07-15 19:46:16,623 [omNode-2@group-C0483FFA3DBE-StateMachineUpdater] INFO  impl.StateMachineUpdater (StateMachineUpdater.java:lambda$new$0(101)) - omNode-2@group-C0483FFA3DBE-StateMachineUpdater: snapshotIndex: updateIncreasingly 183 -> 410
2025-07-15 19:46:16,623 [omNode-2@group-C0483FFA3DBE-StateMachineUpdater] INFO  impl.StateMachineUpdater (StateMachineUpdater.java:stop(140)) - omNode-2@group-C0483FFA3DBE-StateMachineUpdater: closing OzoneManagerStateMachine, lastApplied=(t:4, i:410)
2025-07-15 19:46:16,623 [omNode-2@group-C0483FFA3DBE-StateMachineUpdater] INFO  ratis.OzoneManagerStateMachine (OzoneManagerStateMachine.java:close(555)) - Stopping OzoneManagerStateMachine:omNode-2:group-C0483FFA3DBE.
2025-07-15 19:46:16,623 [omNode-2@group-C0483FFA3DBE-StateMachineUpdater] INFO  ratis.OzoneManagerDoubleBuffer (OzoneManagerDoubleBuffer.java:stopDaemon(499)) - Stopping OMDoubleBuffer flush thread
2025-07-15 19:46:16,629 [omNode-2-OMDoubleBufferFlushThread] INFO  db.RDBCheckpointManager (RDBCheckpointManager.java:createCheckpoint(87)) - Created checkpoint in rocksDB at /home/runner/work/ozone/ozone/hadoop-ozone/integration-test/target/test-dir/MiniOzoneClusterImpl-0e8a6840-8092-433d-9bbe-2fd65d18bfc8/omNode-2/db.snapshots/checkpointState/om.db-c9e1d6b7-71eb-489c-88ca-74d47cc46283 in 23 milliseconds
2025-07-15 19:46:16,629 [omNode-2-OMDoubleBufferFlushThread] INFO  om.OmSnapshotManager (OmSnapshotManager.java:createOmSnapshotCheckpoint(503)) - Created checkpoint : /home/runner/work/ozone/ozone/hadoop-ozone/integration-test/target/test-dir/MiniOzoneClusterImpl-0e8a6840-8092-433d-9bbe-2fd65d18bfc8/omNode-2/db.snapshots/checkpointState/om.db-c9e1d6b7-71eb-489c-88ca-74d47cc46283 for snapshot 04882a4b-c8c3-4cf0-994b-71ac70e42ec2
2025-07-15 19:46:16,630 [omNode-2@group-C0483FFA3DBE-cacheEviction-AwaitToRun] INFO  util.AwaitToRun (AwaitToRun.java:run(49)) - omNode-2@group-C0483FFA3DBE-cacheEviction-AwaitToRun-AwaitForSignal is interrupted
2025-07-15 19:46:17,583 [omNode-2-impl-thread1] INFO  segmented.SegmentedRaftLogWorker (SegmentedRaftLogWorker.java:close(254)) - omNode-2@group-C0483FFA3DBE-SegmentedRaftLogWorker close()
2025-07-15 19:46:17,583 [JvmPauseMonitor9] INFO  util.JvmPauseMonitor (JvmPauseMonitor.java:run(152)) - JvmPauseMonitor-omNode-2: Stopped
2025-07-15 19:46:17,584 [main] INFO  utils.BackgroundService (BackgroundService.java:shutdown(178)) - Shutting down service KeyDeletingService
2025-07-15 19:46:17,585 [main] INFO  utils.BackgroundService (BackgroundService.java:shutdown(178)) - Shutting down service DirectoryDeletingService
2025-07-15 19:46:17,585 [main] INFO  utils.BackgroundService (BackgroundService.java:shutdown(178)) - Shutting down service OpenKeyCleanupService
2025-07-15 19:46:17,586 [main] INFO  utils.BackgroundService (BackgroundService.java:shutdown(178)) - Shutting down service SstFilteringService
2025-07-15 19:46:17,586 [main] INFO  utils.BackgroundService (BackgroundService.java:shutdown(178)) - Shutting down service SnapshotDeletingService
2025-07-15 19:46:17,587 [main] INFO  utils.BackgroundService (BackgroundService.java:shutdown(178)) - Shutting down service MultipartUploadCleanupService
2025-07-15 19:46:17,588 [main] INFO  handler.ContextHandler (ContextHandler.java:doStop(1159)) - Stopped o.e.j.w.WebAppContext@c2247c{ozoneManager,/,null,STOPPED}{file:/home/runner/work/ozone/ozone/hadoop-ozone/integration-test/target/test-classes/webapps/ozoneManager}
2025-07-15 19:46:17,588 [main] INFO  server.AbstractConnector (AbstractConnector.java:doStop(383)) - Stopped ServerConnector@5aa547e{HTTP/1.1, (http/1.1)}{0.0.0.0:15011}
2025-07-15 19:46:17,588 [main] INFO  server.session (HouseKeeper.java:stopScavenging(149)) - node0 Stopped scavenging
2025-07-15 19:46:17,588 [main] INFO  handler.ContextHandler (ContextHandler.java:doStop(1159)) - Stopped o.e.j.s.ServletContextHandler@21a1b8b0{static,/static,file:///home/runner/work/ozone/ozone/hadoop-ozone/integration-test/target/test-classes/webapps/static,STOPPED}
2025-07-15 19:46:17,589 [main] INFO  handler.ContextHandler (ContextHandler.java:doStop(1159)) - Stopped o.e.j.s.ServletContextHandler@71671559{logs,/logs,file:///home/runner/work/ozone/ozone/hadoop-ozone/integration-test/target/log,STOPPED}
2025-07-15 19:46:17,589 [main] INFO  rocksdiff.RocksDBCheckpointDiffer (RocksDBCheckpointDiffer.java:close(340)) - Shutting down CompactionDagPruningService.
2025-07-15 19:46:17,592 [main] INFO  snapshot.SnapshotDiffManager (SnapshotDiffManager.java:closeExecutorService(1725)) - Shutting down executorService: 'SnapDiffExecutor'
2025-07-15 19:46:17,597 [main] INFO  utils.BackgroundService (BackgroundService.java:shutdown(178)) - Shutting down service SnapshotDiffCleanupService
2025-07-15 19:46:17,997 [omNode-3@group-C0483FFA3DBE-FollowerState] INFO  impl.FollowerState (FollowerState.java:runImpl(161)) - omNode-3@group-C0483FFA3DBE-FollowerState: change to CANDIDATE, lastRpcElapsedTime:1414579891ns, electionTimeout:1091ms
2025-07-15 19:46:17,997 [omNode-3@group-C0483FFA3DBE-FollowerState] INFO  impl.RoleInfo (RoleInfo.java:shutdownFollowerState(121)) - omNode-3: shutdown omNode-3@group-C0483FFA3DBE-FollowerState
2025-07-15 19:46:17,998 [omNode-3@group-C0483FFA3DBE-FollowerState] INFO  server.RaftServer$Division (RaftServerImpl.java:setRole(392)) - omNode-3@group-C0483FFA3DBE: changes role from  FOLLOWER to CANDIDATE at term 4 for changeToCandidate
2025-07-15 19:46:17,998 [omNode-3@group-C0483FFA3DBE-FollowerState] INFO  impl.RoleInfo (RoleInfo.java:updateAndGet(148)) - omNode-3: start omNode-3@group-C0483FFA3DBE-LeaderElection13
2025-07-15 19:46:17,998 [omNode-3@group-C0483FFA3DBE-LeaderElection13] INFO  server.RaftServer$Division (ServerState.java:setLeader(272)) - omNode-3@group-C0483FFA3DBE: change Leader from omNode-2 to null at term 4 for PRE_VOTE
2025-07-15 19:46:17,998 [omNode-3@group-C0483FFA3DBE-LeaderElection13] INFO  impl.LeaderElection (LeaderElection.java:askForVotes(448)) - omNode-3@group-C0483FFA3DBE-LeaderElection13 PRE_VOTE round 0: submit vote requests at term 4 for conf: {index: 390, cur=peers:[omNode-3|localhost:15017, omNode-1|localhost:15009, omNode-2|localhost:15013]|listeners:[], old=null}
2025-07-15 19:46:17,998 [omNode-3@group-C0483FFA3DBE-LeaderElection13-1] INFO  server.GrpcServerProtocolClient (GrpcServerProtocolClient.java:<init>(65)) - Build channel for omNode-1|localhost:15009
2025-07-15 19:46:17,998 [omNode-3@group-C0483FFA3DBE-LeaderElection13-2] INFO  server.GrpcServerProtocolClient (GrpcServerProtocolClient.java:<init>(65)) - Build channel for omNode-2|localhost:15013
2025-07-15 19:46:18,002 [omNode-3@group-C0483FFA3DBE-LeaderElection13] INFO  impl.LeaderElection (LogUtils.java:infoOrTrace(142)) - omNode-3@group-C0483FFA3DBE-LeaderElection13 got exception when requesting votes: java.util.concurrent.ExecutionException: org.apache.ratis.thirdparty.io.grpc.StatusRuntimeException: UNAVAILABLE: io exception
2025-07-15 19:46:18,002 [grpc-default-executor-5] INFO  server.RaftServer$Division (RaftServerImpl.java:requestVote(1421)) - omNode-1@group-C0483FFA3DBE: receive requestVote(PRE_VOTE, omNode-3, group-C0483FFA3DBE, 4, (t:4, i:411))
2025-07-15 19:46:18,002 [grpc-default-executor-5] INFO  impl.VoteContext (VoteContext.java:log(49)) - omNode-1@group-C0483FFA3DBE-FOLLOWER: accept PRE_VOTE from omNode-3: our priority 0 <= candidate's priority 0
2025-07-15 19:46:18,002 [grpc-default-executor-5] INFO  server.RaftServer$Division (RaftServerImpl.java:requestVote(1455)) - omNode-1@group-C0483FFA3DBE replies to PRE_VOTE vote request: omNode-3<-omNode-1#0:OK-t4-last:(t:4, i:411). Peer's state: omNode-1@group-C0483FFA3DBE:t4, leader=omNode-2, voted=omNode-2, raftlog=Memoized:omNode-1@group-C0483FFA3DBE-SegmentedRaftLog:OPENED:c410:last(t:4, i:411), conf=conf: {index: 390, cur=peers:[omNode-3|localhost:15017, omNode-1|localhost:15009, omNode-2|localhost:15013]|listeners:[], old=null}
2025-07-15 19:46:18,003 [omNode-3@group-C0483FFA3DBE-LeaderElection13] INFO  impl.LeaderElection (LeaderElection.java:logAndReturn(206)) - omNode-3@group-C0483FFA3DBE-LeaderElection13: PRE_VOTE PASSED received 1 response(s) and 1 exception(s):
2025-07-15 19:46:18,003 [omNode-3@group-C0483FFA3DBE-LeaderElection13] INFO  impl.LeaderElection (LeaderElection.java:logAndReturn(210)) -   Response 0: omNode-3<-omNode-1#0:OK-t4-last:(t:4, i:411)
2025-07-15 19:46:18,004 [omNode-3@group-C0483FFA3DBE-LeaderElection13] INFO  impl.LeaderElection (LogUtils.java:infoOrTrace(142)) -   Exception 1: java.util.concurrent.ExecutionException: org.apache.ratis.thirdparty.io.grpc.StatusRuntimeException: UNAVAILABLE: io exception
2025-07-15 19:46:18,004 [omNode-3@group-C0483FFA3DBE-LeaderElection13] INFO  impl.LeaderElection (LeaderElection.java:askForVotes(450)) - omNode-3@group-C0483FFA3DBE-LeaderElection13 PRE_VOTE round 0: result PASSED
2025-07-15 19:46:18,006 [omNode-3@group-C0483FFA3DBE-LeaderElection13] INFO  impl.LeaderElection (LeaderElection.java:askForVotes(448)) - omNode-3@group-C0483FFA3DBE-LeaderElection13 ELECTION round 0: submit vote requests at term 5 for conf: {index: 390, cur=peers:[omNode-3|localhost:15017, omNode-1|localhost:15009, omNode-2|localhost:15013]|listeners:[], old=null}
2025-07-15 19:46:18,007 [omNode-3@group-C0483FFA3DBE-LeaderElection13] INFO  impl.LeaderElection (LogUtils.java:infoOrTrace(142)) - omNode-3@group-C0483FFA3DBE-LeaderElection13 got exception when requesting votes: java.util.concurrent.ExecutionException: org.apache.ratis.thirdparty.io.grpc.StatusRuntimeException: UNAVAILABLE: io exception
2025-07-15 19:46:18,007 [grpc-default-executor-5] INFO  server.RaftServer$Division (RaftServerImpl.java:requestVote(1421)) - omNode-1@group-C0483FFA3DBE: receive requestVote(ELECTION, omNode-3, group-C0483FFA3DBE, 5, (t:4, i:411))
2025-07-15 19:46:18,007 [grpc-default-executor-5] INFO  impl.VoteContext (VoteContext.java:log(49)) - omNode-1@group-C0483FFA3DBE-FOLLOWER: accept ELECTION from omNode-3: our priority 0 <= candidate's priority 0
2025-07-15 19:46:18,007 [grpc-default-executor-5] INFO  server.RaftServer$Division (RaftServerImpl.java:setRole(392)) - omNode-1@group-C0483FFA3DBE: changes role from  FOLLOWER to FOLLOWER at term 4 for candidate:omNode-3
2025-07-15 19:46:18,007 [grpc-default-executor-5] INFO  impl.RoleInfo (RoleInfo.java:shutdownFollowerState(121)) - omNode-1: shutdown omNode-1@group-C0483FFA3DBE-FollowerState
2025-07-15 19:46:18,007 [grpc-default-executor-5] INFO  server.RaftServer$Division (ServerState.java:setLeader(272)) - omNode-1@group-C0483FFA3DBE: change Leader from omNode-2 to null at term 5 for updateCurrentTerm
2025-07-15 19:46:18,007 [grpc-default-executor-5] INFO  impl.RoleInfo (RoleInfo.java:updateAndGet(148)) - omNode-1: start omNode-1@group-C0483FFA3DBE-FollowerState
2025-07-15 19:46:18,008 [omNode-1@group-C0483FFA3DBE-FollowerState] INFO  impl.FollowerState (FollowerState.java:runImpl(170)) - omNode-1@group-C0483FFA3DBE-FollowerState was interrupted
2025-07-15 19:46:18,009 [grpc-default-executor-5] INFO  server.RaftServer$Division (RaftServerImpl.java:requestVote(1455)) - omNode-1@group-C0483FFA3DBE replies to ELECTION vote request: omNode-3<-omNode-1#0:OK-t5-last:(t:4, i:411). Peer's state: omNode-1@group-C0483FFA3DBE:t5, leader=null, voted=omNode-3, raftlog=Memoized:omNode-1@group-C0483FFA3DBE-SegmentedRaftLog:OPENED:c410:last(t:4, i:411), conf=conf: {index: 390, cur=peers:[omNode-3|localhost:15017, omNode-1|localhost:15009, omNode-2|localhost:15013]|listeners:[], old=null}
2025-07-15 19:46:18,009 [omNode-3@group-C0483FFA3DBE-LeaderElection13] INFO  impl.LeaderElection (LeaderElection.java:logAndReturn(206)) - omNode-3@group-C0483FFA3DBE-LeaderElection13: ELECTION PASSED received 1 response(s) and 1 exception(s):
2025-07-15 19:46:18,009 [omNode-3@group-C0483FFA3DBE-LeaderElection13] INFO  impl.LeaderElection (LeaderElection.java:logAndReturn(210)) -   Response 0: omNode-3<-omNode-1#0:OK-t5-last:(t:4, i:411)
2025-07-15 19:46:18,009 [omNode-3@group-C0483FFA3DBE-LeaderElection13] INFO  impl.LeaderElection (LogUtils.java:infoOrTrace(142)) -   Exception 1: java.util.concurrent.ExecutionException: org.apache.ratis.thirdparty.io.grpc.StatusRuntimeException: UNAVAILABLE: io exception
2025-07-15 19:46:18,009 [omNode-3@group-C0483FFA3DBE-LeaderElection13] INFO  impl.LeaderElection (LeaderElection.java:askForVotes(450)) - omNode-3@group-C0483FFA3DBE-LeaderElection13 ELECTION round 0: result PASSED
2025-07-15 19:46:18,010 [omNode-3@group-C0483FFA3DBE-LeaderElection13] INFO  impl.RoleInfo (RoleInfo.java:shutdownLeaderElection(141)) - omNode-3: shutdown omNode-3@group-C0483FFA3DBE-LeaderElection13
2025-07-15 19:46:18,010 [omNode-3@group-C0483FFA3DBE-LeaderElection13] INFO  server.RaftServer$Division (RaftServerImpl.java:setRole(392)) - omNode-3@group-C0483FFA3DBE: changes role from CANDIDATE to LEADER at term 5 for changeToLeader
2025-07-15 19:46:18,010 [omNode-3@group-C0483FFA3DBE-LeaderElection13] INFO  server.RaftServerConfigKeys (ConfUtils.java:logFallback(69)) - raft.server.staging.timeout = 3600ms (fallback to raft.server.rpc.timeout.max)
2025-07-15 19:46:18,011 [omNode-3@group-C0483FFA3DBE-LeaderElection13] INFO  server.RaftServerConfigKeys (ConfUtils.java:logGet(62)) - raft.server.log.appender.buffer.byte-limit = 4194304 (custom)
2025-07-15 19:46:18,012 [omNode-3@group-C0483FFA3DBE-LeaderElection13] INFO  server.RaftServerConfigKeys (ConfUtils.java:logGet(62)) - raft.server.log.appender.buffer.byte-limit = 4194304 (custom)
2025-07-15 19:46:18,012 [omNode-3@group-C0483FFA3DBE-LeaderElection13] INFO  impl.RoleInfo (RoleInfo.java:updateAndGet(148)) - omNode-3: start omNode-3@group-C0483FFA3DBE-LeaderStateImpl
2025-07-15 19:46:18,012 [omNode-3@group-C0483FFA3DBE-LeaderElection13] INFO  ratis.OzoneManagerStateMachine (OzoneManagerStateMachine.java:notifyLeaderChanged(174)) - omNode-3@group-C0483FFA3DBE: leader changed to omNode-3
2025-07-15 19:46:18,012 [omNode-3@group-C0483FFA3DBE-LeaderElection13] INFO  server.RaftServer$Division (ServerState.java:setLeader(272)) - omNode-3@group-C0483FFA3DBE: change Leader from null to omNode-3 at term 5 for becomeLeader, leader elected after 13ms
2025-07-15 19:46:18,012 [omNode-3@group-C0483FFA3DBE-LeaderElection13] INFO  segmented.SegmentedRaftLogWorker (SegmentedRaftLogWorker.java:rollLogSegment(445)) - omNode-3@group-C0483FFA3DBE-SegmentedRaftLogWorker: Rolling segment log-390_411 to index:411
2025-07-15 19:46:18,013 [omNode-3@group-C0483FFA3DBE-LeaderElection13] INFO  server.RaftServer$Division (ServerState.java:setRaftConf(386)) - omNode-3@group-C0483FFA3DBE: set configuration conf: {index: 412, cur=peers:[omNode-3|localhost:15017, omNode-1|localhost:15009, omNode-2|localhost:15013]|listeners:[], old=null}
2025-07-15 19:46:18,014 [omNode-3@group-C0483FFA3DBE-SegmentedRaftLogWorker] INFO  segmented.SegmentedRaftLogWorker (SegmentedRaftLogWorker.java:execute(604)) - omNode-3@group-C0483FFA3DBE-SegmentedRaftLogWorker: Rolled log segment from /home/runner/work/ozone/ozone/hadoop-ozone/integration-test/target/test-dir/MiniOzoneClusterImpl-0e8a6840-8092-433d-9bbe-2fd65d18bfc8/omNode-3/ratis/3bf88a72-722a-315e-b909-c0483ffa3dbe/current/log_inprogress_390 to /home/runner/work/ozone/ozone/hadoop-ozone/integration-test/target/test-dir/MiniOzoneClusterImpl-0e8a6840-8092-433d-9bbe-2fd65d18bfc8/omNode-3/ratis/3bf88a72-722a-315e-b909-c0483ffa3dbe/current/log_390-411
2025-07-15 19:46:18,014 [omNode-3@group-C0483FFA3DBE-SegmentedRaftLogWorker] INFO  segmented.BufferedWriteChannel (BufferedWriteChannel.java:open(61)) - open log_inprogress_412 at position 0
2025-07-15 19:46:18,015 [grpc-default-executor-2] WARN  server.GrpcLogAppender (LogUtils.java:warn(127)) - omNode-3@group-C0483FFA3DBE->omNode-2-AppendLogResponseHandler: Failed appendEntries: org.apache.ratis.thirdparty.io.grpc.StatusRuntimeException: UNAVAILABLE: io exception
  Caused by: org.apache.ratis.thirdparty.io.netty.channel.AbstractChannel$AnnotatedConnectException: connect(..) failed: Address family not supported by protocol: localhost/[0:0:0:0:0:0:0:1]:15013
  Caused by: java.net.ConnectException: connect(..) failed: Address family not supported by protocol
2025-07-15 19:46:18,015 [grpc-default-executor-2] WARN  server.GrpcLogAppender (GrpcLogAppender.java:lambda$resetClient$1(228)) - omNode-3@group-C0483FFA3DBE->omNode-2-GrpcLogAppender: Follower failed (request=null, errorCount=1); keep nextIndex (412) unchanged and retry.
2025-07-15 19:46:18,018 [grpc-default-executor-0] WARN  server.GrpcLogAppender (GrpcLogAppender.java:lambda$resetClient$1(228)) - omNode-3@group-C0483FFA3DBE->omNode-2-GrpcLogAppender: Follower failed (request=null, errorCount=3); keep nextIndex (413) unchanged and retry.
2025-07-15 19:46:18,022 [grpc-default-executor-1] INFO  ratis.OzoneManagerStateMachine (OzoneManagerStateMachine.java:notifyLeaderChanged(174)) - omNode-1@group-C0483FFA3DBE: leader changed to omNode-3
2025-07-15 19:46:18,022 [grpc-default-executor-1] INFO  server.RaftServer$Division (ServerState.java:setLeader(272)) - omNode-1@group-C0483FFA3DBE: change Leader from null to omNode-3 at term 5 for appendEntries, leader elected after 14ms
2025-07-15 19:46:18,022 [grpc-default-executor-0] INFO  server.RaftServer$Division (ServerState.java:setRaftConf(386)) - omNode-1@group-C0483FFA3DBE: set configuration conf: {index: 412, cur=peers:[omNode-3|localhost:15017, omNode-1|localhost:15009, omNode-2|localhost:15013]|listeners:[], old=null}
2025-07-15 19:46:18,022 [grpc-default-executor-0] INFO  segmented.SegmentedRaftLogWorker (SegmentedRaftLogWorker.java:rollLogSegment(445)) - omNode-1@group-C0483FFA3DBE-SegmentedRaftLogWorker: Rolling segment log-390_411 to index:411
2025-07-15 19:46:18,024 [omNode-1@group-C0483FFA3DBE-SegmentedRaftLogWorker] INFO  segmented.SegmentedRaftLogWorker (SegmentedRaftLogWorker.java:execute(604)) - omNode-1@group-C0483FFA3DBE-SegmentedRaftLogWorker: Rolled log segment from /home/runner/work/ozone/ozone/hadoop-ozone/integration-test/target/test-dir/MiniOzoneClusterImpl-0e8a6840-8092-433d-9bbe-2fd65d18bfc8/omNode-1/ratis/3bf88a72-722a-315e-b909-c0483ffa3dbe/current/log_inprogress_390 to /home/runner/work/ozone/ozone/hadoop-ozone/integration-test/target/test-dir/MiniOzoneClusterImpl-0e8a6840-8092-433d-9bbe-2fd65d18bfc8/omNode-1/ratis/3bf88a72-722a-315e-b909-c0483ffa3dbe/current/log_390-411
2025-07-15 19:46:18,024 [omNode-1@group-C0483FFA3DBE-SegmentedRaftLogWorker] INFO  segmented.BufferedWriteChannel (BufferedWriteChannel.java:open(61)) - open log_inprogress_412 at position 0
2025-07-15 19:46:18,024 [omNode-3@group-C0483FFA3DBE-SegmentedRaftLogWorker] INFO  segmented.SegmentedRaftLogWorker (SegmentedRaftLogWorker.java:execute(647)) - omNode-3@group-C0483FFA3DBE-SegmentedRaftLogWorker: created new log segment /home/runner/work/ozone/ozone/hadoop-ozone/integration-test/target/test-dir/MiniOzoneClusterImpl-0e8a6840-8092-433d-9bbe-2fd65d18bfc8/omNode-3/ratis/3bf88a72-722a-315e-b909-c0483ffa3dbe/current/log_inprogress_412
2025-07-15 19:46:18,034 [omNode-1@group-C0483FFA3DBE-SegmentedRaftLogWorker] INFO  segmented.SegmentedRaftLogWorker (SegmentedRaftLogWorker.java:execute(647)) - omNode-1@group-C0483FFA3DBE-SegmentedRaftLogWorker: created new log segment /home/runner/work/ozone/ozone/hadoop-ozone/integration-test/target/test-dir/MiniOzoneClusterImpl-0e8a6840-8092-433d-9bbe-2fd65d18bfc8/omNode-1/ratis/3bf88a72-722a-315e-b909-c0483ffa3dbe/current/log_inprogress_412
2025-07-15 19:46:18,036 [omNode-3@group-C0483FFA3DBE-StateMachineUpdater] INFO  ratis.OzoneManagerStateMachine (OzoneManagerStateMachine.java:notifyConfigurationChanged(236)) - notifyConfigurationChanged from Ratis: term=5, index=412, New Peer list: omNode-3(localhost:15017), omNode-1(localhost:15009), omNode-2(localhost:15013)
2025-07-15 19:46:18,036 [omNode-3@group-C0483FFA3DBE-StateMachineUpdater] INFO  server.RaftServer$Division (LeaderStateImpl.java:checkStartIndex(309)) - Leader omNode-3@group-C0483FFA3DBE-LeaderStateImpl is ready since appliedIndex == startIndex == 412
2025-07-15 19:46:18,051 [omNode-3-OMStateMachineApplyTransactionThread - 0] INFO  snapshot.OMSnapshotCreateRequest (OMSnapshotCreateRequest.java:validateAndUpdateCache(226)) - Created snapshot: '04882a4b-c8c3-4cf0-994b-71ac70e42ec2' with snapshotId: 'c9e1d6b7-71eb-489c-88ca-74d47cc46283' under path 'volume52664/bucket16659'
2025-07-15 19:46:18,083 [ForkJoinPool.commonPool-worker-2] INFO  db.RDBCheckpointManager (RDBCheckpointManager.java:createCheckpoint(87)) - Created checkpoint in rocksDB at /home/runner/work/ozone/ozone/hadoop-ozone/integration-test/target/test-dir/MiniOzoneClusterImpl-0e8a6840-8092-433d-9bbe-2fd65d18bfc8/omNode-3/db.snapshots/checkpointState/om.db-c9e1d6b7-71eb-489c-88ca-74d47cc46283 in 16 milliseconds
2025-07-15 19:46:18,084 [ForkJoinPool.commonPool-worker-2] INFO  om.OmSnapshotManager (OmSnapshotManager.java:createOmSnapshotCheckpoint(503)) - Created checkpoint : /home/runner/work/ozone/ozone/hadoop-ozone/integration-test/target/test-dir/MiniOzoneClusterImpl-0e8a6840-8092-433d-9bbe-2fd65d18bfc8/omNode-3/db.snapshots/checkpointState/om.db-c9e1d6b7-71eb-489c-88ca-74d47cc46283 for snapshot 04882a4b-c8c3-4cf0-994b-71ac70e42ec2
2025-07-15 19:46:18,198 [main] INFO  ozone.MiniOzoneHAClusterImpl (MiniOzoneHAClusterImpl.java:restartOzoneManager(221)) - Restarting OzoneManager omNode-2
2025-07-15 19:46:18,198 [main] INFO  om.OzoneManager (OzoneManager.java:restart(1911)) - OzoneManager RPC server is listening at localhost/127.0.0.1:15010
2025-07-15 19:46:18,199 [main] INFO  impl.MetricsSystemImpl (MetricsSystemImpl.java:init(158)) - OzoneManager metrics system started (again)
2025-07-15 19:46:18,220 [main] WARN  server.ServerUtils (ServerUtils.java:getDBPath(292)) - ozone.om.db.dirs is not configured. We recommend adding this setting. Falling back to ozone.metadata.dirs instead.
2025-07-15 19:46:18,302 [main] INFO  om.OzoneManager (OzoneManager.java:instantiateServices(925)) - S3 Multi-Tenancy is disabled
2025-07-15 19:46:18,303 [main] INFO  om.OmSnapshotManager (OmSnapshotManager.java:<init>(190)) - Ozone filesystem snapshot feature is enabled.
2025-07-15 19:46:18,303 [main] WARN  server.ServerUtils (ServerUtils.java:getDBPath(292)) - ozone.om.snapshot.diff.db.dir is not configured. We recommend adding this setting. Falling back to ozone.metadata.dirs instead.
2025-07-15 19:46:18,313 [main] INFO  utils.BackgroundService (BackgroundService.java:start(118)) - Starting service SnapshotDiffCleanupService with interval 60000 milliseconds
2025-07-15 19:46:18,316 [main] INFO  utils.BackgroundService (BackgroundService.java:start(118)) - Starting service KeyDeletingService with interval 1000 milliseconds
2025-07-15 19:46:18,316 [main] INFO  utils.BackgroundService (BackgroundService.java:start(118)) - Starting service DirectoryDeletingService with interval 120000 milliseconds
2025-07-15 19:46:18,317 [main] INFO  utils.BackgroundService (BackgroundService.java:start(118)) - Starting service OpenKeyCleanupService with interval 86400000 milliseconds
2025-07-15 19:46:18,318 [main] INFO  utils.BackgroundService (BackgroundService.java:start(118)) - Starting service SstFilteringService with interval 60000 milliseconds
2025-07-15 19:46:18,319 [main] INFO  utils.BackgroundService (BackgroundService.java:start(118)) - Starting service SnapshotDeletingService with interval 1000 milliseconds
2025-07-15 19:46:18,319 [omNode-2-SstFilteringService#0] WARN  server.ServerUtils (ServerUtils.java:getDBPath(292)) - ozone.om.db.dirs is not configured. We recommend adding this setting. Falling back to ozone.metadata.dirs instead.
2025-07-15 19:46:18,319 [main] INFO  utils.BackgroundService (BackgroundService.java:start(118)) - Starting service MultipartUploadCleanupService with interval 86400000 milliseconds
2025-07-15 19:46:18,319 [omNode-2-SstFilteringService#0] WARN  server.ServerUtils (ServerUtils.java:getDBPath(292)) - ozone.om.db.dirs is not configured. We recommend adding this setting. Falling back to ozone.metadata.dirs instead.
2025-07-15 19:46:18,320 [omNode-2-SstFilteringService#0] WARN  server.ServerUtils (ServerUtils.java:getDBPath(292)) - ozone.om.db.dirs is not configured. We recommend adding this setting. Falling back to ozone.metadata.dirs instead.
2025-07-15 19:46:18,320 [omNode-2-SstFilteringService#0] INFO  snapshot.SnapshotCache (SnapshotCache.java:lambda$2(204)) - Loading SnapshotId: '2ddf5476-c945-4ed0-988c-d6da0b4d567e'
2025-07-15 19:46:18,320 [omNode-2-SstFilteringService#0] WARN  server.ServerUtils (ServerUtils.java:getDBPath(292)) - ozone.om.db.dirs is not configured. We recommend adding this setting. Falling back to ozone.metadata.dirs instead.
2025-07-15 19:46:18,323 [main] WARN  dropwizard3.Dm3MetricRegistriesImpl (Dm3MetricRegistriesImpl.java:addReporterRegistration(114)) - New reporters are added after registries were created. Some metrics will be missing from the reporter. Please add reporter before adding any new registry.
2025-07-15 19:46:18,323 [main] WARN  dropwizard3.Dm3MetricRegistriesImpl (Dm3MetricRegistriesImpl.java:addReporterRegistration(114)) - New reporters are added after registries were created. Some metrics will be missing from the reporter. Please add reporter before adding any new registry.
2025-07-15 19:46:18,323 [main] WARN  server.ServerUtils (ServerUtils.java:getDefaultRatisDirectory(304)) - Storage directory for Ratis is not configured. It is a good idea to map this to an SSD disk. Falling back to ozone.metadata.dirs
2025-07-15 19:46:18,323 [main] INFO  server.RaftServerConfigKeys (ConfUtils.java:logGet(62)) - raft.server.log.appender.buffer.byte-limit = 4194304 (custom)
2025-07-15 19:46:18,326 [main] INFO  ratis.OzoneManagerRatisServer (OzoneManagerRatisServer.java:<init>(167)) - Instantiating OM Ratis server with groupID: om-service-test and peers: localhost:15013, localhost:15017, localhost:15009
2025-07-15 19:46:18,326 [main] INFO  ratis.OzoneManagerStateMachine (OzoneManagerStateMachine.java:loadSnapshotInfoFromDB(616)) - LastAppliedIndex is set from TransactionInfo from OM DB as (t:4, i:411)
2025-07-15 19:46:18,327 [main] INFO  grpc.GrpcConfigKeys (ConfUtils.java:logFallback(69)) - raft.grpc.admin.host = null (fallback to raft.grpc.server.host)
2025-07-15 19:46:18,327 [main] INFO  grpc.GrpcConfigKeys (ConfUtils.java:logFallback(69)) - raft.grpc.admin.port = 15013 (fallback to raft.grpc.server.port)
2025-07-15 19:46:18,327 [main] INFO  grpc.GrpcConfigKeys (ConfUtils.java:logFallback(69)) - raft.grpc.client.host = null (fallback to raft.grpc.server.host)
2025-07-15 19:46:18,327 [main] INFO  grpc.GrpcConfigKeys (ConfUtils.java:logFallback(69)) - raft.grpc.client.port = 15013 (fallback to raft.grpc.server.port)
2025-07-15 19:46:18,327 [main] INFO  grpc.GrpcConfigKeys (ConfUtils.java:logGet(62)) - raft.grpc.server.port = 15013 (custom)
2025-07-15 19:46:18,327 [main] INFO  server.GrpcServicesImpl (ConfUtils.java:logGet(62)) - raft.grpc.message.size.max = 5242880 (custom)
2025-07-15 19:46:18,327 [main] INFO  server.RaftServerConfigKeys (ConfUtils.java:logGet(62)) - raft.server.log.appender.buffer.byte-limit = 4194304 (custom)
2025-07-15 19:46:18,329 [main] INFO  server.RaftServerConfigKeys (ConfUtils.java:logGet(62)) - raft.server.storage.dir = [/home/runner/work/ozone/ozone/hadoop-ozone/integration-test/target/test-dir/MiniOzoneClusterImpl-0e8a6840-8092-433d-9bbe-2fd65d18bfc8/omNode-2/ratis] (custom)
2025-07-15 19:46:18,330 [omNode-2-impl-thread1] INFO  server.RaftServer (RaftServerProxy.java:initGroupDir(270)) - omNode-2: found a subdirectory /home/runner/work/ozone/ozone/hadoop-ozone/integration-test/target/test-dir/MiniOzoneClusterImpl-0e8a6840-8092-433d-9bbe-2fd65d18bfc8/omNode-2/ratis/3bf88a72-722a-315e-b909-c0483ffa3dbe
2025-07-15 19:46:18,330 [main] INFO  server.RaftServer (RaftServerProxy.java:addNew(105)) - omNode-2: addNew group-C0483FFA3DBE:[omNode-3|localhost:15017, omNode-1|localhost:15009, omNode-2|localhost:15013] returns group-C0483FFA3DBE:java.util.concurrent.CompletableFuture@7e2e2d7d[Not completed]
2025-07-15 19:46:18,330 [main] INFO  om.OzoneManager (OzoneManager.java:initializeRatisServer(2336)) - OzoneManager Ratis server initialized at port 15013
2025-07-15 19:46:18,330 [main] INFO  ratis.OzoneManagerRatisServer (OzoneManagerRatisServer.java:start(628)) - Starting OzoneManagerRatisServer omNode-2 at port 15013
2025-07-15 19:46:18,330 [omNode-2-groupManagement] INFO  server.RaftServer$Division (RaftServerImpl.java:<init>(268)) - omNode-2: new RaftServerImpl for group-C0483FFA3DBE:[omNode-3|localhost:15017, omNode-1|localhost:15009, omNode-2|localhost:15013] with OzoneManagerStateMachine:uninitialized
2025-07-15 19:46:18,331 [omNode-2-groupManagement] INFO  server.RaftServer$Division (ServerState.java:<init>(114)) - omNode-2@group-C0483FFA3DBE: ConfigurationManager, init=conf: {index: -1, cur=peers:[omNode-3|localhost:15017, omNode-1|localhost:15009, omNode-2|localhost:15013]|listeners:[], old=null}, confs=<EMPTY_MAP>
2025-07-15 19:46:18,337 [omNode-2-impl-thread1] INFO  storage.RaftStorageDirectory (RaftStorageDirectoryImpl.java:tryLock(229)) - Lock on /home/runner/work/ozone/ozone/hadoop-ozone/integration-test/target/test-dir/MiniOzoneClusterImpl-0e8a6840-8092-433d-9bbe-2fd65d18bfc8/omNode-2/ratis/3bf88a72-722a-315e-b909-c0483ffa3dbe/in_use.lock acquired by nodename 53370@localhost
2025-07-15 19:46:18,337 [omNode-2-impl-thread1] INFO  storage.RaftStorage (RaftStorageImpl.java:analyzeAndRecoverStorage(118)) - Read RaftStorageMetadata{term=4, votedFor=omNode-2} from /home/runner/work/ozone/ozone/hadoop-ozone/integration-test/target/test-dir/MiniOzoneClusterImpl-0e8a6840-8092-433d-9bbe-2fd65d18bfc8/omNode-2/ratis/3bf88a72-722a-315e-b909-c0483ffa3dbe/current/raft-meta
2025-07-15 19:46:18,338 [omNode-2-impl-thread1] INFO  server.RaftServer$Division (ServerState.java:setRaftConf(386)) - omNode-2@group-C0483FFA3DBE: set configuration conf: {index: 390, cur=peers:[omNode-3|localhost:15017, omNode-1|localhost:15009, omNode-2|localhost:15013]|listeners:[], old=null}
2025-07-15 19:46:18,338 [omNode-2-impl-thread1] INFO  ratis.OzoneManagerStateMachine (OzoneManagerStateMachine.java:lambda$0(138)) - omNode-2: initialize group-C0483FFA3DBE with (t:4, i:411)
2025-07-15 19:46:18,338 [omNode-2-impl-thread1] INFO  server.RaftServerConfigKeys (ConfUtils.java:logGet(62)) - raft.server.log.appender.buffer.byte-limit = 4194304 (custom)
2025-07-15 19:46:18,339 [omNode-2-impl-thread1] INFO  server.RaftServerConfigKeys (ConfUtils.java:logGet(62)) - raft.server.log.segment.size.max = 4194304 (custom)
2025-07-15 19:46:18,339 [omNode-2-impl-thread1] INFO  server.RaftServerConfigKeys (ConfUtils.java:logGet(62)) - raft.server.log.appender.buffer.byte-limit = 4194304 (custom)
2025-07-15 19:46:18,340 [omNode-2-impl-thread1] INFO  util.AwaitToRun (AwaitToRun.java:start(81)) - Thread[#15596,omNode-2@group-C0483FFA3DBE-cacheEviction-AwaitToRun,5,main] started
2025-07-15 19:46:18,340 [omNode-2-impl-thread1] INFO  segmented.SegmentedRaftLogWorker (SegmentedRaftLogWorker.java:<init>(190)) - new omNode-2@group-C0483FFA3DBE-SegmentedRaftLogWorker for RaftStorageImpl:Storage Directory /home/runner/work/ozone/ozone/hadoop-ozone/integration-test/target/test-dir/MiniOzoneClusterImpl-0e8a6840-8092-433d-9bbe-2fd65d18bfc8/omNode-2/ratis/3bf88a72-722a-315e-b909-c0483ffa3dbe
2025-07-15 19:46:18,340 [omNode-2-impl-thread1] INFO  server.RaftServerConfigKeys (ConfUtils.java:logGet(62)) - raft.server.log.segment.size.max = 4194304 (custom)
2025-07-15 19:46:18,340 [omNode-2-impl-thread1] INFO  server.RaftServerConfigKeys (ConfUtils.java:logGet(62)) - raft.server.log.preallocated.size = 4194304 (custom)
2025-07-15 19:46:18,340 [omNode-2-impl-thread1] INFO  server.RaftServerConfigKeys (ConfUtils.java:logGet(62)) - raft.server.log.write.buffer.size = 4194312 (custom)
2025-07-15 19:46:18,342 [omNode-2-impl-thread1] INFO  server.RaftServerConfigKeys (ConfUtils.java:logGet(62)) - raft.server.log.appender.buffer.byte-limit = 4194304 (custom)
2025-07-15 19:46:18,342 [omNode-2-impl-thread1] INFO  server.RaftServer$Division (ServerState.java:setRaftConf(386)) - omNode-2@group-C0483FFA3DBE: set configuration conf: {index: 0, cur=peers:[omNode-3|localhost:15017, omNode-1|localhost:15009, omNode-2|localhost:15013]|listeners:[], old=null}
2025-07-15 19:46:18,344 [omNode-2-impl-thread1] INFO  segmented.LogSegment (LogSegment.java:loadSegment(171)) - Successfully read 173 entries from segment file /home/runner/work/ozone/ozone/hadoop-ozone/integration-test/target/test-dir/MiniOzoneClusterImpl-0e8a6840-8092-433d-9bbe-2fd65d18bfc8/omNode-2/ratis/3bf88a72-722a-315e-b909-c0483ffa3dbe/current/log_0-172
2025-07-15 19:46:18,344 [omNode-2-impl-thread1] INFO  server.RaftServer$Division (ServerState.java:setRaftConf(386)) - omNode-2@group-C0483FFA3DBE: set configuration conf: {index: 173, cur=peers:[omNode-3|localhost:15017, omNode-1|localhost:15009, omNode-2|localhost:15013]|listeners:[], old=null}
2025-07-15 19:46:18,345 [omNode-2-impl-thread1] INFO  segmented.LogSegment (LogSegment.java:loadSegment(171)) - Successfully read 11 entries from segment file /home/runner/work/ozone/ozone/hadoop-ozone/integration-test/target/test-dir/MiniOzoneClusterImpl-0e8a6840-8092-433d-9bbe-2fd65d18bfc8/omNode-2/ratis/3bf88a72-722a-315e-b909-c0483ffa3dbe/current/log_173-183
2025-07-15 19:46:18,345 [omNode-2-impl-thread1] INFO  server.RaftServer$Division (ServerState.java:setRaftConf(386)) - omNode-2@group-C0483FFA3DBE: set configuration conf: {index: 184, cur=peers:[omNode-3|localhost:15017, omNode-1|localhost:15009, omNode-2|localhost:15013]|listeners:[], old=null}
2025-07-15 19:46:18,347 [omNode-2-impl-thread1] INFO  segmented.LogSegment (LogSegment.java:loadSegment(171)) - Successfully read 206 entries from segment file /home/runner/work/ozone/ozone/hadoop-ozone/integration-test/target/test-dir/MiniOzoneClusterImpl-0e8a6840-8092-433d-9bbe-2fd65d18bfc8/omNode-2/ratis/3bf88a72-722a-315e-b909-c0483ffa3dbe/current/log_184-389
2025-07-15 19:46:18,347 [omNode-2-impl-thread1] INFO  server.RaftServer$Division (ServerState.java:setRaftConf(386)) - omNode-2@group-C0483FFA3DBE: set configuration conf: {index: 390, cur=peers:[omNode-3|localhost:15017, omNode-1|localhost:15009, omNode-2|localhost:15013]|listeners:[], old=null}
2025-07-15 19:46:18,347 [omNode-2-impl-thread1] INFO  segmented.LogSegment (LogSegment.java:loadSegment(171)) - Successfully read 22 entries from segment file /home/runner/work/ozone/ozone/hadoop-ozone/integration-test/target/test-dir/MiniOzoneClusterImpl-0e8a6840-8092-433d-9bbe-2fd65d18bfc8/omNode-2/ratis/3bf88a72-722a-315e-b909-c0483ffa3dbe/current/log_inprogress_390
2025-07-15 19:46:18,347 [omNode-2-impl-thread1] INFO  segmented.SegmentedRaftLogWorker (SegmentedRaftLogWorker.java:lambda$new$0(141)) - omNode-2@group-C0483FFA3DBE-SegmentedRaftLogWorker: flushIndex: setUnconditionally 0 -> 411
2025-07-15 19:46:18,347 [omNode-2-impl-thread1] INFO  segmented.SegmentedRaftLogWorker (SegmentedRaftLogWorker.java:lambda$new$0(141)) - omNode-2@group-C0483FFA3DBE-SegmentedRaftLogWorker: safeCacheEvictIndex: setUnconditionally 0 -> 389
2025-07-15 19:46:18,347 [omNode-2-impl-thread1] INFO  segmented.BufferedWriteChannel (BufferedWriteChannel.java:open(61)) - open log_inprogress_390 (append) at position 14918
2025-07-15 19:46:18,348 [omNode-2-impl-thread1] INFO  server.RaftServer$Division (RaftServerImpl.java:start(405)) - omNode-2@group-C0483FFA3DBE: start as a follower, conf=conf: {index: 390, cur=peers:[omNode-3|localhost:15017, omNode-1|localhost:15009, omNode-2|localhost:15013]|listeners:[], old=null}
2025-07-15 19:46:18,348 [omNode-2-impl-thread1] INFO  server.RaftServer$Division (RaftServerImpl.java:setRole(392)) - omNode-2@group-C0483FFA3DBE: changes role from      null to FOLLOWER at term 4 for startAsFollower
2025-07-15 19:46:18,348 [omNode-2-impl-thread1] INFO  impl.RoleInfo (RoleInfo.java:updateAndGet(148)) - omNode-2: start omNode-2@group-C0483FFA3DBE-FollowerState
2025-07-15 19:46:18,348 [omNode-2@group-C0483FFA3DBE-FollowerState] INFO  server.RaftServerConfigKeys (ConfUtils.java:logFallback(69)) - raft.server.rpc.first-election.timeout.min = 1s (fallback to raft.server.rpc.timeout.min)
2025-07-15 19:46:18,348 [omNode-2@group-C0483FFA3DBE-FollowerState] INFO  server.RaftServerConfigKeys (ConfUtils.java:logFallback(69)) - raft.server.rpc.first-election.timeout.max = 1200ms (fallback to raft.server.rpc.timeout.max)
2025-07-15 19:46:18,349 [omNode-2-impl-thread1] INFO  util.JmxRegister (JmxRegister.java:tryRegister(44)) - Successfully registered JMX Bean with object name Ratis:service=RaftServer,group=group-C0483FFA3DBE,id=omNode-2
2025-07-15 19:46:18,349 [omNode-2-impl-thread1] INFO  util.JmxRegister (JmxRegister.java:register(58)) - register mxBean class org.apache.ratis.server.impl.RaftServerJmxAdapter as Ratis:service=RaftServer,group=group-C0483FFA3DBE,id=omNode-2
2025-07-15 19:46:18,349 [omNode-2-impl-thread1] INFO  server.RaftServer$Division (RaftServerImpl.java:start(419)) - omNode-2@group-C0483FFA3DBE: Successfully started.
2025-07-15 19:46:18,349 [main] INFO  server.RaftServer (RaftServerProxy.java:startImpl(412)) - omNode-2: start RPC server
2025-07-15 19:46:18,351 [main] INFO  server.GrpcServicesImpl (GrpcServicesImpl.java:startImpl(346)) - omNode-2: GrpcServicesImpl started, listening on 15013
2025-07-15 19:46:18,351 [main] INFO  om.OzoneManager (OzoneManager.java:getRpcServer(1388)) - Creating RPC Server
2025-07-15 19:46:18,352 [JvmPauseMonitor11] INFO  util.JvmPauseMonitor (JvmPauseMonitor.java:run(146)) - JvmPauseMonitor-omNode-2: Started
2025-07-15 19:46:18,360 [omNode-2-SstFilteringService#0] INFO  db.RocksDatabase (RocksDatabase.java:deleteFilesNotMatchingPrefix(870)) - Deleting sst file: /000077.sst with start key: /-9223372036854773504/-9223372036854773248/-9223372036854773248/key-0486940199 and end key: /-9223372036854773504/-9223372036854773248/-9223372036854773248/key-0486940199 corresponding to column family fileTable from db: /home/runner/work/ozone/ozone/hadoop-ozone/integration-test/target/test-dir/MiniOzoneClusterImpl-0e8a6840-8092-433d-9bbe-2fd65d18bfc8/omNode-2/db.snapshots/checkpointState/om.db-2ddf5476-c945-4ed0-988c-d6da0b4d567e. Prefix for the column family: /-9223372036854772480/-9223372036854772224/.
2025-07-15 19:46:18,364 [omNode-2-SstFilteringService#0] INFO  db.RocksDatabase (RocksDatabase.java:deleteFilesNotMatchingPrefix(870)) - Deleting sst file: /000070.sst with start key: /-9223372036854774016/-9223372036854773760/-9223372036854773760/key-0365758073 and end key: /-9223372036854774016/-9223372036854773760/-9223372036854773760/key-0365758073 corresponding to column family fileTable from db: /home/runner/work/ozone/ozone/hadoop-ozone/integration-test/target/test-dir/MiniOzoneClusterImpl-0e8a6840-8092-433d-9bbe-2fd65d18bfc8/omNode-2/db.snapshots/checkpointState/om.db-2ddf5476-c945-4ed0-988c-d6da0b4d567e. Prefix for the column family: /-9223372036854772480/-9223372036854772224/.
2025-07-15 19:46:18,365 [omNode-2-SstFilteringService#0] INFO  db.RocksDatabase (RocksDatabase.java:deleteFilesNotMatchingPrefix(870)) - Deleting sst file: /000064.sst with start key: /-9223372036854774528/-9223372036854774272/-9223372036854774272/key-1378826234 and end key: /-9223372036854774528/-9223372036854774272/-9223372036854774272/key-1378826234 corresponding to column family fileTable from db: /home/runner/work/ozone/ozone/hadoop-ozone/integration-test/target/test-dir/MiniOzoneClusterImpl-0e8a6840-8092-433d-9bbe-2fd65d18bfc8/omNode-2/db.snapshots/checkpointState/om.db-2ddf5476-c945-4ed0-988c-d6da0b4d567e. Prefix for the column family: /-9223372036854772480/-9223372036854772224/.
2025-07-15 19:46:18,366 [omNode-2-SstFilteringService#0] INFO  db.RocksDatabase (RocksDatabase.java:deleteFilesNotMatchingPrefix(870)) - Deleting sst file: /000057.sst with start key: /-9223372036854775040/-9223372036854774784/-9223372036854774784/key-5363736728 and end key: /-9223372036854775040/-9223372036854774784/-9223372036854774784/key-5363736728 corresponding to column family fileTable from db: /home/runner/work/ozone/ozone/hadoop-ozone/integration-test/target/test-dir/MiniOzoneClusterImpl-0e8a6840-8092-433d-9bbe-2fd65d18bfc8/omNode-2/db.snapshots/checkpointState/om.db-2ddf5476-c945-4ed0-988c-d6da0b4d567e. Prefix for the column family: /-9223372036854772480/-9223372036854772224/.
2025-07-15 19:46:18,369 [omNode-2-SstFilteringService#0] WARN  server.ServerUtils (ServerUtils.java:getDBPath(292)) - ozone.om.db.dirs is not configured. We recommend adding this setting. Falling back to ozone.metadata.dirs instead.
2025-07-15 19:46:18,369 [omNode-2-SstFilteringService#0] WARN  server.ServerUtils (ServerUtils.java:getDBPath(292)) - ozone.om.db.dirs is not configured. We recommend adding this setting. Falling back to ozone.metadata.dirs instead.
2025-07-15 19:46:18,374 [omNode-2-SstFilteringService#0] INFO  snapshot.SnapshotCache (SnapshotCache.java:lambda$2(204)) - Loading SnapshotId: '5c3bdced-399f-4720-b03a-a7488aee9355'
2025-07-15 19:46:18,374 [omNode-2-SstFilteringService#0] WARN  server.ServerUtils (ServerUtils.java:getDBPath(292)) - ozone.om.db.dirs is not configured. We recommend adding this setting. Falling back to ozone.metadata.dirs instead.
2025-07-15 19:46:18,432 [omNode-2-SstFilteringService#0] INFO  db.RocksDatabase (RocksDatabase.java:deleteFilesNotMatchingPrefix(870)) - Deleting sst file: /000181.sst with start key: /-9223372036854770432/-9223372036854770176/-9223372036854770176/key-5073748170 and end key: /-9223372036854770432/-9223372036854770176/-9223372036854770176/key-5073748170 corresponding to column family fileTable from db: /home/runner/work/ozone/ozone/hadoop-ozone/integration-test/target/test-dir/MiniOzoneClusterImpl-0e8a6840-8092-433d-9bbe-2fd65d18bfc8/omNode-2/db.snapshots/checkpointState/om.db-5c3bdced-399f-4720-b03a-a7488aee9355. Prefix for the column family: /-9223372036854772480/-9223372036854772224/.
2025-07-15 19:46:18,433 [omNode-2-SstFilteringService#0] INFO  db.RocksDatabase (RocksDatabase.java:deleteFilesNotMatchingPrefix(870)) - Deleting sst file: /000245.sst with start key: /-9223372036854770432/-9223372036854770176/-9223372036854770176/key-8553103625 and end key: /-9223372036854770432/-9223372036854770176/-9223372036854770176/key-8553103625 corresponding to column family fileTable from db: /home/runner/work/ozone/ozone/hadoop-ozone/integration-test/target/test-dir/MiniOzoneClusterImpl-0e8a6840-8092-433d-9bbe-2fd65d18bfc8/omNode-2/db.snapshots/checkpointState/om.db-5c3bdced-399f-4720-b03a-a7488aee9355. Prefix for the column family: /-9223372036854772480/-9223372036854772224/.
2025-07-15 19:46:18,435 [omNode-2-SstFilteringService#0] INFO  db.RocksDatabase (RocksDatabase.java:deleteFilesNotMatchingPrefix(870)) - Deleting sst file: /000115.sst with start key: /-9223372036854770432/-9223372036854770176/-9223372036854770176/key-9043621183 and end key: /-9223372036854770432/-9223372036854770176/-9223372036854770176/key-9043621183 corresponding to column family fileTable from db: /home/runner/work/ozone/ozone/hadoop-ozone/integration-test/target/test-dir/MiniOzoneClusterImpl-0e8a6840-8092-433d-9bbe-2fd65d18bfc8/omNode-2/db.snapshots/checkpointState/om.db-5c3bdced-399f-4720-b03a-a7488aee9355. Prefix for the column family: /-9223372036854772480/-9223372036854772224/.
2025-07-15 19:46:18,436 [omNode-2-SstFilteringService#0] INFO  db.RocksDatabase (RocksDatabase.java:deleteFilesNotMatchingPrefix(870)) - Deleting sst file: /000310.sst with start key: /-9223372036854770432/-9223372036854770176/-9223372036854770176/key-9963070430 and end key: /-9223372036854770432/-9223372036854770176/-9223372036854770176/key-9963070430 corresponding to column family fileTable from db: /home/runner/work/ozone/ozone/hadoop-ozone/integration-test/target/test-dir/MiniOzoneClusterImpl-0e8a6840-8092-433d-9bbe-2fd65d18bfc8/omNode-2/db.snapshots/checkpointState/om.db-5c3bdced-399f-4720-b03a-a7488aee9355. Prefix for the column family: /-9223372036854772480/-9223372036854772224/.
2025-07-15 19:46:18,438 [omNode-2-SstFilteringService#0] INFO  db.RocksDatabase (RocksDatabase.java:deleteFilesNotMatchingPrefix(870)) - Deleting sst file: /000239.sst with start key: /-9223372036854770944/-9223372036854770688/-9223372036854770688/key-1587099505 and end key: /-9223372036854770944/-9223372036854770688/-9223372036854770688/key-1587099505 corresponding to column family fileTable from db: /home/runner/work/ozone/ozone/hadoop-ozone/integration-test/target/test-dir/MiniOzoneClusterImpl-0e8a6840-8092-433d-9bbe-2fd65d18bfc8/omNode-2/db.snapshots/checkpointState/om.db-5c3bdced-399f-4720-b03a-a7488aee9355. Prefix for the column family: /-9223372036854772480/-9223372036854772224/.
2025-07-15 19:46:18,439 [omNode-2-SstFilteringService#0] INFO  db.RocksDatabase (RocksDatabase.java:deleteFilesNotMatchingPrefix(870)) - Deleting sst file: /000173.sst with start key: /-9223372036854770944/-9223372036854770688/-9223372036854770688/key-2850657364 and end key: /-9223372036854770944/-9223372036854770688/-9223372036854770688/key-2850657364 corresponding to column family fileTable from db: /home/runner/work/ozone/ozone/hadoop-ozone/integration-test/target/test-dir/MiniOzoneClusterImpl-0e8a6840-8092-433d-9bbe-2fd65d18bfc8/omNode-2/db.snapshots/checkpointState/om.db-5c3bdced-399f-4720-b03a-a7488aee9355. Prefix for the column family: /-9223372036854772480/-9223372036854772224/.
2025-07-15 19:46:18,441 [omNode-2-SstFilteringService#0] INFO  db.RocksDatabase (RocksDatabase.java:deleteFilesNotMatchingPrefix(870)) - Deleting sst file: /000303.sst with start key: /-9223372036854770944/-9223372036854770688/-9223372036854770688/key-3792015933 and end key: /-9223372036854770944/-9223372036854770688/-9223372036854770688/key-3792015933 corresponding to column family fileTable from db: /home/runner/work/ozone/ozone/hadoop-ozone/integration-test/target/test-dir/MiniOzoneClusterImpl-0e8a6840-8092-433d-9bbe-2fd65d18bfc8/omNode-2/db.snapshots/checkpointState/om.db-5c3bdced-399f-4720-b03a-a7488aee9355. Prefix for the column family: /-9223372036854772480/-9223372036854772224/.
2025-07-15 19:46:18,443 [omNode-2-SstFilteringService#0] INFO  db.RocksDatabase (RocksDatabase.java:deleteFilesNotMatchingPrefix(870)) - Deleting sst file: /000109.sst with start key: /-9223372036854770944/-9223372036854770688/-9223372036854770688/key-7542161474 and end key: /-9223372036854770944/-9223372036854770688/-9223372036854770688/key-7542161474 corresponding to column family fileTable from db: /home/runner/work/ozone/ozone/hadoop-ozone/integration-test/target/test-dir/MiniOzoneClusterImpl-0e8a6840-8092-433d-9bbe-2fd65d18bfc8/omNode-2/db.snapshots/checkpointState/om.db-5c3bdced-399f-4720-b03a-a7488aee9355. Prefix for the column family: /-9223372036854772480/-9223372036854772224/.
2025-07-15 19:46:18,444 [omNode-2-SstFilteringService#0] INFO  db.RocksDatabase (RocksDatabase.java:deleteFilesNotMatchingPrefix(870)) - Deleting sst file: /000167.sst with start key: /-9223372036854771456/-9223372036854771200/-9223372036854771200/key-0325046774 and end key: /-9223372036854771456/-9223372036854771200/-9223372036854771200/key-0325046774 corresponding to column family fileTable from db: /home/runner/work/ozone/ozone/hadoop-ozone/integration-test/target/test-dir/MiniOzoneClusterImpl-0e8a6840-8092-433d-9bbe-2fd65d18bfc8/omNode-2/db.snapshots/checkpointState/om.db-5c3bdced-399f-4720-b03a-a7488aee9355. Prefix for the column family: /-9223372036854772480/-9223372036854772224/.
2025-07-15 19:46:18,446 [omNode-2-SstFilteringService#0] INFO  db.RocksDatabase (RocksDatabase.java:deleteFilesNotMatchingPrefix(870)) - Deleting sst file: /000103.sst with start key: /-9223372036854771456/-9223372036854771200/-9223372036854771200/key-3058113169 and end key: /-9223372036854771456/-9223372036854771200/-9223372036854771200/key-3058113169 corresponding to column family fileTable from db: /home/runner/work/ozone/ozone/hadoop-ozone/integration-test/target/test-dir/MiniOzoneClusterImpl-0e8a6840-8092-433d-9bbe-2fd65d18bfc8/omNode-2/db.snapshots/checkpointState/om.db-5c3bdced-399f-4720-b03a-a7488aee9355. Prefix for the column family: /-9223372036854772480/-9223372036854772224/.
2025-07-15 19:46:18,456 [omNode-2-SstFilteringService#0] INFO  db.RocksDatabase (RocksDatabase.java:deleteFilesNotMatchingPrefix(870)) - Deleting sst file: /000297.sst with start key: /-9223372036854771456/-9223372036854771200/-9223372036854771200/key-8741245953 and end key: /-9223372036854771456/-9223372036854771200/-9223372036854771200/key-8741245953 corresponding to column family fileTable from db: /home/runner/work/ozone/ozone/hadoop-ozone/integration-test/target/test-dir/MiniOzoneClusterImpl-0e8a6840-8092-433d-9bbe-2fd65d18bfc8/omNode-2/db.snapshots/checkpointState/om.db-5c3bdced-399f-4720-b03a-a7488aee9355. Prefix for the column family: /-9223372036854772480/-9223372036854772224/.
2025-07-15 19:46:18,457 [omNode-2-SstFilteringService#0] INFO  db.RocksDatabase (RocksDatabase.java:deleteFilesNotMatchingPrefix(870)) - Deleting sst file: /000232.sst with start key: /-9223372036854771456/-9223372036854771200/-9223372036854771200/key-9501142286 and end key: /-9223372036854771456/-9223372036854771200/-9223372036854771200/key-9501142286 corresponding to column family fileTable from db: /home/runner/work/ozone/ozone/hadoop-ozone/integration-test/target/test-dir/MiniOzoneClusterImpl-0e8a6840-8092-433d-9bbe-2fd65d18bfc8/omNode-2/db.snapshots/checkpointState/om.db-5c3bdced-399f-4720-b03a-a7488aee9355. Prefix for the column family: /-9223372036854772480/-9223372036854772224/.
2025-07-15 19:46:18,460 [omNode-2-SstFilteringService#0] INFO  db.RocksDatabase (RocksDatabase.java:deleteFilesNotMatchingPrefix(870)) - Deleting sst file: /000291.sst with start key: /-9223372036854771968/-9223372036854771712/-9223372036854771712/key-2011038349 and end key: /-9223372036854771968/-9223372036854771712/-9223372036854771712/key-2011038349 corresponding to column family fileTable from db: /home/runner/work/ozone/ozone/hadoop-ozone/integration-test/target/test-dir/MiniOzoneClusterImpl-0e8a6840-8092-433d-9bbe-2fd65d18bfc8/omNode-2/db.snapshots/checkpointState/om.db-5c3bdced-399f-4720-b03a-a7488aee9355. Prefix for the column family: /-9223372036854772480/-9223372036854772224/.
2025-07-15 19:46:18,462 [omNode-2-SstFilteringService#0] INFO  db.RocksDatabase (RocksDatabase.java:deleteFilesNotMatchingPrefix(870)) - Deleting sst file: /000161.sst with start key: /-9223372036854771968/-9223372036854771712/-9223372036854771712/key-5499515943 and end key: /-9223372036854771968/-9223372036854771712/-9223372036854771712/key-5499515943 corresponding to column family fileTable from db: /home/runner/work/ozone/ozone/hadoop-ozone/integration-test/target/test-dir/MiniOzoneClusterImpl-0e8a6840-8092-433d-9bbe-2fd65d18bfc8/omNode-2/db.snapshots/checkpointState/om.db-5c3bdced-399f-4720-b03a-a7488aee9355. Prefix for the column family: /-9223372036854772480/-9223372036854772224/.
2025-07-15 19:46:18,464 [omNode-2-SstFilteringService#0] INFO  db.RocksDatabase (RocksDatabase.java:deleteFilesNotMatchingPrefix(870)) - Deleting sst file: /000095.sst with start key: /-9223372036854771968/-9223372036854771712/-9223372036854771712/key-5913089270 and end key: /-9223372036854771968/-9223372036854771712/-9223372036854771712/key-5913089270 corresponding to column family fileTable from db: /home/runner/work/ozone/ozone/hadoop-ozone/integration-test/target/test-dir/MiniOzoneClusterImpl-0e8a6840-8092-433d-9bbe-2fd65d18bfc8/omNode-2/db.snapshots/checkpointState/om.db-5c3bdced-399f-4720-b03a-a7488aee9355. Prefix for the column family: /-9223372036854772480/-9223372036854772224/.
2025-07-15 19:46:18,465 [omNode-2-SstFilteringService#0] INFO  db.RocksDatabase (RocksDatabase.java:deleteFilesNotMatchingPrefix(870)) - Deleting sst file: /000225.sst with start key: /-9223372036854771968/-9223372036854771712/-9223372036854771712/key-6258498644 and end key: /-9223372036854771968/-9223372036854771712/-9223372036854771712/key-6258498644 corresponding to column family fileTable from db: /home/runner/work/ozone/ozone/hadoop-ozone/integration-test/target/test-dir/MiniOzoneClusterImpl-0e8a6840-8092-433d-9bbe-2fd65d18bfc8/omNode-2/db.snapshots/checkpointState/om.db-5c3bdced-399f-4720-b03a-a7488aee9355. Prefix for the column family: /-9223372036854772480/-9223372036854772224/.
2025-07-15 19:46:18,469 [omNode-2-SstFilteringService#0] INFO  db.RocksDatabase (RocksDatabase.java:deleteFilesNotMatchingPrefix(870)) - Deleting sst file: /000213.sst with start key: /-9223372036854772992/-9223372036854772736/-9223372036854772736/key-7030822597 and end key: /-9223372036854772992/-9223372036854772736/-9223372036854772736/key-7030822597 corresponding to column family fileTable from db: /home/runner/work/ozone/ozone/hadoop-ozone/integration-test/target/test-dir/MiniOzoneClusterImpl-0e8a6840-8092-433d-9bbe-2fd65d18bfc8/omNode-2/db.snapshots/checkpointState/om.db-5c3bdced-399f-4720-b03a-a7488aee9355. Prefix for the column family: /-9223372036854772480/-9223372036854772224/.
2025-07-15 19:46:18,471 [omNode-2-SstFilteringService#0] INFO  db.RocksDatabase (RocksDatabase.java:deleteFilesNotMatchingPrefix(870)) - Deleting sst file: /000147.sst with start key: /-9223372036854772992/-9223372036854772736/-9223372036854772736/key-7207243133 and end key: /-9223372036854772992/-9223372036854772736/-9223372036854772736/key-7207243133 corresponding to column family fileTable from db: /home/runner/work/ozone/ozone/hadoop-ozone/integration-test/target/test-dir/MiniOzoneClusterImpl-0e8a6840-8092-433d-9bbe-2fd65d18bfc8/omNode-2/db.snapshots/checkpointState/om.db-5c3bdced-399f-4720-b03a-a7488aee9355. Prefix for the column family: /-9223372036854772480/-9223372036854772224/.
2025-07-15 19:46:18,472 [omNode-2-SstFilteringService#0] INFO  db.RocksDatabase (RocksDatabase.java:deleteFilesNotMatchingPrefix(870)) - Deleting sst file: /000277.sst with start key: /-9223372036854772992/-9223372036854772736/-9223372036854772736/key-7809216442 and end key: /-9223372036854772992/-9223372036854772736/-9223372036854772736/key-7809216442 corresponding to column family fileTable from db: /home/runner/work/ozone/ozone/hadoop-ozone/integration-test/target/test-dir/MiniOzoneClusterImpl-0e8a6840-8092-433d-9bbe-2fd65d18bfc8/omNode-2/db.snapshots/checkpointState/om.db-5c3bdced-399f-4720-b03a-a7488aee9355. Prefix for the column family: /-9223372036854772480/-9223372036854772224/.
2025-07-15 19:46:18,474 [omNode-2-SstFilteringService#0] INFO  db.RocksDatabase (RocksDatabase.java:deleteFilesNotMatchingPrefix(870)) - Deleting sst file: /000083.sst with start key: /-9223372036854772992/-9223372036854772736/-9223372036854772736/key-9706630429 and end key: /-9223372036854772992/-9223372036854772736/-9223372036854772736/key-9706630429 corresponding to column family fileTable from db: /home/runner/work/ozone/ozone/hadoop-ozone/integration-test/target/test-dir/MiniOzoneClusterImpl-0e8a6840-8092-433d-9bbe-2fd65d18bfc8/omNode-2/db.snapshots/checkpointState/om.db-5c3bdced-399f-4720-b03a-a7488aee9355. Prefix for the column family: /-9223372036854772480/-9223372036854772224/.
2025-07-15 19:46:18,475 [omNode-2-SstFilteringService#0] INFO  db.RocksDatabase (RocksDatabase.java:deleteFilesNotMatchingPrefix(870)) - Deleting sst file: /000077.sst with start key: /-9223372036854773504/-9223372036854773248/-9223372036854773248/key-0486940199 and end key: /-9223372036854773504/-9223372036854773248/-9223372036854773248/key-0486940199 corresponding to column family fileTable from db: /home/runner/work/ozone/ozone/hadoop-ozone/integration-test/target/test-dir/MiniOzoneClusterImpl-0e8a6840-8092-433d-9bbe-2fd65d18bfc8/omNode-2/db.snapshots/checkpointState/om.db-5c3bdced-399f-4720-b03a-a7488aee9355. Prefix for the column family: /-9223372036854772480/-9223372036854772224/.
2025-07-15 19:46:18,477 [omNode-2-SstFilteringService#0] INFO  db.RocksDatabase (RocksDatabase.java:deleteFilesNotMatchingPrefix(870)) - Deleting sst file: /000207.sst with start key: /-9223372036854773504/-9223372036854773248/-9223372036854773248/key-2481728860 and end key: /-9223372036854773504/-9223372036854773248/-9223372036854773248/key-2481728860 corresponding to column family fileTable from db: /home/runner/work/ozone/ozone/hadoop-ozone/integration-test/target/test-dir/MiniOzoneClusterImpl-0e8a6840-8092-433d-9bbe-2fd65d18bfc8/omNode-2/db.snapshots/checkpointState/om.db-5c3bdced-399f-4720-b03a-a7488aee9355. Prefix for the column family: /-9223372036854772480/-9223372036854772224/.
2025-07-15 19:46:18,478 [omNode-2-SstFilteringService#0] INFO  db.RocksDatabase (RocksDatabase.java:deleteFilesNotMatchingPrefix(870)) - Deleting sst file: /000141.sst with start key: /-9223372036854773504/-9223372036854773248/-9223372036854773248/key-3949744774 and end key: /-9223372036854773504/-9223372036854773248/-9223372036854773248/key-3949744774 corresponding to column family fileTable from db: /home/runner/work/ozone/ozone/hadoop-ozone/integration-test/target/test-dir/MiniOzoneClusterImpl-0e8a6840-8092-433d-9bbe-2fd65d18bfc8/omNode-2/db.snapshots/checkpointState/om.db-5c3bdced-399f-4720-b03a-a7488aee9355. Prefix for the column family: /-9223372036854772480/-9223372036854772224/.
2025-07-15 19:46:18,480 [omNode-2-SstFilteringService#0] INFO  db.RocksDatabase (RocksDatabase.java:deleteFilesNotMatchingPrefix(870)) - Deleting sst file: /000271.sst with start key: /-9223372036854773504/-9223372036854773248/-9223372036854773248/key-9716042024 and end key: /-9223372036854773504/-9223372036854773248/-9223372036854773248/key-9716042024 corresponding to column family fileTable from db: /home/runner/work/ozone/ozone/hadoop-ozone/integration-test/target/test-dir/MiniOzoneClusterImpl-0e8a6840-8092-433d-9bbe-2fd65d18bfc8/omNode-2/db.snapshots/checkpointState/om.db-5c3bdced-399f-4720-b03a-a7488aee9355. Prefix for the column family: /-9223372036854772480/-9223372036854772224/.
2025-07-15 19:46:18,482 [omNode-2-SstFilteringService#0] INFO  db.RocksDatabase (RocksDatabase.java:deleteFilesNotMatchingPrefix(870)) - Deleting sst file: /000070.sst with start key: /-9223372036854774016/-9223372036854773760/-9223372036854773760/key-0365758073 and end key: /-9223372036854774016/-9223372036854773760/-9223372036854773760/key-0365758073 corresponding to column family fileTable from db: /home/runner/work/ozone/ozone/hadoop-ozone/integration-test/target/test-dir/MiniOzoneClusterImpl-0e8a6840-8092-433d-9bbe-2fd65d18bfc8/omNode-2/db.snapshots/checkpointState/om.db-5c3bdced-399f-4720-b03a-a7488aee9355. Prefix for the column family: /-9223372036854772480/-9223372036854772224/.
2025-07-15 19:46:18,483 [omNode-2-SstFilteringService#0] INFO  db.RocksDatabase (RocksDatabase.java:deleteFilesNotMatchingPrefix(870)) - Deleting sst file: /000199.sst with start key: /-9223372036854774016/-9223372036854773760/-9223372036854773760/key-1511742050 and end key: /-9223372036854774016/-9223372036854773760/-9223372036854773760/key-1511742050 corresponding to column family fileTable from db: /home/runner/work/ozone/ozone/hadoop-ozone/integration-test/target/test-dir/MiniOzoneClusterImpl-0e8a6840-8092-433d-9bbe-2fd65d18bfc8/omNode-2/db.snapshots/checkpointState/om.db-5c3bdced-399f-4720-b03a-a7488aee9355. Prefix for the column family: /-9223372036854772480/-9223372036854772224/.
2025-07-15 19:46:18,485 [omNode-2-SstFilteringService#0] INFO  db.RocksDatabase (RocksDatabase.java:deleteFilesNotMatchingPrefix(870)) - Deleting sst file: /000265.sst with start key: /-9223372036854774016/-9223372036854773760/-9223372036854773760/key-6168661770 and end key: /-9223372036854774016/-9223372036854773760/-9223372036854773760/key-6168661770 corresponding to column family fileTable from db: /home/runner/work/ozone/ozone/hadoop-ozone/integration-test/target/test-dir/MiniOzoneClusterImpl-0e8a6840-8092-433d-9bbe-2fd65d18bfc8/omNode-2/db.snapshots/checkpointState/om.db-5c3bdced-399f-4720-b03a-a7488aee9355. Prefix for the column family: /-9223372036854772480/-9223372036854772224/.
2025-07-15 19:46:18,486 [omNode-2-SstFilteringService#0] INFO  db.RocksDatabase (RocksDatabase.java:deleteFilesNotMatchingPrefix(870)) - Deleting sst file: /000135.sst with start key: /-9223372036854774016/-9223372036854773760/-9223372036854773760/key-8908999555 and end key: /-9223372036854774016/-9223372036854773760/-9223372036854773760/key-8908999555 corresponding to column family fileTable from db: /home/runner/work/ozone/ozone/hadoop-ozone/integration-test/target/test-dir/MiniOzoneClusterImpl-0e8a6840-8092-433d-9bbe-2fd65d18bfc8/omNode-2/db.snapshots/checkpointState/om.db-5c3bdced-399f-4720-b03a-a7488aee9355. Prefix for the column family: /-9223372036854772480/-9223372036854772224/.
2025-07-15 19:46:18,488 [omNode-2-SstFilteringService#0] INFO  db.RocksDatabase (RocksDatabase.java:deleteFilesNotMatchingPrefix(870)) - Deleting sst file: /000064.sst with start key: /-9223372036854774528/-9223372036854774272/-9223372036854774272/key-1378826234 and end key: /-9223372036854774528/-9223372036854774272/-9223372036854774272/key-1378826234 corresponding to column family fileTable from db: /home/runner/work/ozone/ozone/hadoop-ozone/integration-test/target/test-dir/MiniOzoneClusterImpl-0e8a6840-8092-433d-9bbe-2fd65d18bfc8/omNode-2/db.snapshots/checkpointState/om.db-5c3bdced-399f-4720-b03a-a7488aee9355. Prefix for the column family: /-9223372036854772480/-9223372036854772224/.
2025-07-15 19:46:18,489 [omNode-2-SstFilteringService#0] INFO  db.RocksDatabase (RocksDatabase.java:deleteFilesNotMatchingPrefix(870)) - Deleting sst file: /000323.sst with start key: /-9223372036854774528/-9223372036854774272/-9223372036854774272/key-4053834752 and end key: /-9223372036854774528/-9223372036854774272/-9223372036854774272/key-4053834752 corresponding to column family fileTable from db: /home/runner/work/ozone/ozone/hadoop-ozone/integration-test/target/test-dir/MiniOzoneClusterImpl-0e8a6840-8092-433d-9bbe-2fd65d18bfc8/omNode-2/db.snapshots/checkpointState/om.db-5c3bdced-399f-4720-b03a-a7488aee9355. Prefix for the column family: /-9223372036854772480/-9223372036854772224/.
2025-07-15 19:46:18,490 [omNode-2-SstFilteringService#0] INFO  db.RocksDatabase (RocksDatabase.java:deleteFilesNotMatchingPrefix(870)) - Deleting sst file: /000129.sst with start key: /-9223372036854774528/-9223372036854774272/-9223372036854774272/key-7197450491 and end key: /-9223372036854774528/-9223372036854774272/-9223372036854774272/key-7197450491 corresponding to column family fileTable from db: /home/runner/work/ozone/ozone/hadoop-ozone/integration-test/target/test-dir/MiniOzoneClusterImpl-0e8a6840-8092-433d-9bbe-2fd65d18bfc8/omNode-2/db.snapshots/checkpointState/om.db-5c3bdced-399f-4720-b03a-a7488aee9355. Prefix for the column family: /-9223372036854772480/-9223372036854772224/.
2025-07-15 19:46:18,492 [omNode-2-SstFilteringService#0] INFO  db.RocksDatabase (RocksDatabase.java:deleteFilesNotMatchingPrefix(870)) - Deleting sst file: /000258.sst with start key: /-9223372036854774528/-9223372036854774272/-9223372036854774272/key-8310789266 and end key: /-9223372036854774528/-9223372036854774272/-9223372036854774272/key-8310789266 corresponding to column family fileTable from db: /home/runner/work/ozone/ozone/hadoop-ozone/integration-test/target/test-dir/MiniOzoneClusterImpl-0e8a6840-8092-433d-9bbe-2fd65d18bfc8/omNode-2/db.snapshots/checkpointState/om.db-5c3bdced-399f-4720-b03a-a7488aee9355. Prefix for the column family: /-9223372036854772480/-9223372036854772224/.
2025-07-15 19:46:18,493 [omNode-2-SstFilteringService#0] INFO  db.RocksDatabase (RocksDatabase.java:deleteFilesNotMatchingPrefix(870)) - Deleting sst file: /000193.sst with start key: /-9223372036854774528/-9223372036854774272/-9223372036854774272/key-9823269477 and end key: /-9223372036854774528/-9223372036854774272/-9223372036854774272/key-9823269477 corresponding to column family fileTable from db: /home/runner/work/ozone/ozone/hadoop-ozone/integration-test/target/test-dir/MiniOzoneClusterImpl-0e8a6840-8092-433d-9bbe-2fd65d18bfc8/omNode-2/db.snapshots/checkpointState/om.db-5c3bdced-399f-4720-b03a-a7488aee9355. Prefix for the column family: /-9223372036854772480/-9223372036854772224/.
2025-07-15 19:46:18,495 [omNode-2-SstFilteringService#0] INFO  db.RocksDatabase (RocksDatabase.java:deleteFilesNotMatchingPrefix(870)) - Deleting sst file: /000317.sst with start key: /-9223372036854775040/-9223372036854774784/-9223372036854774784/key-0612335162 and end key: /-9223372036854775040/-9223372036854774784/-9223372036854774784/key-0612335162 corresponding to column family fileTable from db: /home/runner/work/ozone/ozone/hadoop-ozone/integration-test/target/test-dir/MiniOzoneClusterImpl-0e8a6840-8092-433d-9bbe-2fd65d18bfc8/omNode-2/db.snapshots/checkpointState/om.db-5c3bdced-399f-4720-b03a-a7488aee9355. Prefix for the column family: /-9223372036854772480/-9223372036854772224/.
2025-07-15 19:46:18,497 [omNode-2-SstFilteringService#0] INFO  db.RocksDatabase (RocksDatabase.java:deleteFilesNotMatchingPrefix(870)) - Deleting sst file: /000251.sst with start key: /-9223372036854775040/-9223372036854774784/-9223372036854774784/key-1349445112 and end key: /-9223372036854775040/-9223372036854774784/-9223372036854774784/key-1349445112 corresponding to column family fileTable from db: /home/runner/work/ozone/ozone/hadoop-ozone/integration-test/target/test-dir/MiniOzoneClusterImpl-0e8a6840-8092-433d-9bbe-2fd65d18bfc8/omNode-2/db.snapshots/checkpointState/om.db-5c3bdced-399f-4720-b03a-a7488aee9355. Prefix for the column family: /-9223372036854772480/-9223372036854772224/.
2025-07-15 19:46:18,499 [omNode-2-SstFilteringService#0] INFO  db.RocksDatabase (RocksDatabase.java:deleteFilesNotMatchingPrefix(870)) - Deleting sst file: /000121.sst with start key: /-9223372036854775040/-9223372036854774784/-9223372036854774784/key-3443821635 and end key: /-9223372036854775040/-9223372036854774784/-9223372036854774784/key-3443821635 corresponding to column family fileTable from db: /home/runner/work/ozone/ozone/hadoop-ozone/integration-test/target/test-dir/MiniOzoneClusterImpl-0e8a6840-8092-433d-9bbe-2fd65d18bfc8/omNode-2/db.snapshots/checkpointState/om.db-5c3bdced-399f-4720-b03a-a7488aee9355. Prefix for the column family: /-9223372036854772480/-9223372036854772224/.
2025-07-15 19:46:18,501 [omNode-2-SstFilteringService#0] INFO  db.RocksDatabase (RocksDatabase.java:deleteFilesNotMatchingPrefix(870)) - Deleting sst file: /000187.sst with start key: /-9223372036854775040/-9223372036854774784/-9223372036854774784/key-4686823571 and end key: /-9223372036854775040/-9223372036854774784/-9223372036854774784/key-4686823571 corresponding to column family fileTable from db: /home/runner/work/ozone/ozone/hadoop-ozone/integration-test/target/test-dir/MiniOzoneClusterImpl-0e8a6840-8092-433d-9bbe-2fd65d18bfc8/omNode-2/db.snapshots/checkpointState/om.db-5c3bdced-399f-4720-b03a-a7488aee9355. Prefix for the column family: /-9223372036854772480/-9223372036854772224/.
2025-07-15 19:46:18,502 [omNode-2-SstFilteringService#0] INFO  db.RocksDatabase (RocksDatabase.java:deleteFilesNotMatchingPrefix(870)) - Deleting sst file: /000057.sst with start key: /-9223372036854775040/-9223372036854774784/-9223372036854774784/key-5363736728 and end key: /-9223372036854775040/-9223372036854774784/-9223372036854774784/key-5363736728 corresponding to column family fileTable from db: /home/runner/work/ozone/ozone/hadoop-ozone/integration-test/target/test-dir/MiniOzoneClusterImpl-0e8a6840-8092-433d-9bbe-2fd65d18bfc8/omNode-2/db.snapshots/checkpointState/om.db-5c3bdced-399f-4720-b03a-a7488aee9355. Prefix for the column family: /-9223372036854772480/-9223372036854772224/.
2025-07-15 19:46:18,540 [omNode-1@group-C0483FFA3DBE-StateMachineUpdater] INFO  ratis.OzoneManagerStateMachine (OzoneManagerStateMachine.java:notifyConfigurationChanged(236)) - notifyConfigurationChanged from Ratis: term=5, index=412, New Peer list: omNode-3(localhost:15017), omNode-1(localhost:15009), omNode-2(localhost:15013)
2025-07-15 19:46:18,588 [omNode-1-OMStateMachineApplyTransactionThread - 0] INFO  snapshot.OMSnapshotCreateRequest (OMSnapshotCreateRequest.java:validateAndUpdateCache(226)) - Created snapshot: '04882a4b-c8c3-4cf0-994b-71ac70e42ec2' with snapshotId: 'c9e1d6b7-71eb-489c-88ca-74d47cc46283' under path 'volume52664/bucket16659'
2025-07-15 19:46:18,598 [omNode-2-SstFilteringService#0] WARN  server.ServerUtils (ServerUtils.java:getDBPath(292)) - ozone.om.db.dirs is not configured. We recommend adding this setting. Falling back to ozone.metadata.dirs instead.
2025-07-15 19:46:18,637 [omNode-1-OMDoubleBufferFlushThread] INFO  db.RDBCheckpointManager (RDBCheckpointManager.java:createCheckpoint(87)) - Created checkpoint in rocksDB at /home/runner/work/ozone/ozone/hadoop-ozone/integration-test/target/test-dir/MiniOzoneClusterImpl-0e8a6840-8092-433d-9bbe-2fd65d18bfc8/omNode-1/db.snapshots/checkpointState/om.db-c9e1d6b7-71eb-489c-88ca-74d47cc46283 in 44 milliseconds
2025-07-15 19:46:18,640 [omNode-1-OMDoubleBufferFlushThread] INFO  om.OmSnapshotManager (OmSnapshotManager.java:createOmSnapshotCheckpoint(503)) - Created checkpoint : /home/runner/work/ozone/ozone/hadoop-ozone/integration-test/target/test-dir/MiniOzoneClusterImpl-0e8a6840-8092-433d-9bbe-2fd65d18bfc8/omNode-1/db.snapshots/checkpointState/om.db-c9e1d6b7-71eb-489c-88ca-74d47cc46283 for snapshot 04882a4b-c8c3-4cf0-994b-71ac70e42ec2
2025-07-15 19:46:18,788 [grpc-default-executor-0] INFO  server.RaftServer$Division (RaftServerImpl.java:setFirstElection(576)) - omNode-2@group-C0483FFA3DBE: set firstElectionSinceStartup to false for appendEntries
2025-07-15 19:46:18,789 [grpc-default-executor-0] INFO  ratis.OzoneManagerStateMachine (OzoneManagerStateMachine.java:notifyLeaderChanged(174)) - omNode-2@group-C0483FFA3DBE: leader changed to omNode-3
2025-07-15 19:46:18,789 [grpc-default-executor-0] INFO  server.RaftServer$Division (ServerState.java:setLeader(272)) - omNode-2@group-C0483FFA3DBE: change Leader from null to omNode-3 at term 5 for appendEntries, leader elected after 457ms
2025-07-15 19:46:18,789 [grpc-default-executor-0] INFO  server.RaftServer$Division (RaftServerImpl.java:checkInconsistentAppendEntries(1673)) - omNode-2@group-C0483FFA3DBE: Failed appendEntries as previous log entry ((t:5, i:412)) is not found
2025-07-15 19:46:18,789 [grpc-default-executor-0] INFO  server.RaftServer$Division (RaftServerImpl.java:appendEntriesAsync(1594)) - omNode-2@group-C0483FFA3DBE: appendEntries* reply omNode-3<-omNode-2#1307:FAIL-t4,INCONSISTENCY,nextIndex=412,followerCommit=411,matchIndex=-1
2025-07-15 19:46:18,790 [grpc-default-executor-0] WARN  server.GrpcLogAppender (GrpcLogAppender.java:lambda$onNextImpl$0(527)) - omNode-3@group-C0483FFA3DBE->omNode-2-AppendLogResponseHandler: received INCONSISTENCY reply with nextIndex 412, errorCount=9, request=AppendEntriesRequest:cid=1307,entriesCount=0 
2025-07-15 19:46:18,791 [grpc-default-executor-0] INFO  leader.FollowerInfo (FollowerInfoImpl.java:info(70)) - omNode-3@group-C0483FFA3DBE->omNode-2: setNextIndex nextIndex: updateUnconditionally 413 -> 412
2025-07-15 19:46:18,791 [grpc-default-executor-0] INFO  server.RaftServer$Division (ServerState.java:setRaftConf(386)) - omNode-2@group-C0483FFA3DBE: set configuration conf: {index: 412, cur=peers:[omNode-3|localhost:15017, omNode-1|localhost:15009, omNode-2|localhost:15013]|listeners:[], old=null}
2025-07-15 19:46:18,792 [grpc-default-executor-0] INFO  segmented.SegmentedRaftLogWorker (SegmentedRaftLogWorker.java:rollLogSegment(445)) - omNode-2@group-C0483FFA3DBE-SegmentedRaftLogWorker: Rolling segment log-390_411 to index:411
2025-07-15 19:46:18,792 [omNode-2@group-C0483FFA3DBE-SegmentedRaftLogWorker] INFO  segmented.SegmentedRaftLogWorker (SegmentedRaftLogWorker.java:execute(604)) - omNode-2@group-C0483FFA3DBE-SegmentedRaftLogWorker: Rolled log segment from /home/runner/work/ozone/ozone/hadoop-ozone/integration-test/target/test-dir/MiniOzoneClusterImpl-0e8a6840-8092-433d-9bbe-2fd65d18bfc8/omNode-2/ratis/3bf88a72-722a-315e-b909-c0483ffa3dbe/current/log_inprogress_390 to /home/runner/work/ozone/ozone/hadoop-ozone/integration-test/target/test-dir/MiniOzoneClusterImpl-0e8a6840-8092-433d-9bbe-2fd65d18bfc8/omNode-2/ratis/3bf88a72-722a-315e-b909-c0483ffa3dbe/current/log_390-411
2025-07-15 19:46:18,792 [omNode-2@group-C0483FFA3DBE-SegmentedRaftLogWorker] INFO  segmented.BufferedWriteChannel (BufferedWriteChannel.java:open(61)) - open log_inprogress_412 at position 0
2025-07-15 19:46:18,801 [omNode-2@group-C0483FFA3DBE-SegmentedRaftLogWorker] INFO  segmented.SegmentedRaftLogWorker (SegmentedRaftLogWorker.java:execute(647)) - omNode-2@group-C0483FFA3DBE-SegmentedRaftLogWorker: created new log segment /home/runner/work/ozone/ozone/hadoop-ozone/integration-test/target/test-dir/MiniOzoneClusterImpl-0e8a6840-8092-433d-9bbe-2fd65d18bfc8/omNode-2/ratis/3bf88a72-722a-315e-b909-c0483ffa3dbe/current/log_inprogress_412
2025-07-15 19:46:18,803 [omNode-2@group-C0483FFA3DBE-StateMachineUpdater] INFO  ratis.OzoneManagerStateMachine (OzoneManagerStateMachine.java:notifyConfigurationChanged(236)) - notifyConfigurationChanged from Ratis: term=5, index=412, New Peer list: omNode-3(localhost:15017), omNode-1(localhost:15009), omNode-2(localhost:15013)
2025-07-15 19:46:18,858 [main] INFO  reflections.Reflections (Reflections.java:scan(219)) - Reflections took 506 ms to scan 24 urls, producing 60 keys and 7739 values
2025-07-15 19:46:18,860 [main] INFO  ipc.CallQueueManager (CallQueueManager.java:<init>(93)) - Using callQueue: class java.util.concurrent.LinkedBlockingQueue, queueCapacity: 2000, scheduler: class org.apache.hadoop.ipc.DefaultRpcScheduler, ipcBackoff: false, ipcFailOver: false.
2025-07-15 19:46:18,861 [main] INFO  ipc.Server (Server.java:<init>(1438)) - Listener at localhost:15010
2025-07-15 19:46:18,861 [Socket Reader #1 for port 15010] INFO  ipc.Server (Server.java:run(1474)) - Starting Socket Reader #1 for port 15010
2025-07-15 19:46:18,862 [Socket Reader #2 for port 15010] INFO  ipc.Server (Server.java:run(1474)) - Starting Socket Reader #2 for port 15010
2025-07-15 19:46:18,862 [Socket Reader #3 for port 15010] INFO  ipc.Server (Server.java:run(1474)) - Starting Socket Reader #3 for port 15010
2025-07-15 19:46:18,863 [Socket Reader #4 for port 15010] INFO  ipc.Server (Server.java:run(1474)) - Starting Socket Reader #4 for port 15010
2025-07-15 19:46:18,863 [Socket Reader #5 for port 15010] INFO  ipc.Server (Server.java:run(1474)) - Starting Socket Reader #5 for port 15010
2025-07-15 19:46:18,863 [Socket Reader #6 for port 15010] INFO  ipc.Server (Server.java:run(1474)) - Starting Socket Reader #6 for port 15010
2025-07-15 19:46:18,863 [Socket Reader #7 for port 15010] INFO  ipc.Server (Server.java:run(1474)) - Starting Socket Reader #7 for port 15010
2025-07-15 19:46:18,863 [Socket Reader #8 for port 15010] INFO  ipc.Server (Server.java:run(1474)) - Starting Socket Reader #8 for port 15010
2025-07-15 19:46:18,864 [Socket Reader #9 for port 15010] INFO  ipc.Server (Server.java:run(1474)) - Starting Socket Reader #9 for port 15010
2025-07-15 19:46:18,864 [Socket Reader #10 for port 15010] INFO  ipc.Server (Server.java:run(1474)) - Starting Socket Reader #10 for port 15010
2025-07-15 19:46:18,867 [main] INFO  http.BaseHttpServer (BaseHttpServer.java:newHttpServer2BuilderForOzone(229)) - Starting Web-server for ozoneManager at: http://0.0.0.0:15011
2025-07-15 19:46:18,867 [main] INFO  http.BaseHttpServer (BaseHttpServer.java:<init>(107)) - Hadoop Security Enabled: false Ozone Security Enabled: false Ozone HTTP Security Enabled: false 
2025-07-15 19:46:18,868 [main] WARN  server.AuthenticationFilter (AuthenticationFilter.java:constructSecretProvider(240)) - Unable to initialize FileSignerSecretProvider, falling back to use random secrets. Reason: Could not read signature secret file: /home/runner/hadoop-http-auth-signature-secret
2025-07-15 19:46:18,871 [main] INFO  http.HttpServer2 (HttpServer2.java:addGlobalFilter(1042)) - Added global filter 'safety' (class=org.apache.hadoop.hdds.server.http.HttpServer2$QuotingInputFilter)
2025-07-15 19:46:18,872 [main] INFO  http.HttpServer2 (HttpServer2.java:addFilter(1018)) - Added filter static_user_filter (class=org.apache.hadoop.http.lib.StaticUserWebFilter$StaticUserFilter) to context ozoneManager
2025-07-15 19:46:18,872 [main] INFO  http.HttpServer2 (HttpServer2.java:addFilter(1026)) - Added filter static_user_filter (class=org.apache.hadoop.http.lib.StaticUserWebFilter$StaticUserFilter) to context logs
2025-07-15 19:46:18,872 [main] INFO  http.HttpServer2 (HttpServer2.java:addFilter(1026)) - Added filter static_user_filter (class=org.apache.hadoop.http.lib.StaticUserWebFilter$StaticUserFilter) to context static
2025-07-15 19:46:18,872 [main] INFO  http.BaseHttpServer (BaseHttpServer.java:<init>(195)) - HTTP server of ozoneManager uses base directory /home/runner/work/ozone/ozone/hadoop-ozone/integration-test/target/test-dir/MiniOzoneClusterImpl-0e8a6840-8092-433d-9bbe-2fd65d18bfc8/omNode-2/webserver
2025-07-15 19:46:18,873 [main] INFO  http.HttpServer2 (HttpServer2.java:bindListener(1242)) - Jetty bound to port 15011
2025-07-15 19:46:18,873 [main] INFO  server.Server (Server.java:doStart(375)) - jetty-9.4.57.v20241219; built: 2025-01-08T21:24:30.412Z; git: df524e6b29271c2e09ba9aea83c18dc9db464a31; jvm 21.0.7+6-LTS
2025-07-15 19:46:18,874 [main] INFO  server.session (DefaultSessionIdManager.java:doStart(334)) - DefaultSessionIdManager workerName=node0
2025-07-15 19:46:18,874 [main] INFO  server.session (DefaultSessionIdManager.java:doStart(339)) - No SessionScavenger set, using defaults
2025-07-15 19:46:18,874 [main] INFO  server.session (HouseKeeper.java:startScavenging(132)) - node0 Scavenging every 660000ms
2025-07-15 19:46:18,875 [main] INFO  handler.ContextHandler (ContextHandler.java:doStart(921)) - Started o.e.j.s.ServletContextHandler@752e8e44{logs,/logs,file:///home/runner/work/ozone/ozone/hadoop-ozone/integration-test/target/log,AVAILABLE}
2025-07-15 19:46:18,875 [main] INFO  handler.ContextHandler (ContextHandler.java:doStart(921)) - Started o.e.j.s.ServletContextHandler@1cd80de2{static,/static,file:///home/runner/work/ozone/ozone/hadoop-ozone/integration-test/target/test-classes/webapps/static,AVAILABLE}
2025-07-15 19:46:18,880 [main] INFO  handler.ContextHandler (ContextHandler.java:doStart(921)) - Started o.e.j.w.WebAppContext@506c5bd1{ozoneManager,/,file:///home/runner/work/ozone/ozone/hadoop-ozone/integration-test/target/test-classes/webapps/ozoneManager/,AVAILABLE}{file:/home/runner/work/ozone/ozone/hadoop-ozone/integration-test/target/test-classes/webapps/ozoneManager}
2025-07-15 19:46:18,881 [main] INFO  server.AbstractConnector (AbstractConnector.java:doStart(333)) - Started ServerConnector@42d6f75e{HTTP/1.1, (http/1.1)}{0.0.0.0:15011}
2025-07-15 19:46:18,881 [main] INFO  server.Server (Server.java:doStart(415)) - Started @42079ms
2025-07-15 19:46:18,881 [main] WARN  impl.MetricsSystemImpl (MetricsSystemImpl.java:register(279)) - Sink prometheus already exists!
2025-07-15 19:46:18,881 [main] INFO  http.BaseHttpServer (BaseHttpServer.java:updateConnectorAddress(359)) - HTTP server of ozoneManager listening at http://localhost:15011
2025-07-15 19:46:18,882 [IPC Server Responder] INFO  ipc.Server (Server.java:run(1713)) - IPC Server Responder: starting
2025-07-15 19:46:18,882 [IPC Server listener on 15010] INFO  ipc.Server (Server.java:run(1553)) - IPC Server listener on 15010: starting
2025-07-15 19:46:18,884 [main] INFO  om.OzoneManager (OzoneManager.java:startTrashEmptier(2290)) - Trash Interval set to 0. Files deleted won't move to trash
]]></system-out>
  </testcase>
</testsuite>