<?xml version="1.0" encoding="UTF-8"?>
<testsuite xmlns:xsi="http://www.w3.org/2001/XMLSchema-instance" xsi:noNamespaceSchemaLocation="https://maven.apache.org/surefire/maven-surefire-plugin/xsd/surefire-test-report-3.0.xsd" version="3.0" name="org.apache.hadoop.ozone.scm.node.TestDecommissionAndMaintenance" time="403.829" tests="7" errors="1" skipped="0" failures="0">
  <properties>
    <property name="awt.toolkit" value="sun.awt.X11.XToolkit"/>
    <property name="file.encoding.pkg" value="sun.io"/>
    <property name="java.specification.version" value="1.8"/>
    <property name="sun.cpu.isalist" value=""/>
    <property name="sun.jnu.encoding" value="UTF-8"/>
    <property name="java.class.path" value="/home/runner/work/ozone/ozone/hadoop-ozone/integration-test/target/test-classes:/home/runner/work/ozone/ozone/hadoop-ozone/integration-test/target/classes:/home/runner/.m2/repository/org/apache/ozone/ozone-common/1.3.0-SNAPSHOT/ozone-common-1.3.0-SNAPSHOT.jar:/home/runner/.m2/repository/io/grpc/grpc-netty/1.48.1/grpc-netty-1.48.1.jar:/home/runner/.m2/repository/io/grpc/grpc-core/1.48.1/grpc-core-1.48.1.jar:/home/runner/.m2/repository/com/google/android/annotations/4.1.1.4/annotations-4.1.1.4.jar:/home/runner/.m2/repository/org/codehaus/mojo/animal-sniffer-annotations/1.21/animal-sniffer-annotations-1.21.jar:/home/runner/.m2/repository/com/google/errorprone/error_prone_annotations/2.2.0/error_prone_annotations-2.2.0.jar:/home/runner/.m2/repository/io/perfmark/perfmark-api/0.25.0/perfmark-api-0.25.0.jar:/home/runner/.m2/repository/io/netty/netty-codec-http2/4.1.79.Final/netty-codec-http2-4.1.79.Final.jar:/home/runner/.m2/repository/io/netty/netty-common/4.1.79.Final/netty-common-4.1.79.Final.jar:/home/runner/.m2/repository/io/netty/netty-buffer/4.1.79.Final/netty-buffer-4.1.79.Final.jar:/home/runner/.m2/repository/io/netty/netty-codec-http/4.1.79.Final/netty-codec-http-4.1.79.Final.jar:/home/runner/.m2/repository/io/netty/netty-handler-proxy/4.1.79.Final/netty-handler-proxy-4.1.79.Final.jar:/home/runner/.m2/repository/io/netty/netty-codec-socks/4.1.79.Final/netty-codec-socks-4.1.79.Final.jar:/home/runner/.m2/repository/io/netty/netty-tcnative-boringssl-static/2.0.53.Final/netty-tcnative-boringssl-static-2.0.53.Final.jar:/home/runner/.m2/repository/io/netty/netty-tcnative-classes/2.0.53.Final/netty-tcnative-classes-2.0.53.Final.jar:/home/runner/.m2/repository/io/netty/netty-tcnative-boringssl-static/2.0.53.Final/netty-tcnative-boringssl-static-2.0.53.Final-linux-x86_64.jar:/home/runner/.m2/repository/io/netty/netty-tcnative-boringssl-static/2.0.53.Final/netty-tcnative-boringssl-static-2.0.53.Final-linux-aarch_64.jar:/home/runner/.m2/repository/io/netty/netty-tcnative-boringssl-static/2.0.53.Final/netty-tcnative-boringssl-static-2.0.53.Final-osx-x86_64.jar:/home/runner/.m2/repository/io/netty/netty-tcnative-boringssl-static/2.0.53.Final/netty-tcnative-boringssl-static-2.0.53.Final-osx-aarch_64.jar:/home/runner/.m2/repository/io/netty/netty-tcnative-boringssl-static/2.0.53.Final/netty-tcnative-boringssl-static-2.0.53.Final-windows-x86_64.jar:/home/runner/.m2/repository/org/apache/commons/commons-compress/1.21/commons-compress-1.21.jar:/home/runner/.m2/repository/org/apache/ozone/hdds-common/1.3.0-SNAPSHOT/hdds-common-1.3.0-SNAPSHOT.jar:/home/runner/.m2/repository/org/apache/ozone/hdds-client/1.3.0-SNAPSHOT/hdds-client-1.3.0-SNAPSHOT.jar:/home/runner/.m2/repository/org/apache/ozone/ozone-interface-client/1.3.0-SNAPSHOT/ozone-interface-client-1.3.0-SNAPSHOT.jar:/home/runner/.m2/repository/org/apache/ozone/hdds-test-utils/1.3.0-SNAPSHOT/hdds-test-utils-1.3.0-SNAPSHOT.jar:/home/runner/.m2/repository/com/google/guava/guava/31.1-jre/guava-31.1-jre.jar:/home/runner/.m2/repository/com/google/guava/failureaccess/1.0.1/failureaccess-1.0.1.jar:/home/runner/.m2/repository/com/google/guava/listenablefuture/9999.0-empty-to-avoid-conflict-with-guava/listenablefuture-9999.0-empty-to-avoid-conflict-with-guava.jar:/home/runner/.m2/repository/com/google/code/findbugs/jsr305/3.0.0/jsr305-3.0.0.jar:/home/runner/.m2/repository/org/checkerframework/checker-qual/3.12.0/checker-qual-3.12.0.jar:/home/runner/.m2/repository/com/google/j2objc/j2objc-annotations/1.3/j2objc-annotations-1.3.jar:/home/runner/.m2/repository/commons-io/commons-io/2.11.0/commons-io-2.11.0.jar:/home/runner/.m2/repository/commons-logging/commons-logging/1.2/commons-logging-1.2.jar:/home/runner/.m2/repository/ch/qos/reload4j/reload4j/1.2.22/reload4j-1.2.22.jar:/home/runner/.m2/repository/org/slf4j/slf4j-api/1.7.36/slf4j-api-1.7.36.jar:/home/runner/.m2/repository/org/apache/ozone/hdds-server-scm/1.3.0-SNAPSHOT/hdds-server-scm-1.3.0-SNAPSHOT.jar:/home/runner/.m2/repository/org/apache/ozone/hdds-container-service/1.3.0-SNAPSHOT/hdds-container-service-1.3.0-SNAPSHOT.jar:/home/runner/.m2/repository/org/apache/ozone/hdds-hadoop-dependency-server/1.3.0-SNAPSHOT/hdds-hadoop-dependency-server-1.3.0-SNAPSHOT.jar:/home/runner/.m2/repository/org/apache/hadoop/hadoop-hdfs/3.3.1/hadoop-hdfs-3.3.1.jar:/home/runner/.m2/repository/org/eclipse/jetty/jetty-util-ajax/9.4.43.v20210629/jetty-util-ajax-9.4.43.v20210629.jar:/home/runner/.m2/repository/commons-daemon/commons-daemon/1.0.13/commons-daemon-1.0.13.jar:/home/runner/.m2/repository/org/apache/ozone/hdds-server-framework/1.3.0-SNAPSHOT/hdds-server-framework-1.3.0-SNAPSHOT.jar:/home/runner/.m2/repository/org/apache/ozone/hdds-interface-server/1.3.0-SNAPSHOT/hdds-interface-server-1.3.0-SNAPSHOT.jar:/home/runner/.m2/repository/org/apache/logging/log4j/log4j-core/2.17.1/log4j-core-2.17.1.jar:/home/runner/.m2/repository/com/lmax/disruptor/3.4.2/disruptor-3.4.2.jar:/home/runner/.m2/repository/org/eclipse/jetty/jetty-servlet/9.4.43.v20210629/jetty-servlet-9.4.43.v20210629.jar:/home/runner/.m2/repository/org/eclipse/jetty/jetty-security/9.4.43.v20210629/jetty-security-9.4.43.v20210629.jar:/home/runner/.m2/repository/org/rocksdb/rocksdbjni/7.4.5/rocksdbjni-7.4.5.jar:/home/runner/.m2/repository/io/prometheus/simpleclient_dropwizard/0.7.0/simpleclient_dropwizard-0.7.0.jar:/home/runner/.m2/repository/io/prometheus/simpleclient/0.7.0/simpleclient-0.7.0.jar:/home/runner/.m2/repository/io/prometheus/simpleclient_common/0.7.0/simpleclient_common-0.7.0.jar:/home/runner/.m2/repository/io/dropwizard/metrics/metrics-core/3.2.4/metrics-core-3.2.4.jar:/home/runner/.m2/repository/org/apache/hadoop/hadoop-hdfs-client/3.3.1/hadoop-hdfs-client-3.3.1.jar:/home/runner/.m2/repository/org/bouncycastle/bcprov-jdk15on/1.67/bcprov-jdk15on-1.67.jar:/home/runner/.m2/repository/com/google/protobuf/protobuf-java/2.5.0/protobuf-java-2.5.0.jar:/home/runner/.m2/repository/org/apache/ozone/ozone-manager/1.3.0-SNAPSHOT/ozone-manager-1.3.0-SNAPSHOT.jar:/home/runner/.m2/repository/org/aspectj/aspectjrt/1.9.7/aspectjrt-1.9.7.jar:/home/runner/.m2/repository/org/aspectj/aspectjweaver/1.9.7/aspectjweaver-1.9.7.jar:/home/runner/.m2/repository/org/apache/ozone/hdds-interface-client/1.3.0-SNAPSHOT/hdds-interface-client-1.3.0-SNAPSHOT.jar:/home/runner/.m2/repository/org/apache/hadoop/thirdparty/hadoop-shaded-protobuf_3_7/1.1.1/hadoop-shaded-protobuf_3_7-1.1.1.jar:/home/runner/.m2/repository/org/apache/ozone/ozone-interface-storage/1.3.0-SNAPSHOT/ozone-interface-storage-1.3.0-SNAPSHOT.jar:/home/runner/.m2/repository/org/reflections/reflections/0.9.11/reflections-0.9.11.jar:/home/runner/.m2/repository/com/sun/jersey/jersey-client/1.19/jersey-client-1.19.jar:/home/runner/.m2/repository/org/apache/ranger/ranger-intg/2.3.0/ranger-intg-2.3.0.jar:/home/runner/.m2/repository/org/apache/ranger/ranger-plugins-common/2.3.0/ranger-plugins-common-2.3.0.jar:/home/runner/.m2/repository/commons-lang/commons-lang/2.6/commons-lang-2.6.jar:/home/runner/.m2/repository/org/codehaus/jackson/jackson-jaxrs/1.9.13/jackson-jaxrs-1.9.13.jar:/home/runner/.m2/repository/org/apache/ranger/ranger-plugins-cred/2.3.0/ranger-plugins-cred-2.3.0.jar:/home/runner/.m2/repository/org/apache/ranger/ranger-plugins-audit/2.3.0/ranger-plugins-audit-2.3.0.jar:/home/runner/.m2/repository/org/eclipse/jetty/jetty-client/9.4.31.v20200723/jetty-client-9.4.31.v20200723.jar:/home/runner/.m2/repository/org/apache/httpcomponents/httpmime/4.5.6/httpmime-4.5.6.jar:/home/runner/.m2/repository/org/apache/httpcomponents/httpcore-nio/4.4.6/httpcore-nio-4.4.6.jar:/home/runner/.m2/repository/org/apache/httpcomponents/httpasyncclient/4.1.3/httpasyncclient-4.1.3.jar:/home/runner/.m2/repository/com/carrotsearch/hppc/0.8.0/hppc-0.8.0.jar:/home/runner/.m2/repository/org/apache/orc/orc-core/1.5.8/orc-core-1.5.8.jar:/home/runner/.m2/repository/net/java/dev/jna/jna/5.2.0/jna-5.2.0.jar:/home/runner/.m2/repository/net/java/dev/jna/jna-platform/5.2.0/jna-platform-5.2.0.jar:/home/runner/.m2/repository/com/kstruct/gethostname4j/0.0.2/gethostname4j-0.0.2.jar:/home/runner/.m2/repository/org/apache/ranger/ranger-plugin-classloader/2.3.0/ranger-plugin-classloader-2.3.0.jar:/home/runner/.m2/repository/org/apache/hadoop/hadoop-minikdc/3.3.1/hadoop-minikdc-3.3.1.jar:/home/runner/.m2/repository/org/apache/kerby/kerb-simplekdc/1.0.1/kerb-simplekdc-1.0.1.jar:/home/runner/.m2/repository/org/apache/kerby/kerb-client/1.0.1/kerb-client-1.0.1.jar:/home/runner/.m2/repository/org/apache/kerby/kerby-config/1.0.1/kerby-config-1.0.1.jar:/home/runner/.m2/repository/org/apache/kerby/kerb-common/1.0.1/kerb-common-1.0.1.jar:/home/runner/.m2/repository/org/apache/kerby/kerb-crypto/1.0.1/kerb-crypto-1.0.1.jar:/home/runner/.m2/repository/org/apache/kerby/kerb-util/1.0.1/kerb-util-1.0.1.jar:/home/runner/.m2/repository/org/apache/kerby/token-provider/1.0.1/token-provider-1.0.1.jar:/home/runner/.m2/repository/org/apache/kerby/kerb-admin/1.0.1/kerb-admin-1.0.1.jar:/home/runner/.m2/repository/org/apache/kerby/kerb-server/1.0.1/kerb-server-1.0.1.jar:/home/runner/.m2/repository/org/apache/kerby/kerb-identity/1.0.1/kerb-identity-1.0.1.jar:/home/runner/.m2/repository/org/apache/kerby/kerby-xdr/1.0.1/kerby-xdr-1.0.1.jar:/home/runner/.m2/repository/org/apache/ozone/ozone-s3gateway/1.3.0-SNAPSHOT/ozone-s3gateway-1.3.0-SNAPSHOT.jar:/home/runner/.m2/repository/org/javassist/javassist/3.21.0-GA/javassist-3.21.0-GA.jar:/home/runner/.m2/repository/org/jboss/weld/servlet/weld-servlet/2.4.7.Final/weld-servlet-2.4.7.Final.jar:/home/runner/.m2/repository/org/glassfish/jersey/containers/jersey-container-servlet-core/2.34/jersey-container-servlet-core-2.34.jar:/home/runner/.m2/repository/org/glassfish/hk2/external/jakarta.inject/2.6.1/jakarta.inject-2.6.1.jar:/home/runner/.m2/repository/org/glassfish/jersey/core/jersey-common/2.34/jersey-common-2.34.jar:/home/runner/.m2/repository/jakarta/ws/rs/jakarta.ws.rs-api/2.1.6/jakarta.ws.rs-api-2.1.6.jar:/home/runner/.m2/repository/org/glassfish/jersey/ext/cdi/jersey-cdi1x/2.34/jersey-cdi1x-2.34.jar:/home/runner/.m2/repository/org/glassfish/jersey/inject/jersey-hk2/2.34/jersey-hk2-2.34.jar:/home/runner/.m2/repository/org/glassfish/hk2/hk2-locator/2.6.1/hk2-locator-2.6.1.jar:/home/runner/.m2/repository/org/glassfish/jersey/media/jersey-media-jaxb/2.34/jersey-media-jaxb-2.34.jar:/home/runner/.m2/repository/org/glassfish/hk2/osgi-resource-locator/1.0.3/osgi-resource-locator-1.0.3.jar:/home/runner/.m2/repository/org/glassfish/hk2/hk2-api/2.5.0/hk2-api-2.5.0.jar:/home/runner/.m2/repository/org/glassfish/hk2/hk2-utils/2.5.0/hk2-utils-2.5.0.jar:/home/runner/.m2/repository/org/glassfish/hk2/external/aopalliance-repackaged/2.5.0/aopalliance-repackaged-2.5.0.jar:/home/runner/.m2/repository/com/fasterxml/jackson/dataformat/jackson-dataformat-xml/2.13.2/jackson-dataformat-xml-2.13.2.jar:/home/runner/.m2/repository/com/fasterxml/jackson/core/jackson-core/2.13.2/jackson-core-2.13.2.jar:/home/runner/.m2/repository/org/codehaus/woodstox/stax2-api/3.1.4/stax2-api-3.1.4.jar:/home/runner/.m2/repository/com/fasterxml/woodstox/woodstox-core/5.0.3/woodstox-core-5.0.3.jar:/home/runner/.m2/repository/com/fasterxml/jackson/module/jackson-module-jaxb-annotations/2.13.2/jackson-module-jaxb-annotations-2.13.2.jar:/home/runner/.m2/repository/jakarta/xml/bind/jakarta.xml.bind-api/2.3.3/jakarta.xml.bind-api-2.3.3.jar:/home/runner/.m2/repository/jakarta/activation/jakarta.activation-api/1.2.1/jakarta.activation-api-1.2.1.jar:/home/runner/.m2/repository/javax/enterprise/cdi-api/1.2/cdi-api-1.2.jar:/home/runner/.m2/repository/javax/el/javax.el-api/3.0.0/javax.el-api-3.0.0.jar:/home/runner/.m2/repository/javax/interceptor/javax.interceptor-api/1.2/javax.interceptor-api-1.2.jar:/home/runner/.m2/repository/javax/inject/javax.inject/1/javax.inject-1.jar:/home/runner/.m2/repository/javax/xml/bind/jaxb-api/2.3.0/jaxb-api-2.3.0.jar:/home/runner/.m2/repository/org/glassfish/jaxb/jaxb-runtime/2.3.0.1/jaxb-runtime-2.3.0.1.jar:/home/runner/.m2/repository/org/glassfish/jaxb/jaxb-core/2.3.0.1/jaxb-core-2.3.0.1.jar:/home/runner/.m2/repository/org/glassfish/jaxb/txw2/2.3.0.1/txw2-2.3.0.1.jar:/home/runner/.m2/repository/com/sun/istack/istack-commons-runtime/3.0.5/istack-commons-runtime-3.0.5.jar:/home/runner/.m2/repository/org/jvnet/staxex/stax-ex/1.7.8/stax-ex-1.7.8.jar:/home/runner/.m2/repository/com/sun/xml/fastinfoset/FastInfoset/1.2.13/FastInfoset-1.2.13.jar:/home/runner/.m2/repository/javax/activation/activation/1.1.1/activation-1.1.1.jar:/home/runner/.m2/repository/io/grpc/grpc-protobuf/1.48.1/grpc-protobuf-1.48.1.jar:/home/runner/.m2/repository/io/grpc/grpc-api/1.48.1/grpc-api-1.48.1.jar:/home/runner/.m2/repository/io/grpc/grpc-context/1.48.1/grpc-context-1.48.1.jar:/home/runner/.m2/repository/com/google/api/grpc/proto-google-common-protos/2.9.0/proto-google-common-protos-2.9.0.jar:/home/runner/.m2/repository/io/grpc/grpc-protobuf-lite/1.48.1/grpc-protobuf-lite-1.48.1.jar:/home/runner/.m2/repository/io/grpc/grpc-stub/1.48.1/grpc-stub-1.48.1.jar:/home/runner/.m2/repository/io/netty/netty-transport/4.1.79.Final/netty-transport-4.1.79.Final.jar:/home/runner/.m2/repository/io/netty/netty-resolver/4.1.79.Final/netty-resolver-4.1.79.Final.jar:/home/runner/.m2/repository/org/apache/ozone/ozone-csi/1.3.0-SNAPSHOT/ozone-csi-1.3.0-SNAPSHOT.jar:/home/runner/.m2/repository/com/google/protobuf/protobuf-java-util/3.19.2/protobuf-java-util-3.19.2.jar:/home/runner/.m2/repository/com/google/code/gson/gson/2.9.0/gson-2.9.0.jar:/home/runner/.m2/repository/org/apache/ozone/hdds-config/1.3.0-SNAPSHOT/hdds-config-1.3.0-SNAPSHOT.jar:/home/runner/.m2/repository/io/netty/netty-transport-native-epoll/4.1.79.Final/netty-transport-native-epoll-4.1.79.Final-linux-x86_64.jar:/home/runner/.m2/repository/io/netty/netty-transport-classes-epoll/4.1.79.Final/netty-transport-classes-epoll-4.1.79.Final.jar:/home/runner/.m2/repository/io/netty/netty-transport-native-unix-common/4.1.79.Final/netty-transport-native-unix-common-4.1.79.Final.jar:/home/runner/.m2/repository/org/slf4j/slf4j-reload4j/1.7.36/slf4j-reload4j-1.7.36.jar:/home/runner/.m2/repository/org/apache/ozone/ozone-recon/1.3.0-SNAPSHOT/ozone-recon-1.3.0-SNAPSHOT.jar:/home/runner/.m2/repository/org/apache/ozone/ozone-reconcodegen/1.3.0-SNAPSHOT/ozone-reconcodegen-1.3.0-SNAPSHOT.jar:/home/runner/.m2/repository/com/google/inject/extensions/guice-multibindings/4.0/guice-multibindings-4.0.jar:/home/runner/.m2/repository/com/google/inject/guice/4.0/guice-4.0.jar:/home/runner/.m2/repository/aopalliance/aopalliance/1.0/aopalliance-1.0.jar:/home/runner/.m2/repository/com/google/inject/extensions/guice-assistedinject/4.0/guice-assistedinject-4.0.jar:/home/runner/.m2/repository/com/google/inject/extensions/guice-servlet/4.0/guice-servlet-4.0.jar:/home/runner/.m2/repository/org/glassfish/jersey/containers/jersey-container-servlet/2.34/jersey-container-servlet-2.34.jar:/home/runner/.m2/repository/org/glassfish/hk2/guice-bridge/2.5.0/guice-bridge-2.5.0.jar:/home/runner/.m2/repository/org/glassfish/jersey/core/jersey-server/2.34/jersey-server-2.34.jar:/home/runner/.m2/repository/org/glassfish/jersey/core/jersey-client/2.34/jersey-client-2.34.jar:/home/runner/.m2/repository/jakarta/annotation/jakarta.annotation-api/1.3.5/jakarta.annotation-api-1.3.5.jar:/home/runner/.m2/repository/jakarta/validation/jakarta.validation-api/2.0.2/jakarta.validation-api-2.0.2.jar:/home/runner/.m2/repository/org/glassfish/jersey/media/jersey-media-json-jackson/2.34/jersey-media-json-jackson-2.34.jar:/home/runner/.m2/repository/org/glassfish/jersey/ext/jersey-entity-filtering/2.34/jersey-entity-filtering-2.34.jar:/home/runner/.m2/repository/org/jooq/jooq/3.11.10/jooq-3.11.10.jar:/home/runner/.m2/repository/org/jooq/jooq-meta/3.11.10/jooq-meta-3.11.10.jar:/home/runner/.m2/repository/org/jooq/jooq-codegen/3.11.10/jooq-codegen-3.11.10.jar:/home/runner/.m2/repository/com/jolbox/bonecp/0.8.0.RELEASE/bonecp-0.8.0.RELEASE.jar:/home/runner/.m2/repository/org/apache/derby/derby/10.14.2.0/derby-10.14.2.0.jar:/home/runner/.m2/repository/org/xerial/sqlite-jdbc/3.25.2/sqlite-jdbc-3.25.2.jar:/home/runner/.m2/repository/org/springframework/spring-jdbc/5.2.20.RELEASE/spring-jdbc-5.2.20.RELEASE.jar:/home/runner/.m2/repository/org/springframework/spring-beans/5.2.20.RELEASE/spring-beans-5.2.20.RELEASE.jar:/home/runner/.m2/repository/org/springframework/spring-core/5.2.20.RELEASE/spring-core-5.2.20.RELEASE.jar:/home/runner/.m2/repository/org/springframework/spring-jcl/5.2.20.RELEASE/spring-jcl-5.2.20.RELEASE.jar:/home/runner/.m2/repository/org/springframework/spring-tx/5.2.20.RELEASE/spring-tx-5.2.20.RELEASE.jar:/home/runner/.m2/repository/org/apache/ozone/ozone-client/1.3.0-SNAPSHOT/ozone-client-1.3.0-SNAPSHOT.jar:/home/runner/.m2/repository/org/apache/ozone/hdds-erasurecode/1.3.0-SNAPSHOT/hdds-erasurecode-1.3.0-SNAPSHOT.jar:/home/runner/.m2/repository/com/github/spotbugs/spotbugs-annotations/3.1.12/spotbugs-annotations-3.1.12.jar:/home/runner/.m2/repository/org/apache/ozone/ozone-filesystem/1.3.0-SNAPSHOT/ozone-filesystem-1.3.0-SNAPSHOT.jar:/home/runner/.m2/repository/org/apache/ozone/ozone-filesystem-common/1.3.0-SNAPSHOT/ozone-filesystem-common-1.3.0-SNAPSHOT.jar:/home/runner/.m2/repository/org/apache/ozone/ozone-tools/1.3.0-SNAPSHOT/ozone-tools-1.3.0-SNAPSHOT.jar:/home/runner/.m2/repository/org/apache/ratis/ratis-tools/2.3.0/ratis-tools-2.3.0.jar:/home/runner/.m2/repository/com/amazonaws/aws-java-sdk-core/1.12.261/aws-java-sdk-core-1.12.261.jar:/home/runner/.m2/repository/org/apache/httpcomponents/httpclient/4.5.13/httpclient-4.5.13.jar:/home/runner/.m2/repository/org/apache/httpcomponents/httpcore/4.4.13/httpcore-4.4.13.jar:/home/runner/.m2/repository/software/amazon/ion/ion-java/1.0.2/ion-java-1.0.2.jar:/home/runner/.m2/repository/com/fasterxml/jackson/dataformat/jackson-dataformat-cbor/2.13.2/jackson-dataformat-cbor-2.13.2.jar:/home/runner/.m2/repository/joda-time/joda-time/2.8.1/joda-time-2.8.1.jar:/home/runner/.m2/repository/com/amazonaws/aws-java-sdk-s3/1.12.261/aws-java-sdk-s3-1.12.261.jar:/home/runner/.m2/repository/com/amazonaws/aws-java-sdk-kms/1.12.261/aws-java-sdk-kms-1.12.261.jar:/home/runner/.m2/repository/com/amazonaws/jmespath-java/1.12.261/jmespath-java-1.12.261.jar:/home/runner/.m2/repository/org/kohsuke/metainf-services/metainf-services/1.8/metainf-services-1.8.jar:/home/runner/.m2/repository/org/apache/ozone/hdds-tools/1.3.0-SNAPSHOT/hdds-tools-1.3.0-SNAPSHOT.jar:/home/runner/.m2/repository/commons-cli/commons-cli/1.2/commons-cli-1.2.jar:/home/runner/.m2/repository/org/apache/commons/commons-lang3/3.7/commons-lang3-3.7.jar:/home/runner/.m2/repository/org/apache/ozone/ozone-manager/1.3.0-SNAPSHOT/ozone-manager-1.3.0-SNAPSHOT-tests.jar:/home/runner/.m2/repository/org/apache/ozone/hdds-common/1.3.0-SNAPSHOT/hdds-common-1.3.0-SNAPSHOT-tests.jar:/home/runner/.m2/repository/org/apache/ozone/hdds-hadoop-dependency-client/1.3.0-SNAPSHOT/hdds-hadoop-dependency-client-1.3.0-SNAPSHOT.jar:/home/runner/.m2/repository/info/picocli/picocli/4.6.1/picocli-4.6.1.jar:/home/runner/.m2/repository/com/fasterxml/jackson/core/jackson-annotations/2.13.2/jackson-annotations-2.13.2.jar:/home/runner/.m2/repository/com/fasterxml/jackson/datatype/jackson-datatype-jsr310/2.13.2/jackson-datatype-jsr310-2.13.2.jar:/home/runner/.m2/repository/org/apache/ozone/hdds-annotation-processing/1.3.0-SNAPSHOT/hdds-annotation-processing-1.3.0-SNAPSHOT.jar:/home/runner/.m2/repository/javax/annotation/javax.annotation-api/1.2/javax.annotation-api-1.2.jar:/home/runner/.m2/repository/org/apache/ratis/ratis-server/2.3.0/ratis-server-2.3.0.jar:/home/runner/.m2/repository/org/apache/ratis/ratis-client/2.3.0/ratis-client-2.3.0.jar:/home/runner/.m2/repository/org/apache/ratis/ratis-server-api/2.3.0/ratis-server-api-2.3.0.jar:/home/runner/.m2/repository/org/apache/ratis/ratis-metrics/2.3.0/ratis-metrics-2.3.0.jar:/home/runner/.m2/repository/org/apache/ratis/ratis-netty/2.3.0/ratis-netty-2.3.0.jar:/home/runner/.m2/repository/org/apache/ratis/ratis-grpc/2.3.0/ratis-grpc-2.3.0.jar:/home/runner/.m2/repository/org/apache/logging/log4j/log4j-api/2.17.1/log4j-api-2.17.1.jar:/home/runner/.m2/repository/org/apache/commons/commons-pool2/2.6.0/commons-pool2-2.6.0.jar:/home/runner/.m2/repository/org/bouncycastle/bcpkix-jdk15on/1.67/bcpkix-jdk15on-1.67.jar:/home/runner/.m2/repository/commons-validator/commons-validator/1.6/commons-validator-1.6.jar:/home/runner/.m2/repository/commons-beanutils/commons-beanutils/1.9.4/commons-beanutils-1.9.4.jar:/home/runner/.m2/repository/commons-digester/commons-digester/1.8.1/commons-digester-1.8.1.jar:/home/runner/.m2/repository/commons-collections/commons-collections/3.2.2/commons-collections-3.2.2.jar:/home/runner/.m2/repository/io/jaegertracing/jaeger-client/1.6.0/jaeger-client-1.6.0.jar:/home/runner/.m2/repository/io/jaegertracing/jaeger-thrift/1.6.0/jaeger-thrift-1.6.0.jar:/home/runner/.m2/repository/org/apache/thrift/libthrift/0.14.1/libthrift-0.14.1.jar:/home/runner/.m2/repository/com/squareup/okhttp3/okhttp/4.9.0/okhttp-4.9.0.jar:/home/runner/.m2/repository/com/squareup/okio/okio/2.8.0/okio-2.8.0.jar:/home/runner/.m2/repository/io/jaegertracing/jaeger-core/1.6.0/jaeger-core-1.6.0.jar:/home/runner/.m2/repository/io/jaegertracing/jaeger-tracerresolver/1.6.0/jaeger-tracerresolver-1.6.0.jar:/home/runner/.m2/repository/io/opentracing/contrib/opentracing-tracerresolver/0.1.8/opentracing-tracerresolver-0.1.8.jar:/home/runner/.m2/repository/org/jetbrains/kotlin/kotlin-stdlib/1.6.21/kotlin-stdlib-1.6.21.jar:/home/runner/.m2/repository/org/jetbrains/kotlin/kotlin-stdlib-common/1.6.21/kotlin-stdlib-common-1.6.21.jar:/home/runner/.m2/repository/org/jetbrains/annotations/13.0/annotations-13.0.jar:/home/runner/.m2/repository/io/opentracing/opentracing-util/0.33.0/opentracing-util-0.33.0.jar:/home/runner/.m2/repository/io/opentracing/opentracing-api/0.33.0/opentracing-api-0.33.0.jar:/home/runner/.m2/repository/io/opentracing/opentracing-noop/0.33.0/opentracing-noop-0.33.0.jar:/home/runner/.m2/repository/org/yaml/snakeyaml/1.32/snakeyaml-1.32.jar:/home/runner/.m2/repository/org/apache/ozone/hdds-interface-admin/1.3.0-SNAPSHOT/hdds-interface-admin-1.3.0-SNAPSHOT.jar:/home/runner/.m2/repository/junit/junit/4.13.1/junit-4.13.1.jar:/home/runner/.m2/repository/org/hamcrest/hamcrest-core/1.3/hamcrest-core-1.3.jar:/home/runner/.m2/repository/org/junit/jupiter/junit-jupiter-api/5.8.2/junit-jupiter-api-5.8.2.jar:/home/runner/.m2/repository/org/opentest4j/opentest4j/1.2.0/opentest4j-1.2.0.jar:/home/runner/.m2/repository/org/junit/platform/junit-platform-commons/1.8.2/junit-platform-commons-1.8.2.jar:/home/runner/.m2/repository/org/apiguardian/apiguardian-api/1.1.2/apiguardian-api-1.1.2.jar:/home/runner/.m2/repository/org/junit/jupiter/junit-jupiter-params/5.8.2/junit-jupiter-params-5.8.2.jar:/home/runner/.m2/repository/org/junit/jupiter/junit-jupiter-migrationsupport/5.8.2/junit-jupiter-migrationsupport-5.8.2.jar:/home/runner/.m2/repository/org/junit/jupiter/junit-jupiter-engine/5.8.2/junit-jupiter-engine-5.8.2.jar:/home/runner/.m2/repository/org/junit/platform/junit-platform-engine/1.8.2/junit-platform-engine-1.8.2.jar:/home/runner/.m2/repository/org/junit/vintage/junit-vintage-engine/5.8.2/junit-vintage-engine-5.8.2.jar:/home/runner/.m2/repository/org/junit/platform/junit-platform-launcher/1.8.2/junit-platform-launcher-1.8.2.jar:/home/runner/.m2/repository/org/mockito/mockito-core/2.28.2/mockito-core-2.28.2.jar:/home/runner/.m2/repository/net/bytebuddy/byte-buddy/1.9.10/byte-buddy-1.9.10.jar:/home/runner/.m2/repository/net/bytebuddy/byte-buddy-agent/1.9.10/byte-buddy-agent-1.9.10.jar:/home/runner/.m2/repository/org/objenesis/objenesis/1.0/objenesis-1.0.jar:/home/runner/.m2/repository/org/apache/hadoop/hadoop-kms/3.3.1/hadoop-kms-3.3.1.jar:/home/runner/.m2/repository/org/apache/hadoop/hadoop-auth/3.3.1/hadoop-auth-3.3.1.jar:/home/runner/.m2/repository/com/nimbusds/nimbus-jose-jwt/7.9/nimbus-jose-jwt-7.9.jar:/home/runner/.m2/repository/com/github/stephenc/jcip/jcip-annotations/1.0-1/jcip-annotations-1.0-1.jar:/home/runner/.m2/repository/net/minidev/json-smart/2.4.7/json-smart-2.4.7.jar:/home/runner/.m2/repository/net/minidev/accessors-smart/2.4.7/accessors-smart-2.4.7.jar:/home/runner/.m2/repository/org/ow2/asm/asm/5.0.4/asm-5.0.4.jar:/home/runner/.m2/repository/org/apache/zookeeper/zookeeper/3.5.6/zookeeper-3.5.6.jar:/home/runner/.m2/repository/org/apache/zookeeper/zookeeper-jute/3.5.6/zookeeper-jute-3.5.6.jar:/home/runner/.m2/repository/org/apache/yetus/audience-annotations/0.5.0/audience-annotations-0.5.0.jar:/home/runner/.m2/repository/org/apache/curator/curator-framework/4.2.0/curator-framework-4.2.0.jar:/home/runner/.m2/repository/org/apache/hadoop/thirdparty/hadoop-shaded-guava/1.1.1/hadoop-shaded-guava-1.1.1.jar:/home/runner/.m2/repository/com/sun/jersey/jersey-core/1.19/jersey-core-1.19.jar:/home/runner/.m2/repository/javax/ws/rs/jsr311-api/1.1.1/jsr311-api-1.1.1.jar:/home/runner/.m2/repository/com/sun/jersey/jersey-server/1.19/jersey-server-1.19.jar:/home/runner/.m2/repository/javax/servlet/javax.servlet-api/3.1.0/javax.servlet-api-3.1.0.jar:/home/runner/.m2/repository/org/eclipse/jetty/jetty-server/9.4.43.v20210629/jetty-server-9.4.43.v20210629.jar:/home/runner/.m2/repository/org/eclipse/jetty/jetty-http/9.4.43.v20210629/jetty-http-9.4.43.v20210629.jar:/home/runner/.m2/repository/org/eclipse/jetty/jetty-io/9.4.43.v20210629/jetty-io-9.4.43.v20210629.jar:/home/runner/.m2/repository/org/eclipse/jetty/jetty-webapp/9.4.43.v20210629/jetty-webapp-9.4.43.v20210629.jar:/home/runner/.m2/repository/org/eclipse/jetty/jetty-xml/9.4.43.v20210629/jetty-xml-9.4.43.v20210629.jar:/home/runner/.m2/repository/org/apache/hadoop/hadoop-common/3.3.1/hadoop-common-3.3.1.jar:/home/runner/.m2/repository/org/apache/commons/commons-math3/3.1.1/commons-math3-3.1.1.jar:/home/runner/.m2/repository/commons-net/commons-net/3.6/commons-net-3.6.jar:/home/runner/.m2/repository/com/sun/jersey/jersey-servlet/1.19/jersey-servlet-1.19.jar:/home/runner/.m2/repository/com/sun/jersey/jersey-json/1.19/jersey-json-1.19.jar:/home/runner/.m2/repository/org/codehaus/jettison/jettison/1.1/jettison-1.1.jar:/home/runner/.m2/repository/com/sun/xml/bind/jaxb-impl/2.2.3-1/jaxb-impl-2.2.3-1.jar:/home/runner/.m2/repository/org/codehaus/jackson/jackson-xc/1.9.2/jackson-xc-1.9.2.jar:/home/runner/.m2/repository/org/apache/commons/commons-configuration2/2.1.1/commons-configuration2-2.1.1.jar:/home/runner/.m2/repository/org/apache/commons/commons-text/1.4/commons-text-1.4.jar:/home/runner/.m2/repository/com/google/re2j/re2j/1.1/re2j-1.1.jar:/home/runner/.m2/repository/com/jcraft/jsch/0.1.54/jsch-0.1.54.jar:/home/runner/.m2/repository/org/apache/curator/curator-client/4.2.0/curator-client-4.2.0.jar:/home/runner/.m2/repository/org/apache/curator/curator-recipes/4.2.0/curator-recipes-4.2.0.jar:/home/runner/.m2/repository/org/apache/htrace/htrace-core4/4.1.0-incubating/htrace-core4-4.1.0-incubating.jar:/home/runner/.m2/repository/org/apache/kerby/kerb-core/1.0.1/kerb-core-1.0.1.jar:/home/runner/.m2/repository/org/apache/kerby/kerby-pkix/1.0.1/kerby-pkix-1.0.1.jar:/home/runner/.m2/repository/org/apache/kerby/kerby-asn1/1.0.1/kerby-asn1-1.0.1.jar:/home/runner/.m2/repository/org/apache/kerby/kerby-util/1.0.1/kerby-util-1.0.1.jar:/home/runner/.m2/repository/dnsjava/dnsjava/2.1.7/dnsjava-2.1.7.jar:/home/runner/.m2/repository/org/xerial/snappy/snappy-java/1.1.8.2/snappy-java-1.1.8.2.jar:/home/runner/.m2/repository/org/eclipse/jetty/jetty-util/9.4.43.v20210629/jetty-util-9.4.43.v20210629.jar:/home/runner/.m2/repository/com/fasterxml/jackson/core/jackson-databind/2.13.2.2/jackson-databind-2.13.2.2.jar:/home/runner/.m2/repository/org/apache/hadoop/hadoop-kms/3.3.1/hadoop-kms-3.3.1-tests.jar:/home/runner/.m2/repository/org/apache/ozone/hdds-server-scm/1.3.0-SNAPSHOT/hdds-server-scm-1.3.0-SNAPSHOT-tests.jar:/home/runner/.m2/repository/org/apache/ozone/hdds-container-service/1.3.0-SNAPSHOT/hdds-container-service-1.3.0-SNAPSHOT-tests.jar:/home/runner/.m2/repository/commons-codec/commons-codec/1.11/commons-codec-1.11.jar:/home/runner/.m2/repository/io/netty/netty-codec/4.1.79.Final/netty-codec-4.1.79.Final.jar:/home/runner/.m2/repository/io/netty/netty-handler/4.1.79.Final/netty-handler-4.1.79.Final.jar:/home/runner/.m2/repository/org/apache/ozone/hdds-hadoop-dependency-test/1.3.0-SNAPSHOT/hdds-hadoop-dependency-test-1.3.0-SNAPSHOT.jar:/home/runner/.m2/repository/org/apache/hadoop/hadoop-common/3.3.1/hadoop-common-3.3.1-tests.jar:/home/runner/.m2/repository/org/apache/hadoop/hadoop-hdfs/3.3.1/hadoop-hdfs-3.3.1-tests.jar:/home/runner/.m2/repository/org/assertj/assertj-core/3.12.2/assertj-core-3.12.2.jar:/home/runner/.m2/repository/org/apache/hadoop/hadoop-distcp/3.3.1/hadoop-distcp-3.3.1.jar:/home/runner/.m2/repository/org/apache/hadoop/hadoop-mapreduce-client-jobclient/3.3.1/hadoop-mapreduce-client-jobclient-3.3.1.jar:/home/runner/.m2/repository/org/apache/hadoop/hadoop-mapreduce-client-common/3.3.1/hadoop-mapreduce-client-common-3.3.1.jar:/home/runner/.m2/repository/org/apache/hadoop/hadoop-yarn-common/3.3.1/hadoop-yarn-common-3.3.1.jar:/home/runner/.m2/repository/org/apache/hadoop/hadoop-yarn-api/3.3.1/hadoop-yarn-api-3.3.1.jar:/home/runner/.m2/repository/com/sun/jersey/contribs/jersey-guice/1.19/jersey-guice-1.19.jar:/home/runner/.m2/repository/com/fasterxml/jackson/jaxrs/jackson-jaxrs-json-provider/2.13.2/jackson-jaxrs-json-provider-2.13.2.jar:/home/runner/.m2/repository/com/fasterxml/jackson/jaxrs/jackson-jaxrs-base/2.13.2/jackson-jaxrs-base-2.13.2.jar:/home/runner/.m2/repository/org/apache/hadoop/hadoop-yarn-client/3.3.1/hadoop-yarn-client-3.3.1.jar:/home/runner/.m2/repository/org/eclipse/jetty/websocket/websocket-client/9.4.40.v20210413/websocket-client-9.4.40.v20210413.jar:/home/runner/.m2/repository/org/eclipse/jetty/websocket/websocket-common/9.4.40.v20210413/websocket-common-9.4.40.v20210413.jar:/home/runner/.m2/repository/org/eclipse/jetty/websocket/websocket-api/9.4.40.v20210413/websocket-api-9.4.40.v20210413.jar:/home/runner/.m2/repository/org/jline/jline/3.9.0/jline-3.9.0.jar:/home/runner/.m2/repository/org/apache/hadoop/hadoop-mapreduce-client-core/3.3.1/hadoop-mapreduce-client-core-3.3.1.jar:/home/runner/.m2/repository/org/apache/avro/avro/1.7.7/avro-1.7.7.jar:/home/runner/.m2/repository/org/codehaus/jackson/jackson-core-asl/1.9.13/jackson-core-asl-1.9.13.jar:/home/runner/.m2/repository/org/codehaus/jackson/jackson-mapper-asl/1.9.13/jackson-mapper-asl-1.9.13.jar:/home/runner/.m2/repository/com/thoughtworks/paranamer/paranamer/2.3/paranamer-2.3.jar:/home/runner/.m2/repository/org/apache/hadoop/hadoop-annotations/3.3.1/hadoop-annotations-3.3.1.jar:/opt/hostedtoolcache/jdk/8.0.345/x64/jre/../lib/tools.jar:/home/runner/.m2/repository/io/netty/netty/3.10.6.Final/netty-3.10.6.Final.jar:/home/runner/.m2/repository/org/apache/hadoop/hadoop-distcp/3.3.1/hadoop-distcp-3.3.1-tests.jar:/home/runner/.m2/repository/org/slf4j/jul-to-slf4j/1.7.36/jul-to-slf4j-1.7.36.jar:/home/runner/.m2/repository/org/apache/ratis/ratis-common/2.3.0/ratis-common-2.3.0.jar:/home/runner/.m2/repository/org/apache/ratis/ratis-thirdparty-misc/1.0.0/ratis-thirdparty-misc-1.0.0.jar:/home/runner/.m2/repository/org/apache/ratis/ratis-proto/2.3.0/ratis-proto-2.3.0.jar:"/>
    <property name="java.vm.vendor" value="Azul Systems, Inc."/>
    <property name="sun.arch.data.model" value="64"/>
    <property name="test.build.dir" value="/home/runner/work/ozone/ozone/hadoop-ozone/integration-test/target/test-dir"/>
    <property name="test.cache.data" value=""/>
    <property name="java.vendor.url" value="http://www.azul.com/"/>
    <property name="user.timezone" value="Etc/UTC"/>
    <property name="os.name" value="Linux"/>
    <property name="java.vm.specification.version" value="1.8"/>
    <property name="test.build.data" value="/home/runner/work/ozone/ozone/hadoop-ozone/integration-test/target/test-dir"/>
    <property name="sun.java.launcher" value="SUN_STANDARD"/>
    <property name="sun.boot.library.path" value="/opt/hostedtoolcache/jdk/8.0.345/x64/jre/lib/amd64"/>
    <property name="sun.java.command" value="/home/runner/work/ozone/ozone/hadoop-ozone/integration-test/target/surefire/surefirebooter83931258576162258.jar /home/runner/work/ozone/ozone/hadoop-ozone/integration-test/target/surefire 2022-09-30T12-55-50_990-jvmRun1 surefire8355113775170658800tmp surefire_206941854900750881242tmp"/>
    <property name="surefire.test.class.path" value="/home/runner/work/ozone/ozone/hadoop-ozone/integration-test/target/test-classes:/home/runner/work/ozone/ozone/hadoop-ozone/integration-test/target/classes:/home/runner/.m2/repository/org/apache/ozone/ozone-common/1.3.0-SNAPSHOT/ozone-common-1.3.0-SNAPSHOT.jar:/home/runner/.m2/repository/io/grpc/grpc-netty/1.48.1/grpc-netty-1.48.1.jar:/home/runner/.m2/repository/io/grpc/grpc-core/1.48.1/grpc-core-1.48.1.jar:/home/runner/.m2/repository/com/google/android/annotations/4.1.1.4/annotations-4.1.1.4.jar:/home/runner/.m2/repository/org/codehaus/mojo/animal-sniffer-annotations/1.21/animal-sniffer-annotations-1.21.jar:/home/runner/.m2/repository/com/google/errorprone/error_prone_annotations/2.2.0/error_prone_annotations-2.2.0.jar:/home/runner/.m2/repository/io/perfmark/perfmark-api/0.25.0/perfmark-api-0.25.0.jar:/home/runner/.m2/repository/io/netty/netty-codec-http2/4.1.79.Final/netty-codec-http2-4.1.79.Final.jar:/home/runner/.m2/repository/io/netty/netty-common/4.1.79.Final/netty-common-4.1.79.Final.jar:/home/runner/.m2/repository/io/netty/netty-buffer/4.1.79.Final/netty-buffer-4.1.79.Final.jar:/home/runner/.m2/repository/io/netty/netty-codec-http/4.1.79.Final/netty-codec-http-4.1.79.Final.jar:/home/runner/.m2/repository/io/netty/netty-handler-proxy/4.1.79.Final/netty-handler-proxy-4.1.79.Final.jar:/home/runner/.m2/repository/io/netty/netty-codec-socks/4.1.79.Final/netty-codec-socks-4.1.79.Final.jar:/home/runner/.m2/repository/io/netty/netty-tcnative-boringssl-static/2.0.53.Final/netty-tcnative-boringssl-static-2.0.53.Final.jar:/home/runner/.m2/repository/io/netty/netty-tcnative-classes/2.0.53.Final/netty-tcnative-classes-2.0.53.Final.jar:/home/runner/.m2/repository/io/netty/netty-tcnative-boringssl-static/2.0.53.Final/netty-tcnative-boringssl-static-2.0.53.Final-linux-x86_64.jar:/home/runner/.m2/repository/io/netty/netty-tcnative-boringssl-static/2.0.53.Final/netty-tcnative-boringssl-static-2.0.53.Final-linux-aarch_64.jar:/home/runner/.m2/repository/io/netty/netty-tcnative-boringssl-static/2.0.53.Final/netty-tcnative-boringssl-static-2.0.53.Final-osx-x86_64.jar:/home/runner/.m2/repository/io/netty/netty-tcnative-boringssl-static/2.0.53.Final/netty-tcnative-boringssl-static-2.0.53.Final-osx-aarch_64.jar:/home/runner/.m2/repository/io/netty/netty-tcnative-boringssl-static/2.0.53.Final/netty-tcnative-boringssl-static-2.0.53.Final-windows-x86_64.jar:/home/runner/.m2/repository/org/apache/commons/commons-compress/1.21/commons-compress-1.21.jar:/home/runner/.m2/repository/org/apache/ozone/hdds-common/1.3.0-SNAPSHOT/hdds-common-1.3.0-SNAPSHOT.jar:/home/runner/.m2/repository/org/apache/ozone/hdds-client/1.3.0-SNAPSHOT/hdds-client-1.3.0-SNAPSHOT.jar:/home/runner/.m2/repository/org/apache/ozone/ozone-interface-client/1.3.0-SNAPSHOT/ozone-interface-client-1.3.0-SNAPSHOT.jar:/home/runner/.m2/repository/org/apache/ozone/hdds-test-utils/1.3.0-SNAPSHOT/hdds-test-utils-1.3.0-SNAPSHOT.jar:/home/runner/.m2/repository/com/google/guava/guava/31.1-jre/guava-31.1-jre.jar:/home/runner/.m2/repository/com/google/guava/failureaccess/1.0.1/failureaccess-1.0.1.jar:/home/runner/.m2/repository/com/google/guava/listenablefuture/9999.0-empty-to-avoid-conflict-with-guava/listenablefuture-9999.0-empty-to-avoid-conflict-with-guava.jar:/home/runner/.m2/repository/com/google/code/findbugs/jsr305/3.0.0/jsr305-3.0.0.jar:/home/runner/.m2/repository/org/checkerframework/checker-qual/3.12.0/checker-qual-3.12.0.jar:/home/runner/.m2/repository/com/google/j2objc/j2objc-annotations/1.3/j2objc-annotations-1.3.jar:/home/runner/.m2/repository/commons-io/commons-io/2.11.0/commons-io-2.11.0.jar:/home/runner/.m2/repository/commons-logging/commons-logging/1.2/commons-logging-1.2.jar:/home/runner/.m2/repository/ch/qos/reload4j/reload4j/1.2.22/reload4j-1.2.22.jar:/home/runner/.m2/repository/org/slf4j/slf4j-api/1.7.36/slf4j-api-1.7.36.jar:/home/runner/.m2/repository/org/apache/ozone/hdds-server-scm/1.3.0-SNAPSHOT/hdds-server-scm-1.3.0-SNAPSHOT.jar:/home/runner/.m2/repository/org/apache/ozone/hdds-container-service/1.3.0-SNAPSHOT/hdds-container-service-1.3.0-SNAPSHOT.jar:/home/runner/.m2/repository/org/apache/ozone/hdds-hadoop-dependency-server/1.3.0-SNAPSHOT/hdds-hadoop-dependency-server-1.3.0-SNAPSHOT.jar:/home/runner/.m2/repository/org/apache/hadoop/hadoop-hdfs/3.3.1/hadoop-hdfs-3.3.1.jar:/home/runner/.m2/repository/org/eclipse/jetty/jetty-util-ajax/9.4.43.v20210629/jetty-util-ajax-9.4.43.v20210629.jar:/home/runner/.m2/repository/commons-daemon/commons-daemon/1.0.13/commons-daemon-1.0.13.jar:/home/runner/.m2/repository/org/apache/ozone/hdds-server-framework/1.3.0-SNAPSHOT/hdds-server-framework-1.3.0-SNAPSHOT.jar:/home/runner/.m2/repository/org/apache/ozone/hdds-interface-server/1.3.0-SNAPSHOT/hdds-interface-server-1.3.0-SNAPSHOT.jar:/home/runner/.m2/repository/org/apache/logging/log4j/log4j-core/2.17.1/log4j-core-2.17.1.jar:/home/runner/.m2/repository/com/lmax/disruptor/3.4.2/disruptor-3.4.2.jar:/home/runner/.m2/repository/org/eclipse/jetty/jetty-servlet/9.4.43.v20210629/jetty-servlet-9.4.43.v20210629.jar:/home/runner/.m2/repository/org/eclipse/jetty/jetty-security/9.4.43.v20210629/jetty-security-9.4.43.v20210629.jar:/home/runner/.m2/repository/org/rocksdb/rocksdbjni/7.4.5/rocksdbjni-7.4.5.jar:/home/runner/.m2/repository/io/prometheus/simpleclient_dropwizard/0.7.0/simpleclient_dropwizard-0.7.0.jar:/home/runner/.m2/repository/io/prometheus/simpleclient/0.7.0/simpleclient-0.7.0.jar:/home/runner/.m2/repository/io/prometheus/simpleclient_common/0.7.0/simpleclient_common-0.7.0.jar:/home/runner/.m2/repository/io/dropwizard/metrics/metrics-core/3.2.4/metrics-core-3.2.4.jar:/home/runner/.m2/repository/org/apache/hadoop/hadoop-hdfs-client/3.3.1/hadoop-hdfs-client-3.3.1.jar:/home/runner/.m2/repository/org/bouncycastle/bcprov-jdk15on/1.67/bcprov-jdk15on-1.67.jar:/home/runner/.m2/repository/com/google/protobuf/protobuf-java/2.5.0/protobuf-java-2.5.0.jar:/home/runner/.m2/repository/org/apache/ozone/ozone-manager/1.3.0-SNAPSHOT/ozone-manager-1.3.0-SNAPSHOT.jar:/home/runner/.m2/repository/org/aspectj/aspectjrt/1.9.7/aspectjrt-1.9.7.jar:/home/runner/.m2/repository/org/aspectj/aspectjweaver/1.9.7/aspectjweaver-1.9.7.jar:/home/runner/.m2/repository/org/apache/ozone/hdds-interface-client/1.3.0-SNAPSHOT/hdds-interface-client-1.3.0-SNAPSHOT.jar:/home/runner/.m2/repository/org/apache/hadoop/thirdparty/hadoop-shaded-protobuf_3_7/1.1.1/hadoop-shaded-protobuf_3_7-1.1.1.jar:/home/runner/.m2/repository/org/apache/ozone/ozone-interface-storage/1.3.0-SNAPSHOT/ozone-interface-storage-1.3.0-SNAPSHOT.jar:/home/runner/.m2/repository/org/reflections/reflections/0.9.11/reflections-0.9.11.jar:/home/runner/.m2/repository/com/sun/jersey/jersey-client/1.19/jersey-client-1.19.jar:/home/runner/.m2/repository/org/apache/ranger/ranger-intg/2.3.0/ranger-intg-2.3.0.jar:/home/runner/.m2/repository/org/apache/ranger/ranger-plugins-common/2.3.0/ranger-plugins-common-2.3.0.jar:/home/runner/.m2/repository/commons-lang/commons-lang/2.6/commons-lang-2.6.jar:/home/runner/.m2/repository/org/codehaus/jackson/jackson-jaxrs/1.9.13/jackson-jaxrs-1.9.13.jar:/home/runner/.m2/repository/org/apache/ranger/ranger-plugins-cred/2.3.0/ranger-plugins-cred-2.3.0.jar:/home/runner/.m2/repository/org/apache/ranger/ranger-plugins-audit/2.3.0/ranger-plugins-audit-2.3.0.jar:/home/runner/.m2/repository/org/eclipse/jetty/jetty-client/9.4.31.v20200723/jetty-client-9.4.31.v20200723.jar:/home/runner/.m2/repository/org/apache/httpcomponents/httpmime/4.5.6/httpmime-4.5.6.jar:/home/runner/.m2/repository/org/apache/httpcomponents/httpcore-nio/4.4.6/httpcore-nio-4.4.6.jar:/home/runner/.m2/repository/org/apache/httpcomponents/httpasyncclient/4.1.3/httpasyncclient-4.1.3.jar:/home/runner/.m2/repository/com/carrotsearch/hppc/0.8.0/hppc-0.8.0.jar:/home/runner/.m2/repository/org/apache/orc/orc-core/1.5.8/orc-core-1.5.8.jar:/home/runner/.m2/repository/net/java/dev/jna/jna/5.2.0/jna-5.2.0.jar:/home/runner/.m2/repository/net/java/dev/jna/jna-platform/5.2.0/jna-platform-5.2.0.jar:/home/runner/.m2/repository/com/kstruct/gethostname4j/0.0.2/gethostname4j-0.0.2.jar:/home/runner/.m2/repository/org/apache/ranger/ranger-plugin-classloader/2.3.0/ranger-plugin-classloader-2.3.0.jar:/home/runner/.m2/repository/org/apache/hadoop/hadoop-minikdc/3.3.1/hadoop-minikdc-3.3.1.jar:/home/runner/.m2/repository/org/apache/kerby/kerb-simplekdc/1.0.1/kerb-simplekdc-1.0.1.jar:/home/runner/.m2/repository/org/apache/kerby/kerb-client/1.0.1/kerb-client-1.0.1.jar:/home/runner/.m2/repository/org/apache/kerby/kerby-config/1.0.1/kerby-config-1.0.1.jar:/home/runner/.m2/repository/org/apache/kerby/kerb-common/1.0.1/kerb-common-1.0.1.jar:/home/runner/.m2/repository/org/apache/kerby/kerb-crypto/1.0.1/kerb-crypto-1.0.1.jar:/home/runner/.m2/repository/org/apache/kerby/kerb-util/1.0.1/kerb-util-1.0.1.jar:/home/runner/.m2/repository/org/apache/kerby/token-provider/1.0.1/token-provider-1.0.1.jar:/home/runner/.m2/repository/org/apache/kerby/kerb-admin/1.0.1/kerb-admin-1.0.1.jar:/home/runner/.m2/repository/org/apache/kerby/kerb-server/1.0.1/kerb-server-1.0.1.jar:/home/runner/.m2/repository/org/apache/kerby/kerb-identity/1.0.1/kerb-identity-1.0.1.jar:/home/runner/.m2/repository/org/apache/kerby/kerby-xdr/1.0.1/kerby-xdr-1.0.1.jar:/home/runner/.m2/repository/org/apache/ozone/ozone-s3gateway/1.3.0-SNAPSHOT/ozone-s3gateway-1.3.0-SNAPSHOT.jar:/home/runner/.m2/repository/org/javassist/javassist/3.21.0-GA/javassist-3.21.0-GA.jar:/home/runner/.m2/repository/org/jboss/weld/servlet/weld-servlet/2.4.7.Final/weld-servlet-2.4.7.Final.jar:/home/runner/.m2/repository/org/glassfish/jersey/containers/jersey-container-servlet-core/2.34/jersey-container-servlet-core-2.34.jar:/home/runner/.m2/repository/org/glassfish/hk2/external/jakarta.inject/2.6.1/jakarta.inject-2.6.1.jar:/home/runner/.m2/repository/org/glassfish/jersey/core/jersey-common/2.34/jersey-common-2.34.jar:/home/runner/.m2/repository/jakarta/ws/rs/jakarta.ws.rs-api/2.1.6/jakarta.ws.rs-api-2.1.6.jar:/home/runner/.m2/repository/org/glassfish/jersey/ext/cdi/jersey-cdi1x/2.34/jersey-cdi1x-2.34.jar:/home/runner/.m2/repository/org/glassfish/jersey/inject/jersey-hk2/2.34/jersey-hk2-2.34.jar:/home/runner/.m2/repository/org/glassfish/hk2/hk2-locator/2.6.1/hk2-locator-2.6.1.jar:/home/runner/.m2/repository/org/glassfish/jersey/media/jersey-media-jaxb/2.34/jersey-media-jaxb-2.34.jar:/home/runner/.m2/repository/org/glassfish/hk2/osgi-resource-locator/1.0.3/osgi-resource-locator-1.0.3.jar:/home/runner/.m2/repository/org/glassfish/hk2/hk2-api/2.5.0/hk2-api-2.5.0.jar:/home/runner/.m2/repository/org/glassfish/hk2/hk2-utils/2.5.0/hk2-utils-2.5.0.jar:/home/runner/.m2/repository/org/glassfish/hk2/external/aopalliance-repackaged/2.5.0/aopalliance-repackaged-2.5.0.jar:/home/runner/.m2/repository/com/fasterxml/jackson/dataformat/jackson-dataformat-xml/2.13.2/jackson-dataformat-xml-2.13.2.jar:/home/runner/.m2/repository/com/fasterxml/jackson/core/jackson-core/2.13.2/jackson-core-2.13.2.jar:/home/runner/.m2/repository/org/codehaus/woodstox/stax2-api/3.1.4/stax2-api-3.1.4.jar:/home/runner/.m2/repository/com/fasterxml/woodstox/woodstox-core/5.0.3/woodstox-core-5.0.3.jar:/home/runner/.m2/repository/com/fasterxml/jackson/module/jackson-module-jaxb-annotations/2.13.2/jackson-module-jaxb-annotations-2.13.2.jar:/home/runner/.m2/repository/jakarta/xml/bind/jakarta.xml.bind-api/2.3.3/jakarta.xml.bind-api-2.3.3.jar:/home/runner/.m2/repository/jakarta/activation/jakarta.activation-api/1.2.1/jakarta.activation-api-1.2.1.jar:/home/runner/.m2/repository/javax/enterprise/cdi-api/1.2/cdi-api-1.2.jar:/home/runner/.m2/repository/javax/el/javax.el-api/3.0.0/javax.el-api-3.0.0.jar:/home/runner/.m2/repository/javax/interceptor/javax.interceptor-api/1.2/javax.interceptor-api-1.2.jar:/home/runner/.m2/repository/javax/inject/javax.inject/1/javax.inject-1.jar:/home/runner/.m2/repository/javax/xml/bind/jaxb-api/2.3.0/jaxb-api-2.3.0.jar:/home/runner/.m2/repository/org/glassfish/jaxb/jaxb-runtime/2.3.0.1/jaxb-runtime-2.3.0.1.jar:/home/runner/.m2/repository/org/glassfish/jaxb/jaxb-core/2.3.0.1/jaxb-core-2.3.0.1.jar:/home/runner/.m2/repository/org/glassfish/jaxb/txw2/2.3.0.1/txw2-2.3.0.1.jar:/home/runner/.m2/repository/com/sun/istack/istack-commons-runtime/3.0.5/istack-commons-runtime-3.0.5.jar:/home/runner/.m2/repository/org/jvnet/staxex/stax-ex/1.7.8/stax-ex-1.7.8.jar:/home/runner/.m2/repository/com/sun/xml/fastinfoset/FastInfoset/1.2.13/FastInfoset-1.2.13.jar:/home/runner/.m2/repository/javax/activation/activation/1.1.1/activation-1.1.1.jar:/home/runner/.m2/repository/io/grpc/grpc-protobuf/1.48.1/grpc-protobuf-1.48.1.jar:/home/runner/.m2/repository/io/grpc/grpc-api/1.48.1/grpc-api-1.48.1.jar:/home/runner/.m2/repository/io/grpc/grpc-context/1.48.1/grpc-context-1.48.1.jar:/home/runner/.m2/repository/com/google/api/grpc/proto-google-common-protos/2.9.0/proto-google-common-protos-2.9.0.jar:/home/runner/.m2/repository/io/grpc/grpc-protobuf-lite/1.48.1/grpc-protobuf-lite-1.48.1.jar:/home/runner/.m2/repository/io/grpc/grpc-stub/1.48.1/grpc-stub-1.48.1.jar:/home/runner/.m2/repository/io/netty/netty-transport/4.1.79.Final/netty-transport-4.1.79.Final.jar:/home/runner/.m2/repository/io/netty/netty-resolver/4.1.79.Final/netty-resolver-4.1.79.Final.jar:/home/runner/.m2/repository/org/apache/ozone/ozone-csi/1.3.0-SNAPSHOT/ozone-csi-1.3.0-SNAPSHOT.jar:/home/runner/.m2/repository/com/google/protobuf/protobuf-java-util/3.19.2/protobuf-java-util-3.19.2.jar:/home/runner/.m2/repository/com/google/code/gson/gson/2.9.0/gson-2.9.0.jar:/home/runner/.m2/repository/org/apache/ozone/hdds-config/1.3.0-SNAPSHOT/hdds-config-1.3.0-SNAPSHOT.jar:/home/runner/.m2/repository/io/netty/netty-transport-native-epoll/4.1.79.Final/netty-transport-native-epoll-4.1.79.Final-linux-x86_64.jar:/home/runner/.m2/repository/io/netty/netty-transport-classes-epoll/4.1.79.Final/netty-transport-classes-epoll-4.1.79.Final.jar:/home/runner/.m2/repository/io/netty/netty-transport-native-unix-common/4.1.79.Final/netty-transport-native-unix-common-4.1.79.Final.jar:/home/runner/.m2/repository/org/slf4j/slf4j-reload4j/1.7.36/slf4j-reload4j-1.7.36.jar:/home/runner/.m2/repository/org/apache/ozone/ozone-recon/1.3.0-SNAPSHOT/ozone-recon-1.3.0-SNAPSHOT.jar:/home/runner/.m2/repository/org/apache/ozone/ozone-reconcodegen/1.3.0-SNAPSHOT/ozone-reconcodegen-1.3.0-SNAPSHOT.jar:/home/runner/.m2/repository/com/google/inject/extensions/guice-multibindings/4.0/guice-multibindings-4.0.jar:/home/runner/.m2/repository/com/google/inject/guice/4.0/guice-4.0.jar:/home/runner/.m2/repository/aopalliance/aopalliance/1.0/aopalliance-1.0.jar:/home/runner/.m2/repository/com/google/inject/extensions/guice-assistedinject/4.0/guice-assistedinject-4.0.jar:/home/runner/.m2/repository/com/google/inject/extensions/guice-servlet/4.0/guice-servlet-4.0.jar:/home/runner/.m2/repository/org/glassfish/jersey/containers/jersey-container-servlet/2.34/jersey-container-servlet-2.34.jar:/home/runner/.m2/repository/org/glassfish/hk2/guice-bridge/2.5.0/guice-bridge-2.5.0.jar:/home/runner/.m2/repository/org/glassfish/jersey/core/jersey-server/2.34/jersey-server-2.34.jar:/home/runner/.m2/repository/org/glassfish/jersey/core/jersey-client/2.34/jersey-client-2.34.jar:/home/runner/.m2/repository/jakarta/annotation/jakarta.annotation-api/1.3.5/jakarta.annotation-api-1.3.5.jar:/home/runner/.m2/repository/jakarta/validation/jakarta.validation-api/2.0.2/jakarta.validation-api-2.0.2.jar:/home/runner/.m2/repository/org/glassfish/jersey/media/jersey-media-json-jackson/2.34/jersey-media-json-jackson-2.34.jar:/home/runner/.m2/repository/org/glassfish/jersey/ext/jersey-entity-filtering/2.34/jersey-entity-filtering-2.34.jar:/home/runner/.m2/repository/org/jooq/jooq/3.11.10/jooq-3.11.10.jar:/home/runner/.m2/repository/org/jooq/jooq-meta/3.11.10/jooq-meta-3.11.10.jar:/home/runner/.m2/repository/org/jooq/jooq-codegen/3.11.10/jooq-codegen-3.11.10.jar:/home/runner/.m2/repository/com/jolbox/bonecp/0.8.0.RELEASE/bonecp-0.8.0.RELEASE.jar:/home/runner/.m2/repository/org/apache/derby/derby/10.14.2.0/derby-10.14.2.0.jar:/home/runner/.m2/repository/org/xerial/sqlite-jdbc/3.25.2/sqlite-jdbc-3.25.2.jar:/home/runner/.m2/repository/org/springframework/spring-jdbc/5.2.20.RELEASE/spring-jdbc-5.2.20.RELEASE.jar:/home/runner/.m2/repository/org/springframework/spring-beans/5.2.20.RELEASE/spring-beans-5.2.20.RELEASE.jar:/home/runner/.m2/repository/org/springframework/spring-core/5.2.20.RELEASE/spring-core-5.2.20.RELEASE.jar:/home/runner/.m2/repository/org/springframework/spring-jcl/5.2.20.RELEASE/spring-jcl-5.2.20.RELEASE.jar:/home/runner/.m2/repository/org/springframework/spring-tx/5.2.20.RELEASE/spring-tx-5.2.20.RELEASE.jar:/home/runner/.m2/repository/org/apache/ozone/ozone-client/1.3.0-SNAPSHOT/ozone-client-1.3.0-SNAPSHOT.jar:/home/runner/.m2/repository/org/apache/ozone/hdds-erasurecode/1.3.0-SNAPSHOT/hdds-erasurecode-1.3.0-SNAPSHOT.jar:/home/runner/.m2/repository/com/github/spotbugs/spotbugs-annotations/3.1.12/spotbugs-annotations-3.1.12.jar:/home/runner/.m2/repository/org/apache/ozone/ozone-filesystem/1.3.0-SNAPSHOT/ozone-filesystem-1.3.0-SNAPSHOT.jar:/home/runner/.m2/repository/org/apache/ozone/ozone-filesystem-common/1.3.0-SNAPSHOT/ozone-filesystem-common-1.3.0-SNAPSHOT.jar:/home/runner/.m2/repository/org/apache/ozone/ozone-tools/1.3.0-SNAPSHOT/ozone-tools-1.3.0-SNAPSHOT.jar:/home/runner/.m2/repository/org/apache/ratis/ratis-tools/2.3.0/ratis-tools-2.3.0.jar:/home/runner/.m2/repository/com/amazonaws/aws-java-sdk-core/1.12.261/aws-java-sdk-core-1.12.261.jar:/home/runner/.m2/repository/org/apache/httpcomponents/httpclient/4.5.13/httpclient-4.5.13.jar:/home/runner/.m2/repository/org/apache/httpcomponents/httpcore/4.4.13/httpcore-4.4.13.jar:/home/runner/.m2/repository/software/amazon/ion/ion-java/1.0.2/ion-java-1.0.2.jar:/home/runner/.m2/repository/com/fasterxml/jackson/dataformat/jackson-dataformat-cbor/2.13.2/jackson-dataformat-cbor-2.13.2.jar:/home/runner/.m2/repository/joda-time/joda-time/2.8.1/joda-time-2.8.1.jar:/home/runner/.m2/repository/com/amazonaws/aws-java-sdk-s3/1.12.261/aws-java-sdk-s3-1.12.261.jar:/home/runner/.m2/repository/com/amazonaws/aws-java-sdk-kms/1.12.261/aws-java-sdk-kms-1.12.261.jar:/home/runner/.m2/repository/com/amazonaws/jmespath-java/1.12.261/jmespath-java-1.12.261.jar:/home/runner/.m2/repository/org/kohsuke/metainf-services/metainf-services/1.8/metainf-services-1.8.jar:/home/runner/.m2/repository/org/apache/ozone/hdds-tools/1.3.0-SNAPSHOT/hdds-tools-1.3.0-SNAPSHOT.jar:/home/runner/.m2/repository/commons-cli/commons-cli/1.2/commons-cli-1.2.jar:/home/runner/.m2/repository/org/apache/commons/commons-lang3/3.7/commons-lang3-3.7.jar:/home/runner/.m2/repository/org/apache/ozone/ozone-manager/1.3.0-SNAPSHOT/ozone-manager-1.3.0-SNAPSHOT-tests.jar:/home/runner/.m2/repository/org/apache/ozone/hdds-common/1.3.0-SNAPSHOT/hdds-common-1.3.0-SNAPSHOT-tests.jar:/home/runner/.m2/repository/org/apache/ozone/hdds-hadoop-dependency-client/1.3.0-SNAPSHOT/hdds-hadoop-dependency-client-1.3.0-SNAPSHOT.jar:/home/runner/.m2/repository/info/picocli/picocli/4.6.1/picocli-4.6.1.jar:/home/runner/.m2/repository/com/fasterxml/jackson/core/jackson-annotations/2.13.2/jackson-annotations-2.13.2.jar:/home/runner/.m2/repository/com/fasterxml/jackson/datatype/jackson-datatype-jsr310/2.13.2/jackson-datatype-jsr310-2.13.2.jar:/home/runner/.m2/repository/org/apache/ozone/hdds-annotation-processing/1.3.0-SNAPSHOT/hdds-annotation-processing-1.3.0-SNAPSHOT.jar:/home/runner/.m2/repository/javax/annotation/javax.annotation-api/1.2/javax.annotation-api-1.2.jar:/home/runner/.m2/repository/org/apache/ratis/ratis-server/2.3.0/ratis-server-2.3.0.jar:/home/runner/.m2/repository/org/apache/ratis/ratis-client/2.3.0/ratis-client-2.3.0.jar:/home/runner/.m2/repository/org/apache/ratis/ratis-server-api/2.3.0/ratis-server-api-2.3.0.jar:/home/runner/.m2/repository/org/apache/ratis/ratis-metrics/2.3.0/ratis-metrics-2.3.0.jar:/home/runner/.m2/repository/org/apache/ratis/ratis-netty/2.3.0/ratis-netty-2.3.0.jar:/home/runner/.m2/repository/org/apache/ratis/ratis-grpc/2.3.0/ratis-grpc-2.3.0.jar:/home/runner/.m2/repository/org/apache/logging/log4j/log4j-api/2.17.1/log4j-api-2.17.1.jar:/home/runner/.m2/repository/org/apache/commons/commons-pool2/2.6.0/commons-pool2-2.6.0.jar:/home/runner/.m2/repository/org/bouncycastle/bcpkix-jdk15on/1.67/bcpkix-jdk15on-1.67.jar:/home/runner/.m2/repository/commons-validator/commons-validator/1.6/commons-validator-1.6.jar:/home/runner/.m2/repository/commons-beanutils/commons-beanutils/1.9.4/commons-beanutils-1.9.4.jar:/home/runner/.m2/repository/commons-digester/commons-digester/1.8.1/commons-digester-1.8.1.jar:/home/runner/.m2/repository/commons-collections/commons-collections/3.2.2/commons-collections-3.2.2.jar:/home/runner/.m2/repository/io/jaegertracing/jaeger-client/1.6.0/jaeger-client-1.6.0.jar:/home/runner/.m2/repository/io/jaegertracing/jaeger-thrift/1.6.0/jaeger-thrift-1.6.0.jar:/home/runner/.m2/repository/org/apache/thrift/libthrift/0.14.1/libthrift-0.14.1.jar:/home/runner/.m2/repository/com/squareup/okhttp3/okhttp/4.9.0/okhttp-4.9.0.jar:/home/runner/.m2/repository/com/squareup/okio/okio/2.8.0/okio-2.8.0.jar:/home/runner/.m2/repository/io/jaegertracing/jaeger-core/1.6.0/jaeger-core-1.6.0.jar:/home/runner/.m2/repository/io/jaegertracing/jaeger-tracerresolver/1.6.0/jaeger-tracerresolver-1.6.0.jar:/home/runner/.m2/repository/io/opentracing/contrib/opentracing-tracerresolver/0.1.8/opentracing-tracerresolver-0.1.8.jar:/home/runner/.m2/repository/org/jetbrains/kotlin/kotlin-stdlib/1.6.21/kotlin-stdlib-1.6.21.jar:/home/runner/.m2/repository/org/jetbrains/kotlin/kotlin-stdlib-common/1.6.21/kotlin-stdlib-common-1.6.21.jar:/home/runner/.m2/repository/org/jetbrains/annotations/13.0/annotations-13.0.jar:/home/runner/.m2/repository/io/opentracing/opentracing-util/0.33.0/opentracing-util-0.33.0.jar:/home/runner/.m2/repository/io/opentracing/opentracing-api/0.33.0/opentracing-api-0.33.0.jar:/home/runner/.m2/repository/io/opentracing/opentracing-noop/0.33.0/opentracing-noop-0.33.0.jar:/home/runner/.m2/repository/org/yaml/snakeyaml/1.32/snakeyaml-1.32.jar:/home/runner/.m2/repository/org/apache/ozone/hdds-interface-admin/1.3.0-SNAPSHOT/hdds-interface-admin-1.3.0-SNAPSHOT.jar:/home/runner/.m2/repository/junit/junit/4.13.1/junit-4.13.1.jar:/home/runner/.m2/repository/org/hamcrest/hamcrest-core/1.3/hamcrest-core-1.3.jar:/home/runner/.m2/repository/org/junit/jupiter/junit-jupiter-api/5.8.2/junit-jupiter-api-5.8.2.jar:/home/runner/.m2/repository/org/opentest4j/opentest4j/1.2.0/opentest4j-1.2.0.jar:/home/runner/.m2/repository/org/junit/platform/junit-platform-commons/1.8.2/junit-platform-commons-1.8.2.jar:/home/runner/.m2/repository/org/apiguardian/apiguardian-api/1.1.2/apiguardian-api-1.1.2.jar:/home/runner/.m2/repository/org/junit/jupiter/junit-jupiter-params/5.8.2/junit-jupiter-params-5.8.2.jar:/home/runner/.m2/repository/org/junit/jupiter/junit-jupiter-migrationsupport/5.8.2/junit-jupiter-migrationsupport-5.8.2.jar:/home/runner/.m2/repository/org/junit/jupiter/junit-jupiter-engine/5.8.2/junit-jupiter-engine-5.8.2.jar:/home/runner/.m2/repository/org/junit/platform/junit-platform-engine/1.8.2/junit-platform-engine-1.8.2.jar:/home/runner/.m2/repository/org/junit/vintage/junit-vintage-engine/5.8.2/junit-vintage-engine-5.8.2.jar:/home/runner/.m2/repository/org/junit/platform/junit-platform-launcher/1.8.2/junit-platform-launcher-1.8.2.jar:/home/runner/.m2/repository/org/mockito/mockito-core/2.28.2/mockito-core-2.28.2.jar:/home/runner/.m2/repository/net/bytebuddy/byte-buddy/1.9.10/byte-buddy-1.9.10.jar:/home/runner/.m2/repository/net/bytebuddy/byte-buddy-agent/1.9.10/byte-buddy-agent-1.9.10.jar:/home/runner/.m2/repository/org/objenesis/objenesis/1.0/objenesis-1.0.jar:/home/runner/.m2/repository/org/apache/hadoop/hadoop-kms/3.3.1/hadoop-kms-3.3.1.jar:/home/runner/.m2/repository/org/apache/hadoop/hadoop-auth/3.3.1/hadoop-auth-3.3.1.jar:/home/runner/.m2/repository/com/nimbusds/nimbus-jose-jwt/7.9/nimbus-jose-jwt-7.9.jar:/home/runner/.m2/repository/com/github/stephenc/jcip/jcip-annotations/1.0-1/jcip-annotations-1.0-1.jar:/home/runner/.m2/repository/net/minidev/json-smart/2.4.7/json-smart-2.4.7.jar:/home/runner/.m2/repository/net/minidev/accessors-smart/2.4.7/accessors-smart-2.4.7.jar:/home/runner/.m2/repository/org/ow2/asm/asm/5.0.4/asm-5.0.4.jar:/home/runner/.m2/repository/org/apache/zookeeper/zookeeper/3.5.6/zookeeper-3.5.6.jar:/home/runner/.m2/repository/org/apache/zookeeper/zookeeper-jute/3.5.6/zookeeper-jute-3.5.6.jar:/home/runner/.m2/repository/org/apache/yetus/audience-annotations/0.5.0/audience-annotations-0.5.0.jar:/home/runner/.m2/repository/org/apache/curator/curator-framework/4.2.0/curator-framework-4.2.0.jar:/home/runner/.m2/repository/org/apache/hadoop/thirdparty/hadoop-shaded-guava/1.1.1/hadoop-shaded-guava-1.1.1.jar:/home/runner/.m2/repository/com/sun/jersey/jersey-core/1.19/jersey-core-1.19.jar:/home/runner/.m2/repository/javax/ws/rs/jsr311-api/1.1.1/jsr311-api-1.1.1.jar:/home/runner/.m2/repository/com/sun/jersey/jersey-server/1.19/jersey-server-1.19.jar:/home/runner/.m2/repository/javax/servlet/javax.servlet-api/3.1.0/javax.servlet-api-3.1.0.jar:/home/runner/.m2/repository/org/eclipse/jetty/jetty-server/9.4.43.v20210629/jetty-server-9.4.43.v20210629.jar:/home/runner/.m2/repository/org/eclipse/jetty/jetty-http/9.4.43.v20210629/jetty-http-9.4.43.v20210629.jar:/home/runner/.m2/repository/org/eclipse/jetty/jetty-io/9.4.43.v20210629/jetty-io-9.4.43.v20210629.jar:/home/runner/.m2/repository/org/eclipse/jetty/jetty-webapp/9.4.43.v20210629/jetty-webapp-9.4.43.v20210629.jar:/home/runner/.m2/repository/org/eclipse/jetty/jetty-xml/9.4.43.v20210629/jetty-xml-9.4.43.v20210629.jar:/home/runner/.m2/repository/org/apache/hadoop/hadoop-common/3.3.1/hadoop-common-3.3.1.jar:/home/runner/.m2/repository/org/apache/commons/commons-math3/3.1.1/commons-math3-3.1.1.jar:/home/runner/.m2/repository/commons-net/commons-net/3.6/commons-net-3.6.jar:/home/runner/.m2/repository/com/sun/jersey/jersey-servlet/1.19/jersey-servlet-1.19.jar:/home/runner/.m2/repository/com/sun/jersey/jersey-json/1.19/jersey-json-1.19.jar:/home/runner/.m2/repository/org/codehaus/jettison/jettison/1.1/jettison-1.1.jar:/home/runner/.m2/repository/com/sun/xml/bind/jaxb-impl/2.2.3-1/jaxb-impl-2.2.3-1.jar:/home/runner/.m2/repository/org/codehaus/jackson/jackson-xc/1.9.2/jackson-xc-1.9.2.jar:/home/runner/.m2/repository/org/apache/commons/commons-configuration2/2.1.1/commons-configuration2-2.1.1.jar:/home/runner/.m2/repository/org/apache/commons/commons-text/1.4/commons-text-1.4.jar:/home/runner/.m2/repository/com/google/re2j/re2j/1.1/re2j-1.1.jar:/home/runner/.m2/repository/com/jcraft/jsch/0.1.54/jsch-0.1.54.jar:/home/runner/.m2/repository/org/apache/curator/curator-client/4.2.0/curator-client-4.2.0.jar:/home/runner/.m2/repository/org/apache/curator/curator-recipes/4.2.0/curator-recipes-4.2.0.jar:/home/runner/.m2/repository/org/apache/htrace/htrace-core4/4.1.0-incubating/htrace-core4-4.1.0-incubating.jar:/home/runner/.m2/repository/org/apache/kerby/kerb-core/1.0.1/kerb-core-1.0.1.jar:/home/runner/.m2/repository/org/apache/kerby/kerby-pkix/1.0.1/kerby-pkix-1.0.1.jar:/home/runner/.m2/repository/org/apache/kerby/kerby-asn1/1.0.1/kerby-asn1-1.0.1.jar:/home/runner/.m2/repository/org/apache/kerby/kerby-util/1.0.1/kerby-util-1.0.1.jar:/home/runner/.m2/repository/dnsjava/dnsjava/2.1.7/dnsjava-2.1.7.jar:/home/runner/.m2/repository/org/xerial/snappy/snappy-java/1.1.8.2/snappy-java-1.1.8.2.jar:/home/runner/.m2/repository/org/eclipse/jetty/jetty-util/9.4.43.v20210629/jetty-util-9.4.43.v20210629.jar:/home/runner/.m2/repository/com/fasterxml/jackson/core/jackson-databind/2.13.2.2/jackson-databind-2.13.2.2.jar:/home/runner/.m2/repository/org/apache/hadoop/hadoop-kms/3.3.1/hadoop-kms-3.3.1-tests.jar:/home/runner/.m2/repository/org/apache/ozone/hdds-server-scm/1.3.0-SNAPSHOT/hdds-server-scm-1.3.0-SNAPSHOT-tests.jar:/home/runner/.m2/repository/org/apache/ozone/hdds-container-service/1.3.0-SNAPSHOT/hdds-container-service-1.3.0-SNAPSHOT-tests.jar:/home/runner/.m2/repository/commons-codec/commons-codec/1.11/commons-codec-1.11.jar:/home/runner/.m2/repository/io/netty/netty-codec/4.1.79.Final/netty-codec-4.1.79.Final.jar:/home/runner/.m2/repository/io/netty/netty-handler/4.1.79.Final/netty-handler-4.1.79.Final.jar:/home/runner/.m2/repository/org/apache/ozone/hdds-hadoop-dependency-test/1.3.0-SNAPSHOT/hdds-hadoop-dependency-test-1.3.0-SNAPSHOT.jar:/home/runner/.m2/repository/org/apache/hadoop/hadoop-common/3.3.1/hadoop-common-3.3.1-tests.jar:/home/runner/.m2/repository/org/apache/hadoop/hadoop-hdfs/3.3.1/hadoop-hdfs-3.3.1-tests.jar:/home/runner/.m2/repository/org/assertj/assertj-core/3.12.2/assertj-core-3.12.2.jar:/home/runner/.m2/repository/org/apache/hadoop/hadoop-distcp/3.3.1/hadoop-distcp-3.3.1.jar:/home/runner/.m2/repository/org/apache/hadoop/hadoop-mapreduce-client-jobclient/3.3.1/hadoop-mapreduce-client-jobclient-3.3.1.jar:/home/runner/.m2/repository/org/apache/hadoop/hadoop-mapreduce-client-common/3.3.1/hadoop-mapreduce-client-common-3.3.1.jar:/home/runner/.m2/repository/org/apache/hadoop/hadoop-yarn-common/3.3.1/hadoop-yarn-common-3.3.1.jar:/home/runner/.m2/repository/org/apache/hadoop/hadoop-yarn-api/3.3.1/hadoop-yarn-api-3.3.1.jar:/home/runner/.m2/repository/com/sun/jersey/contribs/jersey-guice/1.19/jersey-guice-1.19.jar:/home/runner/.m2/repository/com/fasterxml/jackson/jaxrs/jackson-jaxrs-json-provider/2.13.2/jackson-jaxrs-json-provider-2.13.2.jar:/home/runner/.m2/repository/com/fasterxml/jackson/jaxrs/jackson-jaxrs-base/2.13.2/jackson-jaxrs-base-2.13.2.jar:/home/runner/.m2/repository/org/apache/hadoop/hadoop-yarn-client/3.3.1/hadoop-yarn-client-3.3.1.jar:/home/runner/.m2/repository/org/eclipse/jetty/websocket/websocket-client/9.4.40.v20210413/websocket-client-9.4.40.v20210413.jar:/home/runner/.m2/repository/org/eclipse/jetty/websocket/websocket-common/9.4.40.v20210413/websocket-common-9.4.40.v20210413.jar:/home/runner/.m2/repository/org/eclipse/jetty/websocket/websocket-api/9.4.40.v20210413/websocket-api-9.4.40.v20210413.jar:/home/runner/.m2/repository/org/jline/jline/3.9.0/jline-3.9.0.jar:/home/runner/.m2/repository/org/apache/hadoop/hadoop-mapreduce-client-core/3.3.1/hadoop-mapreduce-client-core-3.3.1.jar:/home/runner/.m2/repository/org/apache/avro/avro/1.7.7/avro-1.7.7.jar:/home/runner/.m2/repository/org/codehaus/jackson/jackson-core-asl/1.9.13/jackson-core-asl-1.9.13.jar:/home/runner/.m2/repository/org/codehaus/jackson/jackson-mapper-asl/1.9.13/jackson-mapper-asl-1.9.13.jar:/home/runner/.m2/repository/com/thoughtworks/paranamer/paranamer/2.3/paranamer-2.3.jar:/home/runner/.m2/repository/org/apache/hadoop/hadoop-annotations/3.3.1/hadoop-annotations-3.3.1.jar:/opt/hostedtoolcache/jdk/8.0.345/x64/jre/../lib/tools.jar:/home/runner/.m2/repository/io/netty/netty/3.10.6.Final/netty-3.10.6.Final.jar:/home/runner/.m2/repository/org/apache/hadoop/hadoop-distcp/3.3.1/hadoop-distcp-3.3.1-tests.jar:/home/runner/.m2/repository/org/slf4j/jul-to-slf4j/1.7.36/jul-to-slf4j-1.7.36.jar:/home/runner/.m2/repository/org/apache/ratis/ratis-common/2.3.0/ratis-common-2.3.0.jar:/home/runner/.m2/repository/org/apache/ratis/ratis-thirdparty-misc/1.0.0/ratis-thirdparty-misc-1.0.0.jar:/home/runner/.m2/repository/org/apache/ratis/ratis-proto/2.3.0/ratis-proto-2.3.0.jar:"/>
    <property name="sun.cpu.endian" value="little"/>
    <property name="user.home" value="/home/runner"/>
    <property name="user.language" value="en"/>
    <property name="java.specification.vendor" value="Oracle Corporation"/>
    <property name="java.home" value="/opt/hostedtoolcache/jdk/8.0.345/x64/jre"/>
    <property name="java.security.krb5.conf" value="/home/runner/work/ozone/ozone/hadoop-ozone/integration-test/target/test-classes/krb5.conf"/>
    <property name="basedir" value="/home/runner/work/ozone/ozone/hadoop-ozone/integration-test"/>
    <property name="file.separator" value="/"/>
    <property name="line.separator" value="&#10;"/>
    <property name="jdk.vendor.version" value="Zulu 8.64.0.19-CA-linux64"/>
    <property name="java.vm.specification.vendor" value="Oracle Corporation"/>
    <property name="java.specification.name" value="Java Platform API Specification"/>
    <property name="java.awt.graphicsenv" value="sun.awt.X11GraphicsEnvironment"/>
    <property name="skip.installnpx" value="true"/>
    <property name="surefire.fork.timeout" value="3600"/>
    <property name="surefire.real.class.path" value="/home/runner/work/ozone/ozone/hadoop-ozone/integration-test/target/surefire/surefirebooter83931258576162258.jar:/home/runner/.m2/repository/org/jacoco/org.jacoco.agent/0.8.5/org.jacoco.agent-0.8.5-runtime.jar"/>
    <property name="hadoop.log.dir" value="/home/runner/work/ozone/ozone/hadoop-ozone/integration-test/target/log"/>
    <property name="sun.boot.class.path" value="/opt/hostedtoolcache/jdk/8.0.345/x64/jre/lib/resources.jar:/opt/hostedtoolcache/jdk/8.0.345/x64/jre/lib/rt.jar:/opt/hostedtoolcache/jdk/8.0.345/x64/jre/lib/sunrsasign.jar:/opt/hostedtoolcache/jdk/8.0.345/x64/jre/lib/jsse.jar:/opt/hostedtoolcache/jdk/8.0.345/x64/jre/lib/jce.jar:/opt/hostedtoolcache/jdk/8.0.345/x64/jre/lib/charsets.jar:/opt/hostedtoolcache/jdk/8.0.345/x64/jre/lib/jfr.jar:/opt/hostedtoolcache/jdk/8.0.345/x64/jre/lib/cat.jar:/opt/hostedtoolcache/jdk/8.0.345/x64/jre/classes"/>
    <property name="sun.management.compiler" value="HotSpot 64-Bit Tiered Compilers"/>
    <property name="skip.npx" value="true"/>
    <property name="java.runtime.version" value="1.8.0_345-b01"/>
    <property name="java.net.preferIPv4Stack" value="true"/>
    <property name="user.name" value="runner"/>
    <property name="path.separator" value=":"/>
    <property name="java.security.egd" value="file:///dev/urandom"/>
    <property name="os.version" value="5.15.0-1020-azure"/>
    <property name="java.endorsed.dirs" value="/opt/hostedtoolcache/jdk/8.0.345/x64/jre/lib/endorsed"/>
    <property name="java.runtime.name" value="OpenJDK Runtime Environment"/>
    <property name="file.encoding" value="UTF-8"/>
    <property name="java.vm.name" value="OpenJDK 64-Bit Server VM"/>
    <property name="test.build.webapps" value=""/>
    <property name="localRepository" value="/home/runner/.m2/repository"/>
    <property name="jetty.git.hash" value="526006ecfa3af7f1a27ef3a288e2bef7ea9dd7e8"/>
    <property name="java.vendor.url.bug" value="http://www.azul.com/support/"/>
    <property name="java.io.tmpdir" value="/tmp"/>
    <property name="require.test.libhadoop" value=""/>
    <property name="surefire.rerunFailingTestsCount" value="5"/>
    <property name="java.version" value="1.8.0_345"/>
    <property name="user.dir" value="/home/runner/work/ozone/ozone/hadoop-ozone/integration-test"/>
    <property name="os.arch" value="amd64"/>
    <property name="java.vm.specification.name" value="Java Virtual Machine Specification"/>
    <property name="test.build.classes" value="/home/runner/work/ozone/ozone/hadoop-ozone/integration-test/target/test-classes"/>
    <property name="java.awt.printerjob" value="sun.print.PSPrinterJob"/>
    <property name="sun.os.patch.level" value="unknown"/>
    <property name="hadoop.tmp.dir" value="/home/runner/work/ozone/ozone/hadoop-ozone/integration-test/target/tmp"/>
    <property name="java.library.path" value="/usr/java/packages/lib/amd64:/usr/lib64:/lib64:/lib:/usr/lib"/>
    <property name="java.vm.info" value="mixed mode"/>
    <property name="java.vendor" value="Azul Systems, Inc."/>
    <property name="java.vm.version" value="25.345-b01"/>
    <property name="java.ext.dirs" value="/opt/hostedtoolcache/jdk/8.0.345/x64/jre/lib/ext:/usr/java/packages/lib/ext"/>
    <property name="sun.io.unicode.encoding" value="UnicodeLittle"/>
    <property name="java.class.version" value="52.0"/>
  </properties>
  <testcase name="testNodeWithOpenPipelineCanBeDecommissionedAndRecommissioned" classname="org.apache.hadoop.ozone.scm.node.TestDecommissionAndMaintenance" time="63.565">
    <error type="java.lang.IllegalStateException"><![CDATA[java.lang.IllegalStateException: zip file closed
	at java.util.zip.ZipFile.ensureOpen(ZipFile.java:701)
	at java.util.zip.ZipFile.access$200(ZipFile.java:61)
	at java.util.zip.ZipFile$ZipEntryIterator.hasNext(ZipFile.java:523)
	at java.util.zip.ZipFile$ZipEntryIterator.hasMoreElements(ZipFile.java:518)
	at java.util.jar.JarFile$JarEntryIterator.hasNext(JarFile.java:266)
	at java.util.jar.JarFile$JarEntryIterator.hasMoreElements(JarFile.java:275)
	at org.reflections.vfs.ZipDir$1$1.computeNext(ZipDir.java:30)
	at org.reflections.vfs.ZipDir$1$1.computeNext(ZipDir.java:26)
	at com.google.common.collect.AbstractIterator.tryToComputeNext(AbstractIterator.java:146)
	at com.google.common.collect.AbstractIterator.hasNext(AbstractIterator.java:141)
	at org.reflections.Reflections.scan(Reflections.java:243)
	at org.reflections.Reflections.scan(Reflections.java:202)
	at org.reflections.Reflections.<init>(Reflections.java:123)
	at org.reflections.Reflections.<init>(Reflections.java:168)
	at org.apache.hadoop.hdds.upgrade.HDDSLayoutVersionManager.registerUpgradeActions(HDDSLayoutVersionManager.java:64)
	at org.apache.hadoop.hdds.upgrade.HDDSLayoutVersionManager.<init>(HDDSLayoutVersionManager.java:51)
	at org.apache.hadoop.ozone.container.common.statemachine.DatanodeStateMachine.<init>(DatanodeStateMachine.java:144)
	at org.apache.hadoop.ozone.HddsDatanodeService.start(HddsDatanodeService.java:279)
	at org.apache.hadoop.ozone.HddsDatanodeService.start(HddsDatanodeService.java:209)
	at org.apache.hadoop.ozone.MiniOzoneClusterImpl.restartHddsDatanode(MiniOzoneClusterImpl.java:418)
	at org.apache.hadoop.ozone.scm.node.TestDecommissionAndMaintenance.testNodeWithOpenPipelineCanBeDecommissionedAndRecommissioned(TestDecommissionAndMaintenance.java:229)
	at sun.reflect.NativeMethodAccessorImpl.invoke0(Native Method)
	at sun.reflect.NativeMethodAccessorImpl.invoke(NativeMethodAccessorImpl.java:62)
	at sun.reflect.DelegatingMethodAccessorImpl.invoke(DelegatingMethodAccessorImpl.java:43)
	at java.lang.reflect.Method.invoke(Method.java:498)
	at org.junit.platform.commons.util.ReflectionUtils.invokeMethod(ReflectionUtils.java:725)
	at org.junit.jupiter.engine.execution.MethodInvocation.proceed(MethodInvocation.java:60)
	at org.junit.jupiter.engine.execution.InvocationInterceptorChain$ValidatingInvocation.proceed(InvocationInterceptorChain.java:131)
	at org.junit.jupiter.engine.extension.TimeoutExtension.intercept(TimeoutExtension.java:149)
	at org.junit.jupiter.engine.extension.TimeoutExtension.interceptTestableMethod(TimeoutExtension.java:140)
	at org.junit.jupiter.engine.extension.TimeoutExtension.interceptTestMethod(TimeoutExtension.java:84)
	at org.junit.jupiter.engine.execution.ExecutableInvoker$ReflectiveInterceptorCall.lambda$ofVoidMethod$0(ExecutableInvoker.java:115)
	at org.junit.jupiter.engine.execution.ExecutableInvoker.lambda$invoke$0(ExecutableInvoker.java:105)
	at org.junit.jupiter.engine.execution.InvocationInterceptorChain$InterceptedInvocation.proceed(InvocationInterceptorChain.java:106)
	at org.junit.jupiter.engine.execution.InvocationInterceptorChain.proceed(InvocationInterceptorChain.java:64)
	at org.junit.jupiter.engine.execution.InvocationInterceptorChain.chainAndInvoke(InvocationInterceptorChain.java:45)
	at org.junit.jupiter.engine.execution.InvocationInterceptorChain.invoke(InvocationInterceptorChain.java:37)
	at org.junit.jupiter.engine.execution.ExecutableInvoker.invoke(ExecutableInvoker.java:104)
	at org.junit.jupiter.engine.execution.ExecutableInvoker.invoke(ExecutableInvoker.java:98)
	at org.junit.jupiter.engine.descriptor.TestMethodTestDescriptor.lambda$invokeTestMethod$7(TestMethodTestDescriptor.java:214)
	at org.junit.platform.engine.support.hierarchical.ThrowableCollector.execute(ThrowableCollector.java:73)
	at org.junit.jupiter.engine.descriptor.TestMethodTestDescriptor.invokeTestMethod(TestMethodTestDescriptor.java:210)
	at org.junit.jupiter.engine.descriptor.TestMethodTestDescriptor.execute(TestMethodTestDescriptor.java:135)
	at org.junit.jupiter.engine.descriptor.TestMethodTestDescriptor.execute(TestMethodTestDescriptor.java:66)
	at org.junit.platform.engine.support.hierarchical.NodeTestTask.lambda$executeRecursively$6(NodeTestTask.java:151)
	at org.junit.platform.engine.support.hierarchical.ThrowableCollector.execute(ThrowableCollector.java:73)
	at org.junit.platform.engine.support.hierarchical.NodeTestTask.lambda$executeRecursively$8(NodeTestTask.java:141)
	at org.junit.platform.engine.support.hierarchical.Node.around(Node.java:137)
	at org.junit.platform.engine.support.hierarchical.NodeTestTask.lambda$executeRecursively$9(NodeTestTask.java:139)
	at org.junit.platform.engine.support.hierarchical.ThrowableCollector.execute(ThrowableCollector.java:73)
	at org.junit.platform.engine.support.hierarchical.NodeTestTask.executeRecursively(NodeTestTask.java:138)
	at org.junit.platform.engine.support.hierarchical.NodeTestTask.execute(NodeTestTask.java:95)
	at java.util.ArrayList.forEach(ArrayList.java:1259)
	at org.junit.platform.engine.support.hierarchical.SameThreadHierarchicalTestExecutorService.invokeAll(SameThreadHierarchicalTestExecutorService.java:41)
	at org.junit.platform.engine.support.hierarchical.NodeTestTask.lambda$executeRecursively$6(NodeTestTask.java:155)
	at org.junit.platform.engine.support.hierarchical.ThrowableCollector.execute(ThrowableCollector.java:73)
	at org.junit.platform.engine.support.hierarchical.NodeTestTask.lambda$executeRecursively$8(NodeTestTask.java:141)
	at org.junit.platform.engine.support.hierarchical.Node.around(Node.java:137)
	at org.junit.platform.engine.support.hierarchical.NodeTestTask.lambda$executeRecursively$9(NodeTestTask.java:139)
	at org.junit.platform.engine.support.hierarchical.ThrowableCollector.execute(ThrowableCollector.java:73)
	at org.junit.platform.engine.support.hierarchical.NodeTestTask.executeRecursively(NodeTestTask.java:138)
	at org.junit.platform.engine.support.hierarchical.NodeTestTask.execute(NodeTestTask.java:95)
	at java.util.ArrayList.forEach(ArrayList.java:1259)
	at org.junit.platform.engine.support.hierarchical.SameThreadHierarchicalTestExecutorService.invokeAll(SameThreadHierarchicalTestExecutorService.java:41)
	at org.junit.platform.engine.support.hierarchical.NodeTestTask.lambda$executeRecursively$6(NodeTestTask.java:155)
	at org.junit.platform.engine.support.hierarchical.ThrowableCollector.execute(ThrowableCollector.java:73)
	at org.junit.platform.engine.support.hierarchical.NodeTestTask.lambda$executeRecursively$8(NodeTestTask.java:141)
	at org.junit.platform.engine.support.hierarchical.Node.around(Node.java:137)
	at org.junit.platform.engine.support.hierarchical.NodeTestTask.lambda$executeRecursively$9(NodeTestTask.java:139)
	at org.junit.platform.engine.support.hierarchical.ThrowableCollector.execute(ThrowableCollector.java:73)
	at org.junit.platform.engine.support.hierarchical.NodeTestTask.executeRecursively(NodeTestTask.java:138)
	at org.junit.platform.engine.support.hierarchical.NodeTestTask.execute(NodeTestTask.java:95)
	at org.junit.platform.engine.support.hierarchical.SameThreadHierarchicalTestExecutorService.submit(SameThreadHierarchicalTestExecutorService.java:35)
	at org.junit.platform.engine.support.hierarchical.HierarchicalTestExecutor.execute(HierarchicalTestExecutor.java:57)
	at org.junit.platform.engine.support.hierarchical.HierarchicalTestEngine.execute(HierarchicalTestEngine.java:54)
	at org.junit.platform.launcher.core.EngineExecutionOrchestrator.execute(EngineExecutionOrchestrator.java:107)
	at org.junit.platform.launcher.core.EngineExecutionOrchestrator.execute(EngineExecutionOrchestrator.java:88)
	at org.junit.platform.launcher.core.EngineExecutionOrchestrator.lambda$execute$0(EngineExecutionOrchestrator.java:54)
	at org.junit.platform.launcher.core.EngineExecutionOrchestrator.withInterceptedStreams(EngineExecutionOrchestrator.java:67)
	at org.junit.platform.launcher.core.EngineExecutionOrchestrator.execute(EngineExecutionOrchestrator.java:52)
	at org.junit.platform.launcher.core.DefaultLauncher.execute(DefaultLauncher.java:114)
	at org.junit.platform.launcher.core.DefaultLauncher.execute(DefaultLauncher.java:86)
	at org.junit.platform.launcher.core.DefaultLauncherSession$DelegatingLauncher.execute(DefaultLauncherSession.java:86)
	at org.junit.platform.launcher.core.SessionPerRequestLauncher.execute(SessionPerRequestLauncher.java:53)
	at org.apache.maven.surefire.junitplatform.JUnitPlatformProvider.execute(JUnitPlatformProvider.java:188)
	at org.apache.maven.surefire.junitplatform.JUnitPlatformProvider.invokeAllTests(JUnitPlatformProvider.java:154)
	at org.apache.maven.surefire.junitplatform.JUnitPlatformProvider.invoke(JUnitPlatformProvider.java:124)
	at org.apache.maven.surefire.booter.ForkedBooter.runSuitesInProcess(ForkedBooter.java:428)
	at org.apache.maven.surefire.booter.ForkedBooter.execute(ForkedBooter.java:162)
	at org.apache.maven.surefire.booter.ForkedBooter.run(ForkedBooter.java:562)
	at org.apache.maven.surefire.booter.ForkedBooter.main(ForkedBooter.java:548)
]]></error>
    <system-out><![CDATA[2022-09-30 13:40:14,057 [Mini-Cluster-Provider-Create] WARN  server.ServerUtils (ServerUtils.java:getScmDbDir(148)) - ozone.scm.db.dirs is not configured. We recommend adding this setting. Falling back to ozone.metadata.dirs instead.
2022-09-30 13:40:14,173 [Mini-Cluster-Provider-Create] WARN  server.ServerUtils (ServerUtils.java:getScmDbDir(148)) - ozone.scm.db.dirs is not configured. We recommend adding this setting. Falling back to ozone.metadata.dirs instead.
2022-09-30 13:40:14,182 [Mini-Cluster-Provider-Create] INFO  ha.SCMHANodeDetails (SCMHANodeDetails.java:loadSCMHAConfig(209)) - ServiceID for StorageContainerManager is null
2022-09-30 13:40:14,196 [Mini-Cluster-Provider-Create] WARN  ha.SCMHANodeDetails (SCMHANodeDetails.java:validateSCMHAConfig(182)) - Invalid config ozone.scm.ratis.enable. The config was not specified, but the default value true conflicts with the expected config value false. Falling back to the expected value. Current State of SCM: SCM is running in Non-HA without Ratis Ratis SCM -> Non Ratis SCM or Non HA SCM -> HA SCM is not supported
2022-09-30 13:40:14,196 [Mini-Cluster-Provider-Create] INFO  ha.SCMHANodeDetails (SCMHANodeDetails.java:loadSCMHAConfig(214)) - ozone.scm.default.service.id is not defined, falling back to ozone.scm.service.ids to find serviceID for StorageContainerManager if it is HA enabled cluster
2022-09-30 13:40:14,711 [Mini-Cluster-Provider-Create] WARN  utils.HAUtils (HAUtils.java:getMetaDir(342)) - ozone.scm.db.dirs is not configured. We recommend adding this setting. Falling back to ozone.metadata.dirs instead.
2022-09-30 13:40:14,945 [Mini-Cluster-Provider-Create] WARN  db.DBStoreBuilder (DBStoreBuilder.java:applyDBDefinition(144)) - ozone.scm.db.dirs is not configured. We recommend adding this setting. Falling back to ozone.metadata.dirs instead.
2022-09-30 13:40:15,187 [Mini-Cluster-Provider-Create] INFO  net.NodeSchemaLoader (NodeSchemaLoader.java:loadSchemaFromFile(129)) - Loading schema from [jar:file:/home/runner/.m2/repository/org/apache/ozone/hdds-common/1.3.0-SNAPSHOT/hdds-common-1.3.0-SNAPSHOT.jar!/network-topology-default.xml]
2022-09-30 13:40:15,191 [Mini-Cluster-Provider-Create] INFO  net.NodeSchemaLoader (NodeSchemaLoader.java:loadSchema(176)) - Loading network topology layer schema file
2022-09-30 13:40:15,244 [Mini-Cluster-Provider-Create] INFO  metrics.MetricRegistries (MetricRegistriesLoader.java:load(64)) - Loaded MetricRegistries class org.apache.ratis.metrics.impl.MetricRegistriesImpl
2022-09-30 13:40:15,258 [Mini-Cluster-Provider-Create] INFO  upgrade.AbstractLayoutVersionManager (AbstractLayoutVersionManager.java:init(83)) - Initializing Layout version manager with metadata layout = DATANODE_SCHEMA_V3 (version = 4), software layout = DATANODE_SCHEMA_V3 (version = 4)
2022-09-30 13:40:15,512 [Mini-Cluster-Provider-Create] INFO  reflections.Reflections (Reflections.java:scan(232)) - Reflections took 154 ms to scan 7 urls, producing 135 keys and 327 values 
2022-09-30 13:40:15,624 [Mini-Cluster-Provider-Create] INFO  ha.SequenceIdGenerator (SequenceIdGenerator.java:upgradeToSequenceId(349)) - upgrade localId to 109611004723200000
2022-09-30 13:40:15,624 [Mini-Cluster-Provider-Create] INFO  ha.SequenceIdGenerator (SequenceIdGenerator.java:upgradeToSequenceId(359)) - upgrade delTxnId to 0
2022-09-30 13:40:15,628 [Mini-Cluster-Provider-Create] INFO  ha.SequenceIdGenerator (SequenceIdGenerator.java:upgradeToSequenceId(376)) - upgrade containerId to 0
2022-09-30 13:40:15,630 [Mini-Cluster-Provider-Create] INFO  ha.SequenceIdGenerator (SequenceIdGenerator.java:<init>(220)) - Init the HA SequenceIdGenerator.
2022-09-30 13:40:15,677 [Mini-Cluster-Provider-Create] INFO  node.SCMNodeManager (SCMNodeManager.java:<init>(149)) - Entering startup safe mode.
2022-09-30 13:40:15,752 [Mini-Cluster-Provider-Create] INFO  algorithms.ContainerPlacementPolicyFactory (ContainerPlacementPolicyFactory.java:getPolicyInternal(86)) - Create container placement policy of type org.apache.hadoop.hdds.scm.container.placement.algorithms.SCMContainerPlacementRandom
2022-09-30 13:40:15,755 [Mini-Cluster-Provider-Create] INFO  algorithms.ContainerPlacementPolicyFactory (ContainerPlacementPolicyFactory.java:getPolicyInternal(86)) - Create container placement policy of type org.apache.hadoop.hdds.scm.container.placement.algorithms.SCMContainerPlacementRackScatter
2022-09-30 13:40:15,766 [Mini-Cluster-Provider-Create] INFO  pipeline.PipelineStateManagerImpl (PipelineStateManagerImpl.java:initialize(78)) - No pipeline exists in current db
2022-09-30 13:40:15,805 [Mini-Cluster-Provider-Create] INFO  algorithms.LeaderChoosePolicyFactory (LeaderChoosePolicyFactory.java:getPolicy(57)) - Create leader choose policy of type org.apache.hadoop.hdds.scm.pipeline.leader.choose.algorithms.MinLeaderCountChoosePolicy
2022-09-30 13:40:15,806 [Mini-Cluster-Provider-Create] INFO  algorithms.ContainerPlacementPolicyFactory (ContainerPlacementPolicyFactory.java:getPolicyInternal(86)) - Create container placement policy of type org.apache.hadoop.hdds.scm.container.placement.algorithms.SCMContainerPlacementRackScatter
2022-09-30 13:40:15,813 [Mini-Cluster-Provider-Create] INFO  ha.SCMServiceManager (SCMServiceManager.java:register(42)) - Registering service BackgroundPipelineCreator.
2022-09-30 13:40:15,813 [Mini-Cluster-Provider-Create] INFO  pipeline.BackgroundPipelineCreator (BackgroundPipelineCreator.java:start(124)) - Starting RatisPipelineUtilsThread.
2022-09-30 13:40:15,817 [Mini-Cluster-Provider-Create] INFO  BackgroundPipelineScrubber (BackgroundSCMService.java:start(68)) - Starting BackgroundPipelineScrubber Service.
2022-09-30 13:40:15,819 [Mini-Cluster-Provider-Create] INFO  ha.SCMServiceManager (SCMServiceManager.java:register(42)) - Registering service BackgroundPipelineScrubber.
2022-09-30 13:40:15,827 [Mini-Cluster-Provider-Create] INFO  ExpiredContainerReplicaOpScrubber (BackgroundSCMService.java:start(68)) - Starting ExpiredContainerReplicaOpScrubber Service.
2022-09-30 13:40:15,834 [Mini-Cluster-Provider-Create] INFO  ha.SCMServiceManager (SCMServiceManager.java:register(42)) - Registering service ExpiredContainerReplicaOpScrubber.
2022-09-30 13:40:15,881 [Mini-Cluster-Provider-Create] INFO  algorithms.PipelineChoosePolicyFactory (PipelineChoosePolicyFactory.java:createPipelineChoosePolicyFromClass(73)) - Create pipeline choose policy of type org.apache.hadoop.hdds.scm.pipeline.choose.algorithms.RandomPipelineChoosePolicy
2022-09-30 13:40:15,902 [Mini-Cluster-Provider-Create] INFO  ha.SCMServiceManager (SCMServiceManager.java:register(42)) - Registering service SCMBlockDeletingService.
2022-09-30 13:40:15,953 [Mini-Cluster-Provider-Create] INFO  replication.ReplicationManager (ReplicationManager.java:start(223)) - Starting Replication Monitor Thread.
2022-09-30 13:40:15,962 [Mini-Cluster-Provider-Create] INFO  ha.SCMServiceManager (SCMServiceManager.java:register(42)) - Registering service ReplicationManager.
2022-09-30 13:40:15,965 [ReplicationMonitor] INFO  replication.ReplicationManager (ReplicationManager.java:processAll(291)) - Replication Manager is not ready to run until 3000ms after safemode exit
2022-09-30 13:40:15,982 [Mini-Cluster-Provider-Create] INFO  safemode.ContainerSafeModeRule (ContainerSafeModeRule.java:<init>(89)) - containers with one replica threshold count 0
2022-09-30 13:40:15,985 [Mini-Cluster-Provider-Create] INFO  safemode.HealthyPipelineSafeModeRule (HealthyPipelineSafeModeRule.java:initializeRule(169)) - Total pipeline count is 0, healthy pipeline threshold count is 1
2022-09-30 13:40:15,992 [Mini-Cluster-Provider-Create] INFO  safemode.OneReplicaPipelineSafeModeRule (OneReplicaPipelineSafeModeRule.java:initializeRule(180)) - Total pipeline count is 0, pipeline's with at least one datanode reported threshold count is 0
2022-09-30 13:40:16,365 [Mini-Cluster-Provider-Create] INFO  audit.AuditLogger (AuditLogger.java:refreshDebugCmdSet(126)) - Refresh DebugCmdSet for SCMAudit to [].
2022-09-30 13:40:16,401 [Mini-Cluster-Provider-Create] INFO  ipc.CallQueueManager (CallQueueManager.java:<init>(90)) - Using callQueue: class java.util.concurrent.LinkedBlockingQueue, queueCapacity: 2000, scheduler: class org.apache.hadoop.ipc.DefaultRpcScheduler, ipcBackoff: false.
2022-09-30 13:40:16,448 [Socket Reader #1 for port 0] INFO  ipc.Server (Server.java:run(1265)) - Starting Socket Reader #1 for port 0
2022-09-30 13:40:16,517 [Listener at 0.0.0.0/35905] INFO  audit.AuditLogger (AuditLogger.java:refreshDebugCmdSet(126)) - Refresh DebugCmdSet for SCMAudit to [].
2022-09-30 13:40:16,524 [Listener at 0.0.0.0/35905] INFO  ipc.CallQueueManager (CallQueueManager.java:<init>(90)) - Using callQueue: class java.util.concurrent.LinkedBlockingQueue, queueCapacity: 2000, scheduler: class org.apache.hadoop.ipc.DefaultRpcScheduler, ipcBackoff: false.
2022-09-30 13:40:16,525 [Socket Reader #1 for port 0] INFO  ipc.Server (Server.java:run(1265)) - Starting Socket Reader #1 for port 0
2022-09-30 13:40:16,560 [Listener at 0.0.0.0/33991] INFO  audit.AuditLogger (AuditLogger.java:refreshDebugCmdSet(126)) - Refresh DebugCmdSet for SCMAudit to [].
2022-09-30 13:40:16,574 [Listener at 0.0.0.0/33991] INFO  ipc.CallQueueManager (CallQueueManager.java:<init>(90)) - Using callQueue: class java.util.concurrent.LinkedBlockingQueue, queueCapacity: 2000, scheduler: class org.apache.hadoop.ipc.DefaultRpcScheduler, ipcBackoff: false.
2022-09-30 13:40:16,575 [Socket Reader #1 for port 0] INFO  ipc.Server (Server.java:run(1265)) - Starting Socket Reader #1 for port 0
2022-09-30 13:40:16,731 [Listener at 0.0.0.0/37045] INFO  ha.SCMServiceManager (SCMServiceManager.java:register(42)) - Registering service ContainerBalancer.
2022-09-30 13:40:16,732 [Listener at 0.0.0.0/37045] INFO  server.StorageContainerManager (StorageContainerManager.java:<init>(410)) - 
Container Balancer status:
Key                            Value
Running                        false
Container Balancer Configuration values:
Key                                                Value
Threshold                                          10
Max Datanodes to Involve per Iteration(percent)    20
Max Size to Move per Iteration                     500GB
Max Size Entering Target per Iteration             26GB
Max Size Leaving Source per Iteration              26GB

2022-09-30 13:40:16,733 [Listener at 0.0.0.0/37045] WARN  events.EventQueue (EventQueue.java:fireEvent(216)) - No event handler registered for event TypedEvent{payloadType=SafeModeStatus, name='Safe mode status'}
2022-09-30 13:40:16,733 [Listener at 0.0.0.0/37045] INFO  ha.SCMContext (SCMContext.java:updateSafeModeStatus(228)) - Update SafeModeStatus from SafeModeStatus{safeModeStatus=true, preCheckPassed=false} to SafeModeStatus{safeModeStatus=true, preCheckPassed=false}.
2022-09-30 13:40:16,738 [Listener at 0.0.0.0/37045] INFO  server.StorageContainerManager (StorageContainerManager.java:start(1436)) - StorageContainerLocationProtocol RPC server is listening at /0.0.0.0:37045
2022-09-30 13:40:16,820 [Listener at 0.0.0.0/37045] WARN  impl.MetricsConfig (MetricsConfig.java:loadFirst(136)) - Cannot locate configuration: tried hadoop-metrics2-storagecontainermanager.properties,hadoop-metrics2.properties
2022-09-30 13:40:16,841 [Listener at 0.0.0.0/37045] INFO  impl.MetricsSystemImpl (MetricsSystemImpl.java:startTimer(378)) - Scheduled Metric snapshot period at 10 second(s).
2022-09-30 13:40:16,841 [Listener at 0.0.0.0/37045] INFO  impl.MetricsSystemImpl (MetricsSystemImpl.java:start(191)) - StorageContainerManager metrics system started
2022-09-30 13:40:16,966 [ReplicationMonitor] INFO  replication.ReplicationManager (ReplicationManager.java:processAll(291)) - Replication Manager is not ready to run until 3000ms after safemode exit
2022-09-30 13:40:17,147 [Listener at 0.0.0.0/37045] INFO  server.SCMClientProtocolServer (SCMClientProtocolServer.java:start(170)) - RPC server for Client  is listening at /0.0.0.0:37045
2022-09-30 13:40:17,149 [IPC Server Responder] INFO  ipc.Server (Server.java:run(1507)) - IPC Server Responder: starting
2022-09-30 13:40:17,150 [IPC Server listener on 0] INFO  ipc.Server (Server.java:run(1344)) - IPC Server listener on 0: starting
2022-09-30 13:40:17,170 [Listener at 0.0.0.0/37045] INFO  server.StorageContainerManager (StorageContainerManager.java:start(1451)) - ScmBlockLocationProtocol RPC server is listening at /0.0.0.0:33991
2022-09-30 13:40:17,170 [Listener at 0.0.0.0/37045] INFO  server.SCMBlockProtocolServer (SCMBlockProtocolServer.java:start(152)) - RPC server for Block Protocol is listening at /0.0.0.0:33991
2022-09-30 13:40:17,171 [IPC Server Responder] INFO  ipc.Server (Server.java:run(1507)) - IPC Server Responder: starting
2022-09-30 13:40:17,171 [IPC Server listener on 0] INFO  ipc.Server (Server.java:run(1344)) - IPC Server listener on 0: starting
2022-09-30 13:40:17,175 [Listener at 0.0.0.0/37045] INFO  server.SCMDatanodeProtocolServer (SCMDatanodeProtocolServer.java:start(186)) - ScmDatanodeProtocol RPC server for DataNodes is listening at /0.0.0.0:35905
2022-09-30 13:40:17,176 [IPC Server Responder] INFO  ipc.Server (Server.java:run(1507)) - IPC Server Responder: starting
2022-09-30 13:40:17,176 [IPC Server listener on 0] INFO  ipc.Server (Server.java:run(1344)) - IPC Server listener on 0: starting
2022-09-30 13:40:17,206 [org.apache.hadoop.util.JvmPauseMonitor$Monitor@a5fe796] INFO  util.JvmPauseMonitor (JvmPauseMonitor.java:run(188)) - Starting JVM pause monitor
2022-09-30 13:40:17,224 [Listener at 0.0.0.0/37045] INFO  http.BaseHttpServer (BaseHttpServer.java:newHttpServer2BuilderForOzone(213)) - Starting Web-server for scm at: http://0.0.0.0:0
2022-09-30 13:40:17,224 [Listener at 0.0.0.0/37045] INFO  http.BaseHttpServer (BaseHttpServer.java:<init>(108)) - Hadoop Security Enabled: false Ozone Security Enabled: false Ozone HTTP Security Enabled: false 
2022-09-30 13:40:17,258 [Listener at 0.0.0.0/37045] INFO  util.log (Log.java:initialized(170)) - Logging initialized @5015ms to org.eclipse.jetty.util.log.Slf4jLog
2022-09-30 13:40:17,392 [Listener at 0.0.0.0/37045] INFO  server.AuthenticationFilter (AuthenticationFilter.java:constructSecretProvider(240)) - Unable to initialize FileSignerSecretProvider, falling back to use random secrets.
2022-09-30 13:40:17,401 [Listener at 0.0.0.0/37045] WARN  http.HttpRequestLog (HttpRequestLog.java:getRequestLog(103)) - Jetty request log can only be enabled using Log4j
2022-09-30 13:40:17,408 [Listener at 0.0.0.0/37045] INFO  http.HttpServer2 (HttpServer2.java:addGlobalFilter(1029)) - Added global filter 'safety' (class=org.apache.hadoop.hdds.server.http.HttpServer2$QuotingInputFilter)
2022-09-30 13:40:17,410 [Listener at 0.0.0.0/37045] INFO  http.HttpServer2 (HttpServer2.java:addFilter(1005)) - Added filter static_user_filter (class=org.apache.hadoop.http.lib.StaticUserWebFilter$StaticUserFilter) to context scm
2022-09-30 13:40:17,410 [Listener at 0.0.0.0/37045] INFO  http.HttpServer2 (HttpServer2.java:addFilter(1013)) - Added filter static_user_filter (class=org.apache.hadoop.http.lib.StaticUserWebFilter$StaticUserFilter) to context logs
2022-09-30 13:40:17,411 [Listener at 0.0.0.0/37045] INFO  http.HttpServer2 (HttpServer2.java:addFilter(1013)) - Added filter static_user_filter (class=org.apache.hadoop.http.lib.StaticUserWebFilter$StaticUserFilter) to context static
2022-09-30 13:40:17,456 [Listener at 0.0.0.0/37045] INFO  http.HttpServer2 (HttpServer2.java:bindListener(1248)) - Jetty bound to port 37301
2022-09-30 13:40:17,458 [Listener at 0.0.0.0/37045] INFO  server.Server (Server.java:doStart(375)) - jetty-9.4.43.v20210629; built: 2021-06-30T11:07:22.254Z; git: 526006ecfa3af7f1a27ef3a288e2bef7ea9dd7e8; jvm 1.8.0_345-b01
2022-09-30 13:40:17,502 [Listener at 0.0.0.0/37045] INFO  server.session (DefaultSessionIdManager.java:doStart(334)) - DefaultSessionIdManager workerName=node0
2022-09-30 13:40:17,502 [Listener at 0.0.0.0/37045] INFO  server.session (DefaultSessionIdManager.java:doStart(339)) - No SessionScavenger set, using defaults
2022-09-30 13:40:17,504 [Listener at 0.0.0.0/37045] INFO  server.session (HouseKeeper.java:startScavenging(132)) - node0 Scavenging every 600000ms
2022-09-30 13:40:17,517 [Listener at 0.0.0.0/37045] INFO  handler.ContextHandler (ContextHandler.java:doStart(915)) - Started o.e.j.s.ServletContextHandler@347d1a05{logs,/logs,file:///home/runner/work/ozone/ozone/hadoop-ozone/integration-test/target/log,AVAILABLE}
2022-09-30 13:40:17,518 [Listener at 0.0.0.0/37045] INFO  handler.ContextHandler (ContextHandler.java:doStart(915)) - Started o.e.j.s.ServletContextHandler@7d97993a{static,/static,file:///home/runner/work/ozone/ozone/hadoop-ozone/integration-test/target/test-classes/webapps/static,AVAILABLE}
2022-09-30 13:40:17,566 [Listener at 0.0.0.0/37045] INFO  handler.ContextHandler (ContextHandler.java:doStart(915)) - Started o.e.j.w.WebAppContext@28a22212{scm,/,file:///home/runner/work/ozone/ozone/hadoop-ozone/integration-test/target/test-classes/webapps/scm/,AVAILABLE}{file:/home/runner/work/ozone/ozone/hadoop-ozone/integration-test/target/test-classes/webapps/scm}
2022-09-30 13:40:17,577 [Listener at 0.0.0.0/37045] INFO  server.AbstractConnector (AbstractConnector.java:doStart(331)) - Started ServerConnector@5d1c073f{HTTP/1.1, (http/1.1)}{0.0.0.0:37301}
2022-09-30 13:40:17,577 [Listener at 0.0.0.0/37045] INFO  server.Server (Server.java:doStart(415)) - Started @5334ms
2022-09-30 13:40:17,579 [Listener at 0.0.0.0/37045] INFO  impl.MetricsSinkAdapter (MetricsSinkAdapter.java:start(204)) - Sink prometheus started
2022-09-30 13:40:17,580 [Listener at 0.0.0.0/37045] INFO  impl.MetricsSystemImpl (MetricsSystemImpl.java:registerSink(305)) - Registered sink prometheus
2022-09-30 13:40:17,581 [Listener at 0.0.0.0/37045] INFO  http.BaseHttpServer (BaseHttpServer.java:updateConnectorAddress(333)) - HTTP server of scm listening at http://0.0.0.0:37301
2022-09-30 13:40:17,582 [Listener at 0.0.0.0/37045] WARN  server.ServerUtils (ServerUtils.java:getDBPath(225)) - ozone.om.db.dirs is not configured. We recommend adding this setting. Falling back to ozone.metadata.dirs instead.
2022-09-30 13:40:17,658 [Listener at 0.0.0.0/37045] INFO  audit.AuditLogger (AuditLogger.java:refreshDebugCmdSet(126)) - Refresh DebugCmdSet for OMAudit to [].
2022-09-30 13:40:17,744 [Listener at 0.0.0.0/37045] INFO  ha.OMHANodeDetails (OMHANodeDetails.java:loadOMHAConfig(115)) - ozone.om.internal.service.id is not defined, falling back to ozone.om.service.ids to find serviceID for OzoneManager if it is HA enabled cluster
2022-09-30 13:40:17,748 [Listener at 0.0.0.0/37045] INFO  ha.OMHANodeDetails (OMHANodeDetails.java:loadOMHAConfig(226)) - Configuration does not have ozone.om.address set. Falling back to the default OM address /127.0.0.1:0
2022-09-30 13:40:17,748 [Listener at 0.0.0.0/37045] INFO  ha.OMHANodeDetails (OMHANodeDetails.java:getOMNodeDetailsForNonHA(254)) - OM Service ID is not set. Setting it to the default ID: omServiceIdDefault
2022-09-30 13:40:17,748 [Listener at 0.0.0.0/37045] INFO  ha.OMHANodeDetails (OMHANodeDetails.java:getOMNodeDetailsForNonHA(261)) - OM Node ID is not set. Setting it to the default ID: om1
2022-09-30 13:40:17,752 [Listener at 0.0.0.0/37045] WARN  server.ServerUtils (ServerUtils.java:getDBPath(225)) - ozone.om.db.dirs is not configured. We recommend adding this setting. Falling back to ozone.metadata.dirs instead.
2022-09-30 13:40:17,755 [Listener at 0.0.0.0/37045] INFO  upgrade.AbstractLayoutVersionManager (AbstractLayoutVersionManager.java:init(83)) - Initializing Layout version manager with metadata layout = MULTITENANCY_SCHEMA (version = 3), software layout = MULTITENANCY_SCHEMA (version = 3)
2022-09-30 13:40:17,852 [Listener at 0.0.0.0/37045] INFO  reflections.Reflections (Reflections.java:scan(232)) - Reflections took 92 ms to scan 2 urls, producing 153 keys and 427 values [using 2 cores]
2022-09-30 13:40:17,857 [Listener at 0.0.0.0/37045] INFO  upgrade.OMLayoutVersionManager (OMLayoutVersionManager.java:lambda$0(115)) - Skipping Upgrade Action MockOmUpgradeAction since it has been finalized.
2022-09-30 13:40:17,859 [Listener at 0.0.0.0/37045] WARN  server.ServerUtils (ServerUtils.java:getDBPath(225)) - ozone.om.db.dirs is not configured. We recommend adding this setting. Falling back to ozone.metadata.dirs instead.
2022-09-30 13:40:17,966 [ReplicationMonitor] INFO  replication.ReplicationManager (ReplicationManager.java:processAll(291)) - Replication Manager is not ready to run until 3000ms after safemode exit
2022-09-30 13:40:18,050 [Listener at 0.0.0.0/37045] INFO  proxy.SCMBlockLocationFailoverProxyProvider (SCMBlockLocationFailoverProxyProvider.java:<init>(114)) - Created block location fail-over proxy with 1 nodes: [nodeId=scmNodeId,nodeAddress=/0.0.0.0:33991]
2022-09-30 13:40:18,079 [Listener at 0.0.0.0/37045] INFO  proxy.SCMBlockLocationFailoverProxyProvider (SCMBlockLocationFailoverProxyProvider.java:<init>(114)) - Created block location fail-over proxy with 1 nodes: [nodeId=scmNodeId,nodeAddress=/0.0.0.0:33991]
2022-09-30 13:40:18,313 [Listener at 0.0.0.0/37045] WARN  server.ServerUtils (ServerUtils.java:getDBPath(225)) - ozone.om.db.dirs is not configured. We recommend adding this setting. Falling back to ozone.metadata.dirs instead.
2022-09-30 13:40:18,321 [Listener at 0.0.0.0/37045] INFO  codec.OmKeyInfoCodec (OmKeyInfoCodec.java:<init>(49)) - OmKeyInfoCodec ignorePipeline = true
2022-09-30 13:40:18,322 [Listener at 0.0.0.0/37045] INFO  codec.RepeatedOmKeyInfoCodec (RepeatedOmKeyInfoCodec.java:<init>(41)) - RepeatedOmKeyInfoCodec ignorePipeline = true
2022-09-30 13:40:18,513 [Listener at 0.0.0.0/37045] INFO  om.OzoneManager (OzoneManager.java:instantiateServices(709)) - S3 Multi-Tenancy is disabled
2022-09-30 13:40:18,646 [Listener at 0.0.0.0/37045] INFO  om.OzoneManager (OzoneManager.java:addS3GVolumeToDB(4324)) - Created Volume s3v With Owner runner required for S3Gateway operations.
2022-09-30 13:40:18,721 [Listener at 0.0.0.0/37045] WARN  server.ServerUtils (ServerUtils.java:getDefaultRatisDirectory(237)) - Storage directory for Ratis is not configured. It is a good idea to map this to an SSD disk. Falling back to ozone.metadata.dirs
2022-09-30 13:40:18,721 [Listener at 0.0.0.0/37045] WARN  utils.OzoneManagerRatisUtils (OzoneManagerRatisUtils.java:getOMRatisSnapshotDirectory(434)) - ozone.om.ratis.snapshot.dir is not configured. Falling back to ozone.metadata.dirs config
2022-09-30 13:40:18,744 [Listener at 0.0.0.0/37045] WARN  server.ServerUtils (ServerUtils.java:getDefaultRatisDirectory(237)) - Storage directory for Ratis is not configured. It is a good idea to map this to an SSD disk. Falling back to ozone.metadata.dirs
2022-09-30 13:40:18,777 [Listener at 0.0.0.0/37045] INFO  ratis.OzoneManagerRatisServer (OzoneManagerRatisServer.java:<init>(160)) - Instantiating OM Ratis server with groupID: omServiceIdDefault and peers: localhost:33617
2022-09-30 13:40:18,787 [Listener at 0.0.0.0/37045] INFO  ratis.OzoneManagerStateMachine (OzoneManagerStateMachine.java:loadSnapshotInfoFromDB(632)) - LastAppliedIndex is set from TransactionInfo from OM DB as (t:0, i:~)
2022-09-30 13:40:18,842 [Listener at 0.0.0.0/37045] INFO  server.RaftServer (ConfUtils.java:logGet(46)) - raft.rpc.type = GRPC (default)
2022-09-30 13:40:18,945 [Listener at 0.0.0.0/37045] INFO  grpc.GrpcFactory (GrpcFactory.java:checkPooledByteBufAllocatorUseCacheForAllThreads(48)) - PERFORMANCE WARNING: useCacheForAllThreads is true that may cause Netty to create a lot garbage objects and, as a result, trigger GC.
	It is recommended to disable useCacheForAllThreads by setting -Dorg.apache.ratis.thirdparty.io.netty.allocator.useCacheForAllThreads=false in command line.
2022-09-30 13:40:18,950 [Listener at 0.0.0.0/37045] INFO  grpc.GrpcConfigKeys (ConfUtils.java:logGet(46)) - raft.grpc.admin.port = -1 (default)
2022-09-30 13:40:18,950 [Listener at 0.0.0.0/37045] INFO  grpc.GrpcConfigKeys (ConfUtils.java:logGet(46)) - raft.grpc.server.port = 33617 (custom)
2022-09-30 13:40:18,951 [Listener at 0.0.0.0/37045] INFO  grpc.GrpcConfigKeys (ConfUtils.java:logGet(46)) - raft.grpc.client.port = -1 (default)
2022-09-30 13:40:18,951 [Listener at 0.0.0.0/37045] INFO  grpc.GrpcConfigKeys (ConfUtils.java:logGet(46)) - raft.grpc.server.port = 33617 (custom)
2022-09-30 13:40:18,952 [Listener at 0.0.0.0/37045] INFO  grpc.GrpcConfigKeys (ConfUtils.java:logGet(46)) - raft.grpc.server.port = 33617 (custom)
2022-09-30 13:40:18,952 [Listener at 0.0.0.0/37045] INFO  server.GrpcService (ConfUtils.java:logGet(46)) - raft.grpc.message.size.max = 33554432 (custom)
2022-09-30 13:40:18,954 [Listener at 0.0.0.0/37045] INFO  server.RaftServerConfigKeys (ConfUtils.java:logGet(46)) - raft.server.log.appender.buffer.byte-limit = 33554432 (custom)
2022-09-30 13:40:18,954 [Listener at 0.0.0.0/37045] INFO  server.GrpcService (ConfUtils.java:logGet(46)) - raft.grpc.flow.control.window = 1MB (=1048576) (default)
2022-09-30 13:40:18,955 [Listener at 0.0.0.0/37045] INFO  server.RaftServerConfigKeys (ConfUtils.java:logGet(46)) - raft.server.rpc.request.timeout = 3000ms (default)
2022-09-30 13:40:18,966 [ReplicationMonitor] INFO  replication.ReplicationManager (ReplicationManager.java:processAll(291)) - Replication Manager is not ready to run until 3000ms after safemode exit
2022-09-30 13:40:18,977 [Listener at 0.0.0.0/37045] INFO  grpc.GrpcConfigKeys (ConfUtils.java:logGet(46)) - raft.grpc.server.async.request.thread.pool.cached = true (default)
2022-09-30 13:40:18,977 [Listener at 0.0.0.0/37045] INFO  grpc.GrpcConfigKeys (ConfUtils.java:logGet(46)) - raft.grpc.server.async.request.thread.pool.size = 32 (default)
2022-09-30 13:40:19,360 [Listener at 0.0.0.0/37045] INFO  impl.DataStreamServerImpl (ConfUtils.java:logGet(46)) - raft.datastream.type = DISABLED (default)
2022-09-30 13:40:19,364 [Listener at 0.0.0.0/37045] INFO  server.RaftServerConfigKeys (ConfUtils.java:logGet(46)) - raft.server.threadpool.proxy.cached = true (default)
2022-09-30 13:40:19,364 [Listener at 0.0.0.0/37045] INFO  server.RaftServerConfigKeys (ConfUtils.java:logGet(46)) - raft.server.threadpool.proxy.size = 0 (default)
2022-09-30 13:40:19,365 [Listener at 0.0.0.0/37045] INFO  server.RaftServerConfigKeys (ConfUtils.java:logGet(46)) - raft.server.rpc.slowness.timeout = 120s (custom)
2022-09-30 13:40:19,365 [Listener at 0.0.0.0/37045] INFO  server.RaftServerConfigKeys (ConfUtils.java:logGet(46)) - raft.server.leaderelection.leader.step-down.wait-time = 10s (default)
2022-09-30 13:40:19,369 [Listener at 0.0.0.0/37045] INFO  server.RaftServerConfigKeys (ConfUtils.java:logGet(46)) - raft.server.storage.dir = [/home/runner/work/ozone/ozone/hadoop-ozone/integration-test/target/test-dir/MiniOzoneClusterImpl-8c4c252e-cda6-42f5-b80f-9d168f3e16cf/ozone-meta/ratis] (custom)
2022-09-30 13:40:19,384 [Listener at 0.0.0.0/37045] INFO  server.RaftServer (RaftServerProxy.java:addNew(96)) - om1: addNew group-C5BA1605619E:[om1|rpc:localhost:33617|priority:0] returns group-C5BA1605619E:java.util.concurrent.CompletableFuture@27d5e871[Not completed]
2022-09-30 13:40:19,384 [Listener at 0.0.0.0/37045] INFO  om.OzoneManager (OzoneManager.java:initializeRatisServer(1976)) - OzoneManager Ratis server initialized at port 33617
2022-09-30 13:40:19,400 [Listener at 0.0.0.0/37045] INFO  om.OzoneManager (OzoneManager.java:getRpcServer(1099)) - Creating RPC Server
2022-09-30 13:40:19,422 [pool-55-thread-1] INFO  server.RaftServer$Division (RaftServerImpl.java:<init>(190)) - om1: new RaftServerImpl for group-C5BA1605619E:[om1|rpc:localhost:33617|priority:0] with OzoneManagerStateMachine:uninitialized
2022-09-30 13:40:19,428 [pool-55-thread-1] INFO  server.RaftServerConfigKeys (ConfUtils.java:logGet(46)) - raft.server.rpc.timeout.min = 1s (custom)
2022-09-30 13:40:19,429 [pool-55-thread-1] INFO  server.RaftServerConfigKeys (ConfUtils.java:logGet(46)) - raft.server.rpc.timeout.max = 1200ms (custom)
2022-09-30 13:40:19,429 [pool-55-thread-1] INFO  server.RaftServerConfigKeys (ConfUtils.java:logGet(46)) - raft.server.rpc.sleep.time = 25ms (default)
2022-09-30 13:40:19,429 [pool-55-thread-1] INFO  server.RaftServerConfigKeys (ConfUtils.java:logGet(46)) - raft.server.rpc.slowness.timeout = 120s (custom)
2022-09-30 13:40:19,429 [pool-55-thread-1] INFO  server.RaftServerConfigKeys (ConfUtils.java:logGet(46)) - raft.server.leaderelection.leader.step-down.wait-time = 10s (default)
2022-09-30 13:40:19,429 [pool-55-thread-1] INFO  server.RaftServerConfigKeys (ConfUtils.java:logGet(46)) - raft.server.sleep.deviation.threshold = 300ms (default)
2022-09-30 13:40:19,452 [pool-55-thread-1] INFO  server.RaftServer$Division (ServerState.java:<init>(107)) - om1@group-C5BA1605619E: ConfigurationManager, init=-1: [om1|rpc:localhost:33617|priority:0], old=null, confs=<EMPTY_MAP>
2022-09-30 13:40:19,453 [pool-55-thread-1] INFO  server.RaftServerConfigKeys (ConfUtils.java:logGet(46)) - raft.server.storage.dir = [/home/runner/work/ozone/ozone/hadoop-ozone/integration-test/target/test-dir/MiniOzoneClusterImpl-8c4c252e-cda6-42f5-b80f-9d168f3e16cf/ozone-meta/ratis] (custom)
2022-09-30 13:40:19,463 [pool-55-thread-1] INFO  server.RaftServerConfigKeys (ConfUtils.java:logGet(46)) - raft.server.log.corruption.policy = EXCEPTION (default)
2022-09-30 13:40:19,464 [pool-55-thread-1] INFO  server.RaftServerConfigKeys (ConfUtils.java:logGet(46)) - raft.server.storage.free-space.min = 0MB (=0) (default)
2022-09-30 13:40:19,466 [pool-55-thread-1] INFO  storage.RaftStorageDirectory (RaftStorageDirectoryImpl.java:analyzeStorage(135)) - The storage directory /home/runner/work/ozone/ozone/hadoop-ozone/integration-test/target/test-dir/MiniOzoneClusterImpl-8c4c252e-cda6-42f5-b80f-9d168f3e16cf/ozone-meta/ratis/bf265839-605b-3f16-9796-c5ba1605619e does not exist. Creating ...
2022-09-30 13:40:19,490 [pool-55-thread-1] INFO  storage.RaftStorageDirectory (RaftStorageDirectoryImpl.java:tryLock(230)) - Lock on /home/runner/work/ozone/ozone/hadoop-ozone/integration-test/target/test-dir/MiniOzoneClusterImpl-8c4c252e-cda6-42f5-b80f-9d168f3e16cf/ozone-meta/ratis/bf265839-605b-3f16-9796-c5ba1605619e/in_use.lock acquired by nodename 61277@fv-az264-432
2022-09-30 13:40:19,511 [pool-55-thread-1] INFO  storage.RaftStorage (RaftStorageImpl.java:format(89)) - Storage directory /home/runner/work/ozone/ozone/hadoop-ozone/integration-test/target/test-dir/MiniOzoneClusterImpl-8c4c252e-cda6-42f5-b80f-9d168f3e16cf/ozone-meta/ratis/bf265839-605b-3f16-9796-c5ba1605619e has been successfully formatted.
2022-09-30 13:40:19,516 [pool-55-thread-1] INFO  server.RaftServerConfigKeys (ConfUtils.java:logGet(46)) - raft.server.notification.no-leader.timeout = 120s (custom)
2022-09-30 13:40:19,518 [pool-55-thread-1] INFO  server.RaftServerConfigKeys (ConfUtils.java:logGet(46)) - raft.server.log.use.memory = false (default)
2022-09-30 13:40:19,534 [pool-55-thread-1] INFO  server.RaftServerConfigKeys (ConfUtils.java:logGet(46)) - raft.server.log.purge.gap = 1000000 (custom)
2022-09-30 13:40:19,535 [pool-55-thread-1] INFO  server.RaftServerConfigKeys (ConfUtils.java:logGet(46)) - raft.server.log.appender.buffer.byte-limit = 33554432 (custom)
2022-09-30 13:40:19,537 [pool-55-thread-1] INFO  server.RaftServerConfigKeys (ConfUtils.java:logGet(46)) - raft.server.log.statemachine.data.read.timeout = 1000ms (default)
2022-09-30 13:40:19,576 [pool-55-thread-1] INFO  server.RaftServerConfigKeys (ConfUtils.java:logGet(46)) - raft.server.log.segment.size.max = 4194304 (custom)
2022-09-30 13:40:19,590 [pool-55-thread-1] INFO  server.RaftServerConfigKeys (ConfUtils.java:logGet(46)) - raft.server.log.segment.cache.num.max = 2 (custom)
2022-09-30 13:40:19,590 [pool-55-thread-1] INFO  server.RaftServerConfigKeys (ConfUtils.java:logGet(46)) - raft.server.log.segment.cache.size.max = 200MB (=209715200) (default)
2022-09-30 13:40:19,608 [pool-55-thread-1] INFO  segmented.SegmentedRaftLogWorker (SegmentedRaftLogWorker.java:<init>(187)) - new om1@group-C5BA1605619E-SegmentedRaftLogWorker for RaftStorageImpl:Storage Directory /home/runner/work/ozone/ozone/hadoop-ozone/integration-test/target/test-dir/MiniOzoneClusterImpl-8c4c252e-cda6-42f5-b80f-9d168f3e16cf/ozone-meta/ratis/bf265839-605b-3f16-9796-c5ba1605619e
2022-09-30 13:40:19,609 [pool-55-thread-1] INFO  server.RaftServerConfigKeys (ConfUtils.java:logGet(46)) - raft.server.log.queue.byte-limit = 64MB (=67108864) (default)
2022-09-30 13:40:19,609 [pool-55-thread-1] INFO  server.RaftServerConfigKeys (ConfUtils.java:logGet(46)) - raft.server.log.queue.element-limit = 4096 (default)
2022-09-30 13:40:19,621 [pool-55-thread-1] INFO  server.RaftServerConfigKeys (ConfUtils.java:logGet(46)) - raft.server.log.segment.size.max = 4194304 (custom)
2022-09-30 13:40:19,621 [pool-55-thread-1] INFO  server.RaftServerConfigKeys (ConfUtils.java:logGet(46)) - raft.server.log.preallocated.size = 4194304 (custom)
2022-09-30 13:40:19,621 [pool-55-thread-1] INFO  server.RaftServerConfigKeys (ConfUtils.java:logGet(46)) - raft.server.log.force.sync.num = 128 (default)
2022-09-30 13:40:19,622 [pool-55-thread-1] INFO  server.RaftServerConfigKeys (ConfUtils.java:logGet(46)) - raft.server.log.statemachine.data.sync = true (default)
2022-09-30 13:40:19,623 [pool-55-thread-1] INFO  server.RaftServerConfigKeys (ConfUtils.java:logGet(46)) - raft.server.log.statemachine.data.sync.timeout = 10s (default)
2022-09-30 13:40:19,623 [pool-55-thread-1] INFO  server.RaftServerConfigKeys (ConfUtils.java:logGet(46)) - raft.server.log.statemachine.data.sync.timeout.retry = -1 (default)
2022-09-30 13:40:19,640 [pool-55-thread-1] INFO  server.RaftServerConfigKeys (ConfUtils.java:logGet(46)) - raft.server.log.write.buffer.size = 64KB (=65536) (default)
2022-09-30 13:40:19,641 [pool-55-thread-1] INFO  server.RaftServerConfigKeys (ConfUtils.java:logGet(46)) - raft.server.log.unsafe-flush.enabled = false (default)
2022-09-30 13:40:19,641 [pool-55-thread-1] INFO  server.RaftServerConfigKeys (ConfUtils.java:logGet(46)) - raft.server.log.statemachine.data.caching.enabled = false (default)
2022-09-30 13:40:19,674 [pool-55-thread-1] INFO  segmented.SegmentedRaftLogWorker (SegmentedRaftLogWorker.java:lambda$new$0(135)) - om1@group-C5BA1605619E-SegmentedRaftLogWorker: flushIndex: setUnconditionally 0 -> -1
2022-09-30 13:40:19,674 [pool-55-thread-1] INFO  segmented.SegmentedRaftLogWorker (SegmentedRaftLogWorker.java:lambda$new$0(135)) - om1@group-C5BA1605619E-SegmentedRaftLogWorker: safeCacheEvictIndex: setUnconditionally 0 -> -1
2022-09-30 13:40:19,695 [pool-55-thread-1] INFO  server.RaftServerConfigKeys (ConfUtils.java:logGet(46)) - raft.server.snapshot.auto.trigger.enabled = true (custom)
2022-09-30 13:40:19,696 [pool-55-thread-1] INFO  server.RaftServerConfigKeys (ConfUtils.java:logGet(46)) - raft.server.snapshot.auto.trigger.threshold = 400000 (default)
2022-09-30 13:40:19,697 [pool-55-thread-1] INFO  server.RaftServerConfigKeys (ConfUtils.java:logGet(46)) - raft.server.snapshot.retention.file.num = -1 (default)
2022-09-30 13:40:19,698 [pool-55-thread-1] INFO  server.RaftServerConfigKeys (ConfUtils.java:logGet(46)) - raft.server.log.purge.upto.snapshot.index = true (custom)
2022-09-30 13:40:19,700 [pool-55-thread-1] INFO  server.RaftServerConfigKeys (ConfUtils.java:logGet(46)) - raft.server.retrycache.expirytime = 300s (custom)
2022-09-30 13:40:19,700 [pool-55-thread-1] INFO  server.RaftServerConfigKeys (ConfUtils.java:logGet(46)) - raft.server.retrycache.statistics.expirytime = 100μs (default)
2022-09-30 13:40:19,814 [pool-55-thread-1] INFO  server.RaftServerConfigKeys (ConfUtils.java:logGet(46)) - raft.server.log.appender.install.snapshot.enabled = false (custom)
2022-09-30 13:40:19,815 [pool-55-thread-1] INFO  server.RaftServerConfigKeys (ConfUtils.java:logGet(46)) - raft.server.threadpool.server.cached = true (default)
2022-09-30 13:40:19,815 [pool-55-thread-1] INFO  server.RaftServerConfigKeys (ConfUtils.java:logGet(46)) - raft.server.threadpool.server.size = 0 (default)
2022-09-30 13:40:19,822 [pool-55-thread-1] INFO  server.RaftServerConfigKeys (ConfUtils.java:logGet(46)) - raft.server.threadpool.client.cached = true (default)
2022-09-30 13:40:19,823 [pool-55-thread-1] INFO  server.RaftServerConfigKeys (ConfUtils.java:logGet(46)) - raft.server.threadpool.client.size = 0 (default)
2022-09-30 13:40:19,966 [ReplicationMonitor] INFO  replication.ReplicationManager (ReplicationManager.java:processAll(291)) - Replication Manager is not ready to run until 3000ms after safemode exit
2022-09-30 13:40:20,472 [Listener at 0.0.0.0/37045] INFO  reflections.Reflections (Reflections.java:scan(232)) - Reflections took 945 ms to scan 19 urls, producing 67 keys and 4214 values [using 2 cores]
2022-09-30 13:40:20,668 [Listener at 0.0.0.0/37045] INFO  ipc.CallQueueManager (CallQueueManager.java:<init>(90)) - Using callQueue: class java.util.concurrent.LinkedBlockingQueue, queueCapacity: 2000, scheduler: class org.apache.hadoop.ipc.DefaultRpcScheduler, ipcBackoff: false.
2022-09-30 13:40:20,668 [Socket Reader #1 for port 0] INFO  ipc.Server (Server.java:run(1265)) - Starting Socket Reader #1 for port 0
2022-09-30 13:40:20,698 [Listener at 127.0.0.1/46717] INFO  impl.MetricsSystemImpl (MetricsSystemImpl.java:init(158)) - OzoneManager metrics system started (again)
2022-09-30 13:40:20,711 [Listener at 127.0.0.1/46717] INFO  om.OzoneManager (OzoneManager.java:start(1483)) - OzoneManager RPC server is listening at localhost/127.0.0.1:46717
2022-09-30 13:40:20,711 [Listener at 127.0.0.1/46717] INFO  ratis.OzoneManagerRatisServer (OzoneManagerRatisServer.java:start(555)) - Starting OzoneManagerRatisServer om1 at port 33617
2022-09-30 13:40:20,713 [om1-impl-thread1] INFO  server.RaftServer$Division (RaftServerImpl.java:start(310)) - om1@group-C5BA1605619E: start as a follower, conf=-1: [om1|rpc:localhost:33617|priority:0], old=null
2022-09-30 13:40:20,714 [om1-impl-thread1] INFO  server.RaftServer$Division (RaftServerImpl.java:setRole(299)) - om1@group-C5BA1605619E: changes role from      null to FOLLOWER at term 0 for startAsFollower
2022-09-30 13:40:20,715 [om1-impl-thread1] INFO  impl.RoleInfo (RoleInfo.java:updateAndGet(139)) - om1: start om1@group-C5BA1605619E-FollowerState
2022-09-30 13:40:20,716 [om1-impl-thread1] INFO  util.JmxRegister (JmxRegister.java:tryRegister(44)) - Successfully registered JMX Bean with object name Ratis:service=RaftServer,group=group-C5BA1605619E,id=om1
2022-09-30 13:40:20,720 [Listener at 127.0.0.1/46717] INFO  server.RaftServer (RaftServerProxy.java:lambda$start$6(382)) - om1: start RPC server
2022-09-30 13:40:20,801 [Listener at 127.0.0.1/46717] INFO  server.GrpcService (GrpcService.java:startImpl(260)) - om1: GrpcService started, listening on 33617
2022-09-30 13:40:20,803 [Listener at 127.0.0.1/46717] INFO  om.OzoneManager (OzoneManager.java:start(1499)) - Version File has different layout version (3) than OM DB (null). That is expected if this OM has never been finalized to a newer layout version.
2022-09-30 13:40:20,805 [org.apache.ratis.util.JvmPauseMonitor$$Lambda$713/1901567698@5692b4e4] INFO  util.JvmPauseMonitor (JvmPauseMonitor.java:run(103)) - JvmPauseMonitor-om1: Started
2022-09-30 13:40:20,825 [Listener at 127.0.0.1/46717] INFO  http.BaseHttpServer (BaseHttpServer.java:newHttpServer2BuilderForOzone(213)) - Starting Web-server for ozoneManager at: http://0.0.0.0:0
2022-09-30 13:40:20,825 [Listener at 127.0.0.1/46717] INFO  http.BaseHttpServer (BaseHttpServer.java:<init>(108)) - Hadoop Security Enabled: false Ozone Security Enabled: false Ozone HTTP Security Enabled: false 
2022-09-30 13:40:20,827 [Listener at 127.0.0.1/46717] INFO  server.AuthenticationFilter (AuthenticationFilter.java:constructSecretProvider(240)) - Unable to initialize FileSignerSecretProvider, falling back to use random secrets.
2022-09-30 13:40:20,828 [Listener at 127.0.0.1/46717] WARN  http.HttpRequestLog (HttpRequestLog.java:getRequestLog(103)) - Jetty request log can only be enabled using Log4j
2022-09-30 13:40:20,829 [Listener at 127.0.0.1/46717] INFO  http.HttpServer2 (HttpServer2.java:addGlobalFilter(1029)) - Added global filter 'safety' (class=org.apache.hadoop.hdds.server.http.HttpServer2$QuotingInputFilter)
2022-09-30 13:40:20,830 [Listener at 127.0.0.1/46717] INFO  http.HttpServer2 (HttpServer2.java:addFilter(1005)) - Added filter static_user_filter (class=org.apache.hadoop.http.lib.StaticUserWebFilter$StaticUserFilter) to context ozoneManager
2022-09-30 13:40:20,830 [Listener at 127.0.0.1/46717] INFO  http.HttpServer2 (HttpServer2.java:addFilter(1013)) - Added filter static_user_filter (class=org.apache.hadoop.http.lib.StaticUserWebFilter$StaticUserFilter) to context static
2022-09-30 13:40:20,830 [Listener at 127.0.0.1/46717] INFO  http.HttpServer2 (HttpServer2.java:addFilter(1013)) - Added filter static_user_filter (class=org.apache.hadoop.http.lib.StaticUserWebFilter$StaticUserFilter) to context logs
2022-09-30 13:40:20,835 [Listener at 127.0.0.1/46717] INFO  http.HttpServer2 (HttpServer2.java:bindListener(1248)) - Jetty bound to port 46683
2022-09-30 13:40:20,835 [Listener at 127.0.0.1/46717] INFO  server.Server (Server.java:doStart(375)) - jetty-9.4.43.v20210629; built: 2021-06-30T11:07:22.254Z; git: 526006ecfa3af7f1a27ef3a288e2bef7ea9dd7e8; jvm 1.8.0_345-b01
2022-09-30 13:40:20,840 [Listener at 127.0.0.1/46717] INFO  server.session (DefaultSessionIdManager.java:doStart(334)) - DefaultSessionIdManager workerName=node0
2022-09-30 13:40:20,840 [Listener at 127.0.0.1/46717] INFO  server.session (DefaultSessionIdManager.java:doStart(339)) - No SessionScavenger set, using defaults
2022-09-30 13:40:20,840 [Listener at 127.0.0.1/46717] INFO  server.session (HouseKeeper.java:startScavenging(132)) - node0 Scavenging every 660000ms
2022-09-30 13:40:20,841 [Listener at 127.0.0.1/46717] INFO  handler.ContextHandler (ContextHandler.java:doStart(915)) - Started o.e.j.s.ServletContextHandler@7b6978b6{logs,/logs,file:///home/runner/work/ozone/ozone/hadoop-ozone/integration-test/target/log,AVAILABLE}
2022-09-30 13:40:20,841 [Listener at 127.0.0.1/46717] INFO  handler.ContextHandler (ContextHandler.java:doStart(915)) - Started o.e.j.s.ServletContextHandler@594cdafa{static,/static,file:///home/runner/work/ozone/ozone/hadoop-ozone/integration-test/target/test-classes/webapps/static,AVAILABLE}
2022-09-30 13:40:20,845 [Listener at 127.0.0.1/46717] INFO  handler.ContextHandler (ContextHandler.java:doStart(915)) - Started o.e.j.w.WebAppContext@47564bad{ozoneManager,/,file:///home/runner/work/ozone/ozone/hadoop-ozone/integration-test/target/test-classes/webapps/ozoneManager/,AVAILABLE}{file:/home/runner/work/ozone/ozone/hadoop-ozone/integration-test/target/test-classes/webapps/ozoneManager}
2022-09-30 13:40:20,846 [Listener at 127.0.0.1/46717] INFO  server.AbstractConnector (AbstractConnector.java:doStart(331)) - Started ServerConnector@59b3e4c0{HTTP/1.1, (http/1.1)}{0.0.0.0:46683}
2022-09-30 13:40:20,846 [Listener at 127.0.0.1/46717] INFO  server.Server (Server.java:doStart(415)) - Started @8604ms
2022-09-30 13:40:20,847 [Listener at 127.0.0.1/46717] WARN  impl.MetricsSystemImpl (MetricsSystemImpl.java:register(279)) - Sink prometheus already exists!
2022-09-30 13:40:20,847 [Listener at 127.0.0.1/46717] INFO  http.BaseHttpServer (BaseHttpServer.java:updateConnectorAddress(333)) - HTTP server of ozoneManager listening at http://0.0.0.0:46683
2022-09-30 13:40:20,848 [IPC Server Responder] INFO  ipc.Server (Server.java:run(1507)) - IPC Server Responder: starting
2022-09-30 13:40:20,852 [IPC Server listener on 0] INFO  ipc.Server (Server.java:run(1344)) - IPC Server listener on 0: starting
2022-09-30 13:40:20,871 [Listener at 127.0.0.1/46717] INFO  om.OzoneManager (OzoneManager.java:startTrashEmptier(1920)) - Trash Interval set to 0. Files deleted won't move to trash
2022-09-30 13:40:20,888 [org.apache.hadoop.util.JvmPauseMonitor$Monitor@50953a12] INFO  util.JvmPauseMonitor (JvmPauseMonitor.java:run(188)) - Starting JVM pause monitor
2022-09-30 13:40:20,967 [ReplicationMonitor] INFO  replication.ReplicationManager (ReplicationManager.java:processAll(291)) - Replication Manager is not ready to run until 3000ms after safemode exit
2022-09-30 13:40:21,075 [Listener at 127.0.0.1/46717] WARN  impl.MetricRegistriesImpl (MetricRegistriesImpl.java:addReporterRegistration(111)) - New reporters are added after registries were created. Some metrics will be missing from the reporter. Please add reporter before adding any new registry.
2022-09-30 13:40:21,075 [Listener at 127.0.0.1/46717] WARN  impl.MetricRegistriesImpl (MetricRegistriesImpl.java:addReporterRegistration(111)) - New reporters are added after registries were created. Some metrics will be missing from the reporter. Please add reporter before adding any new registry.
2022-09-30 13:40:21,075 [Listener at 127.0.0.1/46717] INFO  impl.MetricsSystemImpl (MetricsSystemImpl.java:init(158)) - HddsDatanode metrics system started (again)
2022-09-30 13:40:21,093 [Listener at 127.0.0.1/46717] INFO  ozone.HddsDatanodeService (HddsDatanodeService.java:start(236)) - HddsDatanodeService host:fv-az264-432.ca02foy5wcnuvlrvrz2wi3p2og.dx.internal.cloudapp.net ip:10.1.0.210
2022-09-30 13:40:21,128 [Listener at 127.0.0.1/46717] INFO  upgrade.AbstractLayoutVersionManager (AbstractLayoutVersionManager.java:init(83)) - Initializing Layout version manager with metadata layout = DATANODE_SCHEMA_V3 (version = 4), software layout = DATANODE_SCHEMA_V3 (version = 4)
2022-09-30 13:40:21,179 [Listener at 127.0.0.1/46717] INFO  reflections.Reflections (Reflections.java:scan(232)) - Reflections took 50 ms to scan 7 urls, producing 135 keys and 327 values 
2022-09-30 13:40:21,184 [Listener at 127.0.0.1/46717] INFO  statemachine.DatanodeStateMachine (DatanodeStateMachine.java:getEndPointTaskThreadPoolSize(237)) - Datanode State Machine Task Thread Pool size 2
2022-09-30 13:40:21,255 [Listener at 127.0.0.1/46717] INFO  volume.HddsVolume (HddsVolume.java:<init>(117)) - Creating HddsVolume: /home/runner/work/ozone/ozone/hadoop-ozone/integration-test/target/test-dir/MiniOzoneClusterImpl-8c4c252e-cda6-42f5-b80f-9d168f3e16cf/datanode-0/data-0/containers/hdds of storage type : DISK capacity : 9223372036854775807
2022-09-30 13:40:21,257 [Listener at 127.0.0.1/46717] INFO  volume.MutableVolumeSet (MutableVolumeSet.java:initializeVolumeSet(174)) - Added Volume : /home/runner/work/ozone/ozone/hadoop-ozone/integration-test/target/test-dir/MiniOzoneClusterImpl-8c4c252e-cda6-42f5-b80f-9d168f3e16cf/datanode-0/data-0/containers/hdds to VolumeSet
2022-09-30 13:40:21,258 [Listener at 127.0.0.1/46717] INFO  volume.ThrottledAsyncChecker (ThrottledAsyncChecker.java:schedule(141)) - Scheduling a check for /home/runner/work/ozone/ozone/hadoop-ozone/integration-test/target/test-dir/MiniOzoneClusterImpl-8c4c252e-cda6-42f5-b80f-9d168f3e16cf/datanode-0/data-0/containers/hdds
2022-09-30 13:40:21,275 [Listener at 127.0.0.1/46717] INFO  volume.StorageVolumeChecker (StorageVolumeChecker.java:checkAllVolumes(202)) - Scheduled health check for volume /home/runner/work/ozone/ozone/hadoop-ozone/integration-test/target/test-dir/MiniOzoneClusterImpl-8c4c252e-cda6-42f5-b80f-9d168f3e16cf/datanode-0/data-0/containers/hdds
2022-09-30 13:40:21,295 [Listener at 127.0.0.1/46717] INFO  volume.MutableVolumeSet (MutableVolumeSet.java:initializeVolumeSet(174)) - Added Volume : /home/runner/work/ozone/ozone/hadoop-ozone/integration-test/target/test-dir/MiniOzoneClusterImpl-8c4c252e-cda6-42f5-b80f-9d168f3e16cf/datanode-0/data/ratis to VolumeSet
2022-09-30 13:40:21,296 [Listener at 127.0.0.1/46717] INFO  volume.ThrottledAsyncChecker (ThrottledAsyncChecker.java:schedule(141)) - Scheduling a check for /home/runner/work/ozone/ozone/hadoop-ozone/integration-test/target/test-dir/MiniOzoneClusterImpl-8c4c252e-cda6-42f5-b80f-9d168f3e16cf/datanode-0/data/ratis
2022-09-30 13:40:21,296 [Listener at 127.0.0.1/46717] INFO  volume.StorageVolumeChecker (StorageVolumeChecker.java:checkAllVolumes(202)) - Scheduled health check for volume /home/runner/work/ozone/ozone/hadoop-ozone/integration-test/target/test-dir/MiniOzoneClusterImpl-8c4c252e-cda6-42f5-b80f-9d168f3e16cf/datanode-0/data/ratis
2022-09-30 13:40:21,325 [Thread-138] INFO  ozoneimpl.ContainerReader (ContainerReader.java:readVolume(175)) - Finish verifying containers on volume /home/runner/work/ozone/ozone/hadoop-ozone/integration-test/target/test-dir/MiniOzoneClusterImpl-8c4c252e-cda6-42f5-b80f-9d168f3e16cf/datanode-0/data-0/containers/hdds
2022-09-30 13:40:21,325 [Listener at 127.0.0.1/46717] INFO  ozoneimpl.OzoneContainer (OzoneContainer.java:buildContainerSet(300)) - Build ContainerSet costs 0s
2022-09-30 13:40:21,420 [Listener at 127.0.0.1/46717] INFO  audit.AuditLogger (AuditLogger.java:refreshDebugCmdSet(126)) - Refresh DebugCmdSet for DNAudit to [].
2022-09-30 13:40:21,453 [Listener at 127.0.0.1/46717] INFO  server.RaftServer (ConfUtils.java:logGet(46)) - raft.rpc.type = GRPC (default)
2022-09-30 13:40:21,453 [Listener at 127.0.0.1/46717] INFO  grpc.GrpcFactory (GrpcFactory.java:checkPooledByteBufAllocatorUseCacheForAllThreads(48)) - PERFORMANCE WARNING: useCacheForAllThreads is true that may cause Netty to create a lot garbage objects and, as a result, trigger GC.
	It is recommended to disable useCacheForAllThreads by setting -Dorg.apache.ratis.thirdparty.io.netty.allocator.useCacheForAllThreads=false in command line.
2022-09-30 13:40:21,453 [Listener at 127.0.0.1/46717] INFO  grpc.GrpcConfigKeys (ConfUtils.java:logGet(46)) - raft.grpc.admin.port = 0 (custom)
2022-09-30 13:40:21,453 [Listener at 127.0.0.1/46717] INFO  grpc.GrpcConfigKeys (ConfUtils.java:logGet(46)) - raft.grpc.client.port = 0 (custom)
2022-09-30 13:40:21,454 [Listener at 127.0.0.1/46717] INFO  grpc.GrpcConfigKeys (ConfUtils.java:logGet(46)) - raft.grpc.server.port = 0 (default)
2022-09-30 13:40:21,454 [Listener at 127.0.0.1/46717] INFO  server.GrpcService (ConfUtils.java:logGet(46)) - raft.grpc.message.size.max = 32MB (=33554432) (custom)
2022-09-30 13:40:21,454 [Listener at 127.0.0.1/46717] INFO  server.RaftServerConfigKeys (ConfUtils.java:logGet(46)) - raft.server.log.appender.buffer.byte-limit = 33554432 (custom)
2022-09-30 13:40:21,454 [Listener at 127.0.0.1/46717] INFO  server.GrpcService (ConfUtils.java:logGet(46)) - raft.grpc.flow.control.window = 5MB (=5242880) (custom)
2022-09-30 13:40:21,454 [Listener at 127.0.0.1/46717] INFO  server.RaftServerConfigKeys (ConfUtils.java:logGet(46)) - raft.server.rpc.request.timeout = 60s (custom)
2022-09-30 13:40:21,454 [Listener at 127.0.0.1/46717] INFO  grpc.GrpcConfigKeys (ConfUtils.java:logGet(46)) - raft.grpc.server.async.request.thread.pool.cached = true (default)
2022-09-30 13:40:21,454 [Listener at 127.0.0.1/46717] INFO  grpc.GrpcConfigKeys (ConfUtils.java:logGet(46)) - raft.grpc.server.async.request.thread.pool.size = 32 (default)
2022-09-30 13:40:21,456 [Listener at 127.0.0.1/46717] INFO  impl.DataStreamServerImpl (ConfUtils.java:logGet(46)) - raft.datastream.type = DISABLED (default)
2022-09-30 13:40:21,456 [Listener at 127.0.0.1/46717] INFO  server.RaftServerConfigKeys (ConfUtils.java:logGet(46)) - raft.server.threadpool.proxy.cached = true (default)
2022-09-30 13:40:21,456 [Listener at 127.0.0.1/46717] INFO  server.RaftServerConfigKeys (ConfUtils.java:logGet(46)) - raft.server.threadpool.proxy.size = 0 (default)
2022-09-30 13:40:21,456 [Listener at 127.0.0.1/46717] INFO  server.RaftServerConfigKeys (ConfUtils.java:logGet(46)) - raft.server.rpc.slowness.timeout = 300s (custom)
2022-09-30 13:40:21,456 [Listener at 127.0.0.1/46717] INFO  server.RaftServerConfigKeys (ConfUtils.java:logGet(46)) - raft.server.leaderelection.leader.step-down.wait-time = 10s (default)
2022-09-30 13:40:21,456 [Listener at 127.0.0.1/46717] INFO  server.RaftServerConfigKeys (ConfUtils.java:logGet(46)) - raft.server.storage.dir = [/home/runner/work/ozone/ozone/hadoop-ozone/integration-test/target/test-dir/MiniOzoneClusterImpl-8c4c252e-cda6-42f5-b80f-9d168f3e16cf/datanode-0/data/ratis] (custom)
2022-09-30 13:40:21,477 [Listener at 127.0.0.1/46717] INFO  server.XceiverServerGrpc (XceiverServerGrpc.java:<init>(132)) - GrpcServer channel type EpollServerSocketChannel
2022-09-30 13:40:21,554 [Listener at 127.0.0.1/46717] INFO  http.BaseHttpServer (BaseHttpServer.java:newHttpServer2BuilderForOzone(213)) - Starting Web-server for hddsDatanode at: http://0.0.0.0:0
2022-09-30 13:40:21,554 [Listener at 127.0.0.1/46717] INFO  http.BaseHttpServer (BaseHttpServer.java:<init>(108)) - Hadoop Security Enabled: false Ozone Security Enabled: false Ozone HTTP Security Enabled: false 
2022-09-30 13:40:21,555 [Listener at 127.0.0.1/46717] INFO  server.AuthenticationFilter (AuthenticationFilter.java:constructSecretProvider(240)) - Unable to initialize FileSignerSecretProvider, falling back to use random secrets.
2022-09-30 13:40:21,556 [Listener at 127.0.0.1/46717] WARN  http.HttpRequestLog (HttpRequestLog.java:getRequestLog(103)) - Jetty request log can only be enabled using Log4j
2022-09-30 13:40:21,557 [Listener at 127.0.0.1/46717] INFO  http.HttpServer2 (HttpServer2.java:addGlobalFilter(1029)) - Added global filter 'safety' (class=org.apache.hadoop.hdds.server.http.HttpServer2$QuotingInputFilter)
2022-09-30 13:40:21,558 [Listener at 127.0.0.1/46717] INFO  http.HttpServer2 (HttpServer2.java:addFilter(1005)) - Added filter static_user_filter (class=org.apache.hadoop.http.lib.StaticUserWebFilter$StaticUserFilter) to context hddsDatanode
2022-09-30 13:40:21,558 [Listener at 127.0.0.1/46717] INFO  http.HttpServer2 (HttpServer2.java:addFilter(1013)) - Added filter static_user_filter (class=org.apache.hadoop.http.lib.StaticUserWebFilter$StaticUserFilter) to context static
2022-09-30 13:40:21,558 [Listener at 127.0.0.1/46717] INFO  http.HttpServer2 (HttpServer2.java:addFilter(1013)) - Added filter static_user_filter (class=org.apache.hadoop.http.lib.StaticUserWebFilter$StaticUserFilter) to context logs
2022-09-30 13:40:21,559 [Listener at 127.0.0.1/46717] INFO  http.HttpServer2 (HttpServer2.java:bindListener(1248)) - Jetty bound to port 46257
2022-09-30 13:40:21,559 [Listener at 127.0.0.1/46717] INFO  server.Server (Server.java:doStart(375)) - jetty-9.4.43.v20210629; built: 2021-06-30T11:07:22.254Z; git: 526006ecfa3af7f1a27ef3a288e2bef7ea9dd7e8; jvm 1.8.0_345-b01
2022-09-30 13:40:21,565 [Listener at 127.0.0.1/46717] INFO  server.session (DefaultSessionIdManager.java:doStart(334)) - DefaultSessionIdManager workerName=node0
2022-09-30 13:40:21,565 [Listener at 127.0.0.1/46717] INFO  server.session (DefaultSessionIdManager.java:doStart(339)) - No SessionScavenger set, using defaults
2022-09-30 13:40:21,565 [Listener at 127.0.0.1/46717] INFO  server.session (HouseKeeper.java:startScavenging(132)) - node0 Scavenging every 600000ms
2022-09-30 13:40:21,566 [Listener at 127.0.0.1/46717] INFO  handler.ContextHandler (ContextHandler.java:doStart(915)) - Started o.e.j.s.ServletContextHandler@387f6842{logs,/logs,file:///home/runner/work/ozone/ozone/hadoop-ozone/integration-test/target/log,AVAILABLE}
2022-09-30 13:40:21,566 [Listener at 127.0.0.1/46717] INFO  handler.ContextHandler (ContextHandler.java:doStart(915)) - Started o.e.j.s.ServletContextHandler@6f6a2e2d{static,/static,jar:file:/home/runner/.m2/repository/org/apache/ozone/hdds-container-service/1.3.0-SNAPSHOT/hdds-container-service-1.3.0-SNAPSHOT.jar!/webapps/static,AVAILABLE}
2022-09-30 13:40:21,769 [om1@group-C5BA1605619E-FollowerState] INFO  impl.FollowerState (FollowerState.java:run(143)) - om1@group-C5BA1605619E-FollowerState: change to CANDIDATE, lastRpcElapsedTime:1053954665ns, electionTimeout:1047ms
2022-09-30 13:40:21,770 [om1@group-C5BA1605619E-FollowerState] INFO  impl.RoleInfo (RoleInfo.java:shutdownFollowerState(110)) - om1: shutdown om1@group-C5BA1605619E-FollowerState
2022-09-30 13:40:21,771 [om1@group-C5BA1605619E-FollowerState] INFO  server.RaftServer$Division (RaftServerImpl.java:setRole(299)) - om1@group-C5BA1605619E: changes role from  FOLLOWER to CANDIDATE at term 0 for changeToCandidate
2022-09-30 13:40:21,774 [om1@group-C5BA1605619E-FollowerState] INFO  server.RaftServerConfigKeys (ConfUtils.java:logGet(46)) - raft.server.leaderelection.pre-vote = false (custom)
2022-09-30 13:40:21,774 [om1@group-C5BA1605619E-FollowerState] INFO  impl.RoleInfo (RoleInfo.java:updateAndGet(139)) - om1: start om1@group-C5BA1605619E-LeaderElection1
2022-09-30 13:40:21,786 [Listener at 127.0.0.1/46717] INFO  handler.ContextHandler (ContextHandler.java:doStart(915)) - Started o.e.j.w.WebAppContext@7e34e1ff{hddsDatanode,/,file:///tmp/jetty-0_0_0_0-46257-hdds-container-service-1_3_0-SNAPSHOT_jar-_-any-2112811884852244970/webapp/,AVAILABLE}{jar:file:/home/runner/.m2/repository/org/apache/ozone/hdds-container-service/1.3.0-SNAPSHOT/hdds-container-service-1.3.0-SNAPSHOT.jar!/webapps/hddsDatanode}
2022-09-30 13:40:21,788 [om1@group-C5BA1605619E-LeaderElection1] INFO  impl.LeaderElection (LeaderElection.java:askForVotes(310)) - om1@group-C5BA1605619E-LeaderElection1 ELECTION round 0: submit vote requests at term 1 for -1: [om1|rpc:localhost:33617|priority:0], old=null
2022-09-30 13:40:21,789 [om1@group-C5BA1605619E-LeaderElection1] INFO  impl.LeaderElection (LeaderElection.java:askForVotes(312)) - om1@group-C5BA1605619E-LeaderElection1 ELECTION round 0: result PASSED (term=1)
2022-09-30 13:40:21,790 [om1@group-C5BA1605619E-LeaderElection1] INFO  impl.RoleInfo (RoleInfo.java:shutdownLeaderElection(130)) - om1: shutdown om1@group-C5BA1605619E-LeaderElection1
2022-09-30 13:40:21,790 [om1@group-C5BA1605619E-LeaderElection1] INFO  server.RaftServer$Division (RaftServerImpl.java:setRole(299)) - om1@group-C5BA1605619E: changes role from CANDIDATE to LEADER at term 1 for changeToLeader
2022-09-30 13:40:21,790 [om1@group-C5BA1605619E-LeaderElection1] INFO  server.RaftServer$Division (ServerState.java:setLeader(287)) - om1@group-C5BA1605619E: change Leader from null to om1 at term 1 for becomeLeader, leader elected after 2274ms
2022-09-30 13:40:21,796 [Listener at 127.0.0.1/46717] INFO  server.AbstractConnector (AbstractConnector.java:doStart(331)) - Started ServerConnector@3c882fba{HTTP/1.1, (http/1.1)}{0.0.0.0:46257}
2022-09-30 13:40:21,796 [Listener at 127.0.0.1/46717] INFO  server.Server (Server.java:doStart(415)) - Started @9553ms
2022-09-30 13:40:21,796 [Listener at 127.0.0.1/46717] WARN  impl.MetricsSystemImpl (MetricsSystemImpl.java:register(279)) - Sink prometheus already exists!
2022-09-30 13:40:21,797 [Listener at 127.0.0.1/46717] INFO  http.BaseHttpServer (BaseHttpServer.java:updateConnectorAddress(333)) - HTTP server of hddsDatanode listening at http://0.0.0.0:46257
2022-09-30 13:40:21,798 [om1@group-C5BA1605619E-LeaderElection1] INFO  server.RaftServerConfigKeys (ConfUtils.java:logGet(46)) - raft.server.staging.catchup.gap = 1000 (default)
2022-09-30 13:40:21,804 [Listener at 127.0.0.1/46717] WARN  impl.MetricRegistriesImpl (MetricRegistriesImpl.java:addReporterRegistration(111)) - New reporters are added after registries were created. Some metrics will be missing from the reporter. Please add reporter before adding any new registry.
2022-09-30 13:40:21,804 [Listener at 127.0.0.1/46717] WARN  impl.MetricRegistriesImpl (MetricRegistriesImpl.java:addReporterRegistration(111)) - New reporters are added after registries were created. Some metrics will be missing from the reporter. Please add reporter before adding any new registry.
2022-09-30 13:40:21,804 [Listener at 127.0.0.1/46717] INFO  impl.MetricsSystemImpl (MetricsSystemImpl.java:init(158)) - HddsDatanode metrics system started (again)
2022-09-30 13:40:21,812 [om1@group-C5BA1605619E-LeaderElection1] INFO  server.RaftServerConfigKeys (ConfUtils.java:logGet(46)) - raft.server.write.element-limit = 4096 (default)
2022-09-30 13:40:21,812 [om1@group-C5BA1605619E-LeaderElection1] INFO  server.RaftServerConfigKeys (ConfUtils.java:logGet(46)) - raft.server.write.byte-limit = 64MB (=67108864) (default)
2022-09-30 13:40:21,816 [Datanode State Machine Daemon Thread] INFO  statemachine.DatanodeStateMachine (DatanodeStateMachine.java:lambda$startDaemon$0(492)) - Ozone container server started.
2022-09-30 13:40:21,823 [om1@group-C5BA1605619E-LeaderElection1] INFO  server.RaftServerConfigKeys (ConfUtils.java:logGet(46)) - raft.server.watch.timeout = 10s (default)
2022-09-30 13:40:21,823 [om1@group-C5BA1605619E-LeaderElection1] INFO  server.RaftServerConfigKeys (ConfUtils.java:logGet(46)) - raft.server.watch.timeout.denomination = 1s (default)
2022-09-30 13:40:21,824 [om1@group-C5BA1605619E-LeaderElection1] INFO  server.RaftServerConfigKeys (ConfUtils.java:logGet(46)) - raft.server.watch.element-limit = 65536 (default)
2022-09-30 13:40:21,830 [om1@group-C5BA1605619E-LeaderElection1] INFO  server.RaftServerConfigKeys (ConfUtils.java:logGet(46)) - raft.server.write.element-limit = 4096 (default)
2022-09-30 13:40:21,831 [Listener at 127.0.0.1/46717] INFO  ozone.HddsDatanodeService (HddsDatanodeService.java:start(236)) - HddsDatanodeService host:fv-az264-432.ca02foy5wcnuvlrvrz2wi3p2og.dx.internal.cloudapp.net ip:10.1.0.210
2022-09-30 13:40:21,835 [om1@group-C5BA1605619E-LeaderElection1] INFO  server.RaftServerConfigKeys (ConfUtils.java:logGet(46)) - raft.server.write.follower.gap.ratio.max = -1.0 (default)
2022-09-30 13:40:21,842 [om1@group-C5BA1605619E-LeaderElection1] INFO  impl.RoleInfo (RoleInfo.java:updateAndGet(139)) - om1: start om1@group-C5BA1605619E-LeaderStateImpl
2022-09-30 13:40:21,872 [Listener at 127.0.0.1/46717] INFO  upgrade.AbstractLayoutVersionManager (AbstractLayoutVersionManager.java:init(83)) - Initializing Layout version manager with metadata layout = DATANODE_SCHEMA_V3 (version = 4), software layout = DATANODE_SCHEMA_V3 (version = 4)
2022-09-30 13:40:21,888 [org.apache.hadoop.util.JvmPauseMonitor$Monitor@317311ff] INFO  util.JvmPauseMonitor (JvmPauseMonitor.java:run(188)) - Starting JVM pause monitor
2022-09-30 13:40:21,935 [om1@group-C5BA1605619E-LeaderElection1] INFO  segmented.SegmentedRaftLogWorker (SegmentedRaftLogWorker.java:startLogSegment(425)) - om1@group-C5BA1605619E-SegmentedRaftLogWorker: Starting segment from index:0
2022-09-30 13:40:21,967 [ReplicationMonitor] INFO  replication.ReplicationManager (ReplicationManager.java:processAll(291)) - Replication Manager is not ready to run until 3000ms after safemode exit
2022-09-30 13:40:21,997 [Listener at 127.0.0.1/46717] INFO  reflections.Reflections (Reflections.java:scan(232)) - Reflections took 116 ms to scan 7 urls, producing 135 keys and 327 values 
2022-09-30 13:40:22,007 [Listener at 127.0.0.1/46717] INFO  statemachine.DatanodeStateMachine (DatanodeStateMachine.java:getEndPointTaskThreadPoolSize(237)) - Datanode State Machine Task Thread Pool size 2
2022-09-30 13:40:22,020 [Listener at 127.0.0.1/46717] INFO  volume.HddsVolume (HddsVolume.java:<init>(117)) - Creating HddsVolume: /home/runner/work/ozone/ozone/hadoop-ozone/integration-test/target/test-dir/MiniOzoneClusterImpl-8c4c252e-cda6-42f5-b80f-9d168f3e16cf/datanode-1/data-0/containers/hdds of storage type : DISK capacity : 9223372036854775807
2022-09-30 13:40:22,020 [Listener at 127.0.0.1/46717] INFO  volume.MutableVolumeSet (MutableVolumeSet.java:initializeVolumeSet(174)) - Added Volume : /home/runner/work/ozone/ozone/hadoop-ozone/integration-test/target/test-dir/MiniOzoneClusterImpl-8c4c252e-cda6-42f5-b80f-9d168f3e16cf/datanode-1/data-0/containers/hdds to VolumeSet
2022-09-30 13:40:22,020 [Listener at 127.0.0.1/46717] INFO  volume.ThrottledAsyncChecker (ThrottledAsyncChecker.java:schedule(141)) - Scheduling a check for /home/runner/work/ozone/ozone/hadoop-ozone/integration-test/target/test-dir/MiniOzoneClusterImpl-8c4c252e-cda6-42f5-b80f-9d168f3e16cf/datanode-1/data-0/containers/hdds
2022-09-30 13:40:22,021 [Listener at 127.0.0.1/46717] INFO  volume.StorageVolumeChecker (StorageVolumeChecker.java:checkAllVolumes(202)) - Scheduled health check for volume /home/runner/work/ozone/ozone/hadoop-ozone/integration-test/target/test-dir/MiniOzoneClusterImpl-8c4c252e-cda6-42f5-b80f-9d168f3e16cf/datanode-1/data-0/containers/hdds
2022-09-30 13:40:22,032 [om1@group-C5BA1605619E-LeaderElection1] INFO  server.RaftServer$Division (ServerState.java:setRaftConf(393)) - om1@group-C5BA1605619E: set configuration 0: [om1|rpc:localhost:33617|admin:|client:|dataStream:|priority:0], old=null
2022-09-30 13:40:22,059 [Listener at 127.0.0.1/46717] INFO  volume.MutableVolumeSet (MutableVolumeSet.java:initializeVolumeSet(174)) - Added Volume : /home/runner/work/ozone/ozone/hadoop-ozone/integration-test/target/test-dir/MiniOzoneClusterImpl-8c4c252e-cda6-42f5-b80f-9d168f3e16cf/datanode-1/data/ratis to VolumeSet
2022-09-30 13:40:22,060 [Listener at 127.0.0.1/46717] INFO  volume.ThrottledAsyncChecker (ThrottledAsyncChecker.java:schedule(141)) - Scheduling a check for /home/runner/work/ozone/ozone/hadoop-ozone/integration-test/target/test-dir/MiniOzoneClusterImpl-8c4c252e-cda6-42f5-b80f-9d168f3e16cf/datanode-1/data/ratis
2022-09-30 13:40:22,060 [Listener at 127.0.0.1/46717] INFO  volume.StorageVolumeChecker (StorageVolumeChecker.java:checkAllVolumes(202)) - Scheduled health check for volume /home/runner/work/ozone/ozone/hadoop-ozone/integration-test/target/test-dir/MiniOzoneClusterImpl-8c4c252e-cda6-42f5-b80f-9d168f3e16cf/datanode-1/data/ratis
2022-09-30 13:40:22,101 [Thread-153] INFO  ozoneimpl.ContainerReader (ContainerReader.java:readVolume(175)) - Finish verifying containers on volume /home/runner/work/ozone/ozone/hadoop-ozone/integration-test/target/test-dir/MiniOzoneClusterImpl-8c4c252e-cda6-42f5-b80f-9d168f3e16cf/datanode-1/data-0/containers/hdds
2022-09-30 13:40:22,114 [Listener at 127.0.0.1/46717] INFO  ozoneimpl.OzoneContainer (OzoneContainer.java:buildContainerSet(300)) - Build ContainerSet costs 0s
2022-09-30 13:40:22,118 [Listener at 127.0.0.1/46717] INFO  server.RaftServer (ConfUtils.java:logGet(46)) - raft.rpc.type = GRPC (default)
2022-09-30 13:40:22,118 [Listener at 127.0.0.1/46717] INFO  grpc.GrpcFactory (GrpcFactory.java:checkPooledByteBufAllocatorUseCacheForAllThreads(48)) - PERFORMANCE WARNING: useCacheForAllThreads is true that may cause Netty to create a lot garbage objects and, as a result, trigger GC.
	It is recommended to disable useCacheForAllThreads by setting -Dorg.apache.ratis.thirdparty.io.netty.allocator.useCacheForAllThreads=false in command line.
2022-09-30 13:40:22,118 [Listener at 127.0.0.1/46717] INFO  grpc.GrpcConfigKeys (ConfUtils.java:logGet(46)) - raft.grpc.admin.port = 0 (custom)
2022-09-30 13:40:22,118 [Listener at 127.0.0.1/46717] INFO  grpc.GrpcConfigKeys (ConfUtils.java:logGet(46)) - raft.grpc.client.port = 0 (custom)
2022-09-30 13:40:22,118 [Listener at 127.0.0.1/46717] INFO  grpc.GrpcConfigKeys (ConfUtils.java:logGet(46)) - raft.grpc.server.port = 0 (default)
2022-09-30 13:40:22,118 [Listener at 127.0.0.1/46717] INFO  server.GrpcService (ConfUtils.java:logGet(46)) - raft.grpc.message.size.max = 32MB (=33554432) (custom)
2022-09-30 13:40:22,119 [Listener at 127.0.0.1/46717] INFO  server.RaftServerConfigKeys (ConfUtils.java:logGet(46)) - raft.server.log.appender.buffer.byte-limit = 33554432 (custom)
2022-09-30 13:40:22,119 [Listener at 127.0.0.1/46717] INFO  server.GrpcService (ConfUtils.java:logGet(46)) - raft.grpc.flow.control.window = 5MB (=5242880) (custom)
2022-09-30 13:40:22,119 [Listener at 127.0.0.1/46717] INFO  server.RaftServerConfigKeys (ConfUtils.java:logGet(46)) - raft.server.rpc.request.timeout = 60s (custom)
2022-09-30 13:40:22,119 [Listener at 127.0.0.1/46717] INFO  grpc.GrpcConfigKeys (ConfUtils.java:logGet(46)) - raft.grpc.server.async.request.thread.pool.cached = true (default)
2022-09-30 13:40:22,119 [Listener at 127.0.0.1/46717] INFO  grpc.GrpcConfigKeys (ConfUtils.java:logGet(46)) - raft.grpc.server.async.request.thread.pool.size = 32 (default)
2022-09-30 13:40:22,122 [Listener at 127.0.0.1/46717] INFO  impl.DataStreamServerImpl (ConfUtils.java:logGet(46)) - raft.datastream.type = DISABLED (default)
2022-09-30 13:40:22,123 [Listener at 127.0.0.1/46717] INFO  server.RaftServerConfigKeys (ConfUtils.java:logGet(46)) - raft.server.threadpool.proxy.cached = true (default)
2022-09-30 13:40:22,123 [Listener at 127.0.0.1/46717] INFO  server.RaftServerConfigKeys (ConfUtils.java:logGet(46)) - raft.server.threadpool.proxy.size = 0 (default)
2022-09-30 13:40:22,123 [Listener at 127.0.0.1/46717] INFO  server.RaftServerConfigKeys (ConfUtils.java:logGet(46)) - raft.server.rpc.slowness.timeout = 300s (custom)
2022-09-30 13:40:22,123 [Listener at 127.0.0.1/46717] INFO  server.RaftServerConfigKeys (ConfUtils.java:logGet(46)) - raft.server.leaderelection.leader.step-down.wait-time = 10s (default)
2022-09-30 13:40:22,123 [Listener at 127.0.0.1/46717] INFO  server.RaftServerConfigKeys (ConfUtils.java:logGet(46)) - raft.server.storage.dir = [/home/runner/work/ozone/ozone/hadoop-ozone/integration-test/target/test-dir/MiniOzoneClusterImpl-8c4c252e-cda6-42f5-b80f-9d168f3e16cf/datanode-1/data/ratis] (custom)
2022-09-30 13:40:22,137 [Listener at 127.0.0.1/46717] INFO  server.XceiverServerGrpc (XceiverServerGrpc.java:<init>(132)) - GrpcServer channel type EpollServerSocketChannel
2022-09-30 13:40:22,147 [Listener at 127.0.0.1/46717] INFO  http.BaseHttpServer (BaseHttpServer.java:newHttpServer2BuilderForOzone(213)) - Starting Web-server for hddsDatanode at: http://0.0.0.0:0
2022-09-30 13:40:22,148 [Listener at 127.0.0.1/46717] INFO  http.BaseHttpServer (BaseHttpServer.java:<init>(108)) - Hadoop Security Enabled: false Ozone Security Enabled: false Ozone HTTP Security Enabled: false 
2022-09-30 13:40:22,149 [Listener at 127.0.0.1/46717] INFO  server.AuthenticationFilter (AuthenticationFilter.java:constructSecretProvider(240)) - Unable to initialize FileSignerSecretProvider, falling back to use random secrets.
2022-09-30 13:40:22,158 [Datanode State Machine Task Thread - 0] INFO  datanode.InitDatanodeState (InitDatanodeState.java:persistContainerDatanodeDetails(138)) - DatanodeDetails is persisted to /home/runner/work/ozone/ozone/hadoop-ozone/integration-test/target/test-dir/MiniOzoneClusterImpl-8c4c252e-cda6-42f5-b80f-9d168f3e16cf/datanode-0/meta/datanode.id
2022-09-30 13:40:22,159 [Listener at 127.0.0.1/46717] WARN  http.HttpRequestLog (HttpRequestLog.java:getRequestLog(103)) - Jetty request log can only be enabled using Log4j
2022-09-30 13:40:22,161 [Listener at 127.0.0.1/46717] INFO  http.HttpServer2 (HttpServer2.java:addGlobalFilter(1029)) - Added global filter 'safety' (class=org.apache.hadoop.hdds.server.http.HttpServer2$QuotingInputFilter)
2022-09-30 13:40:22,162 [Listener at 127.0.0.1/46717] INFO  http.HttpServer2 (HttpServer2.java:addFilter(1005)) - Added filter static_user_filter (class=org.apache.hadoop.http.lib.StaticUserWebFilter$StaticUserFilter) to context hddsDatanode
2022-09-30 13:40:22,162 [Listener at 127.0.0.1/46717] INFO  http.HttpServer2 (HttpServer2.java:addFilter(1013)) - Added filter static_user_filter (class=org.apache.hadoop.http.lib.StaticUserWebFilter$StaticUserFilter) to context logs
2022-09-30 13:40:22,162 [Listener at 127.0.0.1/46717] INFO  http.HttpServer2 (HttpServer2.java:addFilter(1013)) - Added filter static_user_filter (class=org.apache.hadoop.http.lib.StaticUserWebFilter$StaticUserFilter) to context static
2022-09-30 13:40:22,162 [Listener at 127.0.0.1/46717] INFO  http.HttpServer2 (HttpServer2.java:bindListener(1248)) - Jetty bound to port 39267
2022-09-30 13:40:22,163 [Listener at 127.0.0.1/46717] INFO  server.Server (Server.java:doStart(375)) - jetty-9.4.43.v20210629; built: 2021-06-30T11:07:22.254Z; git: 526006ecfa3af7f1a27ef3a288e2bef7ea9dd7e8; jvm 1.8.0_345-b01
2022-09-30 13:40:22,172 [Listener at 127.0.0.1/46717] INFO  server.session (DefaultSessionIdManager.java:doStart(334)) - DefaultSessionIdManager workerName=node0
2022-09-30 13:40:22,172 [Listener at 127.0.0.1/46717] INFO  server.session (DefaultSessionIdManager.java:doStart(339)) - No SessionScavenger set, using defaults
2022-09-30 13:40:22,172 [Listener at 127.0.0.1/46717] INFO  server.session (HouseKeeper.java:startScavenging(132)) - node0 Scavenging every 660000ms
2022-09-30 13:40:22,173 [Listener at 127.0.0.1/46717] INFO  handler.ContextHandler (ContextHandler.java:doStart(915)) - Started o.e.j.s.ServletContextHandler@3856df76{logs,/logs,file:///home/runner/work/ozone/ozone/hadoop-ozone/integration-test/target/log,AVAILABLE}
2022-09-30 13:40:22,174 [Listener at 127.0.0.1/46717] INFO  handler.ContextHandler (ContextHandler.java:doStart(915)) - Started o.e.j.s.ServletContextHandler@346bcb5{static,/static,jar:file:/home/runner/.m2/repository/org/apache/ozone/hdds-container-service/1.3.0-SNAPSHOT/hdds-container-service-1.3.0-SNAPSHOT.jar!/webapps/static,AVAILABLE}
2022-09-30 13:40:22,197 [om1@group-C5BA1605619E-SegmentedRaftLogWorker] INFO  segmented.SegmentedRaftLogWorker (SegmentedRaftLogWorker.java:execute(629)) - om1@group-C5BA1605619E-SegmentedRaftLogWorker: created new log segment /home/runner/work/ozone/ozone/hadoop-ozone/integration-test/target/test-dir/MiniOzoneClusterImpl-8c4c252e-cda6-42f5-b80f-9d168f3e16cf/ozone-meta/ratis/bf265839-605b-3f16-9796-c5ba1605619e/current/log_inprogress_0
2022-09-30 13:40:22,357 [om1@group-C5BA1605619E-StateMachineUpdater] INFO  ratis.OzoneManagerStateMachine (OzoneManagerStateMachine.java:notifyConfigurationChanged(192)) - Received Configuration change notification from Ratis. New Peer list:
[id: "om1"
address: "localhost:33617"
]
2022-09-30 13:40:22,381 [Listener at 127.0.0.1/46717] INFO  handler.ContextHandler (ContextHandler.java:doStart(915)) - Started o.e.j.w.WebAppContext@72a756a{hddsDatanode,/,file:///tmp/jetty-0_0_0_0-39267-hdds-container-service-1_3_0-SNAPSHOT_jar-_-any-4866632876484278080/webapp/,AVAILABLE}{jar:file:/home/runner/.m2/repository/org/apache/ozone/hdds-container-service/1.3.0-SNAPSHOT/hdds-container-service-1.3.0-SNAPSHOT.jar!/webapps/hddsDatanode}
2022-09-30 13:40:22,384 [Listener at 127.0.0.1/46717] INFO  server.AbstractConnector (AbstractConnector.java:doStart(331)) - Started ServerConnector@44a422ee{HTTP/1.1, (http/1.1)}{0.0.0.0:39267}
2022-09-30 13:40:22,384 [Listener at 127.0.0.1/46717] INFO  server.Server (Server.java:doStart(415)) - Started @10141ms
2022-09-30 13:40:22,384 [Listener at 127.0.0.1/46717] WARN  impl.MetricsSystemImpl (MetricsSystemImpl.java:register(279)) - Sink prometheus already exists!
2022-09-30 13:40:22,385 [Listener at 127.0.0.1/46717] INFO  http.BaseHttpServer (BaseHttpServer.java:updateConnectorAddress(333)) - HTTP server of hddsDatanode listening at http://0.0.0.0:39267
2022-09-30 13:40:22,388 [Datanode State Machine Daemon Thread] INFO  statemachine.DatanodeStateMachine (DatanodeStateMachine.java:lambda$startDaemon$0(492)) - Ozone container server started.
2022-09-30 13:40:22,397 [Listener at 127.0.0.1/46717] WARN  impl.MetricRegistriesImpl (MetricRegistriesImpl.java:addReporterRegistration(111)) - New reporters are added after registries were created. Some metrics will be missing from the reporter. Please add reporter before adding any new registry.
2022-09-30 13:40:22,397 [Listener at 127.0.0.1/46717] WARN  impl.MetricRegistriesImpl (MetricRegistriesImpl.java:addReporterRegistration(111)) - New reporters are added after registries were created. Some metrics will be missing from the reporter. Please add reporter before adding any new registry.
2022-09-30 13:40:22,397 [Listener at 127.0.0.1/46717] INFO  impl.MetricsSystemImpl (MetricsSystemImpl.java:init(158)) - HddsDatanode metrics system started (again)
2022-09-30 13:40:22,398 [org.apache.hadoop.util.JvmPauseMonitor$Monitor@417e0c36] INFO  util.JvmPauseMonitor (JvmPauseMonitor.java:run(188)) - Starting JVM pause monitor
2022-09-30 13:40:22,422 [Datanode State Machine Task Thread - 0] INFO  datanode.InitDatanodeState (InitDatanodeState.java:persistContainerDatanodeDetails(138)) - DatanodeDetails is persisted to /home/runner/work/ozone/ozone/hadoop-ozone/integration-test/target/test-dir/MiniOzoneClusterImpl-8c4c252e-cda6-42f5-b80f-9d168f3e16cf/datanode-1/meta/datanode.id
2022-09-30 13:40:22,430 [Listener at 127.0.0.1/46717] INFO  ozone.HddsDatanodeService (HddsDatanodeService.java:start(236)) - HddsDatanodeService host:fv-az264-432.ca02foy5wcnuvlrvrz2wi3p2og.dx.internal.cloudapp.net ip:10.1.0.210
2022-09-30 13:40:22,456 [Listener at 127.0.0.1/46717] INFO  upgrade.AbstractLayoutVersionManager (AbstractLayoutVersionManager.java:init(83)) - Initializing Layout version manager with metadata layout = DATANODE_SCHEMA_V3 (version = 4), software layout = DATANODE_SCHEMA_V3 (version = 4)
2022-09-30 13:40:22,524 [Listener at 127.0.0.1/46717] INFO  reflections.Reflections (Reflections.java:scan(232)) - Reflections took 65 ms to scan 7 urls, producing 135 keys and 327 values 
2022-09-30 13:40:22,526 [Listener at 127.0.0.1/46717] INFO  statemachine.DatanodeStateMachine (DatanodeStateMachine.java:getEndPointTaskThreadPoolSize(237)) - Datanode State Machine Task Thread Pool size 2
2022-09-30 13:40:22,534 [Listener at 127.0.0.1/46717] INFO  volume.HddsVolume (HddsVolume.java:<init>(117)) - Creating HddsVolume: /home/runner/work/ozone/ozone/hadoop-ozone/integration-test/target/test-dir/MiniOzoneClusterImpl-8c4c252e-cda6-42f5-b80f-9d168f3e16cf/datanode-2/data-0/containers/hdds of storage type : DISK capacity : 9223372036854775807
2022-09-30 13:40:22,534 [Listener at 127.0.0.1/46717] INFO  volume.MutableVolumeSet (MutableVolumeSet.java:initializeVolumeSet(174)) - Added Volume : /home/runner/work/ozone/ozone/hadoop-ozone/integration-test/target/test-dir/MiniOzoneClusterImpl-8c4c252e-cda6-42f5-b80f-9d168f3e16cf/datanode-2/data-0/containers/hdds to VolumeSet
2022-09-30 13:40:22,534 [Listener at 127.0.0.1/46717] INFO  volume.ThrottledAsyncChecker (ThrottledAsyncChecker.java:schedule(141)) - Scheduling a check for /home/runner/work/ozone/ozone/hadoop-ozone/integration-test/target/test-dir/MiniOzoneClusterImpl-8c4c252e-cda6-42f5-b80f-9d168f3e16cf/datanode-2/data-0/containers/hdds
2022-09-30 13:40:22,542 [Listener at 127.0.0.1/46717] INFO  volume.StorageVolumeChecker (StorageVolumeChecker.java:checkAllVolumes(202)) - Scheduled health check for volume /home/runner/work/ozone/ozone/hadoop-ozone/integration-test/target/test-dir/MiniOzoneClusterImpl-8c4c252e-cda6-42f5-b80f-9d168f3e16cf/datanode-2/data-0/containers/hdds
2022-09-30 13:40:22,556 [Listener at 127.0.0.1/46717] INFO  volume.MutableVolumeSet (MutableVolumeSet.java:initializeVolumeSet(174)) - Added Volume : /home/runner/work/ozone/ozone/hadoop-ozone/integration-test/target/test-dir/MiniOzoneClusterImpl-8c4c252e-cda6-42f5-b80f-9d168f3e16cf/datanode-2/data/ratis to VolumeSet
2022-09-30 13:40:22,556 [Listener at 127.0.0.1/46717] INFO  volume.ThrottledAsyncChecker (ThrottledAsyncChecker.java:schedule(141)) - Scheduling a check for /home/runner/work/ozone/ozone/hadoop-ozone/integration-test/target/test-dir/MiniOzoneClusterImpl-8c4c252e-cda6-42f5-b80f-9d168f3e16cf/datanode-2/data/ratis
2022-09-30 13:40:22,556 [Listener at 127.0.0.1/46717] INFO  volume.StorageVolumeChecker (StorageVolumeChecker.java:checkAllVolumes(202)) - Scheduled health check for volume /home/runner/work/ozone/ozone/hadoop-ozone/integration-test/target/test-dir/MiniOzoneClusterImpl-8c4c252e-cda6-42f5-b80f-9d168f3e16cf/datanode-2/data/ratis
2022-09-30 13:40:22,572 [Thread-166] INFO  ozoneimpl.ContainerReader (ContainerReader.java:readVolume(175)) - Finish verifying containers on volume /home/runner/work/ozone/ozone/hadoop-ozone/integration-test/target/test-dir/MiniOzoneClusterImpl-8c4c252e-cda6-42f5-b80f-9d168f3e16cf/datanode-2/data-0/containers/hdds
2022-09-30 13:40:22,572 [Listener at 127.0.0.1/46717] INFO  ozoneimpl.OzoneContainer (OzoneContainer.java:buildContainerSet(300)) - Build ContainerSet costs 0s
2022-09-30 13:40:22,575 [Listener at 127.0.0.1/46717] INFO  server.RaftServer (ConfUtils.java:logGet(46)) - raft.rpc.type = GRPC (default)
2022-09-30 13:40:22,575 [Listener at 127.0.0.1/46717] INFO  grpc.GrpcFactory (GrpcFactory.java:checkPooledByteBufAllocatorUseCacheForAllThreads(48)) - PERFORMANCE WARNING: useCacheForAllThreads is true that may cause Netty to create a lot garbage objects and, as a result, trigger GC.
	It is recommended to disable useCacheForAllThreads by setting -Dorg.apache.ratis.thirdparty.io.netty.allocator.useCacheForAllThreads=false in command line.
2022-09-30 13:40:22,575 [Listener at 127.0.0.1/46717] INFO  grpc.GrpcConfigKeys (ConfUtils.java:logGet(46)) - raft.grpc.admin.port = 0 (custom)
2022-09-30 13:40:22,576 [Listener at 127.0.0.1/46717] INFO  grpc.GrpcConfigKeys (ConfUtils.java:logGet(46)) - raft.grpc.client.port = 0 (custom)
2022-09-30 13:40:22,576 [Listener at 127.0.0.1/46717] INFO  grpc.GrpcConfigKeys (ConfUtils.java:logGet(46)) - raft.grpc.server.port = 0 (default)
2022-09-30 13:40:22,576 [Listener at 127.0.0.1/46717] INFO  server.GrpcService (ConfUtils.java:logGet(46)) - raft.grpc.message.size.max = 32MB (=33554432) (custom)
2022-09-30 13:40:22,576 [Listener at 127.0.0.1/46717] INFO  server.RaftServerConfigKeys (ConfUtils.java:logGet(46)) - raft.server.log.appender.buffer.byte-limit = 33554432 (custom)
2022-09-30 13:40:22,576 [Listener at 127.0.0.1/46717] INFO  server.GrpcService (ConfUtils.java:logGet(46)) - raft.grpc.flow.control.window = 5MB (=5242880) (custom)
2022-09-30 13:40:22,576 [Listener at 127.0.0.1/46717] INFO  server.RaftServerConfigKeys (ConfUtils.java:logGet(46)) - raft.server.rpc.request.timeout = 60s (custom)
2022-09-30 13:40:22,576 [Listener at 127.0.0.1/46717] INFO  grpc.GrpcConfigKeys (ConfUtils.java:logGet(46)) - raft.grpc.server.async.request.thread.pool.cached = true (default)
2022-09-30 13:40:22,576 [Listener at 127.0.0.1/46717] INFO  grpc.GrpcConfigKeys (ConfUtils.java:logGet(46)) - raft.grpc.server.async.request.thread.pool.size = 32 (default)
2022-09-30 13:40:22,579 [Listener at 127.0.0.1/46717] INFO  impl.DataStreamServerImpl (ConfUtils.java:logGet(46)) - raft.datastream.type = DISABLED (default)
2022-09-30 13:40:22,579 [Listener at 127.0.0.1/46717] INFO  server.RaftServerConfigKeys (ConfUtils.java:logGet(46)) - raft.server.threadpool.proxy.cached = true (default)
2022-09-30 13:40:22,580 [Listener at 127.0.0.1/46717] INFO  server.RaftServerConfigKeys (ConfUtils.java:logGet(46)) - raft.server.threadpool.proxy.size = 0 (default)
2022-09-30 13:40:22,580 [Listener at 127.0.0.1/46717] INFO  server.RaftServerConfigKeys (ConfUtils.java:logGet(46)) - raft.server.rpc.slowness.timeout = 300s (custom)
2022-09-30 13:40:22,580 [Listener at 127.0.0.1/46717] INFO  server.RaftServerConfigKeys (ConfUtils.java:logGet(46)) - raft.server.leaderelection.leader.step-down.wait-time = 10s (default)
2022-09-30 13:40:22,580 [Listener at 127.0.0.1/46717] INFO  server.RaftServerConfigKeys (ConfUtils.java:logGet(46)) - raft.server.storage.dir = [/home/runner/work/ozone/ozone/hadoop-ozone/integration-test/target/test-dir/MiniOzoneClusterImpl-8c4c252e-cda6-42f5-b80f-9d168f3e16cf/datanode-2/data/ratis] (custom)
2022-09-30 13:40:22,585 [Listener at 127.0.0.1/46717] INFO  server.XceiverServerGrpc (XceiverServerGrpc.java:<init>(132)) - GrpcServer channel type EpollServerSocketChannel
2022-09-30 13:40:22,589 [Listener at 127.0.0.1/46717] INFO  http.BaseHttpServer (BaseHttpServer.java:newHttpServer2BuilderForOzone(213)) - Starting Web-server for hddsDatanode at: http://0.0.0.0:0
2022-09-30 13:40:22,589 [Listener at 127.0.0.1/46717] INFO  http.BaseHttpServer (BaseHttpServer.java:<init>(108)) - Hadoop Security Enabled: false Ozone Security Enabled: false Ozone HTTP Security Enabled: false 
2022-09-30 13:40:22,590 [Listener at 127.0.0.1/46717] INFO  server.AuthenticationFilter (AuthenticationFilter.java:constructSecretProvider(240)) - Unable to initialize FileSignerSecretProvider, falling back to use random secrets.
2022-09-30 13:40:22,590 [Listener at 127.0.0.1/46717] WARN  http.HttpRequestLog (HttpRequestLog.java:getRequestLog(103)) - Jetty request log can only be enabled using Log4j
2022-09-30 13:40:22,592 [Listener at 127.0.0.1/46717] INFO  http.HttpServer2 (HttpServer2.java:addGlobalFilter(1029)) - Added global filter 'safety' (class=org.apache.hadoop.hdds.server.http.HttpServer2$QuotingInputFilter)
2022-09-30 13:40:22,593 [Listener at 127.0.0.1/46717] INFO  http.HttpServer2 (HttpServer2.java:addFilter(1005)) - Added filter static_user_filter (class=org.apache.hadoop.http.lib.StaticUserWebFilter$StaticUserFilter) to context hddsDatanode
2022-09-30 13:40:22,593 [Listener at 127.0.0.1/46717] INFO  http.HttpServer2 (HttpServer2.java:addFilter(1013)) - Added filter static_user_filter (class=org.apache.hadoop.http.lib.StaticUserWebFilter$StaticUserFilter) to context static
2022-09-30 13:40:22,593 [Listener at 127.0.0.1/46717] INFO  http.HttpServer2 (HttpServer2.java:addFilter(1013)) - Added filter static_user_filter (class=org.apache.hadoop.http.lib.StaticUserWebFilter$StaticUserFilter) to context logs
2022-09-30 13:40:22,593 [Listener at 127.0.0.1/46717] INFO  http.HttpServer2 (HttpServer2.java:bindListener(1248)) - Jetty bound to port 41403
2022-09-30 13:40:22,593 [Listener at 127.0.0.1/46717] INFO  server.Server (Server.java:doStart(375)) - jetty-9.4.43.v20210629; built: 2021-06-30T11:07:22.254Z; git: 526006ecfa3af7f1a27ef3a288e2bef7ea9dd7e8; jvm 1.8.0_345-b01
2022-09-30 13:40:22,595 [Listener at 127.0.0.1/46717] INFO  server.session (DefaultSessionIdManager.java:doStart(334)) - DefaultSessionIdManager workerName=node0
2022-09-30 13:40:22,595 [Listener at 127.0.0.1/46717] INFO  server.session (DefaultSessionIdManager.java:doStart(339)) - No SessionScavenger set, using defaults
2022-09-30 13:40:22,595 [Listener at 127.0.0.1/46717] INFO  server.session (HouseKeeper.java:startScavenging(132)) - node0 Scavenging every 600000ms
2022-09-30 13:40:22,600 [Listener at 127.0.0.1/46717] INFO  handler.ContextHandler (ContextHandler.java:doStart(915)) - Started o.e.j.s.ServletContextHandler@2649bdb3{logs,/logs,file:///home/runner/work/ozone/ozone/hadoop-ozone/integration-test/target/log,AVAILABLE}
2022-09-30 13:40:22,600 [Listener at 127.0.0.1/46717] INFO  handler.ContextHandler (ContextHandler.java:doStart(915)) - Started o.e.j.s.ServletContextHandler@6f7e3156{static,/static,jar:file:/home/runner/.m2/repository/org/apache/ozone/hdds-container-service/1.3.0-SNAPSHOT/hdds-container-service-1.3.0-SNAPSHOT.jar!/webapps/static,AVAILABLE}
2022-09-30 13:40:22,805 [Listener at 127.0.0.1/46717] INFO  handler.ContextHandler (ContextHandler.java:doStart(915)) - Started o.e.j.w.WebAppContext@57d0ff25{hddsDatanode,/,file:///tmp/jetty-0_0_0_0-41403-hdds-container-service-1_3_0-SNAPSHOT_jar-_-any-703622681128360286/webapp/,AVAILABLE}{jar:file:/home/runner/.m2/repository/org/apache/ozone/hdds-container-service/1.3.0-SNAPSHOT/hdds-container-service-1.3.0-SNAPSHOT.jar!/webapps/hddsDatanode}
2022-09-30 13:40:22,807 [Listener at 127.0.0.1/46717] INFO  server.AbstractConnector (AbstractConnector.java:doStart(331)) - Started ServerConnector@4ab00ffb{HTTP/1.1, (http/1.1)}{0.0.0.0:41403}
2022-09-30 13:40:22,808 [Listener at 127.0.0.1/46717] INFO  server.Server (Server.java:doStart(415)) - Started @10565ms
2022-09-30 13:40:22,808 [Listener at 127.0.0.1/46717] WARN  impl.MetricsSystemImpl (MetricsSystemImpl.java:register(279)) - Sink prometheus already exists!
2022-09-30 13:40:22,808 [Listener at 127.0.0.1/46717] INFO  http.BaseHttpServer (BaseHttpServer.java:updateConnectorAddress(333)) - HTTP server of hddsDatanode listening at http://0.0.0.0:41403
2022-09-30 13:40:22,809 [Datanode State Machine Daemon Thread] INFO  statemachine.DatanodeStateMachine (DatanodeStateMachine.java:lambda$startDaemon$0(492)) - Ozone container server started.
2022-09-30 13:40:22,809 [Listener at 127.0.0.1/46717] WARN  impl.MetricRegistriesImpl (MetricRegistriesImpl.java:addReporterRegistration(111)) - New reporters are added after registries were created. Some metrics will be missing from the reporter. Please add reporter before adding any new registry.
2022-09-30 13:40:22,812 [Listener at 127.0.0.1/46717] WARN  impl.MetricRegistriesImpl (MetricRegistriesImpl.java:addReporterRegistration(111)) - New reporters are added after registries were created. Some metrics will be missing from the reporter. Please add reporter before adding any new registry.
2022-09-30 13:40:22,812 [Listener at 127.0.0.1/46717] INFO  impl.MetricsSystemImpl (MetricsSystemImpl.java:init(158)) - HddsDatanode metrics system started (again)
2022-09-30 13:40:22,821 [org.apache.hadoop.util.JvmPauseMonitor$Monitor@3c7b3e8a] INFO  util.JvmPauseMonitor (JvmPauseMonitor.java:run(188)) - Starting JVM pause monitor
2022-09-30 13:40:22,824 [Datanode State Machine Task Thread - 0] INFO  datanode.InitDatanodeState (InitDatanodeState.java:persistContainerDatanodeDetails(138)) - DatanodeDetails is persisted to /home/runner/work/ozone/ozone/hadoop-ozone/integration-test/target/test-dir/MiniOzoneClusterImpl-8c4c252e-cda6-42f5-b80f-9d168f3e16cf/datanode-2/meta/datanode.id
2022-09-30 13:40:22,829 [Listener at 127.0.0.1/46717] INFO  ozone.HddsDatanodeService (HddsDatanodeService.java:start(236)) - HddsDatanodeService host:fv-az264-432.ca02foy5wcnuvlrvrz2wi3p2og.dx.internal.cloudapp.net ip:10.1.0.210
2022-09-30 13:40:22,869 [Listener at 127.0.0.1/46717] INFO  upgrade.AbstractLayoutVersionManager (AbstractLayoutVersionManager.java:init(83)) - Initializing Layout version manager with metadata layout = DATANODE_SCHEMA_V3 (version = 4), software layout = DATANODE_SCHEMA_V3 (version = 4)
2022-09-30 13:40:22,919 [Listener at 127.0.0.1/46717] INFO  reflections.Reflections (Reflections.java:scan(232)) - Reflections took 49 ms to scan 7 urls, producing 135 keys and 327 values 
2022-09-30 13:40:22,921 [Listener at 127.0.0.1/46717] INFO  statemachine.DatanodeStateMachine (DatanodeStateMachine.java:getEndPointTaskThreadPoolSize(237)) - Datanode State Machine Task Thread Pool size 2
2022-09-30 13:40:22,925 [Listener at 127.0.0.1/46717] INFO  volume.HddsVolume (HddsVolume.java:<init>(117)) - Creating HddsVolume: /home/runner/work/ozone/ozone/hadoop-ozone/integration-test/target/test-dir/MiniOzoneClusterImpl-8c4c252e-cda6-42f5-b80f-9d168f3e16cf/datanode-3/data-0/containers/hdds of storage type : DISK capacity : 9223372036854775807
2022-09-30 13:40:22,925 [Listener at 127.0.0.1/46717] INFO  volume.MutableVolumeSet (MutableVolumeSet.java:initializeVolumeSet(174)) - Added Volume : /home/runner/work/ozone/ozone/hadoop-ozone/integration-test/target/test-dir/MiniOzoneClusterImpl-8c4c252e-cda6-42f5-b80f-9d168f3e16cf/datanode-3/data-0/containers/hdds to VolumeSet
2022-09-30 13:40:22,925 [Listener at 127.0.0.1/46717] INFO  volume.ThrottledAsyncChecker (ThrottledAsyncChecker.java:schedule(141)) - Scheduling a check for /home/runner/work/ozone/ozone/hadoop-ozone/integration-test/target/test-dir/MiniOzoneClusterImpl-8c4c252e-cda6-42f5-b80f-9d168f3e16cf/datanode-3/data-0/containers/hdds
2022-09-30 13:40:22,926 [Listener at 127.0.0.1/46717] INFO  volume.StorageVolumeChecker (StorageVolumeChecker.java:checkAllVolumes(202)) - Scheduled health check for volume /home/runner/work/ozone/ozone/hadoop-ozone/integration-test/target/test-dir/MiniOzoneClusterImpl-8c4c252e-cda6-42f5-b80f-9d168f3e16cf/datanode-3/data-0/containers/hdds
2022-09-30 13:40:22,939 [Listener at 127.0.0.1/46717] INFO  volume.MutableVolumeSet (MutableVolumeSet.java:initializeVolumeSet(174)) - Added Volume : /home/runner/work/ozone/ozone/hadoop-ozone/integration-test/target/test-dir/MiniOzoneClusterImpl-8c4c252e-cda6-42f5-b80f-9d168f3e16cf/datanode-3/data/ratis to VolumeSet
2022-09-30 13:40:22,940 [Listener at 127.0.0.1/46717] INFO  volume.ThrottledAsyncChecker (ThrottledAsyncChecker.java:schedule(141)) - Scheduling a check for /home/runner/work/ozone/ozone/hadoop-ozone/integration-test/target/test-dir/MiniOzoneClusterImpl-8c4c252e-cda6-42f5-b80f-9d168f3e16cf/datanode-3/data/ratis
2022-09-30 13:40:22,940 [Listener at 127.0.0.1/46717] INFO  volume.StorageVolumeChecker (StorageVolumeChecker.java:checkAllVolumes(202)) - Scheduled health check for volume /home/runner/work/ozone/ozone/hadoop-ozone/integration-test/target/test-dir/MiniOzoneClusterImpl-8c4c252e-cda6-42f5-b80f-9d168f3e16cf/datanode-3/data/ratis
2022-09-30 13:40:22,954 [Thread-179] INFO  ozoneimpl.ContainerReader (ContainerReader.java:readVolume(175)) - Finish verifying containers on volume /home/runner/work/ozone/ozone/hadoop-ozone/integration-test/target/test-dir/MiniOzoneClusterImpl-8c4c252e-cda6-42f5-b80f-9d168f3e16cf/datanode-3/data-0/containers/hdds
2022-09-30 13:40:22,954 [Listener at 127.0.0.1/46717] INFO  ozoneimpl.OzoneContainer (OzoneContainer.java:buildContainerSet(300)) - Build ContainerSet costs 0s
2022-09-30 13:40:22,958 [Listener at 127.0.0.1/46717] INFO  server.RaftServer (ConfUtils.java:logGet(46)) - raft.rpc.type = GRPC (default)
2022-09-30 13:40:22,958 [Listener at 127.0.0.1/46717] INFO  grpc.GrpcFactory (GrpcFactory.java:checkPooledByteBufAllocatorUseCacheForAllThreads(48)) - PERFORMANCE WARNING: useCacheForAllThreads is true that may cause Netty to create a lot garbage objects and, as a result, trigger GC.
	It is recommended to disable useCacheForAllThreads by setting -Dorg.apache.ratis.thirdparty.io.netty.allocator.useCacheForAllThreads=false in command line.
2022-09-30 13:40:22,958 [Listener at 127.0.0.1/46717] INFO  grpc.GrpcConfigKeys (ConfUtils.java:logGet(46)) - raft.grpc.admin.port = 0 (custom)
2022-09-30 13:40:22,958 [Listener at 127.0.0.1/46717] INFO  grpc.GrpcConfigKeys (ConfUtils.java:logGet(46)) - raft.grpc.client.port = 0 (custom)
2022-09-30 13:40:22,958 [Listener at 127.0.0.1/46717] INFO  grpc.GrpcConfigKeys (ConfUtils.java:logGet(46)) - raft.grpc.server.port = 0 (default)
2022-09-30 13:40:22,958 [Listener at 127.0.0.1/46717] INFO  server.GrpcService (ConfUtils.java:logGet(46)) - raft.grpc.message.size.max = 32MB (=33554432) (custom)
2022-09-30 13:40:22,958 [Listener at 127.0.0.1/46717] INFO  server.RaftServerConfigKeys (ConfUtils.java:logGet(46)) - raft.server.log.appender.buffer.byte-limit = 33554432 (custom)
2022-09-30 13:40:22,958 [Listener at 127.0.0.1/46717] INFO  server.GrpcService (ConfUtils.java:logGet(46)) - raft.grpc.flow.control.window = 5MB (=5242880) (custom)
2022-09-30 13:40:22,958 [Listener at 127.0.0.1/46717] INFO  server.RaftServerConfigKeys (ConfUtils.java:logGet(46)) - raft.server.rpc.request.timeout = 60s (custom)
2022-09-30 13:40:22,958 [Listener at 127.0.0.1/46717] INFO  grpc.GrpcConfigKeys (ConfUtils.java:logGet(46)) - raft.grpc.server.async.request.thread.pool.cached = true (default)
2022-09-30 13:40:22,959 [Listener at 127.0.0.1/46717] INFO  grpc.GrpcConfigKeys (ConfUtils.java:logGet(46)) - raft.grpc.server.async.request.thread.pool.size = 32 (default)
2022-09-30 13:40:22,960 [Listener at 127.0.0.1/46717] INFO  impl.DataStreamServerImpl (ConfUtils.java:logGet(46)) - raft.datastream.type = DISABLED (default)
2022-09-30 13:40:22,960 [Listener at 127.0.0.1/46717] INFO  server.RaftServerConfigKeys (ConfUtils.java:logGet(46)) - raft.server.threadpool.proxy.cached = true (default)
2022-09-30 13:40:22,960 [Listener at 127.0.0.1/46717] INFO  server.RaftServerConfigKeys (ConfUtils.java:logGet(46)) - raft.server.threadpool.proxy.size = 0 (default)
2022-09-30 13:40:22,960 [Listener at 127.0.0.1/46717] INFO  server.RaftServerConfigKeys (ConfUtils.java:logGet(46)) - raft.server.rpc.slowness.timeout = 300s (custom)
2022-09-30 13:40:22,960 [Listener at 127.0.0.1/46717] INFO  server.RaftServerConfigKeys (ConfUtils.java:logGet(46)) - raft.server.leaderelection.leader.step-down.wait-time = 10s (default)
2022-09-30 13:40:22,961 [Listener at 127.0.0.1/46717] INFO  server.RaftServerConfigKeys (ConfUtils.java:logGet(46)) - raft.server.storage.dir = [/home/runner/work/ozone/ozone/hadoop-ozone/integration-test/target/test-dir/MiniOzoneClusterImpl-8c4c252e-cda6-42f5-b80f-9d168f3e16cf/datanode-3/data/ratis] (custom)
2022-09-30 13:40:22,962 [Listener at 127.0.0.1/46717] INFO  server.XceiverServerGrpc (XceiverServerGrpc.java:<init>(132)) - GrpcServer channel type EpollServerSocketChannel
2022-09-30 13:40:22,966 [Listener at 127.0.0.1/46717] INFO  http.BaseHttpServer (BaseHttpServer.java:newHttpServer2BuilderForOzone(213)) - Starting Web-server for hddsDatanode at: http://0.0.0.0:0
2022-09-30 13:40:22,966 [Listener at 127.0.0.1/46717] INFO  http.BaseHttpServer (BaseHttpServer.java:<init>(108)) - Hadoop Security Enabled: false Ozone Security Enabled: false Ozone HTTP Security Enabled: false 
2022-09-30 13:40:22,967 [Listener at 127.0.0.1/46717] INFO  server.AuthenticationFilter (AuthenticationFilter.java:constructSecretProvider(240)) - Unable to initialize FileSignerSecretProvider, falling back to use random secrets.
2022-09-30 13:40:22,967 [ReplicationMonitor] INFO  replication.ReplicationManager (ReplicationManager.java:processAll(291)) - Replication Manager is not ready to run until 3000ms after safemode exit
2022-09-30 13:40:22,968 [Listener at 127.0.0.1/46717] WARN  http.HttpRequestLog (HttpRequestLog.java:getRequestLog(103)) - Jetty request log can only be enabled using Log4j
2022-09-30 13:40:22,969 [Listener at 127.0.0.1/46717] INFO  http.HttpServer2 (HttpServer2.java:addGlobalFilter(1029)) - Added global filter 'safety' (class=org.apache.hadoop.hdds.server.http.HttpServer2$QuotingInputFilter)
2022-09-30 13:40:22,969 [Listener at 127.0.0.1/46717] INFO  http.HttpServer2 (HttpServer2.java:addFilter(1005)) - Added filter static_user_filter (class=org.apache.hadoop.http.lib.StaticUserWebFilter$StaticUserFilter) to context hddsDatanode
2022-09-30 13:40:22,970 [Listener at 127.0.0.1/46717] INFO  http.HttpServer2 (HttpServer2.java:addFilter(1013)) - Added filter static_user_filter (class=org.apache.hadoop.http.lib.StaticUserWebFilter$StaticUserFilter) to context static
2022-09-30 13:40:22,970 [Listener at 127.0.0.1/46717] INFO  http.HttpServer2 (HttpServer2.java:addFilter(1013)) - Added filter static_user_filter (class=org.apache.hadoop.http.lib.StaticUserWebFilter$StaticUserFilter) to context logs
2022-09-30 13:40:22,971 [Listener at 127.0.0.1/46717] INFO  http.HttpServer2 (HttpServer2.java:bindListener(1248)) - Jetty bound to port 42557
2022-09-30 13:40:22,971 [Listener at 127.0.0.1/46717] INFO  server.Server (Server.java:doStart(375)) - jetty-9.4.43.v20210629; built: 2021-06-30T11:07:22.254Z; git: 526006ecfa3af7f1a27ef3a288e2bef7ea9dd7e8; jvm 1.8.0_345-b01
2022-09-30 13:40:22,982 [Listener at 127.0.0.1/46717] INFO  server.session (DefaultSessionIdManager.java:doStart(334)) - DefaultSessionIdManager workerName=node0
2022-09-30 13:40:22,982 [Listener at 127.0.0.1/46717] INFO  server.session (DefaultSessionIdManager.java:doStart(339)) - No SessionScavenger set, using defaults
2022-09-30 13:40:22,983 [Listener at 127.0.0.1/46717] INFO  server.session (HouseKeeper.java:startScavenging(132)) - node0 Scavenging every 660000ms
2022-09-30 13:40:22,984 [Listener at 127.0.0.1/46717] INFO  handler.ContextHandler (ContextHandler.java:doStart(915)) - Started o.e.j.s.ServletContextHandler@4deb5c90{logs,/logs,file:///home/runner/work/ozone/ozone/hadoop-ozone/integration-test/target/log,AVAILABLE}
2022-09-30 13:40:22,984 [Listener at 127.0.0.1/46717] INFO  handler.ContextHandler (ContextHandler.java:doStart(915)) - Started o.e.j.s.ServletContextHandler@334d673e{static,/static,jar:file:/home/runner/.m2/repository/org/apache/ozone/hdds-container-service/1.3.0-SNAPSHOT/hdds-container-service-1.3.0-SNAPSHOT.jar!/webapps/static,AVAILABLE}
2022-09-30 13:40:23,212 [Listener at 127.0.0.1/46717] INFO  handler.ContextHandler (ContextHandler.java:doStart(915)) - Started o.e.j.w.WebAppContext@42a50c1a{hddsDatanode,/,file:///tmp/jetty-0_0_0_0-42557-hdds-container-service-1_3_0-SNAPSHOT_jar-_-any-6770982310419525865/webapp/,AVAILABLE}{jar:file:/home/runner/.m2/repository/org/apache/ozone/hdds-container-service/1.3.0-SNAPSHOT/hdds-container-service-1.3.0-SNAPSHOT.jar!/webapps/hddsDatanode}
2022-09-30 13:40:23,214 [Listener at 127.0.0.1/46717] INFO  server.AbstractConnector (AbstractConnector.java:doStart(331)) - Started ServerConnector@4a544692{HTTP/1.1, (http/1.1)}{0.0.0.0:42557}
2022-09-30 13:40:23,214 [Listener at 127.0.0.1/46717] INFO  server.Server (Server.java:doStart(415)) - Started @10972ms
2022-09-30 13:40:23,215 [Listener at 127.0.0.1/46717] WARN  impl.MetricsSystemImpl (MetricsSystemImpl.java:register(279)) - Sink prometheus already exists!
2022-09-30 13:40:23,215 [Listener at 127.0.0.1/46717] INFO  http.BaseHttpServer (BaseHttpServer.java:updateConnectorAddress(333)) - HTTP server of hddsDatanode listening at http://0.0.0.0:42557
2022-09-30 13:40:23,216 [Listener at 127.0.0.1/46717] WARN  impl.MetricRegistriesImpl (MetricRegistriesImpl.java:addReporterRegistration(111)) - New reporters are added after registries were created. Some metrics will be missing from the reporter. Please add reporter before adding any new registry.
2022-09-30 13:40:23,216 [Listener at 127.0.0.1/46717] WARN  impl.MetricRegistriesImpl (MetricRegistriesImpl.java:addReporterRegistration(111)) - New reporters are added after registries were created. Some metrics will be missing from the reporter. Please add reporter before adding any new registry.
2022-09-30 13:40:23,216 [Listener at 127.0.0.1/46717] INFO  impl.MetricsSystemImpl (MetricsSystemImpl.java:init(158)) - HddsDatanode metrics system started (again)
2022-09-30 13:40:23,216 [Datanode State Machine Daemon Thread] INFO  statemachine.DatanodeStateMachine (DatanodeStateMachine.java:lambda$startDaemon$0(492)) - Ozone container server started.
2022-09-30 13:40:23,230 [Listener at 127.0.0.1/46717] INFO  ozone.HddsDatanodeService (HddsDatanodeService.java:start(236)) - HddsDatanodeService host:fv-az264-432.ca02foy5wcnuvlrvrz2wi3p2og.dx.internal.cloudapp.net ip:10.1.0.210
2022-09-30 13:40:23,231 [org.apache.hadoop.util.JvmPauseMonitor$Monitor@445d9228] INFO  util.JvmPauseMonitor (JvmPauseMonitor.java:run(188)) - Starting JVM pause monitor
2022-09-30 13:40:23,235 [Datanode State Machine Task Thread - 0] INFO  datanode.InitDatanodeState (InitDatanodeState.java:persistContainerDatanodeDetails(138)) - DatanodeDetails is persisted to /home/runner/work/ozone/ozone/hadoop-ozone/integration-test/target/test-dir/MiniOzoneClusterImpl-8c4c252e-cda6-42f5-b80f-9d168f3e16cf/datanode-3/meta/datanode.id
2022-09-30 13:40:23,260 [Listener at 127.0.0.1/46717] INFO  upgrade.AbstractLayoutVersionManager (AbstractLayoutVersionManager.java:init(83)) - Initializing Layout version manager with metadata layout = DATANODE_SCHEMA_V3 (version = 4), software layout = DATANODE_SCHEMA_V3 (version = 4)
2022-09-30 13:40:23,336 [Listener at 127.0.0.1/46717] INFO  reflections.Reflections (Reflections.java:scan(232)) - Reflections took 74 ms to scan 7 urls, producing 135 keys and 327 values 
2022-09-30 13:40:23,337 [Listener at 127.0.0.1/46717] INFO  statemachine.DatanodeStateMachine (DatanodeStateMachine.java:getEndPointTaskThreadPoolSize(237)) - Datanode State Machine Task Thread Pool size 2
2022-09-30 13:40:23,345 [Listener at 127.0.0.1/46717] INFO  volume.HddsVolume (HddsVolume.java:<init>(117)) - Creating HddsVolume: /home/runner/work/ozone/ozone/hadoop-ozone/integration-test/target/test-dir/MiniOzoneClusterImpl-8c4c252e-cda6-42f5-b80f-9d168f3e16cf/datanode-4/data-0/containers/hdds of storage type : DISK capacity : 9223372036854775807
2022-09-30 13:40:23,345 [Listener at 127.0.0.1/46717] INFO  volume.MutableVolumeSet (MutableVolumeSet.java:initializeVolumeSet(174)) - Added Volume : /home/runner/work/ozone/ozone/hadoop-ozone/integration-test/target/test-dir/MiniOzoneClusterImpl-8c4c252e-cda6-42f5-b80f-9d168f3e16cf/datanode-4/data-0/containers/hdds to VolumeSet
2022-09-30 13:40:23,345 [Listener at 127.0.0.1/46717] INFO  volume.ThrottledAsyncChecker (ThrottledAsyncChecker.java:schedule(141)) - Scheduling a check for /home/runner/work/ozone/ozone/hadoop-ozone/integration-test/target/test-dir/MiniOzoneClusterImpl-8c4c252e-cda6-42f5-b80f-9d168f3e16cf/datanode-4/data-0/containers/hdds
2022-09-30 13:40:23,356 [Listener at 127.0.0.1/46717] INFO  volume.StorageVolumeChecker (StorageVolumeChecker.java:checkAllVolumes(202)) - Scheduled health check for volume /home/runner/work/ozone/ozone/hadoop-ozone/integration-test/target/test-dir/MiniOzoneClusterImpl-8c4c252e-cda6-42f5-b80f-9d168f3e16cf/datanode-4/data-0/containers/hdds
2022-09-30 13:40:23,379 [Listener at 127.0.0.1/46717] INFO  volume.MutableVolumeSet (MutableVolumeSet.java:initializeVolumeSet(174)) - Added Volume : /home/runner/work/ozone/ozone/hadoop-ozone/integration-test/target/test-dir/MiniOzoneClusterImpl-8c4c252e-cda6-42f5-b80f-9d168f3e16cf/datanode-4/data/ratis to VolumeSet
2022-09-30 13:40:23,379 [Listener at 127.0.0.1/46717] INFO  volume.ThrottledAsyncChecker (ThrottledAsyncChecker.java:schedule(141)) - Scheduling a check for /home/runner/work/ozone/ozone/hadoop-ozone/integration-test/target/test-dir/MiniOzoneClusterImpl-8c4c252e-cda6-42f5-b80f-9d168f3e16cf/datanode-4/data/ratis
2022-09-30 13:40:23,381 [Listener at 127.0.0.1/46717] INFO  volume.StorageVolumeChecker (StorageVolumeChecker.java:checkAllVolumes(202)) - Scheduled health check for volume /home/runner/work/ozone/ozone/hadoop-ozone/integration-test/target/test-dir/MiniOzoneClusterImpl-8c4c252e-cda6-42f5-b80f-9d168f3e16cf/datanode-4/data/ratis
2022-09-30 13:40:23,393 [Thread-192] INFO  ozoneimpl.ContainerReader (ContainerReader.java:readVolume(175)) - Finish verifying containers on volume /home/runner/work/ozone/ozone/hadoop-ozone/integration-test/target/test-dir/MiniOzoneClusterImpl-8c4c252e-cda6-42f5-b80f-9d168f3e16cf/datanode-4/data-0/containers/hdds
2022-09-30 13:40:23,393 [Listener at 127.0.0.1/46717] INFO  ozoneimpl.OzoneContainer (OzoneContainer.java:buildContainerSet(300)) - Build ContainerSet costs 0s
2022-09-30 13:40:23,396 [Listener at 127.0.0.1/46717] INFO  server.RaftServer (ConfUtils.java:logGet(46)) - raft.rpc.type = GRPC (default)
2022-09-30 13:40:23,396 [Listener at 127.0.0.1/46717] INFO  grpc.GrpcFactory (GrpcFactory.java:checkPooledByteBufAllocatorUseCacheForAllThreads(48)) - PERFORMANCE WARNING: useCacheForAllThreads is true that may cause Netty to create a lot garbage objects and, as a result, trigger GC.
	It is recommended to disable useCacheForAllThreads by setting -Dorg.apache.ratis.thirdparty.io.netty.allocator.useCacheForAllThreads=false in command line.
2022-09-30 13:40:23,396 [Listener at 127.0.0.1/46717] INFO  grpc.GrpcConfigKeys (ConfUtils.java:logGet(46)) - raft.grpc.admin.port = 0 (custom)
2022-09-30 13:40:23,396 [Listener at 127.0.0.1/46717] INFO  grpc.GrpcConfigKeys (ConfUtils.java:logGet(46)) - raft.grpc.client.port = 0 (custom)
2022-09-30 13:40:23,397 [Listener at 127.0.0.1/46717] INFO  grpc.GrpcConfigKeys (ConfUtils.java:logGet(46)) - raft.grpc.server.port = 0 (default)
2022-09-30 13:40:23,397 [Listener at 127.0.0.1/46717] INFO  server.GrpcService (ConfUtils.java:logGet(46)) - raft.grpc.message.size.max = 32MB (=33554432) (custom)
2022-09-30 13:40:23,397 [Listener at 127.0.0.1/46717] INFO  server.RaftServerConfigKeys (ConfUtils.java:logGet(46)) - raft.server.log.appender.buffer.byte-limit = 33554432 (custom)
2022-09-30 13:40:23,397 [Listener at 127.0.0.1/46717] INFO  server.GrpcService (ConfUtils.java:logGet(46)) - raft.grpc.flow.control.window = 5MB (=5242880) (custom)
2022-09-30 13:40:23,397 [Listener at 127.0.0.1/46717] INFO  server.RaftServerConfigKeys (ConfUtils.java:logGet(46)) - raft.server.rpc.request.timeout = 60s (custom)
2022-09-30 13:40:23,397 [Listener at 127.0.0.1/46717] INFO  grpc.GrpcConfigKeys (ConfUtils.java:logGet(46)) - raft.grpc.server.async.request.thread.pool.cached = true (default)
2022-09-30 13:40:23,397 [Listener at 127.0.0.1/46717] INFO  grpc.GrpcConfigKeys (ConfUtils.java:logGet(46)) - raft.grpc.server.async.request.thread.pool.size = 32 (default)
2022-09-30 13:40:23,398 [Listener at 127.0.0.1/46717] INFO  impl.DataStreamServerImpl (ConfUtils.java:logGet(46)) - raft.datastream.type = DISABLED (default)
2022-09-30 13:40:23,398 [Listener at 127.0.0.1/46717] INFO  server.RaftServerConfigKeys (ConfUtils.java:logGet(46)) - raft.server.threadpool.proxy.cached = true (default)
2022-09-30 13:40:23,399 [Listener at 127.0.0.1/46717] INFO  server.RaftServerConfigKeys (ConfUtils.java:logGet(46)) - raft.server.threadpool.proxy.size = 0 (default)
2022-09-30 13:40:23,399 [Listener at 127.0.0.1/46717] INFO  server.RaftServerConfigKeys (ConfUtils.java:logGet(46)) - raft.server.rpc.slowness.timeout = 300s (custom)
2022-09-30 13:40:23,399 [Listener at 127.0.0.1/46717] INFO  server.RaftServerConfigKeys (ConfUtils.java:logGet(46)) - raft.server.leaderelection.leader.step-down.wait-time = 10s (default)
2022-09-30 13:40:23,399 [Listener at 127.0.0.1/46717] INFO  server.RaftServerConfigKeys (ConfUtils.java:logGet(46)) - raft.server.storage.dir = [/home/runner/work/ozone/ozone/hadoop-ozone/integration-test/target/test-dir/MiniOzoneClusterImpl-8c4c252e-cda6-42f5-b80f-9d168f3e16cf/datanode-4/data/ratis] (custom)
2022-09-30 13:40:23,400 [Listener at 127.0.0.1/46717] INFO  server.XceiverServerGrpc (XceiverServerGrpc.java:<init>(132)) - GrpcServer channel type EpollServerSocketChannel
2022-09-30 13:40:23,405 [Listener at 127.0.0.1/46717] INFO  http.BaseHttpServer (BaseHttpServer.java:newHttpServer2BuilderForOzone(213)) - Starting Web-server for hddsDatanode at: http://0.0.0.0:0
2022-09-30 13:40:23,405 [Listener at 127.0.0.1/46717] INFO  http.BaseHttpServer (BaseHttpServer.java:<init>(108)) - Hadoop Security Enabled: false Ozone Security Enabled: false Ozone HTTP Security Enabled: false 
2022-09-30 13:40:23,407 [Listener at 127.0.0.1/46717] INFO  server.AuthenticationFilter (AuthenticationFilter.java:constructSecretProvider(240)) - Unable to initialize FileSignerSecretProvider, falling back to use random secrets.
2022-09-30 13:40:23,407 [Listener at 127.0.0.1/46717] WARN  http.HttpRequestLog (HttpRequestLog.java:getRequestLog(103)) - Jetty request log can only be enabled using Log4j
2022-09-30 13:40:23,409 [Listener at 127.0.0.1/46717] INFO  http.HttpServer2 (HttpServer2.java:addGlobalFilter(1029)) - Added global filter 'safety' (class=org.apache.hadoop.hdds.server.http.HttpServer2$QuotingInputFilter)
2022-09-30 13:40:23,410 [Listener at 127.0.0.1/46717] INFO  http.HttpServer2 (HttpServer2.java:addFilter(1005)) - Added filter static_user_filter (class=org.apache.hadoop.http.lib.StaticUserWebFilter$StaticUserFilter) to context hddsDatanode
2022-09-30 13:40:23,410 [Listener at 127.0.0.1/46717] INFO  http.HttpServer2 (HttpServer2.java:addFilter(1013)) - Added filter static_user_filter (class=org.apache.hadoop.http.lib.StaticUserWebFilter$StaticUserFilter) to context static
2022-09-30 13:40:23,410 [Listener at 127.0.0.1/46717] INFO  http.HttpServer2 (HttpServer2.java:addFilter(1013)) - Added filter static_user_filter (class=org.apache.hadoop.http.lib.StaticUserWebFilter$StaticUserFilter) to context logs
2022-09-30 13:40:23,411 [Listener at 127.0.0.1/46717] INFO  http.HttpServer2 (HttpServer2.java:bindListener(1248)) - Jetty bound to port 41981
2022-09-30 13:40:23,411 [Listener at 127.0.0.1/46717] INFO  server.Server (Server.java:doStart(375)) - jetty-9.4.43.v20210629; built: 2021-06-30T11:07:22.254Z; git: 526006ecfa3af7f1a27ef3a288e2bef7ea9dd7e8; jvm 1.8.0_345-b01
2022-09-30 13:40:23,413 [Listener at 127.0.0.1/46717] INFO  server.session (DefaultSessionIdManager.java:doStart(334)) - DefaultSessionIdManager workerName=node0
2022-09-30 13:40:23,413 [Listener at 127.0.0.1/46717] INFO  server.session (DefaultSessionIdManager.java:doStart(339)) - No SessionScavenger set, using defaults
2022-09-30 13:40:23,413 [Listener at 127.0.0.1/46717] INFO  server.session (HouseKeeper.java:startScavenging(132)) - node0 Scavenging every 600000ms
2022-09-30 13:40:23,414 [Listener at 127.0.0.1/46717] INFO  handler.ContextHandler (ContextHandler.java:doStart(915)) - Started o.e.j.s.ServletContextHandler@2b175baf{logs,/logs,file:///home/runner/work/ozone/ozone/hadoop-ozone/integration-test/target/log,AVAILABLE}
2022-09-30 13:40:23,414 [Listener at 127.0.0.1/46717] INFO  handler.ContextHandler (ContextHandler.java:doStart(915)) - Started o.e.j.s.ServletContextHandler@5175af65{static,/static,jar:file:/home/runner/.m2/repository/org/apache/ozone/hdds-container-service/1.3.0-SNAPSHOT/hdds-container-service-1.3.0-SNAPSHOT.jar!/webapps/static,AVAILABLE}
2022-09-30 13:40:23,622 [Listener at 127.0.0.1/46717] INFO  handler.ContextHandler (ContextHandler.java:doStart(915)) - Started o.e.j.w.WebAppContext@18f0012f{hddsDatanode,/,file:///tmp/jetty-0_0_0_0-41981-hdds-container-service-1_3_0-SNAPSHOT_jar-_-any-1182306432582417943/webapp/,AVAILABLE}{jar:file:/home/runner/.m2/repository/org/apache/ozone/hdds-container-service/1.3.0-SNAPSHOT/hdds-container-service-1.3.0-SNAPSHOT.jar!/webapps/hddsDatanode}
2022-09-30 13:40:23,624 [Listener at 127.0.0.1/46717] INFO  server.AbstractConnector (AbstractConnector.java:doStart(331)) - Started ServerConnector@12749c36{HTTP/1.1, (http/1.1)}{0.0.0.0:41981}
2022-09-30 13:40:23,624 [Listener at 127.0.0.1/46717] INFO  server.Server (Server.java:doStart(415)) - Started @11381ms
2022-09-30 13:40:23,624 [Listener at 127.0.0.1/46717] WARN  impl.MetricsSystemImpl (MetricsSystemImpl.java:register(279)) - Sink prometheus already exists!
2022-09-30 13:40:23,625 [Listener at 127.0.0.1/46717] INFO  http.BaseHttpServer (BaseHttpServer.java:updateConnectorAddress(333)) - HTTP server of hddsDatanode listening at http://0.0.0.0:41981
2022-09-30 13:40:23,625 [Datanode State Machine Daemon Thread] INFO  statemachine.DatanodeStateMachine (DatanodeStateMachine.java:lambda$startDaemon$0(492)) - Ozone container server started.
2022-09-30 13:40:23,625 [Listener at 127.0.0.1/46717] WARN  impl.MetricRegistriesImpl (MetricRegistriesImpl.java:addReporterRegistration(111)) - New reporters are added after registries were created. Some metrics will be missing from the reporter. Please add reporter before adding any new registry.
2022-09-30 13:40:23,627 [Listener at 127.0.0.1/46717] WARN  impl.MetricRegistriesImpl (MetricRegistriesImpl.java:addReporterRegistration(111)) - New reporters are added after registries were created. Some metrics will be missing from the reporter. Please add reporter before adding any new registry.
2022-09-30 13:40:23,627 [Listener at 127.0.0.1/46717] INFO  impl.MetricsSystemImpl (MetricsSystemImpl.java:init(158)) - HddsDatanode metrics system started (again)
2022-09-30 13:40:23,640 [org.apache.hadoop.util.JvmPauseMonitor$Monitor@40cbc25] INFO  util.JvmPauseMonitor (JvmPauseMonitor.java:run(188)) - Starting JVM pause monitor
2022-09-30 13:40:23,641 [Listener at 127.0.0.1/46717] INFO  ozone.HddsDatanodeService (HddsDatanodeService.java:start(236)) - HddsDatanodeService host:fv-az264-432.ca02foy5wcnuvlrvrz2wi3p2og.dx.internal.cloudapp.net ip:10.1.0.210
2022-09-30 13:40:23,643 [Datanode State Machine Task Thread - 0] INFO  datanode.InitDatanodeState (InitDatanodeState.java:persistContainerDatanodeDetails(138)) - DatanodeDetails is persisted to /home/runner/work/ozone/ozone/hadoop-ozone/integration-test/target/test-dir/MiniOzoneClusterImpl-8c4c252e-cda6-42f5-b80f-9d168f3e16cf/datanode-4/meta/datanode.id
2022-09-30 13:40:23,673 [Listener at 127.0.0.1/46717] INFO  upgrade.AbstractLayoutVersionManager (AbstractLayoutVersionManager.java:init(83)) - Initializing Layout version manager with metadata layout = DATANODE_SCHEMA_V3 (version = 4), software layout = DATANODE_SCHEMA_V3 (version = 4)
2022-09-30 13:40:23,725 [Listener at 127.0.0.1/46717] INFO  reflections.Reflections (Reflections.java:scan(232)) - Reflections took 51 ms to scan 7 urls, producing 135 keys and 327 values 
2022-09-30 13:40:23,726 [Listener at 127.0.0.1/46717] INFO  statemachine.DatanodeStateMachine (DatanodeStateMachine.java:getEndPointTaskThreadPoolSize(237)) - Datanode State Machine Task Thread Pool size 2
2022-09-30 13:40:23,732 [Listener at 127.0.0.1/46717] INFO  volume.HddsVolume (HddsVolume.java:<init>(117)) - Creating HddsVolume: /home/runner/work/ozone/ozone/hadoop-ozone/integration-test/target/test-dir/MiniOzoneClusterImpl-8c4c252e-cda6-42f5-b80f-9d168f3e16cf/datanode-5/data-0/containers/hdds of storage type : DISK capacity : 9223372036854775807
2022-09-30 13:40:23,732 [Listener at 127.0.0.1/46717] INFO  volume.MutableVolumeSet (MutableVolumeSet.java:initializeVolumeSet(174)) - Added Volume : /home/runner/work/ozone/ozone/hadoop-ozone/integration-test/target/test-dir/MiniOzoneClusterImpl-8c4c252e-cda6-42f5-b80f-9d168f3e16cf/datanode-5/data-0/containers/hdds to VolumeSet
2022-09-30 13:40:23,732 [Listener at 127.0.0.1/46717] INFO  volume.ThrottledAsyncChecker (ThrottledAsyncChecker.java:schedule(141)) - Scheduling a check for /home/runner/work/ozone/ozone/hadoop-ozone/integration-test/target/test-dir/MiniOzoneClusterImpl-8c4c252e-cda6-42f5-b80f-9d168f3e16cf/datanode-5/data-0/containers/hdds
2022-09-30 13:40:23,733 [Listener at 127.0.0.1/46717] INFO  volume.StorageVolumeChecker (StorageVolumeChecker.java:checkAllVolumes(202)) - Scheduled health check for volume /home/runner/work/ozone/ozone/hadoop-ozone/integration-test/target/test-dir/MiniOzoneClusterImpl-8c4c252e-cda6-42f5-b80f-9d168f3e16cf/datanode-5/data-0/containers/hdds
2022-09-30 13:40:23,746 [Listener at 127.0.0.1/46717] INFO  volume.MutableVolumeSet (MutableVolumeSet.java:initializeVolumeSet(174)) - Added Volume : /home/runner/work/ozone/ozone/hadoop-ozone/integration-test/target/test-dir/MiniOzoneClusterImpl-8c4c252e-cda6-42f5-b80f-9d168f3e16cf/datanode-5/data/ratis to VolumeSet
2022-09-30 13:40:23,746 [Listener at 127.0.0.1/46717] INFO  volume.ThrottledAsyncChecker (ThrottledAsyncChecker.java:schedule(141)) - Scheduling a check for /home/runner/work/ozone/ozone/hadoop-ozone/integration-test/target/test-dir/MiniOzoneClusterImpl-8c4c252e-cda6-42f5-b80f-9d168f3e16cf/datanode-5/data/ratis
2022-09-30 13:40:23,746 [Listener at 127.0.0.1/46717] INFO  volume.StorageVolumeChecker (StorageVolumeChecker.java:checkAllVolumes(202)) - Scheduled health check for volume /home/runner/work/ozone/ozone/hadoop-ozone/integration-test/target/test-dir/MiniOzoneClusterImpl-8c4c252e-cda6-42f5-b80f-9d168f3e16cf/datanode-5/data/ratis
2022-09-30 13:40:23,767 [Thread-205] INFO  ozoneimpl.ContainerReader (ContainerReader.java:readVolume(175)) - Finish verifying containers on volume /home/runner/work/ozone/ozone/hadoop-ozone/integration-test/target/test-dir/MiniOzoneClusterImpl-8c4c252e-cda6-42f5-b80f-9d168f3e16cf/datanode-5/data-0/containers/hdds
2022-09-30 13:40:23,768 [Listener at 127.0.0.1/46717] INFO  ozoneimpl.OzoneContainer (OzoneContainer.java:buildContainerSet(300)) - Build ContainerSet costs 0s
2022-09-30 13:40:23,771 [Listener at 127.0.0.1/46717] INFO  server.RaftServer (ConfUtils.java:logGet(46)) - raft.rpc.type = GRPC (default)
2022-09-30 13:40:23,771 [Listener at 127.0.0.1/46717] INFO  grpc.GrpcFactory (GrpcFactory.java:checkPooledByteBufAllocatorUseCacheForAllThreads(48)) - PERFORMANCE WARNING: useCacheForAllThreads is true that may cause Netty to create a lot garbage objects and, as a result, trigger GC.
	It is recommended to disable useCacheForAllThreads by setting -Dorg.apache.ratis.thirdparty.io.netty.allocator.useCacheForAllThreads=false in command line.
2022-09-30 13:40:23,771 [Listener at 127.0.0.1/46717] INFO  grpc.GrpcConfigKeys (ConfUtils.java:logGet(46)) - raft.grpc.admin.port = 0 (custom)
2022-09-30 13:40:23,771 [Listener at 127.0.0.1/46717] INFO  grpc.GrpcConfigKeys (ConfUtils.java:logGet(46)) - raft.grpc.client.port = 0 (custom)
2022-09-30 13:40:23,771 [Listener at 127.0.0.1/46717] INFO  grpc.GrpcConfigKeys (ConfUtils.java:logGet(46)) - raft.grpc.server.port = 0 (default)
2022-09-30 13:40:23,771 [Listener at 127.0.0.1/46717] INFO  server.GrpcService (ConfUtils.java:logGet(46)) - raft.grpc.message.size.max = 32MB (=33554432) (custom)
2022-09-30 13:40:23,771 [Listener at 127.0.0.1/46717] INFO  server.RaftServerConfigKeys (ConfUtils.java:logGet(46)) - raft.server.log.appender.buffer.byte-limit = 33554432 (custom)
2022-09-30 13:40:23,772 [Listener at 127.0.0.1/46717] INFO  server.GrpcService (ConfUtils.java:logGet(46)) - raft.grpc.flow.control.window = 5MB (=5242880) (custom)
2022-09-30 13:40:23,772 [Listener at 127.0.0.1/46717] INFO  server.RaftServerConfigKeys (ConfUtils.java:logGet(46)) - raft.server.rpc.request.timeout = 60s (custom)
2022-09-30 13:40:23,772 [Listener at 127.0.0.1/46717] INFO  grpc.GrpcConfigKeys (ConfUtils.java:logGet(46)) - raft.grpc.server.async.request.thread.pool.cached = true (default)
2022-09-30 13:40:23,772 [Listener at 127.0.0.1/46717] INFO  grpc.GrpcConfigKeys (ConfUtils.java:logGet(46)) - raft.grpc.server.async.request.thread.pool.size = 32 (default)
2022-09-30 13:40:23,773 [Listener at 127.0.0.1/46717] INFO  impl.DataStreamServerImpl (ConfUtils.java:logGet(46)) - raft.datastream.type = DISABLED (default)
2022-09-30 13:40:23,773 [Listener at 127.0.0.1/46717] INFO  server.RaftServerConfigKeys (ConfUtils.java:logGet(46)) - raft.server.threadpool.proxy.cached = true (default)
2022-09-30 13:40:23,773 [Listener at 127.0.0.1/46717] INFO  server.RaftServerConfigKeys (ConfUtils.java:logGet(46)) - raft.server.threadpool.proxy.size = 0 (default)
2022-09-30 13:40:23,773 [Listener at 127.0.0.1/46717] INFO  server.RaftServerConfigKeys (ConfUtils.java:logGet(46)) - raft.server.rpc.slowness.timeout = 300s (custom)
2022-09-30 13:40:23,773 [Listener at 127.0.0.1/46717] INFO  server.RaftServerConfigKeys (ConfUtils.java:logGet(46)) - raft.server.leaderelection.leader.step-down.wait-time = 10s (default)
2022-09-30 13:40:23,773 [Listener at 127.0.0.1/46717] INFO  server.RaftServerConfigKeys (ConfUtils.java:logGet(46)) - raft.server.storage.dir = [/home/runner/work/ozone/ozone/hadoop-ozone/integration-test/target/test-dir/MiniOzoneClusterImpl-8c4c252e-cda6-42f5-b80f-9d168f3e16cf/datanode-5/data/ratis] (custom)
2022-09-30 13:40:23,775 [Listener at 127.0.0.1/46717] INFO  server.XceiverServerGrpc (XceiverServerGrpc.java:<init>(132)) - GrpcServer channel type EpollServerSocketChannel
2022-09-30 13:40:23,781 [Listener at 127.0.0.1/46717] INFO  http.BaseHttpServer (BaseHttpServer.java:newHttpServer2BuilderForOzone(213)) - Starting Web-server for hddsDatanode at: http://0.0.0.0:0
2022-09-30 13:40:23,781 [Listener at 127.0.0.1/46717] INFO  http.BaseHttpServer (BaseHttpServer.java:<init>(108)) - Hadoop Security Enabled: false Ozone Security Enabled: false Ozone HTTP Security Enabled: false 
2022-09-30 13:40:23,783 [Listener at 127.0.0.1/46717] INFO  server.AuthenticationFilter (AuthenticationFilter.java:constructSecretProvider(240)) - Unable to initialize FileSignerSecretProvider, falling back to use random secrets.
2022-09-30 13:40:23,783 [Listener at 127.0.0.1/46717] WARN  http.HttpRequestLog (HttpRequestLog.java:getRequestLog(103)) - Jetty request log can only be enabled using Log4j
2022-09-30 13:40:23,785 [Listener at 127.0.0.1/46717] INFO  http.HttpServer2 (HttpServer2.java:addGlobalFilter(1029)) - Added global filter 'safety' (class=org.apache.hadoop.hdds.server.http.HttpServer2$QuotingInputFilter)
2022-09-30 13:40:23,786 [Listener at 127.0.0.1/46717] INFO  http.HttpServer2 (HttpServer2.java:addFilter(1005)) - Added filter static_user_filter (class=org.apache.hadoop.http.lib.StaticUserWebFilter$StaticUserFilter) to context hddsDatanode
2022-09-30 13:40:23,786 [Listener at 127.0.0.1/46717] INFO  http.HttpServer2 (HttpServer2.java:addFilter(1013)) - Added filter static_user_filter (class=org.apache.hadoop.http.lib.StaticUserWebFilter$StaticUserFilter) to context logs
2022-09-30 13:40:23,786 [Listener at 127.0.0.1/46717] INFO  http.HttpServer2 (HttpServer2.java:addFilter(1013)) - Added filter static_user_filter (class=org.apache.hadoop.http.lib.StaticUserWebFilter$StaticUserFilter) to context static
2022-09-30 13:40:23,787 [Listener at 127.0.0.1/46717] INFO  http.HttpServer2 (HttpServer2.java:bindListener(1248)) - Jetty bound to port 37333
2022-09-30 13:40:23,787 [Listener at 127.0.0.1/46717] INFO  server.Server (Server.java:doStart(375)) - jetty-9.4.43.v20210629; built: 2021-06-30T11:07:22.254Z; git: 526006ecfa3af7f1a27ef3a288e2bef7ea9dd7e8; jvm 1.8.0_345-b01
2022-09-30 13:40:23,790 [Listener at 127.0.0.1/46717] INFO  server.session (DefaultSessionIdManager.java:doStart(334)) - DefaultSessionIdManager workerName=node0
2022-09-30 13:40:23,790 [Listener at 127.0.0.1/46717] INFO  server.session (DefaultSessionIdManager.java:doStart(339)) - No SessionScavenger set, using defaults
2022-09-30 13:40:23,790 [Listener at 127.0.0.1/46717] INFO  server.session (HouseKeeper.java:startScavenging(132)) - node0 Scavenging every 660000ms
2022-09-30 13:40:23,791 [Listener at 127.0.0.1/46717] INFO  handler.ContextHandler (ContextHandler.java:doStart(915)) - Started o.e.j.s.ServletContextHandler@57d5d591{logs,/logs,file:///home/runner/work/ozone/ozone/hadoop-ozone/integration-test/target/log,AVAILABLE}
2022-09-30 13:40:23,791 [Listener at 127.0.0.1/46717] INFO  handler.ContextHandler (ContextHandler.java:doStart(915)) - Started o.e.j.s.ServletContextHandler@18ff7297{static,/static,jar:file:/home/runner/.m2/repository/org/apache/ozone/hdds-container-service/1.3.0-SNAPSHOT/hdds-container-service-1.3.0-SNAPSHOT.jar!/webapps/static,AVAILABLE}
2022-09-30 13:40:23,969 [ReplicationMonitor] INFO  replication.ReplicationManager (ReplicationManager.java:processAll(291)) - Replication Manager is not ready to run until 3000ms after safemode exit
2022-09-30 13:40:24,016 [Listener at 127.0.0.1/46717] INFO  handler.ContextHandler (ContextHandler.java:doStart(915)) - Started o.e.j.w.WebAppContext@40187da{hddsDatanode,/,file:///tmp/jetty-0_0_0_0-37333-hdds-container-service-1_3_0-SNAPSHOT_jar-_-any-2643029887027083626/webapp/,AVAILABLE}{jar:file:/home/runner/.m2/repository/org/apache/ozone/hdds-container-service/1.3.0-SNAPSHOT/hdds-container-service-1.3.0-SNAPSHOT.jar!/webapps/hddsDatanode}
2022-09-30 13:40:24,021 [Listener at 127.0.0.1/46717] INFO  server.AbstractConnector (AbstractConnector.java:doStart(331)) - Started ServerConnector@179d2c7e{HTTP/1.1, (http/1.1)}{0.0.0.0:37333}
2022-09-30 13:40:24,021 [Listener at 127.0.0.1/46717] INFO  server.Server (Server.java:doStart(415)) - Started @11778ms
2022-09-30 13:40:24,021 [Listener at 127.0.0.1/46717] WARN  impl.MetricsSystemImpl (MetricsSystemImpl.java:register(279)) - Sink prometheus already exists!
2022-09-30 13:40:24,023 [Listener at 127.0.0.1/46717] INFO  http.BaseHttpServer (BaseHttpServer.java:updateConnectorAddress(333)) - HTTP server of hddsDatanode listening at http://0.0.0.0:37333
2022-09-30 13:40:24,032 [Datanode State Machine Daemon Thread] INFO  statemachine.DatanodeStateMachine (DatanodeStateMachine.java:lambda$startDaemon$0(492)) - Ozone container server started.
2022-09-30 13:40:24,032 [Listener at 127.0.0.1/46717] WARN  impl.MetricRegistriesImpl (MetricRegistriesImpl.java:addReporterRegistration(111)) - New reporters are added after registries were created. Some metrics will be missing from the reporter. Please add reporter before adding any new registry.
2022-09-30 13:40:24,033 [Listener at 127.0.0.1/46717] WARN  impl.MetricRegistriesImpl (MetricRegistriesImpl.java:addReporterRegistration(111)) - New reporters are added after registries were created. Some metrics will be missing from the reporter. Please add reporter before adding any new registry.
2022-09-30 13:40:24,033 [Listener at 127.0.0.1/46717] INFO  impl.MetricsSystemImpl (MetricsSystemImpl.java:init(158)) - HddsDatanode metrics system started (again)
2022-09-30 13:40:24,066 [Listener at 127.0.0.1/46717] INFO  ozone.HddsDatanodeService (HddsDatanodeService.java:start(236)) - HddsDatanodeService host:fv-az264-432.ca02foy5wcnuvlrvrz2wi3p2og.dx.internal.cloudapp.net ip:10.1.0.210
2022-09-30 13:40:24,077 [EndpointStateMachine task thread for /0.0.0.0:35905 - 0 ] INFO  volume.HddsVolume (HddsVolume.java:createDbStore(307)) - SchemaV3 db is created and loaded at /home/runner/work/ozone/ozone/hadoop-ozone/integration-test/target/test-dir/MiniOzoneClusterImpl-8c4c252e-cda6-42f5-b80f-9d168f3e16cf/datanode-0/data-0/containers/hdds/8c4c252e-cda6-42f5-b80f-9d168f3e16cf/DS-21fde577-1ab1-4432-af6d-5c524ed83e0d/container.db for volume DS-21fde577-1ab1-4432-af6d-5c524ed83e0d
2022-09-30 13:40:24,089 [org.apache.hadoop.util.JvmPauseMonitor$Monitor@f1b0baf] INFO  util.JvmPauseMonitor (JvmPauseMonitor.java:run(188)) - Starting JVM pause monitor
2022-09-30 13:40:24,092 [EndpointStateMachine task thread for /0.0.0.0:35905 - 0 ] INFO  volume.HddsVolume (HddsVolume.java:closeDbStore(338)) - SchemaV3 db is stopped at /home/runner/work/ozone/ozone/hadoop-ozone/integration-test/target/test-dir/MiniOzoneClusterImpl-8c4c252e-cda6-42f5-b80f-9d168f3e16cf/datanode-0/data-0/containers/hdds/8c4c252e-cda6-42f5-b80f-9d168f3e16cf/DS-21fde577-1ab1-4432-af6d-5c524ed83e0d/container.db for volume DS-21fde577-1ab1-4432-af6d-5c524ed83e0d
2022-09-30 13:40:24,103 [Datanode State Machine Task Thread - 0] INFO  datanode.InitDatanodeState (InitDatanodeState.java:persistContainerDatanodeDetails(138)) - DatanodeDetails is persisted to /home/runner/work/ozone/ozone/hadoop-ozone/integration-test/target/test-dir/MiniOzoneClusterImpl-8c4c252e-cda6-42f5-b80f-9d168f3e16cf/datanode-5/meta/datanode.id
2022-09-30 13:40:24,092 [EndpointStateMachine task thread for /0.0.0.0:35905 - 0 ] INFO  ozoneimpl.OzoneContainer (OzoneContainer.java:start(378)) - Attempting to start container services.
2022-09-30 13:40:24,106 [EndpointStateMachine task thread for /0.0.0.0:35905 - 0 ] INFO  ozoneimpl.OzoneContainer (OzoneContainer.java:startContainerScrub(313)) - Background container scanner has been disabled.
2022-09-30 13:40:24,109 [Listener at 127.0.0.1/46717] INFO  upgrade.AbstractLayoutVersionManager (AbstractLayoutVersionManager.java:init(83)) - Initializing Layout version manager with metadata layout = DATANODE_SCHEMA_V3 (version = 4), software layout = DATANODE_SCHEMA_V3 (version = 4)
2022-09-30 13:40:24,112 [EndpointStateMachine task thread for /0.0.0.0:35905 - 0 ] INFO  replication.ReplicationServer (ReplicationServer.java:start(111)) - ReplicationServer is started using port 41651
2022-09-30 13:40:24,115 [EndpointStateMachine task thread for /0.0.0.0:35905 - 0 ] INFO  ratis.XceiverServerRatis (XceiverServerRatis.java:start(481)) - Starting XceiverServerRatis 62666bfa-5b48-4194-8431-0a6941154381
2022-09-30 13:40:24,120 [EndpointStateMachine task thread for /0.0.0.0:35905 - 0 ] INFO  server.RaftServer (RaftServerProxy.java:lambda$start$6(382)) - 62666bfa-5b48-4194-8431-0a6941154381: start RPC server
2022-09-30 13:40:24,122 [EndpointStateMachine task thread for /0.0.0.0:35905 - 0 ] INFO  server.GrpcService (GrpcService.java:startImpl(260)) - 62666bfa-5b48-4194-8431-0a6941154381: GrpcService started, listening on 41785
2022-09-30 13:40:24,123 [EndpointStateMachine task thread for /0.0.0.0:35905 - 0 ] INFO  ratis.XceiverServerRatis (XceiverServerRatis.java:getRealPort(502)) - XceiverServerRatis 62666bfa-5b48-4194-8431-0a6941154381 is started using port 41785 for RATIS
2022-09-30 13:40:24,123 [EndpointStateMachine task thread for /0.0.0.0:35905 - 0 ] INFO  ratis.XceiverServerRatis (XceiverServerRatis.java:getRealPort(502)) - XceiverServerRatis 62666bfa-5b48-4194-8431-0a6941154381 is started using port 41785 for RATIS_ADMIN
2022-09-30 13:40:24,123 [EndpointStateMachine task thread for /0.0.0.0:35905 - 0 ] INFO  ratis.XceiverServerRatis (XceiverServerRatis.java:getRealPort(502)) - XceiverServerRatis 62666bfa-5b48-4194-8431-0a6941154381 is started using port 41785 for RATIS_SERVER
2022-09-30 13:40:24,125 [org.apache.ratis.util.JvmPauseMonitor$$Lambda$713/1901567698@1171a97d] INFO  util.JvmPauseMonitor (JvmPauseMonitor.java:run(103)) - JvmPauseMonitor-62666bfa-5b48-4194-8431-0a6941154381: Started
2022-09-30 13:40:24,133 [EndpointStateMachine task thread for /0.0.0.0:35905 - 0 ] INFO  server.XceiverServerGrpc (XceiverServerGrpc.java:start(180)) - XceiverServerGrpc 62666bfa-5b48-4194-8431-0a6941154381 is started using port 43973
2022-09-30 13:40:24,191 [Listener at 127.0.0.1/46717] INFO  reflections.Reflections (Reflections.java:scan(232)) - Reflections took 81 ms to scan 7 urls, producing 135 keys and 327 values 
2022-09-30 13:40:24,193 [Listener at 127.0.0.1/46717] INFO  statemachine.DatanodeStateMachine (DatanodeStateMachine.java:getEndPointTaskThreadPoolSize(237)) - Datanode State Machine Task Thread Pool size 2
2022-09-30 13:40:24,195 [Listener at 127.0.0.1/46717] INFO  volume.HddsVolume (HddsVolume.java:<init>(117)) - Creating HddsVolume: /home/runner/work/ozone/ozone/hadoop-ozone/integration-test/target/test-dir/MiniOzoneClusterImpl-8c4c252e-cda6-42f5-b80f-9d168f3e16cf/datanode-6/data-0/containers/hdds of storage type : DISK capacity : 9223372036854775807
2022-09-30 13:40:24,195 [Listener at 127.0.0.1/46717] INFO  volume.MutableVolumeSet (MutableVolumeSet.java:initializeVolumeSet(174)) - Added Volume : /home/runner/work/ozone/ozone/hadoop-ozone/integration-test/target/test-dir/MiniOzoneClusterImpl-8c4c252e-cda6-42f5-b80f-9d168f3e16cf/datanode-6/data-0/containers/hdds to VolumeSet
2022-09-30 13:40:24,195 [Listener at 127.0.0.1/46717] INFO  volume.ThrottledAsyncChecker (ThrottledAsyncChecker.java:schedule(141)) - Scheduling a check for /home/runner/work/ozone/ozone/hadoop-ozone/integration-test/target/test-dir/MiniOzoneClusterImpl-8c4c252e-cda6-42f5-b80f-9d168f3e16cf/datanode-6/data-0/containers/hdds
2022-09-30 13:40:24,195 [Listener at 127.0.0.1/46717] INFO  volume.StorageVolumeChecker (StorageVolumeChecker.java:checkAllVolumes(202)) - Scheduled health check for volume /home/runner/work/ozone/ozone/hadoop-ozone/integration-test/target/test-dir/MiniOzoneClusterImpl-8c4c252e-cda6-42f5-b80f-9d168f3e16cf/datanode-6/data-0/containers/hdds
2022-09-30 13:40:24,209 [Listener at 127.0.0.1/46717] INFO  volume.MutableVolumeSet (MutableVolumeSet.java:initializeVolumeSet(174)) - Added Volume : /home/runner/work/ozone/ozone/hadoop-ozone/integration-test/target/test-dir/MiniOzoneClusterImpl-8c4c252e-cda6-42f5-b80f-9d168f3e16cf/datanode-6/data/ratis to VolumeSet
2022-09-30 13:40:24,209 [Listener at 127.0.0.1/46717] INFO  volume.ThrottledAsyncChecker (ThrottledAsyncChecker.java:schedule(141)) - Scheduling a check for /home/runner/work/ozone/ozone/hadoop-ozone/integration-test/target/test-dir/MiniOzoneClusterImpl-8c4c252e-cda6-42f5-b80f-9d168f3e16cf/datanode-6/data/ratis
2022-09-30 13:40:24,209 [Listener at 127.0.0.1/46717] INFO  volume.StorageVolumeChecker (StorageVolumeChecker.java:checkAllVolumes(202)) - Scheduled health check for volume /home/runner/work/ozone/ozone/hadoop-ozone/integration-test/target/test-dir/MiniOzoneClusterImpl-8c4c252e-cda6-42f5-b80f-9d168f3e16cf/datanode-6/data/ratis
2022-09-30 13:40:24,222 [Thread-224] INFO  ozoneimpl.ContainerReader (ContainerReader.java:readVolume(175)) - Finish verifying containers on volume /home/runner/work/ozone/ozone/hadoop-ozone/integration-test/target/test-dir/MiniOzoneClusterImpl-8c4c252e-cda6-42f5-b80f-9d168f3e16cf/datanode-6/data-0/containers/hdds
2022-09-30 13:40:24,222 [Listener at 127.0.0.1/46717] INFO  ozoneimpl.OzoneContainer (OzoneContainer.java:buildContainerSet(300)) - Build ContainerSet costs 0s
2022-09-30 13:40:24,225 [Listener at 127.0.0.1/46717] INFO  server.RaftServer (ConfUtils.java:logGet(46)) - raft.rpc.type = GRPC (default)
2022-09-30 13:40:24,225 [Listener at 127.0.0.1/46717] INFO  grpc.GrpcFactory (GrpcFactory.java:checkPooledByteBufAllocatorUseCacheForAllThreads(48)) - PERFORMANCE WARNING: useCacheForAllThreads is true that may cause Netty to create a lot garbage objects and, as a result, trigger GC.
	It is recommended to disable useCacheForAllThreads by setting -Dorg.apache.ratis.thirdparty.io.netty.allocator.useCacheForAllThreads=false in command line.
2022-09-30 13:40:24,225 [Listener at 127.0.0.1/46717] INFO  grpc.GrpcConfigKeys (ConfUtils.java:logGet(46)) - raft.grpc.admin.port = 0 (custom)
2022-09-30 13:40:24,225 [Listener at 127.0.0.1/46717] INFO  grpc.GrpcConfigKeys (ConfUtils.java:logGet(46)) - raft.grpc.client.port = 0 (custom)
2022-09-30 13:40:24,226 [Listener at 127.0.0.1/46717] INFO  grpc.GrpcConfigKeys (ConfUtils.java:logGet(46)) - raft.grpc.server.port = 0 (default)
2022-09-30 13:40:24,226 [Listener at 127.0.0.1/46717] INFO  server.GrpcService (ConfUtils.java:logGet(46)) - raft.grpc.message.size.max = 32MB (=33554432) (custom)
2022-09-30 13:40:24,226 [Listener at 127.0.0.1/46717] INFO  server.RaftServerConfigKeys (ConfUtils.java:logGet(46)) - raft.server.log.appender.buffer.byte-limit = 33554432 (custom)
2022-09-30 13:40:24,226 [Listener at 127.0.0.1/46717] INFO  server.GrpcService (ConfUtils.java:logGet(46)) - raft.grpc.flow.control.window = 5MB (=5242880) (custom)
2022-09-30 13:40:24,226 [Listener at 127.0.0.1/46717] INFO  server.RaftServerConfigKeys (ConfUtils.java:logGet(46)) - raft.server.rpc.request.timeout = 60s (custom)
2022-09-30 13:40:24,226 [Listener at 127.0.0.1/46717] INFO  grpc.GrpcConfigKeys (ConfUtils.java:logGet(46)) - raft.grpc.server.async.request.thread.pool.cached = true (default)
2022-09-30 13:40:24,226 [Listener at 127.0.0.1/46717] INFO  grpc.GrpcConfigKeys (ConfUtils.java:logGet(46)) - raft.grpc.server.async.request.thread.pool.size = 32 (default)
2022-09-30 13:40:24,227 [Listener at 127.0.0.1/46717] INFO  impl.DataStreamServerImpl (ConfUtils.java:logGet(46)) - raft.datastream.type = DISABLED (default)
2022-09-30 13:40:24,227 [Listener at 127.0.0.1/46717] INFO  server.RaftServerConfigKeys (ConfUtils.java:logGet(46)) - raft.server.threadpool.proxy.cached = true (default)
2022-09-30 13:40:24,228 [Listener at 127.0.0.1/46717] INFO  server.RaftServerConfigKeys (ConfUtils.java:logGet(46)) - raft.server.threadpool.proxy.size = 0 (default)
2022-09-30 13:40:24,228 [Listener at 127.0.0.1/46717] INFO  server.RaftServerConfigKeys (ConfUtils.java:logGet(46)) - raft.server.rpc.slowness.timeout = 300s (custom)
2022-09-30 13:40:24,228 [Listener at 127.0.0.1/46717] INFO  server.RaftServerConfigKeys (ConfUtils.java:logGet(46)) - raft.server.leaderelection.leader.step-down.wait-time = 10s (default)
2022-09-30 13:40:24,228 [Listener at 127.0.0.1/46717] INFO  server.RaftServerConfigKeys (ConfUtils.java:logGet(46)) - raft.server.storage.dir = [/home/runner/work/ozone/ozone/hadoop-ozone/integration-test/target/test-dir/MiniOzoneClusterImpl-8c4c252e-cda6-42f5-b80f-9d168f3e16cf/datanode-6/data/ratis] (custom)
2022-09-30 13:40:24,230 [Listener at 127.0.0.1/46717] INFO  server.XceiverServerGrpc (XceiverServerGrpc.java:<init>(132)) - GrpcServer channel type EpollServerSocketChannel
2022-09-30 13:40:24,233 [Listener at 127.0.0.1/46717] INFO  http.BaseHttpServer (BaseHttpServer.java:newHttpServer2BuilderForOzone(213)) - Starting Web-server for hddsDatanode at: http://0.0.0.0:0
2022-09-30 13:40:24,233 [Listener at 127.0.0.1/46717] INFO  http.BaseHttpServer (BaseHttpServer.java:<init>(108)) - Hadoop Security Enabled: false Ozone Security Enabled: false Ozone HTTP Security Enabled: false 
2022-09-30 13:40:24,234 [Listener at 127.0.0.1/46717] INFO  server.AuthenticationFilter (AuthenticationFilter.java:constructSecretProvider(240)) - Unable to initialize FileSignerSecretProvider, falling back to use random secrets.
2022-09-30 13:40:24,234 [Listener at 127.0.0.1/46717] WARN  http.HttpRequestLog (HttpRequestLog.java:getRequestLog(103)) - Jetty request log can only be enabled using Log4j
2022-09-30 13:40:24,236 [Listener at 127.0.0.1/46717] INFO  http.HttpServer2 (HttpServer2.java:addGlobalFilter(1029)) - Added global filter 'safety' (class=org.apache.hadoop.hdds.server.http.HttpServer2$QuotingInputFilter)
2022-09-30 13:40:24,236 [Listener at 127.0.0.1/46717] INFO  http.HttpServer2 (HttpServer2.java:addFilter(1005)) - Added filter static_user_filter (class=org.apache.hadoop.http.lib.StaticUserWebFilter$StaticUserFilter) to context hddsDatanode
2022-09-30 13:40:24,236 [Listener at 127.0.0.1/46717] INFO  http.HttpServer2 (HttpServer2.java:addFilter(1013)) - Added filter static_user_filter (class=org.apache.hadoop.http.lib.StaticUserWebFilter$StaticUserFilter) to context static
2022-09-30 13:40:24,237 [Listener at 127.0.0.1/46717] INFO  http.HttpServer2 (HttpServer2.java:addFilter(1013)) - Added filter static_user_filter (class=org.apache.hadoop.http.lib.StaticUserWebFilter$StaticUserFilter) to context logs
2022-09-30 13:40:24,237 [Listener at 127.0.0.1/46717] INFO  http.HttpServer2 (HttpServer2.java:bindListener(1248)) - Jetty bound to port 43949
2022-09-30 13:40:24,237 [Listener at 127.0.0.1/46717] INFO  server.Server (Server.java:doStart(375)) - jetty-9.4.43.v20210629; built: 2021-06-30T11:07:22.254Z; git: 526006ecfa3af7f1a27ef3a288e2bef7ea9dd7e8; jvm 1.8.0_345-b01
2022-09-30 13:40:24,245 [Listener at 127.0.0.1/46717] INFO  server.session (DefaultSessionIdManager.java:doStart(334)) - DefaultSessionIdManager workerName=node0
2022-09-30 13:40:24,245 [Listener at 127.0.0.1/46717] INFO  server.session (DefaultSessionIdManager.java:doStart(339)) - No SessionScavenger set, using defaults
2022-09-30 13:40:24,245 [Listener at 127.0.0.1/46717] INFO  server.session (HouseKeeper.java:startScavenging(132)) - node0 Scavenging every 600000ms
2022-09-30 13:40:24,246 [Listener at 127.0.0.1/46717] INFO  handler.ContextHandler (ContextHandler.java:doStart(915)) - Started o.e.j.s.ServletContextHandler@1629f551{logs,/logs,file:///home/runner/work/ozone/ozone/hadoop-ozone/integration-test/target/log,AVAILABLE}
2022-09-30 13:40:24,247 [Listener at 127.0.0.1/46717] INFO  handler.ContextHandler (ContextHandler.java:doStart(915)) - Started o.e.j.s.ServletContextHandler@6f1df8ef{static,/static,jar:file:/home/runner/.m2/repository/org/apache/ozone/hdds-container-service/1.3.0-SNAPSHOT/hdds-container-service-1.3.0-SNAPSHOT.jar!/webapps/static,AVAILABLE}
2022-09-30 13:40:24,452 [EndpointStateMachine task thread for /0.0.0.0:35905 - 0 ] INFO  volume.HddsVolume (HddsVolume.java:createDbStore(307)) - SchemaV3 db is created and loaded at /home/runner/work/ozone/ozone/hadoop-ozone/integration-test/target/test-dir/MiniOzoneClusterImpl-8c4c252e-cda6-42f5-b80f-9d168f3e16cf/datanode-1/data-0/containers/hdds/8c4c252e-cda6-42f5-b80f-9d168f3e16cf/DS-b4737d7d-2873-4e82-87b5-00f4cf989cfe/container.db for volume DS-b4737d7d-2873-4e82-87b5-00f4cf989cfe
2022-09-30 13:40:24,457 [EndpointStateMachine task thread for /0.0.0.0:35905 - 0 ] INFO  volume.HddsVolume (HddsVolume.java:closeDbStore(338)) - SchemaV3 db is stopped at /home/runner/work/ozone/ozone/hadoop-ozone/integration-test/target/test-dir/MiniOzoneClusterImpl-8c4c252e-cda6-42f5-b80f-9d168f3e16cf/datanode-1/data-0/containers/hdds/8c4c252e-cda6-42f5-b80f-9d168f3e16cf/DS-b4737d7d-2873-4e82-87b5-00f4cf989cfe/container.db for volume DS-b4737d7d-2873-4e82-87b5-00f4cf989cfe
2022-09-30 13:40:24,457 [EndpointStateMachine task thread for /0.0.0.0:35905 - 0 ] INFO  ozoneimpl.OzoneContainer (OzoneContainer.java:start(378)) - Attempting to start container services.
2022-09-30 13:40:24,457 [EndpointStateMachine task thread for /0.0.0.0:35905 - 0 ] INFO  ozoneimpl.OzoneContainer (OzoneContainer.java:startContainerScrub(313)) - Background container scanner has been disabled.
2022-09-30 13:40:24,467 [EndpointStateMachine task thread for /0.0.0.0:35905 - 0 ] INFO  replication.ReplicationServer (ReplicationServer.java:start(111)) - ReplicationServer is started using port 33927
2022-09-30 13:40:24,468 [EndpointStateMachine task thread for /0.0.0.0:35905 - 0 ] INFO  ratis.XceiverServerRatis (XceiverServerRatis.java:start(481)) - Starting XceiverServerRatis 63487312-87aa-4652-9988-76e01a899b42
2022-09-30 13:40:24,476 [EndpointStateMachine task thread for /0.0.0.0:35905 - 0 ] INFO  server.RaftServer (RaftServerProxy.java:lambda$start$6(382)) - 63487312-87aa-4652-9988-76e01a899b42: start RPC server
2022-09-30 13:40:24,478 [EndpointStateMachine task thread for /0.0.0.0:35905 - 0 ] INFO  server.GrpcService (GrpcService.java:startImpl(260)) - 63487312-87aa-4652-9988-76e01a899b42: GrpcService started, listening on 39059
2022-09-30 13:40:24,478 [EndpointStateMachine task thread for /0.0.0.0:35905 - 0 ] INFO  ratis.XceiverServerRatis (XceiverServerRatis.java:getRealPort(502)) - XceiverServerRatis 63487312-87aa-4652-9988-76e01a899b42 is started using port 39059 for RATIS
2022-09-30 13:40:24,478 [EndpointStateMachine task thread for /0.0.0.0:35905 - 0 ] INFO  ratis.XceiverServerRatis (XceiverServerRatis.java:getRealPort(502)) - XceiverServerRatis 63487312-87aa-4652-9988-76e01a899b42 is started using port 39059 for RATIS_ADMIN
2022-09-30 13:40:24,478 [EndpointStateMachine task thread for /0.0.0.0:35905 - 0 ] INFO  ratis.XceiverServerRatis (XceiverServerRatis.java:getRealPort(502)) - XceiverServerRatis 63487312-87aa-4652-9988-76e01a899b42 is started using port 39059 for RATIS_SERVER
2022-09-30 13:40:24,479 [org.apache.ratis.util.JvmPauseMonitor$$Lambda$713/1901567698@62f96583] INFO  util.JvmPauseMonitor (JvmPauseMonitor.java:run(103)) - JvmPauseMonitor-63487312-87aa-4652-9988-76e01a899b42: Started
2022-09-30 13:40:24,481 [Listener at 127.0.0.1/46717] INFO  handler.ContextHandler (ContextHandler.java:doStart(915)) - Started o.e.j.w.WebAppContext@45aa3915{hddsDatanode,/,file:///tmp/jetty-0_0_0_0-43949-hdds-container-service-1_3_0-SNAPSHOT_jar-_-any-8335881253460355545/webapp/,AVAILABLE}{jar:file:/home/runner/.m2/repository/org/apache/ozone/hdds-container-service/1.3.0-SNAPSHOT/hdds-container-service-1.3.0-SNAPSHOT.jar!/webapps/hddsDatanode}
2022-09-30 13:40:24,490 [Listener at 127.0.0.1/46717] INFO  server.AbstractConnector (AbstractConnector.java:doStart(331)) - Started ServerConnector@1bf21941{HTTP/1.1, (http/1.1)}{0.0.0.0:43949}
2022-09-30 13:40:24,490 [Listener at 127.0.0.1/46717] INFO  server.Server (Server.java:doStart(415)) - Started @12247ms
2022-09-30 13:40:24,490 [Listener at 127.0.0.1/46717] WARN  impl.MetricsSystemImpl (MetricsSystemImpl.java:register(279)) - Sink prometheus already exists!
2022-09-30 13:40:24,491 [Listener at 127.0.0.1/46717] INFO  http.BaseHttpServer (BaseHttpServer.java:updateConnectorAddress(333)) - HTTP server of hddsDatanode listening at http://0.0.0.0:43949
2022-09-30 13:40:24,492 [EndpointStateMachine task thread for /0.0.0.0:35905 - 0 ] INFO  server.XceiverServerGrpc (XceiverServerGrpc.java:start(180)) - XceiverServerGrpc 63487312-87aa-4652-9988-76e01a899b42 is started using port 46255
2022-09-30 13:40:24,494 [Datanode State Machine Daemon Thread] INFO  statemachine.DatanodeStateMachine (DatanodeStateMachine.java:lambda$startDaemon$0(492)) - Ozone container server started.
2022-09-30 13:40:24,494 [Listener at 127.0.0.1/46717] INFO  ozone.MiniOzoneClusterImpl (MiniOzoneClusterImpl.java:lambda$waitForClusterToBeReady$0(216)) - Waiting for nodes to be ready. Got 0 of 7 DN Heartbeats.
2022-09-30 13:40:24,494 [Listener at 127.0.0.1/46717] INFO  ozone.MiniOzoneClusterImpl (MiniOzoneClusterImpl.java:lambda$waitForClusterToBeReady$0(219)) - Waiting for cluster to exit safe mode
2022-09-30 13:40:24,494 [Listener at 127.0.0.1/46717] INFO  ozone.MiniOzoneClusterImpl (MiniOzoneClusterImpl.java:lambda$waitForClusterToBeReady$0(221)) - SCM became leader
2022-09-30 13:40:24,504 [org.apache.hadoop.util.JvmPauseMonitor$Monitor@2cb3ed02] INFO  util.JvmPauseMonitor (JvmPauseMonitor.java:run(188)) - Starting JVM pause monitor
2022-09-30 13:40:24,509 [Datanode State Machine Task Thread - 0] INFO  datanode.InitDatanodeState (InitDatanodeState.java:persistContainerDatanodeDetails(138)) - DatanodeDetails is persisted to /home/runner/work/ozone/ozone/hadoop-ozone/integration-test/target/test-dir/MiniOzoneClusterImpl-8c4c252e-cda6-42f5-b80f-9d168f3e16cf/datanode-6/meta/datanode.id
2022-09-30 13:40:24,862 [EndpointStateMachine task thread for /0.0.0.0:35905 - 0 ] INFO  volume.HddsVolume (HddsVolume.java:createDbStore(307)) - SchemaV3 db is created and loaded at /home/runner/work/ozone/ozone/hadoop-ozone/integration-test/target/test-dir/MiniOzoneClusterImpl-8c4c252e-cda6-42f5-b80f-9d168f3e16cf/datanode-2/data-0/containers/hdds/8c4c252e-cda6-42f5-b80f-9d168f3e16cf/DS-9a6562e4-d790-42ac-a118-1f91ee845453/container.db for volume DS-9a6562e4-d790-42ac-a118-1f91ee845453
2022-09-30 13:40:24,862 [EndpointStateMachine task thread for /0.0.0.0:35905 - 0 ] INFO  volume.HddsVolume (HddsVolume.java:closeDbStore(338)) - SchemaV3 db is stopped at /home/runner/work/ozone/ozone/hadoop-ozone/integration-test/target/test-dir/MiniOzoneClusterImpl-8c4c252e-cda6-42f5-b80f-9d168f3e16cf/datanode-2/data-0/containers/hdds/8c4c252e-cda6-42f5-b80f-9d168f3e16cf/DS-9a6562e4-d790-42ac-a118-1f91ee845453/container.db for volume DS-9a6562e4-d790-42ac-a118-1f91ee845453
2022-09-30 13:40:24,863 [EndpointStateMachine task thread for /0.0.0.0:35905 - 0 ] INFO  ozoneimpl.OzoneContainer (OzoneContainer.java:start(378)) - Attempting to start container services.
2022-09-30 13:40:24,863 [EndpointStateMachine task thread for /0.0.0.0:35905 - 0 ] INFO  ozoneimpl.OzoneContainer (OzoneContainer.java:startContainerScrub(313)) - Background container scanner has been disabled.
2022-09-30 13:40:24,865 [EndpointStateMachine task thread for /0.0.0.0:35905 - 0 ] INFO  replication.ReplicationServer (ReplicationServer.java:start(111)) - ReplicationServer is started using port 41907
2022-09-30 13:40:24,866 [EndpointStateMachine task thread for /0.0.0.0:35905 - 0 ] INFO  ratis.XceiverServerRatis (XceiverServerRatis.java:start(481)) - Starting XceiverServerRatis 97e8c787-6023-4421-819a-0b5ced458c94
2022-09-30 13:40:24,867 [EndpointStateMachine task thread for /0.0.0.0:35905 - 0 ] INFO  server.RaftServer (RaftServerProxy.java:lambda$start$6(382)) - 97e8c787-6023-4421-819a-0b5ced458c94: start RPC server
2022-09-30 13:40:24,871 [EndpointStateMachine task thread for /0.0.0.0:35905 - 0 ] INFO  server.GrpcService (GrpcService.java:startImpl(260)) - 97e8c787-6023-4421-819a-0b5ced458c94: GrpcService started, listening on 36437
2022-09-30 13:40:24,871 [EndpointStateMachine task thread for /0.0.0.0:35905 - 0 ] INFO  ratis.XceiverServerRatis (XceiverServerRatis.java:getRealPort(502)) - XceiverServerRatis 97e8c787-6023-4421-819a-0b5ced458c94 is started using port 36437 for RATIS
2022-09-30 13:40:24,871 [org.apache.ratis.util.JvmPauseMonitor$$Lambda$713/1901567698@2553d77a] INFO  util.JvmPauseMonitor (JvmPauseMonitor.java:run(103)) - JvmPauseMonitor-97e8c787-6023-4421-819a-0b5ced458c94: Started
2022-09-30 13:40:24,871 [EndpointStateMachine task thread for /0.0.0.0:35905 - 0 ] INFO  ratis.XceiverServerRatis (XceiverServerRatis.java:getRealPort(502)) - XceiverServerRatis 97e8c787-6023-4421-819a-0b5ced458c94 is started using port 36437 for RATIS_ADMIN
2022-09-30 13:40:24,872 [EndpointStateMachine task thread for /0.0.0.0:35905 - 0 ] INFO  ratis.XceiverServerRatis (XceiverServerRatis.java:getRealPort(502)) - XceiverServerRatis 97e8c787-6023-4421-819a-0b5ced458c94 is started using port 36437 for RATIS_SERVER
2022-09-30 13:40:24,884 [EndpointStateMachine task thread for /0.0.0.0:35905 - 0 ] INFO  server.XceiverServerGrpc (XceiverServerGrpc.java:start(180)) - XceiverServerGrpc 97e8c787-6023-4421-819a-0b5ced458c94 is started using port 34177
2022-09-30 13:40:24,969 [ReplicationMonitor] INFO  replication.ReplicationManager (ReplicationManager.java:processAll(291)) - Replication Manager is not ready to run until 3000ms after safemode exit
2022-09-30 13:40:25,278 [EndpointStateMachine task thread for /0.0.0.0:35905 - 0 ] INFO  volume.HddsVolume (HddsVolume.java:createDbStore(307)) - SchemaV3 db is created and loaded at /home/runner/work/ozone/ozone/hadoop-ozone/integration-test/target/test-dir/MiniOzoneClusterImpl-8c4c252e-cda6-42f5-b80f-9d168f3e16cf/datanode-3/data-0/containers/hdds/8c4c252e-cda6-42f5-b80f-9d168f3e16cf/DS-90d020e1-f6a8-40f4-b61d-15650b6ce688/container.db for volume DS-90d020e1-f6a8-40f4-b61d-15650b6ce688
2022-09-30 13:40:25,279 [EndpointStateMachine task thread for /0.0.0.0:35905 - 0 ] INFO  volume.HddsVolume (HddsVolume.java:closeDbStore(338)) - SchemaV3 db is stopped at /home/runner/work/ozone/ozone/hadoop-ozone/integration-test/target/test-dir/MiniOzoneClusterImpl-8c4c252e-cda6-42f5-b80f-9d168f3e16cf/datanode-3/data-0/containers/hdds/8c4c252e-cda6-42f5-b80f-9d168f3e16cf/DS-90d020e1-f6a8-40f4-b61d-15650b6ce688/container.db for volume DS-90d020e1-f6a8-40f4-b61d-15650b6ce688
2022-09-30 13:40:25,279 [EndpointStateMachine task thread for /0.0.0.0:35905 - 0 ] INFO  ozoneimpl.OzoneContainer (OzoneContainer.java:start(378)) - Attempting to start container services.
2022-09-30 13:40:25,279 [EndpointStateMachine task thread for /0.0.0.0:35905 - 0 ] INFO  ozoneimpl.OzoneContainer (OzoneContainer.java:startContainerScrub(313)) - Background container scanner has been disabled.
2022-09-30 13:40:25,284 [EndpointStateMachine task thread for /0.0.0.0:35905 - 0 ] INFO  replication.ReplicationServer (ReplicationServer.java:start(111)) - ReplicationServer is started using port 42815
2022-09-30 13:40:25,285 [EndpointStateMachine task thread for /0.0.0.0:35905 - 0 ] INFO  ratis.XceiverServerRatis (XceiverServerRatis.java:start(481)) - Starting XceiverServerRatis 542c7706-6f03-4002-aadb-418c9fc9cb26
2022-09-30 13:40:25,288 [EndpointStateMachine task thread for /0.0.0.0:35905 - 0 ] INFO  server.RaftServer (RaftServerProxy.java:lambda$start$6(382)) - 542c7706-6f03-4002-aadb-418c9fc9cb26: start RPC server
2022-09-30 13:40:25,290 [EndpointStateMachine task thread for /0.0.0.0:35905 - 0 ] INFO  server.GrpcService (GrpcService.java:startImpl(260)) - 542c7706-6f03-4002-aadb-418c9fc9cb26: GrpcService started, listening on 37931
2022-09-30 13:40:25,290 [EndpointStateMachine task thread for /0.0.0.0:35905 - 0 ] INFO  ratis.XceiverServerRatis (XceiverServerRatis.java:getRealPort(502)) - XceiverServerRatis 542c7706-6f03-4002-aadb-418c9fc9cb26 is started using port 37931 for RATIS
2022-09-30 13:40:25,290 [org.apache.ratis.util.JvmPauseMonitor$$Lambda$713/1901567698@3ff2c3e1] INFO  util.JvmPauseMonitor (JvmPauseMonitor.java:run(103)) - JvmPauseMonitor-542c7706-6f03-4002-aadb-418c9fc9cb26: Started
2022-09-30 13:40:25,290 [EndpointStateMachine task thread for /0.0.0.0:35905 - 0 ] INFO  ratis.XceiverServerRatis (XceiverServerRatis.java:getRealPort(502)) - XceiverServerRatis 542c7706-6f03-4002-aadb-418c9fc9cb26 is started using port 37931 for RATIS_ADMIN
2022-09-30 13:40:25,290 [EndpointStateMachine task thread for /0.0.0.0:35905 - 0 ] INFO  ratis.XceiverServerRatis (XceiverServerRatis.java:getRealPort(502)) - XceiverServerRatis 542c7706-6f03-4002-aadb-418c9fc9cb26 is started using port 37931 for RATIS_SERVER
2022-09-30 13:40:25,296 [EndpointStateMachine task thread for /0.0.0.0:35905 - 0 ] INFO  server.XceiverServerGrpc (XceiverServerGrpc.java:start(180)) - XceiverServerGrpc 542c7706-6f03-4002-aadb-418c9fc9cb26 is started using port 38243
2022-09-30 13:40:25,494 [Listener at 127.0.0.1/46717] INFO  ozone.MiniOzoneClusterImpl (MiniOzoneClusterImpl.java:lambda$waitForClusterToBeReady$0(216)) - Waiting for nodes to be ready. Got 0 of 7 DN Heartbeats.
2022-09-30 13:40:25,494 [Listener at 127.0.0.1/46717] INFO  ozone.MiniOzoneClusterImpl (MiniOzoneClusterImpl.java:lambda$waitForClusterToBeReady$0(219)) - Waiting for cluster to exit safe mode
2022-09-30 13:40:25,495 [Listener at 127.0.0.1/46717] INFO  ozone.MiniOzoneClusterImpl (MiniOzoneClusterImpl.java:lambda$waitForClusterToBeReady$0(221)) - SCM became leader
2022-09-30 13:40:25,677 [EndpointStateMachine task thread for /0.0.0.0:35905 - 0 ] INFO  volume.HddsVolume (HddsVolume.java:createDbStore(307)) - SchemaV3 db is created and loaded at /home/runner/work/ozone/ozone/hadoop-ozone/integration-test/target/test-dir/MiniOzoneClusterImpl-8c4c252e-cda6-42f5-b80f-9d168f3e16cf/datanode-4/data-0/containers/hdds/8c4c252e-cda6-42f5-b80f-9d168f3e16cf/DS-46d492ea-f5c5-4455-8539-c15d5c972076/container.db for volume DS-46d492ea-f5c5-4455-8539-c15d5c972076
2022-09-30 13:40:25,678 [EndpointStateMachine task thread for /0.0.0.0:35905 - 0 ] INFO  volume.HddsVolume (HddsVolume.java:closeDbStore(338)) - SchemaV3 db is stopped at /home/runner/work/ozone/ozone/hadoop-ozone/integration-test/target/test-dir/MiniOzoneClusterImpl-8c4c252e-cda6-42f5-b80f-9d168f3e16cf/datanode-4/data-0/containers/hdds/8c4c252e-cda6-42f5-b80f-9d168f3e16cf/DS-46d492ea-f5c5-4455-8539-c15d5c972076/container.db for volume DS-46d492ea-f5c5-4455-8539-c15d5c972076
2022-09-30 13:40:25,678 [EndpointStateMachine task thread for /0.0.0.0:35905 - 0 ] INFO  ozoneimpl.OzoneContainer (OzoneContainer.java:start(378)) - Attempting to start container services.
2022-09-30 13:40:25,678 [EndpointStateMachine task thread for /0.0.0.0:35905 - 0 ] INFO  ozoneimpl.OzoneContainer (OzoneContainer.java:startContainerScrub(313)) - Background container scanner has been disabled.
2022-09-30 13:40:25,681 [EndpointStateMachine task thread for /0.0.0.0:35905 - 0 ] INFO  replication.ReplicationServer (ReplicationServer.java:start(111)) - ReplicationServer is started using port 41739
2022-09-30 13:40:25,681 [EndpointStateMachine task thread for /0.0.0.0:35905 - 0 ] INFO  ratis.XceiverServerRatis (XceiverServerRatis.java:start(481)) - Starting XceiverServerRatis c604563f-8b94-483f-a354-2ed29e633e80
2022-09-30 13:40:25,688 [EndpointStateMachine task thread for /0.0.0.0:35905 - 0 ] INFO  server.RaftServer (RaftServerProxy.java:lambda$start$6(382)) - c604563f-8b94-483f-a354-2ed29e633e80: start RPC server
2022-09-30 13:40:25,690 [EndpointStateMachine task thread for /0.0.0.0:35905 - 0 ] INFO  server.GrpcService (GrpcService.java:startImpl(260)) - c604563f-8b94-483f-a354-2ed29e633e80: GrpcService started, listening on 36125
2022-09-30 13:40:25,690 [EndpointStateMachine task thread for /0.0.0.0:35905 - 0 ] INFO  ratis.XceiverServerRatis (XceiverServerRatis.java:getRealPort(502)) - XceiverServerRatis c604563f-8b94-483f-a354-2ed29e633e80 is started using port 36125 for RATIS
2022-09-30 13:40:25,690 [org.apache.ratis.util.JvmPauseMonitor$$Lambda$713/1901567698@3a932711] INFO  util.JvmPauseMonitor (JvmPauseMonitor.java:run(103)) - JvmPauseMonitor-c604563f-8b94-483f-a354-2ed29e633e80: Started
2022-09-30 13:40:25,690 [EndpointStateMachine task thread for /0.0.0.0:35905 - 0 ] INFO  ratis.XceiverServerRatis (XceiverServerRatis.java:getRealPort(502)) - XceiverServerRatis c604563f-8b94-483f-a354-2ed29e633e80 is started using port 36125 for RATIS_ADMIN
2022-09-30 13:40:25,690 [EndpointStateMachine task thread for /0.0.0.0:35905 - 0 ] INFO  ratis.XceiverServerRatis (XceiverServerRatis.java:getRealPort(502)) - XceiverServerRatis c604563f-8b94-483f-a354-2ed29e633e80 is started using port 36125 for RATIS_SERVER
2022-09-30 13:40:25,694 [EndpointStateMachine task thread for /0.0.0.0:35905 - 0 ] INFO  server.XceiverServerGrpc (XceiverServerGrpc.java:start(180)) - XceiverServerGrpc c604563f-8b94-483f-a354-2ed29e633e80 is started using port 37547
2022-09-30 13:40:25,886 [IPC Server handler 16 on default port 35905] INFO  net.NetworkTopologyImpl (NetworkTopologyImpl.java:add(112)) - Added a new node: /default-rack/62666bfa-5b48-4194-8431-0a6941154381
2022-09-30 13:40:25,887 [IPC Server handler 16 on default port 35905] INFO  node.SCMNodeManager (SCMNodeManager.java:register(397)) - Registered Data node : 62666bfa-5b48-4194-8431-0a6941154381{ip: 10.1.0.210, host: fv-az264-432.ca02foy5wcnuvlrvrz2wi3p2og.dx.internal.cloudapp.net, ports: [REPLICATION=41651, RATIS=41785, RATIS_ADMIN=41785, RATIS_SERVER=41785, STANDALONE=43973], networkLocation: /default-rack, certSerialId: null, persistedOpState: null, persistedOpStateExpiryEpochSec: 0}
2022-09-30 13:40:25,891 [EventQueue-NewNodeForNewNodeHandler] INFO  pipeline.BackgroundPipelineCreator (BackgroundPipelineCreator.java:notifyEventTriggered(276)) - trigger a one-shot run on RatisPipelineUtilsThread.
2022-09-30 13:40:25,899 [RatisPipelineUtilsThread - 0] INFO  pipeline.RatisPipelineProvider (RatisPipelineProvider.java:lambda$create$0(195)) - Sending CreatePipelineCommand for pipeline:PipelineID=4c7b28f9-9e97-4236-a1f2-c1a62cf0fa15 to datanode:62666bfa-5b48-4194-8431-0a6941154381
2022-09-30 13:40:25,899 [EventQueue-NodeRegistrationContainerReportForDataNodeSafeModeRule] INFO  safemode.SCMSafeModeManager (DataNodeSafeModeRule.java:process(71)) - SCM in safe mode. 1 DataNodes registered, 3 required.
2022-09-30 13:40:25,900 [EventQueue-NodeRegistrationContainerReportForContainerSafeModeRule] INFO  safemode.SCMSafeModeManager (SCMSafeModeManager.java:validateSafeModeExitRules(204)) - ContainerSafeModeRule rule is successfully validated
2022-09-30 13:40:25,908 [EventQueue-PipelineReportForOneReplicaPipelineSafeModeRule] INFO  safemode.SCMSafeModeManager (SCMSafeModeManager.java:validateSafeModeExitRules(204)) - AtleastOneDatanodeReportedRule rule is successfully validated
2022-09-30 13:40:25,912 [RatisPipelineUtilsThread - 0] INFO  pipeline.PipelineStateManagerImpl (PipelineStateManagerImpl.java:addPipeline(103)) - Created pipeline Pipeline[ Id: 4c7b28f9-9e97-4236-a1f2-c1a62cf0fa15, Nodes: 62666bfa-5b48-4194-8431-0a6941154381{ip: 10.1.0.210, host: fv-az264-432.ca02foy5wcnuvlrvrz2wi3p2og.dx.internal.cloudapp.net, ports: [REPLICATION=41651, RATIS=41785, RATIS_ADMIN=41785, RATIS_SERVER=41785, STANDALONE=43973], networkLocation: /default-rack, certSerialId: null, persistedOpState: IN_SERVICE, persistedOpStateExpiryEpochSec: 0}, ReplicationConfig: RATIS/ONE, State:ALLOCATED, leaderId:, CreationTimestamp2022-09-30T13:40:25.898Z[Etc/UTC]].
2022-09-30 13:40:25,970 [ReplicationMonitor] INFO  replication.ReplicationManager (ReplicationManager.java:processAll(291)) - Replication Manager is not ready to run until 3000ms after safemode exit
2022-09-30 13:40:26,126 [EndpointStateMachine task thread for /0.0.0.0:35905 - 0 ] INFO  volume.HddsVolume (HddsVolume.java:createDbStore(307)) - SchemaV3 db is created and loaded at /home/runner/work/ozone/ozone/hadoop-ozone/integration-test/target/test-dir/MiniOzoneClusterImpl-8c4c252e-cda6-42f5-b80f-9d168f3e16cf/datanode-5/data-0/containers/hdds/8c4c252e-cda6-42f5-b80f-9d168f3e16cf/DS-b164f504-fa99-41af-97fe-0c3988565aae/container.db for volume DS-b164f504-fa99-41af-97fe-0c3988565aae
2022-09-30 13:40:26,128 [EndpointStateMachine task thread for /0.0.0.0:35905 - 0 ] INFO  volume.HddsVolume (HddsVolume.java:closeDbStore(338)) - SchemaV3 db is stopped at /home/runner/work/ozone/ozone/hadoop-ozone/integration-test/target/test-dir/MiniOzoneClusterImpl-8c4c252e-cda6-42f5-b80f-9d168f3e16cf/datanode-5/data-0/containers/hdds/8c4c252e-cda6-42f5-b80f-9d168f3e16cf/DS-b164f504-fa99-41af-97fe-0c3988565aae/container.db for volume DS-b164f504-fa99-41af-97fe-0c3988565aae
2022-09-30 13:40:26,128 [EndpointStateMachine task thread for /0.0.0.0:35905 - 0 ] INFO  ozoneimpl.OzoneContainer (OzoneContainer.java:start(378)) - Attempting to start container services.
2022-09-30 13:40:26,128 [EndpointStateMachine task thread for /0.0.0.0:35905 - 0 ] INFO  ozoneimpl.OzoneContainer (OzoneContainer.java:startContainerScrub(313)) - Background container scanner has been disabled.
2022-09-30 13:40:26,131 [EndpointStateMachine task thread for /0.0.0.0:35905 - 0 ] INFO  replication.ReplicationServer (ReplicationServer.java:start(111)) - ReplicationServer is started using port 35185
2022-09-30 13:40:26,131 [EndpointStateMachine task thread for /0.0.0.0:35905 - 0 ] INFO  ratis.XceiverServerRatis (XceiverServerRatis.java:start(481)) - Starting XceiverServerRatis 43811407-7c21-4fcd-ab69-dbd9b60ed504
2022-09-30 13:40:26,133 [EndpointStateMachine task thread for /0.0.0.0:35905 - 0 ] INFO  server.RaftServer (RaftServerProxy.java:lambda$start$6(382)) - 43811407-7c21-4fcd-ab69-dbd9b60ed504: start RPC server
2022-09-30 13:40:26,135 [EndpointStateMachine task thread for /0.0.0.0:35905 - 0 ] INFO  server.GrpcService (GrpcService.java:startImpl(260)) - 43811407-7c21-4fcd-ab69-dbd9b60ed504: GrpcService started, listening on 42941
2022-09-30 13:40:26,135 [EndpointStateMachine task thread for /0.0.0.0:35905 - 0 ] INFO  ratis.XceiverServerRatis (XceiverServerRatis.java:getRealPort(502)) - XceiverServerRatis 43811407-7c21-4fcd-ab69-dbd9b60ed504 is started using port 42941 for RATIS
2022-09-30 13:40:26,135 [org.apache.ratis.util.JvmPauseMonitor$$Lambda$713/1901567698@2e223a3b] INFO  util.JvmPauseMonitor (JvmPauseMonitor.java:run(103)) - JvmPauseMonitor-43811407-7c21-4fcd-ab69-dbd9b60ed504: Started
2022-09-30 13:40:26,135 [EndpointStateMachine task thread for /0.0.0.0:35905 - 0 ] INFO  ratis.XceiverServerRatis (XceiverServerRatis.java:getRealPort(502)) - XceiverServerRatis 43811407-7c21-4fcd-ab69-dbd9b60ed504 is started using port 42941 for RATIS_ADMIN
2022-09-30 13:40:26,135 [EndpointStateMachine task thread for /0.0.0.0:35905 - 0 ] INFO  ratis.XceiverServerRatis (XceiverServerRatis.java:getRealPort(502)) - XceiverServerRatis 43811407-7c21-4fcd-ab69-dbd9b60ed504 is started using port 42941 for RATIS_SERVER
2022-09-30 13:40:26,137 [EndpointStateMachine task thread for /0.0.0.0:35905 - 0 ] INFO  server.XceiverServerGrpc (XceiverServerGrpc.java:start(180)) - XceiverServerGrpc 43811407-7c21-4fcd-ab69-dbd9b60ed504 is started using port 35079
2022-09-30 13:40:26,401 [IPC Server handler 15 on default port 35905] INFO  net.NetworkTopologyImpl (NetworkTopologyImpl.java:add(112)) - Added a new node: /default-rack/63487312-87aa-4652-9988-76e01a899b42
2022-09-30 13:40:26,401 [IPC Server handler 15 on default port 35905] INFO  node.SCMNodeManager (SCMNodeManager.java:register(397)) - Registered Data node : 63487312-87aa-4652-9988-76e01a899b42{ip: 10.1.0.210, host: fv-az264-432.ca02foy5wcnuvlrvrz2wi3p2og.dx.internal.cloudapp.net, ports: [REPLICATION=33927, RATIS=39059, RATIS_ADMIN=39059, RATIS_SERVER=39059, STANDALONE=46255], networkLocation: /default-rack, certSerialId: null, persistedOpState: null, persistedOpStateExpiryEpochSec: 0}
2022-09-30 13:40:26,401 [EventQueue-NodeRegistrationContainerReportForDataNodeSafeModeRule] INFO  safemode.SCMSafeModeManager (DataNodeSafeModeRule.java:process(71)) - SCM in safe mode. 2 DataNodes registered, 3 required.
2022-09-30 13:40:26,402 [EventQueue-NewNodeForNewNodeHandler] INFO  pipeline.BackgroundPipelineCreator (BackgroundPipelineCreator.java:notifyEventTriggered(276)) - trigger a one-shot run on RatisPipelineUtilsThread.
2022-09-30 13:40:26,403 [RatisPipelineUtilsThread - 0] INFO  pipeline.RatisPipelineProvider (RatisPipelineProvider.java:lambda$create$0(195)) - Sending CreatePipelineCommand for pipeline:PipelineID=d8dba568-5b0a-48c5-8536-b099df3793ef to datanode:63487312-87aa-4652-9988-76e01a899b42
2022-09-30 13:40:26,404 [RatisPipelineUtilsThread - 0] INFO  pipeline.PipelineStateManagerImpl (PipelineStateManagerImpl.java:addPipeline(103)) - Created pipeline Pipeline[ Id: d8dba568-5b0a-48c5-8536-b099df3793ef, Nodes: 63487312-87aa-4652-9988-76e01a899b42{ip: 10.1.0.210, host: fv-az264-432.ca02foy5wcnuvlrvrz2wi3p2og.dx.internal.cloudapp.net, ports: [REPLICATION=33927, RATIS=39059, RATIS_ADMIN=39059, RATIS_SERVER=39059, STANDALONE=46255], networkLocation: /default-rack, certSerialId: null, persistedOpState: IN_SERVICE, persistedOpStateExpiryEpochSec: 0}, ReplicationConfig: RATIS/ONE, State:ALLOCATED, leaderId:, CreationTimestamp2022-09-30T13:40:26.403Z[Etc/UTC]].
2022-09-30 13:40:26,495 [Listener at 127.0.0.1/46717] INFO  ozone.MiniOzoneClusterImpl (MiniOzoneClusterImpl.java:lambda$waitForClusterToBeReady$0(216)) - Waiting for nodes to be ready. Got 2 of 7 DN Heartbeats.
2022-09-30 13:40:26,495 [Listener at 127.0.0.1/46717] INFO  ozone.MiniOzoneClusterImpl (MiniOzoneClusterImpl.java:lambda$waitForClusterToBeReady$0(219)) - Waiting for cluster to exit safe mode
2022-09-30 13:40:26,495 [Listener at 127.0.0.1/46717] INFO  ozone.MiniOzoneClusterImpl (MiniOzoneClusterImpl.java:lambda$waitForClusterToBeReady$0(221)) - SCM became leader
2022-09-30 13:40:26,543 [EndpointStateMachine task thread for /0.0.0.0:35905 - 0 ] INFO  volume.HddsVolume (HddsVolume.java:createDbStore(307)) - SchemaV3 db is created and loaded at /home/runner/work/ozone/ozone/hadoop-ozone/integration-test/target/test-dir/MiniOzoneClusterImpl-8c4c252e-cda6-42f5-b80f-9d168f3e16cf/datanode-6/data-0/containers/hdds/8c4c252e-cda6-42f5-b80f-9d168f3e16cf/DS-06bec480-b470-444e-b841-25b80dbb82c7/container.db for volume DS-06bec480-b470-444e-b841-25b80dbb82c7
2022-09-30 13:40:26,545 [EndpointStateMachine task thread for /0.0.0.0:35905 - 0 ] INFO  volume.HddsVolume (HddsVolume.java:closeDbStore(338)) - SchemaV3 db is stopped at /home/runner/work/ozone/ozone/hadoop-ozone/integration-test/target/test-dir/MiniOzoneClusterImpl-8c4c252e-cda6-42f5-b80f-9d168f3e16cf/datanode-6/data-0/containers/hdds/8c4c252e-cda6-42f5-b80f-9d168f3e16cf/DS-06bec480-b470-444e-b841-25b80dbb82c7/container.db for volume DS-06bec480-b470-444e-b841-25b80dbb82c7
2022-09-30 13:40:26,545 [EndpointStateMachine task thread for /0.0.0.0:35905 - 0 ] INFO  ozoneimpl.OzoneContainer (OzoneContainer.java:start(378)) - Attempting to start container services.
2022-09-30 13:40:26,545 [EndpointStateMachine task thread for /0.0.0.0:35905 - 0 ] INFO  ozoneimpl.OzoneContainer (OzoneContainer.java:startContainerScrub(313)) - Background container scanner has been disabled.
2022-09-30 13:40:26,552 [EndpointStateMachine task thread for /0.0.0.0:35905 - 0 ] INFO  replication.ReplicationServer (ReplicationServer.java:start(111)) - ReplicationServer is started using port 34975
2022-09-30 13:40:26,553 [EndpointStateMachine task thread for /0.0.0.0:35905 - 0 ] INFO  ratis.XceiverServerRatis (XceiverServerRatis.java:start(481)) - Starting XceiverServerRatis 93a726fc-a128-4d5e-9b28-98a1d7a8eb0c
2022-09-30 13:40:26,554 [EndpointStateMachine task thread for /0.0.0.0:35905 - 0 ] INFO  server.RaftServer (RaftServerProxy.java:lambda$start$6(382)) - 93a726fc-a128-4d5e-9b28-98a1d7a8eb0c: start RPC server
2022-09-30 13:40:26,555 [EndpointStateMachine task thread for /0.0.0.0:35905 - 0 ] INFO  server.GrpcService (GrpcService.java:startImpl(260)) - 93a726fc-a128-4d5e-9b28-98a1d7a8eb0c: GrpcService started, listening on 43289
2022-09-30 13:40:26,555 [EndpointStateMachine task thread for /0.0.0.0:35905 - 0 ] INFO  ratis.XceiverServerRatis (XceiverServerRatis.java:getRealPort(502)) - XceiverServerRatis 93a726fc-a128-4d5e-9b28-98a1d7a8eb0c is started using port 43289 for RATIS
2022-09-30 13:40:26,555 [org.apache.ratis.util.JvmPauseMonitor$$Lambda$713/1901567698@7989ad01] INFO  util.JvmPauseMonitor (JvmPauseMonitor.java:run(103)) - JvmPauseMonitor-93a726fc-a128-4d5e-9b28-98a1d7a8eb0c: Started
2022-09-30 13:40:26,555 [EndpointStateMachine task thread for /0.0.0.0:35905 - 0 ] INFO  ratis.XceiverServerRatis (XceiverServerRatis.java:getRealPort(502)) - XceiverServerRatis 93a726fc-a128-4d5e-9b28-98a1d7a8eb0c is started using port 43289 for RATIS_ADMIN
2022-09-30 13:40:26,555 [EndpointStateMachine task thread for /0.0.0.0:35905 - 0 ] INFO  ratis.XceiverServerRatis (XceiverServerRatis.java:getRealPort(502)) - XceiverServerRatis 93a726fc-a128-4d5e-9b28-98a1d7a8eb0c is started using port 43289 for RATIS_SERVER
2022-09-30 13:40:26,558 [EndpointStateMachine task thread for /0.0.0.0:35905 - 0 ] INFO  server.XceiverServerGrpc (XceiverServerGrpc.java:start(180)) - XceiverServerGrpc 93a726fc-a128-4d5e-9b28-98a1d7a8eb0c is started using port 44081
2022-09-30 13:40:26,823 [IPC Server handler 16 on default port 35905] INFO  net.NetworkTopologyImpl (NetworkTopologyImpl.java:add(112)) - Added a new node: /default-rack/97e8c787-6023-4421-819a-0b5ced458c94
2022-09-30 13:40:26,823 [IPC Server handler 16 on default port 35905] INFO  node.SCMNodeManager (SCMNodeManager.java:register(397)) - Registered Data node : 97e8c787-6023-4421-819a-0b5ced458c94{ip: 10.1.0.210, host: fv-az264-432.ca02foy5wcnuvlrvrz2wi3p2og.dx.internal.cloudapp.net, ports: [REPLICATION=41907, RATIS=36437, RATIS_ADMIN=36437, RATIS_SERVER=36437, STANDALONE=34177], networkLocation: /default-rack, certSerialId: null, persistedOpState: null, persistedOpStateExpiryEpochSec: 0}
2022-09-30 13:40:26,824 [EventQueue-NewNodeForNewNodeHandler] INFO  pipeline.BackgroundPipelineCreator (BackgroundPipelineCreator.java:notifyEventTriggered(276)) - trigger a one-shot run on RatisPipelineUtilsThread.
2022-09-30 13:40:26,824 [EventQueue-NodeRegistrationContainerReportForDataNodeSafeModeRule] INFO  safemode.SCMSafeModeManager (DataNodeSafeModeRule.java:process(71)) - SCM in safe mode. 3 DataNodes registered, 3 required.
2022-09-30 13:40:26,824 [EventQueue-NodeRegistrationContainerReportForDataNodeSafeModeRule] INFO  safemode.SCMSafeModeManager (SCMSafeModeManager.java:validateSafeModeExitRules(204)) - DataNodeSafeModeRule rule is successfully validated
2022-09-30 13:40:26,825 [EventQueue-NodeRegistrationContainerReportForDataNodeSafeModeRule] INFO  safemode.SCMSafeModeManager (SCMSafeModeManager.java:completePreCheck(233)) - All SCM safe mode pre check rules have passed
2022-09-30 13:40:26,825 [EventQueue-NodeRegistrationContainerReportForDataNodeSafeModeRule] WARN  events.EventQueue (EventQueue.java:fireEvent(216)) - No event handler registered for event TypedEvent{payloadType=SafeModeStatus, name='Safe mode status'}
2022-09-30 13:40:26,825 [EventQueue-NodeRegistrationContainerReportForDataNodeSafeModeRule] INFO  ha.SCMContext (SCMContext.java:updateSafeModeStatus(228)) - Update SafeModeStatus from SafeModeStatus{safeModeStatus=true, preCheckPassed=false} to SafeModeStatus{safeModeStatus=true, preCheckPassed=true}.
2022-09-30 13:40:26,825 [EventQueue-NodeRegistrationContainerReportForDataNodeSafeModeRule] INFO  pipeline.BackgroundPipelineCreator (BackgroundPipelineCreator.java:notifyEventTriggered(276)) - trigger a one-shot run on RatisPipelineUtilsThread.
2022-09-30 13:40:26,825 [RatisPipelineUtilsThread - 0] INFO  pipeline.RatisPipelineProvider (RatisPipelineProvider.java:lambda$create$0(195)) - Sending CreatePipelineCommand for pipeline:PipelineID=dc7a1006-1430-45a5-a900-cb8b115b4935 to datanode:97e8c787-6023-4421-819a-0b5ced458c94
2022-09-30 13:40:26,826 [RatisPipelineUtilsThread - 0] INFO  pipeline.PipelineStateManagerImpl (PipelineStateManagerImpl.java:addPipeline(103)) - Created pipeline Pipeline[ Id: dc7a1006-1430-45a5-a900-cb8b115b4935, Nodes: 97e8c787-6023-4421-819a-0b5ced458c94{ip: 10.1.0.210, host: fv-az264-432.ca02foy5wcnuvlrvrz2wi3p2og.dx.internal.cloudapp.net, ports: [REPLICATION=41907, RATIS=36437, RATIS_ADMIN=36437, RATIS_SERVER=36437, STANDALONE=34177], networkLocation: /default-rack, certSerialId: null, persistedOpState: IN_SERVICE, persistedOpStateExpiryEpochSec: 0}, ReplicationConfig: RATIS/ONE, State:ALLOCATED, leaderId:, CreationTimestamp2022-09-30T13:40:26.825Z[Etc/UTC]].
2022-09-30 13:40:26,830 [RatisPipelineUtilsThread - 0] INFO  pipeline.RatisPipelineProvider (RatisPipelineProvider.java:lambda$create$0(195)) - Sending CreatePipelineCommand for pipeline:PipelineID=9504cae7-2c67-458d-bacc-3f213833e1f5 to datanode:63487312-87aa-4652-9988-76e01a899b42
2022-09-30 13:40:26,830 [RatisPipelineUtilsThread - 0] INFO  pipeline.RatisPipelineProvider (RatisPipelineProvider.java:lambda$create$0(195)) - Sending CreatePipelineCommand for pipeline:PipelineID=9504cae7-2c67-458d-bacc-3f213833e1f5 to datanode:97e8c787-6023-4421-819a-0b5ced458c94
2022-09-30 13:40:26,831 [RatisPipelineUtilsThread - 0] INFO  pipeline.RatisPipelineProvider (RatisPipelineProvider.java:lambda$create$0(195)) - Sending CreatePipelineCommand for pipeline:PipelineID=9504cae7-2c67-458d-bacc-3f213833e1f5 to datanode:62666bfa-5b48-4194-8431-0a6941154381
2022-09-30 13:40:26,832 [RatisPipelineUtilsThread - 0] INFO  pipeline.PipelineStateManagerImpl (PipelineStateManagerImpl.java:addPipeline(103)) - Created pipeline Pipeline[ Id: 9504cae7-2c67-458d-bacc-3f213833e1f5, Nodes: 63487312-87aa-4652-9988-76e01a899b42{ip: 10.1.0.210, host: fv-az264-432.ca02foy5wcnuvlrvrz2wi3p2og.dx.internal.cloudapp.net, ports: [REPLICATION=33927, RATIS=39059, RATIS_ADMIN=39059, RATIS_SERVER=39059, STANDALONE=46255], networkLocation: /default-rack, certSerialId: null, persistedOpState: IN_SERVICE, persistedOpStateExpiryEpochSec: 0}97e8c787-6023-4421-819a-0b5ced458c94{ip: 10.1.0.210, host: fv-az264-432.ca02foy5wcnuvlrvrz2wi3p2og.dx.internal.cloudapp.net, ports: [REPLICATION=41907, RATIS=36437, RATIS_ADMIN=36437, RATIS_SERVER=36437, STANDALONE=34177], networkLocation: /default-rack, certSerialId: null, persistedOpState: IN_SERVICE, persistedOpStateExpiryEpochSec: 0}62666bfa-5b48-4194-8431-0a6941154381{ip: 10.1.0.210, host: fv-az264-432.ca02foy5wcnuvlrvrz2wi3p2og.dx.internal.cloudapp.net, ports: [REPLICATION=41651, RATIS=41785, RATIS_ADMIN=41785, RATIS_SERVER=41785, STANDALONE=43973], networkLocation: /default-rack, certSerialId: null, persistedOpState: IN_SERVICE, persistedOpStateExpiryEpochSec: 0}, ReplicationConfig: RATIS/THREE, State:ALLOCATED, leaderId:, CreationTimestamp2022-09-30T13:40:26.830Z[Etc/UTC]].
2022-09-30 13:40:26,970 [ReplicationMonitor] INFO  replication.ReplicationManager (ReplicationManager.java:processAll(291)) - Replication Manager is not ready to run until 3000ms after safemode exit
2022-09-30 13:40:27,233 [IPC Server handler 13 on default port 35905] INFO  net.NetworkTopologyImpl (NetworkTopologyImpl.java:add(112)) - Added a new node: /default-rack/542c7706-6f03-4002-aadb-418c9fc9cb26
2022-09-30 13:40:27,235 [IPC Server handler 13 on default port 35905] INFO  node.SCMNodeManager (SCMNodeManager.java:register(397)) - Registered Data node : 542c7706-6f03-4002-aadb-418c9fc9cb26{ip: 10.1.0.210, host: fv-az264-432.ca02foy5wcnuvlrvrz2wi3p2og.dx.internal.cloudapp.net, ports: [REPLICATION=42815, RATIS=37931, RATIS_ADMIN=37931, RATIS_SERVER=37931, STANDALONE=38243], networkLocation: /default-rack, certSerialId: null, persistedOpState: null, persistedOpStateExpiryEpochSec: 0}
2022-09-30 13:40:27,235 [EventQueue-NewNodeForNewNodeHandler] INFO  pipeline.BackgroundPipelineCreator (BackgroundPipelineCreator.java:notifyEventTriggered(276)) - trigger a one-shot run on RatisPipelineUtilsThread.
2022-09-30 13:40:27,235 [RatisPipelineUtilsThread - 0] INFO  pipeline.RatisPipelineProvider (RatisPipelineProvider.java:lambda$create$0(195)) - Sending CreatePipelineCommand for pipeline:PipelineID=77d59a88-2c45-48e9-b11c-f543ddaffd2d to datanode:542c7706-6f03-4002-aadb-418c9fc9cb26
2022-09-30 13:40:27,236 [RatisPipelineUtilsThread - 0] INFO  pipeline.PipelineStateManagerImpl (PipelineStateManagerImpl.java:addPipeline(103)) - Created pipeline Pipeline[ Id: 77d59a88-2c45-48e9-b11c-f543ddaffd2d, Nodes: 542c7706-6f03-4002-aadb-418c9fc9cb26{ip: 10.1.0.210, host: fv-az264-432.ca02foy5wcnuvlrvrz2wi3p2og.dx.internal.cloudapp.net, ports: [REPLICATION=42815, RATIS=37931, RATIS_ADMIN=37931, RATIS_SERVER=37931, STANDALONE=38243], networkLocation: /default-rack, certSerialId: null, persistedOpState: IN_SERVICE, persistedOpStateExpiryEpochSec: 0}, ReplicationConfig: RATIS/ONE, State:ALLOCATED, leaderId:, CreationTimestamp2022-09-30T13:40:27.235Z[Etc/UTC]].
2022-09-30 13:40:27,495 [Listener at 127.0.0.1/46717] INFO  ozone.MiniOzoneClusterImpl (MiniOzoneClusterImpl.java:lambda$waitForClusterToBeReady$0(216)) - Waiting for nodes to be ready. Got 4 of 7 DN Heartbeats.
2022-09-30 13:40:27,496 [Listener at 127.0.0.1/46717] INFO  ozone.MiniOzoneClusterImpl (MiniOzoneClusterImpl.java:lambda$waitForClusterToBeReady$0(219)) - Waiting for cluster to exit safe mode
2022-09-30 13:40:27,496 [Listener at 127.0.0.1/46717] INFO  ozone.MiniOzoneClusterImpl (MiniOzoneClusterImpl.java:lambda$waitForClusterToBeReady$0(221)) - SCM became leader
2022-09-30 13:40:27,642 [IPC Server handler 16 on default port 35905] INFO  net.NetworkTopologyImpl (NetworkTopologyImpl.java:add(112)) - Added a new node: /default-rack/c604563f-8b94-483f-a354-2ed29e633e80
2022-09-30 13:40:27,644 [IPC Server handler 16 on default port 35905] INFO  node.SCMNodeManager (SCMNodeManager.java:register(397)) - Registered Data node : c604563f-8b94-483f-a354-2ed29e633e80{ip: 10.1.0.210, host: fv-az264-432.ca02foy5wcnuvlrvrz2wi3p2og.dx.internal.cloudapp.net, ports: [REPLICATION=41739, RATIS=36125, RATIS_ADMIN=36125, RATIS_SERVER=36125, STANDALONE=37547], networkLocation: /default-rack, certSerialId: null, persistedOpState: null, persistedOpStateExpiryEpochSec: 0}
2022-09-30 13:40:27,645 [EventQueue-NewNodeForNewNodeHandler] INFO  pipeline.BackgroundPipelineCreator (BackgroundPipelineCreator.java:notifyEventTriggered(276)) - trigger a one-shot run on RatisPipelineUtilsThread.
2022-09-30 13:40:27,645 [RatisPipelineUtilsThread - 0] INFO  pipeline.RatisPipelineProvider (RatisPipelineProvider.java:lambda$create$0(195)) - Sending CreatePipelineCommand for pipeline:PipelineID=acfbc123-0b4c-49f4-b445-cc8367c11690 to datanode:c604563f-8b94-483f-a354-2ed29e633e80
2022-09-30 13:40:27,646 [RatisPipelineUtilsThread - 0] INFO  pipeline.PipelineStateManagerImpl (PipelineStateManagerImpl.java:addPipeline(103)) - Created pipeline Pipeline[ Id: acfbc123-0b4c-49f4-b445-cc8367c11690, Nodes: c604563f-8b94-483f-a354-2ed29e633e80{ip: 10.1.0.210, host: fv-az264-432.ca02foy5wcnuvlrvrz2wi3p2og.dx.internal.cloudapp.net, ports: [REPLICATION=41739, RATIS=36125, RATIS_ADMIN=36125, RATIS_SERVER=36125, STANDALONE=37547], networkLocation: /default-rack, certSerialId: null, persistedOpState: IN_SERVICE, persistedOpStateExpiryEpochSec: 0}, ReplicationConfig: RATIS/ONE, State:ALLOCATED, leaderId:, CreationTimestamp2022-09-30T13:40:27.645Z[Etc/UTC]].
2022-09-30 13:40:27,971 [ReplicationMonitor] INFO  replication.ReplicationManager (ReplicationManager.java:processAll(291)) - Replication Manager is not ready to run until 3000ms after safemode exit
2022-09-30 13:40:28,092 [IPC Server handler 13 on default port 35905] INFO  net.NetworkTopologyImpl (NetworkTopologyImpl.java:add(112)) - Added a new node: /default-rack/43811407-7c21-4fcd-ab69-dbd9b60ed504
2022-09-30 13:40:28,093 [IPC Server handler 13 on default port 35905] INFO  node.SCMNodeManager (SCMNodeManager.java:register(397)) - Registered Data node : 43811407-7c21-4fcd-ab69-dbd9b60ed504{ip: 10.1.0.210, host: fv-az264-432.ca02foy5wcnuvlrvrz2wi3p2og.dx.internal.cloudapp.net, ports: [REPLICATION=35185, RATIS=42941, RATIS_ADMIN=42941, RATIS_SERVER=42941, STANDALONE=35079], networkLocation: /default-rack, certSerialId: null, persistedOpState: null, persistedOpStateExpiryEpochSec: 0}
2022-09-30 13:40:28,093 [EventQueue-NewNodeForNewNodeHandler] INFO  pipeline.BackgroundPipelineCreator (BackgroundPipelineCreator.java:notifyEventTriggered(276)) - trigger a one-shot run on RatisPipelineUtilsThread.
2022-09-30 13:40:28,093 [RatisPipelineUtilsThread - 0] INFO  pipeline.RatisPipelineProvider (RatisPipelineProvider.java:lambda$create$0(195)) - Sending CreatePipelineCommand for pipeline:PipelineID=1d15c82b-7007-4ea5-930d-689039bf4234 to datanode:43811407-7c21-4fcd-ab69-dbd9b60ed504
2022-09-30 13:40:28,094 [RatisPipelineUtilsThread - 0] INFO  pipeline.PipelineStateManagerImpl (PipelineStateManagerImpl.java:addPipeline(103)) - Created pipeline Pipeline[ Id: 1d15c82b-7007-4ea5-930d-689039bf4234, Nodes: 43811407-7c21-4fcd-ab69-dbd9b60ed504{ip: 10.1.0.210, host: fv-az264-432.ca02foy5wcnuvlrvrz2wi3p2og.dx.internal.cloudapp.net, ports: [REPLICATION=35185, RATIS=42941, RATIS_ADMIN=42941, RATIS_SERVER=42941, STANDALONE=35079], networkLocation: /default-rack, certSerialId: null, persistedOpState: IN_SERVICE, persistedOpStateExpiryEpochSec: 0}, ReplicationConfig: RATIS/ONE, State:ALLOCATED, leaderId:, CreationTimestamp2022-09-30T13:40:28.093Z[Etc/UTC]].
2022-09-30 13:40:28,095 [RatisPipelineUtilsThread - 0] INFO  pipeline.RatisPipelineProvider (RatisPipelineProvider.java:lambda$create$0(195)) - Sending CreatePipelineCommand for pipeline:PipelineID=abe80a8b-6cb2-4e64-a615-421c2e2eb869 to datanode:c604563f-8b94-483f-a354-2ed29e633e80
2022-09-30 13:40:28,095 [RatisPipelineUtilsThread - 0] INFO  pipeline.RatisPipelineProvider (RatisPipelineProvider.java:lambda$create$0(195)) - Sending CreatePipelineCommand for pipeline:PipelineID=abe80a8b-6cb2-4e64-a615-421c2e2eb869 to datanode:542c7706-6f03-4002-aadb-418c9fc9cb26
2022-09-30 13:40:28,095 [RatisPipelineUtilsThread - 0] INFO  pipeline.RatisPipelineProvider (RatisPipelineProvider.java:lambda$create$0(195)) - Sending CreatePipelineCommand for pipeline:PipelineID=abe80a8b-6cb2-4e64-a615-421c2e2eb869 to datanode:43811407-7c21-4fcd-ab69-dbd9b60ed504
2022-09-30 13:40:28,096 [RatisPipelineUtilsThread - 0] INFO  pipeline.PipelineStateManagerImpl (PipelineStateManagerImpl.java:addPipeline(103)) - Created pipeline Pipeline[ Id: abe80a8b-6cb2-4e64-a615-421c2e2eb869, Nodes: c604563f-8b94-483f-a354-2ed29e633e80{ip: 10.1.0.210, host: fv-az264-432.ca02foy5wcnuvlrvrz2wi3p2og.dx.internal.cloudapp.net, ports: [REPLICATION=41739, RATIS=36125, RATIS_ADMIN=36125, RATIS_SERVER=36125, STANDALONE=37547], networkLocation: /default-rack, certSerialId: null, persistedOpState: IN_SERVICE, persistedOpStateExpiryEpochSec: 0}542c7706-6f03-4002-aadb-418c9fc9cb26{ip: 10.1.0.210, host: fv-az264-432.ca02foy5wcnuvlrvrz2wi3p2og.dx.internal.cloudapp.net, ports: [REPLICATION=42815, RATIS=37931, RATIS_ADMIN=37931, RATIS_SERVER=37931, STANDALONE=38243], networkLocation: /default-rack, certSerialId: null, persistedOpState: IN_SERVICE, persistedOpStateExpiryEpochSec: 0}43811407-7c21-4fcd-ab69-dbd9b60ed504{ip: 10.1.0.210, host: fv-az264-432.ca02foy5wcnuvlrvrz2wi3p2og.dx.internal.cloudapp.net, ports: [REPLICATION=35185, RATIS=42941, RATIS_ADMIN=42941, RATIS_SERVER=42941, STANDALONE=35079], networkLocation: /default-rack, certSerialId: null, persistedOpState: IN_SERVICE, persistedOpStateExpiryEpochSec: 0}, ReplicationConfig: RATIS/THREE, State:ALLOCATED, leaderId:, CreationTimestamp2022-09-30T13:40:28.095Z[Etc/UTC]].
2022-09-30 13:40:28,496 [Listener at 127.0.0.1/46717] INFO  ozone.MiniOzoneClusterImpl (MiniOzoneClusterImpl.java:lambda$waitForClusterToBeReady$0(216)) - Waiting for nodes to be ready. Got 6 of 7 DN Heartbeats.
2022-09-30 13:40:28,498 [Listener at 127.0.0.1/46717] INFO  ozone.MiniOzoneClusterImpl (MiniOzoneClusterImpl.java:lambda$waitForClusterToBeReady$0(219)) - Waiting for cluster to exit safe mode
2022-09-30 13:40:28,498 [Listener at 127.0.0.1/46717] INFO  ozone.MiniOzoneClusterImpl (MiniOzoneClusterImpl.java:lambda$waitForClusterToBeReady$0(221)) - SCM became leader
2022-09-30 13:40:28,503 [IPC Server handler 17 on default port 35905] INFO  net.NetworkTopologyImpl (NetworkTopologyImpl.java:add(112)) - Added a new node: /default-rack/93a726fc-a128-4d5e-9b28-98a1d7a8eb0c
2022-09-30 13:40:28,504 [IPC Server handler 17 on default port 35905] INFO  node.SCMNodeManager (SCMNodeManager.java:register(397)) - Registered Data node : 93a726fc-a128-4d5e-9b28-98a1d7a8eb0c{ip: 10.1.0.210, host: fv-az264-432.ca02foy5wcnuvlrvrz2wi3p2og.dx.internal.cloudapp.net, ports: [REPLICATION=34975, RATIS=43289, RATIS_ADMIN=43289, RATIS_SERVER=43289, STANDALONE=44081], networkLocation: /default-rack, certSerialId: null, persistedOpState: null, persistedOpStateExpiryEpochSec: 0}
2022-09-30 13:40:28,505 [EventQueue-NewNodeForNewNodeHandler] INFO  pipeline.BackgroundPipelineCreator (BackgroundPipelineCreator.java:notifyEventTriggered(276)) - trigger a one-shot run on RatisPipelineUtilsThread.
2022-09-30 13:40:28,505 [RatisPipelineUtilsThread - 0] INFO  pipeline.RatisPipelineProvider (RatisPipelineProvider.java:lambda$create$0(195)) - Sending CreatePipelineCommand for pipeline:PipelineID=06ef1021-4f37-49d0-bc15-c6b343c9cdd9 to datanode:93a726fc-a128-4d5e-9b28-98a1d7a8eb0c
2022-09-30 13:40:28,506 [RatisPipelineUtilsThread - 0] INFO  pipeline.PipelineStateManagerImpl (PipelineStateManagerImpl.java:addPipeline(103)) - Created pipeline Pipeline[ Id: 06ef1021-4f37-49d0-bc15-c6b343c9cdd9, Nodes: 93a726fc-a128-4d5e-9b28-98a1d7a8eb0c{ip: 10.1.0.210, host: fv-az264-432.ca02foy5wcnuvlrvrz2wi3p2og.dx.internal.cloudapp.net, ports: [REPLICATION=34975, RATIS=43289, RATIS_ADMIN=43289, RATIS_SERVER=43289, STANDALONE=44081], networkLocation: /default-rack, certSerialId: null, persistedOpState: IN_SERVICE, persistedOpStateExpiryEpochSec: 0}, ReplicationConfig: RATIS/ONE, State:ALLOCATED, leaderId:, CreationTimestamp2022-09-30T13:40:28.505Z[Etc/UTC]].
2022-09-30 13:40:28,910 [Command processor thread] INFO  server.RaftServer (RaftServerProxy.java:addNew(96)) - 62666bfa-5b48-4194-8431-0a6941154381: addNew group-C1A62CF0FA15:[62666bfa-5b48-4194-8431-0a6941154381|rpc:10.1.0.210:41785|priority:1] returns group-C1A62CF0FA15:java.util.concurrent.CompletableFuture@228837b5[Not completed]
2022-09-30 13:40:28,921 [pool-72-thread-1] INFO  server.RaftServer$Division (RaftServerImpl.java:<init>(190)) - 62666bfa-5b48-4194-8431-0a6941154381: new RaftServerImpl for group-C1A62CF0FA15:[62666bfa-5b48-4194-8431-0a6941154381|rpc:10.1.0.210:41785|priority:1] with ContainerStateMachine:uninitialized
2022-09-30 13:40:28,921 [pool-72-thread-1] INFO  server.RaftServerConfigKeys (ConfUtils.java:logGet(46)) - raft.server.rpc.timeout.min = 5s (custom)
2022-09-30 13:40:28,922 [pool-72-thread-1] INFO  server.RaftServerConfigKeys (ConfUtils.java:logGet(46)) - raft.server.rpc.timeout.max = 5200ms (custom)
2022-09-30 13:40:28,922 [pool-72-thread-1] INFO  server.RaftServerConfigKeys (ConfUtils.java:logGet(46)) - raft.server.rpc.sleep.time = 25ms (default)
2022-09-30 13:40:28,922 [pool-72-thread-1] INFO  server.RaftServerConfigKeys (ConfUtils.java:logGet(46)) - raft.server.rpc.slowness.timeout = 300s (custom)
2022-09-30 13:40:28,922 [pool-72-thread-1] INFO  server.RaftServerConfigKeys (ConfUtils.java:logGet(46)) - raft.server.leaderelection.leader.step-down.wait-time = 10s (default)
2022-09-30 13:40:28,922 [pool-72-thread-1] INFO  server.RaftServerConfigKeys (ConfUtils.java:logGet(46)) - raft.server.sleep.deviation.threshold = 300ms (default)
2022-09-30 13:40:28,922 [pool-72-thread-1] INFO  server.RaftServer$Division (ServerState.java:<init>(107)) - 62666bfa-5b48-4194-8431-0a6941154381@group-C1A62CF0FA15: ConfigurationManager, init=-1: [62666bfa-5b48-4194-8431-0a6941154381|rpc:10.1.0.210:41785|priority:1], old=null, confs=<EMPTY_MAP>
2022-09-30 13:40:28,922 [pool-72-thread-1] INFO  server.RaftServerConfigKeys (ConfUtils.java:logGet(46)) - raft.server.storage.dir = [/home/runner/work/ozone/ozone/hadoop-ozone/integration-test/target/test-dir/MiniOzoneClusterImpl-8c4c252e-cda6-42f5-b80f-9d168f3e16cf/datanode-0/data/ratis] (custom)
2022-09-30 13:40:28,922 [pool-72-thread-1] INFO  server.RaftServerConfigKeys (ConfUtils.java:logGet(46)) - raft.server.log.corruption.policy = EXCEPTION (default)
2022-09-30 13:40:28,922 [pool-72-thread-1] INFO  server.RaftServerConfigKeys (ConfUtils.java:logGet(46)) - raft.server.storage.free-space.min = 0MB (=0) (default)
2022-09-30 13:40:28,922 [pool-72-thread-1] INFO  storage.RaftStorageDirectory (RaftStorageDirectoryImpl.java:analyzeStorage(135)) - The storage directory /home/runner/work/ozone/ozone/hadoop-ozone/integration-test/target/test-dir/MiniOzoneClusterImpl-8c4c252e-cda6-42f5-b80f-9d168f3e16cf/datanode-0/data/ratis/4c7b28f9-9e97-4236-a1f2-c1a62cf0fa15 does not exist. Creating ...
2022-09-30 13:40:28,925 [pool-72-thread-1] INFO  storage.RaftStorageDirectory (RaftStorageDirectoryImpl.java:tryLock(230)) - Lock on /home/runner/work/ozone/ozone/hadoop-ozone/integration-test/target/test-dir/MiniOzoneClusterImpl-8c4c252e-cda6-42f5-b80f-9d168f3e16cf/datanode-0/data/ratis/4c7b28f9-9e97-4236-a1f2-c1a62cf0fa15/in_use.lock acquired by nodename 61277@fv-az264-432
2022-09-30 13:40:28,926 [pool-72-thread-1] INFO  storage.RaftStorage (RaftStorageImpl.java:format(89)) - Storage directory /home/runner/work/ozone/ozone/hadoop-ozone/integration-test/target/test-dir/MiniOzoneClusterImpl-8c4c252e-cda6-42f5-b80f-9d168f3e16cf/datanode-0/data/ratis/4c7b28f9-9e97-4236-a1f2-c1a62cf0fa15 has been successfully formatted.
2022-09-30 13:40:28,929 [pool-72-thread-1] INFO  ratis.ContainerStateMachine (ContainerStateMachine.java:loadSnapshot(236)) - group-C1A62CF0FA15: The snapshot info is null. Setting the last applied indexto:(t:0, i:~)
2022-09-30 13:40:28,929 [pool-72-thread-1] INFO  server.RaftServerConfigKeys (ConfUtils.java:logGet(46)) - raft.server.notification.no-leader.timeout = 300s (custom)
2022-09-30 13:40:28,929 [pool-72-thread-1] INFO  server.RaftServerConfigKeys (ConfUtils.java:logGet(46)) - raft.server.log.use.memory = false (default)
2022-09-30 13:40:28,929 [pool-72-thread-1] INFO  server.RaftServerConfigKeys (ConfUtils.java:logGet(46)) - raft.server.log.purge.gap = 1000000 (custom)
2022-09-30 13:40:28,929 [pool-72-thread-1] INFO  server.RaftServerConfigKeys (ConfUtils.java:logGet(46)) - raft.server.log.appender.buffer.byte-limit = 33554432 (custom)
2022-09-30 13:40:28,929 [pool-72-thread-1] INFO  server.RaftServerConfigKeys (ConfUtils.java:logGet(46)) - raft.server.log.statemachine.data.read.timeout = 1000ms (default)
2022-09-30 13:40:28,929 [pool-72-thread-1] INFO  server.RaftServerConfigKeys (ConfUtils.java:logGet(46)) - raft.server.log.segment.size.max = 1048576 (custom)
2022-09-30 13:40:28,933 [EventQueue-PipelineReportForPipelineReportHandler] INFO  pipeline.PipelineManagerImpl (PipelineManagerImpl.java:openPipeline(367)) - Pipeline Pipeline[ Id: 4c7b28f9-9e97-4236-a1f2-c1a62cf0fa15, Nodes: 62666bfa-5b48-4194-8431-0a6941154381{ip: 10.1.0.210, host: fv-az264-432.ca02foy5wcnuvlrvrz2wi3p2og.dx.internal.cloudapp.net, ports: [REPLICATION=41651, RATIS=41785, RATIS_ADMIN=41785, RATIS_SERVER=41785, STANDALONE=43973], networkLocation: /default-rack, certSerialId: null, persistedOpState: IN_SERVICE, persistedOpStateExpiryEpochSec: 0}, ReplicationConfig: RATIS/ONE, State:ALLOCATED, leaderId:62666bfa-5b48-4194-8431-0a6941154381, CreationTimestamp2022-09-30T13:40:25.898Z[Etc/UTC]] moved to OPEN state
2022-09-30 13:40:28,936 [pool-72-thread-1] INFO  server.RaftServerConfigKeys (ConfUtils.java:logGet(46)) - raft.server.log.segment.cache.num.max = 2 (custom)
2022-09-30 13:40:28,937 [pool-72-thread-1] INFO  server.RaftServerConfigKeys (ConfUtils.java:logGet(46)) - raft.server.log.segment.cache.size.max = 200MB (=209715200) (default)
2022-09-30 13:40:28,937 [pool-72-thread-1] INFO  segmented.SegmentedRaftLogWorker (SegmentedRaftLogWorker.java:<init>(187)) - new 62666bfa-5b48-4194-8431-0a6941154381@group-C1A62CF0FA15-SegmentedRaftLogWorker for RaftStorageImpl:Storage Directory /home/runner/work/ozone/ozone/hadoop-ozone/integration-test/target/test-dir/MiniOzoneClusterImpl-8c4c252e-cda6-42f5-b80f-9d168f3e16cf/datanode-0/data/ratis/4c7b28f9-9e97-4236-a1f2-c1a62cf0fa15
2022-09-30 13:40:28,937 [pool-72-thread-1] INFO  server.RaftServerConfigKeys (ConfUtils.java:logGet(46)) - raft.server.log.queue.byte-limit = 4294967296 (custom)
2022-09-30 13:40:28,937 [pool-72-thread-1] INFO  server.RaftServerConfigKeys (ConfUtils.java:logGet(46)) - raft.server.log.queue.element-limit = 1024 (custom)
2022-09-30 13:40:28,937 [pool-72-thread-1] INFO  server.RaftServerConfigKeys (ConfUtils.java:logGet(46)) - raft.server.log.segment.size.max = 1048576 (custom)
2022-09-30 13:40:28,937 [pool-72-thread-1] INFO  server.RaftServerConfigKeys (ConfUtils.java:logGet(46)) - raft.server.log.preallocated.size = 16384 (custom)
2022-09-30 13:40:28,937 [pool-72-thread-1] INFO  server.RaftServerConfigKeys (ConfUtils.java:logGet(46)) - raft.server.log.force.sync.num = 128 (default)
2022-09-30 13:40:28,937 [pool-72-thread-1] INFO  server.RaftServerConfigKeys (ConfUtils.java:logGet(46)) - raft.server.log.statemachine.data.sync = true (default)
2022-09-30 13:40:28,937 [pool-72-thread-1] INFO  server.RaftServerConfigKeys (ConfUtils.java:logGet(46)) - raft.server.log.statemachine.data.sync.timeout = 10s (default)
2022-09-30 13:40:28,937 [EventQueue-OpenPipelineForHealthyPipelineSafeModeRule] INFO  safemode.SCMSafeModeManager (HealthyPipelineSafeModeRule.java:process(137)) - SCM in safe mode. Healthy pipelines reported count is 0, required healthy pipeline reported count is 1
2022-09-30 13:40:28,938 [pool-72-thread-1] INFO  server.RaftServerConfigKeys (ConfUtils.java:logGet(46)) - raft.server.log.statemachine.data.sync.timeout.retry = -1 (default)
2022-09-30 13:40:28,940 [pool-72-thread-1] INFO  server.RaftServerConfigKeys (ConfUtils.java:logGet(46)) - raft.server.log.write.buffer.size = 1048576 (custom)
2022-09-30 13:40:28,941 [pool-72-thread-1] INFO  server.RaftServerConfigKeys (ConfUtils.java:logGet(46)) - raft.server.log.unsafe-flush.enabled = false (default)
2022-09-30 13:40:28,941 [pool-72-thread-1] INFO  server.RaftServerConfigKeys (ConfUtils.java:logGet(46)) - raft.server.log.statemachine.data.caching.enabled = true (custom)
2022-09-30 13:40:28,941 [pool-72-thread-1] INFO  segmented.SegmentedRaftLogWorker (SegmentedRaftLogWorker.java:lambda$new$0(135)) - 62666bfa-5b48-4194-8431-0a6941154381@group-C1A62CF0FA15-SegmentedRaftLogWorker: flushIndex: setUnconditionally 0 -> -1
2022-09-30 13:40:28,941 [pool-72-thread-1] INFO  segmented.SegmentedRaftLogWorker (SegmentedRaftLogWorker.java:lambda$new$0(135)) - 62666bfa-5b48-4194-8431-0a6941154381@group-C1A62CF0FA15-SegmentedRaftLogWorker: safeCacheEvictIndex: setUnconditionally 0 -> -1
2022-09-30 13:40:28,941 [pool-72-thread-1] INFO  server.RaftServerConfigKeys (ConfUtils.java:logGet(46)) - raft.server.snapshot.auto.trigger.enabled = true (custom)
2022-09-30 13:40:28,941 [pool-72-thread-1] INFO  server.RaftServerConfigKeys (ConfUtils.java:logGet(46)) - raft.server.snapshot.auto.trigger.threshold = 10000 (custom)
2022-09-30 13:40:28,942 [pool-72-thread-1] INFO  server.RaftServerConfigKeys (ConfUtils.java:logGet(46)) - raft.server.snapshot.retention.file.num = 5 (custom)
2022-09-30 13:40:28,942 [pool-72-thread-1] INFO  server.RaftServerConfigKeys (ConfUtils.java:logGet(46)) - raft.server.log.purge.upto.snapshot.index = false (default)
2022-09-30 13:40:28,942 [pool-72-thread-1] INFO  server.RaftServerConfigKeys (ConfUtils.java:logGet(46)) - raft.server.retrycache.expirytime = 600000ms (custom)
2022-09-30 13:40:28,942 [pool-72-thread-1] INFO  server.RaftServerConfigKeys (ConfUtils.java:logGet(46)) - raft.server.retrycache.statistics.expirytime = 100μs (default)
2022-09-30 13:40:28,944 [pool-72-thread-1] INFO  server.RaftServerConfigKeys (ConfUtils.java:logGet(46)) - raft.server.log.appender.install.snapshot.enabled = false (custom)
2022-09-30 13:40:28,945 [pool-72-thread-1] INFO  server.RaftServerConfigKeys (ConfUtils.java:logGet(46)) - raft.server.threadpool.server.cached = true (default)
2022-09-30 13:40:28,945 [pool-72-thread-1] INFO  server.RaftServerConfigKeys (ConfUtils.java:logGet(46)) - raft.server.threadpool.server.size = 0 (default)
2022-09-30 13:40:28,945 [pool-72-thread-1] INFO  server.RaftServerConfigKeys (ConfUtils.java:logGet(46)) - raft.server.threadpool.client.cached = true (default)
2022-09-30 13:40:28,945 [pool-72-thread-1] INFO  server.RaftServerConfigKeys (ConfUtils.java:logGet(46)) - raft.server.threadpool.client.size = 0 (default)
2022-09-30 13:40:28,945 [pool-72-thread-1] INFO  server.RaftServer$Division (RaftServerImpl.java:start(310)) - 62666bfa-5b48-4194-8431-0a6941154381@group-C1A62CF0FA15: start as a follower, conf=-1: [62666bfa-5b48-4194-8431-0a6941154381|rpc:10.1.0.210:41785|priority:1], old=null
2022-09-30 13:40:28,945 [pool-72-thread-1] INFO  server.RaftServer$Division (RaftServerImpl.java:setRole(299)) - 62666bfa-5b48-4194-8431-0a6941154381@group-C1A62CF0FA15: changes role from      null to FOLLOWER at term 0 for startAsFollower
2022-09-30 13:40:28,945 [pool-72-thread-1] INFO  impl.RoleInfo (RoleInfo.java:updateAndGet(139)) - 62666bfa-5b48-4194-8431-0a6941154381: start 62666bfa-5b48-4194-8431-0a6941154381@group-C1A62CF0FA15-FollowerState
2022-09-30 13:40:28,946 [pool-72-thread-1] INFO  util.JmxRegister (JmxRegister.java:tryRegister(44)) - Successfully registered JMX Bean with object name Ratis:service=RaftServer,group=group-C1A62CF0FA15,id=62666bfa-5b48-4194-8431-0a6941154381
2022-09-30 13:40:28,957 [Command processor thread] INFO  ratis.XceiverServerRatis (XceiverServerRatis.java:addGroup(765)) - Created group PipelineID=4c7b28f9-9e97-4236-a1f2-c1a62cf0fa15
2022-09-30 13:40:28,958 [Command processor thread] INFO  commandhandler.CreatePipelineCommandHandler (CreatePipelineCommandHandler.java:handle(113)) - Created Pipeline RATIS ONE PipelineID=4c7b28f9-9e97-4236-a1f2-c1a62cf0fa15.
2022-09-30 13:40:28,959 [Command processor thread] INFO  server.RaftServer (RaftServerProxy.java:addNew(96)) - 62666bfa-5b48-4194-8431-0a6941154381: addNew group-3F213833E1F5:[97e8c787-6023-4421-819a-0b5ced458c94|rpc:10.1.0.210:36437|priority:0, 63487312-87aa-4652-9988-76e01a899b42|rpc:10.1.0.210:39059|priority:1, 62666bfa-5b48-4194-8431-0a6941154381|rpc:10.1.0.210:41785|priority:0] returns group-3F213833E1F5:java.util.concurrent.CompletableFuture@55d40894[Not completed]
2022-09-30 13:40:28,960 [pool-72-thread-1] INFO  server.RaftServer$Division (RaftServerImpl.java:<init>(190)) - 62666bfa-5b48-4194-8431-0a6941154381: new RaftServerImpl for group-3F213833E1F5:[97e8c787-6023-4421-819a-0b5ced458c94|rpc:10.1.0.210:36437|priority:0, 63487312-87aa-4652-9988-76e01a899b42|rpc:10.1.0.210:39059|priority:1, 62666bfa-5b48-4194-8431-0a6941154381|rpc:10.1.0.210:41785|priority:0] with ContainerStateMachine:uninitialized
2022-09-30 13:40:28,960 [pool-72-thread-1] INFO  server.RaftServerConfigKeys (ConfUtils.java:logGet(46)) - raft.server.rpc.timeout.min = 5s (custom)
2022-09-30 13:40:28,961 [pool-72-thread-1] INFO  server.RaftServerConfigKeys (ConfUtils.java:logGet(46)) - raft.server.rpc.timeout.max = 5200ms (custom)
2022-09-30 13:40:28,961 [pool-72-thread-1] INFO  server.RaftServerConfigKeys (ConfUtils.java:logGet(46)) - raft.server.rpc.sleep.time = 25ms (default)
2022-09-30 13:40:28,961 [pool-72-thread-1] INFO  server.RaftServerConfigKeys (ConfUtils.java:logGet(46)) - raft.server.rpc.slowness.timeout = 300s (custom)
2022-09-30 13:40:28,961 [pool-72-thread-1] INFO  server.RaftServerConfigKeys (ConfUtils.java:logGet(46)) - raft.server.leaderelection.leader.step-down.wait-time = 10s (default)
2022-09-30 13:40:28,961 [pool-72-thread-1] INFO  server.RaftServerConfigKeys (ConfUtils.java:logGet(46)) - raft.server.sleep.deviation.threshold = 300ms (default)
2022-09-30 13:40:28,961 [pool-72-thread-1] INFO  server.RaftServer$Division (ServerState.java:<init>(107)) - 62666bfa-5b48-4194-8431-0a6941154381@group-3F213833E1F5: ConfigurationManager, init=-1: [97e8c787-6023-4421-819a-0b5ced458c94|rpc:10.1.0.210:36437|priority:0, 63487312-87aa-4652-9988-76e01a899b42|rpc:10.1.0.210:39059|priority:1, 62666bfa-5b48-4194-8431-0a6941154381|rpc:10.1.0.210:41785|priority:0], old=null, confs=<EMPTY_MAP>
2022-09-30 13:40:28,961 [pool-72-thread-1] INFO  server.RaftServerConfigKeys (ConfUtils.java:logGet(46)) - raft.server.storage.dir = [/home/runner/work/ozone/ozone/hadoop-ozone/integration-test/target/test-dir/MiniOzoneClusterImpl-8c4c252e-cda6-42f5-b80f-9d168f3e16cf/datanode-0/data/ratis] (custom)
2022-09-30 13:40:28,961 [pool-72-thread-1] INFO  server.RaftServerConfigKeys (ConfUtils.java:logGet(46)) - raft.server.log.corruption.policy = EXCEPTION (default)
2022-09-30 13:40:28,961 [pool-72-thread-1] INFO  server.RaftServerConfigKeys (ConfUtils.java:logGet(46)) - raft.server.storage.free-space.min = 0MB (=0) (default)
2022-09-30 13:40:28,961 [pool-72-thread-1] INFO  storage.RaftStorageDirectory (RaftStorageDirectoryImpl.java:analyzeStorage(135)) - The storage directory /home/runner/work/ozone/ozone/hadoop-ozone/integration-test/target/test-dir/MiniOzoneClusterImpl-8c4c252e-cda6-42f5-b80f-9d168f3e16cf/datanode-0/data/ratis/9504cae7-2c67-458d-bacc-3f213833e1f5 does not exist. Creating ...
2022-09-30 13:40:28,963 [pool-72-thread-1] INFO  storage.RaftStorageDirectory (RaftStorageDirectoryImpl.java:tryLock(230)) - Lock on /home/runner/work/ozone/ozone/hadoop-ozone/integration-test/target/test-dir/MiniOzoneClusterImpl-8c4c252e-cda6-42f5-b80f-9d168f3e16cf/datanode-0/data/ratis/9504cae7-2c67-458d-bacc-3f213833e1f5/in_use.lock acquired by nodename 61277@fv-az264-432
2022-09-30 13:40:28,964 [pool-72-thread-1] INFO  storage.RaftStorage (RaftStorageImpl.java:format(89)) - Storage directory /home/runner/work/ozone/ozone/hadoop-ozone/integration-test/target/test-dir/MiniOzoneClusterImpl-8c4c252e-cda6-42f5-b80f-9d168f3e16cf/datanode-0/data/ratis/9504cae7-2c67-458d-bacc-3f213833e1f5 has been successfully formatted.
2022-09-30 13:40:28,965 [pool-72-thread-1] INFO  ratis.ContainerStateMachine (ContainerStateMachine.java:loadSnapshot(236)) - group-3F213833E1F5: The snapshot info is null. Setting the last applied indexto:(t:0, i:~)
2022-09-30 13:40:28,965 [pool-72-thread-1] INFO  server.RaftServerConfigKeys (ConfUtils.java:logGet(46)) - raft.server.notification.no-leader.timeout = 300s (custom)
2022-09-30 13:40:28,965 [pool-72-thread-1] INFO  server.RaftServerConfigKeys (ConfUtils.java:logGet(46)) - raft.server.log.use.memory = false (default)
2022-09-30 13:40:28,965 [pool-72-thread-1] INFO  server.RaftServerConfigKeys (ConfUtils.java:logGet(46)) - raft.server.log.purge.gap = 1000000 (custom)
2022-09-30 13:40:28,965 [pool-72-thread-1] INFO  server.RaftServerConfigKeys (ConfUtils.java:logGet(46)) - raft.server.log.appender.buffer.byte-limit = 33554432 (custom)
2022-09-30 13:40:28,968 [pool-72-thread-1] INFO  server.RaftServerConfigKeys (ConfUtils.java:logGet(46)) - raft.server.log.statemachine.data.read.timeout = 1000ms (default)
2022-09-30 13:40:28,971 [ReplicationMonitor] INFO  replication.ReplicationManager (ReplicationManager.java:processAll(291)) - Replication Manager is not ready to run until 3000ms after safemode exit
2022-09-30 13:40:28,969 [EventQueue-OpenPipelineForHealthyPipelineSafeModeRule] INFO  safemode.SCMSafeModeManager (HealthyPipelineSafeModeRule.java:process(137)) - SCM in safe mode. Healthy pipelines reported count is 0, required healthy pipeline reported count is 1
2022-09-30 13:40:28,973 [pool-72-thread-1] INFO  server.RaftServerConfigKeys (ConfUtils.java:logGet(46)) - raft.server.log.segment.size.max = 1048576 (custom)
2022-09-30 13:40:28,973 [pool-72-thread-1] INFO  server.RaftServerConfigKeys (ConfUtils.java:logGet(46)) - raft.server.log.segment.cache.num.max = 2 (custom)
2022-09-30 13:40:28,973 [pool-72-thread-1] INFO  server.RaftServerConfigKeys (ConfUtils.java:logGet(46)) - raft.server.log.segment.cache.size.max = 200MB (=209715200) (default)
2022-09-30 13:40:28,973 [pool-72-thread-1] INFO  segmented.SegmentedRaftLogWorker (SegmentedRaftLogWorker.java:<init>(187)) - new 62666bfa-5b48-4194-8431-0a6941154381@group-3F213833E1F5-SegmentedRaftLogWorker for RaftStorageImpl:Storage Directory /home/runner/work/ozone/ozone/hadoop-ozone/integration-test/target/test-dir/MiniOzoneClusterImpl-8c4c252e-cda6-42f5-b80f-9d168f3e16cf/datanode-0/data/ratis/9504cae7-2c67-458d-bacc-3f213833e1f5
2022-09-30 13:40:28,974 [pool-72-thread-1] INFO  server.RaftServerConfigKeys (ConfUtils.java:logGet(46)) - raft.server.log.queue.byte-limit = 4294967296 (custom)
2022-09-30 13:40:28,974 [pool-72-thread-1] INFO  server.RaftServerConfigKeys (ConfUtils.java:logGet(46)) - raft.server.log.queue.element-limit = 1024 (custom)
2022-09-30 13:40:28,974 [pool-72-thread-1] INFO  server.RaftServerConfigKeys (ConfUtils.java:logGet(46)) - raft.server.log.segment.size.max = 1048576 (custom)
2022-09-30 13:40:28,974 [pool-72-thread-1] INFO  server.RaftServerConfigKeys (ConfUtils.java:logGet(46)) - raft.server.log.preallocated.size = 16384 (custom)
2022-09-30 13:40:28,974 [pool-72-thread-1] INFO  server.RaftServerConfigKeys (ConfUtils.java:logGet(46)) - raft.server.log.force.sync.num = 128 (default)
2022-09-30 13:40:28,975 [pool-72-thread-1] INFO  server.RaftServerConfigKeys (ConfUtils.java:logGet(46)) - raft.server.log.statemachine.data.sync = true (default)
2022-09-30 13:40:28,975 [pool-72-thread-1] INFO  server.RaftServerConfigKeys (ConfUtils.java:logGet(46)) - raft.server.log.statemachine.data.sync.timeout = 10s (default)
2022-09-30 13:40:28,975 [pool-72-thread-1] INFO  server.RaftServerConfigKeys (ConfUtils.java:logGet(46)) - raft.server.log.statemachine.data.sync.timeout.retry = -1 (default)
2022-09-30 13:40:28,980 [pool-72-thread-1] INFO  server.RaftServerConfigKeys (ConfUtils.java:logGet(46)) - raft.server.log.write.buffer.size = 1048576 (custom)
2022-09-30 13:40:28,985 [pool-72-thread-1] INFO  server.RaftServerConfigKeys (ConfUtils.java:logGet(46)) - raft.server.log.unsafe-flush.enabled = false (default)
2022-09-30 13:40:28,986 [pool-72-thread-1] INFO  server.RaftServerConfigKeys (ConfUtils.java:logGet(46)) - raft.server.log.statemachine.data.caching.enabled = true (custom)
2022-09-30 13:40:28,986 [pool-72-thread-1] INFO  segmented.SegmentedRaftLogWorker (SegmentedRaftLogWorker.java:lambda$new$0(135)) - 62666bfa-5b48-4194-8431-0a6941154381@group-3F213833E1F5-SegmentedRaftLogWorker: flushIndex: setUnconditionally 0 -> -1
2022-09-30 13:40:28,986 [pool-72-thread-1] INFO  segmented.SegmentedRaftLogWorker (SegmentedRaftLogWorker.java:lambda$new$0(135)) - 62666bfa-5b48-4194-8431-0a6941154381@group-3F213833E1F5-SegmentedRaftLogWorker: safeCacheEvictIndex: setUnconditionally 0 -> -1
2022-09-30 13:40:28,986 [pool-72-thread-1] INFO  server.RaftServerConfigKeys (ConfUtils.java:logGet(46)) - raft.server.snapshot.auto.trigger.enabled = true (custom)
2022-09-30 13:40:28,987 [pool-72-thread-1] INFO  server.RaftServerConfigKeys (ConfUtils.java:logGet(46)) - raft.server.snapshot.auto.trigger.threshold = 10000 (custom)
2022-09-30 13:40:28,987 [pool-72-thread-1] INFO  server.RaftServerConfigKeys (ConfUtils.java:logGet(46)) - raft.server.snapshot.retention.file.num = 5 (custom)
2022-09-30 13:40:28,987 [pool-72-thread-1] INFO  server.RaftServerConfigKeys (ConfUtils.java:logGet(46)) - raft.server.log.purge.upto.snapshot.index = false (default)
2022-09-30 13:40:28,987 [pool-72-thread-1] INFO  server.RaftServerConfigKeys (ConfUtils.java:logGet(46)) - raft.server.retrycache.expirytime = 600000ms (custom)
2022-09-30 13:40:28,987 [pool-72-thread-1] INFO  server.RaftServerConfigKeys (ConfUtils.java:logGet(46)) - raft.server.retrycache.statistics.expirytime = 100μs (default)
2022-09-30 13:40:28,989 [pool-72-thread-1] INFO  server.RaftServerConfigKeys (ConfUtils.java:logGet(46)) - raft.server.log.appender.install.snapshot.enabled = false (custom)
2022-09-30 13:40:28,989 [pool-72-thread-1] INFO  server.RaftServerConfigKeys (ConfUtils.java:logGet(46)) - raft.server.threadpool.server.cached = true (default)
2022-09-30 13:40:28,989 [pool-72-thread-1] INFO  server.RaftServerConfigKeys (ConfUtils.java:logGet(46)) - raft.server.threadpool.server.size = 0 (default)
2022-09-30 13:40:28,989 [pool-72-thread-1] INFO  server.RaftServerConfigKeys (ConfUtils.java:logGet(46)) - raft.server.threadpool.client.cached = true (default)
2022-09-30 13:40:28,989 [pool-72-thread-1] INFO  server.RaftServerConfigKeys (ConfUtils.java:logGet(46)) - raft.server.threadpool.client.size = 0 (default)
2022-09-30 13:40:28,990 [pool-72-thread-1] INFO  server.RaftServer$Division (RaftServerImpl.java:start(310)) - 62666bfa-5b48-4194-8431-0a6941154381@group-3F213833E1F5: start as a follower, conf=-1: [97e8c787-6023-4421-819a-0b5ced458c94|rpc:10.1.0.210:36437|priority:0, 63487312-87aa-4652-9988-76e01a899b42|rpc:10.1.0.210:39059|priority:1, 62666bfa-5b48-4194-8431-0a6941154381|rpc:10.1.0.210:41785|priority:0], old=null
2022-09-30 13:40:28,990 [pool-72-thread-1] INFO  server.RaftServer$Division (RaftServerImpl.java:setRole(299)) - 62666bfa-5b48-4194-8431-0a6941154381@group-3F213833E1F5: changes role from      null to FOLLOWER at term 0 for startAsFollower
2022-09-30 13:40:28,990 [pool-72-thread-1] INFO  impl.RoleInfo (RoleInfo.java:updateAndGet(139)) - 62666bfa-5b48-4194-8431-0a6941154381: start 62666bfa-5b48-4194-8431-0a6941154381@group-3F213833E1F5-FollowerState
2022-09-30 13:40:28,992 [pool-72-thread-1] INFO  util.JmxRegister (JmxRegister.java:tryRegister(44)) - Successfully registered JMX Bean with object name Ratis:service=RaftServer,group=group-3F213833E1F5,id=62666bfa-5b48-4194-8431-0a6941154381
2022-09-30 13:40:28,995 [Command processor thread] INFO  ratis.XceiverServerRatis (XceiverServerRatis.java:addGroup(765)) - Created group PipelineID=9504cae7-2c67-458d-bacc-3f213833e1f5
2022-09-30 13:40:29,399 [Command processor thread] INFO  server.RaftServer (RaftServerProxy.java:addNew(96)) - 63487312-87aa-4652-9988-76e01a899b42: addNew group-B099DF3793EF:[63487312-87aa-4652-9988-76e01a899b42|rpc:10.1.0.210:39059|priority:1] returns group-B099DF3793EF:java.util.concurrent.CompletableFuture@6c23b0b0[Not completed]
2022-09-30 13:40:29,414 [pool-95-thread-1] INFO  server.RaftServer$Division (RaftServerImpl.java:<init>(190)) - 63487312-87aa-4652-9988-76e01a899b42: new RaftServerImpl for group-B099DF3793EF:[63487312-87aa-4652-9988-76e01a899b42|rpc:10.1.0.210:39059|priority:1] with ContainerStateMachine:uninitialized
2022-09-30 13:40:29,414 [pool-95-thread-1] INFO  server.RaftServerConfigKeys (ConfUtils.java:logGet(46)) - raft.server.rpc.timeout.min = 5s (custom)
2022-09-30 13:40:29,414 [pool-95-thread-1] INFO  server.RaftServerConfigKeys (ConfUtils.java:logGet(46)) - raft.server.rpc.timeout.max = 5200ms (custom)
2022-09-30 13:40:29,414 [pool-95-thread-1] INFO  server.RaftServerConfigKeys (ConfUtils.java:logGet(46)) - raft.server.rpc.sleep.time = 25ms (default)
2022-09-30 13:40:29,414 [pool-95-thread-1] INFO  server.RaftServerConfigKeys (ConfUtils.java:logGet(46)) - raft.server.rpc.slowness.timeout = 300s (custom)
2022-09-30 13:40:29,414 [pool-95-thread-1] INFO  server.RaftServerConfigKeys (ConfUtils.java:logGet(46)) - raft.server.leaderelection.leader.step-down.wait-time = 10s (default)
2022-09-30 13:40:29,414 [pool-95-thread-1] INFO  server.RaftServerConfigKeys (ConfUtils.java:logGet(46)) - raft.server.sleep.deviation.threshold = 300ms (default)
2022-09-30 13:40:29,414 [pool-95-thread-1] INFO  server.RaftServer$Division (ServerState.java:<init>(107)) - 63487312-87aa-4652-9988-76e01a899b42@group-B099DF3793EF: ConfigurationManager, init=-1: [63487312-87aa-4652-9988-76e01a899b42|rpc:10.1.0.210:39059|priority:1], old=null, confs=<EMPTY_MAP>
2022-09-30 13:40:29,414 [pool-95-thread-1] INFO  server.RaftServerConfigKeys (ConfUtils.java:logGet(46)) - raft.server.storage.dir = [/home/runner/work/ozone/ozone/hadoop-ozone/integration-test/target/test-dir/MiniOzoneClusterImpl-8c4c252e-cda6-42f5-b80f-9d168f3e16cf/datanode-1/data/ratis] (custom)
2022-09-30 13:40:29,415 [pool-95-thread-1] INFO  server.RaftServerConfigKeys (ConfUtils.java:logGet(46)) - raft.server.log.corruption.policy = EXCEPTION (default)
2022-09-30 13:40:29,415 [pool-95-thread-1] INFO  server.RaftServerConfigKeys (ConfUtils.java:logGet(46)) - raft.server.storage.free-space.min = 0MB (=0) (default)
2022-09-30 13:40:29,415 [pool-95-thread-1] INFO  storage.RaftStorageDirectory (RaftStorageDirectoryImpl.java:analyzeStorage(135)) - The storage directory /home/runner/work/ozone/ozone/hadoop-ozone/integration-test/target/test-dir/MiniOzoneClusterImpl-8c4c252e-cda6-42f5-b80f-9d168f3e16cf/datanode-1/data/ratis/d8dba568-5b0a-48c5-8536-b099df3793ef does not exist. Creating ...
2022-09-30 13:40:29,416 [pool-95-thread-1] INFO  storage.RaftStorageDirectory (RaftStorageDirectoryImpl.java:tryLock(230)) - Lock on /home/runner/work/ozone/ozone/hadoop-ozone/integration-test/target/test-dir/MiniOzoneClusterImpl-8c4c252e-cda6-42f5-b80f-9d168f3e16cf/datanode-1/data/ratis/d8dba568-5b0a-48c5-8536-b099df3793ef/in_use.lock acquired by nodename 61277@fv-az264-432
2022-09-30 13:40:29,418 [pool-95-thread-1] INFO  storage.RaftStorage (RaftStorageImpl.java:format(89)) - Storage directory /home/runner/work/ozone/ozone/hadoop-ozone/integration-test/target/test-dir/MiniOzoneClusterImpl-8c4c252e-cda6-42f5-b80f-9d168f3e16cf/datanode-1/data/ratis/d8dba568-5b0a-48c5-8536-b099df3793ef has been successfully formatted.
2022-09-30 13:40:29,425 [EventQueue-PipelineReportForPipelineReportHandler] INFO  pipeline.PipelineManagerImpl (PipelineManagerImpl.java:openPipeline(367)) - Pipeline Pipeline[ Id: d8dba568-5b0a-48c5-8536-b099df3793ef, Nodes: 63487312-87aa-4652-9988-76e01a899b42{ip: 10.1.0.210, host: fv-az264-432.ca02foy5wcnuvlrvrz2wi3p2og.dx.internal.cloudapp.net, ports: [REPLICATION=33927, RATIS=39059, RATIS_ADMIN=39059, RATIS_SERVER=39059, STANDALONE=46255], networkLocation: /default-rack, certSerialId: null, persistedOpState: IN_SERVICE, persistedOpStateExpiryEpochSec: 0}, ReplicationConfig: RATIS/ONE, State:ALLOCATED, leaderId:63487312-87aa-4652-9988-76e01a899b42, CreationTimestamp2022-09-30T13:40:26.403Z[Etc/UTC]] moved to OPEN state
2022-09-30 13:40:29,426 [EventQueue-OpenPipelineForHealthyPipelineSafeModeRule] INFO  safemode.SCMSafeModeManager (HealthyPipelineSafeModeRule.java:process(137)) - SCM in safe mode. Healthy pipelines reported count is 0, required healthy pipeline reported count is 1
2022-09-30 13:40:29,426 [pool-95-thread-1] INFO  ratis.ContainerStateMachine (ContainerStateMachine.java:loadSnapshot(236)) - group-B099DF3793EF: The snapshot info is null. Setting the last applied indexto:(t:0, i:~)
2022-09-30 13:40:29,428 [pool-95-thread-1] INFO  server.RaftServerConfigKeys (ConfUtils.java:logGet(46)) - raft.server.notification.no-leader.timeout = 300s (custom)
2022-09-30 13:40:29,428 [pool-95-thread-1] INFO  server.RaftServerConfigKeys (ConfUtils.java:logGet(46)) - raft.server.log.use.memory = false (default)
2022-09-30 13:40:29,428 [pool-95-thread-1] INFO  server.RaftServerConfigKeys (ConfUtils.java:logGet(46)) - raft.server.log.purge.gap = 1000000 (custom)
2022-09-30 13:40:29,428 [pool-95-thread-1] INFO  server.RaftServerConfigKeys (ConfUtils.java:logGet(46)) - raft.server.log.appender.buffer.byte-limit = 33554432 (custom)
2022-09-30 13:40:29,428 [pool-95-thread-1] INFO  server.RaftServerConfigKeys (ConfUtils.java:logGet(46)) - raft.server.log.statemachine.data.read.timeout = 1000ms (default)
2022-09-30 13:40:29,428 [pool-95-thread-1] INFO  server.RaftServerConfigKeys (ConfUtils.java:logGet(46)) - raft.server.log.segment.size.max = 1048576 (custom)
2022-09-30 13:40:29,429 [pool-95-thread-1] INFO  server.RaftServerConfigKeys (ConfUtils.java:logGet(46)) - raft.server.log.segment.cache.num.max = 2 (custom)
2022-09-30 13:40:29,429 [pool-95-thread-1] INFO  server.RaftServerConfigKeys (ConfUtils.java:logGet(46)) - raft.server.log.segment.cache.size.max = 200MB (=209715200) (default)
2022-09-30 13:40:29,429 [pool-95-thread-1] INFO  segmented.SegmentedRaftLogWorker (SegmentedRaftLogWorker.java:<init>(187)) - new 63487312-87aa-4652-9988-76e01a899b42@group-B099DF3793EF-SegmentedRaftLogWorker for RaftStorageImpl:Storage Directory /home/runner/work/ozone/ozone/hadoop-ozone/integration-test/target/test-dir/MiniOzoneClusterImpl-8c4c252e-cda6-42f5-b80f-9d168f3e16cf/datanode-1/data/ratis/d8dba568-5b0a-48c5-8536-b099df3793ef
2022-09-30 13:40:29,430 [pool-95-thread-1] INFO  server.RaftServerConfigKeys (ConfUtils.java:logGet(46)) - raft.server.log.queue.byte-limit = 4294967296 (custom)
2022-09-30 13:40:29,430 [pool-95-thread-1] INFO  server.RaftServerConfigKeys (ConfUtils.java:logGet(46)) - raft.server.log.queue.element-limit = 1024 (custom)
2022-09-30 13:40:29,430 [pool-95-thread-1] INFO  server.RaftServerConfigKeys (ConfUtils.java:logGet(46)) - raft.server.log.segment.size.max = 1048576 (custom)
2022-09-30 13:40:29,430 [pool-95-thread-1] INFO  server.RaftServerConfigKeys (ConfUtils.java:logGet(46)) - raft.server.log.preallocated.size = 16384 (custom)
2022-09-30 13:40:29,430 [pool-95-thread-1] INFO  server.RaftServerConfigKeys (ConfUtils.java:logGet(46)) - raft.server.log.force.sync.num = 128 (default)
2022-09-30 13:40:29,430 [pool-95-thread-1] INFO  server.RaftServerConfigKeys (ConfUtils.java:logGet(46)) - raft.server.log.statemachine.data.sync = true (default)
2022-09-30 13:40:29,430 [pool-95-thread-1] INFO  server.RaftServerConfigKeys (ConfUtils.java:logGet(46)) - raft.server.log.statemachine.data.sync.timeout = 10s (default)
2022-09-30 13:40:29,430 [pool-95-thread-1] INFO  server.RaftServerConfigKeys (ConfUtils.java:logGet(46)) - raft.server.log.statemachine.data.sync.timeout.retry = -1 (default)
2022-09-30 13:40:29,439 [pool-95-thread-1] INFO  server.RaftServerConfigKeys (ConfUtils.java:logGet(46)) - raft.server.log.write.buffer.size = 1048576 (custom)
2022-09-30 13:40:29,440 [pool-95-thread-1] INFO  server.RaftServerConfigKeys (ConfUtils.java:logGet(46)) - raft.server.log.unsafe-flush.enabled = false (default)
2022-09-30 13:40:29,440 [pool-95-thread-1] INFO  server.RaftServerConfigKeys (ConfUtils.java:logGet(46)) - raft.server.log.statemachine.data.caching.enabled = true (custom)
2022-09-30 13:40:29,440 [pool-95-thread-1] INFO  segmented.SegmentedRaftLogWorker (SegmentedRaftLogWorker.java:lambda$new$0(135)) - 63487312-87aa-4652-9988-76e01a899b42@group-B099DF3793EF-SegmentedRaftLogWorker: flushIndex: setUnconditionally 0 -> -1
2022-09-30 13:40:29,440 [pool-95-thread-1] INFO  segmented.SegmentedRaftLogWorker (SegmentedRaftLogWorker.java:lambda$new$0(135)) - 63487312-87aa-4652-9988-76e01a899b42@group-B099DF3793EF-SegmentedRaftLogWorker: safeCacheEvictIndex: setUnconditionally 0 -> -1
2022-09-30 13:40:29,441 [pool-95-thread-1] INFO  server.RaftServerConfigKeys (ConfUtils.java:logGet(46)) - raft.server.snapshot.auto.trigger.enabled = true (custom)
2022-09-30 13:40:29,441 [pool-95-thread-1] INFO  server.RaftServerConfigKeys (ConfUtils.java:logGet(46)) - raft.server.snapshot.auto.trigger.threshold = 10000 (custom)
2022-09-30 13:40:29,441 [pool-95-thread-1] INFO  server.RaftServerConfigKeys (ConfUtils.java:logGet(46)) - raft.server.snapshot.retention.file.num = 5 (custom)
2022-09-30 13:40:29,441 [pool-95-thread-1] INFO  server.RaftServerConfigKeys (ConfUtils.java:logGet(46)) - raft.server.log.purge.upto.snapshot.index = false (default)
2022-09-30 13:40:29,441 [pool-95-thread-1] INFO  server.RaftServerConfigKeys (ConfUtils.java:logGet(46)) - raft.server.retrycache.expirytime = 600000ms (custom)
2022-09-30 13:40:29,441 [pool-95-thread-1] INFO  server.RaftServerConfigKeys (ConfUtils.java:logGet(46)) - raft.server.retrycache.statistics.expirytime = 100μs (default)
2022-09-30 13:40:29,443 [pool-95-thread-1] INFO  server.RaftServerConfigKeys (ConfUtils.java:logGet(46)) - raft.server.log.appender.install.snapshot.enabled = false (custom)
2022-09-30 13:40:29,443 [pool-95-thread-1] INFO  server.RaftServerConfigKeys (ConfUtils.java:logGet(46)) - raft.server.threadpool.server.cached = true (default)
2022-09-30 13:40:29,443 [pool-95-thread-1] INFO  server.RaftServerConfigKeys (ConfUtils.java:logGet(46)) - raft.server.threadpool.server.size = 0 (default)
2022-09-30 13:40:29,443 [pool-95-thread-1] INFO  server.RaftServerConfigKeys (ConfUtils.java:logGet(46)) - raft.server.threadpool.client.cached = true (default)
2022-09-30 13:40:29,443 [pool-95-thread-1] INFO  server.RaftServerConfigKeys (ConfUtils.java:logGet(46)) - raft.server.threadpool.client.size = 0 (default)
2022-09-30 13:40:29,443 [pool-95-thread-1] INFO  server.RaftServer$Division (RaftServerImpl.java:start(310)) - 63487312-87aa-4652-9988-76e01a899b42@group-B099DF3793EF: start as a follower, conf=-1: [63487312-87aa-4652-9988-76e01a899b42|rpc:10.1.0.210:39059|priority:1], old=null
2022-09-30 13:40:29,443 [pool-95-thread-1] INFO  server.RaftServer$Division (RaftServerImpl.java:setRole(299)) - 63487312-87aa-4652-9988-76e01a899b42@group-B099DF3793EF: changes role from      null to FOLLOWER at term 0 for startAsFollower
2022-09-30 13:40:29,443 [pool-95-thread-1] INFO  impl.RoleInfo (RoleInfo.java:updateAndGet(139)) - 63487312-87aa-4652-9988-76e01a899b42: start 63487312-87aa-4652-9988-76e01a899b42@group-B099DF3793EF-FollowerState
2022-09-30 13:40:29,452 [pool-95-thread-1] INFO  util.JmxRegister (JmxRegister.java:tryRegister(44)) - Successfully registered JMX Bean with object name Ratis:service=RaftServer,group=group-B099DF3793EF,id=63487312-87aa-4652-9988-76e01a899b42
2022-09-30 13:40:29,466 [Command processor thread] INFO  ratis.XceiverServerRatis (XceiverServerRatis.java:addGroup(765)) - Created group PipelineID=d8dba568-5b0a-48c5-8536-b099df3793ef
2022-09-30 13:40:29,466 [Command processor thread] INFO  commandhandler.CreatePipelineCommandHandler (CreatePipelineCommandHandler.java:handle(113)) - Created Pipeline RATIS ONE PipelineID=d8dba568-5b0a-48c5-8536-b099df3793ef.
2022-09-30 13:40:29,468 [Command processor thread] INFO  server.RaftServer (RaftServerProxy.java:addNew(96)) - 63487312-87aa-4652-9988-76e01a899b42: addNew group-3F213833E1F5:[97e8c787-6023-4421-819a-0b5ced458c94|rpc:10.1.0.210:36437|priority:0, 63487312-87aa-4652-9988-76e01a899b42|rpc:10.1.0.210:39059|priority:1, 62666bfa-5b48-4194-8431-0a6941154381|rpc:10.1.0.210:41785|priority:0] returns group-3F213833E1F5:java.util.concurrent.CompletableFuture@681c39ec[Not completed]
2022-09-30 13:40:29,469 [pool-95-thread-1] INFO  server.RaftServer$Division (RaftServerImpl.java:<init>(190)) - 63487312-87aa-4652-9988-76e01a899b42: new RaftServerImpl for group-3F213833E1F5:[97e8c787-6023-4421-819a-0b5ced458c94|rpc:10.1.0.210:36437|priority:0, 63487312-87aa-4652-9988-76e01a899b42|rpc:10.1.0.210:39059|priority:1, 62666bfa-5b48-4194-8431-0a6941154381|rpc:10.1.0.210:41785|priority:0] with ContainerStateMachine:uninitialized
2022-09-30 13:40:29,469 [pool-95-thread-1] INFO  server.RaftServerConfigKeys (ConfUtils.java:logGet(46)) - raft.server.rpc.timeout.min = 5s (custom)
2022-09-30 13:40:29,470 [pool-95-thread-1] INFO  server.RaftServerConfigKeys (ConfUtils.java:logGet(46)) - raft.server.rpc.timeout.max = 5200ms (custom)
2022-09-30 13:40:29,470 [pool-95-thread-1] INFO  server.RaftServerConfigKeys (ConfUtils.java:logGet(46)) - raft.server.rpc.sleep.time = 25ms (default)
2022-09-30 13:40:29,470 [pool-95-thread-1] INFO  server.RaftServerConfigKeys (ConfUtils.java:logGet(46)) - raft.server.rpc.slowness.timeout = 300s (custom)
2022-09-30 13:40:29,470 [pool-95-thread-1] INFO  server.RaftServerConfigKeys (ConfUtils.java:logGet(46)) - raft.server.leaderelection.leader.step-down.wait-time = 10s (default)
2022-09-30 13:40:29,470 [pool-95-thread-1] INFO  server.RaftServerConfigKeys (ConfUtils.java:logGet(46)) - raft.server.sleep.deviation.threshold = 300ms (default)
2022-09-30 13:40:29,470 [pool-95-thread-1] INFO  server.RaftServer$Division (ServerState.java:<init>(107)) - 63487312-87aa-4652-9988-76e01a899b42@group-3F213833E1F5: ConfigurationManager, init=-1: [97e8c787-6023-4421-819a-0b5ced458c94|rpc:10.1.0.210:36437|priority:0, 63487312-87aa-4652-9988-76e01a899b42|rpc:10.1.0.210:39059|priority:1, 62666bfa-5b48-4194-8431-0a6941154381|rpc:10.1.0.210:41785|priority:0], old=null, confs=<EMPTY_MAP>
2022-09-30 13:40:29,470 [pool-95-thread-1] INFO  server.RaftServerConfigKeys (ConfUtils.java:logGet(46)) - raft.server.storage.dir = [/home/runner/work/ozone/ozone/hadoop-ozone/integration-test/target/test-dir/MiniOzoneClusterImpl-8c4c252e-cda6-42f5-b80f-9d168f3e16cf/datanode-1/data/ratis] (custom)
2022-09-30 13:40:29,470 [pool-95-thread-1] INFO  server.RaftServerConfigKeys (ConfUtils.java:logGet(46)) - raft.server.log.corruption.policy = EXCEPTION (default)
2022-09-30 13:40:29,470 [pool-95-thread-1] INFO  server.RaftServerConfigKeys (ConfUtils.java:logGet(46)) - raft.server.storage.free-space.min = 0MB (=0) (default)
2022-09-30 13:40:29,470 [pool-95-thread-1] INFO  storage.RaftStorageDirectory (RaftStorageDirectoryImpl.java:analyzeStorage(135)) - The storage directory /home/runner/work/ozone/ozone/hadoop-ozone/integration-test/target/test-dir/MiniOzoneClusterImpl-8c4c252e-cda6-42f5-b80f-9d168f3e16cf/datanode-1/data/ratis/9504cae7-2c67-458d-bacc-3f213833e1f5 does not exist. Creating ...
2022-09-30 13:40:29,472 [pool-95-thread-1] INFO  storage.RaftStorageDirectory (RaftStorageDirectoryImpl.java:tryLock(230)) - Lock on /home/runner/work/ozone/ozone/hadoop-ozone/integration-test/target/test-dir/MiniOzoneClusterImpl-8c4c252e-cda6-42f5-b80f-9d168f3e16cf/datanode-1/data/ratis/9504cae7-2c67-458d-bacc-3f213833e1f5/in_use.lock acquired by nodename 61277@fv-az264-432
2022-09-30 13:40:29,474 [pool-95-thread-1] INFO  storage.RaftStorage (RaftStorageImpl.java:format(89)) - Storage directory /home/runner/work/ozone/ozone/hadoop-ozone/integration-test/target/test-dir/MiniOzoneClusterImpl-8c4c252e-cda6-42f5-b80f-9d168f3e16cf/datanode-1/data/ratis/9504cae7-2c67-458d-bacc-3f213833e1f5 has been successfully formatted.
2022-09-30 13:40:29,475 [pool-95-thread-1] INFO  ratis.ContainerStateMachine (ContainerStateMachine.java:loadSnapshot(236)) - group-3F213833E1F5: The snapshot info is null. Setting the last applied indexto:(t:0, i:~)
2022-09-30 13:40:29,475 [pool-95-thread-1] INFO  server.RaftServerConfigKeys (ConfUtils.java:logGet(46)) - raft.server.notification.no-leader.timeout = 300s (custom)
2022-09-30 13:40:29,475 [pool-95-thread-1] INFO  server.RaftServerConfigKeys (ConfUtils.java:logGet(46)) - raft.server.log.use.memory = false (default)
2022-09-30 13:40:29,476 [pool-95-thread-1] INFO  server.RaftServerConfigKeys (ConfUtils.java:logGet(46)) - raft.server.log.purge.gap = 1000000 (custom)
2022-09-30 13:40:29,476 [pool-95-thread-1] INFO  server.RaftServerConfigKeys (ConfUtils.java:logGet(46)) - raft.server.log.appender.buffer.byte-limit = 33554432 (custom)
2022-09-30 13:40:29,476 [pool-95-thread-1] INFO  server.RaftServerConfigKeys (ConfUtils.java:logGet(46)) - raft.server.log.statemachine.data.read.timeout = 1000ms (default)
2022-09-30 13:40:29,476 [pool-95-thread-1] INFO  server.RaftServerConfigKeys (ConfUtils.java:logGet(46)) - raft.server.log.segment.size.max = 1048576 (custom)
2022-09-30 13:40:29,477 [pool-95-thread-1] INFO  server.RaftServerConfigKeys (ConfUtils.java:logGet(46)) - raft.server.log.segment.cache.num.max = 2 (custom)
2022-09-30 13:40:29,477 [pool-95-thread-1] INFO  server.RaftServerConfigKeys (ConfUtils.java:logGet(46)) - raft.server.log.segment.cache.size.max = 200MB (=209715200) (default)
2022-09-30 13:40:29,477 [pool-95-thread-1] INFO  segmented.SegmentedRaftLogWorker (SegmentedRaftLogWorker.java:<init>(187)) - new 63487312-87aa-4652-9988-76e01a899b42@group-3F213833E1F5-SegmentedRaftLogWorker for RaftStorageImpl:Storage Directory /home/runner/work/ozone/ozone/hadoop-ozone/integration-test/target/test-dir/MiniOzoneClusterImpl-8c4c252e-cda6-42f5-b80f-9d168f3e16cf/datanode-1/data/ratis/9504cae7-2c67-458d-bacc-3f213833e1f5
2022-09-30 13:40:29,477 [pool-95-thread-1] INFO  server.RaftServerConfigKeys (ConfUtils.java:logGet(46)) - raft.server.log.queue.byte-limit = 4294967296 (custom)
2022-09-30 13:40:29,477 [pool-95-thread-1] INFO  server.RaftServerConfigKeys (ConfUtils.java:logGet(46)) - raft.server.log.queue.element-limit = 1024 (custom)
2022-09-30 13:40:29,477 [pool-95-thread-1] INFO  server.RaftServerConfigKeys (ConfUtils.java:logGet(46)) - raft.server.log.segment.size.max = 1048576 (custom)
2022-09-30 13:40:29,477 [pool-95-thread-1] INFO  server.RaftServerConfigKeys (ConfUtils.java:logGet(46)) - raft.server.log.preallocated.size = 16384 (custom)
2022-09-30 13:40:29,477 [pool-95-thread-1] INFO  server.RaftServerConfigKeys (ConfUtils.java:logGet(46)) - raft.server.log.force.sync.num = 128 (default)
2022-09-30 13:40:29,477 [pool-95-thread-1] INFO  server.RaftServerConfigKeys (ConfUtils.java:logGet(46)) - raft.server.log.statemachine.data.sync = true (default)
2022-09-30 13:40:29,477 [pool-95-thread-1] INFO  server.RaftServerConfigKeys (ConfUtils.java:logGet(46)) - raft.server.log.statemachine.data.sync.timeout = 10s (default)
2022-09-30 13:40:29,477 [pool-95-thread-1] INFO  server.RaftServerConfigKeys (ConfUtils.java:logGet(46)) - raft.server.log.statemachine.data.sync.timeout.retry = -1 (default)
2022-09-30 13:40:29,478 [pool-95-thread-1] INFO  server.RaftServerConfigKeys (ConfUtils.java:logGet(46)) - raft.server.log.write.buffer.size = 1048576 (custom)
2022-09-30 13:40:29,479 [pool-95-thread-1] INFO  server.RaftServerConfigKeys (ConfUtils.java:logGet(46)) - raft.server.log.unsafe-flush.enabled = false (default)
2022-09-30 13:40:29,479 [pool-95-thread-1] INFO  server.RaftServerConfigKeys (ConfUtils.java:logGet(46)) - raft.server.log.statemachine.data.caching.enabled = true (custom)
2022-09-30 13:40:29,479 [pool-95-thread-1] INFO  segmented.SegmentedRaftLogWorker (SegmentedRaftLogWorker.java:lambda$new$0(135)) - 63487312-87aa-4652-9988-76e01a899b42@group-3F213833E1F5-SegmentedRaftLogWorker: flushIndex: setUnconditionally 0 -> -1
2022-09-30 13:40:29,479 [pool-95-thread-1] INFO  segmented.SegmentedRaftLogWorker (SegmentedRaftLogWorker.java:lambda$new$0(135)) - 63487312-87aa-4652-9988-76e01a899b42@group-3F213833E1F5-SegmentedRaftLogWorker: safeCacheEvictIndex: setUnconditionally 0 -> -1
2022-09-30 13:40:29,489 [pool-95-thread-1] INFO  server.RaftServerConfigKeys (ConfUtils.java:logGet(46)) - raft.server.snapshot.auto.trigger.enabled = true (custom)
2022-09-30 13:40:29,489 [pool-95-thread-1] INFO  server.RaftServerConfigKeys (ConfUtils.java:logGet(46)) - raft.server.snapshot.auto.trigger.threshold = 10000 (custom)
2022-09-30 13:40:29,489 [pool-95-thread-1] INFO  server.RaftServerConfigKeys (ConfUtils.java:logGet(46)) - raft.server.snapshot.retention.file.num = 5 (custom)
2022-09-30 13:40:29,489 [pool-95-thread-1] INFO  server.RaftServerConfigKeys (ConfUtils.java:logGet(46)) - raft.server.log.purge.upto.snapshot.index = false (default)
2022-09-30 13:40:29,489 [pool-95-thread-1] INFO  server.RaftServerConfigKeys (ConfUtils.java:logGet(46)) - raft.server.retrycache.expirytime = 600000ms (custom)
2022-09-30 13:40:29,489 [pool-95-thread-1] INFO  server.RaftServerConfigKeys (ConfUtils.java:logGet(46)) - raft.server.retrycache.statistics.expirytime = 100μs (default)
2022-09-30 13:40:29,491 [pool-95-thread-1] INFO  server.RaftServerConfigKeys (ConfUtils.java:logGet(46)) - raft.server.log.appender.install.snapshot.enabled = false (custom)
2022-09-30 13:40:29,491 [pool-95-thread-1] INFO  server.RaftServerConfigKeys (ConfUtils.java:logGet(46)) - raft.server.threadpool.server.cached = true (default)
2022-09-30 13:40:29,491 [pool-95-thread-1] INFO  server.RaftServerConfigKeys (ConfUtils.java:logGet(46)) - raft.server.threadpool.server.size = 0 (default)
2022-09-30 13:40:29,491 [pool-95-thread-1] INFO  server.RaftServerConfigKeys (ConfUtils.java:logGet(46)) - raft.server.threadpool.client.cached = true (default)
2022-09-30 13:40:29,491 [pool-95-thread-1] INFO  server.RaftServerConfigKeys (ConfUtils.java:logGet(46)) - raft.server.threadpool.client.size = 0 (default)
2022-09-30 13:40:29,492 [pool-95-thread-1] INFO  server.RaftServer$Division (RaftServerImpl.java:start(310)) - 63487312-87aa-4652-9988-76e01a899b42@group-3F213833E1F5: start as a follower, conf=-1: [97e8c787-6023-4421-819a-0b5ced458c94|rpc:10.1.0.210:36437|priority:0, 63487312-87aa-4652-9988-76e01a899b42|rpc:10.1.0.210:39059|priority:1, 62666bfa-5b48-4194-8431-0a6941154381|rpc:10.1.0.210:41785|priority:0], old=null
2022-09-30 13:40:29,492 [pool-95-thread-1] INFO  server.RaftServer$Division (RaftServerImpl.java:setRole(299)) - 63487312-87aa-4652-9988-76e01a899b42@group-3F213833E1F5: changes role from      null to FOLLOWER at term 0 for startAsFollower
2022-09-30 13:40:29,492 [pool-95-thread-1] INFO  impl.RoleInfo (RoleInfo.java:updateAndGet(139)) - 63487312-87aa-4652-9988-76e01a899b42: start 63487312-87aa-4652-9988-76e01a899b42@group-3F213833E1F5-FollowerState
2022-09-30 13:40:29,496 [EventQueue-OpenPipelineForHealthyPipelineSafeModeRule] INFO  safemode.SCMSafeModeManager (HealthyPipelineSafeModeRule.java:process(137)) - SCM in safe mode. Healthy pipelines reported count is 0, required healthy pipeline reported count is 1
2022-09-30 13:40:29,498 [Listener at 127.0.0.1/46717] INFO  ozone.MiniOzoneClusterImpl (MiniOzoneClusterImpl.java:lambda$waitForClusterToBeReady$0(216)) - Nodes are ready. Got 7 of 7 DN Heartbeats.
2022-09-30 13:40:29,498 [Listener at 127.0.0.1/46717] INFO  ozone.MiniOzoneClusterImpl (MiniOzoneClusterImpl.java:lambda$waitForClusterToBeReady$0(219)) - Waiting for cluster to exit safe mode
2022-09-30 13:40:29,498 [Listener at 127.0.0.1/46717] INFO  ozone.MiniOzoneClusterImpl (MiniOzoneClusterImpl.java:lambda$waitForClusterToBeReady$0(221)) - SCM became leader
2022-09-30 13:40:29,502 [pool-95-thread-1] INFO  util.JmxRegister (JmxRegister.java:tryRegister(44)) - Successfully registered JMX Bean with object name Ratis:service=RaftServer,group=group-3F213833E1F5,id=63487312-87aa-4652-9988-76e01a899b42
2022-09-30 13:40:29,503 [Command processor thread] INFO  ratis.XceiverServerRatis (XceiverServerRatis.java:addGroup(765)) - Created group PipelineID=9504cae7-2c67-458d-bacc-3f213833e1f5
2022-09-30 13:40:29,696 [grpc-default-executor-1] INFO  server.RaftServer (RaftServerProxy.java:addNew(96)) - 97e8c787-6023-4421-819a-0b5ced458c94: addNew group-3F213833E1F5:[97e8c787-6023-4421-819a-0b5ced458c94|rpc:10.1.0.210:36437|dataStream:|priority:0, 63487312-87aa-4652-9988-76e01a899b42|rpc:10.1.0.210:39059|dataStream:|priority:1, 62666bfa-5b48-4194-8431-0a6941154381|rpc:10.1.0.210:41785|dataStream:|priority:0] returns group-3F213833E1F5:java.util.concurrent.CompletableFuture@7f553f41[Not completed]
2022-09-30 13:40:29,704 [pool-118-thread-1] INFO  server.RaftServer$Division (RaftServerImpl.java:<init>(190)) - 97e8c787-6023-4421-819a-0b5ced458c94: new RaftServerImpl for group-3F213833E1F5:[97e8c787-6023-4421-819a-0b5ced458c94|rpc:10.1.0.210:36437|dataStream:|priority:0, 63487312-87aa-4652-9988-76e01a899b42|rpc:10.1.0.210:39059|dataStream:|priority:1, 62666bfa-5b48-4194-8431-0a6941154381|rpc:10.1.0.210:41785|dataStream:|priority:0] with ContainerStateMachine:uninitialized
2022-09-30 13:40:29,704 [pool-118-thread-1] INFO  server.RaftServerConfigKeys (ConfUtils.java:logGet(46)) - raft.server.rpc.timeout.min = 5s (custom)
2022-09-30 13:40:29,704 [pool-118-thread-1] INFO  server.RaftServerConfigKeys (ConfUtils.java:logGet(46)) - raft.server.rpc.timeout.max = 5200ms (custom)
2022-09-30 13:40:29,704 [pool-118-thread-1] INFO  server.RaftServerConfigKeys (ConfUtils.java:logGet(46)) - raft.server.rpc.sleep.time = 25ms (default)
2022-09-30 13:40:29,704 [pool-118-thread-1] INFO  server.RaftServerConfigKeys (ConfUtils.java:logGet(46)) - raft.server.rpc.slowness.timeout = 300s (custom)
2022-09-30 13:40:29,705 [pool-118-thread-1] INFO  server.RaftServerConfigKeys (ConfUtils.java:logGet(46)) - raft.server.leaderelection.leader.step-down.wait-time = 10s (default)
2022-09-30 13:40:29,705 [pool-118-thread-1] INFO  server.RaftServerConfigKeys (ConfUtils.java:logGet(46)) - raft.server.sleep.deviation.threshold = 300ms (default)
2022-09-30 13:40:29,705 [pool-118-thread-1] INFO  server.RaftServer$Division (ServerState.java:<init>(107)) - 97e8c787-6023-4421-819a-0b5ced458c94@group-3F213833E1F5: ConfigurationManager, init=-1: [97e8c787-6023-4421-819a-0b5ced458c94|rpc:10.1.0.210:36437|dataStream:|priority:0, 63487312-87aa-4652-9988-76e01a899b42|rpc:10.1.0.210:39059|dataStream:|priority:1, 62666bfa-5b48-4194-8431-0a6941154381|rpc:10.1.0.210:41785|dataStream:|priority:0], old=null, confs=<EMPTY_MAP>
2022-09-30 13:40:29,705 [pool-118-thread-1] INFO  server.RaftServerConfigKeys (ConfUtils.java:logGet(46)) - raft.server.storage.dir = [/home/runner/work/ozone/ozone/hadoop-ozone/integration-test/target/test-dir/MiniOzoneClusterImpl-8c4c252e-cda6-42f5-b80f-9d168f3e16cf/datanode-2/data/ratis] (custom)
2022-09-30 13:40:29,705 [pool-118-thread-1] INFO  server.RaftServerConfigKeys (ConfUtils.java:logGet(46)) - raft.server.log.corruption.policy = EXCEPTION (default)
2022-09-30 13:40:29,705 [pool-118-thread-1] INFO  server.RaftServerConfigKeys (ConfUtils.java:logGet(46)) - raft.server.storage.free-space.min = 0MB (=0) (default)
2022-09-30 13:40:29,705 [pool-118-thread-1] INFO  storage.RaftStorageDirectory (RaftStorageDirectoryImpl.java:analyzeStorage(135)) - The storage directory /home/runner/work/ozone/ozone/hadoop-ozone/integration-test/target/test-dir/MiniOzoneClusterImpl-8c4c252e-cda6-42f5-b80f-9d168f3e16cf/datanode-2/data/ratis/9504cae7-2c67-458d-bacc-3f213833e1f5 does not exist. Creating ...
2022-09-30 13:40:29,707 [pool-118-thread-1] INFO  storage.RaftStorageDirectory (RaftStorageDirectoryImpl.java:tryLock(230)) - Lock on /home/runner/work/ozone/ozone/hadoop-ozone/integration-test/target/test-dir/MiniOzoneClusterImpl-8c4c252e-cda6-42f5-b80f-9d168f3e16cf/datanode-2/data/ratis/9504cae7-2c67-458d-bacc-3f213833e1f5/in_use.lock acquired by nodename 61277@fv-az264-432
2022-09-30 13:40:29,712 [pool-118-thread-1] INFO  storage.RaftStorage (RaftStorageImpl.java:format(89)) - Storage directory /home/runner/work/ozone/ozone/hadoop-ozone/integration-test/target/test-dir/MiniOzoneClusterImpl-8c4c252e-cda6-42f5-b80f-9d168f3e16cf/datanode-2/data/ratis/9504cae7-2c67-458d-bacc-3f213833e1f5 has been successfully formatted.
2022-09-30 13:40:29,713 [pool-118-thread-1] INFO  ratis.ContainerStateMachine (ContainerStateMachine.java:loadSnapshot(236)) - group-3F213833E1F5: The snapshot info is null. Setting the last applied indexto:(t:0, i:~)
2022-09-30 13:40:29,713 [pool-118-thread-1] INFO  server.RaftServerConfigKeys (ConfUtils.java:logGet(46)) - raft.server.notification.no-leader.timeout = 300s (custom)
2022-09-30 13:40:29,713 [pool-118-thread-1] INFO  server.RaftServerConfigKeys (ConfUtils.java:logGet(46)) - raft.server.log.use.memory = false (default)
2022-09-30 13:40:29,714 [pool-118-thread-1] INFO  server.RaftServerConfigKeys (ConfUtils.java:logGet(46)) - raft.server.log.purge.gap = 1000000 (custom)
2022-09-30 13:40:29,714 [pool-118-thread-1] INFO  server.RaftServerConfigKeys (ConfUtils.java:logGet(46)) - raft.server.log.appender.buffer.byte-limit = 33554432 (custom)
2022-09-30 13:40:29,714 [pool-118-thread-1] INFO  server.RaftServerConfigKeys (ConfUtils.java:logGet(46)) - raft.server.log.statemachine.data.read.timeout = 1000ms (default)
2022-09-30 13:40:29,715 [pool-118-thread-1] INFO  server.RaftServerConfigKeys (ConfUtils.java:logGet(46)) - raft.server.log.segment.size.max = 1048576 (custom)
2022-09-30 13:40:29,715 [pool-118-thread-1] INFO  server.RaftServerConfigKeys (ConfUtils.java:logGet(46)) - raft.server.log.segment.cache.num.max = 2 (custom)
2022-09-30 13:40:29,715 [pool-118-thread-1] INFO  server.RaftServerConfigKeys (ConfUtils.java:logGet(46)) - raft.server.log.segment.cache.size.max = 200MB (=209715200) (default)
2022-09-30 13:40:29,715 [pool-118-thread-1] INFO  segmented.SegmentedRaftLogWorker (SegmentedRaftLogWorker.java:<init>(187)) - new 97e8c787-6023-4421-819a-0b5ced458c94@group-3F213833E1F5-SegmentedRaftLogWorker for RaftStorageImpl:Storage Directory /home/runner/work/ozone/ozone/hadoop-ozone/integration-test/target/test-dir/MiniOzoneClusterImpl-8c4c252e-cda6-42f5-b80f-9d168f3e16cf/datanode-2/data/ratis/9504cae7-2c67-458d-bacc-3f213833e1f5
2022-09-30 13:40:29,715 [pool-118-thread-1] INFO  server.RaftServerConfigKeys (ConfUtils.java:logGet(46)) - raft.server.log.queue.byte-limit = 4294967296 (custom)
2022-09-30 13:40:29,715 [pool-118-thread-1] INFO  server.RaftServerConfigKeys (ConfUtils.java:logGet(46)) - raft.server.log.queue.element-limit = 1024 (custom)
2022-09-30 13:40:29,715 [pool-118-thread-1] INFO  server.RaftServerConfigKeys (ConfUtils.java:logGet(46)) - raft.server.log.segment.size.max = 1048576 (custom)
2022-09-30 13:40:29,716 [pool-118-thread-1] INFO  server.RaftServerConfigKeys (ConfUtils.java:logGet(46)) - raft.server.log.preallocated.size = 16384 (custom)
2022-09-30 13:40:29,716 [pool-118-thread-1] INFO  server.RaftServerConfigKeys (ConfUtils.java:logGet(46)) - raft.server.log.force.sync.num = 128 (default)
2022-09-30 13:40:29,716 [pool-118-thread-1] INFO  server.RaftServerConfigKeys (ConfUtils.java:logGet(46)) - raft.server.log.statemachine.data.sync = true (default)
2022-09-30 13:40:29,716 [pool-118-thread-1] INFO  server.RaftServerConfigKeys (ConfUtils.java:logGet(46)) - raft.server.log.statemachine.data.sync.timeout = 10s (default)
2022-09-30 13:40:29,716 [pool-118-thread-1] INFO  server.RaftServerConfigKeys (ConfUtils.java:logGet(46)) - raft.server.log.statemachine.data.sync.timeout.retry = -1 (default)
2022-09-30 13:40:29,717 [pool-118-thread-1] INFO  server.RaftServerConfigKeys (ConfUtils.java:logGet(46)) - raft.server.log.write.buffer.size = 1048576 (custom)
2022-09-30 13:40:29,718 [pool-118-thread-1] INFO  server.RaftServerConfigKeys (ConfUtils.java:logGet(46)) - raft.server.log.unsafe-flush.enabled = false (default)
2022-09-30 13:40:29,718 [pool-118-thread-1] INFO  server.RaftServerConfigKeys (ConfUtils.java:logGet(46)) - raft.server.log.statemachine.data.caching.enabled = true (custom)
2022-09-30 13:40:29,718 [pool-118-thread-1] INFO  segmented.SegmentedRaftLogWorker (SegmentedRaftLogWorker.java:lambda$new$0(135)) - 97e8c787-6023-4421-819a-0b5ced458c94@group-3F213833E1F5-SegmentedRaftLogWorker: flushIndex: setUnconditionally 0 -> -1
2022-09-30 13:40:29,718 [pool-118-thread-1] INFO  segmented.SegmentedRaftLogWorker (SegmentedRaftLogWorker.java:lambda$new$0(135)) - 97e8c787-6023-4421-819a-0b5ced458c94@group-3F213833E1F5-SegmentedRaftLogWorker: safeCacheEvictIndex: setUnconditionally 0 -> -1
2022-09-30 13:40:29,740 [pool-118-thread-1] INFO  server.RaftServerConfigKeys (ConfUtils.java:logGet(46)) - raft.server.snapshot.auto.trigger.enabled = true (custom)
2022-09-30 13:40:29,740 [pool-118-thread-1] INFO  server.RaftServerConfigKeys (ConfUtils.java:logGet(46)) - raft.server.snapshot.auto.trigger.threshold = 10000 (custom)
2022-09-30 13:40:29,741 [pool-118-thread-1] INFO  server.RaftServerConfigKeys (ConfUtils.java:logGet(46)) - raft.server.snapshot.retention.file.num = 5 (custom)
2022-09-30 13:40:29,741 [pool-118-thread-1] INFO  server.RaftServerConfigKeys (ConfUtils.java:logGet(46)) - raft.server.log.purge.upto.snapshot.index = false (default)
2022-09-30 13:40:29,741 [pool-118-thread-1] INFO  server.RaftServerConfigKeys (ConfUtils.java:logGet(46)) - raft.server.retrycache.expirytime = 600000ms (custom)
2022-09-30 13:40:29,741 [pool-118-thread-1] INFO  server.RaftServerConfigKeys (ConfUtils.java:logGet(46)) - raft.server.retrycache.statistics.expirytime = 100μs (default)
2022-09-30 13:40:29,742 [pool-118-thread-1] INFO  server.RaftServerConfigKeys (ConfUtils.java:logGet(46)) - raft.server.log.appender.install.snapshot.enabled = false (custom)
2022-09-30 13:40:29,742 [pool-118-thread-1] INFO  server.RaftServerConfigKeys (ConfUtils.java:logGet(46)) - raft.server.threadpool.server.cached = true (default)
2022-09-30 13:40:29,742 [pool-118-thread-1] INFO  server.RaftServerConfigKeys (ConfUtils.java:logGet(46)) - raft.server.threadpool.server.size = 0 (default)
2022-09-30 13:40:29,742 [pool-118-thread-1] INFO  server.RaftServerConfigKeys (ConfUtils.java:logGet(46)) - raft.server.threadpool.client.cached = true (default)
2022-09-30 13:40:29,742 [pool-118-thread-1] INFO  server.RaftServerConfigKeys (ConfUtils.java:logGet(46)) - raft.server.threadpool.client.size = 0 (default)
2022-09-30 13:40:29,742 [pool-118-thread-1] INFO  server.RaftServer$Division (RaftServerImpl.java:start(310)) - 97e8c787-6023-4421-819a-0b5ced458c94@group-3F213833E1F5: start as a follower, conf=-1: [97e8c787-6023-4421-819a-0b5ced458c94|rpc:10.1.0.210:36437|dataStream:|priority:0, 63487312-87aa-4652-9988-76e01a899b42|rpc:10.1.0.210:39059|dataStream:|priority:1, 62666bfa-5b48-4194-8431-0a6941154381|rpc:10.1.0.210:41785|dataStream:|priority:0], old=null
2022-09-30 13:40:29,743 [pool-118-thread-1] INFO  server.RaftServer$Division (RaftServerImpl.java:setRole(299)) - 97e8c787-6023-4421-819a-0b5ced458c94@group-3F213833E1F5: changes role from      null to FOLLOWER at term 0 for startAsFollower
2022-09-30 13:40:29,743 [pool-118-thread-1] INFO  impl.RoleInfo (RoleInfo.java:updateAndGet(139)) - 97e8c787-6023-4421-819a-0b5ced458c94: start 97e8c787-6023-4421-819a-0b5ced458c94@group-3F213833E1F5-FollowerState
2022-09-30 13:40:29,750 [pool-118-thread-1] INFO  util.JmxRegister (JmxRegister.java:tryRegister(44)) - Successfully registered JMX Bean with object name Ratis:service=RaftServer,group=group-3F213833E1F5,id=97e8c787-6023-4421-819a-0b5ced458c94
2022-09-30 13:40:29,820 [Command processor thread] INFO  server.RaftServer (RaftServerProxy.java:addNew(96)) - 97e8c787-6023-4421-819a-0b5ced458c94: addNew group-CB8B115B4935:[97e8c787-6023-4421-819a-0b5ced458c94|rpc:10.1.0.210:36437|priority:1] returns group-CB8B115B4935:java.util.concurrent.CompletableFuture@2b9bb225[Not completed]
2022-09-30 13:40:29,824 [pool-118-thread-1] INFO  server.RaftServer$Division (RaftServerImpl.java:<init>(190)) - 97e8c787-6023-4421-819a-0b5ced458c94: new RaftServerImpl for group-CB8B115B4935:[97e8c787-6023-4421-819a-0b5ced458c94|rpc:10.1.0.210:36437|priority:1] with ContainerStateMachine:uninitialized
2022-09-30 13:40:29,825 [pool-118-thread-1] INFO  server.RaftServerConfigKeys (ConfUtils.java:logGet(46)) - raft.server.rpc.timeout.min = 5s (custom)
2022-09-30 13:40:29,825 [pool-118-thread-1] INFO  server.RaftServerConfigKeys (ConfUtils.java:logGet(46)) - raft.server.rpc.timeout.max = 5200ms (custom)
2022-09-30 13:40:29,825 [pool-118-thread-1] INFO  server.RaftServerConfigKeys (ConfUtils.java:logGet(46)) - raft.server.rpc.sleep.time = 25ms (default)
2022-09-30 13:40:29,825 [pool-118-thread-1] INFO  server.RaftServerConfigKeys (ConfUtils.java:logGet(46)) - raft.server.rpc.slowness.timeout = 300s (custom)
2022-09-30 13:40:29,825 [pool-118-thread-1] INFO  server.RaftServerConfigKeys (ConfUtils.java:logGet(46)) - raft.server.leaderelection.leader.step-down.wait-time = 10s (default)
2022-09-30 13:40:29,825 [pool-118-thread-1] INFO  server.RaftServerConfigKeys (ConfUtils.java:logGet(46)) - raft.server.sleep.deviation.threshold = 300ms (default)
2022-09-30 13:40:29,825 [pool-118-thread-1] INFO  server.RaftServer$Division (ServerState.java:<init>(107)) - 97e8c787-6023-4421-819a-0b5ced458c94@group-CB8B115B4935: ConfigurationManager, init=-1: [97e8c787-6023-4421-819a-0b5ced458c94|rpc:10.1.0.210:36437|priority:1], old=null, confs=<EMPTY_MAP>
2022-09-30 13:40:29,825 [pool-118-thread-1] INFO  server.RaftServerConfigKeys (ConfUtils.java:logGet(46)) - raft.server.storage.dir = [/home/runner/work/ozone/ozone/hadoop-ozone/integration-test/target/test-dir/MiniOzoneClusterImpl-8c4c252e-cda6-42f5-b80f-9d168f3e16cf/datanode-2/data/ratis] (custom)
2022-09-30 13:40:29,825 [pool-118-thread-1] INFO  server.RaftServerConfigKeys (ConfUtils.java:logGet(46)) - raft.server.log.corruption.policy = EXCEPTION (default)
2022-09-30 13:40:29,825 [pool-118-thread-1] INFO  server.RaftServerConfigKeys (ConfUtils.java:logGet(46)) - raft.server.storage.free-space.min = 0MB (=0) (default)
2022-09-30 13:40:29,825 [pool-118-thread-1] INFO  storage.RaftStorageDirectory (RaftStorageDirectoryImpl.java:analyzeStorage(135)) - The storage directory /home/runner/work/ozone/ozone/hadoop-ozone/integration-test/target/test-dir/MiniOzoneClusterImpl-8c4c252e-cda6-42f5-b80f-9d168f3e16cf/datanode-2/data/ratis/dc7a1006-1430-45a5-a900-cb8b115b4935 does not exist. Creating ...
2022-09-30 13:40:29,829 [pool-118-thread-1] INFO  storage.RaftStorageDirectory (RaftStorageDirectoryImpl.java:tryLock(230)) - Lock on /home/runner/work/ozone/ozone/hadoop-ozone/integration-test/target/test-dir/MiniOzoneClusterImpl-8c4c252e-cda6-42f5-b80f-9d168f3e16cf/datanode-2/data/ratis/dc7a1006-1430-45a5-a900-cb8b115b4935/in_use.lock acquired by nodename 61277@fv-az264-432
2022-09-30 13:40:29,833 [pool-118-thread-1] INFO  storage.RaftStorage (RaftStorageImpl.java:format(89)) - Storage directory /home/runner/work/ozone/ozone/hadoop-ozone/integration-test/target/test-dir/MiniOzoneClusterImpl-8c4c252e-cda6-42f5-b80f-9d168f3e16cf/datanode-2/data/ratis/dc7a1006-1430-45a5-a900-cb8b115b4935 has been successfully formatted.
2022-09-30 13:40:29,835 [pool-118-thread-1] INFO  ratis.ContainerStateMachine (ContainerStateMachine.java:loadSnapshot(236)) - group-CB8B115B4935: The snapshot info is null. Setting the last applied indexto:(t:0, i:~)
2022-09-30 13:40:29,835 [pool-118-thread-1] INFO  server.RaftServerConfigKeys (ConfUtils.java:logGet(46)) - raft.server.notification.no-leader.timeout = 300s (custom)
2022-09-30 13:40:29,835 [pool-118-thread-1] INFO  server.RaftServerConfigKeys (ConfUtils.java:logGet(46)) - raft.server.log.use.memory = false (default)
2022-09-30 13:40:29,835 [pool-118-thread-1] INFO  server.RaftServerConfigKeys (ConfUtils.java:logGet(46)) - raft.server.log.purge.gap = 1000000 (custom)
2022-09-30 13:40:29,835 [pool-118-thread-1] INFO  server.RaftServerConfigKeys (ConfUtils.java:logGet(46)) - raft.server.log.appender.buffer.byte-limit = 33554432 (custom)
2022-09-30 13:40:29,835 [pool-118-thread-1] INFO  server.RaftServerConfigKeys (ConfUtils.java:logGet(46)) - raft.server.log.statemachine.data.read.timeout = 1000ms (default)
2022-09-30 13:40:29,835 [pool-118-thread-1] INFO  server.RaftServerConfigKeys (ConfUtils.java:logGet(46)) - raft.server.log.segment.size.max = 1048576 (custom)
2022-09-30 13:40:29,836 [pool-118-thread-1] INFO  server.RaftServerConfigKeys (ConfUtils.java:logGet(46)) - raft.server.log.segment.cache.num.max = 2 (custom)
2022-09-30 13:40:29,836 [pool-118-thread-1] INFO  server.RaftServerConfigKeys (ConfUtils.java:logGet(46)) - raft.server.log.segment.cache.size.max = 200MB (=209715200) (default)
2022-09-30 13:40:29,836 [pool-118-thread-1] INFO  segmented.SegmentedRaftLogWorker (SegmentedRaftLogWorker.java:<init>(187)) - new 97e8c787-6023-4421-819a-0b5ced458c94@group-CB8B115B4935-SegmentedRaftLogWorker for RaftStorageImpl:Storage Directory /home/runner/work/ozone/ozone/hadoop-ozone/integration-test/target/test-dir/MiniOzoneClusterImpl-8c4c252e-cda6-42f5-b80f-9d168f3e16cf/datanode-2/data/ratis/dc7a1006-1430-45a5-a900-cb8b115b4935
2022-09-30 13:40:29,836 [pool-118-thread-1] INFO  server.RaftServerConfigKeys (ConfUtils.java:logGet(46)) - raft.server.log.queue.byte-limit = 4294967296 (custom)
2022-09-30 13:40:29,836 [pool-118-thread-1] INFO  server.RaftServerConfigKeys (ConfUtils.java:logGet(46)) - raft.server.log.queue.element-limit = 1024 (custom)
2022-09-30 13:40:29,836 [pool-118-thread-1] INFO  server.RaftServerConfigKeys (ConfUtils.java:logGet(46)) - raft.server.log.segment.size.max = 1048576 (custom)
2022-09-30 13:40:29,836 [pool-118-thread-1] INFO  server.RaftServerConfigKeys (ConfUtils.java:logGet(46)) - raft.server.log.preallocated.size = 16384 (custom)
2022-09-30 13:40:29,836 [pool-118-thread-1] INFO  server.RaftServerConfigKeys (ConfUtils.java:logGet(46)) - raft.server.log.force.sync.num = 128 (default)
2022-09-30 13:40:29,836 [pool-118-thread-1] INFO  server.RaftServerConfigKeys (ConfUtils.java:logGet(46)) - raft.server.log.statemachine.data.sync = true (default)
2022-09-30 13:40:29,836 [pool-118-thread-1] INFO  server.RaftServerConfigKeys (ConfUtils.java:logGet(46)) - raft.server.log.statemachine.data.sync.timeout = 10s (default)
2022-09-30 13:40:29,836 [pool-118-thread-1] INFO  server.RaftServerConfigKeys (ConfUtils.java:logGet(46)) - raft.server.log.statemachine.data.sync.timeout.retry = -1 (default)
2022-09-30 13:40:29,838 [pool-118-thread-1] INFO  server.RaftServerConfigKeys (ConfUtils.java:logGet(46)) - raft.server.log.write.buffer.size = 1048576 (custom)
2022-09-30 13:40:29,839 [EventQueue-PipelineReportForPipelineReportHandler] INFO  pipeline.PipelineManagerImpl (PipelineManagerImpl.java:openPipeline(367)) - Pipeline Pipeline[ Id: dc7a1006-1430-45a5-a900-cb8b115b4935, Nodes: 97e8c787-6023-4421-819a-0b5ced458c94{ip: 10.1.0.210, host: fv-az264-432.ca02foy5wcnuvlrvrz2wi3p2og.dx.internal.cloudapp.net, ports: [REPLICATION=41907, RATIS=36437, RATIS_ADMIN=36437, RATIS_SERVER=36437, STANDALONE=34177], networkLocation: /default-rack, certSerialId: null, persistedOpState: IN_SERVICE, persistedOpStateExpiryEpochSec: 0}, ReplicationConfig: RATIS/ONE, State:ALLOCATED, leaderId:97e8c787-6023-4421-819a-0b5ced458c94, CreationTimestamp2022-09-30T13:40:26.825Z[Etc/UTC]] moved to OPEN state
2022-09-30 13:40:29,839 [EventQueue-OpenPipelineForHealthyPipelineSafeModeRule] INFO  safemode.SCMSafeModeManager (HealthyPipelineSafeModeRule.java:process(137)) - SCM in safe mode. Healthy pipelines reported count is 0, required healthy pipeline reported count is 1
2022-09-30 13:40:29,840 [pool-118-thread-1] INFO  server.RaftServerConfigKeys (ConfUtils.java:logGet(46)) - raft.server.log.unsafe-flush.enabled = false (default)
2022-09-30 13:40:29,841 [pool-118-thread-1] INFO  server.RaftServerConfigKeys (ConfUtils.java:logGet(46)) - raft.server.log.statemachine.data.caching.enabled = true (custom)
2022-09-30 13:40:29,842 [pool-118-thread-1] INFO  segmented.SegmentedRaftLogWorker (SegmentedRaftLogWorker.java:lambda$new$0(135)) - 97e8c787-6023-4421-819a-0b5ced458c94@group-CB8B115B4935-SegmentedRaftLogWorker: flushIndex: setUnconditionally 0 -> -1
2022-09-30 13:40:29,842 [pool-118-thread-1] INFO  segmented.SegmentedRaftLogWorker (SegmentedRaftLogWorker.java:lambda$new$0(135)) - 97e8c787-6023-4421-819a-0b5ced458c94@group-CB8B115B4935-SegmentedRaftLogWorker: safeCacheEvictIndex: setUnconditionally 0 -> -1
2022-09-30 13:40:29,842 [pool-118-thread-1] INFO  server.RaftServerConfigKeys (ConfUtils.java:logGet(46)) - raft.server.snapshot.auto.trigger.enabled = true (custom)
2022-09-30 13:40:29,842 [pool-118-thread-1] INFO  server.RaftServerConfigKeys (ConfUtils.java:logGet(46)) - raft.server.snapshot.auto.trigger.threshold = 10000 (custom)
2022-09-30 13:40:29,842 [pool-118-thread-1] INFO  server.RaftServerConfigKeys (ConfUtils.java:logGet(46)) - raft.server.snapshot.retention.file.num = 5 (custom)
2022-09-30 13:40:29,842 [pool-118-thread-1] INFO  server.RaftServerConfigKeys (ConfUtils.java:logGet(46)) - raft.server.log.purge.upto.snapshot.index = false (default)
2022-09-30 13:40:29,842 [pool-118-thread-1] INFO  server.RaftServerConfigKeys (ConfUtils.java:logGet(46)) - raft.server.retrycache.expirytime = 600000ms (custom)
2022-09-30 13:40:29,842 [pool-118-thread-1] INFO  server.RaftServerConfigKeys (ConfUtils.java:logGet(46)) - raft.server.retrycache.statistics.expirytime = 100μs (default)
2022-09-30 13:40:29,844 [pool-118-thread-1] INFO  server.RaftServerConfigKeys (ConfUtils.java:logGet(46)) - raft.server.log.appender.install.snapshot.enabled = false (custom)
2022-09-30 13:40:29,844 [pool-118-thread-1] INFO  server.RaftServerConfigKeys (ConfUtils.java:logGet(46)) - raft.server.threadpool.server.cached = true (default)
2022-09-30 13:40:29,844 [pool-118-thread-1] INFO  server.RaftServerConfigKeys (ConfUtils.java:logGet(46)) - raft.server.threadpool.server.size = 0 (default)
2022-09-30 13:40:29,844 [pool-118-thread-1] INFO  server.RaftServerConfigKeys (ConfUtils.java:logGet(46)) - raft.server.threadpool.client.cached = true (default)
2022-09-30 13:40:29,844 [pool-118-thread-1] INFO  server.RaftServerConfigKeys (ConfUtils.java:logGet(46)) - raft.server.threadpool.client.size = 0 (default)
2022-09-30 13:40:29,844 [pool-118-thread-1] INFO  server.RaftServer$Division (RaftServerImpl.java:start(310)) - 97e8c787-6023-4421-819a-0b5ced458c94@group-CB8B115B4935: start as a follower, conf=-1: [97e8c787-6023-4421-819a-0b5ced458c94|rpc:10.1.0.210:36437|priority:1], old=null
2022-09-30 13:40:29,844 [pool-118-thread-1] INFO  server.RaftServer$Division (RaftServerImpl.java:setRole(299)) - 97e8c787-6023-4421-819a-0b5ced458c94@group-CB8B115B4935: changes role from      null to FOLLOWER at term 0 for startAsFollower
2022-09-30 13:40:29,845 [pool-118-thread-1] INFO  impl.RoleInfo (RoleInfo.java:updateAndGet(139)) - 97e8c787-6023-4421-819a-0b5ced458c94: start 97e8c787-6023-4421-819a-0b5ced458c94@group-CB8B115B4935-FollowerState
2022-09-30 13:40:29,846 [pool-118-thread-1] INFO  util.JmxRegister (JmxRegister.java:tryRegister(44)) - Successfully registered JMX Bean with object name Ratis:service=RaftServer,group=group-CB8B115B4935,id=97e8c787-6023-4421-819a-0b5ced458c94
2022-09-30 13:40:29,846 [Command processor thread] INFO  ratis.XceiverServerRatis (XceiverServerRatis.java:addGroup(765)) - Created group PipelineID=dc7a1006-1430-45a5-a900-cb8b115b4935
2022-09-30 13:40:29,848 [Command processor thread] INFO  commandhandler.CreatePipelineCommandHandler (CreatePipelineCommandHandler.java:handle(113)) - Created Pipeline RATIS ONE PipelineID=dc7a1006-1430-45a5-a900-cb8b115b4935.
2022-09-30 13:40:29,892 [Command processor thread] INFO  commandhandler.CreatePipelineCommandHandler (CreatePipelineCommandHandler.java:handle(113)) - Created Pipeline RATIS THREE PipelineID=9504cae7-2c67-458d-bacc-3f213833e1f5.
2022-09-30 13:40:29,896 [Command processor thread] INFO  commandhandler.CreatePipelineCommandHandler (CreatePipelineCommandHandler.java:handle(113)) - Created Pipeline RATIS THREE PipelineID=9504cae7-2c67-458d-bacc-3f213833e1f5.
2022-09-30 13:40:29,972 [ReplicationMonitor] INFO  replication.ReplicationManager (ReplicationManager.java:processAll(291)) - Replication Manager is not ready to run until 3000ms after safemode exit
2022-09-30 13:40:30,232 [Command processor thread] INFO  server.RaftServer (RaftServerProxy.java:addNew(96)) - 542c7706-6f03-4002-aadb-418c9fc9cb26: addNew group-F543DDAFFD2D:[542c7706-6f03-4002-aadb-418c9fc9cb26|rpc:10.1.0.210:37931|priority:1] returns group-F543DDAFFD2D:java.util.concurrent.CompletableFuture@25cb442a[Not completed]
2022-09-30 13:40:30,233 [pool-141-thread-1] INFO  server.RaftServer$Division (RaftServerImpl.java:<init>(190)) - 542c7706-6f03-4002-aadb-418c9fc9cb26: new RaftServerImpl for group-F543DDAFFD2D:[542c7706-6f03-4002-aadb-418c9fc9cb26|rpc:10.1.0.210:37931|priority:1] with ContainerStateMachine:uninitialized
2022-09-30 13:40:30,233 [pool-141-thread-1] INFO  server.RaftServerConfigKeys (ConfUtils.java:logGet(46)) - raft.server.rpc.timeout.min = 5s (custom)
2022-09-30 13:40:30,233 [pool-141-thread-1] INFO  server.RaftServerConfigKeys (ConfUtils.java:logGet(46)) - raft.server.rpc.timeout.max = 5200ms (custom)
2022-09-30 13:40:30,234 [pool-141-thread-1] INFO  server.RaftServerConfigKeys (ConfUtils.java:logGet(46)) - raft.server.rpc.sleep.time = 25ms (default)
2022-09-30 13:40:30,234 [pool-141-thread-1] INFO  server.RaftServerConfigKeys (ConfUtils.java:logGet(46)) - raft.server.rpc.slowness.timeout = 300s (custom)
2022-09-30 13:40:30,234 [pool-141-thread-1] INFO  server.RaftServerConfigKeys (ConfUtils.java:logGet(46)) - raft.server.leaderelection.leader.step-down.wait-time = 10s (default)
2022-09-30 13:40:30,234 [pool-141-thread-1] INFO  server.RaftServerConfigKeys (ConfUtils.java:logGet(46)) - raft.server.sleep.deviation.threshold = 300ms (default)
2022-09-30 13:40:30,234 [pool-141-thread-1] INFO  server.RaftServer$Division (ServerState.java:<init>(107)) - 542c7706-6f03-4002-aadb-418c9fc9cb26@group-F543DDAFFD2D: ConfigurationManager, init=-1: [542c7706-6f03-4002-aadb-418c9fc9cb26|rpc:10.1.0.210:37931|priority:1], old=null, confs=<EMPTY_MAP>
2022-09-30 13:40:30,234 [pool-141-thread-1] INFO  server.RaftServerConfigKeys (ConfUtils.java:logGet(46)) - raft.server.storage.dir = [/home/runner/work/ozone/ozone/hadoop-ozone/integration-test/target/test-dir/MiniOzoneClusterImpl-8c4c252e-cda6-42f5-b80f-9d168f3e16cf/datanode-3/data/ratis] (custom)
2022-09-30 13:40:30,235 [pool-141-thread-1] INFO  server.RaftServerConfigKeys (ConfUtils.java:logGet(46)) - raft.server.log.corruption.policy = EXCEPTION (default)
2022-09-30 13:40:30,235 [pool-141-thread-1] INFO  server.RaftServerConfigKeys (ConfUtils.java:logGet(46)) - raft.server.storage.free-space.min = 0MB (=0) (default)
2022-09-30 13:40:30,235 [pool-141-thread-1] INFO  storage.RaftStorageDirectory (RaftStorageDirectoryImpl.java:analyzeStorage(135)) - The storage directory /home/runner/work/ozone/ozone/hadoop-ozone/integration-test/target/test-dir/MiniOzoneClusterImpl-8c4c252e-cda6-42f5-b80f-9d168f3e16cf/datanode-3/data/ratis/77d59a88-2c45-48e9-b11c-f543ddaffd2d does not exist. Creating ...
2022-09-30 13:40:30,237 [pool-141-thread-1] INFO  storage.RaftStorageDirectory (RaftStorageDirectoryImpl.java:tryLock(230)) - Lock on /home/runner/work/ozone/ozone/hadoop-ozone/integration-test/target/test-dir/MiniOzoneClusterImpl-8c4c252e-cda6-42f5-b80f-9d168f3e16cf/datanode-3/data/ratis/77d59a88-2c45-48e9-b11c-f543ddaffd2d/in_use.lock acquired by nodename 61277@fv-az264-432
2022-09-30 13:40:30,239 [pool-141-thread-1] INFO  storage.RaftStorage (RaftStorageImpl.java:format(89)) - Storage directory /home/runner/work/ozone/ozone/hadoop-ozone/integration-test/target/test-dir/MiniOzoneClusterImpl-8c4c252e-cda6-42f5-b80f-9d168f3e16cf/datanode-3/data/ratis/77d59a88-2c45-48e9-b11c-f543ddaffd2d has been successfully formatted.
2022-09-30 13:40:30,240 [pool-141-thread-1] INFO  ratis.ContainerStateMachine (ContainerStateMachine.java:loadSnapshot(236)) - group-F543DDAFFD2D: The snapshot info is null. Setting the last applied indexto:(t:0, i:~)
2022-09-30 13:40:30,240 [pool-141-thread-1] INFO  server.RaftServerConfigKeys (ConfUtils.java:logGet(46)) - raft.server.notification.no-leader.timeout = 300s (custom)
2022-09-30 13:40:30,240 [pool-141-thread-1] INFO  server.RaftServerConfigKeys (ConfUtils.java:logGet(46)) - raft.server.log.use.memory = false (default)
2022-09-30 13:40:30,240 [pool-141-thread-1] INFO  server.RaftServerConfigKeys (ConfUtils.java:logGet(46)) - raft.server.log.purge.gap = 1000000 (custom)
2022-09-30 13:40:30,240 [pool-141-thread-1] INFO  server.RaftServerConfigKeys (ConfUtils.java:logGet(46)) - raft.server.log.appender.buffer.byte-limit = 33554432 (custom)
2022-09-30 13:40:30,240 [pool-141-thread-1] INFO  server.RaftServerConfigKeys (ConfUtils.java:logGet(46)) - raft.server.log.statemachine.data.read.timeout = 1000ms (default)
2022-09-30 13:40:30,241 [pool-141-thread-1] INFO  server.RaftServerConfigKeys (ConfUtils.java:logGet(46)) - raft.server.log.segment.size.max = 1048576 (custom)
2022-09-30 13:40:30,244 [EventQueue-PipelineReportForPipelineReportHandler] INFO  pipeline.PipelineManagerImpl (PipelineManagerImpl.java:openPipeline(367)) - Pipeline Pipeline[ Id: 77d59a88-2c45-48e9-b11c-f543ddaffd2d, Nodes: 542c7706-6f03-4002-aadb-418c9fc9cb26{ip: 10.1.0.210, host: fv-az264-432.ca02foy5wcnuvlrvrz2wi3p2og.dx.internal.cloudapp.net, ports: [REPLICATION=42815, RATIS=37931, RATIS_ADMIN=37931, RATIS_SERVER=37931, STANDALONE=38243], networkLocation: /default-rack, certSerialId: null, persistedOpState: IN_SERVICE, persistedOpStateExpiryEpochSec: 0}, ReplicationConfig: RATIS/ONE, State:ALLOCATED, leaderId:542c7706-6f03-4002-aadb-418c9fc9cb26, CreationTimestamp2022-09-30T13:40:27.235Z[Etc/UTC]] moved to OPEN state
2022-09-30 13:40:30,244 [EventQueue-OpenPipelineForHealthyPipelineSafeModeRule] INFO  safemode.SCMSafeModeManager (HealthyPipelineSafeModeRule.java:process(137)) - SCM in safe mode. Healthy pipelines reported count is 0, required healthy pipeline reported count is 1
2022-09-30 13:40:30,245 [pool-141-thread-1] INFO  server.RaftServerConfigKeys (ConfUtils.java:logGet(46)) - raft.server.log.segment.cache.num.max = 2 (custom)
2022-09-30 13:40:30,246 [pool-141-thread-1] INFO  server.RaftServerConfigKeys (ConfUtils.java:logGet(46)) - raft.server.log.segment.cache.size.max = 200MB (=209715200) (default)
2022-09-30 13:40:30,246 [pool-141-thread-1] INFO  segmented.SegmentedRaftLogWorker (SegmentedRaftLogWorker.java:<init>(187)) - new 542c7706-6f03-4002-aadb-418c9fc9cb26@group-F543DDAFFD2D-SegmentedRaftLogWorker for RaftStorageImpl:Storage Directory /home/runner/work/ozone/ozone/hadoop-ozone/integration-test/target/test-dir/MiniOzoneClusterImpl-8c4c252e-cda6-42f5-b80f-9d168f3e16cf/datanode-3/data/ratis/77d59a88-2c45-48e9-b11c-f543ddaffd2d
2022-09-30 13:40:30,247 [pool-141-thread-1] INFO  server.RaftServerConfigKeys (ConfUtils.java:logGet(46)) - raft.server.log.queue.byte-limit = 4294967296 (custom)
2022-09-30 13:40:30,247 [pool-141-thread-1] INFO  server.RaftServerConfigKeys (ConfUtils.java:logGet(46)) - raft.server.log.queue.element-limit = 1024 (custom)
2022-09-30 13:40:30,247 [pool-141-thread-1] INFO  server.RaftServerConfigKeys (ConfUtils.java:logGet(46)) - raft.server.log.segment.size.max = 1048576 (custom)
2022-09-30 13:40:30,247 [pool-141-thread-1] INFO  server.RaftServerConfigKeys (ConfUtils.java:logGet(46)) - raft.server.log.preallocated.size = 16384 (custom)
2022-09-30 13:40:30,247 [pool-141-thread-1] INFO  server.RaftServerConfigKeys (ConfUtils.java:logGet(46)) - raft.server.log.force.sync.num = 128 (default)
2022-09-30 13:40:30,247 [pool-141-thread-1] INFO  server.RaftServerConfigKeys (ConfUtils.java:logGet(46)) - raft.server.log.statemachine.data.sync = true (default)
2022-09-30 13:40:30,247 [pool-141-thread-1] INFO  server.RaftServerConfigKeys (ConfUtils.java:logGet(46)) - raft.server.log.statemachine.data.sync.timeout = 10s (default)
2022-09-30 13:40:30,247 [pool-141-thread-1] INFO  server.RaftServerConfigKeys (ConfUtils.java:logGet(46)) - raft.server.log.statemachine.data.sync.timeout.retry = -1 (default)
2022-09-30 13:40:30,249 [pool-141-thread-1] INFO  server.RaftServerConfigKeys (ConfUtils.java:logGet(46)) - raft.server.log.write.buffer.size = 1048576 (custom)
2022-09-30 13:40:30,250 [pool-141-thread-1] INFO  server.RaftServerConfigKeys (ConfUtils.java:logGet(46)) - raft.server.log.unsafe-flush.enabled = false (default)
2022-09-30 13:40:30,250 [pool-141-thread-1] INFO  server.RaftServerConfigKeys (ConfUtils.java:logGet(46)) - raft.server.log.statemachine.data.caching.enabled = true (custom)
2022-09-30 13:40:30,250 [pool-141-thread-1] INFO  segmented.SegmentedRaftLogWorker (SegmentedRaftLogWorker.java:lambda$new$0(135)) - 542c7706-6f03-4002-aadb-418c9fc9cb26@group-F543DDAFFD2D-SegmentedRaftLogWorker: flushIndex: setUnconditionally 0 -> -1
2022-09-30 13:40:30,250 [pool-141-thread-1] INFO  segmented.SegmentedRaftLogWorker (SegmentedRaftLogWorker.java:lambda$new$0(135)) - 542c7706-6f03-4002-aadb-418c9fc9cb26@group-F543DDAFFD2D-SegmentedRaftLogWorker: safeCacheEvictIndex: setUnconditionally 0 -> -1
2022-09-30 13:40:30,250 [pool-141-thread-1] INFO  server.RaftServerConfigKeys (ConfUtils.java:logGet(46)) - raft.server.snapshot.auto.trigger.enabled = true (custom)
2022-09-30 13:40:30,250 [pool-141-thread-1] INFO  server.RaftServerConfigKeys (ConfUtils.java:logGet(46)) - raft.server.snapshot.auto.trigger.threshold = 10000 (custom)
2022-09-30 13:40:30,250 [pool-141-thread-1] INFO  server.RaftServerConfigKeys (ConfUtils.java:logGet(46)) - raft.server.snapshot.retention.file.num = 5 (custom)
2022-09-30 13:40:30,250 [pool-141-thread-1] INFO  server.RaftServerConfigKeys (ConfUtils.java:logGet(46)) - raft.server.log.purge.upto.snapshot.index = false (default)
2022-09-30 13:40:30,251 [pool-141-thread-1] INFO  server.RaftServerConfigKeys (ConfUtils.java:logGet(46)) - raft.server.retrycache.expirytime = 600000ms (custom)
2022-09-30 13:40:30,251 [pool-141-thread-1] INFO  server.RaftServerConfigKeys (ConfUtils.java:logGet(46)) - raft.server.retrycache.statistics.expirytime = 100μs (default)
2022-09-30 13:40:30,252 [pool-141-thread-1] INFO  server.RaftServerConfigKeys (ConfUtils.java:logGet(46)) - raft.server.log.appender.install.snapshot.enabled = false (custom)
2022-09-30 13:40:30,252 [pool-141-thread-1] INFO  server.RaftServerConfigKeys (ConfUtils.java:logGet(46)) - raft.server.threadpool.server.cached = true (default)
2022-09-30 13:40:30,252 [pool-141-thread-1] INFO  server.RaftServerConfigKeys (ConfUtils.java:logGet(46)) - raft.server.threadpool.server.size = 0 (default)
2022-09-30 13:40:30,252 [pool-141-thread-1] INFO  server.RaftServerConfigKeys (ConfUtils.java:logGet(46)) - raft.server.threadpool.client.cached = true (default)
2022-09-30 13:40:30,252 [pool-141-thread-1] INFO  server.RaftServerConfigKeys (ConfUtils.java:logGet(46)) - raft.server.threadpool.client.size = 0 (default)
2022-09-30 13:40:30,252 [pool-141-thread-1] INFO  server.RaftServer$Division (RaftServerImpl.java:start(310)) - 542c7706-6f03-4002-aadb-418c9fc9cb26@group-F543DDAFFD2D: start as a follower, conf=-1: [542c7706-6f03-4002-aadb-418c9fc9cb26|rpc:10.1.0.210:37931|priority:1], old=null
2022-09-30 13:40:30,252 [pool-141-thread-1] INFO  server.RaftServer$Division (RaftServerImpl.java:setRole(299)) - 542c7706-6f03-4002-aadb-418c9fc9cb26@group-F543DDAFFD2D: changes role from      null to FOLLOWER at term 0 for startAsFollower
2022-09-30 13:40:30,252 [pool-141-thread-1] INFO  impl.RoleInfo (RoleInfo.java:updateAndGet(139)) - 542c7706-6f03-4002-aadb-418c9fc9cb26: start 542c7706-6f03-4002-aadb-418c9fc9cb26@group-F543DDAFFD2D-FollowerState
2022-09-30 13:40:30,253 [pool-141-thread-1] INFO  util.JmxRegister (JmxRegister.java:tryRegister(44)) - Successfully registered JMX Bean with object name Ratis:service=RaftServer,group=group-F543DDAFFD2D,id=542c7706-6f03-4002-aadb-418c9fc9cb26
2022-09-30 13:40:30,256 [Command processor thread] INFO  ratis.XceiverServerRatis (XceiverServerRatis.java:addGroup(765)) - Created group PipelineID=77d59a88-2c45-48e9-b11c-f543ddaffd2d
2022-09-30 13:40:30,256 [Command processor thread] INFO  commandhandler.CreatePipelineCommandHandler (CreatePipelineCommandHandler.java:handle(113)) - Created Pipeline RATIS ONE PipelineID=77d59a88-2c45-48e9-b11c-f543ddaffd2d.
2022-09-30 13:40:30,256 [Command processor thread] INFO  server.RaftServer (RaftServerProxy.java:addNew(96)) - 542c7706-6f03-4002-aadb-418c9fc9cb26: addNew group-421C2E2EB869:[542c7706-6f03-4002-aadb-418c9fc9cb26|rpc:10.1.0.210:37931|priority:0, 43811407-7c21-4fcd-ab69-dbd9b60ed504|rpc:10.1.0.210:42941|priority:1, c604563f-8b94-483f-a354-2ed29e633e80|rpc:10.1.0.210:36125|priority:0] returns group-421C2E2EB869:java.util.concurrent.CompletableFuture@21f4c44b[Not completed]
2022-09-30 13:40:30,257 [pool-141-thread-1] INFO  server.RaftServer$Division (RaftServerImpl.java:<init>(190)) - 542c7706-6f03-4002-aadb-418c9fc9cb26: new RaftServerImpl for group-421C2E2EB869:[542c7706-6f03-4002-aadb-418c9fc9cb26|rpc:10.1.0.210:37931|priority:0, 43811407-7c21-4fcd-ab69-dbd9b60ed504|rpc:10.1.0.210:42941|priority:1, c604563f-8b94-483f-a354-2ed29e633e80|rpc:10.1.0.210:36125|priority:0] with ContainerStateMachine:uninitialized
2022-09-30 13:40:30,257 [pool-141-thread-1] INFO  server.RaftServerConfigKeys (ConfUtils.java:logGet(46)) - raft.server.rpc.timeout.min = 5s (custom)
2022-09-30 13:40:30,257 [pool-141-thread-1] INFO  server.RaftServerConfigKeys (ConfUtils.java:logGet(46)) - raft.server.rpc.timeout.max = 5200ms (custom)
2022-09-30 13:40:30,257 [pool-141-thread-1] INFO  server.RaftServerConfigKeys (ConfUtils.java:logGet(46)) - raft.server.rpc.sleep.time = 25ms (default)
2022-09-30 13:40:30,257 [pool-141-thread-1] INFO  server.RaftServerConfigKeys (ConfUtils.java:logGet(46)) - raft.server.rpc.slowness.timeout = 300s (custom)
2022-09-30 13:40:30,257 [pool-141-thread-1] INFO  server.RaftServerConfigKeys (ConfUtils.java:logGet(46)) - raft.server.leaderelection.leader.step-down.wait-time = 10s (default)
2022-09-30 13:40:30,258 [pool-141-thread-1] INFO  server.RaftServerConfigKeys (ConfUtils.java:logGet(46)) - raft.server.sleep.deviation.threshold = 300ms (default)
2022-09-30 13:40:30,258 [pool-141-thread-1] INFO  server.RaftServer$Division (ServerState.java:<init>(107)) - 542c7706-6f03-4002-aadb-418c9fc9cb26@group-421C2E2EB869: ConfigurationManager, init=-1: [542c7706-6f03-4002-aadb-418c9fc9cb26|rpc:10.1.0.210:37931|priority:0, 43811407-7c21-4fcd-ab69-dbd9b60ed504|rpc:10.1.0.210:42941|priority:1, c604563f-8b94-483f-a354-2ed29e633e80|rpc:10.1.0.210:36125|priority:0], old=null, confs=<EMPTY_MAP>
2022-09-30 13:40:30,258 [pool-141-thread-1] INFO  server.RaftServerConfigKeys (ConfUtils.java:logGet(46)) - raft.server.storage.dir = [/home/runner/work/ozone/ozone/hadoop-ozone/integration-test/target/test-dir/MiniOzoneClusterImpl-8c4c252e-cda6-42f5-b80f-9d168f3e16cf/datanode-3/data/ratis] (custom)
2022-09-30 13:40:30,258 [pool-141-thread-1] INFO  server.RaftServerConfigKeys (ConfUtils.java:logGet(46)) - raft.server.log.corruption.policy = EXCEPTION (default)
2022-09-30 13:40:30,258 [pool-141-thread-1] INFO  server.RaftServerConfigKeys (ConfUtils.java:logGet(46)) - raft.server.storage.free-space.min = 0MB (=0) (default)
2022-09-30 13:40:30,258 [pool-141-thread-1] INFO  storage.RaftStorageDirectory (RaftStorageDirectoryImpl.java:analyzeStorage(135)) - The storage directory /home/runner/work/ozone/ozone/hadoop-ozone/integration-test/target/test-dir/MiniOzoneClusterImpl-8c4c252e-cda6-42f5-b80f-9d168f3e16cf/datanode-3/data/ratis/abe80a8b-6cb2-4e64-a615-421c2e2eb869 does not exist. Creating ...
2022-09-30 13:40:30,259 [pool-141-thread-1] INFO  storage.RaftStorageDirectory (RaftStorageDirectoryImpl.java:tryLock(230)) - Lock on /home/runner/work/ozone/ozone/hadoop-ozone/integration-test/target/test-dir/MiniOzoneClusterImpl-8c4c252e-cda6-42f5-b80f-9d168f3e16cf/datanode-3/data/ratis/abe80a8b-6cb2-4e64-a615-421c2e2eb869/in_use.lock acquired by nodename 61277@fv-az264-432
2022-09-30 13:40:30,261 [pool-141-thread-1] INFO  storage.RaftStorage (RaftStorageImpl.java:format(89)) - Storage directory /home/runner/work/ozone/ozone/hadoop-ozone/integration-test/target/test-dir/MiniOzoneClusterImpl-8c4c252e-cda6-42f5-b80f-9d168f3e16cf/datanode-3/data/ratis/abe80a8b-6cb2-4e64-a615-421c2e2eb869 has been successfully formatted.
2022-09-30 13:40:30,261 [pool-141-thread-1] INFO  ratis.ContainerStateMachine (ContainerStateMachine.java:loadSnapshot(236)) - group-421C2E2EB869: The snapshot info is null. Setting the last applied indexto:(t:0, i:~)
2022-09-30 13:40:30,261 [pool-141-thread-1] INFO  server.RaftServerConfigKeys (ConfUtils.java:logGet(46)) - raft.server.notification.no-leader.timeout = 300s (custom)
2022-09-30 13:40:30,261 [pool-141-thread-1] INFO  server.RaftServerConfigKeys (ConfUtils.java:logGet(46)) - raft.server.log.use.memory = false (default)
2022-09-30 13:40:30,261 [pool-141-thread-1] INFO  server.RaftServerConfigKeys (ConfUtils.java:logGet(46)) - raft.server.log.purge.gap = 1000000 (custom)
2022-09-30 13:40:30,261 [pool-141-thread-1] INFO  server.RaftServerConfigKeys (ConfUtils.java:logGet(46)) - raft.server.log.appender.buffer.byte-limit = 33554432 (custom)
2022-09-30 13:40:30,261 [pool-141-thread-1] INFO  server.RaftServerConfigKeys (ConfUtils.java:logGet(46)) - raft.server.log.statemachine.data.read.timeout = 1000ms (default)
2022-09-30 13:40:30,262 [pool-141-thread-1] INFO  server.RaftServerConfigKeys (ConfUtils.java:logGet(46)) - raft.server.log.segment.size.max = 1048576 (custom)
2022-09-30 13:40:30,264 [EventQueue-OpenPipelineForHealthyPipelineSafeModeRule] INFO  safemode.SCMSafeModeManager (HealthyPipelineSafeModeRule.java:process(137)) - SCM in safe mode. Healthy pipelines reported count is 0, required healthy pipeline reported count is 1
2022-09-30 13:40:30,265 [pool-141-thread-1] INFO  server.RaftServerConfigKeys (ConfUtils.java:logGet(46)) - raft.server.log.segment.cache.num.max = 2 (custom)
2022-09-30 13:40:30,265 [pool-141-thread-1] INFO  server.RaftServerConfigKeys (ConfUtils.java:logGet(46)) - raft.server.log.segment.cache.size.max = 200MB (=209715200) (default)
2022-09-30 13:40:30,265 [pool-141-thread-1] INFO  segmented.SegmentedRaftLogWorker (SegmentedRaftLogWorker.java:<init>(187)) - new 542c7706-6f03-4002-aadb-418c9fc9cb26@group-421C2E2EB869-SegmentedRaftLogWorker for RaftStorageImpl:Storage Directory /home/runner/work/ozone/ozone/hadoop-ozone/integration-test/target/test-dir/MiniOzoneClusterImpl-8c4c252e-cda6-42f5-b80f-9d168f3e16cf/datanode-3/data/ratis/abe80a8b-6cb2-4e64-a615-421c2e2eb869
2022-09-30 13:40:30,265 [pool-141-thread-1] INFO  server.RaftServerConfigKeys (ConfUtils.java:logGet(46)) - raft.server.log.queue.byte-limit = 4294967296 (custom)
2022-09-30 13:40:30,265 [pool-141-thread-1] INFO  server.RaftServerConfigKeys (ConfUtils.java:logGet(46)) - raft.server.log.queue.element-limit = 1024 (custom)
2022-09-30 13:40:30,265 [pool-141-thread-1] INFO  server.RaftServerConfigKeys (ConfUtils.java:logGet(46)) - raft.server.log.segment.size.max = 1048576 (custom)
2022-09-30 13:40:30,265 [pool-141-thread-1] INFO  server.RaftServerConfigKeys (ConfUtils.java:logGet(46)) - raft.server.log.preallocated.size = 16384 (custom)
2022-09-30 13:40:30,265 [pool-141-thread-1] INFO  server.RaftServerConfigKeys (ConfUtils.java:logGet(46)) - raft.server.log.force.sync.num = 128 (default)
2022-09-30 13:40:30,265 [pool-141-thread-1] INFO  server.RaftServerConfigKeys (ConfUtils.java:logGet(46)) - raft.server.log.statemachine.data.sync = true (default)
2022-09-30 13:40:30,265 [pool-141-thread-1] INFO  server.RaftServerConfigKeys (ConfUtils.java:logGet(46)) - raft.server.log.statemachine.data.sync.timeout = 10s (default)
2022-09-30 13:40:30,265 [pool-141-thread-1] INFO  server.RaftServerConfigKeys (ConfUtils.java:logGet(46)) - raft.server.log.statemachine.data.sync.timeout.retry = -1 (default)
2022-09-30 13:40:30,266 [pool-141-thread-1] INFO  server.RaftServerConfigKeys (ConfUtils.java:logGet(46)) - raft.server.log.write.buffer.size = 1048576 (custom)
2022-09-30 13:40:30,266 [pool-141-thread-1] INFO  server.RaftServerConfigKeys (ConfUtils.java:logGet(46)) - raft.server.log.unsafe-flush.enabled = false (default)
2022-09-30 13:40:30,266 [pool-141-thread-1] INFO  server.RaftServerConfigKeys (ConfUtils.java:logGet(46)) - raft.server.log.statemachine.data.caching.enabled = true (custom)
2022-09-30 13:40:30,267 [pool-141-thread-1] INFO  segmented.SegmentedRaftLogWorker (SegmentedRaftLogWorker.java:lambda$new$0(135)) - 542c7706-6f03-4002-aadb-418c9fc9cb26@group-421C2E2EB869-SegmentedRaftLogWorker: flushIndex: setUnconditionally 0 -> -1
2022-09-30 13:40:30,267 [pool-141-thread-1] INFO  segmented.SegmentedRaftLogWorker (SegmentedRaftLogWorker.java:lambda$new$0(135)) - 542c7706-6f03-4002-aadb-418c9fc9cb26@group-421C2E2EB869-SegmentedRaftLogWorker: safeCacheEvictIndex: setUnconditionally 0 -> -1
2022-09-30 13:40:30,268 [pool-141-thread-1] INFO  server.RaftServerConfigKeys (ConfUtils.java:logGet(46)) - raft.server.snapshot.auto.trigger.enabled = true (custom)
2022-09-30 13:40:30,268 [pool-141-thread-1] INFO  server.RaftServerConfigKeys (ConfUtils.java:logGet(46)) - raft.server.snapshot.auto.trigger.threshold = 10000 (custom)
2022-09-30 13:40:30,268 [pool-141-thread-1] INFO  server.RaftServerConfigKeys (ConfUtils.java:logGet(46)) - raft.server.snapshot.retention.file.num = 5 (custom)
2022-09-30 13:40:30,268 [pool-141-thread-1] INFO  server.RaftServerConfigKeys (ConfUtils.java:logGet(46)) - raft.server.log.purge.upto.snapshot.index = false (default)
2022-09-30 13:40:30,268 [pool-141-thread-1] INFO  server.RaftServerConfigKeys (ConfUtils.java:logGet(46)) - raft.server.retrycache.expirytime = 600000ms (custom)
2022-09-30 13:40:30,268 [pool-141-thread-1] INFO  server.RaftServerConfigKeys (ConfUtils.java:logGet(46)) - raft.server.retrycache.statistics.expirytime = 100μs (default)
2022-09-30 13:40:30,269 [pool-141-thread-1] INFO  server.RaftServerConfigKeys (ConfUtils.java:logGet(46)) - raft.server.log.appender.install.snapshot.enabled = false (custom)
2022-09-30 13:40:30,269 [pool-141-thread-1] INFO  server.RaftServerConfigKeys (ConfUtils.java:logGet(46)) - raft.server.threadpool.server.cached = true (default)
2022-09-30 13:40:30,269 [pool-141-thread-1] INFO  server.RaftServerConfigKeys (ConfUtils.java:logGet(46)) - raft.server.threadpool.server.size = 0 (default)
2022-09-30 13:40:30,269 [pool-141-thread-1] INFO  server.RaftServerConfigKeys (ConfUtils.java:logGet(46)) - raft.server.threadpool.client.cached = true (default)
2022-09-30 13:40:30,269 [pool-141-thread-1] INFO  server.RaftServerConfigKeys (ConfUtils.java:logGet(46)) - raft.server.threadpool.client.size = 0 (default)
2022-09-30 13:40:30,270 [pool-141-thread-1] INFO  server.RaftServer$Division (RaftServerImpl.java:start(310)) - 542c7706-6f03-4002-aadb-418c9fc9cb26@group-421C2E2EB869: start as a follower, conf=-1: [542c7706-6f03-4002-aadb-418c9fc9cb26|rpc:10.1.0.210:37931|priority:0, 43811407-7c21-4fcd-ab69-dbd9b60ed504|rpc:10.1.0.210:42941|priority:1, c604563f-8b94-483f-a354-2ed29e633e80|rpc:10.1.0.210:36125|priority:0], old=null
2022-09-30 13:40:30,270 [pool-141-thread-1] INFO  server.RaftServer$Division (RaftServerImpl.java:setRole(299)) - 542c7706-6f03-4002-aadb-418c9fc9cb26@group-421C2E2EB869: changes role from      null to FOLLOWER at term 0 for startAsFollower
2022-09-30 13:40:30,270 [pool-141-thread-1] INFO  impl.RoleInfo (RoleInfo.java:updateAndGet(139)) - 542c7706-6f03-4002-aadb-418c9fc9cb26: start 542c7706-6f03-4002-aadb-418c9fc9cb26@group-421C2E2EB869-FollowerState
2022-09-30 13:40:30,276 [pool-141-thread-1] INFO  util.JmxRegister (JmxRegister.java:tryRegister(44)) - Successfully registered JMX Bean with object name Ratis:service=RaftServer,group=group-421C2E2EB869,id=542c7706-6f03-4002-aadb-418c9fc9cb26
2022-09-30 13:40:30,277 [Command processor thread] INFO  ratis.XceiverServerRatis (XceiverServerRatis.java:addGroup(765)) - Created group PipelineID=abe80a8b-6cb2-4e64-a615-421c2e2eb869
2022-09-30 13:40:30,292 [grpc-default-executor-1] INFO  server.RaftServer (RaftServerProxy.java:addNew(96)) - c604563f-8b94-483f-a354-2ed29e633e80: addNew group-421C2E2EB869:[542c7706-6f03-4002-aadb-418c9fc9cb26|rpc:10.1.0.210:37931|dataStream:|priority:0, 43811407-7c21-4fcd-ab69-dbd9b60ed504|rpc:10.1.0.210:42941|dataStream:|priority:1, c604563f-8b94-483f-a354-2ed29e633e80|rpc:10.1.0.210:36125|dataStream:|priority:0] returns group-421C2E2EB869:java.util.concurrent.CompletableFuture@26169c96[Not completed]
2022-09-30 13:40:30,294 [pool-164-thread-1] INFO  server.RaftServer$Division (RaftServerImpl.java:<init>(190)) - c604563f-8b94-483f-a354-2ed29e633e80: new RaftServerImpl for group-421C2E2EB869:[542c7706-6f03-4002-aadb-418c9fc9cb26|rpc:10.1.0.210:37931|dataStream:|priority:0, 43811407-7c21-4fcd-ab69-dbd9b60ed504|rpc:10.1.0.210:42941|dataStream:|priority:1, c604563f-8b94-483f-a354-2ed29e633e80|rpc:10.1.0.210:36125|dataStream:|priority:0] with ContainerStateMachine:uninitialized
2022-09-30 13:40:30,294 [pool-164-thread-1] INFO  server.RaftServerConfigKeys (ConfUtils.java:logGet(46)) - raft.server.rpc.timeout.min = 5s (custom)
2022-09-30 13:40:30,294 [pool-164-thread-1] INFO  server.RaftServerConfigKeys (ConfUtils.java:logGet(46)) - raft.server.rpc.timeout.max = 5200ms (custom)
2022-09-30 13:40:30,294 [pool-164-thread-1] INFO  server.RaftServerConfigKeys (ConfUtils.java:logGet(46)) - raft.server.rpc.sleep.time = 25ms (default)
2022-09-30 13:40:30,294 [pool-164-thread-1] INFO  server.RaftServerConfigKeys (ConfUtils.java:logGet(46)) - raft.server.rpc.slowness.timeout = 300s (custom)
2022-09-30 13:40:30,294 [pool-164-thread-1] INFO  server.RaftServerConfigKeys (ConfUtils.java:logGet(46)) - raft.server.leaderelection.leader.step-down.wait-time = 10s (default)
2022-09-30 13:40:30,294 [pool-164-thread-1] INFO  server.RaftServerConfigKeys (ConfUtils.java:logGet(46)) - raft.server.sleep.deviation.threshold = 300ms (default)
2022-09-30 13:40:30,295 [pool-164-thread-1] INFO  server.RaftServer$Division (ServerState.java:<init>(107)) - c604563f-8b94-483f-a354-2ed29e633e80@group-421C2E2EB869: ConfigurationManager, init=-1: [542c7706-6f03-4002-aadb-418c9fc9cb26|rpc:10.1.0.210:37931|dataStream:|priority:0, 43811407-7c21-4fcd-ab69-dbd9b60ed504|rpc:10.1.0.210:42941|dataStream:|priority:1, c604563f-8b94-483f-a354-2ed29e633e80|rpc:10.1.0.210:36125|dataStream:|priority:0], old=null, confs=<EMPTY_MAP>
2022-09-30 13:40:30,295 [pool-164-thread-1] INFO  server.RaftServerConfigKeys (ConfUtils.java:logGet(46)) - raft.server.storage.dir = [/home/runner/work/ozone/ozone/hadoop-ozone/integration-test/target/test-dir/MiniOzoneClusterImpl-8c4c252e-cda6-42f5-b80f-9d168f3e16cf/datanode-4/data/ratis] (custom)
2022-09-30 13:40:30,295 [pool-164-thread-1] INFO  server.RaftServerConfigKeys (ConfUtils.java:logGet(46)) - raft.server.log.corruption.policy = EXCEPTION (default)
2022-09-30 13:40:30,295 [pool-164-thread-1] INFO  server.RaftServerConfigKeys (ConfUtils.java:logGet(46)) - raft.server.storage.free-space.min = 0MB (=0) (default)
2022-09-30 13:40:30,295 [pool-164-thread-1] INFO  storage.RaftStorageDirectory (RaftStorageDirectoryImpl.java:analyzeStorage(135)) - The storage directory /home/runner/work/ozone/ozone/hadoop-ozone/integration-test/target/test-dir/MiniOzoneClusterImpl-8c4c252e-cda6-42f5-b80f-9d168f3e16cf/datanode-4/data/ratis/abe80a8b-6cb2-4e64-a615-421c2e2eb869 does not exist. Creating ...
2022-09-30 13:40:30,300 [pool-164-thread-1] INFO  storage.RaftStorageDirectory (RaftStorageDirectoryImpl.java:tryLock(230)) - Lock on /home/runner/work/ozone/ozone/hadoop-ozone/integration-test/target/test-dir/MiniOzoneClusterImpl-8c4c252e-cda6-42f5-b80f-9d168f3e16cf/datanode-4/data/ratis/abe80a8b-6cb2-4e64-a615-421c2e2eb869/in_use.lock acquired by nodename 61277@fv-az264-432
2022-09-30 13:40:30,305 [pool-164-thread-1] INFO  storage.RaftStorage (RaftStorageImpl.java:format(89)) - Storage directory /home/runner/work/ozone/ozone/hadoop-ozone/integration-test/target/test-dir/MiniOzoneClusterImpl-8c4c252e-cda6-42f5-b80f-9d168f3e16cf/datanode-4/data/ratis/abe80a8b-6cb2-4e64-a615-421c2e2eb869 has been successfully formatted.
2022-09-30 13:40:30,305 [pool-164-thread-1] INFO  ratis.ContainerStateMachine (ContainerStateMachine.java:loadSnapshot(236)) - group-421C2E2EB869: The snapshot info is null. Setting the last applied indexto:(t:0, i:~)
2022-09-30 13:40:30,305 [pool-164-thread-1] INFO  server.RaftServerConfigKeys (ConfUtils.java:logGet(46)) - raft.server.notification.no-leader.timeout = 300s (custom)
2022-09-30 13:40:30,306 [pool-164-thread-1] INFO  server.RaftServerConfigKeys (ConfUtils.java:logGet(46)) - raft.server.log.use.memory = false (default)
2022-09-30 13:40:30,306 [pool-164-thread-1] INFO  server.RaftServerConfigKeys (ConfUtils.java:logGet(46)) - raft.server.log.purge.gap = 1000000 (custom)
2022-09-30 13:40:30,310 [pool-164-thread-1] INFO  server.RaftServerConfigKeys (ConfUtils.java:logGet(46)) - raft.server.log.appender.buffer.byte-limit = 33554432 (custom)
2022-09-30 13:40:30,310 [pool-164-thread-1] INFO  server.RaftServerConfigKeys (ConfUtils.java:logGet(46)) - raft.server.log.statemachine.data.read.timeout = 1000ms (default)
2022-09-30 13:40:30,310 [pool-164-thread-1] INFO  server.RaftServerConfigKeys (ConfUtils.java:logGet(46)) - raft.server.log.segment.size.max = 1048576 (custom)
2022-09-30 13:40:30,310 [pool-164-thread-1] INFO  server.RaftServerConfigKeys (ConfUtils.java:logGet(46)) - raft.server.log.segment.cache.num.max = 2 (custom)
2022-09-30 13:40:30,310 [pool-164-thread-1] INFO  server.RaftServerConfigKeys (ConfUtils.java:logGet(46)) - raft.server.log.segment.cache.size.max = 200MB (=209715200) (default)
2022-09-30 13:40:30,310 [pool-164-thread-1] INFO  segmented.SegmentedRaftLogWorker (SegmentedRaftLogWorker.java:<init>(187)) - new c604563f-8b94-483f-a354-2ed29e633e80@group-421C2E2EB869-SegmentedRaftLogWorker for RaftStorageImpl:Storage Directory /home/runner/work/ozone/ozone/hadoop-ozone/integration-test/target/test-dir/MiniOzoneClusterImpl-8c4c252e-cda6-42f5-b80f-9d168f3e16cf/datanode-4/data/ratis/abe80a8b-6cb2-4e64-a615-421c2e2eb869
2022-09-30 13:40:30,310 [pool-164-thread-1] INFO  server.RaftServerConfigKeys (ConfUtils.java:logGet(46)) - raft.server.log.queue.byte-limit = 4294967296 (custom)
2022-09-30 13:40:30,311 [pool-164-thread-1] INFO  server.RaftServerConfigKeys (ConfUtils.java:logGet(46)) - raft.server.log.queue.element-limit = 1024 (custom)
2022-09-30 13:40:30,311 [pool-164-thread-1] INFO  server.RaftServerConfigKeys (ConfUtils.java:logGet(46)) - raft.server.log.segment.size.max = 1048576 (custom)
2022-09-30 13:40:30,311 [pool-164-thread-1] INFO  server.RaftServerConfigKeys (ConfUtils.java:logGet(46)) - raft.server.log.preallocated.size = 16384 (custom)
2022-09-30 13:40:30,311 [pool-164-thread-1] INFO  server.RaftServerConfigKeys (ConfUtils.java:logGet(46)) - raft.server.log.force.sync.num = 128 (default)
2022-09-30 13:40:30,311 [pool-164-thread-1] INFO  server.RaftServerConfigKeys (ConfUtils.java:logGet(46)) - raft.server.log.statemachine.data.sync = true (default)
2022-09-30 13:40:30,311 [pool-164-thread-1] INFO  server.RaftServerConfigKeys (ConfUtils.java:logGet(46)) - raft.server.log.statemachine.data.sync.timeout = 10s (default)
2022-09-30 13:40:30,311 [pool-164-thread-1] INFO  server.RaftServerConfigKeys (ConfUtils.java:logGet(46)) - raft.server.log.statemachine.data.sync.timeout.retry = -1 (default)
2022-09-30 13:40:30,312 [pool-164-thread-1] INFO  server.RaftServerConfigKeys (ConfUtils.java:logGet(46)) - raft.server.log.write.buffer.size = 1048576 (custom)
2022-09-30 13:40:30,312 [pool-164-thread-1] INFO  server.RaftServerConfigKeys (ConfUtils.java:logGet(46)) - raft.server.log.unsafe-flush.enabled = false (default)
2022-09-30 13:40:30,312 [pool-164-thread-1] INFO  server.RaftServerConfigKeys (ConfUtils.java:logGet(46)) - raft.server.log.statemachine.data.caching.enabled = true (custom)
2022-09-30 13:40:30,312 [pool-164-thread-1] INFO  segmented.SegmentedRaftLogWorker (SegmentedRaftLogWorker.java:lambda$new$0(135)) - c604563f-8b94-483f-a354-2ed29e633e80@group-421C2E2EB869-SegmentedRaftLogWorker: flushIndex: setUnconditionally 0 -> -1
2022-09-30 13:40:30,312 [pool-164-thread-1] INFO  segmented.SegmentedRaftLogWorker (SegmentedRaftLogWorker.java:lambda$new$0(135)) - c604563f-8b94-483f-a354-2ed29e633e80@group-421C2E2EB869-SegmentedRaftLogWorker: safeCacheEvictIndex: setUnconditionally 0 -> -1
2022-09-30 13:40:30,312 [pool-164-thread-1] INFO  server.RaftServerConfigKeys (ConfUtils.java:logGet(46)) - raft.server.snapshot.auto.trigger.enabled = true (custom)
2022-09-30 13:40:30,313 [pool-164-thread-1] INFO  server.RaftServerConfigKeys (ConfUtils.java:logGet(46)) - raft.server.snapshot.auto.trigger.threshold = 10000 (custom)
2022-09-30 13:40:30,313 [pool-164-thread-1] INFO  server.RaftServerConfigKeys (ConfUtils.java:logGet(46)) - raft.server.snapshot.retention.file.num = 5 (custom)
2022-09-30 13:40:30,313 [pool-164-thread-1] INFO  server.RaftServerConfigKeys (ConfUtils.java:logGet(46)) - raft.server.log.purge.upto.snapshot.index = false (default)
2022-09-30 13:40:30,313 [pool-164-thread-1] INFO  server.RaftServerConfigKeys (ConfUtils.java:logGet(46)) - raft.server.retrycache.expirytime = 600000ms (custom)
2022-09-30 13:40:30,313 [pool-164-thread-1] INFO  server.RaftServerConfigKeys (ConfUtils.java:logGet(46)) - raft.server.retrycache.statistics.expirytime = 100μs (default)
2022-09-30 13:40:30,314 [pool-164-thread-1] INFO  server.RaftServerConfigKeys (ConfUtils.java:logGet(46)) - raft.server.log.appender.install.snapshot.enabled = false (custom)
2022-09-30 13:40:30,314 [pool-164-thread-1] INFO  server.RaftServerConfigKeys (ConfUtils.java:logGet(46)) - raft.server.threadpool.server.cached = true (default)
2022-09-30 13:40:30,314 [pool-164-thread-1] INFO  server.RaftServerConfigKeys (ConfUtils.java:logGet(46)) - raft.server.threadpool.server.size = 0 (default)
2022-09-30 13:40:30,314 [pool-164-thread-1] INFO  server.RaftServerConfigKeys (ConfUtils.java:logGet(46)) - raft.server.threadpool.client.cached = true (default)
2022-09-30 13:40:30,314 [pool-164-thread-1] INFO  server.RaftServerConfigKeys (ConfUtils.java:logGet(46)) - raft.server.threadpool.client.size = 0 (default)
2022-09-30 13:40:30,314 [pool-164-thread-1] INFO  server.RaftServer$Division (RaftServerImpl.java:start(310)) - c604563f-8b94-483f-a354-2ed29e633e80@group-421C2E2EB869: start as a follower, conf=-1: [542c7706-6f03-4002-aadb-418c9fc9cb26|rpc:10.1.0.210:37931|dataStream:|priority:0, 43811407-7c21-4fcd-ab69-dbd9b60ed504|rpc:10.1.0.210:42941|dataStream:|priority:1, c604563f-8b94-483f-a354-2ed29e633e80|rpc:10.1.0.210:36125|dataStream:|priority:0], old=null
2022-09-30 13:40:30,314 [pool-164-thread-1] INFO  server.RaftServer$Division (RaftServerImpl.java:setRole(299)) - c604563f-8b94-483f-a354-2ed29e633e80@group-421C2E2EB869: changes role from      null to FOLLOWER at term 0 for startAsFollower
2022-09-30 13:40:30,314 [pool-164-thread-1] INFO  impl.RoleInfo (RoleInfo.java:updateAndGet(139)) - c604563f-8b94-483f-a354-2ed29e633e80: start c604563f-8b94-483f-a354-2ed29e633e80@group-421C2E2EB869-FollowerState
2022-09-30 13:40:30,320 [pool-164-thread-1] INFO  util.JmxRegister (JmxRegister.java:tryRegister(44)) - Successfully registered JMX Bean with object name Ratis:service=RaftServer,group=group-421C2E2EB869,id=c604563f-8b94-483f-a354-2ed29e633e80
2022-09-30 13:40:30,344 [grpc-default-executor-1] INFO  server.RaftServer (RaftServerProxy.java:addNew(96)) - 43811407-7c21-4fcd-ab69-dbd9b60ed504: addNew group-421C2E2EB869:[542c7706-6f03-4002-aadb-418c9fc9cb26|rpc:10.1.0.210:37931|dataStream:|priority:0, 43811407-7c21-4fcd-ab69-dbd9b60ed504|rpc:10.1.0.210:42941|dataStream:|priority:1, c604563f-8b94-483f-a354-2ed29e633e80|rpc:10.1.0.210:36125|dataStream:|priority:0] returns group-421C2E2EB869:java.util.concurrent.CompletableFuture@17e14e5e[Not completed]
2022-09-30 13:40:30,346 [pool-187-thread-1] INFO  server.RaftServer$Division (RaftServerImpl.java:<init>(190)) - 43811407-7c21-4fcd-ab69-dbd9b60ed504: new RaftServerImpl for group-421C2E2EB869:[542c7706-6f03-4002-aadb-418c9fc9cb26|rpc:10.1.0.210:37931|dataStream:|priority:0, 43811407-7c21-4fcd-ab69-dbd9b60ed504|rpc:10.1.0.210:42941|dataStream:|priority:1, c604563f-8b94-483f-a354-2ed29e633e80|rpc:10.1.0.210:36125|dataStream:|priority:0] with ContainerStateMachine:uninitialized
2022-09-30 13:40:30,346 [pool-187-thread-1] INFO  server.RaftServerConfigKeys (ConfUtils.java:logGet(46)) - raft.server.rpc.timeout.min = 5s (custom)
2022-09-30 13:40:30,346 [pool-187-thread-1] INFO  server.RaftServerConfigKeys (ConfUtils.java:logGet(46)) - raft.server.rpc.timeout.max = 5200ms (custom)
2022-09-30 13:40:30,346 [pool-187-thread-1] INFO  server.RaftServerConfigKeys (ConfUtils.java:logGet(46)) - raft.server.rpc.sleep.time = 25ms (default)
2022-09-30 13:40:30,346 [pool-187-thread-1] INFO  server.RaftServerConfigKeys (ConfUtils.java:logGet(46)) - raft.server.rpc.slowness.timeout = 300s (custom)
2022-09-30 13:40:30,346 [pool-187-thread-1] INFO  server.RaftServerConfigKeys (ConfUtils.java:logGet(46)) - raft.server.leaderelection.leader.step-down.wait-time = 10s (default)
2022-09-30 13:40:30,346 [pool-187-thread-1] INFO  server.RaftServerConfigKeys (ConfUtils.java:logGet(46)) - raft.server.sleep.deviation.threshold = 300ms (default)
2022-09-30 13:40:30,346 [pool-187-thread-1] INFO  server.RaftServer$Division (ServerState.java:<init>(107)) - 43811407-7c21-4fcd-ab69-dbd9b60ed504@group-421C2E2EB869: ConfigurationManager, init=-1: [542c7706-6f03-4002-aadb-418c9fc9cb26|rpc:10.1.0.210:37931|dataStream:|priority:0, 43811407-7c21-4fcd-ab69-dbd9b60ed504|rpc:10.1.0.210:42941|dataStream:|priority:1, c604563f-8b94-483f-a354-2ed29e633e80|rpc:10.1.0.210:36125|dataStream:|priority:0], old=null, confs=<EMPTY_MAP>
2022-09-30 13:40:30,346 [pool-187-thread-1] INFO  server.RaftServerConfigKeys (ConfUtils.java:logGet(46)) - raft.server.storage.dir = [/home/runner/work/ozone/ozone/hadoop-ozone/integration-test/target/test-dir/MiniOzoneClusterImpl-8c4c252e-cda6-42f5-b80f-9d168f3e16cf/datanode-5/data/ratis] (custom)
2022-09-30 13:40:30,346 [pool-187-thread-1] INFO  server.RaftServerConfigKeys (ConfUtils.java:logGet(46)) - raft.server.log.corruption.policy = EXCEPTION (default)
2022-09-30 13:40:30,346 [pool-187-thread-1] INFO  server.RaftServerConfigKeys (ConfUtils.java:logGet(46)) - raft.server.storage.free-space.min = 0MB (=0) (default)
2022-09-30 13:40:30,346 [pool-187-thread-1] INFO  storage.RaftStorageDirectory (RaftStorageDirectoryImpl.java:analyzeStorage(135)) - The storage directory /home/runner/work/ozone/ozone/hadoop-ozone/integration-test/target/test-dir/MiniOzoneClusterImpl-8c4c252e-cda6-42f5-b80f-9d168f3e16cf/datanode-5/data/ratis/abe80a8b-6cb2-4e64-a615-421c2e2eb869 does not exist. Creating ...
2022-09-30 13:40:30,347 [pool-187-thread-1] INFO  storage.RaftStorageDirectory (RaftStorageDirectoryImpl.java:tryLock(230)) - Lock on /home/runner/work/ozone/ozone/hadoop-ozone/integration-test/target/test-dir/MiniOzoneClusterImpl-8c4c252e-cda6-42f5-b80f-9d168f3e16cf/datanode-5/data/ratis/abe80a8b-6cb2-4e64-a615-421c2e2eb869/in_use.lock acquired by nodename 61277@fv-az264-432
2022-09-30 13:40:30,349 [pool-187-thread-1] INFO  storage.RaftStorage (RaftStorageImpl.java:format(89)) - Storage directory /home/runner/work/ozone/ozone/hadoop-ozone/integration-test/target/test-dir/MiniOzoneClusterImpl-8c4c252e-cda6-42f5-b80f-9d168f3e16cf/datanode-5/data/ratis/abe80a8b-6cb2-4e64-a615-421c2e2eb869 has been successfully formatted.
2022-09-30 13:40:30,352 [pool-187-thread-1] INFO  ratis.ContainerStateMachine (ContainerStateMachine.java:loadSnapshot(236)) - group-421C2E2EB869: The snapshot info is null. Setting the last applied indexto:(t:0, i:~)
2022-09-30 13:40:30,352 [pool-187-thread-1] INFO  server.RaftServerConfigKeys (ConfUtils.java:logGet(46)) - raft.server.notification.no-leader.timeout = 300s (custom)
2022-09-30 13:40:30,352 [pool-187-thread-1] INFO  server.RaftServerConfigKeys (ConfUtils.java:logGet(46)) - raft.server.log.use.memory = false (default)
2022-09-30 13:40:30,352 [pool-187-thread-1] INFO  server.RaftServerConfigKeys (ConfUtils.java:logGet(46)) - raft.server.log.purge.gap = 1000000 (custom)
2022-09-30 13:40:30,352 [pool-187-thread-1] INFO  server.RaftServerConfigKeys (ConfUtils.java:logGet(46)) - raft.server.log.appender.buffer.byte-limit = 33554432 (custom)
2022-09-30 13:40:30,353 [pool-187-thread-1] INFO  server.RaftServerConfigKeys (ConfUtils.java:logGet(46)) - raft.server.log.statemachine.data.read.timeout = 1000ms (default)
2022-09-30 13:40:30,353 [pool-187-thread-1] INFO  server.RaftServerConfigKeys (ConfUtils.java:logGet(46)) - raft.server.log.segment.size.max = 1048576 (custom)
2022-09-30 13:40:30,356 [pool-187-thread-1] INFO  server.RaftServerConfigKeys (ConfUtils.java:logGet(46)) - raft.server.log.segment.cache.num.max = 2 (custom)
2022-09-30 13:40:30,356 [pool-187-thread-1] INFO  server.RaftServerConfigKeys (ConfUtils.java:logGet(46)) - raft.server.log.segment.cache.size.max = 200MB (=209715200) (default)
2022-09-30 13:40:30,357 [pool-187-thread-1] INFO  segmented.SegmentedRaftLogWorker (SegmentedRaftLogWorker.java:<init>(187)) - new 43811407-7c21-4fcd-ab69-dbd9b60ed504@group-421C2E2EB869-SegmentedRaftLogWorker for RaftStorageImpl:Storage Directory /home/runner/work/ozone/ozone/hadoop-ozone/integration-test/target/test-dir/MiniOzoneClusterImpl-8c4c252e-cda6-42f5-b80f-9d168f3e16cf/datanode-5/data/ratis/abe80a8b-6cb2-4e64-a615-421c2e2eb869
2022-09-30 13:40:30,357 [pool-187-thread-1] INFO  server.RaftServerConfigKeys (ConfUtils.java:logGet(46)) - raft.server.log.queue.byte-limit = 4294967296 (custom)
2022-09-30 13:40:30,357 [pool-187-thread-1] INFO  server.RaftServerConfigKeys (ConfUtils.java:logGet(46)) - raft.server.log.queue.element-limit = 1024 (custom)
2022-09-30 13:40:30,357 [pool-187-thread-1] INFO  server.RaftServerConfigKeys (ConfUtils.java:logGet(46)) - raft.server.log.segment.size.max = 1048576 (custom)
2022-09-30 13:40:30,357 [pool-187-thread-1] INFO  server.RaftServerConfigKeys (ConfUtils.java:logGet(46)) - raft.server.log.preallocated.size = 16384 (custom)
2022-09-30 13:40:30,357 [pool-187-thread-1] INFO  server.RaftServerConfigKeys (ConfUtils.java:logGet(46)) - raft.server.log.force.sync.num = 128 (default)
2022-09-30 13:40:30,357 [pool-187-thread-1] INFO  server.RaftServerConfigKeys (ConfUtils.java:logGet(46)) - raft.server.log.statemachine.data.sync = true (default)
2022-09-30 13:40:30,362 [pool-187-thread-1] INFO  server.RaftServerConfigKeys (ConfUtils.java:logGet(46)) - raft.server.log.statemachine.data.sync.timeout = 10s (default)
2022-09-30 13:40:30,362 [pool-187-thread-1] INFO  server.RaftServerConfigKeys (ConfUtils.java:logGet(46)) - raft.server.log.statemachine.data.sync.timeout.retry = -1 (default)
2022-09-30 13:40:30,363 [pool-187-thread-1] INFO  server.RaftServerConfigKeys (ConfUtils.java:logGet(46)) - raft.server.log.write.buffer.size = 1048576 (custom)
2022-09-30 13:40:30,363 [pool-187-thread-1] INFO  server.RaftServerConfigKeys (ConfUtils.java:logGet(46)) - raft.server.log.unsafe-flush.enabled = false (default)
2022-09-30 13:40:30,363 [pool-187-thread-1] INFO  server.RaftServerConfigKeys (ConfUtils.java:logGet(46)) - raft.server.log.statemachine.data.caching.enabled = true (custom)
2022-09-30 13:40:30,363 [pool-187-thread-1] INFO  segmented.SegmentedRaftLogWorker (SegmentedRaftLogWorker.java:lambda$new$0(135)) - 43811407-7c21-4fcd-ab69-dbd9b60ed504@group-421C2E2EB869-SegmentedRaftLogWorker: flushIndex: setUnconditionally 0 -> -1
2022-09-30 13:40:30,364 [pool-187-thread-1] INFO  segmented.SegmentedRaftLogWorker (SegmentedRaftLogWorker.java:lambda$new$0(135)) - 43811407-7c21-4fcd-ab69-dbd9b60ed504@group-421C2E2EB869-SegmentedRaftLogWorker: safeCacheEvictIndex: setUnconditionally 0 -> -1
2022-09-30 13:40:30,365 [pool-187-thread-1] INFO  server.RaftServerConfigKeys (ConfUtils.java:logGet(46)) - raft.server.snapshot.auto.trigger.enabled = true (custom)
2022-09-30 13:40:30,365 [pool-187-thread-1] INFO  server.RaftServerConfigKeys (ConfUtils.java:logGet(46)) - raft.server.snapshot.auto.trigger.threshold = 10000 (custom)
2022-09-30 13:40:30,365 [pool-187-thread-1] INFO  server.RaftServerConfigKeys (ConfUtils.java:logGet(46)) - raft.server.snapshot.retention.file.num = 5 (custom)
2022-09-30 13:40:30,365 [pool-187-thread-1] INFO  server.RaftServerConfigKeys (ConfUtils.java:logGet(46)) - raft.server.log.purge.upto.snapshot.index = false (default)
2022-09-30 13:40:30,365 [pool-187-thread-1] INFO  server.RaftServerConfigKeys (ConfUtils.java:logGet(46)) - raft.server.retrycache.expirytime = 600000ms (custom)
2022-09-30 13:40:30,365 [pool-187-thread-1] INFO  server.RaftServerConfigKeys (ConfUtils.java:logGet(46)) - raft.server.retrycache.statistics.expirytime = 100μs (default)
2022-09-30 13:40:30,366 [pool-187-thread-1] INFO  server.RaftServerConfigKeys (ConfUtils.java:logGet(46)) - raft.server.log.appender.install.snapshot.enabled = false (custom)
2022-09-30 13:40:30,366 [pool-187-thread-1] INFO  server.RaftServerConfigKeys (ConfUtils.java:logGet(46)) - raft.server.threadpool.server.cached = true (default)
2022-09-30 13:40:30,366 [pool-187-thread-1] INFO  server.RaftServerConfigKeys (ConfUtils.java:logGet(46)) - raft.server.threadpool.server.size = 0 (default)
2022-09-30 13:40:30,366 [pool-187-thread-1] INFO  server.RaftServerConfigKeys (ConfUtils.java:logGet(46)) - raft.server.threadpool.client.cached = true (default)
2022-09-30 13:40:30,366 [pool-187-thread-1] INFO  server.RaftServerConfigKeys (ConfUtils.java:logGet(46)) - raft.server.threadpool.client.size = 0 (default)
2022-09-30 13:40:30,366 [pool-187-thread-1] INFO  server.RaftServer$Division (RaftServerImpl.java:start(310)) - 43811407-7c21-4fcd-ab69-dbd9b60ed504@group-421C2E2EB869: start as a follower, conf=-1: [542c7706-6f03-4002-aadb-418c9fc9cb26|rpc:10.1.0.210:37931|dataStream:|priority:0, 43811407-7c21-4fcd-ab69-dbd9b60ed504|rpc:10.1.0.210:42941|dataStream:|priority:1, c604563f-8b94-483f-a354-2ed29e633e80|rpc:10.1.0.210:36125|dataStream:|priority:0], old=null
2022-09-30 13:40:30,367 [pool-187-thread-1] INFO  server.RaftServer$Division (RaftServerImpl.java:setRole(299)) - 43811407-7c21-4fcd-ab69-dbd9b60ed504@group-421C2E2EB869: changes role from      null to FOLLOWER at term 0 for startAsFollower
2022-09-30 13:40:30,367 [pool-187-thread-1] INFO  impl.RoleInfo (RoleInfo.java:updateAndGet(139)) - 43811407-7c21-4fcd-ab69-dbd9b60ed504: start 43811407-7c21-4fcd-ab69-dbd9b60ed504@group-421C2E2EB869-FollowerState
2022-09-30 13:40:30,367 [pool-187-thread-1] INFO  util.JmxRegister (JmxRegister.java:tryRegister(44)) - Successfully registered JMX Bean with object name Ratis:service=RaftServer,group=group-421C2E2EB869,id=43811407-7c21-4fcd-ab69-dbd9b60ed504
2022-09-30 13:40:30,386 [Command processor thread] INFO  commandhandler.CreatePipelineCommandHandler (CreatePipelineCommandHandler.java:handle(113)) - Created Pipeline RATIS THREE PipelineID=abe80a8b-6cb2-4e64-a615-421c2e2eb869.
2022-09-30 13:40:30,498 [Listener at 127.0.0.1/46717] INFO  ozone.MiniOzoneClusterImpl (MiniOzoneClusterImpl.java:lambda$waitForClusterToBeReady$0(216)) - Nodes are ready. Got 7 of 7 DN Heartbeats.
2022-09-30 13:40:30,498 [Listener at 127.0.0.1/46717] INFO  ozone.MiniOzoneClusterImpl (MiniOzoneClusterImpl.java:lambda$waitForClusterToBeReady$0(219)) - Waiting for cluster to exit safe mode
2022-09-30 13:40:30,498 [Listener at 127.0.0.1/46717] INFO  ozone.MiniOzoneClusterImpl (MiniOzoneClusterImpl.java:lambda$waitForClusterToBeReady$0(221)) - SCM became leader
2022-09-30 13:40:30,639 [Command processor thread] INFO  server.RaftServer (RaftServerProxy.java:addNew(96)) - c604563f-8b94-483f-a354-2ed29e633e80: addNew group-CC8367C11690:[c604563f-8b94-483f-a354-2ed29e633e80|rpc:10.1.0.210:36125|priority:1] returns group-CC8367C11690:java.util.concurrent.CompletableFuture@4652bc73[Not completed]
2022-09-30 13:40:30,641 [pool-164-thread-1] INFO  server.RaftServer$Division (RaftServerImpl.java:<init>(190)) - c604563f-8b94-483f-a354-2ed29e633e80: new RaftServerImpl for group-CC8367C11690:[c604563f-8b94-483f-a354-2ed29e633e80|rpc:10.1.0.210:36125|priority:1] with ContainerStateMachine:uninitialized
2022-09-30 13:40:30,641 [pool-164-thread-1] INFO  server.RaftServerConfigKeys (ConfUtils.java:logGet(46)) - raft.server.rpc.timeout.min = 5s (custom)
2022-09-30 13:40:30,641 [pool-164-thread-1] INFO  server.RaftServerConfigKeys (ConfUtils.java:logGet(46)) - raft.server.rpc.timeout.max = 5200ms (custom)
2022-09-30 13:40:30,641 [pool-164-thread-1] INFO  server.RaftServerConfigKeys (ConfUtils.java:logGet(46)) - raft.server.rpc.sleep.time = 25ms (default)
2022-09-30 13:40:30,641 [pool-164-thread-1] INFO  server.RaftServerConfigKeys (ConfUtils.java:logGet(46)) - raft.server.rpc.slowness.timeout = 300s (custom)
2022-09-30 13:40:30,642 [pool-164-thread-1] INFO  server.RaftServerConfigKeys (ConfUtils.java:logGet(46)) - raft.server.leaderelection.leader.step-down.wait-time = 10s (default)
2022-09-30 13:40:30,642 [pool-164-thread-1] INFO  server.RaftServerConfigKeys (ConfUtils.java:logGet(46)) - raft.server.sleep.deviation.threshold = 300ms (default)
2022-09-30 13:40:30,642 [pool-164-thread-1] INFO  server.RaftServer$Division (ServerState.java:<init>(107)) - c604563f-8b94-483f-a354-2ed29e633e80@group-CC8367C11690: ConfigurationManager, init=-1: [c604563f-8b94-483f-a354-2ed29e633e80|rpc:10.1.0.210:36125|priority:1], old=null, confs=<EMPTY_MAP>
2022-09-30 13:40:30,642 [pool-164-thread-1] INFO  server.RaftServerConfigKeys (ConfUtils.java:logGet(46)) - raft.server.storage.dir = [/home/runner/work/ozone/ozone/hadoop-ozone/integration-test/target/test-dir/MiniOzoneClusterImpl-8c4c252e-cda6-42f5-b80f-9d168f3e16cf/datanode-4/data/ratis] (custom)
2022-09-30 13:40:30,642 [pool-164-thread-1] INFO  server.RaftServerConfigKeys (ConfUtils.java:logGet(46)) - raft.server.log.corruption.policy = EXCEPTION (default)
2022-09-30 13:40:30,642 [pool-164-thread-1] INFO  server.RaftServerConfigKeys (ConfUtils.java:logGet(46)) - raft.server.storage.free-space.min = 0MB (=0) (default)
2022-09-30 13:40:30,642 [pool-164-thread-1] INFO  storage.RaftStorageDirectory (RaftStorageDirectoryImpl.java:analyzeStorage(135)) - The storage directory /home/runner/work/ozone/ozone/hadoop-ozone/integration-test/target/test-dir/MiniOzoneClusterImpl-8c4c252e-cda6-42f5-b80f-9d168f3e16cf/datanode-4/data/ratis/acfbc123-0b4c-49f4-b445-cc8367c11690 does not exist. Creating ...
2022-09-30 13:40:30,644 [pool-164-thread-1] INFO  storage.RaftStorageDirectory (RaftStorageDirectoryImpl.java:tryLock(230)) - Lock on /home/runner/work/ozone/ozone/hadoop-ozone/integration-test/target/test-dir/MiniOzoneClusterImpl-8c4c252e-cda6-42f5-b80f-9d168f3e16cf/datanode-4/data/ratis/acfbc123-0b4c-49f4-b445-cc8367c11690/in_use.lock acquired by nodename 61277@fv-az264-432
2022-09-30 13:40:30,646 [pool-164-thread-1] INFO  storage.RaftStorage (RaftStorageImpl.java:format(89)) - Storage directory /home/runner/work/ozone/ozone/hadoop-ozone/integration-test/target/test-dir/MiniOzoneClusterImpl-8c4c252e-cda6-42f5-b80f-9d168f3e16cf/datanode-4/data/ratis/acfbc123-0b4c-49f4-b445-cc8367c11690 has been successfully formatted.
2022-09-30 13:40:30,646 [pool-164-thread-1] INFO  ratis.ContainerStateMachine (ContainerStateMachine.java:loadSnapshot(236)) - group-CC8367C11690: The snapshot info is null. Setting the last applied indexto:(t:0, i:~)
2022-09-30 13:40:30,647 [pool-164-thread-1] INFO  server.RaftServerConfigKeys (ConfUtils.java:logGet(46)) - raft.server.notification.no-leader.timeout = 300s (custom)
2022-09-30 13:40:30,647 [pool-164-thread-1] INFO  server.RaftServerConfigKeys (ConfUtils.java:logGet(46)) - raft.server.log.use.memory = false (default)
2022-09-30 13:40:30,647 [pool-164-thread-1] INFO  server.RaftServerConfigKeys (ConfUtils.java:logGet(46)) - raft.server.log.purge.gap = 1000000 (custom)
2022-09-30 13:40:30,647 [pool-164-thread-1] INFO  server.RaftServerConfigKeys (ConfUtils.java:logGet(46)) - raft.server.log.appender.buffer.byte-limit = 33554432 (custom)
2022-09-30 13:40:30,647 [pool-164-thread-1] INFO  server.RaftServerConfigKeys (ConfUtils.java:logGet(46)) - raft.server.log.statemachine.data.read.timeout = 1000ms (default)
2022-09-30 13:40:30,650 [EventQueue-PipelineReportForPipelineReportHandler] INFO  pipeline.PipelineManagerImpl (PipelineManagerImpl.java:openPipeline(367)) - Pipeline Pipeline[ Id: acfbc123-0b4c-49f4-b445-cc8367c11690, Nodes: c604563f-8b94-483f-a354-2ed29e633e80{ip: 10.1.0.210, host: fv-az264-432.ca02foy5wcnuvlrvrz2wi3p2og.dx.internal.cloudapp.net, ports: [REPLICATION=41739, RATIS=36125, RATIS_ADMIN=36125, RATIS_SERVER=36125, STANDALONE=37547], networkLocation: /default-rack, certSerialId: null, persistedOpState: IN_SERVICE, persistedOpStateExpiryEpochSec: 0}, ReplicationConfig: RATIS/ONE, State:ALLOCATED, leaderId:c604563f-8b94-483f-a354-2ed29e633e80, CreationTimestamp2022-09-30T13:40:27.645Z[Etc/UTC]] moved to OPEN state
2022-09-30 13:40:30,650 [EventQueue-OpenPipelineForHealthyPipelineSafeModeRule] INFO  safemode.SCMSafeModeManager (HealthyPipelineSafeModeRule.java:process(137)) - SCM in safe mode. Healthy pipelines reported count is 0, required healthy pipeline reported count is 1
2022-09-30 13:40:30,651 [pool-164-thread-1] INFO  server.RaftServerConfigKeys (ConfUtils.java:logGet(46)) - raft.server.log.segment.size.max = 1048576 (custom)
2022-09-30 13:40:30,652 [pool-164-thread-1] INFO  server.RaftServerConfigKeys (ConfUtils.java:logGet(46)) - raft.server.log.segment.cache.num.max = 2 (custom)
2022-09-30 13:40:30,652 [pool-164-thread-1] INFO  server.RaftServerConfigKeys (ConfUtils.java:logGet(46)) - raft.server.log.segment.cache.size.max = 200MB (=209715200) (default)
2022-09-30 13:40:30,652 [pool-164-thread-1] INFO  segmented.SegmentedRaftLogWorker (SegmentedRaftLogWorker.java:<init>(187)) - new c604563f-8b94-483f-a354-2ed29e633e80@group-CC8367C11690-SegmentedRaftLogWorker for RaftStorageImpl:Storage Directory /home/runner/work/ozone/ozone/hadoop-ozone/integration-test/target/test-dir/MiniOzoneClusterImpl-8c4c252e-cda6-42f5-b80f-9d168f3e16cf/datanode-4/data/ratis/acfbc123-0b4c-49f4-b445-cc8367c11690
2022-09-30 13:40:30,652 [pool-164-thread-1] INFO  server.RaftServerConfigKeys (ConfUtils.java:logGet(46)) - raft.server.log.queue.byte-limit = 4294967296 (custom)
2022-09-30 13:40:30,652 [pool-164-thread-1] INFO  server.RaftServerConfigKeys (ConfUtils.java:logGet(46)) - raft.server.log.queue.element-limit = 1024 (custom)
2022-09-30 13:40:30,652 [pool-164-thread-1] INFO  server.RaftServerConfigKeys (ConfUtils.java:logGet(46)) - raft.server.log.segment.size.max = 1048576 (custom)
2022-09-30 13:40:30,652 [pool-164-thread-1] INFO  server.RaftServerConfigKeys (ConfUtils.java:logGet(46)) - raft.server.log.preallocated.size = 16384 (custom)
2022-09-30 13:40:30,652 [pool-164-thread-1] INFO  server.RaftServerConfigKeys (ConfUtils.java:logGet(46)) - raft.server.log.force.sync.num = 128 (default)
2022-09-30 13:40:30,652 [pool-164-thread-1] INFO  server.RaftServerConfigKeys (ConfUtils.java:logGet(46)) - raft.server.log.statemachine.data.sync = true (default)
2022-09-30 13:40:30,653 [pool-164-thread-1] INFO  server.RaftServerConfigKeys (ConfUtils.java:logGet(46)) - raft.server.log.statemachine.data.sync.timeout = 10s (default)
2022-09-30 13:40:30,653 [pool-164-thread-1] INFO  server.RaftServerConfigKeys (ConfUtils.java:logGet(46)) - raft.server.log.statemachine.data.sync.timeout.retry = -1 (default)
2022-09-30 13:40:30,653 [pool-164-thread-1] INFO  server.RaftServerConfigKeys (ConfUtils.java:logGet(46)) - raft.server.log.write.buffer.size = 1048576 (custom)
2022-09-30 13:40:30,654 [pool-164-thread-1] INFO  server.RaftServerConfigKeys (ConfUtils.java:logGet(46)) - raft.server.log.unsafe-flush.enabled = false (default)
2022-09-30 13:40:30,654 [pool-164-thread-1] INFO  server.RaftServerConfigKeys (ConfUtils.java:logGet(46)) - raft.server.log.statemachine.data.caching.enabled = true (custom)
2022-09-30 13:40:30,654 [pool-164-thread-1] INFO  segmented.SegmentedRaftLogWorker (SegmentedRaftLogWorker.java:lambda$new$0(135)) - c604563f-8b94-483f-a354-2ed29e633e80@group-CC8367C11690-SegmentedRaftLogWorker: flushIndex: setUnconditionally 0 -> -1
2022-09-30 13:40:30,654 [pool-164-thread-1] INFO  segmented.SegmentedRaftLogWorker (SegmentedRaftLogWorker.java:lambda$new$0(135)) - c604563f-8b94-483f-a354-2ed29e633e80@group-CC8367C11690-SegmentedRaftLogWorker: safeCacheEvictIndex: setUnconditionally 0 -> -1
2022-09-30 13:40:30,661 [pool-164-thread-1] INFO  server.RaftServerConfigKeys (ConfUtils.java:logGet(46)) - raft.server.snapshot.auto.trigger.enabled = true (custom)
2022-09-30 13:40:30,661 [pool-164-thread-1] INFO  server.RaftServerConfigKeys (ConfUtils.java:logGet(46)) - raft.server.snapshot.auto.trigger.threshold = 10000 (custom)
2022-09-30 13:40:30,661 [pool-164-thread-1] INFO  server.RaftServerConfigKeys (ConfUtils.java:logGet(46)) - raft.server.snapshot.retention.file.num = 5 (custom)
2022-09-30 13:40:30,661 [pool-164-thread-1] INFO  server.RaftServerConfigKeys (ConfUtils.java:logGet(46)) - raft.server.log.purge.upto.snapshot.index = false (default)
2022-09-30 13:40:30,661 [pool-164-thread-1] INFO  server.RaftServerConfigKeys (ConfUtils.java:logGet(46)) - raft.server.retrycache.expirytime = 600000ms (custom)
2022-09-30 13:40:30,661 [pool-164-thread-1] INFO  server.RaftServerConfigKeys (ConfUtils.java:logGet(46)) - raft.server.retrycache.statistics.expirytime = 100μs (default)
2022-09-30 13:40:30,663 [pool-164-thread-1] INFO  server.RaftServerConfigKeys (ConfUtils.java:logGet(46)) - raft.server.log.appender.install.snapshot.enabled = false (custom)
2022-09-30 13:40:30,663 [pool-164-thread-1] INFO  server.RaftServerConfigKeys (ConfUtils.java:logGet(46)) - raft.server.threadpool.server.cached = true (default)
2022-09-30 13:40:30,663 [pool-164-thread-1] INFO  server.RaftServerConfigKeys (ConfUtils.java:logGet(46)) - raft.server.threadpool.server.size = 0 (default)
2022-09-30 13:40:30,663 [pool-164-thread-1] INFO  server.RaftServerConfigKeys (ConfUtils.java:logGet(46)) - raft.server.threadpool.client.cached = true (default)
2022-09-30 13:40:30,663 [pool-164-thread-1] INFO  server.RaftServerConfigKeys (ConfUtils.java:logGet(46)) - raft.server.threadpool.client.size = 0 (default)
2022-09-30 13:40:30,663 [pool-164-thread-1] INFO  server.RaftServer$Division (RaftServerImpl.java:start(310)) - c604563f-8b94-483f-a354-2ed29e633e80@group-CC8367C11690: start as a follower, conf=-1: [c604563f-8b94-483f-a354-2ed29e633e80|rpc:10.1.0.210:36125|priority:1], old=null
2022-09-30 13:40:30,663 [pool-164-thread-1] INFO  server.RaftServer$Division (RaftServerImpl.java:setRole(299)) - c604563f-8b94-483f-a354-2ed29e633e80@group-CC8367C11690: changes role from      null to FOLLOWER at term 0 for startAsFollower
2022-09-30 13:40:30,663 [pool-164-thread-1] INFO  impl.RoleInfo (RoleInfo.java:updateAndGet(139)) - c604563f-8b94-483f-a354-2ed29e633e80: start c604563f-8b94-483f-a354-2ed29e633e80@group-CC8367C11690-FollowerState
2022-09-30 13:40:30,664 [pool-164-thread-1] INFO  util.JmxRegister (JmxRegister.java:tryRegister(44)) - Successfully registered JMX Bean with object name Ratis:service=RaftServer,group=group-CC8367C11690,id=c604563f-8b94-483f-a354-2ed29e633e80
2022-09-30 13:40:30,665 [Command processor thread] INFO  ratis.XceiverServerRatis (XceiverServerRatis.java:addGroup(765)) - Created group PipelineID=acfbc123-0b4c-49f4-b445-cc8367c11690
2022-09-30 13:40:30,665 [Command processor thread] INFO  commandhandler.CreatePipelineCommandHandler (CreatePipelineCommandHandler.java:handle(113)) - Created Pipeline RATIS ONE PipelineID=acfbc123-0b4c-49f4-b445-cc8367c11690.
2022-09-30 13:40:30,837 [EventQueue-OpenPipelineForHealthyPipelineSafeModeRule] INFO  safemode.SCMSafeModeManager (HealthyPipelineSafeModeRule.java:process(137)) - SCM in safe mode. Healthy pipelines reported count is 0, required healthy pipeline reported count is 1
2022-09-30 13:40:30,968 [EventQueue-OpenPipelineForHealthyPipelineSafeModeRule] INFO  safemode.SCMSafeModeManager (HealthyPipelineSafeModeRule.java:process(137)) - SCM in safe mode. Healthy pipelines reported count is 0, required healthy pipeline reported count is 1
2022-09-30 13:40:30,973 [ReplicationMonitor] INFO  replication.ReplicationManager (ReplicationManager.java:processAll(291)) - Replication Manager is not ready to run until 3000ms after safemode exit
2022-09-30 13:40:31,089 [Command processor thread] INFO  server.RaftServer (RaftServerProxy.java:addNew(96)) - 43811407-7c21-4fcd-ab69-dbd9b60ed504: addNew group-689039BF4234:[43811407-7c21-4fcd-ab69-dbd9b60ed504|rpc:10.1.0.210:42941|priority:1] returns group-689039BF4234:java.util.concurrent.CompletableFuture@297caf5[Not completed]
2022-09-30 13:40:31,091 [pool-187-thread-1] INFO  server.RaftServer$Division (RaftServerImpl.java:<init>(190)) - 43811407-7c21-4fcd-ab69-dbd9b60ed504: new RaftServerImpl for group-689039BF4234:[43811407-7c21-4fcd-ab69-dbd9b60ed504|rpc:10.1.0.210:42941|priority:1] with ContainerStateMachine:uninitialized
2022-09-30 13:40:31,091 [pool-187-thread-1] INFO  server.RaftServerConfigKeys (ConfUtils.java:logGet(46)) - raft.server.rpc.timeout.min = 5s (custom)
2022-09-30 13:40:31,091 [pool-187-thread-1] INFO  server.RaftServerConfigKeys (ConfUtils.java:logGet(46)) - raft.server.rpc.timeout.max = 5200ms (custom)
2022-09-30 13:40:31,091 [pool-187-thread-1] INFO  server.RaftServerConfigKeys (ConfUtils.java:logGet(46)) - raft.server.rpc.sleep.time = 25ms (default)
2022-09-30 13:40:31,091 [pool-187-thread-1] INFO  server.RaftServerConfigKeys (ConfUtils.java:logGet(46)) - raft.server.rpc.slowness.timeout = 300s (custom)
2022-09-30 13:40:31,091 [pool-187-thread-1] INFO  server.RaftServerConfigKeys (ConfUtils.java:logGet(46)) - raft.server.leaderelection.leader.step-down.wait-time = 10s (default)
2022-09-30 13:40:31,091 [pool-187-thread-1] INFO  server.RaftServerConfigKeys (ConfUtils.java:logGet(46)) - raft.server.sleep.deviation.threshold = 300ms (default)
2022-09-30 13:40:31,091 [pool-187-thread-1] INFO  server.RaftServer$Division (ServerState.java:<init>(107)) - 43811407-7c21-4fcd-ab69-dbd9b60ed504@group-689039BF4234: ConfigurationManager, init=-1: [43811407-7c21-4fcd-ab69-dbd9b60ed504|rpc:10.1.0.210:42941|priority:1], old=null, confs=<EMPTY_MAP>
2022-09-30 13:40:31,091 [pool-187-thread-1] INFO  server.RaftServerConfigKeys (ConfUtils.java:logGet(46)) - raft.server.storage.dir = [/home/runner/work/ozone/ozone/hadoop-ozone/integration-test/target/test-dir/MiniOzoneClusterImpl-8c4c252e-cda6-42f5-b80f-9d168f3e16cf/datanode-5/data/ratis] (custom)
2022-09-30 13:40:31,091 [pool-187-thread-1] INFO  server.RaftServerConfigKeys (ConfUtils.java:logGet(46)) - raft.server.log.corruption.policy = EXCEPTION (default)
2022-09-30 13:40:31,091 [pool-187-thread-1] INFO  server.RaftServerConfigKeys (ConfUtils.java:logGet(46)) - raft.server.storage.free-space.min = 0MB (=0) (default)
2022-09-30 13:40:31,092 [pool-187-thread-1] INFO  storage.RaftStorageDirectory (RaftStorageDirectoryImpl.java:analyzeStorage(135)) - The storage directory /home/runner/work/ozone/ozone/hadoop-ozone/integration-test/target/test-dir/MiniOzoneClusterImpl-8c4c252e-cda6-42f5-b80f-9d168f3e16cf/datanode-5/data/ratis/1d15c82b-7007-4ea5-930d-689039bf4234 does not exist. Creating ...
2022-09-30 13:40:31,093 [pool-187-thread-1] INFO  storage.RaftStorageDirectory (RaftStorageDirectoryImpl.java:tryLock(230)) - Lock on /home/runner/work/ozone/ozone/hadoop-ozone/integration-test/target/test-dir/MiniOzoneClusterImpl-8c4c252e-cda6-42f5-b80f-9d168f3e16cf/datanode-5/data/ratis/1d15c82b-7007-4ea5-930d-689039bf4234/in_use.lock acquired by nodename 61277@fv-az264-432
2022-09-30 13:40:31,094 [pool-187-thread-1] INFO  storage.RaftStorage (RaftStorageImpl.java:format(89)) - Storage directory /home/runner/work/ozone/ozone/hadoop-ozone/integration-test/target/test-dir/MiniOzoneClusterImpl-8c4c252e-cda6-42f5-b80f-9d168f3e16cf/datanode-5/data/ratis/1d15c82b-7007-4ea5-930d-689039bf4234 has been successfully formatted.
2022-09-30 13:40:31,095 [pool-187-thread-1] INFO  ratis.ContainerStateMachine (ContainerStateMachine.java:loadSnapshot(236)) - group-689039BF4234: The snapshot info is null. Setting the last applied indexto:(t:0, i:~)
2022-09-30 13:40:31,095 [pool-187-thread-1] INFO  server.RaftServerConfigKeys (ConfUtils.java:logGet(46)) - raft.server.notification.no-leader.timeout = 300s (custom)
2022-09-30 13:40:31,095 [pool-187-thread-1] INFO  server.RaftServerConfigKeys (ConfUtils.java:logGet(46)) - raft.server.log.use.memory = false (default)
2022-09-30 13:40:31,100 [pool-187-thread-1] INFO  server.RaftServerConfigKeys (ConfUtils.java:logGet(46)) - raft.server.log.purge.gap = 1000000 (custom)
2022-09-30 13:40:31,100 [pool-187-thread-1] INFO  server.RaftServerConfigKeys (ConfUtils.java:logGet(46)) - raft.server.log.appender.buffer.byte-limit = 33554432 (custom)
2022-09-30 13:40:31,100 [pool-187-thread-1] INFO  server.RaftServerConfigKeys (ConfUtils.java:logGet(46)) - raft.server.log.statemachine.data.read.timeout = 1000ms (default)
2022-09-30 13:40:31,100 [EventQueue-PipelineReportForPipelineReportHandler] INFO  pipeline.PipelineManagerImpl (PipelineManagerImpl.java:openPipeline(367)) - Pipeline Pipeline[ Id: 1d15c82b-7007-4ea5-930d-689039bf4234, Nodes: 43811407-7c21-4fcd-ab69-dbd9b60ed504{ip: 10.1.0.210, host: fv-az264-432.ca02foy5wcnuvlrvrz2wi3p2og.dx.internal.cloudapp.net, ports: [REPLICATION=35185, RATIS=42941, RATIS_ADMIN=42941, RATIS_SERVER=42941, STANDALONE=35079], networkLocation: /default-rack, certSerialId: null, persistedOpState: IN_SERVICE, persistedOpStateExpiryEpochSec: 0}, ReplicationConfig: RATIS/ONE, State:ALLOCATED, leaderId:43811407-7c21-4fcd-ab69-dbd9b60ed504, CreationTimestamp2022-09-30T13:40:28.093Z[Etc/UTC]] moved to OPEN state
2022-09-30 13:40:31,101 [pool-187-thread-1] INFO  server.RaftServerConfigKeys (ConfUtils.java:logGet(46)) - raft.server.log.segment.size.max = 1048576 (custom)
2022-09-30 13:40:31,101 [pool-187-thread-1] INFO  server.RaftServerConfigKeys (ConfUtils.java:logGet(46)) - raft.server.log.segment.cache.num.max = 2 (custom)
2022-09-30 13:40:31,101 [pool-187-thread-1] INFO  server.RaftServerConfigKeys (ConfUtils.java:logGet(46)) - raft.server.log.segment.cache.size.max = 200MB (=209715200) (default)
2022-09-30 13:40:31,101 [EventQueue-OpenPipelineForHealthyPipelineSafeModeRule] INFO  safemode.SCMSafeModeManager (HealthyPipelineSafeModeRule.java:process(137)) - SCM in safe mode. Healthy pipelines reported count is 0, required healthy pipeline reported count is 1
2022-09-30 13:40:31,102 [pool-187-thread-1] INFO  segmented.SegmentedRaftLogWorker (SegmentedRaftLogWorker.java:<init>(187)) - new 43811407-7c21-4fcd-ab69-dbd9b60ed504@group-689039BF4234-SegmentedRaftLogWorker for RaftStorageImpl:Storage Directory /home/runner/work/ozone/ozone/hadoop-ozone/integration-test/target/test-dir/MiniOzoneClusterImpl-8c4c252e-cda6-42f5-b80f-9d168f3e16cf/datanode-5/data/ratis/1d15c82b-7007-4ea5-930d-689039bf4234
2022-09-30 13:40:31,104 [pool-187-thread-1] INFO  server.RaftServerConfigKeys (ConfUtils.java:logGet(46)) - raft.server.log.queue.byte-limit = 4294967296 (custom)
2022-09-30 13:40:31,104 [pool-187-thread-1] INFO  server.RaftServerConfigKeys (ConfUtils.java:logGet(46)) - raft.server.log.queue.element-limit = 1024 (custom)
2022-09-30 13:40:31,104 [pool-187-thread-1] INFO  server.RaftServerConfigKeys (ConfUtils.java:logGet(46)) - raft.server.log.segment.size.max = 1048576 (custom)
2022-09-30 13:40:31,104 [pool-187-thread-1] INFO  server.RaftServerConfigKeys (ConfUtils.java:logGet(46)) - raft.server.log.preallocated.size = 16384 (custom)
2022-09-30 13:40:31,104 [pool-187-thread-1] INFO  server.RaftServerConfigKeys (ConfUtils.java:logGet(46)) - raft.server.log.force.sync.num = 128 (default)
2022-09-30 13:40:31,104 [pool-187-thread-1] INFO  server.RaftServerConfigKeys (ConfUtils.java:logGet(46)) - raft.server.log.statemachine.data.sync = true (default)
2022-09-30 13:40:31,104 [pool-187-thread-1] INFO  server.RaftServerConfigKeys (ConfUtils.java:logGet(46)) - raft.server.log.statemachine.data.sync.timeout = 10s (default)
2022-09-30 13:40:31,104 [pool-187-thread-1] INFO  server.RaftServerConfigKeys (ConfUtils.java:logGet(46)) - raft.server.log.statemachine.data.sync.timeout.retry = -1 (default)
2022-09-30 13:40:31,105 [pool-187-thread-1] INFO  server.RaftServerConfigKeys (ConfUtils.java:logGet(46)) - raft.server.log.write.buffer.size = 1048576 (custom)
2022-09-30 13:40:31,108 [pool-187-thread-1] INFO  server.RaftServerConfigKeys (ConfUtils.java:logGet(46)) - raft.server.log.unsafe-flush.enabled = false (default)
2022-09-30 13:40:31,108 [pool-187-thread-1] INFO  server.RaftServerConfigKeys (ConfUtils.java:logGet(46)) - raft.server.log.statemachine.data.caching.enabled = true (custom)
2022-09-30 13:40:31,108 [pool-187-thread-1] INFO  segmented.SegmentedRaftLogWorker (SegmentedRaftLogWorker.java:lambda$new$0(135)) - 43811407-7c21-4fcd-ab69-dbd9b60ed504@group-689039BF4234-SegmentedRaftLogWorker: flushIndex: setUnconditionally 0 -> -1
2022-09-30 13:40:31,108 [pool-187-thread-1] INFO  segmented.SegmentedRaftLogWorker (SegmentedRaftLogWorker.java:lambda$new$0(135)) - 43811407-7c21-4fcd-ab69-dbd9b60ed504@group-689039BF4234-SegmentedRaftLogWorker: safeCacheEvictIndex: setUnconditionally 0 -> -1
2022-09-30 13:40:31,109 [pool-187-thread-1] INFO  server.RaftServerConfigKeys (ConfUtils.java:logGet(46)) - raft.server.snapshot.auto.trigger.enabled = true (custom)
2022-09-30 13:40:31,109 [pool-187-thread-1] INFO  server.RaftServerConfigKeys (ConfUtils.java:logGet(46)) - raft.server.snapshot.auto.trigger.threshold = 10000 (custom)
2022-09-30 13:40:31,109 [pool-187-thread-1] INFO  server.RaftServerConfigKeys (ConfUtils.java:logGet(46)) - raft.server.snapshot.retention.file.num = 5 (custom)
2022-09-30 13:40:31,109 [pool-187-thread-1] INFO  server.RaftServerConfigKeys (ConfUtils.java:logGet(46)) - raft.server.log.purge.upto.snapshot.index = false (default)
2022-09-30 13:40:31,109 [pool-187-thread-1] INFO  server.RaftServerConfigKeys (ConfUtils.java:logGet(46)) - raft.server.retrycache.expirytime = 600000ms (custom)
2022-09-30 13:40:31,109 [pool-187-thread-1] INFO  server.RaftServerConfigKeys (ConfUtils.java:logGet(46)) - raft.server.retrycache.statistics.expirytime = 100μs (default)
2022-09-30 13:40:31,110 [pool-187-thread-1] INFO  server.RaftServerConfigKeys (ConfUtils.java:logGet(46)) - raft.server.log.appender.install.snapshot.enabled = false (custom)
2022-09-30 13:40:31,110 [pool-187-thread-1] INFO  server.RaftServerConfigKeys (ConfUtils.java:logGet(46)) - raft.server.threadpool.server.cached = true (default)
2022-09-30 13:40:31,110 [pool-187-thread-1] INFO  server.RaftServerConfigKeys (ConfUtils.java:logGet(46)) - raft.server.threadpool.server.size = 0 (default)
2022-09-30 13:40:31,110 [pool-187-thread-1] INFO  server.RaftServerConfigKeys (ConfUtils.java:logGet(46)) - raft.server.threadpool.client.cached = true (default)
2022-09-30 13:40:31,110 [pool-187-thread-1] INFO  server.RaftServerConfigKeys (ConfUtils.java:logGet(46)) - raft.server.threadpool.client.size = 0 (default)
2022-09-30 13:40:31,111 [pool-187-thread-1] INFO  server.RaftServer$Division (RaftServerImpl.java:start(310)) - 43811407-7c21-4fcd-ab69-dbd9b60ed504@group-689039BF4234: start as a follower, conf=-1: [43811407-7c21-4fcd-ab69-dbd9b60ed504|rpc:10.1.0.210:42941|priority:1], old=null
2022-09-30 13:40:31,111 [pool-187-thread-1] INFO  server.RaftServer$Division (RaftServerImpl.java:setRole(299)) - 43811407-7c21-4fcd-ab69-dbd9b60ed504@group-689039BF4234: changes role from      null to FOLLOWER at term 0 for startAsFollower
2022-09-30 13:40:31,111 [pool-187-thread-1] INFO  impl.RoleInfo (RoleInfo.java:updateAndGet(139)) - 43811407-7c21-4fcd-ab69-dbd9b60ed504: start 43811407-7c21-4fcd-ab69-dbd9b60ed504@group-689039BF4234-FollowerState
2022-09-30 13:40:31,112 [pool-187-thread-1] INFO  util.JmxRegister (JmxRegister.java:tryRegister(44)) - Successfully registered JMX Bean with object name Ratis:service=RaftServer,group=group-689039BF4234,id=43811407-7c21-4fcd-ab69-dbd9b60ed504
2022-09-30 13:40:31,112 [Command processor thread] INFO  ratis.XceiverServerRatis (XceiverServerRatis.java:addGroup(765)) - Created group PipelineID=1d15c82b-7007-4ea5-930d-689039bf4234
2022-09-30 13:40:31,113 [Command processor thread] INFO  commandhandler.CreatePipelineCommandHandler (CreatePipelineCommandHandler.java:handle(113)) - Created Pipeline RATIS ONE PipelineID=1d15c82b-7007-4ea5-930d-689039bf4234.
2022-09-30 13:40:31,477 [EventQueue-OpenPipelineForHealthyPipelineSafeModeRule] INFO  safemode.SCMSafeModeManager (HealthyPipelineSafeModeRule.java:process(137)) - SCM in safe mode. Healthy pipelines reported count is 0, required healthy pipeline reported count is 1
2022-09-30 13:40:31,499 [Listener at 127.0.0.1/46717] INFO  ozone.MiniOzoneClusterImpl (MiniOzoneClusterImpl.java:lambda$waitForClusterToBeReady$0(216)) - Nodes are ready. Got 7 of 7 DN Heartbeats.
2022-09-30 13:40:31,499 [Listener at 127.0.0.1/46717] INFO  ozone.MiniOzoneClusterImpl (MiniOzoneClusterImpl.java:lambda$waitForClusterToBeReady$0(219)) - Waiting for cluster to exit safe mode
2022-09-30 13:40:31,499 [Listener at 127.0.0.1/46717] INFO  ozone.MiniOzoneClusterImpl (MiniOzoneClusterImpl.java:lambda$waitForClusterToBeReady$0(221)) - SCM became leader
2022-09-30 13:40:31,504 [Command processor thread] INFO  server.RaftServer (RaftServerProxy.java:addNew(96)) - 93a726fc-a128-4d5e-9b28-98a1d7a8eb0c: addNew group-C6B343C9CDD9:[93a726fc-a128-4d5e-9b28-98a1d7a8eb0c|rpc:10.1.0.210:43289|priority:1] returns group-C6B343C9CDD9:java.util.concurrent.CompletableFuture@4cd83641[Not completed]
2022-09-30 13:40:31,507 [pool-214-thread-1] INFO  server.RaftServer$Division (RaftServerImpl.java:<init>(190)) - 93a726fc-a128-4d5e-9b28-98a1d7a8eb0c: new RaftServerImpl for group-C6B343C9CDD9:[93a726fc-a128-4d5e-9b28-98a1d7a8eb0c|rpc:10.1.0.210:43289|priority:1] with ContainerStateMachine:uninitialized
2022-09-30 13:40:31,507 [pool-214-thread-1] INFO  server.RaftServerConfigKeys (ConfUtils.java:logGet(46)) - raft.server.rpc.timeout.min = 5s (custom)
2022-09-30 13:40:31,507 [pool-214-thread-1] INFO  server.RaftServerConfigKeys (ConfUtils.java:logGet(46)) - raft.server.rpc.timeout.max = 5200ms (custom)
2022-09-30 13:40:31,507 [pool-214-thread-1] INFO  server.RaftServerConfigKeys (ConfUtils.java:logGet(46)) - raft.server.rpc.sleep.time = 25ms (default)
2022-09-30 13:40:31,507 [pool-214-thread-1] INFO  server.RaftServerConfigKeys (ConfUtils.java:logGet(46)) - raft.server.rpc.slowness.timeout = 300s (custom)
2022-09-30 13:40:31,507 [pool-214-thread-1] INFO  server.RaftServerConfigKeys (ConfUtils.java:logGet(46)) - raft.server.leaderelection.leader.step-down.wait-time = 10s (default)
2022-09-30 13:40:31,507 [pool-214-thread-1] INFO  server.RaftServerConfigKeys (ConfUtils.java:logGet(46)) - raft.server.sleep.deviation.threshold = 300ms (default)
2022-09-30 13:40:31,507 [pool-214-thread-1] INFO  server.RaftServer$Division (ServerState.java:<init>(107)) - 93a726fc-a128-4d5e-9b28-98a1d7a8eb0c@group-C6B343C9CDD9: ConfigurationManager, init=-1: [93a726fc-a128-4d5e-9b28-98a1d7a8eb0c|rpc:10.1.0.210:43289|priority:1], old=null, confs=<EMPTY_MAP>
2022-09-30 13:40:31,507 [pool-214-thread-1] INFO  server.RaftServerConfigKeys (ConfUtils.java:logGet(46)) - raft.server.storage.dir = [/home/runner/work/ozone/ozone/hadoop-ozone/integration-test/target/test-dir/MiniOzoneClusterImpl-8c4c252e-cda6-42f5-b80f-9d168f3e16cf/datanode-6/data/ratis] (custom)
2022-09-30 13:40:31,508 [pool-214-thread-1] INFO  server.RaftServerConfigKeys (ConfUtils.java:logGet(46)) - raft.server.log.corruption.policy = EXCEPTION (default)
2022-09-30 13:40:31,508 [pool-214-thread-1] INFO  server.RaftServerConfigKeys (ConfUtils.java:logGet(46)) - raft.server.storage.free-space.min = 0MB (=0) (default)
2022-09-30 13:40:31,508 [pool-214-thread-1] INFO  storage.RaftStorageDirectory (RaftStorageDirectoryImpl.java:analyzeStorage(135)) - The storage directory /home/runner/work/ozone/ozone/hadoop-ozone/integration-test/target/test-dir/MiniOzoneClusterImpl-8c4c252e-cda6-42f5-b80f-9d168f3e16cf/datanode-6/data/ratis/06ef1021-4f37-49d0-bc15-c6b343c9cdd9 does not exist. Creating ...
2022-09-30 13:40:31,511 [pool-214-thread-1] INFO  storage.RaftStorageDirectory (RaftStorageDirectoryImpl.java:tryLock(230)) - Lock on /home/runner/work/ozone/ozone/hadoop-ozone/integration-test/target/test-dir/MiniOzoneClusterImpl-8c4c252e-cda6-42f5-b80f-9d168f3e16cf/datanode-6/data/ratis/06ef1021-4f37-49d0-bc15-c6b343c9cdd9/in_use.lock acquired by nodename 61277@fv-az264-432
2022-09-30 13:40:31,512 [pool-214-thread-1] INFO  storage.RaftStorage (RaftStorageImpl.java:format(89)) - Storage directory /home/runner/work/ozone/ozone/hadoop-ozone/integration-test/target/test-dir/MiniOzoneClusterImpl-8c4c252e-cda6-42f5-b80f-9d168f3e16cf/datanode-6/data/ratis/06ef1021-4f37-49d0-bc15-c6b343c9cdd9 has been successfully formatted.
2022-09-30 13:40:31,513 [pool-214-thread-1] INFO  ratis.ContainerStateMachine (ContainerStateMachine.java:loadSnapshot(236)) - group-C6B343C9CDD9: The snapshot info is null. Setting the last applied indexto:(t:0, i:~)
2022-09-30 13:40:31,514 [pool-214-thread-1] INFO  server.RaftServerConfigKeys (ConfUtils.java:logGet(46)) - raft.server.notification.no-leader.timeout = 300s (custom)
2022-09-30 13:40:31,514 [pool-214-thread-1] INFO  server.RaftServerConfigKeys (ConfUtils.java:logGet(46)) - raft.server.log.use.memory = false (default)
2022-09-30 13:40:31,514 [pool-214-thread-1] INFO  server.RaftServerConfigKeys (ConfUtils.java:logGet(46)) - raft.server.log.purge.gap = 1000000 (custom)
2022-09-30 13:40:31,514 [pool-214-thread-1] INFO  server.RaftServerConfigKeys (ConfUtils.java:logGet(46)) - raft.server.log.appender.buffer.byte-limit = 33554432 (custom)
2022-09-30 13:40:31,514 [pool-214-thread-1] INFO  server.RaftServerConfigKeys (ConfUtils.java:logGet(46)) - raft.server.log.statemachine.data.read.timeout = 1000ms (default)
2022-09-30 13:40:31,514 [pool-214-thread-1] INFO  server.RaftServerConfigKeys (ConfUtils.java:logGet(46)) - raft.server.log.segment.size.max = 1048576 (custom)
2022-09-30 13:40:31,515 [EventQueue-PipelineReportForPipelineReportHandler] INFO  pipeline.PipelineManagerImpl (PipelineManagerImpl.java:openPipeline(367)) - Pipeline Pipeline[ Id: 06ef1021-4f37-49d0-bc15-c6b343c9cdd9, Nodes: 93a726fc-a128-4d5e-9b28-98a1d7a8eb0c{ip: 10.1.0.210, host: fv-az264-432.ca02foy5wcnuvlrvrz2wi3p2og.dx.internal.cloudapp.net, ports: [REPLICATION=34975, RATIS=43289, RATIS_ADMIN=43289, RATIS_SERVER=43289, STANDALONE=44081], networkLocation: /default-rack, certSerialId: null, persistedOpState: IN_SERVICE, persistedOpStateExpiryEpochSec: 0}, ReplicationConfig: RATIS/ONE, State:ALLOCATED, leaderId:93a726fc-a128-4d5e-9b28-98a1d7a8eb0c, CreationTimestamp2022-09-30T13:40:28.505Z[Etc/UTC]] moved to OPEN state
2022-09-30 13:40:31,515 [pool-214-thread-1] INFO  server.RaftServerConfigKeys (ConfUtils.java:logGet(46)) - raft.server.log.segment.cache.num.max = 2 (custom)
2022-09-30 13:40:31,515 [pool-214-thread-1] INFO  server.RaftServerConfigKeys (ConfUtils.java:logGet(46)) - raft.server.log.segment.cache.size.max = 200MB (=209715200) (default)
2022-09-30 13:40:31,515 [pool-214-thread-1] INFO  segmented.SegmentedRaftLogWorker (SegmentedRaftLogWorker.java:<init>(187)) - new 93a726fc-a128-4d5e-9b28-98a1d7a8eb0c@group-C6B343C9CDD9-SegmentedRaftLogWorker for RaftStorageImpl:Storage Directory /home/runner/work/ozone/ozone/hadoop-ozone/integration-test/target/test-dir/MiniOzoneClusterImpl-8c4c252e-cda6-42f5-b80f-9d168f3e16cf/datanode-6/data/ratis/06ef1021-4f37-49d0-bc15-c6b343c9cdd9
2022-09-30 13:40:31,515 [pool-214-thread-1] INFO  server.RaftServerConfigKeys (ConfUtils.java:logGet(46)) - raft.server.log.queue.byte-limit = 4294967296 (custom)
2022-09-30 13:40:31,515 [pool-214-thread-1] INFO  server.RaftServerConfigKeys (ConfUtils.java:logGet(46)) - raft.server.log.queue.element-limit = 1024 (custom)
2022-09-30 13:40:31,515 [pool-214-thread-1] INFO  server.RaftServerConfigKeys (ConfUtils.java:logGet(46)) - raft.server.log.segment.size.max = 1048576 (custom)
2022-09-30 13:40:31,515 [pool-214-thread-1] INFO  server.RaftServerConfigKeys (ConfUtils.java:logGet(46)) - raft.server.log.preallocated.size = 16384 (custom)
2022-09-30 13:40:31,515 [EventQueue-OpenPipelineForHealthyPipelineSafeModeRule] INFO  safemode.SCMSafeModeManager (HealthyPipelineSafeModeRule.java:process(137)) - SCM in safe mode. Healthy pipelines reported count is 0, required healthy pipeline reported count is 1
2022-09-30 13:40:31,515 [pool-214-thread-1] INFO  server.RaftServerConfigKeys (ConfUtils.java:logGet(46)) - raft.server.log.force.sync.num = 128 (default)
2022-09-30 13:40:31,517 [pool-214-thread-1] INFO  server.RaftServerConfigKeys (ConfUtils.java:logGet(46)) - raft.server.log.statemachine.data.sync = true (default)
2022-09-30 13:40:31,517 [pool-214-thread-1] INFO  server.RaftServerConfigKeys (ConfUtils.java:logGet(46)) - raft.server.log.statemachine.data.sync.timeout = 10s (default)
2022-09-30 13:40:31,517 [pool-214-thread-1] INFO  server.RaftServerConfigKeys (ConfUtils.java:logGet(46)) - raft.server.log.statemachine.data.sync.timeout.retry = -1 (default)
2022-09-30 13:40:31,518 [pool-214-thread-1] INFO  server.RaftServerConfigKeys (ConfUtils.java:logGet(46)) - raft.server.log.write.buffer.size = 1048576 (custom)
2022-09-30 13:40:31,518 [pool-214-thread-1] INFO  server.RaftServerConfigKeys (ConfUtils.java:logGet(46)) - raft.server.log.unsafe-flush.enabled = false (default)
2022-09-30 13:40:31,518 [pool-214-thread-1] INFO  server.RaftServerConfigKeys (ConfUtils.java:logGet(46)) - raft.server.log.statemachine.data.caching.enabled = true (custom)
2022-09-30 13:40:31,518 [pool-214-thread-1] INFO  segmented.SegmentedRaftLogWorker (SegmentedRaftLogWorker.java:lambda$new$0(135)) - 93a726fc-a128-4d5e-9b28-98a1d7a8eb0c@group-C6B343C9CDD9-SegmentedRaftLogWorker: flushIndex: setUnconditionally 0 -> -1
2022-09-30 13:40:31,518 [pool-214-thread-1] INFO  segmented.SegmentedRaftLogWorker (SegmentedRaftLogWorker.java:lambda$new$0(135)) - 93a726fc-a128-4d5e-9b28-98a1d7a8eb0c@group-C6B343C9CDD9-SegmentedRaftLogWorker: safeCacheEvictIndex: setUnconditionally 0 -> -1
2022-09-30 13:40:31,518 [pool-214-thread-1] INFO  server.RaftServerConfigKeys (ConfUtils.java:logGet(46)) - raft.server.snapshot.auto.trigger.enabled = true (custom)
2022-09-30 13:40:31,518 [pool-214-thread-1] INFO  server.RaftServerConfigKeys (ConfUtils.java:logGet(46)) - raft.server.snapshot.auto.trigger.threshold = 10000 (custom)
2022-09-30 13:40:31,519 [pool-214-thread-1] INFO  server.RaftServerConfigKeys (ConfUtils.java:logGet(46)) - raft.server.snapshot.retention.file.num = 5 (custom)
2022-09-30 13:40:31,519 [pool-214-thread-1] INFO  server.RaftServerConfigKeys (ConfUtils.java:logGet(46)) - raft.server.log.purge.upto.snapshot.index = false (default)
2022-09-30 13:40:31,519 [pool-214-thread-1] INFO  server.RaftServerConfigKeys (ConfUtils.java:logGet(46)) - raft.server.retrycache.expirytime = 600000ms (custom)
2022-09-30 13:40:31,519 [pool-214-thread-1] INFO  server.RaftServerConfigKeys (ConfUtils.java:logGet(46)) - raft.server.retrycache.statistics.expirytime = 100μs (default)
2022-09-30 13:40:31,520 [pool-214-thread-1] INFO  server.RaftServerConfigKeys (ConfUtils.java:logGet(46)) - raft.server.log.appender.install.snapshot.enabled = false (custom)
2022-09-30 13:40:31,520 [pool-214-thread-1] INFO  server.RaftServerConfigKeys (ConfUtils.java:logGet(46)) - raft.server.threadpool.server.cached = true (default)
2022-09-30 13:40:31,520 [pool-214-thread-1] INFO  server.RaftServerConfigKeys (ConfUtils.java:logGet(46)) - raft.server.threadpool.server.size = 0 (default)
2022-09-30 13:40:31,520 [pool-214-thread-1] INFO  server.RaftServerConfigKeys (ConfUtils.java:logGet(46)) - raft.server.threadpool.client.cached = true (default)
2022-09-30 13:40:31,520 [pool-214-thread-1] INFO  server.RaftServerConfigKeys (ConfUtils.java:logGet(46)) - raft.server.threadpool.client.size = 0 (default)
2022-09-30 13:40:31,520 [pool-214-thread-1] INFO  server.RaftServer$Division (RaftServerImpl.java:start(310)) - 93a726fc-a128-4d5e-9b28-98a1d7a8eb0c@group-C6B343C9CDD9: start as a follower, conf=-1: [93a726fc-a128-4d5e-9b28-98a1d7a8eb0c|rpc:10.1.0.210:43289|priority:1], old=null
2022-09-30 13:40:31,520 [pool-214-thread-1] INFO  server.RaftServer$Division (RaftServerImpl.java:setRole(299)) - 93a726fc-a128-4d5e-9b28-98a1d7a8eb0c@group-C6B343C9CDD9: changes role from      null to FOLLOWER at term 0 for startAsFollower
2022-09-30 13:40:31,520 [pool-214-thread-1] INFO  impl.RoleInfo (RoleInfo.java:updateAndGet(139)) - 93a726fc-a128-4d5e-9b28-98a1d7a8eb0c: start 93a726fc-a128-4d5e-9b28-98a1d7a8eb0c@group-C6B343C9CDD9-FollowerState
2022-09-30 13:40:31,521 [pool-214-thread-1] INFO  util.JmxRegister (JmxRegister.java:tryRegister(44)) - Successfully registered JMX Bean with object name Ratis:service=RaftServer,group=group-C6B343C9CDD9,id=93a726fc-a128-4d5e-9b28-98a1d7a8eb0c
2022-09-30 13:40:31,522 [Command processor thread] INFO  ratis.XceiverServerRatis (XceiverServerRatis.java:addGroup(765)) - Created group PipelineID=06ef1021-4f37-49d0-bc15-c6b343c9cdd9
2022-09-30 13:40:31,522 [Command processor thread] INFO  commandhandler.CreatePipelineCommandHandler (CreatePipelineCommandHandler.java:handle(113)) - Created Pipeline RATIS ONE PipelineID=06ef1021-4f37-49d0-bc15-c6b343c9cdd9.
2022-09-30 13:40:31,649 [EventQueue-OpenPipelineForHealthyPipelineSafeModeRule] INFO  safemode.SCMSafeModeManager (HealthyPipelineSafeModeRule.java:process(137)) - SCM in safe mode. Healthy pipelines reported count is 0, required healthy pipeline reported count is 1
2022-09-30 13:40:31,966 [EventQueue-OpenPipelineForHealthyPipelineSafeModeRule] INFO  safemode.SCMSafeModeManager (HealthyPipelineSafeModeRule.java:process(137)) - SCM in safe mode. Healthy pipelines reported count is 0, required healthy pipeline reported count is 1
2022-09-30 13:40:31,973 [ReplicationMonitor] INFO  replication.ReplicationManager (ReplicationManager.java:processAll(291)) - Replication Manager is not ready to run until 3000ms after safemode exit
2022-09-30 13:40:32,098 [EventQueue-OpenPipelineForHealthyPipelineSafeModeRule] INFO  safemode.SCMSafeModeManager (HealthyPipelineSafeModeRule.java:process(137)) - SCM in safe mode. Healthy pipelines reported count is 0, required healthy pipeline reported count is 1
2022-09-30 13:40:32,263 [EventQueue-OpenPipelineForHealthyPipelineSafeModeRule] INFO  safemode.SCMSafeModeManager (HealthyPipelineSafeModeRule.java:process(137)) - SCM in safe mode. Healthy pipelines reported count is 0, required healthy pipeline reported count is 1
2022-09-30 13:40:32,477 [EventQueue-OpenPipelineForHealthyPipelineSafeModeRule] INFO  safemode.SCMSafeModeManager (HealthyPipelineSafeModeRule.java:process(137)) - SCM in safe mode. Healthy pipelines reported count is 0, required healthy pipeline reported count is 1
2022-09-30 13:40:32,499 [Listener at 127.0.0.1/46717] INFO  ozone.MiniOzoneClusterImpl (MiniOzoneClusterImpl.java:lambda$waitForClusterToBeReady$0(216)) - Nodes are ready. Got 7 of 7 DN Heartbeats.
2022-09-30 13:40:32,499 [Listener at 127.0.0.1/46717] INFO  ozone.MiniOzoneClusterImpl (MiniOzoneClusterImpl.java:lambda$waitForClusterToBeReady$0(219)) - Waiting for cluster to exit safe mode
2022-09-30 13:40:32,499 [Listener at 127.0.0.1/46717] INFO  ozone.MiniOzoneClusterImpl (MiniOzoneClusterImpl.java:lambda$waitForClusterToBeReady$0(221)) - SCM became leader
2022-09-30 13:40:32,515 [EventQueue-OpenPipelineForHealthyPipelineSafeModeRule] INFO  safemode.SCMSafeModeManager (HealthyPipelineSafeModeRule.java:process(137)) - SCM in safe mode. Healthy pipelines reported count is 0, required healthy pipeline reported count is 1
2022-09-30 13:40:32,836 [EventQueue-OpenPipelineForHealthyPipelineSafeModeRule] INFO  safemode.SCMSafeModeManager (HealthyPipelineSafeModeRule.java:process(137)) - SCM in safe mode. Healthy pipelines reported count is 0, required healthy pipeline reported count is 1
2022-09-30 13:40:32,973 [ReplicationMonitor] INFO  replication.ReplicationManager (ReplicationManager.java:processAll(291)) - Replication Manager is not ready to run until 3000ms after safemode exit
2022-09-30 13:40:33,264 [EventQueue-OpenPipelineForHealthyPipelineSafeModeRule] INFO  safemode.SCMSafeModeManager (HealthyPipelineSafeModeRule.java:process(137)) - SCM in safe mode. Healthy pipelines reported count is 0, required healthy pipeline reported count is 1
2022-09-30 13:40:33,500 [Listener at 127.0.0.1/46717] INFO  ozone.MiniOzoneClusterImpl (MiniOzoneClusterImpl.java:lambda$waitForClusterToBeReady$0(216)) - Nodes are ready. Got 7 of 7 DN Heartbeats.
2022-09-30 13:40:33,500 [Listener at 127.0.0.1/46717] INFO  ozone.MiniOzoneClusterImpl (MiniOzoneClusterImpl.java:lambda$waitForClusterToBeReady$0(219)) - Waiting for cluster to exit safe mode
2022-09-30 13:40:33,500 [Listener at 127.0.0.1/46717] INFO  ozone.MiniOzoneClusterImpl (MiniOzoneClusterImpl.java:lambda$waitForClusterToBeReady$0(221)) - SCM became leader
2022-09-30 13:40:33,650 [EventQueue-OpenPipelineForHealthyPipelineSafeModeRule] INFO  safemode.SCMSafeModeManager (HealthyPipelineSafeModeRule.java:process(137)) - SCM in safe mode. Healthy pipelines reported count is 0, required healthy pipeline reported count is 1
2022-09-30 13:40:33,836 [EventQueue-OpenPipelineForHealthyPipelineSafeModeRule] INFO  safemode.SCMSafeModeManager (HealthyPipelineSafeModeRule.java:process(137)) - SCM in safe mode. Healthy pipelines reported count is 0, required healthy pipeline reported count is 1
2022-09-30 13:40:33,968 [EventQueue-OpenPipelineForHealthyPipelineSafeModeRule] INFO  safemode.SCMSafeModeManager (HealthyPipelineSafeModeRule.java:process(137)) - SCM in safe mode. Healthy pipelines reported count is 0, required healthy pipeline reported count is 1
2022-09-30 13:40:33,974 [ReplicationMonitor] INFO  replication.ReplicationManager (ReplicationManager.java:processAll(291)) - Replication Manager is not ready to run until 3000ms after safemode exit
2022-09-30 13:40:34,098 [EventQueue-OpenPipelineForHealthyPipelineSafeModeRule] INFO  safemode.SCMSafeModeManager (HealthyPipelineSafeModeRule.java:process(137)) - SCM in safe mode. Healthy pipelines reported count is 0, required healthy pipeline reported count is 1
2022-09-30 13:40:34,099 [62666bfa-5b48-4194-8431-0a6941154381@group-3F213833E1F5-FollowerState] INFO  impl.FollowerState (FollowerState.java:run(143)) - 62666bfa-5b48-4194-8431-0a6941154381@group-3F213833E1F5-FollowerState: change to CANDIDATE, lastRpcElapsedTime:5109269735ns, electionTimeout:5104ms
2022-09-30 13:40:34,099 [62666bfa-5b48-4194-8431-0a6941154381@group-3F213833E1F5-FollowerState] INFO  impl.RoleInfo (RoleInfo.java:shutdownFollowerState(110)) - 62666bfa-5b48-4194-8431-0a6941154381: shutdown 62666bfa-5b48-4194-8431-0a6941154381@group-3F213833E1F5-FollowerState
2022-09-30 13:40:34,099 [62666bfa-5b48-4194-8431-0a6941154381@group-3F213833E1F5-FollowerState] INFO  server.RaftServer$Division (RaftServerImpl.java:setRole(299)) - 62666bfa-5b48-4194-8431-0a6941154381@group-3F213833E1F5: changes role from  FOLLOWER to CANDIDATE at term 0 for changeToCandidate
2022-09-30 13:40:34,099 [62666bfa-5b48-4194-8431-0a6941154381@group-3F213833E1F5-FollowerState] INFO  server.RaftServerConfigKeys (ConfUtils.java:logGet(46)) - raft.server.leaderelection.pre-vote = false (custom)
2022-09-30 13:40:34,100 [62666bfa-5b48-4194-8431-0a6941154381@group-3F213833E1F5-FollowerState] INFO  impl.RoleInfo (RoleInfo.java:updateAndGet(139)) - 62666bfa-5b48-4194-8431-0a6941154381: start 62666bfa-5b48-4194-8431-0a6941154381@group-3F213833E1F5-LeaderElection2
2022-09-30 13:40:34,107 [62666bfa-5b48-4194-8431-0a6941154381@group-3F213833E1F5-LeaderElection2] INFO  impl.LeaderElection (LeaderElection.java:askForVotes(310)) - 62666bfa-5b48-4194-8431-0a6941154381@group-3F213833E1F5-LeaderElection2 ELECTION round 0: submit vote requests at term 1 for -1: [97e8c787-6023-4421-819a-0b5ced458c94|rpc:10.1.0.210:36437|priority:0, 63487312-87aa-4652-9988-76e01a899b42|rpc:10.1.0.210:39059|priority:1, 62666bfa-5b48-4194-8431-0a6941154381|rpc:10.1.0.210:41785|priority:0], old=null
2022-09-30 13:40:34,138 [62666bfa-5b48-4194-8431-0a6941154381@group-C1A62CF0FA15-FollowerState] INFO  impl.FollowerState (FollowerState.java:run(143)) - 62666bfa-5b48-4194-8431-0a6941154381@group-C1A62CF0FA15-FollowerState: change to CANDIDATE, lastRpcElapsedTime:5193260544ns, electionTimeout:5185ms
2022-09-30 13:40:34,140 [62666bfa-5b48-4194-8431-0a6941154381@group-C1A62CF0FA15-FollowerState] INFO  impl.RoleInfo (RoleInfo.java:shutdownFollowerState(110)) - 62666bfa-5b48-4194-8431-0a6941154381: shutdown 62666bfa-5b48-4194-8431-0a6941154381@group-C1A62CF0FA15-FollowerState
2022-09-30 13:40:34,140 [62666bfa-5b48-4194-8431-0a6941154381@group-C1A62CF0FA15-FollowerState] INFO  server.RaftServer$Division (RaftServerImpl.java:setRole(299)) - 62666bfa-5b48-4194-8431-0a6941154381@group-C1A62CF0FA15: changes role from  FOLLOWER to CANDIDATE at term 0 for changeToCandidate
2022-09-30 13:40:34,140 [62666bfa-5b48-4194-8431-0a6941154381@group-C1A62CF0FA15-FollowerState] INFO  server.RaftServerConfigKeys (ConfUtils.java:logGet(46)) - raft.server.leaderelection.pre-vote = false (custom)
2022-09-30 13:40:34,140 [62666bfa-5b48-4194-8431-0a6941154381@group-C1A62CF0FA15-FollowerState] INFO  impl.RoleInfo (RoleInfo.java:updateAndGet(139)) - 62666bfa-5b48-4194-8431-0a6941154381: start 62666bfa-5b48-4194-8431-0a6941154381@group-C1A62CF0FA15-LeaderElection3
2022-09-30 13:40:34,169 [grpc-default-executor-1] INFO  server.RaftServer$Division (RaftServerImpl.java:requestVote(1152)) - 97e8c787-6023-4421-819a-0b5ced458c94@group-3F213833E1F5: receive requestVote(ELECTION, 62666bfa-5b48-4194-8431-0a6941154381, group-3F213833E1F5, 1, (t:0, i:0))
2022-09-30 13:40:34,173 [grpc-default-executor-0] INFO  server.RaftServer$Division (RaftServerImpl.java:requestVote(1152)) - 63487312-87aa-4652-9988-76e01a899b42@group-3F213833E1F5: receive requestVote(ELECTION, 62666bfa-5b48-4194-8431-0a6941154381, group-3F213833E1F5, 1, (t:0, i:0))
2022-09-30 13:40:34,168 [62666bfa-5b48-4194-8431-0a6941154381@group-C1A62CF0FA15-LeaderElection3] INFO  impl.LeaderElection (LeaderElection.java:askForVotes(310)) - 62666bfa-5b48-4194-8431-0a6941154381@group-C1A62CF0FA15-LeaderElection3 ELECTION round 0: submit vote requests at term 1 for -1: [62666bfa-5b48-4194-8431-0a6941154381|rpc:10.1.0.210:41785|priority:1], old=null
2022-09-30 13:40:34,174 [grpc-default-executor-0] INFO  impl.VoteContext (VoteContext.java:log(48)) - 63487312-87aa-4652-9988-76e01a899b42@group-3F213833E1F5-FOLLOWER: reject ELECTION from 62666bfa-5b48-4194-8431-0a6941154381: our priority 1 > candidate's priority 0
2022-09-30 13:40:34,174 [62666bfa-5b48-4194-8431-0a6941154381@group-C1A62CF0FA15-LeaderElection3] INFO  impl.LeaderElection (LeaderElection.java:askForVotes(312)) - 62666bfa-5b48-4194-8431-0a6941154381@group-C1A62CF0FA15-LeaderElection3 ELECTION round 0: result PASSED (term=1)
2022-09-30 13:40:34,175 [62666bfa-5b48-4194-8431-0a6941154381@group-C1A62CF0FA15-LeaderElection3] INFO  impl.RoleInfo (RoleInfo.java:shutdownLeaderElection(130)) - 62666bfa-5b48-4194-8431-0a6941154381: shutdown 62666bfa-5b48-4194-8431-0a6941154381@group-C1A62CF0FA15-LeaderElection3
2022-09-30 13:40:34,175 [62666bfa-5b48-4194-8431-0a6941154381@group-C1A62CF0FA15-LeaderElection3] INFO  server.RaftServer$Division (RaftServerImpl.java:setRole(299)) - 62666bfa-5b48-4194-8431-0a6941154381@group-C1A62CF0FA15: changes role from CANDIDATE to LEADER at term 1 for changeToLeader
2022-09-30 13:40:34,175 [62666bfa-5b48-4194-8431-0a6941154381@group-C1A62CF0FA15-LeaderElection3] INFO  ratis.XceiverServerRatis (XceiverServerRatis.java:handleLeaderChangedNotification(863)) - Leader change notification received for group: group-C1A62CF0FA15 with new leaderId: 62666bfa-5b48-4194-8431-0a6941154381
2022-09-30 13:40:34,175 [grpc-default-executor-0] INFO  server.RaftServer$Division (RaftServerImpl.java:setRole(299)) - 63487312-87aa-4652-9988-76e01a899b42@group-3F213833E1F5: changes role from  FOLLOWER to FOLLOWER at term 1 for candidate:62666bfa-5b48-4194-8431-0a6941154381
2022-09-30 13:40:34,175 [grpc-default-executor-0] INFO  impl.RoleInfo (RoleInfo.java:shutdownFollowerState(110)) - 63487312-87aa-4652-9988-76e01a899b42: shutdown 63487312-87aa-4652-9988-76e01a899b42@group-3F213833E1F5-FollowerState
2022-09-30 13:40:34,175 [grpc-default-executor-0] INFO  impl.RoleInfo (RoleInfo.java:updateAndGet(139)) - 63487312-87aa-4652-9988-76e01a899b42: start 63487312-87aa-4652-9988-76e01a899b42@group-3F213833E1F5-FollowerState
2022-09-30 13:40:34,176 [63487312-87aa-4652-9988-76e01a899b42@group-3F213833E1F5-FollowerState] INFO  impl.FollowerState (FollowerState.java:run(152)) - 63487312-87aa-4652-9988-76e01a899b42@group-3F213833E1F5-FollowerState was interrupted
2022-09-30 13:40:34,176 [62666bfa-5b48-4194-8431-0a6941154381@group-C1A62CF0FA15-LeaderElection3] INFO  server.RaftServer$Division (ServerState.java:setLeader(287)) - 62666bfa-5b48-4194-8431-0a6941154381@group-C1A62CF0FA15: change Leader from null to 62666bfa-5b48-4194-8431-0a6941154381 at term 1 for becomeLeader, leader elected after 5245ms
2022-09-30 13:40:34,176 [62666bfa-5b48-4194-8431-0a6941154381@group-C1A62CF0FA15-LeaderElection3] INFO  server.RaftServerConfigKeys (ConfUtils.java:logGet(46)) - raft.server.staging.catchup.gap = 1000 (default)
2022-09-30 13:40:34,177 [EventQueue-OpenPipelineForHealthyPipelineSafeModeRule] INFO  safemode.SCMSafeModeManager (HealthyPipelineSafeModeRule.java:process(137)) - SCM in safe mode. Healthy pipelines reported count is 0, required healthy pipeline reported count is 1
2022-09-30 13:40:34,177 [grpc-default-executor-1] INFO  impl.VoteContext (VoteContext.java:log(48)) - 97e8c787-6023-4421-819a-0b5ced458c94@group-3F213833E1F5-FOLLOWER: accept ELECTION from 62666bfa-5b48-4194-8431-0a6941154381: our priority 0 <= candidate's priority 0
2022-09-30 13:40:34,179 [grpc-default-executor-1] INFO  server.RaftServer$Division (RaftServerImpl.java:setRole(299)) - 97e8c787-6023-4421-819a-0b5ced458c94@group-3F213833E1F5: changes role from  FOLLOWER to FOLLOWER at term 1 for candidate:62666bfa-5b48-4194-8431-0a6941154381
2022-09-30 13:40:34,180 [grpc-default-executor-1] INFO  impl.RoleInfo (RoleInfo.java:shutdownFollowerState(110)) - 97e8c787-6023-4421-819a-0b5ced458c94: shutdown 97e8c787-6023-4421-819a-0b5ced458c94@group-3F213833E1F5-FollowerState
2022-09-30 13:40:34,180 [grpc-default-executor-1] INFO  impl.RoleInfo (RoleInfo.java:updateAndGet(139)) - 97e8c787-6023-4421-819a-0b5ced458c94: start 97e8c787-6023-4421-819a-0b5ced458c94@group-3F213833E1F5-FollowerState
2022-09-30 13:40:34,180 [97e8c787-6023-4421-819a-0b5ced458c94@group-3F213833E1F5-FollowerState] INFO  impl.FollowerState (FollowerState.java:run(152)) - 97e8c787-6023-4421-819a-0b5ced458c94@group-3F213833E1F5-FollowerState was interrupted
2022-09-30 13:40:34,180 [62666bfa-5b48-4194-8431-0a6941154381@group-C1A62CF0FA15-LeaderElection3] INFO  server.RaftServerConfigKeys (ConfUtils.java:logGet(46)) - raft.server.write.element-limit = 1024 (custom)
2022-09-30 13:40:34,180 [62666bfa-5b48-4194-8431-0a6941154381@group-C1A62CF0FA15-LeaderElection3] INFO  server.RaftServerConfigKeys (ConfUtils.java:logGet(46)) - raft.server.write.byte-limit = 1024 M (=1073741824) (custom)
2022-09-30 13:40:34,181 [62666bfa-5b48-4194-8431-0a6941154381@group-C1A62CF0FA15-LeaderElection3] INFO  server.RaftServerConfigKeys (ConfUtils.java:logGet(46)) - raft.server.watch.timeout = 180s (custom)
2022-09-30 13:40:34,181 [62666bfa-5b48-4194-8431-0a6941154381@group-C1A62CF0FA15-LeaderElection3] INFO  server.RaftServerConfigKeys (ConfUtils.java:logGet(46)) - raft.server.watch.timeout.denomination = 1s (default)
2022-09-30 13:40:34,181 [62666bfa-5b48-4194-8431-0a6941154381@group-C1A62CF0FA15-LeaderElection3] INFO  server.RaftServerConfigKeys (ConfUtils.java:logGet(46)) - raft.server.watch.element-limit = 65536 (default)
2022-09-30 13:40:34,181 [62666bfa-5b48-4194-8431-0a6941154381@group-C1A62CF0FA15-LeaderElection3] INFO  server.RaftServerConfigKeys (ConfUtils.java:logGet(46)) - raft.server.write.element-limit = 1024 (custom)
2022-09-30 13:40:34,181 [62666bfa-5b48-4194-8431-0a6941154381@group-C1A62CF0FA15-LeaderElection3] INFO  server.RaftServerConfigKeys (ConfUtils.java:logGet(46)) - raft.server.write.follower.gap.ratio.max = -1.0 (default)
2022-09-30 13:40:34,181 [62666bfa-5b48-4194-8431-0a6941154381@group-C1A62CF0FA15-LeaderElection3] INFO  impl.RoleInfo (RoleInfo.java:updateAndGet(139)) - 62666bfa-5b48-4194-8431-0a6941154381: start 62666bfa-5b48-4194-8431-0a6941154381@group-C1A62CF0FA15-LeaderStateImpl
2022-09-30 13:40:34,185 [grpc-default-executor-0] INFO  server.RaftServer$Division (RaftServerImpl.java:requestVote(1184)) - 63487312-87aa-4652-9988-76e01a899b42@group-3F213833E1F5 replies to ELECTION vote request: 62666bfa-5b48-4194-8431-0a6941154381<-63487312-87aa-4652-9988-76e01a899b42#0:FAIL-t1. Peer's state: 63487312-87aa-4652-9988-76e01a899b42@group-3F213833E1F5:t1, leader=null, voted=null, raftlog=63487312-87aa-4652-9988-76e01a899b42@group-3F213833E1F5-SegmentedRaftLog:OPENED:c-1, conf=-1: [97e8c787-6023-4421-819a-0b5ced458c94|rpc:10.1.0.210:36437|priority:0, 63487312-87aa-4652-9988-76e01a899b42|rpc:10.1.0.210:39059|priority:1, 62666bfa-5b48-4194-8431-0a6941154381|rpc:10.1.0.210:41785|priority:0], old=null
2022-09-30 13:40:34,186 [62666bfa-5b48-4194-8431-0a6941154381@group-C1A62CF0FA15-LeaderElection3] INFO  segmented.SegmentedRaftLogWorker (SegmentedRaftLogWorker.java:startLogSegment(425)) - 62666bfa-5b48-4194-8431-0a6941154381@group-C1A62CF0FA15-SegmentedRaftLogWorker: Starting segment from index:0
2022-09-30 13:40:34,188 [62666bfa-5b48-4194-8431-0a6941154381@group-C1A62CF0FA15-SegmentedRaftLogWorker] INFO  segmented.SegmentedRaftLogWorker (SegmentedRaftLogWorker.java:execute(629)) - 62666bfa-5b48-4194-8431-0a6941154381@group-C1A62CF0FA15-SegmentedRaftLogWorker: created new log segment /home/runner/work/ozone/ozone/hadoop-ozone/integration-test/target/test-dir/MiniOzoneClusterImpl-8c4c252e-cda6-42f5-b80f-9d168f3e16cf/datanode-0/data/ratis/4c7b28f9-9e97-4236-a1f2-c1a62cf0fa15/current/log_inprogress_0
2022-09-30 13:40:34,190 [grpc-default-executor-1] INFO  server.RaftServer$Division (RaftServerImpl.java:requestVote(1184)) - 97e8c787-6023-4421-819a-0b5ced458c94@group-3F213833E1F5 replies to ELECTION vote request: 62666bfa-5b48-4194-8431-0a6941154381<-97e8c787-6023-4421-819a-0b5ced458c94#0:OK-t1. Peer's state: 97e8c787-6023-4421-819a-0b5ced458c94@group-3F213833E1F5:t1, leader=null, voted=62666bfa-5b48-4194-8431-0a6941154381, raftlog=97e8c787-6023-4421-819a-0b5ced458c94@group-3F213833E1F5-SegmentedRaftLog:OPENED:c-1, conf=-1: [97e8c787-6023-4421-819a-0b5ced458c94|rpc:10.1.0.210:36437|dataStream:|priority:0, 63487312-87aa-4652-9988-76e01a899b42|rpc:10.1.0.210:39059|dataStream:|priority:1, 62666bfa-5b48-4194-8431-0a6941154381|rpc:10.1.0.210:41785|dataStream:|priority:0], old=null
2022-09-30 13:40:34,195 [62666bfa-5b48-4194-8431-0a6941154381@group-C1A62CF0FA15-LeaderElection3] INFO  server.RaftServer$Division (ServerState.java:setRaftConf(393)) - 62666bfa-5b48-4194-8431-0a6941154381@group-C1A62CF0FA15: set configuration 0: [62666bfa-5b48-4194-8431-0a6941154381|rpc:10.1.0.210:41785|dataStream:|priority:1], old=null
2022-09-30 13:40:34,197 [62666bfa-5b48-4194-8431-0a6941154381@group-3F213833E1F5-LeaderElection2] INFO  impl.LeaderElection (LeaderElection.java:logAndReturn(90)) - 62666bfa-5b48-4194-8431-0a6941154381@group-3F213833E1F5-LeaderElection2: ELECTION REJECTED received 1 response(s) and 0 exception(s):
2022-09-30 13:40:34,205 [62666bfa-5b48-4194-8431-0a6941154381@group-3F213833E1F5-LeaderElection2] INFO  impl.LeaderElection (LeaderElection.java:logAndReturn(94)) -   Response 0: 62666bfa-5b48-4194-8431-0a6941154381<-63487312-87aa-4652-9988-76e01a899b42#0:FAIL-t1
2022-09-30 13:40:34,206 [62666bfa-5b48-4194-8431-0a6941154381@group-3F213833E1F5-LeaderElection2] INFO  impl.LeaderElection (LeaderElection.java:askForVotes(312)) - 62666bfa-5b48-4194-8431-0a6941154381@group-3F213833E1F5-LeaderElection2 ELECTION round 0: result REJECTED
2022-09-30 13:40:34,206 [62666bfa-5b48-4194-8431-0a6941154381@group-3F213833E1F5-LeaderElection2] INFO  server.RaftServer$Division (RaftServerImpl.java:setRole(299)) - 62666bfa-5b48-4194-8431-0a6941154381@group-3F213833E1F5: changes role from CANDIDATE to FOLLOWER at term 1 for REJECTED
2022-09-30 13:40:34,206 [62666bfa-5b48-4194-8431-0a6941154381@group-3F213833E1F5-LeaderElection2] INFO  impl.RoleInfo (RoleInfo.java:shutdownLeaderElection(130)) - 62666bfa-5b48-4194-8431-0a6941154381: shutdown 62666bfa-5b48-4194-8431-0a6941154381@group-3F213833E1F5-LeaderElection2
2022-09-30 13:40:34,206 [62666bfa-5b48-4194-8431-0a6941154381@group-3F213833E1F5-LeaderElection2] INFO  impl.RoleInfo (RoleInfo.java:updateAndGet(139)) - 62666bfa-5b48-4194-8431-0a6941154381: start 62666bfa-5b48-4194-8431-0a6941154381@group-3F213833E1F5-FollowerState
2022-09-30 13:40:34,271 [EventQueue-OpenPipelineForHealthyPipelineSafeModeRule] INFO  safemode.SCMSafeModeManager (HealthyPipelineSafeModeRule.java:process(137)) - SCM in safe mode. Healthy pipelines reported count is 0, required healthy pipeline reported count is 1
2022-09-30 13:40:34,478 [EventQueue-OpenPipelineForHealthyPipelineSafeModeRule] INFO  safemode.SCMSafeModeManager (HealthyPipelineSafeModeRule.java:process(137)) - SCM in safe mode. Healthy pipelines reported count is 0, required healthy pipeline reported count is 1
2022-09-30 13:40:34,500 [Listener at 127.0.0.1/46717] INFO  ozone.MiniOzoneClusterImpl (MiniOzoneClusterImpl.java:lambda$waitForClusterToBeReady$0(216)) - Nodes are ready. Got 7 of 7 DN Heartbeats.
2022-09-30 13:40:34,500 [Listener at 127.0.0.1/46717] INFO  ozone.MiniOzoneClusterImpl (MiniOzoneClusterImpl.java:lambda$waitForClusterToBeReady$0(219)) - Waiting for cluster to exit safe mode
2022-09-30 13:40:34,500 [Listener at 127.0.0.1/46717] INFO  ozone.MiniOzoneClusterImpl (MiniOzoneClusterImpl.java:lambda$waitForClusterToBeReady$0(221)) - SCM became leader
2022-09-30 13:40:34,515 [EventQueue-OpenPipelineForHealthyPipelineSafeModeRule] INFO  safemode.SCMSafeModeManager (HealthyPipelineSafeModeRule.java:process(137)) - SCM in safe mode. Healthy pipelines reported count is 0, required healthy pipeline reported count is 1
2022-09-30 13:40:34,632 [63487312-87aa-4652-9988-76e01a899b42@group-B099DF3793EF-FollowerState] INFO  impl.FollowerState (FollowerState.java:run(143)) - 63487312-87aa-4652-9988-76e01a899b42@group-B099DF3793EF-FollowerState: change to CANDIDATE, lastRpcElapsedTime:5188441145ns, electionTimeout:5180ms
2022-09-30 13:40:34,632 [63487312-87aa-4652-9988-76e01a899b42@group-B099DF3793EF-FollowerState] INFO  impl.RoleInfo (RoleInfo.java:shutdownFollowerState(110)) - 63487312-87aa-4652-9988-76e01a899b42: shutdown 63487312-87aa-4652-9988-76e01a899b42@group-B099DF3793EF-FollowerState
2022-09-30 13:40:34,632 [63487312-87aa-4652-9988-76e01a899b42@group-B099DF3793EF-FollowerState] INFO  server.RaftServer$Division (RaftServerImpl.java:setRole(299)) - 63487312-87aa-4652-9988-76e01a899b42@group-B099DF3793EF: changes role from  FOLLOWER to CANDIDATE at term 0 for changeToCandidate
2022-09-30 13:40:34,632 [63487312-87aa-4652-9988-76e01a899b42@group-B099DF3793EF-FollowerState] INFO  server.RaftServerConfigKeys (ConfUtils.java:logGet(46)) - raft.server.leaderelection.pre-vote = false (custom)
2022-09-30 13:40:34,632 [63487312-87aa-4652-9988-76e01a899b42@group-B099DF3793EF-FollowerState] INFO  impl.RoleInfo (RoleInfo.java:updateAndGet(139)) - 63487312-87aa-4652-9988-76e01a899b42: start 63487312-87aa-4652-9988-76e01a899b42@group-B099DF3793EF-LeaderElection4
2022-09-30 13:40:34,637 [63487312-87aa-4652-9988-76e01a899b42@group-B099DF3793EF-LeaderElection4] INFO  impl.LeaderElection (LeaderElection.java:askForVotes(310)) - 63487312-87aa-4652-9988-76e01a899b42@group-B099DF3793EF-LeaderElection4 ELECTION round 0: submit vote requests at term 1 for -1: [63487312-87aa-4652-9988-76e01a899b42|rpc:10.1.0.210:39059|priority:1], old=null
2022-09-30 13:40:34,637 [63487312-87aa-4652-9988-76e01a899b42@group-B099DF3793EF-LeaderElection4] INFO  impl.LeaderElection (LeaderElection.java:askForVotes(312)) - 63487312-87aa-4652-9988-76e01a899b42@group-B099DF3793EF-LeaderElection4 ELECTION round 0: result PASSED (term=1)
2022-09-30 13:40:34,637 [63487312-87aa-4652-9988-76e01a899b42@group-B099DF3793EF-LeaderElection4] INFO  impl.RoleInfo (RoleInfo.java:shutdownLeaderElection(130)) - 63487312-87aa-4652-9988-76e01a899b42: shutdown 63487312-87aa-4652-9988-76e01a899b42@group-B099DF3793EF-LeaderElection4
2022-09-30 13:40:34,637 [63487312-87aa-4652-9988-76e01a899b42@group-B099DF3793EF-LeaderElection4] INFO  server.RaftServer$Division (RaftServerImpl.java:setRole(299)) - 63487312-87aa-4652-9988-76e01a899b42@group-B099DF3793EF: changes role from CANDIDATE to LEADER at term 1 for changeToLeader
2022-09-30 13:40:34,637 [63487312-87aa-4652-9988-76e01a899b42@group-B099DF3793EF-LeaderElection4] INFO  ratis.XceiverServerRatis (XceiverServerRatis.java:handleLeaderChangedNotification(863)) - Leader change notification received for group: group-B099DF3793EF with new leaderId: 63487312-87aa-4652-9988-76e01a899b42
2022-09-30 13:40:34,638 [63487312-87aa-4652-9988-76e01a899b42@group-B099DF3793EF-LeaderElection4] INFO  server.RaftServer$Division (ServerState.java:setLeader(287)) - 63487312-87aa-4652-9988-76e01a899b42@group-B099DF3793EF: change Leader from null to 63487312-87aa-4652-9988-76e01a899b42 at term 1 for becomeLeader, leader elected after 5209ms
2022-09-30 13:40:34,638 [63487312-87aa-4652-9988-76e01a899b42@group-B099DF3793EF-LeaderElection4] INFO  server.RaftServerConfigKeys (ConfUtils.java:logGet(46)) - raft.server.staging.catchup.gap = 1000 (default)
2022-09-30 13:40:34,638 [63487312-87aa-4652-9988-76e01a899b42@group-B099DF3793EF-LeaderElection4] INFO  server.RaftServerConfigKeys (ConfUtils.java:logGet(46)) - raft.server.write.element-limit = 1024 (custom)
2022-09-30 13:40:34,638 [63487312-87aa-4652-9988-76e01a899b42@group-B099DF3793EF-LeaderElection4] INFO  server.RaftServerConfigKeys (ConfUtils.java:logGet(46)) - raft.server.write.byte-limit = 1024 M (=1073741824) (custom)
2022-09-30 13:40:34,639 [63487312-87aa-4652-9988-76e01a899b42@group-B099DF3793EF-LeaderElection4] INFO  server.RaftServerConfigKeys (ConfUtils.java:logGet(46)) - raft.server.watch.timeout = 180s (custom)
2022-09-30 13:40:34,639 [63487312-87aa-4652-9988-76e01a899b42@group-B099DF3793EF-LeaderElection4] INFO  server.RaftServerConfigKeys (ConfUtils.java:logGet(46)) - raft.server.watch.timeout.denomination = 1s (default)
2022-09-30 13:40:34,639 [63487312-87aa-4652-9988-76e01a899b42@group-B099DF3793EF-LeaderElection4] INFO  server.RaftServerConfigKeys (ConfUtils.java:logGet(46)) - raft.server.watch.element-limit = 65536 (default)
2022-09-30 13:40:34,639 [63487312-87aa-4652-9988-76e01a899b42@group-B099DF3793EF-LeaderElection4] INFO  server.RaftServerConfigKeys (ConfUtils.java:logGet(46)) - raft.server.write.element-limit = 1024 (custom)
2022-09-30 13:40:34,641 [63487312-87aa-4652-9988-76e01a899b42@group-B099DF3793EF-LeaderElection4] INFO  server.RaftServerConfigKeys (ConfUtils.java:logGet(46)) - raft.server.write.follower.gap.ratio.max = -1.0 (default)
2022-09-30 13:40:34,642 [63487312-87aa-4652-9988-76e01a899b42@group-B099DF3793EF-LeaderElection4] INFO  impl.RoleInfo (RoleInfo.java:updateAndGet(139)) - 63487312-87aa-4652-9988-76e01a899b42: start 63487312-87aa-4652-9988-76e01a899b42@group-B099DF3793EF-LeaderStateImpl
2022-09-30 13:40:34,642 [63487312-87aa-4652-9988-76e01a899b42@group-B099DF3793EF-LeaderElection4] INFO  segmented.SegmentedRaftLogWorker (SegmentedRaftLogWorker.java:startLogSegment(425)) - 63487312-87aa-4652-9988-76e01a899b42@group-B099DF3793EF-SegmentedRaftLogWorker: Starting segment from index:0
2022-09-30 13:40:34,643 [EventQueue-OpenPipelineForHealthyPipelineSafeModeRule] INFO  safemode.SCMSafeModeManager (HealthyPipelineSafeModeRule.java:process(137)) - SCM in safe mode. Healthy pipelines reported count is 0, required healthy pipeline reported count is 1
2022-09-30 13:40:34,644 [63487312-87aa-4652-9988-76e01a899b42@group-B099DF3793EF-LeaderElection4] INFO  server.RaftServer$Division (ServerState.java:setRaftConf(393)) - 63487312-87aa-4652-9988-76e01a899b42@group-B099DF3793EF: set configuration 0: [63487312-87aa-4652-9988-76e01a899b42|rpc:10.1.0.210:39059|dataStream:|priority:1], old=null
2022-09-30 13:40:34,645 [63487312-87aa-4652-9988-76e01a899b42@group-B099DF3793EF-SegmentedRaftLogWorker] INFO  segmented.SegmentedRaftLogWorker (SegmentedRaftLogWorker.java:execute(629)) - 63487312-87aa-4652-9988-76e01a899b42@group-B099DF3793EF-SegmentedRaftLogWorker: created new log segment /home/runner/work/ozone/ozone/hadoop-ozone/integration-test/target/test-dir/MiniOzoneClusterImpl-8c4c252e-cda6-42f5-b80f-9d168f3e16cf/datanode-1/data/ratis/d8dba568-5b0a-48c5-8536-b099df3793ef/current/log_inprogress_0
2022-09-30 13:40:34,974 [ReplicationMonitor] INFO  replication.ReplicationManager (ReplicationManager.java:processAll(291)) - Replication Manager is not ready to run until 3000ms after safemode exit
2022-09-30 13:40:35,013 [97e8c787-6023-4421-819a-0b5ced458c94@group-CB8B115B4935-FollowerState] INFO  impl.FollowerState (FollowerState.java:run(143)) - 97e8c787-6023-4421-819a-0b5ced458c94@group-CB8B115B4935-FollowerState: change to CANDIDATE, lastRpcElapsedTime:5168928873ns, electionTimeout:5167ms
2022-09-30 13:40:35,014 [97e8c787-6023-4421-819a-0b5ced458c94@group-CB8B115B4935-FollowerState] INFO  impl.RoleInfo (RoleInfo.java:shutdownFollowerState(110)) - 97e8c787-6023-4421-819a-0b5ced458c94: shutdown 97e8c787-6023-4421-819a-0b5ced458c94@group-CB8B115B4935-FollowerState
2022-09-30 13:40:35,014 [97e8c787-6023-4421-819a-0b5ced458c94@group-CB8B115B4935-FollowerState] INFO  server.RaftServer$Division (RaftServerImpl.java:setRole(299)) - 97e8c787-6023-4421-819a-0b5ced458c94@group-CB8B115B4935: changes role from  FOLLOWER to CANDIDATE at term 0 for changeToCandidate
2022-09-30 13:40:35,014 [97e8c787-6023-4421-819a-0b5ced458c94@group-CB8B115B4935-FollowerState] INFO  server.RaftServerConfigKeys (ConfUtils.java:logGet(46)) - raft.server.leaderelection.pre-vote = false (custom)
2022-09-30 13:40:35,014 [97e8c787-6023-4421-819a-0b5ced458c94@group-CB8B115B4935-FollowerState] INFO  impl.RoleInfo (RoleInfo.java:updateAndGet(139)) - 97e8c787-6023-4421-819a-0b5ced458c94: start 97e8c787-6023-4421-819a-0b5ced458c94@group-CB8B115B4935-LeaderElection5
2022-09-30 13:40:35,019 [97e8c787-6023-4421-819a-0b5ced458c94@group-CB8B115B4935-LeaderElection5] INFO  impl.LeaderElection (LeaderElection.java:askForVotes(310)) - 97e8c787-6023-4421-819a-0b5ced458c94@group-CB8B115B4935-LeaderElection5 ELECTION round 0: submit vote requests at term 1 for -1: [97e8c787-6023-4421-819a-0b5ced458c94|rpc:10.1.0.210:36437|priority:1], old=null
2022-09-30 13:40:35,019 [97e8c787-6023-4421-819a-0b5ced458c94@group-CB8B115B4935-LeaderElection5] INFO  impl.LeaderElection (LeaderElection.java:askForVotes(312)) - 97e8c787-6023-4421-819a-0b5ced458c94@group-CB8B115B4935-LeaderElection5 ELECTION round 0: result PASSED (term=1)
2022-09-30 13:40:35,019 [97e8c787-6023-4421-819a-0b5ced458c94@group-CB8B115B4935-LeaderElection5] INFO  impl.RoleInfo (RoleInfo.java:shutdownLeaderElection(130)) - 97e8c787-6023-4421-819a-0b5ced458c94: shutdown 97e8c787-6023-4421-819a-0b5ced458c94@group-CB8B115B4935-LeaderElection5
2022-09-30 13:40:35,019 [97e8c787-6023-4421-819a-0b5ced458c94@group-CB8B115B4935-LeaderElection5] INFO  server.RaftServer$Division (RaftServerImpl.java:setRole(299)) - 97e8c787-6023-4421-819a-0b5ced458c94@group-CB8B115B4935: changes role from CANDIDATE to LEADER at term 1 for changeToLeader
2022-09-30 13:40:35,020 [97e8c787-6023-4421-819a-0b5ced458c94@group-CB8B115B4935-LeaderElection5] INFO  ratis.XceiverServerRatis (XceiverServerRatis.java:handleLeaderChangedNotification(863)) - Leader change notification received for group: group-CB8B115B4935 with new leaderId: 97e8c787-6023-4421-819a-0b5ced458c94
2022-09-30 13:40:35,020 [97e8c787-6023-4421-819a-0b5ced458c94@group-CB8B115B4935-LeaderElection5] INFO  server.RaftServer$Division (ServerState.java:setLeader(287)) - 97e8c787-6023-4421-819a-0b5ced458c94@group-CB8B115B4935: change Leader from null to 97e8c787-6023-4421-819a-0b5ced458c94 at term 1 for becomeLeader, leader elected after 5184ms
2022-09-30 13:40:35,020 [97e8c787-6023-4421-819a-0b5ced458c94@group-CB8B115B4935-LeaderElection5] INFO  server.RaftServerConfigKeys (ConfUtils.java:logGet(46)) - raft.server.staging.catchup.gap = 1000 (default)
2022-09-30 13:40:35,021 [97e8c787-6023-4421-819a-0b5ced458c94@group-CB8B115B4935-LeaderElection5] INFO  server.RaftServerConfigKeys (ConfUtils.java:logGet(46)) - raft.server.write.element-limit = 1024 (custom)
2022-09-30 13:40:35,021 [97e8c787-6023-4421-819a-0b5ced458c94@group-CB8B115B4935-LeaderElection5] INFO  server.RaftServerConfigKeys (ConfUtils.java:logGet(46)) - raft.server.write.byte-limit = 1024 M (=1073741824) (custom)
2022-09-30 13:40:35,022 [97e8c787-6023-4421-819a-0b5ced458c94@group-CB8B115B4935-LeaderElection5] INFO  server.RaftServerConfigKeys (ConfUtils.java:logGet(46)) - raft.server.watch.timeout = 180s (custom)
2022-09-30 13:40:35,022 [97e8c787-6023-4421-819a-0b5ced458c94@group-CB8B115B4935-LeaderElection5] INFO  server.RaftServerConfigKeys (ConfUtils.java:logGet(46)) - raft.server.watch.timeout.denomination = 1s (default)
2022-09-30 13:40:35,022 [97e8c787-6023-4421-819a-0b5ced458c94@group-CB8B115B4935-LeaderElection5] INFO  server.RaftServerConfigKeys (ConfUtils.java:logGet(46)) - raft.server.watch.element-limit = 65536 (default)
2022-09-30 13:40:35,022 [97e8c787-6023-4421-819a-0b5ced458c94@group-CB8B115B4935-LeaderElection5] INFO  server.RaftServerConfigKeys (ConfUtils.java:logGet(46)) - raft.server.write.element-limit = 1024 (custom)
2022-09-30 13:40:35,022 [97e8c787-6023-4421-819a-0b5ced458c94@group-CB8B115B4935-LeaderElection5] INFO  server.RaftServerConfigKeys (ConfUtils.java:logGet(46)) - raft.server.write.follower.gap.ratio.max = -1.0 (default)
2022-09-30 13:40:35,022 [97e8c787-6023-4421-819a-0b5ced458c94@group-CB8B115B4935-LeaderElection5] INFO  impl.RoleInfo (RoleInfo.java:updateAndGet(139)) - 97e8c787-6023-4421-819a-0b5ced458c94: start 97e8c787-6023-4421-819a-0b5ced458c94@group-CB8B115B4935-LeaderStateImpl
2022-09-30 13:40:35,023 [97e8c787-6023-4421-819a-0b5ced458c94@group-CB8B115B4935-LeaderElection5] INFO  segmented.SegmentedRaftLogWorker (SegmentedRaftLogWorker.java:startLogSegment(425)) - 97e8c787-6023-4421-819a-0b5ced458c94@group-CB8B115B4935-SegmentedRaftLogWorker: Starting segment from index:0
2022-09-30 13:40:35,024 [EventQueue-OpenPipelineForHealthyPipelineSafeModeRule] INFO  safemode.SCMSafeModeManager (HealthyPipelineSafeModeRule.java:process(137)) - SCM in safe mode. Healthy pipelines reported count is 0, required healthy pipeline reported count is 1
2022-09-30 13:40:35,026 [97e8c787-6023-4421-819a-0b5ced458c94@group-CB8B115B4935-LeaderElection5] INFO  server.RaftServer$Division (ServerState.java:setRaftConf(393)) - 97e8c787-6023-4421-819a-0b5ced458c94@group-CB8B115B4935: set configuration 0: [97e8c787-6023-4421-819a-0b5ced458c94|rpc:10.1.0.210:36437|dataStream:|priority:1], old=null
2022-09-30 13:40:35,026 [97e8c787-6023-4421-819a-0b5ced458c94@group-CB8B115B4935-SegmentedRaftLogWorker] INFO  segmented.SegmentedRaftLogWorker (SegmentedRaftLogWorker.java:execute(629)) - 97e8c787-6023-4421-819a-0b5ced458c94@group-CB8B115B4935-SegmentedRaftLogWorker: created new log segment /home/runner/work/ozone/ozone/hadoop-ozone/integration-test/target/test-dir/MiniOzoneClusterImpl-8c4c252e-cda6-42f5-b80f-9d168f3e16cf/datanode-2/data/ratis/dc7a1006-1430-45a5-a900-cb8b115b4935/current/log_inprogress_0
2022-09-30 13:40:35,180 [EventQueue-OpenPipelineForHealthyPipelineSafeModeRule] INFO  safemode.SCMSafeModeManager (HealthyPipelineSafeModeRule.java:process(137)) - SCM in safe mode. Healthy pipelines reported count is 0, required healthy pipeline reported count is 1
2022-09-30 13:40:35,377 [542c7706-6f03-4002-aadb-418c9fc9cb26@group-421C2E2EB869-FollowerState] INFO  impl.FollowerState (FollowerState.java:run(143)) - 542c7706-6f03-4002-aadb-418c9fc9cb26@group-421C2E2EB869-FollowerState: change to CANDIDATE, lastRpcElapsedTime:5107704513ns, electionTimeout:5101ms
2022-09-30 13:40:35,378 [542c7706-6f03-4002-aadb-418c9fc9cb26@group-421C2E2EB869-FollowerState] INFO  impl.RoleInfo (RoleInfo.java:shutdownFollowerState(110)) - 542c7706-6f03-4002-aadb-418c9fc9cb26: shutdown 542c7706-6f03-4002-aadb-418c9fc9cb26@group-421C2E2EB869-FollowerState
2022-09-30 13:40:35,378 [542c7706-6f03-4002-aadb-418c9fc9cb26@group-421C2E2EB869-FollowerState] INFO  server.RaftServer$Division (RaftServerImpl.java:setRole(299)) - 542c7706-6f03-4002-aadb-418c9fc9cb26@group-421C2E2EB869: changes role from  FOLLOWER to CANDIDATE at term 0 for changeToCandidate
2022-09-30 13:40:35,378 [542c7706-6f03-4002-aadb-418c9fc9cb26@group-421C2E2EB869-FollowerState] INFO  server.RaftServerConfigKeys (ConfUtils.java:logGet(46)) - raft.server.leaderelection.pre-vote = false (custom)
2022-09-30 13:40:35,378 [542c7706-6f03-4002-aadb-418c9fc9cb26@group-421C2E2EB869-FollowerState] INFO  impl.RoleInfo (RoleInfo.java:updateAndGet(139)) - 542c7706-6f03-4002-aadb-418c9fc9cb26: start 542c7706-6f03-4002-aadb-418c9fc9cb26@group-421C2E2EB869-LeaderElection6
2022-09-30 13:40:35,385 [542c7706-6f03-4002-aadb-418c9fc9cb26@group-421C2E2EB869-LeaderElection6] INFO  impl.LeaderElection (LeaderElection.java:askForVotes(310)) - 542c7706-6f03-4002-aadb-418c9fc9cb26@group-421C2E2EB869-LeaderElection6 ELECTION round 0: submit vote requests at term 1 for -1: [542c7706-6f03-4002-aadb-418c9fc9cb26|rpc:10.1.0.210:37931|priority:0, 43811407-7c21-4fcd-ab69-dbd9b60ed504|rpc:10.1.0.210:42941|priority:1, c604563f-8b94-483f-a354-2ed29e633e80|rpc:10.1.0.210:36125|priority:0], old=null
2022-09-30 13:40:35,411 [542c7706-6f03-4002-aadb-418c9fc9cb26@group-F543DDAFFD2D-FollowerState] INFO  impl.FollowerState (FollowerState.java:run(143)) - 542c7706-6f03-4002-aadb-418c9fc9cb26@group-F543DDAFFD2D-FollowerState: change to CANDIDATE, lastRpcElapsedTime:5158697326ns, electionTimeout:5156ms
2022-09-30 13:40:35,411 [542c7706-6f03-4002-aadb-418c9fc9cb26@group-F543DDAFFD2D-FollowerState] INFO  impl.RoleInfo (RoleInfo.java:shutdownFollowerState(110)) - 542c7706-6f03-4002-aadb-418c9fc9cb26: shutdown 542c7706-6f03-4002-aadb-418c9fc9cb26@group-F543DDAFFD2D-FollowerState
2022-09-30 13:40:35,411 [542c7706-6f03-4002-aadb-418c9fc9cb26@group-F543DDAFFD2D-FollowerState] INFO  server.RaftServer$Division (RaftServerImpl.java:setRole(299)) - 542c7706-6f03-4002-aadb-418c9fc9cb26@group-F543DDAFFD2D: changes role from  FOLLOWER to CANDIDATE at term 0 for changeToCandidate
2022-09-30 13:40:35,412 [542c7706-6f03-4002-aadb-418c9fc9cb26@group-F543DDAFFD2D-FollowerState] INFO  server.RaftServerConfigKeys (ConfUtils.java:logGet(46)) - raft.server.leaderelection.pre-vote = false (custom)
2022-09-30 13:40:35,412 [542c7706-6f03-4002-aadb-418c9fc9cb26@group-F543DDAFFD2D-FollowerState] INFO  impl.RoleInfo (RoleInfo.java:updateAndGet(139)) - 542c7706-6f03-4002-aadb-418c9fc9cb26: start 542c7706-6f03-4002-aadb-418c9fc9cb26@group-F543DDAFFD2D-LeaderElection7
2022-09-30 13:40:35,412 [grpc-default-executor-0] INFO  server.RaftServer$Division (RaftServerImpl.java:requestVote(1152)) - c604563f-8b94-483f-a354-2ed29e633e80@group-421C2E2EB869: receive requestVote(ELECTION, 542c7706-6f03-4002-aadb-418c9fc9cb26, group-421C2E2EB869, 1, (t:0, i:0))
2022-09-30 13:40:35,417 [grpc-default-executor-0] INFO  impl.VoteContext (VoteContext.java:log(48)) - c604563f-8b94-483f-a354-2ed29e633e80@group-421C2E2EB869-FOLLOWER: accept ELECTION from 542c7706-6f03-4002-aadb-418c9fc9cb26: our priority 0 <= candidate's priority 0
2022-09-30 13:40:35,417 [grpc-default-executor-0] INFO  server.RaftServer$Division (RaftServerImpl.java:setRole(299)) - c604563f-8b94-483f-a354-2ed29e633e80@group-421C2E2EB869: changes role from  FOLLOWER to FOLLOWER at term 1 for candidate:542c7706-6f03-4002-aadb-418c9fc9cb26
2022-09-30 13:40:35,417 [grpc-default-executor-0] INFO  impl.RoleInfo (RoleInfo.java:shutdownFollowerState(110)) - c604563f-8b94-483f-a354-2ed29e633e80: shutdown c604563f-8b94-483f-a354-2ed29e633e80@group-421C2E2EB869-FollowerState
2022-09-30 13:40:35,417 [grpc-default-executor-0] INFO  impl.RoleInfo (RoleInfo.java:updateAndGet(139)) - c604563f-8b94-483f-a354-2ed29e633e80: start c604563f-8b94-483f-a354-2ed29e633e80@group-421C2E2EB869-FollowerState
2022-09-30 13:40:35,417 [c604563f-8b94-483f-a354-2ed29e633e80@group-421C2E2EB869-FollowerState] INFO  impl.FollowerState (FollowerState.java:run(152)) - c604563f-8b94-483f-a354-2ed29e633e80@group-421C2E2EB869-FollowerState was interrupted
2022-09-30 13:40:35,424 [grpc-default-executor-0] INFO  server.RaftServer$Division (RaftServerImpl.java:requestVote(1184)) - c604563f-8b94-483f-a354-2ed29e633e80@group-421C2E2EB869 replies to ELECTION vote request: 542c7706-6f03-4002-aadb-418c9fc9cb26<-c604563f-8b94-483f-a354-2ed29e633e80#0:OK-t1. Peer's state: c604563f-8b94-483f-a354-2ed29e633e80@group-421C2E2EB869:t1, leader=null, voted=542c7706-6f03-4002-aadb-418c9fc9cb26, raftlog=c604563f-8b94-483f-a354-2ed29e633e80@group-421C2E2EB869-SegmentedRaftLog:OPENED:c-1, conf=-1: [542c7706-6f03-4002-aadb-418c9fc9cb26|rpc:10.1.0.210:37931|dataStream:|priority:0, 43811407-7c21-4fcd-ab69-dbd9b60ed504|rpc:10.1.0.210:42941|dataStream:|priority:1, c604563f-8b94-483f-a354-2ed29e633e80|rpc:10.1.0.210:36125|dataStream:|priority:0], old=null
2022-09-30 13:40:35,428 [grpc-default-executor-1] INFO  server.RaftServer$Division (RaftServerImpl.java:requestVote(1152)) - 43811407-7c21-4fcd-ab69-dbd9b60ed504@group-421C2E2EB869: receive requestVote(ELECTION, 542c7706-6f03-4002-aadb-418c9fc9cb26, group-421C2E2EB869, 1, (t:0, i:0))
2022-09-30 13:40:35,428 [grpc-default-executor-1] INFO  impl.VoteContext (VoteContext.java:log(48)) - 43811407-7c21-4fcd-ab69-dbd9b60ed504@group-421C2E2EB869-FOLLOWER: reject ELECTION from 542c7706-6f03-4002-aadb-418c9fc9cb26: our priority 1 > candidate's priority 0
2022-09-30 13:40:35,429 [grpc-default-executor-1] INFO  server.RaftServer$Division (RaftServerImpl.java:setRole(299)) - 43811407-7c21-4fcd-ab69-dbd9b60ed504@group-421C2E2EB869: changes role from  FOLLOWER to FOLLOWER at term 1 for candidate:542c7706-6f03-4002-aadb-418c9fc9cb26
2022-09-30 13:40:35,429 [grpc-default-executor-1] INFO  impl.RoleInfo (RoleInfo.java:shutdownFollowerState(110)) - 43811407-7c21-4fcd-ab69-dbd9b60ed504: shutdown 43811407-7c21-4fcd-ab69-dbd9b60ed504@group-421C2E2EB869-FollowerState
2022-09-30 13:40:35,429 [grpc-default-executor-1] INFO  impl.RoleInfo (RoleInfo.java:updateAndGet(139)) - 43811407-7c21-4fcd-ab69-dbd9b60ed504: start 43811407-7c21-4fcd-ab69-dbd9b60ed504@group-421C2E2EB869-FollowerState
2022-09-30 13:40:35,429 [542c7706-6f03-4002-aadb-418c9fc9cb26@group-F543DDAFFD2D-LeaderElection7] INFO  impl.LeaderElection (LeaderElection.java:askForVotes(310)) - 542c7706-6f03-4002-aadb-418c9fc9cb26@group-F543DDAFFD2D-LeaderElection7 ELECTION round 0: submit vote requests at term 1 for -1: [542c7706-6f03-4002-aadb-418c9fc9cb26|rpc:10.1.0.210:37931|priority:1], old=null
2022-09-30 13:40:35,437 [542c7706-6f03-4002-aadb-418c9fc9cb26@group-F543DDAFFD2D-LeaderElection7] INFO  impl.LeaderElection (LeaderElection.java:askForVotes(312)) - 542c7706-6f03-4002-aadb-418c9fc9cb26@group-F543DDAFFD2D-LeaderElection7 ELECTION round 0: result PASSED (term=1)
2022-09-30 13:40:35,437 [542c7706-6f03-4002-aadb-418c9fc9cb26@group-F543DDAFFD2D-LeaderElection7] INFO  impl.RoleInfo (RoleInfo.java:shutdownLeaderElection(130)) - 542c7706-6f03-4002-aadb-418c9fc9cb26: shutdown 542c7706-6f03-4002-aadb-418c9fc9cb26@group-F543DDAFFD2D-LeaderElection7
2022-09-30 13:40:35,437 [542c7706-6f03-4002-aadb-418c9fc9cb26@group-F543DDAFFD2D-LeaderElection7] INFO  server.RaftServer$Division (RaftServerImpl.java:setRole(299)) - 542c7706-6f03-4002-aadb-418c9fc9cb26@group-F543DDAFFD2D: changes role from CANDIDATE to LEADER at term 1 for changeToLeader
2022-09-30 13:40:35,437 [542c7706-6f03-4002-aadb-418c9fc9cb26@group-F543DDAFFD2D-LeaderElection7] INFO  ratis.XceiverServerRatis (XceiverServerRatis.java:handleLeaderChangedNotification(863)) - Leader change notification received for group: group-F543DDAFFD2D with new leaderId: 542c7706-6f03-4002-aadb-418c9fc9cb26
2022-09-30 13:40:35,437 [542c7706-6f03-4002-aadb-418c9fc9cb26@group-F543DDAFFD2D-LeaderElection7] INFO  server.RaftServer$Division (ServerState.java:setLeader(287)) - 542c7706-6f03-4002-aadb-418c9fc9cb26@group-F543DDAFFD2D: change Leader from null to 542c7706-6f03-4002-aadb-418c9fc9cb26 at term 1 for becomeLeader, leader elected after 5197ms
2022-09-30 13:40:35,437 [542c7706-6f03-4002-aadb-418c9fc9cb26@group-F543DDAFFD2D-LeaderElection7] INFO  server.RaftServerConfigKeys (ConfUtils.java:logGet(46)) - raft.server.staging.catchup.gap = 1000 (default)
2022-09-30 13:40:35,438 [542c7706-6f03-4002-aadb-418c9fc9cb26@group-F543DDAFFD2D-LeaderElection7] INFO  server.RaftServerConfigKeys (ConfUtils.java:logGet(46)) - raft.server.write.element-limit = 1024 (custom)
2022-09-30 13:40:35,438 [542c7706-6f03-4002-aadb-418c9fc9cb26@group-F543DDAFFD2D-LeaderElection7] INFO  server.RaftServerConfigKeys (ConfUtils.java:logGet(46)) - raft.server.write.byte-limit = 1024 M (=1073741824) (custom)
2022-09-30 13:40:35,438 [542c7706-6f03-4002-aadb-418c9fc9cb26@group-F543DDAFFD2D-LeaderElection7] INFO  server.RaftServerConfigKeys (ConfUtils.java:logGet(46)) - raft.server.watch.timeout = 180s (custom)
2022-09-30 13:40:35,438 [542c7706-6f03-4002-aadb-418c9fc9cb26@group-F543DDAFFD2D-LeaderElection7] INFO  server.RaftServerConfigKeys (ConfUtils.java:logGet(46)) - raft.server.watch.timeout.denomination = 1s (default)
2022-09-30 13:40:35,438 [542c7706-6f03-4002-aadb-418c9fc9cb26@group-F543DDAFFD2D-LeaderElection7] INFO  server.RaftServerConfigKeys (ConfUtils.java:logGet(46)) - raft.server.watch.element-limit = 65536 (default)
2022-09-30 13:40:35,438 [542c7706-6f03-4002-aadb-418c9fc9cb26@group-F543DDAFFD2D-LeaderElection7] INFO  server.RaftServerConfigKeys (ConfUtils.java:logGet(46)) - raft.server.write.element-limit = 1024 (custom)
2022-09-30 13:40:35,438 [542c7706-6f03-4002-aadb-418c9fc9cb26@group-F543DDAFFD2D-LeaderElection7] INFO  server.RaftServerConfigKeys (ConfUtils.java:logGet(46)) - raft.server.write.follower.gap.ratio.max = -1.0 (default)
2022-09-30 13:40:35,439 [542c7706-6f03-4002-aadb-418c9fc9cb26@group-F543DDAFFD2D-LeaderElection7] INFO  impl.RoleInfo (RoleInfo.java:updateAndGet(139)) - 542c7706-6f03-4002-aadb-418c9fc9cb26: start 542c7706-6f03-4002-aadb-418c9fc9cb26@group-F543DDAFFD2D-LeaderStateImpl
2022-09-30 13:40:35,439 [542c7706-6f03-4002-aadb-418c9fc9cb26@group-F543DDAFFD2D-LeaderElection7] INFO  segmented.SegmentedRaftLogWorker (SegmentedRaftLogWorker.java:startLogSegment(425)) - 542c7706-6f03-4002-aadb-418c9fc9cb26@group-F543DDAFFD2D-SegmentedRaftLogWorker: Starting segment from index:0
2022-09-30 13:40:35,429 [43811407-7c21-4fcd-ab69-dbd9b60ed504@group-421C2E2EB869-FollowerState] INFO  impl.FollowerState (FollowerState.java:run(152)) - 43811407-7c21-4fcd-ab69-dbd9b60ed504@group-421C2E2EB869-FollowerState was interrupted
2022-09-30 13:40:35,440 [grpc-default-executor-1] INFO  server.RaftServer$Division (RaftServerImpl.java:requestVote(1184)) - 43811407-7c21-4fcd-ab69-dbd9b60ed504@group-421C2E2EB869 replies to ELECTION vote request: 542c7706-6f03-4002-aadb-418c9fc9cb26<-43811407-7c21-4fcd-ab69-dbd9b60ed504#0:FAIL-t1. Peer's state: 43811407-7c21-4fcd-ab69-dbd9b60ed504@group-421C2E2EB869:t1, leader=null, voted=null, raftlog=43811407-7c21-4fcd-ab69-dbd9b60ed504@group-421C2E2EB869-SegmentedRaftLog:OPENED:c-1, conf=-1: [542c7706-6f03-4002-aadb-418c9fc9cb26|rpc:10.1.0.210:37931|dataStream:|priority:0, 43811407-7c21-4fcd-ab69-dbd9b60ed504|rpc:10.1.0.210:42941|dataStream:|priority:1, c604563f-8b94-483f-a354-2ed29e633e80|rpc:10.1.0.210:36125|dataStream:|priority:0], old=null
2022-09-30 13:40:35,445 [EventQueue-OpenPipelineForHealthyPipelineSafeModeRule] INFO  safemode.SCMSafeModeManager (HealthyPipelineSafeModeRule.java:process(137)) - SCM in safe mode. Healthy pipelines reported count is 0, required healthy pipeline reported count is 1
2022-09-30 13:40:35,446 [542c7706-6f03-4002-aadb-418c9fc9cb26@group-F543DDAFFD2D-LeaderElection7] INFO  server.RaftServer$Division (ServerState.java:setRaftConf(393)) - 542c7706-6f03-4002-aadb-418c9fc9cb26@group-F543DDAFFD2D: set configuration 0: [542c7706-6f03-4002-aadb-418c9fc9cb26|rpc:10.1.0.210:37931|dataStream:|priority:1], old=null
2022-09-30 13:40:35,446 [542c7706-6f03-4002-aadb-418c9fc9cb26@group-F543DDAFFD2D-SegmentedRaftLogWorker] INFO  segmented.SegmentedRaftLogWorker (SegmentedRaftLogWorker.java:execute(629)) - 542c7706-6f03-4002-aadb-418c9fc9cb26@group-F543DDAFFD2D-SegmentedRaftLogWorker: created new log segment /home/runner/work/ozone/ozone/hadoop-ozone/integration-test/target/test-dir/MiniOzoneClusterImpl-8c4c252e-cda6-42f5-b80f-9d168f3e16cf/datanode-3/data/ratis/77d59a88-2c45-48e9-b11c-f543ddaffd2d/current/log_inprogress_0
2022-09-30 13:40:35,451 [542c7706-6f03-4002-aadb-418c9fc9cb26@group-421C2E2EB869-LeaderElection6] INFO  impl.LeaderElection (LeaderElection.java:logAndReturn(90)) - 542c7706-6f03-4002-aadb-418c9fc9cb26@group-421C2E2EB869-LeaderElection6: ELECTION REJECTED received 2 response(s) and 0 exception(s):
2022-09-30 13:40:35,452 [542c7706-6f03-4002-aadb-418c9fc9cb26@group-421C2E2EB869-LeaderElection6] INFO  impl.LeaderElection (LeaderElection.java:logAndReturn(94)) -   Response 0: 542c7706-6f03-4002-aadb-418c9fc9cb26<-43811407-7c21-4fcd-ab69-dbd9b60ed504#0:FAIL-t1
2022-09-30 13:40:35,452 [542c7706-6f03-4002-aadb-418c9fc9cb26@group-421C2E2EB869-LeaderElection6] INFO  impl.LeaderElection (LeaderElection.java:logAndReturn(94)) -   Response 1: 542c7706-6f03-4002-aadb-418c9fc9cb26<-c604563f-8b94-483f-a354-2ed29e633e80#0:OK-t1
2022-09-30 13:40:35,452 [542c7706-6f03-4002-aadb-418c9fc9cb26@group-421C2E2EB869-LeaderElection6] INFO  impl.LeaderElection (LeaderElection.java:askForVotes(312)) - 542c7706-6f03-4002-aadb-418c9fc9cb26@group-421C2E2EB869-LeaderElection6 ELECTION round 0: result REJECTED
2022-09-30 13:40:35,452 [542c7706-6f03-4002-aadb-418c9fc9cb26@group-421C2E2EB869-LeaderElection6] INFO  server.RaftServer$Division (RaftServerImpl.java:setRole(299)) - 542c7706-6f03-4002-aadb-418c9fc9cb26@group-421C2E2EB869: changes role from CANDIDATE to FOLLOWER at term 1 for REJECTED
2022-09-30 13:40:35,452 [542c7706-6f03-4002-aadb-418c9fc9cb26@group-421C2E2EB869-LeaderElection6] INFO  impl.RoleInfo (RoleInfo.java:shutdownLeaderElection(130)) - 542c7706-6f03-4002-aadb-418c9fc9cb26: shutdown 542c7706-6f03-4002-aadb-418c9fc9cb26@group-421C2E2EB869-LeaderElection6
2022-09-30 13:40:35,452 [542c7706-6f03-4002-aadb-418c9fc9cb26@group-421C2E2EB869-LeaderElection6] INFO  impl.RoleInfo (RoleInfo.java:updateAndGet(139)) - 542c7706-6f03-4002-aadb-418c9fc9cb26: start 542c7706-6f03-4002-aadb-418c9fc9cb26@group-421C2E2EB869-FollowerState
2022-09-30 13:40:35,500 [Listener at 127.0.0.1/46717] INFO  ozone.MiniOzoneClusterImpl (MiniOzoneClusterImpl.java:lambda$waitForClusterToBeReady$0(216)) - Nodes are ready. Got 7 of 7 DN Heartbeats.
2022-09-30 13:40:35,501 [Listener at 127.0.0.1/46717] INFO  ozone.MiniOzoneClusterImpl (MiniOzoneClusterImpl.java:lambda$waitForClusterToBeReady$0(219)) - Waiting for cluster to exit safe mode
2022-09-30 13:40:35,501 [Listener at 127.0.0.1/46717] INFO  ozone.MiniOzoneClusterImpl (MiniOzoneClusterImpl.java:lambda$waitForClusterToBeReady$0(221)) - SCM became leader
2022-09-30 13:40:35,640 [EventQueue-OpenPipelineForHealthyPipelineSafeModeRule] INFO  safemode.SCMSafeModeManager (HealthyPipelineSafeModeRule.java:process(137)) - SCM in safe mode. Healthy pipelines reported count is 0, required healthy pipeline reported count is 1
2022-09-30 13:40:35,651 [EventQueue-OpenPipelineForHealthyPipelineSafeModeRule] INFO  safemode.SCMSafeModeManager (HealthyPipelineSafeModeRule.java:process(137)) - SCM in safe mode. Healthy pipelines reported count is 0, required healthy pipeline reported count is 1
2022-09-30 13:40:35,677 [c604563f-8b94-483f-a354-2ed29e633e80@group-CC8367C11690-FollowerState] INFO  impl.FollowerState (FollowerState.java:run(143)) - c604563f-8b94-483f-a354-2ed29e633e80@group-CC8367C11690-FollowerState: change to CANDIDATE, lastRpcElapsedTime:5013507896ns, electionTimeout:5013ms
2022-09-30 13:40:35,677 [c604563f-8b94-483f-a354-2ed29e633e80@group-CC8367C11690-FollowerState] INFO  impl.RoleInfo (RoleInfo.java:shutdownFollowerState(110)) - c604563f-8b94-483f-a354-2ed29e633e80: shutdown c604563f-8b94-483f-a354-2ed29e633e80@group-CC8367C11690-FollowerState
2022-09-30 13:40:35,677 [c604563f-8b94-483f-a354-2ed29e633e80@group-CC8367C11690-FollowerState] INFO  server.RaftServer$Division (RaftServerImpl.java:setRole(299)) - c604563f-8b94-483f-a354-2ed29e633e80@group-CC8367C11690: changes role from  FOLLOWER to CANDIDATE at term 0 for changeToCandidate
2022-09-30 13:40:35,677 [c604563f-8b94-483f-a354-2ed29e633e80@group-CC8367C11690-FollowerState] INFO  server.RaftServerConfigKeys (ConfUtils.java:logGet(46)) - raft.server.leaderelection.pre-vote = false (custom)
2022-09-30 13:40:35,677 [c604563f-8b94-483f-a354-2ed29e633e80@group-CC8367C11690-FollowerState] INFO  impl.RoleInfo (RoleInfo.java:updateAndGet(139)) - c604563f-8b94-483f-a354-2ed29e633e80: start c604563f-8b94-483f-a354-2ed29e633e80@group-CC8367C11690-LeaderElection8
2022-09-30 13:40:35,684 [c604563f-8b94-483f-a354-2ed29e633e80@group-CC8367C11690-LeaderElection8] INFO  impl.LeaderElection (LeaderElection.java:askForVotes(310)) - c604563f-8b94-483f-a354-2ed29e633e80@group-CC8367C11690-LeaderElection8 ELECTION round 0: submit vote requests at term 1 for -1: [c604563f-8b94-483f-a354-2ed29e633e80|rpc:10.1.0.210:36125|priority:1], old=null
2022-09-30 13:40:35,684 [c604563f-8b94-483f-a354-2ed29e633e80@group-CC8367C11690-LeaderElection8] INFO  impl.LeaderElection (LeaderElection.java:askForVotes(312)) - c604563f-8b94-483f-a354-2ed29e633e80@group-CC8367C11690-LeaderElection8 ELECTION round 0: result PASSED (term=1)
2022-09-30 13:40:35,684 [c604563f-8b94-483f-a354-2ed29e633e80@group-CC8367C11690-LeaderElection8] INFO  impl.RoleInfo (RoleInfo.java:shutdownLeaderElection(130)) - c604563f-8b94-483f-a354-2ed29e633e80: shutdown c604563f-8b94-483f-a354-2ed29e633e80@group-CC8367C11690-LeaderElection8
2022-09-30 13:40:35,684 [c604563f-8b94-483f-a354-2ed29e633e80@group-CC8367C11690-LeaderElection8] INFO  server.RaftServer$Division (RaftServerImpl.java:setRole(299)) - c604563f-8b94-483f-a354-2ed29e633e80@group-CC8367C11690: changes role from CANDIDATE to LEADER at term 1 for changeToLeader
2022-09-30 13:40:35,685 [c604563f-8b94-483f-a354-2ed29e633e80@group-CC8367C11690-LeaderElection8] INFO  ratis.XceiverServerRatis (XceiverServerRatis.java:handleLeaderChangedNotification(863)) - Leader change notification received for group: group-CC8367C11690 with new leaderId: c604563f-8b94-483f-a354-2ed29e633e80
2022-09-30 13:40:35,685 [c604563f-8b94-483f-a354-2ed29e633e80@group-CC8367C11690-LeaderElection8] INFO  server.RaftServer$Division (ServerState.java:setLeader(287)) - c604563f-8b94-483f-a354-2ed29e633e80@group-CC8367C11690: change Leader from null to c604563f-8b94-483f-a354-2ed29e633e80 at term 1 for becomeLeader, leader elected after 5037ms
2022-09-30 13:40:35,685 [c604563f-8b94-483f-a354-2ed29e633e80@group-CC8367C11690-LeaderElection8] INFO  server.RaftServerConfigKeys (ConfUtils.java:logGet(46)) - raft.server.staging.catchup.gap = 1000 (default)
2022-09-30 13:40:35,686 [c604563f-8b94-483f-a354-2ed29e633e80@group-CC8367C11690-LeaderElection8] INFO  server.RaftServerConfigKeys (ConfUtils.java:logGet(46)) - raft.server.write.element-limit = 1024 (custom)
2022-09-30 13:40:35,686 [c604563f-8b94-483f-a354-2ed29e633e80@group-CC8367C11690-LeaderElection8] INFO  server.RaftServerConfigKeys (ConfUtils.java:logGet(46)) - raft.server.write.byte-limit = 1024 M (=1073741824) (custom)
2022-09-30 13:40:35,686 [c604563f-8b94-483f-a354-2ed29e633e80@group-CC8367C11690-LeaderElection8] INFO  server.RaftServerConfigKeys (ConfUtils.java:logGet(46)) - raft.server.watch.timeout = 180s (custom)
2022-09-30 13:40:35,686 [c604563f-8b94-483f-a354-2ed29e633e80@group-CC8367C11690-LeaderElection8] INFO  server.RaftServerConfigKeys (ConfUtils.java:logGet(46)) - raft.server.watch.timeout.denomination = 1s (default)
2022-09-30 13:40:35,686 [c604563f-8b94-483f-a354-2ed29e633e80@group-CC8367C11690-LeaderElection8] INFO  server.RaftServerConfigKeys (ConfUtils.java:logGet(46)) - raft.server.watch.element-limit = 65536 (default)
2022-09-30 13:40:35,686 [c604563f-8b94-483f-a354-2ed29e633e80@group-CC8367C11690-LeaderElection8] INFO  server.RaftServerConfigKeys (ConfUtils.java:logGet(46)) - raft.server.write.element-limit = 1024 (custom)
2022-09-30 13:40:35,686 [c604563f-8b94-483f-a354-2ed29e633e80@group-CC8367C11690-LeaderElection8] INFO  server.RaftServerConfigKeys (ConfUtils.java:logGet(46)) - raft.server.write.follower.gap.ratio.max = -1.0 (default)
2022-09-30 13:40:35,687 [c604563f-8b94-483f-a354-2ed29e633e80@group-CC8367C11690-LeaderElection8] INFO  impl.RoleInfo (RoleInfo.java:updateAndGet(139)) - c604563f-8b94-483f-a354-2ed29e633e80: start c604563f-8b94-483f-a354-2ed29e633e80@group-CC8367C11690-LeaderStateImpl
2022-09-30 13:40:35,687 [c604563f-8b94-483f-a354-2ed29e633e80@group-CC8367C11690-LeaderElection8] INFO  segmented.SegmentedRaftLogWorker (SegmentedRaftLogWorker.java:startLogSegment(425)) - c604563f-8b94-483f-a354-2ed29e633e80@group-CC8367C11690-SegmentedRaftLogWorker: Starting segment from index:0
2022-09-30 13:40:35,688 [EventQueue-OpenPipelineForHealthyPipelineSafeModeRule] INFO  safemode.SCMSafeModeManager (HealthyPipelineSafeModeRule.java:process(137)) - SCM in safe mode. Healthy pipelines reported count is 0, required healthy pipeline reported count is 1
2022-09-30 13:40:35,689 [c604563f-8b94-483f-a354-2ed29e633e80@group-CC8367C11690-SegmentedRaftLogWorker] INFO  segmented.SegmentedRaftLogWorker (SegmentedRaftLogWorker.java:execute(629)) - c604563f-8b94-483f-a354-2ed29e633e80@group-CC8367C11690-SegmentedRaftLogWorker: created new log segment /home/runner/work/ozone/ozone/hadoop-ozone/integration-test/target/test-dir/MiniOzoneClusterImpl-8c4c252e-cda6-42f5-b80f-9d168f3e16cf/datanode-4/data/ratis/acfbc123-0b4c-49f4-b445-cc8367c11690/current/log_inprogress_0
2022-09-30 13:40:35,689 [c604563f-8b94-483f-a354-2ed29e633e80@group-CC8367C11690-LeaderElection8] INFO  server.RaftServer$Division (ServerState.java:setRaftConf(393)) - c604563f-8b94-483f-a354-2ed29e633e80@group-CC8367C11690: set configuration 0: [c604563f-8b94-483f-a354-2ed29e633e80|rpc:10.1.0.210:36125|dataStream:|priority:1], old=null
2022-09-30 13:40:35,974 [ReplicationMonitor] INFO  replication.ReplicationManager (ReplicationManager.java:processAll(291)) - Replication Manager is not ready to run until 3000ms after safemode exit
2022-09-30 13:40:36,022 [EventQueue-OpenPipelineForHealthyPipelineSafeModeRule] INFO  safemode.SCMSafeModeManager (HealthyPipelineSafeModeRule.java:process(137)) - SCM in safe mode. Healthy pipelines reported count is 0, required healthy pipeline reported count is 1
2022-09-30 13:40:36,099 [EventQueue-OpenPipelineForHealthyPipelineSafeModeRule] INFO  safemode.SCMSafeModeManager (HealthyPipelineSafeModeRule.java:process(137)) - SCM in safe mode. Healthy pipelines reported count is 0, required healthy pipeline reported count is 1
2022-09-30 13:40:36,178 [EventQueue-OpenPipelineForHealthyPipelineSafeModeRule] INFO  safemode.SCMSafeModeManager (HealthyPipelineSafeModeRule.java:process(137)) - SCM in safe mode. Healthy pipelines reported count is 0, required healthy pipeline reported count is 1
2022-09-30 13:40:36,290 [43811407-7c21-4fcd-ab69-dbd9b60ed504@group-689039BF4234-FollowerState] INFO  impl.FollowerState (FollowerState.java:run(143)) - 43811407-7c21-4fcd-ab69-dbd9b60ed504@group-689039BF4234-FollowerState: change to CANDIDATE, lastRpcElapsedTime:5179697763ns, electionTimeout:5178ms
2022-09-30 13:40:36,291 [43811407-7c21-4fcd-ab69-dbd9b60ed504@group-689039BF4234-FollowerState] INFO  impl.RoleInfo (RoleInfo.java:shutdownFollowerState(110)) - 43811407-7c21-4fcd-ab69-dbd9b60ed504: shutdown 43811407-7c21-4fcd-ab69-dbd9b60ed504@group-689039BF4234-FollowerState
2022-09-30 13:40:36,291 [43811407-7c21-4fcd-ab69-dbd9b60ed504@group-689039BF4234-FollowerState] INFO  server.RaftServer$Division (RaftServerImpl.java:setRole(299)) - 43811407-7c21-4fcd-ab69-dbd9b60ed504@group-689039BF4234: changes role from  FOLLOWER to CANDIDATE at term 0 for changeToCandidate
2022-09-30 13:40:36,291 [43811407-7c21-4fcd-ab69-dbd9b60ed504@group-689039BF4234-FollowerState] INFO  server.RaftServerConfigKeys (ConfUtils.java:logGet(46)) - raft.server.leaderelection.pre-vote = false (custom)
2022-09-30 13:40:36,291 [43811407-7c21-4fcd-ab69-dbd9b60ed504@group-689039BF4234-FollowerState] INFO  impl.RoleInfo (RoleInfo.java:updateAndGet(139)) - 43811407-7c21-4fcd-ab69-dbd9b60ed504: start 43811407-7c21-4fcd-ab69-dbd9b60ed504@group-689039BF4234-LeaderElection9
2022-09-30 13:40:36,296 [43811407-7c21-4fcd-ab69-dbd9b60ed504@group-689039BF4234-LeaderElection9] INFO  impl.LeaderElection (LeaderElection.java:askForVotes(310)) - 43811407-7c21-4fcd-ab69-dbd9b60ed504@group-689039BF4234-LeaderElection9 ELECTION round 0: submit vote requests at term 1 for -1: [43811407-7c21-4fcd-ab69-dbd9b60ed504|rpc:10.1.0.210:42941|priority:1], old=null
2022-09-30 13:40:36,296 [43811407-7c21-4fcd-ab69-dbd9b60ed504@group-689039BF4234-LeaderElection9] INFO  impl.LeaderElection (LeaderElection.java:askForVotes(312)) - 43811407-7c21-4fcd-ab69-dbd9b60ed504@group-689039BF4234-LeaderElection9 ELECTION round 0: result PASSED (term=1)
2022-09-30 13:40:36,296 [43811407-7c21-4fcd-ab69-dbd9b60ed504@group-689039BF4234-LeaderElection9] INFO  impl.RoleInfo (RoleInfo.java:shutdownLeaderElection(130)) - 43811407-7c21-4fcd-ab69-dbd9b60ed504: shutdown 43811407-7c21-4fcd-ab69-dbd9b60ed504@group-689039BF4234-LeaderElection9
2022-09-30 13:40:36,296 [43811407-7c21-4fcd-ab69-dbd9b60ed504@group-689039BF4234-LeaderElection9] INFO  server.RaftServer$Division (RaftServerImpl.java:setRole(299)) - 43811407-7c21-4fcd-ab69-dbd9b60ed504@group-689039BF4234: changes role from CANDIDATE to LEADER at term 1 for changeToLeader
2022-09-30 13:40:36,296 [43811407-7c21-4fcd-ab69-dbd9b60ed504@group-689039BF4234-LeaderElection9] INFO  ratis.XceiverServerRatis (XceiverServerRatis.java:handleLeaderChangedNotification(863)) - Leader change notification received for group: group-689039BF4234 with new leaderId: 43811407-7c21-4fcd-ab69-dbd9b60ed504
2022-09-30 13:40:36,297 [43811407-7c21-4fcd-ab69-dbd9b60ed504@group-689039BF4234-LeaderElection9] INFO  server.RaftServer$Division (ServerState.java:setLeader(287)) - 43811407-7c21-4fcd-ab69-dbd9b60ed504@group-689039BF4234: change Leader from null to 43811407-7c21-4fcd-ab69-dbd9b60ed504 at term 1 for becomeLeader, leader elected after 5201ms
2022-09-30 13:40:36,297 [43811407-7c21-4fcd-ab69-dbd9b60ed504@group-689039BF4234-LeaderElection9] INFO  server.RaftServerConfigKeys (ConfUtils.java:logGet(46)) - raft.server.staging.catchup.gap = 1000 (default)
2022-09-30 13:40:36,297 [43811407-7c21-4fcd-ab69-dbd9b60ed504@group-689039BF4234-LeaderElection9] INFO  server.RaftServerConfigKeys (ConfUtils.java:logGet(46)) - raft.server.write.element-limit = 1024 (custom)
2022-09-30 13:40:36,297 [43811407-7c21-4fcd-ab69-dbd9b60ed504@group-689039BF4234-LeaderElection9] INFO  server.RaftServerConfigKeys (ConfUtils.java:logGet(46)) - raft.server.write.byte-limit = 1024 M (=1073741824) (custom)
2022-09-30 13:40:36,298 [43811407-7c21-4fcd-ab69-dbd9b60ed504@group-689039BF4234-LeaderElection9] INFO  server.RaftServerConfigKeys (ConfUtils.java:logGet(46)) - raft.server.watch.timeout = 180s (custom)
2022-09-30 13:40:36,298 [43811407-7c21-4fcd-ab69-dbd9b60ed504@group-689039BF4234-LeaderElection9] INFO  server.RaftServerConfigKeys (ConfUtils.java:logGet(46)) - raft.server.watch.timeout.denomination = 1s (default)
2022-09-30 13:40:36,298 [43811407-7c21-4fcd-ab69-dbd9b60ed504@group-689039BF4234-LeaderElection9] INFO  server.RaftServerConfigKeys (ConfUtils.java:logGet(46)) - raft.server.watch.element-limit = 65536 (default)
2022-09-30 13:40:36,298 [43811407-7c21-4fcd-ab69-dbd9b60ed504@group-689039BF4234-LeaderElection9] INFO  server.RaftServerConfigKeys (ConfUtils.java:logGet(46)) - raft.server.write.element-limit = 1024 (custom)
2022-09-30 13:40:36,298 [43811407-7c21-4fcd-ab69-dbd9b60ed504@group-689039BF4234-LeaderElection9] INFO  server.RaftServerConfigKeys (ConfUtils.java:logGet(46)) - raft.server.write.follower.gap.ratio.max = -1.0 (default)
2022-09-30 13:40:36,298 [43811407-7c21-4fcd-ab69-dbd9b60ed504@group-689039BF4234-LeaderElection9] INFO  impl.RoleInfo (RoleInfo.java:updateAndGet(139)) - 43811407-7c21-4fcd-ab69-dbd9b60ed504: start 43811407-7c21-4fcd-ab69-dbd9b60ed504@group-689039BF4234-LeaderStateImpl
2022-09-30 13:40:36,298 [43811407-7c21-4fcd-ab69-dbd9b60ed504@group-689039BF4234-LeaderElection9] INFO  segmented.SegmentedRaftLogWorker (SegmentedRaftLogWorker.java:startLogSegment(425)) - 43811407-7c21-4fcd-ab69-dbd9b60ed504@group-689039BF4234-SegmentedRaftLogWorker: Starting segment from index:0
2022-09-30 13:40:36,299 [EventQueue-OpenPipelineForHealthyPipelineSafeModeRule] INFO  safemode.SCMSafeModeManager (HealthyPipelineSafeModeRule.java:process(137)) - SCM in safe mode. Healthy pipelines reported count is 0, required healthy pipeline reported count is 1
2022-09-30 13:40:36,301 [43811407-7c21-4fcd-ab69-dbd9b60ed504@group-689039BF4234-SegmentedRaftLogWorker] INFO  segmented.SegmentedRaftLogWorker (SegmentedRaftLogWorker.java:execute(629)) - 43811407-7c21-4fcd-ab69-dbd9b60ed504@group-689039BF4234-SegmentedRaftLogWorker: created new log segment /home/runner/work/ozone/ozone/hadoop-ozone/integration-test/target/test-dir/MiniOzoneClusterImpl-8c4c252e-cda6-42f5-b80f-9d168f3e16cf/datanode-5/data/ratis/1d15c82b-7007-4ea5-930d-689039bf4234/current/log_inprogress_0
2022-09-30 13:40:36,302 [43811407-7c21-4fcd-ab69-dbd9b60ed504@group-689039BF4234-LeaderElection9] INFO  server.RaftServer$Division (ServerState.java:setRaftConf(393)) - 43811407-7c21-4fcd-ab69-dbd9b60ed504@group-689039BF4234: set configuration 0: [43811407-7c21-4fcd-ab69-dbd9b60ed504|rpc:10.1.0.210:42941|dataStream:|priority:1], old=null
2022-09-30 13:40:36,443 [EventQueue-OpenPipelineForHealthyPipelineSafeModeRule] INFO  safemode.SCMSafeModeManager (HealthyPipelineSafeModeRule.java:process(137)) - SCM in safe mode. Healthy pipelines reported count is 0, required healthy pipeline reported count is 1
2022-09-30 13:40:36,501 [Listener at 127.0.0.1/46717] INFO  ozone.MiniOzoneClusterImpl (MiniOzoneClusterImpl.java:lambda$waitForClusterToBeReady$0(216)) - Nodes are ready. Got 7 of 7 DN Heartbeats.
2022-09-30 13:40:36,501 [Listener at 127.0.0.1/46717] INFO  ozone.MiniOzoneClusterImpl (MiniOzoneClusterImpl.java:lambda$waitForClusterToBeReady$0(219)) - Waiting for cluster to exit safe mode
2022-09-30 13:40:36,501 [Listener at 127.0.0.1/46717] INFO  ozone.MiniOzoneClusterImpl (MiniOzoneClusterImpl.java:lambda$waitForClusterToBeReady$0(221)) - SCM became leader
2022-09-30 13:40:36,516 [EventQueue-OpenPipelineForHealthyPipelineSafeModeRule] INFO  safemode.SCMSafeModeManager (HealthyPipelineSafeModeRule.java:process(137)) - SCM in safe mode. Healthy pipelines reported count is 0, required healthy pipeline reported count is 1
2022-09-30 13:40:36,522 [93a726fc-a128-4d5e-9b28-98a1d7a8eb0c@group-C6B343C9CDD9-FollowerState] INFO  impl.FollowerState (FollowerState.java:run(143)) - 93a726fc-a128-4d5e-9b28-98a1d7a8eb0c@group-C6B343C9CDD9-FollowerState: change to CANDIDATE, lastRpcElapsedTime:5001206339ns, electionTimeout:5000ms
2022-09-30 13:40:36,522 [93a726fc-a128-4d5e-9b28-98a1d7a8eb0c@group-C6B343C9CDD9-FollowerState] INFO  impl.RoleInfo (RoleInfo.java:shutdownFollowerState(110)) - 93a726fc-a128-4d5e-9b28-98a1d7a8eb0c: shutdown 93a726fc-a128-4d5e-9b28-98a1d7a8eb0c@group-C6B343C9CDD9-FollowerState
2022-09-30 13:40:36,522 [93a726fc-a128-4d5e-9b28-98a1d7a8eb0c@group-C6B343C9CDD9-FollowerState] INFO  server.RaftServer$Division (RaftServerImpl.java:setRole(299)) - 93a726fc-a128-4d5e-9b28-98a1d7a8eb0c@group-C6B343C9CDD9: changes role from  FOLLOWER to CANDIDATE at term 0 for changeToCandidate
2022-09-30 13:40:36,522 [93a726fc-a128-4d5e-9b28-98a1d7a8eb0c@group-C6B343C9CDD9-FollowerState] INFO  server.RaftServerConfigKeys (ConfUtils.java:logGet(46)) - raft.server.leaderelection.pre-vote = false (custom)
2022-09-30 13:40:36,522 [93a726fc-a128-4d5e-9b28-98a1d7a8eb0c@group-C6B343C9CDD9-FollowerState] INFO  impl.RoleInfo (RoleInfo.java:updateAndGet(139)) - 93a726fc-a128-4d5e-9b28-98a1d7a8eb0c: start 93a726fc-a128-4d5e-9b28-98a1d7a8eb0c@group-C6B343C9CDD9-LeaderElection10
2022-09-30 13:40:36,526 [93a726fc-a128-4d5e-9b28-98a1d7a8eb0c@group-C6B343C9CDD9-LeaderElection10] INFO  impl.LeaderElection (LeaderElection.java:askForVotes(310)) - 93a726fc-a128-4d5e-9b28-98a1d7a8eb0c@group-C6B343C9CDD9-LeaderElection10 ELECTION round 0: submit vote requests at term 1 for -1: [93a726fc-a128-4d5e-9b28-98a1d7a8eb0c|rpc:10.1.0.210:43289|priority:1], old=null
2022-09-30 13:40:36,526 [93a726fc-a128-4d5e-9b28-98a1d7a8eb0c@group-C6B343C9CDD9-LeaderElection10] INFO  impl.LeaderElection (LeaderElection.java:askForVotes(312)) - 93a726fc-a128-4d5e-9b28-98a1d7a8eb0c@group-C6B343C9CDD9-LeaderElection10 ELECTION round 0: result PASSED (term=1)
2022-09-30 13:40:36,528 [93a726fc-a128-4d5e-9b28-98a1d7a8eb0c@group-C6B343C9CDD9-LeaderElection10] INFO  impl.RoleInfo (RoleInfo.java:shutdownLeaderElection(130)) - 93a726fc-a128-4d5e-9b28-98a1d7a8eb0c: shutdown 93a726fc-a128-4d5e-9b28-98a1d7a8eb0c@group-C6B343C9CDD9-LeaderElection10
2022-09-30 13:40:36,529 [93a726fc-a128-4d5e-9b28-98a1d7a8eb0c@group-C6B343C9CDD9-LeaderElection10] INFO  server.RaftServer$Division (RaftServerImpl.java:setRole(299)) - 93a726fc-a128-4d5e-9b28-98a1d7a8eb0c@group-C6B343C9CDD9: changes role from CANDIDATE to LEADER at term 1 for changeToLeader
2022-09-30 13:40:36,529 [93a726fc-a128-4d5e-9b28-98a1d7a8eb0c@group-C6B343C9CDD9-LeaderElection10] INFO  ratis.XceiverServerRatis (XceiverServerRatis.java:handleLeaderChangedNotification(863)) - Leader change notification received for group: group-C6B343C9CDD9 with new leaderId: 93a726fc-a128-4d5e-9b28-98a1d7a8eb0c
2022-09-30 13:40:36,529 [93a726fc-a128-4d5e-9b28-98a1d7a8eb0c@group-C6B343C9CDD9-LeaderElection10] INFO  server.RaftServer$Division (ServerState.java:setLeader(287)) - 93a726fc-a128-4d5e-9b28-98a1d7a8eb0c@group-C6B343C9CDD9: change Leader from null to 93a726fc-a128-4d5e-9b28-98a1d7a8eb0c at term 1 for becomeLeader, leader elected after 5014ms
2022-09-30 13:40:36,529 [93a726fc-a128-4d5e-9b28-98a1d7a8eb0c@group-C6B343C9CDD9-LeaderElection10] INFO  server.RaftServerConfigKeys (ConfUtils.java:logGet(46)) - raft.server.staging.catchup.gap = 1000 (default)
2022-09-30 13:40:36,529 [93a726fc-a128-4d5e-9b28-98a1d7a8eb0c@group-C6B343C9CDD9-LeaderElection10] INFO  server.RaftServerConfigKeys (ConfUtils.java:logGet(46)) - raft.server.write.element-limit = 1024 (custom)
2022-09-30 13:40:36,529 [93a726fc-a128-4d5e-9b28-98a1d7a8eb0c@group-C6B343C9CDD9-LeaderElection10] INFO  server.RaftServerConfigKeys (ConfUtils.java:logGet(46)) - raft.server.write.byte-limit = 1024 M (=1073741824) (custom)
2022-09-30 13:40:36,530 [93a726fc-a128-4d5e-9b28-98a1d7a8eb0c@group-C6B343C9CDD9-LeaderElection10] INFO  server.RaftServerConfigKeys (ConfUtils.java:logGet(46)) - raft.server.watch.timeout = 180s (custom)
2022-09-30 13:40:36,530 [93a726fc-a128-4d5e-9b28-98a1d7a8eb0c@group-C6B343C9CDD9-LeaderElection10] INFO  server.RaftServerConfigKeys (ConfUtils.java:logGet(46)) - raft.server.watch.timeout.denomination = 1s (default)
2022-09-30 13:40:36,530 [93a726fc-a128-4d5e-9b28-98a1d7a8eb0c@group-C6B343C9CDD9-LeaderElection10] INFO  server.RaftServerConfigKeys (ConfUtils.java:logGet(46)) - raft.server.watch.element-limit = 65536 (default)
2022-09-30 13:40:36,530 [93a726fc-a128-4d5e-9b28-98a1d7a8eb0c@group-C6B343C9CDD9-LeaderElection10] INFO  server.RaftServerConfigKeys (ConfUtils.java:logGet(46)) - raft.server.write.element-limit = 1024 (custom)
2022-09-30 13:40:36,530 [93a726fc-a128-4d5e-9b28-98a1d7a8eb0c@group-C6B343C9CDD9-LeaderElection10] INFO  server.RaftServerConfigKeys (ConfUtils.java:logGet(46)) - raft.server.write.follower.gap.ratio.max = -1.0 (default)
2022-09-30 13:40:36,530 [93a726fc-a128-4d5e-9b28-98a1d7a8eb0c@group-C6B343C9CDD9-LeaderElection10] INFO  impl.RoleInfo (RoleInfo.java:updateAndGet(139)) - 93a726fc-a128-4d5e-9b28-98a1d7a8eb0c: start 93a726fc-a128-4d5e-9b28-98a1d7a8eb0c@group-C6B343C9CDD9-LeaderStateImpl
2022-09-30 13:40:36,531 [EventQueue-OpenPipelineForHealthyPipelineSafeModeRule] INFO  safemode.SCMSafeModeManager (HealthyPipelineSafeModeRule.java:process(137)) - SCM in safe mode. Healthy pipelines reported count is 0, required healthy pipeline reported count is 1
2022-09-30 13:40:36,532 [93a726fc-a128-4d5e-9b28-98a1d7a8eb0c@group-C6B343C9CDD9-LeaderElection10] INFO  segmented.SegmentedRaftLogWorker (SegmentedRaftLogWorker.java:startLogSegment(425)) - 93a726fc-a128-4d5e-9b28-98a1d7a8eb0c@group-C6B343C9CDD9-SegmentedRaftLogWorker: Starting segment from index:0
2022-09-30 13:40:36,534 [93a726fc-a128-4d5e-9b28-98a1d7a8eb0c@group-C6B343C9CDD9-SegmentedRaftLogWorker] INFO  segmented.SegmentedRaftLogWorker (SegmentedRaftLogWorker.java:execute(629)) - 93a726fc-a128-4d5e-9b28-98a1d7a8eb0c@group-C6B343C9CDD9-SegmentedRaftLogWorker: created new log segment /home/runner/work/ozone/ozone/hadoop-ozone/integration-test/target/test-dir/MiniOzoneClusterImpl-8c4c252e-cda6-42f5-b80f-9d168f3e16cf/datanode-6/data/ratis/06ef1021-4f37-49d0-bc15-c6b343c9cdd9/current/log_inprogress_0
2022-09-30 13:40:36,535 [93a726fc-a128-4d5e-9b28-98a1d7a8eb0c@group-C6B343C9CDD9-LeaderElection10] INFO  server.RaftServer$Division (ServerState.java:setRaftConf(393)) - 93a726fc-a128-4d5e-9b28-98a1d7a8eb0c@group-C6B343C9CDD9: set configuration 0: [93a726fc-a128-4d5e-9b28-98a1d7a8eb0c|rpc:10.1.0.210:43289|dataStream:|priority:1], old=null
2022-09-30 13:40:36,640 [EventQueue-OpenPipelineForHealthyPipelineSafeModeRule] INFO  safemode.SCMSafeModeManager (HealthyPipelineSafeModeRule.java:process(137)) - SCM in safe mode. Healthy pipelines reported count is 0, required healthy pipeline reported count is 1
2022-09-30 13:40:36,688 [EventQueue-OpenPipelineForHealthyPipelineSafeModeRule] INFO  safemode.SCMSafeModeManager (HealthyPipelineSafeModeRule.java:process(137)) - SCM in safe mode. Healthy pipelines reported count is 0, required healthy pipeline reported count is 1
2022-09-30 13:40:36,974 [ReplicationMonitor] INFO  replication.ReplicationManager (ReplicationManager.java:processAll(291)) - Replication Manager is not ready to run until 3000ms after safemode exit
2022-09-30 13:40:37,299 [EventQueue-OpenPipelineForHealthyPipelineSafeModeRule] INFO  safemode.SCMSafeModeManager (HealthyPipelineSafeModeRule.java:process(137)) - SCM in safe mode. Healthy pipelines reported count is 0, required healthy pipeline reported count is 1
2022-09-30 13:40:37,442 [EventQueue-OpenPipelineForHealthyPipelineSafeModeRule] INFO  safemode.SCMSafeModeManager (HealthyPipelineSafeModeRule.java:process(137)) - SCM in safe mode. Healthy pipelines reported count is 0, required healthy pipeline reported count is 1
2022-09-30 13:40:37,502 [Listener at 127.0.0.1/46717] INFO  ozone.MiniOzoneClusterImpl (MiniOzoneClusterImpl.java:lambda$waitForClusterToBeReady$0(216)) - Nodes are ready. Got 7 of 7 DN Heartbeats.
2022-09-30 13:40:37,502 [Listener at 127.0.0.1/46717] INFO  ozone.MiniOzoneClusterImpl (MiniOzoneClusterImpl.java:lambda$waitForClusterToBeReady$0(219)) - Waiting for cluster to exit safe mode
2022-09-30 13:40:37,502 [Listener at 127.0.0.1/46717] INFO  ozone.MiniOzoneClusterImpl (MiniOzoneClusterImpl.java:lambda$waitForClusterToBeReady$0(221)) - SCM became leader
2022-09-30 13:40:37,532 [EventQueue-OpenPipelineForHealthyPipelineSafeModeRule] INFO  safemode.SCMSafeModeManager (HealthyPipelineSafeModeRule.java:process(137)) - SCM in safe mode. Healthy pipelines reported count is 0, required healthy pipeline reported count is 1
2022-09-30 13:40:37,975 [ReplicationMonitor] INFO  replication.ReplicationManager (ReplicationManager.java:processAll(291)) - Replication Manager is not ready to run until 3000ms after safemode exit
2022-09-30 13:40:38,023 [EventQueue-OpenPipelineForHealthyPipelineSafeModeRule] INFO  safemode.SCMSafeModeManager (HealthyPipelineSafeModeRule.java:process(137)) - SCM in safe mode. Healthy pipelines reported count is 0, required healthy pipeline reported count is 1
2022-09-30 13:40:38,178 [EventQueue-OpenPipelineForHealthyPipelineSafeModeRule] INFO  safemode.SCMSafeModeManager (HealthyPipelineSafeModeRule.java:process(137)) - SCM in safe mode. Healthy pipelines reported count is 0, required healthy pipeline reported count is 1
2022-09-30 13:40:38,298 [EventQueue-OpenPipelineForHealthyPipelineSafeModeRule] INFO  safemode.SCMSafeModeManager (HealthyPipelineSafeModeRule.java:process(137)) - SCM in safe mode. Healthy pipelines reported count is 0, required healthy pipeline reported count is 1
2022-09-30 13:40:38,502 [Listener at 127.0.0.1/46717] INFO  ozone.MiniOzoneClusterImpl (MiniOzoneClusterImpl.java:lambda$waitForClusterToBeReady$0(216)) - Nodes are ready. Got 7 of 7 DN Heartbeats.
2022-09-30 13:40:38,502 [Listener at 127.0.0.1/46717] INFO  ozone.MiniOzoneClusterImpl (MiniOzoneClusterImpl.java:lambda$waitForClusterToBeReady$0(219)) - Waiting for cluster to exit safe mode
2022-09-30 13:40:38,502 [Listener at 127.0.0.1/46717] INFO  ozone.MiniOzoneClusterImpl (MiniOzoneClusterImpl.java:lambda$waitForClusterToBeReady$0(221)) - SCM became leader
2022-09-30 13:40:38,532 [EventQueue-OpenPipelineForHealthyPipelineSafeModeRule] INFO  safemode.SCMSafeModeManager (HealthyPipelineSafeModeRule.java:process(137)) - SCM in safe mode. Healthy pipelines reported count is 0, required healthy pipeline reported count is 1
2022-09-30 13:40:38,641 [EventQueue-OpenPipelineForHealthyPipelineSafeModeRule] INFO  safemode.SCMSafeModeManager (HealthyPipelineSafeModeRule.java:process(137)) - SCM in safe mode. Healthy pipelines reported count is 0, required healthy pipeline reported count is 1
2022-09-30 13:40:38,689 [EventQueue-OpenPipelineForHealthyPipelineSafeModeRule] INFO  safemode.SCMSafeModeManager (HealthyPipelineSafeModeRule.java:process(137)) - SCM in safe mode. Healthy pipelines reported count is 0, required healthy pipeline reported count is 1
2022-09-30 13:40:38,975 [ReplicationMonitor] INFO  replication.ReplicationManager (ReplicationManager.java:processAll(291)) - Replication Manager is not ready to run until 3000ms after safemode exit
2022-09-30 13:40:39,023 [EventQueue-OpenPipelineForHealthyPipelineSafeModeRule] INFO  safemode.SCMSafeModeManager (HealthyPipelineSafeModeRule.java:process(137)) - SCM in safe mode. Healthy pipelines reported count is 0, required healthy pipeline reported count is 1
2022-09-30 13:40:39,298 [EventQueue-OpenPipelineForHealthyPipelineSafeModeRule] INFO  safemode.SCMSafeModeManager (HealthyPipelineSafeModeRule.java:process(137)) - SCM in safe mode. Healthy pipelines reported count is 0, required healthy pipeline reported count is 1
2022-09-30 13:40:39,327 [62666bfa-5b48-4194-8431-0a6941154381@group-3F213833E1F5-FollowerState] INFO  impl.FollowerState (FollowerState.java:run(143)) - 62666bfa-5b48-4194-8431-0a6941154381@group-3F213833E1F5-FollowerState: change to CANDIDATE, lastRpcElapsedTime:5120644407ns, electionTimeout:5111ms
2022-09-30 13:40:39,327 [62666bfa-5b48-4194-8431-0a6941154381@group-3F213833E1F5-FollowerState] INFO  impl.RoleInfo (RoleInfo.java:shutdownFollowerState(110)) - 62666bfa-5b48-4194-8431-0a6941154381: shutdown 62666bfa-5b48-4194-8431-0a6941154381@group-3F213833E1F5-FollowerState
2022-09-30 13:40:39,327 [62666bfa-5b48-4194-8431-0a6941154381@group-3F213833E1F5-FollowerState] INFO  server.RaftServer$Division (RaftServerImpl.java:setRole(299)) - 62666bfa-5b48-4194-8431-0a6941154381@group-3F213833E1F5: changes role from  FOLLOWER to CANDIDATE at term 1 for changeToCandidate
2022-09-30 13:40:39,327 [62666bfa-5b48-4194-8431-0a6941154381@group-3F213833E1F5-FollowerState] INFO  server.RaftServerConfigKeys (ConfUtils.java:logGet(46)) - raft.server.leaderelection.pre-vote = false (custom)
2022-09-30 13:40:39,328 [62666bfa-5b48-4194-8431-0a6941154381@group-3F213833E1F5-FollowerState] INFO  impl.RoleInfo (RoleInfo.java:updateAndGet(139)) - 62666bfa-5b48-4194-8431-0a6941154381: start 62666bfa-5b48-4194-8431-0a6941154381@group-3F213833E1F5-LeaderElection11
2022-09-30 13:40:39,331 [62666bfa-5b48-4194-8431-0a6941154381@group-3F213833E1F5-LeaderElection11] INFO  impl.LeaderElection (LeaderElection.java:askForVotes(310)) - 62666bfa-5b48-4194-8431-0a6941154381@group-3F213833E1F5-LeaderElection11 ELECTION round 0: submit vote requests at term 2 for -1: [97e8c787-6023-4421-819a-0b5ced458c94|rpc:10.1.0.210:36437|priority:0, 63487312-87aa-4652-9988-76e01a899b42|rpc:10.1.0.210:39059|priority:1, 62666bfa-5b48-4194-8431-0a6941154381|rpc:10.1.0.210:41785|priority:0], old=null
2022-09-30 13:40:39,344 [grpc-default-executor-1] INFO  server.RaftServer$Division (RaftServerImpl.java:requestVote(1152)) - 97e8c787-6023-4421-819a-0b5ced458c94@group-3F213833E1F5: receive requestVote(ELECTION, 62666bfa-5b48-4194-8431-0a6941154381, group-3F213833E1F5, 2, (t:0, i:0))
2022-09-30 13:40:39,346 [grpc-default-executor-0] INFO  server.RaftServer$Division (RaftServerImpl.java:requestVote(1152)) - 63487312-87aa-4652-9988-76e01a899b42@group-3F213833E1F5: receive requestVote(ELECTION, 62666bfa-5b48-4194-8431-0a6941154381, group-3F213833E1F5, 2, (t:0, i:0))
2022-09-30 13:40:39,347 [grpc-default-executor-0] INFO  impl.VoteContext (VoteContext.java:log(48)) - 63487312-87aa-4652-9988-76e01a899b42@group-3F213833E1F5-FOLLOWER: reject ELECTION from 62666bfa-5b48-4194-8431-0a6941154381: our priority 1 > candidate's priority 0
2022-09-30 13:40:39,347 [grpc-default-executor-0] INFO  server.RaftServer$Division (RaftServerImpl.java:setRole(299)) - 63487312-87aa-4652-9988-76e01a899b42@group-3F213833E1F5: changes role from  FOLLOWER to FOLLOWER at term 2 for candidate:62666bfa-5b48-4194-8431-0a6941154381
2022-09-30 13:40:39,347 [grpc-default-executor-0] INFO  impl.RoleInfo (RoleInfo.java:shutdownFollowerState(110)) - 63487312-87aa-4652-9988-76e01a899b42: shutdown 63487312-87aa-4652-9988-76e01a899b42@group-3F213833E1F5-FollowerState
2022-09-30 13:40:39,347 [63487312-87aa-4652-9988-76e01a899b42@group-3F213833E1F5-FollowerState] INFO  impl.FollowerState (FollowerState.java:run(152)) - 63487312-87aa-4652-9988-76e01a899b42@group-3F213833E1F5-FollowerState was interrupted
2022-09-30 13:40:39,348 [grpc-default-executor-0] INFO  impl.RoleInfo (RoleInfo.java:updateAndGet(139)) - 63487312-87aa-4652-9988-76e01a899b42: start 63487312-87aa-4652-9988-76e01a899b42@group-3F213833E1F5-FollowerState
2022-09-30 13:40:39,348 [grpc-default-executor-1] INFO  impl.VoteContext (VoteContext.java:log(48)) - 97e8c787-6023-4421-819a-0b5ced458c94@group-3F213833E1F5-FOLLOWER: accept ELECTION from 62666bfa-5b48-4194-8431-0a6941154381: our priority 0 <= candidate's priority 0
2022-09-30 13:40:39,348 [grpc-default-executor-1] INFO  server.RaftServer$Division (RaftServerImpl.java:setRole(299)) - 97e8c787-6023-4421-819a-0b5ced458c94@group-3F213833E1F5: changes role from  FOLLOWER to FOLLOWER at term 2 for candidate:62666bfa-5b48-4194-8431-0a6941154381
2022-09-30 13:40:39,348 [grpc-default-executor-1] INFO  impl.RoleInfo (RoleInfo.java:shutdownFollowerState(110)) - 97e8c787-6023-4421-819a-0b5ced458c94: shutdown 97e8c787-6023-4421-819a-0b5ced458c94@group-3F213833E1F5-FollowerState
2022-09-30 13:40:39,351 [grpc-default-executor-1] INFO  impl.RoleInfo (RoleInfo.java:updateAndGet(139)) - 97e8c787-6023-4421-819a-0b5ced458c94: start 97e8c787-6023-4421-819a-0b5ced458c94@group-3F213833E1F5-FollowerState
2022-09-30 13:40:39,351 [97e8c787-6023-4421-819a-0b5ced458c94@group-3F213833E1F5-FollowerState] INFO  impl.FollowerState (FollowerState.java:run(152)) - 97e8c787-6023-4421-819a-0b5ced458c94@group-3F213833E1F5-FollowerState was interrupted
2022-09-30 13:40:39,354 [grpc-default-executor-0] INFO  server.RaftServer$Division (RaftServerImpl.java:requestVote(1184)) - 63487312-87aa-4652-9988-76e01a899b42@group-3F213833E1F5 replies to ELECTION vote request: 62666bfa-5b48-4194-8431-0a6941154381<-63487312-87aa-4652-9988-76e01a899b42#0:FAIL-t2. Peer's state: 63487312-87aa-4652-9988-76e01a899b42@group-3F213833E1F5:t2, leader=null, voted=null, raftlog=63487312-87aa-4652-9988-76e01a899b42@group-3F213833E1F5-SegmentedRaftLog:OPENED:c-1, conf=-1: [97e8c787-6023-4421-819a-0b5ced458c94|rpc:10.1.0.210:36437|priority:0, 63487312-87aa-4652-9988-76e01a899b42|rpc:10.1.0.210:39059|priority:1, 62666bfa-5b48-4194-8431-0a6941154381|rpc:10.1.0.210:41785|priority:0], old=null
2022-09-30 13:40:39,355 [grpc-default-executor-1] INFO  server.RaftServer$Division (RaftServerImpl.java:requestVote(1184)) - 97e8c787-6023-4421-819a-0b5ced458c94@group-3F213833E1F5 replies to ELECTION vote request: 62666bfa-5b48-4194-8431-0a6941154381<-97e8c787-6023-4421-819a-0b5ced458c94#0:OK-t2. Peer's state: 97e8c787-6023-4421-819a-0b5ced458c94@group-3F213833E1F5:t2, leader=null, voted=62666bfa-5b48-4194-8431-0a6941154381, raftlog=97e8c787-6023-4421-819a-0b5ced458c94@group-3F213833E1F5-SegmentedRaftLog:OPENED:c-1, conf=-1: [97e8c787-6023-4421-819a-0b5ced458c94|rpc:10.1.0.210:36437|dataStream:|priority:0, 63487312-87aa-4652-9988-76e01a899b42|rpc:10.1.0.210:39059|dataStream:|priority:1, 62666bfa-5b48-4194-8431-0a6941154381|rpc:10.1.0.210:41785|dataStream:|priority:0], old=null
2022-09-30 13:40:39,356 [62666bfa-5b48-4194-8431-0a6941154381@group-3F213833E1F5-LeaderElection11] INFO  impl.LeaderElection (LeaderElection.java:logAndReturn(90)) - 62666bfa-5b48-4194-8431-0a6941154381@group-3F213833E1F5-LeaderElection11: ELECTION REJECTED received 1 response(s) and 0 exception(s):
2022-09-30 13:40:39,360 [62666bfa-5b48-4194-8431-0a6941154381@group-3F213833E1F5-LeaderElection11] INFO  impl.LeaderElection (LeaderElection.java:logAndReturn(94)) -   Response 0: 62666bfa-5b48-4194-8431-0a6941154381<-63487312-87aa-4652-9988-76e01a899b42#0:FAIL-t2
2022-09-30 13:40:39,361 [62666bfa-5b48-4194-8431-0a6941154381@group-3F213833E1F5-LeaderElection11] INFO  impl.LeaderElection (LeaderElection.java:askForVotes(312)) - 62666bfa-5b48-4194-8431-0a6941154381@group-3F213833E1F5-LeaderElection11 ELECTION round 0: result REJECTED
2022-09-30 13:40:39,361 [62666bfa-5b48-4194-8431-0a6941154381@group-3F213833E1F5-LeaderElection11] INFO  server.RaftServer$Division (RaftServerImpl.java:setRole(299)) - 62666bfa-5b48-4194-8431-0a6941154381@group-3F213833E1F5: changes role from CANDIDATE to FOLLOWER at term 2 for REJECTED
2022-09-30 13:40:39,361 [62666bfa-5b48-4194-8431-0a6941154381@group-3F213833E1F5-LeaderElection11] INFO  impl.RoleInfo (RoleInfo.java:shutdownLeaderElection(130)) - 62666bfa-5b48-4194-8431-0a6941154381: shutdown 62666bfa-5b48-4194-8431-0a6941154381@group-3F213833E1F5-LeaderElection11
2022-09-30 13:40:39,361 [62666bfa-5b48-4194-8431-0a6941154381@group-3F213833E1F5-LeaderElection11] INFO  impl.RoleInfo (RoleInfo.java:updateAndGet(139)) - 62666bfa-5b48-4194-8431-0a6941154381: start 62666bfa-5b48-4194-8431-0a6941154381@group-3F213833E1F5-FollowerState
2022-09-30 13:40:39,442 [EventQueue-OpenPipelineForHealthyPipelineSafeModeRule] INFO  safemode.SCMSafeModeManager (HealthyPipelineSafeModeRule.java:process(137)) - SCM in safe mode. Healthy pipelines reported count is 0, required healthy pipeline reported count is 1
2022-09-30 13:40:39,502 [Listener at 127.0.0.1/46717] INFO  ozone.MiniOzoneClusterImpl (MiniOzoneClusterImpl.java:lambda$waitForClusterToBeReady$0(216)) - Nodes are ready. Got 7 of 7 DN Heartbeats.
2022-09-30 13:40:39,503 [Listener at 127.0.0.1/46717] INFO  ozone.MiniOzoneClusterImpl (MiniOzoneClusterImpl.java:lambda$waitForClusterToBeReady$0(219)) - Waiting for cluster to exit safe mode
2022-09-30 13:40:39,503 [Listener at 127.0.0.1/46717] INFO  ozone.MiniOzoneClusterImpl (MiniOzoneClusterImpl.java:lambda$waitForClusterToBeReady$0(221)) - SCM became leader
2022-09-30 13:40:39,688 [EventQueue-OpenPipelineForHealthyPipelineSafeModeRule] INFO  safemode.SCMSafeModeManager (HealthyPipelineSafeModeRule.java:process(137)) - SCM in safe mode. Healthy pipelines reported count is 0, required healthy pipeline reported count is 1
2022-09-30 13:40:39,975 [ReplicationMonitor] INFO  replication.ReplicationManager (ReplicationManager.java:processAll(291)) - Replication Manager is not ready to run until 3000ms after safemode exit
2022-09-30 13:40:40,177 [EventQueue-OpenPipelineForHealthyPipelineSafeModeRule] INFO  safemode.SCMSafeModeManager (HealthyPipelineSafeModeRule.java:process(137)) - SCM in safe mode. Healthy pipelines reported count is 0, required healthy pipeline reported count is 1
2022-09-30 13:40:40,442 [EventQueue-OpenPipelineForHealthyPipelineSafeModeRule] INFO  safemode.SCMSafeModeManager (HealthyPipelineSafeModeRule.java:process(137)) - SCM in safe mode. Healthy pipelines reported count is 0, required healthy pipeline reported count is 1
2022-09-30 13:40:40,503 [Listener at 127.0.0.1/46717] INFO  ozone.MiniOzoneClusterImpl (MiniOzoneClusterImpl.java:lambda$waitForClusterToBeReady$0(216)) - Nodes are ready. Got 7 of 7 DN Heartbeats.
2022-09-30 13:40:40,503 [Listener at 127.0.0.1/46717] INFO  ozone.MiniOzoneClusterImpl (MiniOzoneClusterImpl.java:lambda$waitForClusterToBeReady$0(219)) - Waiting for cluster to exit safe mode
2022-09-30 13:40:40,503 [Listener at 127.0.0.1/46717] INFO  ozone.MiniOzoneClusterImpl (MiniOzoneClusterImpl.java:lambda$waitForClusterToBeReady$0(221)) - SCM became leader
2022-09-30 13:40:40,533 [EventQueue-OpenPipelineForHealthyPipelineSafeModeRule] INFO  safemode.SCMSafeModeManager (HealthyPipelineSafeModeRule.java:process(137)) - SCM in safe mode. Healthy pipelines reported count is 0, required healthy pipeline reported count is 1
2022-09-30 13:40:40,540 [542c7706-6f03-4002-aadb-418c9fc9cb26@group-421C2E2EB869-FollowerState] INFO  impl.FollowerState (FollowerState.java:run(143)) - 542c7706-6f03-4002-aadb-418c9fc9cb26@group-421C2E2EB869-FollowerState: change to CANDIDATE, lastRpcElapsedTime:5088081346ns, electionTimeout:5087ms
2022-09-30 13:40:40,540 [542c7706-6f03-4002-aadb-418c9fc9cb26@group-421C2E2EB869-FollowerState] INFO  impl.RoleInfo (RoleInfo.java:shutdownFollowerState(110)) - 542c7706-6f03-4002-aadb-418c9fc9cb26: shutdown 542c7706-6f03-4002-aadb-418c9fc9cb26@group-421C2E2EB869-FollowerState
2022-09-30 13:40:40,540 [542c7706-6f03-4002-aadb-418c9fc9cb26@group-421C2E2EB869-FollowerState] INFO  server.RaftServer$Division (RaftServerImpl.java:setRole(299)) - 542c7706-6f03-4002-aadb-418c9fc9cb26@group-421C2E2EB869: changes role from  FOLLOWER to CANDIDATE at term 1 for changeToCandidate
2022-09-30 13:40:40,540 [542c7706-6f03-4002-aadb-418c9fc9cb26@group-421C2E2EB869-FollowerState] INFO  server.RaftServerConfigKeys (ConfUtils.java:logGet(46)) - raft.server.leaderelection.pre-vote = false (custom)
2022-09-30 13:40:40,540 [542c7706-6f03-4002-aadb-418c9fc9cb26@group-421C2E2EB869-FollowerState] INFO  impl.RoleInfo (RoleInfo.java:updateAndGet(139)) - 542c7706-6f03-4002-aadb-418c9fc9cb26: start 542c7706-6f03-4002-aadb-418c9fc9cb26@group-421C2E2EB869-LeaderElection12
2022-09-30 13:40:40,544 [542c7706-6f03-4002-aadb-418c9fc9cb26@group-421C2E2EB869-LeaderElection12] INFO  impl.LeaderElection (LeaderElection.java:askForVotes(310)) - 542c7706-6f03-4002-aadb-418c9fc9cb26@group-421C2E2EB869-LeaderElection12 ELECTION round 0: submit vote requests at term 2 for -1: [542c7706-6f03-4002-aadb-418c9fc9cb26|rpc:10.1.0.210:37931|priority:0, 43811407-7c21-4fcd-ab69-dbd9b60ed504|rpc:10.1.0.210:42941|priority:1, c604563f-8b94-483f-a354-2ed29e633e80|rpc:10.1.0.210:36125|priority:0], old=null
2022-09-30 13:40:40,548 [grpc-default-executor-0] INFO  server.RaftServer$Division (RaftServerImpl.java:requestVote(1152)) - 43811407-7c21-4fcd-ab69-dbd9b60ed504@group-421C2E2EB869: receive requestVote(ELECTION, 542c7706-6f03-4002-aadb-418c9fc9cb26, group-421C2E2EB869, 2, (t:0, i:0))
2022-09-30 13:40:40,549 [grpc-default-executor-0] INFO  impl.VoteContext (VoteContext.java:log(48)) - 43811407-7c21-4fcd-ab69-dbd9b60ed504@group-421C2E2EB869-FOLLOWER: reject ELECTION from 542c7706-6f03-4002-aadb-418c9fc9cb26: our priority 1 > candidate's priority 0
2022-09-30 13:40:40,549 [grpc-default-executor-0] INFO  server.RaftServer$Division (RaftServerImpl.java:setRole(299)) - 43811407-7c21-4fcd-ab69-dbd9b60ed504@group-421C2E2EB869: changes role from  FOLLOWER to FOLLOWER at term 2 for candidate:542c7706-6f03-4002-aadb-418c9fc9cb26
2022-09-30 13:40:40,549 [grpc-default-executor-0] INFO  impl.RoleInfo (RoleInfo.java:shutdownFollowerState(110)) - 43811407-7c21-4fcd-ab69-dbd9b60ed504: shutdown 43811407-7c21-4fcd-ab69-dbd9b60ed504@group-421C2E2EB869-FollowerState
2022-09-30 13:40:40,549 [grpc-default-executor-0] INFO  impl.RoleInfo (RoleInfo.java:updateAndGet(139)) - 43811407-7c21-4fcd-ab69-dbd9b60ed504: start 43811407-7c21-4fcd-ab69-dbd9b60ed504@group-421C2E2EB869-FollowerState
2022-09-30 13:40:40,549 [43811407-7c21-4fcd-ab69-dbd9b60ed504@group-421C2E2EB869-FollowerState] INFO  impl.FollowerState (FollowerState.java:run(152)) - 43811407-7c21-4fcd-ab69-dbd9b60ed504@group-421C2E2EB869-FollowerState was interrupted
2022-09-30 13:40:40,556 [grpc-default-executor-0] INFO  server.RaftServer$Division (RaftServerImpl.java:requestVote(1184)) - 43811407-7c21-4fcd-ab69-dbd9b60ed504@group-421C2E2EB869 replies to ELECTION vote request: 542c7706-6f03-4002-aadb-418c9fc9cb26<-43811407-7c21-4fcd-ab69-dbd9b60ed504#0:FAIL-t2. Peer's state: 43811407-7c21-4fcd-ab69-dbd9b60ed504@group-421C2E2EB869:t2, leader=null, voted=null, raftlog=43811407-7c21-4fcd-ab69-dbd9b60ed504@group-421C2E2EB869-SegmentedRaftLog:OPENED:c-1, conf=-1: [542c7706-6f03-4002-aadb-418c9fc9cb26|rpc:10.1.0.210:37931|dataStream:|priority:0, 43811407-7c21-4fcd-ab69-dbd9b60ed504|rpc:10.1.0.210:42941|dataStream:|priority:1, c604563f-8b94-483f-a354-2ed29e633e80|rpc:10.1.0.210:36125|dataStream:|priority:0], old=null
2022-09-30 13:40:40,559 [542c7706-6f03-4002-aadb-418c9fc9cb26@group-421C2E2EB869-LeaderElection12] INFO  impl.LeaderElection (LeaderElection.java:logAndReturn(90)) - 542c7706-6f03-4002-aadb-418c9fc9cb26@group-421C2E2EB869-LeaderElection12: ELECTION REJECTED received 1 response(s) and 0 exception(s):
2022-09-30 13:40:40,560 [542c7706-6f03-4002-aadb-418c9fc9cb26@group-421C2E2EB869-LeaderElection12] INFO  impl.LeaderElection (LeaderElection.java:logAndReturn(94)) -   Response 0: 542c7706-6f03-4002-aadb-418c9fc9cb26<-43811407-7c21-4fcd-ab69-dbd9b60ed504#0:FAIL-t2
2022-09-30 13:40:40,560 [542c7706-6f03-4002-aadb-418c9fc9cb26@group-421C2E2EB869-LeaderElection12] INFO  impl.LeaderElection (LeaderElection.java:askForVotes(312)) - 542c7706-6f03-4002-aadb-418c9fc9cb26@group-421C2E2EB869-LeaderElection12 ELECTION round 0: result REJECTED
2022-09-30 13:40:40,560 [542c7706-6f03-4002-aadb-418c9fc9cb26@group-421C2E2EB869-LeaderElection12] INFO  server.RaftServer$Division (RaftServerImpl.java:setRole(299)) - 542c7706-6f03-4002-aadb-418c9fc9cb26@group-421C2E2EB869: changes role from CANDIDATE to FOLLOWER at term 2 for REJECTED
2022-09-30 13:40:40,560 [542c7706-6f03-4002-aadb-418c9fc9cb26@group-421C2E2EB869-LeaderElection12] INFO  impl.RoleInfo (RoleInfo.java:shutdownLeaderElection(130)) - 542c7706-6f03-4002-aadb-418c9fc9cb26: shutdown 542c7706-6f03-4002-aadb-418c9fc9cb26@group-421C2E2EB869-LeaderElection12
2022-09-30 13:40:40,560 [542c7706-6f03-4002-aadb-418c9fc9cb26@group-421C2E2EB869-LeaderElection12] INFO  impl.RoleInfo (RoleInfo.java:updateAndGet(139)) - 542c7706-6f03-4002-aadb-418c9fc9cb26: start 542c7706-6f03-4002-aadb-418c9fc9cb26@group-421C2E2EB869-FollowerState
2022-09-30 13:40:40,564 [grpc-default-executor-0] INFO  server.RaftServer$Division (RaftServerImpl.java:requestVote(1152)) - c604563f-8b94-483f-a354-2ed29e633e80@group-421C2E2EB869: receive requestVote(ELECTION, 542c7706-6f03-4002-aadb-418c9fc9cb26, group-421C2E2EB869, 2, (t:0, i:0))
2022-09-30 13:40:40,565 [grpc-default-executor-0] INFO  impl.VoteContext (VoteContext.java:log(48)) - c604563f-8b94-483f-a354-2ed29e633e80@group-421C2E2EB869-FOLLOWER: accept ELECTION from 542c7706-6f03-4002-aadb-418c9fc9cb26: our priority 0 <= candidate's priority 0
2022-09-30 13:40:40,565 [grpc-default-executor-0] INFO  server.RaftServer$Division (RaftServerImpl.java:setRole(299)) - c604563f-8b94-483f-a354-2ed29e633e80@group-421C2E2EB869: changes role from  FOLLOWER to FOLLOWER at term 2 for candidate:542c7706-6f03-4002-aadb-418c9fc9cb26
2022-09-30 13:40:40,565 [grpc-default-executor-0] INFO  impl.RoleInfo (RoleInfo.java:shutdownFollowerState(110)) - c604563f-8b94-483f-a354-2ed29e633e80: shutdown c604563f-8b94-483f-a354-2ed29e633e80@group-421C2E2EB869-FollowerState
2022-09-30 13:40:40,565 [grpc-default-executor-0] INFO  impl.RoleInfo (RoleInfo.java:updateAndGet(139)) - c604563f-8b94-483f-a354-2ed29e633e80: start c604563f-8b94-483f-a354-2ed29e633e80@group-421C2E2EB869-FollowerState
2022-09-30 13:40:40,565 [c604563f-8b94-483f-a354-2ed29e633e80@group-421C2E2EB869-FollowerState] INFO  impl.FollowerState (FollowerState.java:run(152)) - c604563f-8b94-483f-a354-2ed29e633e80@group-421C2E2EB869-FollowerState was interrupted
2022-09-30 13:40:40,575 [grpc-default-executor-0] INFO  server.RaftServer$Division (RaftServerImpl.java:requestVote(1184)) - c604563f-8b94-483f-a354-2ed29e633e80@group-421C2E2EB869 replies to ELECTION vote request: 542c7706-6f03-4002-aadb-418c9fc9cb26<-c604563f-8b94-483f-a354-2ed29e633e80#0:OK-t2. Peer's state: c604563f-8b94-483f-a354-2ed29e633e80@group-421C2E2EB869:t2, leader=null, voted=542c7706-6f03-4002-aadb-418c9fc9cb26, raftlog=c604563f-8b94-483f-a354-2ed29e633e80@group-421C2E2EB869-SegmentedRaftLog:OPENED:c-1, conf=-1: [542c7706-6f03-4002-aadb-418c9fc9cb26|rpc:10.1.0.210:37931|dataStream:|priority:0, 43811407-7c21-4fcd-ab69-dbd9b60ed504|rpc:10.1.0.210:42941|dataStream:|priority:1, c604563f-8b94-483f-a354-2ed29e633e80|rpc:10.1.0.210:36125|dataStream:|priority:0], old=null
2022-09-30 13:40:40,640 [EventQueue-OpenPipelineForHealthyPipelineSafeModeRule] INFO  safemode.SCMSafeModeManager (HealthyPipelineSafeModeRule.java:process(137)) - SCM in safe mode. Healthy pipelines reported count is 0, required healthy pipeline reported count is 1
2022-09-30 13:40:40,976 [ReplicationMonitor] INFO  replication.ReplicationManager (ReplicationManager.java:processAll(291)) - Replication Manager is not ready to run until 3000ms after safemode exit
2022-09-30 13:40:41,024 [EventQueue-OpenPipelineForHealthyPipelineSafeModeRule] INFO  safemode.SCMSafeModeManager (HealthyPipelineSafeModeRule.java:process(137)) - SCM in safe mode. Healthy pipelines reported count is 0, required healthy pipeline reported count is 1
2022-09-30 13:40:41,178 [EventQueue-OpenPipelineForHealthyPipelineSafeModeRule] INFO  safemode.SCMSafeModeManager (HealthyPipelineSafeModeRule.java:process(137)) - SCM in safe mode. Healthy pipelines reported count is 0, required healthy pipeline reported count is 1
2022-09-30 13:40:41,298 [EventQueue-OpenPipelineForHealthyPipelineSafeModeRule] INFO  safemode.SCMSafeModeManager (HealthyPipelineSafeModeRule.java:process(137)) - SCM in safe mode. Healthy pipelines reported count is 0, required healthy pipeline reported count is 1
2022-09-30 13:40:41,503 [Listener at 127.0.0.1/46717] INFO  ozone.MiniOzoneClusterImpl (MiniOzoneClusterImpl.java:lambda$waitForClusterToBeReady$0(216)) - Nodes are ready. Got 7 of 7 DN Heartbeats.
2022-09-30 13:40:41,504 [Listener at 127.0.0.1/46717] INFO  ozone.MiniOzoneClusterImpl (MiniOzoneClusterImpl.java:lambda$waitForClusterToBeReady$0(219)) - Waiting for cluster to exit safe mode
2022-09-30 13:40:41,504 [Listener at 127.0.0.1/46717] INFO  ozone.MiniOzoneClusterImpl (MiniOzoneClusterImpl.java:lambda$waitForClusterToBeReady$0(221)) - SCM became leader
2022-09-30 13:40:41,534 [EventQueue-OpenPipelineForHealthyPipelineSafeModeRule] INFO  safemode.SCMSafeModeManager (HealthyPipelineSafeModeRule.java:process(137)) - SCM in safe mode. Healthy pipelines reported count is 0, required healthy pipeline reported count is 1
2022-09-30 13:40:41,640 [EventQueue-OpenPipelineForHealthyPipelineSafeModeRule] INFO  safemode.SCMSafeModeManager (HealthyPipelineSafeModeRule.java:process(137)) - SCM in safe mode. Healthy pipelines reported count is 0, required healthy pipeline reported count is 1
2022-09-30 13:40:41,690 [EventQueue-OpenPipelineForHealthyPipelineSafeModeRule] INFO  safemode.SCMSafeModeManager (HealthyPipelineSafeModeRule.java:process(137)) - SCM in safe mode. Healthy pipelines reported count is 0, required healthy pipeline reported count is 1
2022-09-30 13:40:41,978 [ReplicationMonitor] INFO  replication.ReplicationManager (ReplicationManager.java:processAll(291)) - Replication Manager is not ready to run until 3000ms after safemode exit
2022-09-30 13:40:42,177 [EventQueue-OpenPipelineForHealthyPipelineSafeModeRule] INFO  safemode.SCMSafeModeManager (HealthyPipelineSafeModeRule.java:process(137)) - SCM in safe mode. Healthy pipelines reported count is 0, required healthy pipeline reported count is 1
2022-09-30 13:40:42,443 [EventQueue-OpenPipelineForHealthyPipelineSafeModeRule] INFO  safemode.SCMSafeModeManager (HealthyPipelineSafeModeRule.java:process(137)) - SCM in safe mode. Healthy pipelines reported count is 0, required healthy pipeline reported count is 1
2022-09-30 13:40:42,504 [Listener at 127.0.0.1/46717] INFO  ozone.MiniOzoneClusterImpl (MiniOzoneClusterImpl.java:lambda$waitForClusterToBeReady$0(216)) - Nodes are ready. Got 7 of 7 DN Heartbeats.
2022-09-30 13:40:42,504 [Listener at 127.0.0.1/46717] INFO  ozone.MiniOzoneClusterImpl (MiniOzoneClusterImpl.java:lambda$waitForClusterToBeReady$0(219)) - Waiting for cluster to exit safe mode
2022-09-30 13:40:42,504 [Listener at 127.0.0.1/46717] INFO  ozone.MiniOzoneClusterImpl (MiniOzoneClusterImpl.java:lambda$waitForClusterToBeReady$0(221)) - SCM became leader
2022-09-30 13:40:42,641 [EventQueue-OpenPipelineForHealthyPipelineSafeModeRule] INFO  safemode.SCMSafeModeManager (HealthyPipelineSafeModeRule.java:process(137)) - SCM in safe mode. Healthy pipelines reported count is 0, required healthy pipeline reported count is 1
2022-09-30 13:40:42,689 [EventQueue-OpenPipelineForHealthyPipelineSafeModeRule] INFO  safemode.SCMSafeModeManager (HealthyPipelineSafeModeRule.java:process(137)) - SCM in safe mode. Healthy pipelines reported count is 0, required healthy pipeline reported count is 1
2022-09-30 13:40:42,980 [ReplicationMonitor] INFO  replication.ReplicationManager (ReplicationManager.java:processAll(291)) - Replication Manager is not ready to run until 3000ms after safemode exit
2022-09-30 13:40:43,025 [EventQueue-OpenPipelineForHealthyPipelineSafeModeRule] INFO  safemode.SCMSafeModeManager (HealthyPipelineSafeModeRule.java:process(137)) - SCM in safe mode. Healthy pipelines reported count is 0, required healthy pipeline reported count is 1
2022-09-30 13:40:43,178 [EventQueue-OpenPipelineForHealthyPipelineSafeModeRule] INFO  safemode.SCMSafeModeManager (HealthyPipelineSafeModeRule.java:process(137)) - SCM in safe mode. Healthy pipelines reported count is 0, required healthy pipeline reported count is 1
2022-09-30 13:40:43,298 [EventQueue-OpenPipelineForHealthyPipelineSafeModeRule] INFO  safemode.SCMSafeModeManager (HealthyPipelineSafeModeRule.java:process(137)) - SCM in safe mode. Healthy pipelines reported count is 0, required healthy pipeline reported count is 1
2022-09-30 13:40:43,504 [Listener at 127.0.0.1/46717] INFO  ozone.MiniOzoneClusterImpl (MiniOzoneClusterImpl.java:lambda$waitForClusterToBeReady$0(216)) - Nodes are ready. Got 7 of 7 DN Heartbeats.
2022-09-30 13:40:43,505 [Listener at 127.0.0.1/46717] INFO  ozone.MiniOzoneClusterImpl (MiniOzoneClusterImpl.java:lambda$waitForClusterToBeReady$0(219)) - Waiting for cluster to exit safe mode
2022-09-30 13:40:43,505 [Listener at 127.0.0.1/46717] INFO  ozone.MiniOzoneClusterImpl (MiniOzoneClusterImpl.java:lambda$waitForClusterToBeReady$0(221)) - SCM became leader
2022-09-30 13:40:43,536 [EventQueue-OpenPipelineForHealthyPipelineSafeModeRule] INFO  safemode.SCMSafeModeManager (HealthyPipelineSafeModeRule.java:process(137)) - SCM in safe mode. Healthy pipelines reported count is 0, required healthy pipeline reported count is 1
2022-09-30 13:40:43,981 [ReplicationMonitor] INFO  replication.ReplicationManager (ReplicationManager.java:processAll(291)) - Replication Manager is not ready to run until 3000ms after safemode exit
2022-09-30 13:40:44,025 [EventQueue-OpenPipelineForHealthyPipelineSafeModeRule] INFO  safemode.SCMSafeModeManager (HealthyPipelineSafeModeRule.java:process(137)) - SCM in safe mode. Healthy pipelines reported count is 0, required healthy pipeline reported count is 1
2022-09-30 13:40:44,178 [EventQueue-OpenPipelineForHealthyPipelineSafeModeRule] INFO  safemode.SCMSafeModeManager (HealthyPipelineSafeModeRule.java:process(137)) - SCM in safe mode. Healthy pipelines reported count is 0, required healthy pipeline reported count is 1
2022-09-30 13:40:44,444 [EventQueue-OpenPipelineForHealthyPipelineSafeModeRule] INFO  safemode.SCMSafeModeManager (HealthyPipelineSafeModeRule.java:process(137)) - SCM in safe mode. Healthy pipelines reported count is 0, required healthy pipeline reported count is 1
2022-09-30 13:40:44,490 [62666bfa-5b48-4194-8431-0a6941154381@group-3F213833E1F5-FollowerState] INFO  impl.FollowerState (FollowerState.java:run(143)) - 62666bfa-5b48-4194-8431-0a6941154381@group-3F213833E1F5-FollowerState: change to CANDIDATE, lastRpcElapsedTime:5128502656ns, electionTimeout:5125ms
2022-09-30 13:40:44,490 [62666bfa-5b48-4194-8431-0a6941154381@group-3F213833E1F5-FollowerState] INFO  impl.RoleInfo (RoleInfo.java:shutdownFollowerState(110)) - 62666bfa-5b48-4194-8431-0a6941154381: shutdown 62666bfa-5b48-4194-8431-0a6941154381@group-3F213833E1F5-FollowerState
2022-09-30 13:40:44,490 [62666bfa-5b48-4194-8431-0a6941154381@group-3F213833E1F5-FollowerState] INFO  server.RaftServer$Division (RaftServerImpl.java:setRole(299)) - 62666bfa-5b48-4194-8431-0a6941154381@group-3F213833E1F5: changes role from  FOLLOWER to CANDIDATE at term 2 for changeToCandidate
2022-09-30 13:40:44,490 [62666bfa-5b48-4194-8431-0a6941154381@group-3F213833E1F5-FollowerState] INFO  server.RaftServerConfigKeys (ConfUtils.java:logGet(46)) - raft.server.leaderelection.pre-vote = false (custom)
2022-09-30 13:40:44,490 [62666bfa-5b48-4194-8431-0a6941154381@group-3F213833E1F5-FollowerState] INFO  impl.RoleInfo (RoleInfo.java:updateAndGet(139)) - 62666bfa-5b48-4194-8431-0a6941154381: start 62666bfa-5b48-4194-8431-0a6941154381@group-3F213833E1F5-LeaderElection13
2022-09-30 13:40:44,493 [62666bfa-5b48-4194-8431-0a6941154381@group-3F213833E1F5-LeaderElection13] INFO  impl.LeaderElection (LeaderElection.java:askForVotes(310)) - 62666bfa-5b48-4194-8431-0a6941154381@group-3F213833E1F5-LeaderElection13 ELECTION round 0: submit vote requests at term 3 for -1: [97e8c787-6023-4421-819a-0b5ced458c94|rpc:10.1.0.210:36437|priority:0, 63487312-87aa-4652-9988-76e01a899b42|rpc:10.1.0.210:39059|priority:1, 62666bfa-5b48-4194-8431-0a6941154381|rpc:10.1.0.210:41785|priority:0], old=null
2022-09-30 13:40:44,504 [grpc-default-executor-0] INFO  server.RaftServer$Division (RaftServerImpl.java:requestVote(1152)) - 97e8c787-6023-4421-819a-0b5ced458c94@group-3F213833E1F5: receive requestVote(ELECTION, 62666bfa-5b48-4194-8431-0a6941154381, group-3F213833E1F5, 3, (t:0, i:0))
2022-09-30 13:40:44,504 [grpc-default-executor-0] INFO  impl.VoteContext (VoteContext.java:log(48)) - 97e8c787-6023-4421-819a-0b5ced458c94@group-3F213833E1F5-FOLLOWER: accept ELECTION from 62666bfa-5b48-4194-8431-0a6941154381: our priority 0 <= candidate's priority 0
2022-09-30 13:40:44,504 [grpc-default-executor-0] INFO  server.RaftServer$Division (RaftServerImpl.java:setRole(299)) - 97e8c787-6023-4421-819a-0b5ced458c94@group-3F213833E1F5: changes role from  FOLLOWER to FOLLOWER at term 3 for candidate:62666bfa-5b48-4194-8431-0a6941154381
2022-09-30 13:40:44,504 [grpc-default-executor-1] INFO  server.RaftServer$Division (RaftServerImpl.java:requestVote(1152)) - 63487312-87aa-4652-9988-76e01a899b42@group-3F213833E1F5: receive requestVote(ELECTION, 62666bfa-5b48-4194-8431-0a6941154381, group-3F213833E1F5, 3, (t:0, i:0))
2022-09-30 13:40:44,512 [Listener at 127.0.0.1/46717] INFO  ozone.MiniOzoneClusterImpl (MiniOzoneClusterImpl.java:lambda$waitForClusterToBeReady$0(216)) - Nodes are ready. Got 7 of 7 DN Heartbeats.
2022-09-30 13:40:44,513 [Listener at 127.0.0.1/46717] INFO  ozone.MiniOzoneClusterImpl (MiniOzoneClusterImpl.java:lambda$waitForClusterToBeReady$0(219)) - Waiting for cluster to exit safe mode
2022-09-30 13:40:44,513 [Listener at 127.0.0.1/46717] INFO  ozone.MiniOzoneClusterImpl (MiniOzoneClusterImpl.java:lambda$waitForClusterToBeReady$0(221)) - SCM became leader
2022-09-30 13:40:44,504 [grpc-default-executor-0] INFO  impl.RoleInfo (RoleInfo.java:shutdownFollowerState(110)) - 97e8c787-6023-4421-819a-0b5ced458c94: shutdown 97e8c787-6023-4421-819a-0b5ced458c94@group-3F213833E1F5-FollowerState
2022-09-30 13:40:44,513 [grpc-default-executor-0] INFO  impl.RoleInfo (RoleInfo.java:updateAndGet(139)) - 97e8c787-6023-4421-819a-0b5ced458c94: start 97e8c787-6023-4421-819a-0b5ced458c94@group-3F213833E1F5-FollowerState
2022-09-30 13:40:44,514 [97e8c787-6023-4421-819a-0b5ced458c94@group-3F213833E1F5-FollowerState] INFO  impl.FollowerState (FollowerState.java:run(152)) - 97e8c787-6023-4421-819a-0b5ced458c94@group-3F213833E1F5-FollowerState was interrupted
2022-09-30 13:40:44,513 [grpc-default-executor-1] INFO  impl.VoteContext (VoteContext.java:log(48)) - 63487312-87aa-4652-9988-76e01a899b42@group-3F213833E1F5-FOLLOWER: reject ELECTION from 62666bfa-5b48-4194-8431-0a6941154381: our priority 1 > candidate's priority 0
2022-09-30 13:40:44,514 [grpc-default-executor-1] INFO  server.RaftServer$Division (RaftServerImpl.java:setRole(299)) - 63487312-87aa-4652-9988-76e01a899b42@group-3F213833E1F5: changes role from  FOLLOWER to FOLLOWER at term 3 for candidate:62666bfa-5b48-4194-8431-0a6941154381
2022-09-30 13:40:44,514 [grpc-default-executor-1] INFO  impl.RoleInfo (RoleInfo.java:shutdownFollowerState(110)) - 63487312-87aa-4652-9988-76e01a899b42: shutdown 63487312-87aa-4652-9988-76e01a899b42@group-3F213833E1F5-FollowerState
2022-09-30 13:40:44,514 [grpc-default-executor-1] INFO  impl.RoleInfo (RoleInfo.java:updateAndGet(139)) - 63487312-87aa-4652-9988-76e01a899b42: start 63487312-87aa-4652-9988-76e01a899b42@group-3F213833E1F5-FollowerState
2022-09-30 13:40:44,515 [63487312-87aa-4652-9988-76e01a899b42@group-3F213833E1F5-FollowerState] INFO  impl.FollowerState (FollowerState.java:run(152)) - 63487312-87aa-4652-9988-76e01a899b42@group-3F213833E1F5-FollowerState was interrupted
2022-09-30 13:40:44,516 [grpc-default-executor-0] INFO  server.RaftServer$Division (RaftServerImpl.java:requestVote(1184)) - 97e8c787-6023-4421-819a-0b5ced458c94@group-3F213833E1F5 replies to ELECTION vote request: 62666bfa-5b48-4194-8431-0a6941154381<-97e8c787-6023-4421-819a-0b5ced458c94#0:OK-t3. Peer's state: 97e8c787-6023-4421-819a-0b5ced458c94@group-3F213833E1F5:t3, leader=null, voted=62666bfa-5b48-4194-8431-0a6941154381, raftlog=97e8c787-6023-4421-819a-0b5ced458c94@group-3F213833E1F5-SegmentedRaftLog:OPENED:c-1, conf=-1: [97e8c787-6023-4421-819a-0b5ced458c94|rpc:10.1.0.210:36437|dataStream:|priority:0, 63487312-87aa-4652-9988-76e01a899b42|rpc:10.1.0.210:39059|dataStream:|priority:1, 62666bfa-5b48-4194-8431-0a6941154381|rpc:10.1.0.210:41785|dataStream:|priority:0], old=null
2022-09-30 13:40:44,517 [grpc-default-executor-1] INFO  server.RaftServer$Division (RaftServerImpl.java:requestVote(1184)) - 63487312-87aa-4652-9988-76e01a899b42@group-3F213833E1F5 replies to ELECTION vote request: 62666bfa-5b48-4194-8431-0a6941154381<-63487312-87aa-4652-9988-76e01a899b42#0:FAIL-t3. Peer's state: 63487312-87aa-4652-9988-76e01a899b42@group-3F213833E1F5:t3, leader=null, voted=null, raftlog=63487312-87aa-4652-9988-76e01a899b42@group-3F213833E1F5-SegmentedRaftLog:OPENED:c-1, conf=-1: [97e8c787-6023-4421-819a-0b5ced458c94|rpc:10.1.0.210:36437|priority:0, 63487312-87aa-4652-9988-76e01a899b42|rpc:10.1.0.210:39059|priority:1, 62666bfa-5b48-4194-8431-0a6941154381|rpc:10.1.0.210:41785|priority:0], old=null
2022-09-30 13:40:44,520 [62666bfa-5b48-4194-8431-0a6941154381@group-3F213833E1F5-LeaderElection13] INFO  impl.LeaderElection (LeaderElection.java:logAndReturn(90)) - 62666bfa-5b48-4194-8431-0a6941154381@group-3F213833E1F5-LeaderElection13: ELECTION REJECTED received 2 response(s) and 0 exception(s):
2022-09-30 13:40:44,520 [62666bfa-5b48-4194-8431-0a6941154381@group-3F213833E1F5-LeaderElection13] INFO  impl.LeaderElection (LeaderElection.java:logAndReturn(94)) -   Response 0: 62666bfa-5b48-4194-8431-0a6941154381<-97e8c787-6023-4421-819a-0b5ced458c94#0:OK-t3
2022-09-30 13:40:44,520 [62666bfa-5b48-4194-8431-0a6941154381@group-3F213833E1F5-LeaderElection13] INFO  impl.LeaderElection (LeaderElection.java:logAndReturn(94)) -   Response 1: 62666bfa-5b48-4194-8431-0a6941154381<-63487312-87aa-4652-9988-76e01a899b42#0:FAIL-t3
2022-09-30 13:40:44,521 [62666bfa-5b48-4194-8431-0a6941154381@group-3F213833E1F5-LeaderElection13] INFO  impl.LeaderElection (LeaderElection.java:askForVotes(312)) - 62666bfa-5b48-4194-8431-0a6941154381@group-3F213833E1F5-LeaderElection13 ELECTION round 0: result REJECTED
2022-09-30 13:40:44,521 [62666bfa-5b48-4194-8431-0a6941154381@group-3F213833E1F5-LeaderElection13] INFO  server.RaftServer$Division (RaftServerImpl.java:setRole(299)) - 62666bfa-5b48-4194-8431-0a6941154381@group-3F213833E1F5: changes role from CANDIDATE to FOLLOWER at term 3 for REJECTED
2022-09-30 13:40:44,521 [62666bfa-5b48-4194-8431-0a6941154381@group-3F213833E1F5-LeaderElection13] INFO  impl.RoleInfo (RoleInfo.java:shutdownLeaderElection(130)) - 62666bfa-5b48-4194-8431-0a6941154381: shutdown 62666bfa-5b48-4194-8431-0a6941154381@group-3F213833E1F5-LeaderElection13
2022-09-30 13:40:44,521 [62666bfa-5b48-4194-8431-0a6941154381@group-3F213833E1F5-LeaderElection13] INFO  impl.RoleInfo (RoleInfo.java:updateAndGet(139)) - 62666bfa-5b48-4194-8431-0a6941154381: start 62666bfa-5b48-4194-8431-0a6941154381@group-3F213833E1F5-FollowerState
2022-09-30 13:40:44,536 [EventQueue-OpenPipelineForHealthyPipelineSafeModeRule] INFO  safemode.SCMSafeModeManager (HealthyPipelineSafeModeRule.java:process(137)) - SCM in safe mode. Healthy pipelines reported count is 0, required healthy pipeline reported count is 1
2022-09-30 13:40:44,640 [EventQueue-OpenPipelineForHealthyPipelineSafeModeRule] INFO  safemode.SCMSafeModeManager (HealthyPipelineSafeModeRule.java:process(137)) - SCM in safe mode. Healthy pipelines reported count is 0, required healthy pipeline reported count is 1
2022-09-30 13:40:44,690 [EventQueue-OpenPipelineForHealthyPipelineSafeModeRule] INFO  safemode.SCMSafeModeManager (HealthyPipelineSafeModeRule.java:process(137)) - SCM in safe mode. Healthy pipelines reported count is 0, required healthy pipeline reported count is 1
2022-09-30 13:40:44,981 [ReplicationMonitor] INFO  replication.ReplicationManager (ReplicationManager.java:processAll(291)) - Replication Manager is not ready to run until 3000ms after safemode exit
2022-09-30 13:40:45,298 [EventQueue-OpenPipelineForHealthyPipelineSafeModeRule] INFO  safemode.SCMSafeModeManager (HealthyPipelineSafeModeRule.java:process(137)) - SCM in safe mode. Healthy pipelines reported count is 0, required healthy pipeline reported count is 1
2022-09-30 13:40:45,443 [EventQueue-OpenPipelineForHealthyPipelineSafeModeRule] INFO  safemode.SCMSafeModeManager (HealthyPipelineSafeModeRule.java:process(137)) - SCM in safe mode. Healthy pipelines reported count is 0, required healthy pipeline reported count is 1
2022-09-30 13:40:45,514 [Listener at 127.0.0.1/46717] INFO  ozone.MiniOzoneClusterImpl (MiniOzoneClusterImpl.java:lambda$waitForClusterToBeReady$0(216)) - Nodes are ready. Got 7 of 7 DN Heartbeats.
2022-09-30 13:40:45,514 [Listener at 127.0.0.1/46717] INFO  ozone.MiniOzoneClusterImpl (MiniOzoneClusterImpl.java:lambda$waitForClusterToBeReady$0(219)) - Waiting for cluster to exit safe mode
2022-09-30 13:40:45,514 [Listener at 127.0.0.1/46717] INFO  ozone.MiniOzoneClusterImpl (MiniOzoneClusterImpl.java:lambda$waitForClusterToBeReady$0(221)) - SCM became leader
2022-09-30 13:40:45,640 [EventQueue-OpenPipelineForHealthyPipelineSafeModeRule] INFO  safemode.SCMSafeModeManager (HealthyPipelineSafeModeRule.java:process(137)) - SCM in safe mode. Healthy pipelines reported count is 0, required healthy pipeline reported count is 1
2022-09-30 13:40:45,656 [542c7706-6f03-4002-aadb-418c9fc9cb26@group-421C2E2EB869-FollowerState] INFO  impl.FollowerState (FollowerState.java:run(143)) - 542c7706-6f03-4002-aadb-418c9fc9cb26@group-421C2E2EB869-FollowerState: change to CANDIDATE, lastRpcElapsedTime:5096406021ns, electionTimeout:5091ms
2022-09-30 13:40:45,656 [542c7706-6f03-4002-aadb-418c9fc9cb26@group-421C2E2EB869-FollowerState] INFO  impl.RoleInfo (RoleInfo.java:shutdownFollowerState(110)) - 542c7706-6f03-4002-aadb-418c9fc9cb26: shutdown 542c7706-6f03-4002-aadb-418c9fc9cb26@group-421C2E2EB869-FollowerState
2022-09-30 13:40:45,656 [542c7706-6f03-4002-aadb-418c9fc9cb26@group-421C2E2EB869-FollowerState] INFO  server.RaftServer$Division (RaftServerImpl.java:setRole(299)) - 542c7706-6f03-4002-aadb-418c9fc9cb26@group-421C2E2EB869: changes role from  FOLLOWER to CANDIDATE at term 2 for changeToCandidate
2022-09-30 13:40:45,657 [542c7706-6f03-4002-aadb-418c9fc9cb26@group-421C2E2EB869-FollowerState] INFO  server.RaftServerConfigKeys (ConfUtils.java:logGet(46)) - raft.server.leaderelection.pre-vote = false (custom)
2022-09-30 13:40:45,657 [542c7706-6f03-4002-aadb-418c9fc9cb26@group-421C2E2EB869-FollowerState] INFO  impl.RoleInfo (RoleInfo.java:updateAndGet(139)) - 542c7706-6f03-4002-aadb-418c9fc9cb26: start 542c7706-6f03-4002-aadb-418c9fc9cb26@group-421C2E2EB869-LeaderElection14
2022-09-30 13:40:45,659 [542c7706-6f03-4002-aadb-418c9fc9cb26@group-421C2E2EB869-LeaderElection14] INFO  impl.LeaderElection (LeaderElection.java:askForVotes(310)) - 542c7706-6f03-4002-aadb-418c9fc9cb26@group-421C2E2EB869-LeaderElection14 ELECTION round 0: submit vote requests at term 3 for -1: [542c7706-6f03-4002-aadb-418c9fc9cb26|rpc:10.1.0.210:37931|priority:0, 43811407-7c21-4fcd-ab69-dbd9b60ed504|rpc:10.1.0.210:42941|priority:1, c604563f-8b94-483f-a354-2ed29e633e80|rpc:10.1.0.210:36125|priority:0], old=null
2022-09-30 13:40:45,667 [grpc-default-executor-1] INFO  server.RaftServer$Division (RaftServerImpl.java:requestVote(1152)) - c604563f-8b94-483f-a354-2ed29e633e80@group-421C2E2EB869: receive requestVote(ELECTION, 542c7706-6f03-4002-aadb-418c9fc9cb26, group-421C2E2EB869, 3, (t:0, i:0))
2022-09-30 13:40:45,667 [grpc-default-executor-1] INFO  impl.VoteContext (VoteContext.java:log(48)) - c604563f-8b94-483f-a354-2ed29e633e80@group-421C2E2EB869-FOLLOWER: accept ELECTION from 542c7706-6f03-4002-aadb-418c9fc9cb26: our priority 0 <= candidate's priority 0
2022-09-30 13:40:45,667 [grpc-default-executor-1] INFO  server.RaftServer$Division (RaftServerImpl.java:setRole(299)) - c604563f-8b94-483f-a354-2ed29e633e80@group-421C2E2EB869: changes role from  FOLLOWER to FOLLOWER at term 3 for candidate:542c7706-6f03-4002-aadb-418c9fc9cb26
2022-09-30 13:40:45,667 [grpc-default-executor-1] INFO  impl.RoleInfo (RoleInfo.java:shutdownFollowerState(110)) - c604563f-8b94-483f-a354-2ed29e633e80: shutdown c604563f-8b94-483f-a354-2ed29e633e80@group-421C2E2EB869-FollowerState
2022-09-30 13:40:45,667 [grpc-default-executor-1] INFO  impl.RoleInfo (RoleInfo.java:updateAndGet(139)) - c604563f-8b94-483f-a354-2ed29e633e80: start c604563f-8b94-483f-a354-2ed29e633e80@group-421C2E2EB869-FollowerState
2022-09-30 13:40:45,667 [c604563f-8b94-483f-a354-2ed29e633e80@group-421C2E2EB869-FollowerState] INFO  impl.FollowerState (FollowerState.java:run(152)) - c604563f-8b94-483f-a354-2ed29e633e80@group-421C2E2EB869-FollowerState was interrupted
2022-09-30 13:40:45,672 [grpc-default-executor-1] INFO  server.RaftServer$Division (RaftServerImpl.java:requestVote(1184)) - c604563f-8b94-483f-a354-2ed29e633e80@group-421C2E2EB869 replies to ELECTION vote request: 542c7706-6f03-4002-aadb-418c9fc9cb26<-c604563f-8b94-483f-a354-2ed29e633e80#0:OK-t3. Peer's state: c604563f-8b94-483f-a354-2ed29e633e80@group-421C2E2EB869:t3, leader=null, voted=542c7706-6f03-4002-aadb-418c9fc9cb26, raftlog=c604563f-8b94-483f-a354-2ed29e633e80@group-421C2E2EB869-SegmentedRaftLog:OPENED:c-1, conf=-1: [542c7706-6f03-4002-aadb-418c9fc9cb26|rpc:10.1.0.210:37931|dataStream:|priority:0, 43811407-7c21-4fcd-ab69-dbd9b60ed504|rpc:10.1.0.210:42941|dataStream:|priority:1, c604563f-8b94-483f-a354-2ed29e633e80|rpc:10.1.0.210:36125|dataStream:|priority:0], old=null
2022-09-30 13:40:45,673 [grpc-default-executor-1] INFO  server.RaftServer$Division (RaftServerImpl.java:requestVote(1152)) - 43811407-7c21-4fcd-ab69-dbd9b60ed504@group-421C2E2EB869: receive requestVote(ELECTION, 542c7706-6f03-4002-aadb-418c9fc9cb26, group-421C2E2EB869, 3, (t:0, i:0))
2022-09-30 13:40:45,673 [grpc-default-executor-1] INFO  impl.VoteContext (VoteContext.java:log(48)) - 43811407-7c21-4fcd-ab69-dbd9b60ed504@group-421C2E2EB869-FOLLOWER: reject ELECTION from 542c7706-6f03-4002-aadb-418c9fc9cb26: our priority 1 > candidate's priority 0
2022-09-30 13:40:45,673 [grpc-default-executor-1] INFO  server.RaftServer$Division (RaftServerImpl.java:setRole(299)) - 43811407-7c21-4fcd-ab69-dbd9b60ed504@group-421C2E2EB869: changes role from  FOLLOWER to FOLLOWER at term 3 for candidate:542c7706-6f03-4002-aadb-418c9fc9cb26
2022-09-30 13:40:45,673 [grpc-default-executor-1] INFO  impl.RoleInfo (RoleInfo.java:shutdownFollowerState(110)) - 43811407-7c21-4fcd-ab69-dbd9b60ed504: shutdown 43811407-7c21-4fcd-ab69-dbd9b60ed504@group-421C2E2EB869-FollowerState
2022-09-30 13:40:45,674 [grpc-default-executor-1] INFO  impl.RoleInfo (RoleInfo.java:updateAndGet(139)) - 43811407-7c21-4fcd-ab69-dbd9b60ed504: start 43811407-7c21-4fcd-ab69-dbd9b60ed504@group-421C2E2EB869-FollowerState
2022-09-30 13:40:45,674 [43811407-7c21-4fcd-ab69-dbd9b60ed504@group-421C2E2EB869-FollowerState] INFO  impl.FollowerState (FollowerState.java:run(152)) - 43811407-7c21-4fcd-ab69-dbd9b60ed504@group-421C2E2EB869-FollowerState was interrupted
2022-09-30 13:40:45,677 [grpc-default-executor-1] INFO  server.RaftServer$Division (RaftServerImpl.java:requestVote(1184)) - 43811407-7c21-4fcd-ab69-dbd9b60ed504@group-421C2E2EB869 replies to ELECTION vote request: 542c7706-6f03-4002-aadb-418c9fc9cb26<-43811407-7c21-4fcd-ab69-dbd9b60ed504#0:FAIL-t3. Peer's state: 43811407-7c21-4fcd-ab69-dbd9b60ed504@group-421C2E2EB869:t3, leader=null, voted=null, raftlog=43811407-7c21-4fcd-ab69-dbd9b60ed504@group-421C2E2EB869-SegmentedRaftLog:OPENED:c-1, conf=-1: [542c7706-6f03-4002-aadb-418c9fc9cb26|rpc:10.1.0.210:37931|dataStream:|priority:0, 43811407-7c21-4fcd-ab69-dbd9b60ed504|rpc:10.1.0.210:42941|dataStream:|priority:1, c604563f-8b94-483f-a354-2ed29e633e80|rpc:10.1.0.210:36125|dataStream:|priority:0], old=null
2022-09-30 13:40:45,680 [542c7706-6f03-4002-aadb-418c9fc9cb26@group-421C2E2EB869-LeaderElection14] INFO  impl.LeaderElection (LeaderElection.java:logAndReturn(90)) - 542c7706-6f03-4002-aadb-418c9fc9cb26@group-421C2E2EB869-LeaderElection14: ELECTION REJECTED received 2 response(s) and 0 exception(s):
2022-09-30 13:40:45,681 [542c7706-6f03-4002-aadb-418c9fc9cb26@group-421C2E2EB869-LeaderElection14] INFO  impl.LeaderElection (LeaderElection.java:logAndReturn(94)) -   Response 0: 542c7706-6f03-4002-aadb-418c9fc9cb26<-43811407-7c21-4fcd-ab69-dbd9b60ed504#0:FAIL-t3
2022-09-30 13:40:45,681 [542c7706-6f03-4002-aadb-418c9fc9cb26@group-421C2E2EB869-LeaderElection14] INFO  impl.LeaderElection (LeaderElection.java:logAndReturn(94)) -   Response 1: 542c7706-6f03-4002-aadb-418c9fc9cb26<-c604563f-8b94-483f-a354-2ed29e633e80#0:OK-t3
2022-09-30 13:40:45,681 [542c7706-6f03-4002-aadb-418c9fc9cb26@group-421C2E2EB869-LeaderElection14] INFO  impl.LeaderElection (LeaderElection.java:askForVotes(312)) - 542c7706-6f03-4002-aadb-418c9fc9cb26@group-421C2E2EB869-LeaderElection14 ELECTION round 0: result REJECTED
2022-09-30 13:40:45,682 [542c7706-6f03-4002-aadb-418c9fc9cb26@group-421C2E2EB869-LeaderElection14] INFO  server.RaftServer$Division (RaftServerImpl.java:setRole(299)) - 542c7706-6f03-4002-aadb-418c9fc9cb26@group-421C2E2EB869: changes role from CANDIDATE to FOLLOWER at term 3 for REJECTED
2022-09-30 13:40:45,683 [542c7706-6f03-4002-aadb-418c9fc9cb26@group-421C2E2EB869-LeaderElection14] INFO  impl.RoleInfo (RoleInfo.java:shutdownLeaderElection(130)) - 542c7706-6f03-4002-aadb-418c9fc9cb26: shutdown 542c7706-6f03-4002-aadb-418c9fc9cb26@group-421C2E2EB869-LeaderElection14
2022-09-30 13:40:45,683 [542c7706-6f03-4002-aadb-418c9fc9cb26@group-421C2E2EB869-LeaderElection14] INFO  impl.RoleInfo (RoleInfo.java:updateAndGet(139)) - 542c7706-6f03-4002-aadb-418c9fc9cb26: start 542c7706-6f03-4002-aadb-418c9fc9cb26@group-421C2E2EB869-FollowerState
2022-09-30 13:40:45,690 [EventQueue-OpenPipelineForHealthyPipelineSafeModeRule] INFO  safemode.SCMSafeModeManager (HealthyPipelineSafeModeRule.java:process(137)) - SCM in safe mode. Healthy pipelines reported count is 0, required healthy pipeline reported count is 1
2022-09-30 13:40:45,981 [ReplicationMonitor] INFO  replication.ReplicationManager (ReplicationManager.java:processAll(291)) - Replication Manager is not ready to run until 3000ms after safemode exit
2022-09-30 13:40:46,026 [EventQueue-OpenPipelineForHealthyPipelineSafeModeRule] INFO  safemode.SCMSafeModeManager (HealthyPipelineSafeModeRule.java:process(137)) - SCM in safe mode. Healthy pipelines reported count is 0, required healthy pipeline reported count is 1
2022-09-30 13:40:46,178 [EventQueue-OpenPipelineForHealthyPipelineSafeModeRule] INFO  safemode.SCMSafeModeManager (HealthyPipelineSafeModeRule.java:process(137)) - SCM in safe mode. Healthy pipelines reported count is 0, required healthy pipeline reported count is 1
2022-09-30 13:40:46,298 [EventQueue-OpenPipelineForHealthyPipelineSafeModeRule] INFO  safemode.SCMSafeModeManager (HealthyPipelineSafeModeRule.java:process(137)) - SCM in safe mode. Healthy pipelines reported count is 0, required healthy pipeline reported count is 1
2022-09-30 13:40:46,514 [Listener at 127.0.0.1/46717] INFO  ozone.MiniOzoneClusterImpl (MiniOzoneClusterImpl.java:lambda$waitForClusterToBeReady$0(216)) - Nodes are ready. Got 7 of 7 DN Heartbeats.
2022-09-30 13:40:46,514 [Listener at 127.0.0.1/46717] INFO  ozone.MiniOzoneClusterImpl (MiniOzoneClusterImpl.java:lambda$waitForClusterToBeReady$0(219)) - Waiting for cluster to exit safe mode
2022-09-30 13:40:46,514 [Listener at 127.0.0.1/46717] INFO  ozone.MiniOzoneClusterImpl (MiniOzoneClusterImpl.java:lambda$waitForClusterToBeReady$0(221)) - SCM became leader
2022-09-30 13:40:46,537 [EventQueue-OpenPipelineForHealthyPipelineSafeModeRule] INFO  safemode.SCMSafeModeManager (HealthyPipelineSafeModeRule.java:process(137)) - SCM in safe mode. Healthy pipelines reported count is 0, required healthy pipeline reported count is 1
2022-09-30 13:40:46,640 [EventQueue-OpenPipelineForHealthyPipelineSafeModeRule] INFO  safemode.SCMSafeModeManager (HealthyPipelineSafeModeRule.java:process(137)) - SCM in safe mode. Healthy pipelines reported count is 0, required healthy pipeline reported count is 1
2022-09-30 13:40:46,690 [EventQueue-OpenPipelineForHealthyPipelineSafeModeRule] INFO  safemode.SCMSafeModeManager (HealthyPipelineSafeModeRule.java:process(137)) - SCM in safe mode. Healthy pipelines reported count is 0, required healthy pipeline reported count is 1
2022-09-30 13:40:46,982 [ReplicationMonitor] INFO  replication.ReplicationManager (ReplicationManager.java:processAll(291)) - Replication Manager is not ready to run until 3000ms after safemode exit
2022-09-30 13:40:47,177 [EventQueue-OpenPipelineForHealthyPipelineSafeModeRule] INFO  safemode.SCMSafeModeManager (HealthyPipelineSafeModeRule.java:process(137)) - SCM in safe mode. Healthy pipelines reported count is 0, required healthy pipeline reported count is 1
2022-09-30 13:40:47,444 [EventQueue-OpenPipelineForHealthyPipelineSafeModeRule] INFO  safemode.SCMSafeModeManager (HealthyPipelineSafeModeRule.java:process(137)) - SCM in safe mode. Healthy pipelines reported count is 0, required healthy pipeline reported count is 1
2022-09-30 13:40:47,514 [Listener at 127.0.0.1/46717] INFO  ozone.MiniOzoneClusterImpl (MiniOzoneClusterImpl.java:lambda$waitForClusterToBeReady$0(216)) - Nodes are ready. Got 7 of 7 DN Heartbeats.
2022-09-30 13:40:47,515 [Listener at 127.0.0.1/46717] INFO  ozone.MiniOzoneClusterImpl (MiniOzoneClusterImpl.java:lambda$waitForClusterToBeReady$0(219)) - Waiting for cluster to exit safe mode
2022-09-30 13:40:47,515 [Listener at 127.0.0.1/46717] INFO  ozone.MiniOzoneClusterImpl (MiniOzoneClusterImpl.java:lambda$waitForClusterToBeReady$0(221)) - SCM became leader
2022-09-30 13:40:47,689 [EventQueue-OpenPipelineForHealthyPipelineSafeModeRule] INFO  safemode.SCMSafeModeManager (HealthyPipelineSafeModeRule.java:process(137)) - SCM in safe mode. Healthy pipelines reported count is 0, required healthy pipeline reported count is 1
2022-09-30 13:40:47,982 [ReplicationMonitor] INFO  replication.ReplicationManager (ReplicationManager.java:processAll(291)) - Replication Manager is not ready to run until 3000ms after safemode exit
2022-09-30 13:40:48,026 [EventQueue-OpenPipelineForHealthyPipelineSafeModeRule] INFO  safemode.SCMSafeModeManager (HealthyPipelineSafeModeRule.java:process(137)) - SCM in safe mode. Healthy pipelines reported count is 0, required healthy pipeline reported count is 1
2022-09-30 13:40:48,301 [EventQueue-OpenPipelineForHealthyPipelineSafeModeRule] INFO  safemode.SCMSafeModeManager (HealthyPipelineSafeModeRule.java:process(137)) - SCM in safe mode. Healthy pipelines reported count is 0, required healthy pipeline reported count is 1
2022-09-30 13:40:48,443 [EventQueue-OpenPipelineForHealthyPipelineSafeModeRule] INFO  safemode.SCMSafeModeManager (HealthyPipelineSafeModeRule.java:process(137)) - SCM in safe mode. Healthy pipelines reported count is 0, required healthy pipeline reported count is 1
2022-09-30 13:40:48,515 [Listener at 127.0.0.1/46717] INFO  ozone.MiniOzoneClusterImpl (MiniOzoneClusterImpl.java:lambda$waitForClusterToBeReady$0(216)) - Nodes are ready. Got 7 of 7 DN Heartbeats.
2022-09-30 13:40:48,515 [Listener at 127.0.0.1/46717] INFO  ozone.MiniOzoneClusterImpl (MiniOzoneClusterImpl.java:lambda$waitForClusterToBeReady$0(219)) - Waiting for cluster to exit safe mode
2022-09-30 13:40:48,515 [Listener at 127.0.0.1/46717] INFO  ozone.MiniOzoneClusterImpl (MiniOzoneClusterImpl.java:lambda$waitForClusterToBeReady$0(221)) - SCM became leader
2022-09-30 13:40:48,537 [EventQueue-OpenPipelineForHealthyPipelineSafeModeRule] INFO  safemode.SCMSafeModeManager (HealthyPipelineSafeModeRule.java:process(137)) - SCM in safe mode. Healthy pipelines reported count is 0, required healthy pipeline reported count is 1
2022-09-30 13:40:48,640 [EventQueue-OpenPipelineForHealthyPipelineSafeModeRule] INFO  safemode.SCMSafeModeManager (HealthyPipelineSafeModeRule.java:process(137)) - SCM in safe mode. Healthy pipelines reported count is 0, required healthy pipeline reported count is 1
2022-09-30 13:40:48,982 [ReplicationMonitor] INFO  replication.ReplicationManager (ReplicationManager.java:processAll(291)) - Replication Manager is not ready to run until 3000ms after safemode exit
2022-09-30 13:40:49,177 [EventQueue-OpenPipelineForHealthyPipelineSafeModeRule] INFO  safemode.SCMSafeModeManager (HealthyPipelineSafeModeRule.java:process(137)) - SCM in safe mode. Healthy pipelines reported count is 0, required healthy pipeline reported count is 1
2022-09-30 13:40:49,298 [EventQueue-OpenPipelineForHealthyPipelineSafeModeRule] INFO  safemode.SCMSafeModeManager (HealthyPipelineSafeModeRule.java:process(137)) - SCM in safe mode. Healthy pipelines reported count is 0, required healthy pipeline reported count is 1
2022-09-30 13:40:49,515 [Listener at 127.0.0.1/46717] INFO  ozone.MiniOzoneClusterImpl (MiniOzoneClusterImpl.java:lambda$waitForClusterToBeReady$0(216)) - Nodes are ready. Got 7 of 7 DN Heartbeats.
2022-09-30 13:40:49,515 [Listener at 127.0.0.1/46717] INFO  ozone.MiniOzoneClusterImpl (MiniOzoneClusterImpl.java:lambda$waitForClusterToBeReady$0(219)) - Waiting for cluster to exit safe mode
2022-09-30 13:40:49,515 [Listener at 127.0.0.1/46717] INFO  ozone.MiniOzoneClusterImpl (MiniOzoneClusterImpl.java:lambda$waitForClusterToBeReady$0(221)) - SCM became leader
2022-09-30 13:40:49,535 [63487312-87aa-4652-9988-76e01a899b42@group-3F213833E1F5-FollowerState] INFO  impl.FollowerState (FollowerState.java:run(143)) - 63487312-87aa-4652-9988-76e01a899b42@group-3F213833E1F5-FollowerState: change to CANDIDATE, lastRpcElapsedTime:5020950481ns, electionTimeout:5020ms
2022-09-30 13:40:49,536 [63487312-87aa-4652-9988-76e01a899b42@group-3F213833E1F5-FollowerState] INFO  impl.RoleInfo (RoleInfo.java:shutdownFollowerState(110)) - 63487312-87aa-4652-9988-76e01a899b42: shutdown 63487312-87aa-4652-9988-76e01a899b42@group-3F213833E1F5-FollowerState
2022-09-30 13:40:49,536 [63487312-87aa-4652-9988-76e01a899b42@group-3F213833E1F5-FollowerState] INFO  server.RaftServer$Division (RaftServerImpl.java:setRole(299)) - 63487312-87aa-4652-9988-76e01a899b42@group-3F213833E1F5: changes role from  FOLLOWER to CANDIDATE at term 3 for changeToCandidate
2022-09-30 13:40:49,536 [63487312-87aa-4652-9988-76e01a899b42@group-3F213833E1F5-FollowerState] INFO  server.RaftServerConfigKeys (ConfUtils.java:logGet(46)) - raft.server.leaderelection.pre-vote = false (custom)
2022-09-30 13:40:49,536 [63487312-87aa-4652-9988-76e01a899b42@group-3F213833E1F5-FollowerState] INFO  impl.RoleInfo (RoleInfo.java:updateAndGet(139)) - 63487312-87aa-4652-9988-76e01a899b42: start 63487312-87aa-4652-9988-76e01a899b42@group-3F213833E1F5-LeaderElection15
2022-09-30 13:40:49,536 [EventQueue-OpenPipelineForHealthyPipelineSafeModeRule] INFO  safemode.SCMSafeModeManager (HealthyPipelineSafeModeRule.java:process(137)) - SCM in safe mode. Healthy pipelines reported count is 0, required healthy pipeline reported count is 1
2022-09-30 13:40:49,541 [63487312-87aa-4652-9988-76e01a899b42@group-3F213833E1F5-LeaderElection15] INFO  impl.LeaderElection (LeaderElection.java:askForVotes(310)) - 63487312-87aa-4652-9988-76e01a899b42@group-3F213833E1F5-LeaderElection15 ELECTION round 0: submit vote requests at term 4 for -1: [97e8c787-6023-4421-819a-0b5ced458c94|rpc:10.1.0.210:36437|priority:0, 63487312-87aa-4652-9988-76e01a899b42|rpc:10.1.0.210:39059|priority:1, 62666bfa-5b48-4194-8431-0a6941154381|rpc:10.1.0.210:41785|priority:0], old=null
2022-09-30 13:40:49,563 [grpc-default-executor-1] INFO  server.RaftServer$Division (RaftServerImpl.java:requestVote(1152)) - 97e8c787-6023-4421-819a-0b5ced458c94@group-3F213833E1F5: receive requestVote(ELECTION, 63487312-87aa-4652-9988-76e01a899b42, group-3F213833E1F5, 4, (t:0, i:0))
2022-09-30 13:40:49,564 [grpc-default-executor-1] INFO  impl.VoteContext (VoteContext.java:log(48)) - 97e8c787-6023-4421-819a-0b5ced458c94@group-3F213833E1F5-FOLLOWER: accept ELECTION from 63487312-87aa-4652-9988-76e01a899b42: our priority 0 <= candidate's priority 1
2022-09-30 13:40:49,564 [grpc-default-executor-1] INFO  server.RaftServer$Division (RaftServerImpl.java:setRole(299)) - 97e8c787-6023-4421-819a-0b5ced458c94@group-3F213833E1F5: changes role from  FOLLOWER to FOLLOWER at term 4 for candidate:63487312-87aa-4652-9988-76e01a899b42
2022-09-30 13:40:49,564 [grpc-default-executor-1] INFO  impl.RoleInfo (RoleInfo.java:shutdownFollowerState(110)) - 97e8c787-6023-4421-819a-0b5ced458c94: shutdown 97e8c787-6023-4421-819a-0b5ced458c94@group-3F213833E1F5-FollowerState
2022-09-30 13:40:49,564 [grpc-default-executor-1] INFO  impl.RoleInfo (RoleInfo.java:updateAndGet(139)) - 97e8c787-6023-4421-819a-0b5ced458c94: start 97e8c787-6023-4421-819a-0b5ced458c94@group-3F213833E1F5-FollowerState
2022-09-30 13:40:49,564 [97e8c787-6023-4421-819a-0b5ced458c94@group-3F213833E1F5-FollowerState] INFO  impl.FollowerState (FollowerState.java:run(152)) - 97e8c787-6023-4421-819a-0b5ced458c94@group-3F213833E1F5-FollowerState was interrupted
2022-09-30 13:40:49,572 [grpc-default-executor-0] INFO  server.RaftServer$Division (RaftServerImpl.java:requestVote(1152)) - 62666bfa-5b48-4194-8431-0a6941154381@group-3F213833E1F5: receive requestVote(ELECTION, 63487312-87aa-4652-9988-76e01a899b42, group-3F213833E1F5, 4, (t:0, i:0))
2022-09-30 13:40:49,573 [grpc-default-executor-0] INFO  impl.VoteContext (VoteContext.java:log(48)) - 62666bfa-5b48-4194-8431-0a6941154381@group-3F213833E1F5-FOLLOWER: accept ELECTION from 63487312-87aa-4652-9988-76e01a899b42: our priority 0 <= candidate's priority 1
2022-09-30 13:40:49,573 [grpc-default-executor-0] INFO  server.RaftServer$Division (RaftServerImpl.java:setRole(299)) - 62666bfa-5b48-4194-8431-0a6941154381@group-3F213833E1F5: changes role from  FOLLOWER to FOLLOWER at term 4 for candidate:63487312-87aa-4652-9988-76e01a899b42
2022-09-30 13:40:49,573 [grpc-default-executor-0] INFO  impl.RoleInfo (RoleInfo.java:shutdownFollowerState(110)) - 62666bfa-5b48-4194-8431-0a6941154381: shutdown 62666bfa-5b48-4194-8431-0a6941154381@group-3F213833E1F5-FollowerState
2022-09-30 13:40:49,573 [grpc-default-executor-0] INFO  impl.RoleInfo (RoleInfo.java:updateAndGet(139)) - 62666bfa-5b48-4194-8431-0a6941154381: start 62666bfa-5b48-4194-8431-0a6941154381@group-3F213833E1F5-FollowerState
2022-09-30 13:40:49,573 [62666bfa-5b48-4194-8431-0a6941154381@group-3F213833E1F5-FollowerState] INFO  impl.FollowerState (FollowerState.java:run(152)) - 62666bfa-5b48-4194-8431-0a6941154381@group-3F213833E1F5-FollowerState was interrupted
2022-09-30 13:40:49,574 [grpc-default-executor-1] INFO  server.RaftServer$Division (RaftServerImpl.java:requestVote(1184)) - 97e8c787-6023-4421-819a-0b5ced458c94@group-3F213833E1F5 replies to ELECTION vote request: 63487312-87aa-4652-9988-76e01a899b42<-97e8c787-6023-4421-819a-0b5ced458c94#0:OK-t4. Peer's state: 97e8c787-6023-4421-819a-0b5ced458c94@group-3F213833E1F5:t4, leader=null, voted=63487312-87aa-4652-9988-76e01a899b42, raftlog=97e8c787-6023-4421-819a-0b5ced458c94@group-3F213833E1F5-SegmentedRaftLog:OPENED:c-1, conf=-1: [97e8c787-6023-4421-819a-0b5ced458c94|rpc:10.1.0.210:36437|dataStream:|priority:0, 63487312-87aa-4652-9988-76e01a899b42|rpc:10.1.0.210:39059|dataStream:|priority:1, 62666bfa-5b48-4194-8431-0a6941154381|rpc:10.1.0.210:41785|dataStream:|priority:0], old=null
2022-09-30 13:40:49,576 [grpc-default-executor-0] INFO  server.RaftServer$Division (RaftServerImpl.java:requestVote(1184)) - 62666bfa-5b48-4194-8431-0a6941154381@group-3F213833E1F5 replies to ELECTION vote request: 63487312-87aa-4652-9988-76e01a899b42<-62666bfa-5b48-4194-8431-0a6941154381#0:OK-t4. Peer's state: 62666bfa-5b48-4194-8431-0a6941154381@group-3F213833E1F5:t4, leader=null, voted=63487312-87aa-4652-9988-76e01a899b42, raftlog=62666bfa-5b48-4194-8431-0a6941154381@group-3F213833E1F5-SegmentedRaftLog:OPENED:c-1, conf=-1: [97e8c787-6023-4421-819a-0b5ced458c94|rpc:10.1.0.210:36437|priority:0, 63487312-87aa-4652-9988-76e01a899b42|rpc:10.1.0.210:39059|priority:1, 62666bfa-5b48-4194-8431-0a6941154381|rpc:10.1.0.210:41785|priority:0], old=null
2022-09-30 13:40:49,580 [63487312-87aa-4652-9988-76e01a899b42@group-3F213833E1F5-LeaderElection15] INFO  impl.LeaderElection (LeaderElection.java:logAndReturn(90)) - 63487312-87aa-4652-9988-76e01a899b42@group-3F213833E1F5-LeaderElection15: ELECTION PASSED received 1 response(s) and 0 exception(s):
2022-09-30 13:40:49,582 [63487312-87aa-4652-9988-76e01a899b42@group-3F213833E1F5-LeaderElection15] INFO  impl.LeaderElection (LeaderElection.java:logAndReturn(94)) -   Response 0: 63487312-87aa-4652-9988-76e01a899b42<-62666bfa-5b48-4194-8431-0a6941154381#0:OK-t4
2022-09-30 13:40:49,582 [63487312-87aa-4652-9988-76e01a899b42@group-3F213833E1F5-LeaderElection15] INFO  impl.LeaderElection (LeaderElection.java:askForVotes(312)) - 63487312-87aa-4652-9988-76e01a899b42@group-3F213833E1F5-LeaderElection15 ELECTION round 0: result PASSED
2022-09-30 13:40:49,582 [63487312-87aa-4652-9988-76e01a899b42@group-3F213833E1F5-LeaderElection15] INFO  impl.RoleInfo (RoleInfo.java:shutdownLeaderElection(130)) - 63487312-87aa-4652-9988-76e01a899b42: shutdown 63487312-87aa-4652-9988-76e01a899b42@group-3F213833E1F5-LeaderElection15
2022-09-30 13:40:49,582 [63487312-87aa-4652-9988-76e01a899b42@group-3F213833E1F5-LeaderElection15] INFO  server.RaftServer$Division (RaftServerImpl.java:setRole(299)) - 63487312-87aa-4652-9988-76e01a899b42@group-3F213833E1F5: changes role from CANDIDATE to LEADER at term 4 for changeToLeader
2022-09-30 13:40:49,582 [63487312-87aa-4652-9988-76e01a899b42@group-3F213833E1F5-LeaderElection15] INFO  ratis.XceiverServerRatis (XceiverServerRatis.java:handleLeaderChangedNotification(863)) - Leader change notification received for group: group-3F213833E1F5 with new leaderId: 63487312-87aa-4652-9988-76e01a899b42
2022-09-30 13:40:49,583 [63487312-87aa-4652-9988-76e01a899b42@group-3F213833E1F5-LeaderElection15] INFO  server.RaftServer$Division (ServerState.java:setLeader(287)) - 63487312-87aa-4652-9988-76e01a899b42@group-3F213833E1F5: change Leader from null to 63487312-87aa-4652-9988-76e01a899b42 at term 4 for becomeLeader, leader elected after 20106ms
2022-09-30 13:40:49,583 [63487312-87aa-4652-9988-76e01a899b42@group-3F213833E1F5-LeaderElection15] INFO  server.RaftServerConfigKeys (ConfUtils.java:logGet(46)) - raft.server.staging.catchup.gap = 1000 (default)
2022-09-30 13:40:49,585 [63487312-87aa-4652-9988-76e01a899b42@group-3F213833E1F5-LeaderElection15] INFO  server.RaftServerConfigKeys (ConfUtils.java:logGet(46)) - raft.server.write.element-limit = 1024 (custom)
2022-09-30 13:40:49,585 [63487312-87aa-4652-9988-76e01a899b42@group-3F213833E1F5-LeaderElection15] INFO  server.RaftServerConfigKeys (ConfUtils.java:logGet(46)) - raft.server.write.byte-limit = 1024 M (=1073741824) (custom)
2022-09-30 13:40:49,585 [63487312-87aa-4652-9988-76e01a899b42@group-3F213833E1F5-LeaderElection15] INFO  server.RaftServerConfigKeys (ConfUtils.java:logGet(46)) - raft.server.watch.timeout = 180s (custom)
2022-09-30 13:40:49,585 [63487312-87aa-4652-9988-76e01a899b42@group-3F213833E1F5-LeaderElection15] INFO  server.RaftServerConfigKeys (ConfUtils.java:logGet(46)) - raft.server.watch.timeout.denomination = 1s (default)
2022-09-30 13:40:49,585 [63487312-87aa-4652-9988-76e01a899b42@group-3F213833E1F5-LeaderElection15] INFO  server.RaftServerConfigKeys (ConfUtils.java:logGet(46)) - raft.server.watch.element-limit = 65536 (default)
2022-09-30 13:40:49,585 [63487312-87aa-4652-9988-76e01a899b42@group-3F213833E1F5-LeaderElection15] INFO  server.RaftServerConfigKeys (ConfUtils.java:logGet(46)) - raft.server.write.element-limit = 1024 (custom)
2022-09-30 13:40:49,585 [63487312-87aa-4652-9988-76e01a899b42@group-3F213833E1F5-LeaderElection15] INFO  server.RaftServerConfigKeys (ConfUtils.java:logGet(46)) - raft.server.write.follower.gap.ratio.max = -1.0 (default)
2022-09-30 13:40:49,589 [EventQueue-PipelineReportForPipelineReportHandler] INFO  pipeline.PipelineManagerImpl (PipelineManagerImpl.java:openPipeline(367)) - Pipeline Pipeline[ Id: 9504cae7-2c67-458d-bacc-3f213833e1f5, Nodes: 63487312-87aa-4652-9988-76e01a899b42{ip: 10.1.0.210, host: fv-az264-432.ca02foy5wcnuvlrvrz2wi3p2og.dx.internal.cloudapp.net, ports: [REPLICATION=33927, RATIS=39059, RATIS_ADMIN=39059, RATIS_SERVER=39059, STANDALONE=46255], networkLocation: /default-rack, certSerialId: null, persistedOpState: IN_SERVICE, persistedOpStateExpiryEpochSec: 0}97e8c787-6023-4421-819a-0b5ced458c94{ip: 10.1.0.210, host: fv-az264-432.ca02foy5wcnuvlrvrz2wi3p2og.dx.internal.cloudapp.net, ports: [REPLICATION=41907, RATIS=36437, RATIS_ADMIN=36437, RATIS_SERVER=36437, STANDALONE=34177], networkLocation: /default-rack, certSerialId: null, persistedOpState: IN_SERVICE, persistedOpStateExpiryEpochSec: 0}62666bfa-5b48-4194-8431-0a6941154381{ip: 10.1.0.210, host: fv-az264-432.ca02foy5wcnuvlrvrz2wi3p2og.dx.internal.cloudapp.net, ports: [REPLICATION=41651, RATIS=41785, RATIS_ADMIN=41785, RATIS_SERVER=41785, STANDALONE=43973], networkLocation: /default-rack, certSerialId: null, persistedOpState: IN_SERVICE, persistedOpStateExpiryEpochSec: 0}, ReplicationConfig: RATIS/THREE, State:ALLOCATED, leaderId:63487312-87aa-4652-9988-76e01a899b42, CreationTimestamp2022-09-30T13:40:26.830Z[Etc/UTC]] moved to OPEN state
2022-09-30 13:40:49,594 [EventQueue-OpenPipelineForHealthyPipelineSafeModeRule] INFO  safemode.SCMSafeModeManager (HealthyPipelineSafeModeRule.java:process(137)) - SCM in safe mode. Healthy pipelines reported count is 1, required healthy pipeline reported count is 1
2022-09-30 13:40:49,594 [EventQueue-OpenPipelineForHealthyPipelineSafeModeRule] INFO  safemode.SCMSafeModeManager (SCMSafeModeManager.java:validateSafeModeExitRules(204)) - HealthyPipelineSafeModeRule rule is successfully validated
2022-09-30 13:40:49,594 [EventQueue-OpenPipelineForHealthyPipelineSafeModeRule] INFO  safemode.SCMSafeModeManager (SCMSafeModeManager.java:validateSafeModeExitRules(219)) - ScmSafeModeManager, all rules are successfully validated
2022-09-30 13:40:49,594 [EventQueue-OpenPipelineForHealthyPipelineSafeModeRule] INFO  safemode.SCMSafeModeManager (SCMSafeModeManager.java:exitSafeMode(248)) - SCM exiting safe mode.
2022-09-30 13:40:49,594 [EventQueue-OpenPipelineForHealthyPipelineSafeModeRule] WARN  events.EventQueue (EventQueue.java:fireEvent(216)) - No event handler registered for event TypedEvent{payloadType=SafeModeStatus, name='Safe mode status'}
2022-09-30 13:40:49,594 [EventQueue-OpenPipelineForHealthyPipelineSafeModeRule] INFO  ha.SCMContext (SCMContext.java:updateSafeModeStatus(228)) - Update SafeModeStatus from SafeModeStatus{safeModeStatus=true, preCheckPassed=true} to SafeModeStatus{safeModeStatus=false, preCheckPassed=true}.
2022-09-30 13:40:49,594 [EventQueue-OpenPipelineForHealthyPipelineSafeModeRule] INFO  pipeline.BackgroundPipelineCreator (BackgroundPipelineCreator.java:notifyStatusChanged(254)) - Service BackgroundPipelineCreator transitions to RUNNING.
2022-09-30 13:40:49,595 [EventQueue-OpenPipelineForHealthyPipelineSafeModeRule] INFO  BackgroundPipelineScrubber (BackgroundSCMService.java:notifyStatusChanged(82)) - Service BackgroundPipelineScrubber transitions to RUNNING.
2022-09-30 13:40:49,595 [EventQueue-OpenPipelineForHealthyPipelineSafeModeRule] INFO  ExpiredContainerReplicaOpScrubber (BackgroundSCMService.java:notifyStatusChanged(82)) - Service ExpiredContainerReplicaOpScrubber transitions to RUNNING.
2022-09-30 13:40:49,595 [EventQueue-OpenPipelineForHealthyPipelineSafeModeRule] INFO  replication.ReplicationManager (ReplicationManager.java:notifyStatusChanged(728)) - Service ReplicationManager transitions to RUNNING.
2022-09-30 13:40:49,599 [EventQueue-OpenPipelineForHealthyPipelineSafeModeRule] WARN  balancer.ContainerBalancer (ContainerBalancer.java:shouldRun(936)) - Could not find persisted configuration for ContainerBalancer when checking if ContainerBalancer should run. ContainerBalancer should not run now.
2022-09-30 13:40:49,603 [63487312-87aa-4652-9988-76e01a899b42@group-3F213833E1F5-LeaderElection15] INFO  server.RaftServerConfigKeys (ConfUtils.java:logGet(46)) - raft.server.log.appender.snapshot.chunk.size.max = 16MB (=16777216) (default)
2022-09-30 13:40:49,604 [63487312-87aa-4652-9988-76e01a899b42@group-3F213833E1F5-LeaderElection15] INFO  server.RaftServerConfigKeys (ConfUtils.java:logGet(46)) - raft.server.log.appender.buffer.byte-limit = 33554432 (custom)
2022-09-30 13:40:49,604 [63487312-87aa-4652-9988-76e01a899b42@group-3F213833E1F5-LeaderElection15] INFO  server.RaftServerConfigKeys (ConfUtils.java:logGet(46)) - raft.server.log.appender.buffer.element-limit = 1 (custom)
2022-09-30 13:40:49,607 [63487312-87aa-4652-9988-76e01a899b42@group-3F213833E1F5-LeaderElection15] INFO  grpc.GrpcConfigKeys (ConfUtils.java:logGet(46)) - raft.grpc.server.leader.outstanding.appends.max = 128 (default)
2022-09-30 13:40:49,607 [63487312-87aa-4652-9988-76e01a899b42@group-3F213833E1F5-LeaderElection15] INFO  server.RaftServerConfigKeys (ConfUtils.java:logGet(46)) - raft.server.rpc.request.timeout = 60s (custom)
2022-09-30 13:40:49,607 [63487312-87aa-4652-9988-76e01a899b42@group-3F213833E1F5-LeaderElection15] INFO  server.RaftServerConfigKeys (ConfUtils.java:logGet(46)) - raft.server.log.appender.install.snapshot.enabled = false (custom)
2022-09-30 13:40:49,609 [63487312-87aa-4652-9988-76e01a899b42@group-3F213833E1F5-LeaderElection15] INFO  server.RaftServerConfigKeys (ConfUtils.java:logGet(46)) - raft.server.log.appender.snapshot.chunk.size.max = 16MB (=16777216) (default)
2022-09-30 13:40:49,609 [63487312-87aa-4652-9988-76e01a899b42@group-3F213833E1F5-LeaderElection15] INFO  server.RaftServerConfigKeys (ConfUtils.java:logGet(46)) - raft.server.log.appender.buffer.byte-limit = 33554432 (custom)
2022-09-30 13:40:49,609 [63487312-87aa-4652-9988-76e01a899b42@group-3F213833E1F5-LeaderElection15] INFO  server.RaftServerConfigKeys (ConfUtils.java:logGet(46)) - raft.server.log.appender.buffer.element-limit = 1 (custom)
2022-09-30 13:40:49,609 [63487312-87aa-4652-9988-76e01a899b42@group-3F213833E1F5-LeaderElection15] INFO  grpc.GrpcConfigKeys (ConfUtils.java:logGet(46)) - raft.grpc.server.leader.outstanding.appends.max = 128 (default)
2022-09-30 13:40:49,609 [63487312-87aa-4652-9988-76e01a899b42@group-3F213833E1F5-LeaderElection15] INFO  server.RaftServerConfigKeys (ConfUtils.java:logGet(46)) - raft.server.rpc.request.timeout = 60s (custom)
2022-09-30 13:40:49,609 [63487312-87aa-4652-9988-76e01a899b42@group-3F213833E1F5-LeaderElection15] INFO  server.RaftServerConfigKeys (ConfUtils.java:logGet(46)) - raft.server.log.appender.install.snapshot.enabled = false (custom)
2022-09-30 13:40:49,610 [63487312-87aa-4652-9988-76e01a899b42@group-3F213833E1F5-LeaderElection15] INFO  impl.RoleInfo (RoleInfo.java:updateAndGet(139)) - 63487312-87aa-4652-9988-76e01a899b42: start 63487312-87aa-4652-9988-76e01a899b42@group-3F213833E1F5-LeaderStateImpl
2022-09-30 13:40:49,611 [63487312-87aa-4652-9988-76e01a899b42@group-3F213833E1F5-LeaderElection15] INFO  segmented.SegmentedRaftLogWorker (SegmentedRaftLogWorker.java:startLogSegment(425)) - 63487312-87aa-4652-9988-76e01a899b42@group-3F213833E1F5-SegmentedRaftLogWorker: Starting segment from index:0
2022-09-30 13:40:49,617 [63487312-87aa-4652-9988-76e01a899b42@group-3F213833E1F5-LeaderElection15] INFO  server.RaftServer$Division (ServerState.java:setRaftConf(393)) - 63487312-87aa-4652-9988-76e01a899b42@group-3F213833E1F5: set configuration 0: [97e8c787-6023-4421-819a-0b5ced458c94|rpc:10.1.0.210:36437|dataStream:|priority:0, 63487312-87aa-4652-9988-76e01a899b42|rpc:10.1.0.210:39059|dataStream:|priority:1, 62666bfa-5b48-4194-8431-0a6941154381|rpc:10.1.0.210:41785|dataStream:|priority:0], old=null
2022-09-30 13:40:49,623 [63487312-87aa-4652-9988-76e01a899b42@group-3F213833E1F5-SegmentedRaftLogWorker] INFO  segmented.SegmentedRaftLogWorker (SegmentedRaftLogWorker.java:execute(629)) - 63487312-87aa-4652-9988-76e01a899b42@group-3F213833E1F5-SegmentedRaftLogWorker: created new log segment /home/runner/work/ozone/ozone/hadoop-ozone/integration-test/target/test-dir/MiniOzoneClusterImpl-8c4c252e-cda6-42f5-b80f-9d168f3e16cf/datanode-1/data/ratis/9504cae7-2c67-458d-bacc-3f213833e1f5/current/log_inprogress_0
2022-09-30 13:40:49,646 [62666bfa-5b48-4194-8431-0a6941154381-server-thread1] INFO  ratis.XceiverServerRatis (XceiverServerRatis.java:handleLeaderChangedNotification(863)) - Leader change notification received for group: group-3F213833E1F5 with new leaderId: 63487312-87aa-4652-9988-76e01a899b42
2022-09-30 13:40:49,647 [62666bfa-5b48-4194-8431-0a6941154381-server-thread1] INFO  server.RaftServer$Division (ServerState.java:setLeader(287)) - 62666bfa-5b48-4194-8431-0a6941154381@group-3F213833E1F5: change Leader from null to 63487312-87aa-4652-9988-76e01a899b42 at term 4 for appendEntries, leader elected after 20681ms
2022-09-30 13:40:49,664 [97e8c787-6023-4421-819a-0b5ced458c94-server-thread1] INFO  ratis.XceiverServerRatis (XceiverServerRatis.java:handleLeaderChangedNotification(863)) - Leader change notification received for group: group-3F213833E1F5 with new leaderId: 63487312-87aa-4652-9988-76e01a899b42
2022-09-30 13:40:49,664 [97e8c787-6023-4421-819a-0b5ced458c94-server-thread1] INFO  server.RaftServer$Division (ServerState.java:setLeader(287)) - 97e8c787-6023-4421-819a-0b5ced458c94@group-3F213833E1F5: change Leader from null to 63487312-87aa-4652-9988-76e01a899b42 at term 4 for appendEntries, leader elected after 19950ms
2022-09-30 13:40:49,674 [62666bfa-5b48-4194-8431-0a6941154381-server-thread1] INFO  server.RaftServer$Division (ServerState.java:setRaftConf(393)) - 62666bfa-5b48-4194-8431-0a6941154381@group-3F213833E1F5: set configuration 0: [97e8c787-6023-4421-819a-0b5ced458c94|rpc:10.1.0.210:36437|dataStream:|priority:0, 63487312-87aa-4652-9988-76e01a899b42|rpc:10.1.0.210:39059|dataStream:|priority:1, 62666bfa-5b48-4194-8431-0a6941154381|rpc:10.1.0.210:41785|dataStream:|priority:0], old=null
2022-09-30 13:40:49,675 [62666bfa-5b48-4194-8431-0a6941154381-server-thread1] INFO  segmented.SegmentedRaftLogWorker (SegmentedRaftLogWorker.java:startLogSegment(425)) - 62666bfa-5b48-4194-8431-0a6941154381@group-3F213833E1F5-SegmentedRaftLogWorker: Starting segment from index:0
2022-09-30 13:40:49,676 [97e8c787-6023-4421-819a-0b5ced458c94-server-thread1] INFO  server.RaftServer$Division (ServerState.java:setRaftConf(393)) - 97e8c787-6023-4421-819a-0b5ced458c94@group-3F213833E1F5: set configuration 0: [97e8c787-6023-4421-819a-0b5ced458c94|rpc:10.1.0.210:36437|dataStream:|priority:0, 63487312-87aa-4652-9988-76e01a899b42|rpc:10.1.0.210:39059|dataStream:|priority:1, 62666bfa-5b48-4194-8431-0a6941154381|rpc:10.1.0.210:41785|dataStream:|priority:0], old=null
2022-09-30 13:40:49,677 [62666bfa-5b48-4194-8431-0a6941154381@group-3F213833E1F5-SegmentedRaftLogWorker] INFO  segmented.SegmentedRaftLogWorker (SegmentedRaftLogWorker.java:execute(629)) - 62666bfa-5b48-4194-8431-0a6941154381@group-3F213833E1F5-SegmentedRaftLogWorker: created new log segment /home/runner/work/ozone/ozone/hadoop-ozone/integration-test/target/test-dir/MiniOzoneClusterImpl-8c4c252e-cda6-42f5-b80f-9d168f3e16cf/datanode-0/data/ratis/9504cae7-2c67-458d-bacc-3f213833e1f5/current/log_inprogress_0
2022-09-30 13:40:49,679 [97e8c787-6023-4421-819a-0b5ced458c94-server-thread1] INFO  segmented.SegmentedRaftLogWorker (SegmentedRaftLogWorker.java:startLogSegment(425)) - 97e8c787-6023-4421-819a-0b5ced458c94@group-3F213833E1F5-SegmentedRaftLogWorker: Starting segment from index:0
2022-09-30 13:40:49,681 [97e8c787-6023-4421-819a-0b5ced458c94@group-3F213833E1F5-SegmentedRaftLogWorker] INFO  segmented.SegmentedRaftLogWorker (SegmentedRaftLogWorker.java:execute(629)) - 97e8c787-6023-4421-819a-0b5ced458c94@group-3F213833E1F5-SegmentedRaftLogWorker: created new log segment /home/runner/work/ozone/ozone/hadoop-ozone/integration-test/target/test-dir/MiniOzoneClusterImpl-8c4c252e-cda6-42f5-b80f-9d168f3e16cf/datanode-2/data/ratis/9504cae7-2c67-458d-bacc-3f213833e1f5/current/log_inprogress_0
2022-09-30 13:40:49,983 [ReplicationMonitor] INFO  replication.ReplicationManager (ReplicationManager.java:processAll(291)) - Replication Manager is not ready to run until 3000ms after safemode exit
2022-09-30 13:40:50,516 [Listener at 127.0.0.1/46717] INFO  ozone.MiniOzoneClusterImpl (MiniOzoneClusterImpl.java:lambda$waitForClusterToBeReady$0(216)) - Nodes are ready. Got 7 of 7 DN Heartbeats.
2022-09-30 13:40:50,516 [Listener at 127.0.0.1/46717] INFO  ozone.MiniOzoneClusterImpl (MiniOzoneClusterImpl.java:lambda$waitForClusterToBeReady$0(219)) - Cluster exits safe mode
2022-09-30 13:40:50,516 [Listener at 127.0.0.1/46717] INFO  ozone.MiniOzoneClusterImpl (MiniOzoneClusterImpl.java:lambda$waitForClusterToBeReady$0(221)) - SCM became leader
2022-09-30 13:40:50,541 [Listener at 127.0.0.1/46717] WARN  server.ServerUtils (ServerUtils.java:getScmDbDir(148)) - ozone.scm.db.dirs is not configured. We recommend adding this setting. Falling back to ozone.metadata.dirs instead.
2022-09-30 13:40:50,544 [Listener at 127.0.0.1/46717] WARN  server.ServerUtils (ServerUtils.java:getScmDbDir(148)) - ozone.scm.db.dirs is not configured. We recommend adding this setting. Falling back to ozone.metadata.dirs instead.
2022-09-30 13:40:50,545 [Listener at 127.0.0.1/46717] INFO  ha.SCMHANodeDetails (SCMHANodeDetails.java:loadSCMHAConfig(209)) - ServiceID for StorageContainerManager is null
2022-09-30 13:40:50,545 [Listener at 127.0.0.1/46717] INFO  ha.SCMHANodeDetails (SCMHANodeDetails.java:loadSCMHAConfig(214)) - ozone.scm.default.service.id is not defined, falling back to ozone.scm.service.ids to find serviceID for StorageContainerManager if it is HA enabled cluster
2022-09-30 13:40:50,549 [Listener at 127.0.0.1/46717] WARN  utils.HAUtils (HAUtils.java:getMetaDir(342)) - ozone.scm.db.dirs is not configured. We recommend adding this setting. Falling back to ozone.metadata.dirs instead.
2022-09-30 13:40:50,549 [Listener at 127.0.0.1/46717] WARN  db.DBStoreBuilder (DBStoreBuilder.java:applyDBDefinition(144)) - ozone.scm.db.dirs is not configured. We recommend adding this setting. Falling back to ozone.metadata.dirs instead.
2022-09-30 13:40:50,738 [542c7706-6f03-4002-aadb-418c9fc9cb26@group-421C2E2EB869-FollowerState] INFO  impl.FollowerState (FollowerState.java:run(143)) - 542c7706-6f03-4002-aadb-418c9fc9cb26@group-421C2E2EB869-FollowerState: change to CANDIDATE, lastRpcElapsedTime:5054373157ns, electionTimeout:5054ms
2022-09-30 13:40:50,738 [542c7706-6f03-4002-aadb-418c9fc9cb26@group-421C2E2EB869-FollowerState] INFO  impl.RoleInfo (RoleInfo.java:shutdownFollowerState(110)) - 542c7706-6f03-4002-aadb-418c9fc9cb26: shutdown 542c7706-6f03-4002-aadb-418c9fc9cb26@group-421C2E2EB869-FollowerState
2022-09-30 13:40:50,738 [542c7706-6f03-4002-aadb-418c9fc9cb26@group-421C2E2EB869-FollowerState] INFO  server.RaftServer$Division (RaftServerImpl.java:setRole(299)) - 542c7706-6f03-4002-aadb-418c9fc9cb26@group-421C2E2EB869: changes role from  FOLLOWER to CANDIDATE at term 3 for changeToCandidate
2022-09-30 13:40:50,738 [542c7706-6f03-4002-aadb-418c9fc9cb26@group-421C2E2EB869-FollowerState] INFO  server.RaftServerConfigKeys (ConfUtils.java:logGet(46)) - raft.server.leaderelection.pre-vote = false (custom)
2022-09-30 13:40:50,738 [542c7706-6f03-4002-aadb-418c9fc9cb26@group-421C2E2EB869-FollowerState] INFO  impl.RoleInfo (RoleInfo.java:updateAndGet(139)) - 542c7706-6f03-4002-aadb-418c9fc9cb26: start 542c7706-6f03-4002-aadb-418c9fc9cb26@group-421C2E2EB869-LeaderElection16
2022-09-30 13:40:50,747 [542c7706-6f03-4002-aadb-418c9fc9cb26@group-421C2E2EB869-LeaderElection16] INFO  impl.LeaderElection (LeaderElection.java:askForVotes(310)) - 542c7706-6f03-4002-aadb-418c9fc9cb26@group-421C2E2EB869-LeaderElection16 ELECTION round 0: submit vote requests at term 4 for -1: [542c7706-6f03-4002-aadb-418c9fc9cb26|rpc:10.1.0.210:37931|priority:0, 43811407-7c21-4fcd-ab69-dbd9b60ed504|rpc:10.1.0.210:42941|priority:1, c604563f-8b94-483f-a354-2ed29e633e80|rpc:10.1.0.210:36125|priority:0], old=null
2022-09-30 13:40:50,749 [Listener at 127.0.0.1/46717] INFO  net.NodeSchemaLoader (NodeSchemaLoader.java:loadSchemaFromFile(129)) - Loading schema from [jar:file:/home/runner/.m2/repository/org/apache/ozone/hdds-common/1.3.0-SNAPSHOT/hdds-common-1.3.0-SNAPSHOT.jar!/network-topology-default.xml]
2022-09-30 13:40:50,749 [Listener at 127.0.0.1/46717] INFO  net.NodeSchemaLoader (NodeSchemaLoader.java:loadSchema(176)) - Loading network topology layer schema file
2022-09-30 13:40:50,761 [Listener at 127.0.0.1/46717] WARN  impl.MetricRegistriesImpl (MetricRegistriesImpl.java:addReporterRegistration(111)) - New reporters are added after registries were created. Some metrics will be missing from the reporter. Please add reporter before adding any new registry.
2022-09-30 13:40:50,761 [Listener at 127.0.0.1/46717] WARN  impl.MetricRegistriesImpl (MetricRegistriesImpl.java:addReporterRegistration(111)) - New reporters are added after registries were created. Some metrics will be missing from the reporter. Please add reporter before adding any new registry.
2022-09-30 13:40:50,761 [Listener at 127.0.0.1/46717] INFO  upgrade.AbstractLayoutVersionManager (AbstractLayoutVersionManager.java:init(83)) - Initializing Layout version manager with metadata layout = DATANODE_SCHEMA_V3 (version = 4), software layout = DATANODE_SCHEMA_V3 (version = 4)
2022-09-30 13:40:50,772 [grpc-default-executor-2] INFO  server.RaftServer$Division (RaftServerImpl.java:requestVote(1152)) - 43811407-7c21-4fcd-ab69-dbd9b60ed504@group-421C2E2EB869: receive requestVote(ELECTION, 542c7706-6f03-4002-aadb-418c9fc9cb26, group-421C2E2EB869, 4, (t:0, i:0))
2022-09-30 13:40:50,776 [grpc-default-executor-0] INFO  server.RaftServer$Division (RaftServerImpl.java:requestVote(1152)) - c604563f-8b94-483f-a354-2ed29e633e80@group-421C2E2EB869: receive requestVote(ELECTION, 542c7706-6f03-4002-aadb-418c9fc9cb26, group-421C2E2EB869, 4, (t:0, i:0))
2022-09-30 13:40:50,772 [43811407-7c21-4fcd-ab69-dbd9b60ed504@group-421C2E2EB869-FollowerState] INFO  impl.FollowerState (FollowerState.java:run(143)) - 43811407-7c21-4fcd-ab69-dbd9b60ed504@group-421C2E2EB869-FollowerState: change to CANDIDATE, lastRpcElapsedTime:5098540695ns, electionTimeout:5094ms
2022-09-30 13:40:50,776 [grpc-default-executor-0] INFO  impl.VoteContext (VoteContext.java:log(48)) - c604563f-8b94-483f-a354-2ed29e633e80@group-421C2E2EB869-FOLLOWER: accept ELECTION from 542c7706-6f03-4002-aadb-418c9fc9cb26: our priority 0 <= candidate's priority 0
2022-09-30 13:40:50,776 [grpc-default-executor-0] INFO  server.RaftServer$Division (RaftServerImpl.java:setRole(299)) - c604563f-8b94-483f-a354-2ed29e633e80@group-421C2E2EB869: changes role from  FOLLOWER to FOLLOWER at term 4 for candidate:542c7706-6f03-4002-aadb-418c9fc9cb26
2022-09-30 13:40:50,776 [grpc-default-executor-0] INFO  impl.RoleInfo (RoleInfo.java:shutdownFollowerState(110)) - c604563f-8b94-483f-a354-2ed29e633e80: shutdown c604563f-8b94-483f-a354-2ed29e633e80@group-421C2E2EB869-FollowerState
2022-09-30 13:40:50,776 [43811407-7c21-4fcd-ab69-dbd9b60ed504@group-421C2E2EB869-FollowerState] INFO  impl.RoleInfo (RoleInfo.java:shutdownFollowerState(110)) - 43811407-7c21-4fcd-ab69-dbd9b60ed504: shutdown 43811407-7c21-4fcd-ab69-dbd9b60ed504@group-421C2E2EB869-FollowerState
2022-09-30 13:40:50,776 [grpc-default-executor-0] INFO  impl.RoleInfo (RoleInfo.java:updateAndGet(139)) - c604563f-8b94-483f-a354-2ed29e633e80: start c604563f-8b94-483f-a354-2ed29e633e80@group-421C2E2EB869-FollowerState
2022-09-30 13:40:50,776 [c604563f-8b94-483f-a354-2ed29e633e80@group-421C2E2EB869-FollowerState] INFO  impl.FollowerState (FollowerState.java:run(152)) - c604563f-8b94-483f-a354-2ed29e633e80@group-421C2E2EB869-FollowerState was interrupted
2022-09-30 13:40:50,776 [43811407-7c21-4fcd-ab69-dbd9b60ed504@group-421C2E2EB869-FollowerState] INFO  server.RaftServer$Division (RaftServerImpl.java:setRole(299)) - 43811407-7c21-4fcd-ab69-dbd9b60ed504@group-421C2E2EB869: changes role from  FOLLOWER to CANDIDATE at term 3 for changeToCandidate
2022-09-30 13:40:50,778 [grpc-default-executor-0] INFO  server.RaftServer$Division (RaftServerImpl.java:requestVote(1184)) - c604563f-8b94-483f-a354-2ed29e633e80@group-421C2E2EB869 replies to ELECTION vote request: 542c7706-6f03-4002-aadb-418c9fc9cb26<-c604563f-8b94-483f-a354-2ed29e633e80#0:OK-t4. Peer's state: c604563f-8b94-483f-a354-2ed29e633e80@group-421C2E2EB869:t4, leader=null, voted=542c7706-6f03-4002-aadb-418c9fc9cb26, raftlog=c604563f-8b94-483f-a354-2ed29e633e80@group-421C2E2EB869-SegmentedRaftLog:OPENED:c-1, conf=-1: [542c7706-6f03-4002-aadb-418c9fc9cb26|rpc:10.1.0.210:37931|dataStream:|priority:0, 43811407-7c21-4fcd-ab69-dbd9b60ed504|rpc:10.1.0.210:42941|dataStream:|priority:1, c604563f-8b94-483f-a354-2ed29e633e80|rpc:10.1.0.210:36125|dataStream:|priority:0], old=null
2022-09-30 13:40:50,784 [43811407-7c21-4fcd-ab69-dbd9b60ed504@group-421C2E2EB869-FollowerState] INFO  server.RaftServerConfigKeys (ConfUtils.java:logGet(46)) - raft.server.leaderelection.pre-vote = false (custom)
2022-09-30 13:40:50,784 [43811407-7c21-4fcd-ab69-dbd9b60ed504@group-421C2E2EB869-FollowerState] INFO  impl.RoleInfo (RoleInfo.java:updateAndGet(139)) - 43811407-7c21-4fcd-ab69-dbd9b60ed504: start 43811407-7c21-4fcd-ab69-dbd9b60ed504@group-421C2E2EB869-LeaderElection17
2022-09-30 13:40:50,788 [grpc-default-executor-2] INFO  impl.VoteContext (VoteContext.java:log(48)) - 43811407-7c21-4fcd-ab69-dbd9b60ed504@group-421C2E2EB869-CANDIDATE: reject ELECTION from 542c7706-6f03-4002-aadb-418c9fc9cb26: our priority 1 > candidate's priority 0
2022-09-30 13:40:50,788 [grpc-default-executor-2] INFO  server.RaftServer$Division (RaftServerImpl.java:setRole(299)) - 43811407-7c21-4fcd-ab69-dbd9b60ed504@group-421C2E2EB869: changes role from CANDIDATE to FOLLOWER at term 4 for candidate:542c7706-6f03-4002-aadb-418c9fc9cb26
2022-09-30 13:40:50,788 [grpc-default-executor-2] INFO  impl.RoleInfo (RoleInfo.java:shutdownLeaderElection(130)) - 43811407-7c21-4fcd-ab69-dbd9b60ed504: shutdown 43811407-7c21-4fcd-ab69-dbd9b60ed504@group-421C2E2EB869-LeaderElection17
2022-09-30 13:40:50,788 [grpc-default-executor-2] INFO  impl.RoleInfo (RoleInfo.java:updateAndGet(139)) - 43811407-7c21-4fcd-ab69-dbd9b60ed504: start 43811407-7c21-4fcd-ab69-dbd9b60ed504@group-421C2E2EB869-FollowerState
2022-09-30 13:40:50,790 [grpc-default-executor-2] INFO  server.RaftServer$Division (RaftServerImpl.java:requestVote(1184)) - 43811407-7c21-4fcd-ab69-dbd9b60ed504@group-421C2E2EB869 replies to ELECTION vote request: 542c7706-6f03-4002-aadb-418c9fc9cb26<-43811407-7c21-4fcd-ab69-dbd9b60ed504#0:FAIL-t4. Peer's state: 43811407-7c21-4fcd-ab69-dbd9b60ed504@group-421C2E2EB869:t4, leader=null, voted=null, raftlog=43811407-7c21-4fcd-ab69-dbd9b60ed504@group-421C2E2EB869-SegmentedRaftLog:OPENED:c-1, conf=-1: [542c7706-6f03-4002-aadb-418c9fc9cb26|rpc:10.1.0.210:37931|dataStream:|priority:0, 43811407-7c21-4fcd-ab69-dbd9b60ed504|rpc:10.1.0.210:42941|dataStream:|priority:1, c604563f-8b94-483f-a354-2ed29e633e80|rpc:10.1.0.210:36125|dataStream:|priority:0], old=null
2022-09-30 13:40:50,791 [542c7706-6f03-4002-aadb-418c9fc9cb26@group-421C2E2EB869-LeaderElection16] INFO  impl.LeaderElection (LeaderElection.java:logAndReturn(90)) - 542c7706-6f03-4002-aadb-418c9fc9cb26@group-421C2E2EB869-LeaderElection16: ELECTION REJECTED received 1 response(s) and 0 exception(s):
2022-09-30 13:40:50,791 [542c7706-6f03-4002-aadb-418c9fc9cb26@group-421C2E2EB869-LeaderElection16] INFO  impl.LeaderElection (LeaderElection.java:logAndReturn(94)) -   Response 0: 542c7706-6f03-4002-aadb-418c9fc9cb26<-43811407-7c21-4fcd-ab69-dbd9b60ed504#0:FAIL-t4
2022-09-30 13:40:50,792 [542c7706-6f03-4002-aadb-418c9fc9cb26@group-421C2E2EB869-LeaderElection16] INFO  impl.LeaderElection (LeaderElection.java:askForVotes(312)) - 542c7706-6f03-4002-aadb-418c9fc9cb26@group-421C2E2EB869-LeaderElection16 ELECTION round 0: result REJECTED
2022-09-30 13:40:50,792 [542c7706-6f03-4002-aadb-418c9fc9cb26@group-421C2E2EB869-LeaderElection16] INFO  server.RaftServer$Division (RaftServerImpl.java:setRole(299)) - 542c7706-6f03-4002-aadb-418c9fc9cb26@group-421C2E2EB869: changes role from CANDIDATE to FOLLOWER at term 4 for REJECTED
2022-09-30 13:40:50,792 [542c7706-6f03-4002-aadb-418c9fc9cb26@group-421C2E2EB869-LeaderElection16] INFO  impl.RoleInfo (RoleInfo.java:shutdownLeaderElection(130)) - 542c7706-6f03-4002-aadb-418c9fc9cb26: shutdown 542c7706-6f03-4002-aadb-418c9fc9cb26@group-421C2E2EB869-LeaderElection16
2022-09-30 13:40:50,792 [542c7706-6f03-4002-aadb-418c9fc9cb26@group-421C2E2EB869-LeaderElection16] INFO  impl.RoleInfo (RoleInfo.java:updateAndGet(139)) - 542c7706-6f03-4002-aadb-418c9fc9cb26: start 542c7706-6f03-4002-aadb-418c9fc9cb26@group-421C2E2EB869-FollowerState
2022-09-30 13:40:50,894 [Listener at 127.0.0.1/46717] INFO  reflections.Reflections (Reflections.java:scan(232)) - Reflections took 132 ms to scan 7 urls, producing 135 keys and 327 values 
2022-09-30 13:40:50,904 [Listener at 127.0.0.1/46717] INFO  ha.SequenceIdGenerator (SequenceIdGenerator.java:upgradeToSequenceId(349)) - upgrade localId to 109611004723200000
2022-09-30 13:40:50,904 [Listener at 127.0.0.1/46717] INFO  ha.SequenceIdGenerator (SequenceIdGenerator.java:upgradeToSequenceId(359)) - upgrade delTxnId to 0
2022-09-30 13:40:50,905 [Listener at 127.0.0.1/46717] INFO  ha.SequenceIdGenerator (SequenceIdGenerator.java:upgradeToSequenceId(376)) - upgrade containerId to 0
2022-09-30 13:40:50,905 [Listener at 127.0.0.1/46717] INFO  ha.SequenceIdGenerator (SequenceIdGenerator.java:<init>(220)) - Init the HA SequenceIdGenerator.
2022-09-30 13:40:50,906 [Listener at 127.0.0.1/46717] INFO  node.SCMNodeManager (SCMNodeManager.java:<init>(149)) - Entering startup safe mode.
2022-09-30 13:40:50,907 [Listener at 127.0.0.1/46717] INFO  algorithms.ContainerPlacementPolicyFactory (ContainerPlacementPolicyFactory.java:getPolicyInternal(86)) - Create container placement policy of type org.apache.hadoop.hdds.scm.container.placement.algorithms.SCMContainerPlacementRandom
2022-09-30 13:40:50,907 [Listener at 127.0.0.1/46717] INFO  algorithms.ContainerPlacementPolicyFactory (ContainerPlacementPolicyFactory.java:getPolicyInternal(86)) - Create container placement policy of type org.apache.hadoop.hdds.scm.container.placement.algorithms.SCMContainerPlacementRackScatter
2022-09-30 13:40:50,907 [Listener at 127.0.0.1/46717] INFO  pipeline.PipelineStateManagerImpl (PipelineStateManagerImpl.java:initialize(78)) - No pipeline exists in current db
2022-09-30 13:40:50,907 [Listener at 127.0.0.1/46717] INFO  algorithms.LeaderChoosePolicyFactory (LeaderChoosePolicyFactory.java:getPolicy(57)) - Create leader choose policy of type org.apache.hadoop.hdds.scm.pipeline.leader.choose.algorithms.MinLeaderCountChoosePolicy
2022-09-30 13:40:50,908 [Listener at 127.0.0.1/46717] INFO  algorithms.ContainerPlacementPolicyFactory (ContainerPlacementPolicyFactory.java:getPolicyInternal(86)) - Create container placement policy of type org.apache.hadoop.hdds.scm.container.placement.algorithms.SCMContainerPlacementRackScatter
2022-09-30 13:40:50,908 [Listener at 127.0.0.1/46717] INFO  ha.SCMServiceManager (SCMServiceManager.java:register(42)) - Registering service BackgroundPipelineCreator.
2022-09-30 13:40:50,908 [Listener at 127.0.0.1/46717] INFO  pipeline.BackgroundPipelineCreator (BackgroundPipelineCreator.java:start(124)) - Starting RatisPipelineUtilsThread.
2022-09-30 13:40:50,908 [Listener at 127.0.0.1/46717] INFO  BackgroundPipelineScrubber (BackgroundSCMService.java:start(68)) - Starting BackgroundPipelineScrubber Service.
2022-09-30 13:40:50,908 [Listener at 127.0.0.1/46717] INFO  ha.SCMServiceManager (SCMServiceManager.java:register(42)) - Registering service BackgroundPipelineScrubber.
2022-09-30 13:40:50,909 [Listener at 127.0.0.1/46717] INFO  ExpiredContainerReplicaOpScrubber (BackgroundSCMService.java:start(68)) - Starting ExpiredContainerReplicaOpScrubber Service.
2022-09-30 13:40:50,910 [Listener at 127.0.0.1/46717] INFO  ha.SCMServiceManager (SCMServiceManager.java:register(42)) - Registering service ExpiredContainerReplicaOpScrubber.
2022-09-30 13:40:50,912 [Listener at 127.0.0.1/46717] INFO  algorithms.PipelineChoosePolicyFactory (PipelineChoosePolicyFactory.java:createPipelineChoosePolicyFromClass(73)) - Create pipeline choose policy of type org.apache.hadoop.hdds.scm.pipeline.choose.algorithms.RandomPipelineChoosePolicy
2022-09-30 13:40:50,913 [Listener at 127.0.0.1/46717] INFO  ha.SCMServiceManager (SCMServiceManager.java:register(42)) - Registering service SCMBlockDeletingService.
2022-09-30 13:40:50,915 [Listener at 127.0.0.1/46717] INFO  replication.ReplicationManager (ReplicationManager.java:start(223)) - Starting Replication Monitor Thread.
2022-09-30 13:40:50,919 [Listener at 127.0.0.1/46717] INFO  ha.SCMServiceManager (SCMServiceManager.java:register(42)) - Registering service ReplicationManager.
2022-09-30 13:40:50,920 [Listener at 127.0.0.1/46717] INFO  safemode.ContainerSafeModeRule (ContainerSafeModeRule.java:<init>(89)) - containers with one replica threshold count 0
2022-09-30 13:40:50,920 [Listener at 127.0.0.1/46717] INFO  safemode.HealthyPipelineSafeModeRule (HealthyPipelineSafeModeRule.java:initializeRule(169)) - Total pipeline count is 0, healthy pipeline threshold count is 1
2022-09-30 13:40:50,921 [Listener at 127.0.0.1/46717] INFO  safemode.OneReplicaPipelineSafeModeRule (OneReplicaPipelineSafeModeRule.java:initializeRule(180)) - Total pipeline count is 0, pipeline's with at least one datanode reported threshold count is 0
2022-09-30 13:40:50,921 [ReplicationMonitor] INFO  replication.ReplicationManager (ReplicationManager.java:processAll(291)) - Replication Manager is not ready to run until 3000ms after safemode exit
2022-09-30 13:40:50,922 [Listener at 127.0.0.1/46717] INFO  ipc.CallQueueManager (CallQueueManager.java:<init>(90)) - Using callQueue: class java.util.concurrent.LinkedBlockingQueue, queueCapacity: 2000, scheduler: class org.apache.hadoop.ipc.DefaultRpcScheduler, ipcBackoff: false.
2022-09-30 13:40:50,924 [Socket Reader #1 for port 0] INFO  ipc.Server (Server.java:run(1265)) - Starting Socket Reader #1 for port 0
2022-09-30 13:40:50,925 [Listener at 0.0.0.0/42473] INFO  ipc.CallQueueManager (CallQueueManager.java:<init>(90)) - Using callQueue: class java.util.concurrent.LinkedBlockingQueue, queueCapacity: 2000, scheduler: class org.apache.hadoop.ipc.DefaultRpcScheduler, ipcBackoff: false.
2022-09-30 13:40:50,927 [Socket Reader #1 for port 0] INFO  ipc.Server (Server.java:run(1265)) - Starting Socket Reader #1 for port 0
2022-09-30 13:40:50,928 [Listener at 0.0.0.0/43829] INFO  ipc.CallQueueManager (CallQueueManager.java:<init>(90)) - Using callQueue: class java.util.concurrent.LinkedBlockingQueue, queueCapacity: 2000, scheduler: class org.apache.hadoop.ipc.DefaultRpcScheduler, ipcBackoff: false.
2022-09-30 13:40:50,929 [Socket Reader #1 for port 0] INFO  ipc.Server (Server.java:run(1265)) - Starting Socket Reader #1 for port 0
2022-09-30 13:40:50,983 [ReplicationMonitor] INFO  replication.ReplicationManager (ReplicationManager.java:processAll(291)) - Replication Manager is not ready to run until 3000ms after safemode exit
2022-09-30 13:40:50,987 [Listener at 0.0.0.0/33337] INFO  ha.SCMServiceManager (SCMServiceManager.java:register(42)) - Registering service ContainerBalancer.
2022-09-30 13:40:50,988 [Listener at 0.0.0.0/33337] INFO  server.StorageContainerManager (StorageContainerManager.java:<init>(410)) - 
Container Balancer status:
Key                            Value
Running                        false
Container Balancer Configuration values:
Key                                                Value
Threshold                                          10
Max Datanodes to Involve per Iteration(percent)    20
Max Size to Move per Iteration                     500GB
Max Size Entering Target per Iteration             26GB
Max Size Leaving Source per Iteration              26GB

2022-09-30 13:40:50,988 [Listener at 0.0.0.0/33337] WARN  events.EventQueue (EventQueue.java:fireEvent(216)) - No event handler registered for event TypedEvent{payloadType=SafeModeStatus, name='Safe mode status'}
2022-09-30 13:40:50,988 [Listener at 0.0.0.0/33337] INFO  ha.SCMContext (SCMContext.java:updateSafeModeStatus(228)) - Update SafeModeStatus from SafeModeStatus{safeModeStatus=true, preCheckPassed=false} to SafeModeStatus{safeModeStatus=true, preCheckPassed=false}.
2022-09-30 13:40:50,989 [Listener at 0.0.0.0/33337] INFO  server.StorageContainerManager (StorageContainerManager.java:start(1436)) - StorageContainerLocationProtocol RPC server is listening at /0.0.0.0:33337
2022-09-30 13:40:50,989 [Listener at 0.0.0.0/33337] INFO  impl.MetricsSystemImpl (MetricsSystemImpl.java:init(158)) - StorageContainerManager metrics system started (again)
2022-09-30 13:40:51,020 [Listener at 0.0.0.0/33337] INFO  server.SCMClientProtocolServer (SCMClientProtocolServer.java:start(170)) - RPC server for Client  is listening at /0.0.0.0:33337
2022-09-30 13:40:51,028 [IPC Server listener on 0] INFO  ipc.Server (Server.java:run(1344)) - IPC Server listener on 0: starting
2022-09-30 13:40:51,033 [IPC Server Responder] INFO  ipc.Server (Server.java:run(1507)) - IPC Server Responder: starting
2022-09-30 13:40:51,065 [Listener at 0.0.0.0/33337] INFO  server.StorageContainerManager (StorageContainerManager.java:start(1451)) - ScmBlockLocationProtocol RPC server is listening at /0.0.0.0:43829
2022-09-30 13:40:51,066 [Listener at 0.0.0.0/33337] INFO  server.SCMBlockProtocolServer (SCMBlockProtocolServer.java:start(152)) - RPC server for Block Protocol is listening at /0.0.0.0:43829
2022-09-30 13:40:51,066 [IPC Server Responder] INFO  ipc.Server (Server.java:run(1507)) - IPC Server Responder: starting
2022-09-30 13:40:51,066 [IPC Server listener on 0] INFO  ipc.Server (Server.java:run(1344)) - IPC Server listener on 0: starting
2022-09-30 13:40:51,069 [Listener at 0.0.0.0/33337] INFO  server.SCMDatanodeProtocolServer (SCMDatanodeProtocolServer.java:start(186)) - ScmDatanodeProtocol RPC server for DataNodes is listening at /0.0.0.0:42473
2022-09-30 13:40:51,070 [IPC Server Responder] INFO  ipc.Server (Server.java:run(1507)) - IPC Server Responder: starting
2022-09-30 13:40:51,070 [IPC Server listener on 0] INFO  ipc.Server (Server.java:run(1344)) - IPC Server listener on 0: starting
2022-09-30 13:40:51,078 [Listener at 0.0.0.0/33337] INFO  http.BaseHttpServer (BaseHttpServer.java:newHttpServer2BuilderForOzone(213)) - Starting Web-server for scm at: http://0.0.0.0:0
2022-09-30 13:40:51,078 [Listener at 0.0.0.0/33337] INFO  http.BaseHttpServer (BaseHttpServer.java:<init>(108)) - Hadoop Security Enabled: false Ozone Security Enabled: false Ozone HTTP Security Enabled: false 
2022-09-30 13:40:51,080 [Listener at 0.0.0.0/33337] INFO  server.AuthenticationFilter (AuthenticationFilter.java:constructSecretProvider(240)) - Unable to initialize FileSignerSecretProvider, falling back to use random secrets.
2022-09-30 13:40:51,080 [Listener at 0.0.0.0/33337] WARN  http.HttpRequestLog (HttpRequestLog.java:getRequestLog(103)) - Jetty request log can only be enabled using Log4j
2022-09-30 13:40:51,080 [org.apache.hadoop.util.JvmPauseMonitor$Monitor@4d410ff3] INFO  util.JvmPauseMonitor (JvmPauseMonitor.java:run(188)) - Starting JVM pause monitor
2022-09-30 13:40:51,082 [Listener at 0.0.0.0/33337] INFO  http.HttpServer2 (HttpServer2.java:addGlobalFilter(1029)) - Added global filter 'safety' (class=org.apache.hadoop.hdds.server.http.HttpServer2$QuotingInputFilter)
2022-09-30 13:40:51,084 [Listener at 0.0.0.0/33337] INFO  http.HttpServer2 (HttpServer2.java:addFilter(1005)) - Added filter static_user_filter (class=org.apache.hadoop.http.lib.StaticUserWebFilter$StaticUserFilter) to context scm
2022-09-30 13:40:51,084 [Listener at 0.0.0.0/33337] INFO  http.HttpServer2 (HttpServer2.java:addFilter(1013)) - Added filter static_user_filter (class=org.apache.hadoop.http.lib.StaticUserWebFilter$StaticUserFilter) to context logs
2022-09-30 13:40:51,084 [Listener at 0.0.0.0/33337] INFO  http.HttpServer2 (HttpServer2.java:addFilter(1013)) - Added filter static_user_filter (class=org.apache.hadoop.http.lib.StaticUserWebFilter$StaticUserFilter) to context static
2022-09-30 13:40:51,085 [Listener at 0.0.0.0/33337] INFO  http.HttpServer2 (HttpServer2.java:bindListener(1248)) - Jetty bound to port 46107
2022-09-30 13:40:51,085 [Listener at 0.0.0.0/33337] INFO  server.Server (Server.java:doStart(375)) - jetty-9.4.43.v20210629; built: 2021-06-30T11:07:22.254Z; git: 526006ecfa3af7f1a27ef3a288e2bef7ea9dd7e8; jvm 1.8.0_345-b01
2022-09-30 13:40:51,089 [Listener at 0.0.0.0/33337] INFO  server.session (DefaultSessionIdManager.java:doStart(334)) - DefaultSessionIdManager workerName=node0
2022-09-30 13:40:51,089 [Listener at 0.0.0.0/33337] INFO  server.session (DefaultSessionIdManager.java:doStart(339)) - No SessionScavenger set, using defaults
2022-09-30 13:40:51,089 [Listener at 0.0.0.0/33337] INFO  server.session (HouseKeeper.java:startScavenging(132)) - node0 Scavenging every 600000ms
2022-09-30 13:40:51,091 [Listener at 0.0.0.0/33337] INFO  handler.ContextHandler (ContextHandler.java:doStart(915)) - Started o.e.j.s.ServletContextHandler@4ff2d145{logs,/logs,file:///home/runner/work/ozone/ozone/hadoop-ozone/integration-test/target/log,AVAILABLE}
2022-09-30 13:40:51,091 [Listener at 0.0.0.0/33337] INFO  handler.ContextHandler (ContextHandler.java:doStart(915)) - Started o.e.j.s.ServletContextHandler@6c143c2a{static,/static,file:///home/runner/work/ozone/ozone/hadoop-ozone/integration-test/target/test-classes/webapps/static,AVAILABLE}
2022-09-30 13:40:51,102 [Listener at 0.0.0.0/33337] INFO  handler.ContextHandler (ContextHandler.java:doStart(915)) - Started o.e.j.w.WebAppContext@600f2721{scm,/,file:///home/runner/work/ozone/ozone/hadoop-ozone/integration-test/target/test-classes/webapps/scm/,AVAILABLE}{file:/home/runner/work/ozone/ozone/hadoop-ozone/integration-test/target/test-classes/webapps/scm}
2022-09-30 13:40:51,104 [Listener at 0.0.0.0/33337] INFO  server.AbstractConnector (AbstractConnector.java:doStart(331)) - Started ServerConnector@44a618f0{HTTP/1.1, (http/1.1)}{0.0.0.0:46107}
2022-09-30 13:40:51,104 [Listener at 0.0.0.0/33337] INFO  server.Server (Server.java:doStart(415)) - Started @38861ms
2022-09-30 13:40:51,104 [Listener at 0.0.0.0/33337] WARN  impl.MetricsSystemImpl (MetricsSystemImpl.java:register(279)) - Sink prometheus already exists!
2022-09-30 13:40:51,106 [Listener at 0.0.0.0/33337] INFO  http.BaseHttpServer (BaseHttpServer.java:updateConnectorAddress(333)) - HTTP server of scm listening at http://0.0.0.0:46107
2022-09-30 13:40:51,106 [Listener at 0.0.0.0/33337] WARN  server.ServerUtils (ServerUtils.java:getDBPath(225)) - ozone.om.db.dirs is not configured. We recommend adding this setting. Falling back to ozone.metadata.dirs instead.
2022-09-30 13:40:51,109 [Listener at 0.0.0.0/33337] INFO  ha.OMHANodeDetails (OMHANodeDetails.java:loadOMHAConfig(115)) - ozone.om.internal.service.id is not defined, falling back to ozone.om.service.ids to find serviceID for OzoneManager if it is HA enabled cluster
2022-09-30 13:40:51,109 [Listener at 0.0.0.0/33337] INFO  ha.OMHANodeDetails (OMHANodeDetails.java:loadOMHAConfig(226)) - Configuration does not have ozone.om.address set. Falling back to the default OM address /127.0.0.1:0
2022-09-30 13:40:51,109 [Listener at 0.0.0.0/33337] INFO  ha.OMHANodeDetails (OMHANodeDetails.java:getOMNodeDetailsForNonHA(254)) - OM Service ID is not set. Setting it to the default ID: omServiceIdDefault
2022-09-30 13:40:51,109 [Listener at 0.0.0.0/33337] INFO  ha.OMHANodeDetails (OMHANodeDetails.java:getOMNodeDetailsForNonHA(261)) - OM Node ID is not set. Setting it to the default ID: om1
2022-09-30 13:40:51,109 [Listener at 0.0.0.0/33337] WARN  server.ServerUtils (ServerUtils.java:getDBPath(225)) - ozone.om.db.dirs is not configured. We recommend adding this setting. Falling back to ozone.metadata.dirs instead.
2022-09-30 13:40:51,110 [Listener at 0.0.0.0/33337] INFO  upgrade.AbstractLayoutVersionManager (AbstractLayoutVersionManager.java:init(83)) - Initializing Layout version manager with metadata layout = MULTITENANCY_SCHEMA (version = 3), software layout = MULTITENANCY_SCHEMA (version = 3)
2022-09-30 13:40:51,273 [Listener at 0.0.0.0/33337] INFO  reflections.Reflections (Reflections.java:scan(232)) - Reflections took 162 ms to scan 2 urls, producing 153 keys and 427 values [using 2 cores]
2022-09-30 13:40:51,274 [Listener at 0.0.0.0/33337] INFO  upgrade.OMLayoutVersionManager (OMLayoutVersionManager.java:lambda$0(115)) - Skipping Upgrade Action MockOmUpgradeAction since it has been finalized.
2022-09-30 13:40:51,274 [Listener at 0.0.0.0/33337] WARN  server.ServerUtils (ServerUtils.java:getDBPath(225)) - ozone.om.db.dirs is not configured. We recommend adding this setting. Falling back to ozone.metadata.dirs instead.
2022-09-30 13:40:51,275 [Listener at 0.0.0.0/33337] INFO  proxy.SCMBlockLocationFailoverProxyProvider (SCMBlockLocationFailoverProxyProvider.java:<init>(114)) - Created block location fail-over proxy with 1 nodes: [nodeId=scmNodeId,nodeAddress=/0.0.0.0:43829]
2022-09-30 13:40:51,276 [Listener at 0.0.0.0/33337] INFO  proxy.SCMBlockLocationFailoverProxyProvider (SCMBlockLocationFailoverProxyProvider.java:<init>(114)) - Created block location fail-over proxy with 1 nodes: [nodeId=scmNodeId,nodeAddress=/0.0.0.0:43829]
2022-09-30 13:40:51,304 [Listener at 0.0.0.0/33337] WARN  server.ServerUtils (ServerUtils.java:getDBPath(225)) - ozone.om.db.dirs is not configured. We recommend adding this setting. Falling back to ozone.metadata.dirs instead.
2022-09-30 13:40:51,305 [Listener at 0.0.0.0/33337] INFO  codec.OmKeyInfoCodec (OmKeyInfoCodec.java:<init>(49)) - OmKeyInfoCodec ignorePipeline = true
2022-09-30 13:40:51,305 [Listener at 0.0.0.0/33337] INFO  codec.RepeatedOmKeyInfoCodec (RepeatedOmKeyInfoCodec.java:<init>(41)) - RepeatedOmKeyInfoCodec ignorePipeline = true
2022-09-30 13:40:51,500 [main] INFO  rpc.RpcClient (RpcClient.java:createVolume(471)) - Creating Volume: vol1, with user59695 as owner and space quota set to -1 bytes, counts quota set to -1
2022-09-30 13:40:51,560 [Listener at 0.0.0.0/33337] INFO  om.OzoneManager (OzoneManager.java:instantiateServices(709)) - S3 Multi-Tenancy is disabled
2022-09-30 13:40:51,566 [Listener at 0.0.0.0/33337] INFO  om.OzoneManager (OzoneManager.java:addS3GVolumeToDB(4324)) - Created Volume s3v With Owner runner required for S3Gateway operations.
2022-09-30 13:40:51,566 [Listener at 0.0.0.0/33337] WARN  server.ServerUtils (ServerUtils.java:getDefaultRatisDirectory(237)) - Storage directory for Ratis is not configured. It is a good idea to map this to an SSD disk. Falling back to ozone.metadata.dirs
2022-09-30 13:40:51,566 [Listener at 0.0.0.0/33337] WARN  utils.OzoneManagerRatisUtils (OzoneManagerRatisUtils.java:getOMRatisSnapshotDirectory(434)) - ozone.om.ratis.snapshot.dir is not configured. Falling back to ozone.metadata.dirs config
2022-09-30 13:40:51,566 [Listener at 0.0.0.0/33337] WARN  impl.MetricRegistriesImpl (MetricRegistriesImpl.java:addReporterRegistration(111)) - New reporters are added after registries were created. Some metrics will be missing from the reporter. Please add reporter before adding any new registry.
2022-09-30 13:40:51,566 [Listener at 0.0.0.0/33337] WARN  impl.MetricRegistriesImpl (MetricRegistriesImpl.java:addReporterRegistration(111)) - New reporters are added after registries were created. Some metrics will be missing from the reporter. Please add reporter before adding any new registry.
2022-09-30 13:40:51,566 [Listener at 0.0.0.0/33337] WARN  server.ServerUtils (ServerUtils.java:getDefaultRatisDirectory(237)) - Storage directory for Ratis is not configured. It is a good idea to map this to an SSD disk. Falling back to ozone.metadata.dirs
2022-09-30 13:40:51,573 [Listener at 0.0.0.0/33337] INFO  ratis.OzoneManagerRatisServer (OzoneManagerRatisServer.java:<init>(160)) - Instantiating OM Ratis server with groupID: omServiceIdDefault and peers: localhost:37589
2022-09-30 13:40:51,573 [Listener at 0.0.0.0/33337] INFO  ratis.OzoneManagerStateMachine (OzoneManagerStateMachine.java:loadSnapshotInfoFromDB(632)) - LastAppliedIndex is set from TransactionInfo from OM DB as (t:0, i:~)
2022-09-30 13:40:51,573 [Listener at 0.0.0.0/33337] INFO  server.RaftServer (ConfUtils.java:logGet(46)) - raft.rpc.type = GRPC (default)
2022-09-30 13:40:51,574 [Listener at 0.0.0.0/33337] INFO  grpc.GrpcFactory (GrpcFactory.java:checkPooledByteBufAllocatorUseCacheForAllThreads(48)) - PERFORMANCE WARNING: useCacheForAllThreads is true that may cause Netty to create a lot garbage objects and, as a result, trigger GC.
	It is recommended to disable useCacheForAllThreads by setting -Dorg.apache.ratis.thirdparty.io.netty.allocator.useCacheForAllThreads=false in command line.
2022-09-30 13:40:51,574 [Listener at 0.0.0.0/33337] INFO  grpc.GrpcConfigKeys (ConfUtils.java:logGet(46)) - raft.grpc.admin.port = -1 (default)
2022-09-30 13:40:51,588 [Listener at 0.0.0.0/33337] INFO  grpc.GrpcConfigKeys (ConfUtils.java:logGet(46)) - raft.grpc.server.port = 37589 (custom)
2022-09-30 13:40:51,588 [Listener at 0.0.0.0/33337] INFO  grpc.GrpcConfigKeys (ConfUtils.java:logGet(46)) - raft.grpc.client.port = -1 (default)
2022-09-30 13:40:51,588 [Listener at 0.0.0.0/33337] INFO  grpc.GrpcConfigKeys (ConfUtils.java:logGet(46)) - raft.grpc.server.port = 37589 (custom)
2022-09-30 13:40:51,588 [Listener at 0.0.0.0/33337] INFO  grpc.GrpcConfigKeys (ConfUtils.java:logGet(46)) - raft.grpc.server.port = 37589 (custom)
2022-09-30 13:40:51,588 [Listener at 0.0.0.0/33337] INFO  server.GrpcService (ConfUtils.java:logGet(46)) - raft.grpc.message.size.max = 33554432 (custom)
2022-09-30 13:40:51,588 [Listener at 0.0.0.0/33337] INFO  server.RaftServerConfigKeys (ConfUtils.java:logGet(46)) - raft.server.log.appender.buffer.byte-limit = 33554432 (custom)
2022-09-30 13:40:51,588 [Listener at 0.0.0.0/33337] INFO  server.GrpcService (ConfUtils.java:logGet(46)) - raft.grpc.flow.control.window = 1MB (=1048576) (default)
2022-09-30 13:40:51,588 [Listener at 0.0.0.0/33337] INFO  server.RaftServerConfigKeys (ConfUtils.java:logGet(46)) - raft.server.rpc.request.timeout = 3000ms (default)
2022-09-30 13:40:51,588 [Listener at 0.0.0.0/33337] INFO  grpc.GrpcConfigKeys (ConfUtils.java:logGet(46)) - raft.grpc.server.async.request.thread.pool.cached = true (default)
2022-09-30 13:40:51,588 [Listener at 0.0.0.0/33337] INFO  grpc.GrpcConfigKeys (ConfUtils.java:logGet(46)) - raft.grpc.server.async.request.thread.pool.size = 32 (default)
2022-09-30 13:40:51,589 [Listener at 0.0.0.0/33337] INFO  impl.DataStreamServerImpl (ConfUtils.java:logGet(46)) - raft.datastream.type = DISABLED (default)
2022-09-30 13:40:51,590 [Listener at 0.0.0.0/33337] INFO  server.RaftServerConfigKeys (ConfUtils.java:logGet(46)) - raft.server.threadpool.proxy.cached = true (default)
2022-09-30 13:40:51,594 [Listener at 0.0.0.0/33337] INFO  server.RaftServerConfigKeys (ConfUtils.java:logGet(46)) - raft.server.threadpool.proxy.size = 0 (default)
2022-09-30 13:40:51,594 [Listener at 0.0.0.0/33337] INFO  server.RaftServerConfigKeys (ConfUtils.java:logGet(46)) - raft.server.rpc.slowness.timeout = 120s (custom)
2022-09-30 13:40:51,594 [Listener at 0.0.0.0/33337] INFO  server.RaftServerConfigKeys (ConfUtils.java:logGet(46)) - raft.server.leaderelection.leader.step-down.wait-time = 10s (default)
2022-09-30 13:40:51,594 [Listener at 0.0.0.0/33337] INFO  server.RaftServerConfigKeys (ConfUtils.java:logGet(46)) - raft.server.storage.dir = [/home/runner/work/ozone/ozone/hadoop-ozone/integration-test/target/test-dir/MiniOzoneClusterImpl-b8847c17-62d3-4307-a1ed-7c038275c3d3/ozone-meta/ratis] (custom)
2022-09-30 13:40:51,607 [OM StateMachine ApplyTransaction Thread - 0] INFO  volume.OMVolumeCreateRequest (OMVolumeCreateRequest.java:validateAndUpdateCache(195)) - created volume:vol1 for user:user59695
2022-09-30 13:40:51,623 [Listener at 0.0.0.0/33337] INFO  server.RaftServer (RaftServerProxy.java:addNew(96)) - om1: addNew group-C5BA1605619E:[om1|rpc:localhost:37589|priority:0] returns group-C5BA1605619E:java.util.concurrent.CompletableFuture@d43b294[Not completed]
2022-09-30 13:40:51,624 [Listener at 0.0.0.0/33337] INFO  om.OzoneManager (OzoneManager.java:initializeRatisServer(1976)) - OzoneManager Ratis server initialized at port 37589
2022-09-30 13:40:51,625 [Listener at 0.0.0.0/33337] INFO  om.OzoneManager (OzoneManager.java:getRpcServer(1099)) - Creating RPC Server
2022-09-30 13:40:51,626 [pool-314-thread-1] INFO  server.RaftServer$Division (RaftServerImpl.java:<init>(190)) - om1: new RaftServerImpl for group-C5BA1605619E:[om1|rpc:localhost:37589|priority:0] with OzoneManagerStateMachine:uninitialized
2022-09-30 13:40:51,626 [pool-314-thread-1] INFO  server.RaftServerConfigKeys (ConfUtils.java:logGet(46)) - raft.server.rpc.timeout.min = 1s (custom)
2022-09-30 13:40:51,626 [pool-314-thread-1] INFO  server.RaftServerConfigKeys (ConfUtils.java:logGet(46)) - raft.server.rpc.timeout.max = 1200ms (custom)
2022-09-30 13:40:51,626 [pool-314-thread-1] INFO  server.RaftServerConfigKeys (ConfUtils.java:logGet(46)) - raft.server.rpc.sleep.time = 25ms (default)
2022-09-30 13:40:51,626 [pool-314-thread-1] INFO  server.RaftServerConfigKeys (ConfUtils.java:logGet(46)) - raft.server.rpc.slowness.timeout = 120s (custom)
2022-09-30 13:40:51,626 [pool-314-thread-1] INFO  server.RaftServerConfigKeys (ConfUtils.java:logGet(46)) - raft.server.leaderelection.leader.step-down.wait-time = 10s (default)
2022-09-30 13:40:51,626 [pool-314-thread-1] INFO  server.RaftServerConfigKeys (ConfUtils.java:logGet(46)) - raft.server.sleep.deviation.threshold = 300ms (default)
2022-09-30 13:40:51,627 [pool-314-thread-1] INFO  server.RaftServer$Division (ServerState.java:<init>(107)) - om1@group-C5BA1605619E: ConfigurationManager, init=-1: [om1|rpc:localhost:37589|priority:0], old=null, confs=<EMPTY_MAP>
2022-09-30 13:40:51,627 [pool-314-thread-1] INFO  server.RaftServerConfigKeys (ConfUtils.java:logGet(46)) - raft.server.storage.dir = [/home/runner/work/ozone/ozone/hadoop-ozone/integration-test/target/test-dir/MiniOzoneClusterImpl-b8847c17-62d3-4307-a1ed-7c038275c3d3/ozone-meta/ratis] (custom)
2022-09-30 13:40:51,627 [pool-314-thread-1] INFO  server.RaftServerConfigKeys (ConfUtils.java:logGet(46)) - raft.server.log.corruption.policy = EXCEPTION (default)
2022-09-30 13:40:51,627 [pool-314-thread-1] INFO  server.RaftServerConfigKeys (ConfUtils.java:logGet(46)) - raft.server.storage.free-space.min = 0MB (=0) (default)
2022-09-30 13:40:51,627 [pool-314-thread-1] INFO  storage.RaftStorageDirectory (RaftStorageDirectoryImpl.java:analyzeStorage(135)) - The storage directory /home/runner/work/ozone/ozone/hadoop-ozone/integration-test/target/test-dir/MiniOzoneClusterImpl-b8847c17-62d3-4307-a1ed-7c038275c3d3/ozone-meta/ratis/bf265839-605b-3f16-9796-c5ba1605619e does not exist. Creating ...
2022-09-30 13:40:51,630 [pool-314-thread-1] INFO  storage.RaftStorageDirectory (RaftStorageDirectoryImpl.java:tryLock(230)) - Lock on /home/runner/work/ozone/ozone/hadoop-ozone/integration-test/target/test-dir/MiniOzoneClusterImpl-b8847c17-62d3-4307-a1ed-7c038275c3d3/ozone-meta/ratis/bf265839-605b-3f16-9796-c5ba1605619e/in_use.lock acquired by nodename 61277@fv-az264-432
2022-09-30 13:40:51,631 [pool-314-thread-1] INFO  storage.RaftStorage (RaftStorageImpl.java:format(89)) - Storage directory /home/runner/work/ozone/ozone/hadoop-ozone/integration-test/target/test-dir/MiniOzoneClusterImpl-b8847c17-62d3-4307-a1ed-7c038275c3d3/ozone-meta/ratis/bf265839-605b-3f16-9796-c5ba1605619e has been successfully formatted.
2022-09-30 13:40:51,634 [pool-314-thread-1] INFO  server.RaftServerConfigKeys (ConfUtils.java:logGet(46)) - raft.server.notification.no-leader.timeout = 120s (custom)
2022-09-30 13:40:51,634 [pool-314-thread-1] INFO  server.RaftServerConfigKeys (ConfUtils.java:logGet(46)) - raft.server.log.use.memory = false (default)
2022-09-30 13:40:51,634 [pool-314-thread-1] INFO  server.RaftServerConfigKeys (ConfUtils.java:logGet(46)) - raft.server.log.purge.gap = 1000000 (custom)
2022-09-30 13:40:51,634 [pool-314-thread-1] INFO  server.RaftServerConfigKeys (ConfUtils.java:logGet(46)) - raft.server.log.appender.buffer.byte-limit = 33554432 (custom)
2022-09-30 13:40:51,634 [pool-314-thread-1] INFO  server.RaftServerConfigKeys (ConfUtils.java:logGet(46)) - raft.server.log.statemachine.data.read.timeout = 1000ms (default)
2022-09-30 13:40:51,634 [pool-314-thread-1] INFO  server.RaftServerConfigKeys (ConfUtils.java:logGet(46)) - raft.server.log.segment.size.max = 4194304 (custom)
2022-09-30 13:40:51,635 [pool-314-thread-1] INFO  server.RaftServerConfigKeys (ConfUtils.java:logGet(46)) - raft.server.log.segment.cache.num.max = 2 (custom)
2022-09-30 13:40:51,635 [pool-314-thread-1] INFO  server.RaftServerConfigKeys (ConfUtils.java:logGet(46)) - raft.server.log.segment.cache.size.max = 200MB (=209715200) (default)
2022-09-30 13:40:51,635 [pool-314-thread-1] INFO  segmented.SegmentedRaftLogWorker (SegmentedRaftLogWorker.java:<init>(187)) - new om1@group-C5BA1605619E-SegmentedRaftLogWorker for RaftStorageImpl:Storage Directory /home/runner/work/ozone/ozone/hadoop-ozone/integration-test/target/test-dir/MiniOzoneClusterImpl-b8847c17-62d3-4307-a1ed-7c038275c3d3/ozone-meta/ratis/bf265839-605b-3f16-9796-c5ba1605619e
2022-09-30 13:40:51,635 [pool-314-thread-1] INFO  server.RaftServerConfigKeys (ConfUtils.java:logGet(46)) - raft.server.log.queue.byte-limit = 64MB (=67108864) (default)
2022-09-30 13:40:51,635 [pool-314-thread-1] INFO  server.RaftServerConfigKeys (ConfUtils.java:logGet(46)) - raft.server.log.queue.element-limit = 4096 (default)
2022-09-30 13:40:51,635 [pool-314-thread-1] INFO  server.RaftServerConfigKeys (ConfUtils.java:logGet(46)) - raft.server.log.segment.size.max = 4194304 (custom)
2022-09-30 13:40:51,636 [pool-314-thread-1] INFO  server.RaftServerConfigKeys (ConfUtils.java:logGet(46)) - raft.server.log.preallocated.size = 4194304 (custom)
2022-09-30 13:40:51,636 [pool-314-thread-1] INFO  server.RaftServerConfigKeys (ConfUtils.java:logGet(46)) - raft.server.log.force.sync.num = 128 (default)
2022-09-30 13:40:51,638 [pool-314-thread-1] INFO  server.RaftServerConfigKeys (ConfUtils.java:logGet(46)) - raft.server.log.statemachine.data.sync = true (default)
2022-09-30 13:40:51,638 [pool-314-thread-1] INFO  server.RaftServerConfigKeys (ConfUtils.java:logGet(46)) - raft.server.log.statemachine.data.sync.timeout = 10s (default)
2022-09-30 13:40:51,638 [pool-314-thread-1] INFO  server.RaftServerConfigKeys (ConfUtils.java:logGet(46)) - raft.server.log.statemachine.data.sync.timeout.retry = -1 (default)
2022-09-30 13:40:51,645 [pool-314-thread-1] INFO  server.RaftServerConfigKeys (ConfUtils.java:logGet(46)) - raft.server.log.write.buffer.size = 64KB (=65536) (default)
2022-09-30 13:40:51,649 [pool-314-thread-1] INFO  server.RaftServerConfigKeys (ConfUtils.java:logGet(46)) - raft.server.log.unsafe-flush.enabled = false (default)
2022-09-30 13:40:51,649 [pool-314-thread-1] INFO  server.RaftServerConfigKeys (ConfUtils.java:logGet(46)) - raft.server.log.statemachine.data.caching.enabled = false (default)
2022-09-30 13:40:51,649 [pool-314-thread-1] INFO  segmented.SegmentedRaftLogWorker (SegmentedRaftLogWorker.java:lambda$new$0(135)) - om1@group-C5BA1605619E-SegmentedRaftLogWorker: flushIndex: setUnconditionally 0 -> -1
2022-09-30 13:40:51,649 [pool-314-thread-1] INFO  segmented.SegmentedRaftLogWorker (SegmentedRaftLogWorker.java:lambda$new$0(135)) - om1@group-C5BA1605619E-SegmentedRaftLogWorker: safeCacheEvictIndex: setUnconditionally 0 -> -1
2022-09-30 13:40:51,659 [main] INFO  rpc.RpcClient (RpcClient.java:createBucket(674)) - Creating Bucket: vol1/bucket1, with bucket layout LEGACY, runner as owner, Versioning false, Storage Type set to DISK and Encryption set to false 
2022-09-30 13:40:51,660 [pool-314-thread-1] INFO  server.RaftServerConfigKeys (ConfUtils.java:logGet(46)) - raft.server.snapshot.auto.trigger.enabled = true (custom)
2022-09-30 13:40:51,668 [pool-314-thread-1] INFO  server.RaftServerConfigKeys (ConfUtils.java:logGet(46)) - raft.server.snapshot.auto.trigger.threshold = 400000 (default)
2022-09-30 13:40:51,668 [pool-314-thread-1] INFO  server.RaftServerConfigKeys (ConfUtils.java:logGet(46)) - raft.server.snapshot.retention.file.num = -1 (default)
2022-09-30 13:40:51,668 [pool-314-thread-1] INFO  server.RaftServerConfigKeys (ConfUtils.java:logGet(46)) - raft.server.log.purge.upto.snapshot.index = true (custom)
2022-09-30 13:40:51,668 [pool-314-thread-1] INFO  server.RaftServerConfigKeys (ConfUtils.java:logGet(46)) - raft.server.retrycache.expirytime = 300s (custom)
2022-09-30 13:40:51,668 [pool-314-thread-1] INFO  server.RaftServerConfigKeys (ConfUtils.java:logGet(46)) - raft.server.retrycache.statistics.expirytime = 100μs (default)
2022-09-30 13:40:51,668 [pool-314-thread-1] INFO  server.RaftServerConfigKeys (ConfUtils.java:logGet(46)) - raft.server.log.appender.install.snapshot.enabled = false (custom)
2022-09-30 13:40:51,668 [pool-314-thread-1] INFO  server.RaftServerConfigKeys (ConfUtils.java:logGet(46)) - raft.server.threadpool.server.cached = true (default)
2022-09-30 13:40:51,668 [pool-314-thread-1] INFO  server.RaftServerConfigKeys (ConfUtils.java:logGet(46)) - raft.server.threadpool.server.size = 0 (default)
2022-09-30 13:40:51,668 [pool-314-thread-1] INFO  server.RaftServerConfigKeys (ConfUtils.java:logGet(46)) - raft.server.threadpool.client.cached = true (default)
2022-09-30 13:40:51,668 [pool-314-thread-1] INFO  server.RaftServerConfigKeys (ConfUtils.java:logGet(46)) - raft.server.threadpool.client.size = 0 (default)
2022-09-30 13:40:51,698 [OM StateMachine ApplyTransaction Thread - 0] INFO  bucket.OMBucketCreateRequest (OMBucketCreateRequest.java:validateAndUpdateCache(260)) - created bucket: bucket1 of layout LEGACY in volume: vol1
2022-09-30 13:40:51,850 [IPC Server handler 0 on default port 33991] INFO  ha.SequenceIdGenerator (SequenceIdGenerator.java:getNextId(128)) - Allocate a batch for containerId, change lastId from 0 to 1000.
2022-09-30 13:40:51,878 [IPC Server handler 0 on default port 33991] WARN  ha.SequenceIdGenerator (SequenceIdGenerator.java:allocateBatch(237)) - Failed to allocate a batch for localId, expected lastId is 0, actual lastId is 109611004723200000.
2022-09-30 13:40:51,884 [IPC Server handler 0 on default port 33991] INFO  ha.SequenceIdGenerator (SequenceIdGenerator.java:getNextId(128)) - Allocate a batch for localId, change lastId from 109611004723200000 to 109611004723201000.
2022-09-30 13:40:51,924 [ReplicationMonitor] INFO  replication.ReplicationManager (ReplicationManager.java:processAll(291)) - Replication Manager is not ready to run until 3000ms after safemode exit
2022-09-30 13:40:51,987 [ReplicationMonitor] INFO  replication.ReplicationManager (ReplicationManager.java:processAll(291)) - Replication Manager is not ready to run until 3000ms after safemode exit
2022-09-30 13:40:52,083 [main] INFO  impl.MetricsSystemImpl (MetricsSystemImpl.java:init(158)) - XceiverClientMetrics metrics system started (again)
2022-09-30 13:40:52,368 [Listener at 0.0.0.0/33337] INFO  reflections.Reflections (Reflections.java:scan(232)) - Reflections took 742 ms to scan 19 urls, producing 67 keys and 4214 values [using 2 cores]
2022-09-30 13:40:52,369 [Listener at 0.0.0.0/33337] INFO  ipc.CallQueueManager (CallQueueManager.java:<init>(90)) - Using callQueue: class java.util.concurrent.LinkedBlockingQueue, queueCapacity: 2000, scheduler: class org.apache.hadoop.ipc.DefaultRpcScheduler, ipcBackoff: false.
2022-09-30 13:40:52,380 [Socket Reader #1 for port 0] INFO  ipc.Server (Server.java:run(1265)) - Starting Socket Reader #1 for port 0
2022-09-30 13:40:52,443 [Listener at 127.0.0.1/45417] INFO  impl.MetricsSystemImpl (MetricsSystemImpl.java:init(158)) - OzoneManager metrics system started (again)
2022-09-30 13:40:52,473 [Listener at 127.0.0.1/45417] INFO  om.OzoneManager (OzoneManager.java:start(1483)) - OzoneManager RPC server is listening at localhost/127.0.0.1:45417
2022-09-30 13:40:52,473 [Listener at 127.0.0.1/45417] INFO  ratis.OzoneManagerRatisServer (OzoneManagerRatisServer.java:start(555)) - Starting OzoneManagerRatisServer om1 at port 37589
2022-09-30 13:40:52,473 [om1-impl-thread1] INFO  server.RaftServer$Division (RaftServerImpl.java:start(310)) - om1@group-C5BA1605619E: start as a follower, conf=-1: [om1|rpc:localhost:37589|priority:0], old=null
2022-09-30 13:40:52,473 [om1-impl-thread1] INFO  server.RaftServer$Division (RaftServerImpl.java:setRole(299)) - om1@group-C5BA1605619E: changes role from      null to FOLLOWER at term 0 for startAsFollower
2022-09-30 13:40:52,473 [om1-impl-thread1] INFO  impl.RoleInfo (RoleInfo.java:updateAndGet(139)) - om1: start om1@group-C5BA1605619E-FollowerState
2022-09-30 13:40:52,486 [om1-impl-thread1] ERROR util.JmxRegister (JmxRegister.java:tryRegister(40)) - Failed to register JMX Bean with name Ratis:service=RaftServer,group=group-C5BA1605619E,id=om1
javax.management.InstanceAlreadyExistsException: Ratis:service=RaftServer,group=group-C5BA1605619E,id=om1
	at com.sun.jmx.mbeanserver.Repository.addMBean(Repository.java:437)
	at com.sun.jmx.interceptor.DefaultMBeanServerInterceptor.registerWithRepository(DefaultMBeanServerInterceptor.java:1898)
	at com.sun.jmx.interceptor.DefaultMBeanServerInterceptor.registerDynamicMBean(DefaultMBeanServerInterceptor.java:966)
	at com.sun.jmx.interceptor.DefaultMBeanServerInterceptor.registerObject(DefaultMBeanServerInterceptor.java:900)
	at com.sun.jmx.interceptor.DefaultMBeanServerInterceptor.registerMBean(DefaultMBeanServerInterceptor.java:324)
	at com.sun.jmx.mbeanserver.JmxMBeanServer.registerMBean(JmxMBeanServer.java:522)
	at org.apache.ratis.util.JmxRegister.tryRegister(JmxRegister.java:38)
	at org.apache.ratis.util.JmxRegister.register(JmxRegister.java:56)
	at org.apache.ratis.server.impl.RaftServerImpl.registerMBean(RaftServerImpl.java:329)
	at org.apache.ratis.server.impl.RaftServerImpl.start(RaftServerImpl.java:320)
	at org.apache.ratis.util.ConcurrentUtils.lambda$null$3(ConcurrentUtils.java:162)
	at java.util.concurrent.ThreadPoolExecutor.runWorker(ThreadPoolExecutor.java:1149)
	at java.util.concurrent.ThreadPoolExecutor$Worker.run(ThreadPoolExecutor.java:624)
	at java.lang.Thread.run(Thread.java:750)
2022-09-30 13:40:52,487 [om1-impl-thread1] INFO  util.JmxRegister (JmxRegister.java:tryRegister(44)) - Successfully registered JMX Bean with object name Ratis:service=RaftServer,group=group-C5BA1605619E,id="om1"
2022-09-30 13:40:52,494 [Listener at 127.0.0.1/45417] INFO  server.RaftServer (RaftServerProxy.java:lambda$start$6(382)) - om1: start RPC server
2022-09-30 13:40:52,504 [Listener at 127.0.0.1/45417] INFO  server.GrpcService (GrpcService.java:startImpl(260)) - om1: GrpcService started, listening on 37589
2022-09-30 13:40:52,513 [Listener at 127.0.0.1/45417] INFO  om.OzoneManager (OzoneManager.java:start(1499)) - Version File has different layout version (3) than OM DB (null). That is expected if this OM has never been finalized to a newer layout version.
2022-09-30 13:40:52,521 [org.apache.ratis.util.JvmPauseMonitor$$Lambda$713/1901567698@58f62f7d] INFO  util.JvmPauseMonitor (JvmPauseMonitor.java:run(103)) - JvmPauseMonitor-om1: Started
2022-09-30 13:40:52,535 [Listener at 127.0.0.1/45417] INFO  http.BaseHttpServer (BaseHttpServer.java:newHttpServer2BuilderForOzone(213)) - Starting Web-server for ozoneManager at: http://0.0.0.0:0
2022-09-30 13:40:52,535 [Listener at 127.0.0.1/45417] INFO  http.BaseHttpServer (BaseHttpServer.java:<init>(108)) - Hadoop Security Enabled: false Ozone Security Enabled: false Ozone HTTP Security Enabled: false 
2022-09-30 13:40:52,537 [Listener at 127.0.0.1/45417] INFO  server.AuthenticationFilter (AuthenticationFilter.java:constructSecretProvider(240)) - Unable to initialize FileSignerSecretProvider, falling back to use random secrets.
2022-09-30 13:40:52,543 [Listener at 127.0.0.1/45417] WARN  http.HttpRequestLog (HttpRequestLog.java:getRequestLog(103)) - Jetty request log can only be enabled using Log4j
2022-09-30 13:40:52,545 [Listener at 127.0.0.1/45417] INFO  http.HttpServer2 (HttpServer2.java:addGlobalFilter(1029)) - Added global filter 'safety' (class=org.apache.hadoop.hdds.server.http.HttpServer2$QuotingInputFilter)
2022-09-30 13:40:52,546 [Listener at 127.0.0.1/45417] INFO  http.HttpServer2 (HttpServer2.java:addFilter(1005)) - Added filter static_user_filter (class=org.apache.hadoop.http.lib.StaticUserWebFilter$StaticUserFilter) to context ozoneManager
2022-09-30 13:40:52,546 [Listener at 127.0.0.1/45417] INFO  http.HttpServer2 (HttpServer2.java:addFilter(1013)) - Added filter static_user_filter (class=org.apache.hadoop.http.lib.StaticUserWebFilter$StaticUserFilter) to context logs
2022-09-30 13:40:52,546 [Listener at 127.0.0.1/45417] INFO  http.HttpServer2 (HttpServer2.java:addFilter(1013)) - Added filter static_user_filter (class=org.apache.hadoop.http.lib.StaticUserWebFilter$StaticUserFilter) to context static
2022-09-30 13:40:52,547 [Listener at 127.0.0.1/45417] INFO  http.HttpServer2 (HttpServer2.java:bindListener(1248)) - Jetty bound to port 39167
2022-09-30 13:40:52,547 [Listener at 127.0.0.1/45417] INFO  server.Server (Server.java:doStart(375)) - jetty-9.4.43.v20210629; built: 2021-06-30T11:07:22.254Z; git: 526006ecfa3af7f1a27ef3a288e2bef7ea9dd7e8; jvm 1.8.0_345-b01
2022-09-30 13:40:52,564 [Listener at 127.0.0.1/45417] INFO  server.session (DefaultSessionIdManager.java:doStart(334)) - DefaultSessionIdManager workerName=node0
2022-09-30 13:40:52,564 [Listener at 127.0.0.1/45417] INFO  server.session (DefaultSessionIdManager.java:doStart(339)) - No SessionScavenger set, using defaults
2022-09-30 13:40:52,564 [Listener at 127.0.0.1/45417] INFO  server.session (HouseKeeper.java:startScavenging(132)) - node0 Scavenging every 660000ms
2022-09-30 13:40:52,565 [Listener at 127.0.0.1/45417] INFO  handler.ContextHandler (ContextHandler.java:doStart(915)) - Started o.e.j.s.ServletContextHandler@20262278{logs,/logs,file:///home/runner/work/ozone/ozone/hadoop-ozone/integration-test/target/log,AVAILABLE}
2022-09-30 13:40:52,566 [Listener at 127.0.0.1/45417] INFO  handler.ContextHandler (ContextHandler.java:doStart(915)) - Started o.e.j.s.ServletContextHandler@19ab2775{static,/static,file:///home/runner/work/ozone/ozone/hadoop-ozone/integration-test/target/test-classes/webapps/static,AVAILABLE}
2022-09-30 13:40:52,569 [Listener at 127.0.0.1/45417] INFO  handler.ContextHandler (ContextHandler.java:doStart(915)) - Started o.e.j.w.WebAppContext@2d9452f1{ozoneManager,/,file:///home/runner/work/ozone/ozone/hadoop-ozone/integration-test/target/test-classes/webapps/ozoneManager/,AVAILABLE}{file:/home/runner/work/ozone/ozone/hadoop-ozone/integration-test/target/test-classes/webapps/ozoneManager}
2022-09-30 13:40:52,571 [Listener at 127.0.0.1/45417] INFO  server.AbstractConnector (AbstractConnector.java:doStart(331)) - Started ServerConnector@1354d9a{HTTP/1.1, (http/1.1)}{0.0.0.0:39167}
2022-09-30 13:40:52,571 [Listener at 127.0.0.1/45417] INFO  server.Server (Server.java:doStart(415)) - Started @40329ms
2022-09-30 13:40:52,572 [Listener at 127.0.0.1/45417] WARN  impl.MetricsSystemImpl (MetricsSystemImpl.java:register(279)) - Sink prometheus already exists!
2022-09-30 13:40:52,591 [Listener at 127.0.0.1/45417] INFO  http.BaseHttpServer (BaseHttpServer.java:updateConnectorAddress(333)) - HTTP server of ozoneManager listening at http://0.0.0.0:39167
2022-09-30 13:40:52,598 [IPC Server Responder] INFO  ipc.Server (Server.java:run(1507)) - IPC Server Responder: starting
2022-09-30 13:40:52,598 [IPC Server listener on 0] INFO  ipc.Server (Server.java:run(1344)) - IPC Server listener on 0: starting
2022-09-30 13:40:52,602 [Listener at 127.0.0.1/45417] INFO  om.OzoneManager (OzoneManager.java:startTrashEmptier(1920)) - Trash Interval set to 0. Files deleted won't move to trash
2022-09-30 13:40:52,624 [org.apache.hadoop.util.JvmPauseMonitor$Monitor@68b5043e] INFO  util.JvmPauseMonitor (JvmPauseMonitor.java:run(188)) - Starting JVM pause monitor
2022-09-30 13:40:52,659 [Listener at 127.0.0.1/45417] WARN  impl.MetricRegistriesImpl (MetricRegistriesImpl.java:addReporterRegistration(111)) - New reporters are added after registries were created. Some metrics will be missing from the reporter. Please add reporter before adding any new registry.
2022-09-30 13:40:52,659 [Listener at 127.0.0.1/45417] WARN  impl.MetricRegistriesImpl (MetricRegistriesImpl.java:addReporterRegistration(111)) - New reporters are added after registries were created. Some metrics will be missing from the reporter. Please add reporter before adding any new registry.
2022-09-30 13:40:52,659 [Listener at 127.0.0.1/45417] INFO  impl.MetricsSystemImpl (MetricsSystemImpl.java:init(158)) - HddsDatanode metrics system started (again)
2022-09-30 13:40:52,674 [Listener at 127.0.0.1/45417] INFO  ozone.HddsDatanodeService (HddsDatanodeService.java:start(236)) - HddsDatanodeService host:fv-az264-432.ca02foy5wcnuvlrvrz2wi3p2og.dx.internal.cloudapp.net ip:10.1.0.210
2022-09-30 13:40:52,713 [Listener at 127.0.0.1/45417] INFO  upgrade.AbstractLayoutVersionManager (AbstractLayoutVersionManager.java:init(83)) - Initializing Layout version manager with metadata layout = DATANODE_SCHEMA_V3 (version = 4), software layout = DATANODE_SCHEMA_V3 (version = 4)
2022-09-30 13:40:52,821 [Listener at 127.0.0.1/45417] INFO  reflections.Reflections (Reflections.java:scan(232)) - Reflections took 107 ms to scan 7 urls, producing 135 keys and 327 values 
2022-09-30 13:40:52,822 [Listener at 127.0.0.1/45417] INFO  statemachine.DatanodeStateMachine (DatanodeStateMachine.java:getEndPointTaskThreadPoolSize(237)) - Datanode State Machine Task Thread Pool size 2
2022-09-30 13:40:52,826 [Listener at 127.0.0.1/45417] INFO  volume.HddsVolume (HddsVolume.java:<init>(117)) - Creating HddsVolume: /home/runner/work/ozone/ozone/hadoop-ozone/integration-test/target/test-dir/MiniOzoneClusterImpl-b8847c17-62d3-4307-a1ed-7c038275c3d3/datanode-0/data-0/containers/hdds of storage type : DISK capacity : 9223372036854775807
2022-09-30 13:40:52,826 [Listener at 127.0.0.1/45417] INFO  volume.MutableVolumeSet (MutableVolumeSet.java:initializeVolumeSet(174)) - Added Volume : /home/runner/work/ozone/ozone/hadoop-ozone/integration-test/target/test-dir/MiniOzoneClusterImpl-b8847c17-62d3-4307-a1ed-7c038275c3d3/datanode-0/data-0/containers/hdds to VolumeSet
2022-09-30 13:40:52,826 [Listener at 127.0.0.1/45417] INFO  volume.ThrottledAsyncChecker (ThrottledAsyncChecker.java:schedule(141)) - Scheduling a check for /home/runner/work/ozone/ozone/hadoop-ozone/integration-test/target/test-dir/MiniOzoneClusterImpl-b8847c17-62d3-4307-a1ed-7c038275c3d3/datanode-0/data-0/containers/hdds
2022-09-30 13:40:52,837 [Listener at 127.0.0.1/45417] INFO  volume.StorageVolumeChecker (StorageVolumeChecker.java:checkAllVolumes(202)) - Scheduled health check for volume /home/runner/work/ozone/ozone/hadoop-ozone/integration-test/target/test-dir/MiniOzoneClusterImpl-b8847c17-62d3-4307-a1ed-7c038275c3d3/datanode-0/data-0/containers/hdds
2022-09-30 13:40:52,865 [Listener at 127.0.0.1/45417] INFO  volume.MutableVolumeSet (MutableVolumeSet.java:initializeVolumeSet(174)) - Added Volume : /home/runner/work/ozone/ozone/hadoop-ozone/integration-test/target/test-dir/MiniOzoneClusterImpl-b8847c17-62d3-4307-a1ed-7c038275c3d3/datanode-0/data/ratis to VolumeSet
2022-09-30 13:40:52,866 [Listener at 127.0.0.1/45417] INFO  volume.ThrottledAsyncChecker (ThrottledAsyncChecker.java:schedule(141)) - Scheduling a check for /home/runner/work/ozone/ozone/hadoop-ozone/integration-test/target/test-dir/MiniOzoneClusterImpl-b8847c17-62d3-4307-a1ed-7c038275c3d3/datanode-0/data/ratis
2022-09-30 13:40:52,866 [Listener at 127.0.0.1/45417] INFO  volume.StorageVolumeChecker (StorageVolumeChecker.java:checkAllVolumes(202)) - Scheduled health check for volume /home/runner/work/ozone/ozone/hadoop-ozone/integration-test/target/test-dir/MiniOzoneClusterImpl-b8847c17-62d3-4307-a1ed-7c038275c3d3/datanode-0/data/ratis
2022-09-30 13:40:52,925 [ReplicationMonitor] INFO  replication.ReplicationManager (ReplicationManager.java:processAll(291)) - Replication Manager is not ready to run until 3000ms after safemode exit
2022-09-30 13:40:52,931 [Thread-523] INFO  ozoneimpl.ContainerReader (ContainerReader.java:readVolume(175)) - Finish verifying containers on volume /home/runner/work/ozone/ozone/hadoop-ozone/integration-test/target/test-dir/MiniOzoneClusterImpl-b8847c17-62d3-4307-a1ed-7c038275c3d3/datanode-0/data-0/containers/hdds
2022-09-30 13:40:52,931 [Listener at 127.0.0.1/45417] INFO  ozoneimpl.OzoneContainer (OzoneContainer.java:buildContainerSet(300)) - Build ContainerSet costs 0s
2022-09-30 13:40:52,936 [Listener at 127.0.0.1/45417] INFO  server.RaftServer (ConfUtils.java:logGet(46)) - raft.rpc.type = GRPC (default)
2022-09-30 13:40:52,936 [Listener at 127.0.0.1/45417] INFO  grpc.GrpcFactory (GrpcFactory.java:checkPooledByteBufAllocatorUseCacheForAllThreads(48)) - PERFORMANCE WARNING: useCacheForAllThreads is true that may cause Netty to create a lot garbage objects and, as a result, trigger GC.
	It is recommended to disable useCacheForAllThreads by setting -Dorg.apache.ratis.thirdparty.io.netty.allocator.useCacheForAllThreads=false in command line.
2022-09-30 13:40:52,936 [Listener at 127.0.0.1/45417] INFO  grpc.GrpcConfigKeys (ConfUtils.java:logGet(46)) - raft.grpc.admin.port = 0 (custom)
2022-09-30 13:40:52,936 [Listener at 127.0.0.1/45417] INFO  grpc.GrpcConfigKeys (ConfUtils.java:logGet(46)) - raft.grpc.client.port = 0 (custom)
2022-09-30 13:40:52,936 [Listener at 127.0.0.1/45417] INFO  grpc.GrpcConfigKeys (ConfUtils.java:logGet(46)) - raft.grpc.server.port = 0 (default)
2022-09-30 13:40:52,936 [Listener at 127.0.0.1/45417] INFO  server.GrpcService (ConfUtils.java:logGet(46)) - raft.grpc.message.size.max = 32MB (=33554432) (custom)
2022-09-30 13:40:52,936 [Listener at 127.0.0.1/45417] INFO  server.RaftServerConfigKeys (ConfUtils.java:logGet(46)) - raft.server.log.appender.buffer.byte-limit = 33554432 (custom)
2022-09-30 13:40:52,942 [Listener at 127.0.0.1/45417] INFO  server.GrpcService (ConfUtils.java:logGet(46)) - raft.grpc.flow.control.window = 5MB (=5242880) (custom)
2022-09-30 13:40:52,942 [Listener at 127.0.0.1/45417] INFO  server.RaftServerConfigKeys (ConfUtils.java:logGet(46)) - raft.server.rpc.request.timeout = 60s (custom)
2022-09-30 13:40:52,942 [Listener at 127.0.0.1/45417] INFO  grpc.GrpcConfigKeys (ConfUtils.java:logGet(46)) - raft.grpc.server.async.request.thread.pool.cached = true (default)
2022-09-30 13:40:52,942 [Listener at 127.0.0.1/45417] INFO  grpc.GrpcConfigKeys (ConfUtils.java:logGet(46)) - raft.grpc.server.async.request.thread.pool.size = 32 (default)
2022-09-30 13:40:52,944 [Listener at 127.0.0.1/45417] INFO  impl.DataStreamServerImpl (ConfUtils.java:logGet(46)) - raft.datastream.type = DISABLED (default)
2022-09-30 13:40:52,944 [Listener at 127.0.0.1/45417] INFO  server.RaftServerConfigKeys (ConfUtils.java:logGet(46)) - raft.server.threadpool.proxy.cached = true (default)
2022-09-30 13:40:52,944 [Listener at 127.0.0.1/45417] INFO  server.RaftServerConfigKeys (ConfUtils.java:logGet(46)) - raft.server.threadpool.proxy.size = 0 (default)
2022-09-30 13:40:52,944 [Listener at 127.0.0.1/45417] INFO  server.RaftServerConfigKeys (ConfUtils.java:logGet(46)) - raft.server.rpc.slowness.timeout = 300s (custom)
2022-09-30 13:40:52,944 [Listener at 127.0.0.1/45417] INFO  server.RaftServerConfigKeys (ConfUtils.java:logGet(46)) - raft.server.leaderelection.leader.step-down.wait-time = 10s (default)
2022-09-30 13:40:52,944 [Listener at 127.0.0.1/45417] INFO  server.RaftServerConfigKeys (ConfUtils.java:logGet(46)) - raft.server.storage.dir = [/home/runner/work/ozone/ozone/hadoop-ozone/integration-test/target/test-dir/MiniOzoneClusterImpl-b8847c17-62d3-4307-a1ed-7c038275c3d3/datanode-0/data/ratis] (custom)
2022-09-30 13:40:52,955 [Listener at 127.0.0.1/45417] INFO  server.XceiverServerGrpc (XceiverServerGrpc.java:<init>(132)) - GrpcServer channel type EpollServerSocketChannel
2022-09-30 13:40:52,967 [Under Replicated Processor] INFO  replication.UnderReplicatedProcessor (UnderReplicatedProcessor.java:processAll(92)) - Processed 0 under replicated containers, failed processing 0
2022-09-30 13:40:52,975 [Listener at 127.0.0.1/45417] INFO  http.BaseHttpServer (BaseHttpServer.java:newHttpServer2BuilderForOzone(213)) - Starting Web-server for hddsDatanode at: http://0.0.0.0:0
2022-09-30 13:40:52,975 [Listener at 127.0.0.1/45417] INFO  http.BaseHttpServer (BaseHttpServer.java:<init>(108)) - Hadoop Security Enabled: false Ozone Security Enabled: false Ozone HTTP Security Enabled: false 
2022-09-30 13:40:52,976 [Listener at 127.0.0.1/45417] INFO  server.AuthenticationFilter (AuthenticationFilter.java:constructSecretProvider(240)) - Unable to initialize FileSignerSecretProvider, falling back to use random secrets.
2022-09-30 13:40:52,977 [Listener at 127.0.0.1/45417] WARN  http.HttpRequestLog (HttpRequestLog.java:getRequestLog(103)) - Jetty request log can only be enabled using Log4j
2022-09-30 13:40:52,982 [Listener at 127.0.0.1/45417] INFO  http.HttpServer2 (HttpServer2.java:addGlobalFilter(1029)) - Added global filter 'safety' (class=org.apache.hadoop.hdds.server.http.HttpServer2$QuotingInputFilter)
2022-09-30 13:40:52,983 [Listener at 127.0.0.1/45417] INFO  http.HttpServer2 (HttpServer2.java:addFilter(1005)) - Added filter static_user_filter (class=org.apache.hadoop.http.lib.StaticUserWebFilter$StaticUserFilter) to context hddsDatanode
2022-09-30 13:40:52,983 [Listener at 127.0.0.1/45417] INFO  http.HttpServer2 (HttpServer2.java:addFilter(1013)) - Added filter static_user_filter (class=org.apache.hadoop.http.lib.StaticUserWebFilter$StaticUserFilter) to context logs
2022-09-30 13:40:52,983 [Listener at 127.0.0.1/45417] INFO  http.HttpServer2 (HttpServer2.java:addFilter(1013)) - Added filter static_user_filter (class=org.apache.hadoop.http.lib.StaticUserWebFilter$StaticUserFilter) to context static
2022-09-30 13:40:52,983 [Listener at 127.0.0.1/45417] INFO  http.HttpServer2 (HttpServer2.java:bindListener(1248)) - Jetty bound to port 40455
2022-09-30 13:40:52,983 [Listener at 127.0.0.1/45417] INFO  server.Server (Server.java:doStart(375)) - jetty-9.4.43.v20210629; built: 2021-06-30T11:07:22.254Z; git: 526006ecfa3af7f1a27ef3a288e2bef7ea9dd7e8; jvm 1.8.0_345-b01
2022-09-30 13:40:52,984 [Over Replicated Processor] INFO  replication.OverReplicatedProcessor (OverReplicatedProcessor.java:processAll(90)) - Processed 0 over replicated containers, failed processing 0
2022-09-30 13:40:52,985 [Listener at 127.0.0.1/45417] INFO  server.session (DefaultSessionIdManager.java:doStart(334)) - DefaultSessionIdManager workerName=node0
2022-09-30 13:40:52,985 [Listener at 127.0.0.1/45417] INFO  server.session (DefaultSessionIdManager.java:doStart(339)) - No SessionScavenger set, using defaults
2022-09-30 13:40:52,985 [Listener at 127.0.0.1/45417] INFO  server.session (HouseKeeper.java:startScavenging(132)) - node0 Scavenging every 600000ms
2022-09-30 13:40:52,986 [Listener at 127.0.0.1/45417] INFO  handler.ContextHandler (ContextHandler.java:doStart(915)) - Started o.e.j.s.ServletContextHandler@753f597f{logs,/logs,file:///home/runner/work/ozone/ozone/hadoop-ozone/integration-test/target/log,AVAILABLE}
2022-09-30 13:40:52,986 [Listener at 127.0.0.1/45417] INFO  handler.ContextHandler (ContextHandler.java:doStart(915)) - Started o.e.j.s.ServletContextHandler@36eba1bf{static,/static,jar:file:/home/runner/.m2/repository/org/apache/ozone/hdds-container-service/1.3.0-SNAPSHOT/hdds-container-service-1.3.0-SNAPSHOT.jar!/webapps/static,AVAILABLE}
2022-09-30 13:40:52,990 [ReplicationMonitor] INFO  replication.ReplicationManager (ReplicationManager.java:processAll(324)) - Replication Monitor Thread took 1 milliseconds for processing 1 containers.
2022-09-30 13:40:53,472 [Listener at 127.0.0.1/45417] INFO  handler.ContextHandler (ContextHandler.java:doStart(915)) - Started o.e.j.w.WebAppContext@3510a6f4{hddsDatanode,/,file:///tmp/jetty-0_0_0_0-40455-hdds-container-service-1_3_0-SNAPSHOT_jar-_-any-8364012710219277868/webapp/,AVAILABLE}{jar:file:/home/runner/.m2/repository/org/apache/ozone/hdds-container-service/1.3.0-SNAPSHOT/hdds-container-service-1.3.0-SNAPSHOT.jar!/webapps/hddsDatanode}
2022-09-30 13:40:53,510 [Listener at 127.0.0.1/45417] INFO  server.AbstractConnector (AbstractConnector.java:doStart(331)) - Started ServerConnector@7c014d9c{HTTP/1.1, (http/1.1)}{0.0.0.0:40455}
2022-09-30 13:40:53,511 [Listener at 127.0.0.1/45417] INFO  server.Server (Server.java:doStart(415)) - Started @41268ms
2022-09-30 13:40:53,511 [Listener at 127.0.0.1/45417] WARN  impl.MetricsSystemImpl (MetricsSystemImpl.java:register(279)) - Sink prometheus already exists!
2022-09-30 13:40:53,511 [om1@group-C5BA1605619E-FollowerState] INFO  impl.FollowerState (FollowerState.java:run(143)) - om1@group-C5BA1605619E-FollowerState: change to CANDIDATE, lastRpcElapsedTime:1038037451ns, electionTimeout:1019ms
2022-09-30 13:40:53,511 [om1@group-C5BA1605619E-FollowerState] INFO  impl.RoleInfo (RoleInfo.java:shutdownFollowerState(110)) - om1: shutdown om1@group-C5BA1605619E-FollowerState
2022-09-30 13:40:53,511 [om1@group-C5BA1605619E-FollowerState] INFO  server.RaftServer$Division (RaftServerImpl.java:setRole(299)) - om1@group-C5BA1605619E: changes role from  FOLLOWER to CANDIDATE at term 0 for changeToCandidate
2022-09-30 13:40:53,512 [om1@group-C5BA1605619E-FollowerState] INFO  server.RaftServerConfigKeys (ConfUtils.java:logGet(46)) - raft.server.leaderelection.pre-vote = false (custom)
2022-09-30 13:40:53,512 [om1@group-C5BA1605619E-FollowerState] INFO  impl.RoleInfo (RoleInfo.java:updateAndGet(139)) - om1: start om1@group-C5BA1605619E-LeaderElection18
2022-09-30 13:40:53,512 [Listener at 127.0.0.1/45417] INFO  http.BaseHttpServer (BaseHttpServer.java:updateConnectorAddress(333)) - HTTP server of hddsDatanode listening at http://0.0.0.0:40455
2022-09-30 13:40:53,535 [Listener at 127.0.0.1/45417] WARN  impl.MetricRegistriesImpl (MetricRegistriesImpl.java:addReporterRegistration(111)) - New reporters are added after registries were created. Some metrics will be missing from the reporter. Please add reporter before adding any new registry.
2022-09-30 13:40:53,535 [Listener at 127.0.0.1/45417] WARN  impl.MetricRegistriesImpl (MetricRegistriesImpl.java:addReporterRegistration(111)) - New reporters are added after registries were created. Some metrics will be missing from the reporter. Please add reporter before adding any new registry.
2022-09-30 13:40:53,536 [Listener at 127.0.0.1/45417] INFO  impl.MetricsSystemImpl (MetricsSystemImpl.java:init(158)) - HddsDatanode metrics system started (again)
2022-09-30 13:40:53,546 [om1@group-C5BA1605619E-LeaderElection18] INFO  impl.LeaderElection (LeaderElection.java:askForVotes(310)) - om1@group-C5BA1605619E-LeaderElection18 ELECTION round 0: submit vote requests at term 1 for -1: [om1|rpc:localhost:37589|priority:0], old=null
2022-09-30 13:40:53,546 [om1@group-C5BA1605619E-LeaderElection18] INFO  impl.LeaderElection (LeaderElection.java:askForVotes(312)) - om1@group-C5BA1605619E-LeaderElection18 ELECTION round 0: result PASSED (term=1)
2022-09-30 13:40:53,546 [om1@group-C5BA1605619E-LeaderElection18] INFO  impl.RoleInfo (RoleInfo.java:shutdownLeaderElection(130)) - om1: shutdown om1@group-C5BA1605619E-LeaderElection18
2022-09-30 13:40:53,546 [om1@group-C5BA1605619E-LeaderElection18] INFO  server.RaftServer$Division (RaftServerImpl.java:setRole(299)) - om1@group-C5BA1605619E: changes role from CANDIDATE to LEADER at term 1 for changeToLeader
2022-09-30 13:40:53,546 [om1@group-C5BA1605619E-LeaderElection18] INFO  server.RaftServer$Division (ServerState.java:setLeader(287)) - om1@group-C5BA1605619E: change Leader from null to om1 at term 1 for becomeLeader, leader elected after 1912ms
2022-09-30 13:40:53,546 [om1@group-C5BA1605619E-LeaderElection18] INFO  server.RaftServerConfigKeys (ConfUtils.java:logGet(46)) - raft.server.staging.catchup.gap = 1000 (default)
2022-09-30 13:40:53,546 [om1@group-C5BA1605619E-LeaderElection18] INFO  server.RaftServerConfigKeys (ConfUtils.java:logGet(46)) - raft.server.write.element-limit = 4096 (default)
2022-09-30 13:40:53,547 [om1@group-C5BA1605619E-LeaderElection18] INFO  server.RaftServerConfigKeys (ConfUtils.java:logGet(46)) - raft.server.write.byte-limit = 64MB (=67108864) (default)
2022-09-30 13:40:53,547 [om1@group-C5BA1605619E-LeaderElection18] INFO  server.RaftServerConfigKeys (ConfUtils.java:logGet(46)) - raft.server.watch.timeout = 10s (default)
2022-09-30 13:40:53,547 [om1@group-C5BA1605619E-LeaderElection18] INFO  server.RaftServerConfigKeys (ConfUtils.java:logGet(46)) - raft.server.watch.timeout.denomination = 1s (default)
2022-09-30 13:40:53,547 [om1@group-C5BA1605619E-LeaderElection18] INFO  server.RaftServerConfigKeys (ConfUtils.java:logGet(46)) - raft.server.watch.element-limit = 65536 (default)
2022-09-30 13:40:53,547 [om1@group-C5BA1605619E-LeaderElection18] INFO  server.RaftServerConfigKeys (ConfUtils.java:logGet(46)) - raft.server.write.element-limit = 4096 (default)
2022-09-30 13:40:53,547 [om1@group-C5BA1605619E-LeaderElection18] INFO  server.RaftServerConfigKeys (ConfUtils.java:logGet(46)) - raft.server.write.follower.gap.ratio.max = -1.0 (default)
2022-09-30 13:40:53,547 [om1@group-C5BA1605619E-LeaderElection18] INFO  impl.RoleInfo (RoleInfo.java:updateAndGet(139)) - om1: start om1@group-C5BA1605619E-LeaderStateImpl
2022-09-30 13:40:53,547 [om1@group-C5BA1605619E-LeaderElection18] INFO  segmented.SegmentedRaftLogWorker (SegmentedRaftLogWorker.java:startLogSegment(425)) - om1@group-C5BA1605619E-SegmentedRaftLogWorker: Starting segment from index:0
2022-09-30 13:40:53,552 [Datanode State Machine Daemon Thread] INFO  statemachine.DatanodeStateMachine (DatanodeStateMachine.java:lambda$startDaemon$0(492)) - Ozone container server started.
2022-09-30 13:40:53,557 [om1@group-C5BA1605619E-LeaderElection18] INFO  server.RaftServer$Division (ServerState.java:setRaftConf(393)) - om1@group-C5BA1605619E: set configuration 0: [om1|rpc:localhost:37589|admin:|client:|dataStream:|priority:0], old=null
2022-09-30 13:40:53,559 [om1@group-C5BA1605619E-SegmentedRaftLogWorker] INFO  segmented.SegmentedRaftLogWorker (SegmentedRaftLogWorker.java:execute(629)) - om1@group-C5BA1605619E-SegmentedRaftLogWorker: created new log segment /home/runner/work/ozone/ozone/hadoop-ozone/integration-test/target/test-dir/MiniOzoneClusterImpl-b8847c17-62d3-4307-a1ed-7c038275c3d3/ozone-meta/ratis/bf265839-605b-3f16-9796-c5ba1605619e/current/log_inprogress_0
2022-09-30 13:40:53,563 [om1@group-C5BA1605619E-StateMachineUpdater] INFO  ratis.OzoneManagerStateMachine (OzoneManagerStateMachine.java:notifyConfigurationChanged(192)) - Received Configuration change notification from Ratis. New Peer list:
[id: "om1"
address: "localhost:37589"
]
2022-09-30 13:40:53,571 [Listener at 127.0.0.1/45417] INFO  ozone.HddsDatanodeService (HddsDatanodeService.java:start(236)) - HddsDatanodeService host:fv-az264-432.ca02foy5wcnuvlrvrz2wi3p2og.dx.internal.cloudapp.net ip:10.1.0.210
2022-09-30 13:40:53,598 [Listener at 127.0.0.1/45417] INFO  upgrade.AbstractLayoutVersionManager (AbstractLayoutVersionManager.java:init(83)) - Initializing Layout version manager with metadata layout = DATANODE_SCHEMA_V3 (version = 4), software layout = DATANODE_SCHEMA_V3 (version = 4)
2022-09-30 13:40:53,605 [org.apache.hadoop.util.JvmPauseMonitor$Monitor@506260ae] INFO  util.JvmPauseMonitor (JvmPauseMonitor.java:run(188)) - Starting JVM pause monitor
2022-09-30 13:40:53,626 [Datanode State Machine Task Thread - 0] INFO  datanode.InitDatanodeState (InitDatanodeState.java:persistContainerDatanodeDetails(138)) - DatanodeDetails is persisted to /home/runner/work/ozone/ozone/hadoop-ozone/integration-test/target/test-dir/MiniOzoneClusterImpl-b8847c17-62d3-4307-a1ed-7c038275c3d3/datanode-0/meta/datanode.id
2022-09-30 13:40:53,734 [Listener at 127.0.0.1/45417] INFO  reflections.Reflections (Reflections.java:scan(232)) - Reflections took 135 ms to scan 7 urls, producing 135 keys and 327 values 
2022-09-30 13:40:53,742 [Listener at 127.0.0.1/45417] INFO  statemachine.DatanodeStateMachine (DatanodeStateMachine.java:getEndPointTaskThreadPoolSize(237)) - Datanode State Machine Task Thread Pool size 2
2022-09-30 13:40:53,745 [Listener at 127.0.0.1/45417] INFO  volume.HddsVolume (HddsVolume.java:<init>(117)) - Creating HddsVolume: /home/runner/work/ozone/ozone/hadoop-ozone/integration-test/target/test-dir/MiniOzoneClusterImpl-b8847c17-62d3-4307-a1ed-7c038275c3d3/datanode-1/data-0/containers/hdds of storage type : DISK capacity : 9223372036854775807
2022-09-30 13:40:53,746 [Listener at 127.0.0.1/45417] INFO  volume.MutableVolumeSet (MutableVolumeSet.java:initializeVolumeSet(174)) - Added Volume : /home/runner/work/ozone/ozone/hadoop-ozone/integration-test/target/test-dir/MiniOzoneClusterImpl-b8847c17-62d3-4307-a1ed-7c038275c3d3/datanode-1/data-0/containers/hdds to VolumeSet
2022-09-30 13:40:53,746 [Listener at 127.0.0.1/45417] INFO  volume.ThrottledAsyncChecker (ThrottledAsyncChecker.java:schedule(141)) - Scheduling a check for /home/runner/work/ozone/ozone/hadoop-ozone/integration-test/target/test-dir/MiniOzoneClusterImpl-b8847c17-62d3-4307-a1ed-7c038275c3d3/datanode-1/data-0/containers/hdds
2022-09-30 13:40:53,751 [Listener at 127.0.0.1/45417] INFO  volume.StorageVolumeChecker (StorageVolumeChecker.java:checkAllVolumes(202)) - Scheduled health check for volume /home/runner/work/ozone/ozone/hadoop-ozone/integration-test/target/test-dir/MiniOzoneClusterImpl-b8847c17-62d3-4307-a1ed-7c038275c3d3/datanode-1/data-0/containers/hdds
2022-09-30 13:40:53,780 [Listener at 127.0.0.1/45417] INFO  volume.MutableVolumeSet (MutableVolumeSet.java:initializeVolumeSet(174)) - Added Volume : /home/runner/work/ozone/ozone/hadoop-ozone/integration-test/target/test-dir/MiniOzoneClusterImpl-b8847c17-62d3-4307-a1ed-7c038275c3d3/datanode-1/data/ratis to VolumeSet
2022-09-30 13:40:53,781 [Listener at 127.0.0.1/45417] INFO  volume.ThrottledAsyncChecker (ThrottledAsyncChecker.java:schedule(141)) - Scheduling a check for /home/runner/work/ozone/ozone/hadoop-ozone/integration-test/target/test-dir/MiniOzoneClusterImpl-b8847c17-62d3-4307-a1ed-7c038275c3d3/datanode-1/data/ratis
2022-09-30 13:40:53,783 [Listener at 127.0.0.1/45417] INFO  volume.StorageVolumeChecker (StorageVolumeChecker.java:checkAllVolumes(202)) - Scheduled health check for volume /home/runner/work/ozone/ozone/hadoop-ozone/integration-test/target/test-dir/MiniOzoneClusterImpl-b8847c17-62d3-4307-a1ed-7c038275c3d3/datanode-1/data/ratis
2022-09-30 13:40:53,843 [Thread-586] INFO  ozoneimpl.ContainerReader (ContainerReader.java:readVolume(175)) - Finish verifying containers on volume /home/runner/work/ozone/ozone/hadoop-ozone/integration-test/target/test-dir/MiniOzoneClusterImpl-b8847c17-62d3-4307-a1ed-7c038275c3d3/datanode-1/data-0/containers/hdds
2022-09-30 13:40:53,844 [Listener at 127.0.0.1/45417] INFO  ozoneimpl.OzoneContainer (OzoneContainer.java:buildContainerSet(300)) - Build ContainerSet costs 0s
2022-09-30 13:40:53,847 [Listener at 127.0.0.1/45417] INFO  server.RaftServer (ConfUtils.java:logGet(46)) - raft.rpc.type = GRPC (default)
2022-09-30 13:40:53,848 [Listener at 127.0.0.1/45417] INFO  grpc.GrpcFactory (GrpcFactory.java:checkPooledByteBufAllocatorUseCacheForAllThreads(48)) - PERFORMANCE WARNING: useCacheForAllThreads is true that may cause Netty to create a lot garbage objects and, as a result, trigger GC.
	It is recommended to disable useCacheForAllThreads by setting -Dorg.apache.ratis.thirdparty.io.netty.allocator.useCacheForAllThreads=false in command line.
2022-09-30 13:40:53,848 [Listener at 127.0.0.1/45417] INFO  grpc.GrpcConfigKeys (ConfUtils.java:logGet(46)) - raft.grpc.admin.port = 0 (custom)
2022-09-30 13:40:53,848 [Listener at 127.0.0.1/45417] INFO  grpc.GrpcConfigKeys (ConfUtils.java:logGet(46)) - raft.grpc.client.port = 0 (custom)
2022-09-30 13:40:53,848 [Listener at 127.0.0.1/45417] INFO  grpc.GrpcConfigKeys (ConfUtils.java:logGet(46)) - raft.grpc.server.port = 0 (default)
2022-09-30 13:40:53,848 [Listener at 127.0.0.1/45417] INFO  server.GrpcService (ConfUtils.java:logGet(46)) - raft.grpc.message.size.max = 32MB (=33554432) (custom)
2022-09-30 13:40:53,850 [Listener at 127.0.0.1/45417] INFO  server.RaftServerConfigKeys (ConfUtils.java:logGet(46)) - raft.server.log.appender.buffer.byte-limit = 33554432 (custom)
2022-09-30 13:40:53,850 [Listener at 127.0.0.1/45417] INFO  server.GrpcService (ConfUtils.java:logGet(46)) - raft.grpc.flow.control.window = 5MB (=5242880) (custom)
2022-09-30 13:40:53,850 [Listener at 127.0.0.1/45417] INFO  server.RaftServerConfigKeys (ConfUtils.java:logGet(46)) - raft.server.rpc.request.timeout = 60s (custom)
2022-09-30 13:40:53,853 [Listener at 127.0.0.1/45417] INFO  grpc.GrpcConfigKeys (ConfUtils.java:logGet(46)) - raft.grpc.server.async.request.thread.pool.cached = true (default)
2022-09-30 13:40:53,853 [Listener at 127.0.0.1/45417] INFO  grpc.GrpcConfigKeys (ConfUtils.java:logGet(46)) - raft.grpc.server.async.request.thread.pool.size = 32 (default)
2022-09-30 13:40:53,854 [Listener at 127.0.0.1/45417] INFO  impl.DataStreamServerImpl (ConfUtils.java:logGet(46)) - raft.datastream.type = DISABLED (default)
2022-09-30 13:40:53,854 [Listener at 127.0.0.1/45417] INFO  server.RaftServerConfigKeys (ConfUtils.java:logGet(46)) - raft.server.threadpool.proxy.cached = true (default)
2022-09-30 13:40:53,855 [Listener at 127.0.0.1/45417] INFO  server.RaftServerConfigKeys (ConfUtils.java:logGet(46)) - raft.server.threadpool.proxy.size = 0 (default)
2022-09-30 13:40:53,855 [Listener at 127.0.0.1/45417] INFO  server.RaftServerConfigKeys (ConfUtils.java:logGet(46)) - raft.server.rpc.slowness.timeout = 300s (custom)
2022-09-30 13:40:53,855 [Listener at 127.0.0.1/45417] INFO  server.RaftServerConfigKeys (ConfUtils.java:logGet(46)) - raft.server.leaderelection.leader.step-down.wait-time = 10s (default)
2022-09-30 13:40:53,855 [Listener at 127.0.0.1/45417] INFO  server.RaftServerConfigKeys (ConfUtils.java:logGet(46)) - raft.server.storage.dir = [/home/runner/work/ozone/ozone/hadoop-ozone/integration-test/target/test-dir/MiniOzoneClusterImpl-b8847c17-62d3-4307-a1ed-7c038275c3d3/datanode-1/data/ratis] (custom)
2022-09-30 13:40:53,856 [Listener at 127.0.0.1/45417] INFO  server.XceiverServerGrpc (XceiverServerGrpc.java:<init>(132)) - GrpcServer channel type EpollServerSocketChannel
2022-09-30 13:40:53,867 [Listener at 127.0.0.1/45417] INFO  http.BaseHttpServer (BaseHttpServer.java:newHttpServer2BuilderForOzone(213)) - Starting Web-server for hddsDatanode at: http://0.0.0.0:0
2022-09-30 13:40:53,867 [Listener at 127.0.0.1/45417] INFO  http.BaseHttpServer (BaseHttpServer.java:<init>(108)) - Hadoop Security Enabled: false Ozone Security Enabled: false Ozone HTTP Security Enabled: false 
2022-09-30 13:40:53,868 [Listener at 127.0.0.1/45417] INFO  server.AuthenticationFilter (AuthenticationFilter.java:constructSecretProvider(240)) - Unable to initialize FileSignerSecretProvider, falling back to use random secrets.
2022-09-30 13:40:53,873 [Listener at 127.0.0.1/45417] WARN  http.HttpRequestLog (HttpRequestLog.java:getRequestLog(103)) - Jetty request log can only be enabled using Log4j
2022-09-30 13:40:53,876 [Listener at 127.0.0.1/45417] INFO  http.HttpServer2 (HttpServer2.java:addGlobalFilter(1029)) - Added global filter 'safety' (class=org.apache.hadoop.hdds.server.http.HttpServer2$QuotingInputFilter)
2022-09-30 13:40:53,877 [Listener at 127.0.0.1/45417] INFO  http.HttpServer2 (HttpServer2.java:addFilter(1005)) - Added filter static_user_filter (class=org.apache.hadoop.http.lib.StaticUserWebFilter$StaticUserFilter) to context hddsDatanode
2022-09-30 13:40:53,882 [Listener at 127.0.0.1/45417] INFO  http.HttpServer2 (HttpServer2.java:addFilter(1013)) - Added filter static_user_filter (class=org.apache.hadoop.http.lib.StaticUserWebFilter$StaticUserFilter) to context logs
2022-09-30 13:40:53,882 [Listener at 127.0.0.1/45417] INFO  http.HttpServer2 (HttpServer2.java:addFilter(1013)) - Added filter static_user_filter (class=org.apache.hadoop.http.lib.StaticUserWebFilter$StaticUserFilter) to context static
2022-09-30 13:40:53,882 [Listener at 127.0.0.1/45417] INFO  http.HttpServer2 (HttpServer2.java:bindListener(1248)) - Jetty bound to port 42819
2022-09-30 13:40:53,882 [Listener at 127.0.0.1/45417] INFO  server.Server (Server.java:doStart(375)) - jetty-9.4.43.v20210629; built: 2021-06-30T11:07:22.254Z; git: 526006ecfa3af7f1a27ef3a288e2bef7ea9dd7e8; jvm 1.8.0_345-b01
2022-09-30 13:40:53,892 [Listener at 127.0.0.1/45417] INFO  server.session (DefaultSessionIdManager.java:doStart(334)) - DefaultSessionIdManager workerName=node0
2022-09-30 13:40:53,892 [Listener at 127.0.0.1/45417] INFO  server.session (DefaultSessionIdManager.java:doStart(339)) - No SessionScavenger set, using defaults
2022-09-30 13:40:53,892 [Listener at 127.0.0.1/45417] INFO  server.session (HouseKeeper.java:startScavenging(132)) - node0 Scavenging every 660000ms
2022-09-30 13:40:53,893 [Listener at 127.0.0.1/45417] INFO  handler.ContextHandler (ContextHandler.java:doStart(915)) - Started o.e.j.s.ServletContextHandler@71f287fa{logs,/logs,file:///home/runner/work/ozone/ozone/hadoop-ozone/integration-test/target/log,AVAILABLE}
2022-09-30 13:40:53,894 [Listener at 127.0.0.1/45417] INFO  handler.ContextHandler (ContextHandler.java:doStart(915)) - Started o.e.j.s.ServletContextHandler@5066f6cc{static,/static,jar:file:/home/runner/.m2/repository/org/apache/ozone/hdds-container-service/1.3.0-SNAPSHOT/hdds-container-service-1.3.0-SNAPSHOT.jar!/webapps/static,AVAILABLE}
2022-09-30 13:40:53,925 [ReplicationMonitor] INFO  replication.ReplicationManager (ReplicationManager.java:processAll(291)) - Replication Manager is not ready to run until 3000ms after safemode exit
2022-09-30 13:40:53,967 [Under Replicated Processor] INFO  replication.UnderReplicatedProcessor (UnderReplicatedProcessor.java:processAll(92)) - Processed 0 under replicated containers, failed processing 0
2022-09-30 13:40:53,991 [ReplicationMonitor] INFO  replication.ReplicationManager (ReplicationManager.java:processAll(324)) - Replication Monitor Thread took 1 milliseconds for processing 3 containers.
2022-09-30 13:40:53,998 [Over Replicated Processor] INFO  replication.OverReplicatedProcessor (OverReplicatedProcessor.java:processAll(90)) - Processed 0 over replicated containers, failed processing 0
2022-09-30 13:40:54,267 [Listener at 127.0.0.1/45417] INFO  handler.ContextHandler (ContextHandler.java:doStart(915)) - Started o.e.j.w.WebAppContext@1db5c49{hddsDatanode,/,file:///tmp/jetty-0_0_0_0-42819-hdds-container-service-1_3_0-SNAPSHOT_jar-_-any-5597651956769424538/webapp/,AVAILABLE}{jar:file:/home/runner/.m2/repository/org/apache/ozone/hdds-container-service/1.3.0-SNAPSHOT/hdds-container-service-1.3.0-SNAPSHOT.jar!/webapps/hddsDatanode}
2022-09-30 13:40:54,269 [Listener at 127.0.0.1/45417] INFO  server.AbstractConnector (AbstractConnector.java:doStart(331)) - Started ServerConnector@5e607c4c{HTTP/1.1, (http/1.1)}{0.0.0.0:42819}
2022-09-30 13:40:54,269 [Listener at 127.0.0.1/45417] INFO  server.Server (Server.java:doStart(415)) - Started @42026ms
2022-09-30 13:40:54,269 [Listener at 127.0.0.1/45417] WARN  impl.MetricsSystemImpl (MetricsSystemImpl.java:register(279)) - Sink prometheus already exists!
2022-09-30 13:40:54,270 [Listener at 127.0.0.1/45417] INFO  http.BaseHttpServer (BaseHttpServer.java:updateConnectorAddress(333)) - HTTP server of hddsDatanode listening at http://0.0.0.0:42819
2022-09-30 13:40:54,270 [Listener at 127.0.0.1/45417] WARN  impl.MetricRegistriesImpl (MetricRegistriesImpl.java:addReporterRegistration(111)) - New reporters are added after registries were created. Some metrics will be missing from the reporter. Please add reporter before adding any new registry.
2022-09-30 13:40:54,270 [Listener at 127.0.0.1/45417] WARN  impl.MetricRegistriesImpl (MetricRegistriesImpl.java:addReporterRegistration(111)) - New reporters are added after registries were created. Some metrics will be missing from the reporter. Please add reporter before adding any new registry.
2022-09-30 13:40:54,270 [Listener at 127.0.0.1/45417] INFO  impl.MetricsSystemImpl (MetricsSystemImpl.java:init(158)) - HddsDatanode metrics system started (again)
2022-09-30 13:40:54,278 [Datanode State Machine Daemon Thread] INFO  statemachine.DatanodeStateMachine (DatanodeStateMachine.java:lambda$startDaemon$0(492)) - Ozone container server started.
2022-09-30 13:40:54,285 [Listener at 127.0.0.1/45417] INFO  ozone.HddsDatanodeService (HddsDatanodeService.java:start(236)) - HddsDatanodeService host:fv-az264-432.ca02foy5wcnuvlrvrz2wi3p2og.dx.internal.cloudapp.net ip:10.1.0.210
2022-09-30 13:40:54,321 [Datanode State Machine Task Thread - 0] INFO  datanode.InitDatanodeState (InitDatanodeState.java:persistContainerDatanodeDetails(138)) - DatanodeDetails is persisted to /home/runner/work/ozone/ozone/hadoop-ozone/integration-test/target/test-dir/MiniOzoneClusterImpl-b8847c17-62d3-4307-a1ed-7c038275c3d3/datanode-1/meta/datanode.id
2022-09-30 13:40:54,329 [org.apache.hadoop.util.JvmPauseMonitor$Monitor@6f0c624c] INFO  util.JvmPauseMonitor (JvmPauseMonitor.java:run(188)) - Starting JVM pause monitor
2022-09-30 13:40:54,338 [Listener at 127.0.0.1/45417] INFO  upgrade.AbstractLayoutVersionManager (AbstractLayoutVersionManager.java:init(83)) - Initializing Layout version manager with metadata layout = DATANODE_SCHEMA_V3 (version = 4), software layout = DATANODE_SCHEMA_V3 (version = 4)
2022-09-30 13:40:54,441 [Listener at 127.0.0.1/45417] INFO  reflections.Reflections (Reflections.java:scan(232)) - Reflections took 102 ms to scan 7 urls, producing 135 keys and 327 values 
2022-09-30 13:40:54,443 [Listener at 127.0.0.1/45417] INFO  statemachine.DatanodeStateMachine (DatanodeStateMachine.java:getEndPointTaskThreadPoolSize(237)) - Datanode State Machine Task Thread Pool size 2
2022-09-30 13:40:54,457 [Listener at 127.0.0.1/45417] INFO  volume.HddsVolume (HddsVolume.java:<init>(117)) - Creating HddsVolume: /home/runner/work/ozone/ozone/hadoop-ozone/integration-test/target/test-dir/MiniOzoneClusterImpl-b8847c17-62d3-4307-a1ed-7c038275c3d3/datanode-2/data-0/containers/hdds of storage type : DISK capacity : 9223372036854775807
2022-09-30 13:40:54,457 [Listener at 127.0.0.1/45417] INFO  volume.MutableVolumeSet (MutableVolumeSet.java:initializeVolumeSet(174)) - Added Volume : /home/runner/work/ozone/ozone/hadoop-ozone/integration-test/target/test-dir/MiniOzoneClusterImpl-b8847c17-62d3-4307-a1ed-7c038275c3d3/datanode-2/data-0/containers/hdds to VolumeSet
2022-09-30 13:40:54,457 [Listener at 127.0.0.1/45417] INFO  volume.ThrottledAsyncChecker (ThrottledAsyncChecker.java:schedule(141)) - Scheduling a check for /home/runner/work/ozone/ozone/hadoop-ozone/integration-test/target/test-dir/MiniOzoneClusterImpl-b8847c17-62d3-4307-a1ed-7c038275c3d3/datanode-2/data-0/containers/hdds
2022-09-30 13:40:54,460 [Listener at 127.0.0.1/45417] INFO  volume.StorageVolumeChecker (StorageVolumeChecker.java:checkAllVolumes(202)) - Scheduled health check for volume /home/runner/work/ozone/ozone/hadoop-ozone/integration-test/target/test-dir/MiniOzoneClusterImpl-b8847c17-62d3-4307-a1ed-7c038275c3d3/datanode-2/data-0/containers/hdds
2022-09-30 13:40:54,478 [Listener at 127.0.0.1/45417] INFO  volume.MutableVolumeSet (MutableVolumeSet.java:initializeVolumeSet(174)) - Added Volume : /home/runner/work/ozone/ozone/hadoop-ozone/integration-test/target/test-dir/MiniOzoneClusterImpl-b8847c17-62d3-4307-a1ed-7c038275c3d3/datanode-2/data/ratis to VolumeSet
2022-09-30 13:40:54,478 [Listener at 127.0.0.1/45417] INFO  volume.ThrottledAsyncChecker (ThrottledAsyncChecker.java:schedule(141)) - Scheduling a check for /home/runner/work/ozone/ozone/hadoop-ozone/integration-test/target/test-dir/MiniOzoneClusterImpl-b8847c17-62d3-4307-a1ed-7c038275c3d3/datanode-2/data/ratis
2022-09-30 13:40:54,479 [Listener at 127.0.0.1/45417] INFO  volume.StorageVolumeChecker (StorageVolumeChecker.java:checkAllVolumes(202)) - Scheduled health check for volume /home/runner/work/ozone/ozone/hadoop-ozone/integration-test/target/test-dir/MiniOzoneClusterImpl-b8847c17-62d3-4307-a1ed-7c038275c3d3/datanode-2/data/ratis
2022-09-30 13:40:54,497 [Thread-671] INFO  ozoneimpl.ContainerReader (ContainerReader.java:readVolume(175)) - Finish verifying containers on volume /home/runner/work/ozone/ozone/hadoop-ozone/integration-test/target/test-dir/MiniOzoneClusterImpl-b8847c17-62d3-4307-a1ed-7c038275c3d3/datanode-2/data-0/containers/hdds
2022-09-30 13:40:54,498 [Listener at 127.0.0.1/45417] INFO  ozoneimpl.OzoneContainer (OzoneContainer.java:buildContainerSet(300)) - Build ContainerSet costs 0s
2022-09-30 13:40:54,500 [Listener at 127.0.0.1/45417] INFO  server.RaftServer (ConfUtils.java:logGet(46)) - raft.rpc.type = GRPC (default)
2022-09-30 13:40:54,500 [Listener at 127.0.0.1/45417] INFO  grpc.GrpcFactory (GrpcFactory.java:checkPooledByteBufAllocatorUseCacheForAllThreads(48)) - PERFORMANCE WARNING: useCacheForAllThreads is true that may cause Netty to create a lot garbage objects and, as a result, trigger GC.
	It is recommended to disable useCacheForAllThreads by setting -Dorg.apache.ratis.thirdparty.io.netty.allocator.useCacheForAllThreads=false in command line.
2022-09-30 13:40:54,500 [Listener at 127.0.0.1/45417] INFO  grpc.GrpcConfigKeys (ConfUtils.java:logGet(46)) - raft.grpc.admin.port = 0 (custom)
2022-09-30 13:40:54,500 [Listener at 127.0.0.1/45417] INFO  grpc.GrpcConfigKeys (ConfUtils.java:logGet(46)) - raft.grpc.client.port = 0 (custom)
2022-09-30 13:40:54,500 [Listener at 127.0.0.1/45417] INFO  grpc.GrpcConfigKeys (ConfUtils.java:logGet(46)) - raft.grpc.server.port = 0 (default)
2022-09-30 13:40:54,500 [Listener at 127.0.0.1/45417] INFO  server.GrpcService (ConfUtils.java:logGet(46)) - raft.grpc.message.size.max = 32MB (=33554432) (custom)
2022-09-30 13:40:54,500 [Listener at 127.0.0.1/45417] INFO  server.RaftServerConfigKeys (ConfUtils.java:logGet(46)) - raft.server.log.appender.buffer.byte-limit = 33554432 (custom)
2022-09-30 13:40:54,500 [Listener at 127.0.0.1/45417] INFO  server.GrpcService (ConfUtils.java:logGet(46)) - raft.grpc.flow.control.window = 5MB (=5242880) (custom)
2022-09-30 13:40:54,500 [Listener at 127.0.0.1/45417] INFO  server.RaftServerConfigKeys (ConfUtils.java:logGet(46)) - raft.server.rpc.request.timeout = 60s (custom)
2022-09-30 13:40:54,500 [Listener at 127.0.0.1/45417] INFO  grpc.GrpcConfigKeys (ConfUtils.java:logGet(46)) - raft.grpc.server.async.request.thread.pool.cached = true (default)
2022-09-30 13:40:54,501 [Listener at 127.0.0.1/45417] INFO  grpc.GrpcConfigKeys (ConfUtils.java:logGet(46)) - raft.grpc.server.async.request.thread.pool.size = 32 (default)
2022-09-30 13:40:54,502 [Listener at 127.0.0.1/45417] INFO  impl.DataStreamServerImpl (ConfUtils.java:logGet(46)) - raft.datastream.type = DISABLED (default)
2022-09-30 13:40:54,502 [Listener at 127.0.0.1/45417] INFO  server.RaftServerConfigKeys (ConfUtils.java:logGet(46)) - raft.server.threadpool.proxy.cached = true (default)
2022-09-30 13:40:54,502 [Listener at 127.0.0.1/45417] INFO  server.RaftServerConfigKeys (ConfUtils.java:logGet(46)) - raft.server.threadpool.proxy.size = 0 (default)
2022-09-30 13:40:54,502 [Listener at 127.0.0.1/45417] INFO  server.RaftServerConfigKeys (ConfUtils.java:logGet(46)) - raft.server.rpc.slowness.timeout = 300s (custom)
2022-09-30 13:40:54,502 [Listener at 127.0.0.1/45417] INFO  server.RaftServerConfigKeys (ConfUtils.java:logGet(46)) - raft.server.leaderelection.leader.step-down.wait-time = 10s (default)
2022-09-30 13:40:54,503 [Listener at 127.0.0.1/45417] INFO  server.RaftServerConfigKeys (ConfUtils.java:logGet(46)) - raft.server.storage.dir = [/home/runner/work/ozone/ozone/hadoop-ozone/integration-test/target/test-dir/MiniOzoneClusterImpl-b8847c17-62d3-4307-a1ed-7c038275c3d3/datanode-2/data/ratis] (custom)
2022-09-30 13:40:54,507 [Listener at 127.0.0.1/45417] INFO  server.XceiverServerGrpc (XceiverServerGrpc.java:<init>(132)) - GrpcServer channel type EpollServerSocketChannel
2022-09-30 13:40:54,510 [Listener at 127.0.0.1/45417] INFO  http.BaseHttpServer (BaseHttpServer.java:newHttpServer2BuilderForOzone(213)) - Starting Web-server for hddsDatanode at: http://0.0.0.0:0
2022-09-30 13:40:54,515 [Listener at 127.0.0.1/45417] INFO  http.BaseHttpServer (BaseHttpServer.java:<init>(108)) - Hadoop Security Enabled: false Ozone Security Enabled: false Ozone HTTP Security Enabled: false 
2022-09-30 13:40:54,516 [Listener at 127.0.0.1/45417] INFO  server.AuthenticationFilter (AuthenticationFilter.java:constructSecretProvider(240)) - Unable to initialize FileSignerSecretProvider, falling back to use random secrets.
2022-09-30 13:40:54,518 [Listener at 127.0.0.1/45417] WARN  http.HttpRequestLog (HttpRequestLog.java:getRequestLog(103)) - Jetty request log can only be enabled using Log4j
2022-09-30 13:40:54,519 [Listener at 127.0.0.1/45417] INFO  http.HttpServer2 (HttpServer2.java:addGlobalFilter(1029)) - Added global filter 'safety' (class=org.apache.hadoop.hdds.server.http.HttpServer2$QuotingInputFilter)
2022-09-30 13:40:54,520 [Listener at 127.0.0.1/45417] INFO  http.HttpServer2 (HttpServer2.java:addFilter(1005)) - Added filter static_user_filter (class=org.apache.hadoop.http.lib.StaticUserWebFilter$StaticUserFilter) to context hddsDatanode
2022-09-30 13:40:54,520 [Listener at 127.0.0.1/45417] INFO  http.HttpServer2 (HttpServer2.java:addFilter(1013)) - Added filter static_user_filter (class=org.apache.hadoop.http.lib.StaticUserWebFilter$StaticUserFilter) to context logs
2022-09-30 13:40:54,520 [Listener at 127.0.0.1/45417] INFO  http.HttpServer2 (HttpServer2.java:addFilter(1013)) - Added filter static_user_filter (class=org.apache.hadoop.http.lib.StaticUserWebFilter$StaticUserFilter) to context static
2022-09-30 13:40:54,520 [Listener at 127.0.0.1/45417] INFO  http.HttpServer2 (HttpServer2.java:bindListener(1248)) - Jetty bound to port 37281
2022-09-30 13:40:54,521 [Listener at 127.0.0.1/45417] INFO  server.Server (Server.java:doStart(375)) - jetty-9.4.43.v20210629; built: 2021-06-30T11:07:22.254Z; git: 526006ecfa3af7f1a27ef3a288e2bef7ea9dd7e8; jvm 1.8.0_345-b01
2022-09-30 13:40:54,546 [Listener at 127.0.0.1/45417] INFO  server.session (DefaultSessionIdManager.java:doStart(334)) - DefaultSessionIdManager workerName=node0
2022-09-30 13:40:54,546 [Listener at 127.0.0.1/45417] INFO  server.session (DefaultSessionIdManager.java:doStart(339)) - No SessionScavenger set, using defaults
2022-09-30 13:40:54,546 [Listener at 127.0.0.1/45417] INFO  server.session (HouseKeeper.java:startScavenging(132)) - node0 Scavenging every 660000ms
2022-09-30 13:40:54,549 [Listener at 127.0.0.1/45417] INFO  handler.ContextHandler (ContextHandler.java:doStart(915)) - Started o.e.j.s.ServletContextHandler@66706162{logs,/logs,file:///home/runner/work/ozone/ozone/hadoop-ozone/integration-test/target/log,AVAILABLE}
2022-09-30 13:40:54,550 [Listener at 127.0.0.1/45417] INFO  handler.ContextHandler (ContextHandler.java:doStart(915)) - Started o.e.j.s.ServletContextHandler@3d9db41b{static,/static,jar:file:/home/runner/.m2/repository/org/apache/ozone/hdds-container-service/1.3.0-SNAPSHOT/hdds-container-service-1.3.0-SNAPSHOT.jar!/webapps/static,AVAILABLE}
2022-09-30 13:40:54,851 [Listener at 127.0.0.1/45417] INFO  handler.ContextHandler (ContextHandler.java:doStart(915)) - Started o.e.j.w.WebAppContext@7ddb8106{hddsDatanode,/,file:///tmp/jetty-0_0_0_0-37281-hdds-container-service-1_3_0-SNAPSHOT_jar-_-any-8948542303614834488/webapp/,AVAILABLE}{jar:file:/home/runner/.m2/repository/org/apache/ozone/hdds-container-service/1.3.0-SNAPSHOT/hdds-container-service-1.3.0-SNAPSHOT.jar!/webapps/hddsDatanode}
2022-09-30 13:40:54,856 [Listener at 127.0.0.1/45417] INFO  server.AbstractConnector (AbstractConnector.java:doStart(331)) - Started ServerConnector@243c20bb{HTTP/1.1, (http/1.1)}{0.0.0.0:37281}
2022-09-30 13:40:54,856 [Listener at 127.0.0.1/45417] INFO  server.Server (Server.java:doStart(415)) - Started @42613ms
2022-09-30 13:40:54,856 [Listener at 127.0.0.1/45417] WARN  impl.MetricsSystemImpl (MetricsSystemImpl.java:register(279)) - Sink prometheus already exists!
2022-09-30 13:40:54,856 [Listener at 127.0.0.1/45417] INFO  http.BaseHttpServer (BaseHttpServer.java:updateConnectorAddress(333)) - HTTP server of hddsDatanode listening at http://0.0.0.0:37281
2022-09-30 13:40:54,857 [Listener at 127.0.0.1/45417] WARN  impl.MetricRegistriesImpl (MetricRegistriesImpl.java:addReporterRegistration(111)) - New reporters are added after registries were created. Some metrics will be missing from the reporter. Please add reporter before adding any new registry.
2022-09-30 13:40:54,857 [Listener at 127.0.0.1/45417] WARN  impl.MetricRegistriesImpl (MetricRegistriesImpl.java:addReporterRegistration(111)) - New reporters are added after registries were created. Some metrics will be missing from the reporter. Please add reporter before adding any new registry.
2022-09-30 13:40:54,857 [Listener at 127.0.0.1/45417] INFO  impl.MetricsSystemImpl (MetricsSystemImpl.java:init(158)) - HddsDatanode metrics system started (again)
2022-09-30 13:40:54,860 [Datanode State Machine Daemon Thread] INFO  statemachine.DatanodeStateMachine (DatanodeStateMachine.java:lambda$startDaemon$0(492)) - Ozone container server started.
2022-09-30 13:40:54,868 [IPC Server handler 7 on default port 33991] INFO  pipeline.PipelineStateManagerImpl (PipelineStateManagerImpl.java:addPipeline(103)) - Created pipeline Pipeline[ Id: bad93908-4435-4c33-a570-099bbc3da3d7, Nodes: 93a726fc-a128-4d5e-9b28-98a1d7a8eb0c{ip: 10.1.0.210, host: fv-az264-432.ca02foy5wcnuvlrvrz2wi3p2og.dx.internal.cloudapp.net, ports: [REPLICATION=34975, RATIS=43289, RATIS_ADMIN=43289, RATIS_SERVER=43289, STANDALONE=44081], networkLocation: /default-rack, certSerialId: null, persistedOpState: null, persistedOpStateExpiryEpochSec: 0}63487312-87aa-4652-9988-76e01a899b42{ip: 10.1.0.210, host: fv-az264-432.ca02foy5wcnuvlrvrz2wi3p2og.dx.internal.cloudapp.net, ports: [REPLICATION=33927, RATIS=39059, RATIS_ADMIN=39059, RATIS_SERVER=39059, STANDALONE=46255], networkLocation: /default-rack, certSerialId: null, persistedOpState: null, persistedOpStateExpiryEpochSec: 0}62666bfa-5b48-4194-8431-0a6941154381{ip: 10.1.0.210, host: fv-az264-432.ca02foy5wcnuvlrvrz2wi3p2og.dx.internal.cloudapp.net, ports: [REPLICATION=41651, RATIS=41785, RATIS_ADMIN=41785, RATIS_SERVER=41785, STANDALONE=43973], networkLocation: /default-rack, certSerialId: null, persistedOpState: null, persistedOpStateExpiryEpochSec: 0}97e8c787-6023-4421-819a-0b5ced458c94{ip: 10.1.0.210, host: fv-az264-432.ca02foy5wcnuvlrvrz2wi3p2og.dx.internal.cloudapp.net, ports: [REPLICATION=41907, RATIS=36437, RATIS_ADMIN=36437, RATIS_SERVER=36437, STANDALONE=34177], networkLocation: /default-rack, certSerialId: null, persistedOpState: null, persistedOpStateExpiryEpochSec: 0}43811407-7c21-4fcd-ab69-dbd9b60ed504{ip: 10.1.0.210, host: fv-az264-432.ca02foy5wcnuvlrvrz2wi3p2og.dx.internal.cloudapp.net, ports: [REPLICATION=35185, RATIS=42941, RATIS_ADMIN=42941, RATIS_SERVER=42941, STANDALONE=35079], networkLocation: /default-rack, certSerialId: null, persistedOpState: null, persistedOpStateExpiryEpochSec: 0}, ReplicationConfig: EC/ECReplicationConfig{data=3, parity=2, ecChunkSize=1048576, codec=rs}, State:ALLOCATED, leaderId:, CreationTimestamp2022-09-30T13:40:54.867Z[Etc/UTC]].
2022-09-30 13:40:54,869 [IPC Server handler 7 on default port 33991] INFO  pipeline.PipelineManagerImpl (PipelineManagerImpl.java:openPipeline(367)) - Pipeline Pipeline[ Id: bad93908-4435-4c33-a570-099bbc3da3d7, Nodes: 93a726fc-a128-4d5e-9b28-98a1d7a8eb0c{ip: 10.1.0.210, host: fv-az264-432.ca02foy5wcnuvlrvrz2wi3p2og.dx.internal.cloudapp.net, ports: [REPLICATION=34975, RATIS=43289, RATIS_ADMIN=43289, RATIS_SERVER=43289, STANDALONE=44081], networkLocation: /default-rack, certSerialId: null, persistedOpState: null, persistedOpStateExpiryEpochSec: 0}63487312-87aa-4652-9988-76e01a899b42{ip: 10.1.0.210, host: fv-az264-432.ca02foy5wcnuvlrvrz2wi3p2og.dx.internal.cloudapp.net, ports: [REPLICATION=33927, RATIS=39059, RATIS_ADMIN=39059, RATIS_SERVER=39059, STANDALONE=46255], networkLocation: /default-rack, certSerialId: null, persistedOpState: null, persistedOpStateExpiryEpochSec: 0}62666bfa-5b48-4194-8431-0a6941154381{ip: 10.1.0.210, host: fv-az264-432.ca02foy5wcnuvlrvrz2wi3p2og.dx.internal.cloudapp.net, ports: [REPLICATION=41651, RATIS=41785, RATIS_ADMIN=41785, RATIS_SERVER=41785, STANDALONE=43973], networkLocation: /default-rack, certSerialId: null, persistedOpState: null, persistedOpStateExpiryEpochSec: 0}97e8c787-6023-4421-819a-0b5ced458c94{ip: 10.1.0.210, host: fv-az264-432.ca02foy5wcnuvlrvrz2wi3p2og.dx.internal.cloudapp.net, ports: [REPLICATION=41907, RATIS=36437, RATIS_ADMIN=36437, RATIS_SERVER=36437, STANDALONE=34177], networkLocation: /default-rack, certSerialId: null, persistedOpState: null, persistedOpStateExpiryEpochSec: 0}43811407-7c21-4fcd-ab69-dbd9b60ed504{ip: 10.1.0.210, host: fv-az264-432.ca02foy5wcnuvlrvrz2wi3p2og.dx.internal.cloudapp.net, ports: [REPLICATION=35185, RATIS=42941, RATIS_ADMIN=42941, RATIS_SERVER=42941, STANDALONE=35079], networkLocation: /default-rack, certSerialId: null, persistedOpState: null, persistedOpStateExpiryEpochSec: 0}, ReplicationConfig: EC/ECReplicationConfig{data=3, parity=2, ecChunkSize=1048576, codec=rs}, State:ALLOCATED, leaderId:, CreationTimestamp2022-09-30T13:40:54.867Z[Etc/UTC]] moved to OPEN state
2022-09-30 13:40:54,901 [Datanode State Machine Task Thread - 0] INFO  datanode.InitDatanodeState (InitDatanodeState.java:persistContainerDatanodeDetails(138)) - DatanodeDetails is persisted to /home/runner/work/ozone/ozone/hadoop-ozone/integration-test/target/test-dir/MiniOzoneClusterImpl-b8847c17-62d3-4307-a1ed-7c038275c3d3/datanode-2/meta/datanode.id
2022-09-30 13:40:54,902 [org.apache.hadoop.util.JvmPauseMonitor$Monitor@170ff2fb] INFO  util.JvmPauseMonitor (JvmPauseMonitor.java:run(188)) - Starting JVM pause monitor
2022-09-30 13:40:54,905 [Listener at 127.0.0.1/45417] INFO  ozone.HddsDatanodeService (HddsDatanodeService.java:start(236)) - HddsDatanodeService host:fv-az264-432.ca02foy5wcnuvlrvrz2wi3p2og.dx.internal.cloudapp.net ip:10.1.0.210
2022-09-30 13:40:54,926 [ReplicationMonitor] INFO  replication.ReplicationManager (ReplicationManager.java:processAll(291)) - Replication Manager is not ready to run until 3000ms after safemode exit
2022-09-30 13:40:54,935 [main] WARN  erasurecode.ErasureCodeNative (ErasureCodeNative.java:<clinit>(55)) - ISA-L support is not available in your platform... using builtin-java codec where applicable
2022-09-30 13:40:54,939 [Listener at 127.0.0.1/45417] INFO  upgrade.AbstractLayoutVersionManager (AbstractLayoutVersionManager.java:init(83)) - Initializing Layout version manager with metadata layout = DATANODE_SCHEMA_V3 (version = 4), software layout = DATANODE_SCHEMA_V3 (version = 4)
2022-09-30 13:40:54,967 [Under Replicated Processor] INFO  replication.UnderReplicatedProcessor (UnderReplicatedProcessor.java:processAll(92)) - Processed 0 under replicated containers, failed processing 0
2022-09-30 13:40:54,994 [ReplicationMonitor] INFO  replication.ReplicationManager (ReplicationManager.java:processAll(324)) - Replication Monitor Thread took 2 milliseconds for processing 4 containers.
2022-09-30 13:40:54,998 [Over Replicated Processor] INFO  replication.OverReplicatedProcessor (OverReplicatedProcessor.java:processAll(90)) - Processed 0 over replicated containers, failed processing 0
2022-09-30 13:40:55,015 [Listener at 127.0.0.1/45417] INFO  reflections.Reflections (Reflections.java:scan(232)) - Reflections took 71 ms to scan 7 urls, producing 135 keys and 327 values 
2022-09-30 13:40:55,018 [Listener at 127.0.0.1/45417] INFO  statemachine.DatanodeStateMachine (DatanodeStateMachine.java:getEndPointTaskThreadPoolSize(237)) - Datanode State Machine Task Thread Pool size 2
2022-09-30 13:40:55,021 [Listener at 127.0.0.1/45417] INFO  volume.HddsVolume (HddsVolume.java:<init>(117)) - Creating HddsVolume: /home/runner/work/ozone/ozone/hadoop-ozone/integration-test/target/test-dir/MiniOzoneClusterImpl-b8847c17-62d3-4307-a1ed-7c038275c3d3/datanode-3/data-0/containers/hdds of storage type : DISK capacity : 9223372036854775807
2022-09-30 13:40:55,022 [Listener at 127.0.0.1/45417] INFO  volume.MutableVolumeSet (MutableVolumeSet.java:initializeVolumeSet(174)) - Added Volume : /home/runner/work/ozone/ozone/hadoop-ozone/integration-test/target/test-dir/MiniOzoneClusterImpl-b8847c17-62d3-4307-a1ed-7c038275c3d3/datanode-3/data-0/containers/hdds to VolumeSet
2022-09-30 13:40:55,022 [Listener at 127.0.0.1/45417] INFO  volume.ThrottledAsyncChecker (ThrottledAsyncChecker.java:schedule(141)) - Scheduling a check for /home/runner/work/ozone/ozone/hadoop-ozone/integration-test/target/test-dir/MiniOzoneClusterImpl-b8847c17-62d3-4307-a1ed-7c038275c3d3/datanode-3/data-0/containers/hdds
2022-09-30 13:40:55,032 [Listener at 127.0.0.1/45417] INFO  volume.StorageVolumeChecker (StorageVolumeChecker.java:checkAllVolumes(202)) - Scheduled health check for volume /home/runner/work/ozone/ozone/hadoop-ozone/integration-test/target/test-dir/MiniOzoneClusterImpl-b8847c17-62d3-4307-a1ed-7c038275c3d3/datanode-3/data-0/containers/hdds
2022-09-30 13:40:55,053 [Listener at 127.0.0.1/45417] INFO  volume.MutableVolumeSet (MutableVolumeSet.java:initializeVolumeSet(174)) - Added Volume : /home/runner/work/ozone/ozone/hadoop-ozone/integration-test/target/test-dir/MiniOzoneClusterImpl-b8847c17-62d3-4307-a1ed-7c038275c3d3/datanode-3/data/ratis to VolumeSet
2022-09-30 13:40:55,053 [Listener at 127.0.0.1/45417] INFO  volume.ThrottledAsyncChecker (ThrottledAsyncChecker.java:schedule(141)) - Scheduling a check for /home/runner/work/ozone/ozone/hadoop-ozone/integration-test/target/test-dir/MiniOzoneClusterImpl-b8847c17-62d3-4307-a1ed-7c038275c3d3/datanode-3/data/ratis
2022-09-30 13:40:55,053 [Listener at 127.0.0.1/45417] INFO  volume.StorageVolumeChecker (StorageVolumeChecker.java:checkAllVolumes(202)) - Scheduled health check for volume /home/runner/work/ozone/ozone/hadoop-ozone/integration-test/target/test-dir/MiniOzoneClusterImpl-b8847c17-62d3-4307-a1ed-7c038275c3d3/datanode-3/data/ratis
2022-09-30 13:40:55,110 [Thread-729] INFO  ozoneimpl.ContainerReader (ContainerReader.java:readVolume(175)) - Finish verifying containers on volume /home/runner/work/ozone/ozone/hadoop-ozone/integration-test/target/test-dir/MiniOzoneClusterImpl-b8847c17-62d3-4307-a1ed-7c038275c3d3/datanode-3/data-0/containers/hdds
2022-09-30 13:40:55,110 [Listener at 127.0.0.1/45417] INFO  ozoneimpl.OzoneContainer (OzoneContainer.java:buildContainerSet(300)) - Build ContainerSet costs 0s
2022-09-30 13:40:55,112 [Listener at 127.0.0.1/45417] INFO  server.RaftServer (ConfUtils.java:logGet(46)) - raft.rpc.type = GRPC (default)
2022-09-30 13:40:55,113 [Listener at 127.0.0.1/45417] INFO  grpc.GrpcFactory (GrpcFactory.java:checkPooledByteBufAllocatorUseCacheForAllThreads(48)) - PERFORMANCE WARNING: useCacheForAllThreads is true that may cause Netty to create a lot garbage objects and, as a result, trigger GC.
	It is recommended to disable useCacheForAllThreads by setting -Dorg.apache.ratis.thirdparty.io.netty.allocator.useCacheForAllThreads=false in command line.
2022-09-30 13:40:55,113 [Listener at 127.0.0.1/45417] INFO  grpc.GrpcConfigKeys (ConfUtils.java:logGet(46)) - raft.grpc.admin.port = 0 (custom)
2022-09-30 13:40:55,113 [Listener at 127.0.0.1/45417] INFO  grpc.GrpcConfigKeys (ConfUtils.java:logGet(46)) - raft.grpc.client.port = 0 (custom)
2022-09-30 13:40:55,113 [Listener at 127.0.0.1/45417] INFO  grpc.GrpcConfigKeys (ConfUtils.java:logGet(46)) - raft.grpc.server.port = 0 (default)
2022-09-30 13:40:55,113 [Listener at 127.0.0.1/45417] INFO  server.GrpcService (ConfUtils.java:logGet(46)) - raft.grpc.message.size.max = 32MB (=33554432) (custom)
2022-09-30 13:40:55,113 [Listener at 127.0.0.1/45417] INFO  server.RaftServerConfigKeys (ConfUtils.java:logGet(46)) - raft.server.log.appender.buffer.byte-limit = 33554432 (custom)
2022-09-30 13:40:55,113 [Listener at 127.0.0.1/45417] INFO  server.GrpcService (ConfUtils.java:logGet(46)) - raft.grpc.flow.control.window = 5MB (=5242880) (custom)
2022-09-30 13:40:55,113 [Listener at 127.0.0.1/45417] INFO  server.RaftServerConfigKeys (ConfUtils.java:logGet(46)) - raft.server.rpc.request.timeout = 60s (custom)
2022-09-30 13:40:55,114 [Listener at 127.0.0.1/45417] INFO  grpc.GrpcConfigKeys (ConfUtils.java:logGet(46)) - raft.grpc.server.async.request.thread.pool.cached = true (default)
2022-09-30 13:40:55,114 [Listener at 127.0.0.1/45417] INFO  grpc.GrpcConfigKeys (ConfUtils.java:logGet(46)) - raft.grpc.server.async.request.thread.pool.size = 32 (default)
2022-09-30 13:40:55,115 [Listener at 127.0.0.1/45417] INFO  impl.DataStreamServerImpl (ConfUtils.java:logGet(46)) - raft.datastream.type = DISABLED (default)
2022-09-30 13:40:55,115 [Listener at 127.0.0.1/45417] INFO  server.RaftServerConfigKeys (ConfUtils.java:logGet(46)) - raft.server.threadpool.proxy.cached = true (default)
2022-09-30 13:40:55,115 [Listener at 127.0.0.1/45417] INFO  server.RaftServerConfigKeys (ConfUtils.java:logGet(46)) - raft.server.threadpool.proxy.size = 0 (default)
2022-09-30 13:40:55,115 [Listener at 127.0.0.1/45417] INFO  server.RaftServerConfigKeys (ConfUtils.java:logGet(46)) - raft.server.rpc.slowness.timeout = 300s (custom)
2022-09-30 13:40:55,115 [Listener at 127.0.0.1/45417] INFO  server.RaftServerConfigKeys (ConfUtils.java:logGet(46)) - raft.server.leaderelection.leader.step-down.wait-time = 10s (default)
2022-09-30 13:40:55,116 [Listener at 127.0.0.1/45417] INFO  server.RaftServerConfigKeys (ConfUtils.java:logGet(46)) - raft.server.storage.dir = [/home/runner/work/ozone/ozone/hadoop-ozone/integration-test/target/test-dir/MiniOzoneClusterImpl-b8847c17-62d3-4307-a1ed-7c038275c3d3/datanode-3/data/ratis] (custom)
2022-09-30 13:40:55,126 [Listener at 127.0.0.1/45417] INFO  server.XceiverServerGrpc (XceiverServerGrpc.java:<init>(132)) - GrpcServer channel type EpollServerSocketChannel
2022-09-30 13:40:55,139 [Listener at 127.0.0.1/45417] INFO  http.BaseHttpServer (BaseHttpServer.java:newHttpServer2BuilderForOzone(213)) - Starting Web-server for hddsDatanode at: http://0.0.0.0:0
2022-09-30 13:40:55,139 [Listener at 127.0.0.1/45417] INFO  http.BaseHttpServer (BaseHttpServer.java:<init>(108)) - Hadoop Security Enabled: false Ozone Security Enabled: false Ozone HTTP Security Enabled: false 
2022-09-30 13:40:55,141 [Listener at 127.0.0.1/45417] INFO  server.AuthenticationFilter (AuthenticationFilter.java:constructSecretProvider(240)) - Unable to initialize FileSignerSecretProvider, falling back to use random secrets.
2022-09-30 13:40:55,141 [Listener at 127.0.0.1/45417] WARN  http.HttpRequestLog (HttpRequestLog.java:getRequestLog(103)) - Jetty request log can only be enabled using Log4j
2022-09-30 13:40:55,143 [Listener at 127.0.0.1/45417] INFO  http.HttpServer2 (HttpServer2.java:addGlobalFilter(1029)) - Added global filter 'safety' (class=org.apache.hadoop.hdds.server.http.HttpServer2$QuotingInputFilter)
2022-09-30 13:40:55,143 [Listener at 127.0.0.1/45417] INFO  http.HttpServer2 (HttpServer2.java:addFilter(1005)) - Added filter static_user_filter (class=org.apache.hadoop.http.lib.StaticUserWebFilter$StaticUserFilter) to context hddsDatanode
2022-09-30 13:40:55,143 [Listener at 127.0.0.1/45417] INFO  http.HttpServer2 (HttpServer2.java:addFilter(1013)) - Added filter static_user_filter (class=org.apache.hadoop.http.lib.StaticUserWebFilter$StaticUserFilter) to context static
2022-09-30 13:40:55,143 [Listener at 127.0.0.1/45417] INFO  http.HttpServer2 (HttpServer2.java:addFilter(1013)) - Added filter static_user_filter (class=org.apache.hadoop.http.lib.StaticUserWebFilter$StaticUserFilter) to context logs
2022-09-30 13:40:55,144 [Listener at 127.0.0.1/45417] INFO  http.HttpServer2 (HttpServer2.java:bindListener(1248)) - Jetty bound to port 43645
2022-09-30 13:40:55,144 [Listener at 127.0.0.1/45417] INFO  server.Server (Server.java:doStart(375)) - jetty-9.4.43.v20210629; built: 2021-06-30T11:07:22.254Z; git: 526006ecfa3af7f1a27ef3a288e2bef7ea9dd7e8; jvm 1.8.0_345-b01
2022-09-30 13:40:55,149 [Listener at 127.0.0.1/45417] INFO  server.session (DefaultSessionIdManager.java:doStart(334)) - DefaultSessionIdManager workerName=node0
2022-09-30 13:40:55,149 [Listener at 127.0.0.1/45417] INFO  server.session (DefaultSessionIdManager.java:doStart(339)) - No SessionScavenger set, using defaults
2022-09-30 13:40:55,150 [Listener at 127.0.0.1/45417] INFO  server.session (HouseKeeper.java:startScavenging(132)) - node0 Scavenging every 600000ms
2022-09-30 13:40:55,151 [Listener at 127.0.0.1/45417] INFO  handler.ContextHandler (ContextHandler.java:doStart(915)) - Started o.e.j.s.ServletContextHandler@426971f5{logs,/logs,file:///home/runner/work/ozone/ozone/hadoop-ozone/integration-test/target/log,AVAILABLE}
2022-09-30 13:40:55,153 [Listener at 127.0.0.1/45417] INFO  handler.ContextHandler (ContextHandler.java:doStart(915)) - Started o.e.j.s.ServletContextHandler@1b42079a{static,/static,jar:file:/home/runner/.m2/repository/org/apache/ozone/hdds-container-service/1.3.0-SNAPSHOT/hdds-container-service-1.3.0-SNAPSHOT.jar!/webapps/static,AVAILABLE}
2022-09-30 13:40:55,398 [IPC Server handler 4 on default port 33991] INFO  pipeline.PipelineStateManagerImpl (PipelineStateManagerImpl.java:addPipeline(103)) - Created pipeline Pipeline[ Id: 65013806-6c87-4ae4-b397-c9271926ed05, Nodes: 93a726fc-a128-4d5e-9b28-98a1d7a8eb0c{ip: 10.1.0.210, host: fv-az264-432.ca02foy5wcnuvlrvrz2wi3p2og.dx.internal.cloudapp.net, ports: [REPLICATION=34975, RATIS=43289, RATIS_ADMIN=43289, RATIS_SERVER=43289, STANDALONE=44081], networkLocation: /default-rack, certSerialId: null, persistedOpState: null, persistedOpStateExpiryEpochSec: 0}62666bfa-5b48-4194-8431-0a6941154381{ip: 10.1.0.210, host: fv-az264-432.ca02foy5wcnuvlrvrz2wi3p2og.dx.internal.cloudapp.net, ports: [REPLICATION=41651, RATIS=41785, RATIS_ADMIN=41785, RATIS_SERVER=41785, STANDALONE=43973], networkLocation: /default-rack, certSerialId: null, persistedOpState: null, persistedOpStateExpiryEpochSec: 0}97e8c787-6023-4421-819a-0b5ced458c94{ip: 10.1.0.210, host: fv-az264-432.ca02foy5wcnuvlrvrz2wi3p2og.dx.internal.cloudapp.net, ports: [REPLICATION=41907, RATIS=36437, RATIS_ADMIN=36437, RATIS_SERVER=36437, STANDALONE=34177], networkLocation: /default-rack, certSerialId: null, persistedOpState: null, persistedOpStateExpiryEpochSec: 0}c604563f-8b94-483f-a354-2ed29e633e80{ip: 10.1.0.210, host: fv-az264-432.ca02foy5wcnuvlrvrz2wi3p2og.dx.internal.cloudapp.net, ports: [REPLICATION=41739, RATIS=36125, RATIS_ADMIN=36125, RATIS_SERVER=36125, STANDALONE=37547], networkLocation: /default-rack, certSerialId: null, persistedOpState: null, persistedOpStateExpiryEpochSec: 0}542c7706-6f03-4002-aadb-418c9fc9cb26{ip: 10.1.0.210, host: fv-az264-432.ca02foy5wcnuvlrvrz2wi3p2og.dx.internal.cloudapp.net, ports: [REPLICATION=42815, RATIS=37931, RATIS_ADMIN=37931, RATIS_SERVER=37931, STANDALONE=38243], networkLocation: /default-rack, certSerialId: null, persistedOpState: null, persistedOpStateExpiryEpochSec: 0}, ReplicationConfig: EC/ECReplicationConfig{data=3, parity=2, ecChunkSize=1048576, codec=rs}, State:ALLOCATED, leaderId:, CreationTimestamp2022-09-30T13:40:55.397Z[Etc/UTC]].
2022-09-30 13:40:55,399 [IPC Server handler 4 on default port 33991] INFO  pipeline.PipelineManagerImpl (PipelineManagerImpl.java:openPipeline(367)) - Pipeline Pipeline[ Id: 65013806-6c87-4ae4-b397-c9271926ed05, Nodes: 93a726fc-a128-4d5e-9b28-98a1d7a8eb0c{ip: 10.1.0.210, host: fv-az264-432.ca02foy5wcnuvlrvrz2wi3p2og.dx.internal.cloudapp.net, ports: [REPLICATION=34975, RATIS=43289, RATIS_ADMIN=43289, RATIS_SERVER=43289, STANDALONE=44081], networkLocation: /default-rack, certSerialId: null, persistedOpState: null, persistedOpStateExpiryEpochSec: 0}62666bfa-5b48-4194-8431-0a6941154381{ip: 10.1.0.210, host: fv-az264-432.ca02foy5wcnuvlrvrz2wi3p2og.dx.internal.cloudapp.net, ports: [REPLICATION=41651, RATIS=41785, RATIS_ADMIN=41785, RATIS_SERVER=41785, STANDALONE=43973], networkLocation: /default-rack, certSerialId: null, persistedOpState: null, persistedOpStateExpiryEpochSec: 0}97e8c787-6023-4421-819a-0b5ced458c94{ip: 10.1.0.210, host: fv-az264-432.ca02foy5wcnuvlrvrz2wi3p2og.dx.internal.cloudapp.net, ports: [REPLICATION=41907, RATIS=36437, RATIS_ADMIN=36437, RATIS_SERVER=36437, STANDALONE=34177], networkLocation: /default-rack, certSerialId: null, persistedOpState: null, persistedOpStateExpiryEpochSec: 0}c604563f-8b94-483f-a354-2ed29e633e80{ip: 10.1.0.210, host: fv-az264-432.ca02foy5wcnuvlrvrz2wi3p2og.dx.internal.cloudapp.net, ports: [REPLICATION=41739, RATIS=36125, RATIS_ADMIN=36125, RATIS_SERVER=36125, STANDALONE=37547], networkLocation: /default-rack, certSerialId: null, persistedOpState: null, persistedOpStateExpiryEpochSec: 0}542c7706-6f03-4002-aadb-418c9fc9cb26{ip: 10.1.0.210, host: fv-az264-432.ca02foy5wcnuvlrvrz2wi3p2og.dx.internal.cloudapp.net, ports: [REPLICATION=42815, RATIS=37931, RATIS_ADMIN=37931, RATIS_SERVER=37931, STANDALONE=38243], networkLocation: /default-rack, certSerialId: null, persistedOpState: null, persistedOpStateExpiryEpochSec: 0}, ReplicationConfig: EC/ECReplicationConfig{data=3, parity=2, ecChunkSize=1048576, codec=rs}, State:ALLOCATED, leaderId:, CreationTimestamp2022-09-30T13:40:55.397Z[Etc/UTC]] moved to OPEN state
2022-09-30 13:40:55,640 [Listener at 127.0.0.1/45417] INFO  handler.ContextHandler (ContextHandler.java:doStart(915)) - Started o.e.j.w.WebAppContext@5a341074{hddsDatanode,/,file:///tmp/jetty-0_0_0_0-43645-hdds-container-service-1_3_0-SNAPSHOT_jar-_-any-5380577286621130562/webapp/,AVAILABLE}{jar:file:/home/runner/.m2/repository/org/apache/ozone/hdds-container-service/1.3.0-SNAPSHOT/hdds-container-service-1.3.0-SNAPSHOT.jar!/webapps/hddsDatanode}
2022-09-30 13:40:55,643 [Listener at 127.0.0.1/45417] INFO  server.AbstractConnector (AbstractConnector.java:doStart(331)) - Started ServerConnector@676c9847{HTTP/1.1, (http/1.1)}{0.0.0.0:43645}
2022-09-30 13:40:55,644 [Listener at 127.0.0.1/45417] INFO  server.Server (Server.java:doStart(415)) - Started @43402ms
2022-09-30 13:40:55,645 [Listener at 127.0.0.1/45417] WARN  impl.MetricsSystemImpl (MetricsSystemImpl.java:register(279)) - Sink prometheus already exists!
2022-09-30 13:40:55,645 [Listener at 127.0.0.1/45417] INFO  http.BaseHttpServer (BaseHttpServer.java:updateConnectorAddress(333)) - HTTP server of hddsDatanode listening at http://0.0.0.0:43645
2022-09-30 13:40:55,655 [Datanode State Machine Daemon Thread] INFO  statemachine.DatanodeStateMachine (DatanodeStateMachine.java:lambda$startDaemon$0(492)) - Ozone container server started.
2022-09-30 13:40:55,655 [Listener at 127.0.0.1/45417] WARN  impl.MetricRegistriesImpl (MetricRegistriesImpl.java:addReporterRegistration(111)) - New reporters are added after registries were created. Some metrics will be missing from the reporter. Please add reporter before adding any new registry.
2022-09-30 13:40:55,655 [Listener at 127.0.0.1/45417] WARN  impl.MetricRegistriesImpl (MetricRegistriesImpl.java:addReporterRegistration(111)) - New reporters are added after registries were created. Some metrics will be missing from the reporter. Please add reporter before adding any new registry.
2022-09-30 13:40:55,655 [Listener at 127.0.0.1/45417] INFO  impl.MetricsSystemImpl (MetricsSystemImpl.java:init(158)) - HddsDatanode metrics system started (again)
2022-09-30 13:40:55,664 [org.apache.hadoop.util.JvmPauseMonitor$Monitor@40306103] INFO  util.JvmPauseMonitor (JvmPauseMonitor.java:run(188)) - Starting JVM pause monitor
2022-09-30 13:40:55,686 [Listener at 127.0.0.1/45417] INFO  ozone.HddsDatanodeService (HddsDatanodeService.java:start(236)) - HddsDatanodeService host:fv-az264-432.ca02foy5wcnuvlrvrz2wi3p2og.dx.internal.cloudapp.net ip:10.1.0.210
2022-09-30 13:40:55,689 [Datanode State Machine Task Thread - 0] INFO  datanode.InitDatanodeState (InitDatanodeState.java:persistContainerDatanodeDetails(138)) - DatanodeDetails is persisted to /home/runner/work/ozone/ozone/hadoop-ozone/integration-test/target/test-dir/MiniOzoneClusterImpl-b8847c17-62d3-4307-a1ed-7c038275c3d3/datanode-3/meta/datanode.id
2022-09-30 13:40:55,740 [Listener at 127.0.0.1/45417] INFO  upgrade.AbstractLayoutVersionManager (AbstractLayoutVersionManager.java:init(83)) - Initializing Layout version manager with metadata layout = DATANODE_SCHEMA_V3 (version = 4), software layout = DATANODE_SCHEMA_V3 (version = 4)
2022-09-30 13:40:55,749 [EndpointStateMachine task thread for /0.0.0.0:42473 - 0 ] INFO  volume.HddsVolume (HddsVolume.java:createDbStore(307)) - SchemaV3 db is created and loaded at /home/runner/work/ozone/ozone/hadoop-ozone/integration-test/target/test-dir/MiniOzoneClusterImpl-b8847c17-62d3-4307-a1ed-7c038275c3d3/datanode-0/data-0/containers/hdds/b8847c17-62d3-4307-a1ed-7c038275c3d3/DS-146ff225-25b5-4033-b2e5-9ca17e21f113/container.db for volume DS-146ff225-25b5-4033-b2e5-9ca17e21f113
2022-09-30 13:40:55,753 [EndpointStateMachine task thread for /0.0.0.0:42473 - 0 ] INFO  volume.HddsVolume (HddsVolume.java:closeDbStore(338)) - SchemaV3 db is stopped at /home/runner/work/ozone/ozone/hadoop-ozone/integration-test/target/test-dir/MiniOzoneClusterImpl-b8847c17-62d3-4307-a1ed-7c038275c3d3/datanode-0/data-0/containers/hdds/b8847c17-62d3-4307-a1ed-7c038275c3d3/DS-146ff225-25b5-4033-b2e5-9ca17e21f113/container.db for volume DS-146ff225-25b5-4033-b2e5-9ca17e21f113
2022-09-30 13:40:55,753 [EndpointStateMachine task thread for /0.0.0.0:42473 - 0 ] INFO  ozoneimpl.OzoneContainer (OzoneContainer.java:start(378)) - Attempting to start container services.
2022-09-30 13:40:55,753 [EndpointStateMachine task thread for /0.0.0.0:42473 - 0 ] INFO  ozoneimpl.OzoneContainer (OzoneContainer.java:startContainerScrub(313)) - Background container scanner has been disabled.
2022-09-30 13:40:55,763 [EndpointStateMachine task thread for /0.0.0.0:42473 - 0 ] INFO  replication.ReplicationServer (ReplicationServer.java:start(111)) - ReplicationServer is started using port 32927
2022-09-30 13:40:55,773 [EndpointStateMachine task thread for /0.0.0.0:42473 - 0 ] INFO  ratis.XceiverServerRatis (XceiverServerRatis.java:start(481)) - Starting XceiverServerRatis 1abef520-eeaa-4e7a-a2f3-4eef6d213e0d
2022-09-30 13:40:55,805 [EndpointStateMachine task thread for /0.0.0.0:42473 - 0 ] INFO  server.RaftServer (RaftServerProxy.java:lambda$start$6(382)) - 1abef520-eeaa-4e7a-a2f3-4eef6d213e0d: start RPC server
2022-09-30 13:40:55,873 [EndpointStateMachine task thread for /0.0.0.0:42473 - 0 ] INFO  server.GrpcService (GrpcService.java:startImpl(260)) - 1abef520-eeaa-4e7a-a2f3-4eef6d213e0d: GrpcService started, listening on 45505
2022-09-30 13:40:55,873 [EndpointStateMachine task thread for /0.0.0.0:42473 - 0 ] INFO  ratis.XceiverServerRatis (XceiverServerRatis.java:getRealPort(502)) - XceiverServerRatis 1abef520-eeaa-4e7a-a2f3-4eef6d213e0d is started using port 45505 for RATIS
2022-09-30 13:40:55,873 [EndpointStateMachine task thread for /0.0.0.0:42473 - 0 ] INFO  ratis.XceiverServerRatis (XceiverServerRatis.java:getRealPort(502)) - XceiverServerRatis 1abef520-eeaa-4e7a-a2f3-4eef6d213e0d is started using port 45505 for RATIS_ADMIN
2022-09-30 13:40:55,873 [EndpointStateMachine task thread for /0.0.0.0:42473 - 0 ] INFO  ratis.XceiverServerRatis (XceiverServerRatis.java:getRealPort(502)) - XceiverServerRatis 1abef520-eeaa-4e7a-a2f3-4eef6d213e0d is started using port 45505 for RATIS_SERVER
2022-09-30 13:40:55,875 [c604563f-8b94-483f-a354-2ed29e633e80@group-421C2E2EB869-FollowerState] INFO  impl.FollowerState (FollowerState.java:run(143)) - c604563f-8b94-483f-a354-2ed29e633e80@group-421C2E2EB869-FollowerState: change to CANDIDATE, lastRpcElapsedTime:5096369768ns, electionTimeout:5024ms
2022-09-30 13:40:55,875 [c604563f-8b94-483f-a354-2ed29e633e80@group-421C2E2EB869-FollowerState] INFO  impl.RoleInfo (RoleInfo.java:shutdownFollowerState(110)) - c604563f-8b94-483f-a354-2ed29e633e80: shutdown c604563f-8b94-483f-a354-2ed29e633e80@group-421C2E2EB869-FollowerState
2022-09-30 13:40:55,875 [c604563f-8b94-483f-a354-2ed29e633e80@group-421C2E2EB869-FollowerState] INFO  server.RaftServer$Division (RaftServerImpl.java:setRole(299)) - c604563f-8b94-483f-a354-2ed29e633e80@group-421C2E2EB869: changes role from  FOLLOWER to CANDIDATE at term 4 for changeToCandidate
2022-09-30 13:40:55,877 [org.apache.ratis.util.JvmPauseMonitor$$Lambda$713/1901567698@1f5ed0d8] INFO  util.JvmPauseMonitor (JvmPauseMonitor.java:run(103)) - JvmPauseMonitor-1abef520-eeaa-4e7a-a2f3-4eef6d213e0d: Started
2022-09-30 13:40:55,885 [c604563f-8b94-483f-a354-2ed29e633e80@group-421C2E2EB869-FollowerState] INFO  server.RaftServerConfigKeys (ConfUtils.java:logGet(46)) - raft.server.leaderelection.pre-vote = false (custom)
2022-09-30 13:40:55,885 [c604563f-8b94-483f-a354-2ed29e633e80@group-421C2E2EB869-FollowerState] INFO  impl.RoleInfo (RoleInfo.java:updateAndGet(139)) - c604563f-8b94-483f-a354-2ed29e633e80: start c604563f-8b94-483f-a354-2ed29e633e80@group-421C2E2EB869-LeaderElection19
2022-09-30 13:40:55,886 [EndpointStateMachine task thread for /0.0.0.0:42473 - 0 ] INFO  server.XceiverServerGrpc (XceiverServerGrpc.java:start(180)) - XceiverServerGrpc 1abef520-eeaa-4e7a-a2f3-4eef6d213e0d is started using port 46729
2022-09-30 13:40:55,889 [542c7706-6f03-4002-aadb-418c9fc9cb26@group-421C2E2EB869-FollowerState] INFO  impl.FollowerState (FollowerState.java:run(143)) - 542c7706-6f03-4002-aadb-418c9fc9cb26@group-421C2E2EB869-FollowerState: change to CANDIDATE, lastRpcElapsedTime:5097237733ns, electionTimeout:5078ms
2022-09-30 13:40:55,889 [542c7706-6f03-4002-aadb-418c9fc9cb26@group-421C2E2EB869-FollowerState] INFO  impl.RoleInfo (RoleInfo.java:shutdownFollowerState(110)) - 542c7706-6f03-4002-aadb-418c9fc9cb26: shutdown 542c7706-6f03-4002-aadb-418c9fc9cb26@group-421C2E2EB869-FollowerState
2022-09-30 13:40:55,889 [542c7706-6f03-4002-aadb-418c9fc9cb26@group-421C2E2EB869-FollowerState] INFO  server.RaftServer$Division (RaftServerImpl.java:setRole(299)) - 542c7706-6f03-4002-aadb-418c9fc9cb26@group-421C2E2EB869: changes role from  FOLLOWER to CANDIDATE at term 4 for changeToCandidate
2022-09-30 13:40:55,889 [542c7706-6f03-4002-aadb-418c9fc9cb26@group-421C2E2EB869-FollowerState] INFO  server.RaftServerConfigKeys (ConfUtils.java:logGet(46)) - raft.server.leaderelection.pre-vote = false (custom)
2022-09-30 13:40:55,889 [542c7706-6f03-4002-aadb-418c9fc9cb26@group-421C2E2EB869-FollowerState] INFO  impl.RoleInfo (RoleInfo.java:updateAndGet(139)) - 542c7706-6f03-4002-aadb-418c9fc9cb26: start 542c7706-6f03-4002-aadb-418c9fc9cb26@group-421C2E2EB869-LeaderElection20
2022-09-30 13:40:55,890 [Listener at 127.0.0.1/45417] INFO  reflections.Reflections (Reflections.java:scan(232)) - Reflections took 147 ms to scan 7 urls, producing 135 keys and 327 values 
2022-09-30 13:40:55,901 [IPC Server handler 17 on default port 33991] INFO  pipeline.PipelineStateManagerImpl (PipelineStateManagerImpl.java:addPipeline(103)) - Created pipeline Pipeline[ Id: f5ccac00-e2fc-43a9-a34e-ada2bb2fb475, Nodes: 93a726fc-a128-4d5e-9b28-98a1d7a8eb0c{ip: 10.1.0.210, host: fv-az264-432.ca02foy5wcnuvlrvrz2wi3p2og.dx.internal.cloudapp.net, ports: [REPLICATION=34975, RATIS=43289, RATIS_ADMIN=43289, RATIS_SERVER=43289, STANDALONE=44081], networkLocation: /default-rack, certSerialId: null, persistedOpState: null, persistedOpStateExpiryEpochSec: 0}43811407-7c21-4fcd-ab69-dbd9b60ed504{ip: 10.1.0.210, host: fv-az264-432.ca02foy5wcnuvlrvrz2wi3p2og.dx.internal.cloudapp.net, ports: [REPLICATION=35185, RATIS=42941, RATIS_ADMIN=42941, RATIS_SERVER=42941, STANDALONE=35079], networkLocation: /default-rack, certSerialId: null, persistedOpState: null, persistedOpStateExpiryEpochSec: 0}63487312-87aa-4652-9988-76e01a899b42{ip: 10.1.0.210, host: fv-az264-432.ca02foy5wcnuvlrvrz2wi3p2og.dx.internal.cloudapp.net, ports: [REPLICATION=33927, RATIS=39059, RATIS_ADMIN=39059, RATIS_SERVER=39059, STANDALONE=46255], networkLocation: /default-rack, certSerialId: null, persistedOpState: null, persistedOpStateExpiryEpochSec: 0}97e8c787-6023-4421-819a-0b5ced458c94{ip: 10.1.0.210, host: fv-az264-432.ca02foy5wcnuvlrvrz2wi3p2og.dx.internal.cloudapp.net, ports: [REPLICATION=41907, RATIS=36437, RATIS_ADMIN=36437, RATIS_SERVER=36437, STANDALONE=34177], networkLocation: /default-rack, certSerialId: null, persistedOpState: null, persistedOpStateExpiryEpochSec: 0}542c7706-6f03-4002-aadb-418c9fc9cb26{ip: 10.1.0.210, host: fv-az264-432.ca02foy5wcnuvlrvrz2wi3p2og.dx.internal.cloudapp.net, ports: [REPLICATION=42815, RATIS=37931, RATIS_ADMIN=37931, RATIS_SERVER=37931, STANDALONE=38243], networkLocation: /default-rack, certSerialId: null, persistedOpState: null, persistedOpStateExpiryEpochSec: 0}, ReplicationConfig: EC/ECReplicationConfig{data=3, parity=2, ecChunkSize=1048576, codec=rs}, State:ALLOCATED, leaderId:, CreationTimestamp2022-09-30T13:40:55.900Z[Etc/UTC]].
2022-09-30 13:40:55,902 [IPC Server handler 17 on default port 33991] INFO  pipeline.PipelineManagerImpl (PipelineManagerImpl.java:openPipeline(367)) - Pipeline Pipeline[ Id: f5ccac00-e2fc-43a9-a34e-ada2bb2fb475, Nodes: 93a726fc-a128-4d5e-9b28-98a1d7a8eb0c{ip: 10.1.0.210, host: fv-az264-432.ca02foy5wcnuvlrvrz2wi3p2og.dx.internal.cloudapp.net, ports: [REPLICATION=34975, RATIS=43289, RATIS_ADMIN=43289, RATIS_SERVER=43289, STANDALONE=44081], networkLocation: /default-rack, certSerialId: null, persistedOpState: null, persistedOpStateExpiryEpochSec: 0}43811407-7c21-4fcd-ab69-dbd9b60ed504{ip: 10.1.0.210, host: fv-az264-432.ca02foy5wcnuvlrvrz2wi3p2og.dx.internal.cloudapp.net, ports: [REPLICATION=35185, RATIS=42941, RATIS_ADMIN=42941, RATIS_SERVER=42941, STANDALONE=35079], networkLocation: /default-rack, certSerialId: null, persistedOpState: null, persistedOpStateExpiryEpochSec: 0}63487312-87aa-4652-9988-76e01a899b42{ip: 10.1.0.210, host: fv-az264-432.ca02foy5wcnuvlrvrz2wi3p2og.dx.internal.cloudapp.net, ports: [REPLICATION=33927, RATIS=39059, RATIS_ADMIN=39059, RATIS_SERVER=39059, STANDALONE=46255], networkLocation: /default-rack, certSerialId: null, persistedOpState: null, persistedOpStateExpiryEpochSec: 0}97e8c787-6023-4421-819a-0b5ced458c94{ip: 10.1.0.210, host: fv-az264-432.ca02foy5wcnuvlrvrz2wi3p2og.dx.internal.cloudapp.net, ports: [REPLICATION=41907, RATIS=36437, RATIS_ADMIN=36437, RATIS_SERVER=36437, STANDALONE=34177], networkLocation: /default-rack, certSerialId: null, persistedOpState: null, persistedOpStateExpiryEpochSec: 0}542c7706-6f03-4002-aadb-418c9fc9cb26{ip: 10.1.0.210, host: fv-az264-432.ca02foy5wcnuvlrvrz2wi3p2og.dx.internal.cloudapp.net, ports: [REPLICATION=42815, RATIS=37931, RATIS_ADMIN=37931, RATIS_SERVER=37931, STANDALONE=38243], networkLocation: /default-rack, certSerialId: null, persistedOpState: null, persistedOpStateExpiryEpochSec: 0}, ReplicationConfig: EC/ECReplicationConfig{data=3, parity=2, ecChunkSize=1048576, codec=rs}, State:ALLOCATED, leaderId:, CreationTimestamp2022-09-30T13:40:55.900Z[Etc/UTC]] moved to OPEN state
2022-09-30 13:40:55,903 [Listener at 127.0.0.1/45417] INFO  statemachine.DatanodeStateMachine (DatanodeStateMachine.java:getEndPointTaskThreadPoolSize(237)) - Datanode State Machine Task Thread Pool size 2
2022-09-30 13:40:55,903 [43811407-7c21-4fcd-ab69-dbd9b60ed504@group-421C2E2EB869-FollowerState] INFO  impl.FollowerState (FollowerState.java:run(143)) - 43811407-7c21-4fcd-ab69-dbd9b60ed504@group-421C2E2EB869-FollowerState: change to CANDIDATE, lastRpcElapsedTime:5115359990ns, electionTimeout:5105ms
2022-09-30 13:40:55,903 [43811407-7c21-4fcd-ab69-dbd9b60ed504@group-421C2E2EB869-FollowerState] INFO  impl.RoleInfo (RoleInfo.java:shutdownFollowerState(110)) - 43811407-7c21-4fcd-ab69-dbd9b60ed504: shutdown 43811407-7c21-4fcd-ab69-dbd9b60ed504@group-421C2E2EB869-FollowerState
2022-09-30 13:40:55,903 [43811407-7c21-4fcd-ab69-dbd9b60ed504@group-421C2E2EB869-FollowerState] INFO  server.RaftServer$Division (RaftServerImpl.java:setRole(299)) - 43811407-7c21-4fcd-ab69-dbd9b60ed504@group-421C2E2EB869: changes role from  FOLLOWER to CANDIDATE at term 4 for changeToCandidate
2022-09-30 13:40:55,905 [c604563f-8b94-483f-a354-2ed29e633e80@group-421C2E2EB869-LeaderElection19] INFO  impl.LeaderElection (LeaderElection.java:askForVotes(310)) - c604563f-8b94-483f-a354-2ed29e633e80@group-421C2E2EB869-LeaderElection19 ELECTION round 0: submit vote requests at term 5 for -1: [542c7706-6f03-4002-aadb-418c9fc9cb26|rpc:10.1.0.210:37931|dataStream:|priority:0, 43811407-7c21-4fcd-ab69-dbd9b60ed504|rpc:10.1.0.210:42941|dataStream:|priority:1, c604563f-8b94-483f-a354-2ed29e633e80|rpc:10.1.0.210:36125|dataStream:|priority:0], old=null
2022-09-30 13:40:55,906 [43811407-7c21-4fcd-ab69-dbd9b60ed504@group-421C2E2EB869-FollowerState] INFO  server.RaftServerConfigKeys (ConfUtils.java:logGet(46)) - raft.server.leaderelection.pre-vote = false (custom)
2022-09-30 13:40:55,906 [43811407-7c21-4fcd-ab69-dbd9b60ed504@group-421C2E2EB869-FollowerState] INFO  impl.RoleInfo (RoleInfo.java:updateAndGet(139)) - 43811407-7c21-4fcd-ab69-dbd9b60ed504: start 43811407-7c21-4fcd-ab69-dbd9b60ed504@group-421C2E2EB869-LeaderElection21
2022-09-30 13:40:55,909 [43811407-7c21-4fcd-ab69-dbd9b60ed504@group-421C2E2EB869-LeaderElection21] INFO  impl.LeaderElection (LeaderElection.java:askForVotes(310)) - 43811407-7c21-4fcd-ab69-dbd9b60ed504@group-421C2E2EB869-LeaderElection21 ELECTION round 0: submit vote requests at term 5 for -1: [542c7706-6f03-4002-aadb-418c9fc9cb26|rpc:10.1.0.210:37931|dataStream:|priority:0, 43811407-7c21-4fcd-ab69-dbd9b60ed504|rpc:10.1.0.210:42941|dataStream:|priority:1, c604563f-8b94-483f-a354-2ed29e633e80|rpc:10.1.0.210:36125|dataStream:|priority:0], old=null
2022-09-30 13:40:55,910 [542c7706-6f03-4002-aadb-418c9fc9cb26@group-421C2E2EB869-LeaderElection20] INFO  impl.LeaderElection (LeaderElection.java:askForVotes(310)) - 542c7706-6f03-4002-aadb-418c9fc9cb26@group-421C2E2EB869-LeaderElection20 ELECTION round 0: submit vote requests at term 5 for -1: [542c7706-6f03-4002-aadb-418c9fc9cb26|rpc:10.1.0.210:37931|priority:0, 43811407-7c21-4fcd-ab69-dbd9b60ed504|rpc:10.1.0.210:42941|priority:1, c604563f-8b94-483f-a354-2ed29e633e80|rpc:10.1.0.210:36125|priority:0], old=null
2022-09-30 13:40:55,920 [Listener at 127.0.0.1/45417] INFO  volume.HddsVolume (HddsVolume.java:<init>(117)) - Creating HddsVolume: /home/runner/work/ozone/ozone/hadoop-ozone/integration-test/target/test-dir/MiniOzoneClusterImpl-b8847c17-62d3-4307-a1ed-7c038275c3d3/datanode-4/data-0/containers/hdds of storage type : DISK capacity : 9223372036854775807
2022-09-30 13:40:55,921 [Listener at 127.0.0.1/45417] INFO  volume.MutableVolumeSet (MutableVolumeSet.java:initializeVolumeSet(174)) - Added Volume : /home/runner/work/ozone/ozone/hadoop-ozone/integration-test/target/test-dir/MiniOzoneClusterImpl-b8847c17-62d3-4307-a1ed-7c038275c3d3/datanode-4/data-0/containers/hdds to VolumeSet
2022-09-30 13:40:55,921 [Listener at 127.0.0.1/45417] INFO  volume.ThrottledAsyncChecker (ThrottledAsyncChecker.java:schedule(141)) - Scheduling a check for /home/runner/work/ozone/ozone/hadoop-ozone/integration-test/target/test-dir/MiniOzoneClusterImpl-b8847c17-62d3-4307-a1ed-7c038275c3d3/datanode-4/data-0/containers/hdds
2022-09-30 13:40:55,923 [Listener at 127.0.0.1/45417] INFO  volume.StorageVolumeChecker (StorageVolumeChecker.java:checkAllVolumes(202)) - Scheduled health check for volume /home/runner/work/ozone/ozone/hadoop-ozone/integration-test/target/test-dir/MiniOzoneClusterImpl-b8847c17-62d3-4307-a1ed-7c038275c3d3/datanode-4/data-0/containers/hdds
2022-09-30 13:40:55,926 [ReplicationMonitor] INFO  replication.ReplicationManager (ReplicationManager.java:processAll(291)) - Replication Manager is not ready to run until 3000ms after safemode exit
2022-09-30 13:40:55,937 [Listener at 127.0.0.1/45417] INFO  volume.MutableVolumeSet (MutableVolumeSet.java:initializeVolumeSet(174)) - Added Volume : /home/runner/work/ozone/ozone/hadoop-ozone/integration-test/target/test-dir/MiniOzoneClusterImpl-b8847c17-62d3-4307-a1ed-7c038275c3d3/datanode-4/data/ratis to VolumeSet
2022-09-30 13:40:55,937 [Listener at 127.0.0.1/45417] INFO  volume.ThrottledAsyncChecker (ThrottledAsyncChecker.java:schedule(141)) - Scheduling a check for /home/runner/work/ozone/ozone/hadoop-ozone/integration-test/target/test-dir/MiniOzoneClusterImpl-b8847c17-62d3-4307-a1ed-7c038275c3d3/datanode-4/data/ratis
2022-09-30 13:40:55,937 [Listener at 127.0.0.1/45417] INFO  volume.StorageVolumeChecker (StorageVolumeChecker.java:checkAllVolumes(202)) - Scheduled health check for volume /home/runner/work/ozone/ozone/hadoop-ozone/integration-test/target/test-dir/MiniOzoneClusterImpl-b8847c17-62d3-4307-a1ed-7c038275c3d3/datanode-4/data/ratis
2022-09-30 13:40:55,968 [Under Replicated Processor] INFO  replication.UnderReplicatedProcessor (UnderReplicatedProcessor.java:processAll(92)) - Processed 0 under replicated containers, failed processing 0
2022-09-30 13:40:55,970 [Thread-753] INFO  ozoneimpl.ContainerReader (ContainerReader.java:readVolume(175)) - Finish verifying containers on volume /home/runner/work/ozone/ozone/hadoop-ozone/integration-test/target/test-dir/MiniOzoneClusterImpl-b8847c17-62d3-4307-a1ed-7c038275c3d3/datanode-4/data-0/containers/hdds
2022-09-30 13:40:55,970 [Listener at 127.0.0.1/45417] INFO  ozoneimpl.OzoneContainer (OzoneContainer.java:buildContainerSet(300)) - Build ContainerSet costs 0s
2022-09-30 13:40:55,973 [Listener at 127.0.0.1/45417] INFO  server.RaftServer (ConfUtils.java:logGet(46)) - raft.rpc.type = GRPC (default)
2022-09-30 13:40:55,973 [Listener at 127.0.0.1/45417] INFO  grpc.GrpcFactory (GrpcFactory.java:checkPooledByteBufAllocatorUseCacheForAllThreads(48)) - PERFORMANCE WARNING: useCacheForAllThreads is true that may cause Netty to create a lot garbage objects and, as a result, trigger GC.
	It is recommended to disable useCacheForAllThreads by setting -Dorg.apache.ratis.thirdparty.io.netty.allocator.useCacheForAllThreads=false in command line.
2022-09-30 13:40:55,973 [Listener at 127.0.0.1/45417] INFO  grpc.GrpcConfigKeys (ConfUtils.java:logGet(46)) - raft.grpc.admin.port = 0 (custom)
2022-09-30 13:40:55,973 [Listener at 127.0.0.1/45417] INFO  grpc.GrpcConfigKeys (ConfUtils.java:logGet(46)) - raft.grpc.client.port = 0 (custom)
2022-09-30 13:40:55,973 [Listener at 127.0.0.1/45417] INFO  grpc.GrpcConfigKeys (ConfUtils.java:logGet(46)) - raft.grpc.server.port = 0 (default)
2022-09-30 13:40:55,973 [Listener at 127.0.0.1/45417] INFO  server.GrpcService (ConfUtils.java:logGet(46)) - raft.grpc.message.size.max = 32MB (=33554432) (custom)
2022-09-30 13:40:55,973 [Listener at 127.0.0.1/45417] INFO  server.RaftServerConfigKeys (ConfUtils.java:logGet(46)) - raft.server.log.appender.buffer.byte-limit = 33554432 (custom)
2022-09-30 13:40:55,973 [Listener at 127.0.0.1/45417] INFO  server.GrpcService (ConfUtils.java:logGet(46)) - raft.grpc.flow.control.window = 5MB (=5242880) (custom)
2022-09-30 13:40:55,974 [Listener at 127.0.0.1/45417] INFO  server.RaftServerConfigKeys (ConfUtils.java:logGet(46)) - raft.server.rpc.request.timeout = 60s (custom)
2022-09-30 13:40:55,974 [Listener at 127.0.0.1/45417] INFO  grpc.GrpcConfigKeys (ConfUtils.java:logGet(46)) - raft.grpc.server.async.request.thread.pool.cached = true (default)
2022-09-30 13:40:55,974 [Listener at 127.0.0.1/45417] INFO  grpc.GrpcConfigKeys (ConfUtils.java:logGet(46)) - raft.grpc.server.async.request.thread.pool.size = 32 (default)
2022-09-30 13:40:55,978 [Listener at 127.0.0.1/45417] INFO  impl.DataStreamServerImpl (ConfUtils.java:logGet(46)) - raft.datastream.type = DISABLED (default)
2022-09-30 13:40:55,979 [Listener at 127.0.0.1/45417] INFO  server.RaftServerConfigKeys (ConfUtils.java:logGet(46)) - raft.server.threadpool.proxy.cached = true (default)
2022-09-30 13:40:55,979 [Listener at 127.0.0.1/45417] INFO  server.RaftServerConfigKeys (ConfUtils.java:logGet(46)) - raft.server.threadpool.proxy.size = 0 (default)
2022-09-30 13:40:55,979 [Listener at 127.0.0.1/45417] INFO  server.RaftServerConfigKeys (ConfUtils.java:logGet(46)) - raft.server.rpc.slowness.timeout = 300s (custom)
2022-09-30 13:40:55,979 [Listener at 127.0.0.1/45417] INFO  server.RaftServerConfigKeys (ConfUtils.java:logGet(46)) - raft.server.leaderelection.leader.step-down.wait-time = 10s (default)
2022-09-30 13:40:55,979 [Listener at 127.0.0.1/45417] INFO  server.RaftServerConfigKeys (ConfUtils.java:logGet(46)) - raft.server.storage.dir = [/home/runner/work/ozone/ozone/hadoop-ozone/integration-test/target/test-dir/MiniOzoneClusterImpl-b8847c17-62d3-4307-a1ed-7c038275c3d3/datanode-4/data/ratis] (custom)
2022-09-30 13:40:55,982 [grpc-default-executor-5] INFO  server.RaftServer$Division (RaftServerImpl.java:requestVote(1152)) - 43811407-7c21-4fcd-ab69-dbd9b60ed504@group-421C2E2EB869: receive requestVote(ELECTION, 542c7706-6f03-4002-aadb-418c9fc9cb26, group-421C2E2EB869, 5, (t:0, i:0))
2022-09-30 13:40:55,983 [grpc-default-executor-5] INFO  impl.VoteContext (VoteContext.java:log(48)) - 43811407-7c21-4fcd-ab69-dbd9b60ed504@group-421C2E2EB869-CANDIDATE: reject ELECTION from 542c7706-6f03-4002-aadb-418c9fc9cb26: already has voted for 43811407-7c21-4fcd-ab69-dbd9b60ed504 at current term 5
2022-09-30 13:40:55,983 [grpc-default-executor-5] INFO  server.RaftServer$Division (RaftServerImpl.java:requestVote(1184)) - 43811407-7c21-4fcd-ab69-dbd9b60ed504@group-421C2E2EB869 replies to ELECTION vote request: 542c7706-6f03-4002-aadb-418c9fc9cb26<-43811407-7c21-4fcd-ab69-dbd9b60ed504#0:FAIL-t5. Peer's state: 43811407-7c21-4fcd-ab69-dbd9b60ed504@group-421C2E2EB869:t5, leader=null, voted=43811407-7c21-4fcd-ab69-dbd9b60ed504, raftlog=43811407-7c21-4fcd-ab69-dbd9b60ed504@group-421C2E2EB869-SegmentedRaftLog:OPENED:c-1, conf=-1: [542c7706-6f03-4002-aadb-418c9fc9cb26|rpc:10.1.0.210:37931|dataStream:|priority:0, 43811407-7c21-4fcd-ab69-dbd9b60ed504|rpc:10.1.0.210:42941|dataStream:|priority:1, c604563f-8b94-483f-a354-2ed29e633e80|rpc:10.1.0.210:36125|dataStream:|priority:0], old=null
2022-09-30 13:40:55,993 [Listener at 127.0.0.1/45417] INFO  server.XceiverServerGrpc (XceiverServerGrpc.java:<init>(132)) - GrpcServer channel type EpollServerSocketChannel
2022-09-30 13:40:55,995 [ReplicationMonitor] INFO  replication.ReplicationManager (ReplicationManager.java:processAll(324)) - Replication Monitor Thread took 1 milliseconds for processing 6 containers.
2022-09-30 13:40:55,998 [Over Replicated Processor] INFO  replication.OverReplicatedProcessor (OverReplicatedProcessor.java:processAll(90)) - Processed 0 over replicated containers, failed processing 0
2022-09-30 13:40:56,002 [542c7706-6f03-4002-aadb-418c9fc9cb26@group-421C2E2EB869-LeaderElection20] INFO  impl.LeaderElection (LeaderElection.java:logAndReturn(90)) - 542c7706-6f03-4002-aadb-418c9fc9cb26@group-421C2E2EB869-LeaderElection20: ELECTION REJECTED received 1 response(s) and 0 exception(s):
2022-09-30 13:40:56,002 [542c7706-6f03-4002-aadb-418c9fc9cb26@group-421C2E2EB869-LeaderElection20] INFO  impl.LeaderElection (LeaderElection.java:logAndReturn(94)) -   Response 0: 542c7706-6f03-4002-aadb-418c9fc9cb26<-43811407-7c21-4fcd-ab69-dbd9b60ed504#0:FAIL-t5
2022-09-30 13:40:56,016 [542c7706-6f03-4002-aadb-418c9fc9cb26@group-421C2E2EB869-LeaderElection20] INFO  impl.LeaderElection (LeaderElection.java:askForVotes(312)) - 542c7706-6f03-4002-aadb-418c9fc9cb26@group-421C2E2EB869-LeaderElection20 ELECTION round 0: result REJECTED
2022-09-30 13:40:56,016 [grpc-default-executor-2] INFO  server.RaftServer$Division (RaftServerImpl.java:requestVote(1152)) - c604563f-8b94-483f-a354-2ed29e633e80@group-421C2E2EB869: receive requestVote(ELECTION, 542c7706-6f03-4002-aadb-418c9fc9cb26, group-421C2E2EB869, 5, (t:0, i:0))
2022-09-30 13:40:56,016 [grpc-default-executor-2] INFO  impl.VoteContext (VoteContext.java:log(48)) - c604563f-8b94-483f-a354-2ed29e633e80@group-421C2E2EB869-CANDIDATE: reject ELECTION from 542c7706-6f03-4002-aadb-418c9fc9cb26: already has voted for c604563f-8b94-483f-a354-2ed29e633e80 at current term 5
2022-09-30 13:40:56,016 [grpc-default-executor-2] INFO  server.RaftServer$Division (RaftServerImpl.java:requestVote(1184)) - c604563f-8b94-483f-a354-2ed29e633e80@group-421C2E2EB869 replies to ELECTION vote request: 542c7706-6f03-4002-aadb-418c9fc9cb26<-c604563f-8b94-483f-a354-2ed29e633e80#0:FAIL-t5. Peer's state: c604563f-8b94-483f-a354-2ed29e633e80@group-421C2E2EB869:t5, leader=null, voted=c604563f-8b94-483f-a354-2ed29e633e80, raftlog=c604563f-8b94-483f-a354-2ed29e633e80@group-421C2E2EB869-SegmentedRaftLog:OPENED:c-1, conf=-1: [542c7706-6f03-4002-aadb-418c9fc9cb26|rpc:10.1.0.210:37931|dataStream:|priority:0, 43811407-7c21-4fcd-ab69-dbd9b60ed504|rpc:10.1.0.210:42941|dataStream:|priority:1, c604563f-8b94-483f-a354-2ed29e633e80|rpc:10.1.0.210:36125|dataStream:|priority:0], old=null
2022-09-30 13:40:56,016 [542c7706-6f03-4002-aadb-418c9fc9cb26@group-421C2E2EB869-LeaderElection20] INFO  server.RaftServer$Division (RaftServerImpl.java:setRole(299)) - 542c7706-6f03-4002-aadb-418c9fc9cb26@group-421C2E2EB869: changes role from CANDIDATE to FOLLOWER at term 5 for REJECTED
2022-09-30 13:40:56,017 [542c7706-6f03-4002-aadb-418c9fc9cb26@group-421C2E2EB869-LeaderElection20] INFO  impl.RoleInfo (RoleInfo.java:shutdownLeaderElection(130)) - 542c7706-6f03-4002-aadb-418c9fc9cb26: shutdown 542c7706-6f03-4002-aadb-418c9fc9cb26@group-421C2E2EB869-LeaderElection20
2022-09-30 13:40:56,021 [542c7706-6f03-4002-aadb-418c9fc9cb26@group-421C2E2EB869-LeaderElection20] INFO  impl.RoleInfo (RoleInfo.java:updateAndGet(139)) - 542c7706-6f03-4002-aadb-418c9fc9cb26: start 542c7706-6f03-4002-aadb-418c9fc9cb26@group-421C2E2EB869-FollowerState
2022-09-30 13:40:56,023 [Listener at 127.0.0.1/45417] INFO  http.BaseHttpServer (BaseHttpServer.java:newHttpServer2BuilderForOzone(213)) - Starting Web-server for hddsDatanode at: http://0.0.0.0:0
2022-09-30 13:40:56,023 [Listener at 127.0.0.1/45417] INFO  http.BaseHttpServer (BaseHttpServer.java:<init>(108)) - Hadoop Security Enabled: false Ozone Security Enabled: false Ozone HTTP Security Enabled: false 
2022-09-30 13:40:56,024 [Listener at 127.0.0.1/45417] INFO  server.AuthenticationFilter (AuthenticationFilter.java:constructSecretProvider(240)) - Unable to initialize FileSignerSecretProvider, falling back to use random secrets.
2022-09-30 13:40:56,025 [Listener at 127.0.0.1/45417] WARN  http.HttpRequestLog (HttpRequestLog.java:getRequestLog(103)) - Jetty request log can only be enabled using Log4j
2022-09-30 13:40:56,026 [Listener at 127.0.0.1/45417] INFO  http.HttpServer2 (HttpServer2.java:addGlobalFilter(1029)) - Added global filter 'safety' (class=org.apache.hadoop.hdds.server.http.HttpServer2$QuotingInputFilter)
2022-09-30 13:40:56,041 [Listener at 127.0.0.1/45417] INFO  http.HttpServer2 (HttpServer2.java:addFilter(1005)) - Added filter static_user_filter (class=org.apache.hadoop.http.lib.StaticUserWebFilter$StaticUserFilter) to context hddsDatanode
2022-09-30 13:40:56,041 [Listener at 127.0.0.1/45417] INFO  http.HttpServer2 (HttpServer2.java:addFilter(1013)) - Added filter static_user_filter (class=org.apache.hadoop.http.lib.StaticUserWebFilter$StaticUserFilter) to context logs
2022-09-30 13:40:56,041 [Listener at 127.0.0.1/45417] INFO  http.HttpServer2 (HttpServer2.java:addFilter(1013)) - Added filter static_user_filter (class=org.apache.hadoop.http.lib.StaticUserWebFilter$StaticUserFilter) to context static
2022-09-30 13:40:56,042 [Listener at 127.0.0.1/45417] INFO  http.HttpServer2 (HttpServer2.java:bindListener(1248)) - Jetty bound to port 38169
2022-09-30 13:40:56,042 [Listener at 127.0.0.1/45417] INFO  server.Server (Server.java:doStart(375)) - jetty-9.4.43.v20210629; built: 2021-06-30T11:07:22.254Z; git: 526006ecfa3af7f1a27ef3a288e2bef7ea9dd7e8; jvm 1.8.0_345-b01
2022-09-30 13:40:56,044 [grpc-default-executor-2] INFO  server.RaftServer$Division (RaftServerImpl.java:requestVote(1152)) - 542c7706-6f03-4002-aadb-418c9fc9cb26@group-421C2E2EB869: receive requestVote(ELECTION, c604563f-8b94-483f-a354-2ed29e633e80, group-421C2E2EB869, 5, (t:0, i:0))
2022-09-30 13:40:56,044 [grpc-default-executor-2] INFO  impl.VoteContext (VoteContext.java:log(48)) - 542c7706-6f03-4002-aadb-418c9fc9cb26@group-421C2E2EB869-FOLLOWER: reject ELECTION from c604563f-8b94-483f-a354-2ed29e633e80: already has voted for 542c7706-6f03-4002-aadb-418c9fc9cb26 at current term 5
2022-09-30 13:40:56,044 [grpc-default-executor-2] INFO  server.RaftServer$Division (RaftServerImpl.java:requestVote(1184)) - 542c7706-6f03-4002-aadb-418c9fc9cb26@group-421C2E2EB869 replies to ELECTION vote request: c604563f-8b94-483f-a354-2ed29e633e80<-542c7706-6f03-4002-aadb-418c9fc9cb26#0:FAIL-t5. Peer's state: 542c7706-6f03-4002-aadb-418c9fc9cb26@group-421C2E2EB869:t5, leader=null, voted=542c7706-6f03-4002-aadb-418c9fc9cb26, raftlog=542c7706-6f03-4002-aadb-418c9fc9cb26@group-421C2E2EB869-SegmentedRaftLog:OPENED:c-1, conf=-1: [542c7706-6f03-4002-aadb-418c9fc9cb26|rpc:10.1.0.210:37931|priority:0, 43811407-7c21-4fcd-ab69-dbd9b60ed504|rpc:10.1.0.210:42941|priority:1, c604563f-8b94-483f-a354-2ed29e633e80|rpc:10.1.0.210:36125|priority:0], old=null
2022-09-30 13:40:56,045 [grpc-default-executor-8] INFO  server.RaftServer$Division (RaftServerImpl.java:requestVote(1152)) - c604563f-8b94-483f-a354-2ed29e633e80@group-421C2E2EB869: receive requestVote(ELECTION, 43811407-7c21-4fcd-ab69-dbd9b60ed504, group-421C2E2EB869, 5, (t:0, i:0))
2022-09-30 13:40:56,045 [grpc-default-executor-8] INFO  impl.VoteContext (VoteContext.java:log(48)) - c604563f-8b94-483f-a354-2ed29e633e80@group-421C2E2EB869-CANDIDATE: reject ELECTION from 43811407-7c21-4fcd-ab69-dbd9b60ed504: already has voted for c604563f-8b94-483f-a354-2ed29e633e80 at current term 5
2022-09-30 13:40:56,045 [grpc-default-executor-8] INFO  server.RaftServer$Division (RaftServerImpl.java:requestVote(1184)) - c604563f-8b94-483f-a354-2ed29e633e80@group-421C2E2EB869 replies to ELECTION vote request: 43811407-7c21-4fcd-ab69-dbd9b60ed504<-c604563f-8b94-483f-a354-2ed29e633e80#0:FAIL-t5. Peer's state: c604563f-8b94-483f-a354-2ed29e633e80@group-421C2E2EB869:t5, leader=null, voted=c604563f-8b94-483f-a354-2ed29e633e80, raftlog=c604563f-8b94-483f-a354-2ed29e633e80@group-421C2E2EB869-SegmentedRaftLog:OPENED:c-1, conf=-1: [542c7706-6f03-4002-aadb-418c9fc9cb26|rpc:10.1.0.210:37931|dataStream:|priority:0, 43811407-7c21-4fcd-ab69-dbd9b60ed504|rpc:10.1.0.210:42941|dataStream:|priority:1, c604563f-8b94-483f-a354-2ed29e633e80|rpc:10.1.0.210:36125|dataStream:|priority:0], old=null
2022-09-30 13:40:56,047 [Listener at 127.0.0.1/45417] INFO  server.session (DefaultSessionIdManager.java:doStart(334)) - DefaultSessionIdManager workerName=node0
2022-09-30 13:40:56,047 [Listener at 127.0.0.1/45417] INFO  server.session (DefaultSessionIdManager.java:doStart(339)) - No SessionScavenger set, using defaults
2022-09-30 13:40:56,048 [Listener at 127.0.0.1/45417] INFO  server.session (HouseKeeper.java:startScavenging(132)) - node0 Scavenging every 600000ms
2022-09-30 13:40:56,050 [Listener at 127.0.0.1/45417] INFO  handler.ContextHandler (ContextHandler.java:doStart(915)) - Started o.e.j.s.ServletContextHandler@34824382{logs,/logs,file:///home/runner/work/ozone/ozone/hadoop-ozone/integration-test/target/log,AVAILABLE}
2022-09-30 13:40:56,050 [Listener at 127.0.0.1/45417] INFO  handler.ContextHandler (ContextHandler.java:doStart(915)) - Started o.e.j.s.ServletContextHandler@7cf532e2{static,/static,jar:file:/home/runner/.m2/repository/org/apache/ozone/hdds-container-service/1.3.0-SNAPSHOT/hdds-container-service-1.3.0-SNAPSHOT.jar!/webapps/static,AVAILABLE}
2022-09-30 13:40:56,077 [grpc-default-executor-7] INFO  server.RaftServer$Division (RaftServerImpl.java:requestVote(1152)) - 542c7706-6f03-4002-aadb-418c9fc9cb26@group-421C2E2EB869: receive requestVote(ELECTION, 43811407-7c21-4fcd-ab69-dbd9b60ed504, group-421C2E2EB869, 5, (t:0, i:0))
2022-09-30 13:40:56,077 [grpc-default-executor-7] INFO  impl.VoteContext (VoteContext.java:log(48)) - 542c7706-6f03-4002-aadb-418c9fc9cb26@group-421C2E2EB869-FOLLOWER: reject ELECTION from 43811407-7c21-4fcd-ab69-dbd9b60ed504: already has voted for 542c7706-6f03-4002-aadb-418c9fc9cb26 at current term 5
2022-09-30 13:40:56,078 [grpc-default-executor-7] INFO  server.RaftServer$Division (RaftServerImpl.java:requestVote(1184)) - 542c7706-6f03-4002-aadb-418c9fc9cb26@group-421C2E2EB869 replies to ELECTION vote request: 43811407-7c21-4fcd-ab69-dbd9b60ed504<-542c7706-6f03-4002-aadb-418c9fc9cb26#0:FAIL-t5. Peer's state: 542c7706-6f03-4002-aadb-418c9fc9cb26@group-421C2E2EB869:t5, leader=null, voted=542c7706-6f03-4002-aadb-418c9fc9cb26, raftlog=542c7706-6f03-4002-aadb-418c9fc9cb26@group-421C2E2EB869-SegmentedRaftLog:OPENED:c-1, conf=-1: [542c7706-6f03-4002-aadb-418c9fc9cb26|rpc:10.1.0.210:37931|priority:0, 43811407-7c21-4fcd-ab69-dbd9b60ed504|rpc:10.1.0.210:42941|priority:1, c604563f-8b94-483f-a354-2ed29e633e80|rpc:10.1.0.210:36125|priority:0], old=null
2022-09-30 13:40:56,078 [grpc-default-executor-2] INFO  server.RaftServer$Division (RaftServerImpl.java:requestVote(1152)) - 43811407-7c21-4fcd-ab69-dbd9b60ed504@group-421C2E2EB869: receive requestVote(ELECTION, c604563f-8b94-483f-a354-2ed29e633e80, group-421C2E2EB869, 5, (t:0, i:0))
2022-09-30 13:40:56,078 [grpc-default-executor-2] INFO  impl.VoteContext (VoteContext.java:log(48)) - 43811407-7c21-4fcd-ab69-dbd9b60ed504@group-421C2E2EB869-CANDIDATE: reject ELECTION from c604563f-8b94-483f-a354-2ed29e633e80: already has voted for 43811407-7c21-4fcd-ab69-dbd9b60ed504 at current term 5
2022-09-30 13:40:56,079 [grpc-default-executor-2] INFO  server.RaftServer$Division (RaftServerImpl.java:requestVote(1184)) - 43811407-7c21-4fcd-ab69-dbd9b60ed504@group-421C2E2EB869 replies to ELECTION vote request: c604563f-8b94-483f-a354-2ed29e633e80<-43811407-7c21-4fcd-ab69-dbd9b60ed504#0:FAIL-t5. Peer's state: 43811407-7c21-4fcd-ab69-dbd9b60ed504@group-421C2E2EB869:t5, leader=null, voted=43811407-7c21-4fcd-ab69-dbd9b60ed504, raftlog=43811407-7c21-4fcd-ab69-dbd9b60ed504@group-421C2E2EB869-SegmentedRaftLog:OPENED:c-1, conf=-1: [542c7706-6f03-4002-aadb-418c9fc9cb26|rpc:10.1.0.210:37931|dataStream:|priority:0, 43811407-7c21-4fcd-ab69-dbd9b60ed504|rpc:10.1.0.210:42941|dataStream:|priority:1, c604563f-8b94-483f-a354-2ed29e633e80|rpc:10.1.0.210:36125|dataStream:|priority:0], old=null
2022-09-30 13:40:56,092 [43811407-7c21-4fcd-ab69-dbd9b60ed504@group-421C2E2EB869-LeaderElection21] INFO  impl.LeaderElection (LeaderElection.java:logAndReturn(90)) - 43811407-7c21-4fcd-ab69-dbd9b60ed504@group-421C2E2EB869-LeaderElection21: ELECTION REJECTED received 2 response(s) and 0 exception(s):
2022-09-30 13:40:56,092 [43811407-7c21-4fcd-ab69-dbd9b60ed504@group-421C2E2EB869-LeaderElection21] INFO  impl.LeaderElection (LeaderElection.java:logAndReturn(94)) -   Response 0: 43811407-7c21-4fcd-ab69-dbd9b60ed504<-542c7706-6f03-4002-aadb-418c9fc9cb26#0:FAIL-t5
2022-09-30 13:40:56,092 [43811407-7c21-4fcd-ab69-dbd9b60ed504@group-421C2E2EB869-LeaderElection21] INFO  impl.LeaderElection (LeaderElection.java:logAndReturn(94)) -   Response 1: 43811407-7c21-4fcd-ab69-dbd9b60ed504<-c604563f-8b94-483f-a354-2ed29e633e80#0:FAIL-t5
2022-09-30 13:40:56,092 [43811407-7c21-4fcd-ab69-dbd9b60ed504@group-421C2E2EB869-LeaderElection21] INFO  impl.LeaderElection (LeaderElection.java:askForVotes(312)) - 43811407-7c21-4fcd-ab69-dbd9b60ed504@group-421C2E2EB869-LeaderElection21 ELECTION round 0: result REJECTED
2022-09-30 13:40:56,092 [43811407-7c21-4fcd-ab69-dbd9b60ed504@group-421C2E2EB869-LeaderElection21] INFO  server.RaftServer$Division (RaftServerImpl.java:setRole(299)) - 43811407-7c21-4fcd-ab69-dbd9b60ed504@group-421C2E2EB869: changes role from CANDIDATE to FOLLOWER at term 5 for REJECTED
2022-09-30 13:40:56,092 [43811407-7c21-4fcd-ab69-dbd9b60ed504@group-421C2E2EB869-LeaderElection21] INFO  impl.RoleInfo (RoleInfo.java:shutdownLeaderElection(130)) - 43811407-7c21-4fcd-ab69-dbd9b60ed504: shutdown 43811407-7c21-4fcd-ab69-dbd9b60ed504@group-421C2E2EB869-LeaderElection21
2022-09-30 13:40:56,092 [43811407-7c21-4fcd-ab69-dbd9b60ed504@group-421C2E2EB869-LeaderElection21] INFO  impl.RoleInfo (RoleInfo.java:updateAndGet(139)) - 43811407-7c21-4fcd-ab69-dbd9b60ed504: start 43811407-7c21-4fcd-ab69-dbd9b60ed504@group-421C2E2EB869-FollowerState
2022-09-30 13:40:56,113 [c604563f-8b94-483f-a354-2ed29e633e80@group-421C2E2EB869-LeaderElection19] INFO  impl.LeaderElection (LeaderElection.java:logAndReturn(90)) - c604563f-8b94-483f-a354-2ed29e633e80@group-421C2E2EB869-LeaderElection19: ELECTION REJECTED received 2 response(s) and 0 exception(s):
2022-09-30 13:40:56,113 [c604563f-8b94-483f-a354-2ed29e633e80@group-421C2E2EB869-LeaderElection19] INFO  impl.LeaderElection (LeaderElection.java:logAndReturn(94)) -   Response 0: c604563f-8b94-483f-a354-2ed29e633e80<-542c7706-6f03-4002-aadb-418c9fc9cb26#0:FAIL-t5
2022-09-30 13:40:56,113 [c604563f-8b94-483f-a354-2ed29e633e80@group-421C2E2EB869-LeaderElection19] INFO  impl.LeaderElection (LeaderElection.java:logAndReturn(94)) -   Response 1: c604563f-8b94-483f-a354-2ed29e633e80<-43811407-7c21-4fcd-ab69-dbd9b60ed504#0:FAIL-t5
2022-09-30 13:40:56,113 [c604563f-8b94-483f-a354-2ed29e633e80@group-421C2E2EB869-LeaderElection19] INFO  impl.LeaderElection (LeaderElection.java:askForVotes(312)) - c604563f-8b94-483f-a354-2ed29e633e80@group-421C2E2EB869-LeaderElection19 ELECTION round 0: result REJECTED
2022-09-30 13:40:56,113 [c604563f-8b94-483f-a354-2ed29e633e80@group-421C2E2EB869-LeaderElection19] INFO  server.RaftServer$Division (RaftServerImpl.java:setRole(299)) - c604563f-8b94-483f-a354-2ed29e633e80@group-421C2E2EB869: changes role from CANDIDATE to FOLLOWER at term 5 for REJECTED
2022-09-30 13:40:56,113 [c604563f-8b94-483f-a354-2ed29e633e80@group-421C2E2EB869-LeaderElection19] INFO  impl.RoleInfo (RoleInfo.java:shutdownLeaderElection(130)) - c604563f-8b94-483f-a354-2ed29e633e80: shutdown c604563f-8b94-483f-a354-2ed29e633e80@group-421C2E2EB869-LeaderElection19
2022-09-30 13:40:56,113 [c604563f-8b94-483f-a354-2ed29e633e80@group-421C2E2EB869-LeaderElection19] INFO  impl.RoleInfo (RoleInfo.java:updateAndGet(139)) - c604563f-8b94-483f-a354-2ed29e633e80: start c604563f-8b94-483f-a354-2ed29e633e80@group-421C2E2EB869-FollowerState
2022-09-30 13:40:56,355 [IPC Server handler 11 on default port 33991] INFO  pipeline.PipelineStateManagerImpl (PipelineStateManagerImpl.java:addPipeline(103)) - Created pipeline Pipeline[ Id: a3e66b32-2d96-4239-8cae-bf9f0270edcb, Nodes: 93a726fc-a128-4d5e-9b28-98a1d7a8eb0c{ip: 10.1.0.210, host: fv-az264-432.ca02foy5wcnuvlrvrz2wi3p2og.dx.internal.cloudapp.net, ports: [REPLICATION=34975, RATIS=43289, RATIS_ADMIN=43289, RATIS_SERVER=43289, STANDALONE=44081], networkLocation: /default-rack, certSerialId: null, persistedOpState: null, persistedOpStateExpiryEpochSec: 0}62666bfa-5b48-4194-8431-0a6941154381{ip: 10.1.0.210, host: fv-az264-432.ca02foy5wcnuvlrvrz2wi3p2og.dx.internal.cloudapp.net, ports: [REPLICATION=41651, RATIS=41785, RATIS_ADMIN=41785, RATIS_SERVER=41785, STANDALONE=43973], networkLocation: /default-rack, certSerialId: null, persistedOpState: null, persistedOpStateExpiryEpochSec: 0}c604563f-8b94-483f-a354-2ed29e633e80{ip: 10.1.0.210, host: fv-az264-432.ca02foy5wcnuvlrvrz2wi3p2og.dx.internal.cloudapp.net, ports: [REPLICATION=41739, RATIS=36125, RATIS_ADMIN=36125, RATIS_SERVER=36125, STANDALONE=37547], networkLocation: /default-rack, certSerialId: null, persistedOpState: null, persistedOpStateExpiryEpochSec: 0}63487312-87aa-4652-9988-76e01a899b42{ip: 10.1.0.210, host: fv-az264-432.ca02foy5wcnuvlrvrz2wi3p2og.dx.internal.cloudapp.net, ports: [REPLICATION=33927, RATIS=39059, RATIS_ADMIN=39059, RATIS_SERVER=39059, STANDALONE=46255], networkLocation: /default-rack, certSerialId: null, persistedOpState: null, persistedOpStateExpiryEpochSec: 0}97e8c787-6023-4421-819a-0b5ced458c94{ip: 10.1.0.210, host: fv-az264-432.ca02foy5wcnuvlrvrz2wi3p2og.dx.internal.cloudapp.net, ports: [REPLICATION=41907, RATIS=36437, RATIS_ADMIN=36437, RATIS_SERVER=36437, STANDALONE=34177], networkLocation: /default-rack, certSerialId: null, persistedOpState: null, persistedOpStateExpiryEpochSec: 0}, ReplicationConfig: EC/ECReplicationConfig{data=3, parity=2, ecChunkSize=1048576, codec=rs}, State:ALLOCATED, leaderId:, CreationTimestamp2022-09-30T13:40:56.355Z[Etc/UTC]].
2022-09-30 13:40:56,356 [IPC Server handler 11 on default port 33991] INFO  pipeline.PipelineManagerImpl (PipelineManagerImpl.java:openPipeline(367)) - Pipeline Pipeline[ Id: a3e66b32-2d96-4239-8cae-bf9f0270edcb, Nodes: 93a726fc-a128-4d5e-9b28-98a1d7a8eb0c{ip: 10.1.0.210, host: fv-az264-432.ca02foy5wcnuvlrvrz2wi3p2og.dx.internal.cloudapp.net, ports: [REPLICATION=34975, RATIS=43289, RATIS_ADMIN=43289, RATIS_SERVER=43289, STANDALONE=44081], networkLocation: /default-rack, certSerialId: null, persistedOpState: null, persistedOpStateExpiryEpochSec: 0}62666bfa-5b48-4194-8431-0a6941154381{ip: 10.1.0.210, host: fv-az264-432.ca02foy5wcnuvlrvrz2wi3p2og.dx.internal.cloudapp.net, ports: [REPLICATION=41651, RATIS=41785, RATIS_ADMIN=41785, RATIS_SERVER=41785, STANDALONE=43973], networkLocation: /default-rack, certSerialId: null, persistedOpState: null, persistedOpStateExpiryEpochSec: 0}c604563f-8b94-483f-a354-2ed29e633e80{ip: 10.1.0.210, host: fv-az264-432.ca02foy5wcnuvlrvrz2wi3p2og.dx.internal.cloudapp.net, ports: [REPLICATION=41739, RATIS=36125, RATIS_ADMIN=36125, RATIS_SERVER=36125, STANDALONE=37547], networkLocation: /default-rack, certSerialId: null, persistedOpState: null, persistedOpStateExpiryEpochSec: 0}63487312-87aa-4652-9988-76e01a899b42{ip: 10.1.0.210, host: fv-az264-432.ca02foy5wcnuvlrvrz2wi3p2og.dx.internal.cloudapp.net, ports: [REPLICATION=33927, RATIS=39059, RATIS_ADMIN=39059, RATIS_SERVER=39059, STANDALONE=46255], networkLocation: /default-rack, certSerialId: null, persistedOpState: null, persistedOpStateExpiryEpochSec: 0}97e8c787-6023-4421-819a-0b5ced458c94{ip: 10.1.0.210, host: fv-az264-432.ca02foy5wcnuvlrvrz2wi3p2og.dx.internal.cloudapp.net, ports: [REPLICATION=41907, RATIS=36437, RATIS_ADMIN=36437, RATIS_SERVER=36437, STANDALONE=34177], networkLocation: /default-rack, certSerialId: null, persistedOpState: null, persistedOpStateExpiryEpochSec: 0}, ReplicationConfig: EC/ECReplicationConfig{data=3, parity=2, ecChunkSize=1048576, codec=rs}, State:ALLOCATED, leaderId:, CreationTimestamp2022-09-30T13:40:56.355Z[Etc/UTC]] moved to OPEN state
2022-09-30 13:40:56,428 [EndpointStateMachine task thread for /0.0.0.0:42473 - 0 ] INFO  volume.HddsVolume (HddsVolume.java:createDbStore(307)) - SchemaV3 db is created and loaded at /home/runner/work/ozone/ozone/hadoop-ozone/integration-test/target/test-dir/MiniOzoneClusterImpl-b8847c17-62d3-4307-a1ed-7c038275c3d3/datanode-1/data-0/containers/hdds/b8847c17-62d3-4307-a1ed-7c038275c3d3/DS-75057c29-b930-44ba-9657-1059b67c6c8f/container.db for volume DS-75057c29-b930-44ba-9657-1059b67c6c8f
2022-09-30 13:40:56,444 [EndpointStateMachine task thread for /0.0.0.0:42473 - 0 ] INFO  volume.HddsVolume (HddsVolume.java:closeDbStore(338)) - SchemaV3 db is stopped at /home/runner/work/ozone/ozone/hadoop-ozone/integration-test/target/test-dir/MiniOzoneClusterImpl-b8847c17-62d3-4307-a1ed-7c038275c3d3/datanode-1/data-0/containers/hdds/b8847c17-62d3-4307-a1ed-7c038275c3d3/DS-75057c29-b930-44ba-9657-1059b67c6c8f/container.db for volume DS-75057c29-b930-44ba-9657-1059b67c6c8f
2022-09-30 13:40:56,444 [EndpointStateMachine task thread for /0.0.0.0:42473 - 0 ] INFO  ozoneimpl.OzoneContainer (OzoneContainer.java:start(378)) - Attempting to start container services.
2022-09-30 13:40:56,444 [EndpointStateMachine task thread for /0.0.0.0:42473 - 0 ] INFO  ozoneimpl.OzoneContainer (OzoneContainer.java:startContainerScrub(313)) - Background container scanner has been disabled.
2022-09-30 13:40:56,451 [EndpointStateMachine task thread for /0.0.0.0:42473 - 0 ] INFO  replication.ReplicationServer (ReplicationServer.java:start(111)) - ReplicationServer is started using port 35973
2022-09-30 13:40:56,473 [EndpointStateMachine task thread for /0.0.0.0:42473 - 0 ] INFO  ratis.XceiverServerRatis (XceiverServerRatis.java:start(481)) - Starting XceiverServerRatis 2ebbe601-d5be-40a5-8ef8-5fe69b71d197
2022-09-30 13:40:56,493 [EndpointStateMachine task thread for /0.0.0.0:42473 - 0 ] INFO  server.RaftServer (RaftServerProxy.java:lambda$start$6(382)) - 2ebbe601-d5be-40a5-8ef8-5fe69b71d197: start RPC server
2022-09-30 13:40:56,501 [EndpointStateMachine task thread for /0.0.0.0:42473 - 0 ] INFO  server.GrpcService (GrpcService.java:startImpl(260)) - 2ebbe601-d5be-40a5-8ef8-5fe69b71d197: GrpcService started, listening on 37421
2022-09-30 13:40:56,501 [EndpointStateMachine task thread for /0.0.0.0:42473 - 0 ] INFO  ratis.XceiverServerRatis (XceiverServerRatis.java:getRealPort(502)) - XceiverServerRatis 2ebbe601-d5be-40a5-8ef8-5fe69b71d197 is started using port 37421 for RATIS
2022-09-30 13:40:56,501 [EndpointStateMachine task thread for /0.0.0.0:42473 - 0 ] INFO  ratis.XceiverServerRatis (XceiverServerRatis.java:getRealPort(502)) - XceiverServerRatis 2ebbe601-d5be-40a5-8ef8-5fe69b71d197 is started using port 37421 for RATIS_ADMIN
2022-09-30 13:40:56,501 [EndpointStateMachine task thread for /0.0.0.0:42473 - 0 ] INFO  ratis.XceiverServerRatis (XceiverServerRatis.java:getRealPort(502)) - XceiverServerRatis 2ebbe601-d5be-40a5-8ef8-5fe69b71d197 is started using port 37421 for RATIS_SERVER
2022-09-30 13:40:56,501 [org.apache.ratis.util.JvmPauseMonitor$$Lambda$713/1901567698@5cad5d54] INFO  util.JvmPauseMonitor (JvmPauseMonitor.java:run(103)) - JvmPauseMonitor-2ebbe601-d5be-40a5-8ef8-5fe69b71d197: Started
2022-09-30 13:40:56,505 [EndpointStateMachine task thread for /0.0.0.0:42473 - 0 ] INFO  server.XceiverServerGrpc (XceiverServerGrpc.java:start(180)) - XceiverServerGrpc 2ebbe601-d5be-40a5-8ef8-5fe69b71d197 is started using port 43435
2022-09-30 13:40:56,554 [Listener at 127.0.0.1/45417] INFO  handler.ContextHandler (ContextHandler.java:doStart(915)) - Started o.e.j.w.WebAppContext@37e3c5c5{hddsDatanode,/,file:///tmp/jetty-0_0_0_0-38169-hdds-container-service-1_3_0-SNAPSHOT_jar-_-any-1572307704799927903/webapp/,AVAILABLE}{jar:file:/home/runner/.m2/repository/org/apache/ozone/hdds-container-service/1.3.0-SNAPSHOT/hdds-container-service-1.3.0-SNAPSHOT.jar!/webapps/hddsDatanode}
2022-09-30 13:40:56,557 [Listener at 127.0.0.1/45417] INFO  server.AbstractConnector (AbstractConnector.java:doStart(331)) - Started ServerConnector@5c072f{HTTP/1.1, (http/1.1)}{0.0.0.0:38169}
2022-09-30 13:40:56,557 [Listener at 127.0.0.1/45417] INFO  server.Server (Server.java:doStart(415)) - Started @44314ms
2022-09-30 13:40:56,557 [Listener at 127.0.0.1/45417] WARN  impl.MetricsSystemImpl (MetricsSystemImpl.java:register(279)) - Sink prometheus already exists!
2022-09-30 13:40:56,558 [Listener at 127.0.0.1/45417] INFO  http.BaseHttpServer (BaseHttpServer.java:updateConnectorAddress(333)) - HTTP server of hddsDatanode listening at http://0.0.0.0:38169
2022-09-30 13:40:56,559 [Listener at 127.0.0.1/45417] WARN  impl.MetricRegistriesImpl (MetricRegistriesImpl.java:addReporterRegistration(111)) - New reporters are added after registries were created. Some metrics will be missing from the reporter. Please add reporter before adding any new registry.
2022-09-30 13:40:56,559 [Listener at 127.0.0.1/45417] WARN  impl.MetricRegistriesImpl (MetricRegistriesImpl.java:addReporterRegistration(111)) - New reporters are added after registries were created. Some metrics will be missing from the reporter. Please add reporter before adding any new registry.
2022-09-30 13:40:56,559 [Listener at 127.0.0.1/45417] INFO  impl.MetricsSystemImpl (MetricsSystemImpl.java:init(158)) - HddsDatanode metrics system started (again)
2022-09-30 13:40:56,571 [Datanode State Machine Daemon Thread] INFO  statemachine.DatanodeStateMachine (DatanodeStateMachine.java:lambda$startDaemon$0(492)) - Ozone container server started.
2022-09-30 13:40:56,589 [Listener at 127.0.0.1/45417] INFO  ozone.HddsDatanodeService (HddsDatanodeService.java:start(236)) - HddsDatanodeService host:fv-az264-432.ca02foy5wcnuvlrvrz2wi3p2og.dx.internal.cloudapp.net ip:10.1.0.210
2022-09-30 13:40:56,602 [org.apache.hadoop.util.JvmPauseMonitor$Monitor@f76241f] INFO  util.JvmPauseMonitor (JvmPauseMonitor.java:run(188)) - Starting JVM pause monitor
2022-09-30 13:40:56,620 [Datanode State Machine Task Thread - 0] INFO  datanode.InitDatanodeState (InitDatanodeState.java:persistContainerDatanodeDetails(138)) - DatanodeDetails is persisted to /home/runner/work/ozone/ozone/hadoop-ozone/integration-test/target/test-dir/MiniOzoneClusterImpl-b8847c17-62d3-4307-a1ed-7c038275c3d3/datanode-4/meta/datanode.id
2022-09-30 13:40:56,649 [Listener at 127.0.0.1/45417] INFO  upgrade.AbstractLayoutVersionManager (AbstractLayoutVersionManager.java:init(83)) - Initializing Layout version manager with metadata layout = DATANODE_SCHEMA_V3 (version = 4), software layout = DATANODE_SCHEMA_V3 (version = 4)
2022-09-30 13:40:56,744 [Listener at 127.0.0.1/45417] INFO  reflections.Reflections (Reflections.java:scan(232)) - Reflections took 89 ms to scan 7 urls, producing 135 keys and 327 values 
2022-09-30 13:40:56,747 [Listener at 127.0.0.1/45417] INFO  statemachine.DatanodeStateMachine (DatanodeStateMachine.java:getEndPointTaskThreadPoolSize(237)) - Datanode State Machine Task Thread Pool size 2
2022-09-30 13:40:56,755 [Listener at 127.0.0.1/45417] INFO  volume.HddsVolume (HddsVolume.java:<init>(117)) - Creating HddsVolume: /home/runner/work/ozone/ozone/hadoop-ozone/integration-test/target/test-dir/MiniOzoneClusterImpl-b8847c17-62d3-4307-a1ed-7c038275c3d3/datanode-5/data-0/containers/hdds of storage type : DISK capacity : 9223372036854775807
2022-09-30 13:40:56,755 [Listener at 127.0.0.1/45417] INFO  volume.MutableVolumeSet (MutableVolumeSet.java:initializeVolumeSet(174)) - Added Volume : /home/runner/work/ozone/ozone/hadoop-ozone/integration-test/target/test-dir/MiniOzoneClusterImpl-b8847c17-62d3-4307-a1ed-7c038275c3d3/datanode-5/data-0/containers/hdds to VolumeSet
2022-09-30 13:40:56,757 [Listener at 127.0.0.1/45417] INFO  volume.ThrottledAsyncChecker (ThrottledAsyncChecker.java:schedule(141)) - Scheduling a check for /home/runner/work/ozone/ozone/hadoop-ozone/integration-test/target/test-dir/MiniOzoneClusterImpl-b8847c17-62d3-4307-a1ed-7c038275c3d3/datanode-5/data-0/containers/hdds
2022-09-30 13:40:56,758 [Listener at 127.0.0.1/45417] INFO  volume.StorageVolumeChecker (StorageVolumeChecker.java:checkAllVolumes(202)) - Scheduled health check for volume /home/runner/work/ozone/ozone/hadoop-ozone/integration-test/target/test-dir/MiniOzoneClusterImpl-b8847c17-62d3-4307-a1ed-7c038275c3d3/datanode-5/data-0/containers/hdds
2022-09-30 13:40:56,765 [IPC Server handler 19 on default port 33991] INFO  pipeline.PipelineStateManagerImpl (PipelineStateManagerImpl.java:addPipeline(103)) - Created pipeline Pipeline[ Id: 1a61b758-3439-4831-b6cf-591769e3dc14, Nodes: 542c7706-6f03-4002-aadb-418c9fc9cb26{ip: 10.1.0.210, host: fv-az264-432.ca02foy5wcnuvlrvrz2wi3p2og.dx.internal.cloudapp.net, ports: [REPLICATION=42815, RATIS=37931, RATIS_ADMIN=37931, RATIS_SERVER=37931, STANDALONE=38243], networkLocation: /default-rack, certSerialId: null, persistedOpState: null, persistedOpStateExpiryEpochSec: 0}97e8c787-6023-4421-819a-0b5ced458c94{ip: 10.1.0.210, host: fv-az264-432.ca02foy5wcnuvlrvrz2wi3p2og.dx.internal.cloudapp.net, ports: [REPLICATION=41907, RATIS=36437, RATIS_ADMIN=36437, RATIS_SERVER=36437, STANDALONE=34177], networkLocation: /default-rack, certSerialId: null, persistedOpState: null, persistedOpStateExpiryEpochSec: 0}43811407-7c21-4fcd-ab69-dbd9b60ed504{ip: 10.1.0.210, host: fv-az264-432.ca02foy5wcnuvlrvrz2wi3p2og.dx.internal.cloudapp.net, ports: [REPLICATION=35185, RATIS=42941, RATIS_ADMIN=42941, RATIS_SERVER=42941, STANDALONE=35079], networkLocation: /default-rack, certSerialId: null, persistedOpState: null, persistedOpStateExpiryEpochSec: 0}62666bfa-5b48-4194-8431-0a6941154381{ip: 10.1.0.210, host: fv-az264-432.ca02foy5wcnuvlrvrz2wi3p2og.dx.internal.cloudapp.net, ports: [REPLICATION=41651, RATIS=41785, RATIS_ADMIN=41785, RATIS_SERVER=41785, STANDALONE=43973], networkLocation: /default-rack, certSerialId: null, persistedOpState: null, persistedOpStateExpiryEpochSec: 0}93a726fc-a128-4d5e-9b28-98a1d7a8eb0c{ip: 10.1.0.210, host: fv-az264-432.ca02foy5wcnuvlrvrz2wi3p2og.dx.internal.cloudapp.net, ports: [REPLICATION=34975, RATIS=43289, RATIS_ADMIN=43289, RATIS_SERVER=43289, STANDALONE=44081], networkLocation: /default-rack, certSerialId: null, persistedOpState: null, persistedOpStateExpiryEpochSec: 0}, ReplicationConfig: EC/ECReplicationConfig{data=3, parity=2, ecChunkSize=1048576, codec=rs}, State:ALLOCATED, leaderId:, CreationTimestamp2022-09-30T13:40:56.765Z[Etc/UTC]].
2022-09-30 13:40:56,766 [IPC Server handler 19 on default port 33991] INFO  pipeline.PipelineManagerImpl (PipelineManagerImpl.java:openPipeline(367)) - Pipeline Pipeline[ Id: 1a61b758-3439-4831-b6cf-591769e3dc14, Nodes: 542c7706-6f03-4002-aadb-418c9fc9cb26{ip: 10.1.0.210, host: fv-az264-432.ca02foy5wcnuvlrvrz2wi3p2og.dx.internal.cloudapp.net, ports: [REPLICATION=42815, RATIS=37931, RATIS_ADMIN=37931, RATIS_SERVER=37931, STANDALONE=38243], networkLocation: /default-rack, certSerialId: null, persistedOpState: null, persistedOpStateExpiryEpochSec: 0}97e8c787-6023-4421-819a-0b5ced458c94{ip: 10.1.0.210, host: fv-az264-432.ca02foy5wcnuvlrvrz2wi3p2og.dx.internal.cloudapp.net, ports: [REPLICATION=41907, RATIS=36437, RATIS_ADMIN=36437, RATIS_SERVER=36437, STANDALONE=34177], networkLocation: /default-rack, certSerialId: null, persistedOpState: null, persistedOpStateExpiryEpochSec: 0}43811407-7c21-4fcd-ab69-dbd9b60ed504{ip: 10.1.0.210, host: fv-az264-432.ca02foy5wcnuvlrvrz2wi3p2og.dx.internal.cloudapp.net, ports: [REPLICATION=35185, RATIS=42941, RATIS_ADMIN=42941, RATIS_SERVER=42941, STANDALONE=35079], networkLocation: /default-rack, certSerialId: null, persistedOpState: null, persistedOpStateExpiryEpochSec: 0}62666bfa-5b48-4194-8431-0a6941154381{ip: 10.1.0.210, host: fv-az264-432.ca02foy5wcnuvlrvrz2wi3p2og.dx.internal.cloudapp.net, ports: [REPLICATION=41651, RATIS=41785, RATIS_ADMIN=41785, RATIS_SERVER=41785, STANDALONE=43973], networkLocation: /default-rack, certSerialId: null, persistedOpState: null, persistedOpStateExpiryEpochSec: 0}93a726fc-a128-4d5e-9b28-98a1d7a8eb0c{ip: 10.1.0.210, host: fv-az264-432.ca02foy5wcnuvlrvrz2wi3p2og.dx.internal.cloudapp.net, ports: [REPLICATION=34975, RATIS=43289, RATIS_ADMIN=43289, RATIS_SERVER=43289, STANDALONE=44081], networkLocation: /default-rack, certSerialId: null, persistedOpState: null, persistedOpStateExpiryEpochSec: 0}, ReplicationConfig: EC/ECReplicationConfig{data=3, parity=2, ecChunkSize=1048576, codec=rs}, State:ALLOCATED, leaderId:, CreationTimestamp2022-09-30T13:40:56.765Z[Etc/UTC]] moved to OPEN state
2022-09-30 13:40:56,789 [Listener at 127.0.0.1/45417] INFO  volume.MutableVolumeSet (MutableVolumeSet.java:initializeVolumeSet(174)) - Added Volume : /home/runner/work/ozone/ozone/hadoop-ozone/integration-test/target/test-dir/MiniOzoneClusterImpl-b8847c17-62d3-4307-a1ed-7c038275c3d3/datanode-5/data/ratis to VolumeSet
2022-09-30 13:40:56,789 [Listener at 127.0.0.1/45417] INFO  volume.ThrottledAsyncChecker (ThrottledAsyncChecker.java:schedule(141)) - Scheduling a check for /home/runner/work/ozone/ozone/hadoop-ozone/integration-test/target/test-dir/MiniOzoneClusterImpl-b8847c17-62d3-4307-a1ed-7c038275c3d3/datanode-5/data/ratis
2022-09-30 13:40:56,789 [Listener at 127.0.0.1/45417] INFO  volume.StorageVolumeChecker (StorageVolumeChecker.java:checkAllVolumes(202)) - Scheduled health check for volume /home/runner/work/ozone/ozone/hadoop-ozone/integration-test/target/test-dir/MiniOzoneClusterImpl-b8847c17-62d3-4307-a1ed-7c038275c3d3/datanode-5/data/ratis
2022-09-30 13:40:56,804 [Thread-778] INFO  ozoneimpl.ContainerReader (ContainerReader.java:readVolume(175)) - Finish verifying containers on volume /home/runner/work/ozone/ozone/hadoop-ozone/integration-test/target/test-dir/MiniOzoneClusterImpl-b8847c17-62d3-4307-a1ed-7c038275c3d3/datanode-5/data-0/containers/hdds
2022-09-30 13:40:56,805 [Listener at 127.0.0.1/45417] INFO  ozoneimpl.OzoneContainer (OzoneContainer.java:buildContainerSet(300)) - Build ContainerSet costs 0s
2022-09-30 13:40:56,807 [Listener at 127.0.0.1/45417] INFO  server.RaftServer (ConfUtils.java:logGet(46)) - raft.rpc.type = GRPC (default)
2022-09-30 13:40:56,807 [Listener at 127.0.0.1/45417] INFO  grpc.GrpcFactory (GrpcFactory.java:checkPooledByteBufAllocatorUseCacheForAllThreads(48)) - PERFORMANCE WARNING: useCacheForAllThreads is true that may cause Netty to create a lot garbage objects and, as a result, trigger GC.
	It is recommended to disable useCacheForAllThreads by setting -Dorg.apache.ratis.thirdparty.io.netty.allocator.useCacheForAllThreads=false in command line.
2022-09-30 13:40:56,807 [Listener at 127.0.0.1/45417] INFO  grpc.GrpcConfigKeys (ConfUtils.java:logGet(46)) - raft.grpc.admin.port = 0 (custom)
2022-09-30 13:40:56,808 [Listener at 127.0.0.1/45417] INFO  grpc.GrpcConfigKeys (ConfUtils.java:logGet(46)) - raft.grpc.client.port = 0 (custom)
2022-09-30 13:40:56,808 [Listener at 127.0.0.1/45417] INFO  grpc.GrpcConfigKeys (ConfUtils.java:logGet(46)) - raft.grpc.server.port = 0 (default)
2022-09-30 13:40:56,808 [Listener at 127.0.0.1/45417] INFO  server.GrpcService (ConfUtils.java:logGet(46)) - raft.grpc.message.size.max = 32MB (=33554432) (custom)
2022-09-30 13:40:56,808 [Listener at 127.0.0.1/45417] INFO  server.RaftServerConfigKeys (ConfUtils.java:logGet(46)) - raft.server.log.appender.buffer.byte-limit = 33554432 (custom)
2022-09-30 13:40:56,808 [Listener at 127.0.0.1/45417] INFO  server.GrpcService (ConfUtils.java:logGet(46)) - raft.grpc.flow.control.window = 5MB (=5242880) (custom)
2022-09-30 13:40:56,808 [Listener at 127.0.0.1/45417] INFO  server.RaftServerConfigKeys (ConfUtils.java:logGet(46)) - raft.server.rpc.request.timeout = 60s (custom)
2022-09-30 13:40:56,808 [Listener at 127.0.0.1/45417] INFO  grpc.GrpcConfigKeys (ConfUtils.java:logGet(46)) - raft.grpc.server.async.request.thread.pool.cached = true (default)
2022-09-30 13:40:56,808 [Listener at 127.0.0.1/45417] INFO  grpc.GrpcConfigKeys (ConfUtils.java:logGet(46)) - raft.grpc.server.async.request.thread.pool.size = 32 (default)
2022-09-30 13:40:56,809 [Listener at 127.0.0.1/45417] INFO  impl.DataStreamServerImpl (ConfUtils.java:logGet(46)) - raft.datastream.type = DISABLED (default)
2022-09-30 13:40:56,809 [Listener at 127.0.0.1/45417] INFO  server.RaftServerConfigKeys (ConfUtils.java:logGet(46)) - raft.server.threadpool.proxy.cached = true (default)
2022-09-30 13:40:56,809 [Listener at 127.0.0.1/45417] INFO  server.RaftServerConfigKeys (ConfUtils.java:logGet(46)) - raft.server.threadpool.proxy.size = 0 (default)
2022-09-30 13:40:56,810 [Listener at 127.0.0.1/45417] INFO  server.RaftServerConfigKeys (ConfUtils.java:logGet(46)) - raft.server.rpc.slowness.timeout = 300s (custom)
2022-09-30 13:40:56,810 [Listener at 127.0.0.1/45417] INFO  server.RaftServerConfigKeys (ConfUtils.java:logGet(46)) - raft.server.leaderelection.leader.step-down.wait-time = 10s (default)
2022-09-30 13:40:56,810 [Listener at 127.0.0.1/45417] INFO  server.RaftServerConfigKeys (ConfUtils.java:logGet(46)) - raft.server.storage.dir = [/home/runner/work/ozone/ozone/hadoop-ozone/integration-test/target/test-dir/MiniOzoneClusterImpl-b8847c17-62d3-4307-a1ed-7c038275c3d3/datanode-5/data/ratis] (custom)
2022-09-30 13:40:56,817 [Listener at 127.0.0.1/45417] INFO  server.XceiverServerGrpc (XceiverServerGrpc.java:<init>(132)) - GrpcServer channel type EpollServerSocketChannel
2022-09-30 13:40:56,821 [Listener at 127.0.0.1/45417] INFO  http.BaseHttpServer (BaseHttpServer.java:newHttpServer2BuilderForOzone(213)) - Starting Web-server for hddsDatanode at: http://0.0.0.0:0
2022-09-30 13:40:56,821 [Listener at 127.0.0.1/45417] INFO  http.BaseHttpServer (BaseHttpServer.java:<init>(108)) - Hadoop Security Enabled: false Ozone Security Enabled: false Ozone HTTP Security Enabled: false 
2022-09-30 13:40:56,822 [Listener at 127.0.0.1/45417] INFO  server.AuthenticationFilter (AuthenticationFilter.java:constructSecretProvider(240)) - Unable to initialize FileSignerSecretProvider, falling back to use random secrets.
2022-09-30 13:40:56,822 [Listener at 127.0.0.1/45417] WARN  http.HttpRequestLog (HttpRequestLog.java:getRequestLog(103)) - Jetty request log can only be enabled using Log4j
2022-09-30 13:40:56,823 [Listener at 127.0.0.1/45417] INFO  http.HttpServer2 (HttpServer2.java:addGlobalFilter(1029)) - Added global filter 'safety' (class=org.apache.hadoop.hdds.server.http.HttpServer2$QuotingInputFilter)
2022-09-30 13:40:56,824 [Listener at 127.0.0.1/45417] INFO  http.HttpServer2 (HttpServer2.java:addFilter(1005)) - Added filter static_user_filter (class=org.apache.hadoop.http.lib.StaticUserWebFilter$StaticUserFilter) to context hddsDatanode
2022-09-30 13:40:56,824 [Listener at 127.0.0.1/45417] INFO  http.HttpServer2 (HttpServer2.java:addFilter(1013)) - Added filter static_user_filter (class=org.apache.hadoop.http.lib.StaticUserWebFilter$StaticUserFilter) to context logs
2022-09-30 13:40:56,824 [Listener at 127.0.0.1/45417] INFO  http.HttpServer2 (HttpServer2.java:addFilter(1013)) - Added filter static_user_filter (class=org.apache.hadoop.http.lib.StaticUserWebFilter$StaticUserFilter) to context static
2022-09-30 13:40:56,825 [Listener at 127.0.0.1/45417] INFO  http.HttpServer2 (HttpServer2.java:bindListener(1248)) - Jetty bound to port 42079
2022-09-30 13:40:56,825 [Listener at 127.0.0.1/45417] INFO  server.Server (Server.java:doStart(375)) - jetty-9.4.43.v20210629; built: 2021-06-30T11:07:22.254Z; git: 526006ecfa3af7f1a27ef3a288e2bef7ea9dd7e8; jvm 1.8.0_345-b01
2022-09-30 13:40:56,826 [Listener at 127.0.0.1/45417] INFO  server.session (DefaultSessionIdManager.java:doStart(334)) - DefaultSessionIdManager workerName=node0
2022-09-30 13:40:56,826 [Listener at 127.0.0.1/45417] INFO  server.session (DefaultSessionIdManager.java:doStart(339)) - No SessionScavenger set, using defaults
2022-09-30 13:40:56,826 [Listener at 127.0.0.1/45417] INFO  server.session (HouseKeeper.java:startScavenging(132)) - node0 Scavenging every 660000ms
2022-09-30 13:40:56,827 [Listener at 127.0.0.1/45417] INFO  handler.ContextHandler (ContextHandler.java:doStart(915)) - Started o.e.j.s.ServletContextHandler@38758df3{logs,/logs,file:///home/runner/work/ozone/ozone/hadoop-ozone/integration-test/target/log,AVAILABLE}
2022-09-30 13:40:56,827 [Listener at 127.0.0.1/45417] INFO  handler.ContextHandler (ContextHandler.java:doStart(915)) - Started o.e.j.s.ServletContextHandler@668ff227{static,/static,jar:file:/home/runner/.m2/repository/org/apache/ozone/hdds-container-service/1.3.0-SNAPSHOT/hdds-container-service-1.3.0-SNAPSHOT.jar!/webapps/static,AVAILABLE}
2022-09-30 13:40:56,927 [ReplicationMonitor] INFO  replication.ReplicationManager (ReplicationManager.java:processAll(291)) - Replication Manager is not ready to run until 3000ms after safemode exit
2022-09-30 13:40:56,968 [Under Replicated Processor] INFO  replication.UnderReplicatedProcessor (UnderReplicatedProcessor.java:processAll(92)) - Processed 0 under replicated containers, failed processing 0
2022-09-30 13:40:57,004 [Over Replicated Processor] INFO  replication.OverReplicatedProcessor (OverReplicatedProcessor.java:processAll(90)) - Processed 0 over replicated containers, failed processing 0
2022-09-30 13:40:57,006 [ReplicationMonitor] INFO  replication.ReplicationManager (ReplicationManager.java:processAll(324)) - Replication Monitor Thread took 0 milliseconds for processing 8 containers.
2022-09-30 13:40:57,020 [EndpointStateMachine task thread for /0.0.0.0:42473 - 0 ] INFO  volume.HddsVolume (HddsVolume.java:createDbStore(307)) - SchemaV3 db is created and loaded at /home/runner/work/ozone/ozone/hadoop-ozone/integration-test/target/test-dir/MiniOzoneClusterImpl-b8847c17-62d3-4307-a1ed-7c038275c3d3/datanode-2/data-0/containers/hdds/b8847c17-62d3-4307-a1ed-7c038275c3d3/DS-d5217780-0bc7-4d8d-bf0a-b1042bb5261f/container.db for volume DS-d5217780-0bc7-4d8d-bf0a-b1042bb5261f
2022-09-30 13:40:57,119 [EndpointStateMachine task thread for /0.0.0.0:42473 - 0 ] INFO  volume.HddsVolume (HddsVolume.java:closeDbStore(338)) - SchemaV3 db is stopped at /home/runner/work/ozone/ozone/hadoop-ozone/integration-test/target/test-dir/MiniOzoneClusterImpl-b8847c17-62d3-4307-a1ed-7c038275c3d3/datanode-2/data-0/containers/hdds/b8847c17-62d3-4307-a1ed-7c038275c3d3/DS-d5217780-0bc7-4d8d-bf0a-b1042bb5261f/container.db for volume DS-d5217780-0bc7-4d8d-bf0a-b1042bb5261f
2022-09-30 13:40:57,120 [EndpointStateMachine task thread for /0.0.0.0:42473 - 0 ] INFO  ozoneimpl.OzoneContainer (OzoneContainer.java:start(378)) - Attempting to start container services.
2022-09-30 13:40:57,120 [EndpointStateMachine task thread for /0.0.0.0:42473 - 0 ] INFO  ozoneimpl.OzoneContainer (OzoneContainer.java:startContainerScrub(313)) - Background container scanner has been disabled.
2022-09-30 13:40:57,146 [EndpointStateMachine task thread for /0.0.0.0:42473 - 0 ] INFO  replication.ReplicationServer (ReplicationServer.java:start(111)) - ReplicationServer is started using port 40369
2022-09-30 13:40:57,148 [EndpointStateMachine task thread for /0.0.0.0:42473 - 0 ] INFO  ratis.XceiverServerRatis (XceiverServerRatis.java:start(481)) - Starting XceiverServerRatis 667118c9-2086-46d8-bebb-14ab86077656
2022-09-30 13:40:57,153 [EndpointStateMachine task thread for /0.0.0.0:42473 - 0 ] INFO  server.RaftServer (RaftServerProxy.java:lambda$start$6(382)) - 667118c9-2086-46d8-bebb-14ab86077656: start RPC server
2022-09-30 13:40:57,164 [EndpointStateMachine task thread for /0.0.0.0:42473 - 0 ] INFO  server.GrpcService (GrpcService.java:startImpl(260)) - 667118c9-2086-46d8-bebb-14ab86077656: GrpcService started, listening on 34109
2022-09-30 13:40:57,164 [EndpointStateMachine task thread for /0.0.0.0:42473 - 0 ] INFO  ratis.XceiverServerRatis (XceiverServerRatis.java:getRealPort(502)) - XceiverServerRatis 667118c9-2086-46d8-bebb-14ab86077656 is started using port 34109 for RATIS
2022-09-30 13:40:57,164 [EndpointStateMachine task thread for /0.0.0.0:42473 - 0 ] INFO  ratis.XceiverServerRatis (XceiverServerRatis.java:getRealPort(502)) - XceiverServerRatis 667118c9-2086-46d8-bebb-14ab86077656 is started using port 34109 for RATIS_ADMIN
2022-09-30 13:40:57,164 [EndpointStateMachine task thread for /0.0.0.0:42473 - 0 ] INFO  ratis.XceiverServerRatis (XceiverServerRatis.java:getRealPort(502)) - XceiverServerRatis 667118c9-2086-46d8-bebb-14ab86077656 is started using port 34109 for RATIS_SERVER
2022-09-30 13:40:57,165 [org.apache.ratis.util.JvmPauseMonitor$$Lambda$713/1901567698@21862517] INFO  util.JvmPauseMonitor (JvmPauseMonitor.java:run(103)) - JvmPauseMonitor-667118c9-2086-46d8-bebb-14ab86077656: Started
2022-09-30 13:40:57,170 [EndpointStateMachine task thread for /0.0.0.0:42473 - 0 ] INFO  server.XceiverServerGrpc (XceiverServerGrpc.java:start(180)) - XceiverServerGrpc 667118c9-2086-46d8-bebb-14ab86077656 is started using port 46669
2022-09-30 13:40:57,422 [Listener at 127.0.0.1/45417] INFO  handler.ContextHandler (ContextHandler.java:doStart(915)) - Started o.e.j.w.WebAppContext@22e40f41{hddsDatanode,/,file:///tmp/jetty-0_0_0_0-42079-hdds-container-service-1_3_0-SNAPSHOT_jar-_-any-9033293413306469622/webapp/,AVAILABLE}{jar:file:/home/runner/.m2/repository/org/apache/ozone/hdds-container-service/1.3.0-SNAPSHOT/hdds-container-service-1.3.0-SNAPSHOT.jar!/webapps/hddsDatanode}
2022-09-30 13:40:57,425 [Listener at 127.0.0.1/45417] INFO  server.AbstractConnector (AbstractConnector.java:doStart(331)) - Started ServerConnector@2b472466{HTTP/1.1, (http/1.1)}{0.0.0.0:42079}
2022-09-30 13:40:57,425 [Listener at 127.0.0.1/45417] INFO  server.Server (Server.java:doStart(415)) - Started @45182ms
2022-09-30 13:40:57,425 [Listener at 127.0.0.1/45417] WARN  impl.MetricsSystemImpl (MetricsSystemImpl.java:register(279)) - Sink prometheus already exists!
2022-09-30 13:40:57,426 [Listener at 127.0.0.1/45417] INFO  http.BaseHttpServer (BaseHttpServer.java:updateConnectorAddress(333)) - HTTP server of hddsDatanode listening at http://0.0.0.0:42079
2022-09-30 13:40:57,426 [Listener at 127.0.0.1/45417] WARN  impl.MetricRegistriesImpl (MetricRegistriesImpl.java:addReporterRegistration(111)) - New reporters are added after registries were created. Some metrics will be missing from the reporter. Please add reporter before adding any new registry.
2022-09-30 13:40:57,426 [Listener at 127.0.0.1/45417] WARN  impl.MetricRegistriesImpl (MetricRegistriesImpl.java:addReporterRegistration(111)) - New reporters are added after registries were created. Some metrics will be missing from the reporter. Please add reporter before adding any new registry.
2022-09-30 13:40:57,426 [Listener at 127.0.0.1/45417] INFO  impl.MetricsSystemImpl (MetricsSystemImpl.java:init(158)) - HddsDatanode metrics system started (again)
2022-09-30 13:40:57,447 [Datanode State Machine Daemon Thread] INFO  statemachine.DatanodeStateMachine (DatanodeStateMachine.java:lambda$startDaemon$0(492)) - Ozone container server started.
2022-09-30 13:40:57,456 [Listener at 127.0.0.1/45417] INFO  ozone.HddsDatanodeService (HddsDatanodeService.java:start(236)) - HddsDatanodeService host:fv-az264-432.ca02foy5wcnuvlrvrz2wi3p2og.dx.internal.cloudapp.net ip:10.1.0.210
2022-09-30 13:40:57,487 [org.apache.hadoop.util.JvmPauseMonitor$Monitor@312ab962] INFO  util.JvmPauseMonitor (JvmPauseMonitor.java:run(188)) - Starting JVM pause monitor
2022-09-30 13:40:57,501 [Listener at 127.0.0.1/45417] INFO  upgrade.AbstractLayoutVersionManager (AbstractLayoutVersionManager.java:init(83)) - Initializing Layout version manager with metadata layout = DATANODE_SCHEMA_V3 (version = 4), software layout = DATANODE_SCHEMA_V3 (version = 4)
2022-09-30 13:40:57,501 [Datanode State Machine Task Thread - 0] INFO  datanode.InitDatanodeState (InitDatanodeState.java:persistContainerDatanodeDetails(138)) - DatanodeDetails is persisted to /home/runner/work/ozone/ozone/hadoop-ozone/integration-test/target/test-dir/MiniOzoneClusterImpl-b8847c17-62d3-4307-a1ed-7c038275c3d3/datanode-5/meta/datanode.id
2022-09-30 13:40:57,604 [Listener at 127.0.0.1/45417] INFO  reflections.Reflections (Reflections.java:scan(232)) - Reflections took 100 ms to scan 7 urls, producing 135 keys and 327 values 
2022-09-30 13:40:57,610 [Listener at 127.0.0.1/45417] INFO  statemachine.DatanodeStateMachine (DatanodeStateMachine.java:getEndPointTaskThreadPoolSize(237)) - Datanode State Machine Task Thread Pool size 2
2022-09-30 13:40:57,617 [Listener at 127.0.0.1/45417] INFO  volume.HddsVolume (HddsVolume.java:<init>(117)) - Creating HddsVolume: /home/runner/work/ozone/ozone/hadoop-ozone/integration-test/target/test-dir/MiniOzoneClusterImpl-b8847c17-62d3-4307-a1ed-7c038275c3d3/datanode-6/data-0/containers/hdds of storage type : DISK capacity : 9223372036854775807
2022-09-30 13:40:57,617 [Listener at 127.0.0.1/45417] INFO  volume.MutableVolumeSet (MutableVolumeSet.java:initializeVolumeSet(174)) - Added Volume : /home/runner/work/ozone/ozone/hadoop-ozone/integration-test/target/test-dir/MiniOzoneClusterImpl-b8847c17-62d3-4307-a1ed-7c038275c3d3/datanode-6/data-0/containers/hdds to VolumeSet
2022-09-30 13:40:57,617 [Listener at 127.0.0.1/45417] INFO  volume.ThrottledAsyncChecker (ThrottledAsyncChecker.java:schedule(141)) - Scheduling a check for /home/runner/work/ozone/ozone/hadoop-ozone/integration-test/target/test-dir/MiniOzoneClusterImpl-b8847c17-62d3-4307-a1ed-7c038275c3d3/datanode-6/data-0/containers/hdds
2022-09-30 13:40:57,619 [IPC Server handler 19 on default port 42473] INFO  net.NetworkTopologyImpl (NetworkTopologyImpl.java:add(112)) - Added a new node: /default-rack/1abef520-eeaa-4e7a-a2f3-4eef6d213e0d
2022-09-30 13:40:57,619 [IPC Server handler 19 on default port 42473] INFO  node.SCMNodeManager (SCMNodeManager.java:register(397)) - Registered Data node : 1abef520-eeaa-4e7a-a2f3-4eef6d213e0d{ip: 10.1.0.210, host: fv-az264-432.ca02foy5wcnuvlrvrz2wi3p2og.dx.internal.cloudapp.net, ports: [REPLICATION=32927, RATIS=45505, RATIS_ADMIN=45505, RATIS_SERVER=45505, STANDALONE=46729], networkLocation: /default-rack, certSerialId: null, persistedOpState: null, persistedOpStateExpiryEpochSec: 0}
2022-09-30 13:40:57,627 [Listener at 127.0.0.1/45417] INFO  volume.StorageVolumeChecker (StorageVolumeChecker.java:checkAllVolumes(202)) - Scheduled health check for volume /home/runner/work/ozone/ozone/hadoop-ozone/integration-test/target/test-dir/MiniOzoneClusterImpl-b8847c17-62d3-4307-a1ed-7c038275c3d3/datanode-6/data-0/containers/hdds
2022-09-30 13:40:57,642 [EventQueue-PipelineReportForOneReplicaPipelineSafeModeRule] INFO  safemode.SCMSafeModeManager (SCMSafeModeManager.java:validateSafeModeExitRules(204)) - AtleastOneDatanodeReportedRule rule is successfully validated
2022-09-30 13:40:57,642 [EventQueue-NodeRegistrationContainerReportForDataNodeSafeModeRule] INFO  safemode.SCMSafeModeManager (DataNodeSafeModeRule.java:process(71)) - SCM in safe mode. 1 DataNodes registered, 3 required.
2022-09-30 13:40:57,652 [EventQueue-NewNodeForNewNodeHandler] INFO  pipeline.BackgroundPipelineCreator (BackgroundPipelineCreator.java:notifyEventTriggered(276)) - trigger a one-shot run on RatisPipelineUtilsThread.
2022-09-30 13:40:57,652 [EventQueue-NodeRegistrationContainerReportForContainerSafeModeRule] INFO  safemode.SCMSafeModeManager (SCMSafeModeManager.java:validateSafeModeExitRules(204)) - ContainerSafeModeRule rule is successfully validated
2022-09-30 13:40:57,656 [RatisPipelineUtilsThread - 0] INFO  pipeline.RatisPipelineProvider (RatisPipelineProvider.java:lambda$create$0(195)) - Sending CreatePipelineCommand for pipeline:PipelineID=5893789c-9de0-4588-a912-65059ac314d2 to datanode:1abef520-eeaa-4e7a-a2f3-4eef6d213e0d
2022-09-30 13:40:57,681 [RatisPipelineUtilsThread - 0] INFO  pipeline.PipelineStateManagerImpl (PipelineStateManagerImpl.java:addPipeline(103)) - Created pipeline Pipeline[ Id: 5893789c-9de0-4588-a912-65059ac314d2, Nodes: 1abef520-eeaa-4e7a-a2f3-4eef6d213e0d{ip: 10.1.0.210, host: fv-az264-432.ca02foy5wcnuvlrvrz2wi3p2og.dx.internal.cloudapp.net, ports: [REPLICATION=32927, RATIS=45505, RATIS_ADMIN=45505, RATIS_SERVER=45505, STANDALONE=46729], networkLocation: /default-rack, certSerialId: null, persistedOpState: IN_SERVICE, persistedOpStateExpiryEpochSec: 0}, ReplicationConfig: RATIS/ONE, State:ALLOCATED, leaderId:, CreationTimestamp2022-09-30T13:40:57.656Z[Etc/UTC]].
2022-09-30 13:40:57,689 [Listener at 127.0.0.1/45417] INFO  volume.MutableVolumeSet (MutableVolumeSet.java:initializeVolumeSet(174)) - Added Volume : /home/runner/work/ozone/ozone/hadoop-ozone/integration-test/target/test-dir/MiniOzoneClusterImpl-b8847c17-62d3-4307-a1ed-7c038275c3d3/datanode-6/data/ratis to VolumeSet
2022-09-30 13:40:57,689 [Listener at 127.0.0.1/45417] INFO  volume.ThrottledAsyncChecker (ThrottledAsyncChecker.java:schedule(141)) - Scheduling a check for /home/runner/work/ozone/ozone/hadoop-ozone/integration-test/target/test-dir/MiniOzoneClusterImpl-b8847c17-62d3-4307-a1ed-7c038275c3d3/datanode-6/data/ratis
2022-09-30 13:40:57,693 [Listener at 127.0.0.1/45417] INFO  volume.StorageVolumeChecker (StorageVolumeChecker.java:checkAllVolumes(202)) - Scheduled health check for volume /home/runner/work/ozone/ozone/hadoop-ozone/integration-test/target/test-dir/MiniOzoneClusterImpl-b8847c17-62d3-4307-a1ed-7c038275c3d3/datanode-6/data/ratis
2022-09-30 13:40:57,734 [Thread-804] INFO  ozoneimpl.ContainerReader (ContainerReader.java:readVolume(175)) - Finish verifying containers on volume /home/runner/work/ozone/ozone/hadoop-ozone/integration-test/target/test-dir/MiniOzoneClusterImpl-b8847c17-62d3-4307-a1ed-7c038275c3d3/datanode-6/data-0/containers/hdds
2022-09-30 13:40:57,734 [Listener at 127.0.0.1/45417] INFO  ozoneimpl.OzoneContainer (OzoneContainer.java:buildContainerSet(300)) - Build ContainerSet costs 0s
2022-09-30 13:40:57,742 [Listener at 127.0.0.1/45417] INFO  server.RaftServer (ConfUtils.java:logGet(46)) - raft.rpc.type = GRPC (default)
2022-09-30 13:40:57,742 [Listener at 127.0.0.1/45417] INFO  grpc.GrpcFactory (GrpcFactory.java:checkPooledByteBufAllocatorUseCacheForAllThreads(48)) - PERFORMANCE WARNING: useCacheForAllThreads is true that may cause Netty to create a lot garbage objects and, as a result, trigger GC.
	It is recommended to disable useCacheForAllThreads by setting -Dorg.apache.ratis.thirdparty.io.netty.allocator.useCacheForAllThreads=false in command line.
2022-09-30 13:40:57,742 [Listener at 127.0.0.1/45417] INFO  grpc.GrpcConfigKeys (ConfUtils.java:logGet(46)) - raft.grpc.admin.port = 0 (custom)
2022-09-30 13:40:57,742 [Listener at 127.0.0.1/45417] INFO  grpc.GrpcConfigKeys (ConfUtils.java:logGet(46)) - raft.grpc.client.port = 0 (custom)
2022-09-30 13:40:57,742 [Listener at 127.0.0.1/45417] INFO  grpc.GrpcConfigKeys (ConfUtils.java:logGet(46)) - raft.grpc.server.port = 0 (default)
2022-09-30 13:40:57,743 [Listener at 127.0.0.1/45417] INFO  server.GrpcService (ConfUtils.java:logGet(46)) - raft.grpc.message.size.max = 32MB (=33554432) (custom)
2022-09-30 13:40:57,743 [Listener at 127.0.0.1/45417] INFO  server.RaftServerConfigKeys (ConfUtils.java:logGet(46)) - raft.server.log.appender.buffer.byte-limit = 33554432 (custom)
2022-09-30 13:40:57,743 [Listener at 127.0.0.1/45417] INFO  server.GrpcService (ConfUtils.java:logGet(46)) - raft.grpc.flow.control.window = 5MB (=5242880) (custom)
2022-09-30 13:40:57,743 [Listener at 127.0.0.1/45417] INFO  server.RaftServerConfigKeys (ConfUtils.java:logGet(46)) - raft.server.rpc.request.timeout = 60s (custom)
2022-09-30 13:40:57,743 [Listener at 127.0.0.1/45417] INFO  grpc.GrpcConfigKeys (ConfUtils.java:logGet(46)) - raft.grpc.server.async.request.thread.pool.cached = true (default)
2022-09-30 13:40:57,743 [Listener at 127.0.0.1/45417] INFO  grpc.GrpcConfigKeys (ConfUtils.java:logGet(46)) - raft.grpc.server.async.request.thread.pool.size = 32 (default)
2022-09-30 13:40:57,745 [Listener at 127.0.0.1/45417] INFO  impl.DataStreamServerImpl (ConfUtils.java:logGet(46)) - raft.datastream.type = DISABLED (default)
2022-09-30 13:40:57,745 [Listener at 127.0.0.1/45417] INFO  server.RaftServerConfigKeys (ConfUtils.java:logGet(46)) - raft.server.threadpool.proxy.cached = true (default)
2022-09-30 13:40:57,746 [Listener at 127.0.0.1/45417] INFO  server.RaftServerConfigKeys (ConfUtils.java:logGet(46)) - raft.server.threadpool.proxy.size = 0 (default)
2022-09-30 13:40:57,746 [Listener at 127.0.0.1/45417] INFO  server.RaftServerConfigKeys (ConfUtils.java:logGet(46)) - raft.server.rpc.slowness.timeout = 300s (custom)
2022-09-30 13:40:57,746 [Listener at 127.0.0.1/45417] INFO  server.RaftServerConfigKeys (ConfUtils.java:logGet(46)) - raft.server.leaderelection.leader.step-down.wait-time = 10s (default)
2022-09-30 13:40:57,746 [Listener at 127.0.0.1/45417] INFO  server.RaftServerConfigKeys (ConfUtils.java:logGet(46)) - raft.server.storage.dir = [/home/runner/work/ozone/ozone/hadoop-ozone/integration-test/target/test-dir/MiniOzoneClusterImpl-b8847c17-62d3-4307-a1ed-7c038275c3d3/datanode-6/data/ratis] (custom)
2022-09-30 13:40:57,799 [EndpointStateMachine task thread for /0.0.0.0:42473 - 0 ] INFO  volume.HddsVolume (HddsVolume.java:createDbStore(307)) - SchemaV3 db is created and loaded at /home/runner/work/ozone/ozone/hadoop-ozone/integration-test/target/test-dir/MiniOzoneClusterImpl-b8847c17-62d3-4307-a1ed-7c038275c3d3/datanode-3/data-0/containers/hdds/b8847c17-62d3-4307-a1ed-7c038275c3d3/DS-87632607-28ed-47ed-9bf3-5da92873bae0/container.db for volume DS-87632607-28ed-47ed-9bf3-5da92873bae0
2022-09-30 13:40:57,801 [Listener at 127.0.0.1/45417] INFO  server.XceiverServerGrpc (XceiverServerGrpc.java:<init>(132)) - GrpcServer channel type EpollServerSocketChannel
2022-09-30 13:40:57,801 [EndpointStateMachine task thread for /0.0.0.0:42473 - 0 ] INFO  volume.HddsVolume (HddsVolume.java:closeDbStore(338)) - SchemaV3 db is stopped at /home/runner/work/ozone/ozone/hadoop-ozone/integration-test/target/test-dir/MiniOzoneClusterImpl-b8847c17-62d3-4307-a1ed-7c038275c3d3/datanode-3/data-0/containers/hdds/b8847c17-62d3-4307-a1ed-7c038275c3d3/DS-87632607-28ed-47ed-9bf3-5da92873bae0/container.db for volume DS-87632607-28ed-47ed-9bf3-5da92873bae0
2022-09-30 13:40:57,802 [EndpointStateMachine task thread for /0.0.0.0:42473 - 0 ] INFO  ozoneimpl.OzoneContainer (OzoneContainer.java:start(378)) - Attempting to start container services.
2022-09-30 13:40:57,802 [EndpointStateMachine task thread for /0.0.0.0:42473 - 0 ] INFO  ozoneimpl.OzoneContainer (OzoneContainer.java:startContainerScrub(313)) - Background container scanner has been disabled.
2022-09-30 13:40:57,803 [EndpointStateMachine task thread for /0.0.0.0:42473 - 0 ] INFO  replication.ReplicationServer (ReplicationServer.java:start(111)) - ReplicationServer is started using port 38227
2022-09-30 13:40:57,805 [EndpointStateMachine task thread for /0.0.0.0:42473 - 0 ] INFO  ratis.XceiverServerRatis (XceiverServerRatis.java:start(481)) - Starting XceiverServerRatis e1f0d285-df31-43ff-9499-3cdda764b68e
2022-09-30 13:40:57,812 [EndpointStateMachine task thread for /0.0.0.0:42473 - 0 ] INFO  server.RaftServer (RaftServerProxy.java:lambda$start$6(382)) - e1f0d285-df31-43ff-9499-3cdda764b68e: start RPC server
2022-09-30 13:40:57,814 [EndpointStateMachine task thread for /0.0.0.0:42473 - 0 ] INFO  server.GrpcService (GrpcService.java:startImpl(260)) - e1f0d285-df31-43ff-9499-3cdda764b68e: GrpcService started, listening on 37835
2022-09-30 13:40:57,814 [EndpointStateMachine task thread for /0.0.0.0:42473 - 0 ] INFO  ratis.XceiverServerRatis (XceiverServerRatis.java:getRealPort(502)) - XceiverServerRatis e1f0d285-df31-43ff-9499-3cdda764b68e is started using port 37835 for RATIS
2022-09-30 13:40:57,814 [EndpointStateMachine task thread for /0.0.0.0:42473 - 0 ] INFO  ratis.XceiverServerRatis (XceiverServerRatis.java:getRealPort(502)) - XceiverServerRatis e1f0d285-df31-43ff-9499-3cdda764b68e is started using port 37835 for RATIS_ADMIN
2022-09-30 13:40:57,814 [EndpointStateMachine task thread for /0.0.0.0:42473 - 0 ] INFO  ratis.XceiverServerRatis (XceiverServerRatis.java:getRealPort(502)) - XceiverServerRatis e1f0d285-df31-43ff-9499-3cdda764b68e is started using port 37835 for RATIS_SERVER
2022-09-30 13:40:57,815 [org.apache.ratis.util.JvmPauseMonitor$$Lambda$713/1901567698@105dfe7e] INFO  util.JvmPauseMonitor (JvmPauseMonitor.java:run(103)) - JvmPauseMonitor-e1f0d285-df31-43ff-9499-3cdda764b68e: Started
2022-09-30 13:40:57,818 [EndpointStateMachine task thread for /0.0.0.0:42473 - 0 ] INFO  server.XceiverServerGrpc (XceiverServerGrpc.java:start(180)) - XceiverServerGrpc e1f0d285-df31-43ff-9499-3cdda764b68e is started using port 46171
2022-09-30 13:40:57,835 [Listener at 127.0.0.1/45417] INFO  http.BaseHttpServer (BaseHttpServer.java:newHttpServer2BuilderForOzone(213)) - Starting Web-server for hddsDatanode at: http://0.0.0.0:0
2022-09-30 13:40:57,835 [Listener at 127.0.0.1/45417] INFO  http.BaseHttpServer (BaseHttpServer.java:<init>(108)) - Hadoop Security Enabled: false Ozone Security Enabled: false Ozone HTTP Security Enabled: false 
2022-09-30 13:40:57,836 [Listener at 127.0.0.1/45417] INFO  server.AuthenticationFilter (AuthenticationFilter.java:constructSecretProvider(240)) - Unable to initialize FileSignerSecretProvider, falling back to use random secrets.
2022-09-30 13:40:57,836 [Listener at 127.0.0.1/45417] WARN  http.HttpRequestLog (HttpRequestLog.java:getRequestLog(103)) - Jetty request log can only be enabled using Log4j
2022-09-30 13:40:57,838 [Listener at 127.0.0.1/45417] INFO  http.HttpServer2 (HttpServer2.java:addGlobalFilter(1029)) - Added global filter 'safety' (class=org.apache.hadoop.hdds.server.http.HttpServer2$QuotingInputFilter)
2022-09-30 13:40:57,838 [Listener at 127.0.0.1/45417] INFO  http.HttpServer2 (HttpServer2.java:addFilter(1005)) - Added filter static_user_filter (class=org.apache.hadoop.http.lib.StaticUserWebFilter$StaticUserFilter) to context hddsDatanode
2022-09-30 13:40:57,838 [Listener at 127.0.0.1/45417] INFO  http.HttpServer2 (HttpServer2.java:addFilter(1013)) - Added filter static_user_filter (class=org.apache.hadoop.http.lib.StaticUserWebFilter$StaticUserFilter) to context static
2022-09-30 13:40:57,838 [Listener at 127.0.0.1/45417] INFO  http.HttpServer2 (HttpServer2.java:addFilter(1013)) - Added filter static_user_filter (class=org.apache.hadoop.http.lib.StaticUserWebFilter$StaticUserFilter) to context logs
2022-09-30 13:40:57,839 [Listener at 127.0.0.1/45417] INFO  http.HttpServer2 (HttpServer2.java:bindListener(1248)) - Jetty bound to port 41385
2022-09-30 13:40:57,839 [Listener at 127.0.0.1/45417] INFO  server.Server (Server.java:doStart(375)) - jetty-9.4.43.v20210629; built: 2021-06-30T11:07:22.254Z; git: 526006ecfa3af7f1a27ef3a288e2bef7ea9dd7e8; jvm 1.8.0_345-b01
2022-09-30 13:40:57,842 [Listener at 127.0.0.1/45417] INFO  server.session (DefaultSessionIdManager.java:doStart(334)) - DefaultSessionIdManager workerName=node0
2022-09-30 13:40:57,842 [Listener at 127.0.0.1/45417] INFO  server.session (DefaultSessionIdManager.java:doStart(339)) - No SessionScavenger set, using defaults
2022-09-30 13:40:57,842 [Listener at 127.0.0.1/45417] INFO  server.session (HouseKeeper.java:startScavenging(132)) - node0 Scavenging every 660000ms
2022-09-30 13:40:57,843 [Listener at 127.0.0.1/45417] INFO  handler.ContextHandler (ContextHandler.java:doStart(915)) - Started o.e.j.s.ServletContextHandler@4f691fc6{logs,/logs,file:///home/runner/work/ozone/ozone/hadoop-ozone/integration-test/target/log,AVAILABLE}
2022-09-30 13:40:57,843 [Listener at 127.0.0.1/45417] INFO  handler.ContextHandler (ContextHandler.java:doStart(915)) - Started o.e.j.s.ServletContextHandler@88b6d33{static,/static,jar:file:/home/runner/.m2/repository/org/apache/ozone/hdds-container-service/1.3.0-SNAPSHOT/hdds-container-service-1.3.0-SNAPSHOT.jar!/webapps/static,AVAILABLE}
2022-09-30 13:40:57,927 [ReplicationMonitor] INFO  replication.ReplicationManager (ReplicationManager.java:processAll(291)) - Replication Manager is not ready to run until 3000ms after safemode exit
2022-09-30 13:40:57,968 [Under Replicated Processor] INFO  replication.UnderReplicatedProcessor (UnderReplicatedProcessor.java:processAll(92)) - Processed 0 under replicated containers, failed processing 0
2022-09-30 13:40:58,004 [Over Replicated Processor] INFO  replication.OverReplicatedProcessor (OverReplicatedProcessor.java:processAll(90)) - Processed 0 over replicated containers, failed processing 0
2022-09-30 13:40:58,007 [ReplicationMonitor] INFO  replication.ReplicationManager (ReplicationManager.java:processAll(324)) - Replication Monitor Thread took 1 milliseconds for processing 8 containers.
2022-09-30 13:40:58,254 [Listener at 127.0.0.1/45417] INFO  handler.ContextHandler (ContextHandler.java:doStart(915)) - Started o.e.j.w.WebAppContext@19a1ed66{hddsDatanode,/,file:///tmp/jetty-0_0_0_0-41385-hdds-container-service-1_3_0-SNAPSHOT_jar-_-any-5701252761324843565/webapp/,AVAILABLE}{jar:file:/home/runner/.m2/repository/org/apache/ozone/hdds-container-service/1.3.0-SNAPSHOT/hdds-container-service-1.3.0-SNAPSHOT.jar!/webapps/hddsDatanode}
2022-09-30 13:40:58,258 [Listener at 127.0.0.1/45417] INFO  server.AbstractConnector (AbstractConnector.java:doStart(331)) - Started ServerConnector@13cc6bd3{HTTP/1.1, (http/1.1)}{0.0.0.0:41385}
2022-09-30 13:40:58,258 [Listener at 127.0.0.1/45417] INFO  server.Server (Server.java:doStart(415)) - Started @46015ms
2022-09-30 13:40:58,258 [Listener at 127.0.0.1/45417] WARN  impl.MetricsSystemImpl (MetricsSystemImpl.java:register(279)) - Sink prometheus already exists!
2022-09-30 13:40:58,259 [Listener at 127.0.0.1/45417] INFO  http.BaseHttpServer (BaseHttpServer.java:updateConnectorAddress(333)) - HTTP server of hddsDatanode listening at http://0.0.0.0:41385
2022-09-30 13:40:58,267 [Listener at 127.0.0.1/45417] INFO  ozone.MiniOzoneClusterImpl (MiniOzoneClusterImpl.java:lambda$waitForClusterToBeReady$0(216)) - Waiting for nodes to be ready. Got 1 of 7 DN Heartbeats.
2022-09-30 13:40:58,267 [Listener at 127.0.0.1/45417] INFO  ozone.MiniOzoneClusterImpl (MiniOzoneClusterImpl.java:lambda$waitForClusterToBeReady$0(219)) - Waiting for cluster to exit safe mode
2022-09-30 13:40:58,267 [Listener at 127.0.0.1/45417] INFO  ozone.MiniOzoneClusterImpl (MiniOzoneClusterImpl.java:lambda$waitForClusterToBeReady$0(221)) - SCM became leader
2022-09-30 13:40:58,268 [Datanode State Machine Daemon Thread] INFO  statemachine.DatanodeStateMachine (DatanodeStateMachine.java:lambda$startDaemon$0(492)) - Ozone container server started.
2022-09-30 13:40:58,310 [org.apache.hadoop.util.JvmPauseMonitor$Monitor@27de4ce0] INFO  util.JvmPauseMonitor (JvmPauseMonitor.java:run(188)) - Starting JVM pause monitor
2022-09-30 13:40:58,315 [Datanode State Machine Task Thread - 0] INFO  datanode.InitDatanodeState (InitDatanodeState.java:persistContainerDatanodeDetails(138)) - DatanodeDetails is persisted to /home/runner/work/ozone/ozone/hadoop-ozone/integration-test/target/test-dir/MiniOzoneClusterImpl-b8847c17-62d3-4307-a1ed-7c038275c3d3/datanode-6/meta/datanode.id
2022-09-30 13:40:58,329 [IPC Server handler 6 on default port 42473] INFO  net.NetworkTopologyImpl (NetworkTopologyImpl.java:add(112)) - Added a new node: /default-rack/2ebbe601-d5be-40a5-8ef8-5fe69b71d197
2022-09-30 13:40:58,329 [IPC Server handler 6 on default port 42473] INFO  node.SCMNodeManager (SCMNodeManager.java:register(397)) - Registered Data node : 2ebbe601-d5be-40a5-8ef8-5fe69b71d197{ip: 10.1.0.210, host: fv-az264-432.ca02foy5wcnuvlrvrz2wi3p2og.dx.internal.cloudapp.net, ports: [REPLICATION=35973, RATIS=37421, RATIS_ADMIN=37421, RATIS_SERVER=37421, STANDALONE=43435], networkLocation: /default-rack, certSerialId: null, persistedOpState: null, persistedOpStateExpiryEpochSec: 0}
2022-09-30 13:40:58,330 [EventQueue-NewNodeForNewNodeHandler] INFO  pipeline.BackgroundPipelineCreator (BackgroundPipelineCreator.java:notifyEventTriggered(276)) - trigger a one-shot run on RatisPipelineUtilsThread.
2022-09-30 13:40:58,330 [EventQueue-NodeRegistrationContainerReportForDataNodeSafeModeRule] INFO  safemode.SCMSafeModeManager (DataNodeSafeModeRule.java:process(71)) - SCM in safe mode. 2 DataNodes registered, 3 required.
2022-09-30 13:40:58,331 [RatisPipelineUtilsThread - 0] INFO  pipeline.RatisPipelineProvider (RatisPipelineProvider.java:lambda$create$0(195)) - Sending CreatePipelineCommand for pipeline:PipelineID=c0ada242-6f14-47f8-ae87-62676e4a87cd to datanode:2ebbe601-d5be-40a5-8ef8-5fe69b71d197
2022-09-30 13:40:58,332 [RatisPipelineUtilsThread - 0] INFO  pipeline.PipelineStateManagerImpl (PipelineStateManagerImpl.java:addPipeline(103)) - Created pipeline Pipeline[ Id: c0ada242-6f14-47f8-ae87-62676e4a87cd, Nodes: 2ebbe601-d5be-40a5-8ef8-5fe69b71d197{ip: 10.1.0.210, host: fv-az264-432.ca02foy5wcnuvlrvrz2wi3p2og.dx.internal.cloudapp.net, ports: [REPLICATION=35973, RATIS=37421, RATIS_ADMIN=37421, RATIS_SERVER=37421, STANDALONE=43435], networkLocation: /default-rack, certSerialId: null, persistedOpState: IN_SERVICE, persistedOpStateExpiryEpochSec: 0}, ReplicationConfig: RATIS/ONE, State:ALLOCATED, leaderId:, CreationTimestamp2022-09-30T13:40:58.331Z[Etc/UTC]].
2022-09-30 13:40:58,691 [EndpointStateMachine task thread for /0.0.0.0:42473 - 0 ] INFO  volume.HddsVolume (HddsVolume.java:createDbStore(307)) - SchemaV3 db is created and loaded at /home/runner/work/ozone/ozone/hadoop-ozone/integration-test/target/test-dir/MiniOzoneClusterImpl-b8847c17-62d3-4307-a1ed-7c038275c3d3/datanode-4/data-0/containers/hdds/b8847c17-62d3-4307-a1ed-7c038275c3d3/DS-c3b9c56e-ba1b-4bea-808c-a196e9fac13f/container.db for volume DS-c3b9c56e-ba1b-4bea-808c-a196e9fac13f
2022-09-30 13:40:58,695 [EndpointStateMachine task thread for /0.0.0.0:42473 - 0 ] INFO  volume.HddsVolume (HddsVolume.java:closeDbStore(338)) - SchemaV3 db is stopped at /home/runner/work/ozone/ozone/hadoop-ozone/integration-test/target/test-dir/MiniOzoneClusterImpl-b8847c17-62d3-4307-a1ed-7c038275c3d3/datanode-4/data-0/containers/hdds/b8847c17-62d3-4307-a1ed-7c038275c3d3/DS-c3b9c56e-ba1b-4bea-808c-a196e9fac13f/container.db for volume DS-c3b9c56e-ba1b-4bea-808c-a196e9fac13f
2022-09-30 13:40:58,695 [EndpointStateMachine task thread for /0.0.0.0:42473 - 0 ] INFO  ozoneimpl.OzoneContainer (OzoneContainer.java:start(378)) - Attempting to start container services.
2022-09-30 13:40:58,695 [EndpointStateMachine task thread for /0.0.0.0:42473 - 0 ] INFO  ozoneimpl.OzoneContainer (OzoneContainer.java:startContainerScrub(313)) - Background container scanner has been disabled.
2022-09-30 13:40:58,701 [EndpointStateMachine task thread for /0.0.0.0:42473 - 0 ] INFO  replication.ReplicationServer (ReplicationServer.java:start(111)) - ReplicationServer is started using port 34817
2022-09-30 13:40:58,720 [EndpointStateMachine task thread for /0.0.0.0:42473 - 0 ] INFO  ratis.XceiverServerRatis (XceiverServerRatis.java:start(481)) - Starting XceiverServerRatis 1a0b3960-301a-4947-868f-ac6db93c3e0a
2022-09-30 13:40:58,723 [EndpointStateMachine task thread for /0.0.0.0:42473 - 0 ] INFO  server.RaftServer (RaftServerProxy.java:lambda$start$6(382)) - 1a0b3960-301a-4947-868f-ac6db93c3e0a: start RPC server
2022-09-30 13:40:58,726 [EndpointStateMachine task thread for /0.0.0.0:42473 - 0 ] INFO  server.GrpcService (GrpcService.java:startImpl(260)) - 1a0b3960-301a-4947-868f-ac6db93c3e0a: GrpcService started, listening on 38269
2022-09-30 13:40:58,727 [EndpointStateMachine task thread for /0.0.0.0:42473 - 0 ] INFO  ratis.XceiverServerRatis (XceiverServerRatis.java:getRealPort(502)) - XceiverServerRatis 1a0b3960-301a-4947-868f-ac6db93c3e0a is started using port 38269 for RATIS
2022-09-30 13:40:58,727 [EndpointStateMachine task thread for /0.0.0.0:42473 - 0 ] INFO  ratis.XceiverServerRatis (XceiverServerRatis.java:getRealPort(502)) - XceiverServerRatis 1a0b3960-301a-4947-868f-ac6db93c3e0a is started using port 38269 for RATIS_ADMIN
2022-09-30 13:40:58,727 [EndpointStateMachine task thread for /0.0.0.0:42473 - 0 ] INFO  ratis.XceiverServerRatis (XceiverServerRatis.java:getRealPort(502)) - XceiverServerRatis 1a0b3960-301a-4947-868f-ac6db93c3e0a is started using port 38269 for RATIS_SERVER
2022-09-30 13:40:58,727 [org.apache.ratis.util.JvmPauseMonitor$$Lambda$713/1901567698@5aeec738] INFO  util.JvmPauseMonitor (JvmPauseMonitor.java:run(103)) - JvmPauseMonitor-1a0b3960-301a-4947-868f-ac6db93c3e0a: Started
2022-09-30 13:40:58,732 [EndpointStateMachine task thread for /0.0.0.0:42473 - 0 ] INFO  server.XceiverServerGrpc (XceiverServerGrpc.java:start(180)) - XceiverServerGrpc 1a0b3960-301a-4947-868f-ac6db93c3e0a is started using port 43455
2022-09-30 13:40:58,903 [IPC Server handler 17 on default port 42473] INFO  net.NetworkTopologyImpl (NetworkTopologyImpl.java:add(112)) - Added a new node: /default-rack/667118c9-2086-46d8-bebb-14ab86077656
2022-09-30 13:40:58,903 [IPC Server handler 17 on default port 42473] INFO  node.SCMNodeManager (SCMNodeManager.java:register(397)) - Registered Data node : 667118c9-2086-46d8-bebb-14ab86077656{ip: 10.1.0.210, host: fv-az264-432.ca02foy5wcnuvlrvrz2wi3p2og.dx.internal.cloudapp.net, ports: [REPLICATION=40369, RATIS=34109, RATIS_ADMIN=34109, RATIS_SERVER=34109, STANDALONE=46669], networkLocation: /default-rack, certSerialId: null, persistedOpState: null, persistedOpStateExpiryEpochSec: 0}
2022-09-30 13:40:58,903 [EventQueue-NewNodeForNewNodeHandler] INFO  pipeline.BackgroundPipelineCreator (BackgroundPipelineCreator.java:notifyEventTriggered(276)) - trigger a one-shot run on RatisPipelineUtilsThread.
2022-09-30 13:40:58,904 [EventQueue-NodeRegistrationContainerReportForDataNodeSafeModeRule] INFO  safemode.SCMSafeModeManager (DataNodeSafeModeRule.java:process(71)) - SCM in safe mode. 3 DataNodes registered, 3 required.
2022-09-30 13:40:58,904 [EventQueue-NodeRegistrationContainerReportForDataNodeSafeModeRule] INFO  safemode.SCMSafeModeManager (SCMSafeModeManager.java:validateSafeModeExitRules(204)) - DataNodeSafeModeRule rule is successfully validated
2022-09-30 13:40:58,904 [EventQueue-NodeRegistrationContainerReportForDataNodeSafeModeRule] INFO  safemode.SCMSafeModeManager (SCMSafeModeManager.java:completePreCheck(233)) - All SCM safe mode pre check rules have passed
2022-09-30 13:40:58,904 [EventQueue-NodeRegistrationContainerReportForDataNodeSafeModeRule] WARN  events.EventQueue (EventQueue.java:fireEvent(216)) - No event handler registered for event TypedEvent{payloadType=SafeModeStatus, name='Safe mode status'}
2022-09-30 13:40:58,904 [EventQueue-NodeRegistrationContainerReportForDataNodeSafeModeRule] INFO  ha.SCMContext (SCMContext.java:updateSafeModeStatus(228)) - Update SafeModeStatus from SafeModeStatus{safeModeStatus=true, preCheckPassed=false} to SafeModeStatus{safeModeStatus=true, preCheckPassed=true}.
2022-09-30 13:40:58,904 [EventQueue-NodeRegistrationContainerReportForDataNodeSafeModeRule] INFO  pipeline.BackgroundPipelineCreator (BackgroundPipelineCreator.java:notifyEventTriggered(276)) - trigger a one-shot run on RatisPipelineUtilsThread.
2022-09-30 13:40:58,904 [RatisPipelineUtilsThread - 0] INFO  pipeline.RatisPipelineProvider (RatisPipelineProvider.java:lambda$create$0(195)) - Sending CreatePipelineCommand for pipeline:PipelineID=fb532ec4-35dc-40fa-a505-7c6c7e6e1921 to datanode:667118c9-2086-46d8-bebb-14ab86077656
2022-09-30 13:40:58,905 [RatisPipelineUtilsThread - 0] INFO  pipeline.PipelineStateManagerImpl (PipelineStateManagerImpl.java:addPipeline(103)) - Created pipeline Pipeline[ Id: fb532ec4-35dc-40fa-a505-7c6c7e6e1921, Nodes: 667118c9-2086-46d8-bebb-14ab86077656{ip: 10.1.0.210, host: fv-az264-432.ca02foy5wcnuvlrvrz2wi3p2og.dx.internal.cloudapp.net, ports: [REPLICATION=40369, RATIS=34109, RATIS_ADMIN=34109, RATIS_SERVER=34109, STANDALONE=46669], networkLocation: /default-rack, certSerialId: null, persistedOpState: IN_SERVICE, persistedOpStateExpiryEpochSec: 0}, ReplicationConfig: RATIS/ONE, State:ALLOCATED, leaderId:, CreationTimestamp2022-09-30T13:40:58.904Z[Etc/UTC]].
2022-09-30 13:40:58,905 [RatisPipelineUtilsThread - 0] INFO  pipeline.RatisPipelineProvider (RatisPipelineProvider.java:lambda$create$0(195)) - Sending CreatePipelineCommand for pipeline:PipelineID=9d594d7e-d210-4d1e-a3b6-44c64a0b4b82 to datanode:2ebbe601-d5be-40a5-8ef8-5fe69b71d197
2022-09-30 13:40:58,905 [RatisPipelineUtilsThread - 0] INFO  pipeline.RatisPipelineProvider (RatisPipelineProvider.java:lambda$create$0(195)) - Sending CreatePipelineCommand for pipeline:PipelineID=9d594d7e-d210-4d1e-a3b6-44c64a0b4b82 to datanode:1abef520-eeaa-4e7a-a2f3-4eef6d213e0d
2022-09-30 13:40:58,905 [RatisPipelineUtilsThread - 0] INFO  pipeline.RatisPipelineProvider (RatisPipelineProvider.java:lambda$create$0(195)) - Sending CreatePipelineCommand for pipeline:PipelineID=9d594d7e-d210-4d1e-a3b6-44c64a0b4b82 to datanode:667118c9-2086-46d8-bebb-14ab86077656
2022-09-30 13:40:58,906 [RatisPipelineUtilsThread - 0] INFO  pipeline.PipelineStateManagerImpl (PipelineStateManagerImpl.java:addPipeline(103)) - Created pipeline Pipeline[ Id: 9d594d7e-d210-4d1e-a3b6-44c64a0b4b82, Nodes: 2ebbe601-d5be-40a5-8ef8-5fe69b71d197{ip: 10.1.0.210, host: fv-az264-432.ca02foy5wcnuvlrvrz2wi3p2og.dx.internal.cloudapp.net, ports: [REPLICATION=35973, RATIS=37421, RATIS_ADMIN=37421, RATIS_SERVER=37421, STANDALONE=43435], networkLocation: /default-rack, certSerialId: null, persistedOpState: IN_SERVICE, persistedOpStateExpiryEpochSec: 0}1abef520-eeaa-4e7a-a2f3-4eef6d213e0d{ip: 10.1.0.210, host: fv-az264-432.ca02foy5wcnuvlrvrz2wi3p2og.dx.internal.cloudapp.net, ports: [REPLICATION=32927, RATIS=45505, RATIS_ADMIN=45505, RATIS_SERVER=45505, STANDALONE=46729], networkLocation: /default-rack, certSerialId: null, persistedOpState: IN_SERVICE, persistedOpStateExpiryEpochSec: 0}667118c9-2086-46d8-bebb-14ab86077656{ip: 10.1.0.210, host: fv-az264-432.ca02foy5wcnuvlrvrz2wi3p2og.dx.internal.cloudapp.net, ports: [REPLICATION=40369, RATIS=34109, RATIS_ADMIN=34109, RATIS_SERVER=34109, STANDALONE=46669], networkLocation: /default-rack, certSerialId: null, persistedOpState: IN_SERVICE, persistedOpStateExpiryEpochSec: 0}, ReplicationConfig: RATIS/THREE, State:ALLOCATED, leaderId:, CreationTimestamp2022-09-30T13:40:58.905Z[Etc/UTC]].
2022-09-30 13:40:58,927 [ReplicationMonitor] INFO  replication.ReplicationManager (ReplicationManager.java:processAll(291)) - Replication Manager is not ready to run until 3000ms after safemode exit
2022-09-30 13:40:58,968 [Under Replicated Processor] INFO  replication.UnderReplicatedProcessor (UnderReplicatedProcessor.java:processAll(92)) - Processed 0 under replicated containers, failed processing 0
2022-09-30 13:40:58,997 [IPC Server handler 10 on default port 37045] INFO  node.NodeDecommissionManager (NodeDecommissionManager.java:startDecommission(272)) - Starting Decommission for node 63487312-87aa-4652-9988-76e01a899b42{ip: 10.1.0.210, host: fv-az264-432.ca02foy5wcnuvlrvrz2wi3p2og.dx.internal.cloudapp.net, ports: [REPLICATION=33927, RATIS=39059, RATIS_ADMIN=39059, RATIS_SERVER=39059, STANDALONE=46255], networkLocation: /default-rack, certSerialId: null, persistedOpState: IN_SERVICE, persistedOpStateExpiryEpochSec: 0}
2022-09-30 13:40:59,000 [EventQueue-HealthyReadonlyToHealthyNodeForReadOnlyHealthyToHealthyNodeHandler] INFO  node.ReadOnlyHealthyToHealthyNodeHandler (ReadOnlyHealthyToHealthyNodeHandler.java:onMessage(51)) - Datanode 63487312-87aa-4652-9988-76e01a899b42{ip: 10.1.0.210, host: fv-az264-432.ca02foy5wcnuvlrvrz2wi3p2og.dx.internal.cloudapp.net, ports: [REPLICATION=33927, RATIS=39059, RATIS_ADMIN=39059, RATIS_SERVER=39059, STANDALONE=46255], networkLocation: /default-rack, certSerialId: null, persistedOpState: IN_SERVICE, persistedOpStateExpiryEpochSec: 0} moved to HEALTHY state.
2022-09-30 13:40:59,000 [EventQueue-HealthyReadonlyToHealthyNodeForReadOnlyHealthyToHealthyNodeHandler] INFO  pipeline.BackgroundPipelineCreator (BackgroundPipelineCreator.java:notifyEventTriggered(276)) - trigger a one-shot run on RatisPipelineUtilsThread.
2022-09-30 13:40:59,004 [Over Replicated Processor] INFO  replication.OverReplicatedProcessor (OverReplicatedProcessor.java:processAll(90)) - Processed 0 over replicated containers, failed processing 0
2022-09-30 13:40:59,008 [ReplicationMonitor] INFO  replication.ReplicationManager (ReplicationManager.java:processAll(324)) - Replication Monitor Thread took 1 milliseconds for processing 8 containers.
2022-09-30 13:40:59,267 [Listener at 127.0.0.1/45417] INFO  ozone.MiniOzoneClusterImpl (MiniOzoneClusterImpl.java:lambda$waitForClusterToBeReady$0(216)) - Waiting for nodes to be ready. Got 3 of 7 DN Heartbeats.
2022-09-30 13:40:59,267 [Listener at 127.0.0.1/45417] INFO  ozone.MiniOzoneClusterImpl (MiniOzoneClusterImpl.java:lambda$waitForClusterToBeReady$0(219)) - Waiting for cluster to exit safe mode
2022-09-30 13:40:59,267 [Listener at 127.0.0.1/45417] INFO  ozone.MiniOzoneClusterImpl (MiniOzoneClusterImpl.java:lambda$waitForClusterToBeReady$0(221)) - SCM became leader
2022-09-30 13:40:59,527 [EndpointStateMachine task thread for /0.0.0.0:42473 - 0 ] INFO  volume.HddsVolume (HddsVolume.java:createDbStore(307)) - SchemaV3 db is created and loaded at /home/runner/work/ozone/ozone/hadoop-ozone/integration-test/target/test-dir/MiniOzoneClusterImpl-b8847c17-62d3-4307-a1ed-7c038275c3d3/datanode-5/data-0/containers/hdds/b8847c17-62d3-4307-a1ed-7c038275c3d3/DS-51ba3363-3490-4fb9-89c9-2e9103bb8f02/container.db for volume DS-51ba3363-3490-4fb9-89c9-2e9103bb8f02
2022-09-30 13:40:59,528 [EndpointStateMachine task thread for /0.0.0.0:42473 - 0 ] INFO  volume.HddsVolume (HddsVolume.java:closeDbStore(338)) - SchemaV3 db is stopped at /home/runner/work/ozone/ozone/hadoop-ozone/integration-test/target/test-dir/MiniOzoneClusterImpl-b8847c17-62d3-4307-a1ed-7c038275c3d3/datanode-5/data-0/containers/hdds/b8847c17-62d3-4307-a1ed-7c038275c3d3/DS-51ba3363-3490-4fb9-89c9-2e9103bb8f02/container.db for volume DS-51ba3363-3490-4fb9-89c9-2e9103bb8f02
2022-09-30 13:40:59,528 [EndpointStateMachine task thread for /0.0.0.0:42473 - 0 ] INFO  ozoneimpl.OzoneContainer (OzoneContainer.java:start(378)) - Attempting to start container services.
2022-09-30 13:40:59,528 [EndpointStateMachine task thread for /0.0.0.0:42473 - 0 ] INFO  ozoneimpl.OzoneContainer (OzoneContainer.java:startContainerScrub(313)) - Background container scanner has been disabled.
2022-09-30 13:40:59,531 [EndpointStateMachine task thread for /0.0.0.0:42473 - 0 ] INFO  replication.ReplicationServer (ReplicationServer.java:start(111)) - ReplicationServer is started using port 39829
2022-09-30 13:40:59,533 [EndpointStateMachine task thread for /0.0.0.0:42473 - 0 ] INFO  ratis.XceiverServerRatis (XceiverServerRatis.java:start(481)) - Starting XceiverServerRatis 2f2aa734-5659-47cb-9e8c-97447fb3d532
2022-09-30 13:40:59,536 [EndpointStateMachine task thread for /0.0.0.0:42473 - 0 ] INFO  server.RaftServer (RaftServerProxy.java:lambda$start$6(382)) - 2f2aa734-5659-47cb-9e8c-97447fb3d532: start RPC server
2022-09-30 13:40:59,537 [EndpointStateMachine task thread for /0.0.0.0:42473 - 0 ] INFO  server.GrpcService (GrpcService.java:startImpl(260)) - 2f2aa734-5659-47cb-9e8c-97447fb3d532: GrpcService started, listening on 39967
2022-09-30 13:40:59,538 [EndpointStateMachine task thread for /0.0.0.0:42473 - 0 ] INFO  ratis.XceiverServerRatis (XceiverServerRatis.java:getRealPort(502)) - XceiverServerRatis 2f2aa734-5659-47cb-9e8c-97447fb3d532 is started using port 39967 for RATIS
2022-09-30 13:40:59,538 [org.apache.ratis.util.JvmPauseMonitor$$Lambda$713/1901567698@35b3b13c] INFO  util.JvmPauseMonitor (JvmPauseMonitor.java:run(103)) - JvmPauseMonitor-2f2aa734-5659-47cb-9e8c-97447fb3d532: Started
2022-09-30 13:40:59,538 [EndpointStateMachine task thread for /0.0.0.0:42473 - 0 ] INFO  ratis.XceiverServerRatis (XceiverServerRatis.java:getRealPort(502)) - XceiverServerRatis 2f2aa734-5659-47cb-9e8c-97447fb3d532 is started using port 39967 for RATIS_ADMIN
2022-09-30 13:40:59,539 [EndpointStateMachine task thread for /0.0.0.0:42473 - 0 ] INFO  ratis.XceiverServerRatis (XceiverServerRatis.java:getRealPort(502)) - XceiverServerRatis 2f2aa734-5659-47cb-9e8c-97447fb3d532 is started using port 39967 for RATIS_SERVER
2022-09-30 13:40:59,542 [EndpointStateMachine task thread for /0.0.0.0:42473 - 0 ] INFO  server.XceiverServerGrpc (XceiverServerGrpc.java:start(180)) - XceiverServerGrpc 2f2aa734-5659-47cb-9e8c-97447fb3d532 is started using port 41087
2022-09-30 13:40:59,616 [IPC Server handler 4 on default port 35905] INFO  node.SCMNodeManager (SCMNodeManager.java:updateDatanodeOpState(545)) - Scheduling a command to update the operationalState persisted on 63487312-87aa-4652-9988-76e01a899b42{ip: 10.1.0.210, host: fv-az264-432.ca02foy5wcnuvlrvrz2wi3p2og.dx.internal.cloudapp.net, ports: [REPLICATION=33927, RATIS=39059, RATIS_ADMIN=39059, RATIS_SERVER=39059, STANDALONE=46255], networkLocation: /default-rack, certSerialId: null, persistedOpState: null, persistedOpStateExpiryEpochSec: 0} as the reported value does not match the value stored in SCM (DECOMMISSIONING, 0)
2022-09-30 13:40:59,673 [IPC Server handler 17 on default port 42473] INFO  net.NetworkTopologyImpl (NetworkTopologyImpl.java:add(112)) - Added a new node: /default-rack/e1f0d285-df31-43ff-9499-3cdda764b68e
2022-09-30 13:40:59,673 [IPC Server handler 17 on default port 42473] INFO  node.SCMNodeManager (SCMNodeManager.java:register(397)) - Registered Data node : e1f0d285-df31-43ff-9499-3cdda764b68e{ip: 10.1.0.210, host: fv-az264-432.ca02foy5wcnuvlrvrz2wi3p2og.dx.internal.cloudapp.net, ports: [REPLICATION=38227, RATIS=37835, RATIS_ADMIN=37835, RATIS_SERVER=37835, STANDALONE=46171], networkLocation: /default-rack, certSerialId: null, persistedOpState: null, persistedOpStateExpiryEpochSec: 0}
2022-09-30 13:40:59,673 [EventQueue-NewNodeForNewNodeHandler] INFO  pipeline.BackgroundPipelineCreator (BackgroundPipelineCreator.java:notifyEventTriggered(276)) - trigger a one-shot run on RatisPipelineUtilsThread.
2022-09-30 13:40:59,674 [RatisPipelineUtilsThread - 0] INFO  pipeline.RatisPipelineProvider (RatisPipelineProvider.java:lambda$create$0(195)) - Sending CreatePipelineCommand for pipeline:PipelineID=67d0783f-f847-42fb-9c95-6228ffb76884 to datanode:e1f0d285-df31-43ff-9499-3cdda764b68e
2022-09-30 13:40:59,674 [RatisPipelineUtilsThread - 0] INFO  pipeline.PipelineStateManagerImpl (PipelineStateManagerImpl.java:addPipeline(103)) - Created pipeline Pipeline[ Id: 67d0783f-f847-42fb-9c95-6228ffb76884, Nodes: e1f0d285-df31-43ff-9499-3cdda764b68e{ip: 10.1.0.210, host: fv-az264-432.ca02foy5wcnuvlrvrz2wi3p2og.dx.internal.cloudapp.net, ports: [REPLICATION=38227, RATIS=37835, RATIS_ADMIN=37835, RATIS_SERVER=37835, STANDALONE=46171], networkLocation: /default-rack, certSerialId: null, persistedOpState: IN_SERVICE, persistedOpStateExpiryEpochSec: 0}, ReplicationConfig: RATIS/ONE, State:ALLOCATED, leaderId:, CreationTimestamp2022-09-30T13:40:59.674Z[Etc/UTC]].
2022-09-30 13:40:59,928 [ReplicationMonitor] INFO  replication.ReplicationManager (ReplicationManager.java:processAll(291)) - Replication Manager is not ready to run until 3000ms after safemode exit
2022-09-30 13:40:59,968 [Under Replicated Processor] INFO  replication.UnderReplicatedProcessor (UnderReplicatedProcessor.java:processAll(92)) - Processed 0 under replicated containers, failed processing 0
2022-09-30 13:40:59,998 [DatanodeAdminManager-0] INFO  node.DatanodeAdminMonitorImpl (DatanodeAdminMonitorImpl.java:checkPipelinesClosedOnNode(279)) - Waiting for pipelines to close for 63487312-87aa-4652-9988-76e01a899b42{ip: 10.1.0.210, host: fv-az264-432.ca02foy5wcnuvlrvrz2wi3p2og.dx.internal.cloudapp.net, ports: [REPLICATION=33927, RATIS=39059, RATIS_ADMIN=39059, RATIS_SERVER=39059, STANDALONE=46255], networkLocation: /default-rack, certSerialId: null, persistedOpState: IN_SERVICE, persistedOpStateExpiryEpochSec: 0}. There are 5 pipelines
2022-09-30 13:40:59,998 [DatanodeAdminManager-0] INFO  node.DatanodeAdminMonitorImpl (DatanodeAdminMonitorImpl.java:run(148)) - There are 1 nodes tracked for decommission and maintenance. 0 pending nodes.
2022-09-30 13:40:59,998 [EventQueue-StartAdminOnNodeForStartDatanodeAdminHandler] INFO  node.StartDatanodeAdminHandler (StartDatanodeAdminHandler.java:onMessage(57)) - Admin start on datanode 63487312-87aa-4652-9988-76e01a899b42{ip: 10.1.0.210, host: fv-az264-432.ca02foy5wcnuvlrvrz2wi3p2og.dx.internal.cloudapp.net, ports: [REPLICATION=33927, RATIS=39059, RATIS_ADMIN=39059, RATIS_SERVER=39059, STANDALONE=46255], networkLocation: /default-rack, certSerialId: null, persistedOpState: IN_SERVICE, persistedOpStateExpiryEpochSec: 0}. Finalizing its pipelines [PipelineID=a3e66b32-2d96-4239-8cae-bf9f0270edcb, PipelineID=9504cae7-2c67-458d-bacc-3f213833e1f5, PipelineID=bad93908-4435-4c33-a570-099bbc3da3d7, PipelineID=d8dba568-5b0a-48c5-8536-b099df3793ef, PipelineID=f5ccac00-e2fc-43a9-a34e-ada2bb2fb475]
2022-09-30 13:41:00,003 [EventQueue-StartAdminOnNodeForStartDatanodeAdminHandler] INFO  pipeline.PipelineManagerImpl (PipelineManagerImpl.java:closeContainersForPipeline(421)) - Container #7 closed for pipeline=PipelineID=a3e66b32-2d96-4239-8cae-bf9f0270edcb
2022-09-30 13:41:00,004 [EventQueue-StartAdminOnNodeForStartDatanodeAdminHandler] INFO  pipeline.PipelineManagerImpl (PipelineManagerImpl.java:closePipeline(442)) - Pipeline Pipeline[ Id: a3e66b32-2d96-4239-8cae-bf9f0270edcb, Nodes: 93a726fc-a128-4d5e-9b28-98a1d7a8eb0c{ip: 10.1.0.210, host: fv-az264-432.ca02foy5wcnuvlrvrz2wi3p2og.dx.internal.cloudapp.net, ports: [REPLICATION=34975, RATIS=43289, RATIS_ADMIN=43289, RATIS_SERVER=43289, STANDALONE=44081], networkLocation: /default-rack, certSerialId: null, persistedOpState: null, persistedOpStateExpiryEpochSec: 0}62666bfa-5b48-4194-8431-0a6941154381{ip: 10.1.0.210, host: fv-az264-432.ca02foy5wcnuvlrvrz2wi3p2og.dx.internal.cloudapp.net, ports: [REPLICATION=41651, RATIS=41785, RATIS_ADMIN=41785, RATIS_SERVER=41785, STANDALONE=43973], networkLocation: /default-rack, certSerialId: null, persistedOpState: null, persistedOpStateExpiryEpochSec: 0}c604563f-8b94-483f-a354-2ed29e633e80{ip: 10.1.0.210, host: fv-az264-432.ca02foy5wcnuvlrvrz2wi3p2og.dx.internal.cloudapp.net, ports: [REPLICATION=41739, RATIS=36125, RATIS_ADMIN=36125, RATIS_SERVER=36125, STANDALONE=37547], networkLocation: /default-rack, certSerialId: null, persistedOpState: null, persistedOpStateExpiryEpochSec: 0}63487312-87aa-4652-9988-76e01a899b42{ip: 10.1.0.210, host: fv-az264-432.ca02foy5wcnuvlrvrz2wi3p2og.dx.internal.cloudapp.net, ports: [REPLICATION=33927, RATIS=39059, RATIS_ADMIN=39059, RATIS_SERVER=39059, STANDALONE=46255], networkLocation: /default-rack, certSerialId: null, persistedOpState: null, persistedOpStateExpiryEpochSec: 0}97e8c787-6023-4421-819a-0b5ced458c94{ip: 10.1.0.210, host: fv-az264-432.ca02foy5wcnuvlrvrz2wi3p2og.dx.internal.cloudapp.net, ports: [REPLICATION=41907, RATIS=36437, RATIS_ADMIN=36437, RATIS_SERVER=36437, STANDALONE=34177], networkLocation: /default-rack, certSerialId: null, persistedOpState: null, persistedOpStateExpiryEpochSec: 0}, ReplicationConfig: EC/ECReplicationConfig{data=3, parity=2, ecChunkSize=1048576, codec=rs}, State:OPEN, leaderId:, CreationTimestamp2022-09-30T13:40:56.355Z[Etc/UTC]] moved to CLOSED state
2022-09-30 13:41:00,004 [Over Replicated Processor] INFO  replication.OverReplicatedProcessor (OverReplicatedProcessor.java:processAll(90)) - Processed 0 over replicated containers, failed processing 0
2022-09-30 13:41:00,005 [EventQueue-StartAdminOnNodeForStartDatanodeAdminHandler] INFO  pipeline.PipelineStateManagerImpl (PipelineStateManagerImpl.java:removePipeline(245)) - Pipeline Pipeline[ Id: a3e66b32-2d96-4239-8cae-bf9f0270edcb, Nodes: 93a726fc-a128-4d5e-9b28-98a1d7a8eb0c{ip: 10.1.0.210, host: fv-az264-432.ca02foy5wcnuvlrvrz2wi3p2og.dx.internal.cloudapp.net, ports: [REPLICATION=34975, RATIS=43289, RATIS_ADMIN=43289, RATIS_SERVER=43289, STANDALONE=44081], networkLocation: /default-rack, certSerialId: null, persistedOpState: null, persistedOpStateExpiryEpochSec: 0}62666bfa-5b48-4194-8431-0a6941154381{ip: 10.1.0.210, host: fv-az264-432.ca02foy5wcnuvlrvrz2wi3p2og.dx.internal.cloudapp.net, ports: [REPLICATION=41651, RATIS=41785, RATIS_ADMIN=41785, RATIS_SERVER=41785, STANDALONE=43973], networkLocation: /default-rack, certSerialId: null, persistedOpState: null, persistedOpStateExpiryEpochSec: 0}c604563f-8b94-483f-a354-2ed29e633e80{ip: 10.1.0.210, host: fv-az264-432.ca02foy5wcnuvlrvrz2wi3p2og.dx.internal.cloudapp.net, ports: [REPLICATION=41739, RATIS=36125, RATIS_ADMIN=36125, RATIS_SERVER=36125, STANDALONE=37547], networkLocation: /default-rack, certSerialId: null, persistedOpState: null, persistedOpStateExpiryEpochSec: 0}63487312-87aa-4652-9988-76e01a899b42{ip: 10.1.0.210, host: fv-az264-432.ca02foy5wcnuvlrvrz2wi3p2og.dx.internal.cloudapp.net, ports: [REPLICATION=33927, RATIS=39059, RATIS_ADMIN=39059, RATIS_SERVER=39059, STANDALONE=46255], networkLocation: /default-rack, certSerialId: null, persistedOpState: null, persistedOpStateExpiryEpochSec: 0}97e8c787-6023-4421-819a-0b5ced458c94{ip: 10.1.0.210, host: fv-az264-432.ca02foy5wcnuvlrvrz2wi3p2og.dx.internal.cloudapp.net, ports: [REPLICATION=41907, RATIS=36437, RATIS_ADMIN=36437, RATIS_SERVER=36437, STANDALONE=34177], networkLocation: /default-rack, certSerialId: null, persistedOpState: null, persistedOpStateExpiryEpochSec: 0}, ReplicationConfig: EC/ECReplicationConfig{data=3, parity=2, ecChunkSize=1048576, codec=rs}, State:CLOSED, leaderId:, CreationTimestamp2022-09-30T13:40:56.355Z[Etc/UTC]] removed.
2022-09-30 13:41:00,005 [EventQueue-StartAdminOnNodeForStartDatanodeAdminHandler] INFO  pipeline.PipelineManagerImpl (PipelineManagerImpl.java:closeContainersForPipeline(421)) - Container #1 closed for pipeline=PipelineID=9504cae7-2c67-458d-bacc-3f213833e1f5
2022-09-30 13:41:00,006 [EventQueue-StartAdminOnNodeForStartDatanodeAdminHandler] INFO  pipeline.PipelineManagerImpl (PipelineManagerImpl.java:closeContainersForPipeline(421)) - Container #2 closed for pipeline=PipelineID=9504cae7-2c67-458d-bacc-3f213833e1f5
2022-09-30 13:41:00,006 [EventQueue-StartAdminOnNodeForStartDatanodeAdminHandler] INFO  pipeline.PipelineManagerImpl (PipelineManagerImpl.java:closeContainersForPipeline(421)) - Container #3 closed for pipeline=PipelineID=9504cae7-2c67-458d-bacc-3f213833e1f5
2022-09-30 13:41:00,007 [EventQueue-StartAdminOnNodeForStartDatanodeAdminHandler] INFO  pipeline.PipelineManagerImpl (PipelineManagerImpl.java:closePipeline(442)) - Pipeline Pipeline[ Id: 9504cae7-2c67-458d-bacc-3f213833e1f5, Nodes: 63487312-87aa-4652-9988-76e01a899b42{ip: 10.1.0.210, host: fv-az264-432.ca02foy5wcnuvlrvrz2wi3p2og.dx.internal.cloudapp.net, ports: [REPLICATION=33927, RATIS=39059, RATIS_ADMIN=39059, RATIS_SERVER=39059, STANDALONE=46255], networkLocation: /default-rack, certSerialId: null, persistedOpState: IN_SERVICE, persistedOpStateExpiryEpochSec: 0}97e8c787-6023-4421-819a-0b5ced458c94{ip: 10.1.0.210, host: fv-az264-432.ca02foy5wcnuvlrvrz2wi3p2og.dx.internal.cloudapp.net, ports: [REPLICATION=41907, RATIS=36437, RATIS_ADMIN=36437, RATIS_SERVER=36437, STANDALONE=34177], networkLocation: /default-rack, certSerialId: null, persistedOpState: IN_SERVICE, persistedOpStateExpiryEpochSec: 0}62666bfa-5b48-4194-8431-0a6941154381{ip: 10.1.0.210, host: fv-az264-432.ca02foy5wcnuvlrvrz2wi3p2og.dx.internal.cloudapp.net, ports: [REPLICATION=41651, RATIS=41785, RATIS_ADMIN=41785, RATIS_SERVER=41785, STANDALONE=43973], networkLocation: /default-rack, certSerialId: null, persistedOpState: IN_SERVICE, persistedOpStateExpiryEpochSec: 0}, ReplicationConfig: RATIS/THREE, State:OPEN, leaderId:63487312-87aa-4652-9988-76e01a899b42, CreationTimestamp2022-09-30T13:40:26.830Z[Etc/UTC]] moved to CLOSED state
2022-09-30 13:41:00,008 [EventQueue-StartAdminOnNodeForStartDatanodeAdminHandler] INFO  pipeline.RatisPipelineProvider (RatisPipelineProvider.java:lambda$close$1(244)) - Send pipeline:PipelineID=9504cae7-2c67-458d-bacc-3f213833e1f5 close command to datanode 63487312-87aa-4652-9988-76e01a899b42
2022-09-30 13:41:00,008 [EventQueue-StartAdminOnNodeForStartDatanodeAdminHandler] INFO  pipeline.RatisPipelineProvider (RatisPipelineProvider.java:lambda$close$1(244)) - Send pipeline:PipelineID=9504cae7-2c67-458d-bacc-3f213833e1f5 close command to datanode 97e8c787-6023-4421-819a-0b5ced458c94
2022-09-30 13:41:00,008 [EventQueue-StartAdminOnNodeForStartDatanodeAdminHandler] INFO  pipeline.RatisPipelineProvider (RatisPipelineProvider.java:lambda$close$1(244)) - Send pipeline:PipelineID=9504cae7-2c67-458d-bacc-3f213833e1f5 close command to datanode 62666bfa-5b48-4194-8431-0a6941154381
2022-09-30 13:41:00,009 [ReplicationMonitor] INFO  replication.LegacyReplicationManager (LegacyReplicationManager.java:sendCloseCommand(1512)) - Sending close container command for container #1 to datanode 97e8c787-6023-4421-819a-0b5ced458c94{ip: 10.1.0.210, host: fv-az264-432.ca02foy5wcnuvlrvrz2wi3p2og.dx.internal.cloudapp.net, ports: [REPLICATION=41907, RATIS=36437, RATIS_ADMIN=36437, RATIS_SERVER=36437, STANDALONE=34177], networkLocation: /default-rack, certSerialId: null, persistedOpState: IN_SERVICE, persistedOpStateExpiryEpochSec: 0}.
2022-09-30 13:41:00,010 [ReplicationMonitor] INFO  replication.LegacyReplicationManager (LegacyReplicationManager.java:sendCloseCommand(1512)) - Sending close container command for container #1 to datanode 62666bfa-5b48-4194-8431-0a6941154381{ip: 10.1.0.210, host: fv-az264-432.ca02foy5wcnuvlrvrz2wi3p2og.dx.internal.cloudapp.net, ports: [REPLICATION=41651, RATIS=41785, RATIS_ADMIN=41785, RATIS_SERVER=41785, STANDALONE=43973], networkLocation: /default-rack, certSerialId: null, persistedOpState: IN_SERVICE, persistedOpStateExpiryEpochSec: 0}.
2022-09-30 13:41:00,010 [ReplicationMonitor] INFO  replication.LegacyReplicationManager (LegacyReplicationManager.java:sendCloseCommand(1512)) - Sending close container command for container #1 to datanode 63487312-87aa-4652-9988-76e01a899b42{ip: 10.1.0.210, host: fv-az264-432.ca02foy5wcnuvlrvrz2wi3p2og.dx.internal.cloudapp.net, ports: [REPLICATION=33927, RATIS=39059, RATIS_ADMIN=39059, RATIS_SERVER=39059, STANDALONE=46255], networkLocation: /default-rack, certSerialId: null, persistedOpState: IN_SERVICE, persistedOpStateExpiryEpochSec: 0}.
2022-09-30 13:41:00,010 [ReplicationMonitor] INFO  replication.LegacyReplicationManager (LegacyReplicationManager.java:sendCloseCommand(1512)) - Sending close container command for container #2 to datanode 63487312-87aa-4652-9988-76e01a899b42{ip: 10.1.0.210, host: fv-az264-432.ca02foy5wcnuvlrvrz2wi3p2og.dx.internal.cloudapp.net, ports: [REPLICATION=33927, RATIS=39059, RATIS_ADMIN=39059, RATIS_SERVER=39059, STANDALONE=46255], networkLocation: /default-rack, certSerialId: null, persistedOpState: IN_SERVICE, persistedOpStateExpiryEpochSec: 0}.
2022-09-30 13:41:00,010 [ReplicationMonitor] INFO  replication.LegacyReplicationManager (LegacyReplicationManager.java:sendCloseCommand(1512)) - Sending close container command for container #2 to datanode 97e8c787-6023-4421-819a-0b5ced458c94{ip: 10.1.0.210, host: fv-az264-432.ca02foy5wcnuvlrvrz2wi3p2og.dx.internal.cloudapp.net, ports: [REPLICATION=41907, RATIS=36437, RATIS_ADMIN=36437, RATIS_SERVER=36437, STANDALONE=34177], networkLocation: /default-rack, certSerialId: null, persistedOpState: IN_SERVICE, persistedOpStateExpiryEpochSec: 0}.
2022-09-30 13:41:00,011 [ReplicationMonitor] INFO  replication.LegacyReplicationManager (LegacyReplicationManager.java:sendCloseCommand(1512)) - Sending close container command for container #2 to datanode 62666bfa-5b48-4194-8431-0a6941154381{ip: 10.1.0.210, host: fv-az264-432.ca02foy5wcnuvlrvrz2wi3p2og.dx.internal.cloudapp.net, ports: [REPLICATION=41651, RATIS=41785, RATIS_ADMIN=41785, RATIS_SERVER=41785, STANDALONE=43973], networkLocation: /default-rack, certSerialId: null, persistedOpState: IN_SERVICE, persistedOpStateExpiryEpochSec: 0}.
2022-09-30 13:41:00,011 [ReplicationMonitor] INFO  replication.LegacyReplicationManager (LegacyReplicationManager.java:sendCloseCommand(1512)) - Sending close container command for container #3 to datanode 97e8c787-6023-4421-819a-0b5ced458c94{ip: 10.1.0.210, host: fv-az264-432.ca02foy5wcnuvlrvrz2wi3p2og.dx.internal.cloudapp.net, ports: [REPLICATION=41907, RATIS=36437, RATIS_ADMIN=36437, RATIS_SERVER=36437, STANDALONE=34177], networkLocation: /default-rack, certSerialId: null, persistedOpState: IN_SERVICE, persistedOpStateExpiryEpochSec: 0}.
2022-09-30 13:41:00,011 [ReplicationMonitor] INFO  replication.LegacyReplicationManager (LegacyReplicationManager.java:sendCloseCommand(1512)) - Sending close container command for container #3 to datanode 62666bfa-5b48-4194-8431-0a6941154381{ip: 10.1.0.210, host: fv-az264-432.ca02foy5wcnuvlrvrz2wi3p2og.dx.internal.cloudapp.net, ports: [REPLICATION=41651, RATIS=41785, RATIS_ADMIN=41785, RATIS_SERVER=41785, STANDALONE=43973], networkLocation: /default-rack, certSerialId: null, persistedOpState: IN_SERVICE, persistedOpStateExpiryEpochSec: 0}.
2022-09-30 13:41:00,011 [ReplicationMonitor] INFO  replication.LegacyReplicationManager (LegacyReplicationManager.java:sendCloseCommand(1512)) - Sending close container command for container #3 to datanode 63487312-87aa-4652-9988-76e01a899b42{ip: 10.1.0.210, host: fv-az264-432.ca02foy5wcnuvlrvrz2wi3p2og.dx.internal.cloudapp.net, ports: [REPLICATION=33927, RATIS=39059, RATIS_ADMIN=39059, RATIS_SERVER=39059, STANDALONE=46255], networkLocation: /default-rack, certSerialId: null, persistedOpState: IN_SERVICE, persistedOpStateExpiryEpochSec: 0}.
2022-09-30 13:41:00,011 [ReplicationMonitor] INFO  replication.ReplicationManager (ReplicationManager.java:sendCloseContainerReplicaCommand(467)) - Sending close container command for container #7 to datanode 63487312-87aa-4652-9988-76e01a899b42{ip: 10.1.0.210, host: fv-az264-432.ca02foy5wcnuvlrvrz2wi3p2og.dx.internal.cloudapp.net, ports: [REPLICATION=33927, RATIS=39059, RATIS_ADMIN=39059, RATIS_SERVER=39059, STANDALONE=46255], networkLocation: /default-rack, certSerialId: null, persistedOpState: IN_SERVICE, persistedOpStateExpiryEpochSec: 0}.
2022-09-30 13:41:00,011 [ReplicationMonitor] INFO  replication.ReplicationManager (ReplicationManager.java:sendCloseContainerReplicaCommand(467)) - Sending close container command for container #7 to datanode 62666bfa-5b48-4194-8431-0a6941154381{ip: 10.1.0.210, host: fv-az264-432.ca02foy5wcnuvlrvrz2wi3p2og.dx.internal.cloudapp.net, ports: [REPLICATION=41651, RATIS=41785, RATIS_ADMIN=41785, RATIS_SERVER=41785, STANDALONE=43973], networkLocation: /default-rack, certSerialId: null, persistedOpState: IN_SERVICE, persistedOpStateExpiryEpochSec: 0}.
2022-09-30 13:41:00,012 [ReplicationMonitor] INFO  replication.ReplicationManager (ReplicationManager.java:sendCloseContainerReplicaCommand(467)) - Sending close container command for container #7 to datanode 93a726fc-a128-4d5e-9b28-98a1d7a8eb0c{ip: 10.1.0.210, host: fv-az264-432.ca02foy5wcnuvlrvrz2wi3p2og.dx.internal.cloudapp.net, ports: [REPLICATION=34975, RATIS=43289, RATIS_ADMIN=43289, RATIS_SERVER=43289, STANDALONE=44081], networkLocation: /default-rack, certSerialId: null, persistedOpState: IN_SERVICE, persistedOpStateExpiryEpochSec: 0}.
2022-09-30 13:41:00,012 [ReplicationMonitor] INFO  replication.ReplicationManager (ReplicationManager.java:sendCloseContainerReplicaCommand(467)) - Sending close container command for container #7 to datanode 97e8c787-6023-4421-819a-0b5ced458c94{ip: 10.1.0.210, host: fv-az264-432.ca02foy5wcnuvlrvrz2wi3p2og.dx.internal.cloudapp.net, ports: [REPLICATION=41907, RATIS=36437, RATIS_ADMIN=36437, RATIS_SERVER=36437, STANDALONE=34177], networkLocation: /default-rack, certSerialId: null, persistedOpState: IN_SERVICE, persistedOpStateExpiryEpochSec: 0}.
2022-09-30 13:41:00,012 [ReplicationMonitor] INFO  replication.ReplicationManager (ReplicationManager.java:sendCloseContainerReplicaCommand(467)) - Sending close container command for container #7 to datanode c604563f-8b94-483f-a354-2ed29e633e80{ip: 10.1.0.210, host: fv-az264-432.ca02foy5wcnuvlrvrz2wi3p2og.dx.internal.cloudapp.net, ports: [REPLICATION=41739, RATIS=36125, RATIS_ADMIN=36125, RATIS_SERVER=36125, STANDALONE=37547], networkLocation: /default-rack, certSerialId: null, persistedOpState: IN_SERVICE, persistedOpStateExpiryEpochSec: 0}.
2022-09-30 13:41:00,012 [ReplicationMonitor] INFO  replication.ReplicationManager (ReplicationManager.java:processAll(324)) - Replication Monitor Thread took 4 milliseconds for processing 8 containers.
2022-09-30 13:41:00,012 [EventQueue-StartAdminOnNodeForStartDatanodeAdminHandler] INFO  pipeline.PipelineStateManagerImpl (PipelineStateManagerImpl.java:removePipeline(245)) - Pipeline Pipeline[ Id: 9504cae7-2c67-458d-bacc-3f213833e1f5, Nodes: 63487312-87aa-4652-9988-76e01a899b42{ip: 10.1.0.210, host: fv-az264-432.ca02foy5wcnuvlrvrz2wi3p2og.dx.internal.cloudapp.net, ports: [REPLICATION=33927, RATIS=39059, RATIS_ADMIN=39059, RATIS_SERVER=39059, STANDALONE=46255], networkLocation: /default-rack, certSerialId: null, persistedOpState: IN_SERVICE, persistedOpStateExpiryEpochSec: 0}97e8c787-6023-4421-819a-0b5ced458c94{ip: 10.1.0.210, host: fv-az264-432.ca02foy5wcnuvlrvrz2wi3p2og.dx.internal.cloudapp.net, ports: [REPLICATION=41907, RATIS=36437, RATIS_ADMIN=36437, RATIS_SERVER=36437, STANDALONE=34177], networkLocation: /default-rack, certSerialId: null, persistedOpState: IN_SERVICE, persistedOpStateExpiryEpochSec: 0}62666bfa-5b48-4194-8431-0a6941154381{ip: 10.1.0.210, host: fv-az264-432.ca02foy5wcnuvlrvrz2wi3p2og.dx.internal.cloudapp.net, ports: [REPLICATION=41651, RATIS=41785, RATIS_ADMIN=41785, RATIS_SERVER=41785, STANDALONE=43973], networkLocation: /default-rack, certSerialId: null, persistedOpState: IN_SERVICE, persistedOpStateExpiryEpochSec: 0}, ReplicationConfig: RATIS/THREE, State:CLOSED, leaderId:63487312-87aa-4652-9988-76e01a899b42, CreationTimestamp2022-09-30T13:40:26.830Z[Etc/UTC]] removed.
2022-09-30 13:41:00,018 [EventQueue-CloseContainerForCloseContainerEventHandler] INFO  container.CloseContainerEventHandler (CloseContainerEventHandler.java:onMessage(71)) - Close container Event triggered for container : #7
2022-09-30 13:41:00,029 [EventQueue-StartAdminOnNodeForStartDatanodeAdminHandler] INFO  pipeline.PipelineManagerImpl (PipelineManagerImpl.java:closeContainersForPipeline(421)) - Container #4 closed for pipeline=PipelineID=bad93908-4435-4c33-a570-099bbc3da3d7
2022-09-30 13:41:00,032 [EventQueue-CloseContainerForCloseContainerEventHandler] INFO  container.CloseContainerEventHandler (CloseContainerEventHandler.java:onMessage(71)) - Close container Event triggered for container : #1
2022-09-30 13:41:00,032 [EventQueue-StartAdminOnNodeForStartDatanodeAdminHandler] INFO  pipeline.PipelineManagerImpl (PipelineManagerImpl.java:closePipeline(442)) - Pipeline Pipeline[ Id: bad93908-4435-4c33-a570-099bbc3da3d7, Nodes: 93a726fc-a128-4d5e-9b28-98a1d7a8eb0c{ip: 10.1.0.210, host: fv-az264-432.ca02foy5wcnuvlrvrz2wi3p2og.dx.internal.cloudapp.net, ports: [REPLICATION=34975, RATIS=43289, RATIS_ADMIN=43289, RATIS_SERVER=43289, STANDALONE=44081], networkLocation: /default-rack, certSerialId: null, persistedOpState: null, persistedOpStateExpiryEpochSec: 0}63487312-87aa-4652-9988-76e01a899b42{ip: 10.1.0.210, host: fv-az264-432.ca02foy5wcnuvlrvrz2wi3p2og.dx.internal.cloudapp.net, ports: [REPLICATION=33927, RATIS=39059, RATIS_ADMIN=39059, RATIS_SERVER=39059, STANDALONE=46255], networkLocation: /default-rack, certSerialId: null, persistedOpState: null, persistedOpStateExpiryEpochSec: 0}62666bfa-5b48-4194-8431-0a6941154381{ip: 10.1.0.210, host: fv-az264-432.ca02foy5wcnuvlrvrz2wi3p2og.dx.internal.cloudapp.net, ports: [REPLICATION=41651, RATIS=41785, RATIS_ADMIN=41785, RATIS_SERVER=41785, STANDALONE=43973], networkLocation: /default-rack, certSerialId: null, persistedOpState: null, persistedOpStateExpiryEpochSec: 0}97e8c787-6023-4421-819a-0b5ced458c94{ip: 10.1.0.210, host: fv-az264-432.ca02foy5wcnuvlrvrz2wi3p2og.dx.internal.cloudapp.net, ports: [REPLICATION=41907, RATIS=36437, RATIS_ADMIN=36437, RATIS_SERVER=36437, STANDALONE=34177], networkLocation: /default-rack, certSerialId: null, persistedOpState: null, persistedOpStateExpiryEpochSec: 0}43811407-7c21-4fcd-ab69-dbd9b60ed504{ip: 10.1.0.210, host: fv-az264-432.ca02foy5wcnuvlrvrz2wi3p2og.dx.internal.cloudapp.net, ports: [REPLICATION=35185, RATIS=42941, RATIS_ADMIN=42941, RATIS_SERVER=42941, STANDALONE=35079], networkLocation: /default-rack, certSerialId: null, persistedOpState: null, persistedOpStateExpiryEpochSec: 0}, ReplicationConfig: EC/ECReplicationConfig{data=3, parity=2, ecChunkSize=1048576, codec=rs}, State:OPEN, leaderId:, CreationTimestamp2022-09-30T13:40:54.867Z[Etc/UTC]] moved to CLOSED state
2022-09-30 13:41:00,032 [EventQueue-CloseContainerForCloseContainerEventHandler] INFO  container.CloseContainerEventHandler (CloseContainerEventHandler.java:onMessage(71)) - Close container Event triggered for container : #2
2022-09-30 13:41:00,033 [EventQueue-CloseContainerForCloseContainerEventHandler] INFO  container.CloseContainerEventHandler (CloseContainerEventHandler.java:onMessage(71)) - Close container Event triggered for container : #3
2022-09-30 13:41:00,033 [EventQueue-CloseContainerForCloseContainerEventHandler] INFO  container.CloseContainerEventHandler (CloseContainerEventHandler.java:onMessage(71)) - Close container Event triggered for container : #4
2022-09-30 13:41:00,035 [EventQueue-StartAdminOnNodeForStartDatanodeAdminHandler] INFO  pipeline.PipelineStateManagerImpl (PipelineStateManagerImpl.java:removePipeline(245)) - Pipeline Pipeline[ Id: bad93908-4435-4c33-a570-099bbc3da3d7, Nodes: 93a726fc-a128-4d5e-9b28-98a1d7a8eb0c{ip: 10.1.0.210, host: fv-az264-432.ca02foy5wcnuvlrvrz2wi3p2og.dx.internal.cloudapp.net, ports: [REPLICATION=34975, RATIS=43289, RATIS_ADMIN=43289, RATIS_SERVER=43289, STANDALONE=44081], networkLocation: /default-rack, certSerialId: null, persistedOpState: null, persistedOpStateExpiryEpochSec: 0}63487312-87aa-4652-9988-76e01a899b42{ip: 10.1.0.210, host: fv-az264-432.ca02foy5wcnuvlrvrz2wi3p2og.dx.internal.cloudapp.net, ports: [REPLICATION=33927, RATIS=39059, RATIS_ADMIN=39059, RATIS_SERVER=39059, STANDALONE=46255], networkLocation: /default-rack, certSerialId: null, persistedOpState: null, persistedOpStateExpiryEpochSec: 0}62666bfa-5b48-4194-8431-0a6941154381{ip: 10.1.0.210, host: fv-az264-432.ca02foy5wcnuvlrvrz2wi3p2og.dx.internal.cloudapp.net, ports: [REPLICATION=41651, RATIS=41785, RATIS_ADMIN=41785, RATIS_SERVER=41785, STANDALONE=43973], networkLocation: /default-rack, certSerialId: null, persistedOpState: null, persistedOpStateExpiryEpochSec: 0}97e8c787-6023-4421-819a-0b5ced458c94{ip: 10.1.0.210, host: fv-az264-432.ca02foy5wcnuvlrvrz2wi3p2og.dx.internal.cloudapp.net, ports: [REPLICATION=41907, RATIS=36437, RATIS_ADMIN=36437, RATIS_SERVER=36437, STANDALONE=34177], networkLocation: /default-rack, certSerialId: null, persistedOpState: null, persistedOpStateExpiryEpochSec: 0}43811407-7c21-4fcd-ab69-dbd9b60ed504{ip: 10.1.0.210, host: fv-az264-432.ca02foy5wcnuvlrvrz2wi3p2og.dx.internal.cloudapp.net, ports: [REPLICATION=35185, RATIS=42941, RATIS_ADMIN=42941, RATIS_SERVER=42941, STANDALONE=35079], networkLocation: /default-rack, certSerialId: null, persistedOpState: null, persistedOpStateExpiryEpochSec: 0}, ReplicationConfig: EC/ECReplicationConfig{data=3, parity=2, ecChunkSize=1048576, codec=rs}, State:CLOSED, leaderId:, CreationTimestamp2022-09-30T13:40:54.867Z[Etc/UTC]] removed.
2022-09-30 13:41:00,036 [EventQueue-StartAdminOnNodeForStartDatanodeAdminHandler] INFO  pipeline.PipelineManagerImpl (PipelineManagerImpl.java:closePipeline(442)) - Pipeline Pipeline[ Id: d8dba568-5b0a-48c5-8536-b099df3793ef, Nodes: 63487312-87aa-4652-9988-76e01a899b42{ip: 10.1.0.210, host: fv-az264-432.ca02foy5wcnuvlrvrz2wi3p2og.dx.internal.cloudapp.net, ports: [REPLICATION=33927, RATIS=39059, RATIS_ADMIN=39059, RATIS_SERVER=39059, STANDALONE=46255], networkLocation: /default-rack, certSerialId: null, persistedOpState: IN_SERVICE, persistedOpStateExpiryEpochSec: 0}, ReplicationConfig: RATIS/ONE, State:OPEN, leaderId:63487312-87aa-4652-9988-76e01a899b42, CreationTimestamp2022-09-30T13:40:26.403Z[Etc/UTC]] moved to CLOSED state
2022-09-30 13:41:00,036 [EventQueue-StartAdminOnNodeForStartDatanodeAdminHandler] INFO  pipeline.RatisPipelineProvider (RatisPipelineProvider.java:lambda$close$1(244)) - Send pipeline:PipelineID=d8dba568-5b0a-48c5-8536-b099df3793ef close command to datanode 63487312-87aa-4652-9988-76e01a899b42
2022-09-30 13:41:00,036 [EventQueue-StartAdminOnNodeForStartDatanodeAdminHandler] INFO  pipeline.PipelineStateManagerImpl (PipelineStateManagerImpl.java:removePipeline(245)) - Pipeline Pipeline[ Id: d8dba568-5b0a-48c5-8536-b099df3793ef, Nodes: 63487312-87aa-4652-9988-76e01a899b42{ip: 10.1.0.210, host: fv-az264-432.ca02foy5wcnuvlrvrz2wi3p2og.dx.internal.cloudapp.net, ports: [REPLICATION=33927, RATIS=39059, RATIS_ADMIN=39059, RATIS_SERVER=39059, STANDALONE=46255], networkLocation: /default-rack, certSerialId: null, persistedOpState: IN_SERVICE, persistedOpStateExpiryEpochSec: 0}, ReplicationConfig: RATIS/ONE, State:CLOSED, leaderId:63487312-87aa-4652-9988-76e01a899b42, CreationTimestamp2022-09-30T13:40:26.403Z[Etc/UTC]] removed.
2022-09-30 13:41:00,036 [EventQueue-CloseContainerForCloseContainerEventHandler] INFO  container.CloseContainerEventHandler (CloseContainerEventHandler.java:onMessage(71)) - Close container Event triggered for container : #6
2022-09-30 13:41:00,037 [EventQueue-StartAdminOnNodeForStartDatanodeAdminHandler] INFO  pipeline.PipelineManagerImpl (PipelineManagerImpl.java:closeContainersForPipeline(421)) - Container #6 closed for pipeline=PipelineID=f5ccac00-e2fc-43a9-a34e-ada2bb2fb475
2022-09-30 13:41:00,037 [EventQueue-StartAdminOnNodeForStartDatanodeAdminHandler] INFO  pipeline.PipelineManagerImpl (PipelineManagerImpl.java:closePipeline(442)) - Pipeline Pipeline[ Id: f5ccac00-e2fc-43a9-a34e-ada2bb2fb475, Nodes: 93a726fc-a128-4d5e-9b28-98a1d7a8eb0c{ip: 10.1.0.210, host: fv-az264-432.ca02foy5wcnuvlrvrz2wi3p2og.dx.internal.cloudapp.net, ports: [REPLICATION=34975, RATIS=43289, RATIS_ADMIN=43289, RATIS_SERVER=43289, STANDALONE=44081], networkLocation: /default-rack, certSerialId: null, persistedOpState: null, persistedOpStateExpiryEpochSec: 0}43811407-7c21-4fcd-ab69-dbd9b60ed504{ip: 10.1.0.210, host: fv-az264-432.ca02foy5wcnuvlrvrz2wi3p2og.dx.internal.cloudapp.net, ports: [REPLICATION=35185, RATIS=42941, RATIS_ADMIN=42941, RATIS_SERVER=42941, STANDALONE=35079], networkLocation: /default-rack, certSerialId: null, persistedOpState: null, persistedOpStateExpiryEpochSec: 0}63487312-87aa-4652-9988-76e01a899b42{ip: 10.1.0.210, host: fv-az264-432.ca02foy5wcnuvlrvrz2wi3p2og.dx.internal.cloudapp.net, ports: [REPLICATION=33927, RATIS=39059, RATIS_ADMIN=39059, RATIS_SERVER=39059, STANDALONE=46255], networkLocation: /default-rack, certSerialId: null, persistedOpState: null, persistedOpStateExpiryEpochSec: 0}97e8c787-6023-4421-819a-0b5ced458c94{ip: 10.1.0.210, host: fv-az264-432.ca02foy5wcnuvlrvrz2wi3p2og.dx.internal.cloudapp.net, ports: [REPLICATION=41907, RATIS=36437, RATIS_ADMIN=36437, RATIS_SERVER=36437, STANDALONE=34177], networkLocation: /default-rack, certSerialId: null, persistedOpState: null, persistedOpStateExpiryEpochSec: 0}542c7706-6f03-4002-aadb-418c9fc9cb26{ip: 10.1.0.210, host: fv-az264-432.ca02foy5wcnuvlrvrz2wi3p2og.dx.internal.cloudapp.net, ports: [REPLICATION=42815, RATIS=37931, RATIS_ADMIN=37931, RATIS_SERVER=37931, STANDALONE=38243], networkLocation: /default-rack, certSerialId: null, persistedOpState: null, persistedOpStateExpiryEpochSec: 0}, ReplicationConfig: EC/ECReplicationConfig{data=3, parity=2, ecChunkSize=1048576, codec=rs}, State:OPEN, leaderId:, CreationTimestamp2022-09-30T13:40:55.900Z[Etc/UTC]] moved to CLOSED state
2022-09-30 13:41:00,037 [EventQueue-StartAdminOnNodeForStartDatanodeAdminHandler] INFO  pipeline.PipelineStateManagerImpl (PipelineStateManagerImpl.java:removePipeline(245)) - Pipeline Pipeline[ Id: f5ccac00-e2fc-43a9-a34e-ada2bb2fb475, Nodes: 93a726fc-a128-4d5e-9b28-98a1d7a8eb0c{ip: 10.1.0.210, host: fv-az264-432.ca02foy5wcnuvlrvrz2wi3p2og.dx.internal.cloudapp.net, ports: [REPLICATION=34975, RATIS=43289, RATIS_ADMIN=43289, RATIS_SERVER=43289, STANDALONE=44081], networkLocation: /default-rack, certSerialId: null, persistedOpState: null, persistedOpStateExpiryEpochSec: 0}43811407-7c21-4fcd-ab69-dbd9b60ed504{ip: 10.1.0.210, host: fv-az264-432.ca02foy5wcnuvlrvrz2wi3p2og.dx.internal.cloudapp.net, ports: [REPLICATION=35185, RATIS=42941, RATIS_ADMIN=42941, RATIS_SERVER=42941, STANDALONE=35079], networkLocation: /default-rack, certSerialId: null, persistedOpState: null, persistedOpStateExpiryEpochSec: 0}63487312-87aa-4652-9988-76e01a899b42{ip: 10.1.0.210, host: fv-az264-432.ca02foy5wcnuvlrvrz2wi3p2og.dx.internal.cloudapp.net, ports: [REPLICATION=33927, RATIS=39059, RATIS_ADMIN=39059, RATIS_SERVER=39059, STANDALONE=46255], networkLocation: /default-rack, certSerialId: null, persistedOpState: null, persistedOpStateExpiryEpochSec: 0}97e8c787-6023-4421-819a-0b5ced458c94{ip: 10.1.0.210, host: fv-az264-432.ca02foy5wcnuvlrvrz2wi3p2og.dx.internal.cloudapp.net, ports: [REPLICATION=41907, RATIS=36437, RATIS_ADMIN=36437, RATIS_SERVER=36437, STANDALONE=34177], networkLocation: /default-rack, certSerialId: null, persistedOpState: null, persistedOpStateExpiryEpochSec: 0}542c7706-6f03-4002-aadb-418c9fc9cb26{ip: 10.1.0.210, host: fv-az264-432.ca02foy5wcnuvlrvrz2wi3p2og.dx.internal.cloudapp.net, ports: [REPLICATION=42815, RATIS=37931, RATIS_ADMIN=37931, RATIS_SERVER=37931, STANDALONE=38243], networkLocation: /default-rack, certSerialId: null, persistedOpState: null, persistedOpStateExpiryEpochSec: 0}, ReplicationConfig: EC/ECReplicationConfig{data=3, parity=2, ecChunkSize=1048576, codec=rs}, State:CLOSED, leaderId:, CreationTimestamp2022-09-30T13:40:55.900Z[Etc/UTC]] removed.
2022-09-30 13:41:00,133 [EventQueue-PipelineReportForPipelineReportHandler] INFO  pipeline.PipelineReportHandler (PipelineReportHandler.java:processPipelineReport(115)) - Reported pipeline PipelineID=9504cae7-2c67-458d-bacc-3f213833e1f5 is not found
2022-09-30 13:41:00,268 [Listener at 127.0.0.1/45417] INFO  ozone.MiniOzoneClusterImpl (MiniOzoneClusterImpl.java:lambda$waitForClusterToBeReady$0(216)) - Waiting for nodes to be ready. Got 4 of 7 DN Heartbeats.
2022-09-30 13:41:00,268 [Listener at 127.0.0.1/45417] INFO  ozone.MiniOzoneClusterImpl (MiniOzoneClusterImpl.java:lambda$waitForClusterToBeReady$0(219)) - Waiting for cluster to exit safe mode
2022-09-30 13:41:00,268 [Listener at 127.0.0.1/45417] INFO  ozone.MiniOzoneClusterImpl (MiniOzoneClusterImpl.java:lambda$waitForClusterToBeReady$0(221)) - SCM became leader
2022-09-30 13:41:00,355 [EndpointStateMachine task thread for /0.0.0.0:42473 - 0 ] INFO  volume.HddsVolume (HddsVolume.java:createDbStore(307)) - SchemaV3 db is created and loaded at /home/runner/work/ozone/ozone/hadoop-ozone/integration-test/target/test-dir/MiniOzoneClusterImpl-b8847c17-62d3-4307-a1ed-7c038275c3d3/datanode-6/data-0/containers/hdds/b8847c17-62d3-4307-a1ed-7c038275c3d3/DS-94540cc1-c7a9-4f5b-a67b-f2cc113b32f5/container.db for volume DS-94540cc1-c7a9-4f5b-a67b-f2cc113b32f5
2022-09-30 13:41:00,356 [EndpointStateMachine task thread for /0.0.0.0:42473 - 0 ] INFO  volume.HddsVolume (HddsVolume.java:closeDbStore(338)) - SchemaV3 db is stopped at /home/runner/work/ozone/ozone/hadoop-ozone/integration-test/target/test-dir/MiniOzoneClusterImpl-b8847c17-62d3-4307-a1ed-7c038275c3d3/datanode-6/data-0/containers/hdds/b8847c17-62d3-4307-a1ed-7c038275c3d3/DS-94540cc1-c7a9-4f5b-a67b-f2cc113b32f5/container.db for volume DS-94540cc1-c7a9-4f5b-a67b-f2cc113b32f5
2022-09-30 13:41:00,356 [EndpointStateMachine task thread for /0.0.0.0:42473 - 0 ] INFO  ozoneimpl.OzoneContainer (OzoneContainer.java:start(378)) - Attempting to start container services.
2022-09-30 13:41:00,356 [EndpointStateMachine task thread for /0.0.0.0:42473 - 0 ] INFO  ozoneimpl.OzoneContainer (OzoneContainer.java:startContainerScrub(313)) - Background container scanner has been disabled.
2022-09-30 13:41:00,364 [EndpointStateMachine task thread for /0.0.0.0:42473 - 0 ] INFO  replication.ReplicationServer (ReplicationServer.java:start(111)) - ReplicationServer is started using port 40217
2022-09-30 13:41:00,366 [EndpointStateMachine task thread for /0.0.0.0:42473 - 0 ] INFO  ratis.XceiverServerRatis (XceiverServerRatis.java:start(481)) - Starting XceiverServerRatis 5fd21519-d465-486f-aa0a-eae2facbcca8
2022-09-30 13:41:00,368 [EndpointStateMachine task thread for /0.0.0.0:42473 - 0 ] INFO  server.RaftServer (RaftServerProxy.java:lambda$start$6(382)) - 5fd21519-d465-486f-aa0a-eae2facbcca8: start RPC server
2022-09-30 13:41:00,376 [EndpointStateMachine task thread for /0.0.0.0:42473 - 0 ] INFO  server.GrpcService (GrpcService.java:startImpl(260)) - 5fd21519-d465-486f-aa0a-eae2facbcca8: GrpcService started, listening on 42913
2022-09-30 13:41:00,378 [EndpointStateMachine task thread for /0.0.0.0:42473 - 0 ] INFO  ratis.XceiverServerRatis (XceiverServerRatis.java:getRealPort(502)) - XceiverServerRatis 5fd21519-d465-486f-aa0a-eae2facbcca8 is started using port 42913 for RATIS
2022-09-30 13:41:00,378 [EndpointStateMachine task thread for /0.0.0.0:42473 - 0 ] INFO  ratis.XceiverServerRatis (XceiverServerRatis.java:getRealPort(502)) - XceiverServerRatis 5fd21519-d465-486f-aa0a-eae2facbcca8 is started using port 42913 for RATIS_ADMIN
2022-09-30 13:41:00,379 [EndpointStateMachine task thread for /0.0.0.0:42473 - 0 ] INFO  ratis.XceiverServerRatis (XceiverServerRatis.java:getRealPort(502)) - XceiverServerRatis 5fd21519-d465-486f-aa0a-eae2facbcca8 is started using port 42913 for RATIS_SERVER
2022-09-30 13:41:00,379 [org.apache.ratis.util.JvmPauseMonitor$$Lambda$713/1901567698@4e4af2cf] INFO  util.JvmPauseMonitor (JvmPauseMonitor.java:run(103)) - JvmPauseMonitor-5fd21519-d465-486f-aa0a-eae2facbcca8: Started
2022-09-30 13:41:00,382 [EndpointStateMachine task thread for /0.0.0.0:42473 - 0 ] INFO  server.XceiverServerGrpc (XceiverServerGrpc.java:start(180)) - XceiverServerGrpc 5fd21519-d465-486f-aa0a-eae2facbcca8 is started using port 33847
2022-09-30 13:41:00,603 [IPC Server handler 18 on default port 42473] INFO  net.NetworkTopologyImpl (NetworkTopologyImpl.java:add(112)) - Added a new node: /default-rack/1a0b3960-301a-4947-868f-ac6db93c3e0a
2022-09-30 13:41:00,603 [IPC Server handler 18 on default port 42473] INFO  node.SCMNodeManager (SCMNodeManager.java:register(397)) - Registered Data node : 1a0b3960-301a-4947-868f-ac6db93c3e0a{ip: 10.1.0.210, host: fv-az264-432.ca02foy5wcnuvlrvrz2wi3p2og.dx.internal.cloudapp.net, ports: [REPLICATION=34817, RATIS=38269, RATIS_ADMIN=38269, RATIS_SERVER=38269, STANDALONE=43455], networkLocation: /default-rack, certSerialId: null, persistedOpState: null, persistedOpStateExpiryEpochSec: 0}
2022-09-30 13:41:00,603 [EventQueue-NewNodeForNewNodeHandler] INFO  pipeline.BackgroundPipelineCreator (BackgroundPipelineCreator.java:notifyEventTriggered(276)) - trigger a one-shot run on RatisPipelineUtilsThread.
2022-09-30 13:41:00,604 [RatisPipelineUtilsThread - 0] INFO  pipeline.RatisPipelineProvider (RatisPipelineProvider.java:lambda$create$0(195)) - Sending CreatePipelineCommand for pipeline:PipelineID=bb5bdff9-1027-46eb-9d01-fcada1e2e3cf to datanode:1a0b3960-301a-4947-868f-ac6db93c3e0a
2022-09-30 13:41:00,605 [RatisPipelineUtilsThread - 0] INFO  pipeline.PipelineStateManagerImpl (PipelineStateManagerImpl.java:addPipeline(103)) - Created pipeline Pipeline[ Id: bb5bdff9-1027-46eb-9d01-fcada1e2e3cf, Nodes: 1a0b3960-301a-4947-868f-ac6db93c3e0a{ip: 10.1.0.210, host: fv-az264-432.ca02foy5wcnuvlrvrz2wi3p2og.dx.internal.cloudapp.net, ports: [REPLICATION=34817, RATIS=38269, RATIS_ADMIN=38269, RATIS_SERVER=38269, STANDALONE=43455], networkLocation: /default-rack, certSerialId: null, persistedOpState: IN_SERVICE, persistedOpStateExpiryEpochSec: 0}, ReplicationConfig: RATIS/ONE, State:ALLOCATED, leaderId:, CreationTimestamp2022-09-30T13:41:00.604Z[Etc/UTC]].
2022-09-30 13:41:00,608 [Command processor thread] INFO  server.RaftServer (RaftServerProxy.java:addNew(96)) - 1abef520-eeaa-4e7a-a2f3-4eef6d213e0d: addNew group-65059AC314D2:[1abef520-eeaa-4e7a-a2f3-4eef6d213e0d|rpc:10.1.0.210:45505|priority:1] returns group-65059AC314D2:java.util.concurrent.CompletableFuture@360a9d5f[Not completed]
2022-09-30 13:41:00,610 [pool-341-thread-1] INFO  server.RaftServer$Division (RaftServerImpl.java:<init>(190)) - 1abef520-eeaa-4e7a-a2f3-4eef6d213e0d: new RaftServerImpl for group-65059AC314D2:[1abef520-eeaa-4e7a-a2f3-4eef6d213e0d|rpc:10.1.0.210:45505|priority:1] with ContainerStateMachine:uninitialized
2022-09-30 13:41:00,610 [pool-341-thread-1] INFO  server.RaftServerConfigKeys (ConfUtils.java:logGet(46)) - raft.server.rpc.timeout.min = 5s (custom)
2022-09-30 13:41:00,611 [pool-341-thread-1] INFO  server.RaftServerConfigKeys (ConfUtils.java:logGet(46)) - raft.server.rpc.timeout.max = 5200ms (custom)
2022-09-30 13:41:00,611 [pool-341-thread-1] INFO  server.RaftServerConfigKeys (ConfUtils.java:logGet(46)) - raft.server.rpc.sleep.time = 25ms (default)
2022-09-30 13:41:00,611 [pool-341-thread-1] INFO  server.RaftServerConfigKeys (ConfUtils.java:logGet(46)) - raft.server.rpc.slowness.timeout = 300s (custom)
2022-09-30 13:41:00,611 [pool-341-thread-1] INFO  server.RaftServerConfigKeys (ConfUtils.java:logGet(46)) - raft.server.leaderelection.leader.step-down.wait-time = 10s (default)
2022-09-30 13:41:00,611 [pool-341-thread-1] INFO  server.RaftServerConfigKeys (ConfUtils.java:logGet(46)) - raft.server.sleep.deviation.threshold = 300ms (default)
2022-09-30 13:41:00,611 [pool-341-thread-1] INFO  server.RaftServer$Division (ServerState.java:<init>(107)) - 1abef520-eeaa-4e7a-a2f3-4eef6d213e0d@group-65059AC314D2: ConfigurationManager, init=-1: [1abef520-eeaa-4e7a-a2f3-4eef6d213e0d|rpc:10.1.0.210:45505|priority:1], old=null, confs=<EMPTY_MAP>
2022-09-30 13:41:00,611 [pool-341-thread-1] INFO  server.RaftServerConfigKeys (ConfUtils.java:logGet(46)) - raft.server.storage.dir = [/home/runner/work/ozone/ozone/hadoop-ozone/integration-test/target/test-dir/MiniOzoneClusterImpl-b8847c17-62d3-4307-a1ed-7c038275c3d3/datanode-0/data/ratis] (custom)
2022-09-30 13:41:00,612 [pool-341-thread-1] INFO  server.RaftServerConfigKeys (ConfUtils.java:logGet(46)) - raft.server.log.corruption.policy = EXCEPTION (default)
2022-09-30 13:41:00,612 [pool-341-thread-1] INFO  server.RaftServerConfigKeys (ConfUtils.java:logGet(46)) - raft.server.storage.free-space.min = 0MB (=0) (default)
2022-09-30 13:41:00,612 [pool-341-thread-1] INFO  storage.RaftStorageDirectory (RaftStorageDirectoryImpl.java:analyzeStorage(135)) - The storage directory /home/runner/work/ozone/ozone/hadoop-ozone/integration-test/target/test-dir/MiniOzoneClusterImpl-b8847c17-62d3-4307-a1ed-7c038275c3d3/datanode-0/data/ratis/5893789c-9de0-4588-a912-65059ac314d2 does not exist. Creating ...
2022-09-30 13:41:00,614 [pool-341-thread-1] INFO  storage.RaftStorageDirectory (RaftStorageDirectoryImpl.java:tryLock(230)) - Lock on /home/runner/work/ozone/ozone/hadoop-ozone/integration-test/target/test-dir/MiniOzoneClusterImpl-b8847c17-62d3-4307-a1ed-7c038275c3d3/datanode-0/data/ratis/5893789c-9de0-4588-a912-65059ac314d2/in_use.lock acquired by nodename 61277@fv-az264-432
2022-09-30 13:41:00,616 [EventQueue-PipelineReportForPipelineReportHandler] INFO  pipeline.PipelineReportHandler (PipelineReportHandler.java:processPipelineReport(115)) - Reported pipeline PipelineID=9504cae7-2c67-458d-bacc-3f213833e1f5 is not found
2022-09-30 13:41:00,617 [EventQueue-PipelineReportForPipelineReportHandler] INFO  pipeline.PipelineReportHandler (PipelineReportHandler.java:processPipelineReport(115)) - Reported pipeline PipelineID=d8dba568-5b0a-48c5-8536-b099df3793ef is not found
2022-09-30 13:41:00,622 [Command processor thread] INFO  server.RaftServer (RaftServerProxy.java:remove(107)) - 63487312-87aa-4652-9988-76e01a899b42: remove    LEADER 63487312-87aa-4652-9988-76e01a899b42@group-3F213833E1F5:t4, leader=63487312-87aa-4652-9988-76e01a899b42, voted=63487312-87aa-4652-9988-76e01a899b42, raftlog=63487312-87aa-4652-9988-76e01a899b42@group-3F213833E1F5-SegmentedRaftLog:OPENED:c78, conf=0: [97e8c787-6023-4421-819a-0b5ced458c94|rpc:10.1.0.210:36437|dataStream:|priority:0, 63487312-87aa-4652-9988-76e01a899b42|rpc:10.1.0.210:39059|dataStream:|priority:1, 62666bfa-5b48-4194-8431-0a6941154381|rpc:10.1.0.210:41785|dataStream:|priority:0], old=null RUNNING
2022-09-30 13:41:00,624 [Command processor thread] INFO  server.RaftServer$Division (RaftServerImpl.java:lambda$close$4(434)) - 63487312-87aa-4652-9988-76e01a899b42@group-3F213833E1F5: shutdown
2022-09-30 13:41:00,624 [Command processor thread] INFO  util.JmxRegister (JmxRegister.java:unregister(73)) - Successfully un-registered JMX Bean with object name Ratis:service=RaftServer,group=group-3F213833E1F5,id=63487312-87aa-4652-9988-76e01a899b42
2022-09-30 13:41:00,624 [Command processor thread] INFO  impl.RoleInfo (RoleInfo.java:shutdownLeaderState(93)) - 63487312-87aa-4652-9988-76e01a899b42: shutdown 63487312-87aa-4652-9988-76e01a899b42@group-3F213833E1F5-LeaderStateImpl
2022-09-30 13:41:00,625 [63487312-87aa-4652-9988-76e01a899b42@group-3F213833E1F5->97e8c787-6023-4421-819a-0b5ced458c94-GrpcLogAppender-LogAppenderDaemon] WARN  server.GrpcLogAppender (GrpcLogAppender.java:mayWait(171)) - 63487312-87aa-4652-9988-76e01a899b42@group-3F213833E1F5->97e8c787-6023-4421-819a-0b5ced458c94-GrpcLogAppender: Wait interrupted by java.lang.InterruptedException
2022-09-30 13:41:00,626 [Command processor thread] INFO  impl.PendingRequests (PendingRequests.java:sendNotLeaderResponses(282)) - 63487312-87aa-4652-9988-76e01a899b42@group-3F213833E1F5-PendingRequests: sendNotLeaderResponses
2022-09-30 13:41:00,626 [grpc-default-executor-3] INFO  server.GrpcServerProtocolService (GrpcServerProtocolService.java:onCompleted(140)) - 97e8c787-6023-4421-819a-0b5ced458c94: Completed APPEND_ENTRIES, lastRequest: 63487312-87aa-4652-9988-76e01a899b42->97e8c787-6023-4421-819a-0b5ced458c94#306-t4,previous=(t:4, i:77),leaderCommit=76,initializing? true,entries: size=1, first=(t:4, i:78), METADATAENTRY(c:76)
2022-09-30 13:41:00,626 [63487312-87aa-4652-9988-76e01a899b42@group-3F213833E1F5->62666bfa-5b48-4194-8431-0a6941154381-GrpcLogAppender-LogAppenderDaemon] WARN  server.GrpcLogAppender (GrpcLogAppender.java:mayWait(171)) - 63487312-87aa-4652-9988-76e01a899b42@group-3F213833E1F5->62666bfa-5b48-4194-8431-0a6941154381-GrpcLogAppender: Wait interrupted by java.lang.InterruptedException
2022-09-30 13:41:00,630 [grpc-default-executor-3] INFO  server.GrpcLogAppender (GrpcLogAppender.java:onCompleted(339)) - 63487312-87aa-4652-9988-76e01a899b42@group-3F213833E1F5->97e8c787-6023-4421-819a-0b5ced458c94-AppendLogResponseHandler: follower responses appendEntries COMPLETED
2022-09-30 13:41:00,630 [pool-341-thread-1] INFO  storage.RaftStorage (RaftStorageImpl.java:format(89)) - Storage directory /home/runner/work/ozone/ozone/hadoop-ozone/integration-test/target/test-dir/MiniOzoneClusterImpl-b8847c17-62d3-4307-a1ed-7c038275c3d3/datanode-0/data/ratis/5893789c-9de0-4588-a912-65059ac314d2 has been successfully formatted.
2022-09-30 13:41:00,631 [pool-341-thread-1] INFO  ratis.ContainerStateMachine (ContainerStateMachine.java:loadSnapshot(236)) - group-65059AC314D2: The snapshot info is null. Setting the last applied indexto:(t:0, i:~)
2022-09-30 13:41:00,632 [pool-341-thread-1] INFO  server.RaftServerConfigKeys (ConfUtils.java:logGet(46)) - raft.server.notification.no-leader.timeout = 300s (custom)
2022-09-30 13:41:00,632 [pool-341-thread-1] INFO  server.RaftServerConfigKeys (ConfUtils.java:logGet(46)) - raft.server.log.use.memory = false (default)
2022-09-30 13:41:00,632 [pool-341-thread-1] INFO  server.RaftServerConfigKeys (ConfUtils.java:logGet(46)) - raft.server.log.purge.gap = 1000000 (custom)
2022-09-30 13:41:00,632 [pool-341-thread-1] INFO  server.RaftServerConfigKeys (ConfUtils.java:logGet(46)) - raft.server.log.appender.buffer.byte-limit = 33554432 (custom)
2022-09-30 13:41:00,632 [pool-341-thread-1] INFO  server.RaftServerConfigKeys (ConfUtils.java:logGet(46)) - raft.server.log.statemachine.data.read.timeout = 1000ms (default)
2022-09-30 13:41:00,632 [pool-341-thread-1] INFO  server.RaftServerConfigKeys (ConfUtils.java:logGet(46)) - raft.server.log.segment.size.max = 1048576 (custom)
2022-09-30 13:41:00,633 [pool-341-thread-1] INFO  server.RaftServerConfigKeys (ConfUtils.java:logGet(46)) - raft.server.log.segment.cache.num.max = 2 (custom)
2022-09-30 13:41:00,633 [pool-341-thread-1] INFO  server.RaftServerConfigKeys (ConfUtils.java:logGet(46)) - raft.server.log.segment.cache.size.max = 200MB (=209715200) (default)
2022-09-30 13:41:00,633 [pool-341-thread-1] INFO  segmented.SegmentedRaftLogWorker (SegmentedRaftLogWorker.java:<init>(187)) - new 1abef520-eeaa-4e7a-a2f3-4eef6d213e0d@group-65059AC314D2-SegmentedRaftLogWorker for RaftStorageImpl:Storage Directory /home/runner/work/ozone/ozone/hadoop-ozone/integration-test/target/test-dir/MiniOzoneClusterImpl-b8847c17-62d3-4307-a1ed-7c038275c3d3/datanode-0/data/ratis/5893789c-9de0-4588-a912-65059ac314d2
2022-09-30 13:41:00,633 [pool-341-thread-1] INFO  server.RaftServerConfigKeys (ConfUtils.java:logGet(46)) - raft.server.log.queue.byte-limit = 4294967296 (custom)
2022-09-30 13:41:00,633 [pool-341-thread-1] INFO  server.RaftServerConfigKeys (ConfUtils.java:logGet(46)) - raft.server.log.queue.element-limit = 1024 (custom)
2022-09-30 13:41:00,633 [pool-341-thread-1] INFO  server.RaftServerConfigKeys (ConfUtils.java:logGet(46)) - raft.server.log.segment.size.max = 1048576 (custom)
2022-09-30 13:41:00,633 [pool-341-thread-1] INFO  server.RaftServerConfigKeys (ConfUtils.java:logGet(46)) - raft.server.log.preallocated.size = 16384 (custom)
2022-09-30 13:41:00,633 [pool-341-thread-1] INFO  server.RaftServerConfigKeys (ConfUtils.java:logGet(46)) - raft.server.log.force.sync.num = 128 (default)
2022-09-30 13:41:00,633 [pool-341-thread-1] INFO  server.RaftServerConfigKeys (ConfUtils.java:logGet(46)) - raft.server.log.statemachine.data.sync = true (default)
2022-09-30 13:41:00,633 [pool-341-thread-1] INFO  server.RaftServerConfigKeys (ConfUtils.java:logGet(46)) - raft.server.log.statemachine.data.sync.timeout = 10s (default)
2022-09-30 13:41:00,633 [pool-341-thread-1] INFO  server.RaftServerConfigKeys (ConfUtils.java:logGet(46)) - raft.server.log.statemachine.data.sync.timeout.retry = -1 (default)
2022-09-30 13:41:00,634 [EventQueue-PipelineReportForPipelineReportHandler] INFO  pipeline.PipelineManagerImpl (PipelineManagerImpl.java:openPipeline(367)) - Pipeline Pipeline[ Id: 5893789c-9de0-4588-a912-65059ac314d2, Nodes: 1abef520-eeaa-4e7a-a2f3-4eef6d213e0d{ip: 10.1.0.210, host: fv-az264-432.ca02foy5wcnuvlrvrz2wi3p2og.dx.internal.cloudapp.net, ports: [REPLICATION=32927, RATIS=45505, RATIS_ADMIN=45505, RATIS_SERVER=45505, STANDALONE=46729], networkLocation: /default-rack, certSerialId: null, persistedOpState: IN_SERVICE, persistedOpStateExpiryEpochSec: 0}, ReplicationConfig: RATIS/ONE, State:ALLOCATED, leaderId:1abef520-eeaa-4e7a-a2f3-4eef6d213e0d, CreationTimestamp2022-09-30T13:40:57.656Z[Etc/UTC]] moved to OPEN state
2022-09-30 13:41:00,640 [pool-341-thread-1] INFO  server.RaftServerConfigKeys (ConfUtils.java:logGet(46)) - raft.server.log.write.buffer.size = 1048576 (custom)
2022-09-30 13:41:00,633 [grpc-default-executor-1] INFO  server.GrpcServerProtocolService (GrpcServerProtocolService.java:onCompleted(140)) - 62666bfa-5b48-4194-8431-0a6941154381: Completed APPEND_ENTRIES, lastRequest: 63487312-87aa-4652-9988-76e01a899b42->62666bfa-5b48-4194-8431-0a6941154381#306-t4,previous=(t:4, i:77),leaderCommit=76,initializing? true,entries: size=1, first=(t:4, i:78), METADATAENTRY(c:76)
2022-09-30 13:41:00,640 [pool-341-thread-1] INFO  server.RaftServerConfigKeys (ConfUtils.java:logGet(46)) - raft.server.log.unsafe-flush.enabled = false (default)
2022-09-30 13:41:00,640 [pool-341-thread-1] INFO  server.RaftServerConfigKeys (ConfUtils.java:logGet(46)) - raft.server.log.statemachine.data.caching.enabled = true (custom)
2022-09-30 13:41:00,641 [grpc-default-executor-3] INFO  leader.FollowerInfo (FollowerInfoImpl.java:lambda$new$0(48)) - 63487312-87aa-4652-9988-76e01a899b42@group-3F213833E1F5->97e8c787-6023-4421-819a-0b5ced458c94: nextIndex: updateUnconditionally 79 -> 78
2022-09-30 13:41:00,649 [Command processor thread] INFO  impl.StateMachineUpdater (StateMachineUpdater.java:stopAndJoin(153)) - 63487312-87aa-4652-9988-76e01a899b42@group-3F213833E1F5-StateMachineUpdater: set stopIndex = 78
2022-09-30 13:41:00,649 [63487312-87aa-4652-9988-76e01a899b42@group-3F213833E1F5-StateMachineUpdater] INFO  ratis.ContainerStateMachine (ContainerStateMachine.java:takeSnapshot(304)) - group-3F213833E1F5: Taking a snapshot at:(t:4, i:78) file /home/runner/work/ozone/ozone/hadoop-ozone/integration-test/target/test-dir/MiniOzoneClusterImpl-8c4c252e-cda6-42f5-b80f-9d168f3e16cf/datanode-1/data/ratis/9504cae7-2c67-458d-bacc-3f213833e1f5/sm/snapshot.4_78
2022-09-30 13:41:00,641 [pool-341-thread-1] INFO  segmented.SegmentedRaftLogWorker (SegmentedRaftLogWorker.java:lambda$new$0(135)) - 1abef520-eeaa-4e7a-a2f3-4eef6d213e0d@group-65059AC314D2-SegmentedRaftLogWorker: flushIndex: setUnconditionally 0 -> -1
2022-09-30 13:41:00,650 [pool-341-thread-1] INFO  segmented.SegmentedRaftLogWorker (SegmentedRaftLogWorker.java:lambda$new$0(135)) - 1abef520-eeaa-4e7a-a2f3-4eef6d213e0d@group-65059AC314D2-SegmentedRaftLogWorker: safeCacheEvictIndex: setUnconditionally 0 -> -1
2022-09-30 13:41:00,641 [grpc-default-executor-1] INFO  server.GrpcLogAppender (GrpcLogAppender.java:onCompleted(339)) - 63487312-87aa-4652-9988-76e01a899b42@group-3F213833E1F5->62666bfa-5b48-4194-8431-0a6941154381-AppendLogResponseHandler: follower responses appendEntries COMPLETED
2022-09-30 13:41:00,667 [pool-341-thread-1] INFO  server.RaftServerConfigKeys (ConfUtils.java:logGet(46)) - raft.server.snapshot.auto.trigger.enabled = true (custom)
2022-09-30 13:41:00,668 [pool-341-thread-1] INFO  server.RaftServerConfigKeys (ConfUtils.java:logGet(46)) - raft.server.snapshot.auto.trigger.threshold = 10000 (custom)
2022-09-30 13:41:00,668 [pool-341-thread-1] INFO  server.RaftServerConfigKeys (ConfUtils.java:logGet(46)) - raft.server.snapshot.retention.file.num = 5 (custom)
2022-09-30 13:41:00,668 [pool-341-thread-1] INFO  server.RaftServerConfigKeys (ConfUtils.java:logGet(46)) - raft.server.log.purge.upto.snapshot.index = false (default)
2022-09-30 13:41:00,668 [pool-341-thread-1] INFO  server.RaftServerConfigKeys (ConfUtils.java:logGet(46)) - raft.server.retrycache.expirytime = 600000ms (custom)
2022-09-30 13:41:00,668 [pool-341-thread-1] INFO  server.RaftServerConfigKeys (ConfUtils.java:logGet(46)) - raft.server.retrycache.statistics.expirytime = 100μs (default)
2022-09-30 13:41:00,670 [pool-341-thread-1] INFO  server.RaftServerConfigKeys (ConfUtils.java:logGet(46)) - raft.server.log.appender.install.snapshot.enabled = false (custom)
2022-09-30 13:41:00,670 [pool-341-thread-1] INFO  server.RaftServerConfigKeys (ConfUtils.java:logGet(46)) - raft.server.threadpool.server.cached = true (default)
2022-09-30 13:41:00,670 [pool-341-thread-1] INFO  server.RaftServerConfigKeys (ConfUtils.java:logGet(46)) - raft.server.threadpool.server.size = 0 (default)
2022-09-30 13:41:00,670 [pool-341-thread-1] INFO  server.RaftServerConfigKeys (ConfUtils.java:logGet(46)) - raft.server.threadpool.client.cached = true (default)
2022-09-30 13:41:00,670 [pool-341-thread-1] INFO  server.RaftServerConfigKeys (ConfUtils.java:logGet(46)) - raft.server.threadpool.client.size = 0 (default)
2022-09-30 13:41:00,670 [pool-341-thread-1] INFO  server.RaftServer$Division (RaftServerImpl.java:start(310)) - 1abef520-eeaa-4e7a-a2f3-4eef6d213e0d@group-65059AC314D2: start as a follower, conf=-1: [1abef520-eeaa-4e7a-a2f3-4eef6d213e0d|rpc:10.1.0.210:45505|priority:1], old=null
2022-09-30 13:41:00,670 [pool-341-thread-1] INFO  server.RaftServer$Division (RaftServerImpl.java:setRole(299)) - 1abef520-eeaa-4e7a-a2f3-4eef6d213e0d@group-65059AC314D2: changes role from      null to FOLLOWER at term 0 for startAsFollower
2022-09-30 13:41:00,670 [pool-341-thread-1] INFO  impl.RoleInfo (RoleInfo.java:updateAndGet(139)) - 1abef520-eeaa-4e7a-a2f3-4eef6d213e0d: start 1abef520-eeaa-4e7a-a2f3-4eef6d213e0d@group-65059AC314D2-FollowerState
2022-09-30 13:41:00,671 [pool-341-thread-1] INFO  util.JmxRegister (JmxRegister.java:tryRegister(44)) - Successfully registered JMX Bean with object name Ratis:service=RaftServer,group=group-65059AC314D2,id=1abef520-eeaa-4e7a-a2f3-4eef6d213e0d
2022-09-30 13:41:00,679 [Command processor thread] INFO  ratis.XceiverServerRatis (XceiverServerRatis.java:addGroup(765)) - Created group PipelineID=5893789c-9de0-4588-a912-65059ac314d2
2022-09-30 13:41:00,679 [Command processor thread] INFO  commandhandler.CreatePipelineCommandHandler (CreatePipelineCommandHandler.java:handle(113)) - Created Pipeline RATIS ONE PipelineID=5893789c-9de0-4588-a912-65059ac314d2.
2022-09-30 13:41:00,680 [Command processor thread] INFO  server.RaftServer (RaftServerProxy.java:addNew(96)) - 1abef520-eeaa-4e7a-a2f3-4eef6d213e0d: addNew group-44C64A0B4B82:[2ebbe601-d5be-40a5-8ef8-5fe69b71d197|rpc:10.1.0.210:37421|priority:0, 1abef520-eeaa-4e7a-a2f3-4eef6d213e0d|rpc:10.1.0.210:45505|priority:0, 667118c9-2086-46d8-bebb-14ab86077656|rpc:10.1.0.210:34109|priority:1] returns group-44C64A0B4B82:java.util.concurrent.CompletableFuture@32350f46[Not completed]
2022-09-30 13:41:00,681 [pool-341-thread-1] INFO  server.RaftServer$Division (RaftServerImpl.java:<init>(190)) - 1abef520-eeaa-4e7a-a2f3-4eef6d213e0d: new RaftServerImpl for group-44C64A0B4B82:[2ebbe601-d5be-40a5-8ef8-5fe69b71d197|rpc:10.1.0.210:37421|priority:0, 1abef520-eeaa-4e7a-a2f3-4eef6d213e0d|rpc:10.1.0.210:45505|priority:0, 667118c9-2086-46d8-bebb-14ab86077656|rpc:10.1.0.210:34109|priority:1] with ContainerStateMachine:uninitialized
2022-09-30 13:41:00,681 [pool-341-thread-1] INFO  server.RaftServerConfigKeys (ConfUtils.java:logGet(46)) - raft.server.rpc.timeout.min = 5s (custom)
2022-09-30 13:41:00,681 [pool-341-thread-1] INFO  server.RaftServerConfigKeys (ConfUtils.java:logGet(46)) - raft.server.rpc.timeout.max = 5200ms (custom)
2022-09-30 13:41:00,681 [pool-341-thread-1] INFO  server.RaftServerConfigKeys (ConfUtils.java:logGet(46)) - raft.server.rpc.sleep.time = 25ms (default)
2022-09-30 13:41:00,681 [pool-341-thread-1] INFO  server.RaftServerConfigKeys (ConfUtils.java:logGet(46)) - raft.server.rpc.slowness.timeout = 300s (custom)
2022-09-30 13:41:00,681 [pool-341-thread-1] INFO  server.RaftServerConfigKeys (ConfUtils.java:logGet(46)) - raft.server.leaderelection.leader.step-down.wait-time = 10s (default)
2022-09-30 13:41:00,681 [pool-341-thread-1] INFO  server.RaftServerConfigKeys (ConfUtils.java:logGet(46)) - raft.server.sleep.deviation.threshold = 300ms (default)
2022-09-30 13:41:00,681 [pool-341-thread-1] INFO  server.RaftServer$Division (ServerState.java:<init>(107)) - 1abef520-eeaa-4e7a-a2f3-4eef6d213e0d@group-44C64A0B4B82: ConfigurationManager, init=-1: [2ebbe601-d5be-40a5-8ef8-5fe69b71d197|rpc:10.1.0.210:37421|priority:0, 1abef520-eeaa-4e7a-a2f3-4eef6d213e0d|rpc:10.1.0.210:45505|priority:0, 667118c9-2086-46d8-bebb-14ab86077656|rpc:10.1.0.210:34109|priority:1], old=null, confs=<EMPTY_MAP>
2022-09-30 13:41:00,682 [pool-341-thread-1] INFO  server.RaftServerConfigKeys (ConfUtils.java:logGet(46)) - raft.server.storage.dir = [/home/runner/work/ozone/ozone/hadoop-ozone/integration-test/target/test-dir/MiniOzoneClusterImpl-b8847c17-62d3-4307-a1ed-7c038275c3d3/datanode-0/data/ratis] (custom)
2022-09-30 13:41:00,682 [pool-341-thread-1] INFO  server.RaftServerConfigKeys (ConfUtils.java:logGet(46)) - raft.server.log.corruption.policy = EXCEPTION (default)
2022-09-30 13:41:00,682 [pool-341-thread-1] INFO  server.RaftServerConfigKeys (ConfUtils.java:logGet(46)) - raft.server.storage.free-space.min = 0MB (=0) (default)
2022-09-30 13:41:00,682 [pool-341-thread-1] INFO  storage.RaftStorageDirectory (RaftStorageDirectoryImpl.java:analyzeStorage(135)) - The storage directory /home/runner/work/ozone/ozone/hadoop-ozone/integration-test/target/test-dir/MiniOzoneClusterImpl-b8847c17-62d3-4307-a1ed-7c038275c3d3/datanode-0/data/ratis/9d594d7e-d210-4d1e-a3b6-44c64a0b4b82 does not exist. Creating ...
2022-09-30 13:41:00,656 [grpc-default-executor-1] INFO  leader.FollowerInfo (FollowerInfoImpl.java:lambda$new$0(48)) - 63487312-87aa-4652-9988-76e01a899b42@group-3F213833E1F5->62666bfa-5b48-4194-8431-0a6941154381: nextIndex: updateUnconditionally 79 -> 78
2022-09-30 13:41:00,683 [EventQueue-OpenPipelineForHealthyPipelineSafeModeRule] INFO  safemode.SCMSafeModeManager (HealthyPipelineSafeModeRule.java:process(137)) - SCM in safe mode. Healthy pipelines reported count is 0, required healthy pipeline reported count is 1
2022-09-30 13:41:00,684 [pool-341-thread-1] INFO  storage.RaftStorageDirectory (RaftStorageDirectoryImpl.java:tryLock(230)) - Lock on /home/runner/work/ozone/ozone/hadoop-ozone/integration-test/target/test-dir/MiniOzoneClusterImpl-b8847c17-62d3-4307-a1ed-7c038275c3d3/datanode-0/data/ratis/9d594d7e-d210-4d1e-a3b6-44c64a0b4b82/in_use.lock acquired by nodename 61277@fv-az264-432
2022-09-30 13:41:00,685 [pool-341-thread-1] INFO  storage.RaftStorage (RaftStorageImpl.java:format(89)) - Storage directory /home/runner/work/ozone/ozone/hadoop-ozone/integration-test/target/test-dir/MiniOzoneClusterImpl-b8847c17-62d3-4307-a1ed-7c038275c3d3/datanode-0/data/ratis/9d594d7e-d210-4d1e-a3b6-44c64a0b4b82 has been successfully formatted.
2022-09-30 13:41:00,686 [pool-341-thread-1] INFO  ratis.ContainerStateMachine (ContainerStateMachine.java:loadSnapshot(236)) - group-44C64A0B4B82: The snapshot info is null. Setting the last applied indexto:(t:0, i:~)
2022-09-30 13:41:00,687 [pool-341-thread-1] INFO  server.RaftServerConfigKeys (ConfUtils.java:logGet(46)) - raft.server.notification.no-leader.timeout = 300s (custom)
2022-09-30 13:41:00,687 [pool-341-thread-1] INFO  server.RaftServerConfigKeys (ConfUtils.java:logGet(46)) - raft.server.log.use.memory = false (default)
2022-09-30 13:41:00,687 [pool-341-thread-1] INFO  server.RaftServerConfigKeys (ConfUtils.java:logGet(46)) - raft.server.log.purge.gap = 1000000 (custom)
2022-09-30 13:41:00,687 [pool-341-thread-1] INFO  server.RaftServerConfigKeys (ConfUtils.java:logGet(46)) - raft.server.log.appender.buffer.byte-limit = 33554432 (custom)
2022-09-30 13:41:00,687 [pool-341-thread-1] INFO  server.RaftServerConfigKeys (ConfUtils.java:logGet(46)) - raft.server.log.statemachine.data.read.timeout = 1000ms (default)
2022-09-30 13:41:00,687 [EventQueue-OpenPipelineForHealthyPipelineSafeModeRule] INFO  safemode.SCMSafeModeManager (HealthyPipelineSafeModeRule.java:process(137)) - SCM in safe mode. Healthy pipelines reported count is 0, required healthy pipeline reported count is 1
2022-09-30 13:41:00,687 [pool-341-thread-1] INFO  server.RaftServerConfigKeys (ConfUtils.java:logGet(46)) - raft.server.log.segment.size.max = 1048576 (custom)
2022-09-30 13:41:00,689 [pool-341-thread-1] INFO  server.RaftServerConfigKeys (ConfUtils.java:logGet(46)) - raft.server.log.segment.cache.num.max = 2 (custom)
2022-09-30 13:41:00,689 [pool-341-thread-1] INFO  server.RaftServerConfigKeys (ConfUtils.java:logGet(46)) - raft.server.log.segment.cache.size.max = 200MB (=209715200) (default)
2022-09-30 13:41:00,689 [pool-341-thread-1] INFO  segmented.SegmentedRaftLogWorker (SegmentedRaftLogWorker.java:<init>(187)) - new 1abef520-eeaa-4e7a-a2f3-4eef6d213e0d@group-44C64A0B4B82-SegmentedRaftLogWorker for RaftStorageImpl:Storage Directory /home/runner/work/ozone/ozone/hadoop-ozone/integration-test/target/test-dir/MiniOzoneClusterImpl-b8847c17-62d3-4307-a1ed-7c038275c3d3/datanode-0/data/ratis/9d594d7e-d210-4d1e-a3b6-44c64a0b4b82
2022-09-30 13:41:00,690 [pool-341-thread-1] INFO  server.RaftServerConfigKeys (ConfUtils.java:logGet(46)) - raft.server.log.queue.byte-limit = 4294967296 (custom)
2022-09-30 13:41:00,690 [pool-341-thread-1] INFO  server.RaftServerConfigKeys (ConfUtils.java:logGet(46)) - raft.server.log.queue.element-limit = 1024 (custom)
2022-09-30 13:41:00,690 [pool-341-thread-1] INFO  server.RaftServerConfigKeys (ConfUtils.java:logGet(46)) - raft.server.log.segment.size.max = 1048576 (custom)
2022-09-30 13:41:00,690 [pool-341-thread-1] INFO  server.RaftServerConfigKeys (ConfUtils.java:logGet(46)) - raft.server.log.preallocated.size = 16384 (custom)
2022-09-30 13:41:00,690 [pool-341-thread-1] INFO  server.RaftServerConfigKeys (ConfUtils.java:logGet(46)) - raft.server.log.force.sync.num = 128 (default)
2022-09-30 13:41:00,690 [pool-341-thread-1] INFO  server.RaftServerConfigKeys (ConfUtils.java:logGet(46)) - raft.server.log.statemachine.data.sync = true (default)
2022-09-30 13:41:00,696 [pool-341-thread-1] INFO  server.RaftServerConfigKeys (ConfUtils.java:logGet(46)) - raft.server.log.statemachine.data.sync.timeout = 10s (default)
2022-09-30 13:41:00,696 [pool-341-thread-1] INFO  server.RaftServerConfigKeys (ConfUtils.java:logGet(46)) - raft.server.log.statemachine.data.sync.timeout.retry = -1 (default)
2022-09-30 13:41:00,698 [pool-341-thread-1] INFO  server.RaftServerConfigKeys (ConfUtils.java:logGet(46)) - raft.server.log.write.buffer.size = 1048576 (custom)
2022-09-30 13:41:00,698 [pool-341-thread-1] INFO  server.RaftServerConfigKeys (ConfUtils.java:logGet(46)) - raft.server.log.unsafe-flush.enabled = false (default)
2022-09-30 13:41:00,699 [pool-341-thread-1] INFO  server.RaftServerConfigKeys (ConfUtils.java:logGet(46)) - raft.server.log.statemachine.data.caching.enabled = true (custom)
2022-09-30 13:41:00,699 [pool-341-thread-1] INFO  segmented.SegmentedRaftLogWorker (SegmentedRaftLogWorker.java:lambda$new$0(135)) - 1abef520-eeaa-4e7a-a2f3-4eef6d213e0d@group-44C64A0B4B82-SegmentedRaftLogWorker: flushIndex: setUnconditionally 0 -> -1
2022-09-30 13:41:00,699 [pool-341-thread-1] INFO  segmented.SegmentedRaftLogWorker (SegmentedRaftLogWorker.java:lambda$new$0(135)) - 1abef520-eeaa-4e7a-a2f3-4eef6d213e0d@group-44C64A0B4B82-SegmentedRaftLogWorker: safeCacheEvictIndex: setUnconditionally 0 -> -1
2022-09-30 13:41:00,712 [pool-341-thread-1] INFO  server.RaftServerConfigKeys (ConfUtils.java:logGet(46)) - raft.server.snapshot.auto.trigger.enabled = true (custom)
2022-09-30 13:41:00,712 [pool-341-thread-1] INFO  server.RaftServerConfigKeys (ConfUtils.java:logGet(46)) - raft.server.snapshot.auto.trigger.threshold = 10000 (custom)
2022-09-30 13:41:00,712 [pool-341-thread-1] INFO  server.RaftServerConfigKeys (ConfUtils.java:logGet(46)) - raft.server.snapshot.retention.file.num = 5 (custom)
2022-09-30 13:41:00,712 [pool-341-thread-1] INFO  server.RaftServerConfigKeys (ConfUtils.java:logGet(46)) - raft.server.log.purge.upto.snapshot.index = false (default)
2022-09-30 13:41:00,713 [pool-341-thread-1] INFO  server.RaftServerConfigKeys (ConfUtils.java:logGet(46)) - raft.server.retrycache.expirytime = 600000ms (custom)
2022-09-30 13:41:00,713 [pool-341-thread-1] INFO  server.RaftServerConfigKeys (ConfUtils.java:logGet(46)) - raft.server.retrycache.statistics.expirytime = 100μs (default)
2022-09-30 13:41:00,715 [pool-341-thread-1] INFO  server.RaftServerConfigKeys (ConfUtils.java:logGet(46)) - raft.server.log.appender.install.snapshot.enabled = false (custom)
2022-09-30 13:41:00,715 [pool-341-thread-1] INFO  server.RaftServerConfigKeys (ConfUtils.java:logGet(46)) - raft.server.threadpool.server.cached = true (default)
2022-09-30 13:41:00,715 [pool-341-thread-1] INFO  server.RaftServerConfigKeys (ConfUtils.java:logGet(46)) - raft.server.threadpool.server.size = 0 (default)
2022-09-30 13:41:00,715 [pool-341-thread-1] INFO  server.RaftServerConfigKeys (ConfUtils.java:logGet(46)) - raft.server.threadpool.client.cached = true (default)
2022-09-30 13:41:00,715 [pool-341-thread-1] INFO  server.RaftServerConfigKeys (ConfUtils.java:logGet(46)) - raft.server.threadpool.client.size = 0 (default)
2022-09-30 13:41:00,715 [pool-341-thread-1] INFO  server.RaftServer$Division (RaftServerImpl.java:start(310)) - 1abef520-eeaa-4e7a-a2f3-4eef6d213e0d@group-44C64A0B4B82: start as a follower, conf=-1: [2ebbe601-d5be-40a5-8ef8-5fe69b71d197|rpc:10.1.0.210:37421|priority:0, 1abef520-eeaa-4e7a-a2f3-4eef6d213e0d|rpc:10.1.0.210:45505|priority:0, 667118c9-2086-46d8-bebb-14ab86077656|rpc:10.1.0.210:34109|priority:1], old=null
2022-09-30 13:41:00,715 [pool-341-thread-1] INFO  server.RaftServer$Division (RaftServerImpl.java:setRole(299)) - 1abef520-eeaa-4e7a-a2f3-4eef6d213e0d@group-44C64A0B4B82: changes role from      null to FOLLOWER at term 0 for startAsFollower
2022-09-30 13:41:00,716 [pool-341-thread-1] INFO  impl.RoleInfo (RoleInfo.java:updateAndGet(139)) - 1abef520-eeaa-4e7a-a2f3-4eef6d213e0d: start 1abef520-eeaa-4e7a-a2f3-4eef6d213e0d@group-44C64A0B4B82-FollowerState
2022-09-30 13:41:00,719 [pool-341-thread-1] INFO  util.JmxRegister (JmxRegister.java:tryRegister(44)) - Successfully registered JMX Bean with object name Ratis:service=RaftServer,group=group-44C64A0B4B82,id=1abef520-eeaa-4e7a-a2f3-4eef6d213e0d
2022-09-30 13:41:00,728 [Command processor thread] INFO  ratis.XceiverServerRatis (XceiverServerRatis.java:addGroup(765)) - Created group PipelineID=9d594d7e-d210-4d1e-a3b6-44c64a0b4b82
2022-09-30 13:41:00,744 [grpc-default-executor-6] INFO  server.RaftServer (RaftServerProxy.java:addNew(96)) - 2ebbe601-d5be-40a5-8ef8-5fe69b71d197: addNew group-44C64A0B4B82:[2ebbe601-d5be-40a5-8ef8-5fe69b71d197|rpc:10.1.0.210:37421|dataStream:|priority:0, 1abef520-eeaa-4e7a-a2f3-4eef6d213e0d|rpc:10.1.0.210:45505|dataStream:|priority:0, 667118c9-2086-46d8-bebb-14ab86077656|rpc:10.1.0.210:34109|dataStream:|priority:1] returns group-44C64A0B4B82:java.util.concurrent.CompletableFuture@6b0a9132[Not completed]
2022-09-30 13:41:00,752 [pool-394-thread-1] INFO  server.RaftServer$Division (RaftServerImpl.java:<init>(190)) - 2ebbe601-d5be-40a5-8ef8-5fe69b71d197: new RaftServerImpl for group-44C64A0B4B82:[2ebbe601-d5be-40a5-8ef8-5fe69b71d197|rpc:10.1.0.210:37421|dataStream:|priority:0, 1abef520-eeaa-4e7a-a2f3-4eef6d213e0d|rpc:10.1.0.210:45505|dataStream:|priority:0, 667118c9-2086-46d8-bebb-14ab86077656|rpc:10.1.0.210:34109|dataStream:|priority:1] with ContainerStateMachine:uninitialized
2022-09-30 13:41:00,753 [pool-394-thread-1] INFO  server.RaftServerConfigKeys (ConfUtils.java:logGet(46)) - raft.server.rpc.timeout.min = 5s (custom)
2022-09-30 13:41:00,753 [pool-394-thread-1] INFO  server.RaftServerConfigKeys (ConfUtils.java:logGet(46)) - raft.server.rpc.timeout.max = 5200ms (custom)
2022-09-30 13:41:00,753 [pool-394-thread-1] INFO  server.RaftServerConfigKeys (ConfUtils.java:logGet(46)) - raft.server.rpc.sleep.time = 25ms (default)
2022-09-30 13:41:00,753 [pool-394-thread-1] INFO  server.RaftServerConfigKeys (ConfUtils.java:logGet(46)) - raft.server.rpc.slowness.timeout = 300s (custom)
2022-09-30 13:41:00,753 [pool-394-thread-1] INFO  server.RaftServerConfigKeys (ConfUtils.java:logGet(46)) - raft.server.leaderelection.leader.step-down.wait-time = 10s (default)
2022-09-30 13:41:00,753 [pool-394-thread-1] INFO  server.RaftServerConfigKeys (ConfUtils.java:logGet(46)) - raft.server.sleep.deviation.threshold = 300ms (default)
2022-09-30 13:41:00,753 [pool-394-thread-1] INFO  server.RaftServer$Division (ServerState.java:<init>(107)) - 2ebbe601-d5be-40a5-8ef8-5fe69b71d197@group-44C64A0B4B82: ConfigurationManager, init=-1: [2ebbe601-d5be-40a5-8ef8-5fe69b71d197|rpc:10.1.0.210:37421|dataStream:|priority:0, 1abef520-eeaa-4e7a-a2f3-4eef6d213e0d|rpc:10.1.0.210:45505|dataStream:|priority:0, 667118c9-2086-46d8-bebb-14ab86077656|rpc:10.1.0.210:34109|dataStream:|priority:1], old=null, confs=<EMPTY_MAP>
2022-09-30 13:41:00,753 [pool-394-thread-1] INFO  server.RaftServerConfigKeys (ConfUtils.java:logGet(46)) - raft.server.storage.dir = [/home/runner/work/ozone/ozone/hadoop-ozone/integration-test/target/test-dir/MiniOzoneClusterImpl-b8847c17-62d3-4307-a1ed-7c038275c3d3/datanode-1/data/ratis] (custom)
2022-09-30 13:41:00,753 [pool-394-thread-1] INFO  server.RaftServerConfigKeys (ConfUtils.java:logGet(46)) - raft.server.log.corruption.policy = EXCEPTION (default)
2022-09-30 13:41:00,753 [pool-394-thread-1] INFO  server.RaftServerConfigKeys (ConfUtils.java:logGet(46)) - raft.server.storage.free-space.min = 0MB (=0) (default)
2022-09-30 13:41:00,753 [pool-394-thread-1] INFO  storage.RaftStorageDirectory (RaftStorageDirectoryImpl.java:analyzeStorage(135)) - The storage directory /home/runner/work/ozone/ozone/hadoop-ozone/integration-test/target/test-dir/MiniOzoneClusterImpl-b8847c17-62d3-4307-a1ed-7c038275c3d3/datanode-1/data/ratis/9d594d7e-d210-4d1e-a3b6-44c64a0b4b82 does not exist. Creating ...
2022-09-30 13:41:00,759 [pool-394-thread-1] INFO  storage.RaftStorageDirectory (RaftStorageDirectoryImpl.java:tryLock(230)) - Lock on /home/runner/work/ozone/ozone/hadoop-ozone/integration-test/target/test-dir/MiniOzoneClusterImpl-b8847c17-62d3-4307-a1ed-7c038275c3d3/datanode-1/data/ratis/9d594d7e-d210-4d1e-a3b6-44c64a0b4b82/in_use.lock acquired by nodename 61277@fv-az264-432
2022-09-30 13:41:00,760 [63487312-87aa-4652-9988-76e01a899b42@group-3F213833E1F5-StateMachineUpdater] INFO  ratis.ContainerStateMachine (ContainerStateMachine.java:takeSnapshot(315)) - group-3F213833E1F5: Finished taking a snapshot at:(t:4, i:78) file:/home/runner/work/ozone/ozone/hadoop-ozone/integration-test/target/test-dir/MiniOzoneClusterImpl-8c4c252e-cda6-42f5-b80f-9d168f3e16cf/datanode-1/data/ratis/9504cae7-2c67-458d-bacc-3f213833e1f5/sm/snapshot.4_78 took: 111 ms
2022-09-30 13:41:00,762 [63487312-87aa-4652-9988-76e01a899b42@group-3F213833E1F5-StateMachineUpdater] INFO  impl.StateMachineUpdater (StateMachineUpdater.java:takeSnapshot(287)) - 63487312-87aa-4652-9988-76e01a899b42@group-3F213833E1F5-StateMachineUpdater: Took a snapshot at index 78
2022-09-30 13:41:00,765 [pool-394-thread-1] INFO  storage.RaftStorage (RaftStorageImpl.java:format(89)) - Storage directory /home/runner/work/ozone/ozone/hadoop-ozone/integration-test/target/test-dir/MiniOzoneClusterImpl-b8847c17-62d3-4307-a1ed-7c038275c3d3/datanode-1/data/ratis/9d594d7e-d210-4d1e-a3b6-44c64a0b4b82 has been successfully formatted.
2022-09-30 13:41:00,765 [63487312-87aa-4652-9988-76e01a899b42@group-3F213833E1F5-StateMachineUpdater] INFO  impl.StateMachineUpdater (StateMachineUpdater.java:lambda$new$0(92)) - 63487312-87aa-4652-9988-76e01a899b42@group-3F213833E1F5-StateMachineUpdater: snapshotIndex: updateIncreasingly -1 -> 78
2022-09-30 13:41:00,765 [pool-394-thread-1] INFO  ratis.ContainerStateMachine (ContainerStateMachine.java:loadSnapshot(236)) - group-44C64A0B4B82: The snapshot info is null. Setting the last applied indexto:(t:0, i:~)
2022-09-30 13:41:00,765 [pool-394-thread-1] INFO  server.RaftServerConfigKeys (ConfUtils.java:logGet(46)) - raft.server.notification.no-leader.timeout = 300s (custom)
2022-09-30 13:41:00,765 [pool-394-thread-1] INFO  server.RaftServerConfigKeys (ConfUtils.java:logGet(46)) - raft.server.log.use.memory = false (default)
2022-09-30 13:41:00,766 [pool-394-thread-1] INFO  server.RaftServerConfigKeys (ConfUtils.java:logGet(46)) - raft.server.log.purge.gap = 1000000 (custom)
2022-09-30 13:41:00,766 [pool-394-thread-1] INFO  server.RaftServerConfigKeys (ConfUtils.java:logGet(46)) - raft.server.log.appender.buffer.byte-limit = 33554432 (custom)
2022-09-30 13:41:00,766 [pool-394-thread-1] INFO  server.RaftServerConfigKeys (ConfUtils.java:logGet(46)) - raft.server.log.statemachine.data.read.timeout = 1000ms (default)
2022-09-30 13:41:00,766 [pool-394-thread-1] INFO  server.RaftServerConfigKeys (ConfUtils.java:logGet(46)) - raft.server.log.segment.size.max = 1048576 (custom)
2022-09-30 13:41:00,773 [pool-394-thread-1] INFO  server.RaftServerConfigKeys (ConfUtils.java:logGet(46)) - raft.server.log.segment.cache.num.max = 2 (custom)
2022-09-30 13:41:00,774 [pool-394-thread-1] INFO  server.RaftServerConfigKeys (ConfUtils.java:logGet(46)) - raft.server.log.segment.cache.size.max = 200MB (=209715200) (default)
2022-09-30 13:41:00,774 [pool-394-thread-1] INFO  segmented.SegmentedRaftLogWorker (SegmentedRaftLogWorker.java:<init>(187)) - new 2ebbe601-d5be-40a5-8ef8-5fe69b71d197@group-44C64A0B4B82-SegmentedRaftLogWorker for RaftStorageImpl:Storage Directory /home/runner/work/ozone/ozone/hadoop-ozone/integration-test/target/test-dir/MiniOzoneClusterImpl-b8847c17-62d3-4307-a1ed-7c038275c3d3/datanode-1/data/ratis/9d594d7e-d210-4d1e-a3b6-44c64a0b4b82
2022-09-30 13:41:00,774 [pool-394-thread-1] INFO  server.RaftServerConfigKeys (ConfUtils.java:logGet(46)) - raft.server.log.queue.byte-limit = 4294967296 (custom)
2022-09-30 13:41:00,774 [pool-394-thread-1] INFO  server.RaftServerConfigKeys (ConfUtils.java:logGet(46)) - raft.server.log.queue.element-limit = 1024 (custom)
2022-09-30 13:41:00,774 [pool-394-thread-1] INFO  server.RaftServerConfigKeys (ConfUtils.java:logGet(46)) - raft.server.log.segment.size.max = 1048576 (custom)
2022-09-30 13:41:00,774 [pool-394-thread-1] INFO  server.RaftServerConfigKeys (ConfUtils.java:logGet(46)) - raft.server.log.preallocated.size = 16384 (custom)
2022-09-30 13:41:00,774 [pool-394-thread-1] INFO  server.RaftServerConfigKeys (ConfUtils.java:logGet(46)) - raft.server.log.force.sync.num = 128 (default)
2022-09-30 13:41:00,774 [pool-394-thread-1] INFO  server.RaftServerConfigKeys (ConfUtils.java:logGet(46)) - raft.server.log.statemachine.data.sync = true (default)
2022-09-30 13:41:00,774 [pool-394-thread-1] INFO  server.RaftServerConfigKeys (ConfUtils.java:logGet(46)) - raft.server.log.statemachine.data.sync.timeout = 10s (default)
2022-09-30 13:41:00,774 [pool-394-thread-1] INFO  server.RaftServerConfigKeys (ConfUtils.java:logGet(46)) - raft.server.log.statemachine.data.sync.timeout.retry = -1 (default)
2022-09-30 13:41:00,776 [pool-394-thread-1] INFO  server.RaftServerConfigKeys (ConfUtils.java:logGet(46)) - raft.server.log.write.buffer.size = 1048576 (custom)
2022-09-30 13:41:00,776 [Command processor thread] INFO  server.RaftServer$Division (ServerState.java:close(429)) - 63487312-87aa-4652-9988-76e01a899b42@group-3F213833E1F5: closes. applyIndex: 78
2022-09-30 13:41:00,777 [63487312-87aa-4652-9988-76e01a899b42@group-3F213833E1F5-SegmentedRaftLogWorker] INFO  segmented.SegmentedRaftLogWorker (SegmentedRaftLogWorker.java:run(336)) - 63487312-87aa-4652-9988-76e01a899b42@group-3F213833E1F5-SegmentedRaftLogWorker was interrupted, exiting. There are 0 tasks remaining in the queue.
2022-09-30 13:41:00,778 [Command processor thread] INFO  segmented.SegmentedRaftLogWorker (SegmentedRaftLogWorker.java:close(246)) - 63487312-87aa-4652-9988-76e01a899b42@group-3F213833E1F5-SegmentedRaftLogWorker close()
2022-09-30 13:41:00,782 [pool-394-thread-1] INFO  server.RaftServerConfigKeys (ConfUtils.java:logGet(46)) - raft.server.log.unsafe-flush.enabled = false (default)
2022-09-30 13:41:00,782 [pool-394-thread-1] INFO  server.RaftServerConfigKeys (ConfUtils.java:logGet(46)) - raft.server.log.statemachine.data.caching.enabled = true (custom)
2022-09-30 13:41:00,783 [pool-394-thread-1] INFO  segmented.SegmentedRaftLogWorker (SegmentedRaftLogWorker.java:lambda$new$0(135)) - 2ebbe601-d5be-40a5-8ef8-5fe69b71d197@group-44C64A0B4B82-SegmentedRaftLogWorker: flushIndex: setUnconditionally 0 -> -1
2022-09-30 13:41:00,783 [pool-394-thread-1] INFO  segmented.SegmentedRaftLogWorker (SegmentedRaftLogWorker.java:lambda$new$0(135)) - 2ebbe601-d5be-40a5-8ef8-5fe69b71d197@group-44C64A0B4B82-SegmentedRaftLogWorker: safeCacheEvictIndex: setUnconditionally 0 -> -1
2022-09-30 13:41:00,783 [pool-394-thread-1] INFO  server.RaftServerConfigKeys (ConfUtils.java:logGet(46)) - raft.server.snapshot.auto.trigger.enabled = true (custom)
2022-09-30 13:41:00,783 [pool-394-thread-1] INFO  server.RaftServerConfigKeys (ConfUtils.java:logGet(46)) - raft.server.snapshot.auto.trigger.threshold = 10000 (custom)
2022-09-30 13:41:00,783 [pool-394-thread-1] INFO  server.RaftServerConfigKeys (ConfUtils.java:logGet(46)) - raft.server.snapshot.retention.file.num = 5 (custom)
2022-09-30 13:41:00,783 [pool-394-thread-1] INFO  server.RaftServerConfigKeys (ConfUtils.java:logGet(46)) - raft.server.log.purge.upto.snapshot.index = false (default)
2022-09-30 13:41:00,784 [pool-394-thread-1] INFO  server.RaftServerConfigKeys (ConfUtils.java:logGet(46)) - raft.server.retrycache.expirytime = 600000ms (custom)
2022-09-30 13:41:00,787 [pool-394-thread-1] INFO  server.RaftServerConfigKeys (ConfUtils.java:logGet(46)) - raft.server.retrycache.statistics.expirytime = 100μs (default)
2022-09-30 13:41:00,795 [pool-394-thread-1] INFO  server.RaftServerConfigKeys (ConfUtils.java:logGet(46)) - raft.server.log.appender.install.snapshot.enabled = false (custom)
2022-09-30 13:41:00,795 [pool-394-thread-1] INFO  server.RaftServerConfigKeys (ConfUtils.java:logGet(46)) - raft.server.threadpool.server.cached = true (default)
2022-09-30 13:41:00,795 [pool-394-thread-1] INFO  server.RaftServerConfigKeys (ConfUtils.java:logGet(46)) - raft.server.threadpool.server.size = 0 (default)
2022-09-30 13:41:00,795 [pool-394-thread-1] INFO  server.RaftServerConfigKeys (ConfUtils.java:logGet(46)) - raft.server.threadpool.client.cached = true (default)
2022-09-30 13:41:00,796 [pool-394-thread-1] INFO  server.RaftServerConfigKeys (ConfUtils.java:logGet(46)) - raft.server.threadpool.client.size = 0 (default)
2022-09-30 13:41:00,796 [pool-394-thread-1] INFO  server.RaftServer$Division (RaftServerImpl.java:start(310)) - 2ebbe601-d5be-40a5-8ef8-5fe69b71d197@group-44C64A0B4B82: start as a follower, conf=-1: [2ebbe601-d5be-40a5-8ef8-5fe69b71d197|rpc:10.1.0.210:37421|dataStream:|priority:0, 1abef520-eeaa-4e7a-a2f3-4eef6d213e0d|rpc:10.1.0.210:45505|dataStream:|priority:0, 667118c9-2086-46d8-bebb-14ab86077656|rpc:10.1.0.210:34109|dataStream:|priority:1], old=null
2022-09-30 13:41:00,796 [pool-394-thread-1] INFO  server.RaftServer$Division (RaftServerImpl.java:setRole(299)) - 2ebbe601-d5be-40a5-8ef8-5fe69b71d197@group-44C64A0B4B82: changes role from      null to FOLLOWER at term 0 for startAsFollower
2022-09-30 13:41:00,796 [Command processor thread] INFO  keyvalue.KeyValueContainer (KeyValueContainer.java:flushAndSyncDB(436)) - Container 1 is synced with bcsId 72.
2022-09-30 13:41:00,796 [Command processor thread] INFO  keyvalue.KeyValueContainer (KeyValueContainer.java:flushAndSyncDB(436)) - Container 1 is synced with bcsId 72.
2022-09-30 13:41:00,798 [pool-394-thread-1] INFO  impl.RoleInfo (RoleInfo.java:updateAndGet(139)) - 2ebbe601-d5be-40a5-8ef8-5fe69b71d197: start 2ebbe601-d5be-40a5-8ef8-5fe69b71d197@group-44C64A0B4B82-FollowerState
2022-09-30 13:41:00,804 [pool-394-thread-1] INFO  util.JmxRegister (JmxRegister.java:tryRegister(44)) - Successfully registered JMX Bean with object name Ratis:service=RaftServer,group=group-44C64A0B4B82,id=2ebbe601-d5be-40a5-8ef8-5fe69b71d197
2022-09-30 13:41:00,812 [FixedThreadPoolWithAffinityExecutor-0-0] INFO  container.IncrementalContainerReportHandler (AbstractContainerReportHandler.java:updateContainerState(285)) - Moving container #1 to QUASI_CLOSED state, datanode 63487312-87aa-4652-9988-76e01a899b42{ip: 10.1.0.210, host: fv-az264-432.ca02foy5wcnuvlrvrz2wi3p2og.dx.internal.cloudapp.net, ports: [REPLICATION=33927, RATIS=39059, RATIS_ADMIN=39059, RATIS_SERVER=39059, STANDALONE=46255], networkLocation: /default-rack, certSerialId: null, persistedOpState: DECOMMISSIONING, persistedOpStateExpiryEpochSec: 0} reported QUASI_CLOSED replica.
2022-09-30 13:41:00,820 [Command processor thread] INFO  keyvalue.KeyValueContainer (KeyValueContainer.java:flushAndSyncDB(436)) - Container 2 is synced with bcsId 76.
2022-09-30 13:41:00,821 [Command processor thread] INFO  keyvalue.KeyValueContainer (KeyValueContainer.java:flushAndSyncDB(436)) - Container 2 is synced with bcsId 76.
2022-09-30 13:41:00,828 [FixedThreadPoolWithAffinityExecutor-8-0] INFO  container.IncrementalContainerReportHandler (AbstractContainerReportHandler.java:updateContainerState(285)) - Moving container #2 to QUASI_CLOSED state, datanode 63487312-87aa-4652-9988-76e01a899b42{ip: 10.1.0.210, host: fv-az264-432.ca02foy5wcnuvlrvrz2wi3p2og.dx.internal.cloudapp.net, ports: [REPLICATION=33927, RATIS=39059, RATIS_ADMIN=39059, RATIS_SERVER=39059, STANDALONE=46255], networkLocation: /default-rack, certSerialId: null, persistedOpState: DECOMMISSIONING, persistedOpStateExpiryEpochSec: 0} reported QUASI_CLOSED replica.
2022-09-30 13:41:00,832 [grpc-default-executor-6] INFO  server.RaftServer (RaftServerProxy.java:addNew(96)) - 667118c9-2086-46d8-bebb-14ab86077656: addNew group-44C64A0B4B82:[2ebbe601-d5be-40a5-8ef8-5fe69b71d197|rpc:10.1.0.210:37421|dataStream:|priority:0, 1abef520-eeaa-4e7a-a2f3-4eef6d213e0d|rpc:10.1.0.210:45505|dataStream:|priority:0, 667118c9-2086-46d8-bebb-14ab86077656|rpc:10.1.0.210:34109|dataStream:|priority:1] returns group-44C64A0B4B82:java.util.concurrent.CompletableFuture@701adb52[Not completed]
2022-09-30 13:41:00,834 [Command processor thread] INFO  keyvalue.KeyValueContainer (KeyValueContainer.java:flushAndSyncDB(436)) - Container 3 is synced with bcsId 68.
2022-09-30 13:41:00,834 [Command processor thread] INFO  keyvalue.KeyValueContainer (KeyValueContainer.java:flushAndSyncDB(436)) - Container 3 is synced with bcsId 68.
2022-09-30 13:41:00,835 [pool-425-thread-1] INFO  server.RaftServer$Division (RaftServerImpl.java:<init>(190)) - 667118c9-2086-46d8-bebb-14ab86077656: new RaftServerImpl for group-44C64A0B4B82:[2ebbe601-d5be-40a5-8ef8-5fe69b71d197|rpc:10.1.0.210:37421|dataStream:|priority:0, 1abef520-eeaa-4e7a-a2f3-4eef6d213e0d|rpc:10.1.0.210:45505|dataStream:|priority:0, 667118c9-2086-46d8-bebb-14ab86077656|rpc:10.1.0.210:34109|dataStream:|priority:1] with ContainerStateMachine:uninitialized
2022-09-30 13:41:00,835 [pool-425-thread-1] INFO  server.RaftServerConfigKeys (ConfUtils.java:logGet(46)) - raft.server.rpc.timeout.min = 5s (custom)
2022-09-30 13:41:00,835 [pool-425-thread-1] INFO  server.RaftServerConfigKeys (ConfUtils.java:logGet(46)) - raft.server.rpc.timeout.max = 5200ms (custom)
2022-09-30 13:41:00,835 [pool-425-thread-1] INFO  server.RaftServerConfigKeys (ConfUtils.java:logGet(46)) - raft.server.rpc.sleep.time = 25ms (default)
2022-09-30 13:41:00,835 [pool-425-thread-1] INFO  server.RaftServerConfigKeys (ConfUtils.java:logGet(46)) - raft.server.rpc.slowness.timeout = 300s (custom)
2022-09-30 13:41:00,836 [pool-425-thread-1] INFO  server.RaftServerConfigKeys (ConfUtils.java:logGet(46)) - raft.server.leaderelection.leader.step-down.wait-time = 10s (default)
2022-09-30 13:41:00,836 [pool-425-thread-1] INFO  server.RaftServerConfigKeys (ConfUtils.java:logGet(46)) - raft.server.sleep.deviation.threshold = 300ms (default)
2022-09-30 13:41:00,836 [pool-425-thread-1] INFO  server.RaftServer$Division (ServerState.java:<init>(107)) - 667118c9-2086-46d8-bebb-14ab86077656@group-44C64A0B4B82: ConfigurationManager, init=-1: [2ebbe601-d5be-40a5-8ef8-5fe69b71d197|rpc:10.1.0.210:37421|dataStream:|priority:0, 1abef520-eeaa-4e7a-a2f3-4eef6d213e0d|rpc:10.1.0.210:45505|dataStream:|priority:0, 667118c9-2086-46d8-bebb-14ab86077656|rpc:10.1.0.210:34109|dataStream:|priority:1], old=null, confs=<EMPTY_MAP>
2022-09-30 13:41:00,836 [pool-425-thread-1] INFO  server.RaftServerConfigKeys (ConfUtils.java:logGet(46)) - raft.server.storage.dir = [/home/runner/work/ozone/ozone/hadoop-ozone/integration-test/target/test-dir/MiniOzoneClusterImpl-b8847c17-62d3-4307-a1ed-7c038275c3d3/datanode-2/data/ratis] (custom)
2022-09-30 13:41:00,836 [pool-425-thread-1] INFO  server.RaftServerConfigKeys (ConfUtils.java:logGet(46)) - raft.server.log.corruption.policy = EXCEPTION (default)
2022-09-30 13:41:00,836 [pool-425-thread-1] INFO  server.RaftServerConfigKeys (ConfUtils.java:logGet(46)) - raft.server.storage.free-space.min = 0MB (=0) (default)
2022-09-30 13:41:00,836 [pool-425-thread-1] INFO  storage.RaftStorageDirectory (RaftStorageDirectoryImpl.java:analyzeStorage(135)) - The storage directory /home/runner/work/ozone/ozone/hadoop-ozone/integration-test/target/test-dir/MiniOzoneClusterImpl-b8847c17-62d3-4307-a1ed-7c038275c3d3/datanode-2/data/ratis/9d594d7e-d210-4d1e-a3b6-44c64a0b4b82 does not exist. Creating ...
2022-09-30 13:41:00,838 [FixedThreadPoolWithAffinityExecutor-0-0] INFO  container.IncrementalContainerReportHandler (AbstractContainerReportHandler.java:updateContainerState(285)) - Moving container #3 to QUASI_CLOSED state, datanode 63487312-87aa-4652-9988-76e01a899b42{ip: 10.1.0.210, host: fv-az264-432.ca02foy5wcnuvlrvrz2wi3p2og.dx.internal.cloudapp.net, ports: [REPLICATION=33927, RATIS=39059, RATIS_ADMIN=39059, RATIS_SERVER=39059, STANDALONE=46255], networkLocation: /default-rack, certSerialId: null, persistedOpState: DECOMMISSIONING, persistedOpStateExpiryEpochSec: 0} reported QUASI_CLOSED replica.
2022-09-30 13:41:00,841 [pool-425-thread-1] INFO  storage.RaftStorageDirectory (RaftStorageDirectoryImpl.java:tryLock(230)) - Lock on /home/runner/work/ozone/ozone/hadoop-ozone/integration-test/target/test-dir/MiniOzoneClusterImpl-b8847c17-62d3-4307-a1ed-7c038275c3d3/datanode-2/data/ratis/9d594d7e-d210-4d1e-a3b6-44c64a0b4b82/in_use.lock acquired by nodename 61277@fv-az264-432
2022-09-30 13:41:00,844 [pool-425-thread-1] INFO  storage.RaftStorage (RaftStorageImpl.java:format(89)) - Storage directory /home/runner/work/ozone/ozone/hadoop-ozone/integration-test/target/test-dir/MiniOzoneClusterImpl-b8847c17-62d3-4307-a1ed-7c038275c3d3/datanode-2/data/ratis/9d594d7e-d210-4d1e-a3b6-44c64a0b4b82 has been successfully formatted.
2022-09-30 13:41:00,846 [pool-425-thread-1] INFO  ratis.ContainerStateMachine (ContainerStateMachine.java:loadSnapshot(236)) - group-44C64A0B4B82: The snapshot info is null. Setting the last applied indexto:(t:0, i:~)
2022-09-30 13:41:00,846 [pool-425-thread-1] INFO  server.RaftServerConfigKeys (ConfUtils.java:logGet(46)) - raft.server.notification.no-leader.timeout = 300s (custom)
2022-09-30 13:41:00,846 [pool-425-thread-1] INFO  server.RaftServerConfigKeys (ConfUtils.java:logGet(46)) - raft.server.log.use.memory = false (default)
2022-09-30 13:41:00,847 [pool-425-thread-1] INFO  server.RaftServerConfigKeys (ConfUtils.java:logGet(46)) - raft.server.log.purge.gap = 1000000 (custom)
2022-09-30 13:41:00,847 [pool-425-thread-1] INFO  server.RaftServerConfigKeys (ConfUtils.java:logGet(46)) - raft.server.log.appender.buffer.byte-limit = 33554432 (custom)
2022-09-30 13:41:00,847 [pool-425-thread-1] INFO  server.RaftServerConfigKeys (ConfUtils.java:logGet(46)) - raft.server.log.statemachine.data.read.timeout = 1000ms (default)
2022-09-30 13:41:00,847 [pool-425-thread-1] INFO  server.RaftServerConfigKeys (ConfUtils.java:logGet(46)) - raft.server.log.segment.size.max = 1048576 (custom)
2022-09-30 13:41:00,851 [pool-425-thread-1] INFO  server.RaftServerConfigKeys (ConfUtils.java:logGet(46)) - raft.server.log.segment.cache.num.max = 2 (custom)
2022-09-30 13:41:00,851 [pool-425-thread-1] INFO  server.RaftServerConfigKeys (ConfUtils.java:logGet(46)) - raft.server.log.segment.cache.size.max = 200MB (=209715200) (default)
2022-09-30 13:41:00,851 [pool-425-thread-1] INFO  segmented.SegmentedRaftLogWorker (SegmentedRaftLogWorker.java:<init>(187)) - new 667118c9-2086-46d8-bebb-14ab86077656@group-44C64A0B4B82-SegmentedRaftLogWorker for RaftStorageImpl:Storage Directory /home/runner/work/ozone/ozone/hadoop-ozone/integration-test/target/test-dir/MiniOzoneClusterImpl-b8847c17-62d3-4307-a1ed-7c038275c3d3/datanode-2/data/ratis/9d594d7e-d210-4d1e-a3b6-44c64a0b4b82
2022-09-30 13:41:00,851 [pool-425-thread-1] INFO  server.RaftServerConfigKeys (ConfUtils.java:logGet(46)) - raft.server.log.queue.byte-limit = 4294967296 (custom)
2022-09-30 13:41:00,851 [pool-425-thread-1] INFO  server.RaftServerConfigKeys (ConfUtils.java:logGet(46)) - raft.server.log.queue.element-limit = 1024 (custom)
2022-09-30 13:41:00,851 [pool-425-thread-1] INFO  server.RaftServerConfigKeys (ConfUtils.java:logGet(46)) - raft.server.log.segment.size.max = 1048576 (custom)
2022-09-30 13:41:00,851 [pool-425-thread-1] INFO  server.RaftServerConfigKeys (ConfUtils.java:logGet(46)) - raft.server.log.preallocated.size = 16384 (custom)
2022-09-30 13:41:00,851 [pool-425-thread-1] INFO  server.RaftServerConfigKeys (ConfUtils.java:logGet(46)) - raft.server.log.force.sync.num = 128 (default)
2022-09-30 13:41:00,851 [pool-425-thread-1] INFO  server.RaftServerConfigKeys (ConfUtils.java:logGet(46)) - raft.server.log.statemachine.data.sync = true (default)
2022-09-30 13:41:00,852 [pool-425-thread-1] INFO  server.RaftServerConfigKeys (ConfUtils.java:logGet(46)) - raft.server.log.statemachine.data.sync.timeout = 10s (default)
2022-09-30 13:41:00,852 [pool-425-thread-1] INFO  server.RaftServerConfigKeys (ConfUtils.java:logGet(46)) - raft.server.log.statemachine.data.sync.timeout.retry = -1 (default)
2022-09-30 13:41:00,853 [pool-425-thread-1] INFO  server.RaftServerConfigKeys (ConfUtils.java:logGet(46)) - raft.server.log.write.buffer.size = 1048576 (custom)
2022-09-30 13:41:00,855 [pool-425-thread-1] INFO  server.RaftServerConfigKeys (ConfUtils.java:logGet(46)) - raft.server.log.unsafe-flush.enabled = false (default)
2022-09-30 13:41:00,855 [pool-425-thread-1] INFO  server.RaftServerConfigKeys (ConfUtils.java:logGet(46)) - raft.server.log.statemachine.data.caching.enabled = true (custom)
2022-09-30 13:41:00,855 [pool-425-thread-1] INFO  segmented.SegmentedRaftLogWorker (SegmentedRaftLogWorker.java:lambda$new$0(135)) - 667118c9-2086-46d8-bebb-14ab86077656@group-44C64A0B4B82-SegmentedRaftLogWorker: flushIndex: setUnconditionally 0 -> -1
2022-09-30 13:41:00,855 [pool-425-thread-1] INFO  segmented.SegmentedRaftLogWorker (SegmentedRaftLogWorker.java:lambda$new$0(135)) - 667118c9-2086-46d8-bebb-14ab86077656@group-44C64A0B4B82-SegmentedRaftLogWorker: safeCacheEvictIndex: setUnconditionally 0 -> -1
2022-09-30 13:41:00,855 [pool-425-thread-1] INFO  server.RaftServerConfigKeys (ConfUtils.java:logGet(46)) - raft.server.snapshot.auto.trigger.enabled = true (custom)
2022-09-30 13:41:00,855 [pool-425-thread-1] INFO  server.RaftServerConfigKeys (ConfUtils.java:logGet(46)) - raft.server.snapshot.auto.trigger.threshold = 10000 (custom)
2022-09-30 13:41:00,855 [pool-425-thread-1] INFO  server.RaftServerConfigKeys (ConfUtils.java:logGet(46)) - raft.server.snapshot.retention.file.num = 5 (custom)
2022-09-30 13:41:00,855 [pool-425-thread-1] INFO  server.RaftServerConfigKeys (ConfUtils.java:logGet(46)) - raft.server.log.purge.upto.snapshot.index = false (default)
2022-09-30 13:41:00,855 [pool-425-thread-1] INFO  server.RaftServerConfigKeys (ConfUtils.java:logGet(46)) - raft.server.retrycache.expirytime = 600000ms (custom)
2022-09-30 13:41:00,855 [pool-425-thread-1] INFO  server.RaftServerConfigKeys (ConfUtils.java:logGet(46)) - raft.server.retrycache.statistics.expirytime = 100μs (default)
2022-09-30 13:41:00,856 [Command processor thread] INFO  server.RaftServer$Division (RaftServerImpl.java:groupRemove(404)) - 63487312-87aa-4652-9988-76e01a899b42@group-3F213833E1F5: Succeed to remove RaftStorageDirectory Storage Directory /home/runner/work/ozone/ozone/hadoop-ozone/integration-test/target/test-dir/MiniOzoneClusterImpl-8c4c252e-cda6-42f5-b80f-9d168f3e16cf/datanode-1/data/ratis/9504cae7-2c67-458d-bacc-3f213833e1f5
2022-09-30 13:41:00,856 [Command processor thread] INFO  commandhandler.ClosePipelineCommandHandler (ClosePipelineCommandHandler.java:handle(78)) - Close Pipeline PipelineID=9504cae7-2c67-458d-bacc-3f213833e1f5 command on datanode 63487312-87aa-4652-9988-76e01a899b42.
2022-09-30 13:41:00,857 [pool-425-thread-1] INFO  server.RaftServerConfigKeys (ConfUtils.java:logGet(46)) - raft.server.log.appender.install.snapshot.enabled = false (custom)
2022-09-30 13:41:00,857 [pool-425-thread-1] INFO  server.RaftServerConfigKeys (ConfUtils.java:logGet(46)) - raft.server.threadpool.server.cached = true (default)
2022-09-30 13:41:00,857 [pool-425-thread-1] INFO  server.RaftServerConfigKeys (ConfUtils.java:logGet(46)) - raft.server.threadpool.server.size = 0 (default)
2022-09-30 13:41:00,857 [pool-425-thread-1] INFO  server.RaftServerConfigKeys (ConfUtils.java:logGet(46)) - raft.server.threadpool.client.cached = true (default)
2022-09-30 13:41:00,857 [pool-425-thread-1] INFO  server.RaftServerConfigKeys (ConfUtils.java:logGet(46)) - raft.server.threadpool.client.size = 0 (default)
2022-09-30 13:41:00,857 [pool-425-thread-1] INFO  server.RaftServer$Division (RaftServerImpl.java:start(310)) - 667118c9-2086-46d8-bebb-14ab86077656@group-44C64A0B4B82: start as a follower, conf=-1: [2ebbe601-d5be-40a5-8ef8-5fe69b71d197|rpc:10.1.0.210:37421|dataStream:|priority:0, 1abef520-eeaa-4e7a-a2f3-4eef6d213e0d|rpc:10.1.0.210:45505|dataStream:|priority:0, 667118c9-2086-46d8-bebb-14ab86077656|rpc:10.1.0.210:34109|dataStream:|priority:1], old=null
2022-09-30 13:41:00,858 [pool-425-thread-1] INFO  server.RaftServer$Division (RaftServerImpl.java:setRole(299)) - 667118c9-2086-46d8-bebb-14ab86077656@group-44C64A0B4B82: changes role from      null to FOLLOWER at term 0 for startAsFollower
2022-09-30 13:41:00,858 [pool-425-thread-1] INFO  impl.RoleInfo (RoleInfo.java:updateAndGet(139)) - 667118c9-2086-46d8-bebb-14ab86077656: start 667118c9-2086-46d8-bebb-14ab86077656@group-44C64A0B4B82-FollowerState
2022-09-30 13:41:00,860 [pool-425-thread-1] INFO  util.JmxRegister (JmxRegister.java:tryRegister(44)) - Successfully registered JMX Bean with object name Ratis:service=RaftServer,group=group-44C64A0B4B82,id=667118c9-2086-46d8-bebb-14ab86077656
2022-09-30 13:41:00,869 [Command processor thread] INFO  keyvalue.KeyValueContainer (KeyValueContainer.java:flushAndSyncDB(436)) - Container 7 is synced with bcsId 0.
2022-09-30 13:41:00,870 [Command processor thread] INFO  keyvalue.KeyValueContainer (KeyValueContainer.java:flushAndSyncDB(436)) - Container 7 is synced with bcsId 0.
2022-09-30 13:41:00,875 [Command processor thread] INFO  commandhandler.CloseContainerCommandHandler (CloseContainerCommandHandler.java:handle(112)) - Marking Container 7 quasi closed
2022-09-30 13:41:00,877 [Command processor thread] INFO  commandhandler.CreatePipelineCommandHandler (CreatePipelineCommandHandler.java:handle(113)) - Created Pipeline RATIS THREE PipelineID=9d594d7e-d210-4d1e-a3b6-44c64a0b4b82.
2022-09-30 13:41:00,878 [FixedThreadPoolWithAffinityExecutor-8-0] INFO  container.IncrementalContainerReportHandler (AbstractContainerReportHandler.java:updateContainerState(285)) - Moving container #7 to QUASI_CLOSED state, datanode 63487312-87aa-4652-9988-76e01a899b42{ip: 10.1.0.210, host: fv-az264-432.ca02foy5wcnuvlrvrz2wi3p2og.dx.internal.cloudapp.net, ports: [REPLICATION=33927, RATIS=39059, RATIS_ADMIN=39059, RATIS_SERVER=39059, STANDALONE=46255], networkLocation: /default-rack, certSerialId: null, persistedOpState: DECOMMISSIONING, persistedOpStateExpiryEpochSec: 0} reported QUASI_CLOSED replica.
2022-09-30 13:41:00,879 [Command processor thread] INFO  keyvalue.KeyValueContainer (KeyValueContainer.java:flushAndSyncDB(436)) - Container 7 is synced with bcsId 0.
2022-09-30 13:41:00,879 [Command processor thread] INFO  keyvalue.KeyValueContainer (KeyValueContainer.java:flushAndSyncDB(436)) - Container 7 is synced with bcsId 0.
2022-09-30 13:41:00,882 [Command processor thread] INFO  keyvalue.KeyValueContainer (KeyValueContainer.java:close(351)) - Container 7 is closed with bcsId 0.
2022-09-30 13:41:00,884 [FixedThreadPoolWithAffinityExecutor-9-0] INFO  container.IncrementalContainerReportHandler (AbstractContainerReportHandler.java:updateContainerState(318)) - Moving container #7 to CLOSED state, datanode 63487312-87aa-4652-9988-76e01a899b42{ip: 10.1.0.210, host: fv-az264-432.ca02foy5wcnuvlrvrz2wi3p2og.dx.internal.cloudapp.net, ports: [REPLICATION=33927, RATIS=39059, RATIS_ADMIN=39059, RATIS_SERVER=39059, STANDALONE=46255], networkLocation: /default-rack, certSerialId: null, persistedOpState: DECOMMISSIONING, persistedOpStateExpiryEpochSec: 0} reported CLOSED replica.
2022-09-30 13:41:00,897 [Command processor thread] INFO  keyvalue.KeyValueContainer (KeyValueContainer.java:flushAndSyncDB(436)) - Container 4 is synced with bcsId 0.
2022-09-30 13:41:00,897 [Command processor thread] INFO  keyvalue.KeyValueContainer (KeyValueContainer.java:flushAndSyncDB(436)) - Container 4 is synced with bcsId 0.
2022-09-30 13:41:00,900 [Command processor thread] INFO  keyvalue.KeyValueContainer (KeyValueContainer.java:close(351)) - Container 4 is closed with bcsId 0.
2022-09-30 13:41:00,903 [Command processor thread] INFO  server.RaftServer (RaftServerProxy.java:remove(107)) - 63487312-87aa-4652-9988-76e01a899b42: remove    LEADER 63487312-87aa-4652-9988-76e01a899b42@group-B099DF3793EF:t1, leader=63487312-87aa-4652-9988-76e01a899b42, voted=63487312-87aa-4652-9988-76e01a899b42, raftlog=63487312-87aa-4652-9988-76e01a899b42@group-B099DF3793EF-SegmentedRaftLog:OPENED:c0, conf=0: [63487312-87aa-4652-9988-76e01a899b42|rpc:10.1.0.210:39059|dataStream:|priority:1], old=null RUNNING
2022-09-30 13:41:00,906 [FixedThreadPoolWithAffinityExecutor-8-0] INFO  container.IncrementalContainerReportHandler (AbstractContainerReportHandler.java:updateContainerState(292)) - Moving container #4 to CLOSED state, datanode 63487312-87aa-4652-9988-76e01a899b42{ip: 10.1.0.210, host: fv-az264-432.ca02foy5wcnuvlrvrz2wi3p2og.dx.internal.cloudapp.net, ports: [REPLICATION=33927, RATIS=39059, RATIS_ADMIN=39059, RATIS_SERVER=39059, STANDALONE=46255], networkLocation: /default-rack, certSerialId: null, persistedOpState: DECOMMISSIONING, persistedOpStateExpiryEpochSec: 0} reported CLOSED replica.
2022-09-30 13:41:00,908 [Command processor thread] INFO  server.RaftServer$Division (RaftServerImpl.java:lambda$close$4(434)) - 63487312-87aa-4652-9988-76e01a899b42@group-B099DF3793EF: shutdown
2022-09-30 13:41:00,908 [Command processor thread] INFO  util.JmxRegister (JmxRegister.java:unregister(73)) - Successfully un-registered JMX Bean with object name Ratis:service=RaftServer,group=group-B099DF3793EF,id=63487312-87aa-4652-9988-76e01a899b42
2022-09-30 13:41:00,908 [Command processor thread] INFO  impl.RoleInfo (RoleInfo.java:shutdownLeaderState(93)) - 63487312-87aa-4652-9988-76e01a899b42: shutdown 63487312-87aa-4652-9988-76e01a899b42@group-B099DF3793EF-LeaderStateImpl
2022-09-30 13:41:00,909 [Command processor thread] INFO  impl.PendingRequests (PendingRequests.java:sendNotLeaderResponses(282)) - 63487312-87aa-4652-9988-76e01a899b42@group-B099DF3793EF-PendingRequests: sendNotLeaderResponses
2022-09-30 13:41:00,912 [Command processor thread] INFO  impl.StateMachineUpdater (StateMachineUpdater.java:stopAndJoin(153)) - 63487312-87aa-4652-9988-76e01a899b42@group-B099DF3793EF-StateMachineUpdater: set stopIndex = 0
2022-09-30 13:41:00,912 [63487312-87aa-4652-9988-76e01a899b42@group-B099DF3793EF-StateMachineUpdater] INFO  ratis.ContainerStateMachine (ContainerStateMachine.java:takeSnapshot(304)) - group-B099DF3793EF: Taking a snapshot at:(t:1, i:0) file /home/runner/work/ozone/ozone/hadoop-ozone/integration-test/target/test-dir/MiniOzoneClusterImpl-8c4c252e-cda6-42f5-b80f-9d168f3e16cf/datanode-1/data/ratis/d8dba568-5b0a-48c5-8536-b099df3793ef/sm/snapshot.1_0
2022-09-30 13:41:00,913 [63487312-87aa-4652-9988-76e01a899b42@group-B099DF3793EF-StateMachineUpdater] INFO  ratis.ContainerStateMachine (ContainerStateMachine.java:takeSnapshot(315)) - group-B099DF3793EF: Finished taking a snapshot at:(t:1, i:0) file:/home/runner/work/ozone/ozone/hadoop-ozone/integration-test/target/test-dir/MiniOzoneClusterImpl-8c4c252e-cda6-42f5-b80f-9d168f3e16cf/datanode-1/data/ratis/d8dba568-5b0a-48c5-8536-b099df3793ef/sm/snapshot.1_0 took: 1 ms
2022-09-30 13:41:00,913 [63487312-87aa-4652-9988-76e01a899b42@group-B099DF3793EF-StateMachineUpdater] INFO  impl.StateMachineUpdater (StateMachineUpdater.java:takeSnapshot(287)) - 63487312-87aa-4652-9988-76e01a899b42@group-B099DF3793EF-StateMachineUpdater: Took a snapshot at index 0
2022-09-30 13:41:00,913 [63487312-87aa-4652-9988-76e01a899b42@group-B099DF3793EF-StateMachineUpdater] INFO  impl.StateMachineUpdater (StateMachineUpdater.java:lambda$new$0(92)) - 63487312-87aa-4652-9988-76e01a899b42@group-B099DF3793EF-StateMachineUpdater: snapshotIndex: updateIncreasingly -1 -> 0
2022-09-30 13:41:00,914 [Command processor thread] INFO  server.RaftServer$Division (ServerState.java:close(429)) - 63487312-87aa-4652-9988-76e01a899b42@group-B099DF3793EF: closes. applyIndex: 0
2022-09-30 13:41:00,914 [63487312-87aa-4652-9988-76e01a899b42@group-B099DF3793EF-SegmentedRaftLogWorker] INFO  segmented.SegmentedRaftLogWorker (SegmentedRaftLogWorker.java:run(336)) - 63487312-87aa-4652-9988-76e01a899b42@group-B099DF3793EF-SegmentedRaftLogWorker was interrupted, exiting. There are 0 tasks remaining in the queue.
2022-09-30 13:41:00,914 [Command processor thread] INFO  segmented.SegmentedRaftLogWorker (SegmentedRaftLogWorker.java:close(246)) - 63487312-87aa-4652-9988-76e01a899b42@group-B099DF3793EF-SegmentedRaftLogWorker close()
2022-09-30 13:41:00,920 [Command processor thread] INFO  server.RaftServer$Division (RaftServerImpl.java:groupRemove(404)) - 63487312-87aa-4652-9988-76e01a899b42@group-B099DF3793EF: Succeed to remove RaftStorageDirectory Storage Directory /home/runner/work/ozone/ozone/hadoop-ozone/integration-test/target/test-dir/MiniOzoneClusterImpl-8c4c252e-cda6-42f5-b80f-9d168f3e16cf/datanode-1/data/ratis/d8dba568-5b0a-48c5-8536-b099df3793ef
2022-09-30 13:41:00,920 [Command processor thread] INFO  commandhandler.ClosePipelineCommandHandler (ClosePipelineCommandHandler.java:handle(78)) - Close Pipeline PipelineID=d8dba568-5b0a-48c5-8536-b099df3793ef command on datanode 63487312-87aa-4652-9988-76e01a899b42.
2022-09-30 13:41:00,925 [Command processor thread] INFO  keyvalue.KeyValueContainer (KeyValueContainer.java:flushAndSyncDB(436)) - Container 6 is synced with bcsId 0.
2022-09-30 13:41:00,925 [Command processor thread] INFO  keyvalue.KeyValueContainer (KeyValueContainer.java:flushAndSyncDB(436)) - Container 6 is synced with bcsId 0.
2022-09-30 13:41:00,927 [Command processor thread] INFO  keyvalue.KeyValueContainer (KeyValueContainer.java:close(351)) - Container 6 is closed with bcsId 0.
2022-09-30 13:41:00,928 [ReplicationMonitor] INFO  replication.ReplicationManager (ReplicationManager.java:processAll(291)) - Replication Manager is not ready to run until 3000ms after safemode exit
2022-09-30 13:41:00,929 [FixedThreadPoolWithAffinityExecutor-0-0] INFO  container.IncrementalContainerReportHandler (AbstractContainerReportHandler.java:updateContainerState(292)) - Moving container #6 to CLOSED state, datanode 63487312-87aa-4652-9988-76e01a899b42{ip: 10.1.0.210, host: fv-az264-432.ca02foy5wcnuvlrvrz2wi3p2og.dx.internal.cloudapp.net, ports: [REPLICATION=33927, RATIS=39059, RATIS_ADMIN=39059, RATIS_SERVER=39059, STANDALONE=46255], networkLocation: /default-rack, certSerialId: null, persistedOpState: DECOMMISSIONING, persistedOpStateExpiryEpochSec: 0} reported CLOSED replica.
2022-09-30 13:41:00,969 [Under Replicated Processor] INFO  replication.UnderReplicatedProcessor (UnderReplicatedProcessor.java:processAll(92)) - Processed 0 under replicated containers, failed processing 0
2022-09-30 13:41:01,002 [DatanodeAdminManager-0] INFO  node.DatanodeAdminMonitorImpl (DatanodeAdminMonitorImpl.java:checkContainersReplicatedOnNode(306)) - Under Replicated Container #6 org.apache.hadoop.hdds.scm.container.replication.ECContainerReplicaCount@71142780; Replicas{ContainerReplica{containerID=#6, state=OPEN, datanodeDetails=542c7706-6f03-4002-aadb-418c9fc9cb26{ip: 10.1.0.210, host: fv-az264-432.ca02foy5wcnuvlrvrz2wi3p2og.dx.internal.cloudapp.net, ports: [REPLICATION=42815, RATIS=37931, RATIS_ADMIN=37931, RATIS_SERVER=37931, STANDALONE=38243], networkLocation: /default-rack, certSerialId: null, persistedOpState: IN_SERVICE, persistedOpStateExpiryEpochSec: 0}, placeOfBirth=542c7706-6f03-4002-aadb-418c9fc9cb26, sequenceId=0, keyCount=6, bytesUsed=114,replicaIndex=5},ContainerReplica{containerID=#6, state=OPEN, datanodeDetails=93a726fc-a128-4d5e-9b28-98a1d7a8eb0c{ip: 10.1.0.210, host: fv-az264-432.ca02foy5wcnuvlrvrz2wi3p2og.dx.internal.cloudapp.net, ports: [REPLICATION=34975, RATIS=43289, RATIS_ADMIN=43289, RATIS_SERVER=43289, STANDALONE=44081], networkLocation: /default-rack, certSerialId: null, persistedOpState: IN_SERVICE, persistedOpStateExpiryEpochSec: 0}, placeOfBirth=93a726fc-a128-4d5e-9b28-98a1d7a8eb0c, sequenceId=0, keyCount=6, bytesUsed=114,replicaIndex=1},ContainerReplica{containerID=#6, state=OPEN, datanodeDetails=43811407-7c21-4fcd-ab69-dbd9b60ed504{ip: 10.1.0.210, host: fv-az264-432.ca02foy5wcnuvlrvrz2wi3p2og.dx.internal.cloudapp.net, ports: [REPLICATION=35185, RATIS=42941, RATIS_ADMIN=42941, RATIS_SERVER=42941, STANDALONE=35079], networkLocation: /default-rack, certSerialId: null, persistedOpState: IN_SERVICE, persistedOpStateExpiryEpochSec: 0}, placeOfBirth=43811407-7c21-4fcd-ab69-dbd9b60ed504, sequenceId=0, keyCount=6, bytesUsed=0,replicaIndex=2},ContainerReplica{containerID=#6, state=CLOSED, datanodeDetails=63487312-87aa-4652-9988-76e01a899b42{ip: 10.1.0.210, host: fv-az264-432.ca02foy5wcnuvlrvrz2wi3p2og.dx.internal.cloudapp.net, ports: [REPLICATION=33927, RATIS=39059, RATIS_ADMIN=39059, RATIS_SERVER=39059, STANDALONE=46255], networkLocation: /default-rack, certSerialId: null, persistedOpState: DECOMMISSIONING, persistedOpStateExpiryEpochSec: 0}, placeOfBirth=63487312-87aa-4652-9988-76e01a899b42, sequenceId=0, keyCount=6, bytesUsed=0,replicaIndex=3},ContainerReplica{containerID=#6, state=OPEN, datanodeDetails=97e8c787-6023-4421-819a-0b5ced458c94{ip: 10.1.0.210, host: fv-az264-432.ca02foy5wcnuvlrvrz2wi3p2og.dx.internal.cloudapp.net, ports: [REPLICATION=41907, RATIS=36437, RATIS_ADMIN=36437, RATIS_SERVER=36437, STANDALONE=34177], networkLocation: /default-rack, certSerialId: null, persistedOpState: IN_SERVICE, persistedOpStateExpiryEpochSec: 0}, placeOfBirth=97e8c787-6023-4421-819a-0b5ced458c94, sequenceId=0, keyCount=6, bytesUsed=114,replicaIndex=4}}
2022-09-30 13:41:01,003 [DatanodeAdminManager-0] INFO  node.DatanodeAdminMonitorImpl (DatanodeAdminMonitorImpl.java:checkContainersReplicatedOnNode(317)) - Unhealthy Container #6 org.apache.hadoop.hdds.scm.container.replication.ECContainerReplicaCount@71142780; Replicas{ContainerReplica{containerID=#6, state=OPEN, datanodeDetails=542c7706-6f03-4002-aadb-418c9fc9cb26{ip: 10.1.0.210, host: fv-az264-432.ca02foy5wcnuvlrvrz2wi3p2og.dx.internal.cloudapp.net, ports: [REPLICATION=42815, RATIS=37931, RATIS_ADMIN=37931, RATIS_SERVER=37931, STANDALONE=38243], networkLocation: /default-rack, certSerialId: null, persistedOpState: IN_SERVICE, persistedOpStateExpiryEpochSec: 0}, placeOfBirth=542c7706-6f03-4002-aadb-418c9fc9cb26, sequenceId=0, keyCount=6, bytesUsed=114,replicaIndex=5},ContainerReplica{containerID=#6, state=OPEN, datanodeDetails=93a726fc-a128-4d5e-9b28-98a1d7a8eb0c{ip: 10.1.0.210, host: fv-az264-432.ca02foy5wcnuvlrvrz2wi3p2og.dx.internal.cloudapp.net, ports: [REPLICATION=34975, RATIS=43289, RATIS_ADMIN=43289, RATIS_SERVER=43289, STANDALONE=44081], networkLocation: /default-rack, certSerialId: null, persistedOpState: IN_SERVICE, persistedOpStateExpiryEpochSec: 0}, placeOfBirth=93a726fc-a128-4d5e-9b28-98a1d7a8eb0c, sequenceId=0, keyCount=6, bytesUsed=114,replicaIndex=1},ContainerReplica{containerID=#6, state=OPEN, datanodeDetails=43811407-7c21-4fcd-ab69-dbd9b60ed504{ip: 10.1.0.210, host: fv-az264-432.ca02foy5wcnuvlrvrz2wi3p2og.dx.internal.cloudapp.net, ports: [REPLICATION=35185, RATIS=42941, RATIS_ADMIN=42941, RATIS_SERVER=42941, STANDALONE=35079], networkLocation: /default-rack, certSerialId: null, persistedOpState: IN_SERVICE, persistedOpStateExpiryEpochSec: 0}, placeOfBirth=43811407-7c21-4fcd-ab69-dbd9b60ed504, sequenceId=0, keyCount=6, bytesUsed=0,replicaIndex=2},ContainerReplica{containerID=#6, state=CLOSED, datanodeDetails=63487312-87aa-4652-9988-76e01a899b42{ip: 10.1.0.210, host: fv-az264-432.ca02foy5wcnuvlrvrz2wi3p2og.dx.internal.cloudapp.net, ports: [REPLICATION=33927, RATIS=39059, RATIS_ADMIN=39059, RATIS_SERVER=39059, STANDALONE=46255], networkLocation: /default-rack, certSerialId: null, persistedOpState: DECOMMISSIONING, persistedOpStateExpiryEpochSec: 0}, placeOfBirth=63487312-87aa-4652-9988-76e01a899b42, sequenceId=0, keyCount=6, bytesUsed=0,replicaIndex=3},ContainerReplica{containerID=#6, state=OPEN, datanodeDetails=97e8c787-6023-4421-819a-0b5ced458c94{ip: 10.1.0.210, host: fv-az264-432.ca02foy5wcnuvlrvrz2wi3p2og.dx.internal.cloudapp.net, ports: [REPLICATION=41907, RATIS=36437, RATIS_ADMIN=36437, RATIS_SERVER=36437, STANDALONE=34177], networkLocation: /default-rack, certSerialId: null, persistedOpState: IN_SERVICE, persistedOpStateExpiryEpochSec: 0}, placeOfBirth=97e8c787-6023-4421-819a-0b5ced458c94, sequenceId=0, keyCount=6, bytesUsed=114,replicaIndex=4}}
2022-09-30 13:41:01,004 [DatanodeAdminManager-0] INFO  node.DatanodeAdminMonitorImpl (DatanodeAdminMonitorImpl.java:checkContainersReplicatedOnNode(306)) - Under Replicated Container #7 org.apache.hadoop.hdds.scm.container.replication.ECContainerReplicaCount@3ee8ca94; Replicas{ContainerReplica{containerID=#7, state=CLOSED, datanodeDetails=63487312-87aa-4652-9988-76e01a899b42{ip: 10.1.0.210, host: fv-az264-432.ca02foy5wcnuvlrvrz2wi3p2og.dx.internal.cloudapp.net, ports: [REPLICATION=33927, RATIS=39059, RATIS_ADMIN=39059, RATIS_SERVER=39059, STANDALONE=46255], networkLocation: /default-rack, certSerialId: null, persistedOpState: DECOMMISSIONING, persistedOpStateExpiryEpochSec: 0}, placeOfBirth=63487312-87aa-4652-9988-76e01a899b42, sequenceId=0, keyCount=5, bytesUsed=95,replicaIndex=4},ContainerReplica{containerID=#7, state=OPEN, datanodeDetails=93a726fc-a128-4d5e-9b28-98a1d7a8eb0c{ip: 10.1.0.210, host: fv-az264-432.ca02foy5wcnuvlrvrz2wi3p2og.dx.internal.cloudapp.net, ports: [REPLICATION=34975, RATIS=43289, RATIS_ADMIN=43289, RATIS_SERVER=43289, STANDALONE=44081], networkLocation: /default-rack, certSerialId: null, persistedOpState: IN_SERVICE, persistedOpStateExpiryEpochSec: 0}, placeOfBirth=93a726fc-a128-4d5e-9b28-98a1d7a8eb0c, sequenceId=0, keyCount=5, bytesUsed=95,replicaIndex=1},ContainerReplica{containerID=#7, state=OPEN, datanodeDetails=62666bfa-5b48-4194-8431-0a6941154381{ip: 10.1.0.210, host: fv-az264-432.ca02foy5wcnuvlrvrz2wi3p2og.dx.internal.cloudapp.net, ports: [REPLICATION=41651, RATIS=41785, RATIS_ADMIN=41785, RATIS_SERVER=41785, STANDALONE=43973], networkLocation: /default-rack, certSerialId: null, persistedOpState: IN_SERVICE, persistedOpStateExpiryEpochSec: 0}, placeOfBirth=62666bfa-5b48-4194-8431-0a6941154381, sequenceId=0, keyCount=5, bytesUsed=0,replicaIndex=2},ContainerReplica{containerID=#7, state=OPEN, datanodeDetails=97e8c787-6023-4421-819a-0b5ced458c94{ip: 10.1.0.210, host: fv-az264-432.ca02foy5wcnuvlrvrz2wi3p2og.dx.internal.cloudapp.net, ports: [REPLICATION=41907, RATIS=36437, RATIS_ADMIN=36437, RATIS_SERVER=36437, STANDALONE=34177], networkLocation: /default-rack, certSerialId: null, persistedOpState: IN_SERVICE, persistedOpStateExpiryEpochSec: 0}, placeOfBirth=97e8c787-6023-4421-819a-0b5ced458c94, sequenceId=0, keyCount=5, bytesUsed=95,replicaIndex=5},ContainerReplica{containerID=#7, state=OPEN, datanodeDetails=c604563f-8b94-483f-a354-2ed29e633e80{ip: 10.1.0.210, host: fv-az264-432.ca02foy5wcnuvlrvrz2wi3p2og.dx.internal.cloudapp.net, ports: [REPLICATION=41739, RATIS=36125, RATIS_ADMIN=36125, RATIS_SERVER=36125, STANDALONE=37547], networkLocation: /default-rack, certSerialId: null, persistedOpState: IN_SERVICE, persistedOpStateExpiryEpochSec: 0}, placeOfBirth=c604563f-8b94-483f-a354-2ed29e633e80, sequenceId=0, keyCount=5, bytesUsed=0,replicaIndex=3}}
2022-09-30 13:41:01,004 [DatanodeAdminManager-0] INFO  node.DatanodeAdminMonitorImpl (DatanodeAdminMonitorImpl.java:checkContainersReplicatedOnNode(317)) - Unhealthy Container #7 org.apache.hadoop.hdds.scm.container.replication.ECContainerReplicaCount@3ee8ca94; Replicas{ContainerReplica{containerID=#7, state=CLOSED, datanodeDetails=63487312-87aa-4652-9988-76e01a899b42{ip: 10.1.0.210, host: fv-az264-432.ca02foy5wcnuvlrvrz2wi3p2og.dx.internal.cloudapp.net, ports: [REPLICATION=33927, RATIS=39059, RATIS_ADMIN=39059, RATIS_SERVER=39059, STANDALONE=46255], networkLocation: /default-rack, certSerialId: null, persistedOpState: DECOMMISSIONING, persistedOpStateExpiryEpochSec: 0}, placeOfBirth=63487312-87aa-4652-9988-76e01a899b42, sequenceId=0, keyCount=5, bytesUsed=95,replicaIndex=4},ContainerReplica{containerID=#7, state=OPEN, datanodeDetails=93a726fc-a128-4d5e-9b28-98a1d7a8eb0c{ip: 10.1.0.210, host: fv-az264-432.ca02foy5wcnuvlrvrz2wi3p2og.dx.internal.cloudapp.net, ports: [REPLICATION=34975, RATIS=43289, RATIS_ADMIN=43289, RATIS_SERVER=43289, STANDALONE=44081], networkLocation: /default-rack, certSerialId: null, persistedOpState: IN_SERVICE, persistedOpStateExpiryEpochSec: 0}, placeOfBirth=93a726fc-a128-4d5e-9b28-98a1d7a8eb0c, sequenceId=0, keyCount=5, bytesUsed=95,replicaIndex=1},ContainerReplica{containerID=#7, state=OPEN, datanodeDetails=62666bfa-5b48-4194-8431-0a6941154381{ip: 10.1.0.210, host: fv-az264-432.ca02foy5wcnuvlrvrz2wi3p2og.dx.internal.cloudapp.net, ports: [REPLICATION=41651, RATIS=41785, RATIS_ADMIN=41785, RATIS_SERVER=41785, STANDALONE=43973], networkLocation: /default-rack, certSerialId: null, persistedOpState: IN_SERVICE, persistedOpStateExpiryEpochSec: 0}, placeOfBirth=62666bfa-5b48-4194-8431-0a6941154381, sequenceId=0, keyCount=5, bytesUsed=0,replicaIndex=2},ContainerReplica{containerID=#7, state=OPEN, datanodeDetails=97e8c787-6023-4421-819a-0b5ced458c94{ip: 10.1.0.210, host: fv-az264-432.ca02foy5wcnuvlrvrz2wi3p2og.dx.internal.cloudapp.net, ports: [REPLICATION=41907, RATIS=36437, RATIS_ADMIN=36437, RATIS_SERVER=36437, STANDALONE=34177], networkLocation: /default-rack, certSerialId: null, persistedOpState: IN_SERVICE, persistedOpStateExpiryEpochSec: 0}, placeOfBirth=97e8c787-6023-4421-819a-0b5ced458c94, sequenceId=0, keyCount=5, bytesUsed=95,replicaIndex=5},ContainerReplica{containerID=#7, state=OPEN, datanodeDetails=c604563f-8b94-483f-a354-2ed29e633e80{ip: 10.1.0.210, host: fv-az264-432.ca02foy5wcnuvlrvrz2wi3p2og.dx.internal.cloudapp.net, ports: [REPLICATION=41739, RATIS=36125, RATIS_ADMIN=36125, RATIS_SERVER=36125, STANDALONE=37547], networkLocation: /default-rack, certSerialId: null, persistedOpState: IN_SERVICE, persistedOpStateExpiryEpochSec: 0}, placeOfBirth=c604563f-8b94-483f-a354-2ed29e633e80, sequenceId=0, keyCount=5, bytesUsed=0,replicaIndex=3}}
2022-09-30 13:41:01,005 [Over Replicated Processor] INFO  replication.OverReplicatedProcessor (OverReplicatedProcessor.java:processAll(90)) - Processed 0 over replicated containers, failed processing 0
2022-09-30 13:41:01,007 [DatanodeAdminManager-0] INFO  node.DatanodeAdminMonitorImpl (DatanodeAdminMonitorImpl.java:checkContainersReplicatedOnNode(306)) - Under Replicated Container #1 Container State: QUASI_CLOSED Replica Count: 3 Healthy Count: 2 Decommission Count: 1 Maintenance Count: 0 inFlightAdd Count: 0 inFightDel Count: 0 ReplicationFactor: 3 minMaintenance Count: 2; Replicas{ContainerReplica{containerID=#1, state=OPEN, datanodeDetails=97e8c787-6023-4421-819a-0b5ced458c94{ip: 10.1.0.210, host: fv-az264-432.ca02foy5wcnuvlrvrz2wi3p2og.dx.internal.cloudapp.net, ports: [REPLICATION=41907, RATIS=36437, RATIS_ADMIN=36437, RATIS_SERVER=36437, STANDALONE=34177], networkLocation: /default-rack, certSerialId: null, persistedOpState: IN_SERVICE, persistedOpStateExpiryEpochSec: 0}, placeOfBirth=97e8c787-6023-4421-819a-0b5ced458c94, sequenceId=72, keyCount=7, bytesUsed=133},ContainerReplica{containerID=#1, state=OPEN, datanodeDetails=62666bfa-5b48-4194-8431-0a6941154381{ip: 10.1.0.210, host: fv-az264-432.ca02foy5wcnuvlrvrz2wi3p2og.dx.internal.cloudapp.net, ports: [REPLICATION=41651, RATIS=41785, RATIS_ADMIN=41785, RATIS_SERVER=41785, STANDALONE=43973], networkLocation: /default-rack, certSerialId: null, persistedOpState: IN_SERVICE, persistedOpStateExpiryEpochSec: 0}, placeOfBirth=62666bfa-5b48-4194-8431-0a6941154381, sequenceId=72, keyCount=7, bytesUsed=133},ContainerReplica{containerID=#1, state=QUASI_CLOSED, datanodeDetails=63487312-87aa-4652-9988-76e01a899b42{ip: 10.1.0.210, host: fv-az264-432.ca02foy5wcnuvlrvrz2wi3p2og.dx.internal.cloudapp.net, ports: [REPLICATION=33927, RATIS=39059, RATIS_ADMIN=39059, RATIS_SERVER=39059, STANDALONE=46255], networkLocation: /default-rack, certSerialId: null, persistedOpState: DECOMMISSIONING, persistedOpStateExpiryEpochSec: 0}, placeOfBirth=63487312-87aa-4652-9988-76e01a899b42, sequenceId=72, keyCount=7, bytesUsed=133}}
2022-09-30 13:41:01,007 [DatanodeAdminManager-0] INFO  node.DatanodeAdminMonitorImpl (DatanodeAdminMonitorImpl.java:checkContainersReplicatedOnNode(317)) - Unhealthy Container #1 Container State: QUASI_CLOSED Replica Count: 3 Healthy Count: 2 Decommission Count: 1 Maintenance Count: 0 inFlightAdd Count: 0 inFightDel Count: 0 ReplicationFactor: 3 minMaintenance Count: 2; Replicas{ContainerReplica{containerID=#1, state=OPEN, datanodeDetails=97e8c787-6023-4421-819a-0b5ced458c94{ip: 10.1.0.210, host: fv-az264-432.ca02foy5wcnuvlrvrz2wi3p2og.dx.internal.cloudapp.net, ports: [REPLICATION=41907, RATIS=36437, RATIS_ADMIN=36437, RATIS_SERVER=36437, STANDALONE=34177], networkLocation: /default-rack, certSerialId: null, persistedOpState: IN_SERVICE, persistedOpStateExpiryEpochSec: 0}, placeOfBirth=97e8c787-6023-4421-819a-0b5ced458c94, sequenceId=72, keyCount=7, bytesUsed=133},ContainerReplica{containerID=#1, state=OPEN, datanodeDetails=62666bfa-5b48-4194-8431-0a6941154381{ip: 10.1.0.210, host: fv-az264-432.ca02foy5wcnuvlrvrz2wi3p2og.dx.internal.cloudapp.net, ports: [REPLICATION=41651, RATIS=41785, RATIS_ADMIN=41785, RATIS_SERVER=41785, STANDALONE=43973], networkLocation: /default-rack, certSerialId: null, persistedOpState: IN_SERVICE, persistedOpStateExpiryEpochSec: 0}, placeOfBirth=62666bfa-5b48-4194-8431-0a6941154381, sequenceId=72, keyCount=7, bytesUsed=133},ContainerReplica{containerID=#1, state=QUASI_CLOSED, datanodeDetails=63487312-87aa-4652-9988-76e01a899b42{ip: 10.1.0.210, host: fv-az264-432.ca02foy5wcnuvlrvrz2wi3p2og.dx.internal.cloudapp.net, ports: [REPLICATION=33927, RATIS=39059, RATIS_ADMIN=39059, RATIS_SERVER=39059, STANDALONE=46255], networkLocation: /default-rack, certSerialId: null, persistedOpState: DECOMMISSIONING, persistedOpStateExpiryEpochSec: 0}, placeOfBirth=63487312-87aa-4652-9988-76e01a899b42, sequenceId=72, keyCount=7, bytesUsed=133}}
2022-09-30 13:41:01,008 [DatanodeAdminManager-0] INFO  node.DatanodeAdminMonitorImpl (DatanodeAdminMonitorImpl.java:checkContainersReplicatedOnNode(306)) - Under Replicated Container #2 Container State: QUASI_CLOSED Replica Count: 3 Healthy Count: 2 Decommission Count: 1 Maintenance Count: 0 inFlightAdd Count: 0 inFightDel Count: 0 ReplicationFactor: 3 minMaintenance Count: 2; Replicas{ContainerReplica{containerID=#2, state=QUASI_CLOSED, datanodeDetails=63487312-87aa-4652-9988-76e01a899b42{ip: 10.1.0.210, host: fv-az264-432.ca02foy5wcnuvlrvrz2wi3p2og.dx.internal.cloudapp.net, ports: [REPLICATION=33927, RATIS=39059, RATIS_ADMIN=39059, RATIS_SERVER=39059, STANDALONE=46255], networkLocation: /default-rack, certSerialId: null, persistedOpState: DECOMMISSIONING, persistedOpStateExpiryEpochSec: 0}, placeOfBirth=63487312-87aa-4652-9988-76e01a899b42, sequenceId=76, keyCount=7, bytesUsed=133},ContainerReplica{containerID=#2, state=OPEN, datanodeDetails=97e8c787-6023-4421-819a-0b5ced458c94{ip: 10.1.0.210, host: fv-az264-432.ca02foy5wcnuvlrvrz2wi3p2og.dx.internal.cloudapp.net, ports: [REPLICATION=41907, RATIS=36437, RATIS_ADMIN=36437, RATIS_SERVER=36437, STANDALONE=34177], networkLocation: /default-rack, certSerialId: null, persistedOpState: IN_SERVICE, persistedOpStateExpiryEpochSec: 0}, placeOfBirth=97e8c787-6023-4421-819a-0b5ced458c94, sequenceId=76, keyCount=7, bytesUsed=133},ContainerReplica{containerID=#2, state=OPEN, datanodeDetails=62666bfa-5b48-4194-8431-0a6941154381{ip: 10.1.0.210, host: fv-az264-432.ca02foy5wcnuvlrvrz2wi3p2og.dx.internal.cloudapp.net, ports: [REPLICATION=41651, RATIS=41785, RATIS_ADMIN=41785, RATIS_SERVER=41785, STANDALONE=43973], networkLocation: /default-rack, certSerialId: null, persistedOpState: IN_SERVICE, persistedOpStateExpiryEpochSec: 0}, placeOfBirth=62666bfa-5b48-4194-8431-0a6941154381, sequenceId=76, keyCount=7, bytesUsed=133}}
2022-09-30 13:41:01,008 [DatanodeAdminManager-0] INFO  node.DatanodeAdminMonitorImpl (DatanodeAdminMonitorImpl.java:checkContainersReplicatedOnNode(317)) - Unhealthy Container #2 Container State: QUASI_CLOSED Replica Count: 3 Healthy Count: 2 Decommission Count: 1 Maintenance Count: 0 inFlightAdd Count: 0 inFightDel Count: 0 ReplicationFactor: 3 minMaintenance Count: 2; Replicas{ContainerReplica{containerID=#2, state=QUASI_CLOSED, datanodeDetails=63487312-87aa-4652-9988-76e01a899b42{ip: 10.1.0.210, host: fv-az264-432.ca02foy5wcnuvlrvrz2wi3p2og.dx.internal.cloudapp.net, ports: [REPLICATION=33927, RATIS=39059, RATIS_ADMIN=39059, RATIS_SERVER=39059, STANDALONE=46255], networkLocation: /default-rack, certSerialId: null, persistedOpState: DECOMMISSIONING, persistedOpStateExpiryEpochSec: 0}, placeOfBirth=63487312-87aa-4652-9988-76e01a899b42, sequenceId=76, keyCount=7, bytesUsed=133},ContainerReplica{containerID=#2, state=OPEN, datanodeDetails=97e8c787-6023-4421-819a-0b5ced458c94{ip: 10.1.0.210, host: fv-az264-432.ca02foy5wcnuvlrvrz2wi3p2og.dx.internal.cloudapp.net, ports: [REPLICATION=41907, RATIS=36437, RATIS_ADMIN=36437, RATIS_SERVER=36437, STANDALONE=34177], networkLocation: /default-rack, certSerialId: null, persistedOpState: IN_SERVICE, persistedOpStateExpiryEpochSec: 0}, placeOfBirth=97e8c787-6023-4421-819a-0b5ced458c94, sequenceId=76, keyCount=7, bytesUsed=133},ContainerReplica{containerID=#2, state=OPEN, datanodeDetails=62666bfa-5b48-4194-8431-0a6941154381{ip: 10.1.0.210, host: fv-az264-432.ca02foy5wcnuvlrvrz2wi3p2og.dx.internal.cloudapp.net, ports: [REPLICATION=41651, RATIS=41785, RATIS_ADMIN=41785, RATIS_SERVER=41785, STANDALONE=43973], networkLocation: /default-rack, certSerialId: null, persistedOpState: IN_SERVICE, persistedOpStateExpiryEpochSec: 0}, placeOfBirth=62666bfa-5b48-4194-8431-0a6941154381, sequenceId=76, keyCount=7, bytesUsed=133}}
2022-09-30 13:41:01,008 [DatanodeAdminManager-0] INFO  node.DatanodeAdminMonitorImpl (DatanodeAdminMonitorImpl.java:checkContainersReplicatedOnNode(306)) - Under Replicated Container #3 Container State: QUASI_CLOSED Replica Count: 3 Healthy Count: 2 Decommission Count: 1 Maintenance Count: 0 inFlightAdd Count: 0 inFightDel Count: 0 ReplicationFactor: 3 minMaintenance Count: 2; Replicas{ContainerReplica{containerID=#3, state=OPEN, datanodeDetails=97e8c787-6023-4421-819a-0b5ced458c94{ip: 10.1.0.210, host: fv-az264-432.ca02foy5wcnuvlrvrz2wi3p2og.dx.internal.cloudapp.net, ports: [REPLICATION=41907, RATIS=36437, RATIS_ADMIN=36437, RATIS_SERVER=36437, STANDALONE=34177], networkLocation: /default-rack, certSerialId: null, persistedOpState: IN_SERVICE, persistedOpStateExpiryEpochSec: 0}, placeOfBirth=97e8c787-6023-4421-819a-0b5ced458c94, sequenceId=68, keyCount=6, bytesUsed=114},ContainerReplica{containerID=#3, state=OPEN, datanodeDetails=62666bfa-5b48-4194-8431-0a6941154381{ip: 10.1.0.210, host: fv-az264-432.ca02foy5wcnuvlrvrz2wi3p2og.dx.internal.cloudapp.net, ports: [REPLICATION=41651, RATIS=41785, RATIS_ADMIN=41785, RATIS_SERVER=41785, STANDALONE=43973], networkLocation: /default-rack, certSerialId: null, persistedOpState: IN_SERVICE, persistedOpStateExpiryEpochSec: 0}, placeOfBirth=62666bfa-5b48-4194-8431-0a6941154381, sequenceId=68, keyCount=6, bytesUsed=114},ContainerReplica{containerID=#3, state=QUASI_CLOSED, datanodeDetails=63487312-87aa-4652-9988-76e01a899b42{ip: 10.1.0.210, host: fv-az264-432.ca02foy5wcnuvlrvrz2wi3p2og.dx.internal.cloudapp.net, ports: [REPLICATION=33927, RATIS=39059, RATIS_ADMIN=39059, RATIS_SERVER=39059, STANDALONE=46255], networkLocation: /default-rack, certSerialId: null, persistedOpState: DECOMMISSIONING, persistedOpStateExpiryEpochSec: 0}, placeOfBirth=63487312-87aa-4652-9988-76e01a899b42, sequenceId=68, keyCount=6, bytesUsed=114}}
2022-09-30 13:41:01,008 [DatanodeAdminManager-0] INFO  node.DatanodeAdminMonitorImpl (DatanodeAdminMonitorImpl.java:checkContainersReplicatedOnNode(317)) - Unhealthy Container #3 Container State: QUASI_CLOSED Replica Count: 3 Healthy Count: 2 Decommission Count: 1 Maintenance Count: 0 inFlightAdd Count: 0 inFightDel Count: 0 ReplicationFactor: 3 minMaintenance Count: 2; Replicas{ContainerReplica{containerID=#3, state=OPEN, datanodeDetails=97e8c787-6023-4421-819a-0b5ced458c94{ip: 10.1.0.210, host: fv-az264-432.ca02foy5wcnuvlrvrz2wi3p2og.dx.internal.cloudapp.net, ports: [REPLICATION=41907, RATIS=36437, RATIS_ADMIN=36437, RATIS_SERVER=36437, STANDALONE=34177], networkLocation: /default-rack, certSerialId: null, persistedOpState: IN_SERVICE, persistedOpStateExpiryEpochSec: 0}, placeOfBirth=97e8c787-6023-4421-819a-0b5ced458c94, sequenceId=68, keyCount=6, bytesUsed=114},ContainerReplica{containerID=#3, state=OPEN, datanodeDetails=62666bfa-5b48-4194-8431-0a6941154381{ip: 10.1.0.210, host: fv-az264-432.ca02foy5wcnuvlrvrz2wi3p2og.dx.internal.cloudapp.net, ports: [REPLICATION=41651, RATIS=41785, RATIS_ADMIN=41785, RATIS_SERVER=41785, STANDALONE=43973], networkLocation: /default-rack, certSerialId: null, persistedOpState: IN_SERVICE, persistedOpStateExpiryEpochSec: 0}, placeOfBirth=62666bfa-5b48-4194-8431-0a6941154381, sequenceId=68, keyCount=6, bytesUsed=114},ContainerReplica{containerID=#3, state=QUASI_CLOSED, datanodeDetails=63487312-87aa-4652-9988-76e01a899b42{ip: 10.1.0.210, host: fv-az264-432.ca02foy5wcnuvlrvrz2wi3p2og.dx.internal.cloudapp.net, ports: [REPLICATION=33927, RATIS=39059, RATIS_ADMIN=39059, RATIS_SERVER=39059, STANDALONE=46255], networkLocation: /default-rack, certSerialId: null, persistedOpState: DECOMMISSIONING, persistedOpStateExpiryEpochSec: 0}, placeOfBirth=63487312-87aa-4652-9988-76e01a899b42, sequenceId=68, keyCount=6, bytesUsed=114}}
2022-09-30 13:41:01,008 [DatanodeAdminManager-0] INFO  node.DatanodeAdminMonitorImpl (DatanodeAdminMonitorImpl.java:checkContainersReplicatedOnNode(327)) - 63487312-87aa-4652-9988-76e01a899b42{ip: 10.1.0.210, host: fv-az264-432.ca02foy5wcnuvlrvrz2wi3p2og.dx.internal.cloudapp.net, ports: [REPLICATION=33927, RATIS=39059, RATIS_ADMIN=39059, RATIS_SERVER=39059, STANDALONE=46255], networkLocation: /default-rack, certSerialId: null, persistedOpState: DECOMMISSIONING, persistedOpStateExpiryEpochSec: 0} has 0 sufficientlyReplicated, 6 underReplicated and 6 unhealthy containers
2022-09-30 13:41:01,009 [DatanodeAdminManager-0] INFO  node.DatanodeAdminMonitorImpl (DatanodeAdminMonitorImpl.java:run(148)) - There are 1 nodes tracked for decommission and maintenance. 0 pending nodes.
2022-09-30 13:41:01,016 [Command processor thread] INFO  server.RaftServer (RaftServerProxy.java:remove(107)) - 62666bfa-5b48-4194-8431-0a6941154381: remove  FOLLOWER 62666bfa-5b48-4194-8431-0a6941154381@group-3F213833E1F5:t4, leader=63487312-87aa-4652-9988-76e01a899b42, voted=63487312-87aa-4652-9988-76e01a899b42, raftlog=62666bfa-5b48-4194-8431-0a6941154381@group-3F213833E1F5-SegmentedRaftLog:OPENED:c78, conf=0: [97e8c787-6023-4421-819a-0b5ced458c94|rpc:10.1.0.210:36437|dataStream:|priority:0, 63487312-87aa-4652-9988-76e01a899b42|rpc:10.1.0.210:39059|dataStream:|priority:1, 62666bfa-5b48-4194-8431-0a6941154381|rpc:10.1.0.210:41785|dataStream:|priority:0], old=null RUNNING
2022-09-30 13:41:01,016 [Command processor thread] INFO  server.RaftServer$Division (RaftServerImpl.java:lambda$close$4(434)) - 62666bfa-5b48-4194-8431-0a6941154381@group-3F213833E1F5: shutdown
2022-09-30 13:41:01,016 [Command processor thread] INFO  util.JmxRegister (JmxRegister.java:unregister(73)) - Successfully un-registered JMX Bean with object name Ratis:service=RaftServer,group=group-3F213833E1F5,id=62666bfa-5b48-4194-8431-0a6941154381
2022-09-30 13:41:01,016 [Command processor thread] INFO  impl.RoleInfo (RoleInfo.java:shutdownFollowerState(110)) - 62666bfa-5b48-4194-8431-0a6941154381: shutdown 62666bfa-5b48-4194-8431-0a6941154381@group-3F213833E1F5-FollowerState
2022-09-30 13:41:01,016 [Command processor thread] INFO  impl.StateMachineUpdater (StateMachineUpdater.java:stopAndJoin(153)) - 62666bfa-5b48-4194-8431-0a6941154381@group-3F213833E1F5-StateMachineUpdater: set stopIndex = 78
2022-09-30 13:41:01,016 [62666bfa-5b48-4194-8431-0a6941154381@group-3F213833E1F5-FollowerState] INFO  impl.FollowerState (FollowerState.java:run(152)) - 62666bfa-5b48-4194-8431-0a6941154381@group-3F213833E1F5-FollowerState was interrupted
2022-09-30 13:41:01,019 [62666bfa-5b48-4194-8431-0a6941154381@group-3F213833E1F5-StateMachineUpdater] INFO  ratis.ContainerStateMachine (ContainerStateMachine.java:takeSnapshot(304)) - group-3F213833E1F5: Taking a snapshot at:(t:4, i:78) file /home/runner/work/ozone/ozone/hadoop-ozone/integration-test/target/test-dir/MiniOzoneClusterImpl-8c4c252e-cda6-42f5-b80f-9d168f3e16cf/datanode-0/data/ratis/9504cae7-2c67-458d-bacc-3f213833e1f5/sm/snapshot.4_78
2022-09-30 13:41:01,020 [EventQueue-PipelineReportForPipelineReportHandler] INFO  pipeline.PipelineReportHandler (PipelineReportHandler.java:processPipelineReport(115)) - Reported pipeline PipelineID=9504cae7-2c67-458d-bacc-3f213833e1f5 is not found
2022-09-30 13:41:01,024 [62666bfa-5b48-4194-8431-0a6941154381@group-3F213833E1F5-StateMachineUpdater] INFO  ratis.ContainerStateMachine (ContainerStateMachine.java:takeSnapshot(315)) - group-3F213833E1F5: Finished taking a snapshot at:(t:4, i:78) file:/home/runner/work/ozone/ozone/hadoop-ozone/integration-test/target/test-dir/MiniOzoneClusterImpl-8c4c252e-cda6-42f5-b80f-9d168f3e16cf/datanode-0/data/ratis/9504cae7-2c67-458d-bacc-3f213833e1f5/sm/snapshot.4_78 took: 4 ms
2022-09-30 13:41:01,024 [62666bfa-5b48-4194-8431-0a6941154381@group-3F213833E1F5-StateMachineUpdater] INFO  impl.StateMachineUpdater (StateMachineUpdater.java:takeSnapshot(287)) - 62666bfa-5b48-4194-8431-0a6941154381@group-3F213833E1F5-StateMachineUpdater: Took a snapshot at index 78
2022-09-30 13:41:01,024 [62666bfa-5b48-4194-8431-0a6941154381@group-3F213833E1F5-StateMachineUpdater] INFO  impl.StateMachineUpdater (StateMachineUpdater.java:lambda$new$0(92)) - 62666bfa-5b48-4194-8431-0a6941154381@group-3F213833E1F5-StateMachineUpdater: snapshotIndex: updateIncreasingly -1 -> 78
2022-09-30 13:41:01,025 [Command processor thread] INFO  server.RaftServer$Division (ServerState.java:close(429)) - 62666bfa-5b48-4194-8431-0a6941154381@group-3F213833E1F5: closes. applyIndex: 78
2022-09-30 13:41:01,026 [62666bfa-5b48-4194-8431-0a6941154381@group-3F213833E1F5-SegmentedRaftLogWorker] INFO  segmented.SegmentedRaftLogWorker (SegmentedRaftLogWorker.java:run(336)) - 62666bfa-5b48-4194-8431-0a6941154381@group-3F213833E1F5-SegmentedRaftLogWorker was interrupted, exiting. There are 0 tasks remaining in the queue.
2022-09-30 13:41:01,026 [Command processor thread] INFO  segmented.SegmentedRaftLogWorker (SegmentedRaftLogWorker.java:close(246)) - 62666bfa-5b48-4194-8431-0a6941154381@group-3F213833E1F5-SegmentedRaftLogWorker close()
2022-09-30 13:41:01,028 [ReplicationMonitor] INFO  replication.LegacyReplicationManager (LegacyReplicationManager.java:handleUnderReplicatedContainer(1195)) - Container #1 is under replicated. Expected replica count is 3, but found 2.
2022-09-30 13:41:01,028 [ReplicationMonitor] INFO  replication.LegacyReplicationManager (LegacyReplicationManager.java:sendReplicateCommand(1559)) - Sending replicate container command for container #1 to datanode 542c7706-6f03-4002-aadb-418c9fc9cb26{ip: 10.1.0.210, host: fv-az264-432.ca02foy5wcnuvlrvrz2wi3p2og.dx.internal.cloudapp.net, ports: [REPLICATION=42815, RATIS=37931, RATIS_ADMIN=37931, RATIS_SERVER=37931, STANDALONE=38243], networkLocation: /default-rack, certSerialId: null, persistedOpState: IN_SERVICE, persistedOpStateExpiryEpochSec: 0} from datanodes [63487312-87aa-4652-9988-76e01a899b42{ip: 10.1.0.210, host: fv-az264-432.ca02foy5wcnuvlrvrz2wi3p2og.dx.internal.cloudapp.net, ports: [REPLICATION=33927, RATIS=39059, RATIS_ADMIN=39059, RATIS_SERVER=39059, STANDALONE=46255], networkLocation: /default-rack, certSerialId: null, persistedOpState: DECOMMISSIONING, persistedOpStateExpiryEpochSec: 0}]
2022-09-30 13:41:01,033 [ReplicationMonitor] INFO  replication.LegacyReplicationManager (LegacyReplicationManager.java:handleUnderReplicatedContainer(1195)) - Container #2 is under replicated. Expected replica count is 3, but found 2.
2022-09-30 13:41:01,034 [ReplicationMonitor] INFO  replication.LegacyReplicationManager (LegacyReplicationManager.java:sendReplicateCommand(1559)) - Sending replicate container command for container #2 to datanode 542c7706-6f03-4002-aadb-418c9fc9cb26{ip: 10.1.0.210, host: fv-az264-432.ca02foy5wcnuvlrvrz2wi3p2og.dx.internal.cloudapp.net, ports: [REPLICATION=42815, RATIS=37931, RATIS_ADMIN=37931, RATIS_SERVER=37931, STANDALONE=38243], networkLocation: /default-rack, certSerialId: null, persistedOpState: IN_SERVICE, persistedOpStateExpiryEpochSec: 0} from datanodes [63487312-87aa-4652-9988-76e01a899b42{ip: 10.1.0.210, host: fv-az264-432.ca02foy5wcnuvlrvrz2wi3p2og.dx.internal.cloudapp.net, ports: [REPLICATION=33927, RATIS=39059, RATIS_ADMIN=39059, RATIS_SERVER=39059, STANDALONE=46255], networkLocation: /default-rack, certSerialId: null, persistedOpState: DECOMMISSIONING, persistedOpStateExpiryEpochSec: 0}]
2022-09-30 13:41:01,034 [ReplicationMonitor] INFO  replication.LegacyReplicationManager (LegacyReplicationManager.java:handleUnderReplicatedContainer(1195)) - Container #3 is under replicated. Expected replica count is 3, but found 2.
2022-09-30 13:41:01,036 [ReplicationMonitor] INFO  replication.LegacyReplicationManager (LegacyReplicationManager.java:sendReplicateCommand(1559)) - Sending replicate container command for container #3 to datanode 93a726fc-a128-4d5e-9b28-98a1d7a8eb0c{ip: 10.1.0.210, host: fv-az264-432.ca02foy5wcnuvlrvrz2wi3p2og.dx.internal.cloudapp.net, ports: [REPLICATION=34975, RATIS=43289, RATIS_ADMIN=43289, RATIS_SERVER=43289, STANDALONE=44081], networkLocation: /default-rack, certSerialId: null, persistedOpState: IN_SERVICE, persistedOpStateExpiryEpochSec: 0} from datanodes [63487312-87aa-4652-9988-76e01a899b42{ip: 10.1.0.210, host: fv-az264-432.ca02foy5wcnuvlrvrz2wi3p2og.dx.internal.cloudapp.net, ports: [REPLICATION=33927, RATIS=39059, RATIS_ADMIN=39059, RATIS_SERVER=39059, STANDALONE=46255], networkLocation: /default-rack, certSerialId: null, persistedOpState: DECOMMISSIONING, persistedOpStateExpiryEpochSec: 0}]
2022-09-30 13:41:01,038 [ReplicationMonitor] INFO  replication.ReplicationManager (ReplicationManager.java:sendCloseContainerReplicaCommand(467)) - Sending close container command for container #4 to datanode 97e8c787-6023-4421-819a-0b5ced458c94{ip: 10.1.0.210, host: fv-az264-432.ca02foy5wcnuvlrvrz2wi3p2og.dx.internal.cloudapp.net, ports: [REPLICATION=41907, RATIS=36437, RATIS_ADMIN=36437, RATIS_SERVER=36437, STANDALONE=34177], networkLocation: /default-rack, certSerialId: null, persistedOpState: IN_SERVICE, persistedOpStateExpiryEpochSec: 0}.
2022-09-30 13:41:01,039 [ReplicationMonitor] INFO  replication.ReplicationManager (ReplicationManager.java:sendCloseContainerReplicaCommand(467)) - Sending close container command for container #4 to datanode 93a726fc-a128-4d5e-9b28-98a1d7a8eb0c{ip: 10.1.0.210, host: fv-az264-432.ca02foy5wcnuvlrvrz2wi3p2og.dx.internal.cloudapp.net, ports: [REPLICATION=34975, RATIS=43289, RATIS_ADMIN=43289, RATIS_SERVER=43289, STANDALONE=44081], networkLocation: /default-rack, certSerialId: null, persistedOpState: IN_SERVICE, persistedOpStateExpiryEpochSec: 0}.
2022-09-30 13:41:01,039 [ReplicationMonitor] INFO  replication.ReplicationManager (ReplicationManager.java:sendCloseContainerReplicaCommand(467)) - Sending close container command for container #4 to datanode 43811407-7c21-4fcd-ab69-dbd9b60ed504{ip: 10.1.0.210, host: fv-az264-432.ca02foy5wcnuvlrvrz2wi3p2og.dx.internal.cloudapp.net, ports: [REPLICATION=35185, RATIS=42941, RATIS_ADMIN=42941, RATIS_SERVER=42941, STANDALONE=35079], networkLocation: /default-rack, certSerialId: null, persistedOpState: IN_SERVICE, persistedOpStateExpiryEpochSec: 0}.
2022-09-30 13:41:01,039 [ReplicationMonitor] INFO  replication.ReplicationManager (ReplicationManager.java:sendCloseContainerReplicaCommand(467)) - Sending close container command for container #4 to datanode 62666bfa-5b48-4194-8431-0a6941154381{ip: 10.1.0.210, host: fv-az264-432.ca02foy5wcnuvlrvrz2wi3p2og.dx.internal.cloudapp.net, ports: [REPLICATION=41651, RATIS=41785, RATIS_ADMIN=41785, RATIS_SERVER=41785, STANDALONE=43973], networkLocation: /default-rack, certSerialId: null, persistedOpState: IN_SERVICE, persistedOpStateExpiryEpochSec: 0}.
2022-09-30 13:41:01,039 [ReplicationMonitor] INFO  replication.ReplicationManager (ReplicationManager.java:sendCloseContainerReplicaCommand(467)) - Sending close container command for container #6 to datanode 542c7706-6f03-4002-aadb-418c9fc9cb26{ip: 10.1.0.210, host: fv-az264-432.ca02foy5wcnuvlrvrz2wi3p2og.dx.internal.cloudapp.net, ports: [REPLICATION=42815, RATIS=37931, RATIS_ADMIN=37931, RATIS_SERVER=37931, STANDALONE=38243], networkLocation: /default-rack, certSerialId: null, persistedOpState: IN_SERVICE, persistedOpStateExpiryEpochSec: 0}.
2022-09-30 13:41:01,039 [ReplicationMonitor] INFO  replication.ReplicationManager (ReplicationManager.java:sendCloseContainerReplicaCommand(467)) - Sending close container command for container #6 to datanode 93a726fc-a128-4d5e-9b28-98a1d7a8eb0c{ip: 10.1.0.210, host: fv-az264-432.ca02foy5wcnuvlrvrz2wi3p2og.dx.internal.cloudapp.net, ports: [REPLICATION=34975, RATIS=43289, RATIS_ADMIN=43289, RATIS_SERVER=43289, STANDALONE=44081], networkLocation: /default-rack, certSerialId: null, persistedOpState: IN_SERVICE, persistedOpStateExpiryEpochSec: 0}.
2022-09-30 13:41:01,040 [ReplicationMonitor] INFO  replication.ReplicationManager (ReplicationManager.java:sendCloseContainerReplicaCommand(467)) - Sending close container command for container #6 to datanode 43811407-7c21-4fcd-ab69-dbd9b60ed504{ip: 10.1.0.210, host: fv-az264-432.ca02foy5wcnuvlrvrz2wi3p2og.dx.internal.cloudapp.net, ports: [REPLICATION=35185, RATIS=42941, RATIS_ADMIN=42941, RATIS_SERVER=42941, STANDALONE=35079], networkLocation: /default-rack, certSerialId: null, persistedOpState: IN_SERVICE, persistedOpStateExpiryEpochSec: 0}.
2022-09-30 13:41:01,040 [ReplicationMonitor] INFO  replication.ReplicationManager (ReplicationManager.java:sendCloseContainerReplicaCommand(467)) - Sending close container command for container #6 to datanode 97e8c787-6023-4421-819a-0b5ced458c94{ip: 10.1.0.210, host: fv-az264-432.ca02foy5wcnuvlrvrz2wi3p2og.dx.internal.cloudapp.net, ports: [REPLICATION=41907, RATIS=36437, RATIS_ADMIN=36437, RATIS_SERVER=36437, STANDALONE=34177], networkLocation: /default-rack, certSerialId: null, persistedOpState: IN_SERVICE, persistedOpStateExpiryEpochSec: 0}.
2022-09-30 13:41:01,039 [Command processor thread] INFO  keyvalue.KeyValueContainer (KeyValueContainer.java:flushAndSyncDB(436)) - Container 1 is synced with bcsId 72.
2022-09-30 13:41:01,043 [Command processor thread] INFO  keyvalue.KeyValueContainer (KeyValueContainer.java:flushAndSyncDB(436)) - Container 1 is synced with bcsId 72.
2022-09-30 13:41:01,046 [ReplicationMonitor] INFO  replication.ReplicationManager (ReplicationManager.java:sendCloseContainerReplicaCommand(467)) - Sending close container command for container #7 to datanode 93a726fc-a128-4d5e-9b28-98a1d7a8eb0c{ip: 10.1.0.210, host: fv-az264-432.ca02foy5wcnuvlrvrz2wi3p2og.dx.internal.cloudapp.net, ports: [REPLICATION=34975, RATIS=43289, RATIS_ADMIN=43289, RATIS_SERVER=43289, STANDALONE=44081], networkLocation: /default-rack, certSerialId: null, persistedOpState: IN_SERVICE, persistedOpStateExpiryEpochSec: 0}.
2022-09-30 13:41:01,046 [ReplicationMonitor] INFO  replication.ReplicationManager (ReplicationManager.java:sendCloseContainerReplicaCommand(467)) - Sending close container command for container #7 to datanode 62666bfa-5b48-4194-8431-0a6941154381{ip: 10.1.0.210, host: fv-az264-432.ca02foy5wcnuvlrvrz2wi3p2og.dx.internal.cloudapp.net, ports: [REPLICATION=41651, RATIS=41785, RATIS_ADMIN=41785, RATIS_SERVER=41785, STANDALONE=43973], networkLocation: /default-rack, certSerialId: null, persistedOpState: IN_SERVICE, persistedOpStateExpiryEpochSec: 0}.
2022-09-30 13:41:01,046 [ReplicationMonitor] INFO  replication.ReplicationManager (ReplicationManager.java:sendCloseContainerReplicaCommand(467)) - Sending close container command for container #7 to datanode 97e8c787-6023-4421-819a-0b5ced458c94{ip: 10.1.0.210, host: fv-az264-432.ca02foy5wcnuvlrvrz2wi3p2og.dx.internal.cloudapp.net, ports: [REPLICATION=41907, RATIS=36437, RATIS_ADMIN=36437, RATIS_SERVER=36437, STANDALONE=34177], networkLocation: /default-rack, certSerialId: null, persistedOpState: IN_SERVICE, persistedOpStateExpiryEpochSec: 0}.
2022-09-30 13:41:01,046 [ReplicationMonitor] INFO  replication.ReplicationManager (ReplicationManager.java:sendCloseContainerReplicaCommand(467)) - Sending close container command for container #7 to datanode c604563f-8b94-483f-a354-2ed29e633e80{ip: 10.1.0.210, host: fv-az264-432.ca02foy5wcnuvlrvrz2wi3p2og.dx.internal.cloudapp.net, ports: [REPLICATION=41739, RATIS=36125, RATIS_ADMIN=36125, RATIS_SERVER=36125, STANDALONE=37547], networkLocation: /default-rack, certSerialId: null, persistedOpState: IN_SERVICE, persistedOpStateExpiryEpochSec: 0}.
2022-09-30 13:41:01,046 [ReplicationMonitor] INFO  replication.ReplicationManager (ReplicationManager.java:processAll(324)) - Replication Monitor Thread took 34 milliseconds for processing 8 containers.
2022-09-30 13:41:01,053 [Command processor thread] INFO  keyvalue.KeyValueContainer (KeyValueContainer.java:flushAndSyncDB(436)) - Container 2 is synced with bcsId 76.
2022-09-30 13:41:01,054 [Command processor thread] INFO  keyvalue.KeyValueContainer (KeyValueContainer.java:flushAndSyncDB(436)) - Container 2 is synced with bcsId 76.
2022-09-30 13:41:01,060 [Command processor thread] INFO  keyvalue.KeyValueContainer (KeyValueContainer.java:flushAndSyncDB(436)) - Container 3 is synced with bcsId 68.
2022-09-30 13:41:01,060 [Command processor thread] INFO  keyvalue.KeyValueContainer (KeyValueContainer.java:flushAndSyncDB(436)) - Container 3 is synced with bcsId 68.
2022-09-30 13:41:01,066 [Command processor thread] INFO  server.RaftServer$Division (RaftServerImpl.java:groupRemove(404)) - 62666bfa-5b48-4194-8431-0a6941154381@group-3F213833E1F5: Succeed to remove RaftStorageDirectory Storage Directory /home/runner/work/ozone/ozone/hadoop-ozone/integration-test/target/test-dir/MiniOzoneClusterImpl-8c4c252e-cda6-42f5-b80f-9d168f3e16cf/datanode-0/data/ratis/9504cae7-2c67-458d-bacc-3f213833e1f5
2022-09-30 13:41:01,066 [Command processor thread] INFO  commandhandler.ClosePipelineCommandHandler (ClosePipelineCommandHandler.java:handle(78)) - Close Pipeline PipelineID=9504cae7-2c67-458d-bacc-3f213833e1f5 command on datanode 62666bfa-5b48-4194-8431-0a6941154381.
2022-09-30 13:41:01,072 [Command processor thread] INFO  keyvalue.KeyValueContainer (KeyValueContainer.java:flushAndSyncDB(436)) - Container 7 is synced with bcsId 0.
2022-09-30 13:41:01,072 [Command processor thread] INFO  keyvalue.KeyValueContainer (KeyValueContainer.java:flushAndSyncDB(436)) - Container 7 is synced with bcsId 0.
2022-09-30 13:41:01,075 [Command processor thread] INFO  commandhandler.CloseContainerCommandHandler (CloseContainerCommandHandler.java:handle(112)) - Marking Container 7 quasi closed
2022-09-30 13:41:01,078 [Command processor thread] INFO  keyvalue.KeyValueContainer (KeyValueContainer.java:flushAndSyncDB(436)) - Container 7 is synced with bcsId 0.
2022-09-30 13:41:01,078 [Command processor thread] INFO  keyvalue.KeyValueContainer (KeyValueContainer.java:flushAndSyncDB(436)) - Container 7 is synced with bcsId 0.
2022-09-30 13:41:01,080 [Command processor thread] INFO  keyvalue.KeyValueContainer (KeyValueContainer.java:close(351)) - Container 7 is closed with bcsId 0.
2022-09-30 13:41:01,090 [Command processor thread] INFO  keyvalue.KeyValueContainer (KeyValueContainer.java:flushAndSyncDB(436)) - Container 4 is synced with bcsId 0.
2022-09-30 13:41:01,091 [Command processor thread] INFO  keyvalue.KeyValueContainer (KeyValueContainer.java:flushAndSyncDB(436)) - Container 4 is synced with bcsId 0.
2022-09-30 13:41:01,094 [Command processor thread] INFO  keyvalue.KeyValueContainer (KeyValueContainer.java:close(351)) - Container 4 is closed with bcsId 0.
2022-09-30 13:41:01,130 [Command processor thread] INFO  server.RaftServer (RaftServerProxy.java:remove(107)) - 97e8c787-6023-4421-819a-0b5ced458c94: remove  FOLLOWER 97e8c787-6023-4421-819a-0b5ced458c94@group-3F213833E1F5:t4, leader=63487312-87aa-4652-9988-76e01a899b42, voted=63487312-87aa-4652-9988-76e01a899b42, raftlog=97e8c787-6023-4421-819a-0b5ced458c94@group-3F213833E1F5-SegmentedRaftLog:OPENED:c78, conf=0: [97e8c787-6023-4421-819a-0b5ced458c94|rpc:10.1.0.210:36437|dataStream:|priority:0, 63487312-87aa-4652-9988-76e01a899b42|rpc:10.1.0.210:39059|dataStream:|priority:1, 62666bfa-5b48-4194-8431-0a6941154381|rpc:10.1.0.210:41785|dataStream:|priority:0], old=null RUNNING
2022-09-30 13:41:01,130 [Command processor thread] INFO  server.RaftServer$Division (RaftServerImpl.java:lambda$close$4(434)) - 97e8c787-6023-4421-819a-0b5ced458c94@group-3F213833E1F5: shutdown
2022-09-30 13:41:01,130 [Command processor thread] INFO  util.JmxRegister (JmxRegister.java:unregister(73)) - Successfully un-registered JMX Bean with object name Ratis:service=RaftServer,group=group-3F213833E1F5,id=97e8c787-6023-4421-819a-0b5ced458c94
2022-09-30 13:41:01,130 [Command processor thread] INFO  impl.RoleInfo (RoleInfo.java:shutdownFollowerState(110)) - 97e8c787-6023-4421-819a-0b5ced458c94: shutdown 97e8c787-6023-4421-819a-0b5ced458c94@group-3F213833E1F5-FollowerState
2022-09-30 13:41:01,130 [Command processor thread] INFO  impl.StateMachineUpdater (StateMachineUpdater.java:stopAndJoin(153)) - 97e8c787-6023-4421-819a-0b5ced458c94@group-3F213833E1F5-StateMachineUpdater: set stopIndex = 78
2022-09-30 13:41:01,130 [97e8c787-6023-4421-819a-0b5ced458c94@group-3F213833E1F5-FollowerState] INFO  impl.FollowerState (FollowerState.java:run(152)) - 97e8c787-6023-4421-819a-0b5ced458c94@group-3F213833E1F5-FollowerState was interrupted
2022-09-30 13:41:01,131 [97e8c787-6023-4421-819a-0b5ced458c94@group-3F213833E1F5-StateMachineUpdater] INFO  ratis.ContainerStateMachine (ContainerStateMachine.java:takeSnapshot(304)) - group-3F213833E1F5: Taking a snapshot at:(t:4, i:78) file /home/runner/work/ozone/ozone/hadoop-ozone/integration-test/target/test-dir/MiniOzoneClusterImpl-8c4c252e-cda6-42f5-b80f-9d168f3e16cf/datanode-2/data/ratis/9504cae7-2c67-458d-bacc-3f213833e1f5/sm/snapshot.4_78
2022-09-30 13:41:01,135 [97e8c787-6023-4421-819a-0b5ced458c94@group-3F213833E1F5-StateMachineUpdater] INFO  ratis.ContainerStateMachine (ContainerStateMachine.java:takeSnapshot(315)) - group-3F213833E1F5: Finished taking a snapshot at:(t:4, i:78) file:/home/runner/work/ozone/ozone/hadoop-ozone/integration-test/target/test-dir/MiniOzoneClusterImpl-8c4c252e-cda6-42f5-b80f-9d168f3e16cf/datanode-2/data/ratis/9504cae7-2c67-458d-bacc-3f213833e1f5/sm/snapshot.4_78 took: 5 ms
2022-09-30 13:41:01,135 [97e8c787-6023-4421-819a-0b5ced458c94@group-3F213833E1F5-StateMachineUpdater] INFO  impl.StateMachineUpdater (StateMachineUpdater.java:takeSnapshot(287)) - 97e8c787-6023-4421-819a-0b5ced458c94@group-3F213833E1F5-StateMachineUpdater: Took a snapshot at index 78
2022-09-30 13:41:01,135 [97e8c787-6023-4421-819a-0b5ced458c94@group-3F213833E1F5-StateMachineUpdater] INFO  impl.StateMachineUpdater (StateMachineUpdater.java:lambda$new$0(92)) - 97e8c787-6023-4421-819a-0b5ced458c94@group-3F213833E1F5-StateMachineUpdater: snapshotIndex: updateIncreasingly -1 -> 78
2022-09-30 13:41:01,136 [Command processor thread] INFO  server.RaftServer$Division (ServerState.java:close(429)) - 97e8c787-6023-4421-819a-0b5ced458c94@group-3F213833E1F5: closes. applyIndex: 78
2022-09-30 13:41:01,136 [97e8c787-6023-4421-819a-0b5ced458c94@group-3F213833E1F5-SegmentedRaftLogWorker] INFO  segmented.SegmentedRaftLogWorker (SegmentedRaftLogWorker.java:run(336)) - 97e8c787-6023-4421-819a-0b5ced458c94@group-3F213833E1F5-SegmentedRaftLogWorker was interrupted, exiting. There are 0 tasks remaining in the queue.
2022-09-30 13:41:01,137 [Command processor thread] INFO  segmented.SegmentedRaftLogWorker (SegmentedRaftLogWorker.java:close(246)) - 97e8c787-6023-4421-819a-0b5ced458c94@group-3F213833E1F5-SegmentedRaftLogWorker close()
2022-09-30 13:41:01,144 [Command processor thread] INFO  keyvalue.KeyValueContainer (KeyValueContainer.java:flushAndSyncDB(436)) - Container 1 is synced with bcsId 72.
2022-09-30 13:41:01,144 [Command processor thread] INFO  keyvalue.KeyValueContainer (KeyValueContainer.java:flushAndSyncDB(436)) - Container 1 is synced with bcsId 72.
2022-09-30 13:41:01,152 [Command processor thread] INFO  keyvalue.KeyValueContainer (KeyValueContainer.java:flushAndSyncDB(436)) - Container 2 is synced with bcsId 76.
2022-09-30 13:41:01,152 [Command processor thread] INFO  keyvalue.KeyValueContainer (KeyValueContainer.java:flushAndSyncDB(436)) - Container 2 is synced with bcsId 76.
2022-09-30 13:41:01,160 [Command processor thread] INFO  keyvalue.KeyValueContainer (KeyValueContainer.java:flushAndSyncDB(436)) - Container 3 is synced with bcsId 68.
2022-09-30 13:41:01,160 [Command processor thread] INFO  keyvalue.KeyValueContainer (KeyValueContainer.java:flushAndSyncDB(436)) - Container 3 is synced with bcsId 68.
2022-09-30 13:41:01,163 [Command processor thread] INFO  server.RaftServer$Division (RaftServerImpl.java:groupRemove(404)) - 97e8c787-6023-4421-819a-0b5ced458c94@group-3F213833E1F5: Succeed to remove RaftStorageDirectory Storage Directory /home/runner/work/ozone/ozone/hadoop-ozone/integration-test/target/test-dir/MiniOzoneClusterImpl-8c4c252e-cda6-42f5-b80f-9d168f3e16cf/datanode-2/data/ratis/9504cae7-2c67-458d-bacc-3f213833e1f5
2022-09-30 13:41:01,163 [Command processor thread] INFO  commandhandler.ClosePipelineCommandHandler (ClosePipelineCommandHandler.java:handle(78)) - Close Pipeline PipelineID=9504cae7-2c67-458d-bacc-3f213833e1f5 command on datanode 97e8c787-6023-4421-819a-0b5ced458c94.
2022-09-30 13:41:01,167 [Command processor thread] INFO  keyvalue.KeyValueContainer (KeyValueContainer.java:flushAndSyncDB(436)) - Container 7 is synced with bcsId 0.
2022-09-30 13:41:01,167 [Command processor thread] INFO  keyvalue.KeyValueContainer (KeyValueContainer.java:flushAndSyncDB(436)) - Container 7 is synced with bcsId 0.
2022-09-30 13:41:01,170 [Command processor thread] INFO  commandhandler.CloseContainerCommandHandler (CloseContainerCommandHandler.java:handle(112)) - Marking Container 7 quasi closed
2022-09-30 13:41:01,170 [Command processor thread] INFO  keyvalue.KeyValueContainer (KeyValueContainer.java:flushAndSyncDB(436)) - Container 7 is synced with bcsId 0.
2022-09-30 13:41:01,170 [Command processor thread] INFO  keyvalue.KeyValueContainer (KeyValueContainer.java:flushAndSyncDB(436)) - Container 7 is synced with bcsId 0.
2022-09-30 13:41:01,172 [Command processor thread] INFO  keyvalue.KeyValueContainer (KeyValueContainer.java:close(351)) - Container 7 is closed with bcsId 0.
2022-09-30 13:41:01,181 [Command processor thread] INFO  keyvalue.KeyValueContainer (KeyValueContainer.java:flushAndSyncDB(436)) - Container 4 is synced with bcsId 0.
2022-09-30 13:41:01,181 [Command processor thread] INFO  keyvalue.KeyValueContainer (KeyValueContainer.java:flushAndSyncDB(436)) - Container 4 is synced with bcsId 0.
2022-09-30 13:41:01,183 [Command processor thread] INFO  keyvalue.KeyValueContainer (KeyValueContainer.java:close(351)) - Container 4 is closed with bcsId 0.
2022-09-30 13:41:01,190 [Command processor thread] INFO  keyvalue.KeyValueContainer (KeyValueContainer.java:flushAndSyncDB(436)) - Container 6 is synced with bcsId 0.
2022-09-30 13:41:01,190 [Command processor thread] INFO  keyvalue.KeyValueContainer (KeyValueContainer.java:flushAndSyncDB(436)) - Container 6 is synced with bcsId 0.
2022-09-30 13:41:01,193 [542c7706-6f03-4002-aadb-418c9fc9cb26@group-421C2E2EB869-FollowerState] INFO  impl.FollowerState (FollowerState.java:run(143)) - 542c7706-6f03-4002-aadb-418c9fc9cb26@group-421C2E2EB869-FollowerState: change to CANDIDATE, lastRpcElapsedTime:5171942868ns, electionTimeout:5162ms
2022-09-30 13:41:01,193 [542c7706-6f03-4002-aadb-418c9fc9cb26@group-421C2E2EB869-FollowerState] INFO  impl.RoleInfo (RoleInfo.java:shutdownFollowerState(110)) - 542c7706-6f03-4002-aadb-418c9fc9cb26: shutdown 542c7706-6f03-4002-aadb-418c9fc9cb26@group-421C2E2EB869-FollowerState
2022-09-30 13:41:01,193 [542c7706-6f03-4002-aadb-418c9fc9cb26@group-421C2E2EB869-FollowerState] INFO  server.RaftServer$Division (RaftServerImpl.java:setRole(299)) - 542c7706-6f03-4002-aadb-418c9fc9cb26@group-421C2E2EB869: changes role from  FOLLOWER to CANDIDATE at term 5 for changeToCandidate
2022-09-30 13:41:01,193 [542c7706-6f03-4002-aadb-418c9fc9cb26@group-421C2E2EB869-FollowerState] INFO  server.RaftServerConfigKeys (ConfUtils.java:logGet(46)) - raft.server.leaderelection.pre-vote = false (custom)
2022-09-30 13:41:01,193 [542c7706-6f03-4002-aadb-418c9fc9cb26@group-421C2E2EB869-FollowerState] INFO  impl.RoleInfo (RoleInfo.java:updateAndGet(139)) - 542c7706-6f03-4002-aadb-418c9fc9cb26: start 542c7706-6f03-4002-aadb-418c9fc9cb26@group-421C2E2EB869-LeaderElection22
2022-09-30 13:41:01,195 [Command processor thread] INFO  keyvalue.KeyValueContainer (KeyValueContainer.java:close(351)) - Container 6 is closed with bcsId 0.
2022-09-30 13:41:01,201 [542c7706-6f03-4002-aadb-418c9fc9cb26@group-421C2E2EB869-LeaderElection22] INFO  impl.LeaderElection (LeaderElection.java:askForVotes(310)) - 542c7706-6f03-4002-aadb-418c9fc9cb26@group-421C2E2EB869-LeaderElection22 ELECTION round 0: submit vote requests at term 6 for -1: [542c7706-6f03-4002-aadb-418c9fc9cb26|rpc:10.1.0.210:37931|priority:0, 43811407-7c21-4fcd-ab69-dbd9b60ed504|rpc:10.1.0.210:42941|priority:1, c604563f-8b94-483f-a354-2ed29e633e80|rpc:10.1.0.210:36125|priority:0], old=null
2022-09-30 13:41:01,211 [grpc-default-executor-6] INFO  server.RaftServer$Division (RaftServerImpl.java:requestVote(1152)) - 43811407-7c21-4fcd-ab69-dbd9b60ed504@group-421C2E2EB869: receive requestVote(ELECTION, 542c7706-6f03-4002-aadb-418c9fc9cb26, group-421C2E2EB869, 6, (t:0, i:0))
2022-09-30 13:41:01,211 [grpc-default-executor-6] INFO  impl.VoteContext (VoteContext.java:log(48)) - 43811407-7c21-4fcd-ab69-dbd9b60ed504@group-421C2E2EB869-FOLLOWER: reject ELECTION from 542c7706-6f03-4002-aadb-418c9fc9cb26: our priority 1 > candidate's priority 0
2022-09-30 13:41:01,211 [grpc-default-executor-6] INFO  server.RaftServer$Division (RaftServerImpl.java:setRole(299)) - 43811407-7c21-4fcd-ab69-dbd9b60ed504@group-421C2E2EB869: changes role from  FOLLOWER to FOLLOWER at term 6 for candidate:542c7706-6f03-4002-aadb-418c9fc9cb26
2022-09-30 13:41:01,211 [grpc-default-executor-6] INFO  impl.RoleInfo (RoleInfo.java:shutdownFollowerState(110)) - 43811407-7c21-4fcd-ab69-dbd9b60ed504: shutdown 43811407-7c21-4fcd-ab69-dbd9b60ed504@group-421C2E2EB869-FollowerState
2022-09-30 13:41:01,213 [grpc-default-executor-6] INFO  impl.RoleInfo (RoleInfo.java:updateAndGet(139)) - 43811407-7c21-4fcd-ab69-dbd9b60ed504: start 43811407-7c21-4fcd-ab69-dbd9b60ed504@group-421C2E2EB869-FollowerState
2022-09-30 13:41:01,213 [43811407-7c21-4fcd-ab69-dbd9b60ed504@group-421C2E2EB869-FollowerState] INFO  impl.FollowerState (FollowerState.java:run(152)) - 43811407-7c21-4fcd-ab69-dbd9b60ed504@group-421C2E2EB869-FollowerState was interrupted
2022-09-30 13:41:01,215 [grpc-default-executor-1] INFO  server.RaftServer$Division (RaftServerImpl.java:requestVote(1152)) - c604563f-8b94-483f-a354-2ed29e633e80@group-421C2E2EB869: receive requestVote(ELECTION, 542c7706-6f03-4002-aadb-418c9fc9cb26, group-421C2E2EB869, 6, (t:0, i:0))
2022-09-30 13:41:01,215 [grpc-default-executor-1] INFO  impl.VoteContext (VoteContext.java:log(48)) - c604563f-8b94-483f-a354-2ed29e633e80@group-421C2E2EB869-FOLLOWER: accept ELECTION from 542c7706-6f03-4002-aadb-418c9fc9cb26: our priority 0 <= candidate's priority 0
2022-09-30 13:41:01,215 [grpc-default-executor-1] INFO  server.RaftServer$Division (RaftServerImpl.java:setRole(299)) - c604563f-8b94-483f-a354-2ed29e633e80@group-421C2E2EB869: changes role from  FOLLOWER to FOLLOWER at term 6 for candidate:542c7706-6f03-4002-aadb-418c9fc9cb26
2022-09-30 13:41:01,215 [grpc-default-executor-1] INFO  impl.RoleInfo (RoleInfo.java:shutdownFollowerState(110)) - c604563f-8b94-483f-a354-2ed29e633e80: shutdown c604563f-8b94-483f-a354-2ed29e633e80@group-421C2E2EB869-FollowerState
2022-09-30 13:41:01,219 [grpc-default-executor-6] INFO  server.RaftServer$Division (RaftServerImpl.java:requestVote(1184)) - 43811407-7c21-4fcd-ab69-dbd9b60ed504@group-421C2E2EB869 replies to ELECTION vote request: 542c7706-6f03-4002-aadb-418c9fc9cb26<-43811407-7c21-4fcd-ab69-dbd9b60ed504#0:FAIL-t6. Peer's state: 43811407-7c21-4fcd-ab69-dbd9b60ed504@group-421C2E2EB869:t6, leader=null, voted=null, raftlog=43811407-7c21-4fcd-ab69-dbd9b60ed504@group-421C2E2EB869-SegmentedRaftLog:OPENED:c-1, conf=-1: [542c7706-6f03-4002-aadb-418c9fc9cb26|rpc:10.1.0.210:37931|dataStream:|priority:0, 43811407-7c21-4fcd-ab69-dbd9b60ed504|rpc:10.1.0.210:42941|dataStream:|priority:1, c604563f-8b94-483f-a354-2ed29e633e80|rpc:10.1.0.210:36125|dataStream:|priority:0], old=null
2022-09-30 13:41:01,219 [grpc-default-executor-1] INFO  impl.RoleInfo (RoleInfo.java:updateAndGet(139)) - c604563f-8b94-483f-a354-2ed29e633e80: start c604563f-8b94-483f-a354-2ed29e633e80@group-421C2E2EB869-FollowerState
2022-09-30 13:41:01,220 [542c7706-6f03-4002-aadb-418c9fc9cb26@group-421C2E2EB869-LeaderElection22] INFO  impl.LeaderElection (LeaderElection.java:logAndReturn(90)) - 542c7706-6f03-4002-aadb-418c9fc9cb26@group-421C2E2EB869-LeaderElection22: ELECTION REJECTED received 1 response(s) and 0 exception(s):
2022-09-30 13:41:01,220 [542c7706-6f03-4002-aadb-418c9fc9cb26@group-421C2E2EB869-LeaderElection22] INFO  impl.LeaderElection (LeaderElection.java:logAndReturn(94)) -   Response 0: 542c7706-6f03-4002-aadb-418c9fc9cb26<-43811407-7c21-4fcd-ab69-dbd9b60ed504#0:FAIL-t6
2022-09-30 13:41:01,220 [542c7706-6f03-4002-aadb-418c9fc9cb26@group-421C2E2EB869-LeaderElection22] INFO  impl.LeaderElection (LeaderElection.java:askForVotes(312)) - 542c7706-6f03-4002-aadb-418c9fc9cb26@group-421C2E2EB869-LeaderElection22 ELECTION round 0: result REJECTED
2022-09-30 13:41:01,220 [542c7706-6f03-4002-aadb-418c9fc9cb26@group-421C2E2EB869-LeaderElection22] INFO  server.RaftServer$Division (RaftServerImpl.java:setRole(299)) - 542c7706-6f03-4002-aadb-418c9fc9cb26@group-421C2E2EB869: changes role from CANDIDATE to FOLLOWER at term 6 for REJECTED
2022-09-30 13:41:01,220 [542c7706-6f03-4002-aadb-418c9fc9cb26@group-421C2E2EB869-LeaderElection22] INFO  impl.RoleInfo (RoleInfo.java:shutdownLeaderElection(130)) - 542c7706-6f03-4002-aadb-418c9fc9cb26: shutdown 542c7706-6f03-4002-aadb-418c9fc9cb26@group-421C2E2EB869-LeaderElection22
2022-09-30 13:41:01,220 [542c7706-6f03-4002-aadb-418c9fc9cb26@group-421C2E2EB869-LeaderElection22] INFO  impl.RoleInfo (RoleInfo.java:updateAndGet(139)) - 542c7706-6f03-4002-aadb-418c9fc9cb26: start 542c7706-6f03-4002-aadb-418c9fc9cb26@group-421C2E2EB869-FollowerState
2022-09-30 13:41:01,220 [c604563f-8b94-483f-a354-2ed29e633e80@group-421C2E2EB869-FollowerState] INFO  impl.FollowerState (FollowerState.java:run(152)) - c604563f-8b94-483f-a354-2ed29e633e80@group-421C2E2EB869-FollowerState was interrupted
2022-09-30 13:41:01,229 [grpc-default-executor-1] INFO  server.RaftServer$Division (RaftServerImpl.java:requestVote(1184)) - c604563f-8b94-483f-a354-2ed29e633e80@group-421C2E2EB869 replies to ELECTION vote request: 542c7706-6f03-4002-aadb-418c9fc9cb26<-c604563f-8b94-483f-a354-2ed29e633e80#0:OK-t6. Peer's state: c604563f-8b94-483f-a354-2ed29e633e80@group-421C2E2EB869:t6, leader=null, voted=542c7706-6f03-4002-aadb-418c9fc9cb26, raftlog=c604563f-8b94-483f-a354-2ed29e633e80@group-421C2E2EB869-SegmentedRaftLog:OPENED:c-1, conf=-1: [542c7706-6f03-4002-aadb-418c9fc9cb26|rpc:10.1.0.210:37931|dataStream:|priority:0, 43811407-7c21-4fcd-ab69-dbd9b60ed504|rpc:10.1.0.210:42941|dataStream:|priority:1, c604563f-8b94-483f-a354-2ed29e633e80|rpc:10.1.0.210:36125|dataStream:|priority:0], old=null
2022-09-30 13:41:01,268 [Listener at 127.0.0.1/45417] INFO  ozone.MiniOzoneClusterImpl (MiniOzoneClusterImpl.java:lambda$waitForClusterToBeReady$0(216)) - Waiting for nodes to be ready. Got 5 of 7 DN Heartbeats.
2022-09-30 13:41:01,268 [Listener at 127.0.0.1/45417] INFO  ozone.MiniOzoneClusterImpl (MiniOzoneClusterImpl.java:lambda$waitForClusterToBeReady$0(219)) - Waiting for cluster to exit safe mode
2022-09-30 13:41:01,268 [Listener at 127.0.0.1/45417] INFO  ozone.MiniOzoneClusterImpl (MiniOzoneClusterImpl.java:lambda$waitForClusterToBeReady$0(221)) - SCM became leader
2022-09-30 13:41:01,320 [Command processor thread] INFO  server.RaftServer (RaftServerProxy.java:addNew(96)) - 2ebbe601-d5be-40a5-8ef8-5fe69b71d197: addNew group-62676E4A87CD:[2ebbe601-d5be-40a5-8ef8-5fe69b71d197|rpc:10.1.0.210:37421|priority:1] returns group-62676E4A87CD:java.util.concurrent.CompletableFuture@213bef24[Not completed]
2022-09-30 13:41:01,321 [pool-394-thread-1] INFO  server.RaftServer$Division (RaftServerImpl.java:<init>(190)) - 2ebbe601-d5be-40a5-8ef8-5fe69b71d197: new RaftServerImpl for group-62676E4A87CD:[2ebbe601-d5be-40a5-8ef8-5fe69b71d197|rpc:10.1.0.210:37421|priority:1] with ContainerStateMachine:uninitialized
2022-09-30 13:41:01,321 [pool-394-thread-1] INFO  server.RaftServerConfigKeys (ConfUtils.java:logGet(46)) - raft.server.rpc.timeout.min = 5s (custom)
2022-09-30 13:41:01,321 [pool-394-thread-1] INFO  server.RaftServerConfigKeys (ConfUtils.java:logGet(46)) - raft.server.rpc.timeout.max = 5200ms (custom)
2022-09-30 13:41:01,321 [pool-394-thread-1] INFO  server.RaftServerConfigKeys (ConfUtils.java:logGet(46)) - raft.server.rpc.sleep.time = 25ms (default)
2022-09-30 13:41:01,321 [pool-394-thread-1] INFO  server.RaftServerConfigKeys (ConfUtils.java:logGet(46)) - raft.server.rpc.slowness.timeout = 300s (custom)
2022-09-30 13:41:01,321 [pool-394-thread-1] INFO  server.RaftServerConfigKeys (ConfUtils.java:logGet(46)) - raft.server.leaderelection.leader.step-down.wait-time = 10s (default)
2022-09-30 13:41:01,322 [pool-394-thread-1] INFO  server.RaftServerConfigKeys (ConfUtils.java:logGet(46)) - raft.server.sleep.deviation.threshold = 300ms (default)
2022-09-30 13:41:01,322 [pool-394-thread-1] INFO  server.RaftServer$Division (ServerState.java:<init>(107)) - 2ebbe601-d5be-40a5-8ef8-5fe69b71d197@group-62676E4A87CD: ConfigurationManager, init=-1: [2ebbe601-d5be-40a5-8ef8-5fe69b71d197|rpc:10.1.0.210:37421|priority:1], old=null, confs=<EMPTY_MAP>
2022-09-30 13:41:01,322 [pool-394-thread-1] INFO  server.RaftServerConfigKeys (ConfUtils.java:logGet(46)) - raft.server.storage.dir = [/home/runner/work/ozone/ozone/hadoop-ozone/integration-test/target/test-dir/MiniOzoneClusterImpl-b8847c17-62d3-4307-a1ed-7c038275c3d3/datanode-1/data/ratis] (custom)
2022-09-30 13:41:01,322 [pool-394-thread-1] INFO  server.RaftServerConfigKeys (ConfUtils.java:logGet(46)) - raft.server.log.corruption.policy = EXCEPTION (default)
2022-09-30 13:41:01,322 [pool-394-thread-1] INFO  server.RaftServerConfigKeys (ConfUtils.java:logGet(46)) - raft.server.storage.free-space.min = 0MB (=0) (default)
2022-09-30 13:41:01,322 [pool-394-thread-1] INFO  storage.RaftStorageDirectory (RaftStorageDirectoryImpl.java:analyzeStorage(135)) - The storage directory /home/runner/work/ozone/ozone/hadoop-ozone/integration-test/target/test-dir/MiniOzoneClusterImpl-b8847c17-62d3-4307-a1ed-7c038275c3d3/datanode-1/data/ratis/c0ada242-6f14-47f8-ae87-62676e4a87cd does not exist. Creating ...
2022-09-30 13:41:01,324 [pool-394-thread-1] INFO  storage.RaftStorageDirectory (RaftStorageDirectoryImpl.java:tryLock(230)) - Lock on /home/runner/work/ozone/ozone/hadoop-ozone/integration-test/target/test-dir/MiniOzoneClusterImpl-b8847c17-62d3-4307-a1ed-7c038275c3d3/datanode-1/data/ratis/c0ada242-6f14-47f8-ae87-62676e4a87cd/in_use.lock acquired by nodename 61277@fv-az264-432
2022-09-30 13:41:01,325 [pool-394-thread-1] INFO  storage.RaftStorage (RaftStorageImpl.java:format(89)) - Storage directory /home/runner/work/ozone/ozone/hadoop-ozone/integration-test/target/test-dir/MiniOzoneClusterImpl-b8847c17-62d3-4307-a1ed-7c038275c3d3/datanode-1/data/ratis/c0ada242-6f14-47f8-ae87-62676e4a87cd has been successfully formatted.
2022-09-30 13:41:01,326 [pool-394-thread-1] INFO  ratis.ContainerStateMachine (ContainerStateMachine.java:loadSnapshot(236)) - group-62676E4A87CD: The snapshot info is null. Setting the last applied indexto:(t:0, i:~)
2022-09-30 13:41:01,326 [pool-394-thread-1] INFO  server.RaftServerConfigKeys (ConfUtils.java:logGet(46)) - raft.server.notification.no-leader.timeout = 300s (custom)
2022-09-30 13:41:01,326 [pool-394-thread-1] INFO  server.RaftServerConfigKeys (ConfUtils.java:logGet(46)) - raft.server.log.use.memory = false (default)
2022-09-30 13:41:01,326 [pool-394-thread-1] INFO  server.RaftServerConfigKeys (ConfUtils.java:logGet(46)) - raft.server.log.purge.gap = 1000000 (custom)
2022-09-30 13:41:01,326 [pool-394-thread-1] INFO  server.RaftServerConfigKeys (ConfUtils.java:logGet(46)) - raft.server.log.appender.buffer.byte-limit = 33554432 (custom)
2022-09-30 13:41:01,326 [pool-394-thread-1] INFO  server.RaftServerConfigKeys (ConfUtils.java:logGet(46)) - raft.server.log.statemachine.data.read.timeout = 1000ms (default)
2022-09-30 13:41:01,326 [pool-394-thread-1] INFO  server.RaftServerConfigKeys (ConfUtils.java:logGet(46)) - raft.server.log.segment.size.max = 1048576 (custom)
2022-09-30 13:41:01,327 [pool-394-thread-1] INFO  server.RaftServerConfigKeys (ConfUtils.java:logGet(46)) - raft.server.log.segment.cache.num.max = 2 (custom)
2022-09-30 13:41:01,328 [pool-394-thread-1] INFO  server.RaftServerConfigKeys (ConfUtils.java:logGet(46)) - raft.server.log.segment.cache.size.max = 200MB (=209715200) (default)
2022-09-30 13:41:01,328 [pool-394-thread-1] INFO  segmented.SegmentedRaftLogWorker (SegmentedRaftLogWorker.java:<init>(187)) - new 2ebbe601-d5be-40a5-8ef8-5fe69b71d197@group-62676E4A87CD-SegmentedRaftLogWorker for RaftStorageImpl:Storage Directory /home/runner/work/ozone/ozone/hadoop-ozone/integration-test/target/test-dir/MiniOzoneClusterImpl-b8847c17-62d3-4307-a1ed-7c038275c3d3/datanode-1/data/ratis/c0ada242-6f14-47f8-ae87-62676e4a87cd
2022-09-30 13:41:01,328 [pool-394-thread-1] INFO  server.RaftServerConfigKeys (ConfUtils.java:logGet(46)) - raft.server.log.queue.byte-limit = 4294967296 (custom)
2022-09-30 13:41:01,328 [pool-394-thread-1] INFO  server.RaftServerConfigKeys (ConfUtils.java:logGet(46)) - raft.server.log.queue.element-limit = 1024 (custom)
2022-09-30 13:41:01,328 [pool-394-thread-1] INFO  server.RaftServerConfigKeys (ConfUtils.java:logGet(46)) - raft.server.log.segment.size.max = 1048576 (custom)
2022-09-30 13:41:01,328 [pool-394-thread-1] INFO  server.RaftServerConfigKeys (ConfUtils.java:logGet(46)) - raft.server.log.preallocated.size = 16384 (custom)
2022-09-30 13:41:01,328 [pool-394-thread-1] INFO  server.RaftServerConfigKeys (ConfUtils.java:logGet(46)) - raft.server.log.force.sync.num = 128 (default)
2022-09-30 13:41:01,328 [pool-394-thread-1] INFO  server.RaftServerConfigKeys (ConfUtils.java:logGet(46)) - raft.server.log.statemachine.data.sync = true (default)
2022-09-30 13:41:01,328 [pool-394-thread-1] INFO  server.RaftServerConfigKeys (ConfUtils.java:logGet(46)) - raft.server.log.statemachine.data.sync.timeout = 10s (default)
2022-09-30 13:41:01,328 [pool-394-thread-1] INFO  server.RaftServerConfigKeys (ConfUtils.java:logGet(46)) - raft.server.log.statemachine.data.sync.timeout.retry = -1 (default)
2022-09-30 13:41:01,329 [EventQueue-PipelineReportForPipelineReportHandler] INFO  pipeline.PipelineManagerImpl (PipelineManagerImpl.java:openPipeline(367)) - Pipeline Pipeline[ Id: c0ada242-6f14-47f8-ae87-62676e4a87cd, Nodes: 2ebbe601-d5be-40a5-8ef8-5fe69b71d197{ip: 10.1.0.210, host: fv-az264-432.ca02foy5wcnuvlrvrz2wi3p2og.dx.internal.cloudapp.net, ports: [REPLICATION=35973, RATIS=37421, RATIS_ADMIN=37421, RATIS_SERVER=37421, STANDALONE=43435], networkLocation: /default-rack, certSerialId: null, persistedOpState: IN_SERVICE, persistedOpStateExpiryEpochSec: 0}, ReplicationConfig: RATIS/ONE, State:ALLOCATED, leaderId:2ebbe601-d5be-40a5-8ef8-5fe69b71d197, CreationTimestamp2022-09-30T13:40:58.331Z[Etc/UTC]] moved to OPEN state
2022-09-30 13:41:01,329 [EventQueue-OpenPipelineForHealthyPipelineSafeModeRule] INFO  safemode.SCMSafeModeManager (HealthyPipelineSafeModeRule.java:process(137)) - SCM in safe mode. Healthy pipelines reported count is 0, required healthy pipeline reported count is 1
2022-09-30 13:41:01,330 [pool-394-thread-1] INFO  server.RaftServerConfigKeys (ConfUtils.java:logGet(46)) - raft.server.log.write.buffer.size = 1048576 (custom)
2022-09-30 13:41:01,330 [pool-394-thread-1] INFO  server.RaftServerConfigKeys (ConfUtils.java:logGet(46)) - raft.server.log.unsafe-flush.enabled = false (default)
2022-09-30 13:41:01,330 [pool-394-thread-1] INFO  server.RaftServerConfigKeys (ConfUtils.java:logGet(46)) - raft.server.log.statemachine.data.caching.enabled = true (custom)
2022-09-30 13:41:01,331 [pool-394-thread-1] INFO  segmented.SegmentedRaftLogWorker (SegmentedRaftLogWorker.java:lambda$new$0(135)) - 2ebbe601-d5be-40a5-8ef8-5fe69b71d197@group-62676E4A87CD-SegmentedRaftLogWorker: flushIndex: setUnconditionally 0 -> -1
2022-09-30 13:41:01,331 [pool-394-thread-1] INFO  segmented.SegmentedRaftLogWorker (SegmentedRaftLogWorker.java:lambda$new$0(135)) - 2ebbe601-d5be-40a5-8ef8-5fe69b71d197@group-62676E4A87CD-SegmentedRaftLogWorker: safeCacheEvictIndex: setUnconditionally 0 -> -1
2022-09-30 13:41:01,331 [pool-394-thread-1] INFO  server.RaftServerConfigKeys (ConfUtils.java:logGet(46)) - raft.server.snapshot.auto.trigger.enabled = true (custom)
2022-09-30 13:41:01,331 [pool-394-thread-1] INFO  server.RaftServerConfigKeys (ConfUtils.java:logGet(46)) - raft.server.snapshot.auto.trigger.threshold = 10000 (custom)
2022-09-30 13:41:01,331 [pool-394-thread-1] INFO  server.RaftServerConfigKeys (ConfUtils.java:logGet(46)) - raft.server.snapshot.retention.file.num = 5 (custom)
2022-09-30 13:41:01,331 [pool-394-thread-1] INFO  server.RaftServerConfigKeys (ConfUtils.java:logGet(46)) - raft.server.log.purge.upto.snapshot.index = false (default)
2022-09-30 13:41:01,331 [pool-394-thread-1] INFO  server.RaftServerConfigKeys (ConfUtils.java:logGet(46)) - raft.server.retrycache.expirytime = 600000ms (custom)
2022-09-30 13:41:01,331 [pool-394-thread-1] INFO  server.RaftServerConfigKeys (ConfUtils.java:logGet(46)) - raft.server.retrycache.statistics.expirytime = 100μs (default)
2022-09-30 13:41:01,333 [pool-394-thread-1] INFO  server.RaftServerConfigKeys (ConfUtils.java:logGet(46)) - raft.server.log.appender.install.snapshot.enabled = false (custom)
2022-09-30 13:41:01,333 [pool-394-thread-1] INFO  server.RaftServerConfigKeys (ConfUtils.java:logGet(46)) - raft.server.threadpool.server.cached = true (default)
2022-09-30 13:41:01,333 [pool-394-thread-1] INFO  server.RaftServerConfigKeys (ConfUtils.java:logGet(46)) - raft.server.threadpool.server.size = 0 (default)
2022-09-30 13:41:01,333 [pool-394-thread-1] INFO  server.RaftServerConfigKeys (ConfUtils.java:logGet(46)) - raft.server.threadpool.client.cached = true (default)
2022-09-30 13:41:01,333 [pool-394-thread-1] INFO  server.RaftServerConfigKeys (ConfUtils.java:logGet(46)) - raft.server.threadpool.client.size = 0 (default)
2022-09-30 13:41:01,334 [pool-394-thread-1] INFO  server.RaftServer$Division (RaftServerImpl.java:start(310)) - 2ebbe601-d5be-40a5-8ef8-5fe69b71d197@group-62676E4A87CD: start as a follower, conf=-1: [2ebbe601-d5be-40a5-8ef8-5fe69b71d197|rpc:10.1.0.210:37421|priority:1], old=null
2022-09-30 13:41:01,334 [pool-394-thread-1] INFO  server.RaftServer$Division (RaftServerImpl.java:setRole(299)) - 2ebbe601-d5be-40a5-8ef8-5fe69b71d197@group-62676E4A87CD: changes role from      null to FOLLOWER at term 0 for startAsFollower
2022-09-30 13:41:01,334 [pool-394-thread-1] INFO  impl.RoleInfo (RoleInfo.java:updateAndGet(139)) - 2ebbe601-d5be-40a5-8ef8-5fe69b71d197: start 2ebbe601-d5be-40a5-8ef8-5fe69b71d197@group-62676E4A87CD-FollowerState
2022-09-30 13:41:01,342 [pool-394-thread-1] INFO  util.JmxRegister (JmxRegister.java:tryRegister(44)) - Successfully registered JMX Bean with object name Ratis:service=RaftServer,group=group-62676E4A87CD,id=2ebbe601-d5be-40a5-8ef8-5fe69b71d197
2022-09-30 13:41:01,342 [Command processor thread] INFO  ratis.XceiverServerRatis (XceiverServerRatis.java:addGroup(765)) - Created group PipelineID=c0ada242-6f14-47f8-ae87-62676e4a87cd
2022-09-30 13:41:01,343 [Command processor thread] INFO  commandhandler.CreatePipelineCommandHandler (CreatePipelineCommandHandler.java:handle(113)) - Created Pipeline RATIS ONE PipelineID=c0ada242-6f14-47f8-ae87-62676e4a87cd.
2022-09-30 13:41:01,488 [IPC Server handler 18 on default port 42473] INFO  net.NetworkTopologyImpl (NetworkTopologyImpl.java:add(112)) - Added a new node: /default-rack/2f2aa734-5659-47cb-9e8c-97447fb3d532
2022-09-30 13:41:01,488 [IPC Server handler 18 on default port 42473] INFO  node.SCMNodeManager (SCMNodeManager.java:register(397)) - Registered Data node : 2f2aa734-5659-47cb-9e8c-97447fb3d532{ip: 10.1.0.210, host: fv-az264-432.ca02foy5wcnuvlrvrz2wi3p2og.dx.internal.cloudapp.net, ports: [REPLICATION=39829, RATIS=39967, RATIS_ADMIN=39967, RATIS_SERVER=39967, STANDALONE=41087], networkLocation: /default-rack, certSerialId: null, persistedOpState: null, persistedOpStateExpiryEpochSec: 0}
2022-09-30 13:41:01,489 [EventQueue-NewNodeForNewNodeHandler] INFO  pipeline.BackgroundPipelineCreator (BackgroundPipelineCreator.java:notifyEventTriggered(276)) - trigger a one-shot run on RatisPipelineUtilsThread.
2022-09-30 13:41:01,489 [RatisPipelineUtilsThread - 0] INFO  pipeline.RatisPipelineProvider (RatisPipelineProvider.java:lambda$create$0(195)) - Sending CreatePipelineCommand for pipeline:PipelineID=a33bb06c-14e0-4881-a5d3-d78d6eacdf84 to datanode:2f2aa734-5659-47cb-9e8c-97447fb3d532
2022-09-30 13:41:01,490 [RatisPipelineUtilsThread - 0] INFO  pipeline.PipelineStateManagerImpl (PipelineStateManagerImpl.java:addPipeline(103)) - Created pipeline Pipeline[ Id: a33bb06c-14e0-4881-a5d3-d78d6eacdf84, Nodes: 2f2aa734-5659-47cb-9e8c-97447fb3d532{ip: 10.1.0.210, host: fv-az264-432.ca02foy5wcnuvlrvrz2wi3p2og.dx.internal.cloudapp.net, ports: [REPLICATION=39829, RATIS=39967, RATIS_ADMIN=39967, RATIS_SERVER=39967, STANDALONE=41087], networkLocation: /default-rack, certSerialId: null, persistedOpState: IN_SERVICE, persistedOpStateExpiryEpochSec: 0}, ReplicationConfig: RATIS/ONE, State:ALLOCATED, leaderId:, CreationTimestamp2022-09-30T13:41:01.489Z[Etc/UTC]].
2022-09-30 13:41:01,490 [RatisPipelineUtilsThread - 0] INFO  pipeline.RatisPipelineProvider (RatisPipelineProvider.java:lambda$create$0(195)) - Sending CreatePipelineCommand for pipeline:PipelineID=42ceb77f-f25d-4609-8363-08fc9429451b to datanode:1a0b3960-301a-4947-868f-ac6db93c3e0a
2022-09-30 13:41:01,490 [RatisPipelineUtilsThread - 0] INFO  pipeline.RatisPipelineProvider (RatisPipelineProvider.java:lambda$create$0(195)) - Sending CreatePipelineCommand for pipeline:PipelineID=42ceb77f-f25d-4609-8363-08fc9429451b to datanode:2f2aa734-5659-47cb-9e8c-97447fb3d532
2022-09-30 13:41:01,490 [RatisPipelineUtilsThread - 0] INFO  pipeline.RatisPipelineProvider (RatisPipelineProvider.java:lambda$create$0(195)) - Sending CreatePipelineCommand for pipeline:PipelineID=42ceb77f-f25d-4609-8363-08fc9429451b to datanode:e1f0d285-df31-43ff-9499-3cdda764b68e
2022-09-30 13:41:01,491 [RatisPipelineUtilsThread - 0] INFO  pipeline.PipelineStateManagerImpl (PipelineStateManagerImpl.java:addPipeline(103)) - Created pipeline Pipeline[ Id: 42ceb77f-f25d-4609-8363-08fc9429451b, Nodes: 1a0b3960-301a-4947-868f-ac6db93c3e0a{ip: 10.1.0.210, host: fv-az264-432.ca02foy5wcnuvlrvrz2wi3p2og.dx.internal.cloudapp.net, ports: [REPLICATION=34817, RATIS=38269, RATIS_ADMIN=38269, RATIS_SERVER=38269, STANDALONE=43455], networkLocation: /default-rack, certSerialId: null, persistedOpState: IN_SERVICE, persistedOpStateExpiryEpochSec: 0}2f2aa734-5659-47cb-9e8c-97447fb3d532{ip: 10.1.0.210, host: fv-az264-432.ca02foy5wcnuvlrvrz2wi3p2og.dx.internal.cloudapp.net, ports: [REPLICATION=39829, RATIS=39967, RATIS_ADMIN=39967, RATIS_SERVER=39967, STANDALONE=41087], networkLocation: /default-rack, certSerialId: null, persistedOpState: IN_SERVICE, persistedOpStateExpiryEpochSec: 0}e1f0d285-df31-43ff-9499-3cdda764b68e{ip: 10.1.0.210, host: fv-az264-432.ca02foy5wcnuvlrvrz2wi3p2og.dx.internal.cloudapp.net, ports: [REPLICATION=38227, RATIS=37835, RATIS_ADMIN=37835, RATIS_SERVER=37835, STANDALONE=46171], networkLocation: /default-rack, certSerialId: null, persistedOpState: IN_SERVICE, persistedOpStateExpiryEpochSec: 0}, ReplicationConfig: RATIS/THREE, State:ALLOCATED, leaderId:, CreationTimestamp2022-09-30T13:41:01.490Z[Etc/UTC]].
2022-09-30 13:41:01,687 [EventQueue-OpenPipelineForHealthyPipelineSafeModeRule] INFO  safemode.SCMSafeModeManager (HealthyPipelineSafeModeRule.java:process(137)) - SCM in safe mode. Healthy pipelines reported count is 0, required healthy pipeline reported count is 1
2022-09-30 13:41:01,729 [Command processor thread] INFO  keyvalue.KeyValueContainer (KeyValueContainer.java:flushAndSyncDB(436)) - Container 7 is synced with bcsId 0.
2022-09-30 13:41:01,729 [Command processor thread] INFO  keyvalue.KeyValueContainer (KeyValueContainer.java:flushAndSyncDB(436)) - Container 7 is synced with bcsId 0.
2022-09-30 13:41:01,731 [Command processor thread] INFO  commandhandler.CloseContainerCommandHandler (CloseContainerCommandHandler.java:handle(112)) - Marking Container 7 quasi closed
2022-09-30 13:41:01,731 [Command processor thread] INFO  keyvalue.KeyValueContainer (KeyValueContainer.java:flushAndSyncDB(436)) - Container 7 is synced with bcsId 0.
2022-09-30 13:41:01,731 [Command processor thread] INFO  keyvalue.KeyValueContainer (KeyValueContainer.java:flushAndSyncDB(436)) - Container 7 is synced with bcsId 0.
2022-09-30 13:41:01,734 [Command processor thread] INFO  keyvalue.KeyValueContainer (KeyValueContainer.java:close(351)) - Container 7 is closed with bcsId 0.
2022-09-30 13:41:01,901 [Command processor thread] INFO  server.RaftServer (RaftServerProxy.java:addNew(96)) - 667118c9-2086-46d8-bebb-14ab86077656: addNew group-7C6C7E6E1921:[667118c9-2086-46d8-bebb-14ab86077656|rpc:10.1.0.210:34109|priority:1] returns group-7C6C7E6E1921:java.util.concurrent.CompletableFuture@45925982[Not completed]
2022-09-30 13:41:01,902 [pool-425-thread-1] INFO  server.RaftServer$Division (RaftServerImpl.java:<init>(190)) - 667118c9-2086-46d8-bebb-14ab86077656: new RaftServerImpl for group-7C6C7E6E1921:[667118c9-2086-46d8-bebb-14ab86077656|rpc:10.1.0.210:34109|priority:1] with ContainerStateMachine:uninitialized
2022-09-30 13:41:01,903 [pool-425-thread-1] INFO  server.RaftServerConfigKeys (ConfUtils.java:logGet(46)) - raft.server.rpc.timeout.min = 5s (custom)
2022-09-30 13:41:01,903 [pool-425-thread-1] INFO  server.RaftServerConfigKeys (ConfUtils.java:logGet(46)) - raft.server.rpc.timeout.max = 5200ms (custom)
2022-09-30 13:41:01,903 [pool-425-thread-1] INFO  server.RaftServerConfigKeys (ConfUtils.java:logGet(46)) - raft.server.rpc.sleep.time = 25ms (default)
2022-09-30 13:41:01,903 [pool-425-thread-1] INFO  server.RaftServerConfigKeys (ConfUtils.java:logGet(46)) - raft.server.rpc.slowness.timeout = 300s (custom)
2022-09-30 13:41:01,903 [pool-425-thread-1] INFO  server.RaftServerConfigKeys (ConfUtils.java:logGet(46)) - raft.server.leaderelection.leader.step-down.wait-time = 10s (default)
2022-09-30 13:41:01,903 [pool-425-thread-1] INFO  server.RaftServerConfigKeys (ConfUtils.java:logGet(46)) - raft.server.sleep.deviation.threshold = 300ms (default)
2022-09-30 13:41:01,903 [pool-425-thread-1] INFO  server.RaftServer$Division (ServerState.java:<init>(107)) - 667118c9-2086-46d8-bebb-14ab86077656@group-7C6C7E6E1921: ConfigurationManager, init=-1: [667118c9-2086-46d8-bebb-14ab86077656|rpc:10.1.0.210:34109|priority:1], old=null, confs=<EMPTY_MAP>
2022-09-30 13:41:01,903 [pool-425-thread-1] INFO  server.RaftServerConfigKeys (ConfUtils.java:logGet(46)) - raft.server.storage.dir = [/home/runner/work/ozone/ozone/hadoop-ozone/integration-test/target/test-dir/MiniOzoneClusterImpl-b8847c17-62d3-4307-a1ed-7c038275c3d3/datanode-2/data/ratis] (custom)
2022-09-30 13:41:01,903 [pool-425-thread-1] INFO  server.RaftServerConfigKeys (ConfUtils.java:logGet(46)) - raft.server.log.corruption.policy = EXCEPTION (default)
2022-09-30 13:41:01,903 [pool-425-thread-1] INFO  server.RaftServerConfigKeys (ConfUtils.java:logGet(46)) - raft.server.storage.free-space.min = 0MB (=0) (default)
2022-09-30 13:41:01,904 [pool-425-thread-1] INFO  storage.RaftStorageDirectory (RaftStorageDirectoryImpl.java:analyzeStorage(135)) - The storage directory /home/runner/work/ozone/ozone/hadoop-ozone/integration-test/target/test-dir/MiniOzoneClusterImpl-b8847c17-62d3-4307-a1ed-7c038275c3d3/datanode-2/data/ratis/fb532ec4-35dc-40fa-a505-7c6c7e6e1921 does not exist. Creating ...
2022-09-30 13:41:01,905 [pool-425-thread-1] INFO  storage.RaftStorageDirectory (RaftStorageDirectoryImpl.java:tryLock(230)) - Lock on /home/runner/work/ozone/ozone/hadoop-ozone/integration-test/target/test-dir/MiniOzoneClusterImpl-b8847c17-62d3-4307-a1ed-7c038275c3d3/datanode-2/data/ratis/fb532ec4-35dc-40fa-a505-7c6c7e6e1921/in_use.lock acquired by nodename 61277@fv-az264-432
2022-09-30 13:41:01,907 [pool-425-thread-1] INFO  storage.RaftStorage (RaftStorageImpl.java:format(89)) - Storage directory /home/runner/work/ozone/ozone/hadoop-ozone/integration-test/target/test-dir/MiniOzoneClusterImpl-b8847c17-62d3-4307-a1ed-7c038275c3d3/datanode-2/data/ratis/fb532ec4-35dc-40fa-a505-7c6c7e6e1921 has been successfully formatted.
2022-09-30 13:41:01,907 [pool-425-thread-1] INFO  ratis.ContainerStateMachine (ContainerStateMachine.java:loadSnapshot(236)) - group-7C6C7E6E1921: The snapshot info is null. Setting the last applied indexto:(t:0, i:~)
2022-09-30 13:41:01,907 [pool-425-thread-1] INFO  server.RaftServerConfigKeys (ConfUtils.java:logGet(46)) - raft.server.notification.no-leader.timeout = 300s (custom)
2022-09-30 13:41:01,907 [pool-425-thread-1] INFO  server.RaftServerConfigKeys (ConfUtils.java:logGet(46)) - raft.server.log.use.memory = false (default)
2022-09-30 13:41:01,907 [pool-425-thread-1] INFO  server.RaftServerConfigKeys (ConfUtils.java:logGet(46)) - raft.server.log.purge.gap = 1000000 (custom)
2022-09-30 13:41:01,907 [pool-425-thread-1] INFO  server.RaftServerConfigKeys (ConfUtils.java:logGet(46)) - raft.server.log.appender.buffer.byte-limit = 33554432 (custom)
2022-09-30 13:41:01,907 [pool-425-thread-1] INFO  server.RaftServerConfigKeys (ConfUtils.java:logGet(46)) - raft.server.log.statemachine.data.read.timeout = 1000ms (default)
2022-09-30 13:41:01,908 [EventQueue-PipelineReportForPipelineReportHandler] INFO  pipeline.PipelineManagerImpl (PipelineManagerImpl.java:openPipeline(367)) - Pipeline Pipeline[ Id: fb532ec4-35dc-40fa-a505-7c6c7e6e1921, Nodes: 667118c9-2086-46d8-bebb-14ab86077656{ip: 10.1.0.210, host: fv-az264-432.ca02foy5wcnuvlrvrz2wi3p2og.dx.internal.cloudapp.net, ports: [REPLICATION=40369, RATIS=34109, RATIS_ADMIN=34109, RATIS_SERVER=34109, STANDALONE=46669], networkLocation: /default-rack, certSerialId: null, persistedOpState: IN_SERVICE, persistedOpStateExpiryEpochSec: 0}, ReplicationConfig: RATIS/ONE, State:ALLOCATED, leaderId:667118c9-2086-46d8-bebb-14ab86077656, CreationTimestamp2022-09-30T13:40:58.904Z[Etc/UTC]] moved to OPEN state
2022-09-30 13:41:01,910 [EventQueue-OpenPipelineForHealthyPipelineSafeModeRule] INFO  safemode.SCMSafeModeManager (HealthyPipelineSafeModeRule.java:process(137)) - SCM in safe mode. Healthy pipelines reported count is 0, required healthy pipeline reported count is 1
2022-09-30 13:41:01,916 [pool-425-thread-1] INFO  server.RaftServerConfigKeys (ConfUtils.java:logGet(46)) - raft.server.log.segment.size.max = 1048576 (custom)
2022-09-30 13:41:01,918 [pool-425-thread-1] INFO  server.RaftServerConfigKeys (ConfUtils.java:logGet(46)) - raft.server.log.segment.cache.num.max = 2 (custom)
2022-09-30 13:41:01,918 [pool-425-thread-1] INFO  server.RaftServerConfigKeys (ConfUtils.java:logGet(46)) - raft.server.log.segment.cache.size.max = 200MB (=209715200) (default)
2022-09-30 13:41:01,918 [pool-425-thread-1] INFO  segmented.SegmentedRaftLogWorker (SegmentedRaftLogWorker.java:<init>(187)) - new 667118c9-2086-46d8-bebb-14ab86077656@group-7C6C7E6E1921-SegmentedRaftLogWorker for RaftStorageImpl:Storage Directory /home/runner/work/ozone/ozone/hadoop-ozone/integration-test/target/test-dir/MiniOzoneClusterImpl-b8847c17-62d3-4307-a1ed-7c038275c3d3/datanode-2/data/ratis/fb532ec4-35dc-40fa-a505-7c6c7e6e1921
2022-09-30 13:41:01,918 [pool-425-thread-1] INFO  server.RaftServerConfigKeys (ConfUtils.java:logGet(46)) - raft.server.log.queue.byte-limit = 4294967296 (custom)
2022-09-30 13:41:01,919 [Command processor thread] INFO  keyvalue.KeyValueContainer (KeyValueContainer.java:flushAndSyncDB(436)) - Container 7 is synced with bcsId 0.
2022-09-30 13:41:01,919 [Command processor thread] INFO  keyvalue.KeyValueContainer (KeyValueContainer.java:flushAndSyncDB(436)) - Container 7 is synced with bcsId 0.
2022-09-30 13:41:01,920 [pool-425-thread-1] INFO  server.RaftServerConfigKeys (ConfUtils.java:logGet(46)) - raft.server.log.queue.element-limit = 1024 (custom)
2022-09-30 13:41:01,920 [pool-425-thread-1] INFO  server.RaftServerConfigKeys (ConfUtils.java:logGet(46)) - raft.server.log.segment.size.max = 1048576 (custom)
2022-09-30 13:41:01,920 [pool-425-thread-1] INFO  server.RaftServerConfigKeys (ConfUtils.java:logGet(46)) - raft.server.log.preallocated.size = 16384 (custom)
2022-09-30 13:41:01,920 [pool-425-thread-1] INFO  server.RaftServerConfigKeys (ConfUtils.java:logGet(46)) - raft.server.log.force.sync.num = 128 (default)
2022-09-30 13:41:01,921 [Command processor thread] INFO  commandhandler.CloseContainerCommandHandler (CloseContainerCommandHandler.java:handle(112)) - Marking Container 7 quasi closed
2022-09-30 13:41:01,922 [Command processor thread] INFO  keyvalue.KeyValueContainer (KeyValueContainer.java:flushAndSyncDB(436)) - Container 7 is synced with bcsId 0.
2022-09-30 13:41:01,923 [Command processor thread] INFO  keyvalue.KeyValueContainer (KeyValueContainer.java:flushAndSyncDB(436)) - Container 7 is synced with bcsId 0.
2022-09-30 13:41:01,924 [pool-425-thread-1] INFO  server.RaftServerConfigKeys (ConfUtils.java:logGet(46)) - raft.server.log.statemachine.data.sync = true (default)
2022-09-30 13:41:01,924 [pool-425-thread-1] INFO  server.RaftServerConfigKeys (ConfUtils.java:logGet(46)) - raft.server.log.statemachine.data.sync.timeout = 10s (default)
2022-09-30 13:41:01,924 [pool-425-thread-1] INFO  server.RaftServerConfigKeys (ConfUtils.java:logGet(46)) - raft.server.log.statemachine.data.sync.timeout.retry = -1 (default)
2022-09-30 13:41:01,925 [Command processor thread] INFO  keyvalue.KeyValueContainer (KeyValueContainer.java:close(351)) - Container 7 is closed with bcsId 0.
2022-09-30 13:41:01,928 [ReplicationMonitor] INFO  replication.ReplicationManager (ReplicationManager.java:processAll(291)) - Replication Manager is not ready to run until 3000ms after safemode exit
2022-09-30 13:41:01,934 [pool-425-thread-1] INFO  server.RaftServerConfigKeys (ConfUtils.java:logGet(46)) - raft.server.log.write.buffer.size = 1048576 (custom)
2022-09-30 13:41:01,934 [pool-425-thread-1] INFO  server.RaftServerConfigKeys (ConfUtils.java:logGet(46)) - raft.server.log.unsafe-flush.enabled = false (default)
2022-09-30 13:41:01,934 [pool-425-thread-1] INFO  server.RaftServerConfigKeys (ConfUtils.java:logGet(46)) - raft.server.log.statemachine.data.caching.enabled = true (custom)
2022-09-30 13:41:01,937 [pool-425-thread-1] INFO  segmented.SegmentedRaftLogWorker (SegmentedRaftLogWorker.java:lambda$new$0(135)) - 667118c9-2086-46d8-bebb-14ab86077656@group-7C6C7E6E1921-SegmentedRaftLogWorker: flushIndex: setUnconditionally 0 -> -1
2022-09-30 13:41:01,937 [pool-425-thread-1] INFO  segmented.SegmentedRaftLogWorker (SegmentedRaftLogWorker.java:lambda$new$0(135)) - 667118c9-2086-46d8-bebb-14ab86077656@group-7C6C7E6E1921-SegmentedRaftLogWorker: safeCacheEvictIndex: setUnconditionally 0 -> -1
2022-09-30 13:41:01,937 [pool-425-thread-1] INFO  server.RaftServerConfigKeys (ConfUtils.java:logGet(46)) - raft.server.snapshot.auto.trigger.enabled = true (custom)
2022-09-30 13:41:01,937 [pool-425-thread-1] INFO  server.RaftServerConfigKeys (ConfUtils.java:logGet(46)) - raft.server.snapshot.auto.trigger.threshold = 10000 (custom)
2022-09-30 13:41:01,937 [pool-425-thread-1] INFO  server.RaftServerConfigKeys (ConfUtils.java:logGet(46)) - raft.server.snapshot.retention.file.num = 5 (custom)
2022-09-30 13:41:01,938 [Command processor thread] INFO  keyvalue.KeyValueContainer (KeyValueContainer.java:flushAndSyncDB(436)) - Container 4 is synced with bcsId 0.
2022-09-30 13:41:01,938 [Command processor thread] INFO  keyvalue.KeyValueContainer (KeyValueContainer.java:flushAndSyncDB(436)) - Container 4 is synced with bcsId 0.
2022-09-30 13:41:01,939 [pool-425-thread-1] INFO  server.RaftServerConfigKeys (ConfUtils.java:logGet(46)) - raft.server.log.purge.upto.snapshot.index = false (default)
2022-09-30 13:41:01,939 [pool-425-thread-1] INFO  server.RaftServerConfigKeys (ConfUtils.java:logGet(46)) - raft.server.retrycache.expirytime = 600000ms (custom)
2022-09-30 13:41:01,939 [pool-425-thread-1] INFO  server.RaftServerConfigKeys (ConfUtils.java:logGet(46)) - raft.server.retrycache.statistics.expirytime = 100μs (default)
2022-09-30 13:41:01,941 [pool-425-thread-1] INFO  server.RaftServerConfigKeys (ConfUtils.java:logGet(46)) - raft.server.log.appender.install.snapshot.enabled = false (custom)
2022-09-30 13:41:01,941 [pool-425-thread-1] INFO  server.RaftServerConfigKeys (ConfUtils.java:logGet(46)) - raft.server.threadpool.server.cached = true (default)
2022-09-30 13:41:01,941 [pool-425-thread-1] INFO  server.RaftServerConfigKeys (ConfUtils.java:logGet(46)) - raft.server.threadpool.server.size = 0 (default)
2022-09-30 13:41:01,941 [pool-425-thread-1] INFO  server.RaftServerConfigKeys (ConfUtils.java:logGet(46)) - raft.server.threadpool.client.cached = true (default)
2022-09-30 13:41:01,941 [pool-425-thread-1] INFO  server.RaftServerConfigKeys (ConfUtils.java:logGet(46)) - raft.server.threadpool.client.size = 0 (default)
2022-09-30 13:41:01,941 [pool-425-thread-1] INFO  server.RaftServer$Division (RaftServerImpl.java:start(310)) - 667118c9-2086-46d8-bebb-14ab86077656@group-7C6C7E6E1921: start as a follower, conf=-1: [667118c9-2086-46d8-bebb-14ab86077656|rpc:10.1.0.210:34109|priority:1], old=null
2022-09-30 13:41:01,941 [pool-425-thread-1] INFO  server.RaftServer$Division (RaftServerImpl.java:setRole(299)) - 667118c9-2086-46d8-bebb-14ab86077656@group-7C6C7E6E1921: changes role from      null to FOLLOWER at term 0 for startAsFollower
2022-09-30 13:41:01,942 [pool-425-thread-1] INFO  impl.RoleInfo (RoleInfo.java:updateAndGet(139)) - 667118c9-2086-46d8-bebb-14ab86077656: start 667118c9-2086-46d8-bebb-14ab86077656@group-7C6C7E6E1921-FollowerState
2022-09-30 13:41:01,942 [Command processor thread] INFO  keyvalue.KeyValueContainer (KeyValueContainer.java:close(351)) - Container 4 is closed with bcsId 0.
2022-09-30 13:41:01,942 [pool-425-thread-1] INFO  util.JmxRegister (JmxRegister.java:tryRegister(44)) - Successfully registered JMX Bean with object name Ratis:service=RaftServer,group=group-7C6C7E6E1921,id=667118c9-2086-46d8-bebb-14ab86077656
2022-09-30 13:41:01,944 [Command processor thread] INFO  ratis.XceiverServerRatis (XceiverServerRatis.java:addGroup(765)) - Created group PipelineID=fb532ec4-35dc-40fa-a505-7c6c7e6e1921
2022-09-30 13:41:01,944 [Command processor thread] INFO  commandhandler.CreatePipelineCommandHandler (CreatePipelineCommandHandler.java:handle(113)) - Created Pipeline RATIS ONE PipelineID=fb532ec4-35dc-40fa-a505-7c6c7e6e1921.
2022-09-30 13:41:01,948 [Command processor thread] INFO  keyvalue.KeyValueContainer (KeyValueContainer.java:flushAndSyncDB(436)) - Container 6 is synced with bcsId 0.
2022-09-30 13:41:01,949 [Command processor thread] INFO  keyvalue.KeyValueContainer (KeyValueContainer.java:flushAndSyncDB(436)) - Container 6 is synced with bcsId 0.
2022-09-30 13:41:01,950 [Command processor thread] INFO  keyvalue.KeyValueContainer (KeyValueContainer.java:close(351)) - Container 6 is closed with bcsId 0.
2022-09-30 13:41:01,956 [ContainerReplicationThread-0] INFO  replication.DownloadAndImportReplicator (DownloadAndImportReplicator.java:replicate(105)) - Starting replication of container 3 from [63487312-87aa-4652-9988-76e01a899b42{ip: 10.1.0.210, host: fv-az264-432.ca02foy5wcnuvlrvrz2wi3p2og.dx.internal.cloudapp.net, ports: [REPLICATION=33927, RATIS=39059, RATIS_ADMIN=39059, RATIS_SERVER=39059, STANDALONE=46255], networkLocation: /default-rack, certSerialId: null, persistedOpState: DECOMMISSIONING, persistedOpStateExpiryEpochSec: 0}]
2022-09-30 13:41:01,967 [grpc-default-executor-1] INFO  replication.GrpcReplicationService (GrpcReplicationService.java:download(52)) - Streaming container data (3) to other datanode
2022-09-30 13:41:01,972 [Under Replicated Processor] INFO  replication.UnderReplicatedProcessor (UnderReplicatedProcessor.java:processAll(92)) - Processed 0 under replicated containers, failed processing 0
2022-09-30 13:41:01,990 [Command processor thread] INFO  keyvalue.KeyValueContainer (KeyValueContainer.java:flushAndSyncDB(436)) - Container 6 is synced with bcsId 0.
2022-09-30 13:41:01,990 [Command processor thread] INFO  keyvalue.KeyValueContainer (KeyValueContainer.java:flushAndSyncDB(436)) - Container 6 is synced with bcsId 0.
2022-09-30 13:41:01,992 [Command processor thread] INFO  keyvalue.KeyValueContainer (KeyValueContainer.java:close(351)) - Container 6 is closed with bcsId 0.
2022-09-30 13:41:01,998 [DatanodeAdminManager-0] INFO  node.DatanodeAdminMonitorImpl (DatanodeAdminMonitorImpl.java:checkContainersReplicatedOnNode(306)) - Under Replicated Container #6 org.apache.hadoop.hdds.scm.container.replication.ECContainerReplicaCount@46ac3c6; Replicas{ContainerReplica{containerID=#6, state=CLOSED, datanodeDetails=542c7706-6f03-4002-aadb-418c9fc9cb26{ip: 10.1.0.210, host: fv-az264-432.ca02foy5wcnuvlrvrz2wi3p2og.dx.internal.cloudapp.net, ports: [REPLICATION=42815, RATIS=37931, RATIS_ADMIN=37931, RATIS_SERVER=37931, STANDALONE=38243], networkLocation: /default-rack, certSerialId: null, persistedOpState: IN_SERVICE, persistedOpStateExpiryEpochSec: 0}, placeOfBirth=542c7706-6f03-4002-aadb-418c9fc9cb26, sequenceId=0, keyCount=6, bytesUsed=114,replicaIndex=5},ContainerReplica{containerID=#6, state=CLOSED, datanodeDetails=63487312-87aa-4652-9988-76e01a899b42{ip: 10.1.0.210, host: fv-az264-432.ca02foy5wcnuvlrvrz2wi3p2og.dx.internal.cloudapp.net, ports: [REPLICATION=33927, RATIS=39059, RATIS_ADMIN=39059, RATIS_SERVER=39059, STANDALONE=46255], networkLocation: /default-rack, certSerialId: null, persistedOpState: DECOMMISSIONING, persistedOpStateExpiryEpochSec: 0}, placeOfBirth=63487312-87aa-4652-9988-76e01a899b42, sequenceId=0, keyCount=6, bytesUsed=0,replicaIndex=3},ContainerReplica{containerID=#6, state=OPEN, datanodeDetails=43811407-7c21-4fcd-ab69-dbd9b60ed504{ip: 10.1.0.210, host: fv-az264-432.ca02foy5wcnuvlrvrz2wi3p2og.dx.internal.cloudapp.net, ports: [REPLICATION=35185, RATIS=42941, RATIS_ADMIN=42941, RATIS_SERVER=42941, STANDALONE=35079], networkLocation: /default-rack, certSerialId: null, persistedOpState: IN_SERVICE, persistedOpStateExpiryEpochSec: 0}, placeOfBirth=43811407-7c21-4fcd-ab69-dbd9b60ed504, sequenceId=0, keyCount=6, bytesUsed=0,replicaIndex=2},ContainerReplica{containerID=#6, state=CLOSED, datanodeDetails=93a726fc-a128-4d5e-9b28-98a1d7a8eb0c{ip: 10.1.0.210, host: fv-az264-432.ca02foy5wcnuvlrvrz2wi3p2og.dx.internal.cloudapp.net, ports: [REPLICATION=34975, RATIS=43289, RATIS_ADMIN=43289, RATIS_SERVER=43289, STANDALONE=44081], networkLocation: /default-rack, certSerialId: null, persistedOpState: IN_SERVICE, persistedOpStateExpiryEpochSec: 0}, placeOfBirth=93a726fc-a128-4d5e-9b28-98a1d7a8eb0c, sequenceId=0, keyCount=6, bytesUsed=114,replicaIndex=1},ContainerReplica{containerID=#6, state=CLOSED, datanodeDetails=97e8c787-6023-4421-819a-0b5ced458c94{ip: 10.1.0.210, host: fv-az264-432.ca02foy5wcnuvlrvrz2wi3p2og.dx.internal.cloudapp.net, ports: [REPLICATION=41907, RATIS=36437, RATIS_ADMIN=36437, RATIS_SERVER=36437, STANDALONE=34177], networkLocation: /default-rack, certSerialId: null, persistedOpState: IN_SERVICE, persistedOpStateExpiryEpochSec: 0}, placeOfBirth=97e8c787-6023-4421-819a-0b5ced458c94, sequenceId=0, keyCount=6, bytesUsed=114,replicaIndex=4}}
2022-09-30 13:41:01,998 [DatanodeAdminManager-0] INFO  node.DatanodeAdminMonitorImpl (DatanodeAdminMonitorImpl.java:checkContainersReplicatedOnNode(317)) - Unhealthy Container #6 org.apache.hadoop.hdds.scm.container.replication.ECContainerReplicaCount@46ac3c6; Replicas{ContainerReplica{containerID=#6, state=CLOSED, datanodeDetails=542c7706-6f03-4002-aadb-418c9fc9cb26{ip: 10.1.0.210, host: fv-az264-432.ca02foy5wcnuvlrvrz2wi3p2og.dx.internal.cloudapp.net, ports: [REPLICATION=42815, RATIS=37931, RATIS_ADMIN=37931, RATIS_SERVER=37931, STANDALONE=38243], networkLocation: /default-rack, certSerialId: null, persistedOpState: IN_SERVICE, persistedOpStateExpiryEpochSec: 0}, placeOfBirth=542c7706-6f03-4002-aadb-418c9fc9cb26, sequenceId=0, keyCount=6, bytesUsed=114,replicaIndex=5},ContainerReplica{containerID=#6, state=CLOSED, datanodeDetails=63487312-87aa-4652-9988-76e01a899b42{ip: 10.1.0.210, host: fv-az264-432.ca02foy5wcnuvlrvrz2wi3p2og.dx.internal.cloudapp.net, ports: [REPLICATION=33927, RATIS=39059, RATIS_ADMIN=39059, RATIS_SERVER=39059, STANDALONE=46255], networkLocation: /default-rack, certSerialId: null, persistedOpState: DECOMMISSIONING, persistedOpStateExpiryEpochSec: 0}, placeOfBirth=63487312-87aa-4652-9988-76e01a899b42, sequenceId=0, keyCount=6, bytesUsed=0,replicaIndex=3},ContainerReplica{containerID=#6, state=OPEN, datanodeDetails=43811407-7c21-4fcd-ab69-dbd9b60ed504{ip: 10.1.0.210, host: fv-az264-432.ca02foy5wcnuvlrvrz2wi3p2og.dx.internal.cloudapp.net, ports: [REPLICATION=35185, RATIS=42941, RATIS_ADMIN=42941, RATIS_SERVER=42941, STANDALONE=35079], networkLocation: /default-rack, certSerialId: null, persistedOpState: IN_SERVICE, persistedOpStateExpiryEpochSec: 0}, placeOfBirth=43811407-7c21-4fcd-ab69-dbd9b60ed504, sequenceId=0, keyCount=6, bytesUsed=0,replicaIndex=2},ContainerReplica{containerID=#6, state=CLOSED, datanodeDetails=93a726fc-a128-4d5e-9b28-98a1d7a8eb0c{ip: 10.1.0.210, host: fv-az264-432.ca02foy5wcnuvlrvrz2wi3p2og.dx.internal.cloudapp.net, ports: [REPLICATION=34975, RATIS=43289, RATIS_ADMIN=43289, RATIS_SERVER=43289, STANDALONE=44081], networkLocation: /default-rack, certSerialId: null, persistedOpState: IN_SERVICE, persistedOpStateExpiryEpochSec: 0}, placeOfBirth=93a726fc-a128-4d5e-9b28-98a1d7a8eb0c, sequenceId=0, keyCount=6, bytesUsed=114,replicaIndex=1},ContainerReplica{containerID=#6, state=CLOSED, datanodeDetails=97e8c787-6023-4421-819a-0b5ced458c94{ip: 10.1.0.210, host: fv-az264-432.ca02foy5wcnuvlrvrz2wi3p2og.dx.internal.cloudapp.net, ports: [REPLICATION=41907, RATIS=36437, RATIS_ADMIN=36437, RATIS_SERVER=36437, STANDALONE=34177], networkLocation: /default-rack, certSerialId: null, persistedOpState: IN_SERVICE, persistedOpStateExpiryEpochSec: 0}, placeOfBirth=97e8c787-6023-4421-819a-0b5ced458c94, sequenceId=0, keyCount=6, bytesUsed=114,replicaIndex=4}}
2022-09-30 13:41:01,998 [DatanodeAdminManager-0] INFO  node.DatanodeAdminMonitorImpl (DatanodeAdminMonitorImpl.java:checkContainersReplicatedOnNode(306)) - Under Replicated Container #7 org.apache.hadoop.hdds.scm.container.replication.ECContainerReplicaCount@1c3f05e3; Replicas{ContainerReplica{containerID=#7, state=CLOSED, datanodeDetails=63487312-87aa-4652-9988-76e01a899b42{ip: 10.1.0.210, host: fv-az264-432.ca02foy5wcnuvlrvrz2wi3p2og.dx.internal.cloudapp.net, ports: [REPLICATION=33927, RATIS=39059, RATIS_ADMIN=39059, RATIS_SERVER=39059, STANDALONE=46255], networkLocation: /default-rack, certSerialId: null, persistedOpState: DECOMMISSIONING, persistedOpStateExpiryEpochSec: 0}, placeOfBirth=63487312-87aa-4652-9988-76e01a899b42, sequenceId=0, keyCount=5, bytesUsed=95,replicaIndex=4},ContainerReplica{containerID=#7, state=CLOSED, datanodeDetails=62666bfa-5b48-4194-8431-0a6941154381{ip: 10.1.0.210, host: fv-az264-432.ca02foy5wcnuvlrvrz2wi3p2og.dx.internal.cloudapp.net, ports: [REPLICATION=41651, RATIS=41785, RATIS_ADMIN=41785, RATIS_SERVER=41785, STANDALONE=43973], networkLocation: /default-rack, certSerialId: null, persistedOpState: IN_SERVICE, persistedOpStateExpiryEpochSec: 0}, placeOfBirth=62666bfa-5b48-4194-8431-0a6941154381, sequenceId=0, keyCount=5, bytesUsed=0,replicaIndex=2},ContainerReplica{containerID=#7, state=CLOSED, datanodeDetails=93a726fc-a128-4d5e-9b28-98a1d7a8eb0c{ip: 10.1.0.210, host: fv-az264-432.ca02foy5wcnuvlrvrz2wi3p2og.dx.internal.cloudapp.net, ports: [REPLICATION=34975, RATIS=43289, RATIS_ADMIN=43289, RATIS_SERVER=43289, STANDALONE=44081], networkLocation: /default-rack, certSerialId: null, persistedOpState: IN_SERVICE, persistedOpStateExpiryEpochSec: 0}, placeOfBirth=93a726fc-a128-4d5e-9b28-98a1d7a8eb0c, sequenceId=0, keyCount=5, bytesUsed=95,replicaIndex=1},ContainerReplica{containerID=#7, state=CLOSED, datanodeDetails=97e8c787-6023-4421-819a-0b5ced458c94{ip: 10.1.0.210, host: fv-az264-432.ca02foy5wcnuvlrvrz2wi3p2og.dx.internal.cloudapp.net, ports: [REPLICATION=41907, RATIS=36437, RATIS_ADMIN=36437, RATIS_SERVER=36437, STANDALONE=34177], networkLocation: /default-rack, certSerialId: null, persistedOpState: IN_SERVICE, persistedOpStateExpiryEpochSec: 0}, placeOfBirth=97e8c787-6023-4421-819a-0b5ced458c94, sequenceId=0, keyCount=5, bytesUsed=95,replicaIndex=5},ContainerReplica{containerID=#7, state=CLOSED, datanodeDetails=c604563f-8b94-483f-a354-2ed29e633e80{ip: 10.1.0.210, host: fv-az264-432.ca02foy5wcnuvlrvrz2wi3p2og.dx.internal.cloudapp.net, ports: [REPLICATION=41739, RATIS=36125, RATIS_ADMIN=36125, RATIS_SERVER=36125, STANDALONE=37547], networkLocation: /default-rack, certSerialId: null, persistedOpState: IN_SERVICE, persistedOpStateExpiryEpochSec: 0}, placeOfBirth=c604563f-8b94-483f-a354-2ed29e633e80, sequenceId=0, keyCount=5, bytesUsed=0,replicaIndex=3}}
2022-09-30 13:41:01,999 [DatanodeAdminManager-0] INFO  node.DatanodeAdminMonitorImpl (DatanodeAdminMonitorImpl.java:checkContainersReplicatedOnNode(306)) - Under Replicated Container #1 Container State: QUASI_CLOSED Replica Count: 3 Healthy Count: 2 Decommission Count: 1 Maintenance Count: 0 inFlightAdd Count: 1 inFightDel Count: 0 ReplicationFactor: 3 minMaintenance Count: 2; Replicas{ContainerReplica{containerID=#1, state=QUASI_CLOSED, datanodeDetails=97e8c787-6023-4421-819a-0b5ced458c94{ip: 10.1.0.210, host: fv-az264-432.ca02foy5wcnuvlrvrz2wi3p2og.dx.internal.cloudapp.net, ports: [REPLICATION=41907, RATIS=36437, RATIS_ADMIN=36437, RATIS_SERVER=36437, STANDALONE=34177], networkLocation: /default-rack, certSerialId: null, persistedOpState: IN_SERVICE, persistedOpStateExpiryEpochSec: 0}, placeOfBirth=97e8c787-6023-4421-819a-0b5ced458c94, sequenceId=72, keyCount=7, bytesUsed=133},ContainerReplica{containerID=#1, state=QUASI_CLOSED, datanodeDetails=62666bfa-5b48-4194-8431-0a6941154381{ip: 10.1.0.210, host: fv-az264-432.ca02foy5wcnuvlrvrz2wi3p2og.dx.internal.cloudapp.net, ports: [REPLICATION=41651, RATIS=41785, RATIS_ADMIN=41785, RATIS_SERVER=41785, STANDALONE=43973], networkLocation: /default-rack, certSerialId: null, persistedOpState: IN_SERVICE, persistedOpStateExpiryEpochSec: 0}, placeOfBirth=62666bfa-5b48-4194-8431-0a6941154381, sequenceId=72, keyCount=7, bytesUsed=133},ContainerReplica{containerID=#1, state=QUASI_CLOSED, datanodeDetails=63487312-87aa-4652-9988-76e01a899b42{ip: 10.1.0.210, host: fv-az264-432.ca02foy5wcnuvlrvrz2wi3p2og.dx.internal.cloudapp.net, ports: [REPLICATION=33927, RATIS=39059, RATIS_ADMIN=39059, RATIS_SERVER=39059, STANDALONE=46255], networkLocation: /default-rack, certSerialId: null, persistedOpState: DECOMMISSIONING, persistedOpStateExpiryEpochSec: 0}, placeOfBirth=63487312-87aa-4652-9988-76e01a899b42, sequenceId=72, keyCount=7, bytesUsed=133}}
2022-09-30 13:41:01,999 [DatanodeAdminManager-0] INFO  node.DatanodeAdminMonitorImpl (DatanodeAdminMonitorImpl.java:checkContainersReplicatedOnNode(306)) - Under Replicated Container #2 Container State: QUASI_CLOSED Replica Count: 3 Healthy Count: 2 Decommission Count: 1 Maintenance Count: 0 inFlightAdd Count: 1 inFightDel Count: 0 ReplicationFactor: 3 minMaintenance Count: 2; Replicas{ContainerReplica{containerID=#2, state=QUASI_CLOSED, datanodeDetails=63487312-87aa-4652-9988-76e01a899b42{ip: 10.1.0.210, host: fv-az264-432.ca02foy5wcnuvlrvrz2wi3p2og.dx.internal.cloudapp.net, ports: [REPLICATION=33927, RATIS=39059, RATIS_ADMIN=39059, RATIS_SERVER=39059, STANDALONE=46255], networkLocation: /default-rack, certSerialId: null, persistedOpState: DECOMMISSIONING, persistedOpStateExpiryEpochSec: 0}, placeOfBirth=63487312-87aa-4652-9988-76e01a899b42, sequenceId=76, keyCount=7, bytesUsed=133},ContainerReplica{containerID=#2, state=QUASI_CLOSED, datanodeDetails=97e8c787-6023-4421-819a-0b5ced458c94{ip: 10.1.0.210, host: fv-az264-432.ca02foy5wcnuvlrvrz2wi3p2og.dx.internal.cloudapp.net, ports: [REPLICATION=41907, RATIS=36437, RATIS_ADMIN=36437, RATIS_SERVER=36437, STANDALONE=34177], networkLocation: /default-rack, certSerialId: null, persistedOpState: IN_SERVICE, persistedOpStateExpiryEpochSec: 0}, placeOfBirth=97e8c787-6023-4421-819a-0b5ced458c94, sequenceId=76, keyCount=7, bytesUsed=133},ContainerReplica{containerID=#2, state=QUASI_CLOSED, datanodeDetails=62666bfa-5b48-4194-8431-0a6941154381{ip: 10.1.0.210, host: fv-az264-432.ca02foy5wcnuvlrvrz2wi3p2og.dx.internal.cloudapp.net, ports: [REPLICATION=41651, RATIS=41785, RATIS_ADMIN=41785, RATIS_SERVER=41785, STANDALONE=43973], networkLocation: /default-rack, certSerialId: null, persistedOpState: IN_SERVICE, persistedOpStateExpiryEpochSec: 0}, placeOfBirth=62666bfa-5b48-4194-8431-0a6941154381, sequenceId=76, keyCount=7, bytesUsed=133}}
2022-09-30 13:41:01,999 [DatanodeAdminManager-0] INFO  node.DatanodeAdminMonitorImpl (DatanodeAdminMonitorImpl.java:checkContainersReplicatedOnNode(306)) - Under Replicated Container #3 Container State: QUASI_CLOSED Replica Count: 3 Healthy Count: 2 Decommission Count: 1 Maintenance Count: 0 inFlightAdd Count: 1 inFightDel Count: 0 ReplicationFactor: 3 minMaintenance Count: 2; Replicas{ContainerReplica{containerID=#3, state=QUASI_CLOSED, datanodeDetails=97e8c787-6023-4421-819a-0b5ced458c94{ip: 10.1.0.210, host: fv-az264-432.ca02foy5wcnuvlrvrz2wi3p2og.dx.internal.cloudapp.net, ports: [REPLICATION=41907, RATIS=36437, RATIS_ADMIN=36437, RATIS_SERVER=36437, STANDALONE=34177], networkLocation: /default-rack, certSerialId: null, persistedOpState: IN_SERVICE, persistedOpStateExpiryEpochSec: 0}, placeOfBirth=97e8c787-6023-4421-819a-0b5ced458c94, sequenceId=68, keyCount=6, bytesUsed=114},ContainerReplica{containerID=#3, state=QUASI_CLOSED, datanodeDetails=62666bfa-5b48-4194-8431-0a6941154381{ip: 10.1.0.210, host: fv-az264-432.ca02foy5wcnuvlrvrz2wi3p2og.dx.internal.cloudapp.net, ports: [REPLICATION=41651, RATIS=41785, RATIS_ADMIN=41785, RATIS_SERVER=41785, STANDALONE=43973], networkLocation: /default-rack, certSerialId: null, persistedOpState: IN_SERVICE, persistedOpStateExpiryEpochSec: 0}, placeOfBirth=62666bfa-5b48-4194-8431-0a6941154381, sequenceId=68, keyCount=6, bytesUsed=114},ContainerReplica{containerID=#3, state=QUASI_CLOSED, datanodeDetails=63487312-87aa-4652-9988-76e01a899b42{ip: 10.1.0.210, host: fv-az264-432.ca02foy5wcnuvlrvrz2wi3p2og.dx.internal.cloudapp.net, ports: [REPLICATION=33927, RATIS=39059, RATIS_ADMIN=39059, RATIS_SERVER=39059, STANDALONE=46255], networkLocation: /default-rack, certSerialId: null, persistedOpState: DECOMMISSIONING, persistedOpStateExpiryEpochSec: 0}, placeOfBirth=63487312-87aa-4652-9988-76e01a899b42, sequenceId=68, keyCount=6, bytesUsed=114}}
2022-09-30 13:41:01,999 [DatanodeAdminManager-0] INFO  node.DatanodeAdminMonitorImpl (DatanodeAdminMonitorImpl.java:checkContainersReplicatedOnNode(317)) - Unhealthy Container #4 org.apache.hadoop.hdds.scm.container.replication.ECContainerReplicaCount@2b15194a; Replicas{ContainerReplica{containerID=#4, state=CLOSED, datanodeDetails=63487312-87aa-4652-9988-76e01a899b42{ip: 10.1.0.210, host: fv-az264-432.ca02foy5wcnuvlrvrz2wi3p2og.dx.internal.cloudapp.net, ports: [REPLICATION=33927, RATIS=39059, RATIS_ADMIN=39059, RATIS_SERVER=39059, STANDALONE=46255], networkLocation: /default-rack, certSerialId: null, persistedOpState: DECOMMISSIONING, persistedOpStateExpiryEpochSec: 0}, placeOfBirth=63487312-87aa-4652-9988-76e01a899b42, sequenceId=0, keyCount=2, bytesUsed=0,replicaIndex=2},ContainerReplica{containerID=#4, state=CLOSED, datanodeDetails=97e8c787-6023-4421-819a-0b5ced458c94{ip: 10.1.0.210, host: fv-az264-432.ca02foy5wcnuvlrvrz2wi3p2og.dx.internal.cloudapp.net, ports: [REPLICATION=41907, RATIS=36437, RATIS_ADMIN=36437, RATIS_SERVER=36437, STANDALONE=34177], networkLocation: /default-rack, certSerialId: null, persistedOpState: IN_SERVICE, persistedOpStateExpiryEpochSec: 0}, placeOfBirth=97e8c787-6023-4421-819a-0b5ced458c94, sequenceId=0, keyCount=2, bytesUsed=38,replicaIndex=4},ContainerReplica{containerID=#4, state=OPEN, datanodeDetails=43811407-7c21-4fcd-ab69-dbd9b60ed504{ip: 10.1.0.210, host: fv-az264-432.ca02foy5wcnuvlrvrz2wi3p2og.dx.internal.cloudapp.net, ports: [REPLICATION=35185, RATIS=42941, RATIS_ADMIN=42941, RATIS_SERVER=42941, STANDALONE=35079], networkLocation: /default-rack, certSerialId: null, persistedOpState: IN_SERVICE, persistedOpStateExpiryEpochSec: 0}, placeOfBirth=43811407-7c21-4fcd-ab69-dbd9b60ed504, sequenceId=0, keyCount=2, bytesUsed=38,replicaIndex=5},ContainerReplica{containerID=#4, state=CLOSED, datanodeDetails=93a726fc-a128-4d5e-9b28-98a1d7a8eb0c{ip: 10.1.0.210, host: fv-az264-432.ca02foy5wcnuvlrvrz2wi3p2og.dx.internal.cloudapp.net, ports: [REPLICATION=34975, RATIS=43289, RATIS_ADMIN=43289, RATIS_SERVER=43289, STANDALONE=44081], networkLocation: /default-rack, certSerialId: null, persistedOpState: IN_SERVICE, persistedOpStateExpiryEpochSec: 0}, placeOfBirth=93a726fc-a128-4d5e-9b28-98a1d7a8eb0c, sequenceId=0, keyCount=2, bytesUsed=38,replicaIndex=1},ContainerReplica{containerID=#4, state=CLOSED, datanodeDetails=62666bfa-5b48-4194-8431-0a6941154381{ip: 10.1.0.210, host: fv-az264-432.ca02foy5wcnuvlrvrz2wi3p2og.dx.internal.cloudapp.net, ports: [REPLICATION=41651, RATIS=41785, RATIS_ADMIN=41785, RATIS_SERVER=41785, STANDALONE=43973], networkLocation: /default-rack, certSerialId: null, persistedOpState: IN_SERVICE, persistedOpStateExpiryEpochSec: 0}, placeOfBirth=62666bfa-5b48-4194-8431-0a6941154381, sequenceId=0, keyCount=2, bytesUsed=0,replicaIndex=3}}
2022-09-30 13:41:01,999 [DatanodeAdminManager-0] INFO  node.DatanodeAdminMonitorImpl (DatanodeAdminMonitorImpl.java:checkContainersReplicatedOnNode(327)) - 63487312-87aa-4652-9988-76e01a899b42{ip: 10.1.0.210, host: fv-az264-432.ca02foy5wcnuvlrvrz2wi3p2og.dx.internal.cloudapp.net, ports: [REPLICATION=33927, RATIS=39059, RATIS_ADMIN=39059, RATIS_SERVER=39059, STANDALONE=46255], networkLocation: /default-rack, certSerialId: null, persistedOpState: DECOMMISSIONING, persistedOpStateExpiryEpochSec: 0} has 0 sufficientlyReplicated, 6 underReplicated and 2 unhealthy containers
2022-09-30 13:41:01,999 [DatanodeAdminManager-0] INFO  node.DatanodeAdminMonitorImpl (DatanodeAdminMonitorImpl.java:run(148)) - There are 1 nodes tracked for decommission and maintenance. 0 pending nodes.
2022-09-30 13:41:01,995 [ContainerReplicationThread-0] INFO  replication.DownloadAndImportReplicator (DownloadAndImportReplicator.java:replicate(105)) - Starting replication of container 1 from [63487312-87aa-4652-9988-76e01a899b42{ip: 10.1.0.210, host: fv-az264-432.ca02foy5wcnuvlrvrz2wi3p2og.dx.internal.cloudapp.net, ports: [REPLICATION=33927, RATIS=39059, RATIS_ADMIN=39059, RATIS_SERVER=39059, STANDALONE=46255], networkLocation: /default-rack, certSerialId: null, persistedOpState: DECOMMISSIONING, persistedOpStateExpiryEpochSec: 0}]
2022-09-30 13:41:02,005 [Over Replicated Processor] INFO  replication.OverReplicatedProcessor (OverReplicatedProcessor.java:processAll(90)) - Processed 0 over replicated containers, failed processing 0
2022-09-30 13:41:02,005 [ContainerReplicationThread-1] INFO  replication.DownloadAndImportReplicator (DownloadAndImportReplicator.java:replicate(105)) - Starting replication of container 2 from [63487312-87aa-4652-9988-76e01a899b42{ip: 10.1.0.210, host: fv-az264-432.ca02foy5wcnuvlrvrz2wi3p2og.dx.internal.cloudapp.net, ports: [REPLICATION=33927, RATIS=39059, RATIS_ADMIN=39059, RATIS_SERVER=39059, STANDALONE=46255], networkLocation: /default-rack, certSerialId: null, persistedOpState: DECOMMISSIONING, persistedOpStateExpiryEpochSec: 0}]
2022-09-30 13:41:02,007 [grpc-default-executor-6] INFO  replication.GrpcReplicationService (GrpcReplicationService.java:download(52)) - Streaming container data (1) to other datanode
2022-09-30 13:41:02,023 [grpc-default-executor-3] INFO  replication.GrpcReplicationService (GrpcReplicationService.java:download(52)) - Streaming container data (2) to other datanode
2022-09-30 13:41:02,049 [ReplicationMonitor] INFO  replication.LegacyReplicationManager (LegacyReplicationManager.java:forceCloseContainer(1108)) - Force closing container #1 with BCSID 72, which is in QUASI_CLOSED state.
2022-09-30 13:41:02,050 [ReplicationMonitor] INFO  replication.LegacyReplicationManager (LegacyReplicationManager.java:sendCloseCommand(1512)) - Sending close container command for container #1 to datanode 97e8c787-6023-4421-819a-0b5ced458c94{ip: 10.1.0.210, host: fv-az264-432.ca02foy5wcnuvlrvrz2wi3p2og.dx.internal.cloudapp.net, ports: [REPLICATION=41907, RATIS=36437, RATIS_ADMIN=36437, RATIS_SERVER=36437, STANDALONE=34177], networkLocation: /default-rack, certSerialId: null, persistedOpState: IN_SERVICE, persistedOpStateExpiryEpochSec: 0}.
2022-09-30 13:41:02,050 [ReplicationMonitor] INFO  replication.LegacyReplicationManager (LegacyReplicationManager.java:sendCloseCommand(1512)) - Sending close container command for container #1 to datanode 62666bfa-5b48-4194-8431-0a6941154381{ip: 10.1.0.210, host: fv-az264-432.ca02foy5wcnuvlrvrz2wi3p2og.dx.internal.cloudapp.net, ports: [REPLICATION=41651, RATIS=41785, RATIS_ADMIN=41785, RATIS_SERVER=41785, STANDALONE=43973], networkLocation: /default-rack, certSerialId: null, persistedOpState: IN_SERVICE, persistedOpStateExpiryEpochSec: 0}.
2022-09-30 13:41:02,050 [ReplicationMonitor] INFO  replication.LegacyReplicationManager (LegacyReplicationManager.java:sendCloseCommand(1512)) - Sending close container command for container #1 to datanode 63487312-87aa-4652-9988-76e01a899b42{ip: 10.1.0.210, host: fv-az264-432.ca02foy5wcnuvlrvrz2wi3p2og.dx.internal.cloudapp.net, ports: [REPLICATION=33927, RATIS=39059, RATIS_ADMIN=39059, RATIS_SERVER=39059, STANDALONE=46255], networkLocation: /default-rack, certSerialId: null, persistedOpState: DECOMMISSIONING, persistedOpStateExpiryEpochSec: 0}.
2022-09-30 13:41:02,050 [ReplicationMonitor] INFO  replication.LegacyReplicationManager (LegacyReplicationManager.java:forceCloseContainer(1108)) - Force closing container #2 with BCSID 76, which is in QUASI_CLOSED state.
2022-09-30 13:41:02,050 [ReplicationMonitor] INFO  replication.LegacyReplicationManager (LegacyReplicationManager.java:sendCloseCommand(1512)) - Sending close container command for container #2 to datanode 63487312-87aa-4652-9988-76e01a899b42{ip: 10.1.0.210, host: fv-az264-432.ca02foy5wcnuvlrvrz2wi3p2og.dx.internal.cloudapp.net, ports: [REPLICATION=33927, RATIS=39059, RATIS_ADMIN=39059, RATIS_SERVER=39059, STANDALONE=46255], networkLocation: /default-rack, certSerialId: null, persistedOpState: DECOMMISSIONING, persistedOpStateExpiryEpochSec: 0}.
2022-09-30 13:41:02,050 [ReplicationMonitor] INFO  replication.LegacyReplicationManager (LegacyReplicationManager.java:sendCloseCommand(1512)) - Sending close container command for container #2 to datanode 97e8c787-6023-4421-819a-0b5ced458c94{ip: 10.1.0.210, host: fv-az264-432.ca02foy5wcnuvlrvrz2wi3p2og.dx.internal.cloudapp.net, ports: [REPLICATION=41907, RATIS=36437, RATIS_ADMIN=36437, RATIS_SERVER=36437, STANDALONE=34177], networkLocation: /default-rack, certSerialId: null, persistedOpState: IN_SERVICE, persistedOpStateExpiryEpochSec: 0}.
2022-09-30 13:41:02,051 [ReplicationMonitor] INFO  replication.LegacyReplicationManager (LegacyReplicationManager.java:sendCloseCommand(1512)) - Sending close container command for container #2 to datanode 62666bfa-5b48-4194-8431-0a6941154381{ip: 10.1.0.210, host: fv-az264-432.ca02foy5wcnuvlrvrz2wi3p2og.dx.internal.cloudapp.net, ports: [REPLICATION=41651, RATIS=41785, RATIS_ADMIN=41785, RATIS_SERVER=41785, STANDALONE=43973], networkLocation: /default-rack, certSerialId: null, persistedOpState: IN_SERVICE, persistedOpStateExpiryEpochSec: 0}.
2022-09-30 13:41:02,051 [ReplicationMonitor] INFO  replication.LegacyReplicationManager (LegacyReplicationManager.java:forceCloseContainer(1108)) - Force closing container #3 with BCSID 68, which is in QUASI_CLOSED state.
2022-09-30 13:41:02,051 [ReplicationMonitor] INFO  replication.LegacyReplicationManager (LegacyReplicationManager.java:sendCloseCommand(1512)) - Sending close container command for container #3 to datanode 97e8c787-6023-4421-819a-0b5ced458c94{ip: 10.1.0.210, host: fv-az264-432.ca02foy5wcnuvlrvrz2wi3p2og.dx.internal.cloudapp.net, ports: [REPLICATION=41907, RATIS=36437, RATIS_ADMIN=36437, RATIS_SERVER=36437, STANDALONE=34177], networkLocation: /default-rack, certSerialId: null, persistedOpState: IN_SERVICE, persistedOpStateExpiryEpochSec: 0}.
2022-09-30 13:41:02,051 [ReplicationMonitor] INFO  replication.LegacyReplicationManager (LegacyReplicationManager.java:sendCloseCommand(1512)) - Sending close container command for container #3 to datanode 62666bfa-5b48-4194-8431-0a6941154381{ip: 10.1.0.210, host: fv-az264-432.ca02foy5wcnuvlrvrz2wi3p2og.dx.internal.cloudapp.net, ports: [REPLICATION=41651, RATIS=41785, RATIS_ADMIN=41785, RATIS_SERVER=41785, STANDALONE=43973], networkLocation: /default-rack, certSerialId: null, persistedOpState: IN_SERVICE, persistedOpStateExpiryEpochSec: 0}.
2022-09-30 13:41:02,051 [ReplicationMonitor] INFO  replication.LegacyReplicationManager (LegacyReplicationManager.java:sendCloseCommand(1512)) - Sending close container command for container #3 to datanode 63487312-87aa-4652-9988-76e01a899b42{ip: 10.1.0.210, host: fv-az264-432.ca02foy5wcnuvlrvrz2wi3p2og.dx.internal.cloudapp.net, ports: [REPLICATION=33927, RATIS=39059, RATIS_ADMIN=39059, RATIS_SERVER=39059, STANDALONE=46255], networkLocation: /default-rack, certSerialId: null, persistedOpState: DECOMMISSIONING, persistedOpStateExpiryEpochSec: 0}.
2022-09-30 13:41:02,051 [ReplicationMonitor] INFO  replication.ReplicationManager (ReplicationManager.java:sendCloseContainerReplicaCommand(467)) - Sending close container command for container #4 to datanode 43811407-7c21-4fcd-ab69-dbd9b60ed504{ip: 10.1.0.210, host: fv-az264-432.ca02foy5wcnuvlrvrz2wi3p2og.dx.internal.cloudapp.net, ports: [REPLICATION=35185, RATIS=42941, RATIS_ADMIN=42941, RATIS_SERVER=42941, STANDALONE=35079], networkLocation: /default-rack, certSerialId: null, persistedOpState: IN_SERVICE, persistedOpStateExpiryEpochSec: 0}.
2022-09-30 13:41:02,051 [ReplicationMonitor] INFO  replication.ReplicationManager (ReplicationManager.java:sendCloseContainerReplicaCommand(467)) - Sending close container command for container #6 to datanode 43811407-7c21-4fcd-ab69-dbd9b60ed504{ip: 10.1.0.210, host: fv-az264-432.ca02foy5wcnuvlrvrz2wi3p2og.dx.internal.cloudapp.net, ports: [REPLICATION=35185, RATIS=42941, RATIS_ADMIN=42941, RATIS_SERVER=42941, STANDALONE=35079], networkLocation: /default-rack, certSerialId: null, persistedOpState: IN_SERVICE, persistedOpStateExpiryEpochSec: 0}.
2022-09-30 13:41:02,059 [ReplicationMonitor] INFO  replication.ReplicationManager (ReplicationManager.java:processAll(324)) - Replication Monitor Thread took 13 milliseconds for processing 8 containers.
2022-09-30 13:41:02,064 [grpc-default-executor-3] INFO  replication.GrpcOutputStream (GrpcOutputStream.java:close(104)) - Sent 11073 bytes for container 2
2022-09-30 13:41:02,064 [grpc-default-executor-1] INFO  replication.GrpcOutputStream (GrpcOutputStream.java:close(104)) - Sent 10998 bytes for container 3
2022-09-30 13:41:02,065 [grpc-default-executor-6] INFO  replication.GrpcOutputStream (GrpcOutputStream.java:close(104)) - Sent 11085 bytes for container 1
2022-09-30 13:41:02,081 [grpc-default-executor-1] INFO  replication.GrpcReplicationClient (GrpcReplicationClient.java:onCompleted(197)) - Container 2 is downloaded to /home/runner/work/ozone/ozone/hadoop-ozone/integration-test/target/test-dir/MiniOzoneClusterImpl-8c4c252e-cda6-42f5-b80f-9d168f3e16cf/datanode-3/data/replication/work/container-2.tar.gz
2022-09-30 13:41:02,081 [grpc-default-executor-3] INFO  replication.GrpcReplicationClient (GrpcReplicationClient.java:onCompleted(197)) - Container 1 is downloaded to /home/runner/work/ozone/ozone/hadoop-ozone/integration-test/target/test-dir/MiniOzoneClusterImpl-8c4c252e-cda6-42f5-b80f-9d168f3e16cf/datanode-3/data/replication/work/container-1.tar.gz
2022-09-30 13:41:02,084 [ContainerReplicationThread-1] INFO  replication.DownloadAndImportReplicator (DownloadAndImportReplicator.java:replicate(117)) - Container 2 is downloaded with size 11073, starting to import.
2022-09-30 13:41:02,082 [grpc-default-executor-6] INFO  replication.GrpcReplicationClient (GrpcReplicationClient.java:onCompleted(197)) - Container 3 is downloaded to /home/runner/work/ozone/ozone/hadoop-ozone/integration-test/target/test-dir/MiniOzoneClusterImpl-8c4c252e-cda6-42f5-b80f-9d168f3e16cf/datanode-6/data/replication/work/container-3.tar.gz
2022-09-30 13:41:02,088 [ContainerReplicationThread-0] INFO  replication.DownloadAndImportReplicator (DownloadAndImportReplicator.java:replicate(117)) - Container 3 is downloaded with size 10998, starting to import.
2022-09-30 13:41:02,088 [ContainerReplicationThread-0] INFO  replication.DownloadAndImportReplicator (DownloadAndImportReplicator.java:replicate(117)) - Container 1 is downloaded with size 11085, starting to import.
2022-09-30 13:41:02,174 [ContainerReplicationThread-1] INFO  replication.DownloadAndImportReplicator (DownloadAndImportReplicator.java:replicate(122)) - Container 2 is replicated successfully
2022-09-30 13:41:02,174 [ContainerReplicationThread-0] INFO  replication.DownloadAndImportReplicator (DownloadAndImportReplicator.java:replicate(122)) - Container 1 is replicated successfully
2022-09-30 13:41:02,178 [ContainerReplicationThread-0] INFO  replication.ReplicationSupervisor (ReplicationSupervisor.java:run(176)) - Container 1 is replicated.
2022-09-30 13:41:02,178 [ContainerReplicationThread-1] INFO  replication.ReplicationSupervisor (ReplicationSupervisor.java:run(176)) - Container 2 is replicated.
2022-09-30 13:41:02,185 [ContainerReplicationThread-0] INFO  replication.DownloadAndImportReplicator (DownloadAndImportReplicator.java:replicate(122)) - Container 3 is replicated successfully
2022-09-30 13:41:02,185 [ContainerReplicationThread-0] INFO  replication.ReplicationSupervisor (ReplicationSupervisor.java:run(176)) - Container 3 is replicated.
2022-09-30 13:41:02,191 [Command processor thread] INFO  keyvalue.KeyValueContainer (KeyValueContainer.java:flushAndSyncDB(436)) - Container 4 is synced with bcsId 0.
2022-09-30 13:41:02,191 [Command processor thread] INFO  keyvalue.KeyValueContainer (KeyValueContainer.java:flushAndSyncDB(436)) - Container 4 is synced with bcsId 0.
2022-09-30 13:41:02,193 [Command processor thread] INFO  keyvalue.KeyValueContainer (KeyValueContainer.java:close(351)) - Container 4 is closed with bcsId 0.
2022-09-30 13:41:02,201 [Command processor thread] INFO  keyvalue.KeyValueContainer (KeyValueContainer.java:flushAndSyncDB(436)) - Container 6 is synced with bcsId 0.
2022-09-30 13:41:02,201 [Command processor thread] INFO  keyvalue.KeyValueContainer (KeyValueContainer.java:flushAndSyncDB(436)) - Container 6 is synced with bcsId 0.
2022-09-30 13:41:02,206 [Command processor thread] INFO  keyvalue.KeyValueContainer (KeyValueContainer.java:close(351)) - Container 6 is closed with bcsId 0.
2022-09-30 13:41:02,269 [Listener at 127.0.0.1/45417] INFO  ozone.MiniOzoneClusterImpl (MiniOzoneClusterImpl.java:lambda$waitForClusterToBeReady$0(216)) - Waiting for nodes to be ready. Got 6 of 7 DN Heartbeats.
2022-09-30 13:41:02,269 [Listener at 127.0.0.1/45417] INFO  ozone.MiniOzoneClusterImpl (MiniOzoneClusterImpl.java:lambda$waitForClusterToBeReady$0(219)) - Waiting for cluster to exit safe mode
2022-09-30 13:41:02,269 [Listener at 127.0.0.1/45417] INFO  ozone.MiniOzoneClusterImpl (MiniOzoneClusterImpl.java:lambda$waitForClusterToBeReady$0(221)) - SCM became leader
2022-09-30 13:41:02,310 [IPC Server handler 6 on default port 42473] INFO  net.NetworkTopologyImpl (NetworkTopologyImpl.java:add(112)) - Added a new node: /default-rack/5fd21519-d465-486f-aa0a-eae2facbcca8
2022-09-30 13:41:02,311 [IPC Server handler 6 on default port 42473] INFO  node.SCMNodeManager (SCMNodeManager.java:register(397)) - Registered Data node : 5fd21519-d465-486f-aa0a-eae2facbcca8{ip: 10.1.0.210, host: fv-az264-432.ca02foy5wcnuvlrvrz2wi3p2og.dx.internal.cloudapp.net, ports: [REPLICATION=40217, RATIS=42913, RATIS_ADMIN=42913, RATIS_SERVER=42913, STANDALONE=33847], networkLocation: /default-rack, certSerialId: null, persistedOpState: null, persistedOpStateExpiryEpochSec: 0}
2022-09-30 13:41:02,311 [EventQueue-NewNodeForNewNodeHandler] INFO  pipeline.BackgroundPipelineCreator (BackgroundPipelineCreator.java:notifyEventTriggered(276)) - trigger a one-shot run on RatisPipelineUtilsThread.
2022-09-30 13:41:02,312 [RatisPipelineUtilsThread - 0] INFO  pipeline.RatisPipelineProvider (RatisPipelineProvider.java:lambda$create$0(195)) - Sending CreatePipelineCommand for pipeline:PipelineID=82fb9998-b55f-4da7-be5a-8ce821dbd11b to datanode:5fd21519-d465-486f-aa0a-eae2facbcca8
2022-09-30 13:41:02,313 [RatisPipelineUtilsThread - 0] INFO  pipeline.PipelineStateManagerImpl (PipelineStateManagerImpl.java:addPipeline(103)) - Created pipeline Pipeline[ Id: 82fb9998-b55f-4da7-be5a-8ce821dbd11b, Nodes: 5fd21519-d465-486f-aa0a-eae2facbcca8{ip: 10.1.0.210, host: fv-az264-432.ca02foy5wcnuvlrvrz2wi3p2og.dx.internal.cloudapp.net, ports: [REPLICATION=40217, RATIS=42913, RATIS_ADMIN=42913, RATIS_SERVER=42913, STANDALONE=33847], networkLocation: /default-rack, certSerialId: null, persistedOpState: IN_SERVICE, persistedOpStateExpiryEpochSec: 0}, ReplicationConfig: RATIS/ONE, State:ALLOCATED, leaderId:, CreationTimestamp2022-09-30T13:41:02.312Z[Etc/UTC]].
2022-09-30 13:41:02,327 [EventQueue-OpenPipelineForHealthyPipelineSafeModeRule] INFO  safemode.SCMSafeModeManager (HealthyPipelineSafeModeRule.java:process(137)) - SCM in safe mode. Healthy pipelines reported count is 0, required healthy pipeline reported count is 1
2022-09-30 13:41:02,669 [Command processor thread] INFO  server.RaftServer (RaftServerProxy.java:addNew(96)) - e1f0d285-df31-43ff-9499-3cdda764b68e: addNew group-6228FFB76884:[e1f0d285-df31-43ff-9499-3cdda764b68e|rpc:10.1.0.210:37835|priority:1] returns group-6228FFB76884:java.util.concurrent.CompletableFuture@36f2988f[Not completed]
2022-09-30 13:41:02,671 [pool-458-thread-1] INFO  server.RaftServer$Division (RaftServerImpl.java:<init>(190)) - e1f0d285-df31-43ff-9499-3cdda764b68e: new RaftServerImpl for group-6228FFB76884:[e1f0d285-df31-43ff-9499-3cdda764b68e|rpc:10.1.0.210:37835|priority:1] with ContainerStateMachine:uninitialized
2022-09-30 13:41:02,671 [pool-458-thread-1] INFO  server.RaftServerConfigKeys (ConfUtils.java:logGet(46)) - raft.server.rpc.timeout.min = 5s (custom)
2022-09-30 13:41:02,671 [pool-458-thread-1] INFO  server.RaftServerConfigKeys (ConfUtils.java:logGet(46)) - raft.server.rpc.timeout.max = 5200ms (custom)
2022-09-30 13:41:02,671 [pool-458-thread-1] INFO  server.RaftServerConfigKeys (ConfUtils.java:logGet(46)) - raft.server.rpc.sleep.time = 25ms (default)
2022-09-30 13:41:02,671 [pool-458-thread-1] INFO  server.RaftServerConfigKeys (ConfUtils.java:logGet(46)) - raft.server.rpc.slowness.timeout = 300s (custom)
2022-09-30 13:41:02,671 [pool-458-thread-1] INFO  server.RaftServerConfigKeys (ConfUtils.java:logGet(46)) - raft.server.leaderelection.leader.step-down.wait-time = 10s (default)
2022-09-30 13:41:02,671 [pool-458-thread-1] INFO  server.RaftServerConfigKeys (ConfUtils.java:logGet(46)) - raft.server.sleep.deviation.threshold = 300ms (default)
2022-09-30 13:41:02,671 [pool-458-thread-1] INFO  server.RaftServer$Division (ServerState.java:<init>(107)) - e1f0d285-df31-43ff-9499-3cdda764b68e@group-6228FFB76884: ConfigurationManager, init=-1: [e1f0d285-df31-43ff-9499-3cdda764b68e|rpc:10.1.0.210:37835|priority:1], old=null, confs=<EMPTY_MAP>
2022-09-30 13:41:02,671 [pool-458-thread-1] INFO  server.RaftServerConfigKeys (ConfUtils.java:logGet(46)) - raft.server.storage.dir = [/home/runner/work/ozone/ozone/hadoop-ozone/integration-test/target/test-dir/MiniOzoneClusterImpl-b8847c17-62d3-4307-a1ed-7c038275c3d3/datanode-3/data/ratis] (custom)
2022-09-30 13:41:02,672 [pool-458-thread-1] INFO  server.RaftServerConfigKeys (ConfUtils.java:logGet(46)) - raft.server.log.corruption.policy = EXCEPTION (default)
2022-09-30 13:41:02,672 [pool-458-thread-1] INFO  server.RaftServerConfigKeys (ConfUtils.java:logGet(46)) - raft.server.storage.free-space.min = 0MB (=0) (default)
2022-09-30 13:41:02,672 [pool-458-thread-1] INFO  storage.RaftStorageDirectory (RaftStorageDirectoryImpl.java:analyzeStorage(135)) - The storage directory /home/runner/work/ozone/ozone/hadoop-ozone/integration-test/target/test-dir/MiniOzoneClusterImpl-b8847c17-62d3-4307-a1ed-7c038275c3d3/datanode-3/data/ratis/67d0783f-f847-42fb-9c95-6228ffb76884 does not exist. Creating ...
2022-09-30 13:41:02,674 [pool-458-thread-1] INFO  storage.RaftStorageDirectory (RaftStorageDirectoryImpl.java:tryLock(230)) - Lock on /home/runner/work/ozone/ozone/hadoop-ozone/integration-test/target/test-dir/MiniOzoneClusterImpl-b8847c17-62d3-4307-a1ed-7c038275c3d3/datanode-3/data/ratis/67d0783f-f847-42fb-9c95-6228ffb76884/in_use.lock acquired by nodename 61277@fv-az264-432
2022-09-30 13:41:02,676 [pool-458-thread-1] INFO  storage.RaftStorage (RaftStorageImpl.java:format(89)) - Storage directory /home/runner/work/ozone/ozone/hadoop-ozone/integration-test/target/test-dir/MiniOzoneClusterImpl-b8847c17-62d3-4307-a1ed-7c038275c3d3/datanode-3/data/ratis/67d0783f-f847-42fb-9c95-6228ffb76884 has been successfully formatted.
2022-09-30 13:41:02,676 [pool-458-thread-1] INFO  ratis.ContainerStateMachine (ContainerStateMachine.java:loadSnapshot(236)) - group-6228FFB76884: The snapshot info is null. Setting the last applied indexto:(t:0, i:~)
2022-09-30 13:41:02,676 [pool-458-thread-1] INFO  server.RaftServerConfigKeys (ConfUtils.java:logGet(46)) - raft.server.notification.no-leader.timeout = 300s (custom)
2022-09-30 13:41:02,676 [pool-458-thread-1] INFO  server.RaftServerConfigKeys (ConfUtils.java:logGet(46)) - raft.server.log.use.memory = false (default)
2022-09-30 13:41:02,676 [pool-458-thread-1] INFO  server.RaftServerConfigKeys (ConfUtils.java:logGet(46)) - raft.server.log.purge.gap = 1000000 (custom)
2022-09-30 13:41:02,676 [pool-458-thread-1] INFO  server.RaftServerConfigKeys (ConfUtils.java:logGet(46)) - raft.server.log.appender.buffer.byte-limit = 33554432 (custom)
2022-09-30 13:41:02,676 [pool-458-thread-1] INFO  server.RaftServerConfigKeys (ConfUtils.java:logGet(46)) - raft.server.log.statemachine.data.read.timeout = 1000ms (default)
2022-09-30 13:41:02,677 [pool-458-thread-1] INFO  server.RaftServerConfigKeys (ConfUtils.java:logGet(46)) - raft.server.log.segment.size.max = 1048576 (custom)
2022-09-30 13:41:02,677 [EventQueue-PipelineReportForPipelineReportHandler] INFO  pipeline.PipelineManagerImpl (PipelineManagerImpl.java:openPipeline(367)) - Pipeline Pipeline[ Id: 67d0783f-f847-42fb-9c95-6228ffb76884, Nodes: e1f0d285-df31-43ff-9499-3cdda764b68e{ip: 10.1.0.210, host: fv-az264-432.ca02foy5wcnuvlrvrz2wi3p2og.dx.internal.cloudapp.net, ports: [REPLICATION=38227, RATIS=37835, RATIS_ADMIN=37835, RATIS_SERVER=37835, STANDALONE=46171], networkLocation: /default-rack, certSerialId: null, persistedOpState: IN_SERVICE, persistedOpStateExpiryEpochSec: 0}, ReplicationConfig: RATIS/ONE, State:ALLOCATED, leaderId:e1f0d285-df31-43ff-9499-3cdda764b68e, CreationTimestamp2022-09-30T13:40:59.674Z[Etc/UTC]] moved to OPEN state
2022-09-30 13:41:02,679 [EventQueue-OpenPipelineForHealthyPipelineSafeModeRule] INFO  safemode.SCMSafeModeManager (HealthyPipelineSafeModeRule.java:process(137)) - SCM in safe mode. Healthy pipelines reported count is 0, required healthy pipeline reported count is 1
2022-09-30 13:41:02,679 [pool-458-thread-1] INFO  server.RaftServerConfigKeys (ConfUtils.java:logGet(46)) - raft.server.log.segment.cache.num.max = 2 (custom)
2022-09-30 13:41:02,679 [pool-458-thread-1] INFO  server.RaftServerConfigKeys (ConfUtils.java:logGet(46)) - raft.server.log.segment.cache.size.max = 200MB (=209715200) (default)
2022-09-30 13:41:02,680 [pool-458-thread-1] INFO  segmented.SegmentedRaftLogWorker (SegmentedRaftLogWorker.java:<init>(187)) - new e1f0d285-df31-43ff-9499-3cdda764b68e@group-6228FFB76884-SegmentedRaftLogWorker for RaftStorageImpl:Storage Directory /home/runner/work/ozone/ozone/hadoop-ozone/integration-test/target/test-dir/MiniOzoneClusterImpl-b8847c17-62d3-4307-a1ed-7c038275c3d3/datanode-3/data/ratis/67d0783f-f847-42fb-9c95-6228ffb76884
2022-09-30 13:41:02,680 [pool-458-thread-1] INFO  server.RaftServerConfigKeys (ConfUtils.java:logGet(46)) - raft.server.log.queue.byte-limit = 4294967296 (custom)
2022-09-30 13:41:02,680 [pool-458-thread-1] INFO  server.RaftServerConfigKeys (ConfUtils.java:logGet(46)) - raft.server.log.queue.element-limit = 1024 (custom)
2022-09-30 13:41:02,680 [pool-458-thread-1] INFO  server.RaftServerConfigKeys (ConfUtils.java:logGet(46)) - raft.server.log.segment.size.max = 1048576 (custom)
2022-09-30 13:41:02,680 [pool-458-thread-1] INFO  server.RaftServerConfigKeys (ConfUtils.java:logGet(46)) - raft.server.log.preallocated.size = 16384 (custom)
2022-09-30 13:41:02,680 [pool-458-thread-1] INFO  server.RaftServerConfigKeys (ConfUtils.java:logGet(46)) - raft.server.log.force.sync.num = 128 (default)
2022-09-30 13:41:02,680 [pool-458-thread-1] INFO  server.RaftServerConfigKeys (ConfUtils.java:logGet(46)) - raft.server.log.statemachine.data.sync = true (default)
2022-09-30 13:41:02,680 [pool-458-thread-1] INFO  server.RaftServerConfigKeys (ConfUtils.java:logGet(46)) - raft.server.log.statemachine.data.sync.timeout = 10s (default)
2022-09-30 13:41:02,680 [pool-458-thread-1] INFO  server.RaftServerConfigKeys (ConfUtils.java:logGet(46)) - raft.server.log.statemachine.data.sync.timeout.retry = -1 (default)
2022-09-30 13:41:02,681 [pool-458-thread-1] INFO  server.RaftServerConfigKeys (ConfUtils.java:logGet(46)) - raft.server.log.write.buffer.size = 1048576 (custom)
2022-09-30 13:41:02,682 [pool-458-thread-1] INFO  server.RaftServerConfigKeys (ConfUtils.java:logGet(46)) - raft.server.log.unsafe-flush.enabled = false (default)
2022-09-30 13:41:02,682 [pool-458-thread-1] INFO  server.RaftServerConfigKeys (ConfUtils.java:logGet(46)) - raft.server.log.statemachine.data.caching.enabled = true (custom)
2022-09-30 13:41:02,682 [pool-458-thread-1] INFO  segmented.SegmentedRaftLogWorker (SegmentedRaftLogWorker.java:lambda$new$0(135)) - e1f0d285-df31-43ff-9499-3cdda764b68e@group-6228FFB76884-SegmentedRaftLogWorker: flushIndex: setUnconditionally 0 -> -1
2022-09-30 13:41:02,682 [pool-458-thread-1] INFO  segmented.SegmentedRaftLogWorker (SegmentedRaftLogWorker.java:lambda$new$0(135)) - e1f0d285-df31-43ff-9499-3cdda764b68e@group-6228FFB76884-SegmentedRaftLogWorker: safeCacheEvictIndex: setUnconditionally 0 -> -1
2022-09-30 13:41:02,682 [pool-458-thread-1] INFO  server.RaftServerConfigKeys (ConfUtils.java:logGet(46)) - raft.server.snapshot.auto.trigger.enabled = true (custom)
2022-09-30 13:41:02,682 [pool-458-thread-1] INFO  server.RaftServerConfigKeys (ConfUtils.java:logGet(46)) - raft.server.snapshot.auto.trigger.threshold = 10000 (custom)
2022-09-30 13:41:02,682 [pool-458-thread-1] INFO  server.RaftServerConfigKeys (ConfUtils.java:logGet(46)) - raft.server.snapshot.retention.file.num = 5 (custom)
2022-09-30 13:41:02,683 [pool-458-thread-1] INFO  server.RaftServerConfigKeys (ConfUtils.java:logGet(46)) - raft.server.log.purge.upto.snapshot.index = false (default)
2022-09-30 13:41:02,683 [pool-458-thread-1] INFO  server.RaftServerConfigKeys (ConfUtils.java:logGet(46)) - raft.server.retrycache.expirytime = 600000ms (custom)
2022-09-30 13:41:02,683 [pool-458-thread-1] INFO  server.RaftServerConfigKeys (ConfUtils.java:logGet(46)) - raft.server.retrycache.statistics.expirytime = 100μs (default)
2022-09-30 13:41:02,684 [pool-458-thread-1] INFO  server.RaftServerConfigKeys (ConfUtils.java:logGet(46)) - raft.server.log.appender.install.snapshot.enabled = false (custom)
2022-09-30 13:41:02,684 [pool-458-thread-1] INFO  server.RaftServerConfigKeys (ConfUtils.java:logGet(46)) - raft.server.threadpool.server.cached = true (default)
2022-09-30 13:41:02,684 [pool-458-thread-1] INFO  server.RaftServerConfigKeys (ConfUtils.java:logGet(46)) - raft.server.threadpool.server.size = 0 (default)
2022-09-30 13:41:02,685 [pool-458-thread-1] INFO  server.RaftServerConfigKeys (ConfUtils.java:logGet(46)) - raft.server.threadpool.client.cached = true (default)
2022-09-30 13:41:02,685 [pool-458-thread-1] INFO  server.RaftServerConfigKeys (ConfUtils.java:logGet(46)) - raft.server.threadpool.client.size = 0 (default)
2022-09-30 13:41:02,685 [pool-458-thread-1] INFO  server.RaftServer$Division (RaftServerImpl.java:start(310)) - e1f0d285-df31-43ff-9499-3cdda764b68e@group-6228FFB76884: start as a follower, conf=-1: [e1f0d285-df31-43ff-9499-3cdda764b68e|rpc:10.1.0.210:37835|priority:1], old=null
2022-09-30 13:41:02,685 [pool-458-thread-1] INFO  server.RaftServer$Division (RaftServerImpl.java:setRole(299)) - e1f0d285-df31-43ff-9499-3cdda764b68e@group-6228FFB76884: changes role from      null to FOLLOWER at term 0 for startAsFollower
2022-09-30 13:41:02,685 [pool-458-thread-1] INFO  impl.RoleInfo (RoleInfo.java:updateAndGet(139)) - e1f0d285-df31-43ff-9499-3cdda764b68e: start e1f0d285-df31-43ff-9499-3cdda764b68e@group-6228FFB76884-FollowerState
2022-09-30 13:41:02,686 [pool-458-thread-1] INFO  util.JmxRegister (JmxRegister.java:tryRegister(44)) - Successfully registered JMX Bean with object name Ratis:service=RaftServer,group=group-6228FFB76884,id=e1f0d285-df31-43ff-9499-3cdda764b68e
2022-09-30 13:41:02,687 [EventQueue-OpenPipelineForHealthyPipelineSafeModeRule] INFO  safemode.SCMSafeModeManager (HealthyPipelineSafeModeRule.java:process(137)) - SCM in safe mode. Healthy pipelines reported count is 0, required healthy pipeline reported count is 1
2022-09-30 13:41:02,689 [Command processor thread] INFO  ratis.XceiverServerRatis (XceiverServerRatis.java:addGroup(765)) - Created group PipelineID=67d0783f-f847-42fb-9c95-6228ffb76884
2022-09-30 13:41:02,689 [Command processor thread] INFO  commandhandler.CreatePipelineCommandHandler (CreatePipelineCommandHandler.java:handle(113)) - Created Pipeline RATIS ONE PipelineID=67d0783f-f847-42fb-9c95-6228ffb76884.
2022-09-30 13:41:02,689 [Command processor thread] INFO  server.RaftServer (RaftServerProxy.java:addNew(96)) - e1f0d285-df31-43ff-9499-3cdda764b68e: addNew group-08FC9429451B:[2f2aa734-5659-47cb-9e8c-97447fb3d532|rpc:10.1.0.210:39967|priority:0, 1a0b3960-301a-4947-868f-ac6db93c3e0a|rpc:10.1.0.210:38269|priority:1, e1f0d285-df31-43ff-9499-3cdda764b68e|rpc:10.1.0.210:37835|priority:0] returns group-08FC9429451B:java.util.concurrent.CompletableFuture@32cd1a89[Not completed]
2022-09-30 13:41:02,690 [pool-458-thread-1] INFO  server.RaftServer$Division (RaftServerImpl.java:<init>(190)) - e1f0d285-df31-43ff-9499-3cdda764b68e: new RaftServerImpl for group-08FC9429451B:[2f2aa734-5659-47cb-9e8c-97447fb3d532|rpc:10.1.0.210:39967|priority:0, 1a0b3960-301a-4947-868f-ac6db93c3e0a|rpc:10.1.0.210:38269|priority:1, e1f0d285-df31-43ff-9499-3cdda764b68e|rpc:10.1.0.210:37835|priority:0] with ContainerStateMachine:uninitialized
2022-09-30 13:41:02,690 [pool-458-thread-1] INFO  server.RaftServerConfigKeys (ConfUtils.java:logGet(46)) - raft.server.rpc.timeout.min = 5s (custom)
2022-09-30 13:41:02,690 [pool-458-thread-1] INFO  server.RaftServerConfigKeys (ConfUtils.java:logGet(46)) - raft.server.rpc.timeout.max = 5200ms (custom)
2022-09-30 13:41:02,690 [pool-458-thread-1] INFO  server.RaftServerConfigKeys (ConfUtils.java:logGet(46)) - raft.server.rpc.sleep.time = 25ms (default)
2022-09-30 13:41:02,690 [pool-458-thread-1] INFO  server.RaftServerConfigKeys (ConfUtils.java:logGet(46)) - raft.server.rpc.slowness.timeout = 300s (custom)
2022-09-30 13:41:02,690 [pool-458-thread-1] INFO  server.RaftServerConfigKeys (ConfUtils.java:logGet(46)) - raft.server.leaderelection.leader.step-down.wait-time = 10s (default)
2022-09-30 13:41:02,690 [pool-458-thread-1] INFO  server.RaftServerConfigKeys (ConfUtils.java:logGet(46)) - raft.server.sleep.deviation.threshold = 300ms (default)
2022-09-30 13:41:02,690 [pool-458-thread-1] INFO  server.RaftServer$Division (ServerState.java:<init>(107)) - e1f0d285-df31-43ff-9499-3cdda764b68e@group-08FC9429451B: ConfigurationManager, init=-1: [2f2aa734-5659-47cb-9e8c-97447fb3d532|rpc:10.1.0.210:39967|priority:0, 1a0b3960-301a-4947-868f-ac6db93c3e0a|rpc:10.1.0.210:38269|priority:1, e1f0d285-df31-43ff-9499-3cdda764b68e|rpc:10.1.0.210:37835|priority:0], old=null, confs=<EMPTY_MAP>
2022-09-30 13:41:02,690 [pool-458-thread-1] INFO  server.RaftServerConfigKeys (ConfUtils.java:logGet(46)) - raft.server.storage.dir = [/home/runner/work/ozone/ozone/hadoop-ozone/integration-test/target/test-dir/MiniOzoneClusterImpl-b8847c17-62d3-4307-a1ed-7c038275c3d3/datanode-3/data/ratis] (custom)
2022-09-30 13:41:02,691 [pool-458-thread-1] INFO  server.RaftServerConfigKeys (ConfUtils.java:logGet(46)) - raft.server.log.corruption.policy = EXCEPTION (default)
2022-09-30 13:41:02,691 [pool-458-thread-1] INFO  server.RaftServerConfigKeys (ConfUtils.java:logGet(46)) - raft.server.storage.free-space.min = 0MB (=0) (default)
2022-09-30 13:41:02,691 [pool-458-thread-1] INFO  storage.RaftStorageDirectory (RaftStorageDirectoryImpl.java:analyzeStorage(135)) - The storage directory /home/runner/work/ozone/ozone/hadoop-ozone/integration-test/target/test-dir/MiniOzoneClusterImpl-b8847c17-62d3-4307-a1ed-7c038275c3d3/datanode-3/data/ratis/42ceb77f-f25d-4609-8363-08fc9429451b does not exist. Creating ...
2022-09-30 13:41:02,692 [pool-458-thread-1] INFO  storage.RaftStorageDirectory (RaftStorageDirectoryImpl.java:tryLock(230)) - Lock on /home/runner/work/ozone/ozone/hadoop-ozone/integration-test/target/test-dir/MiniOzoneClusterImpl-b8847c17-62d3-4307-a1ed-7c038275c3d3/datanode-3/data/ratis/42ceb77f-f25d-4609-8363-08fc9429451b/in_use.lock acquired by nodename 61277@fv-az264-432
2022-09-30 13:41:02,694 [pool-458-thread-1] INFO  storage.RaftStorage (RaftStorageImpl.java:format(89)) - Storage directory /home/runner/work/ozone/ozone/hadoop-ozone/integration-test/target/test-dir/MiniOzoneClusterImpl-b8847c17-62d3-4307-a1ed-7c038275c3d3/datanode-3/data/ratis/42ceb77f-f25d-4609-8363-08fc9429451b has been successfully formatted.
2022-09-30 13:41:02,695 [pool-458-thread-1] INFO  ratis.ContainerStateMachine (ContainerStateMachine.java:loadSnapshot(236)) - group-08FC9429451B: The snapshot info is null. Setting the last applied indexto:(t:0, i:~)
2022-09-30 13:41:02,696 [EventQueue-OpenPipelineForHealthyPipelineSafeModeRule] INFO  safemode.SCMSafeModeManager (HealthyPipelineSafeModeRule.java:process(137)) - SCM in safe mode. Healthy pipelines reported count is 0, required healthy pipeline reported count is 1
2022-09-30 13:41:02,696 [pool-458-thread-1] INFO  server.RaftServerConfigKeys (ConfUtils.java:logGet(46)) - raft.server.notification.no-leader.timeout = 300s (custom)
2022-09-30 13:41:02,696 [pool-458-thread-1] INFO  server.RaftServerConfigKeys (ConfUtils.java:logGet(46)) - raft.server.log.use.memory = false (default)
2022-09-30 13:41:02,696 [pool-458-thread-1] INFO  server.RaftServerConfigKeys (ConfUtils.java:logGet(46)) - raft.server.log.purge.gap = 1000000 (custom)
2022-09-30 13:41:02,696 [pool-458-thread-1] INFO  server.RaftServerConfigKeys (ConfUtils.java:logGet(46)) - raft.server.log.appender.buffer.byte-limit = 33554432 (custom)
2022-09-30 13:41:02,697 [pool-458-thread-1] INFO  server.RaftServerConfigKeys (ConfUtils.java:logGet(46)) - raft.server.log.statemachine.data.read.timeout = 1000ms (default)
2022-09-30 13:41:02,697 [pool-458-thread-1] INFO  server.RaftServerConfigKeys (ConfUtils.java:logGet(46)) - raft.server.log.segment.size.max = 1048576 (custom)
2022-09-30 13:41:02,697 [pool-458-thread-1] INFO  server.RaftServerConfigKeys (ConfUtils.java:logGet(46)) - raft.server.log.segment.cache.num.max = 2 (custom)
2022-09-30 13:41:02,697 [pool-458-thread-1] INFO  server.RaftServerConfigKeys (ConfUtils.java:logGet(46)) - raft.server.log.segment.cache.size.max = 200MB (=209715200) (default)
2022-09-30 13:41:02,697 [pool-458-thread-1] INFO  segmented.SegmentedRaftLogWorker (SegmentedRaftLogWorker.java:<init>(187)) - new e1f0d285-df31-43ff-9499-3cdda764b68e@group-08FC9429451B-SegmentedRaftLogWorker for RaftStorageImpl:Storage Directory /home/runner/work/ozone/ozone/hadoop-ozone/integration-test/target/test-dir/MiniOzoneClusterImpl-b8847c17-62d3-4307-a1ed-7c038275c3d3/datanode-3/data/ratis/42ceb77f-f25d-4609-8363-08fc9429451b
2022-09-30 13:41:02,697 [pool-458-thread-1] INFO  server.RaftServerConfigKeys (ConfUtils.java:logGet(46)) - raft.server.log.queue.byte-limit = 4294967296 (custom)
2022-09-30 13:41:02,697 [pool-458-thread-1] INFO  server.RaftServerConfigKeys (ConfUtils.java:logGet(46)) - raft.server.log.queue.element-limit = 1024 (custom)
2022-09-30 13:41:02,697 [pool-458-thread-1] INFO  server.RaftServerConfigKeys (ConfUtils.java:logGet(46)) - raft.server.log.segment.size.max = 1048576 (custom)
2022-09-30 13:41:02,698 [pool-458-thread-1] INFO  server.RaftServerConfigKeys (ConfUtils.java:logGet(46)) - raft.server.log.preallocated.size = 16384 (custom)
2022-09-30 13:41:02,698 [pool-458-thread-1] INFO  server.RaftServerConfigKeys (ConfUtils.java:logGet(46)) - raft.server.log.force.sync.num = 128 (default)
2022-09-30 13:41:02,698 [pool-458-thread-1] INFO  server.RaftServerConfigKeys (ConfUtils.java:logGet(46)) - raft.server.log.statemachine.data.sync = true (default)
2022-09-30 13:41:02,698 [pool-458-thread-1] INFO  server.RaftServerConfigKeys (ConfUtils.java:logGet(46)) - raft.server.log.statemachine.data.sync.timeout = 10s (default)
2022-09-30 13:41:02,698 [pool-458-thread-1] INFO  server.RaftServerConfigKeys (ConfUtils.java:logGet(46)) - raft.server.log.statemachine.data.sync.timeout.retry = -1 (default)
2022-09-30 13:41:02,699 [pool-458-thread-1] INFO  server.RaftServerConfigKeys (ConfUtils.java:logGet(46)) - raft.server.log.write.buffer.size = 1048576 (custom)
2022-09-30 13:41:02,700 [pool-458-thread-1] INFO  server.RaftServerConfigKeys (ConfUtils.java:logGet(46)) - raft.server.log.unsafe-flush.enabled = false (default)
2022-09-30 13:41:02,700 [pool-458-thread-1] INFO  server.RaftServerConfigKeys (ConfUtils.java:logGet(46)) - raft.server.log.statemachine.data.caching.enabled = true (custom)
2022-09-30 13:41:02,700 [pool-458-thread-1] INFO  segmented.SegmentedRaftLogWorker (SegmentedRaftLogWorker.java:lambda$new$0(135)) - e1f0d285-df31-43ff-9499-3cdda764b68e@group-08FC9429451B-SegmentedRaftLogWorker: flushIndex: setUnconditionally 0 -> -1
2022-09-30 13:41:02,700 [pool-458-thread-1] INFO  segmented.SegmentedRaftLogWorker (SegmentedRaftLogWorker.java:lambda$new$0(135)) - e1f0d285-df31-43ff-9499-3cdda764b68e@group-08FC9429451B-SegmentedRaftLogWorker: safeCacheEvictIndex: setUnconditionally 0 -> -1
2022-09-30 13:41:02,702 [pool-458-thread-1] INFO  server.RaftServerConfigKeys (ConfUtils.java:logGet(46)) - raft.server.snapshot.auto.trigger.enabled = true (custom)
2022-09-30 13:41:02,702 [pool-458-thread-1] INFO  server.RaftServerConfigKeys (ConfUtils.java:logGet(46)) - raft.server.snapshot.auto.trigger.threshold = 10000 (custom)
2022-09-30 13:41:02,702 [pool-458-thread-1] INFO  server.RaftServerConfigKeys (ConfUtils.java:logGet(46)) - raft.server.snapshot.retention.file.num = 5 (custom)
2022-09-30 13:41:02,702 [pool-458-thread-1] INFO  server.RaftServerConfigKeys (ConfUtils.java:logGet(46)) - raft.server.log.purge.upto.snapshot.index = false (default)
2022-09-30 13:41:02,702 [pool-458-thread-1] INFO  server.RaftServerConfigKeys (ConfUtils.java:logGet(46)) - raft.server.retrycache.expirytime = 600000ms (custom)
2022-09-30 13:41:02,703 [pool-458-thread-1] INFO  server.RaftServerConfigKeys (ConfUtils.java:logGet(46)) - raft.server.retrycache.statistics.expirytime = 100μs (default)
2022-09-30 13:41:02,704 [pool-458-thread-1] INFO  server.RaftServerConfigKeys (ConfUtils.java:logGet(46)) - raft.server.log.appender.install.snapshot.enabled = false (custom)
2022-09-30 13:41:02,704 [pool-458-thread-1] INFO  server.RaftServerConfigKeys (ConfUtils.java:logGet(46)) - raft.server.threadpool.server.cached = true (default)
2022-09-30 13:41:02,704 [pool-458-thread-1] INFO  server.RaftServerConfigKeys (ConfUtils.java:logGet(46)) - raft.server.threadpool.server.size = 0 (default)
2022-09-30 13:41:02,704 [pool-458-thread-1] INFO  server.RaftServerConfigKeys (ConfUtils.java:logGet(46)) - raft.server.threadpool.client.cached = true (default)
2022-09-30 13:41:02,704 [pool-458-thread-1] INFO  server.RaftServerConfigKeys (ConfUtils.java:logGet(46)) - raft.server.threadpool.client.size = 0 (default)
2022-09-30 13:41:02,704 [pool-458-thread-1] INFO  server.RaftServer$Division (RaftServerImpl.java:start(310)) - e1f0d285-df31-43ff-9499-3cdda764b68e@group-08FC9429451B: start as a follower, conf=-1: [2f2aa734-5659-47cb-9e8c-97447fb3d532|rpc:10.1.0.210:39967|priority:0, 1a0b3960-301a-4947-868f-ac6db93c3e0a|rpc:10.1.0.210:38269|priority:1, e1f0d285-df31-43ff-9499-3cdda764b68e|rpc:10.1.0.210:37835|priority:0], old=null
2022-09-30 13:41:02,704 [pool-458-thread-1] INFO  server.RaftServer$Division (RaftServerImpl.java:setRole(299)) - e1f0d285-df31-43ff-9499-3cdda764b68e@group-08FC9429451B: changes role from      null to FOLLOWER at term 0 for startAsFollower
2022-09-30 13:41:02,704 [pool-458-thread-1] INFO  impl.RoleInfo (RoleInfo.java:updateAndGet(139)) - e1f0d285-df31-43ff-9499-3cdda764b68e: start e1f0d285-df31-43ff-9499-3cdda764b68e@group-08FC9429451B-FollowerState
2022-09-30 13:41:02,711 [pool-458-thread-1] INFO  util.JmxRegister (JmxRegister.java:tryRegister(44)) - Successfully registered JMX Bean with object name Ratis:service=RaftServer,group=group-08FC9429451B,id=e1f0d285-df31-43ff-9499-3cdda764b68e
2022-09-30 13:41:02,712 [Command processor thread] INFO  ratis.XceiverServerRatis (XceiverServerRatis.java:addGroup(765)) - Created group PipelineID=42ceb77f-f25d-4609-8363-08fc9429451b
2022-09-30 13:41:02,808 [grpc-default-executor-3] INFO  server.RaftServer (RaftServerProxy.java:addNew(96)) - 1a0b3960-301a-4947-868f-ac6db93c3e0a: addNew group-08FC9429451B:[2f2aa734-5659-47cb-9e8c-97447fb3d532|rpc:10.1.0.210:39967|dataStream:|priority:0, 1a0b3960-301a-4947-868f-ac6db93c3e0a|rpc:10.1.0.210:38269|dataStream:|priority:1, e1f0d285-df31-43ff-9499-3cdda764b68e|rpc:10.1.0.210:37835|dataStream:|priority:0] returns group-08FC9429451B:java.util.concurrent.CompletableFuture@7bc51213[Not completed]
2022-09-30 13:41:02,811 [pool-534-thread-1] INFO  server.RaftServer$Division (RaftServerImpl.java:<init>(190)) - 1a0b3960-301a-4947-868f-ac6db93c3e0a: new RaftServerImpl for group-08FC9429451B:[2f2aa734-5659-47cb-9e8c-97447fb3d532|rpc:10.1.0.210:39967|dataStream:|priority:0, 1a0b3960-301a-4947-868f-ac6db93c3e0a|rpc:10.1.0.210:38269|dataStream:|priority:1, e1f0d285-df31-43ff-9499-3cdda764b68e|rpc:10.1.0.210:37835|dataStream:|priority:0] with ContainerStateMachine:uninitialized
2022-09-30 13:41:02,811 [pool-534-thread-1] INFO  server.RaftServerConfigKeys (ConfUtils.java:logGet(46)) - raft.server.rpc.timeout.min = 5s (custom)
2022-09-30 13:41:02,811 [pool-534-thread-1] INFO  server.RaftServerConfigKeys (ConfUtils.java:logGet(46)) - raft.server.rpc.timeout.max = 5200ms (custom)
2022-09-30 13:41:02,811 [pool-534-thread-1] INFO  server.RaftServerConfigKeys (ConfUtils.java:logGet(46)) - raft.server.rpc.sleep.time = 25ms (default)
2022-09-30 13:41:02,811 [pool-534-thread-1] INFO  server.RaftServerConfigKeys (ConfUtils.java:logGet(46)) - raft.server.rpc.slowness.timeout = 300s (custom)
2022-09-30 13:41:02,812 [pool-534-thread-1] INFO  server.RaftServerConfigKeys (ConfUtils.java:logGet(46)) - raft.server.leaderelection.leader.step-down.wait-time = 10s (default)
2022-09-30 13:41:02,812 [pool-534-thread-1] INFO  server.RaftServerConfigKeys (ConfUtils.java:logGet(46)) - raft.server.sleep.deviation.threshold = 300ms (default)
2022-09-30 13:41:02,812 [pool-534-thread-1] INFO  server.RaftServer$Division (ServerState.java:<init>(107)) - 1a0b3960-301a-4947-868f-ac6db93c3e0a@group-08FC9429451B: ConfigurationManager, init=-1: [2f2aa734-5659-47cb-9e8c-97447fb3d532|rpc:10.1.0.210:39967|dataStream:|priority:0, 1a0b3960-301a-4947-868f-ac6db93c3e0a|rpc:10.1.0.210:38269|dataStream:|priority:1, e1f0d285-df31-43ff-9499-3cdda764b68e|rpc:10.1.0.210:37835|dataStream:|priority:0], old=null, confs=<EMPTY_MAP>
2022-09-30 13:41:02,812 [pool-534-thread-1] INFO  server.RaftServerConfigKeys (ConfUtils.java:logGet(46)) - raft.server.storage.dir = [/home/runner/work/ozone/ozone/hadoop-ozone/integration-test/target/test-dir/MiniOzoneClusterImpl-b8847c17-62d3-4307-a1ed-7c038275c3d3/datanode-4/data/ratis] (custom)
2022-09-30 13:41:02,812 [pool-534-thread-1] INFO  server.RaftServerConfigKeys (ConfUtils.java:logGet(46)) - raft.server.log.corruption.policy = EXCEPTION (default)
2022-09-30 13:41:02,812 [pool-534-thread-1] INFO  server.RaftServerConfigKeys (ConfUtils.java:logGet(46)) - raft.server.storage.free-space.min = 0MB (=0) (default)
2022-09-30 13:41:02,812 [pool-534-thread-1] INFO  storage.RaftStorageDirectory (RaftStorageDirectoryImpl.java:analyzeStorage(135)) - The storage directory /home/runner/work/ozone/ozone/hadoop-ozone/integration-test/target/test-dir/MiniOzoneClusterImpl-b8847c17-62d3-4307-a1ed-7c038275c3d3/datanode-4/data/ratis/42ceb77f-f25d-4609-8363-08fc9429451b does not exist. Creating ...
2022-09-30 13:41:02,814 [pool-534-thread-1] INFO  storage.RaftStorageDirectory (RaftStorageDirectoryImpl.java:tryLock(230)) - Lock on /home/runner/work/ozone/ozone/hadoop-ozone/integration-test/target/test-dir/MiniOzoneClusterImpl-b8847c17-62d3-4307-a1ed-7c038275c3d3/datanode-4/data/ratis/42ceb77f-f25d-4609-8363-08fc9429451b/in_use.lock acquired by nodename 61277@fv-az264-432
2022-09-30 13:41:02,816 [pool-534-thread-1] INFO  storage.RaftStorage (RaftStorageImpl.java:format(89)) - Storage directory /home/runner/work/ozone/ozone/hadoop-ozone/integration-test/target/test-dir/MiniOzoneClusterImpl-b8847c17-62d3-4307-a1ed-7c038275c3d3/datanode-4/data/ratis/42ceb77f-f25d-4609-8363-08fc9429451b has been successfully formatted.
2022-09-30 13:41:02,816 [pool-534-thread-1] INFO  ratis.ContainerStateMachine (ContainerStateMachine.java:loadSnapshot(236)) - group-08FC9429451B: The snapshot info is null. Setting the last applied indexto:(t:0, i:~)
2022-09-30 13:41:02,816 [pool-534-thread-1] INFO  server.RaftServerConfigKeys (ConfUtils.java:logGet(46)) - raft.server.notification.no-leader.timeout = 300s (custom)
2022-09-30 13:41:02,816 [pool-534-thread-1] INFO  server.RaftServerConfigKeys (ConfUtils.java:logGet(46)) - raft.server.log.use.memory = false (default)
2022-09-30 13:41:02,816 [pool-534-thread-1] INFO  server.RaftServerConfigKeys (ConfUtils.java:logGet(46)) - raft.server.log.purge.gap = 1000000 (custom)
2022-09-30 13:41:02,816 [pool-534-thread-1] INFO  server.RaftServerConfigKeys (ConfUtils.java:logGet(46)) - raft.server.log.appender.buffer.byte-limit = 33554432 (custom)
2022-09-30 13:41:02,817 [pool-534-thread-1] INFO  server.RaftServerConfigKeys (ConfUtils.java:logGet(46)) - raft.server.log.statemachine.data.read.timeout = 1000ms (default)
2022-09-30 13:41:02,817 [pool-534-thread-1] INFO  server.RaftServerConfigKeys (ConfUtils.java:logGet(46)) - raft.server.log.segment.size.max = 1048576 (custom)
2022-09-30 13:41:02,818 [pool-534-thread-1] INFO  server.RaftServerConfigKeys (ConfUtils.java:logGet(46)) - raft.server.log.segment.cache.num.max = 2 (custom)
2022-09-30 13:41:02,818 [pool-534-thread-1] INFO  server.RaftServerConfigKeys (ConfUtils.java:logGet(46)) - raft.server.log.segment.cache.size.max = 200MB (=209715200) (default)
2022-09-30 13:41:02,818 [pool-534-thread-1] INFO  segmented.SegmentedRaftLogWorker (SegmentedRaftLogWorker.java:<init>(187)) - new 1a0b3960-301a-4947-868f-ac6db93c3e0a@group-08FC9429451B-SegmentedRaftLogWorker for RaftStorageImpl:Storage Directory /home/runner/work/ozone/ozone/hadoop-ozone/integration-test/target/test-dir/MiniOzoneClusterImpl-b8847c17-62d3-4307-a1ed-7c038275c3d3/datanode-4/data/ratis/42ceb77f-f25d-4609-8363-08fc9429451b
2022-09-30 13:41:02,818 [pool-534-thread-1] INFO  server.RaftServerConfigKeys (ConfUtils.java:logGet(46)) - raft.server.log.queue.byte-limit = 4294967296 (custom)
2022-09-30 13:41:02,818 [pool-534-thread-1] INFO  server.RaftServerConfigKeys (ConfUtils.java:logGet(46)) - raft.server.log.queue.element-limit = 1024 (custom)
2022-09-30 13:41:02,818 [pool-534-thread-1] INFO  server.RaftServerConfigKeys (ConfUtils.java:logGet(46)) - raft.server.log.segment.size.max = 1048576 (custom)
2022-09-30 13:41:02,818 [pool-534-thread-1] INFO  server.RaftServerConfigKeys (ConfUtils.java:logGet(46)) - raft.server.log.preallocated.size = 16384 (custom)
2022-09-30 13:41:02,819 [pool-534-thread-1] INFO  server.RaftServerConfigKeys (ConfUtils.java:logGet(46)) - raft.server.log.force.sync.num = 128 (default)
2022-09-30 13:41:02,819 [pool-534-thread-1] INFO  server.RaftServerConfigKeys (ConfUtils.java:logGet(46)) - raft.server.log.statemachine.data.sync = true (default)
2022-09-30 13:41:02,819 [pool-534-thread-1] INFO  server.RaftServerConfigKeys (ConfUtils.java:logGet(46)) - raft.server.log.statemachine.data.sync.timeout = 10s (default)
2022-09-30 13:41:02,819 [pool-534-thread-1] INFO  server.RaftServerConfigKeys (ConfUtils.java:logGet(46)) - raft.server.log.statemachine.data.sync.timeout.retry = -1 (default)
2022-09-30 13:41:02,820 [pool-534-thread-1] INFO  server.RaftServerConfigKeys (ConfUtils.java:logGet(46)) - raft.server.log.write.buffer.size = 1048576 (custom)
2022-09-30 13:41:02,821 [pool-534-thread-1] INFO  server.RaftServerConfigKeys (ConfUtils.java:logGet(46)) - raft.server.log.unsafe-flush.enabled = false (default)
2022-09-30 13:41:02,821 [pool-534-thread-1] INFO  server.RaftServerConfigKeys (ConfUtils.java:logGet(46)) - raft.server.log.statemachine.data.caching.enabled = true (custom)
2022-09-30 13:41:02,821 [pool-534-thread-1] INFO  segmented.SegmentedRaftLogWorker (SegmentedRaftLogWorker.java:lambda$new$0(135)) - 1a0b3960-301a-4947-868f-ac6db93c3e0a@group-08FC9429451B-SegmentedRaftLogWorker: flushIndex: setUnconditionally 0 -> -1
2022-09-30 13:41:02,821 [pool-534-thread-1] INFO  segmented.SegmentedRaftLogWorker (SegmentedRaftLogWorker.java:lambda$new$0(135)) - 1a0b3960-301a-4947-868f-ac6db93c3e0a@group-08FC9429451B-SegmentedRaftLogWorker: safeCacheEvictIndex: setUnconditionally 0 -> -1
2022-09-30 13:41:02,821 [pool-534-thread-1] INFO  server.RaftServerConfigKeys (ConfUtils.java:logGet(46)) - raft.server.snapshot.auto.trigger.enabled = true (custom)
2022-09-30 13:41:02,821 [pool-534-thread-1] INFO  server.RaftServerConfigKeys (ConfUtils.java:logGet(46)) - raft.server.snapshot.auto.trigger.threshold = 10000 (custom)
2022-09-30 13:41:02,821 [pool-534-thread-1] INFO  server.RaftServerConfigKeys (ConfUtils.java:logGet(46)) - raft.server.snapshot.retention.file.num = 5 (custom)
2022-09-30 13:41:02,821 [pool-534-thread-1] INFO  server.RaftServerConfigKeys (ConfUtils.java:logGet(46)) - raft.server.log.purge.upto.snapshot.index = false (default)
2022-09-30 13:41:02,821 [pool-534-thread-1] INFO  server.RaftServerConfigKeys (ConfUtils.java:logGet(46)) - raft.server.retrycache.expirytime = 600000ms (custom)
2022-09-30 13:41:02,821 [pool-534-thread-1] INFO  server.RaftServerConfigKeys (ConfUtils.java:logGet(46)) - raft.server.retrycache.statistics.expirytime = 100μs (default)
2022-09-30 13:41:02,823 [pool-534-thread-1] INFO  server.RaftServerConfigKeys (ConfUtils.java:logGet(46)) - raft.server.log.appender.install.snapshot.enabled = false (custom)
2022-09-30 13:41:02,823 [pool-534-thread-1] INFO  server.RaftServerConfigKeys (ConfUtils.java:logGet(46)) - raft.server.threadpool.server.cached = true (default)
2022-09-30 13:41:02,823 [pool-534-thread-1] INFO  server.RaftServerConfigKeys (ConfUtils.java:logGet(46)) - raft.server.threadpool.server.size = 0 (default)
2022-09-30 13:41:02,823 [pool-534-thread-1] INFO  server.RaftServerConfigKeys (ConfUtils.java:logGet(46)) - raft.server.threadpool.client.cached = true (default)
2022-09-30 13:41:02,823 [pool-534-thread-1] INFO  server.RaftServerConfigKeys (ConfUtils.java:logGet(46)) - raft.server.threadpool.client.size = 0 (default)
2022-09-30 13:41:02,823 [pool-534-thread-1] INFO  server.RaftServer$Division (RaftServerImpl.java:start(310)) - 1a0b3960-301a-4947-868f-ac6db93c3e0a@group-08FC9429451B: start as a follower, conf=-1: [2f2aa734-5659-47cb-9e8c-97447fb3d532|rpc:10.1.0.210:39967|dataStream:|priority:0, 1a0b3960-301a-4947-868f-ac6db93c3e0a|rpc:10.1.0.210:38269|dataStream:|priority:1, e1f0d285-df31-43ff-9499-3cdda764b68e|rpc:10.1.0.210:37835|dataStream:|priority:0], old=null
2022-09-30 13:41:02,823 [pool-534-thread-1] INFO  server.RaftServer$Division (RaftServerImpl.java:setRole(299)) - 1a0b3960-301a-4947-868f-ac6db93c3e0a@group-08FC9429451B: changes role from      null to FOLLOWER at term 0 for startAsFollower
2022-09-30 13:41:02,823 [pool-534-thread-1] INFO  impl.RoleInfo (RoleInfo.java:updateAndGet(139)) - 1a0b3960-301a-4947-868f-ac6db93c3e0a: start 1a0b3960-301a-4947-868f-ac6db93c3e0a@group-08FC9429451B-FollowerState
2022-09-30 13:41:02,825 [pool-534-thread-1] INFO  util.JmxRegister (JmxRegister.java:tryRegister(44)) - Successfully registered JMX Bean with object name Ratis:service=RaftServer,group=group-08FC9429451B,id=1a0b3960-301a-4947-868f-ac6db93c3e0a
2022-09-30 13:41:02,841 [grpc-default-executor-3] INFO  server.RaftServer (RaftServerProxy.java:addNew(96)) - 2f2aa734-5659-47cb-9e8c-97447fb3d532: addNew group-08FC9429451B:[2f2aa734-5659-47cb-9e8c-97447fb3d532|rpc:10.1.0.210:39967|dataStream:|priority:0, 1a0b3960-301a-4947-868f-ac6db93c3e0a|rpc:10.1.0.210:38269|dataStream:|priority:1, e1f0d285-df31-43ff-9499-3cdda764b68e|rpc:10.1.0.210:37835|dataStream:|priority:0] returns group-08FC9429451B:java.util.concurrent.CompletableFuture@72fc7a01[Not completed]
2022-09-30 13:41:02,842 [pool-607-thread-1] INFO  server.RaftServer$Division (RaftServerImpl.java:<init>(190)) - 2f2aa734-5659-47cb-9e8c-97447fb3d532: new RaftServerImpl for group-08FC9429451B:[2f2aa734-5659-47cb-9e8c-97447fb3d532|rpc:10.1.0.210:39967|dataStream:|priority:0, 1a0b3960-301a-4947-868f-ac6db93c3e0a|rpc:10.1.0.210:38269|dataStream:|priority:1, e1f0d285-df31-43ff-9499-3cdda764b68e|rpc:10.1.0.210:37835|dataStream:|priority:0] with ContainerStateMachine:uninitialized
2022-09-30 13:41:02,842 [pool-607-thread-1] INFO  server.RaftServerConfigKeys (ConfUtils.java:logGet(46)) - raft.server.rpc.timeout.min = 5s (custom)
2022-09-30 13:41:02,842 [pool-607-thread-1] INFO  server.RaftServerConfigKeys (ConfUtils.java:logGet(46)) - raft.server.rpc.timeout.max = 5200ms (custom)
2022-09-30 13:41:02,842 [pool-607-thread-1] INFO  server.RaftServerConfigKeys (ConfUtils.java:logGet(46)) - raft.server.rpc.sleep.time = 25ms (default)
2022-09-30 13:41:02,842 [pool-607-thread-1] INFO  server.RaftServerConfigKeys (ConfUtils.java:logGet(46)) - raft.server.rpc.slowness.timeout = 300s (custom)
2022-09-30 13:41:02,842 [pool-607-thread-1] INFO  server.RaftServerConfigKeys (ConfUtils.java:logGet(46)) - raft.server.leaderelection.leader.step-down.wait-time = 10s (default)
2022-09-30 13:41:02,842 [pool-607-thread-1] INFO  server.RaftServerConfigKeys (ConfUtils.java:logGet(46)) - raft.server.sleep.deviation.threshold = 300ms (default)
2022-09-30 13:41:02,842 [pool-607-thread-1] INFO  server.RaftServer$Division (ServerState.java:<init>(107)) - 2f2aa734-5659-47cb-9e8c-97447fb3d532@group-08FC9429451B: ConfigurationManager, init=-1: [2f2aa734-5659-47cb-9e8c-97447fb3d532|rpc:10.1.0.210:39967|dataStream:|priority:0, 1a0b3960-301a-4947-868f-ac6db93c3e0a|rpc:10.1.0.210:38269|dataStream:|priority:1, e1f0d285-df31-43ff-9499-3cdda764b68e|rpc:10.1.0.210:37835|dataStream:|priority:0], old=null, confs=<EMPTY_MAP>
2022-09-30 13:41:02,843 [pool-607-thread-1] INFO  server.RaftServerConfigKeys (ConfUtils.java:logGet(46)) - raft.server.storage.dir = [/home/runner/work/ozone/ozone/hadoop-ozone/integration-test/target/test-dir/MiniOzoneClusterImpl-b8847c17-62d3-4307-a1ed-7c038275c3d3/datanode-5/data/ratis] (custom)
2022-09-30 13:41:02,843 [pool-607-thread-1] INFO  server.RaftServerConfigKeys (ConfUtils.java:logGet(46)) - raft.server.log.corruption.policy = EXCEPTION (default)
2022-09-30 13:41:02,843 [pool-607-thread-1] INFO  server.RaftServerConfigKeys (ConfUtils.java:logGet(46)) - raft.server.storage.free-space.min = 0MB (=0) (default)
2022-09-30 13:41:02,843 [pool-607-thread-1] INFO  storage.RaftStorageDirectory (RaftStorageDirectoryImpl.java:analyzeStorage(135)) - The storage directory /home/runner/work/ozone/ozone/hadoop-ozone/integration-test/target/test-dir/MiniOzoneClusterImpl-b8847c17-62d3-4307-a1ed-7c038275c3d3/datanode-5/data/ratis/42ceb77f-f25d-4609-8363-08fc9429451b does not exist. Creating ...
2022-09-30 13:41:02,846 [pool-607-thread-1] INFO  storage.RaftStorageDirectory (RaftStorageDirectoryImpl.java:tryLock(230)) - Lock on /home/runner/work/ozone/ozone/hadoop-ozone/integration-test/target/test-dir/MiniOzoneClusterImpl-b8847c17-62d3-4307-a1ed-7c038275c3d3/datanode-5/data/ratis/42ceb77f-f25d-4609-8363-08fc9429451b/in_use.lock acquired by nodename 61277@fv-az264-432
2022-09-30 13:41:02,848 [pool-607-thread-1] INFO  storage.RaftStorage (RaftStorageImpl.java:format(89)) - Storage directory /home/runner/work/ozone/ozone/hadoop-ozone/integration-test/target/test-dir/MiniOzoneClusterImpl-b8847c17-62d3-4307-a1ed-7c038275c3d3/datanode-5/data/ratis/42ceb77f-f25d-4609-8363-08fc9429451b has been successfully formatted.
2022-09-30 13:41:02,853 [pool-607-thread-1] INFO  ratis.ContainerStateMachine (ContainerStateMachine.java:loadSnapshot(236)) - group-08FC9429451B: The snapshot info is null. Setting the last applied indexto:(t:0, i:~)
2022-09-30 13:41:02,853 [pool-607-thread-1] INFO  server.RaftServerConfigKeys (ConfUtils.java:logGet(46)) - raft.server.notification.no-leader.timeout = 300s (custom)
2022-09-30 13:41:02,853 [pool-607-thread-1] INFO  server.RaftServerConfigKeys (ConfUtils.java:logGet(46)) - raft.server.log.use.memory = false (default)
2022-09-30 13:41:02,853 [pool-607-thread-1] INFO  server.RaftServerConfigKeys (ConfUtils.java:logGet(46)) - raft.server.log.purge.gap = 1000000 (custom)
2022-09-30 13:41:02,853 [pool-607-thread-1] INFO  server.RaftServerConfigKeys (ConfUtils.java:logGet(46)) - raft.server.log.appender.buffer.byte-limit = 33554432 (custom)
2022-09-30 13:41:02,853 [pool-607-thread-1] INFO  server.RaftServerConfigKeys (ConfUtils.java:logGet(46)) - raft.server.log.statemachine.data.read.timeout = 1000ms (default)
2022-09-30 13:41:02,854 [pool-607-thread-1] INFO  server.RaftServerConfigKeys (ConfUtils.java:logGet(46)) - raft.server.log.segment.size.max = 1048576 (custom)
2022-09-30 13:41:02,854 [pool-607-thread-1] INFO  server.RaftServerConfigKeys (ConfUtils.java:logGet(46)) - raft.server.log.segment.cache.num.max = 2 (custom)
2022-09-30 13:41:02,854 [pool-607-thread-1] INFO  server.RaftServerConfigKeys (ConfUtils.java:logGet(46)) - raft.server.log.segment.cache.size.max = 200MB (=209715200) (default)
2022-09-30 13:41:02,855 [pool-607-thread-1] INFO  segmented.SegmentedRaftLogWorker (SegmentedRaftLogWorker.java:<init>(187)) - new 2f2aa734-5659-47cb-9e8c-97447fb3d532@group-08FC9429451B-SegmentedRaftLogWorker for RaftStorageImpl:Storage Directory /home/runner/work/ozone/ozone/hadoop-ozone/integration-test/target/test-dir/MiniOzoneClusterImpl-b8847c17-62d3-4307-a1ed-7c038275c3d3/datanode-5/data/ratis/42ceb77f-f25d-4609-8363-08fc9429451b
2022-09-30 13:41:02,855 [pool-607-thread-1] INFO  server.RaftServerConfigKeys (ConfUtils.java:logGet(46)) - raft.server.log.queue.byte-limit = 4294967296 (custom)
2022-09-30 13:41:02,855 [pool-607-thread-1] INFO  server.RaftServerConfigKeys (ConfUtils.java:logGet(46)) - raft.server.log.queue.element-limit = 1024 (custom)
2022-09-30 13:41:02,855 [pool-607-thread-1] INFO  server.RaftServerConfigKeys (ConfUtils.java:logGet(46)) - raft.server.log.segment.size.max = 1048576 (custom)
2022-09-30 13:41:02,855 [pool-607-thread-1] INFO  server.RaftServerConfigKeys (ConfUtils.java:logGet(46)) - raft.server.log.preallocated.size = 16384 (custom)
2022-09-30 13:41:02,855 [pool-607-thread-1] INFO  server.RaftServerConfigKeys (ConfUtils.java:logGet(46)) - raft.server.log.force.sync.num = 128 (default)
2022-09-30 13:41:02,855 [pool-607-thread-1] INFO  server.RaftServerConfigKeys (ConfUtils.java:logGet(46)) - raft.server.log.statemachine.data.sync = true (default)
2022-09-30 13:41:02,855 [pool-607-thread-1] INFO  server.RaftServerConfigKeys (ConfUtils.java:logGet(46)) - raft.server.log.statemachine.data.sync.timeout = 10s (default)
2022-09-30 13:41:02,855 [pool-607-thread-1] INFO  server.RaftServerConfigKeys (ConfUtils.java:logGet(46)) - raft.server.log.statemachine.data.sync.timeout.retry = -1 (default)
2022-09-30 13:41:02,856 [pool-607-thread-1] INFO  server.RaftServerConfigKeys (ConfUtils.java:logGet(46)) - raft.server.log.write.buffer.size = 1048576 (custom)
2022-09-30 13:41:02,859 [pool-607-thread-1] INFO  server.RaftServerConfigKeys (ConfUtils.java:logGet(46)) - raft.server.log.unsafe-flush.enabled = false (default)
2022-09-30 13:41:02,859 [pool-607-thread-1] INFO  server.RaftServerConfigKeys (ConfUtils.java:logGet(46)) - raft.server.log.statemachine.data.caching.enabled = true (custom)
2022-09-30 13:41:02,859 [pool-607-thread-1] INFO  segmented.SegmentedRaftLogWorker (SegmentedRaftLogWorker.java:lambda$new$0(135)) - 2f2aa734-5659-47cb-9e8c-97447fb3d532@group-08FC9429451B-SegmentedRaftLogWorker: flushIndex: setUnconditionally 0 -> -1
2022-09-30 13:41:02,859 [pool-607-thread-1] INFO  segmented.SegmentedRaftLogWorker (SegmentedRaftLogWorker.java:lambda$new$0(135)) - 2f2aa734-5659-47cb-9e8c-97447fb3d532@group-08FC9429451B-SegmentedRaftLogWorker: safeCacheEvictIndex: setUnconditionally 0 -> -1
2022-09-30 13:41:02,860 [pool-607-thread-1] INFO  server.RaftServerConfigKeys (ConfUtils.java:logGet(46)) - raft.server.snapshot.auto.trigger.enabled = true (custom)
2022-09-30 13:41:02,860 [pool-607-thread-1] INFO  server.RaftServerConfigKeys (ConfUtils.java:logGet(46)) - raft.server.snapshot.auto.trigger.threshold = 10000 (custom)
2022-09-30 13:41:02,860 [pool-607-thread-1] INFO  server.RaftServerConfigKeys (ConfUtils.java:logGet(46)) - raft.server.snapshot.retention.file.num = 5 (custom)
2022-09-30 13:41:02,860 [pool-607-thread-1] INFO  server.RaftServerConfigKeys (ConfUtils.java:logGet(46)) - raft.server.log.purge.upto.snapshot.index = false (default)
2022-09-30 13:41:02,860 [pool-607-thread-1] INFO  server.RaftServerConfigKeys (ConfUtils.java:logGet(46)) - raft.server.retrycache.expirytime = 600000ms (custom)
2022-09-30 13:41:02,860 [pool-607-thread-1] INFO  server.RaftServerConfigKeys (ConfUtils.java:logGet(46)) - raft.server.retrycache.statistics.expirytime = 100μs (default)
2022-09-30 13:41:02,862 [pool-607-thread-1] INFO  server.RaftServerConfigKeys (ConfUtils.java:logGet(46)) - raft.server.log.appender.install.snapshot.enabled = false (custom)
2022-09-30 13:41:02,862 [pool-607-thread-1] INFO  server.RaftServerConfigKeys (ConfUtils.java:logGet(46)) - raft.server.threadpool.server.cached = true (default)
2022-09-30 13:41:02,862 [pool-607-thread-1] INFO  server.RaftServerConfigKeys (ConfUtils.java:logGet(46)) - raft.server.threadpool.server.size = 0 (default)
2022-09-30 13:41:02,862 [pool-607-thread-1] INFO  server.RaftServerConfigKeys (ConfUtils.java:logGet(46)) - raft.server.threadpool.client.cached = true (default)
2022-09-30 13:41:02,865 [pool-607-thread-1] INFO  server.RaftServerConfigKeys (ConfUtils.java:logGet(46)) - raft.server.threadpool.client.size = 0 (default)
2022-09-30 13:41:02,865 [pool-607-thread-1] INFO  server.RaftServer$Division (RaftServerImpl.java:start(310)) - 2f2aa734-5659-47cb-9e8c-97447fb3d532@group-08FC9429451B: start as a follower, conf=-1: [2f2aa734-5659-47cb-9e8c-97447fb3d532|rpc:10.1.0.210:39967|dataStream:|priority:0, 1a0b3960-301a-4947-868f-ac6db93c3e0a|rpc:10.1.0.210:38269|dataStream:|priority:1, e1f0d285-df31-43ff-9499-3cdda764b68e|rpc:10.1.0.210:37835|dataStream:|priority:0], old=null
2022-09-30 13:41:02,865 [pool-607-thread-1] INFO  server.RaftServer$Division (RaftServerImpl.java:setRole(299)) - 2f2aa734-5659-47cb-9e8c-97447fb3d532@group-08FC9429451B: changes role from      null to FOLLOWER at term 0 for startAsFollower
2022-09-30 13:41:02,865 [pool-607-thread-1] INFO  impl.RoleInfo (RoleInfo.java:updateAndGet(139)) - 2f2aa734-5659-47cb-9e8c-97447fb3d532: start 2f2aa734-5659-47cb-9e8c-97447fb3d532@group-08FC9429451B-FollowerState
2022-09-30 13:41:02,866 [pool-607-thread-1] INFO  util.JmxRegister (JmxRegister.java:tryRegister(44)) - Successfully registered JMX Bean with object name Ratis:service=RaftServer,group=group-08FC9429451B,id=2f2aa734-5659-47cb-9e8c-97447fb3d532
2022-09-30 13:41:02,874 [Command processor thread] INFO  commandhandler.CreatePipelineCommandHandler (CreatePipelineCommandHandler.java:handle(113)) - Created Pipeline RATIS THREE PipelineID=42ceb77f-f25d-4609-8363-08fc9429451b.
2022-09-30 13:41:02,929 [ReplicationMonitor] INFO  replication.ReplicationManager (ReplicationManager.java:processAll(291)) - Replication Manager is not ready to run until 3000ms after safemode exit
2022-09-30 13:41:02,978 [Under Replicated Processor] INFO  replication.UnderReplicatedProcessor (UnderReplicatedProcessor.java:processAll(92)) - Processed 1 under replicated containers, failed processing 0
2022-09-30 13:41:02,998 [DatanodeAdminManager-0] INFO  node.DatanodeAdminMonitorImpl (DatanodeAdminMonitorImpl.java:checkContainersReplicatedOnNode(306)) - Under Replicated Container #6 org.apache.hadoop.hdds.scm.container.replication.ECContainerReplicaCount@7135b2f7; Replicas{ContainerReplica{containerID=#6, state=CLOSED, datanodeDetails=542c7706-6f03-4002-aadb-418c9fc9cb26{ip: 10.1.0.210, host: fv-az264-432.ca02foy5wcnuvlrvrz2wi3p2og.dx.internal.cloudapp.net, ports: [REPLICATION=42815, RATIS=37931, RATIS_ADMIN=37931, RATIS_SERVER=37931, STANDALONE=38243], networkLocation: /default-rack, certSerialId: null, persistedOpState: IN_SERVICE, persistedOpStateExpiryEpochSec: 0}, placeOfBirth=542c7706-6f03-4002-aadb-418c9fc9cb26, sequenceId=0, keyCount=6, bytesUsed=114,replicaIndex=5},ContainerReplica{containerID=#6, state=CLOSED, datanodeDetails=93a726fc-a128-4d5e-9b28-98a1d7a8eb0c{ip: 10.1.0.210, host: fv-az264-432.ca02foy5wcnuvlrvrz2wi3p2og.dx.internal.cloudapp.net, ports: [REPLICATION=34975, RATIS=43289, RATIS_ADMIN=43289, RATIS_SERVER=43289, STANDALONE=44081], networkLocation: /default-rack, certSerialId: null, persistedOpState: IN_SERVICE, persistedOpStateExpiryEpochSec: 0}, placeOfBirth=93a726fc-a128-4d5e-9b28-98a1d7a8eb0c, sequenceId=0, keyCount=6, bytesUsed=114,replicaIndex=1},ContainerReplica{containerID=#6, state=CLOSED, datanodeDetails=43811407-7c21-4fcd-ab69-dbd9b60ed504{ip: 10.1.0.210, host: fv-az264-432.ca02foy5wcnuvlrvrz2wi3p2og.dx.internal.cloudapp.net, ports: [REPLICATION=35185, RATIS=42941, RATIS_ADMIN=42941, RATIS_SERVER=42941, STANDALONE=35079], networkLocation: /default-rack, certSerialId: null, persistedOpState: IN_SERVICE, persistedOpStateExpiryEpochSec: 0}, placeOfBirth=43811407-7c21-4fcd-ab69-dbd9b60ed504, sequenceId=0, keyCount=6, bytesUsed=0,replicaIndex=2},ContainerReplica{containerID=#6, state=CLOSED, datanodeDetails=63487312-87aa-4652-9988-76e01a899b42{ip: 10.1.0.210, host: fv-az264-432.ca02foy5wcnuvlrvrz2wi3p2og.dx.internal.cloudapp.net, ports: [REPLICATION=33927, RATIS=39059, RATIS_ADMIN=39059, RATIS_SERVER=39059, STANDALONE=46255], networkLocation: /default-rack, certSerialId: null, persistedOpState: DECOMMISSIONING, persistedOpStateExpiryEpochSec: 0}, placeOfBirth=63487312-87aa-4652-9988-76e01a899b42, sequenceId=0, keyCount=6, bytesUsed=0,replicaIndex=3},ContainerReplica{containerID=#6, state=CLOSED, datanodeDetails=97e8c787-6023-4421-819a-0b5ced458c94{ip: 10.1.0.210, host: fv-az264-432.ca02foy5wcnuvlrvrz2wi3p2og.dx.internal.cloudapp.net, ports: [REPLICATION=41907, RATIS=36437, RATIS_ADMIN=36437, RATIS_SERVER=36437, STANDALONE=34177], networkLocation: /default-rack, certSerialId: null, persistedOpState: IN_SERVICE, persistedOpStateExpiryEpochSec: 0}, placeOfBirth=97e8c787-6023-4421-819a-0b5ced458c94, sequenceId=0, keyCount=6, bytesUsed=114,replicaIndex=4}}
2022-09-30 13:41:02,998 [DatanodeAdminManager-0] INFO  node.DatanodeAdminMonitorImpl (DatanodeAdminMonitorImpl.java:checkContainersReplicatedOnNode(306)) - Under Replicated Container #7 org.apache.hadoop.hdds.scm.container.replication.ECContainerReplicaCount@23933be4; Replicas{ContainerReplica{containerID=#7, state=CLOSED, datanodeDetails=63487312-87aa-4652-9988-76e01a899b42{ip: 10.1.0.210, host: fv-az264-432.ca02foy5wcnuvlrvrz2wi3p2og.dx.internal.cloudapp.net, ports: [REPLICATION=33927, RATIS=39059, RATIS_ADMIN=39059, RATIS_SERVER=39059, STANDALONE=46255], networkLocation: /default-rack, certSerialId: null, persistedOpState: DECOMMISSIONING, persistedOpStateExpiryEpochSec: 0}, placeOfBirth=63487312-87aa-4652-9988-76e01a899b42, sequenceId=0, keyCount=5, bytesUsed=95,replicaIndex=4},ContainerReplica{containerID=#7, state=CLOSED, datanodeDetails=93a726fc-a128-4d5e-9b28-98a1d7a8eb0c{ip: 10.1.0.210, host: fv-az264-432.ca02foy5wcnuvlrvrz2wi3p2og.dx.internal.cloudapp.net, ports: [REPLICATION=34975, RATIS=43289, RATIS_ADMIN=43289, RATIS_SERVER=43289, STANDALONE=44081], networkLocation: /default-rack, certSerialId: null, persistedOpState: IN_SERVICE, persistedOpStateExpiryEpochSec: 0}, placeOfBirth=93a726fc-a128-4d5e-9b28-98a1d7a8eb0c, sequenceId=0, keyCount=5, bytesUsed=95,replicaIndex=1},ContainerReplica{containerID=#7, state=CLOSED, datanodeDetails=62666bfa-5b48-4194-8431-0a6941154381{ip: 10.1.0.210, host: fv-az264-432.ca02foy5wcnuvlrvrz2wi3p2og.dx.internal.cloudapp.net, ports: [REPLICATION=41651, RATIS=41785, RATIS_ADMIN=41785, RATIS_SERVER=41785, STANDALONE=43973], networkLocation: /default-rack, certSerialId: null, persistedOpState: IN_SERVICE, persistedOpStateExpiryEpochSec: 0}, placeOfBirth=62666bfa-5b48-4194-8431-0a6941154381, sequenceId=0, keyCount=5, bytesUsed=0,replicaIndex=2},ContainerReplica{containerID=#7, state=CLOSED, datanodeDetails=97e8c787-6023-4421-819a-0b5ced458c94{ip: 10.1.0.210, host: fv-az264-432.ca02foy5wcnuvlrvrz2wi3p2og.dx.internal.cloudapp.net, ports: [REPLICATION=41907, RATIS=36437, RATIS_ADMIN=36437, RATIS_SERVER=36437, STANDALONE=34177], networkLocation: /default-rack, certSerialId: null, persistedOpState: IN_SERVICE, persistedOpStateExpiryEpochSec: 0}, placeOfBirth=97e8c787-6023-4421-819a-0b5ced458c94, sequenceId=0, keyCount=5, bytesUsed=95,replicaIndex=5},ContainerReplica{containerID=#7, state=CLOSED, datanodeDetails=c604563f-8b94-483f-a354-2ed29e633e80{ip: 10.1.0.210, host: fv-az264-432.ca02foy5wcnuvlrvrz2wi3p2og.dx.internal.cloudapp.net, ports: [REPLICATION=41739, RATIS=36125, RATIS_ADMIN=36125, RATIS_SERVER=36125, STANDALONE=37547], networkLocation: /default-rack, certSerialId: null, persistedOpState: IN_SERVICE, persistedOpStateExpiryEpochSec: 0}, placeOfBirth=c604563f-8b94-483f-a354-2ed29e633e80, sequenceId=0, keyCount=5, bytesUsed=0,replicaIndex=3}}
2022-09-30 13:41:02,998 [DatanodeAdminManager-0] INFO  node.DatanodeAdminMonitorImpl (DatanodeAdminMonitorImpl.java:checkContainersReplicatedOnNode(306)) - Under Replicated Container #4 org.apache.hadoop.hdds.scm.container.replication.ECContainerReplicaCount@47e72268; Replicas{ContainerReplica{containerID=#4, state=CLOSED, datanodeDetails=63487312-87aa-4652-9988-76e01a899b42{ip: 10.1.0.210, host: fv-az264-432.ca02foy5wcnuvlrvrz2wi3p2og.dx.internal.cloudapp.net, ports: [REPLICATION=33927, RATIS=39059, RATIS_ADMIN=39059, RATIS_SERVER=39059, STANDALONE=46255], networkLocation: /default-rack, certSerialId: null, persistedOpState: DECOMMISSIONING, persistedOpStateExpiryEpochSec: 0}, placeOfBirth=63487312-87aa-4652-9988-76e01a899b42, sequenceId=0, keyCount=2, bytesUsed=0,replicaIndex=2},ContainerReplica{containerID=#4, state=CLOSED, datanodeDetails=97e8c787-6023-4421-819a-0b5ced458c94{ip: 10.1.0.210, host: fv-az264-432.ca02foy5wcnuvlrvrz2wi3p2og.dx.internal.cloudapp.net, ports: [REPLICATION=41907, RATIS=36437, RATIS_ADMIN=36437, RATIS_SERVER=36437, STANDALONE=34177], networkLocation: /default-rack, certSerialId: null, persistedOpState: IN_SERVICE, persistedOpStateExpiryEpochSec: 0}, placeOfBirth=97e8c787-6023-4421-819a-0b5ced458c94, sequenceId=0, keyCount=2, bytesUsed=38,replicaIndex=4},ContainerReplica{containerID=#4, state=CLOSED, datanodeDetails=93a726fc-a128-4d5e-9b28-98a1d7a8eb0c{ip: 10.1.0.210, host: fv-az264-432.ca02foy5wcnuvlrvrz2wi3p2og.dx.internal.cloudapp.net, ports: [REPLICATION=34975, RATIS=43289, RATIS_ADMIN=43289, RATIS_SERVER=43289, STANDALONE=44081], networkLocation: /default-rack, certSerialId: null, persistedOpState: IN_SERVICE, persistedOpStateExpiryEpochSec: 0}, placeOfBirth=93a726fc-a128-4d5e-9b28-98a1d7a8eb0c, sequenceId=0, keyCount=2, bytesUsed=38,replicaIndex=1},ContainerReplica{containerID=#4, state=CLOSED, datanodeDetails=43811407-7c21-4fcd-ab69-dbd9b60ed504{ip: 10.1.0.210, host: fv-az264-432.ca02foy5wcnuvlrvrz2wi3p2og.dx.internal.cloudapp.net, ports: [REPLICATION=35185, RATIS=42941, RATIS_ADMIN=42941, RATIS_SERVER=42941, STANDALONE=35079], networkLocation: /default-rack, certSerialId: null, persistedOpState: IN_SERVICE, persistedOpStateExpiryEpochSec: 0}, placeOfBirth=43811407-7c21-4fcd-ab69-dbd9b60ed504, sequenceId=0, keyCount=2, bytesUsed=38,replicaIndex=5},ContainerReplica{containerID=#4, state=CLOSED, datanodeDetails=62666bfa-5b48-4194-8431-0a6941154381{ip: 10.1.0.210, host: fv-az264-432.ca02foy5wcnuvlrvrz2wi3p2og.dx.internal.cloudapp.net, ports: [REPLICATION=41651, RATIS=41785, RATIS_ADMIN=41785, RATIS_SERVER=41785, STANDALONE=43973], networkLocation: /default-rack, certSerialId: null, persistedOpState: IN_SERVICE, persistedOpStateExpiryEpochSec: 0}, placeOfBirth=62666bfa-5b48-4194-8431-0a6941154381, sequenceId=0, keyCount=2, bytesUsed=0,replicaIndex=3}}
2022-09-30 13:41:02,999 [DatanodeAdminManager-0] INFO  node.DatanodeAdminMonitorImpl (DatanodeAdminMonitorImpl.java:checkContainersReplicatedOnNode(327)) - 63487312-87aa-4652-9988-76e01a899b42{ip: 10.1.0.210, host: fv-az264-432.ca02foy5wcnuvlrvrz2wi3p2og.dx.internal.cloudapp.net, ports: [REPLICATION=33927, RATIS=39059, RATIS_ADMIN=39059, RATIS_SERVER=39059, STANDALONE=46255], networkLocation: /default-rack, certSerialId: null, persistedOpState: DECOMMISSIONING, persistedOpStateExpiryEpochSec: 0} has 3 sufficientlyReplicated, 3 underReplicated and 0 unhealthy containers
2022-09-30 13:41:02,999 [DatanodeAdminManager-0] INFO  node.DatanodeAdminMonitorImpl (DatanodeAdminMonitorImpl.java:run(148)) - There are 1 nodes tracked for decommission and maintenance. 0 pending nodes.
2022-09-30 13:41:03,005 [Over Replicated Processor] INFO  replication.OverReplicatedProcessor (OverReplicatedProcessor.java:processAll(90)) - Processed 0 over replicated containers, failed processing 0
2022-09-30 13:41:03,060 [ReplicationMonitor] INFO  replication.LegacyReplicationManager (LegacyReplicationManager.java:forceCloseContainer(1108)) - Force closing container #1 with BCSID 72, which is in QUASI_CLOSED state.
2022-09-30 13:41:03,060 [ReplicationMonitor] INFO  replication.LegacyReplicationManager (LegacyReplicationManager.java:sendCloseCommand(1512)) - Sending close container command for container #1 to datanode 97e8c787-6023-4421-819a-0b5ced458c94{ip: 10.1.0.210, host: fv-az264-432.ca02foy5wcnuvlrvrz2wi3p2og.dx.internal.cloudapp.net, ports: [REPLICATION=41907, RATIS=36437, RATIS_ADMIN=36437, RATIS_SERVER=36437, STANDALONE=34177], networkLocation: /default-rack, certSerialId: null, persistedOpState: IN_SERVICE, persistedOpStateExpiryEpochSec: 0}.
2022-09-30 13:41:03,060 [ReplicationMonitor] INFO  replication.LegacyReplicationManager (LegacyReplicationManager.java:sendCloseCommand(1512)) - Sending close container command for container #1 to datanode 62666bfa-5b48-4194-8431-0a6941154381{ip: 10.1.0.210, host: fv-az264-432.ca02foy5wcnuvlrvrz2wi3p2og.dx.internal.cloudapp.net, ports: [REPLICATION=41651, RATIS=41785, RATIS_ADMIN=41785, RATIS_SERVER=41785, STANDALONE=43973], networkLocation: /default-rack, certSerialId: null, persistedOpState: IN_SERVICE, persistedOpStateExpiryEpochSec: 0}.
2022-09-30 13:41:03,061 [ReplicationMonitor] INFO  replication.LegacyReplicationManager (LegacyReplicationManager.java:sendCloseCommand(1512)) - Sending close container command for container #1 to datanode 542c7706-6f03-4002-aadb-418c9fc9cb26{ip: 10.1.0.210, host: fv-az264-432.ca02foy5wcnuvlrvrz2wi3p2og.dx.internal.cloudapp.net, ports: [REPLICATION=42815, RATIS=37931, RATIS_ADMIN=37931, RATIS_SERVER=37931, STANDALONE=38243], networkLocation: /default-rack, certSerialId: null, persistedOpState: IN_SERVICE, persistedOpStateExpiryEpochSec: 0}.
2022-09-30 13:41:03,061 [ReplicationMonitor] INFO  replication.LegacyReplicationManager (LegacyReplicationManager.java:sendCloseCommand(1512)) - Sending close container command for container #1 to datanode 63487312-87aa-4652-9988-76e01a899b42{ip: 10.1.0.210, host: fv-az264-432.ca02foy5wcnuvlrvrz2wi3p2og.dx.internal.cloudapp.net, ports: [REPLICATION=33927, RATIS=39059, RATIS_ADMIN=39059, RATIS_SERVER=39059, STANDALONE=46255], networkLocation: /default-rack, certSerialId: null, persistedOpState: DECOMMISSIONING, persistedOpStateExpiryEpochSec: 0}.
2022-09-30 13:41:03,061 [ReplicationMonitor] INFO  replication.LegacyReplicationManager (LegacyReplicationManager.java:forceCloseContainer(1108)) - Force closing container #2 with BCSID 76, which is in QUASI_CLOSED state.
2022-09-30 13:41:03,061 [ReplicationMonitor] INFO  replication.LegacyReplicationManager (LegacyReplicationManager.java:sendCloseCommand(1512)) - Sending close container command for container #2 to datanode 542c7706-6f03-4002-aadb-418c9fc9cb26{ip: 10.1.0.210, host: fv-az264-432.ca02foy5wcnuvlrvrz2wi3p2og.dx.internal.cloudapp.net, ports: [REPLICATION=42815, RATIS=37931, RATIS_ADMIN=37931, RATIS_SERVER=37931, STANDALONE=38243], networkLocation: /default-rack, certSerialId: null, persistedOpState: IN_SERVICE, persistedOpStateExpiryEpochSec: 0}.
2022-09-30 13:41:03,061 [ReplicationMonitor] INFO  replication.LegacyReplicationManager (LegacyReplicationManager.java:sendCloseCommand(1512)) - Sending close container command for container #2 to datanode 63487312-87aa-4652-9988-76e01a899b42{ip: 10.1.0.210, host: fv-az264-432.ca02foy5wcnuvlrvrz2wi3p2og.dx.internal.cloudapp.net, ports: [REPLICATION=33927, RATIS=39059, RATIS_ADMIN=39059, RATIS_SERVER=39059, STANDALONE=46255], networkLocation: /default-rack, certSerialId: null, persistedOpState: DECOMMISSIONING, persistedOpStateExpiryEpochSec: 0}.
2022-09-30 13:41:03,061 [ReplicationMonitor] INFO  replication.LegacyReplicationManager (LegacyReplicationManager.java:sendCloseCommand(1512)) - Sending close container command for container #2 to datanode 97e8c787-6023-4421-819a-0b5ced458c94{ip: 10.1.0.210, host: fv-az264-432.ca02foy5wcnuvlrvrz2wi3p2og.dx.internal.cloudapp.net, ports: [REPLICATION=41907, RATIS=36437, RATIS_ADMIN=36437, RATIS_SERVER=36437, STANDALONE=34177], networkLocation: /default-rack, certSerialId: null, persistedOpState: IN_SERVICE, persistedOpStateExpiryEpochSec: 0}.
2022-09-30 13:41:03,061 [ReplicationMonitor] INFO  replication.LegacyReplicationManager (LegacyReplicationManager.java:sendCloseCommand(1512)) - Sending close container command for container #2 to datanode 62666bfa-5b48-4194-8431-0a6941154381{ip: 10.1.0.210, host: fv-az264-432.ca02foy5wcnuvlrvrz2wi3p2og.dx.internal.cloudapp.net, ports: [REPLICATION=41651, RATIS=41785, RATIS_ADMIN=41785, RATIS_SERVER=41785, STANDALONE=43973], networkLocation: /default-rack, certSerialId: null, persistedOpState: IN_SERVICE, persistedOpStateExpiryEpochSec: 0}.
2022-09-30 13:41:03,062 [ReplicationMonitor] INFO  replication.LegacyReplicationManager (LegacyReplicationManager.java:forceCloseContainer(1108)) - Force closing container #3 with BCSID 68, which is in QUASI_CLOSED state.
2022-09-30 13:41:03,062 [ReplicationMonitor] INFO  replication.LegacyReplicationManager (LegacyReplicationManager.java:sendCloseCommand(1512)) - Sending close container command for container #3 to datanode 97e8c787-6023-4421-819a-0b5ced458c94{ip: 10.1.0.210, host: fv-az264-432.ca02foy5wcnuvlrvrz2wi3p2og.dx.internal.cloudapp.net, ports: [REPLICATION=41907, RATIS=36437, RATIS_ADMIN=36437, RATIS_SERVER=36437, STANDALONE=34177], networkLocation: /default-rack, certSerialId: null, persistedOpState: IN_SERVICE, persistedOpStateExpiryEpochSec: 0}.
2022-09-30 13:41:03,062 [ReplicationMonitor] INFO  replication.LegacyReplicationManager (LegacyReplicationManager.java:sendCloseCommand(1512)) - Sending close container command for container #3 to datanode 62666bfa-5b48-4194-8431-0a6941154381{ip: 10.1.0.210, host: fv-az264-432.ca02foy5wcnuvlrvrz2wi3p2og.dx.internal.cloudapp.net, ports: [REPLICATION=41651, RATIS=41785, RATIS_ADMIN=41785, RATIS_SERVER=41785, STANDALONE=43973], networkLocation: /default-rack, certSerialId: null, persistedOpState: IN_SERVICE, persistedOpStateExpiryEpochSec: 0}.
2022-09-30 13:41:03,062 [ReplicationMonitor] INFO  replication.LegacyReplicationManager (LegacyReplicationManager.java:sendCloseCommand(1512)) - Sending close container command for container #3 to datanode 93a726fc-a128-4d5e-9b28-98a1d7a8eb0c{ip: 10.1.0.210, host: fv-az264-432.ca02foy5wcnuvlrvrz2wi3p2og.dx.internal.cloudapp.net, ports: [REPLICATION=34975, RATIS=43289, RATIS_ADMIN=43289, RATIS_SERVER=43289, STANDALONE=44081], networkLocation: /default-rack, certSerialId: null, persistedOpState: IN_SERVICE, persistedOpStateExpiryEpochSec: 0}.
2022-09-30 13:41:03,062 [ReplicationMonitor] INFO  replication.LegacyReplicationManager (LegacyReplicationManager.java:sendCloseCommand(1512)) - Sending close container command for container #3 to datanode 63487312-87aa-4652-9988-76e01a899b42{ip: 10.1.0.210, host: fv-az264-432.ca02foy5wcnuvlrvrz2wi3p2og.dx.internal.cloudapp.net, ports: [REPLICATION=33927, RATIS=39059, RATIS_ADMIN=39059, RATIS_SERVER=39059, STANDALONE=46255], networkLocation: /default-rack, certSerialId: null, persistedOpState: DECOMMISSIONING, persistedOpStateExpiryEpochSec: 0}.
2022-09-30 13:41:03,064 [ReplicationMonitor] INFO  replication.ReplicationManager (ReplicationManager.java:processAll(324)) - Replication Monitor Thread took 4 milliseconds for processing 8 containers.
2022-09-30 13:41:03,095 [Command processor thread] INFO  keyvalue.KeyValueContainer (KeyValueContainer.java:flushAndSyncDB(436)) - Container 1 is synced with bcsId 72.
2022-09-30 13:41:03,095 [Command processor thread] INFO  keyvalue.KeyValueContainer (KeyValueContainer.java:flushAndSyncDB(436)) - Container 1 is synced with bcsId 72.
2022-09-30 13:41:03,099 [Command processor thread] INFO  keyvalue.KeyValueContainer (KeyValueContainer.java:close(351)) - Container 1 is closed with bcsId 72.
2022-09-30 13:41:03,100 [Command processor thread] INFO  keyvalue.KeyValueContainer (KeyValueContainer.java:flushAndSyncDB(436)) - Container 2 is synced with bcsId 76.
2022-09-30 13:41:03,100 [Command processor thread] INFO  keyvalue.KeyValueContainer (KeyValueContainer.java:flushAndSyncDB(436)) - Container 2 is synced with bcsId 76.
2022-09-30 13:41:03,103 [FixedThreadPoolWithAffinityExecutor-1-0] INFO  container.IncrementalContainerReportHandler (AbstractContainerReportHandler.java:updateContainerState(318)) - Moving container #1 to CLOSED state, datanode 62666bfa-5b48-4194-8431-0a6941154381{ip: 10.1.0.210, host: fv-az264-432.ca02foy5wcnuvlrvrz2wi3p2og.dx.internal.cloudapp.net, ports: [REPLICATION=41651, RATIS=41785, RATIS_ADMIN=41785, RATIS_SERVER=41785, STANDALONE=43973], networkLocation: /default-rack, certSerialId: null, persistedOpState: IN_SERVICE, persistedOpStateExpiryEpochSec: 0} reported CLOSED replica.
2022-09-30 13:41:03,104 [Command processor thread] INFO  keyvalue.KeyValueContainer (KeyValueContainer.java:close(351)) - Container 2 is closed with bcsId 76.
2022-09-30 13:41:03,104 [Command processor thread] INFO  keyvalue.KeyValueContainer (KeyValueContainer.java:flushAndSyncDB(436)) - Container 3 is synced with bcsId 68.
2022-09-30 13:41:03,105 [Command processor thread] INFO  keyvalue.KeyValueContainer (KeyValueContainer.java:flushAndSyncDB(436)) - Container 3 is synced with bcsId 68.
2022-09-30 13:41:03,105 [FixedThreadPoolWithAffinityExecutor-8-0] INFO  container.IncrementalContainerReportHandler (AbstractContainerReportHandler.java:updateContainerState(318)) - Moving container #2 to CLOSED state, datanode 62666bfa-5b48-4194-8431-0a6941154381{ip: 10.1.0.210, host: fv-az264-432.ca02foy5wcnuvlrvrz2wi3p2og.dx.internal.cloudapp.net, ports: [REPLICATION=41651, RATIS=41785, RATIS_ADMIN=41785, RATIS_SERVER=41785, STANDALONE=43973], networkLocation: /default-rack, certSerialId: null, persistedOpState: IN_SERVICE, persistedOpStateExpiryEpochSec: 0} reported CLOSED replica.
2022-09-30 13:41:03,107 [Command processor thread] INFO  keyvalue.KeyValueContainer (KeyValueContainer.java:close(351)) - Container 3 is closed with bcsId 68.
2022-09-30 13:41:03,108 [FixedThreadPoolWithAffinityExecutor-9-0] INFO  container.IncrementalContainerReportHandler (AbstractContainerReportHandler.java:updateContainerState(318)) - Moving container #3 to CLOSED state, datanode 62666bfa-5b48-4194-8431-0a6941154381{ip: 10.1.0.210, host: fv-az264-432.ca02foy5wcnuvlrvrz2wi3p2og.dx.internal.cloudapp.net, ports: [REPLICATION=41651, RATIS=41785, RATIS_ADMIN=41785, RATIS_SERVER=41785, STANDALONE=43973], networkLocation: /default-rack, certSerialId: null, persistedOpState: IN_SERVICE, persistedOpStateExpiryEpochSec: 0} reported CLOSED replica.
2022-09-30 13:41:03,195 [Command processor thread] INFO  keyvalue.KeyValueContainer (KeyValueContainer.java:flushAndSyncDB(436)) - Container 1 is synced with bcsId 72.
2022-09-30 13:41:03,196 [Command processor thread] INFO  keyvalue.KeyValueContainer (KeyValueContainer.java:flushAndSyncDB(436)) - Container 1 is synced with bcsId 72.
2022-09-30 13:41:03,198 [Command processor thread] INFO  keyvalue.KeyValueContainer (KeyValueContainer.java:close(351)) - Container 1 is closed with bcsId 72.
2022-09-30 13:41:03,199 [Command processor thread] INFO  keyvalue.KeyValueContainer (KeyValueContainer.java:flushAndSyncDB(436)) - Container 2 is synced with bcsId 76.
2022-09-30 13:41:03,199 [Command processor thread] INFO  keyvalue.KeyValueContainer (KeyValueContainer.java:flushAndSyncDB(436)) - Container 2 is synced with bcsId 76.
2022-09-30 13:41:03,201 [Command processor thread] INFO  keyvalue.KeyValueContainer (KeyValueContainer.java:close(351)) - Container 2 is closed with bcsId 76.
2022-09-30 13:41:03,201 [Command processor thread] INFO  keyvalue.KeyValueContainer (KeyValueContainer.java:flushAndSyncDB(436)) - Container 3 is synced with bcsId 68.
2022-09-30 13:41:03,201 [Command processor thread] INFO  keyvalue.KeyValueContainer (KeyValueContainer.java:flushAndSyncDB(436)) - Container 3 is synced with bcsId 68.
2022-09-30 13:41:03,204 [Command processor thread] INFO  keyvalue.KeyValueContainer (KeyValueContainer.java:close(351)) - Container 3 is closed with bcsId 68.
2022-09-30 13:41:03,269 [Listener at 127.0.0.1/45417] INFO  ozone.MiniOzoneClusterImpl (MiniOzoneClusterImpl.java:lambda$waitForClusterToBeReady$0(216)) - Nodes are ready. Got 7 of 7 DN Heartbeats.
2022-09-30 13:41:03,269 [Listener at 127.0.0.1/45417] INFO  ozone.MiniOzoneClusterImpl (MiniOzoneClusterImpl.java:lambda$waitForClusterToBeReady$0(219)) - Waiting for cluster to exit safe mode
2022-09-30 13:41:03,269 [Listener at 127.0.0.1/45417] INFO  ozone.MiniOzoneClusterImpl (MiniOzoneClusterImpl.java:lambda$waitForClusterToBeReady$0(221)) - SCM became leader
2022-09-30 13:41:03,601 [Command processor thread] INFO  server.RaftServer (RaftServerProxy.java:addNew(96)) - 1a0b3960-301a-4947-868f-ac6db93c3e0a: addNew group-FCADA1E2E3CF:[1a0b3960-301a-4947-868f-ac6db93c3e0a|rpc:10.1.0.210:38269|priority:1] returns group-FCADA1E2E3CF:java.util.concurrent.CompletableFuture@62862013[Not completed]
2022-09-30 13:41:03,602 [pool-534-thread-1] INFO  server.RaftServer$Division (RaftServerImpl.java:<init>(190)) - 1a0b3960-301a-4947-868f-ac6db93c3e0a: new RaftServerImpl for group-FCADA1E2E3CF:[1a0b3960-301a-4947-868f-ac6db93c3e0a|rpc:10.1.0.210:38269|priority:1] with ContainerStateMachine:uninitialized
2022-09-30 13:41:03,602 [pool-534-thread-1] INFO  server.RaftServerConfigKeys (ConfUtils.java:logGet(46)) - raft.server.rpc.timeout.min = 5s (custom)
2022-09-30 13:41:03,603 [pool-534-thread-1] INFO  server.RaftServerConfigKeys (ConfUtils.java:logGet(46)) - raft.server.rpc.timeout.max = 5200ms (custom)
2022-09-30 13:41:03,603 [pool-534-thread-1] INFO  server.RaftServerConfigKeys (ConfUtils.java:logGet(46)) - raft.server.rpc.sleep.time = 25ms (default)
2022-09-30 13:41:03,603 [pool-534-thread-1] INFO  server.RaftServerConfigKeys (ConfUtils.java:logGet(46)) - raft.server.rpc.slowness.timeout = 300s (custom)
2022-09-30 13:41:03,603 [pool-534-thread-1] INFO  server.RaftServerConfigKeys (ConfUtils.java:logGet(46)) - raft.server.leaderelection.leader.step-down.wait-time = 10s (default)
2022-09-30 13:41:03,603 [pool-534-thread-1] INFO  server.RaftServerConfigKeys (ConfUtils.java:logGet(46)) - raft.server.sleep.deviation.threshold = 300ms (default)
2022-09-30 13:41:03,603 [pool-534-thread-1] INFO  server.RaftServer$Division (ServerState.java:<init>(107)) - 1a0b3960-301a-4947-868f-ac6db93c3e0a@group-FCADA1E2E3CF: ConfigurationManager, init=-1: [1a0b3960-301a-4947-868f-ac6db93c3e0a|rpc:10.1.0.210:38269|priority:1], old=null, confs=<EMPTY_MAP>
2022-09-30 13:41:03,603 [pool-534-thread-1] INFO  server.RaftServerConfigKeys (ConfUtils.java:logGet(46)) - raft.server.storage.dir = [/home/runner/work/ozone/ozone/hadoop-ozone/integration-test/target/test-dir/MiniOzoneClusterImpl-b8847c17-62d3-4307-a1ed-7c038275c3d3/datanode-4/data/ratis] (custom)
2022-09-30 13:41:03,603 [pool-534-thread-1] INFO  server.RaftServerConfigKeys (ConfUtils.java:logGet(46)) - raft.server.log.corruption.policy = EXCEPTION (default)
2022-09-30 13:41:03,603 [pool-534-thread-1] INFO  server.RaftServerConfigKeys (ConfUtils.java:logGet(46)) - raft.server.storage.free-space.min = 0MB (=0) (default)
2022-09-30 13:41:03,603 [pool-534-thread-1] INFO  storage.RaftStorageDirectory (RaftStorageDirectoryImpl.java:analyzeStorage(135)) - The storage directory /home/runner/work/ozone/ozone/hadoop-ozone/integration-test/target/test-dir/MiniOzoneClusterImpl-b8847c17-62d3-4307-a1ed-7c038275c3d3/datanode-4/data/ratis/bb5bdff9-1027-46eb-9d01-fcada1e2e3cf does not exist. Creating ...
2022-09-30 13:41:03,605 [pool-534-thread-1] INFO  storage.RaftStorageDirectory (RaftStorageDirectoryImpl.java:tryLock(230)) - Lock on /home/runner/work/ozone/ozone/hadoop-ozone/integration-test/target/test-dir/MiniOzoneClusterImpl-b8847c17-62d3-4307-a1ed-7c038275c3d3/datanode-4/data/ratis/bb5bdff9-1027-46eb-9d01-fcada1e2e3cf/in_use.lock acquired by nodename 61277@fv-az264-432
2022-09-30 13:41:03,607 [pool-534-thread-1] INFO  storage.RaftStorage (RaftStorageImpl.java:format(89)) - Storage directory /home/runner/work/ozone/ozone/hadoop-ozone/integration-test/target/test-dir/MiniOzoneClusterImpl-b8847c17-62d3-4307-a1ed-7c038275c3d3/datanode-4/data/ratis/bb5bdff9-1027-46eb-9d01-fcada1e2e3cf has been successfully formatted.
2022-09-30 13:41:03,608 [pool-534-thread-1] INFO  ratis.ContainerStateMachine (ContainerStateMachine.java:loadSnapshot(236)) - group-FCADA1E2E3CF: The snapshot info is null. Setting the last applied indexto:(t:0, i:~)
2022-09-30 13:41:03,609 [EventQueue-PipelineReportForPipelineReportHandler] INFO  pipeline.PipelineManagerImpl (PipelineManagerImpl.java:openPipeline(367)) - Pipeline Pipeline[ Id: bb5bdff9-1027-46eb-9d01-fcada1e2e3cf, Nodes: 1a0b3960-301a-4947-868f-ac6db93c3e0a{ip: 10.1.0.210, host: fv-az264-432.ca02foy5wcnuvlrvrz2wi3p2og.dx.internal.cloudapp.net, ports: [REPLICATION=34817, RATIS=38269, RATIS_ADMIN=38269, RATIS_SERVER=38269, STANDALONE=43455], networkLocation: /default-rack, certSerialId: null, persistedOpState: IN_SERVICE, persistedOpStateExpiryEpochSec: 0}, ReplicationConfig: RATIS/ONE, State:ALLOCATED, leaderId:1a0b3960-301a-4947-868f-ac6db93c3e0a, CreationTimestamp2022-09-30T13:41:00.604Z[Etc/UTC]] moved to OPEN state
2022-09-30 13:41:03,612 [EventQueue-OpenPipelineForHealthyPipelineSafeModeRule] INFO  safemode.SCMSafeModeManager (HealthyPipelineSafeModeRule.java:process(137)) - SCM in safe mode. Healthy pipelines reported count is 0, required healthy pipeline reported count is 1
2022-09-30 13:41:03,612 [pool-534-thread-1] INFO  server.RaftServerConfigKeys (ConfUtils.java:logGet(46)) - raft.server.notification.no-leader.timeout = 300s (custom)
2022-09-30 13:41:03,612 [pool-534-thread-1] INFO  server.RaftServerConfigKeys (ConfUtils.java:logGet(46)) - raft.server.log.use.memory = false (default)
2022-09-30 13:41:03,612 [pool-534-thread-1] INFO  server.RaftServerConfigKeys (ConfUtils.java:logGet(46)) - raft.server.log.purge.gap = 1000000 (custom)
2022-09-30 13:41:03,612 [pool-534-thread-1] INFO  server.RaftServerConfigKeys (ConfUtils.java:logGet(46)) - raft.server.log.appender.buffer.byte-limit = 33554432 (custom)
2022-09-30 13:41:03,612 [pool-534-thread-1] INFO  server.RaftServerConfigKeys (ConfUtils.java:logGet(46)) - raft.server.log.statemachine.data.read.timeout = 1000ms (default)
2022-09-30 13:41:03,613 [pool-534-thread-1] INFO  server.RaftServerConfigKeys (ConfUtils.java:logGet(46)) - raft.server.log.segment.size.max = 1048576 (custom)
2022-09-30 13:41:03,613 [pool-534-thread-1] INFO  server.RaftServerConfigKeys (ConfUtils.java:logGet(46)) - raft.server.log.segment.cache.num.max = 2 (custom)
2022-09-30 13:41:03,613 [pool-534-thread-1] INFO  server.RaftServerConfigKeys (ConfUtils.java:logGet(46)) - raft.server.log.segment.cache.size.max = 200MB (=209715200) (default)
2022-09-30 13:41:03,613 [pool-534-thread-1] INFO  segmented.SegmentedRaftLogWorker (SegmentedRaftLogWorker.java:<init>(187)) - new 1a0b3960-301a-4947-868f-ac6db93c3e0a@group-FCADA1E2E3CF-SegmentedRaftLogWorker for RaftStorageImpl:Storage Directory /home/runner/work/ozone/ozone/hadoop-ozone/integration-test/target/test-dir/MiniOzoneClusterImpl-b8847c17-62d3-4307-a1ed-7c038275c3d3/datanode-4/data/ratis/bb5bdff9-1027-46eb-9d01-fcada1e2e3cf
2022-09-30 13:41:03,613 [pool-534-thread-1] INFO  server.RaftServerConfigKeys (ConfUtils.java:logGet(46)) - raft.server.log.queue.byte-limit = 4294967296 (custom)
2022-09-30 13:41:03,613 [pool-534-thread-1] INFO  server.RaftServerConfigKeys (ConfUtils.java:logGet(46)) - raft.server.log.queue.element-limit = 1024 (custom)
2022-09-30 13:41:03,613 [pool-534-thread-1] INFO  server.RaftServerConfigKeys (ConfUtils.java:logGet(46)) - raft.server.log.segment.size.max = 1048576 (custom)
2022-09-30 13:41:03,614 [pool-534-thread-1] INFO  server.RaftServerConfigKeys (ConfUtils.java:logGet(46)) - raft.server.log.preallocated.size = 16384 (custom)
2022-09-30 13:41:03,614 [pool-534-thread-1] INFO  server.RaftServerConfigKeys (ConfUtils.java:logGet(46)) - raft.server.log.force.sync.num = 128 (default)
2022-09-30 13:41:03,614 [pool-534-thread-1] INFO  server.RaftServerConfigKeys (ConfUtils.java:logGet(46)) - raft.server.log.statemachine.data.sync = true (default)
2022-09-30 13:41:03,614 [pool-534-thread-1] INFO  server.RaftServerConfigKeys (ConfUtils.java:logGet(46)) - raft.server.log.statemachine.data.sync.timeout = 10s (default)
2022-09-30 13:41:03,614 [pool-534-thread-1] INFO  server.RaftServerConfigKeys (ConfUtils.java:logGet(46)) - raft.server.log.statemachine.data.sync.timeout.retry = -1 (default)
2022-09-30 13:41:03,615 [pool-534-thread-1] INFO  server.RaftServerConfigKeys (ConfUtils.java:logGet(46)) - raft.server.log.write.buffer.size = 1048576 (custom)
2022-09-30 13:41:03,615 [pool-534-thread-1] INFO  server.RaftServerConfigKeys (ConfUtils.java:logGet(46)) - raft.server.log.unsafe-flush.enabled = false (default)
2022-09-30 13:41:03,615 [pool-534-thread-1] INFO  server.RaftServerConfigKeys (ConfUtils.java:logGet(46)) - raft.server.log.statemachine.data.caching.enabled = true (custom)
2022-09-30 13:41:03,616 [pool-534-thread-1] INFO  segmented.SegmentedRaftLogWorker (SegmentedRaftLogWorker.java:lambda$new$0(135)) - 1a0b3960-301a-4947-868f-ac6db93c3e0a@group-FCADA1E2E3CF-SegmentedRaftLogWorker: flushIndex: setUnconditionally 0 -> -1
2022-09-30 13:41:03,616 [pool-534-thread-1] INFO  segmented.SegmentedRaftLogWorker (SegmentedRaftLogWorker.java:lambda$new$0(135)) - 1a0b3960-301a-4947-868f-ac6db93c3e0a@group-FCADA1E2E3CF-SegmentedRaftLogWorker: safeCacheEvictIndex: setUnconditionally 0 -> -1
2022-09-30 13:41:03,616 [pool-534-thread-1] INFO  server.RaftServerConfigKeys (ConfUtils.java:logGet(46)) - raft.server.snapshot.auto.trigger.enabled = true (custom)
2022-09-30 13:41:03,616 [pool-534-thread-1] INFO  server.RaftServerConfigKeys (ConfUtils.java:logGet(46)) - raft.server.snapshot.auto.trigger.threshold = 10000 (custom)
2022-09-30 13:41:03,616 [pool-534-thread-1] INFO  server.RaftServerConfigKeys (ConfUtils.java:logGet(46)) - raft.server.snapshot.retention.file.num = 5 (custom)
2022-09-30 13:41:03,616 [pool-534-thread-1] INFO  server.RaftServerConfigKeys (ConfUtils.java:logGet(46)) - raft.server.log.purge.upto.snapshot.index = false (default)
2022-09-30 13:41:03,616 [pool-534-thread-1] INFO  server.RaftServerConfigKeys (ConfUtils.java:logGet(46)) - raft.server.retrycache.expirytime = 600000ms (custom)
2022-09-30 13:41:03,616 [pool-534-thread-1] INFO  server.RaftServerConfigKeys (ConfUtils.java:logGet(46)) - raft.server.retrycache.statistics.expirytime = 100μs (default)
2022-09-30 13:41:03,619 [pool-534-thread-1] INFO  server.RaftServerConfigKeys (ConfUtils.java:logGet(46)) - raft.server.log.appender.install.snapshot.enabled = false (custom)
2022-09-30 13:41:03,619 [pool-534-thread-1] INFO  server.RaftServerConfigKeys (ConfUtils.java:logGet(46)) - raft.server.threadpool.server.cached = true (default)
2022-09-30 13:41:03,619 [pool-534-thread-1] INFO  server.RaftServerConfigKeys (ConfUtils.java:logGet(46)) - raft.server.threadpool.server.size = 0 (default)
2022-09-30 13:41:03,619 [pool-534-thread-1] INFO  server.RaftServerConfigKeys (ConfUtils.java:logGet(46)) - raft.server.threadpool.client.cached = true (default)
2022-09-30 13:41:03,619 [pool-534-thread-1] INFO  server.RaftServerConfigKeys (ConfUtils.java:logGet(46)) - raft.server.threadpool.client.size = 0 (default)
2022-09-30 13:41:03,619 [pool-534-thread-1] INFO  server.RaftServer$Division (RaftServerImpl.java:start(310)) - 1a0b3960-301a-4947-868f-ac6db93c3e0a@group-FCADA1E2E3CF: start as a follower, conf=-1: [1a0b3960-301a-4947-868f-ac6db93c3e0a|rpc:10.1.0.210:38269|priority:1], old=null
2022-09-30 13:41:03,619 [pool-534-thread-1] INFO  server.RaftServer$Division (RaftServerImpl.java:setRole(299)) - 1a0b3960-301a-4947-868f-ac6db93c3e0a@group-FCADA1E2E3CF: changes role from      null to FOLLOWER at term 0 for startAsFollower
2022-09-30 13:41:03,619 [pool-534-thread-1] INFO  impl.RoleInfo (RoleInfo.java:updateAndGet(139)) - 1a0b3960-301a-4947-868f-ac6db93c3e0a: start 1a0b3960-301a-4947-868f-ac6db93c3e0a@group-FCADA1E2E3CF-FollowerState
2022-09-30 13:41:03,619 [pool-534-thread-1] INFO  util.JmxRegister (JmxRegister.java:tryRegister(44)) - Successfully registered JMX Bean with object name Ratis:service=RaftServer,group=group-FCADA1E2E3CF,id=1a0b3960-301a-4947-868f-ac6db93c3e0a
2022-09-30 13:41:03,620 [Command processor thread] INFO  ratis.XceiverServerRatis (XceiverServerRatis.java:addGroup(765)) - Created group PipelineID=bb5bdff9-1027-46eb-9d01-fcada1e2e3cf
2022-09-30 13:41:03,620 [Command processor thread] INFO  commandhandler.CreatePipelineCommandHandler (CreatePipelineCommandHandler.java:handle(113)) - Created Pipeline RATIS ONE PipelineID=bb5bdff9-1027-46eb-9d01-fcada1e2e3cf.
2022-09-30 13:41:03,687 [EventQueue-OpenPipelineForHealthyPipelineSafeModeRule] INFO  safemode.SCMSafeModeManager (HealthyPipelineSafeModeRule.java:process(137)) - SCM in safe mode. Healthy pipelines reported count is 0, required healthy pipeline reported count is 1
2022-09-30 13:41:03,695 [EventQueue-OpenPipelineForHealthyPipelineSafeModeRule] INFO  safemode.SCMSafeModeManager (HealthyPipelineSafeModeRule.java:process(137)) - SCM in safe mode. Healthy pipelines reported count is 0, required healthy pipeline reported count is 1
2022-09-30 13:41:03,910 [EventQueue-OpenPipelineForHealthyPipelineSafeModeRule] INFO  safemode.SCMSafeModeManager (HealthyPipelineSafeModeRule.java:process(137)) - SCM in safe mode. Healthy pipelines reported count is 0, required healthy pipeline reported count is 1
2022-09-30 13:41:03,929 [ReplicationMonitor] INFO  replication.ReplicationManager (ReplicationManager.java:processAll(291)) - Replication Manager is not ready to run until 3000ms after safemode exit
2022-09-30 13:41:03,969 [Command processor thread] INFO  keyvalue.KeyValueContainer (KeyValueContainer.java:flushAndSyncDB(436)) - Container 3 is synced with bcsId 68.
2022-09-30 13:41:03,969 [Command processor thread] INFO  keyvalue.KeyValueContainer (KeyValueContainer.java:flushAndSyncDB(436)) - Container 3 is synced with bcsId 68.
2022-09-30 13:41:03,971 [Command processor thread] INFO  keyvalue.KeyValueContainer (KeyValueContainer.java:close(351)) - Container 3 is closed with bcsId 68.
2022-09-30 13:41:03,979 [Under Replicated Processor] INFO  replication.UnderReplicatedProcessor (UnderReplicatedProcessor.java:processAll(92)) - Processed 2 under replicated containers, failed processing 0
2022-09-30 13:41:03,992 [ContainerReplicationThread-2] INFO  replication.DownloadAndImportReplicator (DownloadAndImportReplicator.java:replicate(105)) - Starting replication of container 7 from [63487312-87aa-4652-9988-76e01a899b42{ip: 10.1.0.210, host: fv-az264-432.ca02foy5wcnuvlrvrz2wi3p2og.dx.internal.cloudapp.net, ports: [REPLICATION=33927, RATIS=39059, RATIS_ADMIN=39059, RATIS_SERVER=39059, STANDALONE=46255], networkLocation: /default-rack, certSerialId: null, persistedOpState: DECOMMISSIONING, persistedOpStateExpiryEpochSec: 0}]
2022-09-30 13:41:03,998 [DatanodeAdminManager-0] INFO  node.DatanodeAdminMonitorImpl (DatanodeAdminMonitorImpl.java:checkContainersReplicatedOnNode(306)) - Under Replicated Container #6 org.apache.hadoop.hdds.scm.container.replication.ECContainerReplicaCount@443bac97; Replicas{ContainerReplica{containerID=#6, state=CLOSED, datanodeDetails=542c7706-6f03-4002-aadb-418c9fc9cb26{ip: 10.1.0.210, host: fv-az264-432.ca02foy5wcnuvlrvrz2wi3p2og.dx.internal.cloudapp.net, ports: [REPLICATION=42815, RATIS=37931, RATIS_ADMIN=37931, RATIS_SERVER=37931, STANDALONE=38243], networkLocation: /default-rack, certSerialId: null, persistedOpState: IN_SERVICE, persistedOpStateExpiryEpochSec: 0}, placeOfBirth=542c7706-6f03-4002-aadb-418c9fc9cb26, sequenceId=0, keyCount=6, bytesUsed=114,replicaIndex=5},ContainerReplica{containerID=#6, state=CLOSED, datanodeDetails=93a726fc-a128-4d5e-9b28-98a1d7a8eb0c{ip: 10.1.0.210, host: fv-az264-432.ca02foy5wcnuvlrvrz2wi3p2og.dx.internal.cloudapp.net, ports: [REPLICATION=34975, RATIS=43289, RATIS_ADMIN=43289, RATIS_SERVER=43289, STANDALONE=44081], networkLocation: /default-rack, certSerialId: null, persistedOpState: IN_SERVICE, persistedOpStateExpiryEpochSec: 0}, placeOfBirth=93a726fc-a128-4d5e-9b28-98a1d7a8eb0c, sequenceId=0, keyCount=6, bytesUsed=114,replicaIndex=1},ContainerReplica{containerID=#6, state=CLOSED, datanodeDetails=43811407-7c21-4fcd-ab69-dbd9b60ed504{ip: 10.1.0.210, host: fv-az264-432.ca02foy5wcnuvlrvrz2wi3p2og.dx.internal.cloudapp.net, ports: [REPLICATION=35185, RATIS=42941, RATIS_ADMIN=42941, RATIS_SERVER=42941, STANDALONE=35079], networkLocation: /default-rack, certSerialId: null, persistedOpState: IN_SERVICE, persistedOpStateExpiryEpochSec: 0}, placeOfBirth=43811407-7c21-4fcd-ab69-dbd9b60ed504, sequenceId=0, keyCount=6, bytesUsed=0,replicaIndex=2},ContainerReplica{containerID=#6, state=CLOSED, datanodeDetails=63487312-87aa-4652-9988-76e01a899b42{ip: 10.1.0.210, host: fv-az264-432.ca02foy5wcnuvlrvrz2wi3p2og.dx.internal.cloudapp.net, ports: [REPLICATION=33927, RATIS=39059, RATIS_ADMIN=39059, RATIS_SERVER=39059, STANDALONE=46255], networkLocation: /default-rack, certSerialId: null, persistedOpState: DECOMMISSIONING, persistedOpStateExpiryEpochSec: 0}, placeOfBirth=63487312-87aa-4652-9988-76e01a899b42, sequenceId=0, keyCount=6, bytesUsed=0,replicaIndex=3},ContainerReplica{containerID=#6, state=CLOSED, datanodeDetails=97e8c787-6023-4421-819a-0b5ced458c94{ip: 10.1.0.210, host: fv-az264-432.ca02foy5wcnuvlrvrz2wi3p2og.dx.internal.cloudapp.net, ports: [REPLICATION=41907, RATIS=36437, RATIS_ADMIN=36437, RATIS_SERVER=36437, STANDALONE=34177], networkLocation: /default-rack, certSerialId: null, persistedOpState: IN_SERVICE, persistedOpStateExpiryEpochSec: 0}, placeOfBirth=97e8c787-6023-4421-819a-0b5ced458c94, sequenceId=0, keyCount=6, bytesUsed=114,replicaIndex=4}}
2022-09-30 13:41:03,998 [DatanodeAdminManager-0] INFO  node.DatanodeAdminMonitorImpl (DatanodeAdminMonitorImpl.java:checkContainersReplicatedOnNode(306)) - Under Replicated Container #7 org.apache.hadoop.hdds.scm.container.replication.ECContainerReplicaCount@18451ced; Replicas{ContainerReplica{containerID=#7, state=CLOSED, datanodeDetails=63487312-87aa-4652-9988-76e01a899b42{ip: 10.1.0.210, host: fv-az264-432.ca02foy5wcnuvlrvrz2wi3p2og.dx.internal.cloudapp.net, ports: [REPLICATION=33927, RATIS=39059, RATIS_ADMIN=39059, RATIS_SERVER=39059, STANDALONE=46255], networkLocation: /default-rack, certSerialId: null, persistedOpState: DECOMMISSIONING, persistedOpStateExpiryEpochSec: 0}, placeOfBirth=63487312-87aa-4652-9988-76e01a899b42, sequenceId=0, keyCount=5, bytesUsed=95,replicaIndex=4},ContainerReplica{containerID=#7, state=CLOSED, datanodeDetails=62666bfa-5b48-4194-8431-0a6941154381{ip: 10.1.0.210, host: fv-az264-432.ca02foy5wcnuvlrvrz2wi3p2og.dx.internal.cloudapp.net, ports: [REPLICATION=41651, RATIS=41785, RATIS_ADMIN=41785, RATIS_SERVER=41785, STANDALONE=43973], networkLocation: /default-rack, certSerialId: null, persistedOpState: IN_SERVICE, persistedOpStateExpiryEpochSec: 0}, placeOfBirth=62666bfa-5b48-4194-8431-0a6941154381, sequenceId=0, keyCount=5, bytesUsed=0,replicaIndex=2},ContainerReplica{containerID=#7, state=CLOSED, datanodeDetails=93a726fc-a128-4d5e-9b28-98a1d7a8eb0c{ip: 10.1.0.210, host: fv-az264-432.ca02foy5wcnuvlrvrz2wi3p2og.dx.internal.cloudapp.net, ports: [REPLICATION=34975, RATIS=43289, RATIS_ADMIN=43289, RATIS_SERVER=43289, STANDALONE=44081], networkLocation: /default-rack, certSerialId: null, persistedOpState: IN_SERVICE, persistedOpStateExpiryEpochSec: 0}, placeOfBirth=93a726fc-a128-4d5e-9b28-98a1d7a8eb0c, sequenceId=0, keyCount=5, bytesUsed=95,replicaIndex=1},ContainerReplica{containerID=#7, state=CLOSED, datanodeDetails=97e8c787-6023-4421-819a-0b5ced458c94{ip: 10.1.0.210, host: fv-az264-432.ca02foy5wcnuvlrvrz2wi3p2og.dx.internal.cloudapp.net, ports: [REPLICATION=41907, RATIS=36437, RATIS_ADMIN=36437, RATIS_SERVER=36437, STANDALONE=34177], networkLocation: /default-rack, certSerialId: null, persistedOpState: IN_SERVICE, persistedOpStateExpiryEpochSec: 0}, placeOfBirth=97e8c787-6023-4421-819a-0b5ced458c94, sequenceId=0, keyCount=5, bytesUsed=95,replicaIndex=5},ContainerReplica{containerID=#7, state=CLOSED, datanodeDetails=c604563f-8b94-483f-a354-2ed29e633e80{ip: 10.1.0.210, host: fv-az264-432.ca02foy5wcnuvlrvrz2wi3p2og.dx.internal.cloudapp.net, ports: [REPLICATION=41739, RATIS=36125, RATIS_ADMIN=36125, RATIS_SERVER=36125, STANDALONE=37547], networkLocation: /default-rack, certSerialId: null, persistedOpState: IN_SERVICE, persistedOpStateExpiryEpochSec: 0}, placeOfBirth=c604563f-8b94-483f-a354-2ed29e633e80, sequenceId=0, keyCount=5, bytesUsed=0,replicaIndex=3}}
2022-09-30 13:41:03,999 [DatanodeAdminManager-0] INFO  node.DatanodeAdminMonitorImpl (DatanodeAdminMonitorImpl.java:checkContainersReplicatedOnNode(317)) - Unhealthy Container #1 Container State: CLOSED Replica Count: 4 Healthy Count: 3 Decommission Count: 1 Maintenance Count: 0 inFlightAdd Count: 1 inFightDel Count: 0 ReplicationFactor: 3 minMaintenance Count: 2; Replicas{ContainerReplica{containerID=#1, state=CLOSED, datanodeDetails=97e8c787-6023-4421-819a-0b5ced458c94{ip: 10.1.0.210, host: fv-az264-432.ca02foy5wcnuvlrvrz2wi3p2og.dx.internal.cloudapp.net, ports: [REPLICATION=41907, RATIS=36437, RATIS_ADMIN=36437, RATIS_SERVER=36437, STANDALONE=34177], networkLocation: /default-rack, certSerialId: null, persistedOpState: IN_SERVICE, persistedOpStateExpiryEpochSec: 0}, placeOfBirth=97e8c787-6023-4421-819a-0b5ced458c94, sequenceId=72, keyCount=7, bytesUsed=133},ContainerReplica{containerID=#1, state=CLOSED, datanodeDetails=62666bfa-5b48-4194-8431-0a6941154381{ip: 10.1.0.210, host: fv-az264-432.ca02foy5wcnuvlrvrz2wi3p2og.dx.internal.cloudapp.net, ports: [REPLICATION=41651, RATIS=41785, RATIS_ADMIN=41785, RATIS_SERVER=41785, STANDALONE=43973], networkLocation: /default-rack, certSerialId: null, persistedOpState: IN_SERVICE, persistedOpStateExpiryEpochSec: 0}, placeOfBirth=62666bfa-5b48-4194-8431-0a6941154381, sequenceId=72, keyCount=7, bytesUsed=133},ContainerReplica{containerID=#1, state=QUASI_CLOSED, datanodeDetails=542c7706-6f03-4002-aadb-418c9fc9cb26{ip: 10.1.0.210, host: fv-az264-432.ca02foy5wcnuvlrvrz2wi3p2og.dx.internal.cloudapp.net, ports: [REPLICATION=42815, RATIS=37931, RATIS_ADMIN=37931, RATIS_SERVER=37931, STANDALONE=38243], networkLocation: /default-rack, certSerialId: null, persistedOpState: IN_SERVICE, persistedOpStateExpiryEpochSec: 0}, placeOfBirth=63487312-87aa-4652-9988-76e01a899b42, sequenceId=72, keyCount=7, bytesUsed=133},ContainerReplica{containerID=#1, state=QUASI_CLOSED, datanodeDetails=63487312-87aa-4652-9988-76e01a899b42{ip: 10.1.0.210, host: fv-az264-432.ca02foy5wcnuvlrvrz2wi3p2og.dx.internal.cloudapp.net, ports: [REPLICATION=33927, RATIS=39059, RATIS_ADMIN=39059, RATIS_SERVER=39059, STANDALONE=46255], networkLocation: /default-rack, certSerialId: null, persistedOpState: DECOMMISSIONING, persistedOpStateExpiryEpochSec: 0}, placeOfBirth=63487312-87aa-4652-9988-76e01a899b42, sequenceId=72, keyCount=7, bytesUsed=133}}
2022-09-30 13:41:03,999 [DatanodeAdminManager-0] INFO  node.DatanodeAdminMonitorImpl (DatanodeAdminMonitorImpl.java:checkContainersReplicatedOnNode(317)) - Unhealthy Container #2 Container State: CLOSED Replica Count: 4 Healthy Count: 3 Decommission Count: 1 Maintenance Count: 0 inFlightAdd Count: 1 inFightDel Count: 0 ReplicationFactor: 3 minMaintenance Count: 2; Replicas{ContainerReplica{containerID=#2, state=QUASI_CLOSED, datanodeDetails=542c7706-6f03-4002-aadb-418c9fc9cb26{ip: 10.1.0.210, host: fv-az264-432.ca02foy5wcnuvlrvrz2wi3p2og.dx.internal.cloudapp.net, ports: [REPLICATION=42815, RATIS=37931, RATIS_ADMIN=37931, RATIS_SERVER=37931, STANDALONE=38243], networkLocation: /default-rack, certSerialId: null, persistedOpState: IN_SERVICE, persistedOpStateExpiryEpochSec: 0}, placeOfBirth=63487312-87aa-4652-9988-76e01a899b42, sequenceId=76, keyCount=7, bytesUsed=133},ContainerReplica{containerID=#2, state=QUASI_CLOSED, datanodeDetails=63487312-87aa-4652-9988-76e01a899b42{ip: 10.1.0.210, host: fv-az264-432.ca02foy5wcnuvlrvrz2wi3p2og.dx.internal.cloudapp.net, ports: [REPLICATION=33927, RATIS=39059, RATIS_ADMIN=39059, RATIS_SERVER=39059, STANDALONE=46255], networkLocation: /default-rack, certSerialId: null, persistedOpState: DECOMMISSIONING, persistedOpStateExpiryEpochSec: 0}, placeOfBirth=63487312-87aa-4652-9988-76e01a899b42, sequenceId=76, keyCount=7, bytesUsed=133},ContainerReplica{containerID=#2, state=CLOSED, datanodeDetails=97e8c787-6023-4421-819a-0b5ced458c94{ip: 10.1.0.210, host: fv-az264-432.ca02foy5wcnuvlrvrz2wi3p2og.dx.internal.cloudapp.net, ports: [REPLICATION=41907, RATIS=36437, RATIS_ADMIN=36437, RATIS_SERVER=36437, STANDALONE=34177], networkLocation: /default-rack, certSerialId: null, persistedOpState: IN_SERVICE, persistedOpStateExpiryEpochSec: 0}, placeOfBirth=97e8c787-6023-4421-819a-0b5ced458c94, sequenceId=76, keyCount=7, bytesUsed=133},ContainerReplica{containerID=#2, state=CLOSED, datanodeDetails=62666bfa-5b48-4194-8431-0a6941154381{ip: 10.1.0.210, host: fv-az264-432.ca02foy5wcnuvlrvrz2wi3p2og.dx.internal.cloudapp.net, ports: [REPLICATION=41651, RATIS=41785, RATIS_ADMIN=41785, RATIS_SERVER=41785, STANDALONE=43973], networkLocation: /default-rack, certSerialId: null, persistedOpState: IN_SERVICE, persistedOpStateExpiryEpochSec: 0}, placeOfBirth=62666bfa-5b48-4194-8431-0a6941154381, sequenceId=76, keyCount=7, bytesUsed=133}}
2022-09-30 13:41:03,999 [DatanodeAdminManager-0] INFO  node.DatanodeAdminMonitorImpl (DatanodeAdminMonitorImpl.java:checkContainersReplicatedOnNode(306)) - Under Replicated Container #4 org.apache.hadoop.hdds.scm.container.replication.ECContainerReplicaCount@2233481a; Replicas{ContainerReplica{containerID=#4, state=CLOSED, datanodeDetails=63487312-87aa-4652-9988-76e01a899b42{ip: 10.1.0.210, host: fv-az264-432.ca02foy5wcnuvlrvrz2wi3p2og.dx.internal.cloudapp.net, ports: [REPLICATION=33927, RATIS=39059, RATIS_ADMIN=39059, RATIS_SERVER=39059, STANDALONE=46255], networkLocation: /default-rack, certSerialId: null, persistedOpState: DECOMMISSIONING, persistedOpStateExpiryEpochSec: 0}, placeOfBirth=63487312-87aa-4652-9988-76e01a899b42, sequenceId=0, keyCount=2, bytesUsed=0,replicaIndex=2},ContainerReplica{containerID=#4, state=CLOSED, datanodeDetails=97e8c787-6023-4421-819a-0b5ced458c94{ip: 10.1.0.210, host: fv-az264-432.ca02foy5wcnuvlrvrz2wi3p2og.dx.internal.cloudapp.net, ports: [REPLICATION=41907, RATIS=36437, RATIS_ADMIN=36437, RATIS_SERVER=36437, STANDALONE=34177], networkLocation: /default-rack, certSerialId: null, persistedOpState: IN_SERVICE, persistedOpStateExpiryEpochSec: 0}, placeOfBirth=97e8c787-6023-4421-819a-0b5ced458c94, sequenceId=0, keyCount=2, bytesUsed=38,replicaIndex=4},ContainerReplica{containerID=#4, state=CLOSED, datanodeDetails=93a726fc-a128-4d5e-9b28-98a1d7a8eb0c{ip: 10.1.0.210, host: fv-az264-432.ca02foy5wcnuvlrvrz2wi3p2og.dx.internal.cloudapp.net, ports: [REPLICATION=34975, RATIS=43289, RATIS_ADMIN=43289, RATIS_SERVER=43289, STANDALONE=44081], networkLocation: /default-rack, certSerialId: null, persistedOpState: IN_SERVICE, persistedOpStateExpiryEpochSec: 0}, placeOfBirth=93a726fc-a128-4d5e-9b28-98a1d7a8eb0c, sequenceId=0, keyCount=2, bytesUsed=38,replicaIndex=1},ContainerReplica{containerID=#4, state=CLOSED, datanodeDetails=43811407-7c21-4fcd-ab69-dbd9b60ed504{ip: 10.1.0.210, host: fv-az264-432.ca02foy5wcnuvlrvrz2wi3p2og.dx.internal.cloudapp.net, ports: [REPLICATION=35185, RATIS=42941, RATIS_ADMIN=42941, RATIS_SERVER=42941, STANDALONE=35079], networkLocation: /default-rack, certSerialId: null, persistedOpState: IN_SERVICE, persistedOpStateExpiryEpochSec: 0}, placeOfBirth=43811407-7c21-4fcd-ab69-dbd9b60ed504, sequenceId=0, keyCount=2, bytesUsed=38,replicaIndex=5},ContainerReplica{containerID=#4, state=CLOSED, datanodeDetails=62666bfa-5b48-4194-8431-0a6941154381{ip: 10.1.0.210, host: fv-az264-432.ca02foy5wcnuvlrvrz2wi3p2og.dx.internal.cloudapp.net, ports: [REPLICATION=41651, RATIS=41785, RATIS_ADMIN=41785, RATIS_SERVER=41785, STANDALONE=43973], networkLocation: /default-rack, certSerialId: null, persistedOpState: IN_SERVICE, persistedOpStateExpiryEpochSec: 0}, placeOfBirth=62666bfa-5b48-4194-8431-0a6941154381, sequenceId=0, keyCount=2, bytesUsed=0,replicaIndex=3}}
2022-09-30 13:41:03,999 [DatanodeAdminManager-0] INFO  node.DatanodeAdminMonitorImpl (DatanodeAdminMonitorImpl.java:checkContainersReplicatedOnNode(327)) - 63487312-87aa-4652-9988-76e01a899b42{ip: 10.1.0.210, host: fv-az264-432.ca02foy5wcnuvlrvrz2wi3p2og.dx.internal.cloudapp.net, ports: [REPLICATION=33927, RATIS=39059, RATIS_ADMIN=39059, RATIS_SERVER=39059, STANDALONE=46255], networkLocation: /default-rack, certSerialId: null, persistedOpState: DECOMMISSIONING, persistedOpStateExpiryEpochSec: 0} has 3 sufficientlyReplicated, 3 underReplicated and 2 unhealthy containers
2022-09-30 13:41:03,999 [DatanodeAdminManager-0] INFO  node.DatanodeAdminMonitorImpl (DatanodeAdminMonitorImpl.java:run(148)) - There are 1 nodes tracked for decommission and maintenance. 0 pending nodes.
2022-09-30 13:41:04,005 [grpc-default-executor-3] INFO  replication.GrpcReplicationService (GrpcReplicationService.java:download(52)) - Streaming container data (7) to other datanode
2022-09-30 13:41:04,019 [Over Replicated Processor] INFO  replication.OverReplicatedProcessor (OverReplicatedProcessor.java:processAll(90)) - Processed 0 over replicated containers, failed processing 0
2022-09-30 13:41:04,022 [grpc-default-executor-3] INFO  replication.GrpcOutputStream (GrpcOutputStream.java:close(104)) - Sent 10882 bytes for container 7
2022-09-30 13:41:04,022 [grpc-default-executor-6] INFO  replication.GrpcReplicationClient (GrpcReplicationClient.java:onCompleted(197)) - Container 7 is downloaded to /home/runner/work/ozone/ozone/hadoop-ozone/integration-test/target/test-dir/MiniOzoneClusterImpl-8c4c252e-cda6-42f5-b80f-9d168f3e16cf/datanode-3/data/replication/work/container-7.tar.gz
2022-09-30 13:41:04,025 [ContainerReplicationThread-2] INFO  replication.DownloadAndImportReplicator (DownloadAndImportReplicator.java:replicate(117)) - Container 7 is downloaded with size 10882, starting to import.
2022-09-30 13:41:04,036 [Command processor thread] INFO  keyvalue.KeyValueContainer (KeyValueContainer.java:flushAndSyncDB(436)) - Container 1 is synced with bcsId 72.
2022-09-30 13:41:04,037 [Command processor thread] INFO  keyvalue.KeyValueContainer (KeyValueContainer.java:flushAndSyncDB(436)) - Container 1 is synced with bcsId 72.
2022-09-30 13:41:04,039 [Command processor thread] INFO  keyvalue.KeyValueContainer (KeyValueContainer.java:close(351)) - Container 1 is closed with bcsId 72.
2022-09-30 13:41:04,058 [ContainerReplicationThread-2] INFO  replication.DownloadAndImportReplicator (DownloadAndImportReplicator.java:replicate(122)) - Container 7 is replicated successfully
2022-09-30 13:41:04,058 [ContainerReplicationThread-2] INFO  replication.ReplicationSupervisor (ReplicationSupervisor.java:run(176)) - Container 7 is replicated.
2022-09-30 13:41:04,066 [ReplicationMonitor] INFO  replication.LegacyReplicationManager (LegacyReplicationManager.java:sendCloseCommand(1512)) - Sending close container command for container #2 to datanode 542c7706-6f03-4002-aadb-418c9fc9cb26{ip: 10.1.0.210, host: fv-az264-432.ca02foy5wcnuvlrvrz2wi3p2og.dx.internal.cloudapp.net, ports: [REPLICATION=42815, RATIS=37931, RATIS_ADMIN=37931, RATIS_SERVER=37931, STANDALONE=38243], networkLocation: /default-rack, certSerialId: null, persistedOpState: IN_SERVICE, persistedOpStateExpiryEpochSec: 0}.
2022-09-30 13:41:04,067 [ReplicationMonitor] INFO  replication.LegacyReplicationManager (LegacyReplicationManager.java:sendCloseCommand(1512)) - Sending close container command for container #2 to datanode 63487312-87aa-4652-9988-76e01a899b42{ip: 10.1.0.210, host: fv-az264-432.ca02foy5wcnuvlrvrz2wi3p2og.dx.internal.cloudapp.net, ports: [REPLICATION=33927, RATIS=39059, RATIS_ADMIN=39059, RATIS_SERVER=39059, STANDALONE=46255], networkLocation: /default-rack, certSerialId: null, persistedOpState: DECOMMISSIONING, persistedOpStateExpiryEpochSec: 0}.
2022-09-30 13:41:04,068 [ReplicationMonitor] INFO  replication.ReplicationManager (ReplicationManager.java:processAll(324)) - Replication Monitor Thread took 4 milliseconds for processing 8 containers.
2022-09-30 13:41:04,079 [Command processor thread] INFO  keyvalue.KeyValueContainer (KeyValueContainer.java:flushAndSyncDB(436)) - Container 2 is synced with bcsId 76.
2022-09-30 13:41:04,079 [Command processor thread] INFO  keyvalue.KeyValueContainer (KeyValueContainer.java:flushAndSyncDB(436)) - Container 2 is synced with bcsId 76.
2022-09-30 13:41:04,081 [Command processor thread] INFO  keyvalue.KeyValueContainer (KeyValueContainer.java:close(351)) - Container 2 is closed with bcsId 76.
2022-09-30 13:41:04,270 [Listener at 127.0.0.1/45417] INFO  ozone.MiniOzoneClusterImpl (MiniOzoneClusterImpl.java:lambda$waitForClusterToBeReady$0(216)) - Nodes are ready. Got 7 of 7 DN Heartbeats.
2022-09-30 13:41:04,270 [Listener at 127.0.0.1/45417] INFO  ozone.MiniOzoneClusterImpl (MiniOzoneClusterImpl.java:lambda$waitForClusterToBeReady$0(219)) - Waiting for cluster to exit safe mode
2022-09-30 13:41:04,270 [Listener at 127.0.0.1/45417] INFO  ozone.MiniOzoneClusterImpl (MiniOzoneClusterImpl.java:lambda$waitForClusterToBeReady$0(221)) - SCM became leader
2022-09-30 13:41:04,328 [EventQueue-OpenPipelineForHealthyPipelineSafeModeRule] INFO  safemode.SCMSafeModeManager (HealthyPipelineSafeModeRule.java:process(137)) - SCM in safe mode. Healthy pipelines reported count is 0, required healthy pipeline reported count is 1
2022-09-30 13:41:04,487 [Command processor thread] INFO  server.RaftServer (RaftServerProxy.java:addNew(96)) - 2f2aa734-5659-47cb-9e8c-97447fb3d532: addNew group-D78D6EACDF84:[2f2aa734-5659-47cb-9e8c-97447fb3d532|rpc:10.1.0.210:39967|priority:1] returns group-D78D6EACDF84:java.util.concurrent.CompletableFuture@5646cd9a[Not completed]
2022-09-30 13:41:04,488 [pool-607-thread-1] INFO  server.RaftServer$Division (RaftServerImpl.java:<init>(190)) - 2f2aa734-5659-47cb-9e8c-97447fb3d532: new RaftServerImpl for group-D78D6EACDF84:[2f2aa734-5659-47cb-9e8c-97447fb3d532|rpc:10.1.0.210:39967|priority:1] with ContainerStateMachine:uninitialized
2022-09-30 13:41:04,488 [pool-607-thread-1] INFO  server.RaftServerConfigKeys (ConfUtils.java:logGet(46)) - raft.server.rpc.timeout.min = 5s (custom)
2022-09-30 13:41:04,489 [pool-607-thread-1] INFO  server.RaftServerConfigKeys (ConfUtils.java:logGet(46)) - raft.server.rpc.timeout.max = 5200ms (custom)
2022-09-30 13:41:04,489 [pool-607-thread-1] INFO  server.RaftServerConfigKeys (ConfUtils.java:logGet(46)) - raft.server.rpc.sleep.time = 25ms (default)
2022-09-30 13:41:04,489 [pool-607-thread-1] INFO  server.RaftServerConfigKeys (ConfUtils.java:logGet(46)) - raft.server.rpc.slowness.timeout = 300s (custom)
2022-09-30 13:41:04,489 [pool-607-thread-1] INFO  server.RaftServerConfigKeys (ConfUtils.java:logGet(46)) - raft.server.leaderelection.leader.step-down.wait-time = 10s (default)
2022-09-30 13:41:04,489 [pool-607-thread-1] INFO  server.RaftServerConfigKeys (ConfUtils.java:logGet(46)) - raft.server.sleep.deviation.threshold = 300ms (default)
2022-09-30 13:41:04,489 [pool-607-thread-1] INFO  server.RaftServer$Division (ServerState.java:<init>(107)) - 2f2aa734-5659-47cb-9e8c-97447fb3d532@group-D78D6EACDF84: ConfigurationManager, init=-1: [2f2aa734-5659-47cb-9e8c-97447fb3d532|rpc:10.1.0.210:39967|priority:1], old=null, confs=<EMPTY_MAP>
2022-09-30 13:41:04,489 [pool-607-thread-1] INFO  server.RaftServerConfigKeys (ConfUtils.java:logGet(46)) - raft.server.storage.dir = [/home/runner/work/ozone/ozone/hadoop-ozone/integration-test/target/test-dir/MiniOzoneClusterImpl-b8847c17-62d3-4307-a1ed-7c038275c3d3/datanode-5/data/ratis] (custom)
2022-09-30 13:41:04,489 [pool-607-thread-1] INFO  server.RaftServerConfigKeys (ConfUtils.java:logGet(46)) - raft.server.log.corruption.policy = EXCEPTION (default)
2022-09-30 13:41:04,489 [pool-607-thread-1] INFO  server.RaftServerConfigKeys (ConfUtils.java:logGet(46)) - raft.server.storage.free-space.min = 0MB (=0) (default)
2022-09-30 13:41:04,489 [pool-607-thread-1] INFO  storage.RaftStorageDirectory (RaftStorageDirectoryImpl.java:analyzeStorage(135)) - The storage directory /home/runner/work/ozone/ozone/hadoop-ozone/integration-test/target/test-dir/MiniOzoneClusterImpl-b8847c17-62d3-4307-a1ed-7c038275c3d3/datanode-5/data/ratis/a33bb06c-14e0-4881-a5d3-d78d6eacdf84 does not exist. Creating ...
2022-09-30 13:41:04,491 [pool-607-thread-1] INFO  storage.RaftStorageDirectory (RaftStorageDirectoryImpl.java:tryLock(230)) - Lock on /home/runner/work/ozone/ozone/hadoop-ozone/integration-test/target/test-dir/MiniOzoneClusterImpl-b8847c17-62d3-4307-a1ed-7c038275c3d3/datanode-5/data/ratis/a33bb06c-14e0-4881-a5d3-d78d6eacdf84/in_use.lock acquired by nodename 61277@fv-az264-432
2022-09-30 13:41:04,493 [pool-607-thread-1] INFO  storage.RaftStorage (RaftStorageImpl.java:format(89)) - Storage directory /home/runner/work/ozone/ozone/hadoop-ozone/integration-test/target/test-dir/MiniOzoneClusterImpl-b8847c17-62d3-4307-a1ed-7c038275c3d3/datanode-5/data/ratis/a33bb06c-14e0-4881-a5d3-d78d6eacdf84 has been successfully formatted.
2022-09-30 13:41:04,494 [pool-607-thread-1] INFO  ratis.ContainerStateMachine (ContainerStateMachine.java:loadSnapshot(236)) - group-D78D6EACDF84: The snapshot info is null. Setting the last applied indexto:(t:0, i:~)
2022-09-30 13:41:04,494 [pool-607-thread-1] INFO  server.RaftServerConfigKeys (ConfUtils.java:logGet(46)) - raft.server.notification.no-leader.timeout = 300s (custom)
2022-09-30 13:41:04,494 [pool-607-thread-1] INFO  server.RaftServerConfigKeys (ConfUtils.java:logGet(46)) - raft.server.log.use.memory = false (default)
2022-09-30 13:41:04,494 [pool-607-thread-1] INFO  server.RaftServerConfigKeys (ConfUtils.java:logGet(46)) - raft.server.log.purge.gap = 1000000 (custom)
2022-09-30 13:41:04,494 [pool-607-thread-1] INFO  server.RaftServerConfigKeys (ConfUtils.java:logGet(46)) - raft.server.log.appender.buffer.byte-limit = 33554432 (custom)
2022-09-30 13:41:04,494 [pool-607-thread-1] INFO  server.RaftServerConfigKeys (ConfUtils.java:logGet(46)) - raft.server.log.statemachine.data.read.timeout = 1000ms (default)
2022-09-30 13:41:04,494 [pool-607-thread-1] INFO  server.RaftServerConfigKeys (ConfUtils.java:logGet(46)) - raft.server.log.segment.size.max = 1048576 (custom)
2022-09-30 13:41:04,495 [pool-607-thread-1] INFO  server.RaftServerConfigKeys (ConfUtils.java:logGet(46)) - raft.server.log.segment.cache.num.max = 2 (custom)
2022-09-30 13:41:04,495 [pool-607-thread-1] INFO  server.RaftServerConfigKeys (ConfUtils.java:logGet(46)) - raft.server.log.segment.cache.size.max = 200MB (=209715200) (default)
2022-09-30 13:41:04,495 [pool-607-thread-1] INFO  segmented.SegmentedRaftLogWorker (SegmentedRaftLogWorker.java:<init>(187)) - new 2f2aa734-5659-47cb-9e8c-97447fb3d532@group-D78D6EACDF84-SegmentedRaftLogWorker for RaftStorageImpl:Storage Directory /home/runner/work/ozone/ozone/hadoop-ozone/integration-test/target/test-dir/MiniOzoneClusterImpl-b8847c17-62d3-4307-a1ed-7c038275c3d3/datanode-5/data/ratis/a33bb06c-14e0-4881-a5d3-d78d6eacdf84
2022-09-30 13:41:04,495 [pool-607-thread-1] INFO  server.RaftServerConfigKeys (ConfUtils.java:logGet(46)) - raft.server.log.queue.byte-limit = 4294967296 (custom)
2022-09-30 13:41:04,495 [pool-607-thread-1] INFO  server.RaftServerConfigKeys (ConfUtils.java:logGet(46)) - raft.server.log.queue.element-limit = 1024 (custom)
2022-09-30 13:41:04,495 [pool-607-thread-1] INFO  server.RaftServerConfigKeys (ConfUtils.java:logGet(46)) - raft.server.log.segment.size.max = 1048576 (custom)
2022-09-30 13:41:04,495 [pool-607-thread-1] INFO  server.RaftServerConfigKeys (ConfUtils.java:logGet(46)) - raft.server.log.preallocated.size = 16384 (custom)
2022-09-30 13:41:04,495 [pool-607-thread-1] INFO  server.RaftServerConfigKeys (ConfUtils.java:logGet(46)) - raft.server.log.force.sync.num = 128 (default)
2022-09-30 13:41:04,495 [pool-607-thread-1] INFO  server.RaftServerConfigKeys (ConfUtils.java:logGet(46)) - raft.server.log.statemachine.data.sync = true (default)
2022-09-30 13:41:04,495 [pool-607-thread-1] INFO  server.RaftServerConfigKeys (ConfUtils.java:logGet(46)) - raft.server.log.statemachine.data.sync.timeout = 10s (default)
2022-09-30 13:41:04,495 [pool-607-thread-1] INFO  server.RaftServerConfigKeys (ConfUtils.java:logGet(46)) - raft.server.log.statemachine.data.sync.timeout.retry = -1 (default)
2022-09-30 13:41:04,496 [EventQueue-PipelineReportForPipelineReportHandler] INFO  pipeline.PipelineManagerImpl (PipelineManagerImpl.java:openPipeline(367)) - Pipeline Pipeline[ Id: a33bb06c-14e0-4881-a5d3-d78d6eacdf84, Nodes: 2f2aa734-5659-47cb-9e8c-97447fb3d532{ip: 10.1.0.210, host: fv-az264-432.ca02foy5wcnuvlrvrz2wi3p2og.dx.internal.cloudapp.net, ports: [REPLICATION=39829, RATIS=39967, RATIS_ADMIN=39967, RATIS_SERVER=39967, STANDALONE=41087], networkLocation: /default-rack, certSerialId: null, persistedOpState: IN_SERVICE, persistedOpStateExpiryEpochSec: 0}, ReplicationConfig: RATIS/ONE, State:ALLOCATED, leaderId:2f2aa734-5659-47cb-9e8c-97447fb3d532, CreationTimestamp2022-09-30T13:41:01.489Z[Etc/UTC]] moved to OPEN state
2022-09-30 13:41:04,497 [pool-607-thread-1] INFO  server.RaftServerConfigKeys (ConfUtils.java:logGet(46)) - raft.server.log.write.buffer.size = 1048576 (custom)
2022-09-30 13:41:04,497 [EventQueue-OpenPipelineForHealthyPipelineSafeModeRule] INFO  safemode.SCMSafeModeManager (HealthyPipelineSafeModeRule.java:process(137)) - SCM in safe mode. Healthy pipelines reported count is 0, required healthy pipeline reported count is 1
2022-09-30 13:41:04,497 [pool-607-thread-1] INFO  server.RaftServerConfigKeys (ConfUtils.java:logGet(46)) - raft.server.log.unsafe-flush.enabled = false (default)
2022-09-30 13:41:04,497 [pool-607-thread-1] INFO  server.RaftServerConfigKeys (ConfUtils.java:logGet(46)) - raft.server.log.statemachine.data.caching.enabled = true (custom)
2022-09-30 13:41:04,498 [pool-607-thread-1] INFO  segmented.SegmentedRaftLogWorker (SegmentedRaftLogWorker.java:lambda$new$0(135)) - 2f2aa734-5659-47cb-9e8c-97447fb3d532@group-D78D6EACDF84-SegmentedRaftLogWorker: flushIndex: setUnconditionally 0 -> -1
2022-09-30 13:41:04,498 [pool-607-thread-1] INFO  segmented.SegmentedRaftLogWorker (SegmentedRaftLogWorker.java:lambda$new$0(135)) - 2f2aa734-5659-47cb-9e8c-97447fb3d532@group-D78D6EACDF84-SegmentedRaftLogWorker: safeCacheEvictIndex: setUnconditionally 0 -> -1
2022-09-30 13:41:04,498 [pool-607-thread-1] INFO  server.RaftServerConfigKeys (ConfUtils.java:logGet(46)) - raft.server.snapshot.auto.trigger.enabled = true (custom)
2022-09-30 13:41:04,498 [pool-607-thread-1] INFO  server.RaftServerConfigKeys (ConfUtils.java:logGet(46)) - raft.server.snapshot.auto.trigger.threshold = 10000 (custom)
2022-09-30 13:41:04,498 [pool-607-thread-1] INFO  server.RaftServerConfigKeys (ConfUtils.java:logGet(46)) - raft.server.snapshot.retention.file.num = 5 (custom)
2022-09-30 13:41:04,498 [pool-607-thread-1] INFO  server.RaftServerConfigKeys (ConfUtils.java:logGet(46)) - raft.server.log.purge.upto.snapshot.index = false (default)
2022-09-30 13:41:04,498 [pool-607-thread-1] INFO  server.RaftServerConfigKeys (ConfUtils.java:logGet(46)) - raft.server.retrycache.expirytime = 600000ms (custom)
2022-09-30 13:41:04,498 [pool-607-thread-1] INFO  server.RaftServerConfigKeys (ConfUtils.java:logGet(46)) - raft.server.retrycache.statistics.expirytime = 100μs (default)
2022-09-30 13:41:04,500 [pool-607-thread-1] INFO  server.RaftServerConfigKeys (ConfUtils.java:logGet(46)) - raft.server.log.appender.install.snapshot.enabled = false (custom)
2022-09-30 13:41:04,500 [pool-607-thread-1] INFO  server.RaftServerConfigKeys (ConfUtils.java:logGet(46)) - raft.server.threadpool.server.cached = true (default)
2022-09-30 13:41:04,500 [pool-607-thread-1] INFO  server.RaftServerConfigKeys (ConfUtils.java:logGet(46)) - raft.server.threadpool.server.size = 0 (default)
2022-09-30 13:41:04,500 [pool-607-thread-1] INFO  server.RaftServerConfigKeys (ConfUtils.java:logGet(46)) - raft.server.threadpool.client.cached = true (default)
2022-09-30 13:41:04,500 [pool-607-thread-1] INFO  server.RaftServerConfigKeys (ConfUtils.java:logGet(46)) - raft.server.threadpool.client.size = 0 (default)
2022-09-30 13:41:04,500 [pool-607-thread-1] INFO  server.RaftServer$Division (RaftServerImpl.java:start(310)) - 2f2aa734-5659-47cb-9e8c-97447fb3d532@group-D78D6EACDF84: start as a follower, conf=-1: [2f2aa734-5659-47cb-9e8c-97447fb3d532|rpc:10.1.0.210:39967|priority:1], old=null
2022-09-30 13:41:04,500 [pool-607-thread-1] INFO  server.RaftServer$Division (RaftServerImpl.java:setRole(299)) - 2f2aa734-5659-47cb-9e8c-97447fb3d532@group-D78D6EACDF84: changes role from      null to FOLLOWER at term 0 for startAsFollower
2022-09-30 13:41:04,503 [pool-607-thread-1] INFO  impl.RoleInfo (RoleInfo.java:updateAndGet(139)) - 2f2aa734-5659-47cb-9e8c-97447fb3d532: start 2f2aa734-5659-47cb-9e8c-97447fb3d532@group-D78D6EACDF84-FollowerState
2022-09-30 13:41:04,504 [pool-607-thread-1] INFO  util.JmxRegister (JmxRegister.java:tryRegister(44)) - Successfully registered JMX Bean with object name Ratis:service=RaftServer,group=group-D78D6EACDF84,id=2f2aa734-5659-47cb-9e8c-97447fb3d532
2022-09-30 13:41:04,504 [Command processor thread] INFO  ratis.XceiverServerRatis (XceiverServerRatis.java:addGroup(765)) - Created group PipelineID=a33bb06c-14e0-4881-a5d3-d78d6eacdf84
2022-09-30 13:41:04,505 [Command processor thread] INFO  commandhandler.CreatePipelineCommandHandler (CreatePipelineCommandHandler.java:handle(113)) - Created Pipeline RATIS ONE PipelineID=a33bb06c-14e0-4881-a5d3-d78d6eacdf84.
2022-09-30 13:41:04,687 [EventQueue-OpenPipelineForHealthyPipelineSafeModeRule] INFO  safemode.SCMSafeModeManager (HealthyPipelineSafeModeRule.java:process(137)) - SCM in safe mode. Healthy pipelines reported count is 0, required healthy pipeline reported count is 1
2022-09-30 13:41:04,696 [EventQueue-OpenPipelineForHealthyPipelineSafeModeRule] INFO  safemode.SCMSafeModeManager (HealthyPipelineSafeModeRule.java:process(137)) - SCM in safe mode. Healthy pipelines reported count is 0, required healthy pipeline reported count is 1
2022-09-30 13:41:04,909 [EventQueue-OpenPipelineForHealthyPipelineSafeModeRule] INFO  safemode.SCMSafeModeManager (HealthyPipelineSafeModeRule.java:process(137)) - SCM in safe mode. Healthy pipelines reported count is 0, required healthy pipeline reported count is 1
2022-09-30 13:41:04,930 [ReplicationMonitor] INFO  replication.ReplicationManager (ReplicationManager.java:processAll(291)) - Replication Manager is not ready to run until 3000ms after safemode exit
2022-09-30 13:41:04,947 [Command processor thread] INFO  keyvalue.KeyValueContainer (KeyValueContainer.java:flushAndSyncDB(436)) - Container 1 is synced with bcsId 72.
2022-09-30 13:41:04,947 [Command processor thread] INFO  keyvalue.KeyValueContainer (KeyValueContainer.java:flushAndSyncDB(436)) - Container 1 is synced with bcsId 72.
2022-09-30 13:41:04,951 [Command processor thread] INFO  keyvalue.KeyValueContainer (KeyValueContainer.java:close(351)) - Container 1 is closed with bcsId 72.
2022-09-30 13:41:04,975 [Command processor thread] INFO  keyvalue.KeyValueContainer (KeyValueContainer.java:flushAndSyncDB(436)) - Container 2 is synced with bcsId 76.
2022-09-30 13:41:04,975 [Command processor thread] INFO  keyvalue.KeyValueContainer (KeyValueContainer.java:flushAndSyncDB(436)) - Container 2 is synced with bcsId 76.
2022-09-30 13:41:04,978 [Command processor thread] INFO  keyvalue.KeyValueContainer (KeyValueContainer.java:close(351)) - Container 2 is closed with bcsId 76.
2022-09-30 13:41:04,980 [Under Replicated Processor] INFO  replication.UnderReplicatedProcessor (UnderReplicatedProcessor.java:processAll(92)) - Processed 0 under replicated containers, failed processing 0
2022-09-30 13:41:04,998 [DatanodeAdminManager-0] INFO  node.DatanodeAdminMonitorImpl (DatanodeAdminMonitorImpl.java:checkContainersReplicatedOnNode(306)) - Under Replicated Container #6 org.apache.hadoop.hdds.scm.container.replication.ECContainerReplicaCount@5c39da56; Replicas{ContainerReplica{containerID=#6, state=CLOSED, datanodeDetails=542c7706-6f03-4002-aadb-418c9fc9cb26{ip: 10.1.0.210, host: fv-az264-432.ca02foy5wcnuvlrvrz2wi3p2og.dx.internal.cloudapp.net, ports: [REPLICATION=42815, RATIS=37931, RATIS_ADMIN=37931, RATIS_SERVER=37931, STANDALONE=38243], networkLocation: /default-rack, certSerialId: null, persistedOpState: IN_SERVICE, persistedOpStateExpiryEpochSec: 0}, placeOfBirth=542c7706-6f03-4002-aadb-418c9fc9cb26, sequenceId=0, keyCount=6, bytesUsed=114,replicaIndex=5},ContainerReplica{containerID=#6, state=CLOSED, datanodeDetails=43811407-7c21-4fcd-ab69-dbd9b60ed504{ip: 10.1.0.210, host: fv-az264-432.ca02foy5wcnuvlrvrz2wi3p2og.dx.internal.cloudapp.net, ports: [REPLICATION=35185, RATIS=42941, RATIS_ADMIN=42941, RATIS_SERVER=42941, STANDALONE=35079], networkLocation: /default-rack, certSerialId: null, persistedOpState: IN_SERVICE, persistedOpStateExpiryEpochSec: 0}, placeOfBirth=43811407-7c21-4fcd-ab69-dbd9b60ed504, sequenceId=0, keyCount=6, bytesUsed=0,replicaIndex=2},ContainerReplica{containerID=#6, state=CLOSED, datanodeDetails=63487312-87aa-4652-9988-76e01a899b42{ip: 10.1.0.210, host: fv-az264-432.ca02foy5wcnuvlrvrz2wi3p2og.dx.internal.cloudapp.net, ports: [REPLICATION=33927, RATIS=39059, RATIS_ADMIN=39059, RATIS_SERVER=39059, STANDALONE=46255], networkLocation: /default-rack, certSerialId: null, persistedOpState: DECOMMISSIONING, persistedOpStateExpiryEpochSec: 0}, placeOfBirth=63487312-87aa-4652-9988-76e01a899b42, sequenceId=0, keyCount=6, bytesUsed=0,replicaIndex=3},ContainerReplica{containerID=#6, state=CLOSED, datanodeDetails=93a726fc-a128-4d5e-9b28-98a1d7a8eb0c{ip: 10.1.0.210, host: fv-az264-432.ca02foy5wcnuvlrvrz2wi3p2og.dx.internal.cloudapp.net, ports: [REPLICATION=34975, RATIS=43289, RATIS_ADMIN=43289, RATIS_SERVER=43289, STANDALONE=44081], networkLocation: /default-rack, certSerialId: null, persistedOpState: IN_SERVICE, persistedOpStateExpiryEpochSec: 0}, placeOfBirth=93a726fc-a128-4d5e-9b28-98a1d7a8eb0c, sequenceId=0, keyCount=6, bytesUsed=114,replicaIndex=1},ContainerReplica{containerID=#6, state=CLOSED, datanodeDetails=97e8c787-6023-4421-819a-0b5ced458c94{ip: 10.1.0.210, host: fv-az264-432.ca02foy5wcnuvlrvrz2wi3p2og.dx.internal.cloudapp.net, ports: [REPLICATION=41907, RATIS=36437, RATIS_ADMIN=36437, RATIS_SERVER=36437, STANDALONE=34177], networkLocation: /default-rack, certSerialId: null, persistedOpState: IN_SERVICE, persistedOpStateExpiryEpochSec: 0}, placeOfBirth=97e8c787-6023-4421-819a-0b5ced458c94, sequenceId=0, keyCount=6, bytesUsed=114,replicaIndex=4}}
2022-09-30 13:41:04,998 [DatanodeAdminManager-0] INFO  node.DatanodeAdminMonitorImpl (DatanodeAdminMonitorImpl.java:checkContainersReplicatedOnNode(306)) - Under Replicated Container #4 org.apache.hadoop.hdds.scm.container.replication.ECContainerReplicaCount@457f8a52; Replicas{ContainerReplica{containerID=#4, state=CLOSED, datanodeDetails=63487312-87aa-4652-9988-76e01a899b42{ip: 10.1.0.210, host: fv-az264-432.ca02foy5wcnuvlrvrz2wi3p2og.dx.internal.cloudapp.net, ports: [REPLICATION=33927, RATIS=39059, RATIS_ADMIN=39059, RATIS_SERVER=39059, STANDALONE=46255], networkLocation: /default-rack, certSerialId: null, persistedOpState: DECOMMISSIONING, persistedOpStateExpiryEpochSec: 0}, placeOfBirth=63487312-87aa-4652-9988-76e01a899b42, sequenceId=0, keyCount=2, bytesUsed=0,replicaIndex=2},ContainerReplica{containerID=#4, state=CLOSED, datanodeDetails=97e8c787-6023-4421-819a-0b5ced458c94{ip: 10.1.0.210, host: fv-az264-432.ca02foy5wcnuvlrvrz2wi3p2og.dx.internal.cloudapp.net, ports: [REPLICATION=41907, RATIS=36437, RATIS_ADMIN=36437, RATIS_SERVER=36437, STANDALONE=34177], networkLocation: /default-rack, certSerialId: null, persistedOpState: IN_SERVICE, persistedOpStateExpiryEpochSec: 0}, placeOfBirth=97e8c787-6023-4421-819a-0b5ced458c94, sequenceId=0, keyCount=2, bytesUsed=38,replicaIndex=4},ContainerReplica{containerID=#4, state=CLOSED, datanodeDetails=43811407-7c21-4fcd-ab69-dbd9b60ed504{ip: 10.1.0.210, host: fv-az264-432.ca02foy5wcnuvlrvrz2wi3p2og.dx.internal.cloudapp.net, ports: [REPLICATION=35185, RATIS=42941, RATIS_ADMIN=42941, RATIS_SERVER=42941, STANDALONE=35079], networkLocation: /default-rack, certSerialId: null, persistedOpState: IN_SERVICE, persistedOpStateExpiryEpochSec: 0}, placeOfBirth=43811407-7c21-4fcd-ab69-dbd9b60ed504, sequenceId=0, keyCount=2, bytesUsed=38,replicaIndex=5},ContainerReplica{containerID=#4, state=CLOSED, datanodeDetails=93a726fc-a128-4d5e-9b28-98a1d7a8eb0c{ip: 10.1.0.210, host: fv-az264-432.ca02foy5wcnuvlrvrz2wi3p2og.dx.internal.cloudapp.net, ports: [REPLICATION=34975, RATIS=43289, RATIS_ADMIN=43289, RATIS_SERVER=43289, STANDALONE=44081], networkLocation: /default-rack, certSerialId: null, persistedOpState: IN_SERVICE, persistedOpStateExpiryEpochSec: 0}, placeOfBirth=93a726fc-a128-4d5e-9b28-98a1d7a8eb0c, sequenceId=0, keyCount=2, bytesUsed=38,replicaIndex=1},ContainerReplica{containerID=#4, state=CLOSED, datanodeDetails=62666bfa-5b48-4194-8431-0a6941154381{ip: 10.1.0.210, host: fv-az264-432.ca02foy5wcnuvlrvrz2wi3p2og.dx.internal.cloudapp.net, ports: [REPLICATION=41651, RATIS=41785, RATIS_ADMIN=41785, RATIS_SERVER=41785, STANDALONE=43973], networkLocation: /default-rack, certSerialId: null, persistedOpState: IN_SERVICE, persistedOpStateExpiryEpochSec: 0}, placeOfBirth=62666bfa-5b48-4194-8431-0a6941154381, sequenceId=0, keyCount=2, bytesUsed=0,replicaIndex=3}}
2022-09-30 13:41:04,998 [DatanodeAdminManager-0] INFO  node.DatanodeAdminMonitorImpl (DatanodeAdminMonitorImpl.java:checkContainersReplicatedOnNode(327)) - 63487312-87aa-4652-9988-76e01a899b42{ip: 10.1.0.210, host: fv-az264-432.ca02foy5wcnuvlrvrz2wi3p2og.dx.internal.cloudapp.net, ports: [REPLICATION=33927, RATIS=39059, RATIS_ADMIN=39059, RATIS_SERVER=39059, STANDALONE=46255], networkLocation: /default-rack, certSerialId: null, persistedOpState: DECOMMISSIONING, persistedOpStateExpiryEpochSec: 0} has 4 sufficientlyReplicated, 2 underReplicated and 0 unhealthy containers
2022-09-30 13:41:04,998 [DatanodeAdminManager-0] INFO  node.DatanodeAdminMonitorImpl (DatanodeAdminMonitorImpl.java:run(148)) - There are 1 nodes tracked for decommission and maintenance. 0 pending nodes.
2022-09-30 13:41:05,007 [Command processor thread] INFO  keyvalue.KeyValueContainer (KeyValueContainer.java:flushAndSyncDB(436)) - Container 3 is synced with bcsId 68.
2022-09-30 13:41:05,008 [Command processor thread] INFO  keyvalue.KeyValueContainer (KeyValueContainer.java:flushAndSyncDB(436)) - Container 3 is synced with bcsId 68.
2022-09-30 13:41:05,010 [Command processor thread] INFO  keyvalue.KeyValueContainer (KeyValueContainer.java:close(351)) - Container 3 is closed with bcsId 68.
2022-09-30 13:41:05,020 [Over Replicated Processor] INFO  replication.OverReplicatedProcessor (OverReplicatedProcessor.java:processAll(90)) - Processed 0 over replicated containers, failed processing 0
2022-09-30 13:41:05,070 [ReplicationMonitor] INFO  replication.ReplicationManager (ReplicationManager.java:processAll(324)) - Replication Monitor Thread took 1 milliseconds for processing 8 containers.
2022-09-30 13:41:05,105 [ContainerReplicationThread-0] INFO  replication.DownloadAndImportReplicator (DownloadAndImportReplicator.java:replicate(105)) - Starting replication of container 6 from [63487312-87aa-4652-9988-76e01a899b42{ip: 10.1.0.210, host: fv-az264-432.ca02foy5wcnuvlrvrz2wi3p2og.dx.internal.cloudapp.net, ports: [REPLICATION=33927, RATIS=39059, RATIS_ADMIN=39059, RATIS_SERVER=39059, STANDALONE=46255], networkLocation: /default-rack, certSerialId: null, persistedOpState: DECOMMISSIONING, persistedOpStateExpiryEpochSec: 0}]
2022-09-30 13:41:05,112 [grpc-default-executor-3] INFO  replication.GrpcReplicationService (GrpcReplicationService.java:download(52)) - Streaming container data (6) to other datanode
2022-09-30 13:41:05,126 [grpc-default-executor-3] INFO  replication.GrpcOutputStream (GrpcOutputStream.java:close(104)) - Sent 10806 bytes for container 6
2022-09-30 13:41:05,129 [grpc-default-executor-6] INFO  replication.GrpcReplicationClient (GrpcReplicationClient.java:onCompleted(197)) - Container 6 is downloaded to /home/runner/work/ozone/ozone/hadoop-ozone/integration-test/target/test-dir/MiniOzoneClusterImpl-8c4c252e-cda6-42f5-b80f-9d168f3e16cf/datanode-0/data/replication/work/container-6.tar.gz
2022-09-30 13:41:05,132 [ContainerReplicationThread-0] INFO  replication.DownloadAndImportReplicator (DownloadAndImportReplicator.java:replicate(117)) - Container 6 is downloaded with size 10806, starting to import.
2022-09-30 13:41:05,155 [ContainerReplicationThread-0] INFO  replication.DownloadAndImportReplicator (DownloadAndImportReplicator.java:replicate(122)) - Container 6 is replicated successfully
2022-09-30 13:41:05,155 [ContainerReplicationThread-0] INFO  replication.ReplicationSupervisor (ReplicationSupervisor.java:run(176)) - Container 6 is replicated.
2022-09-30 13:41:05,270 [Listener at 127.0.0.1/45417] INFO  ozone.MiniOzoneClusterImpl (MiniOzoneClusterImpl.java:lambda$waitForClusterToBeReady$0(216)) - Nodes are ready. Got 7 of 7 DN Heartbeats.
2022-09-30 13:41:05,270 [Listener at 127.0.0.1/45417] INFO  ozone.MiniOzoneClusterImpl (MiniOzoneClusterImpl.java:lambda$waitForClusterToBeReady$0(219)) - Waiting for cluster to exit safe mode
2022-09-30 13:41:05,270 [Listener at 127.0.0.1/45417] INFO  ozone.MiniOzoneClusterImpl (MiniOzoneClusterImpl.java:lambda$waitForClusterToBeReady$0(221)) - SCM became leader
2022-09-30 13:41:05,310 [Command processor thread] INFO  server.RaftServer (RaftServerProxy.java:addNew(96)) - 5fd21519-d465-486f-aa0a-eae2facbcca8: addNew group-8CE821DBD11B:[5fd21519-d465-486f-aa0a-eae2facbcca8|rpc:10.1.0.210:42913|priority:1] returns group-8CE821DBD11B:java.util.concurrent.CompletableFuture@4906460d[Not completed]
2022-09-30 13:41:05,315 [pool-679-thread-1] INFO  server.RaftServer$Division (RaftServerImpl.java:<init>(190)) - 5fd21519-d465-486f-aa0a-eae2facbcca8: new RaftServerImpl for group-8CE821DBD11B:[5fd21519-d465-486f-aa0a-eae2facbcca8|rpc:10.1.0.210:42913|priority:1] with ContainerStateMachine:uninitialized
2022-09-30 13:41:05,316 [pool-679-thread-1] INFO  server.RaftServerConfigKeys (ConfUtils.java:logGet(46)) - raft.server.rpc.timeout.min = 5s (custom)
2022-09-30 13:41:05,316 [pool-679-thread-1] INFO  server.RaftServerConfigKeys (ConfUtils.java:logGet(46)) - raft.server.rpc.timeout.max = 5200ms (custom)
2022-09-30 13:41:05,316 [pool-679-thread-1] INFO  server.RaftServerConfigKeys (ConfUtils.java:logGet(46)) - raft.server.rpc.sleep.time = 25ms (default)
2022-09-30 13:41:05,316 [pool-679-thread-1] INFO  server.RaftServerConfigKeys (ConfUtils.java:logGet(46)) - raft.server.rpc.slowness.timeout = 300s (custom)
2022-09-30 13:41:05,316 [pool-679-thread-1] INFO  server.RaftServerConfigKeys (ConfUtils.java:logGet(46)) - raft.server.leaderelection.leader.step-down.wait-time = 10s (default)
2022-09-30 13:41:05,316 [pool-679-thread-1] INFO  server.RaftServerConfigKeys (ConfUtils.java:logGet(46)) - raft.server.sleep.deviation.threshold = 300ms (default)
2022-09-30 13:41:05,316 [pool-679-thread-1] INFO  server.RaftServer$Division (ServerState.java:<init>(107)) - 5fd21519-d465-486f-aa0a-eae2facbcca8@group-8CE821DBD11B: ConfigurationManager, init=-1: [5fd21519-d465-486f-aa0a-eae2facbcca8|rpc:10.1.0.210:42913|priority:1], old=null, confs=<EMPTY_MAP>
2022-09-30 13:41:05,316 [pool-679-thread-1] INFO  server.RaftServerConfigKeys (ConfUtils.java:logGet(46)) - raft.server.storage.dir = [/home/runner/work/ozone/ozone/hadoop-ozone/integration-test/target/test-dir/MiniOzoneClusterImpl-b8847c17-62d3-4307-a1ed-7c038275c3d3/datanode-6/data/ratis] (custom)
2022-09-30 13:41:05,317 [pool-679-thread-1] INFO  server.RaftServerConfigKeys (ConfUtils.java:logGet(46)) - raft.server.log.corruption.policy = EXCEPTION (default)
2022-09-30 13:41:05,317 [pool-679-thread-1] INFO  server.RaftServerConfigKeys (ConfUtils.java:logGet(46)) - raft.server.storage.free-space.min = 0MB (=0) (default)
2022-09-30 13:41:05,317 [pool-679-thread-1] INFO  storage.RaftStorageDirectory (RaftStorageDirectoryImpl.java:analyzeStorage(135)) - The storage directory /home/runner/work/ozone/ozone/hadoop-ozone/integration-test/target/test-dir/MiniOzoneClusterImpl-b8847c17-62d3-4307-a1ed-7c038275c3d3/datanode-6/data/ratis/82fb9998-b55f-4da7-be5a-8ce821dbd11b does not exist. Creating ...
2022-09-30 13:41:05,319 [pool-679-thread-1] INFO  storage.RaftStorageDirectory (RaftStorageDirectoryImpl.java:tryLock(230)) - Lock on /home/runner/work/ozone/ozone/hadoop-ozone/integration-test/target/test-dir/MiniOzoneClusterImpl-b8847c17-62d3-4307-a1ed-7c038275c3d3/datanode-6/data/ratis/82fb9998-b55f-4da7-be5a-8ce821dbd11b/in_use.lock acquired by nodename 61277@fv-az264-432
2022-09-30 13:41:05,320 [pool-679-thread-1] INFO  storage.RaftStorage (RaftStorageImpl.java:format(89)) - Storage directory /home/runner/work/ozone/ozone/hadoop-ozone/integration-test/target/test-dir/MiniOzoneClusterImpl-b8847c17-62d3-4307-a1ed-7c038275c3d3/datanode-6/data/ratis/82fb9998-b55f-4da7-be5a-8ce821dbd11b has been successfully formatted.
2022-09-30 13:41:05,321 [pool-679-thread-1] INFO  ratis.ContainerStateMachine (ContainerStateMachine.java:loadSnapshot(236)) - group-8CE821DBD11B: The snapshot info is null. Setting the last applied indexto:(t:0, i:~)
2022-09-30 13:41:05,321 [pool-679-thread-1] INFO  server.RaftServerConfigKeys (ConfUtils.java:logGet(46)) - raft.server.notification.no-leader.timeout = 300s (custom)
2022-09-30 13:41:05,321 [pool-679-thread-1] INFO  server.RaftServerConfigKeys (ConfUtils.java:logGet(46)) - raft.server.log.use.memory = false (default)
2022-09-30 13:41:05,321 [pool-679-thread-1] INFO  server.RaftServerConfigKeys (ConfUtils.java:logGet(46)) - raft.server.log.purge.gap = 1000000 (custom)
2022-09-30 13:41:05,321 [pool-679-thread-1] INFO  server.RaftServerConfigKeys (ConfUtils.java:logGet(46)) - raft.server.log.appender.buffer.byte-limit = 33554432 (custom)
2022-09-30 13:41:05,321 [pool-679-thread-1] INFO  server.RaftServerConfigKeys (ConfUtils.java:logGet(46)) - raft.server.log.statemachine.data.read.timeout = 1000ms (default)
2022-09-30 13:41:05,321 [pool-679-thread-1] INFO  server.RaftServerConfigKeys (ConfUtils.java:logGet(46)) - raft.server.log.segment.size.max = 1048576 (custom)
2022-09-30 13:41:05,322 [pool-679-thread-1] INFO  server.RaftServerConfigKeys (ConfUtils.java:logGet(46)) - raft.server.log.segment.cache.num.max = 2 (custom)
2022-09-30 13:41:05,322 [pool-679-thread-1] INFO  server.RaftServerConfigKeys (ConfUtils.java:logGet(46)) - raft.server.log.segment.cache.size.max = 200MB (=209715200) (default)
2022-09-30 13:41:05,322 [pool-679-thread-1] INFO  segmented.SegmentedRaftLogWorker (SegmentedRaftLogWorker.java:<init>(187)) - new 5fd21519-d465-486f-aa0a-eae2facbcca8@group-8CE821DBD11B-SegmentedRaftLogWorker for RaftStorageImpl:Storage Directory /home/runner/work/ozone/ozone/hadoop-ozone/integration-test/target/test-dir/MiniOzoneClusterImpl-b8847c17-62d3-4307-a1ed-7c038275c3d3/datanode-6/data/ratis/82fb9998-b55f-4da7-be5a-8ce821dbd11b
2022-09-30 13:41:05,322 [pool-679-thread-1] INFO  server.RaftServerConfigKeys (ConfUtils.java:logGet(46)) - raft.server.log.queue.byte-limit = 4294967296 (custom)
2022-09-30 13:41:05,322 [pool-679-thread-1] INFO  server.RaftServerConfigKeys (ConfUtils.java:logGet(46)) - raft.server.log.queue.element-limit = 1024 (custom)
2022-09-30 13:41:05,322 [pool-679-thread-1] INFO  server.RaftServerConfigKeys (ConfUtils.java:logGet(46)) - raft.server.log.segment.size.max = 1048576 (custom)
2022-09-30 13:41:05,322 [pool-679-thread-1] INFO  server.RaftServerConfigKeys (ConfUtils.java:logGet(46)) - raft.server.log.preallocated.size = 16384 (custom)
2022-09-30 13:41:05,322 [pool-679-thread-1] INFO  server.RaftServerConfigKeys (ConfUtils.java:logGet(46)) - raft.server.log.force.sync.num = 128 (default)
2022-09-30 13:41:05,322 [pool-679-thread-1] INFO  server.RaftServerConfigKeys (ConfUtils.java:logGet(46)) - raft.server.log.statemachine.data.sync = true (default)
2022-09-30 13:41:05,322 [pool-679-thread-1] INFO  server.RaftServerConfigKeys (ConfUtils.java:logGet(46)) - raft.server.log.statemachine.data.sync.timeout = 10s (default)
2022-09-30 13:41:05,322 [pool-679-thread-1] INFO  server.RaftServerConfigKeys (ConfUtils.java:logGet(46)) - raft.server.log.statemachine.data.sync.timeout.retry = -1 (default)
2022-09-30 13:41:05,323 [pool-679-thread-1] INFO  server.RaftServerConfigKeys (ConfUtils.java:logGet(46)) - raft.server.log.write.buffer.size = 1048576 (custom)
2022-09-30 13:41:05,324 [pool-679-thread-1] INFO  server.RaftServerConfigKeys (ConfUtils.java:logGet(46)) - raft.server.log.unsafe-flush.enabled = false (default)
2022-09-30 13:41:05,324 [pool-679-thread-1] INFO  server.RaftServerConfigKeys (ConfUtils.java:logGet(46)) - raft.server.log.statemachine.data.caching.enabled = true (custom)
2022-09-30 13:41:05,324 [EventQueue-PipelineReportForPipelineReportHandler] INFO  pipeline.PipelineManagerImpl (PipelineManagerImpl.java:openPipeline(367)) - Pipeline Pipeline[ Id: 82fb9998-b55f-4da7-be5a-8ce821dbd11b, Nodes: 5fd21519-d465-486f-aa0a-eae2facbcca8{ip: 10.1.0.210, host: fv-az264-432.ca02foy5wcnuvlrvrz2wi3p2og.dx.internal.cloudapp.net, ports: [REPLICATION=40217, RATIS=42913, RATIS_ADMIN=42913, RATIS_SERVER=42913, STANDALONE=33847], networkLocation: /default-rack, certSerialId: null, persistedOpState: IN_SERVICE, persistedOpStateExpiryEpochSec: 0}, ReplicationConfig: RATIS/ONE, State:ALLOCATED, leaderId:5fd21519-d465-486f-aa0a-eae2facbcca8, CreationTimestamp2022-09-30T13:41:02.312Z[Etc/UTC]] moved to OPEN state
2022-09-30 13:41:05,325 [EventQueue-OpenPipelineForHealthyPipelineSafeModeRule] INFO  safemode.SCMSafeModeManager (HealthyPipelineSafeModeRule.java:process(137)) - SCM in safe mode. Healthy pipelines reported count is 0, required healthy pipeline reported count is 1
2022-09-30 13:41:05,325 [pool-679-thread-1] INFO  segmented.SegmentedRaftLogWorker (SegmentedRaftLogWorker.java:lambda$new$0(135)) - 5fd21519-d465-486f-aa0a-eae2facbcca8@group-8CE821DBD11B-SegmentedRaftLogWorker: flushIndex: setUnconditionally 0 -> -1
2022-09-30 13:41:05,325 [pool-679-thread-1] INFO  segmented.SegmentedRaftLogWorker (SegmentedRaftLogWorker.java:lambda$new$0(135)) - 5fd21519-d465-486f-aa0a-eae2facbcca8@group-8CE821DBD11B-SegmentedRaftLogWorker: safeCacheEvictIndex: setUnconditionally 0 -> -1
2022-09-30 13:41:05,325 [pool-679-thread-1] INFO  server.RaftServerConfigKeys (ConfUtils.java:logGet(46)) - raft.server.snapshot.auto.trigger.enabled = true (custom)
2022-09-30 13:41:05,325 [pool-679-thread-1] INFO  server.RaftServerConfigKeys (ConfUtils.java:logGet(46)) - raft.server.snapshot.auto.trigger.threshold = 10000 (custom)
2022-09-30 13:41:05,325 [pool-679-thread-1] INFO  server.RaftServerConfigKeys (ConfUtils.java:logGet(46)) - raft.server.snapshot.retention.file.num = 5 (custom)
2022-09-30 13:41:05,325 [pool-679-thread-1] INFO  server.RaftServerConfigKeys (ConfUtils.java:logGet(46)) - raft.server.log.purge.upto.snapshot.index = false (default)
2022-09-30 13:41:05,325 [pool-679-thread-1] INFO  server.RaftServerConfigKeys (ConfUtils.java:logGet(46)) - raft.server.retrycache.expirytime = 600000ms (custom)
2022-09-30 13:41:05,325 [pool-679-thread-1] INFO  server.RaftServerConfigKeys (ConfUtils.java:logGet(46)) - raft.server.retrycache.statistics.expirytime = 100μs (default)
2022-09-30 13:41:05,327 [pool-679-thread-1] INFO  server.RaftServerConfigKeys (ConfUtils.java:logGet(46)) - raft.server.log.appender.install.snapshot.enabled = false (custom)
2022-09-30 13:41:05,327 [pool-679-thread-1] INFO  server.RaftServerConfigKeys (ConfUtils.java:logGet(46)) - raft.server.threadpool.server.cached = true (default)
2022-09-30 13:41:05,327 [pool-679-thread-1] INFO  server.RaftServerConfigKeys (ConfUtils.java:logGet(46)) - raft.server.threadpool.server.size = 0 (default)
2022-09-30 13:41:05,327 [pool-679-thread-1] INFO  server.RaftServerConfigKeys (ConfUtils.java:logGet(46)) - raft.server.threadpool.client.cached = true (default)
2022-09-30 13:41:05,327 [pool-679-thread-1] INFO  server.RaftServerConfigKeys (ConfUtils.java:logGet(46)) - raft.server.threadpool.client.size = 0 (default)
2022-09-30 13:41:05,327 [pool-679-thread-1] INFO  server.RaftServer$Division (RaftServerImpl.java:start(310)) - 5fd21519-d465-486f-aa0a-eae2facbcca8@group-8CE821DBD11B: start as a follower, conf=-1: [5fd21519-d465-486f-aa0a-eae2facbcca8|rpc:10.1.0.210:42913|priority:1], old=null
2022-09-30 13:41:05,327 [pool-679-thread-1] INFO  server.RaftServer$Division (RaftServerImpl.java:setRole(299)) - 5fd21519-d465-486f-aa0a-eae2facbcca8@group-8CE821DBD11B: changes role from      null to FOLLOWER at term 0 for startAsFollower
2022-09-30 13:41:05,327 [pool-679-thread-1] INFO  impl.RoleInfo (RoleInfo.java:updateAndGet(139)) - 5fd21519-d465-486f-aa0a-eae2facbcca8: start 5fd21519-d465-486f-aa0a-eae2facbcca8@group-8CE821DBD11B-FollowerState
2022-09-30 13:41:05,328 [pool-679-thread-1] INFO  util.JmxRegister (JmxRegister.java:tryRegister(44)) - Successfully registered JMX Bean with object name Ratis:service=RaftServer,group=group-8CE821DBD11B,id=5fd21519-d465-486f-aa0a-eae2facbcca8
2022-09-30 13:41:05,330 [Command processor thread] INFO  ratis.XceiverServerRatis (XceiverServerRatis.java:addGroup(765)) - Created group PipelineID=82fb9998-b55f-4da7-be5a-8ce821dbd11b
2022-09-30 13:41:05,330 [Command processor thread] INFO  commandhandler.CreatePipelineCommandHandler (CreatePipelineCommandHandler.java:handle(113)) - Created Pipeline RATIS ONE PipelineID=82fb9998-b55f-4da7-be5a-8ce821dbd11b.
2022-09-30 13:41:05,495 [EventQueue-OpenPipelineForHealthyPipelineSafeModeRule] INFO  safemode.SCMSafeModeManager (HealthyPipelineSafeModeRule.java:process(137)) - SCM in safe mode. Healthy pipelines reported count is 0, required healthy pipeline reported count is 1
2022-09-30 13:41:05,608 [EventQueue-OpenPipelineForHealthyPipelineSafeModeRule] INFO  safemode.SCMSafeModeManager (HealthyPipelineSafeModeRule.java:process(137)) - SCM in safe mode. Healthy pipelines reported count is 0, required healthy pipeline reported count is 1
2022-09-30 13:41:05,696 [EventQueue-OpenPipelineForHealthyPipelineSafeModeRule] INFO  safemode.SCMSafeModeManager (HealthyPipelineSafeModeRule.java:process(137)) - SCM in safe mode. Healthy pipelines reported count is 0, required healthy pipeline reported count is 1
2022-09-30 13:41:05,792 [1abef520-eeaa-4e7a-a2f3-4eef6d213e0d@group-65059AC314D2-FollowerState] INFO  impl.FollowerState (FollowerState.java:run(143)) - 1abef520-eeaa-4e7a-a2f3-4eef6d213e0d@group-65059AC314D2-FollowerState: change to CANDIDATE, lastRpcElapsedTime:5121721773ns, electionTimeout:5120ms
2022-09-30 13:41:05,792 [1abef520-eeaa-4e7a-a2f3-4eef6d213e0d@group-65059AC314D2-FollowerState] INFO  impl.RoleInfo (RoleInfo.java:shutdownFollowerState(110)) - 1abef520-eeaa-4e7a-a2f3-4eef6d213e0d: shutdown 1abef520-eeaa-4e7a-a2f3-4eef6d213e0d@group-65059AC314D2-FollowerState
2022-09-30 13:41:05,792 [1abef520-eeaa-4e7a-a2f3-4eef6d213e0d@group-65059AC314D2-FollowerState] INFO  server.RaftServer$Division (RaftServerImpl.java:setRole(299)) - 1abef520-eeaa-4e7a-a2f3-4eef6d213e0d@group-65059AC314D2: changes role from  FOLLOWER to CANDIDATE at term 0 for changeToCandidate
2022-09-30 13:41:05,792 [1abef520-eeaa-4e7a-a2f3-4eef6d213e0d@group-65059AC314D2-FollowerState] INFO  server.RaftServerConfigKeys (ConfUtils.java:logGet(46)) - raft.server.leaderelection.pre-vote = false (custom)
2022-09-30 13:41:05,792 [1abef520-eeaa-4e7a-a2f3-4eef6d213e0d@group-65059AC314D2-FollowerState] INFO  impl.RoleInfo (RoleInfo.java:updateAndGet(139)) - 1abef520-eeaa-4e7a-a2f3-4eef6d213e0d: start 1abef520-eeaa-4e7a-a2f3-4eef6d213e0d@group-65059AC314D2-LeaderElection23
2022-09-30 13:41:05,801 [1abef520-eeaa-4e7a-a2f3-4eef6d213e0d@group-65059AC314D2-LeaderElection23] INFO  impl.LeaderElection (LeaderElection.java:askForVotes(310)) - 1abef520-eeaa-4e7a-a2f3-4eef6d213e0d@group-65059AC314D2-LeaderElection23 ELECTION round 0: submit vote requests at term 1 for -1: [1abef520-eeaa-4e7a-a2f3-4eef6d213e0d|rpc:10.1.0.210:45505|priority:1], old=null
2022-09-30 13:41:05,801 [1abef520-eeaa-4e7a-a2f3-4eef6d213e0d@group-65059AC314D2-LeaderElection23] INFO  impl.LeaderElection (LeaderElection.java:askForVotes(312)) - 1abef520-eeaa-4e7a-a2f3-4eef6d213e0d@group-65059AC314D2-LeaderElection23 ELECTION round 0: result PASSED (term=1)
2022-09-30 13:41:05,801 [1abef520-eeaa-4e7a-a2f3-4eef6d213e0d@group-65059AC314D2-LeaderElection23] INFO  impl.RoleInfo (RoleInfo.java:shutdownLeaderElection(130)) - 1abef520-eeaa-4e7a-a2f3-4eef6d213e0d: shutdown 1abef520-eeaa-4e7a-a2f3-4eef6d213e0d@group-65059AC314D2-LeaderElection23
2022-09-30 13:41:05,801 [1abef520-eeaa-4e7a-a2f3-4eef6d213e0d@group-65059AC314D2-LeaderElection23] INFO  server.RaftServer$Division (RaftServerImpl.java:setRole(299)) - 1abef520-eeaa-4e7a-a2f3-4eef6d213e0d@group-65059AC314D2: changes role from CANDIDATE to LEADER at term 1 for changeToLeader
2022-09-30 13:41:05,801 [1abef520-eeaa-4e7a-a2f3-4eef6d213e0d@group-65059AC314D2-LeaderElection23] INFO  ratis.XceiverServerRatis (XceiverServerRatis.java:handleLeaderChangedNotification(863)) - Leader change notification received for group: group-65059AC314D2 with new leaderId: 1abef520-eeaa-4e7a-a2f3-4eef6d213e0d
2022-09-30 13:41:05,801 [1abef520-eeaa-4e7a-a2f3-4eef6d213e0d@group-65059AC314D2-LeaderElection23] INFO  server.RaftServer$Division (ServerState.java:setLeader(287)) - 1abef520-eeaa-4e7a-a2f3-4eef6d213e0d@group-65059AC314D2: change Leader from null to 1abef520-eeaa-4e7a-a2f3-4eef6d213e0d at term 1 for becomeLeader, leader elected after 5169ms
2022-09-30 13:41:05,801 [1abef520-eeaa-4e7a-a2f3-4eef6d213e0d@group-65059AC314D2-LeaderElection23] INFO  server.RaftServerConfigKeys (ConfUtils.java:logGet(46)) - raft.server.staging.catchup.gap = 1000 (default)
2022-09-30 13:41:05,801 [1abef520-eeaa-4e7a-a2f3-4eef6d213e0d@group-65059AC314D2-LeaderElection23] INFO  server.RaftServerConfigKeys (ConfUtils.java:logGet(46)) - raft.server.write.element-limit = 1024 (custom)
2022-09-30 13:41:05,801 [1abef520-eeaa-4e7a-a2f3-4eef6d213e0d@group-65059AC314D2-LeaderElection23] INFO  server.RaftServerConfigKeys (ConfUtils.java:logGet(46)) - raft.server.write.byte-limit = 1024 M (=1073741824) (custom)
2022-09-30 13:41:05,802 [1abef520-eeaa-4e7a-a2f3-4eef6d213e0d@group-65059AC314D2-LeaderElection23] INFO  server.RaftServerConfigKeys (ConfUtils.java:logGet(46)) - raft.server.watch.timeout = 180s (custom)
2022-09-30 13:41:05,802 [1abef520-eeaa-4e7a-a2f3-4eef6d213e0d@group-65059AC314D2-LeaderElection23] INFO  server.RaftServerConfigKeys (ConfUtils.java:logGet(46)) - raft.server.watch.timeout.denomination = 1s (default)
2022-09-30 13:41:05,802 [1abef520-eeaa-4e7a-a2f3-4eef6d213e0d@group-65059AC314D2-LeaderElection23] INFO  server.RaftServerConfigKeys (ConfUtils.java:logGet(46)) - raft.server.watch.element-limit = 65536 (default)
2022-09-30 13:41:05,802 [1abef520-eeaa-4e7a-a2f3-4eef6d213e0d@group-65059AC314D2-LeaderElection23] INFO  server.RaftServerConfigKeys (ConfUtils.java:logGet(46)) - raft.server.write.element-limit = 1024 (custom)
2022-09-30 13:41:05,802 [1abef520-eeaa-4e7a-a2f3-4eef6d213e0d@group-65059AC314D2-LeaderElection23] INFO  server.RaftServerConfigKeys (ConfUtils.java:logGet(46)) - raft.server.write.follower.gap.ratio.max = -1.0 (default)
2022-09-30 13:41:05,802 [1abef520-eeaa-4e7a-a2f3-4eef6d213e0d@group-65059AC314D2-LeaderElection23] INFO  impl.RoleInfo (RoleInfo.java:updateAndGet(139)) - 1abef520-eeaa-4e7a-a2f3-4eef6d213e0d: start 1abef520-eeaa-4e7a-a2f3-4eef6d213e0d@group-65059AC314D2-LeaderStateImpl
2022-09-30 13:41:05,803 [1abef520-eeaa-4e7a-a2f3-4eef6d213e0d@group-65059AC314D2-LeaderElection23] INFO  segmented.SegmentedRaftLogWorker (SegmentedRaftLogWorker.java:startLogSegment(425)) - 1abef520-eeaa-4e7a-a2f3-4eef6d213e0d@group-65059AC314D2-SegmentedRaftLogWorker: Starting segment from index:0
2022-09-30 13:41:05,805 [1abef520-eeaa-4e7a-a2f3-4eef6d213e0d@group-65059AC314D2-LeaderElection23] INFO  server.RaftServer$Division (ServerState.java:setRaftConf(393)) - 1abef520-eeaa-4e7a-a2f3-4eef6d213e0d@group-65059AC314D2: set configuration 0: [1abef520-eeaa-4e7a-a2f3-4eef6d213e0d|rpc:10.1.0.210:45505|dataStream:|priority:1], old=null
2022-09-30 13:41:05,806 [1abef520-eeaa-4e7a-a2f3-4eef6d213e0d@group-65059AC314D2-SegmentedRaftLogWorker] INFO  segmented.SegmentedRaftLogWorker (SegmentedRaftLogWorker.java:execute(629)) - 1abef520-eeaa-4e7a-a2f3-4eef6d213e0d@group-65059AC314D2-SegmentedRaftLogWorker: created new log segment /home/runner/work/ozone/ozone/hadoop-ozone/integration-test/target/test-dir/MiniOzoneClusterImpl-b8847c17-62d3-4307-a1ed-7c038275c3d3/datanode-0/data/ratis/5893789c-9de0-4588-a912-65059ac314d2/current/log_inprogress_0
2022-09-30 13:41:05,808 [EventQueue-OpenPipelineForHealthyPipelineSafeModeRule] INFO  safemode.SCMSafeModeManager (HealthyPipelineSafeModeRule.java:process(137)) - SCM in safe mode. Healthy pipelines reported count is 0, required healthy pipeline reported count is 1
2022-09-30 13:41:05,811 [2ebbe601-d5be-40a5-8ef8-5fe69b71d197@group-44C64A0B4B82-FollowerState] INFO  impl.FollowerState (FollowerState.java:run(143)) - 2ebbe601-d5be-40a5-8ef8-5fe69b71d197@group-44C64A0B4B82-FollowerState: change to CANDIDATE, lastRpcElapsedTime:5012483900ns, electionTimeout:5006ms
2022-09-30 13:41:05,812 [2ebbe601-d5be-40a5-8ef8-5fe69b71d197@group-44C64A0B4B82-FollowerState] INFO  impl.RoleInfo (RoleInfo.java:shutdownFollowerState(110)) - 2ebbe601-d5be-40a5-8ef8-5fe69b71d197: shutdown 2ebbe601-d5be-40a5-8ef8-5fe69b71d197@group-44C64A0B4B82-FollowerState
2022-09-30 13:41:05,812 [2ebbe601-d5be-40a5-8ef8-5fe69b71d197@group-44C64A0B4B82-FollowerState] INFO  server.RaftServer$Division (RaftServerImpl.java:setRole(299)) - 2ebbe601-d5be-40a5-8ef8-5fe69b71d197@group-44C64A0B4B82: changes role from  FOLLOWER to CANDIDATE at term 0 for changeToCandidate
2022-09-30 13:41:05,812 [2ebbe601-d5be-40a5-8ef8-5fe69b71d197@group-44C64A0B4B82-FollowerState] INFO  server.RaftServerConfigKeys (ConfUtils.java:logGet(46)) - raft.server.leaderelection.pre-vote = false (custom)
2022-09-30 13:41:05,812 [2ebbe601-d5be-40a5-8ef8-5fe69b71d197@group-44C64A0B4B82-FollowerState] INFO  impl.RoleInfo (RoleInfo.java:updateAndGet(139)) - 2ebbe601-d5be-40a5-8ef8-5fe69b71d197: start 2ebbe601-d5be-40a5-8ef8-5fe69b71d197@group-44C64A0B4B82-LeaderElection24
2022-09-30 13:41:05,817 [1abef520-eeaa-4e7a-a2f3-4eef6d213e0d@group-44C64A0B4B82-FollowerState] INFO  impl.FollowerState (FollowerState.java:run(143)) - 1abef520-eeaa-4e7a-a2f3-4eef6d213e0d@group-44C64A0B4B82-FollowerState: change to CANDIDATE, lastRpcElapsedTime:5101408615ns, electionTimeout:5092ms
2022-09-30 13:41:05,817 [1abef520-eeaa-4e7a-a2f3-4eef6d213e0d@group-44C64A0B4B82-FollowerState] INFO  impl.RoleInfo (RoleInfo.java:shutdownFollowerState(110)) - 1abef520-eeaa-4e7a-a2f3-4eef6d213e0d: shutdown 1abef520-eeaa-4e7a-a2f3-4eef6d213e0d@group-44C64A0B4B82-FollowerState
2022-09-30 13:41:05,817 [1abef520-eeaa-4e7a-a2f3-4eef6d213e0d@group-44C64A0B4B82-FollowerState] INFO  server.RaftServer$Division (RaftServerImpl.java:setRole(299)) - 1abef520-eeaa-4e7a-a2f3-4eef6d213e0d@group-44C64A0B4B82: changes role from  FOLLOWER to CANDIDATE at term 0 for changeToCandidate
2022-09-30 13:41:05,818 [1abef520-eeaa-4e7a-a2f3-4eef6d213e0d@group-44C64A0B4B82-FollowerState] INFO  server.RaftServerConfigKeys (ConfUtils.java:logGet(46)) - raft.server.leaderelection.pre-vote = false (custom)
2022-09-30 13:41:05,818 [1abef520-eeaa-4e7a-a2f3-4eef6d213e0d@group-44C64A0B4B82-FollowerState] INFO  impl.RoleInfo (RoleInfo.java:updateAndGet(139)) - 1abef520-eeaa-4e7a-a2f3-4eef6d213e0d: start 1abef520-eeaa-4e7a-a2f3-4eef6d213e0d@group-44C64A0B4B82-LeaderElection25
2022-09-30 13:41:05,825 [1abef520-eeaa-4e7a-a2f3-4eef6d213e0d@group-44C64A0B4B82-LeaderElection25] INFO  impl.LeaderElection (LeaderElection.java:askForVotes(310)) - 1abef520-eeaa-4e7a-a2f3-4eef6d213e0d@group-44C64A0B4B82-LeaderElection25 ELECTION round 0: submit vote requests at term 1 for -1: [2ebbe601-d5be-40a5-8ef8-5fe69b71d197|rpc:10.1.0.210:37421|priority:0, 1abef520-eeaa-4e7a-a2f3-4eef6d213e0d|rpc:10.1.0.210:45505|priority:0, 667118c9-2086-46d8-bebb-14ab86077656|rpc:10.1.0.210:34109|priority:1], old=null
2022-09-30 13:41:05,825 [2ebbe601-d5be-40a5-8ef8-5fe69b71d197@group-44C64A0B4B82-LeaderElection24] INFO  impl.LeaderElection (LeaderElection.java:askForVotes(310)) - 2ebbe601-d5be-40a5-8ef8-5fe69b71d197@group-44C64A0B4B82-LeaderElection24 ELECTION round 0: submit vote requests at term 1 for -1: [2ebbe601-d5be-40a5-8ef8-5fe69b71d197|rpc:10.1.0.210:37421|dataStream:|priority:0, 1abef520-eeaa-4e7a-a2f3-4eef6d213e0d|rpc:10.1.0.210:45505|dataStream:|priority:0, 667118c9-2086-46d8-bebb-14ab86077656|rpc:10.1.0.210:34109|dataStream:|priority:1], old=null
2022-09-30 13:41:05,861 [grpc-default-executor-6] INFO  server.RaftServer$Division (RaftServerImpl.java:requestVote(1152)) - 2ebbe601-d5be-40a5-8ef8-5fe69b71d197@group-44C64A0B4B82: receive requestVote(ELECTION, 1abef520-eeaa-4e7a-a2f3-4eef6d213e0d, group-44C64A0B4B82, 1, (t:0, i:0))
2022-09-30 13:41:05,862 [grpc-default-executor-6] INFO  impl.VoteContext (VoteContext.java:log(48)) - 2ebbe601-d5be-40a5-8ef8-5fe69b71d197@group-44C64A0B4B82-CANDIDATE: reject ELECTION from 1abef520-eeaa-4e7a-a2f3-4eef6d213e0d: already has voted for 2ebbe601-d5be-40a5-8ef8-5fe69b71d197 at current term 1
2022-09-30 13:41:05,862 [grpc-default-executor-6] INFO  server.RaftServer$Division (RaftServerImpl.java:requestVote(1184)) - 2ebbe601-d5be-40a5-8ef8-5fe69b71d197@group-44C64A0B4B82 replies to ELECTION vote request: 1abef520-eeaa-4e7a-a2f3-4eef6d213e0d<-2ebbe601-d5be-40a5-8ef8-5fe69b71d197#0:FAIL-t1. Peer's state: 2ebbe601-d5be-40a5-8ef8-5fe69b71d197@group-44C64A0B4B82:t1, leader=null, voted=2ebbe601-d5be-40a5-8ef8-5fe69b71d197, raftlog=2ebbe601-d5be-40a5-8ef8-5fe69b71d197@group-44C64A0B4B82-SegmentedRaftLog:OPENED:c-1, conf=-1: [2ebbe601-d5be-40a5-8ef8-5fe69b71d197|rpc:10.1.0.210:37421|dataStream:|priority:0, 1abef520-eeaa-4e7a-a2f3-4eef6d213e0d|rpc:10.1.0.210:45505|dataStream:|priority:0, 667118c9-2086-46d8-bebb-14ab86077656|rpc:10.1.0.210:34109|dataStream:|priority:1], old=null
2022-09-30 13:41:05,866 [grpc-default-executor-6] INFO  server.RaftServer$Division (RaftServerImpl.java:requestVote(1152)) - 667118c9-2086-46d8-bebb-14ab86077656@group-44C64A0B4B82: receive requestVote(ELECTION, 1abef520-eeaa-4e7a-a2f3-4eef6d213e0d, group-44C64A0B4B82, 1, (t:0, i:0))
2022-09-30 13:41:05,866 [grpc-default-executor-6] INFO  impl.VoteContext (VoteContext.java:log(48)) - 667118c9-2086-46d8-bebb-14ab86077656@group-44C64A0B4B82-FOLLOWER: reject ELECTION from 1abef520-eeaa-4e7a-a2f3-4eef6d213e0d: our priority 1 > candidate's priority 0
2022-09-30 13:41:05,866 [grpc-default-executor-6] INFO  server.RaftServer$Division (RaftServerImpl.java:setRole(299)) - 667118c9-2086-46d8-bebb-14ab86077656@group-44C64A0B4B82: changes role from  FOLLOWER to FOLLOWER at term 1 for candidate:1abef520-eeaa-4e7a-a2f3-4eef6d213e0d
2022-09-30 13:41:05,866 [grpc-default-executor-6] INFO  impl.RoleInfo (RoleInfo.java:shutdownFollowerState(110)) - 667118c9-2086-46d8-bebb-14ab86077656: shutdown 667118c9-2086-46d8-bebb-14ab86077656@group-44C64A0B4B82-FollowerState
2022-09-30 13:41:05,867 [grpc-default-executor-6] INFO  impl.RoleInfo (RoleInfo.java:updateAndGet(139)) - 667118c9-2086-46d8-bebb-14ab86077656: start 667118c9-2086-46d8-bebb-14ab86077656@group-44C64A0B4B82-FollowerState
2022-09-30 13:41:05,867 [667118c9-2086-46d8-bebb-14ab86077656@group-44C64A0B4B82-FollowerState] INFO  impl.FollowerState (FollowerState.java:run(152)) - 667118c9-2086-46d8-bebb-14ab86077656@group-44C64A0B4B82-FollowerState was interrupted
2022-09-30 13:41:05,882 [grpc-default-executor-1] INFO  server.RaftServer$Division (RaftServerImpl.java:requestVote(1152)) - 667118c9-2086-46d8-bebb-14ab86077656@group-44C64A0B4B82: receive requestVote(ELECTION, 2ebbe601-d5be-40a5-8ef8-5fe69b71d197, group-44C64A0B4B82, 1, (t:0, i:0))
2022-09-30 13:41:05,885 [grpc-default-executor-3] INFO  server.RaftServer$Division (RaftServerImpl.java:requestVote(1152)) - 1abef520-eeaa-4e7a-a2f3-4eef6d213e0d@group-44C64A0B4B82: receive requestVote(ELECTION, 2ebbe601-d5be-40a5-8ef8-5fe69b71d197, group-44C64A0B4B82, 1, (t:0, i:0))
2022-09-30 13:41:05,885 [grpc-default-executor-3] INFO  impl.VoteContext (VoteContext.java:log(48)) - 1abef520-eeaa-4e7a-a2f3-4eef6d213e0d@group-44C64A0B4B82-CANDIDATE: reject ELECTION from 2ebbe601-d5be-40a5-8ef8-5fe69b71d197: already has voted for 1abef520-eeaa-4e7a-a2f3-4eef6d213e0d at current term 1
2022-09-30 13:41:05,886 [grpc-default-executor-3] INFO  server.RaftServer$Division (RaftServerImpl.java:requestVote(1184)) - 1abef520-eeaa-4e7a-a2f3-4eef6d213e0d@group-44C64A0B4B82 replies to ELECTION vote request: 2ebbe601-d5be-40a5-8ef8-5fe69b71d197<-1abef520-eeaa-4e7a-a2f3-4eef6d213e0d#0:FAIL-t1. Peer's state: 1abef520-eeaa-4e7a-a2f3-4eef6d213e0d@group-44C64A0B4B82:t1, leader=null, voted=1abef520-eeaa-4e7a-a2f3-4eef6d213e0d, raftlog=1abef520-eeaa-4e7a-a2f3-4eef6d213e0d@group-44C64A0B4B82-SegmentedRaftLog:OPENED:c-1, conf=-1: [2ebbe601-d5be-40a5-8ef8-5fe69b71d197|rpc:10.1.0.210:37421|priority:0, 1abef520-eeaa-4e7a-a2f3-4eef6d213e0d|rpc:10.1.0.210:45505|priority:0, 667118c9-2086-46d8-bebb-14ab86077656|rpc:10.1.0.210:34109|priority:1], old=null
2022-09-30 13:41:05,886 [grpc-default-executor-6] INFO  server.RaftServer$Division (RaftServerImpl.java:requestVote(1184)) - 667118c9-2086-46d8-bebb-14ab86077656@group-44C64A0B4B82 replies to ELECTION vote request: 1abef520-eeaa-4e7a-a2f3-4eef6d213e0d<-667118c9-2086-46d8-bebb-14ab86077656#0:FAIL-t1. Peer's state: 667118c9-2086-46d8-bebb-14ab86077656@group-44C64A0B4B82:t1, leader=null, voted=null, raftlog=667118c9-2086-46d8-bebb-14ab86077656@group-44C64A0B4B82-SegmentedRaftLog:OPENED:c-1, conf=-1: [2ebbe601-d5be-40a5-8ef8-5fe69b71d197|rpc:10.1.0.210:37421|dataStream:|priority:0, 1abef520-eeaa-4e7a-a2f3-4eef6d213e0d|rpc:10.1.0.210:45505|dataStream:|priority:0, 667118c9-2086-46d8-bebb-14ab86077656|rpc:10.1.0.210:34109|dataStream:|priority:1], old=null
2022-09-30 13:41:05,888 [1abef520-eeaa-4e7a-a2f3-4eef6d213e0d@group-44C64A0B4B82-LeaderElection25] INFO  impl.LeaderElection (LeaderElection.java:logAndReturn(90)) - 1abef520-eeaa-4e7a-a2f3-4eef6d213e0d@group-44C64A0B4B82-LeaderElection25: ELECTION REJECTED received 2 response(s) and 0 exception(s):
2022-09-30 13:41:05,888 [1abef520-eeaa-4e7a-a2f3-4eef6d213e0d@group-44C64A0B4B82-LeaderElection25] INFO  impl.LeaderElection (LeaderElection.java:logAndReturn(94)) -   Response 0: 1abef520-eeaa-4e7a-a2f3-4eef6d213e0d<-2ebbe601-d5be-40a5-8ef8-5fe69b71d197#0:FAIL-t1
2022-09-30 13:41:05,888 [1abef520-eeaa-4e7a-a2f3-4eef6d213e0d@group-44C64A0B4B82-LeaderElection25] INFO  impl.LeaderElection (LeaderElection.java:logAndReturn(94)) -   Response 1: 1abef520-eeaa-4e7a-a2f3-4eef6d213e0d<-667118c9-2086-46d8-bebb-14ab86077656#0:FAIL-t1
2022-09-30 13:41:05,888 [1abef520-eeaa-4e7a-a2f3-4eef6d213e0d@group-44C64A0B4B82-LeaderElection25] INFO  impl.LeaderElection (LeaderElection.java:askForVotes(312)) - 1abef520-eeaa-4e7a-a2f3-4eef6d213e0d@group-44C64A0B4B82-LeaderElection25 ELECTION round 0: result REJECTED
2022-09-30 13:41:05,889 [1abef520-eeaa-4e7a-a2f3-4eef6d213e0d@group-44C64A0B4B82-LeaderElection25] INFO  server.RaftServer$Division (RaftServerImpl.java:setRole(299)) - 1abef520-eeaa-4e7a-a2f3-4eef6d213e0d@group-44C64A0B4B82: changes role from CANDIDATE to FOLLOWER at term 1 for REJECTED
2022-09-30 13:41:05,889 [1abef520-eeaa-4e7a-a2f3-4eef6d213e0d@group-44C64A0B4B82-LeaderElection25] INFO  impl.RoleInfo (RoleInfo.java:shutdownLeaderElection(130)) - 1abef520-eeaa-4e7a-a2f3-4eef6d213e0d: shutdown 1abef520-eeaa-4e7a-a2f3-4eef6d213e0d@group-44C64A0B4B82-LeaderElection25
2022-09-30 13:41:05,889 [1abef520-eeaa-4e7a-a2f3-4eef6d213e0d@group-44C64A0B4B82-LeaderElection25] INFO  impl.RoleInfo (RoleInfo.java:updateAndGet(139)) - 1abef520-eeaa-4e7a-a2f3-4eef6d213e0d: start 1abef520-eeaa-4e7a-a2f3-4eef6d213e0d@group-44C64A0B4B82-FollowerState
2022-09-30 13:41:05,898 [grpc-default-executor-1] INFO  impl.VoteContext (VoteContext.java:log(48)) - 667118c9-2086-46d8-bebb-14ab86077656@group-44C64A0B4B82-FOLLOWER: reject ELECTION from 2ebbe601-d5be-40a5-8ef8-5fe69b71d197: our priority 1 > candidate's priority 0
2022-09-30 13:41:05,898 [grpc-default-executor-1] INFO  server.RaftServer$Division (RaftServerImpl.java:setRole(299)) - 667118c9-2086-46d8-bebb-14ab86077656@group-44C64A0B4B82: changes role from  FOLLOWER to FOLLOWER at term 1 for candidate:2ebbe601-d5be-40a5-8ef8-5fe69b71d197
2022-09-30 13:41:05,898 [grpc-default-executor-1] INFO  impl.RoleInfo (RoleInfo.java:shutdownFollowerState(110)) - 667118c9-2086-46d8-bebb-14ab86077656: shutdown 667118c9-2086-46d8-bebb-14ab86077656@group-44C64A0B4B82-FollowerState
2022-09-30 13:41:05,898 [grpc-default-executor-1] INFO  impl.RoleInfo (RoleInfo.java:updateAndGet(139)) - 667118c9-2086-46d8-bebb-14ab86077656: start 667118c9-2086-46d8-bebb-14ab86077656@group-44C64A0B4B82-FollowerState
2022-09-30 13:41:05,899 [667118c9-2086-46d8-bebb-14ab86077656@group-44C64A0B4B82-FollowerState] INFO  impl.FollowerState (FollowerState.java:run(152)) - 667118c9-2086-46d8-bebb-14ab86077656@group-44C64A0B4B82-FollowerState was interrupted
2022-09-30 13:41:05,900 [grpc-default-executor-1] INFO  server.RaftServer$Division (RaftServerImpl.java:requestVote(1184)) - 667118c9-2086-46d8-bebb-14ab86077656@group-44C64A0B4B82 replies to ELECTION vote request: 2ebbe601-d5be-40a5-8ef8-5fe69b71d197<-667118c9-2086-46d8-bebb-14ab86077656#0:FAIL-t1. Peer's state: 667118c9-2086-46d8-bebb-14ab86077656@group-44C64A0B4B82:t1, leader=null, voted=null, raftlog=667118c9-2086-46d8-bebb-14ab86077656@group-44C64A0B4B82-SegmentedRaftLog:OPENED:c-1, conf=-1: [2ebbe601-d5be-40a5-8ef8-5fe69b71d197|rpc:10.1.0.210:37421|dataStream:|priority:0, 1abef520-eeaa-4e7a-a2f3-4eef6d213e0d|rpc:10.1.0.210:45505|dataStream:|priority:0, 667118c9-2086-46d8-bebb-14ab86077656|rpc:10.1.0.210:34109|dataStream:|priority:1], old=null
2022-09-30 13:41:05,903 [2ebbe601-d5be-40a5-8ef8-5fe69b71d197@group-44C64A0B4B82-LeaderElection24] INFO  impl.LeaderElection (LeaderElection.java:logAndReturn(90)) - 2ebbe601-d5be-40a5-8ef8-5fe69b71d197@group-44C64A0B4B82-LeaderElection24: ELECTION REJECTED received 2 response(s) and 0 exception(s):
2022-09-30 13:41:05,903 [2ebbe601-d5be-40a5-8ef8-5fe69b71d197@group-44C64A0B4B82-LeaderElection24] INFO  impl.LeaderElection (LeaderElection.java:logAndReturn(94)) -   Response 0: 2ebbe601-d5be-40a5-8ef8-5fe69b71d197<-1abef520-eeaa-4e7a-a2f3-4eef6d213e0d#0:FAIL-t1
2022-09-30 13:41:05,903 [2ebbe601-d5be-40a5-8ef8-5fe69b71d197@group-44C64A0B4B82-LeaderElection24] INFO  impl.LeaderElection (LeaderElection.java:logAndReturn(94)) -   Response 1: 2ebbe601-d5be-40a5-8ef8-5fe69b71d197<-667118c9-2086-46d8-bebb-14ab86077656#0:FAIL-t1
2022-09-30 13:41:05,903 [2ebbe601-d5be-40a5-8ef8-5fe69b71d197@group-44C64A0B4B82-LeaderElection24] INFO  impl.LeaderElection (LeaderElection.java:askForVotes(312)) - 2ebbe601-d5be-40a5-8ef8-5fe69b71d197@group-44C64A0B4B82-LeaderElection24 ELECTION round 0: result REJECTED
2022-09-30 13:41:05,903 [2ebbe601-d5be-40a5-8ef8-5fe69b71d197@group-44C64A0B4B82-LeaderElection24] INFO  server.RaftServer$Division (RaftServerImpl.java:setRole(299)) - 2ebbe601-d5be-40a5-8ef8-5fe69b71d197@group-44C64A0B4B82: changes role from CANDIDATE to FOLLOWER at term 1 for REJECTED
2022-09-30 13:41:05,903 [2ebbe601-d5be-40a5-8ef8-5fe69b71d197@group-44C64A0B4B82-LeaderElection24] INFO  impl.RoleInfo (RoleInfo.java:shutdownLeaderElection(130)) - 2ebbe601-d5be-40a5-8ef8-5fe69b71d197: shutdown 2ebbe601-d5be-40a5-8ef8-5fe69b71d197@group-44C64A0B4B82-LeaderElection24
2022-09-30 13:41:05,903 [2ebbe601-d5be-40a5-8ef8-5fe69b71d197@group-44C64A0B4B82-LeaderElection24] INFO  impl.RoleInfo (RoleInfo.java:updateAndGet(139)) - 2ebbe601-d5be-40a5-8ef8-5fe69b71d197: start 2ebbe601-d5be-40a5-8ef8-5fe69b71d197@group-44C64A0B4B82-FollowerState
2022-09-30 13:41:05,909 [EventQueue-OpenPipelineForHealthyPipelineSafeModeRule] INFO  safemode.SCMSafeModeManager (HealthyPipelineSafeModeRule.java:process(137)) - SCM in safe mode. Healthy pipelines reported count is 0, required healthy pipeline reported count is 1
2022-09-30 13:41:05,931 [ReplicationMonitor] INFO  replication.ReplicationManager (ReplicationManager.java:processAll(291)) - Replication Manager is not ready to run until 3000ms after safemode exit
2022-09-30 13:41:05,980 [Under Replicated Processor] INFO  replication.UnderReplicatedProcessor (UnderReplicatedProcessor.java:processAll(92)) - Processed 0 under replicated containers, failed processing 0
2022-09-30 13:41:05,998 [DatanodeAdminManager-0] INFO  node.DatanodeAdminMonitorImpl (DatanodeAdminMonitorImpl.java:checkContainersReplicatedOnNode(306)) - Under Replicated Container #4 org.apache.hadoop.hdds.scm.container.replication.ECContainerReplicaCount@75ed4464; Replicas{ContainerReplica{containerID=#4, state=CLOSED, datanodeDetails=63487312-87aa-4652-9988-76e01a899b42{ip: 10.1.0.210, host: fv-az264-432.ca02foy5wcnuvlrvrz2wi3p2og.dx.internal.cloudapp.net, ports: [REPLICATION=33927, RATIS=39059, RATIS_ADMIN=39059, RATIS_SERVER=39059, STANDALONE=46255], networkLocation: /default-rack, certSerialId: null, persistedOpState: DECOMMISSIONING, persistedOpStateExpiryEpochSec: 0}, placeOfBirth=63487312-87aa-4652-9988-76e01a899b42, sequenceId=0, keyCount=2, bytesUsed=0,replicaIndex=2},ContainerReplica{containerID=#4, state=CLOSED, datanodeDetails=97e8c787-6023-4421-819a-0b5ced458c94{ip: 10.1.0.210, host: fv-az264-432.ca02foy5wcnuvlrvrz2wi3p2og.dx.internal.cloudapp.net, ports: [REPLICATION=41907, RATIS=36437, RATIS_ADMIN=36437, RATIS_SERVER=36437, STANDALONE=34177], networkLocation: /default-rack, certSerialId: null, persistedOpState: IN_SERVICE, persistedOpStateExpiryEpochSec: 0}, placeOfBirth=97e8c787-6023-4421-819a-0b5ced458c94, sequenceId=0, keyCount=2, bytesUsed=38,replicaIndex=4},ContainerReplica{containerID=#4, state=CLOSED, datanodeDetails=93a726fc-a128-4d5e-9b28-98a1d7a8eb0c{ip: 10.1.0.210, host: fv-az264-432.ca02foy5wcnuvlrvrz2wi3p2og.dx.internal.cloudapp.net, ports: [REPLICATION=34975, RATIS=43289, RATIS_ADMIN=43289, RATIS_SERVER=43289, STANDALONE=44081], networkLocation: /default-rack, certSerialId: null, persistedOpState: IN_SERVICE, persistedOpStateExpiryEpochSec: 0}, placeOfBirth=93a726fc-a128-4d5e-9b28-98a1d7a8eb0c, sequenceId=0, keyCount=2, bytesUsed=38,replicaIndex=1},ContainerReplica{containerID=#4, state=CLOSED, datanodeDetails=43811407-7c21-4fcd-ab69-dbd9b60ed504{ip: 10.1.0.210, host: fv-az264-432.ca02foy5wcnuvlrvrz2wi3p2og.dx.internal.cloudapp.net, ports: [REPLICATION=35185, RATIS=42941, RATIS_ADMIN=42941, RATIS_SERVER=42941, STANDALONE=35079], networkLocation: /default-rack, certSerialId: null, persistedOpState: IN_SERVICE, persistedOpStateExpiryEpochSec: 0}, placeOfBirth=43811407-7c21-4fcd-ab69-dbd9b60ed504, sequenceId=0, keyCount=2, bytesUsed=38,replicaIndex=5},ContainerReplica{containerID=#4, state=CLOSED, datanodeDetails=62666bfa-5b48-4194-8431-0a6941154381{ip: 10.1.0.210, host: fv-az264-432.ca02foy5wcnuvlrvrz2wi3p2og.dx.internal.cloudapp.net, ports: [REPLICATION=41651, RATIS=41785, RATIS_ADMIN=41785, RATIS_SERVER=41785, STANDALONE=43973], networkLocation: /default-rack, certSerialId: null, persistedOpState: IN_SERVICE, persistedOpStateExpiryEpochSec: 0}, placeOfBirth=62666bfa-5b48-4194-8431-0a6941154381, sequenceId=0, keyCount=2, bytesUsed=0,replicaIndex=3}}
2022-09-30 13:41:05,998 [DatanodeAdminManager-0] INFO  node.DatanodeAdminMonitorImpl (DatanodeAdminMonitorImpl.java:checkContainersReplicatedOnNode(327)) - 63487312-87aa-4652-9988-76e01a899b42{ip: 10.1.0.210, host: fv-az264-432.ca02foy5wcnuvlrvrz2wi3p2og.dx.internal.cloudapp.net, ports: [REPLICATION=33927, RATIS=39059, RATIS_ADMIN=39059, RATIS_SERVER=39059, STANDALONE=46255], networkLocation: /default-rack, certSerialId: null, persistedOpState: DECOMMISSIONING, persistedOpStateExpiryEpochSec: 0} has 5 sufficientlyReplicated, 1 underReplicated and 0 unhealthy containers
2022-09-30 13:41:05,998 [DatanodeAdminManager-0] INFO  node.DatanodeAdminMonitorImpl (DatanodeAdminMonitorImpl.java:run(148)) - There are 1 nodes tracked for decommission and maintenance. 0 pending nodes.
2022-09-30 13:41:06,020 [Over Replicated Processor] INFO  replication.OverReplicatedProcessor (OverReplicatedProcessor.java:processAll(90)) - Processed 0 over replicated containers, failed processing 0
2022-09-30 13:41:06,071 [ReplicationMonitor] INFO  replication.ReplicationManager (ReplicationManager.java:processAll(324)) - Replication Monitor Thread took 0 milliseconds for processing 8 containers.
2022-09-30 13:41:06,271 [Listener at 127.0.0.1/45417] INFO  ozone.MiniOzoneClusterImpl (MiniOzoneClusterImpl.java:lambda$waitForClusterToBeReady$0(216)) - Nodes are ready. Got 7 of 7 DN Heartbeats.
2022-09-30 13:41:06,271 [Listener at 127.0.0.1/45417] INFO  ozone.MiniOzoneClusterImpl (MiniOzoneClusterImpl.java:lambda$waitForClusterToBeReady$0(219)) - Waiting for cluster to exit safe mode
2022-09-30 13:41:06,271 [Listener at 127.0.0.1/45417] INFO  ozone.MiniOzoneClusterImpl (MiniOzoneClusterImpl.java:lambda$waitForClusterToBeReady$0(221)) - SCM became leader
2022-09-30 13:41:06,312 [43811407-7c21-4fcd-ab69-dbd9b60ed504@group-421C2E2EB869-FollowerState] INFO  impl.FollowerState (FollowerState.java:run(143)) - 43811407-7c21-4fcd-ab69-dbd9b60ed504@group-421C2E2EB869-FollowerState: change to CANDIDATE, lastRpcElapsedTime:5099090701ns, electionTimeout:5082ms
2022-09-30 13:41:06,312 [43811407-7c21-4fcd-ab69-dbd9b60ed504@group-421C2E2EB869-FollowerState] INFO  impl.RoleInfo (RoleInfo.java:shutdownFollowerState(110)) - 43811407-7c21-4fcd-ab69-dbd9b60ed504: shutdown 43811407-7c21-4fcd-ab69-dbd9b60ed504@group-421C2E2EB869-FollowerState
2022-09-30 13:41:06,313 [43811407-7c21-4fcd-ab69-dbd9b60ed504@group-421C2E2EB869-FollowerState] INFO  server.RaftServer$Division (RaftServerImpl.java:setRole(299)) - 43811407-7c21-4fcd-ab69-dbd9b60ed504@group-421C2E2EB869: changes role from  FOLLOWER to CANDIDATE at term 6 for changeToCandidate
2022-09-30 13:41:06,313 [43811407-7c21-4fcd-ab69-dbd9b60ed504@group-421C2E2EB869-FollowerState] INFO  server.RaftServerConfigKeys (ConfUtils.java:logGet(46)) - raft.server.leaderelection.pre-vote = false (custom)
2022-09-30 13:41:06,313 [43811407-7c21-4fcd-ab69-dbd9b60ed504@group-421C2E2EB869-FollowerState] INFO  impl.RoleInfo (RoleInfo.java:updateAndGet(139)) - 43811407-7c21-4fcd-ab69-dbd9b60ed504: start 43811407-7c21-4fcd-ab69-dbd9b60ed504@group-421C2E2EB869-LeaderElection26
2022-09-30 13:41:06,319 [43811407-7c21-4fcd-ab69-dbd9b60ed504@group-421C2E2EB869-LeaderElection26] INFO  impl.LeaderElection (LeaderElection.java:askForVotes(310)) - 43811407-7c21-4fcd-ab69-dbd9b60ed504@group-421C2E2EB869-LeaderElection26 ELECTION round 0: submit vote requests at term 7 for -1: [542c7706-6f03-4002-aadb-418c9fc9cb26|rpc:10.1.0.210:37931|dataStream:|priority:0, 43811407-7c21-4fcd-ab69-dbd9b60ed504|rpc:10.1.0.210:42941|dataStream:|priority:1, c604563f-8b94-483f-a354-2ed29e633e80|rpc:10.1.0.210:36125|dataStream:|priority:0], old=null
2022-09-30 13:41:06,322 [grpc-default-executor-1] INFO  server.RaftServer$Division (RaftServerImpl.java:requestVote(1152)) - 542c7706-6f03-4002-aadb-418c9fc9cb26@group-421C2E2EB869: receive requestVote(ELECTION, 43811407-7c21-4fcd-ab69-dbd9b60ed504, group-421C2E2EB869, 7, (t:0, i:0))
2022-09-30 13:41:06,322 [grpc-default-executor-1] INFO  impl.VoteContext (VoteContext.java:log(48)) - 542c7706-6f03-4002-aadb-418c9fc9cb26@group-421C2E2EB869-FOLLOWER: accept ELECTION from 43811407-7c21-4fcd-ab69-dbd9b60ed504: our priority 0 <= candidate's priority 1
2022-09-30 13:41:06,322 [grpc-default-executor-1] INFO  server.RaftServer$Division (RaftServerImpl.java:setRole(299)) - 542c7706-6f03-4002-aadb-418c9fc9cb26@group-421C2E2EB869: changes role from  FOLLOWER to FOLLOWER at term 7 for candidate:43811407-7c21-4fcd-ab69-dbd9b60ed504
2022-09-30 13:41:06,322 [grpc-default-executor-1] INFO  impl.RoleInfo (RoleInfo.java:shutdownFollowerState(110)) - 542c7706-6f03-4002-aadb-418c9fc9cb26: shutdown 542c7706-6f03-4002-aadb-418c9fc9cb26@group-421C2E2EB869-FollowerState
2022-09-30 13:41:06,322 [grpc-default-executor-1] INFO  impl.RoleInfo (RoleInfo.java:updateAndGet(139)) - 542c7706-6f03-4002-aadb-418c9fc9cb26: start 542c7706-6f03-4002-aadb-418c9fc9cb26@group-421C2E2EB869-FollowerState
2022-09-30 13:41:06,323 [542c7706-6f03-4002-aadb-418c9fc9cb26@group-421C2E2EB869-FollowerState] INFO  impl.FollowerState (FollowerState.java:run(152)) - 542c7706-6f03-4002-aadb-418c9fc9cb26@group-421C2E2EB869-FollowerState was interrupted
2022-09-30 13:41:06,323 [EventQueue-OpenPipelineForHealthyPipelineSafeModeRule] INFO  safemode.SCMSafeModeManager (HealthyPipelineSafeModeRule.java:process(137)) - SCM in safe mode. Healthy pipelines reported count is 0, required healthy pipeline reported count is 1
2022-09-30 13:41:06,326 [grpc-default-executor-3] INFO  server.RaftServer$Division (RaftServerImpl.java:requestVote(1152)) - c604563f-8b94-483f-a354-2ed29e633e80@group-421C2E2EB869: receive requestVote(ELECTION, 43811407-7c21-4fcd-ab69-dbd9b60ed504, group-421C2E2EB869, 7, (t:0, i:0))
2022-09-30 13:41:06,327 [grpc-default-executor-3] INFO  impl.VoteContext (VoteContext.java:log(48)) - c604563f-8b94-483f-a354-2ed29e633e80@group-421C2E2EB869-FOLLOWER: accept ELECTION from 43811407-7c21-4fcd-ab69-dbd9b60ed504: our priority 0 <= candidate's priority 1
2022-09-30 13:41:06,327 [grpc-default-executor-3] INFO  server.RaftServer$Division (RaftServerImpl.java:setRole(299)) - c604563f-8b94-483f-a354-2ed29e633e80@group-421C2E2EB869: changes role from  FOLLOWER to FOLLOWER at term 7 for candidate:43811407-7c21-4fcd-ab69-dbd9b60ed504
2022-09-30 13:41:06,327 [grpc-default-executor-3] INFO  impl.RoleInfo (RoleInfo.java:shutdownFollowerState(110)) - c604563f-8b94-483f-a354-2ed29e633e80: shutdown c604563f-8b94-483f-a354-2ed29e633e80@group-421C2E2EB869-FollowerState
2022-09-30 13:41:06,327 [grpc-default-executor-3] INFO  impl.RoleInfo (RoleInfo.java:updateAndGet(139)) - c604563f-8b94-483f-a354-2ed29e633e80: start c604563f-8b94-483f-a354-2ed29e633e80@group-421C2E2EB869-FollowerState
2022-09-30 13:41:06,327 [c604563f-8b94-483f-a354-2ed29e633e80@group-421C2E2EB869-FollowerState] INFO  impl.FollowerState (FollowerState.java:run(152)) - c604563f-8b94-483f-a354-2ed29e633e80@group-421C2E2EB869-FollowerState was interrupted
2022-09-30 13:41:06,339 [grpc-default-executor-1] INFO  server.RaftServer$Division (RaftServerImpl.java:requestVote(1184)) - 542c7706-6f03-4002-aadb-418c9fc9cb26@group-421C2E2EB869 replies to ELECTION vote request: 43811407-7c21-4fcd-ab69-dbd9b60ed504<-542c7706-6f03-4002-aadb-418c9fc9cb26#0:OK-t7. Peer's state: 542c7706-6f03-4002-aadb-418c9fc9cb26@group-421C2E2EB869:t7, leader=null, voted=43811407-7c21-4fcd-ab69-dbd9b60ed504, raftlog=542c7706-6f03-4002-aadb-418c9fc9cb26@group-421C2E2EB869-SegmentedRaftLog:OPENED:c-1, conf=-1: [542c7706-6f03-4002-aadb-418c9fc9cb26|rpc:10.1.0.210:37931|priority:0, 43811407-7c21-4fcd-ab69-dbd9b60ed504|rpc:10.1.0.210:42941|priority:1, c604563f-8b94-483f-a354-2ed29e633e80|rpc:10.1.0.210:36125|priority:0], old=null
2022-09-30 13:41:06,341 [43811407-7c21-4fcd-ab69-dbd9b60ed504@group-421C2E2EB869-LeaderElection26] INFO  impl.LeaderElection (LeaderElection.java:logAndReturn(90)) - 43811407-7c21-4fcd-ab69-dbd9b60ed504@group-421C2E2EB869-LeaderElection26: ELECTION PASSED received 1 response(s) and 0 exception(s):
2022-09-30 13:41:06,341 [43811407-7c21-4fcd-ab69-dbd9b60ed504@group-421C2E2EB869-LeaderElection26] INFO  impl.LeaderElection (LeaderElection.java:logAndReturn(94)) -   Response 0: 43811407-7c21-4fcd-ab69-dbd9b60ed504<-542c7706-6f03-4002-aadb-418c9fc9cb26#0:OK-t7
2022-09-30 13:41:06,341 [43811407-7c21-4fcd-ab69-dbd9b60ed504@group-421C2E2EB869-LeaderElection26] INFO  impl.LeaderElection (LeaderElection.java:askForVotes(312)) - 43811407-7c21-4fcd-ab69-dbd9b60ed504@group-421C2E2EB869-LeaderElection26 ELECTION round 0: result PASSED
2022-09-30 13:41:06,341 [43811407-7c21-4fcd-ab69-dbd9b60ed504@group-421C2E2EB869-LeaderElection26] INFO  impl.RoleInfo (RoleInfo.java:shutdownLeaderElection(130)) - 43811407-7c21-4fcd-ab69-dbd9b60ed504: shutdown 43811407-7c21-4fcd-ab69-dbd9b60ed504@group-421C2E2EB869-LeaderElection26
2022-09-30 13:41:06,342 [43811407-7c21-4fcd-ab69-dbd9b60ed504@group-421C2E2EB869-LeaderElection26] INFO  server.RaftServer$Division (RaftServerImpl.java:setRole(299)) - 43811407-7c21-4fcd-ab69-dbd9b60ed504@group-421C2E2EB869: changes role from CANDIDATE to LEADER at term 7 for changeToLeader
2022-09-30 13:41:06,342 [43811407-7c21-4fcd-ab69-dbd9b60ed504@group-421C2E2EB869-LeaderElection26] INFO  ratis.XceiverServerRatis (XceiverServerRatis.java:handleLeaderChangedNotification(863)) - Leader change notification received for group: group-421C2E2EB869 with new leaderId: 43811407-7c21-4fcd-ab69-dbd9b60ed504
2022-09-30 13:41:06,342 [43811407-7c21-4fcd-ab69-dbd9b60ed504@group-421C2E2EB869-LeaderElection26] INFO  server.RaftServer$Division (ServerState.java:setLeader(287)) - 43811407-7c21-4fcd-ab69-dbd9b60ed504@group-421C2E2EB869: change Leader from null to 43811407-7c21-4fcd-ab69-dbd9b60ed504 at term 7 for becomeLeader, leader elected after 35989ms
2022-09-30 13:41:06,342 [43811407-7c21-4fcd-ab69-dbd9b60ed504@group-421C2E2EB869-LeaderElection26] INFO  server.RaftServerConfigKeys (ConfUtils.java:logGet(46)) - raft.server.staging.catchup.gap = 1000 (default)
2022-09-30 13:41:06,342 [43811407-7c21-4fcd-ab69-dbd9b60ed504@group-421C2E2EB869-LeaderElection26] INFO  server.RaftServerConfigKeys (ConfUtils.java:logGet(46)) - raft.server.write.element-limit = 1024 (custom)
2022-09-30 13:41:06,342 [43811407-7c21-4fcd-ab69-dbd9b60ed504@group-421C2E2EB869-LeaderElection26] INFO  server.RaftServerConfigKeys (ConfUtils.java:logGet(46)) - raft.server.write.byte-limit = 1024 M (=1073741824) (custom)
2022-09-30 13:41:06,342 [43811407-7c21-4fcd-ab69-dbd9b60ed504@group-421C2E2EB869-LeaderElection26] INFO  server.RaftServerConfigKeys (ConfUtils.java:logGet(46)) - raft.server.watch.timeout = 180s (custom)
2022-09-30 13:41:06,343 [43811407-7c21-4fcd-ab69-dbd9b60ed504@group-421C2E2EB869-LeaderElection26] INFO  server.RaftServerConfigKeys (ConfUtils.java:logGet(46)) - raft.server.watch.timeout.denomination = 1s (default)
2022-09-30 13:41:06,343 [43811407-7c21-4fcd-ab69-dbd9b60ed504@group-421C2E2EB869-LeaderElection26] INFO  server.RaftServerConfigKeys (ConfUtils.java:logGet(46)) - raft.server.watch.element-limit = 65536 (default)
2022-09-30 13:41:06,343 [43811407-7c21-4fcd-ab69-dbd9b60ed504@group-421C2E2EB869-LeaderElection26] INFO  server.RaftServerConfigKeys (ConfUtils.java:logGet(46)) - raft.server.write.element-limit = 1024 (custom)
2022-09-30 13:41:06,343 [43811407-7c21-4fcd-ab69-dbd9b60ed504@group-421C2E2EB869-LeaderElection26] INFO  server.RaftServerConfigKeys (ConfUtils.java:logGet(46)) - raft.server.write.follower.gap.ratio.max = -1.0 (default)
2022-09-30 13:41:06,343 [43811407-7c21-4fcd-ab69-dbd9b60ed504@group-421C2E2EB869-LeaderElection26] INFO  server.RaftServerConfigKeys (ConfUtils.java:logGet(46)) - raft.server.log.appender.snapshot.chunk.size.max = 16MB (=16777216) (default)
2022-09-30 13:41:06,341 [grpc-default-executor-3] INFO  server.RaftServer$Division (RaftServerImpl.java:requestVote(1184)) - c604563f-8b94-483f-a354-2ed29e633e80@group-421C2E2EB869 replies to ELECTION vote request: 43811407-7c21-4fcd-ab69-dbd9b60ed504<-c604563f-8b94-483f-a354-2ed29e633e80#0:OK-t7. Peer's state: c604563f-8b94-483f-a354-2ed29e633e80@group-421C2E2EB869:t7, leader=null, voted=43811407-7c21-4fcd-ab69-dbd9b60ed504, raftlog=c604563f-8b94-483f-a354-2ed29e633e80@group-421C2E2EB869-SegmentedRaftLog:OPENED:c-1, conf=-1: [542c7706-6f03-4002-aadb-418c9fc9cb26|rpc:10.1.0.210:37931|dataStream:|priority:0, 43811407-7c21-4fcd-ab69-dbd9b60ed504|rpc:10.1.0.210:42941|dataStream:|priority:1, c604563f-8b94-483f-a354-2ed29e633e80|rpc:10.1.0.210:36125|dataStream:|priority:0], old=null
2022-09-30 13:41:06,344 [43811407-7c21-4fcd-ab69-dbd9b60ed504@group-421C2E2EB869-LeaderElection26] INFO  server.RaftServerConfigKeys (ConfUtils.java:logGet(46)) - raft.server.log.appender.buffer.byte-limit = 33554432 (custom)
2022-09-30 13:41:06,344 [43811407-7c21-4fcd-ab69-dbd9b60ed504@group-421C2E2EB869-LeaderElection26] INFO  server.RaftServerConfigKeys (ConfUtils.java:logGet(46)) - raft.server.log.appender.buffer.element-limit = 1 (custom)
2022-09-30 13:41:06,344 [43811407-7c21-4fcd-ab69-dbd9b60ed504@group-421C2E2EB869-LeaderElection26] INFO  grpc.GrpcConfigKeys (ConfUtils.java:logGet(46)) - raft.grpc.server.leader.outstanding.appends.max = 128 (default)
2022-09-30 13:41:06,344 [43811407-7c21-4fcd-ab69-dbd9b60ed504@group-421C2E2EB869-LeaderElection26] INFO  server.RaftServerConfigKeys (ConfUtils.java:logGet(46)) - raft.server.rpc.request.timeout = 60s (custom)
2022-09-30 13:41:06,344 [43811407-7c21-4fcd-ab69-dbd9b60ed504@group-421C2E2EB869-LeaderElection26] INFO  server.RaftServerConfigKeys (ConfUtils.java:logGet(46)) - raft.server.log.appender.install.snapshot.enabled = false (custom)
2022-09-30 13:41:06,345 [EventQueue-OpenPipelineForHealthyPipelineSafeModeRule] INFO  safemode.SCMSafeModeManager (HealthyPipelineSafeModeRule.java:process(137)) - SCM in safe mode. Healthy pipelines reported count is 0, required healthy pipeline reported count is 1
2022-09-30 13:41:06,345 [43811407-7c21-4fcd-ab69-dbd9b60ed504@group-421C2E2EB869-LeaderElection26] INFO  server.RaftServerConfigKeys (ConfUtils.java:logGet(46)) - raft.server.log.appender.snapshot.chunk.size.max = 16MB (=16777216) (default)
2022-09-30 13:41:06,346 [43811407-7c21-4fcd-ab69-dbd9b60ed504@group-421C2E2EB869-LeaderElection26] INFO  server.RaftServerConfigKeys (ConfUtils.java:logGet(46)) - raft.server.log.appender.buffer.byte-limit = 33554432 (custom)
2022-09-30 13:41:06,346 [43811407-7c21-4fcd-ab69-dbd9b60ed504@group-421C2E2EB869-LeaderElection26] INFO  server.RaftServerConfigKeys (ConfUtils.java:logGet(46)) - raft.server.log.appender.buffer.element-limit = 1 (custom)
2022-09-30 13:41:06,346 [43811407-7c21-4fcd-ab69-dbd9b60ed504@group-421C2E2EB869-LeaderElection26] INFO  grpc.GrpcConfigKeys (ConfUtils.java:logGet(46)) - raft.grpc.server.leader.outstanding.appends.max = 128 (default)
2022-09-30 13:41:06,346 [43811407-7c21-4fcd-ab69-dbd9b60ed504@group-421C2E2EB869-LeaderElection26] INFO  server.RaftServerConfigKeys (ConfUtils.java:logGet(46)) - raft.server.rpc.request.timeout = 60s (custom)
2022-09-30 13:41:06,346 [43811407-7c21-4fcd-ab69-dbd9b60ed504@group-421C2E2EB869-LeaderElection26] INFO  server.RaftServerConfigKeys (ConfUtils.java:logGet(46)) - raft.server.log.appender.install.snapshot.enabled = false (custom)
2022-09-30 13:41:06,346 [43811407-7c21-4fcd-ab69-dbd9b60ed504@group-421C2E2EB869-LeaderElection26] INFO  impl.RoleInfo (RoleInfo.java:updateAndGet(139)) - 43811407-7c21-4fcd-ab69-dbd9b60ed504: start 43811407-7c21-4fcd-ab69-dbd9b60ed504@group-421C2E2EB869-LeaderStateImpl
2022-09-30 13:41:06,347 [EventQueue-PipelineReportForPipelineReportHandler] INFO  pipeline.PipelineManagerImpl (PipelineManagerImpl.java:openPipeline(367)) - Pipeline Pipeline[ Id: abe80a8b-6cb2-4e64-a615-421c2e2eb869, Nodes: c604563f-8b94-483f-a354-2ed29e633e80{ip: 10.1.0.210, host: fv-az264-432.ca02foy5wcnuvlrvrz2wi3p2og.dx.internal.cloudapp.net, ports: [REPLICATION=41739, RATIS=36125, RATIS_ADMIN=36125, RATIS_SERVER=36125, STANDALONE=37547], networkLocation: /default-rack, certSerialId: null, persistedOpState: IN_SERVICE, persistedOpStateExpiryEpochSec: 0}542c7706-6f03-4002-aadb-418c9fc9cb26{ip: 10.1.0.210, host: fv-az264-432.ca02foy5wcnuvlrvrz2wi3p2og.dx.internal.cloudapp.net, ports: [REPLICATION=42815, RATIS=37931, RATIS_ADMIN=37931, RATIS_SERVER=37931, STANDALONE=38243], networkLocation: /default-rack, certSerialId: null, persistedOpState: IN_SERVICE, persistedOpStateExpiryEpochSec: 0}43811407-7c21-4fcd-ab69-dbd9b60ed504{ip: 10.1.0.210, host: fv-az264-432.ca02foy5wcnuvlrvrz2wi3p2og.dx.internal.cloudapp.net, ports: [REPLICATION=35185, RATIS=42941, RATIS_ADMIN=42941, RATIS_SERVER=42941, STANDALONE=35079], networkLocation: /default-rack, certSerialId: null, persistedOpState: IN_SERVICE, persistedOpStateExpiryEpochSec: 0}, ReplicationConfig: RATIS/THREE, State:ALLOCATED, leaderId:43811407-7c21-4fcd-ab69-dbd9b60ed504, CreationTimestamp2022-09-30T13:40:28.095Z[Etc/UTC]] moved to OPEN state
2022-09-30 13:41:06,347 [43811407-7c21-4fcd-ab69-dbd9b60ed504@group-421C2E2EB869-LeaderElection26] INFO  segmented.SegmentedRaftLogWorker (SegmentedRaftLogWorker.java:startLogSegment(425)) - 43811407-7c21-4fcd-ab69-dbd9b60ed504@group-421C2E2EB869-SegmentedRaftLogWorker: Starting segment from index:0
2022-09-30 13:41:06,349 [43811407-7c21-4fcd-ab69-dbd9b60ed504@group-421C2E2EB869-SegmentedRaftLogWorker] INFO  segmented.SegmentedRaftLogWorker (SegmentedRaftLogWorker.java:execute(629)) - 43811407-7c21-4fcd-ab69-dbd9b60ed504@group-421C2E2EB869-SegmentedRaftLogWorker: created new log segment /home/runner/work/ozone/ozone/hadoop-ozone/integration-test/target/test-dir/MiniOzoneClusterImpl-8c4c252e-cda6-42f5-b80f-9d168f3e16cf/datanode-5/data/ratis/abe80a8b-6cb2-4e64-a615-421c2e2eb869/current/log_inprogress_0
2022-09-30 13:41:06,358 [542c7706-6f03-4002-aadb-418c9fc9cb26-server-thread1] INFO  ratis.XceiverServerRatis (XceiverServerRatis.java:handleLeaderChangedNotification(863)) - Leader change notification received for group: group-421C2E2EB869 with new leaderId: 43811407-7c21-4fcd-ab69-dbd9b60ed504
2022-09-30 13:41:06,358 [542c7706-6f03-4002-aadb-418c9fc9cb26-server-thread1] INFO  server.RaftServer$Division (ServerState.java:setLeader(287)) - 542c7706-6f03-4002-aadb-418c9fc9cb26@group-421C2E2EB869: change Leader from null to 43811407-7c21-4fcd-ab69-dbd9b60ed504 at term 7 for appendEntries, leader elected after 36096ms
2022-09-30 13:41:06,361 [43811407-7c21-4fcd-ab69-dbd9b60ed504@group-421C2E2EB869-LeaderElection26] INFO  server.RaftServer$Division (ServerState.java:setRaftConf(393)) - 43811407-7c21-4fcd-ab69-dbd9b60ed504@group-421C2E2EB869: set configuration 0: [542c7706-6f03-4002-aadb-418c9fc9cb26|rpc:10.1.0.210:37931|dataStream:|priority:0, 43811407-7c21-4fcd-ab69-dbd9b60ed504|rpc:10.1.0.210:42941|dataStream:|priority:1, c604563f-8b94-483f-a354-2ed29e633e80|rpc:10.1.0.210:36125|dataStream:|priority:0], old=null
2022-09-30 13:41:06,364 [c604563f-8b94-483f-a354-2ed29e633e80-server-thread1] INFO  ratis.XceiverServerRatis (XceiverServerRatis.java:handleLeaderChangedNotification(863)) - Leader change notification received for group: group-421C2E2EB869 with new leaderId: 43811407-7c21-4fcd-ab69-dbd9b60ed504
2022-09-30 13:41:06,364 [c604563f-8b94-483f-a354-2ed29e633e80-server-thread1] INFO  server.RaftServer$Division (ServerState.java:setLeader(287)) - c604563f-8b94-483f-a354-2ed29e633e80@group-421C2E2EB869: change Leader from null to 43811407-7c21-4fcd-ab69-dbd9b60ed504 at term 7 for appendEntries, leader elected after 36058ms
2022-09-30 13:41:06,377 [542c7706-6f03-4002-aadb-418c9fc9cb26-server-thread1] INFO  server.RaftServer$Division (ServerState.java:setRaftConf(393)) - 542c7706-6f03-4002-aadb-418c9fc9cb26@group-421C2E2EB869: set configuration 0: [542c7706-6f03-4002-aadb-418c9fc9cb26|rpc:10.1.0.210:37931|dataStream:|priority:0, 43811407-7c21-4fcd-ab69-dbd9b60ed504|rpc:10.1.0.210:42941|dataStream:|priority:1, c604563f-8b94-483f-a354-2ed29e633e80|rpc:10.1.0.210:36125|dataStream:|priority:0], old=null
2022-09-30 13:41:06,378 [542c7706-6f03-4002-aadb-418c9fc9cb26-server-thread1] INFO  segmented.SegmentedRaftLogWorker (SegmentedRaftLogWorker.java:startLogSegment(425)) - 542c7706-6f03-4002-aadb-418c9fc9cb26@group-421C2E2EB869-SegmentedRaftLogWorker: Starting segment from index:0
2022-09-30 13:41:06,380 [c604563f-8b94-483f-a354-2ed29e633e80-server-thread1] INFO  server.RaftServer$Division (ServerState.java:setRaftConf(393)) - c604563f-8b94-483f-a354-2ed29e633e80@group-421C2E2EB869: set configuration 0: [542c7706-6f03-4002-aadb-418c9fc9cb26|rpc:10.1.0.210:37931|dataStream:|priority:0, 43811407-7c21-4fcd-ab69-dbd9b60ed504|rpc:10.1.0.210:42941|dataStream:|priority:1, c604563f-8b94-483f-a354-2ed29e633e80|rpc:10.1.0.210:36125|dataStream:|priority:0], old=null
2022-09-30 13:41:06,381 [c604563f-8b94-483f-a354-2ed29e633e80-server-thread1] INFO  segmented.SegmentedRaftLogWorker (SegmentedRaftLogWorker.java:startLogSegment(425)) - c604563f-8b94-483f-a354-2ed29e633e80@group-421C2E2EB869-SegmentedRaftLogWorker: Starting segment from index:0
2022-09-30 13:41:06,383 [542c7706-6f03-4002-aadb-418c9fc9cb26@group-421C2E2EB869-SegmentedRaftLogWorker] INFO  segmented.SegmentedRaftLogWorker (SegmentedRaftLogWorker.java:execute(629)) - 542c7706-6f03-4002-aadb-418c9fc9cb26@group-421C2E2EB869-SegmentedRaftLogWorker: created new log segment /home/runner/work/ozone/ozone/hadoop-ozone/integration-test/target/test-dir/MiniOzoneClusterImpl-8c4c252e-cda6-42f5-b80f-9d168f3e16cf/datanode-3/data/ratis/abe80a8b-6cb2-4e64-a615-421c2e2eb869/current/log_inprogress_0
2022-09-30 13:41:06,383 [c604563f-8b94-483f-a354-2ed29e633e80@group-421C2E2EB869-SegmentedRaftLogWorker] INFO  segmented.SegmentedRaftLogWorker (SegmentedRaftLogWorker.java:execute(629)) - c604563f-8b94-483f-a354-2ed29e633e80@group-421C2E2EB869-SegmentedRaftLogWorker: created new log segment /home/runner/work/ozone/ozone/hadoop-ozone/integration-test/target/test-dir/MiniOzoneClusterImpl-8c4c252e-cda6-42f5-b80f-9d168f3e16cf/datanode-4/data/ratis/abe80a8b-6cb2-4e64-a615-421c2e2eb869/current/log_inprogress_0
2022-09-30 13:41:06,397 [2ebbe601-d5be-40a5-8ef8-5fe69b71d197@group-62676E4A87CD-FollowerState] INFO  impl.FollowerState (FollowerState.java:run(143)) - 2ebbe601-d5be-40a5-8ef8-5fe69b71d197@group-62676E4A87CD-FollowerState: change to CANDIDATE, lastRpcElapsedTime:5062080439ns, electionTimeout:5054ms
2022-09-30 13:41:06,397 [2ebbe601-d5be-40a5-8ef8-5fe69b71d197@group-62676E4A87CD-FollowerState] INFO  impl.RoleInfo (RoleInfo.java:shutdownFollowerState(110)) - 2ebbe601-d5be-40a5-8ef8-5fe69b71d197: shutdown 2ebbe601-d5be-40a5-8ef8-5fe69b71d197@group-62676E4A87CD-FollowerState
2022-09-30 13:41:06,397 [2ebbe601-d5be-40a5-8ef8-5fe69b71d197@group-62676E4A87CD-FollowerState] INFO  server.RaftServer$Division (RaftServerImpl.java:setRole(299)) - 2ebbe601-d5be-40a5-8ef8-5fe69b71d197@group-62676E4A87CD: changes role from  FOLLOWER to CANDIDATE at term 0 for changeToCandidate
2022-09-30 13:41:06,397 [2ebbe601-d5be-40a5-8ef8-5fe69b71d197@group-62676E4A87CD-FollowerState] INFO  server.RaftServerConfigKeys (ConfUtils.java:logGet(46)) - raft.server.leaderelection.pre-vote = false (custom)
2022-09-30 13:41:06,397 [2ebbe601-d5be-40a5-8ef8-5fe69b71d197@group-62676E4A87CD-FollowerState] INFO  impl.RoleInfo (RoleInfo.java:updateAndGet(139)) - 2ebbe601-d5be-40a5-8ef8-5fe69b71d197: start 2ebbe601-d5be-40a5-8ef8-5fe69b71d197@group-62676E4A87CD-LeaderElection27
2022-09-30 13:41:06,406 [2ebbe601-d5be-40a5-8ef8-5fe69b71d197@group-62676E4A87CD-LeaderElection27] INFO  impl.LeaderElection (LeaderElection.java:askForVotes(310)) - 2ebbe601-d5be-40a5-8ef8-5fe69b71d197@group-62676E4A87CD-LeaderElection27 ELECTION round 0: submit vote requests at term 1 for -1: [2ebbe601-d5be-40a5-8ef8-5fe69b71d197|rpc:10.1.0.210:37421|priority:1], old=null
2022-09-30 13:41:06,407 [2ebbe601-d5be-40a5-8ef8-5fe69b71d197@group-62676E4A87CD-LeaderElection27] INFO  impl.LeaderElection (LeaderElection.java:askForVotes(312)) - 2ebbe601-d5be-40a5-8ef8-5fe69b71d197@group-62676E4A87CD-LeaderElection27 ELECTION round 0: result PASSED (term=1)
2022-09-30 13:41:06,407 [2ebbe601-d5be-40a5-8ef8-5fe69b71d197@group-62676E4A87CD-LeaderElection27] INFO  impl.RoleInfo (RoleInfo.java:shutdownLeaderElection(130)) - 2ebbe601-d5be-40a5-8ef8-5fe69b71d197: shutdown 2ebbe601-d5be-40a5-8ef8-5fe69b71d197@group-62676E4A87CD-LeaderElection27
2022-09-30 13:41:06,407 [2ebbe601-d5be-40a5-8ef8-5fe69b71d197@group-62676E4A87CD-LeaderElection27] INFO  server.RaftServer$Division (RaftServerImpl.java:setRole(299)) - 2ebbe601-d5be-40a5-8ef8-5fe69b71d197@group-62676E4A87CD: changes role from CANDIDATE to LEADER at term 1 for changeToLeader
2022-09-30 13:41:06,407 [2ebbe601-d5be-40a5-8ef8-5fe69b71d197@group-62676E4A87CD-LeaderElection27] INFO  ratis.XceiverServerRatis (XceiverServerRatis.java:handleLeaderChangedNotification(863)) - Leader change notification received for group: group-62676E4A87CD with new leaderId: 2ebbe601-d5be-40a5-8ef8-5fe69b71d197
2022-09-30 13:41:06,407 [2ebbe601-d5be-40a5-8ef8-5fe69b71d197@group-62676E4A87CD-LeaderElection27] INFO  server.RaftServer$Division (ServerState.java:setLeader(287)) - 2ebbe601-d5be-40a5-8ef8-5fe69b71d197@group-62676E4A87CD: change Leader from null to 2ebbe601-d5be-40a5-8ef8-5fe69b71d197 at term 1 for becomeLeader, leader elected after 5080ms
2022-09-30 13:41:06,407 [2ebbe601-d5be-40a5-8ef8-5fe69b71d197@group-62676E4A87CD-LeaderElection27] INFO  server.RaftServerConfigKeys (ConfUtils.java:logGet(46)) - raft.server.staging.catchup.gap = 1000 (default)
2022-09-30 13:41:06,407 [2ebbe601-d5be-40a5-8ef8-5fe69b71d197@group-62676E4A87CD-LeaderElection27] INFO  server.RaftServerConfigKeys (ConfUtils.java:logGet(46)) - raft.server.write.element-limit = 1024 (custom)
2022-09-30 13:41:06,407 [2ebbe601-d5be-40a5-8ef8-5fe69b71d197@group-62676E4A87CD-LeaderElection27] INFO  server.RaftServerConfigKeys (ConfUtils.java:logGet(46)) - raft.server.write.byte-limit = 1024 M (=1073741824) (custom)
2022-09-30 13:41:06,408 [EventQueue-OpenPipelineForHealthyPipelineSafeModeRule] INFO  safemode.SCMSafeModeManager (HealthyPipelineSafeModeRule.java:process(137)) - SCM in safe mode. Healthy pipelines reported count is 0, required healthy pipeline reported count is 1
2022-09-30 13:41:06,409 [2ebbe601-d5be-40a5-8ef8-5fe69b71d197@group-62676E4A87CD-LeaderElection27] INFO  server.RaftServerConfigKeys (ConfUtils.java:logGet(46)) - raft.server.watch.timeout = 180s (custom)
2022-09-30 13:41:06,409 [2ebbe601-d5be-40a5-8ef8-5fe69b71d197@group-62676E4A87CD-LeaderElection27] INFO  server.RaftServerConfigKeys (ConfUtils.java:logGet(46)) - raft.server.watch.timeout.denomination = 1s (default)
2022-09-30 13:41:06,409 [2ebbe601-d5be-40a5-8ef8-5fe69b71d197@group-62676E4A87CD-LeaderElection27] INFO  server.RaftServerConfigKeys (ConfUtils.java:logGet(46)) - raft.server.watch.element-limit = 65536 (default)
2022-09-30 13:41:06,410 [2ebbe601-d5be-40a5-8ef8-5fe69b71d197@group-62676E4A87CD-LeaderElection27] INFO  server.RaftServerConfigKeys (ConfUtils.java:logGet(46)) - raft.server.write.element-limit = 1024 (custom)
2022-09-30 13:41:06,410 [2ebbe601-d5be-40a5-8ef8-5fe69b71d197@group-62676E4A87CD-LeaderElection27] INFO  server.RaftServerConfigKeys (ConfUtils.java:logGet(46)) - raft.server.write.follower.gap.ratio.max = -1.0 (default)
2022-09-30 13:41:06,410 [2ebbe601-d5be-40a5-8ef8-5fe69b71d197@group-62676E4A87CD-LeaderElection27] INFO  impl.RoleInfo (RoleInfo.java:updateAndGet(139)) - 2ebbe601-d5be-40a5-8ef8-5fe69b71d197: start 2ebbe601-d5be-40a5-8ef8-5fe69b71d197@group-62676E4A87CD-LeaderStateImpl
2022-09-30 13:41:06,410 [2ebbe601-d5be-40a5-8ef8-5fe69b71d197@group-62676E4A87CD-LeaderElection27] INFO  segmented.SegmentedRaftLogWorker (SegmentedRaftLogWorker.java:startLogSegment(425)) - 2ebbe601-d5be-40a5-8ef8-5fe69b71d197@group-62676E4A87CD-SegmentedRaftLogWorker: Starting segment from index:0
2022-09-30 13:41:06,413 [2ebbe601-d5be-40a5-8ef8-5fe69b71d197@group-62676E4A87CD-SegmentedRaftLogWorker] INFO  segmented.SegmentedRaftLogWorker (SegmentedRaftLogWorker.java:execute(629)) - 2ebbe601-d5be-40a5-8ef8-5fe69b71d197@group-62676E4A87CD-SegmentedRaftLogWorker: created new log segment /home/runner/work/ozone/ozone/hadoop-ozone/integration-test/target/test-dir/MiniOzoneClusterImpl-b8847c17-62d3-4307-a1ed-7c038275c3d3/datanode-1/data/ratis/c0ada242-6f14-47f8-ae87-62676e4a87cd/current/log_inprogress_0
2022-09-30 13:41:06,414 [2ebbe601-d5be-40a5-8ef8-5fe69b71d197@group-62676E4A87CD-LeaderElection27] INFO  server.RaftServer$Division (ServerState.java:setRaftConf(393)) - 2ebbe601-d5be-40a5-8ef8-5fe69b71d197@group-62676E4A87CD: set configuration 0: [2ebbe601-d5be-40a5-8ef8-5fe69b71d197|rpc:10.1.0.210:37421|dataStream:|priority:1], old=null
2022-09-30 13:41:06,495 [EventQueue-OpenPipelineForHealthyPipelineSafeModeRule] INFO  safemode.SCMSafeModeManager (HealthyPipelineSafeModeRule.java:process(137)) - SCM in safe mode. Healthy pipelines reported count is 0, required healthy pipeline reported count is 1
2022-09-30 13:41:06,795 [ContainerReplicationThread-0] INFO  replication.DownloadAndImportReplicator (DownloadAndImportReplicator.java:replicate(105)) - Starting replication of container 4 from [63487312-87aa-4652-9988-76e01a899b42{ip: 10.1.0.210, host: fv-az264-432.ca02foy5wcnuvlrvrz2wi3p2og.dx.internal.cloudapp.net, ports: [REPLICATION=33927, RATIS=39059, RATIS_ADMIN=39059, RATIS_SERVER=39059, STANDALONE=46255], networkLocation: /default-rack, certSerialId: null, persistedOpState: DECOMMISSIONING, persistedOpStateExpiryEpochSec: 0}]
2022-09-30 13:41:06,802 [grpc-default-executor-1] INFO  replication.GrpcReplicationService (GrpcReplicationService.java:download(52)) - Streaming container data (4) to other datanode
2022-09-30 13:41:06,804 [EventQueue-OpenPipelineForHealthyPipelineSafeModeRule] INFO  safemode.SCMSafeModeManager (HealthyPipelineSafeModeRule.java:process(137)) - SCM in safe mode. Healthy pipelines reported count is 0, required healthy pipeline reported count is 1
2022-09-30 13:41:06,809 [grpc-default-executor-1] INFO  replication.GrpcOutputStream (GrpcOutputStream.java:close(104)) - Sent 10740 bytes for container 4
2022-09-30 13:41:06,812 [grpc-default-executor-1] INFO  replication.GrpcReplicationClient (GrpcReplicationClient.java:onCompleted(197)) - Container 4 is downloaded to /home/runner/work/ozone/ozone/hadoop-ozone/integration-test/target/test-dir/MiniOzoneClusterImpl-8c4c252e-cda6-42f5-b80f-9d168f3e16cf/datanode-4/data/replication/work/container-4.tar.gz
2022-09-30 13:41:06,815 [ContainerReplicationThread-0] INFO  replication.DownloadAndImportReplicator (DownloadAndImportReplicator.java:replicate(117)) - Container 4 is downloaded with size 10740, starting to import.
2022-09-30 13:41:06,839 [ContainerReplicationThread-0] INFO  replication.DownloadAndImportReplicator (DownloadAndImportReplicator.java:replicate(122)) - Container 4 is replicated successfully
2022-09-30 13:41:06,839 [ContainerReplicationThread-0] INFO  replication.ReplicationSupervisor (ReplicationSupervisor.java:run(176)) - Container 4 is replicated.
2022-09-30 13:41:06,910 [EventQueue-OpenPipelineForHealthyPipelineSafeModeRule] INFO  safemode.SCMSafeModeManager (HealthyPipelineSafeModeRule.java:process(137)) - SCM in safe mode. Healthy pipelines reported count is 0, required healthy pipeline reported count is 1
2022-09-30 13:41:06,932 [ReplicationMonitor] INFO  replication.ReplicationManager (ReplicationManager.java:processAll(291)) - Replication Manager is not ready to run until 3000ms after safemode exit
2022-09-30 13:41:06,980 [Under Replicated Processor] INFO  replication.UnderReplicatedProcessor (UnderReplicatedProcessor.java:processAll(92)) - Processed 0 under replicated containers, failed processing 0
2022-09-30 13:41:06,998 [DatanodeAdminManager-0] INFO  node.DatanodeAdminMonitorImpl (DatanodeAdminMonitorImpl.java:checkContainersReplicatedOnNode(327)) - 63487312-87aa-4652-9988-76e01a899b42{ip: 10.1.0.210, host: fv-az264-432.ca02foy5wcnuvlrvrz2wi3p2og.dx.internal.cloudapp.net, ports: [REPLICATION=33927, RATIS=39059, RATIS_ADMIN=39059, RATIS_SERVER=39059, STANDALONE=46255], networkLocation: /default-rack, certSerialId: null, persistedOpState: DECOMMISSIONING, persistedOpStateExpiryEpochSec: 0} has 6 sufficientlyReplicated, 0 underReplicated and 0 unhealthy containers
2022-09-30 13:41:06,998 [DatanodeAdminManager-0] INFO  node.DatanodeAdminMonitorImpl (DatanodeAdminMonitorImpl.java:completeDecommission(355)) - Datanode 63487312-87aa-4652-9988-76e01a899b42{ip: 10.1.0.210, host: fv-az264-432.ca02foy5wcnuvlrvrz2wi3p2og.dx.internal.cloudapp.net, ports: [REPLICATION=33927, RATIS=39059, RATIS_ADMIN=39059, RATIS_SERVER=39059, STANDALONE=46255], networkLocation: /default-rack, certSerialId: null, persistedOpState: DECOMMISSIONING, persistedOpStateExpiryEpochSec: 0} has completed the admin workflow. The operational state has been set to DECOMMISSIONED
2022-09-30 13:41:06,998 [EventQueue-HealthyReadonlyToHealthyNodeForReadOnlyHealthyToHealthyNodeHandler] INFO  node.ReadOnlyHealthyToHealthyNodeHandler (ReadOnlyHealthyToHealthyNodeHandler.java:onMessage(51)) - Datanode 63487312-87aa-4652-9988-76e01a899b42{ip: 10.1.0.210, host: fv-az264-432.ca02foy5wcnuvlrvrz2wi3p2og.dx.internal.cloudapp.net, ports: [REPLICATION=33927, RATIS=39059, RATIS_ADMIN=39059, RATIS_SERVER=39059, STANDALONE=46255], networkLocation: /default-rack, certSerialId: null, persistedOpState: DECOMMISSIONING, persistedOpStateExpiryEpochSec: 0} moved to HEALTHY state.
2022-09-30 13:41:06,998 [EventQueue-HealthyReadonlyToHealthyNodeForReadOnlyHealthyToHealthyNodeHandler] INFO  pipeline.BackgroundPipelineCreator (BackgroundPipelineCreator.java:notifyEventTriggered(276)) - trigger a one-shot run on RatisPipelineUtilsThread.
2022-09-30 13:41:06,999 [RatisPipelineUtilsThread - 0] INFO  pipeline.RatisPipelineProvider (RatisPipelineProvider.java:lambda$create$0(195)) - Sending CreatePipelineCommand for pipeline:PipelineID=ae0394ab-b52d-48b1-ab04-99b1b5f2f1f1 to datanode:62666bfa-5b48-4194-8431-0a6941154381
2022-09-30 13:41:06,999 [RatisPipelineUtilsThread - 0] INFO  pipeline.RatisPipelineProvider (RatisPipelineProvider.java:lambda$create$0(195)) - Sending CreatePipelineCommand for pipeline:PipelineID=ae0394ab-b52d-48b1-ab04-99b1b5f2f1f1 to datanode:93a726fc-a128-4d5e-9b28-98a1d7a8eb0c
2022-09-30 13:41:07,000 [RatisPipelineUtilsThread - 0] INFO  pipeline.RatisPipelineProvider (RatisPipelineProvider.java:lambda$create$0(195)) - Sending CreatePipelineCommand for pipeline:PipelineID=ae0394ab-b52d-48b1-ab04-99b1b5f2f1f1 to datanode:97e8c787-6023-4421-819a-0b5ced458c94
2022-09-30 13:41:07,000 [RatisPipelineUtilsThread - 0] INFO  pipeline.PipelineStateManagerImpl (PipelineStateManagerImpl.java:addPipeline(103)) - Created pipeline Pipeline[ Id: ae0394ab-b52d-48b1-ab04-99b1b5f2f1f1, Nodes: 62666bfa-5b48-4194-8431-0a6941154381{ip: 10.1.0.210, host: fv-az264-432.ca02foy5wcnuvlrvrz2wi3p2og.dx.internal.cloudapp.net, ports: [REPLICATION=41651, RATIS=41785, RATIS_ADMIN=41785, RATIS_SERVER=41785, STANDALONE=43973], networkLocation: /default-rack, certSerialId: null, persistedOpState: IN_SERVICE, persistedOpStateExpiryEpochSec: 0}93a726fc-a128-4d5e-9b28-98a1d7a8eb0c{ip: 10.1.0.210, host: fv-az264-432.ca02foy5wcnuvlrvrz2wi3p2og.dx.internal.cloudapp.net, ports: [REPLICATION=34975, RATIS=43289, RATIS_ADMIN=43289, RATIS_SERVER=43289, STANDALONE=44081], networkLocation: /default-rack, certSerialId: null, persistedOpState: IN_SERVICE, persistedOpStateExpiryEpochSec: 0}97e8c787-6023-4421-819a-0b5ced458c94{ip: 10.1.0.210, host: fv-az264-432.ca02foy5wcnuvlrvrz2wi3p2og.dx.internal.cloudapp.net, ports: [REPLICATION=41907, RATIS=36437, RATIS_ADMIN=36437, RATIS_SERVER=36437, STANDALONE=34177], networkLocation: /default-rack, certSerialId: null, persistedOpState: IN_SERVICE, persistedOpStateExpiryEpochSec: 0}, ReplicationConfig: RATIS/THREE, State:ALLOCATED, leaderId:, CreationTimestamp2022-09-30T13:41:06.999Z[Etc/UTC]].
2022-09-30 13:41:07,011 [IPC Server handler 6 on default port 35905] INFO  node.SCMNodeManager (SCMNodeManager.java:updateDatanodeOpState(545)) - Scheduling a command to update the operationalState persisted on 63487312-87aa-4652-9988-76e01a899b42{ip: 10.1.0.210, host: fv-az264-432.ca02foy5wcnuvlrvrz2wi3p2og.dx.internal.cloudapp.net, ports: [REPLICATION=33927, RATIS=39059, RATIS_ADMIN=39059, RATIS_SERVER=39059, STANDALONE=46255], networkLocation: /default-rack, certSerialId: null, persistedOpState: DECOMMISSIONING, persistedOpStateExpiryEpochSec: 0} as the reported value does not match the value stored in SCM (DECOMMISSIONED, 0)
2022-09-30 13:41:07,020 [Over Replicated Processor] INFO  replication.OverReplicatedProcessor (OverReplicatedProcessor.java:processAll(90)) - Processed 0 over replicated containers, failed processing 0
2022-09-30 13:41:07,072 [ReplicationMonitor] INFO  replication.ReplicationManager (ReplicationManager.java:processAll(324)) - Replication Monitor Thread took 1 milliseconds for processing 8 containers.
2022-09-30 13:41:07,143 [667118c9-2086-46d8-bebb-14ab86077656@group-7C6C7E6E1921-FollowerState] INFO  impl.FollowerState (FollowerState.java:run(143)) - 667118c9-2086-46d8-bebb-14ab86077656@group-7C6C7E6E1921-FollowerState: change to CANDIDATE, lastRpcElapsedTime:5201233324ns, electionTimeout:5199ms
2022-09-30 13:41:07,143 [667118c9-2086-46d8-bebb-14ab86077656@group-7C6C7E6E1921-FollowerState] INFO  impl.RoleInfo (RoleInfo.java:shutdownFollowerState(110)) - 667118c9-2086-46d8-bebb-14ab86077656: shutdown 667118c9-2086-46d8-bebb-14ab86077656@group-7C6C7E6E1921-FollowerState
2022-09-30 13:41:07,143 [667118c9-2086-46d8-bebb-14ab86077656@group-7C6C7E6E1921-FollowerState] INFO  server.RaftServer$Division (RaftServerImpl.java:setRole(299)) - 667118c9-2086-46d8-bebb-14ab86077656@group-7C6C7E6E1921: changes role from  FOLLOWER to CANDIDATE at term 0 for changeToCandidate
2022-09-30 13:41:07,144 [667118c9-2086-46d8-bebb-14ab86077656@group-7C6C7E6E1921-FollowerState] INFO  server.RaftServerConfigKeys (ConfUtils.java:logGet(46)) - raft.server.leaderelection.pre-vote = false (custom)
2022-09-30 13:41:07,144 [667118c9-2086-46d8-bebb-14ab86077656@group-7C6C7E6E1921-FollowerState] INFO  impl.RoleInfo (RoleInfo.java:updateAndGet(139)) - 667118c9-2086-46d8-bebb-14ab86077656: start 667118c9-2086-46d8-bebb-14ab86077656@group-7C6C7E6E1921-LeaderElection28
2022-09-30 13:41:07,154 [667118c9-2086-46d8-bebb-14ab86077656@group-7C6C7E6E1921-LeaderElection28] INFO  impl.LeaderElection (LeaderElection.java:askForVotes(310)) - 667118c9-2086-46d8-bebb-14ab86077656@group-7C6C7E6E1921-LeaderElection28 ELECTION round 0: submit vote requests at term 1 for -1: [667118c9-2086-46d8-bebb-14ab86077656|rpc:10.1.0.210:34109|priority:1], old=null
2022-09-30 13:41:07,154 [667118c9-2086-46d8-bebb-14ab86077656@group-7C6C7E6E1921-LeaderElection28] INFO  impl.LeaderElection (LeaderElection.java:askForVotes(312)) - 667118c9-2086-46d8-bebb-14ab86077656@group-7C6C7E6E1921-LeaderElection28 ELECTION round 0: result PASSED (term=1)
2022-09-30 13:41:07,154 [667118c9-2086-46d8-bebb-14ab86077656@group-7C6C7E6E1921-LeaderElection28] INFO  impl.RoleInfo (RoleInfo.java:shutdownLeaderElection(130)) - 667118c9-2086-46d8-bebb-14ab86077656: shutdown 667118c9-2086-46d8-bebb-14ab86077656@group-7C6C7E6E1921-LeaderElection28
2022-09-30 13:41:07,155 [667118c9-2086-46d8-bebb-14ab86077656@group-7C6C7E6E1921-LeaderElection28] INFO  server.RaftServer$Division (RaftServerImpl.java:setRole(299)) - 667118c9-2086-46d8-bebb-14ab86077656@group-7C6C7E6E1921: changes role from CANDIDATE to LEADER at term 1 for changeToLeader
2022-09-30 13:41:07,155 [667118c9-2086-46d8-bebb-14ab86077656@group-7C6C7E6E1921-LeaderElection28] INFO  ratis.XceiverServerRatis (XceiverServerRatis.java:handleLeaderChangedNotification(863)) - Leader change notification received for group: group-7C6C7E6E1921 with new leaderId: 667118c9-2086-46d8-bebb-14ab86077656
2022-09-30 13:41:07,155 [667118c9-2086-46d8-bebb-14ab86077656@group-7C6C7E6E1921-LeaderElection28] INFO  server.RaftServer$Division (ServerState.java:setLeader(287)) - 667118c9-2086-46d8-bebb-14ab86077656@group-7C6C7E6E1921: change Leader from null to 667118c9-2086-46d8-bebb-14ab86077656 at term 1 for becomeLeader, leader elected after 5247ms
2022-09-30 13:41:07,155 [667118c9-2086-46d8-bebb-14ab86077656@group-7C6C7E6E1921-LeaderElection28] INFO  server.RaftServerConfigKeys (ConfUtils.java:logGet(46)) - raft.server.staging.catchup.gap = 1000 (default)
2022-09-30 13:41:07,156 [EventQueue-OpenPipelineForHealthyPipelineSafeModeRule] INFO  safemode.SCMSafeModeManager (HealthyPipelineSafeModeRule.java:process(137)) - SCM in safe mode. Healthy pipelines reported count is 0, required healthy pipeline reported count is 1
2022-09-30 13:41:07,157 [667118c9-2086-46d8-bebb-14ab86077656@group-7C6C7E6E1921-LeaderElection28] INFO  server.RaftServerConfigKeys (ConfUtils.java:logGet(46)) - raft.server.write.element-limit = 1024 (custom)
2022-09-30 13:41:07,157 [667118c9-2086-46d8-bebb-14ab86077656@group-7C6C7E6E1921-LeaderElection28] INFO  server.RaftServerConfigKeys (ConfUtils.java:logGet(46)) - raft.server.write.byte-limit = 1024 M (=1073741824) (custom)
2022-09-30 13:41:07,158 [667118c9-2086-46d8-bebb-14ab86077656@group-7C6C7E6E1921-LeaderElection28] INFO  server.RaftServerConfigKeys (ConfUtils.java:logGet(46)) - raft.server.watch.timeout = 180s (custom)
2022-09-30 13:41:07,158 [667118c9-2086-46d8-bebb-14ab86077656@group-7C6C7E6E1921-LeaderElection28] INFO  server.RaftServerConfigKeys (ConfUtils.java:logGet(46)) - raft.server.watch.timeout.denomination = 1s (default)
2022-09-30 13:41:07,158 [667118c9-2086-46d8-bebb-14ab86077656@group-7C6C7E6E1921-LeaderElection28] INFO  server.RaftServerConfigKeys (ConfUtils.java:logGet(46)) - raft.server.watch.element-limit = 65536 (default)
2022-09-30 13:41:07,158 [667118c9-2086-46d8-bebb-14ab86077656@group-7C6C7E6E1921-LeaderElection28] INFO  server.RaftServerConfigKeys (ConfUtils.java:logGet(46)) - raft.server.write.element-limit = 1024 (custom)
2022-09-30 13:41:07,158 [667118c9-2086-46d8-bebb-14ab86077656@group-7C6C7E6E1921-LeaderElection28] INFO  server.RaftServerConfigKeys (ConfUtils.java:logGet(46)) - raft.server.write.follower.gap.ratio.max = -1.0 (default)
2022-09-30 13:41:07,158 [667118c9-2086-46d8-bebb-14ab86077656@group-7C6C7E6E1921-LeaderElection28] INFO  impl.RoleInfo (RoleInfo.java:updateAndGet(139)) - 667118c9-2086-46d8-bebb-14ab86077656: start 667118c9-2086-46d8-bebb-14ab86077656@group-7C6C7E6E1921-LeaderStateImpl
2022-09-30 13:41:07,158 [667118c9-2086-46d8-bebb-14ab86077656@group-7C6C7E6E1921-LeaderElection28] INFO  segmented.SegmentedRaftLogWorker (SegmentedRaftLogWorker.java:startLogSegment(425)) - 667118c9-2086-46d8-bebb-14ab86077656@group-7C6C7E6E1921-SegmentedRaftLogWorker: Starting segment from index:0
2022-09-30 13:41:07,161 [667118c9-2086-46d8-bebb-14ab86077656@group-7C6C7E6E1921-SegmentedRaftLogWorker] INFO  segmented.SegmentedRaftLogWorker (SegmentedRaftLogWorker.java:execute(629)) - 667118c9-2086-46d8-bebb-14ab86077656@group-7C6C7E6E1921-SegmentedRaftLogWorker: created new log segment /home/runner/work/ozone/ozone/hadoop-ozone/integration-test/target/test-dir/MiniOzoneClusterImpl-b8847c17-62d3-4307-a1ed-7c038275c3d3/datanode-2/data/ratis/fb532ec4-35dc-40fa-a505-7c6c7e6e1921/current/log_inprogress_0
2022-09-30 13:41:07,163 [667118c9-2086-46d8-bebb-14ab86077656@group-7C6C7E6E1921-LeaderElection28] INFO  server.RaftServer$Division (ServerState.java:setRaftConf(393)) - 667118c9-2086-46d8-bebb-14ab86077656@group-7C6C7E6E1921: set configuration 0: [667118c9-2086-46d8-bebb-14ab86077656|rpc:10.1.0.210:34109|dataStream:|priority:1], old=null
2022-09-30 13:41:07,271 [Listener at 127.0.0.1/45417] INFO  ozone.MiniOzoneClusterImpl (MiniOzoneClusterImpl.java:lambda$waitForClusterToBeReady$0(216)) - Nodes are ready. Got 7 of 7 DN Heartbeats.
2022-09-30 13:41:07,271 [Listener at 127.0.0.1/45417] INFO  ozone.MiniOzoneClusterImpl (MiniOzoneClusterImpl.java:lambda$waitForClusterToBeReady$0(219)) - Waiting for cluster to exit safe mode
2022-09-30 13:41:07,271 [Listener at 127.0.0.1/45417] INFO  ozone.MiniOzoneClusterImpl (MiniOzoneClusterImpl.java:lambda$waitForClusterToBeReady$0(221)) - SCM became leader
2022-09-30 13:41:07,409 [EventQueue-OpenPipelineForHealthyPipelineSafeModeRule] INFO  safemode.SCMSafeModeManager (HealthyPipelineSafeModeRule.java:process(137)) - SCM in safe mode. Healthy pipelines reported count is 0, required healthy pipeline reported count is 1
2022-09-30 13:41:07,495 [EventQueue-OpenPipelineForHealthyPipelineSafeModeRule] INFO  safemode.SCMSafeModeManager (HealthyPipelineSafeModeRule.java:process(137)) - SCM in safe mode. Healthy pipelines reported count is 0, required healthy pipeline reported count is 1
2022-09-30 13:41:07,609 [EventQueue-OpenPipelineForHealthyPipelineSafeModeRule] INFO  safemode.SCMSafeModeManager (HealthyPipelineSafeModeRule.java:process(137)) - SCM in safe mode. Healthy pipelines reported count is 0, required healthy pipeline reported count is 1
2022-09-30 13:41:07,696 [EventQueue-OpenPipelineForHealthyPipelineSafeModeRule] INFO  safemode.SCMSafeModeManager (HealthyPipelineSafeModeRule.java:process(137)) - SCM in safe mode. Healthy pipelines reported count is 0, required healthy pipeline reported count is 1
2022-09-30 13:41:07,784 [e1f0d285-df31-43ff-9499-3cdda764b68e@group-6228FFB76884-FollowerState] INFO  impl.FollowerState (FollowerState.java:run(143)) - e1f0d285-df31-43ff-9499-3cdda764b68e@group-6228FFB76884-FollowerState: change to CANDIDATE, lastRpcElapsedTime:5098969441ns, electionTimeout:5097ms
2022-09-30 13:41:07,785 [e1f0d285-df31-43ff-9499-3cdda764b68e@group-6228FFB76884-FollowerState] INFO  impl.RoleInfo (RoleInfo.java:shutdownFollowerState(110)) - e1f0d285-df31-43ff-9499-3cdda764b68e: shutdown e1f0d285-df31-43ff-9499-3cdda764b68e@group-6228FFB76884-FollowerState
2022-09-30 13:41:07,785 [e1f0d285-df31-43ff-9499-3cdda764b68e@group-6228FFB76884-FollowerState] INFO  server.RaftServer$Division (RaftServerImpl.java:setRole(299)) - e1f0d285-df31-43ff-9499-3cdda764b68e@group-6228FFB76884: changes role from  FOLLOWER to CANDIDATE at term 0 for changeToCandidate
2022-09-30 13:41:07,785 [e1f0d285-df31-43ff-9499-3cdda764b68e@group-6228FFB76884-FollowerState] INFO  server.RaftServerConfigKeys (ConfUtils.java:logGet(46)) - raft.server.leaderelection.pre-vote = false (custom)
2022-09-30 13:41:07,785 [e1f0d285-df31-43ff-9499-3cdda764b68e@group-6228FFB76884-FollowerState] INFO  impl.RoleInfo (RoleInfo.java:updateAndGet(139)) - e1f0d285-df31-43ff-9499-3cdda764b68e: start e1f0d285-df31-43ff-9499-3cdda764b68e@group-6228FFB76884-LeaderElection29
2022-09-30 13:41:07,793 [e1f0d285-df31-43ff-9499-3cdda764b68e@group-6228FFB76884-LeaderElection29] INFO  impl.LeaderElection (LeaderElection.java:askForVotes(310)) - e1f0d285-df31-43ff-9499-3cdda764b68e@group-6228FFB76884-LeaderElection29 ELECTION round 0: submit vote requests at term 1 for -1: [e1f0d285-df31-43ff-9499-3cdda764b68e|rpc:10.1.0.210:37835|priority:1], old=null
2022-09-30 13:41:07,794 [e1f0d285-df31-43ff-9499-3cdda764b68e@group-6228FFB76884-LeaderElection29] INFO  impl.LeaderElection (LeaderElection.java:askForVotes(312)) - e1f0d285-df31-43ff-9499-3cdda764b68e@group-6228FFB76884-LeaderElection29 ELECTION round 0: result PASSED (term=1)
2022-09-30 13:41:07,794 [e1f0d285-df31-43ff-9499-3cdda764b68e@group-6228FFB76884-LeaderElection29] INFO  impl.RoleInfo (RoleInfo.java:shutdownLeaderElection(130)) - e1f0d285-df31-43ff-9499-3cdda764b68e: shutdown e1f0d285-df31-43ff-9499-3cdda764b68e@group-6228FFB76884-LeaderElection29
2022-09-30 13:41:07,794 [e1f0d285-df31-43ff-9499-3cdda764b68e@group-6228FFB76884-LeaderElection29] INFO  server.RaftServer$Division (RaftServerImpl.java:setRole(299)) - e1f0d285-df31-43ff-9499-3cdda764b68e@group-6228FFB76884: changes role from CANDIDATE to LEADER at term 1 for changeToLeader
2022-09-30 13:41:07,794 [e1f0d285-df31-43ff-9499-3cdda764b68e@group-6228FFB76884-LeaderElection29] INFO  ratis.XceiverServerRatis (XceiverServerRatis.java:handleLeaderChangedNotification(863)) - Leader change notification received for group: group-6228FFB76884 with new leaderId: e1f0d285-df31-43ff-9499-3cdda764b68e
2022-09-30 13:41:07,794 [e1f0d285-df31-43ff-9499-3cdda764b68e@group-6228FFB76884-LeaderElection29] INFO  server.RaftServer$Division (ServerState.java:setLeader(287)) - e1f0d285-df31-43ff-9499-3cdda764b68e@group-6228FFB76884: change Leader from null to e1f0d285-df31-43ff-9499-3cdda764b68e at term 1 for becomeLeader, leader elected after 5117ms
2022-09-30 13:41:07,794 [e1f0d285-df31-43ff-9499-3cdda764b68e@group-6228FFB76884-LeaderElection29] INFO  server.RaftServerConfigKeys (ConfUtils.java:logGet(46)) - raft.server.staging.catchup.gap = 1000 (default)
2022-09-30 13:41:07,795 [e1f0d285-df31-43ff-9499-3cdda764b68e@group-6228FFB76884-LeaderElection29] INFO  server.RaftServerConfigKeys (ConfUtils.java:logGet(46)) - raft.server.write.element-limit = 1024 (custom)
2022-09-30 13:41:07,795 [e1f0d285-df31-43ff-9499-3cdda764b68e@group-6228FFB76884-LeaderElection29] INFO  server.RaftServerConfigKeys (ConfUtils.java:logGet(46)) - raft.server.write.byte-limit = 1024 M (=1073741824) (custom)
2022-09-30 13:41:07,795 [e1f0d285-df31-43ff-9499-3cdda764b68e@group-6228FFB76884-LeaderElection29] INFO  server.RaftServerConfigKeys (ConfUtils.java:logGet(46)) - raft.server.watch.timeout = 180s (custom)
2022-09-30 13:41:07,795 [e1f0d285-df31-43ff-9499-3cdda764b68e@group-6228FFB76884-LeaderElection29] INFO  server.RaftServerConfigKeys (ConfUtils.java:logGet(46)) - raft.server.watch.timeout.denomination = 1s (default)
2022-09-30 13:41:07,798 [EventQueue-OpenPipelineForHealthyPipelineSafeModeRule] INFO  safemode.SCMSafeModeManager (HealthyPipelineSafeModeRule.java:process(137)) - SCM in safe mode. Healthy pipelines reported count is 0, required healthy pipeline reported count is 1
2022-09-30 13:41:07,802 [e1f0d285-df31-43ff-9499-3cdda764b68e@group-6228FFB76884-LeaderElection29] INFO  server.RaftServerConfigKeys (ConfUtils.java:logGet(46)) - raft.server.watch.element-limit = 65536 (default)
2022-09-30 13:41:07,802 [e1f0d285-df31-43ff-9499-3cdda764b68e@group-6228FFB76884-LeaderElection29] INFO  server.RaftServerConfigKeys (ConfUtils.java:logGet(46)) - raft.server.write.element-limit = 1024 (custom)
2022-09-30 13:41:07,802 [e1f0d285-df31-43ff-9499-3cdda764b68e@group-6228FFB76884-LeaderElection29] INFO  server.RaftServerConfigKeys (ConfUtils.java:logGet(46)) - raft.server.write.follower.gap.ratio.max = -1.0 (default)
2022-09-30 13:41:07,802 [e1f0d285-df31-43ff-9499-3cdda764b68e@group-6228FFB76884-LeaderElection29] INFO  impl.RoleInfo (RoleInfo.java:updateAndGet(139)) - e1f0d285-df31-43ff-9499-3cdda764b68e: start e1f0d285-df31-43ff-9499-3cdda764b68e@group-6228FFB76884-LeaderStateImpl
2022-09-30 13:41:07,803 [e1f0d285-df31-43ff-9499-3cdda764b68e@group-6228FFB76884-LeaderElection29] INFO  segmented.SegmentedRaftLogWorker (SegmentedRaftLogWorker.java:startLogSegment(425)) - e1f0d285-df31-43ff-9499-3cdda764b68e@group-6228FFB76884-SegmentedRaftLogWorker: Starting segment from index:0
2022-09-30 13:41:07,808 [e1f0d285-df31-43ff-9499-3cdda764b68e@group-6228FFB76884-LeaderElection29] INFO  server.RaftServer$Division (ServerState.java:setRaftConf(393)) - e1f0d285-df31-43ff-9499-3cdda764b68e@group-6228FFB76884: set configuration 0: [e1f0d285-df31-43ff-9499-3cdda764b68e|rpc:10.1.0.210:37835|dataStream:|priority:1], old=null
2022-09-30 13:41:07,810 [e1f0d285-df31-43ff-9499-3cdda764b68e@group-6228FFB76884-SegmentedRaftLogWorker] INFO  segmented.SegmentedRaftLogWorker (SegmentedRaftLogWorker.java:execute(629)) - e1f0d285-df31-43ff-9499-3cdda764b68e@group-6228FFB76884-SegmentedRaftLogWorker: created new log segment /home/runner/work/ozone/ozone/hadoop-ozone/integration-test/target/test-dir/MiniOzoneClusterImpl-b8847c17-62d3-4307-a1ed-7c038275c3d3/datanode-3/data/ratis/67d0783f-f847-42fb-9c95-6228ffb76884/current/log_inprogress_0
2022-09-30 13:41:07,843 [e1f0d285-df31-43ff-9499-3cdda764b68e@group-08FC9429451B-FollowerState] INFO  impl.FollowerState (FollowerState.java:run(143)) - e1f0d285-df31-43ff-9499-3cdda764b68e@group-08FC9429451B-FollowerState: change to CANDIDATE, lastRpcElapsedTime:5138477427ns, electionTimeout:5131ms
2022-09-30 13:41:07,843 [e1f0d285-df31-43ff-9499-3cdda764b68e@group-08FC9429451B-FollowerState] INFO  impl.RoleInfo (RoleInfo.java:shutdownFollowerState(110)) - e1f0d285-df31-43ff-9499-3cdda764b68e: shutdown e1f0d285-df31-43ff-9499-3cdda764b68e@group-08FC9429451B-FollowerState
2022-09-30 13:41:07,843 [e1f0d285-df31-43ff-9499-3cdda764b68e@group-08FC9429451B-FollowerState] INFO  server.RaftServer$Division (RaftServerImpl.java:setRole(299)) - e1f0d285-df31-43ff-9499-3cdda764b68e@group-08FC9429451B: changes role from  FOLLOWER to CANDIDATE at term 0 for changeToCandidate
2022-09-30 13:41:07,843 [e1f0d285-df31-43ff-9499-3cdda764b68e@group-08FC9429451B-FollowerState] INFO  server.RaftServerConfigKeys (ConfUtils.java:logGet(46)) - raft.server.leaderelection.pre-vote = false (custom)
2022-09-30 13:41:07,844 [e1f0d285-df31-43ff-9499-3cdda764b68e@group-08FC9429451B-FollowerState] INFO  impl.RoleInfo (RoleInfo.java:updateAndGet(139)) - e1f0d285-df31-43ff-9499-3cdda764b68e: start e1f0d285-df31-43ff-9499-3cdda764b68e@group-08FC9429451B-LeaderElection30
2022-09-30 13:41:07,850 [e1f0d285-df31-43ff-9499-3cdda764b68e@group-08FC9429451B-LeaderElection30] INFO  impl.LeaderElection (LeaderElection.java:askForVotes(310)) - e1f0d285-df31-43ff-9499-3cdda764b68e@group-08FC9429451B-LeaderElection30 ELECTION round 0: submit vote requests at term 1 for -1: [2f2aa734-5659-47cb-9e8c-97447fb3d532|rpc:10.1.0.210:39967|priority:0, 1a0b3960-301a-4947-868f-ac6db93c3e0a|rpc:10.1.0.210:38269|priority:1, e1f0d285-df31-43ff-9499-3cdda764b68e|rpc:10.1.0.210:37835|priority:0], old=null
2022-09-30 13:41:07,857 [1a0b3960-301a-4947-868f-ac6db93c3e0a@group-08FC9429451B-FollowerState] INFO  impl.FollowerState (FollowerState.java:run(143)) - 1a0b3960-301a-4947-868f-ac6db93c3e0a@group-08FC9429451B-FollowerState: change to CANDIDATE, lastRpcElapsedTime:5033800216ns, electionTimeout:5031ms
2022-09-30 13:41:07,857 [1a0b3960-301a-4947-868f-ac6db93c3e0a@group-08FC9429451B-FollowerState] INFO  impl.RoleInfo (RoleInfo.java:shutdownFollowerState(110)) - 1a0b3960-301a-4947-868f-ac6db93c3e0a: shutdown 1a0b3960-301a-4947-868f-ac6db93c3e0a@group-08FC9429451B-FollowerState
2022-09-30 13:41:07,857 [1a0b3960-301a-4947-868f-ac6db93c3e0a@group-08FC9429451B-FollowerState] INFO  server.RaftServer$Division (RaftServerImpl.java:setRole(299)) - 1a0b3960-301a-4947-868f-ac6db93c3e0a@group-08FC9429451B: changes role from  FOLLOWER to CANDIDATE at term 0 for changeToCandidate
2022-09-30 13:41:07,857 [1a0b3960-301a-4947-868f-ac6db93c3e0a@group-08FC9429451B-FollowerState] INFO  server.RaftServerConfigKeys (ConfUtils.java:logGet(46)) - raft.server.leaderelection.pre-vote = false (custom)
2022-09-30 13:41:07,858 [1a0b3960-301a-4947-868f-ac6db93c3e0a@group-08FC9429451B-FollowerState] INFO  impl.RoleInfo (RoleInfo.java:updateAndGet(139)) - 1a0b3960-301a-4947-868f-ac6db93c3e0a: start 1a0b3960-301a-4947-868f-ac6db93c3e0a@group-08FC9429451B-LeaderElection31
2022-09-30 13:41:07,858 [grpc-default-executor-1] INFO  server.RaftServer$Division (RaftServerImpl.java:requestVote(1152)) - 1a0b3960-301a-4947-868f-ac6db93c3e0a@group-08FC9429451B: receive requestVote(ELECTION, e1f0d285-df31-43ff-9499-3cdda764b68e, group-08FC9429451B, 1, (t:0, i:0))
2022-09-30 13:41:07,869 [grpc-default-executor-1] INFO  impl.VoteContext (VoteContext.java:log(48)) - 1a0b3960-301a-4947-868f-ac6db93c3e0a@group-08FC9429451B-CANDIDATE: reject ELECTION from e1f0d285-df31-43ff-9499-3cdda764b68e: our priority 1 > candidate's priority 0
2022-09-30 13:41:07,869 [grpc-default-executor-1] INFO  server.RaftServer$Division (RaftServerImpl.java:setRole(299)) - 1a0b3960-301a-4947-868f-ac6db93c3e0a@group-08FC9429451B: changes role from CANDIDATE to FOLLOWER at term 1 for candidate:e1f0d285-df31-43ff-9499-3cdda764b68e
2022-09-30 13:41:07,869 [grpc-default-executor-1] INFO  impl.RoleInfo (RoleInfo.java:shutdownLeaderElection(130)) - 1a0b3960-301a-4947-868f-ac6db93c3e0a: shutdown 1a0b3960-301a-4947-868f-ac6db93c3e0a@group-08FC9429451B-LeaderElection31
2022-09-30 13:41:07,869 [grpc-default-executor-1] INFO  impl.RoleInfo (RoleInfo.java:updateAndGet(139)) - 1a0b3960-301a-4947-868f-ac6db93c3e0a: start 1a0b3960-301a-4947-868f-ac6db93c3e0a@group-08FC9429451B-FollowerState
2022-09-30 13:41:07,870 [1a0b3960-301a-4947-868f-ac6db93c3e0a@group-08FC9429451B-LeaderElection31] INFO  impl.LeaderElection (LeaderElection.java:run(231)) - 1a0b3960-301a-4947-868f-ac6db93c3e0a@group-08FC9429451B-LeaderElection31: skip running since this is already CLOSING
2022-09-30 13:41:07,872 [grpc-default-executor-1] INFO  server.RaftServer$Division (RaftServerImpl.java:requestVote(1184)) - 1a0b3960-301a-4947-868f-ac6db93c3e0a@group-08FC9429451B replies to ELECTION vote request: e1f0d285-df31-43ff-9499-3cdda764b68e<-1a0b3960-301a-4947-868f-ac6db93c3e0a#0:FAIL-t1. Peer's state: 1a0b3960-301a-4947-868f-ac6db93c3e0a@group-08FC9429451B:t1, leader=null, voted=null, raftlog=1a0b3960-301a-4947-868f-ac6db93c3e0a@group-08FC9429451B-SegmentedRaftLog:OPENED:c-1, conf=-1: [2f2aa734-5659-47cb-9e8c-97447fb3d532|rpc:10.1.0.210:39967|dataStream:|priority:0, 1a0b3960-301a-4947-868f-ac6db93c3e0a|rpc:10.1.0.210:38269|dataStream:|priority:1, e1f0d285-df31-43ff-9499-3cdda764b68e|rpc:10.1.0.210:37835|dataStream:|priority:0], old=null
2022-09-30 13:41:07,873 [e1f0d285-df31-43ff-9499-3cdda764b68e@group-08FC9429451B-LeaderElection30] INFO  impl.LeaderElection (LeaderElection.java:logAndReturn(90)) - e1f0d285-df31-43ff-9499-3cdda764b68e@group-08FC9429451B-LeaderElection30: ELECTION REJECTED received 1 response(s) and 0 exception(s):
2022-09-30 13:41:07,873 [e1f0d285-df31-43ff-9499-3cdda764b68e@group-08FC9429451B-LeaderElection30] INFO  impl.LeaderElection (LeaderElection.java:logAndReturn(94)) -   Response 0: e1f0d285-df31-43ff-9499-3cdda764b68e<-1a0b3960-301a-4947-868f-ac6db93c3e0a#0:FAIL-t1
2022-09-30 13:41:07,873 [e1f0d285-df31-43ff-9499-3cdda764b68e@group-08FC9429451B-LeaderElection30] INFO  impl.LeaderElection (LeaderElection.java:askForVotes(312)) - e1f0d285-df31-43ff-9499-3cdda764b68e@group-08FC9429451B-LeaderElection30 ELECTION round 0: result REJECTED
2022-09-30 13:41:07,873 [grpc-default-executor-1] INFO  server.RaftServer$Division (RaftServerImpl.java:requestVote(1152)) - 2f2aa734-5659-47cb-9e8c-97447fb3d532@group-08FC9429451B: receive requestVote(ELECTION, e1f0d285-df31-43ff-9499-3cdda764b68e, group-08FC9429451B, 1, (t:0, i:0))
2022-09-30 13:41:07,873 [grpc-default-executor-1] INFO  impl.VoteContext (VoteContext.java:log(48)) - 2f2aa734-5659-47cb-9e8c-97447fb3d532@group-08FC9429451B-FOLLOWER: accept ELECTION from e1f0d285-df31-43ff-9499-3cdda764b68e: our priority 0 <= candidate's priority 0
2022-09-30 13:41:07,873 [e1f0d285-df31-43ff-9499-3cdda764b68e@group-08FC9429451B-LeaderElection30] INFO  server.RaftServer$Division (RaftServerImpl.java:setRole(299)) - e1f0d285-df31-43ff-9499-3cdda764b68e@group-08FC9429451B: changes role from CANDIDATE to FOLLOWER at term 1 for REJECTED
2022-09-30 13:41:07,873 [grpc-default-executor-1] INFO  server.RaftServer$Division (RaftServerImpl.java:setRole(299)) - 2f2aa734-5659-47cb-9e8c-97447fb3d532@group-08FC9429451B: changes role from  FOLLOWER to FOLLOWER at term 1 for candidate:e1f0d285-df31-43ff-9499-3cdda764b68e
2022-09-30 13:41:07,873 [e1f0d285-df31-43ff-9499-3cdda764b68e@group-08FC9429451B-LeaderElection30] INFO  impl.RoleInfo (RoleInfo.java:shutdownLeaderElection(130)) - e1f0d285-df31-43ff-9499-3cdda764b68e: shutdown e1f0d285-df31-43ff-9499-3cdda764b68e@group-08FC9429451B-LeaderElection30
2022-09-30 13:41:07,873 [grpc-default-executor-1] INFO  impl.RoleInfo (RoleInfo.java:shutdownFollowerState(110)) - 2f2aa734-5659-47cb-9e8c-97447fb3d532: shutdown 2f2aa734-5659-47cb-9e8c-97447fb3d532@group-08FC9429451B-FollowerState
2022-09-30 13:41:07,873 [e1f0d285-df31-43ff-9499-3cdda764b68e@group-08FC9429451B-LeaderElection30] INFO  impl.RoleInfo (RoleInfo.java:updateAndGet(139)) - e1f0d285-df31-43ff-9499-3cdda764b68e: start e1f0d285-df31-43ff-9499-3cdda764b68e@group-08FC9429451B-FollowerState
2022-09-30 13:41:07,873 [grpc-default-executor-1] INFO  impl.RoleInfo (RoleInfo.java:updateAndGet(139)) - 2f2aa734-5659-47cb-9e8c-97447fb3d532: start 2f2aa734-5659-47cb-9e8c-97447fb3d532@group-08FC9429451B-FollowerState
2022-09-30 13:41:07,873 [2f2aa734-5659-47cb-9e8c-97447fb3d532@group-08FC9429451B-FollowerState] INFO  impl.FollowerState (FollowerState.java:run(152)) - 2f2aa734-5659-47cb-9e8c-97447fb3d532@group-08FC9429451B-FollowerState was interrupted
2022-09-30 13:41:07,887 [grpc-default-executor-1] INFO  server.RaftServer$Division (RaftServerImpl.java:requestVote(1184)) - 2f2aa734-5659-47cb-9e8c-97447fb3d532@group-08FC9429451B replies to ELECTION vote request: e1f0d285-df31-43ff-9499-3cdda764b68e<-2f2aa734-5659-47cb-9e8c-97447fb3d532#0:OK-t1. Peer's state: 2f2aa734-5659-47cb-9e8c-97447fb3d532@group-08FC9429451B:t1, leader=null, voted=e1f0d285-df31-43ff-9499-3cdda764b68e, raftlog=2f2aa734-5659-47cb-9e8c-97447fb3d532@group-08FC9429451B-SegmentedRaftLog:OPENED:c-1, conf=-1: [2f2aa734-5659-47cb-9e8c-97447fb3d532|rpc:10.1.0.210:39967|dataStream:|priority:0, 1a0b3960-301a-4947-868f-ac6db93c3e0a|rpc:10.1.0.210:38269|dataStream:|priority:1, e1f0d285-df31-43ff-9499-3cdda764b68e|rpc:10.1.0.210:37835|dataStream:|priority:0], old=null
2022-09-30 13:41:07,932 [ReplicationMonitor] INFO  replication.ReplicationManager (ReplicationManager.java:processAll(291)) - Replication Manager is not ready to run until 3000ms after safemode exit
2022-09-30 13:41:07,981 [Under Replicated Processor] INFO  replication.UnderReplicatedProcessor (UnderReplicatedProcessor.java:processAll(92)) - Processed 0 under replicated containers, failed processing 0
2022-09-30 13:41:08,020 [Over Replicated Processor] INFO  replication.OverReplicatedProcessor (OverReplicatedProcessor.java:processAll(90)) - Processed 0 over replicated containers, failed processing 0
2022-09-30 13:41:08,073 [ReplicationMonitor] INFO  replication.ReplicationManager (ReplicationManager.java:processAll(324)) - Replication Monitor Thread took 0 milliseconds for processing 8 containers.
2022-09-30 13:41:08,272 [Listener at 127.0.0.1/45417] INFO  ozone.MiniOzoneClusterImpl (MiniOzoneClusterImpl.java:lambda$waitForClusterToBeReady$0(216)) - Nodes are ready. Got 7 of 7 DN Heartbeats.
2022-09-30 13:41:08,272 [Listener at 127.0.0.1/45417] INFO  ozone.MiniOzoneClusterImpl (MiniOzoneClusterImpl.java:lambda$waitForClusterToBeReady$0(219)) - Waiting for cluster to exit safe mode
2022-09-30 13:41:08,272 [Listener at 127.0.0.1/45417] INFO  ozone.MiniOzoneClusterImpl (MiniOzoneClusterImpl.java:lambda$waitForClusterToBeReady$0(221)) - SCM became leader
2022-09-30 13:41:08,323 [EventQueue-OpenPipelineForHealthyPipelineSafeModeRule] INFO  safemode.SCMSafeModeManager (HealthyPipelineSafeModeRule.java:process(137)) - SCM in safe mode. Healthy pipelines reported count is 0, required healthy pipeline reported count is 1
2022-09-30 13:41:08,409 [EventQueue-OpenPipelineForHealthyPipelineSafeModeRule] INFO  safemode.SCMSafeModeManager (HealthyPipelineSafeModeRule.java:process(137)) - SCM in safe mode. Healthy pipelines reported count is 0, required healthy pipeline reported count is 1
2022-09-30 13:41:08,608 [EventQueue-OpenPipelineForHealthyPipelineSafeModeRule] INFO  safemode.SCMSafeModeManager (HealthyPipelineSafeModeRule.java:process(137)) - SCM in safe mode. Healthy pipelines reported count is 0, required healthy pipeline reported count is 1
2022-09-30 13:41:08,685 [1a0b3960-301a-4947-868f-ac6db93c3e0a@group-FCADA1E2E3CF-FollowerState] INFO  impl.FollowerState (FollowerState.java:run(143)) - 1a0b3960-301a-4947-868f-ac6db93c3e0a@group-FCADA1E2E3CF-FollowerState: change to CANDIDATE, lastRpcElapsedTime:5066182131ns, electionTimeout:5065ms
2022-09-30 13:41:08,686 [1a0b3960-301a-4947-868f-ac6db93c3e0a@group-FCADA1E2E3CF-FollowerState] INFO  impl.RoleInfo (RoleInfo.java:shutdownFollowerState(110)) - 1a0b3960-301a-4947-868f-ac6db93c3e0a: shutdown 1a0b3960-301a-4947-868f-ac6db93c3e0a@group-FCADA1E2E3CF-FollowerState
2022-09-30 13:41:08,686 [1a0b3960-301a-4947-868f-ac6db93c3e0a@group-FCADA1E2E3CF-FollowerState] INFO  server.RaftServer$Division (RaftServerImpl.java:setRole(299)) - 1a0b3960-301a-4947-868f-ac6db93c3e0a@group-FCADA1E2E3CF: changes role from  FOLLOWER to CANDIDATE at term 0 for changeToCandidate
2022-09-30 13:41:08,686 [1a0b3960-301a-4947-868f-ac6db93c3e0a@group-FCADA1E2E3CF-FollowerState] INFO  server.RaftServerConfigKeys (ConfUtils.java:logGet(46)) - raft.server.leaderelection.pre-vote = false (custom)
2022-09-30 13:41:08,686 [1a0b3960-301a-4947-868f-ac6db93c3e0a@group-FCADA1E2E3CF-FollowerState] INFO  impl.RoleInfo (RoleInfo.java:updateAndGet(139)) - 1a0b3960-301a-4947-868f-ac6db93c3e0a: start 1a0b3960-301a-4947-868f-ac6db93c3e0a@group-FCADA1E2E3CF-LeaderElection32
2022-09-30 13:41:08,692 [1a0b3960-301a-4947-868f-ac6db93c3e0a@group-FCADA1E2E3CF-LeaderElection32] INFO  impl.LeaderElection (LeaderElection.java:askForVotes(310)) - 1a0b3960-301a-4947-868f-ac6db93c3e0a@group-FCADA1E2E3CF-LeaderElection32 ELECTION round 0: submit vote requests at term 1 for -1: [1a0b3960-301a-4947-868f-ac6db93c3e0a|rpc:10.1.0.210:38269|priority:1], old=null
2022-09-30 13:41:08,692 [1a0b3960-301a-4947-868f-ac6db93c3e0a@group-FCADA1E2E3CF-LeaderElection32] INFO  impl.LeaderElection (LeaderElection.java:askForVotes(312)) - 1a0b3960-301a-4947-868f-ac6db93c3e0a@group-FCADA1E2E3CF-LeaderElection32 ELECTION round 0: result PASSED (term=1)
2022-09-30 13:41:08,692 [1a0b3960-301a-4947-868f-ac6db93c3e0a@group-FCADA1E2E3CF-LeaderElection32] INFO  impl.RoleInfo (RoleInfo.java:shutdownLeaderElection(130)) - 1a0b3960-301a-4947-868f-ac6db93c3e0a: shutdown 1a0b3960-301a-4947-868f-ac6db93c3e0a@group-FCADA1E2E3CF-LeaderElection32
2022-09-30 13:41:08,692 [1a0b3960-301a-4947-868f-ac6db93c3e0a@group-FCADA1E2E3CF-LeaderElection32] INFO  server.RaftServer$Division (RaftServerImpl.java:setRole(299)) - 1a0b3960-301a-4947-868f-ac6db93c3e0a@group-FCADA1E2E3CF: changes role from CANDIDATE to LEADER at term 1 for changeToLeader
2022-09-30 13:41:08,692 [1a0b3960-301a-4947-868f-ac6db93c3e0a@group-FCADA1E2E3CF-LeaderElection32] INFO  ratis.XceiverServerRatis (XceiverServerRatis.java:handleLeaderChangedNotification(863)) - Leader change notification received for group: group-FCADA1E2E3CF with new leaderId: 1a0b3960-301a-4947-868f-ac6db93c3e0a
2022-09-30 13:41:08,693 [1a0b3960-301a-4947-868f-ac6db93c3e0a@group-FCADA1E2E3CF-LeaderElection32] INFO  server.RaftServer$Division (ServerState.java:setLeader(287)) - 1a0b3960-301a-4947-868f-ac6db93c3e0a@group-FCADA1E2E3CF: change Leader from null to 1a0b3960-301a-4947-868f-ac6db93c3e0a at term 1 for becomeLeader, leader elected after 5080ms
2022-09-30 13:41:08,693 [1a0b3960-301a-4947-868f-ac6db93c3e0a@group-FCADA1E2E3CF-LeaderElection32] INFO  server.RaftServerConfigKeys (ConfUtils.java:logGet(46)) - raft.server.staging.catchup.gap = 1000 (default)
2022-09-30 13:41:08,693 [1a0b3960-301a-4947-868f-ac6db93c3e0a@group-FCADA1E2E3CF-LeaderElection32] INFO  server.RaftServerConfigKeys (ConfUtils.java:logGet(46)) - raft.server.write.element-limit = 1024 (custom)
2022-09-30 13:41:08,693 [1a0b3960-301a-4947-868f-ac6db93c3e0a@group-FCADA1E2E3CF-LeaderElection32] INFO  server.RaftServerConfigKeys (ConfUtils.java:logGet(46)) - raft.server.write.byte-limit = 1024 M (=1073741824) (custom)
2022-09-30 13:41:08,694 [1a0b3960-301a-4947-868f-ac6db93c3e0a@group-FCADA1E2E3CF-LeaderElection32] INFO  server.RaftServerConfigKeys (ConfUtils.java:logGet(46)) - raft.server.watch.timeout = 180s (custom)
2022-09-30 13:41:08,694 [1a0b3960-301a-4947-868f-ac6db93c3e0a@group-FCADA1E2E3CF-LeaderElection32] INFO  server.RaftServerConfigKeys (ConfUtils.java:logGet(46)) - raft.server.watch.timeout.denomination = 1s (default)
2022-09-30 13:41:08,694 [EventQueue-OpenPipelineForHealthyPipelineSafeModeRule] INFO  safemode.SCMSafeModeManager (HealthyPipelineSafeModeRule.java:process(137)) - SCM in safe mode. Healthy pipelines reported count is 0, required healthy pipeline reported count is 1
2022-09-30 13:41:08,694 [1a0b3960-301a-4947-868f-ac6db93c3e0a@group-FCADA1E2E3CF-LeaderElection32] INFO  server.RaftServerConfigKeys (ConfUtils.java:logGet(46)) - raft.server.watch.element-limit = 65536 (default)
2022-09-30 13:41:08,694 [1a0b3960-301a-4947-868f-ac6db93c3e0a@group-FCADA1E2E3CF-LeaderElection32] INFO  server.RaftServerConfigKeys (ConfUtils.java:logGet(46)) - raft.server.write.element-limit = 1024 (custom)
2022-09-30 13:41:08,694 [1a0b3960-301a-4947-868f-ac6db93c3e0a@group-FCADA1E2E3CF-LeaderElection32] INFO  server.RaftServerConfigKeys (ConfUtils.java:logGet(46)) - raft.server.write.follower.gap.ratio.max = -1.0 (default)
2022-09-30 13:41:08,694 [1a0b3960-301a-4947-868f-ac6db93c3e0a@group-FCADA1E2E3CF-LeaderElection32] INFO  impl.RoleInfo (RoleInfo.java:updateAndGet(139)) - 1a0b3960-301a-4947-868f-ac6db93c3e0a: start 1a0b3960-301a-4947-868f-ac6db93c3e0a@group-FCADA1E2E3CF-LeaderStateImpl
2022-09-30 13:41:08,695 [1a0b3960-301a-4947-868f-ac6db93c3e0a@group-FCADA1E2E3CF-LeaderElection32] INFO  segmented.SegmentedRaftLogWorker (SegmentedRaftLogWorker.java:startLogSegment(425)) - 1a0b3960-301a-4947-868f-ac6db93c3e0a@group-FCADA1E2E3CF-SegmentedRaftLogWorker: Starting segment from index:0
2022-09-30 13:41:08,702 [1a0b3960-301a-4947-868f-ac6db93c3e0a@group-FCADA1E2E3CF-LeaderElection32] INFO  server.RaftServer$Division (ServerState.java:setRaftConf(393)) - 1a0b3960-301a-4947-868f-ac6db93c3e0a@group-FCADA1E2E3CF: set configuration 0: [1a0b3960-301a-4947-868f-ac6db93c3e0a|rpc:10.1.0.210:38269|dataStream:|priority:1], old=null
2022-09-30 13:41:08,704 [1a0b3960-301a-4947-868f-ac6db93c3e0a@group-FCADA1E2E3CF-SegmentedRaftLogWorker] INFO  segmented.SegmentedRaftLogWorker (SegmentedRaftLogWorker.java:execute(629)) - 1a0b3960-301a-4947-868f-ac6db93c3e0a@group-FCADA1E2E3CF-SegmentedRaftLogWorker: created new log segment /home/runner/work/ozone/ozone/hadoop-ozone/integration-test/target/test-dir/MiniOzoneClusterImpl-b8847c17-62d3-4307-a1ed-7c038275c3d3/datanode-4/data/ratis/bb5bdff9-1027-46eb-9d01-fcada1e2e3cf/current/log_inprogress_0
2022-09-30 13:41:08,796 [EventQueue-OpenPipelineForHealthyPipelineSafeModeRule] INFO  safemode.SCMSafeModeManager (HealthyPipelineSafeModeRule.java:process(137)) - SCM in safe mode. Healthy pipelines reported count is 0, required healthy pipeline reported count is 1
2022-09-30 13:41:08,803 [EventQueue-OpenPipelineForHealthyPipelineSafeModeRule] INFO  safemode.SCMSafeModeManager (HealthyPipelineSafeModeRule.java:process(137)) - SCM in safe mode. Healthy pipelines reported count is 0, required healthy pipeline reported count is 1
2022-09-30 13:41:08,932 [ReplicationMonitor] INFO  replication.ReplicationManager (ReplicationManager.java:processAll(291)) - Replication Manager is not ready to run until 3000ms after safemode exit
2022-09-30 13:41:08,972 [Command processor thread] INFO  server.RaftServer (RaftServerProxy.java:addNew(96)) - 93a726fc-a128-4d5e-9b28-98a1d7a8eb0c: addNew group-99B1B5F2F1F1:[97e8c787-6023-4421-819a-0b5ced458c94|rpc:10.1.0.210:36437|priority:0, 62666bfa-5b48-4194-8431-0a6941154381|rpc:10.1.0.210:41785|priority:0, 93a726fc-a128-4d5e-9b28-98a1d7a8eb0c|rpc:10.1.0.210:43289|priority:1] returns group-99B1B5F2F1F1:java.util.concurrent.CompletableFuture@4fa6cdce[Not completed]
2022-09-30 13:41:08,974 [pool-214-thread-1] INFO  server.RaftServer$Division (RaftServerImpl.java:<init>(190)) - 93a726fc-a128-4d5e-9b28-98a1d7a8eb0c: new RaftServerImpl for group-99B1B5F2F1F1:[97e8c787-6023-4421-819a-0b5ced458c94|rpc:10.1.0.210:36437|priority:0, 62666bfa-5b48-4194-8431-0a6941154381|rpc:10.1.0.210:41785|priority:0, 93a726fc-a128-4d5e-9b28-98a1d7a8eb0c|rpc:10.1.0.210:43289|priority:1] with ContainerStateMachine:uninitialized
2022-09-30 13:41:08,974 [pool-214-thread-1] INFO  server.RaftServerConfigKeys (ConfUtils.java:logGet(46)) - raft.server.rpc.timeout.min = 5s (custom)
2022-09-30 13:41:08,974 [pool-214-thread-1] INFO  server.RaftServerConfigKeys (ConfUtils.java:logGet(46)) - raft.server.rpc.timeout.max = 5200ms (custom)
2022-09-30 13:41:08,974 [pool-214-thread-1] INFO  server.RaftServerConfigKeys (ConfUtils.java:logGet(46)) - raft.server.rpc.sleep.time = 25ms (default)
2022-09-30 13:41:08,974 [pool-214-thread-1] INFO  server.RaftServerConfigKeys (ConfUtils.java:logGet(46)) - raft.server.rpc.slowness.timeout = 300s (custom)
2022-09-30 13:41:08,974 [pool-214-thread-1] INFO  server.RaftServerConfigKeys (ConfUtils.java:logGet(46)) - raft.server.leaderelection.leader.step-down.wait-time = 10s (default)
2022-09-30 13:41:08,975 [pool-214-thread-1] INFO  server.RaftServerConfigKeys (ConfUtils.java:logGet(46)) - raft.server.sleep.deviation.threshold = 300ms (default)
2022-09-30 13:41:08,975 [pool-214-thread-1] INFO  server.RaftServer$Division (ServerState.java:<init>(107)) - 93a726fc-a128-4d5e-9b28-98a1d7a8eb0c@group-99B1B5F2F1F1: ConfigurationManager, init=-1: [97e8c787-6023-4421-819a-0b5ced458c94|rpc:10.1.0.210:36437|priority:0, 62666bfa-5b48-4194-8431-0a6941154381|rpc:10.1.0.210:41785|priority:0, 93a726fc-a128-4d5e-9b28-98a1d7a8eb0c|rpc:10.1.0.210:43289|priority:1], old=null, confs=<EMPTY_MAP>
2022-09-30 13:41:08,975 [pool-214-thread-1] INFO  server.RaftServerConfigKeys (ConfUtils.java:logGet(46)) - raft.server.storage.dir = [/home/runner/work/ozone/ozone/hadoop-ozone/integration-test/target/test-dir/MiniOzoneClusterImpl-8c4c252e-cda6-42f5-b80f-9d168f3e16cf/datanode-6/data/ratis] (custom)
2022-09-30 13:41:08,975 [pool-214-thread-1] INFO  server.RaftServerConfigKeys (ConfUtils.java:logGet(46)) - raft.server.log.corruption.policy = EXCEPTION (default)
2022-09-30 13:41:08,975 [pool-214-thread-1] INFO  server.RaftServerConfigKeys (ConfUtils.java:logGet(46)) - raft.server.storage.free-space.min = 0MB (=0) (default)
2022-09-30 13:41:08,975 [pool-214-thread-1] INFO  storage.RaftStorageDirectory (RaftStorageDirectoryImpl.java:analyzeStorage(135)) - The storage directory /home/runner/work/ozone/ozone/hadoop-ozone/integration-test/target/test-dir/MiniOzoneClusterImpl-8c4c252e-cda6-42f5-b80f-9d168f3e16cf/datanode-6/data/ratis/ae0394ab-b52d-48b1-ab04-99b1b5f2f1f1 does not exist. Creating ...
2022-09-30 13:41:08,977 [pool-214-thread-1] INFO  storage.RaftStorageDirectory (RaftStorageDirectoryImpl.java:tryLock(230)) - Lock on /home/runner/work/ozone/ozone/hadoop-ozone/integration-test/target/test-dir/MiniOzoneClusterImpl-8c4c252e-cda6-42f5-b80f-9d168f3e16cf/datanode-6/data/ratis/ae0394ab-b52d-48b1-ab04-99b1b5f2f1f1/in_use.lock acquired by nodename 61277@fv-az264-432
2022-09-30 13:41:08,979 [pool-214-thread-1] INFO  storage.RaftStorage (RaftStorageImpl.java:format(89)) - Storage directory /home/runner/work/ozone/ozone/hadoop-ozone/integration-test/target/test-dir/MiniOzoneClusterImpl-8c4c252e-cda6-42f5-b80f-9d168f3e16cf/datanode-6/data/ratis/ae0394ab-b52d-48b1-ab04-99b1b5f2f1f1 has been successfully formatted.
2022-09-30 13:41:08,979 [pool-214-thread-1] INFO  ratis.ContainerStateMachine (ContainerStateMachine.java:loadSnapshot(236)) - group-99B1B5F2F1F1: The snapshot info is null. Setting the last applied indexto:(t:0, i:~)
2022-09-30 13:41:08,980 [pool-214-thread-1] INFO  server.RaftServerConfigKeys (ConfUtils.java:logGet(46)) - raft.server.notification.no-leader.timeout = 300s (custom)
2022-09-30 13:41:08,980 [pool-214-thread-1] INFO  server.RaftServerConfigKeys (ConfUtils.java:logGet(46)) - raft.server.log.use.memory = false (default)
2022-09-30 13:41:08,980 [pool-214-thread-1] INFO  server.RaftServerConfigKeys (ConfUtils.java:logGet(46)) - raft.server.log.purge.gap = 1000000 (custom)
2022-09-30 13:41:08,980 [pool-214-thread-1] INFO  server.RaftServerConfigKeys (ConfUtils.java:logGet(46)) - raft.server.log.appender.buffer.byte-limit = 33554432 (custom)
2022-09-30 13:41:08,980 [pool-214-thread-1] INFO  server.RaftServerConfigKeys (ConfUtils.java:logGet(46)) - raft.server.log.statemachine.data.read.timeout = 1000ms (default)
2022-09-30 13:41:08,980 [pool-214-thread-1] INFO  server.RaftServerConfigKeys (ConfUtils.java:logGet(46)) - raft.server.log.segment.size.max = 1048576 (custom)
2022-09-30 13:41:08,981 [pool-214-thread-1] INFO  server.RaftServerConfigKeys (ConfUtils.java:logGet(46)) - raft.server.log.segment.cache.num.max = 2 (custom)
2022-09-30 13:41:08,981 [pool-214-thread-1] INFO  server.RaftServerConfigKeys (ConfUtils.java:logGet(46)) - raft.server.log.segment.cache.size.max = 200MB (=209715200) (default)
2022-09-30 13:41:08,981 [Under Replicated Processor] INFO  replication.UnderReplicatedProcessor (UnderReplicatedProcessor.java:processAll(92)) - Processed 0 under replicated containers, failed processing 0
2022-09-30 13:41:08,981 [pool-214-thread-1] INFO  segmented.SegmentedRaftLogWorker (SegmentedRaftLogWorker.java:<init>(187)) - new 93a726fc-a128-4d5e-9b28-98a1d7a8eb0c@group-99B1B5F2F1F1-SegmentedRaftLogWorker for RaftStorageImpl:Storage Directory /home/runner/work/ozone/ozone/hadoop-ozone/integration-test/target/test-dir/MiniOzoneClusterImpl-8c4c252e-cda6-42f5-b80f-9d168f3e16cf/datanode-6/data/ratis/ae0394ab-b52d-48b1-ab04-99b1b5f2f1f1
2022-09-30 13:41:08,981 [pool-214-thread-1] INFO  server.RaftServerConfigKeys (ConfUtils.java:logGet(46)) - raft.server.log.queue.byte-limit = 4294967296 (custom)
2022-09-30 13:41:08,981 [pool-214-thread-1] INFO  server.RaftServerConfigKeys (ConfUtils.java:logGet(46)) - raft.server.log.queue.element-limit = 1024 (custom)
2022-09-30 13:41:08,981 [pool-214-thread-1] INFO  server.RaftServerConfigKeys (ConfUtils.java:logGet(46)) - raft.server.log.segment.size.max = 1048576 (custom)
2022-09-30 13:41:08,981 [pool-214-thread-1] INFO  server.RaftServerConfigKeys (ConfUtils.java:logGet(46)) - raft.server.log.preallocated.size = 16384 (custom)
2022-09-30 13:41:08,981 [pool-214-thread-1] INFO  server.RaftServerConfigKeys (ConfUtils.java:logGet(46)) - raft.server.log.force.sync.num = 128 (default)
2022-09-30 13:41:08,981 [pool-214-thread-1] INFO  server.RaftServerConfigKeys (ConfUtils.java:logGet(46)) - raft.server.log.statemachine.data.sync = true (default)
2022-09-30 13:41:08,981 [pool-214-thread-1] INFO  server.RaftServerConfigKeys (ConfUtils.java:logGet(46)) - raft.server.log.statemachine.data.sync.timeout = 10s (default)
2022-09-30 13:41:08,981 [pool-214-thread-1] INFO  server.RaftServerConfigKeys (ConfUtils.java:logGet(46)) - raft.server.log.statemachine.data.sync.timeout.retry = -1 (default)
2022-09-30 13:41:08,982 [pool-214-thread-1] INFO  server.RaftServerConfigKeys (ConfUtils.java:logGet(46)) - raft.server.log.write.buffer.size = 1048576 (custom)
2022-09-30 13:41:08,982 [pool-214-thread-1] INFO  server.RaftServerConfigKeys (ConfUtils.java:logGet(46)) - raft.server.log.unsafe-flush.enabled = false (default)
2022-09-30 13:41:08,983 [pool-214-thread-1] INFO  server.RaftServerConfigKeys (ConfUtils.java:logGet(46)) - raft.server.log.statemachine.data.caching.enabled = true (custom)
2022-09-30 13:41:08,983 [pool-214-thread-1] INFO  segmented.SegmentedRaftLogWorker (SegmentedRaftLogWorker.java:lambda$new$0(135)) - 93a726fc-a128-4d5e-9b28-98a1d7a8eb0c@group-99B1B5F2F1F1-SegmentedRaftLogWorker: flushIndex: setUnconditionally 0 -> -1
2022-09-30 13:41:08,983 [pool-214-thread-1] INFO  segmented.SegmentedRaftLogWorker (SegmentedRaftLogWorker.java:lambda$new$0(135)) - 93a726fc-a128-4d5e-9b28-98a1d7a8eb0c@group-99B1B5F2F1F1-SegmentedRaftLogWorker: safeCacheEvictIndex: setUnconditionally 0 -> -1
2022-09-30 13:41:08,985 [pool-214-thread-1] INFO  server.RaftServerConfigKeys (ConfUtils.java:logGet(46)) - raft.server.snapshot.auto.trigger.enabled = true (custom)
2022-09-30 13:41:08,985 [pool-214-thread-1] INFO  server.RaftServerConfigKeys (ConfUtils.java:logGet(46)) - raft.server.snapshot.auto.trigger.threshold = 10000 (custom)
2022-09-30 13:41:08,985 [pool-214-thread-1] INFO  server.RaftServerConfigKeys (ConfUtils.java:logGet(46)) - raft.server.snapshot.retention.file.num = 5 (custom)
2022-09-30 13:41:08,985 [pool-214-thread-1] INFO  server.RaftServerConfigKeys (ConfUtils.java:logGet(46)) - raft.server.log.purge.upto.snapshot.index = false (default)
2022-09-30 13:41:08,985 [pool-214-thread-1] INFO  server.RaftServerConfigKeys (ConfUtils.java:logGet(46)) - raft.server.retrycache.expirytime = 600000ms (custom)
2022-09-30 13:41:08,985 [pool-214-thread-1] INFO  server.RaftServerConfigKeys (ConfUtils.java:logGet(46)) - raft.server.retrycache.statistics.expirytime = 100μs (default)
2022-09-30 13:41:08,986 [pool-214-thread-1] INFO  server.RaftServerConfigKeys (ConfUtils.java:logGet(46)) - raft.server.log.appender.install.snapshot.enabled = false (custom)
2022-09-30 13:41:08,986 [pool-214-thread-1] INFO  server.RaftServerConfigKeys (ConfUtils.java:logGet(46)) - raft.server.threadpool.server.cached = true (default)
2022-09-30 13:41:08,986 [pool-214-thread-1] INFO  server.RaftServerConfigKeys (ConfUtils.java:logGet(46)) - raft.server.threadpool.server.size = 0 (default)
2022-09-30 13:41:08,986 [pool-214-thread-1] INFO  server.RaftServerConfigKeys (ConfUtils.java:logGet(46)) - raft.server.threadpool.client.cached = true (default)
2022-09-30 13:41:08,986 [pool-214-thread-1] INFO  server.RaftServerConfigKeys (ConfUtils.java:logGet(46)) - raft.server.threadpool.client.size = 0 (default)
2022-09-30 13:41:08,986 [pool-214-thread-1] INFO  server.RaftServer$Division (RaftServerImpl.java:start(310)) - 93a726fc-a128-4d5e-9b28-98a1d7a8eb0c@group-99B1B5F2F1F1: start as a follower, conf=-1: [97e8c787-6023-4421-819a-0b5ced458c94|rpc:10.1.0.210:36437|priority:0, 62666bfa-5b48-4194-8431-0a6941154381|rpc:10.1.0.210:41785|priority:0, 93a726fc-a128-4d5e-9b28-98a1d7a8eb0c|rpc:10.1.0.210:43289|priority:1], old=null
2022-09-30 13:41:08,986 [pool-214-thread-1] INFO  server.RaftServer$Division (RaftServerImpl.java:setRole(299)) - 93a726fc-a128-4d5e-9b28-98a1d7a8eb0c@group-99B1B5F2F1F1: changes role from      null to FOLLOWER at term 0 for startAsFollower
2022-09-30 13:41:08,986 [pool-214-thread-1] INFO  impl.RoleInfo (RoleInfo.java:updateAndGet(139)) - 93a726fc-a128-4d5e-9b28-98a1d7a8eb0c: start 93a726fc-a128-4d5e-9b28-98a1d7a8eb0c@group-99B1B5F2F1F1-FollowerState
2022-09-30 13:41:08,987 [pool-214-thread-1] INFO  util.JmxRegister (JmxRegister.java:tryRegister(44)) - Successfully registered JMX Bean with object name Ratis:service=RaftServer,group=group-99B1B5F2F1F1,id=93a726fc-a128-4d5e-9b28-98a1d7a8eb0c
2022-09-30 13:41:08,987 [Command processor thread] INFO  ratis.XceiverServerRatis (XceiverServerRatis.java:addGroup(765)) - Created group PipelineID=ae0394ab-b52d-48b1-ab04-99b1b5f2f1f1
2022-09-30 13:41:08,994 [grpc-default-executor-6] INFO  server.RaftServer (RaftServerProxy.java:addNew(96)) - 62666bfa-5b48-4194-8431-0a6941154381: addNew group-99B1B5F2F1F1:[97e8c787-6023-4421-819a-0b5ced458c94|rpc:10.1.0.210:36437|dataStream:|priority:0, 62666bfa-5b48-4194-8431-0a6941154381|rpc:10.1.0.210:41785|dataStream:|priority:0, 93a726fc-a128-4d5e-9b28-98a1d7a8eb0c|rpc:10.1.0.210:43289|dataStream:|priority:1] returns group-99B1B5F2F1F1:java.util.concurrent.CompletableFuture@d5e8106[Not completed]
2022-09-30 13:41:08,995 [pool-72-thread-1] INFO  server.RaftServer$Division (RaftServerImpl.java:<init>(190)) - 62666bfa-5b48-4194-8431-0a6941154381: new RaftServerImpl for group-99B1B5F2F1F1:[97e8c787-6023-4421-819a-0b5ced458c94|rpc:10.1.0.210:36437|dataStream:|priority:0, 62666bfa-5b48-4194-8431-0a6941154381|rpc:10.1.0.210:41785|dataStream:|priority:0, 93a726fc-a128-4d5e-9b28-98a1d7a8eb0c|rpc:10.1.0.210:43289|dataStream:|priority:1] with ContainerStateMachine:uninitialized
2022-09-30 13:41:08,995 [pool-72-thread-1] INFO  server.RaftServerConfigKeys (ConfUtils.java:logGet(46)) - raft.server.rpc.timeout.min = 5s (custom)
2022-09-30 13:41:08,995 [pool-72-thread-1] INFO  server.RaftServerConfigKeys (ConfUtils.java:logGet(46)) - raft.server.rpc.timeout.max = 5200ms (custom)
2022-09-30 13:41:08,995 [pool-72-thread-1] INFO  server.RaftServerConfigKeys (ConfUtils.java:logGet(46)) - raft.server.rpc.sleep.time = 25ms (default)
2022-09-30 13:41:08,995 [pool-72-thread-1] INFO  server.RaftServerConfigKeys (ConfUtils.java:logGet(46)) - raft.server.rpc.slowness.timeout = 300s (custom)
2022-09-30 13:41:08,995 [pool-72-thread-1] INFO  server.RaftServerConfigKeys (ConfUtils.java:logGet(46)) - raft.server.leaderelection.leader.step-down.wait-time = 10s (default)
2022-09-30 13:41:08,995 [pool-72-thread-1] INFO  server.RaftServerConfigKeys (ConfUtils.java:logGet(46)) - raft.server.sleep.deviation.threshold = 300ms (default)
2022-09-30 13:41:08,995 [pool-72-thread-1] INFO  server.RaftServer$Division (ServerState.java:<init>(107)) - 62666bfa-5b48-4194-8431-0a6941154381@group-99B1B5F2F1F1: ConfigurationManager, init=-1: [97e8c787-6023-4421-819a-0b5ced458c94|rpc:10.1.0.210:36437|dataStream:|priority:0, 62666bfa-5b48-4194-8431-0a6941154381|rpc:10.1.0.210:41785|dataStream:|priority:0, 93a726fc-a128-4d5e-9b28-98a1d7a8eb0c|rpc:10.1.0.210:43289|dataStream:|priority:1], old=null, confs=<EMPTY_MAP>
2022-09-30 13:41:08,995 [pool-72-thread-1] INFO  server.RaftServerConfigKeys (ConfUtils.java:logGet(46)) - raft.server.storage.dir = [/home/runner/work/ozone/ozone/hadoop-ozone/integration-test/target/test-dir/MiniOzoneClusterImpl-8c4c252e-cda6-42f5-b80f-9d168f3e16cf/datanode-0/data/ratis] (custom)
2022-09-30 13:41:08,995 [pool-72-thread-1] INFO  server.RaftServerConfigKeys (ConfUtils.java:logGet(46)) - raft.server.log.corruption.policy = EXCEPTION (default)
2022-09-30 13:41:08,995 [pool-72-thread-1] INFO  server.RaftServerConfigKeys (ConfUtils.java:logGet(46)) - raft.server.storage.free-space.min = 0MB (=0) (default)
2022-09-30 13:41:08,995 [pool-72-thread-1] INFO  storage.RaftStorageDirectory (RaftStorageDirectoryImpl.java:analyzeStorage(135)) - The storage directory /home/runner/work/ozone/ozone/hadoop-ozone/integration-test/target/test-dir/MiniOzoneClusterImpl-8c4c252e-cda6-42f5-b80f-9d168f3e16cf/datanode-0/data/ratis/ae0394ab-b52d-48b1-ab04-99b1b5f2f1f1 does not exist. Creating ...
2022-09-30 13:41:08,998 [pool-72-thread-1] INFO  storage.RaftStorageDirectory (RaftStorageDirectoryImpl.java:tryLock(230)) - Lock on /home/runner/work/ozone/ozone/hadoop-ozone/integration-test/target/test-dir/MiniOzoneClusterImpl-8c4c252e-cda6-42f5-b80f-9d168f3e16cf/datanode-0/data/ratis/ae0394ab-b52d-48b1-ab04-99b1b5f2f1f1/in_use.lock acquired by nodename 61277@fv-az264-432
2022-09-30 13:41:09,002 [pool-72-thread-1] INFO  storage.RaftStorage (RaftStorageImpl.java:format(89)) - Storage directory /home/runner/work/ozone/ozone/hadoop-ozone/integration-test/target/test-dir/MiniOzoneClusterImpl-8c4c252e-cda6-42f5-b80f-9d168f3e16cf/datanode-0/data/ratis/ae0394ab-b52d-48b1-ab04-99b1b5f2f1f1 has been successfully formatted.
2022-09-30 13:41:09,002 [pool-72-thread-1] INFO  ratis.ContainerStateMachine (ContainerStateMachine.java:loadSnapshot(236)) - group-99B1B5F2F1F1: The snapshot info is null. Setting the last applied indexto:(t:0, i:~)
2022-09-30 13:41:09,003 [pool-72-thread-1] INFO  server.RaftServerConfigKeys (ConfUtils.java:logGet(46)) - raft.server.notification.no-leader.timeout = 300s (custom)
2022-09-30 13:41:09,003 [pool-72-thread-1] INFO  server.RaftServerConfigKeys (ConfUtils.java:logGet(46)) - raft.server.log.use.memory = false (default)
2022-09-30 13:41:09,003 [pool-72-thread-1] INFO  server.RaftServerConfigKeys (ConfUtils.java:logGet(46)) - raft.server.log.purge.gap = 1000000 (custom)
2022-09-30 13:41:09,003 [pool-72-thread-1] INFO  server.RaftServerConfigKeys (ConfUtils.java:logGet(46)) - raft.server.log.appender.buffer.byte-limit = 33554432 (custom)
2022-09-30 13:41:09,003 [pool-72-thread-1] INFO  server.RaftServerConfigKeys (ConfUtils.java:logGet(46)) - raft.server.log.statemachine.data.read.timeout = 1000ms (default)
2022-09-30 13:41:09,003 [pool-72-thread-1] INFO  server.RaftServerConfigKeys (ConfUtils.java:logGet(46)) - raft.server.log.segment.size.max = 1048576 (custom)
2022-09-30 13:41:09,004 [pool-72-thread-1] INFO  server.RaftServerConfigKeys (ConfUtils.java:logGet(46)) - raft.server.log.segment.cache.num.max = 2 (custom)
2022-09-30 13:41:09,004 [pool-72-thread-1] INFO  server.RaftServerConfigKeys (ConfUtils.java:logGet(46)) - raft.server.log.segment.cache.size.max = 200MB (=209715200) (default)
2022-09-30 13:41:09,004 [pool-72-thread-1] INFO  segmented.SegmentedRaftLogWorker (SegmentedRaftLogWorker.java:<init>(187)) - new 62666bfa-5b48-4194-8431-0a6941154381@group-99B1B5F2F1F1-SegmentedRaftLogWorker for RaftStorageImpl:Storage Directory /home/runner/work/ozone/ozone/hadoop-ozone/integration-test/target/test-dir/MiniOzoneClusterImpl-8c4c252e-cda6-42f5-b80f-9d168f3e16cf/datanode-0/data/ratis/ae0394ab-b52d-48b1-ab04-99b1b5f2f1f1
2022-09-30 13:41:09,005 [pool-72-thread-1] INFO  server.RaftServerConfigKeys (ConfUtils.java:logGet(46)) - raft.server.log.queue.byte-limit = 4294967296 (custom)
2022-09-30 13:41:09,005 [pool-72-thread-1] INFO  server.RaftServerConfigKeys (ConfUtils.java:logGet(46)) - raft.server.log.queue.element-limit = 1024 (custom)
2022-09-30 13:41:09,005 [pool-72-thread-1] INFO  server.RaftServerConfigKeys (ConfUtils.java:logGet(46)) - raft.server.log.segment.size.max = 1048576 (custom)
2022-09-30 13:41:09,005 [pool-72-thread-1] INFO  server.RaftServerConfigKeys (ConfUtils.java:logGet(46)) - raft.server.log.preallocated.size = 16384 (custom)
2022-09-30 13:41:09,005 [pool-72-thread-1] INFO  server.RaftServerConfigKeys (ConfUtils.java:logGet(46)) - raft.server.log.force.sync.num = 128 (default)
2022-09-30 13:41:09,005 [pool-72-thread-1] INFO  server.RaftServerConfigKeys (ConfUtils.java:logGet(46)) - raft.server.log.statemachine.data.sync = true (default)
2022-09-30 13:41:09,005 [pool-72-thread-1] INFO  server.RaftServerConfigKeys (ConfUtils.java:logGet(46)) - raft.server.log.statemachine.data.sync.timeout = 10s (default)
2022-09-30 13:41:09,005 [pool-72-thread-1] INFO  server.RaftServerConfigKeys (ConfUtils.java:logGet(46)) - raft.server.log.statemachine.data.sync.timeout.retry = -1 (default)
2022-09-30 13:41:09,006 [pool-72-thread-1] INFO  server.RaftServerConfigKeys (ConfUtils.java:logGet(46)) - raft.server.log.write.buffer.size = 1048576 (custom)
2022-09-30 13:41:09,006 [pool-72-thread-1] INFO  server.RaftServerConfigKeys (ConfUtils.java:logGet(46)) - raft.server.log.unsafe-flush.enabled = false (default)
2022-09-30 13:41:09,006 [pool-72-thread-1] INFO  server.RaftServerConfigKeys (ConfUtils.java:logGet(46)) - raft.server.log.statemachine.data.caching.enabled = true (custom)
2022-09-30 13:41:09,006 [pool-72-thread-1] INFO  segmented.SegmentedRaftLogWorker (SegmentedRaftLogWorker.java:lambda$new$0(135)) - 62666bfa-5b48-4194-8431-0a6941154381@group-99B1B5F2F1F1-SegmentedRaftLogWorker: flushIndex: setUnconditionally 0 -> -1
2022-09-30 13:41:09,006 [pool-72-thread-1] INFO  segmented.SegmentedRaftLogWorker (SegmentedRaftLogWorker.java:lambda$new$0(135)) - 62666bfa-5b48-4194-8431-0a6941154381@group-99B1B5F2F1F1-SegmentedRaftLogWorker: safeCacheEvictIndex: setUnconditionally 0 -> -1
2022-09-30 13:41:09,008 [pool-72-thread-1] INFO  server.RaftServerConfigKeys (ConfUtils.java:logGet(46)) - raft.server.snapshot.auto.trigger.enabled = true (custom)
2022-09-30 13:41:09,008 [pool-72-thread-1] INFO  server.RaftServerConfigKeys (ConfUtils.java:logGet(46)) - raft.server.snapshot.auto.trigger.threshold = 10000 (custom)
2022-09-30 13:41:09,008 [pool-72-thread-1] INFO  server.RaftServerConfigKeys (ConfUtils.java:logGet(46)) - raft.server.snapshot.retention.file.num = 5 (custom)
2022-09-30 13:41:09,008 [pool-72-thread-1] INFO  server.RaftServerConfigKeys (ConfUtils.java:logGet(46)) - raft.server.log.purge.upto.snapshot.index = false (default)
2022-09-30 13:41:09,008 [pool-72-thread-1] INFO  server.RaftServerConfigKeys (ConfUtils.java:logGet(46)) - raft.server.retrycache.expirytime = 600000ms (custom)
2022-09-30 13:41:09,008 [pool-72-thread-1] INFO  server.RaftServerConfigKeys (ConfUtils.java:logGet(46)) - raft.server.retrycache.statistics.expirytime = 100μs (default)
2022-09-30 13:41:09,010 [pool-72-thread-1] INFO  server.RaftServerConfigKeys (ConfUtils.java:logGet(46)) - raft.server.log.appender.install.snapshot.enabled = false (custom)
2022-09-30 13:41:09,010 [pool-72-thread-1] INFO  server.RaftServerConfigKeys (ConfUtils.java:logGet(46)) - raft.server.threadpool.server.cached = true (default)
2022-09-30 13:41:09,010 [pool-72-thread-1] INFO  server.RaftServerConfigKeys (ConfUtils.java:logGet(46)) - raft.server.threadpool.server.size = 0 (default)
2022-09-30 13:41:09,010 [pool-72-thread-1] INFO  server.RaftServerConfigKeys (ConfUtils.java:logGet(46)) - raft.server.threadpool.client.cached = true (default)
2022-09-30 13:41:09,010 [pool-72-thread-1] INFO  server.RaftServerConfigKeys (ConfUtils.java:logGet(46)) - raft.server.threadpool.client.size = 0 (default)
2022-09-30 13:41:09,012 [pool-72-thread-1] INFO  server.RaftServer$Division (RaftServerImpl.java:start(310)) - 62666bfa-5b48-4194-8431-0a6941154381@group-99B1B5F2F1F1: start as a follower, conf=-1: [97e8c787-6023-4421-819a-0b5ced458c94|rpc:10.1.0.210:36437|dataStream:|priority:0, 62666bfa-5b48-4194-8431-0a6941154381|rpc:10.1.0.210:41785|dataStream:|priority:0, 93a726fc-a128-4d5e-9b28-98a1d7a8eb0c|rpc:10.1.0.210:43289|dataStream:|priority:1], old=null
2022-09-30 13:41:09,012 [pool-72-thread-1] INFO  server.RaftServer$Division (RaftServerImpl.java:setRole(299)) - 62666bfa-5b48-4194-8431-0a6941154381@group-99B1B5F2F1F1: changes role from      null to FOLLOWER at term 0 for startAsFollower
2022-09-30 13:41:09,012 [pool-72-thread-1] INFO  impl.RoleInfo (RoleInfo.java:updateAndGet(139)) - 62666bfa-5b48-4194-8431-0a6941154381: start 62666bfa-5b48-4194-8431-0a6941154381@group-99B1B5F2F1F1-FollowerState
2022-09-30 13:41:09,016 [pool-72-thread-1] INFO  util.JmxRegister (JmxRegister.java:tryRegister(44)) - Successfully registered JMX Bean with object name Ratis:service=RaftServer,group=group-99B1B5F2F1F1,id=62666bfa-5b48-4194-8431-0a6941154381
2022-09-30 13:41:09,021 [Over Replicated Processor] INFO  replication.OverReplicatedProcessor (OverReplicatedProcessor.java:processAll(90)) - Processed 0 over replicated containers, failed processing 0
2022-09-30 13:41:09,030 [grpc-default-executor-6] INFO  server.RaftServer (RaftServerProxy.java:addNew(96)) - 97e8c787-6023-4421-819a-0b5ced458c94: addNew group-99B1B5F2F1F1:[97e8c787-6023-4421-819a-0b5ced458c94|rpc:10.1.0.210:36437|dataStream:|priority:0, 62666bfa-5b48-4194-8431-0a6941154381|rpc:10.1.0.210:41785|dataStream:|priority:0, 93a726fc-a128-4d5e-9b28-98a1d7a8eb0c|rpc:10.1.0.210:43289|dataStream:|priority:1] returns group-99B1B5F2F1F1:java.util.concurrent.CompletableFuture@3e72a32a[Not completed]
2022-09-30 13:41:09,031 [pool-118-thread-1] INFO  server.RaftServer$Division (RaftServerImpl.java:<init>(190)) - 97e8c787-6023-4421-819a-0b5ced458c94: new RaftServerImpl for group-99B1B5F2F1F1:[97e8c787-6023-4421-819a-0b5ced458c94|rpc:10.1.0.210:36437|dataStream:|priority:0, 62666bfa-5b48-4194-8431-0a6941154381|rpc:10.1.0.210:41785|dataStream:|priority:0, 93a726fc-a128-4d5e-9b28-98a1d7a8eb0c|rpc:10.1.0.210:43289|dataStream:|priority:1] with ContainerStateMachine:uninitialized
2022-09-30 13:41:09,031 [pool-118-thread-1] INFO  server.RaftServerConfigKeys (ConfUtils.java:logGet(46)) - raft.server.rpc.timeout.min = 5s (custom)
2022-09-30 13:41:09,031 [pool-118-thread-1] INFO  server.RaftServerConfigKeys (ConfUtils.java:logGet(46)) - raft.server.rpc.timeout.max = 5200ms (custom)
2022-09-30 13:41:09,031 [pool-118-thread-1] INFO  server.RaftServerConfigKeys (ConfUtils.java:logGet(46)) - raft.server.rpc.sleep.time = 25ms (default)
2022-09-30 13:41:09,031 [pool-118-thread-1] INFO  server.RaftServerConfigKeys (ConfUtils.java:logGet(46)) - raft.server.rpc.slowness.timeout = 300s (custom)
2022-09-30 13:41:09,031 [pool-118-thread-1] INFO  server.RaftServerConfigKeys (ConfUtils.java:logGet(46)) - raft.server.leaderelection.leader.step-down.wait-time = 10s (default)
2022-09-30 13:41:09,031 [pool-118-thread-1] INFO  server.RaftServerConfigKeys (ConfUtils.java:logGet(46)) - raft.server.sleep.deviation.threshold = 300ms (default)
2022-09-30 13:41:09,031 [pool-118-thread-1] INFO  server.RaftServer$Division (ServerState.java:<init>(107)) - 97e8c787-6023-4421-819a-0b5ced458c94@group-99B1B5F2F1F1: ConfigurationManager, init=-1: [97e8c787-6023-4421-819a-0b5ced458c94|rpc:10.1.0.210:36437|dataStream:|priority:0, 62666bfa-5b48-4194-8431-0a6941154381|rpc:10.1.0.210:41785|dataStream:|priority:0, 93a726fc-a128-4d5e-9b28-98a1d7a8eb0c|rpc:10.1.0.210:43289|dataStream:|priority:1], old=null, confs=<EMPTY_MAP>
2022-09-30 13:41:09,031 [pool-118-thread-1] INFO  server.RaftServerConfigKeys (ConfUtils.java:logGet(46)) - raft.server.storage.dir = [/home/runner/work/ozone/ozone/hadoop-ozone/integration-test/target/test-dir/MiniOzoneClusterImpl-8c4c252e-cda6-42f5-b80f-9d168f3e16cf/datanode-2/data/ratis] (custom)
2022-09-30 13:41:09,032 [pool-118-thread-1] INFO  server.RaftServerConfigKeys (ConfUtils.java:logGet(46)) - raft.server.log.corruption.policy = EXCEPTION (default)
2022-09-30 13:41:09,032 [pool-118-thread-1] INFO  server.RaftServerConfigKeys (ConfUtils.java:logGet(46)) - raft.server.storage.free-space.min = 0MB (=0) (default)
2022-09-30 13:41:09,032 [pool-118-thread-1] INFO  storage.RaftStorageDirectory (RaftStorageDirectoryImpl.java:analyzeStorage(135)) - The storage directory /home/runner/work/ozone/ozone/hadoop-ozone/integration-test/target/test-dir/MiniOzoneClusterImpl-8c4c252e-cda6-42f5-b80f-9d168f3e16cf/datanode-2/data/ratis/ae0394ab-b52d-48b1-ab04-99b1b5f2f1f1 does not exist. Creating ...
2022-09-30 13:41:09,033 [pool-118-thread-1] INFO  storage.RaftStorageDirectory (RaftStorageDirectoryImpl.java:tryLock(230)) - Lock on /home/runner/work/ozone/ozone/hadoop-ozone/integration-test/target/test-dir/MiniOzoneClusterImpl-8c4c252e-cda6-42f5-b80f-9d168f3e16cf/datanode-2/data/ratis/ae0394ab-b52d-48b1-ab04-99b1b5f2f1f1/in_use.lock acquired by nodename 61277@fv-az264-432
2022-09-30 13:41:09,034 [pool-118-thread-1] INFO  storage.RaftStorage (RaftStorageImpl.java:format(89)) - Storage directory /home/runner/work/ozone/ozone/hadoop-ozone/integration-test/target/test-dir/MiniOzoneClusterImpl-8c4c252e-cda6-42f5-b80f-9d168f3e16cf/datanode-2/data/ratis/ae0394ab-b52d-48b1-ab04-99b1b5f2f1f1 has been successfully formatted.
2022-09-30 13:41:09,034 [pool-118-thread-1] INFO  ratis.ContainerStateMachine (ContainerStateMachine.java:loadSnapshot(236)) - group-99B1B5F2F1F1: The snapshot info is null. Setting the last applied indexto:(t:0, i:~)
2022-09-30 13:41:09,035 [pool-118-thread-1] INFO  server.RaftServerConfigKeys (ConfUtils.java:logGet(46)) - raft.server.notification.no-leader.timeout = 300s (custom)
2022-09-30 13:41:09,035 [pool-118-thread-1] INFO  server.RaftServerConfigKeys (ConfUtils.java:logGet(46)) - raft.server.log.use.memory = false (default)
2022-09-30 13:41:09,035 [pool-118-thread-1] INFO  server.RaftServerConfigKeys (ConfUtils.java:logGet(46)) - raft.server.log.purge.gap = 1000000 (custom)
2022-09-30 13:41:09,035 [pool-118-thread-1] INFO  server.RaftServerConfigKeys (ConfUtils.java:logGet(46)) - raft.server.log.appender.buffer.byte-limit = 33554432 (custom)
2022-09-30 13:41:09,035 [pool-118-thread-1] INFO  server.RaftServerConfigKeys (ConfUtils.java:logGet(46)) - raft.server.log.statemachine.data.read.timeout = 1000ms (default)
2022-09-30 13:41:09,035 [pool-118-thread-1] INFO  server.RaftServerConfigKeys (ConfUtils.java:logGet(46)) - raft.server.log.segment.size.max = 1048576 (custom)
2022-09-30 13:41:09,036 [pool-118-thread-1] INFO  server.RaftServerConfigKeys (ConfUtils.java:logGet(46)) - raft.server.log.segment.cache.num.max = 2 (custom)
2022-09-30 13:41:09,036 [pool-118-thread-1] INFO  server.RaftServerConfigKeys (ConfUtils.java:logGet(46)) - raft.server.log.segment.cache.size.max = 200MB (=209715200) (default)
2022-09-30 13:41:09,037 [pool-118-thread-1] INFO  segmented.SegmentedRaftLogWorker (SegmentedRaftLogWorker.java:<init>(187)) - new 97e8c787-6023-4421-819a-0b5ced458c94@group-99B1B5F2F1F1-SegmentedRaftLogWorker for RaftStorageImpl:Storage Directory /home/runner/work/ozone/ozone/hadoop-ozone/integration-test/target/test-dir/MiniOzoneClusterImpl-8c4c252e-cda6-42f5-b80f-9d168f3e16cf/datanode-2/data/ratis/ae0394ab-b52d-48b1-ab04-99b1b5f2f1f1
2022-09-30 13:41:09,037 [pool-118-thread-1] INFO  server.RaftServerConfigKeys (ConfUtils.java:logGet(46)) - raft.server.log.queue.byte-limit = 4294967296 (custom)
2022-09-30 13:41:09,037 [pool-118-thread-1] INFO  server.RaftServerConfigKeys (ConfUtils.java:logGet(46)) - raft.server.log.queue.element-limit = 1024 (custom)
2022-09-30 13:41:09,037 [pool-118-thread-1] INFO  server.RaftServerConfigKeys (ConfUtils.java:logGet(46)) - raft.server.log.segment.size.max = 1048576 (custom)
2022-09-30 13:41:09,037 [pool-118-thread-1] INFO  server.RaftServerConfigKeys (ConfUtils.java:logGet(46)) - raft.server.log.preallocated.size = 16384 (custom)
2022-09-30 13:41:09,037 [pool-118-thread-1] INFO  server.RaftServerConfigKeys (ConfUtils.java:logGet(46)) - raft.server.log.force.sync.num = 128 (default)
2022-09-30 13:41:09,037 [pool-118-thread-1] INFO  server.RaftServerConfigKeys (ConfUtils.java:logGet(46)) - raft.server.log.statemachine.data.sync = true (default)
2022-09-30 13:41:09,037 [pool-118-thread-1] INFO  server.RaftServerConfigKeys (ConfUtils.java:logGet(46)) - raft.server.log.statemachine.data.sync.timeout = 10s (default)
2022-09-30 13:41:09,037 [pool-118-thread-1] INFO  server.RaftServerConfigKeys (ConfUtils.java:logGet(46)) - raft.server.log.statemachine.data.sync.timeout.retry = -1 (default)
2022-09-30 13:41:09,038 [pool-118-thread-1] INFO  server.RaftServerConfigKeys (ConfUtils.java:logGet(46)) - raft.server.log.write.buffer.size = 1048576 (custom)
2022-09-30 13:41:09,038 [pool-118-thread-1] INFO  server.RaftServerConfigKeys (ConfUtils.java:logGet(46)) - raft.server.log.unsafe-flush.enabled = false (default)
2022-09-30 13:41:09,038 [pool-118-thread-1] INFO  server.RaftServerConfigKeys (ConfUtils.java:logGet(46)) - raft.server.log.statemachine.data.caching.enabled = true (custom)
2022-09-30 13:41:09,039 [pool-118-thread-1] INFO  segmented.SegmentedRaftLogWorker (SegmentedRaftLogWorker.java:lambda$new$0(135)) - 97e8c787-6023-4421-819a-0b5ced458c94@group-99B1B5F2F1F1-SegmentedRaftLogWorker: flushIndex: setUnconditionally 0 -> -1
2022-09-30 13:41:09,039 [pool-118-thread-1] INFO  segmented.SegmentedRaftLogWorker (SegmentedRaftLogWorker.java:lambda$new$0(135)) - 97e8c787-6023-4421-819a-0b5ced458c94@group-99B1B5F2F1F1-SegmentedRaftLogWorker: safeCacheEvictIndex: setUnconditionally 0 -> -1
2022-09-30 13:41:09,044 [pool-118-thread-1] INFO  server.RaftServerConfigKeys (ConfUtils.java:logGet(46)) - raft.server.snapshot.auto.trigger.enabled = true (custom)
2022-09-30 13:41:09,044 [pool-118-thread-1] INFO  server.RaftServerConfigKeys (ConfUtils.java:logGet(46)) - raft.server.snapshot.auto.trigger.threshold = 10000 (custom)
2022-09-30 13:41:09,044 [pool-118-thread-1] INFO  server.RaftServerConfigKeys (ConfUtils.java:logGet(46)) - raft.server.snapshot.retention.file.num = 5 (custom)
2022-09-30 13:41:09,044 [pool-118-thread-1] INFO  server.RaftServerConfigKeys (ConfUtils.java:logGet(46)) - raft.server.log.purge.upto.snapshot.index = false (default)
2022-09-30 13:41:09,044 [pool-118-thread-1] INFO  server.RaftServerConfigKeys (ConfUtils.java:logGet(46)) - raft.server.retrycache.expirytime = 600000ms (custom)
2022-09-30 13:41:09,044 [pool-118-thread-1] INFO  server.RaftServerConfigKeys (ConfUtils.java:logGet(46)) - raft.server.retrycache.statistics.expirytime = 100μs (default)
2022-09-30 13:41:09,045 [pool-118-thread-1] INFO  server.RaftServerConfigKeys (ConfUtils.java:logGet(46)) - raft.server.log.appender.install.snapshot.enabled = false (custom)
2022-09-30 13:41:09,045 [pool-118-thread-1] INFO  server.RaftServerConfigKeys (ConfUtils.java:logGet(46)) - raft.server.threadpool.server.cached = true (default)
2022-09-30 13:41:09,045 [pool-118-thread-1] INFO  server.RaftServerConfigKeys (ConfUtils.java:logGet(46)) - raft.server.threadpool.server.size = 0 (default)
2022-09-30 13:41:09,045 [pool-118-thread-1] INFO  server.RaftServerConfigKeys (ConfUtils.java:logGet(46)) - raft.server.threadpool.client.cached = true (default)
2022-09-30 13:41:09,045 [pool-118-thread-1] INFO  server.RaftServerConfigKeys (ConfUtils.java:logGet(46)) - raft.server.threadpool.client.size = 0 (default)
2022-09-30 13:41:09,045 [pool-118-thread-1] INFO  server.RaftServer$Division (RaftServerImpl.java:start(310)) - 97e8c787-6023-4421-819a-0b5ced458c94@group-99B1B5F2F1F1: start as a follower, conf=-1: [97e8c787-6023-4421-819a-0b5ced458c94|rpc:10.1.0.210:36437|dataStream:|priority:0, 62666bfa-5b48-4194-8431-0a6941154381|rpc:10.1.0.210:41785|dataStream:|priority:0, 93a726fc-a128-4d5e-9b28-98a1d7a8eb0c|rpc:10.1.0.210:43289|dataStream:|priority:1], old=null
2022-09-30 13:41:09,046 [pool-118-thread-1] INFO  server.RaftServer$Division (RaftServerImpl.java:setRole(299)) - 97e8c787-6023-4421-819a-0b5ced458c94@group-99B1B5F2F1F1: changes role from      null to FOLLOWER at term 0 for startAsFollower
2022-09-30 13:41:09,046 [pool-118-thread-1] INFO  impl.RoleInfo (RoleInfo.java:updateAndGet(139)) - 97e8c787-6023-4421-819a-0b5ced458c94: start 97e8c787-6023-4421-819a-0b5ced458c94@group-99B1B5F2F1F1-FollowerState
2022-09-30 13:41:09,046 [pool-118-thread-1] INFO  util.JmxRegister (JmxRegister.java:tryRegister(44)) - Successfully registered JMX Bean with object name Ratis:service=RaftServer,group=group-99B1B5F2F1F1,id=97e8c787-6023-4421-819a-0b5ced458c94
2022-09-30 13:41:09,054 [Command processor thread] INFO  commandhandler.CreatePipelineCommandHandler (CreatePipelineCommandHandler.java:handle(113)) - Created Pipeline RATIS THREE PipelineID=ae0394ab-b52d-48b1-ab04-99b1b5f2f1f1.
2022-09-30 13:41:09,073 [ReplicationMonitor] INFO  replication.ReplicationManager (ReplicationManager.java:processAll(324)) - Replication Monitor Thread took 0 milliseconds for processing 8 containers.
2022-09-30 13:41:09,157 [EventQueue-OpenPipelineForHealthyPipelineSafeModeRule] INFO  safemode.SCMSafeModeManager (HealthyPipelineSafeModeRule.java:process(137)) - SCM in safe mode. Healthy pipelines reported count is 0, required healthy pipeline reported count is 1
2022-09-30 13:41:09,272 [Listener at 127.0.0.1/45417] INFO  ozone.MiniOzoneClusterImpl (MiniOzoneClusterImpl.java:lambda$waitForClusterToBeReady$0(216)) - Nodes are ready. Got 7 of 7 DN Heartbeats.
2022-09-30 13:41:09,272 [Listener at 127.0.0.1/45417] INFO  ozone.MiniOzoneClusterImpl (MiniOzoneClusterImpl.java:lambda$waitForClusterToBeReady$0(219)) - Waiting for cluster to exit safe mode
2022-09-30 13:41:09,272 [Listener at 127.0.0.1/45417] INFO  ozone.MiniOzoneClusterImpl (MiniOzoneClusterImpl.java:lambda$waitForClusterToBeReady$0(221)) - SCM became leader
2022-09-30 13:41:09,495 [EventQueue-OpenPipelineForHealthyPipelineSafeModeRule] INFO  safemode.SCMSafeModeManager (HealthyPipelineSafeModeRule.java:process(137)) - SCM in safe mode. Healthy pipelines reported count is 0, required healthy pipeline reported count is 1
2022-09-30 13:41:09,648 [2f2aa734-5659-47cb-9e8c-97447fb3d532@group-D78D6EACDF84-FollowerState] INFO  impl.FollowerState (FollowerState.java:run(143)) - 2f2aa734-5659-47cb-9e8c-97447fb3d532@group-D78D6EACDF84-FollowerState: change to CANDIDATE, lastRpcElapsedTime:5145072750ns, electionTimeout:5144ms
2022-09-30 13:41:09,649 [2f2aa734-5659-47cb-9e8c-97447fb3d532@group-D78D6EACDF84-FollowerState] INFO  impl.RoleInfo (RoleInfo.java:shutdownFollowerState(110)) - 2f2aa734-5659-47cb-9e8c-97447fb3d532: shutdown 2f2aa734-5659-47cb-9e8c-97447fb3d532@group-D78D6EACDF84-FollowerState
2022-09-30 13:41:09,649 [2f2aa734-5659-47cb-9e8c-97447fb3d532@group-D78D6EACDF84-FollowerState] INFO  server.RaftServer$Division (RaftServerImpl.java:setRole(299)) - 2f2aa734-5659-47cb-9e8c-97447fb3d532@group-D78D6EACDF84: changes role from  FOLLOWER to CANDIDATE at term 0 for changeToCandidate
2022-09-30 13:41:09,649 [2f2aa734-5659-47cb-9e8c-97447fb3d532@group-D78D6EACDF84-FollowerState] INFO  server.RaftServerConfigKeys (ConfUtils.java:logGet(46)) - raft.server.leaderelection.pre-vote = false (custom)
2022-09-30 13:41:09,649 [2f2aa734-5659-47cb-9e8c-97447fb3d532@group-D78D6EACDF84-FollowerState] INFO  impl.RoleInfo (RoleInfo.java:updateAndGet(139)) - 2f2aa734-5659-47cb-9e8c-97447fb3d532: start 2f2aa734-5659-47cb-9e8c-97447fb3d532@group-D78D6EACDF84-LeaderElection33
2022-09-30 13:41:09,655 [2f2aa734-5659-47cb-9e8c-97447fb3d532@group-D78D6EACDF84-LeaderElection33] INFO  impl.LeaderElection (LeaderElection.java:askForVotes(310)) - 2f2aa734-5659-47cb-9e8c-97447fb3d532@group-D78D6EACDF84-LeaderElection33 ELECTION round 0: submit vote requests at term 1 for -1: [2f2aa734-5659-47cb-9e8c-97447fb3d532|rpc:10.1.0.210:39967|priority:1], old=null
2022-09-30 13:41:09,655 [2f2aa734-5659-47cb-9e8c-97447fb3d532@group-D78D6EACDF84-LeaderElection33] INFO  impl.LeaderElection (LeaderElection.java:askForVotes(312)) - 2f2aa734-5659-47cb-9e8c-97447fb3d532@group-D78D6EACDF84-LeaderElection33 ELECTION round 0: result PASSED (term=1)
2022-09-30 13:41:09,655 [2f2aa734-5659-47cb-9e8c-97447fb3d532@group-D78D6EACDF84-LeaderElection33] INFO  impl.RoleInfo (RoleInfo.java:shutdownLeaderElection(130)) - 2f2aa734-5659-47cb-9e8c-97447fb3d532: shutdown 2f2aa734-5659-47cb-9e8c-97447fb3d532@group-D78D6EACDF84-LeaderElection33
2022-09-30 13:41:09,655 [2f2aa734-5659-47cb-9e8c-97447fb3d532@group-D78D6EACDF84-LeaderElection33] INFO  server.RaftServer$Division (RaftServerImpl.java:setRole(299)) - 2f2aa734-5659-47cb-9e8c-97447fb3d532@group-D78D6EACDF84: changes role from CANDIDATE to LEADER at term 1 for changeToLeader
2022-09-30 13:41:09,655 [2f2aa734-5659-47cb-9e8c-97447fb3d532@group-D78D6EACDF84-LeaderElection33] INFO  ratis.XceiverServerRatis (XceiverServerRatis.java:handleLeaderChangedNotification(863)) - Leader change notification received for group: group-D78D6EACDF84 with new leaderId: 2f2aa734-5659-47cb-9e8c-97447fb3d532
2022-09-30 13:41:09,656 [2f2aa734-5659-47cb-9e8c-97447fb3d532@group-D78D6EACDF84-LeaderElection33] INFO  server.RaftServer$Division (ServerState.java:setLeader(287)) - 2f2aa734-5659-47cb-9e8c-97447fb3d532@group-D78D6EACDF84: change Leader from null to 2f2aa734-5659-47cb-9e8c-97447fb3d532 at term 1 for becomeLeader, leader elected after 5161ms
2022-09-30 13:41:09,656 [2f2aa734-5659-47cb-9e8c-97447fb3d532@group-D78D6EACDF84-LeaderElection33] INFO  server.RaftServerConfigKeys (ConfUtils.java:logGet(46)) - raft.server.staging.catchup.gap = 1000 (default)
2022-09-30 13:41:09,656 [2f2aa734-5659-47cb-9e8c-97447fb3d532@group-D78D6EACDF84-LeaderElection33] INFO  server.RaftServerConfigKeys (ConfUtils.java:logGet(46)) - raft.server.write.element-limit = 1024 (custom)
2022-09-30 13:41:09,657 [2f2aa734-5659-47cb-9e8c-97447fb3d532@group-D78D6EACDF84-LeaderElection33] INFO  server.RaftServerConfigKeys (ConfUtils.java:logGet(46)) - raft.server.write.byte-limit = 1024 M (=1073741824) (custom)
2022-09-30 13:41:09,657 [EventQueue-OpenPipelineForHealthyPipelineSafeModeRule] INFO  safemode.SCMSafeModeManager (HealthyPipelineSafeModeRule.java:process(137)) - SCM in safe mode. Healthy pipelines reported count is 0, required healthy pipeline reported count is 1
2022-09-30 13:41:09,658 [2f2aa734-5659-47cb-9e8c-97447fb3d532@group-D78D6EACDF84-LeaderElection33] INFO  server.RaftServerConfigKeys (ConfUtils.java:logGet(46)) - raft.server.watch.timeout = 180s (custom)
2022-09-30 13:41:09,658 [2f2aa734-5659-47cb-9e8c-97447fb3d532@group-D78D6EACDF84-LeaderElection33] INFO  server.RaftServerConfigKeys (ConfUtils.java:logGet(46)) - raft.server.watch.timeout.denomination = 1s (default)
2022-09-30 13:41:09,658 [2f2aa734-5659-47cb-9e8c-97447fb3d532@group-D78D6EACDF84-LeaderElection33] INFO  server.RaftServerConfigKeys (ConfUtils.java:logGet(46)) - raft.server.watch.element-limit = 65536 (default)
2022-09-30 13:41:09,658 [2f2aa734-5659-47cb-9e8c-97447fb3d532@group-D78D6EACDF84-LeaderElection33] INFO  server.RaftServerConfigKeys (ConfUtils.java:logGet(46)) - raft.server.write.element-limit = 1024 (custom)
2022-09-30 13:41:09,658 [2f2aa734-5659-47cb-9e8c-97447fb3d532@group-D78D6EACDF84-LeaderElection33] INFO  server.RaftServerConfigKeys (ConfUtils.java:logGet(46)) - raft.server.write.follower.gap.ratio.max = -1.0 (default)
2022-09-30 13:41:09,658 [2f2aa734-5659-47cb-9e8c-97447fb3d532@group-D78D6EACDF84-LeaderElection33] INFO  impl.RoleInfo (RoleInfo.java:updateAndGet(139)) - 2f2aa734-5659-47cb-9e8c-97447fb3d532: start 2f2aa734-5659-47cb-9e8c-97447fb3d532@group-D78D6EACDF84-LeaderStateImpl
2022-09-30 13:41:09,658 [2f2aa734-5659-47cb-9e8c-97447fb3d532@group-D78D6EACDF84-LeaderElection33] INFO  segmented.SegmentedRaftLogWorker (SegmentedRaftLogWorker.java:startLogSegment(425)) - 2f2aa734-5659-47cb-9e8c-97447fb3d532@group-D78D6EACDF84-SegmentedRaftLogWorker: Starting segment from index:0
2022-09-30 13:41:09,659 [2f2aa734-5659-47cb-9e8c-97447fb3d532@group-D78D6EACDF84-LeaderElection33] INFO  server.RaftServer$Division (ServerState.java:setRaftConf(393)) - 2f2aa734-5659-47cb-9e8c-97447fb3d532@group-D78D6EACDF84: set configuration 0: [2f2aa734-5659-47cb-9e8c-97447fb3d532|rpc:10.1.0.210:39967|dataStream:|priority:1], old=null
2022-09-30 13:41:09,660 [2f2aa734-5659-47cb-9e8c-97447fb3d532@group-D78D6EACDF84-SegmentedRaftLogWorker] INFO  segmented.SegmentedRaftLogWorker (SegmentedRaftLogWorker.java:execute(629)) - 2f2aa734-5659-47cb-9e8c-97447fb3d532@group-D78D6EACDF84-SegmentedRaftLogWorker: created new log segment /home/runner/work/ozone/ozone/hadoop-ozone/integration-test/target/test-dir/MiniOzoneClusterImpl-b8847c17-62d3-4307-a1ed-7c038275c3d3/datanode-5/data/ratis/a33bb06c-14e0-4881-a5d3-d78d6eacdf84/current/log_inprogress_0
2022-09-30 13:41:09,932 [ReplicationMonitor] INFO  replication.ReplicationManager (ReplicationManager.java:processAll(291)) - Replication Manager is not ready to run until 3000ms after safemode exit
2022-09-30 13:41:09,981 [Under Replicated Processor] INFO  replication.UnderReplicatedProcessor (UnderReplicatedProcessor.java:processAll(92)) - Processed 0 under replicated containers, failed processing 0
2022-09-30 13:41:10,021 [Over Replicated Processor] INFO  replication.OverReplicatedProcessor (OverReplicatedProcessor.java:processAll(90)) - Processed 0 over replicated containers, failed processing 0
2022-09-30 13:41:10,074 [ReplicationMonitor] INFO  replication.ReplicationManager (ReplicationManager.java:processAll(324)) - Replication Monitor Thread took 1 milliseconds for processing 8 containers.
2022-09-30 13:41:10,111 [EventQueue-StaleNodeForStaleNodeHandler] INFO  node.StaleNodeHandler (StaleNodeHandler.java:onMessage(59)) - Datanode 63487312-87aa-4652-9988-76e01a899b42{ip: 10.1.0.210, host: fv-az264-432.ca02foy5wcnuvlrvrz2wi3p2og.dx.internal.cloudapp.net, ports: [REPLICATION=33927, RATIS=39059, RATIS_ADMIN=39059, RATIS_SERVER=39059, STANDALONE=46255], networkLocation: /default-rack, certSerialId: null, persistedOpState: DECOMMISSIONING, persistedOpStateExpiryEpochSec: 0} moved to stale state. Finalizing its pipelines []
2022-09-30 13:41:10,156 [EventQueue-OpenPipelineForHealthyPipelineSafeModeRule] INFO  safemode.SCMSafeModeManager (HealthyPipelineSafeModeRule.java:process(137)) - SCM in safe mode. Healthy pipelines reported count is 0, required healthy pipeline reported count is 1
2022-09-30 13:41:10,272 [Listener at 127.0.0.1/45417] INFO  ozone.MiniOzoneClusterImpl (MiniOzoneClusterImpl.java:lambda$waitForClusterToBeReady$0(216)) - Nodes are ready. Got 7 of 7 DN Heartbeats.
2022-09-30 13:41:10,273 [Listener at 127.0.0.1/45417] INFO  ozone.MiniOzoneClusterImpl (MiniOzoneClusterImpl.java:lambda$waitForClusterToBeReady$0(219)) - Waiting for cluster to exit safe mode
2022-09-30 13:41:10,273 [Listener at 127.0.0.1/45417] INFO  ozone.MiniOzoneClusterImpl (MiniOzoneClusterImpl.java:lambda$waitForClusterToBeReady$0(221)) - SCM became leader
2022-09-30 13:41:10,323 [EventQueue-OpenPipelineForHealthyPipelineSafeModeRule] INFO  safemode.SCMSafeModeManager (HealthyPipelineSafeModeRule.java:process(137)) - SCM in safe mode. Healthy pipelines reported count is 0, required healthy pipeline reported count is 1
2022-09-30 13:41:10,354 [5fd21519-d465-486f-aa0a-eae2facbcca8@group-8CE821DBD11B-FollowerState] INFO  impl.FollowerState (FollowerState.java:run(143)) - 5fd21519-d465-486f-aa0a-eae2facbcca8@group-8CE821DBD11B-FollowerState: change to CANDIDATE, lastRpcElapsedTime:5026647466ns, electionTimeout:5024ms
2022-09-30 13:41:10,354 [5fd21519-d465-486f-aa0a-eae2facbcca8@group-8CE821DBD11B-FollowerState] INFO  impl.RoleInfo (RoleInfo.java:shutdownFollowerState(110)) - 5fd21519-d465-486f-aa0a-eae2facbcca8: shutdown 5fd21519-d465-486f-aa0a-eae2facbcca8@group-8CE821DBD11B-FollowerState
2022-09-30 13:41:10,354 [5fd21519-d465-486f-aa0a-eae2facbcca8@group-8CE821DBD11B-FollowerState] INFO  server.RaftServer$Division (RaftServerImpl.java:setRole(299)) - 5fd21519-d465-486f-aa0a-eae2facbcca8@group-8CE821DBD11B: changes role from  FOLLOWER to CANDIDATE at term 0 for changeToCandidate
2022-09-30 13:41:10,354 [5fd21519-d465-486f-aa0a-eae2facbcca8@group-8CE821DBD11B-FollowerState] INFO  server.RaftServerConfigKeys (ConfUtils.java:logGet(46)) - raft.server.leaderelection.pre-vote = false (custom)
2022-09-30 13:41:10,354 [5fd21519-d465-486f-aa0a-eae2facbcca8@group-8CE821DBD11B-FollowerState] INFO  impl.RoleInfo (RoleInfo.java:updateAndGet(139)) - 5fd21519-d465-486f-aa0a-eae2facbcca8: start 5fd21519-d465-486f-aa0a-eae2facbcca8@group-8CE821DBD11B-LeaderElection34
2022-09-30 13:41:10,361 [5fd21519-d465-486f-aa0a-eae2facbcca8@group-8CE821DBD11B-LeaderElection34] INFO  impl.LeaderElection (LeaderElection.java:askForVotes(310)) - 5fd21519-d465-486f-aa0a-eae2facbcca8@group-8CE821DBD11B-LeaderElection34 ELECTION round 0: submit vote requests at term 1 for -1: [5fd21519-d465-486f-aa0a-eae2facbcca8|rpc:10.1.0.210:42913|priority:1], old=null
2022-09-30 13:41:10,361 [5fd21519-d465-486f-aa0a-eae2facbcca8@group-8CE821DBD11B-LeaderElection34] INFO  impl.LeaderElection (LeaderElection.java:askForVotes(312)) - 5fd21519-d465-486f-aa0a-eae2facbcca8@group-8CE821DBD11B-LeaderElection34 ELECTION round 0: result PASSED (term=1)
2022-09-30 13:41:10,361 [5fd21519-d465-486f-aa0a-eae2facbcca8@group-8CE821DBD11B-LeaderElection34] INFO  impl.RoleInfo (RoleInfo.java:shutdownLeaderElection(130)) - 5fd21519-d465-486f-aa0a-eae2facbcca8: shutdown 5fd21519-d465-486f-aa0a-eae2facbcca8@group-8CE821DBD11B-LeaderElection34
2022-09-30 13:41:10,362 [5fd21519-d465-486f-aa0a-eae2facbcca8@group-8CE821DBD11B-LeaderElection34] INFO  server.RaftServer$Division (RaftServerImpl.java:setRole(299)) - 5fd21519-d465-486f-aa0a-eae2facbcca8@group-8CE821DBD11B: changes role from CANDIDATE to LEADER at term 1 for changeToLeader
2022-09-30 13:41:10,362 [5fd21519-d465-486f-aa0a-eae2facbcca8@group-8CE821DBD11B-LeaderElection34] INFO  ratis.XceiverServerRatis (XceiverServerRatis.java:handleLeaderChangedNotification(863)) - Leader change notification received for group: group-8CE821DBD11B with new leaderId: 5fd21519-d465-486f-aa0a-eae2facbcca8
2022-09-30 13:41:10,363 [EventQueue-OpenPipelineForHealthyPipelineSafeModeRule] INFO  safemode.SCMSafeModeManager (HealthyPipelineSafeModeRule.java:process(137)) - SCM in safe mode. Healthy pipelines reported count is 0, required healthy pipeline reported count is 1
2022-09-30 13:41:10,363 [5fd21519-d465-486f-aa0a-eae2facbcca8@group-8CE821DBD11B-LeaderElection34] INFO  server.RaftServer$Division (ServerState.java:setLeader(287)) - 5fd21519-d465-486f-aa0a-eae2facbcca8@group-8CE821DBD11B: change Leader from null to 5fd21519-d465-486f-aa0a-eae2facbcca8 at term 1 for becomeLeader, leader elected after 5040ms
2022-09-30 13:41:10,363 [5fd21519-d465-486f-aa0a-eae2facbcca8@group-8CE821DBD11B-LeaderElection34] INFO  server.RaftServerConfigKeys (ConfUtils.java:logGet(46)) - raft.server.staging.catchup.gap = 1000 (default)
2022-09-30 13:41:10,364 [5fd21519-d465-486f-aa0a-eae2facbcca8@group-8CE821DBD11B-LeaderElection34] INFO  server.RaftServerConfigKeys (ConfUtils.java:logGet(46)) - raft.server.write.element-limit = 1024 (custom)
2022-09-30 13:41:10,364 [5fd21519-d465-486f-aa0a-eae2facbcca8@group-8CE821DBD11B-LeaderElection34] INFO  server.RaftServerConfigKeys (ConfUtils.java:logGet(46)) - raft.server.write.byte-limit = 1024 M (=1073741824) (custom)
2022-09-30 13:41:10,364 [5fd21519-d465-486f-aa0a-eae2facbcca8@group-8CE821DBD11B-LeaderElection34] INFO  server.RaftServerConfigKeys (ConfUtils.java:logGet(46)) - raft.server.watch.timeout = 180s (custom)
2022-09-30 13:41:10,364 [5fd21519-d465-486f-aa0a-eae2facbcca8@group-8CE821DBD11B-LeaderElection34] INFO  server.RaftServerConfigKeys (ConfUtils.java:logGet(46)) - raft.server.watch.timeout.denomination = 1s (default)
2022-09-30 13:41:10,364 [5fd21519-d465-486f-aa0a-eae2facbcca8@group-8CE821DBD11B-LeaderElection34] INFO  server.RaftServerConfigKeys (ConfUtils.java:logGet(46)) - raft.server.watch.element-limit = 65536 (default)
2022-09-30 13:41:10,364 [5fd21519-d465-486f-aa0a-eae2facbcca8@group-8CE821DBD11B-LeaderElection34] INFO  server.RaftServerConfigKeys (ConfUtils.java:logGet(46)) - raft.server.write.element-limit = 1024 (custom)
2022-09-30 13:41:10,364 [5fd21519-d465-486f-aa0a-eae2facbcca8@group-8CE821DBD11B-LeaderElection34] INFO  server.RaftServerConfigKeys (ConfUtils.java:logGet(46)) - raft.server.write.follower.gap.ratio.max = -1.0 (default)
2022-09-30 13:41:10,364 [5fd21519-d465-486f-aa0a-eae2facbcca8@group-8CE821DBD11B-LeaderElection34] INFO  impl.RoleInfo (RoleInfo.java:updateAndGet(139)) - 5fd21519-d465-486f-aa0a-eae2facbcca8: start 5fd21519-d465-486f-aa0a-eae2facbcca8@group-8CE821DBD11B-LeaderStateImpl
2022-09-30 13:41:10,365 [5fd21519-d465-486f-aa0a-eae2facbcca8@group-8CE821DBD11B-LeaderElection34] INFO  segmented.SegmentedRaftLogWorker (SegmentedRaftLogWorker.java:startLogSegment(425)) - 5fd21519-d465-486f-aa0a-eae2facbcca8@group-8CE821DBD11B-SegmentedRaftLogWorker: Starting segment from index:0
2022-09-30 13:41:10,367 [5fd21519-d465-486f-aa0a-eae2facbcca8@group-8CE821DBD11B-LeaderElection34] INFO  server.RaftServer$Division (ServerState.java:setRaftConf(393)) - 5fd21519-d465-486f-aa0a-eae2facbcca8@group-8CE821DBD11B: set configuration 0: [5fd21519-d465-486f-aa0a-eae2facbcca8|rpc:10.1.0.210:42913|dataStream:|priority:1], old=null
2022-09-30 13:41:10,368 [5fd21519-d465-486f-aa0a-eae2facbcca8@group-8CE821DBD11B-SegmentedRaftLogWorker] INFO  segmented.SegmentedRaftLogWorker (SegmentedRaftLogWorker.java:execute(629)) - 5fd21519-d465-486f-aa0a-eae2facbcca8@group-8CE821DBD11B-SegmentedRaftLogWorker: created new log segment /home/runner/work/ozone/ozone/hadoop-ozone/integration-test/target/test-dir/MiniOzoneClusterImpl-b8847c17-62d3-4307-a1ed-7c038275c3d3/datanode-6/data/ratis/82fb9998-b55f-4da7-be5a-8ce821dbd11b/current/log_inprogress_0
2022-09-30 13:41:10,410 [EventQueue-OpenPipelineForHealthyPipelineSafeModeRule] INFO  safemode.SCMSafeModeManager (HealthyPipelineSafeModeRule.java:process(137)) - SCM in safe mode. Healthy pipelines reported count is 0, required healthy pipeline reported count is 1
2022-09-30 13:41:10,694 [EventQueue-OpenPipelineForHealthyPipelineSafeModeRule] INFO  safemode.SCMSafeModeManager (HealthyPipelineSafeModeRule.java:process(137)) - SCM in safe mode. Healthy pipelines reported count is 0, required healthy pipeline reported count is 1
2022-09-30 13:41:10,796 [EventQueue-OpenPipelineForHealthyPipelineSafeModeRule] INFO  safemode.SCMSafeModeManager (HealthyPipelineSafeModeRule.java:process(137)) - SCM in safe mode. Healthy pipelines reported count is 0, required healthy pipeline reported count is 1
2022-09-30 13:41:10,803 [EventQueue-OpenPipelineForHealthyPipelineSafeModeRule] INFO  safemode.SCMSafeModeManager (HealthyPipelineSafeModeRule.java:process(137)) - SCM in safe mode. Healthy pipelines reported count is 0, required healthy pipeline reported count is 1
2022-09-30 13:41:10,933 [ReplicationMonitor] INFO  replication.ReplicationManager (ReplicationManager.java:processAll(291)) - Replication Manager is not ready to run until 3000ms after safemode exit
2022-09-30 13:41:10,966 [2ebbe601-d5be-40a5-8ef8-5fe69b71d197@group-44C64A0B4B82-FollowerState] INFO  impl.FollowerState (FollowerState.java:run(143)) - 2ebbe601-d5be-40a5-8ef8-5fe69b71d197@group-44C64A0B4B82-FollowerState: change to CANDIDATE, lastRpcElapsedTime:5062853032ns, electionTimeout:5062ms
2022-09-30 13:41:10,966 [2ebbe601-d5be-40a5-8ef8-5fe69b71d197@group-44C64A0B4B82-FollowerState] INFO  impl.RoleInfo (RoleInfo.java:shutdownFollowerState(110)) - 2ebbe601-d5be-40a5-8ef8-5fe69b71d197: shutdown 2ebbe601-d5be-40a5-8ef8-5fe69b71d197@group-44C64A0B4B82-FollowerState
2022-09-30 13:41:10,966 [2ebbe601-d5be-40a5-8ef8-5fe69b71d197@group-44C64A0B4B82-FollowerState] INFO  server.RaftServer$Division (RaftServerImpl.java:setRole(299)) - 2ebbe601-d5be-40a5-8ef8-5fe69b71d197@group-44C64A0B4B82: changes role from  FOLLOWER to CANDIDATE at term 1 for changeToCandidate
2022-09-30 13:41:10,966 [2ebbe601-d5be-40a5-8ef8-5fe69b71d197@group-44C64A0B4B82-FollowerState] INFO  server.RaftServerConfigKeys (ConfUtils.java:logGet(46)) - raft.server.leaderelection.pre-vote = false (custom)
2022-09-30 13:41:10,967 [2ebbe601-d5be-40a5-8ef8-5fe69b71d197@group-44C64A0B4B82-FollowerState] INFO  impl.RoleInfo (RoleInfo.java:updateAndGet(139)) - 2ebbe601-d5be-40a5-8ef8-5fe69b71d197: start 2ebbe601-d5be-40a5-8ef8-5fe69b71d197@group-44C64A0B4B82-LeaderElection35
2022-09-30 13:41:10,972 [2ebbe601-d5be-40a5-8ef8-5fe69b71d197@group-44C64A0B4B82-LeaderElection35] INFO  impl.LeaderElection (LeaderElection.java:askForVotes(310)) - 2ebbe601-d5be-40a5-8ef8-5fe69b71d197@group-44C64A0B4B82-LeaderElection35 ELECTION round 0: submit vote requests at term 2 for -1: [2ebbe601-d5be-40a5-8ef8-5fe69b71d197|rpc:10.1.0.210:37421|dataStream:|priority:0, 1abef520-eeaa-4e7a-a2f3-4eef6d213e0d|rpc:10.1.0.210:45505|dataStream:|priority:0, 667118c9-2086-46d8-bebb-14ab86077656|rpc:10.1.0.210:34109|dataStream:|priority:1], old=null
2022-09-30 13:41:10,974 [grpc-default-executor-6] INFO  server.RaftServer$Division (RaftServerImpl.java:requestVote(1152)) - 1abef520-eeaa-4e7a-a2f3-4eef6d213e0d@group-44C64A0B4B82: receive requestVote(ELECTION, 2ebbe601-d5be-40a5-8ef8-5fe69b71d197, group-44C64A0B4B82, 2, (t:0, i:0))
2022-09-30 13:41:10,974 [grpc-default-executor-6] INFO  impl.VoteContext (VoteContext.java:log(48)) - 1abef520-eeaa-4e7a-a2f3-4eef6d213e0d@group-44C64A0B4B82-FOLLOWER: accept ELECTION from 2ebbe601-d5be-40a5-8ef8-5fe69b71d197: our priority 0 <= candidate's priority 0
2022-09-30 13:41:10,974 [grpc-default-executor-6] INFO  server.RaftServer$Division (RaftServerImpl.java:setRole(299)) - 1abef520-eeaa-4e7a-a2f3-4eef6d213e0d@group-44C64A0B4B82: changes role from  FOLLOWER to FOLLOWER at term 2 for candidate:2ebbe601-d5be-40a5-8ef8-5fe69b71d197
2022-09-30 13:41:10,974 [grpc-default-executor-6] INFO  impl.RoleInfo (RoleInfo.java:shutdownFollowerState(110)) - 1abef520-eeaa-4e7a-a2f3-4eef6d213e0d: shutdown 1abef520-eeaa-4e7a-a2f3-4eef6d213e0d@group-44C64A0B4B82-FollowerState
2022-09-30 13:41:10,974 [grpc-default-executor-6] INFO  impl.RoleInfo (RoleInfo.java:updateAndGet(139)) - 1abef520-eeaa-4e7a-a2f3-4eef6d213e0d: start 1abef520-eeaa-4e7a-a2f3-4eef6d213e0d@group-44C64A0B4B82-FollowerState
2022-09-30 13:41:10,974 [1abef520-eeaa-4e7a-a2f3-4eef6d213e0d@group-44C64A0B4B82-FollowerState] INFO  impl.FollowerState (FollowerState.java:run(152)) - 1abef520-eeaa-4e7a-a2f3-4eef6d213e0d@group-44C64A0B4B82-FollowerState was interrupted
2022-09-30 13:41:10,975 [grpc-default-executor-1] INFO  server.RaftServer$Division (RaftServerImpl.java:requestVote(1152)) - 667118c9-2086-46d8-bebb-14ab86077656@group-44C64A0B4B82: receive requestVote(ELECTION, 2ebbe601-d5be-40a5-8ef8-5fe69b71d197, group-44C64A0B4B82, 2, (t:0, i:0))
2022-09-30 13:41:10,975 [grpc-default-executor-1] INFO  impl.VoteContext (VoteContext.java:log(48)) - 667118c9-2086-46d8-bebb-14ab86077656@group-44C64A0B4B82-FOLLOWER: reject ELECTION from 2ebbe601-d5be-40a5-8ef8-5fe69b71d197: our priority 1 > candidate's priority 0
2022-09-30 13:41:10,975 [grpc-default-executor-1] INFO  server.RaftServer$Division (RaftServerImpl.java:setRole(299)) - 667118c9-2086-46d8-bebb-14ab86077656@group-44C64A0B4B82: changes role from  FOLLOWER to FOLLOWER at term 2 for candidate:2ebbe601-d5be-40a5-8ef8-5fe69b71d197
2022-09-30 13:41:10,975 [grpc-default-executor-1] INFO  impl.RoleInfo (RoleInfo.java:shutdownFollowerState(110)) - 667118c9-2086-46d8-bebb-14ab86077656: shutdown 667118c9-2086-46d8-bebb-14ab86077656@group-44C64A0B4B82-FollowerState
2022-09-30 13:41:10,980 [grpc-default-executor-1] INFO  impl.RoleInfo (RoleInfo.java:updateAndGet(139)) - 667118c9-2086-46d8-bebb-14ab86077656: start 667118c9-2086-46d8-bebb-14ab86077656@group-44C64A0B4B82-FollowerState
2022-09-30 13:41:10,980 [667118c9-2086-46d8-bebb-14ab86077656@group-44C64A0B4B82-FollowerState] INFO  impl.FollowerState (FollowerState.java:run(152)) - 667118c9-2086-46d8-bebb-14ab86077656@group-44C64A0B4B82-FollowerState was interrupted
2022-09-30 13:41:10,981 [grpc-default-executor-6] INFO  server.RaftServer$Division (RaftServerImpl.java:requestVote(1184)) - 1abef520-eeaa-4e7a-a2f3-4eef6d213e0d@group-44C64A0B4B82 replies to ELECTION vote request: 2ebbe601-d5be-40a5-8ef8-5fe69b71d197<-1abef520-eeaa-4e7a-a2f3-4eef6d213e0d#0:OK-t2. Peer's state: 1abef520-eeaa-4e7a-a2f3-4eef6d213e0d@group-44C64A0B4B82:t2, leader=null, voted=2ebbe601-d5be-40a5-8ef8-5fe69b71d197, raftlog=1abef520-eeaa-4e7a-a2f3-4eef6d213e0d@group-44C64A0B4B82-SegmentedRaftLog:OPENED:c-1, conf=-1: [2ebbe601-d5be-40a5-8ef8-5fe69b71d197|rpc:10.1.0.210:37421|priority:0, 1abef520-eeaa-4e7a-a2f3-4eef6d213e0d|rpc:10.1.0.210:45505|priority:0, 667118c9-2086-46d8-bebb-14ab86077656|rpc:10.1.0.210:34109|priority:1], old=null
2022-09-30 13:41:10,981 [Under Replicated Processor] INFO  replication.UnderReplicatedProcessor (UnderReplicatedProcessor.java:processAll(92)) - Processed 0 under replicated containers, failed processing 0
2022-09-30 13:41:10,996 [grpc-default-executor-1] INFO  server.RaftServer$Division (RaftServerImpl.java:requestVote(1184)) - 667118c9-2086-46d8-bebb-14ab86077656@group-44C64A0B4B82 replies to ELECTION vote request: 2ebbe601-d5be-40a5-8ef8-5fe69b71d197<-667118c9-2086-46d8-bebb-14ab86077656#0:FAIL-t2. Peer's state: 667118c9-2086-46d8-bebb-14ab86077656@group-44C64A0B4B82:t2, leader=null, voted=null, raftlog=667118c9-2086-46d8-bebb-14ab86077656@group-44C64A0B4B82-SegmentedRaftLog:OPENED:c-1, conf=-1: [2ebbe601-d5be-40a5-8ef8-5fe69b71d197|rpc:10.1.0.210:37421|dataStream:|priority:0, 1abef520-eeaa-4e7a-a2f3-4eef6d213e0d|rpc:10.1.0.210:45505|dataStream:|priority:0, 667118c9-2086-46d8-bebb-14ab86077656|rpc:10.1.0.210:34109|dataStream:|priority:1], old=null
2022-09-30 13:41:10,999 [2ebbe601-d5be-40a5-8ef8-5fe69b71d197@group-44C64A0B4B82-LeaderElection35] INFO  impl.LeaderElection (LeaderElection.java:logAndReturn(90)) - 2ebbe601-d5be-40a5-8ef8-5fe69b71d197@group-44C64A0B4B82-LeaderElection35: ELECTION REJECTED received 2 response(s) and 0 exception(s):
2022-09-30 13:41:10,999 [2ebbe601-d5be-40a5-8ef8-5fe69b71d197@group-44C64A0B4B82-LeaderElection35] INFO  impl.LeaderElection (LeaderElection.java:logAndReturn(94)) -   Response 0: 2ebbe601-d5be-40a5-8ef8-5fe69b71d197<-1abef520-eeaa-4e7a-a2f3-4eef6d213e0d#0:OK-t2
2022-09-30 13:41:10,999 [2ebbe601-d5be-40a5-8ef8-5fe69b71d197@group-44C64A0B4B82-LeaderElection35] INFO  impl.LeaderElection (LeaderElection.java:logAndReturn(94)) -   Response 1: 2ebbe601-d5be-40a5-8ef8-5fe69b71d197<-667118c9-2086-46d8-bebb-14ab86077656#0:FAIL-t2
2022-09-30 13:41:10,999 [2ebbe601-d5be-40a5-8ef8-5fe69b71d197@group-44C64A0B4B82-LeaderElection35] INFO  impl.LeaderElection (LeaderElection.java:askForVotes(312)) - 2ebbe601-d5be-40a5-8ef8-5fe69b71d197@group-44C64A0B4B82-LeaderElection35 ELECTION round 0: result REJECTED
2022-09-30 13:41:10,999 [2ebbe601-d5be-40a5-8ef8-5fe69b71d197@group-44C64A0B4B82-LeaderElection35] INFO  server.RaftServer$Division (RaftServerImpl.java:setRole(299)) - 2ebbe601-d5be-40a5-8ef8-5fe69b71d197@group-44C64A0B4B82: changes role from CANDIDATE to FOLLOWER at term 2 for REJECTED
2022-09-30 13:41:10,999 [2ebbe601-d5be-40a5-8ef8-5fe69b71d197@group-44C64A0B4B82-LeaderElection35] INFO  impl.RoleInfo (RoleInfo.java:shutdownLeaderElection(130)) - 2ebbe601-d5be-40a5-8ef8-5fe69b71d197: shutdown 2ebbe601-d5be-40a5-8ef8-5fe69b71d197@group-44C64A0B4B82-LeaderElection35
2022-09-30 13:41:10,999 [2ebbe601-d5be-40a5-8ef8-5fe69b71d197@group-44C64A0B4B82-LeaderElection35] INFO  impl.RoleInfo (RoleInfo.java:updateAndGet(139)) - 2ebbe601-d5be-40a5-8ef8-5fe69b71d197: start 2ebbe601-d5be-40a5-8ef8-5fe69b71d197@group-44C64A0B4B82-FollowerState
2022-09-30 13:41:11,021 [Over Replicated Processor] INFO  replication.OverReplicatedProcessor (OverReplicatedProcessor.java:processAll(90)) - Processed 0 over replicated containers, failed processing 0
2022-09-30 13:41:11,075 [ReplicationMonitor] INFO  replication.ReplicationManager (ReplicationManager.java:processAll(324)) - Replication Monitor Thread took 1 milliseconds for processing 8 containers.
2022-09-30 13:41:11,157 [EventQueue-OpenPipelineForHealthyPipelineSafeModeRule] INFO  safemode.SCMSafeModeManager (HealthyPipelineSafeModeRule.java:process(137)) - SCM in safe mode. Healthy pipelines reported count is 0, required healthy pipeline reported count is 1
2022-09-30 13:41:11,273 [Listener at 127.0.0.1/45417] INFO  ozone.MiniOzoneClusterImpl (MiniOzoneClusterImpl.java:lambda$waitForClusterToBeReady$0(216)) - Nodes are ready. Got 7 of 7 DN Heartbeats.
2022-09-30 13:41:11,273 [Listener at 127.0.0.1/45417] INFO  ozone.MiniOzoneClusterImpl (MiniOzoneClusterImpl.java:lambda$waitForClusterToBeReady$0(219)) - Waiting for cluster to exit safe mode
2022-09-30 13:41:11,273 [Listener at 127.0.0.1/45417] INFO  ozone.MiniOzoneClusterImpl (MiniOzoneClusterImpl.java:lambda$waitForClusterToBeReady$0(221)) - SCM became leader
2022-09-30 13:41:11,364 [EventQueue-OpenPipelineForHealthyPipelineSafeModeRule] INFO  safemode.SCMSafeModeManager (HealthyPipelineSafeModeRule.java:process(137)) - SCM in safe mode. Healthy pipelines reported count is 0, required healthy pipeline reported count is 1
2022-09-30 13:41:11,657 [EventQueue-OpenPipelineForHealthyPipelineSafeModeRule] INFO  safemode.SCMSafeModeManager (HealthyPipelineSafeModeRule.java:process(137)) - SCM in safe mode. Healthy pipelines reported count is 0, required healthy pipeline reported count is 1
2022-09-30 13:41:11,797 [EventQueue-OpenPipelineForHealthyPipelineSafeModeRule] INFO  safemode.SCMSafeModeManager (HealthyPipelineSafeModeRule.java:process(137)) - SCM in safe mode. Healthy pipelines reported count is 0, required healthy pipeline reported count is 1
2022-09-30 13:41:11,804 [EventQueue-OpenPipelineForHealthyPipelineSafeModeRule] INFO  safemode.SCMSafeModeManager (HealthyPipelineSafeModeRule.java:process(137)) - SCM in safe mode. Healthy pipelines reported count is 0, required healthy pipeline reported count is 1
2022-09-30 13:41:11,933 [ReplicationMonitor] INFO  replication.ReplicationManager (ReplicationManager.java:processAll(291)) - Replication Manager is not ready to run until 3000ms after safemode exit
2022-09-30 13:41:11,981 [Under Replicated Processor] INFO  replication.UnderReplicatedProcessor (UnderReplicatedProcessor.java:processAll(92)) - Processed 0 under replicated containers, failed processing 0
2022-09-30 13:41:12,021 [Over Replicated Processor] INFO  replication.OverReplicatedProcessor (OverReplicatedProcessor.java:processAll(90)) - Processed 0 over replicated containers, failed processing 0
2022-09-30 13:41:12,031 [main] INFO  ozoneimpl.OzoneContainer (OzoneContainer.java:stop(400)) - Attempting to stop container services.
2022-09-30 13:41:12,043 [main] INFO  server.RaftServer (RaftServerProxy.java:lambda$close$7(398)) - 63487312-87aa-4652-9988-76e01a899b42: close
2022-09-30 13:41:12,044 [main] INFO  server.GrpcService (GrpcService.java:closeImpl(269)) - 63487312-87aa-4652-9988-76e01a899b42: shutdown server with port 39059 now
2022-09-30 13:41:12,053 [grpc-default-executor-6] WARN  server.GrpcClientProtocolService (LogUtils.java:warn(122)) - 1-UnorderedRequestStreamObserver1: onError: org.apache.ratis.thirdparty.io.grpc.StatusRuntimeException: CANCELLED: client cancelled
2022-09-30 13:41:12,076 [ReplicationMonitor] INFO  replication.ReplicationManager (ReplicationManager.java:processAll(324)) - Replication Monitor Thread took 1 milliseconds for processing 8 containers.
2022-09-30 13:41:12,080 [main] INFO  server.GrpcService (GrpcService.java:closeImpl(278)) - 63487312-87aa-4652-9988-76e01a899b42: shutdown server with port 39059 successfully
2022-09-30 13:41:12,081 [org.apache.ratis.util.JvmPauseMonitor$$Lambda$713/1901567698@62f96583] INFO  util.JvmPauseMonitor (JvmPauseMonitor.java:run(109)) - JvmPauseMonitor-63487312-87aa-4652-9988-76e01a899b42: Stopped
2022-09-30 13:41:12,273 [Listener at 127.0.0.1/45417] INFO  ozone.MiniOzoneClusterImpl (MiniOzoneClusterImpl.java:lambda$waitForClusterToBeReady$0(216)) - Nodes are ready. Got 7 of 7 DN Heartbeats.
2022-09-30 13:41:12,273 [Listener at 127.0.0.1/45417] INFO  ozone.MiniOzoneClusterImpl (MiniOzoneClusterImpl.java:lambda$waitForClusterToBeReady$0(219)) - Waiting for cluster to exit safe mode
2022-09-30 13:41:12,273 [Listener at 127.0.0.1/45417] INFO  ozone.MiniOzoneClusterImpl (MiniOzoneClusterImpl.java:lambda$waitForClusterToBeReady$0(221)) - SCM became leader
2022-09-30 13:41:12,410 [EventQueue-OpenPipelineForHealthyPipelineSafeModeRule] INFO  safemode.SCMSafeModeManager (HealthyPipelineSafeModeRule.java:process(137)) - SCM in safe mode. Healthy pipelines reported count is 0, required healthy pipeline reported count is 1
2022-09-30 13:41:12,658 [EventQueue-OpenPipelineForHealthyPipelineSafeModeRule] INFO  safemode.SCMSafeModeManager (HealthyPipelineSafeModeRule.java:process(137)) - SCM in safe mode. Healthy pipelines reported count is 0, required healthy pipeline reported count is 1
2022-09-30 13:41:12,696 [EventQueue-OpenPipelineForHealthyPipelineSafeModeRule] INFO  safemode.SCMSafeModeManager (HealthyPipelineSafeModeRule.java:process(137)) - SCM in safe mode. Healthy pipelines reported count is 0, required healthy pipeline reported count is 1
2022-09-30 13:41:12,796 [EventQueue-OpenPipelineForHealthyPipelineSafeModeRule] INFO  safemode.SCMSafeModeManager (HealthyPipelineSafeModeRule.java:process(137)) - SCM in safe mode. Healthy pipelines reported count is 0, required healthy pipeline reported count is 1
2022-09-30 13:41:12,914 [1a0b3960-301a-4947-868f-ac6db93c3e0a@group-08FC9429451B-FollowerState] INFO  impl.FollowerState (FollowerState.java:run(143)) - 1a0b3960-301a-4947-868f-ac6db93c3e0a@group-08FC9429451B-FollowerState: change to CANDIDATE, lastRpcElapsedTime:5044482904ns, electionTimeout:5038ms
2022-09-30 13:41:12,914 [1a0b3960-301a-4947-868f-ac6db93c3e0a@group-08FC9429451B-FollowerState] INFO  impl.RoleInfo (RoleInfo.java:shutdownFollowerState(110)) - 1a0b3960-301a-4947-868f-ac6db93c3e0a: shutdown 1a0b3960-301a-4947-868f-ac6db93c3e0a@group-08FC9429451B-FollowerState
2022-09-30 13:41:12,914 [1a0b3960-301a-4947-868f-ac6db93c3e0a@group-08FC9429451B-FollowerState] INFO  server.RaftServer$Division (RaftServerImpl.java:setRole(299)) - 1a0b3960-301a-4947-868f-ac6db93c3e0a@group-08FC9429451B: changes role from  FOLLOWER to CANDIDATE at term 1 for changeToCandidate
2022-09-30 13:41:12,914 [1a0b3960-301a-4947-868f-ac6db93c3e0a@group-08FC9429451B-FollowerState] INFO  server.RaftServerConfigKeys (ConfUtils.java:logGet(46)) - raft.server.leaderelection.pre-vote = false (custom)
2022-09-30 13:41:12,914 [1a0b3960-301a-4947-868f-ac6db93c3e0a@group-08FC9429451B-FollowerState] INFO  impl.RoleInfo (RoleInfo.java:updateAndGet(139)) - 1a0b3960-301a-4947-868f-ac6db93c3e0a: start 1a0b3960-301a-4947-868f-ac6db93c3e0a@group-08FC9429451B-LeaderElection36
2022-09-30 13:41:12,917 [1a0b3960-301a-4947-868f-ac6db93c3e0a@group-08FC9429451B-LeaderElection36] INFO  impl.LeaderElection (LeaderElection.java:askForVotes(310)) - 1a0b3960-301a-4947-868f-ac6db93c3e0a@group-08FC9429451B-LeaderElection36 ELECTION round 0: submit vote requests at term 2 for -1: [2f2aa734-5659-47cb-9e8c-97447fb3d532|rpc:10.1.0.210:39967|dataStream:|priority:0, 1a0b3960-301a-4947-868f-ac6db93c3e0a|rpc:10.1.0.210:38269|dataStream:|priority:1, e1f0d285-df31-43ff-9499-3cdda764b68e|rpc:10.1.0.210:37835|dataStream:|priority:0], old=null
2022-09-30 13:41:12,925 [grpc-default-executor-6] INFO  server.RaftServer$Division (RaftServerImpl.java:requestVote(1152)) - 2f2aa734-5659-47cb-9e8c-97447fb3d532@group-08FC9429451B: receive requestVote(ELECTION, 1a0b3960-301a-4947-868f-ac6db93c3e0a, group-08FC9429451B, 2, (t:0, i:0))
2022-09-30 13:41:12,929 [grpc-default-executor-6] INFO  impl.VoteContext (VoteContext.java:log(48)) - 2f2aa734-5659-47cb-9e8c-97447fb3d532@group-08FC9429451B-FOLLOWER: accept ELECTION from 1a0b3960-301a-4947-868f-ac6db93c3e0a: our priority 0 <= candidate's priority 1
2022-09-30 13:41:12,929 [grpc-default-executor-6] INFO  server.RaftServer$Division (RaftServerImpl.java:setRole(299)) - 2f2aa734-5659-47cb-9e8c-97447fb3d532@group-08FC9429451B: changes role from  FOLLOWER to FOLLOWER at term 2 for candidate:1a0b3960-301a-4947-868f-ac6db93c3e0a
2022-09-30 13:41:12,929 [grpc-default-executor-6] INFO  impl.RoleInfo (RoleInfo.java:shutdownFollowerState(110)) - 2f2aa734-5659-47cb-9e8c-97447fb3d532: shutdown 2f2aa734-5659-47cb-9e8c-97447fb3d532@group-08FC9429451B-FollowerState
2022-09-30 13:41:12,930 [grpc-default-executor-6] INFO  impl.RoleInfo (RoleInfo.java:updateAndGet(139)) - 2f2aa734-5659-47cb-9e8c-97447fb3d532: start 2f2aa734-5659-47cb-9e8c-97447fb3d532@group-08FC9429451B-FollowerState
2022-09-30 13:41:12,930 [2f2aa734-5659-47cb-9e8c-97447fb3d532@group-08FC9429451B-FollowerState] INFO  impl.FollowerState (FollowerState.java:run(152)) - 2f2aa734-5659-47cb-9e8c-97447fb3d532@group-08FC9429451B-FollowerState was interrupted
2022-09-30 13:41:12,931 [grpc-default-executor-1] INFO  server.RaftServer$Division (RaftServerImpl.java:requestVote(1152)) - e1f0d285-df31-43ff-9499-3cdda764b68e@group-08FC9429451B: receive requestVote(ELECTION, 1a0b3960-301a-4947-868f-ac6db93c3e0a, group-08FC9429451B, 2, (t:0, i:0))
2022-09-30 13:41:12,931 [grpc-default-executor-1] INFO  impl.VoteContext (VoteContext.java:log(48)) - e1f0d285-df31-43ff-9499-3cdda764b68e@group-08FC9429451B-FOLLOWER: accept ELECTION from 1a0b3960-301a-4947-868f-ac6db93c3e0a: our priority 0 <= candidate's priority 1
2022-09-30 13:41:12,931 [grpc-default-executor-1] INFO  server.RaftServer$Division (RaftServerImpl.java:setRole(299)) - e1f0d285-df31-43ff-9499-3cdda764b68e@group-08FC9429451B: changes role from  FOLLOWER to FOLLOWER at term 2 for candidate:1a0b3960-301a-4947-868f-ac6db93c3e0a
2022-09-30 13:41:12,931 [grpc-default-executor-1] INFO  impl.RoleInfo (RoleInfo.java:shutdownFollowerState(110)) - e1f0d285-df31-43ff-9499-3cdda764b68e: shutdown e1f0d285-df31-43ff-9499-3cdda764b68e@group-08FC9429451B-FollowerState
2022-09-30 13:41:12,931 [grpc-default-executor-1] INFO  impl.RoleInfo (RoleInfo.java:updateAndGet(139)) - e1f0d285-df31-43ff-9499-3cdda764b68e: start e1f0d285-df31-43ff-9499-3cdda764b68e@group-08FC9429451B-FollowerState
2022-09-30 13:41:12,931 [e1f0d285-df31-43ff-9499-3cdda764b68e@group-08FC9429451B-FollowerState] INFO  impl.FollowerState (FollowerState.java:run(152)) - e1f0d285-df31-43ff-9499-3cdda764b68e@group-08FC9429451B-FollowerState was interrupted
2022-09-30 13:41:12,932 [grpc-default-executor-6] INFO  server.RaftServer$Division (RaftServerImpl.java:requestVote(1184)) - 2f2aa734-5659-47cb-9e8c-97447fb3d532@group-08FC9429451B replies to ELECTION vote request: 1a0b3960-301a-4947-868f-ac6db93c3e0a<-2f2aa734-5659-47cb-9e8c-97447fb3d532#0:OK-t2. Peer's state: 2f2aa734-5659-47cb-9e8c-97447fb3d532@group-08FC9429451B:t2, leader=null, voted=1a0b3960-301a-4947-868f-ac6db93c3e0a, raftlog=2f2aa734-5659-47cb-9e8c-97447fb3d532@group-08FC9429451B-SegmentedRaftLog:OPENED:c-1, conf=-1: [2f2aa734-5659-47cb-9e8c-97447fb3d532|rpc:10.1.0.210:39967|dataStream:|priority:0, 1a0b3960-301a-4947-868f-ac6db93c3e0a|rpc:10.1.0.210:38269|dataStream:|priority:1, e1f0d285-df31-43ff-9499-3cdda764b68e|rpc:10.1.0.210:37835|dataStream:|priority:0], old=null
2022-09-30 13:41:12,933 [1a0b3960-301a-4947-868f-ac6db93c3e0a@group-08FC9429451B-LeaderElection36] INFO  impl.LeaderElection (LeaderElection.java:logAndReturn(90)) - 1a0b3960-301a-4947-868f-ac6db93c3e0a@group-08FC9429451B-LeaderElection36: ELECTION PASSED received 1 response(s) and 0 exception(s):
2022-09-30 13:41:12,933 [1a0b3960-301a-4947-868f-ac6db93c3e0a@group-08FC9429451B-LeaderElection36] INFO  impl.LeaderElection (LeaderElection.java:logAndReturn(94)) -   Response 0: 1a0b3960-301a-4947-868f-ac6db93c3e0a<-2f2aa734-5659-47cb-9e8c-97447fb3d532#0:OK-t2
2022-09-30 13:41:12,933 [1a0b3960-301a-4947-868f-ac6db93c3e0a@group-08FC9429451B-LeaderElection36] INFO  impl.LeaderElection (LeaderElection.java:askForVotes(312)) - 1a0b3960-301a-4947-868f-ac6db93c3e0a@group-08FC9429451B-LeaderElection36 ELECTION round 0: result PASSED
2022-09-30 13:41:12,934 [1a0b3960-301a-4947-868f-ac6db93c3e0a@group-08FC9429451B-LeaderElection36] INFO  impl.RoleInfo (RoleInfo.java:shutdownLeaderElection(130)) - 1a0b3960-301a-4947-868f-ac6db93c3e0a: shutdown 1a0b3960-301a-4947-868f-ac6db93c3e0a@group-08FC9429451B-LeaderElection36
2022-09-30 13:41:12,934 [ReplicationMonitor] INFO  replication.ReplicationManager (ReplicationManager.java:processAll(291)) - Replication Manager is not ready to run until 3000ms after safemode exit
2022-09-30 13:41:12,934 [1a0b3960-301a-4947-868f-ac6db93c3e0a@group-08FC9429451B-LeaderElection36] INFO  server.RaftServer$Division (RaftServerImpl.java:setRole(299)) - 1a0b3960-301a-4947-868f-ac6db93c3e0a@group-08FC9429451B: changes role from CANDIDATE to LEADER at term 2 for changeToLeader
2022-09-30 13:41:12,934 [1a0b3960-301a-4947-868f-ac6db93c3e0a@group-08FC9429451B-LeaderElection36] INFO  ratis.XceiverServerRatis (XceiverServerRatis.java:handleLeaderChangedNotification(863)) - Leader change notification received for group: group-08FC9429451B with new leaderId: 1a0b3960-301a-4947-868f-ac6db93c3e0a
2022-09-30 13:41:12,934 [1a0b3960-301a-4947-868f-ac6db93c3e0a@group-08FC9429451B-LeaderElection36] INFO  server.RaftServer$Division (ServerState.java:setLeader(287)) - 1a0b3960-301a-4947-868f-ac6db93c3e0a@group-08FC9429451B: change Leader from null to 1a0b3960-301a-4947-868f-ac6db93c3e0a at term 2 for becomeLeader, leader elected after 10117ms
2022-09-30 13:41:12,934 [1a0b3960-301a-4947-868f-ac6db93c3e0a@group-08FC9429451B-LeaderElection36] INFO  server.RaftServerConfigKeys (ConfUtils.java:logGet(46)) - raft.server.staging.catchup.gap = 1000 (default)
2022-09-30 13:41:12,934 [1a0b3960-301a-4947-868f-ac6db93c3e0a@group-08FC9429451B-LeaderElection36] INFO  server.RaftServerConfigKeys (ConfUtils.java:logGet(46)) - raft.server.write.element-limit = 1024 (custom)
2022-09-30 13:41:12,935 [1a0b3960-301a-4947-868f-ac6db93c3e0a@group-08FC9429451B-LeaderElection36] INFO  server.RaftServerConfigKeys (ConfUtils.java:logGet(46)) - raft.server.write.byte-limit = 1024 M (=1073741824) (custom)
2022-09-30 13:41:12,935 [1a0b3960-301a-4947-868f-ac6db93c3e0a@group-08FC9429451B-LeaderElection36] INFO  server.RaftServerConfigKeys (ConfUtils.java:logGet(46)) - raft.server.watch.timeout = 180s (custom)
2022-09-30 13:41:12,935 [1a0b3960-301a-4947-868f-ac6db93c3e0a@group-08FC9429451B-LeaderElection36] INFO  server.RaftServerConfigKeys (ConfUtils.java:logGet(46)) - raft.server.watch.timeout.denomination = 1s (default)
2022-09-30 13:41:12,935 [1a0b3960-301a-4947-868f-ac6db93c3e0a@group-08FC9429451B-LeaderElection36] INFO  server.RaftServerConfigKeys (ConfUtils.java:logGet(46)) - raft.server.watch.element-limit = 65536 (default)
2022-09-30 13:41:12,935 [1a0b3960-301a-4947-868f-ac6db93c3e0a@group-08FC9429451B-LeaderElection36] INFO  server.RaftServerConfigKeys (ConfUtils.java:logGet(46)) - raft.server.write.element-limit = 1024 (custom)
2022-09-30 13:41:12,935 [1a0b3960-301a-4947-868f-ac6db93c3e0a@group-08FC9429451B-LeaderElection36] INFO  server.RaftServerConfigKeys (ConfUtils.java:logGet(46)) - raft.server.write.follower.gap.ratio.max = -1.0 (default)
2022-09-30 13:41:12,935 [grpc-default-executor-1] INFO  server.RaftServer$Division (RaftServerImpl.java:requestVote(1184)) - e1f0d285-df31-43ff-9499-3cdda764b68e@group-08FC9429451B replies to ELECTION vote request: 1a0b3960-301a-4947-868f-ac6db93c3e0a<-e1f0d285-df31-43ff-9499-3cdda764b68e#0:OK-t2. Peer's state: e1f0d285-df31-43ff-9499-3cdda764b68e@group-08FC9429451B:t2, leader=null, voted=1a0b3960-301a-4947-868f-ac6db93c3e0a, raftlog=e1f0d285-df31-43ff-9499-3cdda764b68e@group-08FC9429451B-SegmentedRaftLog:OPENED:c-1, conf=-1: [2f2aa734-5659-47cb-9e8c-97447fb3d532|rpc:10.1.0.210:39967|priority:0, 1a0b3960-301a-4947-868f-ac6db93c3e0a|rpc:10.1.0.210:38269|priority:1, e1f0d285-df31-43ff-9499-3cdda764b68e|rpc:10.1.0.210:37835|priority:0], old=null
2022-09-30 13:41:12,937 [EventQueue-PipelineReportForPipelineReportHandler] INFO  pipeline.PipelineManagerImpl (PipelineManagerImpl.java:openPipeline(367)) - Pipeline Pipeline[ Id: 42ceb77f-f25d-4609-8363-08fc9429451b, Nodes: 1a0b3960-301a-4947-868f-ac6db93c3e0a{ip: 10.1.0.210, host: fv-az264-432.ca02foy5wcnuvlrvrz2wi3p2og.dx.internal.cloudapp.net, ports: [REPLICATION=34817, RATIS=38269, RATIS_ADMIN=38269, RATIS_SERVER=38269, STANDALONE=43455], networkLocation: /default-rack, certSerialId: null, persistedOpState: IN_SERVICE, persistedOpStateExpiryEpochSec: 0}2f2aa734-5659-47cb-9e8c-97447fb3d532{ip: 10.1.0.210, host: fv-az264-432.ca02foy5wcnuvlrvrz2wi3p2og.dx.internal.cloudapp.net, ports: [REPLICATION=39829, RATIS=39967, RATIS_ADMIN=39967, RATIS_SERVER=39967, STANDALONE=41087], networkLocation: /default-rack, certSerialId: null, persistedOpState: IN_SERVICE, persistedOpStateExpiryEpochSec: 0}e1f0d285-df31-43ff-9499-3cdda764b68e{ip: 10.1.0.210, host: fv-az264-432.ca02foy5wcnuvlrvrz2wi3p2og.dx.internal.cloudapp.net, ports: [REPLICATION=38227, RATIS=37835, RATIS_ADMIN=37835, RATIS_SERVER=37835, STANDALONE=46171], networkLocation: /default-rack, certSerialId: null, persistedOpState: IN_SERVICE, persistedOpStateExpiryEpochSec: 0}, ReplicationConfig: RATIS/THREE, State:ALLOCATED, leaderId:1a0b3960-301a-4947-868f-ac6db93c3e0a, CreationTimestamp2022-09-30T13:41:01.490Z[Etc/UTC]] moved to OPEN state
2022-09-30 13:41:12,937 [1a0b3960-301a-4947-868f-ac6db93c3e0a@group-08FC9429451B-LeaderElection36] INFO  server.RaftServerConfigKeys (ConfUtils.java:logGet(46)) - raft.server.log.appender.snapshot.chunk.size.max = 16MB (=16777216) (default)
2022-09-30 13:41:12,938 [1a0b3960-301a-4947-868f-ac6db93c3e0a@group-08FC9429451B-LeaderElection36] INFO  server.RaftServerConfigKeys (ConfUtils.java:logGet(46)) - raft.server.log.appender.buffer.byte-limit = 33554432 (custom)
2022-09-30 13:41:12,938 [EventQueue-OpenPipelineForHealthyPipelineSafeModeRule] INFO  safemode.SCMSafeModeManager (HealthyPipelineSafeModeRule.java:process(137)) - SCM in safe mode. Healthy pipelines reported count is 1, required healthy pipeline reported count is 1
2022-09-30 13:41:12,938 [EventQueue-OpenPipelineForHealthyPipelineSafeModeRule] INFO  safemode.SCMSafeModeManager (SCMSafeModeManager.java:validateSafeModeExitRules(204)) - HealthyPipelineSafeModeRule rule is successfully validated
2022-09-30 13:41:12,938 [EventQueue-OpenPipelineForHealthyPipelineSafeModeRule] INFO  safemode.SCMSafeModeManager (SCMSafeModeManager.java:validateSafeModeExitRules(219)) - ScmSafeModeManager, all rules are successfully validated
2022-09-30 13:41:12,938 [EventQueue-OpenPipelineForHealthyPipelineSafeModeRule] INFO  safemode.SCMSafeModeManager (SCMSafeModeManager.java:exitSafeMode(248)) - SCM exiting safe mode.
2022-09-30 13:41:12,938 [1a0b3960-301a-4947-868f-ac6db93c3e0a@group-08FC9429451B-LeaderElection36] INFO  server.RaftServerConfigKeys (ConfUtils.java:logGet(46)) - raft.server.log.appender.buffer.element-limit = 1 (custom)
2022-09-30 13:41:12,938 [EventQueue-OpenPipelineForHealthyPipelineSafeModeRule] WARN  events.EventQueue (EventQueue.java:fireEvent(216)) - No event handler registered for event TypedEvent{payloadType=SafeModeStatus, name='Safe mode status'}
2022-09-30 13:41:12,938 [1a0b3960-301a-4947-868f-ac6db93c3e0a@group-08FC9429451B-LeaderElection36] INFO  grpc.GrpcConfigKeys (ConfUtils.java:logGet(46)) - raft.grpc.server.leader.outstanding.appends.max = 128 (default)
2022-09-30 13:41:12,938 [EventQueue-OpenPipelineForHealthyPipelineSafeModeRule] INFO  ha.SCMContext (SCMContext.java:updateSafeModeStatus(228)) - Update SafeModeStatus from SafeModeStatus{safeModeStatus=true, preCheckPassed=true} to SafeModeStatus{safeModeStatus=false, preCheckPassed=true}.
2022-09-30 13:41:12,938 [1a0b3960-301a-4947-868f-ac6db93c3e0a@group-08FC9429451B-LeaderElection36] INFO  server.RaftServerConfigKeys (ConfUtils.java:logGet(46)) - raft.server.rpc.request.timeout = 60s (custom)
2022-09-30 13:41:12,938 [EventQueue-OpenPipelineForHealthyPipelineSafeModeRule] INFO  pipeline.BackgroundPipelineCreator (BackgroundPipelineCreator.java:notifyStatusChanged(254)) - Service BackgroundPipelineCreator transitions to RUNNING.
2022-09-30 13:41:12,938 [1a0b3960-301a-4947-868f-ac6db93c3e0a@group-08FC9429451B-LeaderElection36] INFO  server.RaftServerConfigKeys (ConfUtils.java:logGet(46)) - raft.server.log.appender.install.snapshot.enabled = false (custom)
2022-09-30 13:41:12,939 [EventQueue-OpenPipelineForHealthyPipelineSafeModeRule] INFO  BackgroundPipelineScrubber (BackgroundSCMService.java:notifyStatusChanged(82)) - Service BackgroundPipelineScrubber transitions to RUNNING.
2022-09-30 13:41:12,939 [EventQueue-OpenPipelineForHealthyPipelineSafeModeRule] INFO  ExpiredContainerReplicaOpScrubber (BackgroundSCMService.java:notifyStatusChanged(82)) - Service ExpiredContainerReplicaOpScrubber transitions to RUNNING.
2022-09-30 13:41:12,939 [EventQueue-OpenPipelineForHealthyPipelineSafeModeRule] INFO  replication.ReplicationManager (ReplicationManager.java:notifyStatusChanged(728)) - Service ReplicationManager transitions to RUNNING.
2022-09-30 13:41:12,939 [EventQueue-OpenPipelineForHealthyPipelineSafeModeRule] WARN  balancer.ContainerBalancer (ContainerBalancer.java:shouldRun(936)) - Could not find persisted configuration for ContainerBalancer when checking if ContainerBalancer should run. ContainerBalancer should not run now.
2022-09-30 13:41:12,940 [1a0b3960-301a-4947-868f-ac6db93c3e0a@group-08FC9429451B-LeaderElection36] INFO  server.RaftServerConfigKeys (ConfUtils.java:logGet(46)) - raft.server.log.appender.snapshot.chunk.size.max = 16MB (=16777216) (default)
2022-09-30 13:41:12,940 [1a0b3960-301a-4947-868f-ac6db93c3e0a@group-08FC9429451B-LeaderElection36] INFO  server.RaftServerConfigKeys (ConfUtils.java:logGet(46)) - raft.server.log.appender.buffer.byte-limit = 33554432 (custom)
2022-09-30 13:41:12,940 [1a0b3960-301a-4947-868f-ac6db93c3e0a@group-08FC9429451B-LeaderElection36] INFO  server.RaftServerConfigKeys (ConfUtils.java:logGet(46)) - raft.server.log.appender.buffer.element-limit = 1 (custom)
2022-09-30 13:41:12,940 [1a0b3960-301a-4947-868f-ac6db93c3e0a@group-08FC9429451B-LeaderElection36] INFO  grpc.GrpcConfigKeys (ConfUtils.java:logGet(46)) - raft.grpc.server.leader.outstanding.appends.max = 128 (default)
2022-09-30 13:41:12,940 [1a0b3960-301a-4947-868f-ac6db93c3e0a@group-08FC9429451B-LeaderElection36] INFO  server.RaftServerConfigKeys (ConfUtils.java:logGet(46)) - raft.server.rpc.request.timeout = 60s (custom)
2022-09-30 13:41:12,940 [1a0b3960-301a-4947-868f-ac6db93c3e0a@group-08FC9429451B-LeaderElection36] INFO  server.RaftServerConfigKeys (ConfUtils.java:logGet(46)) - raft.server.log.appender.install.snapshot.enabled = false (custom)
2022-09-30 13:41:12,940 [1a0b3960-301a-4947-868f-ac6db93c3e0a@group-08FC9429451B-LeaderElection36] INFO  impl.RoleInfo (RoleInfo.java:updateAndGet(139)) - 1a0b3960-301a-4947-868f-ac6db93c3e0a: start 1a0b3960-301a-4947-868f-ac6db93c3e0a@group-08FC9429451B-LeaderStateImpl
2022-09-30 13:41:12,941 [1a0b3960-301a-4947-868f-ac6db93c3e0a@group-08FC9429451B-LeaderElection36] INFO  segmented.SegmentedRaftLogWorker (SegmentedRaftLogWorker.java:startLogSegment(425)) - 1a0b3960-301a-4947-868f-ac6db93c3e0a@group-08FC9429451B-SegmentedRaftLogWorker: Starting segment from index:0
2022-09-30 13:41:12,942 [1a0b3960-301a-4947-868f-ac6db93c3e0a@group-08FC9429451B-SegmentedRaftLogWorker] INFO  segmented.SegmentedRaftLogWorker (SegmentedRaftLogWorker.java:execute(629)) - 1a0b3960-301a-4947-868f-ac6db93c3e0a@group-08FC9429451B-SegmentedRaftLogWorker: created new log segment /home/runner/work/ozone/ozone/hadoop-ozone/integration-test/target/test-dir/MiniOzoneClusterImpl-b8847c17-62d3-4307-a1ed-7c038275c3d3/datanode-4/data/ratis/42ceb77f-f25d-4609-8363-08fc9429451b/current/log_inprogress_0
2022-09-30 13:41:12,943 [1a0b3960-301a-4947-868f-ac6db93c3e0a@group-08FC9429451B-LeaderElection36] INFO  server.RaftServer$Division (ServerState.java:setRaftConf(393)) - 1a0b3960-301a-4947-868f-ac6db93c3e0a@group-08FC9429451B: set configuration 0: [2f2aa734-5659-47cb-9e8c-97447fb3d532|rpc:10.1.0.210:39967|dataStream:|priority:0, 1a0b3960-301a-4947-868f-ac6db93c3e0a|rpc:10.1.0.210:38269|dataStream:|priority:1, e1f0d285-df31-43ff-9499-3cdda764b68e|rpc:10.1.0.210:37835|dataStream:|priority:0], old=null
2022-09-30 13:41:12,945 [2f2aa734-5659-47cb-9e8c-97447fb3d532-server-thread1] INFO  ratis.XceiverServerRatis (XceiverServerRatis.java:handleLeaderChangedNotification(863)) - Leader change notification received for group: group-08FC9429451B with new leaderId: 1a0b3960-301a-4947-868f-ac6db93c3e0a
2022-09-30 13:41:12,945 [2f2aa734-5659-47cb-9e8c-97447fb3d532-server-thread1] INFO  server.RaftServer$Division (ServerState.java:setLeader(287)) - 2f2aa734-5659-47cb-9e8c-97447fb3d532@group-08FC9429451B: change Leader from null to 1a0b3960-301a-4947-868f-ac6db93c3e0a at term 2 for appendEntries, leader elected after 10092ms
2022-09-30 13:41:12,953 [2f2aa734-5659-47cb-9e8c-97447fb3d532-server-thread1] INFO  server.RaftServer$Division (ServerState.java:setRaftConf(393)) - 2f2aa734-5659-47cb-9e8c-97447fb3d532@group-08FC9429451B: set configuration 0: [2f2aa734-5659-47cb-9e8c-97447fb3d532|rpc:10.1.0.210:39967|dataStream:|priority:0, 1a0b3960-301a-4947-868f-ac6db93c3e0a|rpc:10.1.0.210:38269|dataStream:|priority:1, e1f0d285-df31-43ff-9499-3cdda764b68e|rpc:10.1.0.210:37835|dataStream:|priority:0], old=null
2022-09-30 13:41:12,953 [2f2aa734-5659-47cb-9e8c-97447fb3d532-server-thread1] INFO  segmented.SegmentedRaftLogWorker (SegmentedRaftLogWorker.java:startLogSegment(425)) - 2f2aa734-5659-47cb-9e8c-97447fb3d532@group-08FC9429451B-SegmentedRaftLogWorker: Starting segment from index:0
2022-09-30 13:41:12,955 [e1f0d285-df31-43ff-9499-3cdda764b68e-server-thread1] INFO  ratis.XceiverServerRatis (XceiverServerRatis.java:handleLeaderChangedNotification(863)) - Leader change notification received for group: group-08FC9429451B with new leaderId: 1a0b3960-301a-4947-868f-ac6db93c3e0a
2022-09-30 13:41:12,955 [e1f0d285-df31-43ff-9499-3cdda764b68e-server-thread1] INFO  server.RaftServer$Division (ServerState.java:setLeader(287)) - e1f0d285-df31-43ff-9499-3cdda764b68e@group-08FC9429451B: change Leader from null to 1a0b3960-301a-4947-868f-ac6db93c3e0a at term 2 for appendEntries, leader elected after 10258ms
2022-09-30 13:41:12,955 [2f2aa734-5659-47cb-9e8c-97447fb3d532@group-08FC9429451B-SegmentedRaftLogWorker] INFO  segmented.SegmentedRaftLogWorker (SegmentedRaftLogWorker.java:execute(629)) - 2f2aa734-5659-47cb-9e8c-97447fb3d532@group-08FC9429451B-SegmentedRaftLogWorker: created new log segment /home/runner/work/ozone/ozone/hadoop-ozone/integration-test/target/test-dir/MiniOzoneClusterImpl-b8847c17-62d3-4307-a1ed-7c038275c3d3/datanode-5/data/ratis/42ceb77f-f25d-4609-8363-08fc9429451b/current/log_inprogress_0
2022-09-30 13:41:12,965 [e1f0d285-df31-43ff-9499-3cdda764b68e-server-thread1] INFO  server.RaftServer$Division (ServerState.java:setRaftConf(393)) - e1f0d285-df31-43ff-9499-3cdda764b68e@group-08FC9429451B: set configuration 0: [2f2aa734-5659-47cb-9e8c-97447fb3d532|rpc:10.1.0.210:39967|dataStream:|priority:0, 1a0b3960-301a-4947-868f-ac6db93c3e0a|rpc:10.1.0.210:38269|dataStream:|priority:1, e1f0d285-df31-43ff-9499-3cdda764b68e|rpc:10.1.0.210:37835|dataStream:|priority:0], old=null
2022-09-30 13:41:12,965 [e1f0d285-df31-43ff-9499-3cdda764b68e-server-thread1] INFO  segmented.SegmentedRaftLogWorker (SegmentedRaftLogWorker.java:startLogSegment(425)) - e1f0d285-df31-43ff-9499-3cdda764b68e@group-08FC9429451B-SegmentedRaftLogWorker: Starting segment from index:0
2022-09-30 13:41:12,967 [e1f0d285-df31-43ff-9499-3cdda764b68e@group-08FC9429451B-SegmentedRaftLogWorker] INFO  segmented.SegmentedRaftLogWorker (SegmentedRaftLogWorker.java:execute(629)) - e1f0d285-df31-43ff-9499-3cdda764b68e@group-08FC9429451B-SegmentedRaftLogWorker: created new log segment /home/runner/work/ozone/ozone/hadoop-ozone/integration-test/target/test-dir/MiniOzoneClusterImpl-b8847c17-62d3-4307-a1ed-7c038275c3d3/datanode-3/data/ratis/42ceb77f-f25d-4609-8363-08fc9429451b/current/log_inprogress_0
2022-09-30 13:41:12,982 [Under Replicated Processor] INFO  replication.UnderReplicatedProcessor (UnderReplicatedProcessor.java:processAll(92)) - Processed 0 under replicated containers, failed processing 0
2022-09-30 13:41:13,015 [EventQueue-DeadNodeForDeadNodeHandler] INFO  node.DeadNodeHandler (DeadNodeHandler.java:onMessage(81)) - A dead datanode is detected. 63487312-87aa-4652-9988-76e01a899b42{ip: 10.1.0.210, host: fv-az264-432.ca02foy5wcnuvlrvrz2wi3p2og.dx.internal.cloudapp.net, ports: [REPLICATION=33927, RATIS=39059, RATIS_ADMIN=39059, RATIS_SERVER=39059, STANDALONE=46255], networkLocation: /default-rack, certSerialId: null, persistedOpState: DECOMMISSIONING, persistedOpStateExpiryEpochSec: 0}
2022-09-30 13:41:13,018 [EventQueue-DeadNodeForDeadNodeHandler] INFO  net.NetworkTopologyImpl (NetworkTopologyImpl.java:remove(190)) - Removed a node: /default-rack/63487312-87aa-4652-9988-76e01a899b42
2022-09-30 13:41:13,022 [Over Replicated Processor] INFO  replication.OverReplicatedProcessor (OverReplicatedProcessor.java:processAll(90)) - Processed 0 over replicated containers, failed processing 0
2022-09-30 13:41:13,077 [ReplicationMonitor] INFO  replication.ReplicationManager (ReplicationManager.java:processAll(324)) - Replication Monitor Thread took 0 milliseconds for processing 8 containers.
2022-09-30 13:41:13,274 [Listener at 127.0.0.1/45417] INFO  ozone.MiniOzoneClusterImpl (MiniOzoneClusterImpl.java:lambda$waitForClusterToBeReady$0(216)) - Nodes are ready. Got 7 of 7 DN Heartbeats.
2022-09-30 13:41:13,274 [Listener at 127.0.0.1/45417] INFO  ozone.MiniOzoneClusterImpl (MiniOzoneClusterImpl.java:lambda$waitForClusterToBeReady$0(219)) - Cluster exits safe mode
2022-09-30 13:41:13,274 [Listener at 127.0.0.1/45417] INFO  ozone.MiniOzoneClusterImpl (MiniOzoneClusterImpl.java:lambda$waitForClusterToBeReady$0(221)) - SCM became leader
2022-09-30 13:41:13,277 [Listener at 127.0.0.1/45417] WARN  server.ServerUtils (ServerUtils.java:getScmDbDir(148)) - ozone.scm.db.dirs is not configured. We recommend adding this setting. Falling back to ozone.metadata.dirs instead.
2022-09-30 13:41:13,280 [Listener at 127.0.0.1/45417] WARN  server.ServerUtils (ServerUtils.java:getScmDbDir(148)) - ozone.scm.db.dirs is not configured. We recommend adding this setting. Falling back to ozone.metadata.dirs instead.
2022-09-30 13:41:13,280 [Listener at 127.0.0.1/45417] INFO  ha.SCMHANodeDetails (SCMHANodeDetails.java:loadSCMHAConfig(209)) - ServiceID for StorageContainerManager is null
2022-09-30 13:41:13,280 [Listener at 127.0.0.1/45417] INFO  ha.SCMHANodeDetails (SCMHANodeDetails.java:loadSCMHAConfig(214)) - ozone.scm.default.service.id is not defined, falling back to ozone.scm.service.ids to find serviceID for StorageContainerManager if it is HA enabled cluster
2022-09-30 13:41:13,281 [Listener at 127.0.0.1/45417] WARN  utils.HAUtils (HAUtils.java:getMetaDir(342)) - ozone.scm.db.dirs is not configured. We recommend adding this setting. Falling back to ozone.metadata.dirs instead.
2022-09-30 13:41:13,281 [Listener at 127.0.0.1/45417] WARN  db.DBStoreBuilder (DBStoreBuilder.java:applyDBDefinition(144)) - ozone.scm.db.dirs is not configured. We recommend adding this setting. Falling back to ozone.metadata.dirs instead.
2022-09-30 13:41:13,407 [Listener at 127.0.0.1/45417] INFO  net.NodeSchemaLoader (NodeSchemaLoader.java:loadSchemaFromFile(129)) - Loading schema from [jar:file:/home/runner/.m2/repository/org/apache/ozone/hdds-common/1.3.0-SNAPSHOT/hdds-common-1.3.0-SNAPSHOT.jar!/network-topology-default.xml]
2022-09-30 13:41:13,407 [Listener at 127.0.0.1/45417] INFO  net.NodeSchemaLoader (NodeSchemaLoader.java:loadSchema(176)) - Loading network topology layer schema file
2022-09-30 13:41:13,412 [Listener at 127.0.0.1/45417] WARN  impl.MetricRegistriesImpl (MetricRegistriesImpl.java:addReporterRegistration(111)) - New reporters are added after registries were created. Some metrics will be missing from the reporter. Please add reporter before adding any new registry.
2022-09-30 13:41:13,412 [Listener at 127.0.0.1/45417] WARN  impl.MetricRegistriesImpl (MetricRegistriesImpl.java:addReporterRegistration(111)) - New reporters are added after registries were created. Some metrics will be missing from the reporter. Please add reporter before adding any new registry.
2022-09-30 13:41:13,412 [Listener at 127.0.0.1/45417] INFO  upgrade.AbstractLayoutVersionManager (AbstractLayoutVersionManager.java:init(83)) - Initializing Layout version manager with metadata layout = DATANODE_SCHEMA_V3 (version = 4), software layout = DATANODE_SCHEMA_V3 (version = 4)
2022-09-30 13:41:13,461 [Listener at 127.0.0.1/45417] INFO  reflections.Reflections (Reflections.java:scan(232)) - Reflections took 48 ms to scan 7 urls, producing 135 keys and 327 values 
2022-09-30 13:41:13,463 [Listener at 127.0.0.1/45417] INFO  ha.SequenceIdGenerator (SequenceIdGenerator.java:upgradeToSequenceId(349)) - upgrade localId to 109611004723200000
2022-09-30 13:41:13,463 [Listener at 127.0.0.1/45417] INFO  ha.SequenceIdGenerator (SequenceIdGenerator.java:upgradeToSequenceId(359)) - upgrade delTxnId to 0
2022-09-30 13:41:13,463 [Listener at 127.0.0.1/45417] INFO  ha.SequenceIdGenerator (SequenceIdGenerator.java:upgradeToSequenceId(376)) - upgrade containerId to 0
2022-09-30 13:41:13,463 [Listener at 127.0.0.1/45417] INFO  ha.SequenceIdGenerator (SequenceIdGenerator.java:<init>(220)) - Init the HA SequenceIdGenerator.
2022-09-30 13:41:13,472 [Listener at 127.0.0.1/45417] INFO  node.SCMNodeManager (SCMNodeManager.java:<init>(149)) - Entering startup safe mode.
2022-09-30 13:41:13,472 [Listener at 127.0.0.1/45417] INFO  algorithms.ContainerPlacementPolicyFactory (ContainerPlacementPolicyFactory.java:getPolicyInternal(86)) - Create container placement policy of type org.apache.hadoop.hdds.scm.container.placement.algorithms.SCMContainerPlacementRandom
2022-09-30 13:41:13,472 [Listener at 127.0.0.1/45417] INFO  algorithms.ContainerPlacementPolicyFactory (ContainerPlacementPolicyFactory.java:getPolicyInternal(86)) - Create container placement policy of type org.apache.hadoop.hdds.scm.container.placement.algorithms.SCMContainerPlacementRackScatter
2022-09-30 13:41:13,473 [Listener at 127.0.0.1/45417] INFO  pipeline.PipelineStateManagerImpl (PipelineStateManagerImpl.java:initialize(78)) - No pipeline exists in current db
2022-09-30 13:41:13,473 [Listener at 127.0.0.1/45417] INFO  algorithms.LeaderChoosePolicyFactory (LeaderChoosePolicyFactory.java:getPolicy(57)) - Create leader choose policy of type org.apache.hadoop.hdds.scm.pipeline.leader.choose.algorithms.MinLeaderCountChoosePolicy
2022-09-30 13:41:13,473 [Listener at 127.0.0.1/45417] INFO  algorithms.ContainerPlacementPolicyFactory (ContainerPlacementPolicyFactory.java:getPolicyInternal(86)) - Create container placement policy of type org.apache.hadoop.hdds.scm.container.placement.algorithms.SCMContainerPlacementRackScatter
2022-09-30 13:41:13,473 [Listener at 127.0.0.1/45417] INFO  ha.SCMServiceManager (SCMServiceManager.java:register(42)) - Registering service BackgroundPipelineCreator.
2022-09-30 13:41:13,473 [Listener at 127.0.0.1/45417] INFO  pipeline.BackgroundPipelineCreator (BackgroundPipelineCreator.java:start(124)) - Starting RatisPipelineUtilsThread.
2022-09-30 13:41:13,473 [Listener at 127.0.0.1/45417] INFO  BackgroundPipelineScrubber (BackgroundSCMService.java:start(68)) - Starting BackgroundPipelineScrubber Service.
2022-09-30 13:41:13,474 [Listener at 127.0.0.1/45417] INFO  ha.SCMServiceManager (SCMServiceManager.java:register(42)) - Registering service BackgroundPipelineScrubber.
2022-09-30 13:41:13,474 [Listener at 127.0.0.1/45417] INFO  ExpiredContainerReplicaOpScrubber (BackgroundSCMService.java:start(68)) - Starting ExpiredContainerReplicaOpScrubber Service.
2022-09-30 13:41:13,474 [Listener at 127.0.0.1/45417] INFO  ha.SCMServiceManager (SCMServiceManager.java:register(42)) - Registering service ExpiredContainerReplicaOpScrubber.
2022-09-30 13:41:13,475 [Listener at 127.0.0.1/45417] INFO  algorithms.PipelineChoosePolicyFactory (PipelineChoosePolicyFactory.java:createPipelineChoosePolicyFromClass(73)) - Create pipeline choose policy of type org.apache.hadoop.hdds.scm.pipeline.choose.algorithms.RandomPipelineChoosePolicy
2022-09-30 13:41:13,475 [Listener at 127.0.0.1/45417] INFO  ha.SCMServiceManager (SCMServiceManager.java:register(42)) - Registering service SCMBlockDeletingService.
2022-09-30 13:41:13,476 [Listener at 127.0.0.1/45417] INFO  replication.ReplicationManager (ReplicationManager.java:start(223)) - Starting Replication Monitor Thread.
2022-09-30 13:41:13,480 [Listener at 127.0.0.1/45417] INFO  ha.SCMServiceManager (SCMServiceManager.java:register(42)) - Registering service ReplicationManager.
2022-09-30 13:41:13,480 [Listener at 127.0.0.1/45417] INFO  safemode.ContainerSafeModeRule (ContainerSafeModeRule.java:<init>(89)) - containers with one replica threshold count 0
2022-09-30 13:41:13,480 [Listener at 127.0.0.1/45417] INFO  safemode.HealthyPipelineSafeModeRule (HealthyPipelineSafeModeRule.java:initializeRule(169)) - Total pipeline count is 0, healthy pipeline threshold count is 1
2022-09-30 13:41:13,481 [Listener at 127.0.0.1/45417] INFO  safemode.OneReplicaPipelineSafeModeRule (OneReplicaPipelineSafeModeRule.java:initializeRule(180)) - Total pipeline count is 0, pipeline's with at least one datanode reported threshold count is 0
2022-09-30 13:41:13,481 [ReplicationMonitor] INFO  replication.ReplicationManager (ReplicationManager.java:processAll(291)) - Replication Manager is not ready to run until 3000ms after safemode exit
2022-09-30 13:41:13,482 [Listener at 127.0.0.1/45417] INFO  ipc.CallQueueManager (CallQueueManager.java:<init>(90)) - Using callQueue: class java.util.concurrent.LinkedBlockingQueue, queueCapacity: 2000, scheduler: class org.apache.hadoop.ipc.DefaultRpcScheduler, ipcBackoff: false.
2022-09-30 13:41:13,483 [Socket Reader #1 for port 0] INFO  ipc.Server (Server.java:run(1265)) - Starting Socket Reader #1 for port 0
2022-09-30 13:41:13,487 [Listener at 0.0.0.0/42947] INFO  ipc.CallQueueManager (CallQueueManager.java:<init>(90)) - Using callQueue: class java.util.concurrent.LinkedBlockingQueue, queueCapacity: 2000, scheduler: class org.apache.hadoop.ipc.DefaultRpcScheduler, ipcBackoff: false.
2022-09-30 13:41:13,487 [Socket Reader #1 for port 0] INFO  ipc.Server (Server.java:run(1265)) - Starting Socket Reader #1 for port 0
2022-09-30 13:41:13,493 [Listener at 0.0.0.0/42095] INFO  ipc.CallQueueManager (CallQueueManager.java:<init>(90)) - Using callQueue: class java.util.concurrent.LinkedBlockingQueue, queueCapacity: 2000, scheduler: class org.apache.hadoop.ipc.DefaultRpcScheduler, ipcBackoff: false.
2022-09-30 13:41:13,493 [Socket Reader #1 for port 0] INFO  ipc.Server (Server.java:run(1265)) - Starting Socket Reader #1 for port 0
2022-09-30 13:41:13,519 [Listener at 0.0.0.0/39821] INFO  ha.SCMServiceManager (SCMServiceManager.java:register(42)) - Registering service ContainerBalancer.
2022-09-30 13:41:13,519 [Listener at 0.0.0.0/39821] INFO  server.StorageContainerManager (StorageContainerManager.java:<init>(410)) - 
Container Balancer status:
Key                            Value
Running                        false
Container Balancer Configuration values:
Key                                                Value
Threshold                                          10
Max Datanodes to Involve per Iteration(percent)    20
Max Size to Move per Iteration                     500GB
Max Size Entering Target per Iteration             26GB
Max Size Leaving Source per Iteration              26GB

2022-09-30 13:41:13,519 [Listener at 0.0.0.0/39821] WARN  events.EventQueue (EventQueue.java:fireEvent(216)) - No event handler registered for event TypedEvent{payloadType=SafeModeStatus, name='Safe mode status'}
2022-09-30 13:41:13,519 [Listener at 0.0.0.0/39821] INFO  ha.SCMContext (SCMContext.java:updateSafeModeStatus(228)) - Update SafeModeStatus from SafeModeStatus{safeModeStatus=true, preCheckPassed=false} to SafeModeStatus{safeModeStatus=true, preCheckPassed=false}.
2022-09-30 13:41:13,519 [Listener at 0.0.0.0/39821] INFO  server.StorageContainerManager (StorageContainerManager.java:start(1436)) - StorageContainerLocationProtocol RPC server is listening at /0.0.0.0:39821
2022-09-30 13:41:13,519 [Listener at 0.0.0.0/39821] INFO  impl.MetricsSystemImpl (MetricsSystemImpl.java:init(158)) - StorageContainerManager metrics system started (again)
2022-09-30 13:41:13,532 [Listener at 0.0.0.0/39821] INFO  server.SCMClientProtocolServer (SCMClientProtocolServer.java:start(170)) - RPC server for Client  is listening at /0.0.0.0:39821
2022-09-30 13:41:13,533 [IPC Server Responder] INFO  ipc.Server (Server.java:run(1507)) - IPC Server Responder: starting
2022-09-30 13:41:13,535 [IPC Server listener on 0] INFO  ipc.Server (Server.java:run(1344)) - IPC Server listener on 0: starting
2022-09-30 13:41:13,542 [Listener at 0.0.0.0/39821] INFO  server.StorageContainerManager (StorageContainerManager.java:start(1451)) - ScmBlockLocationProtocol RPC server is listening at /0.0.0.0:42095
2022-09-30 13:41:13,542 [Listener at 0.0.0.0/39821] INFO  server.SCMBlockProtocolServer (SCMBlockProtocolServer.java:start(152)) - RPC server for Block Protocol is listening at /0.0.0.0:42095
2022-09-30 13:41:13,542 [IPC Server Responder] INFO  ipc.Server (Server.java:run(1507)) - IPC Server Responder: starting
2022-09-30 13:41:13,542 [IPC Server listener on 0] INFO  ipc.Server (Server.java:run(1344)) - IPC Server listener on 0: starting
2022-09-30 13:41:13,551 [Listener at 0.0.0.0/39821] INFO  server.SCMDatanodeProtocolServer (SCMDatanodeProtocolServer.java:start(186)) - ScmDatanodeProtocol RPC server for DataNodes is listening at /0.0.0.0:42947
2022-09-30 13:41:13,551 [IPC Server Responder] INFO  ipc.Server (Server.java:run(1507)) - IPC Server Responder: starting
2022-09-30 13:41:13,552 [IPC Server listener on 0] INFO  ipc.Server (Server.java:run(1344)) - IPC Server listener on 0: starting
2022-09-30 13:41:13,559 [org.apache.hadoop.util.JvmPauseMonitor$Monitor@795e30b3] INFO  util.JvmPauseMonitor (JvmPauseMonitor.java:run(188)) - Starting JVM pause monitor
2022-09-30 13:41:13,560 [Listener at 0.0.0.0/39821] INFO  http.BaseHttpServer (BaseHttpServer.java:newHttpServer2BuilderForOzone(213)) - Starting Web-server for scm at: http://0.0.0.0:0
2022-09-30 13:41:13,560 [Listener at 0.0.0.0/39821] INFO  http.BaseHttpServer (BaseHttpServer.java:<init>(108)) - Hadoop Security Enabled: false Ozone Security Enabled: false Ozone HTTP Security Enabled: false 
2022-09-30 13:41:13,563 [Listener at 0.0.0.0/39821] INFO  server.AuthenticationFilter (AuthenticationFilter.java:constructSecretProvider(240)) - Unable to initialize FileSignerSecretProvider, falling back to use random secrets.
2022-09-30 13:41:13,564 [Listener at 0.0.0.0/39821] WARN  http.HttpRequestLog (HttpRequestLog.java:getRequestLog(103)) - Jetty request log can only be enabled using Log4j
2022-09-30 13:41:13,565 [Listener at 0.0.0.0/39821] INFO  http.HttpServer2 (HttpServer2.java:addGlobalFilter(1029)) - Added global filter 'safety' (class=org.apache.hadoop.hdds.server.http.HttpServer2$QuotingInputFilter)
2022-09-30 13:41:13,566 [Listener at 0.0.0.0/39821] INFO  http.HttpServer2 (HttpServer2.java:addFilter(1005)) - Added filter static_user_filter (class=org.apache.hadoop.http.lib.StaticUserWebFilter$StaticUserFilter) to context scm
2022-09-30 13:41:13,568 [Listener at 0.0.0.0/39821] INFO  http.HttpServer2 (HttpServer2.java:addFilter(1013)) - Added filter static_user_filter (class=org.apache.hadoop.http.lib.StaticUserWebFilter$StaticUserFilter) to context static
2022-09-30 13:41:13,568 [Listener at 0.0.0.0/39821] INFO  http.HttpServer2 (HttpServer2.java:addFilter(1013)) - Added filter static_user_filter (class=org.apache.hadoop.http.lib.StaticUserWebFilter$StaticUserFilter) to context logs
2022-09-30 13:41:13,568 [Listener at 0.0.0.0/39821] INFO  http.HttpServer2 (HttpServer2.java:bindListener(1248)) - Jetty bound to port 41961
2022-09-30 13:41:13,568 [Listener at 0.0.0.0/39821] INFO  server.Server (Server.java:doStart(375)) - jetty-9.4.43.v20210629; built: 2021-06-30T11:07:22.254Z; git: 526006ecfa3af7f1a27ef3a288e2bef7ea9dd7e8; jvm 1.8.0_345-b01
2022-09-30 13:41:13,570 [Listener at 0.0.0.0/39821] INFO  server.session (DefaultSessionIdManager.java:doStart(334)) - DefaultSessionIdManager workerName=node0
2022-09-30 13:41:13,570 [Listener at 0.0.0.0/39821] INFO  server.session (DefaultSessionIdManager.java:doStart(339)) - No SessionScavenger set, using defaults
2022-09-30 13:41:13,570 [Listener at 0.0.0.0/39821] INFO  server.session (HouseKeeper.java:startScavenging(132)) - node0 Scavenging every 660000ms
2022-09-30 13:41:13,571 [Listener at 0.0.0.0/39821] INFO  handler.ContextHandler (ContextHandler.java:doStart(915)) - Started o.e.j.s.ServletContextHandler@13f21880{logs,/logs,file:///home/runner/work/ozone/ozone/hadoop-ozone/integration-test/target/log,AVAILABLE}
2022-09-30 13:41:13,572 [Listener at 0.0.0.0/39821] INFO  handler.ContextHandler (ContextHandler.java:doStart(915)) - Started o.e.j.s.ServletContextHandler@359a525a{static,/static,file:///home/runner/work/ozone/ozone/hadoop-ozone/integration-test/target/test-classes/webapps/static,AVAILABLE}
2022-09-30 13:41:13,578 [Listener at 0.0.0.0/39821] INFO  handler.ContextHandler (ContextHandler.java:doStart(915)) - Started o.e.j.w.WebAppContext@5c029c34{scm,/,file:///home/runner/work/ozone/ozone/hadoop-ozone/integration-test/target/test-classes/webapps/scm/,AVAILABLE}{file:/home/runner/work/ozone/ozone/hadoop-ozone/integration-test/target/test-classes/webapps/scm}
2022-09-30 13:41:13,581 [Listener at 0.0.0.0/39821] INFO  server.AbstractConnector (AbstractConnector.java:doStart(331)) - Started ServerConnector@33f301dc{HTTP/1.1, (http/1.1)}{0.0.0.0:41961}
2022-09-30 13:41:13,581 [Listener at 0.0.0.0/39821] INFO  server.Server (Server.java:doStart(415)) - Started @61338ms
2022-09-30 13:41:13,581 [Listener at 0.0.0.0/39821] WARN  impl.MetricsSystemImpl (MetricsSystemImpl.java:register(279)) - Sink prometheus already exists!
2022-09-30 13:41:13,582 [Listener at 0.0.0.0/39821] INFO  http.BaseHttpServer (BaseHttpServer.java:updateConnectorAddress(333)) - HTTP server of scm listening at http://0.0.0.0:41961
2022-09-30 13:41:13,583 [Listener at 0.0.0.0/39821] WARN  server.ServerUtils (ServerUtils.java:getDBPath(225)) - ozone.om.db.dirs is not configured. We recommend adding this setting. Falling back to ozone.metadata.dirs instead.
2022-09-30 13:41:13,584 [Listener at 0.0.0.0/39821] INFO  ha.OMHANodeDetails (OMHANodeDetails.java:loadOMHAConfig(115)) - ozone.om.internal.service.id is not defined, falling back to ozone.om.service.ids to find serviceID for OzoneManager if it is HA enabled cluster
2022-09-30 13:41:13,587 [Listener at 0.0.0.0/39821] INFO  ha.OMHANodeDetails (OMHANodeDetails.java:loadOMHAConfig(226)) - Configuration does not have ozone.om.address set. Falling back to the default OM address /127.0.0.1:0
2022-09-30 13:41:13,587 [Listener at 0.0.0.0/39821] INFO  ha.OMHANodeDetails (OMHANodeDetails.java:getOMNodeDetailsForNonHA(254)) - OM Service ID is not set. Setting it to the default ID: omServiceIdDefault
2022-09-30 13:41:13,587 [Listener at 0.0.0.0/39821] INFO  ha.OMHANodeDetails (OMHANodeDetails.java:getOMNodeDetailsForNonHA(261)) - OM Node ID is not set. Setting it to the default ID: om1
2022-09-30 13:41:13,587 [Listener at 0.0.0.0/39821] WARN  server.ServerUtils (ServerUtils.java:getDBPath(225)) - ozone.om.db.dirs is not configured. We recommend adding this setting. Falling back to ozone.metadata.dirs instead.
2022-09-30 13:41:13,588 [Listener at 0.0.0.0/39821] INFO  upgrade.AbstractLayoutVersionManager (AbstractLayoutVersionManager.java:init(83)) - Initializing Layout version manager with metadata layout = MULTITENANCY_SCHEMA (version = 3), software layout = MULTITENANCY_SCHEMA (version = 3)
2022-09-30 13:41:13,670 [Listener at 0.0.0.0/39821] INFO  reflections.Reflections (Reflections.java:scan(232)) - Reflections took 81 ms to scan 2 urls, producing 153 keys and 427 values [using 2 cores]
2022-09-30 13:41:13,671 [Listener at 0.0.0.0/39821] INFO  upgrade.OMLayoutVersionManager (OMLayoutVersionManager.java:lambda$0(115)) - Skipping Upgrade Action MockOmUpgradeAction since it has been finalized.
2022-09-30 13:41:13,671 [Listener at 0.0.0.0/39821] WARN  server.ServerUtils (ServerUtils.java:getDBPath(225)) - ozone.om.db.dirs is not configured. We recommend adding this setting. Falling back to ozone.metadata.dirs instead.
2022-09-30 13:41:13,672 [Listener at 0.0.0.0/39821] INFO  proxy.SCMBlockLocationFailoverProxyProvider (SCMBlockLocationFailoverProxyProvider.java:<init>(114)) - Created block location fail-over proxy with 1 nodes: [nodeId=scmNodeId,nodeAddress=/0.0.0.0:42095]
2022-09-30 13:41:13,673 [Listener at 0.0.0.0/39821] INFO  proxy.SCMBlockLocationFailoverProxyProvider (SCMBlockLocationFailoverProxyProvider.java:<init>(114)) - Created block location fail-over proxy with 1 nodes: [nodeId=scmNodeId,nodeAddress=/0.0.0.0:42095]
2022-09-30 13:41:13,687 [Listener at 0.0.0.0/39821] WARN  server.ServerUtils (ServerUtils.java:getDBPath(225)) - ozone.om.db.dirs is not configured. We recommend adding this setting. Falling back to ozone.metadata.dirs instead.
2022-09-30 13:41:13,687 [Listener at 0.0.0.0/39821] INFO  codec.OmKeyInfoCodec (OmKeyInfoCodec.java:<init>(49)) - OmKeyInfoCodec ignorePipeline = true
2022-09-30 13:41:13,687 [Listener at 0.0.0.0/39821] INFO  codec.RepeatedOmKeyInfoCodec (RepeatedOmKeyInfoCodec.java:<init>(41)) - RepeatedOmKeyInfoCodec ignorePipeline = true
2022-09-30 13:41:13,911 [Listener at 0.0.0.0/39821] INFO  om.OzoneManager (OzoneManager.java:instantiateServices(709)) - S3 Multi-Tenancy is disabled
2022-09-30 13:41:13,912 [Listener at 0.0.0.0/39821] INFO  om.OzoneManager (OzoneManager.java:addS3GVolumeToDB(4324)) - Created Volume s3v With Owner runner required for S3Gateway operations.
2022-09-30 13:41:13,912 [Listener at 0.0.0.0/39821] WARN  server.ServerUtils (ServerUtils.java:getDefaultRatisDirectory(237)) - Storage directory for Ratis is not configured. It is a good idea to map this to an SSD disk. Falling back to ozone.metadata.dirs
2022-09-30 13:41:13,912 [Listener at 0.0.0.0/39821] WARN  utils.OzoneManagerRatisUtils (OzoneManagerRatisUtils.java:getOMRatisSnapshotDirectory(434)) - ozone.om.ratis.snapshot.dir is not configured. Falling back to ozone.metadata.dirs config
2022-09-30 13:41:13,913 [Listener at 0.0.0.0/39821] WARN  impl.MetricRegistriesImpl (MetricRegistriesImpl.java:addReporterRegistration(111)) - New reporters are added after registries were created. Some metrics will be missing from the reporter. Please add reporter before adding any new registry.
2022-09-30 13:41:13,913 [Listener at 0.0.0.0/39821] WARN  impl.MetricRegistriesImpl (MetricRegistriesImpl.java:addReporterRegistration(111)) - New reporters are added after registries were created. Some metrics will be missing from the reporter. Please add reporter before adding any new registry.
2022-09-30 13:41:13,913 [Listener at 0.0.0.0/39821] WARN  server.ServerUtils (ServerUtils.java:getDefaultRatisDirectory(237)) - Storage directory for Ratis is not configured. It is a good idea to map this to an SSD disk. Falling back to ozone.metadata.dirs
2022-09-30 13:41:13,914 [Listener at 0.0.0.0/39821] INFO  ratis.OzoneManagerRatisServer (OzoneManagerRatisServer.java:<init>(160)) - Instantiating OM Ratis server with groupID: omServiceIdDefault and peers: localhost:40935
2022-09-30 13:41:13,914 [Listener at 0.0.0.0/39821] INFO  ratis.OzoneManagerStateMachine (OzoneManagerStateMachine.java:loadSnapshotInfoFromDB(632)) - LastAppliedIndex is set from TransactionInfo from OM DB as (t:0, i:~)
2022-09-30 13:41:13,914 [Listener at 0.0.0.0/39821] INFO  server.RaftServer (ConfUtils.java:logGet(46)) - raft.rpc.type = GRPC (default)
2022-09-30 13:41:13,914 [Listener at 0.0.0.0/39821] INFO  grpc.GrpcFactory (GrpcFactory.java:checkPooledByteBufAllocatorUseCacheForAllThreads(48)) - PERFORMANCE WARNING: useCacheForAllThreads is true that may cause Netty to create a lot garbage objects and, as a result, trigger GC.
	It is recommended to disable useCacheForAllThreads by setting -Dorg.apache.ratis.thirdparty.io.netty.allocator.useCacheForAllThreads=false in command line.
2022-09-30 13:41:13,914 [Listener at 0.0.0.0/39821] INFO  grpc.GrpcConfigKeys (ConfUtils.java:logGet(46)) - raft.grpc.admin.port = -1 (default)
2022-09-30 13:41:13,914 [Listener at 0.0.0.0/39821] INFO  grpc.GrpcConfigKeys (ConfUtils.java:logGet(46)) - raft.grpc.server.port = 40935 (custom)
2022-09-30 13:41:13,915 [Listener at 0.0.0.0/39821] INFO  grpc.GrpcConfigKeys (ConfUtils.java:logGet(46)) - raft.grpc.client.port = -1 (default)
2022-09-30 13:41:13,915 [Listener at 0.0.0.0/39821] INFO  grpc.GrpcConfigKeys (ConfUtils.java:logGet(46)) - raft.grpc.server.port = 40935 (custom)
2022-09-30 13:41:13,915 [Listener at 0.0.0.0/39821] INFO  grpc.GrpcConfigKeys (ConfUtils.java:logGet(46)) - raft.grpc.server.port = 40935 (custom)
2022-09-30 13:41:13,915 [Listener at 0.0.0.0/39821] INFO  server.GrpcService (ConfUtils.java:logGet(46)) - raft.grpc.message.size.max = 33554432 (custom)
2022-09-30 13:41:13,915 [Listener at 0.0.0.0/39821] INFO  server.RaftServerConfigKeys (ConfUtils.java:logGet(46)) - raft.server.log.appender.buffer.byte-limit = 33554432 (custom)
2022-09-30 13:41:13,915 [Listener at 0.0.0.0/39821] INFO  server.GrpcService (ConfUtils.java:logGet(46)) - raft.grpc.flow.control.window = 1MB (=1048576) (default)
2022-09-30 13:41:13,915 [Listener at 0.0.0.0/39821] INFO  server.RaftServerConfigKeys (ConfUtils.java:logGet(46)) - raft.server.rpc.request.timeout = 3000ms (default)
2022-09-30 13:41:13,915 [Listener at 0.0.0.0/39821] INFO  grpc.GrpcConfigKeys (ConfUtils.java:logGet(46)) - raft.grpc.server.async.request.thread.pool.cached = true (default)
2022-09-30 13:41:13,915 [Listener at 0.0.0.0/39821] INFO  grpc.GrpcConfigKeys (ConfUtils.java:logGet(46)) - raft.grpc.server.async.request.thread.pool.size = 32 (default)
2022-09-30 13:41:13,917 [Listener at 0.0.0.0/39821] INFO  impl.DataStreamServerImpl (ConfUtils.java:logGet(46)) - raft.datastream.type = DISABLED (default)
2022-09-30 13:41:13,917 [Listener at 0.0.0.0/39821] INFO  server.RaftServerConfigKeys (ConfUtils.java:logGet(46)) - raft.server.threadpool.proxy.cached = true (default)
2022-09-30 13:41:13,917 [Listener at 0.0.0.0/39821] INFO  server.RaftServerConfigKeys (ConfUtils.java:logGet(46)) - raft.server.threadpool.proxy.size = 0 (default)
2022-09-30 13:41:13,917 [Listener at 0.0.0.0/39821] INFO  server.RaftServerConfigKeys (ConfUtils.java:logGet(46)) - raft.server.rpc.slowness.timeout = 120s (custom)
2022-09-30 13:41:13,917 [Listener at 0.0.0.0/39821] INFO  server.RaftServerConfigKeys (ConfUtils.java:logGet(46)) - raft.server.leaderelection.leader.step-down.wait-time = 10s (default)
2022-09-30 13:41:13,918 [Listener at 0.0.0.0/39821] INFO  server.RaftServerConfigKeys (ConfUtils.java:logGet(46)) - raft.server.storage.dir = [/home/runner/work/ozone/ozone/hadoop-ozone/integration-test/target/test-dir/MiniOzoneClusterImpl-82a034ca-598a-4f61-9cf8-f23ed130edf3/ozone-meta/ratis] (custom)
2022-09-30 13:41:13,918 [Listener at 0.0.0.0/39821] INFO  server.RaftServer (RaftServerProxy.java:addNew(96)) - om1: addNew group-C5BA1605619E:[om1|rpc:localhost:40935|priority:0] returns group-C5BA1605619E:java.util.concurrent.CompletableFuture@5d543ba9[Not completed]
2022-09-30 13:41:13,918 [pool-877-thread-1] INFO  server.RaftServer$Division (RaftServerImpl.java:<init>(190)) - om1: new RaftServerImpl for group-C5BA1605619E:[om1|rpc:localhost:40935|priority:0] with OzoneManagerStateMachine:uninitialized
2022-09-30 13:41:13,919 [Listener at 0.0.0.0/39821] INFO  om.OzoneManager (OzoneManager.java:initializeRatisServer(1976)) - OzoneManager Ratis server initialized at port 40935
2022-09-30 13:41:13,919 [pool-877-thread-1] INFO  server.RaftServerConfigKeys (ConfUtils.java:logGet(46)) - raft.server.rpc.timeout.min = 1s (custom)
2022-09-30 13:41:13,919 [pool-877-thread-1] INFO  server.RaftServerConfigKeys (ConfUtils.java:logGet(46)) - raft.server.rpc.timeout.max = 1200ms (custom)
2022-09-30 13:41:13,919 [pool-877-thread-1] INFO  server.RaftServerConfigKeys (ConfUtils.java:logGet(46)) - raft.server.rpc.sleep.time = 25ms (default)
2022-09-30 13:41:13,919 [pool-877-thread-1] INFO  server.RaftServerConfigKeys (ConfUtils.java:logGet(46)) - raft.server.rpc.slowness.timeout = 120s (custom)
2022-09-30 13:41:13,919 [pool-877-thread-1] INFO  server.RaftServerConfigKeys (ConfUtils.java:logGet(46)) - raft.server.leaderelection.leader.step-down.wait-time = 10s (default)
2022-09-30 13:41:13,919 [pool-877-thread-1] INFO  server.RaftServerConfigKeys (ConfUtils.java:logGet(46)) - raft.server.sleep.deviation.threshold = 300ms (default)
2022-09-30 13:41:13,919 [pool-877-thread-1] INFO  server.RaftServer$Division (ServerState.java:<init>(107)) - om1@group-C5BA1605619E: ConfigurationManager, init=-1: [om1|rpc:localhost:40935|priority:0], old=null, confs=<EMPTY_MAP>
2022-09-30 13:41:13,919 [pool-877-thread-1] INFO  server.RaftServerConfigKeys (ConfUtils.java:logGet(46)) - raft.server.storage.dir = [/home/runner/work/ozone/ozone/hadoop-ozone/integration-test/target/test-dir/MiniOzoneClusterImpl-82a034ca-598a-4f61-9cf8-f23ed130edf3/ozone-meta/ratis] (custom)
2022-09-30 13:41:13,920 [Listener at 0.0.0.0/39821] INFO  om.OzoneManager (OzoneManager.java:getRpcServer(1099)) - Creating RPC Server
2022-09-30 13:41:13,921 [pool-877-thread-1] INFO  server.RaftServerConfigKeys (ConfUtils.java:logGet(46)) - raft.server.log.corruption.policy = EXCEPTION (default)
2022-09-30 13:41:13,921 [pool-877-thread-1] INFO  server.RaftServerConfigKeys (ConfUtils.java:logGet(46)) - raft.server.storage.free-space.min = 0MB (=0) (default)
2022-09-30 13:41:13,921 [pool-877-thread-1] INFO  storage.RaftStorageDirectory (RaftStorageDirectoryImpl.java:analyzeStorage(135)) - The storage directory /home/runner/work/ozone/ozone/hadoop-ozone/integration-test/target/test-dir/MiniOzoneClusterImpl-82a034ca-598a-4f61-9cf8-f23ed130edf3/ozone-meta/ratis/bf265839-605b-3f16-9796-c5ba1605619e does not exist. Creating ...
2022-09-30 13:41:13,922 [pool-877-thread-1] INFO  storage.RaftStorageDirectory (RaftStorageDirectoryImpl.java:tryLock(230)) - Lock on /home/runner/work/ozone/ozone/hadoop-ozone/integration-test/target/test-dir/MiniOzoneClusterImpl-82a034ca-598a-4f61-9cf8-f23ed130edf3/ozone-meta/ratis/bf265839-605b-3f16-9796-c5ba1605619e/in_use.lock acquired by nodename 61277@fv-az264-432
2022-09-30 13:41:13,927 [pool-877-thread-1] INFO  storage.RaftStorage (RaftStorageImpl.java:format(89)) - Storage directory /home/runner/work/ozone/ozone/hadoop-ozone/integration-test/target/test-dir/MiniOzoneClusterImpl-82a034ca-598a-4f61-9cf8-f23ed130edf3/ozone-meta/ratis/bf265839-605b-3f16-9796-c5ba1605619e has been successfully formatted.
2022-09-30 13:41:13,927 [pool-877-thread-1] INFO  server.RaftServerConfigKeys (ConfUtils.java:logGet(46)) - raft.server.notification.no-leader.timeout = 120s (custom)
2022-09-30 13:41:13,927 [pool-877-thread-1] INFO  server.RaftServerConfigKeys (ConfUtils.java:logGet(46)) - raft.server.log.use.memory = false (default)
2022-09-30 13:41:13,927 [pool-877-thread-1] INFO  server.RaftServerConfigKeys (ConfUtils.java:logGet(46)) - raft.server.log.purge.gap = 1000000 (custom)
2022-09-30 13:41:13,928 [pool-877-thread-1] INFO  server.RaftServerConfigKeys (ConfUtils.java:logGet(46)) - raft.server.log.appender.buffer.byte-limit = 33554432 (custom)
2022-09-30 13:41:13,928 [pool-877-thread-1] INFO  server.RaftServerConfigKeys (ConfUtils.java:logGet(46)) - raft.server.log.statemachine.data.read.timeout = 1000ms (default)
2022-09-30 13:41:13,928 [pool-877-thread-1] INFO  server.RaftServerConfigKeys (ConfUtils.java:logGet(46)) - raft.server.log.segment.size.max = 4194304 (custom)
2022-09-30 13:41:13,928 [pool-877-thread-1] INFO  server.RaftServerConfigKeys (ConfUtils.java:logGet(46)) - raft.server.log.segment.cache.num.max = 2 (custom)
2022-09-30 13:41:13,928 [pool-877-thread-1] INFO  server.RaftServerConfigKeys (ConfUtils.java:logGet(46)) - raft.server.log.segment.cache.size.max = 200MB (=209715200) (default)
2022-09-30 13:41:13,928 [pool-877-thread-1] INFO  segmented.SegmentedRaftLogWorker (SegmentedRaftLogWorker.java:<init>(187)) - new om1@group-C5BA1605619E-SegmentedRaftLogWorker for RaftStorageImpl:Storage Directory /home/runner/work/ozone/ozone/hadoop-ozone/integration-test/target/test-dir/MiniOzoneClusterImpl-82a034ca-598a-4f61-9cf8-f23ed130edf3/ozone-meta/ratis/bf265839-605b-3f16-9796-c5ba1605619e
2022-09-30 13:41:13,928 [pool-877-thread-1] INFO  server.RaftServerConfigKeys (ConfUtils.java:logGet(46)) - raft.server.log.queue.byte-limit = 64MB (=67108864) (default)
2022-09-30 13:41:13,928 [pool-877-thread-1] INFO  server.RaftServerConfigKeys (ConfUtils.java:logGet(46)) - raft.server.log.queue.element-limit = 4096 (default)
2022-09-30 13:41:13,929 [pool-877-thread-1] INFO  server.RaftServerConfigKeys (ConfUtils.java:logGet(46)) - raft.server.log.segment.size.max = 4194304 (custom)
2022-09-30 13:41:13,929 [pool-877-thread-1] INFO  server.RaftServerConfigKeys (ConfUtils.java:logGet(46)) - raft.server.log.preallocated.size = 4194304 (custom)
2022-09-30 13:41:13,929 [pool-877-thread-1] INFO  server.RaftServerConfigKeys (ConfUtils.java:logGet(46)) - raft.server.log.force.sync.num = 128 (default)
2022-09-30 13:41:13,929 [pool-877-thread-1] INFO  server.RaftServerConfigKeys (ConfUtils.java:logGet(46)) - raft.server.log.statemachine.data.sync = true (default)
2022-09-30 13:41:13,929 [pool-877-thread-1] INFO  server.RaftServerConfigKeys (ConfUtils.java:logGet(46)) - raft.server.log.statemachine.data.sync.timeout = 10s (default)
2022-09-30 13:41:13,929 [pool-877-thread-1] INFO  server.RaftServerConfigKeys (ConfUtils.java:logGet(46)) - raft.server.log.statemachine.data.sync.timeout.retry = -1 (default)
2022-09-30 13:41:13,929 [pool-877-thread-1] INFO  server.RaftServerConfigKeys (ConfUtils.java:logGet(46)) - raft.server.log.write.buffer.size = 64KB (=65536) (default)
2022-09-30 13:41:13,929 [pool-877-thread-1] INFO  server.RaftServerConfigKeys (ConfUtils.java:logGet(46)) - raft.server.log.unsafe-flush.enabled = false (default)
2022-09-30 13:41:13,929 [pool-877-thread-1] INFO  server.RaftServerConfigKeys (ConfUtils.java:logGet(46)) - raft.server.log.statemachine.data.caching.enabled = false (default)
2022-09-30 13:41:13,929 [pool-877-thread-1] INFO  segmented.SegmentedRaftLogWorker (SegmentedRaftLogWorker.java:lambda$new$0(135)) - om1@group-C5BA1605619E-SegmentedRaftLogWorker: flushIndex: setUnconditionally 0 -> -1
2022-09-30 13:41:13,929 [pool-877-thread-1] INFO  segmented.SegmentedRaftLogWorker (SegmentedRaftLogWorker.java:lambda$new$0(135)) - om1@group-C5BA1605619E-SegmentedRaftLogWorker: safeCacheEvictIndex: setUnconditionally 0 -> -1
2022-09-30 13:41:13,934 [ReplicationMonitor] INFO  replication.ReplicationManager (ReplicationManager.java:processAll(291)) - Replication Manager is not ready to run until 3000ms after safemode exit
2022-09-30 13:41:13,948 [pool-877-thread-1] INFO  server.RaftServerConfigKeys (ConfUtils.java:logGet(46)) - raft.server.snapshot.auto.trigger.enabled = true (custom)
2022-09-30 13:41:13,948 [pool-877-thread-1] INFO  server.RaftServerConfigKeys (ConfUtils.java:logGet(46)) - raft.server.snapshot.auto.trigger.threshold = 400000 (default)
2022-09-30 13:41:13,948 [pool-877-thread-1] INFO  server.RaftServerConfigKeys (ConfUtils.java:logGet(46)) - raft.server.snapshot.retention.file.num = -1 (default)
2022-09-30 13:41:13,948 [pool-877-thread-1] INFO  server.RaftServerConfigKeys (ConfUtils.java:logGet(46)) - raft.server.log.purge.upto.snapshot.index = true (custom)
2022-09-30 13:41:13,948 [pool-877-thread-1] INFO  server.RaftServerConfigKeys (ConfUtils.java:logGet(46)) - raft.server.retrycache.expirytime = 300s (custom)
2022-09-30 13:41:13,948 [pool-877-thread-1] INFO  server.RaftServerConfigKeys (ConfUtils.java:logGet(46)) - raft.server.retrycache.statistics.expirytime = 100μs (default)
2022-09-30 13:41:13,948 [pool-877-thread-1] INFO  server.RaftServerConfigKeys (ConfUtils.java:logGet(46)) - raft.server.log.appender.install.snapshot.enabled = false (custom)
2022-09-30 13:41:13,948 [pool-877-thread-1] INFO  server.RaftServerConfigKeys (ConfUtils.java:logGet(46)) - raft.server.threadpool.server.cached = true (default)
2022-09-30 13:41:13,948 [pool-877-thread-1] INFO  server.RaftServerConfigKeys (ConfUtils.java:logGet(46)) - raft.server.threadpool.server.size = 0 (default)
2022-09-30 13:41:13,948 [pool-877-thread-1] INFO  server.RaftServerConfigKeys (ConfUtils.java:logGet(46)) - raft.server.threadpool.client.cached = true (default)
2022-09-30 13:41:13,948 [pool-877-thread-1] INFO  server.RaftServerConfigKeys (ConfUtils.java:logGet(46)) - raft.server.threadpool.client.size = 0 (default)
2022-09-30 13:41:13,982 [Under Replicated Processor] INFO  replication.UnderReplicatedProcessor (UnderReplicatedProcessor.java:processAll(92)) - Processed 0 under replicated containers, failed processing 0
2022-09-30 13:41:14,022 [Over Replicated Processor] INFO  replication.OverReplicatedProcessor (OverReplicatedProcessor.java:processAll(90)) - Processed 0 over replicated containers, failed processing 0
2022-09-30 13:41:14,077 [ReplicationMonitor] INFO  replication.ReplicationManager (ReplicationManager.java:processAll(324)) - Replication Monitor Thread took 0 milliseconds for processing 8 containers.
2022-09-30 13:41:14,155 [97e8c787-6023-4421-819a-0b5ced458c94@group-99B1B5F2F1F1-FollowerState] INFO  impl.FollowerState (FollowerState.java:run(143)) - 97e8c787-6023-4421-819a-0b5ced458c94@group-99B1B5F2F1F1-FollowerState: change to CANDIDATE, lastRpcElapsedTime:5109849660ns, electionTimeout:5106ms
2022-09-30 13:41:14,156 [97e8c787-6023-4421-819a-0b5ced458c94@group-99B1B5F2F1F1-FollowerState] INFO  impl.RoleInfo (RoleInfo.java:shutdownFollowerState(110)) - 97e8c787-6023-4421-819a-0b5ced458c94: shutdown 97e8c787-6023-4421-819a-0b5ced458c94@group-99B1B5F2F1F1-FollowerState
2022-09-30 13:41:14,156 [97e8c787-6023-4421-819a-0b5ced458c94@group-99B1B5F2F1F1-FollowerState] INFO  server.RaftServer$Division (RaftServerImpl.java:setRole(299)) - 97e8c787-6023-4421-819a-0b5ced458c94@group-99B1B5F2F1F1: changes role from  FOLLOWER to CANDIDATE at term 0 for changeToCandidate
2022-09-30 13:41:14,156 [97e8c787-6023-4421-819a-0b5ced458c94@group-99B1B5F2F1F1-FollowerState] INFO  server.RaftServerConfigKeys (ConfUtils.java:logGet(46)) - raft.server.leaderelection.pre-vote = false (custom)
2022-09-30 13:41:14,156 [97e8c787-6023-4421-819a-0b5ced458c94@group-99B1B5F2F1F1-FollowerState] INFO  impl.RoleInfo (RoleInfo.java:updateAndGet(139)) - 97e8c787-6023-4421-819a-0b5ced458c94: start 97e8c787-6023-4421-819a-0b5ced458c94@group-99B1B5F2F1F1-LeaderElection37
2022-09-30 13:41:14,170 [97e8c787-6023-4421-819a-0b5ced458c94@group-99B1B5F2F1F1-LeaderElection37] INFO  impl.LeaderElection (LeaderElection.java:askForVotes(310)) - 97e8c787-6023-4421-819a-0b5ced458c94@group-99B1B5F2F1F1-LeaderElection37 ELECTION round 0: submit vote requests at term 1 for -1: [97e8c787-6023-4421-819a-0b5ced458c94|rpc:10.1.0.210:36437|dataStream:|priority:0, 62666bfa-5b48-4194-8431-0a6941154381|rpc:10.1.0.210:41785|dataStream:|priority:0, 93a726fc-a128-4d5e-9b28-98a1d7a8eb0c|rpc:10.1.0.210:43289|dataStream:|priority:1], old=null
2022-09-30 13:41:14,171 [93a726fc-a128-4d5e-9b28-98a1d7a8eb0c@group-99B1B5F2F1F1-FollowerState] INFO  impl.FollowerState (FollowerState.java:run(143)) - 93a726fc-a128-4d5e-9b28-98a1d7a8eb0c@group-99B1B5F2F1F1-FollowerState: change to CANDIDATE, lastRpcElapsedTime:5184458901ns, electionTimeout:5184ms
2022-09-30 13:41:14,171 [93a726fc-a128-4d5e-9b28-98a1d7a8eb0c@group-99B1B5F2F1F1-FollowerState] INFO  impl.RoleInfo (RoleInfo.java:shutdownFollowerState(110)) - 93a726fc-a128-4d5e-9b28-98a1d7a8eb0c: shutdown 93a726fc-a128-4d5e-9b28-98a1d7a8eb0c@group-99B1B5F2F1F1-FollowerState
2022-09-30 13:41:14,171 [93a726fc-a128-4d5e-9b28-98a1d7a8eb0c@group-99B1B5F2F1F1-FollowerState] INFO  server.RaftServer$Division (RaftServerImpl.java:setRole(299)) - 93a726fc-a128-4d5e-9b28-98a1d7a8eb0c@group-99B1B5F2F1F1: changes role from  FOLLOWER to CANDIDATE at term 0 for changeToCandidate
2022-09-30 13:41:14,177 [62666bfa-5b48-4194-8431-0a6941154381@group-99B1B5F2F1F1-FollowerState] INFO  impl.FollowerState (FollowerState.java:run(143)) - 62666bfa-5b48-4194-8431-0a6941154381@group-99B1B5F2F1F1-FollowerState: change to CANDIDATE, lastRpcElapsedTime:5164730112ns, electionTimeout:5160ms
2022-09-30 13:41:14,177 [62666bfa-5b48-4194-8431-0a6941154381@group-99B1B5F2F1F1-FollowerState] INFO  impl.RoleInfo (RoleInfo.java:shutdownFollowerState(110)) - 62666bfa-5b48-4194-8431-0a6941154381: shutdown 62666bfa-5b48-4194-8431-0a6941154381@group-99B1B5F2F1F1-FollowerState
2022-09-30 13:41:14,177 [62666bfa-5b48-4194-8431-0a6941154381@group-99B1B5F2F1F1-FollowerState] INFO  server.RaftServer$Division (RaftServerImpl.java:setRole(299)) - 62666bfa-5b48-4194-8431-0a6941154381@group-99B1B5F2F1F1: changes role from  FOLLOWER to CANDIDATE at term 0 for changeToCandidate
2022-09-30 13:41:14,182 [93a726fc-a128-4d5e-9b28-98a1d7a8eb0c@group-99B1B5F2F1F1-FollowerState] INFO  server.RaftServerConfigKeys (ConfUtils.java:logGet(46)) - raft.server.leaderelection.pre-vote = false (custom)
2022-09-30 13:41:14,183 [93a726fc-a128-4d5e-9b28-98a1d7a8eb0c@group-99B1B5F2F1F1-FollowerState] INFO  impl.RoleInfo (RoleInfo.java:updateAndGet(139)) - 93a726fc-a128-4d5e-9b28-98a1d7a8eb0c: start 93a726fc-a128-4d5e-9b28-98a1d7a8eb0c@group-99B1B5F2F1F1-LeaderElection38
2022-09-30 13:41:14,208 [62666bfa-5b48-4194-8431-0a6941154381@group-99B1B5F2F1F1-FollowerState] INFO  server.RaftServerConfigKeys (ConfUtils.java:logGet(46)) - raft.server.leaderelection.pre-vote = false (custom)
2022-09-30 13:41:14,208 [62666bfa-5b48-4194-8431-0a6941154381@group-99B1B5F2F1F1-FollowerState] INFO  impl.RoleInfo (RoleInfo.java:updateAndGet(139)) - 62666bfa-5b48-4194-8431-0a6941154381: start 62666bfa-5b48-4194-8431-0a6941154381@group-99B1B5F2F1F1-LeaderElection39
2022-09-30 13:41:14,217 [grpc-default-executor-6] INFO  server.RaftServer$Division (RaftServerImpl.java:requestVote(1152)) - 93a726fc-a128-4d5e-9b28-98a1d7a8eb0c@group-99B1B5F2F1F1: receive requestVote(ELECTION, 97e8c787-6023-4421-819a-0b5ced458c94, group-99B1B5F2F1F1, 1, (t:0, i:0))
2022-09-30 13:41:14,217 [grpc-default-executor-1] INFO  server.RaftServer$Division (RaftServerImpl.java:requestVote(1152)) - 62666bfa-5b48-4194-8431-0a6941154381@group-99B1B5F2F1F1: receive requestVote(ELECTION, 97e8c787-6023-4421-819a-0b5ced458c94, group-99B1B5F2F1F1, 1, (t:0, i:0))
2022-09-30 13:41:14,233 [grpc-default-executor-1] INFO  impl.VoteContext (VoteContext.java:log(48)) - 62666bfa-5b48-4194-8431-0a6941154381@group-99B1B5F2F1F1-CANDIDATE: accept ELECTION from 97e8c787-6023-4421-819a-0b5ced458c94: our priority 0 <= candidate's priority 0
2022-09-30 13:41:14,234 [grpc-default-executor-1] INFO  server.RaftServer$Division (RaftServerImpl.java:setRole(299)) - 62666bfa-5b48-4194-8431-0a6941154381@group-99B1B5F2F1F1: changes role from CANDIDATE to FOLLOWER at term 1 for candidate:97e8c787-6023-4421-819a-0b5ced458c94
2022-09-30 13:41:14,234 [grpc-default-executor-1] INFO  impl.RoleInfo (RoleInfo.java:shutdownLeaderElection(130)) - 62666bfa-5b48-4194-8431-0a6941154381: shutdown 62666bfa-5b48-4194-8431-0a6941154381@group-99B1B5F2F1F1-LeaderElection39
2022-09-30 13:41:14,234 [grpc-default-executor-1] INFO  impl.RoleInfo (RoleInfo.java:updateAndGet(139)) - 62666bfa-5b48-4194-8431-0a6941154381: start 62666bfa-5b48-4194-8431-0a6941154381@group-99B1B5F2F1F1-FollowerState
2022-09-30 13:41:14,236 [93a726fc-a128-4d5e-9b28-98a1d7a8eb0c@group-99B1B5F2F1F1-LeaderElection38] INFO  impl.LeaderElection (LeaderElection.java:askForVotes(310)) - 93a726fc-a128-4d5e-9b28-98a1d7a8eb0c@group-99B1B5F2F1F1-LeaderElection38 ELECTION round 0: submit vote requests at term 1 for -1: [97e8c787-6023-4421-819a-0b5ced458c94|rpc:10.1.0.210:36437|priority:0, 62666bfa-5b48-4194-8431-0a6941154381|rpc:10.1.0.210:41785|priority:0, 93a726fc-a128-4d5e-9b28-98a1d7a8eb0c|rpc:10.1.0.210:43289|priority:1], old=null
2022-09-30 13:41:14,236 [grpc-default-executor-6] INFO  impl.VoteContext (VoteContext.java:log(48)) - 93a726fc-a128-4d5e-9b28-98a1d7a8eb0c@group-99B1B5F2F1F1-CANDIDATE: reject ELECTION from 97e8c787-6023-4421-819a-0b5ced458c94: already has voted for 93a726fc-a128-4d5e-9b28-98a1d7a8eb0c at current term 1
2022-09-30 13:41:14,237 [grpc-default-executor-1] INFO  server.RaftServer$Division (RaftServerImpl.java:requestVote(1184)) - 62666bfa-5b48-4194-8431-0a6941154381@group-99B1B5F2F1F1 replies to ELECTION vote request: 97e8c787-6023-4421-819a-0b5ced458c94<-62666bfa-5b48-4194-8431-0a6941154381#0:OK-t1. Peer's state: 62666bfa-5b48-4194-8431-0a6941154381@group-99B1B5F2F1F1:t1, leader=null, voted=97e8c787-6023-4421-819a-0b5ced458c94, raftlog=62666bfa-5b48-4194-8431-0a6941154381@group-99B1B5F2F1F1-SegmentedRaftLog:OPENED:c-1, conf=-1: [97e8c787-6023-4421-819a-0b5ced458c94|rpc:10.1.0.210:36437|dataStream:|priority:0, 62666bfa-5b48-4194-8431-0a6941154381|rpc:10.1.0.210:41785|dataStream:|priority:0, 93a726fc-a128-4d5e-9b28-98a1d7a8eb0c|rpc:10.1.0.210:43289|dataStream:|priority:1], old=null
2022-09-30 13:41:14,251 [grpc-default-executor-6] INFO  server.RaftServer$Division (RaftServerImpl.java:requestVote(1184)) - 93a726fc-a128-4d5e-9b28-98a1d7a8eb0c@group-99B1B5F2F1F1 replies to ELECTION vote request: 97e8c787-6023-4421-819a-0b5ced458c94<-93a726fc-a128-4d5e-9b28-98a1d7a8eb0c#0:FAIL-t1. Peer's state: 93a726fc-a128-4d5e-9b28-98a1d7a8eb0c@group-99B1B5F2F1F1:t1, leader=null, voted=93a726fc-a128-4d5e-9b28-98a1d7a8eb0c, raftlog=93a726fc-a128-4d5e-9b28-98a1d7a8eb0c@group-99B1B5F2F1F1-SegmentedRaftLog:OPENED:c-1, conf=-1: [97e8c787-6023-4421-819a-0b5ced458c94|rpc:10.1.0.210:36437|priority:0, 62666bfa-5b48-4194-8431-0a6941154381|rpc:10.1.0.210:41785|priority:0, 93a726fc-a128-4d5e-9b28-98a1d7a8eb0c|rpc:10.1.0.210:43289|priority:1], old=null
2022-09-30 13:41:14,253 [97e8c787-6023-4421-819a-0b5ced458c94@group-99B1B5F2F1F1-LeaderElection37] INFO  impl.LeaderElection (LeaderElection.java:logAndReturn(90)) - 97e8c787-6023-4421-819a-0b5ced458c94@group-99B1B5F2F1F1-LeaderElection37: ELECTION REJECTED received 2 response(s) and 0 exception(s):
2022-09-30 13:41:14,253 [97e8c787-6023-4421-819a-0b5ced458c94@group-99B1B5F2F1F1-LeaderElection37] INFO  impl.LeaderElection (LeaderElection.java:logAndReturn(94)) -   Response 0: 97e8c787-6023-4421-819a-0b5ced458c94<-62666bfa-5b48-4194-8431-0a6941154381#0:OK-t1
2022-09-30 13:41:14,253 [97e8c787-6023-4421-819a-0b5ced458c94@group-99B1B5F2F1F1-LeaderElection37] INFO  impl.LeaderElection (LeaderElection.java:logAndReturn(94)) -   Response 1: 97e8c787-6023-4421-819a-0b5ced458c94<-93a726fc-a128-4d5e-9b28-98a1d7a8eb0c#0:FAIL-t1
2022-09-30 13:41:14,253 [97e8c787-6023-4421-819a-0b5ced458c94@group-99B1B5F2F1F1-LeaderElection37] INFO  impl.LeaderElection (LeaderElection.java:askForVotes(312)) - 97e8c787-6023-4421-819a-0b5ced458c94@group-99B1B5F2F1F1-LeaderElection37 ELECTION round 0: result REJECTED
2022-09-30 13:41:14,254 [97e8c787-6023-4421-819a-0b5ced458c94@group-99B1B5F2F1F1-LeaderElection37] INFO  server.RaftServer$Division (RaftServerImpl.java:setRole(299)) - 97e8c787-6023-4421-819a-0b5ced458c94@group-99B1B5F2F1F1: changes role from CANDIDATE to FOLLOWER at term 1 for REJECTED
2022-09-30 13:41:14,254 [97e8c787-6023-4421-819a-0b5ced458c94@group-99B1B5F2F1F1-LeaderElection37] INFO  impl.RoleInfo (RoleInfo.java:shutdownLeaderElection(130)) - 97e8c787-6023-4421-819a-0b5ced458c94: shutdown 97e8c787-6023-4421-819a-0b5ced458c94@group-99B1B5F2F1F1-LeaderElection37
2022-09-30 13:41:14,254 [97e8c787-6023-4421-819a-0b5ced458c94@group-99B1B5F2F1F1-LeaderElection37] INFO  impl.RoleInfo (RoleInfo.java:updateAndGet(139)) - 97e8c787-6023-4421-819a-0b5ced458c94: start 97e8c787-6023-4421-819a-0b5ced458c94@group-99B1B5F2F1F1-FollowerState
2022-09-30 13:41:14,266 [grpc-default-executor-6] INFO  server.RaftServer$Division (RaftServerImpl.java:requestVote(1152)) - 97e8c787-6023-4421-819a-0b5ced458c94@group-99B1B5F2F1F1: receive requestVote(ELECTION, 93a726fc-a128-4d5e-9b28-98a1d7a8eb0c, group-99B1B5F2F1F1, 1, (t:0, i:0))
2022-09-30 13:41:14,266 [grpc-default-executor-6] INFO  impl.VoteContext (VoteContext.java:log(48)) - 97e8c787-6023-4421-819a-0b5ced458c94@group-99B1B5F2F1F1-FOLLOWER: reject ELECTION from 93a726fc-a128-4d5e-9b28-98a1d7a8eb0c: already has voted for 97e8c787-6023-4421-819a-0b5ced458c94 at current term 1
2022-09-30 13:41:14,266 [grpc-default-executor-6] INFO  server.RaftServer$Division (RaftServerImpl.java:requestVote(1184)) - 97e8c787-6023-4421-819a-0b5ced458c94@group-99B1B5F2F1F1 replies to ELECTION vote request: 93a726fc-a128-4d5e-9b28-98a1d7a8eb0c<-97e8c787-6023-4421-819a-0b5ced458c94#0:FAIL-t1. Peer's state: 97e8c787-6023-4421-819a-0b5ced458c94@group-99B1B5F2F1F1:t1, leader=null, voted=97e8c787-6023-4421-819a-0b5ced458c94, raftlog=97e8c787-6023-4421-819a-0b5ced458c94@group-99B1B5F2F1F1-SegmentedRaftLog:OPENED:c-1, conf=-1: [97e8c787-6023-4421-819a-0b5ced458c94|rpc:10.1.0.210:36437|dataStream:|priority:0, 62666bfa-5b48-4194-8431-0a6941154381|rpc:10.1.0.210:41785|dataStream:|priority:0, 93a726fc-a128-4d5e-9b28-98a1d7a8eb0c|rpc:10.1.0.210:43289|dataStream:|priority:1], old=null
2022-09-30 13:41:14,268 [grpc-default-executor-6] INFO  server.RaftServer$Division (RaftServerImpl.java:requestVote(1152)) - 62666bfa-5b48-4194-8431-0a6941154381@group-99B1B5F2F1F1: receive requestVote(ELECTION, 93a726fc-a128-4d5e-9b28-98a1d7a8eb0c, group-99B1B5F2F1F1, 1, (t:0, i:0))
2022-09-30 13:41:14,268 [grpc-default-executor-6] INFO  impl.VoteContext (VoteContext.java:log(48)) - 62666bfa-5b48-4194-8431-0a6941154381@group-99B1B5F2F1F1-FOLLOWER: reject ELECTION from 93a726fc-a128-4d5e-9b28-98a1d7a8eb0c: already has voted for 97e8c787-6023-4421-819a-0b5ced458c94 at current term 1
2022-09-30 13:41:14,268 [grpc-default-executor-6] INFO  server.RaftServer$Division (RaftServerImpl.java:requestVote(1184)) - 62666bfa-5b48-4194-8431-0a6941154381@group-99B1B5F2F1F1 replies to ELECTION vote request: 93a726fc-a128-4d5e-9b28-98a1d7a8eb0c<-62666bfa-5b48-4194-8431-0a6941154381#0:FAIL-t1. Peer's state: 62666bfa-5b48-4194-8431-0a6941154381@group-99B1B5F2F1F1:t1, leader=null, voted=97e8c787-6023-4421-819a-0b5ced458c94, raftlog=62666bfa-5b48-4194-8431-0a6941154381@group-99B1B5F2F1F1-SegmentedRaftLog:OPENED:c-1, conf=-1: [97e8c787-6023-4421-819a-0b5ced458c94|rpc:10.1.0.210:36437|dataStream:|priority:0, 62666bfa-5b48-4194-8431-0a6941154381|rpc:10.1.0.210:41785|dataStream:|priority:0, 93a726fc-a128-4d5e-9b28-98a1d7a8eb0c|rpc:10.1.0.210:43289|dataStream:|priority:1], old=null
2022-09-30 13:41:14,270 [93a726fc-a128-4d5e-9b28-98a1d7a8eb0c@group-99B1B5F2F1F1-LeaderElection38] INFO  impl.LeaderElection (LeaderElection.java:logAndReturn(90)) - 93a726fc-a128-4d5e-9b28-98a1d7a8eb0c@group-99B1B5F2F1F1-LeaderElection38: ELECTION REJECTED received 2 response(s) and 0 exception(s):
2022-09-30 13:41:14,270 [93a726fc-a128-4d5e-9b28-98a1d7a8eb0c@group-99B1B5F2F1F1-LeaderElection38] INFO  impl.LeaderElection (LeaderElection.java:logAndReturn(94)) -   Response 0: 93a726fc-a128-4d5e-9b28-98a1d7a8eb0c<-97e8c787-6023-4421-819a-0b5ced458c94#0:FAIL-t1
2022-09-30 13:41:14,270 [93a726fc-a128-4d5e-9b28-98a1d7a8eb0c@group-99B1B5F2F1F1-LeaderElection38] INFO  impl.LeaderElection (LeaderElection.java:logAndReturn(94)) -   Response 1: 93a726fc-a128-4d5e-9b28-98a1d7a8eb0c<-62666bfa-5b48-4194-8431-0a6941154381#0:FAIL-t1
2022-09-30 13:41:14,270 [93a726fc-a128-4d5e-9b28-98a1d7a8eb0c@group-99B1B5F2F1F1-LeaderElection38] INFO  impl.LeaderElection (LeaderElection.java:askForVotes(312)) - 93a726fc-a128-4d5e-9b28-98a1d7a8eb0c@group-99B1B5F2F1F1-LeaderElection38 ELECTION round 0: result REJECTED
2022-09-30 13:41:14,270 [93a726fc-a128-4d5e-9b28-98a1d7a8eb0c@group-99B1B5F2F1F1-LeaderElection38] INFO  server.RaftServer$Division (RaftServerImpl.java:setRole(299)) - 93a726fc-a128-4d5e-9b28-98a1d7a8eb0c@group-99B1B5F2F1F1: changes role from CANDIDATE to FOLLOWER at term 1 for REJECTED
2022-09-30 13:41:14,270 [93a726fc-a128-4d5e-9b28-98a1d7a8eb0c@group-99B1B5F2F1F1-LeaderElection38] INFO  impl.RoleInfo (RoleInfo.java:shutdownLeaderElection(130)) - 93a726fc-a128-4d5e-9b28-98a1d7a8eb0c: shutdown 93a726fc-a128-4d5e-9b28-98a1d7a8eb0c@group-99B1B5F2F1F1-LeaderElection38
2022-09-30 13:41:14,270 [93a726fc-a128-4d5e-9b28-98a1d7a8eb0c@group-99B1B5F2F1F1-LeaderElection38] INFO  impl.RoleInfo (RoleInfo.java:updateAndGet(139)) - 93a726fc-a128-4d5e-9b28-98a1d7a8eb0c: start 93a726fc-a128-4d5e-9b28-98a1d7a8eb0c@group-99B1B5F2F1F1-FollowerState
2022-09-30 13:41:14,329 [main] INFO  utils.BackgroundService (BackgroundService.java:shutdown(141)) - Shutting down service BlockDeletingService
2022-09-30 13:41:14,330 [main] INFO  utils.BackgroundService (BackgroundService.java:shutdown(141)) - Shutting down service StaleRecoveringContainerScrubbingService
2022-09-30 13:41:14,481 [ReplicationMonitor] INFO  replication.ReplicationManager (ReplicationManager.java:processAll(291)) - Replication Manager is not ready to run until 3000ms after safemode exit
2022-09-30 13:41:14,940 [ReplicationMonitor] INFO  replication.ReplicationManager (ReplicationManager.java:processAll(291)) - Replication Manager is not ready to run until 3000ms after safemode exit
2022-09-30 13:41:14,940 [org.apache.ratis.util.JvmPauseMonitor$$Lambda$713/1901567698@105dfe7e] WARN  util.JvmPauseMonitor (JvmPauseMonitor.java:detectPause(124)) - JvmPauseMonitor-e1f0d285-df31-43ff-9499-3cdda764b68e: Detected pause in JVM or host machine (eg GC): pause of approximately 120013210ns.
GC pool 'PS MarkSweep' had collection(s): count=1 time=305ms
GC pool 'PS Scavenge' had collection(s): count=1 time=100ms
2022-09-30 13:41:14,941 [org.apache.ratis.util.JvmPauseMonitor$$Lambda$713/1901567698@3a932711] WARN  util.JvmPauseMonitor (JvmPauseMonitor.java:detectPause(124)) - JvmPauseMonitor-c604563f-8b94-483f-a354-2ed29e633e80: Detected pause in JVM or host machine (eg GC): pause of approximately 140945432ns.
GC pool 'PS MarkSweep' had collection(s): count=1 time=305ms
GC pool 'PS Scavenge' had collection(s): count=1 time=100ms
2022-09-30 13:41:14,941 [org.apache.ratis.util.JvmPauseMonitor$$Lambda$713/1901567698@5aeec738] WARN  util.JvmPauseMonitor (JvmPauseMonitor.java:detectPause(124)) - JvmPauseMonitor-1a0b3960-301a-4947-868f-ac6db93c3e0a: Detected pause in JVM or host machine (eg GC): pause of approximately 141177446ns.
GC pool 'PS MarkSweep' had collection(s): count=1 time=305ms
GC pool 'PS Scavenge' had collection(s): count=1 time=100ms
2022-09-30 13:41:14,943 [org.apache.ratis.util.JvmPauseMonitor$$Lambda$713/1901567698@21862517] WARN  util.JvmPauseMonitor (JvmPauseMonitor.java:detectPause(124)) - JvmPauseMonitor-667118c9-2086-46d8-bebb-14ab86077656: Detected pause in JVM or host machine (eg GC): pause of approximately 257399533ns.
GC pool 'PS MarkSweep' had collection(s): count=1 time=305ms
GC pool 'PS Scavenge' had collection(s): count=1 time=100ms
2022-09-30 13:41:14,943 [org.apache.ratis.util.JvmPauseMonitor$$Lambda$713/1901567698@2e223a3b] WARN  util.JvmPauseMonitor (JvmPauseMonitor.java:detectPause(124)) - JvmPauseMonitor-43811407-7c21-4fcd-ab69-dbd9b60ed504: Detected pause in JVM or host machine (eg GC): pause of approximately 257542041ns.
GC pool 'PS MarkSweep' had collection(s): count=1 time=305ms
GC pool 'PS Scavenge' had collection(s): count=1 time=100ms
2022-09-30 13:41:14,943 [org.apache.ratis.util.JvmPauseMonitor$$Lambda$713/1901567698@1171a97d] WARN  util.JvmPauseMonitor (JvmPauseMonitor.java:detectPause(124)) - JvmPauseMonitor-62666bfa-5b48-4194-8431-0a6941154381: Detected pause in JVM or host machine (eg GC): pause of approximately 281469339ns.
GC pool 'PS MarkSweep' had collection(s): count=1 time=305ms
GC pool 'PS Scavenge' had collection(s): count=1 time=100ms
2022-09-30 13:41:14,944 [org.apache.ratis.util.JvmPauseMonitor$$Lambda$713/1901567698@58f62f7d] WARN  util.JvmPauseMonitor (JvmPauseMonitor.java:detectPause(124)) - JvmPauseMonitor-om1: Detected pause in JVM or host machine (eg GC): pause of approximately 313074585ns.
GC pool 'PS MarkSweep' had collection(s): count=1 time=305ms
GC pool 'PS Scavenge' had collection(s): count=1 time=100ms
2022-09-30 13:41:14,946 [org.apache.ratis.util.JvmPauseMonitor$$Lambda$713/1901567698@7989ad01] WARN  util.JvmPauseMonitor (JvmPauseMonitor.java:detectPause(124)) - JvmPauseMonitor-93a726fc-a128-4d5e-9b28-98a1d7a8eb0c: Detected pause in JVM or host machine (eg GC): pause of approximately 349150992ns.
GC pool 'PS MarkSweep' had collection(s): count=1 time=305ms
GC pool 'PS Scavenge' had collection(s): count=1 time=100ms
2022-09-30 13:41:14,947 [org.apache.ratis.util.JvmPauseMonitor$$Lambda$713/1901567698@35b3b13c] WARN  util.JvmPauseMonitor (JvmPauseMonitor.java:detectPause(124)) - JvmPauseMonitor-2f2aa734-5659-47cb-9e8c-97447fb3d532: Detected pause in JVM or host machine (eg GC): pause of approximately 394850761ns.
GC pool 'PS MarkSweep' had collection(s): count=1 time=305ms
GC pool 'PS Scavenge' had collection(s): count=1 time=100ms
2022-09-30 13:41:14,982 [Under Replicated Processor] INFO  replication.UnderReplicatedProcessor (UnderReplicatedProcessor.java:processAll(92)) - Processed 0 under replicated containers, failed processing 0
2022-09-30 13:41:15,003 [Listener at 0.0.0.0/39821] INFO  reflections.Reflections (Reflections.java:scan(232)) - Reflections took 1082 ms to scan 19 urls, producing 67 keys and 4214 values [using 2 cores]
2022-09-30 13:41:15,005 [Listener at 0.0.0.0/39821] INFO  ipc.CallQueueManager (CallQueueManager.java:<init>(90)) - Using callQueue: class java.util.concurrent.LinkedBlockingQueue, queueCapacity: 2000, scheduler: class org.apache.hadoop.ipc.DefaultRpcScheduler, ipcBackoff: false.
2022-09-30 13:41:15,007 [Socket Reader #1 for port 0] INFO  ipc.Server (Server.java:run(1265)) - Starting Socket Reader #1 for port 0
2022-09-30 13:41:15,024 [Over Replicated Processor] INFO  replication.OverReplicatedProcessor (OverReplicatedProcessor.java:processAll(90)) - Processed 0 over replicated containers, failed processing 0
2022-09-30 13:41:15,035 [Listener at 127.0.0.1/41123] INFO  impl.MetricsSystemImpl (MetricsSystemImpl.java:init(158)) - OzoneManager metrics system started (again)
2022-09-30 13:41:15,048 [Listener at 127.0.0.1/41123] INFO  om.OzoneManager (OzoneManager.java:start(1483)) - OzoneManager RPC server is listening at localhost/127.0.0.1:41123
2022-09-30 13:41:15,049 [Listener at 127.0.0.1/41123] INFO  ratis.OzoneManagerRatisServer (OzoneManagerRatisServer.java:start(555)) - Starting OzoneManagerRatisServer om1 at port 40935
2022-09-30 13:41:15,049 [om1-impl-thread1] INFO  server.RaftServer$Division (RaftServerImpl.java:start(310)) - om1@group-C5BA1605619E: start as a follower, conf=-1: [om1|rpc:localhost:40935|priority:0], old=null
2022-09-30 13:41:15,049 [om1-impl-thread1] INFO  server.RaftServer$Division (RaftServerImpl.java:setRole(299)) - om1@group-C5BA1605619E: changes role from      null to FOLLOWER at term 0 for startAsFollower
2022-09-30 13:41:15,049 [om1-impl-thread1] INFO  impl.RoleInfo (RoleInfo.java:updateAndGet(139)) - om1: start om1@group-C5BA1605619E-FollowerState
2022-09-30 13:41:15,049 [om1-impl-thread1] ERROR util.JmxRegister (JmxRegister.java:tryRegister(40)) - Failed to register JMX Bean with name Ratis:service=RaftServer,group=group-C5BA1605619E,id=om1
javax.management.InstanceAlreadyExistsException: Ratis:service=RaftServer,group=group-C5BA1605619E,id=om1
	at com.sun.jmx.mbeanserver.Repository.addMBean(Repository.java:437)
	at com.sun.jmx.interceptor.DefaultMBeanServerInterceptor.registerWithRepository(DefaultMBeanServerInterceptor.java:1898)
	at com.sun.jmx.interceptor.DefaultMBeanServerInterceptor.registerDynamicMBean(DefaultMBeanServerInterceptor.java:966)
	at com.sun.jmx.interceptor.DefaultMBeanServerInterceptor.registerObject(DefaultMBeanServerInterceptor.java:900)
	at com.sun.jmx.interceptor.DefaultMBeanServerInterceptor.registerMBean(DefaultMBeanServerInterceptor.java:324)
	at com.sun.jmx.mbeanserver.JmxMBeanServer.registerMBean(JmxMBeanServer.java:522)
	at org.apache.ratis.util.JmxRegister.tryRegister(JmxRegister.java:38)
	at org.apache.ratis.util.JmxRegister.register(JmxRegister.java:56)
	at org.apache.ratis.server.impl.RaftServerImpl.registerMBean(RaftServerImpl.java:329)
	at org.apache.ratis.server.impl.RaftServerImpl.start(RaftServerImpl.java:320)
	at org.apache.ratis.util.ConcurrentUtils.lambda$null$3(ConcurrentUtils.java:162)
	at java.util.concurrent.ThreadPoolExecutor.runWorker(ThreadPoolExecutor.java:1149)
	at java.util.concurrent.ThreadPoolExecutor$Worker.run(ThreadPoolExecutor.java:624)
	at java.lang.Thread.run(Thread.java:750)
2022-09-30 13:41:15,050 [om1-impl-thread1] ERROR util.JmxRegister (JmxRegister.java:tryRegister(40)) - Failed to register JMX Bean with name Ratis:service=RaftServer,group=group-C5BA1605619E,id="om1"
javax.management.InstanceAlreadyExistsException: Ratis:service=RaftServer,group=group-C5BA1605619E,id="om1"
	at com.sun.jmx.mbeanserver.Repository.addMBean(Repository.java:437)
	at com.sun.jmx.interceptor.DefaultMBeanServerInterceptor.registerWithRepository(DefaultMBeanServerInterceptor.java:1898)
	at com.sun.jmx.interceptor.DefaultMBeanServerInterceptor.registerDynamicMBean(DefaultMBeanServerInterceptor.java:966)
	at com.sun.jmx.interceptor.DefaultMBeanServerInterceptor.registerObject(DefaultMBeanServerInterceptor.java:900)
	at com.sun.jmx.interceptor.DefaultMBeanServerInterceptor.registerMBean(DefaultMBeanServerInterceptor.java:324)
	at com.sun.jmx.mbeanserver.JmxMBeanServer.registerMBean(JmxMBeanServer.java:522)
	at org.apache.ratis.util.JmxRegister.tryRegister(JmxRegister.java:38)
	at org.apache.ratis.util.JmxRegister.register(JmxRegister.java:56)
	at org.apache.ratis.server.impl.RaftServerImpl.registerMBean(RaftServerImpl.java:329)
	at org.apache.ratis.server.impl.RaftServerImpl.start(RaftServerImpl.java:320)
	at org.apache.ratis.util.ConcurrentUtils.lambda$null$3(ConcurrentUtils.java:162)
	at java.util.concurrent.ThreadPoolExecutor.runWorker(ThreadPoolExecutor.java:1149)
	at java.util.concurrent.ThreadPoolExecutor$Worker.run(ThreadPoolExecutor.java:624)
	at java.lang.Thread.run(Thread.java:750)
2022-09-30 13:41:15,052 [Listener at 127.0.0.1/41123] INFO  server.RaftServer (RaftServerProxy.java:lambda$start$6(382)) - om1: start RPC server
2022-09-30 13:41:15,055 [Listener at 127.0.0.1/41123] INFO  server.GrpcService (GrpcService.java:startImpl(260)) - om1: GrpcService started, listening on 40935
2022-09-30 13:41:15,059 [Listener at 127.0.0.1/41123] INFO  om.OzoneManager (OzoneManager.java:start(1499)) - Version File has different layout version (3) than OM DB (null). That is expected if this OM has never been finalized to a newer layout version.
2022-09-30 13:41:15,060 [org.apache.ratis.util.JvmPauseMonitor$$Lambda$713/1901567698@722ffe69] INFO  util.JvmPauseMonitor (JvmPauseMonitor.java:run(103)) - JvmPauseMonitor-om1: Started
2022-09-30 13:41:15,062 [Listener at 127.0.0.1/41123] INFO  http.BaseHttpServer (BaseHttpServer.java:newHttpServer2BuilderForOzone(213)) - Starting Web-server for ozoneManager at: http://0.0.0.0:0
2022-09-30 13:41:15,062 [Listener at 127.0.0.1/41123] INFO  http.BaseHttpServer (BaseHttpServer.java:<init>(108)) - Hadoop Security Enabled: false Ozone Security Enabled: false Ozone HTTP Security Enabled: false 
2022-09-30 13:41:15,075 [Listener at 127.0.0.1/41123] INFO  server.AuthenticationFilter (AuthenticationFilter.java:constructSecretProvider(240)) - Unable to initialize FileSignerSecretProvider, falling back to use random secrets.
2022-09-30 13:41:15,075 [Listener at 127.0.0.1/41123] WARN  http.HttpRequestLog (HttpRequestLog.java:getRequestLog(103)) - Jetty request log can only be enabled using Log4j
2022-09-30 13:41:15,077 [Listener at 127.0.0.1/41123] INFO  http.HttpServer2 (HttpServer2.java:addGlobalFilter(1029)) - Added global filter 'safety' (class=org.apache.hadoop.hdds.server.http.HttpServer2$QuotingInputFilter)
2022-09-30 13:41:15,077 [Listener at 127.0.0.1/41123] INFO  http.HttpServer2 (HttpServer2.java:addFilter(1005)) - Added filter static_user_filter (class=org.apache.hadoop.http.lib.StaticUserWebFilter$StaticUserFilter) to context ozoneManager
2022-09-30 13:41:15,077 [Listener at 127.0.0.1/41123] INFO  http.HttpServer2 (HttpServer2.java:addFilter(1013)) - Added filter static_user_filter (class=org.apache.hadoop.http.lib.StaticUserWebFilter$StaticUserFilter) to context static
2022-09-30 13:41:15,077 [Listener at 127.0.0.1/41123] INFO  http.HttpServer2 (HttpServer2.java:addFilter(1013)) - Added filter static_user_filter (class=org.apache.hadoop.http.lib.StaticUserWebFilter$StaticUserFilter) to context logs
2022-09-30 13:41:15,078 [ReplicationMonitor] INFO  replication.ReplicationManager (ReplicationManager.java:processAll(324)) - Replication Monitor Thread took 1 milliseconds for processing 8 containers.
2022-09-30 13:41:15,080 [Listener at 127.0.0.1/41123] INFO  http.HttpServer2 (HttpServer2.java:bindListener(1248)) - Jetty bound to port 37393
2022-09-30 13:41:15,080 [Listener at 127.0.0.1/41123] INFO  server.Server (Server.java:doStart(375)) - jetty-9.4.43.v20210629; built: 2021-06-30T11:07:22.254Z; git: 526006ecfa3af7f1a27ef3a288e2bef7ea9dd7e8; jvm 1.8.0_345-b01
2022-09-30 13:41:15,082 [Listener at 127.0.0.1/41123] INFO  server.session (DefaultSessionIdManager.java:doStart(334)) - DefaultSessionIdManager workerName=node0
2022-09-30 13:41:15,082 [Listener at 127.0.0.1/41123] INFO  server.session (DefaultSessionIdManager.java:doStart(339)) - No SessionScavenger set, using defaults
2022-09-30 13:41:15,090 [Listener at 127.0.0.1/41123] INFO  server.session (HouseKeeper.java:startScavenging(132)) - node0 Scavenging every 660000ms
2022-09-30 13:41:15,091 [Listener at 127.0.0.1/41123] INFO  handler.ContextHandler (ContextHandler.java:doStart(915)) - Started o.e.j.s.ServletContextHandler@7cd4a1e2{logs,/logs,file:///home/runner/work/ozone/ozone/hadoop-ozone/integration-test/target/log,AVAILABLE}
2022-09-30 13:41:15,091 [Listener at 127.0.0.1/41123] INFO  handler.ContextHandler (ContextHandler.java:doStart(915)) - Started o.e.j.s.ServletContextHandler@6c42d5f1{static,/static,file:///home/runner/work/ozone/ozone/hadoop-ozone/integration-test/target/test-classes/webapps/static,AVAILABLE}
2022-09-30 13:41:15,094 [Listener at 127.0.0.1/41123] INFO  handler.ContextHandler (ContextHandler.java:doStart(915)) - Started o.e.j.w.WebAppContext@5ced1f66{ozoneManager,/,file:///home/runner/work/ozone/ozone/hadoop-ozone/integration-test/target/test-classes/webapps/ozoneManager/,AVAILABLE}{file:/home/runner/work/ozone/ozone/hadoop-ozone/integration-test/target/test-classes/webapps/ozoneManager}
2022-09-30 13:41:15,112 [Listener at 127.0.0.1/41123] INFO  server.AbstractConnector (AbstractConnector.java:doStart(331)) - Started ServerConnector@60197f2c{HTTP/1.1, (http/1.1)}{0.0.0.0:37393}
2022-09-30 13:41:15,112 [Listener at 127.0.0.1/41123] INFO  server.Server (Server.java:doStart(415)) - Started @62869ms
2022-09-30 13:41:15,112 [Listener at 127.0.0.1/41123] WARN  impl.MetricsSystemImpl (MetricsSystemImpl.java:register(279)) - Sink prometheus already exists!
2022-09-30 13:41:15,113 [Listener at 127.0.0.1/41123] INFO  http.BaseHttpServer (BaseHttpServer.java:updateConnectorAddress(333)) - HTTP server of ozoneManager listening at http://0.0.0.0:37393
2022-09-30 13:41:15,113 [IPC Server Responder] INFO  ipc.Server (Server.java:run(1507)) - IPC Server Responder: starting
2022-09-30 13:41:15,113 [IPC Server listener on 0] INFO  ipc.Server (Server.java:run(1344)) - IPC Server listener on 0: starting
2022-09-30 13:41:15,116 [Listener at 127.0.0.1/41123] INFO  om.OzoneManager (OzoneManager.java:startTrashEmptier(1920)) - Trash Interval set to 0. Files deleted won't move to trash
2022-09-30 13:41:15,140 [org.apache.hadoop.util.JvmPauseMonitor$Monitor@2e2a47ce] INFO  util.JvmPauseMonitor (JvmPauseMonitor.java:run(188)) - Starting JVM pause monitor
2022-09-30 13:41:15,183 [Listener at 127.0.0.1/41123] WARN  impl.MetricRegistriesImpl (MetricRegistriesImpl.java:addReporterRegistration(111)) - New reporters are added after registries were created. Some metrics will be missing from the reporter. Please add reporter before adding any new registry.
2022-09-30 13:41:15,183 [Listener at 127.0.0.1/41123] WARN  impl.MetricRegistriesImpl (MetricRegistriesImpl.java:addReporterRegistration(111)) - New reporters are added after registries were created. Some metrics will be missing from the reporter. Please add reporter before adding any new registry.
2022-09-30 13:41:15,183 [Listener at 127.0.0.1/41123] INFO  impl.MetricsSystemImpl (MetricsSystemImpl.java:init(158)) - HddsDatanode metrics system started (again)
2022-09-30 13:41:15,197 [Listener at 127.0.0.1/41123] INFO  ozone.HddsDatanodeService (HddsDatanodeService.java:start(236)) - HddsDatanodeService host:fv-az264-432.ca02foy5wcnuvlrvrz2wi3p2og.dx.internal.cloudapp.net ip:10.1.0.210
2022-09-30 13:41:15,242 [Listener at 127.0.0.1/41123] INFO  upgrade.AbstractLayoutVersionManager (AbstractLayoutVersionManager.java:init(83)) - Initializing Layout version manager with metadata layout = DATANODE_SCHEMA_V3 (version = 4), software layout = DATANODE_SCHEMA_V3 (version = 4)
2022-09-30 13:41:15,357 [Listener at 127.0.0.1/41123] INFO  reflections.Reflections (Reflections.java:scan(232)) - Reflections took 111 ms to scan 7 urls, producing 135 keys and 327 values 
2022-09-30 13:41:15,360 [Listener at 127.0.0.1/41123] INFO  statemachine.DatanodeStateMachine (DatanodeStateMachine.java:getEndPointTaskThreadPoolSize(237)) - Datanode State Machine Task Thread Pool size 2
2022-09-30 13:41:15,370 [Listener at 127.0.0.1/41123] INFO  volume.HddsVolume (HddsVolume.java:<init>(117)) - Creating HddsVolume: /home/runner/work/ozone/ozone/hadoop-ozone/integration-test/target/test-dir/MiniOzoneClusterImpl-82a034ca-598a-4f61-9cf8-f23ed130edf3/datanode-0/data-0/containers/hdds of storage type : DISK capacity : 9223372036854775807
2022-09-30 13:41:15,370 [Listener at 127.0.0.1/41123] INFO  volume.MutableVolumeSet (MutableVolumeSet.java:initializeVolumeSet(174)) - Added Volume : /home/runner/work/ozone/ozone/hadoop-ozone/integration-test/target/test-dir/MiniOzoneClusterImpl-82a034ca-598a-4f61-9cf8-f23ed130edf3/datanode-0/data-0/containers/hdds to VolumeSet
2022-09-30 13:41:15,370 [Listener at 127.0.0.1/41123] INFO  volume.ThrottledAsyncChecker (ThrottledAsyncChecker.java:schedule(141)) - Scheduling a check for /home/runner/work/ozone/ozone/hadoop-ozone/integration-test/target/test-dir/MiniOzoneClusterImpl-82a034ca-598a-4f61-9cf8-f23ed130edf3/datanode-0/data-0/containers/hdds
2022-09-30 13:41:15,379 [Listener at 127.0.0.1/41123] INFO  volume.StorageVolumeChecker (StorageVolumeChecker.java:checkAllVolumes(202)) - Scheduled health check for volume /home/runner/work/ozone/ozone/hadoop-ozone/integration-test/target/test-dir/MiniOzoneClusterImpl-82a034ca-598a-4f61-9cf8-f23ed130edf3/datanode-0/data-0/containers/hdds
2022-09-30 13:41:15,397 [Listener at 127.0.0.1/41123] INFO  volume.MutableVolumeSet (MutableVolumeSet.java:initializeVolumeSet(174)) - Added Volume : /home/runner/work/ozone/ozone/hadoop-ozone/integration-test/target/test-dir/MiniOzoneClusterImpl-82a034ca-598a-4f61-9cf8-f23ed130edf3/datanode-0/data/ratis to VolumeSet
2022-09-30 13:41:15,398 [Listener at 127.0.0.1/41123] INFO  volume.ThrottledAsyncChecker (ThrottledAsyncChecker.java:schedule(141)) - Scheduling a check for /home/runner/work/ozone/ozone/hadoop-ozone/integration-test/target/test-dir/MiniOzoneClusterImpl-82a034ca-598a-4f61-9cf8-f23ed130edf3/datanode-0/data/ratis
2022-09-30 13:41:15,398 [Listener at 127.0.0.1/41123] INFO  volume.StorageVolumeChecker (StorageVolumeChecker.java:checkAllVolumes(202)) - Scheduled health check for volume /home/runner/work/ozone/ozone/hadoop-ozone/integration-test/target/test-dir/MiniOzoneClusterImpl-82a034ca-598a-4f61-9cf8-f23ed130edf3/datanode-0/data/ratis
2022-09-30 13:41:15,412 [Thread-1102] INFO  ozoneimpl.ContainerReader (ContainerReader.java:readVolume(175)) - Finish verifying containers on volume /home/runner/work/ozone/ozone/hadoop-ozone/integration-test/target/test-dir/MiniOzoneClusterImpl-82a034ca-598a-4f61-9cf8-f23ed130edf3/datanode-0/data-0/containers/hdds
2022-09-30 13:41:15,412 [Listener at 127.0.0.1/41123] INFO  ozoneimpl.OzoneContainer (OzoneContainer.java:buildContainerSet(300)) - Build ContainerSet costs 0s
2022-09-30 13:41:15,414 [Listener at 127.0.0.1/41123] INFO  server.RaftServer (ConfUtils.java:logGet(46)) - raft.rpc.type = GRPC (default)
2022-09-30 13:41:15,414 [Listener at 127.0.0.1/41123] INFO  grpc.GrpcFactory (GrpcFactory.java:checkPooledByteBufAllocatorUseCacheForAllThreads(48)) - PERFORMANCE WARNING: useCacheForAllThreads is true that may cause Netty to create a lot garbage objects and, as a result, trigger GC.
	It is recommended to disable useCacheForAllThreads by setting -Dorg.apache.ratis.thirdparty.io.netty.allocator.useCacheForAllThreads=false in command line.
2022-09-30 13:41:15,414 [Listener at 127.0.0.1/41123] INFO  grpc.GrpcConfigKeys (ConfUtils.java:logGet(46)) - raft.grpc.admin.port = 0 (custom)
2022-09-30 13:41:15,414 [Listener at 127.0.0.1/41123] INFO  grpc.GrpcConfigKeys (ConfUtils.java:logGet(46)) - raft.grpc.client.port = 0 (custom)
2022-09-30 13:41:15,414 [Listener at 127.0.0.1/41123] INFO  grpc.GrpcConfigKeys (ConfUtils.java:logGet(46)) - raft.grpc.server.port = 0 (default)
2022-09-30 13:41:15,414 [Listener at 127.0.0.1/41123] INFO  server.GrpcService (ConfUtils.java:logGet(46)) - raft.grpc.message.size.max = 32MB (=33554432) (custom)
2022-09-30 13:41:15,414 [Listener at 127.0.0.1/41123] INFO  server.RaftServerConfigKeys (ConfUtils.java:logGet(46)) - raft.server.log.appender.buffer.byte-limit = 33554432 (custom)
2022-09-30 13:41:15,414 [Listener at 127.0.0.1/41123] INFO  server.GrpcService (ConfUtils.java:logGet(46)) - raft.grpc.flow.control.window = 5MB (=5242880) (custom)
2022-09-30 13:41:15,414 [Listener at 127.0.0.1/41123] INFO  server.RaftServerConfigKeys (ConfUtils.java:logGet(46)) - raft.server.rpc.request.timeout = 60s (custom)
2022-09-30 13:41:15,414 [Listener at 127.0.0.1/41123] INFO  grpc.GrpcConfigKeys (ConfUtils.java:logGet(46)) - raft.grpc.server.async.request.thread.pool.cached = true (default)
2022-09-30 13:41:15,414 [Listener at 127.0.0.1/41123] INFO  grpc.GrpcConfigKeys (ConfUtils.java:logGet(46)) - raft.grpc.server.async.request.thread.pool.size = 32 (default)
2022-09-30 13:41:15,417 [Listener at 127.0.0.1/41123] INFO  impl.DataStreamServerImpl (ConfUtils.java:logGet(46)) - raft.datastream.type = DISABLED (default)
2022-09-30 13:41:15,417 [Listener at 127.0.0.1/41123] INFO  server.RaftServerConfigKeys (ConfUtils.java:logGet(46)) - raft.server.threadpool.proxy.cached = true (default)
2022-09-30 13:41:15,417 [Listener at 127.0.0.1/41123] INFO  server.RaftServerConfigKeys (ConfUtils.java:logGet(46)) - raft.server.threadpool.proxy.size = 0 (default)
2022-09-30 13:41:15,417 [Listener at 127.0.0.1/41123] INFO  server.RaftServerConfigKeys (ConfUtils.java:logGet(46)) - raft.server.rpc.slowness.timeout = 300s (custom)
2022-09-30 13:41:15,417 [Listener at 127.0.0.1/41123] INFO  server.RaftServerConfigKeys (ConfUtils.java:logGet(46)) - raft.server.leaderelection.leader.step-down.wait-time = 10s (default)
2022-09-30 13:41:15,417 [Listener at 127.0.0.1/41123] INFO  server.RaftServerConfigKeys (ConfUtils.java:logGet(46)) - raft.server.storage.dir = [/home/runner/work/ozone/ozone/hadoop-ozone/integration-test/target/test-dir/MiniOzoneClusterImpl-82a034ca-598a-4f61-9cf8-f23ed130edf3/datanode-0/data/ratis] (custom)
2022-09-30 13:41:15,419 [Listener at 127.0.0.1/41123] INFO  server.XceiverServerGrpc (XceiverServerGrpc.java:<init>(132)) - GrpcServer channel type EpollServerSocketChannel
2022-09-30 13:41:15,423 [Listener at 127.0.0.1/41123] INFO  http.BaseHttpServer (BaseHttpServer.java:newHttpServer2BuilderForOzone(213)) - Starting Web-server for hddsDatanode at: http://0.0.0.0:0
2022-09-30 13:41:15,423 [Listener at 127.0.0.1/41123] INFO  http.BaseHttpServer (BaseHttpServer.java:<init>(108)) - Hadoop Security Enabled: false Ozone Security Enabled: false Ozone HTTP Security Enabled: false 
2022-09-30 13:41:15,424 [Listener at 127.0.0.1/41123] INFO  server.AuthenticationFilter (AuthenticationFilter.java:constructSecretProvider(240)) - Unable to initialize FileSignerSecretProvider, falling back to use random secrets.
2022-09-30 13:41:15,429 [Listener at 127.0.0.1/41123] WARN  http.HttpRequestLog (HttpRequestLog.java:getRequestLog(103)) - Jetty request log can only be enabled using Log4j
2022-09-30 13:41:15,430 [Listener at 127.0.0.1/41123] INFO  http.HttpServer2 (HttpServer2.java:addGlobalFilter(1029)) - Added global filter 'safety' (class=org.apache.hadoop.hdds.server.http.HttpServer2$QuotingInputFilter)
2022-09-30 13:41:15,431 [Listener at 127.0.0.1/41123] INFO  http.HttpServer2 (HttpServer2.java:addFilter(1005)) - Added filter static_user_filter (class=org.apache.hadoop.http.lib.StaticUserWebFilter$StaticUserFilter) to context hddsDatanode
2022-09-30 13:41:15,431 [Listener at 127.0.0.1/41123] INFO  http.HttpServer2 (HttpServer2.java:addFilter(1013)) - Added filter static_user_filter (class=org.apache.hadoop.http.lib.StaticUserWebFilter$StaticUserFilter) to context logs
2022-09-30 13:41:15,431 [Listener at 127.0.0.1/41123] INFO  http.HttpServer2 (HttpServer2.java:addFilter(1013)) - Added filter static_user_filter (class=org.apache.hadoop.http.lib.StaticUserWebFilter$StaticUserFilter) to context static
2022-09-30 13:41:15,432 [Listener at 127.0.0.1/41123] INFO  http.HttpServer2 (HttpServer2.java:bindListener(1248)) - Jetty bound to port 46839
2022-09-30 13:41:15,432 [Listener at 127.0.0.1/41123] INFO  server.Server (Server.java:doStart(375)) - jetty-9.4.43.v20210629; built: 2021-06-30T11:07:22.254Z; git: 526006ecfa3af7f1a27ef3a288e2bef7ea9dd7e8; jvm 1.8.0_345-b01
2022-09-30 13:41:15,463 [Listener at 127.0.0.1/41123] INFO  server.session (DefaultSessionIdManager.java:doStart(334)) - DefaultSessionIdManager workerName=node0
2022-09-30 13:41:15,463 [Listener at 127.0.0.1/41123] INFO  server.session (DefaultSessionIdManager.java:doStart(339)) - No SessionScavenger set, using defaults
2022-09-30 13:41:15,464 [Listener at 127.0.0.1/41123] INFO  server.session (HouseKeeper.java:startScavenging(132)) - node0 Scavenging every 600000ms
2022-09-30 13:41:15,464 [Listener at 127.0.0.1/41123] INFO  handler.ContextHandler (ContextHandler.java:doStart(915)) - Started o.e.j.s.ServletContextHandler@2efd30db{logs,/logs,file:///home/runner/work/ozone/ozone/hadoop-ozone/integration-test/target/log,AVAILABLE}
2022-09-30 13:41:15,465 [Listener at 127.0.0.1/41123] INFO  handler.ContextHandler (ContextHandler.java:doStart(915)) - Started o.e.j.s.ServletContextHandler@c362131{static,/static,jar:file:/home/runner/.m2/repository/org/apache/ozone/hdds-container-service/1.3.0-SNAPSHOT/hdds-container-service-1.3.0-SNAPSHOT.jar!/webapps/static,AVAILABLE}
2022-09-30 13:41:15,482 [ReplicationMonitor] INFO  replication.ReplicationManager (ReplicationManager.java:processAll(291)) - Replication Manager is not ready to run until 3000ms after safemode exit
2022-09-30 13:41:15,690 [Listener at 127.0.0.1/41123] INFO  handler.ContextHandler (ContextHandler.java:doStart(915)) - Started o.e.j.w.WebAppContext@33e835c8{hddsDatanode,/,file:///tmp/jetty-0_0_0_0-46839-hdds-container-service-1_3_0-SNAPSHOT_jar-_-any-4727861965833379364/webapp/,AVAILABLE}{jar:file:/home/runner/.m2/repository/org/apache/ozone/hdds-container-service/1.3.0-SNAPSHOT/hdds-container-service-1.3.0-SNAPSHOT.jar!/webapps/hddsDatanode}
2022-09-30 13:41:15,694 [Listener at 127.0.0.1/41123] INFO  server.AbstractConnector (AbstractConnector.java:doStart(331)) - Started ServerConnector@3cf4a40f{HTTP/1.1, (http/1.1)}{0.0.0.0:46839}
2022-09-30 13:41:15,694 [Listener at 127.0.0.1/41123] INFO  server.Server (Server.java:doStart(415)) - Started @63451ms
2022-09-30 13:41:15,694 [Listener at 127.0.0.1/41123] WARN  impl.MetricsSystemImpl (MetricsSystemImpl.java:register(279)) - Sink prometheus already exists!
2022-09-30 13:41:15,704 [Listener at 127.0.0.1/41123] INFO  http.BaseHttpServer (BaseHttpServer.java:updateConnectorAddress(333)) - HTTP server of hddsDatanode listening at http://0.0.0.0:46839
2022-09-30 13:41:15,713 [Datanode State Machine Daemon Thread] INFO  statemachine.DatanodeStateMachine (DatanodeStateMachine.java:lambda$startDaemon$0(492)) - Ozone container server started.
2022-09-30 13:41:15,713 [Listener at 127.0.0.1/41123] WARN  impl.MetricRegistriesImpl (MetricRegistriesImpl.java:addReporterRegistration(111)) - New reporters are added after registries were created. Some metrics will be missing from the reporter. Please add reporter before adding any new registry.
2022-09-30 13:41:15,713 [Listener at 127.0.0.1/41123] WARN  impl.MetricRegistriesImpl (MetricRegistriesImpl.java:addReporterRegistration(111)) - New reporters are added after registries were created. Some metrics will be missing from the reporter. Please add reporter before adding any new registry.
2022-09-30 13:41:15,713 [Listener at 127.0.0.1/41123] INFO  impl.MetricsSystemImpl (MetricsSystemImpl.java:init(158)) - HddsDatanode metrics system started (again)
2022-09-30 13:41:15,739 [org.apache.hadoop.util.JvmPauseMonitor$Monitor@584eca5a] INFO  util.JvmPauseMonitor (JvmPauseMonitor.java:run(188)) - Starting JVM pause monitor
2022-09-30 13:41:15,746 [Datanode State Machine Task Thread - 0] INFO  datanode.InitDatanodeState (InitDatanodeState.java:persistContainerDatanodeDetails(138)) - DatanodeDetails is persisted to /home/runner/work/ozone/ozone/hadoop-ozone/integration-test/target/test-dir/MiniOzoneClusterImpl-82a034ca-598a-4f61-9cf8-f23ed130edf3/datanode-0/meta/datanode.id
2022-09-30 13:41:15,760 [Listener at 127.0.0.1/41123] INFO  ozone.HddsDatanodeService (HddsDatanodeService.java:start(236)) - HddsDatanodeService host:fv-az264-432.ca02foy5wcnuvlrvrz2wi3p2og.dx.internal.cloudapp.net ip:10.1.0.210
2022-09-30 13:41:15,788 [Listener at 127.0.0.1/41123] INFO  upgrade.AbstractLayoutVersionManager (AbstractLayoutVersionManager.java:init(83)) - Initializing Layout version manager with metadata layout = DATANODE_SCHEMA_V3 (version = 4), software layout = DATANODE_SCHEMA_V3 (version = 4)
2022-09-30 13:41:15,901 [Listener at 127.0.0.1/41123] INFO  reflections.Reflections (Reflections.java:scan(232)) - Reflections took 109 ms to scan 7 urls, producing 135 keys and 327 values 
2022-09-30 13:41:15,904 [Listener at 127.0.0.1/41123] INFO  statemachine.DatanodeStateMachine (DatanodeStateMachine.java:getEndPointTaskThreadPoolSize(237)) - Datanode State Machine Task Thread Pool size 2
2022-09-30 13:41:15,915 [Listener at 127.0.0.1/41123] INFO  volume.HddsVolume (HddsVolume.java:<init>(117)) - Creating HddsVolume: /home/runner/work/ozone/ozone/hadoop-ozone/integration-test/target/test-dir/MiniOzoneClusterImpl-82a034ca-598a-4f61-9cf8-f23ed130edf3/datanode-1/data-0/containers/hdds of storage type : DISK capacity : 9223372036854775807
2022-09-30 13:41:15,915 [Listener at 127.0.0.1/41123] INFO  volume.MutableVolumeSet (MutableVolumeSet.java:initializeVolumeSet(174)) - Added Volume : /home/runner/work/ozone/ozone/hadoop-ozone/integration-test/target/test-dir/MiniOzoneClusterImpl-82a034ca-598a-4f61-9cf8-f23ed130edf3/datanode-1/data-0/containers/hdds to VolumeSet
2022-09-30 13:41:15,915 [Listener at 127.0.0.1/41123] INFO  volume.ThrottledAsyncChecker (ThrottledAsyncChecker.java:schedule(141)) - Scheduling a check for /home/runner/work/ozone/ozone/hadoop-ozone/integration-test/target/test-dir/MiniOzoneClusterImpl-82a034ca-598a-4f61-9cf8-f23ed130edf3/datanode-1/data-0/containers/hdds
2022-09-30 13:41:15,927 [Listener at 127.0.0.1/41123] INFO  volume.StorageVolumeChecker (StorageVolumeChecker.java:checkAllVolumes(202)) - Scheduled health check for volume /home/runner/work/ozone/ozone/hadoop-ozone/integration-test/target/test-dir/MiniOzoneClusterImpl-82a034ca-598a-4f61-9cf8-f23ed130edf3/datanode-1/data-0/containers/hdds
2022-09-30 13:41:15,938 [Over Replicated Processor] INFO  replication.OverReplicatedProcessor (OverReplicatedProcessor.java:processAll(90)) - Processed 0 over replicated containers, failed processing 0
2022-09-30 13:41:15,940 [ReplicationMonitor] INFO  replication.ReplicationManager (ReplicationManager.java:processAll(324)) - Replication Monitor Thread took 0 milliseconds for processing 0 containers.
2022-09-30 13:41:15,941 [Under Replicated Processor] INFO  replication.UnderReplicatedProcessor (UnderReplicatedProcessor.java:processAll(92)) - Processed 0 under replicated containers, failed processing 0
2022-09-30 13:41:15,963 [Listener at 127.0.0.1/41123] INFO  volume.MutableVolumeSet (MutableVolumeSet.java:initializeVolumeSet(174)) - Added Volume : /home/runner/work/ozone/ozone/hadoop-ozone/integration-test/target/test-dir/MiniOzoneClusterImpl-82a034ca-598a-4f61-9cf8-f23ed130edf3/datanode-1/data/ratis to VolumeSet
2022-09-30 13:41:15,963 [Listener at 127.0.0.1/41123] INFO  volume.ThrottledAsyncChecker (ThrottledAsyncChecker.java:schedule(141)) - Scheduling a check for /home/runner/work/ozone/ozone/hadoop-ozone/integration-test/target/test-dir/MiniOzoneClusterImpl-82a034ca-598a-4f61-9cf8-f23ed130edf3/datanode-1/data/ratis
2022-09-30 13:41:15,963 [Listener at 127.0.0.1/41123] INFO  volume.StorageVolumeChecker (StorageVolumeChecker.java:checkAllVolumes(202)) - Scheduled health check for volume /home/runner/work/ozone/ozone/hadoop-ozone/integration-test/target/test-dir/MiniOzoneClusterImpl-82a034ca-598a-4f61-9cf8-f23ed130edf3/datanode-1/data/ratis
2022-09-30 13:41:15,979 [Thread-1117] INFO  ozoneimpl.ContainerReader (ContainerReader.java:readVolume(175)) - Finish verifying containers on volume /home/runner/work/ozone/ozone/hadoop-ozone/integration-test/target/test-dir/MiniOzoneClusterImpl-82a034ca-598a-4f61-9cf8-f23ed130edf3/datanode-1/data-0/containers/hdds
2022-09-30 13:41:15,980 [Listener at 127.0.0.1/41123] INFO  ozoneimpl.OzoneContainer (OzoneContainer.java:buildContainerSet(300)) - Build ContainerSet costs 0s
2022-09-30 13:41:15,982 [Listener at 127.0.0.1/41123] INFO  server.RaftServer (ConfUtils.java:logGet(46)) - raft.rpc.type = GRPC (default)
2022-09-30 13:41:15,982 [Under Replicated Processor] INFO  replication.UnderReplicatedProcessor (UnderReplicatedProcessor.java:processAll(92)) - Processed 0 under replicated containers, failed processing 0
2022-09-30 13:41:15,982 [Listener at 127.0.0.1/41123] INFO  grpc.GrpcFactory (GrpcFactory.java:checkPooledByteBufAllocatorUseCacheForAllThreads(48)) - PERFORMANCE WARNING: useCacheForAllThreads is true that may cause Netty to create a lot garbage objects and, as a result, trigger GC.
	It is recommended to disable useCacheForAllThreads by setting -Dorg.apache.ratis.thirdparty.io.netty.allocator.useCacheForAllThreads=false in command line.
2022-09-30 13:41:15,983 [Listener at 127.0.0.1/41123] INFO  grpc.GrpcConfigKeys (ConfUtils.java:logGet(46)) - raft.grpc.admin.port = 0 (custom)
2022-09-30 13:41:15,983 [Listener at 127.0.0.1/41123] INFO  grpc.GrpcConfigKeys (ConfUtils.java:logGet(46)) - raft.grpc.client.port = 0 (custom)
2022-09-30 13:41:15,983 [Listener at 127.0.0.1/41123] INFO  grpc.GrpcConfigKeys (ConfUtils.java:logGet(46)) - raft.grpc.server.port = 0 (default)
2022-09-30 13:41:15,983 [Listener at 127.0.0.1/41123] INFO  server.GrpcService (ConfUtils.java:logGet(46)) - raft.grpc.message.size.max = 32MB (=33554432) (custom)
2022-09-30 13:41:15,983 [Listener at 127.0.0.1/41123] INFO  server.RaftServerConfigKeys (ConfUtils.java:logGet(46)) - raft.server.log.appender.buffer.byte-limit = 33554432 (custom)
2022-09-30 13:41:15,983 [Listener at 127.0.0.1/41123] INFO  server.GrpcService (ConfUtils.java:logGet(46)) - raft.grpc.flow.control.window = 5MB (=5242880) (custom)
2022-09-30 13:41:15,983 [Listener at 127.0.0.1/41123] INFO  server.RaftServerConfigKeys (ConfUtils.java:logGet(46)) - raft.server.rpc.request.timeout = 60s (custom)
2022-09-30 13:41:15,983 [Listener at 127.0.0.1/41123] INFO  grpc.GrpcConfigKeys (ConfUtils.java:logGet(46)) - raft.grpc.server.async.request.thread.pool.cached = true (default)
2022-09-30 13:41:15,983 [Listener at 127.0.0.1/41123] INFO  grpc.GrpcConfigKeys (ConfUtils.java:logGet(46)) - raft.grpc.server.async.request.thread.pool.size = 32 (default)
2022-09-30 13:41:15,984 [Listener at 127.0.0.1/41123] INFO  impl.DataStreamServerImpl (ConfUtils.java:logGet(46)) - raft.datastream.type = DISABLED (default)
2022-09-30 13:41:15,984 [Listener at 127.0.0.1/41123] INFO  server.RaftServerConfigKeys (ConfUtils.java:logGet(46)) - raft.server.threadpool.proxy.cached = true (default)
2022-09-30 13:41:15,984 [Listener at 127.0.0.1/41123] INFO  server.RaftServerConfigKeys (ConfUtils.java:logGet(46)) - raft.server.threadpool.proxy.size = 0 (default)
2022-09-30 13:41:15,985 [Listener at 127.0.0.1/41123] INFO  server.RaftServerConfigKeys (ConfUtils.java:logGet(46)) - raft.server.rpc.slowness.timeout = 300s (custom)
2022-09-30 13:41:15,985 [Listener at 127.0.0.1/41123] INFO  server.RaftServerConfigKeys (ConfUtils.java:logGet(46)) - raft.server.leaderelection.leader.step-down.wait-time = 10s (default)
2022-09-30 13:41:15,985 [Listener at 127.0.0.1/41123] INFO  server.RaftServerConfigKeys (ConfUtils.java:logGet(46)) - raft.server.storage.dir = [/home/runner/work/ozone/ozone/hadoop-ozone/integration-test/target/test-dir/MiniOzoneClusterImpl-82a034ca-598a-4f61-9cf8-f23ed130edf3/datanode-1/data/ratis] (custom)
2022-09-30 13:41:15,986 [Listener at 127.0.0.1/41123] INFO  server.XceiverServerGrpc (XceiverServerGrpc.java:<init>(132)) - GrpcServer channel type EpollServerSocketChannel
2022-09-30 13:41:15,990 [Listener at 127.0.0.1/41123] INFO  http.BaseHttpServer (BaseHttpServer.java:newHttpServer2BuilderForOzone(213)) - Starting Web-server for hddsDatanode at: http://0.0.0.0:0
2022-09-30 13:41:15,990 [Listener at 127.0.0.1/41123] INFO  http.BaseHttpServer (BaseHttpServer.java:<init>(108)) - Hadoop Security Enabled: false Ozone Security Enabled: false Ozone HTTP Security Enabled: false 
2022-09-30 13:41:15,991 [Listener at 127.0.0.1/41123] INFO  server.AuthenticationFilter (AuthenticationFilter.java:constructSecretProvider(240)) - Unable to initialize FileSignerSecretProvider, falling back to use random secrets.
2022-09-30 13:41:15,992 [Listener at 127.0.0.1/41123] WARN  http.HttpRequestLog (HttpRequestLog.java:getRequestLog(103)) - Jetty request log can only be enabled using Log4j
2022-09-30 13:41:15,993 [Listener at 127.0.0.1/41123] INFO  http.HttpServer2 (HttpServer2.java:addGlobalFilter(1029)) - Added global filter 'safety' (class=org.apache.hadoop.hdds.server.http.HttpServer2$QuotingInputFilter)
2022-09-30 13:41:15,993 [Listener at 127.0.0.1/41123] INFO  http.HttpServer2 (HttpServer2.java:addFilter(1005)) - Added filter static_user_filter (class=org.apache.hadoop.http.lib.StaticUserWebFilter$StaticUserFilter) to context hddsDatanode
2022-09-30 13:41:15,994 [Listener at 127.0.0.1/41123] INFO  http.HttpServer2 (HttpServer2.java:addFilter(1013)) - Added filter static_user_filter (class=org.apache.hadoop.http.lib.StaticUserWebFilter$StaticUserFilter) to context logs
2022-09-30 13:41:15,994 [Listener at 127.0.0.1/41123] INFO  http.HttpServer2 (HttpServer2.java:addFilter(1013)) - Added filter static_user_filter (class=org.apache.hadoop.http.lib.StaticUserWebFilter$StaticUserFilter) to context static
2022-09-30 13:41:15,994 [Listener at 127.0.0.1/41123] INFO  http.HttpServer2 (HttpServer2.java:bindListener(1248)) - Jetty bound to port 34215
2022-09-30 13:41:15,994 [Listener at 127.0.0.1/41123] INFO  server.Server (Server.java:doStart(375)) - jetty-9.4.43.v20210629; built: 2021-06-30T11:07:22.254Z; git: 526006ecfa3af7f1a27ef3a288e2bef7ea9dd7e8; jvm 1.8.0_345-b01
2022-09-30 13:41:16,024 [Listener at 127.0.0.1/41123] INFO  server.session (DefaultSessionIdManager.java:doStart(334)) - DefaultSessionIdManager workerName=node0
2022-09-30 13:41:16,024 [Listener at 127.0.0.1/41123] INFO  server.session (DefaultSessionIdManager.java:doStart(339)) - No SessionScavenger set, using defaults
2022-09-30 13:41:16,024 [Listener at 127.0.0.1/41123] INFO  server.session (HouseKeeper.java:startScavenging(132)) - node0 Scavenging every 660000ms
2022-09-30 13:41:16,024 [Over Replicated Processor] INFO  replication.OverReplicatedProcessor (OverReplicatedProcessor.java:processAll(90)) - Processed 0 over replicated containers, failed processing 0
2022-09-30 13:41:16,027 [Listener at 127.0.0.1/41123] INFO  handler.ContextHandler (ContextHandler.java:doStart(915)) - Started o.e.j.s.ServletContextHandler@676582c6{logs,/logs,file:///home/runner/work/ozone/ozone/hadoop-ozone/integration-test/target/log,AVAILABLE}
2022-09-30 13:41:16,028 [Listener at 127.0.0.1/41123] INFO  handler.ContextHandler (ContextHandler.java:doStart(915)) - Started o.e.j.s.ServletContextHandler@1721bf5a{static,/static,jar:file:/home/runner/.m2/repository/org/apache/ozone/hdds-container-service/1.3.0-SNAPSHOT/hdds-container-service-1.3.0-SNAPSHOT.jar!/webapps/static,AVAILABLE}
2022-09-30 13:41:16,075 [om1@group-C5BA1605619E-FollowerState] INFO  impl.FollowerState (FollowerState.java:run(143)) - om1@group-C5BA1605619E-FollowerState: change to CANDIDATE, lastRpcElapsedTime:1026305838ns, electionTimeout:1023ms
2022-09-30 13:41:16,075 [om1@group-C5BA1605619E-FollowerState] INFO  impl.RoleInfo (RoleInfo.java:shutdownFollowerState(110)) - om1: shutdown om1@group-C5BA1605619E-FollowerState
2022-09-30 13:41:16,075 [om1@group-C5BA1605619E-FollowerState] INFO  server.RaftServer$Division (RaftServerImpl.java:setRole(299)) - om1@group-C5BA1605619E: changes role from  FOLLOWER to CANDIDATE at term 0 for changeToCandidate
2022-09-30 13:41:16,076 [om1@group-C5BA1605619E-FollowerState] INFO  server.RaftServerConfigKeys (ConfUtils.java:logGet(46)) - raft.server.leaderelection.pre-vote = false (custom)
2022-09-30 13:41:16,076 [om1@group-C5BA1605619E-FollowerState] INFO  impl.RoleInfo (RoleInfo.java:updateAndGet(139)) - om1: start om1@group-C5BA1605619E-LeaderElection40
2022-09-30 13:41:16,079 [ReplicationMonitor] INFO  replication.ReplicationManager (ReplicationManager.java:processAll(324)) - Replication Monitor Thread took 1 milliseconds for processing 8 containers.
2022-09-30 13:41:16,087 [1abef520-eeaa-4e7a-a2f3-4eef6d213e0d@group-44C64A0B4B82-FollowerState] INFO  impl.FollowerState (FollowerState.java:run(143)) - 1abef520-eeaa-4e7a-a2f3-4eef6d213e0d@group-44C64A0B4B82-FollowerState: change to CANDIDATE, lastRpcElapsedTime:5106768546ns, electionTimeout:5098ms
2022-09-30 13:41:16,087 [1abef520-eeaa-4e7a-a2f3-4eef6d213e0d@group-44C64A0B4B82-FollowerState] INFO  impl.RoleInfo (RoleInfo.java:shutdownFollowerState(110)) - 1abef520-eeaa-4e7a-a2f3-4eef6d213e0d: shutdown 1abef520-eeaa-4e7a-a2f3-4eef6d213e0d@group-44C64A0B4B82-FollowerState
2022-09-30 13:41:16,087 [1abef520-eeaa-4e7a-a2f3-4eef6d213e0d@group-44C64A0B4B82-FollowerState] INFO  server.RaftServer$Division (RaftServerImpl.java:setRole(299)) - 1abef520-eeaa-4e7a-a2f3-4eef6d213e0d@group-44C64A0B4B82: changes role from  FOLLOWER to CANDIDATE at term 2 for changeToCandidate
2022-09-30 13:41:16,088 [1abef520-eeaa-4e7a-a2f3-4eef6d213e0d@group-44C64A0B4B82-FollowerState] INFO  server.RaftServerConfigKeys (ConfUtils.java:logGet(46)) - raft.server.leaderelection.pre-vote = false (custom)
2022-09-30 13:41:16,088 [1abef520-eeaa-4e7a-a2f3-4eef6d213e0d@group-44C64A0B4B82-FollowerState] INFO  impl.RoleInfo (RoleInfo.java:updateAndGet(139)) - 1abef520-eeaa-4e7a-a2f3-4eef6d213e0d: start 1abef520-eeaa-4e7a-a2f3-4eef6d213e0d@group-44C64A0B4B82-LeaderElection41
2022-09-30 13:41:16,097 [om1@group-C5BA1605619E-LeaderElection40] INFO  impl.LeaderElection (LeaderElection.java:askForVotes(310)) - om1@group-C5BA1605619E-LeaderElection40 ELECTION round 0: submit vote requests at term 1 for -1: [om1|rpc:localhost:40935|priority:0], old=null
2022-09-30 13:41:16,097 [1abef520-eeaa-4e7a-a2f3-4eef6d213e0d@group-44C64A0B4B82-LeaderElection41] INFO  impl.LeaderElection (LeaderElection.java:askForVotes(310)) - 1abef520-eeaa-4e7a-a2f3-4eef6d213e0d@group-44C64A0B4B82-LeaderElection41 ELECTION round 0: submit vote requests at term 3 for -1: [2ebbe601-d5be-40a5-8ef8-5fe69b71d197|rpc:10.1.0.210:37421|priority:0, 1abef520-eeaa-4e7a-a2f3-4eef6d213e0d|rpc:10.1.0.210:45505|priority:0, 667118c9-2086-46d8-bebb-14ab86077656|rpc:10.1.0.210:34109|priority:1], old=null
2022-09-30 13:41:16,097 [om1@group-C5BA1605619E-LeaderElection40] INFO  impl.LeaderElection (LeaderElection.java:askForVotes(312)) - om1@group-C5BA1605619E-LeaderElection40 ELECTION round 0: result PASSED (term=1)
2022-09-30 13:41:16,097 [om1@group-C5BA1605619E-LeaderElection40] INFO  impl.RoleInfo (RoleInfo.java:shutdownLeaderElection(130)) - om1: shutdown om1@group-C5BA1605619E-LeaderElection40
2022-09-30 13:41:16,097 [om1@group-C5BA1605619E-LeaderElection40] INFO  server.RaftServer$Division (RaftServerImpl.java:setRole(299)) - om1@group-C5BA1605619E: changes role from CANDIDATE to LEADER at term 1 for changeToLeader
2022-09-30 13:41:16,097 [om1@group-C5BA1605619E-LeaderElection40] INFO  server.RaftServer$Division (ServerState.java:setLeader(287)) - om1@group-C5BA1605619E: change Leader from null to om1 at term 1 for becomeLeader, leader elected after 2170ms
2022-09-30 13:41:16,098 [om1@group-C5BA1605619E-LeaderElection40] INFO  server.RaftServerConfigKeys (ConfUtils.java:logGet(46)) - raft.server.staging.catchup.gap = 1000 (default)
2022-09-30 13:41:16,107 [om1@group-C5BA1605619E-LeaderElection40] INFO  server.RaftServerConfigKeys (ConfUtils.java:logGet(46)) - raft.server.write.element-limit = 4096 (default)
2022-09-30 13:41:16,107 [om1@group-C5BA1605619E-LeaderElection40] INFO  server.RaftServerConfigKeys (ConfUtils.java:logGet(46)) - raft.server.write.byte-limit = 64MB (=67108864) (default)
2022-09-30 13:41:16,108 [om1@group-C5BA1605619E-LeaderElection40] INFO  server.RaftServerConfigKeys (ConfUtils.java:logGet(46)) - raft.server.watch.timeout = 10s (default)
2022-09-30 13:41:16,108 [om1@group-C5BA1605619E-LeaderElection40] INFO  server.RaftServerConfigKeys (ConfUtils.java:logGet(46)) - raft.server.watch.timeout.denomination = 1s (default)
2022-09-30 13:41:16,108 [om1@group-C5BA1605619E-LeaderElection40] INFO  server.RaftServerConfigKeys (ConfUtils.java:logGet(46)) - raft.server.watch.element-limit = 65536 (default)
2022-09-30 13:41:16,108 [om1@group-C5BA1605619E-LeaderElection40] INFO  server.RaftServerConfigKeys (ConfUtils.java:logGet(46)) - raft.server.write.element-limit = 4096 (default)
2022-09-30 13:41:16,108 [om1@group-C5BA1605619E-LeaderElection40] INFO  server.RaftServerConfigKeys (ConfUtils.java:logGet(46)) - raft.server.write.follower.gap.ratio.max = -1.0 (default)
2022-09-30 13:41:16,108 [om1@group-C5BA1605619E-LeaderElection40] INFO  impl.RoleInfo (RoleInfo.java:updateAndGet(139)) - om1: start om1@group-C5BA1605619E-LeaderStateImpl
2022-09-30 13:41:16,108 [om1@group-C5BA1605619E-LeaderElection40] INFO  segmented.SegmentedRaftLogWorker (SegmentedRaftLogWorker.java:startLogSegment(425)) - om1@group-C5BA1605619E-SegmentedRaftLogWorker: Starting segment from index:0
2022-09-30 13:41:16,109 [grpc-default-executor-1] INFO  server.RaftServer$Division (RaftServerImpl.java:requestVote(1152)) - 2ebbe601-d5be-40a5-8ef8-5fe69b71d197@group-44C64A0B4B82: receive requestVote(ELECTION, 1abef520-eeaa-4e7a-a2f3-4eef6d213e0d, group-44C64A0B4B82, 3, (t:0, i:0))
2022-09-30 13:41:16,109 [grpc-default-executor-1] INFO  impl.VoteContext (VoteContext.java:log(48)) - 2ebbe601-d5be-40a5-8ef8-5fe69b71d197@group-44C64A0B4B82-FOLLOWER: accept ELECTION from 1abef520-eeaa-4e7a-a2f3-4eef6d213e0d: our priority 0 <= candidate's priority 0
2022-09-30 13:41:16,109 [grpc-default-executor-1] INFO  server.RaftServer$Division (RaftServerImpl.java:setRole(299)) - 2ebbe601-d5be-40a5-8ef8-5fe69b71d197@group-44C64A0B4B82: changes role from  FOLLOWER to FOLLOWER at term 3 for candidate:1abef520-eeaa-4e7a-a2f3-4eef6d213e0d
2022-09-30 13:41:16,109 [grpc-default-executor-1] INFO  impl.RoleInfo (RoleInfo.java:shutdownFollowerState(110)) - 2ebbe601-d5be-40a5-8ef8-5fe69b71d197: shutdown 2ebbe601-d5be-40a5-8ef8-5fe69b71d197@group-44C64A0B4B82-FollowerState
2022-09-30 13:41:16,110 [grpc-default-executor-1] INFO  impl.RoleInfo (RoleInfo.java:updateAndGet(139)) - 2ebbe601-d5be-40a5-8ef8-5fe69b71d197: start 2ebbe601-d5be-40a5-8ef8-5fe69b71d197@group-44C64A0B4B82-FollowerState
2022-09-30 13:41:16,110 [2ebbe601-d5be-40a5-8ef8-5fe69b71d197@group-44C64A0B4B82-FollowerState] INFO  impl.FollowerState (FollowerState.java:run(152)) - 2ebbe601-d5be-40a5-8ef8-5fe69b71d197@group-44C64A0B4B82-FollowerState was interrupted
2022-09-30 13:41:16,111 [grpc-default-executor-6] INFO  server.RaftServer$Division (RaftServerImpl.java:requestVote(1152)) - 667118c9-2086-46d8-bebb-14ab86077656@group-44C64A0B4B82: receive requestVote(ELECTION, 1abef520-eeaa-4e7a-a2f3-4eef6d213e0d, group-44C64A0B4B82, 3, (t:0, i:0))
2022-09-30 13:41:16,111 [grpc-default-executor-6] INFO  impl.VoteContext (VoteContext.java:log(48)) - 667118c9-2086-46d8-bebb-14ab86077656@group-44C64A0B4B82-FOLLOWER: reject ELECTION from 1abef520-eeaa-4e7a-a2f3-4eef6d213e0d: our priority 1 > candidate's priority 0
2022-09-30 13:41:16,111 [grpc-default-executor-6] INFO  server.RaftServer$Division (RaftServerImpl.java:setRole(299)) - 667118c9-2086-46d8-bebb-14ab86077656@group-44C64A0B4B82: changes role from  FOLLOWER to FOLLOWER at term 3 for candidate:1abef520-eeaa-4e7a-a2f3-4eef6d213e0d
2022-09-30 13:41:16,111 [grpc-default-executor-6] INFO  impl.RoleInfo (RoleInfo.java:shutdownFollowerState(110)) - 667118c9-2086-46d8-bebb-14ab86077656: shutdown 667118c9-2086-46d8-bebb-14ab86077656@group-44C64A0B4B82-FollowerState
2022-09-30 13:41:16,129 [om1@group-C5BA1605619E-LeaderElection40] INFO  server.RaftServer$Division (ServerState.java:setRaftConf(393)) - om1@group-C5BA1605619E: set configuration 0: [om1|rpc:localhost:40935|admin:|client:|dataStream:|priority:0], old=null
2022-09-30 13:41:16,129 [grpc-default-executor-1] INFO  server.RaftServer$Division (RaftServerImpl.java:requestVote(1184)) - 2ebbe601-d5be-40a5-8ef8-5fe69b71d197@group-44C64A0B4B82 replies to ELECTION vote request: 1abef520-eeaa-4e7a-a2f3-4eef6d213e0d<-2ebbe601-d5be-40a5-8ef8-5fe69b71d197#0:OK-t3. Peer's state: 2ebbe601-d5be-40a5-8ef8-5fe69b71d197@group-44C64A0B4B82:t3, leader=null, voted=1abef520-eeaa-4e7a-a2f3-4eef6d213e0d, raftlog=2ebbe601-d5be-40a5-8ef8-5fe69b71d197@group-44C64A0B4B82-SegmentedRaftLog:OPENED:c-1, conf=-1: [2ebbe601-d5be-40a5-8ef8-5fe69b71d197|rpc:10.1.0.210:37421|dataStream:|priority:0, 1abef520-eeaa-4e7a-a2f3-4eef6d213e0d|rpc:10.1.0.210:45505|dataStream:|priority:0, 667118c9-2086-46d8-bebb-14ab86077656|rpc:10.1.0.210:34109|dataStream:|priority:1], old=null
2022-09-30 13:41:16,140 [grpc-default-executor-6] INFO  impl.RoleInfo (RoleInfo.java:updateAndGet(139)) - 667118c9-2086-46d8-bebb-14ab86077656: start 667118c9-2086-46d8-bebb-14ab86077656@group-44C64A0B4B82-FollowerState
2022-09-30 13:41:16,140 [om1@group-C5BA1605619E-SegmentedRaftLogWorker] INFO  segmented.SegmentedRaftLogWorker (SegmentedRaftLogWorker.java:execute(629)) - om1@group-C5BA1605619E-SegmentedRaftLogWorker: created new log segment /home/runner/work/ozone/ozone/hadoop-ozone/integration-test/target/test-dir/MiniOzoneClusterImpl-82a034ca-598a-4f61-9cf8-f23ed130edf3/ozone-meta/ratis/bf265839-605b-3f16-9796-c5ba1605619e/current/log_inprogress_0
2022-09-30 13:41:16,145 [667118c9-2086-46d8-bebb-14ab86077656@group-44C64A0B4B82-FollowerState] INFO  impl.FollowerState (FollowerState.java:run(152)) - 667118c9-2086-46d8-bebb-14ab86077656@group-44C64A0B4B82-FollowerState was interrupted
2022-09-30 13:41:16,148 [om1@group-C5BA1605619E-StateMachineUpdater] INFO  ratis.OzoneManagerStateMachine (OzoneManagerStateMachine.java:notifyConfigurationChanged(192)) - Received Configuration change notification from Ratis. New Peer list:
[id: "om1"
address: "localhost:40935"
]
2022-09-30 13:41:16,149 [grpc-default-executor-6] INFO  server.RaftServer$Division (RaftServerImpl.java:requestVote(1184)) - 667118c9-2086-46d8-bebb-14ab86077656@group-44C64A0B4B82 replies to ELECTION vote request: 1abef520-eeaa-4e7a-a2f3-4eef6d213e0d<-667118c9-2086-46d8-bebb-14ab86077656#0:FAIL-t3. Peer's state: 667118c9-2086-46d8-bebb-14ab86077656@group-44C64A0B4B82:t3, leader=null, voted=null, raftlog=667118c9-2086-46d8-bebb-14ab86077656@group-44C64A0B4B82-SegmentedRaftLog:OPENED:c-1, conf=-1: [2ebbe601-d5be-40a5-8ef8-5fe69b71d197|rpc:10.1.0.210:37421|dataStream:|priority:0, 1abef520-eeaa-4e7a-a2f3-4eef6d213e0d|rpc:10.1.0.210:45505|dataStream:|priority:0, 667118c9-2086-46d8-bebb-14ab86077656|rpc:10.1.0.210:34109|dataStream:|priority:1], old=null
2022-09-30 13:41:16,150 [1abef520-eeaa-4e7a-a2f3-4eef6d213e0d@group-44C64A0B4B82-LeaderElection41] INFO  impl.LeaderElection (LeaderElection.java:logAndReturn(90)) - 1abef520-eeaa-4e7a-a2f3-4eef6d213e0d@group-44C64A0B4B82-LeaderElection41: ELECTION REJECTED received 2 response(s) and 0 exception(s):
2022-09-30 13:41:16,150 [1abef520-eeaa-4e7a-a2f3-4eef6d213e0d@group-44C64A0B4B82-LeaderElection41] INFO  impl.LeaderElection (LeaderElection.java:logAndReturn(94)) -   Response 0: 1abef520-eeaa-4e7a-a2f3-4eef6d213e0d<-2ebbe601-d5be-40a5-8ef8-5fe69b71d197#0:OK-t3
2022-09-30 13:41:16,150 [1abef520-eeaa-4e7a-a2f3-4eef6d213e0d@group-44C64A0B4B82-LeaderElection41] INFO  impl.LeaderElection (LeaderElection.java:logAndReturn(94)) -   Response 1: 1abef520-eeaa-4e7a-a2f3-4eef6d213e0d<-667118c9-2086-46d8-bebb-14ab86077656#0:FAIL-t3
2022-09-30 13:41:16,150 [1abef520-eeaa-4e7a-a2f3-4eef6d213e0d@group-44C64A0B4B82-LeaderElection41] INFO  impl.LeaderElection (LeaderElection.java:askForVotes(312)) - 1abef520-eeaa-4e7a-a2f3-4eef6d213e0d@group-44C64A0B4B82-LeaderElection41 ELECTION round 0: result REJECTED
2022-09-30 13:41:16,150 [1abef520-eeaa-4e7a-a2f3-4eef6d213e0d@group-44C64A0B4B82-LeaderElection41] INFO  server.RaftServer$Division (RaftServerImpl.java:setRole(299)) - 1abef520-eeaa-4e7a-a2f3-4eef6d213e0d@group-44C64A0B4B82: changes role from CANDIDATE to FOLLOWER at term 3 for REJECTED
2022-09-30 13:41:16,150 [1abef520-eeaa-4e7a-a2f3-4eef6d213e0d@group-44C64A0B4B82-LeaderElection41] INFO  impl.RoleInfo (RoleInfo.java:shutdownLeaderElection(130)) - 1abef520-eeaa-4e7a-a2f3-4eef6d213e0d: shutdown 1abef520-eeaa-4e7a-a2f3-4eef6d213e0d@group-44C64A0B4B82-LeaderElection41
2022-09-30 13:41:16,150 [1abef520-eeaa-4e7a-a2f3-4eef6d213e0d@group-44C64A0B4B82-LeaderElection41] INFO  impl.RoleInfo (RoleInfo.java:updateAndGet(139)) - 1abef520-eeaa-4e7a-a2f3-4eef6d213e0d: start 1abef520-eeaa-4e7a-a2f3-4eef6d213e0d@group-44C64A0B4B82-FollowerState
2022-09-30 13:41:16,296 [Listener at 127.0.0.1/41123] INFO  handler.ContextHandler (ContextHandler.java:doStart(915)) - Started o.e.j.w.WebAppContext@1bd97e73{hddsDatanode,/,file:///tmp/jetty-0_0_0_0-34215-hdds-container-service-1_3_0-SNAPSHOT_jar-_-any-1057145169288859814/webapp/,AVAILABLE}{jar:file:/home/runner/.m2/repository/org/apache/ozone/hdds-container-service/1.3.0-SNAPSHOT/hdds-container-service-1.3.0-SNAPSHOT.jar!/webapps/hddsDatanode}
2022-09-30 13:41:16,308 [Listener at 127.0.0.1/41123] INFO  server.AbstractConnector (AbstractConnector.java:doStart(331)) - Started ServerConnector@5c049b98{HTTP/1.1, (http/1.1)}{0.0.0.0:34215}
2022-09-30 13:41:16,308 [Listener at 127.0.0.1/41123] INFO  server.Server (Server.java:doStart(415)) - Started @64065ms
2022-09-30 13:41:16,308 [Listener at 127.0.0.1/41123] WARN  impl.MetricsSystemImpl (MetricsSystemImpl.java:register(279)) - Sink prometheus already exists!
2022-09-30 13:41:16,309 [Listener at 127.0.0.1/41123] INFO  http.BaseHttpServer (BaseHttpServer.java:updateConnectorAddress(333)) - HTTP server of hddsDatanode listening at http://0.0.0.0:34215
2022-09-30 13:41:16,312 [Listener at 127.0.0.1/41123] WARN  impl.MetricRegistriesImpl (MetricRegistriesImpl.java:addReporterRegistration(111)) - New reporters are added after registries were created. Some metrics will be missing from the reporter. Please add reporter before adding any new registry.
2022-09-30 13:41:16,313 [Listener at 127.0.0.1/41123] WARN  impl.MetricRegistriesImpl (MetricRegistriesImpl.java:addReporterRegistration(111)) - New reporters are added after registries were created. Some metrics will be missing from the reporter. Please add reporter before adding any new registry.
2022-09-30 13:41:16,313 [Listener at 127.0.0.1/41123] INFO  impl.MetricsSystemImpl (MetricsSystemImpl.java:init(158)) - HddsDatanode metrics system started (again)
2022-09-30 13:41:16,320 [Datanode State Machine Daemon Thread] INFO  statemachine.DatanodeStateMachine (DatanodeStateMachine.java:lambda$startDaemon$0(492)) - Ozone container server started.
2022-09-30 13:41:16,335 [Listener at 127.0.0.1/41123] INFO  ozone.HddsDatanodeService (HddsDatanodeService.java:start(236)) - HddsDatanodeService host:fv-az264-432.ca02foy5wcnuvlrvrz2wi3p2og.dx.internal.cloudapp.net ip:10.1.0.210
2022-09-30 13:41:16,347 [org.apache.hadoop.util.JvmPauseMonitor$Monitor@28feb0c3] INFO  util.JvmPauseMonitor (JvmPauseMonitor.java:run(188)) - Starting JVM pause monitor
2022-09-30 13:41:16,360 [Datanode State Machine Task Thread - 0] INFO  datanode.InitDatanodeState (InitDatanodeState.java:persistContainerDatanodeDetails(138)) - DatanodeDetails is persisted to /home/runner/work/ozone/ozone/hadoop-ozone/integration-test/target/test-dir/MiniOzoneClusterImpl-82a034ca-598a-4f61-9cf8-f23ed130edf3/datanode-1/meta/datanode.id
2022-09-30 13:41:16,386 [Listener at 127.0.0.1/41123] INFO  upgrade.AbstractLayoutVersionManager (AbstractLayoutVersionManager.java:init(83)) - Initializing Layout version manager with metadata layout = DATANODE_SCHEMA_V3 (version = 4), software layout = DATANODE_SCHEMA_V3 (version = 4)
2022-09-30 13:41:16,467 [Listener at 127.0.0.1/41123] INFO  reflections.Reflections (Reflections.java:scan(232)) - Reflections took 80 ms to scan 7 urls, producing 135 keys and 327 values 
2022-09-30 13:41:16,468 [Listener at 127.0.0.1/41123] INFO  statemachine.DatanodeStateMachine (DatanodeStateMachine.java:getEndPointTaskThreadPoolSize(237)) - Datanode State Machine Task Thread Pool size 2
2022-09-30 13:41:16,470 [Listener at 127.0.0.1/41123] INFO  volume.HddsVolume (HddsVolume.java:<init>(117)) - Creating HddsVolume: /home/runner/work/ozone/ozone/hadoop-ozone/integration-test/target/test-dir/MiniOzoneClusterImpl-82a034ca-598a-4f61-9cf8-f23ed130edf3/datanode-2/data-0/containers/hdds of storage type : DISK capacity : 9223372036854775807
2022-09-30 13:41:16,470 [Listener at 127.0.0.1/41123] INFO  volume.MutableVolumeSet (MutableVolumeSet.java:initializeVolumeSet(174)) - Added Volume : /home/runner/work/ozone/ozone/hadoop-ozone/integration-test/target/test-dir/MiniOzoneClusterImpl-82a034ca-598a-4f61-9cf8-f23ed130edf3/datanode-2/data-0/containers/hdds to VolumeSet
2022-09-30 13:41:16,470 [Listener at 127.0.0.1/41123] INFO  volume.ThrottledAsyncChecker (ThrottledAsyncChecker.java:schedule(141)) - Scheduling a check for /home/runner/work/ozone/ozone/hadoop-ozone/integration-test/target/test-dir/MiniOzoneClusterImpl-82a034ca-598a-4f61-9cf8-f23ed130edf3/datanode-2/data-0/containers/hdds
2022-09-30 13:41:16,471 [Listener at 127.0.0.1/41123] INFO  volume.StorageVolumeChecker (StorageVolumeChecker.java:checkAllVolumes(202)) - Scheduled health check for volume /home/runner/work/ozone/ozone/hadoop-ozone/integration-test/target/test-dir/MiniOzoneClusterImpl-82a034ca-598a-4f61-9cf8-f23ed130edf3/datanode-2/data-0/containers/hdds
2022-09-30 13:41:16,482 [ReplicationMonitor] INFO  replication.ReplicationManager (ReplicationManager.java:processAll(291)) - Replication Manager is not ready to run until 3000ms after safemode exit
2022-09-30 13:41:16,484 [Listener at 127.0.0.1/41123] INFO  volume.MutableVolumeSet (MutableVolumeSet.java:initializeVolumeSet(174)) - Added Volume : /home/runner/work/ozone/ozone/hadoop-ozone/integration-test/target/test-dir/MiniOzoneClusterImpl-82a034ca-598a-4f61-9cf8-f23ed130edf3/datanode-2/data/ratis to VolumeSet
2022-09-30 13:41:16,484 [Listener at 127.0.0.1/41123] INFO  volume.ThrottledAsyncChecker (ThrottledAsyncChecker.java:schedule(141)) - Scheduling a check for /home/runner/work/ozone/ozone/hadoop-ozone/integration-test/target/test-dir/MiniOzoneClusterImpl-82a034ca-598a-4f61-9cf8-f23ed130edf3/datanode-2/data/ratis
2022-09-30 13:41:16,485 [Listener at 127.0.0.1/41123] INFO  volume.StorageVolumeChecker (StorageVolumeChecker.java:checkAllVolumes(202)) - Scheduled health check for volume /home/runner/work/ozone/ozone/hadoop-ozone/integration-test/target/test-dir/MiniOzoneClusterImpl-82a034ca-598a-4f61-9cf8-f23ed130edf3/datanode-2/data/ratis
2022-09-30 13:41:16,497 [Thread-1140] INFO  ozoneimpl.ContainerReader (ContainerReader.java:readVolume(175)) - Finish verifying containers on volume /home/runner/work/ozone/ozone/hadoop-ozone/integration-test/target/test-dir/MiniOzoneClusterImpl-82a034ca-598a-4f61-9cf8-f23ed130edf3/datanode-2/data-0/containers/hdds
2022-09-30 13:41:16,497 [Listener at 127.0.0.1/41123] INFO  ozoneimpl.OzoneContainer (OzoneContainer.java:buildContainerSet(300)) - Build ContainerSet costs 0s
2022-09-30 13:41:16,499 [Listener at 127.0.0.1/41123] INFO  server.RaftServer (ConfUtils.java:logGet(46)) - raft.rpc.type = GRPC (default)
2022-09-30 13:41:16,500 [Listener at 127.0.0.1/41123] INFO  grpc.GrpcFactory (GrpcFactory.java:checkPooledByteBufAllocatorUseCacheForAllThreads(48)) - PERFORMANCE WARNING: useCacheForAllThreads is true that may cause Netty to create a lot garbage objects and, as a result, trigger GC.
	It is recommended to disable useCacheForAllThreads by setting -Dorg.apache.ratis.thirdparty.io.netty.allocator.useCacheForAllThreads=false in command line.
2022-09-30 13:41:16,500 [Listener at 127.0.0.1/41123] INFO  grpc.GrpcConfigKeys (ConfUtils.java:logGet(46)) - raft.grpc.admin.port = 0 (custom)
2022-09-30 13:41:16,500 [Listener at 127.0.0.1/41123] INFO  grpc.GrpcConfigKeys (ConfUtils.java:logGet(46)) - raft.grpc.client.port = 0 (custom)
2022-09-30 13:41:16,500 [Listener at 127.0.0.1/41123] INFO  grpc.GrpcConfigKeys (ConfUtils.java:logGet(46)) - raft.grpc.server.port = 0 (default)
2022-09-30 13:41:16,500 [Listener at 127.0.0.1/41123] INFO  server.GrpcService (ConfUtils.java:logGet(46)) - raft.grpc.message.size.max = 32MB (=33554432) (custom)
2022-09-30 13:41:16,500 [Listener at 127.0.0.1/41123] INFO  server.RaftServerConfigKeys (ConfUtils.java:logGet(46)) - raft.server.log.appender.buffer.byte-limit = 33554432 (custom)
2022-09-30 13:41:16,500 [Listener at 127.0.0.1/41123] INFO  server.GrpcService (ConfUtils.java:logGet(46)) - raft.grpc.flow.control.window = 5MB (=5242880) (custom)
2022-09-30 13:41:16,500 [Listener at 127.0.0.1/41123] INFO  server.RaftServerConfigKeys (ConfUtils.java:logGet(46)) - raft.server.rpc.request.timeout = 60s (custom)
2022-09-30 13:41:16,501 [Listener at 127.0.0.1/41123] INFO  grpc.GrpcConfigKeys (ConfUtils.java:logGet(46)) - raft.grpc.server.async.request.thread.pool.cached = true (default)
2022-09-30 13:41:16,501 [Listener at 127.0.0.1/41123] INFO  grpc.GrpcConfigKeys (ConfUtils.java:logGet(46)) - raft.grpc.server.async.request.thread.pool.size = 32 (default)
2022-09-30 13:41:16,502 [Listener at 127.0.0.1/41123] INFO  impl.DataStreamServerImpl (ConfUtils.java:logGet(46)) - raft.datastream.type = DISABLED (default)
2022-09-30 13:41:16,502 [Listener at 127.0.0.1/41123] INFO  server.RaftServerConfigKeys (ConfUtils.java:logGet(46)) - raft.server.threadpool.proxy.cached = true (default)
2022-09-30 13:41:16,502 [Listener at 127.0.0.1/41123] INFO  server.RaftServerConfigKeys (ConfUtils.java:logGet(46)) - raft.server.threadpool.proxy.size = 0 (default)
2022-09-30 13:41:16,503 [Listener at 127.0.0.1/41123] INFO  server.RaftServerConfigKeys (ConfUtils.java:logGet(46)) - raft.server.rpc.slowness.timeout = 300s (custom)
2022-09-30 13:41:16,503 [Listener at 127.0.0.1/41123] INFO  server.RaftServerConfigKeys (ConfUtils.java:logGet(46)) - raft.server.leaderelection.leader.step-down.wait-time = 10s (default)
2022-09-30 13:41:16,503 [Listener at 127.0.0.1/41123] INFO  server.RaftServerConfigKeys (ConfUtils.java:logGet(46)) - raft.server.storage.dir = [/home/runner/work/ozone/ozone/hadoop-ozone/integration-test/target/test-dir/MiniOzoneClusterImpl-82a034ca-598a-4f61-9cf8-f23ed130edf3/datanode-2/data/ratis] (custom)
2022-09-30 13:41:16,510 [Listener at 127.0.0.1/41123] INFO  server.XceiverServerGrpc (XceiverServerGrpc.java:<init>(132)) - GrpcServer channel type EpollServerSocketChannel
2022-09-30 13:41:16,520 [Listener at 127.0.0.1/41123] INFO  http.BaseHttpServer (BaseHttpServer.java:newHttpServer2BuilderForOzone(213)) - Starting Web-server for hddsDatanode at: http://0.0.0.0:0
2022-09-30 13:41:16,520 [Listener at 127.0.0.1/41123] INFO  http.BaseHttpServer (BaseHttpServer.java:<init>(108)) - Hadoop Security Enabled: false Ozone Security Enabled: false Ozone HTTP Security Enabled: false 
2022-09-30 13:41:16,521 [Listener at 127.0.0.1/41123] INFO  server.AuthenticationFilter (AuthenticationFilter.java:constructSecretProvider(240)) - Unable to initialize FileSignerSecretProvider, falling back to use random secrets.
2022-09-30 13:41:16,522 [Listener at 127.0.0.1/41123] WARN  http.HttpRequestLog (HttpRequestLog.java:getRequestLog(103)) - Jetty request log can only be enabled using Log4j
2022-09-30 13:41:16,523 [Listener at 127.0.0.1/41123] INFO  http.HttpServer2 (HttpServer2.java:addGlobalFilter(1029)) - Added global filter 'safety' (class=org.apache.hadoop.hdds.server.http.HttpServer2$QuotingInputFilter)
2022-09-30 13:41:16,523 [Listener at 127.0.0.1/41123] INFO  http.HttpServer2 (HttpServer2.java:addFilter(1005)) - Added filter static_user_filter (class=org.apache.hadoop.http.lib.StaticUserWebFilter$StaticUserFilter) to context hddsDatanode
2022-09-30 13:41:16,523 [Listener at 127.0.0.1/41123] INFO  http.HttpServer2 (HttpServer2.java:addFilter(1013)) - Added filter static_user_filter (class=org.apache.hadoop.http.lib.StaticUserWebFilter$StaticUserFilter) to context logs
2022-09-30 13:41:16,523 [Listener at 127.0.0.1/41123] INFO  http.HttpServer2 (HttpServer2.java:addFilter(1013)) - Added filter static_user_filter (class=org.apache.hadoop.http.lib.StaticUserWebFilter$StaticUserFilter) to context static
2022-09-30 13:41:16,524 [Listener at 127.0.0.1/41123] INFO  http.HttpServer2 (HttpServer2.java:bindListener(1248)) - Jetty bound to port 46879
2022-09-30 13:41:16,524 [Listener at 127.0.0.1/41123] INFO  server.Server (Server.java:doStart(375)) - jetty-9.4.43.v20210629; built: 2021-06-30T11:07:22.254Z; git: 526006ecfa3af7f1a27ef3a288e2bef7ea9dd7e8; jvm 1.8.0_345-b01
2022-09-30 13:41:16,525 [Listener at 127.0.0.1/41123] INFO  server.session (DefaultSessionIdManager.java:doStart(334)) - DefaultSessionIdManager workerName=node0
2022-09-30 13:41:16,525 [Listener at 127.0.0.1/41123] INFO  server.session (DefaultSessionIdManager.java:doStart(339)) - No SessionScavenger set, using defaults
2022-09-30 13:41:16,526 [Listener at 127.0.0.1/41123] INFO  server.session (HouseKeeper.java:startScavenging(132)) - node0 Scavenging every 660000ms
2022-09-30 13:41:16,526 [Listener at 127.0.0.1/41123] INFO  handler.ContextHandler (ContextHandler.java:doStart(915)) - Started o.e.j.s.ServletContextHandler@80c760a{logs,/logs,file:///home/runner/work/ozone/ozone/hadoop-ozone/integration-test/target/log,AVAILABLE}
2022-09-30 13:41:16,526 [Listener at 127.0.0.1/41123] INFO  handler.ContextHandler (ContextHandler.java:doStart(915)) - Started o.e.j.s.ServletContextHandler@385265ba{static,/static,jar:file:/home/runner/.m2/repository/org/apache/ozone/hdds-container-service/1.3.0-SNAPSHOT/hdds-container-service-1.3.0-SNAPSHOT.jar!/webapps/static,AVAILABLE}
2022-09-30 13:41:16,749 [Listener at 127.0.0.1/41123] INFO  handler.ContextHandler (ContextHandler.java:doStart(915)) - Started o.e.j.w.WebAppContext@4718bb90{hddsDatanode,/,file:///tmp/jetty-0_0_0_0-46879-hdds-container-service-1_3_0-SNAPSHOT_jar-_-any-7696414014621597252/webapp/,AVAILABLE}{jar:file:/home/runner/.m2/repository/org/apache/ozone/hdds-container-service/1.3.0-SNAPSHOT/hdds-container-service-1.3.0-SNAPSHOT.jar!/webapps/hddsDatanode}
2022-09-30 13:41:16,754 [Listener at 127.0.0.1/41123] INFO  server.AbstractConnector (AbstractConnector.java:doStart(331)) - Started ServerConnector@296bc460{HTTP/1.1, (http/1.1)}{0.0.0.0:46879}
2022-09-30 13:41:16,754 [Listener at 127.0.0.1/41123] INFO  server.Server (Server.java:doStart(415)) - Started @64511ms
2022-09-30 13:41:16,754 [Listener at 127.0.0.1/41123] WARN  impl.MetricsSystemImpl (MetricsSystemImpl.java:register(279)) - Sink prometheus already exists!
2022-09-30 13:41:16,755 [Listener at 127.0.0.1/41123] INFO  http.BaseHttpServer (BaseHttpServer.java:updateConnectorAddress(333)) - HTTP server of hddsDatanode listening at http://0.0.0.0:46879
2022-09-30 13:41:16,756 [Listener at 127.0.0.1/41123] WARN  impl.MetricRegistriesImpl (MetricRegistriesImpl.java:addReporterRegistration(111)) - New reporters are added after registries were created. Some metrics will be missing from the reporter. Please add reporter before adding any new registry.
2022-09-30 13:41:16,756 [Listener at 127.0.0.1/41123] WARN  impl.MetricRegistriesImpl (MetricRegistriesImpl.java:addReporterRegistration(111)) - New reporters are added after registries were created. Some metrics will be missing from the reporter. Please add reporter before adding any new registry.
2022-09-30 13:41:16,756 [Listener at 127.0.0.1/41123] INFO  impl.MetricsSystemImpl (MetricsSystemImpl.java:init(158)) - HddsDatanode metrics system started (again)
2022-09-30 13:41:16,770 [Datanode State Machine Daemon Thread] INFO  statemachine.DatanodeStateMachine (DatanodeStateMachine.java:lambda$startDaemon$0(492)) - Ozone container server started.
2022-09-30 13:41:16,782 [Listener at 127.0.0.1/41123] INFO  ozone.HddsDatanodeService (HddsDatanodeService.java:start(236)) - HddsDatanodeService host:fv-az264-432.ca02foy5wcnuvlrvrz2wi3p2og.dx.internal.cloudapp.net ip:10.1.0.210
2022-09-30 13:41:16,805 [org.apache.hadoop.util.JvmPauseMonitor$Monitor@573eab26] INFO  util.JvmPauseMonitor (JvmPauseMonitor.java:run(188)) - Starting JVM pause monitor
2022-09-30 13:41:16,817 [Datanode State Machine Task Thread - 0] INFO  datanode.InitDatanodeState (InitDatanodeState.java:persistContainerDatanodeDetails(138)) - DatanodeDetails is persisted to /home/runner/work/ozone/ozone/hadoop-ozone/integration-test/target/test-dir/MiniOzoneClusterImpl-82a034ca-598a-4f61-9cf8-f23ed130edf3/datanode-2/meta/datanode.id
2022-09-30 13:41:16,820 [Listener at 127.0.0.1/41123] INFO  upgrade.AbstractLayoutVersionManager (AbstractLayoutVersionManager.java:init(83)) - Initializing Layout version manager with metadata layout = DATANODE_SCHEMA_V3 (version = 4), software layout = DATANODE_SCHEMA_V3 (version = 4)
2022-09-30 13:41:16,941 [Under Replicated Processor] INFO  replication.UnderReplicatedProcessor (UnderReplicatedProcessor.java:processAll(92)) - Processed 0 under replicated containers, failed processing 0
2022-09-30 13:41:16,943 [Over Replicated Processor] INFO  replication.OverReplicatedProcessor (OverReplicatedProcessor.java:processAll(90)) - Processed 0 over replicated containers, failed processing 0
2022-09-30 13:41:16,961 [ReplicationMonitor] INFO  replication.ReplicationManager (ReplicationManager.java:processAll(324)) - Replication Monitor Thread took 0 milliseconds for processing 0 containers.
2022-09-30 13:41:16,972 [Listener at 127.0.0.1/41123] INFO  reflections.Reflections (Reflections.java:scan(232)) - Reflections took 150 ms to scan 7 urls, producing 135 keys and 327 values 
2022-09-30 13:41:16,973 [Listener at 127.0.0.1/41123] INFO  statemachine.DatanodeStateMachine (DatanodeStateMachine.java:getEndPointTaskThreadPoolSize(237)) - Datanode State Machine Task Thread Pool size 2
2022-09-30 13:41:16,988 [Under Replicated Processor] INFO  replication.UnderReplicatedProcessor (UnderReplicatedProcessor.java:processAll(92)) - Processed 0 under replicated containers, failed processing 0
2022-09-30 13:41:17,000 [Listener at 127.0.0.1/41123] INFO  volume.HddsVolume (HddsVolume.java:<init>(117)) - Creating HddsVolume: /home/runner/work/ozone/ozone/hadoop-ozone/integration-test/target/test-dir/MiniOzoneClusterImpl-82a034ca-598a-4f61-9cf8-f23ed130edf3/datanode-3/data-0/containers/hdds of storage type : DISK capacity : 9223372036854775807
2022-09-30 13:41:17,000 [Listener at 127.0.0.1/41123] INFO  volume.MutableVolumeSet (MutableVolumeSet.java:initializeVolumeSet(174)) - Added Volume : /home/runner/work/ozone/ozone/hadoop-ozone/integration-test/target/test-dir/MiniOzoneClusterImpl-82a034ca-598a-4f61-9cf8-f23ed130edf3/datanode-3/data-0/containers/hdds to VolumeSet
2022-09-30 13:41:17,000 [Listener at 127.0.0.1/41123] INFO  volume.ThrottledAsyncChecker (ThrottledAsyncChecker.java:schedule(141)) - Scheduling a check for /home/runner/work/ozone/ozone/hadoop-ozone/integration-test/target/test-dir/MiniOzoneClusterImpl-82a034ca-598a-4f61-9cf8-f23ed130edf3/datanode-3/data-0/containers/hdds
2022-09-30 13:41:17,019 [Listener at 127.0.0.1/41123] INFO  volume.StorageVolumeChecker (StorageVolumeChecker.java:checkAllVolumes(202)) - Scheduled health check for volume /home/runner/work/ozone/ozone/hadoop-ozone/integration-test/target/test-dir/MiniOzoneClusterImpl-82a034ca-598a-4f61-9cf8-f23ed130edf3/datanode-3/data-0/containers/hdds
2022-09-30 13:41:17,024 [Over Replicated Processor] INFO  replication.OverReplicatedProcessor (OverReplicatedProcessor.java:processAll(90)) - Processed 0 over replicated containers, failed processing 0
2022-09-30 13:41:17,040 [Listener at 127.0.0.1/41123] INFO  volume.MutableVolumeSet (MutableVolumeSet.java:initializeVolumeSet(174)) - Added Volume : /home/runner/work/ozone/ozone/hadoop-ozone/integration-test/target/test-dir/MiniOzoneClusterImpl-82a034ca-598a-4f61-9cf8-f23ed130edf3/datanode-3/data/ratis to VolumeSet
2022-09-30 13:41:17,040 [Listener at 127.0.0.1/41123] INFO  volume.ThrottledAsyncChecker (ThrottledAsyncChecker.java:schedule(141)) - Scheduling a check for /home/runner/work/ozone/ozone/hadoop-ozone/integration-test/target/test-dir/MiniOzoneClusterImpl-82a034ca-598a-4f61-9cf8-f23ed130edf3/datanode-3/data/ratis
2022-09-30 13:41:17,041 [Listener at 127.0.0.1/41123] INFO  volume.StorageVolumeChecker (StorageVolumeChecker.java:checkAllVolumes(202)) - Scheduled health check for volume /home/runner/work/ozone/ozone/hadoop-ozone/integration-test/target/test-dir/MiniOzoneClusterImpl-82a034ca-598a-4f61-9cf8-f23ed130edf3/datanode-3/data/ratis
2022-09-30 13:41:17,074 [Thread-1153] INFO  ozoneimpl.ContainerReader (ContainerReader.java:readVolume(175)) - Finish verifying containers on volume /home/runner/work/ozone/ozone/hadoop-ozone/integration-test/target/test-dir/MiniOzoneClusterImpl-82a034ca-598a-4f61-9cf8-f23ed130edf3/datanode-3/data-0/containers/hdds
2022-09-30 13:41:17,074 [Listener at 127.0.0.1/41123] INFO  ozoneimpl.OzoneContainer (OzoneContainer.java:buildContainerSet(300)) - Build ContainerSet costs 0s
2022-09-30 13:41:17,076 [Listener at 127.0.0.1/41123] INFO  server.RaftServer (ConfUtils.java:logGet(46)) - raft.rpc.type = GRPC (default)
2022-09-30 13:41:17,076 [Listener at 127.0.0.1/41123] INFO  grpc.GrpcFactory (GrpcFactory.java:checkPooledByteBufAllocatorUseCacheForAllThreads(48)) - PERFORMANCE WARNING: useCacheForAllThreads is true that may cause Netty to create a lot garbage objects and, as a result, trigger GC.
	It is recommended to disable useCacheForAllThreads by setting -Dorg.apache.ratis.thirdparty.io.netty.allocator.useCacheForAllThreads=false in command line.
2022-09-30 13:41:17,076 [Listener at 127.0.0.1/41123] INFO  grpc.GrpcConfigKeys (ConfUtils.java:logGet(46)) - raft.grpc.admin.port = 0 (custom)
2022-09-30 13:41:17,080 [Listener at 127.0.0.1/41123] INFO  grpc.GrpcConfigKeys (ConfUtils.java:logGet(46)) - raft.grpc.client.port = 0 (custom)
2022-09-30 13:41:17,080 [Listener at 127.0.0.1/41123] INFO  grpc.GrpcConfigKeys (ConfUtils.java:logGet(46)) - raft.grpc.server.port = 0 (default)
2022-09-30 13:41:17,081 [Listener at 127.0.0.1/41123] INFO  server.GrpcService (ConfUtils.java:logGet(46)) - raft.grpc.message.size.max = 32MB (=33554432) (custom)
2022-09-30 13:41:17,081 [Listener at 127.0.0.1/41123] INFO  server.RaftServerConfigKeys (ConfUtils.java:logGet(46)) - raft.server.log.appender.buffer.byte-limit = 33554432 (custom)
2022-09-30 13:41:17,081 [Listener at 127.0.0.1/41123] INFO  server.GrpcService (ConfUtils.java:logGet(46)) - raft.grpc.flow.control.window = 5MB (=5242880) (custom)
2022-09-30 13:41:17,081 [Listener at 127.0.0.1/41123] INFO  server.RaftServerConfigKeys (ConfUtils.java:logGet(46)) - raft.server.rpc.request.timeout = 60s (custom)
2022-09-30 13:41:17,081 [Listener at 127.0.0.1/41123] INFO  grpc.GrpcConfigKeys (ConfUtils.java:logGet(46)) - raft.grpc.server.async.request.thread.pool.cached = true (default)
2022-09-30 13:41:17,081 [Listener at 127.0.0.1/41123] INFO  grpc.GrpcConfigKeys (ConfUtils.java:logGet(46)) - raft.grpc.server.async.request.thread.pool.size = 32 (default)
2022-09-30 13:41:17,082 [Listener at 127.0.0.1/41123] INFO  impl.DataStreamServerImpl (ConfUtils.java:logGet(46)) - raft.datastream.type = DISABLED (default)
2022-09-30 13:41:17,082 [Listener at 127.0.0.1/41123] INFO  server.RaftServerConfigKeys (ConfUtils.java:logGet(46)) - raft.server.threadpool.proxy.cached = true (default)
2022-09-30 13:41:17,082 [Listener at 127.0.0.1/41123] INFO  server.RaftServerConfigKeys (ConfUtils.java:logGet(46)) - raft.server.threadpool.proxy.size = 0 (default)
2022-09-30 13:41:17,082 [Listener at 127.0.0.1/41123] INFO  server.RaftServerConfigKeys (ConfUtils.java:logGet(46)) - raft.server.rpc.slowness.timeout = 300s (custom)
2022-09-30 13:41:17,082 [Listener at 127.0.0.1/41123] INFO  server.RaftServerConfigKeys (ConfUtils.java:logGet(46)) - raft.server.leaderelection.leader.step-down.wait-time = 10s (default)
2022-09-30 13:41:17,080 [ReplicationMonitor] INFO  replication.ReplicationManager (ReplicationManager.java:processAll(324)) - Replication Monitor Thread took 0 milliseconds for processing 8 containers.
2022-09-30 13:41:17,083 [Listener at 127.0.0.1/41123] INFO  server.RaftServerConfigKeys (ConfUtils.java:logGet(46)) - raft.server.storage.dir = [/home/runner/work/ozone/ozone/hadoop-ozone/integration-test/target/test-dir/MiniOzoneClusterImpl-82a034ca-598a-4f61-9cf8-f23ed130edf3/datanode-3/data/ratis] (custom)
2022-09-30 13:41:17,091 [Listener at 127.0.0.1/41123] INFO  server.XceiverServerGrpc (XceiverServerGrpc.java:<init>(132)) - GrpcServer channel type EpollServerSocketChannel
2022-09-30 13:41:17,101 [Listener at 127.0.0.1/41123] INFO  http.BaseHttpServer (BaseHttpServer.java:newHttpServer2BuilderForOzone(213)) - Starting Web-server for hddsDatanode at: http://0.0.0.0:0
2022-09-30 13:41:17,101 [Listener at 127.0.0.1/41123] INFO  http.BaseHttpServer (BaseHttpServer.java:<init>(108)) - Hadoop Security Enabled: false Ozone Security Enabled: false Ozone HTTP Security Enabled: false 
2022-09-30 13:41:17,102 [Listener at 127.0.0.1/41123] INFO  server.AuthenticationFilter (AuthenticationFilter.java:constructSecretProvider(240)) - Unable to initialize FileSignerSecretProvider, falling back to use random secrets.
2022-09-30 13:41:17,103 [Listener at 127.0.0.1/41123] WARN  http.HttpRequestLog (HttpRequestLog.java:getRequestLog(103)) - Jetty request log can only be enabled using Log4j
2022-09-30 13:41:17,104 [Listener at 127.0.0.1/41123] INFO  http.HttpServer2 (HttpServer2.java:addGlobalFilter(1029)) - Added global filter 'safety' (class=org.apache.hadoop.hdds.server.http.HttpServer2$QuotingInputFilter)
2022-09-30 13:41:17,105 [Listener at 127.0.0.1/41123] INFO  http.HttpServer2 (HttpServer2.java:addFilter(1005)) - Added filter static_user_filter (class=org.apache.hadoop.http.lib.StaticUserWebFilter$StaticUserFilter) to context hddsDatanode
2022-09-30 13:41:17,105 [Listener at 127.0.0.1/41123] INFO  http.HttpServer2 (HttpServer2.java:addFilter(1013)) - Added filter static_user_filter (class=org.apache.hadoop.http.lib.StaticUserWebFilter$StaticUserFilter) to context static
2022-09-30 13:41:17,105 [Listener at 127.0.0.1/41123] INFO  http.HttpServer2 (HttpServer2.java:addFilter(1013)) - Added filter static_user_filter (class=org.apache.hadoop.http.lib.StaticUserWebFilter$StaticUserFilter) to context logs
2022-09-30 13:41:17,105 [Listener at 127.0.0.1/41123] INFO  http.HttpServer2 (HttpServer2.java:bindListener(1248)) - Jetty bound to port 33115
2022-09-30 13:41:17,105 [Listener at 127.0.0.1/41123] INFO  server.Server (Server.java:doStart(375)) - jetty-9.4.43.v20210629; built: 2021-06-30T11:07:22.254Z; git: 526006ecfa3af7f1a27ef3a288e2bef7ea9dd7e8; jvm 1.8.0_345-b01
2022-09-30 13:41:17,110 [Listener at 127.0.0.1/41123] INFO  server.session (DefaultSessionIdManager.java:doStart(334)) - DefaultSessionIdManager workerName=node0
2022-09-30 13:41:17,110 [Listener at 127.0.0.1/41123] INFO  server.session (DefaultSessionIdManager.java:doStart(339)) - No SessionScavenger set, using defaults
2022-09-30 13:41:17,110 [Listener at 127.0.0.1/41123] INFO  server.session (HouseKeeper.java:startScavenging(132)) - node0 Scavenging every 660000ms
2022-09-30 13:41:17,114 [Listener at 127.0.0.1/41123] INFO  handler.ContextHandler (ContextHandler.java:doStart(915)) - Started o.e.j.s.ServletContextHandler@6144d920{logs,/logs,file:///home/runner/work/ozone/ozone/hadoop-ozone/integration-test/target/log,AVAILABLE}
2022-09-30 13:41:17,115 [Listener at 127.0.0.1/41123] INFO  handler.ContextHandler (ContextHandler.java:doStart(915)) - Started o.e.j.s.ServletContextHandler@5d5bc738{static,/static,jar:file:/home/runner/.m2/repository/org/apache/ozone/hdds-container-service/1.3.0-SNAPSHOT/hdds-container-service-1.3.0-SNAPSHOT.jar!/webapps/static,AVAILABLE}
2022-09-30 13:41:17,316 [Listener at 127.0.0.1/41123] INFO  handler.ContextHandler (ContextHandler.java:doStart(915)) - Started o.e.j.w.WebAppContext@6ccd0f7e{hddsDatanode,/,file:///tmp/jetty-0_0_0_0-33115-hdds-container-service-1_3_0-SNAPSHOT_jar-_-any-3406835551567281838/webapp/,AVAILABLE}{jar:file:/home/runner/.m2/repository/org/apache/ozone/hdds-container-service/1.3.0-SNAPSHOT/hdds-container-service-1.3.0-SNAPSHOT.jar!/webapps/hddsDatanode}
2022-09-30 13:41:17,321 [Listener at 127.0.0.1/41123] INFO  server.AbstractConnector (AbstractConnector.java:doStart(331)) - Started ServerConnector@8b273c{HTTP/1.1, (http/1.1)}{0.0.0.0:33115}
2022-09-30 13:41:17,321 [Listener at 127.0.0.1/41123] INFO  server.Server (Server.java:doStart(415)) - Started @65078ms
2022-09-30 13:41:17,321 [Listener at 127.0.0.1/41123] WARN  impl.MetricsSystemImpl (MetricsSystemImpl.java:register(279)) - Sink prometheus already exists!
2022-09-30 13:41:17,321 [Listener at 127.0.0.1/41123] INFO  http.BaseHttpServer (BaseHttpServer.java:updateConnectorAddress(333)) - HTTP server of hddsDatanode listening at http://0.0.0.0:33115
2022-09-30 13:41:17,324 [Listener at 127.0.0.1/41123] WARN  impl.MetricRegistriesImpl (MetricRegistriesImpl.java:addReporterRegistration(111)) - New reporters are added after registries were created. Some metrics will be missing from the reporter. Please add reporter before adding any new registry.
2022-09-30 13:41:17,324 [Listener at 127.0.0.1/41123] WARN  impl.MetricRegistriesImpl (MetricRegistriesImpl.java:addReporterRegistration(111)) - New reporters are added after registries were created. Some metrics will be missing from the reporter. Please add reporter before adding any new registry.
2022-09-30 13:41:17,324 [Listener at 127.0.0.1/41123] INFO  impl.MetricsSystemImpl (MetricsSystemImpl.java:init(158)) - HddsDatanode metrics system started (again)
2022-09-30 13:41:17,332 [Datanode State Machine Daemon Thread] INFO  statemachine.DatanodeStateMachine (DatanodeStateMachine.java:lambda$startDaemon$0(492)) - Ozone container server started.
2022-09-30 13:41:17,337 [Listener at 127.0.0.1/41123] INFO  ozone.HddsDatanodeService (HddsDatanodeService.java:start(236)) - HddsDatanodeService host:fv-az264-432.ca02foy5wcnuvlrvrz2wi3p2og.dx.internal.cloudapp.net ip:10.1.0.210
2022-09-30 13:41:17,344 [main] INFO  statemachine.DatanodeStateMachine (DatanodeStateMachine.java:stopDaemon(580)) - Ozone container server stopped.
2022-09-30 13:41:17,373 [org.apache.hadoop.util.JvmPauseMonitor$Monitor@26f24fc6] INFO  util.JvmPauseMonitor (JvmPauseMonitor.java:run(188)) - Starting JVM pause monitor
2022-09-30 13:41:17,391 [Datanode State Machine Task Thread - 0] INFO  datanode.InitDatanodeState (InitDatanodeState.java:persistContainerDatanodeDetails(138)) - DatanodeDetails is persisted to /home/runner/work/ozone/ozone/hadoop-ozone/integration-test/target/test-dir/MiniOzoneClusterImpl-82a034ca-598a-4f61-9cf8-f23ed130edf3/datanode-3/meta/datanode.id
2022-09-30 13:41:17,404 [main] INFO  handler.ContextHandler (ContextHandler.java:doStop(1153)) - Stopped o.e.j.w.WebAppContext@72a756a{hddsDatanode,/,null,STOPPED}{jar:file:/home/runner/.m2/repository/org/apache/ozone/hdds-container-service/1.3.0-SNAPSHOT/hdds-container-service-1.3.0-SNAPSHOT.jar!/webapps/hddsDatanode}
2022-09-30 13:41:17,414 [main] INFO  server.AbstractConnector (AbstractConnector.java:doStop(381)) - Stopped ServerConnector@44a422ee{HTTP/1.1, (http/1.1)}{0.0.0.0:0}
2022-09-30 13:41:17,418 [main] INFO  server.session (HouseKeeper.java:stopScavenging(149)) - node0 Stopped scavenging
2022-09-30 13:41:17,425 [main] INFO  handler.ContextHandler (ContextHandler.java:doStop(1153)) - Stopped o.e.j.s.ServletContextHandler@346bcb5{static,/static,jar:file:/home/runner/.m2/repository/org/apache/ozone/hdds-container-service/1.3.0-SNAPSHOT/hdds-container-service-1.3.0-SNAPSHOT.jar!/webapps/static,STOPPED}
2022-09-30 13:41:17,429 [main] INFO  handler.ContextHandler (ContextHandler.java:doStop(1153)) - Stopped o.e.j.s.ServletContextHandler@3856df76{logs,/logs,file:///home/runner/work/ozone/ozone/hadoop-ozone/integration-test/target/log,STOPPED}
2022-09-30 13:41:17,434 [Listener at 127.0.0.1/41123] INFO  upgrade.AbstractLayoutVersionManager (AbstractLayoutVersionManager.java:init(83)) - Initializing Layout version manager with metadata layout = DATANODE_SCHEMA_V3 (version = 4), software layout = DATANODE_SCHEMA_V3 (version = 4)
2022-09-30 13:41:17,442 [main] WARN  impl.MetricRegistriesImpl (MetricRegistriesImpl.java:addReporterRegistration(111)) - New reporters are added after registries were created. Some metrics will be missing from the reporter. Please add reporter before adding any new registry.
2022-09-30 13:41:17,442 [main] WARN  impl.MetricRegistriesImpl (MetricRegistriesImpl.java:addReporterRegistration(111)) - New reporters are added after registries were created. Some metrics will be missing from the reporter. Please add reporter before adding any new registry.
2022-09-30 13:41:17,442 [main] INFO  impl.MetricsSystemImpl (MetricsSystemImpl.java:init(158)) - HddsDatanode metrics system started (again)
2022-09-30 13:41:17,482 [ReplicationMonitor] INFO  replication.ReplicationManager (ReplicationManager.java:processAll(291)) - Replication Manager is not ready to run until 3000ms after safemode exit
2022-09-30 13:41:17,491 [main] INFO  ozone.HddsDatanodeService (HddsDatanodeService.java:start(236)) - HddsDatanodeService host:fv-az264-432.ca02foy5wcnuvlrvrz2wi3p2og.dx.internal.cloudapp.net ip:10.1.0.210
2022-09-30 13:41:17,507 [main] INFO  upgrade.AbstractLayoutVersionManager (AbstractLayoutVersionManager.java:init(83)) - Initializing Layout version manager with metadata layout = DATANODE_SCHEMA_V3 (version = 4), software layout = DATANODE_SCHEMA_V3 (version = 4)
2022-09-30 13:41:17,536 [Mini-Cluster-Provider-Reap] INFO  ozone.MiniOzoneClusterImpl (MiniOzoneClusterImpl.java:shutdown(448)) - Shutting down the Mini Ozone Cluster
2022-09-30 13:41:17,539 [Mini-Cluster-Provider-Reap] INFO  ozone.MiniOzoneClusterImpl (MiniOzoneClusterImpl.java:stop(463)) - Stopping the Mini Ozone Cluster
2022-09-30 13:41:17,539 [Mini-Cluster-Provider-Reap] INFO  ozone.MiniOzoneClusterImpl (MiniOzoneClusterImpl.java:stopOM(545)) - Stopping the OzoneManager
2022-09-30 13:41:17,539 [Mini-Cluster-Provider-Reap] INFO  om.OzoneManager (OzoneManager.java:stop(2035)) - om1[localhost:0]: Stopping Ozone Manager
2022-09-30 13:41:17,548 [Mini-Cluster-Provider-Reap] INFO  ipc.Server (Server.java:stop(3414)) - Stopping server on 46717
2022-09-30 13:41:17,557 [IPC Server listener on 0] INFO  ipc.Server (Server.java:run(1376)) - Stopping IPC Server listener on 0
2022-09-30 13:41:17,560 [IPC Server Responder] INFO  ipc.Server (Server.java:run(1512)) - Stopping IPC Server Responder
2022-09-30 13:41:17,568 [Mini-Cluster-Provider-Reap] INFO  server.RaftServer (RaftServerProxy.java:lambda$close$7(398)) - om1: close
2022-09-30 13:41:17,570 [Mini-Cluster-Provider-Reap] INFO  server.RaftServer$Division (RaftServerImpl.java:lambda$close$4(434)) - om1@group-C5BA1605619E: shutdown
2022-09-30 13:41:17,570 [Mini-Cluster-Provider-Reap] INFO  util.JmxRegister (JmxRegister.java:unregister(73)) - Successfully un-registered JMX Bean with object name Ratis:service=RaftServer,group=group-C5BA1605619E,id=om1
2022-09-30 13:41:17,570 [Mini-Cluster-Provider-Reap] INFO  impl.RoleInfo (RoleInfo.java:shutdownLeaderState(93)) - om1: shutdown om1@group-C5BA1605619E-LeaderStateImpl
2022-09-30 13:41:17,570 [Mini-Cluster-Provider-Reap] INFO  impl.PendingRequests (PendingRequests.java:sendNotLeaderResponses(282)) - om1@group-C5BA1605619E-PendingRequests: sendNotLeaderResponses
2022-09-30 13:41:17,583 [Mini-Cluster-Provider-Reap] INFO  impl.StateMachineUpdater (StateMachineUpdater.java:stopAndJoin(153)) - om1@group-C5BA1605619E-StateMachineUpdater: set stopIndex = 164
2022-09-30 13:41:17,585 [om1@group-C5BA1605619E-StateMachineUpdater] INFO  ratis.OzoneManagerStateMachine (OzoneManagerStateMachine.java:takeSnapshot(441)) - Current Snapshot Index (t:1, i:164)
2022-09-30 13:41:17,590 [om1@group-C5BA1605619E-StateMachineUpdater] INFO  impl.StateMachineUpdater (StateMachineUpdater.java:takeSnapshot(287)) - om1@group-C5BA1605619E-StateMachineUpdater: Took a snapshot at index 164
2022-09-30 13:41:17,590 [om1@group-C5BA1605619E-StateMachineUpdater] INFO  impl.StateMachineUpdater (StateMachineUpdater.java:lambda$new$0(92)) - om1@group-C5BA1605619E-StateMachineUpdater: snapshotIndex: updateIncreasingly -1 -> 164
2022-09-30 13:41:17,590 [om1@group-C5BA1605619E-StateMachineUpdater] INFO  ratis.OzoneManagerStateMachine (OzoneManagerStateMachine.java:close(495)) - StateMachine has shutdown. Shutdown OzoneManager if not already shutdown.
2022-09-30 13:41:17,590 [om1@group-C5BA1605619E-StateMachineUpdater] INFO  ratis.OzoneManagerDoubleBuffer (OzoneManagerDoubleBuffer.java:stop(466)) - Stopping OMDoubleBuffer flush thread
]]></system-out>
  </testcase>
  <testcase name="testContainerIsReplicatedWhenAllNodesGotoMaintenance" classname="org.apache.hadoop.ozone.scm.node.TestDecommissionAndMaintenance" time="44.425"/>
  <testcase name="testMaintenanceEndsAutomaticallyAtTimeout" classname="org.apache.hadoop.ozone.scm.node.TestDecommissionAndMaintenance" time="40.285"/>
  <testcase name="testSingleNodeWithOpenPipelineCanGotoMaintenance" classname="org.apache.hadoop.ozone.scm.node.TestDecommissionAndMaintenance" time="66.533"/>
  <testcase name="testSCMHandlesRestartForMaintenanceNode" classname="org.apache.hadoop.ozone.scm.node.TestDecommissionAndMaintenance" time="49.623"/>
  <testcase name="testEnteringMaintenanceNodeCompletesAfterSCMRestart" classname="org.apache.hadoop.ozone.scm.node.TestDecommissionAndMaintenance" time="27.014"/>
  <testcase name="testDecommissioningNodesCompleteDecommissionOnSCMRestart" classname="org.apache.hadoop.ozone.scm.node.TestDecommissionAndMaintenance" time="65.425"/>
</testsuite>