<?xml version="1.0" encoding="UTF-8"?>
<testsuite xmlns:xsi="http://www.w3.org/2001/XMLSchema-instance" xsi:noNamespaceSchemaLocation="https://maven.apache.org/surefire/maven-surefire-plugin/xsd/surefire-test-report.xsd" version="3.0.2" name="org.apache.hadoop.ozone.client.rpc.TestFailureHandlingByClient" time="202.746" tests="7" errors="0" skipped="0" failures="2">
  <properties>
    <property name="java.specification.version" value="21"/>
    <property name="sun.jnu.encoding" value="UTF-8"/>
    <property name="java.class.path" value="/home/runner/work/ozone/ozone/hadoop-ozone/integration-test/target/test-classes:/home/runner/work/ozone/ozone/hadoop-ozone/integration-test/target/classes:/home/runner/.m2/repository/ch/qos/reload4j/reload4j/1.2.26/reload4j-1.2.26.jar:/home/runner/.m2/repository/com/fasterxml/jackson/core/jackson-core/2.16.2/jackson-core-2.16.2.jar:/home/runner/.m2/repository/com/fasterxml/jackson/core/jackson-databind/2.16.2/jackson-databind-2.16.2.jar:/home/runner/.m2/repository/com/fasterxml/jackson/core/jackson-annotations/2.16.2/jackson-annotations-2.16.2.jar:/home/runner/.m2/repository/com/github/stephenc/jcip/jcip-annotations/1.0-1/jcip-annotations-1.0-1.jar:/home/runner/.m2/repository/com/google/guava/guava/33.4.8-jre/guava-33.4.8-jre.jar:/home/runner/.m2/repository/com/google/guava/failureaccess/1.0.3/failureaccess-1.0.3.jar:/home/runner/.m2/repository/com/google/guava/listenablefuture/9999.0-empty-to-avoid-conflict-with-guava/listenablefuture-9999.0-empty-to-avoid-conflict-with-guava.jar:/home/runner/.m2/repository/org/jspecify/jspecify/1.0.0/jspecify-1.0.0.jar:/home/runner/.m2/repository/com/google/errorprone/error_prone_annotations/2.29.2/error_prone_annotations-2.29.2.jar:/home/runner/.m2/repository/com/google/j2objc/j2objc-annotations/3.0.0/j2objc-annotations-3.0.0.jar:/home/runner/.m2/repository/com/google/protobuf/protobuf-java/2.5.0/protobuf-java-2.5.0.jar:/home/runner/.m2/repository/com/squareup/okhttp3/okhttp/4.12.0/okhttp-4.12.0.jar:/home/runner/.m2/repository/com/squareup/okio/okio/3.6.0/okio-3.6.0.jar:/home/runner/.m2/repository/com/squareup/okio/okio-jvm/3.6.0/okio-jvm-3.6.0.jar:/home/runner/.m2/repository/org/jetbrains/kotlin/kotlin-stdlib-common/1.9.25/kotlin-stdlib-common-1.9.25.jar:/home/runner/.m2/repository/org/jetbrains/kotlin/kotlin-stdlib-jdk8/1.9.25/kotlin-stdlib-jdk8-1.9.25.jar:/home/runner/.m2/repository/org/jetbrains/kotlin/kotlin-stdlib/1.9.25/kotlin-stdlib-1.9.25.jar:/home/runner/.m2/repository/org/jetbrains/annotations/13.0/annotations-13.0.jar:/home/runner/.m2/repository/org/jetbrains/kotlin/kotlin-stdlib-jdk7/1.9.25/kotlin-stdlib-jdk7-1.9.25.jar:/home/runner/.m2/repository/commons-codec/commons-codec/1.18.0/commons-codec-1.18.0.jar:/home/runner/.m2/repository/commons-io/commons-io/2.18.0/commons-io-2.18.0.jar:/home/runner/.m2/repository/commons-validator/commons-validator/1.6/commons-validator-1.6.jar:/home/runner/.m2/repository/commons-beanutils/commons-beanutils/1.11.0/commons-beanutils-1.11.0.jar:/home/runner/.m2/repository/commons-digester/commons-digester/1.8.1/commons-digester-1.8.1.jar:/home/runner/.m2/repository/commons-collections/commons-collections/3.2.2/commons-collections-3.2.2.jar:/home/runner/.m2/repository/info/picocli/picocli/4.7.7/picocli-4.7.7.jar:/home/runner/.m2/repository/jakarta/annotation/jakarta.annotation-api/2.1.1/jakarta.annotation-api-2.1.1.jar:/home/runner/.m2/repository/jakarta/xml/bind/jakarta.xml.bind-api/2.3.3/jakarta.xml.bind-api-2.3.3.jar:/home/runner/.m2/repository/jakarta/activation/jakarta.activation-api/1.2.2/jakarta.activation-api-1.2.2.jar:/home/runner/.m2/repository/javax/servlet/javax.servlet-api/3.1.0/javax.servlet-api-3.1.0.jar:/home/runner/.m2/repository/javax/ws/rs/jsr311-api/1.1.1/jsr311-api-1.1.1.jar:/home/runner/.m2/repository/org/apache/commons/commons-compress/1.27.1/commons-compress-1.27.1.jar:/home/runner/.m2/repository/org/apache/commons/commons-lang3/3.18.0/commons-lang3-3.18.0.jar:/home/runner/.m2/repository/org/apache/commons/commons-text/1.13.1/commons-text-1.13.1.jar:/home/runner/.m2/repository/org/apache/hadoop/hadoop-auth/3.4.1/hadoop-auth-3.4.1.jar:/home/runner/.m2/repository/com/nimbusds/nimbus-jose-jwt/10.4/nimbus-jose-jwt-10.4.jar:/home/runner/.m2/repository/io/dropwizard/metrics/metrics-core/3.2.6/metrics-core-3.2.6.jar:/home/runner/.m2/repository/org/apache/kerby/kerb-core/1.0.1/kerb-core-1.0.1.jar:/home/runner/.m2/repository/org/apache/kerby/kerby-pkix/1.0.1/kerby-pkix-1.0.1.jar:/home/runner/.m2/repository/org/apache/kerby/kerby-asn1/1.0.1/kerby-asn1-1.0.1.jar:/home/runner/.m2/repository/org/apache/kerby/kerb-util/1.0.1/kerb-util-1.0.1.jar:/home/runner/.m2/repository/org/apache/kerby/kerby-config/1.0.1/kerby-config-1.0.1.jar:/home/runner/.m2/repository/org/apache/kerby/kerb-crypto/1.0.1/kerb-crypto-1.0.1.jar:/home/runner/.m2/repository/org/apache/hadoop/thirdparty/hadoop-shaded-guava/1.3.0/hadoop-shaded-guava-1.3.0.jar:/home/runner/.m2/repository/org/apache/hadoop/hadoop-common/3.4.1/hadoop-common-3.4.1.jar:/home/runner/.m2/repository/org/apache/hadoop/thirdparty/hadoop-shaded-protobuf_3_25/1.4.0/hadoop-shaded-protobuf_3_25-1.4.0.jar:/home/runner/.m2/repository/org/apache/hadoop/hadoop-annotations/3.4.1/hadoop-annotations-3.4.1.jar:/home/runner/.m2/repository/commons-cli/commons-cli/1.8.0/commons-cli-1.8.0.jar:/home/runner/.m2/repository/commons-net/commons-net/3.11.1/commons-net-3.11.1.jar:/home/runner/.m2/repository/org/eclipse/jetty/jetty-server/9.4.58.v20250814/jetty-server-9.4.58.v20250814.jar:/home/runner/.m2/repository/org/eclipse/jetty/jetty-io/9.4.58.v20250814/jetty-io-9.4.58.v20250814.jar:/home/runner/.m2/repository/org/eclipse/jetty/jetty-util/9.4.58.v20250814/jetty-util-9.4.58.v20250814.jar:/home/runner/.m2/repository/org/eclipse/jetty/jetty-servlet/9.4.58.v20250814/jetty-servlet-9.4.58.v20250814.jar:/home/runner/.m2/repository/org/eclipse/jetty/jetty-security/9.4.58.v20250814/jetty-security-9.4.58.v20250814.jar:/home/runner/.m2/repository/org/eclipse/jetty/jetty-webapp/9.4.58.v20250814/jetty-webapp-9.4.58.v20250814.jar:/home/runner/.m2/repository/org/eclipse/jetty/jetty-xml/9.4.58.v20250814/jetty-xml-9.4.58.v20250814.jar:/home/runner/.m2/repository/javax/servlet/jsp/jsp-api/2.1/jsp-api-2.1.jar:/home/runner/.m2/repository/org/codehaus/jettison/jettison/1.5.4/jettison-1.5.4.jar:/home/runner/.m2/repository/org/apache/commons/commons-configuration2/2.12.0/commons-configuration2-2.12.0.jar:/home/runner/.m2/repository/com/google/re2j/re2j/1.7/re2j-1.7.jar:/home/runner/.m2/repository/com/google/code/gson/gson/2.13.1/gson-2.13.1.jar:/home/runner/.m2/repository/com/jcraft/jsch/0.1.55/jsch-0.1.55.jar:/home/runner/.m2/repository/io/netty/netty-handler/4.1.119.Final/netty-handler-4.1.119.Final.jar:/home/runner/.m2/repository/io/netty/netty-resolver/4.1.119.Final/netty-resolver-4.1.119.Final.jar:/home/runner/.m2/repository/io/netty/netty-transport-native-epoll/4.1.119.Final/netty-transport-native-epoll-4.1.119.Final.jar:/home/runner/.m2/repository/org/bouncycastle/bcprov-jdk18on/1.81/bcprov-jdk18on-1.81.jar:/home/runner/.m2/repository/org/codehaus/woodstox/stax2-api/4.2.1/stax2-api-4.2.1.jar:/home/runner/.m2/repository/com/fasterxml/woodstox/woodstox-core/5.4.0/woodstox-core-5.4.0.jar:/home/runner/.m2/repository/dnsjava/dnsjava/3.6.1/dnsjava-3.6.1.jar:/home/runner/.m2/repository/org/apache/hadoop/hadoop-common/3.4.1/hadoop-common-3.4.1-tests.jar:/home/runner/.m2/repository/org/apache/commons/commons-math3/3.6.1/commons-math3-3.6.1.jar:/home/runner/.m2/repository/com/sun/jersey/jersey-core/1.19.4/jersey-core-1.19.4.jar:/home/runner/.m2/repository/com/sun/jersey/jersey-servlet/1.19.4/jersey-servlet-1.19.4.jar:/home/runner/.m2/repository/com/github/pjfanning/jersey-json/1.22.0/jersey-json-1.22.0.jar:/home/runner/.m2/repository/com/sun/xml/bind/jaxb-impl/2.2.3-1/jaxb-impl-2.2.3-1.jar:/home/runner/.m2/repository/com/sun/jersey/jersey-server/1.19.4/jersey-server-1.19.4.jar:/home/runner/.m2/repository/org/slf4j/slf4j-reload4j/2.0.17/slf4j-reload4j-2.0.17.jar:/home/runner/.m2/repository/org/apache/avro/avro/1.9.2/avro-1.9.2.jar:/home/runner/.m2/repository/org/apache/curator/curator-client/4.2.0/curator-client-4.2.0.jar:/home/runner/.m2/repository/org/apache/curator/curator-recipes/5.2.0/curator-recipes-5.2.0.jar:/home/runner/.m2/repository/org/apache/curator/curator-framework/4.2.0/curator-framework-4.2.0.jar:/home/runner/.m2/repository/com/google/code/findbugs/jsr305/3.0.2/jsr305-3.0.2.jar:/home/runner/.m2/repository/org/apache/zookeeper/zookeeper/3.8.4/zookeeper-3.8.4.jar:/home/runner/.m2/repository/org/apache/zookeeper/zookeeper-jute/3.8.4/zookeeper-jute-3.8.4.jar:/home/runner/.m2/repository/org/apache/yetus/audience-annotations/0.12.0/audience-annotations-0.12.0.jar:/home/runner/.m2/repository/org/xerial/snappy/snappy-java/1.1.10.8/snappy-java-1.1.10.8.jar:/home/runner/.m2/repository/org/apache/hadoop/hadoop-distcp/3.4.1/hadoop-distcp-3.4.1.jar:/home/runner/.m2/repository/org/apache/hadoop/hadoop-distcp/3.4.1/hadoop-distcp-3.4.1-tests.jar:/home/runner/.m2/repository/org/apache/hadoop/hadoop-hdfs/3.4.1/hadoop-hdfs-3.4.1.jar:/home/runner/.m2/repository/org/eclipse/jetty/jetty-util-ajax/9.4.58.v20250814/jetty-util-ajax-9.4.58.v20250814.jar:/home/runner/.m2/repository/commons-daemon/commons-daemon/1.4.0/commons-daemon-1.4.0.jar:/home/runner/.m2/repository/org/apache/hadoop/hadoop-hdfs/3.4.1/hadoop-hdfs-3.4.1-tests.jar:/home/runner/.m2/repository/io/netty/netty-all/4.1.119.Final/netty-all-4.1.119.Final.jar:/home/runner/.m2/repository/io/netty/netty-codec-dns/4.1.119.Final/netty-codec-dns-4.1.119.Final.jar:/home/runner/.m2/repository/io/netty/netty-codec-haproxy/4.1.119.Final/netty-codec-haproxy-4.1.119.Final.jar:/home/runner/.m2/repository/io/netty/netty-codec-http/4.1.119.Final/netty-codec-http-4.1.119.Final.jar:/home/runner/.m2/repository/io/netty/netty-codec-memcache/4.1.119.Final/netty-codec-memcache-4.1.119.Final.jar:/home/runner/.m2/repository/io/netty/netty-codec-mqtt/4.1.119.Final/netty-codec-mqtt-4.1.119.Final.jar:/home/runner/.m2/repository/io/netty/netty-codec-redis/4.1.119.Final/netty-codec-redis-4.1.119.Final.jar:/home/runner/.m2/repository/io/netty/netty-codec-smtp/4.1.119.Final/netty-codec-smtp-4.1.119.Final.jar:/home/runner/.m2/repository/io/netty/netty-codec-socks/4.1.119.Final/netty-codec-socks-4.1.119.Final.jar:/home/runner/.m2/repository/io/netty/netty-codec-stomp/4.1.119.Final/netty-codec-stomp-4.1.119.Final.jar:/home/runner/.m2/repository/io/netty/netty-codec-xml/4.1.119.Final/netty-codec-xml-4.1.119.Final.jar:/home/runner/.m2/repository/io/netty/netty-handler-ssl-ocsp/4.1.119.Final/netty-handler-ssl-ocsp-4.1.119.Final.jar:/home/runner/.m2/repository/io/netty/netty-resolver-dns/4.1.119.Final/netty-resolver-dns-4.1.119.Final.jar:/home/runner/.m2/repository/io/netty/netty-transport-rxtx/4.1.119.Final/netty-transport-rxtx-4.1.119.Final.jar:/home/runner/.m2/repository/io/netty/netty-transport-sctp/4.1.119.Final/netty-transport-sctp-4.1.119.Final.jar:/home/runner/.m2/repository/io/netty/netty-transport-udt/4.1.119.Final/netty-transport-udt-4.1.119.Final.jar:/home/runner/.m2/repository/io/netty/netty-transport-classes-kqueue/4.1.119.Final/netty-transport-classes-kqueue-4.1.119.Final.jar:/home/runner/.m2/repository/io/netty/netty-resolver-dns-classes-macos/4.1.119.Final/netty-resolver-dns-classes-macos-4.1.119.Final.jar:/home/runner/.m2/repository/io/netty/netty-transport-native-epoll/4.1.119.Final/netty-transport-native-epoll-4.1.119.Final-linux-aarch_64.jar:/home/runner/.m2/repository/io/netty/netty-transport-native-epoll/4.1.119.Final/netty-transport-native-epoll-4.1.119.Final-linux-riscv64.jar:/home/runner/.m2/repository/io/netty/netty-transport-native-kqueue/4.1.119.Final/netty-transport-native-kqueue-4.1.119.Final-osx-x86_64.jar:/home/runner/.m2/repository/io/netty/netty-transport-native-kqueue/4.1.119.Final/netty-transport-native-kqueue-4.1.119.Final-osx-aarch_64.jar:/home/runner/.m2/repository/io/netty/netty-resolver-dns-native-macos/4.1.119.Final/netty-resolver-dns-native-macos-4.1.119.Final-osx-x86_64.jar:/home/runner/.m2/repository/io/netty/netty-resolver-dns-native-macos/4.1.119.Final/netty-resolver-dns-native-macos-4.1.119.Final-osx-aarch_64.jar:/home/runner/.m2/repository/org/fusesource/leveldbjni/leveldbjni-all/1.8/leveldbjni-all-1.8.jar:/home/runner/.m2/repository/org/apache/hadoop/hadoop-hdfs-client/3.4.1/hadoop-hdfs-client-3.4.1.jar:/home/runner/.m2/repository/org/apache/hadoop/hadoop-kms/3.4.1/hadoop-kms-3.4.1.jar:/home/runner/.m2/repository/org/apache/hadoop/hadoop-kms/3.4.1/hadoop-kms-3.4.1-tests.jar:/home/runner/.m2/repository/org/apache/hadoop/hadoop-mapreduce-client-core/3.4.1/hadoop-mapreduce-client-core-3.4.1.jar:/home/runner/.m2/repository/org/apache/hadoop/hadoop-yarn-client/3.4.1/hadoop-yarn-client-3.4.1.jar:/home/runner/.m2/repository/org/eclipse/jetty/websocket/websocket-client/9.4.53.v20231009/websocket-client-9.4.53.v20231009.jar:/home/runner/.m2/repository/org/eclipse/jetty/jetty-client/9.4.58.v20250814/jetty-client-9.4.58.v20250814.jar:/home/runner/.m2/repository/org/eclipse/jetty/websocket/websocket-common/9.4.53.v20231009/websocket-common-9.4.53.v20231009.jar:/home/runner/.m2/repository/org/eclipse/jetty/websocket/websocket-api/9.4.53.v20231009/websocket-api-9.4.53.v20231009.jar:/home/runner/.m2/repository/org/apache/hadoop/hadoop-yarn-api/3.4.1/hadoop-yarn-api-3.4.1.jar:/home/runner/.m2/repository/org/apache/hadoop/hadoop-yarn-common/3.4.1/hadoop-yarn-common-3.4.1.jar:/home/runner/.m2/repository/javax/xml/bind/jaxb-api/2.2.11/jaxb-api-2.2.11.jar:/home/runner/.m2/repository/com/sun/jersey/contribs/jersey-guice/1.19.4/jersey-guice-1.19.4.jar:/home/runner/.m2/repository/com/fasterxml/jackson/module/jackson-module-jaxb-annotations/2.16.2/jackson-module-jaxb-annotations-2.16.2.jar:/home/runner/.m2/repository/com/fasterxml/jackson/jaxrs/jackson-jaxrs-json-provider/2.16.2/jackson-jaxrs-json-provider-2.16.2.jar:/home/runner/.m2/repository/com/google/inject/extensions/guice-servlet/6.0.0/guice-servlet-6.0.0.jar:/home/runner/.m2/repository/org/apache/hadoop/hadoop-mapreduce-client-jobclient/3.4.1/hadoop-mapreduce-client-jobclient-3.4.1.jar:/home/runner/.m2/repository/org/apache/hadoop/hadoop-mapreduce-client-common/3.4.1/hadoop-mapreduce-client-common-3.4.1.jar:/home/runner/.m2/repository/org/apache/hadoop/hadoop-minikdc/3.4.1/hadoop-minikdc-3.4.1.jar:/home/runner/.m2/repository/org/apache/kerby/kerb-simplekdc/2.0.3/kerb-simplekdc-2.0.3.jar:/home/runner/.m2/repository/org/apache/kerby/kerb-client/2.0.3/kerb-client-2.0.3.jar:/home/runner/.m2/repository/org/apache/kerby/kerb-common/2.0.3/kerb-common-2.0.3.jar:/home/runner/.m2/repository/org/apache/kerby/token-provider/2.0.3/token-provider-2.0.3.jar:/home/runner/.m2/repository/org/apache/kerby/kerb-admin/2.0.3/kerb-admin-2.0.3.jar:/home/runner/.m2/repository/org/apache/kerby/kerb-server/2.0.3/kerb-server-2.0.3.jar:/home/runner/.m2/repository/org/apache/kerby/kerb-identity/2.0.3/kerb-identity-2.0.3.jar:/home/runner/.m2/repository/org/apache/kerby/kerby-xdr/2.0.3/kerby-xdr-2.0.3.jar:/home/runner/.m2/repository/junit/junit/4.13.2/junit-4.13.2.jar:/home/runner/.m2/repository/org/hamcrest/hamcrest-core/1.3/hamcrest-core-1.3.jar:/home/runner/.m2/repository/org/apache/httpcomponents/httpclient/4.5.14/httpclient-4.5.14.jar:/home/runner/.m2/repository/org/apache/httpcomponents/httpcore/4.4.16/httpcore-4.4.16.jar:/home/runner/.m2/repository/org/apache/kerby/kerby-util/1.0.1/kerby-util-1.0.1.jar:/home/runner/work/ozone/ozone/hadoop-hdds/client/target/hdds-client-2.1.0-SNAPSHOT.jar:/home/runner/.m2/repository/io/opentracing/opentracing-api/0.33.0/opentracing-api-0.33.0.jar:/home/runner/.m2/repository/io/opentracing/opentracing-util/0.33.0/opentracing-util-0.33.0.jar:/home/runner/.m2/repository/io/opentracing/opentracing-noop/0.33.0/opentracing-noop-0.33.0.jar:/home/runner/work/ozone/ozone/hadoop-hdds/erasurecode/target/hdds-erasurecode-2.1.0-SNAPSHOT.jar:/home/runner/work/ozone/ozone/hadoop-hdds/common/target/hdds-common-2.1.0-SNAPSHOT.jar:/home/runner/.m2/repository/com/fasterxml/jackson/datatype/jackson-datatype-jsr310/2.16.2/jackson-datatype-jsr310-2.16.2.jar:/home/runner/.m2/repository/io/jaegertracing/jaeger-core/1.8.1/jaeger-core-1.8.1.jar:/home/runner/.m2/repository/org/apache/commons/commons-collections4/4.4/commons-collections4-4.4.jar:/home/runner/.m2/repository/org/apache/ratis/ratis-netty/3.2.0/ratis-netty-3.2.0.jar:/home/runner/.m2/repository/org/yaml/snakeyaml/2.0/snakeyaml-2.0.jar:/home/runner/.m2/repository/io/jaegertracing/jaeger-client/1.8.1/jaeger-client-1.8.1.jar:/home/runner/.m2/repository/io/jaegertracing/jaeger-thrift/1.8.1/jaeger-thrift-1.8.1.jar:/home/runner/.m2/repository/org/apache/thrift/libthrift/0.15.0/libthrift-0.15.0.jar:/home/runner/.m2/repository/io/jaegertracing/jaeger-tracerresolver/1.8.1/jaeger-tracerresolver-1.8.1.jar:/home/runner/.m2/repository/io/opentracing/contrib/opentracing-tracerresolver/0.1.8/opentracing-tracerresolver-0.1.8.jar:/home/runner/.m2/repository/org/apache/ratis/ratis-metrics-dropwizard3/3.2.0/ratis-metrics-dropwizard3-3.2.0.jar:/home/runner/.m2/repository/org/slf4j/jcl-over-slf4j/2.0.17/jcl-over-slf4j-2.0.17.jar:/home/runner/work/ozone/ozone/hadoop-hdds/common/target/hdds-common-2.1.0-SNAPSHOT-tests.jar:/home/runner/work/ozone/ozone/hadoop-hdds/config/target/hdds-config-2.1.0-SNAPSHOT.jar:/home/runner/work/ozone/ozone/hadoop-hdds/container-service/target/hdds-container-service-2.1.0-SNAPSHOT.jar:/home/runner/.m2/repository/io/netty/netty-buffer/4.1.119.Final/netty-buffer-4.1.119.Final.jar:/home/runner/.m2/repository/io/netty/netty-codec/4.1.119.Final/netty-codec-4.1.119.Final.jar:/home/runner/.m2/repository/io/netty/netty-common/4.1.119.Final/netty-common-4.1.119.Final.jar:/home/runner/.m2/repository/io/netty/netty-transport/4.1.119.Final/netty-transport-4.1.119.Final.jar:/home/runner/.m2/repository/org/apache/logging/log4j/log4j-api/2.25.0/log4j-api-2.25.0.jar:/home/runner/.m2/repository/com/github/luben/zstd-jni/1.5.7-4/zstd-jni-1.5.7-4.jar:/home/runner/.m2/repository/log4j/apache-log4j-extras/1.2.17/apache-log4j-extras-1.2.17.jar:/home/runner/.m2/repository/org/glassfish/jaxb/jaxb-runtime/2.3.9/jaxb-runtime-2.3.9.jar:/home/runner/.m2/repository/org/glassfish/jaxb/txw2/2.3.9/txw2-2.3.9.jar:/home/runner/.m2/repository/com/sun/istack/istack-commons-runtime/3.0.12/istack-commons-runtime-3.0.12.jar:/home/runner/.m2/repository/com/sun/activation/jakarta.activation/1.2.2/jakarta.activation-1.2.2.jar:/home/runner/work/ozone/ozone/hadoop-hdds/container-service/target/hdds-container-service-2.1.0-SNAPSHOT-tests.jar:/home/runner/work/ozone/ozone/hadoop-hdds/interface-admin/target/hdds-interface-admin-2.1.0-SNAPSHOT.jar:/home/runner/work/ozone/ozone/hadoop-hdds/interface-client/target/hdds-interface-client-2.1.0-SNAPSHOT.jar:/home/runner/work/ozone/ozone/hadoop-hdds/interface-server/target/hdds-interface-server-2.1.0-SNAPSHOT.jar:/home/runner/work/ozone/ozone/hadoop-hdds/managed-rocksdb/target/hdds-managed-rocksdb-2.1.0-SNAPSHOT.jar:/home/runner/work/ozone/ozone/hadoop-hdds/rocks-native/target/hdds-rocks-native-2.1.0-SNAPSHOT.jar:/home/runner/work/ozone/ozone/hadoop-hdds/framework/target/hdds-server-framework-2.1.0-SNAPSHOT.jar:/home/runner/.m2/repository/com/github/jnr/jnr-constants/0.10.4/jnr-constants-0.10.4.jar:/home/runner/.m2/repository/com/github/jnr/jnr-posix/3.1.20/jnr-posix-3.1.20.jar:/home/runner/.m2/repository/com/github/jnr/jnr-ffi/2.2.17/jnr-ffi-2.2.17.jar:/home/runner/.m2/repository/com/github/jnr/jffi/1.3.13/jffi-1.3.13.jar:/home/runner/.m2/repository/com/github/jnr/jffi/1.3.13/jffi-1.3.13-native.jar:/home/runner/.m2/repository/org/ow2/asm/asm/9.7.1/asm-9.7.1.jar:/home/runner/.m2/repository/org/ow2/asm/asm-commons/9.7.1/asm-commons-9.7.1.jar:/home/runner/.m2/repository/org/ow2/asm/asm-analysis/9.7.1/asm-analysis-9.7.1.jar:/home/runner/.m2/repository/org/ow2/asm/asm-tree/9.7.1/asm-tree-9.7.1.jar:/home/runner/.m2/repository/org/ow2/asm/asm-util/9.7.1/asm-util-9.7.1.jar:/home/runner/.m2/repository/com/github/jnr/jnr-a64asm/1.0.0/jnr-a64asm-1.0.0.jar:/home/runner/.m2/repository/com/github/jnr/jnr-x86asm/1.0.2/jnr-x86asm-1.0.2.jar:/home/runner/.m2/repository/commons-fileupload/commons-fileupload/1.6.0/commons-fileupload-1.6.0.jar:/home/runner/.m2/repository/io/grpc/grpc-api/1.71.0/grpc-api-1.71.0.jar:/home/runner/.m2/repository/io/prometheus/simpleclient/0.16.0/simpleclient-0.16.0.jar:/home/runner/.m2/repository/io/prometheus/simpleclient_common/0.16.0/simpleclient_common-0.16.0.jar:/home/runner/.m2/repository/io/prometheus/simpleclient_dropwizard/0.16.0/simpleclient_dropwizard-0.16.0.jar:/home/runner/.m2/repository/jakarta/ws/rs/jakarta.ws.rs-api/2.1.6/jakarta.ws.rs-api-2.1.6.jar:/home/runner/.m2/repository/org/eclipse/jetty/jetty-http/9.4.58.v20250814/jetty-http-9.4.58.v20250814.jar:/home/runner/.m2/repository/org/glassfish/jersey/containers/jersey-container-servlet-core/2.47/jersey-container-servlet-core-2.47.jar:/home/runner/.m2/repository/org/glassfish/jersey/core/jersey-server/2.47/jersey-server-2.47.jar:/home/runner/.m2/repository/org/glassfish/jersey/core/jersey-client/2.47/jersey-client-2.47.jar:/home/runner/.m2/repository/com/lmax/disruptor/3.4.4/disruptor-3.4.4.jar:/home/runner/.m2/repository/org/apache/logging/log4j/log4j-core/2.25.0/log4j-core-2.25.0.jar:/home/runner/work/ozone/ozone/hadoop-hdds/framework/target/hdds-server-framework-2.1.0-SNAPSHOT-tests.jar:/home/runner/work/ozone/ozone/hadoop-hdds/server-scm/target/hdds-server-scm-2.1.0-SNAPSHOT.jar:/home/runner/work/ozone/ozone/hadoop-hdds/server-scm/target/hdds-server-scm-2.1.0-SNAPSHOT-tests.jar:/home/runner/work/ozone/ozone/hadoop-hdds/test-utils/target/hdds-test-utils-2.1.0-SNAPSHOT-tests.jar:/home/runner/work/ozone/ozone/hadoop-ozone/cli-admin/target/ozone-cli-admin-2.1.0-SNAPSHOT.jar:/home/runner/work/ozone/ozone/hadoop-ozone/cli-shell/target/ozone-cli-shell-2.1.0-SNAPSHOT.jar:/home/runner/.m2/repository/info/picocli/picocli-shell-jline3/4.7.7/picocli-shell-jline3-4.7.7.jar:/home/runner/.m2/repository/org/jline/jline/3.30.6/jline-3.30.6.jar:/home/runner/work/ozone/ozone/hadoop-ozone/client/target/ozone-client-2.1.0-SNAPSHOT.jar:/home/runner/work/ozone/ozone/hadoop-ozone/common/target/ozone-common-2.1.0-SNAPSHOT.jar:/home/runner/.m2/repository/io/grpc/grpc-netty/1.71.0/grpc-netty-1.71.0.jar:/home/runner/.m2/repository/org/codehaus/mojo/animal-sniffer-annotations/1.24/animal-sniffer-annotations-1.24.jar:/home/runner/.m2/repository/io/grpc/grpc-core/1.71.0/grpc-core-1.71.0.jar:/home/runner/.m2/repository/com/google/android/annotations/4.1.1.4/annotations-4.1.1.4.jar:/home/runner/.m2/repository/io/grpc/grpc-context/1.71.0/grpc-context-1.71.0.jar:/home/runner/.m2/repository/io/perfmark/perfmark-api/0.27.0/perfmark-api-0.27.0.jar:/home/runner/.m2/repository/io/grpc/grpc-util/1.71.0/grpc-util-1.71.0.jar:/home/runner/.m2/repository/io/netty/netty-codec-http2/4.1.119.Final/netty-codec-http2-4.1.119.Final.jar:/home/runner/.m2/repository/io/netty/netty-handler-proxy/4.1.119.Final/netty-handler-proxy-4.1.119.Final.jar:/home/runner/.m2/repository/io/netty/netty-tcnative-boringssl-static/2.0.70.Final/netty-tcnative-boringssl-static-2.0.70.Final.jar:/home/runner/.m2/repository/io/netty/netty-tcnative-classes/2.0.70.Final/netty-tcnative-classes-2.0.70.Final.jar:/home/runner/.m2/repository/io/netty/netty-tcnative-boringssl-static/2.0.70.Final/netty-tcnative-boringssl-static-2.0.70.Final-linux-x86_64.jar:/home/runner/.m2/repository/io/netty/netty-tcnative-boringssl-static/2.0.70.Final/netty-tcnative-boringssl-static-2.0.70.Final-linux-aarch_64.jar:/home/runner/.m2/repository/io/netty/netty-tcnative-boringssl-static/2.0.70.Final/netty-tcnative-boringssl-static-2.0.70.Final-osx-x86_64.jar:/home/runner/.m2/repository/io/netty/netty-tcnative-boringssl-static/2.0.70.Final/netty-tcnative-boringssl-static-2.0.70.Final-osx-aarch_64.jar:/home/runner/.m2/repository/io/netty/netty-tcnative-boringssl-static/2.0.70.Final/netty-tcnative-boringssl-static-2.0.70.Final-windows-x86_64.jar:/home/runner/work/ozone/ozone/hadoop-ozone/csi/target/ozone-csi-2.1.0-SNAPSHOT.jar:/home/runner/.m2/repository/io/grpc/grpc-protobuf/1.71.0/grpc-protobuf-1.71.0.jar:/home/runner/.m2/repository/com/google/api/grpc/proto-google-common-protos/2.51.0/proto-google-common-protos-2.51.0.jar:/home/runner/.m2/repository/io/grpc/grpc-protobuf-lite/1.71.0/grpc-protobuf-lite-1.71.0.jar:/home/runner/.m2/repository/io/grpc/grpc-stub/1.71.0/grpc-stub-1.71.0.jar:/home/runner/.m2/repository/io/netty/netty-transport-classes-epoll/4.1.119.Final/netty-transport-classes-epoll-4.1.119.Final.jar:/home/runner/.m2/repository/io/netty/netty-transport-native-unix-common/4.1.119.Final/netty-transport-native-unix-common-4.1.119.Final.jar:/home/runner/.m2/repository/io/netty/netty-transport-native-epoll/4.1.119.Final/netty-transport-native-epoll-4.1.119.Final-linux-x86_64.jar:/home/runner/work/ozone/ozone/hadoop-ozone/ozonefs/target/ozone-filesystem-2.1.0-SNAPSHOT.jar:/home/runner/work/ozone/ozone/hadoop-ozone/ozonefs-common/target/ozone-filesystem-common-2.1.0-SNAPSHOT.jar:/home/runner/work/ozone/ozone/hadoop-ozone/freon/target/ozone-freon-2.1.0-SNAPSHOT.jar:/home/runner/.m2/repository/com/amazonaws/aws-java-sdk-core/1.12.788/aws-java-sdk-core-1.12.788.jar:/home/runner/.m2/repository/com/fasterxml/jackson/dataformat/jackson-dataformat-cbor/2.16.2/jackson-dataformat-cbor-2.16.2.jar:/home/runner/.m2/repository/joda-time/joda-time/2.12.7/joda-time-2.12.7.jar:/home/runner/.m2/repository/com/amazonaws/aws-java-sdk-s3/1.12.788/aws-java-sdk-s3-1.12.788.jar:/home/runner/.m2/repository/com/amazonaws/aws-java-sdk-kms/1.12.788/aws-java-sdk-kms-1.12.788.jar:/home/runner/.m2/repository/com/amazonaws/jmespath-java/1.12.788/jmespath-java-1.12.788.jar:/home/runner/work/ozone/ozone/hadoop-ozone/interface-client/target/ozone-interface-client-2.1.0-SNAPSHOT.jar:/home/runner/work/ozone/ozone/hadoop-ozone/interface-storage/target/ozone-interface-storage-2.1.0-SNAPSHOT.jar:/home/runner/work/ozone/ozone/hadoop-ozone/ozone-manager/target/ozone-manager-2.1.0-SNAPSHOT.jar:/home/runner/.m2/repository/org/apache/commons/commons-pool2/2.12.1/commons-pool2-2.12.1.jar:/home/runner/.m2/repository/org/aspectj/aspectjrt/1.9.24/aspectjrt-1.9.24.jar:/home/runner/work/ozone/ozone/hadoop-ozone/ozone-manager/target/ozone-manager-2.1.0-SNAPSHOT-tests.jar:/home/runner/work/ozone/ozone/hadoop-ozone/mini-cluster/target/ozone-mini-cluster-2.1.0-SNAPSHOT.jar:/home/runner/work/ozone/ozone/hadoop-ozone/multitenancy-ranger/target/ozone-multitenancy-ranger-2.1.0-SNAPSHOT.jar:/home/runner/.m2/repository/com/sun/jersey/jersey-client/1.19.4/jersey-client-1.19.4.jar:/home/runner/.m2/repository/org/apache/ranger/ranger-plugins-common/2.6.0/ranger-plugins-common-2.6.0.jar:/home/runner/.m2/repository/com/fasterxml/jackson/jaxrs/jackson-jaxrs-base/2.16.2/jackson-jaxrs-base-2.16.2.jar:/home/runner/.m2/repository/com/kstruct/gethostname4j/1.0.0/gethostname4j-1.0.0.jar:/home/runner/.m2/repository/commons-lang/commons-lang/2.6/commons-lang-2.6.jar:/home/runner/.m2/repository/net/java/dev/jna/jna/5.2.0/jna-5.2.0.jar:/home/runner/.m2/repository/net/java/dev/jna/jna-platform/5.2.0/jna-platform-5.2.0.jar:/home/runner/.m2/repository/org/apache/ranger/ranger-plugin-classloader/2.6.0/ranger-plugin-classloader-2.6.0.jar:/home/runner/.m2/repository/org/apache/ranger/ranger-plugins-audit/2.6.0/ranger-plugins-audit-2.6.0.jar:/home/runner/.m2/repository/com/amazonaws/aws-java-sdk-logs/1.12.765/aws-java-sdk-logs-1.12.765.jar:/home/runner/.m2/repository/com/carrotsearch/hppc/0.8.0/hppc-0.8.0.jar:/home/runner/.m2/repository/io/airlift/aircompressor/0.27/aircompressor-0.27.jar:/home/runner/.m2/repository/org/apache/httpcomponents/httpasyncclient/4.1.4/httpasyncclient-4.1.4.jar:/home/runner/.m2/repository/org/apache/httpcomponents/httpcore-nio/4.4.16/httpcore-nio-4.4.16.jar:/home/runner/.m2/repository/org/apache/httpcomponents/httpmime/4.5.13/httpmime-4.5.13.jar:/home/runner/.m2/repository/org/apache/orc/orc-core/1.5.8/orc-core-1.5.8.jar:/home/runner/.m2/repository/org/apache/orc/orc-shims/1.5.8/orc-shims-1.5.8.jar:/home/runner/.m2/repository/org/apache/ranger/ranger-plugins-cred/2.6.0/ranger-plugins-cred-2.6.0.jar:/home/runner/work/ozone/ozone/hadoop-ozone/recon/target/ozone-recon-2.1.0-SNAPSHOT.jar:/home/runner/.m2/repository/aopalliance/aopalliance/1.0/aopalliance-1.0.jar:/home/runner/.m2/repository/com/google/inject/guice/6.0.0/guice-6.0.0.jar:/home/runner/.m2/repository/jakarta/inject/jakarta.inject-api/2.0.1/jakarta.inject-api-2.0.1.jar:/home/runner/.m2/repository/com/jolbox/bonecp/0.8.0.RELEASE/bonecp-0.8.0.RELEASE.jar:/home/runner/.m2/repository/jakarta/validation/jakarta.validation-api/2.0.2/jakarta.validation-api-2.0.2.jar:/home/runner/.m2/repository/javax/annotation/javax.annotation-api/1.3.2/javax.annotation-api-1.3.2.jar:/home/runner/.m2/repository/javax/inject/javax.inject/1/javax.inject-1.jar:/home/runner/.m2/repository/org/apache/derby/derby/10.14.2.0/derby-10.14.2.0.jar:/home/runner/.m2/repository/org/glassfish/hk2/guice-bridge/2.6.1/guice-bridge-2.6.1.jar:/home/runner/.m2/repository/org/glassfish/hk2/hk2-api/2.6.1/hk2-api-2.6.1.jar:/home/runner/.m2/repository/org/glassfish/hk2/hk2-utils/2.6.1/hk2-utils-2.6.1.jar:/home/runner/.m2/repository/org/glassfish/hk2/external/aopalliance-repackaged/2.6.1/aopalliance-repackaged-2.6.1.jar:/home/runner/.m2/repository/org/glassfish/jersey/core/jersey-common/2.47/jersey-common-2.47.jar:/home/runner/.m2/repository/org/glassfish/hk2/osgi-resource-locator/1.0.3/osgi-resource-locator-1.0.3.jar:/home/runner/.m2/repository/org/jooq/jooq/3.11.10/jooq-3.11.10.jar:/home/runner/.m2/repository/org/springframework/spring-core/5.3.39/spring-core-5.3.39.jar:/home/runner/.m2/repository/org/springframework/spring-jdbc/5.3.39/spring-jdbc-5.3.39.jar:/home/runner/.m2/repository/org/springframework/spring-beans/5.3.39/spring-beans-5.3.39.jar:/home/runner/.m2/repository/org/springframework/spring-tx/5.3.39/spring-tx-5.3.39.jar:/home/runner/.m2/repository/org/xerial/sqlite-jdbc/3.50.3.0/sqlite-jdbc-3.50.3.0.jar:/home/runner/.m2/repository/com/google/inject/extensions/guice-assistedinject/6.0.0/guice-assistedinject-6.0.0.jar:/home/runner/.m2/repository/org/glassfish/hk2/external/jakarta.inject/2.6.1/jakarta.inject-2.6.1.jar:/home/runner/.m2/repository/org/glassfish/jersey/inject/jersey-hk2/2.47/jersey-hk2-2.47.jar:/home/runner/.m2/repository/org/glassfish/hk2/hk2-locator/2.6.1/hk2-locator-2.6.1.jar:/home/runner/.m2/repository/org/glassfish/jersey/media/jersey-media-jaxb/2.47/jersey-media-jaxb-2.47.jar:/home/runner/.m2/repository/org/glassfish/jersey/media/jersey-media-json-jackson/2.47/jersey-media-json-jackson-2.47.jar:/home/runner/.m2/repository/org/glassfish/jersey/ext/jersey-entity-filtering/2.47/jersey-entity-filtering-2.47.jar:/home/runner/work/ozone/ozone/hadoop-ozone/recon-codegen/target/ozone-reconcodegen-2.1.0-SNAPSHOT.jar:/home/runner/.m2/repository/org/jooq/jooq-codegen/3.11.10/jooq-codegen-3.11.10.jar:/home/runner/.m2/repository/org/jooq/jooq-meta/3.11.10/jooq-meta-3.11.10.jar:/home/runner/work/ozone/ozone/hadoop-ozone/s3gateway/target/ozone-s3gateway-2.1.0-SNAPSHOT.jar:/home/runner/work/ozone/ozone/hadoop-ozone/tools/target/ozone-tools-2.1.0-SNAPSHOT.jar:/home/runner/.m2/repository/com/github/vlsi/mxgraph/jgraphx/3.9.12/jgraphx-3.9.12.jar:/home/runner/.m2/repository/org/apache/ratis/ratis-shell/3.2.0/ratis-shell-3.2.0.jar:/home/runner/.m2/repository/org/apache/ratis/ratis-tools/3.2.0/ratis-tools-3.2.0.jar:/home/runner/.m2/repository/org/jgrapht/jgrapht-core/1.4.0/jgrapht-core-1.4.0.jar:/home/runner/.m2/repository/org/jheaps/jheaps/0.11/jheaps-0.11.jar:/home/runner/.m2/repository/org/jgrapht/jgrapht-ext/1.4.0/jgrapht-ext-1.4.0.jar:/home/runner/work/ozone/ozone/hadoop-hdds/rocksdb-checkpoint-differ/target/rocksdb-checkpoint-differ-2.1.0-SNAPSHOT.jar:/home/runner/.m2/repository/org/apache/ranger/ranger-intg/2.6.0/ranger-intg-2.6.0.jar:/home/runner/.m2/repository/org/apache/ratis/ratis-client/3.2.0/ratis-client-3.2.0.jar:/home/runner/.m2/repository/org/apache/ratis/ratis-common/3.2.0/ratis-common-3.2.0.jar:/home/runner/.m2/repository/org/apache/ratis/ratis-grpc/3.2.0/ratis-grpc-3.2.0.jar:/home/runner/.m2/repository/org/apache/ratis/ratis-metrics-api/3.2.0/ratis-metrics-api-3.2.0.jar:/home/runner/.m2/repository/org/apache/ratis/ratis-proto/3.2.0/ratis-proto-3.2.0.jar:/home/runner/.m2/repository/org/apache/ratis/ratis-server/3.2.0/ratis-server-3.2.0.jar:/home/runner/.m2/repository/org/apache/ratis/ratis-server-api/3.2.0/ratis-server-api-3.2.0.jar:/home/runner/.m2/repository/org/apache/ratis/ratis-thirdparty-misc/1.0.9/ratis-thirdparty-misc-1.0.9.jar:/home/runner/.m2/repository/org/bouncycastle/bcpkix-jdk18on/1.81/bcpkix-jdk18on-1.81.jar:/home/runner/.m2/repository/org/bouncycastle/bcutil-jdk18on/1.81/bcutil-jdk18on-1.81.jar:/home/runner/.m2/repository/org/hamcrest/hamcrest/2.2/hamcrest-2.2.jar:/home/runner/.m2/repository/org/reflections/reflections/0.10.2/reflections-0.10.2.jar:/home/runner/.m2/repository/org/javassist/javassist/3.30.2-GA/javassist-3.30.2-GA.jar:/home/runner/.m2/repository/org/rocksdb/rocksdbjni/7.7.3/rocksdbjni-7.7.3.jar:/home/runner/.m2/repository/org/slf4j/jul-to-slf4j/2.0.17/jul-to-slf4j-2.0.17.jar:/home/runner/.m2/repository/org/slf4j/slf4j-api/2.0.17/slf4j-api-2.0.17.jar:/home/runner/.m2/repository/org/assertj/assertj-core/3.27.4/assertj-core-3.27.4.jar:/home/runner/.m2/repository/net/bytebuddy/byte-buddy/1.15.11/byte-buddy-1.15.11.jar:/home/runner/.m2/repository/org/junit/jupiter/junit-jupiter-api/5.13.4/junit-jupiter-api-5.13.4.jar:/home/runner/.m2/repository/org/opentest4j/opentest4j/1.3.0/opentest4j-1.3.0.jar:/home/runner/.m2/repository/org/junit/platform/junit-platform-commons/1.13.4/junit-platform-commons-1.13.4.jar:/home/runner/.m2/repository/org/apiguardian/apiguardian-api/1.1.2/apiguardian-api-1.1.2.jar:/home/runner/.m2/repository/org/junit/jupiter/junit-jupiter-params/5.13.4/junit-jupiter-params-5.13.4.jar:/home/runner/.m2/repository/org/mockito/mockito-core/4.11.0/mockito-core-4.11.0.jar:/home/runner/.m2/repository/net/bytebuddy/byte-buddy-agent/1.12.19/byte-buddy-agent-1.12.19.jar:/home/runner/.m2/repository/org/objenesis/objenesis/3.3/objenesis-3.3.jar:/home/runner/.m2/repository/org/mockito/mockito-inline/4.11.0/mockito-inline-4.11.0.jar:/home/runner/.m2/repository/org/mockito/mockito-junit-jupiter/4.11.0/mockito-junit-jupiter-4.11.0.jar:/home/runner/work/ozone/ozone/hadoop-ozone/integration-test/target/gradle-enterprise/test-listeners.jar:"/>
    <property name="java.vm.vendor" value="Eclipse Adoptium"/>
    <property name="sun.arch.data.model" value="64"/>
    <property name="test.build.dir" value="/home/runner/work/ozone/ozone/hadoop-ozone/integration-test/target/test-dir"/>
    <property name="test.cache.data" value=""/>
    <property name="java.vendor.url" value="https://adoptium.net/"/>
    <property name="user.timezone" value="Etc/UTC"/>
    <property name="maven-surefire-plugin.argLineAccessArgs" value=" --add-opens java.management/com.sun.jmx.mbeanserver=ALL-UNNAMED --add-exports java.management/com.sun.jmx.mbeanserver=ALL-UNNAMED --add-opens java.base/java.nio=ALL-UNNAMED --add-opens java.base/java.lang=ALL-UNNAMED --add-opens java.base/java.lang.reflect=ALL-UNNAMED"/>
    <property name="os.name" value="Linux"/>
    <property name="java.vm.specification.version" value="21"/>
    <property name="test.build.data" value="/home/runner/work/ozone/ozone/hadoop-ozone/integration-test/target/test-dir"/>
    <property name="sun.java.launcher" value="SUN_STANDARD"/>
    <property name="sun.boot.library.path" value="/usr/lib/jvm/temurin-21-jdk-amd64/lib"/>
    <property name="sun.java.command" value="/home/runner/work/ozone/ozone/hadoop-ozone/integration-test/target/surefire/surefirebooter-20250919203551288_178.jar /home/runner/work/ozone/ozone/hadoop-ozone/integration-test/target/surefire 2025-09-19T20-31-45_850-jvmRun1 surefire-20250919203551288_176tmp surefire_24-20250919203551288_177tmp"/>
    <property name="jdk.debug" value="release"/>
    <property name="native.lib.tmp.dir" value="/tmp"/>
    <property name="surefire.test.class.path" value="/home/runner/work/ozone/ozone/hadoop-ozone/integration-test/target/test-classes:/home/runner/work/ozone/ozone/hadoop-ozone/integration-test/target/classes:/home/runner/.m2/repository/ch/qos/reload4j/reload4j/1.2.26/reload4j-1.2.26.jar:/home/runner/.m2/repository/com/fasterxml/jackson/core/jackson-core/2.16.2/jackson-core-2.16.2.jar:/home/runner/.m2/repository/com/fasterxml/jackson/core/jackson-databind/2.16.2/jackson-databind-2.16.2.jar:/home/runner/.m2/repository/com/fasterxml/jackson/core/jackson-annotations/2.16.2/jackson-annotations-2.16.2.jar:/home/runner/.m2/repository/com/github/stephenc/jcip/jcip-annotations/1.0-1/jcip-annotations-1.0-1.jar:/home/runner/.m2/repository/com/google/guava/guava/33.4.8-jre/guava-33.4.8-jre.jar:/home/runner/.m2/repository/com/google/guava/failureaccess/1.0.3/failureaccess-1.0.3.jar:/home/runner/.m2/repository/com/google/guava/listenablefuture/9999.0-empty-to-avoid-conflict-with-guava/listenablefuture-9999.0-empty-to-avoid-conflict-with-guava.jar:/home/runner/.m2/repository/org/jspecify/jspecify/1.0.0/jspecify-1.0.0.jar:/home/runner/.m2/repository/com/google/errorprone/error_prone_annotations/2.29.2/error_prone_annotations-2.29.2.jar:/home/runner/.m2/repository/com/google/j2objc/j2objc-annotations/3.0.0/j2objc-annotations-3.0.0.jar:/home/runner/.m2/repository/com/google/protobuf/protobuf-java/2.5.0/protobuf-java-2.5.0.jar:/home/runner/.m2/repository/com/squareup/okhttp3/okhttp/4.12.0/okhttp-4.12.0.jar:/home/runner/.m2/repository/com/squareup/okio/okio/3.6.0/okio-3.6.0.jar:/home/runner/.m2/repository/com/squareup/okio/okio-jvm/3.6.0/okio-jvm-3.6.0.jar:/home/runner/.m2/repository/org/jetbrains/kotlin/kotlin-stdlib-common/1.9.25/kotlin-stdlib-common-1.9.25.jar:/home/runner/.m2/repository/org/jetbrains/kotlin/kotlin-stdlib-jdk8/1.9.25/kotlin-stdlib-jdk8-1.9.25.jar:/home/runner/.m2/repository/org/jetbrains/kotlin/kotlin-stdlib/1.9.25/kotlin-stdlib-1.9.25.jar:/home/runner/.m2/repository/org/jetbrains/annotations/13.0/annotations-13.0.jar:/home/runner/.m2/repository/org/jetbrains/kotlin/kotlin-stdlib-jdk7/1.9.25/kotlin-stdlib-jdk7-1.9.25.jar:/home/runner/.m2/repository/commons-codec/commons-codec/1.18.0/commons-codec-1.18.0.jar:/home/runner/.m2/repository/commons-io/commons-io/2.18.0/commons-io-2.18.0.jar:/home/runner/.m2/repository/commons-validator/commons-validator/1.6/commons-validator-1.6.jar:/home/runner/.m2/repository/commons-beanutils/commons-beanutils/1.11.0/commons-beanutils-1.11.0.jar:/home/runner/.m2/repository/commons-digester/commons-digester/1.8.1/commons-digester-1.8.1.jar:/home/runner/.m2/repository/commons-collections/commons-collections/3.2.2/commons-collections-3.2.2.jar:/home/runner/.m2/repository/info/picocli/picocli/4.7.7/picocli-4.7.7.jar:/home/runner/.m2/repository/jakarta/annotation/jakarta.annotation-api/2.1.1/jakarta.annotation-api-2.1.1.jar:/home/runner/.m2/repository/jakarta/xml/bind/jakarta.xml.bind-api/2.3.3/jakarta.xml.bind-api-2.3.3.jar:/home/runner/.m2/repository/jakarta/activation/jakarta.activation-api/1.2.2/jakarta.activation-api-1.2.2.jar:/home/runner/.m2/repository/javax/servlet/javax.servlet-api/3.1.0/javax.servlet-api-3.1.0.jar:/home/runner/.m2/repository/javax/ws/rs/jsr311-api/1.1.1/jsr311-api-1.1.1.jar:/home/runner/.m2/repository/org/apache/commons/commons-compress/1.27.1/commons-compress-1.27.1.jar:/home/runner/.m2/repository/org/apache/commons/commons-lang3/3.18.0/commons-lang3-3.18.0.jar:/home/runner/.m2/repository/org/apache/commons/commons-text/1.13.1/commons-text-1.13.1.jar:/home/runner/.m2/repository/org/apache/hadoop/hadoop-auth/3.4.1/hadoop-auth-3.4.1.jar:/home/runner/.m2/repository/com/nimbusds/nimbus-jose-jwt/10.4/nimbus-jose-jwt-10.4.jar:/home/runner/.m2/repository/io/dropwizard/metrics/metrics-core/3.2.6/metrics-core-3.2.6.jar:/home/runner/.m2/repository/org/apache/kerby/kerb-core/1.0.1/kerb-core-1.0.1.jar:/home/runner/.m2/repository/org/apache/kerby/kerby-pkix/1.0.1/kerby-pkix-1.0.1.jar:/home/runner/.m2/repository/org/apache/kerby/kerby-asn1/1.0.1/kerby-asn1-1.0.1.jar:/home/runner/.m2/repository/org/apache/kerby/kerb-util/1.0.1/kerb-util-1.0.1.jar:/home/runner/.m2/repository/org/apache/kerby/kerby-config/1.0.1/kerby-config-1.0.1.jar:/home/runner/.m2/repository/org/apache/kerby/kerb-crypto/1.0.1/kerb-crypto-1.0.1.jar:/home/runner/.m2/repository/org/apache/hadoop/thirdparty/hadoop-shaded-guava/1.3.0/hadoop-shaded-guava-1.3.0.jar:/home/runner/.m2/repository/org/apache/hadoop/hadoop-common/3.4.1/hadoop-common-3.4.1.jar:/home/runner/.m2/repository/org/apache/hadoop/thirdparty/hadoop-shaded-protobuf_3_25/1.4.0/hadoop-shaded-protobuf_3_25-1.4.0.jar:/home/runner/.m2/repository/org/apache/hadoop/hadoop-annotations/3.4.1/hadoop-annotations-3.4.1.jar:/home/runner/.m2/repository/commons-cli/commons-cli/1.8.0/commons-cli-1.8.0.jar:/home/runner/.m2/repository/commons-net/commons-net/3.11.1/commons-net-3.11.1.jar:/home/runner/.m2/repository/org/eclipse/jetty/jetty-server/9.4.58.v20250814/jetty-server-9.4.58.v20250814.jar:/home/runner/.m2/repository/org/eclipse/jetty/jetty-io/9.4.58.v20250814/jetty-io-9.4.58.v20250814.jar:/home/runner/.m2/repository/org/eclipse/jetty/jetty-util/9.4.58.v20250814/jetty-util-9.4.58.v20250814.jar:/home/runner/.m2/repository/org/eclipse/jetty/jetty-servlet/9.4.58.v20250814/jetty-servlet-9.4.58.v20250814.jar:/home/runner/.m2/repository/org/eclipse/jetty/jetty-security/9.4.58.v20250814/jetty-security-9.4.58.v20250814.jar:/home/runner/.m2/repository/org/eclipse/jetty/jetty-webapp/9.4.58.v20250814/jetty-webapp-9.4.58.v20250814.jar:/home/runner/.m2/repository/org/eclipse/jetty/jetty-xml/9.4.58.v20250814/jetty-xml-9.4.58.v20250814.jar:/home/runner/.m2/repository/javax/servlet/jsp/jsp-api/2.1/jsp-api-2.1.jar:/home/runner/.m2/repository/org/codehaus/jettison/jettison/1.5.4/jettison-1.5.4.jar:/home/runner/.m2/repository/org/apache/commons/commons-configuration2/2.12.0/commons-configuration2-2.12.0.jar:/home/runner/.m2/repository/com/google/re2j/re2j/1.7/re2j-1.7.jar:/home/runner/.m2/repository/com/google/code/gson/gson/2.13.1/gson-2.13.1.jar:/home/runner/.m2/repository/com/jcraft/jsch/0.1.55/jsch-0.1.55.jar:/home/runner/.m2/repository/io/netty/netty-handler/4.1.119.Final/netty-handler-4.1.119.Final.jar:/home/runner/.m2/repository/io/netty/netty-resolver/4.1.119.Final/netty-resolver-4.1.119.Final.jar:/home/runner/.m2/repository/io/netty/netty-transport-native-epoll/4.1.119.Final/netty-transport-native-epoll-4.1.119.Final.jar:/home/runner/.m2/repository/org/bouncycastle/bcprov-jdk18on/1.81/bcprov-jdk18on-1.81.jar:/home/runner/.m2/repository/org/codehaus/woodstox/stax2-api/4.2.1/stax2-api-4.2.1.jar:/home/runner/.m2/repository/com/fasterxml/woodstox/woodstox-core/5.4.0/woodstox-core-5.4.0.jar:/home/runner/.m2/repository/dnsjava/dnsjava/3.6.1/dnsjava-3.6.1.jar:/home/runner/.m2/repository/org/apache/hadoop/hadoop-common/3.4.1/hadoop-common-3.4.1-tests.jar:/home/runner/.m2/repository/org/apache/commons/commons-math3/3.6.1/commons-math3-3.6.1.jar:/home/runner/.m2/repository/com/sun/jersey/jersey-core/1.19.4/jersey-core-1.19.4.jar:/home/runner/.m2/repository/com/sun/jersey/jersey-servlet/1.19.4/jersey-servlet-1.19.4.jar:/home/runner/.m2/repository/com/github/pjfanning/jersey-json/1.22.0/jersey-json-1.22.0.jar:/home/runner/.m2/repository/com/sun/xml/bind/jaxb-impl/2.2.3-1/jaxb-impl-2.2.3-1.jar:/home/runner/.m2/repository/com/sun/jersey/jersey-server/1.19.4/jersey-server-1.19.4.jar:/home/runner/.m2/repository/org/slf4j/slf4j-reload4j/2.0.17/slf4j-reload4j-2.0.17.jar:/home/runner/.m2/repository/org/apache/avro/avro/1.9.2/avro-1.9.2.jar:/home/runner/.m2/repository/org/apache/curator/curator-client/4.2.0/curator-client-4.2.0.jar:/home/runner/.m2/repository/org/apache/curator/curator-recipes/5.2.0/curator-recipes-5.2.0.jar:/home/runner/.m2/repository/org/apache/curator/curator-framework/4.2.0/curator-framework-4.2.0.jar:/home/runner/.m2/repository/com/google/code/findbugs/jsr305/3.0.2/jsr305-3.0.2.jar:/home/runner/.m2/repository/org/apache/zookeeper/zookeeper/3.8.4/zookeeper-3.8.4.jar:/home/runner/.m2/repository/org/apache/zookeeper/zookeeper-jute/3.8.4/zookeeper-jute-3.8.4.jar:/home/runner/.m2/repository/org/apache/yetus/audience-annotations/0.12.0/audience-annotations-0.12.0.jar:/home/runner/.m2/repository/org/xerial/snappy/snappy-java/1.1.10.8/snappy-java-1.1.10.8.jar:/home/runner/.m2/repository/org/apache/hadoop/hadoop-distcp/3.4.1/hadoop-distcp-3.4.1.jar:/home/runner/.m2/repository/org/apache/hadoop/hadoop-distcp/3.4.1/hadoop-distcp-3.4.1-tests.jar:/home/runner/.m2/repository/org/apache/hadoop/hadoop-hdfs/3.4.1/hadoop-hdfs-3.4.1.jar:/home/runner/.m2/repository/org/eclipse/jetty/jetty-util-ajax/9.4.58.v20250814/jetty-util-ajax-9.4.58.v20250814.jar:/home/runner/.m2/repository/commons-daemon/commons-daemon/1.4.0/commons-daemon-1.4.0.jar:/home/runner/.m2/repository/org/apache/hadoop/hadoop-hdfs/3.4.1/hadoop-hdfs-3.4.1-tests.jar:/home/runner/.m2/repository/io/netty/netty-all/4.1.119.Final/netty-all-4.1.119.Final.jar:/home/runner/.m2/repository/io/netty/netty-codec-dns/4.1.119.Final/netty-codec-dns-4.1.119.Final.jar:/home/runner/.m2/repository/io/netty/netty-codec-haproxy/4.1.119.Final/netty-codec-haproxy-4.1.119.Final.jar:/home/runner/.m2/repository/io/netty/netty-codec-http/4.1.119.Final/netty-codec-http-4.1.119.Final.jar:/home/runner/.m2/repository/io/netty/netty-codec-memcache/4.1.119.Final/netty-codec-memcache-4.1.119.Final.jar:/home/runner/.m2/repository/io/netty/netty-codec-mqtt/4.1.119.Final/netty-codec-mqtt-4.1.119.Final.jar:/home/runner/.m2/repository/io/netty/netty-codec-redis/4.1.119.Final/netty-codec-redis-4.1.119.Final.jar:/home/runner/.m2/repository/io/netty/netty-codec-smtp/4.1.119.Final/netty-codec-smtp-4.1.119.Final.jar:/home/runner/.m2/repository/io/netty/netty-codec-socks/4.1.119.Final/netty-codec-socks-4.1.119.Final.jar:/home/runner/.m2/repository/io/netty/netty-codec-stomp/4.1.119.Final/netty-codec-stomp-4.1.119.Final.jar:/home/runner/.m2/repository/io/netty/netty-codec-xml/4.1.119.Final/netty-codec-xml-4.1.119.Final.jar:/home/runner/.m2/repository/io/netty/netty-handler-ssl-ocsp/4.1.119.Final/netty-handler-ssl-ocsp-4.1.119.Final.jar:/home/runner/.m2/repository/io/netty/netty-resolver-dns/4.1.119.Final/netty-resolver-dns-4.1.119.Final.jar:/home/runner/.m2/repository/io/netty/netty-transport-rxtx/4.1.119.Final/netty-transport-rxtx-4.1.119.Final.jar:/home/runner/.m2/repository/io/netty/netty-transport-sctp/4.1.119.Final/netty-transport-sctp-4.1.119.Final.jar:/home/runner/.m2/repository/io/netty/netty-transport-udt/4.1.119.Final/netty-transport-udt-4.1.119.Final.jar:/home/runner/.m2/repository/io/netty/netty-transport-classes-kqueue/4.1.119.Final/netty-transport-classes-kqueue-4.1.119.Final.jar:/home/runner/.m2/repository/io/netty/netty-resolver-dns-classes-macos/4.1.119.Final/netty-resolver-dns-classes-macos-4.1.119.Final.jar:/home/runner/.m2/repository/io/netty/netty-transport-native-epoll/4.1.119.Final/netty-transport-native-epoll-4.1.119.Final-linux-aarch_64.jar:/home/runner/.m2/repository/io/netty/netty-transport-native-epoll/4.1.119.Final/netty-transport-native-epoll-4.1.119.Final-linux-riscv64.jar:/home/runner/.m2/repository/io/netty/netty-transport-native-kqueue/4.1.119.Final/netty-transport-native-kqueue-4.1.119.Final-osx-x86_64.jar:/home/runner/.m2/repository/io/netty/netty-transport-native-kqueue/4.1.119.Final/netty-transport-native-kqueue-4.1.119.Final-osx-aarch_64.jar:/home/runner/.m2/repository/io/netty/netty-resolver-dns-native-macos/4.1.119.Final/netty-resolver-dns-native-macos-4.1.119.Final-osx-x86_64.jar:/home/runner/.m2/repository/io/netty/netty-resolver-dns-native-macos/4.1.119.Final/netty-resolver-dns-native-macos-4.1.119.Final-osx-aarch_64.jar:/home/runner/.m2/repository/org/fusesource/leveldbjni/leveldbjni-all/1.8/leveldbjni-all-1.8.jar:/home/runner/.m2/repository/org/apache/hadoop/hadoop-hdfs-client/3.4.1/hadoop-hdfs-client-3.4.1.jar:/home/runner/.m2/repository/org/apache/hadoop/hadoop-kms/3.4.1/hadoop-kms-3.4.1.jar:/home/runner/.m2/repository/org/apache/hadoop/hadoop-kms/3.4.1/hadoop-kms-3.4.1-tests.jar:/home/runner/.m2/repository/org/apache/hadoop/hadoop-mapreduce-client-core/3.4.1/hadoop-mapreduce-client-core-3.4.1.jar:/home/runner/.m2/repository/org/apache/hadoop/hadoop-yarn-client/3.4.1/hadoop-yarn-client-3.4.1.jar:/home/runner/.m2/repository/org/eclipse/jetty/websocket/websocket-client/9.4.53.v20231009/websocket-client-9.4.53.v20231009.jar:/home/runner/.m2/repository/org/eclipse/jetty/jetty-client/9.4.58.v20250814/jetty-client-9.4.58.v20250814.jar:/home/runner/.m2/repository/org/eclipse/jetty/websocket/websocket-common/9.4.53.v20231009/websocket-common-9.4.53.v20231009.jar:/home/runner/.m2/repository/org/eclipse/jetty/websocket/websocket-api/9.4.53.v20231009/websocket-api-9.4.53.v20231009.jar:/home/runner/.m2/repository/org/apache/hadoop/hadoop-yarn-api/3.4.1/hadoop-yarn-api-3.4.1.jar:/home/runner/.m2/repository/org/apache/hadoop/hadoop-yarn-common/3.4.1/hadoop-yarn-common-3.4.1.jar:/home/runner/.m2/repository/javax/xml/bind/jaxb-api/2.2.11/jaxb-api-2.2.11.jar:/home/runner/.m2/repository/com/sun/jersey/contribs/jersey-guice/1.19.4/jersey-guice-1.19.4.jar:/home/runner/.m2/repository/com/fasterxml/jackson/module/jackson-module-jaxb-annotations/2.16.2/jackson-module-jaxb-annotations-2.16.2.jar:/home/runner/.m2/repository/com/fasterxml/jackson/jaxrs/jackson-jaxrs-json-provider/2.16.2/jackson-jaxrs-json-provider-2.16.2.jar:/home/runner/.m2/repository/com/google/inject/extensions/guice-servlet/6.0.0/guice-servlet-6.0.0.jar:/home/runner/.m2/repository/org/apache/hadoop/hadoop-mapreduce-client-jobclient/3.4.1/hadoop-mapreduce-client-jobclient-3.4.1.jar:/home/runner/.m2/repository/org/apache/hadoop/hadoop-mapreduce-client-common/3.4.1/hadoop-mapreduce-client-common-3.4.1.jar:/home/runner/.m2/repository/org/apache/hadoop/hadoop-minikdc/3.4.1/hadoop-minikdc-3.4.1.jar:/home/runner/.m2/repository/org/apache/kerby/kerb-simplekdc/2.0.3/kerb-simplekdc-2.0.3.jar:/home/runner/.m2/repository/org/apache/kerby/kerb-client/2.0.3/kerb-client-2.0.3.jar:/home/runner/.m2/repository/org/apache/kerby/kerb-common/2.0.3/kerb-common-2.0.3.jar:/home/runner/.m2/repository/org/apache/kerby/token-provider/2.0.3/token-provider-2.0.3.jar:/home/runner/.m2/repository/org/apache/kerby/kerb-admin/2.0.3/kerb-admin-2.0.3.jar:/home/runner/.m2/repository/org/apache/kerby/kerb-server/2.0.3/kerb-server-2.0.3.jar:/home/runner/.m2/repository/org/apache/kerby/kerb-identity/2.0.3/kerb-identity-2.0.3.jar:/home/runner/.m2/repository/org/apache/kerby/kerby-xdr/2.0.3/kerby-xdr-2.0.3.jar:/home/runner/.m2/repository/junit/junit/4.13.2/junit-4.13.2.jar:/home/runner/.m2/repository/org/hamcrest/hamcrest-core/1.3/hamcrest-core-1.3.jar:/home/runner/.m2/repository/org/apache/httpcomponents/httpclient/4.5.14/httpclient-4.5.14.jar:/home/runner/.m2/repository/org/apache/httpcomponents/httpcore/4.4.16/httpcore-4.4.16.jar:/home/runner/.m2/repository/org/apache/kerby/kerby-util/1.0.1/kerby-util-1.0.1.jar:/home/runner/work/ozone/ozone/hadoop-hdds/client/target/hdds-client-2.1.0-SNAPSHOT.jar:/home/runner/.m2/repository/io/opentracing/opentracing-api/0.33.0/opentracing-api-0.33.0.jar:/home/runner/.m2/repository/io/opentracing/opentracing-util/0.33.0/opentracing-util-0.33.0.jar:/home/runner/.m2/repository/io/opentracing/opentracing-noop/0.33.0/opentracing-noop-0.33.0.jar:/home/runner/work/ozone/ozone/hadoop-hdds/erasurecode/target/hdds-erasurecode-2.1.0-SNAPSHOT.jar:/home/runner/work/ozone/ozone/hadoop-hdds/common/target/hdds-common-2.1.0-SNAPSHOT.jar:/home/runner/.m2/repository/com/fasterxml/jackson/datatype/jackson-datatype-jsr310/2.16.2/jackson-datatype-jsr310-2.16.2.jar:/home/runner/.m2/repository/io/jaegertracing/jaeger-core/1.8.1/jaeger-core-1.8.1.jar:/home/runner/.m2/repository/org/apache/commons/commons-collections4/4.4/commons-collections4-4.4.jar:/home/runner/.m2/repository/org/apache/ratis/ratis-netty/3.2.0/ratis-netty-3.2.0.jar:/home/runner/.m2/repository/org/yaml/snakeyaml/2.0/snakeyaml-2.0.jar:/home/runner/.m2/repository/io/jaegertracing/jaeger-client/1.8.1/jaeger-client-1.8.1.jar:/home/runner/.m2/repository/io/jaegertracing/jaeger-thrift/1.8.1/jaeger-thrift-1.8.1.jar:/home/runner/.m2/repository/org/apache/thrift/libthrift/0.15.0/libthrift-0.15.0.jar:/home/runner/.m2/repository/io/jaegertracing/jaeger-tracerresolver/1.8.1/jaeger-tracerresolver-1.8.1.jar:/home/runner/.m2/repository/io/opentracing/contrib/opentracing-tracerresolver/0.1.8/opentracing-tracerresolver-0.1.8.jar:/home/runner/.m2/repository/org/apache/ratis/ratis-metrics-dropwizard3/3.2.0/ratis-metrics-dropwizard3-3.2.0.jar:/home/runner/.m2/repository/org/slf4j/jcl-over-slf4j/2.0.17/jcl-over-slf4j-2.0.17.jar:/home/runner/work/ozone/ozone/hadoop-hdds/common/target/hdds-common-2.1.0-SNAPSHOT-tests.jar:/home/runner/work/ozone/ozone/hadoop-hdds/config/target/hdds-config-2.1.0-SNAPSHOT.jar:/home/runner/work/ozone/ozone/hadoop-hdds/container-service/target/hdds-container-service-2.1.0-SNAPSHOT.jar:/home/runner/.m2/repository/io/netty/netty-buffer/4.1.119.Final/netty-buffer-4.1.119.Final.jar:/home/runner/.m2/repository/io/netty/netty-codec/4.1.119.Final/netty-codec-4.1.119.Final.jar:/home/runner/.m2/repository/io/netty/netty-common/4.1.119.Final/netty-common-4.1.119.Final.jar:/home/runner/.m2/repository/io/netty/netty-transport/4.1.119.Final/netty-transport-4.1.119.Final.jar:/home/runner/.m2/repository/org/apache/logging/log4j/log4j-api/2.25.0/log4j-api-2.25.0.jar:/home/runner/.m2/repository/com/github/luben/zstd-jni/1.5.7-4/zstd-jni-1.5.7-4.jar:/home/runner/.m2/repository/log4j/apache-log4j-extras/1.2.17/apache-log4j-extras-1.2.17.jar:/home/runner/.m2/repository/org/glassfish/jaxb/jaxb-runtime/2.3.9/jaxb-runtime-2.3.9.jar:/home/runner/.m2/repository/org/glassfish/jaxb/txw2/2.3.9/txw2-2.3.9.jar:/home/runner/.m2/repository/com/sun/istack/istack-commons-runtime/3.0.12/istack-commons-runtime-3.0.12.jar:/home/runner/.m2/repository/com/sun/activation/jakarta.activation/1.2.2/jakarta.activation-1.2.2.jar:/home/runner/work/ozone/ozone/hadoop-hdds/container-service/target/hdds-container-service-2.1.0-SNAPSHOT-tests.jar:/home/runner/work/ozone/ozone/hadoop-hdds/interface-admin/target/hdds-interface-admin-2.1.0-SNAPSHOT.jar:/home/runner/work/ozone/ozone/hadoop-hdds/interface-client/target/hdds-interface-client-2.1.0-SNAPSHOT.jar:/home/runner/work/ozone/ozone/hadoop-hdds/interface-server/target/hdds-interface-server-2.1.0-SNAPSHOT.jar:/home/runner/work/ozone/ozone/hadoop-hdds/managed-rocksdb/target/hdds-managed-rocksdb-2.1.0-SNAPSHOT.jar:/home/runner/work/ozone/ozone/hadoop-hdds/rocks-native/target/hdds-rocks-native-2.1.0-SNAPSHOT.jar:/home/runner/work/ozone/ozone/hadoop-hdds/framework/target/hdds-server-framework-2.1.0-SNAPSHOT.jar:/home/runner/.m2/repository/com/github/jnr/jnr-constants/0.10.4/jnr-constants-0.10.4.jar:/home/runner/.m2/repository/com/github/jnr/jnr-posix/3.1.20/jnr-posix-3.1.20.jar:/home/runner/.m2/repository/com/github/jnr/jnr-ffi/2.2.17/jnr-ffi-2.2.17.jar:/home/runner/.m2/repository/com/github/jnr/jffi/1.3.13/jffi-1.3.13.jar:/home/runner/.m2/repository/com/github/jnr/jffi/1.3.13/jffi-1.3.13-native.jar:/home/runner/.m2/repository/org/ow2/asm/asm/9.7.1/asm-9.7.1.jar:/home/runner/.m2/repository/org/ow2/asm/asm-commons/9.7.1/asm-commons-9.7.1.jar:/home/runner/.m2/repository/org/ow2/asm/asm-analysis/9.7.1/asm-analysis-9.7.1.jar:/home/runner/.m2/repository/org/ow2/asm/asm-tree/9.7.1/asm-tree-9.7.1.jar:/home/runner/.m2/repository/org/ow2/asm/asm-util/9.7.1/asm-util-9.7.1.jar:/home/runner/.m2/repository/com/github/jnr/jnr-a64asm/1.0.0/jnr-a64asm-1.0.0.jar:/home/runner/.m2/repository/com/github/jnr/jnr-x86asm/1.0.2/jnr-x86asm-1.0.2.jar:/home/runner/.m2/repository/commons-fileupload/commons-fileupload/1.6.0/commons-fileupload-1.6.0.jar:/home/runner/.m2/repository/io/grpc/grpc-api/1.71.0/grpc-api-1.71.0.jar:/home/runner/.m2/repository/io/prometheus/simpleclient/0.16.0/simpleclient-0.16.0.jar:/home/runner/.m2/repository/io/prometheus/simpleclient_common/0.16.0/simpleclient_common-0.16.0.jar:/home/runner/.m2/repository/io/prometheus/simpleclient_dropwizard/0.16.0/simpleclient_dropwizard-0.16.0.jar:/home/runner/.m2/repository/jakarta/ws/rs/jakarta.ws.rs-api/2.1.6/jakarta.ws.rs-api-2.1.6.jar:/home/runner/.m2/repository/org/eclipse/jetty/jetty-http/9.4.58.v20250814/jetty-http-9.4.58.v20250814.jar:/home/runner/.m2/repository/org/glassfish/jersey/containers/jersey-container-servlet-core/2.47/jersey-container-servlet-core-2.47.jar:/home/runner/.m2/repository/org/glassfish/jersey/core/jersey-server/2.47/jersey-server-2.47.jar:/home/runner/.m2/repository/org/glassfish/jersey/core/jersey-client/2.47/jersey-client-2.47.jar:/home/runner/.m2/repository/com/lmax/disruptor/3.4.4/disruptor-3.4.4.jar:/home/runner/.m2/repository/org/apache/logging/log4j/log4j-core/2.25.0/log4j-core-2.25.0.jar:/home/runner/work/ozone/ozone/hadoop-hdds/framework/target/hdds-server-framework-2.1.0-SNAPSHOT-tests.jar:/home/runner/work/ozone/ozone/hadoop-hdds/server-scm/target/hdds-server-scm-2.1.0-SNAPSHOT.jar:/home/runner/work/ozone/ozone/hadoop-hdds/server-scm/target/hdds-server-scm-2.1.0-SNAPSHOT-tests.jar:/home/runner/work/ozone/ozone/hadoop-hdds/test-utils/target/hdds-test-utils-2.1.0-SNAPSHOT-tests.jar:/home/runner/work/ozone/ozone/hadoop-ozone/cli-admin/target/ozone-cli-admin-2.1.0-SNAPSHOT.jar:/home/runner/work/ozone/ozone/hadoop-ozone/cli-shell/target/ozone-cli-shell-2.1.0-SNAPSHOT.jar:/home/runner/.m2/repository/info/picocli/picocli-shell-jline3/4.7.7/picocli-shell-jline3-4.7.7.jar:/home/runner/.m2/repository/org/jline/jline/3.30.6/jline-3.30.6.jar:/home/runner/work/ozone/ozone/hadoop-ozone/client/target/ozone-client-2.1.0-SNAPSHOT.jar:/home/runner/work/ozone/ozone/hadoop-ozone/common/target/ozone-common-2.1.0-SNAPSHOT.jar:/home/runner/.m2/repository/io/grpc/grpc-netty/1.71.0/grpc-netty-1.71.0.jar:/home/runner/.m2/repository/org/codehaus/mojo/animal-sniffer-annotations/1.24/animal-sniffer-annotations-1.24.jar:/home/runner/.m2/repository/io/grpc/grpc-core/1.71.0/grpc-core-1.71.0.jar:/home/runner/.m2/repository/com/google/android/annotations/4.1.1.4/annotations-4.1.1.4.jar:/home/runner/.m2/repository/io/grpc/grpc-context/1.71.0/grpc-context-1.71.0.jar:/home/runner/.m2/repository/io/perfmark/perfmark-api/0.27.0/perfmark-api-0.27.0.jar:/home/runner/.m2/repository/io/grpc/grpc-util/1.71.0/grpc-util-1.71.0.jar:/home/runner/.m2/repository/io/netty/netty-codec-http2/4.1.119.Final/netty-codec-http2-4.1.119.Final.jar:/home/runner/.m2/repository/io/netty/netty-handler-proxy/4.1.119.Final/netty-handler-proxy-4.1.119.Final.jar:/home/runner/.m2/repository/io/netty/netty-tcnative-boringssl-static/2.0.70.Final/netty-tcnative-boringssl-static-2.0.70.Final.jar:/home/runner/.m2/repository/io/netty/netty-tcnative-classes/2.0.70.Final/netty-tcnative-classes-2.0.70.Final.jar:/home/runner/.m2/repository/io/netty/netty-tcnative-boringssl-static/2.0.70.Final/netty-tcnative-boringssl-static-2.0.70.Final-linux-x86_64.jar:/home/runner/.m2/repository/io/netty/netty-tcnative-boringssl-static/2.0.70.Final/netty-tcnative-boringssl-static-2.0.70.Final-linux-aarch_64.jar:/home/runner/.m2/repository/io/netty/netty-tcnative-boringssl-static/2.0.70.Final/netty-tcnative-boringssl-static-2.0.70.Final-osx-x86_64.jar:/home/runner/.m2/repository/io/netty/netty-tcnative-boringssl-static/2.0.70.Final/netty-tcnative-boringssl-static-2.0.70.Final-osx-aarch_64.jar:/home/runner/.m2/repository/io/netty/netty-tcnative-boringssl-static/2.0.70.Final/netty-tcnative-boringssl-static-2.0.70.Final-windows-x86_64.jar:/home/runner/work/ozone/ozone/hadoop-ozone/csi/target/ozone-csi-2.1.0-SNAPSHOT.jar:/home/runner/.m2/repository/io/grpc/grpc-protobuf/1.71.0/grpc-protobuf-1.71.0.jar:/home/runner/.m2/repository/com/google/api/grpc/proto-google-common-protos/2.51.0/proto-google-common-protos-2.51.0.jar:/home/runner/.m2/repository/io/grpc/grpc-protobuf-lite/1.71.0/grpc-protobuf-lite-1.71.0.jar:/home/runner/.m2/repository/io/grpc/grpc-stub/1.71.0/grpc-stub-1.71.0.jar:/home/runner/.m2/repository/io/netty/netty-transport-classes-epoll/4.1.119.Final/netty-transport-classes-epoll-4.1.119.Final.jar:/home/runner/.m2/repository/io/netty/netty-transport-native-unix-common/4.1.119.Final/netty-transport-native-unix-common-4.1.119.Final.jar:/home/runner/.m2/repository/io/netty/netty-transport-native-epoll/4.1.119.Final/netty-transport-native-epoll-4.1.119.Final-linux-x86_64.jar:/home/runner/work/ozone/ozone/hadoop-ozone/ozonefs/target/ozone-filesystem-2.1.0-SNAPSHOT.jar:/home/runner/work/ozone/ozone/hadoop-ozone/ozonefs-common/target/ozone-filesystem-common-2.1.0-SNAPSHOT.jar:/home/runner/work/ozone/ozone/hadoop-ozone/freon/target/ozone-freon-2.1.0-SNAPSHOT.jar:/home/runner/.m2/repository/com/amazonaws/aws-java-sdk-core/1.12.788/aws-java-sdk-core-1.12.788.jar:/home/runner/.m2/repository/com/fasterxml/jackson/dataformat/jackson-dataformat-cbor/2.16.2/jackson-dataformat-cbor-2.16.2.jar:/home/runner/.m2/repository/joda-time/joda-time/2.12.7/joda-time-2.12.7.jar:/home/runner/.m2/repository/com/amazonaws/aws-java-sdk-s3/1.12.788/aws-java-sdk-s3-1.12.788.jar:/home/runner/.m2/repository/com/amazonaws/aws-java-sdk-kms/1.12.788/aws-java-sdk-kms-1.12.788.jar:/home/runner/.m2/repository/com/amazonaws/jmespath-java/1.12.788/jmespath-java-1.12.788.jar:/home/runner/work/ozone/ozone/hadoop-ozone/interface-client/target/ozone-interface-client-2.1.0-SNAPSHOT.jar:/home/runner/work/ozone/ozone/hadoop-ozone/interface-storage/target/ozone-interface-storage-2.1.0-SNAPSHOT.jar:/home/runner/work/ozone/ozone/hadoop-ozone/ozone-manager/target/ozone-manager-2.1.0-SNAPSHOT.jar:/home/runner/.m2/repository/org/apache/commons/commons-pool2/2.12.1/commons-pool2-2.12.1.jar:/home/runner/.m2/repository/org/aspectj/aspectjrt/1.9.24/aspectjrt-1.9.24.jar:/home/runner/work/ozone/ozone/hadoop-ozone/ozone-manager/target/ozone-manager-2.1.0-SNAPSHOT-tests.jar:/home/runner/work/ozone/ozone/hadoop-ozone/mini-cluster/target/ozone-mini-cluster-2.1.0-SNAPSHOT.jar:/home/runner/work/ozone/ozone/hadoop-ozone/multitenancy-ranger/target/ozone-multitenancy-ranger-2.1.0-SNAPSHOT.jar:/home/runner/.m2/repository/com/sun/jersey/jersey-client/1.19.4/jersey-client-1.19.4.jar:/home/runner/.m2/repository/org/apache/ranger/ranger-plugins-common/2.6.0/ranger-plugins-common-2.6.0.jar:/home/runner/.m2/repository/com/fasterxml/jackson/jaxrs/jackson-jaxrs-base/2.16.2/jackson-jaxrs-base-2.16.2.jar:/home/runner/.m2/repository/com/kstruct/gethostname4j/1.0.0/gethostname4j-1.0.0.jar:/home/runner/.m2/repository/commons-lang/commons-lang/2.6/commons-lang-2.6.jar:/home/runner/.m2/repository/net/java/dev/jna/jna/5.2.0/jna-5.2.0.jar:/home/runner/.m2/repository/net/java/dev/jna/jna-platform/5.2.0/jna-platform-5.2.0.jar:/home/runner/.m2/repository/org/apache/ranger/ranger-plugin-classloader/2.6.0/ranger-plugin-classloader-2.6.0.jar:/home/runner/.m2/repository/org/apache/ranger/ranger-plugins-audit/2.6.0/ranger-plugins-audit-2.6.0.jar:/home/runner/.m2/repository/com/amazonaws/aws-java-sdk-logs/1.12.765/aws-java-sdk-logs-1.12.765.jar:/home/runner/.m2/repository/com/carrotsearch/hppc/0.8.0/hppc-0.8.0.jar:/home/runner/.m2/repository/io/airlift/aircompressor/0.27/aircompressor-0.27.jar:/home/runner/.m2/repository/org/apache/httpcomponents/httpasyncclient/4.1.4/httpasyncclient-4.1.4.jar:/home/runner/.m2/repository/org/apache/httpcomponents/httpcore-nio/4.4.16/httpcore-nio-4.4.16.jar:/home/runner/.m2/repository/org/apache/httpcomponents/httpmime/4.5.13/httpmime-4.5.13.jar:/home/runner/.m2/repository/org/apache/orc/orc-core/1.5.8/orc-core-1.5.8.jar:/home/runner/.m2/repository/org/apache/orc/orc-shims/1.5.8/orc-shims-1.5.8.jar:/home/runner/.m2/repository/org/apache/ranger/ranger-plugins-cred/2.6.0/ranger-plugins-cred-2.6.0.jar:/home/runner/work/ozone/ozone/hadoop-ozone/recon/target/ozone-recon-2.1.0-SNAPSHOT.jar:/home/runner/.m2/repository/aopalliance/aopalliance/1.0/aopalliance-1.0.jar:/home/runner/.m2/repository/com/google/inject/guice/6.0.0/guice-6.0.0.jar:/home/runner/.m2/repository/jakarta/inject/jakarta.inject-api/2.0.1/jakarta.inject-api-2.0.1.jar:/home/runner/.m2/repository/com/jolbox/bonecp/0.8.0.RELEASE/bonecp-0.8.0.RELEASE.jar:/home/runner/.m2/repository/jakarta/validation/jakarta.validation-api/2.0.2/jakarta.validation-api-2.0.2.jar:/home/runner/.m2/repository/javax/annotation/javax.annotation-api/1.3.2/javax.annotation-api-1.3.2.jar:/home/runner/.m2/repository/javax/inject/javax.inject/1/javax.inject-1.jar:/home/runner/.m2/repository/org/apache/derby/derby/10.14.2.0/derby-10.14.2.0.jar:/home/runner/.m2/repository/org/glassfish/hk2/guice-bridge/2.6.1/guice-bridge-2.6.1.jar:/home/runner/.m2/repository/org/glassfish/hk2/hk2-api/2.6.1/hk2-api-2.6.1.jar:/home/runner/.m2/repository/org/glassfish/hk2/hk2-utils/2.6.1/hk2-utils-2.6.1.jar:/home/runner/.m2/repository/org/glassfish/hk2/external/aopalliance-repackaged/2.6.1/aopalliance-repackaged-2.6.1.jar:/home/runner/.m2/repository/org/glassfish/jersey/core/jersey-common/2.47/jersey-common-2.47.jar:/home/runner/.m2/repository/org/glassfish/hk2/osgi-resource-locator/1.0.3/osgi-resource-locator-1.0.3.jar:/home/runner/.m2/repository/org/jooq/jooq/3.11.10/jooq-3.11.10.jar:/home/runner/.m2/repository/org/springframework/spring-core/5.3.39/spring-core-5.3.39.jar:/home/runner/.m2/repository/org/springframework/spring-jdbc/5.3.39/spring-jdbc-5.3.39.jar:/home/runner/.m2/repository/org/springframework/spring-beans/5.3.39/spring-beans-5.3.39.jar:/home/runner/.m2/repository/org/springframework/spring-tx/5.3.39/spring-tx-5.3.39.jar:/home/runner/.m2/repository/org/xerial/sqlite-jdbc/3.50.3.0/sqlite-jdbc-3.50.3.0.jar:/home/runner/.m2/repository/com/google/inject/extensions/guice-assistedinject/6.0.0/guice-assistedinject-6.0.0.jar:/home/runner/.m2/repository/org/glassfish/hk2/external/jakarta.inject/2.6.1/jakarta.inject-2.6.1.jar:/home/runner/.m2/repository/org/glassfish/jersey/inject/jersey-hk2/2.47/jersey-hk2-2.47.jar:/home/runner/.m2/repository/org/glassfish/hk2/hk2-locator/2.6.1/hk2-locator-2.6.1.jar:/home/runner/.m2/repository/org/glassfish/jersey/media/jersey-media-jaxb/2.47/jersey-media-jaxb-2.47.jar:/home/runner/.m2/repository/org/glassfish/jersey/media/jersey-media-json-jackson/2.47/jersey-media-json-jackson-2.47.jar:/home/runner/.m2/repository/org/glassfish/jersey/ext/jersey-entity-filtering/2.47/jersey-entity-filtering-2.47.jar:/home/runner/work/ozone/ozone/hadoop-ozone/recon-codegen/target/ozone-reconcodegen-2.1.0-SNAPSHOT.jar:/home/runner/.m2/repository/org/jooq/jooq-codegen/3.11.10/jooq-codegen-3.11.10.jar:/home/runner/.m2/repository/org/jooq/jooq-meta/3.11.10/jooq-meta-3.11.10.jar:/home/runner/work/ozone/ozone/hadoop-ozone/s3gateway/target/ozone-s3gateway-2.1.0-SNAPSHOT.jar:/home/runner/work/ozone/ozone/hadoop-ozone/tools/target/ozone-tools-2.1.0-SNAPSHOT.jar:/home/runner/.m2/repository/com/github/vlsi/mxgraph/jgraphx/3.9.12/jgraphx-3.9.12.jar:/home/runner/.m2/repository/org/apache/ratis/ratis-shell/3.2.0/ratis-shell-3.2.0.jar:/home/runner/.m2/repository/org/apache/ratis/ratis-tools/3.2.0/ratis-tools-3.2.0.jar:/home/runner/.m2/repository/org/jgrapht/jgrapht-core/1.4.0/jgrapht-core-1.4.0.jar:/home/runner/.m2/repository/org/jheaps/jheaps/0.11/jheaps-0.11.jar:/home/runner/.m2/repository/org/jgrapht/jgrapht-ext/1.4.0/jgrapht-ext-1.4.0.jar:/home/runner/work/ozone/ozone/hadoop-hdds/rocksdb-checkpoint-differ/target/rocksdb-checkpoint-differ-2.1.0-SNAPSHOT.jar:/home/runner/.m2/repository/org/apache/ranger/ranger-intg/2.6.0/ranger-intg-2.6.0.jar:/home/runner/.m2/repository/org/apache/ratis/ratis-client/3.2.0/ratis-client-3.2.0.jar:/home/runner/.m2/repository/org/apache/ratis/ratis-common/3.2.0/ratis-common-3.2.0.jar:/home/runner/.m2/repository/org/apache/ratis/ratis-grpc/3.2.0/ratis-grpc-3.2.0.jar:/home/runner/.m2/repository/org/apache/ratis/ratis-metrics-api/3.2.0/ratis-metrics-api-3.2.0.jar:/home/runner/.m2/repository/org/apache/ratis/ratis-proto/3.2.0/ratis-proto-3.2.0.jar:/home/runner/.m2/repository/org/apache/ratis/ratis-server/3.2.0/ratis-server-3.2.0.jar:/home/runner/.m2/repository/org/apache/ratis/ratis-server-api/3.2.0/ratis-server-api-3.2.0.jar:/home/runner/.m2/repository/org/apache/ratis/ratis-thirdparty-misc/1.0.9/ratis-thirdparty-misc-1.0.9.jar:/home/runner/.m2/repository/org/bouncycastle/bcpkix-jdk18on/1.81/bcpkix-jdk18on-1.81.jar:/home/runner/.m2/repository/org/bouncycastle/bcutil-jdk18on/1.81/bcutil-jdk18on-1.81.jar:/home/runner/.m2/repository/org/hamcrest/hamcrest/2.2/hamcrest-2.2.jar:/home/runner/.m2/repository/org/reflections/reflections/0.10.2/reflections-0.10.2.jar:/home/runner/.m2/repository/org/javassist/javassist/3.30.2-GA/javassist-3.30.2-GA.jar:/home/runner/.m2/repository/org/rocksdb/rocksdbjni/7.7.3/rocksdbjni-7.7.3.jar:/home/runner/.m2/repository/org/slf4j/jul-to-slf4j/2.0.17/jul-to-slf4j-2.0.17.jar:/home/runner/.m2/repository/org/slf4j/slf4j-api/2.0.17/slf4j-api-2.0.17.jar:/home/runner/.m2/repository/org/assertj/assertj-core/3.27.4/assertj-core-3.27.4.jar:/home/runner/.m2/repository/net/bytebuddy/byte-buddy/1.15.11/byte-buddy-1.15.11.jar:/home/runner/.m2/repository/org/junit/jupiter/junit-jupiter-api/5.13.4/junit-jupiter-api-5.13.4.jar:/home/runner/.m2/repository/org/opentest4j/opentest4j/1.3.0/opentest4j-1.3.0.jar:/home/runner/.m2/repository/org/junit/platform/junit-platform-commons/1.13.4/junit-platform-commons-1.13.4.jar:/home/runner/.m2/repository/org/apiguardian/apiguardian-api/1.1.2/apiguardian-api-1.1.2.jar:/home/runner/.m2/repository/org/junit/jupiter/junit-jupiter-params/5.13.4/junit-jupiter-params-5.13.4.jar:/home/runner/.m2/repository/org/mockito/mockito-core/4.11.0/mockito-core-4.11.0.jar:/home/runner/.m2/repository/net/bytebuddy/byte-buddy-agent/1.12.19/byte-buddy-agent-1.12.19.jar:/home/runner/.m2/repository/org/objenesis/objenesis/3.3/objenesis-3.3.jar:/home/runner/.m2/repository/org/mockito/mockito-inline/4.11.0/mockito-inline-4.11.0.jar:/home/runner/.m2/repository/org/mockito/mockito-junit-jupiter/4.11.0/mockito-junit-jupiter-4.11.0.jar:/home/runner/work/ozone/ozone/hadoop-ozone/integration-test/target/gradle-enterprise/test-listeners.jar:"/>
    <property name="sun.cpu.endian" value="little"/>
    <property name="user.home" value="/home/runner"/>
    <property name="user.language" value="en"/>
    <property name="java.specification.vendor" value="Oracle Corporation"/>
    <property name="skipRecon" value="true"/>
    <property name="java.version.date" value="2025-07-15"/>
    <property name="java.home" value="/usr/lib/jvm/temurin-21-jdk-amd64"/>
    <property name="java.security.krb5.conf" value="/home/runner/work/ozone/ozone/hadoop-ozone/integration-test/target/test-classes/krb5.conf"/>
    <property name="file.separator" value="/"/>
    <property name="basedir" value="/home/runner/work/ozone/ozone/hadoop-ozone/integration-test"/>
    <property name="java.vm.compressedOopsMode" value="Zero based"/>
    <property name="line.separator" value="&#10;"/>
    <property name="java.vm.specification.vendor" value="Oracle Corporation"/>
    <property name="java.specification.name" value="Java Platform API Specification"/>
    <property name="surefire.real.class.path" value="/home/runner/work/ozone/ozone/hadoop-ozone/integration-test/target/surefire/surefirebooter-20250919203551288_178.jar"/>
    <property name="hadoop.log.dir" value="/home/runner/work/ozone/ozone/hadoop-ozone/integration-test/target/log"/>
    <property name="sun.management.compiler" value="HotSpot 64-Bit Tiered Compilers"/>
    <property name="skipShade" value="true"/>
    <property name="java.runtime.version" value="21.0.8+9-LTS"/>
    <property name="user.name" value="runner"/>
    <property name="java.net.preferIPv4Stack" value="true"/>
    <property name="stdout.encoding" value="UTF-8"/>
    <property name="path.separator" value=":"/>
    <property name="java.security.egd" value="file:///dev/urandom"/>
    <property name="os.version" value="6.11.0-1018-azure"/>
    <property name="java.runtime.name" value="OpenJDK Runtime Environment"/>
    <property name="com.gradle.maven.scan.extension.test.listener.junitplatform.NestedExecutionSafeDelegatingTestExecutionListener" value="3b5fad2d"/>
    <property name="file.encoding" value="UTF-8"/>
    <property name="java.vm.name" value="OpenJDK 64-Bit Server VM"/>
    <property name="rocks_tools_native" value="true"/>
    <property name="java.vendor.version" value="Temurin-21.0.8+9"/>
    <property name="test.build.webapps" value=""/>
    <property name="develocity.listener.surefire.forkId" value="1"/>
    <property name="localRepository" value="/home/runner/.m2/repository"/>
    <property name="java.vendor.url.bug" value="https://github.com/adoptium/adoptium-support/issues"/>
    <property name="jetty.git.hash" value="8f1440587e9e4ae7db3d74cf205643f3d707148d"/>
    <property name="java.io.tmpdir" value="/tmp"/>
    <property name="require.test.libhadoop" value=""/>
    <property name="java.version" value="21.0.8"/>
    <property name="user.dir" value="/home/runner/work/ozone/ozone/hadoop-ozone/integration-test"/>
    <property name="os.arch" value="amd64"/>
    <property name="java.vm.specification.name" value="Java Virtual Machine Specification"/>
    <property name="test.build.classes" value="/home/runner/work/ozone/ozone/hadoop-ozone/integration-test/target/test-classes"/>
    <property name="org.apache.ratis.thirdparty.io.netty.allocator.useCacheForAllThreads" value="false"/>
    <property name="native.encoding" value="UTF-8"/>
    <property name="hadoop.tmp.dir" value="/home/runner/work/ozone/ozone/hadoop-ozone/integration-test/target/tmp"/>
    <property name="java.library.path" value="/usr/java/packages/lib:/usr/lib64:/lib64:/lib:/usr/lib"/>
    <property name="java.vm.info" value="mixed mode, sharing"/>
    <property name="stderr.encoding" value="UTF-8"/>
    <property name="java.vendor" value="Eclipse Adoptium"/>
    <property name="java.vm.version" value="21.0.8+9-LTS"/>
    <property name="sun.io.unicode.encoding" value="UnicodeLittle"/>
    <property name="develocity.listener.port" value="46713"/>
    <property name="java.class.version" value="65.0"/>
  </properties>
  <testcase name="testPipelineExclusionWithPipelineFailure" classname="org.apache.hadoop.ozone.client.rpc.TestFailureHandlingByClient" time="71.841">
    <system-out><![CDATA[2025-09-19 20:42:57,212 [ForkJoinPool-1-worker-1] INFO  reflections.Reflections (Reflections.java:scan(219)) - Reflections took 184 ms to scan 7 urls, producing 168 keys and 381 values
2025-09-19 20:42:57,326 [ForkJoinPool-1-worker-1] INFO  ha.SCMHANodeDetails (SCMHANodeDetails.java:loadSCMHAConfig(162)) - ServiceID for StorageContainerManager is null
2025-09-19 20:42:57,326 [ForkJoinPool-1-worker-1] INFO  ha.SCMHANodeDetails (SCMHANodeDetails.java:loadSCMHAConfig(166)) - ozone.scm.default.service.id is not defined, falling back to ozone.scm.service.ids to find serviceID for StorageContainerManager if it is HA enabled cluster
2025-09-19 20:42:57,451 [ForkJoinPool-1-worker-1] INFO  server.RaftServerConfigKeys (ConfUtils.java:logGet(62)) - raft.server.log.appender.buffer.byte-limit = 4194304 (custom)
2025-09-19 20:42:57,472 [ForkJoinPool-1-worker-1] INFO  server.RaftServer (ConfUtils.java:logGet(62)) - raft.rpc.type = GRPC (default)
2025-09-19 20:42:57,524 [ForkJoinPool-1-worker-1] INFO  grpc.GrpcConfigKeys (ConfUtils.java:logFallback(69)) - raft.grpc.admin.host = null (fallback to raft.grpc.server.host)
2025-09-19 20:42:57,525 [ForkJoinPool-1-worker-1] INFO  grpc.GrpcConfigKeys (ConfUtils.java:logFallback(69)) - raft.grpc.admin.port = 15004 (fallback to raft.grpc.server.port)
2025-09-19 20:42:57,526 [ForkJoinPool-1-worker-1] INFO  grpc.GrpcConfigKeys (ConfUtils.java:logFallback(69)) - raft.grpc.client.host = null (fallback to raft.grpc.server.host)
2025-09-19 20:42:57,527 [ForkJoinPool-1-worker-1] INFO  grpc.GrpcConfigKeys (ConfUtils.java:logFallback(69)) - raft.grpc.client.port = 15004 (fallback to raft.grpc.server.port)
2025-09-19 20:42:57,527 [ForkJoinPool-1-worker-1] INFO  grpc.GrpcConfigKeys (ConfUtils.java:logGet(62)) - raft.grpc.server.port = 15004 (custom)
2025-09-19 20:42:57,527 [ForkJoinPool-1-worker-1] INFO  server.GrpcServicesImpl (ConfUtils.java:logGet(62)) - raft.grpc.message.size.max = 5242880 (custom)
2025-09-19 20:42:57,528 [ForkJoinPool-1-worker-1] INFO  server.GrpcServicesImpl (ConfUtils.java:logGet(62)) - raft.grpc.flow.control.window = 1MB (=1048576) (default)
2025-09-19 20:42:57,529 [ForkJoinPool-1-worker-1] INFO  server.RaftServerConfigKeys (ConfUtils.java:logGet(62)) - raft.server.rpc.request.timeout = 30000ms (custom)
2025-09-19 20:42:57,533 [ForkJoinPool-1-worker-1] INFO  grpc.GrpcConfigKeys (ConfUtils.java:logGet(62)) - raft.grpc.server.heartbeat.channel = true (default)
2025-09-19 20:42:57,533 [ForkJoinPool-1-worker-1] INFO  server.RaftServerConfigKeys (ConfUtils.java:logGet(62)) - raft.server.log.appender.buffer.byte-limit = 4194304 (custom)
2025-09-19 20:42:57,536 [ForkJoinPool-1-worker-1] INFO  grpc.GrpcConfigKeys (ConfUtils.java:logGet(62)) - raft.grpc.server.async.request.thread.pool.cached = true (default)
2025-09-19 20:42:57,536 [ForkJoinPool-1-worker-1] INFO  grpc.GrpcConfigKeys (ConfUtils.java:logGet(62)) - raft.grpc.server.async.request.thread.pool.size = 32 (default)
2025-09-19 20:42:57,730 [ForkJoinPool-1-worker-1] INFO  impl.DataStreamServerImpl (ConfUtils.java:logGet(62)) - raft.datastream.type = DISABLED (default)
2025-09-19 20:42:57,733 [ForkJoinPool-1-worker-1] INFO  server.RaftServerConfigKeys (ConfUtils.java:logGet(62)) - raft.server.sleep.deviation.threshold = 300ms (default)
2025-09-19 20:42:57,733 [ForkJoinPool-1-worker-1] INFO  server.RaftServerConfigKeys (ConfUtils.java:logGet(62)) - raft.server.close.threshold = 60s (default)
2025-09-19 20:42:57,733 [ForkJoinPool-1-worker-1] INFO  server.RaftServerConfigKeys (ConfUtils.java:logGet(62)) - raft.server.leaderelection.leader.step-down.wait-time = 10s (default)
2025-09-19 20:42:57,737 [ForkJoinPool-1-worker-1] INFO  server.RaftServerConfigKeys (ConfUtils.java:logGet(62)) - raft.server.storage.dir = [/home/runner/work/ozone/ozone/hadoop-ozone/integration-test/target/test-dir/MiniOzoneClusterImpl-990002c2-bb69-4aa2-bd68-28a5e13e86ef/scm/ratis] (custom)
2025-09-19 20:42:57,738 [ForkJoinPool-1-worker-1] INFO  server.RaftServerConfigKeys (ConfUtils.java:logGet(62)) - raft.server.threadpool.proxy.cached = true (default)
2025-09-19 20:42:57,739 [ForkJoinPool-1-worker-1] INFO  server.RaftServerConfigKeys (ConfUtils.java:logGet(62)) - raft.server.threadpool.proxy.size = 0 (default)
2025-09-19 20:42:57,746 [ForkJoinPool-1-worker-1] INFO  server.RaftServer (RaftServerProxy.java:addNew(105)) - 7c85452d-535d-4afd-8ce9-637c7af67bb0: addNew group-28A5E13E86EF:[7c85452d-535d-4afd-8ce9-637c7af67bb0|localhost:15004] returns group-28A5E13E86EF:java.util.concurrent.CompletableFuture@7f4409b3[Not completed]
2025-09-19 20:42:57,764 [7c85452d-535d-4afd-8ce9-637c7af67bb0-groupManagement] INFO  server.RaftServer$Division (RaftServerImpl.java:<init>(268)) - 7c85452d-535d-4afd-8ce9-637c7af67bb0: new RaftServerImpl for group-28A5E13E86EF:[7c85452d-535d-4afd-8ce9-637c7af67bb0|localhost:15004] with SCMStateMachine:uninitialized
2025-09-19 20:42:57,766 [7c85452d-535d-4afd-8ce9-637c7af67bb0-groupManagement] INFO  server.RaftServerConfigKeys (ConfUtils.java:logGet(62)) - raft.server.rpc.timeout.min = 5000ms (custom)
2025-09-19 20:42:57,766 [7c85452d-535d-4afd-8ce9-637c7af67bb0-groupManagement] INFO  server.RaftServerConfigKeys (ConfUtils.java:logGet(62)) - raft.server.rpc.timeout.max = 5200ms (custom)
2025-09-19 20:42:57,766 [7c85452d-535d-4afd-8ce9-637c7af67bb0-groupManagement] INFO  server.RaftServerConfigKeys (ConfUtils.java:logGet(62)) - raft.server.rpc.sleep.time = 25ms (default)
2025-09-19 20:42:57,766 [7c85452d-535d-4afd-8ce9-637c7af67bb0-groupManagement] INFO  server.RaftServerConfigKeys (ConfUtils.java:logGet(62)) - raft.server.rpc.slowness.timeout = 120000ms (custom)
2025-09-19 20:42:57,767 [7c85452d-535d-4afd-8ce9-637c7af67bb0-groupManagement] INFO  server.RaftServerConfigKeys (ConfUtils.java:logGet(62)) - raft.server.leaderelection.member.majority-add = false (default)
2025-09-19 20:42:57,771 [7c85452d-535d-4afd-8ce9-637c7af67bb0-groupManagement] INFO  server.RaftServer$Division (ServerState.java:<init>(114)) - 7c85452d-535d-4afd-8ce9-637c7af67bb0@group-28A5E13E86EF: ConfigurationManager, init=conf: {index: -1, cur=peers:[7c85452d-535d-4afd-8ce9-637c7af67bb0|localhost:15004]|listeners:[], old=null}, confs=<EMPTY_MAP>
2025-09-19 20:42:57,776 [7c85452d-535d-4afd-8ce9-637c7af67bb0-groupManagement] INFO  server.RaftServerConfigKeys (ConfUtils.java:logGet(62)) - raft.server.notification.no-leader.timeout = 60s (default)
2025-09-19 20:42:57,778 [7c85452d-535d-4afd-8ce9-637c7af67bb0-groupManagement] INFO  server.RaftServerConfigKeys (ConfUtils.java:logGet(62)) - raft.server.read.timeout = 10s (default)
2025-09-19 20:42:57,781 [7c85452d-535d-4afd-8ce9-637c7af67bb0-groupManagement] INFO  server.RaftServerConfigKeys (ConfUtils.java:logGet(62)) - raft.server.retrycache.expirytime = 60000ms (default)
2025-09-19 20:42:57,782 [7c85452d-535d-4afd-8ce9-637c7af67bb0-groupManagement] INFO  server.RaftServerConfigKeys (ConfUtils.java:logGet(62)) - raft.server.retrycache.statistics.expirytime = 100ms (default)
2025-09-19 20:42:57,798 [7c85452d-535d-4afd-8ce9-637c7af67bb0-groupManagement] INFO  server.RaftServerConfigKeys (ConfUtils.java:logGet(62)) - raft.server.read.option = DEFAULT (default)
2025-09-19 20:42:57,799 [7c85452d-535d-4afd-8ce9-637c7af67bb0-groupManagement] INFO  server.RaftServerConfigKeys (ConfUtils.java:logGet(62)) - raft.server.read.read-after-write-consistent.write-index-cache.expiry-time = 60s (default)
2025-09-19 20:42:57,933 [7c85452d-535d-4afd-8ce9-637c7af67bb0-groupManagement] INFO  server.RaftServerConfigKeys (ConfUtils.java:logGet(62)) - raft.server.log.appender.install.snapshot.enabled = false (custom)
2025-09-19 20:42:57,933 [7c85452d-535d-4afd-8ce9-637c7af67bb0-groupManagement] INFO  server.RaftServerConfigKeys (ConfUtils.java:logGet(62)) - raft.server.threadpool.server.cached = true (default)
2025-09-19 20:42:57,934 [7c85452d-535d-4afd-8ce9-637c7af67bb0-groupManagement] INFO  server.RaftServerConfigKeys (ConfUtils.java:logGet(62)) - raft.server.threadpool.server.size = 0 (default)
2025-09-19 20:42:57,934 [7c85452d-535d-4afd-8ce9-637c7af67bb0-groupManagement] INFO  server.RaftServerConfigKeys (ConfUtils.java:logGet(62)) - raft.server.threadpool.client.cached = true (default)
2025-09-19 20:42:57,935 [7c85452d-535d-4afd-8ce9-637c7af67bb0-groupManagement] INFO  server.RaftServerConfigKeys (ConfUtils.java:logGet(62)) - raft.server.threadpool.client.size = 0 (default)
2025-09-19 20:42:57,936 [7c85452d-535d-4afd-8ce9-637c7af67bb0-impl-thread1] INFO  server.RaftServerConfigKeys (ConfUtils.java:logGet(62)) - raft.server.storage.free-space.min = 0MB (=0) (default)
2025-09-19 20:42:57,937 [7c85452d-535d-4afd-8ce9-637c7af67bb0-impl-thread1] INFO  server.RaftServerConfigKeys (ConfUtils.java:logGet(62)) - raft.server.log.corruption.policy = EXCEPTION (default)
2025-09-19 20:42:57,942 [7c85452d-535d-4afd-8ce9-637c7af67bb0-impl-thread1] INFO  storage.RaftStorageDirectory (RaftStorageDirectoryImpl.java:analyzeStorage(138)) - The storage directory /home/runner/work/ozone/ozone/hadoop-ozone/integration-test/target/test-dir/MiniOzoneClusterImpl-990002c2-bb69-4aa2-bd68-28a5e13e86ef/scm/ratis/990002c2-bb69-4aa2-bd68-28a5e13e86ef does not exist. Creating ...
2025-09-19 20:42:57,944 [7c85452d-535d-4afd-8ce9-637c7af67bb0-impl-thread1] INFO  storage.RaftStorageDirectory (RaftStorageDirectoryImpl.java:tryLock(229)) - Lock on /home/runner/work/ozone/ozone/hadoop-ozone/integration-test/target/test-dir/MiniOzoneClusterImpl-990002c2-bb69-4aa2-bd68-28a5e13e86ef/scm/ratis/990002c2-bb69-4aa2-bd68-28a5e13e86ef/in_use.lock acquired by nodename 22744@localhost
2025-09-19 20:42:57,948 [7c85452d-535d-4afd-8ce9-637c7af67bb0-impl-thread1] INFO  storage.RaftStorage (RaftStorageImpl.java:format(98)) - Storage directory /home/runner/work/ozone/ozone/hadoop-ozone/integration-test/target/test-dir/MiniOzoneClusterImpl-990002c2-bb69-4aa2-bd68-28a5e13e86ef/scm/ratis/990002c2-bb69-4aa2-bd68-28a5e13e86ef has been successfully formatted.
2025-09-19 20:42:57,949 [7c85452d-535d-4afd-8ce9-637c7af67bb0-impl-thread1] INFO  ha.SCMStateMachine (SCMStateMachine.java:lambda$initialize$0(135)) - 7c85452d-535d-4afd-8ce9-637c7af67bb0: initialize group-28A5E13E86EF
2025-09-19 20:42:57,951 [7c85452d-535d-4afd-8ce9-637c7af67bb0-impl-thread1] INFO  server.RaftServerConfigKeys (ConfUtils.java:logGet(62)) - raft.server.log.use.memory = false (default)
2025-09-19 20:42:57,957 [7c85452d-535d-4afd-8ce9-637c7af67bb0-impl-thread1] INFO  server.RaftServerConfigKeys (ConfUtils.java:logGet(62)) - raft.server.log.purge.gap = 1000000 (custom)
2025-09-19 20:42:57,958 [7c85452d-535d-4afd-8ce9-637c7af67bb0-impl-thread1] INFO  server.RaftServerConfigKeys (ConfUtils.java:logGet(62)) - raft.server.log.appender.buffer.byte-limit = 4194304 (custom)
2025-09-19 20:42:57,960 [7c85452d-535d-4afd-8ce9-637c7af67bb0-impl-thread1] INFO  server.RaftServerConfigKeys (ConfUtils.java:logGet(62)) - raft.server.log.statemachine.data.read.timeout = 1000ms (default)
2025-09-19 20:42:57,960 [7c85452d-535d-4afd-8ce9-637c7af67bb0-impl-thread1] INFO  server.RaftServerConfigKeys (ConfUtils.java:logGet(62)) - raft.server.log.purge.preservation.log.num = 0 (default)
2025-09-19 20:42:57,964 [7c85452d-535d-4afd-8ce9-637c7af67bb0-impl-thread1] INFO  server.RaftServerConfigKeys (ConfUtils.java:logGet(62)) - raft.server.log.segment.size.max = 67108864 (custom)
2025-09-19 20:42:57,968 [7c85452d-535d-4afd-8ce9-637c7af67bb0-impl-thread1] INFO  server.RaftServerConfigKeys (ConfUtils.java:logGet(62)) - raft.server.log.segment.cache.num.max = 2 (custom)
2025-09-19 20:42:57,969 [7c85452d-535d-4afd-8ce9-637c7af67bb0-impl-thread1] INFO  server.RaftServerConfigKeys (ConfUtils.java:logGet(62)) - raft.server.log.segment.cache.size.max = 200MB (=209715200) (default)
2025-09-19 20:42:57,969 [7c85452d-535d-4afd-8ce9-637c7af67bb0-impl-thread1] INFO  server.RaftServerConfigKeys (ConfUtils.java:logGet(62)) - raft.server.log.appender.buffer.byte-limit = 4194304 (custom)
2025-09-19 20:42:57,971 [7c85452d-535d-4afd-8ce9-637c7af67bb0-impl-thread1] INFO  util.AwaitToRun (AwaitToRun.java:start(81)) - Thread[#40,7c85452d-535d-4afd-8ce9-637c7af67bb0@group-28A5E13E86EF-cacheEviction-AwaitToRun,5,main] started
2025-09-19 20:42:57,976 [7c85452d-535d-4afd-8ce9-637c7af67bb0-impl-thread1] INFO  segmented.SegmentedRaftLogWorker (SegmentedRaftLogWorker.java:<init>(190)) - new 7c85452d-535d-4afd-8ce9-637c7af67bb0@group-28A5E13E86EF-SegmentedRaftLogWorker for RaftStorageImpl:Storage Directory /home/runner/work/ozone/ozone/hadoop-ozone/integration-test/target/test-dir/MiniOzoneClusterImpl-990002c2-bb69-4aa2-bd68-28a5e13e86ef/scm/ratis/990002c2-bb69-4aa2-bd68-28a5e13e86ef
2025-09-19 20:42:57,976 [7c85452d-535d-4afd-8ce9-637c7af67bb0-impl-thread1] INFO  server.RaftServerConfigKeys (ConfUtils.java:logGet(62)) - raft.server.log.queue.byte-limit = 64MB (=67108864) (default)
2025-09-19 20:42:57,977 [7c85452d-535d-4afd-8ce9-637c7af67bb0-impl-thread1] INFO  server.RaftServerConfigKeys (ConfUtils.java:logGet(62)) - raft.server.log.queue.element-limit = 4096 (default)
2025-09-19 20:42:57,978 [7c85452d-535d-4afd-8ce9-637c7af67bb0-impl-thread1] INFO  server.RaftServerConfigKeys (ConfUtils.java:logGet(62)) - raft.server.log.segment.size.max = 67108864 (custom)
2025-09-19 20:42:57,979 [7c85452d-535d-4afd-8ce9-637c7af67bb0-impl-thread1] INFO  server.RaftServerConfigKeys (ConfUtils.java:logGet(62)) - raft.server.log.preallocated.size = 4194304 (custom)
2025-09-19 20:42:57,979 [7c85452d-535d-4afd-8ce9-637c7af67bb0-impl-thread1] INFO  server.RaftServerConfigKeys (ConfUtils.java:logGet(62)) - raft.server.log.force.sync.num = 128 (default)
2025-09-19 20:42:57,980 [7c85452d-535d-4afd-8ce9-637c7af67bb0-impl-thread1] INFO  server.RaftServerConfigKeys (ConfUtils.java:logGet(62)) - raft.server.log.statemachine.data.sync = true (default)
2025-09-19 20:42:57,980 [7c85452d-535d-4afd-8ce9-637c7af67bb0-impl-thread1] INFO  server.RaftServerConfigKeys (ConfUtils.java:logGet(62)) - raft.server.log.statemachine.data.sync.timeout = 10s (default)
2025-09-19 20:42:57,981 [7c85452d-535d-4afd-8ce9-637c7af67bb0-impl-thread1] INFO  server.RaftServerConfigKeys (ConfUtils.java:logGet(62)) - raft.server.log.statemachine.data.sync.timeout.retry = -1 (default)
2025-09-19 20:42:57,982 [7c85452d-535d-4afd-8ce9-637c7af67bb0-impl-thread1] INFO  server.RaftServerConfigKeys (ConfUtils.java:logGet(62)) - raft.server.log.write.buffer.size = 4194312 (custom)
2025-09-19 20:42:57,984 [7c85452d-535d-4afd-8ce9-637c7af67bb0-impl-thread1] INFO  server.RaftServerConfigKeys (ConfUtils.java:logGet(62)) - raft.server.log.appender.buffer.byte-limit = 4194304 (custom)
2025-09-19 20:42:57,984 [7c85452d-535d-4afd-8ce9-637c7af67bb0-impl-thread1] INFO  server.RaftServerConfigKeys (ConfUtils.java:logGet(62)) - raft.server.log.unsafe-flush.enabled = false (default)
2025-09-19 20:42:57,984 [7c85452d-535d-4afd-8ce9-637c7af67bb0-impl-thread1] INFO  server.RaftServerConfigKeys (ConfUtils.java:logGet(62)) - raft.server.log.async-flush.enabled = false (default)
2025-09-19 20:42:57,985 [7c85452d-535d-4afd-8ce9-637c7af67bb0-impl-thread1] INFO  server.RaftServerConfigKeys (ConfUtils.java:logGet(62)) - raft.server.log.statemachine.data.caching.enabled = false (default)
2025-09-19 20:42:57,989 [7c85452d-535d-4afd-8ce9-637c7af67bb0-impl-thread1] INFO  segmented.SegmentedRaftLogWorker (SegmentedRaftLogWorker.java:lambda$new$0(141)) - 7c85452d-535d-4afd-8ce9-637c7af67bb0@group-28A5E13E86EF-SegmentedRaftLogWorker: flushIndex: setUnconditionally 0 -> -1
2025-09-19 20:42:57,990 [7c85452d-535d-4afd-8ce9-637c7af67bb0-impl-thread1] INFO  segmented.SegmentedRaftLogWorker (SegmentedRaftLogWorker.java:lambda$new$0(141)) - 7c85452d-535d-4afd-8ce9-637c7af67bb0@group-28A5E13E86EF-SegmentedRaftLogWorker: safeCacheEvictIndex: setUnconditionally 0 -> -1
2025-09-19 20:42:57,991 [7c85452d-535d-4afd-8ce9-637c7af67bb0-impl-thread1] INFO  server.RaftServer$Division (RaftServerImpl.java:start(405)) - 7c85452d-535d-4afd-8ce9-637c7af67bb0@group-28A5E13E86EF: start as a follower, conf=conf: {index: -1, cur=peers:[7c85452d-535d-4afd-8ce9-637c7af67bb0|localhost:15004]|listeners:[], old=null}
2025-09-19 20:42:57,992 [7c85452d-535d-4afd-8ce9-637c7af67bb0-impl-thread1] INFO  server.RaftServer$Division (RaftServerImpl.java:setRole(392)) - 7c85452d-535d-4afd-8ce9-637c7af67bb0@group-28A5E13E86EF: changes role from      null to FOLLOWER at term 0 for startAsFollower
2025-09-19 20:42:57,993 [7c85452d-535d-4afd-8ce9-637c7af67bb0-impl-thread1] INFO  impl.RoleInfo (RoleInfo.java:updateAndGet(148)) - 7c85452d-535d-4afd-8ce9-637c7af67bb0: start 7c85452d-535d-4afd-8ce9-637c7af67bb0@group-28A5E13E86EF-FollowerState
2025-09-19 20:42:57,994 [7c85452d-535d-4afd-8ce9-637c7af67bb0@group-28A5E13E86EF-FollowerState] INFO  server.RaftServerConfigKeys (ConfUtils.java:logGet(62)) - raft.server.rpc.first-election.timeout.min = 1000ms (custom)
2025-09-19 20:42:57,994 [7c85452d-535d-4afd-8ce9-637c7af67bb0@group-28A5E13E86EF-FollowerState] INFO  server.RaftServerConfigKeys (ConfUtils.java:logGet(62)) - raft.server.rpc.first-election.timeout.max = 1200ms (custom)
2025-09-19 20:42:57,995 [7c85452d-535d-4afd-8ce9-637c7af67bb0-impl-thread1] INFO  util.JmxRegister (JmxRegister.java:tryRegister(44)) - Successfully registered JMX Bean with object name Ratis:service=RaftServer,group=group-28A5E13E86EF,id=7c85452d-535d-4afd-8ce9-637c7af67bb0
2025-09-19 20:42:57,995 [7c85452d-535d-4afd-8ce9-637c7af67bb0-impl-thread1] INFO  util.JmxRegister (JmxRegister.java:register(58)) - register mxBean class org.apache.ratis.server.impl.RaftServerJmxAdapter as Ratis:service=RaftServer,group=group-28A5E13E86EF,id=7c85452d-535d-4afd-8ce9-637c7af67bb0
2025-09-19 20:42:57,997 [7c85452d-535d-4afd-8ce9-637c7af67bb0-impl-thread1] INFO  server.RaftServerConfigKeys (ConfUtils.java:logGet(62)) - raft.server.snapshot.trigger-when-stop.enabled = true (default)
2025-09-19 20:42:57,997 [7c85452d-535d-4afd-8ce9-637c7af67bb0-impl-thread1] INFO  server.RaftServerConfigKeys (ConfUtils.java:logGet(62)) - raft.server.snapshot.trigger-when-remove.enabled = true (default)
2025-09-19 20:42:57,998 [7c85452d-535d-4afd-8ce9-637c7af67bb0-impl-thread1] INFO  server.RaftServerConfigKeys (ConfUtils.java:logGet(62)) - raft.server.snapshot.auto.trigger.enabled = true (custom)
2025-09-19 20:42:57,998 [7c85452d-535d-4afd-8ce9-637c7af67bb0-impl-thread1] INFO  server.RaftServerConfigKeys (ConfUtils.java:logGet(62)) - raft.server.snapshot.auto.trigger.threshold = 1000 (custom)
2025-09-19 20:42:57,999 [7c85452d-535d-4afd-8ce9-637c7af67bb0-impl-thread1] INFO  server.RaftServerConfigKeys (ConfUtils.java:logGet(62)) - raft.server.snapshot.retention.file.num = -1 (default)
2025-09-19 20:42:57,999 [7c85452d-535d-4afd-8ce9-637c7af67bb0-impl-thread1] INFO  server.RaftServerConfigKeys (ConfUtils.java:logGet(62)) - raft.server.log.purge.upto.snapshot.index = false (default)
2025-09-19 20:42:58,003 [7c85452d-535d-4afd-8ce9-637c7af67bb0-impl-thread1] INFO  server.RaftServer$Division (RaftServerImpl.java:start(419)) - 7c85452d-535d-4afd-8ce9-637c7af67bb0@group-28A5E13E86EF: Successfully started.
2025-09-19 20:42:58,003 [ForkJoinPool-1-worker-1] INFO  server.RaftServer (RaftServerProxy.java:startImpl(412)) - 7c85452d-535d-4afd-8ce9-637c7af67bb0: start RPC server
2025-09-19 20:42:58,036 [ForkJoinPool-1-worker-1] INFO  server.GrpcServicesImpl (GrpcServicesImpl.java:startImpl(346)) - 7c85452d-535d-4afd-8ce9-637c7af67bb0: GrpcServicesImpl started, listening on 15004
2025-09-19 20:42:58,037 [JvmPauseMonitor0] INFO  util.JvmPauseMonitor (JvmPauseMonitor.java:run(146)) - JvmPauseMonitor-7c85452d-535d-4afd-8ce9-637c7af67bb0: Started
2025-09-19 20:42:59,042 [7c85452d-535d-4afd-8ce9-637c7af67bb0@group-28A5E13E86EF-FollowerState] INFO  impl.FollowerState (FollowerState.java:runImpl(161)) - 7c85452d-535d-4afd-8ce9-637c7af67bb0@group-28A5E13E86EF-FollowerState: change to CANDIDATE, lastRpcElapsedTime:1048598598ns, electionTimeout:1046ms
2025-09-19 20:42:59,042 [7c85452d-535d-4afd-8ce9-637c7af67bb0@group-28A5E13E86EF-FollowerState] INFO  impl.RoleInfo (RoleInfo.java:shutdownFollowerState(121)) - 7c85452d-535d-4afd-8ce9-637c7af67bb0: shutdown 7c85452d-535d-4afd-8ce9-637c7af67bb0@group-28A5E13E86EF-FollowerState
2025-09-19 20:42:59,042 [7c85452d-535d-4afd-8ce9-637c7af67bb0@group-28A5E13E86EF-FollowerState] INFO  server.RaftServer$Division (RaftServerImpl.java:setRole(392)) - 7c85452d-535d-4afd-8ce9-637c7af67bb0@group-28A5E13E86EF: changes role from  FOLLOWER to CANDIDATE at term 0 for changeToCandidate
2025-09-19 20:42:59,045 [7c85452d-535d-4afd-8ce9-637c7af67bb0@group-28A5E13E86EF-FollowerState] INFO  server.RaftServerConfigKeys (ConfUtils.java:logGet(62)) - raft.server.leaderelection.pre-vote = true (default)
2025-09-19 20:42:59,046 [7c85452d-535d-4afd-8ce9-637c7af67bb0@group-28A5E13E86EF-FollowerState] INFO  impl.RoleInfo (RoleInfo.java:updateAndGet(148)) - 7c85452d-535d-4afd-8ce9-637c7af67bb0: start 7c85452d-535d-4afd-8ce9-637c7af67bb0@group-28A5E13E86EF-LeaderElection1
2025-09-19 20:42:59,048 [7c85452d-535d-4afd-8ce9-637c7af67bb0@group-28A5E13E86EF-LeaderElection1] INFO  impl.LeaderElection (LeaderElection.java:askForVotes(448)) - 7c85452d-535d-4afd-8ce9-637c7af67bb0@group-28A5E13E86EF-LeaderElection1 PRE_VOTE round 0: submit vote requests at term 0 for conf: {index: -1, cur=peers:[7c85452d-535d-4afd-8ce9-637c7af67bb0|localhost:15004]|listeners:[], old=null}
2025-09-19 20:42:59,049 [7c85452d-535d-4afd-8ce9-637c7af67bb0@group-28A5E13E86EF-LeaderElection1] INFO  impl.LeaderElection (LeaderElection.java:askForVotes(450)) - 7c85452d-535d-4afd-8ce9-637c7af67bb0@group-28A5E13E86EF-LeaderElection1 PRE_VOTE round 0: result PASSED (term=0)
2025-09-19 20:42:59,051 [7c85452d-535d-4afd-8ce9-637c7af67bb0@group-28A5E13E86EF-LeaderElection1] INFO  impl.LeaderElection (LeaderElection.java:askForVotes(448)) - 7c85452d-535d-4afd-8ce9-637c7af67bb0@group-28A5E13E86EF-LeaderElection1 ELECTION round 0: submit vote requests at term 1 for conf: {index: -1, cur=peers:[7c85452d-535d-4afd-8ce9-637c7af67bb0|localhost:15004]|listeners:[], old=null}
2025-09-19 20:42:59,052 [7c85452d-535d-4afd-8ce9-637c7af67bb0@group-28A5E13E86EF-LeaderElection1] INFO  impl.LeaderElection (LeaderElection.java:askForVotes(450)) - 7c85452d-535d-4afd-8ce9-637c7af67bb0@group-28A5E13E86EF-LeaderElection1 ELECTION round 0: result PASSED (term=1)
2025-09-19 20:42:59,052 [7c85452d-535d-4afd-8ce9-637c7af67bb0@group-28A5E13E86EF-LeaderElection1] INFO  impl.RoleInfo (RoleInfo.java:shutdownLeaderElection(141)) - 7c85452d-535d-4afd-8ce9-637c7af67bb0: shutdown 7c85452d-535d-4afd-8ce9-637c7af67bb0@group-28A5E13E86EF-LeaderElection1
2025-09-19 20:42:59,052 [7c85452d-535d-4afd-8ce9-637c7af67bb0@group-28A5E13E86EF-LeaderElection1] INFO  server.RaftServer$Division (RaftServerImpl.java:setRole(392)) - 7c85452d-535d-4afd-8ce9-637c7af67bb0@group-28A5E13E86EF: changes role from CANDIDATE to LEADER at term 1 for changeToLeader
2025-09-19 20:42:59,056 [7c85452d-535d-4afd-8ce9-637c7af67bb0@group-28A5E13E86EF-LeaderElection1] INFO  server.RaftServerConfigKeys (ConfUtils.java:logGet(62)) - raft.server.staging.catchup.gap = 1000 (default)
2025-09-19 20:42:59,056 [7c85452d-535d-4afd-8ce9-637c7af67bb0@group-28A5E13E86EF-LeaderElection1] INFO  server.RaftServerConfigKeys (ConfUtils.java:logFallback(69)) - raft.server.staging.timeout = 15600ms (fallback to raft.server.rpc.timeout.max)
2025-09-19 20:42:59,058 [7c85452d-535d-4afd-8ce9-637c7af67bb0@group-28A5E13E86EF-LeaderElection1] INFO  server.RaftServerConfigKeys (ConfUtils.java:logGet(62)) - raft.server.write.element-limit = 4096 (default)
2025-09-19 20:42:59,058 [7c85452d-535d-4afd-8ce9-637c7af67bb0@group-28A5E13E86EF-LeaderElection1] INFO  server.RaftServerConfigKeys (ConfUtils.java:logGet(62)) - raft.server.write.byte-limit = 64MB (=67108864) (default)
2025-09-19 20:42:59,061 [7c85452d-535d-4afd-8ce9-637c7af67bb0@group-28A5E13E86EF-LeaderElection1] INFO  server.RaftServerConfigKeys (ConfUtils.java:logGet(62)) - raft.server.watch.timeout = 10s (default)
2025-09-19 20:42:59,061 [7c85452d-535d-4afd-8ce9-637c7af67bb0@group-28A5E13E86EF-LeaderElection1] INFO  server.RaftServerConfigKeys (ConfUtils.java:logGet(62)) - raft.server.watch.timeout.denomination = 1s (default)
2025-09-19 20:42:59,062 [7c85452d-535d-4afd-8ce9-637c7af67bb0@group-28A5E13E86EF-LeaderElection1] INFO  server.RaftServerConfigKeys (ConfUtils.java:logGet(62)) - raft.server.watch.element-limit = 65536 (default)
2025-09-19 20:42:59,067 [7c85452d-535d-4afd-8ce9-637c7af67bb0@group-28A5E13E86EF-LeaderElection1] INFO  server.RaftServerConfigKeys (ConfUtils.java:logGet(62)) - raft.server.read.leader.lease.enabled = false (default)
2025-09-19 20:42:59,069 [7c85452d-535d-4afd-8ce9-637c7af67bb0@group-28A5E13E86EF-LeaderElection1] INFO  server.RaftServerConfigKeys (ConfUtils.java:logGet(62)) - raft.server.read.leader.lease.timeout.ratio = 0.9 (default)
2025-09-19 20:42:59,069 [7c85452d-535d-4afd-8ce9-637c7af67bb0@group-28A5E13E86EF-LeaderElection1] INFO  server.RaftServerConfigKeys (ConfUtils.java:logGet(62)) - raft.server.log.log-metadata.enabled = false (custom)
2025-09-19 20:42:59,069 [7c85452d-535d-4afd-8ce9-637c7af67bb0@group-28A5E13E86EF-LeaderElection1] INFO  server.RaftServerConfigKeys (ConfUtils.java:logGet(62)) - raft.server.write.follower.gap.ratio.max = -1.0 (default)
2025-09-19 20:42:59,071 [7c85452d-535d-4afd-8ce9-637c7af67bb0@group-28A5E13E86EF-LeaderElection1] INFO  impl.RoleInfo (RoleInfo.java:updateAndGet(148)) - 7c85452d-535d-4afd-8ce9-637c7af67bb0: start 7c85452d-535d-4afd-8ce9-637c7af67bb0@group-28A5E13E86EF-LeaderStateImpl
2025-09-19 20:42:59,071 [7c85452d-535d-4afd-8ce9-637c7af67bb0@group-28A5E13E86EF-LeaderElection1] INFO  server.RaftServer$Division (RaftServerImpl.java:setFirstElection(576)) - 7c85452d-535d-4afd-8ce9-637c7af67bb0@group-28A5E13E86EF: set firstElectionSinceStartup to false for becomeLeader
2025-09-19 20:42:59,071 [7c85452d-535d-4afd-8ce9-637c7af67bb0@group-28A5E13E86EF-LeaderElection1] INFO  server.RaftServer$Division (ServerState.java:setLeader(272)) - 7c85452d-535d-4afd-8ce9-637c7af67bb0@group-28A5E13E86EF: change Leader from null to 7c85452d-535d-4afd-8ce9-637c7af67bb0 at term 1 for becomeLeader, leader elected after 1295ms
2025-09-19 20:42:59,084 [7c85452d-535d-4afd-8ce9-637c7af67bb0@group-28A5E13E86EF-LeaderElection1] INFO  segmented.SegmentedRaftLogWorker (SegmentedRaftLogWorker.java:startLogSegment(440)) - 7c85452d-535d-4afd-8ce9-637c7af67bb0@group-28A5E13E86EF-SegmentedRaftLogWorker: Starting segment from index:0
2025-09-19 20:42:59,097 [7c85452d-535d-4afd-8ce9-637c7af67bb0@group-28A5E13E86EF-SegmentedRaftLogWorker] INFO  segmented.BufferedWriteChannel (BufferedWriteChannel.java:open(61)) - open log_inprogress_0 at position 0
2025-09-19 20:42:59,099 [7c85452d-535d-4afd-8ce9-637c7af67bb0@group-28A5E13E86EF-LeaderElection1] INFO  server.RaftServer$Division (ServerState.java:setRaftConf(386)) - 7c85452d-535d-4afd-8ce9-637c7af67bb0@group-28A5E13E86EF: set configuration conf: {index: 0, cur=peers:[7c85452d-535d-4afd-8ce9-637c7af67bb0|localhost:15004]|listeners:[], old=null}
2025-09-19 20:42:59,103 [7c85452d-535d-4afd-8ce9-637c7af67bb0@group-28A5E13E86EF-SegmentedRaftLogWorker] INFO  segmented.SegmentedRaftLogWorker (SegmentedRaftLogWorker.java:execute(647)) - 7c85452d-535d-4afd-8ce9-637c7af67bb0@group-28A5E13E86EF-SegmentedRaftLogWorker: created new log segment /home/runner/work/ozone/ozone/hadoop-ozone/integration-test/target/test-dir/MiniOzoneClusterImpl-990002c2-bb69-4aa2-bd68-28a5e13e86ef/scm/ratis/990002c2-bb69-4aa2-bd68-28a5e13e86ef/current/log_inprogress_0
2025-09-19 20:42:59,111 [7c85452d-535d-4afd-8ce9-637c7af67bb0@group-28A5E13E86EF-StateMachineUpdater] INFO  server.RaftServer$Division (LeaderStateImpl.java:checkStartIndex(309)) - Leader 7c85452d-535d-4afd-8ce9-637c7af67bb0@group-28A5E13E86EF-LeaderStateImpl is ready since appliedIndex == startIndex == 0
2025-09-19 20:43:00,038 [ForkJoinPool-1-worker-1] INFO  server.RaftServer (RaftServerProxy.java:lambda$close$9(422)) - 7c85452d-535d-4afd-8ce9-637c7af67bb0: close
2025-09-19 20:43:00,039 [7c85452d-535d-4afd-8ce9-637c7af67bb0-impl-thread1] INFO  server.RaftServer$Division (RaftServerImpl.java:lambda$close$1(527)) - 7c85452d-535d-4afd-8ce9-637c7af67bb0@group-28A5E13E86EF: shutdown
2025-09-19 20:43:00,039 [ForkJoinPool-1-worker-1] INFO  server.GrpcServicesImpl (GrpcServicesImpl.java:closeImpl(355)) - 7c85452d-535d-4afd-8ce9-637c7af67bb0: shutdown server GrpcServerProtocolService now
2025-09-19 20:43:00,040 [7c85452d-535d-4afd-8ce9-637c7af67bb0-impl-thread1] INFO  util.JmxRegister (JmxRegister.java:unregister(74)) - Successfully un-registered JMX Bean with object name Ratis:service=RaftServer,group=group-28A5E13E86EF,id=7c85452d-535d-4afd-8ce9-637c7af67bb0
2025-09-19 20:43:00,040 [7c85452d-535d-4afd-8ce9-637c7af67bb0-impl-thread1] INFO  impl.RoleInfo (RoleInfo.java:shutdownLeaderState(103)) - 7c85452d-535d-4afd-8ce9-637c7af67bb0: shutdown 7c85452d-535d-4afd-8ce9-637c7af67bb0@group-28A5E13E86EF-LeaderStateImpl
2025-09-19 20:43:00,043 [7c85452d-535d-4afd-8ce9-637c7af67bb0-impl-thread1] INFO  impl.PendingRequests (PendingRequests.java:sendNotLeaderResponses(287)) - 7c85452d-535d-4afd-8ce9-637c7af67bb0@group-28A5E13E86EF-PendingRequests: sendNotLeaderResponses
2025-09-19 20:43:00,046 [7c85452d-535d-4afd-8ce9-637c7af67bb0-impl-thread1] INFO  impl.StateMachineUpdater (StateMachineUpdater.java:stopAndJoin(163)) - 7c85452d-535d-4afd-8ce9-637c7af67bb0@group-28A5E13E86EF-StateMachineUpdater: set stopIndex = 0
2025-09-19 20:43:00,047 [7c85452d-535d-4afd-8ce9-637c7af67bb0@group-28A5E13E86EF-StateMachineUpdater] INFO  impl.StateMachineUpdater (StateMachineUpdater.java:takeSnapshot(307)) - 7c85452d-535d-4afd-8ce9-637c7af67bb0@group-28A5E13E86EF-StateMachineUpdater: Took a snapshot at index 0
2025-09-19 20:43:00,047 [7c85452d-535d-4afd-8ce9-637c7af67bb0@group-28A5E13E86EF-StateMachineUpdater] INFO  impl.StateMachineUpdater (StateMachineUpdater.java:lambda$new$0(101)) - 7c85452d-535d-4afd-8ce9-637c7af67bb0@group-28A5E13E86EF-StateMachineUpdater: snapshotIndex: updateIncreasingly -1 -> 0
2025-09-19 20:43:00,048 [ForkJoinPool-1-worker-1] INFO  server.GrpcServicesImpl (GrpcServicesImpl.java:closeImpl(364)) - 7c85452d-535d-4afd-8ce9-637c7af67bb0: shutdown server GrpcServerProtocolService successfully
2025-09-19 20:43:00,049 [7c85452d-535d-4afd-8ce9-637c7af67bb0@group-28A5E13E86EF-StateMachineUpdater] INFO  impl.StateMachineUpdater (StateMachineUpdater.java:stop(140)) - 7c85452d-535d-4afd-8ce9-637c7af67bb0@group-28A5E13E86EF-StateMachineUpdater: closing SCMStateMachine, lastApplied=(t:1, i:0)
2025-09-19 20:43:00,050 [7c85452d-535d-4afd-8ce9-637c7af67bb0@group-28A5E13E86EF-cacheEviction-AwaitToRun] INFO  util.AwaitToRun (AwaitToRun.java:run(49)) - 7c85452d-535d-4afd-8ce9-637c7af67bb0@group-28A5E13E86EF-cacheEviction-AwaitToRun-AwaitForSignal is interrupted
2025-09-19 20:43:00,108 [7c85452d-535d-4afd-8ce9-637c7af67bb0-impl-thread1] INFO  segmented.SegmentedRaftLogWorker (SegmentedRaftLogWorker.java:close(254)) - 7c85452d-535d-4afd-8ce9-637c7af67bb0@group-28A5E13E86EF-SegmentedRaftLogWorker close()
2025-09-19 20:43:00,113 [JvmPauseMonitor0] INFO  util.JvmPauseMonitor (JvmPauseMonitor.java:run(152)) - JvmPauseMonitor-7c85452d-535d-4afd-8ce9-637c7af67bb0: Stopped
2025-09-19 20:43:00,152 [ForkJoinPool-1-worker-1] INFO  ha.SCMHANodeDetails (SCMHANodeDetails.java:loadSCMHAConfig(162)) - ServiceID for StorageContainerManager is null
2025-09-19 20:43:00,152 [ForkJoinPool-1-worker-1] INFO  ha.SCMHANodeDetails (SCMHANodeDetails.java:loadSCMHAConfig(166)) - ozone.scm.default.service.id is not defined, falling back to ozone.scm.service.ids to find serviceID for StorageContainerManager if it is HA enabled cluster
2025-09-19 20:43:00,763 [ForkJoinPool-1-worker-1] INFO  net.NodeSchemaLoader (NodeSchemaLoader.java:loadSchemaFromFile(128)) - Loading schema from [jar:file:/home/runner/work/ozone/ozone/hadoop-hdds/common/target/hdds-common-2.1.0-SNAPSHOT.jar!/network-topology-default.xml]
2025-09-19 20:43:00,764 [ForkJoinPool-1-worker-1] INFO  net.NodeSchemaLoader (NodeSchemaLoader.java:loadSchema(175)) - Loading network topology layer schema file
2025-09-19 20:43:00,849 [ForkJoinPool-1-worker-1] INFO  ha.SCMRatisServerImpl (SCMRatisServerImpl.java:<init>(100)) - starting Raft server for scm:7c85452d-535d-4afd-8ce9-637c7af67bb0
2025-09-19 20:43:00,851 [ForkJoinPool-1-worker-1] INFO  server.RaftServerConfigKeys (ConfUtils.java:logGet(62)) - raft.server.log.appender.buffer.byte-limit = 4194304 (custom)
2025-09-19 20:43:00,853 [ForkJoinPool-1-worker-1] INFO  grpc.GrpcConfigKeys (ConfUtils.java:logFallback(69)) - raft.grpc.admin.host = null (fallback to raft.grpc.server.host)
2025-09-19 20:43:00,853 [ForkJoinPool-1-worker-1] INFO  grpc.GrpcConfigKeys (ConfUtils.java:logFallback(69)) - raft.grpc.admin.port = 15004 (fallback to raft.grpc.server.port)
2025-09-19 20:43:00,854 [ForkJoinPool-1-worker-1] INFO  grpc.GrpcConfigKeys (ConfUtils.java:logFallback(69)) - raft.grpc.client.host = null (fallback to raft.grpc.server.host)
2025-09-19 20:43:00,854 [ForkJoinPool-1-worker-1] INFO  grpc.GrpcConfigKeys (ConfUtils.java:logFallback(69)) - raft.grpc.client.port = 15004 (fallback to raft.grpc.server.port)
2025-09-19 20:43:00,854 [ForkJoinPool-1-worker-1] INFO  server.GrpcServicesImpl (ConfUtils.java:logGet(62)) - raft.grpc.message.size.max = 5242880 (custom)
2025-09-19 20:43:00,854 [ForkJoinPool-1-worker-1] INFO  server.RaftServerConfigKeys (ConfUtils.java:logGet(62)) - raft.server.log.appender.buffer.byte-limit = 4194304 (custom)
2025-09-19 20:43:00,856 [7c85452d-535d-4afd-8ce9-637c7af67bb0-impl-thread1] INFO  server.RaftServer (RaftServerProxy.java:initGroupDir(270)) - 7c85452d-535d-4afd-8ce9-637c7af67bb0: found a subdirectory /home/runner/work/ozone/ozone/hadoop-ozone/integration-test/target/test-dir/MiniOzoneClusterImpl-990002c2-bb69-4aa2-bd68-28a5e13e86ef/scm/ratis/990002c2-bb69-4aa2-bd68-28a5e13e86ef
2025-09-19 20:43:00,857 [ForkJoinPool-1-worker-1] INFO  server.RaftServer (RaftServerProxy.java:addNew(105)) - 7c85452d-535d-4afd-8ce9-637c7af67bb0: addNew group-28A5E13E86EF:[] returns group-28A5E13E86EF:java.util.concurrent.CompletableFuture@49e2e58f[Not completed]
2025-09-19 20:43:00,859 [7c85452d-535d-4afd-8ce9-637c7af67bb0-groupManagement] INFO  server.RaftServer$Division (RaftServerImpl.java:<init>(268)) - 7c85452d-535d-4afd-8ce9-637c7af67bb0: new RaftServerImpl for group-28A5E13E86EF:[] with SCMStateMachine:uninitialized
2025-09-19 20:43:00,859 [7c85452d-535d-4afd-8ce9-637c7af67bb0-groupManagement] INFO  server.RaftServer$Division (ServerState.java:<init>(114)) - 7c85452d-535d-4afd-8ce9-637c7af67bb0@group-28A5E13E86EF: ConfigurationManager, init=conf: {index: -1, cur=peers:[]|listeners:[], old=null}, confs=<EMPTY_MAP>
2025-09-19 20:43:00,867 [ForkJoinPool-1-worker-1] INFO  ha.SCMSnapshotProvider (SCMSnapshotProvider.java:<init>(61)) - Initializing SCM Snapshot Provider
2025-09-19 20:43:00,890 [ForkJoinPool-1-worker-1] INFO  upgrade.AbstractLayoutVersionManager (AbstractLayoutVersionManager.java:init(80)) - Initializing Layout version manager with metadata layout = WITNESSED_CONTAINER_DB_PROTO_VALUE (version = 9), software layout = WITNESSED_CONTAINER_DB_PROTO_VALUE (version = 9)
2025-09-19 20:43:00,915 [ForkJoinPool-1-worker-1] INFO  ha.SequenceIdGenerator (SequenceIdGenerator.java:upgradeToSequenceId(353)) - upgrade localId to 115816896921600000
2025-09-19 20:43:00,916 [ForkJoinPool-1-worker-1] INFO  ha.SequenceIdGenerator (SequenceIdGenerator.java:upgradeToSequenceId(363)) - upgrade delTxnId to 0
2025-09-19 20:43:00,922 [ForkJoinPool-1-worker-1] INFO  ha.SequenceIdGenerator (SequenceIdGenerator.java:upgradeToSequenceId(379)) - upgrade containerId to 0
2025-09-19 20:43:00,924 [ForkJoinPool-1-worker-1] INFO  ha.SequenceIdGenerator (SequenceIdGenerator.java:upgradeToCertificateSequenceId(414)) - upgrade CertificateId to 2
2025-09-19 20:43:00,926 [ForkJoinPool-1-worker-1] INFO  ha.SequenceIdGenerator (SequenceIdGenerator.java:<init>(231)) - Init the HA SequenceIdGenerator.
2025-09-19 20:43:00,930 [ForkJoinPool-1-worker-1] INFO  Configuration.deprecation (Configuration.java:logDeprecation(1462)) - hadoop.configured.node.mapping is deprecated. Instead, use net.topology.configured.node.mapping
2025-09-19 20:43:00,968 [ForkJoinPool-1-worker-1] INFO  node.SCMNodeManager (SCMNodeManager.java:<init>(180)) - Entering startup safe mode.
2025-09-19 20:43:00,978 [ForkJoinPool-1-worker-1] INFO  algorithms.ContainerPlacementPolicyFactory (ContainerPlacementPolicyFactory.java:getPolicyInternal(83)) - Create container placement policy of type org.apache.hadoop.hdds.scm.container.placement.algorithms.SCMContainerPlacementRackAware
2025-09-19 20:43:00,983 [ForkJoinPool-1-worker-1] INFO  algorithms.ContainerPlacementPolicyFactory (ContainerPlacementPolicyFactory.java:getPolicyInternal(83)) - Create container placement policy of type org.apache.hadoop.hdds.scm.container.placement.algorithms.SCMContainerPlacementRackScatter
2025-09-19 20:43:00,990 [ForkJoinPool-1-worker-1] INFO  pipeline.PipelineStateManagerImpl (PipelineStateManagerImpl.java:initialize(75)) - No pipeline exists in current db
2025-09-19 20:43:01,002 [ForkJoinPool-1-worker-1] INFO  algorithms.LeaderChoosePolicyFactory (LeaderChoosePolicyFactory.java:getPolicy(55)) - Create leader choose policy of type org.apache.hadoop.hdds.scm.pipeline.leader.choose.algorithms.MinLeaderCountChoosePolicy
2025-09-19 20:43:01,002 [ForkJoinPool-1-worker-1] INFO  algorithms.ContainerPlacementPolicyFactory (ContainerPlacementPolicyFactory.java:getPolicyInternal(83)) - Create container placement policy of type org.apache.hadoop.hdds.scm.container.placement.algorithms.SCMContainerPlacementRackScatter
2025-09-19 20:43:01,008 [ForkJoinPool-1-worker-1] INFO  ha.SCMServiceManager (SCMServiceManager.java:register(42)) - Registering service BackgroundPipelineCreator.
2025-09-19 20:43:01,009 [ForkJoinPool-1-worker-1] INFO  pipeline.BackgroundPipelineCreator (BackgroundPipelineCreator.java:start(126)) - Starting RatisPipelineUtilsThread.
2025-09-19 20:43:01,011 [ForkJoinPool-1-worker-1] INFO  BackgroundPipelineScrubber (BackgroundSCMService.java:start(64)) - Starting BackgroundPipelineScrubber Service.
2025-09-19 20:43:01,012 [ForkJoinPool-1-worker-1] INFO  ha.SCMServiceManager (SCMServiceManager.java:register(42)) - Registering service BackgroundPipelineScrubber.
2025-09-19 20:43:01,021 [ForkJoinPool-1-worker-1] INFO  ExpiredContainerReplicaOpScrubber (BackgroundSCMService.java:start(64)) - Starting ExpiredContainerReplicaOpScrubber Service.
2025-09-19 20:43:01,021 [ForkJoinPool-1-worker-1] INFO  ha.SCMServiceManager (SCMServiceManager.java:register(42)) - Registering service ExpiredContainerReplicaOpScrubber.
2025-09-19 20:43:01,042 [ForkJoinPool-1-worker-1] INFO  algorithms.PipelineChoosePolicyFactory (PipelineChoosePolicyFactory.java:createPipelineChoosePolicyFromClass(78)) - Create pipeline choose policy of type org.apache.hadoop.hdds.scm.pipeline.choose.algorithms.RandomPipelineChoosePolicy
2025-09-19 20:43:01,042 [ForkJoinPool-1-worker-1] INFO  algorithms.PipelineChoosePolicyFactory (PipelineChoosePolicyFactory.java:createPipelineChoosePolicyFromClass(78)) - Create pipeline choose policy of type org.apache.hadoop.hdds.scm.pipeline.choose.algorithms.RandomPipelineChoosePolicy
2025-09-19 20:43:01,069 [ForkJoinPool-1-worker-1] INFO  ha.SCMServiceManager (SCMServiceManager.java:register(42)) - Registering service SCMBlockDeletingService.
2025-09-19 20:43:01,117 [ForkJoinPool-1-worker-1] INFO  replication.ReplicationManager (ReplicationManager.java:start(287)) - Starting Replication Monitor Thread.
2025-09-19 20:43:01,118 [ForkJoinPool-1-worker-1] INFO  ha.SCMServiceManager (SCMServiceManager.java:register(42)) - Registering service ReplicationManager.
2025-09-19 20:43:01,127 [ForkJoinPool-1-worker-1] INFO  safemode.RatisContainerSafeModeRule (RatisContainerSafeModeRule.java:initializeRule(160)) - Refreshed Containers with one replica threshold count 0.
2025-09-19 20:43:01,129 [ForkJoinPool-1-worker-1] INFO  safemode.ECContainerSafeModeRule (ECContainerSafeModeRule.java:initializeRule(204)) - Refreshed Containers with ec n replica threshold count 0.
2025-09-19 20:43:01,133 [ForkJoinPool-1-worker-1] INFO  safemode.HealthyPipelineSafeModeRule (HealthyPipelineSafeModeRule.java:initializeRule(232)) - Total pipeline count is 0, healthy pipeline threshold count is 1
2025-09-19 20:43:01,135 [ForkJoinPool-1-worker-1] INFO  safemode.OneReplicaPipelineSafeModeRule (OneReplicaPipelineSafeModeRule.java:initializeRule(190)) - Total pipeline count is 0, pipeline's with at least one datanode reported threshold count is 0
2025-09-19 20:43:01,183 [ForkJoinPool-1-worker-1] INFO  server.StorageContainerManager (StorageContainerManager.java:<init>(432)) - SCM start with adminUsers: [admin, runner]
2025-09-19 20:43:01,368 [ForkJoinPool-1-worker-1] INFO  audit.AuditLogger (AuditLogger.java:refreshDebugCmdSet(133)) - Refresh DebugCmdSet for SCMAudit to [].
2025-09-19 20:43:01,385 [ForkJoinPool-1-worker-1] INFO  ipc.CallQueueManager (CallQueueManager.java:<init>(93)) - Using callQueue: class java.util.concurrent.LinkedBlockingQueue, queueCapacity: 10000, scheduler: class org.apache.hadoop.ipc.DefaultRpcScheduler, ipcBackoff: false, ipcFailOver: false.
2025-09-19 20:43:01,404 [ForkJoinPool-1-worker-1] INFO  ipc.Server (Server.java:<init>(1438)) - Listener at 0.0.0.0:15002
2025-09-19 20:43:01,405 [Socket Reader #1 for port 15002] INFO  ipc.Server (Server.java:run(1474)) - Starting Socket Reader #1 for port 15002
2025-09-19 20:43:01,405 [Socket Reader #2 for port 15002] INFO  ipc.Server (Server.java:run(1474)) - Starting Socket Reader #2 for port 15002
2025-09-19 20:43:01,405 [Socket Reader #3 for port 15002] INFO  ipc.Server (Server.java:run(1474)) - Starting Socket Reader #3 for port 15002
2025-09-19 20:43:01,405 [Socket Reader #4 for port 15002] INFO  ipc.Server (Server.java:run(1474)) - Starting Socket Reader #4 for port 15002
2025-09-19 20:43:01,406 [Socket Reader #5 for port 15002] INFO  ipc.Server (Server.java:run(1474)) - Starting Socket Reader #5 for port 15002
2025-09-19 20:43:01,406 [Socket Reader #6 for port 15002] INFO  ipc.Server (Server.java:run(1474)) - Starting Socket Reader #6 for port 15002
2025-09-19 20:43:01,406 [Socket Reader #7 for port 15002] INFO  ipc.Server (Server.java:run(1474)) - Starting Socket Reader #7 for port 15002
2025-09-19 20:43:01,407 [Socket Reader #8 for port 15002] INFO  ipc.Server (Server.java:run(1474)) - Starting Socket Reader #8 for port 15002
2025-09-19 20:43:01,407 [Socket Reader #9 for port 15002] INFO  ipc.Server (Server.java:run(1474)) - Starting Socket Reader #9 for port 15002
2025-09-19 20:43:01,408 [Socket Reader #10 for port 15002] INFO  ipc.Server (Server.java:run(1474)) - Starting Socket Reader #10 for port 15002
2025-09-19 20:43:01,441 [ForkJoinPool-1-worker-1] INFO  audit.AuditLogger (AuditLogger.java:refreshDebugCmdSet(133)) - Refresh DebugCmdSet for SCMAudit to [].
2025-09-19 20:43:01,444 [ForkJoinPool-1-worker-1] INFO  ipc.CallQueueManager (CallQueueManager.java:<init>(93)) - Using callQueue: class java.util.concurrent.LinkedBlockingQueue, queueCapacity: 10000, scheduler: class org.apache.hadoop.ipc.DefaultRpcScheduler, ipcBackoff: false, ipcFailOver: false.
2025-09-19 20:43:01,445 [ForkJoinPool-1-worker-1] INFO  ipc.Server (Server.java:<init>(1438)) - Listener at 0.0.0.0:15001
2025-09-19 20:43:01,445 [Socket Reader #1 for port 15001] INFO  ipc.Server (Server.java:run(1474)) - Starting Socket Reader #1 for port 15001
2025-09-19 20:43:01,446 [Socket Reader #2 for port 15001] INFO  ipc.Server (Server.java:run(1474)) - Starting Socket Reader #2 for port 15001
2025-09-19 20:43:01,446 [Socket Reader #3 for port 15001] INFO  ipc.Server (Server.java:run(1474)) - Starting Socket Reader #3 for port 15001
2025-09-19 20:43:01,447 [Socket Reader #4 for port 15001] INFO  ipc.Server (Server.java:run(1474)) - Starting Socket Reader #4 for port 15001
2025-09-19 20:43:01,447 [Socket Reader #5 for port 15001] INFO  ipc.Server (Server.java:run(1474)) - Starting Socket Reader #5 for port 15001
2025-09-19 20:43:01,448 [Socket Reader #6 for port 15001] INFO  ipc.Server (Server.java:run(1474)) - Starting Socket Reader #6 for port 15001
2025-09-19 20:43:01,448 [Socket Reader #7 for port 15001] INFO  ipc.Server (Server.java:run(1474)) - Starting Socket Reader #7 for port 15001
2025-09-19 20:43:01,448 [Socket Reader #8 for port 15001] INFO  ipc.Server (Server.java:run(1474)) - Starting Socket Reader #8 for port 15001
2025-09-19 20:43:01,449 [Socket Reader #9 for port 15001] INFO  ipc.Server (Server.java:run(1474)) - Starting Socket Reader #9 for port 15001
2025-09-19 20:43:01,449 [Socket Reader #10 for port 15001] INFO  ipc.Server (Server.java:run(1474)) - Starting Socket Reader #10 for port 15001
2025-09-19 20:43:01,473 [ForkJoinPool-1-worker-1] INFO  audit.AuditLogger (AuditLogger.java:refreshDebugCmdSet(133)) - Refresh DebugCmdSet for SCMAudit to [].
2025-09-19 20:43:01,480 [ForkJoinPool-1-worker-1] INFO  ipc.CallQueueManager (CallQueueManager.java:<init>(93)) - Using callQueue: class java.util.concurrent.LinkedBlockingQueue, queueCapacity: 10000, scheduler: class org.apache.hadoop.ipc.DefaultRpcScheduler, ipcBackoff: false, ipcFailOver: false.
2025-09-19 20:43:01,481 [ForkJoinPool-1-worker-1] INFO  ipc.Server (Server.java:<init>(1438)) - Listener at 0.0.0.0:15000
2025-09-19 20:43:01,481 [Socket Reader #1 for port 15000] INFO  ipc.Server (Server.java:run(1474)) - Starting Socket Reader #1 for port 15000
2025-09-19 20:43:01,482 [Socket Reader #2 for port 15000] INFO  ipc.Server (Server.java:run(1474)) - Starting Socket Reader #2 for port 15000
2025-09-19 20:43:01,482 [Socket Reader #3 for port 15000] INFO  ipc.Server (Server.java:run(1474)) - Starting Socket Reader #3 for port 15000
2025-09-19 20:43:01,482 [Socket Reader #4 for port 15000] INFO  ipc.Server (Server.java:run(1474)) - Starting Socket Reader #4 for port 15000
2025-09-19 20:43:01,483 [Socket Reader #5 for port 15000] INFO  ipc.Server (Server.java:run(1474)) - Starting Socket Reader #5 for port 15000
2025-09-19 20:43:01,484 [Socket Reader #6 for port 15000] INFO  ipc.Server (Server.java:run(1474)) - Starting Socket Reader #6 for port 15000
2025-09-19 20:43:01,484 [Socket Reader #7 for port 15000] INFO  ipc.Server (Server.java:run(1474)) - Starting Socket Reader #7 for port 15000
2025-09-19 20:43:01,485 [Socket Reader #8 for port 15000] INFO  ipc.Server (Server.java:run(1474)) - Starting Socket Reader #8 for port 15000
2025-09-19 20:43:01,485 [Socket Reader #9 for port 15000] INFO  ipc.Server (Server.java:run(1474)) - Starting Socket Reader #9 for port 15000
2025-09-19 20:43:01,486 [Socket Reader #10 for port 15000] INFO  ipc.Server (Server.java:run(1474)) - Starting Socket Reader #10 for port 15000
2025-09-19 20:43:01,538 [ForkJoinPool-1-worker-1] INFO  ha.SCMServiceManager (SCMServiceManager.java:register(42)) - Registering service ContainerBalancer.
2025-09-19 20:43:01,539 [ForkJoinPool-1-worker-1] INFO  ha.SCMContext (SCMContext.java:updateSafeModeStatus(224)) - Update SafeModeStatus from SafeModeStatus{safeModeStatus=true, preCheckPassed=false} to SafeModeStatus{safeModeStatus=true, preCheckPassed=false}.
2025-09-19 20:43:01,544 [ForkJoinPool-1-worker-1] INFO  server.StorageContainerManager (StorageContainerManager.java:start(1515)) - StorageContainerLocationProtocol RPC server is listening at /0.0.0.0:15000
2025-09-19 20:43:01,545 [ForkJoinPool-1-worker-1] INFO  ha.SCMRatisServerImpl (SCMRatisServerImpl.java:start(203)) - starting ratis server 0.0.0.0:15004
2025-09-19 20:43:01,546 [7c85452d-535d-4afd-8ce9-637c7af67bb0-impl-thread1] INFO  storage.RaftStorageDirectory (RaftStorageDirectoryImpl.java:tryLock(229)) - Lock on /home/runner/work/ozone/ozone/hadoop-ozone/integration-test/target/test-dir/MiniOzoneClusterImpl-990002c2-bb69-4aa2-bd68-28a5e13e86ef/scm/ratis/990002c2-bb69-4aa2-bd68-28a5e13e86ef/in_use.lock acquired by nodename 22744@localhost
2025-09-19 20:43:01,547 [7c85452d-535d-4afd-8ce9-637c7af67bb0-impl-thread1] INFO  storage.RaftStorage (RaftStorageImpl.java:analyzeAndRecoverStorage(118)) - Read RaftStorageMetadata{term=1, votedFor=7c85452d-535d-4afd-8ce9-637c7af67bb0} from /home/runner/work/ozone/ozone/hadoop-ozone/integration-test/target/test-dir/MiniOzoneClusterImpl-990002c2-bb69-4aa2-bd68-28a5e13e86ef/scm/ratis/990002c2-bb69-4aa2-bd68-28a5e13e86ef/current/raft-meta
2025-09-19 20:43:01,550 [7c85452d-535d-4afd-8ce9-637c7af67bb0-impl-thread1] INFO  server.RaftServer$Division (ServerState.java:setRaftConf(386)) - 7c85452d-535d-4afd-8ce9-637c7af67bb0@group-28A5E13E86EF: set configuration conf: {index: 0, cur=peers:[7c85452d-535d-4afd-8ce9-637c7af67bb0|localhost:15004]|listeners:[], old=null}
2025-09-19 20:43:01,550 [7c85452d-535d-4afd-8ce9-637c7af67bb0-impl-thread1] INFO  ha.SCMStateMachine (SCMStateMachine.java:lambda$initialize$0(135)) - 7c85452d-535d-4afd-8ce9-637c7af67bb0: initialize group-28A5E13E86EF
2025-09-19 20:43:01,550 [7c85452d-535d-4afd-8ce9-637c7af67bb0-impl-thread1] INFO  server.RaftServerConfigKeys (ConfUtils.java:logGet(62)) - raft.server.log.appender.buffer.byte-limit = 4194304 (custom)
2025-09-19 20:43:01,552 [7c85452d-535d-4afd-8ce9-637c7af67bb0-impl-thread1] INFO  server.RaftServerConfigKeys (ConfUtils.java:logGet(62)) - raft.server.log.segment.size.max = 67108864 (custom)
2025-09-19 20:43:01,553 [7c85452d-535d-4afd-8ce9-637c7af67bb0-impl-thread1] INFO  server.RaftServerConfigKeys (ConfUtils.java:logGet(62)) - raft.server.log.appender.buffer.byte-limit = 4194304 (custom)
2025-09-19 20:43:01,554 [7c85452d-535d-4afd-8ce9-637c7af67bb0-impl-thread1] INFO  util.AwaitToRun (AwaitToRun.java:start(81)) - Thread[#113,7c85452d-535d-4afd-8ce9-637c7af67bb0@group-28A5E13E86EF-cacheEviction-AwaitToRun,5,main] started
2025-09-19 20:43:01,554 [7c85452d-535d-4afd-8ce9-637c7af67bb0-impl-thread1] INFO  segmented.SegmentedRaftLogWorker (SegmentedRaftLogWorker.java:<init>(190)) - new 7c85452d-535d-4afd-8ce9-637c7af67bb0@group-28A5E13E86EF-SegmentedRaftLogWorker for RaftStorageImpl:Storage Directory /home/runner/work/ozone/ozone/hadoop-ozone/integration-test/target/test-dir/MiniOzoneClusterImpl-990002c2-bb69-4aa2-bd68-28a5e13e86ef/scm/ratis/990002c2-bb69-4aa2-bd68-28a5e13e86ef
2025-09-19 20:43:01,555 [7c85452d-535d-4afd-8ce9-637c7af67bb0-impl-thread1] INFO  server.RaftServerConfigKeys (ConfUtils.java:logGet(62)) - raft.server.log.segment.size.max = 67108864 (custom)
2025-09-19 20:43:01,555 [7c85452d-535d-4afd-8ce9-637c7af67bb0-impl-thread1] INFO  server.RaftServerConfigKeys (ConfUtils.java:logGet(62)) - raft.server.log.preallocated.size = 4194304 (custom)
2025-09-19 20:43:01,555 [7c85452d-535d-4afd-8ce9-637c7af67bb0-impl-thread1] INFO  server.RaftServerConfigKeys (ConfUtils.java:logGet(62)) - raft.server.log.write.buffer.size = 4194312 (custom)
2025-09-19 20:43:01,557 [7c85452d-535d-4afd-8ce9-637c7af67bb0-impl-thread1] INFO  server.RaftServerConfigKeys (ConfUtils.java:logGet(62)) - raft.server.log.appender.buffer.byte-limit = 4194304 (custom)
2025-09-19 20:43:01,561 [7c85452d-535d-4afd-8ce9-637c7af67bb0-impl-thread1] INFO  server.RaftServer$Division (ServerState.java:setRaftConf(386)) - 7c85452d-535d-4afd-8ce9-637c7af67bb0@group-28A5E13E86EF: set configuration conf: {index: 0, cur=peers:[7c85452d-535d-4afd-8ce9-637c7af67bb0|localhost:15004]|listeners:[], old=null}
2025-09-19 20:43:01,562 [7c85452d-535d-4afd-8ce9-637c7af67bb0-impl-thread1] INFO  segmented.LogSegment (LogSegment.java:loadSegment(171)) - Successfully read 1 entries from segment file /home/runner/work/ozone/ozone/hadoop-ozone/integration-test/target/test-dir/MiniOzoneClusterImpl-990002c2-bb69-4aa2-bd68-28a5e13e86ef/scm/ratis/990002c2-bb69-4aa2-bd68-28a5e13e86ef/current/log_inprogress_0
2025-09-19 20:43:01,562 [7c85452d-535d-4afd-8ce9-637c7af67bb0-impl-thread1] INFO  segmented.SegmentedRaftLogWorker (SegmentedRaftLogWorker.java:lambda$new$0(141)) - 7c85452d-535d-4afd-8ce9-637c7af67bb0@group-28A5E13E86EF-SegmentedRaftLogWorker: safeCacheEvictIndex: setUnconditionally 0 -> -1
2025-09-19 20:43:01,562 [7c85452d-535d-4afd-8ce9-637c7af67bb0-impl-thread1] INFO  segmented.BufferedWriteChannel (BufferedWriteChannel.java:open(61)) - open log_inprogress_0 (append) at position 76
2025-09-19 20:43:01,563 [7c85452d-535d-4afd-8ce9-637c7af67bb0-impl-thread1] INFO  server.RaftServer$Division (RaftServerImpl.java:start(405)) - 7c85452d-535d-4afd-8ce9-637c7af67bb0@group-28A5E13E86EF: start as a follower, conf=conf: {index: 0, cur=peers:[7c85452d-535d-4afd-8ce9-637c7af67bb0|localhost:15004]|listeners:[], old=null}
2025-09-19 20:43:01,563 [7c85452d-535d-4afd-8ce9-637c7af67bb0-impl-thread1] INFO  server.RaftServer$Division (RaftServerImpl.java:setRole(392)) - 7c85452d-535d-4afd-8ce9-637c7af67bb0@group-28A5E13E86EF: changes role from      null to FOLLOWER at term 1 for startAsFollower
2025-09-19 20:43:01,563 [7c85452d-535d-4afd-8ce9-637c7af67bb0-impl-thread1] INFO  impl.RoleInfo (RoleInfo.java:updateAndGet(148)) - 7c85452d-535d-4afd-8ce9-637c7af67bb0: start 7c85452d-535d-4afd-8ce9-637c7af67bb0@group-28A5E13E86EF-FollowerState
2025-09-19 20:43:01,565 [7c85452d-535d-4afd-8ce9-637c7af67bb0-impl-thread1] INFO  util.JmxRegister (JmxRegister.java:tryRegister(44)) - Successfully registered JMX Bean with object name Ratis:service=RaftServer,group=group-28A5E13E86EF,id=7c85452d-535d-4afd-8ce9-637c7af67bb0
2025-09-19 20:43:01,565 [7c85452d-535d-4afd-8ce9-637c7af67bb0-impl-thread1] INFO  util.JmxRegister (JmxRegister.java:register(58)) - register mxBean class org.apache.ratis.server.impl.RaftServerJmxAdapter as Ratis:service=RaftServer,group=group-28A5E13E86EF,id=7c85452d-535d-4afd-8ce9-637c7af67bb0
2025-09-19 20:43:01,567 [7c85452d-535d-4afd-8ce9-637c7af67bb0-impl-thread1] INFO  server.RaftServer$Division (RaftServerImpl.java:start(419)) - 7c85452d-535d-4afd-8ce9-637c7af67bb0@group-28A5E13E86EF: Successfully started.
2025-09-19 20:43:01,567 [ForkJoinPool-1-worker-1] INFO  server.RaftServer (RaftServerProxy.java:startImpl(412)) - 7c85452d-535d-4afd-8ce9-637c7af67bb0: start RPC server
2025-09-19 20:43:01,568 [ForkJoinPool-1-worker-1] INFO  server.GrpcServicesImpl (GrpcServicesImpl.java:startImpl(346)) - 7c85452d-535d-4afd-8ce9-637c7af67bb0: GrpcServicesImpl started, listening on 15004
2025-09-19 20:43:01,569 [JvmPauseMonitor1] INFO  util.JvmPauseMonitor (JvmPauseMonitor.java:run(146)) - JvmPauseMonitor-7c85452d-535d-4afd-8ce9-637c7af67bb0: Started
2025-09-19 20:43:01,576 [ForkJoinPool-1-worker-1] INFO  ha.SCMHAManagerImpl (SCMHAManagerImpl.java:start(131)) -  scm role is FOLLOWER peers [7c85452d-535d-4afd-8ce9-637c7af67bb0|localhost:15004]
2025-09-19 20:43:01,576 [ForkJoinPool-1-worker-1] INFO  ha.InterSCMGrpcService (InterSCMGrpcProtocolService.java:start(98)) - Starting SCM Grpc Service at port 15005
2025-09-19 20:43:01,577 [ForkJoinPool-1-worker-1] INFO  SCMHATransactionMonitor (BackgroundSCMService.java:start(64)) - Starting SCMHATransactionMonitor Service.
2025-09-19 20:43:01,578 [ForkJoinPool-1-worker-1] INFO  ha.SCMServiceManager (SCMServiceManager.java:register(42)) - Registering service SCMHATransactionMonitor.
2025-09-19 20:43:01,578 [ForkJoinPool-1-worker-1] INFO  SCMHATransactionMonitor (BackgroundSCMService.java:start(61)) - SCMHATransactionMonitor Service is already running, skip start.
2025-09-19 20:43:01,617 [ForkJoinPool-1-worker-1] WARN  impl.MetricsConfig (MetricsConfig.java:loadFirst(138)) - Cannot locate configuration: tried hadoop-metrics2-storagecontainermanager.properties,hadoop-metrics2.properties
2025-09-19 20:43:01,624 [ForkJoinPool-1-worker-1] INFO  impl.MetricsSystemImpl (MetricsSystemImpl.java:startTimer(378)) - Scheduled Metric snapshot period at 10 second(s).
2025-09-19 20:43:01,624 [ForkJoinPool-1-worker-1] INFO  impl.MetricsSystemImpl (MetricsSystemImpl.java:start(191)) - StorageContainerManager metrics system started
2025-09-19 20:43:01,739 [ForkJoinPool-1-worker-1] INFO  server.SCMClientProtocolServer (SCMClientProtocolServer.java:start(208)) - RPC server for Client  is listening at /0.0.0.0:15000
2025-09-19 20:43:01,740 [IPC Server Responder] INFO  ipc.Server (Server.java:run(1713)) - IPC Server Responder: starting
2025-09-19 20:43:01,740 [IPC Server listener on 15000] INFO  ipc.Server (Server.java:run(1553)) - IPC Server listener on 15000: starting
2025-09-19 20:43:01,753 [ForkJoinPool-1-worker-1] INFO  server.StorageContainerManager (StorageContainerManager.java:start(1528)) - ScmBlockLocationProtocol RPC server is listening at /0.0.0.0:15001
2025-09-19 20:43:01,753 [ForkJoinPool-1-worker-1] INFO  server.SCMBlockProtocolServer (SCMBlockProtocolServer.java:start(166)) - RPC server for Block Protocol is listening at /0.0.0.0:15001
2025-09-19 20:43:01,754 [IPC Server Responder] INFO  ipc.Server (Server.java:run(1713)) - IPC Server Responder: starting
2025-09-19 20:43:01,754 [IPC Server listener on 15001] INFO  ipc.Server (Server.java:run(1553)) - IPC Server listener on 15001: starting
2025-09-19 20:43:01,768 [ForkJoinPool-1-worker-1] INFO  utils.BackgroundService (BackgroundService.java:start(119)) - Starting service SCMBlockDeletingService with interval 60000 milliseconds
2025-09-19 20:43:01,778 [ForkJoinPool-1-worker-1] INFO  http.BaseHttpServer (BaseHttpServer.java:newHttpServer2BuilderForOzone(227)) - Starting Web-server for scm at: http://0.0.0.0:15003
2025-09-19 20:43:01,778 [ForkJoinPool-1-worker-1] INFO  http.BaseHttpServer (BaseHttpServer.java:<init>(105)) - Hadoop Security Enabled: false Ozone Security Enabled: false Ozone HTTP Security Enabled: false 
2025-09-19 20:43:01,796 [ForkJoinPool-1-worker-1] INFO  util.log (Log.java:initialized(170)) - Logging initialized @6014ms to org.eclipse.jetty.util.log.Slf4jLog
2025-09-19 20:43:01,864 [ForkJoinPool-1-worker-1] WARN  server.AuthenticationFilter (AuthenticationFilter.java:constructSecretProvider(240)) - Unable to initialize FileSignerSecretProvider, falling back to use random secrets. Reason: Could not read signature secret file: /home/runner/hadoop-http-auth-signature-secret
2025-09-19 20:43:01,887 [ForkJoinPool-1-worker-1] INFO  http.HttpServer2 (HttpServer2.java:addGlobalFilter(1041)) - Added global filter 'safety' (class=org.apache.hadoop.hdds.server.http.HttpServer2$QuotingInputFilter)
2025-09-19 20:43:01,891 [ForkJoinPool-1-worker-1] INFO  http.HttpServer2 (HttpServer2.java:addFilter(1017)) - Added filter static_user_filter (class=org.apache.hadoop.http.lib.StaticUserWebFilter$StaticUserFilter) to context scm
2025-09-19 20:43:01,892 [ForkJoinPool-1-worker-1] INFO  http.HttpServer2 (HttpServer2.java:addFilter(1025)) - Added filter static_user_filter (class=org.apache.hadoop.http.lib.StaticUserWebFilter$StaticUserFilter) to context logs
2025-09-19 20:43:01,892 [ForkJoinPool-1-worker-1] INFO  http.HttpServer2 (HttpServer2.java:addFilter(1025)) - Added filter static_user_filter (class=org.apache.hadoop.http.lib.StaticUserWebFilter$StaticUserFilter) to context static
2025-09-19 20:43:01,919 [ForkJoinPool-1-worker-1] INFO  http.BaseHttpServer (BaseHttpServer.java:<init>(193)) - HTTP server of scm uses base directory /home/runner/work/ozone/ozone/hadoop-ozone/integration-test/target/test-dir/MiniOzoneClusterImpl-990002c2-bb69-4aa2-bd68-28a5e13e86ef/scm/ozone-metadata/webserver
2025-09-19 20:43:01,920 [ForkJoinPool-1-worker-1] INFO  http.HttpServer2 (HttpServer2.java:bindListener(1241)) - Jetty bound to port 15003
2025-09-19 20:43:01,921 [ForkJoinPool-1-worker-1] INFO  server.Server (Server.java:doStart(375)) - jetty-9.4.58.v20250814; built: 2025-08-14T02:28:49.637Z; git: 8f1440587e9e4ae7db3d74cf205643f3d707148d; jvm 21.0.8+9-LTS
2025-09-19 20:43:01,941 [ForkJoinPool-1-worker-1] INFO  server.session (DefaultSessionIdManager.java:doStart(334)) - DefaultSessionIdManager workerName=node0
2025-09-19 20:43:01,942 [ForkJoinPool-1-worker-1] INFO  server.session (DefaultSessionIdManager.java:doStart(339)) - No SessionScavenger set, using defaults
2025-09-19 20:43:01,943 [ForkJoinPool-1-worker-1] INFO  server.session (HouseKeeper.java:startScavenging(132)) - node0 Scavenging every 660000ms
2025-09-19 20:43:01,951 [ForkJoinPool-1-worker-1] INFO  handler.ContextHandler (ContextHandler.java:doStart(921)) - Started o.e.j.s.ServletContextHandler@3fb002a1{logs,/logs,file:///home/runner/work/ozone/ozone/hadoop-ozone/integration-test/target/log,AVAILABLE}
2025-09-19 20:43:01,952 [ForkJoinPool-1-worker-1] INFO  handler.ContextHandler (ContextHandler.java:doStart(921)) - Started o.e.j.s.ServletContextHandler@44b61c5a{static,/static,file:///home/runner/work/ozone/ozone/hadoop-ozone/integration-test/target/test-classes/webapps/static,AVAILABLE}
2025-09-19 20:43:01,990 [ForkJoinPool-1-worker-1] INFO  handler.ContextHandler (ContextHandler.java:doStart(921)) - Started o.e.j.w.WebAppContext@4ec776e0{scm,/,file:///home/runner/work/ozone/ozone/hadoop-ozone/integration-test/target/test-classes/webapps/scm/,AVAILABLE}{file:/home/runner/work/ozone/ozone/hadoop-ozone/integration-test/target/test-classes/webapps/scm}
2025-09-19 20:43:01,995 [ForkJoinPool-1-worker-1] INFO  server.AbstractConnector (AbstractConnector.java:doStart(333)) - Started ServerConnector@3ed8b2a9{HTTP/1.1, (http/1.1)}{0.0.0.0:15003}
2025-09-19 20:43:01,995 [ForkJoinPool-1-worker-1] INFO  server.Server (Server.java:doStart(415)) - Started @6213ms
2025-09-19 20:43:01,997 [ForkJoinPool-1-worker-1] INFO  impl.MetricsSinkAdapter (MetricsSinkAdapter.java:start(204)) - Sink prometheus started
2025-09-19 20:43:01,998 [ForkJoinPool-1-worker-1] INFO  impl.MetricsSystemImpl (MetricsSystemImpl.java:registerSink(305)) - Registered sink prometheus
2025-09-19 20:43:01,998 [ForkJoinPool-1-worker-1] INFO  http.BaseHttpServer (BaseHttpServer.java:updateConnectorAddress(357)) - HTTP server of scm listening at http://localhost:15003
2025-09-19 20:43:02,067 [ForkJoinPool-1-worker-1] INFO  audit.AuditLogger (AuditLogger.java:refreshDebugCmdSet(133)) - Refresh DebugCmdSet for OMAudit to [].
2025-09-19 20:43:02,087 [ForkJoinPool-1-worker-1] INFO  audit.AuditLogger (AuditLogger.java:refreshDebugCmdSet(133)) - Refresh DebugCmdSet for OMSystemAudit to [].
2025-09-19 20:43:02,133 [ForkJoinPool-1-worker-1] INFO  ha.OMHANodeDetails (OMHANodeDetails.java:loadOMHAConfig(114)) - ozone.om.internal.service.id is not defined, falling back to ozone.om.service.ids to find serviceID for OzoneManager if it is HA enabled cluster
2025-09-19 20:43:02,136 [ForkJoinPool-1-worker-1] INFO  ha.OMHANodeDetails (OMHANodeDetails.java:loadOMHAConfig(228)) - Configuration does not have ozone.om.address set. Falling back to the default OM address /127.0.0.1:15006
2025-09-19 20:43:02,137 [ForkJoinPool-1-worker-1] INFO  ha.OMHANodeDetails (OMHANodeDetails.java:getOMNodeDetailsForNonHA(262)) - OM Service ID is not set. Setting it to the default ID: omServiceIdDefault
2025-09-19 20:43:02,137 [ForkJoinPool-1-worker-1] INFO  ha.OMHANodeDetails (OMHANodeDetails.java:getOMNodeDetailsForNonHA(269)) - OM Node ID is not set. Setting it to the default ID: om1
2025-09-19 20:43:02,145 [ForkJoinPool-1-worker-1] INFO  upgrade.AbstractLayoutVersionManager (AbstractLayoutVersionManager.java:init(80)) - Initializing Layout version manager with metadata layout = DELEGATION_TOKEN_SYMMETRIC_SIGN (version = 8), software layout = DELEGATION_TOKEN_SYMMETRIC_SIGN (version = 8)
2025-09-19 20:43:02,271 [ForkJoinPool-1-worker-1] INFO  reflections.Reflections (Reflections.java:scan(219)) - Reflections took 125 ms to scan 2 urls, producing 217 keys and 635 values
2025-09-19 20:43:02,275 [ForkJoinPool-1-worker-1] INFO  upgrade.OMLayoutVersionManager (OMLayoutVersionManager.java:lambda$0(110)) - Skipping Upgrade Action QuotaRepairUpgradeAction since it has been finalized.
2025-09-19 20:43:02,276 [ForkJoinPool-1-worker-1] INFO  upgrade.OMLayoutVersionManager (OMLayoutVersionManager.java:lambda$0(110)) - Skipping Upgrade Action MockOmUpgradeAction since it has been finalized.
2025-09-19 20:43:02,283 [ForkJoinPool-1-worker-1] INFO  om.OzoneManager (OzoneManager.java:setReplicationFromConfig(4650)) - Set default replication in OM: RATIS/3 -> RATIS/THREE
2025-09-19 20:43:02,294 [ForkJoinPool-1-worker-1] INFO  proxy.SCMContainerLocationFailoverProxyProvider (SCMFailoverProxyProviderBase.java:<init>(120)) - Created fail-over proxy for protocol StorageContainerLocationProtocolPB with 1 nodes: [nodeId=scmNodeId,nodeAddress=/0.0.0.0:15000]
2025-09-19 20:43:02,322 [ForkJoinPool-1-worker-1] INFO  proxy.SCMBlockLocationFailoverProxyProvider (SCMFailoverProxyProviderBase.java:<init>(120)) - Created fail-over proxy for protocol ScmBlockLocationProtocolPB with 1 nodes: [nodeId=scmNodeId,nodeAddress=/0.0.0.0:15001]
2025-09-19 20:43:02,334 [ForkJoinPool-1-worker-1] INFO  proxy.SCMBlockLocationFailoverProxyProvider (SCMFailoverProxyProviderBase.java:<init>(120)) - Created fail-over proxy for protocol ScmBlockLocationProtocolPB with 1 nodes: [nodeId=scmNodeId,nodeAddress=/0.0.0.0:15001]
2025-09-19 20:43:02,565 [7c85452d-535d-4afd-8ce9-637c7af67bb0@group-28A5E13E86EF-FollowerState] INFO  impl.FollowerState (FollowerState.java:runImpl(161)) - 7c85452d-535d-4afd-8ce9-637c7af67bb0@group-28A5E13E86EF-FollowerState: change to CANDIDATE, lastRpcElapsedTime:1002304131ns, electionTimeout:1001ms
2025-09-19 20:43:02,566 [7c85452d-535d-4afd-8ce9-637c7af67bb0@group-28A5E13E86EF-FollowerState] INFO  impl.RoleInfo (RoleInfo.java:shutdownFollowerState(121)) - 7c85452d-535d-4afd-8ce9-637c7af67bb0: shutdown 7c85452d-535d-4afd-8ce9-637c7af67bb0@group-28A5E13E86EF-FollowerState
2025-09-19 20:43:02,566 [7c85452d-535d-4afd-8ce9-637c7af67bb0@group-28A5E13E86EF-FollowerState] INFO  server.RaftServer$Division (RaftServerImpl.java:setRole(392)) - 7c85452d-535d-4afd-8ce9-637c7af67bb0@group-28A5E13E86EF: changes role from  FOLLOWER to CANDIDATE at term 1 for changeToCandidate
2025-09-19 20:43:02,566 [7c85452d-535d-4afd-8ce9-637c7af67bb0@group-28A5E13E86EF-FollowerState] INFO  impl.RoleInfo (RoleInfo.java:updateAndGet(148)) - 7c85452d-535d-4afd-8ce9-637c7af67bb0: start 7c85452d-535d-4afd-8ce9-637c7af67bb0@group-28A5E13E86EF-LeaderElection2
2025-09-19 20:43:02,567 [7c85452d-535d-4afd-8ce9-637c7af67bb0@group-28A5E13E86EF-LeaderElection2] INFO  impl.LeaderElection (LeaderElection.java:askForVotes(448)) - 7c85452d-535d-4afd-8ce9-637c7af67bb0@group-28A5E13E86EF-LeaderElection2 PRE_VOTE round 0: submit vote requests at term 1 for conf: {index: 0, cur=peers:[7c85452d-535d-4afd-8ce9-637c7af67bb0|localhost:15004]|listeners:[], old=null}
2025-09-19 20:43:02,567 [7c85452d-535d-4afd-8ce9-637c7af67bb0@group-28A5E13E86EF-LeaderElection2] INFO  impl.LeaderElection (LeaderElection.java:askForVotes(450)) - 7c85452d-535d-4afd-8ce9-637c7af67bb0@group-28A5E13E86EF-LeaderElection2 PRE_VOTE round 0: result PASSED (term=1)
2025-09-19 20:43:02,569 [7c85452d-535d-4afd-8ce9-637c7af67bb0@group-28A5E13E86EF-LeaderElection2] INFO  impl.LeaderElection (LeaderElection.java:askForVotes(448)) - 7c85452d-535d-4afd-8ce9-637c7af67bb0@group-28A5E13E86EF-LeaderElection2 ELECTION round 0: submit vote requests at term 2 for conf: {index: 0, cur=peers:[7c85452d-535d-4afd-8ce9-637c7af67bb0|localhost:15004]|listeners:[], old=null}
2025-09-19 20:43:02,570 [7c85452d-535d-4afd-8ce9-637c7af67bb0@group-28A5E13E86EF-LeaderElection2] INFO  impl.LeaderElection (LeaderElection.java:askForVotes(450)) - 7c85452d-535d-4afd-8ce9-637c7af67bb0@group-28A5E13E86EF-LeaderElection2 ELECTION round 0: result PASSED (term=2)
2025-09-19 20:43:02,570 [7c85452d-535d-4afd-8ce9-637c7af67bb0@group-28A5E13E86EF-LeaderElection2] INFO  impl.RoleInfo (RoleInfo.java:shutdownLeaderElection(141)) - 7c85452d-535d-4afd-8ce9-637c7af67bb0: shutdown 7c85452d-535d-4afd-8ce9-637c7af67bb0@group-28A5E13E86EF-LeaderElection2
2025-09-19 20:43:02,570 [7c85452d-535d-4afd-8ce9-637c7af67bb0@group-28A5E13E86EF-LeaderElection2] INFO  server.RaftServer$Division (RaftServerImpl.java:setRole(392)) - 7c85452d-535d-4afd-8ce9-637c7af67bb0@group-28A5E13E86EF: changes role from CANDIDATE to LEADER at term 2 for changeToLeader
2025-09-19 20:43:02,570 [7c85452d-535d-4afd-8ce9-637c7af67bb0@group-28A5E13E86EF-LeaderElection2] INFO  server.RaftServerConfigKeys (ConfUtils.java:logFallback(69)) - raft.server.staging.timeout = 15600ms (fallback to raft.server.rpc.timeout.max)
2025-09-19 20:43:02,572 [7c85452d-535d-4afd-8ce9-637c7af67bb0@group-28A5E13E86EF-LeaderElection2] INFO  impl.RoleInfo (RoleInfo.java:updateAndGet(148)) - 7c85452d-535d-4afd-8ce9-637c7af67bb0: start 7c85452d-535d-4afd-8ce9-637c7af67bb0@group-28A5E13E86EF-LeaderStateImpl
2025-09-19 20:43:02,572 [7c85452d-535d-4afd-8ce9-637c7af67bb0@group-28A5E13E86EF-LeaderElection2] INFO  server.RaftServer$Division (RaftServerImpl.java:setFirstElection(576)) - 7c85452d-535d-4afd-8ce9-637c7af67bb0@group-28A5E13E86EF: set firstElectionSinceStartup to false for becomeLeader
2025-09-19 20:43:02,572 [7c85452d-535d-4afd-8ce9-637c7af67bb0@group-28A5E13E86EF-LeaderElection2] INFO  ha.SCMStateMachine (SCMStateMachine.java:notifyLeaderChanged(293)) - current SCM becomes leader of term 2.
2025-09-19 20:43:02,572 [7c85452d-535d-4afd-8ce9-637c7af67bb0@group-28A5E13E86EF-LeaderElection2] INFO  ha.SCMContext (SCMContext.java:updateLeaderAndTerm(95)) - update <isLeader,term> from <false,0> to <true,2>
2025-09-19 20:43:02,575 [7c85452d-535d-4afd-8ce9-637c7af67bb0@group-28A5E13E86EF-LeaderElection2] INFO  server.RaftServer$Division (ServerState.java:setLeader(272)) - 7c85452d-535d-4afd-8ce9-637c7af67bb0@group-28A5E13E86EF: change Leader from null to 7c85452d-535d-4afd-8ce9-637c7af67bb0 at term 2 for becomeLeader, leader elected after 1712ms
2025-09-19 20:43:02,576 [7c85452d-535d-4afd-8ce9-637c7af67bb0@group-28A5E13E86EF-LeaderElection2] INFO  segmented.SegmentedRaftLogWorker (SegmentedRaftLogWorker.java:rollLogSegment(445)) - 7c85452d-535d-4afd-8ce9-637c7af67bb0@group-28A5E13E86EF-SegmentedRaftLogWorker: Rolling segment log-0_0 to index:0
2025-09-19 20:43:02,576 [7c85452d-535d-4afd-8ce9-637c7af67bb0@group-28A5E13E86EF-LeaderElection2] INFO  server.RaftServer$Division (ServerState.java:setRaftConf(386)) - 7c85452d-535d-4afd-8ce9-637c7af67bb0@group-28A5E13E86EF: set configuration conf: {index: 1, cur=peers:[7c85452d-535d-4afd-8ce9-637c7af67bb0|localhost:15004]|listeners:[], old=null}
2025-09-19 20:43:02,578 [7c85452d-535d-4afd-8ce9-637c7af67bb0@group-28A5E13E86EF-SegmentedRaftLogWorker] INFO  segmented.SegmentedRaftLogWorker (SegmentedRaftLogWorker.java:execute(604)) - 7c85452d-535d-4afd-8ce9-637c7af67bb0@group-28A5E13E86EF-SegmentedRaftLogWorker: Rolled log segment from /home/runner/work/ozone/ozone/hadoop-ozone/integration-test/target/test-dir/MiniOzoneClusterImpl-990002c2-bb69-4aa2-bd68-28a5e13e86ef/scm/ratis/990002c2-bb69-4aa2-bd68-28a5e13e86ef/current/log_inprogress_0 to /home/runner/work/ozone/ozone/hadoop-ozone/integration-test/target/test-dir/MiniOzoneClusterImpl-990002c2-bb69-4aa2-bd68-28a5e13e86ef/scm/ratis/990002c2-bb69-4aa2-bd68-28a5e13e86ef/current/log_0-0
2025-09-19 20:43:02,580 [7c85452d-535d-4afd-8ce9-637c7af67bb0@group-28A5E13E86EF-SegmentedRaftLogWorker] INFO  segmented.BufferedWriteChannel (BufferedWriteChannel.java:open(61)) - open log_inprogress_1 at position 0
2025-09-19 20:43:02,586 [7c85452d-535d-4afd-8ce9-637c7af67bb0@group-28A5E13E86EF-SegmentedRaftLogWorker] INFO  segmented.SegmentedRaftLogWorker (SegmentedRaftLogWorker.java:execute(647)) - 7c85452d-535d-4afd-8ce9-637c7af67bb0@group-28A5E13E86EF-SegmentedRaftLogWorker: created new log segment /home/runner/work/ozone/ozone/hadoop-ozone/integration-test/target/test-dir/MiniOzoneClusterImpl-990002c2-bb69-4aa2-bd68-28a5e13e86ef/scm/ratis/990002c2-bb69-4aa2-bd68-28a5e13e86ef/current/log_inprogress_1
2025-09-19 20:43:02,590 [7c85452d-535d-4afd-8ce9-637c7af67bb0@group-28A5E13E86EF-StateMachineUpdater] INFO  server.RaftServer$Division (LeaderStateImpl.java:checkStartIndex(309)) - Leader 7c85452d-535d-4afd-8ce9-637c7af67bb0@group-28A5E13E86EF-LeaderStateImpl is ready since appliedIndex == startIndex == 1
2025-09-19 20:43:02,590 [7c85452d-535d-4afd-8ce9-637c7af67bb0@group-28A5E13E86EF-StateMachineUpdater] INFO  ha.SCMContext (SCMContext.java:setLeaderReady(122)) - update <isLeaderReady> from <false> to <true>
2025-09-19 20:43:02,590 [7c85452d-535d-4afd-8ce9-637c7af67bb0@group-28A5E13E86EF-StateMachineUpdater] INFO  pipeline.BackgroundPipelineCreator (BackgroundPipelineCreator.java:notifyStatusChanged(268)) - Service BackgroundPipelineCreator transitions to RUNNING.
2025-09-19 20:43:02,591 [7c85452d-535d-4afd-8ce9-637c7af67bb0@group-28A5E13E86EF-StateMachineUpdater] INFO  safemode.RatisContainerSafeModeRule (RatisContainerSafeModeRule.java:initializeRule(160)) - Refreshed Containers with one replica threshold count 0.
2025-09-19 20:43:02,591 [7c85452d-535d-4afd-8ce9-637c7af67bb0@group-28A5E13E86EF-StateMachineUpdater] INFO  safemode.HealthyPipelineSafeModeRule (HealthyPipelineSafeModeRule.java:initializeRule(228)) - Refreshed total pipeline count is 0, healthy pipeline threshold count is 1
2025-09-19 20:43:02,592 [7c85452d-535d-4afd-8ce9-637c7af67bb0@group-28A5E13E86EF-StateMachineUpdater] INFO  safemode.ECContainerSafeModeRule (ECContainerSafeModeRule.java:initializeRule(204)) - Refreshed Containers with ec n replica threshold count 0.
2025-09-19 20:43:02,592 [7c85452d-535d-4afd-8ce9-637c7af67bb0@group-28A5E13E86EF-StateMachineUpdater] INFO  safemode.OneReplicaPipelineSafeModeRule (OneReplicaPipelineSafeModeRule.java:initializeRule(186)) - Refreshed Total pipeline count is 0, pipeline's with at least one datanode reported threshold count is 0
2025-09-19 20:43:02,592 [7c85452d-535d-4afd-8ce9-637c7af67bb0@group-28A5E13E86EF-StateMachineUpdater] INFO  server.SCMDatanodeProtocolServer (SCMDatanodeProtocolServer.java:start(195)) - ScmDatanodeProtocol RPC server for DataNodes is listening at /0.0.0.0:15002
2025-09-19 20:43:02,593 [IPC Server Responder] INFO  ipc.Server (Server.java:run(1713)) - IPC Server Responder: starting
2025-09-19 20:43:02,593 [IPC Server listener on 15002] INFO  ipc.Server (Server.java:run(1553)) - IPC Server listener on 15002: starting
2025-09-19 20:43:04,520 [ForkJoinPool-1-worker-1] INFO  om.OzoneManager (OzoneManager.java:<init>(683)) - OM start with adminUsers: [admin, runner]
2025-09-19 20:43:04,647 [ForkJoinPool-1-worker-1] INFO  utils.NativeLibraryLoader (NativeLibraryLoader.java:loadLibrary(120)) - Loading Library: ozone_rocksdb_tools
2025-09-19 20:43:04,941 [ForkJoinPool-1-worker-1] INFO  om.OzoneManager (OzoneManager.java:instantiateServices(927)) - S3 Multi-Tenancy is disabled
2025-09-19 20:43:04,956 [ForkJoinPool-1-worker-1] INFO  acl.OzoneAuthorizerFactory (OzoneAuthorizerFactory.java:create(69)) - om1: Authorizer for OM is class org.apache.hadoop.ozone.security.acl.OzoneAccessAuthorizer
2025-09-19 20:43:04,977 [ForkJoinPool-1-worker-1] INFO  om.OmSnapshotManager (OmSnapshotManager.java:<init>(203)) - Ozone filesystem snapshot feature is enabled.
2025-09-19 20:43:05,022 [ForkJoinPool-1-worker-1] INFO  utils.BackgroundService (BackgroundService.java:start(119)) - Starting service SnapshotDiffCleanupService with interval 60000 milliseconds
2025-09-19 20:43:05,061 [ForkJoinPool-1-worker-1] INFO  om.OzoneManager (OzoneManager.java:addS3GVolumeToDB(4708)) - Created Volume s3v With Owner runner required for S3Gateway operations.
2025-09-19 20:43:05,115 [ForkJoinPool-1-worker-1] WARN  dropwizard3.Dm3MetricRegistriesImpl (Dm3MetricRegistriesImpl.java:addReporterRegistration(114)) - New reporters are added after registries were created. Some metrics will be missing from the reporter. Please add reporter before adding any new registry.
2025-09-19 20:43:05,115 [ForkJoinPool-1-worker-1] WARN  dropwizard3.Dm3MetricRegistriesImpl (Dm3MetricRegistriesImpl.java:addReporterRegistration(114)) - New reporters are added after registries were created. Some metrics will be missing from the reporter. Please add reporter before adding any new registry.
2025-09-19 20:43:05,117 [ForkJoinPool-1-worker-1] INFO  server.RaftServerConfigKeys (ConfUtils.java:logGet(62)) - raft.server.log.appender.buffer.byte-limit = 4194304 (custom)
2025-09-19 20:43:05,119 [ForkJoinPool-1-worker-1] INFO  ratis.OzoneManagerRatisServer (OzoneManagerRatisServer.java:<init>(169)) - Instantiating OM Ratis server with groupID: omServiceIdDefault and peers: localhost:15009
2025-09-19 20:43:05,123 [ForkJoinPool-1-worker-1] INFO  ratis.OzoneManagerStateMachine (OzoneManagerStateMachine.java:loadSnapshotInfoFromDB(628)) - TransactionInfo not found in OM DB.
2025-09-19 20:43:05,156 [ForkJoinPool-1-worker-1] INFO  grpc.GrpcConfigKeys (ConfUtils.java:logFallback(69)) - raft.grpc.admin.host = null (fallback to raft.grpc.server.host)
2025-09-19 20:43:05,156 [ForkJoinPool-1-worker-1] INFO  grpc.GrpcConfigKeys (ConfUtils.java:logFallback(69)) - raft.grpc.admin.port = 15009 (fallback to raft.grpc.server.port)
2025-09-19 20:43:05,156 [ForkJoinPool-1-worker-1] INFO  grpc.GrpcConfigKeys (ConfUtils.java:logFallback(69)) - raft.grpc.client.host = null (fallback to raft.grpc.server.host)
2025-09-19 20:43:05,156 [ForkJoinPool-1-worker-1] INFO  grpc.GrpcConfigKeys (ConfUtils.java:logFallback(69)) - raft.grpc.client.port = 15009 (fallback to raft.grpc.server.port)
2025-09-19 20:43:05,157 [ForkJoinPool-1-worker-1] INFO  grpc.GrpcConfigKeys (ConfUtils.java:logGet(62)) - raft.grpc.server.port = 15009 (custom)
2025-09-19 20:43:05,157 [ForkJoinPool-1-worker-1] INFO  server.GrpcServicesImpl (ConfUtils.java:logGet(62)) - raft.grpc.message.size.max = 5242880 (custom)
2025-09-19 20:43:05,157 [ForkJoinPool-1-worker-1] INFO  server.RaftServerConfigKeys (ConfUtils.java:logGet(62)) - raft.server.rpc.request.timeout = 3000ms (default)
2025-09-19 20:43:05,157 [ForkJoinPool-1-worker-1] INFO  server.RaftServerConfigKeys (ConfUtils.java:logGet(62)) - raft.server.log.appender.buffer.byte-limit = 4194304 (custom)
2025-09-19 20:43:05,158 [ForkJoinPool-1-worker-1] INFO  server.RaftServerConfigKeys (ConfUtils.java:logGet(62)) - raft.server.storage.dir = [/home/runner/work/ozone/ozone/hadoop-ozone/integration-test/target/test-dir/MiniOzoneClusterImpl-990002c2-bb69-4aa2-bd68-28a5e13e86ef/om/ratis] (custom)
2025-09-19 20:43:05,159 [ForkJoinPool-1-worker-1] INFO  server.RaftServer (RaftServerProxy.java:addNew(105)) - om1: addNew group-C5BA1605619E:[om1|localhost:15009] returns group-C5BA1605619E:java.util.concurrent.CompletableFuture@3c3ad1f6[Not completed]
2025-09-19 20:43:05,159 [om1-groupManagement] INFO  server.RaftServer$Division (RaftServerImpl.java:<init>(268)) - om1: new RaftServerImpl for group-C5BA1605619E:[om1|localhost:15009] with OzoneManagerStateMachine:uninitialized
2025-09-19 20:43:05,160 [om1-groupManagement] INFO  server.RaftServerConfigKeys (ConfUtils.java:logGet(62)) - raft.server.rpc.timeout.min = 1s (custom)
2025-09-19 20:43:05,160 [om1-groupManagement] INFO  server.RaftServerConfigKeys (ConfUtils.java:logGet(62)) - raft.server.rpc.timeout.max = 1200ms (custom)
2025-09-19 20:43:05,160 [ForkJoinPool-1-worker-1] INFO  om.OzoneManager (OzoneManager.java:initializeRatisServer(2338)) - OzoneManager Ratis server initialized at port 15009
2025-09-19 20:43:05,160 [om1-groupManagement] INFO  server.RaftServer$Division (ServerState.java:<init>(114)) - om1@group-C5BA1605619E: ConfigurationManager, init=conf: {index: -1, cur=peers:[om1|localhost:15009]|listeners:[], old=null}, confs=<EMPTY_MAP>
2025-09-19 20:43:05,161 [om1-groupManagement] INFO  server.RaftServerConfigKeys (ConfUtils.java:logGet(62)) - raft.server.notification.no-leader.timeout = 120s (custom)
2025-09-19 20:43:05,161 [om1-groupManagement] INFO  server.RaftServerConfigKeys (ConfUtils.java:logGet(62)) - raft.server.retrycache.expirytime = 300s (custom)
2025-09-19 20:43:05,165 [ForkJoinPool-1-worker-1] INFO  om.OzoneManager (OzoneManager.java:getRpcServer(1390)) - Creating RPC Server
2025-09-19 20:43:06,204 [ForkJoinPool-1-worker-1] INFO  reflections.Reflections (Reflections.java:scan(219)) - Reflections took 991 ms to scan 25 urls, producing 62 keys and 7927 values
2025-09-19 20:43:06,349 [ForkJoinPool-1-worker-1] INFO  ipc.CallQueueManager (CallQueueManager.java:<init>(93)) - Using callQueue: class java.util.concurrent.LinkedBlockingQueue, queueCapacity: 2000, scheduler: class org.apache.hadoop.ipc.DefaultRpcScheduler, ipcBackoff: false, ipcFailOver: false.
2025-09-19 20:43:06,349 [ForkJoinPool-1-worker-1] INFO  ipc.Server (Server.java:<init>(1438)) - Listener at 127.0.0.1:15006
2025-09-19 20:43:06,350 [Socket Reader #1 for port 15006] INFO  ipc.Server (Server.java:run(1474)) - Starting Socket Reader #1 for port 15006
2025-09-19 20:43:06,350 [Socket Reader #2 for port 15006] INFO  ipc.Server (Server.java:run(1474)) - Starting Socket Reader #2 for port 15006
2025-09-19 20:43:06,351 [Socket Reader #3 for port 15006] INFO  ipc.Server (Server.java:run(1474)) - Starting Socket Reader #3 for port 15006
2025-09-19 20:43:06,351 [Socket Reader #5 for port 15006] INFO  ipc.Server (Server.java:run(1474)) - Starting Socket Reader #5 for port 15006
2025-09-19 20:43:06,352 [Socket Reader #4 for port 15006] INFO  ipc.Server (Server.java:run(1474)) - Starting Socket Reader #4 for port 15006
2025-09-19 20:43:06,352 [Socket Reader #6 for port 15006] INFO  ipc.Server (Server.java:run(1474)) - Starting Socket Reader #6 for port 15006
2025-09-19 20:43:06,353 [Socket Reader #7 for port 15006] INFO  ipc.Server (Server.java:run(1474)) - Starting Socket Reader #7 for port 15006
2025-09-19 20:43:06,354 [Socket Reader #8 for port 15006] INFO  ipc.Server (Server.java:run(1474)) - Starting Socket Reader #8 for port 15006
2025-09-19 20:43:06,355 [Socket Reader #9 for port 15006] INFO  ipc.Server (Server.java:run(1474)) - Starting Socket Reader #9 for port 15006
2025-09-19 20:43:06,355 [Socket Reader #10 for port 15006] INFO  ipc.Server (Server.java:run(1474)) - Starting Socket Reader #10 for port 15006
2025-09-19 20:43:06,392 [ForkJoinPool-1-worker-1] INFO  impl.MetricsSystemImpl (MetricsSystemImpl.java:init(158)) - OzoneManager metrics system started (again)
2025-09-19 20:43:06,415 [ForkJoinPool-1-worker-1] INFO  om.OzoneManager (OzoneManager.java:start(1822)) - OzoneManager RPC server is listening at localhost/127.0.0.1:15006
2025-09-19 20:43:06,416 [ForkJoinPool-1-worker-1] INFO  ratis.OzoneManagerRatisServer (OzoneManagerRatisServer.java:start(673)) - Starting OzoneManagerRatisServer om1 at port 15009
2025-09-19 20:43:06,416 [om1-impl-thread1] INFO  storage.RaftStorageDirectory (RaftStorageDirectoryImpl.java:analyzeStorage(138)) - The storage directory /home/runner/work/ozone/ozone/hadoop-ozone/integration-test/target/test-dir/MiniOzoneClusterImpl-990002c2-bb69-4aa2-bd68-28a5e13e86ef/om/ratis/bf265839-605b-3f16-9796-c5ba1605619e does not exist. Creating ...
2025-09-19 20:43:06,418 [om1-impl-thread1] INFO  storage.RaftStorageDirectory (RaftStorageDirectoryImpl.java:tryLock(229)) - Lock on /home/runner/work/ozone/ozone/hadoop-ozone/integration-test/target/test-dir/MiniOzoneClusterImpl-990002c2-bb69-4aa2-bd68-28a5e13e86ef/om/ratis/bf265839-605b-3f16-9796-c5ba1605619e/in_use.lock acquired by nodename 22744@localhost
2025-09-19 20:43:06,419 [om1-impl-thread1] INFO  storage.RaftStorage (RaftStorageImpl.java:format(98)) - Storage directory /home/runner/work/ozone/ozone/hadoop-ozone/integration-test/target/test-dir/MiniOzoneClusterImpl-990002c2-bb69-4aa2-bd68-28a5e13e86ef/om/ratis/bf265839-605b-3f16-9796-c5ba1605619e has been successfully formatted.
2025-09-19 20:43:06,420 [om1-impl-thread1] INFO  ratis.OzoneManagerStateMachine (OzoneManagerStateMachine.java:lambda$0(138)) - om1: initialize group-C5BA1605619E with <INITIAL_VALUE>
2025-09-19 20:43:06,420 [om1-impl-thread1] INFO  server.RaftServerConfigKeys (ConfUtils.java:logGet(62)) - raft.server.log.appender.buffer.byte-limit = 4194304 (custom)
2025-09-19 20:43:06,423 [om1-impl-thread1] INFO  server.RaftServerConfigKeys (ConfUtils.java:logGet(62)) - raft.server.log.segment.size.max = 67108864 (custom)
2025-09-19 20:43:06,425 [om1-impl-thread1] INFO  server.RaftServerConfigKeys (ConfUtils.java:logGet(62)) - raft.server.log.appender.buffer.byte-limit = 4194304 (custom)
2025-09-19 20:43:06,426 [om1-impl-thread1] INFO  util.AwaitToRun (AwaitToRun.java:start(81)) - Thread[#464,om1@group-C5BA1605619E-cacheEviction-AwaitToRun,5,main] started
2025-09-19 20:43:06,426 [om1-impl-thread1] INFO  segmented.SegmentedRaftLogWorker (SegmentedRaftLogWorker.java:<init>(190)) - new om1@group-C5BA1605619E-SegmentedRaftLogWorker for RaftStorageImpl:Storage Directory /home/runner/work/ozone/ozone/hadoop-ozone/integration-test/target/test-dir/MiniOzoneClusterImpl-990002c2-bb69-4aa2-bd68-28a5e13e86ef/om/ratis/bf265839-605b-3f16-9796-c5ba1605619e
2025-09-19 20:43:06,426 [om1-impl-thread1] INFO  server.RaftServerConfigKeys (ConfUtils.java:logGet(62)) - raft.server.log.segment.size.max = 67108864 (custom)
2025-09-19 20:43:06,426 [om1-impl-thread1] INFO  server.RaftServerConfigKeys (ConfUtils.java:logGet(62)) - raft.server.log.preallocated.size = 4194304 (custom)
2025-09-19 20:43:06,428 [om1-impl-thread1] INFO  server.RaftServerConfigKeys (ConfUtils.java:logGet(62)) - raft.server.log.write.buffer.size = 4194312 (custom)
2025-09-19 20:43:06,428 [om1-impl-thread1] INFO  server.RaftServerConfigKeys (ConfUtils.java:logGet(62)) - raft.server.log.appender.buffer.byte-limit = 4194304 (custom)
2025-09-19 20:43:06,429 [om1-impl-thread1] INFO  segmented.SegmentedRaftLogWorker (SegmentedRaftLogWorker.java:lambda$new$0(141)) - om1@group-C5BA1605619E-SegmentedRaftLogWorker: flushIndex: setUnconditionally 0 -> -1
2025-09-19 20:43:06,429 [om1-impl-thread1] INFO  segmented.SegmentedRaftLogWorker (SegmentedRaftLogWorker.java:lambda$new$0(141)) - om1@group-C5BA1605619E-SegmentedRaftLogWorker: safeCacheEvictIndex: setUnconditionally 0 -> -1
2025-09-19 20:43:06,430 [om1-impl-thread1] INFO  server.RaftServer$Division (RaftServerImpl.java:start(405)) - om1@group-C5BA1605619E: start as a follower, conf=conf: {index: -1, cur=peers:[om1|localhost:15009]|listeners:[], old=null}
2025-09-19 20:43:06,431 [om1-impl-thread1] INFO  server.RaftServer$Division (RaftServerImpl.java:setRole(392)) - om1@group-C5BA1605619E: changes role from      null to FOLLOWER at term 0 for startAsFollower
2025-09-19 20:43:06,431 [om1-impl-thread1] INFO  impl.RoleInfo (RoleInfo.java:updateAndGet(148)) - om1: start om1@group-C5BA1605619E-FollowerState
2025-09-19 20:43:06,432 [om1@group-C5BA1605619E-FollowerState] INFO  server.RaftServerConfigKeys (ConfUtils.java:logFallback(69)) - raft.server.rpc.first-election.timeout.min = 1s (fallback to raft.server.rpc.timeout.min)
2025-09-19 20:43:06,432 [om1@group-C5BA1605619E-FollowerState] INFO  server.RaftServerConfigKeys (ConfUtils.java:logFallback(69)) - raft.server.rpc.first-election.timeout.max = 1200ms (fallback to raft.server.rpc.timeout.max)
2025-09-19 20:43:06,432 [om1-impl-thread1] INFO  util.JmxRegister (JmxRegister.java:tryRegister(44)) - Successfully registered JMX Bean with object name Ratis:service=RaftServer,group=group-C5BA1605619E,id=om1
2025-09-19 20:43:06,432 [om1-impl-thread1] INFO  util.JmxRegister (JmxRegister.java:register(58)) - register mxBean class org.apache.ratis.server.impl.RaftServerJmxAdapter as Ratis:service=RaftServer,group=group-C5BA1605619E,id=om1
2025-09-19 20:43:06,433 [om1-impl-thread1] INFO  server.RaftServerConfigKeys (ConfUtils.java:logGet(62)) - raft.server.snapshot.auto.trigger.threshold = 400000 (default)
2025-09-19 20:43:06,433 [om1-impl-thread1] INFO  server.RaftServerConfigKeys (ConfUtils.java:logGet(62)) - raft.server.log.purge.upto.snapshot.index = true (custom)
2025-09-19 20:43:06,434 [om1-impl-thread1] INFO  server.RaftServer$Division (RaftServerImpl.java:start(419)) - om1@group-C5BA1605619E: Successfully started.
2025-09-19 20:43:06,434 [ForkJoinPool-1-worker-1] INFO  server.RaftServer (RaftServerProxy.java:startImpl(412)) - om1: start RPC server
2025-09-19 20:43:06,435 [ForkJoinPool-1-worker-1] INFO  server.GrpcServicesImpl (GrpcServicesImpl.java:startImpl(346)) - om1: GrpcServicesImpl started, listening on 15009
2025-09-19 20:43:06,435 [JvmPauseMonitor2] INFO  util.JvmPauseMonitor (JvmPauseMonitor.java:run(146)) - JvmPauseMonitor-om1: Started
2025-09-19 20:43:06,436 [ForkJoinPool-1-worker-1] INFO  om.OzoneManager (OzoneManager.java:start(1837)) - Version File has different layout version (8) than OM DB (null). That is expected if this OM has never been finalized to a newer layout version.
2025-09-19 20:43:06,454 [ForkJoinPool-1-worker-1] INFO  client.ScmTopologyClient (ScmTopologyClient.java:start(70)) - Initial network topology fetched from SCM: /.
2025-09-19 20:43:06,455 [ForkJoinPool-1-worker-1] INFO  net.NodeSchemaLoader (NodeSchemaLoader.java:loadSchemaFromFile(128)) - Loading schema from [jar:file:/home/runner/work/ozone/ozone/hadoop-hdds/common/target/hdds-common-2.1.0-SNAPSHOT.jar!/network-topology-default.xml]
2025-09-19 20:43:06,455 [ForkJoinPool-1-worker-1] INFO  net.NodeSchemaLoader (NodeSchemaLoader.java:loadSchema(175)) - Loading network topology layer schema file
2025-09-19 20:43:06,463 [ForkJoinPool-1-worker-1] INFO  utils.BackgroundService (BackgroundService.java:start(119)) - Starting service KeyDeletingService with interval 60000 milliseconds
2025-09-19 20:43:06,467 [ForkJoinPool-1-worker-1] INFO  utils.BackgroundService (BackgroundService.java:start(119)) - Starting service DirectoryDeletingService with interval 120000 milliseconds
2025-09-19 20:43:06,468 [ForkJoinPool-1-worker-1] INFO  utils.BackgroundService (BackgroundService.java:start(119)) - Starting service OpenKeyCleanupService with interval 86400000 milliseconds
2025-09-19 20:43:06,471 [ForkJoinPool-1-worker-1] INFO  utils.BackgroundService (BackgroundService.java:start(119)) - Starting service SstFilteringService with interval 60000 milliseconds
2025-09-19 20:43:06,473 [ForkJoinPool-1-worker-1] INFO  utils.BackgroundService (BackgroundService.java:start(119)) - Starting service SnapshotDeletingService with interval 30000 milliseconds
2025-09-19 20:43:06,474 [ForkJoinPool-1-worker-1] INFO  utils.BackgroundService (BackgroundService.java:start(119)) - Starting service MultipartUploadCleanupService with interval 86400000 milliseconds
2025-09-19 20:43:06,477 [ForkJoinPool-1-worker-1] INFO  http.BaseHttpServer (BaseHttpServer.java:newHttpServer2BuilderForOzone(227)) - Starting Web-server for ozoneManager at: http://0.0.0.0:15007
2025-09-19 20:43:06,477 [ForkJoinPool-1-worker-1] INFO  http.BaseHttpServer (BaseHttpServer.java:<init>(105)) - Hadoop Security Enabled: false Ozone Security Enabled: false Ozone HTTP Security Enabled: false 
2025-09-19 20:43:06,479 [ForkJoinPool-1-worker-1] WARN  server.AuthenticationFilter (AuthenticationFilter.java:constructSecretProvider(240)) - Unable to initialize FileSignerSecretProvider, falling back to use random secrets. Reason: Could not read signature secret file: /home/runner/hadoop-http-auth-signature-secret
2025-09-19 20:43:06,483 [ForkJoinPool-1-worker-1] INFO  http.HttpServer2 (HttpServer2.java:addGlobalFilter(1041)) - Added global filter 'safety' (class=org.apache.hadoop.hdds.server.http.HttpServer2$QuotingInputFilter)
2025-09-19 20:43:06,485 [ForkJoinPool-1-worker-1] INFO  http.HttpServer2 (HttpServer2.java:addFilter(1017)) - Added filter static_user_filter (class=org.apache.hadoop.http.lib.StaticUserWebFilter$StaticUserFilter) to context ozoneManager
2025-09-19 20:43:06,485 [ForkJoinPool-1-worker-1] INFO  http.HttpServer2 (HttpServer2.java:addFilter(1025)) - Added filter static_user_filter (class=org.apache.hadoop.http.lib.StaticUserWebFilter$StaticUserFilter) to context logs
2025-09-19 20:43:06,485 [ForkJoinPool-1-worker-1] INFO  http.HttpServer2 (HttpServer2.java:addFilter(1025)) - Added filter static_user_filter (class=org.apache.hadoop.http.lib.StaticUserWebFilter$StaticUserFilter) to context static
2025-09-19 20:43:06,486 [ForkJoinPool-1-worker-1] INFO  http.BaseHttpServer (BaseHttpServer.java:<init>(193)) - HTTP server of ozoneManager uses base directory /home/runner/work/ozone/ozone/hadoop-ozone/integration-test/target/test-dir/MiniOzoneClusterImpl-990002c2-bb69-4aa2-bd68-28a5e13e86ef/scm/ozone-metadata/webserver
2025-09-19 20:43:06,491 [ForkJoinPool-1-worker-1] INFO  http.HttpServer2 (HttpServer2.java:bindListener(1241)) - Jetty bound to port 15007
2025-09-19 20:43:06,491 [ForkJoinPool-1-worker-1] INFO  server.Server (Server.java:doStart(375)) - jetty-9.4.58.v20250814; built: 2025-08-14T02:28:49.637Z; git: 8f1440587e9e4ae7db3d74cf205643f3d707148d; jvm 21.0.8+9-LTS
2025-09-19 20:43:06,493 [ForkJoinPool-1-worker-1] INFO  server.session (DefaultSessionIdManager.java:doStart(334)) - DefaultSessionIdManager workerName=node0
2025-09-19 20:43:06,493 [ForkJoinPool-1-worker-1] INFO  server.session (DefaultSessionIdManager.java:doStart(339)) - No SessionScavenger set, using defaults
2025-09-19 20:43:06,493 [ForkJoinPool-1-worker-1] INFO  server.session (HouseKeeper.java:startScavenging(132)) - node0 Scavenging every 600000ms
2025-09-19 20:43:06,494 [ForkJoinPool-1-worker-1] INFO  handler.ContextHandler (ContextHandler.java:doStart(921)) - Started o.e.j.s.ServletContextHandler@753e022a{logs,/logs,file:///home/runner/work/ozone/ozone/hadoop-ozone/integration-test/target/log,AVAILABLE}
2025-09-19 20:43:06,495 [ForkJoinPool-1-worker-1] INFO  handler.ContextHandler (ContextHandler.java:doStart(921)) - Started o.e.j.s.ServletContextHandler@56666631{static,/static,file:///home/runner/work/ozone/ozone/hadoop-ozone/integration-test/target/test-classes/webapps/static,AVAILABLE}
2025-09-19 20:43:06,504 [ForkJoinPool-1-worker-1] INFO  handler.ContextHandler (ContextHandler.java:doStart(921)) - Started o.e.j.w.WebAppContext@23f071c5{ozoneManager,/,file:///home/runner/work/ozone/ozone/hadoop-ozone/integration-test/target/test-classes/webapps/ozoneManager/,AVAILABLE}{file:/home/runner/work/ozone/ozone/hadoop-ozone/integration-test/target/test-classes/webapps/ozoneManager}
2025-09-19 20:43:06,505 [ForkJoinPool-1-worker-1] INFO  server.AbstractConnector (AbstractConnector.java:doStart(333)) - Started ServerConnector@4c05f351{HTTP/1.1, (http/1.1)}{0.0.0.0:15007}
2025-09-19 20:43:06,505 [ForkJoinPool-1-worker-1] INFO  server.Server (Server.java:doStart(415)) - Started @10723ms
2025-09-19 20:43:06,505 [ForkJoinPool-1-worker-1] WARN  impl.MetricsSystemImpl (MetricsSystemImpl.java:register(279)) - Sink prometheus already exists!
2025-09-19 20:43:06,505 [ForkJoinPool-1-worker-1] INFO  http.BaseHttpServer (BaseHttpServer.java:updateConnectorAddress(357)) - HTTP server of ozoneManager listening at http://localhost:15007
2025-09-19 20:43:06,505 [IPC Server Responder] INFO  ipc.Server (Server.java:run(1713)) - IPC Server Responder: starting
2025-09-19 20:43:06,506 [IPC Server listener on 15006] INFO  ipc.Server (Server.java:run(1553)) - IPC Server listener on 15006: starting
2025-09-19 20:43:06,508 [ForkJoinPool-1-worker-1] INFO  om.OzoneManager (OzoneManager.java:startTrashEmptier(2292)) - Trash Interval set to 0. Files deleted won't move to trash
2025-09-19 20:43:06,524 [ForkJoinPool-1-worker-1] INFO  db.CodecBuffer (CodecBuffer.java:set(85)) - Successfully set constructor to LeakDetector::newCodecBuffer: org.apache.hadoop.hdds.utils.db.CodecBuffer$$Lambda/0x00007f7d2481aa30@48114249
2025-09-19 20:43:06,609 [ForkJoinPool-1-worker-1] WARN  dropwizard3.Dm3MetricRegistriesImpl (Dm3MetricRegistriesImpl.java:addReporterRegistration(114)) - New reporters are added after registries were created. Some metrics will be missing from the reporter. Please add reporter before adding any new registry.
2025-09-19 20:43:06,610 [ForkJoinPool-1-worker-1] WARN  dropwizard3.Dm3MetricRegistriesImpl (Dm3MetricRegistriesImpl.java:addReporterRegistration(114)) - New reporters are added after registries were created. Some metrics will be missing from the reporter. Please add reporter before adding any new registry.
2025-09-19 20:43:06,610 [ForkJoinPool-1-worker-1] INFO  impl.MetricsSystemImpl (MetricsSystemImpl.java:init(158)) - HddsDatanode metrics system started (again)
2025-09-19 20:43:06,642 [ForkJoinPool-1-worker-1] INFO  protocol.DatanodeDetails (DatanodeDetails.java:validateDatanodeIpAddress(199)) - Updating IP address of datanode 8eb9963e-bce0-4155-aea2-e442cadff8bd(localhost/null) to 127.0.0.1
2025-09-19 20:43:06,642 [ForkJoinPool-1-worker-1] INFO  ozone.HddsDatanodeService (HddsDatanodeService.java:start(236)) - HddsDatanodeService 8eb9963e-bce0-4155-aea2-e442cadff8bd(localhost/127.0.0.1)
2025-09-19 20:43:06,649 [ForkJoinPool-1-worker-1] INFO  upgrade.AbstractLayoutVersionManager (AbstractLayoutVersionManager.java:init(80)) - Initializing Layout version manager with metadata layout = WITNESSED_CONTAINER_DB_PROTO_VALUE (version = 9), software layout = WITNESSED_CONTAINER_DB_PROTO_VALUE (version = 9)
2025-09-19 20:43:06,651 [ForkJoinPool-1-worker-1] INFO  statemachine.DatanodeStateMachine (DatanodeStateMachine.java:getEndPointTaskThreadPoolSize(321)) - Datanode State Machine Task Thread Pool size 2
2025-09-19 20:43:06,699 [ForkJoinPool-1-worker-1] INFO  volume.HddsVolume (HddsVolume.java:<init>(162)) - HddsVolume: { id=DS-8f1226c8-c180-4bcf-971d-5104142c0614 dir=/home/runner/work/ozone/ozone/hadoop-ozone/integration-test/target/test-dir/MiniOzoneClusterImpl-990002c2-bb69-4aa2-bd68-28a5e13e86ef/ozone-metadata/datanode-1/data-0/hdds type=DISK capacity=9222449699674390527 used=0 available=9222449699674390527 minFree=9222450130714624 committed=0 }
2025-09-19 20:43:06,700 [ForkJoinPool-1-worker-1] INFO  volume.MutableVolumeSet (MutableVolumeSet.java:initializeVolumeSet(175)) - Added Volume : /home/runner/work/ozone/ozone/hadoop-ozone/integration-test/target/test-dir/MiniOzoneClusterImpl-990002c2-bb69-4aa2-bd68-28a5e13e86ef/ozone-metadata/datanode-1/data-0/hdds to VolumeSet
2025-09-19 20:43:06,704 [ForkJoinPool-1-worker-1] INFO  volume.MutableVolumeSet (MutableVolumeSet.java:initializeVolumeSet(175)) - Added Volume : /home/runner/work/ozone/ozone/hadoop-ozone/integration-test/target/test-dir/MiniOzoneClusterImpl-990002c2-bb69-4aa2-bd68-28a5e13e86ef/ozone-metadata/datanode-1/ratis to VolumeSet
2025-09-19 20:43:06,707 [ForkJoinPool-1-worker-1] INFO  ozoneimpl.OzoneContainer (HddsVolumeUtil.java:loadAllHddsVolumeDbStore(102)) - Load 1 volumes DbStore cost: 1ms
2025-09-19 20:43:06,712 [ForkJoinPool-1-worker-1] WARN  db.DBStoreBuilder (DBStoreBuilder.java:getDBDirPath(158)) - ozone.scm.datanode.id.dir is not configured. We recommend adding this setting. Falling back to ozone.metadata.dirs instead.
2025-09-19 20:43:06,717 [ForkJoinPool-1-worker-1] WARN  db.DBStoreBuilder (DBStoreBuilder.java:getDBDirPath(158)) - ozone.scm.datanode.id.dir is not configured. We recommend adding this setting. Falling back to ozone.metadata.dirs instead.
2025-09-19 20:43:06,770 [ForkJoinPool-1-worker-1] INFO  impl.FilePerChunkStrategy (FilePerChunkStrategy.java:<init>(79)) - ozone.chunk.read.mapped.buffer.max.count is load with 0
2025-09-19 20:43:06,773 [ForkJoinPool-1-worker-1] INFO  impl.FilePerBlockStrategy (FilePerBlockStrategy.java:<init>(88)) - ozone.chunk.read.mapped.buffer.max.count is load with 0
2025-09-19 20:43:06,807 [ForkJoinPool-1-worker-1] INFO  audit.AuditLogger (AuditLogger.java:refreshDebugCmdSet(133)) - Refresh DebugCmdSet for DNAudit to [].
2025-09-19 20:43:06,821 [ForkJoinPool-1-worker-1] INFO  server.RaftServerConfigKeys (ConfUtils.java:logGet(62)) - raft.server.log.appender.buffer.byte-limit = 33554432 (custom)
2025-09-19 20:43:06,831 [ForkJoinPool-1-worker-1] INFO  grpc.GrpcConfigKeys (ConfUtils.java:logFallback(69)) - raft.grpc.admin.host = null (fallback to raft.grpc.server.host)
2025-09-19 20:43:06,831 [ForkJoinPool-1-worker-1] INFO  grpc.GrpcConfigKeys (ConfUtils.java:logGet(62)) - raft.grpc.admin.port = 15014 (custom)
2025-09-19 20:43:06,831 [ForkJoinPool-1-worker-1] INFO  grpc.GrpcConfigKeys (ConfUtils.java:logFallback(69)) - raft.grpc.client.host = null (fallback to raft.grpc.server.host)
2025-09-19 20:43:06,831 [ForkJoinPool-1-worker-1] INFO  grpc.GrpcConfigKeys (ConfUtils.java:logGet(62)) - raft.grpc.client.port = 15013 (custom)
2025-09-19 20:43:06,831 [ForkJoinPool-1-worker-1] INFO  grpc.GrpcConfigKeys (ConfUtils.java:logGet(62)) - raft.grpc.server.port = 15015 (custom)
2025-09-19 20:43:06,831 [ForkJoinPool-1-worker-1] INFO  server.GrpcServicesImpl (ConfUtils.java:logGet(62)) - raft.grpc.message.size.max = 34603008 (custom)
2025-09-19 20:43:06,832 [ForkJoinPool-1-worker-1] INFO  server.GrpcServicesImpl (ConfUtils.java:logGet(62)) - raft.grpc.flow.control.window = 5MB (=5242880) (custom)
2025-09-19 20:43:06,832 [ForkJoinPool-1-worker-1] INFO  server.RaftServerConfigKeys (ConfUtils.java:logGet(62)) - raft.server.log.appender.buffer.byte-limit = 33554432 (custom)
2025-09-19 20:43:06,834 [ForkJoinPool-1-worker-1] INFO  impl.DataStreamServerImpl (ConfUtils.java:logGet(62)) - raft.datastream.type = NETTY (custom)
2025-09-19 20:43:06,843 [ForkJoinPool-1-worker-1] INFO  server.RaftServerConfigKeys (ConfUtils.java:logGet(62)) - raft.server.data-stream.async.request.thread.pool.cached = false (default)
2025-09-19 20:43:06,843 [ForkJoinPool-1-worker-1] INFO  server.RaftServerConfigKeys (ConfUtils.java:logGet(62)) - raft.server.data-stream.async.request.thread.pool.size = 20 (custom)
2025-09-19 20:43:06,844 [ForkJoinPool-1-worker-1] INFO  server.RaftServerConfigKeys (ConfUtils.java:logGet(62)) - raft.server.data-stream.async.write.thread.pool.size = 16 (default)
2025-09-19 20:43:06,845 [ForkJoinPool-1-worker-1] INFO  netty.NettyConfigKeys$DataStream (ConfUtils.java:logGet(62)) - raft.netty.dataStream.server.channel.inactive.grace-period = 10min (default)
2025-09-19 20:43:06,846 [ForkJoinPool-1-worker-1] INFO  server.RaftServerConfigKeys (ConfUtils.java:logGet(62)) - raft.server.data-stream.client.pool.size = 10 (default)
2025-09-19 20:43:06,848 [ForkJoinPool-1-worker-1] INFO  netty.NettyConfigKeys$DataStream (ConfUtils.java:logGet(62)) - raft.netty.dataStream.server.use-epoll = true (default)
2025-09-19 20:43:06,848 [ForkJoinPool-1-worker-1] INFO  netty.NettyConfigKeys$DataStream (ConfUtils.java:logGet(62)) - raft.netty.dataStream.server.boss-group.size = 0 (default)
2025-09-19 20:43:06,849 [ForkJoinPool-1-worker-1] INFO  netty.NettyUtils (NettyUtils.java:newEventLoopGroup(74)) - Create EpollEventLoopGroup for 8eb9963e-bce0-4155-aea2-e442cadff8bd-NettyServerStreamRpc-bossGroup; Thread size is 0.
2025-09-19 20:43:06,850 [ForkJoinPool-1-worker-1] INFO  netty.NettyConfigKeys$DataStream (ConfUtils.java:logGet(62)) - raft.netty.dataStream.server.worker-group.size = 0 (default)
2025-09-19 20:43:06,850 [ForkJoinPool-1-worker-1] INFO  netty.NettyUtils (NettyUtils.java:newEventLoopGroup(74)) - Create EpollEventLoopGroup for 8eb9963e-bce0-4155-aea2-e442cadff8bd-NettyServerStreamRpc-workerGroup; Thread size is 0.
2025-09-19 20:43:06,852 [ForkJoinPool-1-worker-1] INFO  netty.NettyConfigKeys$DataStream (ConfUtils.java:logGet(62)) - raft.netty.dataStream.port = 15016 (custom)
2025-09-19 20:43:06,855 [ForkJoinPool-1-worker-1] INFO  server.RaftServerConfigKeys (ConfUtils.java:logGet(62)) - raft.server.storage.dir = [/home/runner/work/ozone/ozone/hadoop-ozone/integration-test/target/test-dir/MiniOzoneClusterImpl-990002c2-bb69-4aa2-bd68-28a5e13e86ef/ozone-metadata/datanode-1/ratis] (custom)
2025-09-19 20:43:06,856 [8eb9963e-bce0-4155-aea2-e442cadff8bd-impl-thread1] INFO  server.RaftServer (RaftServerProxy.java:initGroupDir(270)) - 8eb9963e-bce0-4155-aea2-e442cadff8bd: found a subdirectory /home/runner/work/ozone/ozone/hadoop-ozone/integration-test/target/test-dir/MiniOzoneClusterImpl-990002c2-bb69-4aa2-bd68-28a5e13e86ef/ozone-metadata/datanode-1/ratis/tmp
2025-09-19 20:43:06,856 [8eb9963e-bce0-4155-aea2-e442cadff8bd-impl-thread1] INFO  server.RaftServer (RaftServerProxy.java:initGroupDir(275)) - 8eb9963e-bce0-4155-aea2-e442cadff8bd: The directory /home/runner/work/ozone/ozone/hadoop-ozone/integration-test/target/test-dir/MiniOzoneClusterImpl-990002c2-bb69-4aa2-bd68-28a5e13e86ef/ozone-metadata/datanode-1/ratis/tmp is not a group directory; ignoring it. 
2025-09-19 20:43:06,858 [ForkJoinPool-1-worker-1] INFO  replication.ReplicationServer (ReplicationServer.java:<init>(84)) - Initializing replication server with thread count = 10 queue length = 4096
2025-09-19 20:43:06,866 [8eb9963e-bce0-4155-aea2-e442cadff8bd-NettyServerStreamRpc-bossGroup--thread1] INFO  logging.LoggingHandler (AbstractInternalLogger.java:log(148)) - [id: 0x44b1153e] REGISTERED
2025-09-19 20:43:06,866 [8eb9963e-bce0-4155-aea2-e442cadff8bd-NettyServerStreamRpc-bossGroup--thread1] INFO  logging.LoggingHandler (AbstractInternalLogger.java:log(148)) - [id: 0x44b1153e] BIND: 0.0.0.0/0.0.0.0:15016
2025-09-19 20:43:06,867 [8eb9963e-bce0-4155-aea2-e442cadff8bd-NettyServerStreamRpc-bossGroup--thread1] INFO  logging.LoggingHandler (AbstractInternalLogger.java:log(148)) - [id: 0x44b1153e, L:/0.0.0.0:15016] ACTIVE
2025-09-19 20:43:06,875 [ForkJoinPool-1-worker-1] INFO  server.XceiverServerGrpc (XceiverServerGrpc.java:<init>(130)) - GrpcServer channel type EpollServerSocketChannel
2025-09-19 20:43:06,896 [ForkJoinPool-1-worker-1] INFO  lib.Interns (Interns.java:removeEldestEntry(50)) - Metrics intern cache overflow at 2011 for MetricsSystem={MetricsSystem=MetricsInfoImpl{name=MetricsSystem, description=MetricsSystem}, MetricsSystem record=MetricsInfoImpl{name=MetricsSystem, description=MetricsSystem record}}
2025-09-19 20:43:06,900 [ForkJoinPool-1-worker-1] INFO  replication.ReplicationSupervisor (ReplicationSupervisor.java:build(169)) - Initializing replication supervisor with thread count = 10
2025-09-19 20:43:06,901 [ForkJoinPool-1-worker-1] INFO  replication.ReplicationSupervisor (ReplicationSupervisor.java:nodeStateUpdated(358)) - Node state updated to IN_SERVICE, scaling executor pool size to 10
2025-09-19 20:43:06,939 [ForkJoinPool-1-worker-1] INFO  http.BaseHttpServer (BaseHttpServer.java:newHttpServer2BuilderForOzone(227)) - Starting Web-server for hddsDatanode at: http://0.0.0.0:15010
2025-09-19 20:43:06,939 [ForkJoinPool-1-worker-1] INFO  http.BaseHttpServer (BaseHttpServer.java:<init>(105)) - Hadoop Security Enabled: false Ozone Security Enabled: false Ozone HTTP Security Enabled: false 
2025-09-19 20:43:06,941 [ForkJoinPool-1-worker-1] WARN  server.AuthenticationFilter (AuthenticationFilter.java:constructSecretProvider(240)) - Unable to initialize FileSignerSecretProvider, falling back to use random secrets. Reason: Could not read signature secret file: /home/runner/hadoop-http-auth-signature-secret
2025-09-19 20:43:06,943 [ForkJoinPool-1-worker-1] INFO  http.HttpServer2 (HttpServer2.java:addGlobalFilter(1041)) - Added global filter 'safety' (class=org.apache.hadoop.hdds.server.http.HttpServer2$QuotingInputFilter)
2025-09-19 20:43:06,945 [ForkJoinPool-1-worker-1] INFO  http.HttpServer2 (HttpServer2.java:addFilter(1017)) - Added filter static_user_filter (class=org.apache.hadoop.http.lib.StaticUserWebFilter$StaticUserFilter) to context hddsDatanode
2025-09-19 20:43:06,945 [ForkJoinPool-1-worker-1] INFO  http.HttpServer2 (HttpServer2.java:addFilter(1025)) - Added filter static_user_filter (class=org.apache.hadoop.http.lib.StaticUserWebFilter$StaticUserFilter) to context logs
2025-09-19 20:43:06,945 [ForkJoinPool-1-worker-1] INFO  http.HttpServer2 (HttpServer2.java:addFilter(1025)) - Added filter static_user_filter (class=org.apache.hadoop.http.lib.StaticUserWebFilter$StaticUserFilter) to context static
2025-09-19 20:43:06,946 [ForkJoinPool-1-worker-1] INFO  http.BaseHttpServer (BaseHttpServer.java:<init>(193)) - HTTP server of hddsDatanode uses base directory /home/runner/work/ozone/ozone/hadoop-ozone/integration-test/target/test-dir/MiniOzoneClusterImpl-990002c2-bb69-4aa2-bd68-28a5e13e86ef/scm/ozone-metadata/webserver
2025-09-19 20:43:06,946 [ForkJoinPool-1-worker-1] INFO  http.HttpServer2 (HttpServer2.java:bindListener(1241)) - Jetty bound to port 15010
2025-09-19 20:43:06,946 [ForkJoinPool-1-worker-1] INFO  server.Server (Server.java:doStart(375)) - jetty-9.4.58.v20250814; built: 2025-08-14T02:28:49.637Z; git: 8f1440587e9e4ae7db3d74cf205643f3d707148d; jvm 21.0.8+9-LTS
2025-09-19 20:43:06,948 [ForkJoinPool-1-worker-1] INFO  server.session (DefaultSessionIdManager.java:doStart(334)) - DefaultSessionIdManager workerName=node0
2025-09-19 20:43:06,948 [ForkJoinPool-1-worker-1] INFO  server.session (DefaultSessionIdManager.java:doStart(339)) - No SessionScavenger set, using defaults
2025-09-19 20:43:06,948 [ForkJoinPool-1-worker-1] INFO  server.session (HouseKeeper.java:startScavenging(132)) - node0 Scavenging every 660000ms
2025-09-19 20:43:06,949 [ForkJoinPool-1-worker-1] INFO  handler.ContextHandler (ContextHandler.java:doStart(921)) - Started o.e.j.s.ServletContextHandler@5927a6e6{logs,/logs,file:///home/runner/work/ozone/ozone/hadoop-ozone/integration-test/target/log,AVAILABLE}
2025-09-19 20:43:06,949 [ForkJoinPool-1-worker-1] INFO  handler.ContextHandler (ContextHandler.java:doStart(921)) - Started o.e.j.s.ServletContextHandler@67410750{static,/static,jar:file:/home/runner/work/ozone/ozone/hadoop-hdds/container-service/target/hdds-container-service-2.1.0-SNAPSHOT.jar!/webapps/static,AVAILABLE}
2025-09-19 20:43:07,116 [ForkJoinPool-1-worker-1] INFO  handler.ContextHandler (ContextHandler.java:doStart(921)) - Started o.e.j.w.WebAppContext@79dbe767{hddsDatanode,/,file:///home/runner/work/ozone/ozone/hadoop-ozone/integration-test/target/test-dir/MiniOzoneClusterImpl-990002c2-bb69-4aa2-bd68-28a5e13e86ef/scm/ozone-metadata/webserver/jetty-0_0_0_0-15010-hdds-container-service-2_1_0-SNAPSHOT_jar-_-any-17799834114277505907/webapp/,AVAILABLE}{jar:file:/home/runner/work/ozone/ozone/hadoop-hdds/container-service/target/hdds-container-service-2.1.0-SNAPSHOT.jar!/webapps/hddsDatanode}
2025-09-19 20:43:07,117 [ForkJoinPool-1-worker-1] INFO  server.AbstractConnector (AbstractConnector.java:doStart(333)) - Started ServerConnector@8072183{HTTP/1.1, (http/1.1)}{0.0.0.0:15010}
2025-09-19 20:43:07,117 [ForkJoinPool-1-worker-1] INFO  server.Server (Server.java:doStart(415)) - Started @11336ms
2025-09-19 20:43:07,118 [ForkJoinPool-1-worker-1] WARN  impl.MetricsSystemImpl (MetricsSystemImpl.java:register(279)) - Sink prometheus already exists!
2025-09-19 20:43:07,118 [ForkJoinPool-1-worker-1] INFO  http.BaseHttpServer (BaseHttpServer.java:updateConnectorAddress(357)) - HTTP server of hddsDatanode listening at http://localhost:15010
2025-09-19 20:43:07,120 [ForkJoinPool-1-worker-1] INFO  ipc.CallQueueManager (CallQueueManager.java:<init>(93)) - Using callQueue: class java.util.concurrent.LinkedBlockingQueue, queueCapacity: 1000, scheduler: class org.apache.hadoop.ipc.DefaultRpcScheduler, ipcBackoff: false, ipcFailOver: false.
2025-09-19 20:43:07,121 [ForkJoinPool-1-worker-1] INFO  ipc.Server (Server.java:<init>(1438)) - Listener at 0.0.0.0:15011
2025-09-19 20:43:07,121 [Socket Reader #1 for port 15011] INFO  ipc.Server (Server.java:run(1474)) - Starting Socket Reader #1 for port 15011
2025-09-19 20:43:07,121 [Socket Reader #2 for port 15011] INFO  ipc.Server (Server.java:run(1474)) - Starting Socket Reader #2 for port 15011
2025-09-19 20:43:07,122 [Socket Reader #3 for port 15011] INFO  ipc.Server (Server.java:run(1474)) - Starting Socket Reader #3 for port 15011
2025-09-19 20:43:07,122 [Socket Reader #4 for port 15011] INFO  ipc.Server (Server.java:run(1474)) - Starting Socket Reader #4 for port 15011
2025-09-19 20:43:07,122 [Socket Reader #5 for port 15011] INFO  ipc.Server (Server.java:run(1474)) - Starting Socket Reader #5 for port 15011
2025-09-19 20:43:07,123 [Socket Reader #6 for port 15011] INFO  ipc.Server (Server.java:run(1474)) - Starting Socket Reader #6 for port 15011
2025-09-19 20:43:07,123 [Socket Reader #7 for port 15011] INFO  ipc.Server (Server.java:run(1474)) - Starting Socket Reader #7 for port 15011
2025-09-19 20:43:07,123 [Socket Reader #8 for port 15011] INFO  ipc.Server (Server.java:run(1474)) - Starting Socket Reader #8 for port 15011
2025-09-19 20:43:07,124 [Socket Reader #9 for port 15011] INFO  ipc.Server (Server.java:run(1474)) - Starting Socket Reader #9 for port 15011
2025-09-19 20:43:07,124 [Socket Reader #10 for port 15011] INFO  ipc.Server (Server.java:run(1474)) - Starting Socket Reader #10 for port 15011
2025-09-19 20:43:07,127 [ForkJoinPool-1-worker-1] INFO  ozone.HddsDatanodeService (HddsDatanodeService.java:start(333)) - Datanode start with admins: [admin, runner]
2025-09-19 20:43:07,127 [ForkJoinPool-1-worker-1] INFO  ozone.HddsDatanodeClientProtocolServer (HddsDatanodeClientProtocolServer.java:start(76)) - RPC server for Client /0.0.0.0:15011
2025-09-19 20:43:07,127 [IPC Server Responder] INFO  ipc.Server (Server.java:run(1713)) - IPC Server Responder: starting
2025-09-19 20:43:07,127 [IPC Server listener on 15011] INFO  ipc.Server (Server.java:run(1553)) - IPC Server listener on 15011: starting
2025-09-19 20:43:07,129 [ForkJoinPool-1-worker-1] WARN  dropwizard3.Dm3MetricRegistriesImpl (Dm3MetricRegistriesImpl.java:addReporterRegistration(114)) - New reporters are added after registries were created. Some metrics will be missing from the reporter. Please add reporter before adding any new registry.
2025-09-19 20:43:07,130 [ForkJoinPool-1-worker-1] WARN  dropwizard3.Dm3MetricRegistriesImpl (Dm3MetricRegistriesImpl.java:addReporterRegistration(114)) - New reporters are added after registries were created. Some metrics will be missing from the reporter. Please add reporter before adding any new registry.
2025-09-19 20:43:07,130 [ForkJoinPool-1-worker-1] INFO  impl.MetricsSystemImpl (MetricsSystemImpl.java:init(158)) - HddsDatanode metrics system started (again)
2025-09-19 20:43:07,133 [8eb9963e-bce0-4155-aea2-e442cadff8bd-DatanodeStateMachineDaemonThread] INFO  statemachine.DatanodeStateMachine (DatanodeStateMachine.java:startStateMachineThread(363)) - Ozone container server started.
2025-09-19 20:43:07,149 [ForkJoinPool-1-worker-1] INFO  protocol.DatanodeDetails (DatanodeDetails.java:validateDatanodeIpAddress(199)) - Updating IP address of datanode 0df1231c-9f8a-4757-a7d0-f6d7f53bc482(localhost/null) to 127.0.0.1
2025-09-19 20:43:07,150 [ForkJoinPool-1-worker-1] INFO  ozone.HddsDatanodeService (HddsDatanodeService.java:start(236)) - HddsDatanodeService 0df1231c-9f8a-4757-a7d0-f6d7f53bc482(localhost/127.0.0.1)
2025-09-19 20:43:07,153 [ForkJoinPool-1-worker-1] INFO  upgrade.AbstractLayoutVersionManager (AbstractLayoutVersionManager.java:init(80)) - Initializing Layout version manager with metadata layout = WITNESSED_CONTAINER_DB_PROTO_VALUE (version = 9), software layout = WITNESSED_CONTAINER_DB_PROTO_VALUE (version = 9)
2025-09-19 20:43:07,154 [ForkJoinPool-1-worker-1] INFO  statemachine.DatanodeStateMachine (DatanodeStateMachine.java:getEndPointTaskThreadPoolSize(321)) - Datanode State Machine Task Thread Pool size 2
2025-09-19 20:43:07,159 [ForkJoinPool-1-worker-1] INFO  volume.HddsVolume (HddsVolume.java:<init>(162)) - HddsVolume: { id=DS-44a6a168-c99a-4a4f-b81d-543c36738100 dir=/home/runner/work/ozone/ozone/hadoop-ozone/integration-test/target/test-dir/MiniOzoneClusterImpl-990002c2-bb69-4aa2-bd68-28a5e13e86ef/ozone-metadata/datanode-2/data-0/hdds type=DISK capacity=9222449699674390527 used=0 available=9222449699674390527 minFree=9222450130714624 committed=0 }
2025-09-19 20:43:07,160 [ForkJoinPool-1-worker-1] INFO  volume.MutableVolumeSet (MutableVolumeSet.java:initializeVolumeSet(175)) - Added Volume : /home/runner/work/ozone/ozone/hadoop-ozone/integration-test/target/test-dir/MiniOzoneClusterImpl-990002c2-bb69-4aa2-bd68-28a5e13e86ef/ozone-metadata/datanode-2/data-0/hdds to VolumeSet
2025-09-19 20:43:07,162 [ForkJoinPool-1-worker-1] INFO  volume.MutableVolumeSet (MutableVolumeSet.java:initializeVolumeSet(175)) - Added Volume : /home/runner/work/ozone/ozone/hadoop-ozone/integration-test/target/test-dir/MiniOzoneClusterImpl-990002c2-bb69-4aa2-bd68-28a5e13e86ef/ozone-metadata/datanode-2/ratis to VolumeSet
2025-09-19 20:43:07,164 [ForkJoinPool-1-worker-1] INFO  ozoneimpl.OzoneContainer (HddsVolumeUtil.java:loadAllHddsVolumeDbStore(102)) - Load 1 volumes DbStore cost: 0ms
2025-09-19 20:43:07,165 [ForkJoinPool-1-worker-1] WARN  db.DBStoreBuilder (DBStoreBuilder.java:getDBDirPath(158)) - ozone.scm.datanode.id.dir is not configured. We recommend adding this setting. Falling back to ozone.metadata.dirs instead.
2025-09-19 20:43:07,167 [ForkJoinPool-1-worker-1] WARN  db.DBStoreBuilder (DBStoreBuilder.java:getDBDirPath(158)) - ozone.scm.datanode.id.dir is not configured. We recommend adding this setting. Falling back to ozone.metadata.dirs instead.
2025-09-19 20:43:07,186 [ForkJoinPool-1-worker-1] INFO  impl.FilePerChunkStrategy (FilePerChunkStrategy.java:<init>(79)) - ozone.chunk.read.mapped.buffer.max.count is load with 0
2025-09-19 20:43:07,187 [ForkJoinPool-1-worker-1] INFO  impl.FilePerBlockStrategy (FilePerBlockStrategy.java:<init>(88)) - ozone.chunk.read.mapped.buffer.max.count is load with 0
2025-09-19 20:43:07,189 [ForkJoinPool-1-worker-1] INFO  server.RaftServerConfigKeys (ConfUtils.java:logGet(62)) - raft.server.log.appender.buffer.byte-limit = 33554432 (custom)
2025-09-19 20:43:07,190 [8eb9963e-bce0-4155-aea2-e442cadff8bd-DatanodeStateMachineTaskThread-0] INFO  datanode.InitDatanodeState (InitDatanodeState.java:persistContainerDatanodeDetails(139)) - DatanodeDetails is persisted to /home/runner/work/ozone/ozone/hadoop-ozone/integration-test/target/test-dir/MiniOzoneClusterImpl-990002c2-bb69-4aa2-bd68-28a5e13e86ef/ozone-metadata/datanode-1/ozone-metadata/datanode.id
2025-09-19 20:43:07,191 [ForkJoinPool-1-worker-1] INFO  grpc.GrpcConfigKeys (ConfUtils.java:logFallback(69)) - raft.grpc.admin.host = null (fallback to raft.grpc.server.host)
2025-09-19 20:43:07,191 [ForkJoinPool-1-worker-1] INFO  grpc.GrpcConfigKeys (ConfUtils.java:logGet(62)) - raft.grpc.admin.port = 15022 (custom)
2025-09-19 20:43:07,191 [ForkJoinPool-1-worker-1] INFO  grpc.GrpcConfigKeys (ConfUtils.java:logFallback(69)) - raft.grpc.client.host = null (fallback to raft.grpc.server.host)
2025-09-19 20:43:07,192 [ForkJoinPool-1-worker-1] INFO  grpc.GrpcConfigKeys (ConfUtils.java:logGet(62)) - raft.grpc.client.port = 15021 (custom)
2025-09-19 20:43:07,192 [ForkJoinPool-1-worker-1] INFO  grpc.GrpcConfigKeys (ConfUtils.java:logGet(62)) - raft.grpc.server.port = 15023 (custom)
2025-09-19 20:43:07,192 [ForkJoinPool-1-worker-1] INFO  server.GrpcServicesImpl (ConfUtils.java:logGet(62)) - raft.grpc.message.size.max = 34603008 (custom)
2025-09-19 20:43:07,192 [ForkJoinPool-1-worker-1] INFO  server.GrpcServicesImpl (ConfUtils.java:logGet(62)) - raft.grpc.flow.control.window = 5MB (=5242880) (custom)
2025-09-19 20:43:07,192 [ForkJoinPool-1-worker-1] INFO  server.RaftServerConfigKeys (ConfUtils.java:logGet(62)) - raft.server.log.appender.buffer.byte-limit = 33554432 (custom)
2025-09-19 20:43:07,194 [ForkJoinPool-1-worker-1] INFO  netty.NettyUtils (NettyUtils.java:newEventLoopGroup(74)) - Create EpollEventLoopGroup for 0df1231c-9f8a-4757-a7d0-f6d7f53bc482-NettyServerStreamRpc-bossGroup; Thread size is 0.
2025-09-19 20:43:07,194 [ForkJoinPool-1-worker-1] INFO  netty.NettyUtils (NettyUtils.java:newEventLoopGroup(74)) - Create EpollEventLoopGroup for 0df1231c-9f8a-4757-a7d0-f6d7f53bc482-NettyServerStreamRpc-workerGroup; Thread size is 0.
2025-09-19 20:43:07,195 [ForkJoinPool-1-worker-1] INFO  netty.NettyConfigKeys$DataStream (ConfUtils.java:logGet(62)) - raft.netty.dataStream.port = 15024 (custom)
2025-09-19 20:43:07,196 [ForkJoinPool-1-worker-1] INFO  server.RaftServerConfigKeys (ConfUtils.java:logGet(62)) - raft.server.storage.dir = [/home/runner/work/ozone/ozone/hadoop-ozone/integration-test/target/test-dir/MiniOzoneClusterImpl-990002c2-bb69-4aa2-bd68-28a5e13e86ef/ozone-metadata/datanode-2/ratis] (custom)
2025-09-19 20:43:07,196 [0df1231c-9f8a-4757-a7d0-f6d7f53bc482-NettyServerStreamRpc-bossGroup--thread1] INFO  logging.LoggingHandler (AbstractInternalLogger.java:log(148)) - [id: 0x6819a69c] REGISTERED
2025-09-19 20:43:07,196 [0df1231c-9f8a-4757-a7d0-f6d7f53bc482-NettyServerStreamRpc-bossGroup--thread1] INFO  logging.LoggingHandler (AbstractInternalLogger.java:log(148)) - [id: 0x6819a69c] BIND: 0.0.0.0/0.0.0.0:15024
2025-09-19 20:43:07,196 [0df1231c-9f8a-4757-a7d0-f6d7f53bc482-NettyServerStreamRpc-bossGroup--thread1] INFO  logging.LoggingHandler (AbstractInternalLogger.java:log(148)) - [id: 0x6819a69c, L:/0.0.0.0:15024] ACTIVE
2025-09-19 20:43:07,196 [0df1231c-9f8a-4757-a7d0-f6d7f53bc482-impl-thread1] INFO  server.RaftServer (RaftServerProxy.java:initGroupDir(270)) - 0df1231c-9f8a-4757-a7d0-f6d7f53bc482: found a subdirectory /home/runner/work/ozone/ozone/hadoop-ozone/integration-test/target/test-dir/MiniOzoneClusterImpl-990002c2-bb69-4aa2-bd68-28a5e13e86ef/ozone-metadata/datanode-2/ratis/tmp
2025-09-19 20:43:07,196 [0df1231c-9f8a-4757-a7d0-f6d7f53bc482-impl-thread1] INFO  server.RaftServer (RaftServerProxy.java:initGroupDir(275)) - 0df1231c-9f8a-4757-a7d0-f6d7f53bc482: The directory /home/runner/work/ozone/ozone/hadoop-ozone/integration-test/target/test-dir/MiniOzoneClusterImpl-990002c2-bb69-4aa2-bd68-28a5e13e86ef/ozone-metadata/datanode-2/ratis/tmp is not a group directory; ignoring it. 
2025-09-19 20:43:07,197 [ForkJoinPool-1-worker-1] INFO  replication.ReplicationServer (ReplicationServer.java:<init>(84)) - Initializing replication server with thread count = 10 queue length = 4096
2025-09-19 20:43:07,198 [ForkJoinPool-1-worker-1] INFO  server.XceiverServerGrpc (XceiverServerGrpc.java:<init>(130)) - GrpcServer channel type EpollServerSocketChannel
2025-09-19 20:43:07,201 [ForkJoinPool-1-worker-1] INFO  replication.ReplicationSupervisor (ReplicationSupervisor.java:build(169)) - Initializing replication supervisor with thread count = 10
2025-09-19 20:43:07,202 [ForkJoinPool-1-worker-1] INFO  replication.ReplicationSupervisor (ReplicationSupervisor.java:nodeStateUpdated(358)) - Node state updated to IN_SERVICE, scaling executor pool size to 10
2025-09-19 20:43:07,205 [ForkJoinPool-1-worker-1] INFO  http.BaseHttpServer (BaseHttpServer.java:newHttpServer2BuilderForOzone(227)) - Starting Web-server for hddsDatanode at: http://0.0.0.0:15018
2025-09-19 20:43:07,205 [ForkJoinPool-1-worker-1] INFO  http.BaseHttpServer (BaseHttpServer.java:<init>(105)) - Hadoop Security Enabled: false Ozone Security Enabled: false Ozone HTTP Security Enabled: false 
2025-09-19 20:43:07,207 [ForkJoinPool-1-worker-1] WARN  server.AuthenticationFilter (AuthenticationFilter.java:constructSecretProvider(240)) - Unable to initialize FileSignerSecretProvider, falling back to use random secrets. Reason: Could not read signature secret file: /home/runner/hadoop-http-auth-signature-secret
2025-09-19 20:43:07,209 [ForkJoinPool-1-worker-1] INFO  http.HttpServer2 (HttpServer2.java:addGlobalFilter(1041)) - Added global filter 'safety' (class=org.apache.hadoop.hdds.server.http.HttpServer2$QuotingInputFilter)
2025-09-19 20:43:07,210 [ForkJoinPool-1-worker-1] INFO  http.HttpServer2 (HttpServer2.java:addFilter(1017)) - Added filter static_user_filter (class=org.apache.hadoop.http.lib.StaticUserWebFilter$StaticUserFilter) to context hddsDatanode
2025-09-19 20:43:07,211 [ForkJoinPool-1-worker-1] INFO  http.HttpServer2 (HttpServer2.java:addFilter(1025)) - Added filter static_user_filter (class=org.apache.hadoop.http.lib.StaticUserWebFilter$StaticUserFilter) to context logs
2025-09-19 20:43:07,211 [ForkJoinPool-1-worker-1] INFO  http.HttpServer2 (HttpServer2.java:addFilter(1025)) - Added filter static_user_filter (class=org.apache.hadoop.http.lib.StaticUserWebFilter$StaticUserFilter) to context static
2025-09-19 20:43:07,211 [ForkJoinPool-1-worker-1] INFO  http.BaseHttpServer (BaseHttpServer.java:<init>(193)) - HTTP server of hddsDatanode uses base directory /home/runner/work/ozone/ozone/hadoop-ozone/integration-test/target/test-dir/MiniOzoneClusterImpl-990002c2-bb69-4aa2-bd68-28a5e13e86ef/scm/ozone-metadata/webserver
2025-09-19 20:43:07,212 [ForkJoinPool-1-worker-1] INFO  http.HttpServer2 (HttpServer2.java:bindListener(1241)) - Jetty bound to port 15018
2025-09-19 20:43:07,212 [ForkJoinPool-1-worker-1] INFO  server.Server (Server.java:doStart(375)) - jetty-9.4.58.v20250814; built: 2025-08-14T02:28:49.637Z; git: 8f1440587e9e4ae7db3d74cf205643f3d707148d; jvm 21.0.8+9-LTS
2025-09-19 20:43:07,214 [ForkJoinPool-1-worker-1] INFO  server.session (DefaultSessionIdManager.java:doStart(334)) - DefaultSessionIdManager workerName=node0
2025-09-19 20:43:07,214 [ForkJoinPool-1-worker-1] INFO  server.session (DefaultSessionIdManager.java:doStart(339)) - No SessionScavenger set, using defaults
2025-09-19 20:43:07,214 [ForkJoinPool-1-worker-1] INFO  server.session (HouseKeeper.java:startScavenging(132)) - node0 Scavenging every 660000ms
2025-09-19 20:43:07,215 [ForkJoinPool-1-worker-1] INFO  handler.ContextHandler (ContextHandler.java:doStart(921)) - Started o.e.j.s.ServletContextHandler@46a3d15b{logs,/logs,file:///home/runner/work/ozone/ozone/hadoop-ozone/integration-test/target/log,AVAILABLE}
2025-09-19 20:43:07,215 [ForkJoinPool-1-worker-1] INFO  handler.ContextHandler (ContextHandler.java:doStart(921)) - Started o.e.j.s.ServletContextHandler@29e5f93f{static,/static,jar:file:/home/runner/work/ozone/ozone/hadoop-hdds/container-service/target/hdds-container-service-2.1.0-SNAPSHOT.jar!/webapps/static,AVAILABLE}
2025-09-19 20:43:07,396 [ForkJoinPool-1-worker-1] INFO  handler.ContextHandler (ContextHandler.java:doStart(921)) - Started o.e.j.w.WebAppContext@651811cb{hddsDatanode,/,file:///home/runner/work/ozone/ozone/hadoop-ozone/integration-test/target/test-dir/MiniOzoneClusterImpl-990002c2-bb69-4aa2-bd68-28a5e13e86ef/scm/ozone-metadata/webserver/jetty-0_0_0_0-15018-hdds-container-service-2_1_0-SNAPSHOT_jar-_-any-9126026376870281868/webapp/,AVAILABLE}{jar:file:/home/runner/work/ozone/ozone/hadoop-hdds/container-service/target/hdds-container-service-2.1.0-SNAPSHOT.jar!/webapps/hddsDatanode}
2025-09-19 20:43:07,397 [ForkJoinPool-1-worker-1] INFO  server.AbstractConnector (AbstractConnector.java:doStart(333)) - Started ServerConnector@6591eaf6{HTTP/1.1, (http/1.1)}{0.0.0.0:15018}
2025-09-19 20:43:07,397 [ForkJoinPool-1-worker-1] INFO  server.Server (Server.java:doStart(415)) - Started @11616ms
2025-09-19 20:43:07,398 [ForkJoinPool-1-worker-1] WARN  impl.MetricsSystemImpl (MetricsSystemImpl.java:register(279)) - Sink prometheus already exists!
2025-09-19 20:43:07,398 [ForkJoinPool-1-worker-1] INFO  http.BaseHttpServer (BaseHttpServer.java:updateConnectorAddress(357)) - HTTP server of hddsDatanode listening at http://localhost:15018
2025-09-19 20:43:07,398 [ForkJoinPool-1-worker-1] INFO  ipc.CallQueueManager (CallQueueManager.java:<init>(93)) - Using callQueue: class java.util.concurrent.LinkedBlockingQueue, queueCapacity: 1000, scheduler: class org.apache.hadoop.ipc.DefaultRpcScheduler, ipcBackoff: false, ipcFailOver: false.
2025-09-19 20:43:07,399 [ForkJoinPool-1-worker-1] INFO  ipc.Server (Server.java:<init>(1438)) - Listener at 0.0.0.0:15019
2025-09-19 20:43:07,399 [Socket Reader #1 for port 15019] INFO  ipc.Server (Server.java:run(1474)) - Starting Socket Reader #1 for port 15019
2025-09-19 20:43:07,399 [Socket Reader #2 for port 15019] INFO  ipc.Server (Server.java:run(1474)) - Starting Socket Reader #2 for port 15019
2025-09-19 20:43:07,400 [Socket Reader #3 for port 15019] INFO  ipc.Server (Server.java:run(1474)) - Starting Socket Reader #3 for port 15019
2025-09-19 20:43:07,400 [Socket Reader #4 for port 15019] INFO  ipc.Server (Server.java:run(1474)) - Starting Socket Reader #4 for port 15019
2025-09-19 20:43:07,400 [Socket Reader #5 for port 15019] INFO  ipc.Server (Server.java:run(1474)) - Starting Socket Reader #5 for port 15019
2025-09-19 20:43:07,400 [Socket Reader #6 for port 15019] INFO  ipc.Server (Server.java:run(1474)) - Starting Socket Reader #6 for port 15019
2025-09-19 20:43:07,401 [Socket Reader #7 for port 15019] INFO  ipc.Server (Server.java:run(1474)) - Starting Socket Reader #7 for port 15019
2025-09-19 20:43:07,401 [Socket Reader #8 for port 15019] INFO  ipc.Server (Server.java:run(1474)) - Starting Socket Reader #8 for port 15019
2025-09-19 20:43:07,401 [Socket Reader #9 for port 15019] INFO  ipc.Server (Server.java:run(1474)) - Starting Socket Reader #9 for port 15019
2025-09-19 20:43:07,401 [Socket Reader #10 for port 15019] INFO  ipc.Server (Server.java:run(1474)) - Starting Socket Reader #10 for port 15019
2025-09-19 20:43:07,404 [ForkJoinPool-1-worker-1] INFO  ozone.HddsDatanodeService (HddsDatanodeService.java:start(333)) - Datanode start with admins: [admin, runner]
2025-09-19 20:43:07,404 [ForkJoinPool-1-worker-1] INFO  ozone.HddsDatanodeClientProtocolServer (HddsDatanodeClientProtocolServer.java:start(76)) - RPC server for Client /0.0.0.0:15019
2025-09-19 20:43:07,405 [IPC Server Responder] INFO  ipc.Server (Server.java:run(1713)) - IPC Server Responder: starting
2025-09-19 20:43:07,405 [IPC Server listener on 15019] INFO  ipc.Server (Server.java:run(1553)) - IPC Server listener on 15019: starting
2025-09-19 20:43:07,407 [ForkJoinPool-1-worker-1] WARN  dropwizard3.Dm3MetricRegistriesImpl (Dm3MetricRegistriesImpl.java:addReporterRegistration(114)) - New reporters are added after registries were created. Some metrics will be missing from the reporter. Please add reporter before adding any new registry.
2025-09-19 20:43:07,407 [ForkJoinPool-1-worker-1] WARN  dropwizard3.Dm3MetricRegistriesImpl (Dm3MetricRegistriesImpl.java:addReporterRegistration(114)) - New reporters are added after registries were created. Some metrics will be missing from the reporter. Please add reporter before adding any new registry.
2025-09-19 20:43:07,407 [ForkJoinPool-1-worker-1] INFO  impl.MetricsSystemImpl (MetricsSystemImpl.java:init(158)) - HddsDatanode metrics system started (again)
2025-09-19 20:43:07,409 [0df1231c-9f8a-4757-a7d0-f6d7f53bc482-DatanodeStateMachineDaemonThread] INFO  statemachine.DatanodeStateMachine (DatanodeStateMachine.java:startStateMachineThread(363)) - Ozone container server started.
2025-09-19 20:43:07,416 [0df1231c-9f8a-4757-a7d0-f6d7f53bc482-DatanodeStateMachineTaskThread-0] INFO  datanode.InitDatanodeState (InitDatanodeState.java:persistContainerDatanodeDetails(139)) - DatanodeDetails is persisted to /home/runner/work/ozone/ozone/hadoop-ozone/integration-test/target/test-dir/MiniOzoneClusterImpl-990002c2-bb69-4aa2-bd68-28a5e13e86ef/ozone-metadata/datanode-2/ozone-metadata/datanode.id
2025-09-19 20:43:07,426 [ForkJoinPool-1-worker-1] INFO  protocol.DatanodeDetails (DatanodeDetails.java:validateDatanodeIpAddress(199)) - Updating IP address of datanode b5a25cc1-46d3-4381-a194-bd68f4526f1c(localhost/null) to 127.0.0.1
2025-09-19 20:43:07,426 [ForkJoinPool-1-worker-1] INFO  ozone.HddsDatanodeService (HddsDatanodeService.java:start(236)) - HddsDatanodeService b5a25cc1-46d3-4381-a194-bd68f4526f1c(localhost/127.0.0.1)
2025-09-19 20:43:07,429 [ForkJoinPool-1-worker-1] INFO  upgrade.AbstractLayoutVersionManager (AbstractLayoutVersionManager.java:init(80)) - Initializing Layout version manager with metadata layout = WITNESSED_CONTAINER_DB_PROTO_VALUE (version = 9), software layout = WITNESSED_CONTAINER_DB_PROTO_VALUE (version = 9)
2025-09-19 20:43:07,429 [ForkJoinPool-1-worker-1] INFO  statemachine.DatanodeStateMachine (DatanodeStateMachine.java:getEndPointTaskThreadPoolSize(321)) - Datanode State Machine Task Thread Pool size 2
2025-09-19 20:43:07,434 [ForkJoinPool-1-worker-1] INFO  volume.HddsVolume (HddsVolume.java:<init>(162)) - HddsVolume: { id=DS-8400ba1b-de62-4f5d-9163-56b172a02733 dir=/home/runner/work/ozone/ozone/hadoop-ozone/integration-test/target/test-dir/MiniOzoneClusterImpl-990002c2-bb69-4aa2-bd68-28a5e13e86ef/ozone-metadata/datanode-3/data-0/hdds type=DISK capacity=9222449699674390527 used=0 available=9222449699674390527 minFree=9222450130714624 committed=0 }
2025-09-19 20:43:07,435 [ForkJoinPool-1-worker-1] INFO  volume.MutableVolumeSet (MutableVolumeSet.java:initializeVolumeSet(175)) - Added Volume : /home/runner/work/ozone/ozone/hadoop-ozone/integration-test/target/test-dir/MiniOzoneClusterImpl-990002c2-bb69-4aa2-bd68-28a5e13e86ef/ozone-metadata/datanode-3/data-0/hdds to VolumeSet
2025-09-19 20:43:07,436 [ForkJoinPool-1-worker-1] INFO  volume.MutableVolumeSet (MutableVolumeSet.java:initializeVolumeSet(175)) - Added Volume : /home/runner/work/ozone/ozone/hadoop-ozone/integration-test/target/test-dir/MiniOzoneClusterImpl-990002c2-bb69-4aa2-bd68-28a5e13e86ef/ozone-metadata/datanode-3/ratis to VolumeSet
2025-09-19 20:43:07,437 [ForkJoinPool-1-worker-1] INFO  ozoneimpl.OzoneContainer (HddsVolumeUtil.java:loadAllHddsVolumeDbStore(102)) - Load 1 volumes DbStore cost: 0ms
2025-09-19 20:43:07,438 [ForkJoinPool-1-worker-1] WARN  db.DBStoreBuilder (DBStoreBuilder.java:getDBDirPath(158)) - ozone.scm.datanode.id.dir is not configured. We recommend adding this setting. Falling back to ozone.metadata.dirs instead.
2025-09-19 20:43:07,439 [ForkJoinPool-1-worker-1] WARN  db.DBStoreBuilder (DBStoreBuilder.java:getDBDirPath(158)) - ozone.scm.datanode.id.dir is not configured. We recommend adding this setting. Falling back to ozone.metadata.dirs instead.
2025-09-19 20:43:07,452 [ForkJoinPool-1-worker-1] INFO  impl.FilePerChunkStrategy (FilePerChunkStrategy.java:<init>(79)) - ozone.chunk.read.mapped.buffer.max.count is load with 0
2025-09-19 20:43:07,453 [ForkJoinPool-1-worker-1] INFO  impl.FilePerBlockStrategy (FilePerBlockStrategy.java:<init>(88)) - ozone.chunk.read.mapped.buffer.max.count is load with 0
2025-09-19 20:43:07,454 [ForkJoinPool-1-worker-1] INFO  server.RaftServerConfigKeys (ConfUtils.java:logGet(62)) - raft.server.log.appender.buffer.byte-limit = 33554432 (custom)
2025-09-19 20:43:07,456 [ForkJoinPool-1-worker-1] INFO  grpc.GrpcConfigKeys (ConfUtils.java:logFallback(69)) - raft.grpc.admin.host = null (fallback to raft.grpc.server.host)
2025-09-19 20:43:07,456 [ForkJoinPool-1-worker-1] INFO  grpc.GrpcConfigKeys (ConfUtils.java:logGet(62)) - raft.grpc.admin.port = 15030 (custom)
2025-09-19 20:43:07,456 [ForkJoinPool-1-worker-1] INFO  grpc.GrpcConfigKeys (ConfUtils.java:logFallback(69)) - raft.grpc.client.host = null (fallback to raft.grpc.server.host)
2025-09-19 20:43:07,456 [ForkJoinPool-1-worker-1] INFO  grpc.GrpcConfigKeys (ConfUtils.java:logGet(62)) - raft.grpc.client.port = 15029 (custom)
2025-09-19 20:43:07,456 [ForkJoinPool-1-worker-1] INFO  grpc.GrpcConfigKeys (ConfUtils.java:logGet(62)) - raft.grpc.server.port = 15031 (custom)
2025-09-19 20:43:07,457 [ForkJoinPool-1-worker-1] INFO  server.GrpcServicesImpl (ConfUtils.java:logGet(62)) - raft.grpc.message.size.max = 34603008 (custom)
2025-09-19 20:43:07,457 [ForkJoinPool-1-worker-1] INFO  server.GrpcServicesImpl (ConfUtils.java:logGet(62)) - raft.grpc.flow.control.window = 5MB (=5242880) (custom)
2025-09-19 20:43:07,457 [ForkJoinPool-1-worker-1] INFO  server.RaftServerConfigKeys (ConfUtils.java:logGet(62)) - raft.server.log.appender.buffer.byte-limit = 33554432 (custom)
2025-09-19 20:43:07,459 [ForkJoinPool-1-worker-1] INFO  netty.NettyUtils (NettyUtils.java:newEventLoopGroup(74)) - Create EpollEventLoopGroup for b5a25cc1-46d3-4381-a194-bd68f4526f1c-NettyServerStreamRpc-bossGroup; Thread size is 0.
2025-09-19 20:43:07,460 [ForkJoinPool-1-worker-1] INFO  netty.NettyUtils (NettyUtils.java:newEventLoopGroup(74)) - Create EpollEventLoopGroup for b5a25cc1-46d3-4381-a194-bd68f4526f1c-NettyServerStreamRpc-workerGroup; Thread size is 0.
2025-09-19 20:43:07,460 [ForkJoinPool-1-worker-1] INFO  netty.NettyConfigKeys$DataStream (ConfUtils.java:logGet(62)) - raft.netty.dataStream.port = 15032 (custom)
2025-09-19 20:43:07,461 [ForkJoinPool-1-worker-1] INFO  server.RaftServerConfigKeys (ConfUtils.java:logGet(62)) - raft.server.storage.dir = [/home/runner/work/ozone/ozone/hadoop-ozone/integration-test/target/test-dir/MiniOzoneClusterImpl-990002c2-bb69-4aa2-bd68-28a5e13e86ef/ozone-metadata/datanode-3/ratis] (custom)
2025-09-19 20:43:07,462 [b5a25cc1-46d3-4381-a194-bd68f4526f1c-NettyServerStreamRpc-bossGroup--thread1] INFO  logging.LoggingHandler (AbstractInternalLogger.java:log(148)) - [id: 0x90ead9b3] REGISTERED
2025-09-19 20:43:07,462 [b5a25cc1-46d3-4381-a194-bd68f4526f1c-NettyServerStreamRpc-bossGroup--thread1] INFO  logging.LoggingHandler (AbstractInternalLogger.java:log(148)) - [id: 0x90ead9b3] BIND: 0.0.0.0/0.0.0.0:15032
2025-09-19 20:43:07,462 [b5a25cc1-46d3-4381-a194-bd68f4526f1c-NettyServerStreamRpc-bossGroup--thread1] INFO  logging.LoggingHandler (AbstractInternalLogger.java:log(148)) - [id: 0x90ead9b3, L:/0.0.0.0:15032] ACTIVE
2025-09-19 20:43:07,462 [b5a25cc1-46d3-4381-a194-bd68f4526f1c-impl-thread1] INFO  server.RaftServer (RaftServerProxy.java:initGroupDir(270)) - b5a25cc1-46d3-4381-a194-bd68f4526f1c: found a subdirectory /home/runner/work/ozone/ozone/hadoop-ozone/integration-test/target/test-dir/MiniOzoneClusterImpl-990002c2-bb69-4aa2-bd68-28a5e13e86ef/ozone-metadata/datanode-3/ratis/tmp
2025-09-19 20:43:07,463 [b5a25cc1-46d3-4381-a194-bd68f4526f1c-impl-thread1] INFO  server.RaftServer (RaftServerProxy.java:initGroupDir(275)) - b5a25cc1-46d3-4381-a194-bd68f4526f1c: The directory /home/runner/work/ozone/ozone/hadoop-ozone/integration-test/target/test-dir/MiniOzoneClusterImpl-990002c2-bb69-4aa2-bd68-28a5e13e86ef/ozone-metadata/datanode-3/ratis/tmp is not a group directory; ignoring it. 
2025-09-19 20:43:07,463 [ForkJoinPool-1-worker-1] INFO  replication.ReplicationServer (ReplicationServer.java:<init>(84)) - Initializing replication server with thread count = 10 queue length = 4096
2025-09-19 20:43:07,464 [ForkJoinPool-1-worker-1] INFO  server.XceiverServerGrpc (XceiverServerGrpc.java:<init>(130)) - GrpcServer channel type EpollServerSocketChannel
2025-09-19 20:43:07,466 [ForkJoinPool-1-worker-1] INFO  replication.ReplicationSupervisor (ReplicationSupervisor.java:build(169)) - Initializing replication supervisor with thread count = 10
2025-09-19 20:43:07,466 [ForkJoinPool-1-worker-1] INFO  replication.ReplicationSupervisor (ReplicationSupervisor.java:nodeStateUpdated(358)) - Node state updated to IN_SERVICE, scaling executor pool size to 10
2025-09-19 20:43:07,470 [ForkJoinPool-1-worker-1] INFO  http.BaseHttpServer (BaseHttpServer.java:newHttpServer2BuilderForOzone(227)) - Starting Web-server for hddsDatanode at: http://0.0.0.0:15026
2025-09-19 20:43:07,470 [ForkJoinPool-1-worker-1] INFO  http.BaseHttpServer (BaseHttpServer.java:<init>(105)) - Hadoop Security Enabled: false Ozone Security Enabled: false Ozone HTTP Security Enabled: false 
2025-09-19 20:43:07,472 [ForkJoinPool-1-worker-1] WARN  server.AuthenticationFilter (AuthenticationFilter.java:constructSecretProvider(240)) - Unable to initialize FileSignerSecretProvider, falling back to use random secrets. Reason: Could not read signature secret file: /home/runner/hadoop-http-auth-signature-secret
2025-09-19 20:43:07,475 [ForkJoinPool-1-worker-1] INFO  http.HttpServer2 (HttpServer2.java:addGlobalFilter(1041)) - Added global filter 'safety' (class=org.apache.hadoop.hdds.server.http.HttpServer2$QuotingInputFilter)
2025-09-19 20:43:07,477 [ForkJoinPool-1-worker-1] INFO  http.HttpServer2 (HttpServer2.java:addFilter(1017)) - Added filter static_user_filter (class=org.apache.hadoop.http.lib.StaticUserWebFilter$StaticUserFilter) to context hddsDatanode
2025-09-19 20:43:07,477 [ForkJoinPool-1-worker-1] INFO  http.HttpServer2 (HttpServer2.java:addFilter(1025)) - Added filter static_user_filter (class=org.apache.hadoop.http.lib.StaticUserWebFilter$StaticUserFilter) to context static
2025-09-19 20:43:07,477 [ForkJoinPool-1-worker-1] INFO  http.HttpServer2 (HttpServer2.java:addFilter(1025)) - Added filter static_user_filter (class=org.apache.hadoop.http.lib.StaticUserWebFilter$StaticUserFilter) to context logs
2025-09-19 20:43:07,477 [ForkJoinPool-1-worker-1] INFO  http.BaseHttpServer (BaseHttpServer.java:<init>(193)) - HTTP server of hddsDatanode uses base directory /home/runner/work/ozone/ozone/hadoop-ozone/integration-test/target/test-dir/MiniOzoneClusterImpl-990002c2-bb69-4aa2-bd68-28a5e13e86ef/scm/ozone-metadata/webserver
2025-09-19 20:43:07,478 [ForkJoinPool-1-worker-1] INFO  http.HttpServer2 (HttpServer2.java:bindListener(1241)) - Jetty bound to port 15026
2025-09-19 20:43:07,478 [ForkJoinPool-1-worker-1] INFO  server.Server (Server.java:doStart(375)) - jetty-9.4.58.v20250814; built: 2025-08-14T02:28:49.637Z; git: 8f1440587e9e4ae7db3d74cf205643f3d707148d; jvm 21.0.8+9-LTS
2025-09-19 20:43:07,478 [om1@group-C5BA1605619E-FollowerState] INFO  impl.FollowerState (FollowerState.java:runImpl(161)) - om1@group-C5BA1605619E-FollowerState: change to CANDIDATE, lastRpcElapsedTime:1046634824ns, electionTimeout:1045ms
2025-09-19 20:43:07,479 [om1@group-C5BA1605619E-FollowerState] INFO  impl.RoleInfo (RoleInfo.java:shutdownFollowerState(121)) - om1: shutdown om1@group-C5BA1605619E-FollowerState
2025-09-19 20:43:07,479 [om1@group-C5BA1605619E-FollowerState] INFO  server.RaftServer$Division (RaftServerImpl.java:setRole(392)) - om1@group-C5BA1605619E: changes role from  FOLLOWER to CANDIDATE at term 0 for changeToCandidate
2025-09-19 20:43:07,479 [om1@group-C5BA1605619E-FollowerState] INFO  impl.RoleInfo (RoleInfo.java:updateAndGet(148)) - om1: start om1@group-C5BA1605619E-LeaderElection3
2025-09-19 20:43:07,480 [om1@group-C5BA1605619E-LeaderElection3] INFO  impl.LeaderElection (LeaderElection.java:askForVotes(448)) - om1@group-C5BA1605619E-LeaderElection3 PRE_VOTE round 0: submit vote requests at term 0 for conf: {index: -1, cur=peers:[om1|localhost:15009]|listeners:[], old=null}
2025-09-19 20:43:07,480 [om1@group-C5BA1605619E-LeaderElection3] INFO  impl.LeaderElection (LeaderElection.java:askForVotes(450)) - om1@group-C5BA1605619E-LeaderElection3 PRE_VOTE round 0: result PASSED (term=0)
2025-09-19 20:43:07,482 [ForkJoinPool-1-worker-1] INFO  server.session (DefaultSessionIdManager.java:doStart(334)) - DefaultSessionIdManager workerName=node0
2025-09-19 20:43:07,482 [ForkJoinPool-1-worker-1] INFO  server.session (DefaultSessionIdManager.java:doStart(339)) - No SessionScavenger set, using defaults
2025-09-19 20:43:07,482 [ForkJoinPool-1-worker-1] INFO  server.session (HouseKeeper.java:startScavenging(132)) - node0 Scavenging every 660000ms
2025-09-19 20:43:07,482 [om1@group-C5BA1605619E-LeaderElection3] INFO  impl.LeaderElection (LeaderElection.java:askForVotes(448)) - om1@group-C5BA1605619E-LeaderElection3 ELECTION round 0: submit vote requests at term 1 for conf: {index: -1, cur=peers:[om1|localhost:15009]|listeners:[], old=null}
2025-09-19 20:43:07,482 [om1@group-C5BA1605619E-LeaderElection3] INFO  impl.LeaderElection (LeaderElection.java:askForVotes(450)) - om1@group-C5BA1605619E-LeaderElection3 ELECTION round 0: result PASSED (term=1)
2025-09-19 20:43:07,482 [om1@group-C5BA1605619E-LeaderElection3] INFO  impl.RoleInfo (RoleInfo.java:shutdownLeaderElection(141)) - om1: shutdown om1@group-C5BA1605619E-LeaderElection3
2025-09-19 20:43:07,483 [om1@group-C5BA1605619E-LeaderElection3] INFO  server.RaftServer$Division (RaftServerImpl.java:setRole(392)) - om1@group-C5BA1605619E: changes role from CANDIDATE to LEADER at term 1 for changeToLeader
2025-09-19 20:43:07,483 [om1@group-C5BA1605619E-LeaderElection3] INFO  server.RaftServerConfigKeys (ConfUtils.java:logFallback(69)) - raft.server.staging.timeout = 3600ms (fallback to raft.server.rpc.timeout.max)
2025-09-19 20:43:07,483 [om1@group-C5BA1605619E-LeaderElection3] INFO  server.RaftServerConfigKeys (ConfUtils.java:logGet(62)) - raft.server.write.byte-limit = 67108864 (custom)
2025-09-19 20:43:07,484 [om1@group-C5BA1605619E-LeaderElection3] INFO  impl.RoleInfo (RoleInfo.java:updateAndGet(148)) - om1: start om1@group-C5BA1605619E-LeaderStateImpl
2025-09-19 20:43:07,485 [om1@group-C5BA1605619E-LeaderElection3] INFO  server.RaftServer$Division (RaftServerImpl.java:setFirstElection(576)) - om1@group-C5BA1605619E: set firstElectionSinceStartup to false for becomeLeader
2025-09-19 20:43:07,486 [ForkJoinPool-1-worker-1] INFO  handler.ContextHandler (ContextHandler.java:doStart(921)) - Started o.e.j.s.ServletContextHandler@4c33df38{logs,/logs,file:///home/runner/work/ozone/ozone/hadoop-ozone/integration-test/target/log,AVAILABLE}
2025-09-19 20:43:07,486 [ForkJoinPool-1-worker-1] INFO  handler.ContextHandler (ContextHandler.java:doStart(921)) - Started o.e.j.s.ServletContextHandler@2a91b4b0{static,/static,jar:file:/home/runner/work/ozone/ozone/hadoop-hdds/container-service/target/hdds-container-service-2.1.0-SNAPSHOT.jar!/webapps/static,AVAILABLE}
2025-09-19 20:43:07,488 [om1@group-C5BA1605619E-LeaderElection3] INFO  ratis.OzoneManagerStateMachine (OzoneManagerStateMachine.java:notifyLeaderChanged(174)) - om1@group-C5BA1605619E: leader changed to om1
2025-09-19 20:43:07,489 [om1@group-C5BA1605619E-LeaderElection3] INFO  server.RaftServer$Division (ServerState.java:setLeader(272)) - om1@group-C5BA1605619E: change Leader from null to om1 at term 1 for becomeLeader, leader elected after 2323ms
2025-09-19 20:43:07,489 [om1@group-C5BA1605619E-LeaderElection3] INFO  segmented.SegmentedRaftLogWorker (SegmentedRaftLogWorker.java:startLogSegment(440)) - om1@group-C5BA1605619E-SegmentedRaftLogWorker: Starting segment from index:0
2025-09-19 20:43:07,489 [om1@group-C5BA1605619E-LeaderElection3] INFO  server.RaftServer$Division (ServerState.java:setRaftConf(386)) - om1@group-C5BA1605619E: set configuration conf: {index: 0, cur=peers:[om1|localhost:15009]|listeners:[], old=null}
2025-09-19 20:43:07,490 [om1@group-C5BA1605619E-SegmentedRaftLogWorker] INFO  segmented.BufferedWriteChannel (BufferedWriteChannel.java:open(61)) - open log_inprogress_0 at position 0
2025-09-19 20:43:07,498 [om1@group-C5BA1605619E-SegmentedRaftLogWorker] INFO  segmented.SegmentedRaftLogWorker (SegmentedRaftLogWorker.java:execute(647)) - om1@group-C5BA1605619E-SegmentedRaftLogWorker: created new log segment /home/runner/work/ozone/ozone/hadoop-ozone/integration-test/target/test-dir/MiniOzoneClusterImpl-990002c2-bb69-4aa2-bd68-28a5e13e86ef/om/ratis/bf265839-605b-3f16-9796-c5ba1605619e/current/log_inprogress_0
2025-09-19 20:43:07,501 [om1@group-C5BA1605619E-StateMachineUpdater] INFO  ratis.OzoneManagerStateMachine (OzoneManagerStateMachine.java:notifyConfigurationChanged(243)) - notifyConfigurationChanged from Ratis: term=1, index=0, New Peer list: om1(localhost:15009), New Listener list
2025-09-19 20:43:07,501 [om1@group-C5BA1605619E-StateMachineUpdater] INFO  server.RaftServer$Division (LeaderStateImpl.java:checkStartIndex(309)) - Leader om1@group-C5BA1605619E-LeaderStateImpl is ready since appliedIndex == startIndex == 0
2025-09-19 20:43:07,640 [ForkJoinPool-1-worker-1] INFO  handler.ContextHandler (ContextHandler.java:doStart(921)) - Started o.e.j.w.WebAppContext@551e0e55{hddsDatanode,/,file:///home/runner/work/ozone/ozone/hadoop-ozone/integration-test/target/test-dir/MiniOzoneClusterImpl-990002c2-bb69-4aa2-bd68-28a5e13e86ef/scm/ozone-metadata/webserver/jetty-0_0_0_0-15026-hdds-container-service-2_1_0-SNAPSHOT_jar-_-any-1905449699882465431/webapp/,AVAILABLE}{jar:file:/home/runner/work/ozone/ozone/hadoop-hdds/container-service/target/hdds-container-service-2.1.0-SNAPSHOT.jar!/webapps/hddsDatanode}
2025-09-19 20:43:07,642 [ForkJoinPool-1-worker-1] INFO  server.AbstractConnector (AbstractConnector.java:doStart(333)) - Started ServerConnector@24d5d7c6{HTTP/1.1, (http/1.1)}{0.0.0.0:15026}
2025-09-19 20:43:07,642 [ForkJoinPool-1-worker-1] INFO  server.Server (Server.java:doStart(415)) - Started @11860ms
2025-09-19 20:43:07,642 [ForkJoinPool-1-worker-1] WARN  impl.MetricsSystemImpl (MetricsSystemImpl.java:register(279)) - Sink prometheus already exists!
2025-09-19 20:43:07,642 [ForkJoinPool-1-worker-1] INFO  http.BaseHttpServer (BaseHttpServer.java:updateConnectorAddress(357)) - HTTP server of hddsDatanode listening at http://localhost:15026
2025-09-19 20:43:07,643 [ForkJoinPool-1-worker-1] INFO  ipc.CallQueueManager (CallQueueManager.java:<init>(93)) - Using callQueue: class java.util.concurrent.LinkedBlockingQueue, queueCapacity: 1000, scheduler: class org.apache.hadoop.ipc.DefaultRpcScheduler, ipcBackoff: false, ipcFailOver: false.
2025-09-19 20:43:07,643 [ForkJoinPool-1-worker-1] INFO  ipc.Server (Server.java:<init>(1438)) - Listener at 0.0.0.0:15027
2025-09-19 20:43:07,644 [Socket Reader #1 for port 15027] INFO  ipc.Server (Server.java:run(1474)) - Starting Socket Reader #1 for port 15027
2025-09-19 20:43:07,644 [Socket Reader #2 for port 15027] INFO  ipc.Server (Server.java:run(1474)) - Starting Socket Reader #2 for port 15027
2025-09-19 20:43:07,645 [Socket Reader #3 for port 15027] INFO  ipc.Server (Server.java:run(1474)) - Starting Socket Reader #3 for port 15027
2025-09-19 20:43:07,646 [Socket Reader #4 for port 15027] INFO  ipc.Server (Server.java:run(1474)) - Starting Socket Reader #4 for port 15027
2025-09-19 20:43:07,647 [Socket Reader #5 for port 15027] INFO  ipc.Server (Server.java:run(1474)) - Starting Socket Reader #5 for port 15027
2025-09-19 20:43:07,647 [Socket Reader #6 for port 15027] INFO  ipc.Server (Server.java:run(1474)) - Starting Socket Reader #6 for port 15027
2025-09-19 20:43:07,648 [Socket Reader #7 for port 15027] INFO  ipc.Server (Server.java:run(1474)) - Starting Socket Reader #7 for port 15027
2025-09-19 20:43:07,649 [Socket Reader #8 for port 15027] INFO  ipc.Server (Server.java:run(1474)) - Starting Socket Reader #8 for port 15027
2025-09-19 20:43:07,650 [Socket Reader #9 for port 15027] INFO  ipc.Server (Server.java:run(1474)) - Starting Socket Reader #9 for port 15027
2025-09-19 20:43:07,651 [Socket Reader #10 for port 15027] INFO  ipc.Server (Server.java:run(1474)) - Starting Socket Reader #10 for port 15027
2025-09-19 20:43:07,654 [ForkJoinPool-1-worker-1] INFO  ozone.HddsDatanodeService (HddsDatanodeService.java:start(333)) - Datanode start with admins: [admin, runner]
2025-09-19 20:43:07,654 [ForkJoinPool-1-worker-1] INFO  ozone.HddsDatanodeClientProtocolServer (HddsDatanodeClientProtocolServer.java:start(76)) - RPC server for Client /0.0.0.0:15027
2025-09-19 20:43:07,656 [IPC Server Responder] INFO  ipc.Server (Server.java:run(1713)) - IPC Server Responder: starting
2025-09-19 20:43:07,657 [IPC Server listener on 15027] INFO  ipc.Server (Server.java:run(1553)) - IPC Server listener on 15027: starting
2025-09-19 20:43:07,660 [ForkJoinPool-1-worker-1] WARN  dropwizard3.Dm3MetricRegistriesImpl (Dm3MetricRegistriesImpl.java:addReporterRegistration(114)) - New reporters are added after registries were created. Some metrics will be missing from the reporter. Please add reporter before adding any new registry.
2025-09-19 20:43:07,660 [ForkJoinPool-1-worker-1] WARN  dropwizard3.Dm3MetricRegistriesImpl (Dm3MetricRegistriesImpl.java:addReporterRegistration(114)) - New reporters are added after registries were created. Some metrics will be missing from the reporter. Please add reporter before adding any new registry.
2025-09-19 20:43:07,660 [ForkJoinPool-1-worker-1] INFO  impl.MetricsSystemImpl (MetricsSystemImpl.java:init(158)) - HddsDatanode metrics system started (again)
2025-09-19 20:43:07,665 [b5a25cc1-46d3-4381-a194-bd68f4526f1c-DatanodeStateMachineDaemonThread] INFO  statemachine.DatanodeStateMachine (DatanodeStateMachine.java:startStateMachineThread(363)) - Ozone container server started.
2025-09-19 20:43:07,672 [b5a25cc1-46d3-4381-a194-bd68f4526f1c-DatanodeStateMachineTaskThread-0] INFO  datanode.InitDatanodeState (InitDatanodeState.java:persistContainerDatanodeDetails(139)) - DatanodeDetails is persisted to /home/runner/work/ozone/ozone/hadoop-ozone/integration-test/target/test-dir/MiniOzoneClusterImpl-990002c2-bb69-4aa2-bd68-28a5e13e86ef/ozone-metadata/datanode-3/ozone-metadata/datanode.id
2025-09-19 20:43:07,682 [ForkJoinPool-1-worker-1] INFO  protocol.DatanodeDetails (DatanodeDetails.java:validateDatanodeIpAddress(199)) - Updating IP address of datanode e7feb3b4-5cd1-4322-b271-eb1c248a4412(localhost/null) to 127.0.0.1
2025-09-19 20:43:07,682 [ForkJoinPool-1-worker-1] INFO  ozone.HddsDatanodeService (HddsDatanodeService.java:start(236)) - HddsDatanodeService e7feb3b4-5cd1-4322-b271-eb1c248a4412(localhost/127.0.0.1)
2025-09-19 20:43:07,684 [ForkJoinPool-1-worker-1] INFO  upgrade.AbstractLayoutVersionManager (AbstractLayoutVersionManager.java:init(80)) - Initializing Layout version manager with metadata layout = WITNESSED_CONTAINER_DB_PROTO_VALUE (version = 9), software layout = WITNESSED_CONTAINER_DB_PROTO_VALUE (version = 9)
2025-09-19 20:43:07,685 [ForkJoinPool-1-worker-1] INFO  statemachine.DatanodeStateMachine (DatanodeStateMachine.java:getEndPointTaskThreadPoolSize(321)) - Datanode State Machine Task Thread Pool size 2
2025-09-19 20:43:07,690 [ForkJoinPool-1-worker-1] INFO  volume.HddsVolume (HddsVolume.java:<init>(162)) - HddsVolume: { id=DS-906f7bf2-2698-49d6-ad96-7d331267a1be dir=/home/runner/work/ozone/ozone/hadoop-ozone/integration-test/target/test-dir/MiniOzoneClusterImpl-990002c2-bb69-4aa2-bd68-28a5e13e86ef/ozone-metadata/datanode-4/data-0/hdds type=DISK capacity=9222449699674390527 used=0 available=9222449699674390527 minFree=9222450130714624 committed=0 }
2025-09-19 20:43:07,690 [ForkJoinPool-1-worker-1] INFO  volume.MutableVolumeSet (MutableVolumeSet.java:initializeVolumeSet(175)) - Added Volume : /home/runner/work/ozone/ozone/hadoop-ozone/integration-test/target/test-dir/MiniOzoneClusterImpl-990002c2-bb69-4aa2-bd68-28a5e13e86ef/ozone-metadata/datanode-4/data-0/hdds to VolumeSet
2025-09-19 20:43:07,692 [ForkJoinPool-1-worker-1] INFO  volume.MutableVolumeSet (MutableVolumeSet.java:initializeVolumeSet(175)) - Added Volume : /home/runner/work/ozone/ozone/hadoop-ozone/integration-test/target/test-dir/MiniOzoneClusterImpl-990002c2-bb69-4aa2-bd68-28a5e13e86ef/ozone-metadata/datanode-4/ratis to VolumeSet
2025-09-19 20:43:07,693 [ForkJoinPool-1-worker-1] INFO  ozoneimpl.OzoneContainer (HddsVolumeUtil.java:loadAllHddsVolumeDbStore(102)) - Load 1 volumes DbStore cost: 0ms
2025-09-19 20:43:07,693 [ForkJoinPool-1-worker-1] WARN  db.DBStoreBuilder (DBStoreBuilder.java:getDBDirPath(158)) - ozone.scm.datanode.id.dir is not configured. We recommend adding this setting. Falling back to ozone.metadata.dirs instead.
2025-09-19 20:43:07,694 [ForkJoinPool-1-worker-1] WARN  db.DBStoreBuilder (DBStoreBuilder.java:getDBDirPath(158)) - ozone.scm.datanode.id.dir is not configured. We recommend adding this setting. Falling back to ozone.metadata.dirs instead.
2025-09-19 20:43:07,710 [ForkJoinPool-1-worker-1] INFO  impl.FilePerChunkStrategy (FilePerChunkStrategy.java:<init>(79)) - ozone.chunk.read.mapped.buffer.max.count is load with 0
2025-09-19 20:43:07,710 [ForkJoinPool-1-worker-1] INFO  impl.FilePerBlockStrategy (FilePerBlockStrategy.java:<init>(88)) - ozone.chunk.read.mapped.buffer.max.count is load with 0
2025-09-19 20:43:07,711 [ForkJoinPool-1-worker-1] INFO  server.RaftServerConfigKeys (ConfUtils.java:logGet(62)) - raft.server.log.appender.buffer.byte-limit = 33554432 (custom)
2025-09-19 20:43:07,713 [ForkJoinPool-1-worker-1] INFO  grpc.GrpcConfigKeys (ConfUtils.java:logFallback(69)) - raft.grpc.admin.host = null (fallback to raft.grpc.server.host)
2025-09-19 20:43:07,714 [ForkJoinPool-1-worker-1] INFO  grpc.GrpcConfigKeys (ConfUtils.java:logGet(62)) - raft.grpc.admin.port = 15038 (custom)
2025-09-19 20:43:07,714 [ForkJoinPool-1-worker-1] INFO  grpc.GrpcConfigKeys (ConfUtils.java:logFallback(69)) - raft.grpc.client.host = null (fallback to raft.grpc.server.host)
2025-09-19 20:43:07,714 [ForkJoinPool-1-worker-1] INFO  grpc.GrpcConfigKeys (ConfUtils.java:logGet(62)) - raft.grpc.client.port = 15037 (custom)
2025-09-19 20:43:07,714 [ForkJoinPool-1-worker-1] INFO  grpc.GrpcConfigKeys (ConfUtils.java:logGet(62)) - raft.grpc.server.port = 15039 (custom)
2025-09-19 20:43:07,714 [ForkJoinPool-1-worker-1] INFO  server.GrpcServicesImpl (ConfUtils.java:logGet(62)) - raft.grpc.message.size.max = 34603008 (custom)
2025-09-19 20:43:07,714 [ForkJoinPool-1-worker-1] INFO  server.GrpcServicesImpl (ConfUtils.java:logGet(62)) - raft.grpc.flow.control.window = 5MB (=5242880) (custom)
2025-09-19 20:43:07,714 [ForkJoinPool-1-worker-1] INFO  server.RaftServerConfigKeys (ConfUtils.java:logGet(62)) - raft.server.log.appender.buffer.byte-limit = 33554432 (custom)
2025-09-19 20:43:07,716 [ForkJoinPool-1-worker-1] INFO  netty.NettyUtils (NettyUtils.java:newEventLoopGroup(74)) - Create EpollEventLoopGroup for e7feb3b4-5cd1-4322-b271-eb1c248a4412-NettyServerStreamRpc-bossGroup; Thread size is 0.
2025-09-19 20:43:07,717 [ForkJoinPool-1-worker-1] INFO  netty.NettyUtils (NettyUtils.java:newEventLoopGroup(74)) - Create EpollEventLoopGroup for e7feb3b4-5cd1-4322-b271-eb1c248a4412-NettyServerStreamRpc-workerGroup; Thread size is 0.
2025-09-19 20:43:07,718 [ForkJoinPool-1-worker-1] INFO  netty.NettyConfigKeys$DataStream (ConfUtils.java:logGet(62)) - raft.netty.dataStream.port = 15040 (custom)
2025-09-19 20:43:07,718 [ForkJoinPool-1-worker-1] INFO  server.RaftServerConfigKeys (ConfUtils.java:logGet(62)) - raft.server.storage.dir = [/home/runner/work/ozone/ozone/hadoop-ozone/integration-test/target/test-dir/MiniOzoneClusterImpl-990002c2-bb69-4aa2-bd68-28a5e13e86ef/ozone-metadata/datanode-4/ratis] (custom)
2025-09-19 20:43:07,719 [e7feb3b4-5cd1-4322-b271-eb1c248a4412-NettyServerStreamRpc-bossGroup--thread1] INFO  logging.LoggingHandler (AbstractInternalLogger.java:log(148)) - [id: 0xf8340111] REGISTERED
2025-09-19 20:43:07,719 [e7feb3b4-5cd1-4322-b271-eb1c248a4412-NettyServerStreamRpc-bossGroup--thread1] INFO  logging.LoggingHandler (AbstractInternalLogger.java:log(148)) - [id: 0xf8340111] BIND: 0.0.0.0/0.0.0.0:15040
2025-09-19 20:43:07,719 [e7feb3b4-5cd1-4322-b271-eb1c248a4412-NettyServerStreamRpc-bossGroup--thread1] INFO  logging.LoggingHandler (AbstractInternalLogger.java:log(148)) - [id: 0xf8340111, L:/0.0.0.0:15040] ACTIVE
2025-09-19 20:43:07,719 [e7feb3b4-5cd1-4322-b271-eb1c248a4412-impl-thread1] INFO  server.RaftServer (RaftServerProxy.java:initGroupDir(270)) - e7feb3b4-5cd1-4322-b271-eb1c248a4412: found a subdirectory /home/runner/work/ozone/ozone/hadoop-ozone/integration-test/target/test-dir/MiniOzoneClusterImpl-990002c2-bb69-4aa2-bd68-28a5e13e86ef/ozone-metadata/datanode-4/ratis/tmp
2025-09-19 20:43:07,720 [e7feb3b4-5cd1-4322-b271-eb1c248a4412-impl-thread1] INFO  server.RaftServer (RaftServerProxy.java:initGroupDir(275)) - e7feb3b4-5cd1-4322-b271-eb1c248a4412: The directory /home/runner/work/ozone/ozone/hadoop-ozone/integration-test/target/test-dir/MiniOzoneClusterImpl-990002c2-bb69-4aa2-bd68-28a5e13e86ef/ozone-metadata/datanode-4/ratis/tmp is not a group directory; ignoring it. 
2025-09-19 20:43:07,720 [ForkJoinPool-1-worker-1] INFO  replication.ReplicationServer (ReplicationServer.java:<init>(84)) - Initializing replication server with thread count = 10 queue length = 4096
2025-09-19 20:43:07,721 [ForkJoinPool-1-worker-1] INFO  server.XceiverServerGrpc (XceiverServerGrpc.java:<init>(130)) - GrpcServer channel type EpollServerSocketChannel
2025-09-19 20:43:07,723 [ForkJoinPool-1-worker-1] INFO  replication.ReplicationSupervisor (ReplicationSupervisor.java:build(169)) - Initializing replication supervisor with thread count = 10
2025-09-19 20:43:07,723 [ForkJoinPool-1-worker-1] INFO  replication.ReplicationSupervisor (ReplicationSupervisor.java:nodeStateUpdated(358)) - Node state updated to IN_SERVICE, scaling executor pool size to 10
2025-09-19 20:43:07,729 [ForkJoinPool-1-worker-1] INFO  http.BaseHttpServer (BaseHttpServer.java:newHttpServer2BuilderForOzone(227)) - Starting Web-server for hddsDatanode at: http://0.0.0.0:15034
2025-09-19 20:43:07,729 [ForkJoinPool-1-worker-1] INFO  http.BaseHttpServer (BaseHttpServer.java:<init>(105)) - Hadoop Security Enabled: false Ozone Security Enabled: false Ozone HTTP Security Enabled: false 
2025-09-19 20:43:07,731 [ForkJoinPool-1-worker-1] WARN  server.AuthenticationFilter (AuthenticationFilter.java:constructSecretProvider(240)) - Unable to initialize FileSignerSecretProvider, falling back to use random secrets. Reason: Could not read signature secret file: /home/runner/hadoop-http-auth-signature-secret
2025-09-19 20:43:07,734 [ForkJoinPool-1-worker-1] INFO  http.HttpServer2 (HttpServer2.java:addGlobalFilter(1041)) - Added global filter 'safety' (class=org.apache.hadoop.hdds.server.http.HttpServer2$QuotingInputFilter)
2025-09-19 20:43:07,736 [ForkJoinPool-1-worker-1] INFO  http.HttpServer2 (HttpServer2.java:addFilter(1017)) - Added filter static_user_filter (class=org.apache.hadoop.http.lib.StaticUserWebFilter$StaticUserFilter) to context hddsDatanode
2025-09-19 20:43:07,736 [ForkJoinPool-1-worker-1] INFO  http.HttpServer2 (HttpServer2.java:addFilter(1025)) - Added filter static_user_filter (class=org.apache.hadoop.http.lib.StaticUserWebFilter$StaticUserFilter) to context static
2025-09-19 20:43:07,736 [ForkJoinPool-1-worker-1] INFO  http.HttpServer2 (HttpServer2.java:addFilter(1025)) - Added filter static_user_filter (class=org.apache.hadoop.http.lib.StaticUserWebFilter$StaticUserFilter) to context logs
2025-09-19 20:43:07,737 [ForkJoinPool-1-worker-1] INFO  http.BaseHttpServer (BaseHttpServer.java:<init>(193)) - HTTP server of hddsDatanode uses base directory /home/runner/work/ozone/ozone/hadoop-ozone/integration-test/target/test-dir/MiniOzoneClusterImpl-990002c2-bb69-4aa2-bd68-28a5e13e86ef/scm/ozone-metadata/webserver
2025-09-19 20:43:07,737 [ForkJoinPool-1-worker-1] INFO  http.HttpServer2 (HttpServer2.java:bindListener(1241)) - Jetty bound to port 15034
2025-09-19 20:43:07,737 [ForkJoinPool-1-worker-1] INFO  server.Server (Server.java:doStart(375)) - jetty-9.4.58.v20250814; built: 2025-08-14T02:28:49.637Z; git: 8f1440587e9e4ae7db3d74cf205643f3d707148d; jvm 21.0.8+9-LTS
2025-09-19 20:43:07,739 [ForkJoinPool-1-worker-1] INFO  server.session (DefaultSessionIdManager.java:doStart(334)) - DefaultSessionIdManager workerName=node0
2025-09-19 20:43:07,739 [ForkJoinPool-1-worker-1] INFO  server.session (DefaultSessionIdManager.java:doStart(339)) - No SessionScavenger set, using defaults
2025-09-19 20:43:07,739 [ForkJoinPool-1-worker-1] INFO  server.session (HouseKeeper.java:startScavenging(132)) - node0 Scavenging every 600000ms
2025-09-19 20:43:07,740 [ForkJoinPool-1-worker-1] INFO  handler.ContextHandler (ContextHandler.java:doStart(921)) - Started o.e.j.s.ServletContextHandler@21450c42{logs,/logs,file:///home/runner/work/ozone/ozone/hadoop-ozone/integration-test/target/log,AVAILABLE}
2025-09-19 20:43:07,740 [ForkJoinPool-1-worker-1] INFO  handler.ContextHandler (ContextHandler.java:doStart(921)) - Started o.e.j.s.ServletContextHandler@87c394{static,/static,jar:file:/home/runner/work/ozone/ozone/hadoop-hdds/container-service/target/hdds-container-service-2.1.0-SNAPSHOT.jar!/webapps/static,AVAILABLE}
2025-09-19 20:43:07,753 [8eb9963e-bce0-4155-aea2-e442cadff8bd-EndpointStateMachineTaskThread-/0.0.0.0:15002-0 ] INFO  utils.DatanodeStoreCache (DatanodeStoreCache.java:addDB(70)) - Added db /home/runner/work/ozone/ozone/hadoop-ozone/integration-test/target/test-dir/MiniOzoneClusterImpl-990002c2-bb69-4aa2-bd68-28a5e13e86ef/ozone-metadata/datanode-1/data-0/hdds/990002c2-bb69-4aa2-bd68-28a5e13e86ef/DS-3d966188-6e8b-4280-af48-36487f3106d4/container.db to cache
2025-09-19 20:43:07,753 [8eb9963e-bce0-4155-aea2-e442cadff8bd-EndpointStateMachineTaskThread-/0.0.0.0:15002-0 ] INFO  volume.HddsVolume (HddsVolume.java:createDbStore(576)) - SchemaV3 db is created and loaded at /home/runner/work/ozone/ozone/hadoop-ozone/integration-test/target/test-dir/MiniOzoneClusterImpl-990002c2-bb69-4aa2-bd68-28a5e13e86ef/ozone-metadata/datanode-1/data-0/hdds/990002c2-bb69-4aa2-bd68-28a5e13e86ef/DS-3d966188-6e8b-4280-af48-36487f3106d4/container.db for volume DS-3d966188-6e8b-4280-af48-36487f3106d4
2025-09-19 20:43:07,761 [8eb9963e-bce0-4155-aea2-e442cadff8bd-ContainerReader-0] INFO  ozoneimpl.ContainerReader (ContainerReader.java:readVolume(147)) - Start to verify containers on volume /home/runner/work/ozone/ozone/hadoop-ozone/integration-test/target/test-dir/MiniOzoneClusterImpl-990002c2-bb69-4aa2-bd68-28a5e13e86ef/ozone-metadata/datanode-1/data-0/hdds
2025-09-19 20:43:07,761 [8eb9963e-bce0-4155-aea2-e442cadff8bd-ContainerReader-0] INFO  ozoneimpl.ContainerReader (ContainerReader.java:readVolume(177)) - Finish verifying containers on volume /home/runner/work/ozone/ozone/hadoop-ozone/integration-test/target/test-dir/MiniOzoneClusterImpl-990002c2-bb69-4aa2-bd68-28a5e13e86ef/ozone-metadata/datanode-1/data-0/hdds
2025-09-19 20:43:07,762 [8eb9963e-bce0-4155-aea2-e442cadff8bd-EndpointStateMachineTaskThread-/0.0.0.0:15002-0 ] INFO  ozoneimpl.OzoneContainer (OzoneContainer.java:buildContainerSet(370)) - Build ContainerSet costs 0s
2025-09-19 20:43:07,762 [8eb9963e-bce0-4155-aea2-e442cadff8bd-EndpointStateMachineTaskThread-/0.0.0.0:15002-0 ] INFO  volume.ThrottledAsyncChecker (ThrottledAsyncChecker.java:schedule(138)) - Scheduling a check for /home/runner/work/ozone/ozone/hadoop-ozone/integration-test/target/test-dir/MiniOzoneClusterImpl-990002c2-bb69-4aa2-bd68-28a5e13e86ef/ozone-metadata/datanode-1/data-0/hdds
2025-09-19 20:43:07,767 [8eb9963e-bce0-4155-aea2-e442cadff8bd-EndpointStateMachineTaskThread-/0.0.0.0:15002-0 ] INFO  volume.StorageVolumeChecker (StorageVolumeChecker.java:checkAllVolumes(231)) - Scheduled health check for volume /home/runner/work/ozone/ozone/hadoop-ozone/integration-test/target/test-dir/MiniOzoneClusterImpl-990002c2-bb69-4aa2-bd68-28a5e13e86ef/ozone-metadata/datanode-1/data-0/hdds
2025-09-19 20:43:07,774 [8eb9963e-bce0-4155-aea2-e442cadff8bd-EndpointStateMachineTaskThread-/0.0.0.0:15002-0 ] INFO  volume.ThrottledAsyncChecker (ThrottledAsyncChecker.java:schedule(138)) - Scheduling a check for /home/runner/work/ozone/ozone/hadoop-ozone/integration-test/target/test-dir/MiniOzoneClusterImpl-990002c2-bb69-4aa2-bd68-28a5e13e86ef/ozone-metadata/datanode-1/ratis
2025-09-19 20:43:07,774 [8eb9963e-bce0-4155-aea2-e442cadff8bd-EndpointStateMachineTaskThread-/0.0.0.0:15002-0 ] INFO  volume.StorageVolumeChecker (StorageVolumeChecker.java:checkAllVolumes(231)) - Scheduled health check for volume /home/runner/work/ozone/ozone/hadoop-ozone/integration-test/target/test-dir/MiniOzoneClusterImpl-990002c2-bb69-4aa2-bd68-28a5e13e86ef/ozone-metadata/datanode-1/ratis
2025-09-19 20:43:07,776 [8eb9963e-bce0-4155-aea2-e442cadff8bd-EndpointStateMachineTaskThread-/0.0.0.0:15002-0 ] INFO  ozoneimpl.OzoneContainer (OzoneContainer.java:start(525)) - Attempting to start container services.
2025-09-19 20:43:07,782 [ContainerMetadataScanner] INFO  ozoneimpl.AbstractBackgroundContainerScanner (AbstractBackgroundContainerScanner.java:runIteration(89)) - Completed an iteration in 0 minutes. Number of iterations (since the data-node restart) : 1, Number of containers scanned in this iteration : 0, Number of unhealthy containers found in this iteration : 0
2025-09-19 20:43:07,786 [ContainerDataScanner(/home/runner/work/ozone/ozone/hadoop-ozone/integration-test/target/test-dir/MiniOzoneClusterImpl-990002c2-bb69-4aa2-bd68-28a5e13e86ef/ozone-metadata/datanode-1/data-0/hdds)] INFO  ozoneimpl.AbstractBackgroundContainerScanner (AbstractBackgroundContainerScanner.java:runIteration(89)) - Completed an iteration in 0 minutes. Number of iterations (since the data-node restart) : 1, Number of containers scanned in this iteration : 0, Number of unhealthy containers found in this iteration : 0
2025-09-19 20:43:07,787 [8eb9963e-bce0-4155-aea2-e442cadff8bd-EndpointStateMachineTaskThread-/0.0.0.0:15002-0 ] INFO  replication.ReplicationServer (ReplicationServer.java:start(137)) - ReplicationServer is started using port 15017
2025-09-19 20:43:07,788 [8eb9963e-bce0-4155-aea2-e442cadff8bd-EndpointStateMachineTaskThread-/0.0.0.0:15002-0 ] INFO  ratis.XceiverServerRatis (XceiverServerRatis.java:start(560)) - Starting XceiverServerRatis(8eb9963e-bce0-4155-aea2-e442cadff8bd)
2025-09-19 20:43:07,789 [8eb9963e-bce0-4155-aea2-e442cadff8bd-EndpointStateMachineTaskThread-/0.0.0.0:15002-0 ] INFO  server.RaftServer (RaftServerProxy.java:startImpl(412)) - 8eb9963e-bce0-4155-aea2-e442cadff8bd: start RPC server
2025-09-19 20:43:07,790 [8eb9963e-bce0-4155-aea2-e442cadff8bd-EndpointStateMachineTaskThread-/0.0.0.0:15002-0 ] INFO  server.GrpcServicesImpl (GrpcServicesImpl.java:startImpl(346)) - 8eb9963e-bce0-4155-aea2-e442cadff8bd: GrpcServicesImpl started, listening on 15013
2025-09-19 20:43:07,791 [8eb9963e-bce0-4155-aea2-e442cadff8bd-EndpointStateMachineTaskThread-/0.0.0.0:15002-0 ] INFO  server.GrpcServicesImpl (GrpcServicesImpl.java:startImpl(346)) - 8eb9963e-bce0-4155-aea2-e442cadff8bd: GrpcServicesImpl started, listening on 15015
2025-09-19 20:43:07,792 [8eb9963e-bce0-4155-aea2-e442cadff8bd-EndpointStateMachineTaskThread-/0.0.0.0:15002-0 ] INFO  server.GrpcServicesImpl (GrpcServicesImpl.java:startImpl(346)) - 8eb9963e-bce0-4155-aea2-e442cadff8bd: GrpcServicesImpl started, listening on 15014
2025-09-19 20:43:07,795 [8eb9963e-bce0-4155-aea2-e442cadff8bd-EndpointStateMachineTaskThread-/0.0.0.0:15002-0 ] INFO  ratis.XceiverServerRatis (XceiverServerRatis.java:getRealPort(587)) - XceiverServerRatis(8eb9963e-bce0-4155-aea2-e442cadff8bd) is started using port RATIS=15013
2025-09-19 20:43:07,795 [8eb9963e-bce0-4155-aea2-e442cadff8bd-EndpointStateMachineTaskThread-/0.0.0.0:15002-0 ] INFO  ratis.XceiverServerRatis (XceiverServerRatis.java:getRealPort(587)) - XceiverServerRatis(8eb9963e-bce0-4155-aea2-e442cadff8bd) is started using port RATIS_ADMIN=15014
2025-09-19 20:43:07,795 [8eb9963e-bce0-4155-aea2-e442cadff8bd-EndpointStateMachineTaskThread-/0.0.0.0:15002-0 ] INFO  ratis.XceiverServerRatis (XceiverServerRatis.java:getRealPort(587)) - XceiverServerRatis(8eb9963e-bce0-4155-aea2-e442cadff8bd) is started using port RATIS_SERVER=15015
2025-09-19 20:43:07,795 [8eb9963e-bce0-4155-aea2-e442cadff8bd-EndpointStateMachineTaskThread-/0.0.0.0:15002-0 ] INFO  ratis.XceiverServerRatis (XceiverServerRatis.java:getRealPort(587)) - XceiverServerRatis(8eb9963e-bce0-4155-aea2-e442cadff8bd) is started using port RATIS_DATASTREAM=15016
2025-09-19 20:43:07,795 [JvmPauseMonitor3] INFO  util.JvmPauseMonitor (JvmPauseMonitor.java:run(146)) - JvmPauseMonitor-8eb9963e-bce0-4155-aea2-e442cadff8bd: Started
2025-09-19 20:43:07,798 [8eb9963e-bce0-4155-aea2-e442cadff8bd-EndpointStateMachineTaskThread-/0.0.0.0:15002-0 ] INFO  utils.BackgroundService (BackgroundService.java:start(119)) - Starting service BlockDeletingService with interval 60000 milliseconds
2025-09-19 20:43:07,799 [8eb9963e-bce0-4155-aea2-e442cadff8bd-EndpointStateMachineTaskThread-/0.0.0.0:15002-0 ] INFO  utils.BackgroundService (BackgroundService.java:start(119)) - Starting service StaleRecoveringContainerScrubbingService with interval 60000 milliseconds
2025-09-19 20:43:07,907 [ForkJoinPool-1-worker-1] INFO  handler.ContextHandler (ContextHandler.java:doStart(921)) - Started o.e.j.w.WebAppContext@4dca7e19{hddsDatanode,/,file:///home/runner/work/ozone/ozone/hadoop-ozone/integration-test/target/test-dir/MiniOzoneClusterImpl-990002c2-bb69-4aa2-bd68-28a5e13e86ef/scm/ozone-metadata/webserver/jetty-0_0_0_0-15034-hdds-container-service-2_1_0-SNAPSHOT_jar-_-any-415747870547745547/webapp/,AVAILABLE}{jar:file:/home/runner/work/ozone/ozone/hadoop-hdds/container-service/target/hdds-container-service-2.1.0-SNAPSHOT.jar!/webapps/hddsDatanode}
2025-09-19 20:43:07,907 [ForkJoinPool-1-worker-1] INFO  server.AbstractConnector (AbstractConnector.java:doStart(333)) - Started ServerConnector@5f213609{HTTP/1.1, (http/1.1)}{0.0.0.0:15034}
2025-09-19 20:43:07,908 [ForkJoinPool-1-worker-1] INFO  server.Server (Server.java:doStart(415)) - Started @12126ms
2025-09-19 20:43:07,908 [ForkJoinPool-1-worker-1] WARN  impl.MetricsSystemImpl (MetricsSystemImpl.java:register(279)) - Sink prometheus already exists!
2025-09-19 20:43:07,908 [ForkJoinPool-1-worker-1] INFO  http.BaseHttpServer (BaseHttpServer.java:updateConnectorAddress(357)) - HTTP server of hddsDatanode listening at http://localhost:15034
2025-09-19 20:43:07,908 [ForkJoinPool-1-worker-1] INFO  ipc.CallQueueManager (CallQueueManager.java:<init>(93)) - Using callQueue: class java.util.concurrent.LinkedBlockingQueue, queueCapacity: 1000, scheduler: class org.apache.hadoop.ipc.DefaultRpcScheduler, ipcBackoff: false, ipcFailOver: false.
2025-09-19 20:43:07,909 [ForkJoinPool-1-worker-1] INFO  ipc.Server (Server.java:<init>(1438)) - Listener at 0.0.0.0:15035
2025-09-19 20:43:07,909 [Socket Reader #1 for port 15035] INFO  ipc.Server (Server.java:run(1474)) - Starting Socket Reader #1 for port 15035
2025-09-19 20:43:07,909 [Socket Reader #2 for port 15035] INFO  ipc.Server (Server.java:run(1474)) - Starting Socket Reader #2 for port 15035
2025-09-19 20:43:07,909 [Socket Reader #3 for port 15035] INFO  ipc.Server (Server.java:run(1474)) - Starting Socket Reader #3 for port 15035
2025-09-19 20:43:07,910 [Socket Reader #4 for port 15035] INFO  ipc.Server (Server.java:run(1474)) - Starting Socket Reader #4 for port 15035
2025-09-19 20:43:07,910 [Socket Reader #5 for port 15035] INFO  ipc.Server (Server.java:run(1474)) - Starting Socket Reader #5 for port 15035
2025-09-19 20:43:07,910 [Socket Reader #6 for port 15035] INFO  ipc.Server (Server.java:run(1474)) - Starting Socket Reader #6 for port 15035
2025-09-19 20:43:07,910 [Socket Reader #7 for port 15035] INFO  ipc.Server (Server.java:run(1474)) - Starting Socket Reader #7 for port 15035
2025-09-19 20:43:07,911 [Socket Reader #8 for port 15035] INFO  ipc.Server (Server.java:run(1474)) - Starting Socket Reader #8 for port 15035
2025-09-19 20:43:07,911 [Socket Reader #9 for port 15035] INFO  ipc.Server (Server.java:run(1474)) - Starting Socket Reader #9 for port 15035
2025-09-19 20:43:07,912 [Socket Reader #10 for port 15035] INFO  ipc.Server (Server.java:run(1474)) - Starting Socket Reader #10 for port 15035
2025-09-19 20:43:07,914 [ForkJoinPool-1-worker-1] INFO  ozone.HddsDatanodeService (HddsDatanodeService.java:start(333)) - Datanode start with admins: [admin, runner]
2025-09-19 20:43:07,914 [ForkJoinPool-1-worker-1] INFO  ozone.HddsDatanodeClientProtocolServer (HddsDatanodeClientProtocolServer.java:start(76)) - RPC server for Client /0.0.0.0:15035
2025-09-19 20:43:07,914 [IPC Server Responder] INFO  ipc.Server (Server.java:run(1713)) - IPC Server Responder: starting
2025-09-19 20:43:07,915 [IPC Server listener on 15035] INFO  ipc.Server (Server.java:run(1553)) - IPC Server listener on 15035: starting
2025-09-19 20:43:07,916 [ForkJoinPool-1-worker-1] WARN  dropwizard3.Dm3MetricRegistriesImpl (Dm3MetricRegistriesImpl.java:addReporterRegistration(114)) - New reporters are added after registries were created. Some metrics will be missing from the reporter. Please add reporter before adding any new registry.
2025-09-19 20:43:07,917 [ForkJoinPool-1-worker-1] WARN  dropwizard3.Dm3MetricRegistriesImpl (Dm3MetricRegistriesImpl.java:addReporterRegistration(114)) - New reporters are added after registries were created. Some metrics will be missing from the reporter. Please add reporter before adding any new registry.
2025-09-19 20:43:07,917 [ForkJoinPool-1-worker-1] INFO  impl.MetricsSystemImpl (MetricsSystemImpl.java:init(158)) - HddsDatanode metrics system started (again)
2025-09-19 20:43:07,919 [e7feb3b4-5cd1-4322-b271-eb1c248a4412-DatanodeStateMachineDaemonThread] INFO  statemachine.DatanodeStateMachine (DatanodeStateMachine.java:startStateMachineThread(363)) - Ozone container server started.
2025-09-19 20:43:07,927 [e7feb3b4-5cd1-4322-b271-eb1c248a4412-DatanodeStateMachineTaskThread-0] INFO  datanode.InitDatanodeState (InitDatanodeState.java:persistContainerDatanodeDetails(139)) - DatanodeDetails is persisted to /home/runner/work/ozone/ozone/hadoop-ozone/integration-test/target/test-dir/MiniOzoneClusterImpl-990002c2-bb69-4aa2-bd68-28a5e13e86ef/ozone-metadata/datanode-4/ozone-metadata/datanode.id
2025-09-19 20:43:07,939 [ForkJoinPool-1-worker-1] INFO  protocol.DatanodeDetails (DatanodeDetails.java:validateDatanodeIpAddress(199)) - Updating IP address of datanode 417c597c-13cf-4e34-be96-1680b82aa276(localhost/null) to 127.0.0.1
2025-09-19 20:43:07,940 [ForkJoinPool-1-worker-1] INFO  ozone.HddsDatanodeService (HddsDatanodeService.java:start(236)) - HddsDatanodeService 417c597c-13cf-4e34-be96-1680b82aa276(localhost/127.0.0.1)
2025-09-19 20:43:07,942 [ForkJoinPool-1-worker-1] INFO  upgrade.AbstractLayoutVersionManager (AbstractLayoutVersionManager.java:init(80)) - Initializing Layout version manager with metadata layout = WITNESSED_CONTAINER_DB_PROTO_VALUE (version = 9), software layout = WITNESSED_CONTAINER_DB_PROTO_VALUE (version = 9)
2025-09-19 20:43:07,943 [ForkJoinPool-1-worker-1] INFO  statemachine.DatanodeStateMachine (DatanodeStateMachine.java:getEndPointTaskThreadPoolSize(321)) - Datanode State Machine Task Thread Pool size 2
2025-09-19 20:43:07,947 [ForkJoinPool-1-worker-1] INFO  volume.HddsVolume (HddsVolume.java:<init>(162)) - HddsVolume: { id=DS-d5f15777-d3bf-4c9f-a862-1e14f51cc7c7 dir=/home/runner/work/ozone/ozone/hadoop-ozone/integration-test/target/test-dir/MiniOzoneClusterImpl-990002c2-bb69-4aa2-bd68-28a5e13e86ef/ozone-metadata/datanode-5/data-0/hdds type=DISK capacity=9222449699674390527 used=0 available=9222449699674390527 minFree=9222450130714624 committed=0 }
2025-09-19 20:43:07,947 [ForkJoinPool-1-worker-1] INFO  volume.MutableVolumeSet (MutableVolumeSet.java:initializeVolumeSet(175)) - Added Volume : /home/runner/work/ozone/ozone/hadoop-ozone/integration-test/target/test-dir/MiniOzoneClusterImpl-990002c2-bb69-4aa2-bd68-28a5e13e86ef/ozone-metadata/datanode-5/data-0/hdds to VolumeSet
2025-09-19 20:43:07,948 [ForkJoinPool-1-worker-1] INFO  volume.MutableVolumeSet (MutableVolumeSet.java:initializeVolumeSet(175)) - Added Volume : /home/runner/work/ozone/ozone/hadoop-ozone/integration-test/target/test-dir/MiniOzoneClusterImpl-990002c2-bb69-4aa2-bd68-28a5e13e86ef/ozone-metadata/datanode-5/ratis to VolumeSet
2025-09-19 20:43:07,949 [ForkJoinPool-1-worker-1] INFO  ozoneimpl.OzoneContainer (HddsVolumeUtil.java:loadAllHddsVolumeDbStore(102)) - Load 1 volumes DbStore cost: 0ms
2025-09-19 20:43:07,949 [ForkJoinPool-1-worker-1] WARN  db.DBStoreBuilder (DBStoreBuilder.java:getDBDirPath(158)) - ozone.scm.datanode.id.dir is not configured. We recommend adding this setting. Falling back to ozone.metadata.dirs instead.
2025-09-19 20:43:07,950 [ForkJoinPool-1-worker-1] WARN  db.DBStoreBuilder (DBStoreBuilder.java:getDBDirPath(158)) - ozone.scm.datanode.id.dir is not configured. We recommend adding this setting. Falling back to ozone.metadata.dirs instead.
2025-09-19 20:43:07,961 [0df1231c-9f8a-4757-a7d0-f6d7f53bc482-EndpointStateMachineTaskThread-/0.0.0.0:15002-0 ] INFO  utils.DatanodeStoreCache (DatanodeStoreCache.java:addDB(70)) - Added db /home/runner/work/ozone/ozone/hadoop-ozone/integration-test/target/test-dir/MiniOzoneClusterImpl-990002c2-bb69-4aa2-bd68-28a5e13e86ef/ozone-metadata/datanode-2/data-0/hdds/990002c2-bb69-4aa2-bd68-28a5e13e86ef/DS-69ac7518-6ece-4e77-96c1-96814a10e0cf/container.db to cache
2025-09-19 20:43:07,961 [0df1231c-9f8a-4757-a7d0-f6d7f53bc482-EndpointStateMachineTaskThread-/0.0.0.0:15002-0 ] INFO  volume.HddsVolume (HddsVolume.java:createDbStore(576)) - SchemaV3 db is created and loaded at /home/runner/work/ozone/ozone/hadoop-ozone/integration-test/target/test-dir/MiniOzoneClusterImpl-990002c2-bb69-4aa2-bd68-28a5e13e86ef/ozone-metadata/datanode-2/data-0/hdds/990002c2-bb69-4aa2-bd68-28a5e13e86ef/DS-69ac7518-6ece-4e77-96c1-96814a10e0cf/container.db for volume DS-69ac7518-6ece-4e77-96c1-96814a10e0cf
2025-09-19 20:43:07,965 [0df1231c-9f8a-4757-a7d0-f6d7f53bc482-ContainerReader-0] INFO  ozoneimpl.ContainerReader (ContainerReader.java:readVolume(147)) - Start to verify containers on volume /home/runner/work/ozone/ozone/hadoop-ozone/integration-test/target/test-dir/MiniOzoneClusterImpl-990002c2-bb69-4aa2-bd68-28a5e13e86ef/ozone-metadata/datanode-2/data-0/hdds
2025-09-19 20:43:07,966 [0df1231c-9f8a-4757-a7d0-f6d7f53bc482-ContainerReader-0] INFO  ozoneimpl.ContainerReader (ContainerReader.java:readVolume(177)) - Finish verifying containers on volume /home/runner/work/ozone/ozone/hadoop-ozone/integration-test/target/test-dir/MiniOzoneClusterImpl-990002c2-bb69-4aa2-bd68-28a5e13e86ef/ozone-metadata/datanode-2/data-0/hdds
2025-09-19 20:43:07,966 [0df1231c-9f8a-4757-a7d0-f6d7f53bc482-EndpointStateMachineTaskThread-/0.0.0.0:15002-0 ] INFO  ozoneimpl.OzoneContainer (OzoneContainer.java:buildContainerSet(370)) - Build ContainerSet costs 0s
2025-09-19 20:43:07,967 [0df1231c-9f8a-4757-a7d0-f6d7f53bc482-EndpointStateMachineTaskThread-/0.0.0.0:15002-0 ] INFO  volume.ThrottledAsyncChecker (ThrottledAsyncChecker.java:schedule(138)) - Scheduling a check for /home/runner/work/ozone/ozone/hadoop-ozone/integration-test/target/test-dir/MiniOzoneClusterImpl-990002c2-bb69-4aa2-bd68-28a5e13e86ef/ozone-metadata/datanode-2/data-0/hdds
2025-09-19 20:43:07,967 [ForkJoinPool-1-worker-1] INFO  impl.FilePerChunkStrategy (FilePerChunkStrategy.java:<init>(79)) - ozone.chunk.read.mapped.buffer.max.count is load with 0
2025-09-19 20:43:07,967 [ForkJoinPool-1-worker-1] INFO  impl.FilePerBlockStrategy (FilePerBlockStrategy.java:<init>(88)) - ozone.chunk.read.mapped.buffer.max.count is load with 0
2025-09-19 20:43:07,969 [0df1231c-9f8a-4757-a7d0-f6d7f53bc482-EndpointStateMachineTaskThread-/0.0.0.0:15002-0 ] INFO  volume.StorageVolumeChecker (StorageVolumeChecker.java:checkAllVolumes(231)) - Scheduled health check for volume /home/runner/work/ozone/ozone/hadoop-ozone/integration-test/target/test-dir/MiniOzoneClusterImpl-990002c2-bb69-4aa2-bd68-28a5e13e86ef/ozone-metadata/datanode-2/data-0/hdds
2025-09-19 20:43:07,969 [ForkJoinPool-1-worker-1] INFO  server.RaftServerConfigKeys (ConfUtils.java:logGet(62)) - raft.server.log.appender.buffer.byte-limit = 33554432 (custom)
2025-09-19 20:43:07,972 [ForkJoinPool-1-worker-1] INFO  grpc.GrpcConfigKeys (ConfUtils.java:logFallback(69)) - raft.grpc.admin.host = null (fallback to raft.grpc.server.host)
2025-09-19 20:43:07,972 [ForkJoinPool-1-worker-1] INFO  grpc.GrpcConfigKeys (ConfUtils.java:logGet(62)) - raft.grpc.admin.port = 15046 (custom)
2025-09-19 20:43:07,972 [ForkJoinPool-1-worker-1] INFO  grpc.GrpcConfigKeys (ConfUtils.java:logFallback(69)) - raft.grpc.client.host = null (fallback to raft.grpc.server.host)
2025-09-19 20:43:07,973 [ForkJoinPool-1-worker-1] INFO  grpc.GrpcConfigKeys (ConfUtils.java:logGet(62)) - raft.grpc.client.port = 15045 (custom)
2025-09-19 20:43:07,973 [ForkJoinPool-1-worker-1] INFO  grpc.GrpcConfigKeys (ConfUtils.java:logGet(62)) - raft.grpc.server.port = 15047 (custom)
2025-09-19 20:43:07,973 [ForkJoinPool-1-worker-1] INFO  server.GrpcServicesImpl (ConfUtils.java:logGet(62)) - raft.grpc.message.size.max = 34603008 (custom)
2025-09-19 20:43:07,973 [ForkJoinPool-1-worker-1] INFO  server.GrpcServicesImpl (ConfUtils.java:logGet(62)) - raft.grpc.flow.control.window = 5MB (=5242880) (custom)
2025-09-19 20:43:07,973 [0df1231c-9f8a-4757-a7d0-f6d7f53bc482-EndpointStateMachineTaskThread-/0.0.0.0:15002-0 ] INFO  volume.ThrottledAsyncChecker (ThrottledAsyncChecker.java:schedule(138)) - Scheduling a check for /home/runner/work/ozone/ozone/hadoop-ozone/integration-test/target/test-dir/MiniOzoneClusterImpl-990002c2-bb69-4aa2-bd68-28a5e13e86ef/ozone-metadata/datanode-2/ratis
2025-09-19 20:43:07,973 [ForkJoinPool-1-worker-1] INFO  server.RaftServerConfigKeys (ConfUtils.java:logGet(62)) - raft.server.log.appender.buffer.byte-limit = 33554432 (custom)
2025-09-19 20:43:07,973 [0df1231c-9f8a-4757-a7d0-f6d7f53bc482-EndpointStateMachineTaskThread-/0.0.0.0:15002-0 ] INFO  volume.StorageVolumeChecker (StorageVolumeChecker.java:checkAllVolumes(231)) - Scheduled health check for volume /home/runner/work/ozone/ozone/hadoop-ozone/integration-test/target/test-dir/MiniOzoneClusterImpl-990002c2-bb69-4aa2-bd68-28a5e13e86ef/ozone-metadata/datanode-2/ratis
2025-09-19 20:43:07,975 [0df1231c-9f8a-4757-a7d0-f6d7f53bc482-EndpointStateMachineTaskThread-/0.0.0.0:15002-0 ] INFO  ozoneimpl.OzoneContainer (OzoneContainer.java:start(525)) - Attempting to start container services.
2025-09-19 20:43:07,975 [ForkJoinPool-1-worker-1] INFO  netty.NettyUtils (NettyUtils.java:newEventLoopGroup(74)) - Create EpollEventLoopGroup for 417c597c-13cf-4e34-be96-1680b82aa276-NettyServerStreamRpc-bossGroup; Thread size is 0.
2025-09-19 20:43:07,976 [ContainerMetadataScanner] INFO  ozoneimpl.AbstractBackgroundContainerScanner (AbstractBackgroundContainerScanner.java:runIteration(89)) - Completed an iteration in 0 minutes. Number of iterations (since the data-node restart) : 1, Number of containers scanned in this iteration : 0, Number of unhealthy containers found in this iteration : 0
2025-09-19 20:43:07,976 [ForkJoinPool-1-worker-1] INFO  netty.NettyUtils (NettyUtils.java:newEventLoopGroup(74)) - Create EpollEventLoopGroup for 417c597c-13cf-4e34-be96-1680b82aa276-NettyServerStreamRpc-workerGroup; Thread size is 0.
2025-09-19 20:43:07,977 [0df1231c-9f8a-4757-a7d0-f6d7f53bc482-EndpointStateMachineTaskThread-/0.0.0.0:15002-0 ] INFO  replication.ReplicationServer (ReplicationServer.java:start(137)) - ReplicationServer is started using port 15025
2025-09-19 20:43:07,977 [ContainerDataScanner(/home/runner/work/ozone/ozone/hadoop-ozone/integration-test/target/test-dir/MiniOzoneClusterImpl-990002c2-bb69-4aa2-bd68-28a5e13e86ef/ozone-metadata/datanode-2/data-0/hdds)] INFO  ozoneimpl.AbstractBackgroundContainerScanner (AbstractBackgroundContainerScanner.java:runIteration(89)) - Completed an iteration in 0 minutes. Number of iterations (since the data-node restart) : 1, Number of containers scanned in this iteration : 0, Number of unhealthy containers found in this iteration : 0
2025-09-19 20:43:07,978 [ForkJoinPool-1-worker-1] INFO  netty.NettyConfigKeys$DataStream (ConfUtils.java:logGet(62)) - raft.netty.dataStream.port = 15048 (custom)
2025-09-19 20:43:07,978 [0df1231c-9f8a-4757-a7d0-f6d7f53bc482-EndpointStateMachineTaskThread-/0.0.0.0:15002-0 ] INFO  ratis.XceiverServerRatis (XceiverServerRatis.java:start(560)) - Starting XceiverServerRatis(0df1231c-9f8a-4757-a7d0-f6d7f53bc482)
2025-09-19 20:43:07,979 [ForkJoinPool-1-worker-1] INFO  server.RaftServerConfigKeys (ConfUtils.java:logGet(62)) - raft.server.storage.dir = [/home/runner/work/ozone/ozone/hadoop-ozone/integration-test/target/test-dir/MiniOzoneClusterImpl-990002c2-bb69-4aa2-bd68-28a5e13e86ef/ozone-metadata/datanode-5/ratis] (custom)
2025-09-19 20:43:07,979 [417c597c-13cf-4e34-be96-1680b82aa276-NettyServerStreamRpc-bossGroup--thread1] INFO  logging.LoggingHandler (AbstractInternalLogger.java:log(148)) - [id: 0x415b62d0] REGISTERED
2025-09-19 20:43:07,980 [417c597c-13cf-4e34-be96-1680b82aa276-NettyServerStreamRpc-bossGroup--thread1] INFO  logging.LoggingHandler (AbstractInternalLogger.java:log(148)) - [id: 0x415b62d0] BIND: 0.0.0.0/0.0.0.0:15048
2025-09-19 20:43:07,980 [417c597c-13cf-4e34-be96-1680b82aa276-NettyServerStreamRpc-bossGroup--thread1] INFO  logging.LoggingHandler (AbstractInternalLogger.java:log(148)) - [id: 0x415b62d0, L:/0.0.0.0:15048] ACTIVE
2025-09-19 20:43:07,980 [0df1231c-9f8a-4757-a7d0-f6d7f53bc482-EndpointStateMachineTaskThread-/0.0.0.0:15002-0 ] INFO  server.RaftServer (RaftServerProxy.java:startImpl(412)) - 0df1231c-9f8a-4757-a7d0-f6d7f53bc482: start RPC server
2025-09-19 20:43:07,980 [417c597c-13cf-4e34-be96-1680b82aa276-impl-thread1] INFO  server.RaftServer (RaftServerProxy.java:initGroupDir(270)) - 417c597c-13cf-4e34-be96-1680b82aa276: found a subdirectory /home/runner/work/ozone/ozone/hadoop-ozone/integration-test/target/test-dir/MiniOzoneClusterImpl-990002c2-bb69-4aa2-bd68-28a5e13e86ef/ozone-metadata/datanode-5/ratis/tmp
2025-09-19 20:43:07,980 [417c597c-13cf-4e34-be96-1680b82aa276-impl-thread1] INFO  server.RaftServer (RaftServerProxy.java:initGroupDir(275)) - 417c597c-13cf-4e34-be96-1680b82aa276: The directory /home/runner/work/ozone/ozone/hadoop-ozone/integration-test/target/test-dir/MiniOzoneClusterImpl-990002c2-bb69-4aa2-bd68-28a5e13e86ef/ozone-metadata/datanode-5/ratis/tmp is not a group directory; ignoring it. 
2025-09-19 20:43:07,981 [ForkJoinPool-1-worker-1] INFO  replication.ReplicationServer (ReplicationServer.java:<init>(84)) - Initializing replication server with thread count = 10 queue length = 4096
2025-09-19 20:43:07,981 [0df1231c-9f8a-4757-a7d0-f6d7f53bc482-EndpointStateMachineTaskThread-/0.0.0.0:15002-0 ] INFO  server.GrpcServicesImpl (GrpcServicesImpl.java:startImpl(346)) - 0df1231c-9f8a-4757-a7d0-f6d7f53bc482: GrpcServicesImpl started, listening on 15021
2025-09-19 20:43:07,982 [ForkJoinPool-1-worker-1] INFO  server.XceiverServerGrpc (XceiverServerGrpc.java:<init>(130)) - GrpcServer channel type EpollServerSocketChannel
2025-09-19 20:43:07,982 [0df1231c-9f8a-4757-a7d0-f6d7f53bc482-EndpointStateMachineTaskThread-/0.0.0.0:15002-0 ] INFO  server.GrpcServicesImpl (GrpcServicesImpl.java:startImpl(346)) - 0df1231c-9f8a-4757-a7d0-f6d7f53bc482: GrpcServicesImpl started, listening on 15023
2025-09-19 20:43:07,982 [0df1231c-9f8a-4757-a7d0-f6d7f53bc482-EndpointStateMachineTaskThread-/0.0.0.0:15002-0 ] INFO  server.GrpcServicesImpl (GrpcServicesImpl.java:startImpl(346)) - 0df1231c-9f8a-4757-a7d0-f6d7f53bc482: GrpcServicesImpl started, listening on 15022
2025-09-19 20:43:07,984 [ForkJoinPool-1-worker-1] INFO  replication.ReplicationSupervisor (ReplicationSupervisor.java:build(169)) - Initializing replication supervisor with thread count = 10
2025-09-19 20:43:07,984 [0df1231c-9f8a-4757-a7d0-f6d7f53bc482-EndpointStateMachineTaskThread-/0.0.0.0:15002-0 ] INFO  ratis.XceiverServerRatis (XceiverServerRatis.java:getRealPort(587)) - XceiverServerRatis(0df1231c-9f8a-4757-a7d0-f6d7f53bc482) is started using port RATIS=15021
2025-09-19 20:43:07,984 [ForkJoinPool-1-worker-1] INFO  replication.ReplicationSupervisor (ReplicationSupervisor.java:nodeStateUpdated(358)) - Node state updated to IN_SERVICE, scaling executor pool size to 10
2025-09-19 20:43:07,984 [JvmPauseMonitor4] INFO  util.JvmPauseMonitor (JvmPauseMonitor.java:run(146)) - JvmPauseMonitor-0df1231c-9f8a-4757-a7d0-f6d7f53bc482: Started
2025-09-19 20:43:07,984 [0df1231c-9f8a-4757-a7d0-f6d7f53bc482-EndpointStateMachineTaskThread-/0.0.0.0:15002-0 ] INFO  ratis.XceiverServerRatis (XceiverServerRatis.java:getRealPort(587)) - XceiverServerRatis(0df1231c-9f8a-4757-a7d0-f6d7f53bc482) is started using port RATIS_ADMIN=15022
2025-09-19 20:43:07,984 [0df1231c-9f8a-4757-a7d0-f6d7f53bc482-EndpointStateMachineTaskThread-/0.0.0.0:15002-0 ] INFO  ratis.XceiverServerRatis (XceiverServerRatis.java:getRealPort(587)) - XceiverServerRatis(0df1231c-9f8a-4757-a7d0-f6d7f53bc482) is started using port RATIS_SERVER=15023
2025-09-19 20:43:07,985 [0df1231c-9f8a-4757-a7d0-f6d7f53bc482-EndpointStateMachineTaskThread-/0.0.0.0:15002-0 ] INFO  ratis.XceiverServerRatis (XceiverServerRatis.java:getRealPort(587)) - XceiverServerRatis(0df1231c-9f8a-4757-a7d0-f6d7f53bc482) is started using port RATIS_DATASTREAM=15024
2025-09-19 20:43:07,986 [0df1231c-9f8a-4757-a7d0-f6d7f53bc482-EndpointStateMachineTaskThread-/0.0.0.0:15002-0 ] INFO  utils.BackgroundService (BackgroundService.java:start(119)) - Starting service BlockDeletingService with interval 60000 milliseconds
2025-09-19 20:43:07,987 [0df1231c-9f8a-4757-a7d0-f6d7f53bc482-EndpointStateMachineTaskThread-/0.0.0.0:15002-0 ] INFO  utils.BackgroundService (BackgroundService.java:start(119)) - Starting service StaleRecoveringContainerScrubbingService with interval 60000 milliseconds
2025-09-19 20:43:07,988 [ForkJoinPool-1-worker-1] INFO  http.BaseHttpServer (BaseHttpServer.java:newHttpServer2BuilderForOzone(227)) - Starting Web-server for hddsDatanode at: http://0.0.0.0:15042
2025-09-19 20:43:07,988 [ForkJoinPool-1-worker-1] INFO  http.BaseHttpServer (BaseHttpServer.java:<init>(105)) - Hadoop Security Enabled: false Ozone Security Enabled: false Ozone HTTP Security Enabled: false 
2025-09-19 20:43:07,991 [ForkJoinPool-1-worker-1] WARN  server.AuthenticationFilter (AuthenticationFilter.java:constructSecretProvider(240)) - Unable to initialize FileSignerSecretProvider, falling back to use random secrets. Reason: Could not read signature secret file: /home/runner/hadoop-http-auth-signature-secret
2025-09-19 20:43:07,994 [ForkJoinPool-1-worker-1] INFO  http.HttpServer2 (HttpServer2.java:addGlobalFilter(1041)) - Added global filter 'safety' (class=org.apache.hadoop.hdds.server.http.HttpServer2$QuotingInputFilter)
2025-09-19 20:43:07,996 [ForkJoinPool-1-worker-1] INFO  http.HttpServer2 (HttpServer2.java:addFilter(1017)) - Added filter static_user_filter (class=org.apache.hadoop.http.lib.StaticUserWebFilter$StaticUserFilter) to context hddsDatanode
2025-09-19 20:43:07,996 [ForkJoinPool-1-worker-1] INFO  http.HttpServer2 (HttpServer2.java:addFilter(1025)) - Added filter static_user_filter (class=org.apache.hadoop.http.lib.StaticUserWebFilter$StaticUserFilter) to context static
2025-09-19 20:43:07,997 [ForkJoinPool-1-worker-1] INFO  http.HttpServer2 (HttpServer2.java:addFilter(1025)) - Added filter static_user_filter (class=org.apache.hadoop.http.lib.StaticUserWebFilter$StaticUserFilter) to context logs
2025-09-19 20:43:07,998 [ForkJoinPool-1-worker-1] INFO  http.BaseHttpServer (BaseHttpServer.java:<init>(193)) - HTTP server of hddsDatanode uses base directory /home/runner/work/ozone/ozone/hadoop-ozone/integration-test/target/test-dir/MiniOzoneClusterImpl-990002c2-bb69-4aa2-bd68-28a5e13e86ef/scm/ozone-metadata/webserver
2025-09-19 20:43:07,998 [ForkJoinPool-1-worker-1] INFO  http.HttpServer2 (HttpServer2.java:bindListener(1241)) - Jetty bound to port 15042
2025-09-19 20:43:07,998 [ForkJoinPool-1-worker-1] INFO  server.Server (Server.java:doStart(375)) - jetty-9.4.58.v20250814; built: 2025-08-14T02:28:49.637Z; git: 8f1440587e9e4ae7db3d74cf205643f3d707148d; jvm 21.0.8+9-LTS
2025-09-19 20:43:08,000 [ForkJoinPool-1-worker-1] INFO  server.session (DefaultSessionIdManager.java:doStart(334)) - DefaultSessionIdManager workerName=node0
2025-09-19 20:43:08,000 [ForkJoinPool-1-worker-1] INFO  server.session (DefaultSessionIdManager.java:doStart(339)) - No SessionScavenger set, using defaults
2025-09-19 20:43:08,000 [ForkJoinPool-1-worker-1] INFO  server.session (HouseKeeper.java:startScavenging(132)) - node0 Scavenging every 660000ms
2025-09-19 20:43:08,001 [ForkJoinPool-1-worker-1] INFO  handler.ContextHandler (ContextHandler.java:doStart(921)) - Started o.e.j.s.ServletContextHandler@5b2ccbd6{logs,/logs,file:///home/runner/work/ozone/ozone/hadoop-ozone/integration-test/target/log,AVAILABLE}
2025-09-19 20:43:08,001 [ForkJoinPool-1-worker-1] INFO  handler.ContextHandler (ContextHandler.java:doStart(921)) - Started o.e.j.s.ServletContextHandler@3aec9ba{static,/static,jar:file:/home/runner/work/ozone/ozone/hadoop-hdds/container-service/target/hdds-container-service-2.1.0-SNAPSHOT.jar!/webapps/static,AVAILABLE}
2025-09-19 20:43:08,150 [ForkJoinPool-1-worker-1] INFO  handler.ContextHandler (ContextHandler.java:doStart(921)) - Started o.e.j.w.WebAppContext@47bad9ed{hddsDatanode,/,file:///home/runner/work/ozone/ozone/hadoop-ozone/integration-test/target/test-dir/MiniOzoneClusterImpl-990002c2-bb69-4aa2-bd68-28a5e13e86ef/scm/ozone-metadata/webserver/jetty-0_0_0_0-15042-hdds-container-service-2_1_0-SNAPSHOT_jar-_-any-16543804206925686067/webapp/,AVAILABLE}{jar:file:/home/runner/work/ozone/ozone/hadoop-hdds/container-service/target/hdds-container-service-2.1.0-SNAPSHOT.jar!/webapps/hddsDatanode}
2025-09-19 20:43:08,151 [ForkJoinPool-1-worker-1] INFO  server.AbstractConnector (AbstractConnector.java:doStart(333)) - Started ServerConnector@3299f9fb{HTTP/1.1, (http/1.1)}{0.0.0.0:15042}
2025-09-19 20:43:08,151 [ForkJoinPool-1-worker-1] INFO  server.Server (Server.java:doStart(415)) - Started @12369ms
2025-09-19 20:43:08,151 [ForkJoinPool-1-worker-1] WARN  impl.MetricsSystemImpl (MetricsSystemImpl.java:register(279)) - Sink prometheus already exists!
2025-09-19 20:43:08,151 [ForkJoinPool-1-worker-1] INFO  http.BaseHttpServer (BaseHttpServer.java:updateConnectorAddress(357)) - HTTP server of hddsDatanode listening at http://localhost:15042
2025-09-19 20:43:08,152 [ForkJoinPool-1-worker-1] INFO  ipc.CallQueueManager (CallQueueManager.java:<init>(93)) - Using callQueue: class java.util.concurrent.LinkedBlockingQueue, queueCapacity: 1000, scheduler: class org.apache.hadoop.ipc.DefaultRpcScheduler, ipcBackoff: false, ipcFailOver: false.
2025-09-19 20:43:08,154 [ForkJoinPool-1-worker-1] INFO  ipc.Server (Server.java:<init>(1438)) - Listener at 0.0.0.0:15043
2025-09-19 20:43:08,155 [Socket Reader #1 for port 15043] INFO  ipc.Server (Server.java:run(1474)) - Starting Socket Reader #1 for port 15043
2025-09-19 20:43:08,156 [Socket Reader #2 for port 15043] INFO  ipc.Server (Server.java:run(1474)) - Starting Socket Reader #2 for port 15043
2025-09-19 20:43:08,157 [Socket Reader #3 for port 15043] INFO  ipc.Server (Server.java:run(1474)) - Starting Socket Reader #3 for port 15043
2025-09-19 20:43:08,158 [Socket Reader #4 for port 15043] INFO  ipc.Server (Server.java:run(1474)) - Starting Socket Reader #4 for port 15043
2025-09-19 20:43:08,158 [Socket Reader #5 for port 15043] INFO  ipc.Server (Server.java:run(1474)) - Starting Socket Reader #5 for port 15043
2025-09-19 20:43:08,159 [Socket Reader #6 for port 15043] INFO  ipc.Server (Server.java:run(1474)) - Starting Socket Reader #6 for port 15043
2025-09-19 20:43:08,160 [Socket Reader #7 for port 15043] INFO  ipc.Server (Server.java:run(1474)) - Starting Socket Reader #7 for port 15043
2025-09-19 20:43:08,161 [Socket Reader #8 for port 15043] INFO  ipc.Server (Server.java:run(1474)) - Starting Socket Reader #8 for port 15043
2025-09-19 20:43:08,161 [Socket Reader #9 for port 15043] INFO  ipc.Server (Server.java:run(1474)) - Starting Socket Reader #9 for port 15043
2025-09-19 20:43:08,162 [Socket Reader #10 for port 15043] INFO  ipc.Server (Server.java:run(1474)) - Starting Socket Reader #10 for port 15043
2025-09-19 20:43:08,166 [ForkJoinPool-1-worker-1] INFO  ozone.HddsDatanodeService (HddsDatanodeService.java:start(333)) - Datanode start with admins: [admin, runner]
2025-09-19 20:43:08,166 [ForkJoinPool-1-worker-1] INFO  ozone.HddsDatanodeClientProtocolServer (HddsDatanodeClientProtocolServer.java:start(76)) - RPC server for Client /0.0.0.0:15043
2025-09-19 20:43:08,166 [IPC Server handler 12 on default port 15002] INFO  net.NetworkTopologyImpl (NetworkTopologyImpl.java:add(133)) - Added a new node: /rack1/8eb9963e-bce0-4155-aea2-e442cadff8bd
2025-09-19 20:43:08,168 [IPC Server Responder] INFO  ipc.Server (Server.java:run(1713)) - IPC Server Responder: starting
2025-09-19 20:43:08,168 [IPC Server listener on 15043] INFO  ipc.Server (Server.java:run(1553)) - IPC Server listener on 15043: starting
2025-09-19 20:43:08,170 [IPC Server handler 12 on default port 15002] INFO  node.SCMNodeManager (SCMNodeManager.java:register(423)) - Registered datanode: 8eb9963e-bce0-4155-aea2-e442cadff8bd{ip: 127.0.0.1, host: localhost, ports: [HTTP=15010, CLIENT_RPC=15011, REPLICATION=15017, RATIS=15013, RATIS_ADMIN=15014, RATIS_SERVER=15015, RATIS_DATASTREAM=15016, STANDALONE=15012], networkLocation: /rack1, certSerialId: null, persistedOpState: null, persistedOpStateExpiryEpochSec: 0}
2025-09-19 20:43:08,172 [EventQueue-NewNodeForNewNodeHandler] INFO  pipeline.BackgroundPipelineCreator (BackgroundPipelineCreator.java:notifyEventTriggered(290)) - trigger a one-shot run on RatisPipelineUtilsThread.
2025-09-19 20:43:08,173 [EventQueue-ContainerRegistrationReportForRatisContainerSafeModeRule] INFO  safemode.SCMSafeModeManager (SCMSafeModeManager.java:validateSafeModeExitRules(138)) - RatisContainerSafeModeRule rule is successfully validated
2025-09-19 20:43:08,174 [EventQueue-ContainerRegistrationReportForECContainerSafeModeRule] INFO  safemode.SCMSafeModeManager (SCMSafeModeManager.java:validateSafeModeExitRules(138)) - ECContainerSafeModeRule rule is successfully validated
2025-09-19 20:43:08,179 [EventQueue-NodeRegistrationContainerReportForDataNodeSafeModeRule] INFO  safemode.SCMSafeModeManager (DataNodeSafeModeRule.java:process(80)) - SCM in safe mode. 1 DataNodes registered, 3 required.
2025-09-19 20:43:08,180 [RatisPipelineUtilsThread-0] INFO  pipeline.RatisPipelineProvider (RatisPipelineProvider.java:lambda$create$0(208)) - Sending CreatePipelineCommand for pipeline:Pipeline-c953b843-7a8e-4433-916d-0133d85f5f20 to datanode:8eb9963e-bce0-4155-aea2-e442cadff8bd(localhost/127.0.0.1)
2025-09-19 20:43:08,180 [EventQueue-PipelineReportForOneReplicaPipelineSafeModeRule] INFO  safemode.SCMSafeModeManager (SCMSafeModeManager.java:validateSafeModeExitRules(138)) - AtleastOneDatanodeReportedRule rule is successfully validated
2025-09-19 20:43:08,180 [ForkJoinPool-1-worker-1] WARN  dropwizard3.Dm3MetricRegistriesImpl (Dm3MetricRegistriesImpl.java:addReporterRegistration(114)) - New reporters are added after registries were created. Some metrics will be missing from the reporter. Please add reporter before adding any new registry.
2025-09-19 20:43:08,180 [ForkJoinPool-1-worker-1] WARN  dropwizard3.Dm3MetricRegistriesImpl (Dm3MetricRegistriesImpl.java:addReporterRegistration(114)) - New reporters are added after registries were created. Some metrics will be missing from the reporter. Please add reporter before adding any new registry.
2025-09-19 20:43:08,181 [ForkJoinPool-1-worker-1] INFO  impl.MetricsSystemImpl (MetricsSystemImpl.java:init(158)) - HddsDatanode metrics system started (again)
2025-09-19 20:43:08,189 [417c597c-13cf-4e34-be96-1680b82aa276-DatanodeStateMachineDaemonThread] INFO  statemachine.DatanodeStateMachine (DatanodeStateMachine.java:startStateMachineThread(363)) - Ozone container server started.
2025-09-19 20:43:08,197 [417c597c-13cf-4e34-be96-1680b82aa276-DatanodeStateMachineTaskThread-0] INFO  datanode.InitDatanodeState (InitDatanodeState.java:persistContainerDatanodeDetails(139)) - DatanodeDetails is persisted to /home/runner/work/ozone/ozone/hadoop-ozone/integration-test/target/test-dir/MiniOzoneClusterImpl-990002c2-bb69-4aa2-bd68-28a5e13e86ef/ozone-metadata/datanode-5/ozone-metadata/datanode.id
2025-09-19 20:43:08,212 [ForkJoinPool-1-worker-1] INFO  protocol.DatanodeDetails (DatanodeDetails.java:validateDatanodeIpAddress(199)) - Updating IP address of datanode c834ff67-8e28-4894-9cd1-7316b4e587ce(localhost/null) to 127.0.0.1
2025-09-19 20:43:08,212 [ForkJoinPool-1-worker-1] INFO  ozone.HddsDatanodeService (HddsDatanodeService.java:start(236)) - HddsDatanodeService c834ff67-8e28-4894-9cd1-7316b4e587ce(localhost/127.0.0.1)
2025-09-19 20:43:08,216 [ForkJoinPool-1-worker-1] INFO  upgrade.AbstractLayoutVersionManager (AbstractLayoutVersionManager.java:init(80)) - Initializing Layout version manager with metadata layout = WITNESSED_CONTAINER_DB_PROTO_VALUE (version = 9), software layout = WITNESSED_CONTAINER_DB_PROTO_VALUE (version = 9)
2025-09-19 20:43:08,217 [ForkJoinPool-1-worker-1] INFO  statemachine.DatanodeStateMachine (DatanodeStateMachine.java:getEndPointTaskThreadPoolSize(321)) - Datanode State Machine Task Thread Pool size 2
2025-09-19 20:43:08,230 [ForkJoinPool-1-worker-1] INFO  volume.HddsVolume (HddsVolume.java:<init>(162)) - HddsVolume: { id=DS-1c3ac7fe-80f5-41c1-a37e-4829e6d3e83d dir=/home/runner/work/ozone/ozone/hadoop-ozone/integration-test/target/test-dir/MiniOzoneClusterImpl-990002c2-bb69-4aa2-bd68-28a5e13e86ef/ozone-metadata/datanode-6/data-0/hdds type=DISK capacity=9222449699674390527 used=0 available=9222449699674390527 minFree=9222450130714624 committed=0 }
2025-09-19 20:43:08,230 [ForkJoinPool-1-worker-1] INFO  volume.MutableVolumeSet (MutableVolumeSet.java:initializeVolumeSet(175)) - Added Volume : /home/runner/work/ozone/ozone/hadoop-ozone/integration-test/target/test-dir/MiniOzoneClusterImpl-990002c2-bb69-4aa2-bd68-28a5e13e86ef/ozone-metadata/datanode-6/data-0/hdds to VolumeSet
2025-09-19 20:43:08,233 [ForkJoinPool-1-worker-1] INFO  volume.MutableVolumeSet (MutableVolumeSet.java:initializeVolumeSet(175)) - Added Volume : /home/runner/work/ozone/ozone/hadoop-ozone/integration-test/target/test-dir/MiniOzoneClusterImpl-990002c2-bb69-4aa2-bd68-28a5e13e86ef/ozone-metadata/datanode-6/ratis to VolumeSet
2025-09-19 20:43:08,235 [ForkJoinPool-1-worker-1] INFO  ozoneimpl.OzoneContainer (HddsVolumeUtil.java:loadAllHddsVolumeDbStore(102)) - Load 1 volumes DbStore cost: 1ms
2025-09-19 20:43:08,237 [ForkJoinPool-1-worker-1] WARN  db.DBStoreBuilder (DBStoreBuilder.java:getDBDirPath(158)) - ozone.scm.datanode.id.dir is not configured. We recommend adding this setting. Falling back to ozone.metadata.dirs instead.
2025-09-19 20:43:08,239 [ForkJoinPool-1-worker-1] WARN  db.DBStoreBuilder (DBStoreBuilder.java:getDBDirPath(158)) - ozone.scm.datanode.id.dir is not configured. We recommend adding this setting. Falling back to ozone.metadata.dirs instead.
2025-09-19 20:43:08,249 [b5a25cc1-46d3-4381-a194-bd68f4526f1c-EndpointStateMachineTaskThread-/0.0.0.0:15002-0 ] INFO  utils.DatanodeStoreCache (DatanodeStoreCache.java:addDB(70)) - Added db /home/runner/work/ozone/ozone/hadoop-ozone/integration-test/target/test-dir/MiniOzoneClusterImpl-990002c2-bb69-4aa2-bd68-28a5e13e86ef/ozone-metadata/datanode-3/data-0/hdds/990002c2-bb69-4aa2-bd68-28a5e13e86ef/DS-00f21907-a1b3-4a4a-aa5e-0adcb3313994/container.db to cache
2025-09-19 20:43:08,250 [b5a25cc1-46d3-4381-a194-bd68f4526f1c-EndpointStateMachineTaskThread-/0.0.0.0:15002-0 ] INFO  volume.HddsVolume (HddsVolume.java:createDbStore(576)) - SchemaV3 db is created and loaded at /home/runner/work/ozone/ozone/hadoop-ozone/integration-test/target/test-dir/MiniOzoneClusterImpl-990002c2-bb69-4aa2-bd68-28a5e13e86ef/ozone-metadata/datanode-3/data-0/hdds/990002c2-bb69-4aa2-bd68-28a5e13e86ef/DS-00f21907-a1b3-4a4a-aa5e-0adcb3313994/container.db for volume DS-00f21907-a1b3-4a4a-aa5e-0adcb3313994
2025-09-19 20:43:08,255 [b5a25cc1-46d3-4381-a194-bd68f4526f1c-ContainerReader-0] INFO  ozoneimpl.ContainerReader (ContainerReader.java:readVolume(147)) - Start to verify containers on volume /home/runner/work/ozone/ozone/hadoop-ozone/integration-test/target/test-dir/MiniOzoneClusterImpl-990002c2-bb69-4aa2-bd68-28a5e13e86ef/ozone-metadata/datanode-3/data-0/hdds
2025-09-19 20:43:08,255 [b5a25cc1-46d3-4381-a194-bd68f4526f1c-ContainerReader-0] INFO  ozoneimpl.ContainerReader (ContainerReader.java:readVolume(177)) - Finish verifying containers on volume /home/runner/work/ozone/ozone/hadoop-ozone/integration-test/target/test-dir/MiniOzoneClusterImpl-990002c2-bb69-4aa2-bd68-28a5e13e86ef/ozone-metadata/datanode-3/data-0/hdds
2025-09-19 20:43:08,255 [b5a25cc1-46d3-4381-a194-bd68f4526f1c-EndpointStateMachineTaskThread-/0.0.0.0:15002-0 ] INFO  ozoneimpl.OzoneContainer (OzoneContainer.java:buildContainerSet(370)) - Build ContainerSet costs 0s
2025-09-19 20:43:08,256 [b5a25cc1-46d3-4381-a194-bd68f4526f1c-EndpointStateMachineTaskThread-/0.0.0.0:15002-0 ] INFO  volume.ThrottledAsyncChecker (ThrottledAsyncChecker.java:schedule(138)) - Scheduling a check for /home/runner/work/ozone/ozone/hadoop-ozone/integration-test/target/test-dir/MiniOzoneClusterImpl-990002c2-bb69-4aa2-bd68-28a5e13e86ef/ozone-metadata/datanode-3/data-0/hdds
2025-09-19 20:43:08,257 [b5a25cc1-46d3-4381-a194-bd68f4526f1c-EndpointStateMachineTaskThread-/0.0.0.0:15002-0 ] INFO  volume.StorageVolumeChecker (StorageVolumeChecker.java:checkAllVolumes(231)) - Scheduled health check for volume /home/runner/work/ozone/ozone/hadoop-ozone/integration-test/target/test-dir/MiniOzoneClusterImpl-990002c2-bb69-4aa2-bd68-28a5e13e86ef/ozone-metadata/datanode-3/data-0/hdds
2025-09-19 20:43:08,263 [ForkJoinPool-1-worker-1] INFO  impl.FilePerChunkStrategy (FilePerChunkStrategy.java:<init>(79)) - ozone.chunk.read.mapped.buffer.max.count is load with 0
2025-09-19 20:43:08,263 [ForkJoinPool-1-worker-1] INFO  impl.FilePerBlockStrategy (FilePerBlockStrategy.java:<init>(88)) - ozone.chunk.read.mapped.buffer.max.count is load with 0
2025-09-19 20:43:08,264 [ForkJoinPool-1-worker-1] INFO  server.RaftServerConfigKeys (ConfUtils.java:logGet(62)) - raft.server.log.appender.buffer.byte-limit = 33554432 (custom)
2025-09-19 20:43:08,266 [ForkJoinPool-1-worker-1] INFO  grpc.GrpcConfigKeys (ConfUtils.java:logFallback(69)) - raft.grpc.admin.host = null (fallback to raft.grpc.server.host)
2025-09-19 20:43:08,266 [ForkJoinPool-1-worker-1] INFO  grpc.GrpcConfigKeys (ConfUtils.java:logGet(62)) - raft.grpc.admin.port = 15054 (custom)
2025-09-19 20:43:08,266 [ForkJoinPool-1-worker-1] INFO  grpc.GrpcConfigKeys (ConfUtils.java:logFallback(69)) - raft.grpc.client.host = null (fallback to raft.grpc.server.host)
2025-09-19 20:43:08,267 [ForkJoinPool-1-worker-1] INFO  grpc.GrpcConfigKeys (ConfUtils.java:logGet(62)) - raft.grpc.client.port = 15053 (custom)
2025-09-19 20:43:08,267 [ForkJoinPool-1-worker-1] INFO  grpc.GrpcConfigKeys (ConfUtils.java:logGet(62)) - raft.grpc.server.port = 15055 (custom)
2025-09-19 20:43:08,267 [ForkJoinPool-1-worker-1] INFO  server.GrpcServicesImpl (ConfUtils.java:logGet(62)) - raft.grpc.message.size.max = 34603008 (custom)
2025-09-19 20:43:08,268 [ForkJoinPool-1-worker-1] INFO  server.GrpcServicesImpl (ConfUtils.java:logGet(62)) - raft.grpc.flow.control.window = 5MB (=5242880) (custom)
2025-09-19 20:43:08,268 [ForkJoinPool-1-worker-1] INFO  server.RaftServerConfigKeys (ConfUtils.java:logGet(62)) - raft.server.log.appender.buffer.byte-limit = 33554432 (custom)
2025-09-19 20:43:08,270 [ForkJoinPool-1-worker-1] INFO  netty.NettyUtils (NettyUtils.java:newEventLoopGroup(74)) - Create EpollEventLoopGroup for c834ff67-8e28-4894-9cd1-7316b4e587ce-NettyServerStreamRpc-bossGroup; Thread size is 0.
2025-09-19 20:43:08,272 [b5a25cc1-46d3-4381-a194-bd68f4526f1c-EndpointStateMachineTaskThread-/0.0.0.0:15002-0 ] INFO  volume.ThrottledAsyncChecker (ThrottledAsyncChecker.java:schedule(138)) - Scheduling a check for /home/runner/work/ozone/ozone/hadoop-ozone/integration-test/target/test-dir/MiniOzoneClusterImpl-990002c2-bb69-4aa2-bd68-28a5e13e86ef/ozone-metadata/datanode-3/ratis
2025-09-19 20:43:08,272 [b5a25cc1-46d3-4381-a194-bd68f4526f1c-EndpointStateMachineTaskThread-/0.0.0.0:15002-0 ] INFO  volume.StorageVolumeChecker (StorageVolumeChecker.java:checkAllVolumes(231)) - Scheduled health check for volume /home/runner/work/ozone/ozone/hadoop-ozone/integration-test/target/test-dir/MiniOzoneClusterImpl-990002c2-bb69-4aa2-bd68-28a5e13e86ef/ozone-metadata/datanode-3/ratis
2025-09-19 20:43:08,272 [ForkJoinPool-1-worker-1] INFO  netty.NettyUtils (NettyUtils.java:newEventLoopGroup(74)) - Create EpollEventLoopGroup for c834ff67-8e28-4894-9cd1-7316b4e587ce-NettyServerStreamRpc-workerGroup; Thread size is 0.
2025-09-19 20:43:08,273 [ForkJoinPool-1-worker-1] INFO  netty.NettyConfigKeys$DataStream (ConfUtils.java:logGet(62)) - raft.netty.dataStream.port = 15056 (custom)
2025-09-19 20:43:08,274 [b5a25cc1-46d3-4381-a194-bd68f4526f1c-EndpointStateMachineTaskThread-/0.0.0.0:15002-0 ] INFO  ozoneimpl.OzoneContainer (OzoneContainer.java:start(525)) - Attempting to start container services.
2025-09-19 20:43:08,275 [c834ff67-8e28-4894-9cd1-7316b4e587ce-NettyServerStreamRpc-bossGroup--thread1] INFO  logging.LoggingHandler (AbstractInternalLogger.java:log(148)) - [id: 0x3f83d53b] REGISTERED
2025-09-19 20:43:08,275 [7c85452d-535d-4afd-8ce9-637c7af67bb0@group-28A5E13E86EF-StateMachineUpdater] INFO  safemode.SCMSafeModeManager (SCMSafeModeManager.java:validateSafeModeExitRules(138)) - RatisContainerSafeModeRule rule is successfully validated
2025-09-19 20:43:08,275 [7c85452d-535d-4afd-8ce9-637c7af67bb0@group-28A5E13E86EF-StateMachineUpdater] INFO  safemode.HealthyPipelineSafeModeRule (HealthyPipelineSafeModeRule.java:initializeRule(228)) - Refreshed total pipeline count is 0, healthy pipeline threshold count is 1
2025-09-19 20:43:08,275 [c834ff67-8e28-4894-9cd1-7316b4e587ce-NettyServerStreamRpc-bossGroup--thread1] INFO  logging.LoggingHandler (AbstractInternalLogger.java:log(148)) - [id: 0x3f83d53b] BIND: 0.0.0.0/0.0.0.0:15056
2025-09-19 20:43:08,275 [ForkJoinPool-1-worker-1] INFO  server.RaftServerConfigKeys (ConfUtils.java:logGet(62)) - raft.server.storage.dir = [/home/runner/work/ozone/ozone/hadoop-ozone/integration-test/target/test-dir/MiniOzoneClusterImpl-990002c2-bb69-4aa2-bd68-28a5e13e86ef/ozone-metadata/datanode-6/ratis] (custom)
2025-09-19 20:43:08,275 [c834ff67-8e28-4894-9cd1-7316b4e587ce-NettyServerStreamRpc-bossGroup--thread1] INFO  logging.LoggingHandler (AbstractInternalLogger.java:log(148)) - [id: 0x3f83d53b, L:/0.0.0.0:15056] ACTIVE
2025-09-19 20:43:08,276 [c834ff67-8e28-4894-9cd1-7316b4e587ce-impl-thread1] INFO  server.RaftServer (RaftServerProxy.java:initGroupDir(270)) - c834ff67-8e28-4894-9cd1-7316b4e587ce: found a subdirectory /home/runner/work/ozone/ozone/hadoop-ozone/integration-test/target/test-dir/MiniOzoneClusterImpl-990002c2-bb69-4aa2-bd68-28a5e13e86ef/ozone-metadata/datanode-6/ratis/tmp
2025-09-19 20:43:08,276 [c834ff67-8e28-4894-9cd1-7316b4e587ce-impl-thread1] INFO  server.RaftServer (RaftServerProxy.java:initGroupDir(275)) - c834ff67-8e28-4894-9cd1-7316b4e587ce: The directory /home/runner/work/ozone/ozone/hadoop-ozone/integration-test/target/test-dir/MiniOzoneClusterImpl-990002c2-bb69-4aa2-bd68-28a5e13e86ef/ozone-metadata/datanode-6/ratis/tmp is not a group directory; ignoring it. 
2025-09-19 20:43:08,275 [7c85452d-535d-4afd-8ce9-637c7af67bb0@group-28A5E13E86EF-StateMachineUpdater] INFO  safemode.SCMSafeModeManager (SCMSafeModeManager.java:validateSafeModeExitRules(138)) - ECContainerSafeModeRule rule is successfully validated
2025-09-19 20:43:08,276 [ContainerMetadataScanner] INFO  ozoneimpl.AbstractBackgroundContainerScanner (AbstractBackgroundContainerScanner.java:runIteration(89)) - Completed an iteration in 0 minutes. Number of iterations (since the data-node restart) : 1, Number of containers scanned in this iteration : 0, Number of unhealthy containers found in this iteration : 0
2025-09-19 20:43:08,276 [7c85452d-535d-4afd-8ce9-637c7af67bb0@group-28A5E13E86EF-StateMachineUpdater] INFO  safemode.SCMSafeModeManager (SCMSafeModeManager.java:validateSafeModeExitRules(138)) - AtleastOneDatanodeReportedRule rule is successfully validated
2025-09-19 20:43:08,276 [ForkJoinPool-1-worker-1] INFO  replication.ReplicationServer (ReplicationServer.java:<init>(84)) - Initializing replication server with thread count = 10 queue length = 4096
2025-09-19 20:43:08,277 [ContainerDataScanner(/home/runner/work/ozone/ozone/hadoop-ozone/integration-test/target/test-dir/MiniOzoneClusterImpl-990002c2-bb69-4aa2-bd68-28a5e13e86ef/ozone-metadata/datanode-3/data-0/hdds)] INFO  ozoneimpl.AbstractBackgroundContainerScanner (AbstractBackgroundContainerScanner.java:runIteration(89)) - Completed an iteration in 0 minutes. Number of iterations (since the data-node restart) : 1, Number of containers scanned in this iteration : 0, Number of unhealthy containers found in this iteration : 0
2025-09-19 20:43:08,278 [b5a25cc1-46d3-4381-a194-bd68f4526f1c-EndpointStateMachineTaskThread-/0.0.0.0:15002-0 ] INFO  replication.ReplicationServer (ReplicationServer.java:start(137)) - ReplicationServer is started using port 15033
2025-09-19 20:43:08,278 [b5a25cc1-46d3-4381-a194-bd68f4526f1c-EndpointStateMachineTaskThread-/0.0.0.0:15002-0 ] INFO  ratis.XceiverServerRatis (XceiverServerRatis.java:start(560)) - Starting XceiverServerRatis(b5a25cc1-46d3-4381-a194-bd68f4526f1c)
2025-09-19 20:43:08,278 [ForkJoinPool-1-worker-1] INFO  server.XceiverServerGrpc (XceiverServerGrpc.java:<init>(130)) - GrpcServer channel type EpollServerSocketChannel
2025-09-19 20:43:08,281 [b5a25cc1-46d3-4381-a194-bd68f4526f1c-EndpointStateMachineTaskThread-/0.0.0.0:15002-0 ] INFO  server.RaftServer (RaftServerProxy.java:startImpl(412)) - b5a25cc1-46d3-4381-a194-bd68f4526f1c: start RPC server
2025-09-19 20:43:08,281 [b5a25cc1-46d3-4381-a194-bd68f4526f1c-EndpointStateMachineTaskThread-/0.0.0.0:15002-0 ] INFO  server.GrpcServicesImpl (GrpcServicesImpl.java:startImpl(346)) - b5a25cc1-46d3-4381-a194-bd68f4526f1c: GrpcServicesImpl started, listening on 15029
2025-09-19 20:43:08,281 [b5a25cc1-46d3-4381-a194-bd68f4526f1c-EndpointStateMachineTaskThread-/0.0.0.0:15002-0 ] INFO  server.GrpcServicesImpl (GrpcServicesImpl.java:startImpl(346)) - b5a25cc1-46d3-4381-a194-bd68f4526f1c: GrpcServicesImpl started, listening on 15031
2025-09-19 20:43:08,281 [RatisPipelineUtilsThread-0] INFO  pipeline.BackgroundPipelineCreator (BackgroundPipelineCreator.java:createPipelines(246)) - Created new pipeline Pipeline{ Id: c953b843-7a8e-4433-916d-0133d85f5f20, Nodes: [ {8eb9963e-bce0-4155-aea2-e442cadff8bd(localhost/127.0.0.1), ReplicaIndex: 0},], ReplicationConfig: RATIS/ONE, State:ALLOCATED, leaderId:, CreationTimestamp2025-09-19T20:43:08.179025607Z[Etc/UTC]}
2025-09-19 20:43:08,282 [b5a25cc1-46d3-4381-a194-bd68f4526f1c-EndpointStateMachineTaskThread-/0.0.0.0:15002-0 ] INFO  server.GrpcServicesImpl (GrpcServicesImpl.java:startImpl(346)) - b5a25cc1-46d3-4381-a194-bd68f4526f1c: GrpcServicesImpl started, listening on 15030
2025-09-19 20:43:08,283 [b5a25cc1-46d3-4381-a194-bd68f4526f1c-EndpointStateMachineTaskThread-/0.0.0.0:15002-0 ] INFO  ratis.XceiverServerRatis (XceiverServerRatis.java:getRealPort(587)) - XceiverServerRatis(b5a25cc1-46d3-4381-a194-bd68f4526f1c) is started using port RATIS=15029
2025-09-19 20:43:08,283 [ForkJoinPool-1-worker-1] INFO  replication.ReplicationSupervisor (ReplicationSupervisor.java:build(169)) - Initializing replication supervisor with thread count = 10
2025-09-19 20:43:08,283 [b5a25cc1-46d3-4381-a194-bd68f4526f1c-EndpointStateMachineTaskThread-/0.0.0.0:15002-0 ] INFO  ratis.XceiverServerRatis (XceiverServerRatis.java:getRealPort(587)) - XceiverServerRatis(b5a25cc1-46d3-4381-a194-bd68f4526f1c) is started using port RATIS_ADMIN=15030
2025-09-19 20:43:08,283 [ForkJoinPool-1-worker-1] INFO  replication.ReplicationSupervisor (ReplicationSupervisor.java:nodeStateUpdated(358)) - Node state updated to IN_SERVICE, scaling executor pool size to 10
2025-09-19 20:43:08,283 [b5a25cc1-46d3-4381-a194-bd68f4526f1c-EndpointStateMachineTaskThread-/0.0.0.0:15002-0 ] INFO  ratis.XceiverServerRatis (XceiverServerRatis.java:getRealPort(587)) - XceiverServerRatis(b5a25cc1-46d3-4381-a194-bd68f4526f1c) is started using port RATIS_SERVER=15031
2025-09-19 20:43:08,283 [b5a25cc1-46d3-4381-a194-bd68f4526f1c-EndpointStateMachineTaskThread-/0.0.0.0:15002-0 ] INFO  ratis.XceiverServerRatis (XceiverServerRatis.java:getRealPort(587)) - XceiverServerRatis(b5a25cc1-46d3-4381-a194-bd68f4526f1c) is started using port RATIS_DATASTREAM=15032
2025-09-19 20:43:08,283 [JvmPauseMonitor5] INFO  util.JvmPauseMonitor (JvmPauseMonitor.java:run(146)) - JvmPauseMonitor-b5a25cc1-46d3-4381-a194-bd68f4526f1c: Started
2025-09-19 20:43:08,284 [b5a25cc1-46d3-4381-a194-bd68f4526f1c-EndpointStateMachineTaskThread-/0.0.0.0:15002-0 ] INFO  utils.BackgroundService (BackgroundService.java:start(119)) - Starting service BlockDeletingService with interval 60000 milliseconds
2025-09-19 20:43:08,284 [b5a25cc1-46d3-4381-a194-bd68f4526f1c-EndpointStateMachineTaskThread-/0.0.0.0:15002-0 ] INFO  utils.BackgroundService (BackgroundService.java:start(119)) - Starting service StaleRecoveringContainerScrubbingService with interval 60000 milliseconds
2025-09-19 20:43:08,288 [ForkJoinPool-1-worker-1] INFO  http.BaseHttpServer (BaseHttpServer.java:newHttpServer2BuilderForOzone(227)) - Starting Web-server for hddsDatanode at: http://0.0.0.0:15050
2025-09-19 20:43:08,288 [ForkJoinPool-1-worker-1] INFO  http.BaseHttpServer (BaseHttpServer.java:<init>(105)) - Hadoop Security Enabled: false Ozone Security Enabled: false Ozone HTTP Security Enabled: false 
2025-09-19 20:43:08,291 [ForkJoinPool-1-worker-1] WARN  server.AuthenticationFilter (AuthenticationFilter.java:constructSecretProvider(240)) - Unable to initialize FileSignerSecretProvider, falling back to use random secrets. Reason: Could not read signature secret file: /home/runner/hadoop-http-auth-signature-secret
2025-09-19 20:43:08,294 [ForkJoinPool-1-worker-1] INFO  http.HttpServer2 (HttpServer2.java:addGlobalFilter(1041)) - Added global filter 'safety' (class=org.apache.hadoop.hdds.server.http.HttpServer2$QuotingInputFilter)
2025-09-19 20:43:08,296 [ForkJoinPool-1-worker-1] INFO  http.HttpServer2 (HttpServer2.java:addFilter(1017)) - Added filter static_user_filter (class=org.apache.hadoop.http.lib.StaticUserWebFilter$StaticUserFilter) to context hddsDatanode
2025-09-19 20:43:08,297 [ForkJoinPool-1-worker-1] INFO  http.HttpServer2 (HttpServer2.java:addFilter(1025)) - Added filter static_user_filter (class=org.apache.hadoop.http.lib.StaticUserWebFilter$StaticUserFilter) to context logs
2025-09-19 20:43:08,297 [ForkJoinPool-1-worker-1] INFO  http.HttpServer2 (HttpServer2.java:addFilter(1025)) - Added filter static_user_filter (class=org.apache.hadoop.http.lib.StaticUserWebFilter$StaticUserFilter) to context static
2025-09-19 20:43:08,298 [ForkJoinPool-1-worker-1] INFO  http.BaseHttpServer (BaseHttpServer.java:<init>(193)) - HTTP server of hddsDatanode uses base directory /home/runner/work/ozone/ozone/hadoop-ozone/integration-test/target/test-dir/MiniOzoneClusterImpl-990002c2-bb69-4aa2-bd68-28a5e13e86ef/scm/ozone-metadata/webserver
2025-09-19 20:43:08,299 [ForkJoinPool-1-worker-1] INFO  http.HttpServer2 (HttpServer2.java:bindListener(1241)) - Jetty bound to port 15050
2025-09-19 20:43:08,299 [ForkJoinPool-1-worker-1] INFO  server.Server (Server.java:doStart(375)) - jetty-9.4.58.v20250814; built: 2025-08-14T02:28:49.637Z; git: 8f1440587e9e4ae7db3d74cf205643f3d707148d; jvm 21.0.8+9-LTS
2025-09-19 20:43:08,301 [ForkJoinPool-1-worker-1] INFO  server.session (DefaultSessionIdManager.java:doStart(334)) - DefaultSessionIdManager workerName=node0
2025-09-19 20:43:08,301 [ForkJoinPool-1-worker-1] INFO  server.session (DefaultSessionIdManager.java:doStart(339)) - No SessionScavenger set, using defaults
2025-09-19 20:43:08,301 [ForkJoinPool-1-worker-1] INFO  server.session (HouseKeeper.java:startScavenging(132)) - node0 Scavenging every 600000ms
2025-09-19 20:43:08,302 [ForkJoinPool-1-worker-1] INFO  handler.ContextHandler (ContextHandler.java:doStart(921)) - Started o.e.j.s.ServletContextHandler@61c49074{logs,/logs,file:///home/runner/work/ozone/ozone/hadoop-ozone/integration-test/target/log,AVAILABLE}
2025-09-19 20:43:08,302 [ForkJoinPool-1-worker-1] INFO  handler.ContextHandler (ContextHandler.java:doStart(921)) - Started o.e.j.s.ServletContextHandler@41cb1991{static,/static,jar:file:/home/runner/work/ozone/ozone/hadoop-hdds/container-service/target/hdds-container-service-2.1.0-SNAPSHOT.jar!/webapps/static,AVAILABLE}
2025-09-19 20:43:08,414 [IPC Server handler 8 on default port 15002] INFO  net.NetworkTopologyImpl (NetworkTopologyImpl.java:add(133)) - Added a new node: /rack1/0df1231c-9f8a-4757-a7d0-f6d7f53bc482
2025-09-19 20:43:08,415 [IPC Server handler 8 on default port 15002] INFO  node.SCMNodeManager (SCMNodeManager.java:register(423)) - Registered datanode: 0df1231c-9f8a-4757-a7d0-f6d7f53bc482{ip: 127.0.0.1, host: localhost, ports: [HTTP=15018, CLIENT_RPC=15019, REPLICATION=15025, RATIS=15021, RATIS_ADMIN=15022, RATIS_SERVER=15023, RATIS_DATASTREAM=15024, STANDALONE=15020], networkLocation: /rack1, certSerialId: null, persistedOpState: null, persistedOpStateExpiryEpochSec: 0}
2025-09-19 20:43:08,416 [EventQueue-NodeRegistrationContainerReportForDataNodeSafeModeRule] INFO  safemode.SCMSafeModeManager (DataNodeSafeModeRule.java:process(80)) - SCM in safe mode. 2 DataNodes registered, 3 required.
2025-09-19 20:43:08,417 [EventQueue-PipelineReportForOneReplicaPipelineSafeModeRule] INFO  safemode.SCMSafeModeManager (SCMSafeModeManager.java:validateSafeModeExitRules(138)) - AtleastOneDatanodeReportedRule rule is successfully validated
2025-09-19 20:43:08,418 [EventQueue-ContainerRegistrationReportForRatisContainerSafeModeRule] INFO  safemode.SCMSafeModeManager (SCMSafeModeManager.java:validateSafeModeExitRules(138)) - RatisContainerSafeModeRule rule is successfully validated
2025-09-19 20:43:08,418 [EventQueue-ContainerRegistrationReportForECContainerSafeModeRule] INFO  safemode.SCMSafeModeManager (SCMSafeModeManager.java:validateSafeModeExitRules(138)) - ECContainerSafeModeRule rule is successfully validated
2025-09-19 20:43:08,419 [EventQueue-NewNodeForNewNodeHandler] INFO  pipeline.BackgroundPipelineCreator (BackgroundPipelineCreator.java:notifyEventTriggered(290)) - trigger a one-shot run on RatisPipelineUtilsThread.
2025-09-19 20:43:08,419 [RatisPipelineUtilsThread-0] INFO  pipeline.RatisPipelineProvider (RatisPipelineProvider.java:lambda$create$0(208)) - Sending CreatePipelineCommand for pipeline:Pipeline-54fe0239-6051-4a8e-b590-39ad5a9eaacd to datanode:0df1231c-9f8a-4757-a7d0-f6d7f53bc482(localhost/127.0.0.1)
2025-09-19 20:43:08,423 [7c85452d-535d-4afd-8ce9-637c7af67bb0@group-28A5E13E86EF-StateMachineUpdater] INFO  safemode.SCMSafeModeManager (SCMSafeModeManager.java:validateSafeModeExitRules(138)) - RatisContainerSafeModeRule rule is successfully validated
2025-09-19 20:43:08,424 [7c85452d-535d-4afd-8ce9-637c7af67bb0@group-28A5E13E86EF-StateMachineUpdater] INFO  safemode.HealthyPipelineSafeModeRule (HealthyPipelineSafeModeRule.java:initializeRule(228)) - Refreshed total pipeline count is 0, healthy pipeline threshold count is 1
2025-09-19 20:43:08,424 [7c85452d-535d-4afd-8ce9-637c7af67bb0@group-28A5E13E86EF-StateMachineUpdater] INFO  safemode.SCMSafeModeManager (SCMSafeModeManager.java:validateSafeModeExitRules(138)) - ECContainerSafeModeRule rule is successfully validated
2025-09-19 20:43:08,425 [7c85452d-535d-4afd-8ce9-637c7af67bb0@group-28A5E13E86EF-StateMachineUpdater] INFO  safemode.SCMSafeModeManager (SCMSafeModeManager.java:validateSafeModeExitRules(138)) - AtleastOneDatanodeReportedRule rule is successfully validated
2025-09-19 20:43:08,425 [RatisPipelineUtilsThread-0] INFO  pipeline.BackgroundPipelineCreator (BackgroundPipelineCreator.java:createPipelines(246)) - Created new pipeline Pipeline{ Id: 54fe0239-6051-4a8e-b590-39ad5a9eaacd, Nodes: [ {0df1231c-9f8a-4757-a7d0-f6d7f53bc482(localhost/127.0.0.1), ReplicaIndex: 0},], ReplicationConfig: RATIS/ONE, State:ALLOCATED, leaderId:, CreationTimestamp2025-09-19T20:43:08.419815329Z[Etc/UTC]}
2025-09-19 20:43:08,472 [e7feb3b4-5cd1-4322-b271-eb1c248a4412-EndpointStateMachineTaskThread-/0.0.0.0:15002-0 ] INFO  utils.DatanodeStoreCache (DatanodeStoreCache.java:addDB(70)) - Added db /home/runner/work/ozone/ozone/hadoop-ozone/integration-test/target/test-dir/MiniOzoneClusterImpl-990002c2-bb69-4aa2-bd68-28a5e13e86ef/ozone-metadata/datanode-4/data-0/hdds/990002c2-bb69-4aa2-bd68-28a5e13e86ef/DS-4e6824a3-16c7-4668-a829-65a4da2b6cb0/container.db to cache
2025-09-19 20:43:08,473 [e7feb3b4-5cd1-4322-b271-eb1c248a4412-EndpointStateMachineTaskThread-/0.0.0.0:15002-0 ] INFO  volume.HddsVolume (HddsVolume.java:createDbStore(576)) - SchemaV3 db is created and loaded at /home/runner/work/ozone/ozone/hadoop-ozone/integration-test/target/test-dir/MiniOzoneClusterImpl-990002c2-bb69-4aa2-bd68-28a5e13e86ef/ozone-metadata/datanode-4/data-0/hdds/990002c2-bb69-4aa2-bd68-28a5e13e86ef/DS-4e6824a3-16c7-4668-a829-65a4da2b6cb0/container.db for volume DS-4e6824a3-16c7-4668-a829-65a4da2b6cb0
2025-09-19 20:43:08,475 [ForkJoinPool-1-worker-1] INFO  handler.ContextHandler (ContextHandler.java:doStart(921)) - Started o.e.j.w.WebAppContext@12be4419{hddsDatanode,/,file:///home/runner/work/ozone/ozone/hadoop-ozone/integration-test/target/test-dir/MiniOzoneClusterImpl-990002c2-bb69-4aa2-bd68-28a5e13e86ef/scm/ozone-metadata/webserver/jetty-0_0_0_0-15050-hdds-container-service-2_1_0-SNAPSHOT_jar-_-any-3593858106328286918/webapp/,AVAILABLE}{jar:file:/home/runner/work/ozone/ozone/hadoop-hdds/container-service/target/hdds-container-service-2.1.0-SNAPSHOT.jar!/webapps/hddsDatanode}
2025-09-19 20:43:08,476 [ForkJoinPool-1-worker-1] INFO  server.AbstractConnector (AbstractConnector.java:doStart(333)) - Started ServerConnector@6266ef50{HTTP/1.1, (http/1.1)}{0.0.0.0:15050}
2025-09-19 20:43:08,476 [ForkJoinPool-1-worker-1] INFO  server.Server (Server.java:doStart(415)) - Started @12694ms
2025-09-19 20:43:08,476 [ForkJoinPool-1-worker-1] WARN  impl.MetricsSystemImpl (MetricsSystemImpl.java:register(279)) - Sink prometheus already exists!
2025-09-19 20:43:08,476 [ForkJoinPool-1-worker-1] INFO  http.BaseHttpServer (BaseHttpServer.java:updateConnectorAddress(357)) - HTTP server of hddsDatanode listening at http://localhost:15050
2025-09-19 20:43:08,477 [ForkJoinPool-1-worker-1] INFO  ipc.CallQueueManager (CallQueueManager.java:<init>(93)) - Using callQueue: class java.util.concurrent.LinkedBlockingQueue, queueCapacity: 1000, scheduler: class org.apache.hadoop.ipc.DefaultRpcScheduler, ipcBackoff: false, ipcFailOver: false.
2025-09-19 20:43:08,477 [ForkJoinPool-1-worker-1] INFO  ipc.Server (Server.java:<init>(1438)) - Listener at 0.0.0.0:15051
2025-09-19 20:43:08,477 [e7feb3b4-5cd1-4322-b271-eb1c248a4412-ContainerReader-0] INFO  ozoneimpl.ContainerReader (ContainerReader.java:readVolume(147)) - Start to verify containers on volume /home/runner/work/ozone/ozone/hadoop-ozone/integration-test/target/test-dir/MiniOzoneClusterImpl-990002c2-bb69-4aa2-bd68-28a5e13e86ef/ozone-metadata/datanode-4/data-0/hdds
2025-09-19 20:43:08,477 [e7feb3b4-5cd1-4322-b271-eb1c248a4412-ContainerReader-0] INFO  ozoneimpl.ContainerReader (ContainerReader.java:readVolume(177)) - Finish verifying containers on volume /home/runner/work/ozone/ozone/hadoop-ozone/integration-test/target/test-dir/MiniOzoneClusterImpl-990002c2-bb69-4aa2-bd68-28a5e13e86ef/ozone-metadata/datanode-4/data-0/hdds
2025-09-19 20:43:08,478 [Socket Reader #1 for port 15051] INFO  ipc.Server (Server.java:run(1474)) - Starting Socket Reader #1 for port 15051
2025-09-19 20:43:08,478 [Socket Reader #2 for port 15051] INFO  ipc.Server (Server.java:run(1474)) - Starting Socket Reader #2 for port 15051
2025-09-19 20:43:08,478 [e7feb3b4-5cd1-4322-b271-eb1c248a4412-EndpointStateMachineTaskThread-/0.0.0.0:15002-0 ] INFO  ozoneimpl.OzoneContainer (OzoneContainer.java:buildContainerSet(370)) - Build ContainerSet costs 0s
2025-09-19 20:43:08,478 [Socket Reader #3 for port 15051] INFO  ipc.Server (Server.java:run(1474)) - Starting Socket Reader #3 for port 15051
2025-09-19 20:43:08,478 [e7feb3b4-5cd1-4322-b271-eb1c248a4412-EndpointStateMachineTaskThread-/0.0.0.0:15002-0 ] INFO  volume.ThrottledAsyncChecker (ThrottledAsyncChecker.java:schedule(138)) - Scheduling a check for /home/runner/work/ozone/ozone/hadoop-ozone/integration-test/target/test-dir/MiniOzoneClusterImpl-990002c2-bb69-4aa2-bd68-28a5e13e86ef/ozone-metadata/datanode-4/data-0/hdds
2025-09-19 20:43:08,479 [Socket Reader #4 for port 15051] INFO  ipc.Server (Server.java:run(1474)) - Starting Socket Reader #4 for port 15051
2025-09-19 20:43:08,479 [Socket Reader #5 for port 15051] INFO  ipc.Server (Server.java:run(1474)) - Starting Socket Reader #5 for port 15051
2025-09-19 20:43:08,479 [Socket Reader #6 for port 15051] INFO  ipc.Server (Server.java:run(1474)) - Starting Socket Reader #6 for port 15051
2025-09-19 20:43:08,479 [Socket Reader #7 for port 15051] INFO  ipc.Server (Server.java:run(1474)) - Starting Socket Reader #7 for port 15051
2025-09-19 20:43:08,480 [e7feb3b4-5cd1-4322-b271-eb1c248a4412-EndpointStateMachineTaskThread-/0.0.0.0:15002-0 ] INFO  volume.StorageVolumeChecker (StorageVolumeChecker.java:checkAllVolumes(231)) - Scheduled health check for volume /home/runner/work/ozone/ozone/hadoop-ozone/integration-test/target/test-dir/MiniOzoneClusterImpl-990002c2-bb69-4aa2-bd68-28a5e13e86ef/ozone-metadata/datanode-4/data-0/hdds
2025-09-19 20:43:08,480 [Socket Reader #8 for port 15051] INFO  ipc.Server (Server.java:run(1474)) - Starting Socket Reader #8 for port 15051
2025-09-19 20:43:08,481 [Socket Reader #9 for port 15051] INFO  ipc.Server (Server.java:run(1474)) - Starting Socket Reader #9 for port 15051
2025-09-19 20:43:08,481 [Socket Reader #10 for port 15051] INFO  ipc.Server (Server.java:run(1474)) - Starting Socket Reader #10 for port 15051
2025-09-19 20:43:08,483 [ForkJoinPool-1-worker-1] INFO  ozone.HddsDatanodeService (HddsDatanodeService.java:start(333)) - Datanode start with admins: [admin, runner]
2025-09-19 20:43:08,484 [ForkJoinPool-1-worker-1] INFO  ozone.HddsDatanodeClientProtocolServer (HddsDatanodeClientProtocolServer.java:start(76)) - RPC server for Client /0.0.0.0:15051
2025-09-19 20:43:08,484 [e7feb3b4-5cd1-4322-b271-eb1c248a4412-EndpointStateMachineTaskThread-/0.0.0.0:15002-0 ] INFO  volume.ThrottledAsyncChecker (ThrottledAsyncChecker.java:schedule(138)) - Scheduling a check for /home/runner/work/ozone/ozone/hadoop-ozone/integration-test/target/test-dir/MiniOzoneClusterImpl-990002c2-bb69-4aa2-bd68-28a5e13e86ef/ozone-metadata/datanode-4/ratis
2025-09-19 20:43:08,484 [e7feb3b4-5cd1-4322-b271-eb1c248a4412-EndpointStateMachineTaskThread-/0.0.0.0:15002-0 ] INFO  volume.StorageVolumeChecker (StorageVolumeChecker.java:checkAllVolumes(231)) - Scheduled health check for volume /home/runner/work/ozone/ozone/hadoop-ozone/integration-test/target/test-dir/MiniOzoneClusterImpl-990002c2-bb69-4aa2-bd68-28a5e13e86ef/ozone-metadata/datanode-4/ratis
2025-09-19 20:43:08,484 [IPC Server listener on 15051] INFO  ipc.Server (Server.java:run(1553)) - IPC Server listener on 15051: starting
2025-09-19 20:43:08,484 [IPC Server Responder] INFO  ipc.Server (Server.java:run(1713)) - IPC Server Responder: starting
2025-09-19 20:43:08,486 [e7feb3b4-5cd1-4322-b271-eb1c248a4412-EndpointStateMachineTaskThread-/0.0.0.0:15002-0 ] INFO  ozoneimpl.OzoneContainer (OzoneContainer.java:start(525)) - Attempting to start container services.
2025-09-19 20:43:08,487 [ContainerMetadataScanner] INFO  ozoneimpl.AbstractBackgroundContainerScanner (AbstractBackgroundContainerScanner.java:runIteration(89)) - Completed an iteration in 0 minutes. Number of iterations (since the data-node restart) : 1, Number of containers scanned in this iteration : 0, Number of unhealthy containers found in this iteration : 0
2025-09-19 20:43:08,488 [ContainerDataScanner(/home/runner/work/ozone/ozone/hadoop-ozone/integration-test/target/test-dir/MiniOzoneClusterImpl-990002c2-bb69-4aa2-bd68-28a5e13e86ef/ozone-metadata/datanode-4/data-0/hdds)] INFO  ozoneimpl.AbstractBackgroundContainerScanner (AbstractBackgroundContainerScanner.java:runIteration(89)) - Completed an iteration in 0 minutes. Number of iterations (since the data-node restart) : 1, Number of containers scanned in this iteration : 0, Number of unhealthy containers found in this iteration : 0
2025-09-19 20:43:08,488 [ForkJoinPool-1-worker-1] WARN  dropwizard3.Dm3MetricRegistriesImpl (Dm3MetricRegistriesImpl.java:addReporterRegistration(114)) - New reporters are added after registries were created. Some metrics will be missing from the reporter. Please add reporter before adding any new registry.
2025-09-19 20:43:08,488 [ForkJoinPool-1-worker-1] WARN  dropwizard3.Dm3MetricRegistriesImpl (Dm3MetricRegistriesImpl.java:addReporterRegistration(114)) - New reporters are added after registries were created. Some metrics will be missing from the reporter. Please add reporter before adding any new registry.
2025-09-19 20:43:08,489 [ForkJoinPool-1-worker-1] INFO  impl.MetricsSystemImpl (MetricsSystemImpl.java:init(158)) - HddsDatanode metrics system started (again)
2025-09-19 20:43:08,489 [e7feb3b4-5cd1-4322-b271-eb1c248a4412-EndpointStateMachineTaskThread-/0.0.0.0:15002-0 ] INFO  replication.ReplicationServer (ReplicationServer.java:start(137)) - ReplicationServer is started using port 15041
2025-09-19 20:43:08,489 [e7feb3b4-5cd1-4322-b271-eb1c248a4412-EndpointStateMachineTaskThread-/0.0.0.0:15002-0 ] INFO  ratis.XceiverServerRatis (XceiverServerRatis.java:start(560)) - Starting XceiverServerRatis(e7feb3b4-5cd1-4322-b271-eb1c248a4412)
2025-09-19 20:43:08,491 [c834ff67-8e28-4894-9cd1-7316b4e587ce-DatanodeStateMachineDaemonThread] INFO  statemachine.DatanodeStateMachine (DatanodeStateMachine.java:startStateMachineThread(363)) - Ozone container server started.
2025-09-19 20:43:08,491 [e7feb3b4-5cd1-4322-b271-eb1c248a4412-EndpointStateMachineTaskThread-/0.0.0.0:15002-0 ] INFO  server.RaftServer (RaftServerProxy.java:startImpl(412)) - e7feb3b4-5cd1-4322-b271-eb1c248a4412: start RPC server
2025-09-19 20:43:08,493 [e7feb3b4-5cd1-4322-b271-eb1c248a4412-EndpointStateMachineTaskThread-/0.0.0.0:15002-0 ] INFO  server.GrpcServicesImpl (GrpcServicesImpl.java:startImpl(346)) - e7feb3b4-5cd1-4322-b271-eb1c248a4412: GrpcServicesImpl started, listening on 15037
2025-09-19 20:43:08,494 [e7feb3b4-5cd1-4322-b271-eb1c248a4412-EndpointStateMachineTaskThread-/0.0.0.0:15002-0 ] INFO  server.GrpcServicesImpl (GrpcServicesImpl.java:startImpl(346)) - e7feb3b4-5cd1-4322-b271-eb1c248a4412: GrpcServicesImpl started, listening on 15039
2025-09-19 20:43:08,494 [e7feb3b4-5cd1-4322-b271-eb1c248a4412-EndpointStateMachineTaskThread-/0.0.0.0:15002-0 ] INFO  server.GrpcServicesImpl (GrpcServicesImpl.java:startImpl(346)) - e7feb3b4-5cd1-4322-b271-eb1c248a4412: GrpcServicesImpl started, listening on 15038
2025-09-19 20:43:08,495 [e7feb3b4-5cd1-4322-b271-eb1c248a4412-EndpointStateMachineTaskThread-/0.0.0.0:15002-0 ] INFO  ratis.XceiverServerRatis (XceiverServerRatis.java:getRealPort(587)) - XceiverServerRatis(e7feb3b4-5cd1-4322-b271-eb1c248a4412) is started using port RATIS=15037
2025-09-19 20:43:08,495 [e7feb3b4-5cd1-4322-b271-eb1c248a4412-EndpointStateMachineTaskThread-/0.0.0.0:15002-0 ] INFO  ratis.XceiverServerRatis (XceiverServerRatis.java:getRealPort(587)) - XceiverServerRatis(e7feb3b4-5cd1-4322-b271-eb1c248a4412) is started using port RATIS_ADMIN=15038
2025-09-19 20:43:08,495 [e7feb3b4-5cd1-4322-b271-eb1c248a4412-EndpointStateMachineTaskThread-/0.0.0.0:15002-0 ] INFO  ratis.XceiverServerRatis (XceiverServerRatis.java:getRealPort(587)) - XceiverServerRatis(e7feb3b4-5cd1-4322-b271-eb1c248a4412) is started using port RATIS_SERVER=15039
2025-09-19 20:43:08,495 [e7feb3b4-5cd1-4322-b271-eb1c248a4412-EndpointStateMachineTaskThread-/0.0.0.0:15002-0 ] INFO  ratis.XceiverServerRatis (XceiverServerRatis.java:getRealPort(587)) - XceiverServerRatis(e7feb3b4-5cd1-4322-b271-eb1c248a4412) is started using port RATIS_DATASTREAM=15040
2025-09-19 20:43:08,496 [e7feb3b4-5cd1-4322-b271-eb1c248a4412-EndpointStateMachineTaskThread-/0.0.0.0:15002-0 ] INFO  utils.BackgroundService (BackgroundService.java:start(119)) - Starting service BlockDeletingService with interval 60000 milliseconds
2025-09-19 20:43:08,496 [e7feb3b4-5cd1-4322-b271-eb1c248a4412-EndpointStateMachineTaskThread-/0.0.0.0:15002-0 ] INFO  utils.BackgroundService (BackgroundService.java:start(119)) - Starting service StaleRecoveringContainerScrubbingService with interval 60000 milliseconds
2025-09-19 20:43:08,497 [JvmPauseMonitor6] INFO  util.JvmPauseMonitor (JvmPauseMonitor.java:run(146)) - JvmPauseMonitor-e7feb3b4-5cd1-4322-b271-eb1c248a4412: Started
2025-09-19 20:43:08,497 [c834ff67-8e28-4894-9cd1-7316b4e587ce-DatanodeStateMachineTaskThread-0] INFO  datanode.InitDatanodeState (InitDatanodeState.java:persistContainerDatanodeDetails(139)) - DatanodeDetails is persisted to /home/runner/work/ozone/ozone/hadoop-ozone/integration-test/target/test-dir/MiniOzoneClusterImpl-990002c2-bb69-4aa2-bd68-28a5e13e86ef/ozone-metadata/datanode-6/ozone-metadata/datanode.id
2025-09-19 20:43:08,512 [ForkJoinPool-1-worker-1] INFO  protocol.DatanodeDetails (DatanodeDetails.java:validateDatanodeIpAddress(199)) - Updating IP address of datanode 6b19ddea-00d3-43a8-b068-4376c2353d98(localhost/null) to 127.0.0.1
2025-09-19 20:43:08,512 [ForkJoinPool-1-worker-1] INFO  ozone.HddsDatanodeService (HddsDatanodeService.java:start(236)) - HddsDatanodeService 6b19ddea-00d3-43a8-b068-4376c2353d98(localhost/127.0.0.1)
2025-09-19 20:43:08,515 [ForkJoinPool-1-worker-1] INFO  upgrade.AbstractLayoutVersionManager (AbstractLayoutVersionManager.java:init(80)) - Initializing Layout version manager with metadata layout = WITNESSED_CONTAINER_DB_PROTO_VALUE (version = 9), software layout = WITNESSED_CONTAINER_DB_PROTO_VALUE (version = 9)
2025-09-19 20:43:08,515 [ForkJoinPool-1-worker-1] INFO  statemachine.DatanodeStateMachine (DatanodeStateMachine.java:getEndPointTaskThreadPoolSize(321)) - Datanode State Machine Task Thread Pool size 2
2025-09-19 20:43:08,519 [ForkJoinPool-1-worker-1] INFO  volume.HddsVolume (HddsVolume.java:<init>(162)) - HddsVolume: { id=DS-fc7565e6-ffdb-481d-9d33-afc8275fe920 dir=/home/runner/work/ozone/ozone/hadoop-ozone/integration-test/target/test-dir/MiniOzoneClusterImpl-990002c2-bb69-4aa2-bd68-28a5e13e86ef/ozone-metadata/datanode-7/data-0/hdds type=DISK capacity=9222449699674390527 used=0 available=9222449699674390527 minFree=9222450130714624 committed=0 }
2025-09-19 20:43:08,519 [ForkJoinPool-1-worker-1] INFO  volume.MutableVolumeSet (MutableVolumeSet.java:initializeVolumeSet(175)) - Added Volume : /home/runner/work/ozone/ozone/hadoop-ozone/integration-test/target/test-dir/MiniOzoneClusterImpl-990002c2-bb69-4aa2-bd68-28a5e13e86ef/ozone-metadata/datanode-7/data-0/hdds to VolumeSet
2025-09-19 20:43:08,520 [ForkJoinPool-1-worker-1] INFO  volume.MutableVolumeSet (MutableVolumeSet.java:initializeVolumeSet(175)) - Added Volume : /home/runner/work/ozone/ozone/hadoop-ozone/integration-test/target/test-dir/MiniOzoneClusterImpl-990002c2-bb69-4aa2-bd68-28a5e13e86ef/ozone-metadata/datanode-7/ratis to VolumeSet
2025-09-19 20:43:08,521 [ForkJoinPool-1-worker-1] INFO  ozoneimpl.OzoneContainer (HddsVolumeUtil.java:loadAllHddsVolumeDbStore(102)) - Load 1 volumes DbStore cost: 0ms
2025-09-19 20:43:08,521 [ForkJoinPool-1-worker-1] WARN  db.DBStoreBuilder (DBStoreBuilder.java:getDBDirPath(158)) - ozone.scm.datanode.id.dir is not configured. We recommend adding this setting. Falling back to ozone.metadata.dirs instead.
2025-09-19 20:43:08,522 [ForkJoinPool-1-worker-1] WARN  db.DBStoreBuilder (DBStoreBuilder.java:getDBDirPath(158)) - ozone.scm.datanode.id.dir is not configured. We recommend adding this setting. Falling back to ozone.metadata.dirs instead.
2025-09-19 20:43:08,539 [ForkJoinPool-1-worker-1] INFO  impl.FilePerChunkStrategy (FilePerChunkStrategy.java:<init>(79)) - ozone.chunk.read.mapped.buffer.max.count is load with 0
2025-09-19 20:43:08,539 [ForkJoinPool-1-worker-1] INFO  impl.FilePerBlockStrategy (FilePerBlockStrategy.java:<init>(88)) - ozone.chunk.read.mapped.buffer.max.count is load with 0
2025-09-19 20:43:08,540 [ForkJoinPool-1-worker-1] INFO  server.RaftServerConfigKeys (ConfUtils.java:logGet(62)) - raft.server.log.appender.buffer.byte-limit = 33554432 (custom)
2025-09-19 20:43:08,542 [ForkJoinPool-1-worker-1] INFO  grpc.GrpcConfigKeys (ConfUtils.java:logFallback(69)) - raft.grpc.admin.host = null (fallback to raft.grpc.server.host)
2025-09-19 20:43:08,542 [ForkJoinPool-1-worker-1] INFO  grpc.GrpcConfigKeys (ConfUtils.java:logGet(62)) - raft.grpc.admin.port = 15062 (custom)
2025-09-19 20:43:08,542 [ForkJoinPool-1-worker-1] INFO  grpc.GrpcConfigKeys (ConfUtils.java:logFallback(69)) - raft.grpc.client.host = null (fallback to raft.grpc.server.host)
2025-09-19 20:43:08,542 [ForkJoinPool-1-worker-1] INFO  grpc.GrpcConfigKeys (ConfUtils.java:logGet(62)) - raft.grpc.client.port = 15061 (custom)
2025-09-19 20:43:08,542 [ForkJoinPool-1-worker-1] INFO  grpc.GrpcConfigKeys (ConfUtils.java:logGet(62)) - raft.grpc.server.port = 15063 (custom)
2025-09-19 20:43:08,542 [ForkJoinPool-1-worker-1] INFO  server.GrpcServicesImpl (ConfUtils.java:logGet(62)) - raft.grpc.message.size.max = 34603008 (custom)
2025-09-19 20:43:08,542 [ForkJoinPool-1-worker-1] INFO  server.GrpcServicesImpl (ConfUtils.java:logGet(62)) - raft.grpc.flow.control.window = 5MB (=5242880) (custom)
2025-09-19 20:43:08,543 [ForkJoinPool-1-worker-1] INFO  server.RaftServerConfigKeys (ConfUtils.java:logGet(62)) - raft.server.log.appender.buffer.byte-limit = 33554432 (custom)
2025-09-19 20:43:08,544 [ForkJoinPool-1-worker-1] INFO  netty.NettyUtils (NettyUtils.java:newEventLoopGroup(74)) - Create EpollEventLoopGroup for 6b19ddea-00d3-43a8-b068-4376c2353d98-NettyServerStreamRpc-bossGroup; Thread size is 0.
2025-09-19 20:43:08,545 [ForkJoinPool-1-worker-1] INFO  netty.NettyUtils (NettyUtils.java:newEventLoopGroup(74)) - Create EpollEventLoopGroup for 6b19ddea-00d3-43a8-b068-4376c2353d98-NettyServerStreamRpc-workerGroup; Thread size is 0.
2025-09-19 20:43:08,546 [ForkJoinPool-1-worker-1] INFO  netty.NettyConfigKeys$DataStream (ConfUtils.java:logGet(62)) - raft.netty.dataStream.port = 15064 (custom)
2025-09-19 20:43:08,546 [ForkJoinPool-1-worker-1] INFO  server.RaftServerConfigKeys (ConfUtils.java:logGet(62)) - raft.server.storage.dir = [/home/runner/work/ozone/ozone/hadoop-ozone/integration-test/target/test-dir/MiniOzoneClusterImpl-990002c2-bb69-4aa2-bd68-28a5e13e86ef/ozone-metadata/datanode-7/ratis] (custom)
2025-09-19 20:43:08,547 [6b19ddea-00d3-43a8-b068-4376c2353d98-NettyServerStreamRpc-bossGroup--thread1] INFO  logging.LoggingHandler (AbstractInternalLogger.java:log(148)) - [id: 0x9e67f800] REGISTERED
2025-09-19 20:43:08,547 [6b19ddea-00d3-43a8-b068-4376c2353d98-NettyServerStreamRpc-bossGroup--thread1] INFO  logging.LoggingHandler (AbstractInternalLogger.java:log(148)) - [id: 0x9e67f800] BIND: 0.0.0.0/0.0.0.0:15064
2025-09-19 20:43:08,547 [6b19ddea-00d3-43a8-b068-4376c2353d98-impl-thread1] INFO  server.RaftServer (RaftServerProxy.java:initGroupDir(270)) - 6b19ddea-00d3-43a8-b068-4376c2353d98: found a subdirectory /home/runner/work/ozone/ozone/hadoop-ozone/integration-test/target/test-dir/MiniOzoneClusterImpl-990002c2-bb69-4aa2-bd68-28a5e13e86ef/ozone-metadata/datanode-7/ratis/tmp
2025-09-19 20:43:08,547 [6b19ddea-00d3-43a8-b068-4376c2353d98-NettyServerStreamRpc-bossGroup--thread1] INFO  logging.LoggingHandler (AbstractInternalLogger.java:log(148)) - [id: 0x9e67f800, L:/0.0.0.0:15064] ACTIVE
2025-09-19 20:43:08,547 [6b19ddea-00d3-43a8-b068-4376c2353d98-impl-thread1] INFO  server.RaftServer (RaftServerProxy.java:initGroupDir(275)) - 6b19ddea-00d3-43a8-b068-4376c2353d98: The directory /home/runner/work/ozone/ozone/hadoop-ozone/integration-test/target/test-dir/MiniOzoneClusterImpl-990002c2-bb69-4aa2-bd68-28a5e13e86ef/ozone-metadata/datanode-7/ratis/tmp is not a group directory; ignoring it. 
2025-09-19 20:43:08,547 [ForkJoinPool-1-worker-1] INFO  replication.ReplicationServer (ReplicationServer.java:<init>(84)) - Initializing replication server with thread count = 10 queue length = 4096
2025-09-19 20:43:08,548 [ForkJoinPool-1-worker-1] INFO  server.XceiverServerGrpc (XceiverServerGrpc.java:<init>(130)) - GrpcServer channel type EpollServerSocketChannel
2025-09-19 20:43:08,556 [ForkJoinPool-1-worker-1] INFO  replication.ReplicationSupervisor (ReplicationSupervisor.java:build(169)) - Initializing replication supervisor with thread count = 10
2025-09-19 20:43:08,556 [ForkJoinPool-1-worker-1] INFO  replication.ReplicationSupervisor (ReplicationSupervisor.java:nodeStateUpdated(358)) - Node state updated to IN_SERVICE, scaling executor pool size to 10
2025-09-19 20:43:08,560 [ForkJoinPool-1-worker-1] INFO  http.BaseHttpServer (BaseHttpServer.java:newHttpServer2BuilderForOzone(227)) - Starting Web-server for hddsDatanode at: http://0.0.0.0:15058
2025-09-19 20:43:08,560 [ForkJoinPool-1-worker-1] INFO  http.BaseHttpServer (BaseHttpServer.java:<init>(105)) - Hadoop Security Enabled: false Ozone Security Enabled: false Ozone HTTP Security Enabled: false 
2025-09-19 20:43:08,562 [ForkJoinPool-1-worker-1] WARN  server.AuthenticationFilter (AuthenticationFilter.java:constructSecretProvider(240)) - Unable to initialize FileSignerSecretProvider, falling back to use random secrets. Reason: Could not read signature secret file: /home/runner/hadoop-http-auth-signature-secret
2025-09-19 20:43:08,565 [ForkJoinPool-1-worker-1] INFO  http.HttpServer2 (HttpServer2.java:addGlobalFilter(1041)) - Added global filter 'safety' (class=org.apache.hadoop.hdds.server.http.HttpServer2$QuotingInputFilter)
2025-09-19 20:43:08,567 [ForkJoinPool-1-worker-1] INFO  http.HttpServer2 (HttpServer2.java:addFilter(1017)) - Added filter static_user_filter (class=org.apache.hadoop.http.lib.StaticUserWebFilter$StaticUserFilter) to context hddsDatanode
2025-09-19 20:43:08,567 [ForkJoinPool-1-worker-1] INFO  http.HttpServer2 (HttpServer2.java:addFilter(1025)) - Added filter static_user_filter (class=org.apache.hadoop.http.lib.StaticUserWebFilter$StaticUserFilter) to context logs
2025-09-19 20:43:08,567 [ForkJoinPool-1-worker-1] INFO  http.HttpServer2 (HttpServer2.java:addFilter(1025)) - Added filter static_user_filter (class=org.apache.hadoop.http.lib.StaticUserWebFilter$StaticUserFilter) to context static
2025-09-19 20:43:08,567 [ForkJoinPool-1-worker-1] INFO  http.BaseHttpServer (BaseHttpServer.java:<init>(193)) - HTTP server of hddsDatanode uses base directory /home/runner/work/ozone/ozone/hadoop-ozone/integration-test/target/test-dir/MiniOzoneClusterImpl-990002c2-bb69-4aa2-bd68-28a5e13e86ef/scm/ozone-metadata/webserver
2025-09-19 20:43:08,568 [ForkJoinPool-1-worker-1] INFO  http.HttpServer2 (HttpServer2.java:bindListener(1241)) - Jetty bound to port 15058
2025-09-19 20:43:08,568 [ForkJoinPool-1-worker-1] INFO  server.Server (Server.java:doStart(375)) - jetty-9.4.58.v20250814; built: 2025-08-14T02:28:49.637Z; git: 8f1440587e9e4ae7db3d74cf205643f3d707148d; jvm 21.0.8+9-LTS
2025-09-19 20:43:08,570 [ForkJoinPool-1-worker-1] INFO  server.session (DefaultSessionIdManager.java:doStart(334)) - DefaultSessionIdManager workerName=node0
2025-09-19 20:43:08,570 [ForkJoinPool-1-worker-1] INFO  server.session (DefaultSessionIdManager.java:doStart(339)) - No SessionScavenger set, using defaults
2025-09-19 20:43:08,570 [ForkJoinPool-1-worker-1] INFO  server.session (HouseKeeper.java:startScavenging(132)) - node0 Scavenging every 660000ms
2025-09-19 20:43:08,572 [ForkJoinPool-1-worker-1] INFO  handler.ContextHandler (ContextHandler.java:doStart(921)) - Started o.e.j.s.ServletContextHandler@69840709{logs,/logs,file:///home/runner/work/ozone/ozone/hadoop-ozone/integration-test/target/log,AVAILABLE}
2025-09-19 20:43:08,573 [ForkJoinPool-1-worker-1] INFO  handler.ContextHandler (ContextHandler.java:doStart(921)) - Started o.e.j.s.ServletContextHandler@3dc2c42c{static,/static,jar:file:/home/runner/work/ozone/ozone/hadoop-hdds/container-service/target/hdds-container-service-2.1.0-SNAPSHOT.jar!/webapps/static,AVAILABLE}
2025-09-19 20:43:08,672 [IPC Server handler 14 on default port 15002] INFO  net.NetworkTopologyImpl (NetworkTopologyImpl.java:add(133)) - Added a new node: /rack1/b5a25cc1-46d3-4381-a194-bd68f4526f1c
2025-09-19 20:43:08,672 [IPC Server handler 14 on default port 15002] INFO  node.SCMNodeManager (SCMNodeManager.java:register(423)) - Registered datanode: b5a25cc1-46d3-4381-a194-bd68f4526f1c{ip: 127.0.0.1, host: localhost, ports: [HTTP=15026, CLIENT_RPC=15027, REPLICATION=15033, RATIS=15029, RATIS_ADMIN=15030, RATIS_SERVER=15031, RATIS_DATASTREAM=15032, STANDALONE=15028], networkLocation: /rack1, certSerialId: null, persistedOpState: null, persistedOpStateExpiryEpochSec: 0}
2025-09-19 20:43:08,673 [EventQueue-PipelineReportForOneReplicaPipelineSafeModeRule] INFO  safemode.SCMSafeModeManager (SCMSafeModeManager.java:validateSafeModeExitRules(138)) - AtleastOneDatanodeReportedRule rule is successfully validated
2025-09-19 20:43:08,673 [EventQueue-NodeRegistrationContainerReportForDataNodeSafeModeRule] INFO  safemode.SCMSafeModeManager (DataNodeSafeModeRule.java:process(80)) - SCM in safe mode. 3 DataNodes registered, 3 required.
2025-09-19 20:43:08,673 [EventQueue-NodeRegistrationContainerReportForDataNodeSafeModeRule] INFO  safemode.SCMSafeModeManager (SCMSafeModeManager.java:validateSafeModeExitRules(138)) - DataNodeSafeModeRule rule is successfully validated
2025-09-19 20:43:08,673 [EventQueue-NodeRegistrationContainerReportForDataNodeSafeModeRule] INFO  safemode.SCMSafeModeManager (SCMSafeModeManager.java:validateSafeModeExitRules(151)) - All SCM safe mode pre check rules have passed
2025-09-19 20:43:08,673 [EventQueue-NodeRegistrationContainerReportForDataNodeSafeModeRule] INFO  ha.SCMContext (SCMContext.java:updateSafeModeStatus(224)) - Update SafeModeStatus from SafeModeStatus{safeModeStatus=true, preCheckPassed=false} to SafeModeStatus{safeModeStatus=true, preCheckPassed=true}.
2025-09-19 20:43:08,673 [EventQueue-NodeRegistrationContainerReportForDataNodeSafeModeRule] INFO  pipeline.BackgroundPipelineCreator (BackgroundPipelineCreator.java:notifyEventTriggered(290)) - trigger a one-shot run on RatisPipelineUtilsThread.
2025-09-19 20:43:08,673 [EventQueue-ContainerRegistrationReportForRatisContainerSafeModeRule] INFO  safemode.SCMSafeModeManager (SCMSafeModeManager.java:validateSafeModeExitRules(138)) - RatisContainerSafeModeRule rule is successfully validated
2025-09-19 20:43:08,673 [EventQueue-ContainerRegistrationReportForECContainerSafeModeRule] INFO  safemode.SCMSafeModeManager (SCMSafeModeManager.java:validateSafeModeExitRules(138)) - ECContainerSafeModeRule rule is successfully validated
2025-09-19 20:43:08,674 [EventQueue-NewNodeForNewNodeHandler] INFO  pipeline.BackgroundPipelineCreator (BackgroundPipelineCreator.java:notifyEventTriggered(290)) - trigger a one-shot run on RatisPipelineUtilsThread.
2025-09-19 20:43:08,674 [RatisPipelineUtilsThread-0] INFO  pipeline.RatisPipelineProvider (RatisPipelineProvider.java:lambda$create$0(208)) - Sending CreatePipelineCommand for pipeline:Pipeline-7b6acda8-b144-4fc3-891d-88b5b3dd1307 to datanode:b5a25cc1-46d3-4381-a194-bd68f4526f1c(localhost/127.0.0.1)
2025-09-19 20:43:08,679 [7c85452d-535d-4afd-8ce9-637c7af67bb0@group-28A5E13E86EF-StateMachineUpdater] INFO  safemode.SCMSafeModeManager (SCMSafeModeManager.java:validateSafeModeExitRules(138)) - DataNodeSafeModeRule rule is successfully validated
2025-09-19 20:43:08,680 [7c85452d-535d-4afd-8ce9-637c7af67bb0@group-28A5E13E86EF-StateMachineUpdater] INFO  safemode.SCMSafeModeManager (SCMSafeModeManager.java:validateSafeModeExitRules(138)) - RatisContainerSafeModeRule rule is successfully validated
2025-09-19 20:43:08,680 [7c85452d-535d-4afd-8ce9-637c7af67bb0@group-28A5E13E86EF-StateMachineUpdater] INFO  safemode.HealthyPipelineSafeModeRule (HealthyPipelineSafeModeRule.java:initializeRule(228)) - Refreshed total pipeline count is 0, healthy pipeline threshold count is 1
2025-09-19 20:43:08,680 [7c85452d-535d-4afd-8ce9-637c7af67bb0@group-28A5E13E86EF-StateMachineUpdater] INFO  safemode.SCMSafeModeManager (SCMSafeModeManager.java:validateSafeModeExitRules(138)) - ECContainerSafeModeRule rule is successfully validated
2025-09-19 20:43:08,680 [7c85452d-535d-4afd-8ce9-637c7af67bb0@group-28A5E13E86EF-StateMachineUpdater] INFO  safemode.SCMSafeModeManager (SCMSafeModeManager.java:validateSafeModeExitRules(138)) - AtleastOneDatanodeReportedRule rule is successfully validated
2025-09-19 20:43:08,681 [RatisPipelineUtilsThread-0] INFO  pipeline.BackgroundPipelineCreator (BackgroundPipelineCreator.java:createPipelines(246)) - Created new pipeline Pipeline{ Id: 7b6acda8-b144-4fc3-891d-88b5b3dd1307, Nodes: [ {b5a25cc1-46d3-4381-a194-bd68f4526f1c(localhost/127.0.0.1), ReplicaIndex: 0},], ReplicationConfig: RATIS/ONE, State:ALLOCATED, leaderId:, CreationTimestamp2025-09-19T20:43:08.674479658Z[Etc/UTC]}
2025-09-19 20:43:08,688 [RatisPipelineUtilsThread-0] INFO  pipeline.RatisPipelineProvider (RatisPipelineProvider.java:lambda$create$0(208)) - Sending CreatePipelineCommand for pipeline:Pipeline-e102d630-0766-4c9c-a6ac-a751954341bd to datanode:8eb9963e-bce0-4155-aea2-e442cadff8bd(localhost/127.0.0.1)
2025-09-19 20:43:08,689 [RatisPipelineUtilsThread-0] INFO  pipeline.RatisPipelineProvider (RatisPipelineProvider.java:lambda$create$0(208)) - Sending CreatePipelineCommand for pipeline:Pipeline-e102d630-0766-4c9c-a6ac-a751954341bd to datanode:b5a25cc1-46d3-4381-a194-bd68f4526f1c(localhost/127.0.0.1)
2025-09-19 20:43:08,689 [RatisPipelineUtilsThread-0] INFO  pipeline.RatisPipelineProvider (RatisPipelineProvider.java:lambda$create$0(208)) - Sending CreatePipelineCommand for pipeline:Pipeline-e102d630-0766-4c9c-a6ac-a751954341bd to datanode:0df1231c-9f8a-4757-a7d0-f6d7f53bc482(localhost/127.0.0.1)
2025-09-19 20:43:08,699 [7c85452d-535d-4afd-8ce9-637c7af67bb0@group-28A5E13E86EF-StateMachineUpdater] INFO  safemode.SCMSafeModeManager (SCMSafeModeManager.java:validateSafeModeExitRules(138)) - DataNodeSafeModeRule rule is successfully validated
2025-09-19 20:43:08,699 [7c85452d-535d-4afd-8ce9-637c7af67bb0@group-28A5E13E86EF-StateMachineUpdater] INFO  safemode.SCMSafeModeManager (SCMSafeModeManager.java:validateSafeModeExitRules(138)) - RatisContainerSafeModeRule rule is successfully validated
2025-09-19 20:43:08,699 [7c85452d-535d-4afd-8ce9-637c7af67bb0@group-28A5E13E86EF-StateMachineUpdater] INFO  safemode.HealthyPipelineSafeModeRule (HealthyPipelineSafeModeRule.java:initializeRule(228)) - Refreshed total pipeline count is 0, healthy pipeline threshold count is 1
2025-09-19 20:43:08,699 [7c85452d-535d-4afd-8ce9-637c7af67bb0@group-28A5E13E86EF-StateMachineUpdater] INFO  safemode.SCMSafeModeManager (SCMSafeModeManager.java:validateSafeModeExitRules(138)) - ECContainerSafeModeRule rule is successfully validated
2025-09-19 20:43:08,699 [7c85452d-535d-4afd-8ce9-637c7af67bb0@group-28A5E13E86EF-StateMachineUpdater] INFO  safemode.SCMSafeModeManager (SCMSafeModeManager.java:validateSafeModeExitRules(138)) - AtleastOneDatanodeReportedRule rule is successfully validated
2025-09-19 20:43:08,700 [RatisPipelineUtilsThread-0] INFO  pipeline.BackgroundPipelineCreator (BackgroundPipelineCreator.java:createPipelines(246)) - Created new pipeline Pipeline{ Id: e102d630-0766-4c9c-a6ac-a751954341bd, Nodes: [ {8eb9963e-bce0-4155-aea2-e442cadff8bd(localhost/127.0.0.1), ReplicaIndex: 0}, {b5a25cc1-46d3-4381-a194-bd68f4526f1c(localhost/127.0.0.1), ReplicaIndex: 0}, {0df1231c-9f8a-4757-a7d0-f6d7f53bc482(localhost/127.0.0.1), ReplicaIndex: 0},], ReplicationConfig: RATIS/THREE, State:ALLOCATED, leaderId:, CreationTimestamp2025-09-19T20:43:08.688559222Z[Etc/UTC]}
2025-09-19 20:43:08,703 [RatisPipelineUtilsThread-0] INFO  pipeline.RatisPipelineProvider (RatisPipelineProvider.java:lambda$create$0(208)) - Sending CreatePipelineCommand for pipeline:Pipeline-958000d3-2396-49be-82e9-715ebf8096a7 to datanode:b5a25cc1-46d3-4381-a194-bd68f4526f1c(localhost/127.0.0.1)
2025-09-19 20:43:08,703 [RatisPipelineUtilsThread-0] INFO  pipeline.RatisPipelineProvider (RatisPipelineProvider.java:lambda$create$0(208)) - Sending CreatePipelineCommand for pipeline:Pipeline-958000d3-2396-49be-82e9-715ebf8096a7 to datanode:0df1231c-9f8a-4757-a7d0-f6d7f53bc482(localhost/127.0.0.1)
2025-09-19 20:43:08,704 [RatisPipelineUtilsThread-0] INFO  pipeline.RatisPipelineProvider (RatisPipelineProvider.java:lambda$create$0(208)) - Sending CreatePipelineCommand for pipeline:Pipeline-958000d3-2396-49be-82e9-715ebf8096a7 to datanode:8eb9963e-bce0-4155-aea2-e442cadff8bd(localhost/127.0.0.1)
2025-09-19 20:43:08,710 [7c85452d-535d-4afd-8ce9-637c7af67bb0@group-28A5E13E86EF-StateMachineUpdater] INFO  safemode.SCMSafeModeManager (SCMSafeModeManager.java:validateSafeModeExitRules(138)) - DataNodeSafeModeRule rule is successfully validated
2025-09-19 20:43:08,711 [7c85452d-535d-4afd-8ce9-637c7af67bb0@group-28A5E13E86EF-StateMachineUpdater] INFO  safemode.SCMSafeModeManager (SCMSafeModeManager.java:validateSafeModeExitRules(138)) - RatisContainerSafeModeRule rule is successfully validated
2025-09-19 20:43:08,711 [7c85452d-535d-4afd-8ce9-637c7af67bb0@group-28A5E13E86EF-StateMachineUpdater] INFO  safemode.HealthyPipelineSafeModeRule (HealthyPipelineSafeModeRule.java:initializeRule(228)) - Refreshed total pipeline count is 0, healthy pipeline threshold count is 1
2025-09-19 20:43:08,711 [7c85452d-535d-4afd-8ce9-637c7af67bb0@group-28A5E13E86EF-StateMachineUpdater] INFO  safemode.SCMSafeModeManager (SCMSafeModeManager.java:validateSafeModeExitRules(138)) - ECContainerSafeModeRule rule is successfully validated
2025-09-19 20:43:08,711 [7c85452d-535d-4afd-8ce9-637c7af67bb0@group-28A5E13E86EF-StateMachineUpdater] INFO  safemode.SCMSafeModeManager (SCMSafeModeManager.java:validateSafeModeExitRules(138)) - AtleastOneDatanodeReportedRule rule is successfully validated
2025-09-19 20:43:08,711 [RatisPipelineUtilsThread-0] INFO  pipeline.PipelineManagerImpl (PipelineManagerImpl.java:recordMetricsForPipeline(922)) - Pipeline-958000d3-2396-49be-82e9-715ebf8096a7 and Pipeline-e102d630-0766-4c9c-a6ac-a751954341bd have exactly the same set of datanodes: [b5a25cc1-46d3-4381-a194-bd68f4526f1c(localhost/127.0.0.1), 0df1231c-9f8a-4757-a7d0-f6d7f53bc482(localhost/127.0.0.1), 8eb9963e-bce0-4155-aea2-e442cadff8bd(localhost/127.0.0.1)]
2025-09-19 20:43:08,711 [RatisPipelineUtilsThread-0] INFO  pipeline.BackgroundPipelineCreator (BackgroundPipelineCreator.java:createPipelines(246)) - Created new pipeline Pipeline{ Id: 958000d3-2396-49be-82e9-715ebf8096a7, Nodes: [ {b5a25cc1-46d3-4381-a194-bd68f4526f1c(localhost/127.0.0.1), ReplicaIndex: 0}, {0df1231c-9f8a-4757-a7d0-f6d7f53bc482(localhost/127.0.0.1), ReplicaIndex: 0}, {8eb9963e-bce0-4155-aea2-e442cadff8bd(localhost/127.0.0.1), ReplicaIndex: 0},], ReplicationConfig: RATIS/THREE, State:ALLOCATED, leaderId:, CreationTimestamp2025-09-19T20:43:08.702999513Z[Etc/UTC]}
2025-09-19 20:43:08,749 [417c597c-13cf-4e34-be96-1680b82aa276-EndpointStateMachineTaskThread-/0.0.0.0:15002-0 ] INFO  utils.DatanodeStoreCache (DatanodeStoreCache.java:addDB(70)) - Added db /home/runner/work/ozone/ozone/hadoop-ozone/integration-test/target/test-dir/MiniOzoneClusterImpl-990002c2-bb69-4aa2-bd68-28a5e13e86ef/ozone-metadata/datanode-5/data-0/hdds/990002c2-bb69-4aa2-bd68-28a5e13e86ef/DS-d330c7e4-7b2b-43d4-9af2-9f8fb582114f/container.db to cache
2025-09-19 20:43:08,749 [417c597c-13cf-4e34-be96-1680b82aa276-EndpointStateMachineTaskThread-/0.0.0.0:15002-0 ] INFO  volume.HddsVolume (HddsVolume.java:createDbStore(576)) - SchemaV3 db is created and loaded at /home/runner/work/ozone/ozone/hadoop-ozone/integration-test/target/test-dir/MiniOzoneClusterImpl-990002c2-bb69-4aa2-bd68-28a5e13e86ef/ozone-metadata/datanode-5/data-0/hdds/990002c2-bb69-4aa2-bd68-28a5e13e86ef/DS-d330c7e4-7b2b-43d4-9af2-9f8fb582114f/container.db for volume DS-d330c7e4-7b2b-43d4-9af2-9f8fb582114f
2025-09-19 20:43:08,753 [417c597c-13cf-4e34-be96-1680b82aa276-ContainerReader-0] INFO  ozoneimpl.ContainerReader (ContainerReader.java:readVolume(147)) - Start to verify containers on volume /home/runner/work/ozone/ozone/hadoop-ozone/integration-test/target/test-dir/MiniOzoneClusterImpl-990002c2-bb69-4aa2-bd68-28a5e13e86ef/ozone-metadata/datanode-5/data-0/hdds
2025-09-19 20:43:08,753 [417c597c-13cf-4e34-be96-1680b82aa276-ContainerReader-0] INFO  ozoneimpl.ContainerReader (ContainerReader.java:readVolume(177)) - Finish verifying containers on volume /home/runner/work/ozone/ozone/hadoop-ozone/integration-test/target/test-dir/MiniOzoneClusterImpl-990002c2-bb69-4aa2-bd68-28a5e13e86ef/ozone-metadata/datanode-5/data-0/hdds
2025-09-19 20:43:08,753 [417c597c-13cf-4e34-be96-1680b82aa276-EndpointStateMachineTaskThread-/0.0.0.0:15002-0 ] INFO  ozoneimpl.OzoneContainer (OzoneContainer.java:buildContainerSet(370)) - Build ContainerSet costs 0s
2025-09-19 20:43:08,753 [417c597c-13cf-4e34-be96-1680b82aa276-EndpointStateMachineTaskThread-/0.0.0.0:15002-0 ] INFO  volume.ThrottledAsyncChecker (ThrottledAsyncChecker.java:schedule(138)) - Scheduling a check for /home/runner/work/ozone/ozone/hadoop-ozone/integration-test/target/test-dir/MiniOzoneClusterImpl-990002c2-bb69-4aa2-bd68-28a5e13e86ef/ozone-metadata/datanode-5/data-0/hdds
2025-09-19 20:43:08,754 [417c597c-13cf-4e34-be96-1680b82aa276-EndpointStateMachineTaskThread-/0.0.0.0:15002-0 ] INFO  volume.StorageVolumeChecker (StorageVolumeChecker.java:checkAllVolumes(231)) - Scheduled health check for volume /home/runner/work/ozone/ozone/hadoop-ozone/integration-test/target/test-dir/MiniOzoneClusterImpl-990002c2-bb69-4aa2-bd68-28a5e13e86ef/ozone-metadata/datanode-5/data-0/hdds
2025-09-19 20:43:08,760 [417c597c-13cf-4e34-be96-1680b82aa276-EndpointStateMachineTaskThread-/0.0.0.0:15002-0 ] INFO  volume.ThrottledAsyncChecker (ThrottledAsyncChecker.java:schedule(138)) - Scheduling a check for /home/runner/work/ozone/ozone/hadoop-ozone/integration-test/target/test-dir/MiniOzoneClusterImpl-990002c2-bb69-4aa2-bd68-28a5e13e86ef/ozone-metadata/datanode-5/ratis
2025-09-19 20:43:08,760 [417c597c-13cf-4e34-be96-1680b82aa276-EndpointStateMachineTaskThread-/0.0.0.0:15002-0 ] INFO  volume.StorageVolumeChecker (StorageVolumeChecker.java:checkAllVolumes(231)) - Scheduled health check for volume /home/runner/work/ozone/ozone/hadoop-ozone/integration-test/target/test-dir/MiniOzoneClusterImpl-990002c2-bb69-4aa2-bd68-28a5e13e86ef/ozone-metadata/datanode-5/ratis
2025-09-19 20:43:08,761 [ForkJoinPool-1-worker-1] INFO  handler.ContextHandler (ContextHandler.java:doStart(921)) - Started o.e.j.w.WebAppContext@59e54964{hddsDatanode,/,file:///home/runner/work/ozone/ozone/hadoop-ozone/integration-test/target/test-dir/MiniOzoneClusterImpl-990002c2-bb69-4aa2-bd68-28a5e13e86ef/scm/ozone-metadata/webserver/jetty-0_0_0_0-15058-hdds-container-service-2_1_0-SNAPSHOT_jar-_-any-8548562925159965092/webapp/,AVAILABLE}{jar:file:/home/runner/work/ozone/ozone/hadoop-hdds/container-service/target/hdds-container-service-2.1.0-SNAPSHOT.jar!/webapps/hddsDatanode}
2025-09-19 20:43:08,762 [ForkJoinPool-1-worker-1] INFO  server.AbstractConnector (AbstractConnector.java:doStart(333)) - Started ServerConnector@189d789{HTTP/1.1, (http/1.1)}{0.0.0.0:15058}
2025-09-19 20:43:08,762 [ForkJoinPool-1-worker-1] INFO  server.Server (Server.java:doStart(415)) - Started @12980ms
2025-09-19 20:43:08,762 [ForkJoinPool-1-worker-1] WARN  impl.MetricsSystemImpl (MetricsSystemImpl.java:register(279)) - Sink prometheus already exists!
2025-09-19 20:43:08,762 [417c597c-13cf-4e34-be96-1680b82aa276-EndpointStateMachineTaskThread-/0.0.0.0:15002-0 ] INFO  ozoneimpl.OzoneContainer (OzoneContainer.java:start(525)) - Attempting to start container services.
2025-09-19 20:43:08,762 [ForkJoinPool-1-worker-1] INFO  http.BaseHttpServer (BaseHttpServer.java:updateConnectorAddress(357)) - HTTP server of hddsDatanode listening at http://localhost:15058
2025-09-19 20:43:08,763 [ForkJoinPool-1-worker-1] INFO  ipc.CallQueueManager (CallQueueManager.java:<init>(93)) - Using callQueue: class java.util.concurrent.LinkedBlockingQueue, queueCapacity: 1000, scheduler: class org.apache.hadoop.ipc.DefaultRpcScheduler, ipcBackoff: false, ipcFailOver: false.
2025-09-19 20:43:08,763 [ForkJoinPool-1-worker-1] INFO  ipc.Server (Server.java:<init>(1438)) - Listener at 0.0.0.0:15059
2025-09-19 20:43:08,764 [ContainerMetadataScanner] INFO  ozoneimpl.AbstractBackgroundContainerScanner (AbstractBackgroundContainerScanner.java:runIteration(89)) - Completed an iteration in 0 minutes. Number of iterations (since the data-node restart) : 1, Number of containers scanned in this iteration : 0, Number of unhealthy containers found in this iteration : 0
2025-09-19 20:43:08,764 [ContainerDataScanner(/home/runner/work/ozone/ozone/hadoop-ozone/integration-test/target/test-dir/MiniOzoneClusterImpl-990002c2-bb69-4aa2-bd68-28a5e13e86ef/ozone-metadata/datanode-5/data-0/hdds)] INFO  ozoneimpl.AbstractBackgroundContainerScanner (AbstractBackgroundContainerScanner.java:runIteration(89)) - Completed an iteration in 0 minutes. Number of iterations (since the data-node restart) : 1, Number of containers scanned in this iteration : 0, Number of unhealthy containers found in this iteration : 0
2025-09-19 20:43:08,764 [Socket Reader #1 for port 15059] INFO  ipc.Server (Server.java:run(1474)) - Starting Socket Reader #1 for port 15059
2025-09-19 20:43:08,765 [417c597c-13cf-4e34-be96-1680b82aa276-EndpointStateMachineTaskThread-/0.0.0.0:15002-0 ] INFO  replication.ReplicationServer (ReplicationServer.java:start(137)) - ReplicationServer is started using port 15049
2025-09-19 20:43:08,765 [Socket Reader #2 for port 15059] INFO  ipc.Server (Server.java:run(1474)) - Starting Socket Reader #2 for port 15059
2025-09-19 20:43:08,766 [Socket Reader #4 for port 15059] INFO  ipc.Server (Server.java:run(1474)) - Starting Socket Reader #4 for port 15059
2025-09-19 20:43:08,766 [Socket Reader #3 for port 15059] INFO  ipc.Server (Server.java:run(1474)) - Starting Socket Reader #3 for port 15059
2025-09-19 20:43:08,766 [417c597c-13cf-4e34-be96-1680b82aa276-EndpointStateMachineTaskThread-/0.0.0.0:15002-0 ] INFO  ratis.XceiverServerRatis (XceiverServerRatis.java:start(560)) - Starting XceiverServerRatis(417c597c-13cf-4e34-be96-1680b82aa276)
2025-09-19 20:43:08,766 [Socket Reader #5 for port 15059] INFO  ipc.Server (Server.java:run(1474)) - Starting Socket Reader #5 for port 15059
2025-09-19 20:43:08,767 [Socket Reader #6 for port 15059] INFO  ipc.Server (Server.java:run(1474)) - Starting Socket Reader #6 for port 15059
2025-09-19 20:43:08,767 [Socket Reader #7 for port 15059] INFO  ipc.Server (Server.java:run(1474)) - Starting Socket Reader #7 for port 15059
2025-09-19 20:43:08,768 [Socket Reader #8 for port 15059] INFO  ipc.Server (Server.java:run(1474)) - Starting Socket Reader #8 for port 15059
2025-09-19 20:43:08,768 [Socket Reader #9 for port 15059] INFO  ipc.Server (Server.java:run(1474)) - Starting Socket Reader #9 for port 15059
2025-09-19 20:43:08,768 [Socket Reader #10 for port 15059] INFO  ipc.Server (Server.java:run(1474)) - Starting Socket Reader #10 for port 15059
2025-09-19 20:43:08,770 [417c597c-13cf-4e34-be96-1680b82aa276-EndpointStateMachineTaskThread-/0.0.0.0:15002-0 ] INFO  server.RaftServer (RaftServerProxy.java:startImpl(412)) - 417c597c-13cf-4e34-be96-1680b82aa276: start RPC server
2025-09-19 20:43:08,770 [417c597c-13cf-4e34-be96-1680b82aa276-EndpointStateMachineTaskThread-/0.0.0.0:15002-0 ] INFO  server.GrpcServicesImpl (GrpcServicesImpl.java:startImpl(346)) - 417c597c-13cf-4e34-be96-1680b82aa276: GrpcServicesImpl started, listening on 15045
2025-09-19 20:43:08,771 [417c597c-13cf-4e34-be96-1680b82aa276-EndpointStateMachineTaskThread-/0.0.0.0:15002-0 ] INFO  server.GrpcServicesImpl (GrpcServicesImpl.java:startImpl(346)) - 417c597c-13cf-4e34-be96-1680b82aa276: GrpcServicesImpl started, listening on 15047
2025-09-19 20:43:08,771 [ForkJoinPool-1-worker-1] INFO  ozone.HddsDatanodeService (HddsDatanodeService.java:start(333)) - Datanode start with admins: [admin, runner]
2025-09-19 20:43:08,771 [ForkJoinPool-1-worker-1] INFO  ozone.HddsDatanodeClientProtocolServer (HddsDatanodeClientProtocolServer.java:start(76)) - RPC server for Client /0.0.0.0:15059
2025-09-19 20:43:08,772 [417c597c-13cf-4e34-be96-1680b82aa276-EndpointStateMachineTaskThread-/0.0.0.0:15002-0 ] INFO  server.GrpcServicesImpl (GrpcServicesImpl.java:startImpl(346)) - 417c597c-13cf-4e34-be96-1680b82aa276: GrpcServicesImpl started, listening on 15046
2025-09-19 20:43:08,772 [IPC Server Responder] INFO  ipc.Server (Server.java:run(1713)) - IPC Server Responder: starting
2025-09-19 20:43:08,773 [417c597c-13cf-4e34-be96-1680b82aa276-EndpointStateMachineTaskThread-/0.0.0.0:15002-0 ] INFO  ratis.XceiverServerRatis (XceiverServerRatis.java:getRealPort(587)) - XceiverServerRatis(417c597c-13cf-4e34-be96-1680b82aa276) is started using port RATIS=15045
2025-09-19 20:43:08,773 [417c597c-13cf-4e34-be96-1680b82aa276-EndpointStateMachineTaskThread-/0.0.0.0:15002-0 ] INFO  ratis.XceiverServerRatis (XceiverServerRatis.java:getRealPort(587)) - XceiverServerRatis(417c597c-13cf-4e34-be96-1680b82aa276) is started using port RATIS_ADMIN=15046
2025-09-19 20:43:08,773 [417c597c-13cf-4e34-be96-1680b82aa276-EndpointStateMachineTaskThread-/0.0.0.0:15002-0 ] INFO  ratis.XceiverServerRatis (XceiverServerRatis.java:getRealPort(587)) - XceiverServerRatis(417c597c-13cf-4e34-be96-1680b82aa276) is started using port RATIS_SERVER=15047
2025-09-19 20:43:08,773 [417c597c-13cf-4e34-be96-1680b82aa276-EndpointStateMachineTaskThread-/0.0.0.0:15002-0 ] INFO  ratis.XceiverServerRatis (XceiverServerRatis.java:getRealPort(587)) - XceiverServerRatis(417c597c-13cf-4e34-be96-1680b82aa276) is started using port RATIS_DATASTREAM=15048
2025-09-19 20:43:08,773 [IPC Server listener on 15059] INFO  ipc.Server (Server.java:run(1553)) - IPC Server listener on 15059: starting
2025-09-19 20:43:08,773 [JvmPauseMonitor7] INFO  util.JvmPauseMonitor (JvmPauseMonitor.java:run(146)) - JvmPauseMonitor-417c597c-13cf-4e34-be96-1680b82aa276: Started
2025-09-19 20:43:08,774 [417c597c-13cf-4e34-be96-1680b82aa276-EndpointStateMachineTaskThread-/0.0.0.0:15002-0 ] INFO  utils.BackgroundService (BackgroundService.java:start(119)) - Starting service BlockDeletingService with interval 60000 milliseconds
2025-09-19 20:43:08,775 [417c597c-13cf-4e34-be96-1680b82aa276-EndpointStateMachineTaskThread-/0.0.0.0:15002-0 ] INFO  utils.BackgroundService (BackgroundService.java:start(119)) - Starting service StaleRecoveringContainerScrubbingService with interval 60000 milliseconds
2025-09-19 20:43:08,777 [ForkJoinPool-1-worker-1] WARN  dropwizard3.Dm3MetricRegistriesImpl (Dm3MetricRegistriesImpl.java:addReporterRegistration(114)) - New reporters are added after registries were created. Some metrics will be missing from the reporter. Please add reporter before adding any new registry.
2025-09-19 20:43:08,777 [ForkJoinPool-1-worker-1] WARN  dropwizard3.Dm3MetricRegistriesImpl (Dm3MetricRegistriesImpl.java:addReporterRegistration(114)) - New reporters are added after registries were created. Some metrics will be missing from the reporter. Please add reporter before adding any new registry.
2025-09-19 20:43:08,777 [ForkJoinPool-1-worker-1] INFO  impl.MetricsSystemImpl (MetricsSystemImpl.java:init(158)) - HddsDatanode metrics system started (again)
2025-09-19 20:43:08,779 [6b19ddea-00d3-43a8-b068-4376c2353d98-DatanodeStateMachineDaemonThread] INFO  statemachine.DatanodeStateMachine (DatanodeStateMachine.java:startStateMachineThread(363)) - Ozone container server started.
2025-09-19 20:43:08,785 [6b19ddea-00d3-43a8-b068-4376c2353d98-DatanodeStateMachineTaskThread-0] INFO  datanode.InitDatanodeState (InitDatanodeState.java:persistContainerDatanodeDetails(139)) - DatanodeDetails is persisted to /home/runner/work/ozone/ozone/hadoop-ozone/integration-test/target/test-dir/MiniOzoneClusterImpl-990002c2-bb69-4aa2-bd68-28a5e13e86ef/ozone-metadata/datanode-7/ozone-metadata/datanode.id
2025-09-19 20:43:08,798 [ForkJoinPool-1-worker-1] INFO  protocol.DatanodeDetails (DatanodeDetails.java:validateDatanodeIpAddress(199)) - Updating IP address of datanode 76f4805b-b51d-4900-95ce-acf873710621(localhost/null) to 127.0.0.1
2025-09-19 20:43:08,798 [ForkJoinPool-1-worker-1] INFO  ozone.HddsDatanodeService (HddsDatanodeService.java:start(236)) - HddsDatanodeService 76f4805b-b51d-4900-95ce-acf873710621(localhost/127.0.0.1)
2025-09-19 20:43:08,801 [ForkJoinPool-1-worker-1] INFO  upgrade.AbstractLayoutVersionManager (AbstractLayoutVersionManager.java:init(80)) - Initializing Layout version manager with metadata layout = WITNESSED_CONTAINER_DB_PROTO_VALUE (version = 9), software layout = WITNESSED_CONTAINER_DB_PROTO_VALUE (version = 9)
2025-09-19 20:43:08,801 [ForkJoinPool-1-worker-1] INFO  statemachine.DatanodeStateMachine (DatanodeStateMachine.java:getEndPointTaskThreadPoolSize(321)) - Datanode State Machine Task Thread Pool size 2
2025-09-19 20:43:08,805 [ForkJoinPool-1-worker-1] INFO  volume.HddsVolume (HddsVolume.java:<init>(162)) - HddsVolume: { id=DS-ae8734ab-6952-4043-92a7-7757cecae41c dir=/home/runner/work/ozone/ozone/hadoop-ozone/integration-test/target/test-dir/MiniOzoneClusterImpl-990002c2-bb69-4aa2-bd68-28a5e13e86ef/ozone-metadata/datanode-8/data-0/hdds type=DISK capacity=9222449699674390527 used=0 available=9222449699674390527 minFree=9222450130714624 committed=0 }
2025-09-19 20:43:08,805 [ForkJoinPool-1-worker-1] INFO  volume.MutableVolumeSet (MutableVolumeSet.java:initializeVolumeSet(175)) - Added Volume : /home/runner/work/ozone/ozone/hadoop-ozone/integration-test/target/test-dir/MiniOzoneClusterImpl-990002c2-bb69-4aa2-bd68-28a5e13e86ef/ozone-metadata/datanode-8/data-0/hdds to VolumeSet
2025-09-19 20:43:08,806 [ForkJoinPool-1-worker-1] INFO  volume.MutableVolumeSet (MutableVolumeSet.java:initializeVolumeSet(175)) - Added Volume : /home/runner/work/ozone/ozone/hadoop-ozone/integration-test/target/test-dir/MiniOzoneClusterImpl-990002c2-bb69-4aa2-bd68-28a5e13e86ef/ozone-metadata/datanode-8/ratis to VolumeSet
2025-09-19 20:43:08,807 [ForkJoinPool-1-worker-1] INFO  ozoneimpl.OzoneContainer (HddsVolumeUtil.java:loadAllHddsVolumeDbStore(102)) - Load 1 volumes DbStore cost: 0ms
2025-09-19 20:43:08,808 [ForkJoinPool-1-worker-1] WARN  db.DBStoreBuilder (DBStoreBuilder.java:getDBDirPath(158)) - ozone.scm.datanode.id.dir is not configured. We recommend adding this setting. Falling back to ozone.metadata.dirs instead.
2025-09-19 20:43:08,809 [ForkJoinPool-1-worker-1] WARN  db.DBStoreBuilder (DBStoreBuilder.java:getDBDirPath(158)) - ozone.scm.datanode.id.dir is not configured. We recommend adding this setting. Falling back to ozone.metadata.dirs instead.
2025-09-19 20:43:08,821 [ForkJoinPool-1-worker-1] INFO  impl.FilePerChunkStrategy (FilePerChunkStrategy.java:<init>(79)) - ozone.chunk.read.mapped.buffer.max.count is load with 0
2025-09-19 20:43:08,821 [ForkJoinPool-1-worker-1] INFO  impl.FilePerBlockStrategy (FilePerBlockStrategy.java:<init>(88)) - ozone.chunk.read.mapped.buffer.max.count is load with 0
2025-09-19 20:43:08,822 [ForkJoinPool-1-worker-1] INFO  server.RaftServerConfigKeys (ConfUtils.java:logGet(62)) - raft.server.log.appender.buffer.byte-limit = 33554432 (custom)
2025-09-19 20:43:08,824 [ForkJoinPool-1-worker-1] INFO  grpc.GrpcConfigKeys (ConfUtils.java:logFallback(69)) - raft.grpc.admin.host = null (fallback to raft.grpc.server.host)
2025-09-19 20:43:08,824 [ForkJoinPool-1-worker-1] INFO  grpc.GrpcConfigKeys (ConfUtils.java:logGet(62)) - raft.grpc.admin.port = 15070 (custom)
2025-09-19 20:43:08,824 [ForkJoinPool-1-worker-1] INFO  grpc.GrpcConfigKeys (ConfUtils.java:logFallback(69)) - raft.grpc.client.host = null (fallback to raft.grpc.server.host)
2025-09-19 20:43:08,824 [ForkJoinPool-1-worker-1] INFO  grpc.GrpcConfigKeys (ConfUtils.java:logGet(62)) - raft.grpc.client.port = 15069 (custom)
2025-09-19 20:43:08,824 [ForkJoinPool-1-worker-1] INFO  grpc.GrpcConfigKeys (ConfUtils.java:logGet(62)) - raft.grpc.server.port = 15071 (custom)
2025-09-19 20:43:08,824 [ForkJoinPool-1-worker-1] INFO  server.GrpcServicesImpl (ConfUtils.java:logGet(62)) - raft.grpc.message.size.max = 34603008 (custom)
2025-09-19 20:43:08,825 [ForkJoinPool-1-worker-1] INFO  server.GrpcServicesImpl (ConfUtils.java:logGet(62)) - raft.grpc.flow.control.window = 5MB (=5242880) (custom)
2025-09-19 20:43:08,825 [ForkJoinPool-1-worker-1] INFO  server.RaftServerConfigKeys (ConfUtils.java:logGet(62)) - raft.server.log.appender.buffer.byte-limit = 33554432 (custom)
2025-09-19 20:43:08,826 [ForkJoinPool-1-worker-1] INFO  netty.NettyUtils (NettyUtils.java:newEventLoopGroup(74)) - Create EpollEventLoopGroup for 76f4805b-b51d-4900-95ce-acf873710621-NettyServerStreamRpc-bossGroup; Thread size is 0.
2025-09-19 20:43:08,827 [ForkJoinPool-1-worker-1] INFO  netty.NettyUtils (NettyUtils.java:newEventLoopGroup(74)) - Create EpollEventLoopGroup for 76f4805b-b51d-4900-95ce-acf873710621-NettyServerStreamRpc-workerGroup; Thread size is 0.
2025-09-19 20:43:08,828 [ForkJoinPool-1-worker-1] INFO  netty.NettyConfigKeys$DataStream (ConfUtils.java:logGet(62)) - raft.netty.dataStream.port = 15072 (custom)
2025-09-19 20:43:08,828 [ForkJoinPool-1-worker-1] INFO  server.RaftServerConfigKeys (ConfUtils.java:logGet(62)) - raft.server.storage.dir = [/home/runner/work/ozone/ozone/hadoop-ozone/integration-test/target/test-dir/MiniOzoneClusterImpl-990002c2-bb69-4aa2-bd68-28a5e13e86ef/ozone-metadata/datanode-8/ratis] (custom)
2025-09-19 20:43:08,829 [76f4805b-b51d-4900-95ce-acf873710621-NettyServerStreamRpc-bossGroup--thread1] INFO  logging.LoggingHandler (AbstractInternalLogger.java:log(148)) - [id: 0x063367cc] REGISTERED
2025-09-19 20:43:08,829 [76f4805b-b51d-4900-95ce-acf873710621-NettyServerStreamRpc-bossGroup--thread1] INFO  logging.LoggingHandler (AbstractInternalLogger.java:log(148)) - [id: 0x063367cc] BIND: 0.0.0.0/0.0.0.0:15072
2025-09-19 20:43:08,829 [76f4805b-b51d-4900-95ce-acf873710621-NettyServerStreamRpc-bossGroup--thread1] INFO  logging.LoggingHandler (AbstractInternalLogger.java:log(148)) - [id: 0x063367cc, L:/0.0.0.0:15072] ACTIVE
2025-09-19 20:43:08,829 [76f4805b-b51d-4900-95ce-acf873710621-impl-thread1] INFO  server.RaftServer (RaftServerProxy.java:initGroupDir(270)) - 76f4805b-b51d-4900-95ce-acf873710621: found a subdirectory /home/runner/work/ozone/ozone/hadoop-ozone/integration-test/target/test-dir/MiniOzoneClusterImpl-990002c2-bb69-4aa2-bd68-28a5e13e86ef/ozone-metadata/datanode-8/ratis/tmp
2025-09-19 20:43:08,830 [76f4805b-b51d-4900-95ce-acf873710621-impl-thread1] INFO  server.RaftServer (RaftServerProxy.java:initGroupDir(275)) - 76f4805b-b51d-4900-95ce-acf873710621: The directory /home/runner/work/ozone/ozone/hadoop-ozone/integration-test/target/test-dir/MiniOzoneClusterImpl-990002c2-bb69-4aa2-bd68-28a5e13e86ef/ozone-metadata/datanode-8/ratis/tmp is not a group directory; ignoring it. 
2025-09-19 20:43:08,830 [ForkJoinPool-1-worker-1] INFO  replication.ReplicationServer (ReplicationServer.java:<init>(84)) - Initializing replication server with thread count = 10 queue length = 4096
2025-09-19 20:43:08,831 [ForkJoinPool-1-worker-1] INFO  server.XceiverServerGrpc (XceiverServerGrpc.java:<init>(130)) - GrpcServer channel type EpollServerSocketChannel
2025-09-19 20:43:08,833 [ForkJoinPool-1-worker-1] INFO  replication.ReplicationSupervisor (ReplicationSupervisor.java:build(169)) - Initializing replication supervisor with thread count = 10
2025-09-19 20:43:08,833 [ForkJoinPool-1-worker-1] INFO  replication.ReplicationSupervisor (ReplicationSupervisor.java:nodeStateUpdated(358)) - Node state updated to IN_SERVICE, scaling executor pool size to 10
2025-09-19 20:43:08,836 [ForkJoinPool-1-worker-1] INFO  http.BaseHttpServer (BaseHttpServer.java:newHttpServer2BuilderForOzone(227)) - Starting Web-server for hddsDatanode at: http://0.0.0.0:15066
2025-09-19 20:43:08,836 [ForkJoinPool-1-worker-1] INFO  http.BaseHttpServer (BaseHttpServer.java:<init>(105)) - Hadoop Security Enabled: false Ozone Security Enabled: false Ozone HTTP Security Enabled: false 
2025-09-19 20:43:08,837 [ForkJoinPool-1-worker-1] WARN  server.AuthenticationFilter (AuthenticationFilter.java:constructSecretProvider(240)) - Unable to initialize FileSignerSecretProvider, falling back to use random secrets. Reason: Could not read signature secret file: /home/runner/hadoop-http-auth-signature-secret
2025-09-19 20:43:08,840 [ForkJoinPool-1-worker-1] INFO  http.HttpServer2 (HttpServer2.java:addGlobalFilter(1041)) - Added global filter 'safety' (class=org.apache.hadoop.hdds.server.http.HttpServer2$QuotingInputFilter)
2025-09-19 20:43:08,842 [ForkJoinPool-1-worker-1] INFO  http.HttpServer2 (HttpServer2.java:addFilter(1017)) - Added filter static_user_filter (class=org.apache.hadoop.http.lib.StaticUserWebFilter$StaticUserFilter) to context hddsDatanode
2025-09-19 20:43:08,842 [ForkJoinPool-1-worker-1] INFO  http.HttpServer2 (HttpServer2.java:addFilter(1025)) - Added filter static_user_filter (class=org.apache.hadoop.http.lib.StaticUserWebFilter$StaticUserFilter) to context logs
2025-09-19 20:43:08,842 [ForkJoinPool-1-worker-1] INFO  http.HttpServer2 (HttpServer2.java:addFilter(1025)) - Added filter static_user_filter (class=org.apache.hadoop.http.lib.StaticUserWebFilter$StaticUserFilter) to context static
2025-09-19 20:43:08,842 [ForkJoinPool-1-worker-1] INFO  http.BaseHttpServer (BaseHttpServer.java:<init>(193)) - HTTP server of hddsDatanode uses base directory /home/runner/work/ozone/ozone/hadoop-ozone/integration-test/target/test-dir/MiniOzoneClusterImpl-990002c2-bb69-4aa2-bd68-28a5e13e86ef/scm/ozone-metadata/webserver
2025-09-19 20:43:08,843 [ForkJoinPool-1-worker-1] INFO  http.HttpServer2 (HttpServer2.java:bindListener(1241)) - Jetty bound to port 15066
2025-09-19 20:43:08,843 [ForkJoinPool-1-worker-1] INFO  server.Server (Server.java:doStart(375)) - jetty-9.4.58.v20250814; built: 2025-08-14T02:28:49.637Z; git: 8f1440587e9e4ae7db3d74cf205643f3d707148d; jvm 21.0.8+9-LTS
2025-09-19 20:43:08,844 [ForkJoinPool-1-worker-1] INFO  server.session (DefaultSessionIdManager.java:doStart(334)) - DefaultSessionIdManager workerName=node0
2025-09-19 20:43:08,844 [ForkJoinPool-1-worker-1] INFO  server.session (DefaultSessionIdManager.java:doStart(339)) - No SessionScavenger set, using defaults
2025-09-19 20:43:08,845 [ForkJoinPool-1-worker-1] INFO  server.session (HouseKeeper.java:startScavenging(132)) - node0 Scavenging every 600000ms
2025-09-19 20:43:08,845 [ForkJoinPool-1-worker-1] INFO  handler.ContextHandler (ContextHandler.java:doStart(921)) - Started o.e.j.s.ServletContextHandler@2f60b096{logs,/logs,file:///home/runner/work/ozone/ozone/hadoop-ozone/integration-test/target/log,AVAILABLE}
2025-09-19 20:43:08,846 [ForkJoinPool-1-worker-1] INFO  handler.ContextHandler (ContextHandler.java:doStart(921)) - Started o.e.j.s.ServletContextHandler@6e285ad4{static,/static,jar:file:/home/runner/work/ozone/ozone/hadoop-hdds/container-service/target/hdds-container-service-2.1.0-SNAPSHOT.jar!/webapps/static,AVAILABLE}
2025-09-19 20:43:08,921 [IPC Server handler 8 on default port 15002] INFO  net.NetworkTopologyImpl (NetworkTopologyImpl.java:add(133)) - Added a new node: /rack1/e7feb3b4-5cd1-4322-b271-eb1c248a4412
2025-09-19 20:43:08,921 [IPC Server handler 8 on default port 15002] INFO  node.SCMNodeManager (SCMNodeManager.java:register(423)) - Registered datanode: e7feb3b4-5cd1-4322-b271-eb1c248a4412{ip: 127.0.0.1, host: localhost, ports: [HTTP=15034, CLIENT_RPC=15035, REPLICATION=15041, RATIS=15037, RATIS_ADMIN=15038, RATIS_SERVER=15039, RATIS_DATASTREAM=15040, STANDALONE=15036], networkLocation: /rack1, certSerialId: null, persistedOpState: null, persistedOpStateExpiryEpochSec: 0}
2025-09-19 20:43:08,921 [EventQueue-PipelineReportForOneReplicaPipelineSafeModeRule] INFO  safemode.SCMSafeModeManager (SCMSafeModeManager.java:validateSafeModeExitRules(138)) - AtleastOneDatanodeReportedRule rule is successfully validated
2025-09-19 20:43:08,921 [EventQueue-ContainerRegistrationReportForECContainerSafeModeRule] INFO  safemode.SCMSafeModeManager (SCMSafeModeManager.java:validateSafeModeExitRules(138)) - ECContainerSafeModeRule rule is successfully validated
2025-09-19 20:43:08,921 [EventQueue-ContainerRegistrationReportForRatisContainerSafeModeRule] INFO  safemode.SCMSafeModeManager (SCMSafeModeManager.java:validateSafeModeExitRules(138)) - RatisContainerSafeModeRule rule is successfully validated
2025-09-19 20:43:08,922 [EventQueue-NodeRegistrationContainerReportForDataNodeSafeModeRule] INFO  safemode.SCMSafeModeManager (SCMSafeModeManager.java:validateSafeModeExitRules(138)) - DataNodeSafeModeRule rule is successfully validated
2025-09-19 20:43:08,922 [EventQueue-NewNodeForNewNodeHandler] INFO  pipeline.BackgroundPipelineCreator (BackgroundPipelineCreator.java:notifyEventTriggered(290)) - trigger a one-shot run on RatisPipelineUtilsThread.
2025-09-19 20:43:08,923 [RatisPipelineUtilsThread-0] INFO  pipeline.RatisPipelineProvider (RatisPipelineProvider.java:lambda$create$0(208)) - Sending CreatePipelineCommand for pipeline:Pipeline-e8905537-4f97-42c5-bc55-e6e6502686a8 to datanode:e7feb3b4-5cd1-4322-b271-eb1c248a4412(localhost/127.0.0.1)
2025-09-19 20:43:08,929 [7c85452d-535d-4afd-8ce9-637c7af67bb0@group-28A5E13E86EF-StateMachineUpdater] INFO  safemode.SCMSafeModeManager (SCMSafeModeManager.java:validateSafeModeExitRules(138)) - DataNodeSafeModeRule rule is successfully validated
2025-09-19 20:43:08,930 [7c85452d-535d-4afd-8ce9-637c7af67bb0@group-28A5E13E86EF-StateMachineUpdater] INFO  safemode.SCMSafeModeManager (SCMSafeModeManager.java:validateSafeModeExitRules(138)) - RatisContainerSafeModeRule rule is successfully validated
2025-09-19 20:43:08,930 [7c85452d-535d-4afd-8ce9-637c7af67bb0@group-28A5E13E86EF-StateMachineUpdater] INFO  safemode.HealthyPipelineSafeModeRule (HealthyPipelineSafeModeRule.java:initializeRule(228)) - Refreshed total pipeline count is 0, healthy pipeline threshold count is 1
2025-09-19 20:43:08,930 [7c85452d-535d-4afd-8ce9-637c7af67bb0@group-28A5E13E86EF-StateMachineUpdater] INFO  safemode.SCMSafeModeManager (SCMSafeModeManager.java:validateSafeModeExitRules(138)) - ECContainerSafeModeRule rule is successfully validated
2025-09-19 20:43:08,930 [7c85452d-535d-4afd-8ce9-637c7af67bb0@group-28A5E13E86EF-StateMachineUpdater] INFO  safemode.SCMSafeModeManager (SCMSafeModeManager.java:validateSafeModeExitRules(138)) - AtleastOneDatanodeReportedRule rule is successfully validated
2025-09-19 20:43:08,931 [RatisPipelineUtilsThread-0] INFO  pipeline.BackgroundPipelineCreator (BackgroundPipelineCreator.java:createPipelines(246)) - Created new pipeline Pipeline{ Id: e8905537-4f97-42c5-bc55-e6e6502686a8, Nodes: [ {e7feb3b4-5cd1-4322-b271-eb1c248a4412(localhost/127.0.0.1), ReplicaIndex: 0},], ReplicationConfig: RATIS/ONE, State:ALLOCATED, leaderId:, CreationTimestamp2025-09-19T20:43:08.923715515Z[Etc/UTC]}
2025-09-19 20:43:08,998 [ForkJoinPool-1-worker-1] INFO  handler.ContextHandler (ContextHandler.java:doStart(921)) - Started o.e.j.w.WebAppContext@bd489b2{hddsDatanode,/,file:///home/runner/work/ozone/ozone/hadoop-ozone/integration-test/target/test-dir/MiniOzoneClusterImpl-990002c2-bb69-4aa2-bd68-28a5e13e86ef/scm/ozone-metadata/webserver/jetty-0_0_0_0-15066-hdds-container-service-2_1_0-SNAPSHOT_jar-_-any-10359881788546849901/webapp/,AVAILABLE}{jar:file:/home/runner/work/ozone/ozone/hadoop-hdds/container-service/target/hdds-container-service-2.1.0-SNAPSHOT.jar!/webapps/hddsDatanode}
2025-09-19 20:43:08,999 [ForkJoinPool-1-worker-1] INFO  server.AbstractConnector (AbstractConnector.java:doStart(333)) - Started ServerConnector@1015080c{HTTP/1.1, (http/1.1)}{0.0.0.0:15066}
2025-09-19 20:43:08,999 [ForkJoinPool-1-worker-1] INFO  server.Server (Server.java:doStart(415)) - Started @13217ms
2025-09-19 20:43:08,999 [ForkJoinPool-1-worker-1] WARN  impl.MetricsSystemImpl (MetricsSystemImpl.java:register(279)) - Sink prometheus already exists!
2025-09-19 20:43:08,999 [ForkJoinPool-1-worker-1] INFO  http.BaseHttpServer (BaseHttpServer.java:updateConnectorAddress(357)) - HTTP server of hddsDatanode listening at http://localhost:15066
2025-09-19 20:43:09,000 [ForkJoinPool-1-worker-1] INFO  ipc.CallQueueManager (CallQueueManager.java:<init>(93)) - Using callQueue: class java.util.concurrent.LinkedBlockingQueue, queueCapacity: 1000, scheduler: class org.apache.hadoop.ipc.DefaultRpcScheduler, ipcBackoff: false, ipcFailOver: false.
2025-09-19 20:43:09,000 [ForkJoinPool-1-worker-1] INFO  ipc.Server (Server.java:<init>(1438)) - Listener at 0.0.0.0:15067
2025-09-19 20:43:09,000 [Socket Reader #1 for port 15067] INFO  ipc.Server (Server.java:run(1474)) - Starting Socket Reader #1 for port 15067
2025-09-19 20:43:09,001 [Socket Reader #2 for port 15067] INFO  ipc.Server (Server.java:run(1474)) - Starting Socket Reader #2 for port 15067
2025-09-19 20:43:09,001 [Socket Reader #3 for port 15067] INFO  ipc.Server (Server.java:run(1474)) - Starting Socket Reader #3 for port 15067
2025-09-19 20:43:09,001 [Socket Reader #4 for port 15067] INFO  ipc.Server (Server.java:run(1474)) - Starting Socket Reader #4 for port 15067
2025-09-19 20:43:09,001 [Socket Reader #5 for port 15067] INFO  ipc.Server (Server.java:run(1474)) - Starting Socket Reader #5 for port 15067
2025-09-19 20:43:09,001 [Socket Reader #6 for port 15067] INFO  ipc.Server (Server.java:run(1474)) - Starting Socket Reader #6 for port 15067
2025-09-19 20:43:09,001 [Socket Reader #7 for port 15067] INFO  ipc.Server (Server.java:run(1474)) - Starting Socket Reader #7 for port 15067
2025-09-19 20:43:09,002 [Socket Reader #8 for port 15067] INFO  ipc.Server (Server.java:run(1474)) - Starting Socket Reader #8 for port 15067
2025-09-19 20:43:09,002 [Socket Reader #9 for port 15067] INFO  ipc.Server (Server.java:run(1474)) - Starting Socket Reader #9 for port 15067
2025-09-19 20:43:09,002 [Socket Reader #10 for port 15067] INFO  ipc.Server (Server.java:run(1474)) - Starting Socket Reader #10 for port 15067
2025-09-19 20:43:09,004 [ForkJoinPool-1-worker-1] INFO  ozone.HddsDatanodeService (HddsDatanodeService.java:start(333)) - Datanode start with admins: [admin, runner]
2025-09-19 20:43:09,005 [ForkJoinPool-1-worker-1] INFO  ozone.HddsDatanodeClientProtocolServer (HddsDatanodeClientProtocolServer.java:start(76)) - RPC server for Client /0.0.0.0:15067
2025-09-19 20:43:09,005 [IPC Server Responder] INFO  ipc.Server (Server.java:run(1713)) - IPC Server Responder: starting
2025-09-19 20:43:09,005 [IPC Server listener on 15067] INFO  ipc.Server (Server.java:run(1553)) - IPC Server listener on 15067: starting
2025-09-19 20:43:09,007 [ForkJoinPool-1-worker-1] WARN  dropwizard3.Dm3MetricRegistriesImpl (Dm3MetricRegistriesImpl.java:addReporterRegistration(114)) - New reporters are added after registries were created. Some metrics will be missing from the reporter. Please add reporter before adding any new registry.
2025-09-19 20:43:09,007 [ForkJoinPool-1-worker-1] WARN  dropwizard3.Dm3MetricRegistriesImpl (Dm3MetricRegistriesImpl.java:addReporterRegistration(114)) - New reporters are added after registries were created. Some metrics will be missing from the reporter. Please add reporter before adding any new registry.
2025-09-19 20:43:09,007 [ForkJoinPool-1-worker-1] INFO  impl.MetricsSystemImpl (MetricsSystemImpl.java:init(158)) - HddsDatanode metrics system started (again)
2025-09-19 20:43:09,012 [76f4805b-b51d-4900-95ce-acf873710621-DatanodeStateMachineDaemonThread] INFO  statemachine.DatanodeStateMachine (DatanodeStateMachine.java:startStateMachineThread(363)) - Ozone container server started.
2025-09-19 20:43:09,018 [76f4805b-b51d-4900-95ce-acf873710621-DatanodeStateMachineTaskThread-0] INFO  datanode.InitDatanodeState (InitDatanodeState.java:persistContainerDatanodeDetails(139)) - DatanodeDetails is persisted to /home/runner/work/ozone/ozone/hadoop-ozone/integration-test/target/test-dir/MiniOzoneClusterImpl-990002c2-bb69-4aa2-bd68-28a5e13e86ef/ozone-metadata/datanode-8/ozone-metadata/datanode.id
2025-09-19 20:43:09,030 [ForkJoinPool-1-worker-1] INFO  protocol.DatanodeDetails (DatanodeDetails.java:validateDatanodeIpAddress(199)) - Updating IP address of datanode 2e0fa00c-f693-49a3-a365-75c51b8c5b45(localhost/null) to 127.0.0.1
2025-09-19 20:43:09,030 [ForkJoinPool-1-worker-1] INFO  ozone.HddsDatanodeService (HddsDatanodeService.java:start(236)) - HddsDatanodeService 2e0fa00c-f693-49a3-a365-75c51b8c5b45(localhost/127.0.0.1)
2025-09-19 20:43:09,032 [ForkJoinPool-1-worker-1] INFO  upgrade.AbstractLayoutVersionManager (AbstractLayoutVersionManager.java:init(80)) - Initializing Layout version manager with metadata layout = WITNESSED_CONTAINER_DB_PROTO_VALUE (version = 9), software layout = WITNESSED_CONTAINER_DB_PROTO_VALUE (version = 9)
2025-09-19 20:43:09,033 [ForkJoinPool-1-worker-1] INFO  statemachine.DatanodeStateMachine (DatanodeStateMachine.java:getEndPointTaskThreadPoolSize(321)) - Datanode State Machine Task Thread Pool size 2
2025-09-19 20:43:09,036 [ForkJoinPool-1-worker-1] INFO  volume.HddsVolume (HddsVolume.java:<init>(162)) - HddsVolume: { id=DS-738b30d3-044b-4fd3-a3fb-b8afdbccd112 dir=/home/runner/work/ozone/ozone/hadoop-ozone/integration-test/target/test-dir/MiniOzoneClusterImpl-990002c2-bb69-4aa2-bd68-28a5e13e86ef/ozone-metadata/datanode-9/data-0/hdds type=DISK capacity=9222449699674390527 used=0 available=9222449699674390527 minFree=9222450130714624 committed=0 }
2025-09-19 20:43:09,036 [ForkJoinPool-1-worker-1] INFO  volume.MutableVolumeSet (MutableVolumeSet.java:initializeVolumeSet(175)) - Added Volume : /home/runner/work/ozone/ozone/hadoop-ozone/integration-test/target/test-dir/MiniOzoneClusterImpl-990002c2-bb69-4aa2-bd68-28a5e13e86ef/ozone-metadata/datanode-9/data-0/hdds to VolumeSet
2025-09-19 20:43:09,037 [ForkJoinPool-1-worker-1] INFO  volume.MutableVolumeSet (MutableVolumeSet.java:initializeVolumeSet(175)) - Added Volume : /home/runner/work/ozone/ozone/hadoop-ozone/integration-test/target/test-dir/MiniOzoneClusterImpl-990002c2-bb69-4aa2-bd68-28a5e13e86ef/ozone-metadata/datanode-9/ratis to VolumeSet
2025-09-19 20:43:09,038 [ForkJoinPool-1-worker-1] INFO  ozoneimpl.OzoneContainer (HddsVolumeUtil.java:loadAllHddsVolumeDbStore(102)) - Load 1 volumes DbStore cost: 0ms
2025-09-19 20:43:09,039 [ForkJoinPool-1-worker-1] WARN  db.DBStoreBuilder (DBStoreBuilder.java:getDBDirPath(158)) - ozone.scm.datanode.id.dir is not configured. We recommend adding this setting. Falling back to ozone.metadata.dirs instead.
2025-09-19 20:43:09,040 [ForkJoinPool-1-worker-1] WARN  db.DBStoreBuilder (DBStoreBuilder.java:getDBDirPath(158)) - ozone.scm.datanode.id.dir is not configured. We recommend adding this setting. Falling back to ozone.metadata.dirs instead.
2025-09-19 20:43:09,041 [c834ff67-8e28-4894-9cd1-7316b4e587ce-EndpointStateMachineTaskThread-/0.0.0.0:15002-0 ] INFO  utils.DatanodeStoreCache (DatanodeStoreCache.java:addDB(70)) - Added db /home/runner/work/ozone/ozone/hadoop-ozone/integration-test/target/test-dir/MiniOzoneClusterImpl-990002c2-bb69-4aa2-bd68-28a5e13e86ef/ozone-metadata/datanode-6/data-0/hdds/990002c2-bb69-4aa2-bd68-28a5e13e86ef/DS-fe8e0949-2f72-432b-82c6-cef628e0820f/container.db to cache
2025-09-19 20:43:09,041 [c834ff67-8e28-4894-9cd1-7316b4e587ce-EndpointStateMachineTaskThread-/0.0.0.0:15002-0 ] INFO  volume.HddsVolume (HddsVolume.java:createDbStore(576)) - SchemaV3 db is created and loaded at /home/runner/work/ozone/ozone/hadoop-ozone/integration-test/target/test-dir/MiniOzoneClusterImpl-990002c2-bb69-4aa2-bd68-28a5e13e86ef/ozone-metadata/datanode-6/data-0/hdds/990002c2-bb69-4aa2-bd68-28a5e13e86ef/DS-fe8e0949-2f72-432b-82c6-cef628e0820f/container.db for volume DS-fe8e0949-2f72-432b-82c6-cef628e0820f
2025-09-19 20:43:09,045 [c834ff67-8e28-4894-9cd1-7316b4e587ce-ContainerReader-0] INFO  ozoneimpl.ContainerReader (ContainerReader.java:readVolume(147)) - Start to verify containers on volume /home/runner/work/ozone/ozone/hadoop-ozone/integration-test/target/test-dir/MiniOzoneClusterImpl-990002c2-bb69-4aa2-bd68-28a5e13e86ef/ozone-metadata/datanode-6/data-0/hdds
2025-09-19 20:43:09,045 [c834ff67-8e28-4894-9cd1-7316b4e587ce-ContainerReader-0] INFO  ozoneimpl.ContainerReader (ContainerReader.java:readVolume(177)) - Finish verifying containers on volume /home/runner/work/ozone/ozone/hadoop-ozone/integration-test/target/test-dir/MiniOzoneClusterImpl-990002c2-bb69-4aa2-bd68-28a5e13e86ef/ozone-metadata/datanode-6/data-0/hdds
2025-09-19 20:43:09,046 [c834ff67-8e28-4894-9cd1-7316b4e587ce-EndpointStateMachineTaskThread-/0.0.0.0:15002-0 ] INFO  ozoneimpl.OzoneContainer (OzoneContainer.java:buildContainerSet(370)) - Build ContainerSet costs 0s
2025-09-19 20:43:09,046 [c834ff67-8e28-4894-9cd1-7316b4e587ce-EndpointStateMachineTaskThread-/0.0.0.0:15002-0 ] INFO  volume.ThrottledAsyncChecker (ThrottledAsyncChecker.java:schedule(138)) - Scheduling a check for /home/runner/work/ozone/ozone/hadoop-ozone/integration-test/target/test-dir/MiniOzoneClusterImpl-990002c2-bb69-4aa2-bd68-28a5e13e86ef/ozone-metadata/datanode-6/data-0/hdds
2025-09-19 20:43:09,048 [c834ff67-8e28-4894-9cd1-7316b4e587ce-EndpointStateMachineTaskThread-/0.0.0.0:15002-0 ] INFO  volume.StorageVolumeChecker (StorageVolumeChecker.java:checkAllVolumes(231)) - Scheduled health check for volume /home/runner/work/ozone/ozone/hadoop-ozone/integration-test/target/test-dir/MiniOzoneClusterImpl-990002c2-bb69-4aa2-bd68-28a5e13e86ef/ozone-metadata/datanode-6/data-0/hdds
2025-09-19 20:43:09,052 [c834ff67-8e28-4894-9cd1-7316b4e587ce-EndpointStateMachineTaskThread-/0.0.0.0:15002-0 ] INFO  volume.ThrottledAsyncChecker (ThrottledAsyncChecker.java:schedule(138)) - Scheduling a check for /home/runner/work/ozone/ozone/hadoop-ozone/integration-test/target/test-dir/MiniOzoneClusterImpl-990002c2-bb69-4aa2-bd68-28a5e13e86ef/ozone-metadata/datanode-6/ratis
2025-09-19 20:43:09,052 [c834ff67-8e28-4894-9cd1-7316b4e587ce-EndpointStateMachineTaskThread-/0.0.0.0:15002-0 ] INFO  volume.StorageVolumeChecker (StorageVolumeChecker.java:checkAllVolumes(231)) - Scheduled health check for volume /home/runner/work/ozone/ozone/hadoop-ozone/integration-test/target/test-dir/MiniOzoneClusterImpl-990002c2-bb69-4aa2-bd68-28a5e13e86ef/ozone-metadata/datanode-6/ratis
2025-09-19 20:43:09,054 [c834ff67-8e28-4894-9cd1-7316b4e587ce-EndpointStateMachineTaskThread-/0.0.0.0:15002-0 ] INFO  ozoneimpl.OzoneContainer (OzoneContainer.java:start(525)) - Attempting to start container services.
2025-09-19 20:43:09,054 [ContainerMetadataScanner] INFO  ozoneimpl.AbstractBackgroundContainerScanner (AbstractBackgroundContainerScanner.java:runIteration(89)) - Completed an iteration in 0 minutes. Number of iterations (since the data-node restart) : 1, Number of containers scanned in this iteration : 0, Number of unhealthy containers found in this iteration : 0
2025-09-19 20:43:09,055 [ContainerDataScanner(/home/runner/work/ozone/ozone/hadoop-ozone/integration-test/target/test-dir/MiniOzoneClusterImpl-990002c2-bb69-4aa2-bd68-28a5e13e86ef/ozone-metadata/datanode-6/data-0/hdds)] INFO  ozoneimpl.AbstractBackgroundContainerScanner (AbstractBackgroundContainerScanner.java:runIteration(89)) - Completed an iteration in 0 minutes. Number of iterations (since the data-node restart) : 1, Number of containers scanned in this iteration : 0, Number of unhealthy containers found in this iteration : 0
2025-09-19 20:43:09,058 [c834ff67-8e28-4894-9cd1-7316b4e587ce-EndpointStateMachineTaskThread-/0.0.0.0:15002-0 ] INFO  replication.ReplicationServer (ReplicationServer.java:start(137)) - ReplicationServer is started using port 15057
2025-09-19 20:43:09,058 [c834ff67-8e28-4894-9cd1-7316b4e587ce-EndpointStateMachineTaskThread-/0.0.0.0:15002-0 ] INFO  ratis.XceiverServerRatis (XceiverServerRatis.java:start(560)) - Starting XceiverServerRatis(c834ff67-8e28-4894-9cd1-7316b4e587ce)
2025-09-19 20:43:09,059 [ForkJoinPool-1-worker-1] INFO  impl.FilePerChunkStrategy (FilePerChunkStrategy.java:<init>(79)) - ozone.chunk.read.mapped.buffer.max.count is load with 0
2025-09-19 20:43:09,059 [ForkJoinPool-1-worker-1] INFO  impl.FilePerBlockStrategy (FilePerBlockStrategy.java:<init>(88)) - ozone.chunk.read.mapped.buffer.max.count is load with 0
2025-09-19 20:43:09,060 [ForkJoinPool-1-worker-1] INFO  server.RaftServerConfigKeys (ConfUtils.java:logGet(62)) - raft.server.log.appender.buffer.byte-limit = 33554432 (custom)
2025-09-19 20:43:09,061 [c834ff67-8e28-4894-9cd1-7316b4e587ce-EndpointStateMachineTaskThread-/0.0.0.0:15002-0 ] INFO  server.RaftServer (RaftServerProxy.java:startImpl(412)) - c834ff67-8e28-4894-9cd1-7316b4e587ce: start RPC server
2025-09-19 20:43:09,061 [ForkJoinPool-1-worker-1] INFO  grpc.GrpcConfigKeys (ConfUtils.java:logFallback(69)) - raft.grpc.admin.host = null (fallback to raft.grpc.server.host)
2025-09-19 20:43:09,062 [ForkJoinPool-1-worker-1] INFO  grpc.GrpcConfigKeys (ConfUtils.java:logGet(62)) - raft.grpc.admin.port = 15078 (custom)
2025-09-19 20:43:09,062 [ForkJoinPool-1-worker-1] INFO  grpc.GrpcConfigKeys (ConfUtils.java:logFallback(69)) - raft.grpc.client.host = null (fallback to raft.grpc.server.host)
2025-09-19 20:43:09,063 [ForkJoinPool-1-worker-1] INFO  grpc.GrpcConfigKeys (ConfUtils.java:logGet(62)) - raft.grpc.client.port = 15077 (custom)
2025-09-19 20:43:09,063 [c834ff67-8e28-4894-9cd1-7316b4e587ce-EndpointStateMachineTaskThread-/0.0.0.0:15002-0 ] INFO  server.GrpcServicesImpl (GrpcServicesImpl.java:startImpl(346)) - c834ff67-8e28-4894-9cd1-7316b4e587ce: GrpcServicesImpl started, listening on 15053
2025-09-19 20:43:09,063 [ForkJoinPool-1-worker-1] INFO  grpc.GrpcConfigKeys (ConfUtils.java:logGet(62)) - raft.grpc.server.port = 15079 (custom)
2025-09-19 20:43:09,064 [ForkJoinPool-1-worker-1] INFO  server.GrpcServicesImpl (ConfUtils.java:logGet(62)) - raft.grpc.message.size.max = 34603008 (custom)
2025-09-19 20:43:09,064 [c834ff67-8e28-4894-9cd1-7316b4e587ce-EndpointStateMachineTaskThread-/0.0.0.0:15002-0 ] INFO  server.GrpcServicesImpl (GrpcServicesImpl.java:startImpl(346)) - c834ff67-8e28-4894-9cd1-7316b4e587ce: GrpcServicesImpl started, listening on 15055
2025-09-19 20:43:09,064 [ForkJoinPool-1-worker-1] INFO  server.GrpcServicesImpl (ConfUtils.java:logGet(62)) - raft.grpc.flow.control.window = 5MB (=5242880) (custom)
2025-09-19 20:43:09,064 [ForkJoinPool-1-worker-1] INFO  server.RaftServerConfigKeys (ConfUtils.java:logGet(62)) - raft.server.log.appender.buffer.byte-limit = 33554432 (custom)
2025-09-19 20:43:09,064 [c834ff67-8e28-4894-9cd1-7316b4e587ce-EndpointStateMachineTaskThread-/0.0.0.0:15002-0 ] INFO  server.GrpcServicesImpl (GrpcServicesImpl.java:startImpl(346)) - c834ff67-8e28-4894-9cd1-7316b4e587ce: GrpcServicesImpl started, listening on 15054
2025-09-19 20:43:09,065 [JvmPauseMonitor8] INFO  util.JvmPauseMonitor (JvmPauseMonitor.java:run(146)) - JvmPauseMonitor-c834ff67-8e28-4894-9cd1-7316b4e587ce: Started
2025-09-19 20:43:09,065 [c834ff67-8e28-4894-9cd1-7316b4e587ce-EndpointStateMachineTaskThread-/0.0.0.0:15002-0 ] INFO  ratis.XceiverServerRatis (XceiverServerRatis.java:getRealPort(587)) - XceiverServerRatis(c834ff67-8e28-4894-9cd1-7316b4e587ce) is started using port RATIS=15053
2025-09-19 20:43:09,065 [c834ff67-8e28-4894-9cd1-7316b4e587ce-EndpointStateMachineTaskThread-/0.0.0.0:15002-0 ] INFO  ratis.XceiverServerRatis (XceiverServerRatis.java:getRealPort(587)) - XceiverServerRatis(c834ff67-8e28-4894-9cd1-7316b4e587ce) is started using port RATIS_ADMIN=15054
2025-09-19 20:43:09,065 [c834ff67-8e28-4894-9cd1-7316b4e587ce-EndpointStateMachineTaskThread-/0.0.0.0:15002-0 ] INFO  ratis.XceiverServerRatis (XceiverServerRatis.java:getRealPort(587)) - XceiverServerRatis(c834ff67-8e28-4894-9cd1-7316b4e587ce) is started using port RATIS_SERVER=15055
2025-09-19 20:43:09,065 [c834ff67-8e28-4894-9cd1-7316b4e587ce-EndpointStateMachineTaskThread-/0.0.0.0:15002-0 ] INFO  ratis.XceiverServerRatis (XceiverServerRatis.java:getRealPort(587)) - XceiverServerRatis(c834ff67-8e28-4894-9cd1-7316b4e587ce) is started using port RATIS_DATASTREAM=15056
2025-09-19 20:43:09,066 [c834ff67-8e28-4894-9cd1-7316b4e587ce-EndpointStateMachineTaskThread-/0.0.0.0:15002-0 ] INFO  utils.BackgroundService (BackgroundService.java:start(119)) - Starting service BlockDeletingService with interval 60000 milliseconds
2025-09-19 20:43:09,067 [ForkJoinPool-1-worker-1] INFO  netty.NettyUtils (NettyUtils.java:newEventLoopGroup(74)) - Create EpollEventLoopGroup for 2e0fa00c-f693-49a3-a365-75c51b8c5b45-NettyServerStreamRpc-bossGroup; Thread size is 0.
2025-09-19 20:43:09,068 [ForkJoinPool-1-worker-1] INFO  netty.NettyUtils (NettyUtils.java:newEventLoopGroup(74)) - Create EpollEventLoopGroup for 2e0fa00c-f693-49a3-a365-75c51b8c5b45-NettyServerStreamRpc-workerGroup; Thread size is 0.
2025-09-19 20:43:09,069 [c834ff67-8e28-4894-9cd1-7316b4e587ce-EndpointStateMachineTaskThread-/0.0.0.0:15002-0 ] INFO  utils.BackgroundService (BackgroundService.java:start(119)) - Starting service StaleRecoveringContainerScrubbingService with interval 60000 milliseconds
2025-09-19 20:43:09,069 [ForkJoinPool-1-worker-1] INFO  netty.NettyConfigKeys$DataStream (ConfUtils.java:logGet(62)) - raft.netty.dataStream.port = 15080 (custom)
2025-09-19 20:43:09,070 [ForkJoinPool-1-worker-1] INFO  server.RaftServerConfigKeys (ConfUtils.java:logGet(62)) - raft.server.storage.dir = [/home/runner/work/ozone/ozone/hadoop-ozone/integration-test/target/test-dir/MiniOzoneClusterImpl-990002c2-bb69-4aa2-bd68-28a5e13e86ef/ozone-metadata/datanode-9/ratis] (custom)
2025-09-19 20:43:09,071 [2e0fa00c-f693-49a3-a365-75c51b8c5b45-NettyServerStreamRpc-bossGroup--thread1] INFO  logging.LoggingHandler (AbstractInternalLogger.java:log(148)) - [id: 0x0e01ddb4] REGISTERED
2025-09-19 20:43:09,071 [2e0fa00c-f693-49a3-a365-75c51b8c5b45-NettyServerStreamRpc-bossGroup--thread1] INFO  logging.LoggingHandler (AbstractInternalLogger.java:log(148)) - [id: 0x0e01ddb4] BIND: 0.0.0.0/0.0.0.0:15080
2025-09-19 20:43:09,071 [2e0fa00c-f693-49a3-a365-75c51b8c5b45-NettyServerStreamRpc-bossGroup--thread1] INFO  logging.LoggingHandler (AbstractInternalLogger.java:log(148)) - [id: 0x0e01ddb4, L:/0.0.0.0:15080] ACTIVE
2025-09-19 20:43:09,072 [2e0fa00c-f693-49a3-a365-75c51b8c5b45-impl-thread1] INFO  server.RaftServer (RaftServerProxy.java:initGroupDir(270)) - 2e0fa00c-f693-49a3-a365-75c51b8c5b45: found a subdirectory /home/runner/work/ozone/ozone/hadoop-ozone/integration-test/target/test-dir/MiniOzoneClusterImpl-990002c2-bb69-4aa2-bd68-28a5e13e86ef/ozone-metadata/datanode-9/ratis/tmp
2025-09-19 20:43:09,072 [2e0fa00c-f693-49a3-a365-75c51b8c5b45-impl-thread1] INFO  server.RaftServer (RaftServerProxy.java:initGroupDir(275)) - 2e0fa00c-f693-49a3-a365-75c51b8c5b45: The directory /home/runner/work/ozone/ozone/hadoop-ozone/integration-test/target/test-dir/MiniOzoneClusterImpl-990002c2-bb69-4aa2-bd68-28a5e13e86ef/ozone-metadata/datanode-9/ratis/tmp is not a group directory; ignoring it. 
2025-09-19 20:43:09,072 [ForkJoinPool-1-worker-1] INFO  replication.ReplicationServer (ReplicationServer.java:<init>(84)) - Initializing replication server with thread count = 10 queue length = 4096
2025-09-19 20:43:09,073 [ForkJoinPool-1-worker-1] INFO  server.XceiverServerGrpc (XceiverServerGrpc.java:<init>(130)) - GrpcServer channel type EpollServerSocketChannel
2025-09-19 20:43:09,074 [ForkJoinPool-1-worker-1] INFO  replication.ReplicationSupervisor (ReplicationSupervisor.java:build(169)) - Initializing replication supervisor with thread count = 10
2025-09-19 20:43:09,074 [ForkJoinPool-1-worker-1] INFO  replication.ReplicationSupervisor (ReplicationSupervisor.java:nodeStateUpdated(358)) - Node state updated to IN_SERVICE, scaling executor pool size to 10
2025-09-19 20:43:09,077 [ForkJoinPool-1-worker-1] INFO  http.BaseHttpServer (BaseHttpServer.java:newHttpServer2BuilderForOzone(227)) - Starting Web-server for hddsDatanode at: http://0.0.0.0:15074
2025-09-19 20:43:09,077 [ForkJoinPool-1-worker-1] INFO  http.BaseHttpServer (BaseHttpServer.java:<init>(105)) - Hadoop Security Enabled: false Ozone Security Enabled: false Ozone HTTP Security Enabled: false 
2025-09-19 20:43:09,079 [ForkJoinPool-1-worker-1] WARN  server.AuthenticationFilter (AuthenticationFilter.java:constructSecretProvider(240)) - Unable to initialize FileSignerSecretProvider, falling back to use random secrets. Reason: Could not read signature secret file: /home/runner/hadoop-http-auth-signature-secret
2025-09-19 20:43:09,081 [ForkJoinPool-1-worker-1] INFO  http.HttpServer2 (HttpServer2.java:addGlobalFilter(1041)) - Added global filter 'safety' (class=org.apache.hadoop.hdds.server.http.HttpServer2$QuotingInputFilter)
2025-09-19 20:43:09,082 [ForkJoinPool-1-worker-1] INFO  http.HttpServer2 (HttpServer2.java:addFilter(1017)) - Added filter static_user_filter (class=org.apache.hadoop.http.lib.StaticUserWebFilter$StaticUserFilter) to context hddsDatanode
2025-09-19 20:43:09,082 [ForkJoinPool-1-worker-1] INFO  http.HttpServer2 (HttpServer2.java:addFilter(1025)) - Added filter static_user_filter (class=org.apache.hadoop.http.lib.StaticUserWebFilter$StaticUserFilter) to context logs
2025-09-19 20:43:09,082 [ForkJoinPool-1-worker-1] INFO  http.HttpServer2 (HttpServer2.java:addFilter(1025)) - Added filter static_user_filter (class=org.apache.hadoop.http.lib.StaticUserWebFilter$StaticUserFilter) to context static
2025-09-19 20:43:09,083 [ForkJoinPool-1-worker-1] INFO  http.BaseHttpServer (BaseHttpServer.java:<init>(193)) - HTTP server of hddsDatanode uses base directory /home/runner/work/ozone/ozone/hadoop-ozone/integration-test/target/test-dir/MiniOzoneClusterImpl-990002c2-bb69-4aa2-bd68-28a5e13e86ef/scm/ozone-metadata/webserver
2025-09-19 20:43:09,083 [ForkJoinPool-1-worker-1] INFO  http.HttpServer2 (HttpServer2.java:bindListener(1241)) - Jetty bound to port 15074
2025-09-19 20:43:09,083 [ForkJoinPool-1-worker-1] INFO  server.Server (Server.java:doStart(375)) - jetty-9.4.58.v20250814; built: 2025-08-14T02:28:49.637Z; git: 8f1440587e9e4ae7db3d74cf205643f3d707148d; jvm 21.0.8+9-LTS
2025-09-19 20:43:09,084 [ForkJoinPool-1-worker-1] INFO  server.session (DefaultSessionIdManager.java:doStart(334)) - DefaultSessionIdManager workerName=node0
2025-09-19 20:43:09,084 [ForkJoinPool-1-worker-1] INFO  server.session (DefaultSessionIdManager.java:doStart(339)) - No SessionScavenger set, using defaults
2025-09-19 20:43:09,085 [ForkJoinPool-1-worker-1] INFO  server.session (HouseKeeper.java:startScavenging(132)) - node0 Scavenging every 600000ms
2025-09-19 20:43:09,085 [ForkJoinPool-1-worker-1] INFO  handler.ContextHandler (ContextHandler.java:doStart(921)) - Started o.e.j.s.ServletContextHandler@4b4e6626{logs,/logs,file:///home/runner/work/ozone/ozone/hadoop-ozone/integration-test/target/log,AVAILABLE}
2025-09-19 20:43:09,086 [ForkJoinPool-1-worker-1] INFO  handler.ContextHandler (ContextHandler.java:doStart(921)) - Started o.e.j.s.ServletContextHandler@518174fa{static,/static,jar:file:/home/runner/work/ozone/ozone/hadoop-hdds/container-service/target/hdds-container-service-2.1.0-SNAPSHOT.jar!/webapps/static,AVAILABLE}
2025-09-19 20:43:09,190 [IPC Server handler 4 on default port 15002] INFO  net.NetworkTopologyImpl (NetworkTopologyImpl.java:add(133)) - Added a new node: /rack1/417c597c-13cf-4e34-be96-1680b82aa276
2025-09-19 20:43:09,190 [IPC Server handler 4 on default port 15002] INFO  node.SCMNodeManager (SCMNodeManager.java:register(423)) - Registered datanode: 417c597c-13cf-4e34-be96-1680b82aa276{ip: 127.0.0.1, host: localhost, ports: [HTTP=15042, CLIENT_RPC=15043, REPLICATION=15049, RATIS=15045, RATIS_ADMIN=15046, RATIS_SERVER=15047, RATIS_DATASTREAM=15048, STANDALONE=15044], networkLocation: /rack1, certSerialId: null, persistedOpState: null, persistedOpStateExpiryEpochSec: 0}
2025-09-19 20:43:09,191 [EventQueue-NewNodeForNewNodeHandler] INFO  pipeline.BackgroundPipelineCreator (BackgroundPipelineCreator.java:notifyEventTriggered(290)) - trigger a one-shot run on RatisPipelineUtilsThread.
2025-09-19 20:43:09,191 [EventQueue-NodeRegistrationContainerReportForDataNodeSafeModeRule] INFO  safemode.SCMSafeModeManager (SCMSafeModeManager.java:validateSafeModeExitRules(138)) - DataNodeSafeModeRule rule is successfully validated
2025-09-19 20:43:09,191 [EventQueue-ContainerRegistrationReportForRatisContainerSafeModeRule] INFO  safemode.SCMSafeModeManager (SCMSafeModeManager.java:validateSafeModeExitRules(138)) - RatisContainerSafeModeRule rule is successfully validated
2025-09-19 20:43:09,191 [EventQueue-PipelineReportForOneReplicaPipelineSafeModeRule] INFO  safemode.SCMSafeModeManager (SCMSafeModeManager.java:validateSafeModeExitRules(138)) - AtleastOneDatanodeReportedRule rule is successfully validated
2025-09-19 20:43:09,191 [EventQueue-ContainerRegistrationReportForECContainerSafeModeRule] INFO  safemode.SCMSafeModeManager (SCMSafeModeManager.java:validateSafeModeExitRules(138)) - ECContainerSafeModeRule rule is successfully validated
2025-09-19 20:43:09,191 [RatisPipelineUtilsThread-0] INFO  pipeline.RatisPipelineProvider (RatisPipelineProvider.java:lambda$create$0(208)) - Sending CreatePipelineCommand for pipeline:Pipeline-1a407f51-d149-4286-bfb4-ecc9d8425ea7 to datanode:417c597c-13cf-4e34-be96-1680b82aa276(localhost/127.0.0.1)
2025-09-19 20:43:09,195 [7c85452d-535d-4afd-8ce9-637c7af67bb0@group-28A5E13E86EF-StateMachineUpdater] INFO  safemode.SCMSafeModeManager (SCMSafeModeManager.java:validateSafeModeExitRules(138)) - DataNodeSafeModeRule rule is successfully validated
2025-09-19 20:43:09,195 [7c85452d-535d-4afd-8ce9-637c7af67bb0@group-28A5E13E86EF-StateMachineUpdater] INFO  safemode.SCMSafeModeManager (SCMSafeModeManager.java:validateSafeModeExitRules(138)) - RatisContainerSafeModeRule rule is successfully validated
2025-09-19 20:43:09,195 [7c85452d-535d-4afd-8ce9-637c7af67bb0@group-28A5E13E86EF-StateMachineUpdater] INFO  safemode.HealthyPipelineSafeModeRule (HealthyPipelineSafeModeRule.java:initializeRule(228)) - Refreshed total pipeline count is 0, healthy pipeline threshold count is 1
2025-09-19 20:43:09,195 [7c85452d-535d-4afd-8ce9-637c7af67bb0@group-28A5E13E86EF-StateMachineUpdater] INFO  safemode.SCMSafeModeManager (SCMSafeModeManager.java:validateSafeModeExitRules(138)) - ECContainerSafeModeRule rule is successfully validated
2025-09-19 20:43:09,195 [7c85452d-535d-4afd-8ce9-637c7af67bb0@group-28A5E13E86EF-StateMachineUpdater] INFO  safemode.SCMSafeModeManager (SCMSafeModeManager.java:validateSafeModeExitRules(138)) - AtleastOneDatanodeReportedRule rule is successfully validated
2025-09-19 20:43:09,196 [RatisPipelineUtilsThread-0] INFO  pipeline.BackgroundPipelineCreator (BackgroundPipelineCreator.java:createPipelines(246)) - Created new pipeline Pipeline{ Id: 1a407f51-d149-4286-bfb4-ecc9d8425ea7, Nodes: [ {417c597c-13cf-4e34-be96-1680b82aa276(localhost/127.0.0.1), ReplicaIndex: 0},], ReplicationConfig: RATIS/ONE, State:ALLOCATED, leaderId:, CreationTimestamp2025-09-19T20:43:09.191798056Z[Etc/UTC]}
2025-09-19 20:43:09,231 [ForkJoinPool-1-worker-1] INFO  handler.ContextHandler (ContextHandler.java:doStart(921)) - Started o.e.j.w.WebAppContext@5f49b367{hddsDatanode,/,file:///home/runner/work/ozone/ozone/hadoop-ozone/integration-test/target/test-dir/MiniOzoneClusterImpl-990002c2-bb69-4aa2-bd68-28a5e13e86ef/scm/ozone-metadata/webserver/jetty-0_0_0_0-15074-hdds-container-service-2_1_0-SNAPSHOT_jar-_-any-11833829788217861656/webapp/,AVAILABLE}{jar:file:/home/runner/work/ozone/ozone/hadoop-hdds/container-service/target/hdds-container-service-2.1.0-SNAPSHOT.jar!/webapps/hddsDatanode}
2025-09-19 20:43:09,232 [ForkJoinPool-1-worker-1] INFO  server.AbstractConnector (AbstractConnector.java:doStart(333)) - Started ServerConnector@5165b2da{HTTP/1.1, (http/1.1)}{0.0.0.0:15074}
2025-09-19 20:43:09,232 [ForkJoinPool-1-worker-1] INFO  server.Server (Server.java:doStart(415)) - Started @13450ms
2025-09-19 20:43:09,232 [ForkJoinPool-1-worker-1] WARN  impl.MetricsSystemImpl (MetricsSystemImpl.java:register(279)) - Sink prometheus already exists!
2025-09-19 20:43:09,232 [ForkJoinPool-1-worker-1] INFO  http.BaseHttpServer (BaseHttpServer.java:updateConnectorAddress(357)) - HTTP server of hddsDatanode listening at http://localhost:15074
2025-09-19 20:43:09,233 [ForkJoinPool-1-worker-1] INFO  ipc.CallQueueManager (CallQueueManager.java:<init>(93)) - Using callQueue: class java.util.concurrent.LinkedBlockingQueue, queueCapacity: 1000, scheduler: class org.apache.hadoop.ipc.DefaultRpcScheduler, ipcBackoff: false, ipcFailOver: false.
2025-09-19 20:43:09,233 [ForkJoinPool-1-worker-1] INFO  ipc.Server (Server.java:<init>(1438)) - Listener at 0.0.0.0:15075
2025-09-19 20:43:09,233 [Socket Reader #1 for port 15075] INFO  ipc.Server (Server.java:run(1474)) - Starting Socket Reader #1 for port 15075
2025-09-19 20:43:09,233 [Socket Reader #2 for port 15075] INFO  ipc.Server (Server.java:run(1474)) - Starting Socket Reader #2 for port 15075
2025-09-19 20:43:09,233 [Socket Reader #3 for port 15075] INFO  ipc.Server (Server.java:run(1474)) - Starting Socket Reader #3 for port 15075
2025-09-19 20:43:09,234 [Socket Reader #4 for port 15075] INFO  ipc.Server (Server.java:run(1474)) - Starting Socket Reader #4 for port 15075
2025-09-19 20:43:09,234 [Socket Reader #5 for port 15075] INFO  ipc.Server (Server.java:run(1474)) - Starting Socket Reader #5 for port 15075
2025-09-19 20:43:09,234 [Socket Reader #6 for port 15075] INFO  ipc.Server (Server.java:run(1474)) - Starting Socket Reader #6 for port 15075
2025-09-19 20:43:09,234 [Socket Reader #7 for port 15075] INFO  ipc.Server (Server.java:run(1474)) - Starting Socket Reader #7 for port 15075
2025-09-19 20:43:09,234 [Socket Reader #8 for port 15075] INFO  ipc.Server (Server.java:run(1474)) - Starting Socket Reader #8 for port 15075
2025-09-19 20:43:09,235 [Socket Reader #9 for port 15075] INFO  ipc.Server (Server.java:run(1474)) - Starting Socket Reader #9 for port 15075
2025-09-19 20:43:09,235 [Socket Reader #10 for port 15075] INFO  ipc.Server (Server.java:run(1474)) - Starting Socket Reader #10 for port 15075
2025-09-19 20:43:09,236 [ForkJoinPool-1-worker-1] INFO  ozone.HddsDatanodeService (HddsDatanodeService.java:start(333)) - Datanode start with admins: [admin, runner]
2025-09-19 20:43:09,236 [ForkJoinPool-1-worker-1] INFO  ozone.HddsDatanodeClientProtocolServer (HddsDatanodeClientProtocolServer.java:start(76)) - RPC server for Client /0.0.0.0:15075
2025-09-19 20:43:09,237 [IPC Server Responder] INFO  ipc.Server (Server.java:run(1713)) - IPC Server Responder: starting
2025-09-19 20:43:09,237 [IPC Server listener on 15075] INFO  ipc.Server (Server.java:run(1553)) - IPC Server listener on 15075: starting
2025-09-19 20:43:09,238 [ForkJoinPool-1-worker-1] WARN  dropwizard3.Dm3MetricRegistriesImpl (Dm3MetricRegistriesImpl.java:addReporterRegistration(114)) - New reporters are added after registries were created. Some metrics will be missing from the reporter. Please add reporter before adding any new registry.
2025-09-19 20:43:09,238 [ForkJoinPool-1-worker-1] WARN  dropwizard3.Dm3MetricRegistriesImpl (Dm3MetricRegistriesImpl.java:addReporterRegistration(114)) - New reporters are added after registries were created. Some metrics will be missing from the reporter. Please add reporter before adding any new registry.
2025-09-19 20:43:09,238 [ForkJoinPool-1-worker-1] INFO  impl.MetricsSystemImpl (MetricsSystemImpl.java:init(158)) - HddsDatanode metrics system started (again)
2025-09-19 20:43:09,239 [2e0fa00c-f693-49a3-a365-75c51b8c5b45-DatanodeStateMachineDaemonThread] INFO  statemachine.DatanodeStateMachine (DatanodeStateMachine.java:startStateMachineThread(363)) - Ozone container server started.
2025-09-19 20:43:09,243 [2e0fa00c-f693-49a3-a365-75c51b8c5b45-DatanodeStateMachineTaskThread-0] INFO  datanode.InitDatanodeState (InitDatanodeState.java:persistContainerDatanodeDetails(139)) - DatanodeDetails is persisted to /home/runner/work/ozone/ozone/hadoop-ozone/integration-test/target/test-dir/MiniOzoneClusterImpl-990002c2-bb69-4aa2-bd68-28a5e13e86ef/ozone-metadata/datanode-9/ozone-metadata/datanode.id
2025-09-19 20:43:09,253 [ForkJoinPool-1-worker-1] INFO  protocol.DatanodeDetails (DatanodeDetails.java:validateDatanodeIpAddress(199)) - Updating IP address of datanode 43523384-1488-4733-9c5e-86b5f6f4eeb8(localhost/null) to 127.0.0.1
2025-09-19 20:43:09,253 [ForkJoinPool-1-worker-1] INFO  ozone.HddsDatanodeService (HddsDatanodeService.java:start(236)) - HddsDatanodeService 43523384-1488-4733-9c5e-86b5f6f4eeb8(localhost/127.0.0.1)
2025-09-19 20:43:09,255 [ForkJoinPool-1-worker-1] INFO  upgrade.AbstractLayoutVersionManager (AbstractLayoutVersionManager.java:init(80)) - Initializing Layout version manager with metadata layout = WITNESSED_CONTAINER_DB_PROTO_VALUE (version = 9), software layout = WITNESSED_CONTAINER_DB_PROTO_VALUE (version = 9)
2025-09-19 20:43:09,255 [ForkJoinPool-1-worker-1] INFO  statemachine.DatanodeStateMachine (DatanodeStateMachine.java:getEndPointTaskThreadPoolSize(321)) - Datanode State Machine Task Thread Pool size 2
2025-09-19 20:43:09,258 [ForkJoinPool-1-worker-1] INFO  volume.HddsVolume (HddsVolume.java:<init>(162)) - HddsVolume: { id=DS-bbf49b3d-ba85-4347-8a02-3d6acb4d97c5 dir=/home/runner/work/ozone/ozone/hadoop-ozone/integration-test/target/test-dir/MiniOzoneClusterImpl-990002c2-bb69-4aa2-bd68-28a5e13e86ef/ozone-metadata/datanode-10/data-0/hdds type=DISK capacity=9222449699674390527 used=0 available=9222449699674390527 minFree=9222450130714624 committed=0 }
2025-09-19 20:43:09,258 [ForkJoinPool-1-worker-1] INFO  volume.MutableVolumeSet (MutableVolumeSet.java:initializeVolumeSet(175)) - Added Volume : /home/runner/work/ozone/ozone/hadoop-ozone/integration-test/target/test-dir/MiniOzoneClusterImpl-990002c2-bb69-4aa2-bd68-28a5e13e86ef/ozone-metadata/datanode-10/data-0/hdds to VolumeSet
2025-09-19 20:43:09,260 [ForkJoinPool-1-worker-1] INFO  volume.MutableVolumeSet (MutableVolumeSet.java:initializeVolumeSet(175)) - Added Volume : /home/runner/work/ozone/ozone/hadoop-ozone/integration-test/target/test-dir/MiniOzoneClusterImpl-990002c2-bb69-4aa2-bd68-28a5e13e86ef/ozone-metadata/datanode-10/ratis to VolumeSet
2025-09-19 20:43:09,260 [ForkJoinPool-1-worker-1] INFO  ozoneimpl.OzoneContainer (HddsVolumeUtil.java:loadAllHddsVolumeDbStore(102)) - Load 1 volumes DbStore cost: 0ms
2025-09-19 20:43:09,261 [ForkJoinPool-1-worker-1] WARN  db.DBStoreBuilder (DBStoreBuilder.java:getDBDirPath(158)) - ozone.scm.datanode.id.dir is not configured. We recommend adding this setting. Falling back to ozone.metadata.dirs instead.
2025-09-19 20:43:09,262 [ForkJoinPool-1-worker-1] WARN  db.DBStoreBuilder (DBStoreBuilder.java:getDBDirPath(158)) - ozone.scm.datanode.id.dir is not configured. We recommend adding this setting. Falling back to ozone.metadata.dirs instead.
2025-09-19 20:43:09,274 [ForkJoinPool-1-worker-1] INFO  impl.FilePerChunkStrategy (FilePerChunkStrategy.java:<init>(79)) - ozone.chunk.read.mapped.buffer.max.count is load with 0
2025-09-19 20:43:09,274 [ForkJoinPool-1-worker-1] INFO  impl.FilePerBlockStrategy (FilePerBlockStrategy.java:<init>(88)) - ozone.chunk.read.mapped.buffer.max.count is load with 0
2025-09-19 20:43:09,275 [ForkJoinPool-1-worker-1] INFO  server.RaftServerConfigKeys (ConfUtils.java:logGet(62)) - raft.server.log.appender.buffer.byte-limit = 33554432 (custom)
2025-09-19 20:43:09,276 [ForkJoinPool-1-worker-1] INFO  grpc.GrpcConfigKeys (ConfUtils.java:logFallback(69)) - raft.grpc.admin.host = null (fallback to raft.grpc.server.host)
2025-09-19 20:43:09,276 [ForkJoinPool-1-worker-1] INFO  grpc.GrpcConfigKeys (ConfUtils.java:logGet(62)) - raft.grpc.admin.port = 15086 (custom)
2025-09-19 20:43:09,276 [ForkJoinPool-1-worker-1] INFO  grpc.GrpcConfigKeys (ConfUtils.java:logFallback(69)) - raft.grpc.client.host = null (fallback to raft.grpc.server.host)
2025-09-19 20:43:09,276 [ForkJoinPool-1-worker-1] INFO  grpc.GrpcConfigKeys (ConfUtils.java:logGet(62)) - raft.grpc.client.port = 15085 (custom)
2025-09-19 20:43:09,276 [ForkJoinPool-1-worker-1] INFO  grpc.GrpcConfigKeys (ConfUtils.java:logGet(62)) - raft.grpc.server.port = 15087 (custom)
2025-09-19 20:43:09,276 [ForkJoinPool-1-worker-1] INFO  server.GrpcServicesImpl (ConfUtils.java:logGet(62)) - raft.grpc.message.size.max = 34603008 (custom)
2025-09-19 20:43:09,276 [ForkJoinPool-1-worker-1] INFO  server.GrpcServicesImpl (ConfUtils.java:logGet(62)) - raft.grpc.flow.control.window = 5MB (=5242880) (custom)
2025-09-19 20:43:09,276 [ForkJoinPool-1-worker-1] INFO  server.RaftServerConfigKeys (ConfUtils.java:logGet(62)) - raft.server.log.appender.buffer.byte-limit = 33554432 (custom)
2025-09-19 20:43:09,278 [ForkJoinPool-1-worker-1] INFO  netty.NettyUtils (NettyUtils.java:newEventLoopGroup(74)) - Create EpollEventLoopGroup for 43523384-1488-4733-9c5e-86b5f6f4eeb8-NettyServerStreamRpc-bossGroup; Thread size is 0.
2025-09-19 20:43:09,279 [ForkJoinPool-1-worker-1] INFO  netty.NettyUtils (NettyUtils.java:newEventLoopGroup(74)) - Create EpollEventLoopGroup for 43523384-1488-4733-9c5e-86b5f6f4eeb8-NettyServerStreamRpc-workerGroup; Thread size is 0.
2025-09-19 20:43:09,279 [ForkJoinPool-1-worker-1] INFO  netty.NettyConfigKeys$DataStream (ConfUtils.java:logGet(62)) - raft.netty.dataStream.port = 15088 (custom)
2025-09-19 20:43:09,280 [ForkJoinPool-1-worker-1] INFO  server.RaftServerConfigKeys (ConfUtils.java:logGet(62)) - raft.server.storage.dir = [/home/runner/work/ozone/ozone/hadoop-ozone/integration-test/target/test-dir/MiniOzoneClusterImpl-990002c2-bb69-4aa2-bd68-28a5e13e86ef/ozone-metadata/datanode-10/ratis] (custom)
2025-09-19 20:43:09,280 [43523384-1488-4733-9c5e-86b5f6f4eeb8-NettyServerStreamRpc-bossGroup--thread1] INFO  logging.LoggingHandler (AbstractInternalLogger.java:log(148)) - [id: 0x6a111be6] REGISTERED
2025-09-19 20:43:09,280 [43523384-1488-4733-9c5e-86b5f6f4eeb8-NettyServerStreamRpc-bossGroup--thread1] INFO  logging.LoggingHandler (AbstractInternalLogger.java:log(148)) - [id: 0x6a111be6] BIND: 0.0.0.0/0.0.0.0:15088
2025-09-19 20:43:09,280 [43523384-1488-4733-9c5e-86b5f6f4eeb8-NettyServerStreamRpc-bossGroup--thread1] INFO  logging.LoggingHandler (AbstractInternalLogger.java:log(148)) - [id: 0x6a111be6, L:/0.0.0.0:15088] ACTIVE
2025-09-19 20:43:09,281 [43523384-1488-4733-9c5e-86b5f6f4eeb8-impl-thread1] INFO  server.RaftServer (RaftServerProxy.java:initGroupDir(270)) - 43523384-1488-4733-9c5e-86b5f6f4eeb8: found a subdirectory /home/runner/work/ozone/ozone/hadoop-ozone/integration-test/target/test-dir/MiniOzoneClusterImpl-990002c2-bb69-4aa2-bd68-28a5e13e86ef/ozone-metadata/datanode-10/ratis/tmp
2025-09-19 20:43:09,281 [43523384-1488-4733-9c5e-86b5f6f4eeb8-impl-thread1] INFO  server.RaftServer (RaftServerProxy.java:initGroupDir(275)) - 43523384-1488-4733-9c5e-86b5f6f4eeb8: The directory /home/runner/work/ozone/ozone/hadoop-ozone/integration-test/target/test-dir/MiniOzoneClusterImpl-990002c2-bb69-4aa2-bd68-28a5e13e86ef/ozone-metadata/datanode-10/ratis/tmp is not a group directory; ignoring it. 
2025-09-19 20:43:09,281 [ForkJoinPool-1-worker-1] INFO  replication.ReplicationServer (ReplicationServer.java:<init>(84)) - Initializing replication server with thread count = 10 queue length = 4096
2025-09-19 20:43:09,282 [ForkJoinPool-1-worker-1] INFO  server.XceiverServerGrpc (XceiverServerGrpc.java:<init>(130)) - GrpcServer channel type EpollServerSocketChannel
2025-09-19 20:43:09,283 [ForkJoinPool-1-worker-1] INFO  replication.ReplicationSupervisor (ReplicationSupervisor.java:build(169)) - Initializing replication supervisor with thread count = 10
2025-09-19 20:43:09,283 [ForkJoinPool-1-worker-1] INFO  replication.ReplicationSupervisor (ReplicationSupervisor.java:nodeStateUpdated(358)) - Node state updated to IN_SERVICE, scaling executor pool size to 10
2025-09-19 20:43:09,286 [ForkJoinPool-1-worker-1] INFO  http.BaseHttpServer (BaseHttpServer.java:newHttpServer2BuilderForOzone(227)) - Starting Web-server for hddsDatanode at: http://0.0.0.0:15082
2025-09-19 20:43:09,286 [ForkJoinPool-1-worker-1] INFO  http.BaseHttpServer (BaseHttpServer.java:<init>(105)) - Hadoop Security Enabled: false Ozone Security Enabled: false Ozone HTTP Security Enabled: false 
2025-09-19 20:43:09,287 [ForkJoinPool-1-worker-1] WARN  server.AuthenticationFilter (AuthenticationFilter.java:constructSecretProvider(240)) - Unable to initialize FileSignerSecretProvider, falling back to use random secrets. Reason: Could not read signature secret file: /home/runner/hadoop-http-auth-signature-secret
2025-09-19 20:43:09,290 [ForkJoinPool-1-worker-1] INFO  http.HttpServer2 (HttpServer2.java:addGlobalFilter(1041)) - Added global filter 'safety' (class=org.apache.hadoop.hdds.server.http.HttpServer2$QuotingInputFilter)
2025-09-19 20:43:09,291 [ForkJoinPool-1-worker-1] INFO  http.HttpServer2 (HttpServer2.java:addFilter(1017)) - Added filter static_user_filter (class=org.apache.hadoop.http.lib.StaticUserWebFilter$StaticUserFilter) to context hddsDatanode
2025-09-19 20:43:09,291 [ForkJoinPool-1-worker-1] INFO  http.HttpServer2 (HttpServer2.java:addFilter(1025)) - Added filter static_user_filter (class=org.apache.hadoop.http.lib.StaticUserWebFilter$StaticUserFilter) to context static
2025-09-19 20:43:09,291 [ForkJoinPool-1-worker-1] INFO  http.HttpServer2 (HttpServer2.java:addFilter(1025)) - Added filter static_user_filter (class=org.apache.hadoop.http.lib.StaticUserWebFilter$StaticUserFilter) to context logs
2025-09-19 20:43:09,292 [ForkJoinPool-1-worker-1] INFO  http.BaseHttpServer (BaseHttpServer.java:<init>(193)) - HTTP server of hddsDatanode uses base directory /home/runner/work/ozone/ozone/hadoop-ozone/integration-test/target/test-dir/MiniOzoneClusterImpl-990002c2-bb69-4aa2-bd68-28a5e13e86ef/scm/ozone-metadata/webserver
2025-09-19 20:43:09,292 [ForkJoinPool-1-worker-1] INFO  http.HttpServer2 (HttpServer2.java:bindListener(1241)) - Jetty bound to port 15082
2025-09-19 20:43:09,292 [ForkJoinPool-1-worker-1] INFO  server.Server (Server.java:doStart(375)) - jetty-9.4.58.v20250814; built: 2025-08-14T02:28:49.637Z; git: 8f1440587e9e4ae7db3d74cf205643f3d707148d; jvm 21.0.8+9-LTS
2025-09-19 20:43:09,294 [ForkJoinPool-1-worker-1] INFO  server.session (DefaultSessionIdManager.java:doStart(334)) - DefaultSessionIdManager workerName=node0
2025-09-19 20:43:09,294 [ForkJoinPool-1-worker-1] INFO  server.session (DefaultSessionIdManager.java:doStart(339)) - No SessionScavenger set, using defaults
2025-09-19 20:43:09,295 [ForkJoinPool-1-worker-1] INFO  server.session (HouseKeeper.java:startScavenging(132)) - node0 Scavenging every 600000ms
2025-09-19 20:43:09,296 [ForkJoinPool-1-worker-1] INFO  handler.ContextHandler (ContextHandler.java:doStart(921)) - Started o.e.j.s.ServletContextHandler@58cd8bd6{logs,/logs,file:///home/runner/work/ozone/ozone/hadoop-ozone/integration-test/target/log,AVAILABLE}
2025-09-19 20:43:09,296 [ForkJoinPool-1-worker-1] INFO  handler.ContextHandler (ContextHandler.java:doStart(921)) - Started o.e.j.s.ServletContextHandler@74d40365{static,/static,jar:file:/home/runner/work/ozone/ozone/hadoop-hdds/container-service/target/hdds-container-service-2.1.0-SNAPSHOT.jar!/webapps/static,AVAILABLE}
2025-09-19 20:43:09,313 [6b19ddea-00d3-43a8-b068-4376c2353d98-EndpointStateMachineTaskThread-/0.0.0.0:15002-0 ] INFO  utils.DatanodeStoreCache (DatanodeStoreCache.java:addDB(70)) - Added db /home/runner/work/ozone/ozone/hadoop-ozone/integration-test/target/test-dir/MiniOzoneClusterImpl-990002c2-bb69-4aa2-bd68-28a5e13e86ef/ozone-metadata/datanode-7/data-0/hdds/990002c2-bb69-4aa2-bd68-28a5e13e86ef/DS-7ca139a3-566d-4995-b9a1-d589e874febb/container.db to cache
2025-09-19 20:43:09,313 [6b19ddea-00d3-43a8-b068-4376c2353d98-EndpointStateMachineTaskThread-/0.0.0.0:15002-0 ] INFO  volume.HddsVolume (HddsVolume.java:createDbStore(576)) - SchemaV3 db is created and loaded at /home/runner/work/ozone/ozone/hadoop-ozone/integration-test/target/test-dir/MiniOzoneClusterImpl-990002c2-bb69-4aa2-bd68-28a5e13e86ef/ozone-metadata/datanode-7/data-0/hdds/990002c2-bb69-4aa2-bd68-28a5e13e86ef/DS-7ca139a3-566d-4995-b9a1-d589e874febb/container.db for volume DS-7ca139a3-566d-4995-b9a1-d589e874febb
2025-09-19 20:43:09,315 [6b19ddea-00d3-43a8-b068-4376c2353d98-ContainerReader-0] INFO  ozoneimpl.ContainerReader (ContainerReader.java:readVolume(147)) - Start to verify containers on volume /home/runner/work/ozone/ozone/hadoop-ozone/integration-test/target/test-dir/MiniOzoneClusterImpl-990002c2-bb69-4aa2-bd68-28a5e13e86ef/ozone-metadata/datanode-7/data-0/hdds
2025-09-19 20:43:09,315 [6b19ddea-00d3-43a8-b068-4376c2353d98-ContainerReader-0] INFO  ozoneimpl.ContainerReader (ContainerReader.java:readVolume(177)) - Finish verifying containers on volume /home/runner/work/ozone/ozone/hadoop-ozone/integration-test/target/test-dir/MiniOzoneClusterImpl-990002c2-bb69-4aa2-bd68-28a5e13e86ef/ozone-metadata/datanode-7/data-0/hdds
2025-09-19 20:43:09,315 [6b19ddea-00d3-43a8-b068-4376c2353d98-EndpointStateMachineTaskThread-/0.0.0.0:15002-0 ] INFO  ozoneimpl.OzoneContainer (OzoneContainer.java:buildContainerSet(370)) - Build ContainerSet costs 0s
2025-09-19 20:43:09,316 [6b19ddea-00d3-43a8-b068-4376c2353d98-EndpointStateMachineTaskThread-/0.0.0.0:15002-0 ] INFO  volume.ThrottledAsyncChecker (ThrottledAsyncChecker.java:schedule(138)) - Scheduling a check for /home/runner/work/ozone/ozone/hadoop-ozone/integration-test/target/test-dir/MiniOzoneClusterImpl-990002c2-bb69-4aa2-bd68-28a5e13e86ef/ozone-metadata/datanode-7/data-0/hdds
2025-09-19 20:43:09,317 [6b19ddea-00d3-43a8-b068-4376c2353d98-EndpointStateMachineTaskThread-/0.0.0.0:15002-0 ] INFO  volume.StorageVolumeChecker (StorageVolumeChecker.java:checkAllVolumes(231)) - Scheduled health check for volume /home/runner/work/ozone/ozone/hadoop-ozone/integration-test/target/test-dir/MiniOzoneClusterImpl-990002c2-bb69-4aa2-bd68-28a5e13e86ef/ozone-metadata/datanode-7/data-0/hdds
2025-09-19 20:43:09,320 [6b19ddea-00d3-43a8-b068-4376c2353d98-EndpointStateMachineTaskThread-/0.0.0.0:15002-0 ] INFO  volume.ThrottledAsyncChecker (ThrottledAsyncChecker.java:schedule(138)) - Scheduling a check for /home/runner/work/ozone/ozone/hadoop-ozone/integration-test/target/test-dir/MiniOzoneClusterImpl-990002c2-bb69-4aa2-bd68-28a5e13e86ef/ozone-metadata/datanode-7/ratis
2025-09-19 20:43:09,320 [6b19ddea-00d3-43a8-b068-4376c2353d98-EndpointStateMachineTaskThread-/0.0.0.0:15002-0 ] INFO  volume.StorageVolumeChecker (StorageVolumeChecker.java:checkAllVolumes(231)) - Scheduled health check for volume /home/runner/work/ozone/ozone/hadoop-ozone/integration-test/target/test-dir/MiniOzoneClusterImpl-990002c2-bb69-4aa2-bd68-28a5e13e86ef/ozone-metadata/datanode-7/ratis
2025-09-19 20:43:09,321 [6b19ddea-00d3-43a8-b068-4376c2353d98-EndpointStateMachineTaskThread-/0.0.0.0:15002-0 ] INFO  ozoneimpl.OzoneContainer (OzoneContainer.java:start(525)) - Attempting to start container services.
2025-09-19 20:43:09,322 [ContainerMetadataScanner] INFO  ozoneimpl.AbstractBackgroundContainerScanner (AbstractBackgroundContainerScanner.java:runIteration(89)) - Completed an iteration in 0 minutes. Number of iterations (since the data-node restart) : 1, Number of containers scanned in this iteration : 0, Number of unhealthy containers found in this iteration : 0
2025-09-19 20:43:09,323 [ContainerDataScanner(/home/runner/work/ozone/ozone/hadoop-ozone/integration-test/target/test-dir/MiniOzoneClusterImpl-990002c2-bb69-4aa2-bd68-28a5e13e86ef/ozone-metadata/datanode-7/data-0/hdds)] INFO  ozoneimpl.AbstractBackgroundContainerScanner (AbstractBackgroundContainerScanner.java:runIteration(89)) - Completed an iteration in 0 minutes. Number of iterations (since the data-node restart) : 1, Number of containers scanned in this iteration : 0, Number of unhealthy containers found in this iteration : 0
2025-09-19 20:43:09,323 [6b19ddea-00d3-43a8-b068-4376c2353d98-EndpointStateMachineTaskThread-/0.0.0.0:15002-0 ] INFO  replication.ReplicationServer (ReplicationServer.java:start(137)) - ReplicationServer is started using port 15065
2025-09-19 20:43:09,323 [6b19ddea-00d3-43a8-b068-4376c2353d98-EndpointStateMachineTaskThread-/0.0.0.0:15002-0 ] INFO  ratis.XceiverServerRatis (XceiverServerRatis.java:start(560)) - Starting XceiverServerRatis(6b19ddea-00d3-43a8-b068-4376c2353d98)
2025-09-19 20:43:09,324 [6b19ddea-00d3-43a8-b068-4376c2353d98-EndpointStateMachineTaskThread-/0.0.0.0:15002-0 ] INFO  server.RaftServer (RaftServerProxy.java:startImpl(412)) - 6b19ddea-00d3-43a8-b068-4376c2353d98: start RPC server
2025-09-19 20:43:09,325 [6b19ddea-00d3-43a8-b068-4376c2353d98-EndpointStateMachineTaskThread-/0.0.0.0:15002-0 ] INFO  server.GrpcServicesImpl (GrpcServicesImpl.java:startImpl(346)) - 6b19ddea-00d3-43a8-b068-4376c2353d98: GrpcServicesImpl started, listening on 15061
2025-09-19 20:43:09,325 [6b19ddea-00d3-43a8-b068-4376c2353d98-EndpointStateMachineTaskThread-/0.0.0.0:15002-0 ] INFO  server.GrpcServicesImpl (GrpcServicesImpl.java:startImpl(346)) - 6b19ddea-00d3-43a8-b068-4376c2353d98: GrpcServicesImpl started, listening on 15063
2025-09-19 20:43:09,326 [6b19ddea-00d3-43a8-b068-4376c2353d98-EndpointStateMachineTaskThread-/0.0.0.0:15002-0 ] INFO  server.GrpcServicesImpl (GrpcServicesImpl.java:startImpl(346)) - 6b19ddea-00d3-43a8-b068-4376c2353d98: GrpcServicesImpl started, listening on 15062
2025-09-19 20:43:09,326 [6b19ddea-00d3-43a8-b068-4376c2353d98-EndpointStateMachineTaskThread-/0.0.0.0:15002-0 ] INFO  ratis.XceiverServerRatis (XceiverServerRatis.java:getRealPort(587)) - XceiverServerRatis(6b19ddea-00d3-43a8-b068-4376c2353d98) is started using port RATIS=15061
2025-09-19 20:43:09,326 [6b19ddea-00d3-43a8-b068-4376c2353d98-EndpointStateMachineTaskThread-/0.0.0.0:15002-0 ] INFO  ratis.XceiverServerRatis (XceiverServerRatis.java:getRealPort(587)) - XceiverServerRatis(6b19ddea-00d3-43a8-b068-4376c2353d98) is started using port RATIS_ADMIN=15062
2025-09-19 20:43:09,326 [6b19ddea-00d3-43a8-b068-4376c2353d98-EndpointStateMachineTaskThread-/0.0.0.0:15002-0 ] INFO  ratis.XceiverServerRatis (XceiverServerRatis.java:getRealPort(587)) - XceiverServerRatis(6b19ddea-00d3-43a8-b068-4376c2353d98) is started using port RATIS_SERVER=15063
2025-09-19 20:43:09,326 [6b19ddea-00d3-43a8-b068-4376c2353d98-EndpointStateMachineTaskThread-/0.0.0.0:15002-0 ] INFO  ratis.XceiverServerRatis (XceiverServerRatis.java:getRealPort(587)) - XceiverServerRatis(6b19ddea-00d3-43a8-b068-4376c2353d98) is started using port RATIS_DATASTREAM=15064
2025-09-19 20:43:09,326 [JvmPauseMonitor9] INFO  util.JvmPauseMonitor (JvmPauseMonitor.java:run(146)) - JvmPauseMonitor-6b19ddea-00d3-43a8-b068-4376c2353d98: Started
2025-09-19 20:43:09,327 [6b19ddea-00d3-43a8-b068-4376c2353d98-EndpointStateMachineTaskThread-/0.0.0.0:15002-0 ] INFO  utils.BackgroundService (BackgroundService.java:start(119)) - Starting service BlockDeletingService with interval 60000 milliseconds
2025-09-19 20:43:09,327 [6b19ddea-00d3-43a8-b068-4376c2353d98-EndpointStateMachineTaskThread-/0.0.0.0:15002-0 ] INFO  utils.BackgroundService (BackgroundService.java:start(119)) - Starting service StaleRecoveringContainerScrubbingService with interval 60000 milliseconds
2025-09-19 20:43:09,456 [ForkJoinPool-1-worker-1] INFO  handler.ContextHandler (ContextHandler.java:doStart(921)) - Started o.e.j.w.WebAppContext@e9c047f{hddsDatanode,/,file:///home/runner/work/ozone/ozone/hadoop-ozone/integration-test/target/test-dir/MiniOzoneClusterImpl-990002c2-bb69-4aa2-bd68-28a5e13e86ef/scm/ozone-metadata/webserver/jetty-0_0_0_0-15082-hdds-container-service-2_1_0-SNAPSHOT_jar-_-any-807556279315230058/webapp/,AVAILABLE}{jar:file:/home/runner/work/ozone/ozone/hadoop-hdds/container-service/target/hdds-container-service-2.1.0-SNAPSHOT.jar!/webapps/hddsDatanode}
2025-09-19 20:43:09,457 [ForkJoinPool-1-worker-1] INFO  server.AbstractConnector (AbstractConnector.java:doStart(333)) - Started ServerConnector@1ef438ba{HTTP/1.1, (http/1.1)}{0.0.0.0:15082}
2025-09-19 20:43:09,457 [ForkJoinPool-1-worker-1] INFO  server.Server (Server.java:doStart(415)) - Started @13676ms
2025-09-19 20:43:09,458 [ForkJoinPool-1-worker-1] WARN  impl.MetricsSystemImpl (MetricsSystemImpl.java:register(279)) - Sink prometheus already exists!
2025-09-19 20:43:09,458 [ForkJoinPool-1-worker-1] INFO  http.BaseHttpServer (BaseHttpServer.java:updateConnectorAddress(357)) - HTTP server of hddsDatanode listening at http://localhost:15082
2025-09-19 20:43:09,458 [ForkJoinPool-1-worker-1] INFO  ipc.CallQueueManager (CallQueueManager.java:<init>(93)) - Using callQueue: class java.util.concurrent.LinkedBlockingQueue, queueCapacity: 1000, scheduler: class org.apache.hadoop.ipc.DefaultRpcScheduler, ipcBackoff: false, ipcFailOver: false.
2025-09-19 20:43:09,459 [ForkJoinPool-1-worker-1] INFO  ipc.Server (Server.java:<init>(1438)) - Listener at 0.0.0.0:15083
2025-09-19 20:43:09,459 [Socket Reader #1 for port 15083] INFO  ipc.Server (Server.java:run(1474)) - Starting Socket Reader #1 for port 15083
2025-09-19 20:43:09,459 [Socket Reader #2 for port 15083] INFO  ipc.Server (Server.java:run(1474)) - Starting Socket Reader #2 for port 15083
2025-09-19 20:43:09,459 [Socket Reader #3 for port 15083] INFO  ipc.Server (Server.java:run(1474)) - Starting Socket Reader #3 for port 15083
2025-09-19 20:43:09,460 [Socket Reader #4 for port 15083] INFO  ipc.Server (Server.java:run(1474)) - Starting Socket Reader #4 for port 15083
2025-09-19 20:43:09,460 [Socket Reader #5 for port 15083] INFO  ipc.Server (Server.java:run(1474)) - Starting Socket Reader #5 for port 15083
2025-09-19 20:43:09,460 [Socket Reader #6 for port 15083] INFO  ipc.Server (Server.java:run(1474)) - Starting Socket Reader #6 for port 15083
2025-09-19 20:43:09,460 [Socket Reader #7 for port 15083] INFO  ipc.Server (Server.java:run(1474)) - Starting Socket Reader #7 for port 15083
2025-09-19 20:43:09,461 [Socket Reader #8 for port 15083] INFO  ipc.Server (Server.java:run(1474)) - Starting Socket Reader #8 for port 15083
2025-09-19 20:43:09,461 [Socket Reader #9 for port 15083] INFO  ipc.Server (Server.java:run(1474)) - Starting Socket Reader #9 for port 15083
2025-09-19 20:43:09,462 [Socket Reader #10 for port 15083] INFO  ipc.Server (Server.java:run(1474)) - Starting Socket Reader #10 for port 15083
2025-09-19 20:43:09,464 [ForkJoinPool-1-worker-1] INFO  ozone.HddsDatanodeService (HddsDatanodeService.java:start(333)) - Datanode start with admins: [admin, runner]
2025-09-19 20:43:09,464 [ForkJoinPool-1-worker-1] INFO  ozone.HddsDatanodeClientProtocolServer (HddsDatanodeClientProtocolServer.java:start(76)) - RPC server for Client /0.0.0.0:15083
2025-09-19 20:43:09,465 [IPC Server Responder] INFO  ipc.Server (Server.java:run(1713)) - IPC Server Responder: starting
2025-09-19 20:43:09,465 [IPC Server listener on 15083] INFO  ipc.Server (Server.java:run(1553)) - IPC Server listener on 15083: starting
2025-09-19 20:43:09,468 [43523384-1488-4733-9c5e-86b5f6f4eeb8-DatanodeStateMachineDaemonThread] INFO  statemachine.DatanodeStateMachine (DatanodeStateMachine.java:startStateMachineThread(363)) - Ozone container server started.
2025-09-19 20:43:09,472 [ForkJoinPool-1-worker-1] INFO  ozone.MiniOzoneClusterImpl (MiniOzoneClusterImpl.java:lambda$waitForClusterToBeReady$0(181)) - Waiting for nodes to be ready. Got 5 of 10 DN Heartbeats.
2025-09-19 20:43:09,472 [ForkJoinPool-1-worker-1] INFO  ozone.MiniOzoneClusterImpl (MiniOzoneClusterImpl.java:lambda$waitForClusterToBeReady$0(184)) - Waiting for cluster to exit safe mode
2025-09-19 20:43:09,472 [ForkJoinPool-1-worker-1] INFO  ozone.MiniOzoneClusterImpl (MiniOzoneClusterImpl.java:lambda$waitForClusterToBeReady$0(186)) - SCM became leader
2025-09-19 20:43:09,472 [43523384-1488-4733-9c5e-86b5f6f4eeb8-DatanodeStateMachineTaskThread-0] INFO  datanode.InitDatanodeState (InitDatanodeState.java:persistContainerDatanodeDetails(139)) - DatanodeDetails is persisted to /home/runner/work/ozone/ozone/hadoop-ozone/integration-test/target/test-dir/MiniOzoneClusterImpl-990002c2-bb69-4aa2-bd68-28a5e13e86ef/ozone-metadata/datanode-10/ozone-metadata/datanode.id
2025-09-19 20:43:09,493 [IPC Server handler 5 on default port 15002] INFO  net.NetworkTopologyImpl (NetworkTopologyImpl.java:add(133)) - Added a new node: /rack1/c834ff67-8e28-4894-9cd1-7316b4e587ce
2025-09-19 20:43:09,494 [IPC Server handler 5 on default port 15002] INFO  node.SCMNodeManager (SCMNodeManager.java:register(423)) - Registered datanode: c834ff67-8e28-4894-9cd1-7316b4e587ce{ip: 127.0.0.1, host: localhost, ports: [HTTP=15050, CLIENT_RPC=15051, REPLICATION=15057, RATIS=15053, RATIS_ADMIN=15054, RATIS_SERVER=15055, RATIS_DATASTREAM=15056, STANDALONE=15052], networkLocation: /rack1, certSerialId: null, persistedOpState: null, persistedOpStateExpiryEpochSec: 0}
2025-09-19 20:43:09,494 [EventQueue-NodeRegistrationContainerReportForDataNodeSafeModeRule] INFO  safemode.SCMSafeModeManager (SCMSafeModeManager.java:validateSafeModeExitRules(138)) - DataNodeSafeModeRule rule is successfully validated
2025-09-19 20:43:09,494 [EventQueue-ContainerRegistrationReportForRatisContainerSafeModeRule] INFO  safemode.SCMSafeModeManager (SCMSafeModeManager.java:validateSafeModeExitRules(138)) - RatisContainerSafeModeRule rule is successfully validated
2025-09-19 20:43:09,494 [EventQueue-NewNodeForNewNodeHandler] INFO  pipeline.BackgroundPipelineCreator (BackgroundPipelineCreator.java:notifyEventTriggered(290)) - trigger a one-shot run on RatisPipelineUtilsThread.
2025-09-19 20:43:09,495 [EventQueue-PipelineReportForOneReplicaPipelineSafeModeRule] INFO  safemode.SCMSafeModeManager (SCMSafeModeManager.java:validateSafeModeExitRules(138)) - AtleastOneDatanodeReportedRule rule is successfully validated
2025-09-19 20:43:09,495 [EventQueue-ContainerRegistrationReportForECContainerSafeModeRule] INFO  safemode.SCMSafeModeManager (SCMSafeModeManager.java:validateSafeModeExitRules(138)) - ECContainerSafeModeRule rule is successfully validated
2025-09-19 20:43:09,495 [RatisPipelineUtilsThread-0] INFO  pipeline.RatisPipelineProvider (RatisPipelineProvider.java:lambda$create$0(208)) - Sending CreatePipelineCommand for pipeline:Pipeline-87c89366-c6e2-4444-8d70-4fbd2c90d8b3 to datanode:c834ff67-8e28-4894-9cd1-7316b4e587ce(localhost/127.0.0.1)
2025-09-19 20:43:09,501 [7c85452d-535d-4afd-8ce9-637c7af67bb0@group-28A5E13E86EF-StateMachineUpdater] INFO  safemode.SCMSafeModeManager (SCMSafeModeManager.java:validateSafeModeExitRules(138)) - DataNodeSafeModeRule rule is successfully validated
2025-09-19 20:43:09,501 [7c85452d-535d-4afd-8ce9-637c7af67bb0@group-28A5E13E86EF-StateMachineUpdater] INFO  safemode.SCMSafeModeManager (SCMSafeModeManager.java:validateSafeModeExitRules(138)) - RatisContainerSafeModeRule rule is successfully validated
2025-09-19 20:43:09,501 [7c85452d-535d-4afd-8ce9-637c7af67bb0@group-28A5E13E86EF-StateMachineUpdater] INFO  safemode.HealthyPipelineSafeModeRule (HealthyPipelineSafeModeRule.java:initializeRule(228)) - Refreshed total pipeline count is 0, healthy pipeline threshold count is 1
2025-09-19 20:43:09,501 [7c85452d-535d-4afd-8ce9-637c7af67bb0@group-28A5E13E86EF-StateMachineUpdater] INFO  safemode.SCMSafeModeManager (SCMSafeModeManager.java:validateSafeModeExitRules(138)) - ECContainerSafeModeRule rule is successfully validated
2025-09-19 20:43:09,501 [7c85452d-535d-4afd-8ce9-637c7af67bb0@group-28A5E13E86EF-StateMachineUpdater] INFO  safemode.SCMSafeModeManager (SCMSafeModeManager.java:validateSafeModeExitRules(138)) - AtleastOneDatanodeReportedRule rule is successfully validated
2025-09-19 20:43:09,502 [RatisPipelineUtilsThread-0] INFO  pipeline.BackgroundPipelineCreator (BackgroundPipelineCreator.java:createPipelines(246)) - Created new pipeline Pipeline{ Id: 87c89366-c6e2-4444-8d70-4fbd2c90d8b3, Nodes: [ {c834ff67-8e28-4894-9cd1-7316b4e587ce(localhost/127.0.0.1), ReplicaIndex: 0},], ReplicationConfig: RATIS/ONE, State:ALLOCATED, leaderId:, CreationTimestamp2025-09-19T20:43:09.495875855Z[Etc/UTC]}
2025-09-19 20:43:09,503 [RatisPipelineUtilsThread-0] INFO  pipeline.RatisPipelineProvider (RatisPipelineProvider.java:lambda$create$0(208)) - Sending CreatePipelineCommand for pipeline:Pipeline-9000e871-2414-43c0-9d82-9e25d04c2adc to datanode:417c597c-13cf-4e34-be96-1680b82aa276(localhost/127.0.0.1)
2025-09-19 20:43:09,503 [RatisPipelineUtilsThread-0] INFO  pipeline.RatisPipelineProvider (RatisPipelineProvider.java:lambda$create$0(208)) - Sending CreatePipelineCommand for pipeline:Pipeline-9000e871-2414-43c0-9d82-9e25d04c2adc to datanode:c834ff67-8e28-4894-9cd1-7316b4e587ce(localhost/127.0.0.1)
2025-09-19 20:43:09,503 [RatisPipelineUtilsThread-0] INFO  pipeline.RatisPipelineProvider (RatisPipelineProvider.java:lambda$create$0(208)) - Sending CreatePipelineCommand for pipeline:Pipeline-9000e871-2414-43c0-9d82-9e25d04c2adc to datanode:e7feb3b4-5cd1-4322-b271-eb1c248a4412(localhost/127.0.0.1)
2025-09-19 20:43:09,506 [7c85452d-535d-4afd-8ce9-637c7af67bb0@group-28A5E13E86EF-StateMachineUpdater] INFO  safemode.SCMSafeModeManager (SCMSafeModeManager.java:validateSafeModeExitRules(138)) - DataNodeSafeModeRule rule is successfully validated
2025-09-19 20:43:09,506 [7c85452d-535d-4afd-8ce9-637c7af67bb0@group-28A5E13E86EF-StateMachineUpdater] INFO  safemode.SCMSafeModeManager (SCMSafeModeManager.java:validateSafeModeExitRules(138)) - RatisContainerSafeModeRule rule is successfully validated
2025-09-19 20:43:09,506 [7c85452d-535d-4afd-8ce9-637c7af67bb0@group-28A5E13E86EF-StateMachineUpdater] INFO  safemode.HealthyPipelineSafeModeRule (HealthyPipelineSafeModeRule.java:initializeRule(228)) - Refreshed total pipeline count is 0, healthy pipeline threshold count is 1
2025-09-19 20:43:09,506 [7c85452d-535d-4afd-8ce9-637c7af67bb0@group-28A5E13E86EF-StateMachineUpdater] INFO  safemode.SCMSafeModeManager (SCMSafeModeManager.java:validateSafeModeExitRules(138)) - ECContainerSafeModeRule rule is successfully validated
2025-09-19 20:43:09,506 [7c85452d-535d-4afd-8ce9-637c7af67bb0@group-28A5E13E86EF-StateMachineUpdater] INFO  safemode.SCMSafeModeManager (SCMSafeModeManager.java:validateSafeModeExitRules(138)) - AtleastOneDatanodeReportedRule rule is successfully validated
2025-09-19 20:43:09,506 [RatisPipelineUtilsThread-0] INFO  pipeline.BackgroundPipelineCreator (BackgroundPipelineCreator.java:createPipelines(246)) - Created new pipeline Pipeline{ Id: 9000e871-2414-43c0-9d82-9e25d04c2adc, Nodes: [ {417c597c-13cf-4e34-be96-1680b82aa276(localhost/127.0.0.1), ReplicaIndex: 0}, {c834ff67-8e28-4894-9cd1-7316b4e587ce(localhost/127.0.0.1), ReplicaIndex: 0}, {e7feb3b4-5cd1-4322-b271-eb1c248a4412(localhost/127.0.0.1), ReplicaIndex: 0},], ReplicationConfig: RATIS/THREE, State:ALLOCATED, leaderId:, CreationTimestamp2025-09-19T20:43:09.503304255Z[Etc/UTC]}
2025-09-19 20:43:09,508 [RatisPipelineUtilsThread-0] INFO  pipeline.RatisPipelineProvider (RatisPipelineProvider.java:lambda$create$0(208)) - Sending CreatePipelineCommand for pipeline:Pipeline-c94d1c9f-8cc3-4489-8058-9ca395f3c3e7 to datanode:417c597c-13cf-4e34-be96-1680b82aa276(localhost/127.0.0.1)
2025-09-19 20:43:09,508 [RatisPipelineUtilsThread-0] INFO  pipeline.RatisPipelineProvider (RatisPipelineProvider.java:lambda$create$0(208)) - Sending CreatePipelineCommand for pipeline:Pipeline-c94d1c9f-8cc3-4489-8058-9ca395f3c3e7 to datanode:c834ff67-8e28-4894-9cd1-7316b4e587ce(localhost/127.0.0.1)
2025-09-19 20:43:09,508 [RatisPipelineUtilsThread-0] INFO  pipeline.RatisPipelineProvider (RatisPipelineProvider.java:lambda$create$0(208)) - Sending CreatePipelineCommand for pipeline:Pipeline-c94d1c9f-8cc3-4489-8058-9ca395f3c3e7 to datanode:e7feb3b4-5cd1-4322-b271-eb1c248a4412(localhost/127.0.0.1)
2025-09-19 20:43:09,511 [7c85452d-535d-4afd-8ce9-637c7af67bb0@group-28A5E13E86EF-StateMachineUpdater] INFO  safemode.SCMSafeModeManager (SCMSafeModeManager.java:validateSafeModeExitRules(138)) - DataNodeSafeModeRule rule is successfully validated
2025-09-19 20:43:09,511 [7c85452d-535d-4afd-8ce9-637c7af67bb0@group-28A5E13E86EF-StateMachineUpdater] INFO  safemode.SCMSafeModeManager (SCMSafeModeManager.java:validateSafeModeExitRules(138)) - RatisContainerSafeModeRule rule is successfully validated
2025-09-19 20:43:09,511 [7c85452d-535d-4afd-8ce9-637c7af67bb0@group-28A5E13E86EF-StateMachineUpdater] INFO  safemode.HealthyPipelineSafeModeRule (HealthyPipelineSafeModeRule.java:initializeRule(228)) - Refreshed total pipeline count is 0, healthy pipeline threshold count is 1
2025-09-19 20:43:09,511 [7c85452d-535d-4afd-8ce9-637c7af67bb0@group-28A5E13E86EF-StateMachineUpdater] INFO  safemode.SCMSafeModeManager (SCMSafeModeManager.java:validateSafeModeExitRules(138)) - ECContainerSafeModeRule rule is successfully validated
2025-09-19 20:43:09,511 [7c85452d-535d-4afd-8ce9-637c7af67bb0@group-28A5E13E86EF-StateMachineUpdater] INFO  safemode.SCMSafeModeManager (SCMSafeModeManager.java:validateSafeModeExitRules(138)) - AtleastOneDatanodeReportedRule rule is successfully validated
2025-09-19 20:43:09,511 [RatisPipelineUtilsThread-0] INFO  pipeline.PipelineManagerImpl (PipelineManagerImpl.java:recordMetricsForPipeline(922)) - Pipeline-c94d1c9f-8cc3-4489-8058-9ca395f3c3e7 and Pipeline-9000e871-2414-43c0-9d82-9e25d04c2adc have exactly the same set of datanodes: [417c597c-13cf-4e34-be96-1680b82aa276(localhost/127.0.0.1), c834ff67-8e28-4894-9cd1-7316b4e587ce(localhost/127.0.0.1), e7feb3b4-5cd1-4322-b271-eb1c248a4412(localhost/127.0.0.1)]
2025-09-19 20:43:09,512 [RatisPipelineUtilsThread-0] INFO  pipeline.BackgroundPipelineCreator (BackgroundPipelineCreator.java:createPipelines(246)) - Created new pipeline Pipeline{ Id: c94d1c9f-8cc3-4489-8058-9ca395f3c3e7, Nodes: [ {417c597c-13cf-4e34-be96-1680b82aa276(localhost/127.0.0.1), ReplicaIndex: 0}, {c834ff67-8e28-4894-9cd1-7316b4e587ce(localhost/127.0.0.1), ReplicaIndex: 0}, {e7feb3b4-5cd1-4322-b271-eb1c248a4412(localhost/127.0.0.1), ReplicaIndex: 0},], ReplicationConfig: RATIS/THREE, State:ALLOCATED, leaderId:, CreationTimestamp2025-09-19T20:43:09.508188520Z[Etc/UTC]}
2025-09-19 20:43:09,541 [76f4805b-b51d-4900-95ce-acf873710621-EndpointStateMachineTaskThread-/0.0.0.0:15002-0 ] INFO  utils.DatanodeStoreCache (DatanodeStoreCache.java:addDB(70)) - Added db /home/runner/work/ozone/ozone/hadoop-ozone/integration-test/target/test-dir/MiniOzoneClusterImpl-990002c2-bb69-4aa2-bd68-28a5e13e86ef/ozone-metadata/datanode-8/data-0/hdds/990002c2-bb69-4aa2-bd68-28a5e13e86ef/DS-84e4acea-b2ce-4814-9959-95aa0a15992b/container.db to cache
2025-09-19 20:43:09,541 [76f4805b-b51d-4900-95ce-acf873710621-EndpointStateMachineTaskThread-/0.0.0.0:15002-0 ] INFO  volume.HddsVolume (HddsVolume.java:createDbStore(576)) - SchemaV3 db is created and loaded at /home/runner/work/ozone/ozone/hadoop-ozone/integration-test/target/test-dir/MiniOzoneClusterImpl-990002c2-bb69-4aa2-bd68-28a5e13e86ef/ozone-metadata/datanode-8/data-0/hdds/990002c2-bb69-4aa2-bd68-28a5e13e86ef/DS-84e4acea-b2ce-4814-9959-95aa0a15992b/container.db for volume DS-84e4acea-b2ce-4814-9959-95aa0a15992b
2025-09-19 20:43:09,543 [76f4805b-b51d-4900-95ce-acf873710621-ContainerReader-0] INFO  ozoneimpl.ContainerReader (ContainerReader.java:readVolume(147)) - Start to verify containers on volume /home/runner/work/ozone/ozone/hadoop-ozone/integration-test/target/test-dir/MiniOzoneClusterImpl-990002c2-bb69-4aa2-bd68-28a5e13e86ef/ozone-metadata/datanode-8/data-0/hdds
2025-09-19 20:43:09,543 [76f4805b-b51d-4900-95ce-acf873710621-ContainerReader-0] INFO  ozoneimpl.ContainerReader (ContainerReader.java:readVolume(177)) - Finish verifying containers on volume /home/runner/work/ozone/ozone/hadoop-ozone/integration-test/target/test-dir/MiniOzoneClusterImpl-990002c2-bb69-4aa2-bd68-28a5e13e86ef/ozone-metadata/datanode-8/data-0/hdds
2025-09-19 20:43:09,544 [76f4805b-b51d-4900-95ce-acf873710621-EndpointStateMachineTaskThread-/0.0.0.0:15002-0 ] INFO  ozoneimpl.OzoneContainer (OzoneContainer.java:buildContainerSet(370)) - Build ContainerSet costs 0s
2025-09-19 20:43:09,544 [76f4805b-b51d-4900-95ce-acf873710621-EndpointStateMachineTaskThread-/0.0.0.0:15002-0 ] INFO  volume.ThrottledAsyncChecker (ThrottledAsyncChecker.java:schedule(138)) - Scheduling a check for /home/runner/work/ozone/ozone/hadoop-ozone/integration-test/target/test-dir/MiniOzoneClusterImpl-990002c2-bb69-4aa2-bd68-28a5e13e86ef/ozone-metadata/datanode-8/data-0/hdds
2025-09-19 20:43:09,544 [76f4805b-b51d-4900-95ce-acf873710621-EndpointStateMachineTaskThread-/0.0.0.0:15002-0 ] INFO  volume.StorageVolumeChecker (StorageVolumeChecker.java:checkAllVolumes(231)) - Scheduled health check for volume /home/runner/work/ozone/ozone/hadoop-ozone/integration-test/target/test-dir/MiniOzoneClusterImpl-990002c2-bb69-4aa2-bd68-28a5e13e86ef/ozone-metadata/datanode-8/data-0/hdds
2025-09-19 20:43:09,548 [76f4805b-b51d-4900-95ce-acf873710621-EndpointStateMachineTaskThread-/0.0.0.0:15002-0 ] INFO  volume.ThrottledAsyncChecker (ThrottledAsyncChecker.java:schedule(138)) - Scheduling a check for /home/runner/work/ozone/ozone/hadoop-ozone/integration-test/target/test-dir/MiniOzoneClusterImpl-990002c2-bb69-4aa2-bd68-28a5e13e86ef/ozone-metadata/datanode-8/ratis
2025-09-19 20:43:09,548 [76f4805b-b51d-4900-95ce-acf873710621-EndpointStateMachineTaskThread-/0.0.0.0:15002-0 ] INFO  volume.StorageVolumeChecker (StorageVolumeChecker.java:checkAllVolumes(231)) - Scheduled health check for volume /home/runner/work/ozone/ozone/hadoop-ozone/integration-test/target/test-dir/MiniOzoneClusterImpl-990002c2-bb69-4aa2-bd68-28a5e13e86ef/ozone-metadata/datanode-8/ratis
2025-09-19 20:43:09,549 [76f4805b-b51d-4900-95ce-acf873710621-EndpointStateMachineTaskThread-/0.0.0.0:15002-0 ] INFO  ozoneimpl.OzoneContainer (OzoneContainer.java:start(525)) - Attempting to start container services.
2025-09-19 20:43:09,550 [ContainerMetadataScanner] INFO  ozoneimpl.AbstractBackgroundContainerScanner (AbstractBackgroundContainerScanner.java:runIteration(89)) - Completed an iteration in 0 minutes. Number of iterations (since the data-node restart) : 1, Number of containers scanned in this iteration : 0, Number of unhealthy containers found in this iteration : 0
2025-09-19 20:43:09,550 [ContainerDataScanner(/home/runner/work/ozone/ozone/hadoop-ozone/integration-test/target/test-dir/MiniOzoneClusterImpl-990002c2-bb69-4aa2-bd68-28a5e13e86ef/ozone-metadata/datanode-8/data-0/hdds)] INFO  ozoneimpl.AbstractBackgroundContainerScanner (AbstractBackgroundContainerScanner.java:runIteration(89)) - Completed an iteration in 0 minutes. Number of iterations (since the data-node restart) : 1, Number of containers scanned in this iteration : 0, Number of unhealthy containers found in this iteration : 0
2025-09-19 20:43:09,551 [76f4805b-b51d-4900-95ce-acf873710621-EndpointStateMachineTaskThread-/0.0.0.0:15002-0 ] INFO  replication.ReplicationServer (ReplicationServer.java:start(137)) - ReplicationServer is started using port 15073
2025-09-19 20:43:09,551 [76f4805b-b51d-4900-95ce-acf873710621-EndpointStateMachineTaskThread-/0.0.0.0:15002-0 ] INFO  ratis.XceiverServerRatis (XceiverServerRatis.java:start(560)) - Starting XceiverServerRatis(76f4805b-b51d-4900-95ce-acf873710621)
2025-09-19 20:43:09,552 [76f4805b-b51d-4900-95ce-acf873710621-EndpointStateMachineTaskThread-/0.0.0.0:15002-0 ] INFO  server.RaftServer (RaftServerProxy.java:startImpl(412)) - 76f4805b-b51d-4900-95ce-acf873710621: start RPC server
2025-09-19 20:43:09,552 [76f4805b-b51d-4900-95ce-acf873710621-EndpointStateMachineTaskThread-/0.0.0.0:15002-0 ] INFO  server.GrpcServicesImpl (GrpcServicesImpl.java:startImpl(346)) - 76f4805b-b51d-4900-95ce-acf873710621: GrpcServicesImpl started, listening on 15069
2025-09-19 20:43:09,553 [76f4805b-b51d-4900-95ce-acf873710621-EndpointStateMachineTaskThread-/0.0.0.0:15002-0 ] INFO  server.GrpcServicesImpl (GrpcServicesImpl.java:startImpl(346)) - 76f4805b-b51d-4900-95ce-acf873710621: GrpcServicesImpl started, listening on 15071
2025-09-19 20:43:09,553 [76f4805b-b51d-4900-95ce-acf873710621-EndpointStateMachineTaskThread-/0.0.0.0:15002-0 ] INFO  server.GrpcServicesImpl (GrpcServicesImpl.java:startImpl(346)) - 76f4805b-b51d-4900-95ce-acf873710621: GrpcServicesImpl started, listening on 15070
2025-09-19 20:43:09,553 [JvmPauseMonitor10] INFO  util.JvmPauseMonitor (JvmPauseMonitor.java:run(146)) - JvmPauseMonitor-76f4805b-b51d-4900-95ce-acf873710621: Started
2025-09-19 20:43:09,553 [76f4805b-b51d-4900-95ce-acf873710621-EndpointStateMachineTaskThread-/0.0.0.0:15002-0 ] INFO  ratis.XceiverServerRatis (XceiverServerRatis.java:getRealPort(587)) - XceiverServerRatis(76f4805b-b51d-4900-95ce-acf873710621) is started using port RATIS=15069
2025-09-19 20:43:09,554 [76f4805b-b51d-4900-95ce-acf873710621-EndpointStateMachineTaskThread-/0.0.0.0:15002-0 ] INFO  ratis.XceiverServerRatis (XceiverServerRatis.java:getRealPort(587)) - XceiverServerRatis(76f4805b-b51d-4900-95ce-acf873710621) is started using port RATIS_ADMIN=15070
2025-09-19 20:43:09,554 [76f4805b-b51d-4900-95ce-acf873710621-EndpointStateMachineTaskThread-/0.0.0.0:15002-0 ] INFO  ratis.XceiverServerRatis (XceiverServerRatis.java:getRealPort(587)) - XceiverServerRatis(76f4805b-b51d-4900-95ce-acf873710621) is started using port RATIS_SERVER=15071
2025-09-19 20:43:09,554 [76f4805b-b51d-4900-95ce-acf873710621-EndpointStateMachineTaskThread-/0.0.0.0:15002-0 ] INFO  ratis.XceiverServerRatis (XceiverServerRatis.java:getRealPort(587)) - XceiverServerRatis(76f4805b-b51d-4900-95ce-acf873710621) is started using port RATIS_DATASTREAM=15072
2025-09-19 20:43:09,554 [76f4805b-b51d-4900-95ce-acf873710621-EndpointStateMachineTaskThread-/0.0.0.0:15002-0 ] INFO  utils.BackgroundService (BackgroundService.java:start(119)) - Starting service BlockDeletingService with interval 60000 milliseconds
2025-09-19 20:43:09,554 [76f4805b-b51d-4900-95ce-acf873710621-EndpointStateMachineTaskThread-/0.0.0.0:15002-0 ] INFO  utils.BackgroundService (BackgroundService.java:start(119)) - Starting service StaleRecoveringContainerScrubbingService with interval 60000 milliseconds
2025-09-19 20:43:09,765 [2e0fa00c-f693-49a3-a365-75c51b8c5b45-EndpointStateMachineTaskThread-/0.0.0.0:15002-0 ] INFO  utils.DatanodeStoreCache (DatanodeStoreCache.java:addDB(70)) - Added db /home/runner/work/ozone/ozone/hadoop-ozone/integration-test/target/test-dir/MiniOzoneClusterImpl-990002c2-bb69-4aa2-bd68-28a5e13e86ef/ozone-metadata/datanode-9/data-0/hdds/990002c2-bb69-4aa2-bd68-28a5e13e86ef/DS-36ad5d1b-b97e-4995-8da6-aae7ff692fd5/container.db to cache
2025-09-19 20:43:09,766 [2e0fa00c-f693-49a3-a365-75c51b8c5b45-EndpointStateMachineTaskThread-/0.0.0.0:15002-0 ] INFO  volume.HddsVolume (HddsVolume.java:createDbStore(576)) - SchemaV3 db is created and loaded at /home/runner/work/ozone/ozone/hadoop-ozone/integration-test/target/test-dir/MiniOzoneClusterImpl-990002c2-bb69-4aa2-bd68-28a5e13e86ef/ozone-metadata/datanode-9/data-0/hdds/990002c2-bb69-4aa2-bd68-28a5e13e86ef/DS-36ad5d1b-b97e-4995-8da6-aae7ff692fd5/container.db for volume DS-36ad5d1b-b97e-4995-8da6-aae7ff692fd5
2025-09-19 20:43:09,768 [2e0fa00c-f693-49a3-a365-75c51b8c5b45-ContainerReader-0] INFO  ozoneimpl.ContainerReader (ContainerReader.java:readVolume(147)) - Start to verify containers on volume /home/runner/work/ozone/ozone/hadoop-ozone/integration-test/target/test-dir/MiniOzoneClusterImpl-990002c2-bb69-4aa2-bd68-28a5e13e86ef/ozone-metadata/datanode-9/data-0/hdds
2025-09-19 20:43:09,769 [2e0fa00c-f693-49a3-a365-75c51b8c5b45-ContainerReader-0] INFO  ozoneimpl.ContainerReader (ContainerReader.java:readVolume(177)) - Finish verifying containers on volume /home/runner/work/ozone/ozone/hadoop-ozone/integration-test/target/test-dir/MiniOzoneClusterImpl-990002c2-bb69-4aa2-bd68-28a5e13e86ef/ozone-metadata/datanode-9/data-0/hdds
2025-09-19 20:43:09,769 [2e0fa00c-f693-49a3-a365-75c51b8c5b45-EndpointStateMachineTaskThread-/0.0.0.0:15002-0 ] INFO  ozoneimpl.OzoneContainer (OzoneContainer.java:buildContainerSet(370)) - Build ContainerSet costs 0s
2025-09-19 20:43:09,769 [2e0fa00c-f693-49a3-a365-75c51b8c5b45-EndpointStateMachineTaskThread-/0.0.0.0:15002-0 ] INFO  volume.ThrottledAsyncChecker (ThrottledAsyncChecker.java:schedule(138)) - Scheduling a check for /home/runner/work/ozone/ozone/hadoop-ozone/integration-test/target/test-dir/MiniOzoneClusterImpl-990002c2-bb69-4aa2-bd68-28a5e13e86ef/ozone-metadata/datanode-9/data-0/hdds
2025-09-19 20:43:09,769 [2e0fa00c-f693-49a3-a365-75c51b8c5b45-EndpointStateMachineTaskThread-/0.0.0.0:15002-0 ] INFO  volume.StorageVolumeChecker (StorageVolumeChecker.java:checkAllVolumes(231)) - Scheduled health check for volume /home/runner/work/ozone/ozone/hadoop-ozone/integration-test/target/test-dir/MiniOzoneClusterImpl-990002c2-bb69-4aa2-bd68-28a5e13e86ef/ozone-metadata/datanode-9/data-0/hdds
2025-09-19 20:43:09,773 [2e0fa00c-f693-49a3-a365-75c51b8c5b45-EndpointStateMachineTaskThread-/0.0.0.0:15002-0 ] INFO  volume.ThrottledAsyncChecker (ThrottledAsyncChecker.java:schedule(138)) - Scheduling a check for /home/runner/work/ozone/ozone/hadoop-ozone/integration-test/target/test-dir/MiniOzoneClusterImpl-990002c2-bb69-4aa2-bd68-28a5e13e86ef/ozone-metadata/datanode-9/ratis
2025-09-19 20:43:09,773 [2e0fa00c-f693-49a3-a365-75c51b8c5b45-EndpointStateMachineTaskThread-/0.0.0.0:15002-0 ] INFO  volume.StorageVolumeChecker (StorageVolumeChecker.java:checkAllVolumes(231)) - Scheduled health check for volume /home/runner/work/ozone/ozone/hadoop-ozone/integration-test/target/test-dir/MiniOzoneClusterImpl-990002c2-bb69-4aa2-bd68-28a5e13e86ef/ozone-metadata/datanode-9/ratis
2025-09-19 20:43:09,774 [2e0fa00c-f693-49a3-a365-75c51b8c5b45-EndpointStateMachineTaskThread-/0.0.0.0:15002-0 ] INFO  ozoneimpl.OzoneContainer (OzoneContainer.java:start(525)) - Attempting to start container services.
2025-09-19 20:43:09,774 [ContainerMetadataScanner] INFO  ozoneimpl.AbstractBackgroundContainerScanner (AbstractBackgroundContainerScanner.java:runIteration(89)) - Completed an iteration in 0 minutes. Number of iterations (since the data-node restart) : 1, Number of containers scanned in this iteration : 0, Number of unhealthy containers found in this iteration : 0
2025-09-19 20:43:09,775 [ContainerDataScanner(/home/runner/work/ozone/ozone/hadoop-ozone/integration-test/target/test-dir/MiniOzoneClusterImpl-990002c2-bb69-4aa2-bd68-28a5e13e86ef/ozone-metadata/datanode-9/data-0/hdds)] INFO  ozoneimpl.AbstractBackgroundContainerScanner (AbstractBackgroundContainerScanner.java:runIteration(89)) - Completed an iteration in 0 minutes. Number of iterations (since the data-node restart) : 1, Number of containers scanned in this iteration : 0, Number of unhealthy containers found in this iteration : 0
2025-09-19 20:43:09,775 [2e0fa00c-f693-49a3-a365-75c51b8c5b45-EndpointStateMachineTaskThread-/0.0.0.0:15002-0 ] INFO  replication.ReplicationServer (ReplicationServer.java:start(137)) - ReplicationServer is started using port 15081
2025-09-19 20:43:09,776 [2e0fa00c-f693-49a3-a365-75c51b8c5b45-EndpointStateMachineTaskThread-/0.0.0.0:15002-0 ] INFO  ratis.XceiverServerRatis (XceiverServerRatis.java:start(560)) - Starting XceiverServerRatis(2e0fa00c-f693-49a3-a365-75c51b8c5b45)
2025-09-19 20:43:09,777 [2e0fa00c-f693-49a3-a365-75c51b8c5b45-EndpointStateMachineTaskThread-/0.0.0.0:15002-0 ] INFO  server.RaftServer (RaftServerProxy.java:startImpl(412)) - 2e0fa00c-f693-49a3-a365-75c51b8c5b45: start RPC server
2025-09-19 20:43:09,777 [2e0fa00c-f693-49a3-a365-75c51b8c5b45-EndpointStateMachineTaskThread-/0.0.0.0:15002-0 ] INFO  server.GrpcServicesImpl (GrpcServicesImpl.java:startImpl(346)) - 2e0fa00c-f693-49a3-a365-75c51b8c5b45: GrpcServicesImpl started, listening on 15077
2025-09-19 20:43:09,777 [2e0fa00c-f693-49a3-a365-75c51b8c5b45-EndpointStateMachineTaskThread-/0.0.0.0:15002-0 ] INFO  server.GrpcServicesImpl (GrpcServicesImpl.java:startImpl(346)) - 2e0fa00c-f693-49a3-a365-75c51b8c5b45: GrpcServicesImpl started, listening on 15079
2025-09-19 20:43:09,778 [2e0fa00c-f693-49a3-a365-75c51b8c5b45-EndpointStateMachineTaskThread-/0.0.0.0:15002-0 ] INFO  server.GrpcServicesImpl (GrpcServicesImpl.java:startImpl(346)) - 2e0fa00c-f693-49a3-a365-75c51b8c5b45: GrpcServicesImpl started, listening on 15078
2025-09-19 20:43:09,778 [2e0fa00c-f693-49a3-a365-75c51b8c5b45-EndpointStateMachineTaskThread-/0.0.0.0:15002-0 ] INFO  ratis.XceiverServerRatis (XceiverServerRatis.java:getRealPort(587)) - XceiverServerRatis(2e0fa00c-f693-49a3-a365-75c51b8c5b45) is started using port RATIS=15077
2025-09-19 20:43:09,778 [JvmPauseMonitor11] INFO  util.JvmPauseMonitor (JvmPauseMonitor.java:run(146)) - JvmPauseMonitor-2e0fa00c-f693-49a3-a365-75c51b8c5b45: Started
2025-09-19 20:43:09,778 [2e0fa00c-f693-49a3-a365-75c51b8c5b45-EndpointStateMachineTaskThread-/0.0.0.0:15002-0 ] INFO  ratis.XceiverServerRatis (XceiverServerRatis.java:getRealPort(587)) - XceiverServerRatis(2e0fa00c-f693-49a3-a365-75c51b8c5b45) is started using port RATIS_ADMIN=15078
2025-09-19 20:43:09,778 [2e0fa00c-f693-49a3-a365-75c51b8c5b45-EndpointStateMachineTaskThread-/0.0.0.0:15002-0 ] INFO  ratis.XceiverServerRatis (XceiverServerRatis.java:getRealPort(587)) - XceiverServerRatis(2e0fa00c-f693-49a3-a365-75c51b8c5b45) is started using port RATIS_SERVER=15079
2025-09-19 20:43:09,778 [2e0fa00c-f693-49a3-a365-75c51b8c5b45-EndpointStateMachineTaskThread-/0.0.0.0:15002-0 ] INFO  ratis.XceiverServerRatis (XceiverServerRatis.java:getRealPort(587)) - XceiverServerRatis(2e0fa00c-f693-49a3-a365-75c51b8c5b45) is started using port RATIS_DATASTREAM=15080
2025-09-19 20:43:09,779 [2e0fa00c-f693-49a3-a365-75c51b8c5b45-EndpointStateMachineTaskThread-/0.0.0.0:15002-0 ] INFO  utils.BackgroundService (BackgroundService.java:start(119)) - Starting service BlockDeletingService with interval 60000 milliseconds
2025-09-19 20:43:09,779 [2e0fa00c-f693-49a3-a365-75c51b8c5b45-EndpointStateMachineTaskThread-/0.0.0.0:15002-0 ] INFO  utils.BackgroundService (BackgroundService.java:start(119)) - Starting service StaleRecoveringContainerScrubbingService with interval 60000 milliseconds
2025-09-19 20:43:09,782 [IPC Server handler 8 on default port 15002] INFO  net.NetworkTopologyImpl (NetworkTopologyImpl.java:add(133)) - Added a new node: /rack1/6b19ddea-00d3-43a8-b068-4376c2353d98
2025-09-19 20:43:09,782 [IPC Server handler 8 on default port 15002] INFO  node.SCMNodeManager (SCMNodeManager.java:register(423)) - Registered datanode: 6b19ddea-00d3-43a8-b068-4376c2353d98{ip: 127.0.0.1, host: localhost, ports: [HTTP=15058, CLIENT_RPC=15059, REPLICATION=15065, RATIS=15061, RATIS_ADMIN=15062, RATIS_SERVER=15063, RATIS_DATASTREAM=15064, STANDALONE=15060], networkLocation: /rack1, certSerialId: null, persistedOpState: null, persistedOpStateExpiryEpochSec: 0}
2025-09-19 20:43:09,782 [EventQueue-NodeRegistrationContainerReportForDataNodeSafeModeRule] INFO  safemode.SCMSafeModeManager (SCMSafeModeManager.java:validateSafeModeExitRules(138)) - DataNodeSafeModeRule rule is successfully validated
2025-09-19 20:43:09,782 [EventQueue-PipelineReportForOneReplicaPipelineSafeModeRule] INFO  safemode.SCMSafeModeManager (SCMSafeModeManager.java:validateSafeModeExitRules(138)) - AtleastOneDatanodeReportedRule rule is successfully validated
2025-09-19 20:43:09,782 [EventQueue-ContainerRegistrationReportForECContainerSafeModeRule] INFO  safemode.SCMSafeModeManager (SCMSafeModeManager.java:validateSafeModeExitRules(138)) - ECContainerSafeModeRule rule is successfully validated
2025-09-19 20:43:09,783 [EventQueue-NewNodeForNewNodeHandler] INFO  pipeline.BackgroundPipelineCreator (BackgroundPipelineCreator.java:notifyEventTriggered(290)) - trigger a one-shot run on RatisPipelineUtilsThread.
2025-09-19 20:43:09,783 [EventQueue-ContainerRegistrationReportForRatisContainerSafeModeRule] INFO  safemode.SCMSafeModeManager (SCMSafeModeManager.java:validateSafeModeExitRules(138)) - RatisContainerSafeModeRule rule is successfully validated
2025-09-19 20:43:09,783 [RatisPipelineUtilsThread-0] INFO  pipeline.RatisPipelineProvider (RatisPipelineProvider.java:lambda$create$0(208)) - Sending CreatePipelineCommand for pipeline:Pipeline-d2049562-6166-4268-a96f-b2788e358107 to datanode:6b19ddea-00d3-43a8-b068-4376c2353d98(localhost/127.0.0.1)
2025-09-19 20:43:09,787 [7c85452d-535d-4afd-8ce9-637c7af67bb0@group-28A5E13E86EF-StateMachineUpdater] INFO  safemode.SCMSafeModeManager (SCMSafeModeManager.java:validateSafeModeExitRules(138)) - DataNodeSafeModeRule rule is successfully validated
2025-09-19 20:43:09,787 [7c85452d-535d-4afd-8ce9-637c7af67bb0@group-28A5E13E86EF-StateMachineUpdater] INFO  safemode.SCMSafeModeManager (SCMSafeModeManager.java:validateSafeModeExitRules(138)) - RatisContainerSafeModeRule rule is successfully validated
2025-09-19 20:43:09,787 [7c85452d-535d-4afd-8ce9-637c7af67bb0@group-28A5E13E86EF-StateMachineUpdater] INFO  safemode.HealthyPipelineSafeModeRule (HealthyPipelineSafeModeRule.java:initializeRule(228)) - Refreshed total pipeline count is 0, healthy pipeline threshold count is 1
2025-09-19 20:43:09,787 [7c85452d-535d-4afd-8ce9-637c7af67bb0@group-28A5E13E86EF-StateMachineUpdater] INFO  safemode.SCMSafeModeManager (SCMSafeModeManager.java:validateSafeModeExitRules(138)) - ECContainerSafeModeRule rule is successfully validated
2025-09-19 20:43:09,787 [7c85452d-535d-4afd-8ce9-637c7af67bb0@group-28A5E13E86EF-StateMachineUpdater] INFO  safemode.SCMSafeModeManager (SCMSafeModeManager.java:validateSafeModeExitRules(138)) - AtleastOneDatanodeReportedRule rule is successfully validated
2025-09-19 20:43:09,788 [RatisPipelineUtilsThread-0] INFO  pipeline.BackgroundPipelineCreator (BackgroundPipelineCreator.java:createPipelines(246)) - Created new pipeline Pipeline{ Id: d2049562-6166-4268-a96f-b2788e358107, Nodes: [ {6b19ddea-00d3-43a8-b068-4376c2353d98(localhost/127.0.0.1), ReplicaIndex: 0},], ReplicationConfig: RATIS/ONE, State:ALLOCATED, leaderId:, CreationTimestamp2025-09-19T20:43:09.783720925Z[Etc/UTC]}
2025-09-19 20:43:09,930 [0df1231c-9f8a-4757-a7d0-f6d7f53bc482-CreatePipelineCommandHandlerThread-0] INFO  server.RaftServer (RaftServerProxy.java:addNew(105)) - 0df1231c-9f8a-4757-a7d0-f6d7f53bc482: addNew group-39AD5A9EAACD:[0df1231c-9f8a-4757-a7d0-f6d7f53bc482|127.0.0.1:15023] returns group-39AD5A9EAACD:java.util.concurrent.CompletableFuture@5b0870e3[Not completed]
2025-09-19 20:43:09,937 [0df1231c-9f8a-4757-a7d0-f6d7f53bc482-groupManagement] INFO  server.RaftServer$Division (RaftServerImpl.java:<init>(268)) - 0df1231c-9f8a-4757-a7d0-f6d7f53bc482: new RaftServerImpl for group-39AD5A9EAACD:[0df1231c-9f8a-4757-a7d0-f6d7f53bc482|127.0.0.1:15023] with ContainerStateMachine:uninitialized
2025-09-19 20:43:09,937 [0df1231c-9f8a-4757-a7d0-f6d7f53bc482-groupManagement] INFO  server.RaftServerConfigKeys (ConfUtils.java:logGet(62)) - raft.server.rpc.slowness.timeout = 300000ms (custom)
2025-09-19 20:43:09,937 [0df1231c-9f8a-4757-a7d0-f6d7f53bc482-groupManagement] INFO  server.RaftServer$Division (ServerState.java:<init>(114)) - 0df1231c-9f8a-4757-a7d0-f6d7f53bc482@group-39AD5A9EAACD: ConfigurationManager, init=conf: {index: -1, cur=peers:[0df1231c-9f8a-4757-a7d0-f6d7f53bc482|127.0.0.1:15023]|listeners:[], old=null}, confs=<EMPTY_MAP>
2025-09-19 20:43:09,937 [0df1231c-9f8a-4757-a7d0-f6d7f53bc482-groupManagement] INFO  server.RaftServerConfigKeys (ConfUtils.java:logGet(62)) - raft.server.notification.no-leader.timeout = 300000ms (custom)
2025-09-19 20:43:09,937 [0df1231c-9f8a-4757-a7d0-f6d7f53bc482-groupManagement] INFO  server.RaftServerConfigKeys (ConfUtils.java:logGet(62)) - raft.server.retrycache.expirytime = 600000ms (custom)
2025-09-19 20:43:09,949 [0df1231c-9f8a-4757-a7d0-f6d7f53bc482-groupManagement] INFO  server.RaftServerConfigKeys (ConfUtils.java:logGet(62)) - raft.server.storage.dir = [/home/runner/work/ozone/ozone/hadoop-ozone/integration-test/target/test-dir/MiniOzoneClusterImpl-990002c2-bb69-4aa2-bd68-28a5e13e86ef/ozone-metadata/datanode-2/ratis] (custom)
2025-09-19 20:43:09,949 [0df1231c-9f8a-4757-a7d0-f6d7f53bc482-groupManagement] INFO  storage.RaftStorageDirectory (RaftStorageDirectoryImpl.java:analyzeStorage(138)) - The storage directory /home/runner/work/ozone/ozone/hadoop-ozone/integration-test/target/test-dir/MiniOzoneClusterImpl-990002c2-bb69-4aa2-bd68-28a5e13e86ef/ozone-metadata/datanode-2/ratis/54fe0239-6051-4a8e-b590-39ad5a9eaacd does not exist. Creating ...
2025-09-19 20:43:09,950 [0df1231c-9f8a-4757-a7d0-f6d7f53bc482-groupManagement] INFO  storage.RaftStorageDirectory (RaftStorageDirectoryImpl.java:tryLock(229)) - Lock on /home/runner/work/ozone/ozone/hadoop-ozone/integration-test/target/test-dir/MiniOzoneClusterImpl-990002c2-bb69-4aa2-bd68-28a5e13e86ef/ozone-metadata/datanode-2/ratis/54fe0239-6051-4a8e-b590-39ad5a9eaacd/in_use.lock acquired by nodename 22744@localhost
2025-09-19 20:43:09,951 [0df1231c-9f8a-4757-a7d0-f6d7f53bc482-groupManagement] INFO  storage.RaftStorage (RaftStorageImpl.java:format(98)) - Storage directory /home/runner/work/ozone/ozone/hadoop-ozone/integration-test/target/test-dir/MiniOzoneClusterImpl-990002c2-bb69-4aa2-bd68-28a5e13e86ef/ozone-metadata/datanode-2/ratis/54fe0239-6051-4a8e-b590-39ad5a9eaacd has been successfully formatted.
2025-09-19 20:43:09,954 [0df1231c-9f8a-4757-a7d0-f6d7f53bc482-groupManagement] INFO  ratis.ContainerStateMachine (ContainerStateMachine.java:initialize(339)) - 0df1231c-9f8a-4757-a7d0-f6d7f53bc482: initialize group-39AD5A9EAACD
2025-09-19 20:43:09,954 [0df1231c-9f8a-4757-a7d0-f6d7f53bc482-groupManagement] INFO  ratis.ContainerStateMachine (ContainerStateMachine.java:loadSnapshot(347)) - group-39AD5A9EAACD: The snapshot info is null. Setting the last applied index to:<INITIAL_VALUE>
2025-09-19 20:43:09,955 [0df1231c-9f8a-4757-a7d0-f6d7f53bc482-groupManagement] INFO  server.RaftServerConfigKeys (ConfUtils.java:logGet(62)) - raft.server.log.appender.buffer.byte-limit = 33554432 (custom)
2025-09-19 20:43:09,959 [0df1231c-9f8a-4757-a7d0-f6d7f53bc482-groupManagement] INFO  server.RaftServerConfigKeys (ConfUtils.java:logGet(62)) - raft.server.log.segment.size.max = 67108864 (custom)
2025-09-19 20:43:09,960 [0df1231c-9f8a-4757-a7d0-f6d7f53bc482-groupManagement] INFO  server.RaftServerConfigKeys (ConfUtils.java:logGet(62)) - raft.server.log.appender.buffer.byte-limit = 33554432 (custom)
2025-09-19 20:43:09,960 [0df1231c-9f8a-4757-a7d0-f6d7f53bc482-groupManagement] INFO  util.AwaitToRun (AwaitToRun.java:start(81)) - Thread[#1154,0df1231c-9f8a-4757-a7d0-f6d7f53bc482@group-39AD5A9EAACD-cacheEviction-AwaitToRun,5,main] started
2025-09-19 20:43:09,960 [0df1231c-9f8a-4757-a7d0-f6d7f53bc482-groupManagement] INFO  segmented.SegmentedRaftLogWorker (SegmentedRaftLogWorker.java:<init>(190)) - new 0df1231c-9f8a-4757-a7d0-f6d7f53bc482@group-39AD5A9EAACD-SegmentedRaftLogWorker for RaftStorageImpl:Storage Directory /home/runner/work/ozone/ozone/hadoop-ozone/integration-test/target/test-dir/MiniOzoneClusterImpl-990002c2-bb69-4aa2-bd68-28a5e13e86ef/ozone-metadata/datanode-2/ratis/54fe0239-6051-4a8e-b590-39ad5a9eaacd
2025-09-19 20:43:09,960 [0df1231c-9f8a-4757-a7d0-f6d7f53bc482-groupManagement] INFO  server.RaftServerConfigKeys (ConfUtils.java:logGet(62)) - raft.server.log.queue.byte-limit = 4294967296 (custom)
2025-09-19 20:43:09,960 [0df1231c-9f8a-4757-a7d0-f6d7f53bc482-groupManagement] INFO  server.RaftServerConfigKeys (ConfUtils.java:logGet(62)) - raft.server.log.queue.element-limit = 1024 (custom)
2025-09-19 20:43:09,960 [0df1231c-9f8a-4757-a7d0-f6d7f53bc482-groupManagement] INFO  server.RaftServerConfigKeys (ConfUtils.java:logGet(62)) - raft.server.log.segment.size.max = 67108864 (custom)
2025-09-19 20:43:09,960 [0df1231c-9f8a-4757-a7d0-f6d7f53bc482-groupManagement] INFO  server.RaftServerConfigKeys (ConfUtils.java:logGet(62)) - raft.server.log.preallocated.size = 4194304 (custom)
2025-09-19 20:43:09,960 [0df1231c-9f8a-4757-a7d0-f6d7f53bc482-groupManagement] INFO  server.RaftServerConfigKeys (ConfUtils.java:logGet(62)) - raft.server.log.statemachine.data.sync.timeout.retry = 30 (custom)
2025-09-19 20:43:09,961 [0df1231c-9f8a-4757-a7d0-f6d7f53bc482-groupManagement] INFO  server.RaftServerConfigKeys (ConfUtils.java:logGet(62)) - raft.server.log.write.buffer.size = 33554440 (custom)
2025-09-19 20:43:09,966 [EventQueue-PipelineReportForOneReplicaPipelineSafeModeRule] INFO  safemode.SCMSafeModeManager (SCMSafeModeManager.java:validateSafeModeExitRules(138)) - AtleastOneDatanodeReportedRule rule is successfully validated
2025-09-19 20:43:09,966 [0df1231c-9f8a-4757-a7d0-f6d7f53bc482-groupManagement] INFO  server.RaftServerConfigKeys (ConfUtils.java:logGet(62)) - raft.server.log.appender.buffer.byte-limit = 33554432 (custom)
2025-09-19 20:43:09,967 [0df1231c-9f8a-4757-a7d0-f6d7f53bc482-groupManagement] INFO  server.RaftServerConfigKeys (ConfUtils.java:logGet(62)) - raft.server.log.statemachine.data.caching.enabled = true (custom)
2025-09-19 20:43:09,967 [0df1231c-9f8a-4757-a7d0-f6d7f53bc482-groupManagement] INFO  segmented.SegmentedRaftLogWorker (SegmentedRaftLogWorker.java:lambda$new$0(141)) - 0df1231c-9f8a-4757-a7d0-f6d7f53bc482@group-39AD5A9EAACD-SegmentedRaftLogWorker: flushIndex: setUnconditionally 0 -> -1
2025-09-19 20:43:09,967 [0df1231c-9f8a-4757-a7d0-f6d7f53bc482-groupManagement] INFO  segmented.SegmentedRaftLogWorker (SegmentedRaftLogWorker.java:lambda$new$0(141)) - 0df1231c-9f8a-4757-a7d0-f6d7f53bc482@group-39AD5A9EAACD-SegmentedRaftLogWorker: safeCacheEvictIndex: setUnconditionally 0 -> -1
2025-09-19 20:43:09,968 [0df1231c-9f8a-4757-a7d0-f6d7f53bc482-groupManagement] INFO  server.RaftServer$Division (RaftServerImpl.java:start(405)) - 0df1231c-9f8a-4757-a7d0-f6d7f53bc482@group-39AD5A9EAACD: start as a follower, conf=conf: {index: -1, cur=peers:[0df1231c-9f8a-4757-a7d0-f6d7f53bc482|127.0.0.1:15023]|listeners:[], old=null}
2025-09-19 20:43:09,968 [0df1231c-9f8a-4757-a7d0-f6d7f53bc482-groupManagement] INFO  server.RaftServer$Division (RaftServerImpl.java:setRole(392)) - 0df1231c-9f8a-4757-a7d0-f6d7f53bc482@group-39AD5A9EAACD: changes role from      null to FOLLOWER at term 0 for startAsFollower
2025-09-19 20:43:09,968 [0df1231c-9f8a-4757-a7d0-f6d7f53bc482-groupManagement] INFO  impl.RoleInfo (RoleInfo.java:updateAndGet(148)) - 0df1231c-9f8a-4757-a7d0-f6d7f53bc482: start 0df1231c-9f8a-4757-a7d0-f6d7f53bc482@group-39AD5A9EAACD-FollowerState
2025-09-19 20:43:09,969 [0df1231c-9f8a-4757-a7d0-f6d7f53bc482-groupManagement] INFO  util.JmxRegister (JmxRegister.java:tryRegister(44)) - Successfully registered JMX Bean with object name Ratis:service=RaftServer,group=group-39AD5A9EAACD,id=0df1231c-9f8a-4757-a7d0-f6d7f53bc482
2025-09-19 20:43:09,969 [0df1231c-9f8a-4757-a7d0-f6d7f53bc482-groupManagement] INFO  util.JmxRegister (JmxRegister.java:register(58)) - register mxBean class org.apache.ratis.server.impl.RaftServerJmxAdapter as Ratis:service=RaftServer,group=group-39AD5A9EAACD,id=0df1231c-9f8a-4757-a7d0-f6d7f53bc482
2025-09-19 20:43:09,969 [0df1231c-9f8a-4757-a7d0-f6d7f53bc482-groupManagement] INFO  server.RaftServerConfigKeys (ConfUtils.java:logGet(62)) - raft.server.snapshot.auto.trigger.threshold = 100000 (custom)
2025-09-19 20:43:09,970 [0df1231c-9f8a-4757-a7d0-f6d7f53bc482-groupManagement] INFO  server.RaftServerConfigKeys (ConfUtils.java:logGet(62)) - raft.server.snapshot.retention.file.num = 5 (custom)
2025-09-19 20:43:09,970 [0df1231c-9f8a-4757-a7d0-f6d7f53bc482-groupManagement] INFO  server.RaftServerConfigKeys (ConfUtils.java:logGet(62)) - raft.server.log.purge.upto.snapshot.index = false (default)
2025-09-19 20:43:09,971 [7c85452d-535d-4afd-8ce9-637c7af67bb0@group-28A5E13E86EF-StateMachineUpdater] INFO  safemode.SCMSafeModeManager (SCMSafeModeManager.java:validateSafeModeExitRules(138)) - DataNodeSafeModeRule rule is successfully validated
2025-09-19 20:43:09,971 [7c85452d-535d-4afd-8ce9-637c7af67bb0@group-28A5E13E86EF-StateMachineUpdater] INFO  safemode.SCMSafeModeManager (SCMSafeModeManager.java:validateSafeModeExitRules(138)) - RatisContainerSafeModeRule rule is successfully validated
2025-09-19 20:43:09,971 [7c85452d-535d-4afd-8ce9-637c7af67bb0@group-28A5E13E86EF-StateMachineUpdater] INFO  safemode.HealthyPipelineSafeModeRule (HealthyPipelineSafeModeRule.java:initializeRule(228)) - Refreshed total pipeline count is 0, healthy pipeline threshold count is 1
2025-09-19 20:43:09,972 [7c85452d-535d-4afd-8ce9-637c7af67bb0@group-28A5E13E86EF-StateMachineUpdater] INFO  safemode.SCMSafeModeManager (SCMSafeModeManager.java:validateSafeModeExitRules(138)) - ECContainerSafeModeRule rule is successfully validated
2025-09-19 20:43:09,972 [7c85452d-535d-4afd-8ce9-637c7af67bb0@group-28A5E13E86EF-StateMachineUpdater] INFO  safemode.SCMSafeModeManager (SCMSafeModeManager.java:validateSafeModeExitRules(138)) - AtleastOneDatanodeReportedRule rule is successfully validated
2025-09-19 20:43:09,972 [EventQueue-PipelineReportForPipelineReportHandler] INFO  pipeline.PipelineReportHandler (PipelineReportHandler.java:processPipelineReport(132)) - Opened pipeline Pipeline-54fe0239-6051-4a8e-b590-39ad5a9eaacd
2025-09-19 20:43:09,973 [0df1231c-9f8a-4757-a7d0-f6d7f53bc482-groupManagement] INFO  server.RaftServer$Division (RaftServerImpl.java:start(419)) - 0df1231c-9f8a-4757-a7d0-f6d7f53bc482@group-39AD5A9EAACD: Successfully started.
2025-09-19 20:43:09,974 [0df1231c-9f8a-4757-a7d0-f6d7f53bc482-CreatePipelineCommandHandlerThread-0] INFO  ratis.XceiverServerRatis (XceiverServerRatis.java:addGroup(841)) - Created group Pipeline-54fe0239-6051-4a8e-b590-39ad5a9eaacd
2025-09-19 20:43:09,974 [0df1231c-9f8a-4757-a7d0-f6d7f53bc482-CreatePipelineCommandHandlerThread-0] INFO  commandhandler.CreatePipelineCommandHandler (CreatePipelineCommandHandler.java:lambda$handle$2(141)) - Created Pipeline RATIS ONE Pipeline-54fe0239-6051-4a8e-b590-39ad5a9eaacd.
2025-09-19 20:43:09,974 [0df1231c-9f8a-4757-a7d0-f6d7f53bc482-CreatePipelineCommandHandlerThread-0] INFO  server.RaftServer (RaftServerProxy.java:addNew(105)) - 0df1231c-9f8a-4757-a7d0-f6d7f53bc482: addNew group-A751954341BD:[b5a25cc1-46d3-4381-a194-bd68f4526f1c|127.0.0.1:15031, 0df1231c-9f8a-4757-a7d0-f6d7f53bc482|127.0.0.1:15023, 8eb9963e-bce0-4155-aea2-e442cadff8bd|127.0.0.1:15015] returns group-A751954341BD:java.util.concurrent.CompletableFuture@41415e6e[Not completed]
2025-09-19 20:43:09,976 [0df1231c-9f8a-4757-a7d0-f6d7f53bc482-groupManagement] INFO  server.RaftServer$Division (RaftServerImpl.java:<init>(268)) - 0df1231c-9f8a-4757-a7d0-f6d7f53bc482: new RaftServerImpl for group-A751954341BD:[b5a25cc1-46d3-4381-a194-bd68f4526f1c|127.0.0.1:15031, 0df1231c-9f8a-4757-a7d0-f6d7f53bc482|127.0.0.1:15023, 8eb9963e-bce0-4155-aea2-e442cadff8bd|127.0.0.1:15015] with ContainerStateMachine:uninitialized
2025-09-19 20:43:09,976 [0df1231c-9f8a-4757-a7d0-f6d7f53bc482-groupManagement] INFO  server.RaftServer$Division (ServerState.java:<init>(114)) - 0df1231c-9f8a-4757-a7d0-f6d7f53bc482@group-A751954341BD: ConfigurationManager, init=conf: {index: -1, cur=peers:[b5a25cc1-46d3-4381-a194-bd68f4526f1c|127.0.0.1:15031, 0df1231c-9f8a-4757-a7d0-f6d7f53bc482|127.0.0.1:15023, 8eb9963e-bce0-4155-aea2-e442cadff8bd|127.0.0.1:15015]|listeners:[], old=null}, confs=<EMPTY_MAP>
2025-09-19 20:43:09,986 [0df1231c-9f8a-4757-a7d0-f6d7f53bc482-groupManagement] INFO  storage.RaftStorageDirectory (RaftStorageDirectoryImpl.java:analyzeStorage(138)) - The storage directory /home/runner/work/ozone/ozone/hadoop-ozone/integration-test/target/test-dir/MiniOzoneClusterImpl-990002c2-bb69-4aa2-bd68-28a5e13e86ef/ozone-metadata/datanode-2/ratis/e102d630-0766-4c9c-a6ac-a751954341bd does not exist. Creating ...
2025-09-19 20:43:09,987 [0df1231c-9f8a-4757-a7d0-f6d7f53bc482-groupManagement] INFO  storage.RaftStorageDirectory (RaftStorageDirectoryImpl.java:tryLock(229)) - Lock on /home/runner/work/ozone/ozone/hadoop-ozone/integration-test/target/test-dir/MiniOzoneClusterImpl-990002c2-bb69-4aa2-bd68-28a5e13e86ef/ozone-metadata/datanode-2/ratis/e102d630-0766-4c9c-a6ac-a751954341bd/in_use.lock acquired by nodename 22744@localhost
2025-09-19 20:43:09,988 [0df1231c-9f8a-4757-a7d0-f6d7f53bc482-groupManagement] INFO  storage.RaftStorage (RaftStorageImpl.java:format(98)) - Storage directory /home/runner/work/ozone/ozone/hadoop-ozone/integration-test/target/test-dir/MiniOzoneClusterImpl-990002c2-bb69-4aa2-bd68-28a5e13e86ef/ozone-metadata/datanode-2/ratis/e102d630-0766-4c9c-a6ac-a751954341bd has been successfully formatted.
2025-09-19 20:43:09,988 [0df1231c-9f8a-4757-a7d0-f6d7f53bc482-groupManagement] INFO  ratis.ContainerStateMachine (ContainerStateMachine.java:initialize(339)) - 0df1231c-9f8a-4757-a7d0-f6d7f53bc482: initialize group-A751954341BD
2025-09-19 20:43:09,988 [0df1231c-9f8a-4757-a7d0-f6d7f53bc482-groupManagement] INFO  ratis.ContainerStateMachine (ContainerStateMachine.java:loadSnapshot(347)) - group-A751954341BD: The snapshot info is null. Setting the last applied index to:<INITIAL_VALUE>
2025-09-19 20:43:09,988 [0df1231c-9f8a-4757-a7d0-f6d7f53bc482-groupManagement] INFO  server.RaftServerConfigKeys (ConfUtils.java:logGet(62)) - raft.server.log.appender.buffer.byte-limit = 33554432 (custom)
2025-09-19 20:43:09,991 [EventQueue-PipelineReportForOneReplicaPipelineSafeModeRule] INFO  safemode.SCMSafeModeManager (SCMSafeModeManager.java:validateSafeModeExitRules(138)) - AtleastOneDatanodeReportedRule rule is successfully validated
2025-09-19 20:43:09,992 [0df1231c-9f8a-4757-a7d0-f6d7f53bc482-groupManagement] INFO  server.RaftServerConfigKeys (ConfUtils.java:logGet(62)) - raft.server.log.segment.size.max = 67108864 (custom)
2025-09-19 20:43:09,992 [0df1231c-9f8a-4757-a7d0-f6d7f53bc482-groupManagement] INFO  server.RaftServerConfigKeys (ConfUtils.java:logGet(62)) - raft.server.log.appender.buffer.byte-limit = 33554432 (custom)
2025-09-19 20:43:09,993 [0df1231c-9f8a-4757-a7d0-f6d7f53bc482-groupManagement] INFO  util.AwaitToRun (AwaitToRun.java:start(81)) - Thread[#1161,0df1231c-9f8a-4757-a7d0-f6d7f53bc482@group-A751954341BD-cacheEviction-AwaitToRun,5,main] started
2025-09-19 20:43:09,993 [0df1231c-9f8a-4757-a7d0-f6d7f53bc482-groupManagement] INFO  segmented.SegmentedRaftLogWorker (SegmentedRaftLogWorker.java:<init>(190)) - new 0df1231c-9f8a-4757-a7d0-f6d7f53bc482@group-A751954341BD-SegmentedRaftLogWorker for RaftStorageImpl:Storage Directory /home/runner/work/ozone/ozone/hadoop-ozone/integration-test/target/test-dir/MiniOzoneClusterImpl-990002c2-bb69-4aa2-bd68-28a5e13e86ef/ozone-metadata/datanode-2/ratis/e102d630-0766-4c9c-a6ac-a751954341bd
2025-09-19 20:43:09,993 [0df1231c-9f8a-4757-a7d0-f6d7f53bc482-groupManagement] INFO  server.RaftServerConfigKeys (ConfUtils.java:logGet(62)) - raft.server.log.queue.byte-limit = 4294967296 (custom)
2025-09-19 20:43:09,993 [0df1231c-9f8a-4757-a7d0-f6d7f53bc482-groupManagement] INFO  server.RaftServerConfigKeys (ConfUtils.java:logGet(62)) - raft.server.log.segment.size.max = 67108864 (custom)
2025-09-19 20:43:09,993 [0df1231c-9f8a-4757-a7d0-f6d7f53bc482-groupManagement] INFO  server.RaftServerConfigKeys (ConfUtils.java:logGet(62)) - raft.server.log.preallocated.size = 4194304 (custom)
2025-09-19 20:43:09,994 [0df1231c-9f8a-4757-a7d0-f6d7f53bc482-groupManagement] INFO  server.RaftServerConfigKeys (ConfUtils.java:logGet(62)) - raft.server.log.write.buffer.size = 33554440 (custom)
2025-09-19 20:43:10,000 [0df1231c-9f8a-4757-a7d0-f6d7f53bc482-groupManagement] INFO  server.RaftServerConfigKeys (ConfUtils.java:logGet(62)) - raft.server.log.appender.buffer.byte-limit = 33554432 (custom)
2025-09-19 20:43:10,000 [0df1231c-9f8a-4757-a7d0-f6d7f53bc482-groupManagement] INFO  segmented.SegmentedRaftLogWorker (SegmentedRaftLogWorker.java:lambda$new$0(141)) - 0df1231c-9f8a-4757-a7d0-f6d7f53bc482@group-A751954341BD-SegmentedRaftLogWorker: flushIndex: setUnconditionally 0 -> -1
2025-09-19 20:43:10,000 [0df1231c-9f8a-4757-a7d0-f6d7f53bc482-groupManagement] INFO  segmented.SegmentedRaftLogWorker (SegmentedRaftLogWorker.java:lambda$new$0(141)) - 0df1231c-9f8a-4757-a7d0-f6d7f53bc482@group-A751954341BD-SegmentedRaftLogWorker: safeCacheEvictIndex: setUnconditionally 0 -> -1
2025-09-19 20:43:10,000 [0df1231c-9f8a-4757-a7d0-f6d7f53bc482-groupManagement] INFO  server.RaftServer$Division (RaftServerImpl.java:start(405)) - 0df1231c-9f8a-4757-a7d0-f6d7f53bc482@group-A751954341BD: start as a follower, conf=conf: {index: -1, cur=peers:[b5a25cc1-46d3-4381-a194-bd68f4526f1c|127.0.0.1:15031, 0df1231c-9f8a-4757-a7d0-f6d7f53bc482|127.0.0.1:15023, 8eb9963e-bce0-4155-aea2-e442cadff8bd|127.0.0.1:15015]|listeners:[], old=null}
2025-09-19 20:43:10,001 [0df1231c-9f8a-4757-a7d0-f6d7f53bc482-groupManagement] INFO  server.RaftServer$Division (RaftServerImpl.java:setRole(392)) - 0df1231c-9f8a-4757-a7d0-f6d7f53bc482@group-A751954341BD: changes role from      null to FOLLOWER at term 0 for startAsFollower
2025-09-19 20:43:10,001 [0df1231c-9f8a-4757-a7d0-f6d7f53bc482-groupManagement] INFO  impl.RoleInfo (RoleInfo.java:updateAndGet(148)) - 0df1231c-9f8a-4757-a7d0-f6d7f53bc482: start 0df1231c-9f8a-4757-a7d0-f6d7f53bc482@group-A751954341BD-FollowerState
2025-09-19 20:43:10,001 [0df1231c-9f8a-4757-a7d0-f6d7f53bc482-groupManagement] INFO  util.JmxRegister (JmxRegister.java:tryRegister(44)) - Successfully registered JMX Bean with object name Ratis:service=RaftServer,group=group-A751954341BD,id=0df1231c-9f8a-4757-a7d0-f6d7f53bc482
2025-09-19 20:43:10,001 [0df1231c-9f8a-4757-a7d0-f6d7f53bc482-groupManagement] INFO  util.JmxRegister (JmxRegister.java:register(58)) - register mxBean class org.apache.ratis.server.impl.RaftServerJmxAdapter as Ratis:service=RaftServer,group=group-A751954341BD,id=0df1231c-9f8a-4757-a7d0-f6d7f53bc482
2025-09-19 20:43:10,004 [0df1231c-9f8a-4757-a7d0-f6d7f53bc482-groupManagement] INFO  server.RaftServer$Division (RaftServerImpl.java:start(419)) - 0df1231c-9f8a-4757-a7d0-f6d7f53bc482@group-A751954341BD: Successfully started.
2025-09-19 20:43:10,005 [0df1231c-9f8a-4757-a7d0-f6d7f53bc482-CreatePipelineCommandHandlerThread-0] INFO  ratis.XceiverServerRatis (XceiverServerRatis.java:addGroup(841)) - Created group Pipeline-e102d630-0766-4c9c-a6ac-a751954341bd
2025-09-19 20:43:10,015 [IPC Server handler 5 on default port 15002] INFO  net.NetworkTopologyImpl (NetworkTopologyImpl.java:add(133)) - Added a new node: /rack1/76f4805b-b51d-4900-95ce-acf873710621
2025-09-19 20:43:10,015 [IPC Server handler 5 on default port 15002] INFO  node.SCMNodeManager (SCMNodeManager.java:register(423)) - Registered datanode: 76f4805b-b51d-4900-95ce-acf873710621{ip: 127.0.0.1, host: localhost, ports: [HTTP=15066, CLIENT_RPC=15067, REPLICATION=15073, RATIS=15069, RATIS_ADMIN=15070, RATIS_SERVER=15071, RATIS_DATASTREAM=15072, STANDALONE=15068], networkLocation: /rack1, certSerialId: null, persistedOpState: null, persistedOpStateExpiryEpochSec: 0}
2025-09-19 20:43:10,015 [EventQueue-NodeRegistrationContainerReportForDataNodeSafeModeRule] INFO  safemode.SCMSafeModeManager (SCMSafeModeManager.java:validateSafeModeExitRules(138)) - DataNodeSafeModeRule rule is successfully validated
2025-09-19 20:43:10,017 [EventQueue-ContainerRegistrationReportForECContainerSafeModeRule] INFO  safemode.SCMSafeModeManager (SCMSafeModeManager.java:validateSafeModeExitRules(138)) - ECContainerSafeModeRule rule is successfully validated
2025-09-19 20:43:10,017 [EventQueue-ContainerRegistrationReportForRatisContainerSafeModeRule] INFO  safemode.SCMSafeModeManager (SCMSafeModeManager.java:validateSafeModeExitRules(138)) - RatisContainerSafeModeRule rule is successfully validated
2025-09-19 20:43:10,016 [EventQueue-NewNodeForNewNodeHandler] INFO  pipeline.BackgroundPipelineCreator (BackgroundPipelineCreator.java:notifyEventTriggered(290)) - trigger a one-shot run on RatisPipelineUtilsThread.
2025-09-19 20:43:10,018 [EventQueue-PipelineReportForOneReplicaPipelineSafeModeRule] INFO  safemode.SCMSafeModeManager (SCMSafeModeManager.java:validateSafeModeExitRules(138)) - AtleastOneDatanodeReportedRule rule is successfully validated
2025-09-19 20:43:10,019 [RatisPipelineUtilsThread-0] INFO  pipeline.RatisPipelineProvider (RatisPipelineProvider.java:lambda$create$0(208)) - Sending CreatePipelineCommand for pipeline:Pipeline-9d811586-1446-472b-9c75-d937ae327c73 to datanode:76f4805b-b51d-4900-95ce-acf873710621(localhost/127.0.0.1)
2025-09-19 20:43:10,023 [7c85452d-535d-4afd-8ce9-637c7af67bb0@group-28A5E13E86EF-StateMachineUpdater] INFO  safemode.SCMSafeModeManager (SCMSafeModeManager.java:validateSafeModeExitRules(138)) - DataNodeSafeModeRule rule is successfully validated
2025-09-19 20:43:10,024 [43523384-1488-4733-9c5e-86b5f6f4eeb8-EndpointStateMachineTaskThread-/0.0.0.0:15002-0 ] INFO  utils.DatanodeStoreCache (DatanodeStoreCache.java:addDB(70)) - Added db /home/runner/work/ozone/ozone/hadoop-ozone/integration-test/target/test-dir/MiniOzoneClusterImpl-990002c2-bb69-4aa2-bd68-28a5e13e86ef/ozone-metadata/datanode-10/data-0/hdds/990002c2-bb69-4aa2-bd68-28a5e13e86ef/DS-d4d59647-a844-454f-9bbf-1ae447f964d1/container.db to cache
2025-09-19 20:43:10,024 [43523384-1488-4733-9c5e-86b5f6f4eeb8-EndpointStateMachineTaskThread-/0.0.0.0:15002-0 ] INFO  volume.HddsVolume (HddsVolume.java:createDbStore(576)) - SchemaV3 db is created and loaded at /home/runner/work/ozone/ozone/hadoop-ozone/integration-test/target/test-dir/MiniOzoneClusterImpl-990002c2-bb69-4aa2-bd68-28a5e13e86ef/ozone-metadata/datanode-10/data-0/hdds/990002c2-bb69-4aa2-bd68-28a5e13e86ef/DS-d4d59647-a844-454f-9bbf-1ae447f964d1/container.db for volume DS-d4d59647-a844-454f-9bbf-1ae447f964d1
2025-09-19 20:43:10,026 [7c85452d-535d-4afd-8ce9-637c7af67bb0@group-28A5E13E86EF-StateMachineUpdater] INFO  safemode.SCMSafeModeManager (SCMSafeModeManager.java:validateSafeModeExitRules(138)) - RatisContainerSafeModeRule rule is successfully validated
2025-09-19 20:43:10,026 [7c85452d-535d-4afd-8ce9-637c7af67bb0@group-28A5E13E86EF-StateMachineUpdater] INFO  safemode.HealthyPipelineSafeModeRule (HealthyPipelineSafeModeRule.java:initializeRule(228)) - Refreshed total pipeline count is 0, healthy pipeline threshold count is 1
2025-09-19 20:43:10,026 [7c85452d-535d-4afd-8ce9-637c7af67bb0@group-28A5E13E86EF-StateMachineUpdater] INFO  safemode.SCMSafeModeManager (SCMSafeModeManager.java:validateSafeModeExitRules(138)) - ECContainerSafeModeRule rule is successfully validated
2025-09-19 20:43:10,026 [7c85452d-535d-4afd-8ce9-637c7af67bb0@group-28A5E13E86EF-StateMachineUpdater] INFO  safemode.SCMSafeModeManager (SCMSafeModeManager.java:validateSafeModeExitRules(138)) - AtleastOneDatanodeReportedRule rule is successfully validated
2025-09-19 20:43:10,027 [RatisPipelineUtilsThread-0] INFO  pipeline.BackgroundPipelineCreator (BackgroundPipelineCreator.java:createPipelines(246)) - Created new pipeline Pipeline{ Id: 9d811586-1446-472b-9c75-d937ae327c73, Nodes: [ {76f4805b-b51d-4900-95ce-acf873710621(localhost/127.0.0.1), ReplicaIndex: 0},], ReplicationConfig: RATIS/ONE, State:ALLOCATED, leaderId:, CreationTimestamp2025-09-19T20:43:10.019855812Z[Etc/UTC]}
2025-09-19 20:43:10,030 [43523384-1488-4733-9c5e-86b5f6f4eeb8-ContainerReader-0] INFO  ozoneimpl.ContainerReader (ContainerReader.java:readVolume(147)) - Start to verify containers on volume /home/runner/work/ozone/ozone/hadoop-ozone/integration-test/target/test-dir/MiniOzoneClusterImpl-990002c2-bb69-4aa2-bd68-28a5e13e86ef/ozone-metadata/datanode-10/data-0/hdds
2025-09-19 20:43:10,030 [43523384-1488-4733-9c5e-86b5f6f4eeb8-ContainerReader-0] INFO  ozoneimpl.ContainerReader (ContainerReader.java:readVolume(177)) - Finish verifying containers on volume /home/runner/work/ozone/ozone/hadoop-ozone/integration-test/target/test-dir/MiniOzoneClusterImpl-990002c2-bb69-4aa2-bd68-28a5e13e86ef/ozone-metadata/datanode-10/data-0/hdds
2025-09-19 20:43:10,031 [43523384-1488-4733-9c5e-86b5f6f4eeb8-EndpointStateMachineTaskThread-/0.0.0.0:15002-0 ] INFO  ozoneimpl.OzoneContainer (OzoneContainer.java:buildContainerSet(370)) - Build ContainerSet costs 0s
2025-09-19 20:43:10,031 [43523384-1488-4733-9c5e-86b5f6f4eeb8-EndpointStateMachineTaskThread-/0.0.0.0:15002-0 ] INFO  volume.ThrottledAsyncChecker (ThrottledAsyncChecker.java:schedule(138)) - Scheduling a check for /home/runner/work/ozone/ozone/hadoop-ozone/integration-test/target/test-dir/MiniOzoneClusterImpl-990002c2-bb69-4aa2-bd68-28a5e13e86ef/ozone-metadata/datanode-10/data-0/hdds
2025-09-19 20:43:10,032 [43523384-1488-4733-9c5e-86b5f6f4eeb8-EndpointStateMachineTaskThread-/0.0.0.0:15002-0 ] INFO  volume.StorageVolumeChecker (StorageVolumeChecker.java:checkAllVolumes(231)) - Scheduled health check for volume /home/runner/work/ozone/ozone/hadoop-ozone/integration-test/target/test-dir/MiniOzoneClusterImpl-990002c2-bb69-4aa2-bd68-28a5e13e86ef/ozone-metadata/datanode-10/data-0/hdds
2025-09-19 20:43:10,035 [43523384-1488-4733-9c5e-86b5f6f4eeb8-EndpointStateMachineTaskThread-/0.0.0.0:15002-0 ] INFO  volume.ThrottledAsyncChecker (ThrottledAsyncChecker.java:schedule(138)) - Scheduling a check for /home/runner/work/ozone/ozone/hadoop-ozone/integration-test/target/test-dir/MiniOzoneClusterImpl-990002c2-bb69-4aa2-bd68-28a5e13e86ef/ozone-metadata/datanode-10/ratis
2025-09-19 20:43:10,035 [43523384-1488-4733-9c5e-86b5f6f4eeb8-EndpointStateMachineTaskThread-/0.0.0.0:15002-0 ] INFO  volume.StorageVolumeChecker (StorageVolumeChecker.java:checkAllVolumes(231)) - Scheduled health check for volume /home/runner/work/ozone/ozone/hadoop-ozone/integration-test/target/test-dir/MiniOzoneClusterImpl-990002c2-bb69-4aa2-bd68-28a5e13e86ef/ozone-metadata/datanode-10/ratis
2025-09-19 20:43:10,037 [43523384-1488-4733-9c5e-86b5f6f4eeb8-EndpointStateMachineTaskThread-/0.0.0.0:15002-0 ] INFO  ozoneimpl.OzoneContainer (OzoneContainer.java:start(525)) - Attempting to start container services.
2025-09-19 20:43:10,038 [ContainerMetadataScanner] INFO  ozoneimpl.AbstractBackgroundContainerScanner (AbstractBackgroundContainerScanner.java:runIteration(89)) - Completed an iteration in 0 minutes. Number of iterations (since the data-node restart) : 1, Number of containers scanned in this iteration : 0, Number of unhealthy containers found in this iteration : 0
2025-09-19 20:43:10,038 [ContainerDataScanner(/home/runner/work/ozone/ozone/hadoop-ozone/integration-test/target/test-dir/MiniOzoneClusterImpl-990002c2-bb69-4aa2-bd68-28a5e13e86ef/ozone-metadata/datanode-10/data-0/hdds)] INFO  ozoneimpl.AbstractBackgroundContainerScanner (AbstractBackgroundContainerScanner.java:runIteration(89)) - Completed an iteration in 0 minutes. Number of iterations (since the data-node restart) : 1, Number of containers scanned in this iteration : 0, Number of unhealthy containers found in this iteration : 0
2025-09-19 20:43:10,039 [43523384-1488-4733-9c5e-86b5f6f4eeb8-EndpointStateMachineTaskThread-/0.0.0.0:15002-0 ] INFO  replication.ReplicationServer (ReplicationServer.java:start(137)) - ReplicationServer is started using port 15089
2025-09-19 20:43:10,040 [43523384-1488-4733-9c5e-86b5f6f4eeb8-EndpointStateMachineTaskThread-/0.0.0.0:15002-0 ] INFO  ratis.XceiverServerRatis (XceiverServerRatis.java:start(560)) - Starting XceiverServerRatis(43523384-1488-4733-9c5e-86b5f6f4eeb8)
2025-09-19 20:43:10,041 [43523384-1488-4733-9c5e-86b5f6f4eeb8-EndpointStateMachineTaskThread-/0.0.0.0:15002-0 ] INFO  server.RaftServer (RaftServerProxy.java:startImpl(412)) - 43523384-1488-4733-9c5e-86b5f6f4eeb8: start RPC server
2025-09-19 20:43:10,041 [43523384-1488-4733-9c5e-86b5f6f4eeb8-EndpointStateMachineTaskThread-/0.0.0.0:15002-0 ] INFO  server.GrpcServicesImpl (GrpcServicesImpl.java:startImpl(346)) - 43523384-1488-4733-9c5e-86b5f6f4eeb8: GrpcServicesImpl started, listening on 15085
2025-09-19 20:43:10,042 [43523384-1488-4733-9c5e-86b5f6f4eeb8-EndpointStateMachineTaskThread-/0.0.0.0:15002-0 ] INFO  server.GrpcServicesImpl (GrpcServicesImpl.java:startImpl(346)) - 43523384-1488-4733-9c5e-86b5f6f4eeb8: GrpcServicesImpl started, listening on 15087
2025-09-19 20:43:10,042 [43523384-1488-4733-9c5e-86b5f6f4eeb8-EndpointStateMachineTaskThread-/0.0.0.0:15002-0 ] INFO  server.GrpcServicesImpl (GrpcServicesImpl.java:startImpl(346)) - 43523384-1488-4733-9c5e-86b5f6f4eeb8: GrpcServicesImpl started, listening on 15086
2025-09-19 20:43:10,043 [43523384-1488-4733-9c5e-86b5f6f4eeb8-EndpointStateMachineTaskThread-/0.0.0.0:15002-0 ] INFO  ratis.XceiverServerRatis (XceiverServerRatis.java:getRealPort(587)) - XceiverServerRatis(43523384-1488-4733-9c5e-86b5f6f4eeb8) is started using port RATIS=15085
2025-09-19 20:43:10,043 [JvmPauseMonitor12] INFO  util.JvmPauseMonitor (JvmPauseMonitor.java:run(146)) - JvmPauseMonitor-43523384-1488-4733-9c5e-86b5f6f4eeb8: Started
2025-09-19 20:43:10,044 [43523384-1488-4733-9c5e-86b5f6f4eeb8-EndpointStateMachineTaskThread-/0.0.0.0:15002-0 ] INFO  ratis.XceiverServerRatis (XceiverServerRatis.java:getRealPort(587)) - XceiverServerRatis(43523384-1488-4733-9c5e-86b5f6f4eeb8) is started using port RATIS_ADMIN=15086
2025-09-19 20:43:10,044 [43523384-1488-4733-9c5e-86b5f6f4eeb8-EndpointStateMachineTaskThread-/0.0.0.0:15002-0 ] INFO  ratis.XceiverServerRatis (XceiverServerRatis.java:getRealPort(587)) - XceiverServerRatis(43523384-1488-4733-9c5e-86b5f6f4eeb8) is started using port RATIS_SERVER=15087
2025-09-19 20:43:10,044 [43523384-1488-4733-9c5e-86b5f6f4eeb8-EndpointStateMachineTaskThread-/0.0.0.0:15002-0 ] INFO  ratis.XceiverServerRatis (XceiverServerRatis.java:getRealPort(587)) - XceiverServerRatis(43523384-1488-4733-9c5e-86b5f6f4eeb8) is started using port RATIS_DATASTREAM=15088
2025-09-19 20:43:10,045 [43523384-1488-4733-9c5e-86b5f6f4eeb8-EndpointStateMachineTaskThread-/0.0.0.0:15002-0 ] INFO  utils.BackgroundService (BackgroundService.java:start(119)) - Starting service BlockDeletingService with interval 60000 milliseconds
2025-09-19 20:43:10,046 [43523384-1488-4733-9c5e-86b5f6f4eeb8-EndpointStateMachineTaskThread-/0.0.0.0:15002-0 ] INFO  utils.BackgroundService (BackgroundService.java:start(119)) - Starting service StaleRecoveringContainerScrubbingService with interval 60000 milliseconds
2025-09-19 20:43:10,240 [IPC Server handler 0 on default port 15002] INFO  net.NetworkTopologyImpl (NetworkTopologyImpl.java:add(133)) - Added a new node: /rack1/2e0fa00c-f693-49a3-a365-75c51b8c5b45
2025-09-19 20:43:10,240 [IPC Server handler 0 on default port 15002] INFO  node.SCMNodeManager (SCMNodeManager.java:register(423)) - Registered datanode: 2e0fa00c-f693-49a3-a365-75c51b8c5b45{ip: 127.0.0.1, host: localhost, ports: [HTTP=15074, CLIENT_RPC=15075, REPLICATION=15081, RATIS=15077, RATIS_ADMIN=15078, RATIS_SERVER=15079, RATIS_DATASTREAM=15080, STANDALONE=15076], networkLocation: /rack1, certSerialId: null, persistedOpState: null, persistedOpStateExpiryEpochSec: 0}
2025-09-19 20:43:10,241 [EventQueue-NewNodeForNewNodeHandler] INFO  pipeline.BackgroundPipelineCreator (BackgroundPipelineCreator.java:notifyEventTriggered(290)) - trigger a one-shot run on RatisPipelineUtilsThread.
2025-09-19 20:43:10,241 [EventQueue-NodeRegistrationContainerReportForDataNodeSafeModeRule] INFO  safemode.SCMSafeModeManager (SCMSafeModeManager.java:validateSafeModeExitRules(138)) - DataNodeSafeModeRule rule is successfully validated
2025-09-19 20:43:10,241 [RatisPipelineUtilsThread-0] INFO  pipeline.RatisPipelineProvider (RatisPipelineProvider.java:lambda$create$0(208)) - Sending CreatePipelineCommand for pipeline:Pipeline-a3246346-9092-4970-a9c6-690bcf3999b2 to datanode:2e0fa00c-f693-49a3-a365-75c51b8c5b45(localhost/127.0.0.1)
2025-09-19 20:43:10,242 [EventQueue-ContainerRegistrationReportForRatisContainerSafeModeRule] INFO  safemode.SCMSafeModeManager (SCMSafeModeManager.java:validateSafeModeExitRules(138)) - RatisContainerSafeModeRule rule is successfully validated
2025-09-19 20:43:10,242 [EventQueue-PipelineReportForOneReplicaPipelineSafeModeRule] INFO  safemode.SCMSafeModeManager (SCMSafeModeManager.java:validateSafeModeExitRules(138)) - AtleastOneDatanodeReportedRule rule is successfully validated
2025-09-19 20:43:10,243 [EventQueue-ContainerRegistrationReportForECContainerSafeModeRule] INFO  safemode.SCMSafeModeManager (SCMSafeModeManager.java:validateSafeModeExitRules(138)) - ECContainerSafeModeRule rule is successfully validated
2025-09-19 20:43:10,245 [7c85452d-535d-4afd-8ce9-637c7af67bb0@group-28A5E13E86EF-StateMachineUpdater] INFO  safemode.SCMSafeModeManager (SCMSafeModeManager.java:validateSafeModeExitRules(138)) - DataNodeSafeModeRule rule is successfully validated
2025-09-19 20:43:10,245 [7c85452d-535d-4afd-8ce9-637c7af67bb0@group-28A5E13E86EF-StateMachineUpdater] INFO  safemode.SCMSafeModeManager (SCMSafeModeManager.java:validateSafeModeExitRules(138)) - RatisContainerSafeModeRule rule is successfully validated
2025-09-19 20:43:10,245 [7c85452d-535d-4afd-8ce9-637c7af67bb0@group-28A5E13E86EF-StateMachineUpdater] INFO  safemode.HealthyPipelineSafeModeRule (HealthyPipelineSafeModeRule.java:initializeRule(228)) - Refreshed total pipeline count is 0, healthy pipeline threshold count is 1
2025-09-19 20:43:10,246 [7c85452d-535d-4afd-8ce9-637c7af67bb0@group-28A5E13E86EF-StateMachineUpdater] INFO  safemode.SCMSafeModeManager (SCMSafeModeManager.java:validateSafeModeExitRules(138)) - ECContainerSafeModeRule rule is successfully validated
2025-09-19 20:43:10,246 [7c85452d-535d-4afd-8ce9-637c7af67bb0@group-28A5E13E86EF-StateMachineUpdater] INFO  safemode.SCMSafeModeManager (SCMSafeModeManager.java:validateSafeModeExitRules(138)) - AtleastOneDatanodeReportedRule rule is successfully validated
2025-09-19 20:43:10,246 [RatisPipelineUtilsThread-0] INFO  pipeline.BackgroundPipelineCreator (BackgroundPipelineCreator.java:createPipelines(246)) - Created new pipeline Pipeline{ Id: a3246346-9092-4970-a9c6-690bcf3999b2, Nodes: [ {2e0fa00c-f693-49a3-a365-75c51b8c5b45(localhost/127.0.0.1), ReplicaIndex: 0},], ReplicationConfig: RATIS/ONE, State:ALLOCATED, leaderId:, CreationTimestamp2025-09-19T20:43:10.241905588Z[Etc/UTC]}
2025-09-19 20:43:10,247 [RatisPipelineUtilsThread-0] INFO  pipeline.RatisPipelineProvider (RatisPipelineProvider.java:lambda$create$0(208)) - Sending CreatePipelineCommand for pipeline:Pipeline-4be8751e-44e4-405a-85cf-12b25595b918 to datanode:76f4805b-b51d-4900-95ce-acf873710621(localhost/127.0.0.1)
2025-09-19 20:43:10,247 [RatisPipelineUtilsThread-0] INFO  pipeline.RatisPipelineProvider (RatisPipelineProvider.java:lambda$create$0(208)) - Sending CreatePipelineCommand for pipeline:Pipeline-4be8751e-44e4-405a-85cf-12b25595b918 to datanode:2e0fa00c-f693-49a3-a365-75c51b8c5b45(localhost/127.0.0.1)
2025-09-19 20:43:10,248 [RatisPipelineUtilsThread-0] INFO  pipeline.RatisPipelineProvider (RatisPipelineProvider.java:lambda$create$0(208)) - Sending CreatePipelineCommand for pipeline:Pipeline-4be8751e-44e4-405a-85cf-12b25595b918 to datanode:6b19ddea-00d3-43a8-b068-4376c2353d98(localhost/127.0.0.1)
2025-09-19 20:43:10,250 [7c85452d-535d-4afd-8ce9-637c7af67bb0@group-28A5E13E86EF-StateMachineUpdater] INFO  safemode.SCMSafeModeManager (SCMSafeModeManager.java:validateSafeModeExitRules(138)) - DataNodeSafeModeRule rule is successfully validated
2025-09-19 20:43:10,250 [7c85452d-535d-4afd-8ce9-637c7af67bb0@group-28A5E13E86EF-StateMachineUpdater] INFO  safemode.SCMSafeModeManager (SCMSafeModeManager.java:validateSafeModeExitRules(138)) - RatisContainerSafeModeRule rule is successfully validated
2025-09-19 20:43:10,250 [7c85452d-535d-4afd-8ce9-637c7af67bb0@group-28A5E13E86EF-StateMachineUpdater] INFO  safemode.HealthyPipelineSafeModeRule (HealthyPipelineSafeModeRule.java:initializeRule(228)) - Refreshed total pipeline count is 0, healthy pipeline threshold count is 1
2025-09-19 20:43:10,250 [7c85452d-535d-4afd-8ce9-637c7af67bb0@group-28A5E13E86EF-StateMachineUpdater] INFO  safemode.SCMSafeModeManager (SCMSafeModeManager.java:validateSafeModeExitRules(138)) - ECContainerSafeModeRule rule is successfully validated
2025-09-19 20:43:10,250 [7c85452d-535d-4afd-8ce9-637c7af67bb0@group-28A5E13E86EF-StateMachineUpdater] INFO  safemode.SCMSafeModeManager (SCMSafeModeManager.java:validateSafeModeExitRules(138)) - AtleastOneDatanodeReportedRule rule is successfully validated
2025-09-19 20:43:10,251 [RatisPipelineUtilsThread-0] INFO  pipeline.BackgroundPipelineCreator (BackgroundPipelineCreator.java:createPipelines(246)) - Created new pipeline Pipeline{ Id: 4be8751e-44e4-405a-85cf-12b25595b918, Nodes: [ {76f4805b-b51d-4900-95ce-acf873710621(localhost/127.0.0.1), ReplicaIndex: 0}, {2e0fa00c-f693-49a3-a365-75c51b8c5b45(localhost/127.0.0.1), ReplicaIndex: 0}, {6b19ddea-00d3-43a8-b068-4376c2353d98(localhost/127.0.0.1), ReplicaIndex: 0},], ReplicationConfig: RATIS/THREE, State:ALLOCATED, leaderId:, CreationTimestamp2025-09-19T20:43:10.247835637Z[Etc/UTC]}
2025-09-19 20:43:10,252 [RatisPipelineUtilsThread-0] INFO  pipeline.RatisPipelineProvider (RatisPipelineProvider.java:lambda$create$0(208)) - Sending CreatePipelineCommand for pipeline:Pipeline-04d8785e-901f-4565-8460-14f278921194 to datanode:2e0fa00c-f693-49a3-a365-75c51b8c5b45(localhost/127.0.0.1)
2025-09-19 20:43:10,252 [RatisPipelineUtilsThread-0] INFO  pipeline.RatisPipelineProvider (RatisPipelineProvider.java:lambda$create$0(208)) - Sending CreatePipelineCommand for pipeline:Pipeline-04d8785e-901f-4565-8460-14f278921194 to datanode:6b19ddea-00d3-43a8-b068-4376c2353d98(localhost/127.0.0.1)
2025-09-19 20:43:10,252 [RatisPipelineUtilsThread-0] INFO  pipeline.RatisPipelineProvider (RatisPipelineProvider.java:lambda$create$0(208)) - Sending CreatePipelineCommand for pipeline:Pipeline-04d8785e-901f-4565-8460-14f278921194 to datanode:76f4805b-b51d-4900-95ce-acf873710621(localhost/127.0.0.1)
2025-09-19 20:43:10,255 [7c85452d-535d-4afd-8ce9-637c7af67bb0@group-28A5E13E86EF-StateMachineUpdater] INFO  safemode.SCMSafeModeManager (SCMSafeModeManager.java:validateSafeModeExitRules(138)) - DataNodeSafeModeRule rule is successfully validated
2025-09-19 20:43:10,255 [7c85452d-535d-4afd-8ce9-637c7af67bb0@group-28A5E13E86EF-StateMachineUpdater] INFO  safemode.SCMSafeModeManager (SCMSafeModeManager.java:validateSafeModeExitRules(138)) - RatisContainerSafeModeRule rule is successfully validated
2025-09-19 20:43:10,255 [7c85452d-535d-4afd-8ce9-637c7af67bb0@group-28A5E13E86EF-StateMachineUpdater] INFO  safemode.HealthyPipelineSafeModeRule (HealthyPipelineSafeModeRule.java:initializeRule(228)) - Refreshed total pipeline count is 0, healthy pipeline threshold count is 1
2025-09-19 20:43:10,256 [7c85452d-535d-4afd-8ce9-637c7af67bb0@group-28A5E13E86EF-StateMachineUpdater] INFO  safemode.SCMSafeModeManager (SCMSafeModeManager.java:validateSafeModeExitRules(138)) - ECContainerSafeModeRule rule is successfully validated
2025-09-19 20:43:10,256 [7c85452d-535d-4afd-8ce9-637c7af67bb0@group-28A5E13E86EF-StateMachineUpdater] INFO  safemode.SCMSafeModeManager (SCMSafeModeManager.java:validateSafeModeExitRules(138)) - AtleastOneDatanodeReportedRule rule is successfully validated
2025-09-19 20:43:10,256 [RatisPipelineUtilsThread-0] INFO  pipeline.PipelineManagerImpl (PipelineManagerImpl.java:recordMetricsForPipeline(922)) - Pipeline-04d8785e-901f-4565-8460-14f278921194 and Pipeline-4be8751e-44e4-405a-85cf-12b25595b918 have exactly the same set of datanodes: [2e0fa00c-f693-49a3-a365-75c51b8c5b45(localhost/127.0.0.1), 6b19ddea-00d3-43a8-b068-4376c2353d98(localhost/127.0.0.1), 76f4805b-b51d-4900-95ce-acf873710621(localhost/127.0.0.1)]
2025-09-19 20:43:10,256 [RatisPipelineUtilsThread-0] INFO  pipeline.BackgroundPipelineCreator (BackgroundPipelineCreator.java:createPipelines(246)) - Created new pipeline Pipeline{ Id: 04d8785e-901f-4565-8460-14f278921194, Nodes: [ {2e0fa00c-f693-49a3-a365-75c51b8c5b45(localhost/127.0.0.1), ReplicaIndex: 0}, {6b19ddea-00d3-43a8-b068-4376c2353d98(localhost/127.0.0.1), ReplicaIndex: 0}, {76f4805b-b51d-4900-95ce-acf873710621(localhost/127.0.0.1), ReplicaIndex: 0},], ReplicationConfig: RATIS/THREE, State:ALLOCATED, leaderId:, CreationTimestamp2025-09-19T20:43:10.252307845Z[Etc/UTC]}
2025-09-19 20:43:10,263 [grpc-default-executor-0] INFO  server.RaftServer (RaftServerProxy.java:addNew(105)) - 8eb9963e-bce0-4155-aea2-e442cadff8bd: addNew group-A751954341BD:[b5a25cc1-46d3-4381-a194-bd68f4526f1c|127.0.0.1:15031, 0df1231c-9f8a-4757-a7d0-f6d7f53bc482|127.0.0.1:15023, 8eb9963e-bce0-4155-aea2-e442cadff8bd|127.0.0.1:15015] returns group-A751954341BD:java.util.concurrent.CompletableFuture@668367aa[Not completed]
2025-09-19 20:43:10,264 [8eb9963e-bce0-4155-aea2-e442cadff8bd-groupManagement] INFO  server.RaftServer$Division (RaftServerImpl.java:<init>(268)) - 8eb9963e-bce0-4155-aea2-e442cadff8bd: new RaftServerImpl for group-A751954341BD:[b5a25cc1-46d3-4381-a194-bd68f4526f1c|127.0.0.1:15031, 0df1231c-9f8a-4757-a7d0-f6d7f53bc482|127.0.0.1:15023, 8eb9963e-bce0-4155-aea2-e442cadff8bd|127.0.0.1:15015] with ContainerStateMachine:uninitialized
2025-09-19 20:43:10,265 [8eb9963e-bce0-4155-aea2-e442cadff8bd-groupManagement] INFO  server.RaftServer$Division (ServerState.java:<init>(114)) - 8eb9963e-bce0-4155-aea2-e442cadff8bd@group-A751954341BD: ConfigurationManager, init=conf: {index: -1, cur=peers:[b5a25cc1-46d3-4381-a194-bd68f4526f1c|127.0.0.1:15031, 0df1231c-9f8a-4757-a7d0-f6d7f53bc482|127.0.0.1:15023, 8eb9963e-bce0-4155-aea2-e442cadff8bd|127.0.0.1:15015]|listeners:[], old=null}, confs=<EMPTY_MAP>
2025-09-19 20:43:10,271 [8eb9963e-bce0-4155-aea2-e442cadff8bd-groupManagement] INFO  server.RaftServerConfigKeys (ConfUtils.java:logGet(62)) - raft.server.storage.dir = [/home/runner/work/ozone/ozone/hadoop-ozone/integration-test/target/test-dir/MiniOzoneClusterImpl-990002c2-bb69-4aa2-bd68-28a5e13e86ef/ozone-metadata/datanode-1/ratis] (custom)
2025-09-19 20:43:10,271 [8eb9963e-bce0-4155-aea2-e442cadff8bd-groupManagement] INFO  storage.RaftStorageDirectory (RaftStorageDirectoryImpl.java:analyzeStorage(138)) - The storage directory /home/runner/work/ozone/ozone/hadoop-ozone/integration-test/target/test-dir/MiniOzoneClusterImpl-990002c2-bb69-4aa2-bd68-28a5e13e86ef/ozone-metadata/datanode-1/ratis/e102d630-0766-4c9c-a6ac-a751954341bd does not exist. Creating ...
2025-09-19 20:43:10,272 [8eb9963e-bce0-4155-aea2-e442cadff8bd-groupManagement] INFO  storage.RaftStorageDirectory (RaftStorageDirectoryImpl.java:tryLock(229)) - Lock on /home/runner/work/ozone/ozone/hadoop-ozone/integration-test/target/test-dir/MiniOzoneClusterImpl-990002c2-bb69-4aa2-bd68-28a5e13e86ef/ozone-metadata/datanode-1/ratis/e102d630-0766-4c9c-a6ac-a751954341bd/in_use.lock acquired by nodename 22744@localhost
2025-09-19 20:43:10,273 [8eb9963e-bce0-4155-aea2-e442cadff8bd-groupManagement] INFO  storage.RaftStorage (RaftStorageImpl.java:format(98)) - Storage directory /home/runner/work/ozone/ozone/hadoop-ozone/integration-test/target/test-dir/MiniOzoneClusterImpl-990002c2-bb69-4aa2-bd68-28a5e13e86ef/ozone-metadata/datanode-1/ratis/e102d630-0766-4c9c-a6ac-a751954341bd has been successfully formatted.
2025-09-19 20:43:10,273 [8eb9963e-bce0-4155-aea2-e442cadff8bd-groupManagement] INFO  ratis.ContainerStateMachine (ContainerStateMachine.java:initialize(339)) - 8eb9963e-bce0-4155-aea2-e442cadff8bd: initialize group-A751954341BD
2025-09-19 20:43:10,273 [8eb9963e-bce0-4155-aea2-e442cadff8bd-groupManagement] INFO  ratis.ContainerStateMachine (ContainerStateMachine.java:loadSnapshot(347)) - group-A751954341BD: The snapshot info is null. Setting the last applied index to:<INITIAL_VALUE>
2025-09-19 20:43:10,273 [8eb9963e-bce0-4155-aea2-e442cadff8bd-groupManagement] INFO  server.RaftServerConfigKeys (ConfUtils.java:logGet(62)) - raft.server.log.appender.buffer.byte-limit = 33554432 (custom)
2025-09-19 20:43:10,275 [EventQueue-PipelineReportForOneReplicaPipelineSafeModeRule] INFO  safemode.SCMSafeModeManager (SCMSafeModeManager.java:validateSafeModeExitRules(138)) - AtleastOneDatanodeReportedRule rule is successfully validated
2025-09-19 20:43:10,277 [8eb9963e-bce0-4155-aea2-e442cadff8bd-groupManagement] INFO  server.RaftServerConfigKeys (ConfUtils.java:logGet(62)) - raft.server.log.segment.size.max = 67108864 (custom)
2025-09-19 20:43:10,278 [8eb9963e-bce0-4155-aea2-e442cadff8bd-groupManagement] INFO  server.RaftServerConfigKeys (ConfUtils.java:logGet(62)) - raft.server.log.appender.buffer.byte-limit = 33554432 (custom)
2025-09-19 20:43:10,278 [8eb9963e-bce0-4155-aea2-e442cadff8bd-groupManagement] INFO  util.AwaitToRun (AwaitToRun.java:start(81)) - Thread[#1187,8eb9963e-bce0-4155-aea2-e442cadff8bd@group-A751954341BD-cacheEviction-AwaitToRun,5,main] started
2025-09-19 20:43:10,278 [8eb9963e-bce0-4155-aea2-e442cadff8bd-groupManagement] INFO  segmented.SegmentedRaftLogWorker (SegmentedRaftLogWorker.java:<init>(190)) - new 8eb9963e-bce0-4155-aea2-e442cadff8bd@group-A751954341BD-SegmentedRaftLogWorker for RaftStorageImpl:Storage Directory /home/runner/work/ozone/ozone/hadoop-ozone/integration-test/target/test-dir/MiniOzoneClusterImpl-990002c2-bb69-4aa2-bd68-28a5e13e86ef/ozone-metadata/datanode-1/ratis/e102d630-0766-4c9c-a6ac-a751954341bd
2025-09-19 20:43:10,278 [8eb9963e-bce0-4155-aea2-e442cadff8bd-groupManagement] INFO  server.RaftServerConfigKeys (ConfUtils.java:logGet(62)) - raft.server.log.queue.byte-limit = 4294967296 (custom)
2025-09-19 20:43:10,278 [8eb9963e-bce0-4155-aea2-e442cadff8bd-groupManagement] INFO  server.RaftServerConfigKeys (ConfUtils.java:logGet(62)) - raft.server.log.segment.size.max = 67108864 (custom)
2025-09-19 20:43:10,278 [8eb9963e-bce0-4155-aea2-e442cadff8bd-groupManagement] INFO  server.RaftServerConfigKeys (ConfUtils.java:logGet(62)) - raft.server.log.preallocated.size = 4194304 (custom)
2025-09-19 20:43:10,279 [8eb9963e-bce0-4155-aea2-e442cadff8bd-groupManagement] INFO  server.RaftServerConfigKeys (ConfUtils.java:logGet(62)) - raft.server.log.write.buffer.size = 33554440 (custom)
2025-09-19 20:43:10,285 [8eb9963e-bce0-4155-aea2-e442cadff8bd-groupManagement] INFO  server.RaftServerConfigKeys (ConfUtils.java:logGet(62)) - raft.server.log.appender.buffer.byte-limit = 33554432 (custom)
2025-09-19 20:43:10,285 [8eb9963e-bce0-4155-aea2-e442cadff8bd-groupManagement] INFO  segmented.SegmentedRaftLogWorker (SegmentedRaftLogWorker.java:lambda$new$0(141)) - 8eb9963e-bce0-4155-aea2-e442cadff8bd@group-A751954341BD-SegmentedRaftLogWorker: flushIndex: setUnconditionally 0 -> -1
2025-09-19 20:43:10,285 [8eb9963e-bce0-4155-aea2-e442cadff8bd-groupManagement] INFO  segmented.SegmentedRaftLogWorker (SegmentedRaftLogWorker.java:lambda$new$0(141)) - 8eb9963e-bce0-4155-aea2-e442cadff8bd@group-A751954341BD-SegmentedRaftLogWorker: safeCacheEvictIndex: setUnconditionally 0 -> -1
2025-09-19 20:43:10,285 [8eb9963e-bce0-4155-aea2-e442cadff8bd-groupManagement] INFO  server.RaftServer$Division (RaftServerImpl.java:start(405)) - 8eb9963e-bce0-4155-aea2-e442cadff8bd@group-A751954341BD: start as a follower, conf=conf: {index: -1, cur=peers:[b5a25cc1-46d3-4381-a194-bd68f4526f1c|127.0.0.1:15031, 0df1231c-9f8a-4757-a7d0-f6d7f53bc482|127.0.0.1:15023, 8eb9963e-bce0-4155-aea2-e442cadff8bd|127.0.0.1:15015]|listeners:[], old=null}
2025-09-19 20:43:10,285 [8eb9963e-bce0-4155-aea2-e442cadff8bd-groupManagement] INFO  server.RaftServer$Division (RaftServerImpl.java:setRole(392)) - 8eb9963e-bce0-4155-aea2-e442cadff8bd@group-A751954341BD: changes role from      null to FOLLOWER at term 0 for startAsFollower
2025-09-19 20:43:10,286 [8eb9963e-bce0-4155-aea2-e442cadff8bd-groupManagement] INFO  impl.RoleInfo (RoleInfo.java:updateAndGet(148)) - 8eb9963e-bce0-4155-aea2-e442cadff8bd: start 8eb9963e-bce0-4155-aea2-e442cadff8bd@group-A751954341BD-FollowerState
2025-09-19 20:43:10,286 [8eb9963e-bce0-4155-aea2-e442cadff8bd-groupManagement] INFO  util.JmxRegister (JmxRegister.java:tryRegister(44)) - Successfully registered JMX Bean with object name Ratis:service=RaftServer,group=group-A751954341BD,id=8eb9963e-bce0-4155-aea2-e442cadff8bd
2025-09-19 20:43:10,286 [8eb9963e-bce0-4155-aea2-e442cadff8bd-groupManagement] INFO  util.JmxRegister (JmxRegister.java:register(58)) - register mxBean class org.apache.ratis.server.impl.RaftServerJmxAdapter as Ratis:service=RaftServer,group=group-A751954341BD,id=8eb9963e-bce0-4155-aea2-e442cadff8bd
2025-09-19 20:43:10,287 [8eb9963e-bce0-4155-aea2-e442cadff8bd-groupManagement] INFO  server.RaftServer$Division (RaftServerImpl.java:start(419)) - 8eb9963e-bce0-4155-aea2-e442cadff8bd@group-A751954341BD: Successfully started.
2025-09-19 20:43:10,328 [grpc-default-executor-0] INFO  server.RaftServer (RaftServerProxy.java:addNew(105)) - b5a25cc1-46d3-4381-a194-bd68f4526f1c: addNew group-A751954341BD:[b5a25cc1-46d3-4381-a194-bd68f4526f1c|127.0.0.1:15031, 0df1231c-9f8a-4757-a7d0-f6d7f53bc482|127.0.0.1:15023, 8eb9963e-bce0-4155-aea2-e442cadff8bd|127.0.0.1:15015] returns group-A751954341BD:java.util.concurrent.CompletableFuture@2d1504de[Not completed]
2025-09-19 20:43:10,330 [b5a25cc1-46d3-4381-a194-bd68f4526f1c-groupManagement] INFO  server.RaftServer$Division (RaftServerImpl.java:<init>(268)) - b5a25cc1-46d3-4381-a194-bd68f4526f1c: new RaftServerImpl for group-A751954341BD:[b5a25cc1-46d3-4381-a194-bd68f4526f1c|127.0.0.1:15031, 0df1231c-9f8a-4757-a7d0-f6d7f53bc482|127.0.0.1:15023, 8eb9963e-bce0-4155-aea2-e442cadff8bd|127.0.0.1:15015] with ContainerStateMachine:uninitialized
2025-09-19 20:43:10,330 [b5a25cc1-46d3-4381-a194-bd68f4526f1c-groupManagement] INFO  server.RaftServer$Division (ServerState.java:<init>(114)) - b5a25cc1-46d3-4381-a194-bd68f4526f1c@group-A751954341BD: ConfigurationManager, init=conf: {index: -1, cur=peers:[b5a25cc1-46d3-4381-a194-bd68f4526f1c|127.0.0.1:15031, 0df1231c-9f8a-4757-a7d0-f6d7f53bc482|127.0.0.1:15023, 8eb9963e-bce0-4155-aea2-e442cadff8bd|127.0.0.1:15015]|listeners:[], old=null}, confs=<EMPTY_MAP>
2025-09-19 20:43:10,339 [b5a25cc1-46d3-4381-a194-bd68f4526f1c-groupManagement] INFO  server.RaftServerConfigKeys (ConfUtils.java:logGet(62)) - raft.server.storage.dir = [/home/runner/work/ozone/ozone/hadoop-ozone/integration-test/target/test-dir/MiniOzoneClusterImpl-990002c2-bb69-4aa2-bd68-28a5e13e86ef/ozone-metadata/datanode-3/ratis] (custom)
2025-09-19 20:43:10,339 [b5a25cc1-46d3-4381-a194-bd68f4526f1c-groupManagement] INFO  storage.RaftStorageDirectory (RaftStorageDirectoryImpl.java:analyzeStorage(138)) - The storage directory /home/runner/work/ozone/ozone/hadoop-ozone/integration-test/target/test-dir/MiniOzoneClusterImpl-990002c2-bb69-4aa2-bd68-28a5e13e86ef/ozone-metadata/datanode-3/ratis/e102d630-0766-4c9c-a6ac-a751954341bd does not exist. Creating ...
2025-09-19 20:43:10,340 [b5a25cc1-46d3-4381-a194-bd68f4526f1c-groupManagement] INFO  storage.RaftStorageDirectory (RaftStorageDirectoryImpl.java:tryLock(229)) - Lock on /home/runner/work/ozone/ozone/hadoop-ozone/integration-test/target/test-dir/MiniOzoneClusterImpl-990002c2-bb69-4aa2-bd68-28a5e13e86ef/ozone-metadata/datanode-3/ratis/e102d630-0766-4c9c-a6ac-a751954341bd/in_use.lock acquired by nodename 22744@localhost
2025-09-19 20:43:10,342 [b5a25cc1-46d3-4381-a194-bd68f4526f1c-groupManagement] INFO  storage.RaftStorage (RaftStorageImpl.java:format(98)) - Storage directory /home/runner/work/ozone/ozone/hadoop-ozone/integration-test/target/test-dir/MiniOzoneClusterImpl-990002c2-bb69-4aa2-bd68-28a5e13e86ef/ozone-metadata/datanode-3/ratis/e102d630-0766-4c9c-a6ac-a751954341bd has been successfully formatted.
2025-09-19 20:43:10,342 [b5a25cc1-46d3-4381-a194-bd68f4526f1c-groupManagement] INFO  ratis.ContainerStateMachine (ContainerStateMachine.java:initialize(339)) - b5a25cc1-46d3-4381-a194-bd68f4526f1c: initialize group-A751954341BD
2025-09-19 20:43:10,342 [b5a25cc1-46d3-4381-a194-bd68f4526f1c-groupManagement] INFO  ratis.ContainerStateMachine (ContainerStateMachine.java:loadSnapshot(347)) - group-A751954341BD: The snapshot info is null. Setting the last applied index to:<INITIAL_VALUE>
2025-09-19 20:43:10,342 [b5a25cc1-46d3-4381-a194-bd68f4526f1c-groupManagement] INFO  server.RaftServerConfigKeys (ConfUtils.java:logGet(62)) - raft.server.log.appender.buffer.byte-limit = 33554432 (custom)
2025-09-19 20:43:10,344 [EventQueue-PipelineReportForOneReplicaPipelineSafeModeRule] INFO  safemode.SCMSafeModeManager (SCMSafeModeManager.java:validateSafeModeExitRules(138)) - AtleastOneDatanodeReportedRule rule is successfully validated
2025-09-19 20:43:10,345 [b5a25cc1-46d3-4381-a194-bd68f4526f1c-groupManagement] INFO  server.RaftServerConfigKeys (ConfUtils.java:logGet(62)) - raft.server.log.segment.size.max = 67108864 (custom)
2025-09-19 20:43:10,346 [b5a25cc1-46d3-4381-a194-bd68f4526f1c-groupManagement] INFO  server.RaftServerConfigKeys (ConfUtils.java:logGet(62)) - raft.server.log.appender.buffer.byte-limit = 33554432 (custom)
2025-09-19 20:43:10,346 [b5a25cc1-46d3-4381-a194-bd68f4526f1c-groupManagement] INFO  util.AwaitToRun (AwaitToRun.java:start(81)) - Thread[#1195,b5a25cc1-46d3-4381-a194-bd68f4526f1c@group-A751954341BD-cacheEviction-AwaitToRun,5,main] started
2025-09-19 20:43:10,346 [b5a25cc1-46d3-4381-a194-bd68f4526f1c-groupManagement] INFO  segmented.SegmentedRaftLogWorker (SegmentedRaftLogWorker.java:<init>(190)) - new b5a25cc1-46d3-4381-a194-bd68f4526f1c@group-A751954341BD-SegmentedRaftLogWorker for RaftStorageImpl:Storage Directory /home/runner/work/ozone/ozone/hadoop-ozone/integration-test/target/test-dir/MiniOzoneClusterImpl-990002c2-bb69-4aa2-bd68-28a5e13e86ef/ozone-metadata/datanode-3/ratis/e102d630-0766-4c9c-a6ac-a751954341bd
2025-09-19 20:43:10,346 [b5a25cc1-46d3-4381-a194-bd68f4526f1c-groupManagement] INFO  server.RaftServerConfigKeys (ConfUtils.java:logGet(62)) - raft.server.log.queue.byte-limit = 4294967296 (custom)
2025-09-19 20:43:10,346 [b5a25cc1-46d3-4381-a194-bd68f4526f1c-groupManagement] INFO  server.RaftServerConfigKeys (ConfUtils.java:logGet(62)) - raft.server.log.segment.size.max = 67108864 (custom)
2025-09-19 20:43:10,347 [b5a25cc1-46d3-4381-a194-bd68f4526f1c-groupManagement] INFO  server.RaftServerConfigKeys (ConfUtils.java:logGet(62)) - raft.server.log.preallocated.size = 4194304 (custom)
2025-09-19 20:43:10,347 [b5a25cc1-46d3-4381-a194-bd68f4526f1c-groupManagement] INFO  server.RaftServerConfigKeys (ConfUtils.java:logGet(62)) - raft.server.log.write.buffer.size = 33554440 (custom)
2025-09-19 20:43:10,353 [b5a25cc1-46d3-4381-a194-bd68f4526f1c-groupManagement] INFO  server.RaftServerConfigKeys (ConfUtils.java:logGet(62)) - raft.server.log.appender.buffer.byte-limit = 33554432 (custom)
2025-09-19 20:43:10,353 [b5a25cc1-46d3-4381-a194-bd68f4526f1c-groupManagement] INFO  segmented.SegmentedRaftLogWorker (SegmentedRaftLogWorker.java:lambda$new$0(141)) - b5a25cc1-46d3-4381-a194-bd68f4526f1c@group-A751954341BD-SegmentedRaftLogWorker: flushIndex: setUnconditionally 0 -> -1
2025-09-19 20:43:10,353 [b5a25cc1-46d3-4381-a194-bd68f4526f1c-groupManagement] INFO  segmented.SegmentedRaftLogWorker (SegmentedRaftLogWorker.java:lambda$new$0(141)) - b5a25cc1-46d3-4381-a194-bd68f4526f1c@group-A751954341BD-SegmentedRaftLogWorker: safeCacheEvictIndex: setUnconditionally 0 -> -1
2025-09-19 20:43:10,354 [b5a25cc1-46d3-4381-a194-bd68f4526f1c-groupManagement] INFO  server.RaftServer$Division (RaftServerImpl.java:start(405)) - b5a25cc1-46d3-4381-a194-bd68f4526f1c@group-A751954341BD: start as a follower, conf=conf: {index: -1, cur=peers:[b5a25cc1-46d3-4381-a194-bd68f4526f1c|127.0.0.1:15031, 0df1231c-9f8a-4757-a7d0-f6d7f53bc482|127.0.0.1:15023, 8eb9963e-bce0-4155-aea2-e442cadff8bd|127.0.0.1:15015]|listeners:[], old=null}
2025-09-19 20:43:10,354 [b5a25cc1-46d3-4381-a194-bd68f4526f1c-groupManagement] INFO  server.RaftServer$Division (RaftServerImpl.java:setRole(392)) - b5a25cc1-46d3-4381-a194-bd68f4526f1c@group-A751954341BD: changes role from      null to FOLLOWER at term 0 for startAsFollower
2025-09-19 20:43:10,354 [b5a25cc1-46d3-4381-a194-bd68f4526f1c-groupManagement] INFO  impl.RoleInfo (RoleInfo.java:updateAndGet(148)) - b5a25cc1-46d3-4381-a194-bd68f4526f1c: start b5a25cc1-46d3-4381-a194-bd68f4526f1c@group-A751954341BD-FollowerState
2025-09-19 20:43:10,355 [b5a25cc1-46d3-4381-a194-bd68f4526f1c-groupManagement] INFO  util.JmxRegister (JmxRegister.java:tryRegister(44)) - Successfully registered JMX Bean with object name Ratis:service=RaftServer,group=group-A751954341BD,id=b5a25cc1-46d3-4381-a194-bd68f4526f1c
2025-09-19 20:43:10,355 [b5a25cc1-46d3-4381-a194-bd68f4526f1c-groupManagement] INFO  util.JmxRegister (JmxRegister.java:register(58)) - register mxBean class org.apache.ratis.server.impl.RaftServerJmxAdapter as Ratis:service=RaftServer,group=group-A751954341BD,id=b5a25cc1-46d3-4381-a194-bd68f4526f1c
2025-09-19 20:43:10,356 [b5a25cc1-46d3-4381-a194-bd68f4526f1c-groupManagement] INFO  server.RaftServer$Division (RaftServerImpl.java:start(419)) - b5a25cc1-46d3-4381-a194-bd68f4526f1c@group-A751954341BD: Successfully started.
2025-09-19 20:43:10,362 [0df1231c-9f8a-4757-a7d0-f6d7f53bc482-CreatePipelineCommandHandlerThread-0] INFO  commandhandler.CreatePipelineCommandHandler (CreatePipelineCommandHandler.java:lambda$handle$2(141)) - Created Pipeline RATIS THREE Pipeline-e102d630-0766-4c9c-a6ac-a751954341bd.
2025-09-19 20:43:10,362 [0df1231c-9f8a-4757-a7d0-f6d7f53bc482-CreatePipelineCommandHandlerThread-0] INFO  server.RaftServer (RaftServerProxy.java:addNew(105)) - 0df1231c-9f8a-4757-a7d0-f6d7f53bc482: addNew group-715EBF8096A7:[b5a25cc1-46d3-4381-a194-bd68f4526f1c|127.0.0.1:15031, 0df1231c-9f8a-4757-a7d0-f6d7f53bc482|127.0.0.1:15023, 8eb9963e-bce0-4155-aea2-e442cadff8bd|127.0.0.1:15015] returns group-715EBF8096A7:java.util.concurrent.CompletableFuture@1f770591[Not completed]
2025-09-19 20:43:10,364 [0df1231c-9f8a-4757-a7d0-f6d7f53bc482-groupManagement] INFO  server.RaftServer$Division (RaftServerImpl.java:<init>(268)) - 0df1231c-9f8a-4757-a7d0-f6d7f53bc482: new RaftServerImpl for group-715EBF8096A7:[b5a25cc1-46d3-4381-a194-bd68f4526f1c|127.0.0.1:15031, 0df1231c-9f8a-4757-a7d0-f6d7f53bc482|127.0.0.1:15023, 8eb9963e-bce0-4155-aea2-e442cadff8bd|127.0.0.1:15015] with ContainerStateMachine:uninitialized
2025-09-19 20:43:10,364 [0df1231c-9f8a-4757-a7d0-f6d7f53bc482-groupManagement] INFO  server.RaftServer$Division (ServerState.java:<init>(114)) - 0df1231c-9f8a-4757-a7d0-f6d7f53bc482@group-715EBF8096A7: ConfigurationManager, init=conf: {index: -1, cur=peers:[b5a25cc1-46d3-4381-a194-bd68f4526f1c|127.0.0.1:15031, 0df1231c-9f8a-4757-a7d0-f6d7f53bc482|127.0.0.1:15023, 8eb9963e-bce0-4155-aea2-e442cadff8bd|127.0.0.1:15015]|listeners:[], old=null}, confs=<EMPTY_MAP>
2025-09-19 20:43:10,371 [0df1231c-9f8a-4757-a7d0-f6d7f53bc482-groupManagement] INFO  server.RaftServerConfigKeys (ConfUtils.java:logGet(62)) - raft.server.storage.dir = [/home/runner/work/ozone/ozone/hadoop-ozone/integration-test/target/test-dir/MiniOzoneClusterImpl-990002c2-bb69-4aa2-bd68-28a5e13e86ef/ozone-metadata/datanode-2/ratis] (custom)
2025-09-19 20:43:10,371 [0df1231c-9f8a-4757-a7d0-f6d7f53bc482-groupManagement] INFO  storage.RaftStorageDirectory (RaftStorageDirectoryImpl.java:analyzeStorage(138)) - The storage directory /home/runner/work/ozone/ozone/hadoop-ozone/integration-test/target/test-dir/MiniOzoneClusterImpl-990002c2-bb69-4aa2-bd68-28a5e13e86ef/ozone-metadata/datanode-2/ratis/958000d3-2396-49be-82e9-715ebf8096a7 does not exist. Creating ...
2025-09-19 20:43:10,372 [0df1231c-9f8a-4757-a7d0-f6d7f53bc482-groupManagement] INFO  storage.RaftStorageDirectory (RaftStorageDirectoryImpl.java:tryLock(229)) - Lock on /home/runner/work/ozone/ozone/hadoop-ozone/integration-test/target/test-dir/MiniOzoneClusterImpl-990002c2-bb69-4aa2-bd68-28a5e13e86ef/ozone-metadata/datanode-2/ratis/958000d3-2396-49be-82e9-715ebf8096a7/in_use.lock acquired by nodename 22744@localhost
2025-09-19 20:43:10,373 [0df1231c-9f8a-4757-a7d0-f6d7f53bc482-groupManagement] INFO  storage.RaftStorage (RaftStorageImpl.java:format(98)) - Storage directory /home/runner/work/ozone/ozone/hadoop-ozone/integration-test/target/test-dir/MiniOzoneClusterImpl-990002c2-bb69-4aa2-bd68-28a5e13e86ef/ozone-metadata/datanode-2/ratis/958000d3-2396-49be-82e9-715ebf8096a7 has been successfully formatted.
2025-09-19 20:43:10,374 [0df1231c-9f8a-4757-a7d0-f6d7f53bc482-groupManagement] INFO  ratis.ContainerStateMachine (ContainerStateMachine.java:initialize(339)) - 0df1231c-9f8a-4757-a7d0-f6d7f53bc482: initialize group-715EBF8096A7
2025-09-19 20:43:10,374 [0df1231c-9f8a-4757-a7d0-f6d7f53bc482-groupManagement] INFO  ratis.ContainerStateMachine (ContainerStateMachine.java:loadSnapshot(347)) - group-715EBF8096A7: The snapshot info is null. Setting the last applied index to:<INITIAL_VALUE>
2025-09-19 20:43:10,374 [0df1231c-9f8a-4757-a7d0-f6d7f53bc482-groupManagement] INFO  server.RaftServerConfigKeys (ConfUtils.java:logGet(62)) - raft.server.log.appender.buffer.byte-limit = 33554432 (custom)
2025-09-19 20:43:10,376 [EventQueue-PipelineReportForOneReplicaPipelineSafeModeRule] INFO  safemode.SCMSafeModeManager (SCMSafeModeManager.java:validateSafeModeExitRules(138)) - AtleastOneDatanodeReportedRule rule is successfully validated
2025-09-19 20:43:10,378 [0df1231c-9f8a-4757-a7d0-f6d7f53bc482-groupManagement] INFO  server.RaftServerConfigKeys (ConfUtils.java:logGet(62)) - raft.server.log.segment.size.max = 67108864 (custom)
2025-09-19 20:43:10,378 [0df1231c-9f8a-4757-a7d0-f6d7f53bc482-groupManagement] INFO  server.RaftServerConfigKeys (ConfUtils.java:logGet(62)) - raft.server.log.appender.buffer.byte-limit = 33554432 (custom)
2025-09-19 20:43:10,379 [0df1231c-9f8a-4757-a7d0-f6d7f53bc482-groupManagement] INFO  util.AwaitToRun (AwaitToRun.java:start(81)) - Thread[#1202,0df1231c-9f8a-4757-a7d0-f6d7f53bc482@group-715EBF8096A7-cacheEviction-AwaitToRun,5,main] started
2025-09-19 20:43:10,379 [0df1231c-9f8a-4757-a7d0-f6d7f53bc482-groupManagement] INFO  segmented.SegmentedRaftLogWorker (SegmentedRaftLogWorker.java:<init>(190)) - new 0df1231c-9f8a-4757-a7d0-f6d7f53bc482@group-715EBF8096A7-SegmentedRaftLogWorker for RaftStorageImpl:Storage Directory /home/runner/work/ozone/ozone/hadoop-ozone/integration-test/target/test-dir/MiniOzoneClusterImpl-990002c2-bb69-4aa2-bd68-28a5e13e86ef/ozone-metadata/datanode-2/ratis/958000d3-2396-49be-82e9-715ebf8096a7
2025-09-19 20:43:10,379 [0df1231c-9f8a-4757-a7d0-f6d7f53bc482-groupManagement] INFO  server.RaftServerConfigKeys (ConfUtils.java:logGet(62)) - raft.server.log.queue.byte-limit = 4294967296 (custom)
2025-09-19 20:43:10,379 [0df1231c-9f8a-4757-a7d0-f6d7f53bc482-groupManagement] INFO  server.RaftServerConfigKeys (ConfUtils.java:logGet(62)) - raft.server.log.segment.size.max = 67108864 (custom)
2025-09-19 20:43:10,379 [0df1231c-9f8a-4757-a7d0-f6d7f53bc482-groupManagement] INFO  server.RaftServerConfigKeys (ConfUtils.java:logGet(62)) - raft.server.log.preallocated.size = 4194304 (custom)
2025-09-19 20:43:10,379 [0df1231c-9f8a-4757-a7d0-f6d7f53bc482-groupManagement] INFO  server.RaftServerConfigKeys (ConfUtils.java:logGet(62)) - raft.server.log.write.buffer.size = 33554440 (custom)
2025-09-19 20:43:10,385 [0df1231c-9f8a-4757-a7d0-f6d7f53bc482-groupManagement] INFO  server.RaftServerConfigKeys (ConfUtils.java:logGet(62)) - raft.server.log.appender.buffer.byte-limit = 33554432 (custom)
2025-09-19 20:43:10,385 [0df1231c-9f8a-4757-a7d0-f6d7f53bc482-groupManagement] INFO  segmented.SegmentedRaftLogWorker (SegmentedRaftLogWorker.java:lambda$new$0(141)) - 0df1231c-9f8a-4757-a7d0-f6d7f53bc482@group-715EBF8096A7-SegmentedRaftLogWorker: flushIndex: setUnconditionally 0 -> -1
2025-09-19 20:43:10,385 [0df1231c-9f8a-4757-a7d0-f6d7f53bc482-groupManagement] INFO  segmented.SegmentedRaftLogWorker (SegmentedRaftLogWorker.java:lambda$new$0(141)) - 0df1231c-9f8a-4757-a7d0-f6d7f53bc482@group-715EBF8096A7-SegmentedRaftLogWorker: safeCacheEvictIndex: setUnconditionally 0 -> -1
2025-09-19 20:43:10,386 [0df1231c-9f8a-4757-a7d0-f6d7f53bc482-groupManagement] INFO  server.RaftServer$Division (RaftServerImpl.java:start(405)) - 0df1231c-9f8a-4757-a7d0-f6d7f53bc482@group-715EBF8096A7: start as a follower, conf=conf: {index: -1, cur=peers:[b5a25cc1-46d3-4381-a194-bd68f4526f1c|127.0.0.1:15031, 0df1231c-9f8a-4757-a7d0-f6d7f53bc482|127.0.0.1:15023, 8eb9963e-bce0-4155-aea2-e442cadff8bd|127.0.0.1:15015]|listeners:[], old=null}
2025-09-19 20:43:10,386 [0df1231c-9f8a-4757-a7d0-f6d7f53bc482-groupManagement] INFO  server.RaftServer$Division (RaftServerImpl.java:setRole(392)) - 0df1231c-9f8a-4757-a7d0-f6d7f53bc482@group-715EBF8096A7: changes role from      null to FOLLOWER at term 0 for startAsFollower
2025-09-19 20:43:10,386 [0df1231c-9f8a-4757-a7d0-f6d7f53bc482-groupManagement] INFO  impl.RoleInfo (RoleInfo.java:updateAndGet(148)) - 0df1231c-9f8a-4757-a7d0-f6d7f53bc482: start 0df1231c-9f8a-4757-a7d0-f6d7f53bc482@group-715EBF8096A7-FollowerState
2025-09-19 20:43:10,386 [0df1231c-9f8a-4757-a7d0-f6d7f53bc482-groupManagement] INFO  util.JmxRegister (JmxRegister.java:tryRegister(44)) - Successfully registered JMX Bean with object name Ratis:service=RaftServer,group=group-715EBF8096A7,id=0df1231c-9f8a-4757-a7d0-f6d7f53bc482
2025-09-19 20:43:10,386 [0df1231c-9f8a-4757-a7d0-f6d7f53bc482-groupManagement] INFO  util.JmxRegister (JmxRegister.java:register(58)) - register mxBean class org.apache.ratis.server.impl.RaftServerJmxAdapter as Ratis:service=RaftServer,group=group-715EBF8096A7,id=0df1231c-9f8a-4757-a7d0-f6d7f53bc482
2025-09-19 20:43:10,387 [0df1231c-9f8a-4757-a7d0-f6d7f53bc482-groupManagement] INFO  server.RaftServer$Division (RaftServerImpl.java:start(419)) - 0df1231c-9f8a-4757-a7d0-f6d7f53bc482@group-715EBF8096A7: Successfully started.
2025-09-19 20:43:10,387 [0df1231c-9f8a-4757-a7d0-f6d7f53bc482-CreatePipelineCommandHandlerThread-0] INFO  ratis.XceiverServerRatis (XceiverServerRatis.java:addGroup(841)) - Created group Pipeline-958000d3-2396-49be-82e9-715ebf8096a7
2025-09-19 20:43:10,396 [grpc-default-executor-0] INFO  server.RaftServer (RaftServerProxy.java:addNew(105)) - b5a25cc1-46d3-4381-a194-bd68f4526f1c: addNew group-715EBF8096A7:[b5a25cc1-46d3-4381-a194-bd68f4526f1c|127.0.0.1:15031, 0df1231c-9f8a-4757-a7d0-f6d7f53bc482|127.0.0.1:15023, 8eb9963e-bce0-4155-aea2-e442cadff8bd|127.0.0.1:15015] returns group-715EBF8096A7:java.util.concurrent.CompletableFuture@b4c7eb4[Not completed]
2025-09-19 20:43:10,398 [b5a25cc1-46d3-4381-a194-bd68f4526f1c-groupManagement] INFO  server.RaftServer$Division (RaftServerImpl.java:<init>(268)) - b5a25cc1-46d3-4381-a194-bd68f4526f1c: new RaftServerImpl for group-715EBF8096A7:[b5a25cc1-46d3-4381-a194-bd68f4526f1c|127.0.0.1:15031, 0df1231c-9f8a-4757-a7d0-f6d7f53bc482|127.0.0.1:15023, 8eb9963e-bce0-4155-aea2-e442cadff8bd|127.0.0.1:15015] with ContainerStateMachine:uninitialized
2025-09-19 20:43:10,398 [b5a25cc1-46d3-4381-a194-bd68f4526f1c-groupManagement] INFO  server.RaftServer$Division (ServerState.java:<init>(114)) - b5a25cc1-46d3-4381-a194-bd68f4526f1c@group-715EBF8096A7: ConfigurationManager, init=conf: {index: -1, cur=peers:[b5a25cc1-46d3-4381-a194-bd68f4526f1c|127.0.0.1:15031, 0df1231c-9f8a-4757-a7d0-f6d7f53bc482|127.0.0.1:15023, 8eb9963e-bce0-4155-aea2-e442cadff8bd|127.0.0.1:15015]|listeners:[], old=null}, confs=<EMPTY_MAP>
2025-09-19 20:43:10,405 [b5a25cc1-46d3-4381-a194-bd68f4526f1c-groupManagement] INFO  server.RaftServerConfigKeys (ConfUtils.java:logGet(62)) - raft.server.storage.dir = [/home/runner/work/ozone/ozone/hadoop-ozone/integration-test/target/test-dir/MiniOzoneClusterImpl-990002c2-bb69-4aa2-bd68-28a5e13e86ef/ozone-metadata/datanode-3/ratis] (custom)
2025-09-19 20:43:10,406 [b5a25cc1-46d3-4381-a194-bd68f4526f1c-groupManagement] INFO  storage.RaftStorageDirectory (RaftStorageDirectoryImpl.java:analyzeStorage(138)) - The storage directory /home/runner/work/ozone/ozone/hadoop-ozone/integration-test/target/test-dir/MiniOzoneClusterImpl-990002c2-bb69-4aa2-bd68-28a5e13e86ef/ozone-metadata/datanode-3/ratis/958000d3-2396-49be-82e9-715ebf8096a7 does not exist. Creating ...
2025-09-19 20:43:10,407 [b5a25cc1-46d3-4381-a194-bd68f4526f1c-groupManagement] INFO  storage.RaftStorageDirectory (RaftStorageDirectoryImpl.java:tryLock(229)) - Lock on /home/runner/work/ozone/ozone/hadoop-ozone/integration-test/target/test-dir/MiniOzoneClusterImpl-990002c2-bb69-4aa2-bd68-28a5e13e86ef/ozone-metadata/datanode-3/ratis/958000d3-2396-49be-82e9-715ebf8096a7/in_use.lock acquired by nodename 22744@localhost
2025-09-19 20:43:10,408 [b5a25cc1-46d3-4381-a194-bd68f4526f1c-groupManagement] INFO  storage.RaftStorage (RaftStorageImpl.java:format(98)) - Storage directory /home/runner/work/ozone/ozone/hadoop-ozone/integration-test/target/test-dir/MiniOzoneClusterImpl-990002c2-bb69-4aa2-bd68-28a5e13e86ef/ozone-metadata/datanode-3/ratis/958000d3-2396-49be-82e9-715ebf8096a7 has been successfully formatted.
2025-09-19 20:43:10,408 [b5a25cc1-46d3-4381-a194-bd68f4526f1c-groupManagement] INFO  ratis.ContainerStateMachine (ContainerStateMachine.java:initialize(339)) - b5a25cc1-46d3-4381-a194-bd68f4526f1c: initialize group-715EBF8096A7
2025-09-19 20:43:10,408 [b5a25cc1-46d3-4381-a194-bd68f4526f1c-groupManagement] INFO  ratis.ContainerStateMachine (ContainerStateMachine.java:loadSnapshot(347)) - group-715EBF8096A7: The snapshot info is null. Setting the last applied index to:<INITIAL_VALUE>
2025-09-19 20:43:10,408 [b5a25cc1-46d3-4381-a194-bd68f4526f1c-groupManagement] INFO  server.RaftServerConfigKeys (ConfUtils.java:logGet(62)) - raft.server.log.appender.buffer.byte-limit = 33554432 (custom)
2025-09-19 20:43:10,411 [EventQueue-PipelineReportForOneReplicaPipelineSafeModeRule] INFO  safemode.SCMSafeModeManager (SCMSafeModeManager.java:validateSafeModeExitRules(138)) - AtleastOneDatanodeReportedRule rule is successfully validated
2025-09-19 20:43:10,413 [b5a25cc1-46d3-4381-a194-bd68f4526f1c-groupManagement] INFO  server.RaftServerConfigKeys (ConfUtils.java:logGet(62)) - raft.server.log.segment.size.max = 67108864 (custom)
2025-09-19 20:43:10,413 [b5a25cc1-46d3-4381-a194-bd68f4526f1c-groupManagement] INFO  server.RaftServerConfigKeys (ConfUtils.java:logGet(62)) - raft.server.log.appender.buffer.byte-limit = 33554432 (custom)
2025-09-19 20:43:10,414 [b5a25cc1-46d3-4381-a194-bd68f4526f1c-groupManagement] INFO  util.AwaitToRun (AwaitToRun.java:start(81)) - Thread[#1206,b5a25cc1-46d3-4381-a194-bd68f4526f1c@group-715EBF8096A7-cacheEviction-AwaitToRun,5,main] started
2025-09-19 20:43:10,414 [b5a25cc1-46d3-4381-a194-bd68f4526f1c-groupManagement] INFO  segmented.SegmentedRaftLogWorker (SegmentedRaftLogWorker.java:<init>(190)) - new b5a25cc1-46d3-4381-a194-bd68f4526f1c@group-715EBF8096A7-SegmentedRaftLogWorker for RaftStorageImpl:Storage Directory /home/runner/work/ozone/ozone/hadoop-ozone/integration-test/target/test-dir/MiniOzoneClusterImpl-990002c2-bb69-4aa2-bd68-28a5e13e86ef/ozone-metadata/datanode-3/ratis/958000d3-2396-49be-82e9-715ebf8096a7
2025-09-19 20:43:10,414 [b5a25cc1-46d3-4381-a194-bd68f4526f1c-groupManagement] INFO  server.RaftServerConfigKeys (ConfUtils.java:logGet(62)) - raft.server.log.queue.byte-limit = 4294967296 (custom)
2025-09-19 20:43:10,414 [b5a25cc1-46d3-4381-a194-bd68f4526f1c-groupManagement] INFO  server.RaftServerConfigKeys (ConfUtils.java:logGet(62)) - raft.server.log.segment.size.max = 67108864 (custom)
2025-09-19 20:43:10,414 [b5a25cc1-46d3-4381-a194-bd68f4526f1c-groupManagement] INFO  server.RaftServerConfigKeys (ConfUtils.java:logGet(62)) - raft.server.log.preallocated.size = 4194304 (custom)
2025-09-19 20:43:10,416 [b5a25cc1-46d3-4381-a194-bd68f4526f1c-groupManagement] INFO  server.RaftServerConfigKeys (ConfUtils.java:logGet(62)) - raft.server.log.write.buffer.size = 33554440 (custom)
2025-09-19 20:43:10,424 [b5a25cc1-46d3-4381-a194-bd68f4526f1c-groupManagement] INFO  server.RaftServerConfigKeys (ConfUtils.java:logGet(62)) - raft.server.log.appender.buffer.byte-limit = 33554432 (custom)
2025-09-19 20:43:10,424 [b5a25cc1-46d3-4381-a194-bd68f4526f1c-groupManagement] INFO  segmented.SegmentedRaftLogWorker (SegmentedRaftLogWorker.java:lambda$new$0(141)) - b5a25cc1-46d3-4381-a194-bd68f4526f1c@group-715EBF8096A7-SegmentedRaftLogWorker: flushIndex: setUnconditionally 0 -> -1
2025-09-19 20:43:10,424 [b5a25cc1-46d3-4381-a194-bd68f4526f1c-groupManagement] INFO  segmented.SegmentedRaftLogWorker (SegmentedRaftLogWorker.java:lambda$new$0(141)) - b5a25cc1-46d3-4381-a194-bd68f4526f1c@group-715EBF8096A7-SegmentedRaftLogWorker: safeCacheEvictIndex: setUnconditionally 0 -> -1
2025-09-19 20:43:10,426 [b5a25cc1-46d3-4381-a194-bd68f4526f1c-groupManagement] INFO  server.RaftServer$Division (RaftServerImpl.java:start(405)) - b5a25cc1-46d3-4381-a194-bd68f4526f1c@group-715EBF8096A7: start as a follower, conf=conf: {index: -1, cur=peers:[b5a25cc1-46d3-4381-a194-bd68f4526f1c|127.0.0.1:15031, 0df1231c-9f8a-4757-a7d0-f6d7f53bc482|127.0.0.1:15023, 8eb9963e-bce0-4155-aea2-e442cadff8bd|127.0.0.1:15015]|listeners:[], old=null}
2025-09-19 20:43:10,426 [b5a25cc1-46d3-4381-a194-bd68f4526f1c-groupManagement] INFO  server.RaftServer$Division (RaftServerImpl.java:setRole(392)) - b5a25cc1-46d3-4381-a194-bd68f4526f1c@group-715EBF8096A7: changes role from      null to FOLLOWER at term 0 for startAsFollower
2025-09-19 20:43:10,426 [b5a25cc1-46d3-4381-a194-bd68f4526f1c-groupManagement] INFO  impl.RoleInfo (RoleInfo.java:updateAndGet(148)) - b5a25cc1-46d3-4381-a194-bd68f4526f1c: start b5a25cc1-46d3-4381-a194-bd68f4526f1c@group-715EBF8096A7-FollowerState
2025-09-19 20:43:10,426 [b5a25cc1-46d3-4381-a194-bd68f4526f1c-groupManagement] INFO  util.JmxRegister (JmxRegister.java:tryRegister(44)) - Successfully registered JMX Bean with object name Ratis:service=RaftServer,group=group-715EBF8096A7,id=b5a25cc1-46d3-4381-a194-bd68f4526f1c
2025-09-19 20:43:10,426 [b5a25cc1-46d3-4381-a194-bd68f4526f1c-groupManagement] INFO  util.JmxRegister (JmxRegister.java:register(58)) - register mxBean class org.apache.ratis.server.impl.RaftServerJmxAdapter as Ratis:service=RaftServer,group=group-715EBF8096A7,id=b5a25cc1-46d3-4381-a194-bd68f4526f1c
2025-09-19 20:43:10,428 [b5a25cc1-46d3-4381-a194-bd68f4526f1c-groupManagement] INFO  server.RaftServer$Division (RaftServerImpl.java:start(419)) - b5a25cc1-46d3-4381-a194-bd68f4526f1c@group-715EBF8096A7: Successfully started.
2025-09-19 20:43:10,442 [grpc-default-executor-0] INFO  server.RaftServer (RaftServerProxy.java:addNew(105)) - 8eb9963e-bce0-4155-aea2-e442cadff8bd: addNew group-715EBF8096A7:[b5a25cc1-46d3-4381-a194-bd68f4526f1c|127.0.0.1:15031, 0df1231c-9f8a-4757-a7d0-f6d7f53bc482|127.0.0.1:15023, 8eb9963e-bce0-4155-aea2-e442cadff8bd|127.0.0.1:15015] returns group-715EBF8096A7:java.util.concurrent.CompletableFuture@e7aa8f7[Not completed]
2025-09-19 20:43:10,444 [8eb9963e-bce0-4155-aea2-e442cadff8bd-groupManagement] INFO  server.RaftServer$Division (RaftServerImpl.java:<init>(268)) - 8eb9963e-bce0-4155-aea2-e442cadff8bd: new RaftServerImpl for group-715EBF8096A7:[b5a25cc1-46d3-4381-a194-bd68f4526f1c|127.0.0.1:15031, 0df1231c-9f8a-4757-a7d0-f6d7f53bc482|127.0.0.1:15023, 8eb9963e-bce0-4155-aea2-e442cadff8bd|127.0.0.1:15015] with ContainerStateMachine:uninitialized
2025-09-19 20:43:10,444 [8eb9963e-bce0-4155-aea2-e442cadff8bd-groupManagement] INFO  server.RaftServer$Division (ServerState.java:<init>(114)) - 8eb9963e-bce0-4155-aea2-e442cadff8bd@group-715EBF8096A7: ConfigurationManager, init=conf: {index: -1, cur=peers:[b5a25cc1-46d3-4381-a194-bd68f4526f1c|127.0.0.1:15031, 0df1231c-9f8a-4757-a7d0-f6d7f53bc482|127.0.0.1:15023, 8eb9963e-bce0-4155-aea2-e442cadff8bd|127.0.0.1:15015]|listeners:[], old=null}, confs=<EMPTY_MAP>
2025-09-19 20:43:10,450 [8eb9963e-bce0-4155-aea2-e442cadff8bd-groupManagement] INFO  server.RaftServerConfigKeys (ConfUtils.java:logGet(62)) - raft.server.storage.dir = [/home/runner/work/ozone/ozone/hadoop-ozone/integration-test/target/test-dir/MiniOzoneClusterImpl-990002c2-bb69-4aa2-bd68-28a5e13e86ef/ozone-metadata/datanode-1/ratis] (custom)
2025-09-19 20:43:10,450 [8eb9963e-bce0-4155-aea2-e442cadff8bd-groupManagement] INFO  storage.RaftStorageDirectory (RaftStorageDirectoryImpl.java:analyzeStorage(138)) - The storage directory /home/runner/work/ozone/ozone/hadoop-ozone/integration-test/target/test-dir/MiniOzoneClusterImpl-990002c2-bb69-4aa2-bd68-28a5e13e86ef/ozone-metadata/datanode-1/ratis/958000d3-2396-49be-82e9-715ebf8096a7 does not exist. Creating ...
2025-09-19 20:43:10,451 [8eb9963e-bce0-4155-aea2-e442cadff8bd-groupManagement] INFO  storage.RaftStorageDirectory (RaftStorageDirectoryImpl.java:tryLock(229)) - Lock on /home/runner/work/ozone/ozone/hadoop-ozone/integration-test/target/test-dir/MiniOzoneClusterImpl-990002c2-bb69-4aa2-bd68-28a5e13e86ef/ozone-metadata/datanode-1/ratis/958000d3-2396-49be-82e9-715ebf8096a7/in_use.lock acquired by nodename 22744@localhost
2025-09-19 20:43:10,452 [8eb9963e-bce0-4155-aea2-e442cadff8bd-groupManagement] INFO  storage.RaftStorage (RaftStorageImpl.java:format(98)) - Storage directory /home/runner/work/ozone/ozone/hadoop-ozone/integration-test/target/test-dir/MiniOzoneClusterImpl-990002c2-bb69-4aa2-bd68-28a5e13e86ef/ozone-metadata/datanode-1/ratis/958000d3-2396-49be-82e9-715ebf8096a7 has been successfully formatted.
2025-09-19 20:43:10,452 [8eb9963e-bce0-4155-aea2-e442cadff8bd-groupManagement] INFO  ratis.ContainerStateMachine (ContainerStateMachine.java:initialize(339)) - 8eb9963e-bce0-4155-aea2-e442cadff8bd: initialize group-715EBF8096A7
2025-09-19 20:43:10,452 [8eb9963e-bce0-4155-aea2-e442cadff8bd-groupManagement] INFO  ratis.ContainerStateMachine (ContainerStateMachine.java:loadSnapshot(347)) - group-715EBF8096A7: The snapshot info is null. Setting the last applied index to:<INITIAL_VALUE>
2025-09-19 20:43:10,452 [8eb9963e-bce0-4155-aea2-e442cadff8bd-groupManagement] INFO  server.RaftServerConfigKeys (ConfUtils.java:logGet(62)) - raft.server.log.appender.buffer.byte-limit = 33554432 (custom)
2025-09-19 20:43:10,456 [8eb9963e-bce0-4155-aea2-e442cadff8bd-groupManagement] INFO  server.RaftServerConfigKeys (ConfUtils.java:logGet(62)) - raft.server.log.segment.size.max = 67108864 (custom)
2025-09-19 20:43:10,456 [8eb9963e-bce0-4155-aea2-e442cadff8bd-groupManagement] INFO  server.RaftServerConfigKeys (ConfUtils.java:logGet(62)) - raft.server.log.appender.buffer.byte-limit = 33554432 (custom)
2025-09-19 20:43:10,456 [8eb9963e-bce0-4155-aea2-e442cadff8bd-groupManagement] INFO  util.AwaitToRun (AwaitToRun.java:start(81)) - Thread[#1213,8eb9963e-bce0-4155-aea2-e442cadff8bd@group-715EBF8096A7-cacheEviction-AwaitToRun,5,main] started
2025-09-19 20:43:10,457 [8eb9963e-bce0-4155-aea2-e442cadff8bd-groupManagement] INFO  segmented.SegmentedRaftLogWorker (SegmentedRaftLogWorker.java:<init>(190)) - new 8eb9963e-bce0-4155-aea2-e442cadff8bd@group-715EBF8096A7-SegmentedRaftLogWorker for RaftStorageImpl:Storage Directory /home/runner/work/ozone/ozone/hadoop-ozone/integration-test/target/test-dir/MiniOzoneClusterImpl-990002c2-bb69-4aa2-bd68-28a5e13e86ef/ozone-metadata/datanode-1/ratis/958000d3-2396-49be-82e9-715ebf8096a7
2025-09-19 20:43:10,457 [8eb9963e-bce0-4155-aea2-e442cadff8bd-groupManagement] INFO  server.RaftServerConfigKeys (ConfUtils.java:logGet(62)) - raft.server.log.queue.byte-limit = 4294967296 (custom)
2025-09-19 20:43:10,457 [8eb9963e-bce0-4155-aea2-e442cadff8bd-groupManagement] INFO  server.RaftServerConfigKeys (ConfUtils.java:logGet(62)) - raft.server.log.segment.size.max = 67108864 (custom)
2025-09-19 20:43:10,457 [8eb9963e-bce0-4155-aea2-e442cadff8bd-groupManagement] INFO  server.RaftServerConfigKeys (ConfUtils.java:logGet(62)) - raft.server.log.preallocated.size = 4194304 (custom)
2025-09-19 20:43:10,457 [8eb9963e-bce0-4155-aea2-e442cadff8bd-groupManagement] INFO  server.RaftServerConfigKeys (ConfUtils.java:logGet(62)) - raft.server.log.write.buffer.size = 33554440 (custom)
2025-09-19 20:43:10,458 [EventQueue-PipelineReportForOneReplicaPipelineSafeModeRule] INFO  safemode.SCMSafeModeManager (SCMSafeModeManager.java:validateSafeModeExitRules(138)) - AtleastOneDatanodeReportedRule rule is successfully validated
2025-09-19 20:43:10,463 [8eb9963e-bce0-4155-aea2-e442cadff8bd-groupManagement] INFO  server.RaftServerConfigKeys (ConfUtils.java:logGet(62)) - raft.server.log.appender.buffer.byte-limit = 33554432 (custom)
2025-09-19 20:43:10,463 [8eb9963e-bce0-4155-aea2-e442cadff8bd-groupManagement] INFO  segmented.SegmentedRaftLogWorker (SegmentedRaftLogWorker.java:lambda$new$0(141)) - 8eb9963e-bce0-4155-aea2-e442cadff8bd@group-715EBF8096A7-SegmentedRaftLogWorker: flushIndex: setUnconditionally 0 -> -1
2025-09-19 20:43:10,464 [8eb9963e-bce0-4155-aea2-e442cadff8bd-groupManagement] INFO  segmented.SegmentedRaftLogWorker (SegmentedRaftLogWorker.java:lambda$new$0(141)) - 8eb9963e-bce0-4155-aea2-e442cadff8bd@group-715EBF8096A7-SegmentedRaftLogWorker: safeCacheEvictIndex: setUnconditionally 0 -> -1
2025-09-19 20:43:10,464 [8eb9963e-bce0-4155-aea2-e442cadff8bd-groupManagement] INFO  server.RaftServer$Division (RaftServerImpl.java:start(405)) - 8eb9963e-bce0-4155-aea2-e442cadff8bd@group-715EBF8096A7: start as a follower, conf=conf: {index: -1, cur=peers:[b5a25cc1-46d3-4381-a194-bd68f4526f1c|127.0.0.1:15031, 0df1231c-9f8a-4757-a7d0-f6d7f53bc482|127.0.0.1:15023, 8eb9963e-bce0-4155-aea2-e442cadff8bd|127.0.0.1:15015]|listeners:[], old=null}
2025-09-19 20:43:10,464 [8eb9963e-bce0-4155-aea2-e442cadff8bd-groupManagement] INFO  server.RaftServer$Division (RaftServerImpl.java:setRole(392)) - 8eb9963e-bce0-4155-aea2-e442cadff8bd@group-715EBF8096A7: changes role from      null to FOLLOWER at term 0 for startAsFollower
2025-09-19 20:43:10,464 [8eb9963e-bce0-4155-aea2-e442cadff8bd-groupManagement] INFO  impl.RoleInfo (RoleInfo.java:updateAndGet(148)) - 8eb9963e-bce0-4155-aea2-e442cadff8bd: start 8eb9963e-bce0-4155-aea2-e442cadff8bd@group-715EBF8096A7-FollowerState
2025-09-19 20:43:10,464 [8eb9963e-bce0-4155-aea2-e442cadff8bd-groupManagement] INFO  util.JmxRegister (JmxRegister.java:tryRegister(44)) - Successfully registered JMX Bean with object name Ratis:service=RaftServer,group=group-715EBF8096A7,id=8eb9963e-bce0-4155-aea2-e442cadff8bd
2025-09-19 20:43:10,465 [8eb9963e-bce0-4155-aea2-e442cadff8bd-groupManagement] INFO  util.JmxRegister (JmxRegister.java:register(58)) - register mxBean class org.apache.ratis.server.impl.RaftServerJmxAdapter as Ratis:service=RaftServer,group=group-715EBF8096A7,id=8eb9963e-bce0-4155-aea2-e442cadff8bd
2025-09-19 20:43:10,466 [8eb9963e-bce0-4155-aea2-e442cadff8bd-groupManagement] INFO  server.RaftServer$Division (RaftServerImpl.java:start(419)) - 8eb9963e-bce0-4155-aea2-e442cadff8bd@group-715EBF8096A7: Successfully started.
2025-09-19 20:43:10,471 [0df1231c-9f8a-4757-a7d0-f6d7f53bc482-CreatePipelineCommandHandlerThread-0] INFO  commandhandler.CreatePipelineCommandHandler (CreatePipelineCommandHandler.java:lambda$handle$2(141)) - Created Pipeline RATIS THREE Pipeline-958000d3-2396-49be-82e9-715ebf8096a7.
2025-09-19 20:43:10,472 [IPC Server handler 25 on default port 15002] INFO  net.NetworkTopologyImpl (NetworkTopologyImpl.java:add(133)) - Added a new node: /rack1/43523384-1488-4733-9c5e-86b5f6f4eeb8
2025-09-19 20:43:10,472 [IPC Server handler 25 on default port 15002] INFO  node.SCMNodeManager (SCMNodeManager.java:register(423)) - Registered datanode: 43523384-1488-4733-9c5e-86b5f6f4eeb8{ip: 127.0.0.1, host: localhost, ports: [HTTP=15082, CLIENT_RPC=15083, REPLICATION=15089, RATIS=15085, RATIS_ADMIN=15086, RATIS_SERVER=15087, RATIS_DATASTREAM=15088, STANDALONE=15084], networkLocation: /rack1, certSerialId: null, persistedOpState: null, persistedOpStateExpiryEpochSec: 0}
2025-09-19 20:43:10,472 [ForkJoinPool-1-worker-1] INFO  ozone.MiniOzoneClusterImpl (MiniOzoneClusterImpl.java:lambda$waitForClusterToBeReady$0(181)) - Nodes are ready. Got 10 of 10 DN Heartbeats.
2025-09-19 20:43:10,472 [ForkJoinPool-1-worker-1] INFO  ozone.MiniOzoneClusterImpl (MiniOzoneClusterImpl.java:lambda$waitForClusterToBeReady$0(184)) - Waiting for cluster to exit safe mode
2025-09-19 20:43:10,473 [ForkJoinPool-1-worker-1] INFO  ozone.MiniOzoneClusterImpl (MiniOzoneClusterImpl.java:lambda$waitForClusterToBeReady$0(186)) - SCM became leader
2025-09-19 20:43:10,473 [EventQueue-NodeRegistrationContainerReportForDataNodeSafeModeRule] INFO  safemode.SCMSafeModeManager (SCMSafeModeManager.java:validateSafeModeExitRules(138)) - DataNodeSafeModeRule rule is successfully validated
2025-09-19 20:43:10,473 [EventQueue-PipelineReportForOneReplicaPipelineSafeModeRule] INFO  safemode.SCMSafeModeManager (SCMSafeModeManager.java:validateSafeModeExitRules(138)) - AtleastOneDatanodeReportedRule rule is successfully validated
2025-09-19 20:43:10,474 [EventQueue-ContainerRegistrationReportForRatisContainerSafeModeRule] INFO  safemode.SCMSafeModeManager (SCMSafeModeManager.java:validateSafeModeExitRules(138)) - RatisContainerSafeModeRule rule is successfully validated
2025-09-19 20:43:10,474 [EventQueue-ContainerRegistrationReportForECContainerSafeModeRule] INFO  safemode.SCMSafeModeManager (SCMSafeModeManager.java:validateSafeModeExitRules(138)) - ECContainerSafeModeRule rule is successfully validated
2025-09-19 20:43:10,473 [EventQueue-NewNodeForNewNodeHandler] INFO  pipeline.BackgroundPipelineCreator (BackgroundPipelineCreator.java:notifyEventTriggered(290)) - trigger a one-shot run on RatisPipelineUtilsThread.
2025-09-19 20:43:10,475 [RatisPipelineUtilsThread-0] INFO  pipeline.RatisPipelineProvider (RatisPipelineProvider.java:lambda$create$0(208)) - Sending CreatePipelineCommand for pipeline:Pipeline-d8173366-d12d-4de3-af7b-42cf5f8861fa to datanode:43523384-1488-4733-9c5e-86b5f6f4eeb8(localhost/127.0.0.1)
2025-09-19 20:43:10,479 [7c85452d-535d-4afd-8ce9-637c7af67bb0@group-28A5E13E86EF-StateMachineUpdater] INFO  safemode.SCMSafeModeManager (SCMSafeModeManager.java:validateSafeModeExitRules(138)) - DataNodeSafeModeRule rule is successfully validated
2025-09-19 20:43:10,479 [7c85452d-535d-4afd-8ce9-637c7af67bb0@group-28A5E13E86EF-StateMachineUpdater] INFO  safemode.SCMSafeModeManager (SCMSafeModeManager.java:validateSafeModeExitRules(138)) - RatisContainerSafeModeRule rule is successfully validated
2025-09-19 20:43:10,479 [7c85452d-535d-4afd-8ce9-637c7af67bb0@group-28A5E13E86EF-StateMachineUpdater] INFO  safemode.HealthyPipelineSafeModeRule (HealthyPipelineSafeModeRule.java:initializeRule(228)) - Refreshed total pipeline count is 0, healthy pipeline threshold count is 1
2025-09-19 20:43:10,479 [7c85452d-535d-4afd-8ce9-637c7af67bb0@group-28A5E13E86EF-StateMachineUpdater] INFO  safemode.SCMSafeModeManager (SCMSafeModeManager.java:validateSafeModeExitRules(138)) - ECContainerSafeModeRule rule is successfully validated
2025-09-19 20:43:10,479 [7c85452d-535d-4afd-8ce9-637c7af67bb0@group-28A5E13E86EF-StateMachineUpdater] INFO  safemode.SCMSafeModeManager (SCMSafeModeManager.java:validateSafeModeExitRules(138)) - AtleastOneDatanodeReportedRule rule is successfully validated
2025-09-19 20:43:10,479 [RatisPipelineUtilsThread-0] INFO  pipeline.BackgroundPipelineCreator (BackgroundPipelineCreator.java:createPipelines(246)) - Created new pipeline Pipeline{ Id: d8173366-d12d-4de3-af7b-42cf5f8861fa, Nodes: [ {43523384-1488-4733-9c5e-86b5f6f4eeb8(localhost/127.0.0.1), ReplicaIndex: 0},], ReplicationConfig: RATIS/ONE, State:ALLOCATED, leaderId:, CreationTimestamp2025-09-19T20:43:10.475796092Z[Etc/UTC]}
2025-09-19 20:43:10,634 [8eb9963e-bce0-4155-aea2-e442cadff8bd-CreatePipelineCommandHandlerThread-0] INFO  server.RaftServer (RaftServerProxy.java:addNew(105)) - 8eb9963e-bce0-4155-aea2-e442cadff8bd: addNew group-0133D85F5F20:[8eb9963e-bce0-4155-aea2-e442cadff8bd|127.0.0.1:15015] returns group-0133D85F5F20:java.util.concurrent.CompletableFuture@37858a4e[Not completed]
2025-09-19 20:43:10,635 [8eb9963e-bce0-4155-aea2-e442cadff8bd-groupManagement] INFO  server.RaftServer$Division (RaftServerImpl.java:<init>(268)) - 8eb9963e-bce0-4155-aea2-e442cadff8bd: new RaftServerImpl for group-0133D85F5F20:[8eb9963e-bce0-4155-aea2-e442cadff8bd|127.0.0.1:15015] with ContainerStateMachine:uninitialized
2025-09-19 20:43:10,636 [8eb9963e-bce0-4155-aea2-e442cadff8bd-groupManagement] INFO  server.RaftServer$Division (ServerState.java:<init>(114)) - 8eb9963e-bce0-4155-aea2-e442cadff8bd@group-0133D85F5F20: ConfigurationManager, init=conf: {index: -1, cur=peers:[8eb9963e-bce0-4155-aea2-e442cadff8bd|127.0.0.1:15015]|listeners:[], old=null}, confs=<EMPTY_MAP>
2025-09-19 20:43:10,643 [8eb9963e-bce0-4155-aea2-e442cadff8bd-groupManagement] INFO  storage.RaftStorageDirectory (RaftStorageDirectoryImpl.java:analyzeStorage(138)) - The storage directory /home/runner/work/ozone/ozone/hadoop-ozone/integration-test/target/test-dir/MiniOzoneClusterImpl-990002c2-bb69-4aa2-bd68-28a5e13e86ef/ozone-metadata/datanode-1/ratis/c953b843-7a8e-4433-916d-0133d85f5f20 does not exist. Creating ...
2025-09-19 20:43:10,644 [8eb9963e-bce0-4155-aea2-e442cadff8bd-groupManagement] INFO  storage.RaftStorageDirectory (RaftStorageDirectoryImpl.java:tryLock(229)) - Lock on /home/runner/work/ozone/ozone/hadoop-ozone/integration-test/target/test-dir/MiniOzoneClusterImpl-990002c2-bb69-4aa2-bd68-28a5e13e86ef/ozone-metadata/datanode-1/ratis/c953b843-7a8e-4433-916d-0133d85f5f20/in_use.lock acquired by nodename 22744@localhost
2025-09-19 20:43:10,645 [8eb9963e-bce0-4155-aea2-e442cadff8bd-groupManagement] INFO  storage.RaftStorage (RaftStorageImpl.java:format(98)) - Storage directory /home/runner/work/ozone/ozone/hadoop-ozone/integration-test/target/test-dir/MiniOzoneClusterImpl-990002c2-bb69-4aa2-bd68-28a5e13e86ef/ozone-metadata/datanode-1/ratis/c953b843-7a8e-4433-916d-0133d85f5f20 has been successfully formatted.
2025-09-19 20:43:10,645 [8eb9963e-bce0-4155-aea2-e442cadff8bd-groupManagement] INFO  ratis.ContainerStateMachine (ContainerStateMachine.java:initialize(339)) - 8eb9963e-bce0-4155-aea2-e442cadff8bd: initialize group-0133D85F5F20
2025-09-19 20:43:10,646 [8eb9963e-bce0-4155-aea2-e442cadff8bd-groupManagement] INFO  ratis.ContainerStateMachine (ContainerStateMachine.java:loadSnapshot(347)) - group-0133D85F5F20: The snapshot info is null. Setting the last applied index to:<INITIAL_VALUE>
2025-09-19 20:43:10,646 [8eb9963e-bce0-4155-aea2-e442cadff8bd-groupManagement] INFO  server.RaftServerConfigKeys (ConfUtils.java:logGet(62)) - raft.server.log.appender.buffer.byte-limit = 33554432 (custom)
2025-09-19 20:43:10,647 [EventQueue-PipelineReportForOneReplicaPipelineSafeModeRule] INFO  safemode.SCMSafeModeManager (SCMSafeModeManager.java:validateSafeModeExitRules(138)) - AtleastOneDatanodeReportedRule rule is successfully validated
2025-09-19 20:43:10,650 [7c85452d-535d-4afd-8ce9-637c7af67bb0@group-28A5E13E86EF-StateMachineUpdater] INFO  safemode.SCMSafeModeManager (SCMSafeModeManager.java:validateSafeModeExitRules(138)) - DataNodeSafeModeRule rule is successfully validated
2025-09-19 20:43:10,650 [7c85452d-535d-4afd-8ce9-637c7af67bb0@group-28A5E13E86EF-StateMachineUpdater] INFO  safemode.SCMSafeModeManager (SCMSafeModeManager.java:validateSafeModeExitRules(138)) - RatisContainerSafeModeRule rule is successfully validated
2025-09-19 20:43:10,651 [7c85452d-535d-4afd-8ce9-637c7af67bb0@group-28A5E13E86EF-StateMachineUpdater] INFO  safemode.HealthyPipelineSafeModeRule (HealthyPipelineSafeModeRule.java:initializeRule(228)) - Refreshed total pipeline count is 0, healthy pipeline threshold count is 1
2025-09-19 20:43:10,651 [7c85452d-535d-4afd-8ce9-637c7af67bb0@group-28A5E13E86EF-StateMachineUpdater] INFO  safemode.SCMSafeModeManager (SCMSafeModeManager.java:validateSafeModeExitRules(138)) - ECContainerSafeModeRule rule is successfully validated
2025-09-19 20:43:10,651 [7c85452d-535d-4afd-8ce9-637c7af67bb0@group-28A5E13E86EF-StateMachineUpdater] INFO  safemode.SCMSafeModeManager (SCMSafeModeManager.java:validateSafeModeExitRules(138)) - AtleastOneDatanodeReportedRule rule is successfully validated
2025-09-19 20:43:10,651 [EventQueue-PipelineReportForPipelineReportHandler] INFO  pipeline.PipelineReportHandler (PipelineReportHandler.java:processPipelineReport(132)) - Opened pipeline Pipeline-c953b843-7a8e-4433-916d-0133d85f5f20
2025-09-19 20:43:10,651 [8eb9963e-bce0-4155-aea2-e442cadff8bd-groupManagement] INFO  server.RaftServerConfigKeys (ConfUtils.java:logGet(62)) - raft.server.log.segment.size.max = 67108864 (custom)
2025-09-19 20:43:10,652 [8eb9963e-bce0-4155-aea2-e442cadff8bd-groupManagement] INFO  server.RaftServerConfigKeys (ConfUtils.java:logGet(62)) - raft.server.log.appender.buffer.byte-limit = 33554432 (custom)
2025-09-19 20:43:10,652 [8eb9963e-bce0-4155-aea2-e442cadff8bd-groupManagement] INFO  util.AwaitToRun (AwaitToRun.java:start(81)) - Thread[#1221,8eb9963e-bce0-4155-aea2-e442cadff8bd@group-0133D85F5F20-cacheEviction-AwaitToRun,5,main] started
2025-09-19 20:43:10,653 [8eb9963e-bce0-4155-aea2-e442cadff8bd-groupManagement] INFO  segmented.SegmentedRaftLogWorker (SegmentedRaftLogWorker.java:<init>(190)) - new 8eb9963e-bce0-4155-aea2-e442cadff8bd@group-0133D85F5F20-SegmentedRaftLogWorker for RaftStorageImpl:Storage Directory /home/runner/work/ozone/ozone/hadoop-ozone/integration-test/target/test-dir/MiniOzoneClusterImpl-990002c2-bb69-4aa2-bd68-28a5e13e86ef/ozone-metadata/datanode-1/ratis/c953b843-7a8e-4433-916d-0133d85f5f20
2025-09-19 20:43:10,653 [8eb9963e-bce0-4155-aea2-e442cadff8bd-groupManagement] INFO  server.RaftServerConfigKeys (ConfUtils.java:logGet(62)) - raft.server.log.queue.byte-limit = 4294967296 (custom)
2025-09-19 20:43:10,653 [8eb9963e-bce0-4155-aea2-e442cadff8bd-groupManagement] INFO  server.RaftServerConfigKeys (ConfUtils.java:logGet(62)) - raft.server.log.segment.size.max = 67108864 (custom)
2025-09-19 20:43:10,653 [8eb9963e-bce0-4155-aea2-e442cadff8bd-groupManagement] INFO  server.RaftServerConfigKeys (ConfUtils.java:logGet(62)) - raft.server.log.preallocated.size = 4194304 (custom)
2025-09-19 20:43:10,654 [8eb9963e-bce0-4155-aea2-e442cadff8bd-groupManagement] INFO  server.RaftServerConfigKeys (ConfUtils.java:logGet(62)) - raft.server.log.write.buffer.size = 33554440 (custom)
2025-09-19 20:43:10,658 [8eb9963e-bce0-4155-aea2-e442cadff8bd-groupManagement] INFO  server.RaftServerConfigKeys (ConfUtils.java:logGet(62)) - raft.server.log.appender.buffer.byte-limit = 33554432 (custom)
2025-09-19 20:43:10,659 [8eb9963e-bce0-4155-aea2-e442cadff8bd-groupManagement] INFO  segmented.SegmentedRaftLogWorker (SegmentedRaftLogWorker.java:lambda$new$0(141)) - 8eb9963e-bce0-4155-aea2-e442cadff8bd@group-0133D85F5F20-SegmentedRaftLogWorker: flushIndex: setUnconditionally 0 -> -1
2025-09-19 20:43:10,659 [8eb9963e-bce0-4155-aea2-e442cadff8bd-groupManagement] INFO  segmented.SegmentedRaftLogWorker (SegmentedRaftLogWorker.java:lambda$new$0(141)) - 8eb9963e-bce0-4155-aea2-e442cadff8bd@group-0133D85F5F20-SegmentedRaftLogWorker: safeCacheEvictIndex: setUnconditionally 0 -> -1
2025-09-19 20:43:10,659 [8eb9963e-bce0-4155-aea2-e442cadff8bd-groupManagement] INFO  server.RaftServer$Division (RaftServerImpl.java:start(405)) - 8eb9963e-bce0-4155-aea2-e442cadff8bd@group-0133D85F5F20: start as a follower, conf=conf: {index: -1, cur=peers:[8eb9963e-bce0-4155-aea2-e442cadff8bd|127.0.0.1:15015]|listeners:[], old=null}
2025-09-19 20:43:10,659 [8eb9963e-bce0-4155-aea2-e442cadff8bd-groupManagement] INFO  server.RaftServer$Division (RaftServerImpl.java:setRole(392)) - 8eb9963e-bce0-4155-aea2-e442cadff8bd@group-0133D85F5F20: changes role from      null to FOLLOWER at term 0 for startAsFollower
2025-09-19 20:43:10,659 [8eb9963e-bce0-4155-aea2-e442cadff8bd-groupManagement] INFO  impl.RoleInfo (RoleInfo.java:updateAndGet(148)) - 8eb9963e-bce0-4155-aea2-e442cadff8bd: start 8eb9963e-bce0-4155-aea2-e442cadff8bd@group-0133D85F5F20-FollowerState
2025-09-19 20:43:10,660 [8eb9963e-bce0-4155-aea2-e442cadff8bd-groupManagement] INFO  util.JmxRegister (JmxRegister.java:tryRegister(44)) - Successfully registered JMX Bean with object name Ratis:service=RaftServer,group=group-0133D85F5F20,id=8eb9963e-bce0-4155-aea2-e442cadff8bd
2025-09-19 20:43:10,660 [8eb9963e-bce0-4155-aea2-e442cadff8bd-groupManagement] INFO  util.JmxRegister (JmxRegister.java:register(58)) - register mxBean class org.apache.ratis.server.impl.RaftServerJmxAdapter as Ratis:service=RaftServer,group=group-0133D85F5F20,id=8eb9963e-bce0-4155-aea2-e442cadff8bd
2025-09-19 20:43:10,661 [8eb9963e-bce0-4155-aea2-e442cadff8bd-groupManagement] INFO  server.RaftServer$Division (RaftServerImpl.java:start(419)) - 8eb9963e-bce0-4155-aea2-e442cadff8bd@group-0133D85F5F20: Successfully started.
2025-09-19 20:43:10,661 [8eb9963e-bce0-4155-aea2-e442cadff8bd-CreatePipelineCommandHandlerThread-0] INFO  ratis.XceiverServerRatis (XceiverServerRatis.java:addGroup(841)) - Created group Pipeline-c953b843-7a8e-4433-916d-0133d85f5f20
2025-09-19 20:43:10,661 [8eb9963e-bce0-4155-aea2-e442cadff8bd-CreatePipelineCommandHandlerThread-0] INFO  commandhandler.CreatePipelineCommandHandler (CreatePipelineCommandHandler.java:lambda$handle$2(141)) - Created Pipeline RATIS ONE Pipeline-c953b843-7a8e-4433-916d-0133d85f5f20.
2025-09-19 20:43:11,105 [0df1231c-9f8a-4757-a7d0-f6d7f53bc482@group-A751954341BD-FollowerState] INFO  impl.FollowerState (FollowerState.java:runImpl(161)) - 0df1231c-9f8a-4757-a7d0-f6d7f53bc482@group-A751954341BD-FollowerState: change to CANDIDATE, lastRpcElapsedTime:1104650673ns, electionTimeout:1104ms
2025-09-19 20:43:11,106 [0df1231c-9f8a-4757-a7d0-f6d7f53bc482@group-A751954341BD-FollowerState] INFO  impl.RoleInfo (RoleInfo.java:shutdownFollowerState(121)) - 0df1231c-9f8a-4757-a7d0-f6d7f53bc482: shutdown 0df1231c-9f8a-4757-a7d0-f6d7f53bc482@group-A751954341BD-FollowerState
2025-09-19 20:43:11,106 [0df1231c-9f8a-4757-a7d0-f6d7f53bc482@group-A751954341BD-FollowerState] INFO  server.RaftServer$Division (RaftServerImpl.java:setRole(392)) - 0df1231c-9f8a-4757-a7d0-f6d7f53bc482@group-A751954341BD: changes role from  FOLLOWER to CANDIDATE at term 0 for changeToCandidate
2025-09-19 20:43:11,106 [0df1231c-9f8a-4757-a7d0-f6d7f53bc482@group-A751954341BD-FollowerState] INFO  impl.RoleInfo (RoleInfo.java:updateAndGet(148)) - 0df1231c-9f8a-4757-a7d0-f6d7f53bc482: start 0df1231c-9f8a-4757-a7d0-f6d7f53bc482@group-A751954341BD-LeaderElection4
2025-09-19 20:43:11,106 [0df1231c-9f8a-4757-a7d0-f6d7f53bc482@group-A751954341BD-LeaderElection4] INFO  impl.LeaderElection (LeaderElection.java:askForVotes(448)) - 0df1231c-9f8a-4757-a7d0-f6d7f53bc482@group-A751954341BD-LeaderElection4 PRE_VOTE round 0: submit vote requests at term 0 for conf: {index: -1, cur=peers:[b5a25cc1-46d3-4381-a194-bd68f4526f1c|127.0.0.1:15031, 0df1231c-9f8a-4757-a7d0-f6d7f53bc482|127.0.0.1:15023, 8eb9963e-bce0-4155-aea2-e442cadff8bd|127.0.0.1:15015]|listeners:[], old=null}
2025-09-19 20:43:11,109 [0df1231c-9f8a-4757-a7d0-f6d7f53bc482@group-A751954341BD-LeaderElection4-1] INFO  server.GrpcServerProtocolClient (GrpcServerProtocolClient.java:<init>(65)) - Build channel for b5a25cc1-46d3-4381-a194-bd68f4526f1c|127.0.0.1:15031
2025-09-19 20:43:11,109 [0df1231c-9f8a-4757-a7d0-f6d7f53bc482@group-A751954341BD-LeaderElection4-2] INFO  server.GrpcServerProtocolClient (GrpcServerProtocolClient.java:<init>(65)) - Build channel for 8eb9963e-bce0-4155-aea2-e442cadff8bd|127.0.0.1:15015
2025-09-19 20:43:11,124 [grpc-default-executor-1] INFO  server.RaftServer$Division (RaftServerImpl.java:requestVote(1421)) - b5a25cc1-46d3-4381-a194-bd68f4526f1c@group-A751954341BD: receive requestVote(PRE_VOTE, 0df1231c-9f8a-4757-a7d0-f6d7f53bc482, group-A751954341BD, 0, <PROTO_DEFAULT>)
2025-09-19 20:43:11,125 [grpc-default-executor-0] INFO  server.RaftServer$Division (RaftServerImpl.java:requestVote(1421)) - 8eb9963e-bce0-4155-aea2-e442cadff8bd@group-A751954341BD: receive requestVote(PRE_VOTE, 0df1231c-9f8a-4757-a7d0-f6d7f53bc482, group-A751954341BD, 0, <PROTO_DEFAULT>)
2025-09-19 20:43:11,126 [grpc-default-executor-1] INFO  impl.VoteContext (VoteContext.java:log(49)) - b5a25cc1-46d3-4381-a194-bd68f4526f1c@group-A751954341BD-FOLLOWER: accept PRE_VOTE from 0df1231c-9f8a-4757-a7d0-f6d7f53bc482: our priority 0 <= candidate's priority 0
2025-09-19 20:43:11,126 [grpc-default-executor-0] INFO  impl.VoteContext (VoteContext.java:log(49)) - 8eb9963e-bce0-4155-aea2-e442cadff8bd@group-A751954341BD-FOLLOWER: reject PRE_VOTE from 0df1231c-9f8a-4757-a7d0-f6d7f53bc482: our priority 1 > candidate's priority 0
2025-09-19 20:43:11,128 [grpc-default-executor-0] INFO  server.RaftServer$Division (RaftServerImpl.java:requestVote(1455)) - 8eb9963e-bce0-4155-aea2-e442cadff8bd@group-A751954341BD replies to PRE_VOTE vote request: 0df1231c-9f8a-4757-a7d0-f6d7f53bc482<-8eb9963e-bce0-4155-aea2-e442cadff8bd#0:FAIL-t0-last:<INITIAL_VALUE>. Peer's state: 8eb9963e-bce0-4155-aea2-e442cadff8bd@group-A751954341BD:t0, leader=null, voted=, raftlog=Memoized:8eb9963e-bce0-4155-aea2-e442cadff8bd@group-A751954341BD-SegmentedRaftLog:OPENED:c-1:lastnull, conf=conf: {index: -1, cur=peers:[b5a25cc1-46d3-4381-a194-bd68f4526f1c|127.0.0.1:15031, 0df1231c-9f8a-4757-a7d0-f6d7f53bc482|127.0.0.1:15023, 8eb9963e-bce0-4155-aea2-e442cadff8bd|127.0.0.1:15015]|listeners:[], old=null}
2025-09-19 20:43:11,128 [grpc-default-executor-1] INFO  server.RaftServer$Division (RaftServerImpl.java:requestVote(1455)) - b5a25cc1-46d3-4381-a194-bd68f4526f1c@group-A751954341BD replies to PRE_VOTE vote request: 0df1231c-9f8a-4757-a7d0-f6d7f53bc482<-b5a25cc1-46d3-4381-a194-bd68f4526f1c#0:OK-t0-last:<INITIAL_VALUE>. Peer's state: b5a25cc1-46d3-4381-a194-bd68f4526f1c@group-A751954341BD:t0, leader=null, voted=, raftlog=Memoized:b5a25cc1-46d3-4381-a194-bd68f4526f1c@group-A751954341BD-SegmentedRaftLog:OPENED:c-1:lastnull, conf=conf: {index: -1, cur=peers:[b5a25cc1-46d3-4381-a194-bd68f4526f1c|127.0.0.1:15031, 0df1231c-9f8a-4757-a7d0-f6d7f53bc482|127.0.0.1:15023, 8eb9963e-bce0-4155-aea2-e442cadff8bd|127.0.0.1:15015]|listeners:[], old=null}
2025-09-19 20:43:11,130 [0df1231c-9f8a-4757-a7d0-f6d7f53bc482@group-A751954341BD-LeaderElection4] INFO  impl.LeaderElection (LeaderElection.java:logAndReturn(206)) - 0df1231c-9f8a-4757-a7d0-f6d7f53bc482@group-A751954341BD-LeaderElection4: PRE_VOTE REJECTED received 2 response(s) and 0 exception(s):
2025-09-19 20:43:11,130 [0df1231c-9f8a-4757-a7d0-f6d7f53bc482@group-A751954341BD-LeaderElection4] INFO  impl.LeaderElection (LeaderElection.java:logAndReturn(210)) -   Response 0: 0df1231c-9f8a-4757-a7d0-f6d7f53bc482<-b5a25cc1-46d3-4381-a194-bd68f4526f1c#0:OK-t0-last:<INITIAL_VALUE>
2025-09-19 20:43:11,130 [0df1231c-9f8a-4757-a7d0-f6d7f53bc482@group-A751954341BD-LeaderElection4] INFO  impl.LeaderElection (LeaderElection.java:logAndReturn(210)) -   Response 1: 0df1231c-9f8a-4757-a7d0-f6d7f53bc482<-8eb9963e-bce0-4155-aea2-e442cadff8bd#0:FAIL-t0-last:<INITIAL_VALUE>
2025-09-19 20:43:11,130 [0df1231c-9f8a-4757-a7d0-f6d7f53bc482@group-A751954341BD-LeaderElection4] INFO  impl.LeaderElection (LeaderElection.java:askForVotes(450)) - 0df1231c-9f8a-4757-a7d0-f6d7f53bc482@group-A751954341BD-LeaderElection4 PRE_VOTE round 0: result REJECTED
2025-09-19 20:43:11,130 [0df1231c-9f8a-4757-a7d0-f6d7f53bc482@group-A751954341BD-LeaderElection4] INFO  server.RaftServer$Division (RaftServerImpl.java:setRole(392)) - 0df1231c-9f8a-4757-a7d0-f6d7f53bc482@group-A751954341BD: changes role from CANDIDATE to FOLLOWER at term 0 for REJECTED
2025-09-19 20:43:11,130 [0df1231c-9f8a-4757-a7d0-f6d7f53bc482@group-A751954341BD-LeaderElection4] INFO  impl.RoleInfo (RoleInfo.java:shutdownLeaderElection(141)) - 0df1231c-9f8a-4757-a7d0-f6d7f53bc482: shutdown 0df1231c-9f8a-4757-a7d0-f6d7f53bc482@group-A751954341BD-LeaderElection4
2025-09-19 20:43:11,131 [0df1231c-9f8a-4757-a7d0-f6d7f53bc482@group-A751954341BD-LeaderElection4] INFO  impl.RoleInfo (RoleInfo.java:updateAndGet(148)) - 0df1231c-9f8a-4757-a7d0-f6d7f53bc482: start 0df1231c-9f8a-4757-a7d0-f6d7f53bc482@group-A751954341BD-FollowerState
2025-09-19 20:43:11,131 [0df1231c-9f8a-4757-a7d0-f6d7f53bc482@group-A751954341BD-LeaderElection4] INFO  server.RaftServer$Division (RaftServerImpl.java:setFirstElection(576)) - 0df1231c-9f8a-4757-a7d0-f6d7f53bc482@group-A751954341BD: set firstElectionSinceStartup to false for REJECTED
2025-09-19 20:43:11,153 [0df1231c-9f8a-4757-a7d0-f6d7f53bc482@group-39AD5A9EAACD-FollowerState] INFO  impl.FollowerState (FollowerState.java:runImpl(161)) - 0df1231c-9f8a-4757-a7d0-f6d7f53bc482@group-39AD5A9EAACD-FollowerState: change to CANDIDATE, lastRpcElapsedTime:1184661848ns, electionTimeout:1184ms
2025-09-19 20:43:11,153 [0df1231c-9f8a-4757-a7d0-f6d7f53bc482@group-39AD5A9EAACD-FollowerState] INFO  impl.RoleInfo (RoleInfo.java:shutdownFollowerState(121)) - 0df1231c-9f8a-4757-a7d0-f6d7f53bc482: shutdown 0df1231c-9f8a-4757-a7d0-f6d7f53bc482@group-39AD5A9EAACD-FollowerState
2025-09-19 20:43:11,153 [0df1231c-9f8a-4757-a7d0-f6d7f53bc482@group-39AD5A9EAACD-FollowerState] INFO  server.RaftServer$Division (RaftServerImpl.java:setRole(392)) - 0df1231c-9f8a-4757-a7d0-f6d7f53bc482@group-39AD5A9EAACD: changes role from  FOLLOWER to CANDIDATE at term 0 for changeToCandidate
2025-09-19 20:43:11,153 [0df1231c-9f8a-4757-a7d0-f6d7f53bc482@group-39AD5A9EAACD-FollowerState] INFO  impl.RoleInfo (RoleInfo.java:updateAndGet(148)) - 0df1231c-9f8a-4757-a7d0-f6d7f53bc482: start 0df1231c-9f8a-4757-a7d0-f6d7f53bc482@group-39AD5A9EAACD-LeaderElection5
2025-09-19 20:43:11,154 [0df1231c-9f8a-4757-a7d0-f6d7f53bc482@group-39AD5A9EAACD-LeaderElection5] INFO  impl.LeaderElection (LeaderElection.java:askForVotes(448)) - 0df1231c-9f8a-4757-a7d0-f6d7f53bc482@group-39AD5A9EAACD-LeaderElection5 PRE_VOTE round 0: submit vote requests at term 0 for conf: {index: -1, cur=peers:[0df1231c-9f8a-4757-a7d0-f6d7f53bc482|127.0.0.1:15023]|listeners:[], old=null}
2025-09-19 20:43:11,154 [0df1231c-9f8a-4757-a7d0-f6d7f53bc482@group-39AD5A9EAACD-LeaderElection5] INFO  impl.LeaderElection (LeaderElection.java:askForVotes(450)) - 0df1231c-9f8a-4757-a7d0-f6d7f53bc482@group-39AD5A9EAACD-LeaderElection5 PRE_VOTE round 0: result PASSED (term=0)
2025-09-19 20:43:11,155 [0df1231c-9f8a-4757-a7d0-f6d7f53bc482@group-39AD5A9EAACD-LeaderElection5] INFO  impl.LeaderElection (LeaderElection.java:askForVotes(448)) - 0df1231c-9f8a-4757-a7d0-f6d7f53bc482@group-39AD5A9EAACD-LeaderElection5 ELECTION round 0: submit vote requests at term 1 for conf: {index: -1, cur=peers:[0df1231c-9f8a-4757-a7d0-f6d7f53bc482|127.0.0.1:15023]|listeners:[], old=null}
2025-09-19 20:43:11,155 [0df1231c-9f8a-4757-a7d0-f6d7f53bc482@group-39AD5A9EAACD-LeaderElection5] INFO  impl.LeaderElection (LeaderElection.java:askForVotes(450)) - 0df1231c-9f8a-4757-a7d0-f6d7f53bc482@group-39AD5A9EAACD-LeaderElection5 ELECTION round 0: result PASSED (term=1)
2025-09-19 20:43:11,155 [0df1231c-9f8a-4757-a7d0-f6d7f53bc482@group-39AD5A9EAACD-LeaderElection5] INFO  impl.RoleInfo (RoleInfo.java:shutdownLeaderElection(141)) - 0df1231c-9f8a-4757-a7d0-f6d7f53bc482: shutdown 0df1231c-9f8a-4757-a7d0-f6d7f53bc482@group-39AD5A9EAACD-LeaderElection5
2025-09-19 20:43:11,155 [0df1231c-9f8a-4757-a7d0-f6d7f53bc482@group-39AD5A9EAACD-LeaderElection5] INFO  server.RaftServer$Division (RaftServerImpl.java:setRole(392)) - 0df1231c-9f8a-4757-a7d0-f6d7f53bc482@group-39AD5A9EAACD: changes role from CANDIDATE to LEADER at term 1 for changeToLeader
2025-09-19 20:43:11,155 [0df1231c-9f8a-4757-a7d0-f6d7f53bc482@group-39AD5A9EAACD-LeaderElection5] INFO  server.RaftServerConfigKeys (ConfUtils.java:logFallback(69)) - raft.server.staging.timeout = 3600ms (fallback to raft.server.rpc.timeout.max)
2025-09-19 20:43:11,156 [0df1231c-9f8a-4757-a7d0-f6d7f53bc482@group-39AD5A9EAACD-LeaderElection5] INFO  server.RaftServerConfigKeys (ConfUtils.java:logGet(62)) - raft.server.write.element-limit = 1024 (custom)
2025-09-19 20:43:11,156 [0df1231c-9f8a-4757-a7d0-f6d7f53bc482@group-39AD5A9EAACD-LeaderElection5] INFO  server.RaftServerConfigKeys (ConfUtils.java:logGet(62)) - raft.server.write.byte-limit = 1024 M (=1073741824) (custom)
2025-09-19 20:43:11,156 [0df1231c-9f8a-4757-a7d0-f6d7f53bc482@group-39AD5A9EAACD-LeaderElection5] INFO  server.RaftServerConfigKeys (ConfUtils.java:logGet(62)) - raft.server.watch.timeout = 3000ms (custom)
2025-09-19 20:43:11,158 [0df1231c-9f8a-4757-a7d0-f6d7f53bc482@group-39AD5A9EAACD-LeaderElection5] INFO  server.RaftServerConfigKeys (ConfUtils.java:logGet(62)) - raft.server.log.log-metadata.enabled = true (default)
2025-09-19 20:43:11,158 [0df1231c-9f8a-4757-a7d0-f6d7f53bc482@group-39AD5A9EAACD-LeaderElection5] INFO  impl.RoleInfo (RoleInfo.java:updateAndGet(148)) - 0df1231c-9f8a-4757-a7d0-f6d7f53bc482: start 0df1231c-9f8a-4757-a7d0-f6d7f53bc482@group-39AD5A9EAACD-LeaderStateImpl
2025-09-19 20:43:11,158 [0df1231c-9f8a-4757-a7d0-f6d7f53bc482@group-39AD5A9EAACD-LeaderElection5] INFO  server.RaftServer$Division (RaftServerImpl.java:setFirstElection(576)) - 0df1231c-9f8a-4757-a7d0-f6d7f53bc482@group-39AD5A9EAACD: set firstElectionSinceStartup to false for becomeLeader
2025-09-19 20:43:11,158 [0df1231c-9f8a-4757-a7d0-f6d7f53bc482@group-39AD5A9EAACD-LeaderElection5] INFO  ratis.XceiverServerRatis (XceiverServerRatis.java:handleLeaderChangedNotification(942)) - Leader change notification received for group: group-39AD5A9EAACD with new leaderId: 0df1231c-9f8a-4757-a7d0-f6d7f53bc482
2025-09-19 20:43:11,159 [0df1231c-9f8a-4757-a7d0-f6d7f53bc482@group-39AD5A9EAACD-LeaderElection5] INFO  server.RaftServer$Division (ServerState.java:setLeader(272)) - 0df1231c-9f8a-4757-a7d0-f6d7f53bc482@group-39AD5A9EAACD: change Leader from null to 0df1231c-9f8a-4757-a7d0-f6d7f53bc482 at term 1 for becomeLeader, leader elected after 1220ms
2025-09-19 20:43:11,159 [0df1231c-9f8a-4757-a7d0-f6d7f53bc482@group-39AD5A9EAACD-LeaderElection5] INFO  segmented.SegmentedRaftLogWorker (SegmentedRaftLogWorker.java:startLogSegment(440)) - 0df1231c-9f8a-4757-a7d0-f6d7f53bc482@group-39AD5A9EAACD-SegmentedRaftLogWorker: Starting segment from index:0
2025-09-19 20:43:11,159 [0df1231c-9f8a-4757-a7d0-f6d7f53bc482@group-39AD5A9EAACD-LeaderElection5] INFO  server.RaftServer$Division (ServerState.java:setRaftConf(386)) - 0df1231c-9f8a-4757-a7d0-f6d7f53bc482@group-39AD5A9EAACD: set configuration conf: {index: 0, cur=peers:[0df1231c-9f8a-4757-a7d0-f6d7f53bc482|127.0.0.1:15023]|listeners:[], old=null}
2025-09-19 20:43:11,161 [0df1231c-9f8a-4757-a7d0-f6d7f53bc482@group-39AD5A9EAACD-SegmentedRaftLogWorker] INFO  segmented.BufferedWriteChannel (BufferedWriteChannel.java:open(61)) - open log_inprogress_0 at position 0
2025-09-19 20:43:11,162 [EventQueue-PipelineReportForOneReplicaPipelineSafeModeRule] INFO  safemode.SCMSafeModeManager (SCMSafeModeManager.java:validateSafeModeExitRules(138)) - AtleastOneDatanodeReportedRule rule is successfully validated
2025-09-19 20:43:11,166 [b5a25cc1-46d3-4381-a194-bd68f4526f1c-CreatePipelineCommandHandlerThread-0] INFO  server.RaftServer (RaftServerProxy.java:addNew(105)) - b5a25cc1-46d3-4381-a194-bd68f4526f1c: addNew group-88B5B3DD1307:[b5a25cc1-46d3-4381-a194-bd68f4526f1c|127.0.0.1:15031] returns group-88B5B3DD1307:java.util.concurrent.CompletableFuture@3a80dc6[Not completed]
2025-09-19 20:43:11,168 [b5a25cc1-46d3-4381-a194-bd68f4526f1c-groupManagement] INFO  server.RaftServer$Division (RaftServerImpl.java:<init>(268)) - b5a25cc1-46d3-4381-a194-bd68f4526f1c: new RaftServerImpl for group-88B5B3DD1307:[b5a25cc1-46d3-4381-a194-bd68f4526f1c|127.0.0.1:15031] with ContainerStateMachine:uninitialized
2025-09-19 20:43:11,168 [b5a25cc1-46d3-4381-a194-bd68f4526f1c-groupManagement] INFO  server.RaftServer$Division (ServerState.java:<init>(114)) - b5a25cc1-46d3-4381-a194-bd68f4526f1c@group-88B5B3DD1307: ConfigurationManager, init=conf: {index: -1, cur=peers:[b5a25cc1-46d3-4381-a194-bd68f4526f1c|127.0.0.1:15031]|listeners:[], old=null}, confs=<EMPTY_MAP>
2025-09-19 20:43:11,170 [0df1231c-9f8a-4757-a7d0-f6d7f53bc482@group-39AD5A9EAACD-SegmentedRaftLogWorker] INFO  segmented.SegmentedRaftLogWorker (SegmentedRaftLogWorker.java:execute(647)) - 0df1231c-9f8a-4757-a7d0-f6d7f53bc482@group-39AD5A9EAACD-SegmentedRaftLogWorker: created new log segment /home/runner/work/ozone/ozone/hadoop-ozone/integration-test/target/test-dir/MiniOzoneClusterImpl-990002c2-bb69-4aa2-bd68-28a5e13e86ef/ozone-metadata/datanode-2/ratis/54fe0239-6051-4a8e-b590-39ad5a9eaacd/current/log_inprogress_0
2025-09-19 20:43:11,175 [0df1231c-9f8a-4757-a7d0-f6d7f53bc482@group-39AD5A9EAACD-StateMachineUpdater] INFO  server.RaftServer$Division (LeaderStateImpl.java:checkStartIndex(309)) - Leader 0df1231c-9f8a-4757-a7d0-f6d7f53bc482@group-39AD5A9EAACD-LeaderStateImpl is ready since appliedIndex == startIndex == 0
2025-09-19 20:43:11,175 [b5a25cc1-46d3-4381-a194-bd68f4526f1c-groupManagement] INFO  server.RaftServerConfigKeys (ConfUtils.java:logGet(62)) - raft.server.storage.dir = [/home/runner/work/ozone/ozone/hadoop-ozone/integration-test/target/test-dir/MiniOzoneClusterImpl-990002c2-bb69-4aa2-bd68-28a5e13e86ef/ozone-metadata/datanode-3/ratis] (custom)
2025-09-19 20:43:11,176 [b5a25cc1-46d3-4381-a194-bd68f4526f1c-groupManagement] INFO  storage.RaftStorageDirectory (RaftStorageDirectoryImpl.java:analyzeStorage(138)) - The storage directory /home/runner/work/ozone/ozone/hadoop-ozone/integration-test/target/test-dir/MiniOzoneClusterImpl-990002c2-bb69-4aa2-bd68-28a5e13e86ef/ozone-metadata/datanode-3/ratis/7b6acda8-b144-4fc3-891d-88b5b3dd1307 does not exist. Creating ...
2025-09-19 20:43:11,177 [b5a25cc1-46d3-4381-a194-bd68f4526f1c-groupManagement] INFO  storage.RaftStorageDirectory (RaftStorageDirectoryImpl.java:tryLock(229)) - Lock on /home/runner/work/ozone/ozone/hadoop-ozone/integration-test/target/test-dir/MiniOzoneClusterImpl-990002c2-bb69-4aa2-bd68-28a5e13e86ef/ozone-metadata/datanode-3/ratis/7b6acda8-b144-4fc3-891d-88b5b3dd1307/in_use.lock acquired by nodename 22744@localhost
2025-09-19 20:43:11,178 [b5a25cc1-46d3-4381-a194-bd68f4526f1c-groupManagement] INFO  storage.RaftStorage (RaftStorageImpl.java:format(98)) - Storage directory /home/runner/work/ozone/ozone/hadoop-ozone/integration-test/target/test-dir/MiniOzoneClusterImpl-990002c2-bb69-4aa2-bd68-28a5e13e86ef/ozone-metadata/datanode-3/ratis/7b6acda8-b144-4fc3-891d-88b5b3dd1307 has been successfully formatted.
2025-09-19 20:43:11,178 [b5a25cc1-46d3-4381-a194-bd68f4526f1c-groupManagement] INFO  ratis.ContainerStateMachine (ContainerStateMachine.java:initialize(339)) - b5a25cc1-46d3-4381-a194-bd68f4526f1c: initialize group-88B5B3DD1307
2025-09-19 20:43:11,178 [b5a25cc1-46d3-4381-a194-bd68f4526f1c-groupManagement] INFO  ratis.ContainerStateMachine (ContainerStateMachine.java:loadSnapshot(347)) - group-88B5B3DD1307: The snapshot info is null. Setting the last applied index to:<INITIAL_VALUE>
2025-09-19 20:43:11,179 [b5a25cc1-46d3-4381-a194-bd68f4526f1c-groupManagement] INFO  server.RaftServerConfigKeys (ConfUtils.java:logGet(62)) - raft.server.log.appender.buffer.byte-limit = 33554432 (custom)
2025-09-19 20:43:11,180 [EventQueue-PipelineReportForOneReplicaPipelineSafeModeRule] INFO  safemode.SCMSafeModeManager (SCMSafeModeManager.java:validateSafeModeExitRules(138)) - AtleastOneDatanodeReportedRule rule is successfully validated
2025-09-19 20:43:11,181 [b5a25cc1-46d3-4381-a194-bd68f4526f1c-groupManagement] INFO  server.RaftServerConfigKeys (ConfUtils.java:logGet(62)) - raft.server.log.segment.size.max = 67108864 (custom)
2025-09-19 20:43:11,182 [b5a25cc1-46d3-4381-a194-bd68f4526f1c-groupManagement] INFO  server.RaftServerConfigKeys (ConfUtils.java:logGet(62)) - raft.server.log.appender.buffer.byte-limit = 33554432 (custom)
2025-09-19 20:43:11,182 [b5a25cc1-46d3-4381-a194-bd68f4526f1c-groupManagement] INFO  util.AwaitToRun (AwaitToRun.java:start(81)) - Thread[#1233,b5a25cc1-46d3-4381-a194-bd68f4526f1c@group-88B5B3DD1307-cacheEviction-AwaitToRun,5,main] started
2025-09-19 20:43:11,182 [b5a25cc1-46d3-4381-a194-bd68f4526f1c-groupManagement] INFO  segmented.SegmentedRaftLogWorker (SegmentedRaftLogWorker.java:<init>(190)) - new b5a25cc1-46d3-4381-a194-bd68f4526f1c@group-88B5B3DD1307-SegmentedRaftLogWorker for RaftStorageImpl:Storage Directory /home/runner/work/ozone/ozone/hadoop-ozone/integration-test/target/test-dir/MiniOzoneClusterImpl-990002c2-bb69-4aa2-bd68-28a5e13e86ef/ozone-metadata/datanode-3/ratis/7b6acda8-b144-4fc3-891d-88b5b3dd1307
2025-09-19 20:43:11,182 [b5a25cc1-46d3-4381-a194-bd68f4526f1c-groupManagement] INFO  server.RaftServerConfigKeys (ConfUtils.java:logGet(62)) - raft.server.log.queue.byte-limit = 4294967296 (custom)
2025-09-19 20:43:11,182 [b5a25cc1-46d3-4381-a194-bd68f4526f1c-groupManagement] INFO  server.RaftServerConfigKeys (ConfUtils.java:logGet(62)) - raft.server.log.segment.size.max = 67108864 (custom)
2025-09-19 20:43:11,182 [b5a25cc1-46d3-4381-a194-bd68f4526f1c-groupManagement] INFO  server.RaftServerConfigKeys (ConfUtils.java:logGet(62)) - raft.server.log.preallocated.size = 4194304 (custom)
2025-09-19 20:43:11,183 [b5a25cc1-46d3-4381-a194-bd68f4526f1c-groupManagement] INFO  server.RaftServerConfigKeys (ConfUtils.java:logGet(62)) - raft.server.log.write.buffer.size = 33554440 (custom)
2025-09-19 20:43:11,185 [7c85452d-535d-4afd-8ce9-637c7af67bb0@group-28A5E13E86EF-StateMachineUpdater] INFO  safemode.SCMSafeModeManager (SCMSafeModeManager.java:validateSafeModeExitRules(138)) - DataNodeSafeModeRule rule is successfully validated
2025-09-19 20:43:11,186 [7c85452d-535d-4afd-8ce9-637c7af67bb0@group-28A5E13E86EF-StateMachineUpdater] INFO  safemode.SCMSafeModeManager (SCMSafeModeManager.java:validateSafeModeExitRules(138)) - RatisContainerSafeModeRule rule is successfully validated
2025-09-19 20:43:11,186 [7c85452d-535d-4afd-8ce9-637c7af67bb0@group-28A5E13E86EF-StateMachineUpdater] INFO  safemode.HealthyPipelineSafeModeRule (HealthyPipelineSafeModeRule.java:initializeRule(228)) - Refreshed total pipeline count is 0, healthy pipeline threshold count is 1
2025-09-19 20:43:11,186 [7c85452d-535d-4afd-8ce9-637c7af67bb0@group-28A5E13E86EF-StateMachineUpdater] INFO  safemode.SCMSafeModeManager (SCMSafeModeManager.java:validateSafeModeExitRules(138)) - ECContainerSafeModeRule rule is successfully validated
2025-09-19 20:43:11,186 [7c85452d-535d-4afd-8ce9-637c7af67bb0@group-28A5E13E86EF-StateMachineUpdater] INFO  safemode.SCMSafeModeManager (SCMSafeModeManager.java:validateSafeModeExitRules(138)) - AtleastOneDatanodeReportedRule rule is successfully validated
2025-09-19 20:43:11,187 [EventQueue-PipelineReportForPipelineReportHandler] INFO  pipeline.PipelineReportHandler (PipelineReportHandler.java:processPipelineReport(132)) - Opened pipeline Pipeline-7b6acda8-b144-4fc3-891d-88b5b3dd1307
2025-09-19 20:43:11,188 [b5a25cc1-46d3-4381-a194-bd68f4526f1c-groupManagement] INFO  server.RaftServerConfigKeys (ConfUtils.java:logGet(62)) - raft.server.log.appender.buffer.byte-limit = 33554432 (custom)
2025-09-19 20:43:11,189 [b5a25cc1-46d3-4381-a194-bd68f4526f1c-groupManagement] INFO  segmented.SegmentedRaftLogWorker (SegmentedRaftLogWorker.java:lambda$new$0(141)) - b5a25cc1-46d3-4381-a194-bd68f4526f1c@group-88B5B3DD1307-SegmentedRaftLogWorker: flushIndex: setUnconditionally 0 -> -1
2025-09-19 20:43:11,189 [b5a25cc1-46d3-4381-a194-bd68f4526f1c-groupManagement] INFO  segmented.SegmentedRaftLogWorker (SegmentedRaftLogWorker.java:lambda$new$0(141)) - b5a25cc1-46d3-4381-a194-bd68f4526f1c@group-88B5B3DD1307-SegmentedRaftLogWorker: safeCacheEvictIndex: setUnconditionally 0 -> -1
2025-09-19 20:43:11,189 [b5a25cc1-46d3-4381-a194-bd68f4526f1c-groupManagement] INFO  server.RaftServer$Division (RaftServerImpl.java:start(405)) - b5a25cc1-46d3-4381-a194-bd68f4526f1c@group-88B5B3DD1307: start as a follower, conf=conf: {index: -1, cur=peers:[b5a25cc1-46d3-4381-a194-bd68f4526f1c|127.0.0.1:15031]|listeners:[], old=null}
2025-09-19 20:43:11,189 [b5a25cc1-46d3-4381-a194-bd68f4526f1c-groupManagement] INFO  server.RaftServer$Division (RaftServerImpl.java:setRole(392)) - b5a25cc1-46d3-4381-a194-bd68f4526f1c@group-88B5B3DD1307: changes role from      null to FOLLOWER at term 0 for startAsFollower
2025-09-19 20:43:11,189 [b5a25cc1-46d3-4381-a194-bd68f4526f1c-groupManagement] INFO  impl.RoleInfo (RoleInfo.java:updateAndGet(148)) - b5a25cc1-46d3-4381-a194-bd68f4526f1c: start b5a25cc1-46d3-4381-a194-bd68f4526f1c@group-88B5B3DD1307-FollowerState
2025-09-19 20:43:11,190 [b5a25cc1-46d3-4381-a194-bd68f4526f1c-groupManagement] INFO  util.JmxRegister (JmxRegister.java:tryRegister(44)) - Successfully registered JMX Bean with object name Ratis:service=RaftServer,group=group-88B5B3DD1307,id=b5a25cc1-46d3-4381-a194-bd68f4526f1c
2025-09-19 20:43:11,190 [b5a25cc1-46d3-4381-a194-bd68f4526f1c-groupManagement] INFO  util.JmxRegister (JmxRegister.java:register(58)) - register mxBean class org.apache.ratis.server.impl.RaftServerJmxAdapter as Ratis:service=RaftServer,group=group-88B5B3DD1307,id=b5a25cc1-46d3-4381-a194-bd68f4526f1c
2025-09-19 20:43:11,191 [b5a25cc1-46d3-4381-a194-bd68f4526f1c-groupManagement] INFO  server.RaftServer$Division (RaftServerImpl.java:start(419)) - b5a25cc1-46d3-4381-a194-bd68f4526f1c@group-88B5B3DD1307: Successfully started.
2025-09-19 20:43:11,191 [b5a25cc1-46d3-4381-a194-bd68f4526f1c-CreatePipelineCommandHandlerThread-0] INFO  ratis.XceiverServerRatis (XceiverServerRatis.java:addGroup(841)) - Created group Pipeline-7b6acda8-b144-4fc3-891d-88b5b3dd1307
2025-09-19 20:43:11,191 [b5a25cc1-46d3-4381-a194-bd68f4526f1c-CreatePipelineCommandHandlerThread-0] INFO  commandhandler.CreatePipelineCommandHandler (CreatePipelineCommandHandler.java:lambda$handle$2(141)) - Created Pipeline RATIS ONE Pipeline-7b6acda8-b144-4fc3-891d-88b5b3dd1307.
2025-09-19 20:43:11,385 [8eb9963e-bce0-4155-aea2-e442cadff8bd@group-A751954341BD-FollowerState] INFO  impl.FollowerState (FollowerState.java:runImpl(161)) - 8eb9963e-bce0-4155-aea2-e442cadff8bd@group-A751954341BD-FollowerState: change to CANDIDATE, lastRpcElapsedTime:1099470774ns, electionTimeout:1099ms
2025-09-19 20:43:11,385 [8eb9963e-bce0-4155-aea2-e442cadff8bd@group-A751954341BD-FollowerState] INFO  impl.RoleInfo (RoleInfo.java:shutdownFollowerState(121)) - 8eb9963e-bce0-4155-aea2-e442cadff8bd: shutdown 8eb9963e-bce0-4155-aea2-e442cadff8bd@group-A751954341BD-FollowerState
2025-09-19 20:43:11,385 [8eb9963e-bce0-4155-aea2-e442cadff8bd@group-A751954341BD-FollowerState] INFO  server.RaftServer$Division (RaftServerImpl.java:setRole(392)) - 8eb9963e-bce0-4155-aea2-e442cadff8bd@group-A751954341BD: changes role from  FOLLOWER to CANDIDATE at term 0 for changeToCandidate
2025-09-19 20:43:11,385 [8eb9963e-bce0-4155-aea2-e442cadff8bd@group-A751954341BD-FollowerState] INFO  impl.RoleInfo (RoleInfo.java:updateAndGet(148)) - 8eb9963e-bce0-4155-aea2-e442cadff8bd: start 8eb9963e-bce0-4155-aea2-e442cadff8bd@group-A751954341BD-LeaderElection6
2025-09-19 20:43:11,386 [8eb9963e-bce0-4155-aea2-e442cadff8bd@group-A751954341BD-LeaderElection6] INFO  impl.LeaderElection (LeaderElection.java:askForVotes(448)) - 8eb9963e-bce0-4155-aea2-e442cadff8bd@group-A751954341BD-LeaderElection6 PRE_VOTE round 0: submit vote requests at term 0 for conf: {index: -1, cur=peers:[b5a25cc1-46d3-4381-a194-bd68f4526f1c|127.0.0.1:15031, 0df1231c-9f8a-4757-a7d0-f6d7f53bc482|127.0.0.1:15023, 8eb9963e-bce0-4155-aea2-e442cadff8bd|127.0.0.1:15015]|listeners:[], old=null}
2025-09-19 20:43:11,386 [8eb9963e-bce0-4155-aea2-e442cadff8bd@group-A751954341BD-LeaderElection6-1] INFO  server.GrpcServerProtocolClient (GrpcServerProtocolClient.java:<init>(65)) - Build channel for b5a25cc1-46d3-4381-a194-bd68f4526f1c|127.0.0.1:15031
2025-09-19 20:43:11,387 [8eb9963e-bce0-4155-aea2-e442cadff8bd@group-A751954341BD-LeaderElection6-2] INFO  server.GrpcServerProtocolClient (GrpcServerProtocolClient.java:<init>(65)) - Build channel for 0df1231c-9f8a-4757-a7d0-f6d7f53bc482|127.0.0.1:15023
2025-09-19 20:43:11,392 [grpc-default-executor-1] INFO  server.RaftServer$Division (RaftServerImpl.java:requestVote(1421)) - b5a25cc1-46d3-4381-a194-bd68f4526f1c@group-A751954341BD: receive requestVote(PRE_VOTE, 8eb9963e-bce0-4155-aea2-e442cadff8bd, group-A751954341BD, 0, <PROTO_DEFAULT>)
2025-09-19 20:43:11,392 [grpc-default-executor-0] INFO  server.RaftServer$Division (RaftServerImpl.java:requestVote(1421)) - 0df1231c-9f8a-4757-a7d0-f6d7f53bc482@group-A751954341BD: receive requestVote(PRE_VOTE, 8eb9963e-bce0-4155-aea2-e442cadff8bd, group-A751954341BD, 0, <PROTO_DEFAULT>)
2025-09-19 20:43:11,393 [grpc-default-executor-0] INFO  impl.VoteContext (VoteContext.java:log(49)) - 0df1231c-9f8a-4757-a7d0-f6d7f53bc482@group-A751954341BD-FOLLOWER: accept PRE_VOTE from 8eb9963e-bce0-4155-aea2-e442cadff8bd: our priority 0 <= candidate's priority 1
2025-09-19 20:43:11,392 [grpc-default-executor-1] INFO  impl.VoteContext (VoteContext.java:log(49)) - b5a25cc1-46d3-4381-a194-bd68f4526f1c@group-A751954341BD-FOLLOWER: accept PRE_VOTE from 8eb9963e-bce0-4155-aea2-e442cadff8bd: our priority 0 <= candidate's priority 1
2025-09-19 20:43:11,393 [grpc-default-executor-0] INFO  server.RaftServer$Division (RaftServerImpl.java:requestVote(1455)) - 0df1231c-9f8a-4757-a7d0-f6d7f53bc482@group-A751954341BD replies to PRE_VOTE vote request: 8eb9963e-bce0-4155-aea2-e442cadff8bd<-0df1231c-9f8a-4757-a7d0-f6d7f53bc482#0:OK-t0-last:<INITIAL_VALUE>. Peer's state: 0df1231c-9f8a-4757-a7d0-f6d7f53bc482@group-A751954341BD:t0, leader=null, voted=, raftlog=Memoized:0df1231c-9f8a-4757-a7d0-f6d7f53bc482@group-A751954341BD-SegmentedRaftLog:OPENED:c-1:lastnull, conf=conf: {index: -1, cur=peers:[b5a25cc1-46d3-4381-a194-bd68f4526f1c|127.0.0.1:15031, 0df1231c-9f8a-4757-a7d0-f6d7f53bc482|127.0.0.1:15023, 8eb9963e-bce0-4155-aea2-e442cadff8bd|127.0.0.1:15015]|listeners:[], old=null}
2025-09-19 20:43:11,393 [grpc-default-executor-1] INFO  server.RaftServer$Division (RaftServerImpl.java:requestVote(1455)) - b5a25cc1-46d3-4381-a194-bd68f4526f1c@group-A751954341BD replies to PRE_VOTE vote request: 8eb9963e-bce0-4155-aea2-e442cadff8bd<-b5a25cc1-46d3-4381-a194-bd68f4526f1c#0:OK-t0-last:<INITIAL_VALUE>. Peer's state: b5a25cc1-46d3-4381-a194-bd68f4526f1c@group-A751954341BD:t0, leader=null, voted=, raftlog=Memoized:b5a25cc1-46d3-4381-a194-bd68f4526f1c@group-A751954341BD-SegmentedRaftLog:OPENED:c-1:lastnull, conf=conf: {index: -1, cur=peers:[b5a25cc1-46d3-4381-a194-bd68f4526f1c|127.0.0.1:15031, 0df1231c-9f8a-4757-a7d0-f6d7f53bc482|127.0.0.1:15023, 8eb9963e-bce0-4155-aea2-e442cadff8bd|127.0.0.1:15015]|listeners:[], old=null}
2025-09-19 20:43:11,394 [8eb9963e-bce0-4155-aea2-e442cadff8bd@group-A751954341BD-LeaderElection6] INFO  impl.LeaderElection (LeaderElection.java:logAndReturn(206)) - 8eb9963e-bce0-4155-aea2-e442cadff8bd@group-A751954341BD-LeaderElection6: PRE_VOTE PASSED received 1 response(s) and 0 exception(s):
2025-09-19 20:43:11,394 [8eb9963e-bce0-4155-aea2-e442cadff8bd@group-A751954341BD-LeaderElection6] INFO  impl.LeaderElection (LeaderElection.java:logAndReturn(210)) -   Response 0: 8eb9963e-bce0-4155-aea2-e442cadff8bd<-0df1231c-9f8a-4757-a7d0-f6d7f53bc482#0:OK-t0-last:<INITIAL_VALUE>
2025-09-19 20:43:11,395 [8eb9963e-bce0-4155-aea2-e442cadff8bd@group-A751954341BD-LeaderElection6] INFO  impl.LeaderElection (LeaderElection.java:askForVotes(450)) - 8eb9963e-bce0-4155-aea2-e442cadff8bd@group-A751954341BD-LeaderElection6 PRE_VOTE round 0: result PASSED
2025-09-19 20:43:11,396 [8eb9963e-bce0-4155-aea2-e442cadff8bd@group-A751954341BD-LeaderElection6] INFO  impl.LeaderElection (LeaderElection.java:askForVotes(448)) - 8eb9963e-bce0-4155-aea2-e442cadff8bd@group-A751954341BD-LeaderElection6 ELECTION round 0: submit vote requests at term 1 for conf: {index: -1, cur=peers:[b5a25cc1-46d3-4381-a194-bd68f4526f1c|127.0.0.1:15031, 0df1231c-9f8a-4757-a7d0-f6d7f53bc482|127.0.0.1:15023, 8eb9963e-bce0-4155-aea2-e442cadff8bd|127.0.0.1:15015]|listeners:[], old=null}
2025-09-19 20:43:11,398 [grpc-default-executor-0] INFO  server.RaftServer$Division (RaftServerImpl.java:requestVote(1421)) - b5a25cc1-46d3-4381-a194-bd68f4526f1c@group-A751954341BD: receive requestVote(ELECTION, 8eb9963e-bce0-4155-aea2-e442cadff8bd, group-A751954341BD, 1, <PROTO_DEFAULT>)
2025-09-19 20:43:11,398 [grpc-default-executor-0] INFO  impl.VoteContext (VoteContext.java:log(49)) - b5a25cc1-46d3-4381-a194-bd68f4526f1c@group-A751954341BD-FOLLOWER: accept ELECTION from 8eb9963e-bce0-4155-aea2-e442cadff8bd: our priority 0 <= candidate's priority 1
2025-09-19 20:43:11,398 [grpc-default-executor-1] INFO  server.RaftServer$Division (RaftServerImpl.java:requestVote(1421)) - 0df1231c-9f8a-4757-a7d0-f6d7f53bc482@group-A751954341BD: receive requestVote(ELECTION, 8eb9963e-bce0-4155-aea2-e442cadff8bd, group-A751954341BD, 1, <PROTO_DEFAULT>)
2025-09-19 20:43:11,398 [grpc-default-executor-0] INFO  server.RaftServer$Division (RaftServerImpl.java:setRole(392)) - b5a25cc1-46d3-4381-a194-bd68f4526f1c@group-A751954341BD: changes role from  FOLLOWER to FOLLOWER at term 0 for candidate:8eb9963e-bce0-4155-aea2-e442cadff8bd
2025-09-19 20:43:11,398 [grpc-default-executor-0] INFO  impl.RoleInfo (RoleInfo.java:shutdownFollowerState(121)) - b5a25cc1-46d3-4381-a194-bd68f4526f1c: shutdown b5a25cc1-46d3-4381-a194-bd68f4526f1c@group-A751954341BD-FollowerState
2025-09-19 20:43:11,398 [grpc-default-executor-1] INFO  impl.VoteContext (VoteContext.java:log(49)) - 0df1231c-9f8a-4757-a7d0-f6d7f53bc482@group-A751954341BD-FOLLOWER: accept ELECTION from 8eb9963e-bce0-4155-aea2-e442cadff8bd: our priority 0 <= candidate's priority 1
2025-09-19 20:43:11,398 [b5a25cc1-46d3-4381-a194-bd68f4526f1c@group-A751954341BD-FollowerState] INFO  impl.FollowerState (FollowerState.java:runImpl(170)) - b5a25cc1-46d3-4381-a194-bd68f4526f1c@group-A751954341BD-FollowerState was interrupted
2025-09-19 20:43:11,398 [grpc-default-executor-0] INFO  impl.RoleInfo (RoleInfo.java:updateAndGet(148)) - b5a25cc1-46d3-4381-a194-bd68f4526f1c: start b5a25cc1-46d3-4381-a194-bd68f4526f1c@group-A751954341BD-FollowerState
2025-09-19 20:43:11,398 [grpc-default-executor-1] INFO  server.RaftServer$Division (RaftServerImpl.java:setRole(392)) - 0df1231c-9f8a-4757-a7d0-f6d7f53bc482@group-A751954341BD: changes role from  FOLLOWER to FOLLOWER at term 0 for candidate:8eb9963e-bce0-4155-aea2-e442cadff8bd
2025-09-19 20:43:11,399 [grpc-default-executor-1] INFO  impl.RoleInfo (RoleInfo.java:shutdownFollowerState(121)) - 0df1231c-9f8a-4757-a7d0-f6d7f53bc482: shutdown 0df1231c-9f8a-4757-a7d0-f6d7f53bc482@group-A751954341BD-FollowerState
2025-09-19 20:43:11,399 [grpc-default-executor-0] INFO  server.RaftServer$Division (RaftServerImpl.java:setFirstElection(576)) - b5a25cc1-46d3-4381-a194-bd68f4526f1c@group-A751954341BD: set firstElectionSinceStartup to false for candidate:8eb9963e-bce0-4155-aea2-e442cadff8bd
2025-09-19 20:43:11,399 [grpc-default-executor-1] INFO  impl.RoleInfo (RoleInfo.java:updateAndGet(148)) - 0df1231c-9f8a-4757-a7d0-f6d7f53bc482: start 0df1231c-9f8a-4757-a7d0-f6d7f53bc482@group-A751954341BD-FollowerState
2025-09-19 20:43:11,399 [0df1231c-9f8a-4757-a7d0-f6d7f53bc482@group-A751954341BD-FollowerState] INFO  impl.FollowerState (FollowerState.java:runImpl(170)) - 0df1231c-9f8a-4757-a7d0-f6d7f53bc482@group-A751954341BD-FollowerState was interrupted
2025-09-19 20:43:11,400 [grpc-default-executor-1] INFO  server.RaftServer$Division (RaftServerImpl.java:requestVote(1455)) - 0df1231c-9f8a-4757-a7d0-f6d7f53bc482@group-A751954341BD replies to ELECTION vote request: 8eb9963e-bce0-4155-aea2-e442cadff8bd<-0df1231c-9f8a-4757-a7d0-f6d7f53bc482#0:OK-t1-last:<INITIAL_VALUE>. Peer's state: 0df1231c-9f8a-4757-a7d0-f6d7f53bc482@group-A751954341BD:t1, leader=null, voted=8eb9963e-bce0-4155-aea2-e442cadff8bd, raftlog=Memoized:0df1231c-9f8a-4757-a7d0-f6d7f53bc482@group-A751954341BD-SegmentedRaftLog:OPENED:c-1:lastnull, conf=conf: {index: -1, cur=peers:[b5a25cc1-46d3-4381-a194-bd68f4526f1c|127.0.0.1:15031, 0df1231c-9f8a-4757-a7d0-f6d7f53bc482|127.0.0.1:15023, 8eb9963e-bce0-4155-aea2-e442cadff8bd|127.0.0.1:15015]|listeners:[], old=null}
2025-09-19 20:43:11,400 [grpc-default-executor-0] INFO  server.RaftServer$Division (RaftServerImpl.java:requestVote(1455)) - b5a25cc1-46d3-4381-a194-bd68f4526f1c@group-A751954341BD replies to ELECTION vote request: 8eb9963e-bce0-4155-aea2-e442cadff8bd<-b5a25cc1-46d3-4381-a194-bd68f4526f1c#0:OK-t1-last:<INITIAL_VALUE>. Peer's state: b5a25cc1-46d3-4381-a194-bd68f4526f1c@group-A751954341BD:t1, leader=null, voted=8eb9963e-bce0-4155-aea2-e442cadff8bd, raftlog=Memoized:b5a25cc1-46d3-4381-a194-bd68f4526f1c@group-A751954341BD-SegmentedRaftLog:OPENED:c-1:lastnull, conf=conf: {index: -1, cur=peers:[b5a25cc1-46d3-4381-a194-bd68f4526f1c|127.0.0.1:15031, 0df1231c-9f8a-4757-a7d0-f6d7f53bc482|127.0.0.1:15023, 8eb9963e-bce0-4155-aea2-e442cadff8bd|127.0.0.1:15015]|listeners:[], old=null}
2025-09-19 20:43:11,402 [8eb9963e-bce0-4155-aea2-e442cadff8bd@group-A751954341BD-LeaderElection6] INFO  impl.LeaderElection (LeaderElection.java:logAndReturn(206)) - 8eb9963e-bce0-4155-aea2-e442cadff8bd@group-A751954341BD-LeaderElection6: ELECTION PASSED received 1 response(s) and 0 exception(s):
2025-09-19 20:43:11,402 [8eb9963e-bce0-4155-aea2-e442cadff8bd@group-A751954341BD-LeaderElection6] INFO  impl.LeaderElection (LeaderElection.java:logAndReturn(210)) -   Response 0: 8eb9963e-bce0-4155-aea2-e442cadff8bd<-0df1231c-9f8a-4757-a7d0-f6d7f53bc482#0:OK-t1-last:<INITIAL_VALUE>
2025-09-19 20:43:11,402 [8eb9963e-bce0-4155-aea2-e442cadff8bd@group-A751954341BD-LeaderElection6] INFO  impl.LeaderElection (LeaderElection.java:askForVotes(450)) - 8eb9963e-bce0-4155-aea2-e442cadff8bd@group-A751954341BD-LeaderElection6 ELECTION round 0: result PASSED
2025-09-19 20:43:11,402 [8eb9963e-bce0-4155-aea2-e442cadff8bd@group-A751954341BD-LeaderElection6] INFO  impl.RoleInfo (RoleInfo.java:shutdownLeaderElection(141)) - 8eb9963e-bce0-4155-aea2-e442cadff8bd: shutdown 8eb9963e-bce0-4155-aea2-e442cadff8bd@group-A751954341BD-LeaderElection6
2025-09-19 20:43:11,402 [8eb9963e-bce0-4155-aea2-e442cadff8bd@group-A751954341BD-LeaderElection6] INFO  server.RaftServer$Division (RaftServerImpl.java:setRole(392)) - 8eb9963e-bce0-4155-aea2-e442cadff8bd@group-A751954341BD: changes role from CANDIDATE to LEADER at term 1 for changeToLeader
2025-09-19 20:43:11,402 [8eb9963e-bce0-4155-aea2-e442cadff8bd@group-A751954341BD-LeaderElection6] INFO  server.RaftServerConfigKeys (ConfUtils.java:logFallback(69)) - raft.server.staging.timeout = 3600ms (fallback to raft.server.rpc.timeout.max)
2025-09-19 20:43:11,402 [8eb9963e-bce0-4155-aea2-e442cadff8bd@group-A751954341BD-LeaderElection6] INFO  server.RaftServerConfigKeys (ConfUtils.java:logGet(62)) - raft.server.write.byte-limit = 1024 M (=1073741824) (custom)
2025-09-19 20:43:11,409 [8eb9963e-bce0-4155-aea2-e442cadff8bd@group-A751954341BD-LeaderElection6] INFO  server.RaftServerConfigKeys (ConfUtils.java:logGet(62)) - raft.server.log.appender.snapshot.chunk.size.max = 16MB (=16777216) (default)
2025-09-19 20:43:11,410 [8eb9963e-bce0-4155-aea2-e442cadff8bd@group-A751954341BD-LeaderElection6] INFO  server.RaftServerConfigKeys (ConfUtils.java:logGet(62)) - raft.server.log.appender.buffer.byte-limit = 33554432 (custom)
2025-09-19 20:43:11,410 [8eb9963e-bce0-4155-aea2-e442cadff8bd@group-A751954341BD-LeaderElection6] INFO  server.RaftServerConfigKeys (ConfUtils.java:logGet(62)) - raft.server.log.appender.buffer.element-limit = 1024 (custom)
2025-09-19 20:43:11,411 [8eb9963e-bce0-4155-aea2-e442cadff8bd@group-A751954341BD-LeaderElection6] INFO  server.RaftServerConfigKeys (ConfUtils.java:logGet(62)) - raft.server.log.appender.wait-time.min = 0ms (custom)
2025-09-19 20:43:11,411 [8eb9963e-bce0-4155-aea2-e442cadff8bd@group-A751954341BD-LeaderElection6] INFO  grpc.GrpcConfigKeys (ConfUtils.java:logGet(62)) - raft.grpc.server.leader.outstanding.appends.max = 8 (default)
2025-09-19 20:43:11,412 [8eb9963e-bce0-4155-aea2-e442cadff8bd@group-A751954341BD-LeaderElection6] INFO  grpc.GrpcConfigKeys (ConfUtils.java:logGet(62)) - raft.grpc.server.install_snapshot.request.element-limit = 8 (default)
2025-09-19 20:43:11,412 [8eb9963e-bce0-4155-aea2-e442cadff8bd@group-A751954341BD-LeaderElection6] INFO  grpc.GrpcConfigKeys (ConfUtils.java:logGet(62)) - raft.grpc.server.install_snapshot.request.timeout = 3000ms (default)
2025-09-19 20:43:11,412 [8eb9963e-bce0-4155-aea2-e442cadff8bd@group-A751954341BD-LeaderElection6] INFO  grpc.GrpcConfigKeys (ConfUtils.java:logGet(62)) - raft.grpc.server.log-message.batch.duration = 5s (default)
2025-09-19 20:43:11,413 [8eb9963e-bce0-4155-aea2-e442cadff8bd@group-A751954341BD-LeaderElection6] INFO  server.RaftServerConfigKeys (ConfUtils.java:logGet(62)) - raft.server.log.appender.buffer.byte-limit = 33554432 (custom)
2025-09-19 20:43:11,414 [8eb9963e-bce0-4155-aea2-e442cadff8bd@group-A751954341BD-LeaderElection6] INFO  impl.RoleInfo (RoleInfo.java:updateAndGet(148)) - 8eb9963e-bce0-4155-aea2-e442cadff8bd: start 8eb9963e-bce0-4155-aea2-e442cadff8bd@group-A751954341BD-LeaderStateImpl
2025-09-19 20:43:11,414 [8eb9963e-bce0-4155-aea2-e442cadff8bd@group-A751954341BD-LeaderElection6] INFO  server.RaftServer$Division (RaftServerImpl.java:setFirstElection(576)) - 8eb9963e-bce0-4155-aea2-e442cadff8bd@group-A751954341BD: set firstElectionSinceStartup to false for becomeLeader
2025-09-19 20:43:11,414 [8eb9963e-bce0-4155-aea2-e442cadff8bd@group-A751954341BD-LeaderElection6] INFO  ratis.XceiverServerRatis (XceiverServerRatis.java:handleLeaderChangedNotification(942)) - Leader change notification received for group: group-A751954341BD with new leaderId: 8eb9963e-bce0-4155-aea2-e442cadff8bd
2025-09-19 20:43:11,415 [8eb9963e-bce0-4155-aea2-e442cadff8bd@group-A751954341BD-LeaderElection6] INFO  server.RaftServer$Division (ServerState.java:setLeader(272)) - 8eb9963e-bce0-4155-aea2-e442cadff8bd@group-A751954341BD: change Leader from null to 8eb9963e-bce0-4155-aea2-e442cadff8bd at term 1 for becomeLeader, leader elected after 1149ms
2025-09-19 20:43:11,415 [8eb9963e-bce0-4155-aea2-e442cadff8bd@group-A751954341BD-LeaderElection6] INFO  segmented.SegmentedRaftLogWorker (SegmentedRaftLogWorker.java:startLogSegment(440)) - 8eb9963e-bce0-4155-aea2-e442cadff8bd@group-A751954341BD-SegmentedRaftLogWorker: Starting segment from index:0
2025-09-19 20:43:11,415 [8eb9963e-bce0-4155-aea2-e442cadff8bd@group-A751954341BD-LeaderElection6] INFO  server.RaftServer$Division (ServerState.java:setRaftConf(386)) - 8eb9963e-bce0-4155-aea2-e442cadff8bd@group-A751954341BD: set configuration conf: {index: 0, cur=peers:[b5a25cc1-46d3-4381-a194-bd68f4526f1c|127.0.0.1:15031, 0df1231c-9f8a-4757-a7d0-f6d7f53bc482|127.0.0.1:15023, 8eb9963e-bce0-4155-aea2-e442cadff8bd|127.0.0.1:15015]|listeners:[], old=null}
2025-09-19 20:43:11,415 [8eb9963e-bce0-4155-aea2-e442cadff8bd@group-A751954341BD-SegmentedRaftLogWorker] INFO  segmented.BufferedWriteChannel (BufferedWriteChannel.java:open(61)) - open log_inprogress_0 at position 0
2025-09-19 20:43:11,417 [EventQueue-PipelineReportForOneReplicaPipelineSafeModeRule] INFO  safemode.SCMSafeModeManager (SCMSafeModeManager.java:validateSafeModeExitRules(138)) - AtleastOneDatanodeReportedRule rule is successfully validated
2025-09-19 20:43:11,420 [7c85452d-535d-4afd-8ce9-637c7af67bb0@group-28A5E13E86EF-StateMachineUpdater] INFO  safemode.SCMSafeModeManager (SCMSafeModeManager.java:validateSafeModeExitRules(138)) - DataNodeSafeModeRule rule is successfully validated
2025-09-19 20:43:11,420 [7c85452d-535d-4afd-8ce9-637c7af67bb0@group-28A5E13E86EF-StateMachineUpdater] INFO  safemode.SCMSafeModeManager (SCMSafeModeManager.java:validateSafeModeExitRules(138)) - RatisContainerSafeModeRule rule is successfully validated
2025-09-19 20:43:11,420 [7c85452d-535d-4afd-8ce9-637c7af67bb0@group-28A5E13E86EF-StateMachineUpdater] INFO  safemode.HealthyPipelineSafeModeRule (HealthyPipelineSafeModeRule.java:initializeRule(228)) - Refreshed total pipeline count is 1, healthy pipeline threshold count is 1
2025-09-19 20:43:11,420 [7c85452d-535d-4afd-8ce9-637c7af67bb0@group-28A5E13E86EF-StateMachineUpdater] INFO  safemode.SCMSafeModeManager (SCMSafeModeManager.java:validateSafeModeExitRules(138)) - ECContainerSafeModeRule rule is successfully validated
2025-09-19 20:43:11,420 [7c85452d-535d-4afd-8ce9-637c7af67bb0@group-28A5E13E86EF-StateMachineUpdater] INFO  safemode.SCMSafeModeManager (SCMSafeModeManager.java:validateSafeModeExitRules(138)) - AtleastOneDatanodeReportedRule rule is successfully validated
2025-09-19 20:43:11,421 [EventQueue-PipelineReportForPipelineReportHandler] INFO  pipeline.PipelineReportHandler (PipelineReportHandler.java:processPipelineReport(132)) - Opened pipeline Pipeline-e102d630-0766-4c9c-a6ac-a751954341bd
2025-09-19 20:43:11,424 [EventQueue-OpenPipelineForHealthyPipelineSafeModeRule] INFO  safemode.SCMSafeModeManager (HealthyPipelineSafeModeRule.java:process(196)) - SCM in safe mode. Healthy pipelines reported count is 1, required healthy pipeline reported count is 1
2025-09-19 20:43:11,424 [EventQueue-OpenPipelineForHealthyPipelineSafeModeRule] INFO  safemode.SCMSafeModeManager (SCMSafeModeManager.java:validateSafeModeExitRules(138)) - HealthyPipelineSafeModeRule rule is successfully validated
2025-09-19 20:43:11,424 [EventQueue-OpenPipelineForHealthyPipelineSafeModeRule] INFO  safemode.SCMSafeModeManager (SCMSafeModeManager.java:validateSafeModeExitRules(158)) - ScmSafeModeManager, all rules are successfully validated
2025-09-19 20:43:11,424 [EventQueue-OpenPipelineForHealthyPipelineSafeModeRule] INFO  safemode.SCMSafeModeManager (SCMSafeModeManager.java:validateSafeModeExitRules(159)) - SCM exiting safe mode.
2025-09-19 20:43:11,424 [EventQueue-OpenPipelineForHealthyPipelineSafeModeRule] INFO  ha.SCMContext (SCMContext.java:updateSafeModeStatus(224)) - Update SafeModeStatus from SafeModeStatus{safeModeStatus=true, preCheckPassed=true} to SafeModeStatus{safeModeStatus=false, preCheckPassed=true}.
2025-09-19 20:43:11,424 [EventQueue-OpenPipelineForHealthyPipelineSafeModeRule] INFO  BackgroundPipelineScrubber (BackgroundSCMService.java:notifyStatusChanged(78)) - Service BackgroundPipelineScrubber transitions to RUNNING.
2025-09-19 20:43:11,424 [EventQueue-OpenPipelineForHealthyPipelineSafeModeRule] INFO  ExpiredContainerReplicaOpScrubber (BackgroundSCMService.java:notifyStatusChanged(78)) - Service ExpiredContainerReplicaOpScrubber transitions to RUNNING.
2025-09-19 20:43:11,424 [EventQueue-OpenPipelineForHealthyPipelineSafeModeRule] INFO  block.SCMBlockDeletingService (SCMBlockDeletingService.java:notifyStatusChanged(265)) - notifyStatusChanged:RUNNING
2025-09-19 20:43:11,424 [EventQueue-OpenPipelineForHealthyPipelineSafeModeRule] INFO  replication.ReplicationManager (ReplicationManager.java:notifyStatusChanged(1389)) - Service ReplicationManager transitions to RUNNING.
2025-09-19 20:43:11,422 [e7feb3b4-5cd1-4322-b271-eb1c248a4412-CreatePipelineCommandHandlerThread-0] INFO  server.RaftServer (RaftServerProxy.java:addNew(105)) - e7feb3b4-5cd1-4322-b271-eb1c248a4412: addNew group-E6E6502686A8:[e7feb3b4-5cd1-4322-b271-eb1c248a4412|127.0.0.1:15039] returns group-E6E6502686A8:java.util.concurrent.CompletableFuture@472d5908[Not completed]
2025-09-19 20:43:11,422 [e7feb3b4-5cd1-4322-b271-eb1c248a4412-groupManagement] INFO  server.RaftServer$Division (RaftServerImpl.java:<init>(268)) - e7feb3b4-5cd1-4322-b271-eb1c248a4412: new RaftServerImpl for group-E6E6502686A8:[e7feb3b4-5cd1-4322-b271-eb1c248a4412|127.0.0.1:15039] with ContainerStateMachine:uninitialized
2025-09-19 20:43:11,426 [e7feb3b4-5cd1-4322-b271-eb1c248a4412-groupManagement] INFO  server.RaftServer$Division (ServerState.java:<init>(114)) - e7feb3b4-5cd1-4322-b271-eb1c248a4412@group-E6E6502686A8: ConfigurationManager, init=conf: {index: -1, cur=peers:[e7feb3b4-5cd1-4322-b271-eb1c248a4412|127.0.0.1:15039]|listeners:[], old=null}, confs=<EMPTY_MAP>
2025-09-19 20:43:11,427 [8eb9963e-bce0-4155-aea2-e442cadff8bd@group-A751954341BD-SegmentedRaftLogWorker] INFO  segmented.SegmentedRaftLogWorker (SegmentedRaftLogWorker.java:execute(647)) - 8eb9963e-bce0-4155-aea2-e442cadff8bd@group-A751954341BD-SegmentedRaftLogWorker: created new log segment /home/runner/work/ozone/ozone/hadoop-ozone/integration-test/target/test-dir/MiniOzoneClusterImpl-990002c2-bb69-4aa2-bd68-28a5e13e86ef/ozone-metadata/datanode-1/ratis/e102d630-0766-4c9c-a6ac-a751954341bd/current/log_inprogress_0
2025-09-19 20:43:11,430 [EventQueue-OpenPipelineForHealthyPipelineSafeModeRule] WARN  balancer.ContainerBalancer (ContainerBalancer.java:shouldRun(136)) - Could not find persisted configuration for ContainerBalancer when checking if ContainerBalancer should run. ContainerBalancer should not run now.
2025-09-19 20:43:11,430 [EventQueue-OpenPipelineForHealthyPipelineSafeModeRule] INFO  SCMHATransactionMonitor (BackgroundSCMService.java:notifyStatusChanged(78)) - Service SCMHATransactionMonitor transitions to RUNNING.
2025-09-19 20:43:11,441 [e7feb3b4-5cd1-4322-b271-eb1c248a4412-groupManagement] INFO  server.RaftServerConfigKeys (ConfUtils.java:logGet(62)) - raft.server.storage.dir = [/home/runner/work/ozone/ozone/hadoop-ozone/integration-test/target/test-dir/MiniOzoneClusterImpl-990002c2-bb69-4aa2-bd68-28a5e13e86ef/ozone-metadata/datanode-4/ratis] (custom)
2025-09-19 20:43:11,442 [e7feb3b4-5cd1-4322-b271-eb1c248a4412-groupManagement] INFO  storage.RaftStorageDirectory (RaftStorageDirectoryImpl.java:analyzeStorage(138)) - The storage directory /home/runner/work/ozone/ozone/hadoop-ozone/integration-test/target/test-dir/MiniOzoneClusterImpl-990002c2-bb69-4aa2-bd68-28a5e13e86ef/ozone-metadata/datanode-4/ratis/e8905537-4f97-42c5-bc55-e6e6502686a8 does not exist. Creating ...
2025-09-19 20:43:11,442 [grpc-default-executor-1] INFO  ratis.XceiverServerRatis (XceiverServerRatis.java:handleLeaderChangedNotification(942)) - Leader change notification received for group: group-A751954341BD with new leaderId: 8eb9963e-bce0-4155-aea2-e442cadff8bd
2025-09-19 20:43:11,442 [grpc-default-executor-1] INFO  server.RaftServer$Division (ServerState.java:setLeader(272)) - 0df1231c-9f8a-4757-a7d0-f6d7f53bc482@group-A751954341BD: change Leader from null to 8eb9963e-bce0-4155-aea2-e442cadff8bd at term 1 for appendEntries, leader elected after 1465ms
2025-09-19 20:43:11,442 [grpc-default-executor-3] INFO  ratis.XceiverServerRatis (XceiverServerRatis.java:handleLeaderChangedNotification(942)) - Leader change notification received for group: group-A751954341BD with new leaderId: 8eb9963e-bce0-4155-aea2-e442cadff8bd
2025-09-19 20:43:11,444 [grpc-default-executor-3] INFO  server.RaftServer$Division (ServerState.java:setLeader(272)) - b5a25cc1-46d3-4381-a194-bd68f4526f1c@group-A751954341BD: change Leader from null to 8eb9963e-bce0-4155-aea2-e442cadff8bd at term 1 for appendEntries, leader elected after 1112ms
2025-09-19 20:43:11,445 [e7feb3b4-5cd1-4322-b271-eb1c248a4412-groupManagement] INFO  storage.RaftStorageDirectory (RaftStorageDirectoryImpl.java:tryLock(229)) - Lock on /home/runner/work/ozone/ozone/hadoop-ozone/integration-test/target/test-dir/MiniOzoneClusterImpl-990002c2-bb69-4aa2-bd68-28a5e13e86ef/ozone-metadata/datanode-4/ratis/e8905537-4f97-42c5-bc55-e6e6502686a8/in_use.lock acquired by nodename 22744@localhost
2025-09-19 20:43:11,447 [e7feb3b4-5cd1-4322-b271-eb1c248a4412-groupManagement] INFO  storage.RaftStorage (RaftStorageImpl.java:format(98)) - Storage directory /home/runner/work/ozone/ozone/hadoop-ozone/integration-test/target/test-dir/MiniOzoneClusterImpl-990002c2-bb69-4aa2-bd68-28a5e13e86ef/ozone-metadata/datanode-4/ratis/e8905537-4f97-42c5-bc55-e6e6502686a8 has been successfully formatted.
2025-09-19 20:43:11,447 [e7feb3b4-5cd1-4322-b271-eb1c248a4412-groupManagement] INFO  ratis.ContainerStateMachine (ContainerStateMachine.java:initialize(339)) - e7feb3b4-5cd1-4322-b271-eb1c248a4412: initialize group-E6E6502686A8
2025-09-19 20:43:11,447 [e7feb3b4-5cd1-4322-b271-eb1c248a4412-groupManagement] INFO  ratis.ContainerStateMachine (ContainerStateMachine.java:loadSnapshot(347)) - group-E6E6502686A8: The snapshot info is null. Setting the last applied index to:<INITIAL_VALUE>
2025-09-19 20:43:11,447 [e7feb3b4-5cd1-4322-b271-eb1c248a4412-groupManagement] INFO  server.RaftServerConfigKeys (ConfUtils.java:logGet(62)) - raft.server.log.appender.buffer.byte-limit = 33554432 (custom)
2025-09-19 20:43:11,450 [grpc-default-executor-0] INFO  server.RaftServer$Division (ServerState.java:setRaftConf(386)) - 0df1231c-9f8a-4757-a7d0-f6d7f53bc482@group-A751954341BD: set configuration conf: {index: 0, cur=peers:[b5a25cc1-46d3-4381-a194-bd68f4526f1c|127.0.0.1:15031, 0df1231c-9f8a-4757-a7d0-f6d7f53bc482|127.0.0.1:15023, 8eb9963e-bce0-4155-aea2-e442cadff8bd|127.0.0.1:15015]|listeners:[], old=null}
2025-09-19 20:43:11,453 [e7feb3b4-5cd1-4322-b271-eb1c248a4412-groupManagement] INFO  server.RaftServerConfigKeys (ConfUtils.java:logGet(62)) - raft.server.log.segment.size.max = 67108864 (custom)
2025-09-19 20:43:11,453 [e7feb3b4-5cd1-4322-b271-eb1c248a4412-groupManagement] INFO  server.RaftServerConfigKeys (ConfUtils.java:logGet(62)) - raft.server.log.appender.buffer.byte-limit = 33554432 (custom)
2025-09-19 20:43:11,455 [grpc-default-executor-0] INFO  segmented.SegmentedRaftLogWorker (SegmentedRaftLogWorker.java:startLogSegment(440)) - 0df1231c-9f8a-4757-a7d0-f6d7f53bc482@group-A751954341BD-SegmentedRaftLogWorker: Starting segment from index:0
2025-09-19 20:43:11,456 [0df1231c-9f8a-4757-a7d0-f6d7f53bc482@group-A751954341BD-SegmentedRaftLogWorker] INFO  segmented.BufferedWriteChannel (BufferedWriteChannel.java:open(61)) - open log_inprogress_0 at position 0
2025-09-19 20:43:11,459 [e7feb3b4-5cd1-4322-b271-eb1c248a4412-groupManagement] INFO  util.AwaitToRun (AwaitToRun.java:start(81)) - Thread[#1257,e7feb3b4-5cd1-4322-b271-eb1c248a4412@group-E6E6502686A8-cacheEviction-AwaitToRun,5,main] started
2025-09-19 20:43:11,459 [e7feb3b4-5cd1-4322-b271-eb1c248a4412-groupManagement] INFO  segmented.SegmentedRaftLogWorker (SegmentedRaftLogWorker.java:<init>(190)) - new e7feb3b4-5cd1-4322-b271-eb1c248a4412@group-E6E6502686A8-SegmentedRaftLogWorker for RaftStorageImpl:Storage Directory /home/runner/work/ozone/ozone/hadoop-ozone/integration-test/target/test-dir/MiniOzoneClusterImpl-990002c2-bb69-4aa2-bd68-28a5e13e86ef/ozone-metadata/datanode-4/ratis/e8905537-4f97-42c5-bc55-e6e6502686a8
2025-09-19 20:43:11,459 [e7feb3b4-5cd1-4322-b271-eb1c248a4412-groupManagement] INFO  server.RaftServerConfigKeys (ConfUtils.java:logGet(62)) - raft.server.log.queue.byte-limit = 4294967296 (custom)
2025-09-19 20:43:11,459 [e7feb3b4-5cd1-4322-b271-eb1c248a4412-groupManagement] INFO  server.RaftServerConfigKeys (ConfUtils.java:logGet(62)) - raft.server.log.segment.size.max = 67108864 (custom)
2025-09-19 20:43:11,459 [e7feb3b4-5cd1-4322-b271-eb1c248a4412-groupManagement] INFO  server.RaftServerConfigKeys (ConfUtils.java:logGet(62)) - raft.server.log.preallocated.size = 4194304 (custom)
2025-09-19 20:43:11,460 [e7feb3b4-5cd1-4322-b271-eb1c248a4412-groupManagement] INFO  server.RaftServerConfigKeys (ConfUtils.java:logGet(62)) - raft.server.log.write.buffer.size = 33554440 (custom)
2025-09-19 20:43:11,461 [grpc-default-executor-3] INFO  server.RaftServer$Division (ServerState.java:setRaftConf(386)) - b5a25cc1-46d3-4381-a194-bd68f4526f1c@group-A751954341BD: set configuration conf: {index: 0, cur=peers:[b5a25cc1-46d3-4381-a194-bd68f4526f1c|127.0.0.1:15031, 0df1231c-9f8a-4757-a7d0-f6d7f53bc482|127.0.0.1:15023, 8eb9963e-bce0-4155-aea2-e442cadff8bd|127.0.0.1:15015]|listeners:[], old=null}
2025-09-19 20:43:11,461 [grpc-default-executor-3] INFO  segmented.SegmentedRaftLogWorker (SegmentedRaftLogWorker.java:startLogSegment(440)) - b5a25cc1-46d3-4381-a194-bd68f4526f1c@group-A751954341BD-SegmentedRaftLogWorker: Starting segment from index:0
2025-09-19 20:43:11,462 [b5a25cc1-46d3-4381-a194-bd68f4526f1c@group-A751954341BD-SegmentedRaftLogWorker] INFO  segmented.BufferedWriteChannel (BufferedWriteChannel.java:open(61)) - open log_inprogress_0 at position 0
2025-09-19 20:43:11,463 [EventQueue-PipelineReportForPipelineReportHandler] INFO  pipeline.PipelineReportHandler (PipelineReportHandler.java:processPipelineReport(132)) - Opened pipeline Pipeline-e8905537-4f97-42c5-bc55-e6e6502686a8
2025-09-19 20:43:11,469 [0df1231c-9f8a-4757-a7d0-f6d7f53bc482@group-A751954341BD-SegmentedRaftLogWorker] INFO  segmented.SegmentedRaftLogWorker (SegmentedRaftLogWorker.java:execute(647)) - 0df1231c-9f8a-4757-a7d0-f6d7f53bc482@group-A751954341BD-SegmentedRaftLogWorker: created new log segment /home/runner/work/ozone/ozone/hadoop-ozone/integration-test/target/test-dir/MiniOzoneClusterImpl-990002c2-bb69-4aa2-bd68-28a5e13e86ef/ozone-metadata/datanode-2/ratis/e102d630-0766-4c9c-a6ac-a751954341bd/current/log_inprogress_0
2025-09-19 20:43:11,469 [e7feb3b4-5cd1-4322-b271-eb1c248a4412-groupManagement] INFO  server.RaftServerConfigKeys (ConfUtils.java:logGet(62)) - raft.server.log.appender.buffer.byte-limit = 33554432 (custom)
2025-09-19 20:43:11,469 [e7feb3b4-5cd1-4322-b271-eb1c248a4412-groupManagement] INFO  segmented.SegmentedRaftLogWorker (SegmentedRaftLogWorker.java:lambda$new$0(141)) - e7feb3b4-5cd1-4322-b271-eb1c248a4412@group-E6E6502686A8-SegmentedRaftLogWorker: flushIndex: setUnconditionally 0 -> -1
2025-09-19 20:43:11,470 [e7feb3b4-5cd1-4322-b271-eb1c248a4412-groupManagement] INFO  segmented.SegmentedRaftLogWorker (SegmentedRaftLogWorker.java:lambda$new$0(141)) - e7feb3b4-5cd1-4322-b271-eb1c248a4412@group-E6E6502686A8-SegmentedRaftLogWorker: safeCacheEvictIndex: setUnconditionally 0 -> -1
2025-09-19 20:43:11,470 [e7feb3b4-5cd1-4322-b271-eb1c248a4412-groupManagement] INFO  server.RaftServer$Division (RaftServerImpl.java:start(405)) - e7feb3b4-5cd1-4322-b271-eb1c248a4412@group-E6E6502686A8: start as a follower, conf=conf: {index: -1, cur=peers:[e7feb3b4-5cd1-4322-b271-eb1c248a4412|127.0.0.1:15039]|listeners:[], old=null}
2025-09-19 20:43:11,470 [e7feb3b4-5cd1-4322-b271-eb1c248a4412-groupManagement] INFO  server.RaftServer$Division (RaftServerImpl.java:setRole(392)) - e7feb3b4-5cd1-4322-b271-eb1c248a4412@group-E6E6502686A8: changes role from      null to FOLLOWER at term 0 for startAsFollower
2025-09-19 20:43:11,470 [e7feb3b4-5cd1-4322-b271-eb1c248a4412-groupManagement] INFO  impl.RoleInfo (RoleInfo.java:updateAndGet(148)) - e7feb3b4-5cd1-4322-b271-eb1c248a4412: start e7feb3b4-5cd1-4322-b271-eb1c248a4412@group-E6E6502686A8-FollowerState
2025-09-19 20:43:11,471 [e7feb3b4-5cd1-4322-b271-eb1c248a4412-groupManagement] INFO  util.JmxRegister (JmxRegister.java:tryRegister(44)) - Successfully registered JMX Bean with object name Ratis:service=RaftServer,group=group-E6E6502686A8,id=e7feb3b4-5cd1-4322-b271-eb1c248a4412
2025-09-19 20:43:11,471 [e7feb3b4-5cd1-4322-b271-eb1c248a4412-groupManagement] INFO  util.JmxRegister (JmxRegister.java:register(58)) - register mxBean class org.apache.ratis.server.impl.RaftServerJmxAdapter as Ratis:service=RaftServer,group=group-E6E6502686A8,id=e7feb3b4-5cd1-4322-b271-eb1c248a4412
2025-09-19 20:43:11,471 [b5a25cc1-46d3-4381-a194-bd68f4526f1c@group-A751954341BD-SegmentedRaftLogWorker] INFO  segmented.SegmentedRaftLogWorker (SegmentedRaftLogWorker.java:execute(647)) - b5a25cc1-46d3-4381-a194-bd68f4526f1c@group-A751954341BD-SegmentedRaftLogWorker: created new log segment /home/runner/work/ozone/ozone/hadoop-ozone/integration-test/target/test-dir/MiniOzoneClusterImpl-990002c2-bb69-4aa2-bd68-28a5e13e86ef/ozone-metadata/datanode-3/ratis/e102d630-0766-4c9c-a6ac-a751954341bd/current/log_inprogress_0
2025-09-19 20:43:11,473 [e7feb3b4-5cd1-4322-b271-eb1c248a4412-groupManagement] INFO  server.RaftServer$Division (RaftServerImpl.java:start(419)) - e7feb3b4-5cd1-4322-b271-eb1c248a4412@group-E6E6502686A8: Successfully started.
2025-09-19 20:43:11,473 [e7feb3b4-5cd1-4322-b271-eb1c248a4412-CreatePipelineCommandHandlerThread-0] INFO  ratis.XceiverServerRatis (XceiverServerRatis.java:addGroup(841)) - Created group Pipeline-e8905537-4f97-42c5-bc55-e6e6502686a8
2025-09-19 20:43:11,473 [e7feb3b4-5cd1-4322-b271-eb1c248a4412-CreatePipelineCommandHandlerThread-0] INFO  commandhandler.CreatePipelineCommandHandler (CreatePipelineCommandHandler.java:lambda$handle$2(141)) - Created Pipeline RATIS ONE Pipeline-e8905537-4f97-42c5-bc55-e6e6502686a8.
2025-09-19 20:43:11,474 [e7feb3b4-5cd1-4322-b271-eb1c248a4412-CreatePipelineCommandHandlerThread-0] INFO  server.RaftServer (RaftServerProxy.java:addNew(105)) - e7feb3b4-5cd1-4322-b271-eb1c248a4412: addNew group-9E25D04C2ADC:[e7feb3b4-5cd1-4322-b271-eb1c248a4412|127.0.0.1:15039, 417c597c-13cf-4e34-be96-1680b82aa276|127.0.0.1:15047, c834ff67-8e28-4894-9cd1-7316b4e587ce|127.0.0.1:15055] returns group-9E25D04C2ADC:java.util.concurrent.CompletableFuture@722d10c0[Not completed]
2025-09-19 20:43:11,473 [ForkJoinPool-1-worker-1] INFO  ozone.MiniOzoneClusterImpl (MiniOzoneClusterImpl.java:lambda$waitForClusterToBeReady$0(181)) - Nodes are ready. Got 10 of 10 DN Heartbeats.
2025-09-19 20:43:11,475 [ForkJoinPool-1-worker-1] INFO  ozone.MiniOzoneClusterImpl (MiniOzoneClusterImpl.java:lambda$waitForClusterToBeReady$0(184)) - Cluster exits safe mode
2025-09-19 20:43:11,475 [ForkJoinPool-1-worker-1] INFO  ozone.MiniOzoneClusterImpl (MiniOzoneClusterImpl.java:lambda$waitForClusterToBeReady$0(186)) - SCM became leader
2025-09-19 20:43:11,477 [e7feb3b4-5cd1-4322-b271-eb1c248a4412-groupManagement] INFO  server.RaftServer$Division (RaftServerImpl.java:<init>(268)) - e7feb3b4-5cd1-4322-b271-eb1c248a4412: new RaftServerImpl for group-9E25D04C2ADC:[e7feb3b4-5cd1-4322-b271-eb1c248a4412|127.0.0.1:15039, 417c597c-13cf-4e34-be96-1680b82aa276|127.0.0.1:15047, c834ff67-8e28-4894-9cd1-7316b4e587ce|127.0.0.1:15055] with ContainerStateMachine:uninitialized
2025-09-19 20:43:11,477 [e7feb3b4-5cd1-4322-b271-eb1c248a4412-groupManagement] INFO  server.RaftServer$Division (ServerState.java:<init>(114)) - e7feb3b4-5cd1-4322-b271-eb1c248a4412@group-9E25D04C2ADC: ConfigurationManager, init=conf: {index: -1, cur=peers:[e7feb3b4-5cd1-4322-b271-eb1c248a4412|127.0.0.1:15039, 417c597c-13cf-4e34-be96-1680b82aa276|127.0.0.1:15047, c834ff67-8e28-4894-9cd1-7316b4e587ce|127.0.0.1:15055]|listeners:[], old=null}, confs=<EMPTY_MAP>
2025-09-19 20:43:11,478 [8eb9963e-bce0-4155-aea2-e442cadff8bd@group-A751954341BD-StateMachineUpdater] INFO  server.RaftServer$Division (LeaderStateImpl.java:checkStartIndex(309)) - Leader 8eb9963e-bce0-4155-aea2-e442cadff8bd@group-A751954341BD-LeaderStateImpl is ready since appliedIndex == startIndex == 0
2025-09-19 20:43:11,483 [e7feb3b4-5cd1-4322-b271-eb1c248a4412-groupManagement] INFO  storage.RaftStorageDirectory (RaftStorageDirectoryImpl.java:analyzeStorage(138)) - The storage directory /home/runner/work/ozone/ozone/hadoop-ozone/integration-test/target/test-dir/MiniOzoneClusterImpl-990002c2-bb69-4aa2-bd68-28a5e13e86ef/ozone-metadata/datanode-4/ratis/9000e871-2414-43c0-9d82-9e25d04c2adc does not exist. Creating ...
2025-09-19 20:43:11,484 [e7feb3b4-5cd1-4322-b271-eb1c248a4412-groupManagement] INFO  storage.RaftStorageDirectory (RaftStorageDirectoryImpl.java:tryLock(229)) - Lock on /home/runner/work/ozone/ozone/hadoop-ozone/integration-test/target/test-dir/MiniOzoneClusterImpl-990002c2-bb69-4aa2-bd68-28a5e13e86ef/ozone-metadata/datanode-4/ratis/9000e871-2414-43c0-9d82-9e25d04c2adc/in_use.lock acquired by nodename 22744@localhost
2025-09-19 20:43:11,485 [e7feb3b4-5cd1-4322-b271-eb1c248a4412-groupManagement] INFO  storage.RaftStorage (RaftStorageImpl.java:format(98)) - Storage directory /home/runner/work/ozone/ozone/hadoop-ozone/integration-test/target/test-dir/MiniOzoneClusterImpl-990002c2-bb69-4aa2-bd68-28a5e13e86ef/ozone-metadata/datanode-4/ratis/9000e871-2414-43c0-9d82-9e25d04c2adc has been successfully formatted.
2025-09-19 20:43:11,485 [e7feb3b4-5cd1-4322-b271-eb1c248a4412-groupManagement] INFO  ratis.ContainerStateMachine (ContainerStateMachine.java:initialize(339)) - e7feb3b4-5cd1-4322-b271-eb1c248a4412: initialize group-9E25D04C2ADC
2025-09-19 20:43:11,485 [e7feb3b4-5cd1-4322-b271-eb1c248a4412-groupManagement] INFO  ratis.ContainerStateMachine (ContainerStateMachine.java:loadSnapshot(347)) - group-9E25D04C2ADC: The snapshot info is null. Setting the last applied index to:<INITIAL_VALUE>
2025-09-19 20:43:11,485 [e7feb3b4-5cd1-4322-b271-eb1c248a4412-groupManagement] INFO  server.RaftServerConfigKeys (ConfUtils.java:logGet(62)) - raft.server.log.appender.buffer.byte-limit = 33554432 (custom)
2025-09-19 20:43:11,487 [e7feb3b4-5cd1-4322-b271-eb1c248a4412-groupManagement] INFO  server.RaftServerConfigKeys (ConfUtils.java:logGet(62)) - raft.server.log.segment.size.max = 67108864 (custom)
2025-09-19 20:43:11,488 [e7feb3b4-5cd1-4322-b271-eb1c248a4412-groupManagement] INFO  server.RaftServerConfigKeys (ConfUtils.java:logGet(62)) - raft.server.log.appender.buffer.byte-limit = 33554432 (custom)
2025-09-19 20:43:11,488 [e7feb3b4-5cd1-4322-b271-eb1c248a4412-groupManagement] INFO  util.AwaitToRun (AwaitToRun.java:start(81)) - Thread[#1262,e7feb3b4-5cd1-4322-b271-eb1c248a4412@group-9E25D04C2ADC-cacheEviction-AwaitToRun,5,main] started
2025-09-19 20:43:11,488 [e7feb3b4-5cd1-4322-b271-eb1c248a4412-groupManagement] INFO  segmented.SegmentedRaftLogWorker (SegmentedRaftLogWorker.java:<init>(190)) - new e7feb3b4-5cd1-4322-b271-eb1c248a4412@group-9E25D04C2ADC-SegmentedRaftLogWorker for RaftStorageImpl:Storage Directory /home/runner/work/ozone/ozone/hadoop-ozone/integration-test/target/test-dir/MiniOzoneClusterImpl-990002c2-bb69-4aa2-bd68-28a5e13e86ef/ozone-metadata/datanode-4/ratis/9000e871-2414-43c0-9d82-9e25d04c2adc
2025-09-19 20:43:11,488 [e7feb3b4-5cd1-4322-b271-eb1c248a4412-groupManagement] INFO  server.RaftServerConfigKeys (ConfUtils.java:logGet(62)) - raft.server.log.queue.byte-limit = 4294967296 (custom)
2025-09-19 20:43:11,488 [e7feb3b4-5cd1-4322-b271-eb1c248a4412-groupManagement] INFO  server.RaftServerConfigKeys (ConfUtils.java:logGet(62)) - raft.server.log.segment.size.max = 67108864 (custom)
2025-09-19 20:43:11,488 [e7feb3b4-5cd1-4322-b271-eb1c248a4412-groupManagement] INFO  server.RaftServerConfigKeys (ConfUtils.java:logGet(62)) - raft.server.log.preallocated.size = 4194304 (custom)
2025-09-19 20:43:11,489 [e7feb3b4-5cd1-4322-b271-eb1c248a4412-groupManagement] INFO  server.RaftServerConfigKeys (ConfUtils.java:logGet(62)) - raft.server.log.write.buffer.size = 33554440 (custom)
2025-09-19 20:43:11,495 [e7feb3b4-5cd1-4322-b271-eb1c248a4412-groupManagement] INFO  server.RaftServerConfigKeys (ConfUtils.java:logGet(62)) - raft.server.log.appender.buffer.byte-limit = 33554432 (custom)
2025-09-19 20:43:11,495 [e7feb3b4-5cd1-4322-b271-eb1c248a4412-groupManagement] INFO  segmented.SegmentedRaftLogWorker (SegmentedRaftLogWorker.java:lambda$new$0(141)) - e7feb3b4-5cd1-4322-b271-eb1c248a4412@group-9E25D04C2ADC-SegmentedRaftLogWorker: flushIndex: setUnconditionally 0 -> -1
2025-09-19 20:43:11,495 [e7feb3b4-5cd1-4322-b271-eb1c248a4412-groupManagement] INFO  segmented.SegmentedRaftLogWorker (SegmentedRaftLogWorker.java:lambda$new$0(141)) - e7feb3b4-5cd1-4322-b271-eb1c248a4412@group-9E25D04C2ADC-SegmentedRaftLogWorker: safeCacheEvictIndex: setUnconditionally 0 -> -1
2025-09-19 20:43:11,496 [e7feb3b4-5cd1-4322-b271-eb1c248a4412-groupManagement] INFO  server.RaftServer$Division (RaftServerImpl.java:start(405)) - e7feb3b4-5cd1-4322-b271-eb1c248a4412@group-9E25D04C2ADC: start as a follower, conf=conf: {index: -1, cur=peers:[e7feb3b4-5cd1-4322-b271-eb1c248a4412|127.0.0.1:15039, 417c597c-13cf-4e34-be96-1680b82aa276|127.0.0.1:15047, c834ff67-8e28-4894-9cd1-7316b4e587ce|127.0.0.1:15055]|listeners:[], old=null}
2025-09-19 20:43:11,496 [e7feb3b4-5cd1-4322-b271-eb1c248a4412-groupManagement] INFO  server.RaftServer$Division (RaftServerImpl.java:setRole(392)) - e7feb3b4-5cd1-4322-b271-eb1c248a4412@group-9E25D04C2ADC: changes role from      null to FOLLOWER at term 0 for startAsFollower
2025-09-19 20:43:11,496 [e7feb3b4-5cd1-4322-b271-eb1c248a4412-groupManagement] INFO  impl.RoleInfo (RoleInfo.java:updateAndGet(148)) - e7feb3b4-5cd1-4322-b271-eb1c248a4412: start e7feb3b4-5cd1-4322-b271-eb1c248a4412@group-9E25D04C2ADC-FollowerState
2025-09-19 20:43:11,497 [e7feb3b4-5cd1-4322-b271-eb1c248a4412-groupManagement] INFO  util.JmxRegister (JmxRegister.java:tryRegister(44)) - Successfully registered JMX Bean with object name Ratis:service=RaftServer,group=group-9E25D04C2ADC,id=e7feb3b4-5cd1-4322-b271-eb1c248a4412
2025-09-19 20:43:11,497 [e7feb3b4-5cd1-4322-b271-eb1c248a4412-groupManagement] INFO  util.JmxRegister (JmxRegister.java:register(58)) - register mxBean class org.apache.ratis.server.impl.RaftServerJmxAdapter as Ratis:service=RaftServer,group=group-9E25D04C2ADC,id=e7feb3b4-5cd1-4322-b271-eb1c248a4412
2025-09-19 20:43:11,498 [e7feb3b4-5cd1-4322-b271-eb1c248a4412-groupManagement] INFO  server.RaftServer$Division (RaftServerImpl.java:start(419)) - e7feb3b4-5cd1-4322-b271-eb1c248a4412@group-9E25D04C2ADC: Successfully started.
2025-09-19 20:43:11,498 [e7feb3b4-5cd1-4322-b271-eb1c248a4412-CreatePipelineCommandHandlerThread-0] INFO  ratis.XceiverServerRatis (XceiverServerRatis.java:addGroup(841)) - Created group Pipeline-9000e871-2414-43c0-9d82-9e25d04c2adc
2025-09-19 20:43:11,508 [grpc-default-executor-3] INFO  server.RaftServer (RaftServerProxy.java:addNew(105)) - 417c597c-13cf-4e34-be96-1680b82aa276: addNew group-9E25D04C2ADC:[e7feb3b4-5cd1-4322-b271-eb1c248a4412|127.0.0.1:15039, 417c597c-13cf-4e34-be96-1680b82aa276|127.0.0.1:15047, c834ff67-8e28-4894-9cd1-7316b4e587ce|127.0.0.1:15055] returns group-9E25D04C2ADC:java.util.concurrent.CompletableFuture@5b71d0b8[Not completed]
2025-09-19 20:43:11,510 [417c597c-13cf-4e34-be96-1680b82aa276-groupManagement] INFO  server.RaftServer$Division (RaftServerImpl.java:<init>(268)) - 417c597c-13cf-4e34-be96-1680b82aa276: new RaftServerImpl for group-9E25D04C2ADC:[e7feb3b4-5cd1-4322-b271-eb1c248a4412|127.0.0.1:15039, 417c597c-13cf-4e34-be96-1680b82aa276|127.0.0.1:15047, c834ff67-8e28-4894-9cd1-7316b4e587ce|127.0.0.1:15055] with ContainerStateMachine:uninitialized
2025-09-19 20:43:11,510 [417c597c-13cf-4e34-be96-1680b82aa276-groupManagement] INFO  server.RaftServer$Division (ServerState.java:<init>(114)) - 417c597c-13cf-4e34-be96-1680b82aa276@group-9E25D04C2ADC: ConfigurationManager, init=conf: {index: -1, cur=peers:[e7feb3b4-5cd1-4322-b271-eb1c248a4412|127.0.0.1:15039, 417c597c-13cf-4e34-be96-1680b82aa276|127.0.0.1:15047, c834ff67-8e28-4894-9cd1-7316b4e587ce|127.0.0.1:15055]|listeners:[], old=null}, confs=<EMPTY_MAP>
2025-09-19 20:43:11,515 [417c597c-13cf-4e34-be96-1680b82aa276-groupManagement] INFO  server.RaftServerConfigKeys (ConfUtils.java:logGet(62)) - raft.server.storage.dir = [/home/runner/work/ozone/ozone/hadoop-ozone/integration-test/target/test-dir/MiniOzoneClusterImpl-990002c2-bb69-4aa2-bd68-28a5e13e86ef/ozone-metadata/datanode-5/ratis] (custom)
2025-09-19 20:43:11,515 [417c597c-13cf-4e34-be96-1680b82aa276-groupManagement] INFO  storage.RaftStorageDirectory (RaftStorageDirectoryImpl.java:analyzeStorage(138)) - The storage directory /home/runner/work/ozone/ozone/hadoop-ozone/integration-test/target/test-dir/MiniOzoneClusterImpl-990002c2-bb69-4aa2-bd68-28a5e13e86ef/ozone-metadata/datanode-5/ratis/9000e871-2414-43c0-9d82-9e25d04c2adc does not exist. Creating ...
2025-09-19 20:43:11,517 [417c597c-13cf-4e34-be96-1680b82aa276-groupManagement] INFO  storage.RaftStorageDirectory (RaftStorageDirectoryImpl.java:tryLock(229)) - Lock on /home/runner/work/ozone/ozone/hadoop-ozone/integration-test/target/test-dir/MiniOzoneClusterImpl-990002c2-bb69-4aa2-bd68-28a5e13e86ef/ozone-metadata/datanode-5/ratis/9000e871-2414-43c0-9d82-9e25d04c2adc/in_use.lock acquired by nodename 22744@localhost
2025-09-19 20:43:11,519 [417c597c-13cf-4e34-be96-1680b82aa276-groupManagement] INFO  storage.RaftStorage (RaftStorageImpl.java:format(98)) - Storage directory /home/runner/work/ozone/ozone/hadoop-ozone/integration-test/target/test-dir/MiniOzoneClusterImpl-990002c2-bb69-4aa2-bd68-28a5e13e86ef/ozone-metadata/datanode-5/ratis/9000e871-2414-43c0-9d82-9e25d04c2adc has been successfully formatted.
2025-09-19 20:43:11,519 [417c597c-13cf-4e34-be96-1680b82aa276-groupManagement] INFO  ratis.ContainerStateMachine (ContainerStateMachine.java:initialize(339)) - 417c597c-13cf-4e34-be96-1680b82aa276: initialize group-9E25D04C2ADC
2025-09-19 20:43:11,519 [417c597c-13cf-4e34-be96-1680b82aa276-groupManagement] INFO  ratis.ContainerStateMachine (ContainerStateMachine.java:loadSnapshot(347)) - group-9E25D04C2ADC: The snapshot info is null. Setting the last applied index to:<INITIAL_VALUE>
2025-09-19 20:43:11,519 [417c597c-13cf-4e34-be96-1680b82aa276-groupManagement] INFO  server.RaftServerConfigKeys (ConfUtils.java:logGet(62)) - raft.server.log.appender.buffer.byte-limit = 33554432 (custom)
2025-09-19 20:43:11,522 [417c597c-13cf-4e34-be96-1680b82aa276-groupManagement] INFO  server.RaftServerConfigKeys (ConfUtils.java:logGet(62)) - raft.server.log.segment.size.max = 67108864 (custom)
2025-09-19 20:43:11,522 [417c597c-13cf-4e34-be96-1680b82aa276-groupManagement] INFO  server.RaftServerConfigKeys (ConfUtils.java:logGet(62)) - raft.server.log.appender.buffer.byte-limit = 33554432 (custom)
2025-09-19 20:43:11,523 [417c597c-13cf-4e34-be96-1680b82aa276-groupManagement] INFO  util.AwaitToRun (AwaitToRun.java:start(81)) - Thread[#1267,417c597c-13cf-4e34-be96-1680b82aa276@group-9E25D04C2ADC-cacheEviction-AwaitToRun,5,main] started
2025-09-19 20:43:11,523 [417c597c-13cf-4e34-be96-1680b82aa276-groupManagement] INFO  segmented.SegmentedRaftLogWorker (SegmentedRaftLogWorker.java:<init>(190)) - new 417c597c-13cf-4e34-be96-1680b82aa276@group-9E25D04C2ADC-SegmentedRaftLogWorker for RaftStorageImpl:Storage Directory /home/runner/work/ozone/ozone/hadoop-ozone/integration-test/target/test-dir/MiniOzoneClusterImpl-990002c2-bb69-4aa2-bd68-28a5e13e86ef/ozone-metadata/datanode-5/ratis/9000e871-2414-43c0-9d82-9e25d04c2adc
2025-09-19 20:43:11,523 [417c597c-13cf-4e34-be96-1680b82aa276-groupManagement] INFO  server.RaftServerConfigKeys (ConfUtils.java:logGet(62)) - raft.server.log.queue.byte-limit = 4294967296 (custom)
2025-09-19 20:43:11,523 [417c597c-13cf-4e34-be96-1680b82aa276-groupManagement] INFO  server.RaftServerConfigKeys (ConfUtils.java:logGet(62)) - raft.server.log.segment.size.max = 67108864 (custom)
2025-09-19 20:43:11,523 [417c597c-13cf-4e34-be96-1680b82aa276-groupManagement] INFO  server.RaftServerConfigKeys (ConfUtils.java:logGet(62)) - raft.server.log.preallocated.size = 4194304 (custom)
2025-09-19 20:43:11,523 [417c597c-13cf-4e34-be96-1680b82aa276-groupManagement] INFO  server.RaftServerConfigKeys (ConfUtils.java:logGet(62)) - raft.server.log.write.buffer.size = 33554440 (custom)
2025-09-19 20:43:11,529 [417c597c-13cf-4e34-be96-1680b82aa276-groupManagement] INFO  server.RaftServerConfigKeys (ConfUtils.java:logGet(62)) - raft.server.log.appender.buffer.byte-limit = 33554432 (custom)
2025-09-19 20:43:11,529 [417c597c-13cf-4e34-be96-1680b82aa276-groupManagement] INFO  segmented.SegmentedRaftLogWorker (SegmentedRaftLogWorker.java:lambda$new$0(141)) - 417c597c-13cf-4e34-be96-1680b82aa276@group-9E25D04C2ADC-SegmentedRaftLogWorker: flushIndex: setUnconditionally 0 -> -1
2025-09-19 20:43:11,529 [417c597c-13cf-4e34-be96-1680b82aa276-groupManagement] INFO  segmented.SegmentedRaftLogWorker (SegmentedRaftLogWorker.java:lambda$new$0(141)) - 417c597c-13cf-4e34-be96-1680b82aa276@group-9E25D04C2ADC-SegmentedRaftLogWorker: safeCacheEvictIndex: setUnconditionally 0 -> -1
2025-09-19 20:43:11,530 [417c597c-13cf-4e34-be96-1680b82aa276-groupManagement] INFO  server.RaftServer$Division (RaftServerImpl.java:start(405)) - 417c597c-13cf-4e34-be96-1680b82aa276@group-9E25D04C2ADC: start as a follower, conf=conf: {index: -1, cur=peers:[e7feb3b4-5cd1-4322-b271-eb1c248a4412|127.0.0.1:15039, 417c597c-13cf-4e34-be96-1680b82aa276|127.0.0.1:15047, c834ff67-8e28-4894-9cd1-7316b4e587ce|127.0.0.1:15055]|listeners:[], old=null}
2025-09-19 20:43:11,530 [417c597c-13cf-4e34-be96-1680b82aa276-groupManagement] INFO  server.RaftServer$Division (RaftServerImpl.java:setRole(392)) - 417c597c-13cf-4e34-be96-1680b82aa276@group-9E25D04C2ADC: changes role from      null to FOLLOWER at term 0 for startAsFollower
2025-09-19 20:43:11,530 [417c597c-13cf-4e34-be96-1680b82aa276-groupManagement] INFO  impl.RoleInfo (RoleInfo.java:updateAndGet(148)) - 417c597c-13cf-4e34-be96-1680b82aa276: start 417c597c-13cf-4e34-be96-1680b82aa276@group-9E25D04C2ADC-FollowerState
2025-09-19 20:43:11,530 [417c597c-13cf-4e34-be96-1680b82aa276-groupManagement] INFO  util.JmxRegister (JmxRegister.java:tryRegister(44)) - Successfully registered JMX Bean with object name Ratis:service=RaftServer,group=group-9E25D04C2ADC,id=417c597c-13cf-4e34-be96-1680b82aa276
2025-09-19 20:43:11,530 [417c597c-13cf-4e34-be96-1680b82aa276-groupManagement] INFO  util.JmxRegister (JmxRegister.java:register(58)) - register mxBean class org.apache.ratis.server.impl.RaftServerJmxAdapter as Ratis:service=RaftServer,group=group-9E25D04C2ADC,id=417c597c-13cf-4e34-be96-1680b82aa276
2025-09-19 20:43:11,531 [417c597c-13cf-4e34-be96-1680b82aa276-groupManagement] INFO  server.RaftServer$Division (RaftServerImpl.java:start(419)) - 417c597c-13cf-4e34-be96-1680b82aa276@group-9E25D04C2ADC: Successfully started.
2025-09-19 20:43:11,536 [b5a25cc1-46d3-4381-a194-bd68f4526f1c@group-715EBF8096A7-FollowerState] INFO  impl.FollowerState (FollowerState.java:runImpl(161)) - b5a25cc1-46d3-4381-a194-bd68f4526f1c@group-715EBF8096A7-FollowerState: change to CANDIDATE, lastRpcElapsedTime:1110391385ns, electionTimeout:1109ms
2025-09-19 20:43:11,536 [b5a25cc1-46d3-4381-a194-bd68f4526f1c@group-715EBF8096A7-FollowerState] INFO  impl.RoleInfo (RoleInfo.java:shutdownFollowerState(121)) - b5a25cc1-46d3-4381-a194-bd68f4526f1c: shutdown b5a25cc1-46d3-4381-a194-bd68f4526f1c@group-715EBF8096A7-FollowerState
2025-09-19 20:43:11,536 [b5a25cc1-46d3-4381-a194-bd68f4526f1c@group-715EBF8096A7-FollowerState] INFO  server.RaftServer$Division (RaftServerImpl.java:setRole(392)) - b5a25cc1-46d3-4381-a194-bd68f4526f1c@group-715EBF8096A7: changes role from  FOLLOWER to CANDIDATE at term 0 for changeToCandidate
2025-09-19 20:43:11,537 [b5a25cc1-46d3-4381-a194-bd68f4526f1c@group-715EBF8096A7-FollowerState] INFO  impl.RoleInfo (RoleInfo.java:updateAndGet(148)) - b5a25cc1-46d3-4381-a194-bd68f4526f1c: start b5a25cc1-46d3-4381-a194-bd68f4526f1c@group-715EBF8096A7-LeaderElection7
2025-09-19 20:43:11,537 [b5a25cc1-46d3-4381-a194-bd68f4526f1c@group-715EBF8096A7-LeaderElection7] INFO  impl.LeaderElection (LeaderElection.java:askForVotes(448)) - b5a25cc1-46d3-4381-a194-bd68f4526f1c@group-715EBF8096A7-LeaderElection7 PRE_VOTE round 0: submit vote requests at term 0 for conf: {index: -1, cur=peers:[b5a25cc1-46d3-4381-a194-bd68f4526f1c|127.0.0.1:15031, 0df1231c-9f8a-4757-a7d0-f6d7f53bc482|127.0.0.1:15023, 8eb9963e-bce0-4155-aea2-e442cadff8bd|127.0.0.1:15015]|listeners:[], old=null}
2025-09-19 20:43:11,537 [b5a25cc1-46d3-4381-a194-bd68f4526f1c@group-715EBF8096A7-LeaderElection7-1] INFO  server.GrpcServerProtocolClient (GrpcServerProtocolClient.java:<init>(65)) - Build channel for 0df1231c-9f8a-4757-a7d0-f6d7f53bc482|127.0.0.1:15023
2025-09-19 20:43:11,539 [b5a25cc1-46d3-4381-a194-bd68f4526f1c@group-715EBF8096A7-LeaderElection7-2] INFO  server.GrpcServerProtocolClient (GrpcServerProtocolClient.java:<init>(65)) - Build channel for 8eb9963e-bce0-4155-aea2-e442cadff8bd|127.0.0.1:15015
2025-09-19 20:43:11,539 [0df1231c-9f8a-4757-a7d0-f6d7f53bc482@group-715EBF8096A7-FollowerState] INFO  impl.FollowerState (FollowerState.java:runImpl(161)) - 0df1231c-9f8a-4757-a7d0-f6d7f53bc482@group-715EBF8096A7-FollowerState: change to CANDIDATE, lastRpcElapsedTime:1153217497ns, electionTimeout:1152ms
2025-09-19 20:43:11,539 [0df1231c-9f8a-4757-a7d0-f6d7f53bc482@group-715EBF8096A7-FollowerState] INFO  impl.RoleInfo (RoleInfo.java:shutdownFollowerState(121)) - 0df1231c-9f8a-4757-a7d0-f6d7f53bc482: shutdown 0df1231c-9f8a-4757-a7d0-f6d7f53bc482@group-715EBF8096A7-FollowerState
2025-09-19 20:43:11,539 [0df1231c-9f8a-4757-a7d0-f6d7f53bc482@group-715EBF8096A7-FollowerState] INFO  server.RaftServer$Division (RaftServerImpl.java:setRole(392)) - 0df1231c-9f8a-4757-a7d0-f6d7f53bc482@group-715EBF8096A7: changes role from  FOLLOWER to CANDIDATE at term 0 for changeToCandidate
2025-09-19 20:43:11,539 [0df1231c-9f8a-4757-a7d0-f6d7f53bc482@group-715EBF8096A7-FollowerState] INFO  impl.RoleInfo (RoleInfo.java:updateAndGet(148)) - 0df1231c-9f8a-4757-a7d0-f6d7f53bc482: start 0df1231c-9f8a-4757-a7d0-f6d7f53bc482@group-715EBF8096A7-LeaderElection8
2025-09-19 20:43:11,540 [0df1231c-9f8a-4757-a7d0-f6d7f53bc482@group-715EBF8096A7-LeaderElection8] INFO  impl.LeaderElection (LeaderElection.java:askForVotes(448)) - 0df1231c-9f8a-4757-a7d0-f6d7f53bc482@group-715EBF8096A7-LeaderElection8 PRE_VOTE round 0: submit vote requests at term 0 for conf: {index: -1, cur=peers:[b5a25cc1-46d3-4381-a194-bd68f4526f1c|127.0.0.1:15031, 0df1231c-9f8a-4757-a7d0-f6d7f53bc482|127.0.0.1:15023, 8eb9963e-bce0-4155-aea2-e442cadff8bd|127.0.0.1:15015]|listeners:[], old=null}
2025-09-19 20:43:11,544 [grpc-default-executor-0] INFO  server.RaftServer$Division (RaftServerImpl.java:requestVote(1421)) - b5a25cc1-46d3-4381-a194-bd68f4526f1c@group-715EBF8096A7: receive requestVote(PRE_VOTE, 0df1231c-9f8a-4757-a7d0-f6d7f53bc482, group-715EBF8096A7, 0, <PROTO_DEFAULT>)
2025-09-19 20:43:11,544 [grpc-default-executor-0] INFO  impl.VoteContext (VoteContext.java:log(49)) - b5a25cc1-46d3-4381-a194-bd68f4526f1c@group-715EBF8096A7-CANDIDATE: reject PRE_VOTE from 0df1231c-9f8a-4757-a7d0-f6d7f53bc482: our priority 1 > candidate's priority 0
2025-09-19 20:43:11,544 [grpc-default-executor-0] INFO  server.RaftServer$Division (RaftServerImpl.java:requestVote(1455)) - b5a25cc1-46d3-4381-a194-bd68f4526f1c@group-715EBF8096A7 replies to PRE_VOTE vote request: 0df1231c-9f8a-4757-a7d0-f6d7f53bc482<-b5a25cc1-46d3-4381-a194-bd68f4526f1c#0:FAIL-t0-last:<INITIAL_VALUE>. Peer's state: b5a25cc1-46d3-4381-a194-bd68f4526f1c@group-715EBF8096A7:t0, leader=null, voted=, raftlog=Memoized:b5a25cc1-46d3-4381-a194-bd68f4526f1c@group-715EBF8096A7-SegmentedRaftLog:OPENED:c-1:lastnull, conf=conf: {index: -1, cur=peers:[b5a25cc1-46d3-4381-a194-bd68f4526f1c|127.0.0.1:15031, 0df1231c-9f8a-4757-a7d0-f6d7f53bc482|127.0.0.1:15023, 8eb9963e-bce0-4155-aea2-e442cadff8bd|127.0.0.1:15015]|listeners:[], old=null}
2025-09-19 20:43:11,548 [0df1231c-9f8a-4757-a7d0-f6d7f53bc482@group-715EBF8096A7-LeaderElection8] INFO  impl.LeaderElection (LeaderElection.java:logAndReturn(206)) - 0df1231c-9f8a-4757-a7d0-f6d7f53bc482@group-715EBF8096A7-LeaderElection8: PRE_VOTE REJECTED received 1 response(s) and 0 exception(s):
2025-09-19 20:43:11,548 [0df1231c-9f8a-4757-a7d0-f6d7f53bc482@group-715EBF8096A7-LeaderElection8] INFO  impl.LeaderElection (LeaderElection.java:logAndReturn(210)) -   Response 0: 0df1231c-9f8a-4757-a7d0-f6d7f53bc482<-b5a25cc1-46d3-4381-a194-bd68f4526f1c#0:FAIL-t0-last:<INITIAL_VALUE>
2025-09-19 20:43:11,548 [0df1231c-9f8a-4757-a7d0-f6d7f53bc482@group-715EBF8096A7-LeaderElection8] INFO  impl.LeaderElection (LeaderElection.java:askForVotes(450)) - 0df1231c-9f8a-4757-a7d0-f6d7f53bc482@group-715EBF8096A7-LeaderElection8 PRE_VOTE round 0: result REJECTED
2025-09-19 20:43:11,548 [0df1231c-9f8a-4757-a7d0-f6d7f53bc482@group-715EBF8096A7-LeaderElection8] INFO  server.RaftServer$Division (RaftServerImpl.java:setRole(392)) - 0df1231c-9f8a-4757-a7d0-f6d7f53bc482@group-715EBF8096A7: changes role from CANDIDATE to FOLLOWER at term 0 for REJECTED
2025-09-19 20:43:11,548 [0df1231c-9f8a-4757-a7d0-f6d7f53bc482@group-715EBF8096A7-LeaderElection8] INFO  impl.RoleInfo (RoleInfo.java:shutdownLeaderElection(141)) - 0df1231c-9f8a-4757-a7d0-f6d7f53bc482: shutdown 0df1231c-9f8a-4757-a7d0-f6d7f53bc482@group-715EBF8096A7-LeaderElection8
2025-09-19 20:43:11,548 [0df1231c-9f8a-4757-a7d0-f6d7f53bc482@group-715EBF8096A7-LeaderElection8] INFO  impl.RoleInfo (RoleInfo.java:updateAndGet(148)) - 0df1231c-9f8a-4757-a7d0-f6d7f53bc482: start 0df1231c-9f8a-4757-a7d0-f6d7f53bc482@group-715EBF8096A7-FollowerState
2025-09-19 20:43:11,549 [grpc-default-executor-0] INFO  server.RaftServer$Division (RaftServerImpl.java:requestVote(1421)) - 8eb9963e-bce0-4155-aea2-e442cadff8bd@group-715EBF8096A7: receive requestVote(PRE_VOTE, 0df1231c-9f8a-4757-a7d0-f6d7f53bc482, group-715EBF8096A7, 0, <PROTO_DEFAULT>)
2025-09-19 20:43:11,549 [grpc-default-executor-0] INFO  impl.VoteContext (VoteContext.java:log(49)) - 8eb9963e-bce0-4155-aea2-e442cadff8bd@group-715EBF8096A7-FOLLOWER: accept PRE_VOTE from 0df1231c-9f8a-4757-a7d0-f6d7f53bc482: our priority 0 <= candidate's priority 0
2025-09-19 20:43:11,549 [grpc-default-executor-2] INFO  server.RaftServer$Division (RaftServerImpl.java:requestVote(1421)) - 0df1231c-9f8a-4757-a7d0-f6d7f53bc482@group-715EBF8096A7: receive requestVote(PRE_VOTE, b5a25cc1-46d3-4381-a194-bd68f4526f1c, group-715EBF8096A7, 0, <PROTO_DEFAULT>)
2025-09-19 20:43:11,551 [grpc-default-executor-0] INFO  server.RaftServer$Division (RaftServerImpl.java:requestVote(1455)) - 8eb9963e-bce0-4155-aea2-e442cadff8bd@group-715EBF8096A7 replies to PRE_VOTE vote request: 0df1231c-9f8a-4757-a7d0-f6d7f53bc482<-8eb9963e-bce0-4155-aea2-e442cadff8bd#0:OK-t0-last:<INITIAL_VALUE>. Peer's state: 8eb9963e-bce0-4155-aea2-e442cadff8bd@group-715EBF8096A7:t0, leader=null, voted=, raftlog=Memoized:8eb9963e-bce0-4155-aea2-e442cadff8bd@group-715EBF8096A7-SegmentedRaftLog:OPENED:c-1:lastnull, conf=conf: {index: -1, cur=peers:[b5a25cc1-46d3-4381-a194-bd68f4526f1c|127.0.0.1:15031, 0df1231c-9f8a-4757-a7d0-f6d7f53bc482|127.0.0.1:15023, 8eb9963e-bce0-4155-aea2-e442cadff8bd|127.0.0.1:15015]|listeners:[], old=null}
2025-09-19 20:43:11,552 [0df1231c-9f8a-4757-a7d0-f6d7f53bc482@group-715EBF8096A7-LeaderElection8] INFO  server.RaftServer$Division (RaftServerImpl.java:setFirstElection(576)) - 0df1231c-9f8a-4757-a7d0-f6d7f53bc482@group-715EBF8096A7: set firstElectionSinceStartup to false for REJECTED
2025-09-19 20:43:11,552 [grpc-default-executor-2] INFO  impl.VoteContext (VoteContext.java:log(49)) - 0df1231c-9f8a-4757-a7d0-f6d7f53bc482@group-715EBF8096A7-FOLLOWER: accept PRE_VOTE from b5a25cc1-46d3-4381-a194-bd68f4526f1c: our priority 0 <= candidate's priority 1
2025-09-19 20:43:11,552 [grpc-default-executor-2] INFO  server.RaftServer$Division (RaftServerImpl.java:requestVote(1455)) - 0df1231c-9f8a-4757-a7d0-f6d7f53bc482@group-715EBF8096A7 replies to PRE_VOTE vote request: b5a25cc1-46d3-4381-a194-bd68f4526f1c<-0df1231c-9f8a-4757-a7d0-f6d7f53bc482#0:OK-t0-last:<INITIAL_VALUE>. Peer's state: 0df1231c-9f8a-4757-a7d0-f6d7f53bc482@group-715EBF8096A7:t0, leader=null, voted=, raftlog=Memoized:0df1231c-9f8a-4757-a7d0-f6d7f53bc482@group-715EBF8096A7-SegmentedRaftLog:OPENED:c-1:lastnull, conf=conf: {index: -1, cur=peers:[b5a25cc1-46d3-4381-a194-bd68f4526f1c|127.0.0.1:15031, 0df1231c-9f8a-4757-a7d0-f6d7f53bc482|127.0.0.1:15023, 8eb9963e-bce0-4155-aea2-e442cadff8bd|127.0.0.1:15015]|listeners:[], old=null}
2025-09-19 20:43:11,553 [grpc-default-executor-3] INFO  server.RaftServer (RaftServerProxy.java:addNew(105)) - c834ff67-8e28-4894-9cd1-7316b4e587ce: addNew group-9E25D04C2ADC:[e7feb3b4-5cd1-4322-b271-eb1c248a4412|127.0.0.1:15039, 417c597c-13cf-4e34-be96-1680b82aa276|127.0.0.1:15047, c834ff67-8e28-4894-9cd1-7316b4e587ce|127.0.0.1:15055] returns group-9E25D04C2ADC:java.util.concurrent.CompletableFuture@4d0c3e51[Not completed]
2025-09-19 20:43:11,554 [b5a25cc1-46d3-4381-a194-bd68f4526f1c@group-715EBF8096A7-LeaderElection7] INFO  impl.LeaderElection (LeaderElection.java:logAndReturn(206)) - b5a25cc1-46d3-4381-a194-bd68f4526f1c@group-715EBF8096A7-LeaderElection7: PRE_VOTE PASSED received 1 response(s) and 0 exception(s):
2025-09-19 20:43:11,554 [b5a25cc1-46d3-4381-a194-bd68f4526f1c@group-715EBF8096A7-LeaderElection7] INFO  impl.LeaderElection (LeaderElection.java:logAndReturn(210)) -   Response 0: b5a25cc1-46d3-4381-a194-bd68f4526f1c<-0df1231c-9f8a-4757-a7d0-f6d7f53bc482#0:OK-t0-last:<INITIAL_VALUE>
2025-09-19 20:43:11,554 [b5a25cc1-46d3-4381-a194-bd68f4526f1c@group-715EBF8096A7-LeaderElection7] INFO  impl.LeaderElection (LeaderElection.java:askForVotes(450)) - b5a25cc1-46d3-4381-a194-bd68f4526f1c@group-715EBF8096A7-LeaderElection7 PRE_VOTE round 0: result PASSED
2025-09-19 20:43:11,556 [grpc-default-executor-4] INFO  server.RaftServer$Division (RaftServerImpl.java:requestVote(1421)) - 8eb9963e-bce0-4155-aea2-e442cadff8bd@group-715EBF8096A7: receive requestVote(PRE_VOTE, b5a25cc1-46d3-4381-a194-bd68f4526f1c, group-715EBF8096A7, 0, <PROTO_DEFAULT>)
2025-09-19 20:43:11,556 [grpc-default-executor-4] INFO  impl.VoteContext (VoteContext.java:log(49)) - 8eb9963e-bce0-4155-aea2-e442cadff8bd@group-715EBF8096A7-FOLLOWER: accept PRE_VOTE from b5a25cc1-46d3-4381-a194-bd68f4526f1c: our priority 0 <= candidate's priority 1
2025-09-19 20:43:11,557 [b5a25cc1-46d3-4381-a194-bd68f4526f1c@group-715EBF8096A7-LeaderElection7] INFO  impl.LeaderElection (LeaderElection.java:askForVotes(448)) - b5a25cc1-46d3-4381-a194-bd68f4526f1c@group-715EBF8096A7-LeaderElection7 ELECTION round 0: submit vote requests at term 1 for conf: {index: -1, cur=peers:[b5a25cc1-46d3-4381-a194-bd68f4526f1c|127.0.0.1:15031, 0df1231c-9f8a-4757-a7d0-f6d7f53bc482|127.0.0.1:15023, 8eb9963e-bce0-4155-aea2-e442cadff8bd|127.0.0.1:15015]|listeners:[], old=null}
2025-09-19 20:43:11,557 [grpc-default-executor-4] INFO  server.RaftServer$Division (RaftServerImpl.java:requestVote(1455)) - 8eb9963e-bce0-4155-aea2-e442cadff8bd@group-715EBF8096A7 replies to PRE_VOTE vote request: b5a25cc1-46d3-4381-a194-bd68f4526f1c<-8eb9963e-bce0-4155-aea2-e442cadff8bd#0:OK-t0-last:<INITIAL_VALUE>. Peer's state: 8eb9963e-bce0-4155-aea2-e442cadff8bd@group-715EBF8096A7:t0, leader=null, voted=, raftlog=Memoized:8eb9963e-bce0-4155-aea2-e442cadff8bd@group-715EBF8096A7-SegmentedRaftLog:OPENED:c-1:lastnull, conf=conf: {index: -1, cur=peers:[b5a25cc1-46d3-4381-a194-bd68f4526f1c|127.0.0.1:15031, 0df1231c-9f8a-4757-a7d0-f6d7f53bc482|127.0.0.1:15023, 8eb9963e-bce0-4155-aea2-e442cadff8bd|127.0.0.1:15015]|listeners:[], old=null}
2025-09-19 20:43:11,558 [c834ff67-8e28-4894-9cd1-7316b4e587ce-groupManagement] INFO  server.RaftServer$Division (RaftServerImpl.java:<init>(268)) - c834ff67-8e28-4894-9cd1-7316b4e587ce: new RaftServerImpl for group-9E25D04C2ADC:[e7feb3b4-5cd1-4322-b271-eb1c248a4412|127.0.0.1:15039, 417c597c-13cf-4e34-be96-1680b82aa276|127.0.0.1:15047, c834ff67-8e28-4894-9cd1-7316b4e587ce|127.0.0.1:15055] with ContainerStateMachine:uninitialized
2025-09-19 20:43:11,558 [c834ff67-8e28-4894-9cd1-7316b4e587ce-groupManagement] INFO  server.RaftServer$Division (ServerState.java:<init>(114)) - c834ff67-8e28-4894-9cd1-7316b4e587ce@group-9E25D04C2ADC: ConfigurationManager, init=conf: {index: -1, cur=peers:[e7feb3b4-5cd1-4322-b271-eb1c248a4412|127.0.0.1:15039, 417c597c-13cf-4e34-be96-1680b82aa276|127.0.0.1:15047, c834ff67-8e28-4894-9cd1-7316b4e587ce|127.0.0.1:15055]|listeners:[], old=null}, confs=<EMPTY_MAP>
2025-09-19 20:43:11,565 [grpc-default-executor-2] INFO  server.RaftServer$Division (RaftServerImpl.java:requestVote(1421)) - 0df1231c-9f8a-4757-a7d0-f6d7f53bc482@group-715EBF8096A7: receive requestVote(ELECTION, b5a25cc1-46d3-4381-a194-bd68f4526f1c, group-715EBF8096A7, 1, <PROTO_DEFAULT>)
2025-09-19 20:43:11,565 [grpc-default-executor-2] INFO  impl.VoteContext (VoteContext.java:log(49)) - 0df1231c-9f8a-4757-a7d0-f6d7f53bc482@group-715EBF8096A7-FOLLOWER: accept ELECTION from b5a25cc1-46d3-4381-a194-bd68f4526f1c: our priority 0 <= candidate's priority 1
2025-09-19 20:43:11,565 [grpc-default-executor-2] INFO  server.RaftServer$Division (RaftServerImpl.java:setRole(392)) - 0df1231c-9f8a-4757-a7d0-f6d7f53bc482@group-715EBF8096A7: changes role from  FOLLOWER to FOLLOWER at term 0 for candidate:b5a25cc1-46d3-4381-a194-bd68f4526f1c
2025-09-19 20:43:11,565 [grpc-default-executor-2] INFO  impl.RoleInfo (RoleInfo.java:shutdownFollowerState(121)) - 0df1231c-9f8a-4757-a7d0-f6d7f53bc482: shutdown 0df1231c-9f8a-4757-a7d0-f6d7f53bc482@group-715EBF8096A7-FollowerState
2025-09-19 20:43:11,565 [grpc-default-executor-4] INFO  server.RaftServer$Division (RaftServerImpl.java:requestVote(1421)) - 8eb9963e-bce0-4155-aea2-e442cadff8bd@group-715EBF8096A7: receive requestVote(ELECTION, b5a25cc1-46d3-4381-a194-bd68f4526f1c, group-715EBF8096A7, 1, <PROTO_DEFAULT>)
2025-09-19 20:43:11,565 [grpc-default-executor-4] INFO  impl.VoteContext (VoteContext.java:log(49)) - 8eb9963e-bce0-4155-aea2-e442cadff8bd@group-715EBF8096A7-FOLLOWER: accept ELECTION from b5a25cc1-46d3-4381-a194-bd68f4526f1c: our priority 0 <= candidate's priority 1
2025-09-19 20:43:11,565 [grpc-default-executor-4] INFO  server.RaftServer$Division (RaftServerImpl.java:setRole(392)) - 8eb9963e-bce0-4155-aea2-e442cadff8bd@group-715EBF8096A7: changes role from  FOLLOWER to FOLLOWER at term 0 for candidate:b5a25cc1-46d3-4381-a194-bd68f4526f1c
2025-09-19 20:43:11,565 [grpc-default-executor-4] INFO  impl.RoleInfo (RoleInfo.java:shutdownFollowerState(121)) - 8eb9963e-bce0-4155-aea2-e442cadff8bd: shutdown 8eb9963e-bce0-4155-aea2-e442cadff8bd@group-715EBF8096A7-FollowerState
2025-09-19 20:43:11,565 [grpc-default-executor-4] INFO  impl.RoleInfo (RoleInfo.java:updateAndGet(148)) - 8eb9963e-bce0-4155-aea2-e442cadff8bd: start 8eb9963e-bce0-4155-aea2-e442cadff8bd@group-715EBF8096A7-FollowerState
2025-09-19 20:43:11,565 [c834ff67-8e28-4894-9cd1-7316b4e587ce-groupManagement] INFO  server.RaftServerConfigKeys (ConfUtils.java:logGet(62)) - raft.server.storage.dir = [/home/runner/work/ozone/ozone/hadoop-ozone/integration-test/target/test-dir/MiniOzoneClusterImpl-990002c2-bb69-4aa2-bd68-28a5e13e86ef/ozone-metadata/datanode-6/ratis] (custom)
2025-09-19 20:43:11,566 [grpc-default-executor-4] INFO  server.RaftServer$Division (RaftServerImpl.java:setFirstElection(576)) - 8eb9963e-bce0-4155-aea2-e442cadff8bd@group-715EBF8096A7: set firstElectionSinceStartup to false for candidate:b5a25cc1-46d3-4381-a194-bd68f4526f1c
2025-09-19 20:43:11,565 [0df1231c-9f8a-4757-a7d0-f6d7f53bc482@group-715EBF8096A7-FollowerState] INFO  impl.FollowerState (FollowerState.java:runImpl(170)) - 0df1231c-9f8a-4757-a7d0-f6d7f53bc482@group-715EBF8096A7-FollowerState was interrupted
2025-09-19 20:43:11,566 [c834ff67-8e28-4894-9cd1-7316b4e587ce-groupManagement] INFO  storage.RaftStorageDirectory (RaftStorageDirectoryImpl.java:analyzeStorage(138)) - The storage directory /home/runner/work/ozone/ozone/hadoop-ozone/integration-test/target/test-dir/MiniOzoneClusterImpl-990002c2-bb69-4aa2-bd68-28a5e13e86ef/ozone-metadata/datanode-6/ratis/9000e871-2414-43c0-9d82-9e25d04c2adc does not exist. Creating ...
2025-09-19 20:43:11,567 [8eb9963e-bce0-4155-aea2-e442cadff8bd@group-715EBF8096A7-FollowerState] INFO  impl.FollowerState (FollowerState.java:runImpl(170)) - 8eb9963e-bce0-4155-aea2-e442cadff8bd@group-715EBF8096A7-FollowerState was interrupted
2025-09-19 20:43:11,565 [grpc-default-executor-2] INFO  impl.RoleInfo (RoleInfo.java:updateAndGet(148)) - 0df1231c-9f8a-4757-a7d0-f6d7f53bc482: start 0df1231c-9f8a-4757-a7d0-f6d7f53bc482@group-715EBF8096A7-FollowerState
2025-09-19 20:43:11,567 [grpc-default-executor-4] INFO  server.RaftServer$Division (RaftServerImpl.java:requestVote(1455)) - 8eb9963e-bce0-4155-aea2-e442cadff8bd@group-715EBF8096A7 replies to ELECTION vote request: b5a25cc1-46d3-4381-a194-bd68f4526f1c<-8eb9963e-bce0-4155-aea2-e442cadff8bd#0:OK-t1-last:<INITIAL_VALUE>. Peer's state: 8eb9963e-bce0-4155-aea2-e442cadff8bd@group-715EBF8096A7:t1, leader=null, voted=b5a25cc1-46d3-4381-a194-bd68f4526f1c, raftlog=Memoized:8eb9963e-bce0-4155-aea2-e442cadff8bd@group-715EBF8096A7-SegmentedRaftLog:OPENED:c-1:lastnull, conf=conf: {index: -1, cur=peers:[b5a25cc1-46d3-4381-a194-bd68f4526f1c|127.0.0.1:15031, 0df1231c-9f8a-4757-a7d0-f6d7f53bc482|127.0.0.1:15023, 8eb9963e-bce0-4155-aea2-e442cadff8bd|127.0.0.1:15015]|listeners:[], old=null}
2025-09-19 20:43:11,568 [c834ff67-8e28-4894-9cd1-7316b4e587ce-groupManagement] INFO  storage.RaftStorageDirectory (RaftStorageDirectoryImpl.java:tryLock(229)) - Lock on /home/runner/work/ozone/ozone/hadoop-ozone/integration-test/target/test-dir/MiniOzoneClusterImpl-990002c2-bb69-4aa2-bd68-28a5e13e86ef/ozone-metadata/datanode-6/ratis/9000e871-2414-43c0-9d82-9e25d04c2adc/in_use.lock acquired by nodename 22744@localhost
2025-09-19 20:43:11,569 [b5a25cc1-46d3-4381-a194-bd68f4526f1c@group-715EBF8096A7-LeaderElection7] INFO  impl.LeaderElection (LeaderElection.java:logAndReturn(206)) - b5a25cc1-46d3-4381-a194-bd68f4526f1c@group-715EBF8096A7-LeaderElection7: ELECTION PASSED received 1 response(s) and 0 exception(s):
2025-09-19 20:43:11,569 [b5a25cc1-46d3-4381-a194-bd68f4526f1c@group-715EBF8096A7-LeaderElection7] INFO  impl.LeaderElection (LeaderElection.java:logAndReturn(210)) -   Response 0: b5a25cc1-46d3-4381-a194-bd68f4526f1c<-8eb9963e-bce0-4155-aea2-e442cadff8bd#0:OK-t1-last:<INITIAL_VALUE>
2025-09-19 20:43:11,569 [b5a25cc1-46d3-4381-a194-bd68f4526f1c@group-715EBF8096A7-LeaderElection7] INFO  impl.LeaderElection (LeaderElection.java:askForVotes(450)) - b5a25cc1-46d3-4381-a194-bd68f4526f1c@group-715EBF8096A7-LeaderElection7 ELECTION round 0: result PASSED
2025-09-19 20:43:11,569 [b5a25cc1-46d3-4381-a194-bd68f4526f1c@group-715EBF8096A7-LeaderElection7] INFO  impl.RoleInfo (RoleInfo.java:shutdownLeaderElection(141)) - b5a25cc1-46d3-4381-a194-bd68f4526f1c: shutdown b5a25cc1-46d3-4381-a194-bd68f4526f1c@group-715EBF8096A7-LeaderElection7
2025-09-19 20:43:11,569 [b5a25cc1-46d3-4381-a194-bd68f4526f1c@group-715EBF8096A7-LeaderElection7] INFO  server.RaftServer$Division (RaftServerImpl.java:setRole(392)) - b5a25cc1-46d3-4381-a194-bd68f4526f1c@group-715EBF8096A7: changes role from CANDIDATE to LEADER at term 1 for changeToLeader
2025-09-19 20:43:11,569 [b5a25cc1-46d3-4381-a194-bd68f4526f1c@group-715EBF8096A7-LeaderElection7] INFO  server.RaftServerConfigKeys (ConfUtils.java:logFallback(69)) - raft.server.staging.timeout = 3600ms (fallback to raft.server.rpc.timeout.max)
2025-09-19 20:43:11,569 [grpc-default-executor-2] INFO  server.RaftServer$Division (RaftServerImpl.java:requestVote(1455)) - 0df1231c-9f8a-4757-a7d0-f6d7f53bc482@group-715EBF8096A7 replies to ELECTION vote request: b5a25cc1-46d3-4381-a194-bd68f4526f1c<-0df1231c-9f8a-4757-a7d0-f6d7f53bc482#0:OK-t1-last:<INITIAL_VALUE>. Peer's state: 0df1231c-9f8a-4757-a7d0-f6d7f53bc482@group-715EBF8096A7:t1, leader=null, voted=b5a25cc1-46d3-4381-a194-bd68f4526f1c, raftlog=Memoized:0df1231c-9f8a-4757-a7d0-f6d7f53bc482@group-715EBF8096A7-SegmentedRaftLog:OPENED:c-1:lastnull, conf=conf: {index: -1, cur=peers:[b5a25cc1-46d3-4381-a194-bd68f4526f1c|127.0.0.1:15031, 0df1231c-9f8a-4757-a7d0-f6d7f53bc482|127.0.0.1:15023, 8eb9963e-bce0-4155-aea2-e442cadff8bd|127.0.0.1:15015]|listeners:[], old=null}
2025-09-19 20:43:11,569 [b5a25cc1-46d3-4381-a194-bd68f4526f1c@group-715EBF8096A7-LeaderElection7] INFO  server.RaftServerConfigKeys (ConfUtils.java:logGet(62)) - raft.server.write.byte-limit = 1024 M (=1073741824) (custom)
2025-09-19 20:43:11,571 [b5a25cc1-46d3-4381-a194-bd68f4526f1c@group-715EBF8096A7-LeaderElection7] INFO  server.RaftServerConfigKeys (ConfUtils.java:logGet(62)) - raft.server.log.appender.buffer.byte-limit = 33554432 (custom)
2025-09-19 20:43:11,572 [c834ff67-8e28-4894-9cd1-7316b4e587ce-groupManagement] INFO  storage.RaftStorage (RaftStorageImpl.java:format(98)) - Storage directory /home/runner/work/ozone/ozone/hadoop-ozone/integration-test/target/test-dir/MiniOzoneClusterImpl-990002c2-bb69-4aa2-bd68-28a5e13e86ef/ozone-metadata/datanode-6/ratis/9000e871-2414-43c0-9d82-9e25d04c2adc has been successfully formatted.
2025-09-19 20:43:11,572 [c834ff67-8e28-4894-9cd1-7316b4e587ce-groupManagement] INFO  ratis.ContainerStateMachine (ContainerStateMachine.java:initialize(339)) - c834ff67-8e28-4894-9cd1-7316b4e587ce: initialize group-9E25D04C2ADC
2025-09-19 20:43:11,572 [c834ff67-8e28-4894-9cd1-7316b4e587ce-groupManagement] INFO  ratis.ContainerStateMachine (ContainerStateMachine.java:loadSnapshot(347)) - group-9E25D04C2ADC: The snapshot info is null. Setting the last applied index to:<INITIAL_VALUE>
2025-09-19 20:43:11,573 [b5a25cc1-46d3-4381-a194-bd68f4526f1c@group-715EBF8096A7-LeaderElection7] INFO  server.RaftServerConfigKeys (ConfUtils.java:logGet(62)) - raft.server.log.appender.buffer.byte-limit = 33554432 (custom)
2025-09-19 20:43:11,574 [c834ff67-8e28-4894-9cd1-7316b4e587ce-groupManagement] INFO  server.RaftServerConfigKeys (ConfUtils.java:logGet(62)) - raft.server.log.appender.buffer.byte-limit = 33554432 (custom)
2025-09-19 20:43:11,574 [b5a25cc1-46d3-4381-a194-bd68f4526f1c@group-715EBF8096A7-LeaderElection7] INFO  impl.RoleInfo (RoleInfo.java:updateAndGet(148)) - b5a25cc1-46d3-4381-a194-bd68f4526f1c: start b5a25cc1-46d3-4381-a194-bd68f4526f1c@group-715EBF8096A7-LeaderStateImpl
2025-09-19 20:43:11,574 [b5a25cc1-46d3-4381-a194-bd68f4526f1c@group-715EBF8096A7-LeaderElection7] INFO  server.RaftServer$Division (RaftServerImpl.java:setFirstElection(576)) - b5a25cc1-46d3-4381-a194-bd68f4526f1c@group-715EBF8096A7: set firstElectionSinceStartup to false for becomeLeader
2025-09-19 20:43:11,574 [b5a25cc1-46d3-4381-a194-bd68f4526f1c@group-715EBF8096A7-LeaderElection7] INFO  ratis.XceiverServerRatis (XceiverServerRatis.java:handleLeaderChangedNotification(942)) - Leader change notification received for group: group-715EBF8096A7 with new leaderId: b5a25cc1-46d3-4381-a194-bd68f4526f1c
2025-09-19 20:43:11,574 [b5a25cc1-46d3-4381-a194-bd68f4526f1c@group-715EBF8096A7-LeaderElection7] INFO  server.RaftServer$Division (ServerState.java:setLeader(272)) - b5a25cc1-46d3-4381-a194-bd68f4526f1c@group-715EBF8096A7: change Leader from null to b5a25cc1-46d3-4381-a194-bd68f4526f1c at term 1 for becomeLeader, leader elected after 1176ms
2025-09-19 20:43:11,575 [b5a25cc1-46d3-4381-a194-bd68f4526f1c@group-715EBF8096A7-LeaderElection7] INFO  segmented.SegmentedRaftLogWorker (SegmentedRaftLogWorker.java:startLogSegment(440)) - b5a25cc1-46d3-4381-a194-bd68f4526f1c@group-715EBF8096A7-SegmentedRaftLogWorker: Starting segment from index:0
2025-09-19 20:43:11,576 [b5a25cc1-46d3-4381-a194-bd68f4526f1c@group-715EBF8096A7-LeaderElection7] INFO  server.RaftServer$Division (ServerState.java:setRaftConf(386)) - b5a25cc1-46d3-4381-a194-bd68f4526f1c@group-715EBF8096A7: set configuration conf: {index: 0, cur=peers:[b5a25cc1-46d3-4381-a194-bd68f4526f1c|127.0.0.1:15031, 0df1231c-9f8a-4757-a7d0-f6d7f53bc482|127.0.0.1:15023, 8eb9963e-bce0-4155-aea2-e442cadff8bd|127.0.0.1:15015]|listeners:[], old=null}
2025-09-19 20:43:11,577 [b5a25cc1-46d3-4381-a194-bd68f4526f1c@group-715EBF8096A7-SegmentedRaftLogWorker] INFO  segmented.BufferedWriteChannel (BufferedWriteChannel.java:open(61)) - open log_inprogress_0 at position 0
2025-09-19 20:43:11,581 [c834ff67-8e28-4894-9cd1-7316b4e587ce-groupManagement] INFO  server.RaftServerConfigKeys (ConfUtils.java:logGet(62)) - raft.server.log.segment.size.max = 67108864 (custom)
2025-09-19 20:43:11,581 [c834ff67-8e28-4894-9cd1-7316b4e587ce-groupManagement] INFO  server.RaftServerConfigKeys (ConfUtils.java:logGet(62)) - raft.server.log.appender.buffer.byte-limit = 33554432 (custom)
2025-09-19 20:43:11,582 [EventQueue-PipelineReportForPipelineReportHandler] INFO  pipeline.PipelineReportHandler (PipelineReportHandler.java:processPipelineReport(132)) - Opened pipeline Pipeline-958000d3-2396-49be-82e9-715ebf8096a7
2025-09-19 20:43:11,583 [c834ff67-8e28-4894-9cd1-7316b4e587ce-groupManagement] INFO  util.AwaitToRun (AwaitToRun.java:start(81)) - Thread[#1290,c834ff67-8e28-4894-9cd1-7316b4e587ce@group-9E25D04C2ADC-cacheEviction-AwaitToRun,5,main] started
2025-09-19 20:43:11,583 [c834ff67-8e28-4894-9cd1-7316b4e587ce-groupManagement] INFO  segmented.SegmentedRaftLogWorker (SegmentedRaftLogWorker.java:<init>(190)) - new c834ff67-8e28-4894-9cd1-7316b4e587ce@group-9E25D04C2ADC-SegmentedRaftLogWorker for RaftStorageImpl:Storage Directory /home/runner/work/ozone/ozone/hadoop-ozone/integration-test/target/test-dir/MiniOzoneClusterImpl-990002c2-bb69-4aa2-bd68-28a5e13e86ef/ozone-metadata/datanode-6/ratis/9000e871-2414-43c0-9d82-9e25d04c2adc
2025-09-19 20:43:11,583 [c834ff67-8e28-4894-9cd1-7316b4e587ce-groupManagement] INFO  server.RaftServerConfigKeys (ConfUtils.java:logGet(62)) - raft.server.log.queue.byte-limit = 4294967296 (custom)
2025-09-19 20:43:11,584 [c834ff67-8e28-4894-9cd1-7316b4e587ce-groupManagement] INFO  server.RaftServerConfigKeys (ConfUtils.java:logGet(62)) - raft.server.log.segment.size.max = 67108864 (custom)
2025-09-19 20:43:11,584 [c834ff67-8e28-4894-9cd1-7316b4e587ce-groupManagement] INFO  server.RaftServerConfigKeys (ConfUtils.java:logGet(62)) - raft.server.log.preallocated.size = 4194304 (custom)
2025-09-19 20:43:11,585 [c834ff67-8e28-4894-9cd1-7316b4e587ce-groupManagement] INFO  server.RaftServerConfigKeys (ConfUtils.java:logGet(62)) - raft.server.log.write.buffer.size = 33554440 (custom)
2025-09-19 20:43:11,589 [b5a25cc1-46d3-4381-a194-bd68f4526f1c@group-715EBF8096A7-SegmentedRaftLogWorker] INFO  segmented.SegmentedRaftLogWorker (SegmentedRaftLogWorker.java:execute(647)) - b5a25cc1-46d3-4381-a194-bd68f4526f1c@group-715EBF8096A7-SegmentedRaftLogWorker: created new log segment /home/runner/work/ozone/ozone/hadoop-ozone/integration-test/target/test-dir/MiniOzoneClusterImpl-990002c2-bb69-4aa2-bd68-28a5e13e86ef/ozone-metadata/datanode-3/ratis/958000d3-2396-49be-82e9-715ebf8096a7/current/log_inprogress_0
2025-09-19 20:43:11,589 [grpc-default-executor-2] INFO  ratis.XceiverServerRatis (XceiverServerRatis.java:handleLeaderChangedNotification(942)) - Leader change notification received for group: group-715EBF8096A7 with new leaderId: b5a25cc1-46d3-4381-a194-bd68f4526f1c
2025-09-19 20:43:11,589 [grpc-default-executor-2] INFO  server.RaftServer$Division (ServerState.java:setLeader(272)) - 0df1231c-9f8a-4757-a7d0-f6d7f53bc482@group-715EBF8096A7: change Leader from null to b5a25cc1-46d3-4381-a194-bd68f4526f1c at term 1 for appendEntries, leader elected after 1224ms
2025-09-19 20:43:11,590 [grpc-default-executor-3] INFO  server.RaftServer$Division (ServerState.java:setRaftConf(386)) - 0df1231c-9f8a-4757-a7d0-f6d7f53bc482@group-715EBF8096A7: set configuration conf: {index: 0, cur=peers:[b5a25cc1-46d3-4381-a194-bd68f4526f1c|127.0.0.1:15031, 0df1231c-9f8a-4757-a7d0-f6d7f53bc482|127.0.0.1:15023, 8eb9963e-bce0-4155-aea2-e442cadff8bd|127.0.0.1:15015]|listeners:[], old=null}
2025-09-19 20:43:11,590 [grpc-default-executor-3] INFO  segmented.SegmentedRaftLogWorker (SegmentedRaftLogWorker.java:startLogSegment(440)) - 0df1231c-9f8a-4757-a7d0-f6d7f53bc482@group-715EBF8096A7-SegmentedRaftLogWorker: Starting segment from index:0
2025-09-19 20:43:11,591 [grpc-default-executor-4] INFO  ratis.XceiverServerRatis (XceiverServerRatis.java:handleLeaderChangedNotification(942)) - Leader change notification received for group: group-715EBF8096A7 with new leaderId: b5a25cc1-46d3-4381-a194-bd68f4526f1c
2025-09-19 20:43:11,592 [grpc-default-executor-4] INFO  server.RaftServer$Division (ServerState.java:setLeader(272)) - 8eb9963e-bce0-4155-aea2-e442cadff8bd@group-715EBF8096A7: change Leader from null to b5a25cc1-46d3-4381-a194-bd68f4526f1c at term 1 for appendEntries, leader elected after 1147ms
2025-09-19 20:43:11,592 [0df1231c-9f8a-4757-a7d0-f6d7f53bc482@group-715EBF8096A7-SegmentedRaftLogWorker] INFO  segmented.BufferedWriteChannel (BufferedWriteChannel.java:open(61)) - open log_inprogress_0 at position 0
2025-09-19 20:43:11,594 [grpc-default-executor-3] INFO  server.RaftServer$Division (ServerState.java:setRaftConf(386)) - 8eb9963e-bce0-4155-aea2-e442cadff8bd@group-715EBF8096A7: set configuration conf: {index: 0, cur=peers:[b5a25cc1-46d3-4381-a194-bd68f4526f1c|127.0.0.1:15031, 0df1231c-9f8a-4757-a7d0-f6d7f53bc482|127.0.0.1:15023, 8eb9963e-bce0-4155-aea2-e442cadff8bd|127.0.0.1:15015]|listeners:[], old=null}
2025-09-19 20:43:11,594 [grpc-default-executor-3] INFO  segmented.SegmentedRaftLogWorker (SegmentedRaftLogWorker.java:startLogSegment(440)) - 8eb9963e-bce0-4155-aea2-e442cadff8bd@group-715EBF8096A7-SegmentedRaftLogWorker: Starting segment from index:0
2025-09-19 20:43:11,595 [8eb9963e-bce0-4155-aea2-e442cadff8bd@group-715EBF8096A7-SegmentedRaftLogWorker] INFO  segmented.BufferedWriteChannel (BufferedWriteChannel.java:open(61)) - open log_inprogress_0 at position 0
2025-09-19 20:43:11,598 [c834ff67-8e28-4894-9cd1-7316b4e587ce-groupManagement] INFO  server.RaftServerConfigKeys (ConfUtils.java:logGet(62)) - raft.server.log.appender.buffer.byte-limit = 33554432 (custom)
2025-09-19 20:43:11,598 [c834ff67-8e28-4894-9cd1-7316b4e587ce-groupManagement] INFO  segmented.SegmentedRaftLogWorker (SegmentedRaftLogWorker.java:lambda$new$0(141)) - c834ff67-8e28-4894-9cd1-7316b4e587ce@group-9E25D04C2ADC-SegmentedRaftLogWorker: flushIndex: setUnconditionally 0 -> -1
2025-09-19 20:43:11,598 [c834ff67-8e28-4894-9cd1-7316b4e587ce-groupManagement] INFO  segmented.SegmentedRaftLogWorker (SegmentedRaftLogWorker.java:lambda$new$0(141)) - c834ff67-8e28-4894-9cd1-7316b4e587ce@group-9E25D04C2ADC-SegmentedRaftLogWorker: safeCacheEvictIndex: setUnconditionally 0 -> -1
2025-09-19 20:43:11,599 [c834ff67-8e28-4894-9cd1-7316b4e587ce-groupManagement] INFO  server.RaftServer$Division (RaftServerImpl.java:start(405)) - c834ff67-8e28-4894-9cd1-7316b4e587ce@group-9E25D04C2ADC: start as a follower, conf=conf: {index: -1, cur=peers:[e7feb3b4-5cd1-4322-b271-eb1c248a4412|127.0.0.1:15039, 417c597c-13cf-4e34-be96-1680b82aa276|127.0.0.1:15047, c834ff67-8e28-4894-9cd1-7316b4e587ce|127.0.0.1:15055]|listeners:[], old=null}
2025-09-19 20:43:11,599 [c834ff67-8e28-4894-9cd1-7316b4e587ce-groupManagement] INFO  server.RaftServer$Division (RaftServerImpl.java:setRole(392)) - c834ff67-8e28-4894-9cd1-7316b4e587ce@group-9E25D04C2ADC: changes role from      null to FOLLOWER at term 0 for startAsFollower
2025-09-19 20:43:11,599 [c834ff67-8e28-4894-9cd1-7316b4e587ce-groupManagement] INFO  impl.RoleInfo (RoleInfo.java:updateAndGet(148)) - c834ff67-8e28-4894-9cd1-7316b4e587ce: start c834ff67-8e28-4894-9cd1-7316b4e587ce@group-9E25D04C2ADC-FollowerState
2025-09-19 20:43:11,600 [c834ff67-8e28-4894-9cd1-7316b4e587ce-groupManagement] INFO  util.JmxRegister (JmxRegister.java:tryRegister(44)) - Successfully registered JMX Bean with object name Ratis:service=RaftServer,group=group-9E25D04C2ADC,id=c834ff67-8e28-4894-9cd1-7316b4e587ce
2025-09-19 20:43:11,602 [c834ff67-8e28-4894-9cd1-7316b4e587ce-groupManagement] INFO  util.JmxRegister (JmxRegister.java:register(58)) - register mxBean class org.apache.ratis.server.impl.RaftServerJmxAdapter as Ratis:service=RaftServer,group=group-9E25D04C2ADC,id=c834ff67-8e28-4894-9cd1-7316b4e587ce
2025-09-19 20:43:11,600 [0df1231c-9f8a-4757-a7d0-f6d7f53bc482@group-715EBF8096A7-SegmentedRaftLogWorker] INFO  segmented.SegmentedRaftLogWorker (SegmentedRaftLogWorker.java:execute(647)) - 0df1231c-9f8a-4757-a7d0-f6d7f53bc482@group-715EBF8096A7-SegmentedRaftLogWorker: created new log segment /home/runner/work/ozone/ozone/hadoop-ozone/integration-test/target/test-dir/MiniOzoneClusterImpl-990002c2-bb69-4aa2-bd68-28a5e13e86ef/ozone-metadata/datanode-2/ratis/958000d3-2396-49be-82e9-715ebf8096a7/current/log_inprogress_0
2025-09-19 20:43:11,603 [c834ff67-8e28-4894-9cd1-7316b4e587ce-groupManagement] INFO  server.RaftServer$Division (RaftServerImpl.java:start(419)) - c834ff67-8e28-4894-9cd1-7316b4e587ce@group-9E25D04C2ADC: Successfully started.
2025-09-19 20:43:11,605 [8eb9963e-bce0-4155-aea2-e442cadff8bd@group-715EBF8096A7-SegmentedRaftLogWorker] INFO  segmented.SegmentedRaftLogWorker (SegmentedRaftLogWorker.java:execute(647)) - 8eb9963e-bce0-4155-aea2-e442cadff8bd@group-715EBF8096A7-SegmentedRaftLogWorker: created new log segment /home/runner/work/ozone/ozone/hadoop-ozone/integration-test/target/test-dir/MiniOzoneClusterImpl-990002c2-bb69-4aa2-bd68-28a5e13e86ef/ozone-metadata/datanode-1/ratis/958000d3-2396-49be-82e9-715ebf8096a7/current/log_inprogress_0
2025-09-19 20:43:11,612 [e7feb3b4-5cd1-4322-b271-eb1c248a4412-CreatePipelineCommandHandlerThread-0] INFO  commandhandler.CreatePipelineCommandHandler (CreatePipelineCommandHandler.java:lambda$handle$2(141)) - Created Pipeline RATIS THREE Pipeline-9000e871-2414-43c0-9d82-9e25d04c2adc.
2025-09-19 20:43:11,613 [e7feb3b4-5cd1-4322-b271-eb1c248a4412-CreatePipelineCommandHandlerThread-0] INFO  server.RaftServer (RaftServerProxy.java:addNew(105)) - e7feb3b4-5cd1-4322-b271-eb1c248a4412: addNew group-9CA395F3C3E7:[e7feb3b4-5cd1-4322-b271-eb1c248a4412|127.0.0.1:15039, 417c597c-13cf-4e34-be96-1680b82aa276|127.0.0.1:15047, c834ff67-8e28-4894-9cd1-7316b4e587ce|127.0.0.1:15055] returns group-9CA395F3C3E7:java.util.concurrent.CompletableFuture@452dd566[Not completed]
2025-09-19 20:43:11,615 [b5a25cc1-46d3-4381-a194-bd68f4526f1c@group-715EBF8096A7-StateMachineUpdater] INFO  server.RaftServer$Division (LeaderStateImpl.java:checkStartIndex(309)) - Leader b5a25cc1-46d3-4381-a194-bd68f4526f1c@group-715EBF8096A7-LeaderStateImpl is ready since appliedIndex == startIndex == 0
2025-09-19 20:43:11,616 [e7feb3b4-5cd1-4322-b271-eb1c248a4412-groupManagement] INFO  server.RaftServer$Division (RaftServerImpl.java:<init>(268)) - e7feb3b4-5cd1-4322-b271-eb1c248a4412: new RaftServerImpl for group-9CA395F3C3E7:[e7feb3b4-5cd1-4322-b271-eb1c248a4412|127.0.0.1:15039, 417c597c-13cf-4e34-be96-1680b82aa276|127.0.0.1:15047, c834ff67-8e28-4894-9cd1-7316b4e587ce|127.0.0.1:15055] with ContainerStateMachine:uninitialized
2025-09-19 20:43:11,617 [e7feb3b4-5cd1-4322-b271-eb1c248a4412-groupManagement] INFO  server.RaftServer$Division (ServerState.java:<init>(114)) - e7feb3b4-5cd1-4322-b271-eb1c248a4412@group-9CA395F3C3E7: ConfigurationManager, init=conf: {index: -1, cur=peers:[e7feb3b4-5cd1-4322-b271-eb1c248a4412|127.0.0.1:15039, 417c597c-13cf-4e34-be96-1680b82aa276|127.0.0.1:15047, c834ff67-8e28-4894-9cd1-7316b4e587ce|127.0.0.1:15055]|listeners:[], old=null}, confs=<EMPTY_MAP>
2025-09-19 20:43:11,625 [e7feb3b4-5cd1-4322-b271-eb1c248a4412-groupManagement] INFO  server.RaftServerConfigKeys (ConfUtils.java:logGet(62)) - raft.server.storage.dir = [/home/runner/work/ozone/ozone/hadoop-ozone/integration-test/target/test-dir/MiniOzoneClusterImpl-990002c2-bb69-4aa2-bd68-28a5e13e86ef/ozone-metadata/datanode-4/ratis] (custom)
2025-09-19 20:43:11,626 [e7feb3b4-5cd1-4322-b271-eb1c248a4412-groupManagement] INFO  storage.RaftStorageDirectory (RaftStorageDirectoryImpl.java:analyzeStorage(138)) - The storage directory /home/runner/work/ozone/ozone/hadoop-ozone/integration-test/target/test-dir/MiniOzoneClusterImpl-990002c2-bb69-4aa2-bd68-28a5e13e86ef/ozone-metadata/datanode-4/ratis/c94d1c9f-8cc3-4489-8058-9ca395f3c3e7 does not exist. Creating ...
2025-09-19 20:43:11,628 [e7feb3b4-5cd1-4322-b271-eb1c248a4412-groupManagement] INFO  storage.RaftStorageDirectory (RaftStorageDirectoryImpl.java:tryLock(229)) - Lock on /home/runner/work/ozone/ozone/hadoop-ozone/integration-test/target/test-dir/MiniOzoneClusterImpl-990002c2-bb69-4aa2-bd68-28a5e13e86ef/ozone-metadata/datanode-4/ratis/c94d1c9f-8cc3-4489-8058-9ca395f3c3e7/in_use.lock acquired by nodename 22744@localhost
2025-09-19 20:43:11,629 [e7feb3b4-5cd1-4322-b271-eb1c248a4412-groupManagement] INFO  storage.RaftStorage (RaftStorageImpl.java:format(98)) - Storage directory /home/runner/work/ozone/ozone/hadoop-ozone/integration-test/target/test-dir/MiniOzoneClusterImpl-990002c2-bb69-4aa2-bd68-28a5e13e86ef/ozone-metadata/datanode-4/ratis/c94d1c9f-8cc3-4489-8058-9ca395f3c3e7 has been successfully formatted.
2025-09-19 20:43:11,631 [e7feb3b4-5cd1-4322-b271-eb1c248a4412-groupManagement] INFO  ratis.ContainerStateMachine (ContainerStateMachine.java:initialize(339)) - e7feb3b4-5cd1-4322-b271-eb1c248a4412: initialize group-9CA395F3C3E7
2025-09-19 20:43:11,631 [e7feb3b4-5cd1-4322-b271-eb1c248a4412-groupManagement] INFO  ratis.ContainerStateMachine (ContainerStateMachine.java:loadSnapshot(347)) - group-9CA395F3C3E7: The snapshot info is null. Setting the last applied index to:<INITIAL_VALUE>
2025-09-19 20:43:11,631 [e7feb3b4-5cd1-4322-b271-eb1c248a4412-groupManagement] INFO  server.RaftServerConfigKeys (ConfUtils.java:logGet(62)) - raft.server.log.appender.buffer.byte-limit = 33554432 (custom)
2025-09-19 20:43:11,634 [e7feb3b4-5cd1-4322-b271-eb1c248a4412-groupManagement] INFO  server.RaftServerConfigKeys (ConfUtils.java:logGet(62)) - raft.server.log.segment.size.max = 67108864 (custom)
2025-09-19 20:43:11,636 [e7feb3b4-5cd1-4322-b271-eb1c248a4412-groupManagement] INFO  server.RaftServerConfigKeys (ConfUtils.java:logGet(62)) - raft.server.log.appender.buffer.byte-limit = 33554432 (custom)
2025-09-19 20:43:11,636 [e7feb3b4-5cd1-4322-b271-eb1c248a4412-groupManagement] INFO  util.AwaitToRun (AwaitToRun.java:start(81)) - Thread[#1303,e7feb3b4-5cd1-4322-b271-eb1c248a4412@group-9CA395F3C3E7-cacheEviction-AwaitToRun,5,main] started
2025-09-19 20:43:11,637 [e7feb3b4-5cd1-4322-b271-eb1c248a4412-groupManagement] INFO  segmented.SegmentedRaftLogWorker (SegmentedRaftLogWorker.java:<init>(190)) - new e7feb3b4-5cd1-4322-b271-eb1c248a4412@group-9CA395F3C3E7-SegmentedRaftLogWorker for RaftStorageImpl:Storage Directory /home/runner/work/ozone/ozone/hadoop-ozone/integration-test/target/test-dir/MiniOzoneClusterImpl-990002c2-bb69-4aa2-bd68-28a5e13e86ef/ozone-metadata/datanode-4/ratis/c94d1c9f-8cc3-4489-8058-9ca395f3c3e7
2025-09-19 20:43:11,637 [e7feb3b4-5cd1-4322-b271-eb1c248a4412-groupManagement] INFO  server.RaftServerConfigKeys (ConfUtils.java:logGet(62)) - raft.server.log.queue.byte-limit = 4294967296 (custom)
2025-09-19 20:43:11,637 [e7feb3b4-5cd1-4322-b271-eb1c248a4412-groupManagement] INFO  server.RaftServerConfigKeys (ConfUtils.java:logGet(62)) - raft.server.log.segment.size.max = 67108864 (custom)
2025-09-19 20:43:11,637 [e7feb3b4-5cd1-4322-b271-eb1c248a4412-groupManagement] INFO  server.RaftServerConfigKeys (ConfUtils.java:logGet(62)) - raft.server.log.preallocated.size = 4194304 (custom)
2025-09-19 20:43:11,637 [e7feb3b4-5cd1-4322-b271-eb1c248a4412-groupManagement] INFO  server.RaftServerConfigKeys (ConfUtils.java:logGet(62)) - raft.server.log.write.buffer.size = 33554440 (custom)
2025-09-19 20:43:11,649 [e7feb3b4-5cd1-4322-b271-eb1c248a4412-groupManagement] INFO  server.RaftServerConfigKeys (ConfUtils.java:logGet(62)) - raft.server.log.appender.buffer.byte-limit = 33554432 (custom)
2025-09-19 20:43:11,650 [e7feb3b4-5cd1-4322-b271-eb1c248a4412-groupManagement] INFO  segmented.SegmentedRaftLogWorker (SegmentedRaftLogWorker.java:lambda$new$0(141)) - e7feb3b4-5cd1-4322-b271-eb1c248a4412@group-9CA395F3C3E7-SegmentedRaftLogWorker: flushIndex: setUnconditionally 0 -> -1
2025-09-19 20:43:11,651 [e7feb3b4-5cd1-4322-b271-eb1c248a4412-groupManagement] INFO  segmented.SegmentedRaftLogWorker (SegmentedRaftLogWorker.java:lambda$new$0(141)) - e7feb3b4-5cd1-4322-b271-eb1c248a4412@group-9CA395F3C3E7-SegmentedRaftLogWorker: safeCacheEvictIndex: setUnconditionally 0 -> -1
2025-09-19 20:43:11,652 [e7feb3b4-5cd1-4322-b271-eb1c248a4412-groupManagement] INFO  server.RaftServer$Division (RaftServerImpl.java:start(405)) - e7feb3b4-5cd1-4322-b271-eb1c248a4412@group-9CA395F3C3E7: start as a follower, conf=conf: {index: -1, cur=peers:[e7feb3b4-5cd1-4322-b271-eb1c248a4412|127.0.0.1:15039, 417c597c-13cf-4e34-be96-1680b82aa276|127.0.0.1:15047, c834ff67-8e28-4894-9cd1-7316b4e587ce|127.0.0.1:15055]|listeners:[], old=null}
2025-09-19 20:43:11,652 [e7feb3b4-5cd1-4322-b271-eb1c248a4412-groupManagement] INFO  server.RaftServer$Division (RaftServerImpl.java:setRole(392)) - e7feb3b4-5cd1-4322-b271-eb1c248a4412@group-9CA395F3C3E7: changes role from      null to FOLLOWER at term 0 for startAsFollower
2025-09-19 20:43:11,652 [e7feb3b4-5cd1-4322-b271-eb1c248a4412-groupManagement] INFO  impl.RoleInfo (RoleInfo.java:updateAndGet(148)) - e7feb3b4-5cd1-4322-b271-eb1c248a4412: start e7feb3b4-5cd1-4322-b271-eb1c248a4412@group-9CA395F3C3E7-FollowerState
2025-09-19 20:43:11,653 [e7feb3b4-5cd1-4322-b271-eb1c248a4412-groupManagement] INFO  util.JmxRegister (JmxRegister.java:tryRegister(44)) - Successfully registered JMX Bean with object name Ratis:service=RaftServer,group=group-9CA395F3C3E7,id=e7feb3b4-5cd1-4322-b271-eb1c248a4412
2025-09-19 20:43:11,653 [e7feb3b4-5cd1-4322-b271-eb1c248a4412-groupManagement] INFO  util.JmxRegister (JmxRegister.java:register(58)) - register mxBean class org.apache.ratis.server.impl.RaftServerJmxAdapter as Ratis:service=RaftServer,group=group-9CA395F3C3E7,id=e7feb3b4-5cd1-4322-b271-eb1c248a4412
2025-09-19 20:43:11,656 [e7feb3b4-5cd1-4322-b271-eb1c248a4412-groupManagement] INFO  server.RaftServer$Division (RaftServerImpl.java:start(419)) - e7feb3b4-5cd1-4322-b271-eb1c248a4412@group-9CA395F3C3E7: Successfully started.
2025-09-19 20:43:11,656 [e7feb3b4-5cd1-4322-b271-eb1c248a4412-CreatePipelineCommandHandlerThread-0] INFO  ratis.XceiverServerRatis (XceiverServerRatis.java:addGroup(841)) - Created group Pipeline-c94d1c9f-8cc3-4489-8058-9ca395f3c3e7
2025-09-19 20:43:11,672 [grpc-default-executor-3] INFO  server.RaftServer (RaftServerProxy.java:addNew(105)) - 417c597c-13cf-4e34-be96-1680b82aa276: addNew group-9CA395F3C3E7:[e7feb3b4-5cd1-4322-b271-eb1c248a4412|127.0.0.1:15039, 417c597c-13cf-4e34-be96-1680b82aa276|127.0.0.1:15047, c834ff67-8e28-4894-9cd1-7316b4e587ce|127.0.0.1:15055] returns group-9CA395F3C3E7:java.util.concurrent.CompletableFuture@630f0a14[Not completed]
2025-09-19 20:43:11,678 [417c597c-13cf-4e34-be96-1680b82aa276-groupManagement] INFO  server.RaftServer$Division (RaftServerImpl.java:<init>(268)) - 417c597c-13cf-4e34-be96-1680b82aa276: new RaftServerImpl for group-9CA395F3C3E7:[e7feb3b4-5cd1-4322-b271-eb1c248a4412|127.0.0.1:15039, 417c597c-13cf-4e34-be96-1680b82aa276|127.0.0.1:15047, c834ff67-8e28-4894-9cd1-7316b4e587ce|127.0.0.1:15055] with ContainerStateMachine:uninitialized
2025-09-19 20:43:11,679 [417c597c-13cf-4e34-be96-1680b82aa276-groupManagement] INFO  server.RaftServer$Division (ServerState.java:<init>(114)) - 417c597c-13cf-4e34-be96-1680b82aa276@group-9CA395F3C3E7: ConfigurationManager, init=conf: {index: -1, cur=peers:[e7feb3b4-5cd1-4322-b271-eb1c248a4412|127.0.0.1:15039, 417c597c-13cf-4e34-be96-1680b82aa276|127.0.0.1:15047, c834ff67-8e28-4894-9cd1-7316b4e587ce|127.0.0.1:15055]|listeners:[], old=null}, confs=<EMPTY_MAP>
2025-09-19 20:43:11,685 [417c597c-13cf-4e34-be96-1680b82aa276-groupManagement] INFO  server.RaftServerConfigKeys (ConfUtils.java:logGet(62)) - raft.server.storage.dir = [/home/runner/work/ozone/ozone/hadoop-ozone/integration-test/target/test-dir/MiniOzoneClusterImpl-990002c2-bb69-4aa2-bd68-28a5e13e86ef/ozone-metadata/datanode-5/ratis] (custom)
2025-09-19 20:43:11,686 [417c597c-13cf-4e34-be96-1680b82aa276-groupManagement] INFO  storage.RaftStorageDirectory (RaftStorageDirectoryImpl.java:analyzeStorage(138)) - The storage directory /home/runner/work/ozone/ozone/hadoop-ozone/integration-test/target/test-dir/MiniOzoneClusterImpl-990002c2-bb69-4aa2-bd68-28a5e13e86ef/ozone-metadata/datanode-5/ratis/c94d1c9f-8cc3-4489-8058-9ca395f3c3e7 does not exist. Creating ...
2025-09-19 20:43:11,708 [417c597c-13cf-4e34-be96-1680b82aa276-groupManagement] INFO  storage.RaftStorageDirectory (RaftStorageDirectoryImpl.java:tryLock(229)) - Lock on /home/runner/work/ozone/ozone/hadoop-ozone/integration-test/target/test-dir/MiniOzoneClusterImpl-990002c2-bb69-4aa2-bd68-28a5e13e86ef/ozone-metadata/datanode-5/ratis/c94d1c9f-8cc3-4489-8058-9ca395f3c3e7/in_use.lock acquired by nodename 22744@localhost
2025-09-19 20:43:11,708 [417c597c-13cf-4e34-be96-1680b82aa276-CreatePipelineCommandHandlerThread-0] INFO  server.RaftServer (RaftServerProxy.java:addNew(105)) - 417c597c-13cf-4e34-be96-1680b82aa276: addNew group-ECC9D8425EA7:[417c597c-13cf-4e34-be96-1680b82aa276|127.0.0.1:15047] returns group-ECC9D8425EA7:java.util.concurrent.CompletableFuture@74b555f4[Not completed]
2025-09-19 20:43:11,712 [417c597c-13cf-4e34-be96-1680b82aa276-groupManagement] INFO  storage.RaftStorage (RaftStorageImpl.java:format(98)) - Storage directory /home/runner/work/ozone/ozone/hadoop-ozone/integration-test/target/test-dir/MiniOzoneClusterImpl-990002c2-bb69-4aa2-bd68-28a5e13e86ef/ozone-metadata/datanode-5/ratis/c94d1c9f-8cc3-4489-8058-9ca395f3c3e7 has been successfully formatted.
2025-09-19 20:43:11,714 [417c597c-13cf-4e34-be96-1680b82aa276-groupManagement] INFO  ratis.ContainerStateMachine (ContainerStateMachine.java:initialize(339)) - 417c597c-13cf-4e34-be96-1680b82aa276: initialize group-9CA395F3C3E7
2025-09-19 20:43:11,714 [417c597c-13cf-4e34-be96-1680b82aa276-groupManagement] INFO  ratis.ContainerStateMachine (ContainerStateMachine.java:loadSnapshot(347)) - group-9CA395F3C3E7: The snapshot info is null. Setting the last applied index to:<INITIAL_VALUE>
2025-09-19 20:43:11,715 [417c597c-13cf-4e34-be96-1680b82aa276-groupManagement] INFO  server.RaftServerConfigKeys (ConfUtils.java:logGet(62)) - raft.server.log.appender.buffer.byte-limit = 33554432 (custom)
2025-09-19 20:43:11,721 [417c597c-13cf-4e34-be96-1680b82aa276-groupManagement] INFO  server.RaftServerConfigKeys (ConfUtils.java:logGet(62)) - raft.server.log.segment.size.max = 67108864 (custom)
2025-09-19 20:43:11,723 [417c597c-13cf-4e34-be96-1680b82aa276-groupManagement] INFO  server.RaftServerConfigKeys (ConfUtils.java:logGet(62)) - raft.server.log.appender.buffer.byte-limit = 33554432 (custom)
2025-09-19 20:43:11,724 [417c597c-13cf-4e34-be96-1680b82aa276-groupManagement] INFO  util.AwaitToRun (AwaitToRun.java:start(81)) - Thread[#1308,417c597c-13cf-4e34-be96-1680b82aa276@group-9CA395F3C3E7-cacheEviction-AwaitToRun,5,main] started
2025-09-19 20:43:11,725 [417c597c-13cf-4e34-be96-1680b82aa276-groupManagement] INFO  segmented.SegmentedRaftLogWorker (SegmentedRaftLogWorker.java:<init>(190)) - new 417c597c-13cf-4e34-be96-1680b82aa276@group-9CA395F3C3E7-SegmentedRaftLogWorker for RaftStorageImpl:Storage Directory /home/runner/work/ozone/ozone/hadoop-ozone/integration-test/target/test-dir/MiniOzoneClusterImpl-990002c2-bb69-4aa2-bd68-28a5e13e86ef/ozone-metadata/datanode-5/ratis/c94d1c9f-8cc3-4489-8058-9ca395f3c3e7
2025-09-19 20:43:11,725 [417c597c-13cf-4e34-be96-1680b82aa276-groupManagement] INFO  server.RaftServerConfigKeys (ConfUtils.java:logGet(62)) - raft.server.log.queue.byte-limit = 4294967296 (custom)
2025-09-19 20:43:11,726 [417c597c-13cf-4e34-be96-1680b82aa276-groupManagement] INFO  server.RaftServerConfigKeys (ConfUtils.java:logGet(62)) - raft.server.log.segment.size.max = 67108864 (custom)
2025-09-19 20:43:11,726 [417c597c-13cf-4e34-be96-1680b82aa276-groupManagement] INFO  server.RaftServerConfigKeys (ConfUtils.java:logGet(62)) - raft.server.log.preallocated.size = 4194304 (custom)
2025-09-19 20:43:11,726 [EventQueue-PipelineReportForPipelineReportHandler] INFO  pipeline.PipelineReportHandler (PipelineReportHandler.java:processPipelineReport(132)) - Opened pipeline Pipeline-1a407f51-d149-4286-bfb4-ecc9d8425ea7
2025-09-19 20:43:11,727 [417c597c-13cf-4e34-be96-1680b82aa276-groupManagement] INFO  server.RaftServerConfigKeys (ConfUtils.java:logGet(62)) - raft.server.log.write.buffer.size = 33554440 (custom)
2025-09-19 20:43:11,734 [417c597c-13cf-4e34-be96-1680b82aa276-groupManagement] INFO  server.RaftServerConfigKeys (ConfUtils.java:logGet(62)) - raft.server.log.appender.buffer.byte-limit = 33554432 (custom)
2025-09-19 20:43:11,734 [417c597c-13cf-4e34-be96-1680b82aa276-groupManagement] INFO  segmented.SegmentedRaftLogWorker (SegmentedRaftLogWorker.java:lambda$new$0(141)) - 417c597c-13cf-4e34-be96-1680b82aa276@group-9CA395F3C3E7-SegmentedRaftLogWorker: flushIndex: setUnconditionally 0 -> -1
2025-09-19 20:43:11,734 [417c597c-13cf-4e34-be96-1680b82aa276-groupManagement] INFO  segmented.SegmentedRaftLogWorker (SegmentedRaftLogWorker.java:lambda$new$0(141)) - 417c597c-13cf-4e34-be96-1680b82aa276@group-9CA395F3C3E7-SegmentedRaftLogWorker: safeCacheEvictIndex: setUnconditionally 0 -> -1
2025-09-19 20:43:11,739 [417c597c-13cf-4e34-be96-1680b82aa276-groupManagement] INFO  server.RaftServer$Division (RaftServerImpl.java:start(405)) - 417c597c-13cf-4e34-be96-1680b82aa276@group-9CA395F3C3E7: start as a follower, conf=conf: {index: -1, cur=peers:[e7feb3b4-5cd1-4322-b271-eb1c248a4412|127.0.0.1:15039, 417c597c-13cf-4e34-be96-1680b82aa276|127.0.0.1:15047, c834ff67-8e28-4894-9cd1-7316b4e587ce|127.0.0.1:15055]|listeners:[], old=null}
2025-09-19 20:43:11,739 [417c597c-13cf-4e34-be96-1680b82aa276-groupManagement] INFO  server.RaftServer$Division (RaftServerImpl.java:setRole(392)) - 417c597c-13cf-4e34-be96-1680b82aa276@group-9CA395F3C3E7: changes role from      null to FOLLOWER at term 0 for startAsFollower
2025-09-19 20:43:11,739 [417c597c-13cf-4e34-be96-1680b82aa276-groupManagement] INFO  impl.RoleInfo (RoleInfo.java:updateAndGet(148)) - 417c597c-13cf-4e34-be96-1680b82aa276: start 417c597c-13cf-4e34-be96-1680b82aa276@group-9CA395F3C3E7-FollowerState
2025-09-19 20:43:11,742 [417c597c-13cf-4e34-be96-1680b82aa276-groupManagement] INFO  util.JmxRegister (JmxRegister.java:tryRegister(44)) - Successfully registered JMX Bean with object name Ratis:service=RaftServer,group=group-9CA395F3C3E7,id=417c597c-13cf-4e34-be96-1680b82aa276
2025-09-19 20:43:11,742 [417c597c-13cf-4e34-be96-1680b82aa276-groupManagement] INFO  util.JmxRegister (JmxRegister.java:register(58)) - register mxBean class org.apache.ratis.server.impl.RaftServerJmxAdapter as Ratis:service=RaftServer,group=group-9CA395F3C3E7,id=417c597c-13cf-4e34-be96-1680b82aa276
2025-09-19 20:43:11,747 [417c597c-13cf-4e34-be96-1680b82aa276-groupManagement] INFO  server.RaftServer$Division (RaftServerImpl.java:start(419)) - 417c597c-13cf-4e34-be96-1680b82aa276@group-9CA395F3C3E7: Successfully started.
2025-09-19 20:43:11,754 [417c597c-13cf-4e34-be96-1680b82aa276-groupManagement] INFO  server.RaftServer$Division (RaftServerImpl.java:<init>(268)) - 417c597c-13cf-4e34-be96-1680b82aa276: new RaftServerImpl for group-ECC9D8425EA7:[417c597c-13cf-4e34-be96-1680b82aa276|127.0.0.1:15047] with ContainerStateMachine:uninitialized
2025-09-19 20:43:11,754 [417c597c-13cf-4e34-be96-1680b82aa276-groupManagement] INFO  server.RaftServer$Division (ServerState.java:<init>(114)) - 417c597c-13cf-4e34-be96-1680b82aa276@group-ECC9D8425EA7: ConfigurationManager, init=conf: {index: -1, cur=peers:[417c597c-13cf-4e34-be96-1680b82aa276|127.0.0.1:15047]|listeners:[], old=null}, confs=<EMPTY_MAP>
2025-09-19 20:43:11,762 [417c597c-13cf-4e34-be96-1680b82aa276-groupManagement] INFO  storage.RaftStorageDirectory (RaftStorageDirectoryImpl.java:analyzeStorage(138)) - The storage directory /home/runner/work/ozone/ozone/hadoop-ozone/integration-test/target/test-dir/MiniOzoneClusterImpl-990002c2-bb69-4aa2-bd68-28a5e13e86ef/ozone-metadata/datanode-5/ratis/1a407f51-d149-4286-bfb4-ecc9d8425ea7 does not exist. Creating ...
2025-09-19 20:43:11,765 [417c597c-13cf-4e34-be96-1680b82aa276-groupManagement] INFO  storage.RaftStorageDirectory (RaftStorageDirectoryImpl.java:tryLock(229)) - Lock on /home/runner/work/ozone/ozone/hadoop-ozone/integration-test/target/test-dir/MiniOzoneClusterImpl-990002c2-bb69-4aa2-bd68-28a5e13e86ef/ozone-metadata/datanode-5/ratis/1a407f51-d149-4286-bfb4-ecc9d8425ea7/in_use.lock acquired by nodename 22744@localhost
2025-09-19 20:43:11,769 [417c597c-13cf-4e34-be96-1680b82aa276-groupManagement] INFO  storage.RaftStorage (RaftStorageImpl.java:format(98)) - Storage directory /home/runner/work/ozone/ozone/hadoop-ozone/integration-test/target/test-dir/MiniOzoneClusterImpl-990002c2-bb69-4aa2-bd68-28a5e13e86ef/ozone-metadata/datanode-5/ratis/1a407f51-d149-4286-bfb4-ecc9d8425ea7 has been successfully formatted.
2025-09-19 20:43:11,770 [417c597c-13cf-4e34-be96-1680b82aa276-groupManagement] INFO  ratis.ContainerStateMachine (ContainerStateMachine.java:initialize(339)) - 417c597c-13cf-4e34-be96-1680b82aa276: initialize group-ECC9D8425EA7
2025-09-19 20:43:11,771 [417c597c-13cf-4e34-be96-1680b82aa276-groupManagement] INFO  ratis.ContainerStateMachine (ContainerStateMachine.java:loadSnapshot(347)) - group-ECC9D8425EA7: The snapshot info is null. Setting the last applied index to:<INITIAL_VALUE>
2025-09-19 20:43:11,771 [417c597c-13cf-4e34-be96-1680b82aa276-groupManagement] INFO  server.RaftServerConfigKeys (ConfUtils.java:logGet(62)) - raft.server.log.appender.buffer.byte-limit = 33554432 (custom)
2025-09-19 20:43:11,774 [417c597c-13cf-4e34-be96-1680b82aa276-groupManagement] INFO  server.RaftServerConfigKeys (ConfUtils.java:logGet(62)) - raft.server.log.segment.size.max = 67108864 (custom)
2025-09-19 20:43:11,776 [417c597c-13cf-4e34-be96-1680b82aa276-groupManagement] INFO  server.RaftServerConfigKeys (ConfUtils.java:logGet(62)) - raft.server.log.appender.buffer.byte-limit = 33554432 (custom)
2025-09-19 20:43:11,777 [grpc-default-executor-3] INFO  server.RaftServer (RaftServerProxy.java:addNew(105)) - c834ff67-8e28-4894-9cd1-7316b4e587ce: addNew group-9CA395F3C3E7:[e7feb3b4-5cd1-4322-b271-eb1c248a4412|127.0.0.1:15039, 417c597c-13cf-4e34-be96-1680b82aa276|127.0.0.1:15047, c834ff67-8e28-4894-9cd1-7316b4e587ce|127.0.0.1:15055] returns group-9CA395F3C3E7:java.util.concurrent.CompletableFuture@54959149[Not completed]
2025-09-19 20:43:11,778 [417c597c-13cf-4e34-be96-1680b82aa276-groupManagement] INFO  util.AwaitToRun (AwaitToRun.java:start(81)) - Thread[#1315,417c597c-13cf-4e34-be96-1680b82aa276@group-ECC9D8425EA7-cacheEviction-AwaitToRun,5,main] started
2025-09-19 20:43:11,778 [417c597c-13cf-4e34-be96-1680b82aa276-groupManagement] INFO  segmented.SegmentedRaftLogWorker (SegmentedRaftLogWorker.java:<init>(190)) - new 417c597c-13cf-4e34-be96-1680b82aa276@group-ECC9D8425EA7-SegmentedRaftLogWorker for RaftStorageImpl:Storage Directory /home/runner/work/ozone/ozone/hadoop-ozone/integration-test/target/test-dir/MiniOzoneClusterImpl-990002c2-bb69-4aa2-bd68-28a5e13e86ef/ozone-metadata/datanode-5/ratis/1a407f51-d149-4286-bfb4-ecc9d8425ea7
2025-09-19 20:43:11,778 [417c597c-13cf-4e34-be96-1680b82aa276-groupManagement] INFO  server.RaftServerConfigKeys (ConfUtils.java:logGet(62)) - raft.server.log.queue.byte-limit = 4294967296 (custom)
2025-09-19 20:43:11,778 [417c597c-13cf-4e34-be96-1680b82aa276-groupManagement] INFO  server.RaftServerConfigKeys (ConfUtils.java:logGet(62)) - raft.server.log.segment.size.max = 67108864 (custom)
2025-09-19 20:43:11,778 [417c597c-13cf-4e34-be96-1680b82aa276-groupManagement] INFO  server.RaftServerConfigKeys (ConfUtils.java:logGet(62)) - raft.server.log.preallocated.size = 4194304 (custom)
2025-09-19 20:43:11,778 [417c597c-13cf-4e34-be96-1680b82aa276-groupManagement] INFO  server.RaftServerConfigKeys (ConfUtils.java:logGet(62)) - raft.server.log.write.buffer.size = 33554440 (custom)
2025-09-19 20:43:11,780 [c834ff67-8e28-4894-9cd1-7316b4e587ce-groupManagement] INFO  server.RaftServer$Division (RaftServerImpl.java:<init>(268)) - c834ff67-8e28-4894-9cd1-7316b4e587ce: new RaftServerImpl for group-9CA395F3C3E7:[e7feb3b4-5cd1-4322-b271-eb1c248a4412|127.0.0.1:15039, 417c597c-13cf-4e34-be96-1680b82aa276|127.0.0.1:15047, c834ff67-8e28-4894-9cd1-7316b4e587ce|127.0.0.1:15055] with ContainerStateMachine:uninitialized
2025-09-19 20:43:11,780 [c834ff67-8e28-4894-9cd1-7316b4e587ce-groupManagement] INFO  server.RaftServer$Division (ServerState.java:<init>(114)) - c834ff67-8e28-4894-9cd1-7316b4e587ce@group-9CA395F3C3E7: ConfigurationManager, init=conf: {index: -1, cur=peers:[e7feb3b4-5cd1-4322-b271-eb1c248a4412|127.0.0.1:15039, 417c597c-13cf-4e34-be96-1680b82aa276|127.0.0.1:15047, c834ff67-8e28-4894-9cd1-7316b4e587ce|127.0.0.1:15055]|listeners:[], old=null}, confs=<EMPTY_MAP>
2025-09-19 20:43:11,790 [c834ff67-8e28-4894-9cd1-7316b4e587ce-groupManagement] INFO  server.RaftServerConfigKeys (ConfUtils.java:logGet(62)) - raft.server.storage.dir = [/home/runner/work/ozone/ozone/hadoop-ozone/integration-test/target/test-dir/MiniOzoneClusterImpl-990002c2-bb69-4aa2-bd68-28a5e13e86ef/ozone-metadata/datanode-6/ratis] (custom)
2025-09-19 20:43:11,791 [c834ff67-8e28-4894-9cd1-7316b4e587ce-groupManagement] INFO  storage.RaftStorageDirectory (RaftStorageDirectoryImpl.java:analyzeStorage(138)) - The storage directory /home/runner/work/ozone/ozone/hadoop-ozone/integration-test/target/test-dir/MiniOzoneClusterImpl-990002c2-bb69-4aa2-bd68-28a5e13e86ef/ozone-metadata/datanode-6/ratis/c94d1c9f-8cc3-4489-8058-9ca395f3c3e7 does not exist. Creating ...
2025-09-19 20:43:11,792 [417c597c-13cf-4e34-be96-1680b82aa276-groupManagement] INFO  server.RaftServerConfigKeys (ConfUtils.java:logGet(62)) - raft.server.log.appender.buffer.byte-limit = 33554432 (custom)
2025-09-19 20:43:11,793 [417c597c-13cf-4e34-be96-1680b82aa276-groupManagement] INFO  segmented.SegmentedRaftLogWorker (SegmentedRaftLogWorker.java:lambda$new$0(141)) - 417c597c-13cf-4e34-be96-1680b82aa276@group-ECC9D8425EA7-SegmentedRaftLogWorker: flushIndex: setUnconditionally 0 -> -1
2025-09-19 20:43:11,794 [417c597c-13cf-4e34-be96-1680b82aa276-groupManagement] INFO  segmented.SegmentedRaftLogWorker (SegmentedRaftLogWorker.java:lambda$new$0(141)) - 417c597c-13cf-4e34-be96-1680b82aa276@group-ECC9D8425EA7-SegmentedRaftLogWorker: safeCacheEvictIndex: setUnconditionally 0 -> -1
2025-09-19 20:43:11,794 [c834ff67-8e28-4894-9cd1-7316b4e587ce-groupManagement] INFO  storage.RaftStorageDirectory (RaftStorageDirectoryImpl.java:tryLock(229)) - Lock on /home/runner/work/ozone/ozone/hadoop-ozone/integration-test/target/test-dir/MiniOzoneClusterImpl-990002c2-bb69-4aa2-bd68-28a5e13e86ef/ozone-metadata/datanode-6/ratis/c94d1c9f-8cc3-4489-8058-9ca395f3c3e7/in_use.lock acquired by nodename 22744@localhost
2025-09-19 20:43:11,795 [417c597c-13cf-4e34-be96-1680b82aa276-groupManagement] INFO  server.RaftServer$Division (RaftServerImpl.java:start(405)) - 417c597c-13cf-4e34-be96-1680b82aa276@group-ECC9D8425EA7: start as a follower, conf=conf: {index: -1, cur=peers:[417c597c-13cf-4e34-be96-1680b82aa276|127.0.0.1:15047]|listeners:[], old=null}
2025-09-19 20:43:11,795 [417c597c-13cf-4e34-be96-1680b82aa276-groupManagement] INFO  server.RaftServer$Division (RaftServerImpl.java:setRole(392)) - 417c597c-13cf-4e34-be96-1680b82aa276@group-ECC9D8425EA7: changes role from      null to FOLLOWER at term 0 for startAsFollower
2025-09-19 20:43:11,795 [417c597c-13cf-4e34-be96-1680b82aa276-groupManagement] INFO  impl.RoleInfo (RoleInfo.java:updateAndGet(148)) - 417c597c-13cf-4e34-be96-1680b82aa276: start 417c597c-13cf-4e34-be96-1680b82aa276@group-ECC9D8425EA7-FollowerState
2025-09-19 20:43:11,796 [417c597c-13cf-4e34-be96-1680b82aa276-groupManagement] INFO  util.JmxRegister (JmxRegister.java:tryRegister(44)) - Successfully registered JMX Bean with object name Ratis:service=RaftServer,group=group-ECC9D8425EA7,id=417c597c-13cf-4e34-be96-1680b82aa276
2025-09-19 20:43:11,796 [417c597c-13cf-4e34-be96-1680b82aa276-groupManagement] INFO  util.JmxRegister (JmxRegister.java:register(58)) - register mxBean class org.apache.ratis.server.impl.RaftServerJmxAdapter as Ratis:service=RaftServer,group=group-ECC9D8425EA7,id=417c597c-13cf-4e34-be96-1680b82aa276
2025-09-19 20:43:11,797 [417c597c-13cf-4e34-be96-1680b82aa276-groupManagement] INFO  server.RaftServer$Division (RaftServerImpl.java:start(419)) - 417c597c-13cf-4e34-be96-1680b82aa276@group-ECC9D8425EA7: Successfully started.
2025-09-19 20:43:11,797 [417c597c-13cf-4e34-be96-1680b82aa276-CreatePipelineCommandHandlerThread-0] INFO  ratis.XceiverServerRatis (XceiverServerRatis.java:addGroup(841)) - Created group Pipeline-1a407f51-d149-4286-bfb4-ecc9d8425ea7
2025-09-19 20:43:11,797 [417c597c-13cf-4e34-be96-1680b82aa276-CreatePipelineCommandHandlerThread-0] INFO  commandhandler.CreatePipelineCommandHandler (CreatePipelineCommandHandler.java:lambda$handle$2(141)) - Created Pipeline RATIS ONE Pipeline-1a407f51-d149-4286-bfb4-ecc9d8425ea7.
2025-09-19 20:43:11,798 [c834ff67-8e28-4894-9cd1-7316b4e587ce-groupManagement] INFO  storage.RaftStorage (RaftStorageImpl.java:format(98)) - Storage directory /home/runner/work/ozone/ozone/hadoop-ozone/integration-test/target/test-dir/MiniOzoneClusterImpl-990002c2-bb69-4aa2-bd68-28a5e13e86ef/ozone-metadata/datanode-6/ratis/c94d1c9f-8cc3-4489-8058-9ca395f3c3e7 has been successfully formatted.
2025-09-19 20:43:11,799 [c834ff67-8e28-4894-9cd1-7316b4e587ce-groupManagement] INFO  ratis.ContainerStateMachine (ContainerStateMachine.java:initialize(339)) - c834ff67-8e28-4894-9cd1-7316b4e587ce: initialize group-9CA395F3C3E7
2025-09-19 20:43:11,799 [c834ff67-8e28-4894-9cd1-7316b4e587ce-groupManagement] INFO  ratis.ContainerStateMachine (ContainerStateMachine.java:loadSnapshot(347)) - group-9CA395F3C3E7: The snapshot info is null. Setting the last applied index to:<INITIAL_VALUE>
2025-09-19 20:43:11,800 [c834ff67-8e28-4894-9cd1-7316b4e587ce-groupManagement] INFO  server.RaftServerConfigKeys (ConfUtils.java:logGet(62)) - raft.server.log.appender.buffer.byte-limit = 33554432 (custom)
2025-09-19 20:43:11,805 [c834ff67-8e28-4894-9cd1-7316b4e587ce-groupManagement] INFO  server.RaftServerConfigKeys (ConfUtils.java:logGet(62)) - raft.server.log.segment.size.max = 67108864 (custom)
2025-09-19 20:43:11,805 [c834ff67-8e28-4894-9cd1-7316b4e587ce-groupManagement] INFO  server.RaftServerConfigKeys (ConfUtils.java:logGet(62)) - raft.server.log.appender.buffer.byte-limit = 33554432 (custom)
2025-09-19 20:43:11,806 [c834ff67-8e28-4894-9cd1-7316b4e587ce-groupManagement] INFO  util.AwaitToRun (AwaitToRun.java:start(81)) - Thread[#1319,c834ff67-8e28-4894-9cd1-7316b4e587ce@group-9CA395F3C3E7-cacheEviction-AwaitToRun,5,main] started
2025-09-19 20:43:11,807 [c834ff67-8e28-4894-9cd1-7316b4e587ce-groupManagement] INFO  segmented.SegmentedRaftLogWorker (SegmentedRaftLogWorker.java:<init>(190)) - new c834ff67-8e28-4894-9cd1-7316b4e587ce@group-9CA395F3C3E7-SegmentedRaftLogWorker for RaftStorageImpl:Storage Directory /home/runner/work/ozone/ozone/hadoop-ozone/integration-test/target/test-dir/MiniOzoneClusterImpl-990002c2-bb69-4aa2-bd68-28a5e13e86ef/ozone-metadata/datanode-6/ratis/c94d1c9f-8cc3-4489-8058-9ca395f3c3e7
2025-09-19 20:43:11,807 [c834ff67-8e28-4894-9cd1-7316b4e587ce-groupManagement] INFO  server.RaftServerConfigKeys (ConfUtils.java:logGet(62)) - raft.server.log.queue.byte-limit = 4294967296 (custom)
2025-09-19 20:43:11,807 [c834ff67-8e28-4894-9cd1-7316b4e587ce-groupManagement] INFO  server.RaftServerConfigKeys (ConfUtils.java:logGet(62)) - raft.server.log.segment.size.max = 67108864 (custom)
2025-09-19 20:43:11,807 [c834ff67-8e28-4894-9cd1-7316b4e587ce-groupManagement] INFO  server.RaftServerConfigKeys (ConfUtils.java:logGet(62)) - raft.server.log.preallocated.size = 4194304 (custom)
2025-09-19 20:43:11,807 [c834ff67-8e28-4894-9cd1-7316b4e587ce-groupManagement] INFO  server.RaftServerConfigKeys (ConfUtils.java:logGet(62)) - raft.server.log.write.buffer.size = 33554440 (custom)
2025-09-19 20:43:11,812 [c834ff67-8e28-4894-9cd1-7316b4e587ce-groupManagement] INFO  server.RaftServerConfigKeys (ConfUtils.java:logGet(62)) - raft.server.log.appender.buffer.byte-limit = 33554432 (custom)
2025-09-19 20:43:11,813 [c834ff67-8e28-4894-9cd1-7316b4e587ce-groupManagement] INFO  segmented.SegmentedRaftLogWorker (SegmentedRaftLogWorker.java:lambda$new$0(141)) - c834ff67-8e28-4894-9cd1-7316b4e587ce@group-9CA395F3C3E7-SegmentedRaftLogWorker: flushIndex: setUnconditionally 0 -> -1
2025-09-19 20:43:11,813 [c834ff67-8e28-4894-9cd1-7316b4e587ce-groupManagement] INFO  segmented.SegmentedRaftLogWorker (SegmentedRaftLogWorker.java:lambda$new$0(141)) - c834ff67-8e28-4894-9cd1-7316b4e587ce@group-9CA395F3C3E7-SegmentedRaftLogWorker: safeCacheEvictIndex: setUnconditionally 0 -> -1
2025-09-19 20:43:11,813 [c834ff67-8e28-4894-9cd1-7316b4e587ce-groupManagement] INFO  server.RaftServer$Division (RaftServerImpl.java:start(405)) - c834ff67-8e28-4894-9cd1-7316b4e587ce@group-9CA395F3C3E7: start as a follower, conf=conf: {index: -1, cur=peers:[e7feb3b4-5cd1-4322-b271-eb1c248a4412|127.0.0.1:15039, 417c597c-13cf-4e34-be96-1680b82aa276|127.0.0.1:15047, c834ff67-8e28-4894-9cd1-7316b4e587ce|127.0.0.1:15055]|listeners:[], old=null}
2025-09-19 20:43:11,813 [c834ff67-8e28-4894-9cd1-7316b4e587ce-groupManagement] INFO  server.RaftServer$Division (RaftServerImpl.java:setRole(392)) - c834ff67-8e28-4894-9cd1-7316b4e587ce@group-9CA395F3C3E7: changes role from      null to FOLLOWER at term 0 for startAsFollower
2025-09-19 20:43:11,813 [c834ff67-8e28-4894-9cd1-7316b4e587ce-groupManagement] INFO  impl.RoleInfo (RoleInfo.java:updateAndGet(148)) - c834ff67-8e28-4894-9cd1-7316b4e587ce: start c834ff67-8e28-4894-9cd1-7316b4e587ce@group-9CA395F3C3E7-FollowerState
2025-09-19 20:43:11,814 [c834ff67-8e28-4894-9cd1-7316b4e587ce-groupManagement] INFO  util.JmxRegister (JmxRegister.java:tryRegister(44)) - Successfully registered JMX Bean with object name Ratis:service=RaftServer,group=group-9CA395F3C3E7,id=c834ff67-8e28-4894-9cd1-7316b4e587ce
2025-09-19 20:43:11,814 [c834ff67-8e28-4894-9cd1-7316b4e587ce-groupManagement] INFO  util.JmxRegister (JmxRegister.java:register(58)) - register mxBean class org.apache.ratis.server.impl.RaftServerJmxAdapter as Ratis:service=RaftServer,group=group-9CA395F3C3E7,id=c834ff67-8e28-4894-9cd1-7316b4e587ce
2025-09-19 20:43:11,814 [c834ff67-8e28-4894-9cd1-7316b4e587ce-groupManagement] INFO  server.RaftServer$Division (RaftServerImpl.java:start(419)) - c834ff67-8e28-4894-9cd1-7316b4e587ce@group-9CA395F3C3E7: Successfully started.
2025-09-19 20:43:11,821 [e7feb3b4-5cd1-4322-b271-eb1c248a4412-CreatePipelineCommandHandlerThread-0] INFO  commandhandler.CreatePipelineCommandHandler (CreatePipelineCommandHandler.java:lambda$handle$2(141)) - Created Pipeline RATIS THREE Pipeline-c94d1c9f-8cc3-4489-8058-9ca395f3c3e7.
2025-09-19 20:43:11,835 [8eb9963e-bce0-4155-aea2-e442cadff8bd@group-0133D85F5F20-FollowerState] INFO  impl.FollowerState (FollowerState.java:runImpl(161)) - 8eb9963e-bce0-4155-aea2-e442cadff8bd@group-0133D85F5F20-FollowerState: change to CANDIDATE, lastRpcElapsedTime:1175536774ns, electionTimeout:1175ms
2025-09-19 20:43:11,835 [8eb9963e-bce0-4155-aea2-e442cadff8bd@group-0133D85F5F20-FollowerState] INFO  impl.RoleInfo (RoleInfo.java:shutdownFollowerState(121)) - 8eb9963e-bce0-4155-aea2-e442cadff8bd: shutdown 8eb9963e-bce0-4155-aea2-e442cadff8bd@group-0133D85F5F20-FollowerState
2025-09-19 20:43:11,835 [8eb9963e-bce0-4155-aea2-e442cadff8bd@group-0133D85F5F20-FollowerState] INFO  server.RaftServer$Division (RaftServerImpl.java:setRole(392)) - 8eb9963e-bce0-4155-aea2-e442cadff8bd@group-0133D85F5F20: changes role from  FOLLOWER to CANDIDATE at term 0 for changeToCandidate
2025-09-19 20:43:11,836 [8eb9963e-bce0-4155-aea2-e442cadff8bd@group-0133D85F5F20-FollowerState] INFO  impl.RoleInfo (RoleInfo.java:updateAndGet(148)) - 8eb9963e-bce0-4155-aea2-e442cadff8bd: start 8eb9963e-bce0-4155-aea2-e442cadff8bd@group-0133D85F5F20-LeaderElection9
2025-09-19 20:43:11,836 [8eb9963e-bce0-4155-aea2-e442cadff8bd@group-0133D85F5F20-LeaderElection9] INFO  impl.LeaderElection (LeaderElection.java:askForVotes(448)) - 8eb9963e-bce0-4155-aea2-e442cadff8bd@group-0133D85F5F20-LeaderElection9 PRE_VOTE round 0: submit vote requests at term 0 for conf: {index: -1, cur=peers:[8eb9963e-bce0-4155-aea2-e442cadff8bd|127.0.0.1:15015]|listeners:[], old=null}
2025-09-19 20:43:11,837 [8eb9963e-bce0-4155-aea2-e442cadff8bd@group-0133D85F5F20-LeaderElection9] INFO  impl.LeaderElection (LeaderElection.java:askForVotes(450)) - 8eb9963e-bce0-4155-aea2-e442cadff8bd@group-0133D85F5F20-LeaderElection9 PRE_VOTE round 0: result PASSED (term=0)
2025-09-19 20:43:11,846 [8eb9963e-bce0-4155-aea2-e442cadff8bd@group-0133D85F5F20-LeaderElection9] INFO  impl.LeaderElection (LeaderElection.java:askForVotes(448)) - 8eb9963e-bce0-4155-aea2-e442cadff8bd@group-0133D85F5F20-LeaderElection9 ELECTION round 0: submit vote requests at term 1 for conf: {index: -1, cur=peers:[8eb9963e-bce0-4155-aea2-e442cadff8bd|127.0.0.1:15015]|listeners:[], old=null}
2025-09-19 20:43:11,846 [8eb9963e-bce0-4155-aea2-e442cadff8bd@group-0133D85F5F20-LeaderElection9] INFO  impl.LeaderElection (LeaderElection.java:askForVotes(450)) - 8eb9963e-bce0-4155-aea2-e442cadff8bd@group-0133D85F5F20-LeaderElection9 ELECTION round 0: result PASSED (term=1)
2025-09-19 20:43:11,846 [8eb9963e-bce0-4155-aea2-e442cadff8bd@group-0133D85F5F20-LeaderElection9] INFO  impl.RoleInfo (RoleInfo.java:shutdownLeaderElection(141)) - 8eb9963e-bce0-4155-aea2-e442cadff8bd: shutdown 8eb9963e-bce0-4155-aea2-e442cadff8bd@group-0133D85F5F20-LeaderElection9
2025-09-19 20:43:11,848 [8eb9963e-bce0-4155-aea2-e442cadff8bd@group-0133D85F5F20-LeaderElection9] INFO  server.RaftServer$Division (RaftServerImpl.java:setRole(392)) - 8eb9963e-bce0-4155-aea2-e442cadff8bd@group-0133D85F5F20: changes role from CANDIDATE to LEADER at term 1 for changeToLeader
2025-09-19 20:43:11,848 [8eb9963e-bce0-4155-aea2-e442cadff8bd@group-0133D85F5F20-LeaderElection9] INFO  server.RaftServerConfigKeys (ConfUtils.java:logFallback(69)) - raft.server.staging.timeout = 3600ms (fallback to raft.server.rpc.timeout.max)
2025-09-19 20:43:11,850 [8eb9963e-bce0-4155-aea2-e442cadff8bd@group-0133D85F5F20-LeaderElection9] INFO  server.RaftServerConfigKeys (ConfUtils.java:logGet(62)) - raft.server.write.byte-limit = 1024 M (=1073741824) (custom)
2025-09-19 20:43:11,851 [8eb9963e-bce0-4155-aea2-e442cadff8bd@group-0133D85F5F20-LeaderElection9] INFO  impl.RoleInfo (RoleInfo.java:updateAndGet(148)) - 8eb9963e-bce0-4155-aea2-e442cadff8bd: start 8eb9963e-bce0-4155-aea2-e442cadff8bd@group-0133D85F5F20-LeaderStateImpl
2025-09-19 20:43:11,851 [8eb9963e-bce0-4155-aea2-e442cadff8bd@group-0133D85F5F20-LeaderElection9] INFO  server.RaftServer$Division (RaftServerImpl.java:setFirstElection(576)) - 8eb9963e-bce0-4155-aea2-e442cadff8bd@group-0133D85F5F20: set firstElectionSinceStartup to false for becomeLeader
2025-09-19 20:43:11,851 [8eb9963e-bce0-4155-aea2-e442cadff8bd@group-0133D85F5F20-LeaderElection9] INFO  ratis.XceiverServerRatis (XceiverServerRatis.java:handleLeaderChangedNotification(942)) - Leader change notification received for group: group-0133D85F5F20 with new leaderId: 8eb9963e-bce0-4155-aea2-e442cadff8bd
2025-09-19 20:43:11,852 [8eb9963e-bce0-4155-aea2-e442cadff8bd@group-0133D85F5F20-LeaderElection9] INFO  server.RaftServer$Division (ServerState.java:setLeader(272)) - 8eb9963e-bce0-4155-aea2-e442cadff8bd@group-0133D85F5F20: change Leader from null to 8eb9963e-bce0-4155-aea2-e442cadff8bd at term 1 for becomeLeader, leader elected after 1215ms
2025-09-19 20:43:11,853 [8eb9963e-bce0-4155-aea2-e442cadff8bd@group-0133D85F5F20-LeaderElection9] INFO  segmented.SegmentedRaftLogWorker (SegmentedRaftLogWorker.java:startLogSegment(440)) - 8eb9963e-bce0-4155-aea2-e442cadff8bd@group-0133D85F5F20-SegmentedRaftLogWorker: Starting segment from index:0
2025-09-19 20:43:11,853 [8eb9963e-bce0-4155-aea2-e442cadff8bd@group-0133D85F5F20-LeaderElection9] INFO  server.RaftServer$Division (ServerState.java:setRaftConf(386)) - 8eb9963e-bce0-4155-aea2-e442cadff8bd@group-0133D85F5F20: set configuration conf: {index: 0, cur=peers:[8eb9963e-bce0-4155-aea2-e442cadff8bd|127.0.0.1:15015]|listeners:[], old=null}
2025-09-19 20:43:11,854 [8eb9963e-bce0-4155-aea2-e442cadff8bd@group-0133D85F5F20-SegmentedRaftLogWorker] INFO  segmented.BufferedWriteChannel (BufferedWriteChannel.java:open(61)) - open log_inprogress_0 at position 0
2025-09-19 20:43:11,866 [8eb9963e-bce0-4155-aea2-e442cadff8bd@group-0133D85F5F20-SegmentedRaftLogWorker] INFO  segmented.SegmentedRaftLogWorker (SegmentedRaftLogWorker.java:execute(647)) - 8eb9963e-bce0-4155-aea2-e442cadff8bd@group-0133D85F5F20-SegmentedRaftLogWorker: created new log segment /home/runner/work/ozone/ozone/hadoop-ozone/integration-test/target/test-dir/MiniOzoneClusterImpl-990002c2-bb69-4aa2-bd68-28a5e13e86ef/ozone-metadata/datanode-1/ratis/c953b843-7a8e-4433-916d-0133d85f5f20/current/log_inprogress_0
2025-09-19 20:43:11,871 [8eb9963e-bce0-4155-aea2-e442cadff8bd@group-0133D85F5F20-StateMachineUpdater] INFO  server.RaftServer$Division (LeaderStateImpl.java:checkStartIndex(309)) - Leader 8eb9963e-bce0-4155-aea2-e442cadff8bd@group-0133D85F5F20-LeaderStateImpl is ready since appliedIndex == startIndex == 0
2025-09-19 20:43:11,971 [43523384-1488-4733-9c5e-86b5f6f4eeb8-CreatePipelineCommandHandlerThread-0] INFO  server.RaftServer (RaftServerProxy.java:addNew(105)) - 43523384-1488-4733-9c5e-86b5f6f4eeb8: addNew group-42CF5F8861FA:[43523384-1488-4733-9c5e-86b5f6f4eeb8|127.0.0.1:15087] returns group-42CF5F8861FA:java.util.concurrent.CompletableFuture@2ab808ba[Not completed]
2025-09-19 20:43:11,974 [43523384-1488-4733-9c5e-86b5f6f4eeb8-groupManagement] INFO  server.RaftServer$Division (RaftServerImpl.java:<init>(268)) - 43523384-1488-4733-9c5e-86b5f6f4eeb8: new RaftServerImpl for group-42CF5F8861FA:[43523384-1488-4733-9c5e-86b5f6f4eeb8|127.0.0.1:15087] with ContainerStateMachine:uninitialized
2025-09-19 20:43:11,974 [43523384-1488-4733-9c5e-86b5f6f4eeb8-groupManagement] INFO  server.RaftServer$Division (ServerState.java:<init>(114)) - 43523384-1488-4733-9c5e-86b5f6f4eeb8@group-42CF5F8861FA: ConfigurationManager, init=conf: {index: -1, cur=peers:[43523384-1488-4733-9c5e-86b5f6f4eeb8|127.0.0.1:15087]|listeners:[], old=null}, confs=<EMPTY_MAP>
2025-09-19 20:43:11,979 [43523384-1488-4733-9c5e-86b5f6f4eeb8-groupManagement] INFO  server.RaftServerConfigKeys (ConfUtils.java:logGet(62)) - raft.server.storage.dir = [/home/runner/work/ozone/ozone/hadoop-ozone/integration-test/target/test-dir/MiniOzoneClusterImpl-990002c2-bb69-4aa2-bd68-28a5e13e86ef/ozone-metadata/datanode-10/ratis] (custom)
2025-09-19 20:43:11,984 [43523384-1488-4733-9c5e-86b5f6f4eeb8-groupManagement] INFO  storage.RaftStorageDirectory (RaftStorageDirectoryImpl.java:analyzeStorage(138)) - The storage directory /home/runner/work/ozone/ozone/hadoop-ozone/integration-test/target/test-dir/MiniOzoneClusterImpl-990002c2-bb69-4aa2-bd68-28a5e13e86ef/ozone-metadata/datanode-10/ratis/d8173366-d12d-4de3-af7b-42cf5f8861fa does not exist. Creating ...
2025-09-19 20:43:11,985 [43523384-1488-4733-9c5e-86b5f6f4eeb8-groupManagement] INFO  storage.RaftStorageDirectory (RaftStorageDirectoryImpl.java:tryLock(229)) - Lock on /home/runner/work/ozone/ozone/hadoop-ozone/integration-test/target/test-dir/MiniOzoneClusterImpl-990002c2-bb69-4aa2-bd68-28a5e13e86ef/ozone-metadata/datanode-10/ratis/d8173366-d12d-4de3-af7b-42cf5f8861fa/in_use.lock acquired by nodename 22744@localhost
2025-09-19 20:43:11,986 [43523384-1488-4733-9c5e-86b5f6f4eeb8-groupManagement] INFO  storage.RaftStorage (RaftStorageImpl.java:format(98)) - Storage directory /home/runner/work/ozone/ozone/hadoop-ozone/integration-test/target/test-dir/MiniOzoneClusterImpl-990002c2-bb69-4aa2-bd68-28a5e13e86ef/ozone-metadata/datanode-10/ratis/d8173366-d12d-4de3-af7b-42cf5f8861fa has been successfully formatted.
2025-09-19 20:43:11,986 [43523384-1488-4733-9c5e-86b5f6f4eeb8-groupManagement] INFO  ratis.ContainerStateMachine (ContainerStateMachine.java:initialize(339)) - 43523384-1488-4733-9c5e-86b5f6f4eeb8: initialize group-42CF5F8861FA
2025-09-19 20:43:11,987 [43523384-1488-4733-9c5e-86b5f6f4eeb8-groupManagement] INFO  ratis.ContainerStateMachine (ContainerStateMachine.java:loadSnapshot(347)) - group-42CF5F8861FA: The snapshot info is null. Setting the last applied index to:<INITIAL_VALUE>
2025-09-19 20:43:11,987 [43523384-1488-4733-9c5e-86b5f6f4eeb8-groupManagement] INFO  server.RaftServerConfigKeys (ConfUtils.java:logGet(62)) - raft.server.log.appender.buffer.byte-limit = 33554432 (custom)
2025-09-19 20:43:11,998 [c834ff67-8e28-4894-9cd1-7316b4e587ce-CreatePipelineCommandHandlerThread-0] INFO  server.RaftServer (RaftServerProxy.java:addNew(105)) - c834ff67-8e28-4894-9cd1-7316b4e587ce: addNew group-4FBD2C90D8B3:[c834ff67-8e28-4894-9cd1-7316b4e587ce|127.0.0.1:15055] returns group-4FBD2C90D8B3:java.util.concurrent.CompletableFuture@4d323087[Not completed]
2025-09-19 20:43:12,000 [43523384-1488-4733-9c5e-86b5f6f4eeb8-groupManagement] INFO  server.RaftServerConfigKeys (ConfUtils.java:logGet(62)) - raft.server.log.segment.size.max = 67108864 (custom)
2025-09-19 20:43:12,000 [EventQueue-PipelineReportForPipelineReportHandler] INFO  pipeline.PipelineReportHandler (PipelineReportHandler.java:processPipelineReport(132)) - Opened pipeline Pipeline-d8173366-d12d-4de3-af7b-42cf5f8861fa
2025-09-19 20:43:12,001 [43523384-1488-4733-9c5e-86b5f6f4eeb8-groupManagement] INFO  server.RaftServerConfigKeys (ConfUtils.java:logGet(62)) - raft.server.log.appender.buffer.byte-limit = 33554432 (custom)
2025-09-19 20:43:12,002 [c834ff67-8e28-4894-9cd1-7316b4e587ce-groupManagement] INFO  server.RaftServer$Division (RaftServerImpl.java:<init>(268)) - c834ff67-8e28-4894-9cd1-7316b4e587ce: new RaftServerImpl for group-4FBD2C90D8B3:[c834ff67-8e28-4894-9cd1-7316b4e587ce|127.0.0.1:15055] with ContainerStateMachine:uninitialized
2025-09-19 20:43:12,002 [c834ff67-8e28-4894-9cd1-7316b4e587ce-groupManagement] INFO  server.RaftServer$Division (ServerState.java:<init>(114)) - c834ff67-8e28-4894-9cd1-7316b4e587ce@group-4FBD2C90D8B3: ConfigurationManager, init=conf: {index: -1, cur=peers:[c834ff67-8e28-4894-9cd1-7316b4e587ce|127.0.0.1:15055]|listeners:[], old=null}, confs=<EMPTY_MAP>
2025-09-19 20:43:12,002 [43523384-1488-4733-9c5e-86b5f6f4eeb8-groupManagement] INFO  util.AwaitToRun (AwaitToRun.java:start(81)) - Thread[#1333,43523384-1488-4733-9c5e-86b5f6f4eeb8@group-42CF5F8861FA-cacheEviction-AwaitToRun,5,main] started
2025-09-19 20:43:12,003 [43523384-1488-4733-9c5e-86b5f6f4eeb8-groupManagement] INFO  segmented.SegmentedRaftLogWorker (SegmentedRaftLogWorker.java:<init>(190)) - new 43523384-1488-4733-9c5e-86b5f6f4eeb8@group-42CF5F8861FA-SegmentedRaftLogWorker for RaftStorageImpl:Storage Directory /home/runner/work/ozone/ozone/hadoop-ozone/integration-test/target/test-dir/MiniOzoneClusterImpl-990002c2-bb69-4aa2-bd68-28a5e13e86ef/ozone-metadata/datanode-10/ratis/d8173366-d12d-4de3-af7b-42cf5f8861fa
2025-09-19 20:43:12,003 [43523384-1488-4733-9c5e-86b5f6f4eeb8-groupManagement] INFO  server.RaftServerConfigKeys (ConfUtils.java:logGet(62)) - raft.server.log.queue.byte-limit = 4294967296 (custom)
2025-09-19 20:43:12,004 [43523384-1488-4733-9c5e-86b5f6f4eeb8-groupManagement] INFO  server.RaftServerConfigKeys (ConfUtils.java:logGet(62)) - raft.server.log.segment.size.max = 67108864 (custom)
2025-09-19 20:43:12,004 [43523384-1488-4733-9c5e-86b5f6f4eeb8-groupManagement] INFO  server.RaftServerConfigKeys (ConfUtils.java:logGet(62)) - raft.server.log.preallocated.size = 4194304 (custom)
2025-09-19 20:43:12,006 [43523384-1488-4733-9c5e-86b5f6f4eeb8-groupManagement] INFO  server.RaftServerConfigKeys (ConfUtils.java:logGet(62)) - raft.server.log.write.buffer.size = 33554440 (custom)
2025-09-19 20:43:12,007 [c834ff67-8e28-4894-9cd1-7316b4e587ce-groupManagement] INFO  server.RaftServerConfigKeys (ConfUtils.java:logGet(62)) - raft.server.storage.dir = [/home/runner/work/ozone/ozone/hadoop-ozone/integration-test/target/test-dir/MiniOzoneClusterImpl-990002c2-bb69-4aa2-bd68-28a5e13e86ef/ozone-metadata/datanode-6/ratis] (custom)
2025-09-19 20:43:12,007 [c834ff67-8e28-4894-9cd1-7316b4e587ce-groupManagement] INFO  storage.RaftStorageDirectory (RaftStorageDirectoryImpl.java:analyzeStorage(138)) - The storage directory /home/runner/work/ozone/ozone/hadoop-ozone/integration-test/target/test-dir/MiniOzoneClusterImpl-990002c2-bb69-4aa2-bd68-28a5e13e86ef/ozone-metadata/datanode-6/ratis/87c89366-c6e2-4444-8d70-4fbd2c90d8b3 does not exist. Creating ...
2025-09-19 20:43:12,008 [c834ff67-8e28-4894-9cd1-7316b4e587ce-groupManagement] INFO  storage.RaftStorageDirectory (RaftStorageDirectoryImpl.java:tryLock(229)) - Lock on /home/runner/work/ozone/ozone/hadoop-ozone/integration-test/target/test-dir/MiniOzoneClusterImpl-990002c2-bb69-4aa2-bd68-28a5e13e86ef/ozone-metadata/datanode-6/ratis/87c89366-c6e2-4444-8d70-4fbd2c90d8b3/in_use.lock acquired by nodename 22744@localhost
2025-09-19 20:43:12,009 [c834ff67-8e28-4894-9cd1-7316b4e587ce-groupManagement] INFO  storage.RaftStorage (RaftStorageImpl.java:format(98)) - Storage directory /home/runner/work/ozone/ozone/hadoop-ozone/integration-test/target/test-dir/MiniOzoneClusterImpl-990002c2-bb69-4aa2-bd68-28a5e13e86ef/ozone-metadata/datanode-6/ratis/87c89366-c6e2-4444-8d70-4fbd2c90d8b3 has been successfully formatted.
2025-09-19 20:43:12,009 [c834ff67-8e28-4894-9cd1-7316b4e587ce-groupManagement] INFO  ratis.ContainerStateMachine (ContainerStateMachine.java:initialize(339)) - c834ff67-8e28-4894-9cd1-7316b4e587ce: initialize group-4FBD2C90D8B3
2025-09-19 20:43:12,010 [c834ff67-8e28-4894-9cd1-7316b4e587ce-groupManagement] INFO  ratis.ContainerStateMachine (ContainerStateMachine.java:loadSnapshot(347)) - group-4FBD2C90D8B3: The snapshot info is null. Setting the last applied index to:<INITIAL_VALUE>
2025-09-19 20:43:12,010 [c834ff67-8e28-4894-9cd1-7316b4e587ce-groupManagement] INFO  server.RaftServerConfigKeys (ConfUtils.java:logGet(62)) - raft.server.log.appender.buffer.byte-limit = 33554432 (custom)
2025-09-19 20:43:12,012 [c834ff67-8e28-4894-9cd1-7316b4e587ce-groupManagement] INFO  server.RaftServerConfigKeys (ConfUtils.java:logGet(62)) - raft.server.log.segment.size.max = 67108864 (custom)
2025-09-19 20:43:12,012 [c834ff67-8e28-4894-9cd1-7316b4e587ce-groupManagement] INFO  server.RaftServerConfigKeys (ConfUtils.java:logGet(62)) - raft.server.log.appender.buffer.byte-limit = 33554432 (custom)
2025-09-19 20:43:12,013 [43523384-1488-4733-9c5e-86b5f6f4eeb8-groupManagement] INFO  server.RaftServerConfigKeys (ConfUtils.java:logGet(62)) - raft.server.log.appender.buffer.byte-limit = 33554432 (custom)
2025-09-19 20:43:12,013 [43523384-1488-4733-9c5e-86b5f6f4eeb8-groupManagement] INFO  segmented.SegmentedRaftLogWorker (SegmentedRaftLogWorker.java:lambda$new$0(141)) - 43523384-1488-4733-9c5e-86b5f6f4eeb8@group-42CF5F8861FA-SegmentedRaftLogWorker: flushIndex: setUnconditionally 0 -> -1
2025-09-19 20:43:12,013 [43523384-1488-4733-9c5e-86b5f6f4eeb8-groupManagement] INFO  segmented.SegmentedRaftLogWorker (SegmentedRaftLogWorker.java:lambda$new$0(141)) - 43523384-1488-4733-9c5e-86b5f6f4eeb8@group-42CF5F8861FA-SegmentedRaftLogWorker: safeCacheEvictIndex: setUnconditionally 0 -> -1
2025-09-19 20:43:12,016 [c834ff67-8e28-4894-9cd1-7316b4e587ce-groupManagement] INFO  util.AwaitToRun (AwaitToRun.java:start(81)) - Thread[#1334,c834ff67-8e28-4894-9cd1-7316b4e587ce@group-4FBD2C90D8B3-cacheEviction-AwaitToRun,5,main] started
2025-09-19 20:43:12,016 [c834ff67-8e28-4894-9cd1-7316b4e587ce-groupManagement] INFO  segmented.SegmentedRaftLogWorker (SegmentedRaftLogWorker.java:<init>(190)) - new c834ff67-8e28-4894-9cd1-7316b4e587ce@group-4FBD2C90D8B3-SegmentedRaftLogWorker for RaftStorageImpl:Storage Directory /home/runner/work/ozone/ozone/hadoop-ozone/integration-test/target/test-dir/MiniOzoneClusterImpl-990002c2-bb69-4aa2-bd68-28a5e13e86ef/ozone-metadata/datanode-6/ratis/87c89366-c6e2-4444-8d70-4fbd2c90d8b3
2025-09-19 20:43:12,017 [c834ff67-8e28-4894-9cd1-7316b4e587ce-groupManagement] INFO  server.RaftServerConfigKeys (ConfUtils.java:logGet(62)) - raft.server.log.queue.byte-limit = 4294967296 (custom)
2025-09-19 20:43:12,017 [c834ff67-8e28-4894-9cd1-7316b4e587ce-groupManagement] INFO  server.RaftServerConfigKeys (ConfUtils.java:logGet(62)) - raft.server.log.segment.size.max = 67108864 (custom)
2025-09-19 20:43:12,017 [c834ff67-8e28-4894-9cd1-7316b4e587ce-groupManagement] INFO  server.RaftServerConfigKeys (ConfUtils.java:logGet(62)) - raft.server.log.preallocated.size = 4194304 (custom)
2025-09-19 20:43:12,018 [43523384-1488-4733-9c5e-86b5f6f4eeb8-groupManagement] INFO  server.RaftServer$Division (RaftServerImpl.java:start(405)) - 43523384-1488-4733-9c5e-86b5f6f4eeb8@group-42CF5F8861FA: start as a follower, conf=conf: {index: -1, cur=peers:[43523384-1488-4733-9c5e-86b5f6f4eeb8|127.0.0.1:15087]|listeners:[], old=null}
2025-09-19 20:43:12,018 [43523384-1488-4733-9c5e-86b5f6f4eeb8-groupManagement] INFO  server.RaftServer$Division (RaftServerImpl.java:setRole(392)) - 43523384-1488-4733-9c5e-86b5f6f4eeb8@group-42CF5F8861FA: changes role from      null to FOLLOWER at term 0 for startAsFollower
2025-09-19 20:43:12,018 [43523384-1488-4733-9c5e-86b5f6f4eeb8-groupManagement] INFO  impl.RoleInfo (RoleInfo.java:updateAndGet(148)) - 43523384-1488-4733-9c5e-86b5f6f4eeb8: start 43523384-1488-4733-9c5e-86b5f6f4eeb8@group-42CF5F8861FA-FollowerState
2025-09-19 20:43:12,018 [c834ff67-8e28-4894-9cd1-7316b4e587ce-groupManagement] INFO  server.RaftServerConfigKeys (ConfUtils.java:logGet(62)) - raft.server.log.write.buffer.size = 33554440 (custom)
2025-09-19 20:43:12,020 [43523384-1488-4733-9c5e-86b5f6f4eeb8-groupManagement] INFO  util.JmxRegister (JmxRegister.java:tryRegister(44)) - Successfully registered JMX Bean with object name Ratis:service=RaftServer,group=group-42CF5F8861FA,id=43523384-1488-4733-9c5e-86b5f6f4eeb8
2025-09-19 20:43:12,020 [43523384-1488-4733-9c5e-86b5f6f4eeb8-groupManagement] INFO  util.JmxRegister (JmxRegister.java:register(58)) - register mxBean class org.apache.ratis.server.impl.RaftServerJmxAdapter as Ratis:service=RaftServer,group=group-42CF5F8861FA,id=43523384-1488-4733-9c5e-86b5f6f4eeb8
2025-09-19 20:43:12,021 [EventQueue-PipelineReportForPipelineReportHandler] INFO  pipeline.PipelineReportHandler (PipelineReportHandler.java:processPipelineReport(132)) - Opened pipeline Pipeline-87c89366-c6e2-4444-8d70-4fbd2c90d8b3
2025-09-19 20:43:12,022 [43523384-1488-4733-9c5e-86b5f6f4eeb8-groupManagement] INFO  server.RaftServer$Division (RaftServerImpl.java:start(419)) - 43523384-1488-4733-9c5e-86b5f6f4eeb8@group-42CF5F8861FA: Successfully started.
2025-09-19 20:43:12,022 [43523384-1488-4733-9c5e-86b5f6f4eeb8-CreatePipelineCommandHandlerThread-0] INFO  ratis.XceiverServerRatis (XceiverServerRatis.java:addGroup(841)) - Created group Pipeline-d8173366-d12d-4de3-af7b-42cf5f8861fa
2025-09-19 20:43:12,023 [43523384-1488-4733-9c5e-86b5f6f4eeb8-CreatePipelineCommandHandlerThread-0] INFO  commandhandler.CreatePipelineCommandHandler (CreatePipelineCommandHandler.java:lambda$handle$2(141)) - Created Pipeline RATIS ONE Pipeline-d8173366-d12d-4de3-af7b-42cf5f8861fa.
2025-09-19 20:43:12,026 [c834ff67-8e28-4894-9cd1-7316b4e587ce-groupManagement] INFO  server.RaftServerConfigKeys (ConfUtils.java:logGet(62)) - raft.server.log.appender.buffer.byte-limit = 33554432 (custom)
2025-09-19 20:43:12,026 [c834ff67-8e28-4894-9cd1-7316b4e587ce-groupManagement] INFO  segmented.SegmentedRaftLogWorker (SegmentedRaftLogWorker.java:lambda$new$0(141)) - c834ff67-8e28-4894-9cd1-7316b4e587ce@group-4FBD2C90D8B3-SegmentedRaftLogWorker: flushIndex: setUnconditionally 0 -> -1
2025-09-19 20:43:12,026 [c834ff67-8e28-4894-9cd1-7316b4e587ce-groupManagement] INFO  segmented.SegmentedRaftLogWorker (SegmentedRaftLogWorker.java:lambda$new$0(141)) - c834ff67-8e28-4894-9cd1-7316b4e587ce@group-4FBD2C90D8B3-SegmentedRaftLogWorker: safeCacheEvictIndex: setUnconditionally 0 -> -1
2025-09-19 20:43:12,027 [c834ff67-8e28-4894-9cd1-7316b4e587ce-groupManagement] INFO  server.RaftServer$Division (RaftServerImpl.java:start(405)) - c834ff67-8e28-4894-9cd1-7316b4e587ce@group-4FBD2C90D8B3: start as a follower, conf=conf: {index: -1, cur=peers:[c834ff67-8e28-4894-9cd1-7316b4e587ce|127.0.0.1:15055]|listeners:[], old=null}
2025-09-19 20:43:12,027 [c834ff67-8e28-4894-9cd1-7316b4e587ce-groupManagement] INFO  server.RaftServer$Division (RaftServerImpl.java:setRole(392)) - c834ff67-8e28-4894-9cd1-7316b4e587ce@group-4FBD2C90D8B3: changes role from      null to FOLLOWER at term 0 for startAsFollower
2025-09-19 20:43:12,027 [c834ff67-8e28-4894-9cd1-7316b4e587ce-groupManagement] INFO  impl.RoleInfo (RoleInfo.java:updateAndGet(148)) - c834ff67-8e28-4894-9cd1-7316b4e587ce: start c834ff67-8e28-4894-9cd1-7316b4e587ce@group-4FBD2C90D8B3-FollowerState
2025-09-19 20:43:12,028 [c834ff67-8e28-4894-9cd1-7316b4e587ce-groupManagement] INFO  util.JmxRegister (JmxRegister.java:tryRegister(44)) - Successfully registered JMX Bean with object name Ratis:service=RaftServer,group=group-4FBD2C90D8B3,id=c834ff67-8e28-4894-9cd1-7316b4e587ce
2025-09-19 20:43:12,028 [c834ff67-8e28-4894-9cd1-7316b4e587ce-groupManagement] INFO  util.JmxRegister (JmxRegister.java:register(58)) - register mxBean class org.apache.ratis.server.impl.RaftServerJmxAdapter as Ratis:service=RaftServer,group=group-4FBD2C90D8B3,id=c834ff67-8e28-4894-9cd1-7316b4e587ce
2025-09-19 20:43:12,029 [c834ff67-8e28-4894-9cd1-7316b4e587ce-groupManagement] INFO  server.RaftServer$Division (RaftServerImpl.java:start(419)) - c834ff67-8e28-4894-9cd1-7316b4e587ce@group-4FBD2C90D8B3: Successfully started.
2025-09-19 20:43:12,029 [c834ff67-8e28-4894-9cd1-7316b4e587ce-CreatePipelineCommandHandlerThread-0] INFO  ratis.XceiverServerRatis (XceiverServerRatis.java:addGroup(841)) - Created group Pipeline-87c89366-c6e2-4444-8d70-4fbd2c90d8b3
2025-09-19 20:43:12,029 [c834ff67-8e28-4894-9cd1-7316b4e587ce-CreatePipelineCommandHandlerThread-0] INFO  commandhandler.CreatePipelineCommandHandler (CreatePipelineCommandHandler.java:lambda$handle$2(141)) - Created Pipeline RATIS ONE Pipeline-87c89366-c6e2-4444-8d70-4fbd2c90d8b3.
2025-09-19 20:43:12,115 [ForkJoinPool-1-worker-1] INFO  rpc.RpcClient (RpcClient.java:createVolume(461)) - Creating Volume: datanodefailurehandlingtest, with runner as owner and space quota set to -1 bytes, counts quota set to -1
2025-09-19 20:43:12,131 [om1-OMStateMachineApplyTransactionThread - 0] INFO  volume.OMVolumeCreateRequest (OMVolumeCreateRequest.java:validateAndUpdateCache(203)) - created volume:datanodefailurehandlingtest for user:runner
2025-09-19 20:43:12,142 [ForkJoinPool-1-worker-1] INFO  rpc.RpcClient (RpcClient.java:createBucket(686)) - Creating Bucket: datanodefailurehandlingtest/datanodefailurehandlingtest, with server-side default bucket layout, runner as owner, Versioning false, Storage Type set to DISK and Encryption set to false, Replication Type set to server-side default replication type, Namespace Quota set to -1, Space Quota set to -1 
2025-09-19 20:43:12,149 [om1-OMStateMachineApplyTransactionThread - 0] INFO  bucket.OMBucketCreateRequest (OMBucketCreateRequest.java:validateAndUpdateCache(292)) - created bucket: datanodefailurehandlingtest of layout FILE_SYSTEM_OPTIMIZED in volume: datanodefailurehandlingtest
2025-09-19 20:43:12,207 [IPC Server handler 0 on default port 15001] INFO  ha.SequenceIdGenerator (SequenceIdGenerator.java:getNextId(135)) - Allocate a batch for containerId, change lastId from 0 to 1000.
2025-09-19 20:43:12,215 [7c85452d-535d-4afd-8ce9-637c7af67bb0@group-28A5E13E86EF-StateMachineUpdater] WARN  ha.SequenceIdGenerator (SequenceIdGenerator.java:allocateBatch(248)) - Failed to allocate a batch for localId, expected lastId is 0, actual lastId is 115816896921600000.
2025-09-19 20:43:12,217 [IPC Server handler 0 on default port 15001] INFO  ha.SequenceIdGenerator (SequenceIdGenerator.java:getNextId(135)) - Allocate a batch for localId, change lastId from 115816896921600000 to 115816896921601000.
2025-09-19 20:43:12,282 [6b19ddea-00d3-43a8-b068-4376c2353d98-CreatePipelineCommandHandlerThread-0] INFO  server.RaftServer (RaftServerProxy.java:addNew(105)) - 6b19ddea-00d3-43a8-b068-4376c2353d98: addNew group-B2788E358107:[6b19ddea-00d3-43a8-b068-4376c2353d98|127.0.0.1:15063] returns group-B2788E358107:java.util.concurrent.CompletableFuture@2733045b[Not completed]
2025-09-19 20:43:12,284 [6b19ddea-00d3-43a8-b068-4376c2353d98-groupManagement] INFO  server.RaftServer$Division (RaftServerImpl.java:<init>(268)) - 6b19ddea-00d3-43a8-b068-4376c2353d98: new RaftServerImpl for group-B2788E358107:[6b19ddea-00d3-43a8-b068-4376c2353d98|127.0.0.1:15063] with ContainerStateMachine:uninitialized
2025-09-19 20:43:12,285 [6b19ddea-00d3-43a8-b068-4376c2353d98-groupManagement] INFO  server.RaftServer$Division (ServerState.java:<init>(114)) - 6b19ddea-00d3-43a8-b068-4376c2353d98@group-B2788E358107: ConfigurationManager, init=conf: {index: -1, cur=peers:[6b19ddea-00d3-43a8-b068-4376c2353d98|127.0.0.1:15063]|listeners:[], old=null}, confs=<EMPTY_MAP>
2025-09-19 20:43:12,291 [6b19ddea-00d3-43a8-b068-4376c2353d98-groupManagement] INFO  server.RaftServerConfigKeys (ConfUtils.java:logGet(62)) - raft.server.storage.dir = [/home/runner/work/ozone/ozone/hadoop-ozone/integration-test/target/test-dir/MiniOzoneClusterImpl-990002c2-bb69-4aa2-bd68-28a5e13e86ef/ozone-metadata/datanode-7/ratis] (custom)
2025-09-19 20:43:12,291 [6b19ddea-00d3-43a8-b068-4376c2353d98-groupManagement] INFO  storage.RaftStorageDirectory (RaftStorageDirectoryImpl.java:analyzeStorage(138)) - The storage directory /home/runner/work/ozone/ozone/hadoop-ozone/integration-test/target/test-dir/MiniOzoneClusterImpl-990002c2-bb69-4aa2-bd68-28a5e13e86ef/ozone-metadata/datanode-7/ratis/d2049562-6166-4268-a96f-b2788e358107 does not exist. Creating ...
2025-09-19 20:43:12,293 [ForkJoinPool-1-worker-1] INFO  impl.MetricsSystemImpl (MetricsSystemImpl.java:init(158)) - XceiverClientMetrics metrics system started (again)
2025-09-19 20:43:12,293 [6b19ddea-00d3-43a8-b068-4376c2353d98-groupManagement] INFO  storage.RaftStorageDirectory (RaftStorageDirectoryImpl.java:tryLock(229)) - Lock on /home/runner/work/ozone/ozone/hadoop-ozone/integration-test/target/test-dir/MiniOzoneClusterImpl-990002c2-bb69-4aa2-bd68-28a5e13e86ef/ozone-metadata/datanode-7/ratis/d2049562-6166-4268-a96f-b2788e358107/in_use.lock acquired by nodename 22744@localhost
2025-09-19 20:43:12,295 [6b19ddea-00d3-43a8-b068-4376c2353d98-groupManagement] INFO  storage.RaftStorage (RaftStorageImpl.java:format(98)) - Storage directory /home/runner/work/ozone/ozone/hadoop-ozone/integration-test/target/test-dir/MiniOzoneClusterImpl-990002c2-bb69-4aa2-bd68-28a5e13e86ef/ozone-metadata/datanode-7/ratis/d2049562-6166-4268-a96f-b2788e358107 has been successfully formatted.
2025-09-19 20:43:12,296 [6b19ddea-00d3-43a8-b068-4376c2353d98-groupManagement] INFO  ratis.ContainerStateMachine (ContainerStateMachine.java:initialize(339)) - 6b19ddea-00d3-43a8-b068-4376c2353d98: initialize group-B2788E358107
2025-09-19 20:43:12,296 [6b19ddea-00d3-43a8-b068-4376c2353d98-groupManagement] INFO  ratis.ContainerStateMachine (ContainerStateMachine.java:loadSnapshot(347)) - group-B2788E358107: The snapshot info is null. Setting the last applied index to:<INITIAL_VALUE>
2025-09-19 20:43:12,296 [6b19ddea-00d3-43a8-b068-4376c2353d98-groupManagement] INFO  server.RaftServerConfigKeys (ConfUtils.java:logGet(62)) - raft.server.log.appender.buffer.byte-limit = 33554432 (custom)
2025-09-19 20:43:12,299 [6b19ddea-00d3-43a8-b068-4376c2353d98-groupManagement] INFO  server.RaftServerConfigKeys (ConfUtils.java:logGet(62)) - raft.server.log.segment.size.max = 67108864 (custom)
2025-09-19 20:43:12,300 [6b19ddea-00d3-43a8-b068-4376c2353d98-groupManagement] INFO  server.RaftServerConfigKeys (ConfUtils.java:logGet(62)) - raft.server.log.appender.buffer.byte-limit = 33554432 (custom)
2025-09-19 20:43:12,300 [6b19ddea-00d3-43a8-b068-4376c2353d98-groupManagement] INFO  util.AwaitToRun (AwaitToRun.java:start(81)) - Thread[#1347,6b19ddea-00d3-43a8-b068-4376c2353d98@group-B2788E358107-cacheEviction-AwaitToRun,5,main] started
2025-09-19 20:43:12,301 [6b19ddea-00d3-43a8-b068-4376c2353d98-groupManagement] INFO  segmented.SegmentedRaftLogWorker (SegmentedRaftLogWorker.java:<init>(190)) - new 6b19ddea-00d3-43a8-b068-4376c2353d98@group-B2788E358107-SegmentedRaftLogWorker for RaftStorageImpl:Storage Directory /home/runner/work/ozone/ozone/hadoop-ozone/integration-test/target/test-dir/MiniOzoneClusterImpl-990002c2-bb69-4aa2-bd68-28a5e13e86ef/ozone-metadata/datanode-7/ratis/d2049562-6166-4268-a96f-b2788e358107
2025-09-19 20:43:12,301 [6b19ddea-00d3-43a8-b068-4376c2353d98-groupManagement] INFO  server.RaftServerConfigKeys (ConfUtils.java:logGet(62)) - raft.server.log.queue.byte-limit = 4294967296 (custom)
2025-09-19 20:43:12,302 [6b19ddea-00d3-43a8-b068-4376c2353d98-groupManagement] INFO  server.RaftServerConfigKeys (ConfUtils.java:logGet(62)) - raft.server.log.segment.size.max = 67108864 (custom)
2025-09-19 20:43:12,302 [6b19ddea-00d3-43a8-b068-4376c2353d98-groupManagement] INFO  server.RaftServerConfigKeys (ConfUtils.java:logGet(62)) - raft.server.log.preallocated.size = 4194304 (custom)
2025-09-19 20:43:12,302 [6b19ddea-00d3-43a8-b068-4376c2353d98-groupManagement] INFO  server.RaftServerConfigKeys (ConfUtils.java:logGet(62)) - raft.server.log.write.buffer.size = 33554440 (custom)
2025-09-19 20:43:12,308 [6b19ddea-00d3-43a8-b068-4376c2353d98-groupManagement] INFO  server.RaftServerConfigKeys (ConfUtils.java:logGet(62)) - raft.server.log.appender.buffer.byte-limit = 33554432 (custom)
2025-09-19 20:43:12,309 [6b19ddea-00d3-43a8-b068-4376c2353d98-groupManagement] INFO  segmented.SegmentedRaftLogWorker (SegmentedRaftLogWorker.java:lambda$new$0(141)) - 6b19ddea-00d3-43a8-b068-4376c2353d98@group-B2788E358107-SegmentedRaftLogWorker: flushIndex: setUnconditionally 0 -> -1
2025-09-19 20:43:12,310 [6b19ddea-00d3-43a8-b068-4376c2353d98-groupManagement] INFO  segmented.SegmentedRaftLogWorker (SegmentedRaftLogWorker.java:lambda$new$0(141)) - 6b19ddea-00d3-43a8-b068-4376c2353d98@group-B2788E358107-SegmentedRaftLogWorker: safeCacheEvictIndex: setUnconditionally 0 -> -1
2025-09-19 20:43:12,310 [6b19ddea-00d3-43a8-b068-4376c2353d98-groupManagement] INFO  server.RaftServer$Division (RaftServerImpl.java:start(405)) - 6b19ddea-00d3-43a8-b068-4376c2353d98@group-B2788E358107: start as a follower, conf=conf: {index: -1, cur=peers:[6b19ddea-00d3-43a8-b068-4376c2353d98|127.0.0.1:15063]|listeners:[], old=null}
2025-09-19 20:43:12,311 [6b19ddea-00d3-43a8-b068-4376c2353d98-groupManagement] INFO  server.RaftServer$Division (RaftServerImpl.java:setRole(392)) - 6b19ddea-00d3-43a8-b068-4376c2353d98@group-B2788E358107: changes role from      null to FOLLOWER at term 0 for startAsFollower
2025-09-19 20:43:12,311 [6b19ddea-00d3-43a8-b068-4376c2353d98-groupManagement] INFO  impl.RoleInfo (RoleInfo.java:updateAndGet(148)) - 6b19ddea-00d3-43a8-b068-4376c2353d98: start 6b19ddea-00d3-43a8-b068-4376c2353d98@group-B2788E358107-FollowerState
2025-09-19 20:43:12,312 [EventQueue-PipelineReportForPipelineReportHandler] INFO  pipeline.PipelineReportHandler (PipelineReportHandler.java:processPipelineReport(132)) - Opened pipeline Pipeline-d2049562-6166-4268-a96f-b2788e358107
2025-09-19 20:43:12,315 [6b19ddea-00d3-43a8-b068-4376c2353d98-groupManagement] INFO  util.JmxRegister (JmxRegister.java:tryRegister(44)) - Successfully registered JMX Bean with object name Ratis:service=RaftServer,group=group-B2788E358107,id=6b19ddea-00d3-43a8-b068-4376c2353d98
2025-09-19 20:43:12,315 [6b19ddea-00d3-43a8-b068-4376c2353d98-groupManagement] INFO  util.JmxRegister (JmxRegister.java:register(58)) - register mxBean class org.apache.ratis.server.impl.RaftServerJmxAdapter as Ratis:service=RaftServer,group=group-B2788E358107,id=6b19ddea-00d3-43a8-b068-4376c2353d98
2025-09-19 20:43:12,316 [6b19ddea-00d3-43a8-b068-4376c2353d98-groupManagement] INFO  server.RaftServer$Division (RaftServerImpl.java:start(419)) - 6b19ddea-00d3-43a8-b068-4376c2353d98@group-B2788E358107: Successfully started.
2025-09-19 20:43:12,316 [6b19ddea-00d3-43a8-b068-4376c2353d98-CreatePipelineCommandHandlerThread-0] INFO  ratis.XceiverServerRatis (XceiverServerRatis.java:addGroup(841)) - Created group Pipeline-d2049562-6166-4268-a96f-b2788e358107
2025-09-19 20:43:12,316 [6b19ddea-00d3-43a8-b068-4376c2353d98-CreatePipelineCommandHandlerThread-0] INFO  commandhandler.CreatePipelineCommandHandler (CreatePipelineCommandHandler.java:lambda$handle$2(141)) - Created Pipeline RATIS ONE Pipeline-d2049562-6166-4268-a96f-b2788e358107.
2025-09-19 20:43:12,317 [6b19ddea-00d3-43a8-b068-4376c2353d98-CreatePipelineCommandHandlerThread-0] INFO  server.RaftServer (RaftServerProxy.java:addNew(105)) - 6b19ddea-00d3-43a8-b068-4376c2353d98: addNew group-12B25595B918:[6b19ddea-00d3-43a8-b068-4376c2353d98|127.0.0.1:15063, 76f4805b-b51d-4900-95ce-acf873710621|127.0.0.1:15071, 2e0fa00c-f693-49a3-a365-75c51b8c5b45|127.0.0.1:15079] returns group-12B25595B918:java.util.concurrent.CompletableFuture@350411[Not completed]
2025-09-19 20:43:12,318 [6b19ddea-00d3-43a8-b068-4376c2353d98-groupManagement] INFO  server.RaftServer$Division (RaftServerImpl.java:<init>(268)) - 6b19ddea-00d3-43a8-b068-4376c2353d98: new RaftServerImpl for group-12B25595B918:[6b19ddea-00d3-43a8-b068-4376c2353d98|127.0.0.1:15063, 76f4805b-b51d-4900-95ce-acf873710621|127.0.0.1:15071, 2e0fa00c-f693-49a3-a365-75c51b8c5b45|127.0.0.1:15079] with ContainerStateMachine:uninitialized
2025-09-19 20:43:12,320 [6b19ddea-00d3-43a8-b068-4376c2353d98-groupManagement] INFO  server.RaftServer$Division (ServerState.java:<init>(114)) - 6b19ddea-00d3-43a8-b068-4376c2353d98@group-12B25595B918: ConfigurationManager, init=conf: {index: -1, cur=peers:[6b19ddea-00d3-43a8-b068-4376c2353d98|127.0.0.1:15063, 76f4805b-b51d-4900-95ce-acf873710621|127.0.0.1:15071, 2e0fa00c-f693-49a3-a365-75c51b8c5b45|127.0.0.1:15079]|listeners:[], old=null}, confs=<EMPTY_MAP>
2025-09-19 20:43:12,325 [6b19ddea-00d3-43a8-b068-4376c2353d98-groupManagement] INFO  storage.RaftStorageDirectory (RaftStorageDirectoryImpl.java:analyzeStorage(138)) - The storage directory /home/runner/work/ozone/ozone/hadoop-ozone/integration-test/target/test-dir/MiniOzoneClusterImpl-990002c2-bb69-4aa2-bd68-28a5e13e86ef/ozone-metadata/datanode-7/ratis/4be8751e-44e4-405a-85cf-12b25595b918 does not exist. Creating ...
2025-09-19 20:43:12,326 [6b19ddea-00d3-43a8-b068-4376c2353d98-groupManagement] INFO  storage.RaftStorageDirectory (RaftStorageDirectoryImpl.java:tryLock(229)) - Lock on /home/runner/work/ozone/ozone/hadoop-ozone/integration-test/target/test-dir/MiniOzoneClusterImpl-990002c2-bb69-4aa2-bd68-28a5e13e86ef/ozone-metadata/datanode-7/ratis/4be8751e-44e4-405a-85cf-12b25595b918/in_use.lock acquired by nodename 22744@localhost
2025-09-19 20:43:12,328 [6b19ddea-00d3-43a8-b068-4376c2353d98-groupManagement] INFO  storage.RaftStorage (RaftStorageImpl.java:format(98)) - Storage directory /home/runner/work/ozone/ozone/hadoop-ozone/integration-test/target/test-dir/MiniOzoneClusterImpl-990002c2-bb69-4aa2-bd68-28a5e13e86ef/ozone-metadata/datanode-7/ratis/4be8751e-44e4-405a-85cf-12b25595b918 has been successfully formatted.
2025-09-19 20:43:12,329 [6b19ddea-00d3-43a8-b068-4376c2353d98-groupManagement] INFO  ratis.ContainerStateMachine (ContainerStateMachine.java:initialize(339)) - 6b19ddea-00d3-43a8-b068-4376c2353d98: initialize group-12B25595B918
2025-09-19 20:43:12,329 [6b19ddea-00d3-43a8-b068-4376c2353d98-groupManagement] INFO  ratis.ContainerStateMachine (ContainerStateMachine.java:loadSnapshot(347)) - group-12B25595B918: The snapshot info is null. Setting the last applied index to:<INITIAL_VALUE>
2025-09-19 20:43:12,329 [6b19ddea-00d3-43a8-b068-4376c2353d98-groupManagement] INFO  server.RaftServerConfigKeys (ConfUtils.java:logGet(62)) - raft.server.log.appender.buffer.byte-limit = 33554432 (custom)
2025-09-19 20:43:12,334 [6b19ddea-00d3-43a8-b068-4376c2353d98-groupManagement] INFO  server.RaftServerConfigKeys (ConfUtils.java:logGet(62)) - raft.server.log.segment.size.max = 67108864 (custom)
2025-09-19 20:43:12,335 [6b19ddea-00d3-43a8-b068-4376c2353d98-groupManagement] INFO  server.RaftServerConfigKeys (ConfUtils.java:logGet(62)) - raft.server.log.appender.buffer.byte-limit = 33554432 (custom)
2025-09-19 20:43:12,337 [6b19ddea-00d3-43a8-b068-4376c2353d98-groupManagement] INFO  util.AwaitToRun (AwaitToRun.java:start(81)) - Thread[#1351,6b19ddea-00d3-43a8-b068-4376c2353d98@group-12B25595B918-cacheEviction-AwaitToRun,5,main] started
2025-09-19 20:43:12,337 [6b19ddea-00d3-43a8-b068-4376c2353d98-groupManagement] INFO  segmented.SegmentedRaftLogWorker (SegmentedRaftLogWorker.java:<init>(190)) - new 6b19ddea-00d3-43a8-b068-4376c2353d98@group-12B25595B918-SegmentedRaftLogWorker for RaftStorageImpl:Storage Directory /home/runner/work/ozone/ozone/hadoop-ozone/integration-test/target/test-dir/MiniOzoneClusterImpl-990002c2-bb69-4aa2-bd68-28a5e13e86ef/ozone-metadata/datanode-7/ratis/4be8751e-44e4-405a-85cf-12b25595b918
2025-09-19 20:43:12,337 [6b19ddea-00d3-43a8-b068-4376c2353d98-groupManagement] INFO  server.RaftServerConfigKeys (ConfUtils.java:logGet(62)) - raft.server.log.queue.byte-limit = 4294967296 (custom)
2025-09-19 20:43:12,337 [6b19ddea-00d3-43a8-b068-4376c2353d98-groupManagement] INFO  server.RaftServerConfigKeys (ConfUtils.java:logGet(62)) - raft.server.log.segment.size.max = 67108864 (custom)
2025-09-19 20:43:12,337 [6b19ddea-00d3-43a8-b068-4376c2353d98-groupManagement] INFO  server.RaftServerConfigKeys (ConfUtils.java:logGet(62)) - raft.server.log.preallocated.size = 4194304 (custom)
2025-09-19 20:43:12,338 [6b19ddea-00d3-43a8-b068-4376c2353d98-groupManagement] INFO  server.RaftServerConfigKeys (ConfUtils.java:logGet(62)) - raft.server.log.write.buffer.size = 33554440 (custom)
2025-09-19 20:43:12,348 [6b19ddea-00d3-43a8-b068-4376c2353d98-groupManagement] INFO  server.RaftServerConfigKeys (ConfUtils.java:logGet(62)) - raft.server.log.appender.buffer.byte-limit = 33554432 (custom)
2025-09-19 20:43:12,349 [6b19ddea-00d3-43a8-b068-4376c2353d98-groupManagement] INFO  segmented.SegmentedRaftLogWorker (SegmentedRaftLogWorker.java:lambda$new$0(141)) - 6b19ddea-00d3-43a8-b068-4376c2353d98@group-12B25595B918-SegmentedRaftLogWorker: flushIndex: setUnconditionally 0 -> -1
2025-09-19 20:43:12,349 [6b19ddea-00d3-43a8-b068-4376c2353d98-groupManagement] INFO  segmented.SegmentedRaftLogWorker (SegmentedRaftLogWorker.java:lambda$new$0(141)) - 6b19ddea-00d3-43a8-b068-4376c2353d98@group-12B25595B918-SegmentedRaftLogWorker: safeCacheEvictIndex: setUnconditionally 0 -> -1
2025-09-19 20:43:12,350 [6b19ddea-00d3-43a8-b068-4376c2353d98-groupManagement] INFO  server.RaftServer$Division (RaftServerImpl.java:start(405)) - 6b19ddea-00d3-43a8-b068-4376c2353d98@group-12B25595B918: start as a follower, conf=conf: {index: -1, cur=peers:[6b19ddea-00d3-43a8-b068-4376c2353d98|127.0.0.1:15063, 76f4805b-b51d-4900-95ce-acf873710621|127.0.0.1:15071, 2e0fa00c-f693-49a3-a365-75c51b8c5b45|127.0.0.1:15079]|listeners:[], old=null}
2025-09-19 20:43:12,350 [6b19ddea-00d3-43a8-b068-4376c2353d98-groupManagement] INFO  server.RaftServer$Division (RaftServerImpl.java:setRole(392)) - 6b19ddea-00d3-43a8-b068-4376c2353d98@group-12B25595B918: changes role from      null to FOLLOWER at term 0 for startAsFollower
2025-09-19 20:43:12,350 [6b19ddea-00d3-43a8-b068-4376c2353d98-groupManagement] INFO  impl.RoleInfo (RoleInfo.java:updateAndGet(148)) - 6b19ddea-00d3-43a8-b068-4376c2353d98: start 6b19ddea-00d3-43a8-b068-4376c2353d98@group-12B25595B918-FollowerState
2025-09-19 20:43:12,352 [6b19ddea-00d3-43a8-b068-4376c2353d98-groupManagement] INFO  util.JmxRegister (JmxRegister.java:tryRegister(44)) - Successfully registered JMX Bean with object name Ratis:service=RaftServer,group=group-12B25595B918,id=6b19ddea-00d3-43a8-b068-4376c2353d98
2025-09-19 20:43:12,352 [6b19ddea-00d3-43a8-b068-4376c2353d98-groupManagement] INFO  util.JmxRegister (JmxRegister.java:register(58)) - register mxBean class org.apache.ratis.server.impl.RaftServerJmxAdapter as Ratis:service=RaftServer,group=group-12B25595B918,id=6b19ddea-00d3-43a8-b068-4376c2353d98
2025-09-19 20:43:12,353 [6b19ddea-00d3-43a8-b068-4376c2353d98-groupManagement] INFO  server.RaftServer$Division (RaftServerImpl.java:start(419)) - 6b19ddea-00d3-43a8-b068-4376c2353d98@group-12B25595B918: Successfully started.
2025-09-19 20:43:12,354 [6b19ddea-00d3-43a8-b068-4376c2353d98-CreatePipelineCommandHandlerThread-0] INFO  ratis.XceiverServerRatis (XceiverServerRatis.java:addGroup(841)) - Created group Pipeline-4be8751e-44e4-405a-85cf-12b25595b918
2025-09-19 20:43:12,370 [grpc-default-executor-3] INFO  server.RaftServer (RaftServerProxy.java:addNew(105)) - 76f4805b-b51d-4900-95ce-acf873710621: addNew group-12B25595B918:[6b19ddea-00d3-43a8-b068-4376c2353d98|127.0.0.1:15063, 76f4805b-b51d-4900-95ce-acf873710621|127.0.0.1:15071, 2e0fa00c-f693-49a3-a365-75c51b8c5b45|127.0.0.1:15079] returns group-12B25595B918:java.util.concurrent.CompletableFuture@4ee0639c[Not completed]
2025-09-19 20:43:12,372 [76f4805b-b51d-4900-95ce-acf873710621-groupManagement] INFO  server.RaftServer$Division (RaftServerImpl.java:<init>(268)) - 76f4805b-b51d-4900-95ce-acf873710621: new RaftServerImpl for group-12B25595B918:[6b19ddea-00d3-43a8-b068-4376c2353d98|127.0.0.1:15063, 76f4805b-b51d-4900-95ce-acf873710621|127.0.0.1:15071, 2e0fa00c-f693-49a3-a365-75c51b8c5b45|127.0.0.1:15079] with ContainerStateMachine:uninitialized
2025-09-19 20:43:12,372 [76f4805b-b51d-4900-95ce-acf873710621-groupManagement] INFO  server.RaftServer$Division (ServerState.java:<init>(114)) - 76f4805b-b51d-4900-95ce-acf873710621@group-12B25595B918: ConfigurationManager, init=conf: {index: -1, cur=peers:[6b19ddea-00d3-43a8-b068-4376c2353d98|127.0.0.1:15063, 76f4805b-b51d-4900-95ce-acf873710621|127.0.0.1:15071, 2e0fa00c-f693-49a3-a365-75c51b8c5b45|127.0.0.1:15079]|listeners:[], old=null}, confs=<EMPTY_MAP>
2025-09-19 20:43:12,372 [b5a25cc1-46d3-4381-a194-bd68f4526f1c@group-88B5B3DD1307-FollowerState] INFO  impl.FollowerState (FollowerState.java:runImpl(161)) - b5a25cc1-46d3-4381-a194-bd68f4526f1c@group-88B5B3DD1307-FollowerState: change to CANDIDATE, lastRpcElapsedTime:1183070308ns, electionTimeout:1182ms
2025-09-19 20:43:12,373 [b5a25cc1-46d3-4381-a194-bd68f4526f1c@group-88B5B3DD1307-FollowerState] INFO  impl.RoleInfo (RoleInfo.java:shutdownFollowerState(121)) - b5a25cc1-46d3-4381-a194-bd68f4526f1c: shutdown b5a25cc1-46d3-4381-a194-bd68f4526f1c@group-88B5B3DD1307-FollowerState
2025-09-19 20:43:12,373 [b5a25cc1-46d3-4381-a194-bd68f4526f1c@group-88B5B3DD1307-FollowerState] INFO  server.RaftServer$Division (RaftServerImpl.java:setRole(392)) - b5a25cc1-46d3-4381-a194-bd68f4526f1c@group-88B5B3DD1307: changes role from  FOLLOWER to CANDIDATE at term 0 for changeToCandidate
2025-09-19 20:43:12,373 [b5a25cc1-46d3-4381-a194-bd68f4526f1c@group-88B5B3DD1307-FollowerState] INFO  impl.RoleInfo (RoleInfo.java:updateAndGet(148)) - b5a25cc1-46d3-4381-a194-bd68f4526f1c: start b5a25cc1-46d3-4381-a194-bd68f4526f1c@group-88B5B3DD1307-LeaderElection10
2025-09-19 20:43:12,374 [b5a25cc1-46d3-4381-a194-bd68f4526f1c@group-88B5B3DD1307-LeaderElection10] INFO  impl.LeaderElection (LeaderElection.java:askForVotes(448)) - b5a25cc1-46d3-4381-a194-bd68f4526f1c@group-88B5B3DD1307-LeaderElection10 PRE_VOTE round 0: submit vote requests at term 0 for conf: {index: -1, cur=peers:[b5a25cc1-46d3-4381-a194-bd68f4526f1c|127.0.0.1:15031]|listeners:[], old=null}
2025-09-19 20:43:12,374 [b5a25cc1-46d3-4381-a194-bd68f4526f1c@group-88B5B3DD1307-LeaderElection10] INFO  impl.LeaderElection (LeaderElection.java:askForVotes(450)) - b5a25cc1-46d3-4381-a194-bd68f4526f1c@group-88B5B3DD1307-LeaderElection10 PRE_VOTE round 0: result PASSED (term=0)
2025-09-19 20:43:12,376 [b5a25cc1-46d3-4381-a194-bd68f4526f1c@group-88B5B3DD1307-LeaderElection10] INFO  impl.LeaderElection (LeaderElection.java:askForVotes(448)) - b5a25cc1-46d3-4381-a194-bd68f4526f1c@group-88B5B3DD1307-LeaderElection10 ELECTION round 0: submit vote requests at term 1 for conf: {index: -1, cur=peers:[b5a25cc1-46d3-4381-a194-bd68f4526f1c|127.0.0.1:15031]|listeners:[], old=null}
2025-09-19 20:43:12,376 [b5a25cc1-46d3-4381-a194-bd68f4526f1c@group-88B5B3DD1307-LeaderElection10] INFO  impl.LeaderElection (LeaderElection.java:askForVotes(450)) - b5a25cc1-46d3-4381-a194-bd68f4526f1c@group-88B5B3DD1307-LeaderElection10 ELECTION round 0: result PASSED (term=1)
2025-09-19 20:43:12,376 [b5a25cc1-46d3-4381-a194-bd68f4526f1c@group-88B5B3DD1307-LeaderElection10] INFO  impl.RoleInfo (RoleInfo.java:shutdownLeaderElection(141)) - b5a25cc1-46d3-4381-a194-bd68f4526f1c: shutdown b5a25cc1-46d3-4381-a194-bd68f4526f1c@group-88B5B3DD1307-LeaderElection10
2025-09-19 20:43:12,376 [b5a25cc1-46d3-4381-a194-bd68f4526f1c@group-88B5B3DD1307-LeaderElection10] INFO  server.RaftServer$Division (RaftServerImpl.java:setRole(392)) - b5a25cc1-46d3-4381-a194-bd68f4526f1c@group-88B5B3DD1307: changes role from CANDIDATE to LEADER at term 1 for changeToLeader
2025-09-19 20:43:12,379 [b5a25cc1-46d3-4381-a194-bd68f4526f1c@group-88B5B3DD1307-LeaderElection10] INFO  server.RaftServerConfigKeys (ConfUtils.java:logFallback(69)) - raft.server.staging.timeout = 3600ms (fallback to raft.server.rpc.timeout.max)
2025-09-19 20:43:12,380 [76f4805b-b51d-4900-95ce-acf873710621-groupManagement] INFO  server.RaftServerConfigKeys (ConfUtils.java:logGet(62)) - raft.server.storage.dir = [/home/runner/work/ozone/ozone/hadoop-ozone/integration-test/target/test-dir/MiniOzoneClusterImpl-990002c2-bb69-4aa2-bd68-28a5e13e86ef/ozone-metadata/datanode-8/ratis] (custom)
2025-09-19 20:43:12,381 [76f4805b-b51d-4900-95ce-acf873710621-groupManagement] INFO  storage.RaftStorageDirectory (RaftStorageDirectoryImpl.java:analyzeStorage(138)) - The storage directory /home/runner/work/ozone/ozone/hadoop-ozone/integration-test/target/test-dir/MiniOzoneClusterImpl-990002c2-bb69-4aa2-bd68-28a5e13e86ef/ozone-metadata/datanode-8/ratis/4be8751e-44e4-405a-85cf-12b25595b918 does not exist. Creating ...
2025-09-19 20:43:12,380 [b5a25cc1-46d3-4381-a194-bd68f4526f1c@group-88B5B3DD1307-LeaderElection10] INFO  server.RaftServerConfigKeys (ConfUtils.java:logGet(62)) - raft.server.write.byte-limit = 1024 M (=1073741824) (custom)
2025-09-19 20:43:12,382 [76f4805b-b51d-4900-95ce-acf873710621-groupManagement] INFO  storage.RaftStorageDirectory (RaftStorageDirectoryImpl.java:tryLock(229)) - Lock on /home/runner/work/ozone/ozone/hadoop-ozone/integration-test/target/test-dir/MiniOzoneClusterImpl-990002c2-bb69-4aa2-bd68-28a5e13e86ef/ozone-metadata/datanode-8/ratis/4be8751e-44e4-405a-85cf-12b25595b918/in_use.lock acquired by nodename 22744@localhost
2025-09-19 20:43:12,382 [b5a25cc1-46d3-4381-a194-bd68f4526f1c@group-88B5B3DD1307-LeaderElection10] INFO  impl.RoleInfo (RoleInfo.java:updateAndGet(148)) - b5a25cc1-46d3-4381-a194-bd68f4526f1c: start b5a25cc1-46d3-4381-a194-bd68f4526f1c@group-88B5B3DD1307-LeaderStateImpl
2025-09-19 20:43:12,383 [b5a25cc1-46d3-4381-a194-bd68f4526f1c@group-88B5B3DD1307-LeaderElection10] INFO  server.RaftServer$Division (RaftServerImpl.java:setFirstElection(576)) - b5a25cc1-46d3-4381-a194-bd68f4526f1c@group-88B5B3DD1307: set firstElectionSinceStartup to false for becomeLeader
2025-09-19 20:43:12,383 [b5a25cc1-46d3-4381-a194-bd68f4526f1c@group-88B5B3DD1307-LeaderElection10] INFO  ratis.XceiverServerRatis (XceiverServerRatis.java:handleLeaderChangedNotification(942)) - Leader change notification received for group: group-88B5B3DD1307 with new leaderId: b5a25cc1-46d3-4381-a194-bd68f4526f1c
2025-09-19 20:43:12,384 [76f4805b-b51d-4900-95ce-acf873710621-groupManagement] INFO  storage.RaftStorage (RaftStorageImpl.java:format(98)) - Storage directory /home/runner/work/ozone/ozone/hadoop-ozone/integration-test/target/test-dir/MiniOzoneClusterImpl-990002c2-bb69-4aa2-bd68-28a5e13e86ef/ozone-metadata/datanode-8/ratis/4be8751e-44e4-405a-85cf-12b25595b918 has been successfully formatted.
2025-09-19 20:43:12,384 [76f4805b-b51d-4900-95ce-acf873710621-groupManagement] INFO  ratis.ContainerStateMachine (ContainerStateMachine.java:initialize(339)) - 76f4805b-b51d-4900-95ce-acf873710621: initialize group-12B25595B918
2025-09-19 20:43:12,384 [76f4805b-b51d-4900-95ce-acf873710621-groupManagement] INFO  ratis.ContainerStateMachine (ContainerStateMachine.java:loadSnapshot(347)) - group-12B25595B918: The snapshot info is null. Setting the last applied index to:<INITIAL_VALUE>
2025-09-19 20:43:12,385 [76f4805b-b51d-4900-95ce-acf873710621-groupManagement] INFO  server.RaftServerConfigKeys (ConfUtils.java:logGet(62)) - raft.server.log.appender.buffer.byte-limit = 33554432 (custom)
2025-09-19 20:43:12,386 [b5a25cc1-46d3-4381-a194-bd68f4526f1c@group-88B5B3DD1307-LeaderElection10] INFO  server.RaftServer$Division (ServerState.java:setLeader(272)) - b5a25cc1-46d3-4381-a194-bd68f4526f1c@group-88B5B3DD1307: change Leader from null to b5a25cc1-46d3-4381-a194-bd68f4526f1c at term 1 for becomeLeader, leader elected after 1215ms
2025-09-19 20:43:12,386 [b5a25cc1-46d3-4381-a194-bd68f4526f1c@group-88B5B3DD1307-LeaderElection10] INFO  segmented.SegmentedRaftLogWorker (SegmentedRaftLogWorker.java:startLogSegment(440)) - b5a25cc1-46d3-4381-a194-bd68f4526f1c@group-88B5B3DD1307-SegmentedRaftLogWorker: Starting segment from index:0
2025-09-19 20:43:12,386 [b5a25cc1-46d3-4381-a194-bd68f4526f1c@group-88B5B3DD1307-LeaderElection10] INFO  server.RaftServer$Division (ServerState.java:setRaftConf(386)) - b5a25cc1-46d3-4381-a194-bd68f4526f1c@group-88B5B3DD1307: set configuration conf: {index: 0, cur=peers:[b5a25cc1-46d3-4381-a194-bd68f4526f1c|127.0.0.1:15031]|listeners:[], old=null}
2025-09-19 20:43:12,389 [b5a25cc1-46d3-4381-a194-bd68f4526f1c@group-88B5B3DD1307-SegmentedRaftLogWorker] INFO  segmented.BufferedWriteChannel (BufferedWriteChannel.java:open(61)) - open log_inprogress_0 at position 0
2025-09-19 20:43:12,390 [76f4805b-b51d-4900-95ce-acf873710621-groupManagement] INFO  server.RaftServerConfigKeys (ConfUtils.java:logGet(62)) - raft.server.log.segment.size.max = 67108864 (custom)
2025-09-19 20:43:12,391 [76f4805b-b51d-4900-95ce-acf873710621-groupManagement] INFO  server.RaftServerConfigKeys (ConfUtils.java:logGet(62)) - raft.server.log.appender.buffer.byte-limit = 33554432 (custom)
2025-09-19 20:43:12,392 [76f4805b-b51d-4900-95ce-acf873710621-groupManagement] INFO  util.AwaitToRun (AwaitToRun.java:start(81)) - Thread[#1358,76f4805b-b51d-4900-95ce-acf873710621@group-12B25595B918-cacheEviction-AwaitToRun,5,main] started
2025-09-19 20:43:12,392 [76f4805b-b51d-4900-95ce-acf873710621-groupManagement] INFO  segmented.SegmentedRaftLogWorker (SegmentedRaftLogWorker.java:<init>(190)) - new 76f4805b-b51d-4900-95ce-acf873710621@group-12B25595B918-SegmentedRaftLogWorker for RaftStorageImpl:Storage Directory /home/runner/work/ozone/ozone/hadoop-ozone/integration-test/target/test-dir/MiniOzoneClusterImpl-990002c2-bb69-4aa2-bd68-28a5e13e86ef/ozone-metadata/datanode-8/ratis/4be8751e-44e4-405a-85cf-12b25595b918
2025-09-19 20:43:12,392 [76f4805b-b51d-4900-95ce-acf873710621-groupManagement] INFO  server.RaftServerConfigKeys (ConfUtils.java:logGet(62)) - raft.server.log.queue.byte-limit = 4294967296 (custom)
2025-09-19 20:43:12,392 [76f4805b-b51d-4900-95ce-acf873710621-groupManagement] INFO  server.RaftServerConfigKeys (ConfUtils.java:logGet(62)) - raft.server.log.segment.size.max = 67108864 (custom)
2025-09-19 20:43:12,392 [76f4805b-b51d-4900-95ce-acf873710621-groupManagement] INFO  server.RaftServerConfigKeys (ConfUtils.java:logGet(62)) - raft.server.log.preallocated.size = 4194304 (custom)
2025-09-19 20:43:12,393 [76f4805b-b51d-4900-95ce-acf873710621-groupManagement] INFO  server.RaftServerConfigKeys (ConfUtils.java:logGet(62)) - raft.server.log.write.buffer.size = 33554440 (custom)
2025-09-19 20:43:12,398 [b5a25cc1-46d3-4381-a194-bd68f4526f1c@group-88B5B3DD1307-SegmentedRaftLogWorker] INFO  segmented.SegmentedRaftLogWorker (SegmentedRaftLogWorker.java:execute(647)) - b5a25cc1-46d3-4381-a194-bd68f4526f1c@group-88B5B3DD1307-SegmentedRaftLogWorker: created new log segment /home/runner/work/ozone/ozone/hadoop-ozone/integration-test/target/test-dir/MiniOzoneClusterImpl-990002c2-bb69-4aa2-bd68-28a5e13e86ef/ozone-metadata/datanode-3/ratis/7b6acda8-b144-4fc3-891d-88b5b3dd1307/current/log_inprogress_0
2025-09-19 20:43:12,399 [76f4805b-b51d-4900-95ce-acf873710621-groupManagement] INFO  server.RaftServerConfigKeys (ConfUtils.java:logGet(62)) - raft.server.log.appender.buffer.byte-limit = 33554432 (custom)
2025-09-19 20:43:12,399 [76f4805b-b51d-4900-95ce-acf873710621-groupManagement] INFO  segmented.SegmentedRaftLogWorker (SegmentedRaftLogWorker.java:lambda$new$0(141)) - 76f4805b-b51d-4900-95ce-acf873710621@group-12B25595B918-SegmentedRaftLogWorker: flushIndex: setUnconditionally 0 -> -1
2025-09-19 20:43:12,399 [76f4805b-b51d-4900-95ce-acf873710621-groupManagement] INFO  segmented.SegmentedRaftLogWorker (SegmentedRaftLogWorker.java:lambda$new$0(141)) - 76f4805b-b51d-4900-95ce-acf873710621@group-12B25595B918-SegmentedRaftLogWorker: safeCacheEvictIndex: setUnconditionally 0 -> -1
2025-09-19 20:43:12,400 [76f4805b-b51d-4900-95ce-acf873710621-groupManagement] INFO  server.RaftServer$Division (RaftServerImpl.java:start(405)) - 76f4805b-b51d-4900-95ce-acf873710621@group-12B25595B918: start as a follower, conf=conf: {index: -1, cur=peers:[6b19ddea-00d3-43a8-b068-4376c2353d98|127.0.0.1:15063, 76f4805b-b51d-4900-95ce-acf873710621|127.0.0.1:15071, 2e0fa00c-f693-49a3-a365-75c51b8c5b45|127.0.0.1:15079]|listeners:[], old=null}
2025-09-19 20:43:12,400 [76f4805b-b51d-4900-95ce-acf873710621-groupManagement] INFO  server.RaftServer$Division (RaftServerImpl.java:setRole(392)) - 76f4805b-b51d-4900-95ce-acf873710621@group-12B25595B918: changes role from      null to FOLLOWER at term 0 for startAsFollower
2025-09-19 20:43:12,400 [76f4805b-b51d-4900-95ce-acf873710621-groupManagement] INFO  impl.RoleInfo (RoleInfo.java:updateAndGet(148)) - 76f4805b-b51d-4900-95ce-acf873710621: start 76f4805b-b51d-4900-95ce-acf873710621@group-12B25595B918-FollowerState
2025-09-19 20:43:12,401 [76f4805b-b51d-4900-95ce-acf873710621-groupManagement] INFO  util.JmxRegister (JmxRegister.java:tryRegister(44)) - Successfully registered JMX Bean with object name Ratis:service=RaftServer,group=group-12B25595B918,id=76f4805b-b51d-4900-95ce-acf873710621
2025-09-19 20:43:12,401 [76f4805b-b51d-4900-95ce-acf873710621-groupManagement] INFO  util.JmxRegister (JmxRegister.java:register(58)) - register mxBean class org.apache.ratis.server.impl.RaftServerJmxAdapter as Ratis:service=RaftServer,group=group-12B25595B918,id=76f4805b-b51d-4900-95ce-acf873710621
2025-09-19 20:43:12,401 [b5a25cc1-46d3-4381-a194-bd68f4526f1c@group-88B5B3DD1307-StateMachineUpdater] INFO  server.RaftServer$Division (LeaderStateImpl.java:checkStartIndex(309)) - Leader b5a25cc1-46d3-4381-a194-bd68f4526f1c@group-88B5B3DD1307-LeaderStateImpl is ready since appliedIndex == startIndex == 0
2025-09-19 20:43:12,402 [76f4805b-b51d-4900-95ce-acf873710621-groupManagement] INFO  server.RaftServer$Division (RaftServerImpl.java:start(419)) - 76f4805b-b51d-4900-95ce-acf873710621@group-12B25595B918: Successfully started.
2025-09-19 20:43:12,416 [grpc-default-executor-3] INFO  server.RaftServer (RaftServerProxy.java:addNew(105)) - 2e0fa00c-f693-49a3-a365-75c51b8c5b45: addNew group-12B25595B918:[6b19ddea-00d3-43a8-b068-4376c2353d98|127.0.0.1:15063, 76f4805b-b51d-4900-95ce-acf873710621|127.0.0.1:15071, 2e0fa00c-f693-49a3-a365-75c51b8c5b45|127.0.0.1:15079] returns group-12B25595B918:java.util.concurrent.CompletableFuture@47ab3343[Not completed]
2025-09-19 20:43:12,418 [2e0fa00c-f693-49a3-a365-75c51b8c5b45-groupManagement] INFO  server.RaftServer$Division (RaftServerImpl.java:<init>(268)) - 2e0fa00c-f693-49a3-a365-75c51b8c5b45: new RaftServerImpl for group-12B25595B918:[6b19ddea-00d3-43a8-b068-4376c2353d98|127.0.0.1:15063, 76f4805b-b51d-4900-95ce-acf873710621|127.0.0.1:15071, 2e0fa00c-f693-49a3-a365-75c51b8c5b45|127.0.0.1:15079] with ContainerStateMachine:uninitialized
2025-09-19 20:43:12,419 [2e0fa00c-f693-49a3-a365-75c51b8c5b45-groupManagement] INFO  server.RaftServer$Division (ServerState.java:<init>(114)) - 2e0fa00c-f693-49a3-a365-75c51b8c5b45@group-12B25595B918: ConfigurationManager, init=conf: {index: -1, cur=peers:[6b19ddea-00d3-43a8-b068-4376c2353d98|127.0.0.1:15063, 76f4805b-b51d-4900-95ce-acf873710621|127.0.0.1:15071, 2e0fa00c-f693-49a3-a365-75c51b8c5b45|127.0.0.1:15079]|listeners:[], old=null}, confs=<EMPTY_MAP>
2025-09-19 20:43:12,423 [2e0fa00c-f693-49a3-a365-75c51b8c5b45-groupManagement] INFO  server.RaftServerConfigKeys (ConfUtils.java:logGet(62)) - raft.server.storage.dir = [/home/runner/work/ozone/ozone/hadoop-ozone/integration-test/target/test-dir/MiniOzoneClusterImpl-990002c2-bb69-4aa2-bd68-28a5e13e86ef/ozone-metadata/datanode-9/ratis] (custom)
2025-09-19 20:43:12,424 [2e0fa00c-f693-49a3-a365-75c51b8c5b45-groupManagement] INFO  storage.RaftStorageDirectory (RaftStorageDirectoryImpl.java:analyzeStorage(138)) - The storage directory /home/runner/work/ozone/ozone/hadoop-ozone/integration-test/target/test-dir/MiniOzoneClusterImpl-990002c2-bb69-4aa2-bd68-28a5e13e86ef/ozone-metadata/datanode-9/ratis/4be8751e-44e4-405a-85cf-12b25595b918 does not exist. Creating ...
2025-09-19 20:43:12,425 [2e0fa00c-f693-49a3-a365-75c51b8c5b45-groupManagement] INFO  storage.RaftStorageDirectory (RaftStorageDirectoryImpl.java:tryLock(229)) - Lock on /home/runner/work/ozone/ozone/hadoop-ozone/integration-test/target/test-dir/MiniOzoneClusterImpl-990002c2-bb69-4aa2-bd68-28a5e13e86ef/ozone-metadata/datanode-9/ratis/4be8751e-44e4-405a-85cf-12b25595b918/in_use.lock acquired by nodename 22744@localhost
2025-09-19 20:43:12,426 [2e0fa00c-f693-49a3-a365-75c51b8c5b45-groupManagement] INFO  storage.RaftStorage (RaftStorageImpl.java:format(98)) - Storage directory /home/runner/work/ozone/ozone/hadoop-ozone/integration-test/target/test-dir/MiniOzoneClusterImpl-990002c2-bb69-4aa2-bd68-28a5e13e86ef/ozone-metadata/datanode-9/ratis/4be8751e-44e4-405a-85cf-12b25595b918 has been successfully formatted.
2025-09-19 20:43:12,427 [2e0fa00c-f693-49a3-a365-75c51b8c5b45-groupManagement] INFO  ratis.ContainerStateMachine (ContainerStateMachine.java:initialize(339)) - 2e0fa00c-f693-49a3-a365-75c51b8c5b45: initialize group-12B25595B918
2025-09-19 20:43:12,427 [2e0fa00c-f693-49a3-a365-75c51b8c5b45-groupManagement] INFO  ratis.ContainerStateMachine (ContainerStateMachine.java:loadSnapshot(347)) - group-12B25595B918: The snapshot info is null. Setting the last applied index to:<INITIAL_VALUE>
2025-09-19 20:43:12,427 [2e0fa00c-f693-49a3-a365-75c51b8c5b45-groupManagement] INFO  server.RaftServerConfigKeys (ConfUtils.java:logGet(62)) - raft.server.log.appender.buffer.byte-limit = 33554432 (custom)
2025-09-19 20:43:12,429 [2e0fa00c-f693-49a3-a365-75c51b8c5b45-groupManagement] INFO  server.RaftServerConfigKeys (ConfUtils.java:logGet(62)) - raft.server.log.segment.size.max = 67108864 (custom)
2025-09-19 20:43:12,431 [2e0fa00c-f693-49a3-a365-75c51b8c5b45-groupManagement] INFO  server.RaftServerConfigKeys (ConfUtils.java:logGet(62)) - raft.server.log.appender.buffer.byte-limit = 33554432 (custom)
2025-09-19 20:43:12,431 [2e0fa00c-f693-49a3-a365-75c51b8c5b45-groupManagement] INFO  util.AwaitToRun (AwaitToRun.java:start(81)) - Thread[#1366,2e0fa00c-f693-49a3-a365-75c51b8c5b45@group-12B25595B918-cacheEviction-AwaitToRun,5,main] started
2025-09-19 20:43:12,431 [2e0fa00c-f693-49a3-a365-75c51b8c5b45-groupManagement] INFO  segmented.SegmentedRaftLogWorker (SegmentedRaftLogWorker.java:<init>(190)) - new 2e0fa00c-f693-49a3-a365-75c51b8c5b45@group-12B25595B918-SegmentedRaftLogWorker for RaftStorageImpl:Storage Directory /home/runner/work/ozone/ozone/hadoop-ozone/integration-test/target/test-dir/MiniOzoneClusterImpl-990002c2-bb69-4aa2-bd68-28a5e13e86ef/ozone-metadata/datanode-9/ratis/4be8751e-44e4-405a-85cf-12b25595b918
2025-09-19 20:43:12,432 [2e0fa00c-f693-49a3-a365-75c51b8c5b45-groupManagement] INFO  server.RaftServerConfigKeys (ConfUtils.java:logGet(62)) - raft.server.log.queue.byte-limit = 4294967296 (custom)
2025-09-19 20:43:12,432 [2e0fa00c-f693-49a3-a365-75c51b8c5b45-groupManagement] INFO  server.RaftServerConfigKeys (ConfUtils.java:logGet(62)) - raft.server.log.segment.size.max = 67108864 (custom)
2025-09-19 20:43:12,432 [2e0fa00c-f693-49a3-a365-75c51b8c5b45-groupManagement] INFO  server.RaftServerConfigKeys (ConfUtils.java:logGet(62)) - raft.server.log.preallocated.size = 4194304 (custom)
2025-09-19 20:43:12,433 [2e0fa00c-f693-49a3-a365-75c51b8c5b45-groupManagement] INFO  server.RaftServerConfigKeys (ConfUtils.java:logGet(62)) - raft.server.log.write.buffer.size = 33554440 (custom)
2025-09-19 20:43:12,440 [2e0fa00c-f693-49a3-a365-75c51b8c5b45-groupManagement] INFO  server.RaftServerConfigKeys (ConfUtils.java:logGet(62)) - raft.server.log.appender.buffer.byte-limit = 33554432 (custom)
2025-09-19 20:43:12,441 [2e0fa00c-f693-49a3-a365-75c51b8c5b45-groupManagement] INFO  segmented.SegmentedRaftLogWorker (SegmentedRaftLogWorker.java:lambda$new$0(141)) - 2e0fa00c-f693-49a3-a365-75c51b8c5b45@group-12B25595B918-SegmentedRaftLogWorker: flushIndex: setUnconditionally 0 -> -1
2025-09-19 20:43:12,441 [2e0fa00c-f693-49a3-a365-75c51b8c5b45-groupManagement] INFO  segmented.SegmentedRaftLogWorker (SegmentedRaftLogWorker.java:lambda$new$0(141)) - 2e0fa00c-f693-49a3-a365-75c51b8c5b45@group-12B25595B918-SegmentedRaftLogWorker: safeCacheEvictIndex: setUnconditionally 0 -> -1
2025-09-19 20:43:12,441 [2e0fa00c-f693-49a3-a365-75c51b8c5b45-groupManagement] INFO  server.RaftServer$Division (RaftServerImpl.java:start(405)) - 2e0fa00c-f693-49a3-a365-75c51b8c5b45@group-12B25595B918: start as a follower, conf=conf: {index: -1, cur=peers:[6b19ddea-00d3-43a8-b068-4376c2353d98|127.0.0.1:15063, 76f4805b-b51d-4900-95ce-acf873710621|127.0.0.1:15071, 2e0fa00c-f693-49a3-a365-75c51b8c5b45|127.0.0.1:15079]|listeners:[], old=null}
2025-09-19 20:43:12,442 [2e0fa00c-f693-49a3-a365-75c51b8c5b45-groupManagement] INFO  server.RaftServer$Division (RaftServerImpl.java:setRole(392)) - 2e0fa00c-f693-49a3-a365-75c51b8c5b45@group-12B25595B918: changes role from      null to FOLLOWER at term 0 for startAsFollower
2025-09-19 20:43:12,442 [2e0fa00c-f693-49a3-a365-75c51b8c5b45-groupManagement] INFO  impl.RoleInfo (RoleInfo.java:updateAndGet(148)) - 2e0fa00c-f693-49a3-a365-75c51b8c5b45: start 2e0fa00c-f693-49a3-a365-75c51b8c5b45@group-12B25595B918-FollowerState
2025-09-19 20:43:12,442 [2e0fa00c-f693-49a3-a365-75c51b8c5b45-groupManagement] INFO  util.JmxRegister (JmxRegister.java:tryRegister(44)) - Successfully registered JMX Bean with object name Ratis:service=RaftServer,group=group-12B25595B918,id=2e0fa00c-f693-49a3-a365-75c51b8c5b45
2025-09-19 20:43:12,442 [2e0fa00c-f693-49a3-a365-75c51b8c5b45-groupManagement] INFO  util.JmxRegister (JmxRegister.java:register(58)) - register mxBean class org.apache.ratis.server.impl.RaftServerJmxAdapter as Ratis:service=RaftServer,group=group-12B25595B918,id=2e0fa00c-f693-49a3-a365-75c51b8c5b45
2025-09-19 20:43:12,443 [2e0fa00c-f693-49a3-a365-75c51b8c5b45-groupManagement] INFO  server.RaftServer$Division (RaftServerImpl.java:start(419)) - 2e0fa00c-f693-49a3-a365-75c51b8c5b45@group-12B25595B918: Successfully started.
2025-09-19 20:43:12,450 [6b19ddea-00d3-43a8-b068-4376c2353d98-CreatePipelineCommandHandlerThread-0] INFO  commandhandler.CreatePipelineCommandHandler (CreatePipelineCommandHandler.java:lambda$handle$2(141)) - Created Pipeline RATIS THREE Pipeline-4be8751e-44e4-405a-85cf-12b25595b918.
2025-09-19 20:43:12,451 [6b19ddea-00d3-43a8-b068-4376c2353d98-CreatePipelineCommandHandlerThread-0] INFO  server.RaftServer (RaftServerProxy.java:addNew(105)) - 6b19ddea-00d3-43a8-b068-4376c2353d98: addNew group-14F278921194:[6b19ddea-00d3-43a8-b068-4376c2353d98|127.0.0.1:15063, 76f4805b-b51d-4900-95ce-acf873710621|127.0.0.1:15071, 2e0fa00c-f693-49a3-a365-75c51b8c5b45|127.0.0.1:15079] returns group-14F278921194:java.util.concurrent.CompletableFuture@204bba70[Not completed]
2025-09-19 20:43:12,453 [6b19ddea-00d3-43a8-b068-4376c2353d98-groupManagement] INFO  server.RaftServer$Division (RaftServerImpl.java:<init>(268)) - 6b19ddea-00d3-43a8-b068-4376c2353d98: new RaftServerImpl for group-14F278921194:[6b19ddea-00d3-43a8-b068-4376c2353d98|127.0.0.1:15063, 76f4805b-b51d-4900-95ce-acf873710621|127.0.0.1:15071, 2e0fa00c-f693-49a3-a365-75c51b8c5b45|127.0.0.1:15079] with ContainerStateMachine:uninitialized
2025-09-19 20:43:12,453 [6b19ddea-00d3-43a8-b068-4376c2353d98-groupManagement] INFO  server.RaftServer$Division (ServerState.java:<init>(114)) - 6b19ddea-00d3-43a8-b068-4376c2353d98@group-14F278921194: ConfigurationManager, init=conf: {index: -1, cur=peers:[6b19ddea-00d3-43a8-b068-4376c2353d98|127.0.0.1:15063, 76f4805b-b51d-4900-95ce-acf873710621|127.0.0.1:15071, 2e0fa00c-f693-49a3-a365-75c51b8c5b45|127.0.0.1:15079]|listeners:[], old=null}, confs=<EMPTY_MAP>
2025-09-19 20:43:12,458 [6b19ddea-00d3-43a8-b068-4376c2353d98-groupManagement] INFO  server.RaftServerConfigKeys (ConfUtils.java:logGet(62)) - raft.server.storage.dir = [/home/runner/work/ozone/ozone/hadoop-ozone/integration-test/target/test-dir/MiniOzoneClusterImpl-990002c2-bb69-4aa2-bd68-28a5e13e86ef/ozone-metadata/datanode-7/ratis] (custom)
2025-09-19 20:43:12,458 [6b19ddea-00d3-43a8-b068-4376c2353d98-groupManagement] INFO  storage.RaftStorageDirectory (RaftStorageDirectoryImpl.java:analyzeStorage(138)) - The storage directory /home/runner/work/ozone/ozone/hadoop-ozone/integration-test/target/test-dir/MiniOzoneClusterImpl-990002c2-bb69-4aa2-bd68-28a5e13e86ef/ozone-metadata/datanode-7/ratis/04d8785e-901f-4565-8460-14f278921194 does not exist. Creating ...
2025-09-19 20:43:12,460 [6b19ddea-00d3-43a8-b068-4376c2353d98-groupManagement] INFO  storage.RaftStorageDirectory (RaftStorageDirectoryImpl.java:tryLock(229)) - Lock on /home/runner/work/ozone/ozone/hadoop-ozone/integration-test/target/test-dir/MiniOzoneClusterImpl-990002c2-bb69-4aa2-bd68-28a5e13e86ef/ozone-metadata/datanode-7/ratis/04d8785e-901f-4565-8460-14f278921194/in_use.lock acquired by nodename 22744@localhost
2025-09-19 20:43:12,464 [6b19ddea-00d3-43a8-b068-4376c2353d98-groupManagement] INFO  storage.RaftStorage (RaftStorageImpl.java:format(98)) - Storage directory /home/runner/work/ozone/ozone/hadoop-ozone/integration-test/target/test-dir/MiniOzoneClusterImpl-990002c2-bb69-4aa2-bd68-28a5e13e86ef/ozone-metadata/datanode-7/ratis/04d8785e-901f-4565-8460-14f278921194 has been successfully formatted.
2025-09-19 20:43:12,464 [6b19ddea-00d3-43a8-b068-4376c2353d98-groupManagement] INFO  ratis.ContainerStateMachine (ContainerStateMachine.java:initialize(339)) - 6b19ddea-00d3-43a8-b068-4376c2353d98: initialize group-14F278921194
2025-09-19 20:43:12,464 [6b19ddea-00d3-43a8-b068-4376c2353d98-groupManagement] INFO  ratis.ContainerStateMachine (ContainerStateMachine.java:loadSnapshot(347)) - group-14F278921194: The snapshot info is null. Setting the last applied index to:<INITIAL_VALUE>
2025-09-19 20:43:12,464 [6b19ddea-00d3-43a8-b068-4376c2353d98-groupManagement] INFO  server.RaftServerConfigKeys (ConfUtils.java:logGet(62)) - raft.server.log.appender.buffer.byte-limit = 33554432 (custom)
2025-09-19 20:43:12,468 [6b19ddea-00d3-43a8-b068-4376c2353d98-groupManagement] INFO  server.RaftServerConfigKeys (ConfUtils.java:logGet(62)) - raft.server.log.segment.size.max = 67108864 (custom)
2025-09-19 20:43:12,468 [6b19ddea-00d3-43a8-b068-4376c2353d98-groupManagement] INFO  server.RaftServerConfigKeys (ConfUtils.java:logGet(62)) - raft.server.log.appender.buffer.byte-limit = 33554432 (custom)
2025-09-19 20:43:12,468 [6b19ddea-00d3-43a8-b068-4376c2353d98-groupManagement] INFO  util.AwaitToRun (AwaitToRun.java:start(81)) - Thread[#1375,6b19ddea-00d3-43a8-b068-4376c2353d98@group-14F278921194-cacheEviction-AwaitToRun,5,main] started
2025-09-19 20:43:12,468 [6b19ddea-00d3-43a8-b068-4376c2353d98-groupManagement] INFO  segmented.SegmentedRaftLogWorker (SegmentedRaftLogWorker.java:<init>(190)) - new 6b19ddea-00d3-43a8-b068-4376c2353d98@group-14F278921194-SegmentedRaftLogWorker for RaftStorageImpl:Storage Directory /home/runner/work/ozone/ozone/hadoop-ozone/integration-test/target/test-dir/MiniOzoneClusterImpl-990002c2-bb69-4aa2-bd68-28a5e13e86ef/ozone-metadata/datanode-7/ratis/04d8785e-901f-4565-8460-14f278921194
2025-09-19 20:43:12,468 [6b19ddea-00d3-43a8-b068-4376c2353d98-groupManagement] INFO  server.RaftServerConfigKeys (ConfUtils.java:logGet(62)) - raft.server.log.queue.byte-limit = 4294967296 (custom)
2025-09-19 20:43:12,468 [6b19ddea-00d3-43a8-b068-4376c2353d98-groupManagement] INFO  server.RaftServerConfigKeys (ConfUtils.java:logGet(62)) - raft.server.log.segment.size.max = 67108864 (custom)
2025-09-19 20:43:12,468 [6b19ddea-00d3-43a8-b068-4376c2353d98-groupManagement] INFO  server.RaftServerConfigKeys (ConfUtils.java:logGet(62)) - raft.server.log.preallocated.size = 4194304 (custom)
2025-09-19 20:43:12,469 [6b19ddea-00d3-43a8-b068-4376c2353d98-groupManagement] INFO  server.RaftServerConfigKeys (ConfUtils.java:logGet(62)) - raft.server.log.write.buffer.size = 33554440 (custom)
2025-09-19 20:43:12,475 [6b19ddea-00d3-43a8-b068-4376c2353d98-groupManagement] INFO  server.RaftServerConfigKeys (ConfUtils.java:logGet(62)) - raft.server.log.appender.buffer.byte-limit = 33554432 (custom)
2025-09-19 20:43:12,475 [6b19ddea-00d3-43a8-b068-4376c2353d98-groupManagement] INFO  segmented.SegmentedRaftLogWorker (SegmentedRaftLogWorker.java:lambda$new$0(141)) - 6b19ddea-00d3-43a8-b068-4376c2353d98@group-14F278921194-SegmentedRaftLogWorker: flushIndex: setUnconditionally 0 -> -1
2025-09-19 20:43:12,476 [6b19ddea-00d3-43a8-b068-4376c2353d98-groupManagement] INFO  segmented.SegmentedRaftLogWorker (SegmentedRaftLogWorker.java:lambda$new$0(141)) - 6b19ddea-00d3-43a8-b068-4376c2353d98@group-14F278921194-SegmentedRaftLogWorker: safeCacheEvictIndex: setUnconditionally 0 -> -1
2025-09-19 20:43:12,477 [6b19ddea-00d3-43a8-b068-4376c2353d98-groupManagement] INFO  server.RaftServer$Division (RaftServerImpl.java:start(405)) - 6b19ddea-00d3-43a8-b068-4376c2353d98@group-14F278921194: start as a follower, conf=conf: {index: -1, cur=peers:[6b19ddea-00d3-43a8-b068-4376c2353d98|127.0.0.1:15063, 76f4805b-b51d-4900-95ce-acf873710621|127.0.0.1:15071, 2e0fa00c-f693-49a3-a365-75c51b8c5b45|127.0.0.1:15079]|listeners:[], old=null}
2025-09-19 20:43:12,477 [6b19ddea-00d3-43a8-b068-4376c2353d98-groupManagement] INFO  server.RaftServer$Division (RaftServerImpl.java:setRole(392)) - 6b19ddea-00d3-43a8-b068-4376c2353d98@group-14F278921194: changes role from      null to FOLLOWER at term 0 for startAsFollower
2025-09-19 20:43:12,477 [6b19ddea-00d3-43a8-b068-4376c2353d98-groupManagement] INFO  impl.RoleInfo (RoleInfo.java:updateAndGet(148)) - 6b19ddea-00d3-43a8-b068-4376c2353d98: start 6b19ddea-00d3-43a8-b068-4376c2353d98@group-14F278921194-FollowerState
2025-09-19 20:43:12,477 [6b19ddea-00d3-43a8-b068-4376c2353d98-groupManagement] INFO  util.JmxRegister (JmxRegister.java:tryRegister(44)) - Successfully registered JMX Bean with object name Ratis:service=RaftServer,group=group-14F278921194,id=6b19ddea-00d3-43a8-b068-4376c2353d98
2025-09-19 20:43:12,477 [6b19ddea-00d3-43a8-b068-4376c2353d98-groupManagement] INFO  util.JmxRegister (JmxRegister.java:register(58)) - register mxBean class org.apache.ratis.server.impl.RaftServerJmxAdapter as Ratis:service=RaftServer,group=group-14F278921194,id=6b19ddea-00d3-43a8-b068-4376c2353d98
2025-09-19 20:43:12,479 [6b19ddea-00d3-43a8-b068-4376c2353d98-groupManagement] INFO  server.RaftServer$Division (RaftServerImpl.java:start(419)) - 6b19ddea-00d3-43a8-b068-4376c2353d98@group-14F278921194: Successfully started.
2025-09-19 20:43:12,479 [6b19ddea-00d3-43a8-b068-4376c2353d98-CreatePipelineCommandHandlerThread-0] INFO  ratis.XceiverServerRatis (XceiverServerRatis.java:addGroup(841)) - Created group Pipeline-04d8785e-901f-4565-8460-14f278921194
2025-09-19 20:43:12,488 [grpc-default-executor-3] INFO  server.RaftServer (RaftServerProxy.java:addNew(105)) - 2e0fa00c-f693-49a3-a365-75c51b8c5b45: addNew group-14F278921194:[6b19ddea-00d3-43a8-b068-4376c2353d98|127.0.0.1:15063, 76f4805b-b51d-4900-95ce-acf873710621|127.0.0.1:15071, 2e0fa00c-f693-49a3-a365-75c51b8c5b45|127.0.0.1:15079] returns group-14F278921194:java.util.concurrent.CompletableFuture@6f7b4e45[Not completed]
2025-09-19 20:43:12,490 [2e0fa00c-f693-49a3-a365-75c51b8c5b45-groupManagement] INFO  server.RaftServer$Division (RaftServerImpl.java:<init>(268)) - 2e0fa00c-f693-49a3-a365-75c51b8c5b45: new RaftServerImpl for group-14F278921194:[6b19ddea-00d3-43a8-b068-4376c2353d98|127.0.0.1:15063, 76f4805b-b51d-4900-95ce-acf873710621|127.0.0.1:15071, 2e0fa00c-f693-49a3-a365-75c51b8c5b45|127.0.0.1:15079] with ContainerStateMachine:uninitialized
2025-09-19 20:43:12,490 [2e0fa00c-f693-49a3-a365-75c51b8c5b45-groupManagement] INFO  server.RaftServer$Division (ServerState.java:<init>(114)) - 2e0fa00c-f693-49a3-a365-75c51b8c5b45@group-14F278921194: ConfigurationManager, init=conf: {index: -1, cur=peers:[6b19ddea-00d3-43a8-b068-4376c2353d98|127.0.0.1:15063, 76f4805b-b51d-4900-95ce-acf873710621|127.0.0.1:15071, 2e0fa00c-f693-49a3-a365-75c51b8c5b45|127.0.0.1:15079]|listeners:[], old=null}, confs=<EMPTY_MAP>
2025-09-19 20:43:12,496 [2e0fa00c-f693-49a3-a365-75c51b8c5b45-groupManagement] INFO  server.RaftServerConfigKeys (ConfUtils.java:logGet(62)) - raft.server.storage.dir = [/home/runner/work/ozone/ozone/hadoop-ozone/integration-test/target/test-dir/MiniOzoneClusterImpl-990002c2-bb69-4aa2-bd68-28a5e13e86ef/ozone-metadata/datanode-9/ratis] (custom)
2025-09-19 20:43:12,496 [2e0fa00c-f693-49a3-a365-75c51b8c5b45-groupManagement] INFO  storage.RaftStorageDirectory (RaftStorageDirectoryImpl.java:analyzeStorage(138)) - The storage directory /home/runner/work/ozone/ozone/hadoop-ozone/integration-test/target/test-dir/MiniOzoneClusterImpl-990002c2-bb69-4aa2-bd68-28a5e13e86ef/ozone-metadata/datanode-9/ratis/04d8785e-901f-4565-8460-14f278921194 does not exist. Creating ...
2025-09-19 20:43:12,499 [2e0fa00c-f693-49a3-a365-75c51b8c5b45-groupManagement] INFO  storage.RaftStorageDirectory (RaftStorageDirectoryImpl.java:tryLock(229)) - Lock on /home/runner/work/ozone/ozone/hadoop-ozone/integration-test/target/test-dir/MiniOzoneClusterImpl-990002c2-bb69-4aa2-bd68-28a5e13e86ef/ozone-metadata/datanode-9/ratis/04d8785e-901f-4565-8460-14f278921194/in_use.lock acquired by nodename 22744@localhost
2025-09-19 20:43:12,503 [2e0fa00c-f693-49a3-a365-75c51b8c5b45-groupManagement] INFO  storage.RaftStorage (RaftStorageImpl.java:format(98)) - Storage directory /home/runner/work/ozone/ozone/hadoop-ozone/integration-test/target/test-dir/MiniOzoneClusterImpl-990002c2-bb69-4aa2-bd68-28a5e13e86ef/ozone-metadata/datanode-9/ratis/04d8785e-901f-4565-8460-14f278921194 has been successfully formatted.
2025-09-19 20:43:12,505 [2e0fa00c-f693-49a3-a365-75c51b8c5b45-groupManagement] INFO  ratis.ContainerStateMachine (ContainerStateMachine.java:initialize(339)) - 2e0fa00c-f693-49a3-a365-75c51b8c5b45: initialize group-14F278921194
2025-09-19 20:43:12,505 [2e0fa00c-f693-49a3-a365-75c51b8c5b45-groupManagement] INFO  ratis.ContainerStateMachine (ContainerStateMachine.java:loadSnapshot(347)) - group-14F278921194: The snapshot info is null. Setting the last applied index to:<INITIAL_VALUE>
2025-09-19 20:43:12,506 [2e0fa00c-f693-49a3-a365-75c51b8c5b45-groupManagement] INFO  server.RaftServerConfigKeys (ConfUtils.java:logGet(62)) - raft.server.log.appender.buffer.byte-limit = 33554432 (custom)
2025-09-19 20:43:12,508 [2e0fa00c-f693-49a3-a365-75c51b8c5b45-groupManagement] INFO  server.RaftServerConfigKeys (ConfUtils.java:logGet(62)) - raft.server.log.segment.size.max = 67108864 (custom)
2025-09-19 20:43:12,509 [2e0fa00c-f693-49a3-a365-75c51b8c5b45-groupManagement] INFO  server.RaftServerConfigKeys (ConfUtils.java:logGet(62)) - raft.server.log.appender.buffer.byte-limit = 33554432 (custom)
2025-09-19 20:43:12,511 [2e0fa00c-f693-49a3-a365-75c51b8c5b45-groupManagement] INFO  util.AwaitToRun (AwaitToRun.java:start(81)) - Thread[#1379,2e0fa00c-f693-49a3-a365-75c51b8c5b45@group-14F278921194-cacheEviction-AwaitToRun,5,main] started
2025-09-19 20:43:12,511 [2e0fa00c-f693-49a3-a365-75c51b8c5b45-groupManagement] INFO  segmented.SegmentedRaftLogWorker (SegmentedRaftLogWorker.java:<init>(190)) - new 2e0fa00c-f693-49a3-a365-75c51b8c5b45@group-14F278921194-SegmentedRaftLogWorker for RaftStorageImpl:Storage Directory /home/runner/work/ozone/ozone/hadoop-ozone/integration-test/target/test-dir/MiniOzoneClusterImpl-990002c2-bb69-4aa2-bd68-28a5e13e86ef/ozone-metadata/datanode-9/ratis/04d8785e-901f-4565-8460-14f278921194
2025-09-19 20:43:12,511 [2e0fa00c-f693-49a3-a365-75c51b8c5b45-groupManagement] INFO  server.RaftServerConfigKeys (ConfUtils.java:logGet(62)) - raft.server.log.queue.byte-limit = 4294967296 (custom)
2025-09-19 20:43:12,511 [2e0fa00c-f693-49a3-a365-75c51b8c5b45-groupManagement] INFO  server.RaftServerConfigKeys (ConfUtils.java:logGet(62)) - raft.server.log.segment.size.max = 67108864 (custom)
2025-09-19 20:43:12,511 [2e0fa00c-f693-49a3-a365-75c51b8c5b45-groupManagement] INFO  server.RaftServerConfigKeys (ConfUtils.java:logGet(62)) - raft.server.log.preallocated.size = 4194304 (custom)
2025-09-19 20:43:12,512 [2e0fa00c-f693-49a3-a365-75c51b8c5b45-groupManagement] INFO  server.RaftServerConfigKeys (ConfUtils.java:logGet(62)) - raft.server.log.write.buffer.size = 33554440 (custom)
2025-09-19 20:43:12,517 [76f4805b-b51d-4900-95ce-acf873710621-CreatePipelineCommandHandlerThread-0] INFO  server.RaftServer (RaftServerProxy.java:addNew(105)) - 76f4805b-b51d-4900-95ce-acf873710621: addNew group-D937AE327C73:[76f4805b-b51d-4900-95ce-acf873710621|127.0.0.1:15071] returns group-D937AE327C73:java.util.concurrent.CompletableFuture@2ea4df52[Not completed]
2025-09-19 20:43:12,519 [2e0fa00c-f693-49a3-a365-75c51b8c5b45-groupManagement] INFO  server.RaftServerConfigKeys (ConfUtils.java:logGet(62)) - raft.server.log.appender.buffer.byte-limit = 33554432 (custom)
2025-09-19 20:43:12,519 [2e0fa00c-f693-49a3-a365-75c51b8c5b45-groupManagement] INFO  segmented.SegmentedRaftLogWorker (SegmentedRaftLogWorker.java:lambda$new$0(141)) - 2e0fa00c-f693-49a3-a365-75c51b8c5b45@group-14F278921194-SegmentedRaftLogWorker: flushIndex: setUnconditionally 0 -> -1
2025-09-19 20:43:12,519 [2e0fa00c-f693-49a3-a365-75c51b8c5b45-groupManagement] INFO  segmented.SegmentedRaftLogWorker (SegmentedRaftLogWorker.java:lambda$new$0(141)) - 2e0fa00c-f693-49a3-a365-75c51b8c5b45@group-14F278921194-SegmentedRaftLogWorker: safeCacheEvictIndex: setUnconditionally 0 -> -1
2025-09-19 20:43:12,520 [76f4805b-b51d-4900-95ce-acf873710621-groupManagement] INFO  server.RaftServer$Division (RaftServerImpl.java:<init>(268)) - 76f4805b-b51d-4900-95ce-acf873710621: new RaftServerImpl for group-D937AE327C73:[76f4805b-b51d-4900-95ce-acf873710621|127.0.0.1:15071] with ContainerStateMachine:uninitialized
2025-09-19 20:43:12,520 [76f4805b-b51d-4900-95ce-acf873710621-groupManagement] INFO  server.RaftServer$Division (ServerState.java:<init>(114)) - 76f4805b-b51d-4900-95ce-acf873710621@group-D937AE327C73: ConfigurationManager, init=conf: {index: -1, cur=peers:[76f4805b-b51d-4900-95ce-acf873710621|127.0.0.1:15071]|listeners:[], old=null}, confs=<EMPTY_MAP>
2025-09-19 20:43:12,523 [2e0fa00c-f693-49a3-a365-75c51b8c5b45-groupManagement] INFO  server.RaftServer$Division (RaftServerImpl.java:start(405)) - 2e0fa00c-f693-49a3-a365-75c51b8c5b45@group-14F278921194: start as a follower, conf=conf: {index: -1, cur=peers:[6b19ddea-00d3-43a8-b068-4376c2353d98|127.0.0.1:15063, 76f4805b-b51d-4900-95ce-acf873710621|127.0.0.1:15071, 2e0fa00c-f693-49a3-a365-75c51b8c5b45|127.0.0.1:15079]|listeners:[], old=null}
2025-09-19 20:43:12,523 [2e0fa00c-f693-49a3-a365-75c51b8c5b45-groupManagement] INFO  server.RaftServer$Division (RaftServerImpl.java:setRole(392)) - 2e0fa00c-f693-49a3-a365-75c51b8c5b45@group-14F278921194: changes role from      null to FOLLOWER at term 0 for startAsFollower
2025-09-19 20:43:12,523 [2e0fa00c-f693-49a3-a365-75c51b8c5b45-groupManagement] INFO  impl.RoleInfo (RoleInfo.java:updateAndGet(148)) - 2e0fa00c-f693-49a3-a365-75c51b8c5b45: start 2e0fa00c-f693-49a3-a365-75c51b8c5b45@group-14F278921194-FollowerState
2025-09-19 20:43:12,525 [76f4805b-b51d-4900-95ce-acf873710621-groupManagement] INFO  server.RaftServerConfigKeys (ConfUtils.java:logGet(62)) - raft.server.storage.dir = [/home/runner/work/ozone/ozone/hadoop-ozone/integration-test/target/test-dir/MiniOzoneClusterImpl-990002c2-bb69-4aa2-bd68-28a5e13e86ef/ozone-metadata/datanode-8/ratis] (custom)
2025-09-19 20:43:12,525 [76f4805b-b51d-4900-95ce-acf873710621-groupManagement] INFO  storage.RaftStorageDirectory (RaftStorageDirectoryImpl.java:analyzeStorage(138)) - The storage directory /home/runner/work/ozone/ozone/hadoop-ozone/integration-test/target/test-dir/MiniOzoneClusterImpl-990002c2-bb69-4aa2-bd68-28a5e13e86ef/ozone-metadata/datanode-8/ratis/9d811586-1446-472b-9c75-d937ae327c73 does not exist. Creating ...
2025-09-19 20:43:12,527 [2e0fa00c-f693-49a3-a365-75c51b8c5b45-groupManagement] INFO  util.JmxRegister (JmxRegister.java:tryRegister(44)) - Successfully registered JMX Bean with object name Ratis:service=RaftServer,group=group-14F278921194,id=2e0fa00c-f693-49a3-a365-75c51b8c5b45
2025-09-19 20:43:12,527 [2e0fa00c-f693-49a3-a365-75c51b8c5b45-groupManagement] INFO  util.JmxRegister (JmxRegister.java:register(58)) - register mxBean class org.apache.ratis.server.impl.RaftServerJmxAdapter as Ratis:service=RaftServer,group=group-14F278921194,id=2e0fa00c-f693-49a3-a365-75c51b8c5b45
2025-09-19 20:43:12,529 [2e0fa00c-f693-49a3-a365-75c51b8c5b45-groupManagement] INFO  server.RaftServer$Division (RaftServerImpl.java:start(419)) - 2e0fa00c-f693-49a3-a365-75c51b8c5b45@group-14F278921194: Successfully started.
2025-09-19 20:43:12,529 [76f4805b-b51d-4900-95ce-acf873710621-groupManagement] INFO  storage.RaftStorageDirectory (RaftStorageDirectoryImpl.java:tryLock(229)) - Lock on /home/runner/work/ozone/ozone/hadoop-ozone/integration-test/target/test-dir/MiniOzoneClusterImpl-990002c2-bb69-4aa2-bd68-28a5e13e86ef/ozone-metadata/datanode-8/ratis/9d811586-1446-472b-9c75-d937ae327c73/in_use.lock acquired by nodename 22744@localhost
2025-09-19 20:43:12,530 [76f4805b-b51d-4900-95ce-acf873710621-groupManagement] INFO  storage.RaftStorage (RaftStorageImpl.java:format(98)) - Storage directory /home/runner/work/ozone/ozone/hadoop-ozone/integration-test/target/test-dir/MiniOzoneClusterImpl-990002c2-bb69-4aa2-bd68-28a5e13e86ef/ozone-metadata/datanode-8/ratis/9d811586-1446-472b-9c75-d937ae327c73 has been successfully formatted.
2025-09-19 20:43:12,531 [76f4805b-b51d-4900-95ce-acf873710621-groupManagement] INFO  ratis.ContainerStateMachine (ContainerStateMachine.java:initialize(339)) - 76f4805b-b51d-4900-95ce-acf873710621: initialize group-D937AE327C73
2025-09-19 20:43:12,531 [76f4805b-b51d-4900-95ce-acf873710621-groupManagement] INFO  ratis.ContainerStateMachine (ContainerStateMachine.java:loadSnapshot(347)) - group-D937AE327C73: The snapshot info is null. Setting the last applied index to:<INITIAL_VALUE>
2025-09-19 20:43:12,531 [76f4805b-b51d-4900-95ce-acf873710621-groupManagement] INFO  server.RaftServerConfigKeys (ConfUtils.java:logGet(62)) - raft.server.log.appender.buffer.byte-limit = 33554432 (custom)
2025-09-19 20:43:12,535 [76f4805b-b51d-4900-95ce-acf873710621-groupManagement] INFO  server.RaftServerConfigKeys (ConfUtils.java:logGet(62)) - raft.server.log.segment.size.max = 67108864 (custom)
2025-09-19 20:43:12,538 [76f4805b-b51d-4900-95ce-acf873710621-groupManagement] INFO  server.RaftServerConfigKeys (ConfUtils.java:logGet(62)) - raft.server.log.appender.buffer.byte-limit = 33554432 (custom)
2025-09-19 20:43:12,539 [76f4805b-b51d-4900-95ce-acf873710621-groupManagement] INFO  util.AwaitToRun (AwaitToRun.java:start(81)) - Thread[#1387,76f4805b-b51d-4900-95ce-acf873710621@group-D937AE327C73-cacheEviction-AwaitToRun,5,main] started
2025-09-19 20:43:12,539 [76f4805b-b51d-4900-95ce-acf873710621-groupManagement] INFO  segmented.SegmentedRaftLogWorker (SegmentedRaftLogWorker.java:<init>(190)) - new 76f4805b-b51d-4900-95ce-acf873710621@group-D937AE327C73-SegmentedRaftLogWorker for RaftStorageImpl:Storage Directory /home/runner/work/ozone/ozone/hadoop-ozone/integration-test/target/test-dir/MiniOzoneClusterImpl-990002c2-bb69-4aa2-bd68-28a5e13e86ef/ozone-metadata/datanode-8/ratis/9d811586-1446-472b-9c75-d937ae327c73
2025-09-19 20:43:12,539 [76f4805b-b51d-4900-95ce-acf873710621-groupManagement] INFO  server.RaftServerConfigKeys (ConfUtils.java:logGet(62)) - raft.server.log.queue.byte-limit = 4294967296 (custom)
2025-09-19 20:43:12,539 [76f4805b-b51d-4900-95ce-acf873710621-groupManagement] INFO  server.RaftServerConfigKeys (ConfUtils.java:logGet(62)) - raft.server.log.segment.size.max = 67108864 (custom)
2025-09-19 20:43:12,540 [76f4805b-b51d-4900-95ce-acf873710621-groupManagement] INFO  server.RaftServerConfigKeys (ConfUtils.java:logGet(62)) - raft.server.log.preallocated.size = 4194304 (custom)
2025-09-19 20:43:12,540 [76f4805b-b51d-4900-95ce-acf873710621-groupManagement] INFO  server.RaftServerConfigKeys (ConfUtils.java:logGet(62)) - raft.server.log.write.buffer.size = 33554440 (custom)
2025-09-19 20:43:12,541 [EventQueue-PipelineReportForPipelineReportHandler] INFO  pipeline.PipelineReportHandler (PipelineReportHandler.java:processPipelineReport(132)) - Opened pipeline Pipeline-9d811586-1446-472b-9c75-d937ae327c73
2025-09-19 20:43:12,558 [76f4805b-b51d-4900-95ce-acf873710621-groupManagement] INFO  server.RaftServerConfigKeys (ConfUtils.java:logGet(62)) - raft.server.log.appender.buffer.byte-limit = 33554432 (custom)
2025-09-19 20:43:12,559 [76f4805b-b51d-4900-95ce-acf873710621-groupManagement] INFO  segmented.SegmentedRaftLogWorker (SegmentedRaftLogWorker.java:lambda$new$0(141)) - 76f4805b-b51d-4900-95ce-acf873710621@group-D937AE327C73-SegmentedRaftLogWorker: flushIndex: setUnconditionally 0 -> -1
2025-09-19 20:43:12,559 [76f4805b-b51d-4900-95ce-acf873710621-groupManagement] INFO  segmented.SegmentedRaftLogWorker (SegmentedRaftLogWorker.java:lambda$new$0(141)) - 76f4805b-b51d-4900-95ce-acf873710621@group-D937AE327C73-SegmentedRaftLogWorker: safeCacheEvictIndex: setUnconditionally 0 -> -1
2025-09-19 20:43:12,581 [417c597c-13cf-4e34-be96-1680b82aa276@group-9E25D04C2ADC-FollowerState] INFO  impl.FollowerState (FollowerState.java:runImpl(161)) - 417c597c-13cf-4e34-be96-1680b82aa276@group-9E25D04C2ADC-FollowerState: change to CANDIDATE, lastRpcElapsedTime:1051542696ns, electionTimeout:1051ms
2025-09-19 20:43:12,582 [417c597c-13cf-4e34-be96-1680b82aa276@group-9E25D04C2ADC-FollowerState] INFO  impl.RoleInfo (RoleInfo.java:shutdownFollowerState(121)) - 417c597c-13cf-4e34-be96-1680b82aa276: shutdown 417c597c-13cf-4e34-be96-1680b82aa276@group-9E25D04C2ADC-FollowerState
2025-09-19 20:43:12,582 [417c597c-13cf-4e34-be96-1680b82aa276@group-9E25D04C2ADC-FollowerState] INFO  server.RaftServer$Division (RaftServerImpl.java:setRole(392)) - 417c597c-13cf-4e34-be96-1680b82aa276@group-9E25D04C2ADC: changes role from  FOLLOWER to CANDIDATE at term 0 for changeToCandidate
2025-09-19 20:43:12,582 [417c597c-13cf-4e34-be96-1680b82aa276@group-9E25D04C2ADC-FollowerState] INFO  impl.RoleInfo (RoleInfo.java:updateAndGet(148)) - 417c597c-13cf-4e34-be96-1680b82aa276: start 417c597c-13cf-4e34-be96-1680b82aa276@group-9E25D04C2ADC-LeaderElection11
2025-09-19 20:43:12,583 [76f4805b-b51d-4900-95ce-acf873710621-groupManagement] INFO  server.RaftServer$Division (RaftServerImpl.java:start(405)) - 76f4805b-b51d-4900-95ce-acf873710621@group-D937AE327C73: start as a follower, conf=conf: {index: -1, cur=peers:[76f4805b-b51d-4900-95ce-acf873710621|127.0.0.1:15071]|listeners:[], old=null}
2025-09-19 20:43:12,583 [76f4805b-b51d-4900-95ce-acf873710621-groupManagement] INFO  server.RaftServer$Division (RaftServerImpl.java:setRole(392)) - 76f4805b-b51d-4900-95ce-acf873710621@group-D937AE327C73: changes role from      null to FOLLOWER at term 0 for startAsFollower
2025-09-19 20:43:12,583 [76f4805b-b51d-4900-95ce-acf873710621-groupManagement] INFO  impl.RoleInfo (RoleInfo.java:updateAndGet(148)) - 76f4805b-b51d-4900-95ce-acf873710621: start 76f4805b-b51d-4900-95ce-acf873710621@group-D937AE327C73-FollowerState
2025-09-19 20:43:12,586 [grpc-default-executor-2] INFO  server.RaftServer (RaftServerProxy.java:addNew(105)) - 76f4805b-b51d-4900-95ce-acf873710621: addNew group-14F278921194:[6b19ddea-00d3-43a8-b068-4376c2353d98|127.0.0.1:15063, 76f4805b-b51d-4900-95ce-acf873710621|127.0.0.1:15071, 2e0fa00c-f693-49a3-a365-75c51b8c5b45|127.0.0.1:15079] returns group-14F278921194:java.util.concurrent.CompletableFuture@1a9128c9[Not completed]
2025-09-19 20:43:12,589 [417c597c-13cf-4e34-be96-1680b82aa276@group-9E25D04C2ADC-LeaderElection11] INFO  impl.LeaderElection (LeaderElection.java:askForVotes(448)) - 417c597c-13cf-4e34-be96-1680b82aa276@group-9E25D04C2ADC-LeaderElection11 PRE_VOTE round 0: submit vote requests at term 0 for conf: {index: -1, cur=peers:[e7feb3b4-5cd1-4322-b271-eb1c248a4412|127.0.0.1:15039, 417c597c-13cf-4e34-be96-1680b82aa276|127.0.0.1:15047, c834ff67-8e28-4894-9cd1-7316b4e587ce|127.0.0.1:15055]|listeners:[], old=null}
2025-09-19 20:43:12,592 [76f4805b-b51d-4900-95ce-acf873710621-groupManagement] INFO  util.JmxRegister (JmxRegister.java:tryRegister(44)) - Successfully registered JMX Bean with object name Ratis:service=RaftServer,group=group-D937AE327C73,id=76f4805b-b51d-4900-95ce-acf873710621
2025-09-19 20:43:12,592 [76f4805b-b51d-4900-95ce-acf873710621-groupManagement] INFO  util.JmxRegister (JmxRegister.java:register(58)) - register mxBean class org.apache.ratis.server.impl.RaftServerJmxAdapter as Ratis:service=RaftServer,group=group-D937AE327C73,id=76f4805b-b51d-4900-95ce-acf873710621
2025-09-19 20:43:12,593 [417c597c-13cf-4e34-be96-1680b82aa276@group-9E25D04C2ADC-LeaderElection11-1] INFO  server.GrpcServerProtocolClient (GrpcServerProtocolClient.java:<init>(65)) - Build channel for e7feb3b4-5cd1-4322-b271-eb1c248a4412|127.0.0.1:15039
2025-09-19 20:43:12,593 [417c597c-13cf-4e34-be96-1680b82aa276@group-9E25D04C2ADC-LeaderElection11-2] INFO  server.GrpcServerProtocolClient (GrpcServerProtocolClient.java:<init>(65)) - Build channel for c834ff67-8e28-4894-9cd1-7316b4e587ce|127.0.0.1:15055
2025-09-19 20:43:12,594 [76f4805b-b51d-4900-95ce-acf873710621-groupManagement] INFO  server.RaftServer$Division (RaftServerImpl.java:start(419)) - 76f4805b-b51d-4900-95ce-acf873710621@group-D937AE327C73: Successfully started.
2025-09-19 20:43:12,594 [76f4805b-b51d-4900-95ce-acf873710621-CreatePipelineCommandHandlerThread-0] INFO  ratis.XceiverServerRatis (XceiverServerRatis.java:addGroup(841)) - Created group Pipeline-9d811586-1446-472b-9c75-d937ae327c73
2025-09-19 20:43:12,595 [76f4805b-b51d-4900-95ce-acf873710621-CreatePipelineCommandHandlerThread-0] INFO  commandhandler.CreatePipelineCommandHandler (CreatePipelineCommandHandler.java:lambda$handle$2(141)) - Created Pipeline RATIS ONE Pipeline-9d811586-1446-472b-9c75-d937ae327c73.
2025-09-19 20:43:12,602 [76f4805b-b51d-4900-95ce-acf873710621-groupManagement] INFO  server.RaftServer$Division (RaftServerImpl.java:<init>(268)) - 76f4805b-b51d-4900-95ce-acf873710621: new RaftServerImpl for group-14F278921194:[6b19ddea-00d3-43a8-b068-4376c2353d98|127.0.0.1:15063, 76f4805b-b51d-4900-95ce-acf873710621|127.0.0.1:15071, 2e0fa00c-f693-49a3-a365-75c51b8c5b45|127.0.0.1:15079] with ContainerStateMachine:uninitialized
2025-09-19 20:43:12,602 [76f4805b-b51d-4900-95ce-acf873710621-groupManagement] INFO  server.RaftServer$Division (ServerState.java:<init>(114)) - 76f4805b-b51d-4900-95ce-acf873710621@group-14F278921194: ConfigurationManager, init=conf: {index: -1, cur=peers:[6b19ddea-00d3-43a8-b068-4376c2353d98|127.0.0.1:15063, 76f4805b-b51d-4900-95ce-acf873710621|127.0.0.1:15071, 2e0fa00c-f693-49a3-a365-75c51b8c5b45|127.0.0.1:15079]|listeners:[], old=null}, confs=<EMPTY_MAP>
2025-09-19 20:43:12,608 [76f4805b-b51d-4900-95ce-acf873710621-groupManagement] INFO  storage.RaftStorageDirectory (RaftStorageDirectoryImpl.java:analyzeStorage(138)) - The storage directory /home/runner/work/ozone/ozone/hadoop-ozone/integration-test/target/test-dir/MiniOzoneClusterImpl-990002c2-bb69-4aa2-bd68-28a5e13e86ef/ozone-metadata/datanode-8/ratis/04d8785e-901f-4565-8460-14f278921194 does not exist. Creating ...
2025-09-19 20:43:12,610 [76f4805b-b51d-4900-95ce-acf873710621-groupManagement] INFO  storage.RaftStorageDirectory (RaftStorageDirectoryImpl.java:tryLock(229)) - Lock on /home/runner/work/ozone/ozone/hadoop-ozone/integration-test/target/test-dir/MiniOzoneClusterImpl-990002c2-bb69-4aa2-bd68-28a5e13e86ef/ozone-metadata/datanode-8/ratis/04d8785e-901f-4565-8460-14f278921194/in_use.lock acquired by nodename 22744@localhost
2025-09-19 20:43:12,611 [grpc-default-executor-2] INFO  server.RaftServer$Division (RaftServerImpl.java:requestVote(1421)) - c834ff67-8e28-4894-9cd1-7316b4e587ce@group-9E25D04C2ADC: receive requestVote(PRE_VOTE, 417c597c-13cf-4e34-be96-1680b82aa276, group-9E25D04C2ADC, 0, <PROTO_DEFAULT>)
2025-09-19 20:43:12,611 [grpc-default-executor-3] INFO  server.RaftServer$Division (RaftServerImpl.java:requestVote(1421)) - e7feb3b4-5cd1-4322-b271-eb1c248a4412@group-9E25D04C2ADC: receive requestVote(PRE_VOTE, 417c597c-13cf-4e34-be96-1680b82aa276, group-9E25D04C2ADC, 0, <PROTO_DEFAULT>)
2025-09-19 20:43:12,611 [grpc-default-executor-3] INFO  impl.VoteContext (VoteContext.java:log(49)) - e7feb3b4-5cd1-4322-b271-eb1c248a4412@group-9E25D04C2ADC-FOLLOWER: accept PRE_VOTE from 417c597c-13cf-4e34-be96-1680b82aa276: our priority 0 <= candidate's priority 1
2025-09-19 20:43:12,611 [grpc-default-executor-2] INFO  impl.VoteContext (VoteContext.java:log(49)) - c834ff67-8e28-4894-9cd1-7316b4e587ce@group-9E25D04C2ADC-FOLLOWER: accept PRE_VOTE from 417c597c-13cf-4e34-be96-1680b82aa276: our priority 0 <= candidate's priority 1
2025-09-19 20:43:12,612 [grpc-default-executor-2] INFO  server.RaftServer$Division (RaftServerImpl.java:requestVote(1455)) - c834ff67-8e28-4894-9cd1-7316b4e587ce@group-9E25D04C2ADC replies to PRE_VOTE vote request: 417c597c-13cf-4e34-be96-1680b82aa276<-c834ff67-8e28-4894-9cd1-7316b4e587ce#0:OK-t0-last:<INITIAL_VALUE>. Peer's state: c834ff67-8e28-4894-9cd1-7316b4e587ce@group-9E25D04C2ADC:t0, leader=null, voted=, raftlog=Memoized:c834ff67-8e28-4894-9cd1-7316b4e587ce@group-9E25D04C2ADC-SegmentedRaftLog:OPENED:c-1:lastnull, conf=conf: {index: -1, cur=peers:[e7feb3b4-5cd1-4322-b271-eb1c248a4412|127.0.0.1:15039, 417c597c-13cf-4e34-be96-1680b82aa276|127.0.0.1:15047, c834ff67-8e28-4894-9cd1-7316b4e587ce|127.0.0.1:15055]|listeners:[], old=null}
2025-09-19 20:43:12,613 [grpc-default-executor-3] INFO  server.RaftServer$Division (RaftServerImpl.java:requestVote(1455)) - e7feb3b4-5cd1-4322-b271-eb1c248a4412@group-9E25D04C2ADC replies to PRE_VOTE vote request: 417c597c-13cf-4e34-be96-1680b82aa276<-e7feb3b4-5cd1-4322-b271-eb1c248a4412#0:OK-t0-last:<INITIAL_VALUE>. Peer's state: e7feb3b4-5cd1-4322-b271-eb1c248a4412@group-9E25D04C2ADC:t0, leader=null, voted=, raftlog=Memoized:e7feb3b4-5cd1-4322-b271-eb1c248a4412@group-9E25D04C2ADC-SegmentedRaftLog:OPENED:c-1:lastnull, conf=conf: {index: -1, cur=peers:[e7feb3b4-5cd1-4322-b271-eb1c248a4412|127.0.0.1:15039, 417c597c-13cf-4e34-be96-1680b82aa276|127.0.0.1:15047, c834ff67-8e28-4894-9cd1-7316b4e587ce|127.0.0.1:15055]|listeners:[], old=null}
2025-09-19 20:43:12,615 [76f4805b-b51d-4900-95ce-acf873710621-groupManagement] INFO  storage.RaftStorage (RaftStorageImpl.java:format(98)) - Storage directory /home/runner/work/ozone/ozone/hadoop-ozone/integration-test/target/test-dir/MiniOzoneClusterImpl-990002c2-bb69-4aa2-bd68-28a5e13e86ef/ozone-metadata/datanode-8/ratis/04d8785e-901f-4565-8460-14f278921194 has been successfully formatted.
2025-09-19 20:43:12,615 [76f4805b-b51d-4900-95ce-acf873710621-groupManagement] INFO  ratis.ContainerStateMachine (ContainerStateMachine.java:initialize(339)) - 76f4805b-b51d-4900-95ce-acf873710621: initialize group-14F278921194
2025-09-19 20:43:12,615 [76f4805b-b51d-4900-95ce-acf873710621-groupManagement] INFO  ratis.ContainerStateMachine (ContainerStateMachine.java:loadSnapshot(347)) - group-14F278921194: The snapshot info is null. Setting the last applied index to:<INITIAL_VALUE>
2025-09-19 20:43:12,616 [76f4805b-b51d-4900-95ce-acf873710621-groupManagement] INFO  server.RaftServerConfigKeys (ConfUtils.java:logGet(62)) - raft.server.log.appender.buffer.byte-limit = 33554432 (custom)
2025-09-19 20:43:12,617 [417c597c-13cf-4e34-be96-1680b82aa276@group-9E25D04C2ADC-LeaderElection11] INFO  impl.LeaderElection (LeaderElection.java:logAndReturn(206)) - 417c597c-13cf-4e34-be96-1680b82aa276@group-9E25D04C2ADC-LeaderElection11: PRE_VOTE PASSED received 1 response(s) and 0 exception(s):
2025-09-19 20:43:12,617 [417c597c-13cf-4e34-be96-1680b82aa276@group-9E25D04C2ADC-LeaderElection11] INFO  impl.LeaderElection (LeaderElection.java:logAndReturn(210)) -   Response 0: 417c597c-13cf-4e34-be96-1680b82aa276<-c834ff67-8e28-4894-9cd1-7316b4e587ce#0:OK-t0-last:<INITIAL_VALUE>
2025-09-19 20:43:12,618 [417c597c-13cf-4e34-be96-1680b82aa276@group-9E25D04C2ADC-LeaderElection11] INFO  impl.LeaderElection (LeaderElection.java:askForVotes(450)) - 417c597c-13cf-4e34-be96-1680b82aa276@group-9E25D04C2ADC-LeaderElection11 PRE_VOTE round 0: result PASSED
2025-09-19 20:43:12,618 [76f4805b-b51d-4900-95ce-acf873710621-groupManagement] INFO  server.RaftServerConfigKeys (ConfUtils.java:logGet(62)) - raft.server.log.segment.size.max = 67108864 (custom)
2025-09-19 20:43:12,619 [76f4805b-b51d-4900-95ce-acf873710621-groupManagement] INFO  server.RaftServerConfigKeys (ConfUtils.java:logGet(62)) - raft.server.log.appender.buffer.byte-limit = 33554432 (custom)
2025-09-19 20:43:12,620 [76f4805b-b51d-4900-95ce-acf873710621-groupManagement] INFO  util.AwaitToRun (AwaitToRun.java:start(81)) - Thread[#1394,76f4805b-b51d-4900-95ce-acf873710621@group-14F278921194-cacheEviction-AwaitToRun,5,main] started
2025-09-19 20:43:12,620 [417c597c-13cf-4e34-be96-1680b82aa276@group-9E25D04C2ADC-LeaderElection11] INFO  impl.LeaderElection (LeaderElection.java:askForVotes(448)) - 417c597c-13cf-4e34-be96-1680b82aa276@group-9E25D04C2ADC-LeaderElection11 ELECTION round 0: submit vote requests at term 1 for conf: {index: -1, cur=peers:[e7feb3b4-5cd1-4322-b271-eb1c248a4412|127.0.0.1:15039, 417c597c-13cf-4e34-be96-1680b82aa276|127.0.0.1:15047, c834ff67-8e28-4894-9cd1-7316b4e587ce|127.0.0.1:15055]|listeners:[], old=null}
2025-09-19 20:43:12,620 [76f4805b-b51d-4900-95ce-acf873710621-groupManagement] INFO  segmented.SegmentedRaftLogWorker (SegmentedRaftLogWorker.java:<init>(190)) - new 76f4805b-b51d-4900-95ce-acf873710621@group-14F278921194-SegmentedRaftLogWorker for RaftStorageImpl:Storage Directory /home/runner/work/ozone/ozone/hadoop-ozone/integration-test/target/test-dir/MiniOzoneClusterImpl-990002c2-bb69-4aa2-bd68-28a5e13e86ef/ozone-metadata/datanode-8/ratis/04d8785e-901f-4565-8460-14f278921194
2025-09-19 20:43:12,621 [76f4805b-b51d-4900-95ce-acf873710621-groupManagement] INFO  server.RaftServerConfigKeys (ConfUtils.java:logGet(62)) - raft.server.log.queue.byte-limit = 4294967296 (custom)
2025-09-19 20:43:12,621 [76f4805b-b51d-4900-95ce-acf873710621-groupManagement] INFO  server.RaftServerConfigKeys (ConfUtils.java:logGet(62)) - raft.server.log.segment.size.max = 67108864 (custom)
2025-09-19 20:43:12,621 [76f4805b-b51d-4900-95ce-acf873710621-groupManagement] INFO  server.RaftServerConfigKeys (ConfUtils.java:logGet(62)) - raft.server.log.preallocated.size = 4194304 (custom)
2025-09-19 20:43:12,621 [76f4805b-b51d-4900-95ce-acf873710621-groupManagement] INFO  server.RaftServerConfigKeys (ConfUtils.java:logGet(62)) - raft.server.log.write.buffer.size = 33554440 (custom)
2025-09-19 20:43:12,625 [grpc-default-executor-3] INFO  server.RaftServer$Division (RaftServerImpl.java:requestVote(1421)) - e7feb3b4-5cd1-4322-b271-eb1c248a4412@group-9E25D04C2ADC: receive requestVote(ELECTION, 417c597c-13cf-4e34-be96-1680b82aa276, group-9E25D04C2ADC, 1, <PROTO_DEFAULT>)
2025-09-19 20:43:12,625 [grpc-default-executor-3] INFO  impl.VoteContext (VoteContext.java:log(49)) - e7feb3b4-5cd1-4322-b271-eb1c248a4412@group-9E25D04C2ADC-FOLLOWER: accept ELECTION from 417c597c-13cf-4e34-be96-1680b82aa276: our priority 0 <= candidate's priority 1
2025-09-19 20:43:12,625 [grpc-default-executor-3] INFO  server.RaftServer$Division (RaftServerImpl.java:setRole(392)) - e7feb3b4-5cd1-4322-b271-eb1c248a4412@group-9E25D04C2ADC: changes role from  FOLLOWER to FOLLOWER at term 0 for candidate:417c597c-13cf-4e34-be96-1680b82aa276
2025-09-19 20:43:12,625 [grpc-default-executor-3] INFO  impl.RoleInfo (RoleInfo.java:shutdownFollowerState(121)) - e7feb3b4-5cd1-4322-b271-eb1c248a4412: shutdown e7feb3b4-5cd1-4322-b271-eb1c248a4412@group-9E25D04C2ADC-FollowerState
2025-09-19 20:43:12,625 [e7feb3b4-5cd1-4322-b271-eb1c248a4412@group-9E25D04C2ADC-FollowerState] INFO  impl.FollowerState (FollowerState.java:runImpl(170)) - e7feb3b4-5cd1-4322-b271-eb1c248a4412@group-9E25D04C2ADC-FollowerState was interrupted
2025-09-19 20:43:12,625 [grpc-default-executor-3] INFO  impl.RoleInfo (RoleInfo.java:updateAndGet(148)) - e7feb3b4-5cd1-4322-b271-eb1c248a4412: start e7feb3b4-5cd1-4322-b271-eb1c248a4412@group-9E25D04C2ADC-FollowerState
2025-09-19 20:43:12,628 [grpc-default-executor-3] INFO  server.RaftServer$Division (RaftServerImpl.java:setFirstElection(576)) - e7feb3b4-5cd1-4322-b271-eb1c248a4412@group-9E25D04C2ADC: set firstElectionSinceStartup to false for candidate:417c597c-13cf-4e34-be96-1680b82aa276
2025-09-19 20:43:12,630 [grpc-default-executor-2] INFO  server.RaftServer$Division (RaftServerImpl.java:requestVote(1421)) - c834ff67-8e28-4894-9cd1-7316b4e587ce@group-9E25D04C2ADC: receive requestVote(ELECTION, 417c597c-13cf-4e34-be96-1680b82aa276, group-9E25D04C2ADC, 1, <PROTO_DEFAULT>)
2025-09-19 20:43:12,630 [grpc-default-executor-2] INFO  impl.VoteContext (VoteContext.java:log(49)) - c834ff67-8e28-4894-9cd1-7316b4e587ce@group-9E25D04C2ADC-FOLLOWER: accept ELECTION from 417c597c-13cf-4e34-be96-1680b82aa276: our priority 0 <= candidate's priority 1
2025-09-19 20:43:12,631 [grpc-default-executor-2] INFO  server.RaftServer$Division (RaftServerImpl.java:setRole(392)) - c834ff67-8e28-4894-9cd1-7316b4e587ce@group-9E25D04C2ADC: changes role from  FOLLOWER to FOLLOWER at term 0 for candidate:417c597c-13cf-4e34-be96-1680b82aa276
2025-09-19 20:43:12,631 [grpc-default-executor-2] INFO  impl.RoleInfo (RoleInfo.java:shutdownFollowerState(121)) - c834ff67-8e28-4894-9cd1-7316b4e587ce: shutdown c834ff67-8e28-4894-9cd1-7316b4e587ce@group-9E25D04C2ADC-FollowerState
2025-09-19 20:43:12,631 [grpc-default-executor-2] INFO  impl.RoleInfo (RoleInfo.java:updateAndGet(148)) - c834ff67-8e28-4894-9cd1-7316b4e587ce: start c834ff67-8e28-4894-9cd1-7316b4e587ce@group-9E25D04C2ADC-FollowerState
2025-09-19 20:43:12,630 [76f4805b-b51d-4900-95ce-acf873710621-groupManagement] INFO  server.RaftServerConfigKeys (ConfUtils.java:logGet(62)) - raft.server.log.appender.buffer.byte-limit = 33554432 (custom)
2025-09-19 20:43:12,631 [grpc-default-executor-3] INFO  server.RaftServer$Division (RaftServerImpl.java:requestVote(1455)) - e7feb3b4-5cd1-4322-b271-eb1c248a4412@group-9E25D04C2ADC replies to ELECTION vote request: 417c597c-13cf-4e34-be96-1680b82aa276<-e7feb3b4-5cd1-4322-b271-eb1c248a4412#0:OK-t1-last:<INITIAL_VALUE>. Peer's state: e7feb3b4-5cd1-4322-b271-eb1c248a4412@group-9E25D04C2ADC:t1, leader=null, voted=417c597c-13cf-4e34-be96-1680b82aa276, raftlog=Memoized:e7feb3b4-5cd1-4322-b271-eb1c248a4412@group-9E25D04C2ADC-SegmentedRaftLog:OPENED:c-1:lastnull, conf=conf: {index: -1, cur=peers:[e7feb3b4-5cd1-4322-b271-eb1c248a4412|127.0.0.1:15039, 417c597c-13cf-4e34-be96-1680b82aa276|127.0.0.1:15047, c834ff67-8e28-4894-9cd1-7316b4e587ce|127.0.0.1:15055]|listeners:[], old=null}
2025-09-19 20:43:12,632 [76f4805b-b51d-4900-95ce-acf873710621-groupManagement] INFO  segmented.SegmentedRaftLogWorker (SegmentedRaftLogWorker.java:lambda$new$0(141)) - 76f4805b-b51d-4900-95ce-acf873710621@group-14F278921194-SegmentedRaftLogWorker: flushIndex: setUnconditionally 0 -> -1
2025-09-19 20:43:12,632 [76f4805b-b51d-4900-95ce-acf873710621-groupManagement] INFO  segmented.SegmentedRaftLogWorker (SegmentedRaftLogWorker.java:lambda$new$0(141)) - 76f4805b-b51d-4900-95ce-acf873710621@group-14F278921194-SegmentedRaftLogWorker: safeCacheEvictIndex: setUnconditionally 0 -> -1
2025-09-19 20:43:12,632 [grpc-default-executor-2] INFO  server.RaftServer$Division (RaftServerImpl.java:setFirstElection(576)) - c834ff67-8e28-4894-9cd1-7316b4e587ce@group-9E25D04C2ADC: set firstElectionSinceStartup to false for candidate:417c597c-13cf-4e34-be96-1680b82aa276
2025-09-19 20:43:12,632 [c834ff67-8e28-4894-9cd1-7316b4e587ce@group-9E25D04C2ADC-FollowerState] INFO  impl.FollowerState (FollowerState.java:runImpl(170)) - c834ff67-8e28-4894-9cd1-7316b4e587ce@group-9E25D04C2ADC-FollowerState was interrupted
2025-09-19 20:43:12,634 [76f4805b-b51d-4900-95ce-acf873710621-groupManagement] INFO  server.RaftServer$Division (RaftServerImpl.java:start(405)) - 76f4805b-b51d-4900-95ce-acf873710621@group-14F278921194: start as a follower, conf=conf: {index: -1, cur=peers:[6b19ddea-00d3-43a8-b068-4376c2353d98|127.0.0.1:15063, 76f4805b-b51d-4900-95ce-acf873710621|127.0.0.1:15071, 2e0fa00c-f693-49a3-a365-75c51b8c5b45|127.0.0.1:15079]|listeners:[], old=null}
2025-09-19 20:43:12,634 [76f4805b-b51d-4900-95ce-acf873710621-groupManagement] INFO  server.RaftServer$Division (RaftServerImpl.java:setRole(392)) - 76f4805b-b51d-4900-95ce-acf873710621@group-14F278921194: changes role from      null to FOLLOWER at term 0 for startAsFollower
2025-09-19 20:43:12,634 [76f4805b-b51d-4900-95ce-acf873710621-groupManagement] INFO  impl.RoleInfo (RoleInfo.java:updateAndGet(148)) - 76f4805b-b51d-4900-95ce-acf873710621: start 76f4805b-b51d-4900-95ce-acf873710621@group-14F278921194-FollowerState
2025-09-19 20:43:12,635 [grpc-default-executor-2] INFO  server.RaftServer$Division (RaftServerImpl.java:requestVote(1455)) - c834ff67-8e28-4894-9cd1-7316b4e587ce@group-9E25D04C2ADC replies to ELECTION vote request: 417c597c-13cf-4e34-be96-1680b82aa276<-c834ff67-8e28-4894-9cd1-7316b4e587ce#0:OK-t1-last:<INITIAL_VALUE>. Peer's state: c834ff67-8e28-4894-9cd1-7316b4e587ce@group-9E25D04C2ADC:t1, leader=null, voted=417c597c-13cf-4e34-be96-1680b82aa276, raftlog=Memoized:c834ff67-8e28-4894-9cd1-7316b4e587ce@group-9E25D04C2ADC-SegmentedRaftLog:OPENED:c-1:lastnull, conf=conf: {index: -1, cur=peers:[e7feb3b4-5cd1-4322-b271-eb1c248a4412|127.0.0.1:15039, 417c597c-13cf-4e34-be96-1680b82aa276|127.0.0.1:15047, c834ff67-8e28-4894-9cd1-7316b4e587ce|127.0.0.1:15055]|listeners:[], old=null}
2025-09-19 20:43:12,635 [417c597c-13cf-4e34-be96-1680b82aa276@group-9E25D04C2ADC-LeaderElection11] INFO  impl.LeaderElection (LeaderElection.java:logAndReturn(206)) - 417c597c-13cf-4e34-be96-1680b82aa276@group-9E25D04C2ADC-LeaderElection11: ELECTION PASSED received 1 response(s) and 0 exception(s):
2025-09-19 20:43:12,636 [417c597c-13cf-4e34-be96-1680b82aa276@group-9E25D04C2ADC-LeaderElection11] INFO  impl.LeaderElection (LeaderElection.java:logAndReturn(210)) -   Response 0: 417c597c-13cf-4e34-be96-1680b82aa276<-e7feb3b4-5cd1-4322-b271-eb1c248a4412#0:OK-t1-last:<INITIAL_VALUE>
2025-09-19 20:43:12,636 [76f4805b-b51d-4900-95ce-acf873710621-groupManagement] INFO  util.JmxRegister (JmxRegister.java:tryRegister(44)) - Successfully registered JMX Bean with object name Ratis:service=RaftServer,group=group-14F278921194,id=76f4805b-b51d-4900-95ce-acf873710621
2025-09-19 20:43:12,636 [76f4805b-b51d-4900-95ce-acf873710621-groupManagement] INFO  util.JmxRegister (JmxRegister.java:register(58)) - register mxBean class org.apache.ratis.server.impl.RaftServerJmxAdapter as Ratis:service=RaftServer,group=group-14F278921194,id=76f4805b-b51d-4900-95ce-acf873710621
2025-09-19 20:43:12,636 [417c597c-13cf-4e34-be96-1680b82aa276@group-9E25D04C2ADC-LeaderElection11] INFO  impl.LeaderElection (LeaderElection.java:askForVotes(450)) - 417c597c-13cf-4e34-be96-1680b82aa276@group-9E25D04C2ADC-LeaderElection11 ELECTION round 0: result PASSED
2025-09-19 20:43:12,636 [417c597c-13cf-4e34-be96-1680b82aa276@group-9E25D04C2ADC-LeaderElection11] INFO  impl.RoleInfo (RoleInfo.java:shutdownLeaderElection(141)) - 417c597c-13cf-4e34-be96-1680b82aa276: shutdown 417c597c-13cf-4e34-be96-1680b82aa276@group-9E25D04C2ADC-LeaderElection11
2025-09-19 20:43:12,637 [417c597c-13cf-4e34-be96-1680b82aa276@group-9E25D04C2ADC-LeaderElection11] INFO  server.RaftServer$Division (RaftServerImpl.java:setRole(392)) - 417c597c-13cf-4e34-be96-1680b82aa276@group-9E25D04C2ADC: changes role from CANDIDATE to LEADER at term 1 for changeToLeader
2025-09-19 20:43:12,637 [417c597c-13cf-4e34-be96-1680b82aa276@group-9E25D04C2ADC-LeaderElection11] INFO  server.RaftServerConfigKeys (ConfUtils.java:logFallback(69)) - raft.server.staging.timeout = 3600ms (fallback to raft.server.rpc.timeout.max)
2025-09-19 20:43:12,637 [417c597c-13cf-4e34-be96-1680b82aa276@group-9E25D04C2ADC-LeaderElection11] INFO  server.RaftServerConfigKeys (ConfUtils.java:logGet(62)) - raft.server.write.byte-limit = 1024 M (=1073741824) (custom)
2025-09-19 20:43:12,639 [417c597c-13cf-4e34-be96-1680b82aa276@group-9E25D04C2ADC-LeaderElection11] INFO  server.RaftServerConfigKeys (ConfUtils.java:logGet(62)) - raft.server.log.appender.buffer.byte-limit = 33554432 (custom)
2025-09-19 20:43:12,640 [76f4805b-b51d-4900-95ce-acf873710621-groupManagement] INFO  server.RaftServer$Division (RaftServerImpl.java:start(419)) - 76f4805b-b51d-4900-95ce-acf873710621@group-14F278921194: Successfully started.
2025-09-19 20:43:12,641 [417c597c-13cf-4e34-be96-1680b82aa276@group-9E25D04C2ADC-LeaderElection11] INFO  server.RaftServerConfigKeys (ConfUtils.java:logGet(62)) - raft.server.log.appender.buffer.byte-limit = 33554432 (custom)
2025-09-19 20:43:12,641 [417c597c-13cf-4e34-be96-1680b82aa276@group-9E25D04C2ADC-LeaderElection11] INFO  impl.RoleInfo (RoleInfo.java:updateAndGet(148)) - 417c597c-13cf-4e34-be96-1680b82aa276: start 417c597c-13cf-4e34-be96-1680b82aa276@group-9E25D04C2ADC-LeaderStateImpl
2025-09-19 20:43:12,641 [417c597c-13cf-4e34-be96-1680b82aa276@group-9E25D04C2ADC-LeaderElection11] INFO  server.RaftServer$Division (RaftServerImpl.java:setFirstElection(576)) - 417c597c-13cf-4e34-be96-1680b82aa276@group-9E25D04C2ADC: set firstElectionSinceStartup to false for becomeLeader
2025-09-19 20:43:12,642 [417c597c-13cf-4e34-be96-1680b82aa276@group-9E25D04C2ADC-LeaderElection11] INFO  ratis.XceiverServerRatis (XceiverServerRatis.java:handleLeaderChangedNotification(942)) - Leader change notification received for group: group-9E25D04C2ADC with new leaderId: 417c597c-13cf-4e34-be96-1680b82aa276
2025-09-19 20:43:12,643 [417c597c-13cf-4e34-be96-1680b82aa276@group-9E25D04C2ADC-LeaderElection11] INFO  server.RaftServer$Division (ServerState.java:setLeader(272)) - 417c597c-13cf-4e34-be96-1680b82aa276@group-9E25D04C2ADC: change Leader from null to 417c597c-13cf-4e34-be96-1680b82aa276 at term 1 for becomeLeader, leader elected after 1130ms
2025-09-19 20:43:12,643 [417c597c-13cf-4e34-be96-1680b82aa276@group-9E25D04C2ADC-LeaderElection11] INFO  segmented.SegmentedRaftLogWorker (SegmentedRaftLogWorker.java:startLogSegment(440)) - 417c597c-13cf-4e34-be96-1680b82aa276@group-9E25D04C2ADC-SegmentedRaftLogWorker: Starting segment from index:0
2025-09-19 20:43:12,644 [417c597c-13cf-4e34-be96-1680b82aa276@group-9E25D04C2ADC-LeaderElection11] INFO  server.RaftServer$Division (ServerState.java:setRaftConf(386)) - 417c597c-13cf-4e34-be96-1680b82aa276@group-9E25D04C2ADC: set configuration conf: {index: 0, cur=peers:[e7feb3b4-5cd1-4322-b271-eb1c248a4412|127.0.0.1:15039, 417c597c-13cf-4e34-be96-1680b82aa276|127.0.0.1:15047, c834ff67-8e28-4894-9cd1-7316b4e587ce|127.0.0.1:15055]|listeners:[], old=null}
2025-09-19 20:43:12,645 [417c597c-13cf-4e34-be96-1680b82aa276@group-9E25D04C2ADC-SegmentedRaftLogWorker] INFO  segmented.BufferedWriteChannel (BufferedWriteChannel.java:open(61)) - open log_inprogress_0 at position 0
2025-09-19 20:43:12,649 [6b19ddea-00d3-43a8-b068-4376c2353d98-CreatePipelineCommandHandlerThread-0] INFO  commandhandler.CreatePipelineCommandHandler (CreatePipelineCommandHandler.java:lambda$handle$2(141)) - Created Pipeline RATIS THREE Pipeline-04d8785e-901f-4565-8460-14f278921194.
2025-09-19 20:43:12,657 [EventQueue-PipelineReportForPipelineReportHandler] INFO  pipeline.PipelineReportHandler (PipelineReportHandler.java:processPipelineReport(132)) - Opened pipeline Pipeline-9000e871-2414-43c0-9d82-9e25d04c2adc
2025-09-19 20:43:12,659 [417c597c-13cf-4e34-be96-1680b82aa276@group-9E25D04C2ADC-SegmentedRaftLogWorker] INFO  segmented.SegmentedRaftLogWorker (SegmentedRaftLogWorker.java:execute(647)) - 417c597c-13cf-4e34-be96-1680b82aa276@group-9E25D04C2ADC-SegmentedRaftLogWorker: created new log segment /home/runner/work/ozone/ozone/hadoop-ozone/integration-test/target/test-dir/MiniOzoneClusterImpl-990002c2-bb69-4aa2-bd68-28a5e13e86ef/ozone-metadata/datanode-5/ratis/9000e871-2414-43c0-9d82-9e25d04c2adc/current/log_inprogress_0
2025-09-19 20:43:12,663 [grpc-default-executor-4] INFO  ratis.XceiverServerRatis (XceiverServerRatis.java:handleLeaderChangedNotification(942)) - Leader change notification received for group: group-9E25D04C2ADC with new leaderId: 417c597c-13cf-4e34-be96-1680b82aa276
2025-09-19 20:43:12,664 [grpc-default-executor-4] INFO  server.RaftServer$Division (ServerState.java:setLeader(272)) - e7feb3b4-5cd1-4322-b271-eb1c248a4412@group-9E25D04C2ADC: change Leader from null to 417c597c-13cf-4e34-be96-1680b82aa276 at term 1 for appendEntries, leader elected after 1185ms
2025-09-19 20:43:12,665 [grpc-default-executor-4] INFO  server.RaftServer$Division (ServerState.java:setRaftConf(386)) - e7feb3b4-5cd1-4322-b271-eb1c248a4412@group-9E25D04C2ADC: set configuration conf: {index: 0, cur=peers:[e7feb3b4-5cd1-4322-b271-eb1c248a4412|127.0.0.1:15039, 417c597c-13cf-4e34-be96-1680b82aa276|127.0.0.1:15047, c834ff67-8e28-4894-9cd1-7316b4e587ce|127.0.0.1:15055]|listeners:[], old=null}
2025-09-19 20:43:12,666 [grpc-default-executor-4] INFO  segmented.SegmentedRaftLogWorker (SegmentedRaftLogWorker.java:startLogSegment(440)) - e7feb3b4-5cd1-4322-b271-eb1c248a4412@group-9E25D04C2ADC-SegmentedRaftLogWorker: Starting segment from index:0
2025-09-19 20:43:12,665 [grpc-default-executor-2] INFO  ratis.XceiverServerRatis (XceiverServerRatis.java:handleLeaderChangedNotification(942)) - Leader change notification received for group: group-9E25D04C2ADC with new leaderId: 417c597c-13cf-4e34-be96-1680b82aa276
2025-09-19 20:43:12,668 [grpc-default-executor-2] INFO  server.RaftServer$Division (ServerState.java:setLeader(272)) - c834ff67-8e28-4894-9cd1-7316b4e587ce@group-9E25D04C2ADC: change Leader from null to 417c597c-13cf-4e34-be96-1680b82aa276 at term 1 for appendEntries, leader elected after 1106ms
2025-09-19 20:43:12,671 [e7feb3b4-5cd1-4322-b271-eb1c248a4412@group-E6E6502686A8-FollowerState] INFO  impl.FollowerState (FollowerState.java:runImpl(161)) - e7feb3b4-5cd1-4322-b271-eb1c248a4412@group-E6E6502686A8-FollowerState: change to CANDIDATE, lastRpcElapsedTime:1200483622ns, electionTimeout:1197ms
2025-09-19 20:43:12,671 [e7feb3b4-5cd1-4322-b271-eb1c248a4412@group-E6E6502686A8-FollowerState] INFO  impl.RoleInfo (RoleInfo.java:shutdownFollowerState(121)) - e7feb3b4-5cd1-4322-b271-eb1c248a4412: shutdown e7feb3b4-5cd1-4322-b271-eb1c248a4412@group-E6E6502686A8-FollowerState
2025-09-19 20:43:12,671 [e7feb3b4-5cd1-4322-b271-eb1c248a4412@group-E6E6502686A8-FollowerState] INFO  server.RaftServer$Division (RaftServerImpl.java:setRole(392)) - e7feb3b4-5cd1-4322-b271-eb1c248a4412@group-E6E6502686A8: changes role from  FOLLOWER to CANDIDATE at term 0 for changeToCandidate
2025-09-19 20:43:12,671 [e7feb3b4-5cd1-4322-b271-eb1c248a4412@group-E6E6502686A8-FollowerState] INFO  impl.RoleInfo (RoleInfo.java:updateAndGet(148)) - e7feb3b4-5cd1-4322-b271-eb1c248a4412: start e7feb3b4-5cd1-4322-b271-eb1c248a4412@group-E6E6502686A8-LeaderElection12
2025-09-19 20:43:12,672 [e7feb3b4-5cd1-4322-b271-eb1c248a4412@group-E6E6502686A8-LeaderElection12] INFO  impl.LeaderElection (LeaderElection.java:askForVotes(448)) - e7feb3b4-5cd1-4322-b271-eb1c248a4412@group-E6E6502686A8-LeaderElection12 PRE_VOTE round 0: submit vote requests at term 0 for conf: {index: -1, cur=peers:[e7feb3b4-5cd1-4322-b271-eb1c248a4412|127.0.0.1:15039]|listeners:[], old=null}
2025-09-19 20:43:12,672 [e7feb3b4-5cd1-4322-b271-eb1c248a4412@group-E6E6502686A8-LeaderElection12] INFO  impl.LeaderElection (LeaderElection.java:askForVotes(450)) - e7feb3b4-5cd1-4322-b271-eb1c248a4412@group-E6E6502686A8-LeaderElection12 PRE_VOTE round 0: result PASSED (term=0)
2025-09-19 20:43:12,673 [grpc-default-executor-3] INFO  server.RaftServer$Division (ServerState.java:setRaftConf(386)) - c834ff67-8e28-4894-9cd1-7316b4e587ce@group-9E25D04C2ADC: set configuration conf: {index: 0, cur=peers:[e7feb3b4-5cd1-4322-b271-eb1c248a4412|127.0.0.1:15039, 417c597c-13cf-4e34-be96-1680b82aa276|127.0.0.1:15047, c834ff67-8e28-4894-9cd1-7316b4e587ce|127.0.0.1:15055]|listeners:[], old=null}
2025-09-19 20:43:12,674 [grpc-default-executor-3] INFO  segmented.SegmentedRaftLogWorker (SegmentedRaftLogWorker.java:startLogSegment(440)) - c834ff67-8e28-4894-9cd1-7316b4e587ce@group-9E25D04C2ADC-SegmentedRaftLogWorker: Starting segment from index:0
2025-09-19 20:43:12,674 [e7feb3b4-5cd1-4322-b271-eb1c248a4412@group-9E25D04C2ADC-SegmentedRaftLogWorker] INFO  segmented.BufferedWriteChannel (BufferedWriteChannel.java:open(61)) - open log_inprogress_0 at position 0
2025-09-19 20:43:12,675 [c834ff67-8e28-4894-9cd1-7316b4e587ce@group-9E25D04C2ADC-SegmentedRaftLogWorker] INFO  segmented.BufferedWriteChannel (BufferedWriteChannel.java:open(61)) - open log_inprogress_0 at position 0
2025-09-19 20:43:12,678 [e7feb3b4-5cd1-4322-b271-eb1c248a4412@group-E6E6502686A8-LeaderElection12] INFO  impl.LeaderElection (LeaderElection.java:askForVotes(448)) - e7feb3b4-5cd1-4322-b271-eb1c248a4412@group-E6E6502686A8-LeaderElection12 ELECTION round 0: submit vote requests at term 1 for conf: {index: -1, cur=peers:[e7feb3b4-5cd1-4322-b271-eb1c248a4412|127.0.0.1:15039]|listeners:[], old=null}
2025-09-19 20:43:12,678 [e7feb3b4-5cd1-4322-b271-eb1c248a4412@group-E6E6502686A8-LeaderElection12] INFO  impl.LeaderElection (LeaderElection.java:askForVotes(450)) - e7feb3b4-5cd1-4322-b271-eb1c248a4412@group-E6E6502686A8-LeaderElection12 ELECTION round 0: result PASSED (term=1)
2025-09-19 20:43:12,678 [e7feb3b4-5cd1-4322-b271-eb1c248a4412@group-E6E6502686A8-LeaderElection12] INFO  impl.RoleInfo (RoleInfo.java:shutdownLeaderElection(141)) - e7feb3b4-5cd1-4322-b271-eb1c248a4412: shutdown e7feb3b4-5cd1-4322-b271-eb1c248a4412@group-E6E6502686A8-LeaderElection12
2025-09-19 20:43:12,679 [e7feb3b4-5cd1-4322-b271-eb1c248a4412@group-E6E6502686A8-LeaderElection12] INFO  server.RaftServer$Division (RaftServerImpl.java:setRole(392)) - e7feb3b4-5cd1-4322-b271-eb1c248a4412@group-E6E6502686A8: changes role from CANDIDATE to LEADER at term 1 for changeToLeader
2025-09-19 20:43:12,679 [e7feb3b4-5cd1-4322-b271-eb1c248a4412@group-E6E6502686A8-LeaderElection12] INFO  server.RaftServerConfigKeys (ConfUtils.java:logFallback(69)) - raft.server.staging.timeout = 3600ms (fallback to raft.server.rpc.timeout.max)
2025-09-19 20:43:12,679 [e7feb3b4-5cd1-4322-b271-eb1c248a4412@group-E6E6502686A8-LeaderElection12] INFO  server.RaftServerConfigKeys (ConfUtils.java:logGet(62)) - raft.server.write.byte-limit = 1024 M (=1073741824) (custom)
2025-09-19 20:43:12,683 [e7feb3b4-5cd1-4322-b271-eb1c248a4412@group-E6E6502686A8-LeaderElection12] INFO  impl.RoleInfo (RoleInfo.java:updateAndGet(148)) - e7feb3b4-5cd1-4322-b271-eb1c248a4412: start e7feb3b4-5cd1-4322-b271-eb1c248a4412@group-E6E6502686A8-LeaderStateImpl
2025-09-19 20:43:12,683 [e7feb3b4-5cd1-4322-b271-eb1c248a4412@group-E6E6502686A8-LeaderElection12] INFO  server.RaftServer$Division (RaftServerImpl.java:setFirstElection(576)) - e7feb3b4-5cd1-4322-b271-eb1c248a4412@group-E6E6502686A8: set firstElectionSinceStartup to false for becomeLeader
2025-09-19 20:43:12,683 [e7feb3b4-5cd1-4322-b271-eb1c248a4412@group-E6E6502686A8-LeaderElection12] INFO  ratis.XceiverServerRatis (XceiverServerRatis.java:handleLeaderChangedNotification(942)) - Leader change notification received for group: group-E6E6502686A8 with new leaderId: e7feb3b4-5cd1-4322-b271-eb1c248a4412
2025-09-19 20:43:12,683 [e7feb3b4-5cd1-4322-b271-eb1c248a4412@group-E6E6502686A8-LeaderElection12] INFO  server.RaftServer$Division (ServerState.java:setLeader(272)) - e7feb3b4-5cd1-4322-b271-eb1c248a4412@group-E6E6502686A8: change Leader from null to e7feb3b4-5cd1-4322-b271-eb1c248a4412 at term 1 for becomeLeader, leader elected after 1256ms
2025-09-19 20:43:12,688 [e7feb3b4-5cd1-4322-b271-eb1c248a4412@group-E6E6502686A8-LeaderElection12] INFO  segmented.SegmentedRaftLogWorker (SegmentedRaftLogWorker.java:startLogSegment(440)) - e7feb3b4-5cd1-4322-b271-eb1c248a4412@group-E6E6502686A8-SegmentedRaftLogWorker: Starting segment from index:0
2025-09-19 20:43:12,689 [e7feb3b4-5cd1-4322-b271-eb1c248a4412@group-E6E6502686A8-LeaderElection12] INFO  server.RaftServer$Division (ServerState.java:setRaftConf(386)) - e7feb3b4-5cd1-4322-b271-eb1c248a4412@group-E6E6502686A8: set configuration conf: {index: 0, cur=peers:[e7feb3b4-5cd1-4322-b271-eb1c248a4412|127.0.0.1:15039]|listeners:[], old=null}
2025-09-19 20:43:12,690 [c834ff67-8e28-4894-9cd1-7316b4e587ce@group-9E25D04C2ADC-SegmentedRaftLogWorker] INFO  segmented.SegmentedRaftLogWorker (SegmentedRaftLogWorker.java:execute(647)) - c834ff67-8e28-4894-9cd1-7316b4e587ce@group-9E25D04C2ADC-SegmentedRaftLogWorker: created new log segment /home/runner/work/ozone/ozone/hadoop-ozone/integration-test/target/test-dir/MiniOzoneClusterImpl-990002c2-bb69-4aa2-bd68-28a5e13e86ef/ozone-metadata/datanode-6/ratis/9000e871-2414-43c0-9d82-9e25d04c2adc/current/log_inprogress_0
2025-09-19 20:43:12,692 [e7feb3b4-5cd1-4322-b271-eb1c248a4412@group-9E25D04C2ADC-SegmentedRaftLogWorker] INFO  segmented.SegmentedRaftLogWorker (SegmentedRaftLogWorker.java:execute(647)) - e7feb3b4-5cd1-4322-b271-eb1c248a4412@group-9E25D04C2ADC-SegmentedRaftLogWorker: created new log segment /home/runner/work/ozone/ozone/hadoop-ozone/integration-test/target/test-dir/MiniOzoneClusterImpl-990002c2-bb69-4aa2-bd68-28a5e13e86ef/ozone-metadata/datanode-4/ratis/9000e871-2414-43c0-9d82-9e25d04c2adc/current/log_inprogress_0
2025-09-19 20:43:12,691 [e7feb3b4-5cd1-4322-b271-eb1c248a4412@group-E6E6502686A8-SegmentedRaftLogWorker] INFO  segmented.BufferedWriteChannel (BufferedWriteChannel.java:open(61)) - open log_inprogress_0 at position 0
2025-09-19 20:43:12,702 [417c597c-13cf-4e34-be96-1680b82aa276@group-9E25D04C2ADC-StateMachineUpdater] INFO  server.RaftServer$Division (LeaderStateImpl.java:checkStartIndex(309)) - Leader 417c597c-13cf-4e34-be96-1680b82aa276@group-9E25D04C2ADC-LeaderStateImpl is ready since appliedIndex == startIndex == 0
2025-09-19 20:43:12,707 [e7feb3b4-5cd1-4322-b271-eb1c248a4412@group-E6E6502686A8-SegmentedRaftLogWorker] INFO  segmented.SegmentedRaftLogWorker (SegmentedRaftLogWorker.java:execute(647)) - e7feb3b4-5cd1-4322-b271-eb1c248a4412@group-E6E6502686A8-SegmentedRaftLogWorker: created new log segment /home/runner/work/ozone/ozone/hadoop-ozone/integration-test/target/test-dir/MiniOzoneClusterImpl-990002c2-bb69-4aa2-bd68-28a5e13e86ef/ozone-metadata/datanode-4/ratis/e8905537-4f97-42c5-bc55-e6e6502686a8/current/log_inprogress_0
2025-09-19 20:43:12,714 [e7feb3b4-5cd1-4322-b271-eb1c248a4412@group-E6E6502686A8-StateMachineUpdater] INFO  server.RaftServer$Division (LeaderStateImpl.java:checkStartIndex(309)) - Leader e7feb3b4-5cd1-4322-b271-eb1c248a4412@group-E6E6502686A8-LeaderStateImpl is ready since appliedIndex == startIndex == 0
2025-09-19 20:43:12,725 [e7feb3b4-5cd1-4322-b271-eb1c248a4412@group-9CA395F3C3E7-FollowerState] INFO  impl.FollowerState (FollowerState.java:runImpl(161)) - e7feb3b4-5cd1-4322-b271-eb1c248a4412@group-9CA395F3C3E7-FollowerState: change to CANDIDATE, lastRpcElapsedTime:1072880571ns, electionTimeout:1070ms
2025-09-19 20:43:12,725 [e7feb3b4-5cd1-4322-b271-eb1c248a4412@group-9CA395F3C3E7-FollowerState] INFO  impl.RoleInfo (RoleInfo.java:shutdownFollowerState(121)) - e7feb3b4-5cd1-4322-b271-eb1c248a4412: shutdown e7feb3b4-5cd1-4322-b271-eb1c248a4412@group-9CA395F3C3E7-FollowerState
2025-09-19 20:43:12,725 [e7feb3b4-5cd1-4322-b271-eb1c248a4412@group-9CA395F3C3E7-FollowerState] INFO  server.RaftServer$Division (RaftServerImpl.java:setRole(392)) - e7feb3b4-5cd1-4322-b271-eb1c248a4412@group-9CA395F3C3E7: changes role from  FOLLOWER to CANDIDATE at term 0 for changeToCandidate
2025-09-19 20:43:12,725 [e7feb3b4-5cd1-4322-b271-eb1c248a4412@group-9CA395F3C3E7-FollowerState] INFO  impl.RoleInfo (RoleInfo.java:updateAndGet(148)) - e7feb3b4-5cd1-4322-b271-eb1c248a4412: start e7feb3b4-5cd1-4322-b271-eb1c248a4412@group-9CA395F3C3E7-LeaderElection13
2025-09-19 20:43:12,726 [e7feb3b4-5cd1-4322-b271-eb1c248a4412@group-9CA395F3C3E7-LeaderElection13] INFO  impl.LeaderElection (LeaderElection.java:askForVotes(448)) - e7feb3b4-5cd1-4322-b271-eb1c248a4412@group-9CA395F3C3E7-LeaderElection13 PRE_VOTE round 0: submit vote requests at term 0 for conf: {index: -1, cur=peers:[e7feb3b4-5cd1-4322-b271-eb1c248a4412|127.0.0.1:15039, 417c597c-13cf-4e34-be96-1680b82aa276|127.0.0.1:15047, c834ff67-8e28-4894-9cd1-7316b4e587ce|127.0.0.1:15055]|listeners:[], old=null}
2025-09-19 20:43:12,731 [e7feb3b4-5cd1-4322-b271-eb1c248a4412@group-9CA395F3C3E7-LeaderElection13-1] INFO  server.GrpcServerProtocolClient (GrpcServerProtocolClient.java:<init>(65)) - Build channel for 417c597c-13cf-4e34-be96-1680b82aa276|127.0.0.1:15047
2025-09-19 20:43:12,731 [e7feb3b4-5cd1-4322-b271-eb1c248a4412@group-9CA395F3C3E7-LeaderElection13-2] INFO  server.GrpcServerProtocolClient (GrpcServerProtocolClient.java:<init>(65)) - Build channel for c834ff67-8e28-4894-9cd1-7316b4e587ce|127.0.0.1:15055
2025-09-19 20:43:12,744 [grpc-default-executor-4] INFO  server.RaftServer$Division (RaftServerImpl.java:requestVote(1421)) - 417c597c-13cf-4e34-be96-1680b82aa276@group-9CA395F3C3E7: receive requestVote(PRE_VOTE, e7feb3b4-5cd1-4322-b271-eb1c248a4412, group-9CA395F3C3E7, 0, <PROTO_DEFAULT>)
2025-09-19 20:43:12,745 [grpc-default-executor-4] INFO  impl.VoteContext (VoteContext.java:log(49)) - 417c597c-13cf-4e34-be96-1680b82aa276@group-9CA395F3C3E7-FOLLOWER: accept PRE_VOTE from e7feb3b4-5cd1-4322-b271-eb1c248a4412: our priority 0 <= candidate's priority 0
2025-09-19 20:43:12,745 [grpc-default-executor-4] INFO  server.RaftServer$Division (RaftServerImpl.java:requestVote(1455)) - 417c597c-13cf-4e34-be96-1680b82aa276@group-9CA395F3C3E7 replies to PRE_VOTE vote request: e7feb3b4-5cd1-4322-b271-eb1c248a4412<-417c597c-13cf-4e34-be96-1680b82aa276#0:OK-t0-last:<INITIAL_VALUE>. Peer's state: 417c597c-13cf-4e34-be96-1680b82aa276@group-9CA395F3C3E7:t0, leader=null, voted=, raftlog=Memoized:417c597c-13cf-4e34-be96-1680b82aa276@group-9CA395F3C3E7-SegmentedRaftLog:OPENED:c-1:lastnull, conf=conf: {index: -1, cur=peers:[e7feb3b4-5cd1-4322-b271-eb1c248a4412|127.0.0.1:15039, 417c597c-13cf-4e34-be96-1680b82aa276|127.0.0.1:15047, c834ff67-8e28-4894-9cd1-7316b4e587ce|127.0.0.1:15055]|listeners:[], old=null}
2025-09-19 20:43:12,745 [2e0fa00c-f693-49a3-a365-75c51b8c5b45-CreatePipelineCommandHandlerThread-0] INFO  server.RaftServer (RaftServerProxy.java:addNew(105)) - 2e0fa00c-f693-49a3-a365-75c51b8c5b45: addNew group-690BCF3999B2:[2e0fa00c-f693-49a3-a365-75c51b8c5b45|127.0.0.1:15079] returns group-690BCF3999B2:java.util.concurrent.CompletableFuture@7f9fd71f[Not completed]
2025-09-19 20:43:12,763 [grpc-default-executor-1] INFO  server.RaftServer$Division (RaftServerImpl.java:requestVote(1421)) - c834ff67-8e28-4894-9cd1-7316b4e587ce@group-9CA395F3C3E7: receive requestVote(PRE_VOTE, e7feb3b4-5cd1-4322-b271-eb1c248a4412, group-9CA395F3C3E7, 0, <PROTO_DEFAULT>)
2025-09-19 20:43:12,765 [grpc-default-executor-1] INFO  impl.VoteContext (VoteContext.java:log(49)) - c834ff67-8e28-4894-9cd1-7316b4e587ce@group-9CA395F3C3E7-FOLLOWER: reject PRE_VOTE from e7feb3b4-5cd1-4322-b271-eb1c248a4412: our priority 1 > candidate's priority 0
2025-09-19 20:43:12,765 [grpc-default-executor-1] INFO  server.RaftServer$Division (RaftServerImpl.java:requestVote(1455)) - c834ff67-8e28-4894-9cd1-7316b4e587ce@group-9CA395F3C3E7 replies to PRE_VOTE vote request: e7feb3b4-5cd1-4322-b271-eb1c248a4412<-c834ff67-8e28-4894-9cd1-7316b4e587ce#0:FAIL-t0-last:<INITIAL_VALUE>. Peer's state: c834ff67-8e28-4894-9cd1-7316b4e587ce@group-9CA395F3C3E7:t0, leader=null, voted=, raftlog=Memoized:c834ff67-8e28-4894-9cd1-7316b4e587ce@group-9CA395F3C3E7-SegmentedRaftLog:OPENED:c-1:lastnull, conf=conf: {index: -1, cur=peers:[e7feb3b4-5cd1-4322-b271-eb1c248a4412|127.0.0.1:15039, 417c597c-13cf-4e34-be96-1680b82aa276|127.0.0.1:15047, c834ff67-8e28-4894-9cd1-7316b4e587ce|127.0.0.1:15055]|listeners:[], old=null}
2025-09-19 20:43:12,767 [2e0fa00c-f693-49a3-a365-75c51b8c5b45-groupManagement] INFO  server.RaftServer$Division (RaftServerImpl.java:<init>(268)) - 2e0fa00c-f693-49a3-a365-75c51b8c5b45: new RaftServerImpl for group-690BCF3999B2:[2e0fa00c-f693-49a3-a365-75c51b8c5b45|127.0.0.1:15079] with ContainerStateMachine:uninitialized
2025-09-19 20:43:12,768 [2e0fa00c-f693-49a3-a365-75c51b8c5b45-groupManagement] INFO  server.RaftServer$Division (ServerState.java:<init>(114)) - 2e0fa00c-f693-49a3-a365-75c51b8c5b45@group-690BCF3999B2: ConfigurationManager, init=conf: {index: -1, cur=peers:[2e0fa00c-f693-49a3-a365-75c51b8c5b45|127.0.0.1:15079]|listeners:[], old=null}, confs=<EMPTY_MAP>
2025-09-19 20:43:12,773 [e7feb3b4-5cd1-4322-b271-eb1c248a4412@group-9CA395F3C3E7-LeaderElection13] INFO  impl.LeaderElection (LeaderElection.java:logAndReturn(206)) - e7feb3b4-5cd1-4322-b271-eb1c248a4412@group-9CA395F3C3E7-LeaderElection13: PRE_VOTE REJECTED received 2 response(s) and 0 exception(s):
2025-09-19 20:43:12,773 [e7feb3b4-5cd1-4322-b271-eb1c248a4412@group-9CA395F3C3E7-LeaderElection13] INFO  impl.LeaderElection (LeaderElection.java:logAndReturn(210)) -   Response 0: e7feb3b4-5cd1-4322-b271-eb1c248a4412<-417c597c-13cf-4e34-be96-1680b82aa276#0:OK-t0-last:<INITIAL_VALUE>
2025-09-19 20:43:12,773 [e7feb3b4-5cd1-4322-b271-eb1c248a4412@group-9CA395F3C3E7-LeaderElection13] INFO  impl.LeaderElection (LeaderElection.java:logAndReturn(210)) -   Response 1: e7feb3b4-5cd1-4322-b271-eb1c248a4412<-c834ff67-8e28-4894-9cd1-7316b4e587ce#0:FAIL-t0-last:<INITIAL_VALUE>
2025-09-19 20:43:12,773 [e7feb3b4-5cd1-4322-b271-eb1c248a4412@group-9CA395F3C3E7-LeaderElection13] INFO  impl.LeaderElection (LeaderElection.java:askForVotes(450)) - e7feb3b4-5cd1-4322-b271-eb1c248a4412@group-9CA395F3C3E7-LeaderElection13 PRE_VOTE round 0: result REJECTED
2025-09-19 20:43:12,773 [e7feb3b4-5cd1-4322-b271-eb1c248a4412@group-9CA395F3C3E7-LeaderElection13] INFO  server.RaftServer$Division (RaftServerImpl.java:setRole(392)) - e7feb3b4-5cd1-4322-b271-eb1c248a4412@group-9CA395F3C3E7: changes role from CANDIDATE to FOLLOWER at term 0 for REJECTED
2025-09-19 20:43:12,773 [e7feb3b4-5cd1-4322-b271-eb1c248a4412@group-9CA395F3C3E7-LeaderElection13] INFO  impl.RoleInfo (RoleInfo.java:shutdownLeaderElection(141)) - e7feb3b4-5cd1-4322-b271-eb1c248a4412: shutdown e7feb3b4-5cd1-4322-b271-eb1c248a4412@group-9CA395F3C3E7-LeaderElection13
2025-09-19 20:43:12,773 [e7feb3b4-5cd1-4322-b271-eb1c248a4412@group-9CA395F3C3E7-LeaderElection13] INFO  impl.RoleInfo (RoleInfo.java:updateAndGet(148)) - e7feb3b4-5cd1-4322-b271-eb1c248a4412: start e7feb3b4-5cd1-4322-b271-eb1c248a4412@group-9CA395F3C3E7-FollowerState
2025-09-19 20:43:12,775 [e7feb3b4-5cd1-4322-b271-eb1c248a4412@group-9CA395F3C3E7-LeaderElection13] INFO  server.RaftServer$Division (RaftServerImpl.java:setFirstElection(576)) - e7feb3b4-5cd1-4322-b271-eb1c248a4412@group-9CA395F3C3E7: set firstElectionSinceStartup to false for REJECTED
2025-09-19 20:43:12,779 [2e0fa00c-f693-49a3-a365-75c51b8c5b45-groupManagement] INFO  server.RaftServerConfigKeys (ConfUtils.java:logGet(62)) - raft.server.storage.dir = [/home/runner/work/ozone/ozone/hadoop-ozone/integration-test/target/test-dir/MiniOzoneClusterImpl-990002c2-bb69-4aa2-bd68-28a5e13e86ef/ozone-metadata/datanode-9/ratis] (custom)
2025-09-19 20:43:12,779 [2e0fa00c-f693-49a3-a365-75c51b8c5b45-groupManagement] INFO  storage.RaftStorageDirectory (RaftStorageDirectoryImpl.java:analyzeStorage(138)) - The storage directory /home/runner/work/ozone/ozone/hadoop-ozone/integration-test/target/test-dir/MiniOzoneClusterImpl-990002c2-bb69-4aa2-bd68-28a5e13e86ef/ozone-metadata/datanode-9/ratis/a3246346-9092-4970-a9c6-690bcf3999b2 does not exist. Creating ...
2025-09-19 20:43:12,781 [2e0fa00c-f693-49a3-a365-75c51b8c5b45-groupManagement] INFO  storage.RaftStorageDirectory (RaftStorageDirectoryImpl.java:tryLock(229)) - Lock on /home/runner/work/ozone/ozone/hadoop-ozone/integration-test/target/test-dir/MiniOzoneClusterImpl-990002c2-bb69-4aa2-bd68-28a5e13e86ef/ozone-metadata/datanode-9/ratis/a3246346-9092-4970-a9c6-690bcf3999b2/in_use.lock acquired by nodename 22744@localhost
2025-09-19 20:43:12,783 [2e0fa00c-f693-49a3-a365-75c51b8c5b45-groupManagement] INFO  storage.RaftStorage (RaftStorageImpl.java:format(98)) - Storage directory /home/runner/work/ozone/ozone/hadoop-ozone/integration-test/target/test-dir/MiniOzoneClusterImpl-990002c2-bb69-4aa2-bd68-28a5e13e86ef/ozone-metadata/datanode-9/ratis/a3246346-9092-4970-a9c6-690bcf3999b2 has been successfully formatted.
2025-09-19 20:43:12,785 [2e0fa00c-f693-49a3-a365-75c51b8c5b45-groupManagement] INFO  ratis.ContainerStateMachine (ContainerStateMachine.java:initialize(339)) - 2e0fa00c-f693-49a3-a365-75c51b8c5b45: initialize group-690BCF3999B2
2025-09-19 20:43:12,785 [ForkJoinPool-1-worker-1] INFO  ozoneimpl.OzoneContainer (OzoneContainer.java:stop(549)) - Attempting to stop container services.
2025-09-19 20:43:12,785 [ContainerMetadataScanner] WARN  ozoneimpl.AbstractBackgroundContainerScanner (AbstractBackgroundContainerScanner.java:handleRemainingSleep(136)) - Background container scan was interrupted.
2025-09-19 20:43:12,785 [ContainerMetadataScanner] INFO  ozoneimpl.AbstractBackgroundContainerScanner (AbstractBackgroundContainerScanner.java:run(63)) - org.apache.hadoop.ozone.container.ozoneimpl.BackgroundContainerMetadataScanner@540d600e exiting.
2025-09-19 20:43:12,785 [2e0fa00c-f693-49a3-a365-75c51b8c5b45-groupManagement] INFO  ratis.ContainerStateMachine (ContainerStateMachine.java:loadSnapshot(347)) - group-690BCF3999B2: The snapshot info is null. Setting the last applied index to:<INITIAL_VALUE>
2025-09-19 20:43:12,786 [2e0fa00c-f693-49a3-a365-75c51b8c5b45-groupManagement] INFO  server.RaftServerConfigKeys (ConfUtils.java:logGet(62)) - raft.server.log.appender.buffer.byte-limit = 33554432 (custom)
2025-09-19 20:43:12,786 [ForkJoinPool-1-worker-1] INFO  ozoneimpl.BackgroundContainerDataScanner (BackgroundContainerDataScanner.java:shutdown(87)) - ContainerDataScanner(/home/runner/work/ozone/ozone/hadoop-ozone/integration-test/target/test-dir/MiniOzoneClusterImpl-990002c2-bb69-4aa2-bd68-28a5e13e86ef/ozone-metadata/datanode-3/data-0/hdds) is shutting down. 
2025-09-19 20:43:12,787 [ContainerDataScanner(/home/runner/work/ozone/ozone/hadoop-ozone/integration-test/target/test-dir/MiniOzoneClusterImpl-990002c2-bb69-4aa2-bd68-28a5e13e86ef/ozone-metadata/datanode-3/data-0/hdds)] WARN  ozoneimpl.AbstractBackgroundContainerScanner (AbstractBackgroundContainerScanner.java:handleRemainingSleep(136)) - Background container scan was interrupted.
2025-09-19 20:43:12,787 [ContainerDataScanner(/home/runner/work/ozone/ozone/hadoop-ozone/integration-test/target/test-dir/MiniOzoneClusterImpl-990002c2-bb69-4aa2-bd68-28a5e13e86ef/ozone-metadata/datanode-3/data-0/hdds)] INFO  ozoneimpl.AbstractBackgroundContainerScanner (AbstractBackgroundContainerScanner.java:run(63)) - ContainerDataScanner(/home/runner/work/ozone/ozone/hadoop-ozone/integration-test/target/test-dir/MiniOzoneClusterImpl-990002c2-bb69-4aa2-bd68-28a5e13e86ef/ozone-metadata/datanode-3/data-0/hdds, DS-00f21907-a1b3-4a4a-aa5e-0adcb3313994) exiting.
2025-09-19 20:43:12,790 [ForkJoinPool-1-worker-1] INFO  ozoneimpl.OnDemandContainerScanner (OnDemandContainerScanner.java:shutdown(141)) - On-demand container scanner is shutting down.
2025-09-19 20:43:12,793 [2e0fa00c-f693-49a3-a365-75c51b8c5b45-groupManagement] INFO  server.RaftServerConfigKeys (ConfUtils.java:logGet(62)) - raft.server.log.segment.size.max = 67108864 (custom)
2025-09-19 20:43:12,793 [EventQueue-PipelineReportForPipelineReportHandler] INFO  pipeline.PipelineReportHandler (PipelineReportHandler.java:processPipelineReport(132)) - Opened pipeline Pipeline-a3246346-9092-4970-a9c6-690bcf3999b2
2025-09-19 20:43:12,793 [2e0fa00c-f693-49a3-a365-75c51b8c5b45-groupManagement] INFO  server.RaftServerConfigKeys (ConfUtils.java:logGet(62)) - raft.server.log.appender.buffer.byte-limit = 33554432 (custom)
2025-09-19 20:43:12,794 [2e0fa00c-f693-49a3-a365-75c51b8c5b45-groupManagement] INFO  util.AwaitToRun (AwaitToRun.java:start(81)) - Thread[#1425,2e0fa00c-f693-49a3-a365-75c51b8c5b45@group-690BCF3999B2-cacheEviction-AwaitToRun,5,main] started
2025-09-19 20:43:12,794 [2e0fa00c-f693-49a3-a365-75c51b8c5b45-groupManagement] INFO  segmented.SegmentedRaftLogWorker (SegmentedRaftLogWorker.java:<init>(190)) - new 2e0fa00c-f693-49a3-a365-75c51b8c5b45@group-690BCF3999B2-SegmentedRaftLogWorker for RaftStorageImpl:Storage Directory /home/runner/work/ozone/ozone/hadoop-ozone/integration-test/target/test-dir/MiniOzoneClusterImpl-990002c2-bb69-4aa2-bd68-28a5e13e86ef/ozone-metadata/datanode-9/ratis/a3246346-9092-4970-a9c6-690bcf3999b2
2025-09-19 20:43:12,794 [2e0fa00c-f693-49a3-a365-75c51b8c5b45-groupManagement] INFO  server.RaftServerConfigKeys (ConfUtils.java:logGet(62)) - raft.server.log.queue.byte-limit = 4294967296 (custom)
2025-09-19 20:43:12,794 [2e0fa00c-f693-49a3-a365-75c51b8c5b45-groupManagement] INFO  server.RaftServerConfigKeys (ConfUtils.java:logGet(62)) - raft.server.log.segment.size.max = 67108864 (custom)
2025-09-19 20:43:12,794 [2e0fa00c-f693-49a3-a365-75c51b8c5b45-groupManagement] INFO  server.RaftServerConfigKeys (ConfUtils.java:logGet(62)) - raft.server.log.preallocated.size = 4194304 (custom)
2025-09-19 20:43:12,795 [2e0fa00c-f693-49a3-a365-75c51b8c5b45-groupManagement] INFO  server.RaftServerConfigKeys (ConfUtils.java:logGet(62)) - raft.server.log.write.buffer.size = 33554440 (custom)
2025-09-19 20:43:12,800 [2e0fa00c-f693-49a3-a365-75c51b8c5b45-groupManagement] INFO  server.RaftServerConfigKeys (ConfUtils.java:logGet(62)) - raft.server.log.appender.buffer.byte-limit = 33554432 (custom)
2025-09-19 20:43:12,801 [2e0fa00c-f693-49a3-a365-75c51b8c5b45-groupManagement] INFO  segmented.SegmentedRaftLogWorker (SegmentedRaftLogWorker.java:lambda$new$0(141)) - 2e0fa00c-f693-49a3-a365-75c51b8c5b45@group-690BCF3999B2-SegmentedRaftLogWorker: flushIndex: setUnconditionally 0 -> -1
2025-09-19 20:43:12,801 [2e0fa00c-f693-49a3-a365-75c51b8c5b45-groupManagement] INFO  segmented.SegmentedRaftLogWorker (SegmentedRaftLogWorker.java:lambda$new$0(141)) - 2e0fa00c-f693-49a3-a365-75c51b8c5b45@group-690BCF3999B2-SegmentedRaftLogWorker: safeCacheEvictIndex: setUnconditionally 0 -> -1
2025-09-19 20:43:12,801 [2e0fa00c-f693-49a3-a365-75c51b8c5b45-groupManagement] INFO  server.RaftServer$Division (RaftServerImpl.java:start(405)) - 2e0fa00c-f693-49a3-a365-75c51b8c5b45@group-690BCF3999B2: start as a follower, conf=conf: {index: -1, cur=peers:[2e0fa00c-f693-49a3-a365-75c51b8c5b45|127.0.0.1:15079]|listeners:[], old=null}
2025-09-19 20:43:12,801 [2e0fa00c-f693-49a3-a365-75c51b8c5b45-groupManagement] INFO  server.RaftServer$Division (RaftServerImpl.java:setRole(392)) - 2e0fa00c-f693-49a3-a365-75c51b8c5b45@group-690BCF3999B2: changes role from      null to FOLLOWER at term 0 for startAsFollower
2025-09-19 20:43:12,801 [2e0fa00c-f693-49a3-a365-75c51b8c5b45-groupManagement] INFO  impl.RoleInfo (RoleInfo.java:updateAndGet(148)) - 2e0fa00c-f693-49a3-a365-75c51b8c5b45: start 2e0fa00c-f693-49a3-a365-75c51b8c5b45@group-690BCF3999B2-FollowerState
2025-09-19 20:43:12,801 [ForkJoinPool-1-worker-1] INFO  ratis.XceiverServerRatis (XceiverServerRatis.java:stop(595)) - Closing XceiverServerRatis(b5a25cc1-46d3-4381-a194-bd68f4526f1c)
2025-09-19 20:43:12,802 [ForkJoinPool-1-worker-1] INFO  server.RaftServer (RaftServerProxy.java:lambda$close$9(422)) - b5a25cc1-46d3-4381-a194-bd68f4526f1c: close
2025-09-19 20:43:12,802 [2e0fa00c-f693-49a3-a365-75c51b8c5b45-groupManagement] INFO  util.JmxRegister (JmxRegister.java:tryRegister(44)) - Successfully registered JMX Bean with object name Ratis:service=RaftServer,group=group-690BCF3999B2,id=2e0fa00c-f693-49a3-a365-75c51b8c5b45
2025-09-19 20:43:12,802 [2e0fa00c-f693-49a3-a365-75c51b8c5b45-groupManagement] INFO  util.JmxRegister (JmxRegister.java:register(58)) - register mxBean class org.apache.ratis.server.impl.RaftServerJmxAdapter as Ratis:service=RaftServer,group=group-690BCF3999B2,id=2e0fa00c-f693-49a3-a365-75c51b8c5b45
2025-09-19 20:43:12,803 [2e0fa00c-f693-49a3-a365-75c51b8c5b45-groupManagement] INFO  server.RaftServer$Division (RaftServerImpl.java:start(419)) - 2e0fa00c-f693-49a3-a365-75c51b8c5b45@group-690BCF3999B2: Successfully started.
2025-09-19 20:43:12,803 [2e0fa00c-f693-49a3-a365-75c51b8c5b45-CreatePipelineCommandHandlerThread-0] INFO  ratis.XceiverServerRatis (XceiverServerRatis.java:addGroup(841)) - Created group Pipeline-a3246346-9092-4970-a9c6-690bcf3999b2
2025-09-19 20:43:12,803 [2e0fa00c-f693-49a3-a365-75c51b8c5b45-CreatePipelineCommandHandlerThread-0] INFO  commandhandler.CreatePipelineCommandHandler (CreatePipelineCommandHandler.java:lambda$handle$2(141)) - Created Pipeline RATIS ONE Pipeline-a3246346-9092-4970-a9c6-690bcf3999b2.
2025-09-19 20:43:12,803 [b5a25cc1-46d3-4381-a194-bd68f4526f1c-impl-thread1] INFO  server.RaftServer$Division (RaftServerImpl.java:lambda$close$1(527)) - b5a25cc1-46d3-4381-a194-bd68f4526f1c@group-88B5B3DD1307: shutdown
2025-09-19 20:43:12,804 [b5a25cc1-46d3-4381-a194-bd68f4526f1c-impl-thread1] INFO  util.JmxRegister (JmxRegister.java:unregister(74)) - Successfully un-registered JMX Bean with object name Ratis:service=RaftServer,group=group-88B5B3DD1307,id=b5a25cc1-46d3-4381-a194-bd68f4526f1c
2025-09-19 20:43:12,804 [b5a25cc1-46d3-4381-a194-bd68f4526f1c-impl-thread1] INFO  impl.RoleInfo (RoleInfo.java:shutdownLeaderState(103)) - b5a25cc1-46d3-4381-a194-bd68f4526f1c: shutdown b5a25cc1-46d3-4381-a194-bd68f4526f1c@group-88B5B3DD1307-LeaderStateImpl
2025-09-19 20:43:12,804 [b5a25cc1-46d3-4381-a194-bd68f4526f1c-impl-thread2] INFO  server.RaftServer$Division (RaftServerImpl.java:lambda$close$1(527)) - b5a25cc1-46d3-4381-a194-bd68f4526f1c@group-A751954341BD: shutdown
2025-09-19 20:43:12,804 [b5a25cc1-46d3-4381-a194-bd68f4526f1c-impl-thread2] INFO  util.JmxRegister (JmxRegister.java:unregister(74)) - Successfully un-registered JMX Bean with object name Ratis:service=RaftServer,group=group-A751954341BD,id=b5a25cc1-46d3-4381-a194-bd68f4526f1c
2025-09-19 20:43:12,804 [b5a25cc1-46d3-4381-a194-bd68f4526f1c-impl-thread2] INFO  impl.RoleInfo (RoleInfo.java:shutdownFollowerState(121)) - b5a25cc1-46d3-4381-a194-bd68f4526f1c: shutdown b5a25cc1-46d3-4381-a194-bd68f4526f1c@group-A751954341BD-FollowerState
2025-09-19 20:43:12,804 [b5a25cc1-46d3-4381-a194-bd68f4526f1c@group-A751954341BD-FollowerState] INFO  impl.FollowerState (FollowerState.java:runImpl(170)) - b5a25cc1-46d3-4381-a194-bd68f4526f1c@group-A751954341BD-FollowerState was interrupted
2025-09-19 20:43:12,804 [b5a25cc1-46d3-4381-a194-bd68f4526f1c-impl-thread1] INFO  impl.PendingRequests (PendingRequests.java:sendNotLeaderResponses(287)) - b5a25cc1-46d3-4381-a194-bd68f4526f1c@group-88B5B3DD1307-PendingRequests: sendNotLeaderResponses
2025-09-19 20:43:12,805 [b5a25cc1-46d3-4381-a194-bd68f4526f1c@group-A751954341BD-StateMachineUpdater] INFO  ratis.ContainerStateMachine (ContainerStateMachine.java:takeSnapshot(427)) - group-A751954341BD: Taking a snapshot at:(t:1, i:0) file /home/runner/work/ozone/ozone/hadoop-ozone/integration-test/target/test-dir/MiniOzoneClusterImpl-990002c2-bb69-4aa2-bd68-28a5e13e86ef/ozone-metadata/datanode-3/ratis/e102d630-0766-4c9c-a6ac-a751954341bd/sm/snapshot.1_0
2025-09-19 20:43:12,807 [b5a25cc1-46d3-4381-a194-bd68f4526f1c-impl-thread2] INFO  impl.StateMachineUpdater (StateMachineUpdater.java:stopAndJoin(163)) - b5a25cc1-46d3-4381-a194-bd68f4526f1c@group-A751954341BD-StateMachineUpdater: set stopIndex = 0
2025-09-19 20:43:12,808 [ForkJoinPool-1-worker-1] INFO  server.GrpcServicesImpl (GrpcServicesImpl.java:closeImpl(355)) - b5a25cc1-46d3-4381-a194-bd68f4526f1c: shutdown server org.apache.ratis.grpc.server.GrpcClientProtocolService now
2025-09-19 20:43:12,808 [b5a25cc1-46d3-4381-a194-bd68f4526f1c-impl-thread3] INFO  server.RaftServer$Division (RaftServerImpl.java:lambda$close$1(527)) - b5a25cc1-46d3-4381-a194-bd68f4526f1c@group-715EBF8096A7: shutdown
2025-09-19 20:43:12,810 [Thread-952] INFO  server.GrpcServerProtocolClient (GrpcServerProtocolClient.java:close(105)) - 0df1231c-9f8a-4757-a7d0-f6d7f53bc482 Close channels
2025-09-19 20:43:12,811 [Thread-953] INFO  server.GrpcServerProtocolClient (GrpcServerProtocolClient.java:close(105)) - 8eb9963e-bce0-4155-aea2-e442cadff8bd Close channels
2025-09-19 20:43:12,811 [b5a25cc1-46d3-4381-a194-bd68f4526f1c-impl-thread3] INFO  util.JmxRegister (JmxRegister.java:unregister(74)) - Successfully un-registered JMX Bean with object name Ratis:service=RaftServer,group=group-715EBF8096A7,id=b5a25cc1-46d3-4381-a194-bd68f4526f1c
2025-09-19 20:43:12,812 [b5a25cc1-46d3-4381-a194-bd68f4526f1c@group-88B5B3DD1307-StateMachineUpdater] INFO  ratis.ContainerStateMachine (ContainerStateMachine.java:takeSnapshot(427)) - group-88B5B3DD1307: Taking a snapshot at:(t:1, i:0) file /home/runner/work/ozone/ozone/hadoop-ozone/integration-test/target/test-dir/MiniOzoneClusterImpl-990002c2-bb69-4aa2-bd68-28a5e13e86ef/ozone-metadata/datanode-3/ratis/7b6acda8-b144-4fc3-891d-88b5b3dd1307/sm/snapshot.1_0
2025-09-19 20:43:12,811 [b5a25cc1-46d3-4381-a194-bd68f4526f1c-impl-thread1] INFO  impl.StateMachineUpdater (StateMachineUpdater.java:stopAndJoin(163)) - b5a25cc1-46d3-4381-a194-bd68f4526f1c@group-88B5B3DD1307-StateMachineUpdater: set stopIndex = 0
2025-09-19 20:43:12,812 [b5a25cc1-46d3-4381-a194-bd68f4526f1c-impl-thread3] INFO  impl.RoleInfo (RoleInfo.java:shutdownLeaderState(103)) - b5a25cc1-46d3-4381-a194-bd68f4526f1c: shutdown b5a25cc1-46d3-4381-a194-bd68f4526f1c@group-715EBF8096A7-LeaderStateImpl
2025-09-19 20:43:12,813 [b5a25cc1-46d3-4381-a194-bd68f4526f1c-impl-thread3] INFO  impl.PendingRequests (PendingRequests.java:sendNotLeaderResponses(287)) - b5a25cc1-46d3-4381-a194-bd68f4526f1c@group-715EBF8096A7-PendingRequests: sendNotLeaderResponses
2025-09-19 20:43:12,813 [b5a25cc1-46d3-4381-a194-bd68f4526f1c@group-715EBF8096A7->0df1231c-9f8a-4757-a7d0-f6d7f53bc482-GrpcLogAppender-LogAppenderDaemon] WARN  server.GrpcLogAppender (GrpcLogAppender.java:mayWait(300)) - b5a25cc1-46d3-4381-a194-bd68f4526f1c@group-715EBF8096A7->0df1231c-9f8a-4757-a7d0-f6d7f53bc482-GrpcLogAppender: Wait interrupted by java.lang.InterruptedException
2025-09-19 20:43:12,814 [b5a25cc1-46d3-4381-a194-bd68f4526f1c@group-715EBF8096A7->8eb9963e-bce0-4155-aea2-e442cadff8bd-GrpcLogAppender-LogAppenderDaemon] WARN  server.GrpcLogAppender (GrpcLogAppender.java:mayWait(300)) - b5a25cc1-46d3-4381-a194-bd68f4526f1c@group-715EBF8096A7->8eb9963e-bce0-4155-aea2-e442cadff8bd-GrpcLogAppender: Wait interrupted by java.lang.InterruptedException
2025-09-19 20:43:12,815 [b5a25cc1-46d3-4381-a194-bd68f4526f1c@group-715EBF8096A7-StateMachineUpdater] INFO  ratis.ContainerStateMachine (ContainerStateMachine.java:takeSnapshot(427)) - group-715EBF8096A7: Taking a snapshot at:(t:1, i:4) file /home/runner/work/ozone/ozone/hadoop-ozone/integration-test/target/test-dir/MiniOzoneClusterImpl-990002c2-bb69-4aa2-bd68-28a5e13e86ef/ozone-metadata/datanode-3/ratis/958000d3-2396-49be-82e9-715ebf8096a7/sm/snapshot.1_4
2025-09-19 20:43:12,815 [b5a25cc1-46d3-4381-a194-bd68f4526f1c-impl-thread3] INFO  impl.StateMachineUpdater (StateMachineUpdater.java:stopAndJoin(163)) - b5a25cc1-46d3-4381-a194-bd68f4526f1c@group-715EBF8096A7-StateMachineUpdater: set stopIndex = 4
2025-09-19 20:43:12,819 [grpc-default-executor-1] WARN  server.GrpcClientProtocolService (LogUtils.java:warn(127)) - 0-OrderedRequestStreamObserver0: onError: org.apache.ratis.thirdparty.io.grpc.StatusRuntimeException: CANCELLED: client cancelled
2025-09-19 20:43:12,821 [grpc-default-executor-4] INFO  server.GrpcServerProtocolService (GrpcServerProtocolService.java:lambda$onCompleted$6(171)) - 8eb9963e-bce0-4155-aea2-e442cadff8bd: Completed APPEND_ENTRIES, lastRequest: null 
2025-09-19 20:43:12,822 [grpc-default-executor-0] INFO  server.GrpcServerProtocolService (GrpcServerProtocolService.java:lambda$onCompleted$6(171)) - 0df1231c-9f8a-4757-a7d0-f6d7f53bc482: Completed APPEND_ENTRIES, lastRequest: null 
2025-09-19 20:43:12,823 [grpc-default-executor-1] INFO  server.GrpcLogAppender (GrpcLogAppender.java:onCompleted(558)) - b5a25cc1-46d3-4381-a194-bd68f4526f1c@group-715EBF8096A7->8eb9963e-bce0-4155-aea2-e442cadff8bd-AppendLogResponseHandler: follower responses appendEntries COMPLETED
2025-09-19 20:43:12,824 [grpc-default-executor-1] WARN  server.GrpcLogAppender (GrpcLogAppender.java:resetClient(237)) - b5a25cc1-46d3-4381-a194-bd68f4526f1c@group-715EBF8096A7->8eb9963e-bce0-4155-aea2-e442cadff8bd-GrpcLogAppender: Failed to getClient for 8eb9963e-bce0-4155-aea2-e442cadff8bd
org.apache.ratis.protocol.exceptions.AlreadyClosedException: b5a25cc1-46d3-4381-a194-bd68f4526f1c is already CLOSED
	at org.apache.ratis.util.PeerProxyMap$PeerAndProxy.getProxy(PeerProxyMap.java:67)
	at org.apache.ratis.util.PeerProxyMap.getProxy(PeerProxyMap.java:124)
	at org.apache.ratis.grpc.server.GrpcLogAppender.getClient(GrpcLogAppender.java:207)
	at org.apache.ratis.grpc.server.GrpcLogAppender.resetClient(GrpcLogAppender.java:212)
	at org.apache.ratis.grpc.server.GrpcLogAppender.access$800(GrpcLogAppender.java:70)
	at org.apache.ratis.grpc.server.GrpcLogAppender$AppendLogResponseHandler.onCompleted(GrpcLogAppender.java:559)
	at org.apache.ratis.thirdparty.io.grpc.stub.ClientCalls$StreamObserverToCallListenerAdapter.onClose(ClientCalls.java:562)
	at org.apache.ratis.thirdparty.io.grpc.internal.ClientCallImpl.closeObserver(ClientCallImpl.java:565)
	at org.apache.ratis.thirdparty.io.grpc.internal.ClientCallImpl.access$100(ClientCallImpl.java:72)
	at org.apache.ratis.thirdparty.io.grpc.internal.ClientCallImpl$ClientStreamListenerImpl$1StreamClosed.runInternal(ClientCallImpl.java:733)
	at org.apache.ratis.thirdparty.io.grpc.internal.ClientCallImpl$ClientStreamListenerImpl$1StreamClosed.runInContext(ClientCallImpl.java:714)
	at org.apache.ratis.thirdparty.io.grpc.internal.ContextRunnable.run(ContextRunnable.java:37)
	at org.apache.ratis.thirdparty.io.grpc.internal.SerializingExecutor.run(SerializingExecutor.java:133)
	at java.base/java.util.concurrent.ThreadPoolExecutor.runWorker(ThreadPoolExecutor.java:1144)
	at java.base/java.util.concurrent.ThreadPoolExecutor$Worker.run(ThreadPoolExecutor.java:642)
	at java.base/java.lang.Thread.run(Thread.java:1583)
2025-09-19 20:43:12,827 [grpc-default-executor-3] INFO  server.GrpcLogAppender (GrpcLogAppender.java:onCompleted(558)) - b5a25cc1-46d3-4381-a194-bd68f4526f1c@group-715EBF8096A7->0df1231c-9f8a-4757-a7d0-f6d7f53bc482-AppendLogResponseHandler: follower responses appendEntries COMPLETED
2025-09-19 20:43:12,827 [grpc-default-executor-3] WARN  server.GrpcLogAppender (GrpcLogAppender.java:resetClient(237)) - b5a25cc1-46d3-4381-a194-bd68f4526f1c@group-715EBF8096A7->0df1231c-9f8a-4757-a7d0-f6d7f53bc482-GrpcLogAppender: Failed to getClient for 0df1231c-9f8a-4757-a7d0-f6d7f53bc482
org.apache.ratis.protocol.exceptions.AlreadyClosedException: b5a25cc1-46d3-4381-a194-bd68f4526f1c is already CLOSED
	at org.apache.ratis.util.PeerProxyMap$PeerAndProxy.getProxy(PeerProxyMap.java:67)
	at org.apache.ratis.util.PeerProxyMap.getProxy(PeerProxyMap.java:124)
	at org.apache.ratis.grpc.server.GrpcLogAppender.getClient(GrpcLogAppender.java:207)
	at org.apache.ratis.grpc.server.GrpcLogAppender.resetClient(GrpcLogAppender.java:212)
	at org.apache.ratis.grpc.server.GrpcLogAppender.access$800(GrpcLogAppender.java:70)
	at org.apache.ratis.grpc.server.GrpcLogAppender$AppendLogResponseHandler.onCompleted(GrpcLogAppender.java:559)
	at org.apache.ratis.thirdparty.io.grpc.stub.ClientCalls$StreamObserverToCallListenerAdapter.onClose(ClientCalls.java:562)
	at org.apache.ratis.thirdparty.io.grpc.internal.ClientCallImpl.closeObserver(ClientCallImpl.java:565)
	at org.apache.ratis.thirdparty.io.grpc.internal.ClientCallImpl.access$100(ClientCallImpl.java:72)
	at org.apache.ratis.thirdparty.io.grpc.internal.ClientCallImpl$ClientStreamListenerImpl$1StreamClosed.runInternal(ClientCallImpl.java:733)
	at org.apache.ratis.thirdparty.io.grpc.internal.ClientCallImpl$ClientStreamListenerImpl$1StreamClosed.runInContext(ClientCallImpl.java:714)
	at org.apache.ratis.thirdparty.io.grpc.internal.ContextRunnable.run(ContextRunnable.java:37)
	at org.apache.ratis.thirdparty.io.grpc.internal.SerializingExecutor.run(SerializingExecutor.java:133)
	at java.base/java.util.concurrent.ThreadPoolExecutor.runWorker(ThreadPoolExecutor.java:1144)
	at java.base/java.util.concurrent.ThreadPoolExecutor$Worker.run(ThreadPoolExecutor.java:642)
	at java.base/java.lang.Thread.run(Thread.java:1583)
2025-09-19 20:43:12,869 [b5a25cc1-46d3-4381-a194-bd68f4526f1c@group-88B5B3DD1307-StateMachineUpdater] INFO  ratis.ContainerStateMachine (ContainerStateMachine.java:takeSnapshot(436)) - group-88B5B3DD1307: Finished taking a snapshot at:(t:1, i:0) file:/home/runner/work/ozone/ozone/hadoop-ozone/integration-test/target/test-dir/MiniOzoneClusterImpl-990002c2-bb69-4aa2-bd68-28a5e13e86ef/ozone-metadata/datanode-3/ratis/7b6acda8-b144-4fc3-891d-88b5b3dd1307/sm/snapshot.1_0 took: 57 ms
2025-09-19 20:43:12,869 [b5a25cc1-46d3-4381-a194-bd68f4526f1c@group-A751954341BD-StateMachineUpdater] INFO  ratis.ContainerStateMachine (ContainerStateMachine.java:takeSnapshot(436)) - group-A751954341BD: Finished taking a snapshot at:(t:1, i:0) file:/home/runner/work/ozone/ozone/hadoop-ozone/integration-test/target/test-dir/MiniOzoneClusterImpl-990002c2-bb69-4aa2-bd68-28a5e13e86ef/ozone-metadata/datanode-3/ratis/e102d630-0766-4c9c-a6ac-a751954341bd/sm/snapshot.1_0 took: 64 ms
2025-09-19 20:43:12,870 [b5a25cc1-46d3-4381-a194-bd68f4526f1c@group-A751954341BD-StateMachineUpdater] INFO  impl.StateMachineUpdater (StateMachineUpdater.java:takeSnapshot(307)) - b5a25cc1-46d3-4381-a194-bd68f4526f1c@group-A751954341BD-StateMachineUpdater: Took a snapshot at index 0
2025-09-19 20:43:12,870 [b5a25cc1-46d3-4381-a194-bd68f4526f1c@group-A751954341BD-StateMachineUpdater] INFO  impl.StateMachineUpdater (StateMachineUpdater.java:lambda$new$0(101)) - b5a25cc1-46d3-4381-a194-bd68f4526f1c@group-A751954341BD-StateMachineUpdater: snapshotIndex: updateIncreasingly -1 -> 0
2025-09-19 20:43:12,870 [grpc-default-executor-0] INFO  server.GrpcServerProtocolService (GrpcServerProtocolService.java:lambda$null$7(175)) - 0df1231c-9f8a-4757-a7d0-f6d7f53bc482: Completed APPEND_ENTRIES, lastReply: serverReply {
  requestorId: "b5a25cc1-46d3-4381-a194-bd68f4526f1c"
  replyId: "0df1231c-9f8a-4757-a7d0-f6d7f53bc482"
  raftGroupId {
    id: "\225\200\000\323#\226I\276\202\351q^\277\200\226\247"
  }
  callId: 6
  success: true
}
term: 1
nextIndex: 2
matchIndex: 18446744073709551615
isHearbeat: true
 
2025-09-19 20:43:12,870 [grpc-default-executor-4] INFO  server.GrpcServerProtocolService (GrpcServerProtocolService.java:lambda$null$7(175)) - 8eb9963e-bce0-4155-aea2-e442cadff8bd: Completed APPEND_ENTRIES, lastReply: serverReply {
  requestorId: "b5a25cc1-46d3-4381-a194-bd68f4526f1c"
  replyId: "8eb9963e-bce0-4155-aea2-e442cadff8bd"
  raftGroupId {
    id: "\225\200\000\323#\226I\276\202\351q^\277\200\226\247"
  }
  callId: 6
  success: true
}
term: 1
nextIndex: 2
matchIndex: 18446744073709551615
isHearbeat: true
 
2025-09-19 20:43:12,870 [b5a25cc1-46d3-4381-a194-bd68f4526f1c@group-A751954341BD-StateMachineUpdater] INFO  impl.StateMachineUpdater (StateMachineUpdater.java:stop(140)) - b5a25cc1-46d3-4381-a194-bd68f4526f1c@group-A751954341BD-StateMachineUpdater: closing ContainerStateMachine, lastApplied=(t:1, i:0)
2025-09-19 20:43:12,870 [b5a25cc1-46d3-4381-a194-bd68f4526f1c@group-88B5B3DD1307-StateMachineUpdater] INFO  impl.StateMachineUpdater (StateMachineUpdater.java:takeSnapshot(307)) - b5a25cc1-46d3-4381-a194-bd68f4526f1c@group-88B5B3DD1307-StateMachineUpdater: Took a snapshot at index 0
2025-09-19 20:43:12,871 [b5a25cc1-46d3-4381-a194-bd68f4526f1c@group-88B5B3DD1307-StateMachineUpdater] INFO  impl.StateMachineUpdater (StateMachineUpdater.java:lambda$new$0(101)) - b5a25cc1-46d3-4381-a194-bd68f4526f1c@group-88B5B3DD1307-StateMachineUpdater: snapshotIndex: updateIncreasingly -1 -> 0
2025-09-19 20:43:12,871 [b5a25cc1-46d3-4381-a194-bd68f4526f1c@group-88B5B3DD1307-StateMachineUpdater] INFO  impl.StateMachineUpdater (StateMachineUpdater.java:stop(140)) - b5a25cc1-46d3-4381-a194-bd68f4526f1c@group-88B5B3DD1307-StateMachineUpdater: closing ContainerStateMachine, lastApplied=(t:1, i:0)
2025-09-19 20:43:12,871 [grpc-default-executor-4] INFO  server.GrpcLogAppender (GrpcLogAppender.java:onCompleted(558)) - b5a25cc1-46d3-4381-a194-bd68f4526f1c@group-715EBF8096A7->8eb9963e-bce0-4155-aea2-e442cadff8bd-AppendLogResponseHandler: follower responses appendEntries COMPLETED
2025-09-19 20:43:12,871 [b5a25cc1-46d3-4381-a194-bd68f4526f1c@group-88B5B3DD1307-cacheEviction-AwaitToRun] INFO  util.AwaitToRun (AwaitToRun.java:run(49)) - b5a25cc1-46d3-4381-a194-bd68f4526f1c@group-88B5B3DD1307-cacheEviction-AwaitToRun-AwaitForSignal is interrupted
2025-09-19 20:43:12,871 [grpc-default-executor-4] WARN  server.GrpcLogAppender (GrpcLogAppender.java:resetClient(237)) - b5a25cc1-46d3-4381-a194-bd68f4526f1c@group-715EBF8096A7->8eb9963e-bce0-4155-aea2-e442cadff8bd-GrpcLogAppender: Failed to getClient for 8eb9963e-bce0-4155-aea2-e442cadff8bd
org.apache.ratis.protocol.exceptions.AlreadyClosedException: b5a25cc1-46d3-4381-a194-bd68f4526f1c is already CLOSED
	at org.apache.ratis.util.PeerProxyMap$PeerAndProxy.getProxy(PeerProxyMap.java:67)
	at org.apache.ratis.util.PeerProxyMap.getProxy(PeerProxyMap.java:124)
	at org.apache.ratis.grpc.server.GrpcLogAppender.getClient(GrpcLogAppender.java:207)
	at org.apache.ratis.grpc.server.GrpcLogAppender.resetClient(GrpcLogAppender.java:212)
	at org.apache.ratis.grpc.server.GrpcLogAppender.access$800(GrpcLogAppender.java:70)
	at org.apache.ratis.grpc.server.GrpcLogAppender$AppendLogResponseHandler.onCompleted(GrpcLogAppender.java:559)
	at org.apache.ratis.thirdparty.io.grpc.stub.ClientCalls$StreamObserverToCallListenerAdapter.onClose(ClientCalls.java:562)
	at org.apache.ratis.thirdparty.io.grpc.internal.DelayedClientCall$DelayedListener$3.run(DelayedClientCall.java:489)
	at org.apache.ratis.thirdparty.io.grpc.internal.DelayedClientCall$DelayedListener.delayOrExecute(DelayedClientCall.java:453)
	at org.apache.ratis.thirdparty.io.grpc.internal.DelayedClientCall$DelayedListener.onClose(DelayedClientCall.java:486)
	at org.apache.ratis.thirdparty.io.grpc.internal.ClientCallImpl.closeObserver(ClientCallImpl.java:565)
	at org.apache.ratis.thirdparty.io.grpc.internal.ClientCallImpl.access$100(ClientCallImpl.java:72)
	at org.apache.ratis.thirdparty.io.grpc.internal.ClientCallImpl$ClientStreamListenerImpl$1StreamClosed.runInternal(ClientCallImpl.java:733)
	at org.apache.ratis.thirdparty.io.grpc.internal.ClientCallImpl$ClientStreamListenerImpl$1StreamClosed.runInContext(ClientCallImpl.java:714)
	at org.apache.ratis.thirdparty.io.grpc.internal.ContextRunnable.run(ContextRunnable.java:37)
	at org.apache.ratis.thirdparty.io.grpc.internal.SerializingExecutor.run(SerializingExecutor.java:133)
	at java.base/java.util.concurrent.ThreadPoolExecutor.runWorker(ThreadPoolExecutor.java:1144)
	at java.base/java.util.concurrent.ThreadPoolExecutor$Worker.run(ThreadPoolExecutor.java:642)
	at java.base/java.lang.Thread.run(Thread.java:1583)
2025-09-19 20:43:12,872 [grpc-default-executor-3] INFO  server.GrpcLogAppender (GrpcLogAppender.java:onCompleted(558)) - b5a25cc1-46d3-4381-a194-bd68f4526f1c@group-715EBF8096A7->0df1231c-9f8a-4757-a7d0-f6d7f53bc482-AppendLogResponseHandler: follower responses appendEntries COMPLETED
2025-09-19 20:43:12,872 [grpc-default-executor-3] WARN  server.GrpcLogAppender (GrpcLogAppender.java:resetClient(237)) - b5a25cc1-46d3-4381-a194-bd68f4526f1c@group-715EBF8096A7->0df1231c-9f8a-4757-a7d0-f6d7f53bc482-GrpcLogAppender: Failed to getClient for 0df1231c-9f8a-4757-a7d0-f6d7f53bc482
org.apache.ratis.protocol.exceptions.AlreadyClosedException: b5a25cc1-46d3-4381-a194-bd68f4526f1c is already CLOSED
	at org.apache.ratis.util.PeerProxyMap$PeerAndProxy.getProxy(PeerProxyMap.java:67)
	at org.apache.ratis.util.PeerProxyMap.getProxy(PeerProxyMap.java:124)
	at org.apache.ratis.grpc.server.GrpcLogAppender.getClient(GrpcLogAppender.java:207)
	at org.apache.ratis.grpc.server.GrpcLogAppender.resetClient(GrpcLogAppender.java:212)
	at org.apache.ratis.grpc.server.GrpcLogAppender.access$800(GrpcLogAppender.java:70)
	at org.apache.ratis.grpc.server.GrpcLogAppender$AppendLogResponseHandler.onCompleted(GrpcLogAppender.java:559)
	at org.apache.ratis.thirdparty.io.grpc.stub.ClientCalls$StreamObserverToCallListenerAdapter.onClose(ClientCalls.java:562)
	at org.apache.ratis.thirdparty.io.grpc.internal.DelayedClientCall$DelayedListener$3.run(DelayedClientCall.java:489)
	at org.apache.ratis.thirdparty.io.grpc.internal.DelayedClientCall$DelayedListener.delayOrExecute(DelayedClientCall.java:453)
	at org.apache.ratis.thirdparty.io.grpc.internal.DelayedClientCall$DelayedListener.onClose(DelayedClientCall.java:486)
	at org.apache.ratis.thirdparty.io.grpc.internal.ClientCallImpl.closeObserver(ClientCallImpl.java:565)
	at org.apache.ratis.thirdparty.io.grpc.internal.ClientCallImpl.access$100(ClientCallImpl.java:72)
	at org.apache.ratis.thirdparty.io.grpc.internal.ClientCallImpl$ClientStreamListenerImpl$1StreamClosed.runInternal(ClientCallImpl.java:733)
	at org.apache.ratis.thirdparty.io.grpc.internal.ClientCallImpl$ClientStreamListenerImpl$1StreamClosed.runInContext(ClientCallImpl.java:714)
	at org.apache.ratis.thirdparty.io.grpc.internal.ContextRunnable.run(ContextRunnable.java:37)
	at org.apache.ratis.thirdparty.io.grpc.internal.SerializingExecutor.run(SerializingExecutor.java:133)
	at java.base/java.util.concurrent.ThreadPoolExecutor.runWorker(ThreadPoolExecutor.java:1144)
	at java.base/java.util.concurrent.ThreadPoolExecutor$Worker.run(ThreadPoolExecutor.java:642)
	at java.base/java.lang.Thread.run(Thread.java:1583)
2025-09-19 20:43:12,872 [b5a25cc1-46d3-4381-a194-bd68f4526f1c@group-A751954341BD-cacheEviction-AwaitToRun] INFO  util.AwaitToRun (AwaitToRun.java:run(49)) - b5a25cc1-46d3-4381-a194-bd68f4526f1c@group-A751954341BD-cacheEviction-AwaitToRun-AwaitForSignal is interrupted
2025-09-19 20:43:12,872 [b5a25cc1-46d3-4381-a194-bd68f4526f1c@group-715EBF8096A7-StateMachineUpdater] INFO  ratis.ContainerStateMachine (ContainerStateMachine.java:takeSnapshot(436)) - group-715EBF8096A7: Finished taking a snapshot at:(t:1, i:4) file:/home/runner/work/ozone/ozone/hadoop-ozone/integration-test/target/test-dir/MiniOzoneClusterImpl-990002c2-bb69-4aa2-bd68-28a5e13e86ef/ozone-metadata/datanode-3/ratis/958000d3-2396-49be-82e9-715ebf8096a7/sm/snapshot.1_4 took: 57 ms
2025-09-19 20:43:12,872 [b5a25cc1-46d3-4381-a194-bd68f4526f1c@group-715EBF8096A7-StateMachineUpdater] INFO  impl.StateMachineUpdater (StateMachineUpdater.java:takeSnapshot(307)) - b5a25cc1-46d3-4381-a194-bd68f4526f1c@group-715EBF8096A7-StateMachineUpdater: Took a snapshot at index 4
2025-09-19 20:43:12,873 [b5a25cc1-46d3-4381-a194-bd68f4526f1c@group-715EBF8096A7-StateMachineUpdater] INFO  impl.StateMachineUpdater (StateMachineUpdater.java:lambda$new$0(101)) - b5a25cc1-46d3-4381-a194-bd68f4526f1c@group-715EBF8096A7-StateMachineUpdater: snapshotIndex: updateIncreasingly -1 -> 4
2025-09-19 20:43:12,873 [b5a25cc1-46d3-4381-a194-bd68f4526f1c@group-715EBF8096A7-StateMachineUpdater] INFO  impl.StateMachineUpdater (StateMachineUpdater.java:stop(140)) - b5a25cc1-46d3-4381-a194-bd68f4526f1c@group-715EBF8096A7-StateMachineUpdater: closing ContainerStateMachine, lastApplied=(t:1, i:4)
2025-09-19 20:43:12,873 [ForkJoinPool-1-worker-1] INFO  server.GrpcServicesImpl (GrpcServicesImpl.java:closeImpl(364)) - b5a25cc1-46d3-4381-a194-bd68f4526f1c: shutdown server org.apache.ratis.grpc.server.GrpcClientProtocolService successfully
2025-09-19 20:43:12,873 [ForkJoinPool-1-worker-1] INFO  server.GrpcServicesImpl (GrpcServicesImpl.java:closeImpl(355)) - b5a25cc1-46d3-4381-a194-bd68f4526f1c: shutdown server GrpcServerProtocolService now
2025-09-19 20:43:12,873 [b5a25cc1-46d3-4381-a194-bd68f4526f1c@group-715EBF8096A7-cacheEviction-AwaitToRun] INFO  util.AwaitToRun (AwaitToRun.java:run(49)) - b5a25cc1-46d3-4381-a194-bd68f4526f1c@group-715EBF8096A7-cacheEviction-AwaitToRun-AwaitForSignal is interrupted
2025-09-19 20:43:12,875 [grpc-default-executor-4] WARN  server.GrpcLogAppender (LogUtils.java:warn(127)) - 8eb9963e-bce0-4155-aea2-e442cadff8bd@group-A751954341BD->b5a25cc1-46d3-4381-a194-bd68f4526f1c-AppendLogResponseHandler: Failed appendEntries: org.apache.ratis.thirdparty.io.grpc.StatusRuntimeException: CANCELLED: RST_STREAM closed stream. HTTP/2 error code: CANCEL
2025-09-19 20:43:12,876 [grpc-default-executor-1] WARN  server.GrpcServerProtocolService (LogUtils.java:warn(127)) - b5a25cc1-46d3-4381-a194-bd68f4526f1c: APPEND_ENTRIES onError, lastRequest: null: org.apache.ratis.thirdparty.io.grpc.StatusRuntimeException: CANCELLED: client cancelled
2025-09-19 20:43:12,877 [ForkJoinPool-1-worker-1] INFO  server.GrpcServicesImpl (GrpcServicesImpl.java:closeImpl(364)) - b5a25cc1-46d3-4381-a194-bd68f4526f1c: shutdown server GrpcServerProtocolService successfully
2025-09-19 20:43:12,877 [ForkJoinPool-1-worker-1] INFO  server.GrpcServicesImpl (GrpcServicesImpl.java:closeImpl(355)) - b5a25cc1-46d3-4381-a194-bd68f4526f1c: shutdown server org.apache.ratis.grpc.server.GrpcAdminProtocolService now
2025-09-19 20:43:12,877 [ForkJoinPool-1-worker-1] INFO  server.GrpcServicesImpl (GrpcServicesImpl.java:closeImpl(364)) - b5a25cc1-46d3-4381-a194-bd68f4526f1c: shutdown server org.apache.ratis.grpc.server.GrpcAdminProtocolService successfully
2025-09-19 20:43:12,878 [grpc-default-executor-3] WARN  server.GrpcServerProtocolService (LogUtils.java:warn(127)) - b5a25cc1-46d3-4381-a194-bd68f4526f1c: APPEND_ENTRIES onError, lastRequest: 8eb9963e-bce0-4155-aea2-e442cadff8bd->b5a25cc1-46d3-4381-a194-bd68f4526f1c#1-t1,previous=<PROTO_DEFAULT>,leaderCommit=-1,initializing? false,entries: size=1, first=(t:1, i:0), CONFIGURATIONENTRY(current:id:"b5a25cc1-46d3-4381-a194-bd68f4526f1c"address:"127.0.0.1:15031"dataStreamAddress:"127.0.0.1:15032"clientAddress:"127.0.0.1:15029"adminAddress:"127.0.0.1:15030"startupRole:FOLLOWER, id:"0df1231c-9f8a-4757-a7d0-f6d7f53bc482"address:"127.0.0.1:15023"dataStreamAddress:"127.0.0.1:15024"clientAddress:"127.0.0.1:15021"adminAddress:"127.0.0.1:15022"startupRole:FOLLOWER, id:"8eb9963e-bce0-4155-aea2-e442cadff8bd"address:"127.0.0.1:15015"priority:1dataStreamAddress:"127.0.0.1:15016"clientAddress:"127.0.0.1:15013"adminAddress:"127.0.0.1:15014"startupRole:FOLLOWER, old:): org.apache.ratis.thirdparty.io.grpc.StatusRuntimeException: CANCELLED: client cancelled
2025-09-19 20:43:12,878 [grpc-default-executor-4] WARN  server.GrpcLogAppender (GrpcLogAppender.java:lambda$resetClient$1(228)) - 8eb9963e-bce0-4155-aea2-e442cadff8bd@group-A751954341BD->b5a25cc1-46d3-4381-a194-bd68f4526f1c-GrpcLogAppender: Follower failed (request=null, errorCount=1); keep nextIndex (1) unchanged and retry.
2025-09-19 20:43:12,882 [b5a25cc1-46d3-4381-a194-bd68f4526f1c-NettyServerStreamRpc-bossGroup--thread1] INFO  logging.LoggingHandler (AbstractInternalLogger.java:log(148)) - [id: 0x90ead9b3, L:/0.0.0.0:15032] CLOSE
2025-09-19 20:43:12,882 [b5a25cc1-46d3-4381-a194-bd68f4526f1c-NettyServerStreamRpc-bossGroup--thread1] INFO  logging.LoggingHandler (AbstractInternalLogger.java:log(148)) - [id: 0x90ead9b3, L:/0.0.0.0:15032] INACTIVE
2025-09-19 20:43:12,882 [b5a25cc1-46d3-4381-a194-bd68f4526f1c-NettyServerStreamRpc-bossGroup--thread1] INFO  logging.LoggingHandler (AbstractInternalLogger.java:log(148)) - [id: 0x90ead9b3, L:/0.0.0.0:15032] UNREGISTERED
2025-09-19 20:43:12,931 [417c597c-13cf-4e34-be96-1680b82aa276@group-ECC9D8425EA7-FollowerState] INFO  impl.FollowerState (FollowerState.java:runImpl(161)) - 417c597c-13cf-4e34-be96-1680b82aa276@group-ECC9D8425EA7-FollowerState: change to CANDIDATE, lastRpcElapsedTime:1135849857ns, electionTimeout:1135ms
2025-09-19 20:43:12,931 [417c597c-13cf-4e34-be96-1680b82aa276@group-ECC9D8425EA7-FollowerState] INFO  impl.RoleInfo (RoleInfo.java:shutdownFollowerState(121)) - 417c597c-13cf-4e34-be96-1680b82aa276: shutdown 417c597c-13cf-4e34-be96-1680b82aa276@group-ECC9D8425EA7-FollowerState
2025-09-19 20:43:12,931 [417c597c-13cf-4e34-be96-1680b82aa276@group-ECC9D8425EA7-FollowerState] INFO  server.RaftServer$Division (RaftServerImpl.java:setRole(392)) - 417c597c-13cf-4e34-be96-1680b82aa276@group-ECC9D8425EA7: changes role from  FOLLOWER to CANDIDATE at term 0 for changeToCandidate
2025-09-19 20:43:12,931 [417c597c-13cf-4e34-be96-1680b82aa276@group-ECC9D8425EA7-FollowerState] INFO  impl.RoleInfo (RoleInfo.java:updateAndGet(148)) - 417c597c-13cf-4e34-be96-1680b82aa276: start 417c597c-13cf-4e34-be96-1680b82aa276@group-ECC9D8425EA7-LeaderElection14
2025-09-19 20:43:12,932 [417c597c-13cf-4e34-be96-1680b82aa276@group-ECC9D8425EA7-LeaderElection14] INFO  impl.LeaderElection (LeaderElection.java:askForVotes(448)) - 417c597c-13cf-4e34-be96-1680b82aa276@group-ECC9D8425EA7-LeaderElection14 PRE_VOTE round 0: submit vote requests at term 0 for conf: {index: -1, cur=peers:[417c597c-13cf-4e34-be96-1680b82aa276|127.0.0.1:15047]|listeners:[], old=null}
2025-09-19 20:43:12,932 [417c597c-13cf-4e34-be96-1680b82aa276@group-ECC9D8425EA7-LeaderElection14] INFO  impl.LeaderElection (LeaderElection.java:askForVotes(450)) - 417c597c-13cf-4e34-be96-1680b82aa276@group-ECC9D8425EA7-LeaderElection14 PRE_VOTE round 0: result PASSED (term=0)
2025-09-19 20:43:12,933 [417c597c-13cf-4e34-be96-1680b82aa276@group-ECC9D8425EA7-LeaderElection14] INFO  impl.LeaderElection (LeaderElection.java:askForVotes(448)) - 417c597c-13cf-4e34-be96-1680b82aa276@group-ECC9D8425EA7-LeaderElection14 ELECTION round 0: submit vote requests at term 1 for conf: {index: -1, cur=peers:[417c597c-13cf-4e34-be96-1680b82aa276|127.0.0.1:15047]|listeners:[], old=null}
2025-09-19 20:43:12,933 [417c597c-13cf-4e34-be96-1680b82aa276@group-ECC9D8425EA7-LeaderElection14] INFO  impl.LeaderElection (LeaderElection.java:askForVotes(450)) - 417c597c-13cf-4e34-be96-1680b82aa276@group-ECC9D8425EA7-LeaderElection14 ELECTION round 0: result PASSED (term=1)
2025-09-19 20:43:12,933 [417c597c-13cf-4e34-be96-1680b82aa276@group-ECC9D8425EA7-LeaderElection14] INFO  impl.RoleInfo (RoleInfo.java:shutdownLeaderElection(141)) - 417c597c-13cf-4e34-be96-1680b82aa276: shutdown 417c597c-13cf-4e34-be96-1680b82aa276@group-ECC9D8425EA7-LeaderElection14
2025-09-19 20:43:12,933 [417c597c-13cf-4e34-be96-1680b82aa276@group-ECC9D8425EA7-LeaderElection14] INFO  server.RaftServer$Division (RaftServerImpl.java:setRole(392)) - 417c597c-13cf-4e34-be96-1680b82aa276@group-ECC9D8425EA7: changes role from CANDIDATE to LEADER at term 1 for changeToLeader
2025-09-19 20:43:12,933 [417c597c-13cf-4e34-be96-1680b82aa276@group-ECC9D8425EA7-LeaderElection14] INFO  server.RaftServerConfigKeys (ConfUtils.java:logFallback(69)) - raft.server.staging.timeout = 3600ms (fallback to raft.server.rpc.timeout.max)
2025-09-19 20:43:12,933 [417c597c-13cf-4e34-be96-1680b82aa276@group-ECC9D8425EA7-LeaderElection14] INFO  server.RaftServerConfigKeys (ConfUtils.java:logGet(62)) - raft.server.write.byte-limit = 1024 M (=1073741824) (custom)
2025-09-19 20:43:12,934 [417c597c-13cf-4e34-be96-1680b82aa276@group-ECC9D8425EA7-LeaderElection14] INFO  impl.RoleInfo (RoleInfo.java:updateAndGet(148)) - 417c597c-13cf-4e34-be96-1680b82aa276: start 417c597c-13cf-4e34-be96-1680b82aa276@group-ECC9D8425EA7-LeaderStateImpl
2025-09-19 20:43:12,934 [417c597c-13cf-4e34-be96-1680b82aa276@group-ECC9D8425EA7-LeaderElection14] INFO  server.RaftServer$Division (RaftServerImpl.java:setFirstElection(576)) - 417c597c-13cf-4e34-be96-1680b82aa276@group-ECC9D8425EA7: set firstElectionSinceStartup to false for becomeLeader
2025-09-19 20:43:12,935 [417c597c-13cf-4e34-be96-1680b82aa276@group-ECC9D8425EA7-LeaderElection14] INFO  ratis.XceiverServerRatis (XceiverServerRatis.java:handleLeaderChangedNotification(942)) - Leader change notification received for group: group-ECC9D8425EA7 with new leaderId: 417c597c-13cf-4e34-be96-1680b82aa276
2025-09-19 20:43:12,935 [417c597c-13cf-4e34-be96-1680b82aa276@group-ECC9D8425EA7-LeaderElection14] INFO  server.RaftServer$Division (ServerState.java:setLeader(272)) - 417c597c-13cf-4e34-be96-1680b82aa276@group-ECC9D8425EA7: change Leader from null to 417c597c-13cf-4e34-be96-1680b82aa276 at term 1 for becomeLeader, leader elected after 1180ms
2025-09-19 20:43:12,935 [417c597c-13cf-4e34-be96-1680b82aa276@group-ECC9D8425EA7-LeaderElection14] INFO  segmented.SegmentedRaftLogWorker (SegmentedRaftLogWorker.java:startLogSegment(440)) - 417c597c-13cf-4e34-be96-1680b82aa276@group-ECC9D8425EA7-SegmentedRaftLogWorker: Starting segment from index:0
2025-09-19 20:43:12,935 [417c597c-13cf-4e34-be96-1680b82aa276@group-ECC9D8425EA7-LeaderElection14] INFO  server.RaftServer$Division (ServerState.java:setRaftConf(386)) - 417c597c-13cf-4e34-be96-1680b82aa276@group-ECC9D8425EA7: set configuration conf: {index: 0, cur=peers:[417c597c-13cf-4e34-be96-1680b82aa276|127.0.0.1:15047]|listeners:[], old=null}
2025-09-19 20:43:12,936 [417c597c-13cf-4e34-be96-1680b82aa276@group-ECC9D8425EA7-SegmentedRaftLogWorker] INFO  segmented.BufferedWriteChannel (BufferedWriteChannel.java:open(61)) - open log_inprogress_0 at position 0
2025-09-19 20:43:12,942 [417c597c-13cf-4e34-be96-1680b82aa276@group-ECC9D8425EA7-SegmentedRaftLogWorker] INFO  segmented.SegmentedRaftLogWorker (SegmentedRaftLogWorker.java:execute(647)) - 417c597c-13cf-4e34-be96-1680b82aa276@group-ECC9D8425EA7-SegmentedRaftLogWorker: created new log segment /home/runner/work/ozone/ozone/hadoop-ozone/integration-test/target/test-dir/MiniOzoneClusterImpl-990002c2-bb69-4aa2-bd68-28a5e13e86ef/ozone-metadata/datanode-5/ratis/1a407f51-d149-4286-bfb4-ecc9d8425ea7/current/log_inprogress_0
2025-09-19 20:43:12,943 [417c597c-13cf-4e34-be96-1680b82aa276@group-ECC9D8425EA7-StateMachineUpdater] INFO  server.RaftServer$Division (LeaderStateImpl.java:checkStartIndex(309)) - Leader 417c597c-13cf-4e34-be96-1680b82aa276@group-ECC9D8425EA7-LeaderStateImpl is ready since appliedIndex == startIndex == 0
2025-09-19 20:43:13,002 [c834ff67-8e28-4894-9cd1-7316b4e587ce@group-9CA395F3C3E7-FollowerState] INFO  impl.FollowerState (FollowerState.java:runImpl(161)) - c834ff67-8e28-4894-9cd1-7316b4e587ce@group-9CA395F3C3E7-FollowerState: change to CANDIDATE, lastRpcElapsedTime:1188745122ns, electionTimeout:1188ms
2025-09-19 20:43:13,002 [c834ff67-8e28-4894-9cd1-7316b4e587ce@group-9CA395F3C3E7-FollowerState] INFO  impl.RoleInfo (RoleInfo.java:shutdownFollowerState(121)) - c834ff67-8e28-4894-9cd1-7316b4e587ce: shutdown c834ff67-8e28-4894-9cd1-7316b4e587ce@group-9CA395F3C3E7-FollowerState
2025-09-19 20:43:13,002 [c834ff67-8e28-4894-9cd1-7316b4e587ce@group-9CA395F3C3E7-FollowerState] INFO  server.RaftServer$Division (RaftServerImpl.java:setRole(392)) - c834ff67-8e28-4894-9cd1-7316b4e587ce@group-9CA395F3C3E7: changes role from  FOLLOWER to CANDIDATE at term 0 for changeToCandidate
2025-09-19 20:43:13,002 [c834ff67-8e28-4894-9cd1-7316b4e587ce@group-9CA395F3C3E7-FollowerState] INFO  impl.RoleInfo (RoleInfo.java:updateAndGet(148)) - c834ff67-8e28-4894-9cd1-7316b4e587ce: start c834ff67-8e28-4894-9cd1-7316b4e587ce@group-9CA395F3C3E7-LeaderElection15
2025-09-19 20:43:13,003 [c834ff67-8e28-4894-9cd1-7316b4e587ce@group-9CA395F3C3E7-LeaderElection15] INFO  impl.LeaderElection (LeaderElection.java:askForVotes(448)) - c834ff67-8e28-4894-9cd1-7316b4e587ce@group-9CA395F3C3E7-LeaderElection15 PRE_VOTE round 0: submit vote requests at term 0 for conf: {index: -1, cur=peers:[e7feb3b4-5cd1-4322-b271-eb1c248a4412|127.0.0.1:15039, 417c597c-13cf-4e34-be96-1680b82aa276|127.0.0.1:15047, c834ff67-8e28-4894-9cd1-7316b4e587ce|127.0.0.1:15055]|listeners:[], old=null}
2025-09-19 20:43:13,003 [c834ff67-8e28-4894-9cd1-7316b4e587ce@group-9CA395F3C3E7-LeaderElection15-1] INFO  server.GrpcServerProtocolClient (GrpcServerProtocolClient.java:<init>(65)) - Build channel for e7feb3b4-5cd1-4322-b271-eb1c248a4412|127.0.0.1:15039
2025-09-19 20:43:13,003 [c834ff67-8e28-4894-9cd1-7316b4e587ce@group-9CA395F3C3E7-LeaderElection15-2] INFO  server.GrpcServerProtocolClient (GrpcServerProtocolClient.java:<init>(65)) - Build channel for 417c597c-13cf-4e34-be96-1680b82aa276|127.0.0.1:15047
2025-09-19 20:43:13,007 [grpc-default-executor-3] INFO  server.RaftServer$Division (RaftServerImpl.java:requestVote(1421)) - 417c597c-13cf-4e34-be96-1680b82aa276@group-9CA395F3C3E7: receive requestVote(PRE_VOTE, c834ff67-8e28-4894-9cd1-7316b4e587ce, group-9CA395F3C3E7, 0, <PROTO_DEFAULT>)
2025-09-19 20:43:13,007 [grpc-default-executor-1] INFO  server.RaftServer$Division (RaftServerImpl.java:requestVote(1421)) - e7feb3b4-5cd1-4322-b271-eb1c248a4412@group-9CA395F3C3E7: receive requestVote(PRE_VOTE, c834ff67-8e28-4894-9cd1-7316b4e587ce, group-9CA395F3C3E7, 0, <PROTO_DEFAULT>)
2025-09-19 20:43:13,007 [grpc-default-executor-1] INFO  impl.VoteContext (VoteContext.java:log(49)) - e7feb3b4-5cd1-4322-b271-eb1c248a4412@group-9CA395F3C3E7-FOLLOWER: accept PRE_VOTE from c834ff67-8e28-4894-9cd1-7316b4e587ce: our priority 0 <= candidate's priority 1
2025-09-19 20:43:13,007 [grpc-default-executor-3] INFO  impl.VoteContext (VoteContext.java:log(49)) - 417c597c-13cf-4e34-be96-1680b82aa276@group-9CA395F3C3E7-FOLLOWER: accept PRE_VOTE from c834ff67-8e28-4894-9cd1-7316b4e587ce: our priority 0 <= candidate's priority 1
2025-09-19 20:43:13,007 [grpc-default-executor-1] INFO  server.RaftServer$Division (RaftServerImpl.java:requestVote(1455)) - e7feb3b4-5cd1-4322-b271-eb1c248a4412@group-9CA395F3C3E7 replies to PRE_VOTE vote request: c834ff67-8e28-4894-9cd1-7316b4e587ce<-e7feb3b4-5cd1-4322-b271-eb1c248a4412#0:OK-t0-last:<INITIAL_VALUE>. Peer's state: e7feb3b4-5cd1-4322-b271-eb1c248a4412@group-9CA395F3C3E7:t0, leader=null, voted=, raftlog=Memoized:e7feb3b4-5cd1-4322-b271-eb1c248a4412@group-9CA395F3C3E7-SegmentedRaftLog:OPENED:c-1:lastnull, conf=conf: {index: -1, cur=peers:[e7feb3b4-5cd1-4322-b271-eb1c248a4412|127.0.0.1:15039, 417c597c-13cf-4e34-be96-1680b82aa276|127.0.0.1:15047, c834ff67-8e28-4894-9cd1-7316b4e587ce|127.0.0.1:15055]|listeners:[], old=null}
2025-09-19 20:43:13,008 [grpc-default-executor-3] INFO  server.RaftServer$Division (RaftServerImpl.java:requestVote(1455)) - 417c597c-13cf-4e34-be96-1680b82aa276@group-9CA395F3C3E7 replies to PRE_VOTE vote request: c834ff67-8e28-4894-9cd1-7316b4e587ce<-417c597c-13cf-4e34-be96-1680b82aa276#0:OK-t0-last:<INITIAL_VALUE>. Peer's state: 417c597c-13cf-4e34-be96-1680b82aa276@group-9CA395F3C3E7:t0, leader=null, voted=, raftlog=Memoized:417c597c-13cf-4e34-be96-1680b82aa276@group-9CA395F3C3E7-SegmentedRaftLog:OPENED:c-1:lastnull, conf=conf: {index: -1, cur=peers:[e7feb3b4-5cd1-4322-b271-eb1c248a4412|127.0.0.1:15039, 417c597c-13cf-4e34-be96-1680b82aa276|127.0.0.1:15047, c834ff67-8e28-4894-9cd1-7316b4e587ce|127.0.0.1:15055]|listeners:[], old=null}
2025-09-19 20:43:13,008 [c834ff67-8e28-4894-9cd1-7316b4e587ce@group-9CA395F3C3E7-LeaderElection15] INFO  impl.LeaderElection (LeaderElection.java:logAndReturn(206)) - c834ff67-8e28-4894-9cd1-7316b4e587ce@group-9CA395F3C3E7-LeaderElection15: PRE_VOTE PASSED received 1 response(s) and 0 exception(s):
2025-09-19 20:43:13,008 [c834ff67-8e28-4894-9cd1-7316b4e587ce@group-9CA395F3C3E7-LeaderElection15] INFO  impl.LeaderElection (LeaderElection.java:logAndReturn(210)) -   Response 0: c834ff67-8e28-4894-9cd1-7316b4e587ce<-e7feb3b4-5cd1-4322-b271-eb1c248a4412#0:OK-t0-last:<INITIAL_VALUE>
2025-09-19 20:43:13,009 [c834ff67-8e28-4894-9cd1-7316b4e587ce@group-9CA395F3C3E7-LeaderElection15] INFO  impl.LeaderElection (LeaderElection.java:askForVotes(450)) - c834ff67-8e28-4894-9cd1-7316b4e587ce@group-9CA395F3C3E7-LeaderElection15 PRE_VOTE round 0: result PASSED
2025-09-19 20:43:13,010 [c834ff67-8e28-4894-9cd1-7316b4e587ce@group-9CA395F3C3E7-LeaderElection15] INFO  impl.LeaderElection (LeaderElection.java:askForVotes(448)) - c834ff67-8e28-4894-9cd1-7316b4e587ce@group-9CA395F3C3E7-LeaderElection15 ELECTION round 0: submit vote requests at term 1 for conf: {index: -1, cur=peers:[e7feb3b4-5cd1-4322-b271-eb1c248a4412|127.0.0.1:15039, 417c597c-13cf-4e34-be96-1680b82aa276|127.0.0.1:15047, c834ff67-8e28-4894-9cd1-7316b4e587ce|127.0.0.1:15055]|listeners:[], old=null}
2025-09-19 20:43:13,013 [grpc-default-executor-1] INFO  server.RaftServer$Division (RaftServerImpl.java:requestVote(1421)) - 417c597c-13cf-4e34-be96-1680b82aa276@group-9CA395F3C3E7: receive requestVote(ELECTION, c834ff67-8e28-4894-9cd1-7316b4e587ce, group-9CA395F3C3E7, 1, <PROTO_DEFAULT>)
2025-09-19 20:43:13,013 [grpc-default-executor-3] INFO  server.RaftServer$Division (RaftServerImpl.java:requestVote(1421)) - e7feb3b4-5cd1-4322-b271-eb1c248a4412@group-9CA395F3C3E7: receive requestVote(ELECTION, c834ff67-8e28-4894-9cd1-7316b4e587ce, group-9CA395F3C3E7, 1, <PROTO_DEFAULT>)
2025-09-19 20:43:13,013 [grpc-default-executor-1] INFO  impl.VoteContext (VoteContext.java:log(49)) - 417c597c-13cf-4e34-be96-1680b82aa276@group-9CA395F3C3E7-FOLLOWER: accept ELECTION from c834ff67-8e28-4894-9cd1-7316b4e587ce: our priority 0 <= candidate's priority 1
2025-09-19 20:43:13,013 [grpc-default-executor-3] INFO  impl.VoteContext (VoteContext.java:log(49)) - e7feb3b4-5cd1-4322-b271-eb1c248a4412@group-9CA395F3C3E7-FOLLOWER: accept ELECTION from c834ff67-8e28-4894-9cd1-7316b4e587ce: our priority 0 <= candidate's priority 1
2025-09-19 20:43:13,013 [grpc-default-executor-3] INFO  server.RaftServer$Division (RaftServerImpl.java:setRole(392)) - e7feb3b4-5cd1-4322-b271-eb1c248a4412@group-9CA395F3C3E7: changes role from  FOLLOWER to FOLLOWER at term 0 for candidate:c834ff67-8e28-4894-9cd1-7316b4e587ce
2025-09-19 20:43:13,013 [grpc-default-executor-3] INFO  impl.RoleInfo (RoleInfo.java:shutdownFollowerState(121)) - e7feb3b4-5cd1-4322-b271-eb1c248a4412: shutdown e7feb3b4-5cd1-4322-b271-eb1c248a4412@group-9CA395F3C3E7-FollowerState
2025-09-19 20:43:13,013 [e7feb3b4-5cd1-4322-b271-eb1c248a4412@group-9CA395F3C3E7-FollowerState] INFO  impl.FollowerState (FollowerState.java:runImpl(170)) - e7feb3b4-5cd1-4322-b271-eb1c248a4412@group-9CA395F3C3E7-FollowerState was interrupted
2025-09-19 20:43:13,013 [grpc-default-executor-1] INFO  server.RaftServer$Division (RaftServerImpl.java:setRole(392)) - 417c597c-13cf-4e34-be96-1680b82aa276@group-9CA395F3C3E7: changes role from  FOLLOWER to FOLLOWER at term 0 for candidate:c834ff67-8e28-4894-9cd1-7316b4e587ce
2025-09-19 20:43:13,013 [grpc-default-executor-1] INFO  impl.RoleInfo (RoleInfo.java:shutdownFollowerState(121)) - 417c597c-13cf-4e34-be96-1680b82aa276: shutdown 417c597c-13cf-4e34-be96-1680b82aa276@group-9CA395F3C3E7-FollowerState
2025-09-19 20:43:13,013 [grpc-default-executor-1] INFO  impl.RoleInfo (RoleInfo.java:updateAndGet(148)) - 417c597c-13cf-4e34-be96-1680b82aa276: start 417c597c-13cf-4e34-be96-1680b82aa276@group-9CA395F3C3E7-FollowerState
2025-09-19 20:43:13,013 [417c597c-13cf-4e34-be96-1680b82aa276@group-9CA395F3C3E7-FollowerState] INFO  impl.FollowerState (FollowerState.java:runImpl(170)) - 417c597c-13cf-4e34-be96-1680b82aa276@group-9CA395F3C3E7-FollowerState was interrupted
2025-09-19 20:43:13,014 [grpc-default-executor-1] INFO  server.RaftServer$Division (RaftServerImpl.java:setFirstElection(576)) - 417c597c-13cf-4e34-be96-1680b82aa276@group-9CA395F3C3E7: set firstElectionSinceStartup to false for candidate:c834ff67-8e28-4894-9cd1-7316b4e587ce
2025-09-19 20:43:13,013 [grpc-default-executor-3] INFO  impl.RoleInfo (RoleInfo.java:updateAndGet(148)) - e7feb3b4-5cd1-4322-b271-eb1c248a4412: start e7feb3b4-5cd1-4322-b271-eb1c248a4412@group-9CA395F3C3E7-FollowerState
2025-09-19 20:43:13,015 [grpc-default-executor-1] INFO  server.RaftServer$Division (RaftServerImpl.java:requestVote(1455)) - 417c597c-13cf-4e34-be96-1680b82aa276@group-9CA395F3C3E7 replies to ELECTION vote request: c834ff67-8e28-4894-9cd1-7316b4e587ce<-417c597c-13cf-4e34-be96-1680b82aa276#0:OK-t1-last:<INITIAL_VALUE>. Peer's state: 417c597c-13cf-4e34-be96-1680b82aa276@group-9CA395F3C3E7:t1, leader=null, voted=c834ff67-8e28-4894-9cd1-7316b4e587ce, raftlog=Memoized:417c597c-13cf-4e34-be96-1680b82aa276@group-9CA395F3C3E7-SegmentedRaftLog:OPENED:c-1:lastnull, conf=conf: {index: -1, cur=peers:[e7feb3b4-5cd1-4322-b271-eb1c248a4412|127.0.0.1:15039, 417c597c-13cf-4e34-be96-1680b82aa276|127.0.0.1:15047, c834ff67-8e28-4894-9cd1-7316b4e587ce|127.0.0.1:15055]|listeners:[], old=null}
2025-09-19 20:43:13,015 [grpc-default-executor-3] INFO  server.RaftServer$Division (RaftServerImpl.java:requestVote(1455)) - e7feb3b4-5cd1-4322-b271-eb1c248a4412@group-9CA395F3C3E7 replies to ELECTION vote request: c834ff67-8e28-4894-9cd1-7316b4e587ce<-e7feb3b4-5cd1-4322-b271-eb1c248a4412#0:OK-t1-last:<INITIAL_VALUE>. Peer's state: e7feb3b4-5cd1-4322-b271-eb1c248a4412@group-9CA395F3C3E7:t1, leader=null, voted=c834ff67-8e28-4894-9cd1-7316b4e587ce, raftlog=Memoized:e7feb3b4-5cd1-4322-b271-eb1c248a4412@group-9CA395F3C3E7-SegmentedRaftLog:OPENED:c-1:lastnull, conf=conf: {index: -1, cur=peers:[e7feb3b4-5cd1-4322-b271-eb1c248a4412|127.0.0.1:15039, 417c597c-13cf-4e34-be96-1680b82aa276|127.0.0.1:15047, c834ff67-8e28-4894-9cd1-7316b4e587ce|127.0.0.1:15055]|listeners:[], old=null}
2025-09-19 20:43:13,017 [c834ff67-8e28-4894-9cd1-7316b4e587ce@group-9CA395F3C3E7-LeaderElection15] INFO  impl.LeaderElection (LeaderElection.java:logAndReturn(206)) - c834ff67-8e28-4894-9cd1-7316b4e587ce@group-9CA395F3C3E7-LeaderElection15: ELECTION PASSED received 1 response(s) and 0 exception(s):
2025-09-19 20:43:13,017 [c834ff67-8e28-4894-9cd1-7316b4e587ce@group-9CA395F3C3E7-LeaderElection15] INFO  impl.LeaderElection (LeaderElection.java:logAndReturn(210)) -   Response 0: c834ff67-8e28-4894-9cd1-7316b4e587ce<-417c597c-13cf-4e34-be96-1680b82aa276#0:OK-t1-last:<INITIAL_VALUE>
2025-09-19 20:43:13,017 [c834ff67-8e28-4894-9cd1-7316b4e587ce@group-9CA395F3C3E7-LeaderElection15] INFO  impl.LeaderElection (LeaderElection.java:askForVotes(450)) - c834ff67-8e28-4894-9cd1-7316b4e587ce@group-9CA395F3C3E7-LeaderElection15 ELECTION round 0: result PASSED
2025-09-19 20:43:13,017 [c834ff67-8e28-4894-9cd1-7316b4e587ce@group-9CA395F3C3E7-LeaderElection15] INFO  impl.RoleInfo (RoleInfo.java:shutdownLeaderElection(141)) - c834ff67-8e28-4894-9cd1-7316b4e587ce: shutdown c834ff67-8e28-4894-9cd1-7316b4e587ce@group-9CA395F3C3E7-LeaderElection15
2025-09-19 20:43:13,017 [c834ff67-8e28-4894-9cd1-7316b4e587ce@group-9CA395F3C3E7-LeaderElection15] INFO  server.RaftServer$Division (RaftServerImpl.java:setRole(392)) - c834ff67-8e28-4894-9cd1-7316b4e587ce@group-9CA395F3C3E7: changes role from CANDIDATE to LEADER at term 1 for changeToLeader
2025-09-19 20:43:13,017 [c834ff67-8e28-4894-9cd1-7316b4e587ce@group-9CA395F3C3E7-LeaderElection15] INFO  server.RaftServerConfigKeys (ConfUtils.java:logFallback(69)) - raft.server.staging.timeout = 3600ms (fallback to raft.server.rpc.timeout.max)
2025-09-19 20:43:13,017 [c834ff67-8e28-4894-9cd1-7316b4e587ce@group-9CA395F3C3E7-LeaderElection15] INFO  server.RaftServerConfigKeys (ConfUtils.java:logGet(62)) - raft.server.write.byte-limit = 1024 M (=1073741824) (custom)
2025-09-19 20:43:13,019 [c834ff67-8e28-4894-9cd1-7316b4e587ce@group-9CA395F3C3E7-LeaderElection15] INFO  server.RaftServerConfigKeys (ConfUtils.java:logGet(62)) - raft.server.log.appender.buffer.byte-limit = 33554432 (custom)
2025-09-19 20:43:13,020 [c834ff67-8e28-4894-9cd1-7316b4e587ce@group-9CA395F3C3E7-LeaderElection15] INFO  server.RaftServerConfigKeys (ConfUtils.java:logGet(62)) - raft.server.log.appender.buffer.byte-limit = 33554432 (custom)
2025-09-19 20:43:13,020 [c834ff67-8e28-4894-9cd1-7316b4e587ce@group-9CA395F3C3E7-LeaderElection15] INFO  impl.RoleInfo (RoleInfo.java:updateAndGet(148)) - c834ff67-8e28-4894-9cd1-7316b4e587ce: start c834ff67-8e28-4894-9cd1-7316b4e587ce@group-9CA395F3C3E7-LeaderStateImpl
2025-09-19 20:43:13,020 [c834ff67-8e28-4894-9cd1-7316b4e587ce@group-9CA395F3C3E7-LeaderElection15] INFO  server.RaftServer$Division (RaftServerImpl.java:setFirstElection(576)) - c834ff67-8e28-4894-9cd1-7316b4e587ce@group-9CA395F3C3E7: set firstElectionSinceStartup to false for becomeLeader
2025-09-19 20:43:13,020 [c834ff67-8e28-4894-9cd1-7316b4e587ce@group-9CA395F3C3E7-LeaderElection15] INFO  ratis.XceiverServerRatis (XceiverServerRatis.java:handleLeaderChangedNotification(942)) - Leader change notification received for group: group-9CA395F3C3E7 with new leaderId: c834ff67-8e28-4894-9cd1-7316b4e587ce
2025-09-19 20:43:13,021 [c834ff67-8e28-4894-9cd1-7316b4e587ce@group-9CA395F3C3E7-LeaderElection15] INFO  server.RaftServer$Division (ServerState.java:setLeader(272)) - c834ff67-8e28-4894-9cd1-7316b4e587ce@group-9CA395F3C3E7: change Leader from null to c834ff67-8e28-4894-9cd1-7316b4e587ce at term 1 for becomeLeader, leader elected after 1240ms
2025-09-19 20:43:13,021 [c834ff67-8e28-4894-9cd1-7316b4e587ce@group-9CA395F3C3E7-LeaderElection15] INFO  segmented.SegmentedRaftLogWorker (SegmentedRaftLogWorker.java:startLogSegment(440)) - c834ff67-8e28-4894-9cd1-7316b4e587ce@group-9CA395F3C3E7-SegmentedRaftLogWorker: Starting segment from index:0
2025-09-19 20:43:13,021 [c834ff67-8e28-4894-9cd1-7316b4e587ce@group-9CA395F3C3E7-SegmentedRaftLogWorker] INFO  segmented.BufferedWriteChannel (BufferedWriteChannel.java:open(61)) - open log_inprogress_0 at position 0
2025-09-19 20:43:13,024 [c834ff67-8e28-4894-9cd1-7316b4e587ce@group-9CA395F3C3E7-LeaderElection15] INFO  server.RaftServer$Division (ServerState.java:setRaftConf(386)) - c834ff67-8e28-4894-9cd1-7316b4e587ce@group-9CA395F3C3E7: set configuration conf: {index: 0, cur=peers:[e7feb3b4-5cd1-4322-b271-eb1c248a4412|127.0.0.1:15039, 417c597c-13cf-4e34-be96-1680b82aa276|127.0.0.1:15047, c834ff67-8e28-4894-9cd1-7316b4e587ce|127.0.0.1:15055]|listeners:[], old=null}
2025-09-19 20:43:13,028 [EventQueue-PipelineReportForPipelineReportHandler] INFO  pipeline.PipelineReportHandler (PipelineReportHandler.java:processPipelineReport(132)) - Opened pipeline Pipeline-c94d1c9f-8cc3-4489-8058-9ca395f3c3e7
2025-09-19 20:43:13,030 [grpc-default-executor-3] INFO  ratis.XceiverServerRatis (XceiverServerRatis.java:handleLeaderChangedNotification(942)) - Leader change notification received for group: group-9CA395F3C3E7 with new leaderId: c834ff67-8e28-4894-9cd1-7316b4e587ce
2025-09-19 20:43:13,030 [grpc-default-executor-3] INFO  server.RaftServer$Division (ServerState.java:setLeader(272)) - 417c597c-13cf-4e34-be96-1680b82aa276@group-9CA395F3C3E7: change Leader from null to c834ff67-8e28-4894-9cd1-7316b4e587ce at term 1 for appendEntries, leader elected after 1351ms
2025-09-19 20:43:13,033 [grpc-default-executor-1] INFO  server.RaftServer$Division (ServerState.java:setRaftConf(386)) - 417c597c-13cf-4e34-be96-1680b82aa276@group-9CA395F3C3E7: set configuration conf: {index: 0, cur=peers:[e7feb3b4-5cd1-4322-b271-eb1c248a4412|127.0.0.1:15039, 417c597c-13cf-4e34-be96-1680b82aa276|127.0.0.1:15047, c834ff67-8e28-4894-9cd1-7316b4e587ce|127.0.0.1:15055]|listeners:[], old=null}
2025-09-19 20:43:13,033 [grpc-default-executor-1] INFO  segmented.SegmentedRaftLogWorker (SegmentedRaftLogWorker.java:startLogSegment(440)) - 417c597c-13cf-4e34-be96-1680b82aa276@group-9CA395F3C3E7-SegmentedRaftLogWorker: Starting segment from index:0
2025-09-19 20:43:13,033 [c834ff67-8e28-4894-9cd1-7316b4e587ce@group-9CA395F3C3E7-SegmentedRaftLogWorker] INFO  segmented.SegmentedRaftLogWorker (SegmentedRaftLogWorker.java:execute(647)) - c834ff67-8e28-4894-9cd1-7316b4e587ce@group-9CA395F3C3E7-SegmentedRaftLogWorker: created new log segment /home/runner/work/ozone/ozone/hadoop-ozone/integration-test/target/test-dir/MiniOzoneClusterImpl-990002c2-bb69-4aa2-bd68-28a5e13e86ef/ozone-metadata/datanode-6/ratis/c94d1c9f-8cc3-4489-8058-9ca395f3c3e7/current/log_inprogress_0
2025-09-19 20:43:13,034 [grpc-default-executor-4] INFO  ratis.XceiverServerRatis (XceiverServerRatis.java:handleLeaderChangedNotification(942)) - Leader change notification received for group: group-9CA395F3C3E7 with new leaderId: c834ff67-8e28-4894-9cd1-7316b4e587ce
2025-09-19 20:43:13,034 [grpc-default-executor-4] INFO  server.RaftServer$Division (ServerState.java:setLeader(272)) - e7feb3b4-5cd1-4322-b271-eb1c248a4412@group-9CA395F3C3E7: change Leader from null to c834ff67-8e28-4894-9cd1-7316b4e587ce at term 1 for appendEntries, leader elected after 1415ms
2025-09-19 20:43:13,034 [417c597c-13cf-4e34-be96-1680b82aa276@group-9CA395F3C3E7-SegmentedRaftLogWorker] INFO  segmented.BufferedWriteChannel (BufferedWriteChannel.java:open(61)) - open log_inprogress_0 at position 0
2025-09-19 20:43:13,034 [grpc-default-executor-3] INFO  server.RaftServer$Division (ServerState.java:setRaftConf(386)) - e7feb3b4-5cd1-4322-b271-eb1c248a4412@group-9CA395F3C3E7: set configuration conf: {index: 0, cur=peers:[e7feb3b4-5cd1-4322-b271-eb1c248a4412|127.0.0.1:15039, 417c597c-13cf-4e34-be96-1680b82aa276|127.0.0.1:15047, c834ff67-8e28-4894-9cd1-7316b4e587ce|127.0.0.1:15055]|listeners:[], old=null}
2025-09-19 20:43:13,035 [grpc-default-executor-3] INFO  segmented.SegmentedRaftLogWorker (SegmentedRaftLogWorker.java:startLogSegment(440)) - e7feb3b4-5cd1-4322-b271-eb1c248a4412@group-9CA395F3C3E7-SegmentedRaftLogWorker: Starting segment from index:0
2025-09-19 20:43:13,035 [e7feb3b4-5cd1-4322-b271-eb1c248a4412@group-9CA395F3C3E7-SegmentedRaftLogWorker] INFO  segmented.BufferedWriteChannel (BufferedWriteChannel.java:open(61)) - open log_inprogress_0 at position 0
2025-09-19 20:43:13,041 [417c597c-13cf-4e34-be96-1680b82aa276@group-9CA395F3C3E7-SegmentedRaftLogWorker] INFO  segmented.SegmentedRaftLogWorker (SegmentedRaftLogWorker.java:execute(647)) - 417c597c-13cf-4e34-be96-1680b82aa276@group-9CA395F3C3E7-SegmentedRaftLogWorker: created new log segment /home/runner/work/ozone/ozone/hadoop-ozone/integration-test/target/test-dir/MiniOzoneClusterImpl-990002c2-bb69-4aa2-bd68-28a5e13e86ef/ozone-metadata/datanode-5/ratis/c94d1c9f-8cc3-4489-8058-9ca395f3c3e7/current/log_inprogress_0
2025-09-19 20:43:13,042 [e7feb3b4-5cd1-4322-b271-eb1c248a4412@group-9CA395F3C3E7-SegmentedRaftLogWorker] INFO  segmented.SegmentedRaftLogWorker (SegmentedRaftLogWorker.java:execute(647)) - e7feb3b4-5cd1-4322-b271-eb1c248a4412@group-9CA395F3C3E7-SegmentedRaftLogWorker: created new log segment /home/runner/work/ozone/ozone/hadoop-ozone/integration-test/target/test-dir/MiniOzoneClusterImpl-990002c2-bb69-4aa2-bd68-28a5e13e86ef/ozone-metadata/datanode-4/ratis/c94d1c9f-8cc3-4489-8058-9ca395f3c3e7/current/log_inprogress_0
2025-09-19 20:43:13,045 [c834ff67-8e28-4894-9cd1-7316b4e587ce@group-9CA395F3C3E7-StateMachineUpdater] INFO  server.RaftServer$Division (LeaderStateImpl.java:checkStartIndex(309)) - Leader c834ff67-8e28-4894-9cd1-7316b4e587ce@group-9CA395F3C3E7-LeaderStateImpl is ready since appliedIndex == startIndex == 0
2025-09-19 20:43:13,079 [c834ff67-8e28-4894-9cd1-7316b4e587ce@group-4FBD2C90D8B3-FollowerState] INFO  impl.FollowerState (FollowerState.java:runImpl(161)) - c834ff67-8e28-4894-9cd1-7316b4e587ce@group-4FBD2C90D8B3-FollowerState: change to CANDIDATE, lastRpcElapsedTime:1051998170ns, electionTimeout:1051ms
2025-09-19 20:43:13,079 [c834ff67-8e28-4894-9cd1-7316b4e587ce@group-4FBD2C90D8B3-FollowerState] INFO  impl.RoleInfo (RoleInfo.java:shutdownFollowerState(121)) - c834ff67-8e28-4894-9cd1-7316b4e587ce: shutdown c834ff67-8e28-4894-9cd1-7316b4e587ce@group-4FBD2C90D8B3-FollowerState
2025-09-19 20:43:13,079 [c834ff67-8e28-4894-9cd1-7316b4e587ce@group-4FBD2C90D8B3-FollowerState] INFO  server.RaftServer$Division (RaftServerImpl.java:setRole(392)) - c834ff67-8e28-4894-9cd1-7316b4e587ce@group-4FBD2C90D8B3: changes role from  FOLLOWER to CANDIDATE at term 0 for changeToCandidate
2025-09-19 20:43:13,079 [c834ff67-8e28-4894-9cd1-7316b4e587ce@group-4FBD2C90D8B3-FollowerState] INFO  impl.RoleInfo (RoleInfo.java:updateAndGet(148)) - c834ff67-8e28-4894-9cd1-7316b4e587ce: start c834ff67-8e28-4894-9cd1-7316b4e587ce@group-4FBD2C90D8B3-LeaderElection16
2025-09-19 20:43:13,079 [c834ff67-8e28-4894-9cd1-7316b4e587ce@group-4FBD2C90D8B3-LeaderElection16] INFO  impl.LeaderElection (LeaderElection.java:askForVotes(448)) - c834ff67-8e28-4894-9cd1-7316b4e587ce@group-4FBD2C90D8B3-LeaderElection16 PRE_VOTE round 0: submit vote requests at term 0 for conf: {index: -1, cur=peers:[c834ff67-8e28-4894-9cd1-7316b4e587ce|127.0.0.1:15055]|listeners:[], old=null}
2025-09-19 20:43:13,079 [c834ff67-8e28-4894-9cd1-7316b4e587ce@group-4FBD2C90D8B3-LeaderElection16] INFO  impl.LeaderElection (LeaderElection.java:askForVotes(450)) - c834ff67-8e28-4894-9cd1-7316b4e587ce@group-4FBD2C90D8B3-LeaderElection16 PRE_VOTE round 0: result PASSED (term=0)
2025-09-19 20:43:13,081 [c834ff67-8e28-4894-9cd1-7316b4e587ce@group-4FBD2C90D8B3-LeaderElection16] INFO  impl.LeaderElection (LeaderElection.java:askForVotes(448)) - c834ff67-8e28-4894-9cd1-7316b4e587ce@group-4FBD2C90D8B3-LeaderElection16 ELECTION round 0: submit vote requests at term 1 for conf: {index: -1, cur=peers:[c834ff67-8e28-4894-9cd1-7316b4e587ce|127.0.0.1:15055]|listeners:[], old=null}
2025-09-19 20:43:13,081 [c834ff67-8e28-4894-9cd1-7316b4e587ce@group-4FBD2C90D8B3-LeaderElection16] INFO  impl.LeaderElection (LeaderElection.java:askForVotes(450)) - c834ff67-8e28-4894-9cd1-7316b4e587ce@group-4FBD2C90D8B3-LeaderElection16 ELECTION round 0: result PASSED (term=1)
2025-09-19 20:43:13,081 [c834ff67-8e28-4894-9cd1-7316b4e587ce@group-4FBD2C90D8B3-LeaderElection16] INFO  impl.RoleInfo (RoleInfo.java:shutdownLeaderElection(141)) - c834ff67-8e28-4894-9cd1-7316b4e587ce: shutdown c834ff67-8e28-4894-9cd1-7316b4e587ce@group-4FBD2C90D8B3-LeaderElection16
2025-09-19 20:43:13,081 [c834ff67-8e28-4894-9cd1-7316b4e587ce@group-4FBD2C90D8B3-LeaderElection16] INFO  server.RaftServer$Division (RaftServerImpl.java:setRole(392)) - c834ff67-8e28-4894-9cd1-7316b4e587ce@group-4FBD2C90D8B3: changes role from CANDIDATE to LEADER at term 1 for changeToLeader
2025-09-19 20:43:13,081 [c834ff67-8e28-4894-9cd1-7316b4e587ce@group-4FBD2C90D8B3-LeaderElection16] INFO  server.RaftServerConfigKeys (ConfUtils.java:logFallback(69)) - raft.server.staging.timeout = 3600ms (fallback to raft.server.rpc.timeout.max)
2025-09-19 20:43:13,081 [c834ff67-8e28-4894-9cd1-7316b4e587ce@group-4FBD2C90D8B3-LeaderElection16] INFO  server.RaftServerConfigKeys (ConfUtils.java:logGet(62)) - raft.server.write.byte-limit = 1024 M (=1073741824) (custom)
2025-09-19 20:43:13,082 [c834ff67-8e28-4894-9cd1-7316b4e587ce@group-4FBD2C90D8B3-LeaderElection16] INFO  impl.RoleInfo (RoleInfo.java:updateAndGet(148)) - c834ff67-8e28-4894-9cd1-7316b4e587ce: start c834ff67-8e28-4894-9cd1-7316b4e587ce@group-4FBD2C90D8B3-LeaderStateImpl
2025-09-19 20:43:13,082 [c834ff67-8e28-4894-9cd1-7316b4e587ce@group-4FBD2C90D8B3-LeaderElection16] INFO  server.RaftServer$Division (RaftServerImpl.java:setFirstElection(576)) - c834ff67-8e28-4894-9cd1-7316b4e587ce@group-4FBD2C90D8B3: set firstElectionSinceStartup to false for becomeLeader
2025-09-19 20:43:13,082 [c834ff67-8e28-4894-9cd1-7316b4e587ce@group-4FBD2C90D8B3-LeaderElection16] INFO  ratis.XceiverServerRatis (XceiverServerRatis.java:handleLeaderChangedNotification(942)) - Leader change notification received for group: group-4FBD2C90D8B3 with new leaderId: c834ff67-8e28-4894-9cd1-7316b4e587ce
2025-09-19 20:43:13,082 [c834ff67-8e28-4894-9cd1-7316b4e587ce@group-4FBD2C90D8B3-LeaderElection16] INFO  server.RaftServer$Division (ServerState.java:setLeader(272)) - c834ff67-8e28-4894-9cd1-7316b4e587ce@group-4FBD2C90D8B3: change Leader from null to c834ff67-8e28-4894-9cd1-7316b4e587ce at term 1 for becomeLeader, leader elected after 1079ms
2025-09-19 20:43:13,082 [c834ff67-8e28-4894-9cd1-7316b4e587ce@group-4FBD2C90D8B3-LeaderElection16] INFO  segmented.SegmentedRaftLogWorker (SegmentedRaftLogWorker.java:startLogSegment(440)) - c834ff67-8e28-4894-9cd1-7316b4e587ce@group-4FBD2C90D8B3-SegmentedRaftLogWorker: Starting segment from index:0
2025-09-19 20:43:13,082 [c834ff67-8e28-4894-9cd1-7316b4e587ce@group-4FBD2C90D8B3-SegmentedRaftLogWorker] INFO  segmented.BufferedWriteChannel (BufferedWriteChannel.java:open(61)) - open log_inprogress_0 at position 0
2025-09-19 20:43:13,083 [c834ff67-8e28-4894-9cd1-7316b4e587ce@group-4FBD2C90D8B3-LeaderElection16] INFO  server.RaftServer$Division (ServerState.java:setRaftConf(386)) - c834ff67-8e28-4894-9cd1-7316b4e587ce@group-4FBD2C90D8B3: set configuration conf: {index: 0, cur=peers:[c834ff67-8e28-4894-9cd1-7316b4e587ce|127.0.0.1:15055]|listeners:[], old=null}
2025-09-19 20:43:13,088 [c834ff67-8e28-4894-9cd1-7316b4e587ce@group-4FBD2C90D8B3-SegmentedRaftLogWorker] INFO  segmented.SegmentedRaftLogWorker (SegmentedRaftLogWorker.java:execute(647)) - c834ff67-8e28-4894-9cd1-7316b4e587ce@group-4FBD2C90D8B3-SegmentedRaftLogWorker: created new log segment /home/runner/work/ozone/ozone/hadoop-ozone/integration-test/target/test-dir/MiniOzoneClusterImpl-990002c2-bb69-4aa2-bd68-28a5e13e86ef/ozone-metadata/datanode-6/ratis/87c89366-c6e2-4444-8d70-4fbd2c90d8b3/current/log_inprogress_0
2025-09-19 20:43:13,090 [c834ff67-8e28-4894-9cd1-7316b4e587ce@group-4FBD2C90D8B3-StateMachineUpdater] INFO  server.RaftServer$Division (LeaderStateImpl.java:checkStartIndex(309)) - Leader c834ff67-8e28-4894-9cd1-7316b4e587ce@group-4FBD2C90D8B3-LeaderStateImpl is ready since appliedIndex == startIndex == 0
2025-09-19 20:43:13,139 [43523384-1488-4733-9c5e-86b5f6f4eeb8@group-42CF5F8861FA-FollowerState] INFO  impl.FollowerState (FollowerState.java:runImpl(161)) - 43523384-1488-4733-9c5e-86b5f6f4eeb8@group-42CF5F8861FA-FollowerState: change to CANDIDATE, lastRpcElapsedTime:1120525680ns, electionTimeout:1119ms
2025-09-19 20:43:13,139 [43523384-1488-4733-9c5e-86b5f6f4eeb8@group-42CF5F8861FA-FollowerState] INFO  impl.RoleInfo (RoleInfo.java:shutdownFollowerState(121)) - 43523384-1488-4733-9c5e-86b5f6f4eeb8: shutdown 43523384-1488-4733-9c5e-86b5f6f4eeb8@group-42CF5F8861FA-FollowerState
2025-09-19 20:43:13,139 [43523384-1488-4733-9c5e-86b5f6f4eeb8@group-42CF5F8861FA-FollowerState] INFO  server.RaftServer$Division (RaftServerImpl.java:setRole(392)) - 43523384-1488-4733-9c5e-86b5f6f4eeb8@group-42CF5F8861FA: changes role from  FOLLOWER to CANDIDATE at term 0 for changeToCandidate
2025-09-19 20:43:13,139 [43523384-1488-4733-9c5e-86b5f6f4eeb8@group-42CF5F8861FA-FollowerState] INFO  impl.RoleInfo (RoleInfo.java:updateAndGet(148)) - 43523384-1488-4733-9c5e-86b5f6f4eeb8: start 43523384-1488-4733-9c5e-86b5f6f4eeb8@group-42CF5F8861FA-LeaderElection17
2025-09-19 20:43:13,139 [43523384-1488-4733-9c5e-86b5f6f4eeb8@group-42CF5F8861FA-LeaderElection17] INFO  impl.LeaderElection (LeaderElection.java:askForVotes(448)) - 43523384-1488-4733-9c5e-86b5f6f4eeb8@group-42CF5F8861FA-LeaderElection17 PRE_VOTE round 0: submit vote requests at term 0 for conf: {index: -1, cur=peers:[43523384-1488-4733-9c5e-86b5f6f4eeb8|127.0.0.1:15087]|listeners:[], old=null}
2025-09-19 20:43:13,140 [43523384-1488-4733-9c5e-86b5f6f4eeb8@group-42CF5F8861FA-LeaderElection17] INFO  impl.LeaderElection (LeaderElection.java:askForVotes(450)) - 43523384-1488-4733-9c5e-86b5f6f4eeb8@group-42CF5F8861FA-LeaderElection17 PRE_VOTE round 0: result PASSED (term=0)
2025-09-19 20:43:13,141 [43523384-1488-4733-9c5e-86b5f6f4eeb8@group-42CF5F8861FA-LeaderElection17] INFO  impl.LeaderElection (LeaderElection.java:askForVotes(448)) - 43523384-1488-4733-9c5e-86b5f6f4eeb8@group-42CF5F8861FA-LeaderElection17 ELECTION round 0: submit vote requests at term 1 for conf: {index: -1, cur=peers:[43523384-1488-4733-9c5e-86b5f6f4eeb8|127.0.0.1:15087]|listeners:[], old=null}
2025-09-19 20:43:13,141 [43523384-1488-4733-9c5e-86b5f6f4eeb8@group-42CF5F8861FA-LeaderElection17] INFO  impl.LeaderElection (LeaderElection.java:askForVotes(450)) - 43523384-1488-4733-9c5e-86b5f6f4eeb8@group-42CF5F8861FA-LeaderElection17 ELECTION round 0: result PASSED (term=1)
2025-09-19 20:43:13,141 [43523384-1488-4733-9c5e-86b5f6f4eeb8@group-42CF5F8861FA-LeaderElection17] INFO  impl.RoleInfo (RoleInfo.java:shutdownLeaderElection(141)) - 43523384-1488-4733-9c5e-86b5f6f4eeb8: shutdown 43523384-1488-4733-9c5e-86b5f6f4eeb8@group-42CF5F8861FA-LeaderElection17
2025-09-19 20:43:13,141 [43523384-1488-4733-9c5e-86b5f6f4eeb8@group-42CF5F8861FA-LeaderElection17] INFO  server.RaftServer$Division (RaftServerImpl.java:setRole(392)) - 43523384-1488-4733-9c5e-86b5f6f4eeb8@group-42CF5F8861FA: changes role from CANDIDATE to LEADER at term 1 for changeToLeader
2025-09-19 20:43:13,141 [43523384-1488-4733-9c5e-86b5f6f4eeb8@group-42CF5F8861FA-LeaderElection17] INFO  server.RaftServerConfigKeys (ConfUtils.java:logFallback(69)) - raft.server.staging.timeout = 3600ms (fallback to raft.server.rpc.timeout.max)
2025-09-19 20:43:13,141 [43523384-1488-4733-9c5e-86b5f6f4eeb8@group-42CF5F8861FA-LeaderElection17] INFO  server.RaftServerConfigKeys (ConfUtils.java:logGet(62)) - raft.server.write.byte-limit = 1024 M (=1073741824) (custom)
2025-09-19 20:43:13,142 [43523384-1488-4733-9c5e-86b5f6f4eeb8@group-42CF5F8861FA-LeaderElection17] INFO  impl.RoleInfo (RoleInfo.java:updateAndGet(148)) - 43523384-1488-4733-9c5e-86b5f6f4eeb8: start 43523384-1488-4733-9c5e-86b5f6f4eeb8@group-42CF5F8861FA-LeaderStateImpl
2025-09-19 20:43:13,142 [43523384-1488-4733-9c5e-86b5f6f4eeb8@group-42CF5F8861FA-LeaderElection17] INFO  server.RaftServer$Division (RaftServerImpl.java:setFirstElection(576)) - 43523384-1488-4733-9c5e-86b5f6f4eeb8@group-42CF5F8861FA: set firstElectionSinceStartup to false for becomeLeader
2025-09-19 20:43:13,142 [43523384-1488-4733-9c5e-86b5f6f4eeb8@group-42CF5F8861FA-LeaderElection17] INFO  ratis.XceiverServerRatis (XceiverServerRatis.java:handleLeaderChangedNotification(942)) - Leader change notification received for group: group-42CF5F8861FA with new leaderId: 43523384-1488-4733-9c5e-86b5f6f4eeb8
2025-09-19 20:43:13,142 [43523384-1488-4733-9c5e-86b5f6f4eeb8@group-42CF5F8861FA-LeaderElection17] INFO  server.RaftServer$Division (ServerState.java:setLeader(272)) - 43523384-1488-4733-9c5e-86b5f6f4eeb8@group-42CF5F8861FA: change Leader from null to 43523384-1488-4733-9c5e-86b5f6f4eeb8 at term 1 for becomeLeader, leader elected after 1167ms
2025-09-19 20:43:13,142 [43523384-1488-4733-9c5e-86b5f6f4eeb8@group-42CF5F8861FA-LeaderElection17] INFO  segmented.SegmentedRaftLogWorker (SegmentedRaftLogWorker.java:startLogSegment(440)) - 43523384-1488-4733-9c5e-86b5f6f4eeb8@group-42CF5F8861FA-SegmentedRaftLogWorker: Starting segment from index:0
2025-09-19 20:43:13,142 [43523384-1488-4733-9c5e-86b5f6f4eeb8@group-42CF5F8861FA-LeaderElection17] INFO  server.RaftServer$Division (ServerState.java:setRaftConf(386)) - 43523384-1488-4733-9c5e-86b5f6f4eeb8@group-42CF5F8861FA: set configuration conf: {index: 0, cur=peers:[43523384-1488-4733-9c5e-86b5f6f4eeb8|127.0.0.1:15087]|listeners:[], old=null}
2025-09-19 20:43:13,143 [43523384-1488-4733-9c5e-86b5f6f4eeb8@group-42CF5F8861FA-SegmentedRaftLogWorker] INFO  segmented.BufferedWriteChannel (BufferedWriteChannel.java:open(61)) - open log_inprogress_0 at position 0
2025-09-19 20:43:13,149 [43523384-1488-4733-9c5e-86b5f6f4eeb8@group-42CF5F8861FA-SegmentedRaftLogWorker] INFO  segmented.SegmentedRaftLogWorker (SegmentedRaftLogWorker.java:execute(647)) - 43523384-1488-4733-9c5e-86b5f6f4eeb8@group-42CF5F8861FA-SegmentedRaftLogWorker: created new log segment /home/runner/work/ozone/ozone/hadoop-ozone/integration-test/target/test-dir/MiniOzoneClusterImpl-990002c2-bb69-4aa2-bd68-28a5e13e86ef/ozone-metadata/datanode-10/ratis/d8173366-d12d-4de3-af7b-42cf5f8861fa/current/log_inprogress_0
2025-09-19 20:43:13,151 [43523384-1488-4733-9c5e-86b5f6f4eeb8@group-42CF5F8861FA-StateMachineUpdater] INFO  server.RaftServer$Division (LeaderStateImpl.java:checkStartIndex(309)) - Leader 43523384-1488-4733-9c5e-86b5f6f4eeb8@group-42CF5F8861FA-LeaderStateImpl is ready since appliedIndex == startIndex == 0
2025-09-19 20:43:13,357 [6b19ddea-00d3-43a8-b068-4376c2353d98@group-B2788E358107-FollowerState] INFO  impl.FollowerState (FollowerState.java:runImpl(161)) - 6b19ddea-00d3-43a8-b068-4376c2353d98@group-B2788E358107-FollowerState: change to CANDIDATE, lastRpcElapsedTime:1046010191ns, electionTimeout:1042ms
2025-09-19 20:43:13,357 [6b19ddea-00d3-43a8-b068-4376c2353d98@group-B2788E358107-FollowerState] INFO  impl.RoleInfo (RoleInfo.java:shutdownFollowerState(121)) - 6b19ddea-00d3-43a8-b068-4376c2353d98: shutdown 6b19ddea-00d3-43a8-b068-4376c2353d98@group-B2788E358107-FollowerState
2025-09-19 20:43:13,357 [6b19ddea-00d3-43a8-b068-4376c2353d98@group-B2788E358107-FollowerState] INFO  server.RaftServer$Division (RaftServerImpl.java:setRole(392)) - 6b19ddea-00d3-43a8-b068-4376c2353d98@group-B2788E358107: changes role from  FOLLOWER to CANDIDATE at term 0 for changeToCandidate
2025-09-19 20:43:13,357 [6b19ddea-00d3-43a8-b068-4376c2353d98@group-B2788E358107-FollowerState] INFO  impl.RoleInfo (RoleInfo.java:updateAndGet(148)) - 6b19ddea-00d3-43a8-b068-4376c2353d98: start 6b19ddea-00d3-43a8-b068-4376c2353d98@group-B2788E358107-LeaderElection18
2025-09-19 20:43:13,357 [6b19ddea-00d3-43a8-b068-4376c2353d98@group-B2788E358107-LeaderElection18] INFO  impl.LeaderElection (LeaderElection.java:askForVotes(448)) - 6b19ddea-00d3-43a8-b068-4376c2353d98@group-B2788E358107-LeaderElection18 PRE_VOTE round 0: submit vote requests at term 0 for conf: {index: -1, cur=peers:[6b19ddea-00d3-43a8-b068-4376c2353d98|127.0.0.1:15063]|listeners:[], old=null}
2025-09-19 20:43:13,358 [6b19ddea-00d3-43a8-b068-4376c2353d98@group-B2788E358107-LeaderElection18] INFO  impl.LeaderElection (LeaderElection.java:askForVotes(450)) - 6b19ddea-00d3-43a8-b068-4376c2353d98@group-B2788E358107-LeaderElection18 PRE_VOTE round 0: result PASSED (term=0)
2025-09-19 20:43:13,359 [6b19ddea-00d3-43a8-b068-4376c2353d98@group-B2788E358107-LeaderElection18] INFO  impl.LeaderElection (LeaderElection.java:askForVotes(448)) - 6b19ddea-00d3-43a8-b068-4376c2353d98@group-B2788E358107-LeaderElection18 ELECTION round 0: submit vote requests at term 1 for conf: {index: -1, cur=peers:[6b19ddea-00d3-43a8-b068-4376c2353d98|127.0.0.1:15063]|listeners:[], old=null}
2025-09-19 20:43:13,359 [6b19ddea-00d3-43a8-b068-4376c2353d98@group-B2788E358107-LeaderElection18] INFO  impl.LeaderElection (LeaderElection.java:askForVotes(450)) - 6b19ddea-00d3-43a8-b068-4376c2353d98@group-B2788E358107-LeaderElection18 ELECTION round 0: result PASSED (term=1)
2025-09-19 20:43:13,359 [6b19ddea-00d3-43a8-b068-4376c2353d98@group-B2788E358107-LeaderElection18] INFO  impl.RoleInfo (RoleInfo.java:shutdownLeaderElection(141)) - 6b19ddea-00d3-43a8-b068-4376c2353d98: shutdown 6b19ddea-00d3-43a8-b068-4376c2353d98@group-B2788E358107-LeaderElection18
2025-09-19 20:43:13,359 [6b19ddea-00d3-43a8-b068-4376c2353d98@group-B2788E358107-LeaderElection18] INFO  server.RaftServer$Division (RaftServerImpl.java:setRole(392)) - 6b19ddea-00d3-43a8-b068-4376c2353d98@group-B2788E358107: changes role from CANDIDATE to LEADER at term 1 for changeToLeader
2025-09-19 20:43:13,359 [6b19ddea-00d3-43a8-b068-4376c2353d98@group-B2788E358107-LeaderElection18] INFO  server.RaftServerConfigKeys (ConfUtils.java:logFallback(69)) - raft.server.staging.timeout = 3600ms (fallback to raft.server.rpc.timeout.max)
2025-09-19 20:43:13,359 [6b19ddea-00d3-43a8-b068-4376c2353d98@group-B2788E358107-LeaderElection18] INFO  server.RaftServerConfigKeys (ConfUtils.java:logGet(62)) - raft.server.write.byte-limit = 1024 M (=1073741824) (custom)
2025-09-19 20:43:13,360 [6b19ddea-00d3-43a8-b068-4376c2353d98@group-B2788E358107-LeaderElection18] INFO  impl.RoleInfo (RoleInfo.java:updateAndGet(148)) - 6b19ddea-00d3-43a8-b068-4376c2353d98: start 6b19ddea-00d3-43a8-b068-4376c2353d98@group-B2788E358107-LeaderStateImpl
2025-09-19 20:43:13,360 [6b19ddea-00d3-43a8-b068-4376c2353d98@group-B2788E358107-LeaderElection18] INFO  server.RaftServer$Division (RaftServerImpl.java:setFirstElection(576)) - 6b19ddea-00d3-43a8-b068-4376c2353d98@group-B2788E358107: set firstElectionSinceStartup to false for becomeLeader
2025-09-19 20:43:13,360 [6b19ddea-00d3-43a8-b068-4376c2353d98@group-B2788E358107-LeaderElection18] INFO  ratis.XceiverServerRatis (XceiverServerRatis.java:handleLeaderChangedNotification(942)) - Leader change notification received for group: group-B2788E358107 with new leaderId: 6b19ddea-00d3-43a8-b068-4376c2353d98
2025-09-19 20:43:13,360 [6b19ddea-00d3-43a8-b068-4376c2353d98@group-B2788E358107-LeaderElection18] INFO  server.RaftServer$Division (ServerState.java:setLeader(272)) - 6b19ddea-00d3-43a8-b068-4376c2353d98@group-B2788E358107: change Leader from null to 6b19ddea-00d3-43a8-b068-4376c2353d98 at term 1 for becomeLeader, leader elected after 1074ms
2025-09-19 20:43:13,360 [6b19ddea-00d3-43a8-b068-4376c2353d98@group-B2788E358107-LeaderElection18] INFO  segmented.SegmentedRaftLogWorker (SegmentedRaftLogWorker.java:startLogSegment(440)) - 6b19ddea-00d3-43a8-b068-4376c2353d98@group-B2788E358107-SegmentedRaftLogWorker: Starting segment from index:0
2025-09-19 20:43:13,361 [6b19ddea-00d3-43a8-b068-4376c2353d98@group-B2788E358107-LeaderElection18] INFO  server.RaftServer$Division (ServerState.java:setRaftConf(386)) - 6b19ddea-00d3-43a8-b068-4376c2353d98@group-B2788E358107: set configuration conf: {index: 0, cur=peers:[6b19ddea-00d3-43a8-b068-4376c2353d98|127.0.0.1:15063]|listeners:[], old=null}
2025-09-19 20:43:13,361 [6b19ddea-00d3-43a8-b068-4376c2353d98@group-B2788E358107-SegmentedRaftLogWorker] INFO  segmented.BufferedWriteChannel (BufferedWriteChannel.java:open(61)) - open log_inprogress_0 at position 0
2025-09-19 20:43:13,367 [6b19ddea-00d3-43a8-b068-4376c2353d98@group-B2788E358107-SegmentedRaftLogWorker] INFO  segmented.SegmentedRaftLogWorker (SegmentedRaftLogWorker.java:execute(647)) - 6b19ddea-00d3-43a8-b068-4376c2353d98@group-B2788E358107-SegmentedRaftLogWorker: created new log segment /home/runner/work/ozone/ozone/hadoop-ozone/integration-test/target/test-dir/MiniOzoneClusterImpl-990002c2-bb69-4aa2-bd68-28a5e13e86ef/ozone-metadata/datanode-7/ratis/d2049562-6166-4268-a96f-b2788e358107/current/log_inprogress_0
2025-09-19 20:43:13,368 [6b19ddea-00d3-43a8-b068-4376c2353d98@group-B2788E358107-StateMachineUpdater] INFO  server.RaftServer$Division (LeaderStateImpl.java:checkStartIndex(309)) - Leader 6b19ddea-00d3-43a8-b068-4376c2353d98@group-B2788E358107-LeaderStateImpl is ready since appliedIndex == startIndex == 0
2025-09-19 20:43:13,403 [b5a25cc1-46d3-4381-a194-bd68f4526f1c-impl-thread1] INFO  segmented.SegmentedRaftLogWorker (SegmentedRaftLogWorker.java:close(254)) - b5a25cc1-46d3-4381-a194-bd68f4526f1c@group-88B5B3DD1307-SegmentedRaftLogWorker close()
2025-09-19 20:43:13,404 [b5a25cc1-46d3-4381-a194-bd68f4526f1c-impl-thread1] INFO  ratis.ContainerStateMachine (ContainerStateMachine.java:notifyServerShutdown(1038)) - group-88B5B3DD1307 is closed by HddsDatanodeService
2025-09-19 20:43:13,429 [76f4805b-b51d-4900-95ce-acf873710621@group-12B25595B918-FollowerState] INFO  impl.FollowerState (FollowerState.java:runImpl(161)) - 76f4805b-b51d-4900-95ce-acf873710621@group-12B25595B918-FollowerState: change to CANDIDATE, lastRpcElapsedTime:1028758808ns, electionTimeout:1028ms
2025-09-19 20:43:13,429 [76f4805b-b51d-4900-95ce-acf873710621@group-12B25595B918-FollowerState] INFO  impl.RoleInfo (RoleInfo.java:shutdownFollowerState(121)) - 76f4805b-b51d-4900-95ce-acf873710621: shutdown 76f4805b-b51d-4900-95ce-acf873710621@group-12B25595B918-FollowerState
2025-09-19 20:43:13,429 [76f4805b-b51d-4900-95ce-acf873710621@group-12B25595B918-FollowerState] INFO  server.RaftServer$Division (RaftServerImpl.java:setRole(392)) - 76f4805b-b51d-4900-95ce-acf873710621@group-12B25595B918: changes role from  FOLLOWER to CANDIDATE at term 0 for changeToCandidate
2025-09-19 20:43:13,429 [76f4805b-b51d-4900-95ce-acf873710621@group-12B25595B918-FollowerState] INFO  impl.RoleInfo (RoleInfo.java:updateAndGet(148)) - 76f4805b-b51d-4900-95ce-acf873710621: start 76f4805b-b51d-4900-95ce-acf873710621@group-12B25595B918-LeaderElection19
2025-09-19 20:43:13,430 [76f4805b-b51d-4900-95ce-acf873710621@group-12B25595B918-LeaderElection19] INFO  impl.LeaderElection (LeaderElection.java:askForVotes(448)) - 76f4805b-b51d-4900-95ce-acf873710621@group-12B25595B918-LeaderElection19 PRE_VOTE round 0: submit vote requests at term 0 for conf: {index: -1, cur=peers:[6b19ddea-00d3-43a8-b068-4376c2353d98|127.0.0.1:15063, 76f4805b-b51d-4900-95ce-acf873710621|127.0.0.1:15071, 2e0fa00c-f693-49a3-a365-75c51b8c5b45|127.0.0.1:15079]|listeners:[], old=null}
2025-09-19 20:43:13,430 [76f4805b-b51d-4900-95ce-acf873710621@group-12B25595B918-LeaderElection19-1] INFO  server.GrpcServerProtocolClient (GrpcServerProtocolClient.java:<init>(65)) - Build channel for 6b19ddea-00d3-43a8-b068-4376c2353d98|127.0.0.1:15063
2025-09-19 20:43:13,430 [76f4805b-b51d-4900-95ce-acf873710621@group-12B25595B918-LeaderElection19-2] INFO  server.GrpcServerProtocolClient (GrpcServerProtocolClient.java:<init>(65)) - Build channel for 2e0fa00c-f693-49a3-a365-75c51b8c5b45|127.0.0.1:15079
2025-09-19 20:43:13,434 [grpc-default-executor-4] INFO  server.RaftServer$Division (RaftServerImpl.java:requestVote(1421)) - 6b19ddea-00d3-43a8-b068-4376c2353d98@group-12B25595B918: receive requestVote(PRE_VOTE, 76f4805b-b51d-4900-95ce-acf873710621, group-12B25595B918, 0, <PROTO_DEFAULT>)
2025-09-19 20:43:13,434 [grpc-default-executor-3] INFO  server.RaftServer$Division (RaftServerImpl.java:requestVote(1421)) - 2e0fa00c-f693-49a3-a365-75c51b8c5b45@group-12B25595B918: receive requestVote(PRE_VOTE, 76f4805b-b51d-4900-95ce-acf873710621, group-12B25595B918, 0, <PROTO_DEFAULT>)
2025-09-19 20:43:13,435 [grpc-default-executor-4] INFO  impl.VoteContext (VoteContext.java:log(49)) - 6b19ddea-00d3-43a8-b068-4376c2353d98@group-12B25595B918-FOLLOWER: accept PRE_VOTE from 76f4805b-b51d-4900-95ce-acf873710621: our priority 0 <= candidate's priority 1
2025-09-19 20:43:13,435 [grpc-default-executor-3] INFO  impl.VoteContext (VoteContext.java:log(49)) - 2e0fa00c-f693-49a3-a365-75c51b8c5b45@group-12B25595B918-FOLLOWER: accept PRE_VOTE from 76f4805b-b51d-4900-95ce-acf873710621: our priority 0 <= candidate's priority 1
2025-09-19 20:43:13,435 [grpc-default-executor-4] INFO  server.RaftServer$Division (RaftServerImpl.java:requestVote(1455)) - 6b19ddea-00d3-43a8-b068-4376c2353d98@group-12B25595B918 replies to PRE_VOTE vote request: 76f4805b-b51d-4900-95ce-acf873710621<-6b19ddea-00d3-43a8-b068-4376c2353d98#0:OK-t0-last:<INITIAL_VALUE>. Peer's state: 6b19ddea-00d3-43a8-b068-4376c2353d98@group-12B25595B918:t0, leader=null, voted=, raftlog=Memoized:6b19ddea-00d3-43a8-b068-4376c2353d98@group-12B25595B918-SegmentedRaftLog:OPENED:c-1:lastnull, conf=conf: {index: -1, cur=peers:[6b19ddea-00d3-43a8-b068-4376c2353d98|127.0.0.1:15063, 76f4805b-b51d-4900-95ce-acf873710621|127.0.0.1:15071, 2e0fa00c-f693-49a3-a365-75c51b8c5b45|127.0.0.1:15079]|listeners:[], old=null}
2025-09-19 20:43:13,435 [grpc-default-executor-3] INFO  server.RaftServer$Division (RaftServerImpl.java:requestVote(1455)) - 2e0fa00c-f693-49a3-a365-75c51b8c5b45@group-12B25595B918 replies to PRE_VOTE vote request: 76f4805b-b51d-4900-95ce-acf873710621<-2e0fa00c-f693-49a3-a365-75c51b8c5b45#0:OK-t0-last:<INITIAL_VALUE>. Peer's state: 2e0fa00c-f693-49a3-a365-75c51b8c5b45@group-12B25595B918:t0, leader=null, voted=, raftlog=Memoized:2e0fa00c-f693-49a3-a365-75c51b8c5b45@group-12B25595B918-SegmentedRaftLog:OPENED:c-1:lastnull, conf=conf: {index: -1, cur=peers:[6b19ddea-00d3-43a8-b068-4376c2353d98|127.0.0.1:15063, 76f4805b-b51d-4900-95ce-acf873710621|127.0.0.1:15071, 2e0fa00c-f693-49a3-a365-75c51b8c5b45|127.0.0.1:15079]|listeners:[], old=null}
2025-09-19 20:43:13,436 [76f4805b-b51d-4900-95ce-acf873710621@group-12B25595B918-LeaderElection19] INFO  impl.LeaderElection (LeaderElection.java:logAndReturn(206)) - 76f4805b-b51d-4900-95ce-acf873710621@group-12B25595B918-LeaderElection19: PRE_VOTE PASSED received 1 response(s) and 0 exception(s):
2025-09-19 20:43:13,436 [76f4805b-b51d-4900-95ce-acf873710621@group-12B25595B918-LeaderElection19] INFO  impl.LeaderElection (LeaderElection.java:logAndReturn(210)) -   Response 0: 76f4805b-b51d-4900-95ce-acf873710621<-2e0fa00c-f693-49a3-a365-75c51b8c5b45#0:OK-t0-last:<INITIAL_VALUE>
2025-09-19 20:43:13,436 [76f4805b-b51d-4900-95ce-acf873710621@group-12B25595B918-LeaderElection19] INFO  impl.LeaderElection (LeaderElection.java:askForVotes(450)) - 76f4805b-b51d-4900-95ce-acf873710621@group-12B25595B918-LeaderElection19 PRE_VOTE round 0: result PASSED
2025-09-19 20:43:13,437 [76f4805b-b51d-4900-95ce-acf873710621@group-12B25595B918-LeaderElection19] INFO  impl.LeaderElection (LeaderElection.java:askForVotes(448)) - 76f4805b-b51d-4900-95ce-acf873710621@group-12B25595B918-LeaderElection19 ELECTION round 0: submit vote requests at term 1 for conf: {index: -1, cur=peers:[6b19ddea-00d3-43a8-b068-4376c2353d98|127.0.0.1:15063, 76f4805b-b51d-4900-95ce-acf873710621|127.0.0.1:15071, 2e0fa00c-f693-49a3-a365-75c51b8c5b45|127.0.0.1:15079]|listeners:[], old=null}
2025-09-19 20:43:13,439 [grpc-default-executor-3] INFO  server.RaftServer$Division (RaftServerImpl.java:requestVote(1421)) - 2e0fa00c-f693-49a3-a365-75c51b8c5b45@group-12B25595B918: receive requestVote(ELECTION, 76f4805b-b51d-4900-95ce-acf873710621, group-12B25595B918, 1, <PROTO_DEFAULT>)
2025-09-19 20:43:13,439 [grpc-default-executor-4] INFO  server.RaftServer$Division (RaftServerImpl.java:requestVote(1421)) - 6b19ddea-00d3-43a8-b068-4376c2353d98@group-12B25595B918: receive requestVote(ELECTION, 76f4805b-b51d-4900-95ce-acf873710621, group-12B25595B918, 1, <PROTO_DEFAULT>)
2025-09-19 20:43:13,439 [grpc-default-executor-3] INFO  impl.VoteContext (VoteContext.java:log(49)) - 2e0fa00c-f693-49a3-a365-75c51b8c5b45@group-12B25595B918-FOLLOWER: accept ELECTION from 76f4805b-b51d-4900-95ce-acf873710621: our priority 0 <= candidate's priority 1
2025-09-19 20:43:13,439 [grpc-default-executor-4] INFO  impl.VoteContext (VoteContext.java:log(49)) - 6b19ddea-00d3-43a8-b068-4376c2353d98@group-12B25595B918-FOLLOWER: accept ELECTION from 76f4805b-b51d-4900-95ce-acf873710621: our priority 0 <= candidate's priority 1
2025-09-19 20:43:13,439 [grpc-default-executor-4] INFO  server.RaftServer$Division (RaftServerImpl.java:setRole(392)) - 6b19ddea-00d3-43a8-b068-4376c2353d98@group-12B25595B918: changes role from  FOLLOWER to FOLLOWER at term 0 for candidate:76f4805b-b51d-4900-95ce-acf873710621
2025-09-19 20:43:13,439 [grpc-default-executor-4] INFO  impl.RoleInfo (RoleInfo.java:shutdownFollowerState(121)) - 6b19ddea-00d3-43a8-b068-4376c2353d98: shutdown 6b19ddea-00d3-43a8-b068-4376c2353d98@group-12B25595B918-FollowerState
2025-09-19 20:43:13,439 [grpc-default-executor-4] INFO  impl.RoleInfo (RoleInfo.java:updateAndGet(148)) - 6b19ddea-00d3-43a8-b068-4376c2353d98: start 6b19ddea-00d3-43a8-b068-4376c2353d98@group-12B25595B918-FollowerState
2025-09-19 20:43:13,439 [6b19ddea-00d3-43a8-b068-4376c2353d98@group-12B25595B918-FollowerState] INFO  impl.FollowerState (FollowerState.java:runImpl(170)) - 6b19ddea-00d3-43a8-b068-4376c2353d98@group-12B25595B918-FollowerState was interrupted
2025-09-19 20:43:13,439 [grpc-default-executor-4] INFO  server.RaftServer$Division (RaftServerImpl.java:setFirstElection(576)) - 6b19ddea-00d3-43a8-b068-4376c2353d98@group-12B25595B918: set firstElectionSinceStartup to false for candidate:76f4805b-b51d-4900-95ce-acf873710621
2025-09-19 20:43:13,439 [grpc-default-executor-3] INFO  server.RaftServer$Division (RaftServerImpl.java:setRole(392)) - 2e0fa00c-f693-49a3-a365-75c51b8c5b45@group-12B25595B918: changes role from  FOLLOWER to FOLLOWER at term 0 for candidate:76f4805b-b51d-4900-95ce-acf873710621
2025-09-19 20:43:13,440 [grpc-default-executor-3] INFO  impl.RoleInfo (RoleInfo.java:shutdownFollowerState(121)) - 2e0fa00c-f693-49a3-a365-75c51b8c5b45: shutdown 2e0fa00c-f693-49a3-a365-75c51b8c5b45@group-12B25595B918-FollowerState
2025-09-19 20:43:13,440 [grpc-default-executor-3] INFO  impl.RoleInfo (RoleInfo.java:updateAndGet(148)) - 2e0fa00c-f693-49a3-a365-75c51b8c5b45: start 2e0fa00c-f693-49a3-a365-75c51b8c5b45@group-12B25595B918-FollowerState
2025-09-19 20:43:13,440 [grpc-default-executor-3] INFO  server.RaftServer$Division (RaftServerImpl.java:setFirstElection(576)) - 2e0fa00c-f693-49a3-a365-75c51b8c5b45@group-12B25595B918: set firstElectionSinceStartup to false for candidate:76f4805b-b51d-4900-95ce-acf873710621
2025-09-19 20:43:13,440 [2e0fa00c-f693-49a3-a365-75c51b8c5b45@group-12B25595B918-FollowerState] INFO  impl.FollowerState (FollowerState.java:runImpl(170)) - 2e0fa00c-f693-49a3-a365-75c51b8c5b45@group-12B25595B918-FollowerState was interrupted
2025-09-19 20:43:13,441 [grpc-default-executor-4] INFO  server.RaftServer$Division (RaftServerImpl.java:requestVote(1455)) - 6b19ddea-00d3-43a8-b068-4376c2353d98@group-12B25595B918 replies to ELECTION vote request: 76f4805b-b51d-4900-95ce-acf873710621<-6b19ddea-00d3-43a8-b068-4376c2353d98#0:OK-t1-last:<INITIAL_VALUE>. Peer's state: 6b19ddea-00d3-43a8-b068-4376c2353d98@group-12B25595B918:t1, leader=null, voted=76f4805b-b51d-4900-95ce-acf873710621, raftlog=Memoized:6b19ddea-00d3-43a8-b068-4376c2353d98@group-12B25595B918-SegmentedRaftLog:OPENED:c-1:lastnull, conf=conf: {index: -1, cur=peers:[6b19ddea-00d3-43a8-b068-4376c2353d98|127.0.0.1:15063, 76f4805b-b51d-4900-95ce-acf873710621|127.0.0.1:15071, 2e0fa00c-f693-49a3-a365-75c51b8c5b45|127.0.0.1:15079]|listeners:[], old=null}
2025-09-19 20:43:13,441 [grpc-default-executor-3] INFO  server.RaftServer$Division (RaftServerImpl.java:requestVote(1455)) - 2e0fa00c-f693-49a3-a365-75c51b8c5b45@group-12B25595B918 replies to ELECTION vote request: 76f4805b-b51d-4900-95ce-acf873710621<-2e0fa00c-f693-49a3-a365-75c51b8c5b45#0:OK-t1-last:<INITIAL_VALUE>. Peer's state: 2e0fa00c-f693-49a3-a365-75c51b8c5b45@group-12B25595B918:t1, leader=null, voted=76f4805b-b51d-4900-95ce-acf873710621, raftlog=Memoized:2e0fa00c-f693-49a3-a365-75c51b8c5b45@group-12B25595B918-SegmentedRaftLog:OPENED:c-1:lastnull, conf=conf: {index: -1, cur=peers:[6b19ddea-00d3-43a8-b068-4376c2353d98|127.0.0.1:15063, 76f4805b-b51d-4900-95ce-acf873710621|127.0.0.1:15071, 2e0fa00c-f693-49a3-a365-75c51b8c5b45|127.0.0.1:15079]|listeners:[], old=null}
2025-09-19 20:43:13,442 [76f4805b-b51d-4900-95ce-acf873710621@group-12B25595B918-LeaderElection19] INFO  impl.LeaderElection (LeaderElection.java:logAndReturn(206)) - 76f4805b-b51d-4900-95ce-acf873710621@group-12B25595B918-LeaderElection19: ELECTION PASSED received 1 response(s) and 0 exception(s):
2025-09-19 20:43:13,442 [76f4805b-b51d-4900-95ce-acf873710621@group-12B25595B918-LeaderElection19] INFO  impl.LeaderElection (LeaderElection.java:logAndReturn(210)) -   Response 0: 76f4805b-b51d-4900-95ce-acf873710621<-2e0fa00c-f693-49a3-a365-75c51b8c5b45#0:OK-t1-last:<INITIAL_VALUE>
2025-09-19 20:43:13,442 [76f4805b-b51d-4900-95ce-acf873710621@group-12B25595B918-LeaderElection19] INFO  impl.LeaderElection (LeaderElection.java:askForVotes(450)) - 76f4805b-b51d-4900-95ce-acf873710621@group-12B25595B918-LeaderElection19 ELECTION round 0: result PASSED
2025-09-19 20:43:13,442 [76f4805b-b51d-4900-95ce-acf873710621@group-12B25595B918-LeaderElection19] INFO  impl.RoleInfo (RoleInfo.java:shutdownLeaderElection(141)) - 76f4805b-b51d-4900-95ce-acf873710621: shutdown 76f4805b-b51d-4900-95ce-acf873710621@group-12B25595B918-LeaderElection19
2025-09-19 20:43:13,442 [76f4805b-b51d-4900-95ce-acf873710621@group-12B25595B918-LeaderElection19] INFO  server.RaftServer$Division (RaftServerImpl.java:setRole(392)) - 76f4805b-b51d-4900-95ce-acf873710621@group-12B25595B918: changes role from CANDIDATE to LEADER at term 1 for changeToLeader
2025-09-19 20:43:13,442 [76f4805b-b51d-4900-95ce-acf873710621@group-12B25595B918-LeaderElection19] INFO  server.RaftServerConfigKeys (ConfUtils.java:logFallback(69)) - raft.server.staging.timeout = 3600ms (fallback to raft.server.rpc.timeout.max)
2025-09-19 20:43:13,443 [76f4805b-b51d-4900-95ce-acf873710621@group-12B25595B918-LeaderElection19] INFO  server.RaftServerConfigKeys (ConfUtils.java:logGet(62)) - raft.server.write.byte-limit = 1024 M (=1073741824) (custom)
2025-09-19 20:43:13,444 [76f4805b-b51d-4900-95ce-acf873710621@group-12B25595B918-LeaderElection19] INFO  server.RaftServerConfigKeys (ConfUtils.java:logGet(62)) - raft.server.log.appender.buffer.byte-limit = 33554432 (custom)
2025-09-19 20:43:13,445 [76f4805b-b51d-4900-95ce-acf873710621@group-12B25595B918-LeaderElection19] INFO  server.RaftServerConfigKeys (ConfUtils.java:logGet(62)) - raft.server.log.appender.buffer.byte-limit = 33554432 (custom)
2025-09-19 20:43:13,446 [76f4805b-b51d-4900-95ce-acf873710621@group-12B25595B918-LeaderElection19] INFO  impl.RoleInfo (RoleInfo.java:updateAndGet(148)) - 76f4805b-b51d-4900-95ce-acf873710621: start 76f4805b-b51d-4900-95ce-acf873710621@group-12B25595B918-LeaderStateImpl
2025-09-19 20:43:13,446 [76f4805b-b51d-4900-95ce-acf873710621@group-12B25595B918-LeaderElection19] INFO  server.RaftServer$Division (RaftServerImpl.java:setFirstElection(576)) - 76f4805b-b51d-4900-95ce-acf873710621@group-12B25595B918: set firstElectionSinceStartup to false for becomeLeader
2025-09-19 20:43:13,446 [76f4805b-b51d-4900-95ce-acf873710621@group-12B25595B918-LeaderElection19] INFO  ratis.XceiverServerRatis (XceiverServerRatis.java:handleLeaderChangedNotification(942)) - Leader change notification received for group: group-12B25595B918 with new leaderId: 76f4805b-b51d-4900-95ce-acf873710621
2025-09-19 20:43:13,446 [76f4805b-b51d-4900-95ce-acf873710621@group-12B25595B918-LeaderElection19] INFO  server.RaftServer$Division (ServerState.java:setLeader(272)) - 76f4805b-b51d-4900-95ce-acf873710621@group-12B25595B918: change Leader from null to 76f4805b-b51d-4900-95ce-acf873710621 at term 1 for becomeLeader, leader elected after 1073ms
2025-09-19 20:43:13,446 [76f4805b-b51d-4900-95ce-acf873710621@group-12B25595B918-LeaderElection19] INFO  segmented.SegmentedRaftLogWorker (SegmentedRaftLogWorker.java:startLogSegment(440)) - 76f4805b-b51d-4900-95ce-acf873710621@group-12B25595B918-SegmentedRaftLogWorker: Starting segment from index:0
2025-09-19 20:43:13,447 [76f4805b-b51d-4900-95ce-acf873710621@group-12B25595B918-LeaderElection19] INFO  server.RaftServer$Division (ServerState.java:setRaftConf(386)) - 76f4805b-b51d-4900-95ce-acf873710621@group-12B25595B918: set configuration conf: {index: 0, cur=peers:[6b19ddea-00d3-43a8-b068-4376c2353d98|127.0.0.1:15063, 76f4805b-b51d-4900-95ce-acf873710621|127.0.0.1:15071, 2e0fa00c-f693-49a3-a365-75c51b8c5b45|127.0.0.1:15079]|listeners:[], old=null}
2025-09-19 20:43:13,448 [76f4805b-b51d-4900-95ce-acf873710621@group-12B25595B918-SegmentedRaftLogWorker] INFO  segmented.BufferedWriteChannel (BufferedWriteChannel.java:open(61)) - open log_inprogress_0 at position 0
2025-09-19 20:43:13,455 [grpc-default-executor-4] INFO  ratis.XceiverServerRatis (XceiverServerRatis.java:handleLeaderChangedNotification(942)) - Leader change notification received for group: group-12B25595B918 with new leaderId: 76f4805b-b51d-4900-95ce-acf873710621
2025-09-19 20:43:13,455 [grpc-default-executor-4] INFO  server.RaftServer$Division (ServerState.java:setLeader(272)) - 2e0fa00c-f693-49a3-a365-75c51b8c5b45@group-12B25595B918: change Leader from null to 76f4805b-b51d-4900-95ce-acf873710621 at term 1 for appendEntries, leader elected after 1035ms
2025-09-19 20:43:13,456 [grpc-default-executor-1] INFO  ratis.XceiverServerRatis (XceiverServerRatis.java:handleLeaderChangedNotification(942)) - Leader change notification received for group: group-12B25595B918 with new leaderId: 76f4805b-b51d-4900-95ce-acf873710621
2025-09-19 20:43:13,456 [grpc-default-executor-1] INFO  server.RaftServer$Division (ServerState.java:setLeader(272)) - 6b19ddea-00d3-43a8-b068-4376c2353d98@group-12B25595B918: change Leader from null to 76f4805b-b51d-4900-95ce-acf873710621 at term 1 for appendEntries, leader elected after 1135ms
2025-09-19 20:43:13,457 [grpc-default-executor-3] INFO  server.RaftServer$Division (ServerState.java:setRaftConf(386)) - 6b19ddea-00d3-43a8-b068-4376c2353d98@group-12B25595B918: set configuration conf: {index: 0, cur=peers:[6b19ddea-00d3-43a8-b068-4376c2353d98|127.0.0.1:15063, 76f4805b-b51d-4900-95ce-acf873710621|127.0.0.1:15071, 2e0fa00c-f693-49a3-a365-75c51b8c5b45|127.0.0.1:15079]|listeners:[], old=null}
2025-09-19 20:43:13,457 [grpc-default-executor-3] INFO  segmented.SegmentedRaftLogWorker (SegmentedRaftLogWorker.java:startLogSegment(440)) - 6b19ddea-00d3-43a8-b068-4376c2353d98@group-12B25595B918-SegmentedRaftLogWorker: Starting segment from index:0
2025-09-19 20:43:13,458 [6b19ddea-00d3-43a8-b068-4376c2353d98@group-12B25595B918-SegmentedRaftLogWorker] INFO  segmented.BufferedWriteChannel (BufferedWriteChannel.java:open(61)) - open log_inprogress_0 at position 0
2025-09-19 20:43:13,459 [EventQueue-PipelineReportForPipelineReportHandler] INFO  pipeline.PipelineReportHandler (PipelineReportHandler.java:processPipelineReport(132)) - Opened pipeline Pipeline-4be8751e-44e4-405a-85cf-12b25595b918
2025-09-19 20:43:13,459 [grpc-default-executor-3] INFO  server.RaftServer$Division (ServerState.java:setRaftConf(386)) - 2e0fa00c-f693-49a3-a365-75c51b8c5b45@group-12B25595B918: set configuration conf: {index: 0, cur=peers:[6b19ddea-00d3-43a8-b068-4376c2353d98|127.0.0.1:15063, 76f4805b-b51d-4900-95ce-acf873710621|127.0.0.1:15071, 2e0fa00c-f693-49a3-a365-75c51b8c5b45|127.0.0.1:15079]|listeners:[], old=null}
2025-09-19 20:43:13,459 [grpc-default-executor-3] INFO  segmented.SegmentedRaftLogWorker (SegmentedRaftLogWorker.java:startLogSegment(440)) - 2e0fa00c-f693-49a3-a365-75c51b8c5b45@group-12B25595B918-SegmentedRaftLogWorker: Starting segment from index:0
2025-09-19 20:43:13,460 [2e0fa00c-f693-49a3-a365-75c51b8c5b45@group-12B25595B918-SegmentedRaftLogWorker] INFO  segmented.BufferedWriteChannel (BufferedWriteChannel.java:open(61)) - open log_inprogress_0 at position 0
2025-09-19 20:43:13,465 [76f4805b-b51d-4900-95ce-acf873710621@group-12B25595B918-SegmentedRaftLogWorker] INFO  segmented.SegmentedRaftLogWorker (SegmentedRaftLogWorker.java:execute(647)) - 76f4805b-b51d-4900-95ce-acf873710621@group-12B25595B918-SegmentedRaftLogWorker: created new log segment /home/runner/work/ozone/ozone/hadoop-ozone/integration-test/target/test-dir/MiniOzoneClusterImpl-990002c2-bb69-4aa2-bd68-28a5e13e86ef/ozone-metadata/datanode-8/ratis/4be8751e-44e4-405a-85cf-12b25595b918/current/log_inprogress_0
2025-09-19 20:43:13,469 [2e0fa00c-f693-49a3-a365-75c51b8c5b45@group-12B25595B918-SegmentedRaftLogWorker] INFO  segmented.SegmentedRaftLogWorker (SegmentedRaftLogWorker.java:execute(647)) - 2e0fa00c-f693-49a3-a365-75c51b8c5b45@group-12B25595B918-SegmentedRaftLogWorker: created new log segment /home/runner/work/ozone/ozone/hadoop-ozone/integration-test/target/test-dir/MiniOzoneClusterImpl-990002c2-bb69-4aa2-bd68-28a5e13e86ef/ozone-metadata/datanode-9/ratis/4be8751e-44e4-405a-85cf-12b25595b918/current/log_inprogress_0
2025-09-19 20:43:13,470 [6b19ddea-00d3-43a8-b068-4376c2353d98@group-12B25595B918-SegmentedRaftLogWorker] INFO  segmented.SegmentedRaftLogWorker (SegmentedRaftLogWorker.java:execute(647)) - 6b19ddea-00d3-43a8-b068-4376c2353d98@group-12B25595B918-SegmentedRaftLogWorker: created new log segment /home/runner/work/ozone/ozone/hadoop-ozone/integration-test/target/test-dir/MiniOzoneClusterImpl-990002c2-bb69-4aa2-bd68-28a5e13e86ef/ozone-metadata/datanode-7/ratis/4be8751e-44e4-405a-85cf-12b25595b918/current/log_inprogress_0
2025-09-19 20:43:13,473 [76f4805b-b51d-4900-95ce-acf873710621@group-12B25595B918-StateMachineUpdater] INFO  server.RaftServer$Division (LeaderStateImpl.java:checkStartIndex(309)) - Leader 76f4805b-b51d-4900-95ce-acf873710621@group-12B25595B918-LeaderStateImpl is ready since appliedIndex == startIndex == 0
2025-09-19 20:43:13,478 [b5a25cc1-46d3-4381-a194-bd68f4526f1c-impl-thread2] INFO  segmented.SegmentedRaftLogWorker (SegmentedRaftLogWorker.java:close(254)) - b5a25cc1-46d3-4381-a194-bd68f4526f1c@group-A751954341BD-SegmentedRaftLogWorker close()
2025-09-19 20:43:13,479 [b5a25cc1-46d3-4381-a194-bd68f4526f1c-impl-thread2] INFO  ratis.ContainerStateMachine (ContainerStateMachine.java:notifyServerShutdown(1038)) - group-A751954341BD is closed by HddsDatanodeService
2025-09-19 20:43:13,521 [6b19ddea-00d3-43a8-b068-4376c2353d98@group-14F278921194-FollowerState] INFO  impl.FollowerState (FollowerState.java:runImpl(161)) - 6b19ddea-00d3-43a8-b068-4376c2353d98@group-14F278921194-FollowerState: change to CANDIDATE, lastRpcElapsedTime:1043730754ns, electionTimeout:1043ms
2025-09-19 20:43:13,521 [6b19ddea-00d3-43a8-b068-4376c2353d98@group-14F278921194-FollowerState] INFO  impl.RoleInfo (RoleInfo.java:shutdownFollowerState(121)) - 6b19ddea-00d3-43a8-b068-4376c2353d98: shutdown 6b19ddea-00d3-43a8-b068-4376c2353d98@group-14F278921194-FollowerState
2025-09-19 20:43:13,521 [6b19ddea-00d3-43a8-b068-4376c2353d98@group-14F278921194-FollowerState] INFO  server.RaftServer$Division (RaftServerImpl.java:setRole(392)) - 6b19ddea-00d3-43a8-b068-4376c2353d98@group-14F278921194: changes role from  FOLLOWER to CANDIDATE at term 0 for changeToCandidate
2025-09-19 20:43:13,521 [6b19ddea-00d3-43a8-b068-4376c2353d98@group-14F278921194-FollowerState] INFO  impl.RoleInfo (RoleInfo.java:updateAndGet(148)) - 6b19ddea-00d3-43a8-b068-4376c2353d98: start 6b19ddea-00d3-43a8-b068-4376c2353d98@group-14F278921194-LeaderElection20
2025-09-19 20:43:13,521 [6b19ddea-00d3-43a8-b068-4376c2353d98@group-14F278921194-LeaderElection20] INFO  impl.LeaderElection (LeaderElection.java:askForVotes(448)) - 6b19ddea-00d3-43a8-b068-4376c2353d98@group-14F278921194-LeaderElection20 PRE_VOTE round 0: submit vote requests at term 0 for conf: {index: -1, cur=peers:[6b19ddea-00d3-43a8-b068-4376c2353d98|127.0.0.1:15063, 76f4805b-b51d-4900-95ce-acf873710621|127.0.0.1:15071, 2e0fa00c-f693-49a3-a365-75c51b8c5b45|127.0.0.1:15079]|listeners:[], old=null}
2025-09-19 20:43:13,522 [6b19ddea-00d3-43a8-b068-4376c2353d98@group-14F278921194-LeaderElection20-1] INFO  server.GrpcServerProtocolClient (GrpcServerProtocolClient.java:<init>(65)) - Build channel for 76f4805b-b51d-4900-95ce-acf873710621|127.0.0.1:15071
2025-09-19 20:43:13,522 [6b19ddea-00d3-43a8-b068-4376c2353d98@group-14F278921194-LeaderElection20-2] INFO  server.GrpcServerProtocolClient (GrpcServerProtocolClient.java:<init>(65)) - Build channel for 2e0fa00c-f693-49a3-a365-75c51b8c5b45|127.0.0.1:15079
2025-09-19 20:43:13,526 [grpc-default-executor-3] INFO  server.RaftServer$Division (RaftServerImpl.java:requestVote(1421)) - 2e0fa00c-f693-49a3-a365-75c51b8c5b45@group-14F278921194: receive requestVote(PRE_VOTE, 6b19ddea-00d3-43a8-b068-4376c2353d98, group-14F278921194, 0, <PROTO_DEFAULT>)
2025-09-19 20:43:13,526 [grpc-default-executor-1] INFO  server.RaftServer$Division (RaftServerImpl.java:requestVote(1421)) - 76f4805b-b51d-4900-95ce-acf873710621@group-14F278921194: receive requestVote(PRE_VOTE, 6b19ddea-00d3-43a8-b068-4376c2353d98, group-14F278921194, 0, <PROTO_DEFAULT>)
2025-09-19 20:43:13,526 [grpc-default-executor-3] INFO  impl.VoteContext (VoteContext.java:log(49)) - 2e0fa00c-f693-49a3-a365-75c51b8c5b45@group-14F278921194-FOLLOWER: reject PRE_VOTE from 6b19ddea-00d3-43a8-b068-4376c2353d98: our priority 1 > candidate's priority 0
2025-09-19 20:43:13,526 [grpc-default-executor-1] INFO  impl.VoteContext (VoteContext.java:log(49)) - 76f4805b-b51d-4900-95ce-acf873710621@group-14F278921194-FOLLOWER: accept PRE_VOTE from 6b19ddea-00d3-43a8-b068-4376c2353d98: our priority 0 <= candidate's priority 0
2025-09-19 20:43:13,526 [grpc-default-executor-3] INFO  server.RaftServer$Division (RaftServerImpl.java:requestVote(1455)) - 2e0fa00c-f693-49a3-a365-75c51b8c5b45@group-14F278921194 replies to PRE_VOTE vote request: 6b19ddea-00d3-43a8-b068-4376c2353d98<-2e0fa00c-f693-49a3-a365-75c51b8c5b45#0:FAIL-t0-last:<INITIAL_VALUE>. Peer's state: 2e0fa00c-f693-49a3-a365-75c51b8c5b45@group-14F278921194:t0, leader=null, voted=, raftlog=Memoized:2e0fa00c-f693-49a3-a365-75c51b8c5b45@group-14F278921194-SegmentedRaftLog:OPENED:c-1:lastnull, conf=conf: {index: -1, cur=peers:[6b19ddea-00d3-43a8-b068-4376c2353d98|127.0.0.1:15063, 76f4805b-b51d-4900-95ce-acf873710621|127.0.0.1:15071, 2e0fa00c-f693-49a3-a365-75c51b8c5b45|127.0.0.1:15079]|listeners:[], old=null}
2025-09-19 20:43:13,526 [grpc-default-executor-1] INFO  server.RaftServer$Division (RaftServerImpl.java:requestVote(1455)) - 76f4805b-b51d-4900-95ce-acf873710621@group-14F278921194 replies to PRE_VOTE vote request: 6b19ddea-00d3-43a8-b068-4376c2353d98<-76f4805b-b51d-4900-95ce-acf873710621#0:OK-t0-last:<INITIAL_VALUE>. Peer's state: 76f4805b-b51d-4900-95ce-acf873710621@group-14F278921194:t0, leader=null, voted=, raftlog=Memoized:76f4805b-b51d-4900-95ce-acf873710621@group-14F278921194-SegmentedRaftLog:OPENED:c-1:lastnull, conf=conf: {index: -1, cur=peers:[6b19ddea-00d3-43a8-b068-4376c2353d98|127.0.0.1:15063, 76f4805b-b51d-4900-95ce-acf873710621|127.0.0.1:15071, 2e0fa00c-f693-49a3-a365-75c51b8c5b45|127.0.0.1:15079]|listeners:[], old=null}
2025-09-19 20:43:13,527 [6b19ddea-00d3-43a8-b068-4376c2353d98@group-14F278921194-LeaderElection20] INFO  impl.LeaderElection (LeaderElection.java:logAndReturn(206)) - 6b19ddea-00d3-43a8-b068-4376c2353d98@group-14F278921194-LeaderElection20: PRE_VOTE REJECTED received 1 response(s) and 0 exception(s):
2025-09-19 20:43:13,527 [6b19ddea-00d3-43a8-b068-4376c2353d98@group-14F278921194-LeaderElection20] INFO  impl.LeaderElection (LeaderElection.java:logAndReturn(210)) -   Response 0: 6b19ddea-00d3-43a8-b068-4376c2353d98<-2e0fa00c-f693-49a3-a365-75c51b8c5b45#0:FAIL-t0-last:<INITIAL_VALUE>
2025-09-19 20:43:13,527 [6b19ddea-00d3-43a8-b068-4376c2353d98@group-14F278921194-LeaderElection20] INFO  impl.LeaderElection (LeaderElection.java:askForVotes(450)) - 6b19ddea-00d3-43a8-b068-4376c2353d98@group-14F278921194-LeaderElection20 PRE_VOTE round 0: result REJECTED
2025-09-19 20:43:13,527 [6b19ddea-00d3-43a8-b068-4376c2353d98@group-14F278921194-LeaderElection20] INFO  server.RaftServer$Division (RaftServerImpl.java:setRole(392)) - 6b19ddea-00d3-43a8-b068-4376c2353d98@group-14F278921194: changes role from CANDIDATE to FOLLOWER at term 0 for REJECTED
2025-09-19 20:43:13,527 [6b19ddea-00d3-43a8-b068-4376c2353d98@group-14F278921194-LeaderElection20] INFO  impl.RoleInfo (RoleInfo.java:shutdownLeaderElection(141)) - 6b19ddea-00d3-43a8-b068-4376c2353d98: shutdown 6b19ddea-00d3-43a8-b068-4376c2353d98@group-14F278921194-LeaderElection20
2025-09-19 20:43:13,527 [6b19ddea-00d3-43a8-b068-4376c2353d98@group-14F278921194-LeaderElection20] INFO  impl.RoleInfo (RoleInfo.java:updateAndGet(148)) - 6b19ddea-00d3-43a8-b068-4376c2353d98: start 6b19ddea-00d3-43a8-b068-4376c2353d98@group-14F278921194-FollowerState
2025-09-19 20:43:13,528 [6b19ddea-00d3-43a8-b068-4376c2353d98@group-14F278921194-LeaderElection20] INFO  server.RaftServer$Division (RaftServerImpl.java:setFirstElection(576)) - 6b19ddea-00d3-43a8-b068-4376c2353d98@group-14F278921194: set firstElectionSinceStartup to false for REJECTED
2025-09-19 20:43:13,573 [2e0fa00c-f693-49a3-a365-75c51b8c5b45@group-14F278921194-FollowerState] INFO  impl.FollowerState (FollowerState.java:runImpl(161)) - 2e0fa00c-f693-49a3-a365-75c51b8c5b45@group-14F278921194-FollowerState: change to CANDIDATE, lastRpcElapsedTime:1050153139ns, electionTimeout:1045ms
2025-09-19 20:43:13,573 [2e0fa00c-f693-49a3-a365-75c51b8c5b45@group-14F278921194-FollowerState] INFO  impl.RoleInfo (RoleInfo.java:shutdownFollowerState(121)) - 2e0fa00c-f693-49a3-a365-75c51b8c5b45: shutdown 2e0fa00c-f693-49a3-a365-75c51b8c5b45@group-14F278921194-FollowerState
2025-09-19 20:43:13,573 [2e0fa00c-f693-49a3-a365-75c51b8c5b45@group-14F278921194-FollowerState] INFO  server.RaftServer$Division (RaftServerImpl.java:setRole(392)) - 2e0fa00c-f693-49a3-a365-75c51b8c5b45@group-14F278921194: changes role from  FOLLOWER to CANDIDATE at term 0 for changeToCandidate
2025-09-19 20:43:13,573 [2e0fa00c-f693-49a3-a365-75c51b8c5b45@group-14F278921194-FollowerState] INFO  impl.RoleInfo (RoleInfo.java:updateAndGet(148)) - 2e0fa00c-f693-49a3-a365-75c51b8c5b45: start 2e0fa00c-f693-49a3-a365-75c51b8c5b45@group-14F278921194-LeaderElection21
2025-09-19 20:43:13,574 [2e0fa00c-f693-49a3-a365-75c51b8c5b45@group-14F278921194-LeaderElection21] INFO  impl.LeaderElection (LeaderElection.java:askForVotes(448)) - 2e0fa00c-f693-49a3-a365-75c51b8c5b45@group-14F278921194-LeaderElection21 PRE_VOTE round 0: submit vote requests at term 0 for conf: {index: -1, cur=peers:[6b19ddea-00d3-43a8-b068-4376c2353d98|127.0.0.1:15063, 76f4805b-b51d-4900-95ce-acf873710621|127.0.0.1:15071, 2e0fa00c-f693-49a3-a365-75c51b8c5b45|127.0.0.1:15079]|listeners:[], old=null}
2025-09-19 20:43:13,574 [2e0fa00c-f693-49a3-a365-75c51b8c5b45@group-14F278921194-LeaderElection21-1] INFO  server.GrpcServerProtocolClient (GrpcServerProtocolClient.java:<init>(65)) - Build channel for 6b19ddea-00d3-43a8-b068-4376c2353d98|127.0.0.1:15063
2025-09-19 20:43:13,574 [2e0fa00c-f693-49a3-a365-75c51b8c5b45@group-14F278921194-LeaderElection21-2] INFO  server.GrpcServerProtocolClient (GrpcServerProtocolClient.java:<init>(65)) - Build channel for 76f4805b-b51d-4900-95ce-acf873710621|127.0.0.1:15071
2025-09-19 20:43:13,579 [grpc-default-executor-1] INFO  server.RaftServer$Division (RaftServerImpl.java:requestVote(1421)) - 6b19ddea-00d3-43a8-b068-4376c2353d98@group-14F278921194: receive requestVote(PRE_VOTE, 2e0fa00c-f693-49a3-a365-75c51b8c5b45, group-14F278921194, 0, <PROTO_DEFAULT>)
2025-09-19 20:43:13,579 [grpc-default-executor-1] INFO  impl.VoteContext (VoteContext.java:log(49)) - 6b19ddea-00d3-43a8-b068-4376c2353d98@group-14F278921194-FOLLOWER: accept PRE_VOTE from 2e0fa00c-f693-49a3-a365-75c51b8c5b45: our priority 0 <= candidate's priority 1
2025-09-19 20:43:13,580 [grpc-default-executor-1] INFO  server.RaftServer$Division (RaftServerImpl.java:requestVote(1455)) - 6b19ddea-00d3-43a8-b068-4376c2353d98@group-14F278921194 replies to PRE_VOTE vote request: 2e0fa00c-f693-49a3-a365-75c51b8c5b45<-6b19ddea-00d3-43a8-b068-4376c2353d98#0:OK-t0-last:<INITIAL_VALUE>. Peer's state: 6b19ddea-00d3-43a8-b068-4376c2353d98@group-14F278921194:t0, leader=null, voted=, raftlog=Memoized:6b19ddea-00d3-43a8-b068-4376c2353d98@group-14F278921194-SegmentedRaftLog:OPENED:c-1:lastnull, conf=conf: {index: -1, cur=peers:[6b19ddea-00d3-43a8-b068-4376c2353d98|127.0.0.1:15063, 76f4805b-b51d-4900-95ce-acf873710621|127.0.0.1:15071, 2e0fa00c-f693-49a3-a365-75c51b8c5b45|127.0.0.1:15079]|listeners:[], old=null}
2025-09-19 20:43:13,581 [2e0fa00c-f693-49a3-a365-75c51b8c5b45@group-14F278921194-LeaderElection21] INFO  impl.LeaderElection (LeaderElection.java:logAndReturn(206)) - 2e0fa00c-f693-49a3-a365-75c51b8c5b45@group-14F278921194-LeaderElection21: PRE_VOTE PASSED received 1 response(s) and 0 exception(s):
2025-09-19 20:43:13,581 [2e0fa00c-f693-49a3-a365-75c51b8c5b45@group-14F278921194-LeaderElection21] INFO  impl.LeaderElection (LeaderElection.java:logAndReturn(210)) -   Response 0: 2e0fa00c-f693-49a3-a365-75c51b8c5b45<-6b19ddea-00d3-43a8-b068-4376c2353d98#0:OK-t0-last:<INITIAL_VALUE>
2025-09-19 20:43:13,581 [2e0fa00c-f693-49a3-a365-75c51b8c5b45@group-14F278921194-LeaderElection21] INFO  impl.LeaderElection (LeaderElection.java:askForVotes(450)) - 2e0fa00c-f693-49a3-a365-75c51b8c5b45@group-14F278921194-LeaderElection21 PRE_VOTE round 0: result PASSED
2025-09-19 20:43:13,582 [grpc-default-executor-1] INFO  server.RaftServer$Division (RaftServerImpl.java:requestVote(1421)) - 76f4805b-b51d-4900-95ce-acf873710621@group-14F278921194: receive requestVote(PRE_VOTE, 2e0fa00c-f693-49a3-a365-75c51b8c5b45, group-14F278921194, 0, <PROTO_DEFAULT>)
2025-09-19 20:43:13,582 [grpc-default-executor-1] INFO  impl.VoteContext (VoteContext.java:log(49)) - 76f4805b-b51d-4900-95ce-acf873710621@group-14F278921194-FOLLOWER: accept PRE_VOTE from 2e0fa00c-f693-49a3-a365-75c51b8c5b45: our priority 0 <= candidate's priority 1
2025-09-19 20:43:13,582 [grpc-default-executor-1] INFO  server.RaftServer$Division (RaftServerImpl.java:requestVote(1455)) - 76f4805b-b51d-4900-95ce-acf873710621@group-14F278921194 replies to PRE_VOTE vote request: 2e0fa00c-f693-49a3-a365-75c51b8c5b45<-76f4805b-b51d-4900-95ce-acf873710621#0:OK-t0-last:<INITIAL_VALUE>. Peer's state: 76f4805b-b51d-4900-95ce-acf873710621@group-14F278921194:t0, leader=null, voted=, raftlog=Memoized:76f4805b-b51d-4900-95ce-acf873710621@group-14F278921194-SegmentedRaftLog:OPENED:c-1:lastnull, conf=conf: {index: -1, cur=peers:[6b19ddea-00d3-43a8-b068-4376c2353d98|127.0.0.1:15063, 76f4805b-b51d-4900-95ce-acf873710621|127.0.0.1:15071, 2e0fa00c-f693-49a3-a365-75c51b8c5b45|127.0.0.1:15079]|listeners:[], old=null}
2025-09-19 20:43:13,584 [2e0fa00c-f693-49a3-a365-75c51b8c5b45@group-14F278921194-LeaderElection21] INFO  impl.LeaderElection (LeaderElection.java:askForVotes(448)) - 2e0fa00c-f693-49a3-a365-75c51b8c5b45@group-14F278921194-LeaderElection21 ELECTION round 0: submit vote requests at term 1 for conf: {index: -1, cur=peers:[6b19ddea-00d3-43a8-b068-4376c2353d98|127.0.0.1:15063, 76f4805b-b51d-4900-95ce-acf873710621|127.0.0.1:15071, 2e0fa00c-f693-49a3-a365-75c51b8c5b45|127.0.0.1:15079]|listeners:[], old=null}
2025-09-19 20:43:13,586 [grpc-default-executor-1] INFO  server.RaftServer$Division (RaftServerImpl.java:requestVote(1421)) - 6b19ddea-00d3-43a8-b068-4376c2353d98@group-14F278921194: receive requestVote(ELECTION, 2e0fa00c-f693-49a3-a365-75c51b8c5b45, group-14F278921194, 1, <PROTO_DEFAULT>)
2025-09-19 20:43:13,586 [grpc-default-executor-1] INFO  impl.VoteContext (VoteContext.java:log(49)) - 6b19ddea-00d3-43a8-b068-4376c2353d98@group-14F278921194-FOLLOWER: accept ELECTION from 2e0fa00c-f693-49a3-a365-75c51b8c5b45: our priority 0 <= candidate's priority 1
2025-09-19 20:43:13,586 [grpc-default-executor-1] INFO  server.RaftServer$Division (RaftServerImpl.java:setRole(392)) - 6b19ddea-00d3-43a8-b068-4376c2353d98@group-14F278921194: changes role from  FOLLOWER to FOLLOWER at term 0 for candidate:2e0fa00c-f693-49a3-a365-75c51b8c5b45
2025-09-19 20:43:13,586 [grpc-default-executor-1] INFO  impl.RoleInfo (RoleInfo.java:shutdownFollowerState(121)) - 6b19ddea-00d3-43a8-b068-4376c2353d98: shutdown 6b19ddea-00d3-43a8-b068-4376c2353d98@group-14F278921194-FollowerState
2025-09-19 20:43:13,586 [grpc-default-executor-1] INFO  impl.RoleInfo (RoleInfo.java:updateAndGet(148)) - 6b19ddea-00d3-43a8-b068-4376c2353d98: start 6b19ddea-00d3-43a8-b068-4376c2353d98@group-14F278921194-FollowerState
2025-09-19 20:43:13,586 [6b19ddea-00d3-43a8-b068-4376c2353d98@group-14F278921194-FollowerState] INFO  impl.FollowerState (FollowerState.java:runImpl(170)) - 6b19ddea-00d3-43a8-b068-4376c2353d98@group-14F278921194-FollowerState was interrupted
2025-09-19 20:43:13,588 [grpc-default-executor-3] INFO  server.RaftServer$Division (RaftServerImpl.java:requestVote(1421)) - 76f4805b-b51d-4900-95ce-acf873710621@group-14F278921194: receive requestVote(ELECTION, 2e0fa00c-f693-49a3-a365-75c51b8c5b45, group-14F278921194, 1, <PROTO_DEFAULT>)
2025-09-19 20:43:13,588 [grpc-default-executor-3] INFO  impl.VoteContext (VoteContext.java:log(49)) - 76f4805b-b51d-4900-95ce-acf873710621@group-14F278921194-FOLLOWER: accept ELECTION from 2e0fa00c-f693-49a3-a365-75c51b8c5b45: our priority 0 <= candidate's priority 1
2025-09-19 20:43:13,588 [grpc-default-executor-3] INFO  server.RaftServer$Division (RaftServerImpl.java:setRole(392)) - 76f4805b-b51d-4900-95ce-acf873710621@group-14F278921194: changes role from  FOLLOWER to FOLLOWER at term 0 for candidate:2e0fa00c-f693-49a3-a365-75c51b8c5b45
2025-09-19 20:43:13,588 [grpc-default-executor-3] INFO  impl.RoleInfo (RoleInfo.java:shutdownFollowerState(121)) - 76f4805b-b51d-4900-95ce-acf873710621: shutdown 76f4805b-b51d-4900-95ce-acf873710621@group-14F278921194-FollowerState
2025-09-19 20:43:13,588 [grpc-default-executor-3] INFO  impl.RoleInfo (RoleInfo.java:updateAndGet(148)) - 76f4805b-b51d-4900-95ce-acf873710621: start 76f4805b-b51d-4900-95ce-acf873710621@group-14F278921194-FollowerState
2025-09-19 20:43:13,588 [76f4805b-b51d-4900-95ce-acf873710621@group-14F278921194-FollowerState] INFO  impl.FollowerState (FollowerState.java:runImpl(170)) - 76f4805b-b51d-4900-95ce-acf873710621@group-14F278921194-FollowerState was interrupted
2025-09-19 20:43:13,588 [grpc-default-executor-3] INFO  server.RaftServer$Division (RaftServerImpl.java:setFirstElection(576)) - 76f4805b-b51d-4900-95ce-acf873710621@group-14F278921194: set firstElectionSinceStartup to false for candidate:2e0fa00c-f693-49a3-a365-75c51b8c5b45
2025-09-19 20:43:13,589 [grpc-default-executor-1] INFO  server.RaftServer$Division (RaftServerImpl.java:requestVote(1455)) - 6b19ddea-00d3-43a8-b068-4376c2353d98@group-14F278921194 replies to ELECTION vote request: 2e0fa00c-f693-49a3-a365-75c51b8c5b45<-6b19ddea-00d3-43a8-b068-4376c2353d98#0:OK-t1-last:<INITIAL_VALUE>. Peer's state: 6b19ddea-00d3-43a8-b068-4376c2353d98@group-14F278921194:t1, leader=null, voted=2e0fa00c-f693-49a3-a365-75c51b8c5b45, raftlog=Memoized:6b19ddea-00d3-43a8-b068-4376c2353d98@group-14F278921194-SegmentedRaftLog:OPENED:c-1:lastnull, conf=conf: {index: -1, cur=peers:[6b19ddea-00d3-43a8-b068-4376c2353d98|127.0.0.1:15063, 76f4805b-b51d-4900-95ce-acf873710621|127.0.0.1:15071, 2e0fa00c-f693-49a3-a365-75c51b8c5b45|127.0.0.1:15079]|listeners:[], old=null}
2025-09-19 20:43:13,590 [2e0fa00c-f693-49a3-a365-75c51b8c5b45@group-14F278921194-LeaderElection21] INFO  impl.LeaderElection (LeaderElection.java:logAndReturn(206)) - 2e0fa00c-f693-49a3-a365-75c51b8c5b45@group-14F278921194-LeaderElection21: ELECTION PASSED received 1 response(s) and 0 exception(s):
2025-09-19 20:43:13,590 [2e0fa00c-f693-49a3-a365-75c51b8c5b45@group-14F278921194-LeaderElection21] INFO  impl.LeaderElection (LeaderElection.java:logAndReturn(210)) -   Response 0: 2e0fa00c-f693-49a3-a365-75c51b8c5b45<-6b19ddea-00d3-43a8-b068-4376c2353d98#0:OK-t1-last:<INITIAL_VALUE>
2025-09-19 20:43:13,590 [2e0fa00c-f693-49a3-a365-75c51b8c5b45@group-14F278921194-LeaderElection21] INFO  impl.LeaderElection (LeaderElection.java:askForVotes(450)) - 2e0fa00c-f693-49a3-a365-75c51b8c5b45@group-14F278921194-LeaderElection21 ELECTION round 0: result PASSED
2025-09-19 20:43:13,591 [2e0fa00c-f693-49a3-a365-75c51b8c5b45@group-14F278921194-LeaderElection21] INFO  impl.RoleInfo (RoleInfo.java:shutdownLeaderElection(141)) - 2e0fa00c-f693-49a3-a365-75c51b8c5b45: shutdown 2e0fa00c-f693-49a3-a365-75c51b8c5b45@group-14F278921194-LeaderElection21
2025-09-19 20:43:13,591 [2e0fa00c-f693-49a3-a365-75c51b8c5b45@group-14F278921194-LeaderElection21] INFO  server.RaftServer$Division (RaftServerImpl.java:setRole(392)) - 2e0fa00c-f693-49a3-a365-75c51b8c5b45@group-14F278921194: changes role from CANDIDATE to LEADER at term 1 for changeToLeader
2025-09-19 20:43:13,591 [2e0fa00c-f693-49a3-a365-75c51b8c5b45@group-14F278921194-LeaderElection21] INFO  server.RaftServerConfigKeys (ConfUtils.java:logFallback(69)) - raft.server.staging.timeout = 3600ms (fallback to raft.server.rpc.timeout.max)
2025-09-19 20:43:13,591 [2e0fa00c-f693-49a3-a365-75c51b8c5b45@group-14F278921194-LeaderElection21] INFO  server.RaftServerConfigKeys (ConfUtils.java:logGet(62)) - raft.server.write.byte-limit = 1024 M (=1073741824) (custom)
2025-09-19 20:43:13,591 [grpc-default-executor-3] INFO  server.RaftServer$Division (RaftServerImpl.java:requestVote(1455)) - 76f4805b-b51d-4900-95ce-acf873710621@group-14F278921194 replies to ELECTION vote request: 2e0fa00c-f693-49a3-a365-75c51b8c5b45<-76f4805b-b51d-4900-95ce-acf873710621#0:OK-t1-last:<INITIAL_VALUE>. Peer's state: 76f4805b-b51d-4900-95ce-acf873710621@group-14F278921194:t1, leader=null, voted=2e0fa00c-f693-49a3-a365-75c51b8c5b45, raftlog=Memoized:76f4805b-b51d-4900-95ce-acf873710621@group-14F278921194-SegmentedRaftLog:OPENED:c-1:lastnull, conf=conf: {index: -1, cur=peers:[6b19ddea-00d3-43a8-b068-4376c2353d98|127.0.0.1:15063, 76f4805b-b51d-4900-95ce-acf873710621|127.0.0.1:15071, 2e0fa00c-f693-49a3-a365-75c51b8c5b45|127.0.0.1:15079]|listeners:[], old=null}
2025-09-19 20:43:13,593 [2e0fa00c-f693-49a3-a365-75c51b8c5b45@group-14F278921194-LeaderElection21] INFO  server.RaftServerConfigKeys (ConfUtils.java:logGet(62)) - raft.server.log.appender.buffer.byte-limit = 33554432 (custom)
2025-09-19 20:43:13,594 [2e0fa00c-f693-49a3-a365-75c51b8c5b45@group-14F278921194-LeaderElection21] INFO  server.RaftServerConfigKeys (ConfUtils.java:logGet(62)) - raft.server.log.appender.buffer.byte-limit = 33554432 (custom)
2025-09-19 20:43:13,595 [2e0fa00c-f693-49a3-a365-75c51b8c5b45@group-14F278921194-LeaderElection21] INFO  impl.RoleInfo (RoleInfo.java:updateAndGet(148)) - 2e0fa00c-f693-49a3-a365-75c51b8c5b45: start 2e0fa00c-f693-49a3-a365-75c51b8c5b45@group-14F278921194-LeaderStateImpl
2025-09-19 20:43:13,595 [2e0fa00c-f693-49a3-a365-75c51b8c5b45@group-14F278921194-LeaderElection21] INFO  server.RaftServer$Division (RaftServerImpl.java:setFirstElection(576)) - 2e0fa00c-f693-49a3-a365-75c51b8c5b45@group-14F278921194: set firstElectionSinceStartup to false for becomeLeader
2025-09-19 20:43:13,595 [2e0fa00c-f693-49a3-a365-75c51b8c5b45@group-14F278921194-LeaderElection21] INFO  ratis.XceiverServerRatis (XceiverServerRatis.java:handleLeaderChangedNotification(942)) - Leader change notification received for group: group-14F278921194 with new leaderId: 2e0fa00c-f693-49a3-a365-75c51b8c5b45
2025-09-19 20:43:13,595 [2e0fa00c-f693-49a3-a365-75c51b8c5b45@group-14F278921194-LeaderElection21] INFO  server.RaftServer$Division (ServerState.java:setLeader(272)) - 2e0fa00c-f693-49a3-a365-75c51b8c5b45@group-14F278921194: change Leader from null to 2e0fa00c-f693-49a3-a365-75c51b8c5b45 at term 1 for becomeLeader, leader elected after 1104ms
2025-09-19 20:43:13,595 [2e0fa00c-f693-49a3-a365-75c51b8c5b45@group-14F278921194-LeaderElection21] INFO  segmented.SegmentedRaftLogWorker (SegmentedRaftLogWorker.java:startLogSegment(440)) - 2e0fa00c-f693-49a3-a365-75c51b8c5b45@group-14F278921194-SegmentedRaftLogWorker: Starting segment from index:0
2025-09-19 20:43:13,596 [2e0fa00c-f693-49a3-a365-75c51b8c5b45@group-14F278921194-SegmentedRaftLogWorker] INFO  segmented.BufferedWriteChannel (BufferedWriteChannel.java:open(61)) - open log_inprogress_0 at position 0
2025-09-19 20:43:13,596 [2e0fa00c-f693-49a3-a365-75c51b8c5b45@group-14F278921194-LeaderElection21] INFO  server.RaftServer$Division (ServerState.java:setRaftConf(386)) - 2e0fa00c-f693-49a3-a365-75c51b8c5b45@group-14F278921194: set configuration conf: {index: 0, cur=peers:[6b19ddea-00d3-43a8-b068-4376c2353d98|127.0.0.1:15063, 76f4805b-b51d-4900-95ce-acf873710621|127.0.0.1:15071, 2e0fa00c-f693-49a3-a365-75c51b8c5b45|127.0.0.1:15079]|listeners:[], old=null}
2025-09-19 20:43:13,610 [grpc-default-executor-1] INFO  ratis.XceiverServerRatis (XceiverServerRatis.java:handleLeaderChangedNotification(942)) - Leader change notification received for group: group-14F278921194 with new leaderId: 2e0fa00c-f693-49a3-a365-75c51b8c5b45
2025-09-19 20:43:13,611 [grpc-default-executor-1] INFO  server.RaftServer$Division (ServerState.java:setLeader(272)) - 76f4805b-b51d-4900-95ce-acf873710621@group-14F278921194: change Leader from null to 2e0fa00c-f693-49a3-a365-75c51b8c5b45 at term 1 for appendEntries, leader elected after 1008ms
2025-09-19 20:43:13,612 [grpc-default-executor-1] INFO  server.RaftServer$Division (ServerState.java:setRaftConf(386)) - 76f4805b-b51d-4900-95ce-acf873710621@group-14F278921194: set configuration conf: {index: 0, cur=peers:[6b19ddea-00d3-43a8-b068-4376c2353d98|127.0.0.1:15063, 76f4805b-b51d-4900-95ce-acf873710621|127.0.0.1:15071, 2e0fa00c-f693-49a3-a365-75c51b8c5b45|127.0.0.1:15079]|listeners:[], old=null}
2025-09-19 20:43:13,611 [grpc-default-executor-5] INFO  ratis.XceiverServerRatis (XceiverServerRatis.java:handleLeaderChangedNotification(942)) - Leader change notification received for group: group-14F278921194 with new leaderId: 2e0fa00c-f693-49a3-a365-75c51b8c5b45
2025-09-19 20:43:13,613 [grpc-default-executor-5] INFO  server.RaftServer$Division (ServerState.java:setLeader(272)) - 6b19ddea-00d3-43a8-b068-4376c2353d98@group-14F278921194: change Leader from null to 2e0fa00c-f693-49a3-a365-75c51b8c5b45 at term 1 for appendEntries, leader elected after 1158ms
2025-09-19 20:43:13,613 [grpc-default-executor-1] INFO  segmented.SegmentedRaftLogWorker (SegmentedRaftLogWorker.java:startLogSegment(440)) - 76f4805b-b51d-4900-95ce-acf873710621@group-14F278921194-SegmentedRaftLogWorker: Starting segment from index:0
2025-09-19 20:43:13,613 [EventQueue-PipelineReportForPipelineReportHandler] INFO  pipeline.PipelineReportHandler (PipelineReportHandler.java:processPipelineReport(132)) - Opened pipeline Pipeline-04d8785e-901f-4565-8460-14f278921194
2025-09-19 20:43:13,613 [grpc-default-executor-2] INFO  server.RaftServer$Division (ServerState.java:setRaftConf(386)) - 6b19ddea-00d3-43a8-b068-4376c2353d98@group-14F278921194: set configuration conf: {index: 0, cur=peers:[6b19ddea-00d3-43a8-b068-4376c2353d98|127.0.0.1:15063, 76f4805b-b51d-4900-95ce-acf873710621|127.0.0.1:15071, 2e0fa00c-f693-49a3-a365-75c51b8c5b45|127.0.0.1:15079]|listeners:[], old=null}
2025-09-19 20:43:13,614 [grpc-default-executor-2] INFO  segmented.SegmentedRaftLogWorker (SegmentedRaftLogWorker.java:startLogSegment(440)) - 6b19ddea-00d3-43a8-b068-4376c2353d98@group-14F278921194-SegmentedRaftLogWorker: Starting segment from index:0
2025-09-19 20:43:13,614 [2e0fa00c-f693-49a3-a365-75c51b8c5b45@group-14F278921194-SegmentedRaftLogWorker] INFO  segmented.SegmentedRaftLogWorker (SegmentedRaftLogWorker.java:execute(647)) - 2e0fa00c-f693-49a3-a365-75c51b8c5b45@group-14F278921194-SegmentedRaftLogWorker: created new log segment /home/runner/work/ozone/ozone/hadoop-ozone/integration-test/target/test-dir/MiniOzoneClusterImpl-990002c2-bb69-4aa2-bd68-28a5e13e86ef/ozone-metadata/datanode-9/ratis/04d8785e-901f-4565-8460-14f278921194/current/log_inprogress_0
2025-09-19 20:43:13,615 [76f4805b-b51d-4900-95ce-acf873710621@group-14F278921194-SegmentedRaftLogWorker] INFO  segmented.BufferedWriteChannel (BufferedWriteChannel.java:open(61)) - open log_inprogress_0 at position 0
2025-09-19 20:43:13,615 [6b19ddea-00d3-43a8-b068-4376c2353d98@group-14F278921194-SegmentedRaftLogWorker] INFO  segmented.BufferedWriteChannel (BufferedWriteChannel.java:open(61)) - open log_inprogress_0 at position 0
2025-09-19 20:43:13,623 [6b19ddea-00d3-43a8-b068-4376c2353d98@group-14F278921194-SegmentedRaftLogWorker] INFO  segmented.SegmentedRaftLogWorker (SegmentedRaftLogWorker.java:execute(647)) - 6b19ddea-00d3-43a8-b068-4376c2353d98@group-14F278921194-SegmentedRaftLogWorker: created new log segment /home/runner/work/ozone/ozone/hadoop-ozone/integration-test/target/test-dir/MiniOzoneClusterImpl-990002c2-bb69-4aa2-bd68-28a5e13e86ef/ozone-metadata/datanode-7/ratis/04d8785e-901f-4565-8460-14f278921194/current/log_inprogress_0
2025-09-19 20:43:13,628 [2e0fa00c-f693-49a3-a365-75c51b8c5b45@group-14F278921194-StateMachineUpdater] INFO  server.RaftServer$Division (LeaderStateImpl.java:checkStartIndex(309)) - Leader 2e0fa00c-f693-49a3-a365-75c51b8c5b45@group-14F278921194-LeaderStateImpl is ready since appliedIndex == startIndex == 0
2025-09-19 20:43:13,629 [76f4805b-b51d-4900-95ce-acf873710621@group-14F278921194-SegmentedRaftLogWorker] INFO  segmented.SegmentedRaftLogWorker (SegmentedRaftLogWorker.java:execute(647)) - 76f4805b-b51d-4900-95ce-acf873710621@group-14F278921194-SegmentedRaftLogWorker: created new log segment /home/runner/work/ozone/ozone/hadoop-ozone/integration-test/target/test-dir/MiniOzoneClusterImpl-990002c2-bb69-4aa2-bd68-28a5e13e86ef/ozone-metadata/datanode-8/ratis/04d8785e-901f-4565-8460-14f278921194/current/log_inprogress_0
2025-09-19 20:43:13,674 [76f4805b-b51d-4900-95ce-acf873710621@group-D937AE327C73-FollowerState] INFO  impl.FollowerState (FollowerState.java:runImpl(161)) - 76f4805b-b51d-4900-95ce-acf873710621@group-D937AE327C73-FollowerState: change to CANDIDATE, lastRpcElapsedTime:1091161797ns, electionTimeout:1081ms
2025-09-19 20:43:13,674 [76f4805b-b51d-4900-95ce-acf873710621@group-D937AE327C73-FollowerState] INFO  impl.RoleInfo (RoleInfo.java:shutdownFollowerState(121)) - 76f4805b-b51d-4900-95ce-acf873710621: shutdown 76f4805b-b51d-4900-95ce-acf873710621@group-D937AE327C73-FollowerState
2025-09-19 20:43:13,674 [76f4805b-b51d-4900-95ce-acf873710621@group-D937AE327C73-FollowerState] INFO  server.RaftServer$Division (RaftServerImpl.java:setRole(392)) - 76f4805b-b51d-4900-95ce-acf873710621@group-D937AE327C73: changes role from  FOLLOWER to CANDIDATE at term 0 for changeToCandidate
2025-09-19 20:43:13,675 [76f4805b-b51d-4900-95ce-acf873710621@group-D937AE327C73-FollowerState] INFO  impl.RoleInfo (RoleInfo.java:updateAndGet(148)) - 76f4805b-b51d-4900-95ce-acf873710621: start 76f4805b-b51d-4900-95ce-acf873710621@group-D937AE327C73-LeaderElection22
2025-09-19 20:43:13,675 [76f4805b-b51d-4900-95ce-acf873710621@group-D937AE327C73-LeaderElection22] INFO  impl.LeaderElection (LeaderElection.java:askForVotes(448)) - 76f4805b-b51d-4900-95ce-acf873710621@group-D937AE327C73-LeaderElection22 PRE_VOTE round 0: submit vote requests at term 0 for conf: {index: -1, cur=peers:[76f4805b-b51d-4900-95ce-acf873710621|127.0.0.1:15071]|listeners:[], old=null}
2025-09-19 20:43:13,675 [76f4805b-b51d-4900-95ce-acf873710621@group-D937AE327C73-LeaderElection22] INFO  impl.LeaderElection (LeaderElection.java:askForVotes(450)) - 76f4805b-b51d-4900-95ce-acf873710621@group-D937AE327C73-LeaderElection22 PRE_VOTE round 0: result PASSED (term=0)
2025-09-19 20:43:13,676 [76f4805b-b51d-4900-95ce-acf873710621@group-D937AE327C73-LeaderElection22] INFO  impl.LeaderElection (LeaderElection.java:askForVotes(448)) - 76f4805b-b51d-4900-95ce-acf873710621@group-D937AE327C73-LeaderElection22 ELECTION round 0: submit vote requests at term 1 for conf: {index: -1, cur=peers:[76f4805b-b51d-4900-95ce-acf873710621|127.0.0.1:15071]|listeners:[], old=null}
2025-09-19 20:43:13,676 [76f4805b-b51d-4900-95ce-acf873710621@group-D937AE327C73-LeaderElection22] INFO  impl.LeaderElection (LeaderElection.java:askForVotes(450)) - 76f4805b-b51d-4900-95ce-acf873710621@group-D937AE327C73-LeaderElection22 ELECTION round 0: result PASSED (term=1)
2025-09-19 20:43:13,676 [76f4805b-b51d-4900-95ce-acf873710621@group-D937AE327C73-LeaderElection22] INFO  impl.RoleInfo (RoleInfo.java:shutdownLeaderElection(141)) - 76f4805b-b51d-4900-95ce-acf873710621: shutdown 76f4805b-b51d-4900-95ce-acf873710621@group-D937AE327C73-LeaderElection22
2025-09-19 20:43:13,676 [76f4805b-b51d-4900-95ce-acf873710621@group-D937AE327C73-LeaderElection22] INFO  server.RaftServer$Division (RaftServerImpl.java:setRole(392)) - 76f4805b-b51d-4900-95ce-acf873710621@group-D937AE327C73: changes role from CANDIDATE to LEADER at term 1 for changeToLeader
2025-09-19 20:43:13,676 [76f4805b-b51d-4900-95ce-acf873710621@group-D937AE327C73-LeaderElection22] INFO  server.RaftServerConfigKeys (ConfUtils.java:logFallback(69)) - raft.server.staging.timeout = 3600ms (fallback to raft.server.rpc.timeout.max)
2025-09-19 20:43:13,677 [76f4805b-b51d-4900-95ce-acf873710621@group-D937AE327C73-LeaderElection22] INFO  server.RaftServerConfigKeys (ConfUtils.java:logGet(62)) - raft.server.write.byte-limit = 1024 M (=1073741824) (custom)
2025-09-19 20:43:13,678 [76f4805b-b51d-4900-95ce-acf873710621@group-D937AE327C73-LeaderElection22] INFO  impl.RoleInfo (RoleInfo.java:updateAndGet(148)) - 76f4805b-b51d-4900-95ce-acf873710621: start 76f4805b-b51d-4900-95ce-acf873710621@group-D937AE327C73-LeaderStateImpl
2025-09-19 20:43:13,678 [76f4805b-b51d-4900-95ce-acf873710621@group-D937AE327C73-LeaderElection22] INFO  server.RaftServer$Division (RaftServerImpl.java:setFirstElection(576)) - 76f4805b-b51d-4900-95ce-acf873710621@group-D937AE327C73: set firstElectionSinceStartup to false for becomeLeader
2025-09-19 20:43:13,678 [76f4805b-b51d-4900-95ce-acf873710621@group-D937AE327C73-LeaderElection22] INFO  ratis.XceiverServerRatis (XceiverServerRatis.java:handleLeaderChangedNotification(942)) - Leader change notification received for group: group-D937AE327C73 with new leaderId: 76f4805b-b51d-4900-95ce-acf873710621
2025-09-19 20:43:13,678 [76f4805b-b51d-4900-95ce-acf873710621@group-D937AE327C73-LeaderElection22] INFO  server.RaftServer$Division (ServerState.java:setLeader(272)) - 76f4805b-b51d-4900-95ce-acf873710621@group-D937AE327C73: change Leader from null to 76f4805b-b51d-4900-95ce-acf873710621 at term 1 for becomeLeader, leader elected after 1157ms
2025-09-19 20:43:13,678 [76f4805b-b51d-4900-95ce-acf873710621@group-D937AE327C73-LeaderElection22] INFO  segmented.SegmentedRaftLogWorker (SegmentedRaftLogWorker.java:startLogSegment(440)) - 76f4805b-b51d-4900-95ce-acf873710621@group-D937AE327C73-SegmentedRaftLogWorker: Starting segment from index:0
2025-09-19 20:43:13,679 [76f4805b-b51d-4900-95ce-acf873710621@group-D937AE327C73-LeaderElection22] INFO  server.RaftServer$Division (ServerState.java:setRaftConf(386)) - 76f4805b-b51d-4900-95ce-acf873710621@group-D937AE327C73: set configuration conf: {index: 0, cur=peers:[76f4805b-b51d-4900-95ce-acf873710621|127.0.0.1:15071]|listeners:[], old=null}
2025-09-19 20:43:13,679 [76f4805b-b51d-4900-95ce-acf873710621@group-D937AE327C73-SegmentedRaftLogWorker] INFO  segmented.BufferedWriteChannel (BufferedWriteChannel.java:open(61)) - open log_inprogress_0 at position 0
2025-09-19 20:43:13,694 [76f4805b-b51d-4900-95ce-acf873710621@group-D937AE327C73-SegmentedRaftLogWorker] INFO  segmented.SegmentedRaftLogWorker (SegmentedRaftLogWorker.java:execute(647)) - 76f4805b-b51d-4900-95ce-acf873710621@group-D937AE327C73-SegmentedRaftLogWorker: created new log segment /home/runner/work/ozone/ozone/hadoop-ozone/integration-test/target/test-dir/MiniOzoneClusterImpl-990002c2-bb69-4aa2-bd68-28a5e13e86ef/ozone-metadata/datanode-8/ratis/9d811586-1446-472b-9c75-d937ae327c73/current/log_inprogress_0
2025-09-19 20:43:13,696 [76f4805b-b51d-4900-95ce-acf873710621@group-D937AE327C73-StateMachineUpdater] INFO  server.RaftServer$Division (LeaderStateImpl.java:checkStartIndex(309)) - Leader 76f4805b-b51d-4900-95ce-acf873710621@group-D937AE327C73-LeaderStateImpl is ready since appliedIndex == startIndex == 0
2025-09-19 20:43:13,718 [b5a25cc1-46d3-4381-a194-bd68f4526f1c-impl-thread3] INFO  segmented.SegmentedRaftLogWorker (SegmentedRaftLogWorker.java:close(254)) - b5a25cc1-46d3-4381-a194-bd68f4526f1c@group-715EBF8096A7-SegmentedRaftLogWorker close()
2025-09-19 20:43:13,718 [b5a25cc1-46d3-4381-a194-bd68f4526f1c-impl-thread3] INFO  ratis.ContainerStateMachine (ContainerStateMachine.java:notifyServerShutdown(1038)) - group-715EBF8096A7 is closed by HddsDatanodeService
2025-09-19 20:43:13,718 [JvmPauseMonitor5] INFO  util.JvmPauseMonitor (JvmPauseMonitor.java:run(152)) - JvmPauseMonitor-b5a25cc1-46d3-4381-a194-bd68f4526f1c: Stopped
2025-09-19 20:43:13,933 [2e0fa00c-f693-49a3-a365-75c51b8c5b45@group-690BCF3999B2-FollowerState] INFO  impl.FollowerState (FollowerState.java:runImpl(161)) - 2e0fa00c-f693-49a3-a365-75c51b8c5b45@group-690BCF3999B2-FollowerState: change to CANDIDATE, lastRpcElapsedTime:1131468448ns, electionTimeout:1131ms
2025-09-19 20:43:13,933 [2e0fa00c-f693-49a3-a365-75c51b8c5b45@group-690BCF3999B2-FollowerState] INFO  impl.RoleInfo (RoleInfo.java:shutdownFollowerState(121)) - 2e0fa00c-f693-49a3-a365-75c51b8c5b45: shutdown 2e0fa00c-f693-49a3-a365-75c51b8c5b45@group-690BCF3999B2-FollowerState
2025-09-19 20:43:13,933 [2e0fa00c-f693-49a3-a365-75c51b8c5b45@group-690BCF3999B2-FollowerState] INFO  server.RaftServer$Division (RaftServerImpl.java:setRole(392)) - 2e0fa00c-f693-49a3-a365-75c51b8c5b45@group-690BCF3999B2: changes role from  FOLLOWER to CANDIDATE at term 0 for changeToCandidate
2025-09-19 20:43:13,933 [2e0fa00c-f693-49a3-a365-75c51b8c5b45@group-690BCF3999B2-FollowerState] INFO  impl.RoleInfo (RoleInfo.java:updateAndGet(148)) - 2e0fa00c-f693-49a3-a365-75c51b8c5b45: start 2e0fa00c-f693-49a3-a365-75c51b8c5b45@group-690BCF3999B2-LeaderElection23
2025-09-19 20:43:13,933 [2e0fa00c-f693-49a3-a365-75c51b8c5b45@group-690BCF3999B2-LeaderElection23] INFO  impl.LeaderElection (LeaderElection.java:askForVotes(448)) - 2e0fa00c-f693-49a3-a365-75c51b8c5b45@group-690BCF3999B2-LeaderElection23 PRE_VOTE round 0: submit vote requests at term 0 for conf: {index: -1, cur=peers:[2e0fa00c-f693-49a3-a365-75c51b8c5b45|127.0.0.1:15079]|listeners:[], old=null}
2025-09-19 20:43:13,933 [2e0fa00c-f693-49a3-a365-75c51b8c5b45@group-690BCF3999B2-LeaderElection23] INFO  impl.LeaderElection (LeaderElection.java:askForVotes(450)) - 2e0fa00c-f693-49a3-a365-75c51b8c5b45@group-690BCF3999B2-LeaderElection23 PRE_VOTE round 0: result PASSED (term=0)
2025-09-19 20:43:13,935 [2e0fa00c-f693-49a3-a365-75c51b8c5b45@group-690BCF3999B2-LeaderElection23] INFO  impl.LeaderElection (LeaderElection.java:askForVotes(448)) - 2e0fa00c-f693-49a3-a365-75c51b8c5b45@group-690BCF3999B2-LeaderElection23 ELECTION round 0: submit vote requests at term 1 for conf: {index: -1, cur=peers:[2e0fa00c-f693-49a3-a365-75c51b8c5b45|127.0.0.1:15079]|listeners:[], old=null}
2025-09-19 20:43:13,935 [2e0fa00c-f693-49a3-a365-75c51b8c5b45@group-690BCF3999B2-LeaderElection23] INFO  impl.LeaderElection (LeaderElection.java:askForVotes(450)) - 2e0fa00c-f693-49a3-a365-75c51b8c5b45@group-690BCF3999B2-LeaderElection23 ELECTION round 0: result PASSED (term=1)
2025-09-19 20:43:13,935 [2e0fa00c-f693-49a3-a365-75c51b8c5b45@group-690BCF3999B2-LeaderElection23] INFO  impl.RoleInfo (RoleInfo.java:shutdownLeaderElection(141)) - 2e0fa00c-f693-49a3-a365-75c51b8c5b45: shutdown 2e0fa00c-f693-49a3-a365-75c51b8c5b45@group-690BCF3999B2-LeaderElection23
2025-09-19 20:43:13,935 [2e0fa00c-f693-49a3-a365-75c51b8c5b45@group-690BCF3999B2-LeaderElection23] INFO  server.RaftServer$Division (RaftServerImpl.java:setRole(392)) - 2e0fa00c-f693-49a3-a365-75c51b8c5b45@group-690BCF3999B2: changes role from CANDIDATE to LEADER at term 1 for changeToLeader
2025-09-19 20:43:13,935 [2e0fa00c-f693-49a3-a365-75c51b8c5b45@group-690BCF3999B2-LeaderElection23] INFO  server.RaftServerConfigKeys (ConfUtils.java:logFallback(69)) - raft.server.staging.timeout = 3600ms (fallback to raft.server.rpc.timeout.max)
2025-09-19 20:43:13,935 [2e0fa00c-f693-49a3-a365-75c51b8c5b45@group-690BCF3999B2-LeaderElection23] INFO  server.RaftServerConfigKeys (ConfUtils.java:logGet(62)) - raft.server.write.byte-limit = 1024 M (=1073741824) (custom)
2025-09-19 20:43:13,936 [2e0fa00c-f693-49a3-a365-75c51b8c5b45@group-690BCF3999B2-LeaderElection23] INFO  impl.RoleInfo (RoleInfo.java:updateAndGet(148)) - 2e0fa00c-f693-49a3-a365-75c51b8c5b45: start 2e0fa00c-f693-49a3-a365-75c51b8c5b45@group-690BCF3999B2-LeaderStateImpl
2025-09-19 20:43:13,936 [2e0fa00c-f693-49a3-a365-75c51b8c5b45@group-690BCF3999B2-LeaderElection23] INFO  server.RaftServer$Division (RaftServerImpl.java:setFirstElection(576)) - 2e0fa00c-f693-49a3-a365-75c51b8c5b45@group-690BCF3999B2: set firstElectionSinceStartup to false for becomeLeader
2025-09-19 20:43:13,936 [2e0fa00c-f693-49a3-a365-75c51b8c5b45@group-690BCF3999B2-LeaderElection23] INFO  ratis.XceiverServerRatis (XceiverServerRatis.java:handleLeaderChangedNotification(942)) - Leader change notification received for group: group-690BCF3999B2 with new leaderId: 2e0fa00c-f693-49a3-a365-75c51b8c5b45
2025-09-19 20:43:13,936 [2e0fa00c-f693-49a3-a365-75c51b8c5b45@group-690BCF3999B2-LeaderElection23] INFO  server.RaftServer$Division (ServerState.java:setLeader(272)) - 2e0fa00c-f693-49a3-a365-75c51b8c5b45@group-690BCF3999B2: change Leader from null to 2e0fa00c-f693-49a3-a365-75c51b8c5b45 at term 1 for becomeLeader, leader elected after 1168ms
2025-09-19 20:43:13,936 [2e0fa00c-f693-49a3-a365-75c51b8c5b45@group-690BCF3999B2-LeaderElection23] INFO  segmented.SegmentedRaftLogWorker (SegmentedRaftLogWorker.java:startLogSegment(440)) - 2e0fa00c-f693-49a3-a365-75c51b8c5b45@group-690BCF3999B2-SegmentedRaftLogWorker: Starting segment from index:0
2025-09-19 20:43:13,937 [2e0fa00c-f693-49a3-a365-75c51b8c5b45@group-690BCF3999B2-LeaderElection23] INFO  server.RaftServer$Division (ServerState.java:setRaftConf(386)) - 2e0fa00c-f693-49a3-a365-75c51b8c5b45@group-690BCF3999B2: set configuration conf: {index: 0, cur=peers:[2e0fa00c-f693-49a3-a365-75c51b8c5b45|127.0.0.1:15079]|listeners:[], old=null}
2025-09-19 20:43:13,937 [2e0fa00c-f693-49a3-a365-75c51b8c5b45@group-690BCF3999B2-SegmentedRaftLogWorker] INFO  segmented.BufferedWriteChannel (BufferedWriteChannel.java:open(61)) - open log_inprogress_0 at position 0
2025-09-19 20:43:13,941 [0df1231c-9f8a-4757-a7d0-f6d7f53bc482@group-715EBF8096A7-FollowerState] INFO  impl.FollowerState (FollowerState.java:runImpl(161)) - 0df1231c-9f8a-4757-a7d0-f6d7f53bc482@group-715EBF8096A7-FollowerState: change to CANDIDATE, lastRpcElapsedTime:1221373536ns, electionTimeout:1196ms
2025-09-19 20:43:13,941 [0df1231c-9f8a-4757-a7d0-f6d7f53bc482@group-715EBF8096A7-FollowerState] INFO  impl.RoleInfo (RoleInfo.java:shutdownFollowerState(121)) - 0df1231c-9f8a-4757-a7d0-f6d7f53bc482: shutdown 0df1231c-9f8a-4757-a7d0-f6d7f53bc482@group-715EBF8096A7-FollowerState
2025-09-19 20:43:13,941 [0df1231c-9f8a-4757-a7d0-f6d7f53bc482@group-715EBF8096A7-FollowerState] INFO  server.RaftServer$Division (RaftServerImpl.java:setRole(392)) - 0df1231c-9f8a-4757-a7d0-f6d7f53bc482@group-715EBF8096A7: changes role from  FOLLOWER to CANDIDATE at term 1 for changeToCandidate
2025-09-19 20:43:13,941 [0df1231c-9f8a-4757-a7d0-f6d7f53bc482@group-715EBF8096A7-FollowerState] INFO  impl.RoleInfo (RoleInfo.java:updateAndGet(148)) - 0df1231c-9f8a-4757-a7d0-f6d7f53bc482: start 0df1231c-9f8a-4757-a7d0-f6d7f53bc482@group-715EBF8096A7-LeaderElection24
2025-09-19 20:43:13,941 [0df1231c-9f8a-4757-a7d0-f6d7f53bc482@group-715EBF8096A7-LeaderElection24] INFO  server.RaftServer$Division (ServerState.java:setLeader(272)) - 0df1231c-9f8a-4757-a7d0-f6d7f53bc482@group-715EBF8096A7: change Leader from b5a25cc1-46d3-4381-a194-bd68f4526f1c to null at term 1 for PRE_VOTE
2025-09-19 20:43:13,942 [0df1231c-9f8a-4757-a7d0-f6d7f53bc482@group-715EBF8096A7-LeaderElection24] INFO  impl.LeaderElection (LeaderElection.java:askForVotes(448)) - 0df1231c-9f8a-4757-a7d0-f6d7f53bc482@group-715EBF8096A7-LeaderElection24 PRE_VOTE round 0: submit vote requests at term 1 for conf: {index: 0, cur=peers:[b5a25cc1-46d3-4381-a194-bd68f4526f1c|127.0.0.1:15031, 0df1231c-9f8a-4757-a7d0-f6d7f53bc482|127.0.0.1:15023, 8eb9963e-bce0-4155-aea2-e442cadff8bd|127.0.0.1:15015]|listeners:[], old=null}
2025-09-19 20:43:13,943 [2e0fa00c-f693-49a3-a365-75c51b8c5b45@group-690BCF3999B2-SegmentedRaftLogWorker] INFO  segmented.SegmentedRaftLogWorker (SegmentedRaftLogWorker.java:execute(647)) - 2e0fa00c-f693-49a3-a365-75c51b8c5b45@group-690BCF3999B2-SegmentedRaftLogWorker: created new log segment /home/runner/work/ozone/ozone/hadoop-ozone/integration-test/target/test-dir/MiniOzoneClusterImpl-990002c2-bb69-4aa2-bd68-28a5e13e86ef/ozone-metadata/datanode-9/ratis/a3246346-9092-4970-a9c6-690bcf3999b2/current/log_inprogress_0
2025-09-19 20:43:13,944 [0df1231c-9f8a-4757-a7d0-f6d7f53bc482@group-715EBF8096A7-LeaderElection24] INFO  impl.LeaderElection (LogUtils.java:infoOrTrace(142)) - 0df1231c-9f8a-4757-a7d0-f6d7f53bc482@group-715EBF8096A7-LeaderElection24 got exception when requesting votes: java.util.concurrent.ExecutionException: org.apache.ratis.thirdparty.io.grpc.StatusRuntimeException: UNAVAILABLE: io exception
2025-09-19 20:43:13,944 [grpc-default-executor-3] INFO  server.RaftServer$Division (RaftServerImpl.java:requestVote(1421)) - 8eb9963e-bce0-4155-aea2-e442cadff8bd@group-715EBF8096A7: receive requestVote(PRE_VOTE, 0df1231c-9f8a-4757-a7d0-f6d7f53bc482, group-715EBF8096A7, 1, (t:1, i:4))
2025-09-19 20:43:13,944 [grpc-default-executor-3] INFO  impl.VoteContext (VoteContext.java:log(49)) - 8eb9963e-bce0-4155-aea2-e442cadff8bd@group-715EBF8096A7-FOLLOWER: accept PRE_VOTE from 0df1231c-9f8a-4757-a7d0-f6d7f53bc482: our priority 0 <= candidate's priority 0
2025-09-19 20:43:13,944 [grpc-default-executor-3] INFO  server.RaftServer$Division (RaftServerImpl.java:requestVote(1455)) - 8eb9963e-bce0-4155-aea2-e442cadff8bd@group-715EBF8096A7 replies to PRE_VOTE vote request: 0df1231c-9f8a-4757-a7d0-f6d7f53bc482<-8eb9963e-bce0-4155-aea2-e442cadff8bd#0:OK-t1-last:(t:1, i:4). Peer's state: 8eb9963e-bce0-4155-aea2-e442cadff8bd@group-715EBF8096A7:t1, leader=b5a25cc1-46d3-4381-a194-bd68f4526f1c, voted=b5a25cc1-46d3-4381-a194-bd68f4526f1c, raftlog=Memoized:8eb9963e-bce0-4155-aea2-e442cadff8bd@group-715EBF8096A7-SegmentedRaftLog:OPENED:c2:last(t:1, i:4), conf=conf: {index: 0, cur=peers:[b5a25cc1-46d3-4381-a194-bd68f4526f1c|127.0.0.1:15031, 0df1231c-9f8a-4757-a7d0-f6d7f53bc482|127.0.0.1:15023, 8eb9963e-bce0-4155-aea2-e442cadff8bd|127.0.0.1:15015]|listeners:[], old=null}
2025-09-19 20:43:13,945 [0df1231c-9f8a-4757-a7d0-f6d7f53bc482@group-715EBF8096A7-LeaderElection24] INFO  impl.LeaderElection (LeaderElection.java:logAndReturn(206)) - 0df1231c-9f8a-4757-a7d0-f6d7f53bc482@group-715EBF8096A7-LeaderElection24: PRE_VOTE PASSED received 1 response(s) and 1 exception(s):
2025-09-19 20:43:13,946 [0df1231c-9f8a-4757-a7d0-f6d7f53bc482@group-715EBF8096A7-LeaderElection24] INFO  impl.LeaderElection (LeaderElection.java:logAndReturn(210)) -   Response 0: 0df1231c-9f8a-4757-a7d0-f6d7f53bc482<-8eb9963e-bce0-4155-aea2-e442cadff8bd#0:OK-t1-last:(t:1, i:4)
2025-09-19 20:43:13,946 [0df1231c-9f8a-4757-a7d0-f6d7f53bc482@group-715EBF8096A7-LeaderElection24] INFO  impl.LeaderElection (LogUtils.java:infoOrTrace(142)) -   Exception 1: java.util.concurrent.ExecutionException: org.apache.ratis.thirdparty.io.grpc.StatusRuntimeException: UNAVAILABLE: io exception
2025-09-19 20:43:13,946 [0df1231c-9f8a-4757-a7d0-f6d7f53bc482@group-715EBF8096A7-LeaderElection24] INFO  impl.LeaderElection (LeaderElection.java:askForVotes(450)) - 0df1231c-9f8a-4757-a7d0-f6d7f53bc482@group-715EBF8096A7-LeaderElection24 PRE_VOTE round 0: result PASSED
2025-09-19 20:43:13,946 [2e0fa00c-f693-49a3-a365-75c51b8c5b45@group-690BCF3999B2-StateMachineUpdater] INFO  server.RaftServer$Division (LeaderStateImpl.java:checkStartIndex(309)) - Leader 2e0fa00c-f693-49a3-a365-75c51b8c5b45@group-690BCF3999B2-LeaderStateImpl is ready since appliedIndex == startIndex == 0
2025-09-19 20:43:13,947 [0df1231c-9f8a-4757-a7d0-f6d7f53bc482@group-715EBF8096A7-LeaderElection24] INFO  impl.LeaderElection (LeaderElection.java:askForVotes(448)) - 0df1231c-9f8a-4757-a7d0-f6d7f53bc482@group-715EBF8096A7-LeaderElection24 ELECTION round 0: submit vote requests at term 2 for conf: {index: 0, cur=peers:[b5a25cc1-46d3-4381-a194-bd68f4526f1c|127.0.0.1:15031, 0df1231c-9f8a-4757-a7d0-f6d7f53bc482|127.0.0.1:15023, 8eb9963e-bce0-4155-aea2-e442cadff8bd|127.0.0.1:15015]|listeners:[], old=null}
2025-09-19 20:43:13,948 [0df1231c-9f8a-4757-a7d0-f6d7f53bc482@group-715EBF8096A7-LeaderElection24] INFO  impl.LeaderElection (LogUtils.java:infoOrTrace(142)) - 0df1231c-9f8a-4757-a7d0-f6d7f53bc482@group-715EBF8096A7-LeaderElection24 got exception when requesting votes: java.util.concurrent.ExecutionException: org.apache.ratis.thirdparty.io.grpc.StatusRuntimeException: UNAVAILABLE: io exception
2025-09-19 20:43:13,949 [grpc-default-executor-3] INFO  server.RaftServer$Division (RaftServerImpl.java:requestVote(1421)) - 8eb9963e-bce0-4155-aea2-e442cadff8bd@group-715EBF8096A7: receive requestVote(ELECTION, 0df1231c-9f8a-4757-a7d0-f6d7f53bc482, group-715EBF8096A7, 2, (t:1, i:4))
2025-09-19 20:43:13,949 [grpc-default-executor-3] INFO  impl.VoteContext (VoteContext.java:log(49)) - 8eb9963e-bce0-4155-aea2-e442cadff8bd@group-715EBF8096A7-FOLLOWER: accept ELECTION from 0df1231c-9f8a-4757-a7d0-f6d7f53bc482: our priority 0 <= candidate's priority 0
2025-09-19 20:43:13,949 [grpc-default-executor-3] INFO  server.RaftServer$Division (RaftServerImpl.java:setRole(392)) - 8eb9963e-bce0-4155-aea2-e442cadff8bd@group-715EBF8096A7: changes role from  FOLLOWER to FOLLOWER at term 1 for candidate:0df1231c-9f8a-4757-a7d0-f6d7f53bc482
2025-09-19 20:43:13,949 [grpc-default-executor-3] INFO  impl.RoleInfo (RoleInfo.java:shutdownFollowerState(121)) - 8eb9963e-bce0-4155-aea2-e442cadff8bd: shutdown 8eb9963e-bce0-4155-aea2-e442cadff8bd@group-715EBF8096A7-FollowerState
2025-09-19 20:43:13,949 [grpc-default-executor-3] INFO  server.RaftServer$Division (ServerState.java:setLeader(272)) - 8eb9963e-bce0-4155-aea2-e442cadff8bd@group-715EBF8096A7: change Leader from b5a25cc1-46d3-4381-a194-bd68f4526f1c to null at term 2 for updateCurrentTerm
2025-09-19 20:43:13,949 [grpc-default-executor-3] INFO  impl.RoleInfo (RoleInfo.java:updateAndGet(148)) - 8eb9963e-bce0-4155-aea2-e442cadff8bd: start 8eb9963e-bce0-4155-aea2-e442cadff8bd@group-715EBF8096A7-FollowerState
2025-09-19 20:43:13,949 [8eb9963e-bce0-4155-aea2-e442cadff8bd@group-715EBF8096A7-FollowerState] INFO  impl.FollowerState (FollowerState.java:runImpl(170)) - 8eb9963e-bce0-4155-aea2-e442cadff8bd@group-715EBF8096A7-FollowerState was interrupted
2025-09-19 20:43:13,950 [grpc-default-executor-3] INFO  server.RaftServer$Division (RaftServerImpl.java:requestVote(1455)) - 8eb9963e-bce0-4155-aea2-e442cadff8bd@group-715EBF8096A7 replies to ELECTION vote request: 0df1231c-9f8a-4757-a7d0-f6d7f53bc482<-8eb9963e-bce0-4155-aea2-e442cadff8bd#0:OK-t2-last:(t:1, i:4). Peer's state: 8eb9963e-bce0-4155-aea2-e442cadff8bd@group-715EBF8096A7:t2, leader=null, voted=0df1231c-9f8a-4757-a7d0-f6d7f53bc482, raftlog=Memoized:8eb9963e-bce0-4155-aea2-e442cadff8bd@group-715EBF8096A7-SegmentedRaftLog:OPENED:c2:last(t:1, i:4), conf=conf: {index: 0, cur=peers:[b5a25cc1-46d3-4381-a194-bd68f4526f1c|127.0.0.1:15031, 0df1231c-9f8a-4757-a7d0-f6d7f53bc482|127.0.0.1:15023, 8eb9963e-bce0-4155-aea2-e442cadff8bd|127.0.0.1:15015]|listeners:[], old=null}
2025-09-19 20:43:13,951 [0df1231c-9f8a-4757-a7d0-f6d7f53bc482@group-715EBF8096A7-LeaderElection24] INFO  impl.LeaderElection (LeaderElection.java:logAndReturn(206)) - 0df1231c-9f8a-4757-a7d0-f6d7f53bc482@group-715EBF8096A7-LeaderElection24: ELECTION PASSED received 1 response(s) and 1 exception(s):
2025-09-19 20:43:13,951 [0df1231c-9f8a-4757-a7d0-f6d7f53bc482@group-715EBF8096A7-LeaderElection24] INFO  impl.LeaderElection (LeaderElection.java:logAndReturn(210)) -   Response 0: 0df1231c-9f8a-4757-a7d0-f6d7f53bc482<-8eb9963e-bce0-4155-aea2-e442cadff8bd#0:OK-t2-last:(t:1, i:4)
2025-09-19 20:43:13,951 [0df1231c-9f8a-4757-a7d0-f6d7f53bc482@group-715EBF8096A7-LeaderElection24] INFO  impl.LeaderElection (LogUtils.java:infoOrTrace(142)) -   Exception 1: java.util.concurrent.ExecutionException: org.apache.ratis.thirdparty.io.grpc.StatusRuntimeException: UNAVAILABLE: io exception
2025-09-19 20:43:13,951 [0df1231c-9f8a-4757-a7d0-f6d7f53bc482@group-715EBF8096A7-LeaderElection24] INFO  impl.LeaderElection (LeaderElection.java:askForVotes(450)) - 0df1231c-9f8a-4757-a7d0-f6d7f53bc482@group-715EBF8096A7-LeaderElection24 ELECTION round 0: result PASSED
2025-09-19 20:43:13,951 [0df1231c-9f8a-4757-a7d0-f6d7f53bc482@group-715EBF8096A7-LeaderElection24] INFO  impl.RoleInfo (RoleInfo.java:shutdownLeaderElection(141)) - 0df1231c-9f8a-4757-a7d0-f6d7f53bc482: shutdown 0df1231c-9f8a-4757-a7d0-f6d7f53bc482@group-715EBF8096A7-LeaderElection24
2025-09-19 20:43:13,951 [0df1231c-9f8a-4757-a7d0-f6d7f53bc482@group-715EBF8096A7-LeaderElection24] INFO  server.RaftServer$Division (RaftServerImpl.java:setRole(392)) - 0df1231c-9f8a-4757-a7d0-f6d7f53bc482@group-715EBF8096A7: changes role from CANDIDATE to LEADER at term 2 for changeToLeader
2025-09-19 20:43:13,951 [0df1231c-9f8a-4757-a7d0-f6d7f53bc482@group-715EBF8096A7-LeaderElection24] INFO  server.RaftServerConfigKeys (ConfUtils.java:logFallback(69)) - raft.server.staging.timeout = 3600ms (fallback to raft.server.rpc.timeout.max)
2025-09-19 20:43:13,951 [0df1231c-9f8a-4757-a7d0-f6d7f53bc482@group-715EBF8096A7-LeaderElection24] INFO  server.RaftServerConfigKeys (ConfUtils.java:logGet(62)) - raft.server.write.byte-limit = 1024 M (=1073741824) (custom)
2025-09-19 20:43:13,953 [0df1231c-9f8a-4757-a7d0-f6d7f53bc482@group-715EBF8096A7-LeaderElection24] INFO  server.RaftServerConfigKeys (ConfUtils.java:logGet(62)) - raft.server.log.appender.buffer.byte-limit = 33554432 (custom)
2025-09-19 20:43:13,954 [0df1231c-9f8a-4757-a7d0-f6d7f53bc482@group-715EBF8096A7-LeaderElection24] INFO  server.RaftServerConfigKeys (ConfUtils.java:logGet(62)) - raft.server.log.appender.buffer.byte-limit = 33554432 (custom)
2025-09-19 20:43:13,954 [0df1231c-9f8a-4757-a7d0-f6d7f53bc482@group-715EBF8096A7-LeaderElection24] INFO  impl.RoleInfo (RoleInfo.java:updateAndGet(148)) - 0df1231c-9f8a-4757-a7d0-f6d7f53bc482: start 0df1231c-9f8a-4757-a7d0-f6d7f53bc482@group-715EBF8096A7-LeaderStateImpl
2025-09-19 20:43:13,954 [0df1231c-9f8a-4757-a7d0-f6d7f53bc482@group-715EBF8096A7-LeaderElection24] INFO  ratis.XceiverServerRatis (XceiverServerRatis.java:handleLeaderChangedNotification(942)) - Leader change notification received for group: group-715EBF8096A7 with new leaderId: 0df1231c-9f8a-4757-a7d0-f6d7f53bc482
2025-09-19 20:43:13,954 [0df1231c-9f8a-4757-a7d0-f6d7f53bc482@group-715EBF8096A7-LeaderElection24] INFO  server.RaftServer$Division (ServerState.java:setLeader(272)) - 0df1231c-9f8a-4757-a7d0-f6d7f53bc482@group-715EBF8096A7: change Leader from null to 0df1231c-9f8a-4757-a7d0-f6d7f53bc482 at term 2 for becomeLeader, leader elected after 12ms
2025-09-19 20:43:13,954 [0df1231c-9f8a-4757-a7d0-f6d7f53bc482@group-715EBF8096A7-LeaderElection24] INFO  segmented.SegmentedRaftLogWorker (SegmentedRaftLogWorker.java:rollLogSegment(445)) - 0df1231c-9f8a-4757-a7d0-f6d7f53bc482@group-715EBF8096A7-SegmentedRaftLogWorker: Rolling segment log-0_4 to index:4
2025-09-19 20:43:13,955 [0df1231c-9f8a-4757-a7d0-f6d7f53bc482@group-715EBF8096A7-LeaderElection24] INFO  server.RaftServer$Division (ServerState.java:setRaftConf(386)) - 0df1231c-9f8a-4757-a7d0-f6d7f53bc482@group-715EBF8096A7: set configuration conf: {index: 5, cur=peers:[b5a25cc1-46d3-4381-a194-bd68f4526f1c|127.0.0.1:15031, 0df1231c-9f8a-4757-a7d0-f6d7f53bc482|127.0.0.1:15023, 8eb9963e-bce0-4155-aea2-e442cadff8bd|127.0.0.1:15015]|listeners:[], old=null}
2025-09-19 20:43:13,956 [grpc-default-executor-3] WARN  server.GrpcLogAppender (LogUtils.java:warn(127)) - 0df1231c-9f8a-4757-a7d0-f6d7f53bc482@group-715EBF8096A7->b5a25cc1-46d3-4381-a194-bd68f4526f1c-AppendLogResponseHandler: Failed appendEntries: org.apache.ratis.thirdparty.io.grpc.StatusRuntimeException: UNAVAILABLE: io exception
  Caused by: org.apache.ratis.thirdparty.io.netty.channel.AbstractChannel$AnnotatedConnectException: finishConnect(..) failed: Connection refused: /127.0.0.1:15031
  Caused by: java.net.ConnectException: finishConnect(..) failed: Connection refused
2025-09-19 20:43:13,956 [grpc-default-executor-3] WARN  server.GrpcLogAppender (GrpcLogAppender.java:lambda$resetClient$1(228)) - 0df1231c-9f8a-4757-a7d0-f6d7f53bc482@group-715EBF8096A7->b5a25cc1-46d3-4381-a194-bd68f4526f1c-GrpcLogAppender: Follower failed (request=null, errorCount=1); keep nextIndex (5) unchanged and retry.
2025-09-19 20:43:13,956 [0df1231c-9f8a-4757-a7d0-f6d7f53bc482@group-715EBF8096A7-SegmentedRaftLogWorker] INFO  segmented.SegmentedRaftLogWorker (SegmentedRaftLogWorker.java:execute(604)) - 0df1231c-9f8a-4757-a7d0-f6d7f53bc482@group-715EBF8096A7-SegmentedRaftLogWorker: Rolled log segment from /home/runner/work/ozone/ozone/hadoop-ozone/integration-test/target/test-dir/MiniOzoneClusterImpl-990002c2-bb69-4aa2-bd68-28a5e13e86ef/ozone-metadata/datanode-2/ratis/958000d3-2396-49be-82e9-715ebf8096a7/current/log_inprogress_0 to /home/runner/work/ozone/ozone/hadoop-ozone/integration-test/target/test-dir/MiniOzoneClusterImpl-990002c2-bb69-4aa2-bd68-28a5e13e86ef/ozone-metadata/datanode-2/ratis/958000d3-2396-49be-82e9-715ebf8096a7/current/log_0-4
2025-09-19 20:43:13,958 [0df1231c-9f8a-4757-a7d0-f6d7f53bc482@group-715EBF8096A7-SegmentedRaftLogWorker] INFO  segmented.BufferedWriteChannel (BufferedWriteChannel.java:open(61)) - open log_inprogress_5 at position 0
2025-09-19 20:43:13,958 [grpc-default-executor-3] WARN  server.GrpcLogAppender (GrpcLogAppender.java:lambda$resetClient$1(228)) - 0df1231c-9f8a-4757-a7d0-f6d7f53bc482@group-715EBF8096A7->b5a25cc1-46d3-4381-a194-bd68f4526f1c-GrpcLogAppender: Follower failed (request=null, errorCount=2); keep nextIndex (6) unchanged and retry.
2025-09-19 20:43:13,962 [grpc-default-executor-5] INFO  ratis.XceiverServerRatis (XceiverServerRatis.java:handleLeaderChangedNotification(942)) - Leader change notification received for group: group-715EBF8096A7 with new leaderId: 0df1231c-9f8a-4757-a7d0-f6d7f53bc482
2025-09-19 20:43:13,963 [grpc-default-executor-5] INFO  server.RaftServer$Division (ServerState.java:setLeader(272)) - 8eb9963e-bce0-4155-aea2-e442cadff8bd@group-715EBF8096A7: change Leader from null to 0df1231c-9f8a-4757-a7d0-f6d7f53bc482 at term 2 for appendEntries, leader elected after 13ms
2025-09-19 20:43:13,963 [grpc-default-executor-1] INFO  server.RaftServer$Division (ServerState.java:setRaftConf(386)) - 8eb9963e-bce0-4155-aea2-e442cadff8bd@group-715EBF8096A7: set configuration conf: {index: 5, cur=peers:[b5a25cc1-46d3-4381-a194-bd68f4526f1c|127.0.0.1:15031, 0df1231c-9f8a-4757-a7d0-f6d7f53bc482|127.0.0.1:15023, 8eb9963e-bce0-4155-aea2-e442cadff8bd|127.0.0.1:15015]|listeners:[], old=null}
2025-09-19 20:43:13,964 [grpc-default-executor-1] INFO  segmented.SegmentedRaftLogWorker (SegmentedRaftLogWorker.java:rollLogSegment(445)) - 8eb9963e-bce0-4155-aea2-e442cadff8bd@group-715EBF8096A7-SegmentedRaftLogWorker: Rolling segment log-0_4 to index:4
2025-09-19 20:43:13,965 [0df1231c-9f8a-4757-a7d0-f6d7f53bc482@group-715EBF8096A7-SegmentedRaftLogWorker] INFO  segmented.SegmentedRaftLogWorker (SegmentedRaftLogWorker.java:execute(647)) - 0df1231c-9f8a-4757-a7d0-f6d7f53bc482@group-715EBF8096A7-SegmentedRaftLogWorker: created new log segment /home/runner/work/ozone/ozone/hadoop-ozone/integration-test/target/test-dir/MiniOzoneClusterImpl-990002c2-bb69-4aa2-bd68-28a5e13e86ef/ozone-metadata/datanode-2/ratis/958000d3-2396-49be-82e9-715ebf8096a7/current/log_inprogress_5
2025-09-19 20:43:13,967 [8eb9963e-bce0-4155-aea2-e442cadff8bd@group-715EBF8096A7-SegmentedRaftLogWorker] INFO  segmented.SegmentedRaftLogWorker (SegmentedRaftLogWorker.java:execute(604)) - 8eb9963e-bce0-4155-aea2-e442cadff8bd@group-715EBF8096A7-SegmentedRaftLogWorker: Rolled log segment from /home/runner/work/ozone/ozone/hadoop-ozone/integration-test/target/test-dir/MiniOzoneClusterImpl-990002c2-bb69-4aa2-bd68-28a5e13e86ef/ozone-metadata/datanode-1/ratis/958000d3-2396-49be-82e9-715ebf8096a7/current/log_inprogress_0 to /home/runner/work/ozone/ozone/hadoop-ozone/integration-test/target/test-dir/MiniOzoneClusterImpl-990002c2-bb69-4aa2-bd68-28a5e13e86ef/ozone-metadata/datanode-1/ratis/958000d3-2396-49be-82e9-715ebf8096a7/current/log_0-4
2025-09-19 20:43:13,967 [8eb9963e-bce0-4155-aea2-e442cadff8bd@group-715EBF8096A7-SegmentedRaftLogWorker] INFO  segmented.BufferedWriteChannel (BufferedWriteChannel.java:open(61)) - open log_inprogress_5 at position 0
2025-09-19 20:43:13,974 [8eb9963e-bce0-4155-aea2-e442cadff8bd@group-715EBF8096A7-SegmentedRaftLogWorker] INFO  segmented.SegmentedRaftLogWorker (SegmentedRaftLogWorker.java:execute(647)) - 8eb9963e-bce0-4155-aea2-e442cadff8bd@group-715EBF8096A7-SegmentedRaftLogWorker: created new log segment /home/runner/work/ozone/ozone/hadoop-ozone/integration-test/target/test-dir/MiniOzoneClusterImpl-990002c2-bb69-4aa2-bd68-28a5e13e86ef/ozone-metadata/datanode-1/ratis/958000d3-2396-49be-82e9-715ebf8096a7/current/log_inprogress_5
2025-09-19 20:43:13,977 [grpc-default-executor-5] WARN  server.GrpcLogAppender (GrpcLogAppender.java:lambda$resetClient$1(228)) - 0df1231c-9f8a-4757-a7d0-f6d7f53bc482@group-715EBF8096A7->b5a25cc1-46d3-4381-a194-bd68f4526f1c-GrpcLogAppender: Follower failed (request=null, errorCount=5); keep nextIndex (7) unchanged and retry.
2025-09-19 20:43:13,978 [0df1231c-9f8a-4757-a7d0-f6d7f53bc482@group-715EBF8096A7-StateMachineUpdater] INFO  server.RaftServer$Division (LeaderStateImpl.java:checkStartIndex(309)) - Leader 0df1231c-9f8a-4757-a7d0-f6d7f53bc482@group-715EBF8096A7-LeaderStateImpl is ready since appliedIndex == startIndex == 5
2025-09-19 20:43:15,728 [ForkJoinPool-1-worker-1] INFO  utils.DatanodeStoreCache (DatanodeStoreCache.java:shutdownCache(110)) - Skip clearing cache in mini cluster mode. Entries left: [/home/runner/work/ozone/ozone/hadoop-ozone/integration-test/target/test-dir/MiniOzoneClusterImpl-990002c2-bb69-4aa2-bd68-28a5e13e86ef/ozone-metadata/datanode-1/data-0/hdds/990002c2-bb69-4aa2-bd68-28a5e13e86ef/DS-3d966188-6e8b-4280-af48-36487f3106d4/container.db, /home/runner/work/ozone/ozone/hadoop-ozone/integration-test/target/test-dir/MiniOzoneClusterImpl-990002c2-bb69-4aa2-bd68-28a5e13e86ef/ozone-metadata/datanode-10/data-0/hdds/990002c2-bb69-4aa2-bd68-28a5e13e86ef/DS-d4d59647-a844-454f-9bbf-1ae447f964d1/container.db, /home/runner/work/ozone/ozone/hadoop-ozone/integration-test/target/test-dir/MiniOzoneClusterImpl-990002c2-bb69-4aa2-bd68-28a5e13e86ef/ozone-metadata/datanode-2/data-0/hdds/990002c2-bb69-4aa2-bd68-28a5e13e86ef/DS-69ac7518-6ece-4e77-96c1-96814a10e0cf/container.db, /home/runner/work/ozone/ozone/hadoop-ozone/integration-test/target/test-dir/MiniOzoneClusterImpl-990002c2-bb69-4aa2-bd68-28a5e13e86ef/ozone-metadata/datanode-3/data-0/hdds/990002c2-bb69-4aa2-bd68-28a5e13e86ef/DS-00f21907-a1b3-4a4a-aa5e-0adcb3313994/container.db, /home/runner/work/ozone/ozone/hadoop-ozone/integration-test/target/test-dir/MiniOzoneClusterImpl-990002c2-bb69-4aa2-bd68-28a5e13e86ef/ozone-metadata/datanode-4/data-0/hdds/990002c2-bb69-4aa2-bd68-28a5e13e86ef/DS-4e6824a3-16c7-4668-a829-65a4da2b6cb0/container.db, /home/runner/work/ozone/ozone/hadoop-ozone/integration-test/target/test-dir/MiniOzoneClusterImpl-990002c2-bb69-4aa2-bd68-28a5e13e86ef/ozone-metadata/datanode-5/data-0/hdds/990002c2-bb69-4aa2-bd68-28a5e13e86ef/DS-d330c7e4-7b2b-43d4-9af2-9f8fb582114f/container.db, /home/runner/work/ozone/ozone/hadoop-ozone/integration-test/target/test-dir/MiniOzoneClusterImpl-990002c2-bb69-4aa2-bd68-28a5e13e86ef/ozone-metadata/datanode-6/data-0/hdds/990002c2-bb69-4aa2-bd68-28a5e13e86ef/DS-fe8e0949-2f72-432b-82c6-cef628e0820f/container.db, /home/runner/work/ozone/ozone/hadoop-ozone/integration-test/target/test-dir/MiniOzoneClusterImpl-990002c2-bb69-4aa2-bd68-28a5e13e86ef/ozone-metadata/datanode-7/data-0/hdds/990002c2-bb69-4aa2-bd68-28a5e13e86ef/DS-7ca139a3-566d-4995-b9a1-d589e874febb/container.db, /home/runner/work/ozone/ozone/hadoop-ozone/integration-test/target/test-dir/MiniOzoneClusterImpl-990002c2-bb69-4aa2-bd68-28a5e13e86ef/ozone-metadata/datanode-8/data-0/hdds/990002c2-bb69-4aa2-bd68-28a5e13e86ef/DS-84e4acea-b2ce-4814-9959-95aa0a15992b/container.db, /home/runner/work/ozone/ozone/hadoop-ozone/integration-test/target/test-dir/MiniOzoneClusterImpl-990002c2-bb69-4aa2-bd68-28a5e13e86ef/ozone-metadata/datanode-9/data-0/hdds/990002c2-bb69-4aa2-bd68-28a5e13e86ef/DS-36ad5d1b-b97e-4995-8da6-aae7ff692fd5/container.db]
2025-09-19 20:43:15,731 [ForkJoinPool-1-worker-1] INFO  utils.DatanodeStoreCache (DatanodeStoreCache.java:removeDB(104)) - Removed db /home/runner/work/ozone/ozone/hadoop-ozone/integration-test/target/test-dir/MiniOzoneClusterImpl-990002c2-bb69-4aa2-bd68-28a5e13e86ef/ozone-metadata/datanode-3/data-0/hdds/990002c2-bb69-4aa2-bd68-28a5e13e86ef/DS-00f21907-a1b3-4a4a-aa5e-0adcb3313994/container.db from cache
2025-09-19 20:43:15,732 [ForkJoinPool-1-worker-1] INFO  volume.HddsVolume (HddsVolume.java:closeDbStore(609)) - SchemaV3 db is stopped at /home/runner/work/ozone/ozone/hadoop-ozone/integration-test/target/test-dir/MiniOzoneClusterImpl-990002c2-bb69-4aa2-bd68-28a5e13e86ef/ozone-metadata/datanode-3/data-0/hdds/990002c2-bb69-4aa2-bd68-28a5e13e86ef/DS-00f21907-a1b3-4a4a-aa5e-0adcb3313994/container.db for volume DS-00f21907-a1b3-4a4a-aa5e-0adcb3313994
2025-09-19 20:43:15,732 [ForkJoinPool-1-worker-1] INFO  utils.BackgroundService (BackgroundService.java:shutdown(195)) - Shutting down service BlockDeletingService
2025-09-19 20:43:15,733 [ForkJoinPool-1-worker-1] INFO  utils.BackgroundService (BackgroundService.java:shutdown(195)) - Shutting down service StaleRecoveringContainerScrubbingService
2025-09-19 20:43:15,734 [ForkJoinPool-1-worker-1] INFO  statemachine.DatanodeStateMachine (DatanodeStateMachine.java:stopDaemon(654)) - Ozone container server stopped.
2025-09-19 20:43:15,748 [ForkJoinPool-1-worker-1] INFO  handler.ContextHandler (ContextHandler.java:doStop(1159)) - Stopped o.e.j.w.WebAppContext@551e0e55{hddsDatanode,/,null,STOPPED}{jar:file:/home/runner/work/ozone/ozone/hadoop-hdds/container-service/target/hdds-container-service-2.1.0-SNAPSHOT.jar!/webapps/hddsDatanode}
2025-09-19 20:43:15,749 [ForkJoinPool-1-worker-1] INFO  server.AbstractConnector (AbstractConnector.java:doStop(383)) - Stopped ServerConnector@24d5d7c6{HTTP/1.1, (http/1.1)}{0.0.0.0:15026}
2025-09-19 20:43:15,749 [ForkJoinPool-1-worker-1] INFO  server.session (HouseKeeper.java:stopScavenging(149)) - node0 Stopped scavenging
2025-09-19 20:43:15,750 [ForkJoinPool-1-worker-1] INFO  handler.ContextHandler (ContextHandler.java:doStop(1159)) - Stopped o.e.j.s.ServletContextHandler@2a91b4b0{static,/static,jar:file:/home/runner/work/ozone/ozone/hadoop-hdds/container-service/target/hdds-container-service-2.1.0-SNAPSHOT.jar!/webapps/static,STOPPED}
2025-09-19 20:43:15,750 [ForkJoinPool-1-worker-1] INFO  handler.ContextHandler (ContextHandler.java:doStop(1159)) - Stopped o.e.j.s.ServletContextHandler@4c33df38{logs,/logs,file:///home/runner/work/ozone/ozone/hadoop-ozone/integration-test/target/log,STOPPED}
2025-09-19 20:43:15,751 [ForkJoinPool-1-worker-1] INFO  ozone.HddsDatanodeClientProtocolServer (HddsDatanodeClientProtocolServer.java:stop(82)) - Stopping the RPC server for Client Protocol
2025-09-19 20:43:15,751 [ForkJoinPool-1-worker-1] INFO  ipc.Server (Server.java:stop(3697)) - Stopping server on 15027
2025-09-19 20:43:15,753 [IPC Server listener on 15027] INFO  ipc.Server (Server.java:run(1585)) - Stopping IPC Server listener on 15027
2025-09-19 20:43:15,753 [IPC Server Responder] INFO  ipc.Server (Server.java:run(1718)) - Stopping IPC Server Responder
2025-09-19 20:43:15,754 [ForkJoinPool-1-worker-1] INFO  ozoneimpl.OzoneContainer (OzoneContainer.java:stop(549)) - Attempting to stop container services.
2025-09-19 20:43:15,754 [ContainerMetadataScanner] WARN  ozoneimpl.AbstractBackgroundContainerScanner (AbstractBackgroundContainerScanner.java:handleRemainingSleep(136)) - Background container scan was interrupted.
2025-09-19 20:43:15,755 [ContainerMetadataScanner] INFO  ozoneimpl.AbstractBackgroundContainerScanner (AbstractBackgroundContainerScanner.java:run(63)) - org.apache.hadoop.ozone.container.ozoneimpl.BackgroundContainerMetadataScanner@7f301d36 exiting.
2025-09-19 20:43:15,755 [ForkJoinPool-1-worker-1] INFO  ozoneimpl.BackgroundContainerDataScanner (BackgroundContainerDataScanner.java:shutdown(87)) - ContainerDataScanner(/home/runner/work/ozone/ozone/hadoop-ozone/integration-test/target/test-dir/MiniOzoneClusterImpl-990002c2-bb69-4aa2-bd68-28a5e13e86ef/ozone-metadata/datanode-2/data-0/hdds) is shutting down. 
2025-09-19 20:43:15,755 [ContainerDataScanner(/home/runner/work/ozone/ozone/hadoop-ozone/integration-test/target/test-dir/MiniOzoneClusterImpl-990002c2-bb69-4aa2-bd68-28a5e13e86ef/ozone-metadata/datanode-2/data-0/hdds)] WARN  ozoneimpl.AbstractBackgroundContainerScanner (AbstractBackgroundContainerScanner.java:handleRemainingSleep(136)) - Background container scan was interrupted.
2025-09-19 20:43:15,755 [ContainerDataScanner(/home/runner/work/ozone/ozone/hadoop-ozone/integration-test/target/test-dir/MiniOzoneClusterImpl-990002c2-bb69-4aa2-bd68-28a5e13e86ef/ozone-metadata/datanode-2/data-0/hdds)] INFO  ozoneimpl.AbstractBackgroundContainerScanner (AbstractBackgroundContainerScanner.java:run(63)) - ContainerDataScanner(/home/runner/work/ozone/ozone/hadoop-ozone/integration-test/target/test-dir/MiniOzoneClusterImpl-990002c2-bb69-4aa2-bd68-28a5e13e86ef/ozone-metadata/datanode-2/data-0/hdds, DS-69ac7518-6ece-4e77-96c1-96814a10e0cf) exiting.
2025-09-19 20:43:15,756 [ForkJoinPool-1-worker-1] INFO  ozoneimpl.OnDemandContainerScanner (OnDemandContainerScanner.java:shutdown(141)) - On-demand container scanner is shutting down.
2025-09-19 20:43:15,756 [ForkJoinPool-1-worker-1] INFO  ratis.XceiverServerRatis (XceiverServerRatis.java:stop(595)) - Closing XceiverServerRatis(0df1231c-9f8a-4757-a7d0-f6d7f53bc482)
2025-09-19 20:43:15,756 [ForkJoinPool-1-worker-1] INFO  server.RaftServer (RaftServerProxy.java:lambda$close$9(422)) - 0df1231c-9f8a-4757-a7d0-f6d7f53bc482: close
2025-09-19 20:43:15,756 [0df1231c-9f8a-4757-a7d0-f6d7f53bc482-impl-thread1] INFO  server.RaftServer$Division (RaftServerImpl.java:lambda$close$1(527)) - 0df1231c-9f8a-4757-a7d0-f6d7f53bc482@group-39AD5A9EAACD: shutdown
2025-09-19 20:43:15,756 [0df1231c-9f8a-4757-a7d0-f6d7f53bc482-impl-thread1] INFO  util.JmxRegister (JmxRegister.java:unregister(74)) - Successfully un-registered JMX Bean with object name Ratis:service=RaftServer,group=group-39AD5A9EAACD,id=0df1231c-9f8a-4757-a7d0-f6d7f53bc482
2025-09-19 20:43:15,757 [0df1231c-9f8a-4757-a7d0-f6d7f53bc482-impl-thread1] INFO  impl.RoleInfo (RoleInfo.java:shutdownLeaderState(103)) - 0df1231c-9f8a-4757-a7d0-f6d7f53bc482: shutdown 0df1231c-9f8a-4757-a7d0-f6d7f53bc482@group-39AD5A9EAACD-LeaderStateImpl
2025-09-19 20:43:15,757 [0df1231c-9f8a-4757-a7d0-f6d7f53bc482-impl-thread1] INFO  impl.PendingRequests (PendingRequests.java:sendNotLeaderResponses(287)) - 0df1231c-9f8a-4757-a7d0-f6d7f53bc482@group-39AD5A9EAACD-PendingRequests: sendNotLeaderResponses
2025-09-19 20:43:15,757 [0df1231c-9f8a-4757-a7d0-f6d7f53bc482-impl-thread2] INFO  server.RaftServer$Division (RaftServerImpl.java:lambda$close$1(527)) - 0df1231c-9f8a-4757-a7d0-f6d7f53bc482@group-A751954341BD: shutdown
2025-09-19 20:43:15,757 [0df1231c-9f8a-4757-a7d0-f6d7f53bc482-impl-thread2] INFO  util.JmxRegister (JmxRegister.java:unregister(74)) - Successfully un-registered JMX Bean with object name Ratis:service=RaftServer,group=group-A751954341BD,id=0df1231c-9f8a-4757-a7d0-f6d7f53bc482
2025-09-19 20:43:15,757 [0df1231c-9f8a-4757-a7d0-f6d7f53bc482-impl-thread2] INFO  impl.RoleInfo (RoleInfo.java:shutdownFollowerState(121)) - 0df1231c-9f8a-4757-a7d0-f6d7f53bc482: shutdown 0df1231c-9f8a-4757-a7d0-f6d7f53bc482@group-A751954341BD-FollowerState
2025-09-19 20:43:15,757 [0df1231c-9f8a-4757-a7d0-f6d7f53bc482-impl-thread2] INFO  impl.StateMachineUpdater (StateMachineUpdater.java:stopAndJoin(163)) - 0df1231c-9f8a-4757-a7d0-f6d7f53bc482@group-A751954341BD-StateMachineUpdater: set stopIndex = 0
2025-09-19 20:43:15,757 [0df1231c-9f8a-4757-a7d0-f6d7f53bc482@group-A751954341BD-FollowerState] INFO  impl.FollowerState (FollowerState.java:runImpl(170)) - 0df1231c-9f8a-4757-a7d0-f6d7f53bc482@group-A751954341BD-FollowerState was interrupted
2025-09-19 20:43:15,758 [0df1231c-9f8a-4757-a7d0-f6d7f53bc482@group-A751954341BD-StateMachineUpdater] INFO  ratis.ContainerStateMachine (ContainerStateMachine.java:takeSnapshot(427)) - group-A751954341BD: Taking a snapshot at:(t:1, i:0) file /home/runner/work/ozone/ozone/hadoop-ozone/integration-test/target/test-dir/MiniOzoneClusterImpl-990002c2-bb69-4aa2-bd68-28a5e13e86ef/ozone-metadata/datanode-2/ratis/e102d630-0766-4c9c-a6ac-a751954341bd/sm/snapshot.1_0
2025-09-19 20:43:15,758 [ForkJoinPool-1-worker-1] INFO  server.GrpcServicesImpl (GrpcServicesImpl.java:closeImpl(355)) - 0df1231c-9f8a-4757-a7d0-f6d7f53bc482: shutdown server org.apache.ratis.grpc.server.GrpcClientProtocolService now
2025-09-19 20:43:15,759 [0df1231c-9f8a-4757-a7d0-f6d7f53bc482-impl-thread3] INFO  server.RaftServer$Division (RaftServerImpl.java:lambda$close$1(527)) - 0df1231c-9f8a-4757-a7d0-f6d7f53bc482@group-715EBF8096A7: shutdown
2025-09-19 20:43:15,759 [0df1231c-9f8a-4757-a7d0-f6d7f53bc482-impl-thread3] INFO  util.JmxRegister (JmxRegister.java:unregister(74)) - Successfully un-registered JMX Bean with object name Ratis:service=RaftServer,group=group-715EBF8096A7,id=0df1231c-9f8a-4757-a7d0-f6d7f53bc482
2025-09-19 20:43:15,759 [0df1231c-9f8a-4757-a7d0-f6d7f53bc482-impl-thread3] INFO  impl.RoleInfo (RoleInfo.java:shutdownLeaderState(103)) - 0df1231c-9f8a-4757-a7d0-f6d7f53bc482: shutdown 0df1231c-9f8a-4757-a7d0-f6d7f53bc482@group-715EBF8096A7-LeaderStateImpl
2025-09-19 20:43:15,759 [0df1231c-9f8a-4757-a7d0-f6d7f53bc482-impl-thread3] INFO  impl.PendingRequests (PendingRequests.java:sendNotLeaderResponses(287)) - 0df1231c-9f8a-4757-a7d0-f6d7f53bc482@group-715EBF8096A7-PendingRequests: sendNotLeaderResponses
2025-09-19 20:43:15,759 [Thread-1052] INFO  server.GrpcServerProtocolClient (GrpcServerProtocolClient.java:close(105)) - b5a25cc1-46d3-4381-a194-bd68f4526f1c Close channels
2025-09-19 20:43:15,760 [0df1231c-9f8a-4757-a7d0-f6d7f53bc482@group-715EBF8096A7->8eb9963e-bce0-4155-aea2-e442cadff8bd-GrpcLogAppender-LogAppenderDaemon] WARN  server.GrpcLogAppender (GrpcLogAppender.java:mayWait(300)) - 0df1231c-9f8a-4757-a7d0-f6d7f53bc482@group-715EBF8096A7->8eb9963e-bce0-4155-aea2-e442cadff8bd-GrpcLogAppender: Wait interrupted by java.lang.InterruptedException
2025-09-19 20:43:15,760 [0df1231c-9f8a-4757-a7d0-f6d7f53bc482@group-A751954341BD-StateMachineUpdater] INFO  ratis.ContainerStateMachine (ContainerStateMachine.java:takeSnapshot(436)) - group-A751954341BD: Finished taking a snapshot at:(t:1, i:0) file:/home/runner/work/ozone/ozone/hadoop-ozone/integration-test/target/test-dir/MiniOzoneClusterImpl-990002c2-bb69-4aa2-bd68-28a5e13e86ef/ozone-metadata/datanode-2/ratis/e102d630-0766-4c9c-a6ac-a751954341bd/sm/snapshot.1_0 took: 3 ms
2025-09-19 20:43:15,761 [0df1231c-9f8a-4757-a7d0-f6d7f53bc482@group-A751954341BD-StateMachineUpdater] INFO  impl.StateMachineUpdater (StateMachineUpdater.java:takeSnapshot(307)) - 0df1231c-9f8a-4757-a7d0-f6d7f53bc482@group-A751954341BD-StateMachineUpdater: Took a snapshot at index 0
2025-09-19 20:43:15,761 [0df1231c-9f8a-4757-a7d0-f6d7f53bc482@group-A751954341BD-StateMachineUpdater] INFO  impl.StateMachineUpdater (StateMachineUpdater.java:lambda$new$0(101)) - 0df1231c-9f8a-4757-a7d0-f6d7f53bc482@group-A751954341BD-StateMachineUpdater: snapshotIndex: updateIncreasingly -1 -> 0
2025-09-19 20:43:15,761 [0df1231c-9f8a-4757-a7d0-f6d7f53bc482@group-A751954341BD-StateMachineUpdater] INFO  impl.StateMachineUpdater (StateMachineUpdater.java:stop(140)) - 0df1231c-9f8a-4757-a7d0-f6d7f53bc482@group-A751954341BD-StateMachineUpdater: closing ContainerStateMachine, lastApplied=(t:1, i:0)
2025-09-19 20:43:15,758 [0df1231c-9f8a-4757-a7d0-f6d7f53bc482-impl-thread1] INFO  impl.StateMachineUpdater (StateMachineUpdater.java:stopAndJoin(163)) - 0df1231c-9f8a-4757-a7d0-f6d7f53bc482@group-39AD5A9EAACD-StateMachineUpdater: set stopIndex = 0
2025-09-19 20:43:15,761 [0df1231c-9f8a-4757-a7d0-f6d7f53bc482@group-715EBF8096A7->b5a25cc1-46d3-4381-a194-bd68f4526f1c-GrpcLogAppender-LogAppenderDaemon] WARN  server.GrpcLogAppender (GrpcLogAppender.java:mayWait(300)) - 0df1231c-9f8a-4757-a7d0-f6d7f53bc482@group-715EBF8096A7->b5a25cc1-46d3-4381-a194-bd68f4526f1c-GrpcLogAppender: Wait interrupted by java.lang.InterruptedException
2025-09-19 20:43:15,762 [0df1231c-9f8a-4757-a7d0-f6d7f53bc482@group-A751954341BD-cacheEviction-AwaitToRun] INFO  util.AwaitToRun (AwaitToRun.java:run(49)) - 0df1231c-9f8a-4757-a7d0-f6d7f53bc482@group-A751954341BD-cacheEviction-AwaitToRun-AwaitForSignal is interrupted
2025-09-19 20:43:15,761 [Thread-1054] INFO  server.GrpcServerProtocolClient (GrpcServerProtocolClient.java:close(105)) - 8eb9963e-bce0-4155-aea2-e442cadff8bd Close channels
2025-09-19 20:43:15,761 [0df1231c-9f8a-4757-a7d0-f6d7f53bc482@group-39AD5A9EAACD-StateMachineUpdater] INFO  ratis.ContainerStateMachine (ContainerStateMachine.java:takeSnapshot(427)) - group-39AD5A9EAACD: Taking a snapshot at:(t:1, i:0) file /home/runner/work/ozone/ozone/hadoop-ozone/integration-test/target/test-dir/MiniOzoneClusterImpl-990002c2-bb69-4aa2-bd68-28a5e13e86ef/ozone-metadata/datanode-2/ratis/54fe0239-6051-4a8e-b590-39ad5a9eaacd/sm/snapshot.1_0
2025-09-19 20:43:15,763 [0df1231c-9f8a-4757-a7d0-f6d7f53bc482@group-39AD5A9EAACD-StateMachineUpdater] INFO  ratis.ContainerStateMachine (ContainerStateMachine.java:takeSnapshot(436)) - group-39AD5A9EAACD: Finished taking a snapshot at:(t:1, i:0) file:/home/runner/work/ozone/ozone/hadoop-ozone/integration-test/target/test-dir/MiniOzoneClusterImpl-990002c2-bb69-4aa2-bd68-28a5e13e86ef/ozone-metadata/datanode-2/ratis/54fe0239-6051-4a8e-b590-39ad5a9eaacd/sm/snapshot.1_0 took: 2 ms
2025-09-19 20:43:15,763 [0df1231c-9f8a-4757-a7d0-f6d7f53bc482@group-715EBF8096A7-StateMachineUpdater] INFO  ratis.ContainerStateMachine (ContainerStateMachine.java:takeSnapshot(427)) - group-715EBF8096A7: Taking a snapshot at:(t:2, i:6) file /home/runner/work/ozone/ozone/hadoop-ozone/integration-test/target/test-dir/MiniOzoneClusterImpl-990002c2-bb69-4aa2-bd68-28a5e13e86ef/ozone-metadata/datanode-2/ratis/958000d3-2396-49be-82e9-715ebf8096a7/sm/snapshot.2_6
2025-09-19 20:43:15,763 [0df1231c-9f8a-4757-a7d0-f6d7f53bc482@group-39AD5A9EAACD-StateMachineUpdater] INFO  impl.StateMachineUpdater (StateMachineUpdater.java:takeSnapshot(307)) - 0df1231c-9f8a-4757-a7d0-f6d7f53bc482@group-39AD5A9EAACD-StateMachineUpdater: Took a snapshot at index 0
2025-09-19 20:43:15,763 [0df1231c-9f8a-4757-a7d0-f6d7f53bc482@group-39AD5A9EAACD-StateMachineUpdater] INFO  impl.StateMachineUpdater (StateMachineUpdater.java:lambda$new$0(101)) - 0df1231c-9f8a-4757-a7d0-f6d7f53bc482@group-39AD5A9EAACD-StateMachineUpdater: snapshotIndex: updateIncreasingly -1 -> 0
2025-09-19 20:43:15,763 [0df1231c-9f8a-4757-a7d0-f6d7f53bc482@group-39AD5A9EAACD-StateMachineUpdater] INFO  impl.StateMachineUpdater (StateMachineUpdater.java:stop(140)) - 0df1231c-9f8a-4757-a7d0-f6d7f53bc482@group-39AD5A9EAACD-StateMachineUpdater: closing ContainerStateMachine, lastApplied=(t:1, i:0)
2025-09-19 20:43:15,763 [0df1231c-9f8a-4757-a7d0-f6d7f53bc482-impl-thread3] INFO  impl.StateMachineUpdater (StateMachineUpdater.java:stopAndJoin(163)) - 0df1231c-9f8a-4757-a7d0-f6d7f53bc482@group-715EBF8096A7-StateMachineUpdater: set stopIndex = 6
2025-09-19 20:43:15,763 [grpc-default-executor-5] INFO  server.GrpcLogAppender (GrpcLogAppender.java:onCompleted(558)) - 0df1231c-9f8a-4757-a7d0-f6d7f53bc482@group-715EBF8096A7->8eb9963e-bce0-4155-aea2-e442cadff8bd-AppendLogResponseHandler: follower responses appendEntries COMPLETED
2025-09-19 20:43:15,763 [0df1231c-9f8a-4757-a7d0-f6d7f53bc482@group-39AD5A9EAACD-cacheEviction-AwaitToRun] INFO  util.AwaitToRun (AwaitToRun.java:run(49)) - 0df1231c-9f8a-4757-a7d0-f6d7f53bc482@group-39AD5A9EAACD-cacheEviction-AwaitToRun-AwaitForSignal is interrupted
2025-09-19 20:43:15,764 [grpc-default-executor-5] WARN  server.GrpcLogAppender (GrpcLogAppender.java:resetClient(237)) - 0df1231c-9f8a-4757-a7d0-f6d7f53bc482@group-715EBF8096A7->8eb9963e-bce0-4155-aea2-e442cadff8bd-GrpcLogAppender: Failed to getClient for 8eb9963e-bce0-4155-aea2-e442cadff8bd
org.apache.ratis.protocol.exceptions.AlreadyClosedException: 0df1231c-9f8a-4757-a7d0-f6d7f53bc482 is already CLOSED
	at org.apache.ratis.util.PeerProxyMap$PeerAndProxy.getProxy(PeerProxyMap.java:67)
	at org.apache.ratis.util.PeerProxyMap.getProxy(PeerProxyMap.java:124)
	at org.apache.ratis.grpc.server.GrpcLogAppender.getClient(GrpcLogAppender.java:207)
	at org.apache.ratis.grpc.server.GrpcLogAppender.resetClient(GrpcLogAppender.java:212)
	at org.apache.ratis.grpc.server.GrpcLogAppender.access$800(GrpcLogAppender.java:70)
	at org.apache.ratis.grpc.server.GrpcLogAppender$AppendLogResponseHandler.onCompleted(GrpcLogAppender.java:559)
	at org.apache.ratis.thirdparty.io.grpc.stub.ClientCalls$StreamObserverToCallListenerAdapter.onClose(ClientCalls.java:562)
	at org.apache.ratis.thirdparty.io.grpc.internal.DelayedClientCall$DelayedListener$3.run(DelayedClientCall.java:489)
	at org.apache.ratis.thirdparty.io.grpc.internal.DelayedClientCall$DelayedListener.delayOrExecute(DelayedClientCall.java:453)
	at org.apache.ratis.thirdparty.io.grpc.internal.DelayedClientCall$DelayedListener.onClose(DelayedClientCall.java:486)
	at org.apache.ratis.thirdparty.io.grpc.internal.ClientCallImpl.closeObserver(ClientCallImpl.java:565)
	at org.apache.ratis.thirdparty.io.grpc.internal.ClientCallImpl.access$100(ClientCallImpl.java:72)
	at org.apache.ratis.thirdparty.io.grpc.internal.ClientCallImpl$ClientStreamListenerImpl$1StreamClosed.runInternal(ClientCallImpl.java:733)
	at org.apache.ratis.thirdparty.io.grpc.internal.ClientCallImpl$ClientStreamListenerImpl$1StreamClosed.runInContext(ClientCallImpl.java:714)
	at org.apache.ratis.thirdparty.io.grpc.internal.ContextRunnable.run(ContextRunnable.java:37)
	at org.apache.ratis.thirdparty.io.grpc.internal.SerializingExecutor.run(SerializingExecutor.java:133)
	at java.base/java.util.concurrent.ThreadPoolExecutor.runWorker(ThreadPoolExecutor.java:1144)
	at java.base/java.util.concurrent.ThreadPoolExecutor$Worker.run(ThreadPoolExecutor.java:642)
	at java.base/java.lang.Thread.run(Thread.java:1583)
2025-09-19 20:43:15,765 [grpc-default-executor-1] INFO  server.GrpcLogAppender (GrpcLogAppender.java:onCompleted(558)) - 0df1231c-9f8a-4757-a7d0-f6d7f53bc482@group-715EBF8096A7->8eb9963e-bce0-4155-aea2-e442cadff8bd-AppendLogResponseHandler: follower responses appendEntries COMPLETED
2025-09-19 20:43:15,765 [grpc-default-executor-1] WARN  server.GrpcLogAppender (GrpcLogAppender.java:resetClient(237)) - 0df1231c-9f8a-4757-a7d0-f6d7f53bc482@group-715EBF8096A7->8eb9963e-bce0-4155-aea2-e442cadff8bd-GrpcLogAppender: Failed to getClient for 8eb9963e-bce0-4155-aea2-e442cadff8bd
org.apache.ratis.protocol.exceptions.AlreadyClosedException: 0df1231c-9f8a-4757-a7d0-f6d7f53bc482 is already CLOSED
	at org.apache.ratis.util.PeerProxyMap$PeerAndProxy.getProxy(PeerProxyMap.java:67)
	at org.apache.ratis.util.PeerProxyMap.getProxy(PeerProxyMap.java:124)
	at org.apache.ratis.grpc.server.GrpcLogAppender.getClient(GrpcLogAppender.java:207)
	at org.apache.ratis.grpc.server.GrpcLogAppender.resetClient(GrpcLogAppender.java:212)
	at org.apache.ratis.grpc.server.GrpcLogAppender.access$800(GrpcLogAppender.java:70)
	at org.apache.ratis.grpc.server.GrpcLogAppender$AppendLogResponseHandler.onCompleted(GrpcLogAppender.java:559)
	at org.apache.ratis.thirdparty.io.grpc.stub.ClientCalls$StreamObserverToCallListenerAdapter.onClose(ClientCalls.java:562)
	at org.apache.ratis.thirdparty.io.grpc.internal.ClientCallImpl.closeObserver(ClientCallImpl.java:565)
	at org.apache.ratis.thirdparty.io.grpc.internal.ClientCallImpl.access$100(ClientCallImpl.java:72)
	at org.apache.ratis.thirdparty.io.grpc.internal.ClientCallImpl$ClientStreamListenerImpl$1StreamClosed.runInternal(ClientCallImpl.java:733)
	at org.apache.ratis.thirdparty.io.grpc.internal.ClientCallImpl$ClientStreamListenerImpl$1StreamClosed.runInContext(ClientCallImpl.java:714)
	at org.apache.ratis.thirdparty.io.grpc.internal.ContextRunnable.run(ContextRunnable.java:37)
	at org.apache.ratis.thirdparty.io.grpc.internal.SerializingExecutor.run(SerializingExecutor.java:133)
	at java.base/java.util.concurrent.ThreadPoolExecutor.runWorker(ThreadPoolExecutor.java:1144)
	at java.base/java.util.concurrent.ThreadPoolExecutor$Worker.run(ThreadPoolExecutor.java:642)
	at java.base/java.lang.Thread.run(Thread.java:1583)
2025-09-19 20:43:15,766 [0df1231c-9f8a-4757-a7d0-f6d7f53bc482@group-715EBF8096A7-StateMachineUpdater] INFO  ratis.ContainerStateMachine (ContainerStateMachine.java:takeSnapshot(436)) - group-715EBF8096A7: Finished taking a snapshot at:(t:2, i:6) file:/home/runner/work/ozone/ozone/hadoop-ozone/integration-test/target/test-dir/MiniOzoneClusterImpl-990002c2-bb69-4aa2-bd68-28a5e13e86ef/ozone-metadata/datanode-2/ratis/958000d3-2396-49be-82e9-715ebf8096a7/sm/snapshot.2_6 took: 3 ms
2025-09-19 20:43:15,766 [ForkJoinPool-1-worker-1] INFO  server.GrpcServicesImpl (GrpcServicesImpl.java:closeImpl(364)) - 0df1231c-9f8a-4757-a7d0-f6d7f53bc482: shutdown server org.apache.ratis.grpc.server.GrpcClientProtocolService successfully
2025-09-19 20:43:15,766 [ForkJoinPool-1-worker-1] INFO  server.GrpcServicesImpl (GrpcServicesImpl.java:closeImpl(355)) - 0df1231c-9f8a-4757-a7d0-f6d7f53bc482: shutdown server GrpcServerProtocolService now
2025-09-19 20:43:15,766 [0df1231c-9f8a-4757-a7d0-f6d7f53bc482@group-715EBF8096A7-StateMachineUpdater] INFO  impl.StateMachineUpdater (StateMachineUpdater.java:takeSnapshot(307)) - 0df1231c-9f8a-4757-a7d0-f6d7f53bc482@group-715EBF8096A7-StateMachineUpdater: Took a snapshot at index 6
2025-09-19 20:43:15,767 [0df1231c-9f8a-4757-a7d0-f6d7f53bc482@group-715EBF8096A7-StateMachineUpdater] INFO  impl.StateMachineUpdater (StateMachineUpdater.java:lambda$new$0(101)) - 0df1231c-9f8a-4757-a7d0-f6d7f53bc482@group-715EBF8096A7-StateMachineUpdater: snapshotIndex: updateIncreasingly -1 -> 6
2025-09-19 20:43:15,767 [0df1231c-9f8a-4757-a7d0-f6d7f53bc482@group-715EBF8096A7-StateMachineUpdater] INFO  impl.StateMachineUpdater (StateMachineUpdater.java:stop(140)) - 0df1231c-9f8a-4757-a7d0-f6d7f53bc482@group-715EBF8096A7-StateMachineUpdater: closing ContainerStateMachine, lastApplied=(t:2, i:6)
2025-09-19 20:43:15,767 [0df1231c-9f8a-4757-a7d0-f6d7f53bc482@group-715EBF8096A7-cacheEviction-AwaitToRun] INFO  util.AwaitToRun (AwaitToRun.java:run(49)) - 0df1231c-9f8a-4757-a7d0-f6d7f53bc482@group-715EBF8096A7-cacheEviction-AwaitToRun-AwaitForSignal is interrupted
2025-09-19 20:43:15,768 [grpc-default-executor-1] WARN  server.GrpcServerProtocolService (LogUtils.java:warn(127)) - 0df1231c-9f8a-4757-a7d0-f6d7f53bc482: APPEND_ENTRIES onError, lastRequest: null: org.apache.ratis.thirdparty.io.grpc.StatusRuntimeException: CANCELLED: client cancelled
2025-09-19 20:43:15,769 [ForkJoinPool-1-worker-1] INFO  server.GrpcServicesImpl (GrpcServicesImpl.java:closeImpl(364)) - 0df1231c-9f8a-4757-a7d0-f6d7f53bc482: shutdown server GrpcServerProtocolService successfully
2025-09-19 20:43:15,769 [ForkJoinPool-1-worker-1] INFO  server.GrpcServicesImpl (GrpcServicesImpl.java:closeImpl(355)) - 0df1231c-9f8a-4757-a7d0-f6d7f53bc482: shutdown server org.apache.ratis.grpc.server.GrpcAdminProtocolService now
2025-09-19 20:43:15,769 [grpc-default-executor-2] WARN  server.GrpcLogAppender (LogUtils.java:warn(127)) - 8eb9963e-bce0-4155-aea2-e442cadff8bd@group-A751954341BD->0df1231c-9f8a-4757-a7d0-f6d7f53bc482-AppendLogResponseHandler: Failed appendEntries: org.apache.ratis.thirdparty.io.grpc.StatusRuntimeException: CANCELLED: RST_STREAM closed stream. HTTP/2 error code: CANCEL
2025-09-19 20:43:15,770 [grpc-default-executor-2] WARN  server.GrpcLogAppender (GrpcLogAppender.java:lambda$resetClient$1(228)) - 8eb9963e-bce0-4155-aea2-e442cadff8bd@group-A751954341BD->0df1231c-9f8a-4757-a7d0-f6d7f53bc482-GrpcLogAppender: Follower failed (request=null, errorCount=1); keep nextIndex (1) unchanged and retry.
2025-09-19 20:43:15,770 [ForkJoinPool-1-worker-1] INFO  server.GrpcServicesImpl (GrpcServicesImpl.java:closeImpl(364)) - 0df1231c-9f8a-4757-a7d0-f6d7f53bc482: shutdown server org.apache.ratis.grpc.server.GrpcAdminProtocolService successfully
2025-09-19 20:43:15,771 [grpc-default-executor-3] WARN  server.GrpcServerProtocolService (LogUtils.java:warn(127)) - 0df1231c-9f8a-4757-a7d0-f6d7f53bc482: APPEND_ENTRIES onError, lastRequest: 8eb9963e-bce0-4155-aea2-e442cadff8bd->0df1231c-9f8a-4757-a7d0-f6d7f53bc482#1-t1,previous=<PROTO_DEFAULT>,leaderCommit=-1,initializing? false,entries: size=1, first=(t:1, i:0), CONFIGURATIONENTRY(current:id:"b5a25cc1-46d3-4381-a194-bd68f4526f1c"address:"127.0.0.1:15031"dataStreamAddress:"127.0.0.1:15032"clientAddress:"127.0.0.1:15029"adminAddress:"127.0.0.1:15030"startupRole:FOLLOWER, id:"0df1231c-9f8a-4757-a7d0-f6d7f53bc482"address:"127.0.0.1:15023"dataStreamAddress:"127.0.0.1:15024"clientAddress:"127.0.0.1:15021"adminAddress:"127.0.0.1:15022"startupRole:FOLLOWER, id:"8eb9963e-bce0-4155-aea2-e442cadff8bd"address:"127.0.0.1:15015"priority:1dataStreamAddress:"127.0.0.1:15016"clientAddress:"127.0.0.1:15013"adminAddress:"127.0.0.1:15014"startupRole:FOLLOWER, old:): org.apache.ratis.thirdparty.io.grpc.StatusRuntimeException: CANCELLED: client cancelled
2025-09-19 20:43:15,775 [0df1231c-9f8a-4757-a7d0-f6d7f53bc482-NettyServerStreamRpc-bossGroup--thread1] INFO  logging.LoggingHandler (AbstractInternalLogger.java:log(148)) - [id: 0x6819a69c, L:/0.0.0.0:15024] CLOSE
2025-09-19 20:43:15,775 [0df1231c-9f8a-4757-a7d0-f6d7f53bc482-NettyServerStreamRpc-bossGroup--thread1] INFO  logging.LoggingHandler (AbstractInternalLogger.java:log(148)) - [id: 0x6819a69c, L:/0.0.0.0:15024] INACTIVE
2025-09-19 20:43:15,775 [0df1231c-9f8a-4757-a7d0-f6d7f53bc482-NettyServerStreamRpc-bossGroup--thread1] INFO  logging.LoggingHandler (AbstractInternalLogger.java:log(148)) - [id: 0x6819a69c, L:/0.0.0.0:15024] UNREGISTERED
2025-09-19 20:43:15,977 [0df1231c-9f8a-4757-a7d0-f6d7f53bc482-impl-thread3] INFO  segmented.SegmentedRaftLogWorker (SegmentedRaftLogWorker.java:close(254)) - 0df1231c-9f8a-4757-a7d0-f6d7f53bc482@group-715EBF8096A7-SegmentedRaftLogWorker close()
2025-09-19 20:43:15,978 [0df1231c-9f8a-4757-a7d0-f6d7f53bc482-impl-thread3] INFO  ratis.ContainerStateMachine (ContainerStateMachine.java:notifyServerShutdown(1038)) - group-715EBF8096A7 is closed by HddsDatanodeService
2025-09-19 20:43:16,174 [0df1231c-9f8a-4757-a7d0-f6d7f53bc482-impl-thread1] INFO  segmented.SegmentedRaftLogWorker (SegmentedRaftLogWorker.java:close(254)) - 0df1231c-9f8a-4757-a7d0-f6d7f53bc482@group-39AD5A9EAACD-SegmentedRaftLogWorker close()
2025-09-19 20:43:16,174 [0df1231c-9f8a-4757-a7d0-f6d7f53bc482-impl-thread1] INFO  ratis.ContainerStateMachine (ContainerStateMachine.java:notifyServerShutdown(1038)) - group-39AD5A9EAACD is closed by HddsDatanodeService
2025-09-19 20:43:16,473 [0df1231c-9f8a-4757-a7d0-f6d7f53bc482-impl-thread2] INFO  segmented.SegmentedRaftLogWorker (SegmentedRaftLogWorker.java:close(254)) - 0df1231c-9f8a-4757-a7d0-f6d7f53bc482@group-A751954341BD-SegmentedRaftLogWorker close()
2025-09-19 20:43:16,473 [0df1231c-9f8a-4757-a7d0-f6d7f53bc482-impl-thread2] INFO  ratis.ContainerStateMachine (ContainerStateMachine.java:notifyServerShutdown(1038)) - group-A751954341BD is closed by HddsDatanodeService
2025-09-19 20:43:16,473 [JvmPauseMonitor4] INFO  util.JvmPauseMonitor (JvmPauseMonitor.java:run(152)) - JvmPauseMonitor-0df1231c-9f8a-4757-a7d0-f6d7f53bc482: Stopped
2025-09-19 20:43:17,171 [8eb9963e-bce0-4155-aea2-e442cadff8bd@group-715EBF8096A7-FollowerState] INFO  impl.FollowerState (FollowerState.java:runImpl(161)) - 8eb9963e-bce0-4155-aea2-e442cadff8bd@group-715EBF8096A7-FollowerState: change to CANDIDATE, lastRpcElapsedTime:1686868942ns, electionTimeout:1027ms
2025-09-19 20:43:17,171 [8eb9963e-bce0-4155-aea2-e442cadff8bd@group-715EBF8096A7-FollowerState] INFO  impl.RoleInfo (RoleInfo.java:shutdownFollowerState(121)) - 8eb9963e-bce0-4155-aea2-e442cadff8bd: shutdown 8eb9963e-bce0-4155-aea2-e442cadff8bd@group-715EBF8096A7-FollowerState
2025-09-19 20:43:17,171 [8eb9963e-bce0-4155-aea2-e442cadff8bd@group-715EBF8096A7-FollowerState] INFO  server.RaftServer$Division (RaftServerImpl.java:setRole(392)) - 8eb9963e-bce0-4155-aea2-e442cadff8bd@group-715EBF8096A7: changes role from  FOLLOWER to CANDIDATE at term 2 for changeToCandidate
2025-09-19 20:43:17,171 [8eb9963e-bce0-4155-aea2-e442cadff8bd@group-715EBF8096A7-FollowerState] INFO  impl.RoleInfo (RoleInfo.java:updateAndGet(148)) - 8eb9963e-bce0-4155-aea2-e442cadff8bd: start 8eb9963e-bce0-4155-aea2-e442cadff8bd@group-715EBF8096A7-LeaderElection25
2025-09-19 20:43:17,171 [8eb9963e-bce0-4155-aea2-e442cadff8bd@group-715EBF8096A7-LeaderElection25] INFO  server.RaftServer$Division (ServerState.java:setLeader(272)) - 8eb9963e-bce0-4155-aea2-e442cadff8bd@group-715EBF8096A7: change Leader from 0df1231c-9f8a-4757-a7d0-f6d7f53bc482 to null at term 2 for PRE_VOTE
2025-09-19 20:43:17,171 [8eb9963e-bce0-4155-aea2-e442cadff8bd@group-715EBF8096A7-LeaderElection25] INFO  impl.LeaderElection (LeaderElection.java:askForVotes(448)) - 8eb9963e-bce0-4155-aea2-e442cadff8bd@group-715EBF8096A7-LeaderElection25 PRE_VOTE round 0: submit vote requests at term 2 for conf: {index: 5, cur=peers:[b5a25cc1-46d3-4381-a194-bd68f4526f1c|127.0.0.1:15031, 0df1231c-9f8a-4757-a7d0-f6d7f53bc482|127.0.0.1:15023, 8eb9963e-bce0-4155-aea2-e442cadff8bd|127.0.0.1:15015]|listeners:[], old=null}
2025-09-19 20:43:17,172 [8eb9963e-bce0-4155-aea2-e442cadff8bd@group-715EBF8096A7-LeaderElection25] INFO  impl.LeaderElection (LogUtils.java:infoOrTrace(142)) - 8eb9963e-bce0-4155-aea2-e442cadff8bd@group-715EBF8096A7-LeaderElection25 got exception when requesting votes: java.util.concurrent.ExecutionException: org.apache.ratis.thirdparty.io.grpc.StatusRuntimeException: UNAVAILABLE: io exception
2025-09-19 20:43:17,172 [8eb9963e-bce0-4155-aea2-e442cadff8bd@group-715EBF8096A7-LeaderElection25] INFO  impl.LeaderElection (LogUtils.java:infoOrTrace(142)) - 8eb9963e-bce0-4155-aea2-e442cadff8bd@group-715EBF8096A7-LeaderElection25 got exception when requesting votes: java.util.concurrent.ExecutionException: org.apache.ratis.thirdparty.io.grpc.StatusRuntimeException: UNAVAILABLE: io exception
2025-09-19 20:43:17,172 [8eb9963e-bce0-4155-aea2-e442cadff8bd@group-715EBF8096A7-LeaderElection25] INFO  impl.LeaderElection (LeaderElection.java:logAndReturn(206)) - 8eb9963e-bce0-4155-aea2-e442cadff8bd@group-715EBF8096A7-LeaderElection25: PRE_VOTE REJECTED received 0 response(s) and 2 exception(s):
2025-09-19 20:43:17,172 [8eb9963e-bce0-4155-aea2-e442cadff8bd@group-715EBF8096A7-LeaderElection25] INFO  impl.LeaderElection (LogUtils.java:infoOrTrace(142)) -   Exception 0: java.util.concurrent.ExecutionException: org.apache.ratis.thirdparty.io.grpc.StatusRuntimeException: UNAVAILABLE: io exception
2025-09-19 20:43:17,172 [8eb9963e-bce0-4155-aea2-e442cadff8bd@group-715EBF8096A7-LeaderElection25] INFO  impl.LeaderElection (LogUtils.java:infoOrTrace(142)) -   Exception 1: java.util.concurrent.ExecutionException: org.apache.ratis.thirdparty.io.grpc.StatusRuntimeException: UNAVAILABLE: io exception
2025-09-19 20:43:17,172 [8eb9963e-bce0-4155-aea2-e442cadff8bd@group-715EBF8096A7-LeaderElection25] INFO  impl.LeaderElection (LeaderElection.java:askForVotes(450)) - 8eb9963e-bce0-4155-aea2-e442cadff8bd@group-715EBF8096A7-LeaderElection25 PRE_VOTE round 0: result REJECTED
2025-09-19 20:43:17,172 [8eb9963e-bce0-4155-aea2-e442cadff8bd@group-715EBF8096A7-LeaderElection25] INFO  server.RaftServer$Division (RaftServerImpl.java:setRole(392)) - 8eb9963e-bce0-4155-aea2-e442cadff8bd@group-715EBF8096A7: changes role from CANDIDATE to FOLLOWER at term 2 for REJECTED
2025-09-19 20:43:17,173 [8eb9963e-bce0-4155-aea2-e442cadff8bd@group-715EBF8096A7-LeaderElection25] INFO  impl.RoleInfo (RoleInfo.java:shutdownLeaderElection(141)) - 8eb9963e-bce0-4155-aea2-e442cadff8bd: shutdown 8eb9963e-bce0-4155-aea2-e442cadff8bd@group-715EBF8096A7-LeaderElection25
2025-09-19 20:43:17,173 [8eb9963e-bce0-4155-aea2-e442cadff8bd@group-715EBF8096A7-LeaderElection25] INFO  impl.RoleInfo (RoleInfo.java:updateAndGet(148)) - 8eb9963e-bce0-4155-aea2-e442cadff8bd: start 8eb9963e-bce0-4155-aea2-e442cadff8bd@group-715EBF8096A7-FollowerState
2025-09-19 20:43:17,482 [8eb9963e-bce0-4155-aea2-e442cadff8bd@group-A751954341BD-LeaderStateImpl] WARN  server.RaftServer$Division (LeaderStateImpl.java:checkLeadership(1121)) - 8eb9963e-bce0-4155-aea2-e442cadff8bd@group-A751954341BD-LeaderStateImpl: Lost leadership on term: 1. Election timeout: 1200ms. In charge for: 6079ms. Conf: conf: {index: 0, cur=peers:[b5a25cc1-46d3-4381-a194-bd68f4526f1c|127.0.0.1:15031, 0df1231c-9f8a-4757-a7d0-f6d7f53bc482|127.0.0.1:15023, 8eb9963e-bce0-4155-aea2-e442cadff8bd|127.0.0.1:15015]|listeners:[], old=null}
2025-09-19 20:43:17,483 [8eb9963e-bce0-4155-aea2-e442cadff8bd@group-A751954341BD-LeaderStateImpl] WARN  server.RaftServer$Division (LeaderStateImpl.java:lambda$checkLeadership$20(1125)) - Follower 8eb9963e-bce0-4155-aea2-e442cadff8bd@group-A751954341BD->b5a25cc1-46d3-4381-a194-bd68f4526f1c(c0,m0,n1, caughtUp=true, lastRpcSendTime=659, lastRpcResponseTime=4994)
2025-09-19 20:43:17,483 [8eb9963e-bce0-4155-aea2-e442cadff8bd@group-A751954341BD-LeaderStateImpl] WARN  server.RaftServer$Division (LeaderStateImpl.java:lambda$checkLeadership$20(1125)) - Follower 8eb9963e-bce0-4155-aea2-e442cadff8bd@group-A751954341BD->0df1231c-9f8a-4757-a7d0-f6d7f53bc482(c0,m0,n1, caughtUp=true, lastRpcSendTime=475, lastRpcResponseTime=1986)
2025-09-19 20:43:17,483 [8eb9963e-bce0-4155-aea2-e442cadff8bd@group-A751954341BD-LeaderStateImpl] INFO  server.RaftServer$Division (RaftServerImpl.java:setRole(392)) - 8eb9963e-bce0-4155-aea2-e442cadff8bd@group-A751954341BD: changes role from    LEADER to FOLLOWER at term 1 for StepDownReason:LOST_MAJORITY_HEARTBEATS
2025-09-19 20:43:17,483 [8eb9963e-bce0-4155-aea2-e442cadff8bd@group-A751954341BD-LeaderStateImpl] INFO  impl.RoleInfo (RoleInfo.java:shutdownLeaderState(103)) - 8eb9963e-bce0-4155-aea2-e442cadff8bd: shutdown 8eb9963e-bce0-4155-aea2-e442cadff8bd@group-A751954341BD-LeaderStateImpl
2025-09-19 20:43:17,483 [8eb9963e-bce0-4155-aea2-e442cadff8bd@group-A751954341BD->b5a25cc1-46d3-4381-a194-bd68f4526f1c-GrpcLogAppender-LogAppenderDaemon] WARN  server.GrpcLogAppender (GrpcLogAppender.java:mayWait(300)) - 8eb9963e-bce0-4155-aea2-e442cadff8bd@group-A751954341BD->b5a25cc1-46d3-4381-a194-bd68f4526f1c-GrpcLogAppender: Wait interrupted by java.lang.InterruptedException
2025-09-19 20:43:17,483 [8eb9963e-bce0-4155-aea2-e442cadff8bd@group-A751954341BD->0df1231c-9f8a-4757-a7d0-f6d7f53bc482-GrpcLogAppender-LogAppenderDaemon] WARN  server.GrpcLogAppender (GrpcLogAppender.java:mayWait(300)) - 8eb9963e-bce0-4155-aea2-e442cadff8bd@group-A751954341BD->0df1231c-9f8a-4757-a7d0-f6d7f53bc482-GrpcLogAppender: Wait interrupted by java.lang.InterruptedException
2025-09-19 20:43:17,483 [8eb9963e-bce0-4155-aea2-e442cadff8bd@group-A751954341BD-LeaderStateImpl] INFO  impl.PendingRequests (PendingRequests.java:sendNotLeaderResponses(287)) - 8eb9963e-bce0-4155-aea2-e442cadff8bd@group-A751954341BD-PendingRequests: sendNotLeaderResponses
2025-09-19 20:43:17,485 [8eb9963e-bce0-4155-aea2-e442cadff8bd@group-A751954341BD-LeaderStateImpl] INFO  server.RaftServer$Division (ServerState.java:setLeader(272)) - 8eb9963e-bce0-4155-aea2-e442cadff8bd@group-A751954341BD: change Leader from 8eb9963e-bce0-4155-aea2-e442cadff8bd to null at term 1 for StepDownReason:LOST_MAJORITY_HEARTBEATS
2025-09-19 20:43:17,485 [8eb9963e-bce0-4155-aea2-e442cadff8bd@group-A751954341BD-LeaderStateImpl] INFO  impl.RoleInfo (RoleInfo.java:updateAndGet(148)) - 8eb9963e-bce0-4155-aea2-e442cadff8bd: start 8eb9963e-bce0-4155-aea2-e442cadff8bd@group-A751954341BD-FollowerState
2025-09-19 20:43:17,821 [timer0] INFO  server.GrpcServerProtocolService (GrpcServerProtocolService.java:lambda$onCompleted$6(171)) - 8eb9963e-bce0-4155-aea2-e442cadff8bd: Completed APPEND_ENTRIES, lastRequest: null  (Repeated 4 times in the last 5.000s)
2025-09-19 20:43:17,822 [timer1] INFO  server.GrpcServerProtocolService (GrpcServerProtocolService.java:lambda$onCompleted$6(171)) - 0df1231c-9f8a-4757-a7d0-f6d7f53bc482: Completed APPEND_ENTRIES, lastRequest: b5a25cc1-46d3-4381-a194-bd68f4526f1c->0df1231c-9f8a-4757-a7d0-f6d7f53bc482#8-t1,previous=(t:1, i:3),leaderCommit=2,initializing? false,entries: size=1, first=(t:1, i:4), METADATAENTRY(c:2)  (Repeated 2 times in the last 5.000s)
2025-09-19 20:43:17,870 [timer2] INFO  server.GrpcServerProtocolService (GrpcServerProtocolService.java:lambda$null$7(175)) - 0df1231c-9f8a-4757-a7d0-f6d7f53bc482: Completed APPEND_ENTRIES, lastReply: null  (Repeated 2 times in the last 5.048s)
2025-09-19 20:43:17,870 [timer3] INFO  server.GrpcServerProtocolService (GrpcServerProtocolService.java:lambda$null$7(175)) - 8eb9963e-bce0-4155-aea2-e442cadff8bd: Completed APPEND_ENTRIES, lastReply: serverReply {
  requestorId: "0df1231c-9f8a-4757-a7d0-f6d7f53bc482"
  replyId: "8eb9963e-bce0-4155-aea2-e442cadff8bd"
  raftGroupId {
    id: "\225\200\000\323#\226I\276\202\351q^\277\200\226\247"
  }
  callId: 6
  success: true
}
term: 2
nextIndex: 7
followerCommit: 6
matchIndex: 18446744073709551615
isHearbeat: true
  (Repeated 4 times in the last 5.048s)
2025-09-19 20:43:17,875 [timer4] WARN  server.GrpcLogAppender (LogUtils.java:warn(127)) - 8eb9963e-bce0-4155-aea2-e442cadff8bd@group-A751954341BD->b5a25cc1-46d3-4381-a194-bd68f4526f1c-AppendLogResponseHandler: Failed appendEntries (Repeated 20 times in the last 5.000s): org.apache.ratis.thirdparty.io.grpc.StatusRuntimeException: UNAVAILABLE: io exception
  Caused by: org.apache.ratis.thirdparty.io.netty.channel.AbstractChannel$AnnotatedConnectException: finishConnect(..) failed: Connection refused: /127.0.0.1:15031
  Caused by: java.net.ConnectException: finishConnect(..) failed: Connection refused
2025-09-19 20:43:17,878 [timer5] WARN  server.GrpcLogAppender (GrpcLogAppender.java:lambda$resetClient$1(228)) - 8eb9963e-bce0-4155-aea2-e442cadff8bd@group-A751954341BD->b5a25cc1-46d3-4381-a194-bd68f4526f1c-GrpcLogAppender: Follower failed (request=null, errorCount=20); keep nextIndex (1) unchanged and retry. (Repeated 20 times in the last 5.000s)
2025-09-19 20:43:18,264 [8eb9963e-bce0-4155-aea2-e442cadff8bd@group-715EBF8096A7-FollowerState] INFO  impl.FollowerState (FollowerState.java:runImpl(161)) - 8eb9963e-bce0-4155-aea2-e442cadff8bd@group-715EBF8096A7-FollowerState: change to CANDIDATE, lastRpcElapsedTime:1091259446ns, electionTimeout:1091ms
2025-09-19 20:43:18,264 [8eb9963e-bce0-4155-aea2-e442cadff8bd@group-715EBF8096A7-FollowerState] INFO  impl.RoleInfo (RoleInfo.java:shutdownFollowerState(121)) - 8eb9963e-bce0-4155-aea2-e442cadff8bd: shutdown 8eb9963e-bce0-4155-aea2-e442cadff8bd@group-715EBF8096A7-FollowerState
2025-09-19 20:43:18,264 [8eb9963e-bce0-4155-aea2-e442cadff8bd@group-715EBF8096A7-FollowerState] INFO  server.RaftServer$Division (RaftServerImpl.java:setRole(392)) - 8eb9963e-bce0-4155-aea2-e442cadff8bd@group-715EBF8096A7: changes role from  FOLLOWER to CANDIDATE at term 2 for changeToCandidate
2025-09-19 20:43:18,264 [8eb9963e-bce0-4155-aea2-e442cadff8bd@group-715EBF8096A7-FollowerState] INFO  impl.RoleInfo (RoleInfo.java:updateAndGet(148)) - 8eb9963e-bce0-4155-aea2-e442cadff8bd: start 8eb9963e-bce0-4155-aea2-e442cadff8bd@group-715EBF8096A7-LeaderElection26
2025-09-19 20:43:18,264 [8eb9963e-bce0-4155-aea2-e442cadff8bd@group-715EBF8096A7-LeaderElection26] INFO  impl.LeaderElection (LeaderElection.java:askForVotes(448)) - 8eb9963e-bce0-4155-aea2-e442cadff8bd@group-715EBF8096A7-LeaderElection26 PRE_VOTE round 0: submit vote requests at term 2 for conf: {index: 5, cur=peers:[b5a25cc1-46d3-4381-a194-bd68f4526f1c|127.0.0.1:15031, 0df1231c-9f8a-4757-a7d0-f6d7f53bc482|127.0.0.1:15023, 8eb9963e-bce0-4155-aea2-e442cadff8bd|127.0.0.1:15015]|listeners:[], old=null}
2025-09-19 20:43:18,265 [8eb9963e-bce0-4155-aea2-e442cadff8bd@group-715EBF8096A7-LeaderElection26] INFO  impl.LeaderElection (LogUtils.java:infoOrTrace(142)) - 8eb9963e-bce0-4155-aea2-e442cadff8bd@group-715EBF8096A7-LeaderElection26 got exception when requesting votes: java.util.concurrent.ExecutionException: org.apache.ratis.thirdparty.io.grpc.StatusRuntimeException: UNAVAILABLE: io exception
2025-09-19 20:43:18,265 [8eb9963e-bce0-4155-aea2-e442cadff8bd@group-715EBF8096A7-LeaderElection26] INFO  impl.LeaderElection (LogUtils.java:infoOrTrace(142)) - 8eb9963e-bce0-4155-aea2-e442cadff8bd@group-715EBF8096A7-LeaderElection26 got exception when requesting votes: java.util.concurrent.ExecutionException: org.apache.ratis.thirdparty.io.grpc.StatusRuntimeException: UNAVAILABLE: io exception
2025-09-19 20:43:18,265 [8eb9963e-bce0-4155-aea2-e442cadff8bd@group-715EBF8096A7-LeaderElection26] INFO  impl.LeaderElection (LeaderElection.java:logAndReturn(206)) - 8eb9963e-bce0-4155-aea2-e442cadff8bd@group-715EBF8096A7-LeaderElection26: PRE_VOTE REJECTED received 0 response(s) and 2 exception(s):
2025-09-19 20:43:18,265 [8eb9963e-bce0-4155-aea2-e442cadff8bd@group-715EBF8096A7-LeaderElection26] INFO  impl.LeaderElection (LogUtils.java:infoOrTrace(142)) -   Exception 0: java.util.concurrent.ExecutionException: org.apache.ratis.thirdparty.io.grpc.StatusRuntimeException: UNAVAILABLE: io exception
2025-09-19 20:43:18,265 [8eb9963e-bce0-4155-aea2-e442cadff8bd@group-715EBF8096A7-LeaderElection26] INFO  impl.LeaderElection (LogUtils.java:infoOrTrace(142)) -   Exception 1: java.util.concurrent.ExecutionException: org.apache.ratis.thirdparty.io.grpc.StatusRuntimeException: UNAVAILABLE: io exception
2025-09-19 20:43:18,265 [8eb9963e-bce0-4155-aea2-e442cadff8bd@group-715EBF8096A7-LeaderElection26] INFO  impl.LeaderElection (LeaderElection.java:askForVotes(450)) - 8eb9963e-bce0-4155-aea2-e442cadff8bd@group-715EBF8096A7-LeaderElection26 PRE_VOTE round 0: result REJECTED
2025-09-19 20:43:18,265 [8eb9963e-bce0-4155-aea2-e442cadff8bd@group-715EBF8096A7-LeaderElection26] INFO  server.RaftServer$Division (RaftServerImpl.java:setRole(392)) - 8eb9963e-bce0-4155-aea2-e442cadff8bd@group-715EBF8096A7: changes role from CANDIDATE to FOLLOWER at term 2 for REJECTED
2025-09-19 20:43:18,265 [8eb9963e-bce0-4155-aea2-e442cadff8bd@group-715EBF8096A7-LeaderElection26] INFO  impl.RoleInfo (RoleInfo.java:shutdownLeaderElection(141)) - 8eb9963e-bce0-4155-aea2-e442cadff8bd: shutdown 8eb9963e-bce0-4155-aea2-e442cadff8bd@group-715EBF8096A7-LeaderElection26
2025-09-19 20:43:18,265 [8eb9963e-bce0-4155-aea2-e442cadff8bd@group-715EBF8096A7-LeaderElection26] INFO  impl.RoleInfo (RoleInfo.java:updateAndGet(148)) - 8eb9963e-bce0-4155-aea2-e442cadff8bd: start 8eb9963e-bce0-4155-aea2-e442cadff8bd@group-715EBF8096A7-FollowerState
2025-09-19 20:43:18,476 [ForkJoinPool-1-worker-1] INFO  utils.DatanodeStoreCache (DatanodeStoreCache.java:shutdownCache(110)) - Skip clearing cache in mini cluster mode. Entries left: [/home/runner/work/ozone/ozone/hadoop-ozone/integration-test/target/test-dir/MiniOzoneClusterImpl-990002c2-bb69-4aa2-bd68-28a5e13e86ef/ozone-metadata/datanode-1/data-0/hdds/990002c2-bb69-4aa2-bd68-28a5e13e86ef/DS-3d966188-6e8b-4280-af48-36487f3106d4/container.db, /home/runner/work/ozone/ozone/hadoop-ozone/integration-test/target/test-dir/MiniOzoneClusterImpl-990002c2-bb69-4aa2-bd68-28a5e13e86ef/ozone-metadata/datanode-10/data-0/hdds/990002c2-bb69-4aa2-bd68-28a5e13e86ef/DS-d4d59647-a844-454f-9bbf-1ae447f964d1/container.db, /home/runner/work/ozone/ozone/hadoop-ozone/integration-test/target/test-dir/MiniOzoneClusterImpl-990002c2-bb69-4aa2-bd68-28a5e13e86ef/ozone-metadata/datanode-2/data-0/hdds/990002c2-bb69-4aa2-bd68-28a5e13e86ef/DS-69ac7518-6ece-4e77-96c1-96814a10e0cf/container.db, /home/runner/work/ozone/ozone/hadoop-ozone/integration-test/target/test-dir/MiniOzoneClusterImpl-990002c2-bb69-4aa2-bd68-28a5e13e86ef/ozone-metadata/datanode-4/data-0/hdds/990002c2-bb69-4aa2-bd68-28a5e13e86ef/DS-4e6824a3-16c7-4668-a829-65a4da2b6cb0/container.db, /home/runner/work/ozone/ozone/hadoop-ozone/integration-test/target/test-dir/MiniOzoneClusterImpl-990002c2-bb69-4aa2-bd68-28a5e13e86ef/ozone-metadata/datanode-5/data-0/hdds/990002c2-bb69-4aa2-bd68-28a5e13e86ef/DS-d330c7e4-7b2b-43d4-9af2-9f8fb582114f/container.db, /home/runner/work/ozone/ozone/hadoop-ozone/integration-test/target/test-dir/MiniOzoneClusterImpl-990002c2-bb69-4aa2-bd68-28a5e13e86ef/ozone-metadata/datanode-6/data-0/hdds/990002c2-bb69-4aa2-bd68-28a5e13e86ef/DS-fe8e0949-2f72-432b-82c6-cef628e0820f/container.db, /home/runner/work/ozone/ozone/hadoop-ozone/integration-test/target/test-dir/MiniOzoneClusterImpl-990002c2-bb69-4aa2-bd68-28a5e13e86ef/ozone-metadata/datanode-7/data-0/hdds/990002c2-bb69-4aa2-bd68-28a5e13e86ef/DS-7ca139a3-566d-4995-b9a1-d589e874febb/container.db, /home/runner/work/ozone/ozone/hadoop-ozone/integration-test/target/test-dir/MiniOzoneClusterImpl-990002c2-bb69-4aa2-bd68-28a5e13e86ef/ozone-metadata/datanode-8/data-0/hdds/990002c2-bb69-4aa2-bd68-28a5e13e86ef/DS-84e4acea-b2ce-4814-9959-95aa0a15992b/container.db, /home/runner/work/ozone/ozone/hadoop-ozone/integration-test/target/test-dir/MiniOzoneClusterImpl-990002c2-bb69-4aa2-bd68-28a5e13e86ef/ozone-metadata/datanode-9/data-0/hdds/990002c2-bb69-4aa2-bd68-28a5e13e86ef/DS-36ad5d1b-b97e-4995-8da6-aae7ff692fd5/container.db]
2025-09-19 20:43:18,477 [ForkJoinPool-1-worker-1] INFO  utils.DatanodeStoreCache (DatanodeStoreCache.java:removeDB(104)) - Removed db /home/runner/work/ozone/ozone/hadoop-ozone/integration-test/target/test-dir/MiniOzoneClusterImpl-990002c2-bb69-4aa2-bd68-28a5e13e86ef/ozone-metadata/datanode-2/data-0/hdds/990002c2-bb69-4aa2-bd68-28a5e13e86ef/DS-69ac7518-6ece-4e77-96c1-96814a10e0cf/container.db from cache
2025-09-19 20:43:18,477 [ForkJoinPool-1-worker-1] INFO  volume.HddsVolume (HddsVolume.java:closeDbStore(609)) - SchemaV3 db is stopped at /home/runner/work/ozone/ozone/hadoop-ozone/integration-test/target/test-dir/MiniOzoneClusterImpl-990002c2-bb69-4aa2-bd68-28a5e13e86ef/ozone-metadata/datanode-2/data-0/hdds/990002c2-bb69-4aa2-bd68-28a5e13e86ef/DS-69ac7518-6ece-4e77-96c1-96814a10e0cf/container.db for volume DS-69ac7518-6ece-4e77-96c1-96814a10e0cf
2025-09-19 20:43:18,477 [ForkJoinPool-1-worker-1] INFO  utils.BackgroundService (BackgroundService.java:shutdown(195)) - Shutting down service BlockDeletingService
2025-09-19 20:43:18,478 [ForkJoinPool-1-worker-1] INFO  utils.BackgroundService (BackgroundService.java:shutdown(195)) - Shutting down service StaleRecoveringContainerScrubbingService
2025-09-19 20:43:18,479 [ForkJoinPool-1-worker-1] INFO  statemachine.DatanodeStateMachine (DatanodeStateMachine.java:stopDaemon(654)) - Ozone container server stopped.
2025-09-19 20:43:18,492 [ForkJoinPool-1-worker-1] INFO  handler.ContextHandler (ContextHandler.java:doStop(1159)) - Stopped o.e.j.w.WebAppContext@651811cb{hddsDatanode,/,null,STOPPED}{jar:file:/home/runner/work/ozone/ozone/hadoop-hdds/container-service/target/hdds-container-service-2.1.0-SNAPSHOT.jar!/webapps/hddsDatanode}
2025-09-19 20:43:18,493 [ForkJoinPool-1-worker-1] INFO  server.AbstractConnector (AbstractConnector.java:doStop(383)) - Stopped ServerConnector@6591eaf6{HTTP/1.1, (http/1.1)}{0.0.0.0:15018}
2025-09-19 20:43:18,493 [ForkJoinPool-1-worker-1] INFO  server.session (HouseKeeper.java:stopScavenging(149)) - node0 Stopped scavenging
2025-09-19 20:43:18,493 [ForkJoinPool-1-worker-1] INFO  handler.ContextHandler (ContextHandler.java:doStop(1159)) - Stopped o.e.j.s.ServletContextHandler@29e5f93f{static,/static,jar:file:/home/runner/work/ozone/ozone/hadoop-hdds/container-service/target/hdds-container-service-2.1.0-SNAPSHOT.jar!/webapps/static,STOPPED}
2025-09-19 20:43:18,493 [ForkJoinPool-1-worker-1] INFO  handler.ContextHandler (ContextHandler.java:doStop(1159)) - Stopped o.e.j.s.ServletContextHandler@46a3d15b{logs,/logs,file:///home/runner/work/ozone/ozone/hadoop-ozone/integration-test/target/log,STOPPED}
2025-09-19 20:43:18,494 [ForkJoinPool-1-worker-1] INFO  ozone.HddsDatanodeClientProtocolServer (HddsDatanodeClientProtocolServer.java:stop(82)) - Stopping the RPC server for Client Protocol
2025-09-19 20:43:18,494 [ForkJoinPool-1-worker-1] INFO  ipc.Server (Server.java:stop(3697)) - Stopping server on 15019
2025-09-19 20:43:18,496 [IPC Server listener on 15019] INFO  ipc.Server (Server.java:run(1585)) - Stopping IPC Server listener on 15019
2025-09-19 20:43:18,496 [IPC Server Responder] INFO  ipc.Server (Server.java:run(1718)) - Stopping IPC Server Responder
2025-09-19 20:43:18,522 [ForkJoinPool-1-worker-1] ERROR impl.OrderedAsync (OrderedAsync.java:lambda$null$6(215)) -  client-730261A1D9D9: Failed* RaftClientRequest:client-730261A1D9D9->b5a25cc1-46d3-4381-a194-bd68f4526f1c@group-715EBF8096A7, cid=16, seq=4, RW, cmdType: WriteChunk
traceID: ""
containerID: 1
datanodeUuid: "b5a25cc1-46d3-4381-a194-bd68f4526f1c"
writeChunk {
  blockID {
    containerID: 1
    localID: 115816896921600001
    blockCommitSequenceId: 2
    replicaIndex: 0
  }
  chunkData {
    chunkName: "115816896921600001_chunk_2"
    offset: 1048576
    len: 1048576
    checksumData {
      type: CRC32
      bytesPerChecksum: 16384
      checksums: "\326\360U\321"
      checksums: "\326\360U\321"
      checksums: "\326\360U\321"
      checksums: "\326\360U\321"
      checksums: "\326\360U\321"
      checksums: "\326\360U\321"
      checksums: "\326\360U\321"
      checksums: "\326\360U\321"
      checksums: "\326\360U\321"
      checksums: "\326\360U\321"
      checksums: "\326\360U\321"
      checksums: "\326\360U\321"
      checksums: "\326\360U\321"
      checksums: "\326\360U\321"
      checksums: "\326\360U\321"
      checksums: "\326\360U\321"
      checksums: "\326\360U\321"
      checksums: "\326\360U\321"
      checksums: "\326\360U\321"
      checksums: "\326\360U\321"
      checksums: "\326\360U\321"
      checksums: "\326\360U\321"
      checksums: "\326\360U\321"
      checksums: "\326\360U\321"
      checksums: "\326\360U\321"
      checksums: "\326\360U\321"
      checksums: "\326\360U\321"
      checksums: "\326\360U\321"
      checksums: "\326\360U\321"
      checksums: "\326\360U\321"
      checksums: "\326\360U\321"
      checksums: "\326\360U\321"
      checksums: "\326\360U\321"
      checksums: "\326\360U\321"
      checksums: "\326\360U\321"
      checksums: "\326\360U\321"
      checksums: "\326\360U\321"
      checksums: "\326\360U\321"
      checksums: "\326\360U\321"
      checksums: "\326\360U\321"
      checksums: "\326\360U\321"
      checksums: "\326\360U\321"
      checksums: "\326\360U\321"
      checksums: "\326\360U\321"
      checksums: "\326\360U\321"
      checksums: "\326\360U\321"
      checksums: "\326\360U\321"
      checksums: "\326\360U\321"
      checksums: "\326\360U\321"
      checksums: "\326\360U\321"
      checksums: "\326\360U\321"
      checksums: "\326\360U\321"
      checksums: "\326\360U\321"
      checksums: "\326\360U\321"
      checksums: "\326\360U\321"
      checksums: "\326\360U\321"
      checksums: "\326\360U\321"
      checksums: "\326\360U\321"
      checksums: "\326\360U\321"
      checksums: "\326\360U\321"
      checksums: "\326\360U\321"
      checksums: "\326\360U\321"
      checksums: "\326\360U\321"
      checksums: "H$\374\021"
    }
  }
}
version: 3
, data.size=1048576
java.util.concurrent.CompletionException: org.apache.ratis.protocol.exceptions.AlreadyClosedException: client-730261A1D9D9->b5a25cc1-46d3-4381-a194-bd68f4526f1c is closed.
	at java.base/java.util.concurrent.CompletableFuture.encodeThrowable(CompletableFuture.java:332)
	at java.base/java.util.concurrent.CompletableFuture.uniAcceptNow(CompletableFuture.java:747)
	at java.base/java.util.concurrent.CompletableFuture.uniAcceptStage(CompletableFuture.java:735)
	at java.base/java.util.concurrent.CompletableFuture.thenAccept(CompletableFuture.java:2214)
	at org.apache.ratis.client.impl.OrderedAsync.sendRequestWithRetry(OrderedAsync.java:206)
	at org.apache.ratis.util.SlidingWindow$Client.sendOrDelayRequest(SlidingWindow.java:306)
	at org.apache.ratis.util.SlidingWindow$Client.submitNewRequest(SlidingWindow.java:294)
	at org.apache.ratis.client.impl.OrderedAsync.send(OrderedAsync.java:173)
	at org.apache.ratis.client.impl.AsyncImpl.send(AsyncImpl.java:41)
	at org.apache.ratis.client.impl.AsyncImpl.send(AsyncImpl.java:46)
	at org.apache.ratis.client.api.AsyncApi.send(AsyncApi.java:46)
	at org.apache.hadoop.hdds.scm.XceiverClientRatis.lambda$sendRequestAsync$3(XceiverClientRatis.java:270)
	at org.apache.hadoop.hdds.tracing.TracingUtil.executeInSpan(TracingUtil.java:167)
	at org.apache.hadoop.hdds.tracing.TracingUtil.executeInNewSpan(TracingUtil.java:157)
	at org.apache.hadoop.hdds.scm.XceiverClientRatis.sendRequestAsync(XceiverClientRatis.java:255)
	at org.apache.hadoop.hdds.scm.XceiverClientRatis.sendCommandAsync(XceiverClientRatis.java:368)
	at org.apache.hadoop.hdds.scm.storage.ContainerProtocolCalls.writeChunkAsync(ContainerProtocolCalls.java:476)
	at org.apache.hadoop.hdds.scm.storage.BlockOutputStream.writeChunkToContainer(BlockOutputStream.java:965)
	at org.apache.hadoop.hdds.scm.storage.BlockOutputStream.writeChunk(BlockOutputStream.java:663)
	at org.apache.hadoop.hdds.scm.storage.BlockOutputStream.writeChunkIfNeeded(BlockOutputStream.java:363)
	at org.apache.hadoop.hdds.scm.storage.BlockOutputStream.write(BlockOutputStream.java:389)
	at org.apache.hadoop.ozone.client.io.BlockOutputStreamEntry.write(BlockOutputStreamEntry.java:183)
	at org.apache.hadoop.ozone.client.io.KeyOutputStream.writeToOutputStream(KeyOutputStream.java:298)
	at org.apache.hadoop.ozone.client.io.KeyOutputStream.handleWrite(KeyOutputStream.java:274)
	at org.apache.hadoop.ozone.client.io.KeyOutputStream.lambda$write$1(KeyOutputStream.java:240)
	at org.apache.hadoop.ozone.client.io.KeyOutputStream.doInWriteLock(KeyOutputStream.java:251)
	at org.apache.hadoop.ozone.client.io.KeyOutputStream.write(KeyOutputStream.java:239)
	at org.apache.hadoop.ozone.client.io.OzoneOutputStream.write(OzoneOutputStream.java:93)
	at java.base/java.io.OutputStream.write(OutputStream.java:124)
	at org.apache.hadoop.ozone.client.rpc.TestFailureHandlingByClient.testPipelineExclusionWithPipelineFailure(TestFailureHandlingByClient.java:530)
	at java.base/jdk.internal.reflect.DirectMethodHandleAccessor.invoke(DirectMethodHandleAccessor.java:103)
	at java.base/java.lang.reflect.Method.invoke(Method.java:580)
	at org.junit.platform.commons.util.ReflectionUtils.invokeMethod(ReflectionUtils.java:787)
	at org.junit.platform.commons.support.ReflectionSupport.invokeMethod(ReflectionSupport.java:478)
	at org.junit.jupiter.engine.execution.MethodInvocation.proceed(MethodInvocation.java:60)
	at org.junit.jupiter.engine.execution.InvocationInterceptorChain$ValidatingInvocation.proceed(InvocationInterceptorChain.java:131)
	at org.junit.jupiter.engine.extension.SameThreadTimeoutInvocation.proceed(SameThreadTimeoutInvocation.java:49)
	at org.junit.jupiter.engine.extension.TimeoutExtension.intercept(TimeoutExtension.java:161)
	at org.junit.jupiter.engine.extension.TimeoutExtension.interceptTestableMethod(TimeoutExtension.java:152)
	at org.junit.jupiter.engine.extension.TimeoutExtension.interceptTestMethod(TimeoutExtension.java:91)
	at org.junit.jupiter.engine.execution.InterceptingExecutableInvoker$ReflectiveInterceptorCall.lambda$ofVoidMethod$0(InterceptingExecutableInvoker.java:112)
	at org.junit.jupiter.engine.execution.InterceptingExecutableInvoker.lambda$invoke$0(InterceptingExecutableInvoker.java:94)
	at org.junit.jupiter.engine.execution.InvocationInterceptorChain$InterceptedInvocation.proceed(InvocationInterceptorChain.java:106)
	at org.junit.jupiter.engine.execution.InvocationInterceptorChain.proceed(InvocationInterceptorChain.java:64)
	at org.junit.jupiter.engine.execution.InvocationInterceptorChain.chainAndInvoke(InvocationInterceptorChain.java:45)
	at org.junit.jupiter.engine.execution.InvocationInterceptorChain.invoke(InvocationInterceptorChain.java:37)
	at org.junit.jupiter.engine.execution.InterceptingExecutableInvoker.invoke(InterceptingExecutableInvoker.java:93)
	at org.junit.jupiter.engine.execution.InterceptingExecutableInvoker.invoke(InterceptingExecutableInvoker.java:87)
	at org.junit.jupiter.engine.descriptor.TestMethodTestDescriptor.lambda$invokeTestMethod$4(TestMethodTestDescriptor.java:221)
	at org.junit.platform.engine.support.hierarchical.ThrowableCollector.execute(ThrowableCollector.java:73)
	at org.junit.jupiter.engine.descriptor.TestMethodTestDescriptor.invokeTestMethod(TestMethodTestDescriptor.java:217)
	at org.junit.jupiter.engine.descriptor.TestMethodTestDescriptor.execute(TestMethodTestDescriptor.java:159)
	at org.junit.jupiter.engine.descriptor.TestMethodTestDescriptor.execute(TestMethodTestDescriptor.java:70)
	at org.junit.platform.engine.support.hierarchical.NodeTestTask.lambda$executeRecursively$6(NodeTestTask.java:157)
	at org.junit.platform.engine.support.hierarchical.ThrowableCollector.execute(ThrowableCollector.java:73)
	at org.junit.platform.engine.support.hierarchical.NodeTestTask.lambda$executeRecursively$8(NodeTestTask.java:147)
	at org.junit.platform.engine.support.hierarchical.Node.around(Node.java:137)
	at org.junit.platform.engine.support.hierarchical.NodeTestTask.lambda$executeRecursively$9(NodeTestTask.java:145)
	at org.junit.platform.engine.support.hierarchical.ThrowableCollector.execute(ThrowableCollector.java:73)
	at org.junit.platform.engine.support.hierarchical.NodeTestTask.executeRecursively(NodeTestTask.java:144)
	at org.junit.platform.engine.support.hierarchical.NodeTestTask.execute(NodeTestTask.java:101)
	at org.junit.platform.engine.support.hierarchical.ForkJoinPoolHierarchicalTestExecutorService$ExclusiveTask.exec(ForkJoinPoolHierarchicalTestExecutorService.java:274)
	at org.junit.platform.engine.support.hierarchical.ForkJoinPoolHierarchicalTestExecutorService$ExclusiveTask.execSync(ForkJoinPoolHierarchicalTestExecutorService.java:247)
	at org.junit.platform.engine.support.hierarchical.ForkJoinPoolHierarchicalTestExecutorService.executeSync(ForkJoinPoolHierarchicalTestExecutorService.java:194)
	at org.junit.platform.engine.support.hierarchical.ForkJoinPoolHierarchicalTestExecutorService.invokeAll(ForkJoinPoolHierarchicalTestExecutorService.java:166)
	at org.junit.platform.engine.support.hierarchical.NodeTestTask.lambda$executeRecursively$6(NodeTestTask.java:161)
	at org.junit.platform.engine.support.hierarchical.ThrowableCollector.execute(ThrowableCollector.java:73)
	at org.junit.platform.engine.support.hierarchical.NodeTestTask.lambda$executeRecursively$8(NodeTestTask.java:147)
	at org.junit.platform.engine.support.hierarchical.Node.around(Node.java:137)
	at org.junit.platform.engine.support.hierarchical.NodeTestTask.lambda$executeRecursively$9(NodeTestTask.java:145)
	at org.junit.platform.engine.support.hierarchical.ThrowableCollector.execute(ThrowableCollector.java:73)
	at org.junit.platform.engine.support.hierarchical.NodeTestTask.executeRecursively(NodeTestTask.java:144)
	at org.junit.platform.engine.support.hierarchical.NodeTestTask.execute(NodeTestTask.java:101)
	at org.junit.platform.engine.support.hierarchical.ForkJoinPoolHierarchicalTestExecutorService$ExclusiveTask.exec(ForkJoinPoolHierarchicalTestExecutorService.java:274)
	at org.junit.platform.engine.support.hierarchical.ForkJoinPoolHierarchicalTestExecutorService$ExclusiveTask.execSync(ForkJoinPoolHierarchicalTestExecutorService.java:247)
	at org.junit.platform.engine.support.hierarchical.ForkJoinPoolHierarchicalTestExecutorService.invokeAll(ForkJoinPoolHierarchicalTestExecutorService.java:159)
	at org.junit.platform.engine.support.hierarchical.NodeTestTask.lambda$executeRecursively$6(NodeTestTask.java:161)
	at org.junit.platform.engine.support.hierarchical.ThrowableCollector.execute(ThrowableCollector.java:73)
	at org.junit.platform.engine.support.hierarchical.NodeTestTask.lambda$executeRecursively$8(NodeTestTask.java:147)
	at org.junit.platform.engine.support.hierarchical.Node.around(Node.java:137)
	at org.junit.platform.engine.support.hierarchical.NodeTestTask.lambda$executeRecursively$9(NodeTestTask.java:145)
	at org.junit.platform.engine.support.hierarchical.ThrowableCollector.execute(ThrowableCollector.java:73)
	at org.junit.platform.engine.support.hierarchical.NodeTestTask.executeRecursively(NodeTestTask.java:144)
	at org.junit.platform.engine.support.hierarchical.NodeTestTask.execute(NodeTestTask.java:101)
	at org.junit.platform.engine.support.hierarchical.ForkJoinPoolHierarchicalTestExecutorService$ExclusiveTask.exec(ForkJoinPoolHierarchicalTestExecutorService.java:274)
	at java.base/java.util.concurrent.ForkJoinTask.doExec(ForkJoinTask.java:387)
	at java.base/java.util.concurrent.ForkJoinPool$WorkQueue.topLevelExec(ForkJoinPool.java:1312)
	at java.base/java.util.concurrent.ForkJoinPool.scan(ForkJoinPool.java:1843)
	at java.base/java.util.concurrent.ForkJoinPool.runWorker(ForkJoinPool.java:1808)
	at java.base/java.util.concurrent.ForkJoinWorkerThread.run(ForkJoinWorkerThread.java:188)
Caused by: org.apache.ratis.protocol.exceptions.AlreadyClosedException: client-730261A1D9D9->b5a25cc1-46d3-4381-a194-bd68f4526f1c is closed.
	at org.apache.ratis.grpc.client.GrpcClientProtocolClient$AsyncStreamObservers.onNext(GrpcClientProtocolClient.java:352)
	at org.apache.ratis.grpc.client.GrpcClientRpc.sendRequestAsync(GrpcClientRpc.java:71)
	... 86 more
2025-09-19 20:43:18,549 [8eb9963e-bce0-4155-aea2-e442cadff8bd@group-A751954341BD-FollowerState] INFO  impl.FollowerState (FollowerState.java:lostMajorityHeartbeatsRecently(113)) - 8eb9963e-bce0-4155-aea2-e442cadff8bd@group-A751954341BD-FollowerState: Skipping leader election since it stepped down recently (elapsed = 1064ms < waitTime = 10s)
2025-09-19 20:43:18,957 [timer6] WARN  server.GrpcLogAppender (LogUtils.java:warn(127)) - 0df1231c-9f8a-4757-a7d0-f6d7f53bc482@group-715EBF8096A7->b5a25cc1-46d3-4381-a194-bd68f4526f1c-AppendLogResponseHandler: Failed appendEntries (Repeated 12 times in the last 5.001s): org.apache.ratis.thirdparty.io.grpc.StatusRuntimeException: UNAVAILABLE: io exception
  Caused by: org.apache.ratis.thirdparty.io.netty.channel.AbstractChannel$AnnotatedConnectException: finishConnect(..) failed: Connection refused: /127.0.0.1:15031
  Caused by: java.net.ConnectException: finishConnect(..) failed: Connection refused
2025-09-19 20:43:18,958 [timer1] WARN  server.GrpcLogAppender (GrpcLogAppender.java:lambda$resetClient$1(228)) - 0df1231c-9f8a-4757-a7d0-f6d7f53bc482@group-715EBF8096A7->b5a25cc1-46d3-4381-a194-bd68f4526f1c-GrpcLogAppender: Follower failed (request=null, errorCount=4); keep nextIndex (6) unchanged and retry. (Repeated 3 times in the last 5.000s)
2025-09-19 20:43:18,977 [timer7] WARN  server.GrpcLogAppender (GrpcLogAppender.java:lambda$resetClient$1(228)) - 0df1231c-9f8a-4757-a7d0-f6d7f53bc482@group-715EBF8096A7->b5a25cc1-46d3-4381-a194-bd68f4526f1c-GrpcLogAppender: Follower failed (request=null, errorCount=12); keep nextIndex (7) unchanged and retry. (Repeated 8 times in the last 5.000s)
2025-09-19 20:43:19,374 [8eb9963e-bce0-4155-aea2-e442cadff8bd@group-715EBF8096A7-FollowerState] INFO  impl.FollowerState (FollowerState.java:runImpl(161)) - 8eb9963e-bce0-4155-aea2-e442cadff8bd@group-715EBF8096A7-FollowerState: change to CANDIDATE, lastRpcElapsedTime:1108412172ns, electionTimeout:1108ms
2025-09-19 20:43:19,374 [8eb9963e-bce0-4155-aea2-e442cadff8bd@group-715EBF8096A7-FollowerState] INFO  impl.RoleInfo (RoleInfo.java:shutdownFollowerState(121)) - 8eb9963e-bce0-4155-aea2-e442cadff8bd: shutdown 8eb9963e-bce0-4155-aea2-e442cadff8bd@group-715EBF8096A7-FollowerState
2025-09-19 20:43:19,374 [8eb9963e-bce0-4155-aea2-e442cadff8bd@group-715EBF8096A7-FollowerState] INFO  server.RaftServer$Division (RaftServerImpl.java:setRole(392)) - 8eb9963e-bce0-4155-aea2-e442cadff8bd@group-715EBF8096A7: changes role from  FOLLOWER to CANDIDATE at term 2 for changeToCandidate
2025-09-19 20:43:19,374 [8eb9963e-bce0-4155-aea2-e442cadff8bd@group-715EBF8096A7-FollowerState] INFO  impl.RoleInfo (RoleInfo.java:updateAndGet(148)) - 8eb9963e-bce0-4155-aea2-e442cadff8bd: start 8eb9963e-bce0-4155-aea2-e442cadff8bd@group-715EBF8096A7-LeaderElection27
2025-09-19 20:43:19,375 [8eb9963e-bce0-4155-aea2-e442cadff8bd@group-715EBF8096A7-LeaderElection27] INFO  impl.LeaderElection (LeaderElection.java:askForVotes(448)) - 8eb9963e-bce0-4155-aea2-e442cadff8bd@group-715EBF8096A7-LeaderElection27 PRE_VOTE round 0: submit vote requests at term 2 for conf: {index: 5, cur=peers:[b5a25cc1-46d3-4381-a194-bd68f4526f1c|127.0.0.1:15031, 0df1231c-9f8a-4757-a7d0-f6d7f53bc482|127.0.0.1:15023, 8eb9963e-bce0-4155-aea2-e442cadff8bd|127.0.0.1:15015]|listeners:[], old=null}
2025-09-19 20:43:19,375 [8eb9963e-bce0-4155-aea2-e442cadff8bd@group-715EBF8096A7-LeaderElection27] INFO  impl.LeaderElection (LogUtils.java:infoOrTrace(142)) - 8eb9963e-bce0-4155-aea2-e442cadff8bd@group-715EBF8096A7-LeaderElection27 got exception when requesting votes: java.util.concurrent.ExecutionException: org.apache.ratis.thirdparty.io.grpc.StatusRuntimeException: UNAVAILABLE: io exception
2025-09-19 20:43:19,375 [8eb9963e-bce0-4155-aea2-e442cadff8bd@group-715EBF8096A7-LeaderElection27] INFO  impl.LeaderElection (LogUtils.java:infoOrTrace(142)) - 8eb9963e-bce0-4155-aea2-e442cadff8bd@group-715EBF8096A7-LeaderElection27 got exception when requesting votes: java.util.concurrent.ExecutionException: org.apache.ratis.thirdparty.io.grpc.StatusRuntimeException: UNAVAILABLE: io exception
2025-09-19 20:43:19,375 [8eb9963e-bce0-4155-aea2-e442cadff8bd@group-715EBF8096A7-LeaderElection27] INFO  impl.LeaderElection (LeaderElection.java:logAndReturn(206)) - 8eb9963e-bce0-4155-aea2-e442cadff8bd@group-715EBF8096A7-LeaderElection27: PRE_VOTE REJECTED received 0 response(s) and 2 exception(s):
2025-09-19 20:43:19,375 [8eb9963e-bce0-4155-aea2-e442cadff8bd@group-715EBF8096A7-LeaderElection27] INFO  impl.LeaderElection (LogUtils.java:infoOrTrace(142)) -   Exception 0: java.util.concurrent.ExecutionException: org.apache.ratis.thirdparty.io.grpc.StatusRuntimeException: UNAVAILABLE: io exception
2025-09-19 20:43:19,375 [8eb9963e-bce0-4155-aea2-e442cadff8bd@group-715EBF8096A7-LeaderElection27] INFO  impl.LeaderElection (LogUtils.java:infoOrTrace(142)) -   Exception 1: java.util.concurrent.ExecutionException: org.apache.ratis.thirdparty.io.grpc.StatusRuntimeException: UNAVAILABLE: io exception
2025-09-19 20:43:19,375 [8eb9963e-bce0-4155-aea2-e442cadff8bd@group-715EBF8096A7-LeaderElection27] INFO  impl.LeaderElection (LeaderElection.java:askForVotes(450)) - 8eb9963e-bce0-4155-aea2-e442cadff8bd@group-715EBF8096A7-LeaderElection27 PRE_VOTE round 0: result REJECTED
2025-09-19 20:43:19,376 [8eb9963e-bce0-4155-aea2-e442cadff8bd@group-715EBF8096A7-LeaderElection27] INFO  server.RaftServer$Division (RaftServerImpl.java:setRole(392)) - 8eb9963e-bce0-4155-aea2-e442cadff8bd@group-715EBF8096A7: changes role from CANDIDATE to FOLLOWER at term 2 for REJECTED
2025-09-19 20:43:19,376 [8eb9963e-bce0-4155-aea2-e442cadff8bd@group-715EBF8096A7-LeaderElection27] INFO  impl.RoleInfo (RoleInfo.java:shutdownLeaderElection(141)) - 8eb9963e-bce0-4155-aea2-e442cadff8bd: shutdown 8eb9963e-bce0-4155-aea2-e442cadff8bd@group-715EBF8096A7-LeaderElection27
2025-09-19 20:43:19,376 [8eb9963e-bce0-4155-aea2-e442cadff8bd@group-715EBF8096A7-LeaderElection27] INFO  impl.RoleInfo (RoleInfo.java:updateAndGet(148)) - 8eb9963e-bce0-4155-aea2-e442cadff8bd: start 8eb9963e-bce0-4155-aea2-e442cadff8bd@group-715EBF8096A7-FollowerState
2025-09-19 20:43:19,711 [8eb9963e-bce0-4155-aea2-e442cadff8bd@group-A751954341BD-FollowerState] INFO  impl.FollowerState (FollowerState.java:lostMajorityHeartbeatsRecently(113)) - 8eb9963e-bce0-4155-aea2-e442cadff8bd@group-A751954341BD-FollowerState: Skipping leader election since it stepped down recently (elapsed = 2225ms < waitTime = 10s)
2025-09-19 20:43:20,396 [8eb9963e-bce0-4155-aea2-e442cadff8bd@group-715EBF8096A7-FollowerState] INFO  impl.FollowerState (FollowerState.java:runImpl(161)) - 8eb9963e-bce0-4155-aea2-e442cadff8bd@group-715EBF8096A7-FollowerState: change to CANDIDATE, lastRpcElapsedTime:1020258393ns, electionTimeout:1020ms
2025-09-19 20:43:20,396 [8eb9963e-bce0-4155-aea2-e442cadff8bd@group-715EBF8096A7-FollowerState] INFO  impl.RoleInfo (RoleInfo.java:shutdownFollowerState(121)) - 8eb9963e-bce0-4155-aea2-e442cadff8bd: shutdown 8eb9963e-bce0-4155-aea2-e442cadff8bd@group-715EBF8096A7-FollowerState
2025-09-19 20:43:20,396 [8eb9963e-bce0-4155-aea2-e442cadff8bd@group-715EBF8096A7-FollowerState] INFO  server.RaftServer$Division (RaftServerImpl.java:setRole(392)) - 8eb9963e-bce0-4155-aea2-e442cadff8bd@group-715EBF8096A7: changes role from  FOLLOWER to CANDIDATE at term 2 for changeToCandidate
2025-09-19 20:43:20,396 [8eb9963e-bce0-4155-aea2-e442cadff8bd@group-715EBF8096A7-FollowerState] INFO  impl.RoleInfo (RoleInfo.java:updateAndGet(148)) - 8eb9963e-bce0-4155-aea2-e442cadff8bd: start 8eb9963e-bce0-4155-aea2-e442cadff8bd@group-715EBF8096A7-LeaderElection28
2025-09-19 20:43:20,397 [8eb9963e-bce0-4155-aea2-e442cadff8bd@group-715EBF8096A7-LeaderElection28] INFO  impl.LeaderElection (LeaderElection.java:askForVotes(448)) - 8eb9963e-bce0-4155-aea2-e442cadff8bd@group-715EBF8096A7-LeaderElection28 PRE_VOTE round 0: submit vote requests at term 2 for conf: {index: 5, cur=peers:[b5a25cc1-46d3-4381-a194-bd68f4526f1c|127.0.0.1:15031, 0df1231c-9f8a-4757-a7d0-f6d7f53bc482|127.0.0.1:15023, 8eb9963e-bce0-4155-aea2-e442cadff8bd|127.0.0.1:15015]|listeners:[], old=null}
2025-09-19 20:43:20,397 [8eb9963e-bce0-4155-aea2-e442cadff8bd@group-715EBF8096A7-LeaderElection28] INFO  impl.LeaderElection (LogUtils.java:infoOrTrace(142)) - 8eb9963e-bce0-4155-aea2-e442cadff8bd@group-715EBF8096A7-LeaderElection28 got exception when requesting votes: java.util.concurrent.ExecutionException: org.apache.ratis.thirdparty.io.grpc.StatusRuntimeException: UNAVAILABLE: io exception
2025-09-19 20:43:20,397 [8eb9963e-bce0-4155-aea2-e442cadff8bd@group-715EBF8096A7-LeaderElection28] INFO  impl.LeaderElection (LogUtils.java:infoOrTrace(142)) - 8eb9963e-bce0-4155-aea2-e442cadff8bd@group-715EBF8096A7-LeaderElection28 got exception when requesting votes: java.util.concurrent.ExecutionException: org.apache.ratis.thirdparty.io.grpc.StatusRuntimeException: UNAVAILABLE: io exception
2025-09-19 20:43:20,398 [8eb9963e-bce0-4155-aea2-e442cadff8bd@group-715EBF8096A7-LeaderElection28] INFO  impl.LeaderElection (LeaderElection.java:logAndReturn(206)) - 8eb9963e-bce0-4155-aea2-e442cadff8bd@group-715EBF8096A7-LeaderElection28: PRE_VOTE REJECTED received 0 response(s) and 2 exception(s):
2025-09-19 20:43:20,398 [8eb9963e-bce0-4155-aea2-e442cadff8bd@group-715EBF8096A7-LeaderElection28] INFO  impl.LeaderElection (LogUtils.java:infoOrTrace(142)) -   Exception 0: java.util.concurrent.ExecutionException: org.apache.ratis.thirdparty.io.grpc.StatusRuntimeException: UNAVAILABLE: io exception
2025-09-19 20:43:20,398 [8eb9963e-bce0-4155-aea2-e442cadff8bd@group-715EBF8096A7-LeaderElection28] INFO  impl.LeaderElection (LogUtils.java:infoOrTrace(142)) -   Exception 1: java.util.concurrent.ExecutionException: org.apache.ratis.thirdparty.io.grpc.StatusRuntimeException: UNAVAILABLE: io exception
2025-09-19 20:43:20,398 [8eb9963e-bce0-4155-aea2-e442cadff8bd@group-715EBF8096A7-LeaderElection28] INFO  impl.LeaderElection (LeaderElection.java:askForVotes(450)) - 8eb9963e-bce0-4155-aea2-e442cadff8bd@group-715EBF8096A7-LeaderElection28 PRE_VOTE round 0: result REJECTED
2025-09-19 20:43:20,398 [8eb9963e-bce0-4155-aea2-e442cadff8bd@group-715EBF8096A7-LeaderElection28] INFO  server.RaftServer$Division (RaftServerImpl.java:setRole(392)) - 8eb9963e-bce0-4155-aea2-e442cadff8bd@group-715EBF8096A7: changes role from CANDIDATE to FOLLOWER at term 2 for REJECTED
2025-09-19 20:43:20,398 [8eb9963e-bce0-4155-aea2-e442cadff8bd@group-715EBF8096A7-LeaderElection28] INFO  impl.RoleInfo (RoleInfo.java:shutdownLeaderElection(141)) - 8eb9963e-bce0-4155-aea2-e442cadff8bd: shutdown 8eb9963e-bce0-4155-aea2-e442cadff8bd@group-715EBF8096A7-LeaderElection28
2025-09-19 20:43:20,398 [8eb9963e-bce0-4155-aea2-e442cadff8bd@group-715EBF8096A7-LeaderElection28] INFO  impl.RoleInfo (RoleInfo.java:updateAndGet(148)) - 8eb9963e-bce0-4155-aea2-e442cadff8bd: start 8eb9963e-bce0-4155-aea2-e442cadff8bd@group-715EBF8096A7-FollowerState
2025-09-19 20:43:20,770 [timer6] WARN  server.GrpcLogAppender (LogUtils.java:warn(127)) - 8eb9963e-bce0-4155-aea2-e442cadff8bd@group-A751954341BD->0df1231c-9f8a-4757-a7d0-f6d7f53bc482-AppendLogResponseHandler: Failed appendEntries (Repeated 12 times in the last 5.001s): org.apache.ratis.thirdparty.io.grpc.StatusRuntimeException: UNAVAILABLE: io exception
  Caused by: org.apache.ratis.thirdparty.io.netty.channel.AbstractChannel$AnnotatedConnectException: finishConnect(..) failed: Connection refused: /127.0.0.1:15023
  Caused by: java.net.ConnectException: finishConnect(..) failed: Connection refused
2025-09-19 20:43:20,771 [timer7] WARN  server.GrpcLogAppender (GrpcLogAppender.java:lambda$resetClient$1(228)) - 8eb9963e-bce0-4155-aea2-e442cadff8bd@group-A751954341BD->0df1231c-9f8a-4757-a7d0-f6d7f53bc482-GrpcLogAppender: Follower failed (request=null, errorCount=12); keep nextIndex (1) unchanged and retry. (Repeated 12 times in the last 5.001s)
2025-09-19 20:43:20,878 [8eb9963e-bce0-4155-aea2-e442cadff8bd@group-A751954341BD-FollowerState] INFO  impl.FollowerState (FollowerState.java:lostMajorityHeartbeatsRecently(113)) - 8eb9963e-bce0-4155-aea2-e442cadff8bd@group-A751954341BD-FollowerState: Skipping leader election since it stepped down recently (elapsed = 3392ms < waitTime = 10s)
2025-09-19 20:43:21,581 [8eb9963e-bce0-4155-aea2-e442cadff8bd@group-715EBF8096A7-FollowerState] INFO  impl.FollowerState (FollowerState.java:runImpl(161)) - 8eb9963e-bce0-4155-aea2-e442cadff8bd@group-715EBF8096A7-FollowerState: change to CANDIDATE, lastRpcElapsedTime:1183391751ns, electionTimeout:1183ms
2025-09-19 20:43:21,581 [8eb9963e-bce0-4155-aea2-e442cadff8bd@group-715EBF8096A7-FollowerState] INFO  impl.RoleInfo (RoleInfo.java:shutdownFollowerState(121)) - 8eb9963e-bce0-4155-aea2-e442cadff8bd: shutdown 8eb9963e-bce0-4155-aea2-e442cadff8bd@group-715EBF8096A7-FollowerState
2025-09-19 20:43:21,582 [8eb9963e-bce0-4155-aea2-e442cadff8bd@group-715EBF8096A7-FollowerState] INFO  server.RaftServer$Division (RaftServerImpl.java:setRole(392)) - 8eb9963e-bce0-4155-aea2-e442cadff8bd@group-715EBF8096A7: changes role from  FOLLOWER to CANDIDATE at term 2 for changeToCandidate
2025-09-19 20:43:21,582 [8eb9963e-bce0-4155-aea2-e442cadff8bd@group-715EBF8096A7-FollowerState] INFO  impl.RoleInfo (RoleInfo.java:updateAndGet(148)) - 8eb9963e-bce0-4155-aea2-e442cadff8bd: start 8eb9963e-bce0-4155-aea2-e442cadff8bd@group-715EBF8096A7-LeaderElection29
2025-09-19 20:43:21,582 [8eb9963e-bce0-4155-aea2-e442cadff8bd@group-715EBF8096A7-LeaderElection29] INFO  impl.LeaderElection (LeaderElection.java:askForVotes(448)) - 8eb9963e-bce0-4155-aea2-e442cadff8bd@group-715EBF8096A7-LeaderElection29 PRE_VOTE round 0: submit vote requests at term 2 for conf: {index: 5, cur=peers:[b5a25cc1-46d3-4381-a194-bd68f4526f1c|127.0.0.1:15031, 0df1231c-9f8a-4757-a7d0-f6d7f53bc482|127.0.0.1:15023, 8eb9963e-bce0-4155-aea2-e442cadff8bd|127.0.0.1:15015]|listeners:[], old=null}
2025-09-19 20:43:21,583 [8eb9963e-bce0-4155-aea2-e442cadff8bd@group-715EBF8096A7-LeaderElection29] INFO  impl.LeaderElection (LogUtils.java:infoOrTrace(142)) - 8eb9963e-bce0-4155-aea2-e442cadff8bd@group-715EBF8096A7-LeaderElection29 got exception when requesting votes: java.util.concurrent.ExecutionException: org.apache.ratis.thirdparty.io.grpc.StatusRuntimeException: UNAVAILABLE: io exception
2025-09-19 20:43:21,583 [8eb9963e-bce0-4155-aea2-e442cadff8bd@group-715EBF8096A7-LeaderElection29] INFO  impl.LeaderElection (LogUtils.java:infoOrTrace(142)) - 8eb9963e-bce0-4155-aea2-e442cadff8bd@group-715EBF8096A7-LeaderElection29 got exception when requesting votes: java.util.concurrent.ExecutionException: org.apache.ratis.thirdparty.io.grpc.StatusRuntimeException: UNAVAILABLE: io exception
2025-09-19 20:43:21,583 [8eb9963e-bce0-4155-aea2-e442cadff8bd@group-715EBF8096A7-LeaderElection29] INFO  impl.LeaderElection (LeaderElection.java:logAndReturn(206)) - 8eb9963e-bce0-4155-aea2-e442cadff8bd@group-715EBF8096A7-LeaderElection29: PRE_VOTE REJECTED received 0 response(s) and 2 exception(s):
2025-09-19 20:43:21,583 [8eb9963e-bce0-4155-aea2-e442cadff8bd@group-715EBF8096A7-LeaderElection29] INFO  impl.LeaderElection (LogUtils.java:infoOrTrace(142)) -   Exception 0: java.util.concurrent.ExecutionException: org.apache.ratis.thirdparty.io.grpc.StatusRuntimeException: UNAVAILABLE: io exception
2025-09-19 20:43:21,583 [8eb9963e-bce0-4155-aea2-e442cadff8bd@group-715EBF8096A7-LeaderElection29] INFO  impl.LeaderElection (LogUtils.java:infoOrTrace(142)) -   Exception 1: java.util.concurrent.ExecutionException: org.apache.ratis.thirdparty.io.grpc.StatusRuntimeException: UNAVAILABLE: io exception
2025-09-19 20:43:21,584 [8eb9963e-bce0-4155-aea2-e442cadff8bd@group-715EBF8096A7-LeaderElection29] INFO  impl.LeaderElection (LeaderElection.java:askForVotes(450)) - 8eb9963e-bce0-4155-aea2-e442cadff8bd@group-715EBF8096A7-LeaderElection29 PRE_VOTE round 0: result REJECTED
2025-09-19 20:43:21,584 [8eb9963e-bce0-4155-aea2-e442cadff8bd@group-715EBF8096A7-LeaderElection29] INFO  server.RaftServer$Division (RaftServerImpl.java:setRole(392)) - 8eb9963e-bce0-4155-aea2-e442cadff8bd@group-715EBF8096A7: changes role from CANDIDATE to FOLLOWER at term 2 for REJECTED
2025-09-19 20:43:21,584 [8eb9963e-bce0-4155-aea2-e442cadff8bd@group-715EBF8096A7-LeaderElection29] INFO  impl.RoleInfo (RoleInfo.java:shutdownLeaderElection(141)) - 8eb9963e-bce0-4155-aea2-e442cadff8bd: shutdown 8eb9963e-bce0-4155-aea2-e442cadff8bd@group-715EBF8096A7-LeaderElection29
2025-09-19 20:43:21,584 [8eb9963e-bce0-4155-aea2-e442cadff8bd@group-715EBF8096A7-LeaderElection29] INFO  impl.RoleInfo (RoleInfo.java:updateAndGet(148)) - 8eb9963e-bce0-4155-aea2-e442cadff8bd: start 8eb9963e-bce0-4155-aea2-e442cadff8bd@group-715EBF8096A7-FollowerState
2025-09-19 20:43:22,050 [8eb9963e-bce0-4155-aea2-e442cadff8bd@group-A751954341BD-FollowerState] INFO  impl.FollowerState (FollowerState.java:lostMajorityHeartbeatsRecently(113)) - 8eb9963e-bce0-4155-aea2-e442cadff8bd@group-A751954341BD-FollowerState: Skipping leader election since it stepped down recently (elapsed = 4564ms < waitTime = 10s)
2025-09-19 20:43:22,592 [8eb9963e-bce0-4155-aea2-e442cadff8bd@group-715EBF8096A7-FollowerState] INFO  impl.FollowerState (FollowerState.java:runImpl(161)) - 8eb9963e-bce0-4155-aea2-e442cadff8bd@group-715EBF8096A7-FollowerState: change to CANDIDATE, lastRpcElapsedTime:1007862828ns, electionTimeout:1007ms
2025-09-19 20:43:22,592 [8eb9963e-bce0-4155-aea2-e442cadff8bd@group-715EBF8096A7-FollowerState] INFO  impl.RoleInfo (RoleInfo.java:shutdownFollowerState(121)) - 8eb9963e-bce0-4155-aea2-e442cadff8bd: shutdown 8eb9963e-bce0-4155-aea2-e442cadff8bd@group-715EBF8096A7-FollowerState
2025-09-19 20:43:22,592 [8eb9963e-bce0-4155-aea2-e442cadff8bd@group-715EBF8096A7-FollowerState] INFO  server.RaftServer$Division (RaftServerImpl.java:setRole(392)) - 8eb9963e-bce0-4155-aea2-e442cadff8bd@group-715EBF8096A7: changes role from  FOLLOWER to CANDIDATE at term 2 for changeToCandidate
2025-09-19 20:43:22,592 [8eb9963e-bce0-4155-aea2-e442cadff8bd@group-715EBF8096A7-FollowerState] INFO  impl.RoleInfo (RoleInfo.java:updateAndGet(148)) - 8eb9963e-bce0-4155-aea2-e442cadff8bd: start 8eb9963e-bce0-4155-aea2-e442cadff8bd@group-715EBF8096A7-LeaderElection30
2025-09-19 20:43:22,593 [8eb9963e-bce0-4155-aea2-e442cadff8bd@group-715EBF8096A7-LeaderElection30] INFO  impl.LeaderElection (LeaderElection.java:askForVotes(448)) - 8eb9963e-bce0-4155-aea2-e442cadff8bd@group-715EBF8096A7-LeaderElection30 PRE_VOTE round 0: submit vote requests at term 2 for conf: {index: 5, cur=peers:[b5a25cc1-46d3-4381-a194-bd68f4526f1c|127.0.0.1:15031, 0df1231c-9f8a-4757-a7d0-f6d7f53bc482|127.0.0.1:15023, 8eb9963e-bce0-4155-aea2-e442cadff8bd|127.0.0.1:15015]|listeners:[], old=null}
2025-09-19 20:43:22,593 [8eb9963e-bce0-4155-aea2-e442cadff8bd@group-715EBF8096A7-LeaderElection30] INFO  impl.LeaderElection (LogUtils.java:infoOrTrace(142)) - 8eb9963e-bce0-4155-aea2-e442cadff8bd@group-715EBF8096A7-LeaderElection30 got exception when requesting votes: java.util.concurrent.ExecutionException: org.apache.ratis.thirdparty.io.grpc.StatusRuntimeException: UNAVAILABLE: io exception
2025-09-19 20:43:22,593 [8eb9963e-bce0-4155-aea2-e442cadff8bd@group-715EBF8096A7-LeaderElection30] INFO  impl.LeaderElection (LogUtils.java:infoOrTrace(142)) - 8eb9963e-bce0-4155-aea2-e442cadff8bd@group-715EBF8096A7-LeaderElection30 got exception when requesting votes: java.util.concurrent.ExecutionException: org.apache.ratis.thirdparty.io.grpc.StatusRuntimeException: UNAVAILABLE: io exception
2025-09-19 20:43:22,593 [8eb9963e-bce0-4155-aea2-e442cadff8bd@group-715EBF8096A7-LeaderElection30] INFO  impl.LeaderElection (LeaderElection.java:logAndReturn(206)) - 8eb9963e-bce0-4155-aea2-e442cadff8bd@group-715EBF8096A7-LeaderElection30: PRE_VOTE REJECTED received 0 response(s) and 2 exception(s):
2025-09-19 20:43:22,593 [8eb9963e-bce0-4155-aea2-e442cadff8bd@group-715EBF8096A7-LeaderElection30] INFO  impl.LeaderElection (LogUtils.java:infoOrTrace(142)) -   Exception 0: java.util.concurrent.ExecutionException: org.apache.ratis.thirdparty.io.grpc.StatusRuntimeException: UNAVAILABLE: io exception
2025-09-19 20:43:22,594 [8eb9963e-bce0-4155-aea2-e442cadff8bd@group-715EBF8096A7-LeaderElection30] INFO  impl.LeaderElection (LogUtils.java:infoOrTrace(142)) -   Exception 1: java.util.concurrent.ExecutionException: org.apache.ratis.thirdparty.io.grpc.StatusRuntimeException: UNAVAILABLE: io exception
2025-09-19 20:43:22,594 [8eb9963e-bce0-4155-aea2-e442cadff8bd@group-715EBF8096A7-LeaderElection30] INFO  impl.LeaderElection (LeaderElection.java:askForVotes(450)) - 8eb9963e-bce0-4155-aea2-e442cadff8bd@group-715EBF8096A7-LeaderElection30 PRE_VOTE round 0: result REJECTED
2025-09-19 20:43:22,594 [8eb9963e-bce0-4155-aea2-e442cadff8bd@group-715EBF8096A7-LeaderElection30] INFO  server.RaftServer$Division (RaftServerImpl.java:setRole(392)) - 8eb9963e-bce0-4155-aea2-e442cadff8bd@group-715EBF8096A7: changes role from CANDIDATE to FOLLOWER at term 2 for REJECTED
2025-09-19 20:43:22,594 [8eb9963e-bce0-4155-aea2-e442cadff8bd@group-715EBF8096A7-LeaderElection30] INFO  impl.RoleInfo (RoleInfo.java:shutdownLeaderElection(141)) - 8eb9963e-bce0-4155-aea2-e442cadff8bd: shutdown 8eb9963e-bce0-4155-aea2-e442cadff8bd@group-715EBF8096A7-LeaderElection30
2025-09-19 20:43:22,594 [8eb9963e-bce0-4155-aea2-e442cadff8bd@group-715EBF8096A7-LeaderElection30] INFO  impl.RoleInfo (RoleInfo.java:updateAndGet(148)) - 8eb9963e-bce0-4155-aea2-e442cadff8bd: start 8eb9963e-bce0-4155-aea2-e442cadff8bd@group-715EBF8096A7-FollowerState
2025-09-19 20:43:23,219 [8eb9963e-bce0-4155-aea2-e442cadff8bd@group-A751954341BD-FollowerState] INFO  impl.FollowerState (FollowerState.java:lostMajorityHeartbeatsRecently(113)) - 8eb9963e-bce0-4155-aea2-e442cadff8bd@group-A751954341BD-FollowerState: Skipping leader election since it stepped down recently (elapsed = 5734ms < waitTime = 10s)
2025-09-19 20:43:23,476 [grpc-default-executor-3] ERROR impl.OrderedAsync (OrderedAsync.java:lambda$null$6(215)) -  client-730261A1D9D9: Failed* RaftClientRequest:client-730261A1D9D9->0df1231c-9f8a-4757-a7d0-f6d7f53bc482@group-715EBF8096A7, cid=16, seq=4*, RW, cmdType: WriteChunk
traceID: ""
containerID: 1
datanodeUuid: "b5a25cc1-46d3-4381-a194-bd68f4526f1c"
writeChunk {
  blockID {
    containerID: 1
    localID: 115816896921600001
    blockCommitSequenceId: 2
    replicaIndex: 0
  }
  chunkData {
    chunkName: "115816896921600001_chunk_2"
    offset: 1048576
    len: 1048576
    checksumData {
      type: CRC32
      bytesPerChecksum: 16384
      checksums: "\326\360U\321"
      checksums: "\326\360U\321"
      checksums: "\326\360U\321"
      checksums: "\326\360U\321"
      checksums: "\326\360U\321"
      checksums: "\326\360U\321"
      checksums: "\326\360U\321"
      checksums: "\326\360U\321"
      checksums: "\326\360U\321"
      checksums: "\326\360U\321"
      checksums: "\326\360U\321"
      checksums: "\326\360U\321"
      checksums: "\326\360U\321"
      checksums: "\326\360U\321"
      checksums: "\326\360U\321"
      checksums: "\326\360U\321"
      checksums: "\326\360U\321"
      checksums: "\326\360U\321"
      checksums: "\326\360U\321"
      checksums: "\326\360U\321"
      checksums: "\326\360U\321"
      checksums: "\326\360U\321"
      checksums: "\326\360U\321"
      checksums: "\326\360U\321"
      checksums: "\326\360U\321"
      checksums: "\326\360U\321"
      checksums: "\326\360U\321"
      checksums: "\326\360U\321"
      checksums: "\326\360U\321"
      checksums: "\326\360U\321"
      checksums: "\326\360U\321"
      checksums: "\326\360U\321"
      checksums: "\326\360U\321"
      checksums: "\326\360U\321"
      checksums: "\326\360U\321"
      checksums: "\326\360U\321"
      checksums: "\326\360U\321"
      checksums: "\326\360U\321"
      checksums: "\326\360U\321"
      checksums: "\326\360U\321"
      checksums: "\326\360U\321"
      checksums: "\326\360U\321"
      checksums: "\326\360U\321"
      checksums: "\326\360U\321"
      checksums: "\326\360U\321"
      checksums: "\326\360U\321"
      checksums: "\326\360U\321"
      checksums: "\326\360U\321"
      checksums: "\326\360U\321"
      checksums: "\326\360U\321"
      checksums: "\326\360U\321"
      checksums: "\326\360U\321"
      checksums: "\326\360U\321"
      checksums: "\326\360U\321"
      checksums: "\326\360U\321"
      checksums: "\326\360U\321"
      checksums: "\326\360U\321"
      checksums: "\326\360U\321"
      checksums: "\326\360U\321"
      checksums: "\326\360U\321"
      checksums: "\326\360U\321"
      checksums: "\326\360U\321"
      checksums: "\326\360U\321"
      checksums: "H$\374\021"
    }
  }
}
version: 3
, data.size=1048576
java.util.concurrent.CompletionException: java.io.IOException: org.apache.ratis.thirdparty.io.grpc.StatusRuntimeException: UNAVAILABLE: io exception
	at java.base/java.util.concurrent.CompletableFuture.encodeThrowable(CompletableFuture.java:332)
	at java.base/java.util.concurrent.CompletableFuture.completeThrowable(CompletableFuture.java:347)
	at java.base/java.util.concurrent.CompletableFuture$UniAccept.tryFire(CompletableFuture.java:708)
	at java.base/java.util.concurrent.CompletableFuture.postComplete(CompletableFuture.java:510)
	at java.base/java.util.concurrent.CompletableFuture.completeExceptionally(CompletableFuture.java:2194)
	at org.apache.ratis.grpc.client.GrpcClientProtocolClient$AsyncStreamObservers.completeReplyExceptionally(GrpcClientProtocolClient.java:397)
	at org.apache.ratis.grpc.client.GrpcClientProtocolClient$AsyncStreamObservers.access$000(GrpcClientProtocolClient.java:303)
	at org.apache.ratis.grpc.client.GrpcClientProtocolClient$AsyncStreamObservers$1.onError(GrpcClientProtocolClient.java:334)
	at org.apache.ratis.thirdparty.io.grpc.stub.ClientCalls$StreamObserverToCallListenerAdapter.onClose(ClientCalls.java:564)
	at org.apache.ratis.thirdparty.io.grpc.PartialForwardingClientCallListener.onClose(PartialForwardingClientCallListener.java:39)
	at org.apache.ratis.thirdparty.io.grpc.ForwardingClientCallListener.onClose(ForwardingClientCallListener.java:23)
	at org.apache.ratis.grpc.metrics.intercept.client.MetricClientCallListener.onClose(MetricClientCallListener.java:47)
	at org.apache.ratis.thirdparty.io.grpc.internal.DelayedClientCall$DelayedListener$3.run(DelayedClientCall.java:489)
	at org.apache.ratis.thirdparty.io.grpc.internal.DelayedClientCall$DelayedListener.delayOrExecute(DelayedClientCall.java:453)
	at org.apache.ratis.thirdparty.io.grpc.internal.DelayedClientCall$DelayedListener.onClose(DelayedClientCall.java:486)
	at org.apache.ratis.thirdparty.io.grpc.internal.ClientCallImpl.closeObserver(ClientCallImpl.java:565)
	at org.apache.ratis.thirdparty.io.grpc.internal.ClientCallImpl.access$100(ClientCallImpl.java:72)
	at org.apache.ratis.thirdparty.io.grpc.internal.ClientCallImpl$ClientStreamListenerImpl$1StreamClosed.runInternal(ClientCallImpl.java:733)
	at org.apache.ratis.thirdparty.io.grpc.internal.ClientCallImpl$ClientStreamListenerImpl$1StreamClosed.runInContext(ClientCallImpl.java:714)
	at org.apache.ratis.thirdparty.io.grpc.internal.ContextRunnable.run(ContextRunnable.java:37)
	at org.apache.ratis.thirdparty.io.grpc.internal.SerializingExecutor.run(SerializingExecutor.java:133)
	at java.base/java.util.concurrent.ThreadPoolExecutor.runWorker(ThreadPoolExecutor.java:1144)
	at java.base/java.util.concurrent.ThreadPoolExecutor$Worker.run(ThreadPoolExecutor.java:642)
	at java.base/java.lang.Thread.run(Thread.java:1583)
Caused by: java.io.IOException: org.apache.ratis.thirdparty.io.grpc.StatusRuntimeException: UNAVAILABLE: io exception
	at org.apache.ratis.grpc.GrpcUtil.unwrapException(GrpcUtil.java:99)
	at org.apache.ratis.grpc.GrpcUtil.unwrapIOException(GrpcUtil.java:159)
	at org.apache.ratis.grpc.client.GrpcClientProtocolClient$AsyncStreamObservers$1.onError(GrpcClientProtocolClient.java:333)
	... 16 more
Caused by: org.apache.ratis.thirdparty.io.grpc.StatusRuntimeException: UNAVAILABLE: io exception
	at org.apache.ratis.thirdparty.io.grpc.Status.asRuntimeException(Status.java:532)
	... 16 more
Caused by: org.apache.ratis.thirdparty.io.netty.channel.AbstractChannel$AnnotatedConnectException: finishConnect(..) failed: Connection refused: /127.0.0.1:15021
Caused by: java.net.ConnectException: finishConnect(..) failed: Connection refused
	at org.apache.ratis.thirdparty.io.netty.channel.unix.Errors.newConnectException0(Errors.java:166)
	at org.apache.ratis.thirdparty.io.netty.channel.unix.Errors.handleConnectErrno(Errors.java:131)
	at org.apache.ratis.thirdparty.io.netty.channel.unix.Socket.finishConnect(Socket.java:359)
	at org.apache.ratis.thirdparty.io.netty.channel.epoll.AbstractEpollChannel$AbstractEpollUnsafe.doFinishConnect(AbstractEpollChannel.java:715)
	at org.apache.ratis.thirdparty.io.netty.channel.epoll.AbstractEpollChannel$AbstractEpollUnsafe.finishConnect(AbstractEpollChannel.java:692)
	at org.apache.ratis.thirdparty.io.netty.channel.epoll.AbstractEpollChannel$AbstractEpollUnsafe.epollOutReady(AbstractEpollChannel.java:567)
	at org.apache.ratis.thirdparty.io.netty.channel.epoll.EpollEventLoop.processReady(EpollEventLoop.java:491)
	at org.apache.ratis.thirdparty.io.netty.channel.epoll.EpollEventLoop.run(EpollEventLoop.java:399)
	at org.apache.ratis.thirdparty.io.netty.util.concurrent.SingleThreadEventExecutor$4.run(SingleThreadEventExecutor.java:998)
	at org.apache.ratis.thirdparty.io.netty.util.internal.ThreadExecutorMap$2.run(ThreadExecutorMap.java:74)
	at org.apache.ratis.thirdparty.io.netty.util.concurrent.FastThreadLocalRunnable.run(FastThreadLocalRunnable.java:30)
	at java.base/java.lang.Thread.run(Thread.java:1583)
2025-09-19 20:43:23,733 [8eb9963e-bce0-4155-aea2-e442cadff8bd@group-715EBF8096A7-FollowerState] INFO  impl.FollowerState (FollowerState.java:runImpl(161)) - 8eb9963e-bce0-4155-aea2-e442cadff8bd@group-715EBF8096A7-FollowerState: change to CANDIDATE, lastRpcElapsedTime:1139284114ns, electionTimeout:1139ms
2025-09-19 20:43:23,733 [8eb9963e-bce0-4155-aea2-e442cadff8bd@group-715EBF8096A7-FollowerState] INFO  impl.RoleInfo (RoleInfo.java:shutdownFollowerState(121)) - 8eb9963e-bce0-4155-aea2-e442cadff8bd: shutdown 8eb9963e-bce0-4155-aea2-e442cadff8bd@group-715EBF8096A7-FollowerState
2025-09-19 20:43:23,733 [8eb9963e-bce0-4155-aea2-e442cadff8bd@group-715EBF8096A7-FollowerState] INFO  server.RaftServer$Division (RaftServerImpl.java:setRole(392)) - 8eb9963e-bce0-4155-aea2-e442cadff8bd@group-715EBF8096A7: changes role from  FOLLOWER to CANDIDATE at term 2 for changeToCandidate
2025-09-19 20:43:23,733 [8eb9963e-bce0-4155-aea2-e442cadff8bd@group-715EBF8096A7-FollowerState] INFO  impl.RoleInfo (RoleInfo.java:updateAndGet(148)) - 8eb9963e-bce0-4155-aea2-e442cadff8bd: start 8eb9963e-bce0-4155-aea2-e442cadff8bd@group-715EBF8096A7-LeaderElection31
2025-09-19 20:43:23,734 [8eb9963e-bce0-4155-aea2-e442cadff8bd@group-715EBF8096A7-LeaderElection31] INFO  impl.LeaderElection (LeaderElection.java:askForVotes(448)) - 8eb9963e-bce0-4155-aea2-e442cadff8bd@group-715EBF8096A7-LeaderElection31 PRE_VOTE round 0: submit vote requests at term 2 for conf: {index: 5, cur=peers:[b5a25cc1-46d3-4381-a194-bd68f4526f1c|127.0.0.1:15031, 0df1231c-9f8a-4757-a7d0-f6d7f53bc482|127.0.0.1:15023, 8eb9963e-bce0-4155-aea2-e442cadff8bd|127.0.0.1:15015]|listeners:[], old=null}
2025-09-19 20:43:23,734 [8eb9963e-bce0-4155-aea2-e442cadff8bd@group-715EBF8096A7-LeaderElection31] INFO  impl.LeaderElection (LogUtils.java:infoOrTrace(142)) - 8eb9963e-bce0-4155-aea2-e442cadff8bd@group-715EBF8096A7-LeaderElection31 got exception when requesting votes: java.util.concurrent.ExecutionException: org.apache.ratis.thirdparty.io.grpc.StatusRuntimeException: UNAVAILABLE: io exception
2025-09-19 20:43:23,734 [8eb9963e-bce0-4155-aea2-e442cadff8bd@group-715EBF8096A7-LeaderElection31] INFO  impl.LeaderElection (LogUtils.java:infoOrTrace(142)) - 8eb9963e-bce0-4155-aea2-e442cadff8bd@group-715EBF8096A7-LeaderElection31 got exception when requesting votes: java.util.concurrent.ExecutionException: org.apache.ratis.thirdparty.io.grpc.StatusRuntimeException: UNAVAILABLE: io exception
2025-09-19 20:43:23,735 [8eb9963e-bce0-4155-aea2-e442cadff8bd@group-715EBF8096A7-LeaderElection31] INFO  impl.LeaderElection (LeaderElection.java:logAndReturn(206)) - 8eb9963e-bce0-4155-aea2-e442cadff8bd@group-715EBF8096A7-LeaderElection31: PRE_VOTE REJECTED received 0 response(s) and 2 exception(s):
2025-09-19 20:43:23,735 [8eb9963e-bce0-4155-aea2-e442cadff8bd@group-715EBF8096A7-LeaderElection31] INFO  impl.LeaderElection (LogUtils.java:infoOrTrace(142)) -   Exception 0: java.util.concurrent.ExecutionException: org.apache.ratis.thirdparty.io.grpc.StatusRuntimeException: UNAVAILABLE: io exception
2025-09-19 20:43:23,735 [8eb9963e-bce0-4155-aea2-e442cadff8bd@group-715EBF8096A7-LeaderElection31] INFO  impl.LeaderElection (LogUtils.java:infoOrTrace(142)) -   Exception 1: java.util.concurrent.ExecutionException: org.apache.ratis.thirdparty.io.grpc.StatusRuntimeException: UNAVAILABLE: io exception
2025-09-19 20:43:23,735 [8eb9963e-bce0-4155-aea2-e442cadff8bd@group-715EBF8096A7-LeaderElection31] INFO  impl.LeaderElection (LeaderElection.java:askForVotes(450)) - 8eb9963e-bce0-4155-aea2-e442cadff8bd@group-715EBF8096A7-LeaderElection31 PRE_VOTE round 0: result REJECTED
2025-09-19 20:43:23,735 [8eb9963e-bce0-4155-aea2-e442cadff8bd@group-715EBF8096A7-LeaderElection31] INFO  server.RaftServer$Division (RaftServerImpl.java:setRole(392)) - 8eb9963e-bce0-4155-aea2-e442cadff8bd@group-715EBF8096A7: changes role from CANDIDATE to FOLLOWER at term 2 for REJECTED
2025-09-19 20:43:23,735 [8eb9963e-bce0-4155-aea2-e442cadff8bd@group-715EBF8096A7-LeaderElection31] INFO  impl.RoleInfo (RoleInfo.java:shutdownLeaderElection(141)) - 8eb9963e-bce0-4155-aea2-e442cadff8bd: shutdown 8eb9963e-bce0-4155-aea2-e442cadff8bd@group-715EBF8096A7-LeaderElection31
2025-09-19 20:43:23,735 [8eb9963e-bce0-4155-aea2-e442cadff8bd@group-715EBF8096A7-LeaderElection31] INFO  impl.RoleInfo (RoleInfo.java:updateAndGet(148)) - 8eb9963e-bce0-4155-aea2-e442cadff8bd: start 8eb9963e-bce0-4155-aea2-e442cadff8bd@group-715EBF8096A7-FollowerState
2025-09-19 20:43:24,311 [8eb9963e-bce0-4155-aea2-e442cadff8bd@group-A751954341BD-FollowerState] INFO  impl.FollowerState (FollowerState.java:lostMajorityHeartbeatsRecently(113)) - 8eb9963e-bce0-4155-aea2-e442cadff8bd@group-A751954341BD-FollowerState: Skipping leader election since it stepped down recently (elapsed = 6826ms < waitTime = 10s)
2025-09-19 20:43:24,793 [8eb9963e-bce0-4155-aea2-e442cadff8bd@group-715EBF8096A7-FollowerState] INFO  impl.FollowerState (FollowerState.java:runImpl(161)) - 8eb9963e-bce0-4155-aea2-e442cadff8bd@group-715EBF8096A7-FollowerState: change to CANDIDATE, lastRpcElapsedTime:1057406333ns, electionTimeout:1057ms
2025-09-19 20:43:24,793 [8eb9963e-bce0-4155-aea2-e442cadff8bd@group-715EBF8096A7-FollowerState] INFO  impl.RoleInfo (RoleInfo.java:shutdownFollowerState(121)) - 8eb9963e-bce0-4155-aea2-e442cadff8bd: shutdown 8eb9963e-bce0-4155-aea2-e442cadff8bd@group-715EBF8096A7-FollowerState
2025-09-19 20:43:24,793 [8eb9963e-bce0-4155-aea2-e442cadff8bd@group-715EBF8096A7-FollowerState] INFO  server.RaftServer$Division (RaftServerImpl.java:setRole(392)) - 8eb9963e-bce0-4155-aea2-e442cadff8bd@group-715EBF8096A7: changes role from  FOLLOWER to CANDIDATE at term 2 for changeToCandidate
2025-09-19 20:43:24,793 [8eb9963e-bce0-4155-aea2-e442cadff8bd@group-715EBF8096A7-FollowerState] INFO  impl.RoleInfo (RoleInfo.java:updateAndGet(148)) - 8eb9963e-bce0-4155-aea2-e442cadff8bd: start 8eb9963e-bce0-4155-aea2-e442cadff8bd@group-715EBF8096A7-LeaderElection32
2025-09-19 20:43:24,793 [8eb9963e-bce0-4155-aea2-e442cadff8bd@group-715EBF8096A7-LeaderElection32] INFO  impl.LeaderElection (LeaderElection.java:askForVotes(448)) - 8eb9963e-bce0-4155-aea2-e442cadff8bd@group-715EBF8096A7-LeaderElection32 PRE_VOTE round 0: submit vote requests at term 2 for conf: {index: 5, cur=peers:[b5a25cc1-46d3-4381-a194-bd68f4526f1c|127.0.0.1:15031, 0df1231c-9f8a-4757-a7d0-f6d7f53bc482|127.0.0.1:15023, 8eb9963e-bce0-4155-aea2-e442cadff8bd|127.0.0.1:15015]|listeners:[], old=null}
2025-09-19 20:43:24,794 [8eb9963e-bce0-4155-aea2-e442cadff8bd@group-715EBF8096A7-LeaderElection32] INFO  impl.LeaderElection (LogUtils.java:infoOrTrace(142)) - 8eb9963e-bce0-4155-aea2-e442cadff8bd@group-715EBF8096A7-LeaderElection32 got exception when requesting votes: java.util.concurrent.ExecutionException: org.apache.ratis.thirdparty.io.grpc.StatusRuntimeException: UNAVAILABLE: io exception
2025-09-19 20:43:24,794 [8eb9963e-bce0-4155-aea2-e442cadff8bd@group-715EBF8096A7-LeaderElection32] INFO  impl.LeaderElection (LogUtils.java:infoOrTrace(142)) - 8eb9963e-bce0-4155-aea2-e442cadff8bd@group-715EBF8096A7-LeaderElection32 got exception when requesting votes: java.util.concurrent.ExecutionException: org.apache.ratis.thirdparty.io.grpc.StatusRuntimeException: UNAVAILABLE: io exception
2025-09-19 20:43:24,794 [8eb9963e-bce0-4155-aea2-e442cadff8bd@group-715EBF8096A7-LeaderElection32] INFO  impl.LeaderElection (LeaderElection.java:logAndReturn(206)) - 8eb9963e-bce0-4155-aea2-e442cadff8bd@group-715EBF8096A7-LeaderElection32: PRE_VOTE REJECTED received 0 response(s) and 2 exception(s):
2025-09-19 20:43:24,794 [8eb9963e-bce0-4155-aea2-e442cadff8bd@group-715EBF8096A7-LeaderElection32] INFO  impl.LeaderElection (LogUtils.java:infoOrTrace(142)) -   Exception 0: java.util.concurrent.ExecutionException: org.apache.ratis.thirdparty.io.grpc.StatusRuntimeException: UNAVAILABLE: io exception
2025-09-19 20:43:24,794 [8eb9963e-bce0-4155-aea2-e442cadff8bd@group-715EBF8096A7-LeaderElection32] INFO  impl.LeaderElection (LogUtils.java:infoOrTrace(142)) -   Exception 1: java.util.concurrent.ExecutionException: org.apache.ratis.thirdparty.io.grpc.StatusRuntimeException: UNAVAILABLE: io exception
2025-09-19 20:43:24,794 [8eb9963e-bce0-4155-aea2-e442cadff8bd@group-715EBF8096A7-LeaderElection32] INFO  impl.LeaderElection (LeaderElection.java:askForVotes(450)) - 8eb9963e-bce0-4155-aea2-e442cadff8bd@group-715EBF8096A7-LeaderElection32 PRE_VOTE round 0: result REJECTED
2025-09-19 20:43:24,794 [8eb9963e-bce0-4155-aea2-e442cadff8bd@group-715EBF8096A7-LeaderElection32] INFO  server.RaftServer$Division (RaftServerImpl.java:setRole(392)) - 8eb9963e-bce0-4155-aea2-e442cadff8bd@group-715EBF8096A7: changes role from CANDIDATE to FOLLOWER at term 2 for REJECTED
2025-09-19 20:43:24,795 [8eb9963e-bce0-4155-aea2-e442cadff8bd@group-715EBF8096A7-LeaderElection32] INFO  impl.RoleInfo (RoleInfo.java:shutdownLeaderElection(141)) - 8eb9963e-bce0-4155-aea2-e442cadff8bd: shutdown 8eb9963e-bce0-4155-aea2-e442cadff8bd@group-715EBF8096A7-LeaderElection32
2025-09-19 20:43:24,795 [8eb9963e-bce0-4155-aea2-e442cadff8bd@group-715EBF8096A7-LeaderElection32] INFO  impl.RoleInfo (RoleInfo.java:updateAndGet(148)) - 8eb9963e-bce0-4155-aea2-e442cadff8bd: start 8eb9963e-bce0-4155-aea2-e442cadff8bd@group-715EBF8096A7-FollowerState
2025-09-19 20:43:25,470 [8eb9963e-bce0-4155-aea2-e442cadff8bd@group-A751954341BD-FollowerState] INFO  impl.FollowerState (FollowerState.java:lostMajorityHeartbeatsRecently(113)) - 8eb9963e-bce0-4155-aea2-e442cadff8bd@group-A751954341BD-FollowerState: Skipping leader election since it stepped down recently (elapsed = 7984ms < waitTime = 10s)
2025-09-19 20:43:25,920 [8eb9963e-bce0-4155-aea2-e442cadff8bd@group-715EBF8096A7-FollowerState] INFO  impl.FollowerState (FollowerState.java:runImpl(161)) - 8eb9963e-bce0-4155-aea2-e442cadff8bd@group-715EBF8096A7-FollowerState: change to CANDIDATE, lastRpcElapsedTime:1125497314ns, electionTimeout:1125ms
2025-09-19 20:43:25,920 [8eb9963e-bce0-4155-aea2-e442cadff8bd@group-715EBF8096A7-FollowerState] INFO  impl.RoleInfo (RoleInfo.java:shutdownFollowerState(121)) - 8eb9963e-bce0-4155-aea2-e442cadff8bd: shutdown 8eb9963e-bce0-4155-aea2-e442cadff8bd@group-715EBF8096A7-FollowerState
2025-09-19 20:43:25,920 [8eb9963e-bce0-4155-aea2-e442cadff8bd@group-715EBF8096A7-FollowerState] INFO  server.RaftServer$Division (RaftServerImpl.java:setRole(392)) - 8eb9963e-bce0-4155-aea2-e442cadff8bd@group-715EBF8096A7: changes role from  FOLLOWER to CANDIDATE at term 2 for changeToCandidate
2025-09-19 20:43:25,920 [8eb9963e-bce0-4155-aea2-e442cadff8bd@group-715EBF8096A7-FollowerState] INFO  impl.RoleInfo (RoleInfo.java:updateAndGet(148)) - 8eb9963e-bce0-4155-aea2-e442cadff8bd: start 8eb9963e-bce0-4155-aea2-e442cadff8bd@group-715EBF8096A7-LeaderElection33
2025-09-19 20:43:25,921 [8eb9963e-bce0-4155-aea2-e442cadff8bd@group-715EBF8096A7-LeaderElection33] INFO  impl.LeaderElection (LeaderElection.java:askForVotes(448)) - 8eb9963e-bce0-4155-aea2-e442cadff8bd@group-715EBF8096A7-LeaderElection33 PRE_VOTE round 0: submit vote requests at term 2 for conf: {index: 5, cur=peers:[b5a25cc1-46d3-4381-a194-bd68f4526f1c|127.0.0.1:15031, 0df1231c-9f8a-4757-a7d0-f6d7f53bc482|127.0.0.1:15023, 8eb9963e-bce0-4155-aea2-e442cadff8bd|127.0.0.1:15015]|listeners:[], old=null}
2025-09-19 20:43:25,921 [8eb9963e-bce0-4155-aea2-e442cadff8bd@group-715EBF8096A7-LeaderElection33] INFO  impl.LeaderElection (LogUtils.java:infoOrTrace(142)) - 8eb9963e-bce0-4155-aea2-e442cadff8bd@group-715EBF8096A7-LeaderElection33 got exception when requesting votes: java.util.concurrent.ExecutionException: org.apache.ratis.thirdparty.io.grpc.StatusRuntimeException: UNAVAILABLE: io exception
2025-09-19 20:43:25,922 [8eb9963e-bce0-4155-aea2-e442cadff8bd@group-715EBF8096A7-LeaderElection33] INFO  impl.LeaderElection (LogUtils.java:infoOrTrace(142)) - 8eb9963e-bce0-4155-aea2-e442cadff8bd@group-715EBF8096A7-LeaderElection33 got exception when requesting votes: java.util.concurrent.ExecutionException: org.apache.ratis.thirdparty.io.grpc.StatusRuntimeException: UNAVAILABLE: io exception
2025-09-19 20:43:25,922 [8eb9963e-bce0-4155-aea2-e442cadff8bd@group-715EBF8096A7-LeaderElection33] INFO  impl.LeaderElection (LeaderElection.java:logAndReturn(206)) - 8eb9963e-bce0-4155-aea2-e442cadff8bd@group-715EBF8096A7-LeaderElection33: PRE_VOTE REJECTED received 0 response(s) and 2 exception(s):
2025-09-19 20:43:25,922 [8eb9963e-bce0-4155-aea2-e442cadff8bd@group-715EBF8096A7-LeaderElection33] INFO  impl.LeaderElection (LogUtils.java:infoOrTrace(142)) -   Exception 0: java.util.concurrent.ExecutionException: org.apache.ratis.thirdparty.io.grpc.StatusRuntimeException: UNAVAILABLE: io exception
2025-09-19 20:43:25,922 [8eb9963e-bce0-4155-aea2-e442cadff8bd@group-715EBF8096A7-LeaderElection33] INFO  impl.LeaderElection (LogUtils.java:infoOrTrace(142)) -   Exception 1: java.util.concurrent.ExecutionException: org.apache.ratis.thirdparty.io.grpc.StatusRuntimeException: UNAVAILABLE: io exception
2025-09-19 20:43:25,922 [8eb9963e-bce0-4155-aea2-e442cadff8bd@group-715EBF8096A7-LeaderElection33] INFO  impl.LeaderElection (LeaderElection.java:askForVotes(450)) - 8eb9963e-bce0-4155-aea2-e442cadff8bd@group-715EBF8096A7-LeaderElection33 PRE_VOTE round 0: result REJECTED
2025-09-19 20:43:25,922 [8eb9963e-bce0-4155-aea2-e442cadff8bd@group-715EBF8096A7-LeaderElection33] INFO  server.RaftServer$Division (RaftServerImpl.java:setRole(392)) - 8eb9963e-bce0-4155-aea2-e442cadff8bd@group-715EBF8096A7: changes role from CANDIDATE to FOLLOWER at term 2 for REJECTED
2025-09-19 20:43:25,922 [8eb9963e-bce0-4155-aea2-e442cadff8bd@group-715EBF8096A7-LeaderElection33] INFO  impl.RoleInfo (RoleInfo.java:shutdownLeaderElection(141)) - 8eb9963e-bce0-4155-aea2-e442cadff8bd: shutdown 8eb9963e-bce0-4155-aea2-e442cadff8bd@group-715EBF8096A7-LeaderElection33
2025-09-19 20:43:25,922 [8eb9963e-bce0-4155-aea2-e442cadff8bd@group-715EBF8096A7-LeaderElection33] INFO  impl.RoleInfo (RoleInfo.java:updateAndGet(148)) - 8eb9963e-bce0-4155-aea2-e442cadff8bd: start 8eb9963e-bce0-4155-aea2-e442cadff8bd@group-715EBF8096A7-FollowerState
2025-09-19 20:43:26,588 [8eb9963e-bce0-4155-aea2-e442cadff8bd@group-A751954341BD-FollowerState] INFO  impl.FollowerState (FollowerState.java:lostMajorityHeartbeatsRecently(113)) - 8eb9963e-bce0-4155-aea2-e442cadff8bd@group-A751954341BD-FollowerState: Skipping leader election since it stepped down recently (elapsed = 9102ms < waitTime = 10s)
2025-09-19 20:43:26,970 [8eb9963e-bce0-4155-aea2-e442cadff8bd@group-715EBF8096A7-FollowerState] INFO  impl.FollowerState (FollowerState.java:runImpl(161)) - 8eb9963e-bce0-4155-aea2-e442cadff8bd@group-715EBF8096A7-FollowerState: change to CANDIDATE, lastRpcElapsedTime:1048273343ns, electionTimeout:1048ms
2025-09-19 20:43:26,970 [8eb9963e-bce0-4155-aea2-e442cadff8bd@group-715EBF8096A7-FollowerState] INFO  impl.RoleInfo (RoleInfo.java:shutdownFollowerState(121)) - 8eb9963e-bce0-4155-aea2-e442cadff8bd: shutdown 8eb9963e-bce0-4155-aea2-e442cadff8bd@group-715EBF8096A7-FollowerState
2025-09-19 20:43:26,970 [8eb9963e-bce0-4155-aea2-e442cadff8bd@group-715EBF8096A7-FollowerState] INFO  server.RaftServer$Division (RaftServerImpl.java:setRole(392)) - 8eb9963e-bce0-4155-aea2-e442cadff8bd@group-715EBF8096A7: changes role from  FOLLOWER to CANDIDATE at term 2 for changeToCandidate
2025-09-19 20:43:26,971 [8eb9963e-bce0-4155-aea2-e442cadff8bd@group-715EBF8096A7-FollowerState] INFO  impl.RoleInfo (RoleInfo.java:updateAndGet(148)) - 8eb9963e-bce0-4155-aea2-e442cadff8bd: start 8eb9963e-bce0-4155-aea2-e442cadff8bd@group-715EBF8096A7-LeaderElection34
2025-09-19 20:43:26,971 [8eb9963e-bce0-4155-aea2-e442cadff8bd@group-715EBF8096A7-LeaderElection34] INFO  impl.LeaderElection (LeaderElection.java:askForVotes(448)) - 8eb9963e-bce0-4155-aea2-e442cadff8bd@group-715EBF8096A7-LeaderElection34 PRE_VOTE round 0: submit vote requests at term 2 for conf: {index: 5, cur=peers:[b5a25cc1-46d3-4381-a194-bd68f4526f1c|127.0.0.1:15031, 0df1231c-9f8a-4757-a7d0-f6d7f53bc482|127.0.0.1:15023, 8eb9963e-bce0-4155-aea2-e442cadff8bd|127.0.0.1:15015]|listeners:[], old=null}
2025-09-19 20:43:26,972 [8eb9963e-bce0-4155-aea2-e442cadff8bd@group-715EBF8096A7-LeaderElection34] INFO  impl.LeaderElection (LogUtils.java:infoOrTrace(142)) - 8eb9963e-bce0-4155-aea2-e442cadff8bd@group-715EBF8096A7-LeaderElection34 got exception when requesting votes: java.util.concurrent.ExecutionException: org.apache.ratis.thirdparty.io.grpc.StatusRuntimeException: UNAVAILABLE: io exception
2025-09-19 20:43:26,972 [8eb9963e-bce0-4155-aea2-e442cadff8bd@group-715EBF8096A7-LeaderElection34] INFO  impl.LeaderElection (LogUtils.java:infoOrTrace(142)) - 8eb9963e-bce0-4155-aea2-e442cadff8bd@group-715EBF8096A7-LeaderElection34 got exception when requesting votes: java.util.concurrent.ExecutionException: org.apache.ratis.thirdparty.io.grpc.StatusRuntimeException: UNAVAILABLE: io exception
2025-09-19 20:43:26,972 [8eb9963e-bce0-4155-aea2-e442cadff8bd@group-715EBF8096A7-LeaderElection34] INFO  impl.LeaderElection (LeaderElection.java:logAndReturn(206)) - 8eb9963e-bce0-4155-aea2-e442cadff8bd@group-715EBF8096A7-LeaderElection34: PRE_VOTE REJECTED received 0 response(s) and 2 exception(s):
2025-09-19 20:43:26,972 [8eb9963e-bce0-4155-aea2-e442cadff8bd@group-715EBF8096A7-LeaderElection34] INFO  impl.LeaderElection (LogUtils.java:infoOrTrace(142)) -   Exception 0: java.util.concurrent.ExecutionException: org.apache.ratis.thirdparty.io.grpc.StatusRuntimeException: UNAVAILABLE: io exception
2025-09-19 20:43:26,972 [8eb9963e-bce0-4155-aea2-e442cadff8bd@group-715EBF8096A7-LeaderElection34] INFO  impl.LeaderElection (LogUtils.java:infoOrTrace(142)) -   Exception 1: java.util.concurrent.ExecutionException: org.apache.ratis.thirdparty.io.grpc.StatusRuntimeException: UNAVAILABLE: io exception
2025-09-19 20:43:26,972 [8eb9963e-bce0-4155-aea2-e442cadff8bd@group-715EBF8096A7-LeaderElection34] INFO  impl.LeaderElection (LeaderElection.java:askForVotes(450)) - 8eb9963e-bce0-4155-aea2-e442cadff8bd@group-715EBF8096A7-LeaderElection34 PRE_VOTE round 0: result REJECTED
2025-09-19 20:43:26,972 [8eb9963e-bce0-4155-aea2-e442cadff8bd@group-715EBF8096A7-LeaderElection34] INFO  server.RaftServer$Division (RaftServerImpl.java:setRole(392)) - 8eb9963e-bce0-4155-aea2-e442cadff8bd@group-715EBF8096A7: changes role from CANDIDATE to FOLLOWER at term 2 for REJECTED
2025-09-19 20:43:26,972 [8eb9963e-bce0-4155-aea2-e442cadff8bd@group-715EBF8096A7-LeaderElection34] INFO  impl.RoleInfo (RoleInfo.java:shutdownLeaderElection(141)) - 8eb9963e-bce0-4155-aea2-e442cadff8bd: shutdown 8eb9963e-bce0-4155-aea2-e442cadff8bd@group-715EBF8096A7-LeaderElection34
2025-09-19 20:43:26,972 [8eb9963e-bce0-4155-aea2-e442cadff8bd@group-715EBF8096A7-LeaderElection34] INFO  impl.RoleInfo (RoleInfo.java:updateAndGet(148)) - 8eb9963e-bce0-4155-aea2-e442cadff8bd: start 8eb9963e-bce0-4155-aea2-e442cadff8bd@group-715EBF8096A7-FollowerState
2025-09-19 20:43:27,649 [8eb9963e-bce0-4155-aea2-e442cadff8bd@group-A751954341BD-FollowerState] INFO  impl.FollowerState (FollowerState.java:runImpl(161)) - 8eb9963e-bce0-4155-aea2-e442cadff8bd@group-A751954341BD-FollowerState: change to CANDIDATE, lastRpcElapsedTime:10163935206ns, electionTimeout:1061ms
2025-09-19 20:43:27,649 [8eb9963e-bce0-4155-aea2-e442cadff8bd@group-A751954341BD-FollowerState] INFO  impl.RoleInfo (RoleInfo.java:shutdownFollowerState(121)) - 8eb9963e-bce0-4155-aea2-e442cadff8bd: shutdown 8eb9963e-bce0-4155-aea2-e442cadff8bd@group-A751954341BD-FollowerState
2025-09-19 20:43:27,649 [8eb9963e-bce0-4155-aea2-e442cadff8bd@group-A751954341BD-FollowerState] INFO  server.RaftServer$Division (RaftServerImpl.java:setRole(392)) - 8eb9963e-bce0-4155-aea2-e442cadff8bd@group-A751954341BD: changes role from  FOLLOWER to CANDIDATE at term 1 for changeToCandidate
2025-09-19 20:43:27,650 [8eb9963e-bce0-4155-aea2-e442cadff8bd@group-A751954341BD-FollowerState] INFO  impl.RoleInfo (RoleInfo.java:updateAndGet(148)) - 8eb9963e-bce0-4155-aea2-e442cadff8bd: start 8eb9963e-bce0-4155-aea2-e442cadff8bd@group-A751954341BD-LeaderElection35
2025-09-19 20:43:27,650 [8eb9963e-bce0-4155-aea2-e442cadff8bd@group-A751954341BD-LeaderElection35] INFO  impl.LeaderElection (LeaderElection.java:askForVotes(448)) - 8eb9963e-bce0-4155-aea2-e442cadff8bd@group-A751954341BD-LeaderElection35 PRE_VOTE round 0: submit vote requests at term 1 for conf: {index: 0, cur=peers:[b5a25cc1-46d3-4381-a194-bd68f4526f1c|127.0.0.1:15031, 0df1231c-9f8a-4757-a7d0-f6d7f53bc482|127.0.0.1:15023, 8eb9963e-bce0-4155-aea2-e442cadff8bd|127.0.0.1:15015]|listeners:[], old=null}
2025-09-19 20:43:27,660 [8eb9963e-bce0-4155-aea2-e442cadff8bd@group-A751954341BD-LeaderElection35] INFO  impl.LeaderElection (LogUtils.java:infoOrTrace(142)) - 8eb9963e-bce0-4155-aea2-e442cadff8bd@group-A751954341BD-LeaderElection35 got exception when requesting votes: java.util.concurrent.ExecutionException: org.apache.ratis.thirdparty.io.grpc.StatusRuntimeException: UNAVAILABLE: io exception
2025-09-19 20:43:27,660 [8eb9963e-bce0-4155-aea2-e442cadff8bd@group-A751954341BD-LeaderElection35] INFO  impl.LeaderElection (LogUtils.java:infoOrTrace(142)) - 8eb9963e-bce0-4155-aea2-e442cadff8bd@group-A751954341BD-LeaderElection35 got exception when requesting votes: java.util.concurrent.ExecutionException: org.apache.ratis.thirdparty.io.grpc.StatusRuntimeException: UNAVAILABLE: io exception
2025-09-19 20:43:27,660 [8eb9963e-bce0-4155-aea2-e442cadff8bd@group-A751954341BD-LeaderElection35] INFO  impl.LeaderElection (LeaderElection.java:logAndReturn(206)) - 8eb9963e-bce0-4155-aea2-e442cadff8bd@group-A751954341BD-LeaderElection35: PRE_VOTE REJECTED received 0 response(s) and 2 exception(s):
2025-09-19 20:43:27,660 [8eb9963e-bce0-4155-aea2-e442cadff8bd@group-A751954341BD-LeaderElection35] INFO  impl.LeaderElection (LogUtils.java:infoOrTrace(142)) -   Exception 0: java.util.concurrent.ExecutionException: org.apache.ratis.thirdparty.io.grpc.StatusRuntimeException: UNAVAILABLE: io exception
2025-09-19 20:43:27,660 [8eb9963e-bce0-4155-aea2-e442cadff8bd@group-A751954341BD-LeaderElection35] INFO  impl.LeaderElection (LogUtils.java:infoOrTrace(142)) -   Exception 1: java.util.concurrent.ExecutionException: org.apache.ratis.thirdparty.io.grpc.StatusRuntimeException: UNAVAILABLE: io exception
2025-09-19 20:43:27,661 [8eb9963e-bce0-4155-aea2-e442cadff8bd@group-A751954341BD-LeaderElection35] INFO  impl.LeaderElection (LeaderElection.java:askForVotes(450)) - 8eb9963e-bce0-4155-aea2-e442cadff8bd@group-A751954341BD-LeaderElection35 PRE_VOTE round 0: result REJECTED
2025-09-19 20:43:27,661 [8eb9963e-bce0-4155-aea2-e442cadff8bd@group-A751954341BD-LeaderElection35] INFO  server.RaftServer$Division (RaftServerImpl.java:setRole(392)) - 8eb9963e-bce0-4155-aea2-e442cadff8bd@group-A751954341BD: changes role from CANDIDATE to FOLLOWER at term 1 for REJECTED
2025-09-19 20:43:27,661 [8eb9963e-bce0-4155-aea2-e442cadff8bd@group-A751954341BD-LeaderElection35] INFO  impl.RoleInfo (RoleInfo.java:shutdownLeaderElection(141)) - 8eb9963e-bce0-4155-aea2-e442cadff8bd: shutdown 8eb9963e-bce0-4155-aea2-e442cadff8bd@group-A751954341BD-LeaderElection35
2025-09-19 20:43:27,661 [8eb9963e-bce0-4155-aea2-e442cadff8bd@group-A751954341BD-LeaderElection35] INFO  impl.RoleInfo (RoleInfo.java:updateAndGet(148)) - 8eb9963e-bce0-4155-aea2-e442cadff8bd: start 8eb9963e-bce0-4155-aea2-e442cadff8bd@group-A751954341BD-FollowerState
2025-09-19 20:43:27,992 [8eb9963e-bce0-4155-aea2-e442cadff8bd@group-715EBF8096A7-FollowerState] INFO  impl.FollowerState (FollowerState.java:runImpl(161)) - 8eb9963e-bce0-4155-aea2-e442cadff8bd@group-715EBF8096A7-FollowerState: change to CANDIDATE, lastRpcElapsedTime:1019439171ns, electionTimeout:1019ms
2025-09-19 20:43:27,992 [8eb9963e-bce0-4155-aea2-e442cadff8bd@group-715EBF8096A7-FollowerState] INFO  impl.RoleInfo (RoleInfo.java:shutdownFollowerState(121)) - 8eb9963e-bce0-4155-aea2-e442cadff8bd: shutdown 8eb9963e-bce0-4155-aea2-e442cadff8bd@group-715EBF8096A7-FollowerState
2025-09-19 20:43:27,992 [8eb9963e-bce0-4155-aea2-e442cadff8bd@group-715EBF8096A7-FollowerState] INFO  server.RaftServer$Division (RaftServerImpl.java:setRole(392)) - 8eb9963e-bce0-4155-aea2-e442cadff8bd@group-715EBF8096A7: changes role from  FOLLOWER to CANDIDATE at term 2 for changeToCandidate
2025-09-19 20:43:27,992 [8eb9963e-bce0-4155-aea2-e442cadff8bd@group-715EBF8096A7-FollowerState] INFO  impl.RoleInfo (RoleInfo.java:updateAndGet(148)) - 8eb9963e-bce0-4155-aea2-e442cadff8bd: start 8eb9963e-bce0-4155-aea2-e442cadff8bd@group-715EBF8096A7-LeaderElection36
2025-09-19 20:43:27,992 [8eb9963e-bce0-4155-aea2-e442cadff8bd@group-715EBF8096A7-LeaderElection36] INFO  impl.LeaderElection (LeaderElection.java:askForVotes(448)) - 8eb9963e-bce0-4155-aea2-e442cadff8bd@group-715EBF8096A7-LeaderElection36 PRE_VOTE round 0: submit vote requests at term 2 for conf: {index: 5, cur=peers:[b5a25cc1-46d3-4381-a194-bd68f4526f1c|127.0.0.1:15031, 0df1231c-9f8a-4757-a7d0-f6d7f53bc482|127.0.0.1:15023, 8eb9963e-bce0-4155-aea2-e442cadff8bd|127.0.0.1:15015]|listeners:[], old=null}
2025-09-19 20:43:27,993 [8eb9963e-bce0-4155-aea2-e442cadff8bd@group-715EBF8096A7-LeaderElection36] INFO  impl.LeaderElection (LogUtils.java:infoOrTrace(142)) - 8eb9963e-bce0-4155-aea2-e442cadff8bd@group-715EBF8096A7-LeaderElection36 got exception when requesting votes: java.util.concurrent.ExecutionException: org.apache.ratis.thirdparty.io.grpc.StatusRuntimeException: UNAVAILABLE: io exception
2025-09-19 20:43:27,993 [8eb9963e-bce0-4155-aea2-e442cadff8bd@group-715EBF8096A7-LeaderElection36] INFO  impl.LeaderElection (LogUtils.java:infoOrTrace(142)) - 8eb9963e-bce0-4155-aea2-e442cadff8bd@group-715EBF8096A7-LeaderElection36 got exception when requesting votes: java.util.concurrent.ExecutionException: org.apache.ratis.thirdparty.io.grpc.StatusRuntimeException: UNAVAILABLE: io exception
2025-09-19 20:43:27,993 [8eb9963e-bce0-4155-aea2-e442cadff8bd@group-715EBF8096A7-LeaderElection36] INFO  impl.LeaderElection (LeaderElection.java:logAndReturn(206)) - 8eb9963e-bce0-4155-aea2-e442cadff8bd@group-715EBF8096A7-LeaderElection36: PRE_VOTE REJECTED received 0 response(s) and 2 exception(s):
2025-09-19 20:43:27,993 [8eb9963e-bce0-4155-aea2-e442cadff8bd@group-715EBF8096A7-LeaderElection36] INFO  impl.LeaderElection (LogUtils.java:infoOrTrace(142)) -   Exception 0: java.util.concurrent.ExecutionException: org.apache.ratis.thirdparty.io.grpc.StatusRuntimeException: UNAVAILABLE: io exception
2025-09-19 20:43:27,993 [8eb9963e-bce0-4155-aea2-e442cadff8bd@group-715EBF8096A7-LeaderElection36] INFO  impl.LeaderElection (LogUtils.java:infoOrTrace(142)) -   Exception 1: java.util.concurrent.ExecutionException: org.apache.ratis.thirdparty.io.grpc.StatusRuntimeException: UNAVAILABLE: io exception
2025-09-19 20:43:27,993 [8eb9963e-bce0-4155-aea2-e442cadff8bd@group-715EBF8096A7-LeaderElection36] INFO  impl.LeaderElection (LeaderElection.java:askForVotes(450)) - 8eb9963e-bce0-4155-aea2-e442cadff8bd@group-715EBF8096A7-LeaderElection36 PRE_VOTE round 0: result REJECTED
2025-09-19 20:43:27,993 [8eb9963e-bce0-4155-aea2-e442cadff8bd@group-715EBF8096A7-LeaderElection36] INFO  server.RaftServer$Division (RaftServerImpl.java:setRole(392)) - 8eb9963e-bce0-4155-aea2-e442cadff8bd@group-715EBF8096A7: changes role from CANDIDATE to FOLLOWER at term 2 for REJECTED
2025-09-19 20:43:27,993 [8eb9963e-bce0-4155-aea2-e442cadff8bd@group-715EBF8096A7-LeaderElection36] INFO  impl.RoleInfo (RoleInfo.java:shutdownLeaderElection(141)) - 8eb9963e-bce0-4155-aea2-e442cadff8bd: shutdown 8eb9963e-bce0-4155-aea2-e442cadff8bd@group-715EBF8096A7-LeaderElection36
2025-09-19 20:43:27,993 [8eb9963e-bce0-4155-aea2-e442cadff8bd@group-715EBF8096A7-LeaderElection36] INFO  impl.RoleInfo (RoleInfo.java:updateAndGet(148)) - 8eb9963e-bce0-4155-aea2-e442cadff8bd: start 8eb9963e-bce0-4155-aea2-e442cadff8bd@group-715EBF8096A7-FollowerState
2025-09-19 20:43:28,754 [8eb9963e-bce0-4155-aea2-e442cadff8bd@group-A751954341BD-FollowerState] INFO  impl.FollowerState (FollowerState.java:runImpl(161)) - 8eb9963e-bce0-4155-aea2-e442cadff8bd@group-A751954341BD-FollowerState: change to CANDIDATE, lastRpcElapsedTime:1093428657ns, electionTimeout:1093ms
2025-09-19 20:43:28,755 [8eb9963e-bce0-4155-aea2-e442cadff8bd@group-A751954341BD-FollowerState] INFO  impl.RoleInfo (RoleInfo.java:shutdownFollowerState(121)) - 8eb9963e-bce0-4155-aea2-e442cadff8bd: shutdown 8eb9963e-bce0-4155-aea2-e442cadff8bd@group-A751954341BD-FollowerState
2025-09-19 20:43:28,755 [8eb9963e-bce0-4155-aea2-e442cadff8bd@group-A751954341BD-FollowerState] INFO  server.RaftServer$Division (RaftServerImpl.java:setRole(392)) - 8eb9963e-bce0-4155-aea2-e442cadff8bd@group-A751954341BD: changes role from  FOLLOWER to CANDIDATE at term 1 for changeToCandidate
2025-09-19 20:43:28,755 [8eb9963e-bce0-4155-aea2-e442cadff8bd@group-A751954341BD-FollowerState] INFO  impl.RoleInfo (RoleInfo.java:updateAndGet(148)) - 8eb9963e-bce0-4155-aea2-e442cadff8bd: start 8eb9963e-bce0-4155-aea2-e442cadff8bd@group-A751954341BD-LeaderElection37
2025-09-19 20:43:28,755 [8eb9963e-bce0-4155-aea2-e442cadff8bd@group-A751954341BD-LeaderElection37] INFO  impl.LeaderElection (LeaderElection.java:askForVotes(448)) - 8eb9963e-bce0-4155-aea2-e442cadff8bd@group-A751954341BD-LeaderElection37 PRE_VOTE round 0: submit vote requests at term 1 for conf: {index: 0, cur=peers:[b5a25cc1-46d3-4381-a194-bd68f4526f1c|127.0.0.1:15031, 0df1231c-9f8a-4757-a7d0-f6d7f53bc482|127.0.0.1:15023, 8eb9963e-bce0-4155-aea2-e442cadff8bd|127.0.0.1:15015]|listeners:[], old=null}
2025-09-19 20:43:28,756 [8eb9963e-bce0-4155-aea2-e442cadff8bd@group-A751954341BD-LeaderElection37] INFO  impl.LeaderElection (LogUtils.java:infoOrTrace(142)) - 8eb9963e-bce0-4155-aea2-e442cadff8bd@group-A751954341BD-LeaderElection37 got exception when requesting votes: java.util.concurrent.ExecutionException: org.apache.ratis.thirdparty.io.grpc.StatusRuntimeException: UNAVAILABLE: io exception
2025-09-19 20:43:28,756 [8eb9963e-bce0-4155-aea2-e442cadff8bd@group-A751954341BD-LeaderElection37] INFO  impl.LeaderElection (LogUtils.java:infoOrTrace(142)) - 8eb9963e-bce0-4155-aea2-e442cadff8bd@group-A751954341BD-LeaderElection37 got exception when requesting votes: java.util.concurrent.ExecutionException: org.apache.ratis.thirdparty.io.grpc.StatusRuntimeException: UNAVAILABLE: io exception
2025-09-19 20:43:28,756 [8eb9963e-bce0-4155-aea2-e442cadff8bd@group-A751954341BD-LeaderElection37] INFO  impl.LeaderElection (LeaderElection.java:logAndReturn(206)) - 8eb9963e-bce0-4155-aea2-e442cadff8bd@group-A751954341BD-LeaderElection37: PRE_VOTE REJECTED received 0 response(s) and 2 exception(s):
2025-09-19 20:43:28,756 [8eb9963e-bce0-4155-aea2-e442cadff8bd@group-A751954341BD-LeaderElection37] INFO  impl.LeaderElection (LogUtils.java:infoOrTrace(142)) -   Exception 0: java.util.concurrent.ExecutionException: org.apache.ratis.thirdparty.io.grpc.StatusRuntimeException: UNAVAILABLE: io exception
2025-09-19 20:43:28,756 [8eb9963e-bce0-4155-aea2-e442cadff8bd@group-A751954341BD-LeaderElection37] INFO  impl.LeaderElection (LogUtils.java:infoOrTrace(142)) -   Exception 1: java.util.concurrent.ExecutionException: org.apache.ratis.thirdparty.io.grpc.StatusRuntimeException: UNAVAILABLE: io exception
2025-09-19 20:43:28,756 [8eb9963e-bce0-4155-aea2-e442cadff8bd@group-A751954341BD-LeaderElection37] INFO  impl.LeaderElection (LeaderElection.java:askForVotes(450)) - 8eb9963e-bce0-4155-aea2-e442cadff8bd@group-A751954341BD-LeaderElection37 PRE_VOTE round 0: result REJECTED
2025-09-19 20:43:28,756 [8eb9963e-bce0-4155-aea2-e442cadff8bd@group-A751954341BD-LeaderElection37] INFO  server.RaftServer$Division (RaftServerImpl.java:setRole(392)) - 8eb9963e-bce0-4155-aea2-e442cadff8bd@group-A751954341BD: changes role from CANDIDATE to FOLLOWER at term 1 for REJECTED
2025-09-19 20:43:28,756 [8eb9963e-bce0-4155-aea2-e442cadff8bd@group-A751954341BD-LeaderElection37] INFO  impl.RoleInfo (RoleInfo.java:shutdownLeaderElection(141)) - 8eb9963e-bce0-4155-aea2-e442cadff8bd: shutdown 8eb9963e-bce0-4155-aea2-e442cadff8bd@group-A751954341BD-LeaderElection37
2025-09-19 20:43:28,756 [8eb9963e-bce0-4155-aea2-e442cadff8bd@group-A751954341BD-LeaderElection37] INFO  impl.RoleInfo (RoleInfo.java:updateAndGet(148)) - 8eb9963e-bce0-4155-aea2-e442cadff8bd: start 8eb9963e-bce0-4155-aea2-e442cadff8bd@group-A751954341BD-FollowerState
2025-09-19 20:43:29,149 [8eb9963e-bce0-4155-aea2-e442cadff8bd@group-715EBF8096A7-FollowerState] INFO  impl.FollowerState (FollowerState.java:runImpl(161)) - 8eb9963e-bce0-4155-aea2-e442cadff8bd@group-715EBF8096A7-FollowerState: change to CANDIDATE, lastRpcElapsedTime:1155435437ns, electionTimeout:1155ms
2025-09-19 20:43:29,149 [8eb9963e-bce0-4155-aea2-e442cadff8bd@group-715EBF8096A7-FollowerState] INFO  impl.RoleInfo (RoleInfo.java:shutdownFollowerState(121)) - 8eb9963e-bce0-4155-aea2-e442cadff8bd: shutdown 8eb9963e-bce0-4155-aea2-e442cadff8bd@group-715EBF8096A7-FollowerState
2025-09-19 20:43:29,149 [8eb9963e-bce0-4155-aea2-e442cadff8bd@group-715EBF8096A7-FollowerState] INFO  server.RaftServer$Division (RaftServerImpl.java:setRole(392)) - 8eb9963e-bce0-4155-aea2-e442cadff8bd@group-715EBF8096A7: changes role from  FOLLOWER to CANDIDATE at term 2 for changeToCandidate
2025-09-19 20:43:29,149 [8eb9963e-bce0-4155-aea2-e442cadff8bd@group-715EBF8096A7-FollowerState] INFO  impl.RoleInfo (RoleInfo.java:updateAndGet(148)) - 8eb9963e-bce0-4155-aea2-e442cadff8bd: start 8eb9963e-bce0-4155-aea2-e442cadff8bd@group-715EBF8096A7-LeaderElection38
2025-09-19 20:43:29,150 [8eb9963e-bce0-4155-aea2-e442cadff8bd@group-715EBF8096A7-LeaderElection38] INFO  impl.LeaderElection (LeaderElection.java:askForVotes(448)) - 8eb9963e-bce0-4155-aea2-e442cadff8bd@group-715EBF8096A7-LeaderElection38 PRE_VOTE round 0: submit vote requests at term 2 for conf: {index: 5, cur=peers:[b5a25cc1-46d3-4381-a194-bd68f4526f1c|127.0.0.1:15031, 0df1231c-9f8a-4757-a7d0-f6d7f53bc482|127.0.0.1:15023, 8eb9963e-bce0-4155-aea2-e442cadff8bd|127.0.0.1:15015]|listeners:[], old=null}
2025-09-19 20:43:29,150 [8eb9963e-bce0-4155-aea2-e442cadff8bd@group-715EBF8096A7-LeaderElection38] INFO  impl.LeaderElection (LogUtils.java:infoOrTrace(142)) - 8eb9963e-bce0-4155-aea2-e442cadff8bd@group-715EBF8096A7-LeaderElection38 got exception when requesting votes: java.util.concurrent.ExecutionException: org.apache.ratis.thirdparty.io.grpc.StatusRuntimeException: UNAVAILABLE: io exception
2025-09-19 20:43:29,150 [8eb9963e-bce0-4155-aea2-e442cadff8bd@group-715EBF8096A7-LeaderElection38] INFO  impl.LeaderElection (LogUtils.java:infoOrTrace(142)) - 8eb9963e-bce0-4155-aea2-e442cadff8bd@group-715EBF8096A7-LeaderElection38 got exception when requesting votes: java.util.concurrent.ExecutionException: org.apache.ratis.thirdparty.io.grpc.StatusRuntimeException: UNAVAILABLE: io exception
2025-09-19 20:43:29,150 [8eb9963e-bce0-4155-aea2-e442cadff8bd@group-715EBF8096A7-LeaderElection38] INFO  impl.LeaderElection (LeaderElection.java:logAndReturn(206)) - 8eb9963e-bce0-4155-aea2-e442cadff8bd@group-715EBF8096A7-LeaderElection38: PRE_VOTE REJECTED received 0 response(s) and 2 exception(s):
2025-09-19 20:43:29,150 [8eb9963e-bce0-4155-aea2-e442cadff8bd@group-715EBF8096A7-LeaderElection38] INFO  impl.LeaderElection (LogUtils.java:infoOrTrace(142)) -   Exception 0: java.util.concurrent.ExecutionException: org.apache.ratis.thirdparty.io.grpc.StatusRuntimeException: UNAVAILABLE: io exception
2025-09-19 20:43:29,150 [8eb9963e-bce0-4155-aea2-e442cadff8bd@group-715EBF8096A7-LeaderElection38] INFO  impl.LeaderElection (LogUtils.java:infoOrTrace(142)) -   Exception 1: java.util.concurrent.ExecutionException: org.apache.ratis.thirdparty.io.grpc.StatusRuntimeException: UNAVAILABLE: io exception
2025-09-19 20:43:29,151 [8eb9963e-bce0-4155-aea2-e442cadff8bd@group-715EBF8096A7-LeaderElection38] INFO  impl.LeaderElection (LeaderElection.java:askForVotes(450)) - 8eb9963e-bce0-4155-aea2-e442cadff8bd@group-715EBF8096A7-LeaderElection38 PRE_VOTE round 0: result REJECTED
2025-09-19 20:43:29,151 [8eb9963e-bce0-4155-aea2-e442cadff8bd@group-715EBF8096A7-LeaderElection38] INFO  server.RaftServer$Division (RaftServerImpl.java:setRole(392)) - 8eb9963e-bce0-4155-aea2-e442cadff8bd@group-715EBF8096A7: changes role from CANDIDATE to FOLLOWER at term 2 for REJECTED
2025-09-19 20:43:29,151 [8eb9963e-bce0-4155-aea2-e442cadff8bd@group-715EBF8096A7-LeaderElection38] INFO  impl.RoleInfo (RoleInfo.java:shutdownLeaderElection(141)) - 8eb9963e-bce0-4155-aea2-e442cadff8bd: shutdown 8eb9963e-bce0-4155-aea2-e442cadff8bd@group-715EBF8096A7-LeaderElection38
2025-09-19 20:43:29,151 [8eb9963e-bce0-4155-aea2-e442cadff8bd@group-715EBF8096A7-LeaderElection38] INFO  impl.RoleInfo (RoleInfo.java:updateAndGet(148)) - 8eb9963e-bce0-4155-aea2-e442cadff8bd: start 8eb9963e-bce0-4155-aea2-e442cadff8bd@group-715EBF8096A7-FollowerState
2025-09-19 20:43:29,841 [8eb9963e-bce0-4155-aea2-e442cadff8bd@group-A751954341BD-FollowerState] INFO  impl.FollowerState (FollowerState.java:runImpl(161)) - 8eb9963e-bce0-4155-aea2-e442cadff8bd@group-A751954341BD-FollowerState: change to CANDIDATE, lastRpcElapsedTime:1085336070ns, electionTimeout:1085ms
2025-09-19 20:43:29,842 [8eb9963e-bce0-4155-aea2-e442cadff8bd@group-A751954341BD-FollowerState] INFO  impl.RoleInfo (RoleInfo.java:shutdownFollowerState(121)) - 8eb9963e-bce0-4155-aea2-e442cadff8bd: shutdown 8eb9963e-bce0-4155-aea2-e442cadff8bd@group-A751954341BD-FollowerState
2025-09-19 20:43:29,842 [8eb9963e-bce0-4155-aea2-e442cadff8bd@group-A751954341BD-FollowerState] INFO  server.RaftServer$Division (RaftServerImpl.java:setRole(392)) - 8eb9963e-bce0-4155-aea2-e442cadff8bd@group-A751954341BD: changes role from  FOLLOWER to CANDIDATE at term 1 for changeToCandidate
2025-09-19 20:43:29,842 [8eb9963e-bce0-4155-aea2-e442cadff8bd@group-A751954341BD-FollowerState] INFO  impl.RoleInfo (RoleInfo.java:updateAndGet(148)) - 8eb9963e-bce0-4155-aea2-e442cadff8bd: start 8eb9963e-bce0-4155-aea2-e442cadff8bd@group-A751954341BD-LeaderElection39
2025-09-19 20:43:29,842 [8eb9963e-bce0-4155-aea2-e442cadff8bd@group-A751954341BD-LeaderElection39] INFO  impl.LeaderElection (LeaderElection.java:askForVotes(448)) - 8eb9963e-bce0-4155-aea2-e442cadff8bd@group-A751954341BD-LeaderElection39 PRE_VOTE round 0: submit vote requests at term 1 for conf: {index: 0, cur=peers:[b5a25cc1-46d3-4381-a194-bd68f4526f1c|127.0.0.1:15031, 0df1231c-9f8a-4757-a7d0-f6d7f53bc482|127.0.0.1:15023, 8eb9963e-bce0-4155-aea2-e442cadff8bd|127.0.0.1:15015]|listeners:[], old=null}
2025-09-19 20:43:29,843 [8eb9963e-bce0-4155-aea2-e442cadff8bd@group-A751954341BD-LeaderElection39] INFO  impl.LeaderElection (LogUtils.java:infoOrTrace(142)) - 8eb9963e-bce0-4155-aea2-e442cadff8bd@group-A751954341BD-LeaderElection39 got exception when requesting votes: java.util.concurrent.ExecutionException: org.apache.ratis.thirdparty.io.grpc.StatusRuntimeException: UNAVAILABLE: io exception
2025-09-19 20:43:29,843 [8eb9963e-bce0-4155-aea2-e442cadff8bd@group-A751954341BD-LeaderElection39] INFO  impl.LeaderElection (LogUtils.java:infoOrTrace(142)) - 8eb9963e-bce0-4155-aea2-e442cadff8bd@group-A751954341BD-LeaderElection39 got exception when requesting votes: java.util.concurrent.ExecutionException: org.apache.ratis.thirdparty.io.grpc.StatusRuntimeException: UNAVAILABLE: io exception
2025-09-19 20:43:29,843 [8eb9963e-bce0-4155-aea2-e442cadff8bd@group-A751954341BD-LeaderElection39] INFO  impl.LeaderElection (LeaderElection.java:logAndReturn(206)) - 8eb9963e-bce0-4155-aea2-e442cadff8bd@group-A751954341BD-LeaderElection39: PRE_VOTE REJECTED received 0 response(s) and 2 exception(s):
2025-09-19 20:43:29,843 [8eb9963e-bce0-4155-aea2-e442cadff8bd@group-A751954341BD-LeaderElection39] INFO  impl.LeaderElection (LogUtils.java:infoOrTrace(142)) -   Exception 0: java.util.concurrent.ExecutionException: org.apache.ratis.thirdparty.io.grpc.StatusRuntimeException: UNAVAILABLE: io exception
2025-09-19 20:43:29,843 [8eb9963e-bce0-4155-aea2-e442cadff8bd@group-A751954341BD-LeaderElection39] INFO  impl.LeaderElection (LogUtils.java:infoOrTrace(142)) -   Exception 1: java.util.concurrent.ExecutionException: org.apache.ratis.thirdparty.io.grpc.StatusRuntimeException: UNAVAILABLE: io exception
2025-09-19 20:43:29,843 [8eb9963e-bce0-4155-aea2-e442cadff8bd@group-A751954341BD-LeaderElection39] INFO  impl.LeaderElection (LeaderElection.java:askForVotes(450)) - 8eb9963e-bce0-4155-aea2-e442cadff8bd@group-A751954341BD-LeaderElection39 PRE_VOTE round 0: result REJECTED
2025-09-19 20:43:29,843 [8eb9963e-bce0-4155-aea2-e442cadff8bd@group-A751954341BD-LeaderElection39] INFO  server.RaftServer$Division (RaftServerImpl.java:setRole(392)) - 8eb9963e-bce0-4155-aea2-e442cadff8bd@group-A751954341BD: changes role from CANDIDATE to FOLLOWER at term 1 for REJECTED
2025-09-19 20:43:29,843 [8eb9963e-bce0-4155-aea2-e442cadff8bd@group-A751954341BD-LeaderElection39] INFO  impl.RoleInfo (RoleInfo.java:shutdownLeaderElection(141)) - 8eb9963e-bce0-4155-aea2-e442cadff8bd: shutdown 8eb9963e-bce0-4155-aea2-e442cadff8bd@group-A751954341BD-LeaderElection39
2025-09-19 20:43:29,843 [8eb9963e-bce0-4155-aea2-e442cadff8bd@group-A751954341BD-LeaderElection39] INFO  impl.RoleInfo (RoleInfo.java:updateAndGet(148)) - 8eb9963e-bce0-4155-aea2-e442cadff8bd: start 8eb9963e-bce0-4155-aea2-e442cadff8bd@group-A751954341BD-FollowerState
2025-09-19 20:43:30,343 [8eb9963e-bce0-4155-aea2-e442cadff8bd@group-715EBF8096A7-FollowerState] INFO  impl.FollowerState (FollowerState.java:runImpl(161)) - 8eb9963e-bce0-4155-aea2-e442cadff8bd@group-715EBF8096A7-FollowerState: change to CANDIDATE, lastRpcElapsedTime:1192387527ns, electionTimeout:1192ms
2025-09-19 20:43:30,343 [8eb9963e-bce0-4155-aea2-e442cadff8bd@group-715EBF8096A7-FollowerState] INFO  impl.RoleInfo (RoleInfo.java:shutdownFollowerState(121)) - 8eb9963e-bce0-4155-aea2-e442cadff8bd: shutdown 8eb9963e-bce0-4155-aea2-e442cadff8bd@group-715EBF8096A7-FollowerState
2025-09-19 20:43:30,343 [8eb9963e-bce0-4155-aea2-e442cadff8bd@group-715EBF8096A7-FollowerState] INFO  server.RaftServer$Division (RaftServerImpl.java:setRole(392)) - 8eb9963e-bce0-4155-aea2-e442cadff8bd@group-715EBF8096A7: changes role from  FOLLOWER to CANDIDATE at term 2 for changeToCandidate
2025-09-19 20:43:30,343 [8eb9963e-bce0-4155-aea2-e442cadff8bd@group-715EBF8096A7-FollowerState] INFO  impl.RoleInfo (RoleInfo.java:updateAndGet(148)) - 8eb9963e-bce0-4155-aea2-e442cadff8bd: start 8eb9963e-bce0-4155-aea2-e442cadff8bd@group-715EBF8096A7-LeaderElection40
2025-09-19 20:43:30,344 [8eb9963e-bce0-4155-aea2-e442cadff8bd@group-715EBF8096A7-LeaderElection40] INFO  impl.LeaderElection (LeaderElection.java:askForVotes(448)) - 8eb9963e-bce0-4155-aea2-e442cadff8bd@group-715EBF8096A7-LeaderElection40 PRE_VOTE round 0: submit vote requests at term 2 for conf: {index: 5, cur=peers:[b5a25cc1-46d3-4381-a194-bd68f4526f1c|127.0.0.1:15031, 0df1231c-9f8a-4757-a7d0-f6d7f53bc482|127.0.0.1:15023, 8eb9963e-bce0-4155-aea2-e442cadff8bd|127.0.0.1:15015]|listeners:[], old=null}
2025-09-19 20:43:30,344 [8eb9963e-bce0-4155-aea2-e442cadff8bd@group-715EBF8096A7-LeaderElection40] INFO  impl.LeaderElection (LogUtils.java:infoOrTrace(142)) - 8eb9963e-bce0-4155-aea2-e442cadff8bd@group-715EBF8096A7-LeaderElection40 got exception when requesting votes: java.util.concurrent.ExecutionException: org.apache.ratis.thirdparty.io.grpc.StatusRuntimeException: UNAVAILABLE: io exception
2025-09-19 20:43:30,344 [8eb9963e-bce0-4155-aea2-e442cadff8bd@group-715EBF8096A7-LeaderElection40] INFO  impl.LeaderElection (LogUtils.java:infoOrTrace(142)) - 8eb9963e-bce0-4155-aea2-e442cadff8bd@group-715EBF8096A7-LeaderElection40 got exception when requesting votes: java.util.concurrent.ExecutionException: org.apache.ratis.thirdparty.io.grpc.StatusRuntimeException: UNAVAILABLE: io exception
2025-09-19 20:43:30,344 [8eb9963e-bce0-4155-aea2-e442cadff8bd@group-715EBF8096A7-LeaderElection40] INFO  impl.LeaderElection (LeaderElection.java:logAndReturn(206)) - 8eb9963e-bce0-4155-aea2-e442cadff8bd@group-715EBF8096A7-LeaderElection40: PRE_VOTE REJECTED received 0 response(s) and 2 exception(s):
2025-09-19 20:43:30,345 [8eb9963e-bce0-4155-aea2-e442cadff8bd@group-715EBF8096A7-LeaderElection40] INFO  impl.LeaderElection (LogUtils.java:infoOrTrace(142)) -   Exception 0: java.util.concurrent.ExecutionException: org.apache.ratis.thirdparty.io.grpc.StatusRuntimeException: UNAVAILABLE: io exception
2025-09-19 20:43:30,345 [8eb9963e-bce0-4155-aea2-e442cadff8bd@group-715EBF8096A7-LeaderElection40] INFO  impl.LeaderElection (LogUtils.java:infoOrTrace(142)) -   Exception 1: java.util.concurrent.ExecutionException: org.apache.ratis.thirdparty.io.grpc.StatusRuntimeException: UNAVAILABLE: io exception
2025-09-19 20:43:30,345 [8eb9963e-bce0-4155-aea2-e442cadff8bd@group-715EBF8096A7-LeaderElection40] INFO  impl.LeaderElection (LeaderElection.java:askForVotes(450)) - 8eb9963e-bce0-4155-aea2-e442cadff8bd@group-715EBF8096A7-LeaderElection40 PRE_VOTE round 0: result REJECTED
2025-09-19 20:43:30,345 [8eb9963e-bce0-4155-aea2-e442cadff8bd@group-715EBF8096A7-LeaderElection40] INFO  server.RaftServer$Division (RaftServerImpl.java:setRole(392)) - 8eb9963e-bce0-4155-aea2-e442cadff8bd@group-715EBF8096A7: changes role from CANDIDATE to FOLLOWER at term 2 for REJECTED
2025-09-19 20:43:30,345 [8eb9963e-bce0-4155-aea2-e442cadff8bd@group-715EBF8096A7-LeaderElection40] INFO  impl.RoleInfo (RoleInfo.java:shutdownLeaderElection(141)) - 8eb9963e-bce0-4155-aea2-e442cadff8bd: shutdown 8eb9963e-bce0-4155-aea2-e442cadff8bd@group-715EBF8096A7-LeaderElection40
2025-09-19 20:43:30,345 [8eb9963e-bce0-4155-aea2-e442cadff8bd@group-715EBF8096A7-LeaderElection40] INFO  impl.RoleInfo (RoleInfo.java:updateAndGet(148)) - 8eb9963e-bce0-4155-aea2-e442cadff8bd: start 8eb9963e-bce0-4155-aea2-e442cadff8bd@group-715EBF8096A7-FollowerState
2025-09-19 20:43:30,471 [grpc-default-executor-5] ERROR impl.OrderedAsync (OrderedAsync.java:lambda$null$6(215)) -  client-730261A1D9D9: Failed* RaftClientRequest:client-730261A1D9D9->8eb9963e-bce0-4155-aea2-e442cadff8bd@group-715EBF8096A7, cid=16, seq=4*, RW, cmdType: WriteChunk
traceID: ""
containerID: 1
datanodeUuid: "b5a25cc1-46d3-4381-a194-bd68f4526f1c"
writeChunk {
  blockID {
    containerID: 1
    localID: 115816896921600001
    blockCommitSequenceId: 2
    replicaIndex: 0
  }
  chunkData {
    chunkName: "115816896921600001_chunk_2"
    offset: 1048576
    len: 1048576
    checksumData {
      type: CRC32
      bytesPerChecksum: 16384
      checksums: "\326\360U\321"
      checksums: "\326\360U\321"
      checksums: "\326\360U\321"
      checksums: "\326\360U\321"
      checksums: "\326\360U\321"
      checksums: "\326\360U\321"
      checksums: "\326\360U\321"
      checksums: "\326\360U\321"
      checksums: "\326\360U\321"
      checksums: "\326\360U\321"
      checksums: "\326\360U\321"
      checksums: "\326\360U\321"
      checksums: "\326\360U\321"
      checksums: "\326\360U\321"
      checksums: "\326\360U\321"
      checksums: "\326\360U\321"
      checksums: "\326\360U\321"
      checksums: "\326\360U\321"
      checksums: "\326\360U\321"
      checksums: "\326\360U\321"
      checksums: "\326\360U\321"
      checksums: "\326\360U\321"
      checksums: "\326\360U\321"
      checksums: "\326\360U\321"
      checksums: "\326\360U\321"
      checksums: "\326\360U\321"
      checksums: "\326\360U\321"
      checksums: "\326\360U\321"
      checksums: "\326\360U\321"
      checksums: "\326\360U\321"
      checksums: "\326\360U\321"
      checksums: "\326\360U\321"
      checksums: "\326\360U\321"
      checksums: "\326\360U\321"
      checksums: "\326\360U\321"
      checksums: "\326\360U\321"
      checksums: "\326\360U\321"
      checksums: "\326\360U\321"
      checksums: "\326\360U\321"
      checksums: "\326\360U\321"
      checksums: "\326\360U\321"
      checksums: "\326\360U\321"
      checksums: "\326\360U\321"
      checksums: "\326\360U\321"
      checksums: "\326\360U\321"
      checksums: "\326\360U\321"
      checksums: "\326\360U\321"
      checksums: "\326\360U\321"
      checksums: "\326\360U\321"
      checksums: "\326\360U\321"
      checksums: "\326\360U\321"
      checksums: "\326\360U\321"
      checksums: "\326\360U\321"
      checksums: "\326\360U\321"
      checksums: "\326\360U\321"
      checksums: "\326\360U\321"
      checksums: "\326\360U\321"
      checksums: "\326\360U\321"
      checksums: "\326\360U\321"
      checksums: "\326\360U\321"
      checksums: "\326\360U\321"
      checksums: "\326\360U\321"
      checksums: "\326\360U\321"
      checksums: "H$\374\021"
    }
  }
}
version: 3
, data.size=1048576
java.util.concurrent.CompletionException: org.apache.ratis.protocol.exceptions.NotLeaderException: Server 8eb9963e-bce0-4155-aea2-e442cadff8bd@group-715EBF8096A7 is not the leader
	at java.base/java.util.concurrent.CompletableFuture.encodeThrowable(CompletableFuture.java:332)
	at java.base/java.util.concurrent.CompletableFuture.completeThrowable(CompletableFuture.java:347)
	at java.base/java.util.concurrent.CompletableFuture$UniAccept.tryFire(CompletableFuture.java:708)
	at java.base/java.util.concurrent.CompletableFuture.postComplete(CompletableFuture.java:510)
	at java.base/java.util.concurrent.CompletableFuture.completeExceptionally(CompletableFuture.java:2194)
	at org.apache.ratis.grpc.client.GrpcClientProtocolClient$AsyncStreamObservers.completeReplyExceptionally(GrpcClientProtocolClient.java:397)
	at org.apache.ratis.grpc.client.GrpcClientProtocolClient$AsyncStreamObservers.access$000(GrpcClientProtocolClient.java:303)
	at org.apache.ratis.grpc.client.GrpcClientProtocolClient$AsyncStreamObservers$1.onNext(GrpcClientProtocolClient.java:317)
	at org.apache.ratis.grpc.client.GrpcClientProtocolClient$AsyncStreamObservers$1.onNext(GrpcClientProtocolClient.java:308)
	at org.apache.ratis.thirdparty.io.grpc.stub.ClientCalls$StreamObserverToCallListenerAdapter.onMessage(ClientCalls.java:551)
	at org.apache.ratis.thirdparty.io.grpc.ForwardingClientCallListener.onMessage(ForwardingClientCallListener.java:33)
	at org.apache.ratis.thirdparty.io.grpc.internal.DelayedClientCall$DelayedListener.onMessage(DelayedClientCall.java:473)
	at org.apache.ratis.thirdparty.io.grpc.internal.ClientCallImpl$ClientStreamListenerImpl$1MessagesAvailable.runInternal(ClientCallImpl.java:661)
	at org.apache.ratis.thirdparty.io.grpc.internal.ClientCallImpl$ClientStreamListenerImpl$1MessagesAvailable.runInContext(ClientCallImpl.java:648)
	at org.apache.ratis.thirdparty.io.grpc.internal.ContextRunnable.run(ContextRunnable.java:37)
	at org.apache.ratis.thirdparty.io.grpc.internal.SerializingExecutor.run(SerializingExecutor.java:133)
	at java.base/java.util.concurrent.ThreadPoolExecutor.runWorker(ThreadPoolExecutor.java:1144)
	at java.base/java.util.concurrent.ThreadPoolExecutor$Worker.run(ThreadPoolExecutor.java:642)
	at java.base/java.lang.Thread.run(Thread.java:1583)
Caused by: org.apache.ratis.protocol.exceptions.NotLeaderException: Server 8eb9963e-bce0-4155-aea2-e442cadff8bd@group-715EBF8096A7 is not the leader
	at org.apache.ratis.client.impl.ClientProtoUtils.toRaftClientReply(ClientProtoUtils.java:402)
	at org.apache.ratis.grpc.client.GrpcClientProtocolClient$AsyncStreamObservers$1.onNext(GrpcClientProtocolClient.java:313)
	... 11 more
2025-09-19 20:43:30,985 [8eb9963e-bce0-4155-aea2-e442cadff8bd@group-A751954341BD-FollowerState] INFO  impl.FollowerState (FollowerState.java:runImpl(161)) - 8eb9963e-bce0-4155-aea2-e442cadff8bd@group-A751954341BD-FollowerState: change to CANDIDATE, lastRpcElapsedTime:1142265393ns, electionTimeout:1142ms
2025-09-19 20:43:30,986 [8eb9963e-bce0-4155-aea2-e442cadff8bd@group-A751954341BD-FollowerState] INFO  impl.RoleInfo (RoleInfo.java:shutdownFollowerState(121)) - 8eb9963e-bce0-4155-aea2-e442cadff8bd: shutdown 8eb9963e-bce0-4155-aea2-e442cadff8bd@group-A751954341BD-FollowerState
2025-09-19 20:43:30,986 [8eb9963e-bce0-4155-aea2-e442cadff8bd@group-A751954341BD-FollowerState] INFO  server.RaftServer$Division (RaftServerImpl.java:setRole(392)) - 8eb9963e-bce0-4155-aea2-e442cadff8bd@group-A751954341BD: changes role from  FOLLOWER to CANDIDATE at term 1 for changeToCandidate
2025-09-19 20:43:30,986 [8eb9963e-bce0-4155-aea2-e442cadff8bd@group-A751954341BD-FollowerState] INFO  impl.RoleInfo (RoleInfo.java:updateAndGet(148)) - 8eb9963e-bce0-4155-aea2-e442cadff8bd: start 8eb9963e-bce0-4155-aea2-e442cadff8bd@group-A751954341BD-LeaderElection41
2025-09-19 20:43:30,986 [8eb9963e-bce0-4155-aea2-e442cadff8bd@group-A751954341BD-LeaderElection41] INFO  impl.LeaderElection (LeaderElection.java:askForVotes(448)) - 8eb9963e-bce0-4155-aea2-e442cadff8bd@group-A751954341BD-LeaderElection41 PRE_VOTE round 0: submit vote requests at term 1 for conf: {index: 0, cur=peers:[b5a25cc1-46d3-4381-a194-bd68f4526f1c|127.0.0.1:15031, 0df1231c-9f8a-4757-a7d0-f6d7f53bc482|127.0.0.1:15023, 8eb9963e-bce0-4155-aea2-e442cadff8bd|127.0.0.1:15015]|listeners:[], old=null}
2025-09-19 20:43:30,987 [8eb9963e-bce0-4155-aea2-e442cadff8bd@group-A751954341BD-LeaderElection41] INFO  impl.LeaderElection (LogUtils.java:infoOrTrace(142)) - 8eb9963e-bce0-4155-aea2-e442cadff8bd@group-A751954341BD-LeaderElection41 got exception when requesting votes: java.util.concurrent.ExecutionException: org.apache.ratis.thirdparty.io.grpc.StatusRuntimeException: UNAVAILABLE: io exception
2025-09-19 20:43:30,987 [8eb9963e-bce0-4155-aea2-e442cadff8bd@group-A751954341BD-LeaderElection41] INFO  impl.LeaderElection (LogUtils.java:infoOrTrace(142)) - 8eb9963e-bce0-4155-aea2-e442cadff8bd@group-A751954341BD-LeaderElection41 got exception when requesting votes: java.util.concurrent.ExecutionException: org.apache.ratis.thirdparty.io.grpc.StatusRuntimeException: UNAVAILABLE: io exception
2025-09-19 20:43:30,987 [8eb9963e-bce0-4155-aea2-e442cadff8bd@group-A751954341BD-LeaderElection41] INFO  impl.LeaderElection (LeaderElection.java:logAndReturn(206)) - 8eb9963e-bce0-4155-aea2-e442cadff8bd@group-A751954341BD-LeaderElection41: PRE_VOTE REJECTED received 0 response(s) and 2 exception(s):
2025-09-19 20:43:30,987 [8eb9963e-bce0-4155-aea2-e442cadff8bd@group-A751954341BD-LeaderElection41] INFO  impl.LeaderElection (LogUtils.java:infoOrTrace(142)) -   Exception 0: java.util.concurrent.ExecutionException: org.apache.ratis.thirdparty.io.grpc.StatusRuntimeException: UNAVAILABLE: io exception
2025-09-19 20:43:30,987 [8eb9963e-bce0-4155-aea2-e442cadff8bd@group-A751954341BD-LeaderElection41] INFO  impl.LeaderElection (LogUtils.java:infoOrTrace(142)) -   Exception 1: java.util.concurrent.ExecutionException: org.apache.ratis.thirdparty.io.grpc.StatusRuntimeException: UNAVAILABLE: io exception
2025-09-19 20:43:30,987 [8eb9963e-bce0-4155-aea2-e442cadff8bd@group-A751954341BD-LeaderElection41] INFO  impl.LeaderElection (LeaderElection.java:askForVotes(450)) - 8eb9963e-bce0-4155-aea2-e442cadff8bd@group-A751954341BD-LeaderElection41 PRE_VOTE round 0: result REJECTED
2025-09-19 20:43:30,987 [8eb9963e-bce0-4155-aea2-e442cadff8bd@group-A751954341BD-LeaderElection41] INFO  server.RaftServer$Division (RaftServerImpl.java:setRole(392)) - 8eb9963e-bce0-4155-aea2-e442cadff8bd@group-A751954341BD: changes role from CANDIDATE to FOLLOWER at term 1 for REJECTED
2025-09-19 20:43:30,987 [8eb9963e-bce0-4155-aea2-e442cadff8bd@group-A751954341BD-LeaderElection41] INFO  impl.RoleInfo (RoleInfo.java:shutdownLeaderElection(141)) - 8eb9963e-bce0-4155-aea2-e442cadff8bd: shutdown 8eb9963e-bce0-4155-aea2-e442cadff8bd@group-A751954341BD-LeaderElection41
2025-09-19 20:43:30,987 [8eb9963e-bce0-4155-aea2-e442cadff8bd@group-A751954341BD-LeaderElection41] INFO  impl.RoleInfo (RoleInfo.java:updateAndGet(148)) - 8eb9963e-bce0-4155-aea2-e442cadff8bd: start 8eb9963e-bce0-4155-aea2-e442cadff8bd@group-A751954341BD-FollowerState
2025-09-19 20:43:31,543 [8eb9963e-bce0-4155-aea2-e442cadff8bd@group-715EBF8096A7-FollowerState] INFO  impl.FollowerState (FollowerState.java:runImpl(161)) - 8eb9963e-bce0-4155-aea2-e442cadff8bd@group-715EBF8096A7-FollowerState: change to CANDIDATE, lastRpcElapsedTime:1198361333ns, electionTimeout:1198ms
2025-09-19 20:43:31,543 [8eb9963e-bce0-4155-aea2-e442cadff8bd@group-715EBF8096A7-FollowerState] INFO  impl.RoleInfo (RoleInfo.java:shutdownFollowerState(121)) - 8eb9963e-bce0-4155-aea2-e442cadff8bd: shutdown 8eb9963e-bce0-4155-aea2-e442cadff8bd@group-715EBF8096A7-FollowerState
2025-09-19 20:43:31,544 [8eb9963e-bce0-4155-aea2-e442cadff8bd@group-715EBF8096A7-FollowerState] INFO  server.RaftServer$Division (RaftServerImpl.java:setRole(392)) - 8eb9963e-bce0-4155-aea2-e442cadff8bd@group-715EBF8096A7: changes role from  FOLLOWER to CANDIDATE at term 2 for changeToCandidate
2025-09-19 20:43:31,544 [8eb9963e-bce0-4155-aea2-e442cadff8bd@group-715EBF8096A7-FollowerState] INFO  impl.RoleInfo (RoleInfo.java:updateAndGet(148)) - 8eb9963e-bce0-4155-aea2-e442cadff8bd: start 8eb9963e-bce0-4155-aea2-e442cadff8bd@group-715EBF8096A7-LeaderElection42
2025-09-19 20:43:31,544 [8eb9963e-bce0-4155-aea2-e442cadff8bd@group-715EBF8096A7-LeaderElection42] INFO  impl.LeaderElection (LeaderElection.java:askForVotes(448)) - 8eb9963e-bce0-4155-aea2-e442cadff8bd@group-715EBF8096A7-LeaderElection42 PRE_VOTE round 0: submit vote requests at term 2 for conf: {index: 5, cur=peers:[b5a25cc1-46d3-4381-a194-bd68f4526f1c|127.0.0.1:15031, 0df1231c-9f8a-4757-a7d0-f6d7f53bc482|127.0.0.1:15023, 8eb9963e-bce0-4155-aea2-e442cadff8bd|127.0.0.1:15015]|listeners:[], old=null}
2025-09-19 20:43:31,545 [8eb9963e-bce0-4155-aea2-e442cadff8bd@group-715EBF8096A7-LeaderElection42] INFO  impl.LeaderElection (LogUtils.java:infoOrTrace(142)) - 8eb9963e-bce0-4155-aea2-e442cadff8bd@group-715EBF8096A7-LeaderElection42 got exception when requesting votes: java.util.concurrent.ExecutionException: org.apache.ratis.thirdparty.io.grpc.StatusRuntimeException: UNAVAILABLE: io exception
2025-09-19 20:43:31,545 [8eb9963e-bce0-4155-aea2-e442cadff8bd@group-715EBF8096A7-LeaderElection42] INFO  impl.LeaderElection (LogUtils.java:infoOrTrace(142)) - 8eb9963e-bce0-4155-aea2-e442cadff8bd@group-715EBF8096A7-LeaderElection42 got exception when requesting votes: java.util.concurrent.ExecutionException: org.apache.ratis.thirdparty.io.grpc.StatusRuntimeException: UNAVAILABLE: io exception
2025-09-19 20:43:31,545 [8eb9963e-bce0-4155-aea2-e442cadff8bd@group-715EBF8096A7-LeaderElection42] INFO  impl.LeaderElection (LeaderElection.java:logAndReturn(206)) - 8eb9963e-bce0-4155-aea2-e442cadff8bd@group-715EBF8096A7-LeaderElection42: PRE_VOTE REJECTED received 0 response(s) and 2 exception(s):
2025-09-19 20:43:31,545 [8eb9963e-bce0-4155-aea2-e442cadff8bd@group-715EBF8096A7-LeaderElection42] INFO  impl.LeaderElection (LogUtils.java:infoOrTrace(142)) -   Exception 0: java.util.concurrent.ExecutionException: org.apache.ratis.thirdparty.io.grpc.StatusRuntimeException: UNAVAILABLE: io exception
2025-09-19 20:43:31,545 [8eb9963e-bce0-4155-aea2-e442cadff8bd@group-715EBF8096A7-LeaderElection42] INFO  impl.LeaderElection (LogUtils.java:infoOrTrace(142)) -   Exception 1: java.util.concurrent.ExecutionException: org.apache.ratis.thirdparty.io.grpc.StatusRuntimeException: UNAVAILABLE: io exception
2025-09-19 20:43:31,545 [8eb9963e-bce0-4155-aea2-e442cadff8bd@group-715EBF8096A7-LeaderElection42] INFO  impl.LeaderElection (LeaderElection.java:askForVotes(450)) - 8eb9963e-bce0-4155-aea2-e442cadff8bd@group-715EBF8096A7-LeaderElection42 PRE_VOTE round 0: result REJECTED
2025-09-19 20:43:31,545 [8eb9963e-bce0-4155-aea2-e442cadff8bd@group-715EBF8096A7-LeaderElection42] INFO  server.RaftServer$Division (RaftServerImpl.java:setRole(392)) - 8eb9963e-bce0-4155-aea2-e442cadff8bd@group-715EBF8096A7: changes role from CANDIDATE to FOLLOWER at term 2 for REJECTED
2025-09-19 20:43:31,545 [8eb9963e-bce0-4155-aea2-e442cadff8bd@group-715EBF8096A7-LeaderElection42] INFO  impl.RoleInfo (RoleInfo.java:shutdownLeaderElection(141)) - 8eb9963e-bce0-4155-aea2-e442cadff8bd: shutdown 8eb9963e-bce0-4155-aea2-e442cadff8bd@group-715EBF8096A7-LeaderElection42
2025-09-19 20:43:31,545 [8eb9963e-bce0-4155-aea2-e442cadff8bd@group-715EBF8096A7-LeaderElection42] INFO  impl.RoleInfo (RoleInfo.java:updateAndGet(148)) - 8eb9963e-bce0-4155-aea2-e442cadff8bd: start 8eb9963e-bce0-4155-aea2-e442cadff8bd@group-715EBF8096A7-FollowerState
2025-09-19 20:43:32,186 [8eb9963e-bce0-4155-aea2-e442cadff8bd@group-A751954341BD-FollowerState] INFO  impl.FollowerState (FollowerState.java:runImpl(161)) - 8eb9963e-bce0-4155-aea2-e442cadff8bd@group-A751954341BD-FollowerState: change to CANDIDATE, lastRpcElapsedTime:1198455102ns, electionTimeout:1198ms
2025-09-19 20:43:32,186 [8eb9963e-bce0-4155-aea2-e442cadff8bd@group-A751954341BD-FollowerState] INFO  impl.RoleInfo (RoleInfo.java:shutdownFollowerState(121)) - 8eb9963e-bce0-4155-aea2-e442cadff8bd: shutdown 8eb9963e-bce0-4155-aea2-e442cadff8bd@group-A751954341BD-FollowerState
2025-09-19 20:43:32,186 [8eb9963e-bce0-4155-aea2-e442cadff8bd@group-A751954341BD-FollowerState] INFO  server.RaftServer$Division (RaftServerImpl.java:setRole(392)) - 8eb9963e-bce0-4155-aea2-e442cadff8bd@group-A751954341BD: changes role from  FOLLOWER to CANDIDATE at term 1 for changeToCandidate
2025-09-19 20:43:32,186 [8eb9963e-bce0-4155-aea2-e442cadff8bd@group-A751954341BD-FollowerState] INFO  impl.RoleInfo (RoleInfo.java:updateAndGet(148)) - 8eb9963e-bce0-4155-aea2-e442cadff8bd: start 8eb9963e-bce0-4155-aea2-e442cadff8bd@group-A751954341BD-LeaderElection43
2025-09-19 20:43:32,186 [8eb9963e-bce0-4155-aea2-e442cadff8bd@group-A751954341BD-LeaderElection43] INFO  impl.LeaderElection (LeaderElection.java:askForVotes(448)) - 8eb9963e-bce0-4155-aea2-e442cadff8bd@group-A751954341BD-LeaderElection43 PRE_VOTE round 0: submit vote requests at term 1 for conf: {index: 0, cur=peers:[b5a25cc1-46d3-4381-a194-bd68f4526f1c|127.0.0.1:15031, 0df1231c-9f8a-4757-a7d0-f6d7f53bc482|127.0.0.1:15023, 8eb9963e-bce0-4155-aea2-e442cadff8bd|127.0.0.1:15015]|listeners:[], old=null}
2025-09-19 20:43:32,187 [8eb9963e-bce0-4155-aea2-e442cadff8bd@group-A751954341BD-LeaderElection43] INFO  impl.LeaderElection (LogUtils.java:infoOrTrace(142)) - 8eb9963e-bce0-4155-aea2-e442cadff8bd@group-A751954341BD-LeaderElection43 got exception when requesting votes: java.util.concurrent.ExecutionException: org.apache.ratis.thirdparty.io.grpc.StatusRuntimeException: UNAVAILABLE: io exception
2025-09-19 20:43:32,187 [8eb9963e-bce0-4155-aea2-e442cadff8bd@group-A751954341BD-LeaderElection43] INFO  impl.LeaderElection (LogUtils.java:infoOrTrace(142)) - 8eb9963e-bce0-4155-aea2-e442cadff8bd@group-A751954341BD-LeaderElection43 got exception when requesting votes: java.util.concurrent.ExecutionException: org.apache.ratis.thirdparty.io.grpc.StatusRuntimeException: UNAVAILABLE: io exception
2025-09-19 20:43:32,187 [8eb9963e-bce0-4155-aea2-e442cadff8bd@group-A751954341BD-LeaderElection43] INFO  impl.LeaderElection (LeaderElection.java:logAndReturn(206)) - 8eb9963e-bce0-4155-aea2-e442cadff8bd@group-A751954341BD-LeaderElection43: PRE_VOTE REJECTED received 0 response(s) and 2 exception(s):
2025-09-19 20:43:32,187 [8eb9963e-bce0-4155-aea2-e442cadff8bd@group-A751954341BD-LeaderElection43] INFO  impl.LeaderElection (LogUtils.java:infoOrTrace(142)) -   Exception 0: java.util.concurrent.ExecutionException: org.apache.ratis.thirdparty.io.grpc.StatusRuntimeException: UNAVAILABLE: io exception
2025-09-19 20:43:32,187 [8eb9963e-bce0-4155-aea2-e442cadff8bd@group-A751954341BD-LeaderElection43] INFO  impl.LeaderElection (LogUtils.java:infoOrTrace(142)) -   Exception 1: java.util.concurrent.ExecutionException: org.apache.ratis.thirdparty.io.grpc.StatusRuntimeException: UNAVAILABLE: io exception
2025-09-19 20:43:32,187 [8eb9963e-bce0-4155-aea2-e442cadff8bd@group-A751954341BD-LeaderElection43] INFO  impl.LeaderElection (LeaderElection.java:askForVotes(450)) - 8eb9963e-bce0-4155-aea2-e442cadff8bd@group-A751954341BD-LeaderElection43 PRE_VOTE round 0: result REJECTED
2025-09-19 20:43:32,188 [8eb9963e-bce0-4155-aea2-e442cadff8bd@group-A751954341BD-LeaderElection43] INFO  server.RaftServer$Division (RaftServerImpl.java:setRole(392)) - 8eb9963e-bce0-4155-aea2-e442cadff8bd@group-A751954341BD: changes role from CANDIDATE to FOLLOWER at term 1 for REJECTED
2025-09-19 20:43:32,188 [8eb9963e-bce0-4155-aea2-e442cadff8bd@group-A751954341BD-LeaderElection43] INFO  impl.RoleInfo (RoleInfo.java:shutdownLeaderElection(141)) - 8eb9963e-bce0-4155-aea2-e442cadff8bd: shutdown 8eb9963e-bce0-4155-aea2-e442cadff8bd@group-A751954341BD-LeaderElection43
2025-09-19 20:43:32,188 [8eb9963e-bce0-4155-aea2-e442cadff8bd@group-A751954341BD-LeaderElection43] INFO  impl.RoleInfo (RoleInfo.java:updateAndGet(148)) - 8eb9963e-bce0-4155-aea2-e442cadff8bd: start 8eb9963e-bce0-4155-aea2-e442cadff8bd@group-A751954341BD-FollowerState
2025-09-19 20:43:32,654 [8eb9963e-bce0-4155-aea2-e442cadff8bd@group-715EBF8096A7-FollowerState] INFO  impl.FollowerState (FollowerState.java:runImpl(161)) - 8eb9963e-bce0-4155-aea2-e442cadff8bd@group-715EBF8096A7-FollowerState: change to CANDIDATE, lastRpcElapsedTime:1108376551ns, electionTimeout:1108ms
2025-09-19 20:43:32,654 [8eb9963e-bce0-4155-aea2-e442cadff8bd@group-715EBF8096A7-FollowerState] INFO  impl.RoleInfo (RoleInfo.java:shutdownFollowerState(121)) - 8eb9963e-bce0-4155-aea2-e442cadff8bd: shutdown 8eb9963e-bce0-4155-aea2-e442cadff8bd@group-715EBF8096A7-FollowerState
2025-09-19 20:43:32,654 [8eb9963e-bce0-4155-aea2-e442cadff8bd@group-715EBF8096A7-FollowerState] INFO  server.RaftServer$Division (RaftServerImpl.java:setRole(392)) - 8eb9963e-bce0-4155-aea2-e442cadff8bd@group-715EBF8096A7: changes role from  FOLLOWER to CANDIDATE at term 2 for changeToCandidate
2025-09-19 20:43:32,654 [8eb9963e-bce0-4155-aea2-e442cadff8bd@group-715EBF8096A7-FollowerState] INFO  impl.RoleInfo (RoleInfo.java:updateAndGet(148)) - 8eb9963e-bce0-4155-aea2-e442cadff8bd: start 8eb9963e-bce0-4155-aea2-e442cadff8bd@group-715EBF8096A7-LeaderElection44
2025-09-19 20:43:32,654 [8eb9963e-bce0-4155-aea2-e442cadff8bd@group-715EBF8096A7-LeaderElection44] INFO  impl.LeaderElection (LeaderElection.java:askForVotes(448)) - 8eb9963e-bce0-4155-aea2-e442cadff8bd@group-715EBF8096A7-LeaderElection44 PRE_VOTE round 0: submit vote requests at term 2 for conf: {index: 5, cur=peers:[b5a25cc1-46d3-4381-a194-bd68f4526f1c|127.0.0.1:15031, 0df1231c-9f8a-4757-a7d0-f6d7f53bc482|127.0.0.1:15023, 8eb9963e-bce0-4155-aea2-e442cadff8bd|127.0.0.1:15015]|listeners:[], old=null}
2025-09-19 20:43:32,655 [8eb9963e-bce0-4155-aea2-e442cadff8bd@group-715EBF8096A7-LeaderElection44] INFO  impl.LeaderElection (LogUtils.java:infoOrTrace(142)) - 8eb9963e-bce0-4155-aea2-e442cadff8bd@group-715EBF8096A7-LeaderElection44 got exception when requesting votes: java.util.concurrent.ExecutionException: org.apache.ratis.thirdparty.io.grpc.StatusRuntimeException: UNAVAILABLE: io exception
2025-09-19 20:43:32,655 [8eb9963e-bce0-4155-aea2-e442cadff8bd@group-715EBF8096A7-LeaderElection44] INFO  impl.LeaderElection (LogUtils.java:infoOrTrace(142)) - 8eb9963e-bce0-4155-aea2-e442cadff8bd@group-715EBF8096A7-LeaderElection44 got exception when requesting votes: java.util.concurrent.ExecutionException: org.apache.ratis.thirdparty.io.grpc.StatusRuntimeException: UNAVAILABLE: io exception
2025-09-19 20:43:32,655 [8eb9963e-bce0-4155-aea2-e442cadff8bd@group-715EBF8096A7-LeaderElection44] INFO  impl.LeaderElection (LeaderElection.java:logAndReturn(206)) - 8eb9963e-bce0-4155-aea2-e442cadff8bd@group-715EBF8096A7-LeaderElection44: PRE_VOTE REJECTED received 0 response(s) and 2 exception(s):
2025-09-19 20:43:32,655 [8eb9963e-bce0-4155-aea2-e442cadff8bd@group-715EBF8096A7-LeaderElection44] INFO  impl.LeaderElection (LogUtils.java:infoOrTrace(142)) -   Exception 0: java.util.concurrent.ExecutionException: org.apache.ratis.thirdparty.io.grpc.StatusRuntimeException: UNAVAILABLE: io exception
2025-09-19 20:43:32,655 [8eb9963e-bce0-4155-aea2-e442cadff8bd@group-715EBF8096A7-LeaderElection44] INFO  impl.LeaderElection (LogUtils.java:infoOrTrace(142)) -   Exception 1: java.util.concurrent.ExecutionException: org.apache.ratis.thirdparty.io.grpc.StatusRuntimeException: UNAVAILABLE: io exception
2025-09-19 20:43:32,655 [8eb9963e-bce0-4155-aea2-e442cadff8bd@group-715EBF8096A7-LeaderElection44] INFO  impl.LeaderElection (LeaderElection.java:askForVotes(450)) - 8eb9963e-bce0-4155-aea2-e442cadff8bd@group-715EBF8096A7-LeaderElection44 PRE_VOTE round 0: result REJECTED
2025-09-19 20:43:32,655 [8eb9963e-bce0-4155-aea2-e442cadff8bd@group-715EBF8096A7-LeaderElection44] INFO  server.RaftServer$Division (RaftServerImpl.java:setRole(392)) - 8eb9963e-bce0-4155-aea2-e442cadff8bd@group-715EBF8096A7: changes role from CANDIDATE to FOLLOWER at term 2 for REJECTED
2025-09-19 20:43:32,655 [8eb9963e-bce0-4155-aea2-e442cadff8bd@group-715EBF8096A7-LeaderElection44] INFO  impl.RoleInfo (RoleInfo.java:shutdownLeaderElection(141)) - 8eb9963e-bce0-4155-aea2-e442cadff8bd: shutdown 8eb9963e-bce0-4155-aea2-e442cadff8bd@group-715EBF8096A7-LeaderElection44
2025-09-19 20:43:32,655 [8eb9963e-bce0-4155-aea2-e442cadff8bd@group-715EBF8096A7-LeaderElection44] INFO  impl.RoleInfo (RoleInfo.java:updateAndGet(148)) - 8eb9963e-bce0-4155-aea2-e442cadff8bd: start 8eb9963e-bce0-4155-aea2-e442cadff8bd@group-715EBF8096A7-FollowerState
2025-09-19 20:43:33,360 [8eb9963e-bce0-4155-aea2-e442cadff8bd@group-A751954341BD-FollowerState] INFO  impl.FollowerState (FollowerState.java:runImpl(161)) - 8eb9963e-bce0-4155-aea2-e442cadff8bd@group-A751954341BD-FollowerState: change to CANDIDATE, lastRpcElapsedTime:1172355988ns, electionTimeout:1172ms
2025-09-19 20:43:33,360 [8eb9963e-bce0-4155-aea2-e442cadff8bd@group-A751954341BD-FollowerState] INFO  impl.RoleInfo (RoleInfo.java:shutdownFollowerState(121)) - 8eb9963e-bce0-4155-aea2-e442cadff8bd: shutdown 8eb9963e-bce0-4155-aea2-e442cadff8bd@group-A751954341BD-FollowerState
2025-09-19 20:43:33,360 [8eb9963e-bce0-4155-aea2-e442cadff8bd@group-A751954341BD-FollowerState] INFO  server.RaftServer$Division (RaftServerImpl.java:setRole(392)) - 8eb9963e-bce0-4155-aea2-e442cadff8bd@group-A751954341BD: changes role from  FOLLOWER to CANDIDATE at term 1 for changeToCandidate
2025-09-19 20:43:33,361 [8eb9963e-bce0-4155-aea2-e442cadff8bd@group-A751954341BD-FollowerState] INFO  impl.RoleInfo (RoleInfo.java:updateAndGet(148)) - 8eb9963e-bce0-4155-aea2-e442cadff8bd: start 8eb9963e-bce0-4155-aea2-e442cadff8bd@group-A751954341BD-LeaderElection45
2025-09-19 20:43:33,361 [8eb9963e-bce0-4155-aea2-e442cadff8bd@group-A751954341BD-LeaderElection45] INFO  impl.LeaderElection (LeaderElection.java:askForVotes(448)) - 8eb9963e-bce0-4155-aea2-e442cadff8bd@group-A751954341BD-LeaderElection45 PRE_VOTE round 0: submit vote requests at term 1 for conf: {index: 0, cur=peers:[b5a25cc1-46d3-4381-a194-bd68f4526f1c|127.0.0.1:15031, 0df1231c-9f8a-4757-a7d0-f6d7f53bc482|127.0.0.1:15023, 8eb9963e-bce0-4155-aea2-e442cadff8bd|127.0.0.1:15015]|listeners:[], old=null}
2025-09-19 20:43:33,361 [8eb9963e-bce0-4155-aea2-e442cadff8bd@group-A751954341BD-LeaderElection45] INFO  impl.LeaderElection (LogUtils.java:infoOrTrace(142)) - 8eb9963e-bce0-4155-aea2-e442cadff8bd@group-A751954341BD-LeaderElection45 got exception when requesting votes: java.util.concurrent.ExecutionException: org.apache.ratis.thirdparty.io.grpc.StatusRuntimeException: UNAVAILABLE: io exception
2025-09-19 20:43:33,361 [8eb9963e-bce0-4155-aea2-e442cadff8bd@group-A751954341BD-LeaderElection45] INFO  impl.LeaderElection (LogUtils.java:infoOrTrace(142)) - 8eb9963e-bce0-4155-aea2-e442cadff8bd@group-A751954341BD-LeaderElection45 got exception when requesting votes: java.util.concurrent.ExecutionException: org.apache.ratis.thirdparty.io.grpc.StatusRuntimeException: UNAVAILABLE: io exception
2025-09-19 20:43:33,362 [8eb9963e-bce0-4155-aea2-e442cadff8bd@group-A751954341BD-LeaderElection45] INFO  impl.LeaderElection (LeaderElection.java:logAndReturn(206)) - 8eb9963e-bce0-4155-aea2-e442cadff8bd@group-A751954341BD-LeaderElection45: PRE_VOTE REJECTED received 0 response(s) and 2 exception(s):
2025-09-19 20:43:33,362 [8eb9963e-bce0-4155-aea2-e442cadff8bd@group-A751954341BD-LeaderElection45] INFO  impl.LeaderElection (LogUtils.java:infoOrTrace(142)) -   Exception 0: java.util.concurrent.ExecutionException: org.apache.ratis.thirdparty.io.grpc.StatusRuntimeException: UNAVAILABLE: io exception
2025-09-19 20:43:33,362 [8eb9963e-bce0-4155-aea2-e442cadff8bd@group-A751954341BD-LeaderElection45] INFO  impl.LeaderElection (LogUtils.java:infoOrTrace(142)) -   Exception 1: java.util.concurrent.ExecutionException: org.apache.ratis.thirdparty.io.grpc.StatusRuntimeException: UNAVAILABLE: io exception
2025-09-19 20:43:33,362 [8eb9963e-bce0-4155-aea2-e442cadff8bd@group-A751954341BD-LeaderElection45] INFO  impl.LeaderElection (LeaderElection.java:askForVotes(450)) - 8eb9963e-bce0-4155-aea2-e442cadff8bd@group-A751954341BD-LeaderElection45 PRE_VOTE round 0: result REJECTED
2025-09-19 20:43:33,362 [8eb9963e-bce0-4155-aea2-e442cadff8bd@group-A751954341BD-LeaderElection45] INFO  server.RaftServer$Division (RaftServerImpl.java:setRole(392)) - 8eb9963e-bce0-4155-aea2-e442cadff8bd@group-A751954341BD: changes role from CANDIDATE to FOLLOWER at term 1 for REJECTED
2025-09-19 20:43:33,362 [8eb9963e-bce0-4155-aea2-e442cadff8bd@group-A751954341BD-LeaderElection45] INFO  impl.RoleInfo (RoleInfo.java:shutdownLeaderElection(141)) - 8eb9963e-bce0-4155-aea2-e442cadff8bd: shutdown 8eb9963e-bce0-4155-aea2-e442cadff8bd@group-A751954341BD-LeaderElection45
2025-09-19 20:43:33,362 [8eb9963e-bce0-4155-aea2-e442cadff8bd@group-A751954341BD-LeaderElection45] INFO  impl.RoleInfo (RoleInfo.java:updateAndGet(148)) - 8eb9963e-bce0-4155-aea2-e442cadff8bd: start 8eb9963e-bce0-4155-aea2-e442cadff8bd@group-A751954341BD-FollowerState
2025-09-19 20:43:33,733 [8eb9963e-bce0-4155-aea2-e442cadff8bd@group-715EBF8096A7-FollowerState] INFO  impl.FollowerState (FollowerState.java:runImpl(161)) - 8eb9963e-bce0-4155-aea2-e442cadff8bd@group-715EBF8096A7-FollowerState: change to CANDIDATE, lastRpcElapsedTime:1077360749ns, electionTimeout:1077ms
2025-09-19 20:43:33,733 [8eb9963e-bce0-4155-aea2-e442cadff8bd@group-715EBF8096A7-FollowerState] INFO  impl.RoleInfo (RoleInfo.java:shutdownFollowerState(121)) - 8eb9963e-bce0-4155-aea2-e442cadff8bd: shutdown 8eb9963e-bce0-4155-aea2-e442cadff8bd@group-715EBF8096A7-FollowerState
2025-09-19 20:43:33,733 [8eb9963e-bce0-4155-aea2-e442cadff8bd@group-715EBF8096A7-FollowerState] INFO  server.RaftServer$Division (RaftServerImpl.java:setRole(392)) - 8eb9963e-bce0-4155-aea2-e442cadff8bd@group-715EBF8096A7: changes role from  FOLLOWER to CANDIDATE at term 2 for changeToCandidate
2025-09-19 20:43:33,733 [8eb9963e-bce0-4155-aea2-e442cadff8bd@group-715EBF8096A7-FollowerState] INFO  impl.RoleInfo (RoleInfo.java:updateAndGet(148)) - 8eb9963e-bce0-4155-aea2-e442cadff8bd: start 8eb9963e-bce0-4155-aea2-e442cadff8bd@group-715EBF8096A7-LeaderElection46
2025-09-19 20:43:33,733 [8eb9963e-bce0-4155-aea2-e442cadff8bd@group-715EBF8096A7-LeaderElection46] INFO  impl.LeaderElection (LeaderElection.java:askForVotes(448)) - 8eb9963e-bce0-4155-aea2-e442cadff8bd@group-715EBF8096A7-LeaderElection46 PRE_VOTE round 0: submit vote requests at term 2 for conf: {index: 5, cur=peers:[b5a25cc1-46d3-4381-a194-bd68f4526f1c|127.0.0.1:15031, 0df1231c-9f8a-4757-a7d0-f6d7f53bc482|127.0.0.1:15023, 8eb9963e-bce0-4155-aea2-e442cadff8bd|127.0.0.1:15015]|listeners:[], old=null}
2025-09-19 20:43:33,734 [8eb9963e-bce0-4155-aea2-e442cadff8bd@group-715EBF8096A7-LeaderElection46] INFO  impl.LeaderElection (LogUtils.java:infoOrTrace(142)) - 8eb9963e-bce0-4155-aea2-e442cadff8bd@group-715EBF8096A7-LeaderElection46 got exception when requesting votes: java.util.concurrent.ExecutionException: org.apache.ratis.thirdparty.io.grpc.StatusRuntimeException: UNAVAILABLE: io exception
2025-09-19 20:43:33,734 [8eb9963e-bce0-4155-aea2-e442cadff8bd@group-715EBF8096A7-LeaderElection46] INFO  impl.LeaderElection (LogUtils.java:infoOrTrace(142)) - 8eb9963e-bce0-4155-aea2-e442cadff8bd@group-715EBF8096A7-LeaderElection46 got exception when requesting votes: java.util.concurrent.ExecutionException: org.apache.ratis.thirdparty.io.grpc.StatusRuntimeException: UNAVAILABLE: io exception
2025-09-19 20:43:33,734 [8eb9963e-bce0-4155-aea2-e442cadff8bd@group-715EBF8096A7-LeaderElection46] INFO  impl.LeaderElection (LeaderElection.java:logAndReturn(206)) - 8eb9963e-bce0-4155-aea2-e442cadff8bd@group-715EBF8096A7-LeaderElection46: PRE_VOTE REJECTED received 0 response(s) and 2 exception(s):
2025-09-19 20:43:33,734 [8eb9963e-bce0-4155-aea2-e442cadff8bd@group-715EBF8096A7-LeaderElection46] INFO  impl.LeaderElection (LogUtils.java:infoOrTrace(142)) -   Exception 0: java.util.concurrent.ExecutionException: org.apache.ratis.thirdparty.io.grpc.StatusRuntimeException: UNAVAILABLE: io exception
2025-09-19 20:43:33,734 [8eb9963e-bce0-4155-aea2-e442cadff8bd@group-715EBF8096A7-LeaderElection46] INFO  impl.LeaderElection (LogUtils.java:infoOrTrace(142)) -   Exception 1: java.util.concurrent.ExecutionException: org.apache.ratis.thirdparty.io.grpc.StatusRuntimeException: UNAVAILABLE: io exception
2025-09-19 20:43:33,734 [8eb9963e-bce0-4155-aea2-e442cadff8bd@group-715EBF8096A7-LeaderElection46] INFO  impl.LeaderElection (LeaderElection.java:askForVotes(450)) - 8eb9963e-bce0-4155-aea2-e442cadff8bd@group-715EBF8096A7-LeaderElection46 PRE_VOTE round 0: result REJECTED
2025-09-19 20:43:33,734 [8eb9963e-bce0-4155-aea2-e442cadff8bd@group-715EBF8096A7-LeaderElection46] INFO  server.RaftServer$Division (RaftServerImpl.java:setRole(392)) - 8eb9963e-bce0-4155-aea2-e442cadff8bd@group-715EBF8096A7: changes role from CANDIDATE to FOLLOWER at term 2 for REJECTED
2025-09-19 20:43:33,734 [8eb9963e-bce0-4155-aea2-e442cadff8bd@group-715EBF8096A7-LeaderElection46] INFO  impl.RoleInfo (RoleInfo.java:shutdownLeaderElection(141)) - 8eb9963e-bce0-4155-aea2-e442cadff8bd: shutdown 8eb9963e-bce0-4155-aea2-e442cadff8bd@group-715EBF8096A7-LeaderElection46
2025-09-19 20:43:33,734 [8eb9963e-bce0-4155-aea2-e442cadff8bd@group-715EBF8096A7-LeaderElection46] INFO  impl.RoleInfo (RoleInfo.java:updateAndGet(148)) - 8eb9963e-bce0-4155-aea2-e442cadff8bd: start 8eb9963e-bce0-4155-aea2-e442cadff8bd@group-715EBF8096A7-FollowerState
2025-09-19 20:43:34,463 [8eb9963e-bce0-4155-aea2-e442cadff8bd@group-A751954341BD-FollowerState] INFO  impl.FollowerState (FollowerState.java:runImpl(161)) - 8eb9963e-bce0-4155-aea2-e442cadff8bd@group-A751954341BD-FollowerState: change to CANDIDATE, lastRpcElapsedTime:1101339931ns, electionTimeout:1101ms
2025-09-19 20:43:34,463 [8eb9963e-bce0-4155-aea2-e442cadff8bd@group-A751954341BD-FollowerState] INFO  impl.RoleInfo (RoleInfo.java:shutdownFollowerState(121)) - 8eb9963e-bce0-4155-aea2-e442cadff8bd: shutdown 8eb9963e-bce0-4155-aea2-e442cadff8bd@group-A751954341BD-FollowerState
2025-09-19 20:43:34,464 [8eb9963e-bce0-4155-aea2-e442cadff8bd@group-A751954341BD-FollowerState] INFO  server.RaftServer$Division (RaftServerImpl.java:setRole(392)) - 8eb9963e-bce0-4155-aea2-e442cadff8bd@group-A751954341BD: changes role from  FOLLOWER to CANDIDATE at term 1 for changeToCandidate
2025-09-19 20:43:34,464 [8eb9963e-bce0-4155-aea2-e442cadff8bd@group-A751954341BD-FollowerState] INFO  impl.RoleInfo (RoleInfo.java:updateAndGet(148)) - 8eb9963e-bce0-4155-aea2-e442cadff8bd: start 8eb9963e-bce0-4155-aea2-e442cadff8bd@group-A751954341BD-LeaderElection47
2025-09-19 20:43:34,464 [8eb9963e-bce0-4155-aea2-e442cadff8bd@group-A751954341BD-LeaderElection47] INFO  impl.LeaderElection (LeaderElection.java:askForVotes(448)) - 8eb9963e-bce0-4155-aea2-e442cadff8bd@group-A751954341BD-LeaderElection47 PRE_VOTE round 0: submit vote requests at term 1 for conf: {index: 0, cur=peers:[b5a25cc1-46d3-4381-a194-bd68f4526f1c|127.0.0.1:15031, 0df1231c-9f8a-4757-a7d0-f6d7f53bc482|127.0.0.1:15023, 8eb9963e-bce0-4155-aea2-e442cadff8bd|127.0.0.1:15015]|listeners:[], old=null}
2025-09-19 20:43:34,465 [8eb9963e-bce0-4155-aea2-e442cadff8bd@group-A751954341BD-LeaderElection47] INFO  impl.LeaderElection (LogUtils.java:infoOrTrace(142)) - 8eb9963e-bce0-4155-aea2-e442cadff8bd@group-A751954341BD-LeaderElection47 got exception when requesting votes: java.util.concurrent.ExecutionException: org.apache.ratis.thirdparty.io.grpc.StatusRuntimeException: UNAVAILABLE: io exception
2025-09-19 20:43:34,465 [8eb9963e-bce0-4155-aea2-e442cadff8bd@group-A751954341BD-LeaderElection47] INFO  impl.LeaderElection (LogUtils.java:infoOrTrace(142)) - 8eb9963e-bce0-4155-aea2-e442cadff8bd@group-A751954341BD-LeaderElection47 got exception when requesting votes: java.util.concurrent.ExecutionException: org.apache.ratis.thirdparty.io.grpc.StatusRuntimeException: UNAVAILABLE: io exception
2025-09-19 20:43:34,465 [8eb9963e-bce0-4155-aea2-e442cadff8bd@group-A751954341BD-LeaderElection47] INFO  impl.LeaderElection (LeaderElection.java:logAndReturn(206)) - 8eb9963e-bce0-4155-aea2-e442cadff8bd@group-A751954341BD-LeaderElection47: PRE_VOTE REJECTED received 0 response(s) and 2 exception(s):
2025-09-19 20:43:34,465 [8eb9963e-bce0-4155-aea2-e442cadff8bd@group-A751954341BD-LeaderElection47] INFO  impl.LeaderElection (LogUtils.java:infoOrTrace(142)) -   Exception 0: java.util.concurrent.ExecutionException: org.apache.ratis.thirdparty.io.grpc.StatusRuntimeException: UNAVAILABLE: io exception
2025-09-19 20:43:34,465 [8eb9963e-bce0-4155-aea2-e442cadff8bd@group-A751954341BD-LeaderElection47] INFO  impl.LeaderElection (LogUtils.java:infoOrTrace(142)) -   Exception 1: java.util.concurrent.ExecutionException: org.apache.ratis.thirdparty.io.grpc.StatusRuntimeException: UNAVAILABLE: io exception
2025-09-19 20:43:34,465 [8eb9963e-bce0-4155-aea2-e442cadff8bd@group-A751954341BD-LeaderElection47] INFO  impl.LeaderElection (LeaderElection.java:askForVotes(450)) - 8eb9963e-bce0-4155-aea2-e442cadff8bd@group-A751954341BD-LeaderElection47 PRE_VOTE round 0: result REJECTED
2025-09-19 20:43:34,465 [8eb9963e-bce0-4155-aea2-e442cadff8bd@group-A751954341BD-LeaderElection47] INFO  server.RaftServer$Division (RaftServerImpl.java:setRole(392)) - 8eb9963e-bce0-4155-aea2-e442cadff8bd@group-A751954341BD: changes role from CANDIDATE to FOLLOWER at term 1 for REJECTED
2025-09-19 20:43:34,465 [8eb9963e-bce0-4155-aea2-e442cadff8bd@group-A751954341BD-LeaderElection47] INFO  impl.RoleInfo (RoleInfo.java:shutdownLeaderElection(141)) - 8eb9963e-bce0-4155-aea2-e442cadff8bd: shutdown 8eb9963e-bce0-4155-aea2-e442cadff8bd@group-A751954341BD-LeaderElection47
2025-09-19 20:43:34,465 [8eb9963e-bce0-4155-aea2-e442cadff8bd@group-A751954341BD-LeaderElection47] INFO  impl.RoleInfo (RoleInfo.java:updateAndGet(148)) - 8eb9963e-bce0-4155-aea2-e442cadff8bd: start 8eb9963e-bce0-4155-aea2-e442cadff8bd@group-A751954341BD-FollowerState
2025-09-19 20:43:34,780 [8eb9963e-bce0-4155-aea2-e442cadff8bd@group-715EBF8096A7-FollowerState] INFO  impl.FollowerState (FollowerState.java:runImpl(161)) - 8eb9963e-bce0-4155-aea2-e442cadff8bd@group-715EBF8096A7-FollowerState: change to CANDIDATE, lastRpcElapsedTime:1045368676ns, electionTimeout:1045ms
2025-09-19 20:43:34,780 [8eb9963e-bce0-4155-aea2-e442cadff8bd@group-715EBF8096A7-FollowerState] INFO  impl.RoleInfo (RoleInfo.java:shutdownFollowerState(121)) - 8eb9963e-bce0-4155-aea2-e442cadff8bd: shutdown 8eb9963e-bce0-4155-aea2-e442cadff8bd@group-715EBF8096A7-FollowerState
2025-09-19 20:43:34,780 [8eb9963e-bce0-4155-aea2-e442cadff8bd@group-715EBF8096A7-FollowerState] INFO  server.RaftServer$Division (RaftServerImpl.java:setRole(392)) - 8eb9963e-bce0-4155-aea2-e442cadff8bd@group-715EBF8096A7: changes role from  FOLLOWER to CANDIDATE at term 2 for changeToCandidate
2025-09-19 20:43:34,780 [8eb9963e-bce0-4155-aea2-e442cadff8bd@group-715EBF8096A7-FollowerState] INFO  impl.RoleInfo (RoleInfo.java:updateAndGet(148)) - 8eb9963e-bce0-4155-aea2-e442cadff8bd: start 8eb9963e-bce0-4155-aea2-e442cadff8bd@group-715EBF8096A7-LeaderElection48
2025-09-19 20:43:34,780 [8eb9963e-bce0-4155-aea2-e442cadff8bd@group-715EBF8096A7-LeaderElection48] INFO  impl.LeaderElection (LeaderElection.java:askForVotes(448)) - 8eb9963e-bce0-4155-aea2-e442cadff8bd@group-715EBF8096A7-LeaderElection48 PRE_VOTE round 0: submit vote requests at term 2 for conf: {index: 5, cur=peers:[b5a25cc1-46d3-4381-a194-bd68f4526f1c|127.0.0.1:15031, 0df1231c-9f8a-4757-a7d0-f6d7f53bc482|127.0.0.1:15023, 8eb9963e-bce0-4155-aea2-e442cadff8bd|127.0.0.1:15015]|listeners:[], old=null}
2025-09-19 20:43:34,781 [8eb9963e-bce0-4155-aea2-e442cadff8bd@group-715EBF8096A7-LeaderElection48] INFO  impl.LeaderElection (LogUtils.java:infoOrTrace(142)) - 8eb9963e-bce0-4155-aea2-e442cadff8bd@group-715EBF8096A7-LeaderElection48 got exception when requesting votes: java.util.concurrent.ExecutionException: org.apache.ratis.thirdparty.io.grpc.StatusRuntimeException: UNAVAILABLE: io exception
2025-09-19 20:43:34,781 [8eb9963e-bce0-4155-aea2-e442cadff8bd@group-715EBF8096A7-LeaderElection48] INFO  impl.LeaderElection (LogUtils.java:infoOrTrace(142)) - 8eb9963e-bce0-4155-aea2-e442cadff8bd@group-715EBF8096A7-LeaderElection48 got exception when requesting votes: java.util.concurrent.ExecutionException: org.apache.ratis.thirdparty.io.grpc.StatusRuntimeException: UNAVAILABLE: io exception
2025-09-19 20:43:34,781 [8eb9963e-bce0-4155-aea2-e442cadff8bd@group-715EBF8096A7-LeaderElection48] INFO  impl.LeaderElection (LeaderElection.java:logAndReturn(206)) - 8eb9963e-bce0-4155-aea2-e442cadff8bd@group-715EBF8096A7-LeaderElection48: PRE_VOTE REJECTED received 0 response(s) and 2 exception(s):
2025-09-19 20:43:34,781 [8eb9963e-bce0-4155-aea2-e442cadff8bd@group-715EBF8096A7-LeaderElection48] INFO  impl.LeaderElection (LogUtils.java:infoOrTrace(142)) -   Exception 0: java.util.concurrent.ExecutionException: org.apache.ratis.thirdparty.io.grpc.StatusRuntimeException: UNAVAILABLE: io exception
2025-09-19 20:43:34,781 [8eb9963e-bce0-4155-aea2-e442cadff8bd@group-715EBF8096A7-LeaderElection48] INFO  impl.LeaderElection (LogUtils.java:infoOrTrace(142)) -   Exception 1: java.util.concurrent.ExecutionException: org.apache.ratis.thirdparty.io.grpc.StatusRuntimeException: UNAVAILABLE: io exception
2025-09-19 20:43:34,781 [8eb9963e-bce0-4155-aea2-e442cadff8bd@group-715EBF8096A7-LeaderElection48] INFO  impl.LeaderElection (LeaderElection.java:askForVotes(450)) - 8eb9963e-bce0-4155-aea2-e442cadff8bd@group-715EBF8096A7-LeaderElection48 PRE_VOTE round 0: result REJECTED
2025-09-19 20:43:34,781 [8eb9963e-bce0-4155-aea2-e442cadff8bd@group-715EBF8096A7-LeaderElection48] INFO  server.RaftServer$Division (RaftServerImpl.java:setRole(392)) - 8eb9963e-bce0-4155-aea2-e442cadff8bd@group-715EBF8096A7: changes role from CANDIDATE to FOLLOWER at term 2 for REJECTED
2025-09-19 20:43:34,781 [8eb9963e-bce0-4155-aea2-e442cadff8bd@group-715EBF8096A7-LeaderElection48] INFO  impl.RoleInfo (RoleInfo.java:shutdownLeaderElection(141)) - 8eb9963e-bce0-4155-aea2-e442cadff8bd: shutdown 8eb9963e-bce0-4155-aea2-e442cadff8bd@group-715EBF8096A7-LeaderElection48
2025-09-19 20:43:34,781 [8eb9963e-bce0-4155-aea2-e442cadff8bd@group-715EBF8096A7-LeaderElection48] INFO  impl.RoleInfo (RoleInfo.java:updateAndGet(148)) - 8eb9963e-bce0-4155-aea2-e442cadff8bd: start 8eb9963e-bce0-4155-aea2-e442cadff8bd@group-715EBF8096A7-FollowerState
2025-09-19 20:43:35,635 [8eb9963e-bce0-4155-aea2-e442cadff8bd@group-A751954341BD-FollowerState] INFO  impl.FollowerState (FollowerState.java:runImpl(161)) - 8eb9963e-bce0-4155-aea2-e442cadff8bd@group-A751954341BD-FollowerState: change to CANDIDATE, lastRpcElapsedTime:1170280573ns, electionTimeout:1170ms
2025-09-19 20:43:35,635 [8eb9963e-bce0-4155-aea2-e442cadff8bd@group-A751954341BD-FollowerState] INFO  impl.RoleInfo (RoleInfo.java:shutdownFollowerState(121)) - 8eb9963e-bce0-4155-aea2-e442cadff8bd: shutdown 8eb9963e-bce0-4155-aea2-e442cadff8bd@group-A751954341BD-FollowerState
2025-09-19 20:43:35,636 [8eb9963e-bce0-4155-aea2-e442cadff8bd@group-A751954341BD-FollowerState] INFO  server.RaftServer$Division (RaftServerImpl.java:setRole(392)) - 8eb9963e-bce0-4155-aea2-e442cadff8bd@group-A751954341BD: changes role from  FOLLOWER to CANDIDATE at term 1 for changeToCandidate
2025-09-19 20:43:35,636 [8eb9963e-bce0-4155-aea2-e442cadff8bd@group-A751954341BD-FollowerState] INFO  impl.RoleInfo (RoleInfo.java:updateAndGet(148)) - 8eb9963e-bce0-4155-aea2-e442cadff8bd: start 8eb9963e-bce0-4155-aea2-e442cadff8bd@group-A751954341BD-LeaderElection49
2025-09-19 20:43:35,636 [8eb9963e-bce0-4155-aea2-e442cadff8bd@group-A751954341BD-LeaderElection49] INFO  impl.LeaderElection (LeaderElection.java:askForVotes(448)) - 8eb9963e-bce0-4155-aea2-e442cadff8bd@group-A751954341BD-LeaderElection49 PRE_VOTE round 0: submit vote requests at term 1 for conf: {index: 0, cur=peers:[b5a25cc1-46d3-4381-a194-bd68f4526f1c|127.0.0.1:15031, 0df1231c-9f8a-4757-a7d0-f6d7f53bc482|127.0.0.1:15023, 8eb9963e-bce0-4155-aea2-e442cadff8bd|127.0.0.1:15015]|listeners:[], old=null}
2025-09-19 20:43:35,637 [8eb9963e-bce0-4155-aea2-e442cadff8bd@group-A751954341BD-LeaderElection49] INFO  impl.LeaderElection (LogUtils.java:infoOrTrace(142)) - 8eb9963e-bce0-4155-aea2-e442cadff8bd@group-A751954341BD-LeaderElection49 got exception when requesting votes: java.util.concurrent.ExecutionException: org.apache.ratis.thirdparty.io.grpc.StatusRuntimeException: UNAVAILABLE: io exception
2025-09-19 20:43:35,637 [8eb9963e-bce0-4155-aea2-e442cadff8bd@group-A751954341BD-LeaderElection49] INFO  impl.LeaderElection (LogUtils.java:infoOrTrace(142)) - 8eb9963e-bce0-4155-aea2-e442cadff8bd@group-A751954341BD-LeaderElection49 got exception when requesting votes: java.util.concurrent.ExecutionException: org.apache.ratis.thirdparty.io.grpc.StatusRuntimeException: UNAVAILABLE: io exception
2025-09-19 20:43:35,637 [8eb9963e-bce0-4155-aea2-e442cadff8bd@group-A751954341BD-LeaderElection49] INFO  impl.LeaderElection (LeaderElection.java:logAndReturn(206)) - 8eb9963e-bce0-4155-aea2-e442cadff8bd@group-A751954341BD-LeaderElection49: PRE_VOTE REJECTED received 0 response(s) and 2 exception(s):
2025-09-19 20:43:35,637 [8eb9963e-bce0-4155-aea2-e442cadff8bd@group-A751954341BD-LeaderElection49] INFO  impl.LeaderElection (LogUtils.java:infoOrTrace(142)) -   Exception 0: java.util.concurrent.ExecutionException: org.apache.ratis.thirdparty.io.grpc.StatusRuntimeException: UNAVAILABLE: io exception
2025-09-19 20:43:35,637 [8eb9963e-bce0-4155-aea2-e442cadff8bd@group-A751954341BD-LeaderElection49] INFO  impl.LeaderElection (LogUtils.java:infoOrTrace(142)) -   Exception 1: java.util.concurrent.ExecutionException: org.apache.ratis.thirdparty.io.grpc.StatusRuntimeException: UNAVAILABLE: io exception
2025-09-19 20:43:35,637 [8eb9963e-bce0-4155-aea2-e442cadff8bd@group-A751954341BD-LeaderElection49] INFO  impl.LeaderElection (LeaderElection.java:askForVotes(450)) - 8eb9963e-bce0-4155-aea2-e442cadff8bd@group-A751954341BD-LeaderElection49 PRE_VOTE round 0: result REJECTED
2025-09-19 20:43:35,637 [8eb9963e-bce0-4155-aea2-e442cadff8bd@group-A751954341BD-LeaderElection49] INFO  server.RaftServer$Division (RaftServerImpl.java:setRole(392)) - 8eb9963e-bce0-4155-aea2-e442cadff8bd@group-A751954341BD: changes role from CANDIDATE to FOLLOWER at term 1 for REJECTED
2025-09-19 20:43:35,637 [8eb9963e-bce0-4155-aea2-e442cadff8bd@group-A751954341BD-LeaderElection49] INFO  impl.RoleInfo (RoleInfo.java:shutdownLeaderElection(141)) - 8eb9963e-bce0-4155-aea2-e442cadff8bd: shutdown 8eb9963e-bce0-4155-aea2-e442cadff8bd@group-A751954341BD-LeaderElection49
2025-09-19 20:43:35,638 [8eb9963e-bce0-4155-aea2-e442cadff8bd@group-A751954341BD-LeaderElection49] INFO  impl.RoleInfo (RoleInfo.java:updateAndGet(148)) - 8eb9963e-bce0-4155-aea2-e442cadff8bd: start 8eb9963e-bce0-4155-aea2-e442cadff8bd@group-A751954341BD-FollowerState
2025-09-19 20:43:35,854 [8eb9963e-bce0-4155-aea2-e442cadff8bd@group-715EBF8096A7-FollowerState] INFO  impl.FollowerState (FollowerState.java:runImpl(161)) - 8eb9963e-bce0-4155-aea2-e442cadff8bd@group-715EBF8096A7-FollowerState: change to CANDIDATE, lastRpcElapsedTime:1072300575ns, electionTimeout:1072ms
2025-09-19 20:43:35,854 [8eb9963e-bce0-4155-aea2-e442cadff8bd@group-715EBF8096A7-FollowerState] INFO  impl.RoleInfo (RoleInfo.java:shutdownFollowerState(121)) - 8eb9963e-bce0-4155-aea2-e442cadff8bd: shutdown 8eb9963e-bce0-4155-aea2-e442cadff8bd@group-715EBF8096A7-FollowerState
2025-09-19 20:43:35,854 [8eb9963e-bce0-4155-aea2-e442cadff8bd@group-715EBF8096A7-FollowerState] INFO  server.RaftServer$Division (RaftServerImpl.java:setRole(392)) - 8eb9963e-bce0-4155-aea2-e442cadff8bd@group-715EBF8096A7: changes role from  FOLLOWER to CANDIDATE at term 2 for changeToCandidate
2025-09-19 20:43:35,854 [8eb9963e-bce0-4155-aea2-e442cadff8bd@group-715EBF8096A7-FollowerState] INFO  impl.RoleInfo (RoleInfo.java:updateAndGet(148)) - 8eb9963e-bce0-4155-aea2-e442cadff8bd: start 8eb9963e-bce0-4155-aea2-e442cadff8bd@group-715EBF8096A7-LeaderElection50
2025-09-19 20:43:35,854 [8eb9963e-bce0-4155-aea2-e442cadff8bd@group-715EBF8096A7-LeaderElection50] INFO  impl.LeaderElection (LeaderElection.java:askForVotes(448)) - 8eb9963e-bce0-4155-aea2-e442cadff8bd@group-715EBF8096A7-LeaderElection50 PRE_VOTE round 0: submit vote requests at term 2 for conf: {index: 5, cur=peers:[b5a25cc1-46d3-4381-a194-bd68f4526f1c|127.0.0.1:15031, 0df1231c-9f8a-4757-a7d0-f6d7f53bc482|127.0.0.1:15023, 8eb9963e-bce0-4155-aea2-e442cadff8bd|127.0.0.1:15015]|listeners:[], old=null}
2025-09-19 20:43:35,855 [8eb9963e-bce0-4155-aea2-e442cadff8bd@group-715EBF8096A7-LeaderElection50] INFO  impl.LeaderElection (LogUtils.java:infoOrTrace(142)) - 8eb9963e-bce0-4155-aea2-e442cadff8bd@group-715EBF8096A7-LeaderElection50 got exception when requesting votes: java.util.concurrent.ExecutionException: org.apache.ratis.thirdparty.io.grpc.StatusRuntimeException: UNAVAILABLE: io exception
2025-09-19 20:43:35,855 [8eb9963e-bce0-4155-aea2-e442cadff8bd@group-715EBF8096A7-LeaderElection50] INFO  impl.LeaderElection (LogUtils.java:infoOrTrace(142)) - 8eb9963e-bce0-4155-aea2-e442cadff8bd@group-715EBF8096A7-LeaderElection50 got exception when requesting votes: java.util.concurrent.ExecutionException: org.apache.ratis.thirdparty.io.grpc.StatusRuntimeException: UNAVAILABLE: io exception
2025-09-19 20:43:35,855 [8eb9963e-bce0-4155-aea2-e442cadff8bd@group-715EBF8096A7-LeaderElection50] INFO  impl.LeaderElection (LeaderElection.java:logAndReturn(206)) - 8eb9963e-bce0-4155-aea2-e442cadff8bd@group-715EBF8096A7-LeaderElection50: PRE_VOTE REJECTED received 0 response(s) and 2 exception(s):
2025-09-19 20:43:35,855 [8eb9963e-bce0-4155-aea2-e442cadff8bd@group-715EBF8096A7-LeaderElection50] INFO  impl.LeaderElection (LogUtils.java:infoOrTrace(142)) -   Exception 0: java.util.concurrent.ExecutionException: org.apache.ratis.thirdparty.io.grpc.StatusRuntimeException: UNAVAILABLE: io exception
2025-09-19 20:43:35,855 [8eb9963e-bce0-4155-aea2-e442cadff8bd@group-715EBF8096A7-LeaderElection50] INFO  impl.LeaderElection (LogUtils.java:infoOrTrace(142)) -   Exception 1: java.util.concurrent.ExecutionException: org.apache.ratis.thirdparty.io.grpc.StatusRuntimeException: UNAVAILABLE: io exception
2025-09-19 20:43:35,855 [8eb9963e-bce0-4155-aea2-e442cadff8bd@group-715EBF8096A7-LeaderElection50] INFO  impl.LeaderElection (LeaderElection.java:askForVotes(450)) - 8eb9963e-bce0-4155-aea2-e442cadff8bd@group-715EBF8096A7-LeaderElection50 PRE_VOTE round 0: result REJECTED
2025-09-19 20:43:35,855 [8eb9963e-bce0-4155-aea2-e442cadff8bd@group-715EBF8096A7-LeaderElection50] INFO  server.RaftServer$Division (RaftServerImpl.java:setRole(392)) - 8eb9963e-bce0-4155-aea2-e442cadff8bd@group-715EBF8096A7: changes role from CANDIDATE to FOLLOWER at term 2 for REJECTED
2025-09-19 20:43:35,855 [8eb9963e-bce0-4155-aea2-e442cadff8bd@group-715EBF8096A7-LeaderElection50] INFO  impl.RoleInfo (RoleInfo.java:shutdownLeaderElection(141)) - 8eb9963e-bce0-4155-aea2-e442cadff8bd: shutdown 8eb9963e-bce0-4155-aea2-e442cadff8bd@group-715EBF8096A7-LeaderElection50
2025-09-19 20:43:35,855 [8eb9963e-bce0-4155-aea2-e442cadff8bd@group-715EBF8096A7-LeaderElection50] INFO  impl.RoleInfo (RoleInfo.java:updateAndGet(148)) - 8eb9963e-bce0-4155-aea2-e442cadff8bd: start 8eb9963e-bce0-4155-aea2-e442cadff8bd@group-715EBF8096A7-FollowerState
2025-09-19 20:43:36,456 [grpc-default-executor-3] ERROR impl.OrderedAsync (OrderedAsync.java:lambda$null$6(215)) -  client-730261A1D9D9: Failed* RaftClientRequest:client-730261A1D9D9->b5a25cc1-46d3-4381-a194-bd68f4526f1c@group-715EBF8096A7, cid=16, seq=4*, RW, cmdType: WriteChunk
traceID: ""
containerID: 1
datanodeUuid: "b5a25cc1-46d3-4381-a194-bd68f4526f1c"
writeChunk {
  blockID {
    containerID: 1
    localID: 115816896921600001
    blockCommitSequenceId: 2
    replicaIndex: 0
  }
  chunkData {
    chunkName: "115816896921600001_chunk_2"
    offset: 1048576
    len: 1048576
    checksumData {
      type: CRC32
      bytesPerChecksum: 16384
      checksums: "\326\360U\321"
      checksums: "\326\360U\321"
      checksums: "\326\360U\321"
      checksums: "\326\360U\321"
      checksums: "\326\360U\321"
      checksums: "\326\360U\321"
      checksums: "\326\360U\321"
      checksums: "\326\360U\321"
      checksums: "\326\360U\321"
      checksums: "\326\360U\321"
      checksums: "\326\360U\321"
      checksums: "\326\360U\321"
      checksums: "\326\360U\321"
      checksums: "\326\360U\321"
      checksums: "\326\360U\321"
      checksums: "\326\360U\321"
      checksums: "\326\360U\321"
      checksums: "\326\360U\321"
      checksums: "\326\360U\321"
      checksums: "\326\360U\321"
      checksums: "\326\360U\321"
      checksums: "\326\360U\321"
      checksums: "\326\360U\321"
      checksums: "\326\360U\321"
      checksums: "\326\360U\321"
      checksums: "\326\360U\321"
      checksums: "\326\360U\321"
      checksums: "\326\360U\321"
      checksums: "\326\360U\321"
      checksums: "\326\360U\321"
      checksums: "\326\360U\321"
      checksums: "\326\360U\321"
      checksums: "\326\360U\321"
      checksums: "\326\360U\321"
      checksums: "\326\360U\321"
      checksums: "\326\360U\321"
      checksums: "\326\360U\321"
      checksums: "\326\360U\321"
      checksums: "\326\360U\321"
      checksums: "\326\360U\321"
      checksums: "\326\360U\321"
      checksums: "\326\360U\321"
      checksums: "\326\360U\321"
      checksums: "\326\360U\321"
      checksums: "\326\360U\321"
      checksums: "\326\360U\321"
      checksums: "\326\360U\321"
      checksums: "\326\360U\321"
      checksums: "\326\360U\321"
      checksums: "\326\360U\321"
      checksums: "\326\360U\321"
      checksums: "\326\360U\321"
      checksums: "\326\360U\321"
      checksums: "\326\360U\321"
      checksums: "\326\360U\321"
      checksums: "\326\360U\321"
      checksums: "\326\360U\321"
      checksums: "\326\360U\321"
      checksums: "\326\360U\321"
      checksums: "\326\360U\321"
      checksums: "\326\360U\321"
      checksums: "\326\360U\321"
      checksums: "\326\360U\321"
      checksums: "H$\374\021"
    }
  }
}
version: 3
, data.size=1048576
java.util.concurrent.CompletionException: java.io.IOException: org.apache.ratis.thirdparty.io.grpc.StatusRuntimeException: UNAVAILABLE: io exception
	at java.base/java.util.concurrent.CompletableFuture.encodeThrowable(CompletableFuture.java:332)
	at java.base/java.util.concurrent.CompletableFuture.completeThrowable(CompletableFuture.java:347)
	at java.base/java.util.concurrent.CompletableFuture$UniAccept.tryFire(CompletableFuture.java:708)
	at java.base/java.util.concurrent.CompletableFuture.postComplete(CompletableFuture.java:510)
	at java.base/java.util.concurrent.CompletableFuture.completeExceptionally(CompletableFuture.java:2194)
	at org.apache.ratis.grpc.client.GrpcClientProtocolClient$AsyncStreamObservers.completeReplyExceptionally(GrpcClientProtocolClient.java:397)
	at org.apache.ratis.grpc.client.GrpcClientProtocolClient$AsyncStreamObservers.access$000(GrpcClientProtocolClient.java:303)
	at org.apache.ratis.grpc.client.GrpcClientProtocolClient$AsyncStreamObservers$1.onError(GrpcClientProtocolClient.java:334)
	at org.apache.ratis.thirdparty.io.grpc.stub.ClientCalls$StreamObserverToCallListenerAdapter.onClose(ClientCalls.java:564)
	at org.apache.ratis.thirdparty.io.grpc.PartialForwardingClientCallListener.onClose(PartialForwardingClientCallListener.java:39)
	at org.apache.ratis.thirdparty.io.grpc.ForwardingClientCallListener.onClose(ForwardingClientCallListener.java:23)
	at org.apache.ratis.grpc.metrics.intercept.client.MetricClientCallListener.onClose(MetricClientCallListener.java:47)
	at org.apache.ratis.thirdparty.io.grpc.internal.ClientCallImpl.closeObserver(ClientCallImpl.java:565)
	at org.apache.ratis.thirdparty.io.grpc.internal.ClientCallImpl.access$100(ClientCallImpl.java:72)
	at org.apache.ratis.thirdparty.io.grpc.internal.ClientCallImpl$ClientStreamListenerImpl$1StreamClosed.runInternal(ClientCallImpl.java:733)
	at org.apache.ratis.thirdparty.io.grpc.internal.ClientCallImpl$ClientStreamListenerImpl$1StreamClosed.runInContext(ClientCallImpl.java:714)
	at org.apache.ratis.thirdparty.io.grpc.internal.ContextRunnable.run(ContextRunnable.java:37)
	at org.apache.ratis.thirdparty.io.grpc.internal.SerializingExecutor.run(SerializingExecutor.java:133)
	at java.base/java.util.concurrent.ThreadPoolExecutor.runWorker(ThreadPoolExecutor.java:1144)
	at java.base/java.util.concurrent.ThreadPoolExecutor$Worker.run(ThreadPoolExecutor.java:642)
	at java.base/java.lang.Thread.run(Thread.java:1583)
Caused by: java.io.IOException: org.apache.ratis.thirdparty.io.grpc.StatusRuntimeException: UNAVAILABLE: io exception
	at org.apache.ratis.grpc.GrpcUtil.unwrapException(GrpcUtil.java:99)
	at org.apache.ratis.grpc.GrpcUtil.unwrapIOException(GrpcUtil.java:159)
	at org.apache.ratis.grpc.client.GrpcClientProtocolClient$AsyncStreamObservers$1.onError(GrpcClientProtocolClient.java:333)
	... 13 more
Caused by: org.apache.ratis.thirdparty.io.grpc.StatusRuntimeException: UNAVAILABLE: io exception
	at org.apache.ratis.thirdparty.io.grpc.Status.asRuntimeException(Status.java:532)
	... 13 more
Caused by: org.apache.ratis.thirdparty.io.netty.channel.AbstractChannel$AnnotatedConnectException: finishConnect(..) failed: Connection refused: /127.0.0.1:15029
Caused by: java.net.ConnectException: finishConnect(..) failed: Connection refused
	at org.apache.ratis.thirdparty.io.netty.channel.unix.Errors.newConnectException0(Errors.java:166)
	at org.apache.ratis.thirdparty.io.netty.channel.unix.Errors.handleConnectErrno(Errors.java:131)
	at org.apache.ratis.thirdparty.io.netty.channel.unix.Socket.finishConnect(Socket.java:359)
	at org.apache.ratis.thirdparty.io.netty.channel.epoll.AbstractEpollChannel$AbstractEpollUnsafe.doFinishConnect(AbstractEpollChannel.java:715)
	at org.apache.ratis.thirdparty.io.netty.channel.epoll.AbstractEpollChannel$AbstractEpollUnsafe.finishConnect(AbstractEpollChannel.java:692)
	at org.apache.ratis.thirdparty.io.netty.channel.epoll.AbstractEpollChannel$AbstractEpollUnsafe.epollOutReady(AbstractEpollChannel.java:567)
	at org.apache.ratis.thirdparty.io.netty.channel.epoll.EpollEventLoop.processReady(EpollEventLoop.java:491)
	at org.apache.ratis.thirdparty.io.netty.channel.epoll.EpollEventLoop.run(EpollEventLoop.java:399)
	at org.apache.ratis.thirdparty.io.netty.util.concurrent.SingleThreadEventExecutor$4.run(SingleThreadEventExecutor.java:998)
	at org.apache.ratis.thirdparty.io.netty.util.internal.ThreadExecutorMap$2.run(ThreadExecutorMap.java:74)
	at org.apache.ratis.thirdparty.io.netty.util.concurrent.FastThreadLocalRunnable.run(FastThreadLocalRunnable.java:30)
	at java.base/java.lang.Thread.run(Thread.java:1583)
2025-09-19 20:43:36,736 [8eb9963e-bce0-4155-aea2-e442cadff8bd@group-A751954341BD-FollowerState] INFO  impl.FollowerState (FollowerState.java:runImpl(161)) - 8eb9963e-bce0-4155-aea2-e442cadff8bd@group-A751954341BD-FollowerState: change to CANDIDATE, lastRpcElapsedTime:1098291618ns, electionTimeout:1098ms
2025-09-19 20:43:36,736 [8eb9963e-bce0-4155-aea2-e442cadff8bd@group-A751954341BD-FollowerState] INFO  impl.RoleInfo (RoleInfo.java:shutdownFollowerState(121)) - 8eb9963e-bce0-4155-aea2-e442cadff8bd: shutdown 8eb9963e-bce0-4155-aea2-e442cadff8bd@group-A751954341BD-FollowerState
2025-09-19 20:43:36,736 [8eb9963e-bce0-4155-aea2-e442cadff8bd@group-A751954341BD-FollowerState] INFO  server.RaftServer$Division (RaftServerImpl.java:setRole(392)) - 8eb9963e-bce0-4155-aea2-e442cadff8bd@group-A751954341BD: changes role from  FOLLOWER to CANDIDATE at term 1 for changeToCandidate
2025-09-19 20:43:36,736 [8eb9963e-bce0-4155-aea2-e442cadff8bd@group-A751954341BD-FollowerState] INFO  impl.RoleInfo (RoleInfo.java:updateAndGet(148)) - 8eb9963e-bce0-4155-aea2-e442cadff8bd: start 8eb9963e-bce0-4155-aea2-e442cadff8bd@group-A751954341BD-LeaderElection51
2025-09-19 20:43:36,736 [8eb9963e-bce0-4155-aea2-e442cadff8bd@group-A751954341BD-LeaderElection51] INFO  impl.LeaderElection (LeaderElection.java:askForVotes(448)) - 8eb9963e-bce0-4155-aea2-e442cadff8bd@group-A751954341BD-LeaderElection51 PRE_VOTE round 0: submit vote requests at term 1 for conf: {index: 0, cur=peers:[b5a25cc1-46d3-4381-a194-bd68f4526f1c|127.0.0.1:15031, 0df1231c-9f8a-4757-a7d0-f6d7f53bc482|127.0.0.1:15023, 8eb9963e-bce0-4155-aea2-e442cadff8bd|127.0.0.1:15015]|listeners:[], old=null}
2025-09-19 20:43:36,737 [8eb9963e-bce0-4155-aea2-e442cadff8bd@group-A751954341BD-LeaderElection51] INFO  impl.LeaderElection (LogUtils.java:infoOrTrace(142)) - 8eb9963e-bce0-4155-aea2-e442cadff8bd@group-A751954341BD-LeaderElection51 got exception when requesting votes: java.util.concurrent.ExecutionException: org.apache.ratis.thirdparty.io.grpc.StatusRuntimeException: UNAVAILABLE: io exception
2025-09-19 20:43:36,737 [8eb9963e-bce0-4155-aea2-e442cadff8bd@group-A751954341BD-LeaderElection51] INFO  impl.LeaderElection (LogUtils.java:infoOrTrace(142)) - 8eb9963e-bce0-4155-aea2-e442cadff8bd@group-A751954341BD-LeaderElection51 got exception when requesting votes: java.util.concurrent.ExecutionException: org.apache.ratis.thirdparty.io.grpc.StatusRuntimeException: UNAVAILABLE: io exception
2025-09-19 20:43:36,737 [8eb9963e-bce0-4155-aea2-e442cadff8bd@group-A751954341BD-LeaderElection51] INFO  impl.LeaderElection (LeaderElection.java:logAndReturn(206)) - 8eb9963e-bce0-4155-aea2-e442cadff8bd@group-A751954341BD-LeaderElection51: PRE_VOTE REJECTED received 0 response(s) and 2 exception(s):
2025-09-19 20:43:36,737 [8eb9963e-bce0-4155-aea2-e442cadff8bd@group-A751954341BD-LeaderElection51] INFO  impl.LeaderElection (LogUtils.java:infoOrTrace(142)) -   Exception 0: java.util.concurrent.ExecutionException: org.apache.ratis.thirdparty.io.grpc.StatusRuntimeException: UNAVAILABLE: io exception
2025-09-19 20:43:36,737 [8eb9963e-bce0-4155-aea2-e442cadff8bd@group-A751954341BD-LeaderElection51] INFO  impl.LeaderElection (LogUtils.java:infoOrTrace(142)) -   Exception 1: java.util.concurrent.ExecutionException: org.apache.ratis.thirdparty.io.grpc.StatusRuntimeException: UNAVAILABLE: io exception
2025-09-19 20:43:36,737 [8eb9963e-bce0-4155-aea2-e442cadff8bd@group-A751954341BD-LeaderElection51] INFO  impl.LeaderElection (LeaderElection.java:askForVotes(450)) - 8eb9963e-bce0-4155-aea2-e442cadff8bd@group-A751954341BD-LeaderElection51 PRE_VOTE round 0: result REJECTED
2025-09-19 20:43:36,737 [8eb9963e-bce0-4155-aea2-e442cadff8bd@group-A751954341BD-LeaderElection51] INFO  server.RaftServer$Division (RaftServerImpl.java:setRole(392)) - 8eb9963e-bce0-4155-aea2-e442cadff8bd@group-A751954341BD: changes role from CANDIDATE to FOLLOWER at term 1 for REJECTED
2025-09-19 20:43:36,737 [8eb9963e-bce0-4155-aea2-e442cadff8bd@group-A751954341BD-LeaderElection51] INFO  impl.RoleInfo (RoleInfo.java:shutdownLeaderElection(141)) - 8eb9963e-bce0-4155-aea2-e442cadff8bd: shutdown 8eb9963e-bce0-4155-aea2-e442cadff8bd@group-A751954341BD-LeaderElection51
2025-09-19 20:43:36,737 [8eb9963e-bce0-4155-aea2-e442cadff8bd@group-A751954341BD-LeaderElection51] INFO  impl.RoleInfo (RoleInfo.java:updateAndGet(148)) - 8eb9963e-bce0-4155-aea2-e442cadff8bd: start 8eb9963e-bce0-4155-aea2-e442cadff8bd@group-A751954341BD-FollowerState
2025-09-19 20:43:36,874 [8eb9963e-bce0-4155-aea2-e442cadff8bd@group-715EBF8096A7-FollowerState] INFO  impl.FollowerState (FollowerState.java:runImpl(161)) - 8eb9963e-bce0-4155-aea2-e442cadff8bd@group-715EBF8096A7-FollowerState: change to CANDIDATE, lastRpcElapsedTime:1019242786ns, electionTimeout:1019ms
2025-09-19 20:43:36,874 [8eb9963e-bce0-4155-aea2-e442cadff8bd@group-715EBF8096A7-FollowerState] INFO  impl.RoleInfo (RoleInfo.java:shutdownFollowerState(121)) - 8eb9963e-bce0-4155-aea2-e442cadff8bd: shutdown 8eb9963e-bce0-4155-aea2-e442cadff8bd@group-715EBF8096A7-FollowerState
2025-09-19 20:43:36,875 [8eb9963e-bce0-4155-aea2-e442cadff8bd@group-715EBF8096A7-FollowerState] INFO  server.RaftServer$Division (RaftServerImpl.java:setRole(392)) - 8eb9963e-bce0-4155-aea2-e442cadff8bd@group-715EBF8096A7: changes role from  FOLLOWER to CANDIDATE at term 2 for changeToCandidate
2025-09-19 20:43:36,875 [8eb9963e-bce0-4155-aea2-e442cadff8bd@group-715EBF8096A7-FollowerState] INFO  impl.RoleInfo (RoleInfo.java:updateAndGet(148)) - 8eb9963e-bce0-4155-aea2-e442cadff8bd: start 8eb9963e-bce0-4155-aea2-e442cadff8bd@group-715EBF8096A7-LeaderElection52
2025-09-19 20:43:36,875 [8eb9963e-bce0-4155-aea2-e442cadff8bd@group-715EBF8096A7-LeaderElection52] INFO  impl.LeaderElection (LeaderElection.java:askForVotes(448)) - 8eb9963e-bce0-4155-aea2-e442cadff8bd@group-715EBF8096A7-LeaderElection52 PRE_VOTE round 0: submit vote requests at term 2 for conf: {index: 5, cur=peers:[b5a25cc1-46d3-4381-a194-bd68f4526f1c|127.0.0.1:15031, 0df1231c-9f8a-4757-a7d0-f6d7f53bc482|127.0.0.1:15023, 8eb9963e-bce0-4155-aea2-e442cadff8bd|127.0.0.1:15015]|listeners:[], old=null}
2025-09-19 20:43:36,875 [8eb9963e-bce0-4155-aea2-e442cadff8bd@group-715EBF8096A7-LeaderElection52] INFO  impl.LeaderElection (LogUtils.java:infoOrTrace(142)) - 8eb9963e-bce0-4155-aea2-e442cadff8bd@group-715EBF8096A7-LeaderElection52 got exception when requesting votes: java.util.concurrent.ExecutionException: org.apache.ratis.thirdparty.io.grpc.StatusRuntimeException: UNAVAILABLE: io exception
2025-09-19 20:43:36,876 [8eb9963e-bce0-4155-aea2-e442cadff8bd@group-715EBF8096A7-LeaderElection52] INFO  impl.LeaderElection (LogUtils.java:infoOrTrace(142)) - 8eb9963e-bce0-4155-aea2-e442cadff8bd@group-715EBF8096A7-LeaderElection52 got exception when requesting votes: java.util.concurrent.ExecutionException: org.apache.ratis.thirdparty.io.grpc.StatusRuntimeException: UNAVAILABLE: io exception
2025-09-19 20:43:36,876 [8eb9963e-bce0-4155-aea2-e442cadff8bd@group-715EBF8096A7-LeaderElection52] INFO  impl.LeaderElection (LeaderElection.java:logAndReturn(206)) - 8eb9963e-bce0-4155-aea2-e442cadff8bd@group-715EBF8096A7-LeaderElection52: PRE_VOTE REJECTED received 0 response(s) and 2 exception(s):
2025-09-19 20:43:36,876 [8eb9963e-bce0-4155-aea2-e442cadff8bd@group-715EBF8096A7-LeaderElection52] INFO  impl.LeaderElection (LogUtils.java:infoOrTrace(142)) -   Exception 0: java.util.concurrent.ExecutionException: org.apache.ratis.thirdparty.io.grpc.StatusRuntimeException: UNAVAILABLE: io exception
2025-09-19 20:43:36,876 [8eb9963e-bce0-4155-aea2-e442cadff8bd@group-715EBF8096A7-LeaderElection52] INFO  impl.LeaderElection (LogUtils.java:infoOrTrace(142)) -   Exception 1: java.util.concurrent.ExecutionException: org.apache.ratis.thirdparty.io.grpc.StatusRuntimeException: UNAVAILABLE: io exception
2025-09-19 20:43:36,876 [8eb9963e-bce0-4155-aea2-e442cadff8bd@group-715EBF8096A7-LeaderElection52] INFO  impl.LeaderElection (LeaderElection.java:askForVotes(450)) - 8eb9963e-bce0-4155-aea2-e442cadff8bd@group-715EBF8096A7-LeaderElection52 PRE_VOTE round 0: result REJECTED
2025-09-19 20:43:36,876 [8eb9963e-bce0-4155-aea2-e442cadff8bd@group-715EBF8096A7-LeaderElection52] INFO  server.RaftServer$Division (RaftServerImpl.java:setRole(392)) - 8eb9963e-bce0-4155-aea2-e442cadff8bd@group-715EBF8096A7: changes role from CANDIDATE to FOLLOWER at term 2 for REJECTED
2025-09-19 20:43:36,876 [8eb9963e-bce0-4155-aea2-e442cadff8bd@group-715EBF8096A7-LeaderElection52] INFO  impl.RoleInfo (RoleInfo.java:shutdownLeaderElection(141)) - 8eb9963e-bce0-4155-aea2-e442cadff8bd: shutdown 8eb9963e-bce0-4155-aea2-e442cadff8bd@group-715EBF8096A7-LeaderElection52
2025-09-19 20:43:36,876 [8eb9963e-bce0-4155-aea2-e442cadff8bd@group-715EBF8096A7-LeaderElection52] INFO  impl.RoleInfo (RoleInfo.java:updateAndGet(148)) - 8eb9963e-bce0-4155-aea2-e442cadff8bd: start 8eb9963e-bce0-4155-aea2-e442cadff8bd@group-715EBF8096A7-FollowerState
2025-09-19 20:43:37,772 [8eb9963e-bce0-4155-aea2-e442cadff8bd@group-A751954341BD-FollowerState] INFO  impl.FollowerState (FollowerState.java:runImpl(161)) - 8eb9963e-bce0-4155-aea2-e442cadff8bd@group-A751954341BD-FollowerState: change to CANDIDATE, lastRpcElapsedTime:1034426847ns, electionTimeout:1034ms
2025-09-19 20:43:37,772 [8eb9963e-bce0-4155-aea2-e442cadff8bd@group-A751954341BD-FollowerState] INFO  impl.RoleInfo (RoleInfo.java:shutdownFollowerState(121)) - 8eb9963e-bce0-4155-aea2-e442cadff8bd: shutdown 8eb9963e-bce0-4155-aea2-e442cadff8bd@group-A751954341BD-FollowerState
2025-09-19 20:43:37,772 [8eb9963e-bce0-4155-aea2-e442cadff8bd@group-A751954341BD-FollowerState] INFO  server.RaftServer$Division (RaftServerImpl.java:setRole(392)) - 8eb9963e-bce0-4155-aea2-e442cadff8bd@group-A751954341BD: changes role from  FOLLOWER to CANDIDATE at term 1 for changeToCandidate
2025-09-19 20:43:37,772 [8eb9963e-bce0-4155-aea2-e442cadff8bd@group-A751954341BD-FollowerState] INFO  impl.RoleInfo (RoleInfo.java:updateAndGet(148)) - 8eb9963e-bce0-4155-aea2-e442cadff8bd: start 8eb9963e-bce0-4155-aea2-e442cadff8bd@group-A751954341BD-LeaderElection53
2025-09-19 20:43:37,773 [8eb9963e-bce0-4155-aea2-e442cadff8bd@group-A751954341BD-LeaderElection53] INFO  impl.LeaderElection (LeaderElection.java:askForVotes(448)) - 8eb9963e-bce0-4155-aea2-e442cadff8bd@group-A751954341BD-LeaderElection53 PRE_VOTE round 0: submit vote requests at term 1 for conf: {index: 0, cur=peers:[b5a25cc1-46d3-4381-a194-bd68f4526f1c|127.0.0.1:15031, 0df1231c-9f8a-4757-a7d0-f6d7f53bc482|127.0.0.1:15023, 8eb9963e-bce0-4155-aea2-e442cadff8bd|127.0.0.1:15015]|listeners:[], old=null}
2025-09-19 20:43:37,773 [8eb9963e-bce0-4155-aea2-e442cadff8bd@group-A751954341BD-LeaderElection53] INFO  impl.LeaderElection (LogUtils.java:infoOrTrace(142)) - 8eb9963e-bce0-4155-aea2-e442cadff8bd@group-A751954341BD-LeaderElection53 got exception when requesting votes: java.util.concurrent.ExecutionException: org.apache.ratis.thirdparty.io.grpc.StatusRuntimeException: UNAVAILABLE: io exception
2025-09-19 20:43:37,774 [8eb9963e-bce0-4155-aea2-e442cadff8bd@group-A751954341BD-LeaderElection53] INFO  impl.LeaderElection (LogUtils.java:infoOrTrace(142)) - 8eb9963e-bce0-4155-aea2-e442cadff8bd@group-A751954341BD-LeaderElection53 got exception when requesting votes: java.util.concurrent.ExecutionException: org.apache.ratis.thirdparty.io.grpc.StatusRuntimeException: UNAVAILABLE: io exception
2025-09-19 20:43:37,774 [8eb9963e-bce0-4155-aea2-e442cadff8bd@group-A751954341BD-LeaderElection53] INFO  impl.LeaderElection (LeaderElection.java:logAndReturn(206)) - 8eb9963e-bce0-4155-aea2-e442cadff8bd@group-A751954341BD-LeaderElection53: PRE_VOTE REJECTED received 0 response(s) and 2 exception(s):
2025-09-19 20:43:37,774 [8eb9963e-bce0-4155-aea2-e442cadff8bd@group-A751954341BD-LeaderElection53] INFO  impl.LeaderElection (LogUtils.java:infoOrTrace(142)) -   Exception 0: java.util.concurrent.ExecutionException: org.apache.ratis.thirdparty.io.grpc.StatusRuntimeException: UNAVAILABLE: io exception
2025-09-19 20:43:37,774 [8eb9963e-bce0-4155-aea2-e442cadff8bd@group-A751954341BD-LeaderElection53] INFO  impl.LeaderElection (LogUtils.java:infoOrTrace(142)) -   Exception 1: java.util.concurrent.ExecutionException: org.apache.ratis.thirdparty.io.grpc.StatusRuntimeException: UNAVAILABLE: io exception
2025-09-19 20:43:37,774 [8eb9963e-bce0-4155-aea2-e442cadff8bd@group-A751954341BD-LeaderElection53] INFO  impl.LeaderElection (LeaderElection.java:askForVotes(450)) - 8eb9963e-bce0-4155-aea2-e442cadff8bd@group-A751954341BD-LeaderElection53 PRE_VOTE round 0: result REJECTED
2025-09-19 20:43:37,774 [8eb9963e-bce0-4155-aea2-e442cadff8bd@group-A751954341BD-LeaderElection53] INFO  server.RaftServer$Division (RaftServerImpl.java:setRole(392)) - 8eb9963e-bce0-4155-aea2-e442cadff8bd@group-A751954341BD: changes role from CANDIDATE to FOLLOWER at term 1 for REJECTED
2025-09-19 20:43:37,774 [8eb9963e-bce0-4155-aea2-e442cadff8bd@group-A751954341BD-LeaderElection53] INFO  impl.RoleInfo (RoleInfo.java:shutdownLeaderElection(141)) - 8eb9963e-bce0-4155-aea2-e442cadff8bd: shutdown 8eb9963e-bce0-4155-aea2-e442cadff8bd@group-A751954341BD-LeaderElection53
2025-09-19 20:43:37,774 [8eb9963e-bce0-4155-aea2-e442cadff8bd@group-A751954341BD-LeaderElection53] INFO  impl.RoleInfo (RoleInfo.java:updateAndGet(148)) - 8eb9963e-bce0-4155-aea2-e442cadff8bd: start 8eb9963e-bce0-4155-aea2-e442cadff8bd@group-A751954341BD-FollowerState
2025-09-19 20:43:37,912 [8eb9963e-bce0-4155-aea2-e442cadff8bd@group-715EBF8096A7-FollowerState] INFO  impl.FollowerState (FollowerState.java:runImpl(161)) - 8eb9963e-bce0-4155-aea2-e442cadff8bd@group-715EBF8096A7-FollowerState: change to CANDIDATE, lastRpcElapsedTime:1036248645ns, electionTimeout:1036ms
2025-09-19 20:43:37,912 [8eb9963e-bce0-4155-aea2-e442cadff8bd@group-715EBF8096A7-FollowerState] INFO  impl.RoleInfo (RoleInfo.java:shutdownFollowerState(121)) - 8eb9963e-bce0-4155-aea2-e442cadff8bd: shutdown 8eb9963e-bce0-4155-aea2-e442cadff8bd@group-715EBF8096A7-FollowerState
2025-09-19 20:43:37,912 [8eb9963e-bce0-4155-aea2-e442cadff8bd@group-715EBF8096A7-FollowerState] INFO  server.RaftServer$Division (RaftServerImpl.java:setRole(392)) - 8eb9963e-bce0-4155-aea2-e442cadff8bd@group-715EBF8096A7: changes role from  FOLLOWER to CANDIDATE at term 2 for changeToCandidate
2025-09-19 20:43:37,912 [8eb9963e-bce0-4155-aea2-e442cadff8bd@group-715EBF8096A7-FollowerState] INFO  impl.RoleInfo (RoleInfo.java:updateAndGet(148)) - 8eb9963e-bce0-4155-aea2-e442cadff8bd: start 8eb9963e-bce0-4155-aea2-e442cadff8bd@group-715EBF8096A7-LeaderElection54
2025-09-19 20:43:37,913 [8eb9963e-bce0-4155-aea2-e442cadff8bd@group-715EBF8096A7-LeaderElection54] INFO  impl.LeaderElection (LeaderElection.java:askForVotes(448)) - 8eb9963e-bce0-4155-aea2-e442cadff8bd@group-715EBF8096A7-LeaderElection54 PRE_VOTE round 0: submit vote requests at term 2 for conf: {index: 5, cur=peers:[b5a25cc1-46d3-4381-a194-bd68f4526f1c|127.0.0.1:15031, 0df1231c-9f8a-4757-a7d0-f6d7f53bc482|127.0.0.1:15023, 8eb9963e-bce0-4155-aea2-e442cadff8bd|127.0.0.1:15015]|listeners:[], old=null}
2025-09-19 20:43:37,913 [8eb9963e-bce0-4155-aea2-e442cadff8bd@group-715EBF8096A7-LeaderElection54] INFO  impl.LeaderElection (LogUtils.java:infoOrTrace(142)) - 8eb9963e-bce0-4155-aea2-e442cadff8bd@group-715EBF8096A7-LeaderElection54 got exception when requesting votes: java.util.concurrent.ExecutionException: org.apache.ratis.thirdparty.io.grpc.StatusRuntimeException: UNAVAILABLE: io exception
2025-09-19 20:43:37,913 [8eb9963e-bce0-4155-aea2-e442cadff8bd@group-715EBF8096A7-LeaderElection54] INFO  impl.LeaderElection (LogUtils.java:infoOrTrace(142)) - 8eb9963e-bce0-4155-aea2-e442cadff8bd@group-715EBF8096A7-LeaderElection54 got exception when requesting votes: java.util.concurrent.ExecutionException: org.apache.ratis.thirdparty.io.grpc.StatusRuntimeException: UNAVAILABLE: io exception
2025-09-19 20:43:37,913 [8eb9963e-bce0-4155-aea2-e442cadff8bd@group-715EBF8096A7-LeaderElection54] INFO  impl.LeaderElection (LeaderElection.java:logAndReturn(206)) - 8eb9963e-bce0-4155-aea2-e442cadff8bd@group-715EBF8096A7-LeaderElection54: PRE_VOTE REJECTED received 0 response(s) and 2 exception(s):
2025-09-19 20:43:37,914 [8eb9963e-bce0-4155-aea2-e442cadff8bd@group-715EBF8096A7-LeaderElection54] INFO  impl.LeaderElection (LogUtils.java:infoOrTrace(142)) -   Exception 0: java.util.concurrent.ExecutionException: org.apache.ratis.thirdparty.io.grpc.StatusRuntimeException: UNAVAILABLE: io exception
2025-09-19 20:43:37,914 [8eb9963e-bce0-4155-aea2-e442cadff8bd@group-715EBF8096A7-LeaderElection54] INFO  impl.LeaderElection (LogUtils.java:infoOrTrace(142)) -   Exception 1: java.util.concurrent.ExecutionException: org.apache.ratis.thirdparty.io.grpc.StatusRuntimeException: UNAVAILABLE: io exception
2025-09-19 20:43:37,914 [8eb9963e-bce0-4155-aea2-e442cadff8bd@group-715EBF8096A7-LeaderElection54] INFO  impl.LeaderElection (LeaderElection.java:askForVotes(450)) - 8eb9963e-bce0-4155-aea2-e442cadff8bd@group-715EBF8096A7-LeaderElection54 PRE_VOTE round 0: result REJECTED
2025-09-19 20:43:37,914 [8eb9963e-bce0-4155-aea2-e442cadff8bd@group-715EBF8096A7-LeaderElection54] INFO  server.RaftServer$Division (RaftServerImpl.java:setRole(392)) - 8eb9963e-bce0-4155-aea2-e442cadff8bd@group-715EBF8096A7: changes role from CANDIDATE to FOLLOWER at term 2 for REJECTED
2025-09-19 20:43:37,914 [8eb9963e-bce0-4155-aea2-e442cadff8bd@group-715EBF8096A7-LeaderElection54] INFO  impl.RoleInfo (RoleInfo.java:shutdownLeaderElection(141)) - 8eb9963e-bce0-4155-aea2-e442cadff8bd: shutdown 8eb9963e-bce0-4155-aea2-e442cadff8bd@group-715EBF8096A7-LeaderElection54
2025-09-19 20:43:37,914 [8eb9963e-bce0-4155-aea2-e442cadff8bd@group-715EBF8096A7-LeaderElection54] INFO  impl.RoleInfo (RoleInfo.java:updateAndGet(148)) - 8eb9963e-bce0-4155-aea2-e442cadff8bd: start 8eb9963e-bce0-4155-aea2-e442cadff8bd@group-715EBF8096A7-FollowerState
2025-09-19 20:43:38,845 [8eb9963e-bce0-4155-aea2-e442cadff8bd@group-A751954341BD-FollowerState] INFO  impl.FollowerState (FollowerState.java:runImpl(161)) - 8eb9963e-bce0-4155-aea2-e442cadff8bd@group-A751954341BD-FollowerState: change to CANDIDATE, lastRpcElapsedTime:1071481672ns, electionTimeout:1071ms
2025-09-19 20:43:38,846 [8eb9963e-bce0-4155-aea2-e442cadff8bd@group-A751954341BD-FollowerState] INFO  impl.RoleInfo (RoleInfo.java:shutdownFollowerState(121)) - 8eb9963e-bce0-4155-aea2-e442cadff8bd: shutdown 8eb9963e-bce0-4155-aea2-e442cadff8bd@group-A751954341BD-FollowerState
2025-09-19 20:43:38,846 [8eb9963e-bce0-4155-aea2-e442cadff8bd@group-A751954341BD-FollowerState] INFO  server.RaftServer$Division (RaftServerImpl.java:setRole(392)) - 8eb9963e-bce0-4155-aea2-e442cadff8bd@group-A751954341BD: changes role from  FOLLOWER to CANDIDATE at term 1 for changeToCandidate
2025-09-19 20:43:38,846 [8eb9963e-bce0-4155-aea2-e442cadff8bd@group-A751954341BD-FollowerState] INFO  impl.RoleInfo (RoleInfo.java:updateAndGet(148)) - 8eb9963e-bce0-4155-aea2-e442cadff8bd: start 8eb9963e-bce0-4155-aea2-e442cadff8bd@group-A751954341BD-LeaderElection55
2025-09-19 20:43:38,846 [8eb9963e-bce0-4155-aea2-e442cadff8bd@group-A751954341BD-LeaderElection55] INFO  impl.LeaderElection (LeaderElection.java:askForVotes(448)) - 8eb9963e-bce0-4155-aea2-e442cadff8bd@group-A751954341BD-LeaderElection55 PRE_VOTE round 0: submit vote requests at term 1 for conf: {index: 0, cur=peers:[b5a25cc1-46d3-4381-a194-bd68f4526f1c|127.0.0.1:15031, 0df1231c-9f8a-4757-a7d0-f6d7f53bc482|127.0.0.1:15023, 8eb9963e-bce0-4155-aea2-e442cadff8bd|127.0.0.1:15015]|listeners:[], old=null}
2025-09-19 20:43:38,847 [8eb9963e-bce0-4155-aea2-e442cadff8bd@group-A751954341BD-LeaderElection55] INFO  impl.LeaderElection (LogUtils.java:infoOrTrace(142)) - 8eb9963e-bce0-4155-aea2-e442cadff8bd@group-A751954341BD-LeaderElection55 got exception when requesting votes: java.util.concurrent.ExecutionException: org.apache.ratis.thirdparty.io.grpc.StatusRuntimeException: UNAVAILABLE: io exception
2025-09-19 20:43:38,847 [8eb9963e-bce0-4155-aea2-e442cadff8bd@group-A751954341BD-LeaderElection55] INFO  impl.LeaderElection (LogUtils.java:infoOrTrace(142)) - 8eb9963e-bce0-4155-aea2-e442cadff8bd@group-A751954341BD-LeaderElection55 got exception when requesting votes: java.util.concurrent.ExecutionException: org.apache.ratis.thirdparty.io.grpc.StatusRuntimeException: UNAVAILABLE: io exception
2025-09-19 20:43:38,847 [8eb9963e-bce0-4155-aea2-e442cadff8bd@group-A751954341BD-LeaderElection55] INFO  impl.LeaderElection (LeaderElection.java:logAndReturn(206)) - 8eb9963e-bce0-4155-aea2-e442cadff8bd@group-A751954341BD-LeaderElection55: PRE_VOTE REJECTED received 0 response(s) and 2 exception(s):
2025-09-19 20:43:38,847 [8eb9963e-bce0-4155-aea2-e442cadff8bd@group-A751954341BD-LeaderElection55] INFO  impl.LeaderElection (LogUtils.java:infoOrTrace(142)) -   Exception 0: java.util.concurrent.ExecutionException: org.apache.ratis.thirdparty.io.grpc.StatusRuntimeException: UNAVAILABLE: io exception
2025-09-19 20:43:38,847 [8eb9963e-bce0-4155-aea2-e442cadff8bd@group-A751954341BD-LeaderElection55] INFO  impl.LeaderElection (LogUtils.java:infoOrTrace(142)) -   Exception 1: java.util.concurrent.ExecutionException: org.apache.ratis.thirdparty.io.grpc.StatusRuntimeException: UNAVAILABLE: io exception
2025-09-19 20:43:38,847 [8eb9963e-bce0-4155-aea2-e442cadff8bd@group-A751954341BD-LeaderElection55] INFO  impl.LeaderElection (LeaderElection.java:askForVotes(450)) - 8eb9963e-bce0-4155-aea2-e442cadff8bd@group-A751954341BD-LeaderElection55 PRE_VOTE round 0: result REJECTED
2025-09-19 20:43:38,847 [8eb9963e-bce0-4155-aea2-e442cadff8bd@group-A751954341BD-LeaderElection55] INFO  server.RaftServer$Division (RaftServerImpl.java:setRole(392)) - 8eb9963e-bce0-4155-aea2-e442cadff8bd@group-A751954341BD: changes role from CANDIDATE to FOLLOWER at term 1 for REJECTED
2025-09-19 20:43:38,847 [8eb9963e-bce0-4155-aea2-e442cadff8bd@group-A751954341BD-LeaderElection55] INFO  impl.RoleInfo (RoleInfo.java:shutdownLeaderElection(141)) - 8eb9963e-bce0-4155-aea2-e442cadff8bd: shutdown 8eb9963e-bce0-4155-aea2-e442cadff8bd@group-A751954341BD-LeaderElection55
2025-09-19 20:43:38,847 [8eb9963e-bce0-4155-aea2-e442cadff8bd@group-A751954341BD-LeaderElection55] INFO  impl.RoleInfo (RoleInfo.java:updateAndGet(148)) - 8eb9963e-bce0-4155-aea2-e442cadff8bd: start 8eb9963e-bce0-4155-aea2-e442cadff8bd@group-A751954341BD-FollowerState
2025-09-19 20:43:39,101 [8eb9963e-bce0-4155-aea2-e442cadff8bd@group-715EBF8096A7-FollowerState] INFO  impl.FollowerState (FollowerState.java:runImpl(161)) - 8eb9963e-bce0-4155-aea2-e442cadff8bd@group-715EBF8096A7-FollowerState: change to CANDIDATE, lastRpcElapsedTime:1187351467ns, electionTimeout:1187ms
2025-09-19 20:43:39,101 [8eb9963e-bce0-4155-aea2-e442cadff8bd@group-715EBF8096A7-FollowerState] INFO  impl.RoleInfo (RoleInfo.java:shutdownFollowerState(121)) - 8eb9963e-bce0-4155-aea2-e442cadff8bd: shutdown 8eb9963e-bce0-4155-aea2-e442cadff8bd@group-715EBF8096A7-FollowerState
2025-09-19 20:43:39,101 [8eb9963e-bce0-4155-aea2-e442cadff8bd@group-715EBF8096A7-FollowerState] INFO  server.RaftServer$Division (RaftServerImpl.java:setRole(392)) - 8eb9963e-bce0-4155-aea2-e442cadff8bd@group-715EBF8096A7: changes role from  FOLLOWER to CANDIDATE at term 2 for changeToCandidate
2025-09-19 20:43:39,102 [8eb9963e-bce0-4155-aea2-e442cadff8bd@group-715EBF8096A7-FollowerState] INFO  impl.RoleInfo (RoleInfo.java:updateAndGet(148)) - 8eb9963e-bce0-4155-aea2-e442cadff8bd: start 8eb9963e-bce0-4155-aea2-e442cadff8bd@group-715EBF8096A7-LeaderElection56
2025-09-19 20:43:39,102 [8eb9963e-bce0-4155-aea2-e442cadff8bd@group-715EBF8096A7-LeaderElection56] INFO  impl.LeaderElection (LeaderElection.java:askForVotes(448)) - 8eb9963e-bce0-4155-aea2-e442cadff8bd@group-715EBF8096A7-LeaderElection56 PRE_VOTE round 0: submit vote requests at term 2 for conf: {index: 5, cur=peers:[b5a25cc1-46d3-4381-a194-bd68f4526f1c|127.0.0.1:15031, 0df1231c-9f8a-4757-a7d0-f6d7f53bc482|127.0.0.1:15023, 8eb9963e-bce0-4155-aea2-e442cadff8bd|127.0.0.1:15015]|listeners:[], old=null}
2025-09-19 20:43:39,102 [8eb9963e-bce0-4155-aea2-e442cadff8bd@group-715EBF8096A7-LeaderElection56] INFO  impl.LeaderElection (LogUtils.java:infoOrTrace(142)) - 8eb9963e-bce0-4155-aea2-e442cadff8bd@group-715EBF8096A7-LeaderElection56 got exception when requesting votes: java.util.concurrent.ExecutionException: org.apache.ratis.thirdparty.io.grpc.StatusRuntimeException: UNAVAILABLE: io exception
2025-09-19 20:43:39,102 [8eb9963e-bce0-4155-aea2-e442cadff8bd@group-715EBF8096A7-LeaderElection56] INFO  impl.LeaderElection (LogUtils.java:infoOrTrace(142)) - 8eb9963e-bce0-4155-aea2-e442cadff8bd@group-715EBF8096A7-LeaderElection56 got exception when requesting votes: java.util.concurrent.ExecutionException: org.apache.ratis.thirdparty.io.grpc.StatusRuntimeException: UNAVAILABLE: io exception
2025-09-19 20:43:39,103 [8eb9963e-bce0-4155-aea2-e442cadff8bd@group-715EBF8096A7-LeaderElection56] INFO  impl.LeaderElection (LeaderElection.java:logAndReturn(206)) - 8eb9963e-bce0-4155-aea2-e442cadff8bd@group-715EBF8096A7-LeaderElection56: PRE_VOTE REJECTED received 0 response(s) and 2 exception(s):
2025-09-19 20:43:39,103 [8eb9963e-bce0-4155-aea2-e442cadff8bd@group-715EBF8096A7-LeaderElection56] INFO  impl.LeaderElection (LogUtils.java:infoOrTrace(142)) -   Exception 0: java.util.concurrent.ExecutionException: org.apache.ratis.thirdparty.io.grpc.StatusRuntimeException: UNAVAILABLE: io exception
2025-09-19 20:43:39,103 [8eb9963e-bce0-4155-aea2-e442cadff8bd@group-715EBF8096A7-LeaderElection56] INFO  impl.LeaderElection (LogUtils.java:infoOrTrace(142)) -   Exception 1: java.util.concurrent.ExecutionException: org.apache.ratis.thirdparty.io.grpc.StatusRuntimeException: UNAVAILABLE: io exception
2025-09-19 20:43:39,103 [8eb9963e-bce0-4155-aea2-e442cadff8bd@group-715EBF8096A7-LeaderElection56] INFO  impl.LeaderElection (LeaderElection.java:askForVotes(450)) - 8eb9963e-bce0-4155-aea2-e442cadff8bd@group-715EBF8096A7-LeaderElection56 PRE_VOTE round 0: result REJECTED
2025-09-19 20:43:39,103 [8eb9963e-bce0-4155-aea2-e442cadff8bd@group-715EBF8096A7-LeaderElection56] INFO  server.RaftServer$Division (RaftServerImpl.java:setRole(392)) - 8eb9963e-bce0-4155-aea2-e442cadff8bd@group-715EBF8096A7: changes role from CANDIDATE to FOLLOWER at term 2 for REJECTED
2025-09-19 20:43:39,103 [8eb9963e-bce0-4155-aea2-e442cadff8bd@group-715EBF8096A7-LeaderElection56] INFO  impl.RoleInfo (RoleInfo.java:shutdownLeaderElection(141)) - 8eb9963e-bce0-4155-aea2-e442cadff8bd: shutdown 8eb9963e-bce0-4155-aea2-e442cadff8bd@group-715EBF8096A7-LeaderElection56
2025-09-19 20:43:39,103 [8eb9963e-bce0-4155-aea2-e442cadff8bd@group-715EBF8096A7-LeaderElection56] INFO  impl.RoleInfo (RoleInfo.java:updateAndGet(148)) - 8eb9963e-bce0-4155-aea2-e442cadff8bd: start 8eb9963e-bce0-4155-aea2-e442cadff8bd@group-715EBF8096A7-FollowerState
2025-09-19 20:43:39,939 [8eb9963e-bce0-4155-aea2-e442cadff8bd@group-A751954341BD-FollowerState] INFO  impl.FollowerState (FollowerState.java:runImpl(161)) - 8eb9963e-bce0-4155-aea2-e442cadff8bd@group-A751954341BD-FollowerState: change to CANDIDATE, lastRpcElapsedTime:1092303729ns, electionTimeout:1092ms
2025-09-19 20:43:39,940 [8eb9963e-bce0-4155-aea2-e442cadff8bd@group-A751954341BD-FollowerState] INFO  impl.RoleInfo (RoleInfo.java:shutdownFollowerState(121)) - 8eb9963e-bce0-4155-aea2-e442cadff8bd: shutdown 8eb9963e-bce0-4155-aea2-e442cadff8bd@group-A751954341BD-FollowerState
2025-09-19 20:43:39,940 [8eb9963e-bce0-4155-aea2-e442cadff8bd@group-A751954341BD-FollowerState] INFO  server.RaftServer$Division (RaftServerImpl.java:setRole(392)) - 8eb9963e-bce0-4155-aea2-e442cadff8bd@group-A751954341BD: changes role from  FOLLOWER to CANDIDATE at term 1 for changeToCandidate
2025-09-19 20:43:39,940 [8eb9963e-bce0-4155-aea2-e442cadff8bd@group-A751954341BD-FollowerState] INFO  impl.RoleInfo (RoleInfo.java:updateAndGet(148)) - 8eb9963e-bce0-4155-aea2-e442cadff8bd: start 8eb9963e-bce0-4155-aea2-e442cadff8bd@group-A751954341BD-LeaderElection57
2025-09-19 20:43:39,940 [8eb9963e-bce0-4155-aea2-e442cadff8bd@group-A751954341BD-LeaderElection57] INFO  impl.LeaderElection (LeaderElection.java:askForVotes(448)) - 8eb9963e-bce0-4155-aea2-e442cadff8bd@group-A751954341BD-LeaderElection57 PRE_VOTE round 0: submit vote requests at term 1 for conf: {index: 0, cur=peers:[b5a25cc1-46d3-4381-a194-bd68f4526f1c|127.0.0.1:15031, 0df1231c-9f8a-4757-a7d0-f6d7f53bc482|127.0.0.1:15023, 8eb9963e-bce0-4155-aea2-e442cadff8bd|127.0.0.1:15015]|listeners:[], old=null}
2025-09-19 20:43:39,941 [8eb9963e-bce0-4155-aea2-e442cadff8bd@group-A751954341BD-LeaderElection57] INFO  impl.LeaderElection (LogUtils.java:infoOrTrace(142)) - 8eb9963e-bce0-4155-aea2-e442cadff8bd@group-A751954341BD-LeaderElection57 got exception when requesting votes: java.util.concurrent.ExecutionException: org.apache.ratis.thirdparty.io.grpc.StatusRuntimeException: UNAVAILABLE: io exception
2025-09-19 20:43:39,941 [8eb9963e-bce0-4155-aea2-e442cadff8bd@group-A751954341BD-LeaderElection57] INFO  impl.LeaderElection (LogUtils.java:infoOrTrace(142)) - 8eb9963e-bce0-4155-aea2-e442cadff8bd@group-A751954341BD-LeaderElection57 got exception when requesting votes: java.util.concurrent.ExecutionException: org.apache.ratis.thirdparty.io.grpc.StatusRuntimeException: UNAVAILABLE: io exception
2025-09-19 20:43:39,941 [8eb9963e-bce0-4155-aea2-e442cadff8bd@group-A751954341BD-LeaderElection57] INFO  impl.LeaderElection (LeaderElection.java:logAndReturn(206)) - 8eb9963e-bce0-4155-aea2-e442cadff8bd@group-A751954341BD-LeaderElection57: PRE_VOTE REJECTED received 0 response(s) and 2 exception(s):
2025-09-19 20:43:39,941 [8eb9963e-bce0-4155-aea2-e442cadff8bd@group-A751954341BD-LeaderElection57] INFO  impl.LeaderElection (LogUtils.java:infoOrTrace(142)) -   Exception 0: java.util.concurrent.ExecutionException: org.apache.ratis.thirdparty.io.grpc.StatusRuntimeException: UNAVAILABLE: io exception
2025-09-19 20:43:39,941 [8eb9963e-bce0-4155-aea2-e442cadff8bd@group-A751954341BD-LeaderElection57] INFO  impl.LeaderElection (LogUtils.java:infoOrTrace(142)) -   Exception 1: java.util.concurrent.ExecutionException: org.apache.ratis.thirdparty.io.grpc.StatusRuntimeException: UNAVAILABLE: io exception
2025-09-19 20:43:39,941 [8eb9963e-bce0-4155-aea2-e442cadff8bd@group-A751954341BD-LeaderElection57] INFO  impl.LeaderElection (LeaderElection.java:askForVotes(450)) - 8eb9963e-bce0-4155-aea2-e442cadff8bd@group-A751954341BD-LeaderElection57 PRE_VOTE round 0: result REJECTED
2025-09-19 20:43:39,941 [8eb9963e-bce0-4155-aea2-e442cadff8bd@group-A751954341BD-LeaderElection57] INFO  server.RaftServer$Division (RaftServerImpl.java:setRole(392)) - 8eb9963e-bce0-4155-aea2-e442cadff8bd@group-A751954341BD: changes role from CANDIDATE to FOLLOWER at term 1 for REJECTED
2025-09-19 20:43:39,941 [8eb9963e-bce0-4155-aea2-e442cadff8bd@group-A751954341BD-LeaderElection57] INFO  impl.RoleInfo (RoleInfo.java:shutdownLeaderElection(141)) - 8eb9963e-bce0-4155-aea2-e442cadff8bd: shutdown 8eb9963e-bce0-4155-aea2-e442cadff8bd@group-A751954341BD-LeaderElection57
2025-09-19 20:43:39,941 [8eb9963e-bce0-4155-aea2-e442cadff8bd@group-A751954341BD-LeaderElection57] INFO  impl.RoleInfo (RoleInfo.java:updateAndGet(148)) - 8eb9963e-bce0-4155-aea2-e442cadff8bd: start 8eb9963e-bce0-4155-aea2-e442cadff8bd@group-A751954341BD-FollowerState
2025-09-19 20:43:40,191 [8eb9963e-bce0-4155-aea2-e442cadff8bd@group-715EBF8096A7-FollowerState] INFO  impl.FollowerState (FollowerState.java:runImpl(161)) - 8eb9963e-bce0-4155-aea2-e442cadff8bd@group-715EBF8096A7-FollowerState: change to CANDIDATE, lastRpcElapsedTime:1088232287ns, electionTimeout:1088ms
2025-09-19 20:43:40,191 [8eb9963e-bce0-4155-aea2-e442cadff8bd@group-715EBF8096A7-FollowerState] INFO  impl.RoleInfo (RoleInfo.java:shutdownFollowerState(121)) - 8eb9963e-bce0-4155-aea2-e442cadff8bd: shutdown 8eb9963e-bce0-4155-aea2-e442cadff8bd@group-715EBF8096A7-FollowerState
2025-09-19 20:43:40,191 [8eb9963e-bce0-4155-aea2-e442cadff8bd@group-715EBF8096A7-FollowerState] INFO  server.RaftServer$Division (RaftServerImpl.java:setRole(392)) - 8eb9963e-bce0-4155-aea2-e442cadff8bd@group-715EBF8096A7: changes role from  FOLLOWER to CANDIDATE at term 2 for changeToCandidate
2025-09-19 20:43:40,191 [8eb9963e-bce0-4155-aea2-e442cadff8bd@group-715EBF8096A7-FollowerState] INFO  impl.RoleInfo (RoleInfo.java:updateAndGet(148)) - 8eb9963e-bce0-4155-aea2-e442cadff8bd: start 8eb9963e-bce0-4155-aea2-e442cadff8bd@group-715EBF8096A7-LeaderElection58
2025-09-19 20:43:40,192 [8eb9963e-bce0-4155-aea2-e442cadff8bd@group-715EBF8096A7-LeaderElection58] INFO  impl.LeaderElection (LeaderElection.java:askForVotes(448)) - 8eb9963e-bce0-4155-aea2-e442cadff8bd@group-715EBF8096A7-LeaderElection58 PRE_VOTE round 0: submit vote requests at term 2 for conf: {index: 5, cur=peers:[b5a25cc1-46d3-4381-a194-bd68f4526f1c|127.0.0.1:15031, 0df1231c-9f8a-4757-a7d0-f6d7f53bc482|127.0.0.1:15023, 8eb9963e-bce0-4155-aea2-e442cadff8bd|127.0.0.1:15015]|listeners:[], old=null}
2025-09-19 20:43:40,192 [8eb9963e-bce0-4155-aea2-e442cadff8bd@group-715EBF8096A7-LeaderElection58] INFO  impl.LeaderElection (LogUtils.java:infoOrTrace(142)) - 8eb9963e-bce0-4155-aea2-e442cadff8bd@group-715EBF8096A7-LeaderElection58 got exception when requesting votes: java.util.concurrent.ExecutionException: org.apache.ratis.thirdparty.io.grpc.StatusRuntimeException: UNAVAILABLE: io exception
2025-09-19 20:43:40,192 [8eb9963e-bce0-4155-aea2-e442cadff8bd@group-715EBF8096A7-LeaderElection58] INFO  impl.LeaderElection (LogUtils.java:infoOrTrace(142)) - 8eb9963e-bce0-4155-aea2-e442cadff8bd@group-715EBF8096A7-LeaderElection58 got exception when requesting votes: java.util.concurrent.ExecutionException: org.apache.ratis.thirdparty.io.grpc.StatusRuntimeException: UNAVAILABLE: io exception
2025-09-19 20:43:40,192 [8eb9963e-bce0-4155-aea2-e442cadff8bd@group-715EBF8096A7-LeaderElection58] INFO  impl.LeaderElection (LeaderElection.java:logAndReturn(206)) - 8eb9963e-bce0-4155-aea2-e442cadff8bd@group-715EBF8096A7-LeaderElection58: PRE_VOTE REJECTED received 0 response(s) and 2 exception(s):
2025-09-19 20:43:40,192 [8eb9963e-bce0-4155-aea2-e442cadff8bd@group-715EBF8096A7-LeaderElection58] INFO  impl.LeaderElection (LogUtils.java:infoOrTrace(142)) -   Exception 0: java.util.concurrent.ExecutionException: org.apache.ratis.thirdparty.io.grpc.StatusRuntimeException: UNAVAILABLE: io exception
2025-09-19 20:43:40,192 [8eb9963e-bce0-4155-aea2-e442cadff8bd@group-715EBF8096A7-LeaderElection58] INFO  impl.LeaderElection (LogUtils.java:infoOrTrace(142)) -   Exception 1: java.util.concurrent.ExecutionException: org.apache.ratis.thirdparty.io.grpc.StatusRuntimeException: UNAVAILABLE: io exception
2025-09-19 20:43:40,192 [8eb9963e-bce0-4155-aea2-e442cadff8bd@group-715EBF8096A7-LeaderElection58] INFO  impl.LeaderElection (LeaderElection.java:askForVotes(450)) - 8eb9963e-bce0-4155-aea2-e442cadff8bd@group-715EBF8096A7-LeaderElection58 PRE_VOTE round 0: result REJECTED
2025-09-19 20:43:40,192 [8eb9963e-bce0-4155-aea2-e442cadff8bd@group-715EBF8096A7-LeaderElection58] INFO  server.RaftServer$Division (RaftServerImpl.java:setRole(392)) - 8eb9963e-bce0-4155-aea2-e442cadff8bd@group-715EBF8096A7: changes role from CANDIDATE to FOLLOWER at term 2 for REJECTED
2025-09-19 20:43:40,193 [8eb9963e-bce0-4155-aea2-e442cadff8bd@group-715EBF8096A7-LeaderElection58] INFO  impl.RoleInfo (RoleInfo.java:shutdownLeaderElection(141)) - 8eb9963e-bce0-4155-aea2-e442cadff8bd: shutdown 8eb9963e-bce0-4155-aea2-e442cadff8bd@group-715EBF8096A7-LeaderElection58
2025-09-19 20:43:40,193 [8eb9963e-bce0-4155-aea2-e442cadff8bd@group-715EBF8096A7-LeaderElection58] INFO  impl.RoleInfo (RoleInfo.java:updateAndGet(148)) - 8eb9963e-bce0-4155-aea2-e442cadff8bd: start 8eb9963e-bce0-4155-aea2-e442cadff8bd@group-715EBF8096A7-FollowerState
2025-09-19 20:43:40,960 [8eb9963e-bce0-4155-aea2-e442cadff8bd@group-A751954341BD-FollowerState] INFO  impl.FollowerState (FollowerState.java:runImpl(161)) - 8eb9963e-bce0-4155-aea2-e442cadff8bd@group-A751954341BD-FollowerState: change to CANDIDATE, lastRpcElapsedTime:1018352408ns, electionTimeout:1018ms
2025-09-19 20:43:40,960 [8eb9963e-bce0-4155-aea2-e442cadff8bd@group-A751954341BD-FollowerState] INFO  impl.RoleInfo (RoleInfo.java:shutdownFollowerState(121)) - 8eb9963e-bce0-4155-aea2-e442cadff8bd: shutdown 8eb9963e-bce0-4155-aea2-e442cadff8bd@group-A751954341BD-FollowerState
2025-09-19 20:43:40,960 [8eb9963e-bce0-4155-aea2-e442cadff8bd@group-A751954341BD-FollowerState] INFO  server.RaftServer$Division (RaftServerImpl.java:setRole(392)) - 8eb9963e-bce0-4155-aea2-e442cadff8bd@group-A751954341BD: changes role from  FOLLOWER to CANDIDATE at term 1 for changeToCandidate
2025-09-19 20:43:40,960 [8eb9963e-bce0-4155-aea2-e442cadff8bd@group-A751954341BD-FollowerState] INFO  impl.RoleInfo (RoleInfo.java:updateAndGet(148)) - 8eb9963e-bce0-4155-aea2-e442cadff8bd: start 8eb9963e-bce0-4155-aea2-e442cadff8bd@group-A751954341BD-LeaderElection59
2025-09-19 20:43:40,960 [8eb9963e-bce0-4155-aea2-e442cadff8bd@group-A751954341BD-LeaderElection59] INFO  impl.LeaderElection (LeaderElection.java:askForVotes(448)) - 8eb9963e-bce0-4155-aea2-e442cadff8bd@group-A751954341BD-LeaderElection59 PRE_VOTE round 0: submit vote requests at term 1 for conf: {index: 0, cur=peers:[b5a25cc1-46d3-4381-a194-bd68f4526f1c|127.0.0.1:15031, 0df1231c-9f8a-4757-a7d0-f6d7f53bc482|127.0.0.1:15023, 8eb9963e-bce0-4155-aea2-e442cadff8bd|127.0.0.1:15015]|listeners:[], old=null}
2025-09-19 20:43:40,961 [8eb9963e-bce0-4155-aea2-e442cadff8bd@group-A751954341BD-LeaderElection59] INFO  impl.LeaderElection (LogUtils.java:infoOrTrace(142)) - 8eb9963e-bce0-4155-aea2-e442cadff8bd@group-A751954341BD-LeaderElection59 got exception when requesting votes: java.util.concurrent.ExecutionException: org.apache.ratis.thirdparty.io.grpc.StatusRuntimeException: UNAVAILABLE: io exception
2025-09-19 20:43:40,961 [8eb9963e-bce0-4155-aea2-e442cadff8bd@group-A751954341BD-LeaderElection59] INFO  impl.LeaderElection (LogUtils.java:infoOrTrace(142)) - 8eb9963e-bce0-4155-aea2-e442cadff8bd@group-A751954341BD-LeaderElection59 got exception when requesting votes: java.util.concurrent.ExecutionException: org.apache.ratis.thirdparty.io.grpc.StatusRuntimeException: UNAVAILABLE: io exception
2025-09-19 20:43:40,961 [8eb9963e-bce0-4155-aea2-e442cadff8bd@group-A751954341BD-LeaderElection59] INFO  impl.LeaderElection (LeaderElection.java:logAndReturn(206)) - 8eb9963e-bce0-4155-aea2-e442cadff8bd@group-A751954341BD-LeaderElection59: PRE_VOTE REJECTED received 0 response(s) and 2 exception(s):
2025-09-19 20:43:40,961 [8eb9963e-bce0-4155-aea2-e442cadff8bd@group-A751954341BD-LeaderElection59] INFO  impl.LeaderElection (LogUtils.java:infoOrTrace(142)) -   Exception 0: java.util.concurrent.ExecutionException: org.apache.ratis.thirdparty.io.grpc.StatusRuntimeException: UNAVAILABLE: io exception
2025-09-19 20:43:40,961 [8eb9963e-bce0-4155-aea2-e442cadff8bd@group-A751954341BD-LeaderElection59] INFO  impl.LeaderElection (LogUtils.java:infoOrTrace(142)) -   Exception 1: java.util.concurrent.ExecutionException: org.apache.ratis.thirdparty.io.grpc.StatusRuntimeException: UNAVAILABLE: io exception
2025-09-19 20:43:40,961 [8eb9963e-bce0-4155-aea2-e442cadff8bd@group-A751954341BD-LeaderElection59] INFO  impl.LeaderElection (LeaderElection.java:askForVotes(450)) - 8eb9963e-bce0-4155-aea2-e442cadff8bd@group-A751954341BD-LeaderElection59 PRE_VOTE round 0: result REJECTED
2025-09-19 20:43:40,961 [8eb9963e-bce0-4155-aea2-e442cadff8bd@group-A751954341BD-LeaderElection59] INFO  server.RaftServer$Division (RaftServerImpl.java:setRole(392)) - 8eb9963e-bce0-4155-aea2-e442cadff8bd@group-A751954341BD: changes role from CANDIDATE to FOLLOWER at term 1 for REJECTED
2025-09-19 20:43:40,961 [8eb9963e-bce0-4155-aea2-e442cadff8bd@group-A751954341BD-LeaderElection59] INFO  impl.RoleInfo (RoleInfo.java:shutdownLeaderElection(141)) - 8eb9963e-bce0-4155-aea2-e442cadff8bd: shutdown 8eb9963e-bce0-4155-aea2-e442cadff8bd@group-A751954341BD-LeaderElection59
2025-09-19 20:43:40,961 [8eb9963e-bce0-4155-aea2-e442cadff8bd@group-A751954341BD-LeaderElection59] INFO  impl.RoleInfo (RoleInfo.java:updateAndGet(148)) - 8eb9963e-bce0-4155-aea2-e442cadff8bd: start 8eb9963e-bce0-4155-aea2-e442cadff8bd@group-A751954341BD-FollowerState
2025-09-19 20:43:41,382 [8eb9963e-bce0-4155-aea2-e442cadff8bd@group-715EBF8096A7-FollowerState] INFO  impl.FollowerState (FollowerState.java:runImpl(161)) - 8eb9963e-bce0-4155-aea2-e442cadff8bd@group-715EBF8096A7-FollowerState: change to CANDIDATE, lastRpcElapsedTime:1189280613ns, electionTimeout:1189ms
2025-09-19 20:43:41,382 [8eb9963e-bce0-4155-aea2-e442cadff8bd@group-715EBF8096A7-FollowerState] INFO  impl.RoleInfo (RoleInfo.java:shutdownFollowerState(121)) - 8eb9963e-bce0-4155-aea2-e442cadff8bd: shutdown 8eb9963e-bce0-4155-aea2-e442cadff8bd@group-715EBF8096A7-FollowerState
2025-09-19 20:43:41,382 [8eb9963e-bce0-4155-aea2-e442cadff8bd@group-715EBF8096A7-FollowerState] INFO  server.RaftServer$Division (RaftServerImpl.java:setRole(392)) - 8eb9963e-bce0-4155-aea2-e442cadff8bd@group-715EBF8096A7: changes role from  FOLLOWER to CANDIDATE at term 2 for changeToCandidate
2025-09-19 20:43:41,382 [8eb9963e-bce0-4155-aea2-e442cadff8bd@group-715EBF8096A7-FollowerState] INFO  impl.RoleInfo (RoleInfo.java:updateAndGet(148)) - 8eb9963e-bce0-4155-aea2-e442cadff8bd: start 8eb9963e-bce0-4155-aea2-e442cadff8bd@group-715EBF8096A7-LeaderElection60
2025-09-19 20:43:41,383 [8eb9963e-bce0-4155-aea2-e442cadff8bd@group-715EBF8096A7-LeaderElection60] INFO  impl.LeaderElection (LeaderElection.java:askForVotes(448)) - 8eb9963e-bce0-4155-aea2-e442cadff8bd@group-715EBF8096A7-LeaderElection60 PRE_VOTE round 0: submit vote requests at term 2 for conf: {index: 5, cur=peers:[b5a25cc1-46d3-4381-a194-bd68f4526f1c|127.0.0.1:15031, 0df1231c-9f8a-4757-a7d0-f6d7f53bc482|127.0.0.1:15023, 8eb9963e-bce0-4155-aea2-e442cadff8bd|127.0.0.1:15015]|listeners:[], old=null}
2025-09-19 20:43:41,383 [8eb9963e-bce0-4155-aea2-e442cadff8bd@group-715EBF8096A7-LeaderElection60] INFO  impl.LeaderElection (LogUtils.java:infoOrTrace(142)) - 8eb9963e-bce0-4155-aea2-e442cadff8bd@group-715EBF8096A7-LeaderElection60 got exception when requesting votes: java.util.concurrent.ExecutionException: org.apache.ratis.thirdparty.io.grpc.StatusRuntimeException: UNAVAILABLE: io exception
2025-09-19 20:43:41,383 [8eb9963e-bce0-4155-aea2-e442cadff8bd@group-715EBF8096A7-LeaderElection60] INFO  impl.LeaderElection (LogUtils.java:infoOrTrace(142)) - 8eb9963e-bce0-4155-aea2-e442cadff8bd@group-715EBF8096A7-LeaderElection60 got exception when requesting votes: java.util.concurrent.ExecutionException: org.apache.ratis.thirdparty.io.grpc.StatusRuntimeException: UNAVAILABLE: io exception
2025-09-19 20:43:41,383 [8eb9963e-bce0-4155-aea2-e442cadff8bd@group-715EBF8096A7-LeaderElection60] INFO  impl.LeaderElection (LeaderElection.java:logAndReturn(206)) - 8eb9963e-bce0-4155-aea2-e442cadff8bd@group-715EBF8096A7-LeaderElection60: PRE_VOTE REJECTED received 0 response(s) and 2 exception(s):
2025-09-19 20:43:41,384 [8eb9963e-bce0-4155-aea2-e442cadff8bd@group-715EBF8096A7-LeaderElection60] INFO  impl.LeaderElection (LogUtils.java:infoOrTrace(142)) -   Exception 0: java.util.concurrent.ExecutionException: org.apache.ratis.thirdparty.io.grpc.StatusRuntimeException: UNAVAILABLE: io exception
2025-09-19 20:43:41,384 [8eb9963e-bce0-4155-aea2-e442cadff8bd@group-715EBF8096A7-LeaderElection60] INFO  impl.LeaderElection (LogUtils.java:infoOrTrace(142)) -   Exception 1: java.util.concurrent.ExecutionException: org.apache.ratis.thirdparty.io.grpc.StatusRuntimeException: UNAVAILABLE: io exception
2025-09-19 20:43:41,384 [8eb9963e-bce0-4155-aea2-e442cadff8bd@group-715EBF8096A7-LeaderElection60] INFO  impl.LeaderElection (LeaderElection.java:askForVotes(450)) - 8eb9963e-bce0-4155-aea2-e442cadff8bd@group-715EBF8096A7-LeaderElection60 PRE_VOTE round 0: result REJECTED
2025-09-19 20:43:41,384 [8eb9963e-bce0-4155-aea2-e442cadff8bd@group-715EBF8096A7-LeaderElection60] INFO  server.RaftServer$Division (RaftServerImpl.java:setRole(392)) - 8eb9963e-bce0-4155-aea2-e442cadff8bd@group-715EBF8096A7: changes role from CANDIDATE to FOLLOWER at term 2 for REJECTED
2025-09-19 20:43:41,384 [8eb9963e-bce0-4155-aea2-e442cadff8bd@group-715EBF8096A7-LeaderElection60] INFO  impl.RoleInfo (RoleInfo.java:shutdownLeaderElection(141)) - 8eb9963e-bce0-4155-aea2-e442cadff8bd: shutdown 8eb9963e-bce0-4155-aea2-e442cadff8bd@group-715EBF8096A7-LeaderElection60
2025-09-19 20:43:41,384 [8eb9963e-bce0-4155-aea2-e442cadff8bd@group-715EBF8096A7-LeaderElection60] INFO  impl.RoleInfo (RoleInfo.java:updateAndGet(148)) - 8eb9963e-bce0-4155-aea2-e442cadff8bd: start 8eb9963e-bce0-4155-aea2-e442cadff8bd@group-715EBF8096A7-FollowerState
2025-09-19 20:43:42,100 [8eb9963e-bce0-4155-aea2-e442cadff8bd@group-A751954341BD-FollowerState] INFO  impl.FollowerState (FollowerState.java:runImpl(161)) - 8eb9963e-bce0-4155-aea2-e442cadff8bd@group-A751954341BD-FollowerState: change to CANDIDATE, lastRpcElapsedTime:1139299613ns, electionTimeout:1139ms
2025-09-19 20:43:42,101 [8eb9963e-bce0-4155-aea2-e442cadff8bd@group-A751954341BD-FollowerState] INFO  impl.RoleInfo (RoleInfo.java:shutdownFollowerState(121)) - 8eb9963e-bce0-4155-aea2-e442cadff8bd: shutdown 8eb9963e-bce0-4155-aea2-e442cadff8bd@group-A751954341BD-FollowerState
2025-09-19 20:43:42,101 [8eb9963e-bce0-4155-aea2-e442cadff8bd@group-A751954341BD-FollowerState] INFO  server.RaftServer$Division (RaftServerImpl.java:setRole(392)) - 8eb9963e-bce0-4155-aea2-e442cadff8bd@group-A751954341BD: changes role from  FOLLOWER to CANDIDATE at term 1 for changeToCandidate
2025-09-19 20:43:42,101 [8eb9963e-bce0-4155-aea2-e442cadff8bd@group-A751954341BD-FollowerState] INFO  impl.RoleInfo (RoleInfo.java:updateAndGet(148)) - 8eb9963e-bce0-4155-aea2-e442cadff8bd: start 8eb9963e-bce0-4155-aea2-e442cadff8bd@group-A751954341BD-LeaderElection61
2025-09-19 20:43:42,102 [8eb9963e-bce0-4155-aea2-e442cadff8bd@group-A751954341BD-LeaderElection61] INFO  impl.LeaderElection (LeaderElection.java:askForVotes(448)) - 8eb9963e-bce0-4155-aea2-e442cadff8bd@group-A751954341BD-LeaderElection61 PRE_VOTE round 0: submit vote requests at term 1 for conf: {index: 0, cur=peers:[b5a25cc1-46d3-4381-a194-bd68f4526f1c|127.0.0.1:15031, 0df1231c-9f8a-4757-a7d0-f6d7f53bc482|127.0.0.1:15023, 8eb9963e-bce0-4155-aea2-e442cadff8bd|127.0.0.1:15015]|listeners:[], old=null}
2025-09-19 20:43:42,103 [8eb9963e-bce0-4155-aea2-e442cadff8bd@group-A751954341BD-LeaderElection61] INFO  impl.LeaderElection (LogUtils.java:infoOrTrace(142)) - 8eb9963e-bce0-4155-aea2-e442cadff8bd@group-A751954341BD-LeaderElection61 got exception when requesting votes: java.util.concurrent.ExecutionException: org.apache.ratis.thirdparty.io.grpc.StatusRuntimeException: UNAVAILABLE: io exception
2025-09-19 20:43:42,103 [8eb9963e-bce0-4155-aea2-e442cadff8bd@group-A751954341BD-LeaderElection61] INFO  impl.LeaderElection (LogUtils.java:infoOrTrace(142)) - 8eb9963e-bce0-4155-aea2-e442cadff8bd@group-A751954341BD-LeaderElection61 got exception when requesting votes: java.util.concurrent.ExecutionException: org.apache.ratis.thirdparty.io.grpc.StatusRuntimeException: UNAVAILABLE: io exception
2025-09-19 20:43:42,103 [8eb9963e-bce0-4155-aea2-e442cadff8bd@group-A751954341BD-LeaderElection61] INFO  impl.LeaderElection (LeaderElection.java:logAndReturn(206)) - 8eb9963e-bce0-4155-aea2-e442cadff8bd@group-A751954341BD-LeaderElection61: PRE_VOTE REJECTED received 0 response(s) and 2 exception(s):
2025-09-19 20:43:42,103 [8eb9963e-bce0-4155-aea2-e442cadff8bd@group-A751954341BD-LeaderElection61] INFO  impl.LeaderElection (LogUtils.java:infoOrTrace(142)) -   Exception 0: java.util.concurrent.ExecutionException: org.apache.ratis.thirdparty.io.grpc.StatusRuntimeException: UNAVAILABLE: io exception
2025-09-19 20:43:42,103 [8eb9963e-bce0-4155-aea2-e442cadff8bd@group-A751954341BD-LeaderElection61] INFO  impl.LeaderElection (LogUtils.java:infoOrTrace(142)) -   Exception 1: java.util.concurrent.ExecutionException: org.apache.ratis.thirdparty.io.grpc.StatusRuntimeException: UNAVAILABLE: io exception
2025-09-19 20:43:42,103 [8eb9963e-bce0-4155-aea2-e442cadff8bd@group-A751954341BD-LeaderElection61] INFO  impl.LeaderElection (LeaderElection.java:askForVotes(450)) - 8eb9963e-bce0-4155-aea2-e442cadff8bd@group-A751954341BD-LeaderElection61 PRE_VOTE round 0: result REJECTED
2025-09-19 20:43:42,103 [8eb9963e-bce0-4155-aea2-e442cadff8bd@group-A751954341BD-LeaderElection61] INFO  server.RaftServer$Division (RaftServerImpl.java:setRole(392)) - 8eb9963e-bce0-4155-aea2-e442cadff8bd@group-A751954341BD: changes role from CANDIDATE to FOLLOWER at term 1 for REJECTED
2025-09-19 20:43:42,103 [8eb9963e-bce0-4155-aea2-e442cadff8bd@group-A751954341BD-LeaderElection61] INFO  impl.RoleInfo (RoleInfo.java:shutdownLeaderElection(141)) - 8eb9963e-bce0-4155-aea2-e442cadff8bd: shutdown 8eb9963e-bce0-4155-aea2-e442cadff8bd@group-A751954341BD-LeaderElection61
2025-09-19 20:43:42,103 [8eb9963e-bce0-4155-aea2-e442cadff8bd@group-A751954341BD-LeaderElection61] INFO  impl.RoleInfo (RoleInfo.java:updateAndGet(148)) - 8eb9963e-bce0-4155-aea2-e442cadff8bd: start 8eb9963e-bce0-4155-aea2-e442cadff8bd@group-A751954341BD-FollowerState
2025-09-19 20:43:42,463 [8eb9963e-bce0-4155-aea2-e442cadff8bd@group-715EBF8096A7-FollowerState] INFO  impl.FollowerState (FollowerState.java:runImpl(161)) - 8eb9963e-bce0-4155-aea2-e442cadff8bd@group-715EBF8096A7-FollowerState: change to CANDIDATE, lastRpcElapsedTime:1079352090ns, electionTimeout:1079ms
2025-09-19 20:43:42,463 [8eb9963e-bce0-4155-aea2-e442cadff8bd@group-715EBF8096A7-FollowerState] INFO  impl.RoleInfo (RoleInfo.java:shutdownFollowerState(121)) - 8eb9963e-bce0-4155-aea2-e442cadff8bd: shutdown 8eb9963e-bce0-4155-aea2-e442cadff8bd@group-715EBF8096A7-FollowerState
2025-09-19 20:43:42,463 [8eb9963e-bce0-4155-aea2-e442cadff8bd@group-715EBF8096A7-FollowerState] INFO  server.RaftServer$Division (RaftServerImpl.java:setRole(392)) - 8eb9963e-bce0-4155-aea2-e442cadff8bd@group-715EBF8096A7: changes role from  FOLLOWER to CANDIDATE at term 2 for changeToCandidate
2025-09-19 20:43:42,464 [8eb9963e-bce0-4155-aea2-e442cadff8bd@group-715EBF8096A7-FollowerState] INFO  impl.RoleInfo (RoleInfo.java:updateAndGet(148)) - 8eb9963e-bce0-4155-aea2-e442cadff8bd: start 8eb9963e-bce0-4155-aea2-e442cadff8bd@group-715EBF8096A7-LeaderElection62
2025-09-19 20:43:42,464 [8eb9963e-bce0-4155-aea2-e442cadff8bd@group-715EBF8096A7-LeaderElection62] INFO  impl.LeaderElection (LeaderElection.java:askForVotes(448)) - 8eb9963e-bce0-4155-aea2-e442cadff8bd@group-715EBF8096A7-LeaderElection62 PRE_VOTE round 0: submit vote requests at term 2 for conf: {index: 5, cur=peers:[b5a25cc1-46d3-4381-a194-bd68f4526f1c|127.0.0.1:15031, 0df1231c-9f8a-4757-a7d0-f6d7f53bc482|127.0.0.1:15023, 8eb9963e-bce0-4155-aea2-e442cadff8bd|127.0.0.1:15015]|listeners:[], old=null}
2025-09-19 20:43:42,465 [8eb9963e-bce0-4155-aea2-e442cadff8bd@group-715EBF8096A7-LeaderElection62] INFO  impl.LeaderElection (LogUtils.java:infoOrTrace(142)) - 8eb9963e-bce0-4155-aea2-e442cadff8bd@group-715EBF8096A7-LeaderElection62 got exception when requesting votes: java.util.concurrent.ExecutionException: org.apache.ratis.thirdparty.io.grpc.StatusRuntimeException: UNAVAILABLE: io exception
2025-09-19 20:43:42,465 [8eb9963e-bce0-4155-aea2-e442cadff8bd@group-715EBF8096A7-LeaderElection62] INFO  impl.LeaderElection (LogUtils.java:infoOrTrace(142)) - 8eb9963e-bce0-4155-aea2-e442cadff8bd@group-715EBF8096A7-LeaderElection62 got exception when requesting votes: java.util.concurrent.ExecutionException: org.apache.ratis.thirdparty.io.grpc.StatusRuntimeException: UNAVAILABLE: io exception
2025-09-19 20:43:42,465 [8eb9963e-bce0-4155-aea2-e442cadff8bd@group-715EBF8096A7-LeaderElection62] INFO  impl.LeaderElection (LeaderElection.java:logAndReturn(206)) - 8eb9963e-bce0-4155-aea2-e442cadff8bd@group-715EBF8096A7-LeaderElection62: PRE_VOTE REJECTED received 0 response(s) and 2 exception(s):
2025-09-19 20:43:42,465 [8eb9963e-bce0-4155-aea2-e442cadff8bd@group-715EBF8096A7-LeaderElection62] INFO  impl.LeaderElection (LogUtils.java:infoOrTrace(142)) -   Exception 0: java.util.concurrent.ExecutionException: org.apache.ratis.thirdparty.io.grpc.StatusRuntimeException: UNAVAILABLE: io exception
2025-09-19 20:43:42,465 [8eb9963e-bce0-4155-aea2-e442cadff8bd@group-715EBF8096A7-LeaderElection62] INFO  impl.LeaderElection (LogUtils.java:infoOrTrace(142)) -   Exception 1: java.util.concurrent.ExecutionException: org.apache.ratis.thirdparty.io.grpc.StatusRuntimeException: UNAVAILABLE: io exception
2025-09-19 20:43:42,465 [8eb9963e-bce0-4155-aea2-e442cadff8bd@group-715EBF8096A7-LeaderElection62] INFO  impl.LeaderElection (LeaderElection.java:askForVotes(450)) - 8eb9963e-bce0-4155-aea2-e442cadff8bd@group-715EBF8096A7-LeaderElection62 PRE_VOTE round 0: result REJECTED
2025-09-19 20:43:42,465 [8eb9963e-bce0-4155-aea2-e442cadff8bd@group-715EBF8096A7-LeaderElection62] INFO  server.RaftServer$Division (RaftServerImpl.java:setRole(392)) - 8eb9963e-bce0-4155-aea2-e442cadff8bd@group-715EBF8096A7: changes role from CANDIDATE to FOLLOWER at term 2 for REJECTED
2025-09-19 20:43:42,465 [8eb9963e-bce0-4155-aea2-e442cadff8bd@group-715EBF8096A7-LeaderElection62] INFO  impl.RoleInfo (RoleInfo.java:shutdownLeaderElection(141)) - 8eb9963e-bce0-4155-aea2-e442cadff8bd: shutdown 8eb9963e-bce0-4155-aea2-e442cadff8bd@group-715EBF8096A7-LeaderElection62
2025-09-19 20:43:42,465 [8eb9963e-bce0-4155-aea2-e442cadff8bd@group-715EBF8096A7-LeaderElection62] INFO  impl.RoleInfo (RoleInfo.java:updateAndGet(148)) - 8eb9963e-bce0-4155-aea2-e442cadff8bd: start 8eb9963e-bce0-4155-aea2-e442cadff8bd@group-715EBF8096A7-FollowerState
2025-09-19 20:43:42,567 [grpc-default-executor-3] ERROR impl.OrderedAsync (OrderedAsync.java:lambda$null$6(215)) -  client-730261A1D9D9: Failed* RaftClientRequest:client-730261A1D9D9->8eb9963e-bce0-4155-aea2-e442cadff8bd@group-715EBF8096A7, cid=16, seq=4*, RW, cmdType: WriteChunk
traceID: ""
containerID: 1
datanodeUuid: "b5a25cc1-46d3-4381-a194-bd68f4526f1c"
writeChunk {
  blockID {
    containerID: 1
    localID: 115816896921600001
    blockCommitSequenceId: 2
    replicaIndex: 0
  }
  chunkData {
    chunkName: "115816896921600001_chunk_2"
    offset: 1048576
    len: 1048576
    checksumData {
      type: CRC32
      bytesPerChecksum: 16384
      checksums: "\326\360U\321"
      checksums: "\326\360U\321"
      checksums: "\326\360U\321"
      checksums: "\326\360U\321"
      checksums: "\326\360U\321"
      checksums: "\326\360U\321"
      checksums: "\326\360U\321"
      checksums: "\326\360U\321"
      checksums: "\326\360U\321"
      checksums: "\326\360U\321"
      checksums: "\326\360U\321"
      checksums: "\326\360U\321"
      checksums: "\326\360U\321"
      checksums: "\326\360U\321"
      checksums: "\326\360U\321"
      checksums: "\326\360U\321"
      checksums: "\326\360U\321"
      checksums: "\326\360U\321"
      checksums: "\326\360U\321"
      checksums: "\326\360U\321"
      checksums: "\326\360U\321"
      checksums: "\326\360U\321"
      checksums: "\326\360U\321"
      checksums: "\326\360U\321"
      checksums: "\326\360U\321"
      checksums: "\326\360U\321"
      checksums: "\326\360U\321"
      checksums: "\326\360U\321"
      checksums: "\326\360U\321"
      checksums: "\326\360U\321"
      checksums: "\326\360U\321"
      checksums: "\326\360U\321"
      checksums: "\326\360U\321"
      checksums: "\326\360U\321"
      checksums: "\326\360U\321"
      checksums: "\326\360U\321"
      checksums: "\326\360U\321"
      checksums: "\326\360U\321"
      checksums: "\326\360U\321"
      checksums: "\326\360U\321"
      checksums: "\326\360U\321"
      checksums: "\326\360U\321"
      checksums: "\326\360U\321"
      checksums: "\326\360U\321"
      checksums: "\326\360U\321"
      checksums: "\326\360U\321"
      checksums: "\326\360U\321"
      checksums: "\326\360U\321"
      checksums: "\326\360U\321"
      checksums: "\326\360U\321"
      checksums: "\326\360U\321"
      checksums: "\326\360U\321"
      checksums: "\326\360U\321"
      checksums: "\326\360U\321"
      checksums: "\326\360U\321"
      checksums: "\326\360U\321"
      checksums: "\326\360U\321"
      checksums: "\326\360U\321"
      checksums: "\326\360U\321"
      checksums: "\326\360U\321"
      checksums: "\326\360U\321"
      checksums: "\326\360U\321"
      checksums: "\326\360U\321"
      checksums: "H$\374\021"
    }
  }
}
version: 3
, data.size=1048576
java.util.concurrent.CompletionException: org.apache.ratis.protocol.exceptions.NotLeaderException: Server 8eb9963e-bce0-4155-aea2-e442cadff8bd@group-715EBF8096A7 is not the leader
	at java.base/java.util.concurrent.CompletableFuture.encodeThrowable(CompletableFuture.java:332)
	at java.base/java.util.concurrent.CompletableFuture.completeThrowable(CompletableFuture.java:347)
	at java.base/java.util.concurrent.CompletableFuture$UniAccept.tryFire(CompletableFuture.java:708)
	at java.base/java.util.concurrent.CompletableFuture.postComplete(CompletableFuture.java:510)
	at java.base/java.util.concurrent.CompletableFuture.completeExceptionally(CompletableFuture.java:2194)
	at org.apache.ratis.grpc.client.GrpcClientProtocolClient$AsyncStreamObservers.completeReplyExceptionally(GrpcClientProtocolClient.java:397)
	at org.apache.ratis.grpc.client.GrpcClientProtocolClient$AsyncStreamObservers.access$000(GrpcClientProtocolClient.java:303)
	at org.apache.ratis.grpc.client.GrpcClientProtocolClient$AsyncStreamObservers$1.onNext(GrpcClientProtocolClient.java:317)
	at org.apache.ratis.grpc.client.GrpcClientProtocolClient$AsyncStreamObservers$1.onNext(GrpcClientProtocolClient.java:308)
	at org.apache.ratis.thirdparty.io.grpc.stub.ClientCalls$StreamObserverToCallListenerAdapter.onMessage(ClientCalls.java:551)
	at org.apache.ratis.thirdparty.io.grpc.ForwardingClientCallListener.onMessage(ForwardingClientCallListener.java:33)
	at org.apache.ratis.thirdparty.io.grpc.internal.DelayedClientCall$DelayedListener.onMessage(DelayedClientCall.java:473)
	at org.apache.ratis.thirdparty.io.grpc.internal.ClientCallImpl$ClientStreamListenerImpl$1MessagesAvailable.runInternal(ClientCallImpl.java:661)
	at org.apache.ratis.thirdparty.io.grpc.internal.ClientCallImpl$ClientStreamListenerImpl$1MessagesAvailable.runInContext(ClientCallImpl.java:648)
	at org.apache.ratis.thirdparty.io.grpc.internal.ContextRunnable.run(ContextRunnable.java:37)
	at org.apache.ratis.thirdparty.io.grpc.internal.SerializingExecutor.run(SerializingExecutor.java:133)
	at java.base/java.util.concurrent.ThreadPoolExecutor.runWorker(ThreadPoolExecutor.java:1144)
	at java.base/java.util.concurrent.ThreadPoolExecutor$Worker.run(ThreadPoolExecutor.java:642)
	at java.base/java.lang.Thread.run(Thread.java:1583)
Caused by: org.apache.ratis.protocol.exceptions.NotLeaderException: Server 8eb9963e-bce0-4155-aea2-e442cadff8bd@group-715EBF8096A7 is not the leader
	at org.apache.ratis.client.impl.ClientProtoUtils.toRaftClientReply(ClientProtoUtils.java:402)
	at org.apache.ratis.grpc.client.GrpcClientProtocolClient$AsyncStreamObservers$1.onNext(GrpcClientProtocolClient.java:313)
	... 11 more
2025-09-19 20:43:43,184 [8eb9963e-bce0-4155-aea2-e442cadff8bd@group-A751954341BD-FollowerState] INFO  impl.FollowerState (FollowerState.java:runImpl(161)) - 8eb9963e-bce0-4155-aea2-e442cadff8bd@group-A751954341BD-FollowerState: change to CANDIDATE, lastRpcElapsedTime:1081256518ns, electionTimeout:1081ms
2025-09-19 20:43:43,185 [8eb9963e-bce0-4155-aea2-e442cadff8bd@group-A751954341BD-FollowerState] INFO  impl.RoleInfo (RoleInfo.java:shutdownFollowerState(121)) - 8eb9963e-bce0-4155-aea2-e442cadff8bd: shutdown 8eb9963e-bce0-4155-aea2-e442cadff8bd@group-A751954341BD-FollowerState
2025-09-19 20:43:43,185 [8eb9963e-bce0-4155-aea2-e442cadff8bd@group-A751954341BD-FollowerState] INFO  server.RaftServer$Division (RaftServerImpl.java:setRole(392)) - 8eb9963e-bce0-4155-aea2-e442cadff8bd@group-A751954341BD: changes role from  FOLLOWER to CANDIDATE at term 1 for changeToCandidate
2025-09-19 20:43:43,185 [8eb9963e-bce0-4155-aea2-e442cadff8bd@group-A751954341BD-FollowerState] INFO  impl.RoleInfo (RoleInfo.java:updateAndGet(148)) - 8eb9963e-bce0-4155-aea2-e442cadff8bd: start 8eb9963e-bce0-4155-aea2-e442cadff8bd@group-A751954341BD-LeaderElection63
2025-09-19 20:43:43,185 [8eb9963e-bce0-4155-aea2-e442cadff8bd@group-A751954341BD-LeaderElection63] INFO  impl.LeaderElection (LeaderElection.java:askForVotes(448)) - 8eb9963e-bce0-4155-aea2-e442cadff8bd@group-A751954341BD-LeaderElection63 PRE_VOTE round 0: submit vote requests at term 1 for conf: {index: 0, cur=peers:[b5a25cc1-46d3-4381-a194-bd68f4526f1c|127.0.0.1:15031, 0df1231c-9f8a-4757-a7d0-f6d7f53bc482|127.0.0.1:15023, 8eb9963e-bce0-4155-aea2-e442cadff8bd|127.0.0.1:15015]|listeners:[], old=null}
2025-09-19 20:43:43,186 [8eb9963e-bce0-4155-aea2-e442cadff8bd@group-A751954341BD-LeaderElection63] INFO  impl.LeaderElection (LogUtils.java:infoOrTrace(142)) - 8eb9963e-bce0-4155-aea2-e442cadff8bd@group-A751954341BD-LeaderElection63 got exception when requesting votes: java.util.concurrent.ExecutionException: org.apache.ratis.thirdparty.io.grpc.StatusRuntimeException: UNAVAILABLE: io exception
2025-09-19 20:43:43,186 [8eb9963e-bce0-4155-aea2-e442cadff8bd@group-A751954341BD-LeaderElection63] INFO  impl.LeaderElection (LogUtils.java:infoOrTrace(142)) - 8eb9963e-bce0-4155-aea2-e442cadff8bd@group-A751954341BD-LeaderElection63 got exception when requesting votes: java.util.concurrent.ExecutionException: org.apache.ratis.thirdparty.io.grpc.StatusRuntimeException: UNAVAILABLE: io exception
2025-09-19 20:43:43,186 [8eb9963e-bce0-4155-aea2-e442cadff8bd@group-A751954341BD-LeaderElection63] INFO  impl.LeaderElection (LeaderElection.java:logAndReturn(206)) - 8eb9963e-bce0-4155-aea2-e442cadff8bd@group-A751954341BD-LeaderElection63: PRE_VOTE REJECTED received 0 response(s) and 2 exception(s):
2025-09-19 20:43:43,186 [8eb9963e-bce0-4155-aea2-e442cadff8bd@group-A751954341BD-LeaderElection63] INFO  impl.LeaderElection (LogUtils.java:infoOrTrace(142)) -   Exception 0: java.util.concurrent.ExecutionException: org.apache.ratis.thirdparty.io.grpc.StatusRuntimeException: UNAVAILABLE: io exception
2025-09-19 20:43:43,186 [8eb9963e-bce0-4155-aea2-e442cadff8bd@group-A751954341BD-LeaderElection63] INFO  impl.LeaderElection (LogUtils.java:infoOrTrace(142)) -   Exception 1: java.util.concurrent.ExecutionException: org.apache.ratis.thirdparty.io.grpc.StatusRuntimeException: UNAVAILABLE: io exception
2025-09-19 20:43:43,186 [8eb9963e-bce0-4155-aea2-e442cadff8bd@group-A751954341BD-LeaderElection63] INFO  impl.LeaderElection (LeaderElection.java:askForVotes(450)) - 8eb9963e-bce0-4155-aea2-e442cadff8bd@group-A751954341BD-LeaderElection63 PRE_VOTE round 0: result REJECTED
2025-09-19 20:43:43,186 [8eb9963e-bce0-4155-aea2-e442cadff8bd@group-A751954341BD-LeaderElection63] INFO  server.RaftServer$Division (RaftServerImpl.java:setRole(392)) - 8eb9963e-bce0-4155-aea2-e442cadff8bd@group-A751954341BD: changes role from CANDIDATE to FOLLOWER at term 1 for REJECTED
2025-09-19 20:43:43,186 [8eb9963e-bce0-4155-aea2-e442cadff8bd@group-A751954341BD-LeaderElection63] INFO  impl.RoleInfo (RoleInfo.java:shutdownLeaderElection(141)) - 8eb9963e-bce0-4155-aea2-e442cadff8bd: shutdown 8eb9963e-bce0-4155-aea2-e442cadff8bd@group-A751954341BD-LeaderElection63
2025-09-19 20:43:43,186 [8eb9963e-bce0-4155-aea2-e442cadff8bd@group-A751954341BD-LeaderElection63] INFO  impl.RoleInfo (RoleInfo.java:updateAndGet(148)) - 8eb9963e-bce0-4155-aea2-e442cadff8bd: start 8eb9963e-bce0-4155-aea2-e442cadff8bd@group-A751954341BD-FollowerState
2025-09-19 20:43:43,587 [8eb9963e-bce0-4155-aea2-e442cadff8bd@group-715EBF8096A7-FollowerState] INFO  impl.FollowerState (FollowerState.java:runImpl(161)) - 8eb9963e-bce0-4155-aea2-e442cadff8bd@group-715EBF8096A7-FollowerState: change to CANDIDATE, lastRpcElapsedTime:1122233258ns, electionTimeout:1122ms
2025-09-19 20:43:43,587 [8eb9963e-bce0-4155-aea2-e442cadff8bd@group-715EBF8096A7-FollowerState] INFO  impl.RoleInfo (RoleInfo.java:shutdownFollowerState(121)) - 8eb9963e-bce0-4155-aea2-e442cadff8bd: shutdown 8eb9963e-bce0-4155-aea2-e442cadff8bd@group-715EBF8096A7-FollowerState
2025-09-19 20:43:43,587 [8eb9963e-bce0-4155-aea2-e442cadff8bd@group-715EBF8096A7-FollowerState] INFO  server.RaftServer$Division (RaftServerImpl.java:setRole(392)) - 8eb9963e-bce0-4155-aea2-e442cadff8bd@group-715EBF8096A7: changes role from  FOLLOWER to CANDIDATE at term 2 for changeToCandidate
2025-09-19 20:43:43,587 [8eb9963e-bce0-4155-aea2-e442cadff8bd@group-715EBF8096A7-FollowerState] INFO  impl.RoleInfo (RoleInfo.java:updateAndGet(148)) - 8eb9963e-bce0-4155-aea2-e442cadff8bd: start 8eb9963e-bce0-4155-aea2-e442cadff8bd@group-715EBF8096A7-LeaderElection64
2025-09-19 20:43:43,588 [8eb9963e-bce0-4155-aea2-e442cadff8bd@group-715EBF8096A7-LeaderElection64] INFO  impl.LeaderElection (LeaderElection.java:askForVotes(448)) - 8eb9963e-bce0-4155-aea2-e442cadff8bd@group-715EBF8096A7-LeaderElection64 PRE_VOTE round 0: submit vote requests at term 2 for conf: {index: 5, cur=peers:[b5a25cc1-46d3-4381-a194-bd68f4526f1c|127.0.0.1:15031, 0df1231c-9f8a-4757-a7d0-f6d7f53bc482|127.0.0.1:15023, 8eb9963e-bce0-4155-aea2-e442cadff8bd|127.0.0.1:15015]|listeners:[], old=null}
2025-09-19 20:43:43,588 [8eb9963e-bce0-4155-aea2-e442cadff8bd@group-715EBF8096A7-LeaderElection64] INFO  impl.LeaderElection (LogUtils.java:infoOrTrace(142)) - 8eb9963e-bce0-4155-aea2-e442cadff8bd@group-715EBF8096A7-LeaderElection64 got exception when requesting votes: java.util.concurrent.ExecutionException: org.apache.ratis.thirdparty.io.grpc.StatusRuntimeException: UNAVAILABLE: io exception
2025-09-19 20:43:43,588 [8eb9963e-bce0-4155-aea2-e442cadff8bd@group-715EBF8096A7-LeaderElection64] INFO  impl.LeaderElection (LogUtils.java:infoOrTrace(142)) - 8eb9963e-bce0-4155-aea2-e442cadff8bd@group-715EBF8096A7-LeaderElection64 got exception when requesting votes: java.util.concurrent.ExecutionException: org.apache.ratis.thirdparty.io.grpc.StatusRuntimeException: UNAVAILABLE: io exception
2025-09-19 20:43:43,588 [8eb9963e-bce0-4155-aea2-e442cadff8bd@group-715EBF8096A7-LeaderElection64] INFO  impl.LeaderElection (LeaderElection.java:logAndReturn(206)) - 8eb9963e-bce0-4155-aea2-e442cadff8bd@group-715EBF8096A7-LeaderElection64: PRE_VOTE REJECTED received 0 response(s) and 2 exception(s):
2025-09-19 20:43:43,588 [8eb9963e-bce0-4155-aea2-e442cadff8bd@group-715EBF8096A7-LeaderElection64] INFO  impl.LeaderElection (LogUtils.java:infoOrTrace(142)) -   Exception 0: java.util.concurrent.ExecutionException: org.apache.ratis.thirdparty.io.grpc.StatusRuntimeException: UNAVAILABLE: io exception
2025-09-19 20:43:43,588 [8eb9963e-bce0-4155-aea2-e442cadff8bd@group-715EBF8096A7-LeaderElection64] INFO  impl.LeaderElection (LogUtils.java:infoOrTrace(142)) -   Exception 1: java.util.concurrent.ExecutionException: org.apache.ratis.thirdparty.io.grpc.StatusRuntimeException: UNAVAILABLE: io exception
2025-09-19 20:43:43,589 [8eb9963e-bce0-4155-aea2-e442cadff8bd@group-715EBF8096A7-LeaderElection64] INFO  impl.LeaderElection (LeaderElection.java:askForVotes(450)) - 8eb9963e-bce0-4155-aea2-e442cadff8bd@group-715EBF8096A7-LeaderElection64 PRE_VOTE round 0: result REJECTED
2025-09-19 20:43:43,589 [8eb9963e-bce0-4155-aea2-e442cadff8bd@group-715EBF8096A7-LeaderElection64] INFO  server.RaftServer$Division (RaftServerImpl.java:setRole(392)) - 8eb9963e-bce0-4155-aea2-e442cadff8bd@group-715EBF8096A7: changes role from CANDIDATE to FOLLOWER at term 2 for REJECTED
2025-09-19 20:43:43,589 [8eb9963e-bce0-4155-aea2-e442cadff8bd@group-715EBF8096A7-LeaderElection64] INFO  impl.RoleInfo (RoleInfo.java:shutdownLeaderElection(141)) - 8eb9963e-bce0-4155-aea2-e442cadff8bd: shutdown 8eb9963e-bce0-4155-aea2-e442cadff8bd@group-715EBF8096A7-LeaderElection64
2025-09-19 20:43:43,589 [8eb9963e-bce0-4155-aea2-e442cadff8bd@group-715EBF8096A7-LeaderElection64] INFO  impl.RoleInfo (RoleInfo.java:updateAndGet(148)) - 8eb9963e-bce0-4155-aea2-e442cadff8bd: start 8eb9963e-bce0-4155-aea2-e442cadff8bd@group-715EBF8096A7-FollowerState
2025-09-19 20:43:44,213 [8eb9963e-bce0-4155-aea2-e442cadff8bd@group-A751954341BD-FollowerState] INFO  impl.FollowerState (FollowerState.java:runImpl(161)) - 8eb9963e-bce0-4155-aea2-e442cadff8bd@group-A751954341BD-FollowerState: change to CANDIDATE, lastRpcElapsedTime:1027267703ns, electionTimeout:1027ms
2025-09-19 20:43:44,213 [8eb9963e-bce0-4155-aea2-e442cadff8bd@group-A751954341BD-FollowerState] INFO  impl.RoleInfo (RoleInfo.java:shutdownFollowerState(121)) - 8eb9963e-bce0-4155-aea2-e442cadff8bd: shutdown 8eb9963e-bce0-4155-aea2-e442cadff8bd@group-A751954341BD-FollowerState
2025-09-19 20:43:44,213 [8eb9963e-bce0-4155-aea2-e442cadff8bd@group-A751954341BD-FollowerState] INFO  server.RaftServer$Division (RaftServerImpl.java:setRole(392)) - 8eb9963e-bce0-4155-aea2-e442cadff8bd@group-A751954341BD: changes role from  FOLLOWER to CANDIDATE at term 1 for changeToCandidate
2025-09-19 20:43:44,214 [8eb9963e-bce0-4155-aea2-e442cadff8bd@group-A751954341BD-FollowerState] INFO  impl.RoleInfo (RoleInfo.java:updateAndGet(148)) - 8eb9963e-bce0-4155-aea2-e442cadff8bd: start 8eb9963e-bce0-4155-aea2-e442cadff8bd@group-A751954341BD-LeaderElection65
2025-09-19 20:43:44,214 [8eb9963e-bce0-4155-aea2-e442cadff8bd@group-A751954341BD-LeaderElection65] INFO  impl.LeaderElection (LeaderElection.java:askForVotes(448)) - 8eb9963e-bce0-4155-aea2-e442cadff8bd@group-A751954341BD-LeaderElection65 PRE_VOTE round 0: submit vote requests at term 1 for conf: {index: 0, cur=peers:[b5a25cc1-46d3-4381-a194-bd68f4526f1c|127.0.0.1:15031, 0df1231c-9f8a-4757-a7d0-f6d7f53bc482|127.0.0.1:15023, 8eb9963e-bce0-4155-aea2-e442cadff8bd|127.0.0.1:15015]|listeners:[], old=null}
2025-09-19 20:43:44,215 [8eb9963e-bce0-4155-aea2-e442cadff8bd@group-A751954341BD-LeaderElection65] INFO  impl.LeaderElection (LogUtils.java:infoOrTrace(142)) - 8eb9963e-bce0-4155-aea2-e442cadff8bd@group-A751954341BD-LeaderElection65 got exception when requesting votes: java.util.concurrent.ExecutionException: org.apache.ratis.thirdparty.io.grpc.StatusRuntimeException: UNAVAILABLE: io exception
2025-09-19 20:43:44,215 [8eb9963e-bce0-4155-aea2-e442cadff8bd@group-A751954341BD-LeaderElection65] INFO  impl.LeaderElection (LogUtils.java:infoOrTrace(142)) - 8eb9963e-bce0-4155-aea2-e442cadff8bd@group-A751954341BD-LeaderElection65 got exception when requesting votes: java.util.concurrent.ExecutionException: org.apache.ratis.thirdparty.io.grpc.StatusRuntimeException: UNAVAILABLE: io exception
2025-09-19 20:43:44,215 [8eb9963e-bce0-4155-aea2-e442cadff8bd@group-A751954341BD-LeaderElection65] INFO  impl.LeaderElection (LeaderElection.java:logAndReturn(206)) - 8eb9963e-bce0-4155-aea2-e442cadff8bd@group-A751954341BD-LeaderElection65: PRE_VOTE REJECTED received 0 response(s) and 2 exception(s):
2025-09-19 20:43:44,215 [8eb9963e-bce0-4155-aea2-e442cadff8bd@group-A751954341BD-LeaderElection65] INFO  impl.LeaderElection (LogUtils.java:infoOrTrace(142)) -   Exception 0: java.util.concurrent.ExecutionException: org.apache.ratis.thirdparty.io.grpc.StatusRuntimeException: UNAVAILABLE: io exception
2025-09-19 20:43:44,215 [8eb9963e-bce0-4155-aea2-e442cadff8bd@group-A751954341BD-LeaderElection65] INFO  impl.LeaderElection (LogUtils.java:infoOrTrace(142)) -   Exception 1: java.util.concurrent.ExecutionException: org.apache.ratis.thirdparty.io.grpc.StatusRuntimeException: UNAVAILABLE: io exception
2025-09-19 20:43:44,215 [8eb9963e-bce0-4155-aea2-e442cadff8bd@group-A751954341BD-LeaderElection65] INFO  impl.LeaderElection (LeaderElection.java:askForVotes(450)) - 8eb9963e-bce0-4155-aea2-e442cadff8bd@group-A751954341BD-LeaderElection65 PRE_VOTE round 0: result REJECTED
2025-09-19 20:43:44,215 [8eb9963e-bce0-4155-aea2-e442cadff8bd@group-A751954341BD-LeaderElection65] INFO  server.RaftServer$Division (RaftServerImpl.java:setRole(392)) - 8eb9963e-bce0-4155-aea2-e442cadff8bd@group-A751954341BD: changes role from CANDIDATE to FOLLOWER at term 1 for REJECTED
2025-09-19 20:43:44,215 [8eb9963e-bce0-4155-aea2-e442cadff8bd@group-A751954341BD-LeaderElection65] INFO  impl.RoleInfo (RoleInfo.java:shutdownLeaderElection(141)) - 8eb9963e-bce0-4155-aea2-e442cadff8bd: shutdown 8eb9963e-bce0-4155-aea2-e442cadff8bd@group-A751954341BD-LeaderElection65
2025-09-19 20:43:44,215 [8eb9963e-bce0-4155-aea2-e442cadff8bd@group-A751954341BD-LeaderElection65] INFO  impl.RoleInfo (RoleInfo.java:updateAndGet(148)) - 8eb9963e-bce0-4155-aea2-e442cadff8bd: start 8eb9963e-bce0-4155-aea2-e442cadff8bd@group-A751954341BD-FollowerState
2025-09-19 20:43:44,680 [8eb9963e-bce0-4155-aea2-e442cadff8bd@group-715EBF8096A7-FollowerState] INFO  impl.FollowerState (FollowerState.java:runImpl(161)) - 8eb9963e-bce0-4155-aea2-e442cadff8bd@group-715EBF8096A7-FollowerState: change to CANDIDATE, lastRpcElapsedTime:1091279505ns, electionTimeout:1091ms
2025-09-19 20:43:44,680 [8eb9963e-bce0-4155-aea2-e442cadff8bd@group-715EBF8096A7-FollowerState] INFO  impl.RoleInfo (RoleInfo.java:shutdownFollowerState(121)) - 8eb9963e-bce0-4155-aea2-e442cadff8bd: shutdown 8eb9963e-bce0-4155-aea2-e442cadff8bd@group-715EBF8096A7-FollowerState
2025-09-19 20:43:44,680 [8eb9963e-bce0-4155-aea2-e442cadff8bd@group-715EBF8096A7-FollowerState] INFO  server.RaftServer$Division (RaftServerImpl.java:setRole(392)) - 8eb9963e-bce0-4155-aea2-e442cadff8bd@group-715EBF8096A7: changes role from  FOLLOWER to CANDIDATE at term 2 for changeToCandidate
2025-09-19 20:43:44,681 [8eb9963e-bce0-4155-aea2-e442cadff8bd@group-715EBF8096A7-FollowerState] INFO  impl.RoleInfo (RoleInfo.java:updateAndGet(148)) - 8eb9963e-bce0-4155-aea2-e442cadff8bd: start 8eb9963e-bce0-4155-aea2-e442cadff8bd@group-715EBF8096A7-LeaderElection66
2025-09-19 20:43:44,681 [8eb9963e-bce0-4155-aea2-e442cadff8bd@group-715EBF8096A7-LeaderElection66] INFO  impl.LeaderElection (LeaderElection.java:askForVotes(448)) - 8eb9963e-bce0-4155-aea2-e442cadff8bd@group-715EBF8096A7-LeaderElection66 PRE_VOTE round 0: submit vote requests at term 2 for conf: {index: 5, cur=peers:[b5a25cc1-46d3-4381-a194-bd68f4526f1c|127.0.0.1:15031, 0df1231c-9f8a-4757-a7d0-f6d7f53bc482|127.0.0.1:15023, 8eb9963e-bce0-4155-aea2-e442cadff8bd|127.0.0.1:15015]|listeners:[], old=null}
2025-09-19 20:43:44,682 [8eb9963e-bce0-4155-aea2-e442cadff8bd@group-715EBF8096A7-LeaderElection66] INFO  impl.LeaderElection (LogUtils.java:infoOrTrace(142)) - 8eb9963e-bce0-4155-aea2-e442cadff8bd@group-715EBF8096A7-LeaderElection66 got exception when requesting votes: java.util.concurrent.ExecutionException: org.apache.ratis.thirdparty.io.grpc.StatusRuntimeException: UNAVAILABLE: io exception
2025-09-19 20:43:44,682 [8eb9963e-bce0-4155-aea2-e442cadff8bd@group-715EBF8096A7-LeaderElection66] INFO  impl.LeaderElection (LogUtils.java:infoOrTrace(142)) - 8eb9963e-bce0-4155-aea2-e442cadff8bd@group-715EBF8096A7-LeaderElection66 got exception when requesting votes: java.util.concurrent.ExecutionException: org.apache.ratis.thirdparty.io.grpc.StatusRuntimeException: UNAVAILABLE: io exception
2025-09-19 20:43:44,682 [8eb9963e-bce0-4155-aea2-e442cadff8bd@group-715EBF8096A7-LeaderElection66] INFO  impl.LeaderElection (LeaderElection.java:logAndReturn(206)) - 8eb9963e-bce0-4155-aea2-e442cadff8bd@group-715EBF8096A7-LeaderElection66: PRE_VOTE REJECTED received 0 response(s) and 2 exception(s):
2025-09-19 20:43:44,682 [8eb9963e-bce0-4155-aea2-e442cadff8bd@group-715EBF8096A7-LeaderElection66] INFO  impl.LeaderElection (LogUtils.java:infoOrTrace(142)) -   Exception 0: java.util.concurrent.ExecutionException: org.apache.ratis.thirdparty.io.grpc.StatusRuntimeException: UNAVAILABLE: io exception
2025-09-19 20:43:44,682 [8eb9963e-bce0-4155-aea2-e442cadff8bd@group-715EBF8096A7-LeaderElection66] INFO  impl.LeaderElection (LogUtils.java:infoOrTrace(142)) -   Exception 1: java.util.concurrent.ExecutionException: org.apache.ratis.thirdparty.io.grpc.StatusRuntimeException: UNAVAILABLE: io exception
2025-09-19 20:43:44,682 [8eb9963e-bce0-4155-aea2-e442cadff8bd@group-715EBF8096A7-LeaderElection66] INFO  impl.LeaderElection (LeaderElection.java:askForVotes(450)) - 8eb9963e-bce0-4155-aea2-e442cadff8bd@group-715EBF8096A7-LeaderElection66 PRE_VOTE round 0: result REJECTED
2025-09-19 20:43:44,683 [8eb9963e-bce0-4155-aea2-e442cadff8bd@group-715EBF8096A7-LeaderElection66] INFO  server.RaftServer$Division (RaftServerImpl.java:setRole(392)) - 8eb9963e-bce0-4155-aea2-e442cadff8bd@group-715EBF8096A7: changes role from CANDIDATE to FOLLOWER at term 2 for REJECTED
2025-09-19 20:43:44,683 [8eb9963e-bce0-4155-aea2-e442cadff8bd@group-715EBF8096A7-LeaderElection66] INFO  impl.RoleInfo (RoleInfo.java:shutdownLeaderElection(141)) - 8eb9963e-bce0-4155-aea2-e442cadff8bd: shutdown 8eb9963e-bce0-4155-aea2-e442cadff8bd@group-715EBF8096A7-LeaderElection66
2025-09-19 20:43:44,683 [8eb9963e-bce0-4155-aea2-e442cadff8bd@group-715EBF8096A7-LeaderElection66] INFO  impl.RoleInfo (RoleInfo.java:updateAndGet(148)) - 8eb9963e-bce0-4155-aea2-e442cadff8bd: start 8eb9963e-bce0-4155-aea2-e442cadff8bd@group-715EBF8096A7-FollowerState
2025-09-19 20:43:45,336 [8eb9963e-bce0-4155-aea2-e442cadff8bd@group-A751954341BD-FollowerState] INFO  impl.FollowerState (FollowerState.java:runImpl(161)) - 8eb9963e-bce0-4155-aea2-e442cadff8bd@group-A751954341BD-FollowerState: change to CANDIDATE, lastRpcElapsedTime:1120361802ns, electionTimeout:1120ms
2025-09-19 20:43:45,336 [8eb9963e-bce0-4155-aea2-e442cadff8bd@group-A751954341BD-FollowerState] INFO  impl.RoleInfo (RoleInfo.java:shutdownFollowerState(121)) - 8eb9963e-bce0-4155-aea2-e442cadff8bd: shutdown 8eb9963e-bce0-4155-aea2-e442cadff8bd@group-A751954341BD-FollowerState
2025-09-19 20:43:45,336 [8eb9963e-bce0-4155-aea2-e442cadff8bd@group-A751954341BD-FollowerState] INFO  server.RaftServer$Division (RaftServerImpl.java:setRole(392)) - 8eb9963e-bce0-4155-aea2-e442cadff8bd@group-A751954341BD: changes role from  FOLLOWER to CANDIDATE at term 1 for changeToCandidate
2025-09-19 20:43:45,336 [8eb9963e-bce0-4155-aea2-e442cadff8bd@group-A751954341BD-FollowerState] INFO  impl.RoleInfo (RoleInfo.java:updateAndGet(148)) - 8eb9963e-bce0-4155-aea2-e442cadff8bd: start 8eb9963e-bce0-4155-aea2-e442cadff8bd@group-A751954341BD-LeaderElection67
2025-09-19 20:43:45,336 [8eb9963e-bce0-4155-aea2-e442cadff8bd@group-A751954341BD-LeaderElection67] INFO  impl.LeaderElection (LeaderElection.java:askForVotes(448)) - 8eb9963e-bce0-4155-aea2-e442cadff8bd@group-A751954341BD-LeaderElection67 PRE_VOTE round 0: submit vote requests at term 1 for conf: {index: 0, cur=peers:[b5a25cc1-46d3-4381-a194-bd68f4526f1c|127.0.0.1:15031, 0df1231c-9f8a-4757-a7d0-f6d7f53bc482|127.0.0.1:15023, 8eb9963e-bce0-4155-aea2-e442cadff8bd|127.0.0.1:15015]|listeners:[], old=null}
2025-09-19 20:43:45,337 [8eb9963e-bce0-4155-aea2-e442cadff8bd@group-A751954341BD-LeaderElection67] INFO  impl.LeaderElection (LogUtils.java:infoOrTrace(142)) - 8eb9963e-bce0-4155-aea2-e442cadff8bd@group-A751954341BD-LeaderElection67 got exception when requesting votes: java.util.concurrent.ExecutionException: org.apache.ratis.thirdparty.io.grpc.StatusRuntimeException: UNAVAILABLE: io exception
2025-09-19 20:43:45,337 [8eb9963e-bce0-4155-aea2-e442cadff8bd@group-A751954341BD-LeaderElection67] INFO  impl.LeaderElection (LogUtils.java:infoOrTrace(142)) - 8eb9963e-bce0-4155-aea2-e442cadff8bd@group-A751954341BD-LeaderElection67 got exception when requesting votes: java.util.concurrent.ExecutionException: org.apache.ratis.thirdparty.io.grpc.StatusRuntimeException: UNAVAILABLE: io exception
2025-09-19 20:43:45,337 [8eb9963e-bce0-4155-aea2-e442cadff8bd@group-A751954341BD-LeaderElection67] INFO  impl.LeaderElection (LeaderElection.java:logAndReturn(206)) - 8eb9963e-bce0-4155-aea2-e442cadff8bd@group-A751954341BD-LeaderElection67: PRE_VOTE REJECTED received 0 response(s) and 2 exception(s):
2025-09-19 20:43:45,337 [8eb9963e-bce0-4155-aea2-e442cadff8bd@group-A751954341BD-LeaderElection67] INFO  impl.LeaderElection (LogUtils.java:infoOrTrace(142)) -   Exception 0: java.util.concurrent.ExecutionException: org.apache.ratis.thirdparty.io.grpc.StatusRuntimeException: UNAVAILABLE: io exception
2025-09-19 20:43:45,337 [8eb9963e-bce0-4155-aea2-e442cadff8bd@group-A751954341BD-LeaderElection67] INFO  impl.LeaderElection (LogUtils.java:infoOrTrace(142)) -   Exception 1: java.util.concurrent.ExecutionException: org.apache.ratis.thirdparty.io.grpc.StatusRuntimeException: UNAVAILABLE: io exception
2025-09-19 20:43:45,337 [8eb9963e-bce0-4155-aea2-e442cadff8bd@group-A751954341BD-LeaderElection67] INFO  impl.LeaderElection (LeaderElection.java:askForVotes(450)) - 8eb9963e-bce0-4155-aea2-e442cadff8bd@group-A751954341BD-LeaderElection67 PRE_VOTE round 0: result REJECTED
2025-09-19 20:43:45,337 [8eb9963e-bce0-4155-aea2-e442cadff8bd@group-A751954341BD-LeaderElection67] INFO  server.RaftServer$Division (RaftServerImpl.java:setRole(392)) - 8eb9963e-bce0-4155-aea2-e442cadff8bd@group-A751954341BD: changes role from CANDIDATE to FOLLOWER at term 1 for REJECTED
2025-09-19 20:43:45,338 [8eb9963e-bce0-4155-aea2-e442cadff8bd@group-A751954341BD-LeaderElection67] INFO  impl.RoleInfo (RoleInfo.java:shutdownLeaderElection(141)) - 8eb9963e-bce0-4155-aea2-e442cadff8bd: shutdown 8eb9963e-bce0-4155-aea2-e442cadff8bd@group-A751954341BD-LeaderElection67
2025-09-19 20:43:45,338 [8eb9963e-bce0-4155-aea2-e442cadff8bd@group-A751954341BD-LeaderElection67] INFO  impl.RoleInfo (RoleInfo.java:updateAndGet(148)) - 8eb9963e-bce0-4155-aea2-e442cadff8bd: start 8eb9963e-bce0-4155-aea2-e442cadff8bd@group-A751954341BD-FollowerState
2025-09-19 20:43:45,856 [8eb9963e-bce0-4155-aea2-e442cadff8bd@group-715EBF8096A7-FollowerState] INFO  impl.FollowerState (FollowerState.java:runImpl(161)) - 8eb9963e-bce0-4155-aea2-e442cadff8bd@group-715EBF8096A7-FollowerState: change to CANDIDATE, lastRpcElapsedTime:1173258641ns, electionTimeout:1173ms
2025-09-19 20:43:45,856 [8eb9963e-bce0-4155-aea2-e442cadff8bd@group-715EBF8096A7-FollowerState] INFO  impl.RoleInfo (RoleInfo.java:shutdownFollowerState(121)) - 8eb9963e-bce0-4155-aea2-e442cadff8bd: shutdown 8eb9963e-bce0-4155-aea2-e442cadff8bd@group-715EBF8096A7-FollowerState
2025-09-19 20:43:45,856 [8eb9963e-bce0-4155-aea2-e442cadff8bd@group-715EBF8096A7-FollowerState] INFO  server.RaftServer$Division (RaftServerImpl.java:setRole(392)) - 8eb9963e-bce0-4155-aea2-e442cadff8bd@group-715EBF8096A7: changes role from  FOLLOWER to CANDIDATE at term 2 for changeToCandidate
2025-09-19 20:43:45,856 [8eb9963e-bce0-4155-aea2-e442cadff8bd@group-715EBF8096A7-FollowerState] INFO  impl.RoleInfo (RoleInfo.java:updateAndGet(148)) - 8eb9963e-bce0-4155-aea2-e442cadff8bd: start 8eb9963e-bce0-4155-aea2-e442cadff8bd@group-715EBF8096A7-LeaderElection68
2025-09-19 20:43:45,857 [8eb9963e-bce0-4155-aea2-e442cadff8bd@group-715EBF8096A7-LeaderElection68] INFO  impl.LeaderElection (LeaderElection.java:askForVotes(448)) - 8eb9963e-bce0-4155-aea2-e442cadff8bd@group-715EBF8096A7-LeaderElection68 PRE_VOTE round 0: submit vote requests at term 2 for conf: {index: 5, cur=peers:[b5a25cc1-46d3-4381-a194-bd68f4526f1c|127.0.0.1:15031, 0df1231c-9f8a-4757-a7d0-f6d7f53bc482|127.0.0.1:15023, 8eb9963e-bce0-4155-aea2-e442cadff8bd|127.0.0.1:15015]|listeners:[], old=null}
2025-09-19 20:43:45,857 [8eb9963e-bce0-4155-aea2-e442cadff8bd@group-715EBF8096A7-LeaderElection68] INFO  impl.LeaderElection (LogUtils.java:infoOrTrace(142)) - 8eb9963e-bce0-4155-aea2-e442cadff8bd@group-715EBF8096A7-LeaderElection68 got exception when requesting votes: java.util.concurrent.ExecutionException: org.apache.ratis.thirdparty.io.grpc.StatusRuntimeException: UNAVAILABLE: io exception
2025-09-19 20:43:45,857 [8eb9963e-bce0-4155-aea2-e442cadff8bd@group-715EBF8096A7-LeaderElection68] INFO  impl.LeaderElection (LogUtils.java:infoOrTrace(142)) - 8eb9963e-bce0-4155-aea2-e442cadff8bd@group-715EBF8096A7-LeaderElection68 got exception when requesting votes: java.util.concurrent.ExecutionException: org.apache.ratis.thirdparty.io.grpc.StatusRuntimeException: UNAVAILABLE: io exception
2025-09-19 20:43:45,858 [8eb9963e-bce0-4155-aea2-e442cadff8bd@group-715EBF8096A7-LeaderElection68] INFO  impl.LeaderElection (LeaderElection.java:logAndReturn(206)) - 8eb9963e-bce0-4155-aea2-e442cadff8bd@group-715EBF8096A7-LeaderElection68: PRE_VOTE REJECTED received 0 response(s) and 2 exception(s):
2025-09-19 20:43:45,858 [8eb9963e-bce0-4155-aea2-e442cadff8bd@group-715EBF8096A7-LeaderElection68] INFO  impl.LeaderElection (LogUtils.java:infoOrTrace(142)) -   Exception 0: java.util.concurrent.ExecutionException: org.apache.ratis.thirdparty.io.grpc.StatusRuntimeException: UNAVAILABLE: io exception
2025-09-19 20:43:45,858 [8eb9963e-bce0-4155-aea2-e442cadff8bd@group-715EBF8096A7-LeaderElection68] INFO  impl.LeaderElection (LogUtils.java:infoOrTrace(142)) -   Exception 1: java.util.concurrent.ExecutionException: org.apache.ratis.thirdparty.io.grpc.StatusRuntimeException: UNAVAILABLE: io exception
2025-09-19 20:43:45,858 [8eb9963e-bce0-4155-aea2-e442cadff8bd@group-715EBF8096A7-LeaderElection68] INFO  impl.LeaderElection (LeaderElection.java:askForVotes(450)) - 8eb9963e-bce0-4155-aea2-e442cadff8bd@group-715EBF8096A7-LeaderElection68 PRE_VOTE round 0: result REJECTED
2025-09-19 20:43:45,858 [8eb9963e-bce0-4155-aea2-e442cadff8bd@group-715EBF8096A7-LeaderElection68] INFO  server.RaftServer$Division (RaftServerImpl.java:setRole(392)) - 8eb9963e-bce0-4155-aea2-e442cadff8bd@group-715EBF8096A7: changes role from CANDIDATE to FOLLOWER at term 2 for REJECTED
2025-09-19 20:43:45,858 [8eb9963e-bce0-4155-aea2-e442cadff8bd@group-715EBF8096A7-LeaderElection68] INFO  impl.RoleInfo (RoleInfo.java:shutdownLeaderElection(141)) - 8eb9963e-bce0-4155-aea2-e442cadff8bd: shutdown 8eb9963e-bce0-4155-aea2-e442cadff8bd@group-715EBF8096A7-LeaderElection68
2025-09-19 20:43:45,858 [8eb9963e-bce0-4155-aea2-e442cadff8bd@group-715EBF8096A7-LeaderElection68] INFO  impl.RoleInfo (RoleInfo.java:updateAndGet(148)) - 8eb9963e-bce0-4155-aea2-e442cadff8bd: start 8eb9963e-bce0-4155-aea2-e442cadff8bd@group-715EBF8096A7-FollowerState
2025-09-19 20:43:46,531 [8eb9963e-bce0-4155-aea2-e442cadff8bd@group-A751954341BD-FollowerState] INFO  impl.FollowerState (FollowerState.java:runImpl(161)) - 8eb9963e-bce0-4155-aea2-e442cadff8bd@group-A751954341BD-FollowerState: change to CANDIDATE, lastRpcElapsedTime:1193316046ns, electionTimeout:1193ms
2025-09-19 20:43:46,531 [8eb9963e-bce0-4155-aea2-e442cadff8bd@group-A751954341BD-FollowerState] INFO  impl.RoleInfo (RoleInfo.java:shutdownFollowerState(121)) - 8eb9963e-bce0-4155-aea2-e442cadff8bd: shutdown 8eb9963e-bce0-4155-aea2-e442cadff8bd@group-A751954341BD-FollowerState
2025-09-19 20:43:46,531 [8eb9963e-bce0-4155-aea2-e442cadff8bd@group-A751954341BD-FollowerState] INFO  server.RaftServer$Division (RaftServerImpl.java:setRole(392)) - 8eb9963e-bce0-4155-aea2-e442cadff8bd@group-A751954341BD: changes role from  FOLLOWER to CANDIDATE at term 1 for changeToCandidate
2025-09-19 20:43:46,531 [8eb9963e-bce0-4155-aea2-e442cadff8bd@group-A751954341BD-FollowerState] INFO  impl.RoleInfo (RoleInfo.java:updateAndGet(148)) - 8eb9963e-bce0-4155-aea2-e442cadff8bd: start 8eb9963e-bce0-4155-aea2-e442cadff8bd@group-A751954341BD-LeaderElection69
2025-09-19 20:43:46,532 [8eb9963e-bce0-4155-aea2-e442cadff8bd@group-A751954341BD-LeaderElection69] INFO  impl.LeaderElection (LeaderElection.java:askForVotes(448)) - 8eb9963e-bce0-4155-aea2-e442cadff8bd@group-A751954341BD-LeaderElection69 PRE_VOTE round 0: submit vote requests at term 1 for conf: {index: 0, cur=peers:[b5a25cc1-46d3-4381-a194-bd68f4526f1c|127.0.0.1:15031, 0df1231c-9f8a-4757-a7d0-f6d7f53bc482|127.0.0.1:15023, 8eb9963e-bce0-4155-aea2-e442cadff8bd|127.0.0.1:15015]|listeners:[], old=null}
2025-09-19 20:43:46,532 [8eb9963e-bce0-4155-aea2-e442cadff8bd@group-A751954341BD-LeaderElection69] INFO  impl.LeaderElection (LogUtils.java:infoOrTrace(142)) - 8eb9963e-bce0-4155-aea2-e442cadff8bd@group-A751954341BD-LeaderElection69 got exception when requesting votes: java.util.concurrent.ExecutionException: org.apache.ratis.thirdparty.io.grpc.StatusRuntimeException: UNAVAILABLE: io exception
2025-09-19 20:43:46,532 [8eb9963e-bce0-4155-aea2-e442cadff8bd@group-A751954341BD-LeaderElection69] INFO  impl.LeaderElection (LogUtils.java:infoOrTrace(142)) - 8eb9963e-bce0-4155-aea2-e442cadff8bd@group-A751954341BD-LeaderElection69 got exception when requesting votes: java.util.concurrent.ExecutionException: org.apache.ratis.thirdparty.io.grpc.StatusRuntimeException: UNAVAILABLE: io exception
2025-09-19 20:43:46,532 [8eb9963e-bce0-4155-aea2-e442cadff8bd@group-A751954341BD-LeaderElection69] INFO  impl.LeaderElection (LeaderElection.java:logAndReturn(206)) - 8eb9963e-bce0-4155-aea2-e442cadff8bd@group-A751954341BD-LeaderElection69: PRE_VOTE REJECTED received 0 response(s) and 2 exception(s):
2025-09-19 20:43:46,532 [8eb9963e-bce0-4155-aea2-e442cadff8bd@group-A751954341BD-LeaderElection69] INFO  impl.LeaderElection (LogUtils.java:infoOrTrace(142)) -   Exception 0: java.util.concurrent.ExecutionException: org.apache.ratis.thirdparty.io.grpc.StatusRuntimeException: UNAVAILABLE: io exception
2025-09-19 20:43:46,533 [8eb9963e-bce0-4155-aea2-e442cadff8bd@group-A751954341BD-LeaderElection69] INFO  impl.LeaderElection (LogUtils.java:infoOrTrace(142)) -   Exception 1: java.util.concurrent.ExecutionException: org.apache.ratis.thirdparty.io.grpc.StatusRuntimeException: UNAVAILABLE: io exception
2025-09-19 20:43:46,533 [8eb9963e-bce0-4155-aea2-e442cadff8bd@group-A751954341BD-LeaderElection69] INFO  impl.LeaderElection (LeaderElection.java:askForVotes(450)) - 8eb9963e-bce0-4155-aea2-e442cadff8bd@group-A751954341BD-LeaderElection69 PRE_VOTE round 0: result REJECTED
2025-09-19 20:43:46,533 [8eb9963e-bce0-4155-aea2-e442cadff8bd@group-A751954341BD-LeaderElection69] INFO  server.RaftServer$Division (RaftServerImpl.java:setRole(392)) - 8eb9963e-bce0-4155-aea2-e442cadff8bd@group-A751954341BD: changes role from CANDIDATE to FOLLOWER at term 1 for REJECTED
2025-09-19 20:43:46,533 [8eb9963e-bce0-4155-aea2-e442cadff8bd@group-A751954341BD-LeaderElection69] INFO  impl.RoleInfo (RoleInfo.java:shutdownLeaderElection(141)) - 8eb9963e-bce0-4155-aea2-e442cadff8bd: shutdown 8eb9963e-bce0-4155-aea2-e442cadff8bd@group-A751954341BD-LeaderElection69
2025-09-19 20:43:46,533 [8eb9963e-bce0-4155-aea2-e442cadff8bd@group-A751954341BD-LeaderElection69] INFO  impl.RoleInfo (RoleInfo.java:updateAndGet(148)) - 8eb9963e-bce0-4155-aea2-e442cadff8bd: start 8eb9963e-bce0-4155-aea2-e442cadff8bd@group-A751954341BD-FollowerState
2025-09-19 20:43:46,991 [8eb9963e-bce0-4155-aea2-e442cadff8bd@group-715EBF8096A7-FollowerState] INFO  impl.FollowerState (FollowerState.java:runImpl(161)) - 8eb9963e-bce0-4155-aea2-e442cadff8bd@group-715EBF8096A7-FollowerState: change to CANDIDATE, lastRpcElapsedTime:1133288508ns, electionTimeout:1133ms
2025-09-19 20:43:46,991 [8eb9963e-bce0-4155-aea2-e442cadff8bd@group-715EBF8096A7-FollowerState] INFO  impl.RoleInfo (RoleInfo.java:shutdownFollowerState(121)) - 8eb9963e-bce0-4155-aea2-e442cadff8bd: shutdown 8eb9963e-bce0-4155-aea2-e442cadff8bd@group-715EBF8096A7-FollowerState
2025-09-19 20:43:46,991 [8eb9963e-bce0-4155-aea2-e442cadff8bd@group-715EBF8096A7-FollowerState] INFO  server.RaftServer$Division (RaftServerImpl.java:setRole(392)) - 8eb9963e-bce0-4155-aea2-e442cadff8bd@group-715EBF8096A7: changes role from  FOLLOWER to CANDIDATE at term 2 for changeToCandidate
2025-09-19 20:43:46,992 [8eb9963e-bce0-4155-aea2-e442cadff8bd@group-715EBF8096A7-FollowerState] INFO  impl.RoleInfo (RoleInfo.java:updateAndGet(148)) - 8eb9963e-bce0-4155-aea2-e442cadff8bd: start 8eb9963e-bce0-4155-aea2-e442cadff8bd@group-715EBF8096A7-LeaderElection70
2025-09-19 20:43:46,992 [8eb9963e-bce0-4155-aea2-e442cadff8bd@group-715EBF8096A7-LeaderElection70] INFO  impl.LeaderElection (LeaderElection.java:askForVotes(448)) - 8eb9963e-bce0-4155-aea2-e442cadff8bd@group-715EBF8096A7-LeaderElection70 PRE_VOTE round 0: submit vote requests at term 2 for conf: {index: 5, cur=peers:[b5a25cc1-46d3-4381-a194-bd68f4526f1c|127.0.0.1:15031, 0df1231c-9f8a-4757-a7d0-f6d7f53bc482|127.0.0.1:15023, 8eb9963e-bce0-4155-aea2-e442cadff8bd|127.0.0.1:15015]|listeners:[], old=null}
2025-09-19 20:43:46,992 [8eb9963e-bce0-4155-aea2-e442cadff8bd@group-715EBF8096A7-LeaderElection70] INFO  impl.LeaderElection (LogUtils.java:infoOrTrace(142)) - 8eb9963e-bce0-4155-aea2-e442cadff8bd@group-715EBF8096A7-LeaderElection70 got exception when requesting votes: java.util.concurrent.ExecutionException: org.apache.ratis.thirdparty.io.grpc.StatusRuntimeException: UNAVAILABLE: io exception
2025-09-19 20:43:46,992 [8eb9963e-bce0-4155-aea2-e442cadff8bd@group-715EBF8096A7-LeaderElection70] INFO  impl.LeaderElection (LogUtils.java:infoOrTrace(142)) - 8eb9963e-bce0-4155-aea2-e442cadff8bd@group-715EBF8096A7-LeaderElection70 got exception when requesting votes: java.util.concurrent.ExecutionException: org.apache.ratis.thirdparty.io.grpc.StatusRuntimeException: UNAVAILABLE: io exception
2025-09-19 20:43:46,992 [8eb9963e-bce0-4155-aea2-e442cadff8bd@group-715EBF8096A7-LeaderElection70] INFO  impl.LeaderElection (LeaderElection.java:logAndReturn(206)) - 8eb9963e-bce0-4155-aea2-e442cadff8bd@group-715EBF8096A7-LeaderElection70: PRE_VOTE REJECTED received 0 response(s) and 2 exception(s):
2025-09-19 20:43:46,993 [8eb9963e-bce0-4155-aea2-e442cadff8bd@group-715EBF8096A7-LeaderElection70] INFO  impl.LeaderElection (LogUtils.java:infoOrTrace(142)) -   Exception 0: java.util.concurrent.ExecutionException: org.apache.ratis.thirdparty.io.grpc.StatusRuntimeException: UNAVAILABLE: io exception
2025-09-19 20:43:46,993 [8eb9963e-bce0-4155-aea2-e442cadff8bd@group-715EBF8096A7-LeaderElection70] INFO  impl.LeaderElection (LogUtils.java:infoOrTrace(142)) -   Exception 1: java.util.concurrent.ExecutionException: org.apache.ratis.thirdparty.io.grpc.StatusRuntimeException: UNAVAILABLE: io exception
2025-09-19 20:43:46,993 [8eb9963e-bce0-4155-aea2-e442cadff8bd@group-715EBF8096A7-LeaderElection70] INFO  impl.LeaderElection (LeaderElection.java:askForVotes(450)) - 8eb9963e-bce0-4155-aea2-e442cadff8bd@group-715EBF8096A7-LeaderElection70 PRE_VOTE round 0: result REJECTED
2025-09-19 20:43:46,993 [8eb9963e-bce0-4155-aea2-e442cadff8bd@group-715EBF8096A7-LeaderElection70] INFO  server.RaftServer$Division (RaftServerImpl.java:setRole(392)) - 8eb9963e-bce0-4155-aea2-e442cadff8bd@group-715EBF8096A7: changes role from CANDIDATE to FOLLOWER at term 2 for REJECTED
2025-09-19 20:43:46,993 [8eb9963e-bce0-4155-aea2-e442cadff8bd@group-715EBF8096A7-LeaderElection70] INFO  impl.RoleInfo (RoleInfo.java:shutdownLeaderElection(141)) - 8eb9963e-bce0-4155-aea2-e442cadff8bd: shutdown 8eb9963e-bce0-4155-aea2-e442cadff8bd@group-715EBF8096A7-LeaderElection70
2025-09-19 20:43:46,993 [8eb9963e-bce0-4155-aea2-e442cadff8bd@group-715EBF8096A7-LeaderElection70] INFO  impl.RoleInfo (RoleInfo.java:updateAndGet(148)) - 8eb9963e-bce0-4155-aea2-e442cadff8bd: start 8eb9963e-bce0-4155-aea2-e442cadff8bd@group-715EBF8096A7-FollowerState
2025-09-19 20:43:47,344 [grpc-default-executor-2] ERROR impl.OrderedAsync (OrderedAsync.java:lambda$null$6(215)) -  client-730261A1D9D9: Failed* RaftClientRequest:client-730261A1D9D9->0df1231c-9f8a-4757-a7d0-f6d7f53bc482@group-715EBF8096A7, cid=16, seq=4*, RW, cmdType: WriteChunk
traceID: ""
containerID: 1
datanodeUuid: "b5a25cc1-46d3-4381-a194-bd68f4526f1c"
writeChunk {
  blockID {
    containerID: 1
    localID: 115816896921600001
    blockCommitSequenceId: 2
    replicaIndex: 0
  }
  chunkData {
    chunkName: "115816896921600001_chunk_2"
    offset: 1048576
    len: 1048576
    checksumData {
      type: CRC32
      bytesPerChecksum: 16384
      checksums: "\326\360U\321"
      checksums: "\326\360U\321"
      checksums: "\326\360U\321"
      checksums: "\326\360U\321"
      checksums: "\326\360U\321"
      checksums: "\326\360U\321"
      checksums: "\326\360U\321"
      checksums: "\326\360U\321"
      checksums: "\326\360U\321"
      checksums: "\326\360U\321"
      checksums: "\326\360U\321"
      checksums: "\326\360U\321"
      checksums: "\326\360U\321"
      checksums: "\326\360U\321"
      checksums: "\326\360U\321"
      checksums: "\326\360U\321"
      checksums: "\326\360U\321"
      checksums: "\326\360U\321"
      checksums: "\326\360U\321"
      checksums: "\326\360U\321"
      checksums: "\326\360U\321"
      checksums: "\326\360U\321"
      checksums: "\326\360U\321"
      checksums: "\326\360U\321"
      checksums: "\326\360U\321"
      checksums: "\326\360U\321"
      checksums: "\326\360U\321"
      checksums: "\326\360U\321"
      checksums: "\326\360U\321"
      checksums: "\326\360U\321"
      checksums: "\326\360U\321"
      checksums: "\326\360U\321"
      checksums: "\326\360U\321"
      checksums: "\326\360U\321"
      checksums: "\326\360U\321"
      checksums: "\326\360U\321"
      checksums: "\326\360U\321"
      checksums: "\326\360U\321"
      checksums: "\326\360U\321"
      checksums: "\326\360U\321"
      checksums: "\326\360U\321"
      checksums: "\326\360U\321"
      checksums: "\326\360U\321"
      checksums: "\326\360U\321"
      checksums: "\326\360U\321"
      checksums: "\326\360U\321"
      checksums: "\326\360U\321"
      checksums: "\326\360U\321"
      checksums: "\326\360U\321"
      checksums: "\326\360U\321"
      checksums: "\326\360U\321"
      checksums: "\326\360U\321"
      checksums: "\326\360U\321"
      checksums: "\326\360U\321"
      checksums: "\326\360U\321"
      checksums: "\326\360U\321"
      checksums: "\326\360U\321"
      checksums: "\326\360U\321"
      checksums: "\326\360U\321"
      checksums: "\326\360U\321"
      checksums: "\326\360U\321"
      checksums: "\326\360U\321"
      checksums: "\326\360U\321"
      checksums: "H$\374\021"
    }
  }
}
version: 3
, data.size=1048576
java.util.concurrent.CompletionException: java.io.IOException: org.apache.ratis.thirdparty.io.grpc.StatusRuntimeException: UNAVAILABLE: io exception
	at java.base/java.util.concurrent.CompletableFuture.encodeThrowable(CompletableFuture.java:332)
	at java.base/java.util.concurrent.CompletableFuture.completeThrowable(CompletableFuture.java:347)
	at java.base/java.util.concurrent.CompletableFuture$UniAccept.tryFire(CompletableFuture.java:708)
	at java.base/java.util.concurrent.CompletableFuture.postComplete(CompletableFuture.java:510)
	at java.base/java.util.concurrent.CompletableFuture.completeExceptionally(CompletableFuture.java:2194)
	at org.apache.ratis.grpc.client.GrpcClientProtocolClient$AsyncStreamObservers.completeReplyExceptionally(GrpcClientProtocolClient.java:397)
	at org.apache.ratis.grpc.client.GrpcClientProtocolClient$AsyncStreamObservers.access$000(GrpcClientProtocolClient.java:303)
	at org.apache.ratis.grpc.client.GrpcClientProtocolClient$AsyncStreamObservers$1.onError(GrpcClientProtocolClient.java:334)
	at org.apache.ratis.thirdparty.io.grpc.stub.ClientCalls$StreamObserverToCallListenerAdapter.onClose(ClientCalls.java:564)
	at org.apache.ratis.thirdparty.io.grpc.PartialForwardingClientCallListener.onClose(PartialForwardingClientCallListener.java:39)
	at org.apache.ratis.thirdparty.io.grpc.ForwardingClientCallListener.onClose(ForwardingClientCallListener.java:23)
	at org.apache.ratis.grpc.metrics.intercept.client.MetricClientCallListener.onClose(MetricClientCallListener.java:47)
	at org.apache.ratis.thirdparty.io.grpc.internal.ClientCallImpl.closeObserver(ClientCallImpl.java:565)
	at org.apache.ratis.thirdparty.io.grpc.internal.ClientCallImpl.access$100(ClientCallImpl.java:72)
	at org.apache.ratis.thirdparty.io.grpc.internal.ClientCallImpl$ClientStreamListenerImpl$1StreamClosed.runInternal(ClientCallImpl.java:733)
	at org.apache.ratis.thirdparty.io.grpc.internal.ClientCallImpl$ClientStreamListenerImpl$1StreamClosed.runInContext(ClientCallImpl.java:714)
	at org.apache.ratis.thirdparty.io.grpc.internal.ContextRunnable.run(ContextRunnable.java:37)
	at org.apache.ratis.thirdparty.io.grpc.internal.SerializingExecutor.run(SerializingExecutor.java:133)
	at java.base/java.util.concurrent.ThreadPoolExecutor.runWorker(ThreadPoolExecutor.java:1144)
	at java.base/java.util.concurrent.ThreadPoolExecutor$Worker.run(ThreadPoolExecutor.java:642)
	at java.base/java.lang.Thread.run(Thread.java:1583)
Caused by: java.io.IOException: org.apache.ratis.thirdparty.io.grpc.StatusRuntimeException: UNAVAILABLE: io exception
	at org.apache.ratis.grpc.GrpcUtil.unwrapException(GrpcUtil.java:99)
	at org.apache.ratis.grpc.GrpcUtil.unwrapIOException(GrpcUtil.java:159)
	at org.apache.ratis.grpc.client.GrpcClientProtocolClient$AsyncStreamObservers$1.onError(GrpcClientProtocolClient.java:333)
	... 13 more
Caused by: org.apache.ratis.thirdparty.io.grpc.StatusRuntimeException: UNAVAILABLE: io exception
	at org.apache.ratis.thirdparty.io.grpc.Status.asRuntimeException(Status.java:532)
	... 13 more
Caused by: org.apache.ratis.thirdparty.io.netty.channel.AbstractChannel$AnnotatedConnectException: finishConnect(..) failed: Connection refused: /127.0.0.1:15021
Caused by: java.net.ConnectException: finishConnect(..) failed: Connection refused
	at org.apache.ratis.thirdparty.io.netty.channel.unix.Errors.newConnectException0(Errors.java:166)
	at org.apache.ratis.thirdparty.io.netty.channel.unix.Errors.handleConnectErrno(Errors.java:131)
	at org.apache.ratis.thirdparty.io.netty.channel.unix.Socket.finishConnect(Socket.java:359)
	at org.apache.ratis.thirdparty.io.netty.channel.epoll.AbstractEpollChannel$AbstractEpollUnsafe.doFinishConnect(AbstractEpollChannel.java:715)
	at org.apache.ratis.thirdparty.io.netty.channel.epoll.AbstractEpollChannel$AbstractEpollUnsafe.finishConnect(AbstractEpollChannel.java:692)
	at org.apache.ratis.thirdparty.io.netty.channel.epoll.AbstractEpollChannel$AbstractEpollUnsafe.epollOutReady(AbstractEpollChannel.java:567)
	at org.apache.ratis.thirdparty.io.netty.channel.epoll.EpollEventLoop.processReady(EpollEventLoop.java:491)
	at org.apache.ratis.thirdparty.io.netty.channel.epoll.EpollEventLoop.run(EpollEventLoop.java:399)
	at org.apache.ratis.thirdparty.io.netty.util.concurrent.SingleThreadEventExecutor$4.run(SingleThreadEventExecutor.java:998)
	at org.apache.ratis.thirdparty.io.netty.util.internal.ThreadExecutorMap$2.run(ThreadExecutorMap.java:74)
	at org.apache.ratis.thirdparty.io.netty.util.concurrent.FastThreadLocalRunnable.run(FastThreadLocalRunnable.java:30)
	at java.base/java.lang.Thread.run(Thread.java:1583)
2025-09-19 20:43:47,704 [8eb9963e-bce0-4155-aea2-e442cadff8bd@group-A751954341BD-FollowerState] INFO  impl.FollowerState (FollowerState.java:runImpl(161)) - 8eb9963e-bce0-4155-aea2-e442cadff8bd@group-A751954341BD-FollowerState: change to CANDIDATE, lastRpcElapsedTime:1171256935ns, electionTimeout:1171ms
2025-09-19 20:43:47,704 [8eb9963e-bce0-4155-aea2-e442cadff8bd@group-A751954341BD-FollowerState] INFO  impl.RoleInfo (RoleInfo.java:shutdownFollowerState(121)) - 8eb9963e-bce0-4155-aea2-e442cadff8bd: shutdown 8eb9963e-bce0-4155-aea2-e442cadff8bd@group-A751954341BD-FollowerState
2025-09-19 20:43:47,704 [8eb9963e-bce0-4155-aea2-e442cadff8bd@group-A751954341BD-FollowerState] INFO  server.RaftServer$Division (RaftServerImpl.java:setRole(392)) - 8eb9963e-bce0-4155-aea2-e442cadff8bd@group-A751954341BD: changes role from  FOLLOWER to CANDIDATE at term 1 for changeToCandidate
2025-09-19 20:43:47,704 [8eb9963e-bce0-4155-aea2-e442cadff8bd@group-A751954341BD-FollowerState] INFO  impl.RoleInfo (RoleInfo.java:updateAndGet(148)) - 8eb9963e-bce0-4155-aea2-e442cadff8bd: start 8eb9963e-bce0-4155-aea2-e442cadff8bd@group-A751954341BD-LeaderElection71
2025-09-19 20:43:47,705 [8eb9963e-bce0-4155-aea2-e442cadff8bd@group-A751954341BD-LeaderElection71] INFO  impl.LeaderElection (LeaderElection.java:askForVotes(448)) - 8eb9963e-bce0-4155-aea2-e442cadff8bd@group-A751954341BD-LeaderElection71 PRE_VOTE round 0: submit vote requests at term 1 for conf: {index: 0, cur=peers:[b5a25cc1-46d3-4381-a194-bd68f4526f1c|127.0.0.1:15031, 0df1231c-9f8a-4757-a7d0-f6d7f53bc482|127.0.0.1:15023, 8eb9963e-bce0-4155-aea2-e442cadff8bd|127.0.0.1:15015]|listeners:[], old=null}
2025-09-19 20:43:47,705 [8eb9963e-bce0-4155-aea2-e442cadff8bd@group-A751954341BD-LeaderElection71] INFO  impl.LeaderElection (LogUtils.java:infoOrTrace(142)) - 8eb9963e-bce0-4155-aea2-e442cadff8bd@group-A751954341BD-LeaderElection71 got exception when requesting votes: java.util.concurrent.ExecutionException: org.apache.ratis.thirdparty.io.grpc.StatusRuntimeException: UNAVAILABLE: io exception
2025-09-19 20:43:47,705 [8eb9963e-bce0-4155-aea2-e442cadff8bd@group-A751954341BD-LeaderElection71] INFO  impl.LeaderElection (LogUtils.java:infoOrTrace(142)) - 8eb9963e-bce0-4155-aea2-e442cadff8bd@group-A751954341BD-LeaderElection71 got exception when requesting votes: java.util.concurrent.ExecutionException: org.apache.ratis.thirdparty.io.grpc.StatusRuntimeException: UNAVAILABLE: io exception
2025-09-19 20:43:47,705 [8eb9963e-bce0-4155-aea2-e442cadff8bd@group-A751954341BD-LeaderElection71] INFO  impl.LeaderElection (LeaderElection.java:logAndReturn(206)) - 8eb9963e-bce0-4155-aea2-e442cadff8bd@group-A751954341BD-LeaderElection71: PRE_VOTE REJECTED received 0 response(s) and 2 exception(s):
2025-09-19 20:43:47,705 [8eb9963e-bce0-4155-aea2-e442cadff8bd@group-A751954341BD-LeaderElection71] INFO  impl.LeaderElection (LogUtils.java:infoOrTrace(142)) -   Exception 0: java.util.concurrent.ExecutionException: org.apache.ratis.thirdparty.io.grpc.StatusRuntimeException: UNAVAILABLE: io exception
2025-09-19 20:43:47,705 [8eb9963e-bce0-4155-aea2-e442cadff8bd@group-A751954341BD-LeaderElection71] INFO  impl.LeaderElection (LogUtils.java:infoOrTrace(142)) -   Exception 1: java.util.concurrent.ExecutionException: org.apache.ratis.thirdparty.io.grpc.StatusRuntimeException: UNAVAILABLE: io exception
2025-09-19 20:43:47,705 [8eb9963e-bce0-4155-aea2-e442cadff8bd@group-A751954341BD-LeaderElection71] INFO  impl.LeaderElection (LeaderElection.java:askForVotes(450)) - 8eb9963e-bce0-4155-aea2-e442cadff8bd@group-A751954341BD-LeaderElection71 PRE_VOTE round 0: result REJECTED
2025-09-19 20:43:47,706 [8eb9963e-bce0-4155-aea2-e442cadff8bd@group-A751954341BD-LeaderElection71] INFO  server.RaftServer$Division (RaftServerImpl.java:setRole(392)) - 8eb9963e-bce0-4155-aea2-e442cadff8bd@group-A751954341BD: changes role from CANDIDATE to FOLLOWER at term 1 for REJECTED
2025-09-19 20:43:47,706 [8eb9963e-bce0-4155-aea2-e442cadff8bd@group-A751954341BD-LeaderElection71] INFO  impl.RoleInfo (RoleInfo.java:shutdownLeaderElection(141)) - 8eb9963e-bce0-4155-aea2-e442cadff8bd: shutdown 8eb9963e-bce0-4155-aea2-e442cadff8bd@group-A751954341BD-LeaderElection71
2025-09-19 20:43:47,706 [8eb9963e-bce0-4155-aea2-e442cadff8bd@group-A751954341BD-LeaderElection71] INFO  impl.RoleInfo (RoleInfo.java:updateAndGet(148)) - 8eb9963e-bce0-4155-aea2-e442cadff8bd: start 8eb9963e-bce0-4155-aea2-e442cadff8bd@group-A751954341BD-FollowerState
2025-09-19 20:43:48,053 [8eb9963e-bce0-4155-aea2-e442cadff8bd@group-715EBF8096A7-FollowerState] INFO  impl.FollowerState (FollowerState.java:runImpl(161)) - 8eb9963e-bce0-4155-aea2-e442cadff8bd@group-715EBF8096A7-FollowerState: change to CANDIDATE, lastRpcElapsedTime:1060341964ns, electionTimeout:1060ms
2025-09-19 20:43:48,053 [8eb9963e-bce0-4155-aea2-e442cadff8bd@group-715EBF8096A7-FollowerState] INFO  impl.RoleInfo (RoleInfo.java:shutdownFollowerState(121)) - 8eb9963e-bce0-4155-aea2-e442cadff8bd: shutdown 8eb9963e-bce0-4155-aea2-e442cadff8bd@group-715EBF8096A7-FollowerState
2025-09-19 20:43:48,054 [8eb9963e-bce0-4155-aea2-e442cadff8bd@group-715EBF8096A7-FollowerState] INFO  server.RaftServer$Division (RaftServerImpl.java:setRole(392)) - 8eb9963e-bce0-4155-aea2-e442cadff8bd@group-715EBF8096A7: changes role from  FOLLOWER to CANDIDATE at term 2 for changeToCandidate
2025-09-19 20:43:48,054 [8eb9963e-bce0-4155-aea2-e442cadff8bd@group-715EBF8096A7-FollowerState] INFO  impl.RoleInfo (RoleInfo.java:updateAndGet(148)) - 8eb9963e-bce0-4155-aea2-e442cadff8bd: start 8eb9963e-bce0-4155-aea2-e442cadff8bd@group-715EBF8096A7-LeaderElection72
2025-09-19 20:43:48,054 [8eb9963e-bce0-4155-aea2-e442cadff8bd@group-715EBF8096A7-LeaderElection72] INFO  impl.LeaderElection (LeaderElection.java:askForVotes(448)) - 8eb9963e-bce0-4155-aea2-e442cadff8bd@group-715EBF8096A7-LeaderElection72 PRE_VOTE round 0: submit vote requests at term 2 for conf: {index: 5, cur=peers:[b5a25cc1-46d3-4381-a194-bd68f4526f1c|127.0.0.1:15031, 0df1231c-9f8a-4757-a7d0-f6d7f53bc482|127.0.0.1:15023, 8eb9963e-bce0-4155-aea2-e442cadff8bd|127.0.0.1:15015]|listeners:[], old=null}
2025-09-19 20:43:48,055 [8eb9963e-bce0-4155-aea2-e442cadff8bd@group-715EBF8096A7-LeaderElection72] INFO  impl.LeaderElection (LogUtils.java:infoOrTrace(142)) - 8eb9963e-bce0-4155-aea2-e442cadff8bd@group-715EBF8096A7-LeaderElection72 got exception when requesting votes: java.util.concurrent.ExecutionException: org.apache.ratis.thirdparty.io.grpc.StatusRuntimeException: UNAVAILABLE: io exception
2025-09-19 20:43:48,055 [8eb9963e-bce0-4155-aea2-e442cadff8bd@group-715EBF8096A7-LeaderElection72] INFO  impl.LeaderElection (LogUtils.java:infoOrTrace(142)) - 8eb9963e-bce0-4155-aea2-e442cadff8bd@group-715EBF8096A7-LeaderElection72 got exception when requesting votes: java.util.concurrent.ExecutionException: org.apache.ratis.thirdparty.io.grpc.StatusRuntimeException: UNAVAILABLE: io exception
2025-09-19 20:43:48,055 [8eb9963e-bce0-4155-aea2-e442cadff8bd@group-715EBF8096A7-LeaderElection72] INFO  impl.LeaderElection (LeaderElection.java:logAndReturn(206)) - 8eb9963e-bce0-4155-aea2-e442cadff8bd@group-715EBF8096A7-LeaderElection72: PRE_VOTE REJECTED received 0 response(s) and 2 exception(s):
2025-09-19 20:43:48,055 [8eb9963e-bce0-4155-aea2-e442cadff8bd@group-715EBF8096A7-LeaderElection72] INFO  impl.LeaderElection (LogUtils.java:infoOrTrace(142)) -   Exception 0: java.util.concurrent.ExecutionException: org.apache.ratis.thirdparty.io.grpc.StatusRuntimeException: UNAVAILABLE: io exception
2025-09-19 20:43:48,055 [8eb9963e-bce0-4155-aea2-e442cadff8bd@group-715EBF8096A7-LeaderElection72] INFO  impl.LeaderElection (LogUtils.java:infoOrTrace(142)) -   Exception 1: java.util.concurrent.ExecutionException: org.apache.ratis.thirdparty.io.grpc.StatusRuntimeException: UNAVAILABLE: io exception
2025-09-19 20:43:48,055 [8eb9963e-bce0-4155-aea2-e442cadff8bd@group-715EBF8096A7-LeaderElection72] INFO  impl.LeaderElection (LeaderElection.java:askForVotes(450)) - 8eb9963e-bce0-4155-aea2-e442cadff8bd@group-715EBF8096A7-LeaderElection72 PRE_VOTE round 0: result REJECTED
2025-09-19 20:43:48,055 [8eb9963e-bce0-4155-aea2-e442cadff8bd@group-715EBF8096A7-LeaderElection72] INFO  server.RaftServer$Division (RaftServerImpl.java:setRole(392)) - 8eb9963e-bce0-4155-aea2-e442cadff8bd@group-715EBF8096A7: changes role from CANDIDATE to FOLLOWER at term 2 for REJECTED
2025-09-19 20:43:48,055 [8eb9963e-bce0-4155-aea2-e442cadff8bd@group-715EBF8096A7-LeaderElection72] INFO  impl.RoleInfo (RoleInfo.java:shutdownLeaderElection(141)) - 8eb9963e-bce0-4155-aea2-e442cadff8bd: shutdown 8eb9963e-bce0-4155-aea2-e442cadff8bd@group-715EBF8096A7-LeaderElection72
2025-09-19 20:43:48,055 [8eb9963e-bce0-4155-aea2-e442cadff8bd@group-715EBF8096A7-LeaderElection72] INFO  impl.RoleInfo (RoleInfo.java:updateAndGet(148)) - 8eb9963e-bce0-4155-aea2-e442cadff8bd: start 8eb9963e-bce0-4155-aea2-e442cadff8bd@group-715EBF8096A7-FollowerState
2025-09-19 20:43:48,839 [8eb9963e-bce0-4155-aea2-e442cadff8bd@group-A751954341BD-FollowerState] INFO  impl.FollowerState (FollowerState.java:runImpl(161)) - 8eb9963e-bce0-4155-aea2-e442cadff8bd@group-A751954341BD-FollowerState: change to CANDIDATE, lastRpcElapsedTime:1133436631ns, electionTimeout:1133ms
2025-09-19 20:43:48,839 [8eb9963e-bce0-4155-aea2-e442cadff8bd@group-A751954341BD-FollowerState] INFO  impl.RoleInfo (RoleInfo.java:shutdownFollowerState(121)) - 8eb9963e-bce0-4155-aea2-e442cadff8bd: shutdown 8eb9963e-bce0-4155-aea2-e442cadff8bd@group-A751954341BD-FollowerState
2025-09-19 20:43:48,839 [8eb9963e-bce0-4155-aea2-e442cadff8bd@group-A751954341BD-FollowerState] INFO  server.RaftServer$Division (RaftServerImpl.java:setRole(392)) - 8eb9963e-bce0-4155-aea2-e442cadff8bd@group-A751954341BD: changes role from  FOLLOWER to CANDIDATE at term 1 for changeToCandidate
2025-09-19 20:43:48,839 [8eb9963e-bce0-4155-aea2-e442cadff8bd@group-A751954341BD-FollowerState] INFO  impl.RoleInfo (RoleInfo.java:updateAndGet(148)) - 8eb9963e-bce0-4155-aea2-e442cadff8bd: start 8eb9963e-bce0-4155-aea2-e442cadff8bd@group-A751954341BD-LeaderElection73
2025-09-19 20:43:48,840 [8eb9963e-bce0-4155-aea2-e442cadff8bd@group-A751954341BD-LeaderElection73] INFO  impl.LeaderElection (LeaderElection.java:askForVotes(448)) - 8eb9963e-bce0-4155-aea2-e442cadff8bd@group-A751954341BD-LeaderElection73 PRE_VOTE round 0: submit vote requests at term 1 for conf: {index: 0, cur=peers:[b5a25cc1-46d3-4381-a194-bd68f4526f1c|127.0.0.1:15031, 0df1231c-9f8a-4757-a7d0-f6d7f53bc482|127.0.0.1:15023, 8eb9963e-bce0-4155-aea2-e442cadff8bd|127.0.0.1:15015]|listeners:[], old=null}
2025-09-19 20:43:48,840 [8eb9963e-bce0-4155-aea2-e442cadff8bd@group-A751954341BD-LeaderElection73] INFO  impl.LeaderElection (LogUtils.java:infoOrTrace(142)) - 8eb9963e-bce0-4155-aea2-e442cadff8bd@group-A751954341BD-LeaderElection73 got exception when requesting votes: java.util.concurrent.ExecutionException: org.apache.ratis.thirdparty.io.grpc.StatusRuntimeException: UNAVAILABLE: io exception
2025-09-19 20:43:48,840 [8eb9963e-bce0-4155-aea2-e442cadff8bd@group-A751954341BD-LeaderElection73] INFO  impl.LeaderElection (LogUtils.java:infoOrTrace(142)) - 8eb9963e-bce0-4155-aea2-e442cadff8bd@group-A751954341BD-LeaderElection73 got exception when requesting votes: java.util.concurrent.ExecutionException: org.apache.ratis.thirdparty.io.grpc.StatusRuntimeException: UNAVAILABLE: io exception
2025-09-19 20:43:48,840 [8eb9963e-bce0-4155-aea2-e442cadff8bd@group-A751954341BD-LeaderElection73] INFO  impl.LeaderElection (LeaderElection.java:logAndReturn(206)) - 8eb9963e-bce0-4155-aea2-e442cadff8bd@group-A751954341BD-LeaderElection73: PRE_VOTE REJECTED received 0 response(s) and 2 exception(s):
2025-09-19 20:43:48,840 [8eb9963e-bce0-4155-aea2-e442cadff8bd@group-A751954341BD-LeaderElection73] INFO  impl.LeaderElection (LogUtils.java:infoOrTrace(142)) -   Exception 0: java.util.concurrent.ExecutionException: org.apache.ratis.thirdparty.io.grpc.StatusRuntimeException: UNAVAILABLE: io exception
2025-09-19 20:43:48,840 [8eb9963e-bce0-4155-aea2-e442cadff8bd@group-A751954341BD-LeaderElection73] INFO  impl.LeaderElection (LogUtils.java:infoOrTrace(142)) -   Exception 1: java.util.concurrent.ExecutionException: org.apache.ratis.thirdparty.io.grpc.StatusRuntimeException: UNAVAILABLE: io exception
2025-09-19 20:43:48,840 [8eb9963e-bce0-4155-aea2-e442cadff8bd@group-A751954341BD-LeaderElection73] INFO  impl.LeaderElection (LeaderElection.java:askForVotes(450)) - 8eb9963e-bce0-4155-aea2-e442cadff8bd@group-A751954341BD-LeaderElection73 PRE_VOTE round 0: result REJECTED
2025-09-19 20:43:48,840 [8eb9963e-bce0-4155-aea2-e442cadff8bd@group-A751954341BD-LeaderElection73] INFO  server.RaftServer$Division (RaftServerImpl.java:setRole(392)) - 8eb9963e-bce0-4155-aea2-e442cadff8bd@group-A751954341BD: changes role from CANDIDATE to FOLLOWER at term 1 for REJECTED
2025-09-19 20:43:48,841 [8eb9963e-bce0-4155-aea2-e442cadff8bd@group-A751954341BD-LeaderElection73] INFO  impl.RoleInfo (RoleInfo.java:shutdownLeaderElection(141)) - 8eb9963e-bce0-4155-aea2-e442cadff8bd: shutdown 8eb9963e-bce0-4155-aea2-e442cadff8bd@group-A751954341BD-LeaderElection73
2025-09-19 20:43:48,841 [8eb9963e-bce0-4155-aea2-e442cadff8bd@group-A751954341BD-LeaderElection73] INFO  impl.RoleInfo (RoleInfo.java:updateAndGet(148)) - 8eb9963e-bce0-4155-aea2-e442cadff8bd: start 8eb9963e-bce0-4155-aea2-e442cadff8bd@group-A751954341BD-FollowerState
2025-09-19 20:43:49,131 [8eb9963e-bce0-4155-aea2-e442cadff8bd@group-715EBF8096A7-FollowerState] INFO  impl.FollowerState (FollowerState.java:runImpl(161)) - 8eb9963e-bce0-4155-aea2-e442cadff8bd@group-715EBF8096A7-FollowerState: change to CANDIDATE, lastRpcElapsedTime:1075389284ns, electionTimeout:1075ms
2025-09-19 20:43:49,131 [8eb9963e-bce0-4155-aea2-e442cadff8bd@group-715EBF8096A7-FollowerState] INFO  impl.RoleInfo (RoleInfo.java:shutdownFollowerState(121)) - 8eb9963e-bce0-4155-aea2-e442cadff8bd: shutdown 8eb9963e-bce0-4155-aea2-e442cadff8bd@group-715EBF8096A7-FollowerState
2025-09-19 20:43:49,131 [8eb9963e-bce0-4155-aea2-e442cadff8bd@group-715EBF8096A7-FollowerState] INFO  server.RaftServer$Division (RaftServerImpl.java:setRole(392)) - 8eb9963e-bce0-4155-aea2-e442cadff8bd@group-715EBF8096A7: changes role from  FOLLOWER to CANDIDATE at term 2 for changeToCandidate
2025-09-19 20:43:49,131 [8eb9963e-bce0-4155-aea2-e442cadff8bd@group-715EBF8096A7-FollowerState] INFO  impl.RoleInfo (RoleInfo.java:updateAndGet(148)) - 8eb9963e-bce0-4155-aea2-e442cadff8bd: start 8eb9963e-bce0-4155-aea2-e442cadff8bd@group-715EBF8096A7-LeaderElection74
2025-09-19 20:43:49,131 [8eb9963e-bce0-4155-aea2-e442cadff8bd@group-715EBF8096A7-LeaderElection74] INFO  impl.LeaderElection (LeaderElection.java:askForVotes(448)) - 8eb9963e-bce0-4155-aea2-e442cadff8bd@group-715EBF8096A7-LeaderElection74 PRE_VOTE round 0: submit vote requests at term 2 for conf: {index: 5, cur=peers:[b5a25cc1-46d3-4381-a194-bd68f4526f1c|127.0.0.1:15031, 0df1231c-9f8a-4757-a7d0-f6d7f53bc482|127.0.0.1:15023, 8eb9963e-bce0-4155-aea2-e442cadff8bd|127.0.0.1:15015]|listeners:[], old=null}
2025-09-19 20:43:49,132 [8eb9963e-bce0-4155-aea2-e442cadff8bd@group-715EBF8096A7-LeaderElection74] INFO  impl.LeaderElection (LogUtils.java:infoOrTrace(142)) - 8eb9963e-bce0-4155-aea2-e442cadff8bd@group-715EBF8096A7-LeaderElection74 got exception when requesting votes: java.util.concurrent.ExecutionException: org.apache.ratis.thirdparty.io.grpc.StatusRuntimeException: UNAVAILABLE: io exception
2025-09-19 20:43:49,132 [8eb9963e-bce0-4155-aea2-e442cadff8bd@group-715EBF8096A7-LeaderElection74] INFO  impl.LeaderElection (LogUtils.java:infoOrTrace(142)) - 8eb9963e-bce0-4155-aea2-e442cadff8bd@group-715EBF8096A7-LeaderElection74 got exception when requesting votes: java.util.concurrent.ExecutionException: org.apache.ratis.thirdparty.io.grpc.StatusRuntimeException: UNAVAILABLE: io exception
2025-09-19 20:43:49,132 [8eb9963e-bce0-4155-aea2-e442cadff8bd@group-715EBF8096A7-LeaderElection74] INFO  impl.LeaderElection (LeaderElection.java:logAndReturn(206)) - 8eb9963e-bce0-4155-aea2-e442cadff8bd@group-715EBF8096A7-LeaderElection74: PRE_VOTE REJECTED received 0 response(s) and 2 exception(s):
2025-09-19 20:43:49,132 [8eb9963e-bce0-4155-aea2-e442cadff8bd@group-715EBF8096A7-LeaderElection74] INFO  impl.LeaderElection (LogUtils.java:infoOrTrace(142)) -   Exception 0: java.util.concurrent.ExecutionException: org.apache.ratis.thirdparty.io.grpc.StatusRuntimeException: UNAVAILABLE: io exception
2025-09-19 20:43:49,132 [8eb9963e-bce0-4155-aea2-e442cadff8bd@group-715EBF8096A7-LeaderElection74] INFO  impl.LeaderElection (LogUtils.java:infoOrTrace(142)) -   Exception 1: java.util.concurrent.ExecutionException: org.apache.ratis.thirdparty.io.grpc.StatusRuntimeException: UNAVAILABLE: io exception
2025-09-19 20:43:49,132 [8eb9963e-bce0-4155-aea2-e442cadff8bd@group-715EBF8096A7-LeaderElection74] INFO  impl.LeaderElection (LeaderElection.java:askForVotes(450)) - 8eb9963e-bce0-4155-aea2-e442cadff8bd@group-715EBF8096A7-LeaderElection74 PRE_VOTE round 0: result REJECTED
2025-09-19 20:43:49,132 [8eb9963e-bce0-4155-aea2-e442cadff8bd@group-715EBF8096A7-LeaderElection74] INFO  server.RaftServer$Division (RaftServerImpl.java:setRole(392)) - 8eb9963e-bce0-4155-aea2-e442cadff8bd@group-715EBF8096A7: changes role from CANDIDATE to FOLLOWER at term 2 for REJECTED
2025-09-19 20:43:49,132 [8eb9963e-bce0-4155-aea2-e442cadff8bd@group-715EBF8096A7-LeaderElection74] INFO  impl.RoleInfo (RoleInfo.java:shutdownLeaderElection(141)) - 8eb9963e-bce0-4155-aea2-e442cadff8bd: shutdown 8eb9963e-bce0-4155-aea2-e442cadff8bd@group-715EBF8096A7-LeaderElection74
2025-09-19 20:43:49,132 [8eb9963e-bce0-4155-aea2-e442cadff8bd@group-715EBF8096A7-LeaderElection74] INFO  impl.RoleInfo (RoleInfo.java:updateAndGet(148)) - 8eb9963e-bce0-4155-aea2-e442cadff8bd: start 8eb9963e-bce0-4155-aea2-e442cadff8bd@group-715EBF8096A7-FollowerState
2025-09-19 20:43:49,867 [8eb9963e-bce0-4155-aea2-e442cadff8bd@group-A751954341BD-FollowerState] INFO  impl.FollowerState (FollowerState.java:runImpl(161)) - 8eb9963e-bce0-4155-aea2-e442cadff8bd@group-A751954341BD-FollowerState: change to CANDIDATE, lastRpcElapsedTime:1026250183ns, electionTimeout:1026ms
2025-09-19 20:43:49,867 [8eb9963e-bce0-4155-aea2-e442cadff8bd@group-A751954341BD-FollowerState] INFO  impl.RoleInfo (RoleInfo.java:shutdownFollowerState(121)) - 8eb9963e-bce0-4155-aea2-e442cadff8bd: shutdown 8eb9963e-bce0-4155-aea2-e442cadff8bd@group-A751954341BD-FollowerState
2025-09-19 20:43:49,867 [8eb9963e-bce0-4155-aea2-e442cadff8bd@group-A751954341BD-FollowerState] INFO  server.RaftServer$Division (RaftServerImpl.java:setRole(392)) - 8eb9963e-bce0-4155-aea2-e442cadff8bd@group-A751954341BD: changes role from  FOLLOWER to CANDIDATE at term 1 for changeToCandidate
2025-09-19 20:43:49,867 [8eb9963e-bce0-4155-aea2-e442cadff8bd@group-A751954341BD-FollowerState] INFO  impl.RoleInfo (RoleInfo.java:updateAndGet(148)) - 8eb9963e-bce0-4155-aea2-e442cadff8bd: start 8eb9963e-bce0-4155-aea2-e442cadff8bd@group-A751954341BD-LeaderElection75
2025-09-19 20:43:49,868 [8eb9963e-bce0-4155-aea2-e442cadff8bd@group-A751954341BD-LeaderElection75] INFO  impl.LeaderElection (LeaderElection.java:askForVotes(448)) - 8eb9963e-bce0-4155-aea2-e442cadff8bd@group-A751954341BD-LeaderElection75 PRE_VOTE round 0: submit vote requests at term 1 for conf: {index: 0, cur=peers:[b5a25cc1-46d3-4381-a194-bd68f4526f1c|127.0.0.1:15031, 0df1231c-9f8a-4757-a7d0-f6d7f53bc482|127.0.0.1:15023, 8eb9963e-bce0-4155-aea2-e442cadff8bd|127.0.0.1:15015]|listeners:[], old=null}
2025-09-19 20:43:49,868 [8eb9963e-bce0-4155-aea2-e442cadff8bd@group-A751954341BD-LeaderElection75] INFO  impl.LeaderElection (LogUtils.java:infoOrTrace(142)) - 8eb9963e-bce0-4155-aea2-e442cadff8bd@group-A751954341BD-LeaderElection75 got exception when requesting votes: java.util.concurrent.ExecutionException: org.apache.ratis.thirdparty.io.grpc.StatusRuntimeException: UNAVAILABLE: io exception
2025-09-19 20:43:49,868 [8eb9963e-bce0-4155-aea2-e442cadff8bd@group-A751954341BD-LeaderElection75] INFO  impl.LeaderElection (LogUtils.java:infoOrTrace(142)) - 8eb9963e-bce0-4155-aea2-e442cadff8bd@group-A751954341BD-LeaderElection75 got exception when requesting votes: java.util.concurrent.ExecutionException: org.apache.ratis.thirdparty.io.grpc.StatusRuntimeException: UNAVAILABLE: io exception
2025-09-19 20:43:49,868 [8eb9963e-bce0-4155-aea2-e442cadff8bd@group-A751954341BD-LeaderElection75] INFO  impl.LeaderElection (LeaderElection.java:logAndReturn(206)) - 8eb9963e-bce0-4155-aea2-e442cadff8bd@group-A751954341BD-LeaderElection75: PRE_VOTE REJECTED received 0 response(s) and 2 exception(s):
2025-09-19 20:43:49,868 [8eb9963e-bce0-4155-aea2-e442cadff8bd@group-A751954341BD-LeaderElection75] INFO  impl.LeaderElection (LogUtils.java:infoOrTrace(142)) -   Exception 0: java.util.concurrent.ExecutionException: org.apache.ratis.thirdparty.io.grpc.StatusRuntimeException: UNAVAILABLE: io exception
2025-09-19 20:43:49,868 [8eb9963e-bce0-4155-aea2-e442cadff8bd@group-A751954341BD-LeaderElection75] INFO  impl.LeaderElection (LogUtils.java:infoOrTrace(142)) -   Exception 1: java.util.concurrent.ExecutionException: org.apache.ratis.thirdparty.io.grpc.StatusRuntimeException: UNAVAILABLE: io exception
2025-09-19 20:43:49,868 [8eb9963e-bce0-4155-aea2-e442cadff8bd@group-A751954341BD-LeaderElection75] INFO  impl.LeaderElection (LeaderElection.java:askForVotes(450)) - 8eb9963e-bce0-4155-aea2-e442cadff8bd@group-A751954341BD-LeaderElection75 PRE_VOTE round 0: result REJECTED
2025-09-19 20:43:49,868 [8eb9963e-bce0-4155-aea2-e442cadff8bd@group-A751954341BD-LeaderElection75] INFO  server.RaftServer$Division (RaftServerImpl.java:setRole(392)) - 8eb9963e-bce0-4155-aea2-e442cadff8bd@group-A751954341BD: changes role from CANDIDATE to FOLLOWER at term 1 for REJECTED
2025-09-19 20:43:49,868 [8eb9963e-bce0-4155-aea2-e442cadff8bd@group-A751954341BD-LeaderElection75] INFO  impl.RoleInfo (RoleInfo.java:shutdownLeaderElection(141)) - 8eb9963e-bce0-4155-aea2-e442cadff8bd: shutdown 8eb9963e-bce0-4155-aea2-e442cadff8bd@group-A751954341BD-LeaderElection75
2025-09-19 20:43:49,869 [8eb9963e-bce0-4155-aea2-e442cadff8bd@group-A751954341BD-LeaderElection75] INFO  impl.RoleInfo (RoleInfo.java:updateAndGet(148)) - 8eb9963e-bce0-4155-aea2-e442cadff8bd: start 8eb9963e-bce0-4155-aea2-e442cadff8bd@group-A751954341BD-FollowerState
2025-09-19 20:43:50,240 [8eb9963e-bce0-4155-aea2-e442cadff8bd@group-715EBF8096A7-FollowerState] INFO  impl.FollowerState (FollowerState.java:runImpl(161)) - 8eb9963e-bce0-4155-aea2-e442cadff8bd@group-715EBF8096A7-FollowerState: change to CANDIDATE, lastRpcElapsedTime:1108336447ns, electionTimeout:1108ms
2025-09-19 20:43:50,241 [8eb9963e-bce0-4155-aea2-e442cadff8bd@group-715EBF8096A7-FollowerState] INFO  impl.RoleInfo (RoleInfo.java:shutdownFollowerState(121)) - 8eb9963e-bce0-4155-aea2-e442cadff8bd: shutdown 8eb9963e-bce0-4155-aea2-e442cadff8bd@group-715EBF8096A7-FollowerState
2025-09-19 20:43:50,241 [8eb9963e-bce0-4155-aea2-e442cadff8bd@group-715EBF8096A7-FollowerState] INFO  server.RaftServer$Division (RaftServerImpl.java:setRole(392)) - 8eb9963e-bce0-4155-aea2-e442cadff8bd@group-715EBF8096A7: changes role from  FOLLOWER to CANDIDATE at term 2 for changeToCandidate
2025-09-19 20:43:50,241 [8eb9963e-bce0-4155-aea2-e442cadff8bd@group-715EBF8096A7-FollowerState] INFO  impl.RoleInfo (RoleInfo.java:updateAndGet(148)) - 8eb9963e-bce0-4155-aea2-e442cadff8bd: start 8eb9963e-bce0-4155-aea2-e442cadff8bd@group-715EBF8096A7-LeaderElection76
2025-09-19 20:43:50,241 [8eb9963e-bce0-4155-aea2-e442cadff8bd@group-715EBF8096A7-LeaderElection76] INFO  impl.LeaderElection (LeaderElection.java:askForVotes(448)) - 8eb9963e-bce0-4155-aea2-e442cadff8bd@group-715EBF8096A7-LeaderElection76 PRE_VOTE round 0: submit vote requests at term 2 for conf: {index: 5, cur=peers:[b5a25cc1-46d3-4381-a194-bd68f4526f1c|127.0.0.1:15031, 0df1231c-9f8a-4757-a7d0-f6d7f53bc482|127.0.0.1:15023, 8eb9963e-bce0-4155-aea2-e442cadff8bd|127.0.0.1:15015]|listeners:[], old=null}
2025-09-19 20:43:50,242 [8eb9963e-bce0-4155-aea2-e442cadff8bd@group-715EBF8096A7-LeaderElection76] INFO  impl.LeaderElection (LogUtils.java:infoOrTrace(142)) - 8eb9963e-bce0-4155-aea2-e442cadff8bd@group-715EBF8096A7-LeaderElection76 got exception when requesting votes: java.util.concurrent.ExecutionException: org.apache.ratis.thirdparty.io.grpc.StatusRuntimeException: UNAVAILABLE: io exception
2025-09-19 20:43:50,242 [8eb9963e-bce0-4155-aea2-e442cadff8bd@group-715EBF8096A7-LeaderElection76] INFO  impl.LeaderElection (LogUtils.java:infoOrTrace(142)) - 8eb9963e-bce0-4155-aea2-e442cadff8bd@group-715EBF8096A7-LeaderElection76 got exception when requesting votes: java.util.concurrent.ExecutionException: org.apache.ratis.thirdparty.io.grpc.StatusRuntimeException: UNAVAILABLE: io exception
2025-09-19 20:43:50,242 [8eb9963e-bce0-4155-aea2-e442cadff8bd@group-715EBF8096A7-LeaderElection76] INFO  impl.LeaderElection (LeaderElection.java:logAndReturn(206)) - 8eb9963e-bce0-4155-aea2-e442cadff8bd@group-715EBF8096A7-LeaderElection76: PRE_VOTE REJECTED received 0 response(s) and 2 exception(s):
2025-09-19 20:43:50,242 [8eb9963e-bce0-4155-aea2-e442cadff8bd@group-715EBF8096A7-LeaderElection76] INFO  impl.LeaderElection (LogUtils.java:infoOrTrace(142)) -   Exception 0: java.util.concurrent.ExecutionException: org.apache.ratis.thirdparty.io.grpc.StatusRuntimeException: UNAVAILABLE: io exception
2025-09-19 20:43:50,242 [8eb9963e-bce0-4155-aea2-e442cadff8bd@group-715EBF8096A7-LeaderElection76] INFO  impl.LeaderElection (LogUtils.java:infoOrTrace(142)) -   Exception 1: java.util.concurrent.ExecutionException: org.apache.ratis.thirdparty.io.grpc.StatusRuntimeException: UNAVAILABLE: io exception
2025-09-19 20:43:50,242 [8eb9963e-bce0-4155-aea2-e442cadff8bd@group-715EBF8096A7-LeaderElection76] INFO  impl.LeaderElection (LeaderElection.java:askForVotes(450)) - 8eb9963e-bce0-4155-aea2-e442cadff8bd@group-715EBF8096A7-LeaderElection76 PRE_VOTE round 0: result REJECTED
2025-09-19 20:43:50,242 [8eb9963e-bce0-4155-aea2-e442cadff8bd@group-715EBF8096A7-LeaderElection76] INFO  server.RaftServer$Division (RaftServerImpl.java:setRole(392)) - 8eb9963e-bce0-4155-aea2-e442cadff8bd@group-715EBF8096A7: changes role from CANDIDATE to FOLLOWER at term 2 for REJECTED
2025-09-19 20:43:50,242 [8eb9963e-bce0-4155-aea2-e442cadff8bd@group-715EBF8096A7-LeaderElection76] INFO  impl.RoleInfo (RoleInfo.java:shutdownLeaderElection(141)) - 8eb9963e-bce0-4155-aea2-e442cadff8bd: shutdown 8eb9963e-bce0-4155-aea2-e442cadff8bd@group-715EBF8096A7-LeaderElection76
2025-09-19 20:43:50,242 [8eb9963e-bce0-4155-aea2-e442cadff8bd@group-715EBF8096A7-LeaderElection76] INFO  impl.RoleInfo (RoleInfo.java:updateAndGet(148)) - 8eb9963e-bce0-4155-aea2-e442cadff8bd: start 8eb9963e-bce0-4155-aea2-e442cadff8bd@group-715EBF8096A7-FollowerState
2025-09-19 20:43:50,420 [grpc-default-executor-2] ERROR impl.OrderedAsync (OrderedAsync.java:lambda$null$6(215)) -  client-730261A1D9D9: Failed* RaftClientRequest:client-730261A1D9D9->8eb9963e-bce0-4155-aea2-e442cadff8bd@group-715EBF8096A7, cid=16, seq=4*, RW, cmdType: WriteChunk
traceID: ""
containerID: 1
datanodeUuid: "b5a25cc1-46d3-4381-a194-bd68f4526f1c"
writeChunk {
  blockID {
    containerID: 1
    localID: 115816896921600001
    blockCommitSequenceId: 2
    replicaIndex: 0
  }
  chunkData {
    chunkName: "115816896921600001_chunk_2"
    offset: 1048576
    len: 1048576
    checksumData {
      type: CRC32
      bytesPerChecksum: 16384
      checksums: "\326\360U\321"
      checksums: "\326\360U\321"
      checksums: "\326\360U\321"
      checksums: "\326\360U\321"
      checksums: "\326\360U\321"
      checksums: "\326\360U\321"
      checksums: "\326\360U\321"
      checksums: "\326\360U\321"
      checksums: "\326\360U\321"
      checksums: "\326\360U\321"
      checksums: "\326\360U\321"
      checksums: "\326\360U\321"
      checksums: "\326\360U\321"
      checksums: "\326\360U\321"
      checksums: "\326\360U\321"
      checksums: "\326\360U\321"
      checksums: "\326\360U\321"
      checksums: "\326\360U\321"
      checksums: "\326\360U\321"
      checksums: "\326\360U\321"
      checksums: "\326\360U\321"
      checksums: "\326\360U\321"
      checksums: "\326\360U\321"
      checksums: "\326\360U\321"
      checksums: "\326\360U\321"
      checksums: "\326\360U\321"
      checksums: "\326\360U\321"
      checksums: "\326\360U\321"
      checksums: "\326\360U\321"
      checksums: "\326\360U\321"
      checksums: "\326\360U\321"
      checksums: "\326\360U\321"
      checksums: "\326\360U\321"
      checksums: "\326\360U\321"
      checksums: "\326\360U\321"
      checksums: "\326\360U\321"
      checksums: "\326\360U\321"
      checksums: "\326\360U\321"
      checksums: "\326\360U\321"
      checksums: "\326\360U\321"
      checksums: "\326\360U\321"
      checksums: "\326\360U\321"
      checksums: "\326\360U\321"
      checksums: "\326\360U\321"
      checksums: "\326\360U\321"
      checksums: "\326\360U\321"
      checksums: "\326\360U\321"
      checksums: "\326\360U\321"
      checksums: "\326\360U\321"
      checksums: "\326\360U\321"
      checksums: "\326\360U\321"
      checksums: "\326\360U\321"
      checksums: "\326\360U\321"
      checksums: "\326\360U\321"
      checksums: "\326\360U\321"
      checksums: "\326\360U\321"
      checksums: "\326\360U\321"
      checksums: "\326\360U\321"
      checksums: "\326\360U\321"
      checksums: "\326\360U\321"
      checksums: "\326\360U\321"
      checksums: "\326\360U\321"
      checksums: "\326\360U\321"
      checksums: "H$\374\021"
    }
  }
}
version: 3
, data.size=1048576
java.util.concurrent.CompletionException: org.apache.ratis.protocol.exceptions.NotLeaderException: Server 8eb9963e-bce0-4155-aea2-e442cadff8bd@group-715EBF8096A7 is not the leader
	at java.base/java.util.concurrent.CompletableFuture.encodeThrowable(CompletableFuture.java:332)
	at java.base/java.util.concurrent.CompletableFuture.completeThrowable(CompletableFuture.java:347)
	at java.base/java.util.concurrent.CompletableFuture$UniAccept.tryFire(CompletableFuture.java:708)
	at java.base/java.util.concurrent.CompletableFuture.postComplete(CompletableFuture.java:510)
	at java.base/java.util.concurrent.CompletableFuture.completeExceptionally(CompletableFuture.java:2194)
	at org.apache.ratis.grpc.client.GrpcClientProtocolClient$AsyncStreamObservers.completeReplyExceptionally(GrpcClientProtocolClient.java:397)
	at org.apache.ratis.grpc.client.GrpcClientProtocolClient$AsyncStreamObservers.access$000(GrpcClientProtocolClient.java:303)
	at org.apache.ratis.grpc.client.GrpcClientProtocolClient$AsyncStreamObservers$1.onNext(GrpcClientProtocolClient.java:317)
	at org.apache.ratis.grpc.client.GrpcClientProtocolClient$AsyncStreamObservers$1.onNext(GrpcClientProtocolClient.java:308)
	at org.apache.ratis.thirdparty.io.grpc.stub.ClientCalls$StreamObserverToCallListenerAdapter.onMessage(ClientCalls.java:551)
	at org.apache.ratis.thirdparty.io.grpc.ForwardingClientCallListener.onMessage(ForwardingClientCallListener.java:33)
	at org.apache.ratis.thirdparty.io.grpc.internal.ClientCallImpl$ClientStreamListenerImpl$1MessagesAvailable.runInternal(ClientCallImpl.java:661)
	at org.apache.ratis.thirdparty.io.grpc.internal.ClientCallImpl$ClientStreamListenerImpl$1MessagesAvailable.runInContext(ClientCallImpl.java:648)
	at org.apache.ratis.thirdparty.io.grpc.internal.ContextRunnable.run(ContextRunnable.java:37)
	at org.apache.ratis.thirdparty.io.grpc.internal.SerializingExecutor.run(SerializingExecutor.java:133)
	at java.base/java.util.concurrent.ThreadPoolExecutor.runWorker(ThreadPoolExecutor.java:1144)
	at java.base/java.util.concurrent.ThreadPoolExecutor$Worker.run(ThreadPoolExecutor.java:642)
	at java.base/java.lang.Thread.run(Thread.java:1583)
Caused by: org.apache.ratis.protocol.exceptions.NotLeaderException: Server 8eb9963e-bce0-4155-aea2-e442cadff8bd@group-715EBF8096A7 is not the leader
	at org.apache.ratis.client.impl.ClientProtoUtils.toRaftClientReply(ClientProtoUtils.java:402)
	at org.apache.ratis.grpc.client.GrpcClientProtocolClient$AsyncStreamObservers$1.onNext(GrpcClientProtocolClient.java:313)
	... 10 more
2025-09-19 20:43:50,426 [grpc-default-executor-2] ERROR impl.OrderedAsync (OrderedAsync.java:lambda$send$4(181)) - Failed to send request, message=cmdType: WriteChunk
traceID: ""
containerID: 1
datanodeUuid: "b5a25cc1-46d3-4381-a194-bd68f4526f1c"
writeChunk {
  blockID {
    containerID: 1
    localID: 115816896921600001
    blockCommitSequenceId: 2
    replicaIndex: 0
  }
  chunkData {
    chunkName: "115816896921600001_chunk_2"
    offset: 1048576
    len: 1048576
    checksumData {
      type: CRC32
      bytesPerChecksum: 16384
      checksums: "\326\360U\321"
      checksums: "\326\360U\321"
      checksums: "\326\360U\321"
      checksums: "\326\360U\321"
      checksums: "\326\360U\321"
      checksums: "\326\360U\321"
      checksums: "\326\360U\321"
      checksums: "\326\360U\321"
      checksums: "\326\360U\321"
      checksums: "\326\360U\321"
      checksums: "\326\360U\321"
      checksums: "\326\360U\321"
      checksums: "\326\360U\321"
      checksums: "\326\360U\321"
      checksums: "\326\360U\321"
      checksums: "\326\360U\321"
      checksums: "\326\360U\321"
      checksums: "\326\360U\321"
      checksums: "\326\360U\321"
      checksums: "\326\360U\321"
      checksums: "\326\360U\321"
      checksums: "\326\360U\321"
      checksums: "\326\360U\321"
      checksums: "\326\360U\321"
      checksums: "\326\360U\321"
      checksums: "\326\360U\321"
      checksums: "\326\360U\321"
      checksums: "\326\360U\321"
      checksums: "\326\360U\321"
      checksums: "\326\360U\321"
      checksums: "\326\360U\321"
      checksums: "\326\360U\321"
      checksums: "\326\360U\321"
      checksums: "\326\360U\321"
      checksums: "\326\360U\321"
      checksums: "\326\360U\321"
      checksums: "\326\360U\321"
      checksums: "\326\360U\321"
      checksums: "\326\360U\321"
      checksums: "\326\360U\321"
      checksums: "\326\360U\321"
      checksums: "\326\360U\321"
      checksums: "\326\360U\321"
      checksums: "\326\360U\321"
      checksums: "\326\360U\321"
      checksums: "\326\360U\321"
      checksums: "\326\360U\321"
      checksums: "\326\360U\321"
      checksums: "\326\360U\321"
      checksums: "\326\360U\321"
      checksums: "\326\360U\321"
      checksums: "\326\360U\321"
      checksums: "\326\360U\321"
      checksums: "\326\360U\321"
      checksums: "\326\360U\321"
      checksums: "\326\360U\321"
      checksums: "\326\360U\321"
      checksums: "\326\360U\321"
      checksums: "\326\360U\321"
      checksums: "\326\360U\321"
      checksums: "\326\360U\321"
      checksums: "\326\360U\321"
      checksums: "\326\360U\321"
      checksums: "H$\374\021"
    }
  }
}
version: 3
, data.size=1048576
java.util.concurrent.CompletionException: org.apache.ratis.protocol.exceptions.RaftRetryFailureException: Failed RaftClientRequest:client-730261A1D9D9->8eb9963e-bce0-4155-aea2-e442cadff8bd@group-715EBF8096A7, cid=16, seq=4*, RW, cmdType: WriteChunk
traceID: ""
containerID: 1
datanodeUuid: "b5a25cc1-46d3-4381-a194-bd68f4526f1c"
writeChunk {
  blockID {
    containerID: 1
    localID: 115816896921600001
    blockCommitSequenceId: 2
    replicaIndex: 0
  }
  chunkData {
    chunkName: "115816896921600001_chunk_2"
    offset: 1048576
    len: 1048576
    checksumData {
      type: CRC32
      bytesPerChecksum: 16384
      checksums: "\326\360U\321"
      checksums: "\326\360U\321"
      checksums: "\326\360U\321"
      checksums: "\326\360U\321"
      checksums: "\326\360U\321"
      checksums: "\326\360U\321"
      checksums: "\326\360U\321"
      checksums: "\326\360U\321"
      checksums: "\326\360U\321"
      checksums: "\326\360U\321"
      checksums: "\326\360U\321"
      checksums: "\326\360U\321"
      checksums: "\326\360U\321"
      checksums: "\326\360U\321"
      checksums: "\326\360U\321"
      checksums: "\326\360U\321"
      checksums: "\326\360U\321"
      checksums: "\326\360U\321"
      checksums: "\326\360U\321"
      checksums: "\326\360U\321"
      checksums: "\326\360U\321"
      checksums: "\326\360U\321"
      checksums: "\326\360U\321"
      checksums: "\326\360U\321"
      checksums: "\326\360U\321"
      checksums: "\326\360U\321"
      checksums: "\326\360U\321"
      checksums: "\326\360U\321"
      checksums: "\326\360U\321"
      checksums: "\326\360U\321"
      checksums: "\326\360U\321"
      checksums: "\326\360U\321"
      checksums: "\326\360U\321"
      checksums: "\326\360U\321"
      checksums: "\326\360U\321"
      checksums: "\326\360U\321"
      checksums: "\326\360U\321"
      checksums: "\326\360U\321"
      checksums: "\326\360U\321"
      checksums: "\326\360U\321"
      checksums: "\326\360U\321"
      checksums: "\326\360U\321"
      checksums: "\326\360U\321"
      checksums: "\326\360U\321"
      checksums: "\326\360U\321"
      checksums: "\326\360U\321"
      checksums: "\326\360U\321"
      checksums: "\326\360U\321"
      checksums: "\326\360U\321"
      checksums: "\326\360U\321"
      checksums: "\326\360U\321"
      checksums: "\326\360U\321"
      checksums: "\326\360U\321"
      checksums: "\326\360U\321"
      checksums: "\326\360U\321"
      checksums: "\326\360U\321"
      checksums: "\326\360U\321"
      checksums: "\326\360U\321"
      checksums: "\326\360U\321"
      checksums: "\326\360U\321"
      checksums: "\326\360U\321"
      checksums: "\326\360U\321"
      checksums: "\326\360U\321"
      checksums: "H$\374\021"
    }
  }
}
version: 3
, data.size=1048576 for 7 attempts with RequestTypeDependentRetryPolicy{WRITE->ExceptionDependentRetry(maxAttempts=2147483647; defaultPolicy=MultipleLinearRandomRetry[5x5s, 5x10s, 5x15s, 5x20s, 5x25s, 10x60s]; map={org.apache.ratis.protocol.exceptions.GroupMismatchException->NoRetry, org.apache.ratis.protocol.exceptions.NotReplicatedException->NoRetry, org.apache.ratis.protocol.exceptions.ResourceUnavailableException->org.apache.ratis.retry.ExponentialBackoffRetry@32cb834c, org.apache.ratis.protocol.exceptions.StateMachineException->NoRetry, org.apache.ratis.protocol.exceptions.TimeoutIOException->org.apache.ratis.retry.ExponentialBackoffRetry@32cb834c}), WATCH->ExceptionDependentRetry(maxAttempts=2147483647; defaultPolicy=MultipleLinearRandomRetry[5x5s, 5x10s, 5x15s, 5x20s, 5x25s, 10x60s]; map={org.apache.ratis.protocol.exceptions.GroupMismatchException->NoRetry, org.apache.ratis.protocol.exceptions.NotReplicatedException->NoRetry, org.apache.ratis.protocol.exceptions.ResourceUnavailableException->org.apache.ratis.retry.ExponentialBackoffRetry@32cb834c, org.apache.ratis.protocol.exceptions.StateMachineException->NoRetry, org.apache.ratis.protocol.exceptions.TimeoutIOException->NoRetry})}
	at java.base/java.util.concurrent.CompletableFuture.encodeThrowable(CompletableFuture.java:332)
	at java.base/java.util.concurrent.CompletableFuture.completeThrowable(CompletableFuture.java:347)
	at java.base/java.util.concurrent.CompletableFuture$UniApply.tryFire(CompletableFuture.java:636)
	at java.base/java.util.concurrent.CompletableFuture.postComplete(CompletableFuture.java:510)
	at java.base/java.util.concurrent.CompletableFuture.completeExceptionally(CompletableFuture.java:2194)
	at org.apache.ratis.client.impl.OrderedAsync$PendingOrderedRequest.fail(OrderedAsync.java:111)
	at org.apache.ratis.util.SlidingWindow$Client.fail(SlidingWindow.java:395)
	at org.apache.ratis.client.impl.OrderedAsync.failAllAsyncRequests(OrderedAsync.java:155)
	at org.apache.ratis.client.impl.OrderedAsync.handleException(OrderedAsync.java:239)
	at org.apache.ratis.client.impl.OrderedAsync.lambda$sendRequestWithRetry$7(OrderedAsync.java:217)
	at java.base/java.util.concurrent.CompletableFuture.uniExceptionally(CompletableFuture.java:990)
	at java.base/java.util.concurrent.CompletableFuture$UniExceptionally.tryFire(CompletableFuture.java:974)
	at java.base/java.util.concurrent.CompletableFuture.postComplete(CompletableFuture.java:510)
	at java.base/java.util.concurrent.CompletableFuture.completeExceptionally(CompletableFuture.java:2194)
	at org.apache.ratis.grpc.client.GrpcClientProtocolClient$AsyncStreamObservers.completeReplyExceptionally(GrpcClientProtocolClient.java:397)
	at org.apache.ratis.grpc.client.GrpcClientProtocolClient$AsyncStreamObservers.access$000(GrpcClientProtocolClient.java:303)
	at org.apache.ratis.grpc.client.GrpcClientProtocolClient$AsyncStreamObservers$1.onNext(GrpcClientProtocolClient.java:317)
	at org.apache.ratis.grpc.client.GrpcClientProtocolClient$AsyncStreamObservers$1.onNext(GrpcClientProtocolClient.java:308)
	at org.apache.ratis.thirdparty.io.grpc.stub.ClientCalls$StreamObserverToCallListenerAdapter.onMessage(ClientCalls.java:551)
	at org.apache.ratis.thirdparty.io.grpc.ForwardingClientCallListener.onMessage(ForwardingClientCallListener.java:33)
	at org.apache.ratis.thirdparty.io.grpc.internal.ClientCallImpl$ClientStreamListenerImpl$1MessagesAvailable.runInternal(ClientCallImpl.java:661)
	at org.apache.ratis.thirdparty.io.grpc.internal.ClientCallImpl$ClientStreamListenerImpl$1MessagesAvailable.runInContext(ClientCallImpl.java:648)
	at org.apache.ratis.thirdparty.io.grpc.internal.ContextRunnable.run(ContextRunnable.java:37)
	at org.apache.ratis.thirdparty.io.grpc.internal.SerializingExecutor.run(SerializingExecutor.java:133)
	at java.base/java.util.concurrent.ThreadPoolExecutor.runWorker(ThreadPoolExecutor.java:1144)
	at java.base/java.util.concurrent.ThreadPoolExecutor$Worker.run(ThreadPoolExecutor.java:642)
	at java.base/java.lang.Thread.run(Thread.java:1583)
Caused by: org.apache.ratis.protocol.exceptions.RaftRetryFailureException: Failed RaftClientRequest:client-730261A1D9D9->8eb9963e-bce0-4155-aea2-e442cadff8bd@group-715EBF8096A7, cid=16, seq=4*, RW, cmdType: WriteChunk
traceID: ""
containerID: 1
datanodeUuid: "b5a25cc1-46d3-4381-a194-bd68f4526f1c"
writeChunk {
  blockID {
    containerID: 1
    localID: 115816896921600001
    blockCommitSequenceId: 2
    replicaIndex: 0
  }
  chunkData {
    chunkName: "115816896921600001_chunk_2"
    offset: 1048576
    len: 1048576
    checksumData {
      type: CRC32
      bytesPerChecksum: 16384
      checksums: "\326\360U\321"
      checksums: "\326\360U\321"
      checksums: "\326\360U\321"
      checksums: "\326\360U\321"
      checksums: "\326\360U\321"
      checksums: "\326\360U\321"
      checksums: "\326\360U\321"
      checksums: "\326\360U\321"
      checksums: "\326\360U\321"
      checksums: "\326\360U\321"
      checksums: "\326\360U\321"
      checksums: "\326\360U\321"
      checksums: "\326\360U\321"
      checksums: "\326\360U\321"
      checksums: "\326\360U\321"
      checksums: "\326\360U\321"
      checksums: "\326\360U\321"
      checksums: "\326\360U\321"
      checksums: "\326\360U\321"
      checksums: "\326\360U\321"
      checksums: "\326\360U\321"
      checksums: "\326\360U\321"
      checksums: "\326\360U\321"
      checksums: "\326\360U\321"
      checksums: "\326\360U\321"
      checksums: "\326\360U\321"
      checksums: "\326\360U\321"
      checksums: "\326\360U\321"
      checksums: "\326\360U\321"
      checksums: "\326\360U\321"
      checksums: "\326\360U\321"
      checksums: "\326\360U\321"
      checksums: "\326\360U\321"
      checksums: "\326\360U\321"
      checksums: "\326\360U\321"
      checksums: "\326\360U\321"
      checksums: "\326\360U\321"
      checksums: "\326\360U\321"
      checksums: "\326\360U\321"
      checksums: "\326\360U\321"
      checksums: "\326\360U\321"
      checksums: "\326\360U\321"
      checksums: "\326\360U\321"
      checksums: "\326\360U\321"
      checksums: "\326\360U\321"
      checksums: "\326\360U\321"
      checksums: "\326\360U\321"
      checksums: "\326\360U\321"
      checksums: "\326\360U\321"
      checksums: "\326\360U\321"
      checksums: "\326\360U\321"
      checksums: "\326\360U\321"
      checksums: "\326\360U\321"
      checksums: "\326\360U\321"
      checksums: "\326\360U\321"
      checksums: "\326\360U\321"
      checksums: "\326\360U\321"
      checksums: "\326\360U\321"
      checksums: "\326\360U\321"
      checksums: "\326\360U\321"
      checksums: "\326\360U\321"
      checksums: "\326\360U\321"
      checksums: "\326\360U\321"
      checksums: "H$\374\021"
    }
  }
}
version: 3
, data.size=1048576 for 7 attempts with RequestTypeDependentRetryPolicy{WRITE->ExceptionDependentRetry(maxAttempts=2147483647; defaultPolicy=MultipleLinearRandomRetry[5x5s, 5x10s, 5x15s, 5x20s, 5x25s, 10x60s]; map={org.apache.ratis.protocol.exceptions.GroupMismatchException->NoRetry, org.apache.ratis.protocol.exceptions.NotReplicatedException->NoRetry, org.apache.ratis.protocol.exceptions.ResourceUnavailableException->org.apache.ratis.retry.ExponentialBackoffRetry@32cb834c, org.apache.ratis.protocol.exceptions.StateMachineException->NoRetry, org.apache.ratis.protocol.exceptions.TimeoutIOException->org.apache.ratis.retry.ExponentialBackoffRetry@32cb834c}), WATCH->ExceptionDependentRetry(maxAttempts=2147483647; defaultPolicy=MultipleLinearRandomRetry[5x5s, 5x10s, 5x15s, 5x20s, 5x25s, 10x60s]; map={org.apache.ratis.protocol.exceptions.GroupMismatchException->NoRetry, org.apache.ratis.protocol.exceptions.NotReplicatedException->NoRetry, org.apache.ratis.protocol.exceptions.ResourceUnavailableException->org.apache.ratis.retry.ExponentialBackoffRetry@32cb834c, org.apache.ratis.protocol.exceptions.StateMachineException->NoRetry, org.apache.ratis.protocol.exceptions.TimeoutIOException->NoRetry})}
	at org.apache.ratis.client.impl.RaftClientImpl.noMoreRetries(RaftClientImpl.java:352)
	... 19 more
Caused by: org.apache.ratis.protocol.exceptions.NotLeaderException: Server 8eb9963e-bce0-4155-aea2-e442cadff8bd@group-715EBF8096A7 is not the leader
	at org.apache.ratis.client.impl.ClientProtoUtils.toRaftClientReply(ClientProtoUtils.java:402)
	at org.apache.ratis.grpc.client.GrpcClientProtocolClient$AsyncStreamObservers$1.onNext(GrpcClientProtocolClient.java:313)
	... 10 more
2025-09-19 20:43:50,428 [grpc-default-executor-2] ERROR impl.OrderedAsync (OrderedAsync.java:lambda$send$4(179)) - Failed to send request, message=cmdType: PutBlock
traceID: ""
containerID: 1
datanodeUuid: "b5a25cc1-46d3-4381-a194-bd68f4526f1c"
putBlock {
  blockData {
    blockID {
      containerID: 1
      localID: 115816896921600001
      blockCommitSequenceId: 0
    }
    metadata {
      key: "TYPE"
      value: "KEY"
    }
    chunks {
      chunkName: "115816896921600001_chunk_1"
      offset: 0
      len: 1048576
      checksumData {
        type: CRC32
        bytesPerChecksum: 16384
        checksums: "\326\360U\321"
        checksums: "\326\360U\321"
        checksums: "\326\360U\321"
        checksums: "\326\360U\321"
        checksums: "\326\360U\321"
        checksums: "\326\360U\321"
        checksums: "\326\360U\321"
        checksums: "\326\360U\321"
        checksums: "\326\360U\321"
        checksums: "\326\360U\321"
        checksums: "\326\360U\321"
        checksums: "\326\360U\321"
        checksums: "\326\360U\321"
        checksums: "\326\360U\321"
        checksums: "\326\360U\321"
        checksums: "\326\360U\321"
        checksums: "\326\360U\321"
        checksums: "\326\360U\321"
        checksums: "\326\360U\321"
        checksums: "\326\360U\321"
        checksums: "\326\360U\321"
        checksums: "\326\360U\321"
        checksums: "\326\360U\321"
        checksums: "\326\360U\321"
        checksums: "\326\360U\321"
        checksums: "\326\360U\321"
        checksums: "\326\360U\321"
        checksums: "\326\360U\321"
        checksums: "\326\360U\321"
        checksums: "\326\360U\321"
        checksums: "\326\360U\321"
        checksums: "\326\360U\321"
        checksums: "\326\360U\321"
        checksums: "\326\360U\321"
        checksums: "\326\360U\321"
        checksums: "\326\360U\321"
        checksums: "\326\360U\321"
        checksums: "\326\360U\321"
        checksums: "\326\360U\321"
        checksums: "\326\360U\321"
        checksums: "\326\360U\321"
        checksums: "\326\360U\321"
        checksums: "\326\360U\321"
        checksums: "\326\360U\321"
        checksums: "\326\360U\321"
        checksums: "\326\360U\321"
        checksums: "\326\360U\321"
        checksums: "\326\360U\321"
        checksums: "\326\360U\321"
        checksums: "\326\360U\321"
        checksums: "\326\360U\321"
        checksums: "\326\360U\321"
        checksums: "\326\360U\321"
        checksums: "\326\360U\321"
        checksums: "\326\360U\321"
        checksums: "\326\360U\321"
        checksums: "\326\360U\321"
        checksums: "\326\360U\321"
        checksums: "\326\360U\321"
        checksums: "\326\360U\321"
        checksums: "\326\360U\321"
        checksums: "\326\360U\321"
        checksums: "\326\360U\321"
        checksums: "H$\374\021"
      }
    }
    chunks {
      chunkName: "115816896921600001_chunk_2"
      offset: 1048576
      len: 1048576
      checksumData {
        type: CRC32
        bytesPerChecksum: 16384
        checksums: "\326\360U\321"
        checksums: "\326\360U\321"
        checksums: "\326\360U\321"
        checksums: "\326\360U\321"
        checksums: "\326\360U\321"
        checksums: "\326\360U\321"
        checksums: "\326\360U\321"
        checksums: "\326\360U\321"
        checksums: "\326\360U\321"
        checksums: "\326\360U\321"
        checksums: "\326\360U\321"
        checksums: "\326\360U\321"
        checksums: "\326\360U\321"
        checksums: "\326\360U\321"
        checksums: "\326\360U\321"
        checksums: "\326\360U\321"
        checksums: "\326\360U\321"
        checksums: "\326\360U\321"
        checksums: "\326\360U\321"
        checksums: "\326\360U\321"
        checksums: "\326\360U\321"
        checksums: "\326\360U\321"
        checksums: "\326\360U\321"
        checksums: "\326\360U\321"
        checksums: "\326\360U\321"
        checksums: "\326\360U\321"
        checksums: "\326\360U\321"
        checksums: "\326\360U\321"
        checksums: "\326\360U\321"
        checksums: "\326\360U\321"
        checksums: "\326\360U\321"
        checksums: "\326\360U\321"
        checksums: "\326\360U\321"
        checksums: "\326\360U\321"
        checksums: "\326\360U\321"
        checksums: "\326\360U\321"
        checksums: "\326\360U\321"
        checksums: "\326\360U\321"
        checksums: "\326\360U\321"
        checksums: "\326\360U\321"
        checksums: "\326\360U\321"
        checksums: "\326\360U\321"
        checksums: "\326\360U\321"
        checksums: "\326\360U\321"
        checksums: "\326\360U\321"
        checksums: "\326\360U\321"
        checksums: "\326\360U\321"
        checksums: "\326\360U\321"
        checksums: "\326\360U\321"
        checksums: "\326\360U\321"
        checksums: "\326\360U\321"
        checksums: "\326\360U\321"
        checksums: "\326\360U\321"
        checksums: "\326\360U\321"
        checksums: "\326\360U\321"
        checksums: "\326\360U\321"
        checksums: "\326\360U\321"
        checksums: "\326\360U\321"
        checksums: "\326\360U\321"
        checksums: "\326\360U\321"
        checksums: "\326\360U\321"
        checksums: "\326\360U\321"
        checksums: "\326\360U\321"
        checksums: "H$\374\021"
      }
    }
  }
  eof: false
}
version: 3
, data.size=0 due to java.util.concurrent.CompletionException: org.apache.ratis.protocol.exceptions.AlreadyClosedException: SlidingWindow$Client:client-730261A1D9D9->RAFT is closed.
2025-09-19 20:43:50,429 [grpc-default-executor-2] ERROR impl.OrderedAsync (OrderedAsync.java:lambda$send$4(179)) - Failed to send request, message=cmdType: WriteChunk
traceID: ""
containerID: 1
datanodeUuid: "b5a25cc1-46d3-4381-a194-bd68f4526f1c"
writeChunk {
  blockID {
    containerID: 1
    localID: 115816896921600001
    blockCommitSequenceId: 2
    replicaIndex: 0
  }
  chunkData {
    chunkName: "115816896921600001_chunk_3"
    offset: 2097152
    len: 1048576
    checksumData {
      type: CRC32
      bytesPerChecksum: 16384
      checksums: "\326\360U\321"
      checksums: "\326\360U\321"
      checksums: "\326\360U\321"
      checksums: "\326\360U\321"
      checksums: "\326\360U\321"
      checksums: "\326\360U\321"
      checksums: "\326\360U\321"
      checksums: "\326\360U\321"
      checksums: "\326\360U\321"
      checksums: "\326\360U\321"
      checksums: "\326\360U\321"
      checksums: "\326\360U\321"
      checksums: "\326\360U\321"
      checksums: "\326\360U\321"
      checksums: "\326\360U\321"
      checksums: "\326\360U\321"
      checksums: "\326\360U\321"
      checksums: "\326\360U\321"
      checksums: "\326\360U\321"
      checksums: "\326\360U\321"
      checksums: "\326\360U\321"
      checksums: "\326\360U\321"
      checksums: "\326\360U\321"
      checksums: "\326\360U\321"
      checksums: "\326\360U\321"
      checksums: "\326\360U\321"
      checksums: "\326\360U\321"
      checksums: "\326\360U\321"
      checksums: "\326\360U\321"
      checksums: "\326\360U\321"
      checksums: "\326\360U\321"
      checksums: "\326\360U\321"
      checksums: "\326\360U\321"
      checksums: "\326\360U\321"
      checksums: "\326\360U\321"
      checksums: "\326\360U\321"
      checksums: "\326\360U\321"
      checksums: "\326\360U\321"
      checksums: "\326\360U\321"
      checksums: "\326\360U\321"
      checksums: "\326\360U\321"
      checksums: "\326\360U\321"
      checksums: "\326\360U\321"
      checksums: "\326\360U\321"
      checksums: "\326\360U\321"
      checksums: "\326\360U\321"
      checksums: "\326\360U\321"
      checksums: "\326\360U\321"
      checksums: "\326\360U\321"
      checksums: "\326\360U\321"
      checksums: "\326\360U\321"
      checksums: "\326\360U\321"
      checksums: "\326\360U\321"
      checksums: "\326\360U\321"
      checksums: "\326\360U\321"
      checksums: "\326\360U\321"
      checksums: "\326\360U\321"
      checksums: "\326\360U\321"
      checksums: "\326\360U\321"
      checksums: "\326\360U\321"
      checksums: "\326\360U\321"
      checksums: "\326\360U\321"
      checksums: "\326\360U\321"
      checksums: "H$\374\021"
    }
  }
}
version: 3
, data.size=1048576 due to java.util.concurrent.CompletionException: org.apache.ratis.protocol.exceptions.AlreadyClosedException: SlidingWindow$Client:client-730261A1D9D9->RAFT is closed.
2025-09-19 20:43:50,430 [grpc-default-executor-2] ERROR impl.OrderedAsync (OrderedAsync.java:lambda$send$4(179)) - Failed to send request, message=cmdType: PutBlock
traceID: ""
containerID: 1
datanodeUuid: "b5a25cc1-46d3-4381-a194-bd68f4526f1c"
putBlock {
  blockData {
    blockID {
      containerID: 1
      localID: 115816896921600001
      blockCommitSequenceId: 0
    }
    metadata {
      key: "TYPE"
      value: "KEY"
    }
    chunks {
      chunkName: "115816896921600001_chunk_1"
      offset: 0
      len: 1048576
      checksumData {
        type: CRC32
        bytesPerChecksum: 16384
        checksums: "\326\360U\321"
        checksums: "\326\360U\321"
        checksums: "\326\360U\321"
        checksums: "\326\360U\321"
        checksums: "\326\360U\321"
        checksums: "\326\360U\321"
        checksums: "\326\360U\321"
        checksums: "\326\360U\321"
        checksums: "\326\360U\321"
        checksums: "\326\360U\321"
        checksums: "\326\360U\321"
        checksums: "\326\360U\321"
        checksums: "\326\360U\321"
        checksums: "\326\360U\321"
        checksums: "\326\360U\321"
        checksums: "\326\360U\321"
        checksums: "\326\360U\321"
        checksums: "\326\360U\321"
        checksums: "\326\360U\321"
        checksums: "\326\360U\321"
        checksums: "\326\360U\321"
        checksums: "\326\360U\321"
        checksums: "\326\360U\321"
        checksums: "\326\360U\321"
        checksums: "\326\360U\321"
        checksums: "\326\360U\321"
        checksums: "\326\360U\321"
        checksums: "\326\360U\321"
        checksums: "\326\360U\321"
        checksums: "\326\360U\321"
        checksums: "\326\360U\321"
        checksums: "\326\360U\321"
        checksums: "\326\360U\321"
        checksums: "\326\360U\321"
        checksums: "\326\360U\321"
        checksums: "\326\360U\321"
        checksums: "\326\360U\321"
        checksums: "\326\360U\321"
        checksums: "\326\360U\321"
        checksums: "\326\360U\321"
        checksums: "\326\360U\321"
        checksums: "\326\360U\321"
        checksums: "\326\360U\321"
        checksums: "\326\360U\321"
        checksums: "\326\360U\321"
        checksums: "\326\360U\321"
        checksums: "\326\360U\321"
        checksums: "\326\360U\321"
        checksums: "\326\360U\321"
        checksums: "\326\360U\321"
        checksums: "\326\360U\321"
        checksums: "\326\360U\321"
        checksums: "\326\360U\321"
        checksums: "\326\360U\321"
        checksums: "\326\360U\321"
        checksums: "\326\360U\321"
        checksums: "\326\360U\321"
        checksums: "\326\360U\321"
        checksums: "\326\360U\321"
        checksums: "\326\360U\321"
        checksums: "\326\360U\321"
        checksums: "\326\360U\321"
        checksums: "\326\360U\321"
        checksums: "H$\374\021"
      }
    }
    chunks {
      chunkName: "115816896921600001_chunk_2"
      offset: 1048576
      len: 1048576
      checksumData {
        type: CRC32
        bytesPerChecksum: 16384
        checksums: "\326\360U\321"
        checksums: "\326\360U\321"
        checksums: "\326\360U\321"
        checksums: "\326\360U\321"
        checksums: "\326\360U\321"
        checksums: "\326\360U\321"
        checksums: "\326\360U\321"
        checksums: "\326\360U\321"
        checksums: "\326\360U\321"
        checksums: "\326\360U\321"
        checksums: "\326\360U\321"
        checksums: "\326\360U\321"
        checksums: "\326\360U\321"
        checksums: "\326\360U\321"
        checksums: "\326\360U\321"
        checksums: "\326\360U\321"
        checksums: "\326\360U\321"
        checksums: "\326\360U\321"
        checksums: "\326\360U\321"
        checksums: "\326\360U\321"
        checksums: "\326\360U\321"
        checksums: "\326\360U\321"
        checksums: "\326\360U\321"
        checksums: "\326\360U\321"
        checksums: "\326\360U\321"
        checksums: "\326\360U\321"
        checksums: "\326\360U\321"
        checksums: "\326\360U\321"
        checksums: "\326\360U\321"
        checksums: "\326\360U\321"
        checksums: "\326\360U\321"
        checksums: "\326\360U\321"
        checksums: "\326\360U\321"
        checksums: "\326\360U\321"
        checksums: "\326\360U\321"
        checksums: "\326\360U\321"
        checksums: "\326\360U\321"
        checksums: "\326\360U\321"
        checksums: "\326\360U\321"
        checksums: "\326\360U\321"
        checksums: "\326\360U\321"
        checksums: "\326\360U\321"
        checksums: "\326\360U\321"
        checksums: "\326\360U\321"
        checksums: "\326\360U\321"
        checksums: "\326\360U\321"
        checksums: "\326\360U\321"
        checksums: "\326\360U\321"
        checksums: "\326\360U\321"
        checksums: "\326\360U\321"
        checksums: "\326\360U\321"
        checksums: "\326\360U\321"
        checksums: "\326\360U\321"
        checksums: "\326\360U\321"
        checksums: "\326\360U\321"
        checksums: "\326\360U\321"
        checksums: "\326\360U\321"
        checksums: "\326\360U\321"
        checksums: "\326\360U\321"
        checksums: "\326\360U\321"
        checksums: "\326\360U\321"
        checksums: "\326\360U\321"
        checksums: "\326\360U\321"
        checksums: "H$\374\021"
      }
    }
    chunks {
      chunkName: "115816896921600001_chunk_3"
      offset: 2097152
      len: 1048576
      checksumData {
        type: CRC32
        bytesPerChecksum: 16384
        checksums: "\326\360U\321"
        checksums: "\326\360U\321"
        checksums: "\326\360U\321"
        checksums: "\326\360U\321"
        checksums: "\326\360U\321"
        checksums: "\326\360U\321"
        checksums: "\326\360U\321"
        checksums: "\326\360U\321"
        checksums: "\326\360U\321"
        checksums: "\326\360U\321"
        checksums: "\326\360U\321"
        checksums: "\326\360U\321"
        checksums: "\326\360U\321"
        checksums: "\326\360U\321"
        checksums: "\326\360U\321"
        checksums: "\326\360U\321"
        checksums: "\326\360U\321"
        checksums: "\326\360U\321"
        checksums: "\326\360U\321"
        checksums: "\326\360U\321"
        checksums: "\326\360U\321"
        checksums: "\326\360U\321"
        checksums: "\326\360U\321"
        checksums: "\326\360U\321"
        checksums: "\326\360U\321"
        checksums: "\326\360U\321"
        checksums: "\326\360U\321"
        checksums: "\326\360U\321"
        checksums: "\326\360U\321"
        checksums: "\326\360U\321"
        checksums: "\326\360U\321"
        checksums: "\326\360U\321"
        checksums: "\326\360U\321"
        checksums: "\326\360U\321"
        checksums: "\326\360U\321"
        checksums: "\326\360U\321"
        checksums: "\326\360U\321"
        checksums: "\326\360U\321"
        checksums: "\326\360U\321"
        checksums: "\326\360U\321"
        checksums: "\326\360U\321"
        checksums: "\326\360U\321"
        checksums: "\326\360U\321"
        checksums: "\326\360U\321"
        checksums: "\326\360U\321"
        checksums: "\326\360U\321"
        checksums: "\326\360U\321"
        checksums: "\326\360U\321"
        checksums: "\326\360U\321"
        checksums: "\326\360U\321"
        checksums: "\326\360U\321"
        checksums: "\326\360U\321"
        checksums: "\326\360U\321"
        checksums: "\326\360U\321"
        checksums: "\326\360U\321"
        checksums: "\326\360U\321"
        checksums: "\326\360U\321"
        checksums: "\326\360U\321"
        checksums: "\326\360U\321"
        checksums: "\326\360U\321"
        checksums: "\326\360U\321"
        checksums: "\326\360U\321"
        checksums: "\326\360U\321"
        checksums: "H$\374\021"
      }
    }
  }
  eof: false
}
version: 3
, data.size=0 due to java.util.concurrent.CompletionException: org.apache.ratis.protocol.exceptions.AlreadyClosedException: SlidingWindow$Client:client-730261A1D9D9->RAFT is closed.
2025-09-19 20:43:50,432 [ForkJoinPool-1-worker-1] WARN  io.KeyOutputStream (KeyOutputStream.java:handleExceptionInternal(377)) - Encountered exception java.io.IOException: Unexpected Storage Container Exception: java.util.concurrent.CompletionException: Failed to write chunk 115816896921600001_chunk_2 into block conID: 1 locID: 115816896921600001 bcsId: 2 replicaIndex: null on the pipeline Pipeline{ Id: 958000d3-2396-49be-82e9-715ebf8096a7, Nodes: [ {b5a25cc1-46d3-4381-a194-bd68f4526f1c(localhost/127.0.0.1), ReplicaIndex: 0}, {0df1231c-9f8a-4757-a7d0-f6d7f53bc482(localhost/127.0.0.1), ReplicaIndex: 0}, {8eb9963e-bce0-4155-aea2-e442cadff8bd(localhost/127.0.0.1), ReplicaIndex: 0},], ReplicationConfig: RATIS/THREE, State:OPEN, leaderId:b5a25cc1-46d3-4381-a194-bd68f4526f1c, CreationTimestamp2025-09-19T20:43:08.702Z[Etc/UTC]}. The last committed block length is 1048576, uncommitted data length is 2097152 retry count 0
2025-09-19 20:43:50,458 [grpc-default-executor-5] ERROR impl.OrderedAsync (OrderedAsync.java:lambda$null$6(215)) -  client-6FE78725B677: Failed* RaftClientRequest:client-6FE78725B677->8eb9963e-bce0-4155-aea2-e442cadff8bd@group-A751954341BD, cid=20, seq=1*, Watch(0), null
java.util.concurrent.CompletionException: org.apache.ratis.protocol.exceptions.NotLeaderException: Server 8eb9963e-bce0-4155-aea2-e442cadff8bd@group-A751954341BD is not the leader
	at java.base/java.util.concurrent.CompletableFuture.encodeThrowable(CompletableFuture.java:332)
	at java.base/java.util.concurrent.CompletableFuture.completeThrowable(CompletableFuture.java:347)
	at java.base/java.util.concurrent.CompletableFuture$UniAccept.tryFire(CompletableFuture.java:708)
	at java.base/java.util.concurrent.CompletableFuture.postComplete(CompletableFuture.java:510)
	at java.base/java.util.concurrent.CompletableFuture.completeExceptionally(CompletableFuture.java:2194)
	at org.apache.ratis.grpc.client.GrpcClientProtocolClient$AsyncStreamObservers.completeReplyExceptionally(GrpcClientProtocolClient.java:397)
	at org.apache.ratis.grpc.client.GrpcClientProtocolClient$AsyncStreamObservers.access$000(GrpcClientProtocolClient.java:303)
	at org.apache.ratis.grpc.client.GrpcClientProtocolClient$AsyncStreamObservers$1.onNext(GrpcClientProtocolClient.java:317)
	at org.apache.ratis.grpc.client.GrpcClientProtocolClient$AsyncStreamObservers$1.onNext(GrpcClientProtocolClient.java:308)
	at org.apache.ratis.thirdparty.io.grpc.stub.ClientCalls$StreamObserverToCallListenerAdapter.onMessage(ClientCalls.java:551)
	at org.apache.ratis.thirdparty.io.grpc.ForwardingClientCallListener.onMessage(ForwardingClientCallListener.java:33)
	at org.apache.ratis.thirdparty.io.grpc.internal.ClientCallImpl$ClientStreamListenerImpl$1MessagesAvailable.runInternal(ClientCallImpl.java:661)
	at org.apache.ratis.thirdparty.io.grpc.internal.ClientCallImpl$ClientStreamListenerImpl$1MessagesAvailable.runInContext(ClientCallImpl.java:648)
	at org.apache.ratis.thirdparty.io.grpc.internal.ContextRunnable.run(ContextRunnable.java:37)
	at org.apache.ratis.thirdparty.io.grpc.internal.SerializingExecutor.run(SerializingExecutor.java:133)
	at java.base/java.util.concurrent.ThreadPoolExecutor.runWorker(ThreadPoolExecutor.java:1144)
	at java.base/java.util.concurrent.ThreadPoolExecutor$Worker.run(ThreadPoolExecutor.java:642)
	at java.base/java.lang.Thread.run(Thread.java:1583)
Caused by: org.apache.ratis.protocol.exceptions.NotLeaderException: Server 8eb9963e-bce0-4155-aea2-e442cadff8bd@group-A751954341BD is not the leader
	at org.apache.ratis.client.impl.ClientProtoUtils.toRaftClientReply(ClientProtoUtils.java:402)
	at org.apache.ratis.grpc.client.GrpcClientProtocolClient$AsyncStreamObservers$1.onNext(GrpcClientProtocolClient.java:313)
	... 10 more
2025-09-19 20:43:50,934 [8eb9963e-bce0-4155-aea2-e442cadff8bd@group-A751954341BD-FollowerState] INFO  impl.FollowerState (FollowerState.java:runImpl(161)) - 8eb9963e-bce0-4155-aea2-e442cadff8bd@group-A751954341BD-FollowerState: change to CANDIDATE, lastRpcElapsedTime:1065248216ns, electionTimeout:1065ms
2025-09-19 20:43:50,934 [8eb9963e-bce0-4155-aea2-e442cadff8bd@group-A751954341BD-FollowerState] INFO  impl.RoleInfo (RoleInfo.java:shutdownFollowerState(121)) - 8eb9963e-bce0-4155-aea2-e442cadff8bd: shutdown 8eb9963e-bce0-4155-aea2-e442cadff8bd@group-A751954341BD-FollowerState
2025-09-19 20:43:50,934 [8eb9963e-bce0-4155-aea2-e442cadff8bd@group-A751954341BD-FollowerState] INFO  server.RaftServer$Division (RaftServerImpl.java:setRole(392)) - 8eb9963e-bce0-4155-aea2-e442cadff8bd@group-A751954341BD: changes role from  FOLLOWER to CANDIDATE at term 1 for changeToCandidate
2025-09-19 20:43:50,934 [8eb9963e-bce0-4155-aea2-e442cadff8bd@group-A751954341BD-FollowerState] INFO  impl.RoleInfo (RoleInfo.java:updateAndGet(148)) - 8eb9963e-bce0-4155-aea2-e442cadff8bd: start 8eb9963e-bce0-4155-aea2-e442cadff8bd@group-A751954341BD-LeaderElection77
2025-09-19 20:43:50,934 [8eb9963e-bce0-4155-aea2-e442cadff8bd@group-A751954341BD-LeaderElection77] INFO  impl.LeaderElection (LeaderElection.java:askForVotes(448)) - 8eb9963e-bce0-4155-aea2-e442cadff8bd@group-A751954341BD-LeaderElection77 PRE_VOTE round 0: submit vote requests at term 1 for conf: {index: 0, cur=peers:[b5a25cc1-46d3-4381-a194-bd68f4526f1c|127.0.0.1:15031, 0df1231c-9f8a-4757-a7d0-f6d7f53bc482|127.0.0.1:15023, 8eb9963e-bce0-4155-aea2-e442cadff8bd|127.0.0.1:15015]|listeners:[], old=null}
2025-09-19 20:43:50,935 [8eb9963e-bce0-4155-aea2-e442cadff8bd@group-A751954341BD-LeaderElection77] INFO  impl.LeaderElection (LogUtils.java:infoOrTrace(142)) - 8eb9963e-bce0-4155-aea2-e442cadff8bd@group-A751954341BD-LeaderElection77 got exception when requesting votes: java.util.concurrent.ExecutionException: org.apache.ratis.thirdparty.io.grpc.StatusRuntimeException: UNAVAILABLE: io exception
2025-09-19 20:43:50,935 [8eb9963e-bce0-4155-aea2-e442cadff8bd@group-A751954341BD-LeaderElection77] INFO  impl.LeaderElection (LogUtils.java:infoOrTrace(142)) - 8eb9963e-bce0-4155-aea2-e442cadff8bd@group-A751954341BD-LeaderElection77 got exception when requesting votes: java.util.concurrent.ExecutionException: org.apache.ratis.thirdparty.io.grpc.StatusRuntimeException: UNAVAILABLE: io exception
2025-09-19 20:43:50,935 [8eb9963e-bce0-4155-aea2-e442cadff8bd@group-A751954341BD-LeaderElection77] INFO  impl.LeaderElection (LeaderElection.java:logAndReturn(206)) - 8eb9963e-bce0-4155-aea2-e442cadff8bd@group-A751954341BD-LeaderElection77: PRE_VOTE REJECTED received 0 response(s) and 2 exception(s):
2025-09-19 20:43:50,935 [8eb9963e-bce0-4155-aea2-e442cadff8bd@group-A751954341BD-LeaderElection77] INFO  impl.LeaderElection (LogUtils.java:infoOrTrace(142)) -   Exception 0: java.util.concurrent.ExecutionException: org.apache.ratis.thirdparty.io.grpc.StatusRuntimeException: UNAVAILABLE: io exception
2025-09-19 20:43:50,935 [8eb9963e-bce0-4155-aea2-e442cadff8bd@group-A751954341BD-LeaderElection77] INFO  impl.LeaderElection (LogUtils.java:infoOrTrace(142)) -   Exception 1: java.util.concurrent.ExecutionException: org.apache.ratis.thirdparty.io.grpc.StatusRuntimeException: UNAVAILABLE: io exception
2025-09-19 20:43:50,935 [8eb9963e-bce0-4155-aea2-e442cadff8bd@group-A751954341BD-LeaderElection77] INFO  impl.LeaderElection (LeaderElection.java:askForVotes(450)) - 8eb9963e-bce0-4155-aea2-e442cadff8bd@group-A751954341BD-LeaderElection77 PRE_VOTE round 0: result REJECTED
2025-09-19 20:43:50,935 [8eb9963e-bce0-4155-aea2-e442cadff8bd@group-A751954341BD-LeaderElection77] INFO  server.RaftServer$Division (RaftServerImpl.java:setRole(392)) - 8eb9963e-bce0-4155-aea2-e442cadff8bd@group-A751954341BD: changes role from CANDIDATE to FOLLOWER at term 1 for REJECTED
2025-09-19 20:43:50,935 [8eb9963e-bce0-4155-aea2-e442cadff8bd@group-A751954341BD-LeaderElection77] INFO  impl.RoleInfo (RoleInfo.java:shutdownLeaderElection(141)) - 8eb9963e-bce0-4155-aea2-e442cadff8bd: shutdown 8eb9963e-bce0-4155-aea2-e442cadff8bd@group-A751954341BD-LeaderElection77
2025-09-19 20:43:50,935 [8eb9963e-bce0-4155-aea2-e442cadff8bd@group-A751954341BD-LeaderElection77] INFO  impl.RoleInfo (RoleInfo.java:updateAndGet(148)) - 8eb9963e-bce0-4155-aea2-e442cadff8bd: start 8eb9963e-bce0-4155-aea2-e442cadff8bd@group-A751954341BD-FollowerState
2025-09-19 20:43:51,244 [8eb9963e-bce0-4155-aea2-e442cadff8bd@group-715EBF8096A7-FollowerState] INFO  impl.FollowerState (FollowerState.java:runImpl(161)) - 8eb9963e-bce0-4155-aea2-e442cadff8bd@group-715EBF8096A7-FollowerState: change to CANDIDATE, lastRpcElapsedTime:1001263960ns, electionTimeout:1001ms
2025-09-19 20:43:51,244 [8eb9963e-bce0-4155-aea2-e442cadff8bd@group-715EBF8096A7-FollowerState] INFO  impl.RoleInfo (RoleInfo.java:shutdownFollowerState(121)) - 8eb9963e-bce0-4155-aea2-e442cadff8bd: shutdown 8eb9963e-bce0-4155-aea2-e442cadff8bd@group-715EBF8096A7-FollowerState
2025-09-19 20:43:51,244 [8eb9963e-bce0-4155-aea2-e442cadff8bd@group-715EBF8096A7-FollowerState] INFO  server.RaftServer$Division (RaftServerImpl.java:setRole(392)) - 8eb9963e-bce0-4155-aea2-e442cadff8bd@group-715EBF8096A7: changes role from  FOLLOWER to CANDIDATE at term 2 for changeToCandidate
2025-09-19 20:43:51,244 [8eb9963e-bce0-4155-aea2-e442cadff8bd@group-715EBF8096A7-FollowerState] INFO  impl.RoleInfo (RoleInfo.java:updateAndGet(148)) - 8eb9963e-bce0-4155-aea2-e442cadff8bd: start 8eb9963e-bce0-4155-aea2-e442cadff8bd@group-715EBF8096A7-LeaderElection78
2025-09-19 20:43:51,244 [8eb9963e-bce0-4155-aea2-e442cadff8bd@group-715EBF8096A7-LeaderElection78] INFO  impl.LeaderElection (LeaderElection.java:askForVotes(448)) - 8eb9963e-bce0-4155-aea2-e442cadff8bd@group-715EBF8096A7-LeaderElection78 PRE_VOTE round 0: submit vote requests at term 2 for conf: {index: 5, cur=peers:[b5a25cc1-46d3-4381-a194-bd68f4526f1c|127.0.0.1:15031, 0df1231c-9f8a-4757-a7d0-f6d7f53bc482|127.0.0.1:15023, 8eb9963e-bce0-4155-aea2-e442cadff8bd|127.0.0.1:15015]|listeners:[], old=null}
2025-09-19 20:43:51,245 [8eb9963e-bce0-4155-aea2-e442cadff8bd@group-715EBF8096A7-LeaderElection78] INFO  impl.LeaderElection (LogUtils.java:infoOrTrace(142)) - 8eb9963e-bce0-4155-aea2-e442cadff8bd@group-715EBF8096A7-LeaderElection78 got exception when requesting votes: java.util.concurrent.ExecutionException: org.apache.ratis.thirdparty.io.grpc.StatusRuntimeException: UNAVAILABLE: io exception
2025-09-19 20:43:51,245 [8eb9963e-bce0-4155-aea2-e442cadff8bd@group-715EBF8096A7-LeaderElection78] INFO  impl.LeaderElection (LogUtils.java:infoOrTrace(142)) - 8eb9963e-bce0-4155-aea2-e442cadff8bd@group-715EBF8096A7-LeaderElection78 got exception when requesting votes: java.util.concurrent.ExecutionException: org.apache.ratis.thirdparty.io.grpc.StatusRuntimeException: UNAVAILABLE: io exception
2025-09-19 20:43:51,245 [8eb9963e-bce0-4155-aea2-e442cadff8bd@group-715EBF8096A7-LeaderElection78] INFO  impl.LeaderElection (LeaderElection.java:logAndReturn(206)) - 8eb9963e-bce0-4155-aea2-e442cadff8bd@group-715EBF8096A7-LeaderElection78: PRE_VOTE REJECTED received 0 response(s) and 2 exception(s):
2025-09-19 20:43:51,245 [8eb9963e-bce0-4155-aea2-e442cadff8bd@group-715EBF8096A7-LeaderElection78] INFO  impl.LeaderElection (LogUtils.java:infoOrTrace(142)) -   Exception 0: java.util.concurrent.ExecutionException: org.apache.ratis.thirdparty.io.grpc.StatusRuntimeException: UNAVAILABLE: io exception
2025-09-19 20:43:51,245 [8eb9963e-bce0-4155-aea2-e442cadff8bd@group-715EBF8096A7-LeaderElection78] INFO  impl.LeaderElection (LogUtils.java:infoOrTrace(142)) -   Exception 1: java.util.concurrent.ExecutionException: org.apache.ratis.thirdparty.io.grpc.StatusRuntimeException: UNAVAILABLE: io exception
2025-09-19 20:43:51,245 [8eb9963e-bce0-4155-aea2-e442cadff8bd@group-715EBF8096A7-LeaderElection78] INFO  impl.LeaderElection (LeaderElection.java:askForVotes(450)) - 8eb9963e-bce0-4155-aea2-e442cadff8bd@group-715EBF8096A7-LeaderElection78 PRE_VOTE round 0: result REJECTED
2025-09-19 20:43:51,245 [8eb9963e-bce0-4155-aea2-e442cadff8bd@group-715EBF8096A7-LeaderElection78] INFO  server.RaftServer$Division (RaftServerImpl.java:setRole(392)) - 8eb9963e-bce0-4155-aea2-e442cadff8bd@group-715EBF8096A7: changes role from CANDIDATE to FOLLOWER at term 2 for REJECTED
2025-09-19 20:43:51,245 [8eb9963e-bce0-4155-aea2-e442cadff8bd@group-715EBF8096A7-LeaderElection78] INFO  impl.RoleInfo (RoleInfo.java:shutdownLeaderElection(141)) - 8eb9963e-bce0-4155-aea2-e442cadff8bd: shutdown 8eb9963e-bce0-4155-aea2-e442cadff8bd@group-715EBF8096A7-LeaderElection78
2025-09-19 20:43:51,245 [8eb9963e-bce0-4155-aea2-e442cadff8bd@group-715EBF8096A7-LeaderElection78] INFO  impl.RoleInfo (RoleInfo.java:updateAndGet(148)) - 8eb9963e-bce0-4155-aea2-e442cadff8bd: start 8eb9963e-bce0-4155-aea2-e442cadff8bd@group-715EBF8096A7-FollowerState
2025-09-19 20:43:52,075 [8eb9963e-bce0-4155-aea2-e442cadff8bd@group-A751954341BD-FollowerState] INFO  impl.FollowerState (FollowerState.java:runImpl(161)) - 8eb9963e-bce0-4155-aea2-e442cadff8bd@group-A751954341BD-FollowerState: change to CANDIDATE, lastRpcElapsedTime:1139405920ns, electionTimeout:1139ms
2025-09-19 20:43:52,075 [8eb9963e-bce0-4155-aea2-e442cadff8bd@group-A751954341BD-FollowerState] INFO  impl.RoleInfo (RoleInfo.java:shutdownFollowerState(121)) - 8eb9963e-bce0-4155-aea2-e442cadff8bd: shutdown 8eb9963e-bce0-4155-aea2-e442cadff8bd@group-A751954341BD-FollowerState
2025-09-19 20:43:52,075 [8eb9963e-bce0-4155-aea2-e442cadff8bd@group-A751954341BD-FollowerState] INFO  server.RaftServer$Division (RaftServerImpl.java:setRole(392)) - 8eb9963e-bce0-4155-aea2-e442cadff8bd@group-A751954341BD: changes role from  FOLLOWER to CANDIDATE at term 1 for changeToCandidate
2025-09-19 20:43:52,075 [8eb9963e-bce0-4155-aea2-e442cadff8bd@group-A751954341BD-FollowerState] INFO  impl.RoleInfo (RoleInfo.java:updateAndGet(148)) - 8eb9963e-bce0-4155-aea2-e442cadff8bd: start 8eb9963e-bce0-4155-aea2-e442cadff8bd@group-A751954341BD-LeaderElection79
2025-09-19 20:43:52,075 [8eb9963e-bce0-4155-aea2-e442cadff8bd@group-A751954341BD-LeaderElection79] INFO  impl.LeaderElection (LeaderElection.java:askForVotes(448)) - 8eb9963e-bce0-4155-aea2-e442cadff8bd@group-A751954341BD-LeaderElection79 PRE_VOTE round 0: submit vote requests at term 1 for conf: {index: 0, cur=peers:[b5a25cc1-46d3-4381-a194-bd68f4526f1c|127.0.0.1:15031, 0df1231c-9f8a-4757-a7d0-f6d7f53bc482|127.0.0.1:15023, 8eb9963e-bce0-4155-aea2-e442cadff8bd|127.0.0.1:15015]|listeners:[], old=null}
2025-09-19 20:43:52,076 [8eb9963e-bce0-4155-aea2-e442cadff8bd@group-A751954341BD-LeaderElection79] INFO  impl.LeaderElection (LogUtils.java:infoOrTrace(142)) - 8eb9963e-bce0-4155-aea2-e442cadff8bd@group-A751954341BD-LeaderElection79 got exception when requesting votes: java.util.concurrent.ExecutionException: org.apache.ratis.thirdparty.io.grpc.StatusRuntimeException: UNAVAILABLE: io exception
2025-09-19 20:43:52,076 [8eb9963e-bce0-4155-aea2-e442cadff8bd@group-A751954341BD-LeaderElection79] INFO  impl.LeaderElection (LogUtils.java:infoOrTrace(142)) - 8eb9963e-bce0-4155-aea2-e442cadff8bd@group-A751954341BD-LeaderElection79 got exception when requesting votes: java.util.concurrent.ExecutionException: org.apache.ratis.thirdparty.io.grpc.StatusRuntimeException: UNAVAILABLE: io exception
2025-09-19 20:43:52,076 [8eb9963e-bce0-4155-aea2-e442cadff8bd@group-A751954341BD-LeaderElection79] INFO  impl.LeaderElection (LeaderElection.java:logAndReturn(206)) - 8eb9963e-bce0-4155-aea2-e442cadff8bd@group-A751954341BD-LeaderElection79: PRE_VOTE REJECTED received 0 response(s) and 2 exception(s):
2025-09-19 20:43:52,077 [8eb9963e-bce0-4155-aea2-e442cadff8bd@group-A751954341BD-LeaderElection79] INFO  impl.LeaderElection (LogUtils.java:infoOrTrace(142)) -   Exception 0: java.util.concurrent.ExecutionException: org.apache.ratis.thirdparty.io.grpc.StatusRuntimeException: UNAVAILABLE: io exception
2025-09-19 20:43:52,077 [8eb9963e-bce0-4155-aea2-e442cadff8bd@group-A751954341BD-LeaderElection79] INFO  impl.LeaderElection (LogUtils.java:infoOrTrace(142)) -   Exception 1: java.util.concurrent.ExecutionException: org.apache.ratis.thirdparty.io.grpc.StatusRuntimeException: UNAVAILABLE: io exception
2025-09-19 20:43:52,077 [8eb9963e-bce0-4155-aea2-e442cadff8bd@group-A751954341BD-LeaderElection79] INFO  impl.LeaderElection (LeaderElection.java:askForVotes(450)) - 8eb9963e-bce0-4155-aea2-e442cadff8bd@group-A751954341BD-LeaderElection79 PRE_VOTE round 0: result REJECTED
2025-09-19 20:43:52,077 [8eb9963e-bce0-4155-aea2-e442cadff8bd@group-A751954341BD-LeaderElection79] INFO  server.RaftServer$Division (RaftServerImpl.java:setRole(392)) - 8eb9963e-bce0-4155-aea2-e442cadff8bd@group-A751954341BD: changes role from CANDIDATE to FOLLOWER at term 1 for REJECTED
2025-09-19 20:43:52,077 [8eb9963e-bce0-4155-aea2-e442cadff8bd@group-A751954341BD-LeaderElection79] INFO  impl.RoleInfo (RoleInfo.java:shutdownLeaderElection(141)) - 8eb9963e-bce0-4155-aea2-e442cadff8bd: shutdown 8eb9963e-bce0-4155-aea2-e442cadff8bd@group-A751954341BD-LeaderElection79
2025-09-19 20:43:52,077 [8eb9963e-bce0-4155-aea2-e442cadff8bd@group-A751954341BD-LeaderElection79] INFO  impl.RoleInfo (RoleInfo.java:updateAndGet(148)) - 8eb9963e-bce0-4155-aea2-e442cadff8bd: start 8eb9963e-bce0-4155-aea2-e442cadff8bd@group-A751954341BD-FollowerState
2025-09-19 20:43:52,312 [8eb9963e-bce0-4155-aea2-e442cadff8bd@group-715EBF8096A7-FollowerState] INFO  impl.FollowerState (FollowerState.java:runImpl(161)) - 8eb9963e-bce0-4155-aea2-e442cadff8bd@group-715EBF8096A7-FollowerState: change to CANDIDATE, lastRpcElapsedTime:1066294751ns, electionTimeout:1066ms
2025-09-19 20:43:52,312 [8eb9963e-bce0-4155-aea2-e442cadff8bd@group-715EBF8096A7-FollowerState] INFO  impl.RoleInfo (RoleInfo.java:shutdownFollowerState(121)) - 8eb9963e-bce0-4155-aea2-e442cadff8bd: shutdown 8eb9963e-bce0-4155-aea2-e442cadff8bd@group-715EBF8096A7-FollowerState
2025-09-19 20:43:52,312 [8eb9963e-bce0-4155-aea2-e442cadff8bd@group-715EBF8096A7-FollowerState] INFO  server.RaftServer$Division (RaftServerImpl.java:setRole(392)) - 8eb9963e-bce0-4155-aea2-e442cadff8bd@group-715EBF8096A7: changes role from  FOLLOWER to CANDIDATE at term 2 for changeToCandidate
2025-09-19 20:43:52,312 [8eb9963e-bce0-4155-aea2-e442cadff8bd@group-715EBF8096A7-FollowerState] INFO  impl.RoleInfo (RoleInfo.java:updateAndGet(148)) - 8eb9963e-bce0-4155-aea2-e442cadff8bd: start 8eb9963e-bce0-4155-aea2-e442cadff8bd@group-715EBF8096A7-LeaderElection80
2025-09-19 20:43:52,312 [8eb9963e-bce0-4155-aea2-e442cadff8bd@group-715EBF8096A7-LeaderElection80] INFO  impl.LeaderElection (LeaderElection.java:askForVotes(448)) - 8eb9963e-bce0-4155-aea2-e442cadff8bd@group-715EBF8096A7-LeaderElection80 PRE_VOTE round 0: submit vote requests at term 2 for conf: {index: 5, cur=peers:[b5a25cc1-46d3-4381-a194-bd68f4526f1c|127.0.0.1:15031, 0df1231c-9f8a-4757-a7d0-f6d7f53bc482|127.0.0.1:15023, 8eb9963e-bce0-4155-aea2-e442cadff8bd|127.0.0.1:15015]|listeners:[], old=null}
2025-09-19 20:43:52,313 [8eb9963e-bce0-4155-aea2-e442cadff8bd@group-715EBF8096A7-LeaderElection80] INFO  impl.LeaderElection (LogUtils.java:infoOrTrace(142)) - 8eb9963e-bce0-4155-aea2-e442cadff8bd@group-715EBF8096A7-LeaderElection80 got exception when requesting votes: java.util.concurrent.ExecutionException: org.apache.ratis.thirdparty.io.grpc.StatusRuntimeException: UNAVAILABLE: io exception
2025-09-19 20:43:52,313 [8eb9963e-bce0-4155-aea2-e442cadff8bd@group-715EBF8096A7-LeaderElection80] INFO  impl.LeaderElection (LogUtils.java:infoOrTrace(142)) - 8eb9963e-bce0-4155-aea2-e442cadff8bd@group-715EBF8096A7-LeaderElection80 got exception when requesting votes: java.util.concurrent.ExecutionException: org.apache.ratis.thirdparty.io.grpc.StatusRuntimeException: UNAVAILABLE: io exception
2025-09-19 20:43:52,313 [8eb9963e-bce0-4155-aea2-e442cadff8bd@group-715EBF8096A7-LeaderElection80] INFO  impl.LeaderElection (LeaderElection.java:logAndReturn(206)) - 8eb9963e-bce0-4155-aea2-e442cadff8bd@group-715EBF8096A7-LeaderElection80: PRE_VOTE REJECTED received 0 response(s) and 2 exception(s):
2025-09-19 20:43:52,313 [8eb9963e-bce0-4155-aea2-e442cadff8bd@group-715EBF8096A7-LeaderElection80] INFO  impl.LeaderElection (LogUtils.java:infoOrTrace(142)) -   Exception 0: java.util.concurrent.ExecutionException: org.apache.ratis.thirdparty.io.grpc.StatusRuntimeException: UNAVAILABLE: io exception
2025-09-19 20:43:52,313 [8eb9963e-bce0-4155-aea2-e442cadff8bd@group-715EBF8096A7-LeaderElection80] INFO  impl.LeaderElection (LogUtils.java:infoOrTrace(142)) -   Exception 1: java.util.concurrent.ExecutionException: org.apache.ratis.thirdparty.io.grpc.StatusRuntimeException: UNAVAILABLE: io exception
2025-09-19 20:43:52,313 [8eb9963e-bce0-4155-aea2-e442cadff8bd@group-715EBF8096A7-LeaderElection80] INFO  impl.LeaderElection (LeaderElection.java:askForVotes(450)) - 8eb9963e-bce0-4155-aea2-e442cadff8bd@group-715EBF8096A7-LeaderElection80 PRE_VOTE round 0: result REJECTED
2025-09-19 20:43:52,313 [8eb9963e-bce0-4155-aea2-e442cadff8bd@group-715EBF8096A7-LeaderElection80] INFO  server.RaftServer$Division (RaftServerImpl.java:setRole(392)) - 8eb9963e-bce0-4155-aea2-e442cadff8bd@group-715EBF8096A7: changes role from CANDIDATE to FOLLOWER at term 2 for REJECTED
2025-09-19 20:43:52,313 [8eb9963e-bce0-4155-aea2-e442cadff8bd@group-715EBF8096A7-LeaderElection80] INFO  impl.RoleInfo (RoleInfo.java:shutdownLeaderElection(141)) - 8eb9963e-bce0-4155-aea2-e442cadff8bd: shutdown 8eb9963e-bce0-4155-aea2-e442cadff8bd@group-715EBF8096A7-LeaderElection80
2025-09-19 20:43:52,313 [8eb9963e-bce0-4155-aea2-e442cadff8bd@group-715EBF8096A7-LeaderElection80] INFO  impl.RoleInfo (RoleInfo.java:updateAndGet(148)) - 8eb9963e-bce0-4155-aea2-e442cadff8bd: start 8eb9963e-bce0-4155-aea2-e442cadff8bd@group-715EBF8096A7-FollowerState
2025-09-19 20:43:53,223 [8eb9963e-bce0-4155-aea2-e442cadff8bd@group-A751954341BD-FollowerState] INFO  impl.FollowerState (FollowerState.java:runImpl(161)) - 8eb9963e-bce0-4155-aea2-e442cadff8bd@group-A751954341BD-FollowerState: change to CANDIDATE, lastRpcElapsedTime:1146432513ns, electionTimeout:1146ms
2025-09-19 20:43:53,223 [8eb9963e-bce0-4155-aea2-e442cadff8bd@group-A751954341BD-FollowerState] INFO  impl.RoleInfo (RoleInfo.java:shutdownFollowerState(121)) - 8eb9963e-bce0-4155-aea2-e442cadff8bd: shutdown 8eb9963e-bce0-4155-aea2-e442cadff8bd@group-A751954341BD-FollowerState
2025-09-19 20:43:53,223 [8eb9963e-bce0-4155-aea2-e442cadff8bd@group-A751954341BD-FollowerState] INFO  server.RaftServer$Division (RaftServerImpl.java:setRole(392)) - 8eb9963e-bce0-4155-aea2-e442cadff8bd@group-A751954341BD: changes role from  FOLLOWER to CANDIDATE at term 1 for changeToCandidate
2025-09-19 20:43:53,224 [8eb9963e-bce0-4155-aea2-e442cadff8bd@group-A751954341BD-FollowerState] INFO  impl.RoleInfo (RoleInfo.java:updateAndGet(148)) - 8eb9963e-bce0-4155-aea2-e442cadff8bd: start 8eb9963e-bce0-4155-aea2-e442cadff8bd@group-A751954341BD-LeaderElection81
2025-09-19 20:43:53,224 [8eb9963e-bce0-4155-aea2-e442cadff8bd@group-A751954341BD-LeaderElection81] INFO  impl.LeaderElection (LeaderElection.java:askForVotes(448)) - 8eb9963e-bce0-4155-aea2-e442cadff8bd@group-A751954341BD-LeaderElection81 PRE_VOTE round 0: submit vote requests at term 1 for conf: {index: 0, cur=peers:[b5a25cc1-46d3-4381-a194-bd68f4526f1c|127.0.0.1:15031, 0df1231c-9f8a-4757-a7d0-f6d7f53bc482|127.0.0.1:15023, 8eb9963e-bce0-4155-aea2-e442cadff8bd|127.0.0.1:15015]|listeners:[], old=null}
2025-09-19 20:43:53,224 [8eb9963e-bce0-4155-aea2-e442cadff8bd@group-A751954341BD-LeaderElection81] INFO  impl.LeaderElection (LogUtils.java:infoOrTrace(142)) - 8eb9963e-bce0-4155-aea2-e442cadff8bd@group-A751954341BD-LeaderElection81 got exception when requesting votes: java.util.concurrent.ExecutionException: org.apache.ratis.thirdparty.io.grpc.StatusRuntimeException: UNAVAILABLE: io exception
2025-09-19 20:43:53,225 [8eb9963e-bce0-4155-aea2-e442cadff8bd@group-A751954341BD-LeaderElection81] INFO  impl.LeaderElection (LogUtils.java:infoOrTrace(142)) - 8eb9963e-bce0-4155-aea2-e442cadff8bd@group-A751954341BD-LeaderElection81 got exception when requesting votes: java.util.concurrent.ExecutionException: org.apache.ratis.thirdparty.io.grpc.StatusRuntimeException: UNAVAILABLE: io exception
2025-09-19 20:43:53,225 [8eb9963e-bce0-4155-aea2-e442cadff8bd@group-A751954341BD-LeaderElection81] INFO  impl.LeaderElection (LeaderElection.java:logAndReturn(206)) - 8eb9963e-bce0-4155-aea2-e442cadff8bd@group-A751954341BD-LeaderElection81: PRE_VOTE REJECTED received 0 response(s) and 2 exception(s):
2025-09-19 20:43:53,225 [8eb9963e-bce0-4155-aea2-e442cadff8bd@group-A751954341BD-LeaderElection81] INFO  impl.LeaderElection (LogUtils.java:infoOrTrace(142)) -   Exception 0: java.util.concurrent.ExecutionException: org.apache.ratis.thirdparty.io.grpc.StatusRuntimeException: UNAVAILABLE: io exception
2025-09-19 20:43:53,225 [8eb9963e-bce0-4155-aea2-e442cadff8bd@group-A751954341BD-LeaderElection81] INFO  impl.LeaderElection (LogUtils.java:infoOrTrace(142)) -   Exception 1: java.util.concurrent.ExecutionException: org.apache.ratis.thirdparty.io.grpc.StatusRuntimeException: UNAVAILABLE: io exception
2025-09-19 20:43:53,225 [8eb9963e-bce0-4155-aea2-e442cadff8bd@group-A751954341BD-LeaderElection81] INFO  impl.LeaderElection (LeaderElection.java:askForVotes(450)) - 8eb9963e-bce0-4155-aea2-e442cadff8bd@group-A751954341BD-LeaderElection81 PRE_VOTE round 0: result REJECTED
2025-09-19 20:43:53,225 [8eb9963e-bce0-4155-aea2-e442cadff8bd@group-A751954341BD-LeaderElection81] INFO  server.RaftServer$Division (RaftServerImpl.java:setRole(392)) - 8eb9963e-bce0-4155-aea2-e442cadff8bd@group-A751954341BD: changes role from CANDIDATE to FOLLOWER at term 1 for REJECTED
2025-09-19 20:43:53,225 [8eb9963e-bce0-4155-aea2-e442cadff8bd@group-A751954341BD-LeaderElection81] INFO  impl.RoleInfo (RoleInfo.java:shutdownLeaderElection(141)) - 8eb9963e-bce0-4155-aea2-e442cadff8bd: shutdown 8eb9963e-bce0-4155-aea2-e442cadff8bd@group-A751954341BD-LeaderElection81
2025-09-19 20:43:53,225 [8eb9963e-bce0-4155-aea2-e442cadff8bd@group-A751954341BD-LeaderElection81] INFO  impl.RoleInfo (RoleInfo.java:updateAndGet(148)) - 8eb9963e-bce0-4155-aea2-e442cadff8bd: start 8eb9963e-bce0-4155-aea2-e442cadff8bd@group-A751954341BD-FollowerState
2025-09-19 20:43:53,347 [8eb9963e-bce0-4155-aea2-e442cadff8bd@group-715EBF8096A7-FollowerState] INFO  impl.FollowerState (FollowerState.java:runImpl(161)) - 8eb9963e-bce0-4155-aea2-e442cadff8bd@group-715EBF8096A7-FollowerState: change to CANDIDATE, lastRpcElapsedTime:1033401890ns, electionTimeout:1033ms
2025-09-19 20:43:53,347 [8eb9963e-bce0-4155-aea2-e442cadff8bd@group-715EBF8096A7-FollowerState] INFO  impl.RoleInfo (RoleInfo.java:shutdownFollowerState(121)) - 8eb9963e-bce0-4155-aea2-e442cadff8bd: shutdown 8eb9963e-bce0-4155-aea2-e442cadff8bd@group-715EBF8096A7-FollowerState
2025-09-19 20:43:53,347 [8eb9963e-bce0-4155-aea2-e442cadff8bd@group-715EBF8096A7-FollowerState] INFO  server.RaftServer$Division (RaftServerImpl.java:setRole(392)) - 8eb9963e-bce0-4155-aea2-e442cadff8bd@group-715EBF8096A7: changes role from  FOLLOWER to CANDIDATE at term 2 for changeToCandidate
2025-09-19 20:43:53,347 [8eb9963e-bce0-4155-aea2-e442cadff8bd@group-715EBF8096A7-FollowerState] INFO  impl.RoleInfo (RoleInfo.java:updateAndGet(148)) - 8eb9963e-bce0-4155-aea2-e442cadff8bd: start 8eb9963e-bce0-4155-aea2-e442cadff8bd@group-715EBF8096A7-LeaderElection82
2025-09-19 20:43:53,347 [8eb9963e-bce0-4155-aea2-e442cadff8bd@group-715EBF8096A7-LeaderElection82] INFO  impl.LeaderElection (LeaderElection.java:askForVotes(448)) - 8eb9963e-bce0-4155-aea2-e442cadff8bd@group-715EBF8096A7-LeaderElection82 PRE_VOTE round 0: submit vote requests at term 2 for conf: {index: 5, cur=peers:[b5a25cc1-46d3-4381-a194-bd68f4526f1c|127.0.0.1:15031, 0df1231c-9f8a-4757-a7d0-f6d7f53bc482|127.0.0.1:15023, 8eb9963e-bce0-4155-aea2-e442cadff8bd|127.0.0.1:15015]|listeners:[], old=null}
2025-09-19 20:43:53,348 [8eb9963e-bce0-4155-aea2-e442cadff8bd@group-715EBF8096A7-LeaderElection82] INFO  impl.LeaderElection (LogUtils.java:infoOrTrace(142)) - 8eb9963e-bce0-4155-aea2-e442cadff8bd@group-715EBF8096A7-LeaderElection82 got exception when requesting votes: java.util.concurrent.ExecutionException: org.apache.ratis.thirdparty.io.grpc.StatusRuntimeException: UNAVAILABLE: io exception
2025-09-19 20:43:53,348 [8eb9963e-bce0-4155-aea2-e442cadff8bd@group-715EBF8096A7-LeaderElection82] INFO  impl.LeaderElection (LogUtils.java:infoOrTrace(142)) - 8eb9963e-bce0-4155-aea2-e442cadff8bd@group-715EBF8096A7-LeaderElection82 got exception when requesting votes: java.util.concurrent.ExecutionException: org.apache.ratis.thirdparty.io.grpc.StatusRuntimeException: UNAVAILABLE: io exception
2025-09-19 20:43:53,348 [8eb9963e-bce0-4155-aea2-e442cadff8bd@group-715EBF8096A7-LeaderElection82] INFO  impl.LeaderElection (LeaderElection.java:logAndReturn(206)) - 8eb9963e-bce0-4155-aea2-e442cadff8bd@group-715EBF8096A7-LeaderElection82: PRE_VOTE REJECTED received 0 response(s) and 2 exception(s):
2025-09-19 20:43:53,348 [8eb9963e-bce0-4155-aea2-e442cadff8bd@group-715EBF8096A7-LeaderElection82] INFO  impl.LeaderElection (LogUtils.java:infoOrTrace(142)) -   Exception 0: java.util.concurrent.ExecutionException: org.apache.ratis.thirdparty.io.grpc.StatusRuntimeException: UNAVAILABLE: io exception
2025-09-19 20:43:53,348 [8eb9963e-bce0-4155-aea2-e442cadff8bd@group-715EBF8096A7-LeaderElection82] INFO  impl.LeaderElection (LogUtils.java:infoOrTrace(142)) -   Exception 1: java.util.concurrent.ExecutionException: org.apache.ratis.thirdparty.io.grpc.StatusRuntimeException: UNAVAILABLE: io exception
2025-09-19 20:43:53,348 [8eb9963e-bce0-4155-aea2-e442cadff8bd@group-715EBF8096A7-LeaderElection82] INFO  impl.LeaderElection (LeaderElection.java:askForVotes(450)) - 8eb9963e-bce0-4155-aea2-e442cadff8bd@group-715EBF8096A7-LeaderElection82 PRE_VOTE round 0: result REJECTED
2025-09-19 20:43:53,348 [8eb9963e-bce0-4155-aea2-e442cadff8bd@group-715EBF8096A7-LeaderElection82] INFO  server.RaftServer$Division (RaftServerImpl.java:setRole(392)) - 8eb9963e-bce0-4155-aea2-e442cadff8bd@group-715EBF8096A7: changes role from CANDIDATE to FOLLOWER at term 2 for REJECTED
2025-09-19 20:43:53,348 [8eb9963e-bce0-4155-aea2-e442cadff8bd@group-715EBF8096A7-LeaderElection82] INFO  impl.RoleInfo (RoleInfo.java:shutdownLeaderElection(141)) - 8eb9963e-bce0-4155-aea2-e442cadff8bd: shutdown 8eb9963e-bce0-4155-aea2-e442cadff8bd@group-715EBF8096A7-LeaderElection82
2025-09-19 20:43:53,348 [8eb9963e-bce0-4155-aea2-e442cadff8bd@group-715EBF8096A7-LeaderElection82] INFO  impl.RoleInfo (RoleInfo.java:updateAndGet(148)) - 8eb9963e-bce0-4155-aea2-e442cadff8bd: start 8eb9963e-bce0-4155-aea2-e442cadff8bd@group-715EBF8096A7-FollowerState
2025-09-19 20:43:54,235 [8eb9963e-bce0-4155-aea2-e442cadff8bd@group-A751954341BD-FollowerState] INFO  impl.FollowerState (FollowerState.java:runImpl(161)) - 8eb9963e-bce0-4155-aea2-e442cadff8bd@group-A751954341BD-FollowerState: change to CANDIDATE, lastRpcElapsedTime:1010357461ns, electionTimeout:1010ms
2025-09-19 20:43:54,235 [8eb9963e-bce0-4155-aea2-e442cadff8bd@group-A751954341BD-FollowerState] INFO  impl.RoleInfo (RoleInfo.java:shutdownFollowerState(121)) - 8eb9963e-bce0-4155-aea2-e442cadff8bd: shutdown 8eb9963e-bce0-4155-aea2-e442cadff8bd@group-A751954341BD-FollowerState
2025-09-19 20:43:54,236 [8eb9963e-bce0-4155-aea2-e442cadff8bd@group-A751954341BD-FollowerState] INFO  server.RaftServer$Division (RaftServerImpl.java:setRole(392)) - 8eb9963e-bce0-4155-aea2-e442cadff8bd@group-A751954341BD: changes role from  FOLLOWER to CANDIDATE at term 1 for changeToCandidate
2025-09-19 20:43:54,236 [8eb9963e-bce0-4155-aea2-e442cadff8bd@group-A751954341BD-FollowerState] INFO  impl.RoleInfo (RoleInfo.java:updateAndGet(148)) - 8eb9963e-bce0-4155-aea2-e442cadff8bd: start 8eb9963e-bce0-4155-aea2-e442cadff8bd@group-A751954341BD-LeaderElection83
2025-09-19 20:43:54,236 [8eb9963e-bce0-4155-aea2-e442cadff8bd@group-A751954341BD-LeaderElection83] INFO  impl.LeaderElection (LeaderElection.java:askForVotes(448)) - 8eb9963e-bce0-4155-aea2-e442cadff8bd@group-A751954341BD-LeaderElection83 PRE_VOTE round 0: submit vote requests at term 1 for conf: {index: 0, cur=peers:[b5a25cc1-46d3-4381-a194-bd68f4526f1c|127.0.0.1:15031, 0df1231c-9f8a-4757-a7d0-f6d7f53bc482|127.0.0.1:15023, 8eb9963e-bce0-4155-aea2-e442cadff8bd|127.0.0.1:15015]|listeners:[], old=null}
2025-09-19 20:43:54,237 [8eb9963e-bce0-4155-aea2-e442cadff8bd@group-A751954341BD-LeaderElection83] INFO  impl.LeaderElection (LogUtils.java:infoOrTrace(142)) - 8eb9963e-bce0-4155-aea2-e442cadff8bd@group-A751954341BD-LeaderElection83 got exception when requesting votes: java.util.concurrent.ExecutionException: org.apache.ratis.thirdparty.io.grpc.StatusRuntimeException: UNAVAILABLE: io exception
2025-09-19 20:43:54,237 [8eb9963e-bce0-4155-aea2-e442cadff8bd@group-A751954341BD-LeaderElection83] INFO  impl.LeaderElection (LogUtils.java:infoOrTrace(142)) - 8eb9963e-bce0-4155-aea2-e442cadff8bd@group-A751954341BD-LeaderElection83 got exception when requesting votes: java.util.concurrent.ExecutionException: org.apache.ratis.thirdparty.io.grpc.StatusRuntimeException: UNAVAILABLE: io exception
2025-09-19 20:43:54,237 [8eb9963e-bce0-4155-aea2-e442cadff8bd@group-A751954341BD-LeaderElection83] INFO  impl.LeaderElection (LeaderElection.java:logAndReturn(206)) - 8eb9963e-bce0-4155-aea2-e442cadff8bd@group-A751954341BD-LeaderElection83: PRE_VOTE REJECTED received 0 response(s) and 2 exception(s):
2025-09-19 20:43:54,237 [8eb9963e-bce0-4155-aea2-e442cadff8bd@group-A751954341BD-LeaderElection83] INFO  impl.LeaderElection (LogUtils.java:infoOrTrace(142)) -   Exception 0: java.util.concurrent.ExecutionException: org.apache.ratis.thirdparty.io.grpc.StatusRuntimeException: UNAVAILABLE: io exception
2025-09-19 20:43:54,237 [8eb9963e-bce0-4155-aea2-e442cadff8bd@group-A751954341BD-LeaderElection83] INFO  impl.LeaderElection (LogUtils.java:infoOrTrace(142)) -   Exception 1: java.util.concurrent.ExecutionException: org.apache.ratis.thirdparty.io.grpc.StatusRuntimeException: UNAVAILABLE: io exception
2025-09-19 20:43:54,237 [8eb9963e-bce0-4155-aea2-e442cadff8bd@group-A751954341BD-LeaderElection83] INFO  impl.LeaderElection (LeaderElection.java:askForVotes(450)) - 8eb9963e-bce0-4155-aea2-e442cadff8bd@group-A751954341BD-LeaderElection83 PRE_VOTE round 0: result REJECTED
2025-09-19 20:43:54,237 [8eb9963e-bce0-4155-aea2-e442cadff8bd@group-A751954341BD-LeaderElection83] INFO  server.RaftServer$Division (RaftServerImpl.java:setRole(392)) - 8eb9963e-bce0-4155-aea2-e442cadff8bd@group-A751954341BD: changes role from CANDIDATE to FOLLOWER at term 1 for REJECTED
2025-09-19 20:43:54,237 [8eb9963e-bce0-4155-aea2-e442cadff8bd@group-A751954341BD-LeaderElection83] INFO  impl.RoleInfo (RoleInfo.java:shutdownLeaderElection(141)) - 8eb9963e-bce0-4155-aea2-e442cadff8bd: shutdown 8eb9963e-bce0-4155-aea2-e442cadff8bd@group-A751954341BD-LeaderElection83
2025-09-19 20:43:54,237 [8eb9963e-bce0-4155-aea2-e442cadff8bd@group-A751954341BD-LeaderElection83] INFO  impl.RoleInfo (RoleInfo.java:updateAndGet(148)) - 8eb9963e-bce0-4155-aea2-e442cadff8bd: start 8eb9963e-bce0-4155-aea2-e442cadff8bd@group-A751954341BD-FollowerState
2025-09-19 20:43:54,462 [8eb9963e-bce0-4155-aea2-e442cadff8bd@group-715EBF8096A7-FollowerState] INFO  impl.FollowerState (FollowerState.java:runImpl(161)) - 8eb9963e-bce0-4155-aea2-e442cadff8bd@group-715EBF8096A7-FollowerState: change to CANDIDATE, lastRpcElapsedTime:1113473477ns, electionTimeout:1113ms
2025-09-19 20:43:54,462 [8eb9963e-bce0-4155-aea2-e442cadff8bd@group-715EBF8096A7-FollowerState] INFO  impl.RoleInfo (RoleInfo.java:shutdownFollowerState(121)) - 8eb9963e-bce0-4155-aea2-e442cadff8bd: shutdown 8eb9963e-bce0-4155-aea2-e442cadff8bd@group-715EBF8096A7-FollowerState
2025-09-19 20:43:54,462 [8eb9963e-bce0-4155-aea2-e442cadff8bd@group-715EBF8096A7-FollowerState] INFO  server.RaftServer$Division (RaftServerImpl.java:setRole(392)) - 8eb9963e-bce0-4155-aea2-e442cadff8bd@group-715EBF8096A7: changes role from  FOLLOWER to CANDIDATE at term 2 for changeToCandidate
2025-09-19 20:43:54,462 [8eb9963e-bce0-4155-aea2-e442cadff8bd@group-715EBF8096A7-FollowerState] INFO  impl.RoleInfo (RoleInfo.java:updateAndGet(148)) - 8eb9963e-bce0-4155-aea2-e442cadff8bd: start 8eb9963e-bce0-4155-aea2-e442cadff8bd@group-715EBF8096A7-LeaderElection84
2025-09-19 20:43:54,462 [8eb9963e-bce0-4155-aea2-e442cadff8bd@group-715EBF8096A7-LeaderElection84] INFO  impl.LeaderElection (LeaderElection.java:askForVotes(448)) - 8eb9963e-bce0-4155-aea2-e442cadff8bd@group-715EBF8096A7-LeaderElection84 PRE_VOTE round 0: submit vote requests at term 2 for conf: {index: 5, cur=peers:[b5a25cc1-46d3-4381-a194-bd68f4526f1c|127.0.0.1:15031, 0df1231c-9f8a-4757-a7d0-f6d7f53bc482|127.0.0.1:15023, 8eb9963e-bce0-4155-aea2-e442cadff8bd|127.0.0.1:15015]|listeners:[], old=null}
2025-09-19 20:43:54,463 [8eb9963e-bce0-4155-aea2-e442cadff8bd@group-715EBF8096A7-LeaderElection84] INFO  impl.LeaderElection (LogUtils.java:infoOrTrace(142)) - 8eb9963e-bce0-4155-aea2-e442cadff8bd@group-715EBF8096A7-LeaderElection84 got exception when requesting votes: java.util.concurrent.ExecutionException: org.apache.ratis.thirdparty.io.grpc.StatusRuntimeException: UNAVAILABLE: io exception
2025-09-19 20:43:54,463 [8eb9963e-bce0-4155-aea2-e442cadff8bd@group-715EBF8096A7-LeaderElection84] INFO  impl.LeaderElection (LogUtils.java:infoOrTrace(142)) - 8eb9963e-bce0-4155-aea2-e442cadff8bd@group-715EBF8096A7-LeaderElection84 got exception when requesting votes: java.util.concurrent.ExecutionException: org.apache.ratis.thirdparty.io.grpc.StatusRuntimeException: UNAVAILABLE: io exception
2025-09-19 20:43:54,463 [8eb9963e-bce0-4155-aea2-e442cadff8bd@group-715EBF8096A7-LeaderElection84] INFO  impl.LeaderElection (LeaderElection.java:logAndReturn(206)) - 8eb9963e-bce0-4155-aea2-e442cadff8bd@group-715EBF8096A7-LeaderElection84: PRE_VOTE REJECTED received 0 response(s) and 2 exception(s):
2025-09-19 20:43:54,463 [8eb9963e-bce0-4155-aea2-e442cadff8bd@group-715EBF8096A7-LeaderElection84] INFO  impl.LeaderElection (LogUtils.java:infoOrTrace(142)) -   Exception 0: java.util.concurrent.ExecutionException: org.apache.ratis.thirdparty.io.grpc.StatusRuntimeException: UNAVAILABLE: io exception
2025-09-19 20:43:54,463 [8eb9963e-bce0-4155-aea2-e442cadff8bd@group-715EBF8096A7-LeaderElection84] INFO  impl.LeaderElection (LogUtils.java:infoOrTrace(142)) -   Exception 1: java.util.concurrent.ExecutionException: org.apache.ratis.thirdparty.io.grpc.StatusRuntimeException: UNAVAILABLE: io exception
2025-09-19 20:43:54,463 [8eb9963e-bce0-4155-aea2-e442cadff8bd@group-715EBF8096A7-LeaderElection84] INFO  impl.LeaderElection (LeaderElection.java:askForVotes(450)) - 8eb9963e-bce0-4155-aea2-e442cadff8bd@group-715EBF8096A7-LeaderElection84 PRE_VOTE round 0: result REJECTED
2025-09-19 20:43:54,463 [8eb9963e-bce0-4155-aea2-e442cadff8bd@group-715EBF8096A7-LeaderElection84] INFO  server.RaftServer$Division (RaftServerImpl.java:setRole(392)) - 8eb9963e-bce0-4155-aea2-e442cadff8bd@group-715EBF8096A7: changes role from CANDIDATE to FOLLOWER at term 2 for REJECTED
2025-09-19 20:43:54,463 [8eb9963e-bce0-4155-aea2-e442cadff8bd@group-715EBF8096A7-LeaderElection84] INFO  impl.RoleInfo (RoleInfo.java:shutdownLeaderElection(141)) - 8eb9963e-bce0-4155-aea2-e442cadff8bd: shutdown 8eb9963e-bce0-4155-aea2-e442cadff8bd@group-715EBF8096A7-LeaderElection84
2025-09-19 20:43:54,463 [8eb9963e-bce0-4155-aea2-e442cadff8bd@group-715EBF8096A7-LeaderElection84] INFO  impl.RoleInfo (RoleInfo.java:updateAndGet(148)) - 8eb9963e-bce0-4155-aea2-e442cadff8bd: start 8eb9963e-bce0-4155-aea2-e442cadff8bd@group-715EBF8096A7-FollowerState
2025-09-19 20:43:55,396 [8eb9963e-bce0-4155-aea2-e442cadff8bd@group-A751954341BD-FollowerState] INFO  impl.FollowerState (FollowerState.java:runImpl(161)) - 8eb9963e-bce0-4155-aea2-e442cadff8bd@group-A751954341BD-FollowerState: change to CANDIDATE, lastRpcElapsedTime:1159349278ns, electionTimeout:1159ms
2025-09-19 20:43:55,396 [8eb9963e-bce0-4155-aea2-e442cadff8bd@group-A751954341BD-FollowerState] INFO  impl.RoleInfo (RoleInfo.java:shutdownFollowerState(121)) - 8eb9963e-bce0-4155-aea2-e442cadff8bd: shutdown 8eb9963e-bce0-4155-aea2-e442cadff8bd@group-A751954341BD-FollowerState
2025-09-19 20:43:55,397 [8eb9963e-bce0-4155-aea2-e442cadff8bd@group-A751954341BD-FollowerState] INFO  server.RaftServer$Division (RaftServerImpl.java:setRole(392)) - 8eb9963e-bce0-4155-aea2-e442cadff8bd@group-A751954341BD: changes role from  FOLLOWER to CANDIDATE at term 1 for changeToCandidate
2025-09-19 20:43:55,397 [8eb9963e-bce0-4155-aea2-e442cadff8bd@group-A751954341BD-FollowerState] INFO  impl.RoleInfo (RoleInfo.java:updateAndGet(148)) - 8eb9963e-bce0-4155-aea2-e442cadff8bd: start 8eb9963e-bce0-4155-aea2-e442cadff8bd@group-A751954341BD-LeaderElection85
2025-09-19 20:43:55,397 [8eb9963e-bce0-4155-aea2-e442cadff8bd@group-A751954341BD-LeaderElection85] INFO  impl.LeaderElection (LeaderElection.java:askForVotes(448)) - 8eb9963e-bce0-4155-aea2-e442cadff8bd@group-A751954341BD-LeaderElection85 PRE_VOTE round 0: submit vote requests at term 1 for conf: {index: 0, cur=peers:[b5a25cc1-46d3-4381-a194-bd68f4526f1c|127.0.0.1:15031, 0df1231c-9f8a-4757-a7d0-f6d7f53bc482|127.0.0.1:15023, 8eb9963e-bce0-4155-aea2-e442cadff8bd|127.0.0.1:15015]|listeners:[], old=null}
2025-09-19 20:43:55,397 [8eb9963e-bce0-4155-aea2-e442cadff8bd@group-A751954341BD-LeaderElection85] INFO  impl.LeaderElection (LogUtils.java:infoOrTrace(142)) - 8eb9963e-bce0-4155-aea2-e442cadff8bd@group-A751954341BD-LeaderElection85 got exception when requesting votes: java.util.concurrent.ExecutionException: org.apache.ratis.thirdparty.io.grpc.StatusRuntimeException: UNAVAILABLE: io exception
2025-09-19 20:43:55,398 [8eb9963e-bce0-4155-aea2-e442cadff8bd@group-A751954341BD-LeaderElection85] INFO  impl.LeaderElection (LogUtils.java:infoOrTrace(142)) - 8eb9963e-bce0-4155-aea2-e442cadff8bd@group-A751954341BD-LeaderElection85 got exception when requesting votes: java.util.concurrent.ExecutionException: org.apache.ratis.thirdparty.io.grpc.StatusRuntimeException: UNAVAILABLE: io exception
2025-09-19 20:43:55,398 [8eb9963e-bce0-4155-aea2-e442cadff8bd@group-A751954341BD-LeaderElection85] INFO  impl.LeaderElection (LeaderElection.java:logAndReturn(206)) - 8eb9963e-bce0-4155-aea2-e442cadff8bd@group-A751954341BD-LeaderElection85: PRE_VOTE REJECTED received 0 response(s) and 2 exception(s):
2025-09-19 20:43:55,398 [8eb9963e-bce0-4155-aea2-e442cadff8bd@group-A751954341BD-LeaderElection85] INFO  impl.LeaderElection (LogUtils.java:infoOrTrace(142)) -   Exception 0: java.util.concurrent.ExecutionException: org.apache.ratis.thirdparty.io.grpc.StatusRuntimeException: UNAVAILABLE: io exception
2025-09-19 20:43:55,398 [8eb9963e-bce0-4155-aea2-e442cadff8bd@group-A751954341BD-LeaderElection85] INFO  impl.LeaderElection (LogUtils.java:infoOrTrace(142)) -   Exception 1: java.util.concurrent.ExecutionException: org.apache.ratis.thirdparty.io.grpc.StatusRuntimeException: UNAVAILABLE: io exception
2025-09-19 20:43:55,398 [8eb9963e-bce0-4155-aea2-e442cadff8bd@group-A751954341BD-LeaderElection85] INFO  impl.LeaderElection (LeaderElection.java:askForVotes(450)) - 8eb9963e-bce0-4155-aea2-e442cadff8bd@group-A751954341BD-LeaderElection85 PRE_VOTE round 0: result REJECTED
2025-09-19 20:43:55,398 [8eb9963e-bce0-4155-aea2-e442cadff8bd@group-A751954341BD-LeaderElection85] INFO  server.RaftServer$Division (RaftServerImpl.java:setRole(392)) - 8eb9963e-bce0-4155-aea2-e442cadff8bd@group-A751954341BD: changes role from CANDIDATE to FOLLOWER at term 1 for REJECTED
2025-09-19 20:43:55,398 [8eb9963e-bce0-4155-aea2-e442cadff8bd@group-A751954341BD-LeaderElection85] INFO  impl.RoleInfo (RoleInfo.java:shutdownLeaderElection(141)) - 8eb9963e-bce0-4155-aea2-e442cadff8bd: shutdown 8eb9963e-bce0-4155-aea2-e442cadff8bd@group-A751954341BD-LeaderElection85
2025-09-19 20:43:55,398 [8eb9963e-bce0-4155-aea2-e442cadff8bd@group-A751954341BD-LeaderElection85] INFO  impl.RoleInfo (RoleInfo.java:updateAndGet(148)) - 8eb9963e-bce0-4155-aea2-e442cadff8bd: start 8eb9963e-bce0-4155-aea2-e442cadff8bd@group-A751954341BD-FollowerState
2025-09-19 20:43:55,551 [8eb9963e-bce0-4155-aea2-e442cadff8bd@group-715EBF8096A7-FollowerState] INFO  impl.FollowerState (FollowerState.java:runImpl(161)) - 8eb9963e-bce0-4155-aea2-e442cadff8bd@group-715EBF8096A7-FollowerState: change to CANDIDATE, lastRpcElapsedTime:1088252639ns, electionTimeout:1088ms
2025-09-19 20:43:55,551 [8eb9963e-bce0-4155-aea2-e442cadff8bd@group-715EBF8096A7-FollowerState] INFO  impl.RoleInfo (RoleInfo.java:shutdownFollowerState(121)) - 8eb9963e-bce0-4155-aea2-e442cadff8bd: shutdown 8eb9963e-bce0-4155-aea2-e442cadff8bd@group-715EBF8096A7-FollowerState
2025-09-19 20:43:55,551 [8eb9963e-bce0-4155-aea2-e442cadff8bd@group-715EBF8096A7-FollowerState] INFO  server.RaftServer$Division (RaftServerImpl.java:setRole(392)) - 8eb9963e-bce0-4155-aea2-e442cadff8bd@group-715EBF8096A7: changes role from  FOLLOWER to CANDIDATE at term 2 for changeToCandidate
2025-09-19 20:43:55,552 [8eb9963e-bce0-4155-aea2-e442cadff8bd@group-715EBF8096A7-FollowerState] INFO  impl.RoleInfo (RoleInfo.java:updateAndGet(148)) - 8eb9963e-bce0-4155-aea2-e442cadff8bd: start 8eb9963e-bce0-4155-aea2-e442cadff8bd@group-715EBF8096A7-LeaderElection86
2025-09-19 20:43:55,552 [8eb9963e-bce0-4155-aea2-e442cadff8bd@group-715EBF8096A7-LeaderElection86] INFO  impl.LeaderElection (LeaderElection.java:askForVotes(448)) - 8eb9963e-bce0-4155-aea2-e442cadff8bd@group-715EBF8096A7-LeaderElection86 PRE_VOTE round 0: submit vote requests at term 2 for conf: {index: 5, cur=peers:[b5a25cc1-46d3-4381-a194-bd68f4526f1c|127.0.0.1:15031, 0df1231c-9f8a-4757-a7d0-f6d7f53bc482|127.0.0.1:15023, 8eb9963e-bce0-4155-aea2-e442cadff8bd|127.0.0.1:15015]|listeners:[], old=null}
2025-09-19 20:43:55,553 [8eb9963e-bce0-4155-aea2-e442cadff8bd@group-715EBF8096A7-LeaderElection86] INFO  impl.LeaderElection (LogUtils.java:infoOrTrace(142)) - 8eb9963e-bce0-4155-aea2-e442cadff8bd@group-715EBF8096A7-LeaderElection86 got exception when requesting votes: java.util.concurrent.ExecutionException: org.apache.ratis.thirdparty.io.grpc.StatusRuntimeException: UNAVAILABLE: io exception
2025-09-19 20:43:55,553 [8eb9963e-bce0-4155-aea2-e442cadff8bd@group-715EBF8096A7-LeaderElection86] INFO  impl.LeaderElection (LogUtils.java:infoOrTrace(142)) - 8eb9963e-bce0-4155-aea2-e442cadff8bd@group-715EBF8096A7-LeaderElection86 got exception when requesting votes: java.util.concurrent.ExecutionException: org.apache.ratis.thirdparty.io.grpc.StatusRuntimeException: UNAVAILABLE: io exception
2025-09-19 20:43:55,553 [8eb9963e-bce0-4155-aea2-e442cadff8bd@group-715EBF8096A7-LeaderElection86] INFO  impl.LeaderElection (LeaderElection.java:logAndReturn(206)) - 8eb9963e-bce0-4155-aea2-e442cadff8bd@group-715EBF8096A7-LeaderElection86: PRE_VOTE REJECTED received 0 response(s) and 2 exception(s):
2025-09-19 20:43:55,553 [8eb9963e-bce0-4155-aea2-e442cadff8bd@group-715EBF8096A7-LeaderElection86] INFO  impl.LeaderElection (LogUtils.java:infoOrTrace(142)) -   Exception 0: java.util.concurrent.ExecutionException: org.apache.ratis.thirdparty.io.grpc.StatusRuntimeException: UNAVAILABLE: io exception
2025-09-19 20:43:55,553 [8eb9963e-bce0-4155-aea2-e442cadff8bd@group-715EBF8096A7-LeaderElection86] INFO  impl.LeaderElection (LogUtils.java:infoOrTrace(142)) -   Exception 1: java.util.concurrent.ExecutionException: org.apache.ratis.thirdparty.io.grpc.StatusRuntimeException: UNAVAILABLE: io exception
2025-09-19 20:43:55,553 [8eb9963e-bce0-4155-aea2-e442cadff8bd@group-715EBF8096A7-LeaderElection86] INFO  impl.LeaderElection (LeaderElection.java:askForVotes(450)) - 8eb9963e-bce0-4155-aea2-e442cadff8bd@group-715EBF8096A7-LeaderElection86 PRE_VOTE round 0: result REJECTED
2025-09-19 20:43:55,553 [8eb9963e-bce0-4155-aea2-e442cadff8bd@group-715EBF8096A7-LeaderElection86] INFO  server.RaftServer$Division (RaftServerImpl.java:setRole(392)) - 8eb9963e-bce0-4155-aea2-e442cadff8bd@group-715EBF8096A7: changes role from CANDIDATE to FOLLOWER at term 2 for REJECTED
2025-09-19 20:43:55,553 [8eb9963e-bce0-4155-aea2-e442cadff8bd@group-715EBF8096A7-LeaderElection86] INFO  impl.RoleInfo (RoleInfo.java:shutdownLeaderElection(141)) - 8eb9963e-bce0-4155-aea2-e442cadff8bd: shutdown 8eb9963e-bce0-4155-aea2-e442cadff8bd@group-715EBF8096A7-LeaderElection86
2025-09-19 20:43:55,553 [8eb9963e-bce0-4155-aea2-e442cadff8bd@group-715EBF8096A7-LeaderElection86] INFO  impl.RoleInfo (RoleInfo.java:updateAndGet(148)) - 8eb9963e-bce0-4155-aea2-e442cadff8bd: start 8eb9963e-bce0-4155-aea2-e442cadff8bd@group-715EBF8096A7-FollowerState
2025-09-19 20:43:56,103 [grpc-default-executor-3] ERROR impl.OrderedAsync (OrderedAsync.java:lambda$null$6(215)) -  client-6FE78725B677: Failed* RaftClientRequest:client-6FE78725B677->0df1231c-9f8a-4757-a7d0-f6d7f53bc482@group-A751954341BD, cid=20, seq=1*, Watch(0), null
java.util.concurrent.CompletionException: java.io.IOException: org.apache.ratis.thirdparty.io.grpc.StatusRuntimeException: UNAVAILABLE: io exception
	at java.base/java.util.concurrent.CompletableFuture.encodeThrowable(CompletableFuture.java:332)
	at java.base/java.util.concurrent.CompletableFuture.completeThrowable(CompletableFuture.java:347)
	at java.base/java.util.concurrent.CompletableFuture$UniAccept.tryFire(CompletableFuture.java:708)
	at java.base/java.util.concurrent.CompletableFuture.postComplete(CompletableFuture.java:510)
	at java.base/java.util.concurrent.CompletableFuture.completeExceptionally(CompletableFuture.java:2194)
	at org.apache.ratis.grpc.client.GrpcClientProtocolClient$AsyncStreamObservers.completeReplyExceptionally(GrpcClientProtocolClient.java:397)
	at org.apache.ratis.grpc.client.GrpcClientProtocolClient$AsyncStreamObservers.access$000(GrpcClientProtocolClient.java:303)
	at org.apache.ratis.grpc.client.GrpcClientProtocolClient$AsyncStreamObservers$1.onError(GrpcClientProtocolClient.java:334)
	at org.apache.ratis.thirdparty.io.grpc.stub.ClientCalls$StreamObserverToCallListenerAdapter.onClose(ClientCalls.java:564)
	at org.apache.ratis.thirdparty.io.grpc.PartialForwardingClientCallListener.onClose(PartialForwardingClientCallListener.java:39)
	at org.apache.ratis.thirdparty.io.grpc.ForwardingClientCallListener.onClose(ForwardingClientCallListener.java:23)
	at org.apache.ratis.grpc.metrics.intercept.client.MetricClientCallListener.onClose(MetricClientCallListener.java:47)
	at org.apache.ratis.thirdparty.io.grpc.internal.ClientCallImpl.closeObserver(ClientCallImpl.java:565)
	at org.apache.ratis.thirdparty.io.grpc.internal.ClientCallImpl.access$100(ClientCallImpl.java:72)
	at org.apache.ratis.thirdparty.io.grpc.internal.ClientCallImpl$ClientStreamListenerImpl$1StreamClosed.runInternal(ClientCallImpl.java:733)
	at org.apache.ratis.thirdparty.io.grpc.internal.ClientCallImpl$ClientStreamListenerImpl$1StreamClosed.runInContext(ClientCallImpl.java:714)
	at org.apache.ratis.thirdparty.io.grpc.internal.ContextRunnable.run(ContextRunnable.java:37)
	at org.apache.ratis.thirdparty.io.grpc.internal.SerializingExecutor.run(SerializingExecutor.java:133)
	at java.base/java.util.concurrent.ThreadPoolExecutor.runWorker(ThreadPoolExecutor.java:1144)
	at java.base/java.util.concurrent.ThreadPoolExecutor$Worker.run(ThreadPoolExecutor.java:642)
	at java.base/java.lang.Thread.run(Thread.java:1583)
Caused by: java.io.IOException: org.apache.ratis.thirdparty.io.grpc.StatusRuntimeException: UNAVAILABLE: io exception
	at org.apache.ratis.grpc.GrpcUtil.unwrapException(GrpcUtil.java:99)
	at org.apache.ratis.grpc.GrpcUtil.unwrapIOException(GrpcUtil.java:159)
	at org.apache.ratis.grpc.client.GrpcClientProtocolClient$AsyncStreamObservers$1.onError(GrpcClientProtocolClient.java:333)
	... 13 more
Caused by: org.apache.ratis.thirdparty.io.grpc.StatusRuntimeException: UNAVAILABLE: io exception
	at org.apache.ratis.thirdparty.io.grpc.Status.asRuntimeException(Status.java:532)
	... 13 more
Caused by: org.apache.ratis.thirdparty.io.netty.channel.AbstractChannel$AnnotatedConnectException: finishConnect(..) failed: Connection refused: /127.0.0.1:15021
Caused by: java.net.ConnectException: finishConnect(..) failed: Connection refused
	at org.apache.ratis.thirdparty.io.netty.channel.unix.Errors.newConnectException0(Errors.java:166)
	at org.apache.ratis.thirdparty.io.netty.channel.unix.Errors.handleConnectErrno(Errors.java:131)
	at org.apache.ratis.thirdparty.io.netty.channel.unix.Socket.finishConnect(Socket.java:359)
	at org.apache.ratis.thirdparty.io.netty.channel.epoll.AbstractEpollChannel$AbstractEpollUnsafe.doFinishConnect(AbstractEpollChannel.java:715)
	at org.apache.ratis.thirdparty.io.netty.channel.epoll.AbstractEpollChannel$AbstractEpollUnsafe.finishConnect(AbstractEpollChannel.java:692)
	at org.apache.ratis.thirdparty.io.netty.channel.epoll.AbstractEpollChannel$AbstractEpollUnsafe.epollOutReady(AbstractEpollChannel.java:567)
	at org.apache.ratis.thirdparty.io.netty.channel.epoll.EpollEventLoop.processReady(EpollEventLoop.java:491)
	at org.apache.ratis.thirdparty.io.netty.channel.epoll.EpollEventLoop.run(EpollEventLoop.java:399)
	at org.apache.ratis.thirdparty.io.netty.util.concurrent.SingleThreadEventExecutor$4.run(SingleThreadEventExecutor.java:998)
	at org.apache.ratis.thirdparty.io.netty.util.internal.ThreadExecutorMap$2.run(ThreadExecutorMap.java:74)
	at org.apache.ratis.thirdparty.io.netty.util.concurrent.FastThreadLocalRunnable.run(FastThreadLocalRunnable.java:30)
	at java.base/java.lang.Thread.run(Thread.java:1583)
2025-09-19 20:43:56,407 [8eb9963e-bce0-4155-aea2-e442cadff8bd@group-A751954341BD-FollowerState] INFO  impl.FollowerState (FollowerState.java:runImpl(161)) - 8eb9963e-bce0-4155-aea2-e442cadff8bd@group-A751954341BD-FollowerState: change to CANDIDATE, lastRpcElapsedTime:1009280777ns, electionTimeout:1009ms
2025-09-19 20:43:56,407 [8eb9963e-bce0-4155-aea2-e442cadff8bd@group-A751954341BD-FollowerState] INFO  impl.RoleInfo (RoleInfo.java:shutdownFollowerState(121)) - 8eb9963e-bce0-4155-aea2-e442cadff8bd: shutdown 8eb9963e-bce0-4155-aea2-e442cadff8bd@group-A751954341BD-FollowerState
2025-09-19 20:43:56,407 [8eb9963e-bce0-4155-aea2-e442cadff8bd@group-A751954341BD-FollowerState] INFO  server.RaftServer$Division (RaftServerImpl.java:setRole(392)) - 8eb9963e-bce0-4155-aea2-e442cadff8bd@group-A751954341BD: changes role from  FOLLOWER to CANDIDATE at term 1 for changeToCandidate
2025-09-19 20:43:56,407 [8eb9963e-bce0-4155-aea2-e442cadff8bd@group-A751954341BD-FollowerState] INFO  impl.RoleInfo (RoleInfo.java:updateAndGet(148)) - 8eb9963e-bce0-4155-aea2-e442cadff8bd: start 8eb9963e-bce0-4155-aea2-e442cadff8bd@group-A751954341BD-LeaderElection87
2025-09-19 20:43:56,408 [8eb9963e-bce0-4155-aea2-e442cadff8bd@group-A751954341BD-LeaderElection87] INFO  impl.LeaderElection (LeaderElection.java:askForVotes(448)) - 8eb9963e-bce0-4155-aea2-e442cadff8bd@group-A751954341BD-LeaderElection87 PRE_VOTE round 0: submit vote requests at term 1 for conf: {index: 0, cur=peers:[b5a25cc1-46d3-4381-a194-bd68f4526f1c|127.0.0.1:15031, 0df1231c-9f8a-4757-a7d0-f6d7f53bc482|127.0.0.1:15023, 8eb9963e-bce0-4155-aea2-e442cadff8bd|127.0.0.1:15015]|listeners:[], old=null}
2025-09-19 20:43:56,408 [8eb9963e-bce0-4155-aea2-e442cadff8bd@group-A751954341BD-LeaderElection87] INFO  impl.LeaderElection (LogUtils.java:infoOrTrace(142)) - 8eb9963e-bce0-4155-aea2-e442cadff8bd@group-A751954341BD-LeaderElection87 got exception when requesting votes: java.util.concurrent.ExecutionException: org.apache.ratis.thirdparty.io.grpc.StatusRuntimeException: UNAVAILABLE: io exception
2025-09-19 20:43:56,408 [8eb9963e-bce0-4155-aea2-e442cadff8bd@group-A751954341BD-LeaderElection87] INFO  impl.LeaderElection (LogUtils.java:infoOrTrace(142)) - 8eb9963e-bce0-4155-aea2-e442cadff8bd@group-A751954341BD-LeaderElection87 got exception when requesting votes: java.util.concurrent.ExecutionException: org.apache.ratis.thirdparty.io.grpc.StatusRuntimeException: UNAVAILABLE: io exception
2025-09-19 20:43:56,409 [8eb9963e-bce0-4155-aea2-e442cadff8bd@group-A751954341BD-LeaderElection87] INFO  impl.LeaderElection (LeaderElection.java:logAndReturn(206)) - 8eb9963e-bce0-4155-aea2-e442cadff8bd@group-A751954341BD-LeaderElection87: PRE_VOTE REJECTED received 0 response(s) and 2 exception(s):
2025-09-19 20:43:56,409 [8eb9963e-bce0-4155-aea2-e442cadff8bd@group-A751954341BD-LeaderElection87] INFO  impl.LeaderElection (LogUtils.java:infoOrTrace(142)) -   Exception 0: java.util.concurrent.ExecutionException: org.apache.ratis.thirdparty.io.grpc.StatusRuntimeException: UNAVAILABLE: io exception
2025-09-19 20:43:56,409 [8eb9963e-bce0-4155-aea2-e442cadff8bd@group-A751954341BD-LeaderElection87] INFO  impl.LeaderElection (LogUtils.java:infoOrTrace(142)) -   Exception 1: java.util.concurrent.ExecutionException: org.apache.ratis.thirdparty.io.grpc.StatusRuntimeException: UNAVAILABLE: io exception
2025-09-19 20:43:56,409 [8eb9963e-bce0-4155-aea2-e442cadff8bd@group-A751954341BD-LeaderElection87] INFO  impl.LeaderElection (LeaderElection.java:askForVotes(450)) - 8eb9963e-bce0-4155-aea2-e442cadff8bd@group-A751954341BD-LeaderElection87 PRE_VOTE round 0: result REJECTED
2025-09-19 20:43:56,409 [8eb9963e-bce0-4155-aea2-e442cadff8bd@group-A751954341BD-LeaderElection87] INFO  server.RaftServer$Division (RaftServerImpl.java:setRole(392)) - 8eb9963e-bce0-4155-aea2-e442cadff8bd@group-A751954341BD: changes role from CANDIDATE to FOLLOWER at term 1 for REJECTED
2025-09-19 20:43:56,409 [8eb9963e-bce0-4155-aea2-e442cadff8bd@group-A751954341BD-LeaderElection87] INFO  impl.RoleInfo (RoleInfo.java:shutdownLeaderElection(141)) - 8eb9963e-bce0-4155-aea2-e442cadff8bd: shutdown 8eb9963e-bce0-4155-aea2-e442cadff8bd@group-A751954341BD-LeaderElection87
2025-09-19 20:43:56,409 [8eb9963e-bce0-4155-aea2-e442cadff8bd@group-A751954341BD-LeaderElection87] INFO  impl.RoleInfo (RoleInfo.java:updateAndGet(148)) - 8eb9963e-bce0-4155-aea2-e442cadff8bd: start 8eb9963e-bce0-4155-aea2-e442cadff8bd@group-A751954341BD-FollowerState
2025-09-19 20:43:56,726 [8eb9963e-bce0-4155-aea2-e442cadff8bd@group-715EBF8096A7-FollowerState] INFO  impl.FollowerState (FollowerState.java:runImpl(161)) - 8eb9963e-bce0-4155-aea2-e442cadff8bd@group-715EBF8096A7-FollowerState: change to CANDIDATE, lastRpcElapsedTime:1173366644ns, electionTimeout:1173ms
2025-09-19 20:43:56,726 [8eb9963e-bce0-4155-aea2-e442cadff8bd@group-715EBF8096A7-FollowerState] INFO  impl.RoleInfo (RoleInfo.java:shutdownFollowerState(121)) - 8eb9963e-bce0-4155-aea2-e442cadff8bd: shutdown 8eb9963e-bce0-4155-aea2-e442cadff8bd@group-715EBF8096A7-FollowerState
2025-09-19 20:43:56,727 [8eb9963e-bce0-4155-aea2-e442cadff8bd@group-715EBF8096A7-FollowerState] INFO  server.RaftServer$Division (RaftServerImpl.java:setRole(392)) - 8eb9963e-bce0-4155-aea2-e442cadff8bd@group-715EBF8096A7: changes role from  FOLLOWER to CANDIDATE at term 2 for changeToCandidate
2025-09-19 20:43:56,727 [8eb9963e-bce0-4155-aea2-e442cadff8bd@group-715EBF8096A7-FollowerState] INFO  impl.RoleInfo (RoleInfo.java:updateAndGet(148)) - 8eb9963e-bce0-4155-aea2-e442cadff8bd: start 8eb9963e-bce0-4155-aea2-e442cadff8bd@group-715EBF8096A7-LeaderElection88
2025-09-19 20:43:56,727 [8eb9963e-bce0-4155-aea2-e442cadff8bd@group-715EBF8096A7-LeaderElection88] INFO  impl.LeaderElection (LeaderElection.java:askForVotes(448)) - 8eb9963e-bce0-4155-aea2-e442cadff8bd@group-715EBF8096A7-LeaderElection88 PRE_VOTE round 0: submit vote requests at term 2 for conf: {index: 5, cur=peers:[b5a25cc1-46d3-4381-a194-bd68f4526f1c|127.0.0.1:15031, 0df1231c-9f8a-4757-a7d0-f6d7f53bc482|127.0.0.1:15023, 8eb9963e-bce0-4155-aea2-e442cadff8bd|127.0.0.1:15015]|listeners:[], old=null}
2025-09-19 20:43:56,728 [8eb9963e-bce0-4155-aea2-e442cadff8bd@group-715EBF8096A7-LeaderElection88] INFO  impl.LeaderElection (LogUtils.java:infoOrTrace(142)) - 8eb9963e-bce0-4155-aea2-e442cadff8bd@group-715EBF8096A7-LeaderElection88 got exception when requesting votes: java.util.concurrent.ExecutionException: org.apache.ratis.thirdparty.io.grpc.StatusRuntimeException: UNAVAILABLE: io exception
2025-09-19 20:43:56,728 [8eb9963e-bce0-4155-aea2-e442cadff8bd@group-715EBF8096A7-LeaderElection88] INFO  impl.LeaderElection (LogUtils.java:infoOrTrace(142)) - 8eb9963e-bce0-4155-aea2-e442cadff8bd@group-715EBF8096A7-LeaderElection88 got exception when requesting votes: java.util.concurrent.ExecutionException: org.apache.ratis.thirdparty.io.grpc.StatusRuntimeException: UNAVAILABLE: io exception
2025-09-19 20:43:56,728 [8eb9963e-bce0-4155-aea2-e442cadff8bd@group-715EBF8096A7-LeaderElection88] INFO  impl.LeaderElection (LeaderElection.java:logAndReturn(206)) - 8eb9963e-bce0-4155-aea2-e442cadff8bd@group-715EBF8096A7-LeaderElection88: PRE_VOTE REJECTED received 0 response(s) and 2 exception(s):
2025-09-19 20:43:56,728 [8eb9963e-bce0-4155-aea2-e442cadff8bd@group-715EBF8096A7-LeaderElection88] INFO  impl.LeaderElection (LogUtils.java:infoOrTrace(142)) -   Exception 0: java.util.concurrent.ExecutionException: org.apache.ratis.thirdparty.io.grpc.StatusRuntimeException: UNAVAILABLE: io exception
2025-09-19 20:43:56,728 [8eb9963e-bce0-4155-aea2-e442cadff8bd@group-715EBF8096A7-LeaderElection88] INFO  impl.LeaderElection (LogUtils.java:infoOrTrace(142)) -   Exception 1: java.util.concurrent.ExecutionException: org.apache.ratis.thirdparty.io.grpc.StatusRuntimeException: UNAVAILABLE: io exception
2025-09-19 20:43:56,728 [8eb9963e-bce0-4155-aea2-e442cadff8bd@group-715EBF8096A7-LeaderElection88] INFO  impl.LeaderElection (LeaderElection.java:askForVotes(450)) - 8eb9963e-bce0-4155-aea2-e442cadff8bd@group-715EBF8096A7-LeaderElection88 PRE_VOTE round 0: result REJECTED
2025-09-19 20:43:56,728 [8eb9963e-bce0-4155-aea2-e442cadff8bd@group-715EBF8096A7-LeaderElection88] INFO  server.RaftServer$Division (RaftServerImpl.java:setRole(392)) - 8eb9963e-bce0-4155-aea2-e442cadff8bd@group-715EBF8096A7: changes role from CANDIDATE to FOLLOWER at term 2 for REJECTED
2025-09-19 20:43:56,728 [8eb9963e-bce0-4155-aea2-e442cadff8bd@group-715EBF8096A7-LeaderElection88] INFO  impl.RoleInfo (RoleInfo.java:shutdownLeaderElection(141)) - 8eb9963e-bce0-4155-aea2-e442cadff8bd: shutdown 8eb9963e-bce0-4155-aea2-e442cadff8bd@group-715EBF8096A7-LeaderElection88
2025-09-19 20:43:56,728 [8eb9963e-bce0-4155-aea2-e442cadff8bd@group-715EBF8096A7-LeaderElection88] INFO  impl.RoleInfo (RoleInfo.java:updateAndGet(148)) - 8eb9963e-bce0-4155-aea2-e442cadff8bd: start 8eb9963e-bce0-4155-aea2-e442cadff8bd@group-715EBF8096A7-FollowerState
2025-09-19 20:43:57,551 [8eb9963e-bce0-4155-aea2-e442cadff8bd@group-A751954341BD-FollowerState] INFO  impl.FollowerState (FollowerState.java:runImpl(161)) - 8eb9963e-bce0-4155-aea2-e442cadff8bd@group-A751954341BD-FollowerState: change to CANDIDATE, lastRpcElapsedTime:1142278386ns, electionTimeout:1142ms
2025-09-19 20:43:57,551 [8eb9963e-bce0-4155-aea2-e442cadff8bd@group-A751954341BD-FollowerState] INFO  impl.RoleInfo (RoleInfo.java:shutdownFollowerState(121)) - 8eb9963e-bce0-4155-aea2-e442cadff8bd: shutdown 8eb9963e-bce0-4155-aea2-e442cadff8bd@group-A751954341BD-FollowerState
2025-09-19 20:43:57,551 [8eb9963e-bce0-4155-aea2-e442cadff8bd@group-A751954341BD-FollowerState] INFO  server.RaftServer$Division (RaftServerImpl.java:setRole(392)) - 8eb9963e-bce0-4155-aea2-e442cadff8bd@group-A751954341BD: changes role from  FOLLOWER to CANDIDATE at term 1 for changeToCandidate
2025-09-19 20:43:57,552 [8eb9963e-bce0-4155-aea2-e442cadff8bd@group-A751954341BD-FollowerState] INFO  impl.RoleInfo (RoleInfo.java:updateAndGet(148)) - 8eb9963e-bce0-4155-aea2-e442cadff8bd: start 8eb9963e-bce0-4155-aea2-e442cadff8bd@group-A751954341BD-LeaderElection89
2025-09-19 20:43:57,552 [8eb9963e-bce0-4155-aea2-e442cadff8bd@group-A751954341BD-LeaderElection89] INFO  impl.LeaderElection (LeaderElection.java:askForVotes(448)) - 8eb9963e-bce0-4155-aea2-e442cadff8bd@group-A751954341BD-LeaderElection89 PRE_VOTE round 0: submit vote requests at term 1 for conf: {index: 0, cur=peers:[b5a25cc1-46d3-4381-a194-bd68f4526f1c|127.0.0.1:15031, 0df1231c-9f8a-4757-a7d0-f6d7f53bc482|127.0.0.1:15023, 8eb9963e-bce0-4155-aea2-e442cadff8bd|127.0.0.1:15015]|listeners:[], old=null}
2025-09-19 20:43:57,552 [8eb9963e-bce0-4155-aea2-e442cadff8bd@group-A751954341BD-LeaderElection89] INFO  impl.LeaderElection (LogUtils.java:infoOrTrace(142)) - 8eb9963e-bce0-4155-aea2-e442cadff8bd@group-A751954341BD-LeaderElection89 got exception when requesting votes: java.util.concurrent.ExecutionException: org.apache.ratis.thirdparty.io.grpc.StatusRuntimeException: UNAVAILABLE: io exception
2025-09-19 20:43:57,552 [8eb9963e-bce0-4155-aea2-e442cadff8bd@group-A751954341BD-LeaderElection89] INFO  impl.LeaderElection (LogUtils.java:infoOrTrace(142)) - 8eb9963e-bce0-4155-aea2-e442cadff8bd@group-A751954341BD-LeaderElection89 got exception when requesting votes: java.util.concurrent.ExecutionException: org.apache.ratis.thirdparty.io.grpc.StatusRuntimeException: UNAVAILABLE: io exception
2025-09-19 20:43:57,552 [8eb9963e-bce0-4155-aea2-e442cadff8bd@group-A751954341BD-LeaderElection89] INFO  impl.LeaderElection (LeaderElection.java:logAndReturn(206)) - 8eb9963e-bce0-4155-aea2-e442cadff8bd@group-A751954341BD-LeaderElection89: PRE_VOTE REJECTED received 0 response(s) and 2 exception(s):
2025-09-19 20:43:57,553 [8eb9963e-bce0-4155-aea2-e442cadff8bd@group-A751954341BD-LeaderElection89] INFO  impl.LeaderElection (LogUtils.java:infoOrTrace(142)) -   Exception 0: java.util.concurrent.ExecutionException: org.apache.ratis.thirdparty.io.grpc.StatusRuntimeException: UNAVAILABLE: io exception
2025-09-19 20:43:57,553 [8eb9963e-bce0-4155-aea2-e442cadff8bd@group-A751954341BD-LeaderElection89] INFO  impl.LeaderElection (LogUtils.java:infoOrTrace(142)) -   Exception 1: java.util.concurrent.ExecutionException: org.apache.ratis.thirdparty.io.grpc.StatusRuntimeException: UNAVAILABLE: io exception
2025-09-19 20:43:57,553 [8eb9963e-bce0-4155-aea2-e442cadff8bd@group-A751954341BD-LeaderElection89] INFO  impl.LeaderElection (LeaderElection.java:askForVotes(450)) - 8eb9963e-bce0-4155-aea2-e442cadff8bd@group-A751954341BD-LeaderElection89 PRE_VOTE round 0: result REJECTED
2025-09-19 20:43:57,553 [8eb9963e-bce0-4155-aea2-e442cadff8bd@group-A751954341BD-LeaderElection89] INFO  server.RaftServer$Division (RaftServerImpl.java:setRole(392)) - 8eb9963e-bce0-4155-aea2-e442cadff8bd@group-A751954341BD: changes role from CANDIDATE to FOLLOWER at term 1 for REJECTED
2025-09-19 20:43:57,553 [8eb9963e-bce0-4155-aea2-e442cadff8bd@group-A751954341BD-LeaderElection89] INFO  impl.RoleInfo (RoleInfo.java:shutdownLeaderElection(141)) - 8eb9963e-bce0-4155-aea2-e442cadff8bd: shutdown 8eb9963e-bce0-4155-aea2-e442cadff8bd@group-A751954341BD-LeaderElection89
2025-09-19 20:43:57,553 [8eb9963e-bce0-4155-aea2-e442cadff8bd@group-A751954341BD-LeaderElection89] INFO  impl.RoleInfo (RoleInfo.java:updateAndGet(148)) - 8eb9963e-bce0-4155-aea2-e442cadff8bd: start 8eb9963e-bce0-4155-aea2-e442cadff8bd@group-A751954341BD-FollowerState
2025-09-19 20:43:57,890 [8eb9963e-bce0-4155-aea2-e442cadff8bd@group-715EBF8096A7-FollowerState] INFO  impl.FollowerState (FollowerState.java:runImpl(161)) - 8eb9963e-bce0-4155-aea2-e442cadff8bd@group-715EBF8096A7-FollowerState: change to CANDIDATE, lastRpcElapsedTime:1161247904ns, electionTimeout:1161ms
2025-09-19 20:43:57,890 [8eb9963e-bce0-4155-aea2-e442cadff8bd@group-715EBF8096A7-FollowerState] INFO  impl.RoleInfo (RoleInfo.java:shutdownFollowerState(121)) - 8eb9963e-bce0-4155-aea2-e442cadff8bd: shutdown 8eb9963e-bce0-4155-aea2-e442cadff8bd@group-715EBF8096A7-FollowerState
2025-09-19 20:43:57,890 [8eb9963e-bce0-4155-aea2-e442cadff8bd@group-715EBF8096A7-FollowerState] INFO  server.RaftServer$Division (RaftServerImpl.java:setRole(392)) - 8eb9963e-bce0-4155-aea2-e442cadff8bd@group-715EBF8096A7: changes role from  FOLLOWER to CANDIDATE at term 2 for changeToCandidate
2025-09-19 20:43:57,890 [8eb9963e-bce0-4155-aea2-e442cadff8bd@group-715EBF8096A7-FollowerState] INFO  impl.RoleInfo (RoleInfo.java:updateAndGet(148)) - 8eb9963e-bce0-4155-aea2-e442cadff8bd: start 8eb9963e-bce0-4155-aea2-e442cadff8bd@group-715EBF8096A7-LeaderElection90
2025-09-19 20:43:57,890 [8eb9963e-bce0-4155-aea2-e442cadff8bd@group-715EBF8096A7-LeaderElection90] INFO  impl.LeaderElection (LeaderElection.java:askForVotes(448)) - 8eb9963e-bce0-4155-aea2-e442cadff8bd@group-715EBF8096A7-LeaderElection90 PRE_VOTE round 0: submit vote requests at term 2 for conf: {index: 5, cur=peers:[b5a25cc1-46d3-4381-a194-bd68f4526f1c|127.0.0.1:15031, 0df1231c-9f8a-4757-a7d0-f6d7f53bc482|127.0.0.1:15023, 8eb9963e-bce0-4155-aea2-e442cadff8bd|127.0.0.1:15015]|listeners:[], old=null}
2025-09-19 20:43:57,891 [8eb9963e-bce0-4155-aea2-e442cadff8bd@group-715EBF8096A7-LeaderElection90] INFO  impl.LeaderElection (LogUtils.java:infoOrTrace(142)) - 8eb9963e-bce0-4155-aea2-e442cadff8bd@group-715EBF8096A7-LeaderElection90 got exception when requesting votes: java.util.concurrent.ExecutionException: org.apache.ratis.thirdparty.io.grpc.StatusRuntimeException: UNAVAILABLE: io exception
2025-09-19 20:43:57,891 [8eb9963e-bce0-4155-aea2-e442cadff8bd@group-715EBF8096A7-LeaderElection90] INFO  impl.LeaderElection (LogUtils.java:infoOrTrace(142)) - 8eb9963e-bce0-4155-aea2-e442cadff8bd@group-715EBF8096A7-LeaderElection90 got exception when requesting votes: java.util.concurrent.ExecutionException: org.apache.ratis.thirdparty.io.grpc.StatusRuntimeException: UNAVAILABLE: io exception
2025-09-19 20:43:57,891 [8eb9963e-bce0-4155-aea2-e442cadff8bd@group-715EBF8096A7-LeaderElection90] INFO  impl.LeaderElection (LeaderElection.java:logAndReturn(206)) - 8eb9963e-bce0-4155-aea2-e442cadff8bd@group-715EBF8096A7-LeaderElection90: PRE_VOTE REJECTED received 0 response(s) and 2 exception(s):
2025-09-19 20:43:57,891 [8eb9963e-bce0-4155-aea2-e442cadff8bd@group-715EBF8096A7-LeaderElection90] INFO  impl.LeaderElection (LogUtils.java:infoOrTrace(142)) -   Exception 0: java.util.concurrent.ExecutionException: org.apache.ratis.thirdparty.io.grpc.StatusRuntimeException: UNAVAILABLE: io exception
2025-09-19 20:43:57,891 [8eb9963e-bce0-4155-aea2-e442cadff8bd@group-715EBF8096A7-LeaderElection90] INFO  impl.LeaderElection (LogUtils.java:infoOrTrace(142)) -   Exception 1: java.util.concurrent.ExecutionException: org.apache.ratis.thirdparty.io.grpc.StatusRuntimeException: UNAVAILABLE: io exception
2025-09-19 20:43:57,891 [8eb9963e-bce0-4155-aea2-e442cadff8bd@group-715EBF8096A7-LeaderElection90] INFO  impl.LeaderElection (LeaderElection.java:askForVotes(450)) - 8eb9963e-bce0-4155-aea2-e442cadff8bd@group-715EBF8096A7-LeaderElection90 PRE_VOTE round 0: result REJECTED
2025-09-19 20:43:57,891 [8eb9963e-bce0-4155-aea2-e442cadff8bd@group-715EBF8096A7-LeaderElection90] INFO  server.RaftServer$Division (RaftServerImpl.java:setRole(392)) - 8eb9963e-bce0-4155-aea2-e442cadff8bd@group-715EBF8096A7: changes role from CANDIDATE to FOLLOWER at term 2 for REJECTED
2025-09-19 20:43:57,891 [8eb9963e-bce0-4155-aea2-e442cadff8bd@group-715EBF8096A7-LeaderElection90] INFO  impl.RoleInfo (RoleInfo.java:shutdownLeaderElection(141)) - 8eb9963e-bce0-4155-aea2-e442cadff8bd: shutdown 8eb9963e-bce0-4155-aea2-e442cadff8bd@group-715EBF8096A7-LeaderElection90
2025-09-19 20:43:57,891 [8eb9963e-bce0-4155-aea2-e442cadff8bd@group-715EBF8096A7-LeaderElection90] INFO  impl.RoleInfo (RoleInfo.java:updateAndGet(148)) - 8eb9963e-bce0-4155-aea2-e442cadff8bd: start 8eb9963e-bce0-4155-aea2-e442cadff8bd@group-715EBF8096A7-FollowerState
2025-09-19 20:43:58,687 [8eb9963e-bce0-4155-aea2-e442cadff8bd@group-A751954341BD-FollowerState] INFO  impl.FollowerState (FollowerState.java:runImpl(161)) - 8eb9963e-bce0-4155-aea2-e442cadff8bd@group-A751954341BD-FollowerState: change to CANDIDATE, lastRpcElapsedTime:1134258450ns, electionTimeout:1134ms
2025-09-19 20:43:58,687 [8eb9963e-bce0-4155-aea2-e442cadff8bd@group-A751954341BD-FollowerState] INFO  impl.RoleInfo (RoleInfo.java:shutdownFollowerState(121)) - 8eb9963e-bce0-4155-aea2-e442cadff8bd: shutdown 8eb9963e-bce0-4155-aea2-e442cadff8bd@group-A751954341BD-FollowerState
2025-09-19 20:43:58,687 [8eb9963e-bce0-4155-aea2-e442cadff8bd@group-A751954341BD-FollowerState] INFO  server.RaftServer$Division (RaftServerImpl.java:setRole(392)) - 8eb9963e-bce0-4155-aea2-e442cadff8bd@group-A751954341BD: changes role from  FOLLOWER to CANDIDATE at term 1 for changeToCandidate
2025-09-19 20:43:58,687 [8eb9963e-bce0-4155-aea2-e442cadff8bd@group-A751954341BD-FollowerState] INFO  impl.RoleInfo (RoleInfo.java:updateAndGet(148)) - 8eb9963e-bce0-4155-aea2-e442cadff8bd: start 8eb9963e-bce0-4155-aea2-e442cadff8bd@group-A751954341BD-LeaderElection91
2025-09-19 20:43:58,688 [8eb9963e-bce0-4155-aea2-e442cadff8bd@group-A751954341BD-LeaderElection91] INFO  impl.LeaderElection (LeaderElection.java:askForVotes(448)) - 8eb9963e-bce0-4155-aea2-e442cadff8bd@group-A751954341BD-LeaderElection91 PRE_VOTE round 0: submit vote requests at term 1 for conf: {index: 0, cur=peers:[b5a25cc1-46d3-4381-a194-bd68f4526f1c|127.0.0.1:15031, 0df1231c-9f8a-4757-a7d0-f6d7f53bc482|127.0.0.1:15023, 8eb9963e-bce0-4155-aea2-e442cadff8bd|127.0.0.1:15015]|listeners:[], old=null}
2025-09-19 20:43:58,688 [8eb9963e-bce0-4155-aea2-e442cadff8bd@group-A751954341BD-LeaderElection91] INFO  impl.LeaderElection (LogUtils.java:infoOrTrace(142)) - 8eb9963e-bce0-4155-aea2-e442cadff8bd@group-A751954341BD-LeaderElection91 got exception when requesting votes: java.util.concurrent.ExecutionException: org.apache.ratis.thirdparty.io.grpc.StatusRuntimeException: UNAVAILABLE: io exception
2025-09-19 20:43:58,689 [8eb9963e-bce0-4155-aea2-e442cadff8bd@group-A751954341BD-LeaderElection91] INFO  impl.LeaderElection (LogUtils.java:infoOrTrace(142)) - 8eb9963e-bce0-4155-aea2-e442cadff8bd@group-A751954341BD-LeaderElection91 got exception when requesting votes: java.util.concurrent.ExecutionException: org.apache.ratis.thirdparty.io.grpc.StatusRuntimeException: UNAVAILABLE: io exception
2025-09-19 20:43:58,689 [8eb9963e-bce0-4155-aea2-e442cadff8bd@group-A751954341BD-LeaderElection91] INFO  impl.LeaderElection (LeaderElection.java:logAndReturn(206)) - 8eb9963e-bce0-4155-aea2-e442cadff8bd@group-A751954341BD-LeaderElection91: PRE_VOTE REJECTED received 0 response(s) and 2 exception(s):
2025-09-19 20:43:58,689 [8eb9963e-bce0-4155-aea2-e442cadff8bd@group-A751954341BD-LeaderElection91] INFO  impl.LeaderElection (LogUtils.java:infoOrTrace(142)) -   Exception 0: java.util.concurrent.ExecutionException: org.apache.ratis.thirdparty.io.grpc.StatusRuntimeException: UNAVAILABLE: io exception
2025-09-19 20:43:58,689 [8eb9963e-bce0-4155-aea2-e442cadff8bd@group-A751954341BD-LeaderElection91] INFO  impl.LeaderElection (LogUtils.java:infoOrTrace(142)) -   Exception 1: java.util.concurrent.ExecutionException: org.apache.ratis.thirdparty.io.grpc.StatusRuntimeException: UNAVAILABLE: io exception
2025-09-19 20:43:58,689 [8eb9963e-bce0-4155-aea2-e442cadff8bd@group-A751954341BD-LeaderElection91] INFO  impl.LeaderElection (LeaderElection.java:askForVotes(450)) - 8eb9963e-bce0-4155-aea2-e442cadff8bd@group-A751954341BD-LeaderElection91 PRE_VOTE round 0: result REJECTED
2025-09-19 20:43:58,689 [8eb9963e-bce0-4155-aea2-e442cadff8bd@group-A751954341BD-LeaderElection91] INFO  server.RaftServer$Division (RaftServerImpl.java:setRole(392)) - 8eb9963e-bce0-4155-aea2-e442cadff8bd@group-A751954341BD: changes role from CANDIDATE to FOLLOWER at term 1 for REJECTED
2025-09-19 20:43:58,689 [8eb9963e-bce0-4155-aea2-e442cadff8bd@group-A751954341BD-LeaderElection91] INFO  impl.RoleInfo (RoleInfo.java:shutdownLeaderElection(141)) - 8eb9963e-bce0-4155-aea2-e442cadff8bd: shutdown 8eb9963e-bce0-4155-aea2-e442cadff8bd@group-A751954341BD-LeaderElection91
2025-09-19 20:43:58,689 [8eb9963e-bce0-4155-aea2-e442cadff8bd@group-A751954341BD-LeaderElection91] INFO  impl.RoleInfo (RoleInfo.java:updateAndGet(148)) - 8eb9963e-bce0-4155-aea2-e442cadff8bd: start 8eb9963e-bce0-4155-aea2-e442cadff8bd@group-A751954341BD-FollowerState
2025-09-19 20:43:59,022 [8eb9963e-bce0-4155-aea2-e442cadff8bd@group-715EBF8096A7-FollowerState] INFO  impl.FollowerState (FollowerState.java:runImpl(161)) - 8eb9963e-bce0-4155-aea2-e442cadff8bd@group-715EBF8096A7-FollowerState: change to CANDIDATE, lastRpcElapsedTime:1131261665ns, electionTimeout:1131ms
2025-09-19 20:43:59,022 [8eb9963e-bce0-4155-aea2-e442cadff8bd@group-715EBF8096A7-FollowerState] INFO  impl.RoleInfo (RoleInfo.java:shutdownFollowerState(121)) - 8eb9963e-bce0-4155-aea2-e442cadff8bd: shutdown 8eb9963e-bce0-4155-aea2-e442cadff8bd@group-715EBF8096A7-FollowerState
2025-09-19 20:43:59,023 [8eb9963e-bce0-4155-aea2-e442cadff8bd@group-715EBF8096A7-FollowerState] INFO  server.RaftServer$Division (RaftServerImpl.java:setRole(392)) - 8eb9963e-bce0-4155-aea2-e442cadff8bd@group-715EBF8096A7: changes role from  FOLLOWER to CANDIDATE at term 2 for changeToCandidate
2025-09-19 20:43:59,023 [8eb9963e-bce0-4155-aea2-e442cadff8bd@group-715EBF8096A7-FollowerState] INFO  impl.RoleInfo (RoleInfo.java:updateAndGet(148)) - 8eb9963e-bce0-4155-aea2-e442cadff8bd: start 8eb9963e-bce0-4155-aea2-e442cadff8bd@group-715EBF8096A7-LeaderElection92
2025-09-19 20:43:59,023 [8eb9963e-bce0-4155-aea2-e442cadff8bd@group-715EBF8096A7-LeaderElection92] INFO  impl.LeaderElection (LeaderElection.java:askForVotes(448)) - 8eb9963e-bce0-4155-aea2-e442cadff8bd@group-715EBF8096A7-LeaderElection92 PRE_VOTE round 0: submit vote requests at term 2 for conf: {index: 5, cur=peers:[b5a25cc1-46d3-4381-a194-bd68f4526f1c|127.0.0.1:15031, 0df1231c-9f8a-4757-a7d0-f6d7f53bc482|127.0.0.1:15023, 8eb9963e-bce0-4155-aea2-e442cadff8bd|127.0.0.1:15015]|listeners:[], old=null}
2025-09-19 20:43:59,024 [8eb9963e-bce0-4155-aea2-e442cadff8bd@group-715EBF8096A7-LeaderElection92] INFO  impl.LeaderElection (LogUtils.java:infoOrTrace(142)) - 8eb9963e-bce0-4155-aea2-e442cadff8bd@group-715EBF8096A7-LeaderElection92 got exception when requesting votes: java.util.concurrent.ExecutionException: org.apache.ratis.thirdparty.io.grpc.StatusRuntimeException: UNAVAILABLE: io exception
2025-09-19 20:43:59,024 [8eb9963e-bce0-4155-aea2-e442cadff8bd@group-715EBF8096A7-LeaderElection92] INFO  impl.LeaderElection (LogUtils.java:infoOrTrace(142)) - 8eb9963e-bce0-4155-aea2-e442cadff8bd@group-715EBF8096A7-LeaderElection92 got exception when requesting votes: java.util.concurrent.ExecutionException: org.apache.ratis.thirdparty.io.grpc.StatusRuntimeException: UNAVAILABLE: io exception
2025-09-19 20:43:59,024 [8eb9963e-bce0-4155-aea2-e442cadff8bd@group-715EBF8096A7-LeaderElection92] INFO  impl.LeaderElection (LeaderElection.java:logAndReturn(206)) - 8eb9963e-bce0-4155-aea2-e442cadff8bd@group-715EBF8096A7-LeaderElection92: PRE_VOTE REJECTED received 0 response(s) and 2 exception(s):
2025-09-19 20:43:59,024 [8eb9963e-bce0-4155-aea2-e442cadff8bd@group-715EBF8096A7-LeaderElection92] INFO  impl.LeaderElection (LogUtils.java:infoOrTrace(142)) -   Exception 0: java.util.concurrent.ExecutionException: org.apache.ratis.thirdparty.io.grpc.StatusRuntimeException: UNAVAILABLE: io exception
2025-09-19 20:43:59,024 [8eb9963e-bce0-4155-aea2-e442cadff8bd@group-715EBF8096A7-LeaderElection92] INFO  impl.LeaderElection (LogUtils.java:infoOrTrace(142)) -   Exception 1: java.util.concurrent.ExecutionException: org.apache.ratis.thirdparty.io.grpc.StatusRuntimeException: UNAVAILABLE: io exception
2025-09-19 20:43:59,024 [8eb9963e-bce0-4155-aea2-e442cadff8bd@group-715EBF8096A7-LeaderElection92] INFO  impl.LeaderElection (LeaderElection.java:askForVotes(450)) - 8eb9963e-bce0-4155-aea2-e442cadff8bd@group-715EBF8096A7-LeaderElection92 PRE_VOTE round 0: result REJECTED
2025-09-19 20:43:59,024 [8eb9963e-bce0-4155-aea2-e442cadff8bd@group-715EBF8096A7-LeaderElection92] INFO  server.RaftServer$Division (RaftServerImpl.java:setRole(392)) - 8eb9963e-bce0-4155-aea2-e442cadff8bd@group-715EBF8096A7: changes role from CANDIDATE to FOLLOWER at term 2 for REJECTED
2025-09-19 20:43:59,024 [8eb9963e-bce0-4155-aea2-e442cadff8bd@group-715EBF8096A7-LeaderElection92] INFO  impl.RoleInfo (RoleInfo.java:shutdownLeaderElection(141)) - 8eb9963e-bce0-4155-aea2-e442cadff8bd: shutdown 8eb9963e-bce0-4155-aea2-e442cadff8bd@group-715EBF8096A7-LeaderElection92
2025-09-19 20:43:59,024 [8eb9963e-bce0-4155-aea2-e442cadff8bd@group-715EBF8096A7-LeaderElection92] INFO  impl.RoleInfo (RoleInfo.java:updateAndGet(148)) - 8eb9963e-bce0-4155-aea2-e442cadff8bd: start 8eb9963e-bce0-4155-aea2-e442cadff8bd@group-715EBF8096A7-FollowerState
2025-09-19 20:43:59,694 [8eb9963e-bce0-4155-aea2-e442cadff8bd@group-A751954341BD-FollowerState] INFO  impl.FollowerState (FollowerState.java:runImpl(161)) - 8eb9963e-bce0-4155-aea2-e442cadff8bd@group-A751954341BD-FollowerState: change to CANDIDATE, lastRpcElapsedTime:1005481455ns, electionTimeout:1005ms
2025-09-19 20:43:59,694 [8eb9963e-bce0-4155-aea2-e442cadff8bd@group-A751954341BD-FollowerState] INFO  impl.RoleInfo (RoleInfo.java:shutdownFollowerState(121)) - 8eb9963e-bce0-4155-aea2-e442cadff8bd: shutdown 8eb9963e-bce0-4155-aea2-e442cadff8bd@group-A751954341BD-FollowerState
2025-09-19 20:43:59,695 [8eb9963e-bce0-4155-aea2-e442cadff8bd@group-A751954341BD-FollowerState] INFO  server.RaftServer$Division (RaftServerImpl.java:setRole(392)) - 8eb9963e-bce0-4155-aea2-e442cadff8bd@group-A751954341BD: changes role from  FOLLOWER to CANDIDATE at term 1 for changeToCandidate
2025-09-19 20:43:59,695 [8eb9963e-bce0-4155-aea2-e442cadff8bd@group-A751954341BD-FollowerState] INFO  impl.RoleInfo (RoleInfo.java:updateAndGet(148)) - 8eb9963e-bce0-4155-aea2-e442cadff8bd: start 8eb9963e-bce0-4155-aea2-e442cadff8bd@group-A751954341BD-LeaderElection93
2025-09-19 20:43:59,695 [8eb9963e-bce0-4155-aea2-e442cadff8bd@group-A751954341BD-LeaderElection93] INFO  impl.LeaderElection (LeaderElection.java:askForVotes(448)) - 8eb9963e-bce0-4155-aea2-e442cadff8bd@group-A751954341BD-LeaderElection93 PRE_VOTE round 0: submit vote requests at term 1 for conf: {index: 0, cur=peers:[b5a25cc1-46d3-4381-a194-bd68f4526f1c|127.0.0.1:15031, 0df1231c-9f8a-4757-a7d0-f6d7f53bc482|127.0.0.1:15023, 8eb9963e-bce0-4155-aea2-e442cadff8bd|127.0.0.1:15015]|listeners:[], old=null}
2025-09-19 20:43:59,696 [8eb9963e-bce0-4155-aea2-e442cadff8bd@group-A751954341BD-LeaderElection93] INFO  impl.LeaderElection (LogUtils.java:infoOrTrace(142)) - 8eb9963e-bce0-4155-aea2-e442cadff8bd@group-A751954341BD-LeaderElection93 got exception when requesting votes: java.util.concurrent.ExecutionException: org.apache.ratis.thirdparty.io.grpc.StatusRuntimeException: UNAVAILABLE: io exception
2025-09-19 20:43:59,696 [8eb9963e-bce0-4155-aea2-e442cadff8bd@group-A751954341BD-LeaderElection93] INFO  impl.LeaderElection (LogUtils.java:infoOrTrace(142)) - 8eb9963e-bce0-4155-aea2-e442cadff8bd@group-A751954341BD-LeaderElection93 got exception when requesting votes: java.util.concurrent.ExecutionException: org.apache.ratis.thirdparty.io.grpc.StatusRuntimeException: UNAVAILABLE: io exception
2025-09-19 20:43:59,696 [8eb9963e-bce0-4155-aea2-e442cadff8bd@group-A751954341BD-LeaderElection93] INFO  impl.LeaderElection (LeaderElection.java:logAndReturn(206)) - 8eb9963e-bce0-4155-aea2-e442cadff8bd@group-A751954341BD-LeaderElection93: PRE_VOTE REJECTED received 0 response(s) and 2 exception(s):
2025-09-19 20:43:59,696 [8eb9963e-bce0-4155-aea2-e442cadff8bd@group-A751954341BD-LeaderElection93] INFO  impl.LeaderElection (LogUtils.java:infoOrTrace(142)) -   Exception 0: java.util.concurrent.ExecutionException: org.apache.ratis.thirdparty.io.grpc.StatusRuntimeException: UNAVAILABLE: io exception
2025-09-19 20:43:59,696 [8eb9963e-bce0-4155-aea2-e442cadff8bd@group-A751954341BD-LeaderElection93] INFO  impl.LeaderElection (LogUtils.java:infoOrTrace(142)) -   Exception 1: java.util.concurrent.ExecutionException: org.apache.ratis.thirdparty.io.grpc.StatusRuntimeException: UNAVAILABLE: io exception
2025-09-19 20:43:59,696 [8eb9963e-bce0-4155-aea2-e442cadff8bd@group-A751954341BD-LeaderElection93] INFO  impl.LeaderElection (LeaderElection.java:askForVotes(450)) - 8eb9963e-bce0-4155-aea2-e442cadff8bd@group-A751954341BD-LeaderElection93 PRE_VOTE round 0: result REJECTED
2025-09-19 20:43:59,696 [8eb9963e-bce0-4155-aea2-e442cadff8bd@group-A751954341BD-LeaderElection93] INFO  server.RaftServer$Division (RaftServerImpl.java:setRole(392)) - 8eb9963e-bce0-4155-aea2-e442cadff8bd@group-A751954341BD: changes role from CANDIDATE to FOLLOWER at term 1 for REJECTED
2025-09-19 20:43:59,696 [8eb9963e-bce0-4155-aea2-e442cadff8bd@group-A751954341BD-LeaderElection93] INFO  impl.RoleInfo (RoleInfo.java:shutdownLeaderElection(141)) - 8eb9963e-bce0-4155-aea2-e442cadff8bd: shutdown 8eb9963e-bce0-4155-aea2-e442cadff8bd@group-A751954341BD-LeaderElection93
2025-09-19 20:43:59,696 [8eb9963e-bce0-4155-aea2-e442cadff8bd@group-A751954341BD-LeaderElection93] INFO  impl.RoleInfo (RoleInfo.java:updateAndGet(148)) - 8eb9963e-bce0-4155-aea2-e442cadff8bd: start 8eb9963e-bce0-4155-aea2-e442cadff8bd@group-A751954341BD-FollowerState
2025-09-19 20:44:00,062 [8eb9963e-bce0-4155-aea2-e442cadff8bd@group-715EBF8096A7-FollowerState] INFO  impl.FollowerState (FollowerState.java:runImpl(161)) - 8eb9963e-bce0-4155-aea2-e442cadff8bd@group-715EBF8096A7-FollowerState: change to CANDIDATE, lastRpcElapsedTime:1038243081ns, electionTimeout:1038ms
2025-09-19 20:44:00,062 [8eb9963e-bce0-4155-aea2-e442cadff8bd@group-715EBF8096A7-FollowerState] INFO  impl.RoleInfo (RoleInfo.java:shutdownFollowerState(121)) - 8eb9963e-bce0-4155-aea2-e442cadff8bd: shutdown 8eb9963e-bce0-4155-aea2-e442cadff8bd@group-715EBF8096A7-FollowerState
2025-09-19 20:44:00,063 [8eb9963e-bce0-4155-aea2-e442cadff8bd@group-715EBF8096A7-FollowerState] INFO  server.RaftServer$Division (RaftServerImpl.java:setRole(392)) - 8eb9963e-bce0-4155-aea2-e442cadff8bd@group-715EBF8096A7: changes role from  FOLLOWER to CANDIDATE at term 2 for changeToCandidate
2025-09-19 20:44:00,063 [8eb9963e-bce0-4155-aea2-e442cadff8bd@group-715EBF8096A7-FollowerState] INFO  impl.RoleInfo (RoleInfo.java:updateAndGet(148)) - 8eb9963e-bce0-4155-aea2-e442cadff8bd: start 8eb9963e-bce0-4155-aea2-e442cadff8bd@group-715EBF8096A7-LeaderElection94
2025-09-19 20:44:00,063 [8eb9963e-bce0-4155-aea2-e442cadff8bd@group-715EBF8096A7-LeaderElection94] INFO  impl.LeaderElection (LeaderElection.java:askForVotes(448)) - 8eb9963e-bce0-4155-aea2-e442cadff8bd@group-715EBF8096A7-LeaderElection94 PRE_VOTE round 0: submit vote requests at term 2 for conf: {index: 5, cur=peers:[b5a25cc1-46d3-4381-a194-bd68f4526f1c|127.0.0.1:15031, 0df1231c-9f8a-4757-a7d0-f6d7f53bc482|127.0.0.1:15023, 8eb9963e-bce0-4155-aea2-e442cadff8bd|127.0.0.1:15015]|listeners:[], old=null}
2025-09-19 20:44:00,064 [8eb9963e-bce0-4155-aea2-e442cadff8bd@group-715EBF8096A7-LeaderElection94] INFO  impl.LeaderElection (LogUtils.java:infoOrTrace(142)) - 8eb9963e-bce0-4155-aea2-e442cadff8bd@group-715EBF8096A7-LeaderElection94 got exception when requesting votes: java.util.concurrent.ExecutionException: org.apache.ratis.thirdparty.io.grpc.StatusRuntimeException: UNAVAILABLE: io exception
2025-09-19 20:44:00,064 [8eb9963e-bce0-4155-aea2-e442cadff8bd@group-715EBF8096A7-LeaderElection94] INFO  impl.LeaderElection (LogUtils.java:infoOrTrace(142)) - 8eb9963e-bce0-4155-aea2-e442cadff8bd@group-715EBF8096A7-LeaderElection94 got exception when requesting votes: java.util.concurrent.ExecutionException: org.apache.ratis.thirdparty.io.grpc.StatusRuntimeException: UNAVAILABLE: io exception
2025-09-19 20:44:00,064 [8eb9963e-bce0-4155-aea2-e442cadff8bd@group-715EBF8096A7-LeaderElection94] INFO  impl.LeaderElection (LeaderElection.java:logAndReturn(206)) - 8eb9963e-bce0-4155-aea2-e442cadff8bd@group-715EBF8096A7-LeaderElection94: PRE_VOTE REJECTED received 0 response(s) and 2 exception(s):
2025-09-19 20:44:00,064 [8eb9963e-bce0-4155-aea2-e442cadff8bd@group-715EBF8096A7-LeaderElection94] INFO  impl.LeaderElection (LogUtils.java:infoOrTrace(142)) -   Exception 0: java.util.concurrent.ExecutionException: org.apache.ratis.thirdparty.io.grpc.StatusRuntimeException: UNAVAILABLE: io exception
2025-09-19 20:44:00,064 [8eb9963e-bce0-4155-aea2-e442cadff8bd@group-715EBF8096A7-LeaderElection94] INFO  impl.LeaderElection (LogUtils.java:infoOrTrace(142)) -   Exception 1: java.util.concurrent.ExecutionException: org.apache.ratis.thirdparty.io.grpc.StatusRuntimeException: UNAVAILABLE: io exception
2025-09-19 20:44:00,064 [8eb9963e-bce0-4155-aea2-e442cadff8bd@group-715EBF8096A7-LeaderElection94] INFO  impl.LeaderElection (LeaderElection.java:askForVotes(450)) - 8eb9963e-bce0-4155-aea2-e442cadff8bd@group-715EBF8096A7-LeaderElection94 PRE_VOTE round 0: result REJECTED
2025-09-19 20:44:00,064 [8eb9963e-bce0-4155-aea2-e442cadff8bd@group-715EBF8096A7-LeaderElection94] INFO  server.RaftServer$Division (RaftServerImpl.java:setRole(392)) - 8eb9963e-bce0-4155-aea2-e442cadff8bd@group-715EBF8096A7: changes role from CANDIDATE to FOLLOWER at term 2 for REJECTED
2025-09-19 20:44:00,064 [8eb9963e-bce0-4155-aea2-e442cadff8bd@group-715EBF8096A7-LeaderElection94] INFO  impl.RoleInfo (RoleInfo.java:shutdownLeaderElection(141)) - 8eb9963e-bce0-4155-aea2-e442cadff8bd: shutdown 8eb9963e-bce0-4155-aea2-e442cadff8bd@group-715EBF8096A7-LeaderElection94
2025-09-19 20:44:00,064 [8eb9963e-bce0-4155-aea2-e442cadff8bd@group-715EBF8096A7-LeaderElection94] INFO  impl.RoleInfo (RoleInfo.java:updateAndGet(148)) - 8eb9963e-bce0-4155-aea2-e442cadff8bd: start 8eb9963e-bce0-4155-aea2-e442cadff8bd@group-715EBF8096A7-FollowerState
2025-09-19 20:44:00,875 [8eb9963e-bce0-4155-aea2-e442cadff8bd@group-A751954341BD-FollowerState] INFO  impl.FollowerState (FollowerState.java:runImpl(161)) - 8eb9963e-bce0-4155-aea2-e442cadff8bd@group-A751954341BD-FollowerState: change to CANDIDATE, lastRpcElapsedTime:1179361325ns, electionTimeout:1179ms
2025-09-19 20:44:00,875 [8eb9963e-bce0-4155-aea2-e442cadff8bd@group-A751954341BD-FollowerState] INFO  impl.RoleInfo (RoleInfo.java:shutdownFollowerState(121)) - 8eb9963e-bce0-4155-aea2-e442cadff8bd: shutdown 8eb9963e-bce0-4155-aea2-e442cadff8bd@group-A751954341BD-FollowerState
2025-09-19 20:44:00,876 [8eb9963e-bce0-4155-aea2-e442cadff8bd@group-A751954341BD-FollowerState] INFO  server.RaftServer$Division (RaftServerImpl.java:setRole(392)) - 8eb9963e-bce0-4155-aea2-e442cadff8bd@group-A751954341BD: changes role from  FOLLOWER to CANDIDATE at term 1 for changeToCandidate
2025-09-19 20:44:00,876 [8eb9963e-bce0-4155-aea2-e442cadff8bd@group-A751954341BD-FollowerState] INFO  impl.RoleInfo (RoleInfo.java:updateAndGet(148)) - 8eb9963e-bce0-4155-aea2-e442cadff8bd: start 8eb9963e-bce0-4155-aea2-e442cadff8bd@group-A751954341BD-LeaderElection95
2025-09-19 20:44:00,876 [8eb9963e-bce0-4155-aea2-e442cadff8bd@group-A751954341BD-LeaderElection95] INFO  impl.LeaderElection (LeaderElection.java:askForVotes(448)) - 8eb9963e-bce0-4155-aea2-e442cadff8bd@group-A751954341BD-LeaderElection95 PRE_VOTE round 0: submit vote requests at term 1 for conf: {index: 0, cur=peers:[b5a25cc1-46d3-4381-a194-bd68f4526f1c|127.0.0.1:15031, 0df1231c-9f8a-4757-a7d0-f6d7f53bc482|127.0.0.1:15023, 8eb9963e-bce0-4155-aea2-e442cadff8bd|127.0.0.1:15015]|listeners:[], old=null}
2025-09-19 20:44:00,876 [8eb9963e-bce0-4155-aea2-e442cadff8bd@group-A751954341BD-LeaderElection95] INFO  impl.LeaderElection (LogUtils.java:infoOrTrace(142)) - 8eb9963e-bce0-4155-aea2-e442cadff8bd@group-A751954341BD-LeaderElection95 got exception when requesting votes: java.util.concurrent.ExecutionException: org.apache.ratis.thirdparty.io.grpc.StatusRuntimeException: UNAVAILABLE: io exception
2025-09-19 20:44:00,877 [8eb9963e-bce0-4155-aea2-e442cadff8bd@group-A751954341BD-LeaderElection95] INFO  impl.LeaderElection (LogUtils.java:infoOrTrace(142)) - 8eb9963e-bce0-4155-aea2-e442cadff8bd@group-A751954341BD-LeaderElection95 got exception when requesting votes: java.util.concurrent.ExecutionException: org.apache.ratis.thirdparty.io.grpc.StatusRuntimeException: UNAVAILABLE: io exception
2025-09-19 20:44:00,877 [8eb9963e-bce0-4155-aea2-e442cadff8bd@group-A751954341BD-LeaderElection95] INFO  impl.LeaderElection (LeaderElection.java:logAndReturn(206)) - 8eb9963e-bce0-4155-aea2-e442cadff8bd@group-A751954341BD-LeaderElection95: PRE_VOTE REJECTED received 0 response(s) and 2 exception(s):
2025-09-19 20:44:00,877 [8eb9963e-bce0-4155-aea2-e442cadff8bd@group-A751954341BD-LeaderElection95] INFO  impl.LeaderElection (LogUtils.java:infoOrTrace(142)) -   Exception 0: java.util.concurrent.ExecutionException: org.apache.ratis.thirdparty.io.grpc.StatusRuntimeException: UNAVAILABLE: io exception
2025-09-19 20:44:00,877 [8eb9963e-bce0-4155-aea2-e442cadff8bd@group-A751954341BD-LeaderElection95] INFO  impl.LeaderElection (LogUtils.java:infoOrTrace(142)) -   Exception 1: java.util.concurrent.ExecutionException: org.apache.ratis.thirdparty.io.grpc.StatusRuntimeException: UNAVAILABLE: io exception
2025-09-19 20:44:00,877 [8eb9963e-bce0-4155-aea2-e442cadff8bd@group-A751954341BD-LeaderElection95] INFO  impl.LeaderElection (LeaderElection.java:askForVotes(450)) - 8eb9963e-bce0-4155-aea2-e442cadff8bd@group-A751954341BD-LeaderElection95 PRE_VOTE round 0: result REJECTED
2025-09-19 20:44:00,877 [8eb9963e-bce0-4155-aea2-e442cadff8bd@group-A751954341BD-LeaderElection95] INFO  server.RaftServer$Division (RaftServerImpl.java:setRole(392)) - 8eb9963e-bce0-4155-aea2-e442cadff8bd@group-A751954341BD: changes role from CANDIDATE to FOLLOWER at term 1 for REJECTED
2025-09-19 20:44:00,877 [8eb9963e-bce0-4155-aea2-e442cadff8bd@group-A751954341BD-LeaderElection95] INFO  impl.RoleInfo (RoleInfo.java:shutdownLeaderElection(141)) - 8eb9963e-bce0-4155-aea2-e442cadff8bd: shutdown 8eb9963e-bce0-4155-aea2-e442cadff8bd@group-A751954341BD-LeaderElection95
2025-09-19 20:44:00,877 [8eb9963e-bce0-4155-aea2-e442cadff8bd@group-A751954341BD-LeaderElection95] INFO  impl.RoleInfo (RoleInfo.java:updateAndGet(148)) - 8eb9963e-bce0-4155-aea2-e442cadff8bd: start 8eb9963e-bce0-4155-aea2-e442cadff8bd@group-A751954341BD-FollowerState
2025-09-19 20:44:01,203 [8eb9963e-bce0-4155-aea2-e442cadff8bd@group-715EBF8096A7-FollowerState] INFO  impl.FollowerState (FollowerState.java:runImpl(161)) - 8eb9963e-bce0-4155-aea2-e442cadff8bd@group-715EBF8096A7-FollowerState: change to CANDIDATE, lastRpcElapsedTime:1139277683ns, electionTimeout:1139ms
2025-09-19 20:44:01,204 [8eb9963e-bce0-4155-aea2-e442cadff8bd@group-715EBF8096A7-FollowerState] INFO  impl.RoleInfo (RoleInfo.java:shutdownFollowerState(121)) - 8eb9963e-bce0-4155-aea2-e442cadff8bd: shutdown 8eb9963e-bce0-4155-aea2-e442cadff8bd@group-715EBF8096A7-FollowerState
2025-09-19 20:44:01,204 [8eb9963e-bce0-4155-aea2-e442cadff8bd@group-715EBF8096A7-FollowerState] INFO  server.RaftServer$Division (RaftServerImpl.java:setRole(392)) - 8eb9963e-bce0-4155-aea2-e442cadff8bd@group-715EBF8096A7: changes role from  FOLLOWER to CANDIDATE at term 2 for changeToCandidate
2025-09-19 20:44:01,204 [8eb9963e-bce0-4155-aea2-e442cadff8bd@group-715EBF8096A7-FollowerState] INFO  impl.RoleInfo (RoleInfo.java:updateAndGet(148)) - 8eb9963e-bce0-4155-aea2-e442cadff8bd: start 8eb9963e-bce0-4155-aea2-e442cadff8bd@group-715EBF8096A7-LeaderElection96
2025-09-19 20:44:01,204 [8eb9963e-bce0-4155-aea2-e442cadff8bd@group-715EBF8096A7-LeaderElection96] INFO  impl.LeaderElection (LeaderElection.java:askForVotes(448)) - 8eb9963e-bce0-4155-aea2-e442cadff8bd@group-715EBF8096A7-LeaderElection96 PRE_VOTE round 0: submit vote requests at term 2 for conf: {index: 5, cur=peers:[b5a25cc1-46d3-4381-a194-bd68f4526f1c|127.0.0.1:15031, 0df1231c-9f8a-4757-a7d0-f6d7f53bc482|127.0.0.1:15023, 8eb9963e-bce0-4155-aea2-e442cadff8bd|127.0.0.1:15015]|listeners:[], old=null}
2025-09-19 20:44:01,205 [8eb9963e-bce0-4155-aea2-e442cadff8bd@group-715EBF8096A7-LeaderElection96] INFO  impl.LeaderElection (LogUtils.java:infoOrTrace(142)) - 8eb9963e-bce0-4155-aea2-e442cadff8bd@group-715EBF8096A7-LeaderElection96 got exception when requesting votes: java.util.concurrent.ExecutionException: org.apache.ratis.thirdparty.io.grpc.StatusRuntimeException: UNAVAILABLE: io exception
2025-09-19 20:44:01,205 [8eb9963e-bce0-4155-aea2-e442cadff8bd@group-715EBF8096A7-LeaderElection96] INFO  impl.LeaderElection (LogUtils.java:infoOrTrace(142)) - 8eb9963e-bce0-4155-aea2-e442cadff8bd@group-715EBF8096A7-LeaderElection96 got exception when requesting votes: java.util.concurrent.ExecutionException: org.apache.ratis.thirdparty.io.grpc.StatusRuntimeException: UNAVAILABLE: io exception
2025-09-19 20:44:01,205 [8eb9963e-bce0-4155-aea2-e442cadff8bd@group-715EBF8096A7-LeaderElection96] INFO  impl.LeaderElection (LeaderElection.java:logAndReturn(206)) - 8eb9963e-bce0-4155-aea2-e442cadff8bd@group-715EBF8096A7-LeaderElection96: PRE_VOTE REJECTED received 0 response(s) and 2 exception(s):
2025-09-19 20:44:01,205 [8eb9963e-bce0-4155-aea2-e442cadff8bd@group-715EBF8096A7-LeaderElection96] INFO  impl.LeaderElection (LogUtils.java:infoOrTrace(142)) -   Exception 0: java.util.concurrent.ExecutionException: org.apache.ratis.thirdparty.io.grpc.StatusRuntimeException: UNAVAILABLE: io exception
2025-09-19 20:44:01,205 [8eb9963e-bce0-4155-aea2-e442cadff8bd@group-715EBF8096A7-LeaderElection96] INFO  impl.LeaderElection (LogUtils.java:infoOrTrace(142)) -   Exception 1: java.util.concurrent.ExecutionException: org.apache.ratis.thirdparty.io.grpc.StatusRuntimeException: UNAVAILABLE: io exception
2025-09-19 20:44:01,205 [8eb9963e-bce0-4155-aea2-e442cadff8bd@group-715EBF8096A7-LeaderElection96] INFO  impl.LeaderElection (LeaderElection.java:askForVotes(450)) - 8eb9963e-bce0-4155-aea2-e442cadff8bd@group-715EBF8096A7-LeaderElection96 PRE_VOTE round 0: result REJECTED
2025-09-19 20:44:01,205 [8eb9963e-bce0-4155-aea2-e442cadff8bd@group-715EBF8096A7-LeaderElection96] INFO  server.RaftServer$Division (RaftServerImpl.java:setRole(392)) - 8eb9963e-bce0-4155-aea2-e442cadff8bd@group-715EBF8096A7: changes role from CANDIDATE to FOLLOWER at term 2 for REJECTED
2025-09-19 20:44:01,205 [8eb9963e-bce0-4155-aea2-e442cadff8bd@group-715EBF8096A7-LeaderElection96] INFO  impl.RoleInfo (RoleInfo.java:shutdownLeaderElection(141)) - 8eb9963e-bce0-4155-aea2-e442cadff8bd: shutdown 8eb9963e-bce0-4155-aea2-e442cadff8bd@group-715EBF8096A7-LeaderElection96
2025-09-19 20:44:01,205 [8eb9963e-bce0-4155-aea2-e442cadff8bd@group-715EBF8096A7-LeaderElection96] INFO  impl.RoleInfo (RoleInfo.java:updateAndGet(148)) - 8eb9963e-bce0-4155-aea2-e442cadff8bd: start 8eb9963e-bce0-4155-aea2-e442cadff8bd@group-715EBF8096A7-FollowerState
2025-09-19 20:44:01,956 [8eb9963e-bce0-4155-aea2-e442cadff8bd@group-A751954341BD-FollowerState] INFO  impl.FollowerState (FollowerState.java:runImpl(161)) - 8eb9963e-bce0-4155-aea2-e442cadff8bd@group-A751954341BD-FollowerState: change to CANDIDATE, lastRpcElapsedTime:1079378828ns, electionTimeout:1079ms
2025-09-19 20:44:01,957 [8eb9963e-bce0-4155-aea2-e442cadff8bd@group-A751954341BD-FollowerState] INFO  impl.RoleInfo (RoleInfo.java:shutdownFollowerState(121)) - 8eb9963e-bce0-4155-aea2-e442cadff8bd: shutdown 8eb9963e-bce0-4155-aea2-e442cadff8bd@group-A751954341BD-FollowerState
2025-09-19 20:44:01,957 [8eb9963e-bce0-4155-aea2-e442cadff8bd@group-A751954341BD-FollowerState] INFO  server.RaftServer$Division (RaftServerImpl.java:setRole(392)) - 8eb9963e-bce0-4155-aea2-e442cadff8bd@group-A751954341BD: changes role from  FOLLOWER to CANDIDATE at term 1 for changeToCandidate
2025-09-19 20:44:01,957 [8eb9963e-bce0-4155-aea2-e442cadff8bd@group-A751954341BD-FollowerState] INFO  impl.RoleInfo (RoleInfo.java:updateAndGet(148)) - 8eb9963e-bce0-4155-aea2-e442cadff8bd: start 8eb9963e-bce0-4155-aea2-e442cadff8bd@group-A751954341BD-LeaderElection97
2025-09-19 20:44:01,957 [8eb9963e-bce0-4155-aea2-e442cadff8bd@group-A751954341BD-LeaderElection97] INFO  impl.LeaderElection (LeaderElection.java:askForVotes(448)) - 8eb9963e-bce0-4155-aea2-e442cadff8bd@group-A751954341BD-LeaderElection97 PRE_VOTE round 0: submit vote requests at term 1 for conf: {index: 0, cur=peers:[b5a25cc1-46d3-4381-a194-bd68f4526f1c|127.0.0.1:15031, 0df1231c-9f8a-4757-a7d0-f6d7f53bc482|127.0.0.1:15023, 8eb9963e-bce0-4155-aea2-e442cadff8bd|127.0.0.1:15015]|listeners:[], old=null}
2025-09-19 20:44:01,958 [8eb9963e-bce0-4155-aea2-e442cadff8bd@group-A751954341BD-LeaderElection97] INFO  impl.LeaderElection (LogUtils.java:infoOrTrace(142)) - 8eb9963e-bce0-4155-aea2-e442cadff8bd@group-A751954341BD-LeaderElection97 got exception when requesting votes: java.util.concurrent.ExecutionException: org.apache.ratis.thirdparty.io.grpc.StatusRuntimeException: UNAVAILABLE: io exception
2025-09-19 20:44:01,958 [8eb9963e-bce0-4155-aea2-e442cadff8bd@group-A751954341BD-LeaderElection97] INFO  impl.LeaderElection (LogUtils.java:infoOrTrace(142)) - 8eb9963e-bce0-4155-aea2-e442cadff8bd@group-A751954341BD-LeaderElection97 got exception when requesting votes: java.util.concurrent.ExecutionException: org.apache.ratis.thirdparty.io.grpc.StatusRuntimeException: UNAVAILABLE: io exception
2025-09-19 20:44:01,958 [8eb9963e-bce0-4155-aea2-e442cadff8bd@group-A751954341BD-LeaderElection97] INFO  impl.LeaderElection (LeaderElection.java:logAndReturn(206)) - 8eb9963e-bce0-4155-aea2-e442cadff8bd@group-A751954341BD-LeaderElection97: PRE_VOTE REJECTED received 0 response(s) and 2 exception(s):
2025-09-19 20:44:01,958 [8eb9963e-bce0-4155-aea2-e442cadff8bd@group-A751954341BD-LeaderElection97] INFO  impl.LeaderElection (LogUtils.java:infoOrTrace(142)) -   Exception 0: java.util.concurrent.ExecutionException: org.apache.ratis.thirdparty.io.grpc.StatusRuntimeException: UNAVAILABLE: io exception
2025-09-19 20:44:01,958 [8eb9963e-bce0-4155-aea2-e442cadff8bd@group-A751954341BD-LeaderElection97] INFO  impl.LeaderElection (LogUtils.java:infoOrTrace(142)) -   Exception 1: java.util.concurrent.ExecutionException: org.apache.ratis.thirdparty.io.grpc.StatusRuntimeException: UNAVAILABLE: io exception
2025-09-19 20:44:01,958 [8eb9963e-bce0-4155-aea2-e442cadff8bd@group-A751954341BD-LeaderElection97] INFO  impl.LeaderElection (LeaderElection.java:askForVotes(450)) - 8eb9963e-bce0-4155-aea2-e442cadff8bd@group-A751954341BD-LeaderElection97 PRE_VOTE round 0: result REJECTED
2025-09-19 20:44:01,958 [8eb9963e-bce0-4155-aea2-e442cadff8bd@group-A751954341BD-LeaderElection97] INFO  server.RaftServer$Division (RaftServerImpl.java:setRole(392)) - 8eb9963e-bce0-4155-aea2-e442cadff8bd@group-A751954341BD: changes role from CANDIDATE to FOLLOWER at term 1 for REJECTED
2025-09-19 20:44:01,958 [8eb9963e-bce0-4155-aea2-e442cadff8bd@group-A751954341BD-LeaderElection97] INFO  impl.RoleInfo (RoleInfo.java:shutdownLeaderElection(141)) - 8eb9963e-bce0-4155-aea2-e442cadff8bd: shutdown 8eb9963e-bce0-4155-aea2-e442cadff8bd@group-A751954341BD-LeaderElection97
2025-09-19 20:44:01,958 [8eb9963e-bce0-4155-aea2-e442cadff8bd@group-A751954341BD-LeaderElection97] INFO  impl.RoleInfo (RoleInfo.java:updateAndGet(148)) - 8eb9963e-bce0-4155-aea2-e442cadff8bd: start 8eb9963e-bce0-4155-aea2-e442cadff8bd@group-A751954341BD-FollowerState
2025-09-19 20:44:02,261 [8eb9963e-bce0-4155-aea2-e442cadff8bd@group-715EBF8096A7-FollowerState] INFO  impl.FollowerState (FollowerState.java:runImpl(161)) - 8eb9963e-bce0-4155-aea2-e442cadff8bd@group-715EBF8096A7-FollowerState: change to CANDIDATE, lastRpcElapsedTime:1056279416ns, electionTimeout:1056ms
2025-09-19 20:44:02,261 [8eb9963e-bce0-4155-aea2-e442cadff8bd@group-715EBF8096A7-FollowerState] INFO  impl.RoleInfo (RoleInfo.java:shutdownFollowerState(121)) - 8eb9963e-bce0-4155-aea2-e442cadff8bd: shutdown 8eb9963e-bce0-4155-aea2-e442cadff8bd@group-715EBF8096A7-FollowerState
2025-09-19 20:44:02,262 [8eb9963e-bce0-4155-aea2-e442cadff8bd@group-715EBF8096A7-FollowerState] INFO  server.RaftServer$Division (RaftServerImpl.java:setRole(392)) - 8eb9963e-bce0-4155-aea2-e442cadff8bd@group-715EBF8096A7: changes role from  FOLLOWER to CANDIDATE at term 2 for changeToCandidate
2025-09-19 20:44:02,262 [8eb9963e-bce0-4155-aea2-e442cadff8bd@group-715EBF8096A7-FollowerState] INFO  impl.RoleInfo (RoleInfo.java:updateAndGet(148)) - 8eb9963e-bce0-4155-aea2-e442cadff8bd: start 8eb9963e-bce0-4155-aea2-e442cadff8bd@group-715EBF8096A7-LeaderElection98
2025-09-19 20:44:02,262 [8eb9963e-bce0-4155-aea2-e442cadff8bd@group-715EBF8096A7-LeaderElection98] INFO  impl.LeaderElection (LeaderElection.java:askForVotes(448)) - 8eb9963e-bce0-4155-aea2-e442cadff8bd@group-715EBF8096A7-LeaderElection98 PRE_VOTE round 0: submit vote requests at term 2 for conf: {index: 5, cur=peers:[b5a25cc1-46d3-4381-a194-bd68f4526f1c|127.0.0.1:15031, 0df1231c-9f8a-4757-a7d0-f6d7f53bc482|127.0.0.1:15023, 8eb9963e-bce0-4155-aea2-e442cadff8bd|127.0.0.1:15015]|listeners:[], old=null}
2025-09-19 20:44:02,262 [8eb9963e-bce0-4155-aea2-e442cadff8bd@group-715EBF8096A7-LeaderElection98] INFO  impl.LeaderElection (LogUtils.java:infoOrTrace(142)) - 8eb9963e-bce0-4155-aea2-e442cadff8bd@group-715EBF8096A7-LeaderElection98 got exception when requesting votes: java.util.concurrent.ExecutionException: org.apache.ratis.thirdparty.io.grpc.StatusRuntimeException: UNAVAILABLE: io exception
2025-09-19 20:44:02,263 [8eb9963e-bce0-4155-aea2-e442cadff8bd@group-715EBF8096A7-LeaderElection98] INFO  impl.LeaderElection (LogUtils.java:infoOrTrace(142)) - 8eb9963e-bce0-4155-aea2-e442cadff8bd@group-715EBF8096A7-LeaderElection98 got exception when requesting votes: java.util.concurrent.ExecutionException: org.apache.ratis.thirdparty.io.grpc.StatusRuntimeException: UNAVAILABLE: io exception
2025-09-19 20:44:02,263 [8eb9963e-bce0-4155-aea2-e442cadff8bd@group-715EBF8096A7-LeaderElection98] INFO  impl.LeaderElection (LeaderElection.java:logAndReturn(206)) - 8eb9963e-bce0-4155-aea2-e442cadff8bd@group-715EBF8096A7-LeaderElection98: PRE_VOTE REJECTED received 0 response(s) and 2 exception(s):
2025-09-19 20:44:02,263 [8eb9963e-bce0-4155-aea2-e442cadff8bd@group-715EBF8096A7-LeaderElection98] INFO  impl.LeaderElection (LogUtils.java:infoOrTrace(142)) -   Exception 0: java.util.concurrent.ExecutionException: org.apache.ratis.thirdparty.io.grpc.StatusRuntimeException: UNAVAILABLE: io exception
2025-09-19 20:44:02,263 [8eb9963e-bce0-4155-aea2-e442cadff8bd@group-715EBF8096A7-LeaderElection98] INFO  impl.LeaderElection (LogUtils.java:infoOrTrace(142)) -   Exception 1: java.util.concurrent.ExecutionException: org.apache.ratis.thirdparty.io.grpc.StatusRuntimeException: UNAVAILABLE: io exception
2025-09-19 20:44:02,263 [8eb9963e-bce0-4155-aea2-e442cadff8bd@group-715EBF8096A7-LeaderElection98] INFO  impl.LeaderElection (LeaderElection.java:askForVotes(450)) - 8eb9963e-bce0-4155-aea2-e442cadff8bd@group-715EBF8096A7-LeaderElection98 PRE_VOTE round 0: result REJECTED
2025-09-19 20:44:02,263 [8eb9963e-bce0-4155-aea2-e442cadff8bd@group-715EBF8096A7-LeaderElection98] INFO  server.RaftServer$Division (RaftServerImpl.java:setRole(392)) - 8eb9963e-bce0-4155-aea2-e442cadff8bd@group-715EBF8096A7: changes role from CANDIDATE to FOLLOWER at term 2 for REJECTED
2025-09-19 20:44:02,263 [8eb9963e-bce0-4155-aea2-e442cadff8bd@group-715EBF8096A7-LeaderElection98] INFO  impl.RoleInfo (RoleInfo.java:shutdownLeaderElection(141)) - 8eb9963e-bce0-4155-aea2-e442cadff8bd: shutdown 8eb9963e-bce0-4155-aea2-e442cadff8bd@group-715EBF8096A7-LeaderElection98
2025-09-19 20:44:02,263 [8eb9963e-bce0-4155-aea2-e442cadff8bd@group-715EBF8096A7-LeaderElection98] INFO  impl.RoleInfo (RoleInfo.java:updateAndGet(148)) - 8eb9963e-bce0-4155-aea2-e442cadff8bd: start 8eb9963e-bce0-4155-aea2-e442cadff8bd@group-715EBF8096A7-FollowerState
2025-09-19 20:44:02,690 [grpc-default-executor-2] ERROR impl.OrderedAsync (OrderedAsync.java:lambda$null$6(215)) -  client-6FE78725B677: Failed* RaftClientRequest:client-6FE78725B677->b5a25cc1-46d3-4381-a194-bd68f4526f1c@group-A751954341BD, cid=20, seq=1*, Watch(0), null
java.util.concurrent.CompletionException: java.io.IOException: org.apache.ratis.thirdparty.io.grpc.StatusRuntimeException: UNAVAILABLE: io exception
	at java.base/java.util.concurrent.CompletableFuture.encodeThrowable(CompletableFuture.java:332)
	at java.base/java.util.concurrent.CompletableFuture.completeThrowable(CompletableFuture.java:347)
	at java.base/java.util.concurrent.CompletableFuture$UniAccept.tryFire(CompletableFuture.java:708)
	at java.base/java.util.concurrent.CompletableFuture.postComplete(CompletableFuture.java:510)
	at java.base/java.util.concurrent.CompletableFuture.completeExceptionally(CompletableFuture.java:2194)
	at org.apache.ratis.grpc.client.GrpcClientProtocolClient$AsyncStreamObservers.completeReplyExceptionally(GrpcClientProtocolClient.java:397)
	at org.apache.ratis.grpc.client.GrpcClientProtocolClient$AsyncStreamObservers.access$000(GrpcClientProtocolClient.java:303)
	at org.apache.ratis.grpc.client.GrpcClientProtocolClient$AsyncStreamObservers$1.onError(GrpcClientProtocolClient.java:334)
	at org.apache.ratis.thirdparty.io.grpc.stub.ClientCalls$StreamObserverToCallListenerAdapter.onClose(ClientCalls.java:564)
	at org.apache.ratis.thirdparty.io.grpc.PartialForwardingClientCallListener.onClose(PartialForwardingClientCallListener.java:39)
	at org.apache.ratis.thirdparty.io.grpc.ForwardingClientCallListener.onClose(ForwardingClientCallListener.java:23)
	at org.apache.ratis.grpc.metrics.intercept.client.MetricClientCallListener.onClose(MetricClientCallListener.java:47)
	at org.apache.ratis.thirdparty.io.grpc.internal.ClientCallImpl.closeObserver(ClientCallImpl.java:565)
	at org.apache.ratis.thirdparty.io.grpc.internal.ClientCallImpl.access$100(ClientCallImpl.java:72)
	at org.apache.ratis.thirdparty.io.grpc.internal.ClientCallImpl$ClientStreamListenerImpl$1StreamClosed.runInternal(ClientCallImpl.java:733)
	at org.apache.ratis.thirdparty.io.grpc.internal.ClientCallImpl$ClientStreamListenerImpl$1StreamClosed.runInContext(ClientCallImpl.java:714)
	at org.apache.ratis.thirdparty.io.grpc.internal.ContextRunnable.run(ContextRunnable.java:37)
	at org.apache.ratis.thirdparty.io.grpc.internal.SerializingExecutor.run(SerializingExecutor.java:133)
	at java.base/java.util.concurrent.ThreadPoolExecutor.runWorker(ThreadPoolExecutor.java:1144)
	at java.base/java.util.concurrent.ThreadPoolExecutor$Worker.run(ThreadPoolExecutor.java:642)
	at java.base/java.lang.Thread.run(Thread.java:1583)
Caused by: java.io.IOException: org.apache.ratis.thirdparty.io.grpc.StatusRuntimeException: UNAVAILABLE: io exception
	at org.apache.ratis.grpc.GrpcUtil.unwrapException(GrpcUtil.java:99)
	at org.apache.ratis.grpc.GrpcUtil.unwrapIOException(GrpcUtil.java:159)
	at org.apache.ratis.grpc.client.GrpcClientProtocolClient$AsyncStreamObservers$1.onError(GrpcClientProtocolClient.java:333)
	... 13 more
Caused by: org.apache.ratis.thirdparty.io.grpc.StatusRuntimeException: UNAVAILABLE: io exception
	at org.apache.ratis.thirdparty.io.grpc.Status.asRuntimeException(Status.java:532)
	... 13 more
Caused by: org.apache.ratis.thirdparty.io.netty.channel.AbstractChannel$AnnotatedConnectException: finishConnect(..) failed: Connection refused: /127.0.0.1:15029
Caused by: java.net.ConnectException: finishConnect(..) failed: Connection refused
	at org.apache.ratis.thirdparty.io.netty.channel.unix.Errors.newConnectException0(Errors.java:166)
	at org.apache.ratis.thirdparty.io.netty.channel.unix.Errors.handleConnectErrno(Errors.java:131)
	at org.apache.ratis.thirdparty.io.netty.channel.unix.Socket.finishConnect(Socket.java:359)
	at org.apache.ratis.thirdparty.io.netty.channel.epoll.AbstractEpollChannel$AbstractEpollUnsafe.doFinishConnect(AbstractEpollChannel.java:715)
	at org.apache.ratis.thirdparty.io.netty.channel.epoll.AbstractEpollChannel$AbstractEpollUnsafe.finishConnect(AbstractEpollChannel.java:692)
	at org.apache.ratis.thirdparty.io.netty.channel.epoll.AbstractEpollChannel$AbstractEpollUnsafe.epollOutReady(AbstractEpollChannel.java:567)
	at org.apache.ratis.thirdparty.io.netty.channel.epoll.EpollEventLoop.processReady(EpollEventLoop.java:491)
	at org.apache.ratis.thirdparty.io.netty.channel.epoll.EpollEventLoop.run(EpollEventLoop.java:399)
	at org.apache.ratis.thirdparty.io.netty.util.concurrent.SingleThreadEventExecutor$4.run(SingleThreadEventExecutor.java:998)
	at org.apache.ratis.thirdparty.io.netty.util.internal.ThreadExecutorMap$2.run(ThreadExecutorMap.java:74)
	at org.apache.ratis.thirdparty.io.netty.util.concurrent.FastThreadLocalRunnable.run(FastThreadLocalRunnable.java:30)
	at java.base/java.lang.Thread.run(Thread.java:1583)
2025-09-19 20:44:03,002 [8eb9963e-bce0-4155-aea2-e442cadff8bd@group-A751954341BD-FollowerState] INFO  impl.FollowerState (FollowerState.java:runImpl(161)) - 8eb9963e-bce0-4155-aea2-e442cadff8bd@group-A751954341BD-FollowerState: change to CANDIDATE, lastRpcElapsedTime:1043407478ns, electionTimeout:1043ms
2025-09-19 20:44:03,002 [8eb9963e-bce0-4155-aea2-e442cadff8bd@group-A751954341BD-FollowerState] INFO  impl.RoleInfo (RoleInfo.java:shutdownFollowerState(121)) - 8eb9963e-bce0-4155-aea2-e442cadff8bd: shutdown 8eb9963e-bce0-4155-aea2-e442cadff8bd@group-A751954341BD-FollowerState
2025-09-19 20:44:03,002 [8eb9963e-bce0-4155-aea2-e442cadff8bd@group-A751954341BD-FollowerState] INFO  server.RaftServer$Division (RaftServerImpl.java:setRole(392)) - 8eb9963e-bce0-4155-aea2-e442cadff8bd@group-A751954341BD: changes role from  FOLLOWER to CANDIDATE at term 1 for changeToCandidate
2025-09-19 20:44:03,002 [8eb9963e-bce0-4155-aea2-e442cadff8bd@group-A751954341BD-FollowerState] INFO  impl.RoleInfo (RoleInfo.java:updateAndGet(148)) - 8eb9963e-bce0-4155-aea2-e442cadff8bd: start 8eb9963e-bce0-4155-aea2-e442cadff8bd@group-A751954341BD-LeaderElection99
2025-09-19 20:44:03,002 [8eb9963e-bce0-4155-aea2-e442cadff8bd@group-A751954341BD-LeaderElection99] INFO  impl.LeaderElection (LeaderElection.java:askForVotes(448)) - 8eb9963e-bce0-4155-aea2-e442cadff8bd@group-A751954341BD-LeaderElection99 PRE_VOTE round 0: submit vote requests at term 1 for conf: {index: 0, cur=peers:[b5a25cc1-46d3-4381-a194-bd68f4526f1c|127.0.0.1:15031, 0df1231c-9f8a-4757-a7d0-f6d7f53bc482|127.0.0.1:15023, 8eb9963e-bce0-4155-aea2-e442cadff8bd|127.0.0.1:15015]|listeners:[], old=null}
2025-09-19 20:44:03,003 [8eb9963e-bce0-4155-aea2-e442cadff8bd@group-A751954341BD-LeaderElection99] INFO  impl.LeaderElection (LogUtils.java:infoOrTrace(142)) - 8eb9963e-bce0-4155-aea2-e442cadff8bd@group-A751954341BD-LeaderElection99 got exception when requesting votes: java.util.concurrent.ExecutionException: org.apache.ratis.thirdparty.io.grpc.StatusRuntimeException: UNAVAILABLE: io exception
2025-09-19 20:44:03,003 [8eb9963e-bce0-4155-aea2-e442cadff8bd@group-A751954341BD-LeaderElection99] INFO  impl.LeaderElection (LogUtils.java:infoOrTrace(142)) - 8eb9963e-bce0-4155-aea2-e442cadff8bd@group-A751954341BD-LeaderElection99 got exception when requesting votes: java.util.concurrent.ExecutionException: org.apache.ratis.thirdparty.io.grpc.StatusRuntimeException: UNAVAILABLE: io exception
2025-09-19 20:44:03,003 [8eb9963e-bce0-4155-aea2-e442cadff8bd@group-A751954341BD-LeaderElection99] INFO  impl.LeaderElection (LeaderElection.java:logAndReturn(206)) - 8eb9963e-bce0-4155-aea2-e442cadff8bd@group-A751954341BD-LeaderElection99: PRE_VOTE REJECTED received 0 response(s) and 2 exception(s):
2025-09-19 20:44:03,003 [8eb9963e-bce0-4155-aea2-e442cadff8bd@group-A751954341BD-LeaderElection99] INFO  impl.LeaderElection (LogUtils.java:infoOrTrace(142)) -   Exception 0: java.util.concurrent.ExecutionException: org.apache.ratis.thirdparty.io.grpc.StatusRuntimeException: UNAVAILABLE: io exception
2025-09-19 20:44:03,003 [8eb9963e-bce0-4155-aea2-e442cadff8bd@group-A751954341BD-LeaderElection99] INFO  impl.LeaderElection (LogUtils.java:infoOrTrace(142)) -   Exception 1: java.util.concurrent.ExecutionException: org.apache.ratis.thirdparty.io.grpc.StatusRuntimeException: UNAVAILABLE: io exception
2025-09-19 20:44:03,003 [8eb9963e-bce0-4155-aea2-e442cadff8bd@group-A751954341BD-LeaderElection99] INFO  impl.LeaderElection (LeaderElection.java:askForVotes(450)) - 8eb9963e-bce0-4155-aea2-e442cadff8bd@group-A751954341BD-LeaderElection99 PRE_VOTE round 0: result REJECTED
2025-09-19 20:44:03,003 [8eb9963e-bce0-4155-aea2-e442cadff8bd@group-A751954341BD-LeaderElection99] INFO  server.RaftServer$Division (RaftServerImpl.java:setRole(392)) - 8eb9963e-bce0-4155-aea2-e442cadff8bd@group-A751954341BD: changes role from CANDIDATE to FOLLOWER at term 1 for REJECTED
2025-09-19 20:44:03,003 [8eb9963e-bce0-4155-aea2-e442cadff8bd@group-A751954341BD-LeaderElection99] INFO  impl.RoleInfo (RoleInfo.java:shutdownLeaderElection(141)) - 8eb9963e-bce0-4155-aea2-e442cadff8bd: shutdown 8eb9963e-bce0-4155-aea2-e442cadff8bd@group-A751954341BD-LeaderElection99
2025-09-19 20:44:03,003 [8eb9963e-bce0-4155-aea2-e442cadff8bd@group-A751954341BD-LeaderElection99] INFO  impl.RoleInfo (RoleInfo.java:updateAndGet(148)) - 8eb9963e-bce0-4155-aea2-e442cadff8bd: start 8eb9963e-bce0-4155-aea2-e442cadff8bd@group-A751954341BD-FollowerState
2025-09-19 20:44:03,420 [8eb9963e-bce0-4155-aea2-e442cadff8bd@group-715EBF8096A7-FollowerState] INFO  impl.FollowerState (FollowerState.java:runImpl(161)) - 8eb9963e-bce0-4155-aea2-e442cadff8bd@group-715EBF8096A7-FollowerState: change to CANDIDATE, lastRpcElapsedTime:1157242523ns, electionTimeout:1157ms
2025-09-19 20:44:03,420 [8eb9963e-bce0-4155-aea2-e442cadff8bd@group-715EBF8096A7-FollowerState] INFO  impl.RoleInfo (RoleInfo.java:shutdownFollowerState(121)) - 8eb9963e-bce0-4155-aea2-e442cadff8bd: shutdown 8eb9963e-bce0-4155-aea2-e442cadff8bd@group-715EBF8096A7-FollowerState
2025-09-19 20:44:03,420 [8eb9963e-bce0-4155-aea2-e442cadff8bd@group-715EBF8096A7-FollowerState] INFO  server.RaftServer$Division (RaftServerImpl.java:setRole(392)) - 8eb9963e-bce0-4155-aea2-e442cadff8bd@group-715EBF8096A7: changes role from  FOLLOWER to CANDIDATE at term 2 for changeToCandidate
2025-09-19 20:44:03,420 [8eb9963e-bce0-4155-aea2-e442cadff8bd@group-715EBF8096A7-FollowerState] INFO  impl.RoleInfo (RoleInfo.java:updateAndGet(148)) - 8eb9963e-bce0-4155-aea2-e442cadff8bd: start 8eb9963e-bce0-4155-aea2-e442cadff8bd@group-715EBF8096A7-LeaderElection100
2025-09-19 20:44:03,421 [8eb9963e-bce0-4155-aea2-e442cadff8bd@group-715EBF8096A7-LeaderElection100] INFO  impl.LeaderElection (LeaderElection.java:askForVotes(448)) - 8eb9963e-bce0-4155-aea2-e442cadff8bd@group-715EBF8096A7-LeaderElection100 PRE_VOTE round 0: submit vote requests at term 2 for conf: {index: 5, cur=peers:[b5a25cc1-46d3-4381-a194-bd68f4526f1c|127.0.0.1:15031, 0df1231c-9f8a-4757-a7d0-f6d7f53bc482|127.0.0.1:15023, 8eb9963e-bce0-4155-aea2-e442cadff8bd|127.0.0.1:15015]|listeners:[], old=null}
2025-09-19 20:44:03,421 [8eb9963e-bce0-4155-aea2-e442cadff8bd@group-715EBF8096A7-LeaderElection100] INFO  impl.LeaderElection (LogUtils.java:infoOrTrace(142)) - 8eb9963e-bce0-4155-aea2-e442cadff8bd@group-715EBF8096A7-LeaderElection100 got exception when requesting votes: java.util.concurrent.ExecutionException: org.apache.ratis.thirdparty.io.grpc.StatusRuntimeException: UNAVAILABLE: io exception
2025-09-19 20:44:03,421 [8eb9963e-bce0-4155-aea2-e442cadff8bd@group-715EBF8096A7-LeaderElection100] INFO  impl.LeaderElection (LogUtils.java:infoOrTrace(142)) - 8eb9963e-bce0-4155-aea2-e442cadff8bd@group-715EBF8096A7-LeaderElection100 got exception when requesting votes: java.util.concurrent.ExecutionException: org.apache.ratis.thirdparty.io.grpc.StatusRuntimeException: UNAVAILABLE: io exception
2025-09-19 20:44:03,421 [8eb9963e-bce0-4155-aea2-e442cadff8bd@group-715EBF8096A7-LeaderElection100] INFO  impl.LeaderElection (LeaderElection.java:logAndReturn(206)) - 8eb9963e-bce0-4155-aea2-e442cadff8bd@group-715EBF8096A7-LeaderElection100: PRE_VOTE REJECTED received 0 response(s) and 2 exception(s):
2025-09-19 20:44:03,421 [8eb9963e-bce0-4155-aea2-e442cadff8bd@group-715EBF8096A7-LeaderElection100] INFO  impl.LeaderElection (LogUtils.java:infoOrTrace(142)) -   Exception 0: java.util.concurrent.ExecutionException: org.apache.ratis.thirdparty.io.grpc.StatusRuntimeException: UNAVAILABLE: io exception
2025-09-19 20:44:03,421 [8eb9963e-bce0-4155-aea2-e442cadff8bd@group-715EBF8096A7-LeaderElection100] INFO  impl.LeaderElection (LogUtils.java:infoOrTrace(142)) -   Exception 1: java.util.concurrent.ExecutionException: org.apache.ratis.thirdparty.io.grpc.StatusRuntimeException: UNAVAILABLE: io exception
2025-09-19 20:44:03,421 [8eb9963e-bce0-4155-aea2-e442cadff8bd@group-715EBF8096A7-LeaderElection100] INFO  impl.LeaderElection (LeaderElection.java:askForVotes(450)) - 8eb9963e-bce0-4155-aea2-e442cadff8bd@group-715EBF8096A7-LeaderElection100 PRE_VOTE round 0: result REJECTED
2025-09-19 20:44:03,422 [8eb9963e-bce0-4155-aea2-e442cadff8bd@group-715EBF8096A7-LeaderElection100] INFO  server.RaftServer$Division (RaftServerImpl.java:setRole(392)) - 8eb9963e-bce0-4155-aea2-e442cadff8bd@group-715EBF8096A7: changes role from CANDIDATE to FOLLOWER at term 2 for REJECTED
2025-09-19 20:44:03,422 [8eb9963e-bce0-4155-aea2-e442cadff8bd@group-715EBF8096A7-LeaderElection100] INFO  impl.RoleInfo (RoleInfo.java:shutdownLeaderElection(141)) - 8eb9963e-bce0-4155-aea2-e442cadff8bd: shutdown 8eb9963e-bce0-4155-aea2-e442cadff8bd@group-715EBF8096A7-LeaderElection100
2025-09-19 20:44:03,422 [8eb9963e-bce0-4155-aea2-e442cadff8bd@group-715EBF8096A7-LeaderElection100] INFO  impl.RoleInfo (RoleInfo.java:updateAndGet(148)) - 8eb9963e-bce0-4155-aea2-e442cadff8bd: start 8eb9963e-bce0-4155-aea2-e442cadff8bd@group-715EBF8096A7-FollowerState
2025-09-19 20:44:04,095 [8eb9963e-bce0-4155-aea2-e442cadff8bd@group-A751954341BD-FollowerState] INFO  impl.FollowerState (FollowerState.java:runImpl(161)) - 8eb9963e-bce0-4155-aea2-e442cadff8bd@group-A751954341BD-FollowerState: change to CANDIDATE, lastRpcElapsedTime:1091384247ns, electionTimeout:1091ms
2025-09-19 20:44:04,095 [8eb9963e-bce0-4155-aea2-e442cadff8bd@group-A751954341BD-FollowerState] INFO  impl.RoleInfo (RoleInfo.java:shutdownFollowerState(121)) - 8eb9963e-bce0-4155-aea2-e442cadff8bd: shutdown 8eb9963e-bce0-4155-aea2-e442cadff8bd@group-A751954341BD-FollowerState
2025-09-19 20:44:04,095 [8eb9963e-bce0-4155-aea2-e442cadff8bd@group-A751954341BD-FollowerState] INFO  server.RaftServer$Division (RaftServerImpl.java:setRole(392)) - 8eb9963e-bce0-4155-aea2-e442cadff8bd@group-A751954341BD: changes role from  FOLLOWER to CANDIDATE at term 1 for changeToCandidate
2025-09-19 20:44:04,095 [8eb9963e-bce0-4155-aea2-e442cadff8bd@group-A751954341BD-FollowerState] INFO  impl.RoleInfo (RoleInfo.java:updateAndGet(148)) - 8eb9963e-bce0-4155-aea2-e442cadff8bd: start 8eb9963e-bce0-4155-aea2-e442cadff8bd@group-A751954341BD-LeaderElection101
2025-09-19 20:44:04,095 [8eb9963e-bce0-4155-aea2-e442cadff8bd@group-A751954341BD-LeaderElection101] INFO  impl.LeaderElection (LeaderElection.java:askForVotes(448)) - 8eb9963e-bce0-4155-aea2-e442cadff8bd@group-A751954341BD-LeaderElection101 PRE_VOTE round 0: submit vote requests at term 1 for conf: {index: 0, cur=peers:[b5a25cc1-46d3-4381-a194-bd68f4526f1c|127.0.0.1:15031, 0df1231c-9f8a-4757-a7d0-f6d7f53bc482|127.0.0.1:15023, 8eb9963e-bce0-4155-aea2-e442cadff8bd|127.0.0.1:15015]|listeners:[], old=null}
2025-09-19 20:44:04,096 [8eb9963e-bce0-4155-aea2-e442cadff8bd@group-A751954341BD-LeaderElection101] INFO  impl.LeaderElection (LogUtils.java:infoOrTrace(142)) - 8eb9963e-bce0-4155-aea2-e442cadff8bd@group-A751954341BD-LeaderElection101 got exception when requesting votes: java.util.concurrent.ExecutionException: org.apache.ratis.thirdparty.io.grpc.StatusRuntimeException: UNAVAILABLE: io exception
2025-09-19 20:44:04,096 [8eb9963e-bce0-4155-aea2-e442cadff8bd@group-A751954341BD-LeaderElection101] INFO  impl.LeaderElection (LogUtils.java:infoOrTrace(142)) - 8eb9963e-bce0-4155-aea2-e442cadff8bd@group-A751954341BD-LeaderElection101 got exception when requesting votes: java.util.concurrent.ExecutionException: org.apache.ratis.thirdparty.io.grpc.StatusRuntimeException: UNAVAILABLE: io exception
2025-09-19 20:44:04,096 [8eb9963e-bce0-4155-aea2-e442cadff8bd@group-A751954341BD-LeaderElection101] INFO  impl.LeaderElection (LeaderElection.java:logAndReturn(206)) - 8eb9963e-bce0-4155-aea2-e442cadff8bd@group-A751954341BD-LeaderElection101: PRE_VOTE REJECTED received 0 response(s) and 2 exception(s):
2025-09-19 20:44:04,096 [8eb9963e-bce0-4155-aea2-e442cadff8bd@group-A751954341BD-LeaderElection101] INFO  impl.LeaderElection (LogUtils.java:infoOrTrace(142)) -   Exception 0: java.util.concurrent.ExecutionException: org.apache.ratis.thirdparty.io.grpc.StatusRuntimeException: UNAVAILABLE: io exception
2025-09-19 20:44:04,096 [8eb9963e-bce0-4155-aea2-e442cadff8bd@group-A751954341BD-LeaderElection101] INFO  impl.LeaderElection (LogUtils.java:infoOrTrace(142)) -   Exception 1: java.util.concurrent.ExecutionException: org.apache.ratis.thirdparty.io.grpc.StatusRuntimeException: UNAVAILABLE: io exception
2025-09-19 20:44:04,096 [8eb9963e-bce0-4155-aea2-e442cadff8bd@group-A751954341BD-LeaderElection101] INFO  impl.LeaderElection (LeaderElection.java:askForVotes(450)) - 8eb9963e-bce0-4155-aea2-e442cadff8bd@group-A751954341BD-LeaderElection101 PRE_VOTE round 0: result REJECTED
2025-09-19 20:44:04,096 [8eb9963e-bce0-4155-aea2-e442cadff8bd@group-A751954341BD-LeaderElection101] INFO  server.RaftServer$Division (RaftServerImpl.java:setRole(392)) - 8eb9963e-bce0-4155-aea2-e442cadff8bd@group-A751954341BD: changes role from CANDIDATE to FOLLOWER at term 1 for REJECTED
2025-09-19 20:44:04,096 [8eb9963e-bce0-4155-aea2-e442cadff8bd@group-A751954341BD-LeaderElection101] INFO  impl.RoleInfo (RoleInfo.java:shutdownLeaderElection(141)) - 8eb9963e-bce0-4155-aea2-e442cadff8bd: shutdown 8eb9963e-bce0-4155-aea2-e442cadff8bd@group-A751954341BD-LeaderElection101
2025-09-19 20:44:04,096 [8eb9963e-bce0-4155-aea2-e442cadff8bd@group-A751954341BD-LeaderElection101] INFO  impl.RoleInfo (RoleInfo.java:updateAndGet(148)) - 8eb9963e-bce0-4155-aea2-e442cadff8bd: start 8eb9963e-bce0-4155-aea2-e442cadff8bd@group-A751954341BD-FollowerState
2025-09-19 20:44:04,575 [8eb9963e-bce0-4155-aea2-e442cadff8bd@group-715EBF8096A7-FollowerState] INFO  impl.FollowerState (FollowerState.java:runImpl(161)) - 8eb9963e-bce0-4155-aea2-e442cadff8bd@group-715EBF8096A7-FollowerState: change to CANDIDATE, lastRpcElapsedTime:1153277699ns, electionTimeout:1153ms
2025-09-19 20:44:04,575 [8eb9963e-bce0-4155-aea2-e442cadff8bd@group-715EBF8096A7-FollowerState] INFO  impl.RoleInfo (RoleInfo.java:shutdownFollowerState(121)) - 8eb9963e-bce0-4155-aea2-e442cadff8bd: shutdown 8eb9963e-bce0-4155-aea2-e442cadff8bd@group-715EBF8096A7-FollowerState
2025-09-19 20:44:04,575 [8eb9963e-bce0-4155-aea2-e442cadff8bd@group-715EBF8096A7-FollowerState] INFO  server.RaftServer$Division (RaftServerImpl.java:setRole(392)) - 8eb9963e-bce0-4155-aea2-e442cadff8bd@group-715EBF8096A7: changes role from  FOLLOWER to CANDIDATE at term 2 for changeToCandidate
2025-09-19 20:44:04,575 [8eb9963e-bce0-4155-aea2-e442cadff8bd@group-715EBF8096A7-FollowerState] INFO  impl.RoleInfo (RoleInfo.java:updateAndGet(148)) - 8eb9963e-bce0-4155-aea2-e442cadff8bd: start 8eb9963e-bce0-4155-aea2-e442cadff8bd@group-715EBF8096A7-LeaderElection102
2025-09-19 20:44:04,576 [8eb9963e-bce0-4155-aea2-e442cadff8bd@group-715EBF8096A7-LeaderElection102] INFO  impl.LeaderElection (LeaderElection.java:askForVotes(448)) - 8eb9963e-bce0-4155-aea2-e442cadff8bd@group-715EBF8096A7-LeaderElection102 PRE_VOTE round 0: submit vote requests at term 2 for conf: {index: 5, cur=peers:[b5a25cc1-46d3-4381-a194-bd68f4526f1c|127.0.0.1:15031, 0df1231c-9f8a-4757-a7d0-f6d7f53bc482|127.0.0.1:15023, 8eb9963e-bce0-4155-aea2-e442cadff8bd|127.0.0.1:15015]|listeners:[], old=null}
2025-09-19 20:44:04,576 [8eb9963e-bce0-4155-aea2-e442cadff8bd@group-715EBF8096A7-LeaderElection102] INFO  impl.LeaderElection (LogUtils.java:infoOrTrace(142)) - 8eb9963e-bce0-4155-aea2-e442cadff8bd@group-715EBF8096A7-LeaderElection102 got exception when requesting votes: java.util.concurrent.ExecutionException: org.apache.ratis.thirdparty.io.grpc.StatusRuntimeException: UNAVAILABLE: io exception
2025-09-19 20:44:04,576 [8eb9963e-bce0-4155-aea2-e442cadff8bd@group-715EBF8096A7-LeaderElection102] INFO  impl.LeaderElection (LogUtils.java:infoOrTrace(142)) - 8eb9963e-bce0-4155-aea2-e442cadff8bd@group-715EBF8096A7-LeaderElection102 got exception when requesting votes: java.util.concurrent.ExecutionException: org.apache.ratis.thirdparty.io.grpc.StatusRuntimeException: UNAVAILABLE: io exception
2025-09-19 20:44:04,576 [8eb9963e-bce0-4155-aea2-e442cadff8bd@group-715EBF8096A7-LeaderElection102] INFO  impl.LeaderElection (LeaderElection.java:logAndReturn(206)) - 8eb9963e-bce0-4155-aea2-e442cadff8bd@group-715EBF8096A7-LeaderElection102: PRE_VOTE REJECTED received 0 response(s) and 2 exception(s):
2025-09-19 20:44:04,576 [8eb9963e-bce0-4155-aea2-e442cadff8bd@group-715EBF8096A7-LeaderElection102] INFO  impl.LeaderElection (LogUtils.java:infoOrTrace(142)) -   Exception 0: java.util.concurrent.ExecutionException: org.apache.ratis.thirdparty.io.grpc.StatusRuntimeException: UNAVAILABLE: io exception
2025-09-19 20:44:04,576 [8eb9963e-bce0-4155-aea2-e442cadff8bd@group-715EBF8096A7-LeaderElection102] INFO  impl.LeaderElection (LogUtils.java:infoOrTrace(142)) -   Exception 1: java.util.concurrent.ExecutionException: org.apache.ratis.thirdparty.io.grpc.StatusRuntimeException: UNAVAILABLE: io exception
2025-09-19 20:44:04,576 [8eb9963e-bce0-4155-aea2-e442cadff8bd@group-715EBF8096A7-LeaderElection102] INFO  impl.LeaderElection (LeaderElection.java:askForVotes(450)) - 8eb9963e-bce0-4155-aea2-e442cadff8bd@group-715EBF8096A7-LeaderElection102 PRE_VOTE round 0: result REJECTED
2025-09-19 20:44:04,576 [8eb9963e-bce0-4155-aea2-e442cadff8bd@group-715EBF8096A7-LeaderElection102] INFO  server.RaftServer$Division (RaftServerImpl.java:setRole(392)) - 8eb9963e-bce0-4155-aea2-e442cadff8bd@group-715EBF8096A7: changes role from CANDIDATE to FOLLOWER at term 2 for REJECTED
2025-09-19 20:44:04,576 [8eb9963e-bce0-4155-aea2-e442cadff8bd@group-715EBF8096A7-LeaderElection102] INFO  impl.RoleInfo (RoleInfo.java:shutdownLeaderElection(141)) - 8eb9963e-bce0-4155-aea2-e442cadff8bd: shutdown 8eb9963e-bce0-4155-aea2-e442cadff8bd@group-715EBF8096A7-LeaderElection102
2025-09-19 20:44:04,577 [8eb9963e-bce0-4155-aea2-e442cadff8bd@group-715EBF8096A7-LeaderElection102] INFO  impl.RoleInfo (RoleInfo.java:updateAndGet(148)) - 8eb9963e-bce0-4155-aea2-e442cadff8bd: start 8eb9963e-bce0-4155-aea2-e442cadff8bd@group-715EBF8096A7-FollowerState
2025-09-19 20:44:05,188 [8eb9963e-bce0-4155-aea2-e442cadff8bd@group-A751954341BD-FollowerState] INFO  impl.FollowerState (FollowerState.java:runImpl(161)) - 8eb9963e-bce0-4155-aea2-e442cadff8bd@group-A751954341BD-FollowerState: change to CANDIDATE, lastRpcElapsedTime:1092268954ns, electionTimeout:1092ms
2025-09-19 20:44:05,189 [8eb9963e-bce0-4155-aea2-e442cadff8bd@group-A751954341BD-FollowerState] INFO  impl.RoleInfo (RoleInfo.java:shutdownFollowerState(121)) - 8eb9963e-bce0-4155-aea2-e442cadff8bd: shutdown 8eb9963e-bce0-4155-aea2-e442cadff8bd@group-A751954341BD-FollowerState
2025-09-19 20:44:05,189 [8eb9963e-bce0-4155-aea2-e442cadff8bd@group-A751954341BD-FollowerState] INFO  server.RaftServer$Division (RaftServerImpl.java:setRole(392)) - 8eb9963e-bce0-4155-aea2-e442cadff8bd@group-A751954341BD: changes role from  FOLLOWER to CANDIDATE at term 1 for changeToCandidate
2025-09-19 20:44:05,189 [8eb9963e-bce0-4155-aea2-e442cadff8bd@group-A751954341BD-FollowerState] INFO  impl.RoleInfo (RoleInfo.java:updateAndGet(148)) - 8eb9963e-bce0-4155-aea2-e442cadff8bd: start 8eb9963e-bce0-4155-aea2-e442cadff8bd@group-A751954341BD-LeaderElection103
2025-09-19 20:44:05,189 [8eb9963e-bce0-4155-aea2-e442cadff8bd@group-A751954341BD-LeaderElection103] INFO  impl.LeaderElection (LeaderElection.java:askForVotes(448)) - 8eb9963e-bce0-4155-aea2-e442cadff8bd@group-A751954341BD-LeaderElection103 PRE_VOTE round 0: submit vote requests at term 1 for conf: {index: 0, cur=peers:[b5a25cc1-46d3-4381-a194-bd68f4526f1c|127.0.0.1:15031, 0df1231c-9f8a-4757-a7d0-f6d7f53bc482|127.0.0.1:15023, 8eb9963e-bce0-4155-aea2-e442cadff8bd|127.0.0.1:15015]|listeners:[], old=null}
2025-09-19 20:44:05,190 [8eb9963e-bce0-4155-aea2-e442cadff8bd@group-A751954341BD-LeaderElection103] INFO  impl.LeaderElection (LogUtils.java:infoOrTrace(142)) - 8eb9963e-bce0-4155-aea2-e442cadff8bd@group-A751954341BD-LeaderElection103 got exception when requesting votes: java.util.concurrent.ExecutionException: org.apache.ratis.thirdparty.io.grpc.StatusRuntimeException: UNAVAILABLE: io exception
2025-09-19 20:44:05,190 [8eb9963e-bce0-4155-aea2-e442cadff8bd@group-A751954341BD-LeaderElection103] INFO  impl.LeaderElection (LogUtils.java:infoOrTrace(142)) - 8eb9963e-bce0-4155-aea2-e442cadff8bd@group-A751954341BD-LeaderElection103 got exception when requesting votes: java.util.concurrent.ExecutionException: org.apache.ratis.thirdparty.io.grpc.StatusRuntimeException: UNAVAILABLE: io exception
2025-09-19 20:44:05,190 [8eb9963e-bce0-4155-aea2-e442cadff8bd@group-A751954341BD-LeaderElection103] INFO  impl.LeaderElection (LeaderElection.java:logAndReturn(206)) - 8eb9963e-bce0-4155-aea2-e442cadff8bd@group-A751954341BD-LeaderElection103: PRE_VOTE REJECTED received 0 response(s) and 2 exception(s):
2025-09-19 20:44:05,190 [8eb9963e-bce0-4155-aea2-e442cadff8bd@group-A751954341BD-LeaderElection103] INFO  impl.LeaderElection (LogUtils.java:infoOrTrace(142)) -   Exception 0: java.util.concurrent.ExecutionException: org.apache.ratis.thirdparty.io.grpc.StatusRuntimeException: UNAVAILABLE: io exception
2025-09-19 20:44:05,190 [8eb9963e-bce0-4155-aea2-e442cadff8bd@group-A751954341BD-LeaderElection103] INFO  impl.LeaderElection (LogUtils.java:infoOrTrace(142)) -   Exception 1: java.util.concurrent.ExecutionException: org.apache.ratis.thirdparty.io.grpc.StatusRuntimeException: UNAVAILABLE: io exception
2025-09-19 20:44:05,190 [8eb9963e-bce0-4155-aea2-e442cadff8bd@group-A751954341BD-LeaderElection103] INFO  impl.LeaderElection (LeaderElection.java:askForVotes(450)) - 8eb9963e-bce0-4155-aea2-e442cadff8bd@group-A751954341BD-LeaderElection103 PRE_VOTE round 0: result REJECTED
2025-09-19 20:44:05,190 [8eb9963e-bce0-4155-aea2-e442cadff8bd@group-A751954341BD-LeaderElection103] INFO  server.RaftServer$Division (RaftServerImpl.java:setRole(392)) - 8eb9963e-bce0-4155-aea2-e442cadff8bd@group-A751954341BD: changes role from CANDIDATE to FOLLOWER at term 1 for REJECTED
2025-09-19 20:44:05,190 [8eb9963e-bce0-4155-aea2-e442cadff8bd@group-A751954341BD-LeaderElection103] INFO  impl.RoleInfo (RoleInfo.java:shutdownLeaderElection(141)) - 8eb9963e-bce0-4155-aea2-e442cadff8bd: shutdown 8eb9963e-bce0-4155-aea2-e442cadff8bd@group-A751954341BD-LeaderElection103
2025-09-19 20:44:05,190 [8eb9963e-bce0-4155-aea2-e442cadff8bd@group-A751954341BD-LeaderElection103] INFO  impl.RoleInfo (RoleInfo.java:updateAndGet(148)) - 8eb9963e-bce0-4155-aea2-e442cadff8bd: start 8eb9963e-bce0-4155-aea2-e442cadff8bd@group-A751954341BD-FollowerState
2025-09-19 20:44:05,699 [8eb9963e-bce0-4155-aea2-e442cadff8bd@group-715EBF8096A7-FollowerState] INFO  impl.FollowerState (FollowerState.java:runImpl(161)) - 8eb9963e-bce0-4155-aea2-e442cadff8bd@group-715EBF8096A7-FollowerState: change to CANDIDATE, lastRpcElapsedTime:1122254836ns, electionTimeout:1122ms
2025-09-19 20:44:05,699 [8eb9963e-bce0-4155-aea2-e442cadff8bd@group-715EBF8096A7-FollowerState] INFO  impl.RoleInfo (RoleInfo.java:shutdownFollowerState(121)) - 8eb9963e-bce0-4155-aea2-e442cadff8bd: shutdown 8eb9963e-bce0-4155-aea2-e442cadff8bd@group-715EBF8096A7-FollowerState
2025-09-19 20:44:05,699 [8eb9963e-bce0-4155-aea2-e442cadff8bd@group-715EBF8096A7-FollowerState] INFO  server.RaftServer$Division (RaftServerImpl.java:setRole(392)) - 8eb9963e-bce0-4155-aea2-e442cadff8bd@group-715EBF8096A7: changes role from  FOLLOWER to CANDIDATE at term 2 for changeToCandidate
2025-09-19 20:44:05,699 [8eb9963e-bce0-4155-aea2-e442cadff8bd@group-715EBF8096A7-FollowerState] INFO  impl.RoleInfo (RoleInfo.java:updateAndGet(148)) - 8eb9963e-bce0-4155-aea2-e442cadff8bd: start 8eb9963e-bce0-4155-aea2-e442cadff8bd@group-715EBF8096A7-LeaderElection104
2025-09-19 20:44:05,699 [8eb9963e-bce0-4155-aea2-e442cadff8bd@group-715EBF8096A7-LeaderElection104] INFO  impl.LeaderElection (LeaderElection.java:askForVotes(448)) - 8eb9963e-bce0-4155-aea2-e442cadff8bd@group-715EBF8096A7-LeaderElection104 PRE_VOTE round 0: submit vote requests at term 2 for conf: {index: 5, cur=peers:[b5a25cc1-46d3-4381-a194-bd68f4526f1c|127.0.0.1:15031, 0df1231c-9f8a-4757-a7d0-f6d7f53bc482|127.0.0.1:15023, 8eb9963e-bce0-4155-aea2-e442cadff8bd|127.0.0.1:15015]|listeners:[], old=null}
2025-09-19 20:44:05,700 [8eb9963e-bce0-4155-aea2-e442cadff8bd@group-715EBF8096A7-LeaderElection104] INFO  impl.LeaderElection (LogUtils.java:infoOrTrace(142)) - 8eb9963e-bce0-4155-aea2-e442cadff8bd@group-715EBF8096A7-LeaderElection104 got exception when requesting votes: java.util.concurrent.ExecutionException: org.apache.ratis.thirdparty.io.grpc.StatusRuntimeException: UNAVAILABLE: io exception
2025-09-19 20:44:05,700 [8eb9963e-bce0-4155-aea2-e442cadff8bd@group-715EBF8096A7-LeaderElection104] INFO  impl.LeaderElection (LogUtils.java:infoOrTrace(142)) - 8eb9963e-bce0-4155-aea2-e442cadff8bd@group-715EBF8096A7-LeaderElection104 got exception when requesting votes: java.util.concurrent.ExecutionException: org.apache.ratis.thirdparty.io.grpc.StatusRuntimeException: UNAVAILABLE: io exception
2025-09-19 20:44:05,700 [8eb9963e-bce0-4155-aea2-e442cadff8bd@group-715EBF8096A7-LeaderElection104] INFO  impl.LeaderElection (LeaderElection.java:logAndReturn(206)) - 8eb9963e-bce0-4155-aea2-e442cadff8bd@group-715EBF8096A7-LeaderElection104: PRE_VOTE REJECTED received 0 response(s) and 2 exception(s):
2025-09-19 20:44:05,700 [8eb9963e-bce0-4155-aea2-e442cadff8bd@group-715EBF8096A7-LeaderElection104] INFO  impl.LeaderElection (LogUtils.java:infoOrTrace(142)) -   Exception 0: java.util.concurrent.ExecutionException: org.apache.ratis.thirdparty.io.grpc.StatusRuntimeException: UNAVAILABLE: io exception
2025-09-19 20:44:05,700 [8eb9963e-bce0-4155-aea2-e442cadff8bd@group-715EBF8096A7-LeaderElection104] INFO  impl.LeaderElection (LogUtils.java:infoOrTrace(142)) -   Exception 1: java.util.concurrent.ExecutionException: org.apache.ratis.thirdparty.io.grpc.StatusRuntimeException: UNAVAILABLE: io exception
2025-09-19 20:44:05,700 [8eb9963e-bce0-4155-aea2-e442cadff8bd@group-715EBF8096A7-LeaderElection104] INFO  impl.LeaderElection (LeaderElection.java:askForVotes(450)) - 8eb9963e-bce0-4155-aea2-e442cadff8bd@group-715EBF8096A7-LeaderElection104 PRE_VOTE round 0: result REJECTED
2025-09-19 20:44:05,700 [8eb9963e-bce0-4155-aea2-e442cadff8bd@group-715EBF8096A7-LeaderElection104] INFO  server.RaftServer$Division (RaftServerImpl.java:setRole(392)) - 8eb9963e-bce0-4155-aea2-e442cadff8bd@group-715EBF8096A7: changes role from CANDIDATE to FOLLOWER at term 2 for REJECTED
2025-09-19 20:44:05,700 [8eb9963e-bce0-4155-aea2-e442cadff8bd@group-715EBF8096A7-LeaderElection104] INFO  impl.RoleInfo (RoleInfo.java:shutdownLeaderElection(141)) - 8eb9963e-bce0-4155-aea2-e442cadff8bd: shutdown 8eb9963e-bce0-4155-aea2-e442cadff8bd@group-715EBF8096A7-LeaderElection104
2025-09-19 20:44:05,701 [8eb9963e-bce0-4155-aea2-e442cadff8bd@group-715EBF8096A7-LeaderElection104] INFO  impl.RoleInfo (RoleInfo.java:updateAndGet(148)) - 8eb9963e-bce0-4155-aea2-e442cadff8bd: start 8eb9963e-bce0-4155-aea2-e442cadff8bd@group-715EBF8096A7-FollowerState
2025-09-19 20:44:06,327 [8eb9963e-bce0-4155-aea2-e442cadff8bd@group-A751954341BD-FollowerState] INFO  impl.FollowerState (FollowerState.java:runImpl(161)) - 8eb9963e-bce0-4155-aea2-e442cadff8bd@group-A751954341BD-FollowerState: change to CANDIDATE, lastRpcElapsedTime:1137273432ns, electionTimeout:1137ms
2025-09-19 20:44:06,327 [8eb9963e-bce0-4155-aea2-e442cadff8bd@group-A751954341BD-FollowerState] INFO  impl.RoleInfo (RoleInfo.java:shutdownFollowerState(121)) - 8eb9963e-bce0-4155-aea2-e442cadff8bd: shutdown 8eb9963e-bce0-4155-aea2-e442cadff8bd@group-A751954341BD-FollowerState
2025-09-19 20:44:06,328 [8eb9963e-bce0-4155-aea2-e442cadff8bd@group-A751954341BD-FollowerState] INFO  server.RaftServer$Division (RaftServerImpl.java:setRole(392)) - 8eb9963e-bce0-4155-aea2-e442cadff8bd@group-A751954341BD: changes role from  FOLLOWER to CANDIDATE at term 1 for changeToCandidate
2025-09-19 20:44:06,328 [8eb9963e-bce0-4155-aea2-e442cadff8bd@group-A751954341BD-FollowerState] INFO  impl.RoleInfo (RoleInfo.java:updateAndGet(148)) - 8eb9963e-bce0-4155-aea2-e442cadff8bd: start 8eb9963e-bce0-4155-aea2-e442cadff8bd@group-A751954341BD-LeaderElection105
2025-09-19 20:44:06,328 [8eb9963e-bce0-4155-aea2-e442cadff8bd@group-A751954341BD-LeaderElection105] INFO  impl.LeaderElection (LeaderElection.java:askForVotes(448)) - 8eb9963e-bce0-4155-aea2-e442cadff8bd@group-A751954341BD-LeaderElection105 PRE_VOTE round 0: submit vote requests at term 1 for conf: {index: 0, cur=peers:[b5a25cc1-46d3-4381-a194-bd68f4526f1c|127.0.0.1:15031, 0df1231c-9f8a-4757-a7d0-f6d7f53bc482|127.0.0.1:15023, 8eb9963e-bce0-4155-aea2-e442cadff8bd|127.0.0.1:15015]|listeners:[], old=null}
2025-09-19 20:44:06,329 [8eb9963e-bce0-4155-aea2-e442cadff8bd@group-A751954341BD-LeaderElection105] INFO  impl.LeaderElection (LogUtils.java:infoOrTrace(142)) - 8eb9963e-bce0-4155-aea2-e442cadff8bd@group-A751954341BD-LeaderElection105 got exception when requesting votes: java.util.concurrent.ExecutionException: org.apache.ratis.thirdparty.io.grpc.StatusRuntimeException: UNAVAILABLE: io exception
2025-09-19 20:44:06,329 [8eb9963e-bce0-4155-aea2-e442cadff8bd@group-A751954341BD-LeaderElection105] INFO  impl.LeaderElection (LogUtils.java:infoOrTrace(142)) - 8eb9963e-bce0-4155-aea2-e442cadff8bd@group-A751954341BD-LeaderElection105 got exception when requesting votes: java.util.concurrent.ExecutionException: org.apache.ratis.thirdparty.io.grpc.StatusRuntimeException: UNAVAILABLE: io exception
2025-09-19 20:44:06,329 [8eb9963e-bce0-4155-aea2-e442cadff8bd@group-A751954341BD-LeaderElection105] INFO  impl.LeaderElection (LeaderElection.java:logAndReturn(206)) - 8eb9963e-bce0-4155-aea2-e442cadff8bd@group-A751954341BD-LeaderElection105: PRE_VOTE REJECTED received 0 response(s) and 2 exception(s):
2025-09-19 20:44:06,329 [8eb9963e-bce0-4155-aea2-e442cadff8bd@group-A751954341BD-LeaderElection105] INFO  impl.LeaderElection (LogUtils.java:infoOrTrace(142)) -   Exception 0: java.util.concurrent.ExecutionException: org.apache.ratis.thirdparty.io.grpc.StatusRuntimeException: UNAVAILABLE: io exception
2025-09-19 20:44:06,329 [8eb9963e-bce0-4155-aea2-e442cadff8bd@group-A751954341BD-LeaderElection105] INFO  impl.LeaderElection (LogUtils.java:infoOrTrace(142)) -   Exception 1: java.util.concurrent.ExecutionException: org.apache.ratis.thirdparty.io.grpc.StatusRuntimeException: UNAVAILABLE: io exception
2025-09-19 20:44:06,329 [8eb9963e-bce0-4155-aea2-e442cadff8bd@group-A751954341BD-LeaderElection105] INFO  impl.LeaderElection (LeaderElection.java:askForVotes(450)) - 8eb9963e-bce0-4155-aea2-e442cadff8bd@group-A751954341BD-LeaderElection105 PRE_VOTE round 0: result REJECTED
2025-09-19 20:44:06,329 [8eb9963e-bce0-4155-aea2-e442cadff8bd@group-A751954341BD-LeaderElection105] INFO  server.RaftServer$Division (RaftServerImpl.java:setRole(392)) - 8eb9963e-bce0-4155-aea2-e442cadff8bd@group-A751954341BD: changes role from CANDIDATE to FOLLOWER at term 1 for REJECTED
2025-09-19 20:44:06,329 [8eb9963e-bce0-4155-aea2-e442cadff8bd@group-A751954341BD-LeaderElection105] INFO  impl.RoleInfo (RoleInfo.java:shutdownLeaderElection(141)) - 8eb9963e-bce0-4155-aea2-e442cadff8bd: shutdown 8eb9963e-bce0-4155-aea2-e442cadff8bd@group-A751954341BD-LeaderElection105
2025-09-19 20:44:06,329 [8eb9963e-bce0-4155-aea2-e442cadff8bd@group-A751954341BD-LeaderElection105] INFO  impl.RoleInfo (RoleInfo.java:updateAndGet(148)) - 8eb9963e-bce0-4155-aea2-e442cadff8bd: start 8eb9963e-bce0-4155-aea2-e442cadff8bd@group-A751954341BD-FollowerState
2025-09-19 20:44:06,864 [8eb9963e-bce0-4155-aea2-e442cadff8bd@group-715EBF8096A7-FollowerState] INFO  impl.FollowerState (FollowerState.java:runImpl(161)) - 8eb9963e-bce0-4155-aea2-e442cadff8bd@group-715EBF8096A7-FollowerState: change to CANDIDATE, lastRpcElapsedTime:1163254302ns, electionTimeout:1163ms
2025-09-19 20:44:06,864 [8eb9963e-bce0-4155-aea2-e442cadff8bd@group-715EBF8096A7-FollowerState] INFO  impl.RoleInfo (RoleInfo.java:shutdownFollowerState(121)) - 8eb9963e-bce0-4155-aea2-e442cadff8bd: shutdown 8eb9963e-bce0-4155-aea2-e442cadff8bd@group-715EBF8096A7-FollowerState
2025-09-19 20:44:06,864 [8eb9963e-bce0-4155-aea2-e442cadff8bd@group-715EBF8096A7-FollowerState] INFO  server.RaftServer$Division (RaftServerImpl.java:setRole(392)) - 8eb9963e-bce0-4155-aea2-e442cadff8bd@group-715EBF8096A7: changes role from  FOLLOWER to CANDIDATE at term 2 for changeToCandidate
2025-09-19 20:44:06,864 [8eb9963e-bce0-4155-aea2-e442cadff8bd@group-715EBF8096A7-FollowerState] INFO  impl.RoleInfo (RoleInfo.java:updateAndGet(148)) - 8eb9963e-bce0-4155-aea2-e442cadff8bd: start 8eb9963e-bce0-4155-aea2-e442cadff8bd@group-715EBF8096A7-LeaderElection106
2025-09-19 20:44:06,864 [8eb9963e-bce0-4155-aea2-e442cadff8bd@group-715EBF8096A7-LeaderElection106] INFO  impl.LeaderElection (LeaderElection.java:askForVotes(448)) - 8eb9963e-bce0-4155-aea2-e442cadff8bd@group-715EBF8096A7-LeaderElection106 PRE_VOTE round 0: submit vote requests at term 2 for conf: {index: 5, cur=peers:[b5a25cc1-46d3-4381-a194-bd68f4526f1c|127.0.0.1:15031, 0df1231c-9f8a-4757-a7d0-f6d7f53bc482|127.0.0.1:15023, 8eb9963e-bce0-4155-aea2-e442cadff8bd|127.0.0.1:15015]|listeners:[], old=null}
2025-09-19 20:44:06,865 [8eb9963e-bce0-4155-aea2-e442cadff8bd@group-715EBF8096A7-LeaderElection106] INFO  impl.LeaderElection (LogUtils.java:infoOrTrace(142)) - 8eb9963e-bce0-4155-aea2-e442cadff8bd@group-715EBF8096A7-LeaderElection106 got exception when requesting votes: java.util.concurrent.ExecutionException: org.apache.ratis.thirdparty.io.grpc.StatusRuntimeException: UNAVAILABLE: io exception
2025-09-19 20:44:06,865 [8eb9963e-bce0-4155-aea2-e442cadff8bd@group-715EBF8096A7-LeaderElection106] INFO  impl.LeaderElection (LogUtils.java:infoOrTrace(142)) - 8eb9963e-bce0-4155-aea2-e442cadff8bd@group-715EBF8096A7-LeaderElection106 got exception when requesting votes: java.util.concurrent.ExecutionException: org.apache.ratis.thirdparty.io.grpc.StatusRuntimeException: UNAVAILABLE: io exception
2025-09-19 20:44:06,865 [8eb9963e-bce0-4155-aea2-e442cadff8bd@group-715EBF8096A7-LeaderElection106] INFO  impl.LeaderElection (LeaderElection.java:logAndReturn(206)) - 8eb9963e-bce0-4155-aea2-e442cadff8bd@group-715EBF8096A7-LeaderElection106: PRE_VOTE REJECTED received 0 response(s) and 2 exception(s):
2025-09-19 20:44:06,865 [8eb9963e-bce0-4155-aea2-e442cadff8bd@group-715EBF8096A7-LeaderElection106] INFO  impl.LeaderElection (LogUtils.java:infoOrTrace(142)) -   Exception 0: java.util.concurrent.ExecutionException: org.apache.ratis.thirdparty.io.grpc.StatusRuntimeException: UNAVAILABLE: io exception
2025-09-19 20:44:06,865 [8eb9963e-bce0-4155-aea2-e442cadff8bd@group-715EBF8096A7-LeaderElection106] INFO  impl.LeaderElection (LogUtils.java:infoOrTrace(142)) -   Exception 1: java.util.concurrent.ExecutionException: org.apache.ratis.thirdparty.io.grpc.StatusRuntimeException: UNAVAILABLE: io exception
2025-09-19 20:44:06,865 [8eb9963e-bce0-4155-aea2-e442cadff8bd@group-715EBF8096A7-LeaderElection106] INFO  impl.LeaderElection (LeaderElection.java:askForVotes(450)) - 8eb9963e-bce0-4155-aea2-e442cadff8bd@group-715EBF8096A7-LeaderElection106 PRE_VOTE round 0: result REJECTED
2025-09-19 20:44:06,866 [8eb9963e-bce0-4155-aea2-e442cadff8bd@group-715EBF8096A7-LeaderElection106] INFO  server.RaftServer$Division (RaftServerImpl.java:setRole(392)) - 8eb9963e-bce0-4155-aea2-e442cadff8bd@group-715EBF8096A7: changes role from CANDIDATE to FOLLOWER at term 2 for REJECTED
2025-09-19 20:44:06,866 [8eb9963e-bce0-4155-aea2-e442cadff8bd@group-715EBF8096A7-LeaderElection106] INFO  impl.RoleInfo (RoleInfo.java:shutdownLeaderElection(141)) - 8eb9963e-bce0-4155-aea2-e442cadff8bd: shutdown 8eb9963e-bce0-4155-aea2-e442cadff8bd@group-715EBF8096A7-LeaderElection106
2025-09-19 20:44:06,866 [8eb9963e-bce0-4155-aea2-e442cadff8bd@group-715EBF8096A7-LeaderElection106] INFO  impl.RoleInfo (RoleInfo.java:updateAndGet(148)) - 8eb9963e-bce0-4155-aea2-e442cadff8bd: start 8eb9963e-bce0-4155-aea2-e442cadff8bd@group-715EBF8096A7-FollowerState
2025-09-19 20:44:07,402 [8eb9963e-bce0-4155-aea2-e442cadff8bd@group-A751954341BD-FollowerState] INFO  impl.FollowerState (FollowerState.java:runImpl(161)) - 8eb9963e-bce0-4155-aea2-e442cadff8bd@group-A751954341BD-FollowerState: change to CANDIDATE, lastRpcElapsedTime:1073326693ns, electionTimeout:1073ms
2025-09-19 20:44:07,402 [8eb9963e-bce0-4155-aea2-e442cadff8bd@group-A751954341BD-FollowerState] INFO  impl.RoleInfo (RoleInfo.java:shutdownFollowerState(121)) - 8eb9963e-bce0-4155-aea2-e442cadff8bd: shutdown 8eb9963e-bce0-4155-aea2-e442cadff8bd@group-A751954341BD-FollowerState
2025-09-19 20:44:07,402 [8eb9963e-bce0-4155-aea2-e442cadff8bd@group-A751954341BD-FollowerState] INFO  server.RaftServer$Division (RaftServerImpl.java:setRole(392)) - 8eb9963e-bce0-4155-aea2-e442cadff8bd@group-A751954341BD: changes role from  FOLLOWER to CANDIDATE at term 1 for changeToCandidate
2025-09-19 20:44:07,403 [8eb9963e-bce0-4155-aea2-e442cadff8bd@group-A751954341BD-FollowerState] INFO  impl.RoleInfo (RoleInfo.java:updateAndGet(148)) - 8eb9963e-bce0-4155-aea2-e442cadff8bd: start 8eb9963e-bce0-4155-aea2-e442cadff8bd@group-A751954341BD-LeaderElection107
2025-09-19 20:44:07,403 [8eb9963e-bce0-4155-aea2-e442cadff8bd@group-A751954341BD-LeaderElection107] INFO  impl.LeaderElection (LeaderElection.java:askForVotes(448)) - 8eb9963e-bce0-4155-aea2-e442cadff8bd@group-A751954341BD-LeaderElection107 PRE_VOTE round 0: submit vote requests at term 1 for conf: {index: 0, cur=peers:[b5a25cc1-46d3-4381-a194-bd68f4526f1c|127.0.0.1:15031, 0df1231c-9f8a-4757-a7d0-f6d7f53bc482|127.0.0.1:15023, 8eb9963e-bce0-4155-aea2-e442cadff8bd|127.0.0.1:15015]|listeners:[], old=null}
2025-09-19 20:44:07,403 [8eb9963e-bce0-4155-aea2-e442cadff8bd@group-A751954341BD-LeaderElection107] INFO  impl.LeaderElection (LogUtils.java:infoOrTrace(142)) - 8eb9963e-bce0-4155-aea2-e442cadff8bd@group-A751954341BD-LeaderElection107 got exception when requesting votes: java.util.concurrent.ExecutionException: org.apache.ratis.thirdparty.io.grpc.StatusRuntimeException: UNAVAILABLE: io exception
2025-09-19 20:44:07,403 [8eb9963e-bce0-4155-aea2-e442cadff8bd@group-A751954341BD-LeaderElection107] INFO  impl.LeaderElection (LogUtils.java:infoOrTrace(142)) - 8eb9963e-bce0-4155-aea2-e442cadff8bd@group-A751954341BD-LeaderElection107 got exception when requesting votes: java.util.concurrent.ExecutionException: org.apache.ratis.thirdparty.io.grpc.StatusRuntimeException: UNAVAILABLE: io exception
2025-09-19 20:44:07,403 [8eb9963e-bce0-4155-aea2-e442cadff8bd@group-A751954341BD-LeaderElection107] INFO  impl.LeaderElection (LeaderElection.java:logAndReturn(206)) - 8eb9963e-bce0-4155-aea2-e442cadff8bd@group-A751954341BD-LeaderElection107: PRE_VOTE REJECTED received 0 response(s) and 2 exception(s):
2025-09-19 20:44:07,403 [8eb9963e-bce0-4155-aea2-e442cadff8bd@group-A751954341BD-LeaderElection107] INFO  impl.LeaderElection (LogUtils.java:infoOrTrace(142)) -   Exception 0: java.util.concurrent.ExecutionException: org.apache.ratis.thirdparty.io.grpc.StatusRuntimeException: UNAVAILABLE: io exception
2025-09-19 20:44:07,403 [8eb9963e-bce0-4155-aea2-e442cadff8bd@group-A751954341BD-LeaderElection107] INFO  impl.LeaderElection (LogUtils.java:infoOrTrace(142)) -   Exception 1: java.util.concurrent.ExecutionException: org.apache.ratis.thirdparty.io.grpc.StatusRuntimeException: UNAVAILABLE: io exception
2025-09-19 20:44:07,404 [8eb9963e-bce0-4155-aea2-e442cadff8bd@group-A751954341BD-LeaderElection107] INFO  impl.LeaderElection (LeaderElection.java:askForVotes(450)) - 8eb9963e-bce0-4155-aea2-e442cadff8bd@group-A751954341BD-LeaderElection107 PRE_VOTE round 0: result REJECTED
2025-09-19 20:44:07,404 [8eb9963e-bce0-4155-aea2-e442cadff8bd@group-A751954341BD-LeaderElection107] INFO  server.RaftServer$Division (RaftServerImpl.java:setRole(392)) - 8eb9963e-bce0-4155-aea2-e442cadff8bd@group-A751954341BD: changes role from CANDIDATE to FOLLOWER at term 1 for REJECTED
2025-09-19 20:44:07,404 [8eb9963e-bce0-4155-aea2-e442cadff8bd@group-A751954341BD-LeaderElection107] INFO  impl.RoleInfo (RoleInfo.java:shutdownLeaderElection(141)) - 8eb9963e-bce0-4155-aea2-e442cadff8bd: shutdown 8eb9963e-bce0-4155-aea2-e442cadff8bd@group-A751954341BD-LeaderElection107
2025-09-19 20:44:07,404 [8eb9963e-bce0-4155-aea2-e442cadff8bd@group-A751954341BD-LeaderElection107] INFO  impl.RoleInfo (RoleInfo.java:updateAndGet(148)) - 8eb9963e-bce0-4155-aea2-e442cadff8bd: start 8eb9963e-bce0-4155-aea2-e442cadff8bd@group-A751954341BD-FollowerState
2025-09-19 20:44:07,909 [8eb9963e-bce0-4155-aea2-e442cadff8bd@group-715EBF8096A7-FollowerState] INFO  impl.FollowerState (FollowerState.java:runImpl(161)) - 8eb9963e-bce0-4155-aea2-e442cadff8bd@group-715EBF8096A7-FollowerState: change to CANDIDATE, lastRpcElapsedTime:1043259082ns, electionTimeout:1043ms
2025-09-19 20:44:07,909 [8eb9963e-bce0-4155-aea2-e442cadff8bd@group-715EBF8096A7-FollowerState] INFO  impl.RoleInfo (RoleInfo.java:shutdownFollowerState(121)) - 8eb9963e-bce0-4155-aea2-e442cadff8bd: shutdown 8eb9963e-bce0-4155-aea2-e442cadff8bd@group-715EBF8096A7-FollowerState
2025-09-19 20:44:07,909 [8eb9963e-bce0-4155-aea2-e442cadff8bd@group-715EBF8096A7-FollowerState] INFO  server.RaftServer$Division (RaftServerImpl.java:setRole(392)) - 8eb9963e-bce0-4155-aea2-e442cadff8bd@group-715EBF8096A7: changes role from  FOLLOWER to CANDIDATE at term 2 for changeToCandidate
2025-09-19 20:44:07,909 [8eb9963e-bce0-4155-aea2-e442cadff8bd@group-715EBF8096A7-FollowerState] INFO  impl.RoleInfo (RoleInfo.java:updateAndGet(148)) - 8eb9963e-bce0-4155-aea2-e442cadff8bd: start 8eb9963e-bce0-4155-aea2-e442cadff8bd@group-715EBF8096A7-LeaderElection108
2025-09-19 20:44:07,909 [8eb9963e-bce0-4155-aea2-e442cadff8bd@group-715EBF8096A7-LeaderElection108] INFO  impl.LeaderElection (LeaderElection.java:askForVotes(448)) - 8eb9963e-bce0-4155-aea2-e442cadff8bd@group-715EBF8096A7-LeaderElection108 PRE_VOTE round 0: submit vote requests at term 2 for conf: {index: 5, cur=peers:[b5a25cc1-46d3-4381-a194-bd68f4526f1c|127.0.0.1:15031, 0df1231c-9f8a-4757-a7d0-f6d7f53bc482|127.0.0.1:15023, 8eb9963e-bce0-4155-aea2-e442cadff8bd|127.0.0.1:15015]|listeners:[], old=null}
2025-09-19 20:44:07,910 [8eb9963e-bce0-4155-aea2-e442cadff8bd@group-715EBF8096A7-LeaderElection108] INFO  impl.LeaderElection (LogUtils.java:infoOrTrace(142)) - 8eb9963e-bce0-4155-aea2-e442cadff8bd@group-715EBF8096A7-LeaderElection108 got exception when requesting votes: java.util.concurrent.ExecutionException: org.apache.ratis.thirdparty.io.grpc.StatusRuntimeException: UNAVAILABLE: io exception
2025-09-19 20:44:07,910 [8eb9963e-bce0-4155-aea2-e442cadff8bd@group-715EBF8096A7-LeaderElection108] INFO  impl.LeaderElection (LogUtils.java:infoOrTrace(142)) - 8eb9963e-bce0-4155-aea2-e442cadff8bd@group-715EBF8096A7-LeaderElection108 got exception when requesting votes: java.util.concurrent.ExecutionException: org.apache.ratis.thirdparty.io.grpc.StatusRuntimeException: UNAVAILABLE: io exception
2025-09-19 20:44:07,910 [8eb9963e-bce0-4155-aea2-e442cadff8bd@group-715EBF8096A7-LeaderElection108] INFO  impl.LeaderElection (LeaderElection.java:logAndReturn(206)) - 8eb9963e-bce0-4155-aea2-e442cadff8bd@group-715EBF8096A7-LeaderElection108: PRE_VOTE REJECTED received 0 response(s) and 2 exception(s):
2025-09-19 20:44:07,910 [8eb9963e-bce0-4155-aea2-e442cadff8bd@group-715EBF8096A7-LeaderElection108] INFO  impl.LeaderElection (LogUtils.java:infoOrTrace(142)) -   Exception 0: java.util.concurrent.ExecutionException: org.apache.ratis.thirdparty.io.grpc.StatusRuntimeException: UNAVAILABLE: io exception
2025-09-19 20:44:07,910 [8eb9963e-bce0-4155-aea2-e442cadff8bd@group-715EBF8096A7-LeaderElection108] INFO  impl.LeaderElection (LogUtils.java:infoOrTrace(142)) -   Exception 1: java.util.concurrent.ExecutionException: org.apache.ratis.thirdparty.io.grpc.StatusRuntimeException: UNAVAILABLE: io exception
2025-09-19 20:44:07,910 [8eb9963e-bce0-4155-aea2-e442cadff8bd@group-715EBF8096A7-LeaderElection108] INFO  impl.LeaderElection (LeaderElection.java:askForVotes(450)) - 8eb9963e-bce0-4155-aea2-e442cadff8bd@group-715EBF8096A7-LeaderElection108 PRE_VOTE round 0: result REJECTED
2025-09-19 20:44:07,910 [8eb9963e-bce0-4155-aea2-e442cadff8bd@group-715EBF8096A7-LeaderElection108] INFO  server.RaftServer$Division (RaftServerImpl.java:setRole(392)) - 8eb9963e-bce0-4155-aea2-e442cadff8bd@group-715EBF8096A7: changes role from CANDIDATE to FOLLOWER at term 2 for REJECTED
2025-09-19 20:44:07,910 [8eb9963e-bce0-4155-aea2-e442cadff8bd@group-715EBF8096A7-LeaderElection108] INFO  impl.RoleInfo (RoleInfo.java:shutdownLeaderElection(141)) - 8eb9963e-bce0-4155-aea2-e442cadff8bd: shutdown 8eb9963e-bce0-4155-aea2-e442cadff8bd@group-715EBF8096A7-LeaderElection108
2025-09-19 20:44:07,911 [8eb9963e-bce0-4155-aea2-e442cadff8bd@group-715EBF8096A7-LeaderElection108] INFO  impl.RoleInfo (RoleInfo.java:updateAndGet(148)) - 8eb9963e-bce0-4155-aea2-e442cadff8bd: start 8eb9963e-bce0-4155-aea2-e442cadff8bd@group-715EBF8096A7-FollowerState
2025-09-19 20:44:08,407 [8eb9963e-bce0-4155-aea2-e442cadff8bd@group-A751954341BD-FollowerState] INFO  impl.FollowerState (FollowerState.java:runImpl(161)) - 8eb9963e-bce0-4155-aea2-e442cadff8bd@group-A751954341BD-FollowerState: change to CANDIDATE, lastRpcElapsedTime:1003389019ns, electionTimeout:1003ms
2025-09-19 20:44:08,407 [8eb9963e-bce0-4155-aea2-e442cadff8bd@group-A751954341BD-FollowerState] INFO  impl.RoleInfo (RoleInfo.java:shutdownFollowerState(121)) - 8eb9963e-bce0-4155-aea2-e442cadff8bd: shutdown 8eb9963e-bce0-4155-aea2-e442cadff8bd@group-A751954341BD-FollowerState
2025-09-19 20:44:08,407 [8eb9963e-bce0-4155-aea2-e442cadff8bd@group-A751954341BD-FollowerState] INFO  server.RaftServer$Division (RaftServerImpl.java:setRole(392)) - 8eb9963e-bce0-4155-aea2-e442cadff8bd@group-A751954341BD: changes role from  FOLLOWER to CANDIDATE at term 1 for changeToCandidate
2025-09-19 20:44:08,407 [8eb9963e-bce0-4155-aea2-e442cadff8bd@group-A751954341BD-FollowerState] INFO  impl.RoleInfo (RoleInfo.java:updateAndGet(148)) - 8eb9963e-bce0-4155-aea2-e442cadff8bd: start 8eb9963e-bce0-4155-aea2-e442cadff8bd@group-A751954341BD-LeaderElection109
2025-09-19 20:44:08,408 [8eb9963e-bce0-4155-aea2-e442cadff8bd@group-A751954341BD-LeaderElection109] INFO  impl.LeaderElection (LeaderElection.java:askForVotes(448)) - 8eb9963e-bce0-4155-aea2-e442cadff8bd@group-A751954341BD-LeaderElection109 PRE_VOTE round 0: submit vote requests at term 1 for conf: {index: 0, cur=peers:[b5a25cc1-46d3-4381-a194-bd68f4526f1c|127.0.0.1:15031, 0df1231c-9f8a-4757-a7d0-f6d7f53bc482|127.0.0.1:15023, 8eb9963e-bce0-4155-aea2-e442cadff8bd|127.0.0.1:15015]|listeners:[], old=null}
2025-09-19 20:44:08,408 [8eb9963e-bce0-4155-aea2-e442cadff8bd@group-A751954341BD-LeaderElection109] INFO  impl.LeaderElection (LogUtils.java:infoOrTrace(142)) - 8eb9963e-bce0-4155-aea2-e442cadff8bd@group-A751954341BD-LeaderElection109 got exception when requesting votes: java.util.concurrent.ExecutionException: org.apache.ratis.thirdparty.io.grpc.StatusRuntimeException: UNAVAILABLE: io exception
2025-09-19 20:44:08,408 [8eb9963e-bce0-4155-aea2-e442cadff8bd@group-A751954341BD-LeaderElection109] INFO  impl.LeaderElection (LogUtils.java:infoOrTrace(142)) - 8eb9963e-bce0-4155-aea2-e442cadff8bd@group-A751954341BD-LeaderElection109 got exception when requesting votes: java.util.concurrent.ExecutionException: org.apache.ratis.thirdparty.io.grpc.StatusRuntimeException: UNAVAILABLE: io exception
2025-09-19 20:44:08,408 [8eb9963e-bce0-4155-aea2-e442cadff8bd@group-A751954341BD-LeaderElection109] INFO  impl.LeaderElection (LeaderElection.java:logAndReturn(206)) - 8eb9963e-bce0-4155-aea2-e442cadff8bd@group-A751954341BD-LeaderElection109: PRE_VOTE REJECTED received 0 response(s) and 2 exception(s):
2025-09-19 20:44:08,408 [8eb9963e-bce0-4155-aea2-e442cadff8bd@group-A751954341BD-LeaderElection109] INFO  impl.LeaderElection (LogUtils.java:infoOrTrace(142)) -   Exception 0: java.util.concurrent.ExecutionException: org.apache.ratis.thirdparty.io.grpc.StatusRuntimeException: UNAVAILABLE: io exception
2025-09-19 20:44:08,408 [8eb9963e-bce0-4155-aea2-e442cadff8bd@group-A751954341BD-LeaderElection109] INFO  impl.LeaderElection (LogUtils.java:infoOrTrace(142)) -   Exception 1: java.util.concurrent.ExecutionException: org.apache.ratis.thirdparty.io.grpc.StatusRuntimeException: UNAVAILABLE: io exception
2025-09-19 20:44:08,409 [8eb9963e-bce0-4155-aea2-e442cadff8bd@group-A751954341BD-LeaderElection109] INFO  impl.LeaderElection (LeaderElection.java:askForVotes(450)) - 8eb9963e-bce0-4155-aea2-e442cadff8bd@group-A751954341BD-LeaderElection109 PRE_VOTE round 0: result REJECTED
2025-09-19 20:44:08,409 [8eb9963e-bce0-4155-aea2-e442cadff8bd@group-A751954341BD-LeaderElection109] INFO  server.RaftServer$Division (RaftServerImpl.java:setRole(392)) - 8eb9963e-bce0-4155-aea2-e442cadff8bd@group-A751954341BD: changes role from CANDIDATE to FOLLOWER at term 1 for REJECTED
2025-09-19 20:44:08,409 [8eb9963e-bce0-4155-aea2-e442cadff8bd@group-A751954341BD-LeaderElection109] INFO  impl.RoleInfo (RoleInfo.java:shutdownLeaderElection(141)) - 8eb9963e-bce0-4155-aea2-e442cadff8bd: shutdown 8eb9963e-bce0-4155-aea2-e442cadff8bd@group-A751954341BD-LeaderElection109
2025-09-19 20:44:08,409 [8eb9963e-bce0-4155-aea2-e442cadff8bd@group-A751954341BD-LeaderElection109] INFO  impl.RoleInfo (RoleInfo.java:updateAndGet(148)) - 8eb9963e-bce0-4155-aea2-e442cadff8bd: start 8eb9963e-bce0-4155-aea2-e442cadff8bd@group-A751954341BD-FollowerState
2025-09-19 20:44:09,030 [8eb9963e-bce0-4155-aea2-e442cadff8bd@group-715EBF8096A7-FollowerState] INFO  impl.FollowerState (FollowerState.java:runImpl(161)) - 8eb9963e-bce0-4155-aea2-e442cadff8bd@group-715EBF8096A7-FollowerState: change to CANDIDATE, lastRpcElapsedTime:1119361197ns, electionTimeout:1119ms
2025-09-19 20:44:09,030 [8eb9963e-bce0-4155-aea2-e442cadff8bd@group-715EBF8096A7-FollowerState] INFO  impl.RoleInfo (RoleInfo.java:shutdownFollowerState(121)) - 8eb9963e-bce0-4155-aea2-e442cadff8bd: shutdown 8eb9963e-bce0-4155-aea2-e442cadff8bd@group-715EBF8096A7-FollowerState
2025-09-19 20:44:09,030 [8eb9963e-bce0-4155-aea2-e442cadff8bd@group-715EBF8096A7-FollowerState] INFO  server.RaftServer$Division (RaftServerImpl.java:setRole(392)) - 8eb9963e-bce0-4155-aea2-e442cadff8bd@group-715EBF8096A7: changes role from  FOLLOWER to CANDIDATE at term 2 for changeToCandidate
2025-09-19 20:44:09,030 [8eb9963e-bce0-4155-aea2-e442cadff8bd@group-715EBF8096A7-FollowerState] INFO  impl.RoleInfo (RoleInfo.java:updateAndGet(148)) - 8eb9963e-bce0-4155-aea2-e442cadff8bd: start 8eb9963e-bce0-4155-aea2-e442cadff8bd@group-715EBF8096A7-LeaderElection110
2025-09-19 20:44:09,030 [8eb9963e-bce0-4155-aea2-e442cadff8bd@group-715EBF8096A7-LeaderElection110] INFO  impl.LeaderElection (LeaderElection.java:askForVotes(448)) - 8eb9963e-bce0-4155-aea2-e442cadff8bd@group-715EBF8096A7-LeaderElection110 PRE_VOTE round 0: submit vote requests at term 2 for conf: {index: 5, cur=peers:[b5a25cc1-46d3-4381-a194-bd68f4526f1c|127.0.0.1:15031, 0df1231c-9f8a-4757-a7d0-f6d7f53bc482|127.0.0.1:15023, 8eb9963e-bce0-4155-aea2-e442cadff8bd|127.0.0.1:15015]|listeners:[], old=null}
2025-09-19 20:44:09,031 [8eb9963e-bce0-4155-aea2-e442cadff8bd@group-715EBF8096A7-LeaderElection110] INFO  impl.LeaderElection (LogUtils.java:infoOrTrace(142)) - 8eb9963e-bce0-4155-aea2-e442cadff8bd@group-715EBF8096A7-LeaderElection110 got exception when requesting votes: java.util.concurrent.ExecutionException: org.apache.ratis.thirdparty.io.grpc.StatusRuntimeException: UNAVAILABLE: io exception
2025-09-19 20:44:09,031 [8eb9963e-bce0-4155-aea2-e442cadff8bd@group-715EBF8096A7-LeaderElection110] INFO  impl.LeaderElection (LogUtils.java:infoOrTrace(142)) - 8eb9963e-bce0-4155-aea2-e442cadff8bd@group-715EBF8096A7-LeaderElection110 got exception when requesting votes: java.util.concurrent.ExecutionException: org.apache.ratis.thirdparty.io.grpc.StatusRuntimeException: UNAVAILABLE: io exception
2025-09-19 20:44:09,031 [8eb9963e-bce0-4155-aea2-e442cadff8bd@group-715EBF8096A7-LeaderElection110] INFO  impl.LeaderElection (LeaderElection.java:logAndReturn(206)) - 8eb9963e-bce0-4155-aea2-e442cadff8bd@group-715EBF8096A7-LeaderElection110: PRE_VOTE REJECTED received 0 response(s) and 2 exception(s):
2025-09-19 20:44:09,031 [8eb9963e-bce0-4155-aea2-e442cadff8bd@group-715EBF8096A7-LeaderElection110] INFO  impl.LeaderElection (LogUtils.java:infoOrTrace(142)) -   Exception 0: java.util.concurrent.ExecutionException: org.apache.ratis.thirdparty.io.grpc.StatusRuntimeException: UNAVAILABLE: io exception
2025-09-19 20:44:09,031 [8eb9963e-bce0-4155-aea2-e442cadff8bd@group-715EBF8096A7-LeaderElection110] INFO  impl.LeaderElection (LogUtils.java:infoOrTrace(142)) -   Exception 1: java.util.concurrent.ExecutionException: org.apache.ratis.thirdparty.io.grpc.StatusRuntimeException: UNAVAILABLE: io exception
2025-09-19 20:44:09,031 [8eb9963e-bce0-4155-aea2-e442cadff8bd@group-715EBF8096A7-LeaderElection110] INFO  impl.LeaderElection (LeaderElection.java:askForVotes(450)) - 8eb9963e-bce0-4155-aea2-e442cadff8bd@group-715EBF8096A7-LeaderElection110 PRE_VOTE round 0: result REJECTED
2025-09-19 20:44:09,031 [8eb9963e-bce0-4155-aea2-e442cadff8bd@group-715EBF8096A7-LeaderElection110] INFO  server.RaftServer$Division (RaftServerImpl.java:setRole(392)) - 8eb9963e-bce0-4155-aea2-e442cadff8bd@group-715EBF8096A7: changes role from CANDIDATE to FOLLOWER at term 2 for REJECTED
2025-09-19 20:44:09,031 [8eb9963e-bce0-4155-aea2-e442cadff8bd@group-715EBF8096A7-LeaderElection110] INFO  impl.RoleInfo (RoleInfo.java:shutdownLeaderElection(141)) - 8eb9963e-bce0-4155-aea2-e442cadff8bd: shutdown 8eb9963e-bce0-4155-aea2-e442cadff8bd@group-715EBF8096A7-LeaderElection110
2025-09-19 20:44:09,031 [8eb9963e-bce0-4155-aea2-e442cadff8bd@group-715EBF8096A7-LeaderElection110] INFO  impl.RoleInfo (RoleInfo.java:updateAndGet(148)) - 8eb9963e-bce0-4155-aea2-e442cadff8bd: start 8eb9963e-bce0-4155-aea2-e442cadff8bd@group-715EBF8096A7-FollowerState
2025-09-19 20:44:09,562 [8eb9963e-bce0-4155-aea2-e442cadff8bd@group-A751954341BD-FollowerState] INFO  impl.FollowerState (FollowerState.java:runImpl(161)) - 8eb9963e-bce0-4155-aea2-e442cadff8bd@group-A751954341BD-FollowerState: change to CANDIDATE, lastRpcElapsedTime:1153341731ns, electionTimeout:1153ms
2025-09-19 20:44:09,562 [8eb9963e-bce0-4155-aea2-e442cadff8bd@group-A751954341BD-FollowerState] INFO  impl.RoleInfo (RoleInfo.java:shutdownFollowerState(121)) - 8eb9963e-bce0-4155-aea2-e442cadff8bd: shutdown 8eb9963e-bce0-4155-aea2-e442cadff8bd@group-A751954341BD-FollowerState
2025-09-19 20:44:09,562 [8eb9963e-bce0-4155-aea2-e442cadff8bd@group-A751954341BD-FollowerState] INFO  server.RaftServer$Division (RaftServerImpl.java:setRole(392)) - 8eb9963e-bce0-4155-aea2-e442cadff8bd@group-A751954341BD: changes role from  FOLLOWER to CANDIDATE at term 1 for changeToCandidate
2025-09-19 20:44:09,562 [8eb9963e-bce0-4155-aea2-e442cadff8bd@group-A751954341BD-FollowerState] INFO  impl.RoleInfo (RoleInfo.java:updateAndGet(148)) - 8eb9963e-bce0-4155-aea2-e442cadff8bd: start 8eb9963e-bce0-4155-aea2-e442cadff8bd@group-A751954341BD-LeaderElection111
2025-09-19 20:44:09,563 [8eb9963e-bce0-4155-aea2-e442cadff8bd@group-A751954341BD-LeaderElection111] INFO  impl.LeaderElection (LeaderElection.java:askForVotes(448)) - 8eb9963e-bce0-4155-aea2-e442cadff8bd@group-A751954341BD-LeaderElection111 PRE_VOTE round 0: submit vote requests at term 1 for conf: {index: 0, cur=peers:[b5a25cc1-46d3-4381-a194-bd68f4526f1c|127.0.0.1:15031, 0df1231c-9f8a-4757-a7d0-f6d7f53bc482|127.0.0.1:15023, 8eb9963e-bce0-4155-aea2-e442cadff8bd|127.0.0.1:15015]|listeners:[], old=null}
2025-09-19 20:44:09,563 [8eb9963e-bce0-4155-aea2-e442cadff8bd@group-A751954341BD-LeaderElection111] INFO  impl.LeaderElection (LogUtils.java:infoOrTrace(142)) - 8eb9963e-bce0-4155-aea2-e442cadff8bd@group-A751954341BD-LeaderElection111 got exception when requesting votes: java.util.concurrent.ExecutionException: org.apache.ratis.thirdparty.io.grpc.StatusRuntimeException: UNAVAILABLE: io exception
2025-09-19 20:44:09,563 [8eb9963e-bce0-4155-aea2-e442cadff8bd@group-A751954341BD-LeaderElection111] INFO  impl.LeaderElection (LogUtils.java:infoOrTrace(142)) - 8eb9963e-bce0-4155-aea2-e442cadff8bd@group-A751954341BD-LeaderElection111 got exception when requesting votes: java.util.concurrent.ExecutionException: org.apache.ratis.thirdparty.io.grpc.StatusRuntimeException: UNAVAILABLE: io exception
2025-09-19 20:44:09,563 [8eb9963e-bce0-4155-aea2-e442cadff8bd@group-A751954341BD-LeaderElection111] INFO  impl.LeaderElection (LeaderElection.java:logAndReturn(206)) - 8eb9963e-bce0-4155-aea2-e442cadff8bd@group-A751954341BD-LeaderElection111: PRE_VOTE REJECTED received 0 response(s) and 2 exception(s):
2025-09-19 20:44:09,563 [8eb9963e-bce0-4155-aea2-e442cadff8bd@group-A751954341BD-LeaderElection111] INFO  impl.LeaderElection (LogUtils.java:infoOrTrace(142)) -   Exception 0: java.util.concurrent.ExecutionException: org.apache.ratis.thirdparty.io.grpc.StatusRuntimeException: UNAVAILABLE: io exception
2025-09-19 20:44:09,563 [8eb9963e-bce0-4155-aea2-e442cadff8bd@group-A751954341BD-LeaderElection111] INFO  impl.LeaderElection (LogUtils.java:infoOrTrace(142)) -   Exception 1: java.util.concurrent.ExecutionException: org.apache.ratis.thirdparty.io.grpc.StatusRuntimeException: UNAVAILABLE: io exception
2025-09-19 20:44:09,563 [8eb9963e-bce0-4155-aea2-e442cadff8bd@group-A751954341BD-LeaderElection111] INFO  impl.LeaderElection (LeaderElection.java:askForVotes(450)) - 8eb9963e-bce0-4155-aea2-e442cadff8bd@group-A751954341BD-LeaderElection111 PRE_VOTE round 0: result REJECTED
2025-09-19 20:44:09,564 [8eb9963e-bce0-4155-aea2-e442cadff8bd@group-A751954341BD-LeaderElection111] INFO  server.RaftServer$Division (RaftServerImpl.java:setRole(392)) - 8eb9963e-bce0-4155-aea2-e442cadff8bd@group-A751954341BD: changes role from CANDIDATE to FOLLOWER at term 1 for REJECTED
2025-09-19 20:44:09,564 [8eb9963e-bce0-4155-aea2-e442cadff8bd@group-A751954341BD-LeaderElection111] INFO  impl.RoleInfo (RoleInfo.java:shutdownLeaderElection(141)) - 8eb9963e-bce0-4155-aea2-e442cadff8bd: shutdown 8eb9963e-bce0-4155-aea2-e442cadff8bd@group-A751954341BD-LeaderElection111
2025-09-19 20:44:09,564 [8eb9963e-bce0-4155-aea2-e442cadff8bd@group-A751954341BD-LeaderElection111] INFO  impl.RoleInfo (RoleInfo.java:updateAndGet(148)) - 8eb9963e-bce0-4155-aea2-e442cadff8bd: start 8eb9963e-bce0-4155-aea2-e442cadff8bd@group-A751954341BD-FollowerState
2025-09-19 20:44:09,812 [grpc-default-executor-5] ERROR impl.OrderedAsync (OrderedAsync.java:lambda$null$6(215)) -  client-6FE78725B677: Failed* RaftClientRequest:client-6FE78725B677->0df1231c-9f8a-4757-a7d0-f6d7f53bc482@group-A751954341BD, cid=20, seq=1*, Watch(0), null
java.util.concurrent.CompletionException: java.io.IOException: org.apache.ratis.thirdparty.io.grpc.StatusRuntimeException: UNAVAILABLE: io exception
	at java.base/java.util.concurrent.CompletableFuture.encodeThrowable(CompletableFuture.java:332)
	at java.base/java.util.concurrent.CompletableFuture.completeThrowable(CompletableFuture.java:347)
	at java.base/java.util.concurrent.CompletableFuture$UniAccept.tryFire(CompletableFuture.java:708)
	at java.base/java.util.concurrent.CompletableFuture.postComplete(CompletableFuture.java:510)
	at java.base/java.util.concurrent.CompletableFuture.completeExceptionally(CompletableFuture.java:2194)
	at org.apache.ratis.grpc.client.GrpcClientProtocolClient$AsyncStreamObservers.completeReplyExceptionally(GrpcClientProtocolClient.java:397)
	at org.apache.ratis.grpc.client.GrpcClientProtocolClient$AsyncStreamObservers.access$000(GrpcClientProtocolClient.java:303)
	at org.apache.ratis.grpc.client.GrpcClientProtocolClient$AsyncStreamObservers$1.onError(GrpcClientProtocolClient.java:334)
	at org.apache.ratis.thirdparty.io.grpc.stub.ClientCalls$StreamObserverToCallListenerAdapter.onClose(ClientCalls.java:564)
	at org.apache.ratis.thirdparty.io.grpc.PartialForwardingClientCallListener.onClose(PartialForwardingClientCallListener.java:39)
	at org.apache.ratis.thirdparty.io.grpc.ForwardingClientCallListener.onClose(ForwardingClientCallListener.java:23)
	at org.apache.ratis.grpc.metrics.intercept.client.MetricClientCallListener.onClose(MetricClientCallListener.java:47)
	at org.apache.ratis.thirdparty.io.grpc.internal.ClientCallImpl.closeObserver(ClientCallImpl.java:565)
	at org.apache.ratis.thirdparty.io.grpc.internal.ClientCallImpl.access$100(ClientCallImpl.java:72)
	at org.apache.ratis.thirdparty.io.grpc.internal.ClientCallImpl$ClientStreamListenerImpl$1StreamClosed.runInternal(ClientCallImpl.java:733)
	at org.apache.ratis.thirdparty.io.grpc.internal.ClientCallImpl$ClientStreamListenerImpl$1StreamClosed.runInContext(ClientCallImpl.java:714)
	at org.apache.ratis.thirdparty.io.grpc.internal.ContextRunnable.run(ContextRunnable.java:37)
	at org.apache.ratis.thirdparty.io.grpc.internal.SerializingExecutor.run(SerializingExecutor.java:133)
	at java.base/java.util.concurrent.ThreadPoolExecutor.runWorker(ThreadPoolExecutor.java:1144)
	at java.base/java.util.concurrent.ThreadPoolExecutor$Worker.run(ThreadPoolExecutor.java:642)
	at java.base/java.lang.Thread.run(Thread.java:1583)
Caused by: java.io.IOException: org.apache.ratis.thirdparty.io.grpc.StatusRuntimeException: UNAVAILABLE: io exception
	at org.apache.ratis.grpc.GrpcUtil.unwrapException(GrpcUtil.java:99)
	at org.apache.ratis.grpc.GrpcUtil.unwrapIOException(GrpcUtil.java:159)
	at org.apache.ratis.grpc.client.GrpcClientProtocolClient$AsyncStreamObservers$1.onError(GrpcClientProtocolClient.java:333)
	... 13 more
Caused by: org.apache.ratis.thirdparty.io.grpc.StatusRuntimeException: UNAVAILABLE: io exception
	at org.apache.ratis.thirdparty.io.grpc.Status.asRuntimeException(Status.java:532)
	... 13 more
Caused by: org.apache.ratis.thirdparty.io.netty.channel.AbstractChannel$AnnotatedConnectException: finishConnect(..) failed: Connection refused: /127.0.0.1:15021
Caused by: java.net.ConnectException: finishConnect(..) failed: Connection refused
	at org.apache.ratis.thirdparty.io.netty.channel.unix.Errors.newConnectException0(Errors.java:166)
	at org.apache.ratis.thirdparty.io.netty.channel.unix.Errors.handleConnectErrno(Errors.java:131)
	at org.apache.ratis.thirdparty.io.netty.channel.unix.Socket.finishConnect(Socket.java:359)
	at org.apache.ratis.thirdparty.io.netty.channel.epoll.AbstractEpollChannel$AbstractEpollUnsafe.doFinishConnect(AbstractEpollChannel.java:715)
	at org.apache.ratis.thirdparty.io.netty.channel.epoll.AbstractEpollChannel$AbstractEpollUnsafe.finishConnect(AbstractEpollChannel.java:692)
	at org.apache.ratis.thirdparty.io.netty.channel.epoll.AbstractEpollChannel$AbstractEpollUnsafe.epollOutReady(AbstractEpollChannel.java:567)
	at org.apache.ratis.thirdparty.io.netty.channel.epoll.EpollEventLoop.processReady(EpollEventLoop.java:491)
	at org.apache.ratis.thirdparty.io.netty.channel.epoll.EpollEventLoop.run(EpollEventLoop.java:399)
	at org.apache.ratis.thirdparty.io.netty.util.concurrent.SingleThreadEventExecutor$4.run(SingleThreadEventExecutor.java:998)
	at org.apache.ratis.thirdparty.io.netty.util.internal.ThreadExecutorMap$2.run(ThreadExecutorMap.java:74)
	at org.apache.ratis.thirdparty.io.netty.util.concurrent.FastThreadLocalRunnable.run(FastThreadLocalRunnable.java:30)
	at java.base/java.lang.Thread.run(Thread.java:1583)
2025-09-19 20:44:10,118 [8eb9963e-bce0-4155-aea2-e442cadff8bd@group-715EBF8096A7-FollowerState] INFO  impl.FollowerState (FollowerState.java:runImpl(161)) - 8eb9963e-bce0-4155-aea2-e442cadff8bd@group-715EBF8096A7-FollowerState: change to CANDIDATE, lastRpcElapsedTime:1086320719ns, electionTimeout:1086ms
2025-09-19 20:44:10,118 [8eb9963e-bce0-4155-aea2-e442cadff8bd@group-715EBF8096A7-FollowerState] INFO  impl.RoleInfo (RoleInfo.java:shutdownFollowerState(121)) - 8eb9963e-bce0-4155-aea2-e442cadff8bd: shutdown 8eb9963e-bce0-4155-aea2-e442cadff8bd@group-715EBF8096A7-FollowerState
2025-09-19 20:44:10,118 [8eb9963e-bce0-4155-aea2-e442cadff8bd@group-715EBF8096A7-FollowerState] INFO  server.RaftServer$Division (RaftServerImpl.java:setRole(392)) - 8eb9963e-bce0-4155-aea2-e442cadff8bd@group-715EBF8096A7: changes role from  FOLLOWER to CANDIDATE at term 2 for changeToCandidate
2025-09-19 20:44:10,118 [8eb9963e-bce0-4155-aea2-e442cadff8bd@group-715EBF8096A7-FollowerState] INFO  impl.RoleInfo (RoleInfo.java:updateAndGet(148)) - 8eb9963e-bce0-4155-aea2-e442cadff8bd: start 8eb9963e-bce0-4155-aea2-e442cadff8bd@group-715EBF8096A7-LeaderElection112
2025-09-19 20:44:10,118 [8eb9963e-bce0-4155-aea2-e442cadff8bd@group-715EBF8096A7-LeaderElection112] INFO  impl.LeaderElection (LeaderElection.java:askForVotes(448)) - 8eb9963e-bce0-4155-aea2-e442cadff8bd@group-715EBF8096A7-LeaderElection112 PRE_VOTE round 0: submit vote requests at term 2 for conf: {index: 5, cur=peers:[b5a25cc1-46d3-4381-a194-bd68f4526f1c|127.0.0.1:15031, 0df1231c-9f8a-4757-a7d0-f6d7f53bc482|127.0.0.1:15023, 8eb9963e-bce0-4155-aea2-e442cadff8bd|127.0.0.1:15015]|listeners:[], old=null}
2025-09-19 20:44:10,119 [8eb9963e-bce0-4155-aea2-e442cadff8bd@group-715EBF8096A7-LeaderElection112] INFO  impl.LeaderElection (LogUtils.java:infoOrTrace(142)) - 8eb9963e-bce0-4155-aea2-e442cadff8bd@group-715EBF8096A7-LeaderElection112 got exception when requesting votes: java.util.concurrent.ExecutionException: org.apache.ratis.thirdparty.io.grpc.StatusRuntimeException: UNAVAILABLE: io exception
2025-09-19 20:44:10,119 [8eb9963e-bce0-4155-aea2-e442cadff8bd@group-715EBF8096A7-LeaderElection112] INFO  impl.LeaderElection (LogUtils.java:infoOrTrace(142)) - 8eb9963e-bce0-4155-aea2-e442cadff8bd@group-715EBF8096A7-LeaderElection112 got exception when requesting votes: java.util.concurrent.ExecutionException: org.apache.ratis.thirdparty.io.grpc.StatusRuntimeException: UNAVAILABLE: io exception
2025-09-19 20:44:10,119 [8eb9963e-bce0-4155-aea2-e442cadff8bd@group-715EBF8096A7-LeaderElection112] INFO  impl.LeaderElection (LeaderElection.java:logAndReturn(206)) - 8eb9963e-bce0-4155-aea2-e442cadff8bd@group-715EBF8096A7-LeaderElection112: PRE_VOTE REJECTED received 0 response(s) and 2 exception(s):
2025-09-19 20:44:10,119 [8eb9963e-bce0-4155-aea2-e442cadff8bd@group-715EBF8096A7-LeaderElection112] INFO  impl.LeaderElection (LogUtils.java:infoOrTrace(142)) -   Exception 0: java.util.concurrent.ExecutionException: org.apache.ratis.thirdparty.io.grpc.StatusRuntimeException: UNAVAILABLE: io exception
2025-09-19 20:44:10,119 [8eb9963e-bce0-4155-aea2-e442cadff8bd@group-715EBF8096A7-LeaderElection112] INFO  impl.LeaderElection (LogUtils.java:infoOrTrace(142)) -   Exception 1: java.util.concurrent.ExecutionException: org.apache.ratis.thirdparty.io.grpc.StatusRuntimeException: UNAVAILABLE: io exception
2025-09-19 20:44:10,119 [8eb9963e-bce0-4155-aea2-e442cadff8bd@group-715EBF8096A7-LeaderElection112] INFO  impl.LeaderElection (LeaderElection.java:askForVotes(450)) - 8eb9963e-bce0-4155-aea2-e442cadff8bd@group-715EBF8096A7-LeaderElection112 PRE_VOTE round 0: result REJECTED
2025-09-19 20:44:10,119 [8eb9963e-bce0-4155-aea2-e442cadff8bd@group-715EBF8096A7-LeaderElection112] INFO  server.RaftServer$Division (RaftServerImpl.java:setRole(392)) - 8eb9963e-bce0-4155-aea2-e442cadff8bd@group-715EBF8096A7: changes role from CANDIDATE to FOLLOWER at term 2 for REJECTED
2025-09-19 20:44:10,119 [8eb9963e-bce0-4155-aea2-e442cadff8bd@group-715EBF8096A7-LeaderElection112] INFO  impl.RoleInfo (RoleInfo.java:shutdownLeaderElection(141)) - 8eb9963e-bce0-4155-aea2-e442cadff8bd: shutdown 8eb9963e-bce0-4155-aea2-e442cadff8bd@group-715EBF8096A7-LeaderElection112
2025-09-19 20:44:10,119 [8eb9963e-bce0-4155-aea2-e442cadff8bd@group-715EBF8096A7-LeaderElection112] INFO  impl.RoleInfo (RoleInfo.java:updateAndGet(148)) - 8eb9963e-bce0-4155-aea2-e442cadff8bd: start 8eb9963e-bce0-4155-aea2-e442cadff8bd@group-715EBF8096A7-FollowerState
2025-09-19 20:44:10,735 [8eb9963e-bce0-4155-aea2-e442cadff8bd@group-A751954341BD-FollowerState] INFO  impl.FollowerState (FollowerState.java:runImpl(161)) - 8eb9963e-bce0-4155-aea2-e442cadff8bd@group-A751954341BD-FollowerState: change to CANDIDATE, lastRpcElapsedTime:1171278254ns, electionTimeout:1171ms
2025-09-19 20:44:10,735 [8eb9963e-bce0-4155-aea2-e442cadff8bd@group-A751954341BD-FollowerState] INFO  impl.RoleInfo (RoleInfo.java:shutdownFollowerState(121)) - 8eb9963e-bce0-4155-aea2-e442cadff8bd: shutdown 8eb9963e-bce0-4155-aea2-e442cadff8bd@group-A751954341BD-FollowerState
2025-09-19 20:44:10,735 [8eb9963e-bce0-4155-aea2-e442cadff8bd@group-A751954341BD-FollowerState] INFO  server.RaftServer$Division (RaftServerImpl.java:setRole(392)) - 8eb9963e-bce0-4155-aea2-e442cadff8bd@group-A751954341BD: changes role from  FOLLOWER to CANDIDATE at term 1 for changeToCandidate
2025-09-19 20:44:10,735 [8eb9963e-bce0-4155-aea2-e442cadff8bd@group-A751954341BD-FollowerState] INFO  impl.RoleInfo (RoleInfo.java:updateAndGet(148)) - 8eb9963e-bce0-4155-aea2-e442cadff8bd: start 8eb9963e-bce0-4155-aea2-e442cadff8bd@group-A751954341BD-LeaderElection113
2025-09-19 20:44:10,736 [8eb9963e-bce0-4155-aea2-e442cadff8bd@group-A751954341BD-LeaderElection113] INFO  impl.LeaderElection (LeaderElection.java:askForVotes(448)) - 8eb9963e-bce0-4155-aea2-e442cadff8bd@group-A751954341BD-LeaderElection113 PRE_VOTE round 0: submit vote requests at term 1 for conf: {index: 0, cur=peers:[b5a25cc1-46d3-4381-a194-bd68f4526f1c|127.0.0.1:15031, 0df1231c-9f8a-4757-a7d0-f6d7f53bc482|127.0.0.1:15023, 8eb9963e-bce0-4155-aea2-e442cadff8bd|127.0.0.1:15015]|listeners:[], old=null}
2025-09-19 20:44:10,736 [8eb9963e-bce0-4155-aea2-e442cadff8bd@group-A751954341BD-LeaderElection113] INFO  impl.LeaderElection (LogUtils.java:infoOrTrace(142)) - 8eb9963e-bce0-4155-aea2-e442cadff8bd@group-A751954341BD-LeaderElection113 got exception when requesting votes: java.util.concurrent.ExecutionException: org.apache.ratis.thirdparty.io.grpc.StatusRuntimeException: UNAVAILABLE: io exception
2025-09-19 20:44:10,736 [8eb9963e-bce0-4155-aea2-e442cadff8bd@group-A751954341BD-LeaderElection113] INFO  impl.LeaderElection (LogUtils.java:infoOrTrace(142)) - 8eb9963e-bce0-4155-aea2-e442cadff8bd@group-A751954341BD-LeaderElection113 got exception when requesting votes: java.util.concurrent.ExecutionException: org.apache.ratis.thirdparty.io.grpc.StatusRuntimeException: UNAVAILABLE: io exception
2025-09-19 20:44:10,736 [8eb9963e-bce0-4155-aea2-e442cadff8bd@group-A751954341BD-LeaderElection113] INFO  impl.LeaderElection (LeaderElection.java:logAndReturn(206)) - 8eb9963e-bce0-4155-aea2-e442cadff8bd@group-A751954341BD-LeaderElection113: PRE_VOTE REJECTED received 0 response(s) and 2 exception(s):
2025-09-19 20:44:10,736 [8eb9963e-bce0-4155-aea2-e442cadff8bd@group-A751954341BD-LeaderElection113] INFO  impl.LeaderElection (LogUtils.java:infoOrTrace(142)) -   Exception 0: java.util.concurrent.ExecutionException: org.apache.ratis.thirdparty.io.grpc.StatusRuntimeException: UNAVAILABLE: io exception
2025-09-19 20:44:10,736 [8eb9963e-bce0-4155-aea2-e442cadff8bd@group-A751954341BD-LeaderElection113] INFO  impl.LeaderElection (LogUtils.java:infoOrTrace(142)) -   Exception 1: java.util.concurrent.ExecutionException: org.apache.ratis.thirdparty.io.grpc.StatusRuntimeException: UNAVAILABLE: io exception
2025-09-19 20:44:10,736 [8eb9963e-bce0-4155-aea2-e442cadff8bd@group-A751954341BD-LeaderElection113] INFO  impl.LeaderElection (LeaderElection.java:askForVotes(450)) - 8eb9963e-bce0-4155-aea2-e442cadff8bd@group-A751954341BD-LeaderElection113 PRE_VOTE round 0: result REJECTED
2025-09-19 20:44:10,736 [8eb9963e-bce0-4155-aea2-e442cadff8bd@group-A751954341BD-LeaderElection113] INFO  server.RaftServer$Division (RaftServerImpl.java:setRole(392)) - 8eb9963e-bce0-4155-aea2-e442cadff8bd@group-A751954341BD: changes role from CANDIDATE to FOLLOWER at term 1 for REJECTED
2025-09-19 20:44:10,736 [8eb9963e-bce0-4155-aea2-e442cadff8bd@group-A751954341BD-LeaderElection113] INFO  impl.RoleInfo (RoleInfo.java:shutdownLeaderElection(141)) - 8eb9963e-bce0-4155-aea2-e442cadff8bd: shutdown 8eb9963e-bce0-4155-aea2-e442cadff8bd@group-A751954341BD-LeaderElection113
2025-09-19 20:44:10,736 [8eb9963e-bce0-4155-aea2-e442cadff8bd@group-A751954341BD-LeaderElection113] INFO  impl.RoleInfo (RoleInfo.java:updateAndGet(148)) - 8eb9963e-bce0-4155-aea2-e442cadff8bd: start 8eb9963e-bce0-4155-aea2-e442cadff8bd@group-A751954341BD-FollowerState
2025-09-19 20:44:11,256 [8eb9963e-bce0-4155-aea2-e442cadff8bd@group-715EBF8096A7-FollowerState] INFO  impl.FollowerState (FollowerState.java:runImpl(161)) - 8eb9963e-bce0-4155-aea2-e442cadff8bd@group-715EBF8096A7-FollowerState: change to CANDIDATE, lastRpcElapsedTime:1137278207ns, electionTimeout:1137ms
2025-09-19 20:44:11,257 [8eb9963e-bce0-4155-aea2-e442cadff8bd@group-715EBF8096A7-FollowerState] INFO  impl.RoleInfo (RoleInfo.java:shutdownFollowerState(121)) - 8eb9963e-bce0-4155-aea2-e442cadff8bd: shutdown 8eb9963e-bce0-4155-aea2-e442cadff8bd@group-715EBF8096A7-FollowerState
2025-09-19 20:44:11,257 [8eb9963e-bce0-4155-aea2-e442cadff8bd@group-715EBF8096A7-FollowerState] INFO  server.RaftServer$Division (RaftServerImpl.java:setRole(392)) - 8eb9963e-bce0-4155-aea2-e442cadff8bd@group-715EBF8096A7: changes role from  FOLLOWER to CANDIDATE at term 2 for changeToCandidate
2025-09-19 20:44:11,257 [8eb9963e-bce0-4155-aea2-e442cadff8bd@group-715EBF8096A7-FollowerState] INFO  impl.RoleInfo (RoleInfo.java:updateAndGet(148)) - 8eb9963e-bce0-4155-aea2-e442cadff8bd: start 8eb9963e-bce0-4155-aea2-e442cadff8bd@group-715EBF8096A7-LeaderElection114
2025-09-19 20:44:11,257 [8eb9963e-bce0-4155-aea2-e442cadff8bd@group-715EBF8096A7-LeaderElection114] INFO  impl.LeaderElection (LeaderElection.java:askForVotes(448)) - 8eb9963e-bce0-4155-aea2-e442cadff8bd@group-715EBF8096A7-LeaderElection114 PRE_VOTE round 0: submit vote requests at term 2 for conf: {index: 5, cur=peers:[b5a25cc1-46d3-4381-a194-bd68f4526f1c|127.0.0.1:15031, 0df1231c-9f8a-4757-a7d0-f6d7f53bc482|127.0.0.1:15023, 8eb9963e-bce0-4155-aea2-e442cadff8bd|127.0.0.1:15015]|listeners:[], old=null}
2025-09-19 20:44:11,258 [8eb9963e-bce0-4155-aea2-e442cadff8bd@group-715EBF8096A7-LeaderElection114] INFO  impl.LeaderElection (LogUtils.java:infoOrTrace(142)) - 8eb9963e-bce0-4155-aea2-e442cadff8bd@group-715EBF8096A7-LeaderElection114 got exception when requesting votes: java.util.concurrent.ExecutionException: org.apache.ratis.thirdparty.io.grpc.StatusRuntimeException: UNAVAILABLE: io exception
2025-09-19 20:44:11,258 [8eb9963e-bce0-4155-aea2-e442cadff8bd@group-715EBF8096A7-LeaderElection114] INFO  impl.LeaderElection (LogUtils.java:infoOrTrace(142)) - 8eb9963e-bce0-4155-aea2-e442cadff8bd@group-715EBF8096A7-LeaderElection114 got exception when requesting votes: java.util.concurrent.ExecutionException: org.apache.ratis.thirdparty.io.grpc.StatusRuntimeException: UNAVAILABLE: io exception
2025-09-19 20:44:11,258 [8eb9963e-bce0-4155-aea2-e442cadff8bd@group-715EBF8096A7-LeaderElection114] INFO  impl.LeaderElection (LeaderElection.java:logAndReturn(206)) - 8eb9963e-bce0-4155-aea2-e442cadff8bd@group-715EBF8096A7-LeaderElection114: PRE_VOTE REJECTED received 0 response(s) and 2 exception(s):
2025-09-19 20:44:11,258 [8eb9963e-bce0-4155-aea2-e442cadff8bd@group-715EBF8096A7-LeaderElection114] INFO  impl.LeaderElection (LogUtils.java:infoOrTrace(142)) -   Exception 0: java.util.concurrent.ExecutionException: org.apache.ratis.thirdparty.io.grpc.StatusRuntimeException: UNAVAILABLE: io exception
2025-09-19 20:44:11,258 [8eb9963e-bce0-4155-aea2-e442cadff8bd@group-715EBF8096A7-LeaderElection114] INFO  impl.LeaderElection (LogUtils.java:infoOrTrace(142)) -   Exception 1: java.util.concurrent.ExecutionException: org.apache.ratis.thirdparty.io.grpc.StatusRuntimeException: UNAVAILABLE: io exception
2025-09-19 20:44:11,258 [8eb9963e-bce0-4155-aea2-e442cadff8bd@group-715EBF8096A7-LeaderElection114] INFO  impl.LeaderElection (LeaderElection.java:askForVotes(450)) - 8eb9963e-bce0-4155-aea2-e442cadff8bd@group-715EBF8096A7-LeaderElection114 PRE_VOTE round 0: result REJECTED
2025-09-19 20:44:11,258 [8eb9963e-bce0-4155-aea2-e442cadff8bd@group-715EBF8096A7-LeaderElection114] INFO  server.RaftServer$Division (RaftServerImpl.java:setRole(392)) - 8eb9963e-bce0-4155-aea2-e442cadff8bd@group-715EBF8096A7: changes role from CANDIDATE to FOLLOWER at term 2 for REJECTED
2025-09-19 20:44:11,258 [8eb9963e-bce0-4155-aea2-e442cadff8bd@group-715EBF8096A7-LeaderElection114] INFO  impl.RoleInfo (RoleInfo.java:shutdownLeaderElection(141)) - 8eb9963e-bce0-4155-aea2-e442cadff8bd: shutdown 8eb9963e-bce0-4155-aea2-e442cadff8bd@group-715EBF8096A7-LeaderElection114
2025-09-19 20:44:11,258 [8eb9963e-bce0-4155-aea2-e442cadff8bd@group-715EBF8096A7-LeaderElection114] INFO  impl.RoleInfo (RoleInfo.java:updateAndGet(148)) - 8eb9963e-bce0-4155-aea2-e442cadff8bd: start 8eb9963e-bce0-4155-aea2-e442cadff8bd@group-715EBF8096A7-FollowerState
2025-09-19 20:44:11,822 [8eb9963e-bce0-4155-aea2-e442cadff8bd@group-A751954341BD-FollowerState] INFO  impl.FollowerState (FollowerState.java:runImpl(161)) - 8eb9963e-bce0-4155-aea2-e442cadff8bd@group-A751954341BD-FollowerState: change to CANDIDATE, lastRpcElapsedTime:1085311455ns, electionTimeout:1085ms
2025-09-19 20:44:11,822 [8eb9963e-bce0-4155-aea2-e442cadff8bd@group-A751954341BD-FollowerState] INFO  impl.RoleInfo (RoleInfo.java:shutdownFollowerState(121)) - 8eb9963e-bce0-4155-aea2-e442cadff8bd: shutdown 8eb9963e-bce0-4155-aea2-e442cadff8bd@group-A751954341BD-FollowerState
2025-09-19 20:44:11,822 [8eb9963e-bce0-4155-aea2-e442cadff8bd@group-A751954341BD-FollowerState] INFO  server.RaftServer$Division (RaftServerImpl.java:setRole(392)) - 8eb9963e-bce0-4155-aea2-e442cadff8bd@group-A751954341BD: changes role from  FOLLOWER to CANDIDATE at term 1 for changeToCandidate
2025-09-19 20:44:11,822 [8eb9963e-bce0-4155-aea2-e442cadff8bd@group-A751954341BD-FollowerState] INFO  impl.RoleInfo (RoleInfo.java:updateAndGet(148)) - 8eb9963e-bce0-4155-aea2-e442cadff8bd: start 8eb9963e-bce0-4155-aea2-e442cadff8bd@group-A751954341BD-LeaderElection115
2025-09-19 20:44:11,822 [8eb9963e-bce0-4155-aea2-e442cadff8bd@group-A751954341BD-LeaderElection115] INFO  impl.LeaderElection (LeaderElection.java:askForVotes(448)) - 8eb9963e-bce0-4155-aea2-e442cadff8bd@group-A751954341BD-LeaderElection115 PRE_VOTE round 0: submit vote requests at term 1 for conf: {index: 0, cur=peers:[b5a25cc1-46d3-4381-a194-bd68f4526f1c|127.0.0.1:15031, 0df1231c-9f8a-4757-a7d0-f6d7f53bc482|127.0.0.1:15023, 8eb9963e-bce0-4155-aea2-e442cadff8bd|127.0.0.1:15015]|listeners:[], old=null}
2025-09-19 20:44:11,823 [8eb9963e-bce0-4155-aea2-e442cadff8bd@group-A751954341BD-LeaderElection115] INFO  impl.LeaderElection (LogUtils.java:infoOrTrace(142)) - 8eb9963e-bce0-4155-aea2-e442cadff8bd@group-A751954341BD-LeaderElection115 got exception when requesting votes: java.util.concurrent.ExecutionException: org.apache.ratis.thirdparty.io.grpc.StatusRuntimeException: UNAVAILABLE: io exception
2025-09-19 20:44:11,823 [8eb9963e-bce0-4155-aea2-e442cadff8bd@group-A751954341BD-LeaderElection115] INFO  impl.LeaderElection (LogUtils.java:infoOrTrace(142)) - 8eb9963e-bce0-4155-aea2-e442cadff8bd@group-A751954341BD-LeaderElection115 got exception when requesting votes: java.util.concurrent.ExecutionException: org.apache.ratis.thirdparty.io.grpc.StatusRuntimeException: UNAVAILABLE: io exception
2025-09-19 20:44:11,823 [8eb9963e-bce0-4155-aea2-e442cadff8bd@group-A751954341BD-LeaderElection115] INFO  impl.LeaderElection (LeaderElection.java:logAndReturn(206)) - 8eb9963e-bce0-4155-aea2-e442cadff8bd@group-A751954341BD-LeaderElection115: PRE_VOTE REJECTED received 0 response(s) and 2 exception(s):
2025-09-19 20:44:11,823 [8eb9963e-bce0-4155-aea2-e442cadff8bd@group-A751954341BD-LeaderElection115] INFO  impl.LeaderElection (LogUtils.java:infoOrTrace(142)) -   Exception 0: java.util.concurrent.ExecutionException: org.apache.ratis.thirdparty.io.grpc.StatusRuntimeException: UNAVAILABLE: io exception
2025-09-19 20:44:11,823 [8eb9963e-bce0-4155-aea2-e442cadff8bd@group-A751954341BD-LeaderElection115] INFO  impl.LeaderElection (LogUtils.java:infoOrTrace(142)) -   Exception 1: java.util.concurrent.ExecutionException: org.apache.ratis.thirdparty.io.grpc.StatusRuntimeException: UNAVAILABLE: io exception
2025-09-19 20:44:11,823 [8eb9963e-bce0-4155-aea2-e442cadff8bd@group-A751954341BD-LeaderElection115] INFO  impl.LeaderElection (LeaderElection.java:askForVotes(450)) - 8eb9963e-bce0-4155-aea2-e442cadff8bd@group-A751954341BD-LeaderElection115 PRE_VOTE round 0: result REJECTED
2025-09-19 20:44:11,823 [8eb9963e-bce0-4155-aea2-e442cadff8bd@group-A751954341BD-LeaderElection115] INFO  server.RaftServer$Division (RaftServerImpl.java:setRole(392)) - 8eb9963e-bce0-4155-aea2-e442cadff8bd@group-A751954341BD: changes role from CANDIDATE to FOLLOWER at term 1 for REJECTED
2025-09-19 20:44:11,823 [8eb9963e-bce0-4155-aea2-e442cadff8bd@group-A751954341BD-LeaderElection115] INFO  impl.RoleInfo (RoleInfo.java:shutdownLeaderElection(141)) - 8eb9963e-bce0-4155-aea2-e442cadff8bd: shutdown 8eb9963e-bce0-4155-aea2-e442cadff8bd@group-A751954341BD-LeaderElection115
2025-09-19 20:44:11,823 [8eb9963e-bce0-4155-aea2-e442cadff8bd@group-A751954341BD-LeaderElection115] INFO  impl.RoleInfo (RoleInfo.java:updateAndGet(148)) - 8eb9963e-bce0-4155-aea2-e442cadff8bd: start 8eb9963e-bce0-4155-aea2-e442cadff8bd@group-A751954341BD-FollowerState
2025-09-19 20:44:12,412 [8eb9963e-bce0-4155-aea2-e442cadff8bd@group-715EBF8096A7-FollowerState] INFO  impl.FollowerState (FollowerState.java:runImpl(161)) - 8eb9963e-bce0-4155-aea2-e442cadff8bd@group-715EBF8096A7-FollowerState: change to CANDIDATE, lastRpcElapsedTime:1154278897ns, electionTimeout:1154ms
2025-09-19 20:44:12,413 [8eb9963e-bce0-4155-aea2-e442cadff8bd@group-715EBF8096A7-FollowerState] INFO  impl.RoleInfo (RoleInfo.java:shutdownFollowerState(121)) - 8eb9963e-bce0-4155-aea2-e442cadff8bd: shutdown 8eb9963e-bce0-4155-aea2-e442cadff8bd@group-715EBF8096A7-FollowerState
2025-09-19 20:44:12,413 [8eb9963e-bce0-4155-aea2-e442cadff8bd@group-715EBF8096A7-FollowerState] INFO  server.RaftServer$Division (RaftServerImpl.java:setRole(392)) - 8eb9963e-bce0-4155-aea2-e442cadff8bd@group-715EBF8096A7: changes role from  FOLLOWER to CANDIDATE at term 2 for changeToCandidate
2025-09-19 20:44:12,413 [8eb9963e-bce0-4155-aea2-e442cadff8bd@group-715EBF8096A7-FollowerState] INFO  impl.RoleInfo (RoleInfo.java:updateAndGet(148)) - 8eb9963e-bce0-4155-aea2-e442cadff8bd: start 8eb9963e-bce0-4155-aea2-e442cadff8bd@group-715EBF8096A7-LeaderElection116
2025-09-19 20:44:12,413 [8eb9963e-bce0-4155-aea2-e442cadff8bd@group-715EBF8096A7-LeaderElection116] INFO  impl.LeaderElection (LeaderElection.java:askForVotes(448)) - 8eb9963e-bce0-4155-aea2-e442cadff8bd@group-715EBF8096A7-LeaderElection116 PRE_VOTE round 0: submit vote requests at term 2 for conf: {index: 5, cur=peers:[b5a25cc1-46d3-4381-a194-bd68f4526f1c|127.0.0.1:15031, 0df1231c-9f8a-4757-a7d0-f6d7f53bc482|127.0.0.1:15023, 8eb9963e-bce0-4155-aea2-e442cadff8bd|127.0.0.1:15015]|listeners:[], old=null}
2025-09-19 20:44:12,414 [8eb9963e-bce0-4155-aea2-e442cadff8bd@group-715EBF8096A7-LeaderElection116] INFO  impl.LeaderElection (LogUtils.java:infoOrTrace(142)) - 8eb9963e-bce0-4155-aea2-e442cadff8bd@group-715EBF8096A7-LeaderElection116 got exception when requesting votes: java.util.concurrent.ExecutionException: org.apache.ratis.thirdparty.io.grpc.StatusRuntimeException: UNAVAILABLE: io exception
2025-09-19 20:44:12,414 [8eb9963e-bce0-4155-aea2-e442cadff8bd@group-715EBF8096A7-LeaderElection116] INFO  impl.LeaderElection (LogUtils.java:infoOrTrace(142)) - 8eb9963e-bce0-4155-aea2-e442cadff8bd@group-715EBF8096A7-LeaderElection116 got exception when requesting votes: java.util.concurrent.ExecutionException: org.apache.ratis.thirdparty.io.grpc.StatusRuntimeException: UNAVAILABLE: io exception
2025-09-19 20:44:12,414 [8eb9963e-bce0-4155-aea2-e442cadff8bd@group-715EBF8096A7-LeaderElection116] INFO  impl.LeaderElection (LeaderElection.java:logAndReturn(206)) - 8eb9963e-bce0-4155-aea2-e442cadff8bd@group-715EBF8096A7-LeaderElection116: PRE_VOTE REJECTED received 0 response(s) and 2 exception(s):
2025-09-19 20:44:12,414 [8eb9963e-bce0-4155-aea2-e442cadff8bd@group-715EBF8096A7-LeaderElection116] INFO  impl.LeaderElection (LogUtils.java:infoOrTrace(142)) -   Exception 0: java.util.concurrent.ExecutionException: org.apache.ratis.thirdparty.io.grpc.StatusRuntimeException: UNAVAILABLE: io exception
2025-09-19 20:44:12,414 [8eb9963e-bce0-4155-aea2-e442cadff8bd@group-715EBF8096A7-LeaderElection116] INFO  impl.LeaderElection (LogUtils.java:infoOrTrace(142)) -   Exception 1: java.util.concurrent.ExecutionException: org.apache.ratis.thirdparty.io.grpc.StatusRuntimeException: UNAVAILABLE: io exception
2025-09-19 20:44:12,414 [8eb9963e-bce0-4155-aea2-e442cadff8bd@group-715EBF8096A7-LeaderElection116] INFO  impl.LeaderElection (LeaderElection.java:askForVotes(450)) - 8eb9963e-bce0-4155-aea2-e442cadff8bd@group-715EBF8096A7-LeaderElection116 PRE_VOTE round 0: result REJECTED
2025-09-19 20:44:12,414 [8eb9963e-bce0-4155-aea2-e442cadff8bd@group-715EBF8096A7-LeaderElection116] INFO  server.RaftServer$Division (RaftServerImpl.java:setRole(392)) - 8eb9963e-bce0-4155-aea2-e442cadff8bd@group-715EBF8096A7: changes role from CANDIDATE to FOLLOWER at term 2 for REJECTED
2025-09-19 20:44:12,414 [8eb9963e-bce0-4155-aea2-e442cadff8bd@group-715EBF8096A7-LeaderElection116] INFO  impl.RoleInfo (RoleInfo.java:shutdownLeaderElection(141)) - 8eb9963e-bce0-4155-aea2-e442cadff8bd: shutdown 8eb9963e-bce0-4155-aea2-e442cadff8bd@group-715EBF8096A7-LeaderElection116
2025-09-19 20:44:12,414 [8eb9963e-bce0-4155-aea2-e442cadff8bd@group-715EBF8096A7-LeaderElection116] INFO  impl.RoleInfo (RoleInfo.java:updateAndGet(148)) - 8eb9963e-bce0-4155-aea2-e442cadff8bd: start 8eb9963e-bce0-4155-aea2-e442cadff8bd@group-715EBF8096A7-FollowerState
2025-09-19 20:44:12,988 [8eb9963e-bce0-4155-aea2-e442cadff8bd@group-A751954341BD-FollowerState] INFO  impl.FollowerState (FollowerState.java:runImpl(161)) - 8eb9963e-bce0-4155-aea2-e442cadff8bd@group-A751954341BD-FollowerState: change to CANDIDATE, lastRpcElapsedTime:1164311404ns, electionTimeout:1164ms
2025-09-19 20:44:12,988 [8eb9963e-bce0-4155-aea2-e442cadff8bd@group-A751954341BD-FollowerState] INFO  impl.RoleInfo (RoleInfo.java:shutdownFollowerState(121)) - 8eb9963e-bce0-4155-aea2-e442cadff8bd: shutdown 8eb9963e-bce0-4155-aea2-e442cadff8bd@group-A751954341BD-FollowerState
2025-09-19 20:44:12,988 [8eb9963e-bce0-4155-aea2-e442cadff8bd@group-A751954341BD-FollowerState] INFO  server.RaftServer$Division (RaftServerImpl.java:setRole(392)) - 8eb9963e-bce0-4155-aea2-e442cadff8bd@group-A751954341BD: changes role from  FOLLOWER to CANDIDATE at term 1 for changeToCandidate
2025-09-19 20:44:12,988 [8eb9963e-bce0-4155-aea2-e442cadff8bd@group-A751954341BD-FollowerState] INFO  impl.RoleInfo (RoleInfo.java:updateAndGet(148)) - 8eb9963e-bce0-4155-aea2-e442cadff8bd: start 8eb9963e-bce0-4155-aea2-e442cadff8bd@group-A751954341BD-LeaderElection117
2025-09-19 20:44:12,988 [8eb9963e-bce0-4155-aea2-e442cadff8bd@group-A751954341BD-LeaderElection117] INFO  impl.LeaderElection (LeaderElection.java:askForVotes(448)) - 8eb9963e-bce0-4155-aea2-e442cadff8bd@group-A751954341BD-LeaderElection117 PRE_VOTE round 0: submit vote requests at term 1 for conf: {index: 0, cur=peers:[b5a25cc1-46d3-4381-a194-bd68f4526f1c|127.0.0.1:15031, 0df1231c-9f8a-4757-a7d0-f6d7f53bc482|127.0.0.1:15023, 8eb9963e-bce0-4155-aea2-e442cadff8bd|127.0.0.1:15015]|listeners:[], old=null}
2025-09-19 20:44:12,989 [8eb9963e-bce0-4155-aea2-e442cadff8bd@group-A751954341BD-LeaderElection117] INFO  impl.LeaderElection (LogUtils.java:infoOrTrace(142)) - 8eb9963e-bce0-4155-aea2-e442cadff8bd@group-A751954341BD-LeaderElection117 got exception when requesting votes: java.util.concurrent.ExecutionException: org.apache.ratis.thirdparty.io.grpc.StatusRuntimeException: UNAVAILABLE: io exception
2025-09-19 20:44:12,989 [8eb9963e-bce0-4155-aea2-e442cadff8bd@group-A751954341BD-LeaderElection117] INFO  impl.LeaderElection (LogUtils.java:infoOrTrace(142)) - 8eb9963e-bce0-4155-aea2-e442cadff8bd@group-A751954341BD-LeaderElection117 got exception when requesting votes: java.util.concurrent.ExecutionException: org.apache.ratis.thirdparty.io.grpc.StatusRuntimeException: UNAVAILABLE: io exception
2025-09-19 20:44:12,989 [8eb9963e-bce0-4155-aea2-e442cadff8bd@group-A751954341BD-LeaderElection117] INFO  impl.LeaderElection (LeaderElection.java:logAndReturn(206)) - 8eb9963e-bce0-4155-aea2-e442cadff8bd@group-A751954341BD-LeaderElection117: PRE_VOTE REJECTED received 0 response(s) and 2 exception(s):
2025-09-19 20:44:12,989 [8eb9963e-bce0-4155-aea2-e442cadff8bd@group-A751954341BD-LeaderElection117] INFO  impl.LeaderElection (LogUtils.java:infoOrTrace(142)) -   Exception 0: java.util.concurrent.ExecutionException: org.apache.ratis.thirdparty.io.grpc.StatusRuntimeException: UNAVAILABLE: io exception
2025-09-19 20:44:12,989 [8eb9963e-bce0-4155-aea2-e442cadff8bd@group-A751954341BD-LeaderElection117] INFO  impl.LeaderElection (LogUtils.java:infoOrTrace(142)) -   Exception 1: java.util.concurrent.ExecutionException: org.apache.ratis.thirdparty.io.grpc.StatusRuntimeException: UNAVAILABLE: io exception
2025-09-19 20:44:12,989 [8eb9963e-bce0-4155-aea2-e442cadff8bd@group-A751954341BD-LeaderElection117] INFO  impl.LeaderElection (LeaderElection.java:askForVotes(450)) - 8eb9963e-bce0-4155-aea2-e442cadff8bd@group-A751954341BD-LeaderElection117 PRE_VOTE round 0: result REJECTED
2025-09-19 20:44:12,989 [8eb9963e-bce0-4155-aea2-e442cadff8bd@group-A751954341BD-LeaderElection117] INFO  server.RaftServer$Division (RaftServerImpl.java:setRole(392)) - 8eb9963e-bce0-4155-aea2-e442cadff8bd@group-A751954341BD: changes role from CANDIDATE to FOLLOWER at term 1 for REJECTED
2025-09-19 20:44:12,989 [8eb9963e-bce0-4155-aea2-e442cadff8bd@group-A751954341BD-LeaderElection117] INFO  impl.RoleInfo (RoleInfo.java:shutdownLeaderElection(141)) - 8eb9963e-bce0-4155-aea2-e442cadff8bd: shutdown 8eb9963e-bce0-4155-aea2-e442cadff8bd@group-A751954341BD-LeaderElection117
2025-09-19 20:44:12,989 [8eb9963e-bce0-4155-aea2-e442cadff8bd@group-A751954341BD-LeaderElection117] INFO  impl.RoleInfo (RoleInfo.java:updateAndGet(148)) - 8eb9963e-bce0-4155-aea2-e442cadff8bd: start 8eb9963e-bce0-4155-aea2-e442cadff8bd@group-A751954341BD-FollowerState
2025-09-19 20:44:13,564 [8eb9963e-bce0-4155-aea2-e442cadff8bd@group-715EBF8096A7-FollowerState] INFO  impl.FollowerState (FollowerState.java:runImpl(161)) - 8eb9963e-bce0-4155-aea2-e442cadff8bd@group-715EBF8096A7-FollowerState: change to CANDIDATE, lastRpcElapsedTime:1150245826ns, electionTimeout:1150ms
2025-09-19 20:44:13,565 [8eb9963e-bce0-4155-aea2-e442cadff8bd@group-715EBF8096A7-FollowerState] INFO  impl.RoleInfo (RoleInfo.java:shutdownFollowerState(121)) - 8eb9963e-bce0-4155-aea2-e442cadff8bd: shutdown 8eb9963e-bce0-4155-aea2-e442cadff8bd@group-715EBF8096A7-FollowerState
2025-09-19 20:44:13,565 [8eb9963e-bce0-4155-aea2-e442cadff8bd@group-715EBF8096A7-FollowerState] INFO  server.RaftServer$Division (RaftServerImpl.java:setRole(392)) - 8eb9963e-bce0-4155-aea2-e442cadff8bd@group-715EBF8096A7: changes role from  FOLLOWER to CANDIDATE at term 2 for changeToCandidate
2025-09-19 20:44:13,565 [8eb9963e-bce0-4155-aea2-e442cadff8bd@group-715EBF8096A7-FollowerState] INFO  impl.RoleInfo (RoleInfo.java:updateAndGet(148)) - 8eb9963e-bce0-4155-aea2-e442cadff8bd: start 8eb9963e-bce0-4155-aea2-e442cadff8bd@group-715EBF8096A7-LeaderElection118
2025-09-19 20:44:13,565 [8eb9963e-bce0-4155-aea2-e442cadff8bd@group-715EBF8096A7-LeaderElection118] INFO  impl.LeaderElection (LeaderElection.java:askForVotes(448)) - 8eb9963e-bce0-4155-aea2-e442cadff8bd@group-715EBF8096A7-LeaderElection118 PRE_VOTE round 0: submit vote requests at term 2 for conf: {index: 5, cur=peers:[b5a25cc1-46d3-4381-a194-bd68f4526f1c|127.0.0.1:15031, 0df1231c-9f8a-4757-a7d0-f6d7f53bc482|127.0.0.1:15023, 8eb9963e-bce0-4155-aea2-e442cadff8bd|127.0.0.1:15015]|listeners:[], old=null}
2025-09-19 20:44:13,566 [8eb9963e-bce0-4155-aea2-e442cadff8bd@group-715EBF8096A7-LeaderElection118] INFO  impl.LeaderElection (LogUtils.java:infoOrTrace(142)) - 8eb9963e-bce0-4155-aea2-e442cadff8bd@group-715EBF8096A7-LeaderElection118 got exception when requesting votes: java.util.concurrent.ExecutionException: org.apache.ratis.thirdparty.io.grpc.StatusRuntimeException: UNAVAILABLE: io exception
2025-09-19 20:44:13,566 [8eb9963e-bce0-4155-aea2-e442cadff8bd@group-715EBF8096A7-LeaderElection118] INFO  impl.LeaderElection (LogUtils.java:infoOrTrace(142)) - 8eb9963e-bce0-4155-aea2-e442cadff8bd@group-715EBF8096A7-LeaderElection118 got exception when requesting votes: java.util.concurrent.ExecutionException: org.apache.ratis.thirdparty.io.grpc.StatusRuntimeException: UNAVAILABLE: io exception
2025-09-19 20:44:13,566 [8eb9963e-bce0-4155-aea2-e442cadff8bd@group-715EBF8096A7-LeaderElection118] INFO  impl.LeaderElection (LeaderElection.java:logAndReturn(206)) - 8eb9963e-bce0-4155-aea2-e442cadff8bd@group-715EBF8096A7-LeaderElection118: PRE_VOTE REJECTED received 0 response(s) and 2 exception(s):
2025-09-19 20:44:13,566 [8eb9963e-bce0-4155-aea2-e442cadff8bd@group-715EBF8096A7-LeaderElection118] INFO  impl.LeaderElection (LogUtils.java:infoOrTrace(142)) -   Exception 0: java.util.concurrent.ExecutionException: org.apache.ratis.thirdparty.io.grpc.StatusRuntimeException: UNAVAILABLE: io exception
2025-09-19 20:44:13,566 [8eb9963e-bce0-4155-aea2-e442cadff8bd@group-715EBF8096A7-LeaderElection118] INFO  impl.LeaderElection (LogUtils.java:infoOrTrace(142)) -   Exception 1: java.util.concurrent.ExecutionException: org.apache.ratis.thirdparty.io.grpc.StatusRuntimeException: UNAVAILABLE: io exception
2025-09-19 20:44:13,566 [8eb9963e-bce0-4155-aea2-e442cadff8bd@group-715EBF8096A7-LeaderElection118] INFO  impl.LeaderElection (LeaderElection.java:askForVotes(450)) - 8eb9963e-bce0-4155-aea2-e442cadff8bd@group-715EBF8096A7-LeaderElection118 PRE_VOTE round 0: result REJECTED
2025-09-19 20:44:13,566 [8eb9963e-bce0-4155-aea2-e442cadff8bd@group-715EBF8096A7-LeaderElection118] INFO  server.RaftServer$Division (RaftServerImpl.java:setRole(392)) - 8eb9963e-bce0-4155-aea2-e442cadff8bd@group-715EBF8096A7: changes role from CANDIDATE to FOLLOWER at term 2 for REJECTED
2025-09-19 20:44:13,566 [8eb9963e-bce0-4155-aea2-e442cadff8bd@group-715EBF8096A7-LeaderElection118] INFO  impl.RoleInfo (RoleInfo.java:shutdownLeaderElection(141)) - 8eb9963e-bce0-4155-aea2-e442cadff8bd: shutdown 8eb9963e-bce0-4155-aea2-e442cadff8bd@group-715EBF8096A7-LeaderElection118
2025-09-19 20:44:13,566 [8eb9963e-bce0-4155-aea2-e442cadff8bd@group-715EBF8096A7-LeaderElection118] INFO  impl.RoleInfo (RoleInfo.java:updateAndGet(148)) - 8eb9963e-bce0-4155-aea2-e442cadff8bd: start 8eb9963e-bce0-4155-aea2-e442cadff8bd@group-715EBF8096A7-FollowerState
2025-09-19 20:44:14,013 [8eb9963e-bce0-4155-aea2-e442cadff8bd@group-A751954341BD-FollowerState] INFO  impl.FollowerState (FollowerState.java:runImpl(161)) - 8eb9963e-bce0-4155-aea2-e442cadff8bd@group-A751954341BD-FollowerState: change to CANDIDATE, lastRpcElapsedTime:1023387051ns, electionTimeout:1023ms
2025-09-19 20:44:14,013 [8eb9963e-bce0-4155-aea2-e442cadff8bd@group-A751954341BD-FollowerState] INFO  impl.RoleInfo (RoleInfo.java:shutdownFollowerState(121)) - 8eb9963e-bce0-4155-aea2-e442cadff8bd: shutdown 8eb9963e-bce0-4155-aea2-e442cadff8bd@group-A751954341BD-FollowerState
2025-09-19 20:44:14,013 [8eb9963e-bce0-4155-aea2-e442cadff8bd@group-A751954341BD-FollowerState] INFO  server.RaftServer$Division (RaftServerImpl.java:setRole(392)) - 8eb9963e-bce0-4155-aea2-e442cadff8bd@group-A751954341BD: changes role from  FOLLOWER to CANDIDATE at term 1 for changeToCandidate
2025-09-19 20:44:14,013 [8eb9963e-bce0-4155-aea2-e442cadff8bd@group-A751954341BD-FollowerState] INFO  impl.RoleInfo (RoleInfo.java:updateAndGet(148)) - 8eb9963e-bce0-4155-aea2-e442cadff8bd: start 8eb9963e-bce0-4155-aea2-e442cadff8bd@group-A751954341BD-LeaderElection119
2025-09-19 20:44:14,013 [8eb9963e-bce0-4155-aea2-e442cadff8bd@group-A751954341BD-LeaderElection119] INFO  impl.LeaderElection (LeaderElection.java:askForVotes(448)) - 8eb9963e-bce0-4155-aea2-e442cadff8bd@group-A751954341BD-LeaderElection119 PRE_VOTE round 0: submit vote requests at term 1 for conf: {index: 0, cur=peers:[b5a25cc1-46d3-4381-a194-bd68f4526f1c|127.0.0.1:15031, 0df1231c-9f8a-4757-a7d0-f6d7f53bc482|127.0.0.1:15023, 8eb9963e-bce0-4155-aea2-e442cadff8bd|127.0.0.1:15015]|listeners:[], old=null}
2025-09-19 20:44:14,014 [8eb9963e-bce0-4155-aea2-e442cadff8bd@group-A751954341BD-LeaderElection119] INFO  impl.LeaderElection (LogUtils.java:infoOrTrace(142)) - 8eb9963e-bce0-4155-aea2-e442cadff8bd@group-A751954341BD-LeaderElection119 got exception when requesting votes: java.util.concurrent.ExecutionException: org.apache.ratis.thirdparty.io.grpc.StatusRuntimeException: UNAVAILABLE: io exception
2025-09-19 20:44:14,014 [8eb9963e-bce0-4155-aea2-e442cadff8bd@group-A751954341BD-LeaderElection119] INFO  impl.LeaderElection (LogUtils.java:infoOrTrace(142)) - 8eb9963e-bce0-4155-aea2-e442cadff8bd@group-A751954341BD-LeaderElection119 got exception when requesting votes: java.util.concurrent.ExecutionException: org.apache.ratis.thirdparty.io.grpc.StatusRuntimeException: UNAVAILABLE: io exception
2025-09-19 20:44:14,014 [8eb9963e-bce0-4155-aea2-e442cadff8bd@group-A751954341BD-LeaderElection119] INFO  impl.LeaderElection (LeaderElection.java:logAndReturn(206)) - 8eb9963e-bce0-4155-aea2-e442cadff8bd@group-A751954341BD-LeaderElection119: PRE_VOTE REJECTED received 0 response(s) and 2 exception(s):
2025-09-19 20:44:14,014 [8eb9963e-bce0-4155-aea2-e442cadff8bd@group-A751954341BD-LeaderElection119] INFO  impl.LeaderElection (LogUtils.java:infoOrTrace(142)) -   Exception 0: java.util.concurrent.ExecutionException: org.apache.ratis.thirdparty.io.grpc.StatusRuntimeException: UNAVAILABLE: io exception
2025-09-19 20:44:14,014 [8eb9963e-bce0-4155-aea2-e442cadff8bd@group-A751954341BD-LeaderElection119] INFO  impl.LeaderElection (LogUtils.java:infoOrTrace(142)) -   Exception 1: java.util.concurrent.ExecutionException: org.apache.ratis.thirdparty.io.grpc.StatusRuntimeException: UNAVAILABLE: io exception
2025-09-19 20:44:14,014 [8eb9963e-bce0-4155-aea2-e442cadff8bd@group-A751954341BD-LeaderElection119] INFO  impl.LeaderElection (LeaderElection.java:askForVotes(450)) - 8eb9963e-bce0-4155-aea2-e442cadff8bd@group-A751954341BD-LeaderElection119 PRE_VOTE round 0: result REJECTED
2025-09-19 20:44:14,014 [8eb9963e-bce0-4155-aea2-e442cadff8bd@group-A751954341BD-LeaderElection119] INFO  server.RaftServer$Division (RaftServerImpl.java:setRole(392)) - 8eb9963e-bce0-4155-aea2-e442cadff8bd@group-A751954341BD: changes role from CANDIDATE to FOLLOWER at term 1 for REJECTED
2025-09-19 20:44:14,014 [8eb9963e-bce0-4155-aea2-e442cadff8bd@group-A751954341BD-LeaderElection119] INFO  impl.RoleInfo (RoleInfo.java:shutdownLeaderElection(141)) - 8eb9963e-bce0-4155-aea2-e442cadff8bd: shutdown 8eb9963e-bce0-4155-aea2-e442cadff8bd@group-A751954341BD-LeaderElection119
2025-09-19 20:44:14,014 [8eb9963e-bce0-4155-aea2-e442cadff8bd@group-A751954341BD-LeaderElection119] INFO  impl.RoleInfo (RoleInfo.java:updateAndGet(148)) - 8eb9963e-bce0-4155-aea2-e442cadff8bd: start 8eb9963e-bce0-4155-aea2-e442cadff8bd@group-A751954341BD-FollowerState
2025-09-19 20:44:14,587 [8eb9963e-bce0-4155-aea2-e442cadff8bd@group-715EBF8096A7-FollowerState] INFO  impl.FollowerState (FollowerState.java:runImpl(161)) - 8eb9963e-bce0-4155-aea2-e442cadff8bd@group-715EBF8096A7-FollowerState: change to CANDIDATE, lastRpcElapsedTime:1021260812ns, electionTimeout:1021ms
2025-09-19 20:44:14,587 [8eb9963e-bce0-4155-aea2-e442cadff8bd@group-715EBF8096A7-FollowerState] INFO  impl.RoleInfo (RoleInfo.java:shutdownFollowerState(121)) - 8eb9963e-bce0-4155-aea2-e442cadff8bd: shutdown 8eb9963e-bce0-4155-aea2-e442cadff8bd@group-715EBF8096A7-FollowerState
2025-09-19 20:44:14,587 [8eb9963e-bce0-4155-aea2-e442cadff8bd@group-715EBF8096A7-FollowerState] INFO  server.RaftServer$Division (RaftServerImpl.java:setRole(392)) - 8eb9963e-bce0-4155-aea2-e442cadff8bd@group-715EBF8096A7: changes role from  FOLLOWER to CANDIDATE at term 2 for changeToCandidate
2025-09-19 20:44:14,587 [8eb9963e-bce0-4155-aea2-e442cadff8bd@group-715EBF8096A7-FollowerState] INFO  impl.RoleInfo (RoleInfo.java:updateAndGet(148)) - 8eb9963e-bce0-4155-aea2-e442cadff8bd: start 8eb9963e-bce0-4155-aea2-e442cadff8bd@group-715EBF8096A7-LeaderElection120
2025-09-19 20:44:14,588 [8eb9963e-bce0-4155-aea2-e442cadff8bd@group-715EBF8096A7-LeaderElection120] INFO  impl.LeaderElection (LeaderElection.java:askForVotes(448)) - 8eb9963e-bce0-4155-aea2-e442cadff8bd@group-715EBF8096A7-LeaderElection120 PRE_VOTE round 0: submit vote requests at term 2 for conf: {index: 5, cur=peers:[b5a25cc1-46d3-4381-a194-bd68f4526f1c|127.0.0.1:15031, 0df1231c-9f8a-4757-a7d0-f6d7f53bc482|127.0.0.1:15023, 8eb9963e-bce0-4155-aea2-e442cadff8bd|127.0.0.1:15015]|listeners:[], old=null}
2025-09-19 20:44:14,588 [8eb9963e-bce0-4155-aea2-e442cadff8bd@group-715EBF8096A7-LeaderElection120] INFO  impl.LeaderElection (LogUtils.java:infoOrTrace(142)) - 8eb9963e-bce0-4155-aea2-e442cadff8bd@group-715EBF8096A7-LeaderElection120 got exception when requesting votes: java.util.concurrent.ExecutionException: org.apache.ratis.thirdparty.io.grpc.StatusRuntimeException: UNAVAILABLE: io exception
2025-09-19 20:44:14,588 [8eb9963e-bce0-4155-aea2-e442cadff8bd@group-715EBF8096A7-LeaderElection120] INFO  impl.LeaderElection (LogUtils.java:infoOrTrace(142)) - 8eb9963e-bce0-4155-aea2-e442cadff8bd@group-715EBF8096A7-LeaderElection120 got exception when requesting votes: java.util.concurrent.ExecutionException: org.apache.ratis.thirdparty.io.grpc.StatusRuntimeException: UNAVAILABLE: io exception
2025-09-19 20:44:14,588 [8eb9963e-bce0-4155-aea2-e442cadff8bd@group-715EBF8096A7-LeaderElection120] INFO  impl.LeaderElection (LeaderElection.java:logAndReturn(206)) - 8eb9963e-bce0-4155-aea2-e442cadff8bd@group-715EBF8096A7-LeaderElection120: PRE_VOTE REJECTED received 0 response(s) and 2 exception(s):
2025-09-19 20:44:14,588 [8eb9963e-bce0-4155-aea2-e442cadff8bd@group-715EBF8096A7-LeaderElection120] INFO  impl.LeaderElection (LogUtils.java:infoOrTrace(142)) -   Exception 0: java.util.concurrent.ExecutionException: org.apache.ratis.thirdparty.io.grpc.StatusRuntimeException: UNAVAILABLE: io exception
2025-09-19 20:44:14,588 [8eb9963e-bce0-4155-aea2-e442cadff8bd@group-715EBF8096A7-LeaderElection120] INFO  impl.LeaderElection (LogUtils.java:infoOrTrace(142)) -   Exception 1: java.util.concurrent.ExecutionException: org.apache.ratis.thirdparty.io.grpc.StatusRuntimeException: UNAVAILABLE: io exception
2025-09-19 20:44:14,589 [8eb9963e-bce0-4155-aea2-e442cadff8bd@group-715EBF8096A7-LeaderElection120] INFO  impl.LeaderElection (LeaderElection.java:askForVotes(450)) - 8eb9963e-bce0-4155-aea2-e442cadff8bd@group-715EBF8096A7-LeaderElection120 PRE_VOTE round 0: result REJECTED
2025-09-19 20:44:14,589 [8eb9963e-bce0-4155-aea2-e442cadff8bd@group-715EBF8096A7-LeaderElection120] INFO  server.RaftServer$Division (RaftServerImpl.java:setRole(392)) - 8eb9963e-bce0-4155-aea2-e442cadff8bd@group-715EBF8096A7: changes role from CANDIDATE to FOLLOWER at term 2 for REJECTED
2025-09-19 20:44:14,589 [8eb9963e-bce0-4155-aea2-e442cadff8bd@group-715EBF8096A7-LeaderElection120] INFO  impl.RoleInfo (RoleInfo.java:shutdownLeaderElection(141)) - 8eb9963e-bce0-4155-aea2-e442cadff8bd: shutdown 8eb9963e-bce0-4155-aea2-e442cadff8bd@group-715EBF8096A7-LeaderElection120
2025-09-19 20:44:14,589 [8eb9963e-bce0-4155-aea2-e442cadff8bd@group-715EBF8096A7-LeaderElection120] INFO  impl.RoleInfo (RoleInfo.java:updateAndGet(148)) - 8eb9963e-bce0-4155-aea2-e442cadff8bd: start 8eb9963e-bce0-4155-aea2-e442cadff8bd@group-715EBF8096A7-FollowerState
2025-09-19 20:44:15,109 [8eb9963e-bce0-4155-aea2-e442cadff8bd@group-A751954341BD-FollowerState] INFO  impl.FollowerState (FollowerState.java:runImpl(161)) - 8eb9963e-bce0-4155-aea2-e442cadff8bd@group-A751954341BD-FollowerState: change to CANDIDATE, lastRpcElapsedTime:1094280633ns, electionTimeout:1094ms
2025-09-19 20:44:15,109 [8eb9963e-bce0-4155-aea2-e442cadff8bd@group-A751954341BD-FollowerState] INFO  impl.RoleInfo (RoleInfo.java:shutdownFollowerState(121)) - 8eb9963e-bce0-4155-aea2-e442cadff8bd: shutdown 8eb9963e-bce0-4155-aea2-e442cadff8bd@group-A751954341BD-FollowerState
2025-09-19 20:44:15,109 [8eb9963e-bce0-4155-aea2-e442cadff8bd@group-A751954341BD-FollowerState] INFO  server.RaftServer$Division (RaftServerImpl.java:setRole(392)) - 8eb9963e-bce0-4155-aea2-e442cadff8bd@group-A751954341BD: changes role from  FOLLOWER to CANDIDATE at term 1 for changeToCandidate
2025-09-19 20:44:15,109 [8eb9963e-bce0-4155-aea2-e442cadff8bd@group-A751954341BD-FollowerState] INFO  impl.RoleInfo (RoleInfo.java:updateAndGet(148)) - 8eb9963e-bce0-4155-aea2-e442cadff8bd: start 8eb9963e-bce0-4155-aea2-e442cadff8bd@group-A751954341BD-LeaderElection121
2025-09-19 20:44:15,109 [8eb9963e-bce0-4155-aea2-e442cadff8bd@group-A751954341BD-LeaderElection121] INFO  impl.LeaderElection (LeaderElection.java:askForVotes(448)) - 8eb9963e-bce0-4155-aea2-e442cadff8bd@group-A751954341BD-LeaderElection121 PRE_VOTE round 0: submit vote requests at term 1 for conf: {index: 0, cur=peers:[b5a25cc1-46d3-4381-a194-bd68f4526f1c|127.0.0.1:15031, 0df1231c-9f8a-4757-a7d0-f6d7f53bc482|127.0.0.1:15023, 8eb9963e-bce0-4155-aea2-e442cadff8bd|127.0.0.1:15015]|listeners:[], old=null}
2025-09-19 20:44:15,110 [8eb9963e-bce0-4155-aea2-e442cadff8bd@group-A751954341BD-LeaderElection121] INFO  impl.LeaderElection (LogUtils.java:infoOrTrace(142)) - 8eb9963e-bce0-4155-aea2-e442cadff8bd@group-A751954341BD-LeaderElection121 got exception when requesting votes: java.util.concurrent.ExecutionException: org.apache.ratis.thirdparty.io.grpc.StatusRuntimeException: UNAVAILABLE: io exception
2025-09-19 20:44:15,110 [8eb9963e-bce0-4155-aea2-e442cadff8bd@group-A751954341BD-LeaderElection121] INFO  impl.LeaderElection (LogUtils.java:infoOrTrace(142)) - 8eb9963e-bce0-4155-aea2-e442cadff8bd@group-A751954341BD-LeaderElection121 got exception when requesting votes: java.util.concurrent.ExecutionException: org.apache.ratis.thirdparty.io.grpc.StatusRuntimeException: UNAVAILABLE: io exception
2025-09-19 20:44:15,110 [8eb9963e-bce0-4155-aea2-e442cadff8bd@group-A751954341BD-LeaderElection121] INFO  impl.LeaderElection (LeaderElection.java:logAndReturn(206)) - 8eb9963e-bce0-4155-aea2-e442cadff8bd@group-A751954341BD-LeaderElection121: PRE_VOTE REJECTED received 0 response(s) and 2 exception(s):
2025-09-19 20:44:15,110 [8eb9963e-bce0-4155-aea2-e442cadff8bd@group-A751954341BD-LeaderElection121] INFO  impl.LeaderElection (LogUtils.java:infoOrTrace(142)) -   Exception 0: java.util.concurrent.ExecutionException: org.apache.ratis.thirdparty.io.grpc.StatusRuntimeException: UNAVAILABLE: io exception
2025-09-19 20:44:15,110 [8eb9963e-bce0-4155-aea2-e442cadff8bd@group-A751954341BD-LeaderElection121] INFO  impl.LeaderElection (LogUtils.java:infoOrTrace(142)) -   Exception 1: java.util.concurrent.ExecutionException: org.apache.ratis.thirdparty.io.grpc.StatusRuntimeException: UNAVAILABLE: io exception
2025-09-19 20:44:15,110 [8eb9963e-bce0-4155-aea2-e442cadff8bd@group-A751954341BD-LeaderElection121] INFO  impl.LeaderElection (LeaderElection.java:askForVotes(450)) - 8eb9963e-bce0-4155-aea2-e442cadff8bd@group-A751954341BD-LeaderElection121 PRE_VOTE round 0: result REJECTED
2025-09-19 20:44:15,110 [8eb9963e-bce0-4155-aea2-e442cadff8bd@group-A751954341BD-LeaderElection121] INFO  server.RaftServer$Division (RaftServerImpl.java:setRole(392)) - 8eb9963e-bce0-4155-aea2-e442cadff8bd@group-A751954341BD: changes role from CANDIDATE to FOLLOWER at term 1 for REJECTED
2025-09-19 20:44:15,110 [8eb9963e-bce0-4155-aea2-e442cadff8bd@group-A751954341BD-LeaderElection121] INFO  impl.RoleInfo (RoleInfo.java:shutdownLeaderElection(141)) - 8eb9963e-bce0-4155-aea2-e442cadff8bd: shutdown 8eb9963e-bce0-4155-aea2-e442cadff8bd@group-A751954341BD-LeaderElection121
2025-09-19 20:44:15,110 [8eb9963e-bce0-4155-aea2-e442cadff8bd@group-A751954341BD-LeaderElection121] INFO  impl.RoleInfo (RoleInfo.java:updateAndGet(148)) - 8eb9963e-bce0-4155-aea2-e442cadff8bd: start 8eb9963e-bce0-4155-aea2-e442cadff8bd@group-A751954341BD-FollowerState
2025-09-19 20:44:15,690 [8eb9963e-bce0-4155-aea2-e442cadff8bd@group-715EBF8096A7-FollowerState] INFO  impl.FollowerState (FollowerState.java:runImpl(161)) - 8eb9963e-bce0-4155-aea2-e442cadff8bd@group-715EBF8096A7-FollowerState: change to CANDIDATE, lastRpcElapsedTime:1101360209ns, electionTimeout:1101ms
2025-09-19 20:44:15,690 [8eb9963e-bce0-4155-aea2-e442cadff8bd@group-715EBF8096A7-FollowerState] INFO  impl.RoleInfo (RoleInfo.java:shutdownFollowerState(121)) - 8eb9963e-bce0-4155-aea2-e442cadff8bd: shutdown 8eb9963e-bce0-4155-aea2-e442cadff8bd@group-715EBF8096A7-FollowerState
2025-09-19 20:44:15,690 [8eb9963e-bce0-4155-aea2-e442cadff8bd@group-715EBF8096A7-FollowerState] INFO  server.RaftServer$Division (RaftServerImpl.java:setRole(392)) - 8eb9963e-bce0-4155-aea2-e442cadff8bd@group-715EBF8096A7: changes role from  FOLLOWER to CANDIDATE at term 2 for changeToCandidate
2025-09-19 20:44:15,690 [8eb9963e-bce0-4155-aea2-e442cadff8bd@group-715EBF8096A7-FollowerState] INFO  impl.RoleInfo (RoleInfo.java:updateAndGet(148)) - 8eb9963e-bce0-4155-aea2-e442cadff8bd: start 8eb9963e-bce0-4155-aea2-e442cadff8bd@group-715EBF8096A7-LeaderElection122
2025-09-19 20:44:15,691 [8eb9963e-bce0-4155-aea2-e442cadff8bd@group-715EBF8096A7-LeaderElection122] INFO  impl.LeaderElection (LeaderElection.java:askForVotes(448)) - 8eb9963e-bce0-4155-aea2-e442cadff8bd@group-715EBF8096A7-LeaderElection122 PRE_VOTE round 0: submit vote requests at term 2 for conf: {index: 5, cur=peers:[b5a25cc1-46d3-4381-a194-bd68f4526f1c|127.0.0.1:15031, 0df1231c-9f8a-4757-a7d0-f6d7f53bc482|127.0.0.1:15023, 8eb9963e-bce0-4155-aea2-e442cadff8bd|127.0.0.1:15015]|listeners:[], old=null}
2025-09-19 20:44:15,691 [8eb9963e-bce0-4155-aea2-e442cadff8bd@group-715EBF8096A7-LeaderElection122] INFO  impl.LeaderElection (LogUtils.java:infoOrTrace(142)) - 8eb9963e-bce0-4155-aea2-e442cadff8bd@group-715EBF8096A7-LeaderElection122 got exception when requesting votes: java.util.concurrent.ExecutionException: org.apache.ratis.thirdparty.io.grpc.StatusRuntimeException: UNAVAILABLE: io exception
2025-09-19 20:44:15,691 [8eb9963e-bce0-4155-aea2-e442cadff8bd@group-715EBF8096A7-LeaderElection122] INFO  impl.LeaderElection (LogUtils.java:infoOrTrace(142)) - 8eb9963e-bce0-4155-aea2-e442cadff8bd@group-715EBF8096A7-LeaderElection122 got exception when requesting votes: java.util.concurrent.ExecutionException: org.apache.ratis.thirdparty.io.grpc.StatusRuntimeException: UNAVAILABLE: io exception
2025-09-19 20:44:15,691 [8eb9963e-bce0-4155-aea2-e442cadff8bd@group-715EBF8096A7-LeaderElection122] INFO  impl.LeaderElection (LeaderElection.java:logAndReturn(206)) - 8eb9963e-bce0-4155-aea2-e442cadff8bd@group-715EBF8096A7-LeaderElection122: PRE_VOTE REJECTED received 0 response(s) and 2 exception(s):
2025-09-19 20:44:15,691 [8eb9963e-bce0-4155-aea2-e442cadff8bd@group-715EBF8096A7-LeaderElection122] INFO  impl.LeaderElection (LogUtils.java:infoOrTrace(142)) -   Exception 0: java.util.concurrent.ExecutionException: org.apache.ratis.thirdparty.io.grpc.StatusRuntimeException: UNAVAILABLE: io exception
2025-09-19 20:44:15,691 [8eb9963e-bce0-4155-aea2-e442cadff8bd@group-715EBF8096A7-LeaderElection122] INFO  impl.LeaderElection (LogUtils.java:infoOrTrace(142)) -   Exception 1: java.util.concurrent.ExecutionException: org.apache.ratis.thirdparty.io.grpc.StatusRuntimeException: UNAVAILABLE: io exception
2025-09-19 20:44:15,691 [8eb9963e-bce0-4155-aea2-e442cadff8bd@group-715EBF8096A7-LeaderElection122] INFO  impl.LeaderElection (LeaderElection.java:askForVotes(450)) - 8eb9963e-bce0-4155-aea2-e442cadff8bd@group-715EBF8096A7-LeaderElection122 PRE_VOTE round 0: result REJECTED
2025-09-19 20:44:15,691 [8eb9963e-bce0-4155-aea2-e442cadff8bd@group-715EBF8096A7-LeaderElection122] INFO  server.RaftServer$Division (RaftServerImpl.java:setRole(392)) - 8eb9963e-bce0-4155-aea2-e442cadff8bd@group-715EBF8096A7: changes role from CANDIDATE to FOLLOWER at term 2 for REJECTED
2025-09-19 20:44:15,691 [8eb9963e-bce0-4155-aea2-e442cadff8bd@group-715EBF8096A7-LeaderElection122] INFO  impl.RoleInfo (RoleInfo.java:shutdownLeaderElection(141)) - 8eb9963e-bce0-4155-aea2-e442cadff8bd: shutdown 8eb9963e-bce0-4155-aea2-e442cadff8bd@group-715EBF8096A7-LeaderElection122
2025-09-19 20:44:15,692 [8eb9963e-bce0-4155-aea2-e442cadff8bd@group-715EBF8096A7-LeaderElection122] INFO  impl.RoleInfo (RoleInfo.java:updateAndGet(148)) - 8eb9963e-bce0-4155-aea2-e442cadff8bd: start 8eb9963e-bce0-4155-aea2-e442cadff8bd@group-715EBF8096A7-FollowerState
2025-09-19 20:44:16,308 [8eb9963e-bce0-4155-aea2-e442cadff8bd@group-A751954341BD-FollowerState] INFO  impl.FollowerState (FollowerState.java:runImpl(161)) - 8eb9963e-bce0-4155-aea2-e442cadff8bd@group-A751954341BD-FollowerState: change to CANDIDATE, lastRpcElapsedTime:1198266782ns, electionTimeout:1198ms
2025-09-19 20:44:16,308 [8eb9963e-bce0-4155-aea2-e442cadff8bd@group-A751954341BD-FollowerState] INFO  impl.RoleInfo (RoleInfo.java:shutdownFollowerState(121)) - 8eb9963e-bce0-4155-aea2-e442cadff8bd: shutdown 8eb9963e-bce0-4155-aea2-e442cadff8bd@group-A751954341BD-FollowerState
2025-09-19 20:44:16,309 [8eb9963e-bce0-4155-aea2-e442cadff8bd@group-A751954341BD-FollowerState] INFO  server.RaftServer$Division (RaftServerImpl.java:setRole(392)) - 8eb9963e-bce0-4155-aea2-e442cadff8bd@group-A751954341BD: changes role from  FOLLOWER to CANDIDATE at term 1 for changeToCandidate
2025-09-19 20:44:16,309 [8eb9963e-bce0-4155-aea2-e442cadff8bd@group-A751954341BD-FollowerState] INFO  impl.RoleInfo (RoleInfo.java:updateAndGet(148)) - 8eb9963e-bce0-4155-aea2-e442cadff8bd: start 8eb9963e-bce0-4155-aea2-e442cadff8bd@group-A751954341BD-LeaderElection123
2025-09-19 20:44:16,309 [8eb9963e-bce0-4155-aea2-e442cadff8bd@group-A751954341BD-LeaderElection123] INFO  impl.LeaderElection (LeaderElection.java:askForVotes(448)) - 8eb9963e-bce0-4155-aea2-e442cadff8bd@group-A751954341BD-LeaderElection123 PRE_VOTE round 0: submit vote requests at term 1 for conf: {index: 0, cur=peers:[b5a25cc1-46d3-4381-a194-bd68f4526f1c|127.0.0.1:15031, 0df1231c-9f8a-4757-a7d0-f6d7f53bc482|127.0.0.1:15023, 8eb9963e-bce0-4155-aea2-e442cadff8bd|127.0.0.1:15015]|listeners:[], old=null}
2025-09-19 20:44:16,309 [8eb9963e-bce0-4155-aea2-e442cadff8bd@group-A751954341BD-LeaderElection123] INFO  impl.LeaderElection (LogUtils.java:infoOrTrace(142)) - 8eb9963e-bce0-4155-aea2-e442cadff8bd@group-A751954341BD-LeaderElection123 got exception when requesting votes: java.util.concurrent.ExecutionException: org.apache.ratis.thirdparty.io.grpc.StatusRuntimeException: UNAVAILABLE: io exception
2025-09-19 20:44:16,310 [8eb9963e-bce0-4155-aea2-e442cadff8bd@group-A751954341BD-LeaderElection123] INFO  impl.LeaderElection (LogUtils.java:infoOrTrace(142)) - 8eb9963e-bce0-4155-aea2-e442cadff8bd@group-A751954341BD-LeaderElection123 got exception when requesting votes: java.util.concurrent.ExecutionException: org.apache.ratis.thirdparty.io.grpc.StatusRuntimeException: UNAVAILABLE: io exception
2025-09-19 20:44:16,310 [8eb9963e-bce0-4155-aea2-e442cadff8bd@group-A751954341BD-LeaderElection123] INFO  impl.LeaderElection (LeaderElection.java:logAndReturn(206)) - 8eb9963e-bce0-4155-aea2-e442cadff8bd@group-A751954341BD-LeaderElection123: PRE_VOTE REJECTED received 0 response(s) and 2 exception(s):
2025-09-19 20:44:16,310 [8eb9963e-bce0-4155-aea2-e442cadff8bd@group-A751954341BD-LeaderElection123] INFO  impl.LeaderElection (LogUtils.java:infoOrTrace(142)) -   Exception 0: java.util.concurrent.ExecutionException: org.apache.ratis.thirdparty.io.grpc.StatusRuntimeException: UNAVAILABLE: io exception
2025-09-19 20:44:16,310 [8eb9963e-bce0-4155-aea2-e442cadff8bd@group-A751954341BD-LeaderElection123] INFO  impl.LeaderElection (LogUtils.java:infoOrTrace(142)) -   Exception 1: java.util.concurrent.ExecutionException: org.apache.ratis.thirdparty.io.grpc.StatusRuntimeException: UNAVAILABLE: io exception
2025-09-19 20:44:16,310 [8eb9963e-bce0-4155-aea2-e442cadff8bd@group-A751954341BD-LeaderElection123] INFO  impl.LeaderElection (LeaderElection.java:askForVotes(450)) - 8eb9963e-bce0-4155-aea2-e442cadff8bd@group-A751954341BD-LeaderElection123 PRE_VOTE round 0: result REJECTED
2025-09-19 20:44:16,310 [8eb9963e-bce0-4155-aea2-e442cadff8bd@group-A751954341BD-LeaderElection123] INFO  server.RaftServer$Division (RaftServerImpl.java:setRole(392)) - 8eb9963e-bce0-4155-aea2-e442cadff8bd@group-A751954341BD: changes role from CANDIDATE to FOLLOWER at term 1 for REJECTED
2025-09-19 20:44:16,310 [8eb9963e-bce0-4155-aea2-e442cadff8bd@group-A751954341BD-LeaderElection123] INFO  impl.RoleInfo (RoleInfo.java:shutdownLeaderElection(141)) - 8eb9963e-bce0-4155-aea2-e442cadff8bd: shutdown 8eb9963e-bce0-4155-aea2-e442cadff8bd@group-A751954341BD-LeaderElection123
2025-09-19 20:44:16,310 [8eb9963e-bce0-4155-aea2-e442cadff8bd@group-A751954341BD-LeaderElection123] INFO  impl.RoleInfo (RoleInfo.java:updateAndGet(148)) - 8eb9963e-bce0-4155-aea2-e442cadff8bd: start 8eb9963e-bce0-4155-aea2-e442cadff8bd@group-A751954341BD-FollowerState
2025-09-19 20:44:16,368 [grpc-default-executor-2] ERROR impl.OrderedAsync (OrderedAsync.java:lambda$null$6(215)) -  client-6FE78725B677: Failed* RaftClientRequest:client-6FE78725B677->b5a25cc1-46d3-4381-a194-bd68f4526f1c@group-A751954341BD, cid=20, seq=1*, Watch(0), null
java.util.concurrent.CompletionException: java.io.IOException: org.apache.ratis.thirdparty.io.grpc.StatusRuntimeException: UNAVAILABLE: io exception
	at java.base/java.util.concurrent.CompletableFuture.encodeThrowable(CompletableFuture.java:332)
	at java.base/java.util.concurrent.CompletableFuture.completeThrowable(CompletableFuture.java:347)
	at java.base/java.util.concurrent.CompletableFuture$UniAccept.tryFire(CompletableFuture.java:708)
	at java.base/java.util.concurrent.CompletableFuture.postComplete(CompletableFuture.java:510)
	at java.base/java.util.concurrent.CompletableFuture.completeExceptionally(CompletableFuture.java:2194)
	at org.apache.ratis.grpc.client.GrpcClientProtocolClient$AsyncStreamObservers.completeReplyExceptionally(GrpcClientProtocolClient.java:397)
	at org.apache.ratis.grpc.client.GrpcClientProtocolClient$AsyncStreamObservers.access$000(GrpcClientProtocolClient.java:303)
	at org.apache.ratis.grpc.client.GrpcClientProtocolClient$AsyncStreamObservers$1.onError(GrpcClientProtocolClient.java:334)
	at org.apache.ratis.thirdparty.io.grpc.stub.ClientCalls$StreamObserverToCallListenerAdapter.onClose(ClientCalls.java:564)
	at org.apache.ratis.thirdparty.io.grpc.PartialForwardingClientCallListener.onClose(PartialForwardingClientCallListener.java:39)
	at org.apache.ratis.thirdparty.io.grpc.ForwardingClientCallListener.onClose(ForwardingClientCallListener.java:23)
	at org.apache.ratis.grpc.metrics.intercept.client.MetricClientCallListener.onClose(MetricClientCallListener.java:47)
	at org.apache.ratis.thirdparty.io.grpc.internal.ClientCallImpl.closeObserver(ClientCallImpl.java:565)
	at org.apache.ratis.thirdparty.io.grpc.internal.ClientCallImpl.access$100(ClientCallImpl.java:72)
	at org.apache.ratis.thirdparty.io.grpc.internal.ClientCallImpl$ClientStreamListenerImpl$1StreamClosed.runInternal(ClientCallImpl.java:733)
	at org.apache.ratis.thirdparty.io.grpc.internal.ClientCallImpl$ClientStreamListenerImpl$1StreamClosed.runInContext(ClientCallImpl.java:714)
	at org.apache.ratis.thirdparty.io.grpc.internal.ContextRunnable.run(ContextRunnable.java:37)
	at org.apache.ratis.thirdparty.io.grpc.internal.SerializingExecutor.run(SerializingExecutor.java:133)
	at java.base/java.util.concurrent.ThreadPoolExecutor.runWorker(ThreadPoolExecutor.java:1144)
	at java.base/java.util.concurrent.ThreadPoolExecutor$Worker.run(ThreadPoolExecutor.java:642)
	at java.base/java.lang.Thread.run(Thread.java:1583)
Caused by: java.io.IOException: org.apache.ratis.thirdparty.io.grpc.StatusRuntimeException: UNAVAILABLE: io exception
	at org.apache.ratis.grpc.GrpcUtil.unwrapException(GrpcUtil.java:99)
	at org.apache.ratis.grpc.GrpcUtil.unwrapIOException(GrpcUtil.java:159)
	at org.apache.ratis.grpc.client.GrpcClientProtocolClient$AsyncStreamObservers$1.onError(GrpcClientProtocolClient.java:333)
	... 13 more
Caused by: org.apache.ratis.thirdparty.io.grpc.StatusRuntimeException: UNAVAILABLE: io exception
	at org.apache.ratis.thirdparty.io.grpc.Status.asRuntimeException(Status.java:532)
	... 13 more
Caused by: org.apache.ratis.thirdparty.io.netty.channel.AbstractChannel$AnnotatedConnectException: finishConnect(..) failed: Connection refused: /127.0.0.1:15029
Caused by: java.net.ConnectException: finishConnect(..) failed: Connection refused
	at org.apache.ratis.thirdparty.io.netty.channel.unix.Errors.newConnectException0(Errors.java:166)
	at org.apache.ratis.thirdparty.io.netty.channel.unix.Errors.handleConnectErrno(Errors.java:131)
	at org.apache.ratis.thirdparty.io.netty.channel.unix.Socket.finishConnect(Socket.java:359)
	at org.apache.ratis.thirdparty.io.netty.channel.epoll.AbstractEpollChannel$AbstractEpollUnsafe.doFinishConnect(AbstractEpollChannel.java:715)
	at org.apache.ratis.thirdparty.io.netty.channel.epoll.AbstractEpollChannel$AbstractEpollUnsafe.finishConnect(AbstractEpollChannel.java:692)
	at org.apache.ratis.thirdparty.io.netty.channel.epoll.AbstractEpollChannel$AbstractEpollUnsafe.epollOutReady(AbstractEpollChannel.java:567)
	at org.apache.ratis.thirdparty.io.netty.channel.epoll.EpollEventLoop.processReady(EpollEventLoop.java:491)
	at org.apache.ratis.thirdparty.io.netty.channel.epoll.EpollEventLoop.run(EpollEventLoop.java:399)
	at org.apache.ratis.thirdparty.io.netty.util.concurrent.SingleThreadEventExecutor$4.run(SingleThreadEventExecutor.java:998)
	at org.apache.ratis.thirdparty.io.netty.util.internal.ThreadExecutorMap$2.run(ThreadExecutorMap.java:74)
	at org.apache.ratis.thirdparty.io.netty.util.concurrent.FastThreadLocalRunnable.run(FastThreadLocalRunnable.java:30)
	at java.base/java.lang.Thread.run(Thread.java:1583)
2025-09-19 20:44:16,726 [8eb9963e-bce0-4155-aea2-e442cadff8bd@group-715EBF8096A7-FollowerState] INFO  impl.FollowerState (FollowerState.java:runImpl(161)) - 8eb9963e-bce0-4155-aea2-e442cadff8bd@group-715EBF8096A7-FollowerState: change to CANDIDATE, lastRpcElapsedTime:1034255809ns, electionTimeout:1034ms
2025-09-19 20:44:16,726 [8eb9963e-bce0-4155-aea2-e442cadff8bd@group-715EBF8096A7-FollowerState] INFO  impl.RoleInfo (RoleInfo.java:shutdownFollowerState(121)) - 8eb9963e-bce0-4155-aea2-e442cadff8bd: shutdown 8eb9963e-bce0-4155-aea2-e442cadff8bd@group-715EBF8096A7-FollowerState
2025-09-19 20:44:16,726 [8eb9963e-bce0-4155-aea2-e442cadff8bd@group-715EBF8096A7-FollowerState] INFO  server.RaftServer$Division (RaftServerImpl.java:setRole(392)) - 8eb9963e-bce0-4155-aea2-e442cadff8bd@group-715EBF8096A7: changes role from  FOLLOWER to CANDIDATE at term 2 for changeToCandidate
2025-09-19 20:44:16,726 [8eb9963e-bce0-4155-aea2-e442cadff8bd@group-715EBF8096A7-FollowerState] INFO  impl.RoleInfo (RoleInfo.java:updateAndGet(148)) - 8eb9963e-bce0-4155-aea2-e442cadff8bd: start 8eb9963e-bce0-4155-aea2-e442cadff8bd@group-715EBF8096A7-LeaderElection124
2025-09-19 20:44:16,726 [8eb9963e-bce0-4155-aea2-e442cadff8bd@group-715EBF8096A7-LeaderElection124] INFO  impl.LeaderElection (LeaderElection.java:askForVotes(448)) - 8eb9963e-bce0-4155-aea2-e442cadff8bd@group-715EBF8096A7-LeaderElection124 PRE_VOTE round 0: submit vote requests at term 2 for conf: {index: 5, cur=peers:[b5a25cc1-46d3-4381-a194-bd68f4526f1c|127.0.0.1:15031, 0df1231c-9f8a-4757-a7d0-f6d7f53bc482|127.0.0.1:15023, 8eb9963e-bce0-4155-aea2-e442cadff8bd|127.0.0.1:15015]|listeners:[], old=null}
2025-09-19 20:44:16,727 [8eb9963e-bce0-4155-aea2-e442cadff8bd@group-715EBF8096A7-LeaderElection124] INFO  impl.LeaderElection (LogUtils.java:infoOrTrace(142)) - 8eb9963e-bce0-4155-aea2-e442cadff8bd@group-715EBF8096A7-LeaderElection124 got exception when requesting votes: java.util.concurrent.ExecutionException: org.apache.ratis.thirdparty.io.grpc.StatusRuntimeException: UNAVAILABLE: io exception
2025-09-19 20:44:16,727 [8eb9963e-bce0-4155-aea2-e442cadff8bd@group-715EBF8096A7-LeaderElection124] INFO  impl.LeaderElection (LogUtils.java:infoOrTrace(142)) - 8eb9963e-bce0-4155-aea2-e442cadff8bd@group-715EBF8096A7-LeaderElection124 got exception when requesting votes: java.util.concurrent.ExecutionException: org.apache.ratis.thirdparty.io.grpc.StatusRuntimeException: UNAVAILABLE: io exception
2025-09-19 20:44:16,727 [8eb9963e-bce0-4155-aea2-e442cadff8bd@group-715EBF8096A7-LeaderElection124] INFO  impl.LeaderElection (LeaderElection.java:logAndReturn(206)) - 8eb9963e-bce0-4155-aea2-e442cadff8bd@group-715EBF8096A7-LeaderElection124: PRE_VOTE REJECTED received 0 response(s) and 2 exception(s):
2025-09-19 20:44:16,727 [8eb9963e-bce0-4155-aea2-e442cadff8bd@group-715EBF8096A7-LeaderElection124] INFO  impl.LeaderElection (LogUtils.java:infoOrTrace(142)) -   Exception 0: java.util.concurrent.ExecutionException: org.apache.ratis.thirdparty.io.grpc.StatusRuntimeException: UNAVAILABLE: io exception
2025-09-19 20:44:16,727 [8eb9963e-bce0-4155-aea2-e442cadff8bd@group-715EBF8096A7-LeaderElection124] INFO  impl.LeaderElection (LogUtils.java:infoOrTrace(142)) -   Exception 1: java.util.concurrent.ExecutionException: org.apache.ratis.thirdparty.io.grpc.StatusRuntimeException: UNAVAILABLE: io exception
2025-09-19 20:44:16,727 [8eb9963e-bce0-4155-aea2-e442cadff8bd@group-715EBF8096A7-LeaderElection124] INFO  impl.LeaderElection (LeaderElection.java:askForVotes(450)) - 8eb9963e-bce0-4155-aea2-e442cadff8bd@group-715EBF8096A7-LeaderElection124 PRE_VOTE round 0: result REJECTED
2025-09-19 20:44:16,727 [8eb9963e-bce0-4155-aea2-e442cadff8bd@group-715EBF8096A7-LeaderElection124] INFO  server.RaftServer$Division (RaftServerImpl.java:setRole(392)) - 8eb9963e-bce0-4155-aea2-e442cadff8bd@group-715EBF8096A7: changes role from CANDIDATE to FOLLOWER at term 2 for REJECTED
2025-09-19 20:44:16,727 [8eb9963e-bce0-4155-aea2-e442cadff8bd@group-715EBF8096A7-LeaderElection124] INFO  impl.RoleInfo (RoleInfo.java:shutdownLeaderElection(141)) - 8eb9963e-bce0-4155-aea2-e442cadff8bd: shutdown 8eb9963e-bce0-4155-aea2-e442cadff8bd@group-715EBF8096A7-LeaderElection124
2025-09-19 20:44:16,727 [8eb9963e-bce0-4155-aea2-e442cadff8bd@group-715EBF8096A7-LeaderElection124] INFO  impl.RoleInfo (RoleInfo.java:updateAndGet(148)) - 8eb9963e-bce0-4155-aea2-e442cadff8bd: start 8eb9963e-bce0-4155-aea2-e442cadff8bd@group-715EBF8096A7-FollowerState
2025-09-19 20:44:17,455 [8eb9963e-bce0-4155-aea2-e442cadff8bd@group-A751954341BD-FollowerState] INFO  impl.FollowerState (FollowerState.java:runImpl(161)) - 8eb9963e-bce0-4155-aea2-e442cadff8bd@group-A751954341BD-FollowerState: change to CANDIDATE, lastRpcElapsedTime:1145260616ns, electionTimeout:1145ms
2025-09-19 20:44:17,455 [8eb9963e-bce0-4155-aea2-e442cadff8bd@group-A751954341BD-FollowerState] INFO  impl.RoleInfo (RoleInfo.java:shutdownFollowerState(121)) - 8eb9963e-bce0-4155-aea2-e442cadff8bd: shutdown 8eb9963e-bce0-4155-aea2-e442cadff8bd@group-A751954341BD-FollowerState
2025-09-19 20:44:17,455 [8eb9963e-bce0-4155-aea2-e442cadff8bd@group-A751954341BD-FollowerState] INFO  server.RaftServer$Division (RaftServerImpl.java:setRole(392)) - 8eb9963e-bce0-4155-aea2-e442cadff8bd@group-A751954341BD: changes role from  FOLLOWER to CANDIDATE at term 1 for changeToCandidate
2025-09-19 20:44:17,456 [8eb9963e-bce0-4155-aea2-e442cadff8bd@group-A751954341BD-FollowerState] INFO  impl.RoleInfo (RoleInfo.java:updateAndGet(148)) - 8eb9963e-bce0-4155-aea2-e442cadff8bd: start 8eb9963e-bce0-4155-aea2-e442cadff8bd@group-A751954341BD-LeaderElection125
2025-09-19 20:44:17,456 [8eb9963e-bce0-4155-aea2-e442cadff8bd@group-A751954341BD-LeaderElection125] INFO  impl.LeaderElection (LeaderElection.java:askForVotes(448)) - 8eb9963e-bce0-4155-aea2-e442cadff8bd@group-A751954341BD-LeaderElection125 PRE_VOTE round 0: submit vote requests at term 1 for conf: {index: 0, cur=peers:[b5a25cc1-46d3-4381-a194-bd68f4526f1c|127.0.0.1:15031, 0df1231c-9f8a-4757-a7d0-f6d7f53bc482|127.0.0.1:15023, 8eb9963e-bce0-4155-aea2-e442cadff8bd|127.0.0.1:15015]|listeners:[], old=null}
2025-09-19 20:44:17,456 [8eb9963e-bce0-4155-aea2-e442cadff8bd@group-A751954341BD-LeaderElection125] INFO  impl.LeaderElection (LogUtils.java:infoOrTrace(142)) - 8eb9963e-bce0-4155-aea2-e442cadff8bd@group-A751954341BD-LeaderElection125 got exception when requesting votes: java.util.concurrent.ExecutionException: org.apache.ratis.thirdparty.io.grpc.StatusRuntimeException: UNAVAILABLE: io exception
2025-09-19 20:44:17,457 [8eb9963e-bce0-4155-aea2-e442cadff8bd@group-A751954341BD-LeaderElection125] INFO  impl.LeaderElection (LogUtils.java:infoOrTrace(142)) - 8eb9963e-bce0-4155-aea2-e442cadff8bd@group-A751954341BD-LeaderElection125 got exception when requesting votes: java.util.concurrent.ExecutionException: org.apache.ratis.thirdparty.io.grpc.StatusRuntimeException: UNAVAILABLE: io exception
2025-09-19 20:44:17,457 [8eb9963e-bce0-4155-aea2-e442cadff8bd@group-A751954341BD-LeaderElection125] INFO  impl.LeaderElection (LeaderElection.java:logAndReturn(206)) - 8eb9963e-bce0-4155-aea2-e442cadff8bd@group-A751954341BD-LeaderElection125: PRE_VOTE REJECTED received 0 response(s) and 2 exception(s):
2025-09-19 20:44:17,457 [8eb9963e-bce0-4155-aea2-e442cadff8bd@group-A751954341BD-LeaderElection125] INFO  impl.LeaderElection (LogUtils.java:infoOrTrace(142)) -   Exception 0: java.util.concurrent.ExecutionException: org.apache.ratis.thirdparty.io.grpc.StatusRuntimeException: UNAVAILABLE: io exception
2025-09-19 20:44:17,457 [8eb9963e-bce0-4155-aea2-e442cadff8bd@group-A751954341BD-LeaderElection125] INFO  impl.LeaderElection (LogUtils.java:infoOrTrace(142)) -   Exception 1: java.util.concurrent.ExecutionException: org.apache.ratis.thirdparty.io.grpc.StatusRuntimeException: UNAVAILABLE: io exception
2025-09-19 20:44:17,457 [8eb9963e-bce0-4155-aea2-e442cadff8bd@group-A751954341BD-LeaderElection125] INFO  impl.LeaderElection (LeaderElection.java:askForVotes(450)) - 8eb9963e-bce0-4155-aea2-e442cadff8bd@group-A751954341BD-LeaderElection125 PRE_VOTE round 0: result REJECTED
2025-09-19 20:44:17,457 [8eb9963e-bce0-4155-aea2-e442cadff8bd@group-A751954341BD-LeaderElection125] INFO  server.RaftServer$Division (RaftServerImpl.java:setRole(392)) - 8eb9963e-bce0-4155-aea2-e442cadff8bd@group-A751954341BD: changes role from CANDIDATE to FOLLOWER at term 1 for REJECTED
2025-09-19 20:44:17,457 [8eb9963e-bce0-4155-aea2-e442cadff8bd@group-A751954341BD-LeaderElection125] INFO  impl.RoleInfo (RoleInfo.java:shutdownLeaderElection(141)) - 8eb9963e-bce0-4155-aea2-e442cadff8bd: shutdown 8eb9963e-bce0-4155-aea2-e442cadff8bd@group-A751954341BD-LeaderElection125
2025-09-19 20:44:17,457 [8eb9963e-bce0-4155-aea2-e442cadff8bd@group-A751954341BD-LeaderElection125] INFO  impl.RoleInfo (RoleInfo.java:updateAndGet(148)) - 8eb9963e-bce0-4155-aea2-e442cadff8bd: start 8eb9963e-bce0-4155-aea2-e442cadff8bd@group-A751954341BD-FollowerState
2025-09-19 20:44:17,876 [8eb9963e-bce0-4155-aea2-e442cadff8bd@group-715EBF8096A7-FollowerState] INFO  impl.FollowerState (FollowerState.java:runImpl(161)) - 8eb9963e-bce0-4155-aea2-e442cadff8bd@group-715EBF8096A7-FollowerState: change to CANDIDATE, lastRpcElapsedTime:1148374803ns, electionTimeout:1148ms
2025-09-19 20:44:17,876 [8eb9963e-bce0-4155-aea2-e442cadff8bd@group-715EBF8096A7-FollowerState] INFO  impl.RoleInfo (RoleInfo.java:shutdownFollowerState(121)) - 8eb9963e-bce0-4155-aea2-e442cadff8bd: shutdown 8eb9963e-bce0-4155-aea2-e442cadff8bd@group-715EBF8096A7-FollowerState
2025-09-19 20:44:17,876 [8eb9963e-bce0-4155-aea2-e442cadff8bd@group-715EBF8096A7-FollowerState] INFO  server.RaftServer$Division (RaftServerImpl.java:setRole(392)) - 8eb9963e-bce0-4155-aea2-e442cadff8bd@group-715EBF8096A7: changes role from  FOLLOWER to CANDIDATE at term 2 for changeToCandidate
2025-09-19 20:44:17,876 [8eb9963e-bce0-4155-aea2-e442cadff8bd@group-715EBF8096A7-FollowerState] INFO  impl.RoleInfo (RoleInfo.java:updateAndGet(148)) - 8eb9963e-bce0-4155-aea2-e442cadff8bd: start 8eb9963e-bce0-4155-aea2-e442cadff8bd@group-715EBF8096A7-LeaderElection126
2025-09-19 20:44:17,876 [8eb9963e-bce0-4155-aea2-e442cadff8bd@group-715EBF8096A7-LeaderElection126] INFO  impl.LeaderElection (LeaderElection.java:askForVotes(448)) - 8eb9963e-bce0-4155-aea2-e442cadff8bd@group-715EBF8096A7-LeaderElection126 PRE_VOTE round 0: submit vote requests at term 2 for conf: {index: 5, cur=peers:[b5a25cc1-46d3-4381-a194-bd68f4526f1c|127.0.0.1:15031, 0df1231c-9f8a-4757-a7d0-f6d7f53bc482|127.0.0.1:15023, 8eb9963e-bce0-4155-aea2-e442cadff8bd|127.0.0.1:15015]|listeners:[], old=null}
2025-09-19 20:44:17,877 [8eb9963e-bce0-4155-aea2-e442cadff8bd@group-715EBF8096A7-LeaderElection126] INFO  impl.LeaderElection (LogUtils.java:infoOrTrace(142)) - 8eb9963e-bce0-4155-aea2-e442cadff8bd@group-715EBF8096A7-LeaderElection126 got exception when requesting votes: java.util.concurrent.ExecutionException: org.apache.ratis.thirdparty.io.grpc.StatusRuntimeException: UNAVAILABLE: io exception
2025-09-19 20:44:17,877 [8eb9963e-bce0-4155-aea2-e442cadff8bd@group-715EBF8096A7-LeaderElection126] INFO  impl.LeaderElection (LogUtils.java:infoOrTrace(142)) - 8eb9963e-bce0-4155-aea2-e442cadff8bd@group-715EBF8096A7-LeaderElection126 got exception when requesting votes: java.util.concurrent.ExecutionException: org.apache.ratis.thirdparty.io.grpc.StatusRuntimeException: UNAVAILABLE: io exception
2025-09-19 20:44:17,877 [8eb9963e-bce0-4155-aea2-e442cadff8bd@group-715EBF8096A7-LeaderElection126] INFO  impl.LeaderElection (LeaderElection.java:logAndReturn(206)) - 8eb9963e-bce0-4155-aea2-e442cadff8bd@group-715EBF8096A7-LeaderElection126: PRE_VOTE REJECTED received 0 response(s) and 2 exception(s):
2025-09-19 20:44:17,877 [8eb9963e-bce0-4155-aea2-e442cadff8bd@group-715EBF8096A7-LeaderElection126] INFO  impl.LeaderElection (LogUtils.java:infoOrTrace(142)) -   Exception 0: java.util.concurrent.ExecutionException: org.apache.ratis.thirdparty.io.grpc.StatusRuntimeException: UNAVAILABLE: io exception
2025-09-19 20:44:17,877 [8eb9963e-bce0-4155-aea2-e442cadff8bd@group-715EBF8096A7-LeaderElection126] INFO  impl.LeaderElection (LogUtils.java:infoOrTrace(142)) -   Exception 1: java.util.concurrent.ExecutionException: org.apache.ratis.thirdparty.io.grpc.StatusRuntimeException: UNAVAILABLE: io exception
2025-09-19 20:44:17,877 [8eb9963e-bce0-4155-aea2-e442cadff8bd@group-715EBF8096A7-LeaderElection126] INFO  impl.LeaderElection (LeaderElection.java:askForVotes(450)) - 8eb9963e-bce0-4155-aea2-e442cadff8bd@group-715EBF8096A7-LeaderElection126 PRE_VOTE round 0: result REJECTED
2025-09-19 20:44:17,877 [8eb9963e-bce0-4155-aea2-e442cadff8bd@group-715EBF8096A7-LeaderElection126] INFO  server.RaftServer$Division (RaftServerImpl.java:setRole(392)) - 8eb9963e-bce0-4155-aea2-e442cadff8bd@group-715EBF8096A7: changes role from CANDIDATE to FOLLOWER at term 2 for REJECTED
2025-09-19 20:44:17,877 [8eb9963e-bce0-4155-aea2-e442cadff8bd@group-715EBF8096A7-LeaderElection126] INFO  impl.RoleInfo (RoleInfo.java:shutdownLeaderElection(141)) - 8eb9963e-bce0-4155-aea2-e442cadff8bd: shutdown 8eb9963e-bce0-4155-aea2-e442cadff8bd@group-715EBF8096A7-LeaderElection126
2025-09-19 20:44:17,877 [8eb9963e-bce0-4155-aea2-e442cadff8bd@group-715EBF8096A7-LeaderElection126] INFO  impl.RoleInfo (RoleInfo.java:updateAndGet(148)) - 8eb9963e-bce0-4155-aea2-e442cadff8bd: start 8eb9963e-bce0-4155-aea2-e442cadff8bd@group-715EBF8096A7-FollowerState
2025-09-19 20:44:18,507 [8eb9963e-bce0-4155-aea2-e442cadff8bd@group-A751954341BD-FollowerState] INFO  impl.FollowerState (FollowerState.java:runImpl(161)) - 8eb9963e-bce0-4155-aea2-e442cadff8bd@group-A751954341BD-FollowerState: change to CANDIDATE, lastRpcElapsedTime:1050366761ns, electionTimeout:1050ms
2025-09-19 20:44:18,507 [8eb9963e-bce0-4155-aea2-e442cadff8bd@group-A751954341BD-FollowerState] INFO  impl.RoleInfo (RoleInfo.java:shutdownFollowerState(121)) - 8eb9963e-bce0-4155-aea2-e442cadff8bd: shutdown 8eb9963e-bce0-4155-aea2-e442cadff8bd@group-A751954341BD-FollowerState
2025-09-19 20:44:18,508 [8eb9963e-bce0-4155-aea2-e442cadff8bd@group-A751954341BD-FollowerState] INFO  server.RaftServer$Division (RaftServerImpl.java:setRole(392)) - 8eb9963e-bce0-4155-aea2-e442cadff8bd@group-A751954341BD: changes role from  FOLLOWER to CANDIDATE at term 1 for changeToCandidate
2025-09-19 20:44:18,508 [8eb9963e-bce0-4155-aea2-e442cadff8bd@group-A751954341BD-FollowerState] INFO  impl.RoleInfo (RoleInfo.java:updateAndGet(148)) - 8eb9963e-bce0-4155-aea2-e442cadff8bd: start 8eb9963e-bce0-4155-aea2-e442cadff8bd@group-A751954341BD-LeaderElection127
2025-09-19 20:44:18,508 [8eb9963e-bce0-4155-aea2-e442cadff8bd@group-A751954341BD-LeaderElection127] INFO  impl.LeaderElection (LeaderElection.java:askForVotes(448)) - 8eb9963e-bce0-4155-aea2-e442cadff8bd@group-A751954341BD-LeaderElection127 PRE_VOTE round 0: submit vote requests at term 1 for conf: {index: 0, cur=peers:[b5a25cc1-46d3-4381-a194-bd68f4526f1c|127.0.0.1:15031, 0df1231c-9f8a-4757-a7d0-f6d7f53bc482|127.0.0.1:15023, 8eb9963e-bce0-4155-aea2-e442cadff8bd|127.0.0.1:15015]|listeners:[], old=null}
2025-09-19 20:44:18,509 [8eb9963e-bce0-4155-aea2-e442cadff8bd@group-A751954341BD-LeaderElection127] INFO  impl.LeaderElection (LogUtils.java:infoOrTrace(142)) - 8eb9963e-bce0-4155-aea2-e442cadff8bd@group-A751954341BD-LeaderElection127 got exception when requesting votes: java.util.concurrent.ExecutionException: org.apache.ratis.thirdparty.io.grpc.StatusRuntimeException: UNAVAILABLE: io exception
2025-09-19 20:44:18,509 [8eb9963e-bce0-4155-aea2-e442cadff8bd@group-A751954341BD-LeaderElection127] INFO  impl.LeaderElection (LogUtils.java:infoOrTrace(142)) - 8eb9963e-bce0-4155-aea2-e442cadff8bd@group-A751954341BD-LeaderElection127 got exception when requesting votes: java.util.concurrent.ExecutionException: org.apache.ratis.thirdparty.io.grpc.StatusRuntimeException: UNAVAILABLE: io exception
2025-09-19 20:44:18,509 [8eb9963e-bce0-4155-aea2-e442cadff8bd@group-A751954341BD-LeaderElection127] INFO  impl.LeaderElection (LeaderElection.java:logAndReturn(206)) - 8eb9963e-bce0-4155-aea2-e442cadff8bd@group-A751954341BD-LeaderElection127: PRE_VOTE REJECTED received 0 response(s) and 2 exception(s):
2025-09-19 20:44:18,509 [8eb9963e-bce0-4155-aea2-e442cadff8bd@group-A751954341BD-LeaderElection127] INFO  impl.LeaderElection (LogUtils.java:infoOrTrace(142)) -   Exception 0: java.util.concurrent.ExecutionException: org.apache.ratis.thirdparty.io.grpc.StatusRuntimeException: UNAVAILABLE: io exception
2025-09-19 20:44:18,509 [8eb9963e-bce0-4155-aea2-e442cadff8bd@group-A751954341BD-LeaderElection127] INFO  impl.LeaderElection (LogUtils.java:infoOrTrace(142)) -   Exception 1: java.util.concurrent.ExecutionException: org.apache.ratis.thirdparty.io.grpc.StatusRuntimeException: UNAVAILABLE: io exception
2025-09-19 20:44:18,509 [8eb9963e-bce0-4155-aea2-e442cadff8bd@group-A751954341BD-LeaderElection127] INFO  impl.LeaderElection (LeaderElection.java:askForVotes(450)) - 8eb9963e-bce0-4155-aea2-e442cadff8bd@group-A751954341BD-LeaderElection127 PRE_VOTE round 0: result REJECTED
2025-09-19 20:44:18,509 [8eb9963e-bce0-4155-aea2-e442cadff8bd@group-A751954341BD-LeaderElection127] INFO  server.RaftServer$Division (RaftServerImpl.java:setRole(392)) - 8eb9963e-bce0-4155-aea2-e442cadff8bd@group-A751954341BD: changes role from CANDIDATE to FOLLOWER at term 1 for REJECTED
2025-09-19 20:44:18,509 [8eb9963e-bce0-4155-aea2-e442cadff8bd@group-A751954341BD-LeaderElection127] INFO  impl.RoleInfo (RoleInfo.java:shutdownLeaderElection(141)) - 8eb9963e-bce0-4155-aea2-e442cadff8bd: shutdown 8eb9963e-bce0-4155-aea2-e442cadff8bd@group-A751954341BD-LeaderElection127
2025-09-19 20:44:18,509 [8eb9963e-bce0-4155-aea2-e442cadff8bd@group-A751954341BD-LeaderElection127] INFO  impl.RoleInfo (RoleInfo.java:updateAndGet(148)) - 8eb9963e-bce0-4155-aea2-e442cadff8bd: start 8eb9963e-bce0-4155-aea2-e442cadff8bd@group-A751954341BD-FollowerState
2025-09-19 20:44:18,944 [8eb9963e-bce0-4155-aea2-e442cadff8bd@group-715EBF8096A7-FollowerState] INFO  impl.FollowerState (FollowerState.java:runImpl(161)) - 8eb9963e-bce0-4155-aea2-e442cadff8bd@group-715EBF8096A7-FollowerState: change to CANDIDATE, lastRpcElapsedTime:1067261880ns, electionTimeout:1067ms
2025-09-19 20:44:18,945 [8eb9963e-bce0-4155-aea2-e442cadff8bd@group-715EBF8096A7-FollowerState] INFO  impl.RoleInfo (RoleInfo.java:shutdownFollowerState(121)) - 8eb9963e-bce0-4155-aea2-e442cadff8bd: shutdown 8eb9963e-bce0-4155-aea2-e442cadff8bd@group-715EBF8096A7-FollowerState
2025-09-19 20:44:18,945 [8eb9963e-bce0-4155-aea2-e442cadff8bd@group-715EBF8096A7-FollowerState] INFO  server.RaftServer$Division (RaftServerImpl.java:setRole(392)) - 8eb9963e-bce0-4155-aea2-e442cadff8bd@group-715EBF8096A7: changes role from  FOLLOWER to CANDIDATE at term 2 for changeToCandidate
2025-09-19 20:44:18,945 [8eb9963e-bce0-4155-aea2-e442cadff8bd@group-715EBF8096A7-FollowerState] INFO  impl.RoleInfo (RoleInfo.java:updateAndGet(148)) - 8eb9963e-bce0-4155-aea2-e442cadff8bd: start 8eb9963e-bce0-4155-aea2-e442cadff8bd@group-715EBF8096A7-LeaderElection128
2025-09-19 20:44:18,945 [8eb9963e-bce0-4155-aea2-e442cadff8bd@group-715EBF8096A7-LeaderElection128] INFO  impl.LeaderElection (LeaderElection.java:askForVotes(448)) - 8eb9963e-bce0-4155-aea2-e442cadff8bd@group-715EBF8096A7-LeaderElection128 PRE_VOTE round 0: submit vote requests at term 2 for conf: {index: 5, cur=peers:[b5a25cc1-46d3-4381-a194-bd68f4526f1c|127.0.0.1:15031, 0df1231c-9f8a-4757-a7d0-f6d7f53bc482|127.0.0.1:15023, 8eb9963e-bce0-4155-aea2-e442cadff8bd|127.0.0.1:15015]|listeners:[], old=null}
2025-09-19 20:44:18,946 [8eb9963e-bce0-4155-aea2-e442cadff8bd@group-715EBF8096A7-LeaderElection128] INFO  impl.LeaderElection (LogUtils.java:infoOrTrace(142)) - 8eb9963e-bce0-4155-aea2-e442cadff8bd@group-715EBF8096A7-LeaderElection128 got exception when requesting votes: java.util.concurrent.ExecutionException: org.apache.ratis.thirdparty.io.grpc.StatusRuntimeException: UNAVAILABLE: io exception
2025-09-19 20:44:18,946 [8eb9963e-bce0-4155-aea2-e442cadff8bd@group-715EBF8096A7-LeaderElection128] INFO  impl.LeaderElection (LogUtils.java:infoOrTrace(142)) - 8eb9963e-bce0-4155-aea2-e442cadff8bd@group-715EBF8096A7-LeaderElection128 got exception when requesting votes: java.util.concurrent.ExecutionException: org.apache.ratis.thirdparty.io.grpc.StatusRuntimeException: UNAVAILABLE: io exception
2025-09-19 20:44:18,946 [8eb9963e-bce0-4155-aea2-e442cadff8bd@group-715EBF8096A7-LeaderElection128] INFO  impl.LeaderElection (LeaderElection.java:logAndReturn(206)) - 8eb9963e-bce0-4155-aea2-e442cadff8bd@group-715EBF8096A7-LeaderElection128: PRE_VOTE REJECTED received 0 response(s) and 2 exception(s):
2025-09-19 20:44:18,946 [8eb9963e-bce0-4155-aea2-e442cadff8bd@group-715EBF8096A7-LeaderElection128] INFO  impl.LeaderElection (LogUtils.java:infoOrTrace(142)) -   Exception 0: java.util.concurrent.ExecutionException: org.apache.ratis.thirdparty.io.grpc.StatusRuntimeException: UNAVAILABLE: io exception
2025-09-19 20:44:18,946 [8eb9963e-bce0-4155-aea2-e442cadff8bd@group-715EBF8096A7-LeaderElection128] INFO  impl.LeaderElection (LogUtils.java:infoOrTrace(142)) -   Exception 1: java.util.concurrent.ExecutionException: org.apache.ratis.thirdparty.io.grpc.StatusRuntimeException: UNAVAILABLE: io exception
2025-09-19 20:44:18,946 [8eb9963e-bce0-4155-aea2-e442cadff8bd@group-715EBF8096A7-LeaderElection128] INFO  impl.LeaderElection (LeaderElection.java:askForVotes(450)) - 8eb9963e-bce0-4155-aea2-e442cadff8bd@group-715EBF8096A7-LeaderElection128 PRE_VOTE round 0: result REJECTED
2025-09-19 20:44:18,946 [8eb9963e-bce0-4155-aea2-e442cadff8bd@group-715EBF8096A7-LeaderElection128] INFO  server.RaftServer$Division (RaftServerImpl.java:setRole(392)) - 8eb9963e-bce0-4155-aea2-e442cadff8bd@group-715EBF8096A7: changes role from CANDIDATE to FOLLOWER at term 2 for REJECTED
2025-09-19 20:44:18,946 [8eb9963e-bce0-4155-aea2-e442cadff8bd@group-715EBF8096A7-LeaderElection128] INFO  impl.RoleInfo (RoleInfo.java:shutdownLeaderElection(141)) - 8eb9963e-bce0-4155-aea2-e442cadff8bd: shutdown 8eb9963e-bce0-4155-aea2-e442cadff8bd@group-715EBF8096A7-LeaderElection128
2025-09-19 20:44:18,946 [8eb9963e-bce0-4155-aea2-e442cadff8bd@group-715EBF8096A7-LeaderElection128] INFO  impl.RoleInfo (RoleInfo.java:updateAndGet(148)) - 8eb9963e-bce0-4155-aea2-e442cadff8bd: start 8eb9963e-bce0-4155-aea2-e442cadff8bd@group-715EBF8096A7-FollowerState
2025-09-19 20:44:19,574 [8eb9963e-bce0-4155-aea2-e442cadff8bd@group-A751954341BD-FollowerState] INFO  impl.FollowerState (FollowerState.java:runImpl(161)) - 8eb9963e-bce0-4155-aea2-e442cadff8bd@group-A751954341BD-FollowerState: change to CANDIDATE, lastRpcElapsedTime:1065286381ns, electionTimeout:1065ms
2025-09-19 20:44:19,574 [8eb9963e-bce0-4155-aea2-e442cadff8bd@group-A751954341BD-FollowerState] INFO  impl.RoleInfo (RoleInfo.java:shutdownFollowerState(121)) - 8eb9963e-bce0-4155-aea2-e442cadff8bd: shutdown 8eb9963e-bce0-4155-aea2-e442cadff8bd@group-A751954341BD-FollowerState
2025-09-19 20:44:19,574 [8eb9963e-bce0-4155-aea2-e442cadff8bd@group-A751954341BD-FollowerState] INFO  server.RaftServer$Division (RaftServerImpl.java:setRole(392)) - 8eb9963e-bce0-4155-aea2-e442cadff8bd@group-A751954341BD: changes role from  FOLLOWER to CANDIDATE at term 1 for changeToCandidate
2025-09-19 20:44:19,575 [8eb9963e-bce0-4155-aea2-e442cadff8bd@group-A751954341BD-FollowerState] INFO  impl.RoleInfo (RoleInfo.java:updateAndGet(148)) - 8eb9963e-bce0-4155-aea2-e442cadff8bd: start 8eb9963e-bce0-4155-aea2-e442cadff8bd@group-A751954341BD-LeaderElection129
2025-09-19 20:44:19,575 [8eb9963e-bce0-4155-aea2-e442cadff8bd@group-A751954341BD-LeaderElection129] INFO  impl.LeaderElection (LeaderElection.java:askForVotes(448)) - 8eb9963e-bce0-4155-aea2-e442cadff8bd@group-A751954341BD-LeaderElection129 PRE_VOTE round 0: submit vote requests at term 1 for conf: {index: 0, cur=peers:[b5a25cc1-46d3-4381-a194-bd68f4526f1c|127.0.0.1:15031, 0df1231c-9f8a-4757-a7d0-f6d7f53bc482|127.0.0.1:15023, 8eb9963e-bce0-4155-aea2-e442cadff8bd|127.0.0.1:15015]|listeners:[], old=null}
2025-09-19 20:44:19,575 [8eb9963e-bce0-4155-aea2-e442cadff8bd@group-A751954341BD-LeaderElection129] INFO  impl.LeaderElection (LogUtils.java:infoOrTrace(142)) - 8eb9963e-bce0-4155-aea2-e442cadff8bd@group-A751954341BD-LeaderElection129 got exception when requesting votes: java.util.concurrent.ExecutionException: org.apache.ratis.thirdparty.io.grpc.StatusRuntimeException: UNAVAILABLE: io exception
2025-09-19 20:44:19,576 [8eb9963e-bce0-4155-aea2-e442cadff8bd@group-A751954341BD-LeaderElection129] INFO  impl.LeaderElection (LogUtils.java:infoOrTrace(142)) - 8eb9963e-bce0-4155-aea2-e442cadff8bd@group-A751954341BD-LeaderElection129 got exception when requesting votes: java.util.concurrent.ExecutionException: org.apache.ratis.thirdparty.io.grpc.StatusRuntimeException: UNAVAILABLE: io exception
2025-09-19 20:44:19,576 [8eb9963e-bce0-4155-aea2-e442cadff8bd@group-A751954341BD-LeaderElection129] INFO  impl.LeaderElection (LeaderElection.java:logAndReturn(206)) - 8eb9963e-bce0-4155-aea2-e442cadff8bd@group-A751954341BD-LeaderElection129: PRE_VOTE REJECTED received 0 response(s) and 2 exception(s):
2025-09-19 20:44:19,576 [8eb9963e-bce0-4155-aea2-e442cadff8bd@group-A751954341BD-LeaderElection129] INFO  impl.LeaderElection (LogUtils.java:infoOrTrace(142)) -   Exception 0: java.util.concurrent.ExecutionException: org.apache.ratis.thirdparty.io.grpc.StatusRuntimeException: UNAVAILABLE: io exception
2025-09-19 20:44:19,576 [8eb9963e-bce0-4155-aea2-e442cadff8bd@group-A751954341BD-LeaderElection129] INFO  impl.LeaderElection (LogUtils.java:infoOrTrace(142)) -   Exception 1: java.util.concurrent.ExecutionException: org.apache.ratis.thirdparty.io.grpc.StatusRuntimeException: UNAVAILABLE: io exception
2025-09-19 20:44:19,576 [8eb9963e-bce0-4155-aea2-e442cadff8bd@group-A751954341BD-LeaderElection129] INFO  impl.LeaderElection (LeaderElection.java:askForVotes(450)) - 8eb9963e-bce0-4155-aea2-e442cadff8bd@group-A751954341BD-LeaderElection129 PRE_VOTE round 0: result REJECTED
2025-09-19 20:44:19,576 [8eb9963e-bce0-4155-aea2-e442cadff8bd@group-A751954341BD-LeaderElection129] INFO  server.RaftServer$Division (RaftServerImpl.java:setRole(392)) - 8eb9963e-bce0-4155-aea2-e442cadff8bd@group-A751954341BD: changes role from CANDIDATE to FOLLOWER at term 1 for REJECTED
2025-09-19 20:44:19,576 [8eb9963e-bce0-4155-aea2-e442cadff8bd@group-A751954341BD-LeaderElection129] INFO  impl.RoleInfo (RoleInfo.java:shutdownLeaderElection(141)) - 8eb9963e-bce0-4155-aea2-e442cadff8bd: shutdown 8eb9963e-bce0-4155-aea2-e442cadff8bd@group-A751954341BD-LeaderElection129
2025-09-19 20:44:19,576 [8eb9963e-bce0-4155-aea2-e442cadff8bd@group-A751954341BD-LeaderElection129] INFO  impl.RoleInfo (RoleInfo.java:updateAndGet(148)) - 8eb9963e-bce0-4155-aea2-e442cadff8bd: start 8eb9963e-bce0-4155-aea2-e442cadff8bd@group-A751954341BD-FollowerState
2025-09-19 20:44:20,003 [8eb9963e-bce0-4155-aea2-e442cadff8bd@group-715EBF8096A7-FollowerState] INFO  impl.FollowerState (FollowerState.java:runImpl(161)) - 8eb9963e-bce0-4155-aea2-e442cadff8bd@group-715EBF8096A7-FollowerState: change to CANDIDATE, lastRpcElapsedTime:1056330620ns, electionTimeout:1056ms
2025-09-19 20:44:20,003 [8eb9963e-bce0-4155-aea2-e442cadff8bd@group-715EBF8096A7-FollowerState] INFO  impl.RoleInfo (RoleInfo.java:shutdownFollowerState(121)) - 8eb9963e-bce0-4155-aea2-e442cadff8bd: shutdown 8eb9963e-bce0-4155-aea2-e442cadff8bd@group-715EBF8096A7-FollowerState
2025-09-19 20:44:20,003 [8eb9963e-bce0-4155-aea2-e442cadff8bd@group-715EBF8096A7-FollowerState] INFO  server.RaftServer$Division (RaftServerImpl.java:setRole(392)) - 8eb9963e-bce0-4155-aea2-e442cadff8bd@group-715EBF8096A7: changes role from  FOLLOWER to CANDIDATE at term 2 for changeToCandidate
2025-09-19 20:44:20,003 [8eb9963e-bce0-4155-aea2-e442cadff8bd@group-715EBF8096A7-FollowerState] INFO  impl.RoleInfo (RoleInfo.java:updateAndGet(148)) - 8eb9963e-bce0-4155-aea2-e442cadff8bd: start 8eb9963e-bce0-4155-aea2-e442cadff8bd@group-715EBF8096A7-LeaderElection130
2025-09-19 20:44:20,003 [8eb9963e-bce0-4155-aea2-e442cadff8bd@group-715EBF8096A7-LeaderElection130] INFO  impl.LeaderElection (LeaderElection.java:askForVotes(448)) - 8eb9963e-bce0-4155-aea2-e442cadff8bd@group-715EBF8096A7-LeaderElection130 PRE_VOTE round 0: submit vote requests at term 2 for conf: {index: 5, cur=peers:[b5a25cc1-46d3-4381-a194-bd68f4526f1c|127.0.0.1:15031, 0df1231c-9f8a-4757-a7d0-f6d7f53bc482|127.0.0.1:15023, 8eb9963e-bce0-4155-aea2-e442cadff8bd|127.0.0.1:15015]|listeners:[], old=null}
2025-09-19 20:44:20,004 [8eb9963e-bce0-4155-aea2-e442cadff8bd@group-715EBF8096A7-LeaderElection130] INFO  impl.LeaderElection (LogUtils.java:infoOrTrace(142)) - 8eb9963e-bce0-4155-aea2-e442cadff8bd@group-715EBF8096A7-LeaderElection130 got exception when requesting votes: java.util.concurrent.ExecutionException: org.apache.ratis.thirdparty.io.grpc.StatusRuntimeException: UNAVAILABLE: io exception
2025-09-19 20:44:20,004 [8eb9963e-bce0-4155-aea2-e442cadff8bd@group-715EBF8096A7-LeaderElection130] INFO  impl.LeaderElection (LogUtils.java:infoOrTrace(142)) - 8eb9963e-bce0-4155-aea2-e442cadff8bd@group-715EBF8096A7-LeaderElection130 got exception when requesting votes: java.util.concurrent.ExecutionException: org.apache.ratis.thirdparty.io.grpc.StatusRuntimeException: UNAVAILABLE: io exception
2025-09-19 20:44:20,004 [8eb9963e-bce0-4155-aea2-e442cadff8bd@group-715EBF8096A7-LeaderElection130] INFO  impl.LeaderElection (LeaderElection.java:logAndReturn(206)) - 8eb9963e-bce0-4155-aea2-e442cadff8bd@group-715EBF8096A7-LeaderElection130: PRE_VOTE REJECTED received 0 response(s) and 2 exception(s):
2025-09-19 20:44:20,004 [8eb9963e-bce0-4155-aea2-e442cadff8bd@group-715EBF8096A7-LeaderElection130] INFO  impl.LeaderElection (LogUtils.java:infoOrTrace(142)) -   Exception 0: java.util.concurrent.ExecutionException: org.apache.ratis.thirdparty.io.grpc.StatusRuntimeException: UNAVAILABLE: io exception
2025-09-19 20:44:20,004 [8eb9963e-bce0-4155-aea2-e442cadff8bd@group-715EBF8096A7-LeaderElection130] INFO  impl.LeaderElection (LogUtils.java:infoOrTrace(142)) -   Exception 1: java.util.concurrent.ExecutionException: org.apache.ratis.thirdparty.io.grpc.StatusRuntimeException: UNAVAILABLE: io exception
2025-09-19 20:44:20,005 [8eb9963e-bce0-4155-aea2-e442cadff8bd@group-715EBF8096A7-LeaderElection130] INFO  impl.LeaderElection (LeaderElection.java:askForVotes(450)) - 8eb9963e-bce0-4155-aea2-e442cadff8bd@group-715EBF8096A7-LeaderElection130 PRE_VOTE round 0: result REJECTED
2025-09-19 20:44:20,005 [8eb9963e-bce0-4155-aea2-e442cadff8bd@group-715EBF8096A7-LeaderElection130] INFO  server.RaftServer$Division (RaftServerImpl.java:setRole(392)) - 8eb9963e-bce0-4155-aea2-e442cadff8bd@group-715EBF8096A7: changes role from CANDIDATE to FOLLOWER at term 2 for REJECTED
2025-09-19 20:44:20,005 [8eb9963e-bce0-4155-aea2-e442cadff8bd@group-715EBF8096A7-LeaderElection130] INFO  impl.RoleInfo (RoleInfo.java:shutdownLeaderElection(141)) - 8eb9963e-bce0-4155-aea2-e442cadff8bd: shutdown 8eb9963e-bce0-4155-aea2-e442cadff8bd@group-715EBF8096A7-LeaderElection130
2025-09-19 20:44:20,005 [8eb9963e-bce0-4155-aea2-e442cadff8bd@group-715EBF8096A7-LeaderElection130] INFO  impl.RoleInfo (RoleInfo.java:updateAndGet(148)) - 8eb9963e-bce0-4155-aea2-e442cadff8bd: start 8eb9963e-bce0-4155-aea2-e442cadff8bd@group-715EBF8096A7-FollowerState
2025-09-19 20:44:20,672 [8eb9963e-bce0-4155-aea2-e442cadff8bd@group-A751954341BD-FollowerState] INFO  impl.FollowerState (FollowerState.java:runImpl(161)) - 8eb9963e-bce0-4155-aea2-e442cadff8bd@group-A751954341BD-FollowerState: change to CANDIDATE, lastRpcElapsedTime:1096397310ns, electionTimeout:1096ms
2025-09-19 20:44:20,672 [8eb9963e-bce0-4155-aea2-e442cadff8bd@group-A751954341BD-FollowerState] INFO  impl.RoleInfo (RoleInfo.java:shutdownFollowerState(121)) - 8eb9963e-bce0-4155-aea2-e442cadff8bd: shutdown 8eb9963e-bce0-4155-aea2-e442cadff8bd@group-A751954341BD-FollowerState
2025-09-19 20:44:20,672 [8eb9963e-bce0-4155-aea2-e442cadff8bd@group-A751954341BD-FollowerState] INFO  server.RaftServer$Division (RaftServerImpl.java:setRole(392)) - 8eb9963e-bce0-4155-aea2-e442cadff8bd@group-A751954341BD: changes role from  FOLLOWER to CANDIDATE at term 1 for changeToCandidate
2025-09-19 20:44:20,673 [8eb9963e-bce0-4155-aea2-e442cadff8bd@group-A751954341BD-FollowerState] INFO  impl.RoleInfo (RoleInfo.java:updateAndGet(148)) - 8eb9963e-bce0-4155-aea2-e442cadff8bd: start 8eb9963e-bce0-4155-aea2-e442cadff8bd@group-A751954341BD-LeaderElection131
2025-09-19 20:44:20,673 [8eb9963e-bce0-4155-aea2-e442cadff8bd@group-A751954341BD-LeaderElection131] INFO  impl.LeaderElection (LeaderElection.java:askForVotes(448)) - 8eb9963e-bce0-4155-aea2-e442cadff8bd@group-A751954341BD-LeaderElection131 PRE_VOTE round 0: submit vote requests at term 1 for conf: {index: 0, cur=peers:[b5a25cc1-46d3-4381-a194-bd68f4526f1c|127.0.0.1:15031, 0df1231c-9f8a-4757-a7d0-f6d7f53bc482|127.0.0.1:15023, 8eb9963e-bce0-4155-aea2-e442cadff8bd|127.0.0.1:15015]|listeners:[], old=null}
2025-09-19 20:44:20,673 [8eb9963e-bce0-4155-aea2-e442cadff8bd@group-A751954341BD-LeaderElection131] INFO  impl.LeaderElection (LogUtils.java:infoOrTrace(142)) - 8eb9963e-bce0-4155-aea2-e442cadff8bd@group-A751954341BD-LeaderElection131 got exception when requesting votes: java.util.concurrent.ExecutionException: org.apache.ratis.thirdparty.io.grpc.StatusRuntimeException: UNAVAILABLE: io exception
2025-09-19 20:44:20,674 [8eb9963e-bce0-4155-aea2-e442cadff8bd@group-A751954341BD-LeaderElection131] INFO  impl.LeaderElection (LogUtils.java:infoOrTrace(142)) - 8eb9963e-bce0-4155-aea2-e442cadff8bd@group-A751954341BD-LeaderElection131 got exception when requesting votes: java.util.concurrent.ExecutionException: org.apache.ratis.thirdparty.io.grpc.StatusRuntimeException: UNAVAILABLE: io exception
2025-09-19 20:44:20,674 [8eb9963e-bce0-4155-aea2-e442cadff8bd@group-A751954341BD-LeaderElection131] INFO  impl.LeaderElection (LeaderElection.java:logAndReturn(206)) - 8eb9963e-bce0-4155-aea2-e442cadff8bd@group-A751954341BD-LeaderElection131: PRE_VOTE REJECTED received 0 response(s) and 2 exception(s):
2025-09-19 20:44:20,674 [8eb9963e-bce0-4155-aea2-e442cadff8bd@group-A751954341BD-LeaderElection131] INFO  impl.LeaderElection (LogUtils.java:infoOrTrace(142)) -   Exception 0: java.util.concurrent.ExecutionException: org.apache.ratis.thirdparty.io.grpc.StatusRuntimeException: UNAVAILABLE: io exception
2025-09-19 20:44:20,674 [8eb9963e-bce0-4155-aea2-e442cadff8bd@group-A751954341BD-LeaderElection131] INFO  impl.LeaderElection (LogUtils.java:infoOrTrace(142)) -   Exception 1: java.util.concurrent.ExecutionException: org.apache.ratis.thirdparty.io.grpc.StatusRuntimeException: UNAVAILABLE: io exception
2025-09-19 20:44:20,674 [8eb9963e-bce0-4155-aea2-e442cadff8bd@group-A751954341BD-LeaderElection131] INFO  impl.LeaderElection (LeaderElection.java:askForVotes(450)) - 8eb9963e-bce0-4155-aea2-e442cadff8bd@group-A751954341BD-LeaderElection131 PRE_VOTE round 0: result REJECTED
2025-09-19 20:44:20,674 [8eb9963e-bce0-4155-aea2-e442cadff8bd@group-A751954341BD-LeaderElection131] INFO  server.RaftServer$Division (RaftServerImpl.java:setRole(392)) - 8eb9963e-bce0-4155-aea2-e442cadff8bd@group-A751954341BD: changes role from CANDIDATE to FOLLOWER at term 1 for REJECTED
2025-09-19 20:44:20,674 [8eb9963e-bce0-4155-aea2-e442cadff8bd@group-A751954341BD-LeaderElection131] INFO  impl.RoleInfo (RoleInfo.java:shutdownLeaderElection(141)) - 8eb9963e-bce0-4155-aea2-e442cadff8bd: shutdown 8eb9963e-bce0-4155-aea2-e442cadff8bd@group-A751954341BD-LeaderElection131
2025-09-19 20:44:20,674 [8eb9963e-bce0-4155-aea2-e442cadff8bd@group-A751954341BD-LeaderElection131] INFO  impl.RoleInfo (RoleInfo.java:updateAndGet(148)) - 8eb9963e-bce0-4155-aea2-e442cadff8bd: start 8eb9963e-bce0-4155-aea2-e442cadff8bd@group-A751954341BD-FollowerState
2025-09-19 20:44:21,088 [8eb9963e-bce0-4155-aea2-e442cadff8bd@group-715EBF8096A7-FollowerState] INFO  impl.FollowerState (FollowerState.java:runImpl(161)) - 8eb9963e-bce0-4155-aea2-e442cadff8bd@group-715EBF8096A7-FollowerState: change to CANDIDATE, lastRpcElapsedTime:1083330109ns, electionTimeout:1083ms
2025-09-19 20:44:21,088 [8eb9963e-bce0-4155-aea2-e442cadff8bd@group-715EBF8096A7-FollowerState] INFO  impl.RoleInfo (RoleInfo.java:shutdownFollowerState(121)) - 8eb9963e-bce0-4155-aea2-e442cadff8bd: shutdown 8eb9963e-bce0-4155-aea2-e442cadff8bd@group-715EBF8096A7-FollowerState
2025-09-19 20:44:21,088 [8eb9963e-bce0-4155-aea2-e442cadff8bd@group-715EBF8096A7-FollowerState] INFO  server.RaftServer$Division (RaftServerImpl.java:setRole(392)) - 8eb9963e-bce0-4155-aea2-e442cadff8bd@group-715EBF8096A7: changes role from  FOLLOWER to CANDIDATE at term 2 for changeToCandidate
2025-09-19 20:44:21,088 [8eb9963e-bce0-4155-aea2-e442cadff8bd@group-715EBF8096A7-FollowerState] INFO  impl.RoleInfo (RoleInfo.java:updateAndGet(148)) - 8eb9963e-bce0-4155-aea2-e442cadff8bd: start 8eb9963e-bce0-4155-aea2-e442cadff8bd@group-715EBF8096A7-LeaderElection132
2025-09-19 20:44:21,089 [8eb9963e-bce0-4155-aea2-e442cadff8bd@group-715EBF8096A7-LeaderElection132] INFO  impl.LeaderElection (LeaderElection.java:askForVotes(448)) - 8eb9963e-bce0-4155-aea2-e442cadff8bd@group-715EBF8096A7-LeaderElection132 PRE_VOTE round 0: submit vote requests at term 2 for conf: {index: 5, cur=peers:[b5a25cc1-46d3-4381-a194-bd68f4526f1c|127.0.0.1:15031, 0df1231c-9f8a-4757-a7d0-f6d7f53bc482|127.0.0.1:15023, 8eb9963e-bce0-4155-aea2-e442cadff8bd|127.0.0.1:15015]|listeners:[], old=null}
2025-09-19 20:44:21,090 [8eb9963e-bce0-4155-aea2-e442cadff8bd@group-715EBF8096A7-LeaderElection132] INFO  impl.LeaderElection (LogUtils.java:infoOrTrace(142)) - 8eb9963e-bce0-4155-aea2-e442cadff8bd@group-715EBF8096A7-LeaderElection132 got exception when requesting votes: java.util.concurrent.ExecutionException: org.apache.ratis.thirdparty.io.grpc.StatusRuntimeException: UNAVAILABLE: io exception
2025-09-19 20:44:21,090 [8eb9963e-bce0-4155-aea2-e442cadff8bd@group-715EBF8096A7-LeaderElection132] INFO  impl.LeaderElection (LogUtils.java:infoOrTrace(142)) - 8eb9963e-bce0-4155-aea2-e442cadff8bd@group-715EBF8096A7-LeaderElection132 got exception when requesting votes: java.util.concurrent.ExecutionException: org.apache.ratis.thirdparty.io.grpc.StatusRuntimeException: UNAVAILABLE: io exception
2025-09-19 20:44:21,090 [8eb9963e-bce0-4155-aea2-e442cadff8bd@group-715EBF8096A7-LeaderElection132] INFO  impl.LeaderElection (LeaderElection.java:logAndReturn(206)) - 8eb9963e-bce0-4155-aea2-e442cadff8bd@group-715EBF8096A7-LeaderElection132: PRE_VOTE REJECTED received 0 response(s) and 2 exception(s):
2025-09-19 20:44:21,090 [8eb9963e-bce0-4155-aea2-e442cadff8bd@group-715EBF8096A7-LeaderElection132] INFO  impl.LeaderElection (LogUtils.java:infoOrTrace(142)) -   Exception 0: java.util.concurrent.ExecutionException: org.apache.ratis.thirdparty.io.grpc.StatusRuntimeException: UNAVAILABLE: io exception
2025-09-19 20:44:21,090 [8eb9963e-bce0-4155-aea2-e442cadff8bd@group-715EBF8096A7-LeaderElection132] INFO  impl.LeaderElection (LogUtils.java:infoOrTrace(142)) -   Exception 1: java.util.concurrent.ExecutionException: org.apache.ratis.thirdparty.io.grpc.StatusRuntimeException: UNAVAILABLE: io exception
2025-09-19 20:44:21,090 [8eb9963e-bce0-4155-aea2-e442cadff8bd@group-715EBF8096A7-LeaderElection132] INFO  impl.LeaderElection (LeaderElection.java:askForVotes(450)) - 8eb9963e-bce0-4155-aea2-e442cadff8bd@group-715EBF8096A7-LeaderElection132 PRE_VOTE round 0: result REJECTED
2025-09-19 20:44:21,090 [8eb9963e-bce0-4155-aea2-e442cadff8bd@group-715EBF8096A7-LeaderElection132] INFO  server.RaftServer$Division (RaftServerImpl.java:setRole(392)) - 8eb9963e-bce0-4155-aea2-e442cadff8bd@group-715EBF8096A7: changes role from CANDIDATE to FOLLOWER at term 2 for REJECTED
2025-09-19 20:44:21,090 [8eb9963e-bce0-4155-aea2-e442cadff8bd@group-715EBF8096A7-LeaderElection132] INFO  impl.RoleInfo (RoleInfo.java:shutdownLeaderElection(141)) - 8eb9963e-bce0-4155-aea2-e442cadff8bd: shutdown 8eb9963e-bce0-4155-aea2-e442cadff8bd@group-715EBF8096A7-LeaderElection132
2025-09-19 20:44:21,090 [8eb9963e-bce0-4155-aea2-e442cadff8bd@group-715EBF8096A7-LeaderElection132] INFO  impl.RoleInfo (RoleInfo.java:updateAndGet(148)) - 8eb9963e-bce0-4155-aea2-e442cadff8bd: start 8eb9963e-bce0-4155-aea2-e442cadff8bd@group-715EBF8096A7-FollowerState
2025-09-19 20:44:21,369 [timer2] ERROR impl.OrderedAsync (OrderedAsync.java:lambda$null$6(215)) -  (Repeated 2 times in the last 5.001s) client-6FE78725B677: Failed* RaftClientRequest:client-6FE78725B677->0df1231c-9f8a-4757-a7d0-f6d7f53bc482@group-A751954341BD, cid=20, seq=1*, Watch(0), null
java.util.concurrent.CompletionException: java.io.IOException: org.apache.ratis.thirdparty.io.grpc.StatusRuntimeException: UNAVAILABLE: io exception
	at java.base/java.util.concurrent.CompletableFuture.encodeThrowable(CompletableFuture.java:332)
	at java.base/java.util.concurrent.CompletableFuture.completeThrowable(CompletableFuture.java:347)
	at java.base/java.util.concurrent.CompletableFuture$UniAccept.tryFire(CompletableFuture.java:708)
	at java.base/java.util.concurrent.CompletableFuture.postComplete(CompletableFuture.java:510)
	at java.base/java.util.concurrent.CompletableFuture.completeExceptionally(CompletableFuture.java:2194)
	at org.apache.ratis.grpc.client.GrpcClientProtocolClient$AsyncStreamObservers.completeReplyExceptionally(GrpcClientProtocolClient.java:397)
	at org.apache.ratis.grpc.client.GrpcClientProtocolClient$AsyncStreamObservers.access$000(GrpcClientProtocolClient.java:303)
	at org.apache.ratis.grpc.client.GrpcClientProtocolClient$AsyncStreamObservers$1.onError(GrpcClientProtocolClient.java:334)
	at org.apache.ratis.thirdparty.io.grpc.stub.ClientCalls$StreamObserverToCallListenerAdapter.onClose(ClientCalls.java:564)
	at org.apache.ratis.thirdparty.io.grpc.PartialForwardingClientCallListener.onClose(PartialForwardingClientCallListener.java:39)
	at org.apache.ratis.thirdparty.io.grpc.ForwardingClientCallListener.onClose(ForwardingClientCallListener.java:23)
	at org.apache.ratis.grpc.metrics.intercept.client.MetricClientCallListener.onClose(MetricClientCallListener.java:47)
	at org.apache.ratis.thirdparty.io.grpc.internal.ClientCallImpl.closeObserver(ClientCallImpl.java:565)
	at org.apache.ratis.thirdparty.io.grpc.internal.ClientCallImpl.access$100(ClientCallImpl.java:72)
	at org.apache.ratis.thirdparty.io.grpc.internal.ClientCallImpl$ClientStreamListenerImpl$1StreamClosed.runInternal(ClientCallImpl.java:733)
	at org.apache.ratis.thirdparty.io.grpc.internal.ClientCallImpl$ClientStreamListenerImpl$1StreamClosed.runInContext(ClientCallImpl.java:714)
	at org.apache.ratis.thirdparty.io.grpc.internal.ContextRunnable.run(ContextRunnable.java:37)
	at org.apache.ratis.thirdparty.io.grpc.internal.SerializingExecutor.run(SerializingExecutor.java:133)
	at java.base/java.util.concurrent.ThreadPoolExecutor.runWorker(ThreadPoolExecutor.java:1144)
	at java.base/java.util.concurrent.ThreadPoolExecutor$Worker.run(ThreadPoolExecutor.java:642)
	at java.base/java.lang.Thread.run(Thread.java:1583)
Caused by: java.io.IOException: org.apache.ratis.thirdparty.io.grpc.StatusRuntimeException: UNAVAILABLE: io exception
	at org.apache.ratis.grpc.GrpcUtil.unwrapException(GrpcUtil.java:99)
	at org.apache.ratis.grpc.GrpcUtil.unwrapIOException(GrpcUtil.java:159)
	at org.apache.ratis.grpc.client.GrpcClientProtocolClient$AsyncStreamObservers$1.onError(GrpcClientProtocolClient.java:333)
	... 13 more
Caused by: org.apache.ratis.thirdparty.io.grpc.StatusRuntimeException: UNAVAILABLE: io exception
	at org.apache.ratis.thirdparty.io.grpc.Status.asRuntimeException(Status.java:532)
	... 13 more
Caused by: org.apache.ratis.thirdparty.io.netty.channel.AbstractChannel$AnnotatedConnectException: finishConnect(..) failed: Connection refused: /127.0.0.1:15021
Caused by: java.net.ConnectException: finishConnect(..) failed: Connection refused
	at org.apache.ratis.thirdparty.io.netty.channel.unix.Errors.newConnectException0(Errors.java:166)
	at org.apache.ratis.thirdparty.io.netty.channel.unix.Errors.handleConnectErrno(Errors.java:131)
	at org.apache.ratis.thirdparty.io.netty.channel.unix.Socket.finishConnect(Socket.java:359)
	at org.apache.ratis.thirdparty.io.netty.channel.epoll.AbstractEpollChannel$AbstractEpollUnsafe.doFinishConnect(AbstractEpollChannel.java:715)
	at org.apache.ratis.thirdparty.io.netty.channel.epoll.AbstractEpollChannel$AbstractEpollUnsafe.finishConnect(AbstractEpollChannel.java:692)
	at org.apache.ratis.thirdparty.io.netty.channel.epoll.AbstractEpollChannel$AbstractEpollUnsafe.epollOutReady(AbstractEpollChannel.java:567)
	at org.apache.ratis.thirdparty.io.netty.channel.epoll.EpollEventLoop.processReady(EpollEventLoop.java:491)
	at org.apache.ratis.thirdparty.io.netty.channel.epoll.EpollEventLoop.run(EpollEventLoop.java:399)
	at org.apache.ratis.thirdparty.io.netty.util.concurrent.SingleThreadEventExecutor$4.run(SingleThreadEventExecutor.java:998)
	at org.apache.ratis.thirdparty.io.netty.util.internal.ThreadExecutorMap$2.run(ThreadExecutorMap.java:74)
	at org.apache.ratis.thirdparty.io.netty.util.concurrent.FastThreadLocalRunnable.run(FastThreadLocalRunnable.java:30)
	at java.base/java.lang.Thread.run(Thread.java:1583)
2025-09-19 20:44:21,791 [8eb9963e-bce0-4155-aea2-e442cadff8bd@group-A751954341BD-FollowerState] INFO  impl.FollowerState (FollowerState.java:runImpl(161)) - 8eb9963e-bce0-4155-aea2-e442cadff8bd@group-A751954341BD-FollowerState: change to CANDIDATE, lastRpcElapsedTime:1117275288ns, electionTimeout:1117ms
2025-09-19 20:44:21,791 [8eb9963e-bce0-4155-aea2-e442cadff8bd@group-A751954341BD-FollowerState] INFO  impl.RoleInfo (RoleInfo.java:shutdownFollowerState(121)) - 8eb9963e-bce0-4155-aea2-e442cadff8bd: shutdown 8eb9963e-bce0-4155-aea2-e442cadff8bd@group-A751954341BD-FollowerState
2025-09-19 20:44:21,791 [8eb9963e-bce0-4155-aea2-e442cadff8bd@group-A751954341BD-FollowerState] INFO  server.RaftServer$Division (RaftServerImpl.java:setRole(392)) - 8eb9963e-bce0-4155-aea2-e442cadff8bd@group-A751954341BD: changes role from  FOLLOWER to CANDIDATE at term 1 for changeToCandidate
2025-09-19 20:44:21,791 [8eb9963e-bce0-4155-aea2-e442cadff8bd@group-A751954341BD-FollowerState] INFO  impl.RoleInfo (RoleInfo.java:updateAndGet(148)) - 8eb9963e-bce0-4155-aea2-e442cadff8bd: start 8eb9963e-bce0-4155-aea2-e442cadff8bd@group-A751954341BD-LeaderElection133
2025-09-19 20:44:21,792 [8eb9963e-bce0-4155-aea2-e442cadff8bd@group-A751954341BD-LeaderElection133] INFO  impl.LeaderElection (LeaderElection.java:askForVotes(448)) - 8eb9963e-bce0-4155-aea2-e442cadff8bd@group-A751954341BD-LeaderElection133 PRE_VOTE round 0: submit vote requests at term 1 for conf: {index: 0, cur=peers:[b5a25cc1-46d3-4381-a194-bd68f4526f1c|127.0.0.1:15031, 0df1231c-9f8a-4757-a7d0-f6d7f53bc482|127.0.0.1:15023, 8eb9963e-bce0-4155-aea2-e442cadff8bd|127.0.0.1:15015]|listeners:[], old=null}
2025-09-19 20:44:21,792 [8eb9963e-bce0-4155-aea2-e442cadff8bd@group-A751954341BD-LeaderElection133] INFO  impl.LeaderElection (LogUtils.java:infoOrTrace(142)) - 8eb9963e-bce0-4155-aea2-e442cadff8bd@group-A751954341BD-LeaderElection133 got exception when requesting votes: java.util.concurrent.ExecutionException: org.apache.ratis.thirdparty.io.grpc.StatusRuntimeException: UNAVAILABLE: io exception
2025-09-19 20:44:21,792 [8eb9963e-bce0-4155-aea2-e442cadff8bd@group-A751954341BD-LeaderElection133] INFO  impl.LeaderElection (LogUtils.java:infoOrTrace(142)) - 8eb9963e-bce0-4155-aea2-e442cadff8bd@group-A751954341BD-LeaderElection133 got exception when requesting votes: java.util.concurrent.ExecutionException: org.apache.ratis.thirdparty.io.grpc.StatusRuntimeException: UNAVAILABLE: io exception
2025-09-19 20:44:21,792 [8eb9963e-bce0-4155-aea2-e442cadff8bd@group-A751954341BD-LeaderElection133] INFO  impl.LeaderElection (LeaderElection.java:logAndReturn(206)) - 8eb9963e-bce0-4155-aea2-e442cadff8bd@group-A751954341BD-LeaderElection133: PRE_VOTE REJECTED received 0 response(s) and 2 exception(s):
2025-09-19 20:44:21,792 [8eb9963e-bce0-4155-aea2-e442cadff8bd@group-A751954341BD-LeaderElection133] INFO  impl.LeaderElection (LogUtils.java:infoOrTrace(142)) -   Exception 0: java.util.concurrent.ExecutionException: org.apache.ratis.thirdparty.io.grpc.StatusRuntimeException: UNAVAILABLE: io exception
2025-09-19 20:44:21,793 [8eb9963e-bce0-4155-aea2-e442cadff8bd@group-A751954341BD-LeaderElection133] INFO  impl.LeaderElection (LogUtils.java:infoOrTrace(142)) -   Exception 1: java.util.concurrent.ExecutionException: org.apache.ratis.thirdparty.io.grpc.StatusRuntimeException: UNAVAILABLE: io exception
2025-09-19 20:44:21,793 [8eb9963e-bce0-4155-aea2-e442cadff8bd@group-A751954341BD-LeaderElection133] INFO  impl.LeaderElection (LeaderElection.java:askForVotes(450)) - 8eb9963e-bce0-4155-aea2-e442cadff8bd@group-A751954341BD-LeaderElection133 PRE_VOTE round 0: result REJECTED
2025-09-19 20:44:21,793 [8eb9963e-bce0-4155-aea2-e442cadff8bd@group-A751954341BD-LeaderElection133] INFO  server.RaftServer$Division (RaftServerImpl.java:setRole(392)) - 8eb9963e-bce0-4155-aea2-e442cadff8bd@group-A751954341BD: changes role from CANDIDATE to FOLLOWER at term 1 for REJECTED
2025-09-19 20:44:21,793 [8eb9963e-bce0-4155-aea2-e442cadff8bd@group-A751954341BD-LeaderElection133] INFO  impl.RoleInfo (RoleInfo.java:shutdownLeaderElection(141)) - 8eb9963e-bce0-4155-aea2-e442cadff8bd: shutdown 8eb9963e-bce0-4155-aea2-e442cadff8bd@group-A751954341BD-LeaderElection133
2025-09-19 20:44:21,793 [8eb9963e-bce0-4155-aea2-e442cadff8bd@group-A751954341BD-LeaderElection133] INFO  impl.RoleInfo (RoleInfo.java:updateAndGet(148)) - 8eb9963e-bce0-4155-aea2-e442cadff8bd: start 8eb9963e-bce0-4155-aea2-e442cadff8bd@group-A751954341BD-FollowerState
2025-09-19 20:44:22,093 [8eb9963e-bce0-4155-aea2-e442cadff8bd@group-715EBF8096A7-FollowerState] INFO  impl.FollowerState (FollowerState.java:runImpl(161)) - 8eb9963e-bce0-4155-aea2-e442cadff8bd@group-715EBF8096A7-FollowerState: change to CANDIDATE, lastRpcElapsedTime:1003281184ns, electionTimeout:1003ms
2025-09-19 20:44:22,094 [8eb9963e-bce0-4155-aea2-e442cadff8bd@group-715EBF8096A7-FollowerState] INFO  impl.RoleInfo (RoleInfo.java:shutdownFollowerState(121)) - 8eb9963e-bce0-4155-aea2-e442cadff8bd: shutdown 8eb9963e-bce0-4155-aea2-e442cadff8bd@group-715EBF8096A7-FollowerState
2025-09-19 20:44:22,094 [8eb9963e-bce0-4155-aea2-e442cadff8bd@group-715EBF8096A7-FollowerState] INFO  server.RaftServer$Division (RaftServerImpl.java:setRole(392)) - 8eb9963e-bce0-4155-aea2-e442cadff8bd@group-715EBF8096A7: changes role from  FOLLOWER to CANDIDATE at term 2 for changeToCandidate
2025-09-19 20:44:22,094 [8eb9963e-bce0-4155-aea2-e442cadff8bd@group-715EBF8096A7-FollowerState] INFO  impl.RoleInfo (RoleInfo.java:updateAndGet(148)) - 8eb9963e-bce0-4155-aea2-e442cadff8bd: start 8eb9963e-bce0-4155-aea2-e442cadff8bd@group-715EBF8096A7-LeaderElection134
2025-09-19 20:44:22,094 [8eb9963e-bce0-4155-aea2-e442cadff8bd@group-715EBF8096A7-LeaderElection134] INFO  impl.LeaderElection (LeaderElection.java:askForVotes(448)) - 8eb9963e-bce0-4155-aea2-e442cadff8bd@group-715EBF8096A7-LeaderElection134 PRE_VOTE round 0: submit vote requests at term 2 for conf: {index: 5, cur=peers:[b5a25cc1-46d3-4381-a194-bd68f4526f1c|127.0.0.1:15031, 0df1231c-9f8a-4757-a7d0-f6d7f53bc482|127.0.0.1:15023, 8eb9963e-bce0-4155-aea2-e442cadff8bd|127.0.0.1:15015]|listeners:[], old=null}
2025-09-19 20:44:22,095 [8eb9963e-bce0-4155-aea2-e442cadff8bd@group-715EBF8096A7-LeaderElection134] INFO  impl.LeaderElection (LogUtils.java:infoOrTrace(142)) - 8eb9963e-bce0-4155-aea2-e442cadff8bd@group-715EBF8096A7-LeaderElection134 got exception when requesting votes: java.util.concurrent.ExecutionException: org.apache.ratis.thirdparty.io.grpc.StatusRuntimeException: UNAVAILABLE: io exception
2025-09-19 20:44:22,095 [8eb9963e-bce0-4155-aea2-e442cadff8bd@group-715EBF8096A7-LeaderElection134] INFO  impl.LeaderElection (LogUtils.java:infoOrTrace(142)) - 8eb9963e-bce0-4155-aea2-e442cadff8bd@group-715EBF8096A7-LeaderElection134 got exception when requesting votes: java.util.concurrent.ExecutionException: org.apache.ratis.thirdparty.io.grpc.StatusRuntimeException: UNAVAILABLE: io exception
2025-09-19 20:44:22,095 [8eb9963e-bce0-4155-aea2-e442cadff8bd@group-715EBF8096A7-LeaderElection134] INFO  impl.LeaderElection (LeaderElection.java:logAndReturn(206)) - 8eb9963e-bce0-4155-aea2-e442cadff8bd@group-715EBF8096A7-LeaderElection134: PRE_VOTE REJECTED received 0 response(s) and 2 exception(s):
2025-09-19 20:44:22,095 [8eb9963e-bce0-4155-aea2-e442cadff8bd@group-715EBF8096A7-LeaderElection134] INFO  impl.LeaderElection (LogUtils.java:infoOrTrace(142)) -   Exception 0: java.util.concurrent.ExecutionException: org.apache.ratis.thirdparty.io.grpc.StatusRuntimeException: UNAVAILABLE: io exception
2025-09-19 20:44:22,095 [8eb9963e-bce0-4155-aea2-e442cadff8bd@group-715EBF8096A7-LeaderElection134] INFO  impl.LeaderElection (LogUtils.java:infoOrTrace(142)) -   Exception 1: java.util.concurrent.ExecutionException: org.apache.ratis.thirdparty.io.grpc.StatusRuntimeException: UNAVAILABLE: io exception
2025-09-19 20:44:22,095 [8eb9963e-bce0-4155-aea2-e442cadff8bd@group-715EBF8096A7-LeaderElection134] INFO  impl.LeaderElection (LeaderElection.java:askForVotes(450)) - 8eb9963e-bce0-4155-aea2-e442cadff8bd@group-715EBF8096A7-LeaderElection134 PRE_VOTE round 0: result REJECTED
2025-09-19 20:44:22,095 [8eb9963e-bce0-4155-aea2-e442cadff8bd@group-715EBF8096A7-LeaderElection134] INFO  server.RaftServer$Division (RaftServerImpl.java:setRole(392)) - 8eb9963e-bce0-4155-aea2-e442cadff8bd@group-715EBF8096A7: changes role from CANDIDATE to FOLLOWER at term 2 for REJECTED
2025-09-19 20:44:22,095 [8eb9963e-bce0-4155-aea2-e442cadff8bd@group-715EBF8096A7-LeaderElection134] INFO  impl.RoleInfo (RoleInfo.java:shutdownLeaderElection(141)) - 8eb9963e-bce0-4155-aea2-e442cadff8bd: shutdown 8eb9963e-bce0-4155-aea2-e442cadff8bd@group-715EBF8096A7-LeaderElection134
2025-09-19 20:44:22,095 [8eb9963e-bce0-4155-aea2-e442cadff8bd@group-715EBF8096A7-LeaderElection134] INFO  impl.RoleInfo (RoleInfo.java:updateAndGet(148)) - 8eb9963e-bce0-4155-aea2-e442cadff8bd: start 8eb9963e-bce0-4155-aea2-e442cadff8bd@group-715EBF8096A7-FollowerState
2025-09-19 20:44:22,828 [8eb9963e-bce0-4155-aea2-e442cadff8bd@group-A751954341BD-FollowerState] INFO  impl.FollowerState (FollowerState.java:runImpl(161)) - 8eb9963e-bce0-4155-aea2-e442cadff8bd@group-A751954341BD-FollowerState: change to CANDIDATE, lastRpcElapsedTime:1035248109ns, electionTimeout:1035ms
2025-09-19 20:44:22,828 [8eb9963e-bce0-4155-aea2-e442cadff8bd@group-A751954341BD-FollowerState] INFO  impl.RoleInfo (RoleInfo.java:shutdownFollowerState(121)) - 8eb9963e-bce0-4155-aea2-e442cadff8bd: shutdown 8eb9963e-bce0-4155-aea2-e442cadff8bd@group-A751954341BD-FollowerState
2025-09-19 20:44:22,828 [8eb9963e-bce0-4155-aea2-e442cadff8bd@group-A751954341BD-FollowerState] INFO  server.RaftServer$Division (RaftServerImpl.java:setRole(392)) - 8eb9963e-bce0-4155-aea2-e442cadff8bd@group-A751954341BD: changes role from  FOLLOWER to CANDIDATE at term 1 for changeToCandidate
2025-09-19 20:44:22,828 [8eb9963e-bce0-4155-aea2-e442cadff8bd@group-A751954341BD-FollowerState] INFO  impl.RoleInfo (RoleInfo.java:updateAndGet(148)) - 8eb9963e-bce0-4155-aea2-e442cadff8bd: start 8eb9963e-bce0-4155-aea2-e442cadff8bd@group-A751954341BD-LeaderElection135
2025-09-19 20:44:22,829 [8eb9963e-bce0-4155-aea2-e442cadff8bd@group-A751954341BD-LeaderElection135] INFO  impl.LeaderElection (LeaderElection.java:askForVotes(448)) - 8eb9963e-bce0-4155-aea2-e442cadff8bd@group-A751954341BD-LeaderElection135 PRE_VOTE round 0: submit vote requests at term 1 for conf: {index: 0, cur=peers:[b5a25cc1-46d3-4381-a194-bd68f4526f1c|127.0.0.1:15031, 0df1231c-9f8a-4757-a7d0-f6d7f53bc482|127.0.0.1:15023, 8eb9963e-bce0-4155-aea2-e442cadff8bd|127.0.0.1:15015]|listeners:[], old=null}
2025-09-19 20:44:22,829 [8eb9963e-bce0-4155-aea2-e442cadff8bd@group-A751954341BD-LeaderElection135] INFO  impl.LeaderElection (LogUtils.java:infoOrTrace(142)) - 8eb9963e-bce0-4155-aea2-e442cadff8bd@group-A751954341BD-LeaderElection135 got exception when requesting votes: java.util.concurrent.ExecutionException: org.apache.ratis.thirdparty.io.grpc.StatusRuntimeException: UNAVAILABLE: io exception
2025-09-19 20:44:22,829 [8eb9963e-bce0-4155-aea2-e442cadff8bd@group-A751954341BD-LeaderElection135] INFO  impl.LeaderElection (LogUtils.java:infoOrTrace(142)) - 8eb9963e-bce0-4155-aea2-e442cadff8bd@group-A751954341BD-LeaderElection135 got exception when requesting votes: java.util.concurrent.ExecutionException: org.apache.ratis.thirdparty.io.grpc.StatusRuntimeException: UNAVAILABLE: io exception
2025-09-19 20:44:22,829 [8eb9963e-bce0-4155-aea2-e442cadff8bd@group-A751954341BD-LeaderElection135] INFO  impl.LeaderElection (LeaderElection.java:logAndReturn(206)) - 8eb9963e-bce0-4155-aea2-e442cadff8bd@group-A751954341BD-LeaderElection135: PRE_VOTE REJECTED received 0 response(s) and 2 exception(s):
2025-09-19 20:44:22,829 [8eb9963e-bce0-4155-aea2-e442cadff8bd@group-A751954341BD-LeaderElection135] INFO  impl.LeaderElection (LogUtils.java:infoOrTrace(142)) -   Exception 0: java.util.concurrent.ExecutionException: org.apache.ratis.thirdparty.io.grpc.StatusRuntimeException: UNAVAILABLE: io exception
2025-09-19 20:44:22,829 [8eb9963e-bce0-4155-aea2-e442cadff8bd@group-A751954341BD-LeaderElection135] INFO  impl.LeaderElection (LogUtils.java:infoOrTrace(142)) -   Exception 1: java.util.concurrent.ExecutionException: org.apache.ratis.thirdparty.io.grpc.StatusRuntimeException: UNAVAILABLE: io exception
2025-09-19 20:44:22,829 [8eb9963e-bce0-4155-aea2-e442cadff8bd@group-A751954341BD-LeaderElection135] INFO  impl.LeaderElection (LeaderElection.java:askForVotes(450)) - 8eb9963e-bce0-4155-aea2-e442cadff8bd@group-A751954341BD-LeaderElection135 PRE_VOTE round 0: result REJECTED
2025-09-19 20:44:22,830 [8eb9963e-bce0-4155-aea2-e442cadff8bd@group-A751954341BD-LeaderElection135] INFO  server.RaftServer$Division (RaftServerImpl.java:setRole(392)) - 8eb9963e-bce0-4155-aea2-e442cadff8bd@group-A751954341BD: changes role from CANDIDATE to FOLLOWER at term 1 for REJECTED
2025-09-19 20:44:22,830 [8eb9963e-bce0-4155-aea2-e442cadff8bd@group-A751954341BD-LeaderElection135] INFO  impl.RoleInfo (RoleInfo.java:shutdownLeaderElection(141)) - 8eb9963e-bce0-4155-aea2-e442cadff8bd: shutdown 8eb9963e-bce0-4155-aea2-e442cadff8bd@group-A751954341BD-LeaderElection135
2025-09-19 20:44:22,830 [8eb9963e-bce0-4155-aea2-e442cadff8bd@group-A751954341BD-LeaderElection135] INFO  impl.RoleInfo (RoleInfo.java:updateAndGet(148)) - 8eb9963e-bce0-4155-aea2-e442cadff8bd: start 8eb9963e-bce0-4155-aea2-e442cadff8bd@group-A751954341BD-FollowerState
2025-09-19 20:44:23,267 [8eb9963e-bce0-4155-aea2-e442cadff8bd@group-715EBF8096A7-FollowerState] INFO  impl.FollowerState (FollowerState.java:runImpl(161)) - 8eb9963e-bce0-4155-aea2-e442cadff8bd@group-715EBF8096A7-FollowerState: change to CANDIDATE, lastRpcElapsedTime:1172255158ns, electionTimeout:1172ms
2025-09-19 20:44:23,267 [8eb9963e-bce0-4155-aea2-e442cadff8bd@group-715EBF8096A7-FollowerState] INFO  impl.RoleInfo (RoleInfo.java:shutdownFollowerState(121)) - 8eb9963e-bce0-4155-aea2-e442cadff8bd: shutdown 8eb9963e-bce0-4155-aea2-e442cadff8bd@group-715EBF8096A7-FollowerState
2025-09-19 20:44:23,267 [8eb9963e-bce0-4155-aea2-e442cadff8bd@group-715EBF8096A7-FollowerState] INFO  server.RaftServer$Division (RaftServerImpl.java:setRole(392)) - 8eb9963e-bce0-4155-aea2-e442cadff8bd@group-715EBF8096A7: changes role from  FOLLOWER to CANDIDATE at term 2 for changeToCandidate
2025-09-19 20:44:23,268 [8eb9963e-bce0-4155-aea2-e442cadff8bd@group-715EBF8096A7-FollowerState] INFO  impl.RoleInfo (RoleInfo.java:updateAndGet(148)) - 8eb9963e-bce0-4155-aea2-e442cadff8bd: start 8eb9963e-bce0-4155-aea2-e442cadff8bd@group-715EBF8096A7-LeaderElection136
2025-09-19 20:44:23,268 [8eb9963e-bce0-4155-aea2-e442cadff8bd@group-715EBF8096A7-LeaderElection136] INFO  impl.LeaderElection (LeaderElection.java:askForVotes(448)) - 8eb9963e-bce0-4155-aea2-e442cadff8bd@group-715EBF8096A7-LeaderElection136 PRE_VOTE round 0: submit vote requests at term 2 for conf: {index: 5, cur=peers:[b5a25cc1-46d3-4381-a194-bd68f4526f1c|127.0.0.1:15031, 0df1231c-9f8a-4757-a7d0-f6d7f53bc482|127.0.0.1:15023, 8eb9963e-bce0-4155-aea2-e442cadff8bd|127.0.0.1:15015]|listeners:[], old=null}
2025-09-19 20:44:23,268 [8eb9963e-bce0-4155-aea2-e442cadff8bd@group-715EBF8096A7-LeaderElection136] INFO  impl.LeaderElection (LogUtils.java:infoOrTrace(142)) - 8eb9963e-bce0-4155-aea2-e442cadff8bd@group-715EBF8096A7-LeaderElection136 got exception when requesting votes: java.util.concurrent.ExecutionException: org.apache.ratis.thirdparty.io.grpc.StatusRuntimeException: UNAVAILABLE: io exception
2025-09-19 20:44:23,268 [8eb9963e-bce0-4155-aea2-e442cadff8bd@group-715EBF8096A7-LeaderElection136] INFO  impl.LeaderElection (LogUtils.java:infoOrTrace(142)) - 8eb9963e-bce0-4155-aea2-e442cadff8bd@group-715EBF8096A7-LeaderElection136 got exception when requesting votes: java.util.concurrent.ExecutionException: org.apache.ratis.thirdparty.io.grpc.StatusRuntimeException: UNAVAILABLE: io exception
2025-09-19 20:44:23,268 [8eb9963e-bce0-4155-aea2-e442cadff8bd@group-715EBF8096A7-LeaderElection136] INFO  impl.LeaderElection (LeaderElection.java:logAndReturn(206)) - 8eb9963e-bce0-4155-aea2-e442cadff8bd@group-715EBF8096A7-LeaderElection136: PRE_VOTE REJECTED received 0 response(s) and 2 exception(s):
2025-09-19 20:44:23,269 [8eb9963e-bce0-4155-aea2-e442cadff8bd@group-715EBF8096A7-LeaderElection136] INFO  impl.LeaderElection (LogUtils.java:infoOrTrace(142)) -   Exception 0: java.util.concurrent.ExecutionException: org.apache.ratis.thirdparty.io.grpc.StatusRuntimeException: UNAVAILABLE: io exception
2025-09-19 20:44:23,269 [8eb9963e-bce0-4155-aea2-e442cadff8bd@group-715EBF8096A7-LeaderElection136] INFO  impl.LeaderElection (LogUtils.java:infoOrTrace(142)) -   Exception 1: java.util.concurrent.ExecutionException: org.apache.ratis.thirdparty.io.grpc.StatusRuntimeException: UNAVAILABLE: io exception
2025-09-19 20:44:23,269 [8eb9963e-bce0-4155-aea2-e442cadff8bd@group-715EBF8096A7-LeaderElection136] INFO  impl.LeaderElection (LeaderElection.java:askForVotes(450)) - 8eb9963e-bce0-4155-aea2-e442cadff8bd@group-715EBF8096A7-LeaderElection136 PRE_VOTE round 0: result REJECTED
2025-09-19 20:44:23,269 [8eb9963e-bce0-4155-aea2-e442cadff8bd@group-715EBF8096A7-LeaderElection136] INFO  server.RaftServer$Division (RaftServerImpl.java:setRole(392)) - 8eb9963e-bce0-4155-aea2-e442cadff8bd@group-715EBF8096A7: changes role from CANDIDATE to FOLLOWER at term 2 for REJECTED
2025-09-19 20:44:23,269 [8eb9963e-bce0-4155-aea2-e442cadff8bd@group-715EBF8096A7-LeaderElection136] INFO  impl.RoleInfo (RoleInfo.java:shutdownLeaderElection(141)) - 8eb9963e-bce0-4155-aea2-e442cadff8bd: shutdown 8eb9963e-bce0-4155-aea2-e442cadff8bd@group-715EBF8096A7-LeaderElection136
2025-09-19 20:44:23,269 [8eb9963e-bce0-4155-aea2-e442cadff8bd@group-715EBF8096A7-LeaderElection136] INFO  impl.RoleInfo (RoleInfo.java:updateAndGet(148)) - 8eb9963e-bce0-4155-aea2-e442cadff8bd: start 8eb9963e-bce0-4155-aea2-e442cadff8bd@group-715EBF8096A7-FollowerState
2025-09-19 20:44:23,538 [grpc-default-executor-2] ERROR impl.OrderedAsync (OrderedAsync.java:lambda$null$6(215)) -  client-6FE78725B677: Failed* RaftClientRequest:client-6FE78725B677->b5a25cc1-46d3-4381-a194-bd68f4526f1c@group-A751954341BD, cid=20, seq=1*, Watch(0), null
java.util.concurrent.CompletionException: java.io.IOException: org.apache.ratis.thirdparty.io.grpc.StatusRuntimeException: UNAVAILABLE: io exception
	at java.base/java.util.concurrent.CompletableFuture.encodeThrowable(CompletableFuture.java:332)
	at java.base/java.util.concurrent.CompletableFuture.completeThrowable(CompletableFuture.java:347)
	at java.base/java.util.concurrent.CompletableFuture$UniAccept.tryFire(CompletableFuture.java:708)
	at java.base/java.util.concurrent.CompletableFuture.postComplete(CompletableFuture.java:510)
	at java.base/java.util.concurrent.CompletableFuture.completeExceptionally(CompletableFuture.java:2194)
	at org.apache.ratis.grpc.client.GrpcClientProtocolClient$AsyncStreamObservers.completeReplyExceptionally(GrpcClientProtocolClient.java:397)
	at org.apache.ratis.grpc.client.GrpcClientProtocolClient$AsyncStreamObservers.access$000(GrpcClientProtocolClient.java:303)
	at org.apache.ratis.grpc.client.GrpcClientProtocolClient$AsyncStreamObservers$1.onError(GrpcClientProtocolClient.java:334)
	at org.apache.ratis.thirdparty.io.grpc.stub.ClientCalls$StreamObserverToCallListenerAdapter.onClose(ClientCalls.java:564)
	at org.apache.ratis.thirdparty.io.grpc.PartialForwardingClientCallListener.onClose(PartialForwardingClientCallListener.java:39)
	at org.apache.ratis.thirdparty.io.grpc.ForwardingClientCallListener.onClose(ForwardingClientCallListener.java:23)
	at org.apache.ratis.grpc.metrics.intercept.client.MetricClientCallListener.onClose(MetricClientCallListener.java:47)
	at org.apache.ratis.thirdparty.io.grpc.internal.ClientCallImpl.closeObserver(ClientCallImpl.java:565)
	at org.apache.ratis.thirdparty.io.grpc.internal.ClientCallImpl.access$100(ClientCallImpl.java:72)
	at org.apache.ratis.thirdparty.io.grpc.internal.ClientCallImpl$ClientStreamListenerImpl$1StreamClosed.runInternal(ClientCallImpl.java:733)
	at org.apache.ratis.thirdparty.io.grpc.internal.ClientCallImpl$ClientStreamListenerImpl$1StreamClosed.runInContext(ClientCallImpl.java:714)
	at org.apache.ratis.thirdparty.io.grpc.internal.ContextRunnable.run(ContextRunnable.java:37)
	at org.apache.ratis.thirdparty.io.grpc.internal.SerializingExecutor.run(SerializingExecutor.java:133)
	at java.base/java.util.concurrent.ThreadPoolExecutor.runWorker(ThreadPoolExecutor.java:1144)
	at java.base/java.util.concurrent.ThreadPoolExecutor$Worker.run(ThreadPoolExecutor.java:642)
	at java.base/java.lang.Thread.run(Thread.java:1583)
Caused by: java.io.IOException: org.apache.ratis.thirdparty.io.grpc.StatusRuntimeException: UNAVAILABLE: io exception
	at org.apache.ratis.grpc.GrpcUtil.unwrapException(GrpcUtil.java:99)
	at org.apache.ratis.grpc.GrpcUtil.unwrapIOException(GrpcUtil.java:159)
	at org.apache.ratis.grpc.client.GrpcClientProtocolClient$AsyncStreamObservers$1.onError(GrpcClientProtocolClient.java:333)
	... 13 more
Caused by: org.apache.ratis.thirdparty.io.grpc.StatusRuntimeException: UNAVAILABLE: io exception
	at org.apache.ratis.thirdparty.io.grpc.Status.asRuntimeException(Status.java:532)
	... 13 more
Caused by: org.apache.ratis.thirdparty.io.netty.channel.AbstractChannel$AnnotatedConnectException: finishConnect(..) failed: Connection refused: /127.0.0.1:15029
Caused by: java.net.ConnectException: finishConnect(..) failed: Connection refused
	at org.apache.ratis.thirdparty.io.netty.channel.unix.Errors.newConnectException0(Errors.java:166)
	at org.apache.ratis.thirdparty.io.netty.channel.unix.Errors.handleConnectErrno(Errors.java:131)
	at org.apache.ratis.thirdparty.io.netty.channel.unix.Socket.finishConnect(Socket.java:359)
	at org.apache.ratis.thirdparty.io.netty.channel.epoll.AbstractEpollChannel$AbstractEpollUnsafe.doFinishConnect(AbstractEpollChannel.java:715)
	at org.apache.ratis.thirdparty.io.netty.channel.epoll.AbstractEpollChannel$AbstractEpollUnsafe.finishConnect(AbstractEpollChannel.java:692)
	at org.apache.ratis.thirdparty.io.netty.channel.epoll.AbstractEpollChannel$AbstractEpollUnsafe.epollOutReady(AbstractEpollChannel.java:567)
	at org.apache.ratis.thirdparty.io.netty.channel.epoll.EpollEventLoop.processReady(EpollEventLoop.java:491)
	at org.apache.ratis.thirdparty.io.netty.channel.epoll.EpollEventLoop.run(EpollEventLoop.java:399)
	at org.apache.ratis.thirdparty.io.netty.util.concurrent.SingleThreadEventExecutor$4.run(SingleThreadEventExecutor.java:998)
	at org.apache.ratis.thirdparty.io.netty.util.internal.ThreadExecutorMap$2.run(ThreadExecutorMap.java:74)
	at org.apache.ratis.thirdparty.io.netty.util.concurrent.FastThreadLocalRunnable.run(FastThreadLocalRunnable.java:30)
	at java.base/java.lang.Thread.run(Thread.java:1583)
2025-09-19 20:44:23,538 [grpc-default-executor-2] ERROR impl.OrderedAsync (OrderedAsync.java:lambda$send$4(181)) - Failed to send request, message=null
java.util.concurrent.CompletionException: org.apache.ratis.protocol.exceptions.RaftRetryFailureException: Failed RaftClientRequest:client-6FE78725B677->b5a25cc1-46d3-4381-a194-bd68f4526f1c@group-A751954341BD, cid=20, seq=1*, Watch(0), null for 7 attempts with RequestTypeDependentRetryPolicy{WRITE->ExceptionDependentRetry(maxAttempts=2147483647; defaultPolicy=MultipleLinearRandomRetry[5x5s, 5x10s, 5x15s, 5x20s, 5x25s, 10x60s]; map={org.apache.ratis.protocol.exceptions.GroupMismatchException->NoRetry, org.apache.ratis.protocol.exceptions.NotReplicatedException->NoRetry, org.apache.ratis.protocol.exceptions.ResourceUnavailableException->org.apache.ratis.retry.ExponentialBackoffRetry@5a0c2941, org.apache.ratis.protocol.exceptions.StateMachineException->NoRetry, org.apache.ratis.protocol.exceptions.TimeoutIOException->org.apache.ratis.retry.ExponentialBackoffRetry@5a0c2941}), WATCH->ExceptionDependentRetry(maxAttempts=2147483647; defaultPolicy=MultipleLinearRandomRetry[5x5s, 5x10s, 5x15s, 5x20s, 5x25s, 10x60s]; map={org.apache.ratis.protocol.exceptions.GroupMismatchException->NoRetry, org.apache.ratis.protocol.exceptions.NotReplicatedException->NoRetry, org.apache.ratis.protocol.exceptions.ResourceUnavailableException->org.apache.ratis.retry.ExponentialBackoffRetry@5a0c2941, org.apache.ratis.protocol.exceptions.StateMachineException->NoRetry, org.apache.ratis.protocol.exceptions.TimeoutIOException->NoRetry})}
	at java.base/java.util.concurrent.CompletableFuture.encodeThrowable(CompletableFuture.java:332)
	at java.base/java.util.concurrent.CompletableFuture.completeThrowable(CompletableFuture.java:347)
	at java.base/java.util.concurrent.CompletableFuture$UniApply.tryFire(CompletableFuture.java:636)
	at java.base/java.util.concurrent.CompletableFuture.postComplete(CompletableFuture.java:510)
	at java.base/java.util.concurrent.CompletableFuture.completeExceptionally(CompletableFuture.java:2194)
	at org.apache.ratis.client.impl.OrderedAsync$PendingOrderedRequest.fail(OrderedAsync.java:111)
	at org.apache.ratis.util.SlidingWindow$Client.fail(SlidingWindow.java:395)
	at org.apache.ratis.client.impl.OrderedAsync.failAllAsyncRequests(OrderedAsync.java:155)
	at org.apache.ratis.client.impl.OrderedAsync.handleException(OrderedAsync.java:239)
	at org.apache.ratis.client.impl.OrderedAsync.lambda$sendRequestWithRetry$7(OrderedAsync.java:217)
	at java.base/java.util.concurrent.CompletableFuture.uniExceptionally(CompletableFuture.java:990)
	at java.base/java.util.concurrent.CompletableFuture$UniExceptionally.tryFire(CompletableFuture.java:974)
	at java.base/java.util.concurrent.CompletableFuture.postComplete(CompletableFuture.java:510)
	at java.base/java.util.concurrent.CompletableFuture.completeExceptionally(CompletableFuture.java:2194)
	at org.apache.ratis.grpc.client.GrpcClientProtocolClient$AsyncStreamObservers.completeReplyExceptionally(GrpcClientProtocolClient.java:397)
	at org.apache.ratis.grpc.client.GrpcClientProtocolClient$AsyncStreamObservers.access$000(GrpcClientProtocolClient.java:303)
	at org.apache.ratis.grpc.client.GrpcClientProtocolClient$AsyncStreamObservers$1.onError(GrpcClientProtocolClient.java:334)
	at org.apache.ratis.thirdparty.io.grpc.stub.ClientCalls$StreamObserverToCallListenerAdapter.onClose(ClientCalls.java:564)
	at org.apache.ratis.thirdparty.io.grpc.PartialForwardingClientCallListener.onClose(PartialForwardingClientCallListener.java:39)
	at org.apache.ratis.thirdparty.io.grpc.ForwardingClientCallListener.onClose(ForwardingClientCallListener.java:23)
	at org.apache.ratis.grpc.metrics.intercept.client.MetricClientCallListener.onClose(MetricClientCallListener.java:47)
	at org.apache.ratis.thirdparty.io.grpc.internal.ClientCallImpl.closeObserver(ClientCallImpl.java:565)
	at org.apache.ratis.thirdparty.io.grpc.internal.ClientCallImpl.access$100(ClientCallImpl.java:72)
	at org.apache.ratis.thirdparty.io.grpc.internal.ClientCallImpl$ClientStreamListenerImpl$1StreamClosed.runInternal(ClientCallImpl.java:733)
	at org.apache.ratis.thirdparty.io.grpc.internal.ClientCallImpl$ClientStreamListenerImpl$1StreamClosed.runInContext(ClientCallImpl.java:714)
	at org.apache.ratis.thirdparty.io.grpc.internal.ContextRunnable.run(ContextRunnable.java:37)
	at org.apache.ratis.thirdparty.io.grpc.internal.SerializingExecutor.run(SerializingExecutor.java:133)
	at java.base/java.util.concurrent.ThreadPoolExecutor.runWorker(ThreadPoolExecutor.java:1144)
	at java.base/java.util.concurrent.ThreadPoolExecutor$Worker.run(ThreadPoolExecutor.java:642)
	at java.base/java.lang.Thread.run(Thread.java:1583)
Caused by: org.apache.ratis.protocol.exceptions.RaftRetryFailureException: Failed RaftClientRequest:client-6FE78725B677->b5a25cc1-46d3-4381-a194-bd68f4526f1c@group-A751954341BD, cid=20, seq=1*, Watch(0), null for 7 attempts with RequestTypeDependentRetryPolicy{WRITE->ExceptionDependentRetry(maxAttempts=2147483647; defaultPolicy=MultipleLinearRandomRetry[5x5s, 5x10s, 5x15s, 5x20s, 5x25s, 10x60s]; map={org.apache.ratis.protocol.exceptions.GroupMismatchException->NoRetry, org.apache.ratis.protocol.exceptions.NotReplicatedException->NoRetry, org.apache.ratis.protocol.exceptions.ResourceUnavailableException->org.apache.ratis.retry.ExponentialBackoffRetry@5a0c2941, org.apache.ratis.protocol.exceptions.StateMachineException->NoRetry, org.apache.ratis.protocol.exceptions.TimeoutIOException->org.apache.ratis.retry.ExponentialBackoffRetry@5a0c2941}), WATCH->ExceptionDependentRetry(maxAttempts=2147483647; defaultPolicy=MultipleLinearRandomRetry[5x5s, 5x10s, 5x15s, 5x20s, 5x25s, 10x60s]; map={org.apache.ratis.protocol.exceptions.GroupMismatchException->NoRetry, org.apache.ratis.protocol.exceptions.NotReplicatedException->NoRetry, org.apache.ratis.protocol.exceptions.ResourceUnavailableException->org.apache.ratis.retry.ExponentialBackoffRetry@5a0c2941, org.apache.ratis.protocol.exceptions.StateMachineException->NoRetry, org.apache.ratis.protocol.exceptions.TimeoutIOException->NoRetry})}
	at org.apache.ratis.client.impl.RaftClientImpl.noMoreRetries(RaftClientImpl.java:352)
	... 22 more
Caused by: java.io.IOException: org.apache.ratis.thirdparty.io.grpc.StatusRuntimeException: UNAVAILABLE: io exception
	at org.apache.ratis.grpc.GrpcUtil.unwrapException(GrpcUtil.java:99)
	at org.apache.ratis.grpc.GrpcUtil.unwrapIOException(GrpcUtil.java:159)
	at org.apache.ratis.grpc.client.GrpcClientProtocolClient$AsyncStreamObservers$1.onError(GrpcClientProtocolClient.java:333)
	... 13 more
Caused by: org.apache.ratis.thirdparty.io.grpc.StatusRuntimeException: UNAVAILABLE: io exception
	at org.apache.ratis.thirdparty.io.grpc.Status.asRuntimeException(Status.java:532)
	... 13 more
Caused by: org.apache.ratis.thirdparty.io.netty.channel.AbstractChannel$AnnotatedConnectException: finishConnect(..) failed: Connection refused: /127.0.0.1:15029
Caused by: java.net.ConnectException: finishConnect(..) failed: Connection refused
	at org.apache.ratis.thirdparty.io.netty.channel.unix.Errors.newConnectException0(Errors.java:166)
	at org.apache.ratis.thirdparty.io.netty.channel.unix.Errors.handleConnectErrno(Errors.java:131)
	at org.apache.ratis.thirdparty.io.netty.channel.unix.Socket.finishConnect(Socket.java:359)
	at org.apache.ratis.thirdparty.io.netty.channel.epoll.AbstractEpollChannel$AbstractEpollUnsafe.doFinishConnect(AbstractEpollChannel.java:715)
	at org.apache.ratis.thirdparty.io.netty.channel.epoll.AbstractEpollChannel$AbstractEpollUnsafe.finishConnect(AbstractEpollChannel.java:692)
	at org.apache.ratis.thirdparty.io.netty.channel.epoll.AbstractEpollChannel$AbstractEpollUnsafe.epollOutReady(AbstractEpollChannel.java:567)
	at org.apache.ratis.thirdparty.io.netty.channel.epoll.EpollEventLoop.processReady(EpollEventLoop.java:491)
	at org.apache.ratis.thirdparty.io.netty.channel.epoll.EpollEventLoop.run(EpollEventLoop.java:399)
	at org.apache.ratis.thirdparty.io.netty.util.concurrent.SingleThreadEventExecutor$4.run(SingleThreadEventExecutor.java:998)
	at org.apache.ratis.thirdparty.io.netty.util.internal.ThreadExecutorMap$2.run(ThreadExecutorMap.java:74)
	at org.apache.ratis.thirdparty.io.netty.util.concurrent.FastThreadLocalRunnable.run(FastThreadLocalRunnable.java:30)
	at java.base/java.lang.Thread.run(Thread.java:1583)
2025-09-19 20:44:23,539 [grpc-default-executor-2] ERROR impl.OrderedAsync (OrderedAsync.java:lambda$send$4(179)) - Failed to send request, message=cmdType: WriteChunk
traceID: ""
containerID: 2
datanodeUuid: "8eb9963e-bce0-4155-aea2-e442cadff8bd"
writeChunk {
  blockID {
    containerID: 2
    localID: 115816896921600002
    blockCommitSequenceId: 0
    replicaIndex: 0
  }
  chunkData {
    chunkName: "115816896921600002_chunk_1"
    offset: 0
    len: 1048576
    checksumData {
      type: CRC32
      bytesPerChecksum: 16384
      checksums: "\326\360U\321"
      checksums: "\326\360U\321"
      checksums: "\326\360U\321"
      checksums: "\326\360U\321"
      checksums: "\326\360U\321"
      checksums: "\326\360U\321"
      checksums: "\326\360U\321"
      checksums: "\326\360U\321"
      checksums: "\326\360U\321"
      checksums: "\326\360U\321"
      checksums: "\326\360U\321"
      checksums: "\326\360U\321"
      checksums: "\326\360U\321"
      checksums: "\326\360U\321"
      checksums: "\326\360U\321"
      checksums: "\326\360U\321"
      checksums: "\326\360U\321"
      checksums: "\326\360U\321"
      checksums: "\326\360U\321"
      checksums: "\326\360U\321"
      checksums: "\326\360U\321"
      checksums: "\326\360U\321"
      checksums: "\326\360U\321"
      checksums: "\326\360U\321"
      checksums: "\326\360U\321"
      checksums: "\326\360U\321"
      checksums: "\326\360U\321"
      checksums: "\326\360U\321"
      checksums: "\326\360U\321"
      checksums: "\326\360U\321"
      checksums: "\326\360U\321"
      checksums: "\326\360U\321"
      checksums: "\326\360U\321"
      checksums: "\326\360U\321"
      checksums: "\326\360U\321"
      checksums: "\326\360U\321"
      checksums: "\326\360U\321"
      checksums: "\326\360U\321"
      checksums: "\326\360U\321"
      checksums: "\326\360U\321"
      checksums: "\326\360U\321"
      checksums: "\326\360U\321"
      checksums: "\326\360U\321"
      checksums: "\326\360U\321"
      checksums: "\326\360U\321"
      checksums: "\326\360U\321"
      checksums: "\326\360U\321"
      checksums: "\326\360U\321"
      checksums: "\326\360U\321"
      checksums: "\326\360U\321"
      checksums: "\326\360U\321"
      checksums: "\326\360U\321"
      checksums: "\326\360U\321"
      checksums: "\326\360U\321"
      checksums: "\326\360U\321"
      checksums: "\326\360U\321"
      checksums: "\326\360U\321"
      checksums: "\326\360U\321"
      checksums: "\326\360U\321"
      checksums: "\326\360U\321"
      checksums: "\326\360U\321"
      checksums: "\326\360U\321"
      checksums: "\326\360U\321"
      checksums: "H$\374\021"
    }
  }
}
version: 3
, data.size=1048576 due to java.util.concurrent.CompletionException: org.apache.ratis.protocol.exceptions.AlreadyClosedException: SlidingWindow$Client:client-6FE78725B677->RAFT is closed.
2025-09-19 20:44:23,540 [grpc-default-executor-2] ERROR impl.OrderedAsync (OrderedAsync.java:lambda$send$4(179)) - Failed to send request, message=cmdType: PutBlock
traceID: ""
containerID: 2
datanodeUuid: "8eb9963e-bce0-4155-aea2-e442cadff8bd"
putBlock {
  blockData {
    blockID {
      containerID: 2
      localID: 115816896921600002
      blockCommitSequenceId: 0
    }
    metadata {
      key: "TYPE"
      value: "KEY"
    }
    chunks {
      chunkName: "115816896921600002_chunk_1"
      offset: 0
      len: 1048576
      checksumData {
        type: CRC32
        bytesPerChecksum: 16384
        checksums: "\326\360U\321"
        checksums: "\326\360U\321"
        checksums: "\326\360U\321"
        checksums: "\326\360U\321"
        checksums: "\326\360U\321"
        checksums: "\326\360U\321"
        checksums: "\326\360U\321"
        checksums: "\326\360U\321"
        checksums: "\326\360U\321"
        checksums: "\326\360U\321"
        checksums: "\326\360U\321"
        checksums: "\326\360U\321"
        checksums: "\326\360U\321"
        checksums: "\326\360U\321"
        checksums: "\326\360U\321"
        checksums: "\326\360U\321"
        checksums: "\326\360U\321"
        checksums: "\326\360U\321"
        checksums: "\326\360U\321"
        checksums: "\326\360U\321"
        checksums: "\326\360U\321"
        checksums: "\326\360U\321"
        checksums: "\326\360U\321"
        checksums: "\326\360U\321"
        checksums: "\326\360U\321"
        checksums: "\326\360U\321"
        checksums: "\326\360U\321"
        checksums: "\326\360U\321"
        checksums: "\326\360U\321"
        checksums: "\326\360U\321"
        checksums: "\326\360U\321"
        checksums: "\326\360U\321"
        checksums: "\326\360U\321"
        checksums: "\326\360U\321"
        checksums: "\326\360U\321"
        checksums: "\326\360U\321"
        checksums: "\326\360U\321"
        checksums: "\326\360U\321"
        checksums: "\326\360U\321"
        checksums: "\326\360U\321"
        checksums: "\326\360U\321"
        checksums: "\326\360U\321"
        checksums: "\326\360U\321"
        checksums: "\326\360U\321"
        checksums: "\326\360U\321"
        checksums: "\326\360U\321"
        checksums: "\326\360U\321"
        checksums: "\326\360U\321"
        checksums: "\326\360U\321"
        checksums: "\326\360U\321"
        checksums: "\326\360U\321"
        checksums: "\326\360U\321"
        checksums: "\326\360U\321"
        checksums: "\326\360U\321"
        checksums: "\326\360U\321"
        checksums: "\326\360U\321"
        checksums: "\326\360U\321"
        checksums: "\326\360U\321"
        checksums: "\326\360U\321"
        checksums: "\326\360U\321"
        checksums: "\326\360U\321"
        checksums: "\326\360U\321"
        checksums: "\326\360U\321"
        checksums: "H$\374\021"
      }
    }
  }
  eof: false
}
version: 3
, data.size=0 due to java.util.concurrent.CompletionException: org.apache.ratis.protocol.exceptions.AlreadyClosedException: SlidingWindow$Client:client-6FE78725B677->RAFT is closed.
2025-09-19 20:44:23,540 [ForkJoinPool-1-worker-1] WARN  io.KeyOutputStream (KeyOutputStream.java:handleExceptionInternal(377)) - Encountered exception java.io.IOException: Unexpected Storage Container Exception: java.util.concurrent.CompletionException: Failed to write chunk 115816896921600002_chunk_1 into block conID: 2 locID: 115816896921600002 bcsId: 0 replicaIndex: null on the pipeline Pipeline{ Id: e102d630-0766-4c9c-a6ac-a751954341bd, Nodes: [ {8eb9963e-bce0-4155-aea2-e442cadff8bd(localhost/127.0.0.1), ReplicaIndex: 0}, {b5a25cc1-46d3-4381-a194-bd68f4526f1c(localhost/127.0.0.1), ReplicaIndex: 0}, {0df1231c-9f8a-4757-a7d0-f6d7f53bc482(localhost/127.0.0.1), ReplicaIndex: 0},], ReplicationConfig: RATIS/THREE, State:OPEN, leaderId:8eb9963e-bce0-4155-aea2-e442cadff8bd, CreationTimestamp2025-09-19T20:43:08.688Z[Etc/UTC]}. The last committed block length is 0, uncommitted data length is 2097152 retry count 1
2025-09-19 20:44:23,610 [ForkJoinPool-1-worker-1] INFO  io.BlockOutputStreamEntry (BlockOutputStreamEntry.java:writeOnRetry(192)) - BlockOutputStreamEntry:cf0b0a65-896c-4997-8236-cc766fc4c73e conID: 3 locID: 115816896921600003 bcsId: 0 replicaIndex: null: Finish retrying with len 2097152, currentPosition 2097152
2025-09-19 20:44:23,610 [ForkJoinPool-1-worker-1] INFO  io.BlockOutputStreamEntry (BlockOutputStreamEntry.java:finishRetryHandling(141)) - BlockOutputStreamEntry:cf0b0a65-896c-4997-8236-cc766fc4c73e conID: 3 locID: 115816896921600003 bcsId: 0 replicaIndex: null: Exiting retry handling mode
2025-09-19 20:44:23,935 [8eb9963e-bce0-4155-aea2-e442cadff8bd@group-A751954341BD-FollowerState] INFO  impl.FollowerState (FollowerState.java:runImpl(161)) - 8eb9963e-bce0-4155-aea2-e442cadff8bd@group-A751954341BD-FollowerState: change to CANDIDATE, lastRpcElapsedTime:1105264493ns, electionTimeout:1105ms
2025-09-19 20:44:23,935 [8eb9963e-bce0-4155-aea2-e442cadff8bd@group-A751954341BD-FollowerState] INFO  impl.RoleInfo (RoleInfo.java:shutdownFollowerState(121)) - 8eb9963e-bce0-4155-aea2-e442cadff8bd: shutdown 8eb9963e-bce0-4155-aea2-e442cadff8bd@group-A751954341BD-FollowerState
2025-09-19 20:44:23,935 [8eb9963e-bce0-4155-aea2-e442cadff8bd@group-A751954341BD-FollowerState] INFO  server.RaftServer$Division (RaftServerImpl.java:setRole(392)) - 8eb9963e-bce0-4155-aea2-e442cadff8bd@group-A751954341BD: changes role from  FOLLOWER to CANDIDATE at term 1 for changeToCandidate
2025-09-19 20:44:23,935 [8eb9963e-bce0-4155-aea2-e442cadff8bd@group-A751954341BD-FollowerState] INFO  impl.RoleInfo (RoleInfo.java:updateAndGet(148)) - 8eb9963e-bce0-4155-aea2-e442cadff8bd: start 8eb9963e-bce0-4155-aea2-e442cadff8bd@group-A751954341BD-LeaderElection137
2025-09-19 20:44:23,936 [8eb9963e-bce0-4155-aea2-e442cadff8bd@group-A751954341BD-LeaderElection137] INFO  impl.LeaderElection (LeaderElection.java:askForVotes(448)) - 8eb9963e-bce0-4155-aea2-e442cadff8bd@group-A751954341BD-LeaderElection137 PRE_VOTE round 0: submit vote requests at term 1 for conf: {index: 0, cur=peers:[b5a25cc1-46d3-4381-a194-bd68f4526f1c|127.0.0.1:15031, 0df1231c-9f8a-4757-a7d0-f6d7f53bc482|127.0.0.1:15023, 8eb9963e-bce0-4155-aea2-e442cadff8bd|127.0.0.1:15015]|listeners:[], old=null}
2025-09-19 20:44:23,937 [8eb9963e-bce0-4155-aea2-e442cadff8bd@group-A751954341BD-LeaderElection137] INFO  impl.LeaderElection (LogUtils.java:infoOrTrace(142)) - 8eb9963e-bce0-4155-aea2-e442cadff8bd@group-A751954341BD-LeaderElection137 got exception when requesting votes: java.util.concurrent.ExecutionException: org.apache.ratis.thirdparty.io.grpc.StatusRuntimeException: UNAVAILABLE: io exception
2025-09-19 20:44:23,937 [8eb9963e-bce0-4155-aea2-e442cadff8bd@group-A751954341BD-LeaderElection137] INFO  impl.LeaderElection (LogUtils.java:infoOrTrace(142)) - 8eb9963e-bce0-4155-aea2-e442cadff8bd@group-A751954341BD-LeaderElection137 got exception when requesting votes: java.util.concurrent.ExecutionException: org.apache.ratis.thirdparty.io.grpc.StatusRuntimeException: UNAVAILABLE: io exception
2025-09-19 20:44:23,937 [8eb9963e-bce0-4155-aea2-e442cadff8bd@group-A751954341BD-LeaderElection137] INFO  impl.LeaderElection (LeaderElection.java:logAndReturn(206)) - 8eb9963e-bce0-4155-aea2-e442cadff8bd@group-A751954341BD-LeaderElection137: PRE_VOTE REJECTED received 0 response(s) and 2 exception(s):
2025-09-19 20:44:23,937 [8eb9963e-bce0-4155-aea2-e442cadff8bd@group-A751954341BD-LeaderElection137] INFO  impl.LeaderElection (LogUtils.java:infoOrTrace(142)) -   Exception 0: java.util.concurrent.ExecutionException: org.apache.ratis.thirdparty.io.grpc.StatusRuntimeException: UNAVAILABLE: io exception
2025-09-19 20:44:23,937 [8eb9963e-bce0-4155-aea2-e442cadff8bd@group-A751954341BD-LeaderElection137] INFO  impl.LeaderElection (LogUtils.java:infoOrTrace(142)) -   Exception 1: java.util.concurrent.ExecutionException: org.apache.ratis.thirdparty.io.grpc.StatusRuntimeException: UNAVAILABLE: io exception
2025-09-19 20:44:23,937 [8eb9963e-bce0-4155-aea2-e442cadff8bd@group-A751954341BD-LeaderElection137] INFO  impl.LeaderElection (LeaderElection.java:askForVotes(450)) - 8eb9963e-bce0-4155-aea2-e442cadff8bd@group-A751954341BD-LeaderElection137 PRE_VOTE round 0: result REJECTED
2025-09-19 20:44:23,937 [8eb9963e-bce0-4155-aea2-e442cadff8bd@group-A751954341BD-LeaderElection137] INFO  server.RaftServer$Division (RaftServerImpl.java:setRole(392)) - 8eb9963e-bce0-4155-aea2-e442cadff8bd@group-A751954341BD: changes role from CANDIDATE to FOLLOWER at term 1 for REJECTED
2025-09-19 20:44:23,937 [8eb9963e-bce0-4155-aea2-e442cadff8bd@group-A751954341BD-LeaderElection137] INFO  impl.RoleInfo (RoleInfo.java:shutdownLeaderElection(141)) - 8eb9963e-bce0-4155-aea2-e442cadff8bd: shutdown 8eb9963e-bce0-4155-aea2-e442cadff8bd@group-A751954341BD-LeaderElection137
2025-09-19 20:44:23,937 [8eb9963e-bce0-4155-aea2-e442cadff8bd@group-A751954341BD-LeaderElection137] INFO  impl.RoleInfo (RoleInfo.java:updateAndGet(148)) - 8eb9963e-bce0-4155-aea2-e442cadff8bd: start 8eb9963e-bce0-4155-aea2-e442cadff8bd@group-A751954341BD-FollowerState
]]></system-out>
  </testcase>
  <testcase name="testContainerExclusionWithClosedContainerException" classname="org.apache.hadoop.ozone.client.rpc.TestFailureHandlingByClient" time="15.193">
    <system-out><![CDATA[2025-09-19 20:44:24,000 [ForkJoinPool-1-worker-1] WARN  dropwizard3.Dm3MetricRegistriesImpl (Dm3MetricRegistriesImpl.java:addReporterRegistration(114)) - New reporters are added after registries were created. Some metrics will be missing from the reporter. Please add reporter before adding any new registry.
2025-09-19 20:44:24,000 [ForkJoinPool-1-worker-1] WARN  dropwizard3.Dm3MetricRegistriesImpl (Dm3MetricRegistriesImpl.java:addReporterRegistration(114)) - New reporters are added after registries were created. Some metrics will be missing from the reporter. Please add reporter before adding any new registry.
2025-09-19 20:44:24,000 [ForkJoinPool-1-worker-1] INFO  impl.MetricsSystemImpl (MetricsSystemImpl.java:init(158)) - HddsDatanode metrics system started (again)
2025-09-19 20:44:24,044 [ForkJoinPool-1-worker-1] INFO  ozone.HddsDatanodeService (HddsDatanodeService.java:start(236)) - HddsDatanodeService b5a25cc1-46d3-4381-a194-bd68f4526f1c(localhost/127.0.0.1)
2025-09-19 20:44:24,046 [ForkJoinPool-1-worker-1] INFO  upgrade.AbstractLayoutVersionManager (AbstractLayoutVersionManager.java:init(80)) - Initializing Layout version manager with metadata layout = WITNESSED_CONTAINER_DB_PROTO_VALUE (version = 9), software layout = WITNESSED_CONTAINER_DB_PROTO_VALUE (version = 9)
2025-09-19 20:44:24,046 [ForkJoinPool-1-worker-1] INFO  statemachine.DatanodeStateMachine (DatanodeStateMachine.java:getEndPointTaskThreadPoolSize(321)) - Datanode State Machine Task Thread Pool size 2
2025-09-19 20:44:24,049 [ForkJoinPool-1-worker-1] INFO  volume.HddsVolume (HddsVolume.java:<init>(162)) - HddsVolume: { id=DS-00f21907-a1b3-4a4a-aa5e-0adcb3313994 dir=/home/runner/work/ozone/ozone/hadoop-ozone/integration-test/target/test-dir/MiniOzoneClusterImpl-990002c2-bb69-4aa2-bd68-28a5e13e86ef/ozone-metadata/datanode-3/data-0/hdds type=DISK capacity=9222449699674390527 used=0 available=9222449699674390527 minFree=9222450130714624 committed=0 }
2025-09-19 20:44:24,050 [ForkJoinPool-1-worker-1] INFO  volume.MutableVolumeSet (MutableVolumeSet.java:initializeVolumeSet(175)) - Added Volume : /home/runner/work/ozone/ozone/hadoop-ozone/integration-test/target/test-dir/MiniOzoneClusterImpl-990002c2-bb69-4aa2-bd68-28a5e13e86ef/ozone-metadata/datanode-3/data-0/hdds to VolumeSet
2025-09-19 20:44:24,051 [ForkJoinPool-1-worker-1] INFO  volume.MutableVolumeSet (MutableVolumeSet.java:initializeVolumeSet(175)) - Added Volume : /home/runner/work/ozone/ozone/hadoop-ozone/integration-test/target/test-dir/MiniOzoneClusterImpl-990002c2-bb69-4aa2-bd68-28a5e13e86ef/ozone-metadata/datanode-3/ratis to VolumeSet
2025-09-19 20:44:24,071 [ForkJoinPool.commonPool-worker-2] INFO  utils.DatanodeStoreCache (DatanodeStoreCache.java:addDB(70)) - Added db /home/runner/work/ozone/ozone/hadoop-ozone/integration-test/target/test-dir/MiniOzoneClusterImpl-990002c2-bb69-4aa2-bd68-28a5e13e86ef/ozone-metadata/datanode-3/data-0/hdds/990002c2-bb69-4aa2-bd68-28a5e13e86ef/DS-00f21907-a1b3-4a4a-aa5e-0adcb3313994/container.db to cache
2025-09-19 20:44:24,071 [ForkJoinPool.commonPool-worker-2] INFO  volume.HddsVolume (HddsVolume.java:loadDbStore(517)) - SchemaV3 db is loaded at /home/runner/work/ozone/ozone/hadoop-ozone/integration-test/target/test-dir/MiniOzoneClusterImpl-990002c2-bb69-4aa2-bd68-28a5e13e86ef/ozone-metadata/datanode-3/data-0/hdds/990002c2-bb69-4aa2-bd68-28a5e13e86ef/DS-00f21907-a1b3-4a4a-aa5e-0adcb3313994/container.db for volume DS-00f21907-a1b3-4a4a-aa5e-0adcb3313994
2025-09-19 20:44:24,071 [ForkJoinPool-1-worker-1] INFO  ozoneimpl.OzoneContainer (HddsVolumeUtil.java:loadAllHddsVolumeDbStore(102)) - Load 1 volumes DbStore cost: 20ms
2025-09-19 20:44:24,072 [ForkJoinPool-1-worker-1] WARN  db.DBStoreBuilder (DBStoreBuilder.java:getDBDirPath(158)) - ozone.scm.datanode.id.dir is not configured. We recommend adding this setting. Falling back to ozone.metadata.dirs instead.
2025-09-19 20:44:24,073 [ForkJoinPool-1-worker-1] WARN  db.DBStoreBuilder (DBStoreBuilder.java:getDBDirPath(158)) - ozone.scm.datanode.id.dir is not configured. We recommend adding this setting. Falling back to ozone.metadata.dirs instead.
2025-09-19 20:44:24,082 [ForkJoinPool-1-worker-1] INFO  impl.FilePerChunkStrategy (FilePerChunkStrategy.java:<init>(79)) - ozone.chunk.read.mapped.buffer.max.count is load with 0
2025-09-19 20:44:24,083 [ForkJoinPool-1-worker-1] INFO  impl.FilePerBlockStrategy (FilePerBlockStrategy.java:<init>(88)) - ozone.chunk.read.mapped.buffer.max.count is load with 0
2025-09-19 20:44:24,083 [ForkJoinPool-1-worker-1] INFO  server.RaftServerConfigKeys (ConfUtils.java:logGet(62)) - raft.server.log.appender.buffer.byte-limit = 33554432 (custom)
2025-09-19 20:44:24,085 [ForkJoinPool-1-worker-1] INFO  grpc.GrpcConfigKeys (ConfUtils.java:logFallback(69)) - raft.grpc.admin.host = null (fallback to raft.grpc.server.host)
2025-09-19 20:44:24,085 [ForkJoinPool-1-worker-1] INFO  grpc.GrpcConfigKeys (ConfUtils.java:logGet(62)) - raft.grpc.admin.port = 15030 (custom)
2025-09-19 20:44:24,085 [ForkJoinPool-1-worker-1] INFO  grpc.GrpcConfigKeys (ConfUtils.java:logFallback(69)) - raft.grpc.client.host = null (fallback to raft.grpc.server.host)
2025-09-19 20:44:24,085 [ForkJoinPool-1-worker-1] INFO  grpc.GrpcConfigKeys (ConfUtils.java:logGet(62)) - raft.grpc.client.port = 15029 (custom)
2025-09-19 20:44:24,085 [ForkJoinPool-1-worker-1] INFO  grpc.GrpcConfigKeys (ConfUtils.java:logGet(62)) - raft.grpc.server.port = 15031 (custom)
2025-09-19 20:44:24,085 [ForkJoinPool-1-worker-1] INFO  server.GrpcServicesImpl (ConfUtils.java:logGet(62)) - raft.grpc.message.size.max = 34603008 (custom)
2025-09-19 20:44:24,085 [ForkJoinPool-1-worker-1] INFO  server.GrpcServicesImpl (ConfUtils.java:logGet(62)) - raft.grpc.flow.control.window = 5MB (=5242880) (custom)
2025-09-19 20:44:24,086 [ForkJoinPool-1-worker-1] INFO  server.RaftServerConfigKeys (ConfUtils.java:logGet(62)) - raft.server.log.appender.buffer.byte-limit = 33554432 (custom)
2025-09-19 20:44:24,087 [ForkJoinPool-1-worker-1] INFO  netty.NettyUtils (NettyUtils.java:newEventLoopGroup(74)) - Create EpollEventLoopGroup for b5a25cc1-46d3-4381-a194-bd68f4526f1c-NettyServerStreamRpc-bossGroup; Thread size is 0.
2025-09-19 20:44:24,088 [ForkJoinPool-1-worker-1] INFO  netty.NettyUtils (NettyUtils.java:newEventLoopGroup(74)) - Create EpollEventLoopGroup for b5a25cc1-46d3-4381-a194-bd68f4526f1c-NettyServerStreamRpc-workerGroup; Thread size is 0.
2025-09-19 20:44:24,089 [ForkJoinPool-1-worker-1] INFO  netty.NettyConfigKeys$DataStream (ConfUtils.java:logGet(62)) - raft.netty.dataStream.port = 15032 (custom)
2025-09-19 20:44:24,090 [b5a25cc1-46d3-4381-a194-bd68f4526f1c-NettyServerStreamRpc-bossGroup--thread1] INFO  logging.LoggingHandler (AbstractInternalLogger.java:log(148)) - [id: 0x023cd176] REGISTERED
2025-09-19 20:44:24,090 [ForkJoinPool-1-worker-1] INFO  server.RaftServerConfigKeys (ConfUtils.java:logGet(62)) - raft.server.storage.dir = [/home/runner/work/ozone/ozone/hadoop-ozone/integration-test/target/test-dir/MiniOzoneClusterImpl-990002c2-bb69-4aa2-bd68-28a5e13e86ef/ozone-metadata/datanode-3/ratis] (custom)
2025-09-19 20:44:24,090 [b5a25cc1-46d3-4381-a194-bd68f4526f1c-NettyServerStreamRpc-bossGroup--thread1] INFO  logging.LoggingHandler (AbstractInternalLogger.java:log(148)) - [id: 0x023cd176] BIND: 0.0.0.0/0.0.0.0:15032
2025-09-19 20:44:24,090 [b5a25cc1-46d3-4381-a194-bd68f4526f1c-NettyServerStreamRpc-bossGroup--thread1] INFO  logging.LoggingHandler (AbstractInternalLogger.java:log(148)) - [id: 0x023cd176, L:/0.0.0.0:15032] ACTIVE
2025-09-19 20:44:24,091 [b5a25cc1-46d3-4381-a194-bd68f4526f1c-impl-thread1] INFO  server.RaftServer (RaftServerProxy.java:initGroupDir(270)) - b5a25cc1-46d3-4381-a194-bd68f4526f1c: found a subdirectory /home/runner/work/ozone/ozone/hadoop-ozone/integration-test/target/test-dir/MiniOzoneClusterImpl-990002c2-bb69-4aa2-bd68-28a5e13e86ef/ozone-metadata/datanode-3/ratis/tmp
2025-09-19 20:44:24,091 [b5a25cc1-46d3-4381-a194-bd68f4526f1c-impl-thread1] INFO  server.RaftServer (RaftServerProxy.java:initGroupDir(275)) - b5a25cc1-46d3-4381-a194-bd68f4526f1c: The directory /home/runner/work/ozone/ozone/hadoop-ozone/integration-test/target/test-dir/MiniOzoneClusterImpl-990002c2-bb69-4aa2-bd68-28a5e13e86ef/ozone-metadata/datanode-3/ratis/tmp is not a group directory; ignoring it. 
2025-09-19 20:44:24,091 [b5a25cc1-46d3-4381-a194-bd68f4526f1c-impl-thread1] INFO  server.RaftServer (RaftServerProxy.java:initGroupDir(270)) - b5a25cc1-46d3-4381-a194-bd68f4526f1c: found a subdirectory /home/runner/work/ozone/ozone/hadoop-ozone/integration-test/target/test-dir/MiniOzoneClusterImpl-990002c2-bb69-4aa2-bd68-28a5e13e86ef/ozone-metadata/datanode-3/ratis/e102d630-0766-4c9c-a6ac-a751954341bd
2025-09-19 20:44:24,091 [b5a25cc1-46d3-4381-a194-bd68f4526f1c-impl-thread1] INFO  server.RaftServer (RaftServerProxy.java:addNew(105)) - b5a25cc1-46d3-4381-a194-bd68f4526f1c: addNew group-A751954341BD:[] returns group-A751954341BD:java.util.concurrent.CompletableFuture@22f1804c[Not completed]
2025-09-19 20:44:24,091 [b5a25cc1-46d3-4381-a194-bd68f4526f1c-impl-thread1] INFO  server.RaftServer (RaftServerProxy.java:initGroupDir(270)) - b5a25cc1-46d3-4381-a194-bd68f4526f1c: found a subdirectory /home/runner/work/ozone/ozone/hadoop-ozone/integration-test/target/test-dir/MiniOzoneClusterImpl-990002c2-bb69-4aa2-bd68-28a5e13e86ef/ozone-metadata/datanode-3/ratis/7b6acda8-b144-4fc3-891d-88b5b3dd1307
2025-09-19 20:44:24,091 [b5a25cc1-46d3-4381-a194-bd68f4526f1c-impl-thread1] INFO  server.RaftServer (RaftServerProxy.java:addNew(105)) - b5a25cc1-46d3-4381-a194-bd68f4526f1c: addNew group-88B5B3DD1307:[] returns group-88B5B3DD1307:java.util.concurrent.CompletableFuture@14011bfd[Not completed]
2025-09-19 20:44:24,091 [b5a25cc1-46d3-4381-a194-bd68f4526f1c-impl-thread1] INFO  server.RaftServer (RaftServerProxy.java:initGroupDir(270)) - b5a25cc1-46d3-4381-a194-bd68f4526f1c: found a subdirectory /home/runner/work/ozone/ozone/hadoop-ozone/integration-test/target/test-dir/MiniOzoneClusterImpl-990002c2-bb69-4aa2-bd68-28a5e13e86ef/ozone-metadata/datanode-3/ratis/958000d3-2396-49be-82e9-715ebf8096a7
2025-09-19 20:44:24,092 [b5a25cc1-46d3-4381-a194-bd68f4526f1c-impl-thread1] INFO  server.RaftServer (RaftServerProxy.java:addNew(105)) - b5a25cc1-46d3-4381-a194-bd68f4526f1c: addNew group-715EBF8096A7:[] returns group-715EBF8096A7:java.util.concurrent.CompletableFuture@1319a438[Not completed]
2025-09-19 20:44:24,092 [ForkJoinPool-1-worker-1] INFO  replication.ReplicationServer (ReplicationServer.java:<init>(84)) - Initializing replication server with thread count = 10 queue length = 4096
2025-09-19 20:44:24,093 [ForkJoinPool-1-worker-1] INFO  server.XceiverServerGrpc (XceiverServerGrpc.java:<init>(130)) - GrpcServer channel type EpollServerSocketChannel
2025-09-19 20:44:24,095 [b5a25cc1-46d3-4381-a194-bd68f4526f1c-groupManagement] INFO  server.RaftServer$Division (RaftServerImpl.java:<init>(268)) - b5a25cc1-46d3-4381-a194-bd68f4526f1c: new RaftServerImpl for group-A751954341BD:[] with ContainerStateMachine:uninitialized
2025-09-19 20:44:24,095 [b5a25cc1-46d3-4381-a194-bd68f4526f1c-groupManagement] INFO  server.RaftServer$Division (ServerState.java:<init>(114)) - b5a25cc1-46d3-4381-a194-bd68f4526f1c@group-A751954341BD: ConfigurationManager, init=conf: {index: -1, cur=peers:[]|listeners:[], old=null}, confs=<EMPTY_MAP>
2025-09-19 20:44:24,097 [ForkJoinPool-1-worker-1] INFO  replication.ReplicationSupervisor (ReplicationSupervisor.java:build(169)) - Initializing replication supervisor with thread count = 10
2025-09-19 20:44:24,097 [ForkJoinPool-1-worker-1] INFO  replication.ReplicationSupervisor (ReplicationSupervisor.java:nodeStateUpdated(358)) - Node state updated to IN_SERVICE, scaling executor pool size to 10
2025-09-19 20:44:24,101 [ForkJoinPool-1-worker-1] INFO  http.BaseHttpServer (BaseHttpServer.java:newHttpServer2BuilderForOzone(227)) - Starting Web-server for hddsDatanode at: http://0.0.0.0:15026
2025-09-19 20:44:24,101 [ForkJoinPool-1-worker-1] INFO  http.BaseHttpServer (BaseHttpServer.java:<init>(105)) - Hadoop Security Enabled: false Ozone Security Enabled: false Ozone HTTP Security Enabled: false 
2025-09-19 20:44:24,102 [b5a25cc1-46d3-4381-a194-bd68f4526f1c-groupManagement] INFO  server.RaftServer$Division (RaftServerImpl.java:<init>(268)) - b5a25cc1-46d3-4381-a194-bd68f4526f1c: new RaftServerImpl for group-88B5B3DD1307:[] with ContainerStateMachine:uninitialized
2025-09-19 20:44:24,102 [b5a25cc1-46d3-4381-a194-bd68f4526f1c-groupManagement] INFO  server.RaftServer$Division (ServerState.java:<init>(114)) - b5a25cc1-46d3-4381-a194-bd68f4526f1c@group-88B5B3DD1307: ConfigurationManager, init=conf: {index: -1, cur=peers:[]|listeners:[], old=null}, confs=<EMPTY_MAP>
2025-09-19 20:44:24,104 [ForkJoinPool-1-worker-1] WARN  server.AuthenticationFilter (AuthenticationFilter.java:constructSecretProvider(240)) - Unable to initialize FileSignerSecretProvider, falling back to use random secrets. Reason: Could not read signature secret file: /home/runner/hadoop-http-auth-signature-secret
2025-09-19 20:44:24,107 [ForkJoinPool-1-worker-1] INFO  http.HttpServer2 (HttpServer2.java:addGlobalFilter(1041)) - Added global filter 'safety' (class=org.apache.hadoop.hdds.server.http.HttpServer2$QuotingInputFilter)
2025-09-19 20:44:24,108 [b5a25cc1-46d3-4381-a194-bd68f4526f1c-groupManagement] INFO  server.RaftServer$Division (RaftServerImpl.java:<init>(268)) - b5a25cc1-46d3-4381-a194-bd68f4526f1c: new RaftServerImpl for group-715EBF8096A7:[] with ContainerStateMachine:uninitialized
2025-09-19 20:44:24,108 [b5a25cc1-46d3-4381-a194-bd68f4526f1c-groupManagement] INFO  server.RaftServer$Division (ServerState.java:<init>(114)) - b5a25cc1-46d3-4381-a194-bd68f4526f1c@group-715EBF8096A7: ConfigurationManager, init=conf: {index: -1, cur=peers:[]|listeners:[], old=null}, confs=<EMPTY_MAP>
2025-09-19 20:44:24,109 [ForkJoinPool-1-worker-1] INFO  http.HttpServer2 (HttpServer2.java:addFilter(1017)) - Added filter static_user_filter (class=org.apache.hadoop.http.lib.StaticUserWebFilter$StaticUserFilter) to context hddsDatanode
2025-09-19 20:44:24,110 [ForkJoinPool-1-worker-1] INFO  http.HttpServer2 (HttpServer2.java:addFilter(1025)) - Added filter static_user_filter (class=org.apache.hadoop.http.lib.StaticUserWebFilter$StaticUserFilter) to context static
2025-09-19 20:44:24,110 [ForkJoinPool-1-worker-1] INFO  http.HttpServer2 (HttpServer2.java:addFilter(1025)) - Added filter static_user_filter (class=org.apache.hadoop.http.lib.StaticUserWebFilter$StaticUserFilter) to context logs
2025-09-19 20:44:24,111 [ForkJoinPool-1-worker-1] INFO  http.BaseHttpServer (BaseHttpServer.java:<init>(193)) - HTTP server of hddsDatanode uses base directory /home/runner/work/ozone/ozone/hadoop-ozone/integration-test/target/test-dir/MiniOzoneClusterImpl-990002c2-bb69-4aa2-bd68-28a5e13e86ef/scm/ozone-metadata/webserver
2025-09-19 20:44:24,111 [ForkJoinPool-1-worker-1] INFO  http.HttpServer2 (HttpServer2.java:bindListener(1241)) - Jetty bound to port 15026
2025-09-19 20:44:24,112 [ForkJoinPool-1-worker-1] INFO  server.Server (Server.java:doStart(375)) - jetty-9.4.58.v20250814; built: 2025-08-14T02:28:49.637Z; git: 8f1440587e9e4ae7db3d74cf205643f3d707148d; jvm 21.0.8+9-LTS
2025-09-19 20:44:24,114 [ForkJoinPool-1-worker-1] INFO  server.session (DefaultSessionIdManager.java:doStart(334)) - DefaultSessionIdManager workerName=node0
2025-09-19 20:44:24,114 [ForkJoinPool-1-worker-1] INFO  server.session (DefaultSessionIdManager.java:doStart(339)) - No SessionScavenger set, using defaults
2025-09-19 20:44:24,115 [ForkJoinPool-1-worker-1] INFO  server.session (HouseKeeper.java:startScavenging(132)) - node0 Scavenging every 600000ms
2025-09-19 20:44:24,116 [ForkJoinPool-1-worker-1] INFO  handler.ContextHandler (ContextHandler.java:doStart(921)) - Started o.e.j.s.ServletContextHandler@219bd024{logs,/logs,file:///home/runner/work/ozone/ozone/hadoop-ozone/integration-test/target/log,AVAILABLE}
2025-09-19 20:44:24,116 [ForkJoinPool-1-worker-1] INFO  handler.ContextHandler (ContextHandler.java:doStart(921)) - Started o.e.j.s.ServletContextHandler@4543f617{static,/static,jar:file:/home/runner/work/ozone/ozone/hadoop-hdds/container-service/target/hdds-container-service-2.1.0-SNAPSHOT.jar!/webapps/static,AVAILABLE}
2025-09-19 20:44:24,259 [ForkJoinPool-1-worker-1] INFO  handler.ContextHandler (ContextHandler.java:doStart(921)) - Started o.e.j.w.WebAppContext@15e1456f{hddsDatanode,/,file:///home/runner/work/ozone/ozone/hadoop-ozone/integration-test/target/test-dir/MiniOzoneClusterImpl-990002c2-bb69-4aa2-bd68-28a5e13e86ef/scm/ozone-metadata/webserver/jetty-0_0_0_0-15026-hdds-container-service-2_1_0-SNAPSHOT_jar-_-any-5913809720701398034/webapp/,AVAILABLE}{jar:file:/home/runner/work/ozone/ozone/hadoop-hdds/container-service/target/hdds-container-service-2.1.0-SNAPSHOT.jar!/webapps/hddsDatanode}
2025-09-19 20:44:24,260 [ForkJoinPool-1-worker-1] INFO  server.AbstractConnector (AbstractConnector.java:doStart(333)) - Started ServerConnector@1dc5bb51{HTTP/1.1, (http/1.1)}{0.0.0.0:15026}
2025-09-19 20:44:24,260 [ForkJoinPool-1-worker-1] INFO  server.Server (Server.java:doStart(415)) - Started @88478ms
2025-09-19 20:44:24,260 [ForkJoinPool-1-worker-1] WARN  impl.MetricsSystemImpl (MetricsSystemImpl.java:register(279)) - Sink prometheus already exists!
2025-09-19 20:44:24,260 [ForkJoinPool-1-worker-1] INFO  http.BaseHttpServer (BaseHttpServer.java:updateConnectorAddress(357)) - HTTP server of hddsDatanode listening at http://localhost:15026
2025-09-19 20:44:24,261 [ForkJoinPool-1-worker-1] INFO  ipc.CallQueueManager (CallQueueManager.java:<init>(93)) - Using callQueue: class java.util.concurrent.LinkedBlockingQueue, queueCapacity: 1000, scheduler: class org.apache.hadoop.ipc.DefaultRpcScheduler, ipcBackoff: false, ipcFailOver: false.
2025-09-19 20:44:24,261 [ForkJoinPool-1-worker-1] INFO  ipc.Server (Server.java:<init>(1438)) - Listener at 0.0.0.0:15027
2025-09-19 20:44:24,261 [Socket Reader #1 for port 15027] INFO  ipc.Server (Server.java:run(1474)) - Starting Socket Reader #1 for port 15027
2025-09-19 20:44:24,262 [Socket Reader #2 for port 15027] INFO  ipc.Server (Server.java:run(1474)) - Starting Socket Reader #2 for port 15027
2025-09-19 20:44:24,262 [Socket Reader #3 for port 15027] INFO  ipc.Server (Server.java:run(1474)) - Starting Socket Reader #3 for port 15027
2025-09-19 20:44:24,262 [Socket Reader #4 for port 15027] INFO  ipc.Server (Server.java:run(1474)) - Starting Socket Reader #4 for port 15027
2025-09-19 20:44:24,262 [Socket Reader #5 for port 15027] INFO  ipc.Server (Server.java:run(1474)) - Starting Socket Reader #5 for port 15027
2025-09-19 20:44:24,262 [Socket Reader #6 for port 15027] INFO  ipc.Server (Server.java:run(1474)) - Starting Socket Reader #6 for port 15027
2025-09-19 20:44:24,262 [Socket Reader #7 for port 15027] INFO  ipc.Server (Server.java:run(1474)) - Starting Socket Reader #7 for port 15027
2025-09-19 20:44:24,263 [Socket Reader #8 for port 15027] INFO  ipc.Server (Server.java:run(1474)) - Starting Socket Reader #8 for port 15027
2025-09-19 20:44:24,263 [Socket Reader #9 for port 15027] INFO  ipc.Server (Server.java:run(1474)) - Starting Socket Reader #9 for port 15027
2025-09-19 20:44:24,263 [Socket Reader #10 for port 15027] INFO  ipc.Server (Server.java:run(1474)) - Starting Socket Reader #10 for port 15027
2025-09-19 20:44:24,265 [ForkJoinPool-1-worker-1] INFO  ozone.HddsDatanodeService (HddsDatanodeService.java:start(333)) - Datanode start with admins: [admin, runner]
2025-09-19 20:44:24,265 [ForkJoinPool-1-worker-1] INFO  ozone.HddsDatanodeClientProtocolServer (HddsDatanodeClientProtocolServer.java:start(76)) - RPC server for Client /0.0.0.0:15027
2025-09-19 20:44:24,265 [IPC Server Responder] INFO  ipc.Server (Server.java:run(1713)) - IPC Server Responder: starting
2025-09-19 20:44:24,265 [IPC Server listener on 15027] INFO  ipc.Server (Server.java:run(1553)) - IPC Server listener on 15027: starting
2025-09-19 20:44:24,267 [b5a25cc1-46d3-4381-a194-bd68f4526f1c-DatanodeStateMachineDaemonThread] INFO  statemachine.DatanodeStateMachine (DatanodeStateMachine.java:startStateMachineThread(363)) - Ozone container server started.
2025-09-19 20:44:24,268 [ForkJoinPool-1-worker-1] WARN  dropwizard3.Dm3MetricRegistriesImpl (Dm3MetricRegistriesImpl.java:addReporterRegistration(114)) - New reporters are added after registries were created. Some metrics will be missing from the reporter. Please add reporter before adding any new registry.
2025-09-19 20:44:24,268 [ForkJoinPool-1-worker-1] WARN  dropwizard3.Dm3MetricRegistriesImpl (Dm3MetricRegistriesImpl.java:addReporterRegistration(114)) - New reporters are added after registries were created. Some metrics will be missing from the reporter. Please add reporter before adding any new registry.
2025-09-19 20:44:24,268 [ForkJoinPool-1-worker-1] INFO  impl.MetricsSystemImpl (MetricsSystemImpl.java:init(158)) - HddsDatanode metrics system started (again)
2025-09-19 20:44:24,272 [b5a25cc1-46d3-4381-a194-bd68f4526f1c-DatanodeStateMachineTaskThread-0] INFO  datanode.InitDatanodeState (InitDatanodeState.java:persistContainerDatanodeDetails(139)) - DatanodeDetails is persisted to /home/runner/work/ozone/ozone/hadoop-ozone/integration-test/target/test-dir/MiniOzoneClusterImpl-990002c2-bb69-4aa2-bd68-28a5e13e86ef/ozone-metadata/datanode-3/ozone-metadata/datanode.id
2025-09-19 20:44:24,296 [ForkJoinPool-1-worker-1] INFO  ozone.HddsDatanodeService (HddsDatanodeService.java:start(236)) - HddsDatanodeService 0df1231c-9f8a-4757-a7d0-f6d7f53bc482(localhost/127.0.0.1)
2025-09-19 20:44:24,297 [ForkJoinPool-1-worker-1] INFO  upgrade.AbstractLayoutVersionManager (AbstractLayoutVersionManager.java:init(80)) - Initializing Layout version manager with metadata layout = WITNESSED_CONTAINER_DB_PROTO_VALUE (version = 9), software layout = WITNESSED_CONTAINER_DB_PROTO_VALUE (version = 9)
2025-09-19 20:44:24,298 [ForkJoinPool-1-worker-1] INFO  statemachine.DatanodeStateMachine (DatanodeStateMachine.java:getEndPointTaskThreadPoolSize(321)) - Datanode State Machine Task Thread Pool size 2
2025-09-19 20:44:24,300 [ForkJoinPool-1-worker-1] INFO  volume.HddsVolume (HddsVolume.java:<init>(162)) - HddsVolume: { id=DS-69ac7518-6ece-4e77-96c1-96814a10e0cf dir=/home/runner/work/ozone/ozone/hadoop-ozone/integration-test/target/test-dir/MiniOzoneClusterImpl-990002c2-bb69-4aa2-bd68-28a5e13e86ef/ozone-metadata/datanode-2/data-0/hdds type=DISK capacity=9222449699674390527 used=0 available=9222449699674390527 minFree=9222450130714624 committed=0 }
2025-09-19 20:44:24,300 [ForkJoinPool-1-worker-1] INFO  volume.MutableVolumeSet (MutableVolumeSet.java:initializeVolumeSet(175)) - Added Volume : /home/runner/work/ozone/ozone/hadoop-ozone/integration-test/target/test-dir/MiniOzoneClusterImpl-990002c2-bb69-4aa2-bd68-28a5e13e86ef/ozone-metadata/datanode-2/data-0/hdds to VolumeSet
2025-09-19 20:44:24,301 [ForkJoinPool-1-worker-1] INFO  volume.MutableVolumeSet (MutableVolumeSet.java:initializeVolumeSet(175)) - Added Volume : /home/runner/work/ozone/ozone/hadoop-ozone/integration-test/target/test-dir/MiniOzoneClusterImpl-990002c2-bb69-4aa2-bd68-28a5e13e86ef/ozone-metadata/datanode-2/ratis to VolumeSet
2025-09-19 20:44:24,321 [ForkJoinPool.commonPool-worker-2] INFO  utils.DatanodeStoreCache (DatanodeStoreCache.java:addDB(70)) - Added db /home/runner/work/ozone/ozone/hadoop-ozone/integration-test/target/test-dir/MiniOzoneClusterImpl-990002c2-bb69-4aa2-bd68-28a5e13e86ef/ozone-metadata/datanode-2/data-0/hdds/990002c2-bb69-4aa2-bd68-28a5e13e86ef/DS-69ac7518-6ece-4e77-96c1-96814a10e0cf/container.db to cache
2025-09-19 20:44:24,321 [ForkJoinPool.commonPool-worker-2] INFO  volume.HddsVolume (HddsVolume.java:loadDbStore(517)) - SchemaV3 db is loaded at /home/runner/work/ozone/ozone/hadoop-ozone/integration-test/target/test-dir/MiniOzoneClusterImpl-990002c2-bb69-4aa2-bd68-28a5e13e86ef/ozone-metadata/datanode-2/data-0/hdds/990002c2-bb69-4aa2-bd68-28a5e13e86ef/DS-69ac7518-6ece-4e77-96c1-96814a10e0cf/container.db for volume DS-69ac7518-6ece-4e77-96c1-96814a10e0cf
2025-09-19 20:44:24,321 [ForkJoinPool-1-worker-1] INFO  ozoneimpl.OzoneContainer (HddsVolumeUtil.java:loadAllHddsVolumeDbStore(102)) - Load 1 volumes DbStore cost: 19ms
2025-09-19 20:44:24,322 [ForkJoinPool-1-worker-1] WARN  db.DBStoreBuilder (DBStoreBuilder.java:getDBDirPath(158)) - ozone.scm.datanode.id.dir is not configured. We recommend adding this setting. Falling back to ozone.metadata.dirs instead.
2025-09-19 20:44:24,322 [ForkJoinPool-1-worker-1] WARN  db.DBStoreBuilder (DBStoreBuilder.java:getDBDirPath(158)) - ozone.scm.datanode.id.dir is not configured. We recommend adding this setting. Falling back to ozone.metadata.dirs instead.
2025-09-19 20:44:24,330 [ForkJoinPool-1-worker-1] INFO  impl.FilePerChunkStrategy (FilePerChunkStrategy.java:<init>(79)) - ozone.chunk.read.mapped.buffer.max.count is load with 0
2025-09-19 20:44:24,330 [ForkJoinPool-1-worker-1] INFO  impl.FilePerBlockStrategy (FilePerBlockStrategy.java:<init>(88)) - ozone.chunk.read.mapped.buffer.max.count is load with 0
2025-09-19 20:44:24,331 [ForkJoinPool-1-worker-1] INFO  server.RaftServerConfigKeys (ConfUtils.java:logGet(62)) - raft.server.log.appender.buffer.byte-limit = 33554432 (custom)
2025-09-19 20:44:24,332 [ForkJoinPool-1-worker-1] INFO  grpc.GrpcConfigKeys (ConfUtils.java:logFallback(69)) - raft.grpc.admin.host = null (fallback to raft.grpc.server.host)
2025-09-19 20:44:24,332 [ForkJoinPool-1-worker-1] INFO  grpc.GrpcConfigKeys (ConfUtils.java:logGet(62)) - raft.grpc.admin.port = 15022 (custom)
2025-09-19 20:44:24,332 [ForkJoinPool-1-worker-1] INFO  grpc.GrpcConfigKeys (ConfUtils.java:logFallback(69)) - raft.grpc.client.host = null (fallback to raft.grpc.server.host)
2025-09-19 20:44:24,332 [ForkJoinPool-1-worker-1] INFO  grpc.GrpcConfigKeys (ConfUtils.java:logGet(62)) - raft.grpc.client.port = 15021 (custom)
2025-09-19 20:44:24,332 [ForkJoinPool-1-worker-1] INFO  grpc.GrpcConfigKeys (ConfUtils.java:logGet(62)) - raft.grpc.server.port = 15023 (custom)
2025-09-19 20:44:24,332 [ForkJoinPool-1-worker-1] INFO  server.GrpcServicesImpl (ConfUtils.java:logGet(62)) - raft.grpc.message.size.max = 34603008 (custom)
2025-09-19 20:44:24,333 [ForkJoinPool-1-worker-1] INFO  server.GrpcServicesImpl (ConfUtils.java:logGet(62)) - raft.grpc.flow.control.window = 5MB (=5242880) (custom)
2025-09-19 20:44:24,333 [ForkJoinPool-1-worker-1] INFO  server.RaftServerConfigKeys (ConfUtils.java:logGet(62)) - raft.server.log.appender.buffer.byte-limit = 33554432 (custom)
2025-09-19 20:44:24,334 [ForkJoinPool-1-worker-1] INFO  netty.NettyUtils (NettyUtils.java:newEventLoopGroup(74)) - Create EpollEventLoopGroup for 0df1231c-9f8a-4757-a7d0-f6d7f53bc482-NettyServerStreamRpc-bossGroup; Thread size is 0.
2025-09-19 20:44:24,335 [ForkJoinPool-1-worker-1] INFO  netty.NettyUtils (NettyUtils.java:newEventLoopGroup(74)) - Create EpollEventLoopGroup for 0df1231c-9f8a-4757-a7d0-f6d7f53bc482-NettyServerStreamRpc-workerGroup; Thread size is 0.
2025-09-19 20:44:24,335 [ForkJoinPool-1-worker-1] INFO  netty.NettyConfigKeys$DataStream (ConfUtils.java:logGet(62)) - raft.netty.dataStream.port = 15024 (custom)
2025-09-19 20:44:24,336 [ForkJoinPool-1-worker-1] INFO  server.RaftServerConfigKeys (ConfUtils.java:logGet(62)) - raft.server.storage.dir = [/home/runner/work/ozone/ozone/hadoop-ozone/integration-test/target/test-dir/MiniOzoneClusterImpl-990002c2-bb69-4aa2-bd68-28a5e13e86ef/ozone-metadata/datanode-2/ratis] (custom)
2025-09-19 20:44:24,336 [0df1231c-9f8a-4757-a7d0-f6d7f53bc482-NettyServerStreamRpc-bossGroup--thread1] INFO  logging.LoggingHandler (AbstractInternalLogger.java:log(148)) - [id: 0x078ea0ad] REGISTERED
2025-09-19 20:44:24,336 [0df1231c-9f8a-4757-a7d0-f6d7f53bc482-NettyServerStreamRpc-bossGroup--thread1] INFO  logging.LoggingHandler (AbstractInternalLogger.java:log(148)) - [id: 0x078ea0ad] BIND: 0.0.0.0/0.0.0.0:15024
2025-09-19 20:44:24,336 [0df1231c-9f8a-4757-a7d0-f6d7f53bc482-NettyServerStreamRpc-bossGroup--thread1] INFO  logging.LoggingHandler (AbstractInternalLogger.java:log(148)) - [id: 0x078ea0ad, L:/0.0.0.0:15024] ACTIVE
2025-09-19 20:44:24,336 [0df1231c-9f8a-4757-a7d0-f6d7f53bc482-impl-thread1] INFO  server.RaftServer (RaftServerProxy.java:initGroupDir(270)) - 0df1231c-9f8a-4757-a7d0-f6d7f53bc482: found a subdirectory /home/runner/work/ozone/ozone/hadoop-ozone/integration-test/target/test-dir/MiniOzoneClusterImpl-990002c2-bb69-4aa2-bd68-28a5e13e86ef/ozone-metadata/datanode-2/ratis/54fe0239-6051-4a8e-b590-39ad5a9eaacd
2025-09-19 20:44:24,338 [0df1231c-9f8a-4757-a7d0-f6d7f53bc482-impl-thread1] INFO  server.RaftServer (RaftServerProxy.java:addNew(105)) - 0df1231c-9f8a-4757-a7d0-f6d7f53bc482: addNew group-39AD5A9EAACD:[] returns group-39AD5A9EAACD:java.util.concurrent.CompletableFuture@70406077[Not completed]
2025-09-19 20:44:24,338 [0df1231c-9f8a-4757-a7d0-f6d7f53bc482-impl-thread1] INFO  server.RaftServer (RaftServerProxy.java:initGroupDir(270)) - 0df1231c-9f8a-4757-a7d0-f6d7f53bc482: found a subdirectory /home/runner/work/ozone/ozone/hadoop-ozone/integration-test/target/test-dir/MiniOzoneClusterImpl-990002c2-bb69-4aa2-bd68-28a5e13e86ef/ozone-metadata/datanode-2/ratis/tmp
2025-09-19 20:44:24,338 [0df1231c-9f8a-4757-a7d0-f6d7f53bc482-impl-thread1] INFO  server.RaftServer (RaftServerProxy.java:initGroupDir(275)) - 0df1231c-9f8a-4757-a7d0-f6d7f53bc482: The directory /home/runner/work/ozone/ozone/hadoop-ozone/integration-test/target/test-dir/MiniOzoneClusterImpl-990002c2-bb69-4aa2-bd68-28a5e13e86ef/ozone-metadata/datanode-2/ratis/tmp is not a group directory; ignoring it. 
2025-09-19 20:44:24,338 [0df1231c-9f8a-4757-a7d0-f6d7f53bc482-impl-thread1] INFO  server.RaftServer (RaftServerProxy.java:initGroupDir(270)) - 0df1231c-9f8a-4757-a7d0-f6d7f53bc482: found a subdirectory /home/runner/work/ozone/ozone/hadoop-ozone/integration-test/target/test-dir/MiniOzoneClusterImpl-990002c2-bb69-4aa2-bd68-28a5e13e86ef/ozone-metadata/datanode-2/ratis/e102d630-0766-4c9c-a6ac-a751954341bd
2025-09-19 20:44:24,338 [0df1231c-9f8a-4757-a7d0-f6d7f53bc482-groupManagement] INFO  server.RaftServer$Division (RaftServerImpl.java:<init>(268)) - 0df1231c-9f8a-4757-a7d0-f6d7f53bc482: new RaftServerImpl for group-39AD5A9EAACD:[] with ContainerStateMachine:uninitialized
2025-09-19 20:44:24,338 [0df1231c-9f8a-4757-a7d0-f6d7f53bc482-impl-thread1] INFO  server.RaftServer (RaftServerProxy.java:addNew(105)) - 0df1231c-9f8a-4757-a7d0-f6d7f53bc482: addNew group-A751954341BD:[] returns group-A751954341BD:java.util.concurrent.CompletableFuture@1b8f917f[Not completed]
2025-09-19 20:44:24,338 [0df1231c-9f8a-4757-a7d0-f6d7f53bc482-impl-thread1] INFO  server.RaftServer (RaftServerProxy.java:initGroupDir(270)) - 0df1231c-9f8a-4757-a7d0-f6d7f53bc482: found a subdirectory /home/runner/work/ozone/ozone/hadoop-ozone/integration-test/target/test-dir/MiniOzoneClusterImpl-990002c2-bb69-4aa2-bd68-28a5e13e86ef/ozone-metadata/datanode-2/ratis/958000d3-2396-49be-82e9-715ebf8096a7
2025-09-19 20:44:24,338 [0df1231c-9f8a-4757-a7d0-f6d7f53bc482-groupManagement] INFO  server.RaftServer$Division (ServerState.java:<init>(114)) - 0df1231c-9f8a-4757-a7d0-f6d7f53bc482@group-39AD5A9EAACD: ConfigurationManager, init=conf: {index: -1, cur=peers:[]|listeners:[], old=null}, confs=<EMPTY_MAP>
2025-09-19 20:44:24,338 [0df1231c-9f8a-4757-a7d0-f6d7f53bc482-impl-thread1] INFO  server.RaftServer (RaftServerProxy.java:addNew(105)) - 0df1231c-9f8a-4757-a7d0-f6d7f53bc482: addNew group-715EBF8096A7:[] returns group-715EBF8096A7:java.util.concurrent.CompletableFuture@41fab748[Not completed]
2025-09-19 20:44:24,339 [ForkJoinPool-1-worker-1] INFO  replication.ReplicationServer (ReplicationServer.java:<init>(84)) - Initializing replication server with thread count = 10 queue length = 4096
2025-09-19 20:44:24,340 [ForkJoinPool-1-worker-1] INFO  server.XceiverServerGrpc (XceiverServerGrpc.java:<init>(130)) - GrpcServer channel type EpollServerSocketChannel
2025-09-19 20:44:24,341 [ForkJoinPool-1-worker-1] INFO  replication.ReplicationSupervisor (ReplicationSupervisor.java:build(169)) - Initializing replication supervisor with thread count = 10
2025-09-19 20:44:24,341 [ForkJoinPool-1-worker-1] INFO  replication.ReplicationSupervisor (ReplicationSupervisor.java:nodeStateUpdated(358)) - Node state updated to IN_SERVICE, scaling executor pool size to 10
2025-09-19 20:44:24,343 [0df1231c-9f8a-4757-a7d0-f6d7f53bc482-groupManagement] INFO  server.RaftServer$Division (RaftServerImpl.java:<init>(268)) - 0df1231c-9f8a-4757-a7d0-f6d7f53bc482: new RaftServerImpl for group-A751954341BD:[] with ContainerStateMachine:uninitialized
2025-09-19 20:44:24,343 [0df1231c-9f8a-4757-a7d0-f6d7f53bc482-groupManagement] INFO  server.RaftServer$Division (ServerState.java:<init>(114)) - 0df1231c-9f8a-4757-a7d0-f6d7f53bc482@group-A751954341BD: ConfigurationManager, init=conf: {index: -1, cur=peers:[]|listeners:[], old=null}, confs=<EMPTY_MAP>
2025-09-19 20:44:24,346 [ForkJoinPool-1-worker-1] INFO  http.BaseHttpServer (BaseHttpServer.java:newHttpServer2BuilderForOzone(227)) - Starting Web-server for hddsDatanode at: http://0.0.0.0:15018
2025-09-19 20:44:24,346 [ForkJoinPool-1-worker-1] INFO  http.BaseHttpServer (BaseHttpServer.java:<init>(105)) - Hadoop Security Enabled: false Ozone Security Enabled: false Ozone HTTP Security Enabled: false 
2025-09-19 20:44:24,348 [ForkJoinPool-1-worker-1] WARN  server.AuthenticationFilter (AuthenticationFilter.java:constructSecretProvider(240)) - Unable to initialize FileSignerSecretProvider, falling back to use random secrets. Reason: Could not read signature secret file: /home/runner/hadoop-http-auth-signature-secret
2025-09-19 20:44:24,348 [0df1231c-9f8a-4757-a7d0-f6d7f53bc482-groupManagement] INFO  server.RaftServer$Division (RaftServerImpl.java:<init>(268)) - 0df1231c-9f8a-4757-a7d0-f6d7f53bc482: new RaftServerImpl for group-715EBF8096A7:[] with ContainerStateMachine:uninitialized
2025-09-19 20:44:24,349 [0df1231c-9f8a-4757-a7d0-f6d7f53bc482-groupManagement] INFO  server.RaftServer$Division (ServerState.java:<init>(114)) - 0df1231c-9f8a-4757-a7d0-f6d7f53bc482@group-715EBF8096A7: ConfigurationManager, init=conf: {index: -1, cur=peers:[]|listeners:[], old=null}, confs=<EMPTY_MAP>
2025-09-19 20:44:24,351 [ForkJoinPool-1-worker-1] INFO  http.HttpServer2 (HttpServer2.java:addGlobalFilter(1041)) - Added global filter 'safety' (class=org.apache.hadoop.hdds.server.http.HttpServer2$QuotingInputFilter)
2025-09-19 20:44:24,353 [ForkJoinPool-1-worker-1] INFO  http.HttpServer2 (HttpServer2.java:addFilter(1017)) - Added filter static_user_filter (class=org.apache.hadoop.http.lib.StaticUserWebFilter$StaticUserFilter) to context hddsDatanode
2025-09-19 20:44:24,353 [ForkJoinPool-1-worker-1] INFO  http.HttpServer2 (HttpServer2.java:addFilter(1025)) - Added filter static_user_filter (class=org.apache.hadoop.http.lib.StaticUserWebFilter$StaticUserFilter) to context logs
2025-09-19 20:44:24,353 [ForkJoinPool-1-worker-1] INFO  http.HttpServer2 (HttpServer2.java:addFilter(1025)) - Added filter static_user_filter (class=org.apache.hadoop.http.lib.StaticUserWebFilter$StaticUserFilter) to context static
2025-09-19 20:44:24,353 [ForkJoinPool-1-worker-1] INFO  http.BaseHttpServer (BaseHttpServer.java:<init>(193)) - HTTP server of hddsDatanode uses base directory /home/runner/work/ozone/ozone/hadoop-ozone/integration-test/target/test-dir/MiniOzoneClusterImpl-990002c2-bb69-4aa2-bd68-28a5e13e86ef/scm/ozone-metadata/webserver
2025-09-19 20:44:24,354 [ForkJoinPool-1-worker-1] INFO  http.HttpServer2 (HttpServer2.java:bindListener(1241)) - Jetty bound to port 15018
2025-09-19 20:44:24,354 [ForkJoinPool-1-worker-1] INFO  server.Server (Server.java:doStart(375)) - jetty-9.4.58.v20250814; built: 2025-08-14T02:28:49.637Z; git: 8f1440587e9e4ae7db3d74cf205643f3d707148d; jvm 21.0.8+9-LTS
2025-09-19 20:44:24,356 [ForkJoinPool-1-worker-1] INFO  server.session (DefaultSessionIdManager.java:doStart(334)) - DefaultSessionIdManager workerName=node0
2025-09-19 20:44:24,357 [ForkJoinPool-1-worker-1] INFO  server.session (DefaultSessionIdManager.java:doStart(339)) - No SessionScavenger set, using defaults
2025-09-19 20:44:24,357 [ForkJoinPool-1-worker-1] INFO  server.session (HouseKeeper.java:startScavenging(132)) - node0 Scavenging every 600000ms
2025-09-19 20:44:24,357 [ForkJoinPool-1-worker-1] INFO  handler.ContextHandler (ContextHandler.java:doStart(921)) - Started o.e.j.s.ServletContextHandler@24085bde{logs,/logs,file:///home/runner/work/ozone/ozone/hadoop-ozone/integration-test/target/log,AVAILABLE}
2025-09-19 20:44:24,358 [ForkJoinPool-1-worker-1] INFO  handler.ContextHandler (ContextHandler.java:doStart(921)) - Started o.e.j.s.ServletContextHandler@4021b559{static,/static,jar:file:/home/runner/work/ozone/ozone/hadoop-hdds/container-service/target/hdds-container-service-2.1.0-SNAPSHOT.jar!/webapps/static,AVAILABLE}
2025-09-19 20:44:24,443 [8eb9963e-bce0-4155-aea2-e442cadff8bd@group-715EBF8096A7-FollowerState] INFO  impl.FollowerState (FollowerState.java:runImpl(161)) - 8eb9963e-bce0-4155-aea2-e442cadff8bd@group-715EBF8096A7-FollowerState: change to CANDIDATE, lastRpcElapsedTime:1174269284ns, electionTimeout:1174ms
2025-09-19 20:44:24,443 [8eb9963e-bce0-4155-aea2-e442cadff8bd@group-715EBF8096A7-FollowerState] INFO  impl.RoleInfo (RoleInfo.java:shutdownFollowerState(121)) - 8eb9963e-bce0-4155-aea2-e442cadff8bd: shutdown 8eb9963e-bce0-4155-aea2-e442cadff8bd@group-715EBF8096A7-FollowerState
2025-09-19 20:44:24,443 [8eb9963e-bce0-4155-aea2-e442cadff8bd@group-715EBF8096A7-FollowerState] INFO  server.RaftServer$Division (RaftServerImpl.java:setRole(392)) - 8eb9963e-bce0-4155-aea2-e442cadff8bd@group-715EBF8096A7: changes role from  FOLLOWER to CANDIDATE at term 2 for changeToCandidate
2025-09-19 20:44:24,443 [8eb9963e-bce0-4155-aea2-e442cadff8bd@group-715EBF8096A7-FollowerState] INFO  impl.RoleInfo (RoleInfo.java:updateAndGet(148)) - 8eb9963e-bce0-4155-aea2-e442cadff8bd: start 8eb9963e-bce0-4155-aea2-e442cadff8bd@group-715EBF8096A7-LeaderElection138
2025-09-19 20:44:24,444 [8eb9963e-bce0-4155-aea2-e442cadff8bd@group-715EBF8096A7-LeaderElection138] INFO  impl.LeaderElection (LeaderElection.java:askForVotes(448)) - 8eb9963e-bce0-4155-aea2-e442cadff8bd@group-715EBF8096A7-LeaderElection138 PRE_VOTE round 0: submit vote requests at term 2 for conf: {index: 5, cur=peers:[b5a25cc1-46d3-4381-a194-bd68f4526f1c|127.0.0.1:15031, 0df1231c-9f8a-4757-a7d0-f6d7f53bc482|127.0.0.1:15023, 8eb9963e-bce0-4155-aea2-e442cadff8bd|127.0.0.1:15015]|listeners:[], old=null}
2025-09-19 20:44:24,445 [8eb9963e-bce0-4155-aea2-e442cadff8bd@group-715EBF8096A7-LeaderElection138] INFO  impl.LeaderElection (LogUtils.java:infoOrTrace(142)) - 8eb9963e-bce0-4155-aea2-e442cadff8bd@group-715EBF8096A7-LeaderElection138 got exception when requesting votes: java.util.concurrent.ExecutionException: org.apache.ratis.thirdparty.io.grpc.StatusRuntimeException: UNAVAILABLE: io exception
2025-09-19 20:44:24,445 [8eb9963e-bce0-4155-aea2-e442cadff8bd@group-715EBF8096A7-LeaderElection138] INFO  impl.LeaderElection (LogUtils.java:infoOrTrace(142)) - 8eb9963e-bce0-4155-aea2-e442cadff8bd@group-715EBF8096A7-LeaderElection138 got exception when requesting votes: java.util.concurrent.ExecutionException: org.apache.ratis.thirdparty.io.grpc.StatusRuntimeException: UNAVAILABLE: io exception
2025-09-19 20:44:24,445 [8eb9963e-bce0-4155-aea2-e442cadff8bd@group-715EBF8096A7-LeaderElection138] INFO  impl.LeaderElection (LeaderElection.java:logAndReturn(206)) - 8eb9963e-bce0-4155-aea2-e442cadff8bd@group-715EBF8096A7-LeaderElection138: PRE_VOTE REJECTED received 0 response(s) and 2 exception(s):
2025-09-19 20:44:24,445 [8eb9963e-bce0-4155-aea2-e442cadff8bd@group-715EBF8096A7-LeaderElection138] INFO  impl.LeaderElection (LogUtils.java:infoOrTrace(142)) -   Exception 0: java.util.concurrent.ExecutionException: org.apache.ratis.thirdparty.io.grpc.StatusRuntimeException: UNAVAILABLE: io exception
2025-09-19 20:44:24,445 [8eb9963e-bce0-4155-aea2-e442cadff8bd@group-715EBF8096A7-LeaderElection138] INFO  impl.LeaderElection (LogUtils.java:infoOrTrace(142)) -   Exception 1: java.util.concurrent.ExecutionException: org.apache.ratis.thirdparty.io.grpc.StatusRuntimeException: UNAVAILABLE: io exception
2025-09-19 20:44:24,445 [8eb9963e-bce0-4155-aea2-e442cadff8bd@group-715EBF8096A7-LeaderElection138] INFO  impl.LeaderElection (LeaderElection.java:askForVotes(450)) - 8eb9963e-bce0-4155-aea2-e442cadff8bd@group-715EBF8096A7-LeaderElection138 PRE_VOTE round 0: result REJECTED
2025-09-19 20:44:24,445 [8eb9963e-bce0-4155-aea2-e442cadff8bd@group-715EBF8096A7-LeaderElection138] INFO  server.RaftServer$Division (RaftServerImpl.java:setRole(392)) - 8eb9963e-bce0-4155-aea2-e442cadff8bd@group-715EBF8096A7: changes role from CANDIDATE to FOLLOWER at term 2 for REJECTED
2025-09-19 20:44:24,446 [8eb9963e-bce0-4155-aea2-e442cadff8bd@group-715EBF8096A7-LeaderElection138] INFO  impl.RoleInfo (RoleInfo.java:shutdownLeaderElection(141)) - 8eb9963e-bce0-4155-aea2-e442cadff8bd: shutdown 8eb9963e-bce0-4155-aea2-e442cadff8bd@group-715EBF8096A7-LeaderElection138
2025-09-19 20:44:24,446 [8eb9963e-bce0-4155-aea2-e442cadff8bd@group-715EBF8096A7-LeaderElection138] INFO  impl.RoleInfo (RoleInfo.java:updateAndGet(148)) - 8eb9963e-bce0-4155-aea2-e442cadff8bd: start 8eb9963e-bce0-4155-aea2-e442cadff8bd@group-715EBF8096A7-FollowerState
2025-09-19 20:44:24,502 [ForkJoinPool-1-worker-1] INFO  handler.ContextHandler (ContextHandler.java:doStart(921)) - Started o.e.j.w.WebAppContext@50e7e713{hddsDatanode,/,file:///home/runner/work/ozone/ozone/hadoop-ozone/integration-test/target/test-dir/MiniOzoneClusterImpl-990002c2-bb69-4aa2-bd68-28a5e13e86ef/scm/ozone-metadata/webserver/jetty-0_0_0_0-15018-hdds-container-service-2_1_0-SNAPSHOT_jar-_-any-15997284847786714081/webapp/,AVAILABLE}{jar:file:/home/runner/work/ozone/ozone/hadoop-hdds/container-service/target/hdds-container-service-2.1.0-SNAPSHOT.jar!/webapps/hddsDatanode}
2025-09-19 20:44:24,503 [ForkJoinPool-1-worker-1] INFO  server.AbstractConnector (AbstractConnector.java:doStart(333)) - Started ServerConnector@1fff5050{HTTP/1.1, (http/1.1)}{0.0.0.0:15018}
2025-09-19 20:44:24,504 [ForkJoinPool-1-worker-1] INFO  server.Server (Server.java:doStart(415)) - Started @88722ms
2025-09-19 20:44:24,504 [ForkJoinPool-1-worker-1] WARN  impl.MetricsSystemImpl (MetricsSystemImpl.java:register(279)) - Sink prometheus already exists!
2025-09-19 20:44:24,504 [ForkJoinPool-1-worker-1] INFO  http.BaseHttpServer (BaseHttpServer.java:updateConnectorAddress(357)) - HTTP server of hddsDatanode listening at http://localhost:15018
2025-09-19 20:44:24,504 [ForkJoinPool-1-worker-1] INFO  ipc.CallQueueManager (CallQueueManager.java:<init>(93)) - Using callQueue: class java.util.concurrent.LinkedBlockingQueue, queueCapacity: 1000, scheduler: class org.apache.hadoop.ipc.DefaultRpcScheduler, ipcBackoff: false, ipcFailOver: false.
2025-09-19 20:44:24,504 [ForkJoinPool-1-worker-1] INFO  ipc.Server (Server.java:<init>(1438)) - Listener at 0.0.0.0:15019
2025-09-19 20:44:24,505 [Socket Reader #1 for port 15019] INFO  ipc.Server (Server.java:run(1474)) - Starting Socket Reader #1 for port 15019
2025-09-19 20:44:24,505 [Socket Reader #2 for port 15019] INFO  ipc.Server (Server.java:run(1474)) - Starting Socket Reader #2 for port 15019
2025-09-19 20:44:24,506 [Socket Reader #3 for port 15019] INFO  ipc.Server (Server.java:run(1474)) - Starting Socket Reader #3 for port 15019
2025-09-19 20:44:24,506 [Socket Reader #4 for port 15019] INFO  ipc.Server (Server.java:run(1474)) - Starting Socket Reader #4 for port 15019
2025-09-19 20:44:24,506 [Socket Reader #5 for port 15019] INFO  ipc.Server (Server.java:run(1474)) - Starting Socket Reader #5 for port 15019
2025-09-19 20:44:24,507 [Socket Reader #6 for port 15019] INFO  ipc.Server (Server.java:run(1474)) - Starting Socket Reader #6 for port 15019
2025-09-19 20:44:24,507 [Socket Reader #7 for port 15019] INFO  ipc.Server (Server.java:run(1474)) - Starting Socket Reader #7 for port 15019
2025-09-19 20:44:24,507 [Socket Reader #8 for port 15019] INFO  ipc.Server (Server.java:run(1474)) - Starting Socket Reader #8 for port 15019
2025-09-19 20:44:24,508 [Socket Reader #9 for port 15019] INFO  ipc.Server (Server.java:run(1474)) - Starting Socket Reader #9 for port 15019
2025-09-19 20:44:24,508 [Socket Reader #10 for port 15019] INFO  ipc.Server (Server.java:run(1474)) - Starting Socket Reader #10 for port 15019
2025-09-19 20:44:24,510 [ForkJoinPool-1-worker-1] INFO  ozone.HddsDatanodeService (HddsDatanodeService.java:start(333)) - Datanode start with admins: [admin, runner]
2025-09-19 20:44:24,510 [ForkJoinPool-1-worker-1] INFO  ozone.HddsDatanodeClientProtocolServer (HddsDatanodeClientProtocolServer.java:start(76)) - RPC server for Client /0.0.0.0:15019
2025-09-19 20:44:24,511 [IPC Server Responder] INFO  ipc.Server (Server.java:run(1713)) - IPC Server Responder: starting
2025-09-19 20:44:24,511 [IPC Server listener on 15019] INFO  ipc.Server (Server.java:run(1553)) - IPC Server listener on 15019: starting
2025-09-19 20:44:24,513 [ForkJoinPool-1-worker-1] INFO  ozone.MiniOzoneClusterImpl (MiniOzoneClusterImpl.java:lambda$waitForClusterToBeReady$0(181)) - Nodes are ready. Got 10 of 10 DN Heartbeats.
2025-09-19 20:44:24,513 [ForkJoinPool-1-worker-1] INFO  ozone.MiniOzoneClusterImpl (MiniOzoneClusterImpl.java:lambda$waitForClusterToBeReady$0(184)) - Cluster exits safe mode
2025-09-19 20:44:24,513 [ForkJoinPool-1-worker-1] INFO  ozone.MiniOzoneClusterImpl (MiniOzoneClusterImpl.java:lambda$waitForClusterToBeReady$0(186)) - SCM became leader
2025-09-19 20:44:24,518 [0df1231c-9f8a-4757-a7d0-f6d7f53bc482-DatanodeStateMachineDaemonThread] INFO  statemachine.DatanodeStateMachine (DatanodeStateMachine.java:startStateMachineThread(363)) - Ozone container server started.
2025-09-19 20:44:24,523 [0df1231c-9f8a-4757-a7d0-f6d7f53bc482-DatanodeStateMachineTaskThread-0] INFO  datanode.InitDatanodeState (InitDatanodeState.java:persistContainerDatanodeDetails(139)) - DatanodeDetails is persisted to /home/runner/work/ozone/ozone/hadoop-ozone/integration-test/target/test-dir/MiniOzoneClusterImpl-990002c2-bb69-4aa2-bd68-28a5e13e86ef/ozone-metadata/datanode-2/ozone-metadata/datanode.id
2025-09-19 20:44:24,545 [grpc-default-executor-6] ERROR impl.OrderedAsync (OrderedAsync.java:lambda$null$6(215)) -  client-A9B9264801B2: Failed* RaftClientRequest:client-A9B9264801B2->8eb9963e-bce0-4155-aea2-e442cadff8bd@group-A751954341BD, cid=30, seq=1*, Watch(0), null
java.util.concurrent.CompletionException: org.apache.ratis.protocol.exceptions.NotLeaderException: Server 8eb9963e-bce0-4155-aea2-e442cadff8bd@group-A751954341BD is not the leader
	at java.base/java.util.concurrent.CompletableFuture.encodeThrowable(CompletableFuture.java:332)
	at java.base/java.util.concurrent.CompletableFuture.completeThrowable(CompletableFuture.java:347)
	at java.base/java.util.concurrent.CompletableFuture$UniAccept.tryFire(CompletableFuture.java:708)
	at java.base/java.util.concurrent.CompletableFuture.postComplete(CompletableFuture.java:510)
	at java.base/java.util.concurrent.CompletableFuture.completeExceptionally(CompletableFuture.java:2194)
	at org.apache.ratis.grpc.client.GrpcClientProtocolClient$AsyncStreamObservers.completeReplyExceptionally(GrpcClientProtocolClient.java:397)
	at org.apache.ratis.grpc.client.GrpcClientProtocolClient$AsyncStreamObservers.access$000(GrpcClientProtocolClient.java:303)
	at org.apache.ratis.grpc.client.GrpcClientProtocolClient$AsyncStreamObservers$1.onNext(GrpcClientProtocolClient.java:317)
	at org.apache.ratis.grpc.client.GrpcClientProtocolClient$AsyncStreamObservers$1.onNext(GrpcClientProtocolClient.java:308)
	at org.apache.ratis.thirdparty.io.grpc.stub.ClientCalls$StreamObserverToCallListenerAdapter.onMessage(ClientCalls.java:551)
	at org.apache.ratis.thirdparty.io.grpc.ForwardingClientCallListener.onMessage(ForwardingClientCallListener.java:33)
	at org.apache.ratis.thirdparty.io.grpc.internal.DelayedClientCall$DelayedListener.onMessage(DelayedClientCall.java:473)
	at org.apache.ratis.thirdparty.io.grpc.internal.ClientCallImpl$ClientStreamListenerImpl$1MessagesAvailable.runInternal(ClientCallImpl.java:661)
	at org.apache.ratis.thirdparty.io.grpc.internal.ClientCallImpl$ClientStreamListenerImpl$1MessagesAvailable.runInContext(ClientCallImpl.java:648)
	at org.apache.ratis.thirdparty.io.grpc.internal.ContextRunnable.run(ContextRunnable.java:37)
	at org.apache.ratis.thirdparty.io.grpc.internal.SerializingExecutor.run(SerializingExecutor.java:133)
	at java.base/java.util.concurrent.ThreadPoolExecutor.runWorker(ThreadPoolExecutor.java:1144)
	at java.base/java.util.concurrent.ThreadPoolExecutor$Worker.run(ThreadPoolExecutor.java:642)
	at java.base/java.lang.Thread.run(Thread.java:1583)
Caused by: org.apache.ratis.protocol.exceptions.NotLeaderException: Server 8eb9963e-bce0-4155-aea2-e442cadff8bd@group-A751954341BD is not the leader
	at org.apache.ratis.client.impl.ClientProtoUtils.toRaftClientReply(ClientProtoUtils.java:402)
	at org.apache.ratis.grpc.client.GrpcClientProtocolClient$AsyncStreamObservers$1.onNext(GrpcClientProtocolClient.java:313)
	... 11 more
2025-09-19 20:44:24,770 [b5a25cc1-46d3-4381-a194-bd68f4526f1c-ContainerReader-0] INFO  ozoneimpl.ContainerReader (ContainerReader.java:readVolume(147)) - Start to verify containers on volume /home/runner/work/ozone/ozone/hadoop-ozone/integration-test/target/test-dir/MiniOzoneClusterImpl-990002c2-bb69-4aa2-bd68-28a5e13e86ef/ozone-metadata/datanode-3/data-0/hdds
2025-09-19 20:44:24,776 [b5a25cc1-46d3-4381-a194-bd68f4526f1c-ContainerReader-0] WARN  helpers.KeyValueContainerUtil (KeyValueContainerUtil.java:populateContainerMetadata(330)) - Missing pendingDeleteBlockCount from metadata: recalculate them from block table
2025-09-19 20:44:24,778 [b5a25cc1-46d3-4381-a194-bd68f4526f1c-ContainerReader-0] INFO  ozoneimpl.ContainerReader (ContainerReader.java:readVolume(177)) - Finish verifying containers on volume /home/runner/work/ozone/ozone/hadoop-ozone/integration-test/target/test-dir/MiniOzoneClusterImpl-990002c2-bb69-4aa2-bd68-28a5e13e86ef/ozone-metadata/datanode-3/data-0/hdds
2025-09-19 20:44:24,779 [b5a25cc1-46d3-4381-a194-bd68f4526f1c-EndpointStateMachineTaskThread-/0.0.0.0:15002-0 ] INFO  ozoneimpl.OzoneContainer (OzoneContainer.java:buildContainerSet(370)) - Build ContainerSet costs 0s
2025-09-19 20:44:24,779 [b5a25cc1-46d3-4381-a194-bd68f4526f1c-EndpointStateMachineTaskThread-/0.0.0.0:15002-0 ] INFO  volume.ThrottledAsyncChecker (ThrottledAsyncChecker.java:schedule(138)) - Scheduling a check for /home/runner/work/ozone/ozone/hadoop-ozone/integration-test/target/test-dir/MiniOzoneClusterImpl-990002c2-bb69-4aa2-bd68-28a5e13e86ef/ozone-metadata/datanode-3/data-0/hdds
2025-09-19 20:44:24,780 [b5a25cc1-46d3-4381-a194-bd68f4526f1c-EndpointStateMachineTaskThread-/0.0.0.0:15002-0 ] INFO  volume.StorageVolumeChecker (StorageVolumeChecker.java:checkAllVolumes(231)) - Scheduled health check for volume /home/runner/work/ozone/ozone/hadoop-ozone/integration-test/target/test-dir/MiniOzoneClusterImpl-990002c2-bb69-4aa2-bd68-28a5e13e86ef/ozone-metadata/datanode-3/data-0/hdds
2025-09-19 20:44:24,783 [b5a25cc1-46d3-4381-a194-bd68f4526f1c-EndpointStateMachineTaskThread-/0.0.0.0:15002-0 ] INFO  volume.ThrottledAsyncChecker (ThrottledAsyncChecker.java:schedule(138)) - Scheduling a check for /home/runner/work/ozone/ozone/hadoop-ozone/integration-test/target/test-dir/MiniOzoneClusterImpl-990002c2-bb69-4aa2-bd68-28a5e13e86ef/ozone-metadata/datanode-3/ratis
2025-09-19 20:44:24,783 [b5a25cc1-46d3-4381-a194-bd68f4526f1c-EndpointStateMachineTaskThread-/0.0.0.0:15002-0 ] INFO  volume.StorageVolumeChecker (StorageVolumeChecker.java:checkAllVolumes(231)) - Scheduled health check for volume /home/runner/work/ozone/ozone/hadoop-ozone/integration-test/target/test-dir/MiniOzoneClusterImpl-990002c2-bb69-4aa2-bd68-28a5e13e86ef/ozone-metadata/datanode-3/ratis
2025-09-19 20:44:24,785 [b5a25cc1-46d3-4381-a194-bd68f4526f1c-EndpointStateMachineTaskThread-/0.0.0.0:15002-0 ] INFO  ozoneimpl.OzoneContainer (OzoneContainer.java:start(525)) - Attempting to start container services.
2025-09-19 20:44:24,786 [ContainerDataScanner(/home/runner/work/ozone/ozone/hadoop-ozone/integration-test/target/test-dir/MiniOzoneClusterImpl-990002c2-bb69-4aa2-bd68-28a5e13e86ef/ozone-metadata/datanode-3/data-0/hdds)] INFO  ozoneimpl.AbstractBackgroundContainerScanner (AbstractBackgroundContainerScanner.java:runIteration(89)) - Completed an iteration in 0 minutes. Number of iterations (since the data-node restart) : 1, Number of containers scanned in this iteration : 0, Number of unhealthy containers found in this iteration : 0
2025-09-19 20:44:24,786 [b5a25cc1-46d3-4381-a194-bd68f4526f1c-EndpointStateMachineTaskThread-/0.0.0.0:15002-0 ] INFO  replication.ReplicationServer (ReplicationServer.java:start(137)) - ReplicationServer is started using port 15033
2025-09-19 20:44:24,787 [b5a25cc1-46d3-4381-a194-bd68f4526f1c-EndpointStateMachineTaskThread-/0.0.0.0:15002-0 ] INFO  ratis.XceiverServerRatis (XceiverServerRatis.java:start(560)) - Starting XceiverServerRatis(b5a25cc1-46d3-4381-a194-bd68f4526f1c)
2025-09-19 20:44:24,788 [b5a25cc1-46d3-4381-a194-bd68f4526f1c-impl-thread2] INFO  server.RaftServerConfigKeys (ConfUtils.java:logGet(62)) - raft.server.storage.dir = [/home/runner/work/ozone/ozone/hadoop-ozone/integration-test/target/test-dir/MiniOzoneClusterImpl-990002c2-bb69-4aa2-bd68-28a5e13e86ef/ozone-metadata/datanode-3/ratis] (custom)
2025-09-19 20:44:24,789 [b5a25cc1-46d3-4381-a194-bd68f4526f1c-impl-thread1] INFO  storage.RaftStorageDirectory (RaftStorageDirectoryImpl.java:tryLock(229)) - Lock on /home/runner/work/ozone/ozone/hadoop-ozone/integration-test/target/test-dir/MiniOzoneClusterImpl-990002c2-bb69-4aa2-bd68-28a5e13e86ef/ozone-metadata/datanode-3/ratis/7b6acda8-b144-4fc3-891d-88b5b3dd1307/in_use.lock acquired by nodename 22744@localhost
2025-09-19 20:44:24,789 [b5a25cc1-46d3-4381-a194-bd68f4526f1c-impl-thread2] INFO  storage.RaftStorageDirectory (RaftStorageDirectoryImpl.java:tryLock(229)) - Lock on /home/runner/work/ozone/ozone/hadoop-ozone/integration-test/target/test-dir/MiniOzoneClusterImpl-990002c2-bb69-4aa2-bd68-28a5e13e86ef/ozone-metadata/datanode-3/ratis/e102d630-0766-4c9c-a6ac-a751954341bd/in_use.lock acquired by nodename 22744@localhost
2025-09-19 20:44:24,790 [b5a25cc1-46d3-4381-a194-bd68f4526f1c-impl-thread2] INFO  storage.RaftStorage (RaftStorageImpl.java:analyzeAndRecoverStorage(118)) - Read RaftStorageMetadata{term=1, votedFor=8eb9963e-bce0-4155-aea2-e442cadff8bd} from /home/runner/work/ozone/ozone/hadoop-ozone/integration-test/target/test-dir/MiniOzoneClusterImpl-990002c2-bb69-4aa2-bd68-28a5e13e86ef/ozone-metadata/datanode-3/ratis/e102d630-0766-4c9c-a6ac-a751954341bd/current/raft-meta
2025-09-19 20:44:24,790 [b5a25cc1-46d3-4381-a194-bd68f4526f1c-impl-thread3] INFO  storage.RaftStorageDirectory (RaftStorageDirectoryImpl.java:tryLock(229)) - Lock on /home/runner/work/ozone/ozone/hadoop-ozone/integration-test/target/test-dir/MiniOzoneClusterImpl-990002c2-bb69-4aa2-bd68-28a5e13e86ef/ozone-metadata/datanode-3/ratis/958000d3-2396-49be-82e9-715ebf8096a7/in_use.lock acquired by nodename 22744@localhost
2025-09-19 20:44:24,790 [b5a25cc1-46d3-4381-a194-bd68f4526f1c-impl-thread3] INFO  storage.RaftStorage (RaftStorageImpl.java:analyzeAndRecoverStorage(118)) - Read RaftStorageMetadata{term=1, votedFor=b5a25cc1-46d3-4381-a194-bd68f4526f1c} from /home/runner/work/ozone/ozone/hadoop-ozone/integration-test/target/test-dir/MiniOzoneClusterImpl-990002c2-bb69-4aa2-bd68-28a5e13e86ef/ozone-metadata/datanode-3/ratis/958000d3-2396-49be-82e9-715ebf8096a7/current/raft-meta
2025-09-19 20:44:24,790 [b5a25cc1-46d3-4381-a194-bd68f4526f1c-impl-thread1] INFO  storage.RaftStorage (RaftStorageImpl.java:analyzeAndRecoverStorage(118)) - Read RaftStorageMetadata{term=1, votedFor=b5a25cc1-46d3-4381-a194-bd68f4526f1c} from /home/runner/work/ozone/ozone/hadoop-ozone/integration-test/target/test-dir/MiniOzoneClusterImpl-990002c2-bb69-4aa2-bd68-28a5e13e86ef/ozone-metadata/datanode-3/ratis/7b6acda8-b144-4fc3-891d-88b5b3dd1307/current/raft-meta
2025-09-19 20:44:24,790 [b5a25cc1-46d3-4381-a194-bd68f4526f1c-impl-thread3] INFO  server.RaftServer$Division (ServerState.java:setRaftConf(386)) - b5a25cc1-46d3-4381-a194-bd68f4526f1c@group-715EBF8096A7: set configuration conf: {index: 0, cur=peers:[b5a25cc1-46d3-4381-a194-bd68f4526f1c|127.0.0.1:15031, 0df1231c-9f8a-4757-a7d0-f6d7f53bc482|127.0.0.1:15023, 8eb9963e-bce0-4155-aea2-e442cadff8bd|127.0.0.1:15015]|listeners:[], old=null}
2025-09-19 20:44:24,791 [b5a25cc1-46d3-4381-a194-bd68f4526f1c-impl-thread1] INFO  server.RaftServer$Division (ServerState.java:setRaftConf(386)) - b5a25cc1-46d3-4381-a194-bd68f4526f1c@group-88B5B3DD1307: set configuration conf: {index: 0, cur=peers:[b5a25cc1-46d3-4381-a194-bd68f4526f1c|127.0.0.1:15031]|listeners:[], old=null}
2025-09-19 20:44:24,790 [b5a25cc1-46d3-4381-a194-bd68f4526f1c-impl-thread2] INFO  server.RaftServer$Division (ServerState.java:setRaftConf(386)) - b5a25cc1-46d3-4381-a194-bd68f4526f1c@group-A751954341BD: set configuration conf: {index: 0, cur=peers:[b5a25cc1-46d3-4381-a194-bd68f4526f1c|127.0.0.1:15031, 0df1231c-9f8a-4757-a7d0-f6d7f53bc482|127.0.0.1:15023, 8eb9963e-bce0-4155-aea2-e442cadff8bd|127.0.0.1:15015]|listeners:[], old=null}
2025-09-19 20:44:24,792 [b5a25cc1-46d3-4381-a194-bd68f4526f1c-impl-thread2] INFO  ratis.ContainerStateMachine (ContainerStateMachine.java:initialize(339)) - b5a25cc1-46d3-4381-a194-bd68f4526f1c: initialize group-A751954341BD
2025-09-19 20:44:24,792 [b5a25cc1-46d3-4381-a194-bd68f4526f1c-impl-thread2] INFO  ratis.ContainerStateMachine (ContainerStateMachine.java:loadSnapshot(356)) - group-A751954341BD: Setting the last applied index to (t:1, i:0)
2025-09-19 20:44:24,792 [b5a25cc1-46d3-4381-a194-bd68f4526f1c-impl-thread1] INFO  ratis.ContainerStateMachine (ContainerStateMachine.java:initialize(339)) - b5a25cc1-46d3-4381-a194-bd68f4526f1c: initialize group-88B5B3DD1307
2025-09-19 20:44:24,793 [b5a25cc1-46d3-4381-a194-bd68f4526f1c-impl-thread2] INFO  server.RaftServerConfigKeys (ConfUtils.java:logGet(62)) - raft.server.log.appender.buffer.byte-limit = 33554432 (custom)
2025-09-19 20:44:24,793 [b5a25cc1-46d3-4381-a194-bd68f4526f1c-impl-thread3] INFO  ratis.ContainerStateMachine (ContainerStateMachine.java:initialize(339)) - b5a25cc1-46d3-4381-a194-bd68f4526f1c: initialize group-715EBF8096A7
2025-09-19 20:44:24,794 [b5a25cc1-46d3-4381-a194-bd68f4526f1c-impl-thread3] INFO  ratis.ContainerStateMachine (ContainerStateMachine.java:loadSnapshot(356)) - group-715EBF8096A7: Setting the last applied index to (t:1, i:4)
2025-09-19 20:44:24,794 [b5a25cc1-46d3-4381-a194-bd68f4526f1c-impl-thread2] INFO  server.RaftServerConfigKeys (ConfUtils.java:logGet(62)) - raft.server.log.segment.size.max = 67108864 (custom)
2025-09-19 20:44:24,795 [b5a25cc1-46d3-4381-a194-bd68f4526f1c-impl-thread2] INFO  server.RaftServerConfigKeys (ConfUtils.java:logGet(62)) - raft.server.log.appender.buffer.byte-limit = 33554432 (custom)
2025-09-19 20:44:24,795 [b5a25cc1-46d3-4381-a194-bd68f4526f1c-impl-thread2] INFO  util.AwaitToRun (AwaitToRun.java:start(81)) - Thread[#2215,b5a25cc1-46d3-4381-a194-bd68f4526f1c@group-A751954341BD-cacheEviction-AwaitToRun,5,main] started
2025-09-19 20:44:24,795 [b5a25cc1-46d3-4381-a194-bd68f4526f1c-impl-thread2] INFO  segmented.SegmentedRaftLogWorker (SegmentedRaftLogWorker.java:<init>(190)) - new b5a25cc1-46d3-4381-a194-bd68f4526f1c@group-A751954341BD-SegmentedRaftLogWorker for RaftStorageImpl:Storage Directory /home/runner/work/ozone/ozone/hadoop-ozone/integration-test/target/test-dir/MiniOzoneClusterImpl-990002c2-bb69-4aa2-bd68-28a5e13e86ef/ozone-metadata/datanode-3/ratis/e102d630-0766-4c9c-a6ac-a751954341bd
2025-09-19 20:44:24,795 [b5a25cc1-46d3-4381-a194-bd68f4526f1c-impl-thread2] INFO  server.RaftServerConfigKeys (ConfUtils.java:logGet(62)) - raft.server.log.queue.byte-limit = 4294967296 (custom)
2025-09-19 20:44:24,795 [b5a25cc1-46d3-4381-a194-bd68f4526f1c-impl-thread2] INFO  server.RaftServerConfigKeys (ConfUtils.java:logGet(62)) - raft.server.log.segment.size.max = 67108864 (custom)
2025-09-19 20:44:24,795 [b5a25cc1-46d3-4381-a194-bd68f4526f1c-impl-thread2] INFO  server.RaftServerConfigKeys (ConfUtils.java:logGet(62)) - raft.server.log.preallocated.size = 4194304 (custom)
2025-09-19 20:44:24,795 [b5a25cc1-46d3-4381-a194-bd68f4526f1c-impl-thread3] INFO  server.RaftServerConfigKeys (ConfUtils.java:logGet(62)) - raft.server.log.appender.buffer.byte-limit = 33554432 (custom)
2025-09-19 20:44:24,796 [b5a25cc1-46d3-4381-a194-bd68f4526f1c-impl-thread2] INFO  server.RaftServerConfigKeys (ConfUtils.java:logGet(62)) - raft.server.log.write.buffer.size = 33554440 (custom)
2025-09-19 20:44:24,793 [b5a25cc1-46d3-4381-a194-bd68f4526f1c-impl-thread1] INFO  ratis.ContainerStateMachine (ContainerStateMachine.java:loadSnapshot(356)) - group-88B5B3DD1307: Setting the last applied index to (t:1, i:0)
2025-09-19 20:44:24,796 [ContainerMetadataScanner] INFO  ozoneimpl.AbstractBackgroundContainerScanner (AbstractBackgroundContainerScanner.java:runIteration(89)) - Completed an iteration in 0 minutes. Number of iterations (since the data-node restart) : 1, Number of containers scanned in this iteration : 1, Number of unhealthy containers found in this iteration : 0
2025-09-19 20:44:24,796 [b5a25cc1-46d3-4381-a194-bd68f4526f1c-impl-thread1] INFO  server.RaftServerConfigKeys (ConfUtils.java:logGet(62)) - raft.server.log.appender.buffer.byte-limit = 33554432 (custom)
2025-09-19 20:44:24,800 [b5a25cc1-46d3-4381-a194-bd68f4526f1c-impl-thread3] INFO  server.RaftServerConfigKeys (ConfUtils.java:logGet(62)) - raft.server.log.segment.size.max = 67108864 (custom)
2025-09-19 20:44:24,801 [b5a25cc1-46d3-4381-a194-bd68f4526f1c-impl-thread3] INFO  server.RaftServerConfigKeys (ConfUtils.java:logGet(62)) - raft.server.log.appender.buffer.byte-limit = 33554432 (custom)
2025-09-19 20:44:24,801 [b5a25cc1-46d3-4381-a194-bd68f4526f1c-impl-thread3] INFO  util.AwaitToRun (AwaitToRun.java:start(81)) - Thread[#2216,b5a25cc1-46d3-4381-a194-bd68f4526f1c@group-715EBF8096A7-cacheEviction-AwaitToRun,5,main] started
2025-09-19 20:44:24,801 [b5a25cc1-46d3-4381-a194-bd68f4526f1c-impl-thread3] INFO  segmented.SegmentedRaftLogWorker (SegmentedRaftLogWorker.java:<init>(190)) - new b5a25cc1-46d3-4381-a194-bd68f4526f1c@group-715EBF8096A7-SegmentedRaftLogWorker for RaftStorageImpl:Storage Directory /home/runner/work/ozone/ozone/hadoop-ozone/integration-test/target/test-dir/MiniOzoneClusterImpl-990002c2-bb69-4aa2-bd68-28a5e13e86ef/ozone-metadata/datanode-3/ratis/958000d3-2396-49be-82e9-715ebf8096a7
2025-09-19 20:44:24,801 [b5a25cc1-46d3-4381-a194-bd68f4526f1c-impl-thread3] INFO  server.RaftServerConfigKeys (ConfUtils.java:logGet(62)) - raft.server.log.queue.byte-limit = 4294967296 (custom)
2025-09-19 20:44:24,801 [b5a25cc1-46d3-4381-a194-bd68f4526f1c-impl-thread3] INFO  server.RaftServerConfigKeys (ConfUtils.java:logGet(62)) - raft.server.log.segment.size.max = 67108864 (custom)
2025-09-19 20:44:24,801 [b5a25cc1-46d3-4381-a194-bd68f4526f1c-impl-thread3] INFO  server.RaftServerConfigKeys (ConfUtils.java:logGet(62)) - raft.server.log.preallocated.size = 4194304 (custom)
2025-09-19 20:44:24,801 [b5a25cc1-46d3-4381-a194-bd68f4526f1c-impl-thread2] INFO  server.RaftServerConfigKeys (ConfUtils.java:logGet(62)) - raft.server.log.appender.buffer.byte-limit = 33554432 (custom)
2025-09-19 20:44:24,802 [b5a25cc1-46d3-4381-a194-bd68f4526f1c-impl-thread3] INFO  server.RaftServerConfigKeys (ConfUtils.java:logGet(62)) - raft.server.log.write.buffer.size = 33554440 (custom)
2025-09-19 20:44:24,802 [b5a25cc1-46d3-4381-a194-bd68f4526f1c-impl-thread2] INFO  server.RaftServer$Division (ServerState.java:setRaftConf(386)) - b5a25cc1-46d3-4381-a194-bd68f4526f1c@group-A751954341BD: set configuration conf: {index: 0, cur=peers:[b5a25cc1-46d3-4381-a194-bd68f4526f1c|127.0.0.1:15031, 0df1231c-9f8a-4757-a7d0-f6d7f53bc482|127.0.0.1:15023, 8eb9963e-bce0-4155-aea2-e442cadff8bd|127.0.0.1:15015]|listeners:[], old=null}
2025-09-19 20:44:24,802 [b5a25cc1-46d3-4381-a194-bd68f4526f1c-impl-thread2] INFO  segmented.LogSegment (LogSegment.java:loadSegment(171)) - Successfully read 1 entries from segment file /home/runner/work/ozone/ozone/hadoop-ozone/integration-test/target/test-dir/MiniOzoneClusterImpl-990002c2-bb69-4aa2-bd68-28a5e13e86ef/ozone-metadata/datanode-3/ratis/e102d630-0766-4c9c-a6ac-a751954341bd/current/log_inprogress_0
2025-09-19 20:44:24,803 [b5a25cc1-46d3-4381-a194-bd68f4526f1c-impl-thread2] INFO  segmented.SegmentedRaftLogWorker (SegmentedRaftLogWorker.java:lambda$new$0(141)) - b5a25cc1-46d3-4381-a194-bd68f4526f1c@group-A751954341BD-SegmentedRaftLogWorker: safeCacheEvictIndex: setUnconditionally 0 -> -1
2025-09-19 20:44:24,803 [b5a25cc1-46d3-4381-a194-bd68f4526f1c-impl-thread2] INFO  segmented.BufferedWriteChannel (BufferedWriteChannel.java:open(61)) - open log_inprogress_0 (append) at position 351
2025-09-19 20:44:24,803 [b5a25cc1-46d3-4381-a194-bd68f4526f1c-impl-thread1] INFO  server.RaftServerConfigKeys (ConfUtils.java:logGet(62)) - raft.server.log.segment.size.max = 67108864 (custom)
2025-09-19 20:44:24,803 [b5a25cc1-46d3-4381-a194-bd68f4526f1c-impl-thread2] INFO  server.RaftServer$Division (RaftServerImpl.java:start(405)) - b5a25cc1-46d3-4381-a194-bd68f4526f1c@group-A751954341BD: start as a follower, conf=conf: {index: 0, cur=peers:[b5a25cc1-46d3-4381-a194-bd68f4526f1c|127.0.0.1:15031, 0df1231c-9f8a-4757-a7d0-f6d7f53bc482|127.0.0.1:15023, 8eb9963e-bce0-4155-aea2-e442cadff8bd|127.0.0.1:15015]|listeners:[], old=null}
2025-09-19 20:44:24,803 [b5a25cc1-46d3-4381-a194-bd68f4526f1c-impl-thread2] INFO  server.RaftServer$Division (RaftServerImpl.java:setRole(392)) - b5a25cc1-46d3-4381-a194-bd68f4526f1c@group-A751954341BD: changes role from      null to FOLLOWER at term 1 for startAsFollower
2025-09-19 20:44:24,803 [b5a25cc1-46d3-4381-a194-bd68f4526f1c-impl-thread2] INFO  impl.RoleInfo (RoleInfo.java:updateAndGet(148)) - b5a25cc1-46d3-4381-a194-bd68f4526f1c: start b5a25cc1-46d3-4381-a194-bd68f4526f1c@group-A751954341BD-FollowerState
2025-09-19 20:44:24,804 [b5a25cc1-46d3-4381-a194-bd68f4526f1c-impl-thread1] INFO  server.RaftServerConfigKeys (ConfUtils.java:logGet(62)) - raft.server.log.appender.buffer.byte-limit = 33554432 (custom)
2025-09-19 20:44:24,804 [b5a25cc1-46d3-4381-a194-bd68f4526f1c-impl-thread2] INFO  util.JmxRegister (JmxRegister.java:tryRegister(44)) - Successfully registered JMX Bean with object name Ratis:service=RaftServer,group=group-A751954341BD,id=b5a25cc1-46d3-4381-a194-bd68f4526f1c
2025-09-19 20:44:24,804 [b5a25cc1-46d3-4381-a194-bd68f4526f1c-impl-thread2] INFO  util.JmxRegister (JmxRegister.java:register(58)) - register mxBean class org.apache.ratis.server.impl.RaftServerJmxAdapter as Ratis:service=RaftServer,group=group-A751954341BD,id=b5a25cc1-46d3-4381-a194-bd68f4526f1c
2025-09-19 20:44:24,805 [b5a25cc1-46d3-4381-a194-bd68f4526f1c-impl-thread1] INFO  util.AwaitToRun (AwaitToRun.java:start(81)) - Thread[#2219,b5a25cc1-46d3-4381-a194-bd68f4526f1c@group-88B5B3DD1307-cacheEviction-AwaitToRun,5,main] started
2025-09-19 20:44:24,805 [b5a25cc1-46d3-4381-a194-bd68f4526f1c-impl-thread1] INFO  segmented.SegmentedRaftLogWorker (SegmentedRaftLogWorker.java:<init>(190)) - new b5a25cc1-46d3-4381-a194-bd68f4526f1c@group-88B5B3DD1307-SegmentedRaftLogWorker for RaftStorageImpl:Storage Directory /home/runner/work/ozone/ozone/hadoop-ozone/integration-test/target/test-dir/MiniOzoneClusterImpl-990002c2-bb69-4aa2-bd68-28a5e13e86ef/ozone-metadata/datanode-3/ratis/7b6acda8-b144-4fc3-891d-88b5b3dd1307
2025-09-19 20:44:24,805 [b5a25cc1-46d3-4381-a194-bd68f4526f1c-impl-thread1] INFO  server.RaftServerConfigKeys (ConfUtils.java:logGet(62)) - raft.server.log.queue.byte-limit = 4294967296 (custom)
2025-09-19 20:44:24,805 [b5a25cc1-46d3-4381-a194-bd68f4526f1c-impl-thread1] INFO  server.RaftServerConfigKeys (ConfUtils.java:logGet(62)) - raft.server.log.segment.size.max = 67108864 (custom)
2025-09-19 20:44:24,805 [b5a25cc1-46d3-4381-a194-bd68f4526f1c-impl-thread1] INFO  server.RaftServerConfigKeys (ConfUtils.java:logGet(62)) - raft.server.log.preallocated.size = 4194304 (custom)
2025-09-19 20:44:24,805 [b5a25cc1-46d3-4381-a194-bd68f4526f1c-impl-thread1] INFO  server.RaftServerConfigKeys (ConfUtils.java:logGet(62)) - raft.server.log.write.buffer.size = 33554440 (custom)
2025-09-19 20:44:24,806 [b5a25cc1-46d3-4381-a194-bd68f4526f1c-impl-thread2] INFO  server.RaftServer$Division (RaftServerImpl.java:start(419)) - b5a25cc1-46d3-4381-a194-bd68f4526f1c@group-A751954341BD: Successfully started.
2025-09-19 20:44:24,808 [b5a25cc1-46d3-4381-a194-bd68f4526f1c-impl-thread3] INFO  server.RaftServerConfigKeys (ConfUtils.java:logGet(62)) - raft.server.log.appender.buffer.byte-limit = 33554432 (custom)
2025-09-19 20:44:24,809 [b5a25cc1-46d3-4381-a194-bd68f4526f1c-impl-thread3] INFO  server.RaftServer$Division (ServerState.java:setRaftConf(386)) - b5a25cc1-46d3-4381-a194-bd68f4526f1c@group-715EBF8096A7: set configuration conf: {index: 0, cur=peers:[b5a25cc1-46d3-4381-a194-bd68f4526f1c|127.0.0.1:15031, 0df1231c-9f8a-4757-a7d0-f6d7f53bc482|127.0.0.1:15023, 8eb9963e-bce0-4155-aea2-e442cadff8bd|127.0.0.1:15015]|listeners:[], old=null}
2025-09-19 20:44:24,809 [b5a25cc1-46d3-4381-a194-bd68f4526f1c-impl-thread3] INFO  segmented.LogSegment (LogSegment.java:loadSegment(171)) - Successfully read 5 entries from segment file /home/runner/work/ozone/ozone/hadoop-ozone/integration-test/target/test-dir/MiniOzoneClusterImpl-990002c2-bb69-4aa2-bd68-28a5e13e86ef/ozone-metadata/datanode-3/ratis/958000d3-2396-49be-82e9-715ebf8096a7/current/log_inprogress_0
2025-09-19 20:44:24,809 [b5a25cc1-46d3-4381-a194-bd68f4526f1c-impl-thread3] INFO  segmented.SegmentedRaftLogWorker (SegmentedRaftLogWorker.java:lambda$new$0(141)) - b5a25cc1-46d3-4381-a194-bd68f4526f1c@group-715EBF8096A7-SegmentedRaftLogWorker: flushIndex: setUnconditionally 0 -> 4
2025-09-19 20:44:24,809 [b5a25cc1-46d3-4381-a194-bd68f4526f1c-impl-thread3] INFO  segmented.SegmentedRaftLogWorker (SegmentedRaftLogWorker.java:lambda$new$0(141)) - b5a25cc1-46d3-4381-a194-bd68f4526f1c@group-715EBF8096A7-SegmentedRaftLogWorker: safeCacheEvictIndex: setUnconditionally 0 -> -1
2025-09-19 20:44:24,809 [b5a25cc1-46d3-4381-a194-bd68f4526f1c-impl-thread3] INFO  segmented.BufferedWriteChannel (BufferedWriteChannel.java:open(61)) - open log_inprogress_0 (append) at position 1544
2025-09-19 20:44:24,810 [b5a25cc1-46d3-4381-a194-bd68f4526f1c-impl-thread3] INFO  server.RaftServer$Division (RaftServerImpl.java:start(405)) - b5a25cc1-46d3-4381-a194-bd68f4526f1c@group-715EBF8096A7: start as a follower, conf=conf: {index: 0, cur=peers:[b5a25cc1-46d3-4381-a194-bd68f4526f1c|127.0.0.1:15031, 0df1231c-9f8a-4757-a7d0-f6d7f53bc482|127.0.0.1:15023, 8eb9963e-bce0-4155-aea2-e442cadff8bd|127.0.0.1:15015]|listeners:[], old=null}
2025-09-19 20:44:24,810 [b5a25cc1-46d3-4381-a194-bd68f4526f1c-impl-thread3] INFO  server.RaftServer$Division (RaftServerImpl.java:setRole(392)) - b5a25cc1-46d3-4381-a194-bd68f4526f1c@group-715EBF8096A7: changes role from      null to FOLLOWER at term 1 for startAsFollower
2025-09-19 20:44:24,810 [b5a25cc1-46d3-4381-a194-bd68f4526f1c-impl-thread3] INFO  impl.RoleInfo (RoleInfo.java:updateAndGet(148)) - b5a25cc1-46d3-4381-a194-bd68f4526f1c: start b5a25cc1-46d3-4381-a194-bd68f4526f1c@group-715EBF8096A7-FollowerState
2025-09-19 20:44:24,810 [b5a25cc1-46d3-4381-a194-bd68f4526f1c-impl-thread3] INFO  util.JmxRegister (JmxRegister.java:tryRegister(44)) - Successfully registered JMX Bean with object name Ratis:service=RaftServer,group=group-715EBF8096A7,id=b5a25cc1-46d3-4381-a194-bd68f4526f1c
2025-09-19 20:44:24,810 [b5a25cc1-46d3-4381-a194-bd68f4526f1c-impl-thread3] INFO  util.JmxRegister (JmxRegister.java:register(58)) - register mxBean class org.apache.ratis.server.impl.RaftServerJmxAdapter as Ratis:service=RaftServer,group=group-715EBF8096A7,id=b5a25cc1-46d3-4381-a194-bd68f4526f1c
2025-09-19 20:44:24,811 [b5a25cc1-46d3-4381-a194-bd68f4526f1c-impl-thread1] INFO  server.RaftServerConfigKeys (ConfUtils.java:logGet(62)) - raft.server.log.appender.buffer.byte-limit = 33554432 (custom)
2025-09-19 20:44:24,811 [b5a25cc1-46d3-4381-a194-bd68f4526f1c-impl-thread3] INFO  server.RaftServer$Division (RaftServerImpl.java:start(419)) - b5a25cc1-46d3-4381-a194-bd68f4526f1c@group-715EBF8096A7: Successfully started.
2025-09-19 20:44:24,812 [b5a25cc1-46d3-4381-a194-bd68f4526f1c-impl-thread1] INFO  server.RaftServer$Division (ServerState.java:setRaftConf(386)) - b5a25cc1-46d3-4381-a194-bd68f4526f1c@group-88B5B3DD1307: set configuration conf: {index: 0, cur=peers:[b5a25cc1-46d3-4381-a194-bd68f4526f1c|127.0.0.1:15031]|listeners:[], old=null}
2025-09-19 20:44:24,812 [b5a25cc1-46d3-4381-a194-bd68f4526f1c-impl-thread1] INFO  segmented.LogSegment (LogSegment.java:loadSegment(171)) - Successfully read 1 entries from segment file /home/runner/work/ozone/ozone/hadoop-ozone/integration-test/target/test-dir/MiniOzoneClusterImpl-990002c2-bb69-4aa2-bd68-28a5e13e86ef/ozone-metadata/datanode-3/ratis/7b6acda8-b144-4fc3-891d-88b5b3dd1307/current/log_inprogress_0
2025-09-19 20:44:24,812 [b5a25cc1-46d3-4381-a194-bd68f4526f1c-impl-thread1] INFO  segmented.SegmentedRaftLogWorker (SegmentedRaftLogWorker.java:lambda$new$0(141)) - b5a25cc1-46d3-4381-a194-bd68f4526f1c@group-88B5B3DD1307-SegmentedRaftLogWorker: safeCacheEvictIndex: setUnconditionally 0 -> -1
2025-09-19 20:44:24,812 [b5a25cc1-46d3-4381-a194-bd68f4526f1c-impl-thread1] INFO  segmented.BufferedWriteChannel (BufferedWriteChannel.java:open(61)) - open log_inprogress_0 (append) at position 129
2025-09-19 20:44:24,812 [b5a25cc1-46d3-4381-a194-bd68f4526f1c-impl-thread1] INFO  server.RaftServer$Division (RaftServerImpl.java:start(405)) - b5a25cc1-46d3-4381-a194-bd68f4526f1c@group-88B5B3DD1307: start as a follower, conf=conf: {index: 0, cur=peers:[b5a25cc1-46d3-4381-a194-bd68f4526f1c|127.0.0.1:15031]|listeners:[], old=null}
2025-09-19 20:44:24,812 [b5a25cc1-46d3-4381-a194-bd68f4526f1c-impl-thread1] INFO  server.RaftServer$Division (RaftServerImpl.java:setRole(392)) - b5a25cc1-46d3-4381-a194-bd68f4526f1c@group-88B5B3DD1307: changes role from      null to FOLLOWER at term 1 for startAsFollower
2025-09-19 20:44:24,813 [b5a25cc1-46d3-4381-a194-bd68f4526f1c-impl-thread1] INFO  impl.RoleInfo (RoleInfo.java:updateAndGet(148)) - b5a25cc1-46d3-4381-a194-bd68f4526f1c: start b5a25cc1-46d3-4381-a194-bd68f4526f1c@group-88B5B3DD1307-FollowerState
2025-09-19 20:44:24,813 [b5a25cc1-46d3-4381-a194-bd68f4526f1c-impl-thread1] INFO  util.JmxRegister (JmxRegister.java:tryRegister(44)) - Successfully registered JMX Bean with object name Ratis:service=RaftServer,group=group-88B5B3DD1307,id=b5a25cc1-46d3-4381-a194-bd68f4526f1c
2025-09-19 20:44:24,813 [b5a25cc1-46d3-4381-a194-bd68f4526f1c-impl-thread1] INFO  util.JmxRegister (JmxRegister.java:register(58)) - register mxBean class org.apache.ratis.server.impl.RaftServerJmxAdapter as Ratis:service=RaftServer,group=group-88B5B3DD1307,id=b5a25cc1-46d3-4381-a194-bd68f4526f1c
2025-09-19 20:44:24,814 [b5a25cc1-46d3-4381-a194-bd68f4526f1c-impl-thread1] INFO  server.RaftServer$Division (RaftServerImpl.java:start(419)) - b5a25cc1-46d3-4381-a194-bd68f4526f1c@group-88B5B3DD1307: Successfully started.
2025-09-19 20:44:24,814 [b5a25cc1-46d3-4381-a194-bd68f4526f1c-EndpointStateMachineTaskThread-/0.0.0.0:15002-0 ] INFO  server.RaftServer (RaftServerProxy.java:startImpl(412)) - b5a25cc1-46d3-4381-a194-bd68f4526f1c: start RPC server
2025-09-19 20:44:24,814 [b5a25cc1-46d3-4381-a194-bd68f4526f1c-EndpointStateMachineTaskThread-/0.0.0.0:15002-0 ] INFO  server.GrpcServicesImpl (GrpcServicesImpl.java:startImpl(346)) - b5a25cc1-46d3-4381-a194-bd68f4526f1c: GrpcServicesImpl started, listening on 15029
2025-09-19 20:44:24,815 [b5a25cc1-46d3-4381-a194-bd68f4526f1c-EndpointStateMachineTaskThread-/0.0.0.0:15002-0 ] INFO  server.GrpcServicesImpl (GrpcServicesImpl.java:startImpl(346)) - b5a25cc1-46d3-4381-a194-bd68f4526f1c: GrpcServicesImpl started, listening on 15031
2025-09-19 20:44:24,815 [b5a25cc1-46d3-4381-a194-bd68f4526f1c-EndpointStateMachineTaskThread-/0.0.0.0:15002-0 ] INFO  server.GrpcServicesImpl (GrpcServicesImpl.java:startImpl(346)) - b5a25cc1-46d3-4381-a194-bd68f4526f1c: GrpcServicesImpl started, listening on 15030
2025-09-19 20:44:24,815 [b5a25cc1-46d3-4381-a194-bd68f4526f1c-EndpointStateMachineTaskThread-/0.0.0.0:15002-0 ] INFO  ratis.XceiverServerRatis (XceiverServerRatis.java:getRealPort(587)) - XceiverServerRatis(b5a25cc1-46d3-4381-a194-bd68f4526f1c) is started using port RATIS=15029
2025-09-19 20:44:24,815 [JvmPauseMonitor13] INFO  util.JvmPauseMonitor (JvmPauseMonitor.java:run(146)) - JvmPauseMonitor-b5a25cc1-46d3-4381-a194-bd68f4526f1c: Started
2025-09-19 20:44:24,816 [b5a25cc1-46d3-4381-a194-bd68f4526f1c-EndpointStateMachineTaskThread-/0.0.0.0:15002-0 ] INFO  ratis.XceiverServerRatis (XceiverServerRatis.java:getRealPort(587)) - XceiverServerRatis(b5a25cc1-46d3-4381-a194-bd68f4526f1c) is started using port RATIS_ADMIN=15030
2025-09-19 20:44:24,816 [b5a25cc1-46d3-4381-a194-bd68f4526f1c-EndpointStateMachineTaskThread-/0.0.0.0:15002-0 ] INFO  ratis.XceiverServerRatis (XceiverServerRatis.java:getRealPort(587)) - XceiverServerRatis(b5a25cc1-46d3-4381-a194-bd68f4526f1c) is started using port RATIS_SERVER=15031
2025-09-19 20:44:24,816 [b5a25cc1-46d3-4381-a194-bd68f4526f1c-EndpointStateMachineTaskThread-/0.0.0.0:15002-0 ] INFO  ratis.XceiverServerRatis (XceiverServerRatis.java:getRealPort(587)) - XceiverServerRatis(b5a25cc1-46d3-4381-a194-bd68f4526f1c) is started using port RATIS_DATASTREAM=15032
2025-09-19 20:44:24,817 [b5a25cc1-46d3-4381-a194-bd68f4526f1c-EndpointStateMachineTaskThread-/0.0.0.0:15002-0 ] INFO  utils.BackgroundService (BackgroundService.java:start(119)) - Starting service BlockDeletingService with interval 60000 milliseconds
2025-09-19 20:44:24,817 [b5a25cc1-46d3-4381-a194-bd68f4526f1c-EndpointStateMachineTaskThread-/0.0.0.0:15002-0 ] INFO  utils.BackgroundService (BackgroundService.java:start(119)) - Starting service StaleRecoveringContainerScrubbingService with interval 60000 milliseconds
2025-09-19 20:44:24,947 [8eb9963e-bce0-4155-aea2-e442cadff8bd@group-A751954341BD-FollowerState] INFO  impl.FollowerState (FollowerState.java:runImpl(161)) - 8eb9963e-bce0-4155-aea2-e442cadff8bd@group-A751954341BD-FollowerState: change to CANDIDATE, lastRpcElapsedTime:1009671709ns, electionTimeout:1009ms
2025-09-19 20:44:24,947 [8eb9963e-bce0-4155-aea2-e442cadff8bd@group-A751954341BD-FollowerState] INFO  impl.RoleInfo (RoleInfo.java:shutdownFollowerState(121)) - 8eb9963e-bce0-4155-aea2-e442cadff8bd: shutdown 8eb9963e-bce0-4155-aea2-e442cadff8bd@group-A751954341BD-FollowerState
2025-09-19 20:44:24,947 [8eb9963e-bce0-4155-aea2-e442cadff8bd@group-A751954341BD-FollowerState] INFO  server.RaftServer$Division (RaftServerImpl.java:setRole(392)) - 8eb9963e-bce0-4155-aea2-e442cadff8bd@group-A751954341BD: changes role from  FOLLOWER to CANDIDATE at term 1 for changeToCandidate
2025-09-19 20:44:24,947 [8eb9963e-bce0-4155-aea2-e442cadff8bd@group-A751954341BD-FollowerState] INFO  impl.RoleInfo (RoleInfo.java:updateAndGet(148)) - 8eb9963e-bce0-4155-aea2-e442cadff8bd: start 8eb9963e-bce0-4155-aea2-e442cadff8bd@group-A751954341BD-LeaderElection139
2025-09-19 20:44:24,948 [8eb9963e-bce0-4155-aea2-e442cadff8bd@group-A751954341BD-LeaderElection139] INFO  impl.LeaderElection (LeaderElection.java:askForVotes(448)) - 8eb9963e-bce0-4155-aea2-e442cadff8bd@group-A751954341BD-LeaderElection139 PRE_VOTE round 0: submit vote requests at term 1 for conf: {index: 0, cur=peers:[b5a25cc1-46d3-4381-a194-bd68f4526f1c|127.0.0.1:15031, 0df1231c-9f8a-4757-a7d0-f6d7f53bc482|127.0.0.1:15023, 8eb9963e-bce0-4155-aea2-e442cadff8bd|127.0.0.1:15015]|listeners:[], old=null}
2025-09-19 20:44:24,948 [8eb9963e-bce0-4155-aea2-e442cadff8bd@group-A751954341BD-LeaderElection139] INFO  impl.LeaderElection (LogUtils.java:infoOrTrace(142)) - 8eb9963e-bce0-4155-aea2-e442cadff8bd@group-A751954341BD-LeaderElection139 got exception when requesting votes: java.util.concurrent.ExecutionException: org.apache.ratis.thirdparty.io.grpc.StatusRuntimeException: UNAVAILABLE: io exception
2025-09-19 20:44:24,948 [8eb9963e-bce0-4155-aea2-e442cadff8bd@group-A751954341BD-LeaderElection139] INFO  impl.LeaderElection (LogUtils.java:infoOrTrace(142)) - 8eb9963e-bce0-4155-aea2-e442cadff8bd@group-A751954341BD-LeaderElection139 got exception when requesting votes: java.util.concurrent.ExecutionException: org.apache.ratis.thirdparty.io.grpc.StatusRuntimeException: UNAVAILABLE: io exception
2025-09-19 20:44:24,948 [8eb9963e-bce0-4155-aea2-e442cadff8bd@group-A751954341BD-LeaderElection139] INFO  impl.LeaderElection (LeaderElection.java:logAndReturn(206)) - 8eb9963e-bce0-4155-aea2-e442cadff8bd@group-A751954341BD-LeaderElection139: PRE_VOTE REJECTED received 0 response(s) and 2 exception(s):
2025-09-19 20:44:24,948 [8eb9963e-bce0-4155-aea2-e442cadff8bd@group-A751954341BD-LeaderElection139] INFO  impl.LeaderElection (LogUtils.java:infoOrTrace(142)) -   Exception 0: java.util.concurrent.ExecutionException: org.apache.ratis.thirdparty.io.grpc.StatusRuntimeException: UNAVAILABLE: io exception
2025-09-19 20:44:24,948 [8eb9963e-bce0-4155-aea2-e442cadff8bd@group-A751954341BD-LeaderElection139] INFO  impl.LeaderElection (LogUtils.java:infoOrTrace(142)) -   Exception 1: java.util.concurrent.ExecutionException: org.apache.ratis.thirdparty.io.grpc.StatusRuntimeException: UNAVAILABLE: io exception
2025-09-19 20:44:24,948 [8eb9963e-bce0-4155-aea2-e442cadff8bd@group-A751954341BD-LeaderElection139] INFO  impl.LeaderElection (LeaderElection.java:askForVotes(450)) - 8eb9963e-bce0-4155-aea2-e442cadff8bd@group-A751954341BD-LeaderElection139 PRE_VOTE round 0: result REJECTED
2025-09-19 20:44:24,948 [8eb9963e-bce0-4155-aea2-e442cadff8bd@group-A751954341BD-LeaderElection139] INFO  server.RaftServer$Division (RaftServerImpl.java:setRole(392)) - 8eb9963e-bce0-4155-aea2-e442cadff8bd@group-A751954341BD: changes role from CANDIDATE to FOLLOWER at term 1 for REJECTED
2025-09-19 20:44:24,948 [8eb9963e-bce0-4155-aea2-e442cadff8bd@group-A751954341BD-LeaderElection139] INFO  impl.RoleInfo (RoleInfo.java:shutdownLeaderElection(141)) - 8eb9963e-bce0-4155-aea2-e442cadff8bd: shutdown 8eb9963e-bce0-4155-aea2-e442cadff8bd@group-A751954341BD-LeaderElection139
2025-09-19 20:44:24,948 [8eb9963e-bce0-4155-aea2-e442cadff8bd@group-A751954341BD-LeaderElection139] INFO  impl.RoleInfo (RoleInfo.java:updateAndGet(148)) - 8eb9963e-bce0-4155-aea2-e442cadff8bd: start 8eb9963e-bce0-4155-aea2-e442cadff8bd@group-A751954341BD-FollowerState
2025-09-19 20:44:25,021 [0df1231c-9f8a-4757-a7d0-f6d7f53bc482-ContainerReader-0] INFO  ozoneimpl.ContainerReader (ContainerReader.java:readVolume(147)) - Start to verify containers on volume /home/runner/work/ozone/ozone/hadoop-ozone/integration-test/target/test-dir/MiniOzoneClusterImpl-990002c2-bb69-4aa2-bd68-28a5e13e86ef/ozone-metadata/datanode-2/data-0/hdds
2025-09-19 20:44:25,024 [0df1231c-9f8a-4757-a7d0-f6d7f53bc482-ContainerReader-0] WARN  helpers.KeyValueContainerUtil (KeyValueContainerUtil.java:populateContainerMetadata(330)) - Missing pendingDeleteBlockCount from metadata: recalculate them from block table
2025-09-19 20:44:25,025 [0df1231c-9f8a-4757-a7d0-f6d7f53bc482-ContainerReader-0] INFO  ozoneimpl.ContainerReader (ContainerReader.java:readVolume(177)) - Finish verifying containers on volume /home/runner/work/ozone/ozone/hadoop-ozone/integration-test/target/test-dir/MiniOzoneClusterImpl-990002c2-bb69-4aa2-bd68-28a5e13e86ef/ozone-metadata/datanode-2/data-0/hdds
2025-09-19 20:44:25,026 [0df1231c-9f8a-4757-a7d0-f6d7f53bc482-EndpointStateMachineTaskThread-/0.0.0.0:15002-0 ] INFO  ozoneimpl.OzoneContainer (OzoneContainer.java:buildContainerSet(370)) - Build ContainerSet costs 0s
2025-09-19 20:44:25,026 [0df1231c-9f8a-4757-a7d0-f6d7f53bc482-EndpointStateMachineTaskThread-/0.0.0.0:15002-0 ] INFO  volume.ThrottledAsyncChecker (ThrottledAsyncChecker.java:schedule(138)) - Scheduling a check for /home/runner/work/ozone/ozone/hadoop-ozone/integration-test/target/test-dir/MiniOzoneClusterImpl-990002c2-bb69-4aa2-bd68-28a5e13e86ef/ozone-metadata/datanode-2/data-0/hdds
2025-09-19 20:44:25,026 [0df1231c-9f8a-4757-a7d0-f6d7f53bc482-EndpointStateMachineTaskThread-/0.0.0.0:15002-0 ] INFO  volume.StorageVolumeChecker (StorageVolumeChecker.java:checkAllVolumes(231)) - Scheduled health check for volume /home/runner/work/ozone/ozone/hadoop-ozone/integration-test/target/test-dir/MiniOzoneClusterImpl-990002c2-bb69-4aa2-bd68-28a5e13e86ef/ozone-metadata/datanode-2/data-0/hdds
2025-09-19 20:44:25,029 [0df1231c-9f8a-4757-a7d0-f6d7f53bc482-EndpointStateMachineTaskThread-/0.0.0.0:15002-0 ] INFO  volume.ThrottledAsyncChecker (ThrottledAsyncChecker.java:schedule(138)) - Scheduling a check for /home/runner/work/ozone/ozone/hadoop-ozone/integration-test/target/test-dir/MiniOzoneClusterImpl-990002c2-bb69-4aa2-bd68-28a5e13e86ef/ozone-metadata/datanode-2/ratis
2025-09-19 20:44:25,029 [0df1231c-9f8a-4757-a7d0-f6d7f53bc482-EndpointStateMachineTaskThread-/0.0.0.0:15002-0 ] INFO  volume.StorageVolumeChecker (StorageVolumeChecker.java:checkAllVolumes(231)) - Scheduled health check for volume /home/runner/work/ozone/ozone/hadoop-ozone/integration-test/target/test-dir/MiniOzoneClusterImpl-990002c2-bb69-4aa2-bd68-28a5e13e86ef/ozone-metadata/datanode-2/ratis
2025-09-19 20:44:25,030 [0df1231c-9f8a-4757-a7d0-f6d7f53bc482-EndpointStateMachineTaskThread-/0.0.0.0:15002-0 ] INFO  ozoneimpl.OzoneContainer (OzoneContainer.java:start(525)) - Attempting to start container services.
2025-09-19 20:44:25,031 [ContainerDataScanner(/home/runner/work/ozone/ozone/hadoop-ozone/integration-test/target/test-dir/MiniOzoneClusterImpl-990002c2-bb69-4aa2-bd68-28a5e13e86ef/ozone-metadata/datanode-2/data-0/hdds)] INFO  ozoneimpl.AbstractBackgroundContainerScanner (AbstractBackgroundContainerScanner.java:runIteration(89)) - Completed an iteration in 0 minutes. Number of iterations (since the data-node restart) : 1, Number of containers scanned in this iteration : 0, Number of unhealthy containers found in this iteration : 0
2025-09-19 20:44:25,031 [0df1231c-9f8a-4757-a7d0-f6d7f53bc482-EndpointStateMachineTaskThread-/0.0.0.0:15002-0 ] INFO  replication.ReplicationServer (ReplicationServer.java:start(137)) - ReplicationServer is started using port 15025
2025-09-19 20:44:25,032 [0df1231c-9f8a-4757-a7d0-f6d7f53bc482-EndpointStateMachineTaskThread-/0.0.0.0:15002-0 ] INFO  ratis.XceiverServerRatis (XceiverServerRatis.java:start(560)) - Starting XceiverServerRatis(0df1231c-9f8a-4757-a7d0-f6d7f53bc482)
2025-09-19 20:44:25,032 [0df1231c-9f8a-4757-a7d0-f6d7f53bc482-impl-thread1] INFO  server.RaftServerConfigKeys (ConfUtils.java:logGet(62)) - raft.server.storage.dir = [/home/runner/work/ozone/ozone/hadoop-ozone/integration-test/target/test-dir/MiniOzoneClusterImpl-990002c2-bb69-4aa2-bd68-28a5e13e86ef/ozone-metadata/datanode-2/ratis] (custom)
2025-09-19 20:44:25,033 [ContainerMetadataScanner] INFO  ozoneimpl.AbstractBackgroundContainerScanner (AbstractBackgroundContainerScanner.java:runIteration(89)) - Completed an iteration in 0 minutes. Number of iterations (since the data-node restart) : 1, Number of containers scanned in this iteration : 1, Number of unhealthy containers found in this iteration : 0
2025-09-19 20:44:25,033 [0df1231c-9f8a-4757-a7d0-f6d7f53bc482-impl-thread2] INFO  storage.RaftStorageDirectory (RaftStorageDirectoryImpl.java:tryLock(229)) - Lock on /home/runner/work/ozone/ozone/hadoop-ozone/integration-test/target/test-dir/MiniOzoneClusterImpl-990002c2-bb69-4aa2-bd68-28a5e13e86ef/ozone-metadata/datanode-2/ratis/e102d630-0766-4c9c-a6ac-a751954341bd/in_use.lock acquired by nodename 22744@localhost
2025-09-19 20:44:25,034 [0df1231c-9f8a-4757-a7d0-f6d7f53bc482-impl-thread2] INFO  storage.RaftStorage (RaftStorageImpl.java:analyzeAndRecoverStorage(118)) - Read RaftStorageMetadata{term=1, votedFor=8eb9963e-bce0-4155-aea2-e442cadff8bd} from /home/runner/work/ozone/ozone/hadoop-ozone/integration-test/target/test-dir/MiniOzoneClusterImpl-990002c2-bb69-4aa2-bd68-28a5e13e86ef/ozone-metadata/datanode-2/ratis/e102d630-0766-4c9c-a6ac-a751954341bd/current/raft-meta
2025-09-19 20:44:25,034 [0df1231c-9f8a-4757-a7d0-f6d7f53bc482-impl-thread1] INFO  storage.RaftStorageDirectory (RaftStorageDirectoryImpl.java:tryLock(229)) - Lock on /home/runner/work/ozone/ozone/hadoop-ozone/integration-test/target/test-dir/MiniOzoneClusterImpl-990002c2-bb69-4aa2-bd68-28a5e13e86ef/ozone-metadata/datanode-2/ratis/54fe0239-6051-4a8e-b590-39ad5a9eaacd/in_use.lock acquired by nodename 22744@localhost
2025-09-19 20:44:25,034 [0df1231c-9f8a-4757-a7d0-f6d7f53bc482-impl-thread1] INFO  storage.RaftStorage (RaftStorageImpl.java:analyzeAndRecoverStorage(118)) - Read RaftStorageMetadata{term=1, votedFor=0df1231c-9f8a-4757-a7d0-f6d7f53bc482} from /home/runner/work/ozone/ozone/hadoop-ozone/integration-test/target/test-dir/MiniOzoneClusterImpl-990002c2-bb69-4aa2-bd68-28a5e13e86ef/ozone-metadata/datanode-2/ratis/54fe0239-6051-4a8e-b590-39ad5a9eaacd/current/raft-meta
2025-09-19 20:44:25,034 [0df1231c-9f8a-4757-a7d0-f6d7f53bc482-impl-thread2] INFO  server.RaftServer$Division (ServerState.java:setRaftConf(386)) - 0df1231c-9f8a-4757-a7d0-f6d7f53bc482@group-A751954341BD: set configuration conf: {index: 0, cur=peers:[b5a25cc1-46d3-4381-a194-bd68f4526f1c|127.0.0.1:15031, 0df1231c-9f8a-4757-a7d0-f6d7f53bc482|127.0.0.1:15023, 8eb9963e-bce0-4155-aea2-e442cadff8bd|127.0.0.1:15015]|listeners:[], old=null}
2025-09-19 20:44:25,034 [0df1231c-9f8a-4757-a7d0-f6d7f53bc482-impl-thread1] INFO  server.RaftServer$Division (ServerState.java:setRaftConf(386)) - 0df1231c-9f8a-4757-a7d0-f6d7f53bc482@group-39AD5A9EAACD: set configuration conf: {index: 0, cur=peers:[0df1231c-9f8a-4757-a7d0-f6d7f53bc482|127.0.0.1:15023]|listeners:[], old=null}
2025-09-19 20:44:25,034 [0df1231c-9f8a-4757-a7d0-f6d7f53bc482-impl-thread2] INFO  ratis.ContainerStateMachine (ContainerStateMachine.java:initialize(339)) - 0df1231c-9f8a-4757-a7d0-f6d7f53bc482: initialize group-A751954341BD
2025-09-19 20:44:25,034 [0df1231c-9f8a-4757-a7d0-f6d7f53bc482-impl-thread1] INFO  ratis.ContainerStateMachine (ContainerStateMachine.java:initialize(339)) - 0df1231c-9f8a-4757-a7d0-f6d7f53bc482: initialize group-39AD5A9EAACD
2025-09-19 20:44:25,034 [0df1231c-9f8a-4757-a7d0-f6d7f53bc482-impl-thread1] INFO  ratis.ContainerStateMachine (ContainerStateMachine.java:loadSnapshot(356)) - group-39AD5A9EAACD: Setting the last applied index to (t:1, i:0)
2025-09-19 20:44:25,034 [0df1231c-9f8a-4757-a7d0-f6d7f53bc482-impl-thread2] INFO  ratis.ContainerStateMachine (ContainerStateMachine.java:loadSnapshot(356)) - group-A751954341BD: Setting the last applied index to (t:1, i:0)
2025-09-19 20:44:25,035 [0df1231c-9f8a-4757-a7d0-f6d7f53bc482-impl-thread3] INFO  storage.RaftStorageDirectory (RaftStorageDirectoryImpl.java:tryLock(229)) - Lock on /home/runner/work/ozone/ozone/hadoop-ozone/integration-test/target/test-dir/MiniOzoneClusterImpl-990002c2-bb69-4aa2-bd68-28a5e13e86ef/ozone-metadata/datanode-2/ratis/958000d3-2396-49be-82e9-715ebf8096a7/in_use.lock acquired by nodename 22744@localhost
2025-09-19 20:44:25,035 [0df1231c-9f8a-4757-a7d0-f6d7f53bc482-impl-thread1] INFO  server.RaftServerConfigKeys (ConfUtils.java:logGet(62)) - raft.server.log.appender.buffer.byte-limit = 33554432 (custom)
2025-09-19 20:44:25,035 [0df1231c-9f8a-4757-a7d0-f6d7f53bc482-impl-thread2] INFO  server.RaftServerConfigKeys (ConfUtils.java:logGet(62)) - raft.server.log.appender.buffer.byte-limit = 33554432 (custom)
2025-09-19 20:44:25,035 [0df1231c-9f8a-4757-a7d0-f6d7f53bc482-impl-thread3] INFO  storage.RaftStorage (RaftStorageImpl.java:analyzeAndRecoverStorage(118)) - Read RaftStorageMetadata{term=2, votedFor=0df1231c-9f8a-4757-a7d0-f6d7f53bc482} from /home/runner/work/ozone/ozone/hadoop-ozone/integration-test/target/test-dir/MiniOzoneClusterImpl-990002c2-bb69-4aa2-bd68-28a5e13e86ef/ozone-metadata/datanode-2/ratis/958000d3-2396-49be-82e9-715ebf8096a7/current/raft-meta
2025-09-19 20:44:25,035 [0df1231c-9f8a-4757-a7d0-f6d7f53bc482-impl-thread3] INFO  server.RaftServer$Division (ServerState.java:setRaftConf(386)) - 0df1231c-9f8a-4757-a7d0-f6d7f53bc482@group-715EBF8096A7: set configuration conf: {index: 5, cur=peers:[b5a25cc1-46d3-4381-a194-bd68f4526f1c|127.0.0.1:15031, 0df1231c-9f8a-4757-a7d0-f6d7f53bc482|127.0.0.1:15023, 8eb9963e-bce0-4155-aea2-e442cadff8bd|127.0.0.1:15015]|listeners:[], old=null}
2025-09-19 20:44:25,036 [0df1231c-9f8a-4757-a7d0-f6d7f53bc482-impl-thread3] INFO  ratis.ContainerStateMachine (ContainerStateMachine.java:initialize(339)) - 0df1231c-9f8a-4757-a7d0-f6d7f53bc482: initialize group-715EBF8096A7
2025-09-19 20:44:25,036 [0df1231c-9f8a-4757-a7d0-f6d7f53bc482-impl-thread3] INFO  ratis.ContainerStateMachine (ContainerStateMachine.java:loadSnapshot(356)) - group-715EBF8096A7: Setting the last applied index to (t:2, i:6)
2025-09-19 20:44:25,036 [0df1231c-9f8a-4757-a7d0-f6d7f53bc482-impl-thread3] INFO  server.RaftServerConfigKeys (ConfUtils.java:logGet(62)) - raft.server.log.appender.buffer.byte-limit = 33554432 (custom)
2025-09-19 20:44:25,046 [0df1231c-9f8a-4757-a7d0-f6d7f53bc482-impl-thread2] INFO  server.RaftServerConfigKeys (ConfUtils.java:logGet(62)) - raft.server.log.segment.size.max = 67108864 (custom)
2025-09-19 20:44:25,046 [0df1231c-9f8a-4757-a7d0-f6d7f53bc482-impl-thread1] INFO  server.RaftServerConfigKeys (ConfUtils.java:logGet(62)) - raft.server.log.segment.size.max = 67108864 (custom)
2025-09-19 20:44:25,046 [0df1231c-9f8a-4757-a7d0-f6d7f53bc482-impl-thread3] INFO  server.RaftServerConfigKeys (ConfUtils.java:logGet(62)) - raft.server.log.segment.size.max = 67108864 (custom)
2025-09-19 20:44:25,048 [0df1231c-9f8a-4757-a7d0-f6d7f53bc482-impl-thread1] INFO  server.RaftServerConfigKeys (ConfUtils.java:logGet(62)) - raft.server.log.appender.buffer.byte-limit = 33554432 (custom)
2025-09-19 20:44:25,048 [0df1231c-9f8a-4757-a7d0-f6d7f53bc482-impl-thread2] INFO  server.RaftServerConfigKeys (ConfUtils.java:logGet(62)) - raft.server.log.appender.buffer.byte-limit = 33554432 (custom)
2025-09-19 20:44:25,048 [0df1231c-9f8a-4757-a7d0-f6d7f53bc482-impl-thread3] INFO  server.RaftServerConfigKeys (ConfUtils.java:logGet(62)) - raft.server.log.appender.buffer.byte-limit = 33554432 (custom)
2025-09-19 20:44:25,048 [0df1231c-9f8a-4757-a7d0-f6d7f53bc482-impl-thread1] INFO  util.AwaitToRun (AwaitToRun.java:start(81)) - Thread[#2251,0df1231c-9f8a-4757-a7d0-f6d7f53bc482@group-39AD5A9EAACD-cacheEviction-AwaitToRun,5,main] started
2025-09-19 20:44:25,048 [0df1231c-9f8a-4757-a7d0-f6d7f53bc482-impl-thread1] INFO  segmented.SegmentedRaftLogWorker (SegmentedRaftLogWorker.java:<init>(190)) - new 0df1231c-9f8a-4757-a7d0-f6d7f53bc482@group-39AD5A9EAACD-SegmentedRaftLogWorker for RaftStorageImpl:Storage Directory /home/runner/work/ozone/ozone/hadoop-ozone/integration-test/target/test-dir/MiniOzoneClusterImpl-990002c2-bb69-4aa2-bd68-28a5e13e86ef/ozone-metadata/datanode-2/ratis/54fe0239-6051-4a8e-b590-39ad5a9eaacd
2025-09-19 20:44:25,048 [0df1231c-9f8a-4757-a7d0-f6d7f53bc482-impl-thread1] INFO  server.RaftServerConfigKeys (ConfUtils.java:logGet(62)) - raft.server.log.queue.byte-limit = 4294967296 (custom)
2025-09-19 20:44:25,048 [0df1231c-9f8a-4757-a7d0-f6d7f53bc482-impl-thread1] INFO  server.RaftServerConfigKeys (ConfUtils.java:logGet(62)) - raft.server.log.segment.size.max = 67108864 (custom)
2025-09-19 20:44:25,048 [0df1231c-9f8a-4757-a7d0-f6d7f53bc482-impl-thread1] INFO  server.RaftServerConfigKeys (ConfUtils.java:logGet(62)) - raft.server.log.preallocated.size = 4194304 (custom)
2025-09-19 20:44:25,049 [0df1231c-9f8a-4757-a7d0-f6d7f53bc482-impl-thread2] INFO  util.AwaitToRun (AwaitToRun.java:start(81)) - Thread[#2252,0df1231c-9f8a-4757-a7d0-f6d7f53bc482@group-A751954341BD-cacheEviction-AwaitToRun,5,main] started
2025-09-19 20:44:25,049 [0df1231c-9f8a-4757-a7d0-f6d7f53bc482-impl-thread2] INFO  segmented.SegmentedRaftLogWorker (SegmentedRaftLogWorker.java:<init>(190)) - new 0df1231c-9f8a-4757-a7d0-f6d7f53bc482@group-A751954341BD-SegmentedRaftLogWorker for RaftStorageImpl:Storage Directory /home/runner/work/ozone/ozone/hadoop-ozone/integration-test/target/test-dir/MiniOzoneClusterImpl-990002c2-bb69-4aa2-bd68-28a5e13e86ef/ozone-metadata/datanode-2/ratis/e102d630-0766-4c9c-a6ac-a751954341bd
2025-09-19 20:44:25,049 [0df1231c-9f8a-4757-a7d0-f6d7f53bc482-impl-thread2] INFO  server.RaftServerConfigKeys (ConfUtils.java:logGet(62)) - raft.server.log.queue.byte-limit = 4294967296 (custom)
2025-09-19 20:44:25,049 [0df1231c-9f8a-4757-a7d0-f6d7f53bc482-impl-thread2] INFO  server.RaftServerConfigKeys (ConfUtils.java:logGet(62)) - raft.server.log.segment.size.max = 67108864 (custom)
2025-09-19 20:44:25,049 [0df1231c-9f8a-4757-a7d0-f6d7f53bc482-impl-thread1] INFO  server.RaftServerConfigKeys (ConfUtils.java:logGet(62)) - raft.server.log.write.buffer.size = 33554440 (custom)
2025-09-19 20:44:25,049 [0df1231c-9f8a-4757-a7d0-f6d7f53bc482-impl-thread2] INFO  server.RaftServerConfigKeys (ConfUtils.java:logGet(62)) - raft.server.log.preallocated.size = 4194304 (custom)
2025-09-19 20:44:25,049 [0df1231c-9f8a-4757-a7d0-f6d7f53bc482-impl-thread2] INFO  server.RaftServerConfigKeys (ConfUtils.java:logGet(62)) - raft.server.log.write.buffer.size = 33554440 (custom)
2025-09-19 20:44:25,050 [0df1231c-9f8a-4757-a7d0-f6d7f53bc482-impl-thread3] INFO  util.AwaitToRun (AwaitToRun.java:start(81)) - Thread[#2253,0df1231c-9f8a-4757-a7d0-f6d7f53bc482@group-715EBF8096A7-cacheEviction-AwaitToRun,5,main] started
2025-09-19 20:44:25,050 [0df1231c-9f8a-4757-a7d0-f6d7f53bc482-impl-thread3] INFO  segmented.SegmentedRaftLogWorker (SegmentedRaftLogWorker.java:<init>(190)) - new 0df1231c-9f8a-4757-a7d0-f6d7f53bc482@group-715EBF8096A7-SegmentedRaftLogWorker for RaftStorageImpl:Storage Directory /home/runner/work/ozone/ozone/hadoop-ozone/integration-test/target/test-dir/MiniOzoneClusterImpl-990002c2-bb69-4aa2-bd68-28a5e13e86ef/ozone-metadata/datanode-2/ratis/958000d3-2396-49be-82e9-715ebf8096a7
2025-09-19 20:44:25,050 [0df1231c-9f8a-4757-a7d0-f6d7f53bc482-impl-thread3] INFO  server.RaftServerConfigKeys (ConfUtils.java:logGet(62)) - raft.server.log.queue.byte-limit = 4294967296 (custom)
2025-09-19 20:44:25,050 [0df1231c-9f8a-4757-a7d0-f6d7f53bc482-impl-thread3] INFO  server.RaftServerConfigKeys (ConfUtils.java:logGet(62)) - raft.server.log.segment.size.max = 67108864 (custom)
2025-09-19 20:44:25,050 [0df1231c-9f8a-4757-a7d0-f6d7f53bc482-impl-thread3] INFO  server.RaftServerConfigKeys (ConfUtils.java:logGet(62)) - raft.server.log.preallocated.size = 4194304 (custom)
2025-09-19 20:44:25,051 [0df1231c-9f8a-4757-a7d0-f6d7f53bc482-impl-thread3] INFO  server.RaftServerConfigKeys (ConfUtils.java:logGet(62)) - raft.server.log.write.buffer.size = 33554440 (custom)
2025-09-19 20:44:25,055 [0df1231c-9f8a-4757-a7d0-f6d7f53bc482-impl-thread1] INFO  server.RaftServerConfigKeys (ConfUtils.java:logGet(62)) - raft.server.log.appender.buffer.byte-limit = 33554432 (custom)
2025-09-19 20:44:25,055 [0df1231c-9f8a-4757-a7d0-f6d7f53bc482-impl-thread1] INFO  server.RaftServer$Division (ServerState.java:setRaftConf(386)) - 0df1231c-9f8a-4757-a7d0-f6d7f53bc482@group-39AD5A9EAACD: set configuration conf: {index: 0, cur=peers:[0df1231c-9f8a-4757-a7d0-f6d7f53bc482|127.0.0.1:15023]|listeners:[], old=null}
2025-09-19 20:44:25,056 [0df1231c-9f8a-4757-a7d0-f6d7f53bc482-impl-thread1] INFO  segmented.LogSegment (LogSegment.java:loadSegment(171)) - Successfully read 1 entries from segment file /home/runner/work/ozone/ozone/hadoop-ozone/integration-test/target/test-dir/MiniOzoneClusterImpl-990002c2-bb69-4aa2-bd68-28a5e13e86ef/ozone-metadata/datanode-2/ratis/54fe0239-6051-4a8e-b590-39ad5a9eaacd/current/log_inprogress_0
2025-09-19 20:44:25,056 [0df1231c-9f8a-4757-a7d0-f6d7f53bc482-impl-thread1] INFO  segmented.SegmentedRaftLogWorker (SegmentedRaftLogWorker.java:lambda$new$0(141)) - 0df1231c-9f8a-4757-a7d0-f6d7f53bc482@group-39AD5A9EAACD-SegmentedRaftLogWorker: safeCacheEvictIndex: setUnconditionally 0 -> -1
2025-09-19 20:44:25,056 [0df1231c-9f8a-4757-a7d0-f6d7f53bc482-impl-thread2] INFO  server.RaftServerConfigKeys (ConfUtils.java:logGet(62)) - raft.server.log.appender.buffer.byte-limit = 33554432 (custom)
2025-09-19 20:44:25,056 [0df1231c-9f8a-4757-a7d0-f6d7f53bc482-impl-thread1] INFO  segmented.BufferedWriteChannel (BufferedWriteChannel.java:open(61)) - open log_inprogress_0 (append) at position 129
2025-09-19 20:44:25,056 [0df1231c-9f8a-4757-a7d0-f6d7f53bc482-impl-thread2] INFO  server.RaftServer$Division (ServerState.java:setRaftConf(386)) - 0df1231c-9f8a-4757-a7d0-f6d7f53bc482@group-A751954341BD: set configuration conf: {index: 0, cur=peers:[b5a25cc1-46d3-4381-a194-bd68f4526f1c|127.0.0.1:15031, 0df1231c-9f8a-4757-a7d0-f6d7f53bc482|127.0.0.1:15023, 8eb9963e-bce0-4155-aea2-e442cadff8bd|127.0.0.1:15015]|listeners:[], old=null}
2025-09-19 20:44:25,056 [0df1231c-9f8a-4757-a7d0-f6d7f53bc482-impl-thread2] INFO  segmented.LogSegment (LogSegment.java:loadSegment(171)) - Successfully read 1 entries from segment file /home/runner/work/ozone/ozone/hadoop-ozone/integration-test/target/test-dir/MiniOzoneClusterImpl-990002c2-bb69-4aa2-bd68-28a5e13e86ef/ozone-metadata/datanode-2/ratis/e102d630-0766-4c9c-a6ac-a751954341bd/current/log_inprogress_0
2025-09-19 20:44:25,056 [0df1231c-9f8a-4757-a7d0-f6d7f53bc482-impl-thread2] INFO  segmented.SegmentedRaftLogWorker (SegmentedRaftLogWorker.java:lambda$new$0(141)) - 0df1231c-9f8a-4757-a7d0-f6d7f53bc482@group-A751954341BD-SegmentedRaftLogWorker: safeCacheEvictIndex: setUnconditionally 0 -> -1
2025-09-19 20:44:25,056 [0df1231c-9f8a-4757-a7d0-f6d7f53bc482-impl-thread2] INFO  segmented.BufferedWriteChannel (BufferedWriteChannel.java:open(61)) - open log_inprogress_0 (append) at position 351
2025-09-19 20:44:25,057 [0df1231c-9f8a-4757-a7d0-f6d7f53bc482-impl-thread1] INFO  server.RaftServer$Division (RaftServerImpl.java:start(405)) - 0df1231c-9f8a-4757-a7d0-f6d7f53bc482@group-39AD5A9EAACD: start as a follower, conf=conf: {index: 0, cur=peers:[0df1231c-9f8a-4757-a7d0-f6d7f53bc482|127.0.0.1:15023]|listeners:[], old=null}
2025-09-19 20:44:25,057 [0df1231c-9f8a-4757-a7d0-f6d7f53bc482-impl-thread1] INFO  server.RaftServer$Division (RaftServerImpl.java:setRole(392)) - 0df1231c-9f8a-4757-a7d0-f6d7f53bc482@group-39AD5A9EAACD: changes role from      null to FOLLOWER at term 1 for startAsFollower
2025-09-19 20:44:25,057 [0df1231c-9f8a-4757-a7d0-f6d7f53bc482-impl-thread1] INFO  impl.RoleInfo (RoleInfo.java:updateAndGet(148)) - 0df1231c-9f8a-4757-a7d0-f6d7f53bc482: start 0df1231c-9f8a-4757-a7d0-f6d7f53bc482@group-39AD5A9EAACD-FollowerState
2025-09-19 20:44:25,057 [0df1231c-9f8a-4757-a7d0-f6d7f53bc482-impl-thread1] INFO  util.JmxRegister (JmxRegister.java:tryRegister(44)) - Successfully registered JMX Bean with object name Ratis:service=RaftServer,group=group-39AD5A9EAACD,id=0df1231c-9f8a-4757-a7d0-f6d7f53bc482
2025-09-19 20:44:25,057 [0df1231c-9f8a-4757-a7d0-f6d7f53bc482-impl-thread1] INFO  util.JmxRegister (JmxRegister.java:register(58)) - register mxBean class org.apache.ratis.server.impl.RaftServerJmxAdapter as Ratis:service=RaftServer,group=group-39AD5A9EAACD,id=0df1231c-9f8a-4757-a7d0-f6d7f53bc482
2025-09-19 20:44:25,057 [0df1231c-9f8a-4757-a7d0-f6d7f53bc482-impl-thread2] INFO  server.RaftServer$Division (RaftServerImpl.java:start(405)) - 0df1231c-9f8a-4757-a7d0-f6d7f53bc482@group-A751954341BD: start as a follower, conf=conf: {index: 0, cur=peers:[b5a25cc1-46d3-4381-a194-bd68f4526f1c|127.0.0.1:15031, 0df1231c-9f8a-4757-a7d0-f6d7f53bc482|127.0.0.1:15023, 8eb9963e-bce0-4155-aea2-e442cadff8bd|127.0.0.1:15015]|listeners:[], old=null}
2025-09-19 20:44:25,057 [0df1231c-9f8a-4757-a7d0-f6d7f53bc482-impl-thread2] INFO  server.RaftServer$Division (RaftServerImpl.java:setRole(392)) - 0df1231c-9f8a-4757-a7d0-f6d7f53bc482@group-A751954341BD: changes role from      null to FOLLOWER at term 1 for startAsFollower
2025-09-19 20:44:25,058 [0df1231c-9f8a-4757-a7d0-f6d7f53bc482-impl-thread2] INFO  impl.RoleInfo (RoleInfo.java:updateAndGet(148)) - 0df1231c-9f8a-4757-a7d0-f6d7f53bc482: start 0df1231c-9f8a-4757-a7d0-f6d7f53bc482@group-A751954341BD-FollowerState
2025-09-19 20:44:25,058 [0df1231c-9f8a-4757-a7d0-f6d7f53bc482-impl-thread3] INFO  server.RaftServerConfigKeys (ConfUtils.java:logGet(62)) - raft.server.log.appender.buffer.byte-limit = 33554432 (custom)
2025-09-19 20:44:25,058 [0df1231c-9f8a-4757-a7d0-f6d7f53bc482-impl-thread2] INFO  util.JmxRegister (JmxRegister.java:tryRegister(44)) - Successfully registered JMX Bean with object name Ratis:service=RaftServer,group=group-A751954341BD,id=0df1231c-9f8a-4757-a7d0-f6d7f53bc482
2025-09-19 20:44:25,058 [0df1231c-9f8a-4757-a7d0-f6d7f53bc482-impl-thread2] INFO  util.JmxRegister (JmxRegister.java:register(58)) - register mxBean class org.apache.ratis.server.impl.RaftServerJmxAdapter as Ratis:service=RaftServer,group=group-A751954341BD,id=0df1231c-9f8a-4757-a7d0-f6d7f53bc482
2025-09-19 20:44:25,058 [0df1231c-9f8a-4757-a7d0-f6d7f53bc482-impl-thread3] INFO  server.RaftServer$Division (ServerState.java:setRaftConf(386)) - 0df1231c-9f8a-4757-a7d0-f6d7f53bc482@group-715EBF8096A7: set configuration conf: {index: 0, cur=peers:[b5a25cc1-46d3-4381-a194-bd68f4526f1c|127.0.0.1:15031, 0df1231c-9f8a-4757-a7d0-f6d7f53bc482|127.0.0.1:15023, 8eb9963e-bce0-4155-aea2-e442cadff8bd|127.0.0.1:15015]|listeners:[], old=null}
2025-09-19 20:44:25,058 [0df1231c-9f8a-4757-a7d0-f6d7f53bc482-impl-thread3] INFO  segmented.LogSegment (LogSegment.java:loadSegment(171)) - Successfully read 5 entries from segment file /home/runner/work/ozone/ozone/hadoop-ozone/integration-test/target/test-dir/MiniOzoneClusterImpl-990002c2-bb69-4aa2-bd68-28a5e13e86ef/ozone-metadata/datanode-2/ratis/958000d3-2396-49be-82e9-715ebf8096a7/current/log_0-4
2025-09-19 20:44:25,059 [0df1231c-9f8a-4757-a7d0-f6d7f53bc482-impl-thread1] INFO  server.RaftServer$Division (RaftServerImpl.java:start(419)) - 0df1231c-9f8a-4757-a7d0-f6d7f53bc482@group-39AD5A9EAACD: Successfully started.
2025-09-19 20:44:25,059 [0df1231c-9f8a-4757-a7d0-f6d7f53bc482-impl-thread3] INFO  server.RaftServer$Division (ServerState.java:setRaftConf(386)) - 0df1231c-9f8a-4757-a7d0-f6d7f53bc482@group-715EBF8096A7: set configuration conf: {index: 5, cur=peers:[b5a25cc1-46d3-4381-a194-bd68f4526f1c|127.0.0.1:15031, 0df1231c-9f8a-4757-a7d0-f6d7f53bc482|127.0.0.1:15023, 8eb9963e-bce0-4155-aea2-e442cadff8bd|127.0.0.1:15015]|listeners:[], old=null}
2025-09-19 20:44:25,059 [0df1231c-9f8a-4757-a7d0-f6d7f53bc482-impl-thread3] INFO  segmented.LogSegment (LogSegment.java:loadSegment(171)) - Successfully read 2 entries from segment file /home/runner/work/ozone/ozone/hadoop-ozone/integration-test/target/test-dir/MiniOzoneClusterImpl-990002c2-bb69-4aa2-bd68-28a5e13e86ef/ozone-metadata/datanode-2/ratis/958000d3-2396-49be-82e9-715ebf8096a7/current/log_inprogress_5
2025-09-19 20:44:25,059 [0df1231c-9f8a-4757-a7d0-f6d7f53bc482-impl-thread2] INFO  server.RaftServer$Division (RaftServerImpl.java:start(419)) - 0df1231c-9f8a-4757-a7d0-f6d7f53bc482@group-A751954341BD: Successfully started.
2025-09-19 20:44:25,059 [0df1231c-9f8a-4757-a7d0-f6d7f53bc482-impl-thread3] INFO  segmented.SegmentedRaftLogWorker (SegmentedRaftLogWorker.java:lambda$new$0(141)) - 0df1231c-9f8a-4757-a7d0-f6d7f53bc482@group-715EBF8096A7-SegmentedRaftLogWorker: flushIndex: setUnconditionally 0 -> 6
2025-09-19 20:44:25,059 [0df1231c-9f8a-4757-a7d0-f6d7f53bc482-impl-thread3] INFO  segmented.SegmentedRaftLogWorker (SegmentedRaftLogWorker.java:lambda$new$0(141)) - 0df1231c-9f8a-4757-a7d0-f6d7f53bc482@group-715EBF8096A7-SegmentedRaftLogWorker: safeCacheEvictIndex: setUnconditionally 0 -> 4
2025-09-19 20:44:25,059 [0df1231c-9f8a-4757-a7d0-f6d7f53bc482-impl-thread3] INFO  segmented.BufferedWriteChannel (BufferedWriteChannel.java:open(61)) - open log_inprogress_5 (append) at position 366
2025-09-19 20:44:25,060 [0df1231c-9f8a-4757-a7d0-f6d7f53bc482-impl-thread3] INFO  server.RaftServer$Division (RaftServerImpl.java:start(405)) - 0df1231c-9f8a-4757-a7d0-f6d7f53bc482@group-715EBF8096A7: start as a follower, conf=conf: {index: 5, cur=peers:[b5a25cc1-46d3-4381-a194-bd68f4526f1c|127.0.0.1:15031, 0df1231c-9f8a-4757-a7d0-f6d7f53bc482|127.0.0.1:15023, 8eb9963e-bce0-4155-aea2-e442cadff8bd|127.0.0.1:15015]|listeners:[], old=null}
2025-09-19 20:44:25,060 [0df1231c-9f8a-4757-a7d0-f6d7f53bc482-impl-thread3] INFO  server.RaftServer$Division (RaftServerImpl.java:setRole(392)) - 0df1231c-9f8a-4757-a7d0-f6d7f53bc482@group-715EBF8096A7: changes role from      null to FOLLOWER at term 2 for startAsFollower
2025-09-19 20:44:25,060 [0df1231c-9f8a-4757-a7d0-f6d7f53bc482-impl-thread3] INFO  impl.RoleInfo (RoleInfo.java:updateAndGet(148)) - 0df1231c-9f8a-4757-a7d0-f6d7f53bc482: start 0df1231c-9f8a-4757-a7d0-f6d7f53bc482@group-715EBF8096A7-FollowerState
2025-09-19 20:44:25,060 [0df1231c-9f8a-4757-a7d0-f6d7f53bc482-impl-thread3] INFO  util.JmxRegister (JmxRegister.java:tryRegister(44)) - Successfully registered JMX Bean with object name Ratis:service=RaftServer,group=group-715EBF8096A7,id=0df1231c-9f8a-4757-a7d0-f6d7f53bc482
2025-09-19 20:44:25,060 [0df1231c-9f8a-4757-a7d0-f6d7f53bc482-impl-thread3] INFO  util.JmxRegister (JmxRegister.java:register(58)) - register mxBean class org.apache.ratis.server.impl.RaftServerJmxAdapter as Ratis:service=RaftServer,group=group-715EBF8096A7,id=0df1231c-9f8a-4757-a7d0-f6d7f53bc482
2025-09-19 20:44:25,061 [0df1231c-9f8a-4757-a7d0-f6d7f53bc482-impl-thread3] INFO  server.RaftServer$Division (RaftServerImpl.java:start(419)) - 0df1231c-9f8a-4757-a7d0-f6d7f53bc482@group-715EBF8096A7: Successfully started.
2025-09-19 20:44:25,061 [0df1231c-9f8a-4757-a7d0-f6d7f53bc482-EndpointStateMachineTaskThread-/0.0.0.0:15002-0 ] INFO  server.RaftServer (RaftServerProxy.java:startImpl(412)) - 0df1231c-9f8a-4757-a7d0-f6d7f53bc482: start RPC server
2025-09-19 20:44:25,062 [0df1231c-9f8a-4757-a7d0-f6d7f53bc482-EndpointStateMachineTaskThread-/0.0.0.0:15002-0 ] INFO  server.GrpcServicesImpl (GrpcServicesImpl.java:startImpl(346)) - 0df1231c-9f8a-4757-a7d0-f6d7f53bc482: GrpcServicesImpl started, listening on 15021
2025-09-19 20:44:25,062 [0df1231c-9f8a-4757-a7d0-f6d7f53bc482-EndpointStateMachineTaskThread-/0.0.0.0:15002-0 ] INFO  server.GrpcServicesImpl (GrpcServicesImpl.java:startImpl(346)) - 0df1231c-9f8a-4757-a7d0-f6d7f53bc482: GrpcServicesImpl started, listening on 15023
2025-09-19 20:44:25,062 [0df1231c-9f8a-4757-a7d0-f6d7f53bc482-EndpointStateMachineTaskThread-/0.0.0.0:15002-0 ] INFO  server.GrpcServicesImpl (GrpcServicesImpl.java:startImpl(346)) - 0df1231c-9f8a-4757-a7d0-f6d7f53bc482: GrpcServicesImpl started, listening on 15022
2025-09-19 20:44:25,062 [0df1231c-9f8a-4757-a7d0-f6d7f53bc482-EndpointStateMachineTaskThread-/0.0.0.0:15002-0 ] INFO  ratis.XceiverServerRatis (XceiverServerRatis.java:getRealPort(587)) - XceiverServerRatis(0df1231c-9f8a-4757-a7d0-f6d7f53bc482) is started using port RATIS=15021
2025-09-19 20:44:25,062 [0df1231c-9f8a-4757-a7d0-f6d7f53bc482-EndpointStateMachineTaskThread-/0.0.0.0:15002-0 ] INFO  ratis.XceiverServerRatis (XceiverServerRatis.java:getRealPort(587)) - XceiverServerRatis(0df1231c-9f8a-4757-a7d0-f6d7f53bc482) is started using port RATIS_ADMIN=15022
2025-09-19 20:44:25,063 [0df1231c-9f8a-4757-a7d0-f6d7f53bc482-EndpointStateMachineTaskThread-/0.0.0.0:15002-0 ] INFO  ratis.XceiverServerRatis (XceiverServerRatis.java:getRealPort(587)) - XceiverServerRatis(0df1231c-9f8a-4757-a7d0-f6d7f53bc482) is started using port RATIS_SERVER=15023
2025-09-19 20:44:25,063 [0df1231c-9f8a-4757-a7d0-f6d7f53bc482-EndpointStateMachineTaskThread-/0.0.0.0:15002-0 ] INFO  ratis.XceiverServerRatis (XceiverServerRatis.java:getRealPort(587)) - XceiverServerRatis(0df1231c-9f8a-4757-a7d0-f6d7f53bc482) is started using port RATIS_DATASTREAM=15024
2025-09-19 20:44:25,063 [JvmPauseMonitor14] INFO  util.JvmPauseMonitor (JvmPauseMonitor.java:run(146)) - JvmPauseMonitor-0df1231c-9f8a-4757-a7d0-f6d7f53bc482: Started
2025-09-19 20:44:25,063 [0df1231c-9f8a-4757-a7d0-f6d7f53bc482-EndpointStateMachineTaskThread-/0.0.0.0:15002-0 ] INFO  utils.BackgroundService (BackgroundService.java:start(119)) - Starting service BlockDeletingService with interval 60000 milliseconds
2025-09-19 20:44:25,064 [0df1231c-9f8a-4757-a7d0-f6d7f53bc482-EndpointStateMachineTaskThread-/0.0.0.0:15002-0 ] INFO  utils.BackgroundService (BackgroundService.java:start(119)) - Starting service StaleRecoveringContainerScrubbingService with interval 60000 milliseconds
2025-09-19 20:44:25,591 [8eb9963e-bce0-4155-aea2-e442cadff8bd@group-715EBF8096A7-FollowerState] INFO  impl.FollowerState (FollowerState.java:runImpl(161)) - 8eb9963e-bce0-4155-aea2-e442cadff8bd@group-715EBF8096A7-FollowerState: change to CANDIDATE, lastRpcElapsedTime:1145347683ns, electionTimeout:1145ms
2025-09-19 20:44:25,591 [8eb9963e-bce0-4155-aea2-e442cadff8bd@group-715EBF8096A7-FollowerState] INFO  impl.RoleInfo (RoleInfo.java:shutdownFollowerState(121)) - 8eb9963e-bce0-4155-aea2-e442cadff8bd: shutdown 8eb9963e-bce0-4155-aea2-e442cadff8bd@group-715EBF8096A7-FollowerState
2025-09-19 20:44:25,592 [8eb9963e-bce0-4155-aea2-e442cadff8bd@group-715EBF8096A7-FollowerState] INFO  server.RaftServer$Division (RaftServerImpl.java:setRole(392)) - 8eb9963e-bce0-4155-aea2-e442cadff8bd@group-715EBF8096A7: changes role from  FOLLOWER to CANDIDATE at term 2 for changeToCandidate
2025-09-19 20:44:25,592 [8eb9963e-bce0-4155-aea2-e442cadff8bd@group-715EBF8096A7-FollowerState] INFO  impl.RoleInfo (RoleInfo.java:updateAndGet(148)) - 8eb9963e-bce0-4155-aea2-e442cadff8bd: start 8eb9963e-bce0-4155-aea2-e442cadff8bd@group-715EBF8096A7-LeaderElection140
2025-09-19 20:44:25,592 [8eb9963e-bce0-4155-aea2-e442cadff8bd@group-715EBF8096A7-LeaderElection140] INFO  impl.LeaderElection (LeaderElection.java:askForVotes(448)) - 8eb9963e-bce0-4155-aea2-e442cadff8bd@group-715EBF8096A7-LeaderElection140 PRE_VOTE round 0: submit vote requests at term 2 for conf: {index: 5, cur=peers:[b5a25cc1-46d3-4381-a194-bd68f4526f1c|127.0.0.1:15031, 0df1231c-9f8a-4757-a7d0-f6d7f53bc482|127.0.0.1:15023, 8eb9963e-bce0-4155-aea2-e442cadff8bd|127.0.0.1:15015]|listeners:[], old=null}
2025-09-19 20:44:25,593 [8eb9963e-bce0-4155-aea2-e442cadff8bd@group-715EBF8096A7-LeaderElection140] INFO  impl.LeaderElection (LogUtils.java:infoOrTrace(142)) - 8eb9963e-bce0-4155-aea2-e442cadff8bd@group-715EBF8096A7-LeaderElection140 got exception when requesting votes: java.util.concurrent.ExecutionException: org.apache.ratis.thirdparty.io.grpc.StatusRuntimeException: UNAVAILABLE: io exception
2025-09-19 20:44:25,593 [8eb9963e-bce0-4155-aea2-e442cadff8bd@group-715EBF8096A7-LeaderElection140] INFO  impl.LeaderElection (LogUtils.java:infoOrTrace(142)) - 8eb9963e-bce0-4155-aea2-e442cadff8bd@group-715EBF8096A7-LeaderElection140 got exception when requesting votes: java.util.concurrent.ExecutionException: org.apache.ratis.thirdparty.io.grpc.StatusRuntimeException: UNAVAILABLE: io exception
2025-09-19 20:44:25,593 [8eb9963e-bce0-4155-aea2-e442cadff8bd@group-715EBF8096A7-LeaderElection140] INFO  impl.LeaderElection (LeaderElection.java:logAndReturn(206)) - 8eb9963e-bce0-4155-aea2-e442cadff8bd@group-715EBF8096A7-LeaderElection140: PRE_VOTE REJECTED received 0 response(s) and 2 exception(s):
2025-09-19 20:44:25,593 [8eb9963e-bce0-4155-aea2-e442cadff8bd@group-715EBF8096A7-LeaderElection140] INFO  impl.LeaderElection (LogUtils.java:infoOrTrace(142)) -   Exception 0: java.util.concurrent.ExecutionException: org.apache.ratis.thirdparty.io.grpc.StatusRuntimeException: UNAVAILABLE: io exception
2025-09-19 20:44:25,593 [8eb9963e-bce0-4155-aea2-e442cadff8bd@group-715EBF8096A7-LeaderElection140] INFO  impl.LeaderElection (LogUtils.java:infoOrTrace(142)) -   Exception 1: java.util.concurrent.ExecutionException: org.apache.ratis.thirdparty.io.grpc.StatusRuntimeException: UNAVAILABLE: io exception
2025-09-19 20:44:25,593 [8eb9963e-bce0-4155-aea2-e442cadff8bd@group-715EBF8096A7-LeaderElection140] INFO  impl.LeaderElection (LeaderElection.java:askForVotes(450)) - 8eb9963e-bce0-4155-aea2-e442cadff8bd@group-715EBF8096A7-LeaderElection140 PRE_VOTE round 0: result REJECTED
2025-09-19 20:44:25,593 [8eb9963e-bce0-4155-aea2-e442cadff8bd@group-715EBF8096A7-LeaderElection140] INFO  server.RaftServer$Division (RaftServerImpl.java:setRole(392)) - 8eb9963e-bce0-4155-aea2-e442cadff8bd@group-715EBF8096A7: changes role from CANDIDATE to FOLLOWER at term 2 for REJECTED
2025-09-19 20:44:25,593 [8eb9963e-bce0-4155-aea2-e442cadff8bd@group-715EBF8096A7-LeaderElection140] INFO  impl.RoleInfo (RoleInfo.java:shutdownLeaderElection(141)) - 8eb9963e-bce0-4155-aea2-e442cadff8bd: shutdown 8eb9963e-bce0-4155-aea2-e442cadff8bd@group-715EBF8096A7-LeaderElection140
2025-09-19 20:44:25,593 [8eb9963e-bce0-4155-aea2-e442cadff8bd@group-715EBF8096A7-LeaderElection140] INFO  impl.RoleInfo (RoleInfo.java:updateAndGet(148)) - 8eb9963e-bce0-4155-aea2-e442cadff8bd: start 8eb9963e-bce0-4155-aea2-e442cadff8bd@group-715EBF8096A7-FollowerState
2025-09-19 20:44:25,832 [b5a25cc1-46d3-4381-a194-bd68f4526f1c@group-88B5B3DD1307-FollowerState] INFO  impl.FollowerState (FollowerState.java:runImpl(161)) - b5a25cc1-46d3-4381-a194-bd68f4526f1c@group-88B5B3DD1307-FollowerState: change to CANDIDATE, lastRpcElapsedTime:1019442488ns, electionTimeout:1019ms
2025-09-19 20:44:25,832 [b5a25cc1-46d3-4381-a194-bd68f4526f1c@group-88B5B3DD1307-FollowerState] INFO  impl.RoleInfo (RoleInfo.java:shutdownFollowerState(121)) - b5a25cc1-46d3-4381-a194-bd68f4526f1c: shutdown b5a25cc1-46d3-4381-a194-bd68f4526f1c@group-88B5B3DD1307-FollowerState
2025-09-19 20:44:25,832 [b5a25cc1-46d3-4381-a194-bd68f4526f1c@group-88B5B3DD1307-FollowerState] INFO  server.RaftServer$Division (RaftServerImpl.java:setRole(392)) - b5a25cc1-46d3-4381-a194-bd68f4526f1c@group-88B5B3DD1307: changes role from  FOLLOWER to CANDIDATE at term 1 for changeToCandidate
2025-09-19 20:44:25,832 [b5a25cc1-46d3-4381-a194-bd68f4526f1c@group-88B5B3DD1307-FollowerState] INFO  impl.RoleInfo (RoleInfo.java:updateAndGet(148)) - b5a25cc1-46d3-4381-a194-bd68f4526f1c: start b5a25cc1-46d3-4381-a194-bd68f4526f1c@group-88B5B3DD1307-LeaderElection141
2025-09-19 20:44:25,833 [b5a25cc1-46d3-4381-a194-bd68f4526f1c@group-88B5B3DD1307-LeaderElection141] INFO  impl.LeaderElection (LeaderElection.java:askForVotes(448)) - b5a25cc1-46d3-4381-a194-bd68f4526f1c@group-88B5B3DD1307-LeaderElection141 PRE_VOTE round 0: submit vote requests at term 1 for conf: {index: 0, cur=peers:[b5a25cc1-46d3-4381-a194-bd68f4526f1c|127.0.0.1:15031]|listeners:[], old=null}
2025-09-19 20:44:25,833 [b5a25cc1-46d3-4381-a194-bd68f4526f1c@group-88B5B3DD1307-LeaderElection141] INFO  impl.LeaderElection (LeaderElection.java:askForVotes(450)) - b5a25cc1-46d3-4381-a194-bd68f4526f1c@group-88B5B3DD1307-LeaderElection141 PRE_VOTE round 0: result PASSED (term=1)
2025-09-19 20:44:25,834 [b5a25cc1-46d3-4381-a194-bd68f4526f1c@group-88B5B3DD1307-LeaderElection141] INFO  impl.LeaderElection (LeaderElection.java:askForVotes(448)) - b5a25cc1-46d3-4381-a194-bd68f4526f1c@group-88B5B3DD1307-LeaderElection141 ELECTION round 0: submit vote requests at term 2 for conf: {index: 0, cur=peers:[b5a25cc1-46d3-4381-a194-bd68f4526f1c|127.0.0.1:15031]|listeners:[], old=null}
2025-09-19 20:44:25,834 [b5a25cc1-46d3-4381-a194-bd68f4526f1c@group-88B5B3DD1307-LeaderElection141] INFO  impl.LeaderElection (LeaderElection.java:askForVotes(450)) - b5a25cc1-46d3-4381-a194-bd68f4526f1c@group-88B5B3DD1307-LeaderElection141 ELECTION round 0: result PASSED (term=2)
2025-09-19 20:44:25,834 [b5a25cc1-46d3-4381-a194-bd68f4526f1c@group-88B5B3DD1307-LeaderElection141] INFO  impl.RoleInfo (RoleInfo.java:shutdownLeaderElection(141)) - b5a25cc1-46d3-4381-a194-bd68f4526f1c: shutdown b5a25cc1-46d3-4381-a194-bd68f4526f1c@group-88B5B3DD1307-LeaderElection141
2025-09-19 20:44:25,834 [b5a25cc1-46d3-4381-a194-bd68f4526f1c@group-88B5B3DD1307-LeaderElection141] INFO  server.RaftServer$Division (RaftServerImpl.java:setRole(392)) - b5a25cc1-46d3-4381-a194-bd68f4526f1c@group-88B5B3DD1307: changes role from CANDIDATE to LEADER at term 2 for changeToLeader
2025-09-19 20:44:25,834 [b5a25cc1-46d3-4381-a194-bd68f4526f1c@group-88B5B3DD1307-LeaderElection141] INFO  server.RaftServerConfigKeys (ConfUtils.java:logFallback(69)) - raft.server.staging.timeout = 3600ms (fallback to raft.server.rpc.timeout.max)
2025-09-19 20:44:25,834 [b5a25cc1-46d3-4381-a194-bd68f4526f1c@group-88B5B3DD1307-LeaderElection141] INFO  server.RaftServerConfigKeys (ConfUtils.java:logGet(62)) - raft.server.write.byte-limit = 1024 M (=1073741824) (custom)
2025-09-19 20:44:25,835 [b5a25cc1-46d3-4381-a194-bd68f4526f1c@group-88B5B3DD1307-LeaderElection141] INFO  impl.RoleInfo (RoleInfo.java:updateAndGet(148)) - b5a25cc1-46d3-4381-a194-bd68f4526f1c: start b5a25cc1-46d3-4381-a194-bd68f4526f1c@group-88B5B3DD1307-LeaderStateImpl
2025-09-19 20:44:25,835 [b5a25cc1-46d3-4381-a194-bd68f4526f1c@group-88B5B3DD1307-LeaderElection141] INFO  server.RaftServer$Division (RaftServerImpl.java:setFirstElection(576)) - b5a25cc1-46d3-4381-a194-bd68f4526f1c@group-88B5B3DD1307: set firstElectionSinceStartup to false for becomeLeader
2025-09-19 20:44:25,835 [b5a25cc1-46d3-4381-a194-bd68f4526f1c@group-88B5B3DD1307-LeaderElection141] INFO  ratis.XceiverServerRatis (XceiverServerRatis.java:handleLeaderChangedNotification(942)) - Leader change notification received for group: group-88B5B3DD1307 with new leaderId: b5a25cc1-46d3-4381-a194-bd68f4526f1c
2025-09-19 20:44:25,835 [b5a25cc1-46d3-4381-a194-bd68f4526f1c@group-88B5B3DD1307-LeaderElection141] INFO  server.RaftServer$Division (ServerState.java:setLeader(272)) - b5a25cc1-46d3-4381-a194-bd68f4526f1c@group-88B5B3DD1307: change Leader from null to b5a25cc1-46d3-4381-a194-bd68f4526f1c at term 2 for becomeLeader, leader elected after 1732ms
2025-09-19 20:44:25,835 [b5a25cc1-46d3-4381-a194-bd68f4526f1c@group-88B5B3DD1307-LeaderElection141] INFO  segmented.SegmentedRaftLogWorker (SegmentedRaftLogWorker.java:rollLogSegment(445)) - b5a25cc1-46d3-4381-a194-bd68f4526f1c@group-88B5B3DD1307-SegmentedRaftLogWorker: Rolling segment log-0_0 to index:0
2025-09-19 20:44:25,836 [b5a25cc1-46d3-4381-a194-bd68f4526f1c@group-88B5B3DD1307-LeaderElection141] INFO  server.RaftServer$Division (ServerState.java:setRaftConf(386)) - b5a25cc1-46d3-4381-a194-bd68f4526f1c@group-88B5B3DD1307: set configuration conf: {index: 1, cur=peers:[b5a25cc1-46d3-4381-a194-bd68f4526f1c|127.0.0.1:15031]|listeners:[], old=null}
2025-09-19 20:44:25,836 [b5a25cc1-46d3-4381-a194-bd68f4526f1c@group-88B5B3DD1307-SegmentedRaftLogWorker] INFO  segmented.SegmentedRaftLogWorker (SegmentedRaftLogWorker.java:execute(604)) - b5a25cc1-46d3-4381-a194-bd68f4526f1c@group-88B5B3DD1307-SegmentedRaftLogWorker: Rolled log segment from /home/runner/work/ozone/ozone/hadoop-ozone/integration-test/target/test-dir/MiniOzoneClusterImpl-990002c2-bb69-4aa2-bd68-28a5e13e86ef/ozone-metadata/datanode-3/ratis/7b6acda8-b144-4fc3-891d-88b5b3dd1307/current/log_inprogress_0 to /home/runner/work/ozone/ozone/hadoop-ozone/integration-test/target/test-dir/MiniOzoneClusterImpl-990002c2-bb69-4aa2-bd68-28a5e13e86ef/ozone-metadata/datanode-3/ratis/7b6acda8-b144-4fc3-891d-88b5b3dd1307/current/log_0-0
2025-09-19 20:44:25,836 [b5a25cc1-46d3-4381-a194-bd68f4526f1c@group-88B5B3DD1307-SegmentedRaftLogWorker] INFO  segmented.BufferedWriteChannel (BufferedWriteChannel.java:open(61)) - open log_inprogress_1 at position 0
2025-09-19 20:44:25,841 [b5a25cc1-46d3-4381-a194-bd68f4526f1c@group-88B5B3DD1307-SegmentedRaftLogWorker] INFO  segmented.SegmentedRaftLogWorker (SegmentedRaftLogWorker.java:execute(647)) - b5a25cc1-46d3-4381-a194-bd68f4526f1c@group-88B5B3DD1307-SegmentedRaftLogWorker: created new log segment /home/runner/work/ozone/ozone/hadoop-ozone/integration-test/target/test-dir/MiniOzoneClusterImpl-990002c2-bb69-4aa2-bd68-28a5e13e86ef/ozone-metadata/datanode-3/ratis/7b6acda8-b144-4fc3-891d-88b5b3dd1307/current/log_inprogress_1
2025-09-19 20:44:25,843 [b5a25cc1-46d3-4381-a194-bd68f4526f1c@group-88B5B3DD1307-StateMachineUpdater] INFO  server.RaftServer$Division (LeaderStateImpl.java:checkStartIndex(309)) - Leader b5a25cc1-46d3-4381-a194-bd68f4526f1c@group-88B5B3DD1307-LeaderStateImpl is ready since appliedIndex == startIndex == 1
2025-09-19 20:44:25,952 [8eb9963e-bce0-4155-aea2-e442cadff8bd@group-A751954341BD-FollowerState] INFO  impl.FollowerState (FollowerState.java:runImpl(161)) - 8eb9963e-bce0-4155-aea2-e442cadff8bd@group-A751954341BD-FollowerState: change to CANDIDATE, lastRpcElapsedTime:1003277179ns, electionTimeout:1003ms
2025-09-19 20:44:25,952 [8eb9963e-bce0-4155-aea2-e442cadff8bd@group-A751954341BD-FollowerState] INFO  impl.RoleInfo (RoleInfo.java:shutdownFollowerState(121)) - 8eb9963e-bce0-4155-aea2-e442cadff8bd: shutdown 8eb9963e-bce0-4155-aea2-e442cadff8bd@group-A751954341BD-FollowerState
2025-09-19 20:44:25,952 [8eb9963e-bce0-4155-aea2-e442cadff8bd@group-A751954341BD-FollowerState] INFO  server.RaftServer$Division (RaftServerImpl.java:setRole(392)) - 8eb9963e-bce0-4155-aea2-e442cadff8bd@group-A751954341BD: changes role from  FOLLOWER to CANDIDATE at term 1 for changeToCandidate
2025-09-19 20:44:25,952 [8eb9963e-bce0-4155-aea2-e442cadff8bd@group-A751954341BD-FollowerState] INFO  impl.RoleInfo (RoleInfo.java:updateAndGet(148)) - 8eb9963e-bce0-4155-aea2-e442cadff8bd: start 8eb9963e-bce0-4155-aea2-e442cadff8bd@group-A751954341BD-LeaderElection142
2025-09-19 20:44:25,952 [8eb9963e-bce0-4155-aea2-e442cadff8bd@group-A751954341BD-LeaderElection142] INFO  impl.LeaderElection (LeaderElection.java:askForVotes(448)) - 8eb9963e-bce0-4155-aea2-e442cadff8bd@group-A751954341BD-LeaderElection142 PRE_VOTE round 0: submit vote requests at term 1 for conf: {index: 0, cur=peers:[b5a25cc1-46d3-4381-a194-bd68f4526f1c|127.0.0.1:15031, 0df1231c-9f8a-4757-a7d0-f6d7f53bc482|127.0.0.1:15023, 8eb9963e-bce0-4155-aea2-e442cadff8bd|127.0.0.1:15015]|listeners:[], old=null}
2025-09-19 20:44:25,953 [8eb9963e-bce0-4155-aea2-e442cadff8bd@group-A751954341BD-LeaderElection142] INFO  impl.LeaderElection (LogUtils.java:infoOrTrace(142)) - 8eb9963e-bce0-4155-aea2-e442cadff8bd@group-A751954341BD-LeaderElection142 got exception when requesting votes: java.util.concurrent.ExecutionException: org.apache.ratis.thirdparty.io.grpc.StatusRuntimeException: UNAVAILABLE: io exception
2025-09-19 20:44:25,953 [8eb9963e-bce0-4155-aea2-e442cadff8bd@group-A751954341BD-LeaderElection142] INFO  impl.LeaderElection (LogUtils.java:infoOrTrace(142)) - 8eb9963e-bce0-4155-aea2-e442cadff8bd@group-A751954341BD-LeaderElection142 got exception when requesting votes: java.util.concurrent.ExecutionException: org.apache.ratis.thirdparty.io.grpc.StatusRuntimeException: UNAVAILABLE: io exception
2025-09-19 20:44:25,953 [8eb9963e-bce0-4155-aea2-e442cadff8bd@group-A751954341BD-LeaderElection142] INFO  impl.LeaderElection (LeaderElection.java:logAndReturn(206)) - 8eb9963e-bce0-4155-aea2-e442cadff8bd@group-A751954341BD-LeaderElection142: PRE_VOTE REJECTED received 0 response(s) and 2 exception(s):
2025-09-19 20:44:25,953 [8eb9963e-bce0-4155-aea2-e442cadff8bd@group-A751954341BD-LeaderElection142] INFO  impl.LeaderElection (LogUtils.java:infoOrTrace(142)) -   Exception 0: java.util.concurrent.ExecutionException: org.apache.ratis.thirdparty.io.grpc.StatusRuntimeException: UNAVAILABLE: io exception
2025-09-19 20:44:25,953 [8eb9963e-bce0-4155-aea2-e442cadff8bd@group-A751954341BD-LeaderElection142] INFO  impl.LeaderElection (LogUtils.java:infoOrTrace(142)) -   Exception 1: java.util.concurrent.ExecutionException: org.apache.ratis.thirdparty.io.grpc.StatusRuntimeException: UNAVAILABLE: io exception
2025-09-19 20:44:25,953 [8eb9963e-bce0-4155-aea2-e442cadff8bd@group-A751954341BD-LeaderElection142] INFO  impl.LeaderElection (LeaderElection.java:askForVotes(450)) - 8eb9963e-bce0-4155-aea2-e442cadff8bd@group-A751954341BD-LeaderElection142 PRE_VOTE round 0: result REJECTED
2025-09-19 20:44:25,953 [8eb9963e-bce0-4155-aea2-e442cadff8bd@group-A751954341BD-LeaderElection142] INFO  server.RaftServer$Division (RaftServerImpl.java:setRole(392)) - 8eb9963e-bce0-4155-aea2-e442cadff8bd@group-A751954341BD: changes role from CANDIDATE to FOLLOWER at term 1 for REJECTED
2025-09-19 20:44:25,953 [8eb9963e-bce0-4155-aea2-e442cadff8bd@group-A751954341BD-LeaderElection142] INFO  impl.RoleInfo (RoleInfo.java:shutdownLeaderElection(141)) - 8eb9963e-bce0-4155-aea2-e442cadff8bd: shutdown 8eb9963e-bce0-4155-aea2-e442cadff8bd@group-A751954341BD-LeaderElection142
2025-09-19 20:44:25,953 [8eb9963e-bce0-4155-aea2-e442cadff8bd@group-A751954341BD-LeaderElection142] INFO  impl.RoleInfo (RoleInfo.java:updateAndGet(148)) - 8eb9963e-bce0-4155-aea2-e442cadff8bd: start 8eb9963e-bce0-4155-aea2-e442cadff8bd@group-A751954341BD-FollowerState
2025-09-19 20:44:25,969 [b5a25cc1-46d3-4381-a194-bd68f4526f1c@group-715EBF8096A7-FollowerState] INFO  impl.FollowerState (FollowerState.java:runImpl(161)) - b5a25cc1-46d3-4381-a194-bd68f4526f1c@group-715EBF8096A7-FollowerState: change to CANDIDATE, lastRpcElapsedTime:1159067540ns, electionTimeout:1158ms
2025-09-19 20:44:25,969 [b5a25cc1-46d3-4381-a194-bd68f4526f1c@group-715EBF8096A7-FollowerState] INFO  impl.RoleInfo (RoleInfo.java:shutdownFollowerState(121)) - b5a25cc1-46d3-4381-a194-bd68f4526f1c: shutdown b5a25cc1-46d3-4381-a194-bd68f4526f1c@group-715EBF8096A7-FollowerState
2025-09-19 20:44:25,969 [b5a25cc1-46d3-4381-a194-bd68f4526f1c@group-715EBF8096A7-FollowerState] INFO  server.RaftServer$Division (RaftServerImpl.java:setRole(392)) - b5a25cc1-46d3-4381-a194-bd68f4526f1c@group-715EBF8096A7: changes role from  FOLLOWER to CANDIDATE at term 1 for changeToCandidate
2025-09-19 20:44:25,969 [b5a25cc1-46d3-4381-a194-bd68f4526f1c@group-715EBF8096A7-FollowerState] INFO  impl.RoleInfo (RoleInfo.java:updateAndGet(148)) - b5a25cc1-46d3-4381-a194-bd68f4526f1c: start b5a25cc1-46d3-4381-a194-bd68f4526f1c@group-715EBF8096A7-LeaderElection143
2025-09-19 20:44:25,969 [b5a25cc1-46d3-4381-a194-bd68f4526f1c@group-715EBF8096A7-LeaderElection143] INFO  impl.LeaderElection (LeaderElection.java:askForVotes(448)) - b5a25cc1-46d3-4381-a194-bd68f4526f1c@group-715EBF8096A7-LeaderElection143 PRE_VOTE round 0: submit vote requests at term 1 for conf: {index: 0, cur=peers:[b5a25cc1-46d3-4381-a194-bd68f4526f1c|127.0.0.1:15031, 0df1231c-9f8a-4757-a7d0-f6d7f53bc482|127.0.0.1:15023, 8eb9963e-bce0-4155-aea2-e442cadff8bd|127.0.0.1:15015]|listeners:[], old=null}
2025-09-19 20:44:25,970 [b5a25cc1-46d3-4381-a194-bd68f4526f1c@group-715EBF8096A7-LeaderElection143-1] INFO  server.GrpcServerProtocolClient (GrpcServerProtocolClient.java:<init>(65)) - Build channel for 0df1231c-9f8a-4757-a7d0-f6d7f53bc482|127.0.0.1:15023
2025-09-19 20:44:25,970 [b5a25cc1-46d3-4381-a194-bd68f4526f1c@group-715EBF8096A7-LeaderElection143-2] INFO  server.GrpcServerProtocolClient (GrpcServerProtocolClient.java:<init>(65)) - Build channel for 8eb9963e-bce0-4155-aea2-e442cadff8bd|127.0.0.1:15015
2025-09-19 20:44:25,972 [b5a25cc1-46d3-4381-a194-bd68f4526f1c@group-A751954341BD-FollowerState] INFO  impl.FollowerState (FollowerState.java:runImpl(161)) - b5a25cc1-46d3-4381-a194-bd68f4526f1c@group-A751954341BD-FollowerState: change to CANDIDATE, lastRpcElapsedTime:1168155798ns, electionTimeout:1167ms
2025-09-19 20:44:25,972 [b5a25cc1-46d3-4381-a194-bd68f4526f1c@group-A751954341BD-FollowerState] INFO  impl.RoleInfo (RoleInfo.java:shutdownFollowerState(121)) - b5a25cc1-46d3-4381-a194-bd68f4526f1c: shutdown b5a25cc1-46d3-4381-a194-bd68f4526f1c@group-A751954341BD-FollowerState
2025-09-19 20:44:25,972 [b5a25cc1-46d3-4381-a194-bd68f4526f1c@group-A751954341BD-FollowerState] INFO  server.RaftServer$Division (RaftServerImpl.java:setRole(392)) - b5a25cc1-46d3-4381-a194-bd68f4526f1c@group-A751954341BD: changes role from  FOLLOWER to CANDIDATE at term 1 for changeToCandidate
2025-09-19 20:44:25,972 [b5a25cc1-46d3-4381-a194-bd68f4526f1c@group-A751954341BD-FollowerState] INFO  impl.RoleInfo (RoleInfo.java:updateAndGet(148)) - b5a25cc1-46d3-4381-a194-bd68f4526f1c: start b5a25cc1-46d3-4381-a194-bd68f4526f1c@group-A751954341BD-LeaderElection144
2025-09-19 20:44:25,972 [b5a25cc1-46d3-4381-a194-bd68f4526f1c@group-A751954341BD-LeaderElection144] INFO  impl.LeaderElection (LeaderElection.java:askForVotes(448)) - b5a25cc1-46d3-4381-a194-bd68f4526f1c@group-A751954341BD-LeaderElection144 PRE_VOTE round 0: submit vote requests at term 1 for conf: {index: 0, cur=peers:[b5a25cc1-46d3-4381-a194-bd68f4526f1c|127.0.0.1:15031, 0df1231c-9f8a-4757-a7d0-f6d7f53bc482|127.0.0.1:15023, 8eb9963e-bce0-4155-aea2-e442cadff8bd|127.0.0.1:15015]|listeners:[], old=null}
2025-09-19 20:44:25,974 [grpc-default-executor-5] INFO  server.RaftServer$Division (RaftServerImpl.java:requestVote(1421)) - 8eb9963e-bce0-4155-aea2-e442cadff8bd@group-715EBF8096A7: receive requestVote(PRE_VOTE, b5a25cc1-46d3-4381-a194-bd68f4526f1c, group-715EBF8096A7, 1, (t:1, i:4))
2025-09-19 20:44:25,974 [grpc-default-executor-6] INFO  server.RaftServer$Division (RaftServerImpl.java:requestVote(1421)) - 8eb9963e-bce0-4155-aea2-e442cadff8bd@group-A751954341BD: receive requestVote(PRE_VOTE, b5a25cc1-46d3-4381-a194-bd68f4526f1c, group-A751954341BD, 1, (t:1, i:0))
2025-09-19 20:44:25,974 [grpc-default-executor-5] INFO  impl.VoteContext (VoteContext.java:log(49)) - 8eb9963e-bce0-4155-aea2-e442cadff8bd@group-715EBF8096A7-FOLLOWER: reject PRE_VOTE from b5a25cc1-46d3-4381-a194-bd68f4526f1c: our last entry (t:2, i:6) > candidate's last entry (t:1, i:4)
2025-09-19 20:44:25,974 [grpc-default-executor-6] INFO  impl.VoteContext (VoteContext.java:log(49)) - 8eb9963e-bce0-4155-aea2-e442cadff8bd@group-A751954341BD-FOLLOWER: reject PRE_VOTE from b5a25cc1-46d3-4381-a194-bd68f4526f1c: our priority 1 > candidate's priority 0
2025-09-19 20:44:25,974 [grpc-default-executor-5] INFO  server.RaftServer$Division (RaftServerImpl.java:requestVote(1455)) - 8eb9963e-bce0-4155-aea2-e442cadff8bd@group-715EBF8096A7 replies to PRE_VOTE vote request: b5a25cc1-46d3-4381-a194-bd68f4526f1c<-8eb9963e-bce0-4155-aea2-e442cadff8bd#0:FAIL-t2-last:(t:2, i:6). Peer's state: 8eb9963e-bce0-4155-aea2-e442cadff8bd@group-715EBF8096A7:t2, leader=null, voted=0df1231c-9f8a-4757-a7d0-f6d7f53bc482, raftlog=Memoized:8eb9963e-bce0-4155-aea2-e442cadff8bd@group-715EBF8096A7-SegmentedRaftLog:OPENED:c6:last(t:2, i:6), conf=conf: {index: 5, cur=peers:[b5a25cc1-46d3-4381-a194-bd68f4526f1c|127.0.0.1:15031, 0df1231c-9f8a-4757-a7d0-f6d7f53bc482|127.0.0.1:15023, 8eb9963e-bce0-4155-aea2-e442cadff8bd|127.0.0.1:15015]|listeners:[], old=null}
2025-09-19 20:44:25,974 [grpc-default-executor-6] INFO  server.RaftServer$Division (RaftServerImpl.java:requestVote(1455)) - 8eb9963e-bce0-4155-aea2-e442cadff8bd@group-A751954341BD replies to PRE_VOTE vote request: b5a25cc1-46d3-4381-a194-bd68f4526f1c<-8eb9963e-bce0-4155-aea2-e442cadff8bd#0:FAIL-t1-last:(t:1, i:0). Peer's state: 8eb9963e-bce0-4155-aea2-e442cadff8bd@group-A751954341BD:t1, leader=null, voted=8eb9963e-bce0-4155-aea2-e442cadff8bd, raftlog=Memoized:8eb9963e-bce0-4155-aea2-e442cadff8bd@group-A751954341BD-SegmentedRaftLog:OPENED:c0:last(t:1, i:0), conf=conf: {index: 0, cur=peers:[b5a25cc1-46d3-4381-a194-bd68f4526f1c|127.0.0.1:15031, 0df1231c-9f8a-4757-a7d0-f6d7f53bc482|127.0.0.1:15023, 8eb9963e-bce0-4155-aea2-e442cadff8bd|127.0.0.1:15015]|listeners:[], old=null}
2025-09-19 20:44:25,974 [grpc-default-executor-3] INFO  server.RaftServer$Division (RaftServerImpl.java:requestVote(1421)) - 0df1231c-9f8a-4757-a7d0-f6d7f53bc482@group-A751954341BD: receive requestVote(PRE_VOTE, b5a25cc1-46d3-4381-a194-bd68f4526f1c, group-A751954341BD, 1, (t:1, i:0))
2025-09-19 20:44:25,974 [grpc-default-executor-2] INFO  server.RaftServer$Division (RaftServerImpl.java:requestVote(1421)) - 0df1231c-9f8a-4757-a7d0-f6d7f53bc482@group-715EBF8096A7: receive requestVote(PRE_VOTE, b5a25cc1-46d3-4381-a194-bd68f4526f1c, group-715EBF8096A7, 1, (t:1, i:4))
2025-09-19 20:44:25,974 [grpc-default-executor-3] INFO  impl.VoteContext (VoteContext.java:log(49)) - 0df1231c-9f8a-4757-a7d0-f6d7f53bc482@group-A751954341BD-FOLLOWER: accept PRE_VOTE from b5a25cc1-46d3-4381-a194-bd68f4526f1c: our priority 0 <= candidate's priority 0
2025-09-19 20:44:25,974 [grpc-default-executor-2] INFO  impl.VoteContext (VoteContext.java:log(49)) - 0df1231c-9f8a-4757-a7d0-f6d7f53bc482@group-715EBF8096A7-FOLLOWER: reject PRE_VOTE from b5a25cc1-46d3-4381-a194-bd68f4526f1c: our last entry (t:2, i:6) > candidate's last entry (t:1, i:4)
2025-09-19 20:44:25,974 [grpc-default-executor-3] INFO  server.RaftServer$Division (RaftServerImpl.java:requestVote(1455)) - 0df1231c-9f8a-4757-a7d0-f6d7f53bc482@group-A751954341BD replies to PRE_VOTE vote request: b5a25cc1-46d3-4381-a194-bd68f4526f1c<-0df1231c-9f8a-4757-a7d0-f6d7f53bc482#0:OK-t1-last:(t:1, i:0). Peer's state: 0df1231c-9f8a-4757-a7d0-f6d7f53bc482@group-A751954341BD:t1, leader=null, voted=8eb9963e-bce0-4155-aea2-e442cadff8bd, raftlog=Memoized:0df1231c-9f8a-4757-a7d0-f6d7f53bc482@group-A751954341BD-SegmentedRaftLog:OPENED:c0:last(t:1, i:0), conf=conf: {index: 0, cur=peers:[b5a25cc1-46d3-4381-a194-bd68f4526f1c|127.0.0.1:15031, 0df1231c-9f8a-4757-a7d0-f6d7f53bc482|127.0.0.1:15023, 8eb9963e-bce0-4155-aea2-e442cadff8bd|127.0.0.1:15015]|listeners:[], old=null}
2025-09-19 20:44:25,974 [grpc-default-executor-2] INFO  server.RaftServer$Division (RaftServerImpl.java:requestVote(1455)) - 0df1231c-9f8a-4757-a7d0-f6d7f53bc482@group-715EBF8096A7 replies to PRE_VOTE vote request: b5a25cc1-46d3-4381-a194-bd68f4526f1c<-0df1231c-9f8a-4757-a7d0-f6d7f53bc482#0:FAIL-t2-last:(t:2, i:6). Peer's state: 0df1231c-9f8a-4757-a7d0-f6d7f53bc482@group-715EBF8096A7:t2, leader=null, voted=0df1231c-9f8a-4757-a7d0-f6d7f53bc482, raftlog=Memoized:0df1231c-9f8a-4757-a7d0-f6d7f53bc482@group-715EBF8096A7-SegmentedRaftLog:OPENED:c6:last(t:2, i:6), conf=conf: {index: 5, cur=peers:[b5a25cc1-46d3-4381-a194-bd68f4526f1c|127.0.0.1:15031, 0df1231c-9f8a-4757-a7d0-f6d7f53bc482|127.0.0.1:15023, 8eb9963e-bce0-4155-aea2-e442cadff8bd|127.0.0.1:15015]|listeners:[], old=null}
2025-09-19 20:44:25,976 [b5a25cc1-46d3-4381-a194-bd68f4526f1c@group-A751954341BD-LeaderElection144] INFO  impl.LeaderElection (LeaderElection.java:logAndReturn(206)) - b5a25cc1-46d3-4381-a194-bd68f4526f1c@group-A751954341BD-LeaderElection144: PRE_VOTE REJECTED received 2 response(s) and 0 exception(s):
2025-09-19 20:44:25,976 [b5a25cc1-46d3-4381-a194-bd68f4526f1c@group-715EBF8096A7-LeaderElection143] INFO  impl.LeaderElection (LeaderElection.java:logAndReturn(206)) - b5a25cc1-46d3-4381-a194-bd68f4526f1c@group-715EBF8096A7-LeaderElection143: PRE_VOTE DISCOVERED_A_NEW_TERM (term=2) received 1 response(s) and 0 exception(s):
2025-09-19 20:44:25,976 [b5a25cc1-46d3-4381-a194-bd68f4526f1c@group-A751954341BD-LeaderElection144] INFO  impl.LeaderElection (LeaderElection.java:logAndReturn(210)) -   Response 0: b5a25cc1-46d3-4381-a194-bd68f4526f1c<-0df1231c-9f8a-4757-a7d0-f6d7f53bc482#0:OK-t1-last:(t:1, i:0)
2025-09-19 20:44:25,976 [b5a25cc1-46d3-4381-a194-bd68f4526f1c@group-715EBF8096A7-LeaderElection143] INFO  impl.LeaderElection (LeaderElection.java:logAndReturn(210)) -   Response 0: b5a25cc1-46d3-4381-a194-bd68f4526f1c<-8eb9963e-bce0-4155-aea2-e442cadff8bd#0:FAIL-t2-last:(t:2, i:6)
2025-09-19 20:44:25,976 [b5a25cc1-46d3-4381-a194-bd68f4526f1c@group-A751954341BD-LeaderElection144] INFO  impl.LeaderElection (LeaderElection.java:logAndReturn(210)) -   Response 1: b5a25cc1-46d3-4381-a194-bd68f4526f1c<-8eb9963e-bce0-4155-aea2-e442cadff8bd#0:FAIL-t1-last:(t:1, i:0)
2025-09-19 20:44:25,976 [b5a25cc1-46d3-4381-a194-bd68f4526f1c@group-715EBF8096A7-LeaderElection143] INFO  impl.LeaderElection (LeaderElection.java:askForVotes(450)) - b5a25cc1-46d3-4381-a194-bd68f4526f1c@group-715EBF8096A7-LeaderElection143 PRE_VOTE round 0: result DISCOVERED_A_NEW_TERM (term=2)
2025-09-19 20:44:25,976 [b5a25cc1-46d3-4381-a194-bd68f4526f1c@group-715EBF8096A7-LeaderElection143] INFO  server.RaftServer$Division (RaftServerImpl.java:setRole(392)) - b5a25cc1-46d3-4381-a194-bd68f4526f1c@group-715EBF8096A7: changes role from CANDIDATE to FOLLOWER at term 1 for DISCOVERED_A_NEW_TERM (term=2)
2025-09-19 20:44:25,976 [b5a25cc1-46d3-4381-a194-bd68f4526f1c@group-715EBF8096A7-LeaderElection143] INFO  impl.RoleInfo (RoleInfo.java:shutdownLeaderElection(141)) - b5a25cc1-46d3-4381-a194-bd68f4526f1c: shutdown b5a25cc1-46d3-4381-a194-bd68f4526f1c@group-715EBF8096A7-LeaderElection143
2025-09-19 20:44:25,976 [b5a25cc1-46d3-4381-a194-bd68f4526f1c@group-715EBF8096A7-LeaderElection143] INFO  impl.RoleInfo (RoleInfo.java:updateAndGet(148)) - b5a25cc1-46d3-4381-a194-bd68f4526f1c: start b5a25cc1-46d3-4381-a194-bd68f4526f1c@group-715EBF8096A7-FollowerState
2025-09-19 20:44:25,976 [b5a25cc1-46d3-4381-a194-bd68f4526f1c@group-A751954341BD-LeaderElection144] INFO  impl.LeaderElection (LeaderElection.java:askForVotes(450)) - b5a25cc1-46d3-4381-a194-bd68f4526f1c@group-A751954341BD-LeaderElection144 PRE_VOTE round 0: result REJECTED
2025-09-19 20:44:25,976 [b5a25cc1-46d3-4381-a194-bd68f4526f1c@group-A751954341BD-LeaderElection144] INFO  server.RaftServer$Division (RaftServerImpl.java:setRole(392)) - b5a25cc1-46d3-4381-a194-bd68f4526f1c@group-A751954341BD: changes role from CANDIDATE to FOLLOWER at term 1 for REJECTED
2025-09-19 20:44:25,976 [b5a25cc1-46d3-4381-a194-bd68f4526f1c@group-A751954341BD-LeaderElection144] INFO  impl.RoleInfo (RoleInfo.java:shutdownLeaderElection(141)) - b5a25cc1-46d3-4381-a194-bd68f4526f1c: shutdown b5a25cc1-46d3-4381-a194-bd68f4526f1c@group-A751954341BD-LeaderElection144
2025-09-19 20:44:25,976 [b5a25cc1-46d3-4381-a194-bd68f4526f1c@group-A751954341BD-LeaderElection144] INFO  impl.RoleInfo (RoleInfo.java:updateAndGet(148)) - b5a25cc1-46d3-4381-a194-bd68f4526f1c: start b5a25cc1-46d3-4381-a194-bd68f4526f1c@group-A751954341BD-FollowerState
2025-09-19 20:44:25,976 [b5a25cc1-46d3-4381-a194-bd68f4526f1c@group-715EBF8096A7-LeaderElection143] INFO  server.RaftServer$Division (RaftServerImpl.java:setFirstElection(576)) - b5a25cc1-46d3-4381-a194-bd68f4526f1c@group-715EBF8096A7: set firstElectionSinceStartup to false for DISCOVERED_A_NEW_TERM (term=2)
2025-09-19 20:44:25,976 [b5a25cc1-46d3-4381-a194-bd68f4526f1c@group-A751954341BD-LeaderElection144] INFO  server.RaftServer$Division (RaftServerImpl.java:setFirstElection(576)) - b5a25cc1-46d3-4381-a194-bd68f4526f1c@group-A751954341BD: set firstElectionSinceStartup to false for REJECTED
2025-09-19 20:44:26,064 [0df1231c-9f8a-4757-a7d0-f6d7f53bc482@group-715EBF8096A7-FollowerState] INFO  impl.FollowerState (FollowerState.java:runImpl(161)) - 0df1231c-9f8a-4757-a7d0-f6d7f53bc482@group-715EBF8096A7-FollowerState: change to CANDIDATE, lastRpcElapsedTime:1004369537ns, electionTimeout:1004ms
2025-09-19 20:44:26,064 [0df1231c-9f8a-4757-a7d0-f6d7f53bc482@group-715EBF8096A7-FollowerState] INFO  impl.RoleInfo (RoleInfo.java:shutdownFollowerState(121)) - 0df1231c-9f8a-4757-a7d0-f6d7f53bc482: shutdown 0df1231c-9f8a-4757-a7d0-f6d7f53bc482@group-715EBF8096A7-FollowerState
2025-09-19 20:44:26,064 [0df1231c-9f8a-4757-a7d0-f6d7f53bc482@group-715EBF8096A7-FollowerState] INFO  server.RaftServer$Division (RaftServerImpl.java:setRole(392)) - 0df1231c-9f8a-4757-a7d0-f6d7f53bc482@group-715EBF8096A7: changes role from  FOLLOWER to CANDIDATE at term 2 for changeToCandidate
2025-09-19 20:44:26,065 [0df1231c-9f8a-4757-a7d0-f6d7f53bc482@group-715EBF8096A7-FollowerState] INFO  impl.RoleInfo (RoleInfo.java:updateAndGet(148)) - 0df1231c-9f8a-4757-a7d0-f6d7f53bc482: start 0df1231c-9f8a-4757-a7d0-f6d7f53bc482@group-715EBF8096A7-LeaderElection145
2025-09-19 20:44:26,065 [0df1231c-9f8a-4757-a7d0-f6d7f53bc482@group-715EBF8096A7-LeaderElection145] INFO  impl.LeaderElection (LeaderElection.java:askForVotes(448)) - 0df1231c-9f8a-4757-a7d0-f6d7f53bc482@group-715EBF8096A7-LeaderElection145 PRE_VOTE round 0: submit vote requests at term 2 for conf: {index: 5, cur=peers:[b5a25cc1-46d3-4381-a194-bd68f4526f1c|127.0.0.1:15031, 0df1231c-9f8a-4757-a7d0-f6d7f53bc482|127.0.0.1:15023, 8eb9963e-bce0-4155-aea2-e442cadff8bd|127.0.0.1:15015]|listeners:[], old=null}
2025-09-19 20:44:26,065 [0df1231c-9f8a-4757-a7d0-f6d7f53bc482@group-715EBF8096A7-LeaderElection145-1] INFO  server.GrpcServerProtocolClient (GrpcServerProtocolClient.java:<init>(65)) - Build channel for b5a25cc1-46d3-4381-a194-bd68f4526f1c|127.0.0.1:15031
2025-09-19 20:44:26,066 [0df1231c-9f8a-4757-a7d0-f6d7f53bc482@group-715EBF8096A7-LeaderElection145-2] INFO  server.GrpcServerProtocolClient (GrpcServerProtocolClient.java:<init>(65)) - Build channel for 8eb9963e-bce0-4155-aea2-e442cadff8bd|127.0.0.1:15015
2025-09-19 20:44:26,068 [grpc-default-executor-3] INFO  server.RaftServer$Division (RaftServerImpl.java:requestVote(1421)) - 8eb9963e-bce0-4155-aea2-e442cadff8bd@group-715EBF8096A7: receive requestVote(PRE_VOTE, 0df1231c-9f8a-4757-a7d0-f6d7f53bc482, group-715EBF8096A7, 2, (t:2, i:6))
2025-09-19 20:44:26,068 [grpc-default-executor-3] INFO  impl.VoteContext (VoteContext.java:log(49)) - 8eb9963e-bce0-4155-aea2-e442cadff8bd@group-715EBF8096A7-FOLLOWER: accept PRE_VOTE from 0df1231c-9f8a-4757-a7d0-f6d7f53bc482: our priority 0 <= candidate's priority 0
2025-09-19 20:44:26,068 [grpc-default-executor-3] INFO  server.RaftServer$Division (RaftServerImpl.java:requestVote(1455)) - 8eb9963e-bce0-4155-aea2-e442cadff8bd@group-715EBF8096A7 replies to PRE_VOTE vote request: 0df1231c-9f8a-4757-a7d0-f6d7f53bc482<-8eb9963e-bce0-4155-aea2-e442cadff8bd#0:OK-t2-last:(t:2, i:6). Peer's state: 8eb9963e-bce0-4155-aea2-e442cadff8bd@group-715EBF8096A7:t2, leader=null, voted=0df1231c-9f8a-4757-a7d0-f6d7f53bc482, raftlog=Memoized:8eb9963e-bce0-4155-aea2-e442cadff8bd@group-715EBF8096A7-SegmentedRaftLog:OPENED:c6:last(t:2, i:6), conf=conf: {index: 5, cur=peers:[b5a25cc1-46d3-4381-a194-bd68f4526f1c|127.0.0.1:15031, 0df1231c-9f8a-4757-a7d0-f6d7f53bc482|127.0.0.1:15023, 8eb9963e-bce0-4155-aea2-e442cadff8bd|127.0.0.1:15015]|listeners:[], old=null}
2025-09-19 20:44:26,068 [grpc-default-executor-2] INFO  server.RaftServer$Division (RaftServerImpl.java:requestVote(1421)) - b5a25cc1-46d3-4381-a194-bd68f4526f1c@group-715EBF8096A7: receive requestVote(PRE_VOTE, 0df1231c-9f8a-4757-a7d0-f6d7f53bc482, group-715EBF8096A7, 2, (t:2, i:6))
2025-09-19 20:44:26,069 [grpc-default-executor-2] INFO  impl.VoteContext (VoteContext.java:log(49)) - b5a25cc1-46d3-4381-a194-bd68f4526f1c@group-715EBF8096A7-FOLLOWER: accept PRE_VOTE from 0df1231c-9f8a-4757-a7d0-f6d7f53bc482: our last entry (t:1, i:4) < candidate's last entry (t:2, i:6)
2025-09-19 20:44:26,069 [grpc-default-executor-2] INFO  server.RaftServer$Division (RaftServerImpl.java:requestVote(1455)) - b5a25cc1-46d3-4381-a194-bd68f4526f1c@group-715EBF8096A7 replies to PRE_VOTE vote request: 0df1231c-9f8a-4757-a7d0-f6d7f53bc482<-b5a25cc1-46d3-4381-a194-bd68f4526f1c#0:OK-t2-last:(t:1, i:4). Peer's state: b5a25cc1-46d3-4381-a194-bd68f4526f1c@group-715EBF8096A7:t2, leader=null, voted=null, raftlog=Memoized:b5a25cc1-46d3-4381-a194-bd68f4526f1c@group-715EBF8096A7-SegmentedRaftLog:OPENED:c4:last(t:1, i:4), conf=conf: {index: 0, cur=peers:[b5a25cc1-46d3-4381-a194-bd68f4526f1c|127.0.0.1:15031, 0df1231c-9f8a-4757-a7d0-f6d7f53bc482|127.0.0.1:15023, 8eb9963e-bce0-4155-aea2-e442cadff8bd|127.0.0.1:15015]|listeners:[], old=null}
2025-09-19 20:44:26,069 [0df1231c-9f8a-4757-a7d0-f6d7f53bc482@group-715EBF8096A7-LeaderElection145] INFO  impl.LeaderElection (LeaderElection.java:logAndReturn(206)) - 0df1231c-9f8a-4757-a7d0-f6d7f53bc482@group-715EBF8096A7-LeaderElection145: PRE_VOTE PASSED received 2 response(s) and 0 exception(s):
2025-09-19 20:44:26,070 [0df1231c-9f8a-4757-a7d0-f6d7f53bc482@group-715EBF8096A7-LeaderElection145] INFO  impl.LeaderElection (LeaderElection.java:logAndReturn(210)) -   Response 0: 0df1231c-9f8a-4757-a7d0-f6d7f53bc482<-b5a25cc1-46d3-4381-a194-bd68f4526f1c#0:OK-t2-last:(t:1, i:4)
2025-09-19 20:44:26,070 [0df1231c-9f8a-4757-a7d0-f6d7f53bc482@group-715EBF8096A7-LeaderElection145] INFO  impl.LeaderElection (LeaderElection.java:logAndReturn(210)) -   Response 1: 0df1231c-9f8a-4757-a7d0-f6d7f53bc482<-8eb9963e-bce0-4155-aea2-e442cadff8bd#0:OK-t2-last:(t:2, i:6)
2025-09-19 20:44:26,070 [0df1231c-9f8a-4757-a7d0-f6d7f53bc482@group-715EBF8096A7-LeaderElection145] INFO  impl.LeaderElection (LeaderElection.java:askForVotes(450)) - 0df1231c-9f8a-4757-a7d0-f6d7f53bc482@group-715EBF8096A7-LeaderElection145 PRE_VOTE round 0: result PASSED
2025-09-19 20:44:26,078 [0df1231c-9f8a-4757-a7d0-f6d7f53bc482@group-715EBF8096A7-LeaderElection145] INFO  impl.LeaderElection (LeaderElection.java:askForVotes(448)) - 0df1231c-9f8a-4757-a7d0-f6d7f53bc482@group-715EBF8096A7-LeaderElection145 ELECTION round 0: submit vote requests at term 3 for conf: {index: 5, cur=peers:[b5a25cc1-46d3-4381-a194-bd68f4526f1c|127.0.0.1:15031, 0df1231c-9f8a-4757-a7d0-f6d7f53bc482|127.0.0.1:15023, 8eb9963e-bce0-4155-aea2-e442cadff8bd|127.0.0.1:15015]|listeners:[], old=null}
2025-09-19 20:44:26,079 [grpc-default-executor-3] INFO  server.RaftServer$Division (RaftServerImpl.java:requestVote(1421)) - b5a25cc1-46d3-4381-a194-bd68f4526f1c@group-715EBF8096A7: receive requestVote(ELECTION, 0df1231c-9f8a-4757-a7d0-f6d7f53bc482, group-715EBF8096A7, 3, (t:2, i:6))
2025-09-19 20:44:26,079 [grpc-default-executor-3] INFO  impl.VoteContext (VoteContext.java:log(49)) - b5a25cc1-46d3-4381-a194-bd68f4526f1c@group-715EBF8096A7-FOLLOWER: accept ELECTION from 0df1231c-9f8a-4757-a7d0-f6d7f53bc482: our last entry (t:1, i:4) < candidate's last entry (t:2, i:6)
2025-09-19 20:44:26,079 [grpc-default-executor-3] INFO  server.RaftServer$Division (RaftServerImpl.java:setRole(392)) - b5a25cc1-46d3-4381-a194-bd68f4526f1c@group-715EBF8096A7: changes role from  FOLLOWER to FOLLOWER at term 2 for candidate:0df1231c-9f8a-4757-a7d0-f6d7f53bc482
2025-09-19 20:44:26,079 [grpc-default-executor-3] INFO  impl.RoleInfo (RoleInfo.java:shutdownFollowerState(121)) - b5a25cc1-46d3-4381-a194-bd68f4526f1c: shutdown b5a25cc1-46d3-4381-a194-bd68f4526f1c@group-715EBF8096A7-FollowerState
2025-09-19 20:44:26,079 [b5a25cc1-46d3-4381-a194-bd68f4526f1c@group-715EBF8096A7-FollowerState] INFO  impl.FollowerState (FollowerState.java:runImpl(170)) - b5a25cc1-46d3-4381-a194-bd68f4526f1c@group-715EBF8096A7-FollowerState was interrupted
2025-09-19 20:44:26,079 [grpc-default-executor-2] INFO  server.RaftServer$Division (RaftServerImpl.java:requestVote(1421)) - 8eb9963e-bce0-4155-aea2-e442cadff8bd@group-715EBF8096A7: receive requestVote(ELECTION, 0df1231c-9f8a-4757-a7d0-f6d7f53bc482, group-715EBF8096A7, 3, (t:2, i:6))
2025-09-19 20:44:26,080 [grpc-default-executor-3] INFO  impl.RoleInfo (RoleInfo.java:updateAndGet(148)) - b5a25cc1-46d3-4381-a194-bd68f4526f1c: start b5a25cc1-46d3-4381-a194-bd68f4526f1c@group-715EBF8096A7-FollowerState
2025-09-19 20:44:26,080 [grpc-default-executor-2] INFO  impl.VoteContext (VoteContext.java:log(49)) - 8eb9963e-bce0-4155-aea2-e442cadff8bd@group-715EBF8096A7-FOLLOWER: accept ELECTION from 0df1231c-9f8a-4757-a7d0-f6d7f53bc482: our priority 0 <= candidate's priority 0
2025-09-19 20:44:26,080 [grpc-default-executor-2] INFO  server.RaftServer$Division (RaftServerImpl.java:setRole(392)) - 8eb9963e-bce0-4155-aea2-e442cadff8bd@group-715EBF8096A7: changes role from  FOLLOWER to FOLLOWER at term 2 for candidate:0df1231c-9f8a-4757-a7d0-f6d7f53bc482
2025-09-19 20:44:26,080 [grpc-default-executor-2] INFO  impl.RoleInfo (RoleInfo.java:shutdownFollowerState(121)) - 8eb9963e-bce0-4155-aea2-e442cadff8bd: shutdown 8eb9963e-bce0-4155-aea2-e442cadff8bd@group-715EBF8096A7-FollowerState
2025-09-19 20:44:26,080 [grpc-default-executor-2] INFO  impl.RoleInfo (RoleInfo.java:updateAndGet(148)) - 8eb9963e-bce0-4155-aea2-e442cadff8bd: start 8eb9963e-bce0-4155-aea2-e442cadff8bd@group-715EBF8096A7-FollowerState
2025-09-19 20:44:26,081 [8eb9963e-bce0-4155-aea2-e442cadff8bd@group-715EBF8096A7-FollowerState] INFO  impl.FollowerState (FollowerState.java:runImpl(170)) - 8eb9963e-bce0-4155-aea2-e442cadff8bd@group-715EBF8096A7-FollowerState was interrupted
2025-09-19 20:44:26,081 [grpc-default-executor-3] INFO  server.RaftServer$Division (RaftServerImpl.java:requestVote(1455)) - b5a25cc1-46d3-4381-a194-bd68f4526f1c@group-715EBF8096A7 replies to ELECTION vote request: 0df1231c-9f8a-4757-a7d0-f6d7f53bc482<-b5a25cc1-46d3-4381-a194-bd68f4526f1c#0:OK-t3-last:(t:1, i:4). Peer's state: b5a25cc1-46d3-4381-a194-bd68f4526f1c@group-715EBF8096A7:t3, leader=null, voted=0df1231c-9f8a-4757-a7d0-f6d7f53bc482, raftlog=Memoized:b5a25cc1-46d3-4381-a194-bd68f4526f1c@group-715EBF8096A7-SegmentedRaftLog:OPENED:c4:last(t:1, i:4), conf=conf: {index: 0, cur=peers:[b5a25cc1-46d3-4381-a194-bd68f4526f1c|127.0.0.1:15031, 0df1231c-9f8a-4757-a7d0-f6d7f53bc482|127.0.0.1:15023, 8eb9963e-bce0-4155-aea2-e442cadff8bd|127.0.0.1:15015]|listeners:[], old=null}
2025-09-19 20:44:26,082 [0df1231c-9f8a-4757-a7d0-f6d7f53bc482@group-715EBF8096A7-LeaderElection145] INFO  impl.LeaderElection (LeaderElection.java:logAndReturn(206)) - 0df1231c-9f8a-4757-a7d0-f6d7f53bc482@group-715EBF8096A7-LeaderElection145: ELECTION PASSED received 1 response(s) and 0 exception(s):
2025-09-19 20:44:26,082 [0df1231c-9f8a-4757-a7d0-f6d7f53bc482@group-715EBF8096A7-LeaderElection145] INFO  impl.LeaderElection (LeaderElection.java:logAndReturn(210)) -   Response 0: 0df1231c-9f8a-4757-a7d0-f6d7f53bc482<-b5a25cc1-46d3-4381-a194-bd68f4526f1c#0:OK-t3-last:(t:1, i:4)
2025-09-19 20:44:26,082 [0df1231c-9f8a-4757-a7d0-f6d7f53bc482@group-715EBF8096A7-LeaderElection145] INFO  impl.LeaderElection (LeaderElection.java:askForVotes(450)) - 0df1231c-9f8a-4757-a7d0-f6d7f53bc482@group-715EBF8096A7-LeaderElection145 ELECTION round 0: result PASSED
2025-09-19 20:44:26,082 [grpc-default-executor-2] INFO  server.RaftServer$Division (RaftServerImpl.java:requestVote(1455)) - 8eb9963e-bce0-4155-aea2-e442cadff8bd@group-715EBF8096A7 replies to ELECTION vote request: 0df1231c-9f8a-4757-a7d0-f6d7f53bc482<-8eb9963e-bce0-4155-aea2-e442cadff8bd#0:OK-t3-last:(t:2, i:6). Peer's state: 8eb9963e-bce0-4155-aea2-e442cadff8bd@group-715EBF8096A7:t3, leader=null, voted=0df1231c-9f8a-4757-a7d0-f6d7f53bc482, raftlog=Memoized:8eb9963e-bce0-4155-aea2-e442cadff8bd@group-715EBF8096A7-SegmentedRaftLog:OPENED:c6:last(t:2, i:6), conf=conf: {index: 5, cur=peers:[b5a25cc1-46d3-4381-a194-bd68f4526f1c|127.0.0.1:15031, 0df1231c-9f8a-4757-a7d0-f6d7f53bc482|127.0.0.1:15023, 8eb9963e-bce0-4155-aea2-e442cadff8bd|127.0.0.1:15015]|listeners:[], old=null}
2025-09-19 20:44:26,082 [0df1231c-9f8a-4757-a7d0-f6d7f53bc482@group-715EBF8096A7-LeaderElection145] INFO  impl.RoleInfo (RoleInfo.java:shutdownLeaderElection(141)) - 0df1231c-9f8a-4757-a7d0-f6d7f53bc482: shutdown 0df1231c-9f8a-4757-a7d0-f6d7f53bc482@group-715EBF8096A7-LeaderElection145
2025-09-19 20:44:26,082 [0df1231c-9f8a-4757-a7d0-f6d7f53bc482@group-715EBF8096A7-LeaderElection145] INFO  server.RaftServer$Division (RaftServerImpl.java:setRole(392)) - 0df1231c-9f8a-4757-a7d0-f6d7f53bc482@group-715EBF8096A7: changes role from CANDIDATE to LEADER at term 3 for changeToLeader
2025-09-19 20:44:26,082 [0df1231c-9f8a-4757-a7d0-f6d7f53bc482@group-715EBF8096A7-LeaderElection145] INFO  server.RaftServerConfigKeys (ConfUtils.java:logFallback(69)) - raft.server.staging.timeout = 3600ms (fallback to raft.server.rpc.timeout.max)
2025-09-19 20:44:26,082 [0df1231c-9f8a-4757-a7d0-f6d7f53bc482@group-715EBF8096A7-LeaderElection145] INFO  server.RaftServerConfigKeys (ConfUtils.java:logGet(62)) - raft.server.write.byte-limit = 1024 M (=1073741824) (custom)
2025-09-19 20:44:26,084 [0df1231c-9f8a-4757-a7d0-f6d7f53bc482@group-715EBF8096A7-LeaderElection145] INFO  server.RaftServerConfigKeys (ConfUtils.java:logGet(62)) - raft.server.log.appender.buffer.byte-limit = 33554432 (custom)
2025-09-19 20:44:26,085 [0df1231c-9f8a-4757-a7d0-f6d7f53bc482@group-715EBF8096A7-LeaderElection145] INFO  server.RaftServerConfigKeys (ConfUtils.java:logGet(62)) - raft.server.log.appender.buffer.byte-limit = 33554432 (custom)
2025-09-19 20:44:26,085 [0df1231c-9f8a-4757-a7d0-f6d7f53bc482@group-715EBF8096A7-LeaderElection145] INFO  impl.RoleInfo (RoleInfo.java:updateAndGet(148)) - 0df1231c-9f8a-4757-a7d0-f6d7f53bc482: start 0df1231c-9f8a-4757-a7d0-f6d7f53bc482@group-715EBF8096A7-LeaderStateImpl
2025-09-19 20:44:26,085 [0df1231c-9f8a-4757-a7d0-f6d7f53bc482@group-715EBF8096A7-LeaderElection145] INFO  server.RaftServer$Division (RaftServerImpl.java:setFirstElection(576)) - 0df1231c-9f8a-4757-a7d0-f6d7f53bc482@group-715EBF8096A7: set firstElectionSinceStartup to false for becomeLeader
2025-09-19 20:44:26,085 [0df1231c-9f8a-4757-a7d0-f6d7f53bc482@group-715EBF8096A7-LeaderElection145] INFO  ratis.XceiverServerRatis (XceiverServerRatis.java:handleLeaderChangedNotification(942)) - Leader change notification received for group: group-715EBF8096A7 with new leaderId: 0df1231c-9f8a-4757-a7d0-f6d7f53bc482
2025-09-19 20:44:26,085 [0df1231c-9f8a-4757-a7d0-f6d7f53bc482@group-715EBF8096A7-LeaderElection145] INFO  server.RaftServer$Division (ServerState.java:setLeader(272)) - 0df1231c-9f8a-4757-a7d0-f6d7f53bc482@group-715EBF8096A7: change Leader from null to 0df1231c-9f8a-4757-a7d0-f6d7f53bc482 at term 3 for becomeLeader, leader elected after 1736ms
2025-09-19 20:44:26,085 [0df1231c-9f8a-4757-a7d0-f6d7f53bc482@group-715EBF8096A7-LeaderElection145] INFO  segmented.SegmentedRaftLogWorker (SegmentedRaftLogWorker.java:rollLogSegment(445)) - 0df1231c-9f8a-4757-a7d0-f6d7f53bc482@group-715EBF8096A7-SegmentedRaftLogWorker: Rolling segment log-5_6 to index:6
2025-09-19 20:44:26,086 [0df1231c-9f8a-4757-a7d0-f6d7f53bc482@group-715EBF8096A7-LeaderElection145] INFO  server.RaftServer$Division (ServerState.java:setRaftConf(386)) - 0df1231c-9f8a-4757-a7d0-f6d7f53bc482@group-715EBF8096A7: set configuration conf: {index: 7, cur=peers:[b5a25cc1-46d3-4381-a194-bd68f4526f1c|127.0.0.1:15031, 0df1231c-9f8a-4757-a7d0-f6d7f53bc482|127.0.0.1:15023, 8eb9963e-bce0-4155-aea2-e442cadff8bd|127.0.0.1:15015]|listeners:[], old=null}
2025-09-19 20:44:26,086 [0df1231c-9f8a-4757-a7d0-f6d7f53bc482@group-715EBF8096A7-SegmentedRaftLogWorker] INFO  segmented.SegmentedRaftLogWorker (SegmentedRaftLogWorker.java:execute(604)) - 0df1231c-9f8a-4757-a7d0-f6d7f53bc482@group-715EBF8096A7-SegmentedRaftLogWorker: Rolled log segment from /home/runner/work/ozone/ozone/hadoop-ozone/integration-test/target/test-dir/MiniOzoneClusterImpl-990002c2-bb69-4aa2-bd68-28a5e13e86ef/ozone-metadata/datanode-2/ratis/958000d3-2396-49be-82e9-715ebf8096a7/current/log_inprogress_5 to /home/runner/work/ozone/ozone/hadoop-ozone/integration-test/target/test-dir/MiniOzoneClusterImpl-990002c2-bb69-4aa2-bd68-28a5e13e86ef/ozone-metadata/datanode-2/ratis/958000d3-2396-49be-82e9-715ebf8096a7/current/log_5-6
2025-09-19 20:44:26,088 [0df1231c-9f8a-4757-a7d0-f6d7f53bc482@group-715EBF8096A7-SegmentedRaftLogWorker] INFO  segmented.BufferedWriteChannel (BufferedWriteChannel.java:open(61)) - open log_inprogress_7 at position 0
2025-09-19 20:44:26,091 [grpc-default-executor-6] INFO  ratis.XceiverServerRatis (XceiverServerRatis.java:handleLeaderChangedNotification(942)) - Leader change notification received for group: group-715EBF8096A7 with new leaderId: 0df1231c-9f8a-4757-a7d0-f6d7f53bc482
2025-09-19 20:44:26,091 [grpc-default-executor-6] INFO  server.RaftServer$Division (ServerState.java:setLeader(272)) - b5a25cc1-46d3-4381-a194-bd68f4526f1c@group-715EBF8096A7: change Leader from null to 0df1231c-9f8a-4757-a7d0-f6d7f53bc482 at term 3 for appendEntries, leader elected after 1982ms
2025-09-19 20:44:26,091 [grpc-default-executor-2] INFO  ratis.XceiverServerRatis (XceiverServerRatis.java:handleLeaderChangedNotification(942)) - Leader change notification received for group: group-715EBF8096A7 with new leaderId: 0df1231c-9f8a-4757-a7d0-f6d7f53bc482
2025-09-19 20:44:26,091 [grpc-default-executor-6] INFO  server.RaftServer$Division (RaftServerImpl.java:checkInconsistentAppendEntries(1673)) - b5a25cc1-46d3-4381-a194-bd68f4526f1c@group-715EBF8096A7: Failed appendEntries as previous log entry ((t:2, i:6)) is not found
2025-09-19 20:44:26,091 [grpc-default-executor-2] INFO  server.RaftServer$Division (ServerState.java:setLeader(272)) - 8eb9963e-bce0-4155-aea2-e442cadff8bd@group-715EBF8096A7: change Leader from null to 0df1231c-9f8a-4757-a7d0-f6d7f53bc482 at term 3 for appendEntries, leader elected after 68919ms
2025-09-19 20:44:26,091 [grpc-default-executor-6] INFO  server.RaftServer$Division (RaftServerImpl.java:appendEntriesAsync(1594)) - b5a25cc1-46d3-4381-a194-bd68f4526f1c@group-715EBF8096A7: appendEntries* reply 0df1231c-9f8a-4757-a7d0-f6d7f53bc482<-b5a25cc1-46d3-4381-a194-bd68f4526f1c#0:FAIL-t3,INCONSISTENCY,nextIndex=5,followerCommit=4,matchIndex=-1
2025-09-19 20:44:26,093 [grpc-default-executor-2] INFO  server.RaftServer$Division (RaftServerImpl.java:checkInconsistentAppendEntries(1673)) - b5a25cc1-46d3-4381-a194-bd68f4526f1c@group-715EBF8096A7: Failed appendEntries as previous log entry ((t:2, i:6)) is not found
2025-09-19 20:44:26,093 [grpc-default-executor-2] INFO  server.RaftServer$Division (RaftServerImpl.java:appendEntriesAsync(1594)) - b5a25cc1-46d3-4381-a194-bd68f4526f1c@group-715EBF8096A7: appendEntries* reply 0df1231c-9f8a-4757-a7d0-f6d7f53bc482<-b5a25cc1-46d3-4381-a194-bd68f4526f1c#1:FAIL-t3,INCONSISTENCY,nextIndex=5,followerCommit=4,matchIndex=-1
2025-09-19 20:44:26,093 [grpc-default-executor-3] INFO  server.RaftServer$Division (ServerState.java:setRaftConf(386)) - 8eb9963e-bce0-4155-aea2-e442cadff8bd@group-715EBF8096A7: set configuration conf: {index: 7, cur=peers:[b5a25cc1-46d3-4381-a194-bd68f4526f1c|127.0.0.1:15031, 0df1231c-9f8a-4757-a7d0-f6d7f53bc482|127.0.0.1:15023, 8eb9963e-bce0-4155-aea2-e442cadff8bd|127.0.0.1:15015]|listeners:[], old=null}
2025-09-19 20:44:26,094 [grpc-default-executor-3] INFO  segmented.SegmentedRaftLogWorker (SegmentedRaftLogWorker.java:rollLogSegment(445)) - 8eb9963e-bce0-4155-aea2-e442cadff8bd@group-715EBF8096A7-SegmentedRaftLogWorker: Rolling segment log-5_6 to index:6
2025-09-19 20:44:26,095 [grpc-default-executor-2] WARN  server.GrpcLogAppender (GrpcLogAppender.java:lambda$onNextImpl$0(527)) - 0df1231c-9f8a-4757-a7d0-f6d7f53bc482@group-715EBF8096A7->b5a25cc1-46d3-4381-a194-bd68f4526f1c-AppendLogResponseHandler: received INCONSISTENCY reply with nextIndex 5, errorCount=2, request=AppendEntriesRequest:cid=1,entriesCount=1,entry=(t:3, i:7) 
2025-09-19 20:44:26,095 [8eb9963e-bce0-4155-aea2-e442cadff8bd@group-715EBF8096A7-SegmentedRaftLogWorker] INFO  segmented.SegmentedRaftLogWorker (SegmentedRaftLogWorker.java:execute(604)) - 8eb9963e-bce0-4155-aea2-e442cadff8bd@group-715EBF8096A7-SegmentedRaftLogWorker: Rolled log segment from /home/runner/work/ozone/ozone/hadoop-ozone/integration-test/target/test-dir/MiniOzoneClusterImpl-990002c2-bb69-4aa2-bd68-28a5e13e86ef/ozone-metadata/datanode-1/ratis/958000d3-2396-49be-82e9-715ebf8096a7/current/log_inprogress_5 to /home/runner/work/ozone/ozone/hadoop-ozone/integration-test/target/test-dir/MiniOzoneClusterImpl-990002c2-bb69-4aa2-bd68-28a5e13e86ef/ozone-metadata/datanode-1/ratis/958000d3-2396-49be-82e9-715ebf8096a7/current/log_5-6
2025-09-19 20:44:26,095 [8eb9963e-bce0-4155-aea2-e442cadff8bd@group-715EBF8096A7-SegmentedRaftLogWorker] INFO  segmented.BufferedWriteChannel (BufferedWriteChannel.java:open(61)) - open log_inprogress_7 at position 0
2025-09-19 20:44:26,096 [grpc-default-executor-2] INFO  leader.FollowerInfo (FollowerInfoImpl.java:info(70)) - 0df1231c-9f8a-4757-a7d0-f6d7f53bc482@group-715EBF8096A7->b5a25cc1-46d3-4381-a194-bd68f4526f1c: setNextIndex nextIndex: updateUnconditionally 8 -> 5
2025-09-19 20:44:26,097 [grpc-default-executor-2] INFO  server.RaftServer$Division (ServerState.java:setRaftConf(386)) - b5a25cc1-46d3-4381-a194-bd68f4526f1c@group-715EBF8096A7: set configuration conf: {index: 5, cur=peers:[b5a25cc1-46d3-4381-a194-bd68f4526f1c|127.0.0.1:15031, 0df1231c-9f8a-4757-a7d0-f6d7f53bc482|127.0.0.1:15023, 8eb9963e-bce0-4155-aea2-e442cadff8bd|127.0.0.1:15015]|listeners:[], old=null}
2025-09-19 20:44:26,097 [grpc-default-executor-2] INFO  server.RaftServer$Division (ServerState.java:setRaftConf(386)) - b5a25cc1-46d3-4381-a194-bd68f4526f1c@group-715EBF8096A7: set configuration conf: {index: 7, cur=peers:[b5a25cc1-46d3-4381-a194-bd68f4526f1c|127.0.0.1:15031, 0df1231c-9f8a-4757-a7d0-f6d7f53bc482|127.0.0.1:15023, 8eb9963e-bce0-4155-aea2-e442cadff8bd|127.0.0.1:15015]|listeners:[], old=null}
2025-09-19 20:44:26,097 [grpc-default-executor-2] INFO  segmented.SegmentedRaftLogWorker (SegmentedRaftLogWorker.java:rollLogSegment(445)) - b5a25cc1-46d3-4381-a194-bd68f4526f1c@group-715EBF8096A7-SegmentedRaftLogWorker: Rolling segment log-0_4 to index:4
2025-09-19 20:44:26,097 [grpc-default-executor-2] INFO  segmented.SegmentedRaftLogWorker (SegmentedRaftLogWorker.java:rollLogSegment(445)) - b5a25cc1-46d3-4381-a194-bd68f4526f1c@group-715EBF8096A7-SegmentedRaftLogWorker: Rolling segment log-5_6 to index:6
2025-09-19 20:44:26,098 [0df1231c-9f8a-4757-a7d0-f6d7f53bc482@group-715EBF8096A7-SegmentedRaftLogWorker] INFO  segmented.SegmentedRaftLogWorker (SegmentedRaftLogWorker.java:execute(647)) - 0df1231c-9f8a-4757-a7d0-f6d7f53bc482@group-715EBF8096A7-SegmentedRaftLogWorker: created new log segment /home/runner/work/ozone/ozone/hadoop-ozone/integration-test/target/test-dir/MiniOzoneClusterImpl-990002c2-bb69-4aa2-bd68-28a5e13e86ef/ozone-metadata/datanode-2/ratis/958000d3-2396-49be-82e9-715ebf8096a7/current/log_inprogress_7
2025-09-19 20:44:26,098 [b5a25cc1-46d3-4381-a194-bd68f4526f1c@group-715EBF8096A7-SegmentedRaftLogWorker] INFO  segmented.SegmentedRaftLogWorker (SegmentedRaftLogWorker.java:execute(604)) - b5a25cc1-46d3-4381-a194-bd68f4526f1c@group-715EBF8096A7-SegmentedRaftLogWorker: Rolled log segment from /home/runner/work/ozone/ozone/hadoop-ozone/integration-test/target/test-dir/MiniOzoneClusterImpl-990002c2-bb69-4aa2-bd68-28a5e13e86ef/ozone-metadata/datanode-3/ratis/958000d3-2396-49be-82e9-715ebf8096a7/current/log_inprogress_0 to /home/runner/work/ozone/ozone/hadoop-ozone/integration-test/target/test-dir/MiniOzoneClusterImpl-990002c2-bb69-4aa2-bd68-28a5e13e86ef/ozone-metadata/datanode-3/ratis/958000d3-2396-49be-82e9-715ebf8096a7/current/log_0-4
2025-09-19 20:44:26,098 [b5a25cc1-46d3-4381-a194-bd68f4526f1c@group-715EBF8096A7-SegmentedRaftLogWorker] INFO  segmented.BufferedWriteChannel (BufferedWriteChannel.java:open(61)) - open log_inprogress_5 at position 0
2025-09-19 20:44:26,103 [8eb9963e-bce0-4155-aea2-e442cadff8bd@group-715EBF8096A7-SegmentedRaftLogWorker] INFO  segmented.SegmentedRaftLogWorker (SegmentedRaftLogWorker.java:execute(647)) - 8eb9963e-bce0-4155-aea2-e442cadff8bd@group-715EBF8096A7-SegmentedRaftLogWorker: created new log segment /home/runner/work/ozone/ozone/hadoop-ozone/integration-test/target/test-dir/MiniOzoneClusterImpl-990002c2-bb69-4aa2-bd68-28a5e13e86ef/ozone-metadata/datanode-1/ratis/958000d3-2396-49be-82e9-715ebf8096a7/current/log_inprogress_7
2025-09-19 20:44:26,105 [b5a25cc1-46d3-4381-a194-bd68f4526f1c@group-715EBF8096A7-SegmentedRaftLogWorker] INFO  segmented.SegmentedRaftLogWorker (SegmentedRaftLogWorker.java:execute(647)) - b5a25cc1-46d3-4381-a194-bd68f4526f1c@group-715EBF8096A7-SegmentedRaftLogWorker: created new log segment /home/runner/work/ozone/ozone/hadoop-ozone/integration-test/target/test-dir/MiniOzoneClusterImpl-990002c2-bb69-4aa2-bd68-28a5e13e86ef/ozone-metadata/datanode-3/ratis/958000d3-2396-49be-82e9-715ebf8096a7/current/log_inprogress_5
2025-09-19 20:44:26,106 [0df1231c-9f8a-4757-a7d0-f6d7f53bc482@group-715EBF8096A7-StateMachineUpdater] INFO  server.RaftServer$Division (LeaderStateImpl.java:checkStartIndex(309)) - Leader 0df1231c-9f8a-4757-a7d0-f6d7f53bc482@group-715EBF8096A7-LeaderStateImpl is ready since appliedIndex == startIndex == 7
2025-09-19 20:44:26,107 [b5a25cc1-46d3-4381-a194-bd68f4526f1c@group-715EBF8096A7-SegmentedRaftLogWorker] INFO  segmented.SegmentedRaftLogWorker (SegmentedRaftLogWorker.java:execute(604)) - b5a25cc1-46d3-4381-a194-bd68f4526f1c@group-715EBF8096A7-SegmentedRaftLogWorker: Rolled log segment from /home/runner/work/ozone/ozone/hadoop-ozone/integration-test/target/test-dir/MiniOzoneClusterImpl-990002c2-bb69-4aa2-bd68-28a5e13e86ef/ozone-metadata/datanode-3/ratis/958000d3-2396-49be-82e9-715ebf8096a7/current/log_inprogress_5 to /home/runner/work/ozone/ozone/hadoop-ozone/integration-test/target/test-dir/MiniOzoneClusterImpl-990002c2-bb69-4aa2-bd68-28a5e13e86ef/ozone-metadata/datanode-3/ratis/958000d3-2396-49be-82e9-715ebf8096a7/current/log_5-6
2025-09-19 20:44:26,107 [b5a25cc1-46d3-4381-a194-bd68f4526f1c@group-715EBF8096A7-SegmentedRaftLogWorker] INFO  segmented.BufferedWriteChannel (BufferedWriteChannel.java:open(61)) - open log_inprogress_7 at position 0
2025-09-19 20:44:26,113 [b5a25cc1-46d3-4381-a194-bd68f4526f1c@group-715EBF8096A7-SegmentedRaftLogWorker] INFO  segmented.SegmentedRaftLogWorker (SegmentedRaftLogWorker.java:execute(647)) - b5a25cc1-46d3-4381-a194-bd68f4526f1c@group-715EBF8096A7-SegmentedRaftLogWorker: created new log segment /home/runner/work/ozone/ozone/hadoop-ozone/integration-test/target/test-dir/MiniOzoneClusterImpl-990002c2-bb69-4aa2-bd68-28a5e13e86ef/ozone-metadata/datanode-3/ratis/958000d3-2396-49be-82e9-715ebf8096a7/current/log_inprogress_7
2025-09-19 20:44:26,206 [0df1231c-9f8a-4757-a7d0-f6d7f53bc482@group-39AD5A9EAACD-FollowerState] INFO  impl.FollowerState (FollowerState.java:runImpl(161)) - 0df1231c-9f8a-4757-a7d0-f6d7f53bc482@group-39AD5A9EAACD-FollowerState: change to CANDIDATE, lastRpcElapsedTime:1149516407ns, electionTimeout:1149ms
2025-09-19 20:44:26,206 [0df1231c-9f8a-4757-a7d0-f6d7f53bc482@group-39AD5A9EAACD-FollowerState] INFO  impl.RoleInfo (RoleInfo.java:shutdownFollowerState(121)) - 0df1231c-9f8a-4757-a7d0-f6d7f53bc482: shutdown 0df1231c-9f8a-4757-a7d0-f6d7f53bc482@group-39AD5A9EAACD-FollowerState
2025-09-19 20:44:26,206 [0df1231c-9f8a-4757-a7d0-f6d7f53bc482@group-39AD5A9EAACD-FollowerState] INFO  server.RaftServer$Division (RaftServerImpl.java:setRole(392)) - 0df1231c-9f8a-4757-a7d0-f6d7f53bc482@group-39AD5A9EAACD: changes role from  FOLLOWER to CANDIDATE at term 1 for changeToCandidate
2025-09-19 20:44:26,207 [0df1231c-9f8a-4757-a7d0-f6d7f53bc482@group-39AD5A9EAACD-FollowerState] INFO  impl.RoleInfo (RoleInfo.java:updateAndGet(148)) - 0df1231c-9f8a-4757-a7d0-f6d7f53bc482: start 0df1231c-9f8a-4757-a7d0-f6d7f53bc482@group-39AD5A9EAACD-LeaderElection146
2025-09-19 20:44:26,207 [0df1231c-9f8a-4757-a7d0-f6d7f53bc482@group-39AD5A9EAACD-LeaderElection146] INFO  impl.LeaderElection (LeaderElection.java:askForVotes(448)) - 0df1231c-9f8a-4757-a7d0-f6d7f53bc482@group-39AD5A9EAACD-LeaderElection146 PRE_VOTE round 0: submit vote requests at term 1 for conf: {index: 0, cur=peers:[0df1231c-9f8a-4757-a7d0-f6d7f53bc482|127.0.0.1:15023]|listeners:[], old=null}
2025-09-19 20:44:26,207 [0df1231c-9f8a-4757-a7d0-f6d7f53bc482@group-39AD5A9EAACD-LeaderElection146] INFO  impl.LeaderElection (LeaderElection.java:askForVotes(450)) - 0df1231c-9f8a-4757-a7d0-f6d7f53bc482@group-39AD5A9EAACD-LeaderElection146 PRE_VOTE round 0: result PASSED (term=1)
2025-09-19 20:44:26,208 [0df1231c-9f8a-4757-a7d0-f6d7f53bc482@group-39AD5A9EAACD-LeaderElection146] INFO  impl.LeaderElection (LeaderElection.java:askForVotes(448)) - 0df1231c-9f8a-4757-a7d0-f6d7f53bc482@group-39AD5A9EAACD-LeaderElection146 ELECTION round 0: submit vote requests at term 2 for conf: {index: 0, cur=peers:[0df1231c-9f8a-4757-a7d0-f6d7f53bc482|127.0.0.1:15023]|listeners:[], old=null}
2025-09-19 20:44:26,209 [0df1231c-9f8a-4757-a7d0-f6d7f53bc482@group-39AD5A9EAACD-LeaderElection146] INFO  impl.LeaderElection (LeaderElection.java:askForVotes(450)) - 0df1231c-9f8a-4757-a7d0-f6d7f53bc482@group-39AD5A9EAACD-LeaderElection146 ELECTION round 0: result PASSED (term=2)
2025-09-19 20:44:26,209 [0df1231c-9f8a-4757-a7d0-f6d7f53bc482@group-39AD5A9EAACD-LeaderElection146] INFO  impl.RoleInfo (RoleInfo.java:shutdownLeaderElection(141)) - 0df1231c-9f8a-4757-a7d0-f6d7f53bc482: shutdown 0df1231c-9f8a-4757-a7d0-f6d7f53bc482@group-39AD5A9EAACD-LeaderElection146
2025-09-19 20:44:26,209 [0df1231c-9f8a-4757-a7d0-f6d7f53bc482@group-39AD5A9EAACD-LeaderElection146] INFO  server.RaftServer$Division (RaftServerImpl.java:setRole(392)) - 0df1231c-9f8a-4757-a7d0-f6d7f53bc482@group-39AD5A9EAACD: changes role from CANDIDATE to LEADER at term 2 for changeToLeader
2025-09-19 20:44:26,209 [0df1231c-9f8a-4757-a7d0-f6d7f53bc482@group-39AD5A9EAACD-LeaderElection146] INFO  server.RaftServerConfigKeys (ConfUtils.java:logFallback(69)) - raft.server.staging.timeout = 3600ms (fallback to raft.server.rpc.timeout.max)
2025-09-19 20:44:26,209 [0df1231c-9f8a-4757-a7d0-f6d7f53bc482@group-39AD5A9EAACD-LeaderElection146] INFO  server.RaftServerConfigKeys (ConfUtils.java:logGet(62)) - raft.server.write.byte-limit = 1024 M (=1073741824) (custom)
2025-09-19 20:44:26,210 [0df1231c-9f8a-4757-a7d0-f6d7f53bc482@group-39AD5A9EAACD-LeaderElection146] INFO  impl.RoleInfo (RoleInfo.java:updateAndGet(148)) - 0df1231c-9f8a-4757-a7d0-f6d7f53bc482: start 0df1231c-9f8a-4757-a7d0-f6d7f53bc482@group-39AD5A9EAACD-LeaderStateImpl
2025-09-19 20:44:26,210 [0df1231c-9f8a-4757-a7d0-f6d7f53bc482@group-39AD5A9EAACD-LeaderElection146] INFO  server.RaftServer$Division (RaftServerImpl.java:setFirstElection(576)) - 0df1231c-9f8a-4757-a7d0-f6d7f53bc482@group-39AD5A9EAACD: set firstElectionSinceStartup to false for becomeLeader
2025-09-19 20:44:26,210 [0df1231c-9f8a-4757-a7d0-f6d7f53bc482@group-39AD5A9EAACD-LeaderElection146] INFO  ratis.XceiverServerRatis (XceiverServerRatis.java:handleLeaderChangedNotification(942)) - Leader change notification received for group: group-39AD5A9EAACD with new leaderId: 0df1231c-9f8a-4757-a7d0-f6d7f53bc482
2025-09-19 20:44:26,210 [0df1231c-9f8a-4757-a7d0-f6d7f53bc482@group-39AD5A9EAACD-LeaderElection146] INFO  server.RaftServer$Division (ServerState.java:setLeader(272)) - 0df1231c-9f8a-4757-a7d0-f6d7f53bc482@group-39AD5A9EAACD: change Leader from null to 0df1231c-9f8a-4757-a7d0-f6d7f53bc482 at term 2 for becomeLeader, leader elected after 1871ms
2025-09-19 20:44:26,210 [0df1231c-9f8a-4757-a7d0-f6d7f53bc482@group-39AD5A9EAACD-LeaderElection146] INFO  segmented.SegmentedRaftLogWorker (SegmentedRaftLogWorker.java:rollLogSegment(445)) - 0df1231c-9f8a-4757-a7d0-f6d7f53bc482@group-39AD5A9EAACD-SegmentedRaftLogWorker: Rolling segment log-0_0 to index:0
2025-09-19 20:44:26,210 [0df1231c-9f8a-4757-a7d0-f6d7f53bc482@group-39AD5A9EAACD-LeaderElection146] INFO  server.RaftServer$Division (ServerState.java:setRaftConf(386)) - 0df1231c-9f8a-4757-a7d0-f6d7f53bc482@group-39AD5A9EAACD: set configuration conf: {index: 1, cur=peers:[0df1231c-9f8a-4757-a7d0-f6d7f53bc482|127.0.0.1:15023]|listeners:[], old=null}
2025-09-19 20:44:26,211 [0df1231c-9f8a-4757-a7d0-f6d7f53bc482@group-39AD5A9EAACD-SegmentedRaftLogWorker] INFO  segmented.SegmentedRaftLogWorker (SegmentedRaftLogWorker.java:execute(604)) - 0df1231c-9f8a-4757-a7d0-f6d7f53bc482@group-39AD5A9EAACD-SegmentedRaftLogWorker: Rolled log segment from /home/runner/work/ozone/ozone/hadoop-ozone/integration-test/target/test-dir/MiniOzoneClusterImpl-990002c2-bb69-4aa2-bd68-28a5e13e86ef/ozone-metadata/datanode-2/ratis/54fe0239-6051-4a8e-b590-39ad5a9eaacd/current/log_inprogress_0 to /home/runner/work/ozone/ozone/hadoop-ozone/integration-test/target/test-dir/MiniOzoneClusterImpl-990002c2-bb69-4aa2-bd68-28a5e13e86ef/ozone-metadata/datanode-2/ratis/54fe0239-6051-4a8e-b590-39ad5a9eaacd/current/log_0-0
2025-09-19 20:44:26,211 [0df1231c-9f8a-4757-a7d0-f6d7f53bc482@group-39AD5A9EAACD-SegmentedRaftLogWorker] INFO  segmented.BufferedWriteChannel (BufferedWriteChannel.java:open(61)) - open log_inprogress_1 at position 0
2025-09-19 20:44:26,217 [0df1231c-9f8a-4757-a7d0-f6d7f53bc482@group-39AD5A9EAACD-SegmentedRaftLogWorker] INFO  segmented.SegmentedRaftLogWorker (SegmentedRaftLogWorker.java:execute(647)) - 0df1231c-9f8a-4757-a7d0-f6d7f53bc482@group-39AD5A9EAACD-SegmentedRaftLogWorker: created new log segment /home/runner/work/ozone/ozone/hadoop-ozone/integration-test/target/test-dir/MiniOzoneClusterImpl-990002c2-bb69-4aa2-bd68-28a5e13e86ef/ozone-metadata/datanode-2/ratis/54fe0239-6051-4a8e-b590-39ad5a9eaacd/current/log_inprogress_1
2025-09-19 20:44:26,218 [0df1231c-9f8a-4757-a7d0-f6d7f53bc482@group-39AD5A9EAACD-StateMachineUpdater] INFO  server.RaftServer$Division (LeaderStateImpl.java:checkStartIndex(309)) - Leader 0df1231c-9f8a-4757-a7d0-f6d7f53bc482@group-39AD5A9EAACD-LeaderStateImpl is ready since appliedIndex == startIndex == 1
2025-09-19 20:44:27,057 [8eb9963e-bce0-4155-aea2-e442cadff8bd@group-A751954341BD-FollowerState] INFO  impl.FollowerState (FollowerState.java:runImpl(161)) - 8eb9963e-bce0-4155-aea2-e442cadff8bd@group-A751954341BD-FollowerState: change to CANDIDATE, lastRpcElapsedTime:1104313633ns, electionTimeout:1104ms
2025-09-19 20:44:27,058 [8eb9963e-bce0-4155-aea2-e442cadff8bd@group-A751954341BD-FollowerState] INFO  impl.RoleInfo (RoleInfo.java:shutdownFollowerState(121)) - 8eb9963e-bce0-4155-aea2-e442cadff8bd: shutdown 8eb9963e-bce0-4155-aea2-e442cadff8bd@group-A751954341BD-FollowerState
2025-09-19 20:44:27,058 [8eb9963e-bce0-4155-aea2-e442cadff8bd@group-A751954341BD-FollowerState] INFO  server.RaftServer$Division (RaftServerImpl.java:setRole(392)) - 8eb9963e-bce0-4155-aea2-e442cadff8bd@group-A751954341BD: changes role from  FOLLOWER to CANDIDATE at term 1 for changeToCandidate
2025-09-19 20:44:27,058 [8eb9963e-bce0-4155-aea2-e442cadff8bd@group-A751954341BD-FollowerState] INFO  impl.RoleInfo (RoleInfo.java:updateAndGet(148)) - 8eb9963e-bce0-4155-aea2-e442cadff8bd: start 8eb9963e-bce0-4155-aea2-e442cadff8bd@group-A751954341BD-LeaderElection147
2025-09-19 20:44:27,058 [8eb9963e-bce0-4155-aea2-e442cadff8bd@group-A751954341BD-LeaderElection147] INFO  impl.LeaderElection (LeaderElection.java:askForVotes(448)) - 8eb9963e-bce0-4155-aea2-e442cadff8bd@group-A751954341BD-LeaderElection147 PRE_VOTE round 0: submit vote requests at term 1 for conf: {index: 0, cur=peers:[b5a25cc1-46d3-4381-a194-bd68f4526f1c|127.0.0.1:15031, 0df1231c-9f8a-4757-a7d0-f6d7f53bc482|127.0.0.1:15023, 8eb9963e-bce0-4155-aea2-e442cadff8bd|127.0.0.1:15015]|listeners:[], old=null}
2025-09-19 20:44:27,059 [8eb9963e-bce0-4155-aea2-e442cadff8bd@group-A751954341BD-LeaderElection147] INFO  impl.LeaderElection (LogUtils.java:infoOrTrace(142)) - 8eb9963e-bce0-4155-aea2-e442cadff8bd@group-A751954341BD-LeaderElection147 got exception when requesting votes: java.util.concurrent.ExecutionException: org.apache.ratis.thirdparty.io.grpc.StatusRuntimeException: UNAVAILABLE: io exception
2025-09-19 20:44:27,059 [8eb9963e-bce0-4155-aea2-e442cadff8bd@group-A751954341BD-LeaderElection147] INFO  impl.LeaderElection (LogUtils.java:infoOrTrace(142)) - 8eb9963e-bce0-4155-aea2-e442cadff8bd@group-A751954341BD-LeaderElection147 got exception when requesting votes: java.util.concurrent.ExecutionException: org.apache.ratis.thirdparty.io.grpc.StatusRuntimeException: UNAVAILABLE: io exception
2025-09-19 20:44:27,059 [8eb9963e-bce0-4155-aea2-e442cadff8bd@group-A751954341BD-LeaderElection147] INFO  impl.LeaderElection (LeaderElection.java:logAndReturn(206)) - 8eb9963e-bce0-4155-aea2-e442cadff8bd@group-A751954341BD-LeaderElection147: PRE_VOTE REJECTED received 0 response(s) and 2 exception(s):
2025-09-19 20:44:27,059 [8eb9963e-bce0-4155-aea2-e442cadff8bd@group-A751954341BD-LeaderElection147] INFO  impl.LeaderElection (LogUtils.java:infoOrTrace(142)) -   Exception 0: java.util.concurrent.ExecutionException: org.apache.ratis.thirdparty.io.grpc.StatusRuntimeException: UNAVAILABLE: io exception
2025-09-19 20:44:27,059 [8eb9963e-bce0-4155-aea2-e442cadff8bd@group-A751954341BD-LeaderElection147] INFO  impl.LeaderElection (LogUtils.java:infoOrTrace(142)) -   Exception 1: java.util.concurrent.ExecutionException: org.apache.ratis.thirdparty.io.grpc.StatusRuntimeException: UNAVAILABLE: io exception
2025-09-19 20:44:27,059 [8eb9963e-bce0-4155-aea2-e442cadff8bd@group-A751954341BD-LeaderElection147] INFO  impl.LeaderElection (LeaderElection.java:askForVotes(450)) - 8eb9963e-bce0-4155-aea2-e442cadff8bd@group-A751954341BD-LeaderElection147 PRE_VOTE round 0: result REJECTED
2025-09-19 20:44:27,059 [8eb9963e-bce0-4155-aea2-e442cadff8bd@group-A751954341BD-LeaderElection147] INFO  server.RaftServer$Division (RaftServerImpl.java:setRole(392)) - 8eb9963e-bce0-4155-aea2-e442cadff8bd@group-A751954341BD: changes role from CANDIDATE to FOLLOWER at term 1 for REJECTED
2025-09-19 20:44:27,059 [8eb9963e-bce0-4155-aea2-e442cadff8bd@group-A751954341BD-LeaderElection147] INFO  impl.RoleInfo (RoleInfo.java:shutdownLeaderElection(141)) - 8eb9963e-bce0-4155-aea2-e442cadff8bd: shutdown 8eb9963e-bce0-4155-aea2-e442cadff8bd@group-A751954341BD-LeaderElection147
2025-09-19 20:44:27,059 [8eb9963e-bce0-4155-aea2-e442cadff8bd@group-A751954341BD-LeaderElection147] INFO  impl.RoleInfo (RoleInfo.java:updateAndGet(148)) - 8eb9963e-bce0-4155-aea2-e442cadff8bd: start 8eb9963e-bce0-4155-aea2-e442cadff8bd@group-A751954341BD-FollowerState
2025-09-19 20:44:27,060 [b5a25cc1-46d3-4381-a194-bd68f4526f1c@group-A751954341BD-FollowerState] INFO  impl.FollowerState (FollowerState.java:runImpl(161)) - b5a25cc1-46d3-4381-a194-bd68f4526f1c@group-A751954341BD-FollowerState: change to CANDIDATE, lastRpcElapsedTime:1083551021ns, electionTimeout:1083ms
2025-09-19 20:44:27,060 [b5a25cc1-46d3-4381-a194-bd68f4526f1c@group-A751954341BD-FollowerState] INFO  impl.RoleInfo (RoleInfo.java:shutdownFollowerState(121)) - b5a25cc1-46d3-4381-a194-bd68f4526f1c: shutdown b5a25cc1-46d3-4381-a194-bd68f4526f1c@group-A751954341BD-FollowerState
2025-09-19 20:44:27,060 [b5a25cc1-46d3-4381-a194-bd68f4526f1c@group-A751954341BD-FollowerState] INFO  server.RaftServer$Division (RaftServerImpl.java:setRole(392)) - b5a25cc1-46d3-4381-a194-bd68f4526f1c@group-A751954341BD: changes role from  FOLLOWER to CANDIDATE at term 1 for changeToCandidate
2025-09-19 20:44:27,060 [b5a25cc1-46d3-4381-a194-bd68f4526f1c@group-A751954341BD-FollowerState] INFO  impl.RoleInfo (RoleInfo.java:updateAndGet(148)) - b5a25cc1-46d3-4381-a194-bd68f4526f1c: start b5a25cc1-46d3-4381-a194-bd68f4526f1c@group-A751954341BD-LeaderElection148
2025-09-19 20:44:27,060 [b5a25cc1-46d3-4381-a194-bd68f4526f1c@group-A751954341BD-LeaderElection148] INFO  impl.LeaderElection (LeaderElection.java:askForVotes(448)) - b5a25cc1-46d3-4381-a194-bd68f4526f1c@group-A751954341BD-LeaderElection148 PRE_VOTE round 0: submit vote requests at term 1 for conf: {index: 0, cur=peers:[b5a25cc1-46d3-4381-a194-bd68f4526f1c|127.0.0.1:15031, 0df1231c-9f8a-4757-a7d0-f6d7f53bc482|127.0.0.1:15023, 8eb9963e-bce0-4155-aea2-e442cadff8bd|127.0.0.1:15015]|listeners:[], old=null}
2025-09-19 20:44:27,062 [grpc-default-executor-2] INFO  server.RaftServer$Division (RaftServerImpl.java:requestVote(1421)) - 8eb9963e-bce0-4155-aea2-e442cadff8bd@group-A751954341BD: receive requestVote(PRE_VOTE, b5a25cc1-46d3-4381-a194-bd68f4526f1c, group-A751954341BD, 1, (t:1, i:0))
2025-09-19 20:44:27,062 [grpc-default-executor-6] INFO  server.RaftServer$Division (RaftServerImpl.java:requestVote(1421)) - 0df1231c-9f8a-4757-a7d0-f6d7f53bc482@group-A751954341BD: receive requestVote(PRE_VOTE, b5a25cc1-46d3-4381-a194-bd68f4526f1c, group-A751954341BD, 1, (t:1, i:0))
2025-09-19 20:44:27,062 [grpc-default-executor-2] INFO  impl.VoteContext (VoteContext.java:log(49)) - 8eb9963e-bce0-4155-aea2-e442cadff8bd@group-A751954341BD-FOLLOWER: reject PRE_VOTE from b5a25cc1-46d3-4381-a194-bd68f4526f1c: our priority 1 > candidate's priority 0
2025-09-19 20:44:27,062 [grpc-default-executor-6] INFO  impl.VoteContext (VoteContext.java:log(49)) - 0df1231c-9f8a-4757-a7d0-f6d7f53bc482@group-A751954341BD-FOLLOWER: accept PRE_VOTE from b5a25cc1-46d3-4381-a194-bd68f4526f1c: our priority 0 <= candidate's priority 0
2025-09-19 20:44:27,062 [grpc-default-executor-2] INFO  server.RaftServer$Division (RaftServerImpl.java:requestVote(1455)) - 8eb9963e-bce0-4155-aea2-e442cadff8bd@group-A751954341BD replies to PRE_VOTE vote request: b5a25cc1-46d3-4381-a194-bd68f4526f1c<-8eb9963e-bce0-4155-aea2-e442cadff8bd#0:FAIL-t1-last:(t:1, i:0). Peer's state: 8eb9963e-bce0-4155-aea2-e442cadff8bd@group-A751954341BD:t1, leader=null, voted=8eb9963e-bce0-4155-aea2-e442cadff8bd, raftlog=Memoized:8eb9963e-bce0-4155-aea2-e442cadff8bd@group-A751954341BD-SegmentedRaftLog:OPENED:c0:last(t:1, i:0), conf=conf: {index: 0, cur=peers:[b5a25cc1-46d3-4381-a194-bd68f4526f1c|127.0.0.1:15031, 0df1231c-9f8a-4757-a7d0-f6d7f53bc482|127.0.0.1:15023, 8eb9963e-bce0-4155-aea2-e442cadff8bd|127.0.0.1:15015]|listeners:[], old=null}
2025-09-19 20:44:27,062 [grpc-default-executor-6] INFO  server.RaftServer$Division (RaftServerImpl.java:requestVote(1455)) - 0df1231c-9f8a-4757-a7d0-f6d7f53bc482@group-A751954341BD replies to PRE_VOTE vote request: b5a25cc1-46d3-4381-a194-bd68f4526f1c<-0df1231c-9f8a-4757-a7d0-f6d7f53bc482#0:OK-t1-last:(t:1, i:0). Peer's state: 0df1231c-9f8a-4757-a7d0-f6d7f53bc482@group-A751954341BD:t1, leader=null, voted=8eb9963e-bce0-4155-aea2-e442cadff8bd, raftlog=Memoized:0df1231c-9f8a-4757-a7d0-f6d7f53bc482@group-A751954341BD-SegmentedRaftLog:OPENED:c0:last(t:1, i:0), conf=conf: {index: 0, cur=peers:[b5a25cc1-46d3-4381-a194-bd68f4526f1c|127.0.0.1:15031, 0df1231c-9f8a-4757-a7d0-f6d7f53bc482|127.0.0.1:15023, 8eb9963e-bce0-4155-aea2-e442cadff8bd|127.0.0.1:15015]|listeners:[], old=null}
2025-09-19 20:44:27,063 [b5a25cc1-46d3-4381-a194-bd68f4526f1c@group-A751954341BD-LeaderElection148] INFO  impl.LeaderElection (LeaderElection.java:logAndReturn(206)) - b5a25cc1-46d3-4381-a194-bd68f4526f1c@group-A751954341BD-LeaderElection148: PRE_VOTE REJECTED received 1 response(s) and 0 exception(s):
2025-09-19 20:44:27,063 [b5a25cc1-46d3-4381-a194-bd68f4526f1c@group-A751954341BD-LeaderElection148] INFO  impl.LeaderElection (LeaderElection.java:logAndReturn(210)) -   Response 0: b5a25cc1-46d3-4381-a194-bd68f4526f1c<-8eb9963e-bce0-4155-aea2-e442cadff8bd#0:FAIL-t1-last:(t:1, i:0)
2025-09-19 20:44:27,063 [b5a25cc1-46d3-4381-a194-bd68f4526f1c@group-A751954341BD-LeaderElection148] INFO  impl.LeaderElection (LeaderElection.java:askForVotes(450)) - b5a25cc1-46d3-4381-a194-bd68f4526f1c@group-A751954341BD-LeaderElection148 PRE_VOTE round 0: result REJECTED
2025-09-19 20:44:27,063 [b5a25cc1-46d3-4381-a194-bd68f4526f1c@group-A751954341BD-LeaderElection148] INFO  server.RaftServer$Division (RaftServerImpl.java:setRole(392)) - b5a25cc1-46d3-4381-a194-bd68f4526f1c@group-A751954341BD: changes role from CANDIDATE to FOLLOWER at term 1 for REJECTED
2025-09-19 20:44:27,063 [b5a25cc1-46d3-4381-a194-bd68f4526f1c@group-A751954341BD-LeaderElection148] INFO  impl.RoleInfo (RoleInfo.java:shutdownLeaderElection(141)) - b5a25cc1-46d3-4381-a194-bd68f4526f1c: shutdown b5a25cc1-46d3-4381-a194-bd68f4526f1c@group-A751954341BD-LeaderElection148
2025-09-19 20:44:27,063 [b5a25cc1-46d3-4381-a194-bd68f4526f1c@group-A751954341BD-LeaderElection148] INFO  impl.RoleInfo (RoleInfo.java:updateAndGet(148)) - b5a25cc1-46d3-4381-a194-bd68f4526f1c: start b5a25cc1-46d3-4381-a194-bd68f4526f1c@group-A751954341BD-FollowerState
2025-09-19 20:44:27,316 [0df1231c-9f8a-4757-a7d0-f6d7f53bc482@group-715EBF8096A7-LeaderStateImpl] INFO  impl.TransferLeadership (TransferLeadership.java:tryTransferLeadership(258)) - 0df1231c-9f8a-4757-a7d0-f6d7f53bc482@group-715EBF8096A7: start transferring leadership to b5a25cc1-46d3-4381-a194-bd68f4526f1c
2025-09-19 20:44:27,316 [0df1231c-9f8a-4757-a7d0-f6d7f53bc482@group-715EBF8096A7-LeaderStateImpl] INFO  impl.TransferLeadership (TransferLeadership.java:sendStartLeaderElection(210)) - 0df1231c-9f8a-4757-a7d0-f6d7f53bc482@group-715EBF8096A7: sendStartLeaderElection to follower b5a25cc1-46d3-4381-a194-bd68f4526f1c, lastEntry=(t:3, i:8)
2025-09-19 20:44:27,317 [0df1231c-9f8a-4757-a7d0-f6d7f53bc482@group-715EBF8096A7-LeaderStateImpl] INFO  impl.TransferLeadership (TransferLeadership.java:tryTransferLeadership(266)) - 0df1231c-9f8a-4757-a7d0-f6d7f53bc482@group-715EBF8096A7: SUCCESS sent StartLeaderElection to transferee b5a25cc1-46d3-4381-a194-bd68f4526f1c immediately as it already has up-to-date log
2025-09-19 20:44:27,319 [grpc-default-executor-6] INFO  impl.RoleInfo (RoleInfo.java:shutdownFollowerState(121)) - b5a25cc1-46d3-4381-a194-bd68f4526f1c: shutdown b5a25cc1-46d3-4381-a194-bd68f4526f1c@group-715EBF8096A7-FollowerState
2025-09-19 20:44:27,319 [grpc-default-executor-6] INFO  server.RaftServer$Division (RaftServerImpl.java:setRole(392)) - b5a25cc1-46d3-4381-a194-bd68f4526f1c@group-715EBF8096A7: changes role from  FOLLOWER to CANDIDATE at term 3 for changeToCandidate
2025-09-19 20:44:27,319 [b5a25cc1-46d3-4381-a194-bd68f4526f1c@group-715EBF8096A7-FollowerState] INFO  impl.FollowerState (FollowerState.java:runImpl(170)) - b5a25cc1-46d3-4381-a194-bd68f4526f1c@group-715EBF8096A7-FollowerState was interrupted
2025-09-19 20:44:27,319 [grpc-default-executor-6] INFO  server.RaftServer$Division (ServerState.java:setLeader(272)) - b5a25cc1-46d3-4381-a194-bd68f4526f1c@group-715EBF8096A7: change Leader from 0df1231c-9f8a-4757-a7d0-f6d7f53bc482 to null at term 3 for ELECTION
2025-09-19 20:44:27,320 [grpc-default-executor-6] INFO  impl.RoleInfo (RoleInfo.java:updateAndGet(148)) - b5a25cc1-46d3-4381-a194-bd68f4526f1c: start b5a25cc1-46d3-4381-a194-bd68f4526f1c@group-715EBF8096A7-LeaderElection149
2025-09-19 20:44:27,320 [b5a25cc1-46d3-4381-a194-bd68f4526f1c@group-715EBF8096A7-LeaderElection149] INFO  impl.LeaderElection (LeaderElection.java:askForVotes(448)) - b5a25cc1-46d3-4381-a194-bd68f4526f1c@group-715EBF8096A7-LeaderElection149 ELECTION round 0: submit vote requests at term 4 for conf: {index: 7, cur=peers:[b5a25cc1-46d3-4381-a194-bd68f4526f1c|127.0.0.1:15031, 0df1231c-9f8a-4757-a7d0-f6d7f53bc482|127.0.0.1:15023, 8eb9963e-bce0-4155-aea2-e442cadff8bd|127.0.0.1:15015]|listeners:[], old=null}
2025-09-19 20:44:27,321 [grpc-default-executor-3] INFO  server.RaftServer$Division (RaftServerImpl.java:requestVote(1421)) - 0df1231c-9f8a-4757-a7d0-f6d7f53bc482@group-715EBF8096A7: receive requestVote(ELECTION, b5a25cc1-46d3-4381-a194-bd68f4526f1c, group-715EBF8096A7, 4, (t:3, i:8))
2025-09-19 20:44:27,321 [grpc-default-executor-3] INFO  impl.VoteContext (VoteContext.java:log(49)) - 0df1231c-9f8a-4757-a7d0-f6d7f53bc482@group-715EBF8096A7-LEADER: accept ELECTION from b5a25cc1-46d3-4381-a194-bd68f4526f1c: our priority 0 <= candidate's priority 1
2025-09-19 20:44:27,322 [grpc-default-executor-3] INFO  server.RaftServer$Division (RaftServerImpl.java:setRole(392)) - 0df1231c-9f8a-4757-a7d0-f6d7f53bc482@group-715EBF8096A7: changes role from    LEADER to FOLLOWER at term 3 for candidate:b5a25cc1-46d3-4381-a194-bd68f4526f1c
2025-09-19 20:44:27,322 [grpc-default-executor-3] INFO  impl.RoleInfo (RoleInfo.java:shutdownLeaderState(103)) - 0df1231c-9f8a-4757-a7d0-f6d7f53bc482: shutdown 0df1231c-9f8a-4757-a7d0-f6d7f53bc482@group-715EBF8096A7-LeaderStateImpl
2025-09-19 20:44:27,322 [grpc-default-executor-2] INFO  server.RaftServer$Division (RaftServerImpl.java:requestVote(1421)) - 8eb9963e-bce0-4155-aea2-e442cadff8bd@group-715EBF8096A7: receive requestVote(ELECTION, b5a25cc1-46d3-4381-a194-bd68f4526f1c, group-715EBF8096A7, 4, (t:3, i:8))
2025-09-19 20:44:27,322 [grpc-default-executor-2] INFO  impl.VoteContext (VoteContext.java:log(49)) - 8eb9963e-bce0-4155-aea2-e442cadff8bd@group-715EBF8096A7-FOLLOWER: accept ELECTION from b5a25cc1-46d3-4381-a194-bd68f4526f1c: our priority 0 <= candidate's priority 1
2025-09-19 20:44:27,322 [grpc-default-executor-2] INFO  server.RaftServer$Division (RaftServerImpl.java:setRole(392)) - 8eb9963e-bce0-4155-aea2-e442cadff8bd@group-715EBF8096A7: changes role from  FOLLOWER to FOLLOWER at term 3 for candidate:b5a25cc1-46d3-4381-a194-bd68f4526f1c
2025-09-19 20:44:27,322 [grpc-default-executor-3] INFO  impl.PendingRequests (PendingRequests.java:sendNotLeaderResponses(287)) - 0df1231c-9f8a-4757-a7d0-f6d7f53bc482@group-715EBF8096A7-PendingRequests: sendNotLeaderResponses
2025-09-19 20:44:27,322 [grpc-default-executor-2] INFO  impl.RoleInfo (RoleInfo.java:shutdownFollowerState(121)) - 8eb9963e-bce0-4155-aea2-e442cadff8bd: shutdown 8eb9963e-bce0-4155-aea2-e442cadff8bd@group-715EBF8096A7-FollowerState
2025-09-19 20:44:27,322 [grpc-default-executor-2] INFO  server.RaftServer$Division (ServerState.java:setLeader(272)) - 8eb9963e-bce0-4155-aea2-e442cadff8bd@group-715EBF8096A7: change Leader from 0df1231c-9f8a-4757-a7d0-f6d7f53bc482 to null at term 4 for updateCurrentTerm
2025-09-19 20:44:27,322 [grpc-default-executor-2] INFO  impl.RoleInfo (RoleInfo.java:updateAndGet(148)) - 8eb9963e-bce0-4155-aea2-e442cadff8bd: start 8eb9963e-bce0-4155-aea2-e442cadff8bd@group-715EBF8096A7-FollowerState
2025-09-19 20:44:27,322 [0df1231c-9f8a-4757-a7d0-f6d7f53bc482-server-thread1] INFO  impl.TransferLeadership (TransferLeadership.java:lambda$sendStartLeaderElection$2(224)) - 0df1231c-9f8a-4757-a7d0-f6d7f53bc482@group-715EBF8096A7: Received startLeaderElection reply from b5a25cc1-46d3-4381-a194-bd68f4526f1c: success? true
2025-09-19 20:44:27,322 [0df1231c-9f8a-4757-a7d0-f6d7f53bc482@group-715EBF8096A7->8eb9963e-bce0-4155-aea2-e442cadff8bd-GrpcLogAppender-LogAppenderDaemon] WARN  server.GrpcLogAppender (GrpcLogAppender.java:mayWait(300)) - 0df1231c-9f8a-4757-a7d0-f6d7f53bc482@group-715EBF8096A7->8eb9963e-bce0-4155-aea2-e442cadff8bd-GrpcLogAppender: Wait interrupted by java.lang.InterruptedException
2025-09-19 20:44:27,322 [8eb9963e-bce0-4155-aea2-e442cadff8bd@group-715EBF8096A7-FollowerState] INFO  impl.FollowerState (FollowerState.java:runImpl(170)) - 8eb9963e-bce0-4155-aea2-e442cadff8bd@group-715EBF8096A7-FollowerState was interrupted
2025-09-19 20:44:27,322 [0df1231c-9f8a-4757-a7d0-f6d7f53bc482@group-715EBF8096A7->b5a25cc1-46d3-4381-a194-bd68f4526f1c-GrpcLogAppender-LogAppenderDaemon] WARN  server.GrpcLogAppender (GrpcLogAppender.java:mayWait(300)) - 0df1231c-9f8a-4757-a7d0-f6d7f53bc482@group-715EBF8096A7->b5a25cc1-46d3-4381-a194-bd68f4526f1c-GrpcLogAppender: Wait interrupted by java.lang.InterruptedException
2025-09-19 20:44:27,323 [grpc-default-executor-6] INFO  server.GrpcServerProtocolService (GrpcServerProtocolService.java:lambda$onCompleted$6(171)) - 8eb9963e-bce0-4155-aea2-e442cadff8bd: Completed APPEND_ENTRIES, lastRequest: 0df1231c-9f8a-4757-a7d0-f6d7f53bc482->8eb9963e-bce0-4155-aea2-e442cadff8bd#2-t3,previous=(t:3, i:7),leaderCommit=7,initializing? false,entries: size=1, first=(t:3, i:8), METADATAENTRY(c:7) 
2025-09-19 20:44:27,323 [grpc-default-executor-6] INFO  server.GrpcServerProtocolService (GrpcServerProtocolService.java:lambda$null$7(175)) - 8eb9963e-bce0-4155-aea2-e442cadff8bd: Completed APPEND_ENTRIES, lastReply: null 
2025-09-19 20:44:27,323 [grpc-default-executor-3] INFO  server.RaftServer$Division (ServerState.java:setLeader(272)) - 0df1231c-9f8a-4757-a7d0-f6d7f53bc482@group-715EBF8096A7: change Leader from 0df1231c-9f8a-4757-a7d0-f6d7f53bc482 to null at term 3 for candidate:b5a25cc1-46d3-4381-a194-bd68f4526f1c
2025-09-19 20:44:27,323 [grpc-default-executor-3] INFO  impl.RoleInfo (RoleInfo.java:updateAndGet(148)) - 0df1231c-9f8a-4757-a7d0-f6d7f53bc482: start 0df1231c-9f8a-4757-a7d0-f6d7f53bc482@group-715EBF8096A7-FollowerState
2025-09-19 20:44:27,324 [grpc-default-executor-8] INFO  server.GrpcServerProtocolService (GrpcServerProtocolService.java:lambda$onCompleted$6(171)) - b5a25cc1-46d3-4381-a194-bd68f4526f1c: Completed APPEND_ENTRIES, lastRequest: null 
2025-09-19 20:44:27,324 [grpc-default-executor-8] INFO  server.GrpcServerProtocolService (GrpcServerProtocolService.java:lambda$null$7(175)) - b5a25cc1-46d3-4381-a194-bd68f4526f1c: Completed APPEND_ENTRIES, lastReply: serverReply {
  requestorId: "0df1231c-9f8a-4757-a7d0-f6d7f53bc482"
  replyId: "b5a25cc1-46d3-4381-a194-bd68f4526f1c"
  raftGroupId {
    id: "\225\200\000\323#\226I\276\202\351q^\277\200\226\247"
  }
  callId: 11
  success: true
}
term: 3
nextIndex: 9
followerCommit: 8
matchIndex: 18446744073709551615
isHearbeat: true
 
2025-09-19 20:44:27,325 [grpc-default-executor-8] INFO  server.GrpcLogAppender (GrpcLogAppender.java:onCompleted(558)) - 0df1231c-9f8a-4757-a7d0-f6d7f53bc482@group-715EBF8096A7->8eb9963e-bce0-4155-aea2-e442cadff8bd-AppendLogResponseHandler: follower responses appendEntries COMPLETED
2025-09-19 20:44:27,325 [grpc-default-executor-6] INFO  server.GrpcLogAppender (GrpcLogAppender.java:onCompleted(558)) - 0df1231c-9f8a-4757-a7d0-f6d7f53bc482@group-715EBF8096A7->8eb9963e-bce0-4155-aea2-e442cadff8bd-AppendLogResponseHandler: follower responses appendEntries COMPLETED
2025-09-19 20:44:27,325 [grpc-default-executor-5] INFO  server.GrpcLogAppender (GrpcLogAppender.java:onCompleted(558)) - 0df1231c-9f8a-4757-a7d0-f6d7f53bc482@group-715EBF8096A7->b5a25cc1-46d3-4381-a194-bd68f4526f1c-AppendLogResponseHandler: follower responses appendEntries COMPLETED
2025-09-19 20:44:27,325 [grpc-default-executor-7] INFO  server.GrpcLogAppender (GrpcLogAppender.java:onCompleted(558)) - 0df1231c-9f8a-4757-a7d0-f6d7f53bc482@group-715EBF8096A7->b5a25cc1-46d3-4381-a194-bd68f4526f1c-AppendLogResponseHandler: follower responses appendEntries COMPLETED
2025-09-19 20:44:27,325 [grpc-default-executor-3] INFO  server.RaftServer$Division (RaftServerImpl.java:requestVote(1455)) - 0df1231c-9f8a-4757-a7d0-f6d7f53bc482@group-715EBF8096A7 replies to ELECTION vote request: b5a25cc1-46d3-4381-a194-bd68f4526f1c<-0df1231c-9f8a-4757-a7d0-f6d7f53bc482#0:OK-t4-last:(t:3, i:8). Peer's state: 0df1231c-9f8a-4757-a7d0-f6d7f53bc482@group-715EBF8096A7:t4, leader=null, voted=b5a25cc1-46d3-4381-a194-bd68f4526f1c, raftlog=Memoized:0df1231c-9f8a-4757-a7d0-f6d7f53bc482@group-715EBF8096A7-SegmentedRaftLog:OPENED:c8:last(t:3, i:8), conf=conf: {index: 7, cur=peers:[b5a25cc1-46d3-4381-a194-bd68f4526f1c|127.0.0.1:15031, 0df1231c-9f8a-4757-a7d0-f6d7f53bc482|127.0.0.1:15023, 8eb9963e-bce0-4155-aea2-e442cadff8bd|127.0.0.1:15015]|listeners:[], old=null}
2025-09-19 20:44:27,326 [grpc-default-executor-2] INFO  server.RaftServer$Division (RaftServerImpl.java:requestVote(1455)) - 8eb9963e-bce0-4155-aea2-e442cadff8bd@group-715EBF8096A7 replies to ELECTION vote request: b5a25cc1-46d3-4381-a194-bd68f4526f1c<-8eb9963e-bce0-4155-aea2-e442cadff8bd#0:OK-t4-last:(t:3, i:8). Peer's state: 8eb9963e-bce0-4155-aea2-e442cadff8bd@group-715EBF8096A7:t4, leader=null, voted=b5a25cc1-46d3-4381-a194-bd68f4526f1c, raftlog=Memoized:8eb9963e-bce0-4155-aea2-e442cadff8bd@group-715EBF8096A7-SegmentedRaftLog:OPENED:c8:last(t:3, i:8), conf=conf: {index: 7, cur=peers:[b5a25cc1-46d3-4381-a194-bd68f4526f1c|127.0.0.1:15031, 0df1231c-9f8a-4757-a7d0-f6d7f53bc482|127.0.0.1:15023, 8eb9963e-bce0-4155-aea2-e442cadff8bd|127.0.0.1:15015]|listeners:[], old=null}
2025-09-19 20:44:27,326 [b5a25cc1-46d3-4381-a194-bd68f4526f1c@group-715EBF8096A7-LeaderElection149] INFO  impl.LeaderElection (LeaderElection.java:logAndReturn(206)) - b5a25cc1-46d3-4381-a194-bd68f4526f1c@group-715EBF8096A7-LeaderElection149: ELECTION PASSED received 1 response(s) and 0 exception(s):
2025-09-19 20:44:27,326 [b5a25cc1-46d3-4381-a194-bd68f4526f1c@group-715EBF8096A7-LeaderElection149] INFO  impl.LeaderElection (LeaderElection.java:logAndReturn(210)) -   Response 0: b5a25cc1-46d3-4381-a194-bd68f4526f1c<-0df1231c-9f8a-4757-a7d0-f6d7f53bc482#0:OK-t4-last:(t:3, i:8)
2025-09-19 20:44:27,326 [b5a25cc1-46d3-4381-a194-bd68f4526f1c@group-715EBF8096A7-LeaderElection149] INFO  impl.LeaderElection (LeaderElection.java:askForVotes(450)) - b5a25cc1-46d3-4381-a194-bd68f4526f1c@group-715EBF8096A7-LeaderElection149 ELECTION round 0: result PASSED
2025-09-19 20:44:27,326 [b5a25cc1-46d3-4381-a194-bd68f4526f1c@group-715EBF8096A7-LeaderElection149] INFO  impl.RoleInfo (RoleInfo.java:shutdownLeaderElection(141)) - b5a25cc1-46d3-4381-a194-bd68f4526f1c: shutdown b5a25cc1-46d3-4381-a194-bd68f4526f1c@group-715EBF8096A7-LeaderElection149
2025-09-19 20:44:27,326 [b5a25cc1-46d3-4381-a194-bd68f4526f1c@group-715EBF8096A7-LeaderElection149] INFO  server.RaftServer$Division (RaftServerImpl.java:setRole(392)) - b5a25cc1-46d3-4381-a194-bd68f4526f1c@group-715EBF8096A7: changes role from CANDIDATE to LEADER at term 4 for changeToLeader
2025-09-19 20:44:27,326 [b5a25cc1-46d3-4381-a194-bd68f4526f1c@group-715EBF8096A7-LeaderElection149] INFO  server.RaftServerConfigKeys (ConfUtils.java:logFallback(69)) - raft.server.staging.timeout = 3600ms (fallback to raft.server.rpc.timeout.max)
2025-09-19 20:44:27,326 [b5a25cc1-46d3-4381-a194-bd68f4526f1c@group-715EBF8096A7-LeaderElection149] INFO  server.RaftServerConfigKeys (ConfUtils.java:logGet(62)) - raft.server.write.byte-limit = 1024 M (=1073741824) (custom)
2025-09-19 20:44:27,328 [b5a25cc1-46d3-4381-a194-bd68f4526f1c@group-715EBF8096A7-LeaderElection149] INFO  server.RaftServerConfigKeys (ConfUtils.java:logGet(62)) - raft.server.log.appender.buffer.byte-limit = 33554432 (custom)
2025-09-19 20:44:27,329 [b5a25cc1-46d3-4381-a194-bd68f4526f1c@group-715EBF8096A7-LeaderElection149] INFO  server.RaftServerConfigKeys (ConfUtils.java:logGet(62)) - raft.server.log.appender.buffer.byte-limit = 33554432 (custom)
2025-09-19 20:44:27,329 [b5a25cc1-46d3-4381-a194-bd68f4526f1c@group-715EBF8096A7-LeaderElection149] INFO  impl.RoleInfo (RoleInfo.java:updateAndGet(148)) - b5a25cc1-46d3-4381-a194-bd68f4526f1c: start b5a25cc1-46d3-4381-a194-bd68f4526f1c@group-715EBF8096A7-LeaderStateImpl
2025-09-19 20:44:27,329 [b5a25cc1-46d3-4381-a194-bd68f4526f1c@group-715EBF8096A7-LeaderElection149] INFO  ratis.XceiverServerRatis (XceiverServerRatis.java:handleLeaderChangedNotification(942)) - Leader change notification received for group: group-715EBF8096A7 with new leaderId: b5a25cc1-46d3-4381-a194-bd68f4526f1c
2025-09-19 20:44:27,329 [b5a25cc1-46d3-4381-a194-bd68f4526f1c@group-715EBF8096A7-LeaderElection149] INFO  server.RaftServer$Division (ServerState.java:setLeader(272)) - b5a25cc1-46d3-4381-a194-bd68f4526f1c@group-715EBF8096A7: change Leader from null to b5a25cc1-46d3-4381-a194-bd68f4526f1c at term 4 for becomeLeader, leader elected after 10ms
2025-09-19 20:44:27,330 [b5a25cc1-46d3-4381-a194-bd68f4526f1c@group-715EBF8096A7-LeaderElection149] INFO  segmented.SegmentedRaftLogWorker (SegmentedRaftLogWorker.java:rollLogSegment(445)) - b5a25cc1-46d3-4381-a194-bd68f4526f1c@group-715EBF8096A7-SegmentedRaftLogWorker: Rolling segment log-7_8 to index:8
2025-09-19 20:44:27,331 [b5a25cc1-46d3-4381-a194-bd68f4526f1c@group-715EBF8096A7-LeaderElection149] INFO  server.RaftServer$Division (ServerState.java:setRaftConf(386)) - b5a25cc1-46d3-4381-a194-bd68f4526f1c@group-715EBF8096A7: set configuration conf: {index: 9, cur=peers:[b5a25cc1-46d3-4381-a194-bd68f4526f1c|127.0.0.1:15031, 0df1231c-9f8a-4757-a7d0-f6d7f53bc482|127.0.0.1:15023, 8eb9963e-bce0-4155-aea2-e442cadff8bd|127.0.0.1:15015]|listeners:[], old=null}
2025-09-19 20:44:27,331 [b5a25cc1-46d3-4381-a194-bd68f4526f1c@group-715EBF8096A7-SegmentedRaftLogWorker] INFO  segmented.SegmentedRaftLogWorker (SegmentedRaftLogWorker.java:execute(604)) - b5a25cc1-46d3-4381-a194-bd68f4526f1c@group-715EBF8096A7-SegmentedRaftLogWorker: Rolled log segment from /home/runner/work/ozone/ozone/hadoop-ozone/integration-test/target/test-dir/MiniOzoneClusterImpl-990002c2-bb69-4aa2-bd68-28a5e13e86ef/ozone-metadata/datanode-3/ratis/958000d3-2396-49be-82e9-715ebf8096a7/current/log_inprogress_7 to /home/runner/work/ozone/ozone/hadoop-ozone/integration-test/target/test-dir/MiniOzoneClusterImpl-990002c2-bb69-4aa2-bd68-28a5e13e86ef/ozone-metadata/datanode-3/ratis/958000d3-2396-49be-82e9-715ebf8096a7/current/log_7-8
2025-09-19 20:44:27,331 [b5a25cc1-46d3-4381-a194-bd68f4526f1c@group-715EBF8096A7-SegmentedRaftLogWorker] INFO  segmented.BufferedWriteChannel (BufferedWriteChannel.java:open(61)) - open log_inprogress_9 at position 0
2025-09-19 20:44:27,337 [b5a25cc1-46d3-4381-a194-bd68f4526f1c@group-715EBF8096A7-SegmentedRaftLogWorker] INFO  segmented.SegmentedRaftLogWorker (SegmentedRaftLogWorker.java:execute(647)) - b5a25cc1-46d3-4381-a194-bd68f4526f1c@group-715EBF8096A7-SegmentedRaftLogWorker: created new log segment /home/runner/work/ozone/ozone/hadoop-ozone/integration-test/target/test-dir/MiniOzoneClusterImpl-990002c2-bb69-4aa2-bd68-28a5e13e86ef/ozone-metadata/datanode-3/ratis/958000d3-2396-49be-82e9-715ebf8096a7/current/log_inprogress_9
2025-09-19 20:44:27,349 [grpc-default-executor-8] INFO  ratis.XceiverServerRatis (XceiverServerRatis.java:handleLeaderChangedNotification(942)) - Leader change notification received for group: group-715EBF8096A7 with new leaderId: b5a25cc1-46d3-4381-a194-bd68f4526f1c
2025-09-19 20:44:27,349 [grpc-default-executor-8] INFO  server.RaftServer$Division (ServerState.java:setLeader(272)) - 0df1231c-9f8a-4757-a7d0-f6d7f53bc482@group-715EBF8096A7: change Leader from null to b5a25cc1-46d3-4381-a194-bd68f4526f1c at term 4 for appendEntries, leader elected after 26ms
2025-09-19 20:44:27,350 [grpc-default-executor-7] INFO  ratis.XceiverServerRatis (XceiverServerRatis.java:handleLeaderChangedNotification(942)) - Leader change notification received for group: group-715EBF8096A7 with new leaderId: b5a25cc1-46d3-4381-a194-bd68f4526f1c
2025-09-19 20:44:27,350 [grpc-default-executor-7] INFO  server.RaftServer$Division (ServerState.java:setLeader(272)) - 8eb9963e-bce0-4155-aea2-e442cadff8bd@group-715EBF8096A7: change Leader from null to b5a25cc1-46d3-4381-a194-bd68f4526f1c at term 4 for appendEntries, leader elected after 27ms
2025-09-19 20:44:27,351 [grpc-default-executor-7] INFO  server.RaftServer$Division (ServerState.java:setRaftConf(386)) - 8eb9963e-bce0-4155-aea2-e442cadff8bd@group-715EBF8096A7: set configuration conf: {index: 9, cur=peers:[b5a25cc1-46d3-4381-a194-bd68f4526f1c|127.0.0.1:15031, 0df1231c-9f8a-4757-a7d0-f6d7f53bc482|127.0.0.1:15023, 8eb9963e-bce0-4155-aea2-e442cadff8bd|127.0.0.1:15015]|listeners:[], old=null}
2025-09-19 20:44:27,351 [grpc-default-executor-7] INFO  segmented.SegmentedRaftLogWorker (SegmentedRaftLogWorker.java:rollLogSegment(445)) - 8eb9963e-bce0-4155-aea2-e442cadff8bd@group-715EBF8096A7-SegmentedRaftLogWorker: Rolling segment log-7_8 to index:8
2025-09-19 20:44:27,352 [8eb9963e-bce0-4155-aea2-e442cadff8bd@group-715EBF8096A7-SegmentedRaftLogWorker] INFO  segmented.SegmentedRaftLogWorker (SegmentedRaftLogWorker.java:execute(604)) - 8eb9963e-bce0-4155-aea2-e442cadff8bd@group-715EBF8096A7-SegmentedRaftLogWorker: Rolled log segment from /home/runner/work/ozone/ozone/hadoop-ozone/integration-test/target/test-dir/MiniOzoneClusterImpl-990002c2-bb69-4aa2-bd68-28a5e13e86ef/ozone-metadata/datanode-1/ratis/958000d3-2396-49be-82e9-715ebf8096a7/current/log_inprogress_7 to /home/runner/work/ozone/ozone/hadoop-ozone/integration-test/target/test-dir/MiniOzoneClusterImpl-990002c2-bb69-4aa2-bd68-28a5e13e86ef/ozone-metadata/datanode-1/ratis/958000d3-2396-49be-82e9-715ebf8096a7/current/log_7-8
2025-09-19 20:44:27,353 [8eb9963e-bce0-4155-aea2-e442cadff8bd@group-715EBF8096A7-SegmentedRaftLogWorker] INFO  segmented.BufferedWriteChannel (BufferedWriteChannel.java:open(61)) - open log_inprogress_9 at position 0
2025-09-19 20:44:27,353 [grpc-default-executor-7] INFO  server.RaftServer$Division (ServerState.java:setRaftConf(386)) - 0df1231c-9f8a-4757-a7d0-f6d7f53bc482@group-715EBF8096A7: set configuration conf: {index: 9, cur=peers:[b5a25cc1-46d3-4381-a194-bd68f4526f1c|127.0.0.1:15031, 0df1231c-9f8a-4757-a7d0-f6d7f53bc482|127.0.0.1:15023, 8eb9963e-bce0-4155-aea2-e442cadff8bd|127.0.0.1:15015]|listeners:[], old=null}
2025-09-19 20:44:27,353 [grpc-default-executor-7] INFO  segmented.SegmentedRaftLogWorker (SegmentedRaftLogWorker.java:rollLogSegment(445)) - 0df1231c-9f8a-4757-a7d0-f6d7f53bc482@group-715EBF8096A7-SegmentedRaftLogWorker: Rolling segment log-7_8 to index:8
2025-09-19 20:44:27,354 [0df1231c-9f8a-4757-a7d0-f6d7f53bc482@group-715EBF8096A7-SegmentedRaftLogWorker] INFO  segmented.SegmentedRaftLogWorker (SegmentedRaftLogWorker.java:execute(604)) - 0df1231c-9f8a-4757-a7d0-f6d7f53bc482@group-715EBF8096A7-SegmentedRaftLogWorker: Rolled log segment from /home/runner/work/ozone/ozone/hadoop-ozone/integration-test/target/test-dir/MiniOzoneClusterImpl-990002c2-bb69-4aa2-bd68-28a5e13e86ef/ozone-metadata/datanode-2/ratis/958000d3-2396-49be-82e9-715ebf8096a7/current/log_inprogress_7 to /home/runner/work/ozone/ozone/hadoop-ozone/integration-test/target/test-dir/MiniOzoneClusterImpl-990002c2-bb69-4aa2-bd68-28a5e13e86ef/ozone-metadata/datanode-2/ratis/958000d3-2396-49be-82e9-715ebf8096a7/current/log_7-8
2025-09-19 20:44:27,355 [0df1231c-9f8a-4757-a7d0-f6d7f53bc482@group-715EBF8096A7-SegmentedRaftLogWorker] INFO  segmented.BufferedWriteChannel (BufferedWriteChannel.java:open(61)) - open log_inprogress_9 at position 0
2025-09-19 20:44:27,359 [8eb9963e-bce0-4155-aea2-e442cadff8bd@group-715EBF8096A7-SegmentedRaftLogWorker] INFO  segmented.SegmentedRaftLogWorker (SegmentedRaftLogWorker.java:execute(647)) - 8eb9963e-bce0-4155-aea2-e442cadff8bd@group-715EBF8096A7-SegmentedRaftLogWorker: created new log segment /home/runner/work/ozone/ozone/hadoop-ozone/integration-test/target/test-dir/MiniOzoneClusterImpl-990002c2-bb69-4aa2-bd68-28a5e13e86ef/ozone-metadata/datanode-1/ratis/958000d3-2396-49be-82e9-715ebf8096a7/current/log_inprogress_9
2025-09-19 20:44:27,360 [0df1231c-9f8a-4757-a7d0-f6d7f53bc482@group-715EBF8096A7-SegmentedRaftLogWorker] INFO  segmented.SegmentedRaftLogWorker (SegmentedRaftLogWorker.java:execute(647)) - 0df1231c-9f8a-4757-a7d0-f6d7f53bc482@group-715EBF8096A7-SegmentedRaftLogWorker: created new log segment /home/runner/work/ozone/ozone/hadoop-ozone/integration-test/target/test-dir/MiniOzoneClusterImpl-990002c2-bb69-4aa2-bd68-28a5e13e86ef/ozone-metadata/datanode-2/ratis/958000d3-2396-49be-82e9-715ebf8096a7/current/log_inprogress_9
2025-09-19 20:44:27,362 [b5a25cc1-46d3-4381-a194-bd68f4526f1c@group-715EBF8096A7-StateMachineUpdater] INFO  server.RaftServer$Division (LeaderStateImpl.java:checkStartIndex(309)) - Leader b5a25cc1-46d3-4381-a194-bd68f4526f1c@group-715EBF8096A7-LeaderStateImpl is ready since appliedIndex == startIndex == 9
2025-09-19 20:44:28,109 [b5a25cc1-46d3-4381-a194-bd68f4526f1c@group-A751954341BD-FollowerState] INFO  impl.FollowerState (FollowerState.java:runImpl(161)) - b5a25cc1-46d3-4381-a194-bd68f4526f1c@group-A751954341BD-FollowerState: change to CANDIDATE, lastRpcElapsedTime:1046418770ns, electionTimeout:1046ms
2025-09-19 20:44:28,110 [b5a25cc1-46d3-4381-a194-bd68f4526f1c@group-A751954341BD-FollowerState] INFO  impl.RoleInfo (RoleInfo.java:shutdownFollowerState(121)) - b5a25cc1-46d3-4381-a194-bd68f4526f1c: shutdown b5a25cc1-46d3-4381-a194-bd68f4526f1c@group-A751954341BD-FollowerState
2025-09-19 20:44:28,110 [b5a25cc1-46d3-4381-a194-bd68f4526f1c@group-A751954341BD-FollowerState] INFO  server.RaftServer$Division (RaftServerImpl.java:setRole(392)) - b5a25cc1-46d3-4381-a194-bd68f4526f1c@group-A751954341BD: changes role from  FOLLOWER to CANDIDATE at term 1 for changeToCandidate
2025-09-19 20:44:28,110 [b5a25cc1-46d3-4381-a194-bd68f4526f1c@group-A751954341BD-FollowerState] INFO  impl.RoleInfo (RoleInfo.java:updateAndGet(148)) - b5a25cc1-46d3-4381-a194-bd68f4526f1c: start b5a25cc1-46d3-4381-a194-bd68f4526f1c@group-A751954341BD-LeaderElection150
2025-09-19 20:44:28,110 [b5a25cc1-46d3-4381-a194-bd68f4526f1c@group-A751954341BD-LeaderElection150] INFO  impl.LeaderElection (LeaderElection.java:askForVotes(448)) - b5a25cc1-46d3-4381-a194-bd68f4526f1c@group-A751954341BD-LeaderElection150 PRE_VOTE round 0: submit vote requests at term 1 for conf: {index: 0, cur=peers:[b5a25cc1-46d3-4381-a194-bd68f4526f1c|127.0.0.1:15031, 0df1231c-9f8a-4757-a7d0-f6d7f53bc482|127.0.0.1:15023, 8eb9963e-bce0-4155-aea2-e442cadff8bd|127.0.0.1:15015]|listeners:[], old=null}
2025-09-19 20:44:28,112 [grpc-default-executor-6] INFO  server.RaftServer$Division (RaftServerImpl.java:requestVote(1421)) - 0df1231c-9f8a-4757-a7d0-f6d7f53bc482@group-A751954341BD: receive requestVote(PRE_VOTE, b5a25cc1-46d3-4381-a194-bd68f4526f1c, group-A751954341BD, 1, (t:1, i:0))
2025-09-19 20:44:28,112 [grpc-default-executor-7] INFO  server.RaftServer$Division (RaftServerImpl.java:requestVote(1421)) - 8eb9963e-bce0-4155-aea2-e442cadff8bd@group-A751954341BD: receive requestVote(PRE_VOTE, b5a25cc1-46d3-4381-a194-bd68f4526f1c, group-A751954341BD, 1, (t:1, i:0))
2025-09-19 20:44:28,112 [grpc-default-executor-6] INFO  impl.VoteContext (VoteContext.java:log(49)) - 0df1231c-9f8a-4757-a7d0-f6d7f53bc482@group-A751954341BD-FOLLOWER: accept PRE_VOTE from b5a25cc1-46d3-4381-a194-bd68f4526f1c: our priority 0 <= candidate's priority 0
2025-09-19 20:44:28,112 [grpc-default-executor-7] INFO  impl.VoteContext (VoteContext.java:log(49)) - 8eb9963e-bce0-4155-aea2-e442cadff8bd@group-A751954341BD-FOLLOWER: reject PRE_VOTE from b5a25cc1-46d3-4381-a194-bd68f4526f1c: our priority 1 > candidate's priority 0
2025-09-19 20:44:28,112 [grpc-default-executor-6] INFO  server.RaftServer$Division (RaftServerImpl.java:requestVote(1455)) - 0df1231c-9f8a-4757-a7d0-f6d7f53bc482@group-A751954341BD replies to PRE_VOTE vote request: b5a25cc1-46d3-4381-a194-bd68f4526f1c<-0df1231c-9f8a-4757-a7d0-f6d7f53bc482#0:OK-t1-last:(t:1, i:0). Peer's state: 0df1231c-9f8a-4757-a7d0-f6d7f53bc482@group-A751954341BD:t1, leader=null, voted=8eb9963e-bce0-4155-aea2-e442cadff8bd, raftlog=Memoized:0df1231c-9f8a-4757-a7d0-f6d7f53bc482@group-A751954341BD-SegmentedRaftLog:OPENED:c0:last(t:1, i:0), conf=conf: {index: 0, cur=peers:[b5a25cc1-46d3-4381-a194-bd68f4526f1c|127.0.0.1:15031, 0df1231c-9f8a-4757-a7d0-f6d7f53bc482|127.0.0.1:15023, 8eb9963e-bce0-4155-aea2-e442cadff8bd|127.0.0.1:15015]|listeners:[], old=null}
2025-09-19 20:44:28,112 [grpc-default-executor-7] INFO  server.RaftServer$Division (RaftServerImpl.java:requestVote(1455)) - 8eb9963e-bce0-4155-aea2-e442cadff8bd@group-A751954341BD replies to PRE_VOTE vote request: b5a25cc1-46d3-4381-a194-bd68f4526f1c<-8eb9963e-bce0-4155-aea2-e442cadff8bd#0:FAIL-t1-last:(t:1, i:0). Peer's state: 8eb9963e-bce0-4155-aea2-e442cadff8bd@group-A751954341BD:t1, leader=null, voted=8eb9963e-bce0-4155-aea2-e442cadff8bd, raftlog=Memoized:8eb9963e-bce0-4155-aea2-e442cadff8bd@group-A751954341BD-SegmentedRaftLog:OPENED:c0:last(t:1, i:0), conf=conf: {index: 0, cur=peers:[b5a25cc1-46d3-4381-a194-bd68f4526f1c|127.0.0.1:15031, 0df1231c-9f8a-4757-a7d0-f6d7f53bc482|127.0.0.1:15023, 8eb9963e-bce0-4155-aea2-e442cadff8bd|127.0.0.1:15015]|listeners:[], old=null}
2025-09-19 20:44:28,113 [b5a25cc1-46d3-4381-a194-bd68f4526f1c@group-A751954341BD-LeaderElection150] INFO  impl.LeaderElection (LeaderElection.java:logAndReturn(206)) - b5a25cc1-46d3-4381-a194-bd68f4526f1c@group-A751954341BD-LeaderElection150: PRE_VOTE REJECTED received 2 response(s) and 0 exception(s):
2025-09-19 20:44:28,113 [b5a25cc1-46d3-4381-a194-bd68f4526f1c@group-A751954341BD-LeaderElection150] INFO  impl.LeaderElection (LeaderElection.java:logAndReturn(210)) -   Response 0: b5a25cc1-46d3-4381-a194-bd68f4526f1c<-0df1231c-9f8a-4757-a7d0-f6d7f53bc482#0:OK-t1-last:(t:1, i:0)
2025-09-19 20:44:28,113 [b5a25cc1-46d3-4381-a194-bd68f4526f1c@group-A751954341BD-LeaderElection150] INFO  impl.LeaderElection (LeaderElection.java:logAndReturn(210)) -   Response 1: b5a25cc1-46d3-4381-a194-bd68f4526f1c<-8eb9963e-bce0-4155-aea2-e442cadff8bd#0:FAIL-t1-last:(t:1, i:0)
2025-09-19 20:44:28,113 [b5a25cc1-46d3-4381-a194-bd68f4526f1c@group-A751954341BD-LeaderElection150] INFO  impl.LeaderElection (LeaderElection.java:askForVotes(450)) - b5a25cc1-46d3-4381-a194-bd68f4526f1c@group-A751954341BD-LeaderElection150 PRE_VOTE round 0: result REJECTED
2025-09-19 20:44:28,113 [b5a25cc1-46d3-4381-a194-bd68f4526f1c@group-A751954341BD-LeaderElection150] INFO  server.RaftServer$Division (RaftServerImpl.java:setRole(392)) - b5a25cc1-46d3-4381-a194-bd68f4526f1c@group-A751954341BD: changes role from CANDIDATE to FOLLOWER at term 1 for REJECTED
2025-09-19 20:44:28,113 [b5a25cc1-46d3-4381-a194-bd68f4526f1c@group-A751954341BD-LeaderElection150] INFO  impl.RoleInfo (RoleInfo.java:shutdownLeaderElection(141)) - b5a25cc1-46d3-4381-a194-bd68f4526f1c: shutdown b5a25cc1-46d3-4381-a194-bd68f4526f1c@group-A751954341BD-LeaderElection150
2025-09-19 20:44:28,113 [b5a25cc1-46d3-4381-a194-bd68f4526f1c@group-A751954341BD-LeaderElection150] INFO  impl.RoleInfo (RoleInfo.java:updateAndGet(148)) - b5a25cc1-46d3-4381-a194-bd68f4526f1c: start b5a25cc1-46d3-4381-a194-bd68f4526f1c@group-A751954341BD-FollowerState
2025-09-19 20:44:28,136 [8eb9963e-bce0-4155-aea2-e442cadff8bd@group-A751954341BD-FollowerState] INFO  impl.FollowerState (FollowerState.java:runImpl(161)) - 8eb9963e-bce0-4155-aea2-e442cadff8bd@group-A751954341BD-FollowerState: change to CANDIDATE, lastRpcElapsedTime:1076450607ns, electionTimeout:1076ms
2025-09-19 20:44:28,136 [8eb9963e-bce0-4155-aea2-e442cadff8bd@group-A751954341BD-FollowerState] INFO  impl.RoleInfo (RoleInfo.java:shutdownFollowerState(121)) - 8eb9963e-bce0-4155-aea2-e442cadff8bd: shutdown 8eb9963e-bce0-4155-aea2-e442cadff8bd@group-A751954341BD-FollowerState
2025-09-19 20:44:28,136 [8eb9963e-bce0-4155-aea2-e442cadff8bd@group-A751954341BD-FollowerState] INFO  server.RaftServer$Division (RaftServerImpl.java:setRole(392)) - 8eb9963e-bce0-4155-aea2-e442cadff8bd@group-A751954341BD: changes role from  FOLLOWER to CANDIDATE at term 1 for changeToCandidate
2025-09-19 20:44:28,136 [8eb9963e-bce0-4155-aea2-e442cadff8bd@group-A751954341BD-FollowerState] INFO  impl.RoleInfo (RoleInfo.java:updateAndGet(148)) - 8eb9963e-bce0-4155-aea2-e442cadff8bd: start 8eb9963e-bce0-4155-aea2-e442cadff8bd@group-A751954341BD-LeaderElection151
2025-09-19 20:44:28,136 [8eb9963e-bce0-4155-aea2-e442cadff8bd@group-A751954341BD-LeaderElection151] INFO  impl.LeaderElection (LeaderElection.java:askForVotes(448)) - 8eb9963e-bce0-4155-aea2-e442cadff8bd@group-A751954341BD-LeaderElection151 PRE_VOTE round 0: submit vote requests at term 1 for conf: {index: 0, cur=peers:[b5a25cc1-46d3-4381-a194-bd68f4526f1c|127.0.0.1:15031, 0df1231c-9f8a-4757-a7d0-f6d7f53bc482|127.0.0.1:15023, 8eb9963e-bce0-4155-aea2-e442cadff8bd|127.0.0.1:15015]|listeners:[], old=null}
2025-09-19 20:44:28,136 [8eb9963e-bce0-4155-aea2-e442cadff8bd@group-A751954341BD-LeaderElection151] INFO  impl.LeaderElection (LogUtils.java:infoOrTrace(142)) - 8eb9963e-bce0-4155-aea2-e442cadff8bd@group-A751954341BD-LeaderElection151 got exception when requesting votes: java.util.concurrent.ExecutionException: org.apache.ratis.thirdparty.io.grpc.StatusRuntimeException: UNAVAILABLE: io exception
2025-09-19 20:44:28,137 [8eb9963e-bce0-4155-aea2-e442cadff8bd@group-A751954341BD-LeaderElection151] INFO  impl.LeaderElection (LogUtils.java:infoOrTrace(142)) - 8eb9963e-bce0-4155-aea2-e442cadff8bd@group-A751954341BD-LeaderElection151 got exception when requesting votes: java.util.concurrent.ExecutionException: org.apache.ratis.thirdparty.io.grpc.StatusRuntimeException: UNAVAILABLE: io exception
2025-09-19 20:44:28,137 [8eb9963e-bce0-4155-aea2-e442cadff8bd@group-A751954341BD-LeaderElection151] INFO  impl.LeaderElection (LeaderElection.java:logAndReturn(206)) - 8eb9963e-bce0-4155-aea2-e442cadff8bd@group-A751954341BD-LeaderElection151: PRE_VOTE REJECTED received 0 response(s) and 2 exception(s):
2025-09-19 20:44:28,137 [8eb9963e-bce0-4155-aea2-e442cadff8bd@group-A751954341BD-LeaderElection151] INFO  impl.LeaderElection (LogUtils.java:infoOrTrace(142)) -   Exception 0: java.util.concurrent.ExecutionException: org.apache.ratis.thirdparty.io.grpc.StatusRuntimeException: UNAVAILABLE: io exception
2025-09-19 20:44:28,137 [8eb9963e-bce0-4155-aea2-e442cadff8bd@group-A751954341BD-LeaderElection151] INFO  impl.LeaderElection (LogUtils.java:infoOrTrace(142)) -   Exception 1: java.util.concurrent.ExecutionException: org.apache.ratis.thirdparty.io.grpc.StatusRuntimeException: UNAVAILABLE: io exception
2025-09-19 20:44:28,137 [8eb9963e-bce0-4155-aea2-e442cadff8bd@group-A751954341BD-LeaderElection151] INFO  impl.LeaderElection (LeaderElection.java:askForVotes(450)) - 8eb9963e-bce0-4155-aea2-e442cadff8bd@group-A751954341BD-LeaderElection151 PRE_VOTE round 0: result REJECTED
2025-09-19 20:44:28,137 [8eb9963e-bce0-4155-aea2-e442cadff8bd@group-A751954341BD-LeaderElection151] INFO  server.RaftServer$Division (RaftServerImpl.java:setRole(392)) - 8eb9963e-bce0-4155-aea2-e442cadff8bd@group-A751954341BD: changes role from CANDIDATE to FOLLOWER at term 1 for REJECTED
2025-09-19 20:44:28,137 [8eb9963e-bce0-4155-aea2-e442cadff8bd@group-A751954341BD-LeaderElection151] INFO  impl.RoleInfo (RoleInfo.java:shutdownLeaderElection(141)) - 8eb9963e-bce0-4155-aea2-e442cadff8bd: shutdown 8eb9963e-bce0-4155-aea2-e442cadff8bd@group-A751954341BD-LeaderElection151
2025-09-19 20:44:28,137 [8eb9963e-bce0-4155-aea2-e442cadff8bd@group-A751954341BD-LeaderElection151] INFO  impl.RoleInfo (RoleInfo.java:updateAndGet(148)) - 8eb9963e-bce0-4155-aea2-e442cadff8bd: start 8eb9963e-bce0-4155-aea2-e442cadff8bd@group-A751954341BD-FollowerState
2025-09-19 20:44:29,056 [grpc-default-executor-7] ERROR impl.OrderedAsync (OrderedAsync.java:lambda$null$6(215)) -  client-A9B9264801B2: Failed* RaftClientRequest:client-A9B9264801B2->b5a25cc1-46d3-4381-a194-bd68f4526f1c@group-A751954341BD, cid=30, seq=1*, Watch(0), null
java.util.concurrent.CompletionException: org.apache.ratis.protocol.exceptions.NotLeaderException: Server b5a25cc1-46d3-4381-a194-bd68f4526f1c@group-A751954341BD is not the leader
	at java.base/java.util.concurrent.CompletableFuture.encodeThrowable(CompletableFuture.java:332)
	at java.base/java.util.concurrent.CompletableFuture.completeThrowable(CompletableFuture.java:347)
	at java.base/java.util.concurrent.CompletableFuture$UniAccept.tryFire(CompletableFuture.java:708)
	at java.base/java.util.concurrent.CompletableFuture.postComplete(CompletableFuture.java:510)
	at java.base/java.util.concurrent.CompletableFuture.completeExceptionally(CompletableFuture.java:2194)
	at org.apache.ratis.grpc.client.GrpcClientProtocolClient$AsyncStreamObservers.completeReplyExceptionally(GrpcClientProtocolClient.java:397)
	at org.apache.ratis.grpc.client.GrpcClientProtocolClient$AsyncStreamObservers.access$000(GrpcClientProtocolClient.java:303)
	at org.apache.ratis.grpc.client.GrpcClientProtocolClient$AsyncStreamObservers$1.onNext(GrpcClientProtocolClient.java:317)
	at org.apache.ratis.grpc.client.GrpcClientProtocolClient$AsyncStreamObservers$1.onNext(GrpcClientProtocolClient.java:308)
	at org.apache.ratis.thirdparty.io.grpc.stub.ClientCalls$StreamObserverToCallListenerAdapter.onMessage(ClientCalls.java:551)
	at org.apache.ratis.thirdparty.io.grpc.ForwardingClientCallListener.onMessage(ForwardingClientCallListener.java:33)
	at org.apache.ratis.thirdparty.io.grpc.internal.ClientCallImpl$ClientStreamListenerImpl$1MessagesAvailable.runInternal(ClientCallImpl.java:661)
	at org.apache.ratis.thirdparty.io.grpc.internal.ClientCallImpl$ClientStreamListenerImpl$1MessagesAvailable.runInContext(ClientCallImpl.java:648)
	at org.apache.ratis.thirdparty.io.grpc.internal.ContextRunnable.run(ContextRunnable.java:37)
	at org.apache.ratis.thirdparty.io.grpc.internal.SerializingExecutor.run(SerializingExecutor.java:133)
	at java.base/java.util.concurrent.ThreadPoolExecutor.runWorker(ThreadPoolExecutor.java:1144)
	at java.base/java.util.concurrent.ThreadPoolExecutor$Worker.run(ThreadPoolExecutor.java:642)
	at java.base/java.lang.Thread.run(Thread.java:1583)
Caused by: org.apache.ratis.protocol.exceptions.NotLeaderException: Server b5a25cc1-46d3-4381-a194-bd68f4526f1c@group-A751954341BD is not the leader
	at org.apache.ratis.client.impl.ClientProtoUtils.toRaftClientReply(ClientProtoUtils.java:402)
	at org.apache.ratis.grpc.client.GrpcClientProtocolClient$AsyncStreamObservers$1.onNext(GrpcClientProtocolClient.java:313)
	... 10 more
2025-09-19 20:44:29,178 [b5a25cc1-46d3-4381-a194-bd68f4526f1c@group-A751954341BD-FollowerState] INFO  impl.FollowerState (FollowerState.java:runImpl(161)) - b5a25cc1-46d3-4381-a194-bd68f4526f1c@group-A751954341BD-FollowerState: change to CANDIDATE, lastRpcElapsedTime:1065286418ns, electionTimeout:1065ms
2025-09-19 20:44:29,178 [b5a25cc1-46d3-4381-a194-bd68f4526f1c@group-A751954341BD-FollowerState] INFO  impl.RoleInfo (RoleInfo.java:shutdownFollowerState(121)) - b5a25cc1-46d3-4381-a194-bd68f4526f1c: shutdown b5a25cc1-46d3-4381-a194-bd68f4526f1c@group-A751954341BD-FollowerState
2025-09-19 20:44:29,178 [b5a25cc1-46d3-4381-a194-bd68f4526f1c@group-A751954341BD-FollowerState] INFO  server.RaftServer$Division (RaftServerImpl.java:setRole(392)) - b5a25cc1-46d3-4381-a194-bd68f4526f1c@group-A751954341BD: changes role from  FOLLOWER to CANDIDATE at term 1 for changeToCandidate
2025-09-19 20:44:29,178 [b5a25cc1-46d3-4381-a194-bd68f4526f1c@group-A751954341BD-FollowerState] INFO  impl.RoleInfo (RoleInfo.java:updateAndGet(148)) - b5a25cc1-46d3-4381-a194-bd68f4526f1c: start b5a25cc1-46d3-4381-a194-bd68f4526f1c@group-A751954341BD-LeaderElection152
2025-09-19 20:44:29,179 [b5a25cc1-46d3-4381-a194-bd68f4526f1c@group-A751954341BD-LeaderElection152] INFO  impl.LeaderElection (LeaderElection.java:askForVotes(448)) - b5a25cc1-46d3-4381-a194-bd68f4526f1c@group-A751954341BD-LeaderElection152 PRE_VOTE round 0: submit vote requests at term 1 for conf: {index: 0, cur=peers:[b5a25cc1-46d3-4381-a194-bd68f4526f1c|127.0.0.1:15031, 0df1231c-9f8a-4757-a7d0-f6d7f53bc482|127.0.0.1:15023, 8eb9963e-bce0-4155-aea2-e442cadff8bd|127.0.0.1:15015]|listeners:[], old=null}
2025-09-19 20:44:29,180 [grpc-default-executor-7] INFO  server.RaftServer$Division (RaftServerImpl.java:requestVote(1421)) - 0df1231c-9f8a-4757-a7d0-f6d7f53bc482@group-A751954341BD: receive requestVote(PRE_VOTE, b5a25cc1-46d3-4381-a194-bd68f4526f1c, group-A751954341BD, 1, (t:1, i:0))
2025-09-19 20:44:29,180 [grpc-default-executor-6] INFO  server.RaftServer$Division (RaftServerImpl.java:requestVote(1421)) - 8eb9963e-bce0-4155-aea2-e442cadff8bd@group-A751954341BD: receive requestVote(PRE_VOTE, b5a25cc1-46d3-4381-a194-bd68f4526f1c, group-A751954341BD, 1, (t:1, i:0))
2025-09-19 20:44:29,180 [grpc-default-executor-6] INFO  impl.VoteContext (VoteContext.java:log(49)) - 8eb9963e-bce0-4155-aea2-e442cadff8bd@group-A751954341BD-FOLLOWER: reject PRE_VOTE from b5a25cc1-46d3-4381-a194-bd68f4526f1c: our priority 1 > candidate's priority 0
2025-09-19 20:44:29,180 [grpc-default-executor-7] INFO  impl.VoteContext (VoteContext.java:log(49)) - 0df1231c-9f8a-4757-a7d0-f6d7f53bc482@group-A751954341BD-FOLLOWER: accept PRE_VOTE from b5a25cc1-46d3-4381-a194-bd68f4526f1c: our priority 0 <= candidate's priority 0
2025-09-19 20:44:29,180 [grpc-default-executor-6] INFO  server.RaftServer$Division (RaftServerImpl.java:requestVote(1455)) - 8eb9963e-bce0-4155-aea2-e442cadff8bd@group-A751954341BD replies to PRE_VOTE vote request: b5a25cc1-46d3-4381-a194-bd68f4526f1c<-8eb9963e-bce0-4155-aea2-e442cadff8bd#0:FAIL-t1-last:(t:1, i:0). Peer's state: 8eb9963e-bce0-4155-aea2-e442cadff8bd@group-A751954341BD:t1, leader=null, voted=8eb9963e-bce0-4155-aea2-e442cadff8bd, raftlog=Memoized:8eb9963e-bce0-4155-aea2-e442cadff8bd@group-A751954341BD-SegmentedRaftLog:OPENED:c0:last(t:1, i:0), conf=conf: {index: 0, cur=peers:[b5a25cc1-46d3-4381-a194-bd68f4526f1c|127.0.0.1:15031, 0df1231c-9f8a-4757-a7d0-f6d7f53bc482|127.0.0.1:15023, 8eb9963e-bce0-4155-aea2-e442cadff8bd|127.0.0.1:15015]|listeners:[], old=null}
2025-09-19 20:44:29,180 [grpc-default-executor-7] INFO  server.RaftServer$Division (RaftServerImpl.java:requestVote(1455)) - 0df1231c-9f8a-4757-a7d0-f6d7f53bc482@group-A751954341BD replies to PRE_VOTE vote request: b5a25cc1-46d3-4381-a194-bd68f4526f1c<-0df1231c-9f8a-4757-a7d0-f6d7f53bc482#0:OK-t1-last:(t:1, i:0). Peer's state: 0df1231c-9f8a-4757-a7d0-f6d7f53bc482@group-A751954341BD:t1, leader=null, voted=8eb9963e-bce0-4155-aea2-e442cadff8bd, raftlog=Memoized:0df1231c-9f8a-4757-a7d0-f6d7f53bc482@group-A751954341BD-SegmentedRaftLog:OPENED:c0:last(t:1, i:0), conf=conf: {index: 0, cur=peers:[b5a25cc1-46d3-4381-a194-bd68f4526f1c|127.0.0.1:15031, 0df1231c-9f8a-4757-a7d0-f6d7f53bc482|127.0.0.1:15023, 8eb9963e-bce0-4155-aea2-e442cadff8bd|127.0.0.1:15015]|listeners:[], old=null}
2025-09-19 20:44:29,181 [b5a25cc1-46d3-4381-a194-bd68f4526f1c@group-A751954341BD-LeaderElection152] INFO  impl.LeaderElection (LeaderElection.java:logAndReturn(206)) - b5a25cc1-46d3-4381-a194-bd68f4526f1c@group-A751954341BD-LeaderElection152: PRE_VOTE REJECTED received 1 response(s) and 0 exception(s):
2025-09-19 20:44:29,181 [b5a25cc1-46d3-4381-a194-bd68f4526f1c@group-A751954341BD-LeaderElection152] INFO  impl.LeaderElection (LeaderElection.java:logAndReturn(210)) -   Response 0: b5a25cc1-46d3-4381-a194-bd68f4526f1c<-8eb9963e-bce0-4155-aea2-e442cadff8bd#0:FAIL-t1-last:(t:1, i:0)
2025-09-19 20:44:29,181 [b5a25cc1-46d3-4381-a194-bd68f4526f1c@group-A751954341BD-LeaderElection152] INFO  impl.LeaderElection (LeaderElection.java:askForVotes(450)) - b5a25cc1-46d3-4381-a194-bd68f4526f1c@group-A751954341BD-LeaderElection152 PRE_VOTE round 0: result REJECTED
2025-09-19 20:44:29,181 [b5a25cc1-46d3-4381-a194-bd68f4526f1c@group-A751954341BD-LeaderElection152] INFO  server.RaftServer$Division (RaftServerImpl.java:setRole(392)) - b5a25cc1-46d3-4381-a194-bd68f4526f1c@group-A751954341BD: changes role from CANDIDATE to FOLLOWER at term 1 for REJECTED
2025-09-19 20:44:29,181 [b5a25cc1-46d3-4381-a194-bd68f4526f1c@group-A751954341BD-LeaderElection152] INFO  impl.RoleInfo (RoleInfo.java:shutdownLeaderElection(141)) - b5a25cc1-46d3-4381-a194-bd68f4526f1c: shutdown b5a25cc1-46d3-4381-a194-bd68f4526f1c@group-A751954341BD-LeaderElection152
2025-09-19 20:44:29,181 [b5a25cc1-46d3-4381-a194-bd68f4526f1c@group-A751954341BD-LeaderElection152] INFO  impl.RoleInfo (RoleInfo.java:updateAndGet(148)) - b5a25cc1-46d3-4381-a194-bd68f4526f1c: start b5a25cc1-46d3-4381-a194-bd68f4526f1c@group-A751954341BD-FollowerState
2025-09-19 20:44:29,182 [8eb9963e-bce0-4155-aea2-e442cadff8bd@group-A751954341BD-FollowerState] INFO  impl.FollowerState (FollowerState.java:runImpl(161)) - 8eb9963e-bce0-4155-aea2-e442cadff8bd@group-A751954341BD-FollowerState: change to CANDIDATE, lastRpcElapsedTime:1045301548ns, electionTimeout:1045ms
2025-09-19 20:44:29,182 [8eb9963e-bce0-4155-aea2-e442cadff8bd@group-A751954341BD-FollowerState] INFO  impl.RoleInfo (RoleInfo.java:shutdownFollowerState(121)) - 8eb9963e-bce0-4155-aea2-e442cadff8bd: shutdown 8eb9963e-bce0-4155-aea2-e442cadff8bd@group-A751954341BD-FollowerState
2025-09-19 20:44:29,182 [8eb9963e-bce0-4155-aea2-e442cadff8bd@group-A751954341BD-FollowerState] INFO  server.RaftServer$Division (RaftServerImpl.java:setRole(392)) - 8eb9963e-bce0-4155-aea2-e442cadff8bd@group-A751954341BD: changes role from  FOLLOWER to CANDIDATE at term 1 for changeToCandidate
2025-09-19 20:44:29,182 [8eb9963e-bce0-4155-aea2-e442cadff8bd@group-A751954341BD-FollowerState] INFO  impl.RoleInfo (RoleInfo.java:updateAndGet(148)) - 8eb9963e-bce0-4155-aea2-e442cadff8bd: start 8eb9963e-bce0-4155-aea2-e442cadff8bd@group-A751954341BD-LeaderElection153
2025-09-19 20:44:29,183 [8eb9963e-bce0-4155-aea2-e442cadff8bd@group-A751954341BD-LeaderElection153] INFO  impl.LeaderElection (LeaderElection.java:askForVotes(448)) - 8eb9963e-bce0-4155-aea2-e442cadff8bd@group-A751954341BD-LeaderElection153 PRE_VOTE round 0: submit vote requests at term 1 for conf: {index: 0, cur=peers:[b5a25cc1-46d3-4381-a194-bd68f4526f1c|127.0.0.1:15031, 0df1231c-9f8a-4757-a7d0-f6d7f53bc482|127.0.0.1:15023, 8eb9963e-bce0-4155-aea2-e442cadff8bd|127.0.0.1:15015]|listeners:[], old=null}
2025-09-19 20:44:29,183 [8eb9963e-bce0-4155-aea2-e442cadff8bd@group-A751954341BD-LeaderElection153] INFO  impl.LeaderElection (LogUtils.java:infoOrTrace(142)) - 8eb9963e-bce0-4155-aea2-e442cadff8bd@group-A751954341BD-LeaderElection153 got exception when requesting votes: java.util.concurrent.ExecutionException: org.apache.ratis.thirdparty.io.grpc.StatusRuntimeException: UNAVAILABLE: io exception
2025-09-19 20:44:29,183 [grpc-default-executor-7] INFO  server.RaftServer$Division (RaftServerImpl.java:requestVote(1421)) - b5a25cc1-46d3-4381-a194-bd68f4526f1c@group-A751954341BD: receive requestVote(PRE_VOTE, 8eb9963e-bce0-4155-aea2-e442cadff8bd, group-A751954341BD, 1, (t:1, i:0))
2025-09-19 20:44:29,183 [grpc-default-executor-7] INFO  impl.VoteContext (VoteContext.java:log(49)) - b5a25cc1-46d3-4381-a194-bd68f4526f1c@group-A751954341BD-FOLLOWER: accept PRE_VOTE from 8eb9963e-bce0-4155-aea2-e442cadff8bd: our priority 0 <= candidate's priority 1
2025-09-19 20:44:29,184 [grpc-default-executor-7] INFO  server.RaftServer$Division (RaftServerImpl.java:requestVote(1455)) - b5a25cc1-46d3-4381-a194-bd68f4526f1c@group-A751954341BD replies to PRE_VOTE vote request: 8eb9963e-bce0-4155-aea2-e442cadff8bd<-b5a25cc1-46d3-4381-a194-bd68f4526f1c#0:OK-t1-last:(t:1, i:0). Peer's state: b5a25cc1-46d3-4381-a194-bd68f4526f1c@group-A751954341BD:t1, leader=null, voted=8eb9963e-bce0-4155-aea2-e442cadff8bd, raftlog=Memoized:b5a25cc1-46d3-4381-a194-bd68f4526f1c@group-A751954341BD-SegmentedRaftLog:OPENED:c0:last(t:1, i:0), conf=conf: {index: 0, cur=peers:[b5a25cc1-46d3-4381-a194-bd68f4526f1c|127.0.0.1:15031, 0df1231c-9f8a-4757-a7d0-f6d7f53bc482|127.0.0.1:15023, 8eb9963e-bce0-4155-aea2-e442cadff8bd|127.0.0.1:15015]|listeners:[], old=null}
2025-09-19 20:44:29,184 [8eb9963e-bce0-4155-aea2-e442cadff8bd@group-A751954341BD-LeaderElection153] INFO  impl.LeaderElection (LeaderElection.java:logAndReturn(206)) - 8eb9963e-bce0-4155-aea2-e442cadff8bd@group-A751954341BD-LeaderElection153: PRE_VOTE PASSED received 1 response(s) and 1 exception(s):
2025-09-19 20:44:29,184 [8eb9963e-bce0-4155-aea2-e442cadff8bd@group-A751954341BD-LeaderElection153] INFO  impl.LeaderElection (LeaderElection.java:logAndReturn(210)) -   Response 0: 8eb9963e-bce0-4155-aea2-e442cadff8bd<-b5a25cc1-46d3-4381-a194-bd68f4526f1c#0:OK-t1-last:(t:1, i:0)
2025-09-19 20:44:29,184 [8eb9963e-bce0-4155-aea2-e442cadff8bd@group-A751954341BD-LeaderElection153] INFO  impl.LeaderElection (LogUtils.java:infoOrTrace(142)) -   Exception 1: java.util.concurrent.ExecutionException: org.apache.ratis.thirdparty.io.grpc.StatusRuntimeException: UNAVAILABLE: io exception
2025-09-19 20:44:29,184 [8eb9963e-bce0-4155-aea2-e442cadff8bd@group-A751954341BD-LeaderElection153] INFO  impl.LeaderElection (LeaderElection.java:askForVotes(450)) - 8eb9963e-bce0-4155-aea2-e442cadff8bd@group-A751954341BD-LeaderElection153 PRE_VOTE round 0: result PASSED
2025-09-19 20:44:29,185 [8eb9963e-bce0-4155-aea2-e442cadff8bd@group-A751954341BD-LeaderElection153] INFO  impl.LeaderElection (LeaderElection.java:askForVotes(448)) - 8eb9963e-bce0-4155-aea2-e442cadff8bd@group-A751954341BD-LeaderElection153 ELECTION round 0: submit vote requests at term 2 for conf: {index: 0, cur=peers:[b5a25cc1-46d3-4381-a194-bd68f4526f1c|127.0.0.1:15031, 0df1231c-9f8a-4757-a7d0-f6d7f53bc482|127.0.0.1:15023, 8eb9963e-bce0-4155-aea2-e442cadff8bd|127.0.0.1:15015]|listeners:[], old=null}
2025-09-19 20:44:29,186 [8eb9963e-bce0-4155-aea2-e442cadff8bd@group-A751954341BD-LeaderElection153] INFO  impl.LeaderElection (LogUtils.java:infoOrTrace(142)) - 8eb9963e-bce0-4155-aea2-e442cadff8bd@group-A751954341BD-LeaderElection153 got exception when requesting votes: java.util.concurrent.ExecutionException: org.apache.ratis.thirdparty.io.grpc.StatusRuntimeException: UNAVAILABLE: io exception
2025-09-19 20:44:29,186 [grpc-default-executor-7] INFO  server.RaftServer$Division (RaftServerImpl.java:requestVote(1421)) - b5a25cc1-46d3-4381-a194-bd68f4526f1c@group-A751954341BD: receive requestVote(ELECTION, 8eb9963e-bce0-4155-aea2-e442cadff8bd, group-A751954341BD, 2, (t:1, i:0))
2025-09-19 20:44:29,186 [grpc-default-executor-7] INFO  impl.VoteContext (VoteContext.java:log(49)) - b5a25cc1-46d3-4381-a194-bd68f4526f1c@group-A751954341BD-FOLLOWER: accept ELECTION from 8eb9963e-bce0-4155-aea2-e442cadff8bd: our priority 0 <= candidate's priority 1
2025-09-19 20:44:29,186 [grpc-default-executor-7] INFO  server.RaftServer$Division (RaftServerImpl.java:setRole(392)) - b5a25cc1-46d3-4381-a194-bd68f4526f1c@group-A751954341BD: changes role from  FOLLOWER to FOLLOWER at term 1 for candidate:8eb9963e-bce0-4155-aea2-e442cadff8bd
2025-09-19 20:44:29,186 [grpc-default-executor-7] INFO  impl.RoleInfo (RoleInfo.java:shutdownFollowerState(121)) - b5a25cc1-46d3-4381-a194-bd68f4526f1c: shutdown b5a25cc1-46d3-4381-a194-bd68f4526f1c@group-A751954341BD-FollowerState
2025-09-19 20:44:29,186 [grpc-default-executor-7] INFO  impl.RoleInfo (RoleInfo.java:updateAndGet(148)) - b5a25cc1-46d3-4381-a194-bd68f4526f1c: start b5a25cc1-46d3-4381-a194-bd68f4526f1c@group-A751954341BD-FollowerState
2025-09-19 20:44:29,186 [b5a25cc1-46d3-4381-a194-bd68f4526f1c@group-A751954341BD-FollowerState] INFO  impl.FollowerState (FollowerState.java:runImpl(170)) - b5a25cc1-46d3-4381-a194-bd68f4526f1c@group-A751954341BD-FollowerState was interrupted
2025-09-19 20:44:29,187 [grpc-default-executor-7] INFO  server.RaftServer$Division (RaftServerImpl.java:requestVote(1455)) - b5a25cc1-46d3-4381-a194-bd68f4526f1c@group-A751954341BD replies to ELECTION vote request: 8eb9963e-bce0-4155-aea2-e442cadff8bd<-b5a25cc1-46d3-4381-a194-bd68f4526f1c#0:OK-t2-last:(t:1, i:0). Peer's state: b5a25cc1-46d3-4381-a194-bd68f4526f1c@group-A751954341BD:t2, leader=null, voted=8eb9963e-bce0-4155-aea2-e442cadff8bd, raftlog=Memoized:b5a25cc1-46d3-4381-a194-bd68f4526f1c@group-A751954341BD-SegmentedRaftLog:OPENED:c0:last(t:1, i:0), conf=conf: {index: 0, cur=peers:[b5a25cc1-46d3-4381-a194-bd68f4526f1c|127.0.0.1:15031, 0df1231c-9f8a-4757-a7d0-f6d7f53bc482|127.0.0.1:15023, 8eb9963e-bce0-4155-aea2-e442cadff8bd|127.0.0.1:15015]|listeners:[], old=null}
2025-09-19 20:44:29,188 [8eb9963e-bce0-4155-aea2-e442cadff8bd@group-A751954341BD-LeaderElection153] INFO  impl.LeaderElection (LeaderElection.java:logAndReturn(206)) - 8eb9963e-bce0-4155-aea2-e442cadff8bd@group-A751954341BD-LeaderElection153: ELECTION PASSED received 1 response(s) and 1 exception(s):
2025-09-19 20:44:29,188 [8eb9963e-bce0-4155-aea2-e442cadff8bd@group-A751954341BD-LeaderElection153] INFO  impl.LeaderElection (LeaderElection.java:logAndReturn(210)) -   Response 0: 8eb9963e-bce0-4155-aea2-e442cadff8bd<-b5a25cc1-46d3-4381-a194-bd68f4526f1c#0:OK-t2-last:(t:1, i:0)
2025-09-19 20:44:29,188 [8eb9963e-bce0-4155-aea2-e442cadff8bd@group-A751954341BD-LeaderElection153] INFO  impl.LeaderElection (LogUtils.java:infoOrTrace(142)) -   Exception 1: java.util.concurrent.ExecutionException: org.apache.ratis.thirdparty.io.grpc.StatusRuntimeException: UNAVAILABLE: io exception
2025-09-19 20:44:29,188 [8eb9963e-bce0-4155-aea2-e442cadff8bd@group-A751954341BD-LeaderElection153] INFO  impl.LeaderElection (LeaderElection.java:askForVotes(450)) - 8eb9963e-bce0-4155-aea2-e442cadff8bd@group-A751954341BD-LeaderElection153 ELECTION round 0: result PASSED
2025-09-19 20:44:29,188 [8eb9963e-bce0-4155-aea2-e442cadff8bd@group-A751954341BD-LeaderElection153] INFO  impl.RoleInfo (RoleInfo.java:shutdownLeaderElection(141)) - 8eb9963e-bce0-4155-aea2-e442cadff8bd: shutdown 8eb9963e-bce0-4155-aea2-e442cadff8bd@group-A751954341BD-LeaderElection153
2025-09-19 20:44:29,188 [8eb9963e-bce0-4155-aea2-e442cadff8bd@group-A751954341BD-LeaderElection153] INFO  server.RaftServer$Division (RaftServerImpl.java:setRole(392)) - 8eb9963e-bce0-4155-aea2-e442cadff8bd@group-A751954341BD: changes role from CANDIDATE to LEADER at term 2 for changeToLeader
2025-09-19 20:44:29,188 [8eb9963e-bce0-4155-aea2-e442cadff8bd@group-A751954341BD-LeaderElection153] INFO  server.RaftServerConfigKeys (ConfUtils.java:logFallback(69)) - raft.server.staging.timeout = 3600ms (fallback to raft.server.rpc.timeout.max)
2025-09-19 20:44:29,188 [8eb9963e-bce0-4155-aea2-e442cadff8bd@group-A751954341BD-LeaderElection153] INFO  server.RaftServerConfigKeys (ConfUtils.java:logGet(62)) - raft.server.write.byte-limit = 1024 M (=1073741824) (custom)
2025-09-19 20:44:29,189 [8eb9963e-bce0-4155-aea2-e442cadff8bd@group-A751954341BD-LeaderElection153] INFO  server.RaftServerConfigKeys (ConfUtils.java:logGet(62)) - raft.server.log.appender.buffer.byte-limit = 33554432 (custom)
2025-09-19 20:44:29,190 [8eb9963e-bce0-4155-aea2-e442cadff8bd@group-A751954341BD-LeaderElection153] INFO  server.RaftServerConfigKeys (ConfUtils.java:logGet(62)) - raft.server.log.appender.buffer.byte-limit = 33554432 (custom)
2025-09-19 20:44:29,191 [8eb9963e-bce0-4155-aea2-e442cadff8bd@group-A751954341BD-LeaderElection153] INFO  impl.RoleInfo (RoleInfo.java:updateAndGet(148)) - 8eb9963e-bce0-4155-aea2-e442cadff8bd: start 8eb9963e-bce0-4155-aea2-e442cadff8bd@group-A751954341BD-LeaderStateImpl
2025-09-19 20:44:29,191 [8eb9963e-bce0-4155-aea2-e442cadff8bd@group-A751954341BD-LeaderElection153] INFO  ratis.XceiverServerRatis (XceiverServerRatis.java:handleLeaderChangedNotification(942)) - Leader change notification received for group: group-A751954341BD with new leaderId: 8eb9963e-bce0-4155-aea2-e442cadff8bd
2025-09-19 20:44:29,191 [8eb9963e-bce0-4155-aea2-e442cadff8bd@group-A751954341BD-LeaderElection153] INFO  server.RaftServer$Division (ServerState.java:setLeader(272)) - 8eb9963e-bce0-4155-aea2-e442cadff8bd@group-A751954341BD: change Leader from null to 8eb9963e-bce0-4155-aea2-e442cadff8bd at term 2 for becomeLeader, leader elected after 71705ms
2025-09-19 20:44:29,191 [8eb9963e-bce0-4155-aea2-e442cadff8bd@group-A751954341BD-LeaderElection153] INFO  segmented.SegmentedRaftLogWorker (SegmentedRaftLogWorker.java:rollLogSegment(445)) - 8eb9963e-bce0-4155-aea2-e442cadff8bd@group-A751954341BD-SegmentedRaftLogWorker: Rolling segment log-0_0 to index:0
2025-09-19 20:44:29,191 [8eb9963e-bce0-4155-aea2-e442cadff8bd@group-A751954341BD-LeaderElection153] INFO  server.RaftServer$Division (ServerState.java:setRaftConf(386)) - 8eb9963e-bce0-4155-aea2-e442cadff8bd@group-A751954341BD: set configuration conf: {index: 1, cur=peers:[b5a25cc1-46d3-4381-a194-bd68f4526f1c|127.0.0.1:15031, 0df1231c-9f8a-4757-a7d0-f6d7f53bc482|127.0.0.1:15023, 8eb9963e-bce0-4155-aea2-e442cadff8bd|127.0.0.1:15015]|listeners:[], old=null}
2025-09-19 20:44:29,192 [grpc-default-executor-7] WARN  server.GrpcLogAppender (LogUtils.java:warn(127)) - 8eb9963e-bce0-4155-aea2-e442cadff8bd@group-A751954341BD->0df1231c-9f8a-4757-a7d0-f6d7f53bc482-AppendLogResponseHandler: Failed appendEntries: org.apache.ratis.thirdparty.io.grpc.StatusRuntimeException: UNAVAILABLE: io exception
  Caused by: org.apache.ratis.thirdparty.io.netty.channel.AbstractChannel$AnnotatedConnectException: finishConnect(..) failed: Connection refused: /127.0.0.1:15023
  Caused by: java.net.ConnectException: finishConnect(..) failed: Connection refused
2025-09-19 20:44:29,193 [grpc-default-executor-7] WARN  server.GrpcLogAppender (GrpcLogAppender.java:lambda$resetClient$1(228)) - 8eb9963e-bce0-4155-aea2-e442cadff8bd@group-A751954341BD->0df1231c-9f8a-4757-a7d0-f6d7f53bc482-GrpcLogAppender: Follower failed (request=null, errorCount=1); keep nextIndex (1) unchanged and retry.
2025-09-19 20:44:29,193 [8eb9963e-bce0-4155-aea2-e442cadff8bd@group-A751954341BD-SegmentedRaftLogWorker] INFO  segmented.SegmentedRaftLogWorker (SegmentedRaftLogWorker.java:execute(604)) - 8eb9963e-bce0-4155-aea2-e442cadff8bd@group-A751954341BD-SegmentedRaftLogWorker: Rolled log segment from /home/runner/work/ozone/ozone/hadoop-ozone/integration-test/target/test-dir/MiniOzoneClusterImpl-990002c2-bb69-4aa2-bd68-28a5e13e86ef/ozone-metadata/datanode-1/ratis/e102d630-0766-4c9c-a6ac-a751954341bd/current/log_inprogress_0 to /home/runner/work/ozone/ozone/hadoop-ozone/integration-test/target/test-dir/MiniOzoneClusterImpl-990002c2-bb69-4aa2-bd68-28a5e13e86ef/ozone-metadata/datanode-1/ratis/e102d630-0766-4c9c-a6ac-a751954341bd/current/log_0-0
2025-09-19 20:44:29,193 [8eb9963e-bce0-4155-aea2-e442cadff8bd@group-A751954341BD-SegmentedRaftLogWorker] INFO  segmented.BufferedWriteChannel (BufferedWriteChannel.java:open(61)) - open log_inprogress_1 at position 0
2025-09-19 20:44:29,193 [grpc-default-executor-6] INFO  ratis.XceiverServerRatis (XceiverServerRatis.java:handleLeaderChangedNotification(942)) - Leader change notification received for group: group-A751954341BD with new leaderId: 8eb9963e-bce0-4155-aea2-e442cadff8bd
2025-09-19 20:44:29,193 [grpc-default-executor-6] INFO  server.RaftServer$Division (ServerState.java:setLeader(272)) - b5a25cc1-46d3-4381-a194-bd68f4526f1c@group-A751954341BD: change Leader from null to 8eb9963e-bce0-4155-aea2-e442cadff8bd at term 2 for appendEntries, leader elected after 5097ms
2025-09-19 20:44:29,196 [grpc-default-executor-6] INFO  server.RaftServer$Division (ServerState.java:setRaftConf(386)) - b5a25cc1-46d3-4381-a194-bd68f4526f1c@group-A751954341BD: set configuration conf: {index: 1, cur=peers:[b5a25cc1-46d3-4381-a194-bd68f4526f1c|127.0.0.1:15031, 0df1231c-9f8a-4757-a7d0-f6d7f53bc482|127.0.0.1:15023, 8eb9963e-bce0-4155-aea2-e442cadff8bd|127.0.0.1:15015]|listeners:[], old=null}
2025-09-19 20:44:29,196 [grpc-default-executor-6] INFO  segmented.SegmentedRaftLogWorker (SegmentedRaftLogWorker.java:rollLogSegment(445)) - b5a25cc1-46d3-4381-a194-bd68f4526f1c@group-A751954341BD-SegmentedRaftLogWorker: Rolling segment log-0_0 to index:0
2025-09-19 20:44:29,197 [b5a25cc1-46d3-4381-a194-bd68f4526f1c@group-A751954341BD-SegmentedRaftLogWorker] INFO  segmented.SegmentedRaftLogWorker (SegmentedRaftLogWorker.java:execute(604)) - b5a25cc1-46d3-4381-a194-bd68f4526f1c@group-A751954341BD-SegmentedRaftLogWorker: Rolled log segment from /home/runner/work/ozone/ozone/hadoop-ozone/integration-test/target/test-dir/MiniOzoneClusterImpl-990002c2-bb69-4aa2-bd68-28a5e13e86ef/ozone-metadata/datanode-3/ratis/e102d630-0766-4c9c-a6ac-a751954341bd/current/log_inprogress_0 to /home/runner/work/ozone/ozone/hadoop-ozone/integration-test/target/test-dir/MiniOzoneClusterImpl-990002c2-bb69-4aa2-bd68-28a5e13e86ef/ozone-metadata/datanode-3/ratis/e102d630-0766-4c9c-a6ac-a751954341bd/current/log_0-0
2025-09-19 20:44:29,197 [b5a25cc1-46d3-4381-a194-bd68f4526f1c@group-A751954341BD-SegmentedRaftLogWorker] INFO  segmented.BufferedWriteChannel (BufferedWriteChannel.java:open(61)) - open log_inprogress_1 at position 0
2025-09-19 20:44:29,197 [grpc-default-executor-8] INFO  server.RaftServer$Division (RaftServerImpl.java:setFirstElection(576)) - 0df1231c-9f8a-4757-a7d0-f6d7f53bc482@group-A751954341BD: set firstElectionSinceStartup to false for appendEntries
2025-09-19 20:44:29,197 [grpc-default-executor-8] INFO  ratis.XceiverServerRatis (XceiverServerRatis.java:handleLeaderChangedNotification(942)) - Leader change notification received for group: group-A751954341BD with new leaderId: 8eb9963e-bce0-4155-aea2-e442cadff8bd
2025-09-19 20:44:29,197 [grpc-default-executor-8] INFO  server.RaftServer$Division (ServerState.java:setLeader(272)) - 0df1231c-9f8a-4757-a7d0-f6d7f53bc482@group-A751954341BD: change Leader from null to 8eb9963e-bce0-4155-aea2-e442cadff8bd at term 2 for appendEntries, leader elected after 4854ms
2025-09-19 20:44:29,198 [grpc-default-executor-8] INFO  server.RaftServer$Division (ServerState.java:setRaftConf(386)) - 0df1231c-9f8a-4757-a7d0-f6d7f53bc482@group-A751954341BD: set configuration conf: {index: 1, cur=peers:[b5a25cc1-46d3-4381-a194-bd68f4526f1c|127.0.0.1:15031, 0df1231c-9f8a-4757-a7d0-f6d7f53bc482|127.0.0.1:15023, 8eb9963e-bce0-4155-aea2-e442cadff8bd|127.0.0.1:15015]|listeners:[], old=null}
2025-09-19 20:44:29,199 [grpc-default-executor-8] INFO  segmented.SegmentedRaftLogWorker (SegmentedRaftLogWorker.java:rollLogSegment(445)) - 0df1231c-9f8a-4757-a7d0-f6d7f53bc482@group-A751954341BD-SegmentedRaftLogWorker: Rolling segment log-0_0 to index:0
2025-09-19 20:44:29,199 [0df1231c-9f8a-4757-a7d0-f6d7f53bc482@group-A751954341BD-SegmentedRaftLogWorker] INFO  segmented.SegmentedRaftLogWorker (SegmentedRaftLogWorker.java:execute(604)) - 0df1231c-9f8a-4757-a7d0-f6d7f53bc482@group-A751954341BD-SegmentedRaftLogWorker: Rolled log segment from /home/runner/work/ozone/ozone/hadoop-ozone/integration-test/target/test-dir/MiniOzoneClusterImpl-990002c2-bb69-4aa2-bd68-28a5e13e86ef/ozone-metadata/datanode-2/ratis/e102d630-0766-4c9c-a6ac-a751954341bd/current/log_inprogress_0 to /home/runner/work/ozone/ozone/hadoop-ozone/integration-test/target/test-dir/MiniOzoneClusterImpl-990002c2-bb69-4aa2-bd68-28a5e13e86ef/ozone-metadata/datanode-2/ratis/e102d630-0766-4c9c-a6ac-a751954341bd/current/log_0-0
2025-09-19 20:44:29,200 [0df1231c-9f8a-4757-a7d0-f6d7f53bc482@group-A751954341BD-SegmentedRaftLogWorker] INFO  segmented.BufferedWriteChannel (BufferedWriteChannel.java:open(61)) - open log_inprogress_1 at position 0
2025-09-19 20:44:29,200 [8eb9963e-bce0-4155-aea2-e442cadff8bd@group-A751954341BD-SegmentedRaftLogWorker] INFO  segmented.SegmentedRaftLogWorker (SegmentedRaftLogWorker.java:execute(647)) - 8eb9963e-bce0-4155-aea2-e442cadff8bd@group-A751954341BD-SegmentedRaftLogWorker: created new log segment /home/runner/work/ozone/ozone/hadoop-ozone/integration-test/target/test-dir/MiniOzoneClusterImpl-990002c2-bb69-4aa2-bd68-28a5e13e86ef/ozone-metadata/datanode-1/ratis/e102d630-0766-4c9c-a6ac-a751954341bd/current/log_inprogress_1
2025-09-19 20:44:29,206 [b5a25cc1-46d3-4381-a194-bd68f4526f1c@group-A751954341BD-SegmentedRaftLogWorker] INFO  segmented.SegmentedRaftLogWorker (SegmentedRaftLogWorker.java:execute(647)) - b5a25cc1-46d3-4381-a194-bd68f4526f1c@group-A751954341BD-SegmentedRaftLogWorker: created new log segment /home/runner/work/ozone/ozone/hadoop-ozone/integration-test/target/test-dir/MiniOzoneClusterImpl-990002c2-bb69-4aa2-bd68-28a5e13e86ef/ozone-metadata/datanode-3/ratis/e102d630-0766-4c9c-a6ac-a751954341bd/current/log_inprogress_1
2025-09-19 20:44:29,207 [0df1231c-9f8a-4757-a7d0-f6d7f53bc482@group-A751954341BD-SegmentedRaftLogWorker] INFO  segmented.SegmentedRaftLogWorker (SegmentedRaftLogWorker.java:execute(647)) - 0df1231c-9f8a-4757-a7d0-f6d7f53bc482@group-A751954341BD-SegmentedRaftLogWorker: created new log segment /home/runner/work/ozone/ozone/hadoop-ozone/integration-test/target/test-dir/MiniOzoneClusterImpl-990002c2-bb69-4aa2-bd68-28a5e13e86ef/ozone-metadata/datanode-2/ratis/e102d630-0766-4c9c-a6ac-a751954341bd/current/log_inprogress_1
2025-09-19 20:44:29,208 [8eb9963e-bce0-4155-aea2-e442cadff8bd@group-A751954341BD-StateMachineUpdater] INFO  server.RaftServer$Division (LeaderStateImpl.java:checkStartIndex(309)) - Leader 8eb9963e-bce0-4155-aea2-e442cadff8bd@group-A751954341BD-LeaderStateImpl is ready since appliedIndex == startIndex == 1
2025-09-19 20:44:31,095 [timer3] WARN  server.GrpcLogAppender (GrpcLogAppender.java:lambda$onNextImpl$0(527)) - 0df1231c-9f8a-4757-a7d0-f6d7f53bc482@group-715EBF8096A7->b5a25cc1-46d3-4381-a194-bd68f4526f1c-AppendLogResponseHandler: received INCONSISTENCY reply with nextIndex 5, errorCount=1, request=AppendEntriesRequest:cid=0,entriesCount=0  (Repeated 2 times in the last 5.000s)
2025-09-19 20:44:32,323 [timer2] INFO  server.GrpcServerProtocolService (GrpcServerProtocolService.java:lambda$onCompleted$6(171)) - 8eb9963e-bce0-4155-aea2-e442cadff8bd: Completed APPEND_ENTRIES, lastRequest: null  (Repeated 2 times in the last 5.000s)
2025-09-19 20:44:32,323 [timer3] INFO  server.GrpcServerProtocolService (GrpcServerProtocolService.java:lambda$null$7(175)) - 8eb9963e-bce0-4155-aea2-e442cadff8bd: Completed APPEND_ENTRIES, lastReply: serverReply {
  requestorId: "0df1231c-9f8a-4757-a7d0-f6d7f53bc482"
  replyId: "8eb9963e-bce0-4155-aea2-e442cadff8bd"
  raftGroupId {
    id: "\225\200\000\323#\226I\276\202\351q^\277\200\226\247"
  }
  callId: 7
  success: true
}
term: 3
nextIndex: 9
followerCommit: 8
matchIndex: 18446744073709551615
isHearbeat: true
  (Repeated 2 times in the last 5.000s)
2025-09-19 20:44:32,324 [timer4] INFO  server.GrpcServerProtocolService (GrpcServerProtocolService.java:lambda$onCompleted$6(171)) - b5a25cc1-46d3-4381-a194-bd68f4526f1c: Completed APPEND_ENTRIES, lastRequest: 0df1231c-9f8a-4757-a7d0-f6d7f53bc482->b5a25cc1-46d3-4381-a194-bd68f4526f1c#3-t3,previous=(t:3, i:7),leaderCommit=7,initializing? false,entries: size=1, first=(t:3, i:8), METADATAENTRY(c:7)  (Repeated 2 times in the last 5.000s)
2025-09-19 20:44:32,324 [timer5] INFO  server.GrpcServerProtocolService (GrpcServerProtocolService.java:lambda$null$7(175)) - b5a25cc1-46d3-4381-a194-bd68f4526f1c: Completed APPEND_ENTRIES, lastReply: null  (Repeated 2 times in the last 5.000s)
2025-09-19 20:44:35,524 [grpc-default-executor-7] ERROR impl.OrderedAsync (OrderedAsync.java:lambda$null$6(215)) -  client-A9B9264801B2: Failed* RaftClientRequest:client-A9B9264801B2->0df1231c-9f8a-4757-a7d0-f6d7f53bc482@group-A751954341BD, cid=30, seq=1*, Watch(0), null
java.util.concurrent.CompletionException: org.apache.ratis.protocol.exceptions.NotLeaderException: Server 0df1231c-9f8a-4757-a7d0-f6d7f53bc482@group-A751954341BD is not the leader, suggested leader is: 8eb9963e-bce0-4155-aea2-e442cadff8bd|127.0.0.1:15015
	at java.base/java.util.concurrent.CompletableFuture.encodeThrowable(CompletableFuture.java:332)
	at java.base/java.util.concurrent.CompletableFuture.completeThrowable(CompletableFuture.java:347)
	at java.base/java.util.concurrent.CompletableFuture$UniAccept.tryFire(CompletableFuture.java:708)
	at java.base/java.util.concurrent.CompletableFuture.postComplete(CompletableFuture.java:510)
	at java.base/java.util.concurrent.CompletableFuture.completeExceptionally(CompletableFuture.java:2194)
	at org.apache.ratis.grpc.client.GrpcClientProtocolClient$AsyncStreamObservers.completeReplyExceptionally(GrpcClientProtocolClient.java:397)
	at org.apache.ratis.grpc.client.GrpcClientProtocolClient$AsyncStreamObservers.access$000(GrpcClientProtocolClient.java:303)
	at org.apache.ratis.grpc.client.GrpcClientProtocolClient$AsyncStreamObservers$1.onNext(GrpcClientProtocolClient.java:317)
	at org.apache.ratis.grpc.client.GrpcClientProtocolClient$AsyncStreamObservers$1.onNext(GrpcClientProtocolClient.java:308)
	at org.apache.ratis.thirdparty.io.grpc.stub.ClientCalls$StreamObserverToCallListenerAdapter.onMessage(ClientCalls.java:551)
	at org.apache.ratis.thirdparty.io.grpc.ForwardingClientCallListener.onMessage(ForwardingClientCallListener.java:33)
	at org.apache.ratis.thirdparty.io.grpc.internal.DelayedClientCall$DelayedListener.onMessage(DelayedClientCall.java:473)
	at org.apache.ratis.thirdparty.io.grpc.internal.ClientCallImpl$ClientStreamListenerImpl$1MessagesAvailable.runInternal(ClientCallImpl.java:661)
	at org.apache.ratis.thirdparty.io.grpc.internal.ClientCallImpl$ClientStreamListenerImpl$1MessagesAvailable.runInContext(ClientCallImpl.java:648)
	at org.apache.ratis.thirdparty.io.grpc.internal.ContextRunnable.run(ContextRunnable.java:37)
	at org.apache.ratis.thirdparty.io.grpc.internal.SerializingExecutor.run(SerializingExecutor.java:133)
	at java.base/java.util.concurrent.ThreadPoolExecutor.runWorker(ThreadPoolExecutor.java:1144)
	at java.base/java.util.concurrent.ThreadPoolExecutor$Worker.run(ThreadPoolExecutor.java:642)
	at java.base/java.lang.Thread.run(Thread.java:1583)
Caused by: org.apache.ratis.protocol.exceptions.NotLeaderException: Server 0df1231c-9f8a-4757-a7d0-f6d7f53bc482@group-A751954341BD is not the leader, suggested leader is: 8eb9963e-bce0-4155-aea2-e442cadff8bd|127.0.0.1:15015
	at org.apache.ratis.client.impl.ClientProtoUtils.toRaftClientReply(ClientProtoUtils.java:402)
	at org.apache.ratis.grpc.client.GrpcClientProtocolClient$AsyncStreamObservers$1.onNext(GrpcClientProtocolClient.java:313)
	... 11 more
2025-09-19 20:44:35,555 [EventQueue-CloseContainerForCloseContainerEventHandler] INFO  container.CloseContainerEventHandler (CloseContainerEventHandler.java:onMessage(88)) - Close container Event triggered for container : #4, current state: OPEN
2025-09-19 20:44:35,562 [EventQueue-CloseContainerForCloseContainerEventHandler] INFO  container.CloseContainerEventHandler (CloseContainerEventHandler.java:onMessage(88)) - Close container Event triggered for container : #4, current state: CLOSING
2025-09-19 20:44:35,562 [EventQueue-CloseContainerForCloseContainerEventHandler] INFO  container.CloseContainerEventHandler (CloseContainerEventHandler.java:onMessage(88)) - Close container Event triggered for container : #4, current state: CLOSING
2025-09-19 20:44:38,547 [0df1231c-9f8a-4757-a7d0-f6d7f53bc482-CloseContainerThread-0] INFO  commandhandler.CloseContainerCommandHandler (CloseContainerCommandHandler.java:lambda$handle$0(154)) - Follower cannot close container #4.
2025-09-19 20:44:38,552 [8eb9963e-bce0-4155-aea2-e442cadff8bd-ContainerOp-e102d630-0766-4c9c-a6ac-a751954341bd-2] INFO  keyvalue.KeyValueContainer (KeyValueContainer.java:flushAndSyncDB(514)) - Synced container: KeyValueContainerData #4 (CLOSING, non-empty, ri=0, origin=[dn_8eb9963e-bce0-4155-aea2-e442cadff8bd, pipeline_e102d630-0766-4c9c-a6ac-a751954341bd])
2025-09-19 20:44:38,552 [8eb9963e-bce0-4155-aea2-e442cadff8bd-ContainerOp-e102d630-0766-4c9c-a6ac-a751954341bd-2] INFO  keyvalue.KeyValueContainer (KeyValueContainer.java:flushAndSyncDB(514)) - Synced container: KeyValueContainerData #4 (CLOSING, non-empty, ri=0, origin=[dn_8eb9963e-bce0-4155-aea2-e442cadff8bd, pipeline_e102d630-0766-4c9c-a6ac-a751954341bd])
2025-09-19 20:44:38,555 [0df1231c-9f8a-4757-a7d0-f6d7f53bc482-ContainerOp-e102d630-0766-4c9c-a6ac-a751954341bd-2] INFO  keyvalue.KeyValueContainer (KeyValueContainer.java:flushAndSyncDB(514)) - Synced container: KeyValueContainerData #4 (CLOSING, non-empty, ri=0, origin=[dn_0df1231c-9f8a-4757-a7d0-f6d7f53bc482, pipeline_e102d630-0766-4c9c-a6ac-a751954341bd])
2025-09-19 20:44:38,555 [0df1231c-9f8a-4757-a7d0-f6d7f53bc482-ContainerOp-e102d630-0766-4c9c-a6ac-a751954341bd-2] INFO  keyvalue.KeyValueContainer (KeyValueContainer.java:flushAndSyncDB(514)) - Synced container: KeyValueContainerData #4 (CLOSING, non-empty, ri=0, origin=[dn_0df1231c-9f8a-4757-a7d0-f6d7f53bc482, pipeline_e102d630-0766-4c9c-a6ac-a751954341bd])
2025-09-19 20:44:38,557 [b5a25cc1-46d3-4381-a194-bd68f4526f1c-ContainerOp-e102d630-0766-4c9c-a6ac-a751954341bd-2] INFO  keyvalue.KeyValueContainer (KeyValueContainer.java:flushAndSyncDB(514)) - Synced container: KeyValueContainerData #4 (CLOSING, non-empty, ri=0, origin=[dn_b5a25cc1-46d3-4381-a194-bd68f4526f1c, pipeline_e102d630-0766-4c9c-a6ac-a751954341bd])
2025-09-19 20:44:38,557 [8eb9963e-bce0-4155-aea2-e442cadff8bd-ContainerOp-e102d630-0766-4c9c-a6ac-a751954341bd-2] INFO  keyvalue.KeyValueContainer (KeyValueContainer.java:close(430)) - Closed container: KeyValueContainerData #4 (CLOSED, non-empty, ri=0, origin=[dn_8eb9963e-bce0-4155-aea2-e442cadff8bd, pipeline_e102d630-0766-4c9c-a6ac-a751954341bd])
2025-09-19 20:44:38,557 [b5a25cc1-46d3-4381-a194-bd68f4526f1c-ContainerOp-e102d630-0766-4c9c-a6ac-a751954341bd-2] INFO  keyvalue.KeyValueContainer (KeyValueContainer.java:flushAndSyncDB(514)) - Synced container: KeyValueContainerData #4 (CLOSING, non-empty, ri=0, origin=[dn_b5a25cc1-46d3-4381-a194-bd68f4526f1c, pipeline_e102d630-0766-4c9c-a6ac-a751954341bd])
2025-09-19 20:44:38,560 [0df1231c-9f8a-4757-a7d0-f6d7f53bc482-ContainerOp-e102d630-0766-4c9c-a6ac-a751954341bd-2] INFO  keyvalue.KeyValueContainer (KeyValueContainer.java:close(430)) - Closed container: KeyValueContainerData #4 (CLOSED, non-empty, ri=0, origin=[dn_0df1231c-9f8a-4757-a7d0-f6d7f53bc482, pipeline_e102d630-0766-4c9c-a6ac-a751954341bd])
2025-09-19 20:44:38,562 [b5a25cc1-46d3-4381-a194-bd68f4526f1c-ContainerOp-e102d630-0766-4c9c-a6ac-a751954341bd-2] INFO  keyvalue.KeyValueContainer (KeyValueContainer.java:close(430)) - Closed container: KeyValueContainerData #4 (CLOSED, non-empty, ri=0, origin=[dn_b5a25cc1-46d3-4381-a194-bd68f4526f1c, pipeline_e102d630-0766-4c9c-a6ac-a751954341bd])
2025-09-19 20:44:38,581 [FixedThreadPoolWithAffinityExecutor-0-0] INFO  container.IncrementalContainerReportHandler (AbstractContainerReportHandler.java:updateContainerState(289)) - CLOSE Container #4 (CLOSING, sid=4) r0 (CLOSED, bcsid=4, origin=8eb9963e-bce0-4155-aea2-e442cadff8bd, non-empty) from dn 8eb9963e-bce0-4155-aea2-e442cadff8bd(localhost/127.0.0.1)
2025-09-19T20:44:39.064779027Z 8eb9963e-bce0-4155-aea2-e442cadff8bd-client-thread1 ERROR user=null | ip=null | op=WRITE_CHUNK {"blockData":"conID: 4 locID: 115816896921600004 bcsId: 4 replicaIndex: 0","offset":"1048576","size":"1048576"} | ret=FAILURE
org.apache.hadoop.hdds.scm.container.common.helpers.ContainerNotOpenException: Container 4 in CLOSED state
	at org.apache.hadoop.ozone.container.common.impl.HddsDispatcher.validateContainerCommand(HddsDispatcher.java:581)
	at org.apache.hadoop.ozone.container.common.transport.server.ratis.ContainerStateMachine.startTransaction(ContainerStateMachine.java:488)
	at org.apache.ratis.server.impl.RaftServerImpl.writeAsyncImpl(RaftServerImpl.java:987)
	at org.apache.ratis.server.impl.RaftServerImpl.writeAsync(RaftServerImpl.java:960)
	at org.apache.ratis.server.impl.RaftServerImpl.replyFuture(RaftServerImpl.java:953)
	at org.apache.ratis.server.impl.RaftServerImpl.submitClientRequestAsync(RaftServerImpl.java:930)
	at org.apache.ratis.server.impl.RaftServerImpl.lambda$null$11(RaftServerImpl.java:919)
	at org.apache.ratis.util.JavaUtils.callAsUnchecked(JavaUtils.java:118)
	at org.apache.ratis.server.impl.RaftServerImpl.lambda$executeSubmitClientRequestAsync$12(RaftServerImpl.java:919)
	at java.base/java.util.concurrent.CompletableFuture$AsyncSupply.run(CompletableFuture.java:1768)
	at java.base/java.util.concurrent.ThreadPoolExecutor.runWorker(ThreadPoolExecutor.java:1144)
	at java.base/java.util.concurrent.ThreadPoolExecutor$Worker.run(ThreadPoolExecutor.java:642)
	at java.base/java.lang.Thread.run(Thread.java:1583)
2025-09-19T20:44:39.075988015Z 8eb9963e-bce0-4155-aea2-e442cadff8bd-client-thread1 ERROR user=null | ip=null | op=PUT_BLOCK {"blockData":"[blockId=conID: 4 locID: 115816896921600004 bcsId: 0 replicaIndex: null, size=2097152]"} | ret=FAILURE
org.apache.hadoop.hdds.scm.container.common.helpers.ContainerNotOpenException: Container 4 in CLOSED state
	at org.apache.hadoop.ozone.container.common.impl.HddsDispatcher.validateContainerCommand(HddsDispatcher.java:581)
	at org.apache.hadoop.ozone.container.common.transport.server.ratis.ContainerStateMachine.startTransaction(ContainerStateMachine.java:488)
	at org.apache.ratis.server.impl.RaftServerImpl.writeAsyncImpl(RaftServerImpl.java:987)
	at org.apache.ratis.server.impl.RaftServerImpl.writeAsync(RaftServerImpl.java:960)
	at org.apache.ratis.server.impl.RaftServerImpl.replyFuture(RaftServerImpl.java:953)
	at org.apache.ratis.server.impl.RaftServerImpl.submitClientRequestAsync(RaftServerImpl.java:930)
	at org.apache.ratis.server.impl.RaftServerImpl.lambda$null$11(RaftServerImpl.java:919)
	at org.apache.ratis.util.JavaUtils.callAsUnchecked(JavaUtils.java:118)
	at org.apache.ratis.server.impl.RaftServerImpl.lambda$executeSubmitClientRequestAsync$12(RaftServerImpl.java:919)
	at java.base/java.util.concurrent.CompletableFuture$AsyncSupply.run(CompletableFuture.java:1768)
	at java.base/java.util.concurrent.ThreadPoolExecutor.runWorker(ThreadPoolExecutor.java:1144)
	at java.base/java.util.concurrent.ThreadPoolExecutor$Worker.run(ThreadPoolExecutor.java:642)
	at java.base/java.lang.Thread.run(Thread.java:1583)
2025-09-19 20:44:39,076 [grpc-default-executor-7] ERROR impl.OrderedAsync (OrderedAsync.java:lambda$send$4(181)) - Failed to send request, message=cmdType: WriteChunk
traceID: ""
containerID: 4
datanodeUuid: "8eb9963e-bce0-4155-aea2-e442cadff8bd"
writeChunk {
  blockID {
    containerID: 4
    localID: 115816896921600004
    blockCommitSequenceId: 4
    replicaIndex: 0
  }
  chunkData {
    chunkName: "115816896921600004_chunk_2"
    offset: 1048576
    len: 1048576
    checksumData {
      type: CRC32
      bytesPerChecksum: 16384
      checksums: "\326\360U\321"
      checksums: "\326\360U\321"
      checksums: "\326\360U\321"
      checksums: "\326\360U\321"
      checksums: "\326\360U\321"
      checksums: "\326\360U\321"
      checksums: "\326\360U\321"
      checksums: "\326\360U\321"
      checksums: "\326\360U\321"
      checksums: "\326\360U\321"
      checksums: "\326\360U\321"
      checksums: "\326\360U\321"
      checksums: "\326\360U\321"
      checksums: "\326\360U\321"
      checksums: "\326\360U\321"
      checksums: "\326\360U\321"
      checksums: "\326\360U\321"
      checksums: "\326\360U\321"
      checksums: "\326\360U\321"
      checksums: "\326\360U\321"
      checksums: "\326\360U\321"
      checksums: "\326\360U\321"
      checksums: "\326\360U\321"
      checksums: "\326\360U\321"
      checksums: "\326\360U\321"
      checksums: "\326\360U\321"
      checksums: "\326\360U\321"
      checksums: "\326\360U\321"
      checksums: "\326\360U\321"
      checksums: "\326\360U\321"
      checksums: "\326\360U\321"
      checksums: "\326\360U\321"
      checksums: "\326\360U\321"
      checksums: "\326\360U\321"
      checksums: "\326\360U\321"
      checksums: "\326\360U\321"
      checksums: "\326\360U\321"
      checksums: "\326\360U\321"
      checksums: "\326\360U\321"
      checksums: "\326\360U\321"
      checksums: "\326\360U\321"
      checksums: "\326\360U\321"
      checksums: "\326\360U\321"
      checksums: "\326\360U\321"
      checksums: "\326\360U\321"
      checksums: "\326\360U\321"
      checksums: "\326\360U\321"
      checksums: "\326\360U\321"
      checksums: "\326\360U\321"
      checksums: "\326\360U\321"
      checksums: "\326\360U\321"
      checksums: "\326\360U\321"
      checksums: "\326\360U\321"
      checksums: "\326\360U\321"
      checksums: "\326\360U\321"
      checksums: "\326\360U\321"
      checksums: "\326\360U\321"
      checksums: "\326\360U\321"
      checksums: "\326\360U\321"
      checksums: "\326\360U\321"
      checksums: "\326\360U\321"
      checksums: "\326\360U\321"
      checksums: "\326\360U\321"
      checksums: "H$\374\021"
    }
  }
}
version: 3
, data.size=1048576
java.util.concurrent.CompletionException: org.apache.ratis.protocol.exceptions.StateMachineException: org.apache.hadoop.hdds.scm.container.common.helpers.ContainerNotOpenException from Server 8eb9963e-bce0-4155-aea2-e442cadff8bd@group-A751954341BD: Container 4 in CLOSED state
	at org.apache.ratis.client.impl.RaftClientImpl.handleRaftException(RaftClientImpl.java:373)
	at org.apache.ratis.client.impl.OrderedAsync.lambda$send$3(OrderedAsync.java:175)
	at java.base/java.util.concurrent.CompletableFuture$UniApply.tryFire(CompletableFuture.java:646)
	at java.base/java.util.concurrent.CompletableFuture.postComplete(CompletableFuture.java:510)
	at java.base/java.util.concurrent.CompletableFuture.complete(CompletableFuture.java:2179)
	at org.apache.ratis.client.impl.OrderedAsync$PendingOrderedRequest.setReply(OrderedAsync.java:105)
	at org.apache.ratis.client.impl.OrderedAsync$PendingOrderedRequest.setReply(OrderedAsync.java:66)
	at org.apache.ratis.util.SlidingWindow$RequestMap.setReply(SlidingWindow.java:147)
	at org.apache.ratis.util.SlidingWindow$Client.receiveReply(SlidingWindow.java:351)
	at org.apache.ratis.client.impl.OrderedAsync.lambda$sendRequestWithRetry$5(OrderedAsync.java:210)
	at java.base/java.util.concurrent.CompletableFuture$UniAccept.tryFire(CompletableFuture.java:718)
	at java.base/java.util.concurrent.CompletableFuture.postComplete(CompletableFuture.java:510)
	at java.base/java.util.concurrent.CompletableFuture.complete(CompletableFuture.java:2179)
	at org.apache.ratis.grpc.client.GrpcClientProtocolClient$AsyncStreamObservers$1.lambda$onNext$0(GrpcClientProtocolClient.java:325)
	at java.base/java.util.Optional.ifPresent(Optional.java:178)
	at org.apache.ratis.grpc.client.GrpcClientProtocolClient$AsyncStreamObservers.handleReplyFuture(GrpcClientProtocolClient.java:381)
	at org.apache.ratis.grpc.client.GrpcClientProtocolClient$AsyncStreamObservers.access$100(GrpcClientProtocolClient.java:303)
	at org.apache.ratis.grpc.client.GrpcClientProtocolClient$AsyncStreamObservers$1.onNext(GrpcClientProtocolClient.java:325)
	at org.apache.ratis.grpc.client.GrpcClientProtocolClient$AsyncStreamObservers$1.onNext(GrpcClientProtocolClient.java:308)
	at org.apache.ratis.thirdparty.io.grpc.stub.ClientCalls$StreamObserverToCallListenerAdapter.onMessage(ClientCalls.java:551)
	at org.apache.ratis.thirdparty.io.grpc.ForwardingClientCallListener.onMessage(ForwardingClientCallListener.java:33)
	at org.apache.ratis.thirdparty.io.grpc.internal.DelayedClientCall$DelayedListener.onMessage(DelayedClientCall.java:473)
	at org.apache.ratis.thirdparty.io.grpc.internal.ClientCallImpl$ClientStreamListenerImpl$1MessagesAvailable.runInternal(ClientCallImpl.java:661)
	at org.apache.ratis.thirdparty.io.grpc.internal.ClientCallImpl$ClientStreamListenerImpl$1MessagesAvailable.runInContext(ClientCallImpl.java:648)
	at org.apache.ratis.thirdparty.io.grpc.internal.ContextRunnable.run(ContextRunnable.java:37)
	at org.apache.ratis.thirdparty.io.grpc.internal.SerializingExecutor.run(SerializingExecutor.java:133)
	at java.base/java.util.concurrent.ThreadPoolExecutor.runWorker(ThreadPoolExecutor.java:1144)
	at java.base/java.util.concurrent.ThreadPoolExecutor$Worker.run(ThreadPoolExecutor.java:642)
	at java.base/java.lang.Thread.run(Thread.java:1583)
Caused by: org.apache.ratis.protocol.exceptions.StateMachineException: org.apache.hadoop.hdds.scm.container.common.helpers.ContainerNotOpenException from Server 8eb9963e-bce0-4155-aea2-e442cadff8bd@group-A751954341BD: Container 4 in CLOSED state
	at org.apache.hadoop.ozone.container.common.impl.HddsDispatcher.validateContainerCommand(HddsDispatcher.java:581)
	at org.apache.hadoop.ozone.container.common.transport.server.ratis.ContainerStateMachine.startTransaction(ContainerStateMachine.java:488)
	at org.apache.ratis.server.impl.RaftServerImpl.writeAsyncImpl(RaftServerImpl.java:987)
	at org.apache.ratis.server.impl.RaftServerImpl.writeAsync(RaftServerImpl.java:960)
	at org.apache.ratis.server.impl.RaftServerImpl.replyFuture(RaftServerImpl.java:953)
	at org.apache.ratis.server.impl.RaftServerImpl.submitClientRequestAsync(RaftServerImpl.java:930)
	at org.apache.ratis.server.impl.RaftServerImpl.lambda$null$11(RaftServerImpl.java:919)
	at org.apache.ratis.util.JavaUtils.callAsUnchecked(JavaUtils.java:118)
	at org.apache.ratis.server.impl.RaftServerImpl.lambda$executeSubmitClientRequestAsync$12(RaftServerImpl.java:919)
	at java.base/java.util.concurrent.CompletableFuture$AsyncSupply.run(CompletableFuture.java:1768)
	... 3 more
Caused by: org.apache.hadoop.hdds.scm.container.common.helpers.ContainerNotOpenException: Container 4 in CLOSED state
	at java.base/jdk.internal.reflect.DirectConstructorHandleAccessor.newInstance(DirectConstructorHandleAccessor.java:62)
	at java.base/java.lang.reflect.Constructor.newInstanceWithCaller(Constructor.java:502)
	at java.base/java.lang.reflect.Constructor.newInstance(Constructor.java:486)
	at org.apache.ratis.util.ReflectionUtils.instantiateException(ReflectionUtils.java:265)
	at org.apache.ratis.client.impl.ClientProtoUtils.toStateMachineException(ClientProtoUtils.java:455)
	at org.apache.ratis.client.impl.ClientProtoUtils.toStateMachineException(ClientProtoUtils.java:441)
	at org.apache.ratis.client.impl.ClientProtoUtils.toRaftClientReply(ClientProtoUtils.java:408)
	at org.apache.ratis.grpc.client.GrpcClientProtocolClient$AsyncStreamObservers$1.onNext(GrpcClientProtocolClient.java:313)
	at org.apache.ratis.grpc.client.GrpcClientProtocolClient$AsyncStreamObservers$1.onNext(GrpcClientProtocolClient.java:308)
	at org.apache.ratis.thirdparty.io.grpc.stub.ClientCalls$StreamObserverToCallListenerAdapter.onMessage(ClientCalls.java:551)
	at org.apache.ratis.thirdparty.io.grpc.ForwardingClientCallListener.onMessage(ForwardingClientCallListener.java:33)
	at org.apache.ratis.thirdparty.io.grpc.internal.DelayedClientCall$DelayedListener.onMessage(DelayedClientCall.java:473)
	at org.apache.ratis.thirdparty.io.grpc.internal.ClientCallImpl$ClientStreamListenerImpl$1MessagesAvailable.runInternal(ClientCallImpl.java:661)
	at org.apache.ratis.thirdparty.io.grpc.internal.ClientCallImpl$ClientStreamListenerImpl$1MessagesAvailable.runInContext(ClientCallImpl.java:648)
	at org.apache.ratis.thirdparty.io.grpc.internal.ContextRunnable.run(ContextRunnable.java:37)
	at org.apache.ratis.thirdparty.io.grpc.internal.SerializingExecutor.run(SerializingExecutor.java:133)
	... 3 more
2025-09-19 20:44:39,079 [grpc-default-executor-7] ERROR impl.OrderedAsync (OrderedAsync.java:lambda$send$4(181)) - Failed to send request, message=cmdType: PutBlock
traceID: ""
containerID: 4
datanodeUuid: "8eb9963e-bce0-4155-aea2-e442cadff8bd"
putBlock {
  blockData {
    blockID {
      containerID: 4
      localID: 115816896921600004
      blockCommitSequenceId: 0
    }
    metadata {
      key: "TYPE"
      value: "KEY"
    }
    chunks {
      chunkName: "115816896921600004_chunk_1"
      offset: 0
      len: 1048576
      checksumData {
        type: CRC32
        bytesPerChecksum: 16384
        checksums: "\326\360U\321"
        checksums: "\326\360U\321"
        checksums: "\326\360U\321"
        checksums: "\326\360U\321"
        checksums: "\326\360U\321"
        checksums: "\326\360U\321"
        checksums: "\326\360U\321"
        checksums: "\326\360U\321"
        checksums: "\326\360U\321"
        checksums: "\326\360U\321"
        checksums: "\326\360U\321"
        checksums: "\326\360U\321"
        checksums: "\326\360U\321"
        checksums: "\326\360U\321"
        checksums: "\326\360U\321"
        checksums: "\326\360U\321"
        checksums: "\326\360U\321"
        checksums: "\326\360U\321"
        checksums: "\326\360U\321"
        checksums: "\326\360U\321"
        checksums: "\326\360U\321"
        checksums: "\326\360U\321"
        checksums: "\326\360U\321"
        checksums: "\326\360U\321"
        checksums: "\326\360U\321"
        checksums: "\326\360U\321"
        checksums: "\326\360U\321"
        checksums: "\326\360U\321"
        checksums: "\326\360U\321"
        checksums: "\326\360U\321"
        checksums: "\326\360U\321"
        checksums: "\326\360U\321"
        checksums: "\326\360U\321"
        checksums: "\326\360U\321"
        checksums: "\326\360U\321"
        checksums: "\326\360U\321"
        checksums: "\326\360U\321"
        checksums: "\326\360U\321"
        checksums: "\326\360U\321"
        checksums: "\326\360U\321"
        checksums: "\326\360U\321"
        checksums: "\326\360U\321"
        checksums: "\326\360U\321"
        checksums: "\326\360U\321"
        checksums: "\326\360U\321"
        checksums: "\326\360U\321"
        checksums: "\326\360U\321"
        checksums: "\326\360U\321"
        checksums: "\326\360U\321"
        checksums: "\326\360U\321"
        checksums: "\326\360U\321"
        checksums: "\326\360U\321"
        checksums: "\326\360U\321"
        checksums: "\326\360U\321"
        checksums: "\326\360U\321"
        checksums: "\326\360U\321"
        checksums: "\326\360U\321"
        checksums: "\326\360U\321"
        checksums: "\326\360U\321"
        checksums: "\326\360U\321"
        checksums: "\326\360U\321"
        checksums: "\326\360U\321"
        checksums: "\326\360U\321"
        checksums: "H$\374\021"
      }
    }
    chunks {
      chunkName: "115816896921600004_chunk_2"
      offset: 1048576
      len: 1048576
      checksumData {
        type: CRC32
        bytesPerChecksum: 16384
        checksums: "\326\360U\321"
        checksums: "\326\360U\321"
        checksums: "\326\360U\321"
        checksums: "\326\360U\321"
        checksums: "\326\360U\321"
        checksums: "\326\360U\321"
        checksums: "\326\360U\321"
        checksums: "\326\360U\321"
        checksums: "\326\360U\321"
        checksums: "\326\360U\321"
        checksums: "\326\360U\321"
        checksums: "\326\360U\321"
        checksums: "\326\360U\321"
        checksums: "\326\360U\321"
        checksums: "\326\360U\321"
        checksums: "\326\360U\321"
        checksums: "\326\360U\321"
        checksums: "\326\360U\321"
        checksums: "\326\360U\321"
        checksums: "\326\360U\321"
        checksums: "\326\360U\321"
        checksums: "\326\360U\321"
        checksums: "\326\360U\321"
        checksums: "\326\360U\321"
        checksums: "\326\360U\321"
        checksums: "\326\360U\321"
        checksums: "\326\360U\321"
        checksums: "\326\360U\321"
        checksums: "\326\360U\321"
        checksums: "\326\360U\321"
        checksums: "\326\360U\321"
        checksums: "\326\360U\321"
        checksums: "\326\360U\321"
        checksums: "\326\360U\321"
        checksums: "\326\360U\321"
        checksums: "\326\360U\321"
        checksums: "\326\360U\321"
        checksums: "\326\360U\321"
        checksums: "\326\360U\321"
        checksums: "\326\360U\321"
        checksums: "\326\360U\321"
        checksums: "\326\360U\321"
        checksums: "\326\360U\321"
        checksums: "\326\360U\321"
        checksums: "\326\360U\321"
        checksums: "\326\360U\321"
        checksums: "\326\360U\321"
        checksums: "\326\360U\321"
        checksums: "\326\360U\321"
        checksums: "\326\360U\321"
        checksums: "\326\360U\321"
        checksums: "\326\360U\321"
        checksums: "\326\360U\321"
        checksums: "\326\360U\321"
        checksums: "\326\360U\321"
        checksums: "\326\360U\321"
        checksums: "\326\360U\321"
        checksums: "\326\360U\321"
        checksums: "\326\360U\321"
        checksums: "\326\360U\321"
        checksums: "\326\360U\321"
        checksums: "\326\360U\321"
        checksums: "\326\360U\321"
        checksums: "H$\374\021"
      }
    }
  }
  eof: false
}
version: 3
, data.size=0
java.util.concurrent.CompletionException: org.apache.ratis.protocol.exceptions.StateMachineException: org.apache.hadoop.hdds.scm.container.common.helpers.ContainerNotOpenException from Server 8eb9963e-bce0-4155-aea2-e442cadff8bd@group-A751954341BD: Container 4 in CLOSED state
	at org.apache.ratis.client.impl.RaftClientImpl.handleRaftException(RaftClientImpl.java:373)
	at org.apache.ratis.client.impl.OrderedAsync.lambda$send$3(OrderedAsync.java:175)
	at java.base/java.util.concurrent.CompletableFuture$UniApply.tryFire(CompletableFuture.java:646)
	at java.base/java.util.concurrent.CompletableFuture.postComplete(CompletableFuture.java:510)
	at java.base/java.util.concurrent.CompletableFuture.complete(CompletableFuture.java:2179)
	at org.apache.ratis.client.impl.OrderedAsync$PendingOrderedRequest.setReply(OrderedAsync.java:105)
	at org.apache.ratis.client.impl.OrderedAsync$PendingOrderedRequest.setReply(OrderedAsync.java:66)
	at org.apache.ratis.util.SlidingWindow$RequestMap.setReply(SlidingWindow.java:147)
	at org.apache.ratis.util.SlidingWindow$Client.receiveReply(SlidingWindow.java:351)
	at org.apache.ratis.client.impl.OrderedAsync.lambda$sendRequestWithRetry$5(OrderedAsync.java:210)
	at java.base/java.util.concurrent.CompletableFuture$UniAccept.tryFire(CompletableFuture.java:718)
	at java.base/java.util.concurrent.CompletableFuture.postComplete(CompletableFuture.java:510)
	at java.base/java.util.concurrent.CompletableFuture.complete(CompletableFuture.java:2179)
	at org.apache.ratis.grpc.client.GrpcClientProtocolClient$AsyncStreamObservers$1.lambda$onNext$0(GrpcClientProtocolClient.java:325)
	at java.base/java.util.Optional.ifPresent(Optional.java:178)
	at org.apache.ratis.grpc.client.GrpcClientProtocolClient$AsyncStreamObservers.handleReplyFuture(GrpcClientProtocolClient.java:381)
	at org.apache.ratis.grpc.client.GrpcClientProtocolClient$AsyncStreamObservers.access$100(GrpcClientProtocolClient.java:303)
	at org.apache.ratis.grpc.client.GrpcClientProtocolClient$AsyncStreamObservers$1.onNext(GrpcClientProtocolClient.java:325)
	at org.apache.ratis.grpc.client.GrpcClientProtocolClient$AsyncStreamObservers$1.onNext(GrpcClientProtocolClient.java:308)
	at org.apache.ratis.thirdparty.io.grpc.stub.ClientCalls$StreamObserverToCallListenerAdapter.onMessage(ClientCalls.java:551)
	at org.apache.ratis.thirdparty.io.grpc.ForwardingClientCallListener.onMessage(ForwardingClientCallListener.java:33)
	at org.apache.ratis.thirdparty.io.grpc.internal.DelayedClientCall$DelayedListener.onMessage(DelayedClientCall.java:473)
	at org.apache.ratis.thirdparty.io.grpc.internal.ClientCallImpl$ClientStreamListenerImpl$1MessagesAvailable.runInternal(ClientCallImpl.java:661)
	at org.apache.ratis.thirdparty.io.grpc.internal.ClientCallImpl$ClientStreamListenerImpl$1MessagesAvailable.runInContext(ClientCallImpl.java:648)
	at org.apache.ratis.thirdparty.io.grpc.internal.ContextRunnable.run(ContextRunnable.java:37)
	at org.apache.ratis.thirdparty.io.grpc.internal.SerializingExecutor.run(SerializingExecutor.java:133)
	at java.base/java.util.concurrent.ThreadPoolExecutor.runWorker(ThreadPoolExecutor.java:1144)
	at java.base/java.util.concurrent.ThreadPoolExecutor$Worker.run(ThreadPoolExecutor.java:642)
	at java.base/java.lang.Thread.run(Thread.java:1583)
Caused by: org.apache.ratis.protocol.exceptions.StateMachineException: org.apache.hadoop.hdds.scm.container.common.helpers.ContainerNotOpenException from Server 8eb9963e-bce0-4155-aea2-e442cadff8bd@group-A751954341BD: Container 4 in CLOSED state
	at org.apache.hadoop.ozone.container.common.impl.HddsDispatcher.validateContainerCommand(HddsDispatcher.java:581)
	at org.apache.hadoop.ozone.container.common.transport.server.ratis.ContainerStateMachine.startTransaction(ContainerStateMachine.java:488)
	at org.apache.ratis.server.impl.RaftServerImpl.writeAsyncImpl(RaftServerImpl.java:987)
	at org.apache.ratis.server.impl.RaftServerImpl.writeAsync(RaftServerImpl.java:960)
	at org.apache.ratis.server.impl.RaftServerImpl.replyFuture(RaftServerImpl.java:953)
	at org.apache.ratis.server.impl.RaftServerImpl.submitClientRequestAsync(RaftServerImpl.java:930)
	at org.apache.ratis.server.impl.RaftServerImpl.lambda$null$11(RaftServerImpl.java:919)
	at org.apache.ratis.util.JavaUtils.callAsUnchecked(JavaUtils.java:118)
	at org.apache.ratis.server.impl.RaftServerImpl.lambda$executeSubmitClientRequestAsync$12(RaftServerImpl.java:919)
	at java.base/java.util.concurrent.CompletableFuture$AsyncSupply.run(CompletableFuture.java:1768)
	... 3 more
Caused by: org.apache.hadoop.hdds.scm.container.common.helpers.ContainerNotOpenException: Container 4 in CLOSED state
	at java.base/jdk.internal.reflect.DirectConstructorHandleAccessor.newInstance(DirectConstructorHandleAccessor.java:62)
	at java.base/java.lang.reflect.Constructor.newInstanceWithCaller(Constructor.java:502)
	at java.base/java.lang.reflect.Constructor.newInstance(Constructor.java:486)
	at org.apache.ratis.util.ReflectionUtils.instantiateException(ReflectionUtils.java:265)
	at org.apache.ratis.client.impl.ClientProtoUtils.toStateMachineException(ClientProtoUtils.java:455)
	at org.apache.ratis.client.impl.ClientProtoUtils.toStateMachineException(ClientProtoUtils.java:441)
	at org.apache.ratis.client.impl.ClientProtoUtils.toRaftClientReply(ClientProtoUtils.java:408)
	at org.apache.ratis.grpc.client.GrpcClientProtocolClient$AsyncStreamObservers$1.onNext(GrpcClientProtocolClient.java:313)
	at org.apache.ratis.grpc.client.GrpcClientProtocolClient$AsyncStreamObservers$1.onNext(GrpcClientProtocolClient.java:308)
	at org.apache.ratis.thirdparty.io.grpc.stub.ClientCalls$StreamObserverToCallListenerAdapter.onMessage(ClientCalls.java:551)
	at org.apache.ratis.thirdparty.io.grpc.ForwardingClientCallListener.onMessage(ForwardingClientCallListener.java:33)
	at org.apache.ratis.thirdparty.io.grpc.internal.DelayedClientCall$DelayedListener.onMessage(DelayedClientCall.java:473)
	at org.apache.ratis.thirdparty.io.grpc.internal.ClientCallImpl$ClientStreamListenerImpl$1MessagesAvailable.runInternal(ClientCallImpl.java:661)
	at org.apache.ratis.thirdparty.io.grpc.internal.ClientCallImpl$ClientStreamListenerImpl$1MessagesAvailable.runInContext(ClientCallImpl.java:648)
	at org.apache.ratis.thirdparty.io.grpc.internal.ContextRunnable.run(ContextRunnable.java:37)
	at org.apache.ratis.thirdparty.io.grpc.internal.SerializingExecutor.run(SerializingExecutor.java:133)
	... 3 more
2025-09-19 20:44:39,115 [ForkJoinPool-1-worker-1] INFO  io.BlockOutputStreamEntry (BlockOutputStreamEntry.java:writeOnRetry(192)) - BlockOutputStreamEntry:1b277f38-8f5c-43ba-9710-ba4c68938d03 conID: 5 locID: 115816896921600005 bcsId: 0 replicaIndex: null: Finish retrying with len 1048576, currentPosition 1048576
2025-09-19 20:44:39,115 [ForkJoinPool-1-worker-1] INFO  io.BlockOutputStreamEntry (BlockOutputStreamEntry.java:finishRetryHandling(141)) - BlockOutputStreamEntry:1b277f38-8f5c-43ba-9710-ba4c68938d03 conID: 5 locID: 115816896921600005 bcsId: 0 replicaIndex: null: Exiting retry handling mode
]]></system-out>
  </testcase>
  <testcase name="testWriteSmallFile" classname="org.apache.hadoop.ozone.client.rpc.TestFailureHandlingByClient" time="39.845">
    <system-out><![CDATA[2025-09-19 20:44:39,226 [ForkJoinPool-1-worker-1] INFO  ozoneimpl.OzoneContainer (OzoneContainer.java:stop(549)) - Attempting to stop container services.
2025-09-19 20:44:39,227 [ContainerMetadataScanner] WARN  ozoneimpl.AbstractBackgroundContainerScanner (AbstractBackgroundContainerScanner.java:handleRemainingSleep(136)) - Background container scan was interrupted.
2025-09-19 20:44:39,227 [ContainerMetadataScanner] INFO  ozoneimpl.AbstractBackgroundContainerScanner (AbstractBackgroundContainerScanner.java:run(63)) - org.apache.hadoop.ozone.container.ozoneimpl.BackgroundContainerMetadataScanner@4ab33266 exiting.
2025-09-19 20:44:39,227 [ForkJoinPool-1-worker-1] INFO  ozoneimpl.BackgroundContainerDataScanner (BackgroundContainerDataScanner.java:shutdown(87)) - ContainerDataScanner(/home/runner/work/ozone/ozone/hadoop-ozone/integration-test/target/test-dir/MiniOzoneClusterImpl-990002c2-bb69-4aa2-bd68-28a5e13e86ef/ozone-metadata/datanode-3/data-0/hdds) is shutting down. 
2025-09-19 20:44:39,227 [ContainerDataScanner(/home/runner/work/ozone/ozone/hadoop-ozone/integration-test/target/test-dir/MiniOzoneClusterImpl-990002c2-bb69-4aa2-bd68-28a5e13e86ef/ozone-metadata/datanode-3/data-0/hdds)] WARN  ozoneimpl.AbstractBackgroundContainerScanner (AbstractBackgroundContainerScanner.java:handleRemainingSleep(136)) - Background container scan was interrupted.
2025-09-19 20:44:39,227 [ContainerDataScanner(/home/runner/work/ozone/ozone/hadoop-ozone/integration-test/target/test-dir/MiniOzoneClusterImpl-990002c2-bb69-4aa2-bd68-28a5e13e86ef/ozone-metadata/datanode-3/data-0/hdds)] INFO  ozoneimpl.AbstractBackgroundContainerScanner (AbstractBackgroundContainerScanner.java:run(63)) - ContainerDataScanner(/home/runner/work/ozone/ozone/hadoop-ozone/integration-test/target/test-dir/MiniOzoneClusterImpl-990002c2-bb69-4aa2-bd68-28a5e13e86ef/ozone-metadata/datanode-3/data-0/hdds, DS-00f21907-a1b3-4a4a-aa5e-0adcb3313994) exiting.
2025-09-19 20:44:39,227 [ForkJoinPool-1-worker-1] INFO  ozoneimpl.OnDemandContainerScanner (OnDemandContainerScanner.java:shutdown(141)) - On-demand container scanner is shutting down.
2025-09-19 20:44:39,228 [ForkJoinPool-1-worker-1] INFO  ratis.XceiverServerRatis (XceiverServerRatis.java:stop(595)) - Closing XceiverServerRatis(b5a25cc1-46d3-4381-a194-bd68f4526f1c)
2025-09-19 20:44:39,228 [ForkJoinPool-1-worker-1] INFO  server.RaftServer (RaftServerProxy.java:lambda$close$9(422)) - b5a25cc1-46d3-4381-a194-bd68f4526f1c: close
2025-09-19 20:44:39,228 [ForkJoinPool-1-worker-1] INFO  server.GrpcServicesImpl (GrpcServicesImpl.java:closeImpl(355)) - b5a25cc1-46d3-4381-a194-bd68f4526f1c: shutdown server org.apache.ratis.grpc.server.GrpcClientProtocolService now
2025-09-19 20:44:39,229 [b5a25cc1-46d3-4381-a194-bd68f4526f1c-impl-thread1] INFO  server.RaftServer$Division (RaftServerImpl.java:lambda$close$1(527)) - b5a25cc1-46d3-4381-a194-bd68f4526f1c@group-88B5B3DD1307: shutdown
2025-09-19 20:44:39,229 [b5a25cc1-46d3-4381-a194-bd68f4526f1c-impl-thread1] INFO  util.JmxRegister (JmxRegister.java:unregister(74)) - Successfully un-registered JMX Bean with object name Ratis:service=RaftServer,group=group-88B5B3DD1307,id=b5a25cc1-46d3-4381-a194-bd68f4526f1c
2025-09-19 20:44:39,230 [b5a25cc1-46d3-4381-a194-bd68f4526f1c-impl-thread1] INFO  impl.RoleInfo (RoleInfo.java:shutdownLeaderState(103)) - b5a25cc1-46d3-4381-a194-bd68f4526f1c: shutdown b5a25cc1-46d3-4381-a194-bd68f4526f1c@group-88B5B3DD1307-LeaderStateImpl
2025-09-19 20:44:39,230 [b5a25cc1-46d3-4381-a194-bd68f4526f1c-impl-thread1] INFO  impl.PendingRequests (PendingRequests.java:sendNotLeaderResponses(287)) - b5a25cc1-46d3-4381-a194-bd68f4526f1c@group-88B5B3DD1307-PendingRequests: sendNotLeaderResponses
2025-09-19 20:44:39,230 [b5a25cc1-46d3-4381-a194-bd68f4526f1c-impl-thread2] INFO  server.RaftServer$Division (RaftServerImpl.java:lambda$close$1(527)) - b5a25cc1-46d3-4381-a194-bd68f4526f1c@group-715EBF8096A7: shutdown
2025-09-19 20:44:39,231 [b5a25cc1-46d3-4381-a194-bd68f4526f1c-impl-thread2] INFO  util.JmxRegister (JmxRegister.java:unregister(74)) - Successfully un-registered JMX Bean with object name Ratis:service=RaftServer,group=group-715EBF8096A7,id=b5a25cc1-46d3-4381-a194-bd68f4526f1c
2025-09-19 20:44:39,231 [b5a25cc1-46d3-4381-a194-bd68f4526f1c-impl-thread2] INFO  impl.RoleInfo (RoleInfo.java:shutdownLeaderState(103)) - b5a25cc1-46d3-4381-a194-bd68f4526f1c: shutdown b5a25cc1-46d3-4381-a194-bd68f4526f1c@group-715EBF8096A7-LeaderStateImpl
2025-09-19 20:44:39,231 [b5a25cc1-46d3-4381-a194-bd68f4526f1c-impl-thread2] INFO  impl.PendingRequests (PendingRequests.java:sendNotLeaderResponses(287)) - b5a25cc1-46d3-4381-a194-bd68f4526f1c@group-715EBF8096A7-PendingRequests: sendNotLeaderResponses
2025-09-19 20:44:39,229 [b5a25cc1-46d3-4381-a194-bd68f4526f1c-impl-thread3] INFO  server.RaftServer$Division (RaftServerImpl.java:lambda$close$1(527)) - b5a25cc1-46d3-4381-a194-bd68f4526f1c@group-A751954341BD: shutdown
2025-09-19 20:44:39,233 [b5a25cc1-46d3-4381-a194-bd68f4526f1c-impl-thread3] INFO  util.JmxRegister (JmxRegister.java:unregister(74)) - Successfully un-registered JMX Bean with object name Ratis:service=RaftServer,group=group-A751954341BD,id=b5a25cc1-46d3-4381-a194-bd68f4526f1c
2025-09-19 20:44:39,233 [b5a25cc1-46d3-4381-a194-bd68f4526f1c-impl-thread3] INFO  impl.RoleInfo (RoleInfo.java:shutdownFollowerState(121)) - b5a25cc1-46d3-4381-a194-bd68f4526f1c: shutdown b5a25cc1-46d3-4381-a194-bd68f4526f1c@group-A751954341BD-FollowerState
2025-09-19 20:44:39,233 [b5a25cc1-46d3-4381-a194-bd68f4526f1c-impl-thread3] INFO  impl.StateMachineUpdater (StateMachineUpdater.java:stopAndJoin(163)) - b5a25cc1-46d3-4381-a194-bd68f4526f1c@group-A751954341BD-StateMachineUpdater: set stopIndex = 13
2025-09-19 20:44:39,233 [b5a25cc1-46d3-4381-a194-bd68f4526f1c@group-A751954341BD-StateMachineUpdater] INFO  ratis.ContainerStateMachine (ContainerStateMachine.java:takeSnapshot(427)) - group-A751954341BD: Taking a snapshot at:(t:2, i:13) file /home/runner/work/ozone/ozone/hadoop-ozone/integration-test/target/test-dir/MiniOzoneClusterImpl-990002c2-bb69-4aa2-bd68-28a5e13e86ef/ozone-metadata/datanode-3/ratis/e102d630-0766-4c9c-a6ac-a751954341bd/sm/snapshot.2_13
2025-09-19 20:44:39,233 [b5a25cc1-46d3-4381-a194-bd68f4526f1c@group-715EBF8096A7->0df1231c-9f8a-4757-a7d0-f6d7f53bc482-GrpcLogAppender-LogAppenderDaemon] WARN  server.GrpcLogAppender (GrpcLogAppender.java:mayWait(300)) - b5a25cc1-46d3-4381-a194-bd68f4526f1c@group-715EBF8096A7->0df1231c-9f8a-4757-a7d0-f6d7f53bc482-GrpcLogAppender: Wait interrupted by java.lang.InterruptedException
2025-09-19 20:44:39,233 [b5a25cc1-46d3-4381-a194-bd68f4526f1c@group-715EBF8096A7->8eb9963e-bce0-4155-aea2-e442cadff8bd-GrpcLogAppender-LogAppenderDaemon] WARN  server.GrpcLogAppender (GrpcLogAppender.java:mayWait(300)) - b5a25cc1-46d3-4381-a194-bd68f4526f1c@group-715EBF8096A7->8eb9963e-bce0-4155-aea2-e442cadff8bd-GrpcLogAppender: Wait interrupted by java.lang.InterruptedException
2025-09-19 20:44:39,234 [Thread-1762] INFO  server.GrpcServerProtocolClient (GrpcServerProtocolClient.java:close(105)) - 0df1231c-9f8a-4757-a7d0-f6d7f53bc482 Close channels
2025-09-19 20:44:39,234 [b5a25cc1-46d3-4381-a194-bd68f4526f1c-impl-thread1] INFO  impl.StateMachineUpdater (StateMachineUpdater.java:stopAndJoin(163)) - b5a25cc1-46d3-4381-a194-bd68f4526f1c@group-88B5B3DD1307-StateMachineUpdater: set stopIndex = 2
2025-09-19 20:44:39,234 [b5a25cc1-46d3-4381-a194-bd68f4526f1c@group-A751954341BD-FollowerState] INFO  impl.FollowerState (FollowerState.java:runImpl(170)) - b5a25cc1-46d3-4381-a194-bd68f4526f1c@group-A751954341BD-FollowerState was interrupted
2025-09-19 20:44:39,235 [Thread-1763] INFO  server.GrpcServerProtocolClient (GrpcServerProtocolClient.java:close(105)) - 8eb9963e-bce0-4155-aea2-e442cadff8bd Close channels
2025-09-19 20:44:39,235 [grpc-default-executor-8] INFO  server.GrpcServerProtocolService (GrpcServerProtocolService.java:lambda$onCompleted$6(171)) - 0df1231c-9f8a-4757-a7d0-f6d7f53bc482: Completed APPEND_ENTRIES, lastRequest: b5a25cc1-46d3-4381-a194-bd68f4526f1c->0df1231c-9f8a-4757-a7d0-f6d7f53bc482#2-t4,previous=(t:4, i:9),leaderCommit=9,initializing? false,entries: size=1, first=(t:4, i:10), METADATAENTRY(c:9) 
2025-09-19 20:44:39,235 [grpc-default-executor-8] INFO  server.GrpcServerProtocolService (GrpcServerProtocolService.java:lambda$null$7(175)) - 0df1231c-9f8a-4757-a7d0-f6d7f53bc482: Completed APPEND_ENTRIES, lastReply: null 
2025-09-19 20:44:39,236 [grpc-default-executor-7] INFO  server.GrpcServerProtocolService (GrpcServerProtocolService.java:lambda$onCompleted$6(171)) - 8eb9963e-bce0-4155-aea2-e442cadff8bd: Completed APPEND_ENTRIES, lastRequest: b5a25cc1-46d3-4381-a194-bd68f4526f1c->8eb9963e-bce0-4155-aea2-e442cadff8bd#2-t4,previous=(t:4, i:9),leaderCommit=9,initializing? false,entries: size=1, first=(t:4, i:10), METADATAENTRY(c:9) 
2025-09-19 20:44:39,236 [grpc-default-executor-7] INFO  server.GrpcServerProtocolService (GrpcServerProtocolService.java:lambda$null$7(175)) - 8eb9963e-bce0-4155-aea2-e442cadff8bd: Completed APPEND_ENTRIES, lastReply: null 
2025-09-19 20:44:39,237 [b5a25cc1-46d3-4381-a194-bd68f4526f1c@group-88B5B3DD1307-StateMachineUpdater] INFO  ratis.ContainerStateMachine (ContainerStateMachine.java:takeSnapshot(427)) - group-88B5B3DD1307: Taking a snapshot at:(t:2, i:2) file /home/runner/work/ozone/ozone/hadoop-ozone/integration-test/target/test-dir/MiniOzoneClusterImpl-990002c2-bb69-4aa2-bd68-28a5e13e86ef/ozone-metadata/datanode-3/ratis/7b6acda8-b144-4fc3-891d-88b5b3dd1307/sm/snapshot.2_2
2025-09-19 20:44:39,238 [grpc-default-executor-3] INFO  server.GrpcLogAppender (GrpcLogAppender.java:onCompleted(558)) - b5a25cc1-46d3-4381-a194-bd68f4526f1c@group-715EBF8096A7->8eb9963e-bce0-4155-aea2-e442cadff8bd-AppendLogResponseHandler: follower responses appendEntries COMPLETED
2025-09-19 20:44:39,238 [grpc-default-executor-3] WARN  server.GrpcLogAppender (GrpcLogAppender.java:resetClient(237)) - b5a25cc1-46d3-4381-a194-bd68f4526f1c@group-715EBF8096A7->8eb9963e-bce0-4155-aea2-e442cadff8bd-GrpcLogAppender: Failed to getClient for 8eb9963e-bce0-4155-aea2-e442cadff8bd
org.apache.ratis.protocol.exceptions.AlreadyClosedException: b5a25cc1-46d3-4381-a194-bd68f4526f1c is already CLOSED
	at org.apache.ratis.util.PeerProxyMap$PeerAndProxy.getProxy(PeerProxyMap.java:67)
	at org.apache.ratis.util.PeerProxyMap.getProxy(PeerProxyMap.java:124)
	at org.apache.ratis.grpc.server.GrpcLogAppender.getClient(GrpcLogAppender.java:207)
	at org.apache.ratis.grpc.server.GrpcLogAppender.resetClient(GrpcLogAppender.java:212)
	at org.apache.ratis.grpc.server.GrpcLogAppender.access$800(GrpcLogAppender.java:70)
	at org.apache.ratis.grpc.server.GrpcLogAppender$AppendLogResponseHandler.onCompleted(GrpcLogAppender.java:559)
	at org.apache.ratis.thirdparty.io.grpc.stub.ClientCalls$StreamObserverToCallListenerAdapter.onClose(ClientCalls.java:562)
	at org.apache.ratis.thirdparty.io.grpc.internal.ClientCallImpl.closeObserver(ClientCallImpl.java:565)
	at org.apache.ratis.thirdparty.io.grpc.internal.ClientCallImpl.access$100(ClientCallImpl.java:72)
	at org.apache.ratis.thirdparty.io.grpc.internal.ClientCallImpl$ClientStreamListenerImpl$1StreamClosed.runInternal(ClientCallImpl.java:733)
	at org.apache.ratis.thirdparty.io.grpc.internal.ClientCallImpl$ClientStreamListenerImpl$1StreamClosed.runInContext(ClientCallImpl.java:714)
	at org.apache.ratis.thirdparty.io.grpc.internal.ContextRunnable.run(ContextRunnable.java:37)
	at org.apache.ratis.thirdparty.io.grpc.internal.SerializingExecutor.run(SerializingExecutor.java:133)
	at java.base/java.util.concurrent.ThreadPoolExecutor.runWorker(ThreadPoolExecutor.java:1144)
	at java.base/java.util.concurrent.ThreadPoolExecutor$Worker.run(ThreadPoolExecutor.java:642)
	at java.base/java.lang.Thread.run(Thread.java:1583)
2025-09-19 20:44:39,240 [b5a25cc1-46d3-4381-a194-bd68f4526f1c@group-715EBF8096A7-StateMachineUpdater] INFO  ratis.ContainerStateMachine (ContainerStateMachine.java:takeSnapshot(427)) - group-715EBF8096A7: Taking a snapshot at:(t:4, i:10) file /home/runner/work/ozone/ozone/hadoop-ozone/integration-test/target/test-dir/MiniOzoneClusterImpl-990002c2-bb69-4aa2-bd68-28a5e13e86ef/ozone-metadata/datanode-3/ratis/958000d3-2396-49be-82e9-715ebf8096a7/sm/snapshot.4_10
2025-09-19 20:44:39,240 [b5a25cc1-46d3-4381-a194-bd68f4526f1c-impl-thread2] INFO  impl.StateMachineUpdater (StateMachineUpdater.java:stopAndJoin(163)) - b5a25cc1-46d3-4381-a194-bd68f4526f1c@group-715EBF8096A7-StateMachineUpdater: set stopIndex = 10
2025-09-19 20:44:39,239 [b5a25cc1-46d3-4381-a194-bd68f4526f1c@group-88B5B3DD1307-StateMachineUpdater] INFO  ratis.ContainerStateMachine (ContainerStateMachine.java:takeSnapshot(436)) - group-88B5B3DD1307: Finished taking a snapshot at:(t:2, i:2) file:/home/runner/work/ozone/ozone/hadoop-ozone/integration-test/target/test-dir/MiniOzoneClusterImpl-990002c2-bb69-4aa2-bd68-28a5e13e86ef/ozone-metadata/datanode-3/ratis/7b6acda8-b144-4fc3-891d-88b5b3dd1307/sm/snapshot.2_2 took: 2 ms
2025-09-19 20:44:39,252 [b5a25cc1-46d3-4381-a194-bd68f4526f1c@group-88B5B3DD1307-StateMachineUpdater] INFO  impl.StateMachineUpdater (StateMachineUpdater.java:takeSnapshot(307)) - b5a25cc1-46d3-4381-a194-bd68f4526f1c@group-88B5B3DD1307-StateMachineUpdater: Took a snapshot at index 2
2025-09-19 20:44:39,252 [b5a25cc1-46d3-4381-a194-bd68f4526f1c@group-88B5B3DD1307-StateMachineUpdater] INFO  impl.StateMachineUpdater (StateMachineUpdater.java:lambda$new$0(101)) - b5a25cc1-46d3-4381-a194-bd68f4526f1c@group-88B5B3DD1307-StateMachineUpdater: snapshotIndex: updateIncreasingly 0 -> 2
2025-09-19 20:44:39,252 [b5a25cc1-46d3-4381-a194-bd68f4526f1c@group-88B5B3DD1307-StateMachineUpdater] INFO  impl.StateMachineUpdater (StateMachineUpdater.java:stop(140)) - b5a25cc1-46d3-4381-a194-bd68f4526f1c@group-88B5B3DD1307-StateMachineUpdater: closing ContainerStateMachine, lastApplied=(t:2, i:2)
2025-09-19 20:44:39,239 [grpc-default-executor-6] INFO  server.GrpcLogAppender (GrpcLogAppender.java:onCompleted(558)) - b5a25cc1-46d3-4381-a194-bd68f4526f1c@group-715EBF8096A7->0df1231c-9f8a-4757-a7d0-f6d7f53bc482-AppendLogResponseHandler: follower responses appendEntries COMPLETED
2025-09-19 20:44:39,253 [grpc-default-executor-6] WARN  server.GrpcLogAppender (GrpcLogAppender.java:resetClient(237)) - b5a25cc1-46d3-4381-a194-bd68f4526f1c@group-715EBF8096A7->0df1231c-9f8a-4757-a7d0-f6d7f53bc482-GrpcLogAppender: Failed to getClient for 0df1231c-9f8a-4757-a7d0-f6d7f53bc482
org.apache.ratis.protocol.exceptions.AlreadyClosedException: b5a25cc1-46d3-4381-a194-bd68f4526f1c is already CLOSED
	at org.apache.ratis.util.PeerProxyMap$PeerAndProxy.getProxy(PeerProxyMap.java:67)
	at org.apache.ratis.util.PeerProxyMap.getProxy(PeerProxyMap.java:124)
	at org.apache.ratis.grpc.server.GrpcLogAppender.getClient(GrpcLogAppender.java:207)
	at org.apache.ratis.grpc.server.GrpcLogAppender.resetClient(GrpcLogAppender.java:212)
	at org.apache.ratis.grpc.server.GrpcLogAppender.access$800(GrpcLogAppender.java:70)
	at org.apache.ratis.grpc.server.GrpcLogAppender$AppendLogResponseHandler.onCompleted(GrpcLogAppender.java:559)
	at org.apache.ratis.thirdparty.io.grpc.stub.ClientCalls$StreamObserverToCallListenerAdapter.onClose(ClientCalls.java:562)
	at org.apache.ratis.thirdparty.io.grpc.internal.ClientCallImpl.closeObserver(ClientCallImpl.java:565)
	at org.apache.ratis.thirdparty.io.grpc.internal.ClientCallImpl.access$100(ClientCallImpl.java:72)
	at org.apache.ratis.thirdparty.io.grpc.internal.ClientCallImpl$ClientStreamListenerImpl$1StreamClosed.runInternal(ClientCallImpl.java:733)
	at org.apache.ratis.thirdparty.io.grpc.internal.ClientCallImpl$ClientStreamListenerImpl$1StreamClosed.runInContext(ClientCallImpl.java:714)
	at org.apache.ratis.thirdparty.io.grpc.internal.ContextRunnable.run(ContextRunnable.java:37)
	at org.apache.ratis.thirdparty.io.grpc.internal.SerializingExecutor.run(SerializingExecutor.java:133)
	at java.base/java.util.concurrent.ThreadPoolExecutor.runWorker(ThreadPoolExecutor.java:1144)
	at java.base/java.util.concurrent.ThreadPoolExecutor$Worker.run(ThreadPoolExecutor.java:642)
	at java.base/java.lang.Thread.run(Thread.java:1583)
2025-09-19 20:44:39,254 [ForkJoinPool-1-worker-1] INFO  server.GrpcServicesImpl (GrpcServicesImpl.java:closeImpl(364)) - b5a25cc1-46d3-4381-a194-bd68f4526f1c: shutdown server org.apache.ratis.grpc.server.GrpcClientProtocolService successfully
2025-09-19 20:44:39,254 [ForkJoinPool-1-worker-1] INFO  server.GrpcServicesImpl (GrpcServicesImpl.java:closeImpl(355)) - b5a25cc1-46d3-4381-a194-bd68f4526f1c: shutdown server GrpcServerProtocolService now
2025-09-19 20:44:39,239 [grpc-default-executor-7] INFO  server.GrpcLogAppender (GrpcLogAppender.java:onCompleted(558)) - b5a25cc1-46d3-4381-a194-bd68f4526f1c@group-715EBF8096A7->8eb9963e-bce0-4155-aea2-e442cadff8bd-AppendLogResponseHandler: follower responses appendEntries COMPLETED
2025-09-19 20:44:39,256 [grpc-default-executor-7] WARN  server.GrpcLogAppender (GrpcLogAppender.java:resetClient(237)) - b5a25cc1-46d3-4381-a194-bd68f4526f1c@group-715EBF8096A7->8eb9963e-bce0-4155-aea2-e442cadff8bd-GrpcLogAppender: Failed to getClient for 8eb9963e-bce0-4155-aea2-e442cadff8bd
org.apache.ratis.protocol.exceptions.AlreadyClosedException: b5a25cc1-46d3-4381-a194-bd68f4526f1c is already CLOSED
	at org.apache.ratis.util.PeerProxyMap$PeerAndProxy.getProxy(PeerProxyMap.java:67)
	at org.apache.ratis.util.PeerProxyMap.getProxy(PeerProxyMap.java:124)
	at org.apache.ratis.grpc.server.GrpcLogAppender.getClient(GrpcLogAppender.java:207)
	at org.apache.ratis.grpc.server.GrpcLogAppender.resetClient(GrpcLogAppender.java:212)
	at org.apache.ratis.grpc.server.GrpcLogAppender.access$800(GrpcLogAppender.java:70)
	at org.apache.ratis.grpc.server.GrpcLogAppender$AppendLogResponseHandler.onCompleted(GrpcLogAppender.java:559)
	at org.apache.ratis.thirdparty.io.grpc.stub.ClientCalls$StreamObserverToCallListenerAdapter.onClose(ClientCalls.java:562)
	at org.apache.ratis.thirdparty.io.grpc.internal.DelayedClientCall$DelayedListener$3.run(DelayedClientCall.java:489)
	at org.apache.ratis.thirdparty.io.grpc.internal.DelayedClientCall$DelayedListener.delayOrExecute(DelayedClientCall.java:453)
	at org.apache.ratis.thirdparty.io.grpc.internal.DelayedClientCall$DelayedListener.onClose(DelayedClientCall.java:486)
	at org.apache.ratis.thirdparty.io.grpc.internal.ClientCallImpl.closeObserver(ClientCallImpl.java:565)
	at org.apache.ratis.thirdparty.io.grpc.internal.ClientCallImpl.access$100(ClientCallImpl.java:72)
	at org.apache.ratis.thirdparty.io.grpc.internal.ClientCallImpl$ClientStreamListenerImpl$1StreamClosed.runInternal(ClientCallImpl.java:733)
	at org.apache.ratis.thirdparty.io.grpc.internal.ClientCallImpl$ClientStreamListenerImpl$1StreamClosed.runInContext(ClientCallImpl.java:714)
	at org.apache.ratis.thirdparty.io.grpc.internal.ContextRunnable.run(ContextRunnable.java:37)
	at org.apache.ratis.thirdparty.io.grpc.internal.SerializingExecutor.run(SerializingExecutor.java:133)
	at java.base/java.util.concurrent.ThreadPoolExecutor.runWorker(ThreadPoolExecutor.java:1144)
	at java.base/java.util.concurrent.ThreadPoolExecutor$Worker.run(ThreadPoolExecutor.java:642)
	at java.base/java.lang.Thread.run(Thread.java:1583)
2025-09-19 20:44:39,238 [b5a25cc1-46d3-4381-a194-bd68f4526f1c@group-A751954341BD-StateMachineUpdater] INFO  ratis.ContainerStateMachine (ContainerStateMachine.java:takeSnapshot(436)) - group-A751954341BD: Finished taking a snapshot at:(t:2, i:13) file:/home/runner/work/ozone/ozone/hadoop-ozone/integration-test/target/test-dir/MiniOzoneClusterImpl-990002c2-bb69-4aa2-bd68-28a5e13e86ef/ozone-metadata/datanode-3/ratis/e102d630-0766-4c9c-a6ac-a751954341bd/sm/snapshot.2_13 took: 5 ms
2025-09-19 20:44:39,256 [b5a25cc1-46d3-4381-a194-bd68f4526f1c@group-715EBF8096A7-StateMachineUpdater] INFO  ratis.ContainerStateMachine (ContainerStateMachine.java:takeSnapshot(436)) - group-715EBF8096A7: Finished taking a snapshot at:(t:4, i:10) file:/home/runner/work/ozone/ozone/hadoop-ozone/integration-test/target/test-dir/MiniOzoneClusterImpl-990002c2-bb69-4aa2-bd68-28a5e13e86ef/ozone-metadata/datanode-3/ratis/958000d3-2396-49be-82e9-715ebf8096a7/sm/snapshot.4_10 took: 16 ms
2025-09-19 20:44:39,256 [b5a25cc1-46d3-4381-a194-bd68f4526f1c@group-715EBF8096A7-StateMachineUpdater] INFO  impl.StateMachineUpdater (StateMachineUpdater.java:takeSnapshot(307)) - b5a25cc1-46d3-4381-a194-bd68f4526f1c@group-715EBF8096A7-StateMachineUpdater: Took a snapshot at index 10
2025-09-19 20:44:39,256 [b5a25cc1-46d3-4381-a194-bd68f4526f1c@group-715EBF8096A7-StateMachineUpdater] INFO  impl.StateMachineUpdater (StateMachineUpdater.java:lambda$new$0(101)) - b5a25cc1-46d3-4381-a194-bd68f4526f1c@group-715EBF8096A7-StateMachineUpdater: snapshotIndex: updateIncreasingly 4 -> 10
2025-09-19 20:44:39,256 [b5a25cc1-46d3-4381-a194-bd68f4526f1c@group-715EBF8096A7-StateMachineUpdater] INFO  impl.StateMachineUpdater (StateMachineUpdater.java:stop(140)) - b5a25cc1-46d3-4381-a194-bd68f4526f1c@group-715EBF8096A7-StateMachineUpdater: closing ContainerStateMachine, lastApplied=(t:4, i:10)
2025-09-19 20:44:39,255 [b5a25cc1-46d3-4381-a194-bd68f4526f1c@group-88B5B3DD1307-cacheEviction-AwaitToRun] INFO  util.AwaitToRun (AwaitToRun.java:run(49)) - b5a25cc1-46d3-4381-a194-bd68f4526f1c@group-88B5B3DD1307-cacheEviction-AwaitToRun-AwaitForSignal is interrupted
2025-09-19 20:44:39,257 [b5a25cc1-46d3-4381-a194-bd68f4526f1c@group-A751954341BD-StateMachineUpdater] INFO  impl.StateMachineUpdater (StateMachineUpdater.java:takeSnapshot(307)) - b5a25cc1-46d3-4381-a194-bd68f4526f1c@group-A751954341BD-StateMachineUpdater: Took a snapshot at index 13
2025-09-19 20:44:39,257 [b5a25cc1-46d3-4381-a194-bd68f4526f1c@group-A751954341BD-StateMachineUpdater] INFO  impl.StateMachineUpdater (StateMachineUpdater.java:lambda$new$0(101)) - b5a25cc1-46d3-4381-a194-bd68f4526f1c@group-A751954341BD-StateMachineUpdater: snapshotIndex: updateIncreasingly 0 -> 13
2025-09-19 20:44:39,257 [b5a25cc1-46d3-4381-a194-bd68f4526f1c@group-A751954341BD-StateMachineUpdater] INFO  impl.StateMachineUpdater (StateMachineUpdater.java:stop(140)) - b5a25cc1-46d3-4381-a194-bd68f4526f1c@group-A751954341BD-StateMachineUpdater: closing ContainerStateMachine, lastApplied=(t:2, i:13)
2025-09-19 20:44:39,252 [grpc-default-executor-8] INFO  server.GrpcLogAppender (GrpcLogAppender.java:onCompleted(558)) - b5a25cc1-46d3-4381-a194-bd68f4526f1c@group-715EBF8096A7->0df1231c-9f8a-4757-a7d0-f6d7f53bc482-AppendLogResponseHandler: follower responses appendEntries COMPLETED
2025-09-19 20:44:39,257 [grpc-default-executor-8] WARN  server.GrpcLogAppender (GrpcLogAppender.java:resetClient(237)) - b5a25cc1-46d3-4381-a194-bd68f4526f1c@group-715EBF8096A7->0df1231c-9f8a-4757-a7d0-f6d7f53bc482-GrpcLogAppender: Failed to getClient for 0df1231c-9f8a-4757-a7d0-f6d7f53bc482
org.apache.ratis.protocol.exceptions.AlreadyClosedException: b5a25cc1-46d3-4381-a194-bd68f4526f1c is already CLOSED
	at org.apache.ratis.util.PeerProxyMap$PeerAndProxy.getProxy(PeerProxyMap.java:67)
	at org.apache.ratis.util.PeerProxyMap.getProxy(PeerProxyMap.java:124)
	at org.apache.ratis.grpc.server.GrpcLogAppender.getClient(GrpcLogAppender.java:207)
	at org.apache.ratis.grpc.server.GrpcLogAppender.resetClient(GrpcLogAppender.java:212)
	at org.apache.ratis.grpc.server.GrpcLogAppender.access$800(GrpcLogAppender.java:70)
	at org.apache.ratis.grpc.server.GrpcLogAppender$AppendLogResponseHandler.onCompleted(GrpcLogAppender.java:559)
	at org.apache.ratis.thirdparty.io.grpc.stub.ClientCalls$StreamObserverToCallListenerAdapter.onClose(ClientCalls.java:562)
	at org.apache.ratis.thirdparty.io.grpc.internal.DelayedClientCall$DelayedListener$3.run(DelayedClientCall.java:489)
	at org.apache.ratis.thirdparty.io.grpc.internal.DelayedClientCall$DelayedListener.delayOrExecute(DelayedClientCall.java:453)
	at org.apache.ratis.thirdparty.io.grpc.internal.DelayedClientCall$DelayedListener.onClose(DelayedClientCall.java:486)
	at org.apache.ratis.thirdparty.io.grpc.internal.ClientCallImpl.closeObserver(ClientCallImpl.java:565)
	at org.apache.ratis.thirdparty.io.grpc.internal.ClientCallImpl.access$100(ClientCallImpl.java:72)
	at org.apache.ratis.thirdparty.io.grpc.internal.ClientCallImpl$ClientStreamListenerImpl$1StreamClosed.runInternal(ClientCallImpl.java:733)
	at org.apache.ratis.thirdparty.io.grpc.internal.ClientCallImpl$ClientStreamListenerImpl$1StreamClosed.runInContext(ClientCallImpl.java:714)
	at org.apache.ratis.thirdparty.io.grpc.internal.ContextRunnable.run(ContextRunnable.java:37)
	at org.apache.ratis.thirdparty.io.grpc.internal.SerializingExecutor.run(SerializingExecutor.java:133)
	at java.base/java.util.concurrent.ThreadPoolExecutor.runWorker(ThreadPoolExecutor.java:1144)
	at java.base/java.util.concurrent.ThreadPoolExecutor$Worker.run(ThreadPoolExecutor.java:642)
	at java.base/java.lang.Thread.run(Thread.java:1583)
2025-09-19 20:44:39,258 [b5a25cc1-46d3-4381-a194-bd68f4526f1c@group-A751954341BD-cacheEviction-AwaitToRun] INFO  util.AwaitToRun (AwaitToRun.java:run(49)) - b5a25cc1-46d3-4381-a194-bd68f4526f1c@group-A751954341BD-cacheEviction-AwaitToRun-AwaitForSignal is interrupted
2025-09-19 20:44:39,259 [grpc-default-executor-7] WARN  server.GrpcServerProtocolService (LogUtils.java:warn(127)) - b5a25cc1-46d3-4381-a194-bd68f4526f1c: APPEND_ENTRIES onError, lastRequest: 8eb9963e-bce0-4155-aea2-e442cadff8bd->b5a25cc1-46d3-4381-a194-bd68f4526f1c#43-t2,previous=(t:2, i:13),leaderCommit=13,initializing? false,entries: size=1, first=(t:2, i:14), METADATAENTRY(c:13): org.apache.ratis.thirdparty.io.grpc.StatusRuntimeException: CANCELLED: client cancelled
2025-09-19 20:44:39,259 [ForkJoinPool-1-worker-1] INFO  server.GrpcServicesImpl (GrpcServicesImpl.java:closeImpl(364)) - b5a25cc1-46d3-4381-a194-bd68f4526f1c: shutdown server GrpcServerProtocolService successfully
2025-09-19 20:44:39,259 [ForkJoinPool-1-worker-1] INFO  server.GrpcServicesImpl (GrpcServicesImpl.java:closeImpl(355)) - b5a25cc1-46d3-4381-a194-bd68f4526f1c: shutdown server org.apache.ratis.grpc.server.GrpcAdminProtocolService now
2025-09-19 20:44:39,260 [b5a25cc1-46d3-4381-a194-bd68f4526f1c@group-715EBF8096A7-cacheEviction-AwaitToRun] INFO  util.AwaitToRun (AwaitToRun.java:run(49)) - b5a25cc1-46d3-4381-a194-bd68f4526f1c@group-715EBF8096A7-cacheEviction-AwaitToRun-AwaitForSignal is interrupted
2025-09-19 20:44:39,260 [grpc-default-executor-9] WARN  server.GrpcLogAppender (LogUtils.java:warn(127)) - 8eb9963e-bce0-4155-aea2-e442cadff8bd@group-A751954341BD->b5a25cc1-46d3-4381-a194-bd68f4526f1c-AppendLogResponseHandler: Failed appendEntries: org.apache.ratis.thirdparty.io.grpc.StatusRuntimeException: CANCELLED: RST_STREAM closed stream. HTTP/2 error code: CANCEL
2025-09-19 20:44:39,260 [grpc-default-executor-9] WARN  server.GrpcLogAppender (GrpcLogAppender.java:lambda$resetClient$1(228)) - 8eb9963e-bce0-4155-aea2-e442cadff8bd@group-A751954341BD->b5a25cc1-46d3-4381-a194-bd68f4526f1c-GrpcLogAppender: Follower failed (request=null, errorCount=1); keep nextIndex (15) unchanged and retry.
2025-09-19 20:44:39,261 [ForkJoinPool-1-worker-1] INFO  server.GrpcServicesImpl (GrpcServicesImpl.java:closeImpl(364)) - b5a25cc1-46d3-4381-a194-bd68f4526f1c: shutdown server org.apache.ratis.grpc.server.GrpcAdminProtocolService successfully
2025-09-19 20:44:39,262 [grpc-default-executor-2] WARN  server.GrpcServerProtocolService (LogUtils.java:warn(127)) - b5a25cc1-46d3-4381-a194-bd68f4526f1c: APPEND_ENTRIES onError, lastRequest: null: org.apache.ratis.thirdparty.io.grpc.StatusRuntimeException: CANCELLED: client cancelled
2025-09-19 20:44:39,262 [b5a25cc1-46d3-4381-a194-bd68f4526f1c-NettyServerStreamRpc-bossGroup--thread1] INFO  logging.LoggingHandler (AbstractInternalLogger.java:log(148)) - [id: 0x023cd176, L:/0.0.0.0:15032] CLOSE
2025-09-19 20:44:39,262 [b5a25cc1-46d3-4381-a194-bd68f4526f1c-NettyServerStreamRpc-bossGroup--thread1] INFO  logging.LoggingHandler (AbstractInternalLogger.java:log(148)) - [id: 0x023cd176, L:/0.0.0.0:15032] INACTIVE
2025-09-19 20:44:39,262 [b5a25cc1-46d3-4381-a194-bd68f4526f1c-NettyServerStreamRpc-bossGroup--thread1] INFO  logging.LoggingHandler (AbstractInternalLogger.java:log(148)) - [id: 0x023cd176, L:/0.0.0.0:15032] UNREGISTERED
2025-09-19 20:44:39,363 [b5a25cc1-46d3-4381-a194-bd68f4526f1c-impl-thread2] INFO  segmented.SegmentedRaftLogWorker (SegmentedRaftLogWorker.java:close(254)) - b5a25cc1-46d3-4381-a194-bd68f4526f1c@group-715EBF8096A7-SegmentedRaftLogWorker close()
2025-09-19 20:44:39,363 [b5a25cc1-46d3-4381-a194-bd68f4526f1c-impl-thread2] INFO  ratis.ContainerStateMachine (ContainerStateMachine.java:notifyServerShutdown(1038)) - group-715EBF8096A7 is closed by HddsDatanodeService
2025-09-19 20:44:39,844 [b5a25cc1-46d3-4381-a194-bd68f4526f1c-impl-thread1] INFO  segmented.SegmentedRaftLogWorker (SegmentedRaftLogWorker.java:close(254)) - b5a25cc1-46d3-4381-a194-bd68f4526f1c@group-88B5B3DD1307-SegmentedRaftLogWorker close()
2025-09-19 20:44:39,845 [b5a25cc1-46d3-4381-a194-bd68f4526f1c-impl-thread1] INFO  ratis.ContainerStateMachine (ContainerStateMachine.java:notifyServerShutdown(1038)) - group-88B5B3DD1307 is closed by HddsDatanodeService
2025-09-19 20:44:40,121 [b5a25cc1-46d3-4381-a194-bd68f4526f1c-impl-thread3] INFO  segmented.SegmentedRaftLogWorker (SegmentedRaftLogWorker.java:close(254)) - b5a25cc1-46d3-4381-a194-bd68f4526f1c@group-A751954341BD-SegmentedRaftLogWorker close()
2025-09-19 20:44:40,121 [b5a25cc1-46d3-4381-a194-bd68f4526f1c-impl-thread3] INFO  ratis.ContainerStateMachine (ContainerStateMachine.java:notifyServerShutdown(1038)) - group-A751954341BD is closed by HddsDatanodeService
2025-09-19 20:44:40,122 [JvmPauseMonitor13] INFO  util.JvmPauseMonitor (JvmPauseMonitor.java:run(152)) - JvmPauseMonitor-b5a25cc1-46d3-4381-a194-bd68f4526f1c: Stopped
2025-09-19 20:44:40,382 [0df1231c-9f8a-4757-a7d0-f6d7f53bc482@group-715EBF8096A7-FollowerState] INFO  impl.FollowerState (FollowerState.java:runImpl(161)) - 0df1231c-9f8a-4757-a7d0-f6d7f53bc482@group-715EBF8096A7-FollowerState: change to CANDIDATE, lastRpcElapsedTime:1494955377ns, electionTimeout:1090ms
2025-09-19 20:44:40,382 [0df1231c-9f8a-4757-a7d0-f6d7f53bc482@group-715EBF8096A7-FollowerState] INFO  impl.RoleInfo (RoleInfo.java:shutdownFollowerState(121)) - 0df1231c-9f8a-4757-a7d0-f6d7f53bc482: shutdown 0df1231c-9f8a-4757-a7d0-f6d7f53bc482@group-715EBF8096A7-FollowerState
2025-09-19 20:44:40,382 [0df1231c-9f8a-4757-a7d0-f6d7f53bc482@group-715EBF8096A7-FollowerState] INFO  server.RaftServer$Division (RaftServerImpl.java:setRole(392)) - 0df1231c-9f8a-4757-a7d0-f6d7f53bc482@group-715EBF8096A7: changes role from  FOLLOWER to CANDIDATE at term 4 for changeToCandidate
2025-09-19 20:44:40,382 [0df1231c-9f8a-4757-a7d0-f6d7f53bc482@group-715EBF8096A7-FollowerState] INFO  impl.RoleInfo (RoleInfo.java:updateAndGet(148)) - 0df1231c-9f8a-4757-a7d0-f6d7f53bc482: start 0df1231c-9f8a-4757-a7d0-f6d7f53bc482@group-715EBF8096A7-LeaderElection154
2025-09-19 20:44:40,382 [0df1231c-9f8a-4757-a7d0-f6d7f53bc482@group-715EBF8096A7-LeaderElection154] INFO  server.RaftServer$Division (ServerState.java:setLeader(272)) - 0df1231c-9f8a-4757-a7d0-f6d7f53bc482@group-715EBF8096A7: change Leader from b5a25cc1-46d3-4381-a194-bd68f4526f1c to null at term 4 for PRE_VOTE
2025-09-19 20:44:40,383 [0df1231c-9f8a-4757-a7d0-f6d7f53bc482@group-715EBF8096A7-LeaderElection154] INFO  impl.LeaderElection (LeaderElection.java:askForVotes(448)) - 0df1231c-9f8a-4757-a7d0-f6d7f53bc482@group-715EBF8096A7-LeaderElection154 PRE_VOTE round 0: submit vote requests at term 4 for conf: {index: 9, cur=peers:[b5a25cc1-46d3-4381-a194-bd68f4526f1c|127.0.0.1:15031, 0df1231c-9f8a-4757-a7d0-f6d7f53bc482|127.0.0.1:15023, 8eb9963e-bce0-4155-aea2-e442cadff8bd|127.0.0.1:15015]|listeners:[], old=null}
2025-09-19 20:44:40,384 [0df1231c-9f8a-4757-a7d0-f6d7f53bc482@group-715EBF8096A7-LeaderElection154] INFO  impl.LeaderElection (LogUtils.java:infoOrTrace(142)) - 0df1231c-9f8a-4757-a7d0-f6d7f53bc482@group-715EBF8096A7-LeaderElection154 got exception when requesting votes: java.util.concurrent.ExecutionException: org.apache.ratis.thirdparty.io.grpc.StatusRuntimeException: UNAVAILABLE: io exception
2025-09-19 20:44:40,385 [grpc-default-executor-9] INFO  server.RaftServer$Division (RaftServerImpl.java:requestVote(1421)) - 8eb9963e-bce0-4155-aea2-e442cadff8bd@group-715EBF8096A7: receive requestVote(PRE_VOTE, 0df1231c-9f8a-4757-a7d0-f6d7f53bc482, group-715EBF8096A7, 4, (t:4, i:10))
2025-09-19 20:44:40,385 [grpc-default-executor-9] INFO  impl.VoteContext (VoteContext.java:log(49)) - 8eb9963e-bce0-4155-aea2-e442cadff8bd@group-715EBF8096A7-FOLLOWER: accept PRE_VOTE from 0df1231c-9f8a-4757-a7d0-f6d7f53bc482: our priority 0 <= candidate's priority 0
2025-09-19 20:44:40,385 [grpc-default-executor-9] INFO  server.RaftServer$Division (RaftServerImpl.java:requestVote(1455)) - 8eb9963e-bce0-4155-aea2-e442cadff8bd@group-715EBF8096A7 replies to PRE_VOTE vote request: 0df1231c-9f8a-4757-a7d0-f6d7f53bc482<-8eb9963e-bce0-4155-aea2-e442cadff8bd#0:OK-t4-last:(t:4, i:10). Peer's state: 8eb9963e-bce0-4155-aea2-e442cadff8bd@group-715EBF8096A7:t4, leader=b5a25cc1-46d3-4381-a194-bd68f4526f1c, voted=b5a25cc1-46d3-4381-a194-bd68f4526f1c, raftlog=Memoized:8eb9963e-bce0-4155-aea2-e442cadff8bd@group-715EBF8096A7-SegmentedRaftLog:OPENED:c10:last(t:4, i:10), conf=conf: {index: 9, cur=peers:[b5a25cc1-46d3-4381-a194-bd68f4526f1c|127.0.0.1:15031, 0df1231c-9f8a-4757-a7d0-f6d7f53bc482|127.0.0.1:15023, 8eb9963e-bce0-4155-aea2-e442cadff8bd|127.0.0.1:15015]|listeners:[], old=null}
2025-09-19 20:44:40,386 [0df1231c-9f8a-4757-a7d0-f6d7f53bc482@group-715EBF8096A7-LeaderElection154] INFO  impl.LeaderElection (LeaderElection.java:logAndReturn(206)) - 0df1231c-9f8a-4757-a7d0-f6d7f53bc482@group-715EBF8096A7-LeaderElection154: PRE_VOTE PASSED received 1 response(s) and 1 exception(s):
2025-09-19 20:44:40,386 [0df1231c-9f8a-4757-a7d0-f6d7f53bc482@group-715EBF8096A7-LeaderElection154] INFO  impl.LeaderElection (LeaderElection.java:logAndReturn(210)) -   Response 0: 0df1231c-9f8a-4757-a7d0-f6d7f53bc482<-8eb9963e-bce0-4155-aea2-e442cadff8bd#0:OK-t4-last:(t:4, i:10)
2025-09-19 20:44:40,386 [0df1231c-9f8a-4757-a7d0-f6d7f53bc482@group-715EBF8096A7-LeaderElection154] INFO  impl.LeaderElection (LogUtils.java:infoOrTrace(142)) -   Exception 1: java.util.concurrent.ExecutionException: org.apache.ratis.thirdparty.io.grpc.StatusRuntimeException: UNAVAILABLE: io exception
2025-09-19 20:44:40,386 [0df1231c-9f8a-4757-a7d0-f6d7f53bc482@group-715EBF8096A7-LeaderElection154] INFO  impl.LeaderElection (LeaderElection.java:askForVotes(450)) - 0df1231c-9f8a-4757-a7d0-f6d7f53bc482@group-715EBF8096A7-LeaderElection154 PRE_VOTE round 0: result PASSED
2025-09-19 20:44:40,387 [0df1231c-9f8a-4757-a7d0-f6d7f53bc482@group-715EBF8096A7-LeaderElection154] INFO  impl.LeaderElection (LeaderElection.java:askForVotes(448)) - 0df1231c-9f8a-4757-a7d0-f6d7f53bc482@group-715EBF8096A7-LeaderElection154 ELECTION round 0: submit vote requests at term 5 for conf: {index: 9, cur=peers:[b5a25cc1-46d3-4381-a194-bd68f4526f1c|127.0.0.1:15031, 0df1231c-9f8a-4757-a7d0-f6d7f53bc482|127.0.0.1:15023, 8eb9963e-bce0-4155-aea2-e442cadff8bd|127.0.0.1:15015]|listeners:[], old=null}
2025-09-19 20:44:40,388 [0df1231c-9f8a-4757-a7d0-f6d7f53bc482@group-715EBF8096A7-LeaderElection154] INFO  impl.LeaderElection (LogUtils.java:infoOrTrace(142)) - 0df1231c-9f8a-4757-a7d0-f6d7f53bc482@group-715EBF8096A7-LeaderElection154 got exception when requesting votes: java.util.concurrent.ExecutionException: org.apache.ratis.thirdparty.io.grpc.StatusRuntimeException: UNAVAILABLE: io exception
2025-09-19 20:44:40,389 [grpc-default-executor-9] INFO  server.RaftServer$Division (RaftServerImpl.java:requestVote(1421)) - 8eb9963e-bce0-4155-aea2-e442cadff8bd@group-715EBF8096A7: receive requestVote(ELECTION, 0df1231c-9f8a-4757-a7d0-f6d7f53bc482, group-715EBF8096A7, 5, (t:4, i:10))
2025-09-19 20:44:40,389 [grpc-default-executor-9] INFO  impl.VoteContext (VoteContext.java:log(49)) - 8eb9963e-bce0-4155-aea2-e442cadff8bd@group-715EBF8096A7-FOLLOWER: accept ELECTION from 0df1231c-9f8a-4757-a7d0-f6d7f53bc482: our priority 0 <= candidate's priority 0
2025-09-19 20:44:40,389 [grpc-default-executor-9] INFO  server.RaftServer$Division (RaftServerImpl.java:setRole(392)) - 8eb9963e-bce0-4155-aea2-e442cadff8bd@group-715EBF8096A7: changes role from  FOLLOWER to FOLLOWER at term 4 for candidate:0df1231c-9f8a-4757-a7d0-f6d7f53bc482
2025-09-19 20:44:40,389 [grpc-default-executor-9] INFO  impl.RoleInfo (RoleInfo.java:shutdownFollowerState(121)) - 8eb9963e-bce0-4155-aea2-e442cadff8bd: shutdown 8eb9963e-bce0-4155-aea2-e442cadff8bd@group-715EBF8096A7-FollowerState
2025-09-19 20:44:40,389 [grpc-default-executor-9] INFO  server.RaftServer$Division (ServerState.java:setLeader(272)) - 8eb9963e-bce0-4155-aea2-e442cadff8bd@group-715EBF8096A7: change Leader from b5a25cc1-46d3-4381-a194-bd68f4526f1c to null at term 5 for updateCurrentTerm
2025-09-19 20:44:40,389 [grpc-default-executor-9] INFO  impl.RoleInfo (RoleInfo.java:updateAndGet(148)) - 8eb9963e-bce0-4155-aea2-e442cadff8bd: start 8eb9963e-bce0-4155-aea2-e442cadff8bd@group-715EBF8096A7-FollowerState
2025-09-19 20:44:40,389 [8eb9963e-bce0-4155-aea2-e442cadff8bd@group-715EBF8096A7-FollowerState] INFO  impl.FollowerState (FollowerState.java:runImpl(170)) - 8eb9963e-bce0-4155-aea2-e442cadff8bd@group-715EBF8096A7-FollowerState was interrupted
2025-09-19 20:44:40,390 [grpc-default-executor-9] INFO  server.RaftServer$Division (RaftServerImpl.java:requestVote(1455)) - 8eb9963e-bce0-4155-aea2-e442cadff8bd@group-715EBF8096A7 replies to ELECTION vote request: 0df1231c-9f8a-4757-a7d0-f6d7f53bc482<-8eb9963e-bce0-4155-aea2-e442cadff8bd#0:OK-t5-last:(t:4, i:10). Peer's state: 8eb9963e-bce0-4155-aea2-e442cadff8bd@group-715EBF8096A7:t5, leader=null, voted=0df1231c-9f8a-4757-a7d0-f6d7f53bc482, raftlog=Memoized:8eb9963e-bce0-4155-aea2-e442cadff8bd@group-715EBF8096A7-SegmentedRaftLog:OPENED:c10:last(t:4, i:10), conf=conf: {index: 9, cur=peers:[b5a25cc1-46d3-4381-a194-bd68f4526f1c|127.0.0.1:15031, 0df1231c-9f8a-4757-a7d0-f6d7f53bc482|127.0.0.1:15023, 8eb9963e-bce0-4155-aea2-e442cadff8bd|127.0.0.1:15015]|listeners:[], old=null}
2025-09-19 20:44:40,391 [0df1231c-9f8a-4757-a7d0-f6d7f53bc482@group-715EBF8096A7-LeaderElection154] INFO  impl.LeaderElection (LeaderElection.java:logAndReturn(206)) - 0df1231c-9f8a-4757-a7d0-f6d7f53bc482@group-715EBF8096A7-LeaderElection154: ELECTION PASSED received 1 response(s) and 1 exception(s):
2025-09-19 20:44:40,391 [0df1231c-9f8a-4757-a7d0-f6d7f53bc482@group-715EBF8096A7-LeaderElection154] INFO  impl.LeaderElection (LeaderElection.java:logAndReturn(210)) -   Response 0: 0df1231c-9f8a-4757-a7d0-f6d7f53bc482<-8eb9963e-bce0-4155-aea2-e442cadff8bd#0:OK-t5-last:(t:4, i:10)
2025-09-19 20:44:40,391 [0df1231c-9f8a-4757-a7d0-f6d7f53bc482@group-715EBF8096A7-LeaderElection154] INFO  impl.LeaderElection (LogUtils.java:infoOrTrace(142)) -   Exception 1: java.util.concurrent.ExecutionException: org.apache.ratis.thirdparty.io.grpc.StatusRuntimeException: UNAVAILABLE: io exception
2025-09-19 20:44:40,391 [0df1231c-9f8a-4757-a7d0-f6d7f53bc482@group-715EBF8096A7-LeaderElection154] INFO  impl.LeaderElection (LeaderElection.java:askForVotes(450)) - 0df1231c-9f8a-4757-a7d0-f6d7f53bc482@group-715EBF8096A7-LeaderElection154 ELECTION round 0: result PASSED
2025-09-19 20:44:40,391 [0df1231c-9f8a-4757-a7d0-f6d7f53bc482@group-715EBF8096A7-LeaderElection154] INFO  impl.RoleInfo (RoleInfo.java:shutdownLeaderElection(141)) - 0df1231c-9f8a-4757-a7d0-f6d7f53bc482: shutdown 0df1231c-9f8a-4757-a7d0-f6d7f53bc482@group-715EBF8096A7-LeaderElection154
2025-09-19 20:44:40,391 [0df1231c-9f8a-4757-a7d0-f6d7f53bc482@group-715EBF8096A7-LeaderElection154] INFO  server.RaftServer$Division (RaftServerImpl.java:setRole(392)) - 0df1231c-9f8a-4757-a7d0-f6d7f53bc482@group-715EBF8096A7: changes role from CANDIDATE to LEADER at term 5 for changeToLeader
2025-09-19 20:44:40,391 [0df1231c-9f8a-4757-a7d0-f6d7f53bc482@group-715EBF8096A7-LeaderElection154] INFO  server.RaftServerConfigKeys (ConfUtils.java:logFallback(69)) - raft.server.staging.timeout = 3600ms (fallback to raft.server.rpc.timeout.max)
2025-09-19 20:44:40,392 [0df1231c-9f8a-4757-a7d0-f6d7f53bc482@group-715EBF8096A7-LeaderElection154] INFO  server.RaftServerConfigKeys (ConfUtils.java:logGet(62)) - raft.server.write.byte-limit = 1024 M (=1073741824) (custom)
2025-09-19 20:44:40,393 [0df1231c-9f8a-4757-a7d0-f6d7f53bc482@group-715EBF8096A7-LeaderElection154] INFO  server.RaftServerConfigKeys (ConfUtils.java:logGet(62)) - raft.server.log.appender.buffer.byte-limit = 33554432 (custom)
2025-09-19 20:44:40,393 [0df1231c-9f8a-4757-a7d0-f6d7f53bc482@group-715EBF8096A7-LeaderElection154] INFO  server.RaftServerConfigKeys (ConfUtils.java:logGet(62)) - raft.server.log.appender.buffer.byte-limit = 33554432 (custom)
2025-09-19 20:44:40,394 [0df1231c-9f8a-4757-a7d0-f6d7f53bc482@group-715EBF8096A7-LeaderElection154] INFO  impl.RoleInfo (RoleInfo.java:updateAndGet(148)) - 0df1231c-9f8a-4757-a7d0-f6d7f53bc482: start 0df1231c-9f8a-4757-a7d0-f6d7f53bc482@group-715EBF8096A7-LeaderStateImpl
2025-09-19 20:44:40,394 [0df1231c-9f8a-4757-a7d0-f6d7f53bc482@group-715EBF8096A7-LeaderElection154] INFO  ratis.XceiverServerRatis (XceiverServerRatis.java:handleLeaderChangedNotification(942)) - Leader change notification received for group: group-715EBF8096A7 with new leaderId: 0df1231c-9f8a-4757-a7d0-f6d7f53bc482
2025-09-19 20:44:40,394 [0df1231c-9f8a-4757-a7d0-f6d7f53bc482@group-715EBF8096A7-LeaderElection154] INFO  server.RaftServer$Division (ServerState.java:setLeader(272)) - 0df1231c-9f8a-4757-a7d0-f6d7f53bc482@group-715EBF8096A7: change Leader from null to 0df1231c-9f8a-4757-a7d0-f6d7f53bc482 at term 5 for becomeLeader, leader elected after 11ms
2025-09-19 20:44:40,394 [0df1231c-9f8a-4757-a7d0-f6d7f53bc482@group-715EBF8096A7-LeaderElection154] INFO  segmented.SegmentedRaftLogWorker (SegmentedRaftLogWorker.java:rollLogSegment(445)) - 0df1231c-9f8a-4757-a7d0-f6d7f53bc482@group-715EBF8096A7-SegmentedRaftLogWorker: Rolling segment log-9_10 to index:10
2025-09-19 20:44:40,395 [0df1231c-9f8a-4757-a7d0-f6d7f53bc482@group-715EBF8096A7-LeaderElection154] INFO  server.RaftServer$Division (ServerState.java:setRaftConf(386)) - 0df1231c-9f8a-4757-a7d0-f6d7f53bc482@group-715EBF8096A7: set configuration conf: {index: 11, cur=peers:[b5a25cc1-46d3-4381-a194-bd68f4526f1c|127.0.0.1:15031, 0df1231c-9f8a-4757-a7d0-f6d7f53bc482|127.0.0.1:15023, 8eb9963e-bce0-4155-aea2-e442cadff8bd|127.0.0.1:15015]|listeners:[], old=null}
2025-09-19 20:44:40,396 [grpc-default-executor-9] WARN  server.GrpcLogAppender (LogUtils.java:warn(127)) - 0df1231c-9f8a-4757-a7d0-f6d7f53bc482@group-715EBF8096A7->b5a25cc1-46d3-4381-a194-bd68f4526f1c-AppendLogResponseHandler: Failed appendEntries: org.apache.ratis.thirdparty.io.grpc.StatusRuntimeException: UNAVAILABLE: io exception
  Caused by: org.apache.ratis.thirdparty.io.netty.channel.AbstractChannel$AnnotatedConnectException: finishConnect(..) failed: Connection refused: /127.0.0.1:15031
  Caused by: java.net.ConnectException: finishConnect(..) failed: Connection refused
2025-09-19 20:44:40,396 [0df1231c-9f8a-4757-a7d0-f6d7f53bc482@group-715EBF8096A7-SegmentedRaftLogWorker] INFO  segmented.SegmentedRaftLogWorker (SegmentedRaftLogWorker.java:execute(604)) - 0df1231c-9f8a-4757-a7d0-f6d7f53bc482@group-715EBF8096A7-SegmentedRaftLogWorker: Rolled log segment from /home/runner/work/ozone/ozone/hadoop-ozone/integration-test/target/test-dir/MiniOzoneClusterImpl-990002c2-bb69-4aa2-bd68-28a5e13e86ef/ozone-metadata/datanode-2/ratis/958000d3-2396-49be-82e9-715ebf8096a7/current/log_inprogress_9 to /home/runner/work/ozone/ozone/hadoop-ozone/integration-test/target/test-dir/MiniOzoneClusterImpl-990002c2-bb69-4aa2-bd68-28a5e13e86ef/ozone-metadata/datanode-2/ratis/958000d3-2396-49be-82e9-715ebf8096a7/current/log_9-10
2025-09-19 20:44:40,396 [grpc-default-executor-9] WARN  server.GrpcLogAppender (GrpcLogAppender.java:lambda$resetClient$1(228)) - 0df1231c-9f8a-4757-a7d0-f6d7f53bc482@group-715EBF8096A7->b5a25cc1-46d3-4381-a194-bd68f4526f1c-GrpcLogAppender: Follower failed (request=null, errorCount=1); keep nextIndex (11) unchanged and retry.
2025-09-19 20:44:40,396 [0df1231c-9f8a-4757-a7d0-f6d7f53bc482@group-715EBF8096A7-SegmentedRaftLogWorker] INFO  segmented.BufferedWriteChannel (BufferedWriteChannel.java:open(61)) - open log_inprogress_11 at position 0
2025-09-19 20:44:40,397 [grpc-default-executor-9] WARN  server.GrpcLogAppender (GrpcLogAppender.java:lambda$resetClient$1(228)) - 0df1231c-9f8a-4757-a7d0-f6d7f53bc482@group-715EBF8096A7->b5a25cc1-46d3-4381-a194-bd68f4526f1c-GrpcLogAppender: Follower failed (request=null, errorCount=2); keep nextIndex (12) unchanged and retry.
2025-09-19 20:44:40,399 [grpc-default-executor-3] INFO  ratis.XceiverServerRatis (XceiverServerRatis.java:handleLeaderChangedNotification(942)) - Leader change notification received for group: group-715EBF8096A7 with new leaderId: 0df1231c-9f8a-4757-a7d0-f6d7f53bc482
2025-09-19 20:44:40,399 [grpc-default-executor-3] INFO  server.RaftServer$Division (ServerState.java:setLeader(272)) - 8eb9963e-bce0-4155-aea2-e442cadff8bd@group-715EBF8096A7: change Leader from null to 0df1231c-9f8a-4757-a7d0-f6d7f53bc482 at term 5 for appendEntries, leader elected after 10ms
2025-09-19 20:44:40,400 [grpc-default-executor-3] INFO  server.RaftServer$Division (ServerState.java:setRaftConf(386)) - 8eb9963e-bce0-4155-aea2-e442cadff8bd@group-715EBF8096A7: set configuration conf: {index: 11, cur=peers:[b5a25cc1-46d3-4381-a194-bd68f4526f1c|127.0.0.1:15031, 0df1231c-9f8a-4757-a7d0-f6d7f53bc482|127.0.0.1:15023, 8eb9963e-bce0-4155-aea2-e442cadff8bd|127.0.0.1:15015]|listeners:[], old=null}
2025-09-19 20:44:40,400 [grpc-default-executor-3] INFO  segmented.SegmentedRaftLogWorker (SegmentedRaftLogWorker.java:rollLogSegment(445)) - 8eb9963e-bce0-4155-aea2-e442cadff8bd@group-715EBF8096A7-SegmentedRaftLogWorker: Rolling segment log-9_10 to index:10
2025-09-19 20:44:40,402 [8eb9963e-bce0-4155-aea2-e442cadff8bd@group-715EBF8096A7-SegmentedRaftLogWorker] INFO  segmented.SegmentedRaftLogWorker (SegmentedRaftLogWorker.java:execute(604)) - 8eb9963e-bce0-4155-aea2-e442cadff8bd@group-715EBF8096A7-SegmentedRaftLogWorker: Rolled log segment from /home/runner/work/ozone/ozone/hadoop-ozone/integration-test/target/test-dir/MiniOzoneClusterImpl-990002c2-bb69-4aa2-bd68-28a5e13e86ef/ozone-metadata/datanode-1/ratis/958000d3-2396-49be-82e9-715ebf8096a7/current/log_inprogress_9 to /home/runner/work/ozone/ozone/hadoop-ozone/integration-test/target/test-dir/MiniOzoneClusterImpl-990002c2-bb69-4aa2-bd68-28a5e13e86ef/ozone-metadata/datanode-1/ratis/958000d3-2396-49be-82e9-715ebf8096a7/current/log_9-10
2025-09-19 20:44:40,402 [8eb9963e-bce0-4155-aea2-e442cadff8bd@group-715EBF8096A7-SegmentedRaftLogWorker] INFO  segmented.BufferedWriteChannel (BufferedWriteChannel.java:open(61)) - open log_inprogress_11 at position 0
2025-09-19 20:44:40,403 [0df1231c-9f8a-4757-a7d0-f6d7f53bc482@group-715EBF8096A7-SegmentedRaftLogWorker] INFO  segmented.SegmentedRaftLogWorker (SegmentedRaftLogWorker.java:execute(647)) - 0df1231c-9f8a-4757-a7d0-f6d7f53bc482@group-715EBF8096A7-SegmentedRaftLogWorker: created new log segment /home/runner/work/ozone/ozone/hadoop-ozone/integration-test/target/test-dir/MiniOzoneClusterImpl-990002c2-bb69-4aa2-bd68-28a5e13e86ef/ozone-metadata/datanode-2/ratis/958000d3-2396-49be-82e9-715ebf8096a7/current/log_inprogress_11
2025-09-19 20:44:40,409 [8eb9963e-bce0-4155-aea2-e442cadff8bd@group-715EBF8096A7-SegmentedRaftLogWorker] INFO  segmented.SegmentedRaftLogWorker (SegmentedRaftLogWorker.java:execute(647)) - 8eb9963e-bce0-4155-aea2-e442cadff8bd@group-715EBF8096A7-SegmentedRaftLogWorker: created new log segment /home/runner/work/ozone/ozone/hadoop-ozone/integration-test/target/test-dir/MiniOzoneClusterImpl-990002c2-bb69-4aa2-bd68-28a5e13e86ef/ozone-metadata/datanode-1/ratis/958000d3-2396-49be-82e9-715ebf8096a7/current/log_inprogress_11
2025-09-19 20:44:40,411 [grpc-default-executor-2] WARN  server.GrpcLogAppender (GrpcLogAppender.java:lambda$resetClient$1(228)) - 0df1231c-9f8a-4757-a7d0-f6d7f53bc482@group-715EBF8096A7->b5a25cc1-46d3-4381-a194-bd68f4526f1c-GrpcLogAppender: Follower failed (request=null, errorCount=5); keep nextIndex (13) unchanged and retry.
2025-09-19 20:44:40,412 [0df1231c-9f8a-4757-a7d0-f6d7f53bc482@group-715EBF8096A7-StateMachineUpdater] INFO  server.RaftServer$Division (LeaderStateImpl.java:checkStartIndex(309)) - Leader 0df1231c-9f8a-4757-a7d0-f6d7f53bc482@group-715EBF8096A7-LeaderStateImpl is ready since appliedIndex == startIndex == 11
2025-09-19 20:44:42,125 [ForkJoinPool-1-worker-1] INFO  utils.DatanodeStoreCache (DatanodeStoreCache.java:shutdownCache(110)) - Skip clearing cache in mini cluster mode. Entries left: [/home/runner/work/ozone/ozone/hadoop-ozone/integration-test/target/test-dir/MiniOzoneClusterImpl-990002c2-bb69-4aa2-bd68-28a5e13e86ef/ozone-metadata/datanode-1/data-0/hdds/990002c2-bb69-4aa2-bd68-28a5e13e86ef/DS-3d966188-6e8b-4280-af48-36487f3106d4/container.db, /home/runner/work/ozone/ozone/hadoop-ozone/integration-test/target/test-dir/MiniOzoneClusterImpl-990002c2-bb69-4aa2-bd68-28a5e13e86ef/ozone-metadata/datanode-10/data-0/hdds/990002c2-bb69-4aa2-bd68-28a5e13e86ef/DS-d4d59647-a844-454f-9bbf-1ae447f964d1/container.db, /home/runner/work/ozone/ozone/hadoop-ozone/integration-test/target/test-dir/MiniOzoneClusterImpl-990002c2-bb69-4aa2-bd68-28a5e13e86ef/ozone-metadata/datanode-2/data-0/hdds/990002c2-bb69-4aa2-bd68-28a5e13e86ef/DS-69ac7518-6ece-4e77-96c1-96814a10e0cf/container.db, /home/runner/work/ozone/ozone/hadoop-ozone/integration-test/target/test-dir/MiniOzoneClusterImpl-990002c2-bb69-4aa2-bd68-28a5e13e86ef/ozone-metadata/datanode-3/data-0/hdds/990002c2-bb69-4aa2-bd68-28a5e13e86ef/DS-00f21907-a1b3-4a4a-aa5e-0adcb3313994/container.db, /home/runner/work/ozone/ozone/hadoop-ozone/integration-test/target/test-dir/MiniOzoneClusterImpl-990002c2-bb69-4aa2-bd68-28a5e13e86ef/ozone-metadata/datanode-4/data-0/hdds/990002c2-bb69-4aa2-bd68-28a5e13e86ef/DS-4e6824a3-16c7-4668-a829-65a4da2b6cb0/container.db, /home/runner/work/ozone/ozone/hadoop-ozone/integration-test/target/test-dir/MiniOzoneClusterImpl-990002c2-bb69-4aa2-bd68-28a5e13e86ef/ozone-metadata/datanode-5/data-0/hdds/990002c2-bb69-4aa2-bd68-28a5e13e86ef/DS-d330c7e4-7b2b-43d4-9af2-9f8fb582114f/container.db, /home/runner/work/ozone/ozone/hadoop-ozone/integration-test/target/test-dir/MiniOzoneClusterImpl-990002c2-bb69-4aa2-bd68-28a5e13e86ef/ozone-metadata/datanode-6/data-0/hdds/990002c2-bb69-4aa2-bd68-28a5e13e86ef/DS-fe8e0949-2f72-432b-82c6-cef628e0820f/container.db, /home/runner/work/ozone/ozone/hadoop-ozone/integration-test/target/test-dir/MiniOzoneClusterImpl-990002c2-bb69-4aa2-bd68-28a5e13e86ef/ozone-metadata/datanode-7/data-0/hdds/990002c2-bb69-4aa2-bd68-28a5e13e86ef/DS-7ca139a3-566d-4995-b9a1-d589e874febb/container.db, /home/runner/work/ozone/ozone/hadoop-ozone/integration-test/target/test-dir/MiniOzoneClusterImpl-990002c2-bb69-4aa2-bd68-28a5e13e86ef/ozone-metadata/datanode-8/data-0/hdds/990002c2-bb69-4aa2-bd68-28a5e13e86ef/DS-84e4acea-b2ce-4814-9959-95aa0a15992b/container.db, /home/runner/work/ozone/ozone/hadoop-ozone/integration-test/target/test-dir/MiniOzoneClusterImpl-990002c2-bb69-4aa2-bd68-28a5e13e86ef/ozone-metadata/datanode-9/data-0/hdds/990002c2-bb69-4aa2-bd68-28a5e13e86ef/DS-36ad5d1b-b97e-4995-8da6-aae7ff692fd5/container.db]
2025-09-19 20:44:42,126 [ForkJoinPool-1-worker-1] INFO  utils.DatanodeStoreCache (DatanodeStoreCache.java:removeDB(104)) - Removed db /home/runner/work/ozone/ozone/hadoop-ozone/integration-test/target/test-dir/MiniOzoneClusterImpl-990002c2-bb69-4aa2-bd68-28a5e13e86ef/ozone-metadata/datanode-3/data-0/hdds/990002c2-bb69-4aa2-bd68-28a5e13e86ef/DS-00f21907-a1b3-4a4a-aa5e-0adcb3313994/container.db from cache
2025-09-19 20:44:42,126 [ForkJoinPool-1-worker-1] INFO  volume.HddsVolume (HddsVolume.java:closeDbStore(609)) - SchemaV3 db is stopped at /home/runner/work/ozone/ozone/hadoop-ozone/integration-test/target/test-dir/MiniOzoneClusterImpl-990002c2-bb69-4aa2-bd68-28a5e13e86ef/ozone-metadata/datanode-3/data-0/hdds/990002c2-bb69-4aa2-bd68-28a5e13e86ef/DS-00f21907-a1b3-4a4a-aa5e-0adcb3313994/container.db for volume DS-00f21907-a1b3-4a4a-aa5e-0adcb3313994
2025-09-19 20:44:42,126 [ForkJoinPool-1-worker-1] INFO  utils.BackgroundService (BackgroundService.java:shutdown(195)) - Shutting down service BlockDeletingService
2025-09-19 20:44:42,127 [ForkJoinPool-1-worker-1] INFO  utils.BackgroundService (BackgroundService.java:shutdown(195)) - Shutting down service StaleRecoveringContainerScrubbingService
2025-09-19 20:44:42,128 [ForkJoinPool-1-worker-1] INFO  statemachine.DatanodeStateMachine (DatanodeStateMachine.java:stopDaemon(654)) - Ozone container server stopped.
2025-09-19 20:44:42,141 [ForkJoinPool-1-worker-1] INFO  handler.ContextHandler (ContextHandler.java:doStop(1159)) - Stopped o.e.j.w.WebAppContext@15e1456f{hddsDatanode,/,null,STOPPED}{jar:file:/home/runner/work/ozone/ozone/hadoop-hdds/container-service/target/hdds-container-service-2.1.0-SNAPSHOT.jar!/webapps/hddsDatanode}
2025-09-19 20:44:42,141 [ForkJoinPool-1-worker-1] INFO  server.AbstractConnector (AbstractConnector.java:doStop(383)) - Stopped ServerConnector@1dc5bb51{HTTP/1.1, (http/1.1)}{0.0.0.0:15026}
2025-09-19 20:44:42,141 [ForkJoinPool-1-worker-1] INFO  server.session (HouseKeeper.java:stopScavenging(149)) - node0 Stopped scavenging
2025-09-19 20:44:42,142 [ForkJoinPool-1-worker-1] INFO  handler.ContextHandler (ContextHandler.java:doStop(1159)) - Stopped o.e.j.s.ServletContextHandler@4543f617{static,/static,jar:file:/home/runner/work/ozone/ozone/hadoop-hdds/container-service/target/hdds-container-service-2.1.0-SNAPSHOT.jar!/webapps/static,STOPPED}
2025-09-19 20:44:42,142 [ForkJoinPool-1-worker-1] INFO  handler.ContextHandler (ContextHandler.java:doStop(1159)) - Stopped o.e.j.s.ServletContextHandler@219bd024{logs,/logs,file:///home/runner/work/ozone/ozone/hadoop-ozone/integration-test/target/log,STOPPED}
2025-09-19 20:44:42,142 [ForkJoinPool-1-worker-1] INFO  ozone.HddsDatanodeClientProtocolServer (HddsDatanodeClientProtocolServer.java:stop(82)) - Stopping the RPC server for Client Protocol
2025-09-19 20:44:42,143 [ForkJoinPool-1-worker-1] INFO  ipc.Server (Server.java:stop(3697)) - Stopping server on 15027
2025-09-19 20:44:42,144 [IPC Server listener on 15027] INFO  ipc.Server (Server.java:run(1585)) - Stopping IPC Server listener on 15027
2025-09-19 20:44:42,144 [IPC Server Responder] INFO  ipc.Server (Server.java:run(1718)) - Stopping IPC Server Responder
2025-09-19 20:44:42,145 [ForkJoinPool-1-worker-1] INFO  ozoneimpl.OzoneContainer (OzoneContainer.java:stop(549)) - Attempting to stop container services.
2025-09-19 20:44:42,145 [ContainerMetadataScanner] WARN  ozoneimpl.AbstractBackgroundContainerScanner (AbstractBackgroundContainerScanner.java:handleRemainingSleep(136)) - Background container scan was interrupted.
2025-09-19 20:44:42,146 [ContainerMetadataScanner] INFO  ozoneimpl.AbstractBackgroundContainerScanner (AbstractBackgroundContainerScanner.java:run(63)) - org.apache.hadoop.ozone.container.ozoneimpl.BackgroundContainerMetadataScanner@7355ec1d exiting.
2025-09-19 20:44:42,146 [ForkJoinPool-1-worker-1] INFO  ozoneimpl.BackgroundContainerDataScanner (BackgroundContainerDataScanner.java:shutdown(87)) - ContainerDataScanner(/home/runner/work/ozone/ozone/hadoop-ozone/integration-test/target/test-dir/MiniOzoneClusterImpl-990002c2-bb69-4aa2-bd68-28a5e13e86ef/ozone-metadata/datanode-2/data-0/hdds) is shutting down. 
2025-09-19 20:44:42,146 [ContainerDataScanner(/home/runner/work/ozone/ozone/hadoop-ozone/integration-test/target/test-dir/MiniOzoneClusterImpl-990002c2-bb69-4aa2-bd68-28a5e13e86ef/ozone-metadata/datanode-2/data-0/hdds)] WARN  ozoneimpl.AbstractBackgroundContainerScanner (AbstractBackgroundContainerScanner.java:handleRemainingSleep(136)) - Background container scan was interrupted.
2025-09-19 20:44:42,146 [ContainerDataScanner(/home/runner/work/ozone/ozone/hadoop-ozone/integration-test/target/test-dir/MiniOzoneClusterImpl-990002c2-bb69-4aa2-bd68-28a5e13e86ef/ozone-metadata/datanode-2/data-0/hdds)] INFO  ozoneimpl.AbstractBackgroundContainerScanner (AbstractBackgroundContainerScanner.java:run(63)) - ContainerDataScanner(/home/runner/work/ozone/ozone/hadoop-ozone/integration-test/target/test-dir/MiniOzoneClusterImpl-990002c2-bb69-4aa2-bd68-28a5e13e86ef/ozone-metadata/datanode-2/data-0/hdds, DS-69ac7518-6ece-4e77-96c1-96814a10e0cf) exiting.
2025-09-19 20:44:42,146 [ForkJoinPool-1-worker-1] INFO  ozoneimpl.OnDemandContainerScanner (OnDemandContainerScanner.java:shutdown(141)) - On-demand container scanner is shutting down.
2025-09-19 20:44:42,146 [ForkJoinPool-1-worker-1] INFO  ratis.XceiverServerRatis (XceiverServerRatis.java:stop(595)) - Closing XceiverServerRatis(0df1231c-9f8a-4757-a7d0-f6d7f53bc482)
2025-09-19 20:44:42,147 [ForkJoinPool-1-worker-1] INFO  server.RaftServer (RaftServerProxy.java:lambda$close$9(422)) - 0df1231c-9f8a-4757-a7d0-f6d7f53bc482: close
2025-09-19 20:44:42,147 [0df1231c-9f8a-4757-a7d0-f6d7f53bc482-impl-thread3] INFO  server.RaftServer$Division (RaftServerImpl.java:lambda$close$1(527)) - 0df1231c-9f8a-4757-a7d0-f6d7f53bc482@group-39AD5A9EAACD: shutdown
2025-09-19 20:44:42,147 [0df1231c-9f8a-4757-a7d0-f6d7f53bc482-impl-thread1] INFO  server.RaftServer$Division (RaftServerImpl.java:lambda$close$1(527)) - 0df1231c-9f8a-4757-a7d0-f6d7f53bc482@group-715EBF8096A7: shutdown
2025-09-19 20:44:42,147 [ForkJoinPool-1-worker-1] INFO  server.GrpcServicesImpl (GrpcServicesImpl.java:closeImpl(355)) - 0df1231c-9f8a-4757-a7d0-f6d7f53bc482: shutdown server org.apache.ratis.grpc.server.GrpcClientProtocolService now
2025-09-19 20:44:42,147 [0df1231c-9f8a-4757-a7d0-f6d7f53bc482-impl-thread2] INFO  server.RaftServer$Division (RaftServerImpl.java:lambda$close$1(527)) - 0df1231c-9f8a-4757-a7d0-f6d7f53bc482@group-A751954341BD: shutdown
2025-09-19 20:44:42,147 [0df1231c-9f8a-4757-a7d0-f6d7f53bc482-impl-thread2] INFO  util.JmxRegister (JmxRegister.java:unregister(74)) - Successfully un-registered JMX Bean with object name Ratis:service=RaftServer,group=group-A751954341BD,id=0df1231c-9f8a-4757-a7d0-f6d7f53bc482
2025-09-19 20:44:42,147 [0df1231c-9f8a-4757-a7d0-f6d7f53bc482-impl-thread2] INFO  impl.RoleInfo (RoleInfo.java:shutdownFollowerState(121)) - 0df1231c-9f8a-4757-a7d0-f6d7f53bc482: shutdown 0df1231c-9f8a-4757-a7d0-f6d7f53bc482@group-A751954341BD-FollowerState
2025-09-19 20:44:42,147 [0df1231c-9f8a-4757-a7d0-f6d7f53bc482-impl-thread2] INFO  impl.StateMachineUpdater (StateMachineUpdater.java:stopAndJoin(163)) - 0df1231c-9f8a-4757-a7d0-f6d7f53bc482@group-A751954341BD-StateMachineUpdater: set stopIndex = 14
2025-09-19 20:44:42,147 [0df1231c-9f8a-4757-a7d0-f6d7f53bc482-impl-thread3] INFO  util.JmxRegister (JmxRegister.java:unregister(74)) - Successfully un-registered JMX Bean with object name Ratis:service=RaftServer,group=group-39AD5A9EAACD,id=0df1231c-9f8a-4757-a7d0-f6d7f53bc482
2025-09-19 20:44:42,147 [0df1231c-9f8a-4757-a7d0-f6d7f53bc482-impl-thread3] INFO  impl.RoleInfo (RoleInfo.java:shutdownLeaderState(103)) - 0df1231c-9f8a-4757-a7d0-f6d7f53bc482: shutdown 0df1231c-9f8a-4757-a7d0-f6d7f53bc482@group-39AD5A9EAACD-LeaderStateImpl
2025-09-19 20:44:42,147 [0df1231c-9f8a-4757-a7d0-f6d7f53bc482-impl-thread3] INFO  impl.PendingRequests (PendingRequests.java:sendNotLeaderResponses(287)) - 0df1231c-9f8a-4757-a7d0-f6d7f53bc482@group-39AD5A9EAACD-PendingRequests: sendNotLeaderResponses
2025-09-19 20:44:42,148 [Thread-1790] INFO  server.GrpcServerProtocolClient (GrpcServerProtocolClient.java:close(105)) - 8eb9963e-bce0-4155-aea2-e442cadff8bd Close channels
2025-09-19 20:44:42,148 [0df1231c-9f8a-4757-a7d0-f6d7f53bc482@group-A751954341BD-FollowerState] INFO  impl.FollowerState (FollowerState.java:runImpl(170)) - 0df1231c-9f8a-4757-a7d0-f6d7f53bc482@group-A751954341BD-FollowerState was interrupted
2025-09-19 20:44:42,148 [0df1231c-9f8a-4757-a7d0-f6d7f53bc482@group-A751954341BD-StateMachineUpdater] INFO  ratis.ContainerStateMachine (ContainerStateMachine.java:takeSnapshot(427)) - group-A751954341BD: Taking a snapshot at:(t:2, i:14) file /home/runner/work/ozone/ozone/hadoop-ozone/integration-test/target/test-dir/MiniOzoneClusterImpl-990002c2-bb69-4aa2-bd68-28a5e13e86ef/ozone-metadata/datanode-2/ratis/e102d630-0766-4c9c-a6ac-a751954341bd/sm/snapshot.2_14
2025-09-19 20:44:42,148 [0df1231c-9f8a-4757-a7d0-f6d7f53bc482-impl-thread3] INFO  impl.StateMachineUpdater (StateMachineUpdater.java:stopAndJoin(163)) - 0df1231c-9f8a-4757-a7d0-f6d7f53bc482@group-39AD5A9EAACD-StateMachineUpdater: set stopIndex = 2
2025-09-19 20:44:42,149 [0df1231c-9f8a-4757-a7d0-f6d7f53bc482@group-39AD5A9EAACD-StateMachineUpdater] INFO  ratis.ContainerStateMachine (ContainerStateMachine.java:takeSnapshot(427)) - group-39AD5A9EAACD: Taking a snapshot at:(t:2, i:2) file /home/runner/work/ozone/ozone/hadoop-ozone/integration-test/target/test-dir/MiniOzoneClusterImpl-990002c2-bb69-4aa2-bd68-28a5e13e86ef/ozone-metadata/datanode-2/ratis/54fe0239-6051-4a8e-b590-39ad5a9eaacd/sm/snapshot.2_2
2025-09-19 20:44:42,147 [0df1231c-9f8a-4757-a7d0-f6d7f53bc482-impl-thread1] INFO  util.JmxRegister (JmxRegister.java:unregister(74)) - Successfully un-registered JMX Bean with object name Ratis:service=RaftServer,group=group-715EBF8096A7,id=0df1231c-9f8a-4757-a7d0-f6d7f53bc482
2025-09-19 20:44:42,149 [0df1231c-9f8a-4757-a7d0-f6d7f53bc482-impl-thread1] INFO  impl.RoleInfo (RoleInfo.java:shutdownLeaderState(103)) - 0df1231c-9f8a-4757-a7d0-f6d7f53bc482: shutdown 0df1231c-9f8a-4757-a7d0-f6d7f53bc482@group-715EBF8096A7-LeaderStateImpl
2025-09-19 20:44:42,149 [0df1231c-9f8a-4757-a7d0-f6d7f53bc482-impl-thread1] INFO  impl.PendingRequests (PendingRequests.java:sendNotLeaderResponses(287)) - 0df1231c-9f8a-4757-a7d0-f6d7f53bc482@group-715EBF8096A7-PendingRequests: sendNotLeaderResponses
2025-09-19 20:44:42,147 [Thread-1788] INFO  server.GrpcServerProtocolClient (GrpcServerProtocolClient.java:close(105)) - b5a25cc1-46d3-4381-a194-bd68f4526f1c Close channels
2025-09-19 20:44:42,150 [0df1231c-9f8a-4757-a7d0-f6d7f53bc482@group-715EBF8096A7->b5a25cc1-46d3-4381-a194-bd68f4526f1c-GrpcLogAppender-LogAppenderDaemon] WARN  server.GrpcLogAppender (GrpcLogAppender.java:mayWait(300)) - 0df1231c-9f8a-4757-a7d0-f6d7f53bc482@group-715EBF8096A7->b5a25cc1-46d3-4381-a194-bd68f4526f1c-GrpcLogAppender: Wait interrupted by java.lang.InterruptedException
2025-09-19 20:44:42,150 [0df1231c-9f8a-4757-a7d0-f6d7f53bc482@group-715EBF8096A7->8eb9963e-bce0-4155-aea2-e442cadff8bd-GrpcLogAppender-LogAppenderDaemon] WARN  server.GrpcLogAppender (GrpcLogAppender.java:mayWait(300)) - 0df1231c-9f8a-4757-a7d0-f6d7f53bc482@group-715EBF8096A7->8eb9963e-bce0-4155-aea2-e442cadff8bd-GrpcLogAppender: Wait interrupted by java.lang.InterruptedException
2025-09-19 20:44:42,150 [0df1231c-9f8a-4757-a7d0-f6d7f53bc482-impl-thread1] INFO  impl.StateMachineUpdater (StateMachineUpdater.java:stopAndJoin(163)) - 0df1231c-9f8a-4757-a7d0-f6d7f53bc482@group-715EBF8096A7-StateMachineUpdater: set stopIndex = 12
2025-09-19 20:44:42,150 [0df1231c-9f8a-4757-a7d0-f6d7f53bc482@group-715EBF8096A7-StateMachineUpdater] INFO  ratis.ContainerStateMachine (ContainerStateMachine.java:takeSnapshot(427)) - group-715EBF8096A7: Taking a snapshot at:(t:5, i:12) file /home/runner/work/ozone/ozone/hadoop-ozone/integration-test/target/test-dir/MiniOzoneClusterImpl-990002c2-bb69-4aa2-bd68-28a5e13e86ef/ozone-metadata/datanode-2/ratis/958000d3-2396-49be-82e9-715ebf8096a7/sm/snapshot.5_12
2025-09-19 20:44:42,151 [0df1231c-9f8a-4757-a7d0-f6d7f53bc482@group-A751954341BD-StateMachineUpdater] INFO  ratis.ContainerStateMachine (ContainerStateMachine.java:takeSnapshot(436)) - group-A751954341BD: Finished taking a snapshot at:(t:2, i:14) file:/home/runner/work/ozone/ozone/hadoop-ozone/integration-test/target/test-dir/MiniOzoneClusterImpl-990002c2-bb69-4aa2-bd68-28a5e13e86ef/ozone-metadata/datanode-2/ratis/e102d630-0766-4c9c-a6ac-a751954341bd/sm/snapshot.2_14 took: 3 ms
2025-09-19 20:44:42,151 [0df1231c-9f8a-4757-a7d0-f6d7f53bc482@group-A751954341BD-StateMachineUpdater] INFO  impl.StateMachineUpdater (StateMachineUpdater.java:takeSnapshot(307)) - 0df1231c-9f8a-4757-a7d0-f6d7f53bc482@group-A751954341BD-StateMachineUpdater: Took a snapshot at index 14
2025-09-19 20:44:42,151 [0df1231c-9f8a-4757-a7d0-f6d7f53bc482@group-39AD5A9EAACD-StateMachineUpdater] INFO  ratis.ContainerStateMachine (ContainerStateMachine.java:takeSnapshot(436)) - group-39AD5A9EAACD: Finished taking a snapshot at:(t:2, i:2) file:/home/runner/work/ozone/ozone/hadoop-ozone/integration-test/target/test-dir/MiniOzoneClusterImpl-990002c2-bb69-4aa2-bd68-28a5e13e86ef/ozone-metadata/datanode-2/ratis/54fe0239-6051-4a8e-b590-39ad5a9eaacd/sm/snapshot.2_2 took: 2 ms
2025-09-19 20:44:42,151 [grpc-default-executor-3] INFO  server.GrpcLogAppender (GrpcLogAppender.java:onCompleted(558)) - 0df1231c-9f8a-4757-a7d0-f6d7f53bc482@group-715EBF8096A7->8eb9963e-bce0-4155-aea2-e442cadff8bd-AppendLogResponseHandler: follower responses appendEntries COMPLETED
2025-09-19 20:44:42,151 [grpc-default-executor-5] INFO  server.GrpcLogAppender (GrpcLogAppender.java:onCompleted(558)) - 0df1231c-9f8a-4757-a7d0-f6d7f53bc482@group-715EBF8096A7->8eb9963e-bce0-4155-aea2-e442cadff8bd-AppendLogResponseHandler: follower responses appendEntries COMPLETED
2025-09-19 20:44:42,151 [0df1231c-9f8a-4757-a7d0-f6d7f53bc482@group-39AD5A9EAACD-StateMachineUpdater] INFO  impl.StateMachineUpdater (StateMachineUpdater.java:takeSnapshot(307)) - 0df1231c-9f8a-4757-a7d0-f6d7f53bc482@group-39AD5A9EAACD-StateMachineUpdater: Took a snapshot at index 2
2025-09-19 20:44:42,152 [grpc-default-executor-3] WARN  server.GrpcLogAppender (GrpcLogAppender.java:resetClient(237)) - 0df1231c-9f8a-4757-a7d0-f6d7f53bc482@group-715EBF8096A7->8eb9963e-bce0-4155-aea2-e442cadff8bd-GrpcLogAppender: Failed to getClient for 8eb9963e-bce0-4155-aea2-e442cadff8bd
org.apache.ratis.protocol.exceptions.AlreadyClosedException: 0df1231c-9f8a-4757-a7d0-f6d7f53bc482 is already CLOSED
	at org.apache.ratis.util.PeerProxyMap$PeerAndProxy.getProxy(PeerProxyMap.java:67)
	at org.apache.ratis.util.PeerProxyMap.getProxy(PeerProxyMap.java:124)
	at org.apache.ratis.grpc.server.GrpcLogAppender.getClient(GrpcLogAppender.java:207)
	at org.apache.ratis.grpc.server.GrpcLogAppender.resetClient(GrpcLogAppender.java:212)
	at org.apache.ratis.grpc.server.GrpcLogAppender.access$800(GrpcLogAppender.java:70)
	at org.apache.ratis.grpc.server.GrpcLogAppender$AppendLogResponseHandler.onCompleted(GrpcLogAppender.java:559)
	at org.apache.ratis.thirdparty.io.grpc.stub.ClientCalls$StreamObserverToCallListenerAdapter.onClose(ClientCalls.java:562)
	at org.apache.ratis.thirdparty.io.grpc.internal.ClientCallImpl.closeObserver(ClientCallImpl.java:565)
	at org.apache.ratis.thirdparty.io.grpc.internal.ClientCallImpl.access$100(ClientCallImpl.java:72)
	at org.apache.ratis.thirdparty.io.grpc.internal.ClientCallImpl$ClientStreamListenerImpl$1StreamClosed.runInternal(ClientCallImpl.java:733)
	at org.apache.ratis.thirdparty.io.grpc.internal.ClientCallImpl$ClientStreamListenerImpl$1StreamClosed.runInContext(ClientCallImpl.java:714)
	at org.apache.ratis.thirdparty.io.grpc.internal.ContextRunnable.run(ContextRunnable.java:37)
	at org.apache.ratis.thirdparty.io.grpc.internal.SerializingExecutor.run(SerializingExecutor.java:133)
	at java.base/java.util.concurrent.ThreadPoolExecutor.runWorker(ThreadPoolExecutor.java:1144)
	at java.base/java.util.concurrent.ThreadPoolExecutor$Worker.run(ThreadPoolExecutor.java:642)
	at java.base/java.lang.Thread.run(Thread.java:1583)
2025-09-19 20:44:42,151 [grpc-default-executor-5] WARN  server.GrpcLogAppender (GrpcLogAppender.java:resetClient(237)) - 0df1231c-9f8a-4757-a7d0-f6d7f53bc482@group-715EBF8096A7->8eb9963e-bce0-4155-aea2-e442cadff8bd-GrpcLogAppender: Failed to getClient for 8eb9963e-bce0-4155-aea2-e442cadff8bd
org.apache.ratis.protocol.exceptions.AlreadyClosedException: 0df1231c-9f8a-4757-a7d0-f6d7f53bc482 is already CLOSED
	at org.apache.ratis.util.PeerProxyMap$PeerAndProxy.getProxy(PeerProxyMap.java:67)
	at org.apache.ratis.util.PeerProxyMap.getProxy(PeerProxyMap.java:124)
	at org.apache.ratis.grpc.server.GrpcLogAppender.getClient(GrpcLogAppender.java:207)
	at org.apache.ratis.grpc.server.GrpcLogAppender.resetClient(GrpcLogAppender.java:212)
	at org.apache.ratis.grpc.server.GrpcLogAppender.access$800(GrpcLogAppender.java:70)
	at org.apache.ratis.grpc.server.GrpcLogAppender$AppendLogResponseHandler.onCompleted(GrpcLogAppender.java:559)
	at org.apache.ratis.thirdparty.io.grpc.stub.ClientCalls$StreamObserverToCallListenerAdapter.onClose(ClientCalls.java:562)
	at org.apache.ratis.thirdparty.io.grpc.internal.ClientCallImpl.closeObserver(ClientCallImpl.java:565)
	at org.apache.ratis.thirdparty.io.grpc.internal.ClientCallImpl.access$100(ClientCallImpl.java:72)
	at org.apache.ratis.thirdparty.io.grpc.internal.ClientCallImpl$ClientStreamListenerImpl$1StreamClosed.runInternal(ClientCallImpl.java:733)
	at org.apache.ratis.thirdparty.io.grpc.internal.ClientCallImpl$ClientStreamListenerImpl$1StreamClosed.runInContext(ClientCallImpl.java:714)
	at org.apache.ratis.thirdparty.io.grpc.internal.ContextRunnable.run(ContextRunnable.java:37)
	at org.apache.ratis.thirdparty.io.grpc.internal.SerializingExecutor.run(SerializingExecutor.java:133)
	at java.base/java.util.concurrent.ThreadPoolExecutor.runWorker(ThreadPoolExecutor.java:1144)
	at java.base/java.util.concurrent.ThreadPoolExecutor$Worker.run(ThreadPoolExecutor.java:642)
	at java.base/java.lang.Thread.run(Thread.java:1583)
2025-09-19 20:44:42,152 [0df1231c-9f8a-4757-a7d0-f6d7f53bc482@group-A751954341BD-StateMachineUpdater] INFO  impl.StateMachineUpdater (StateMachineUpdater.java:lambda$new$0(101)) - 0df1231c-9f8a-4757-a7d0-f6d7f53bc482@group-A751954341BD-StateMachineUpdater: snapshotIndex: updateIncreasingly 0 -> 14
2025-09-19 20:44:42,152 [0df1231c-9f8a-4757-a7d0-f6d7f53bc482@group-A751954341BD-StateMachineUpdater] INFO  impl.StateMachineUpdater (StateMachineUpdater.java:stop(140)) - 0df1231c-9f8a-4757-a7d0-f6d7f53bc482@group-A751954341BD-StateMachineUpdater: closing ContainerStateMachine, lastApplied=(t:2, i:14)
2025-09-19 20:44:42,152 [0df1231c-9f8a-4757-a7d0-f6d7f53bc482@group-39AD5A9EAACD-StateMachineUpdater] INFO  impl.StateMachineUpdater (StateMachineUpdater.java:lambda$new$0(101)) - 0df1231c-9f8a-4757-a7d0-f6d7f53bc482@group-39AD5A9EAACD-StateMachineUpdater: snapshotIndex: updateIncreasingly 0 -> 2
2025-09-19 20:44:42,152 [0df1231c-9f8a-4757-a7d0-f6d7f53bc482@group-39AD5A9EAACD-StateMachineUpdater] INFO  impl.StateMachineUpdater (StateMachineUpdater.java:stop(140)) - 0df1231c-9f8a-4757-a7d0-f6d7f53bc482@group-39AD5A9EAACD-StateMachineUpdater: closing ContainerStateMachine, lastApplied=(t:2, i:2)
2025-09-19 20:44:42,152 [0df1231c-9f8a-4757-a7d0-f6d7f53bc482@group-A751954341BD-cacheEviction-AwaitToRun] INFO  util.AwaitToRun (AwaitToRun.java:run(49)) - 0df1231c-9f8a-4757-a7d0-f6d7f53bc482@group-A751954341BD-cacheEviction-AwaitToRun-AwaitForSignal is interrupted
2025-09-19 20:44:42,153 [0df1231c-9f8a-4757-a7d0-f6d7f53bc482@group-39AD5A9EAACD-cacheEviction-AwaitToRun] INFO  util.AwaitToRun (AwaitToRun.java:run(49)) - 0df1231c-9f8a-4757-a7d0-f6d7f53bc482@group-39AD5A9EAACD-cacheEviction-AwaitToRun-AwaitForSignal is interrupted
2025-09-19 20:44:42,153 [0df1231c-9f8a-4757-a7d0-f6d7f53bc482@group-715EBF8096A7-StateMachineUpdater] INFO  ratis.ContainerStateMachine (ContainerStateMachine.java:takeSnapshot(436)) - group-715EBF8096A7: Finished taking a snapshot at:(t:5, i:12) file:/home/runner/work/ozone/ozone/hadoop-ozone/integration-test/target/test-dir/MiniOzoneClusterImpl-990002c2-bb69-4aa2-bd68-28a5e13e86ef/ozone-metadata/datanode-2/ratis/958000d3-2396-49be-82e9-715ebf8096a7/sm/snapshot.5_12 took: 4 ms
2025-09-19 20:44:42,154 [ForkJoinPool-1-worker-1] INFO  server.GrpcServicesImpl (GrpcServicesImpl.java:closeImpl(364)) - 0df1231c-9f8a-4757-a7d0-f6d7f53bc482: shutdown server org.apache.ratis.grpc.server.GrpcClientProtocolService successfully
2025-09-19 20:44:42,154 [ForkJoinPool-1-worker-1] INFO  server.GrpcServicesImpl (GrpcServicesImpl.java:closeImpl(355)) - 0df1231c-9f8a-4757-a7d0-f6d7f53bc482: shutdown server GrpcServerProtocolService now
2025-09-19 20:44:42,154 [0df1231c-9f8a-4757-a7d0-f6d7f53bc482@group-715EBF8096A7-StateMachineUpdater] INFO  impl.StateMachineUpdater (StateMachineUpdater.java:takeSnapshot(307)) - 0df1231c-9f8a-4757-a7d0-f6d7f53bc482@group-715EBF8096A7-StateMachineUpdater: Took a snapshot at index 12
2025-09-19 20:44:42,154 [0df1231c-9f8a-4757-a7d0-f6d7f53bc482@group-715EBF8096A7-StateMachineUpdater] INFO  impl.StateMachineUpdater (StateMachineUpdater.java:lambda$new$0(101)) - 0df1231c-9f8a-4757-a7d0-f6d7f53bc482@group-715EBF8096A7-StateMachineUpdater: snapshotIndex: updateIncreasingly 6 -> 12
2025-09-19 20:44:42,154 [0df1231c-9f8a-4757-a7d0-f6d7f53bc482@group-715EBF8096A7-StateMachineUpdater] INFO  impl.StateMachineUpdater (StateMachineUpdater.java:stop(140)) - 0df1231c-9f8a-4757-a7d0-f6d7f53bc482@group-715EBF8096A7-StateMachineUpdater: closing ContainerStateMachine, lastApplied=(t:5, i:12)
2025-09-19 20:44:42,155 [0df1231c-9f8a-4757-a7d0-f6d7f53bc482@group-715EBF8096A7-cacheEviction-AwaitToRun] INFO  util.AwaitToRun (AwaitToRun.java:run(49)) - 0df1231c-9f8a-4757-a7d0-f6d7f53bc482@group-715EBF8096A7-cacheEviction-AwaitToRun-AwaitForSignal is interrupted
2025-09-19 20:44:42,156 [grpc-default-executor-9] WARN  server.GrpcServerProtocolService (LogUtils.java:warn(127)) - 0df1231c-9f8a-4757-a7d0-f6d7f53bc482: APPEND_ENTRIES onError, lastRequest: null: org.apache.ratis.thirdparty.io.grpc.StatusRuntimeException: CANCELLED: client cancelled
2025-09-19 20:44:42,156 [grpc-default-executor-5] WARN  server.GrpcServerProtocolService (LogUtils.java:warn(127)) - 0df1231c-9f8a-4757-a7d0-f6d7f53bc482: APPEND_ENTRIES onError, lastRequest: null: org.apache.ratis.thirdparty.io.grpc.StatusRuntimeException: CANCELLED: client cancelled
2025-09-19 20:44:42,156 [grpc-default-executor-2] WARN  server.GrpcServerProtocolService (LogUtils.java:warn(127)) - 0df1231c-9f8a-4757-a7d0-f6d7f53bc482: APPEND_ENTRIES onError, lastRequest: 8eb9963e-bce0-4155-aea2-e442cadff8bd->0df1231c-9f8a-4757-a7d0-f6d7f53bc482#47-t2,previous=(t:2, i:13),leaderCommit=13,initializing? false,entries: size=1, first=(t:2, i:14), METADATAENTRY(c:13): org.apache.ratis.thirdparty.io.grpc.StatusRuntimeException: CANCELLED: client cancelled
2025-09-19 20:44:42,156 [grpc-default-executor-2] WARN  server.GrpcLogAppender (LogUtils.java:warn(127)) - 8eb9963e-bce0-4155-aea2-e442cadff8bd@group-A751954341BD->0df1231c-9f8a-4757-a7d0-f6d7f53bc482-AppendLogResponseHandler: Failed appendEntries: org.apache.ratis.thirdparty.io.grpc.StatusRuntimeException: CANCELLED: RST_STREAM closed stream. HTTP/2 error code: CANCEL
2025-09-19 20:44:42,156 [grpc-default-executor-2] WARN  server.GrpcLogAppender (GrpcLogAppender.java:lambda$resetClient$1(228)) - 8eb9963e-bce0-4155-aea2-e442cadff8bd@group-A751954341BD->0df1231c-9f8a-4757-a7d0-f6d7f53bc482-GrpcLogAppender: Follower failed (request=null, errorCount=1); keep nextIndex (15) unchanged and retry.
2025-09-19 20:44:42,157 [ForkJoinPool-1-worker-1] INFO  server.GrpcServicesImpl (GrpcServicesImpl.java:closeImpl(364)) - 0df1231c-9f8a-4757-a7d0-f6d7f53bc482: shutdown server GrpcServerProtocolService successfully
2025-09-19 20:44:42,157 [ForkJoinPool-1-worker-1] INFO  server.GrpcServicesImpl (GrpcServicesImpl.java:closeImpl(355)) - 0df1231c-9f8a-4757-a7d0-f6d7f53bc482: shutdown server org.apache.ratis.grpc.server.GrpcAdminProtocolService now
2025-09-19 20:44:42,157 [ForkJoinPool-1-worker-1] INFO  server.GrpcServicesImpl (GrpcServicesImpl.java:closeImpl(364)) - 0df1231c-9f8a-4757-a7d0-f6d7f53bc482: shutdown server org.apache.ratis.grpc.server.GrpcAdminProtocolService successfully
2025-09-19 20:44:42,157 [0df1231c-9f8a-4757-a7d0-f6d7f53bc482-NettyServerStreamRpc-bossGroup--thread1] INFO  logging.LoggingHandler (AbstractInternalLogger.java:log(148)) - [id: 0x078ea0ad, L:/0.0.0.0:15024] CLOSE
2025-09-19 20:44:42,158 [0df1231c-9f8a-4757-a7d0-f6d7f53bc482-NettyServerStreamRpc-bossGroup--thread1] INFO  logging.LoggingHandler (AbstractInternalLogger.java:log(148)) - [id: 0x078ea0ad, L:/0.0.0.0:15024] INACTIVE
2025-09-19 20:44:42,158 [0df1231c-9f8a-4757-a7d0-f6d7f53bc482-NettyServerStreamRpc-bossGroup--thread1] INFO  logging.LoggingHandler (AbstractInternalLogger.java:log(148)) - [id: 0x078ea0ad, L:/0.0.0.0:15024] UNREGISTERED
2025-09-19 20:44:42,220 [0df1231c-9f8a-4757-a7d0-f6d7f53bc482-impl-thread3] INFO  segmented.SegmentedRaftLogWorker (SegmentedRaftLogWorker.java:close(254)) - 0df1231c-9f8a-4757-a7d0-f6d7f53bc482@group-39AD5A9EAACD-SegmentedRaftLogWorker close()
2025-09-19 20:44:42,220 [0df1231c-9f8a-4757-a7d0-f6d7f53bc482-impl-thread3] INFO  ratis.ContainerStateMachine (ContainerStateMachine.java:notifyServerShutdown(1038)) - group-39AD5A9EAACD is closed by HddsDatanodeService
2025-09-19 20:44:42,412 [0df1231c-9f8a-4757-a7d0-f6d7f53bc482-impl-thread1] INFO  segmented.SegmentedRaftLogWorker (SegmentedRaftLogWorker.java:close(254)) - 0df1231c-9f8a-4757-a7d0-f6d7f53bc482@group-715EBF8096A7-SegmentedRaftLogWorker close()
2025-09-19 20:44:42,412 [0df1231c-9f8a-4757-a7d0-f6d7f53bc482-impl-thread1] INFO  ratis.ContainerStateMachine (ContainerStateMachine.java:notifyServerShutdown(1038)) - group-715EBF8096A7 is closed by HddsDatanodeService
2025-09-19 20:44:43,121 [0df1231c-9f8a-4757-a7d0-f6d7f53bc482-impl-thread2] INFO  segmented.SegmentedRaftLogWorker (SegmentedRaftLogWorker.java:close(254)) - 0df1231c-9f8a-4757-a7d0-f6d7f53bc482@group-A751954341BD-SegmentedRaftLogWorker close()
2025-09-19 20:44:43,121 [0df1231c-9f8a-4757-a7d0-f6d7f53bc482-impl-thread2] INFO  ratis.ContainerStateMachine (ContainerStateMachine.java:notifyServerShutdown(1038)) - group-A751954341BD is closed by HddsDatanodeService
2025-09-19 20:44:43,121 [JvmPauseMonitor14] INFO  util.JvmPauseMonitor (JvmPauseMonitor.java:run(152)) - JvmPauseMonitor-0df1231c-9f8a-4757-a7d0-f6d7f53bc482: Stopped
2025-09-19 20:44:43,856 [8eb9963e-bce0-4155-aea2-e442cadff8bd@group-715EBF8096A7-FollowerState] INFO  impl.FollowerState (FollowerState.java:runImpl(161)) - 8eb9963e-bce0-4155-aea2-e442cadff8bd@group-715EBF8096A7-FollowerState: change to CANDIDATE, lastRpcElapsedTime:1941846596ns, electionTimeout:1195ms
2025-09-19 20:44:43,856 [8eb9963e-bce0-4155-aea2-e442cadff8bd@group-715EBF8096A7-FollowerState] INFO  impl.RoleInfo (RoleInfo.java:shutdownFollowerState(121)) - 8eb9963e-bce0-4155-aea2-e442cadff8bd: shutdown 8eb9963e-bce0-4155-aea2-e442cadff8bd@group-715EBF8096A7-FollowerState
2025-09-19 20:44:43,856 [8eb9963e-bce0-4155-aea2-e442cadff8bd@group-715EBF8096A7-FollowerState] INFO  server.RaftServer$Division (RaftServerImpl.java:setRole(392)) - 8eb9963e-bce0-4155-aea2-e442cadff8bd@group-715EBF8096A7: changes role from  FOLLOWER to CANDIDATE at term 5 for changeToCandidate
2025-09-19 20:44:43,856 [8eb9963e-bce0-4155-aea2-e442cadff8bd@group-715EBF8096A7-FollowerState] INFO  impl.RoleInfo (RoleInfo.java:updateAndGet(148)) - 8eb9963e-bce0-4155-aea2-e442cadff8bd: start 8eb9963e-bce0-4155-aea2-e442cadff8bd@group-715EBF8096A7-LeaderElection155
2025-09-19 20:44:43,856 [8eb9963e-bce0-4155-aea2-e442cadff8bd@group-715EBF8096A7-LeaderElection155] INFO  server.RaftServer$Division (ServerState.java:setLeader(272)) - 8eb9963e-bce0-4155-aea2-e442cadff8bd@group-715EBF8096A7: change Leader from 0df1231c-9f8a-4757-a7d0-f6d7f53bc482 to null at term 5 for PRE_VOTE
2025-09-19 20:44:43,856 [8eb9963e-bce0-4155-aea2-e442cadff8bd@group-715EBF8096A7-LeaderElection155] INFO  impl.LeaderElection (LeaderElection.java:askForVotes(448)) - 8eb9963e-bce0-4155-aea2-e442cadff8bd@group-715EBF8096A7-LeaderElection155 PRE_VOTE round 0: submit vote requests at term 5 for conf: {index: 11, cur=peers:[b5a25cc1-46d3-4381-a194-bd68f4526f1c|127.0.0.1:15031, 0df1231c-9f8a-4757-a7d0-f6d7f53bc482|127.0.0.1:15023, 8eb9963e-bce0-4155-aea2-e442cadff8bd|127.0.0.1:15015]|listeners:[], old=null}
2025-09-19 20:44:43,857 [8eb9963e-bce0-4155-aea2-e442cadff8bd@group-715EBF8096A7-LeaderElection155] INFO  impl.LeaderElection (LogUtils.java:infoOrTrace(142)) - 8eb9963e-bce0-4155-aea2-e442cadff8bd@group-715EBF8096A7-LeaderElection155 got exception when requesting votes: java.util.concurrent.ExecutionException: org.apache.ratis.thirdparty.io.grpc.StatusRuntimeException: UNAVAILABLE: io exception
2025-09-19 20:44:43,857 [8eb9963e-bce0-4155-aea2-e442cadff8bd@group-715EBF8096A7-LeaderElection155] INFO  impl.LeaderElection (LogUtils.java:infoOrTrace(142)) - 8eb9963e-bce0-4155-aea2-e442cadff8bd@group-715EBF8096A7-LeaderElection155 got exception when requesting votes: java.util.concurrent.ExecutionException: org.apache.ratis.thirdparty.io.grpc.StatusRuntimeException: UNAVAILABLE: io exception
2025-09-19 20:44:43,857 [8eb9963e-bce0-4155-aea2-e442cadff8bd@group-715EBF8096A7-LeaderElection155] INFO  impl.LeaderElection (LeaderElection.java:logAndReturn(206)) - 8eb9963e-bce0-4155-aea2-e442cadff8bd@group-715EBF8096A7-LeaderElection155: PRE_VOTE REJECTED received 0 response(s) and 2 exception(s):
2025-09-19 20:44:43,857 [8eb9963e-bce0-4155-aea2-e442cadff8bd@group-715EBF8096A7-LeaderElection155] INFO  impl.LeaderElection (LogUtils.java:infoOrTrace(142)) -   Exception 0: java.util.concurrent.ExecutionException: org.apache.ratis.thirdparty.io.grpc.StatusRuntimeException: UNAVAILABLE: io exception
2025-09-19 20:44:43,857 [8eb9963e-bce0-4155-aea2-e442cadff8bd@group-715EBF8096A7-LeaderElection155] INFO  impl.LeaderElection (LogUtils.java:infoOrTrace(142)) -   Exception 1: java.util.concurrent.ExecutionException: org.apache.ratis.thirdparty.io.grpc.StatusRuntimeException: UNAVAILABLE: io exception
2025-09-19 20:44:43,857 [8eb9963e-bce0-4155-aea2-e442cadff8bd@group-715EBF8096A7-LeaderElection155] INFO  impl.LeaderElection (LeaderElection.java:askForVotes(450)) - 8eb9963e-bce0-4155-aea2-e442cadff8bd@group-715EBF8096A7-LeaderElection155 PRE_VOTE round 0: result REJECTED
2025-09-19 20:44:43,857 [8eb9963e-bce0-4155-aea2-e442cadff8bd@group-715EBF8096A7-LeaderElection155] INFO  server.RaftServer$Division (RaftServerImpl.java:setRole(392)) - 8eb9963e-bce0-4155-aea2-e442cadff8bd@group-715EBF8096A7: changes role from CANDIDATE to FOLLOWER at term 5 for REJECTED
2025-09-19 20:44:43,857 [8eb9963e-bce0-4155-aea2-e442cadff8bd@group-715EBF8096A7-LeaderElection155] INFO  impl.RoleInfo (RoleInfo.java:shutdownLeaderElection(141)) - 8eb9963e-bce0-4155-aea2-e442cadff8bd: shutdown 8eb9963e-bce0-4155-aea2-e442cadff8bd@group-715EBF8096A7-LeaderElection155
2025-09-19 20:44:43,857 [8eb9963e-bce0-4155-aea2-e442cadff8bd@group-715EBF8096A7-LeaderElection155] INFO  impl.RoleInfo (RoleInfo.java:updateAndGet(148)) - 8eb9963e-bce0-4155-aea2-e442cadff8bd: start 8eb9963e-bce0-4155-aea2-e442cadff8bd@group-715EBF8096A7-FollowerState
2025-09-19 20:44:43,920 [8eb9963e-bce0-4155-aea2-e442cadff8bd@group-A751954341BD-LeaderStateImpl] WARN  server.RaftServer$Division (LeaderStateImpl.java:checkLeadership(1121)) - 8eb9963e-bce0-4155-aea2-e442cadff8bd@group-A751954341BD-LeaderStateImpl: Lost leadership on term: 2. Election timeout: 1200ms. In charge for: 14732ms. Conf: conf: {index: 1, cur=peers:[b5a25cc1-46d3-4381-a194-bd68f4526f1c|127.0.0.1:15031, 0df1231c-9f8a-4757-a7d0-f6d7f53bc482|127.0.0.1:15023, 8eb9963e-bce0-4155-aea2-e442cadff8bd|127.0.0.1:15015]|listeners:[], old=null}
2025-09-19 20:44:43,920 [8eb9963e-bce0-4155-aea2-e442cadff8bd@group-A751954341BD-LeaderStateImpl] WARN  server.RaftServer$Division (LeaderStateImpl.java:lambda$checkLeadership$20(1125)) - Follower 8eb9963e-bce0-4155-aea2-e442cadff8bd@group-A751954341BD->b5a25cc1-46d3-4381-a194-bd68f4526f1c(c13,m14,n15, caughtUp=true, lastRpcSendTime=238, lastRpcResponseTime=4800)
2025-09-19 20:44:43,920 [8eb9963e-bce0-4155-aea2-e442cadff8bd@group-A751954341BD-LeaderStateImpl] WARN  server.RaftServer$Division (LeaderStateImpl.java:lambda$checkLeadership$20(1125)) - Follower 8eb9963e-bce0-4155-aea2-e442cadff8bd@group-A751954341BD->0df1231c-9f8a-4757-a7d0-f6d7f53bc482(c14,m14,n15, caughtUp=true, lastRpcSendTime=535, lastRpcResponseTime=1793)
2025-09-19 20:44:43,921 [8eb9963e-bce0-4155-aea2-e442cadff8bd@group-A751954341BD-LeaderStateImpl] INFO  server.RaftServer$Division (RaftServerImpl.java:setRole(392)) - 8eb9963e-bce0-4155-aea2-e442cadff8bd@group-A751954341BD: changes role from    LEADER to FOLLOWER at term 2 for StepDownReason:LOST_MAJORITY_HEARTBEATS
2025-09-19 20:44:43,921 [8eb9963e-bce0-4155-aea2-e442cadff8bd@group-A751954341BD-LeaderStateImpl] INFO  impl.RoleInfo (RoleInfo.java:shutdownLeaderState(103)) - 8eb9963e-bce0-4155-aea2-e442cadff8bd: shutdown 8eb9963e-bce0-4155-aea2-e442cadff8bd@group-A751954341BD-LeaderStateImpl
2025-09-19 20:44:43,921 [8eb9963e-bce0-4155-aea2-e442cadff8bd@group-A751954341BD->b5a25cc1-46d3-4381-a194-bd68f4526f1c-GrpcLogAppender-LogAppenderDaemon] WARN  server.GrpcLogAppender (GrpcLogAppender.java:mayWait(300)) - 8eb9963e-bce0-4155-aea2-e442cadff8bd@group-A751954341BD->b5a25cc1-46d3-4381-a194-bd68f4526f1c-GrpcLogAppender: Wait interrupted by java.lang.InterruptedException
2025-09-19 20:44:43,921 [8eb9963e-bce0-4155-aea2-e442cadff8bd@group-A751954341BD-LeaderStateImpl] INFO  impl.PendingRequests (PendingRequests.java:sendNotLeaderResponses(287)) - 8eb9963e-bce0-4155-aea2-e442cadff8bd@group-A751954341BD-PendingRequests: sendNotLeaderResponses
2025-09-19 20:44:43,921 [8eb9963e-bce0-4155-aea2-e442cadff8bd@group-A751954341BD->0df1231c-9f8a-4757-a7d0-f6d7f53bc482-GrpcLogAppender-LogAppenderDaemon] WARN  server.GrpcLogAppender (GrpcLogAppender.java:mayWait(300)) - 8eb9963e-bce0-4155-aea2-e442cadff8bd@group-A751954341BD->0df1231c-9f8a-4757-a7d0-f6d7f53bc482-GrpcLogAppender: Wait interrupted by java.lang.InterruptedException
2025-09-19 20:44:43,922 [8eb9963e-bce0-4155-aea2-e442cadff8bd@group-A751954341BD-LeaderStateImpl] INFO  server.RaftServer$Division (ServerState.java:setLeader(272)) - 8eb9963e-bce0-4155-aea2-e442cadff8bd@group-A751954341BD: change Leader from 8eb9963e-bce0-4155-aea2-e442cadff8bd to null at term 2 for StepDownReason:LOST_MAJORITY_HEARTBEATS
2025-09-19 20:44:43,922 [8eb9963e-bce0-4155-aea2-e442cadff8bd@group-A751954341BD-LeaderStateImpl] INFO  impl.RoleInfo (RoleInfo.java:updateAndGet(148)) - 8eb9963e-bce0-4155-aea2-e442cadff8bd: start 8eb9963e-bce0-4155-aea2-e442cadff8bd@group-A751954341BD-FollowerState
2025-09-19 20:44:44,235 [timer5] INFO  server.GrpcServerProtocolService (GrpcServerProtocolService.java:lambda$onCompleted$6(171)) - 0df1231c-9f8a-4757-a7d0-f6d7f53bc482: Completed APPEND_ENTRIES, lastRequest: null  (Repeated 2 times in the last 5.000s)
2025-09-19 20:44:44,235 [timer6] INFO  server.GrpcServerProtocolService (GrpcServerProtocolService.java:lambda$null$7(175)) - 0df1231c-9f8a-4757-a7d0-f6d7f53bc482: Completed APPEND_ENTRIES, lastReply: serverReply {
  requestorId: "b5a25cc1-46d3-4381-a194-bd68f4526f1c"
  replyId: "0df1231c-9f8a-4757-a7d0-f6d7f53bc482"
  raftGroupId {
    id: "\225\200\000\323#\226I\276\202\351q^\277\200\226\247"
  }
  callId: 30
  success: true
}
term: 4
nextIndex: 11
followerCommit: 10
matchIndex: 18446744073709551615
isHearbeat: true
  (Repeated 2 times in the last 5.000s)
2025-09-19 20:44:44,236 [timer7] INFO  server.GrpcServerProtocolService (GrpcServerProtocolService.java:lambda$onCompleted$6(171)) - 8eb9963e-bce0-4155-aea2-e442cadff8bd: Completed APPEND_ENTRIES, lastRequest: null  (Repeated 4 times in the last 5.000s)
2025-09-19 20:44:44,236 [timer0] INFO  server.GrpcServerProtocolService (GrpcServerProtocolService.java:lambda$null$7(175)) - 8eb9963e-bce0-4155-aea2-e442cadff8bd: Completed APPEND_ENTRIES, lastReply: serverReply {
  requestorId: "0df1231c-9f8a-4757-a7d0-f6d7f53bc482"
  replyId: "8eb9963e-bce0-4155-aea2-e442cadff8bd"
  raftGroupId {
    id: "\225\200\000\323#\226I\276\202\351q^\277\200\226\247"
  }
  callId: 6
  success: true
}
term: 5
nextIndex: 13
followerCommit: 12
matchIndex: 18446744073709551615
isHearbeat: true
  (Repeated 4 times in the last 5.000s)
2025-09-19 20:44:44,260 [timer2] WARN  server.GrpcLogAppender (GrpcLogAppender.java:lambda$resetClient$1(228)) - 8eb9963e-bce0-4155-aea2-e442cadff8bd@group-A751954341BD->b5a25cc1-46d3-4381-a194-bd68f4526f1c-GrpcLogAppender: Follower failed (request=null, errorCount=18); keep nextIndex (15) unchanged and retry. (Repeated 18 times in the last 5.000s)
2025-09-19 20:44:44,261 [timer1] WARN  server.GrpcLogAppender (LogUtils.java:warn(127)) - 8eb9963e-bce0-4155-aea2-e442cadff8bd@group-A751954341BD->b5a25cc1-46d3-4381-a194-bd68f4526f1c-AppendLogResponseHandler: Failed appendEntries (Repeated 18 times in the last 5.000s): org.apache.ratis.thirdparty.io.grpc.StatusRuntimeException: UNAVAILABLE: io exception
  Caused by: org.apache.ratis.thirdparty.io.netty.channel.AbstractChannel$AnnotatedConnectException: finishConnect(..) failed: Connection refused: /127.0.0.1:15031
  Caused by: java.net.ConnectException: finishConnect(..) failed: Connection refused
2025-09-19 20:44:44,879 [8eb9963e-bce0-4155-aea2-e442cadff8bd@group-715EBF8096A7-FollowerState] INFO  impl.FollowerState (FollowerState.java:runImpl(161)) - 8eb9963e-bce0-4155-aea2-e442cadff8bd@group-715EBF8096A7-FollowerState: change to CANDIDATE, lastRpcElapsedTime:1021237472ns, electionTimeout:1021ms
2025-09-19 20:44:44,879 [8eb9963e-bce0-4155-aea2-e442cadff8bd@group-715EBF8096A7-FollowerState] INFO  impl.RoleInfo (RoleInfo.java:shutdownFollowerState(121)) - 8eb9963e-bce0-4155-aea2-e442cadff8bd: shutdown 8eb9963e-bce0-4155-aea2-e442cadff8bd@group-715EBF8096A7-FollowerState
2025-09-19 20:44:44,879 [8eb9963e-bce0-4155-aea2-e442cadff8bd@group-715EBF8096A7-FollowerState] INFO  server.RaftServer$Division (RaftServerImpl.java:setRole(392)) - 8eb9963e-bce0-4155-aea2-e442cadff8bd@group-715EBF8096A7: changes role from  FOLLOWER to CANDIDATE at term 5 for changeToCandidate
2025-09-19 20:44:44,879 [8eb9963e-bce0-4155-aea2-e442cadff8bd@group-715EBF8096A7-FollowerState] INFO  impl.RoleInfo (RoleInfo.java:updateAndGet(148)) - 8eb9963e-bce0-4155-aea2-e442cadff8bd: start 8eb9963e-bce0-4155-aea2-e442cadff8bd@group-715EBF8096A7-LeaderElection156
2025-09-19 20:44:44,879 [8eb9963e-bce0-4155-aea2-e442cadff8bd@group-715EBF8096A7-LeaderElection156] INFO  impl.LeaderElection (LeaderElection.java:askForVotes(448)) - 8eb9963e-bce0-4155-aea2-e442cadff8bd@group-715EBF8096A7-LeaderElection156 PRE_VOTE round 0: submit vote requests at term 5 for conf: {index: 11, cur=peers:[b5a25cc1-46d3-4381-a194-bd68f4526f1c|127.0.0.1:15031, 0df1231c-9f8a-4757-a7d0-f6d7f53bc482|127.0.0.1:15023, 8eb9963e-bce0-4155-aea2-e442cadff8bd|127.0.0.1:15015]|listeners:[], old=null}
2025-09-19 20:44:44,880 [8eb9963e-bce0-4155-aea2-e442cadff8bd@group-715EBF8096A7-LeaderElection156] INFO  impl.LeaderElection (LogUtils.java:infoOrTrace(142)) - 8eb9963e-bce0-4155-aea2-e442cadff8bd@group-715EBF8096A7-LeaderElection156 got exception when requesting votes: java.util.concurrent.ExecutionException: org.apache.ratis.thirdparty.io.grpc.StatusRuntimeException: UNAVAILABLE: io exception
2025-09-19 20:44:44,880 [8eb9963e-bce0-4155-aea2-e442cadff8bd@group-715EBF8096A7-LeaderElection156] INFO  impl.LeaderElection (LogUtils.java:infoOrTrace(142)) - 8eb9963e-bce0-4155-aea2-e442cadff8bd@group-715EBF8096A7-LeaderElection156 got exception when requesting votes: java.util.concurrent.ExecutionException: org.apache.ratis.thirdparty.io.grpc.StatusRuntimeException: UNAVAILABLE: io exception
2025-09-19 20:44:44,880 [8eb9963e-bce0-4155-aea2-e442cadff8bd@group-715EBF8096A7-LeaderElection156] INFO  impl.LeaderElection (LeaderElection.java:logAndReturn(206)) - 8eb9963e-bce0-4155-aea2-e442cadff8bd@group-715EBF8096A7-LeaderElection156: PRE_VOTE REJECTED received 0 response(s) and 2 exception(s):
2025-09-19 20:44:44,880 [8eb9963e-bce0-4155-aea2-e442cadff8bd@group-715EBF8096A7-LeaderElection156] INFO  impl.LeaderElection (LogUtils.java:infoOrTrace(142)) -   Exception 0: java.util.concurrent.ExecutionException: org.apache.ratis.thirdparty.io.grpc.StatusRuntimeException: UNAVAILABLE: io exception
2025-09-19 20:44:44,880 [8eb9963e-bce0-4155-aea2-e442cadff8bd@group-715EBF8096A7-LeaderElection156] INFO  impl.LeaderElection (LogUtils.java:infoOrTrace(142)) -   Exception 1: java.util.concurrent.ExecutionException: org.apache.ratis.thirdparty.io.grpc.StatusRuntimeException: UNAVAILABLE: io exception
2025-09-19 20:44:44,880 [8eb9963e-bce0-4155-aea2-e442cadff8bd@group-715EBF8096A7-LeaderElection156] INFO  impl.LeaderElection (LeaderElection.java:askForVotes(450)) - 8eb9963e-bce0-4155-aea2-e442cadff8bd@group-715EBF8096A7-LeaderElection156 PRE_VOTE round 0: result REJECTED
2025-09-19 20:44:44,880 [8eb9963e-bce0-4155-aea2-e442cadff8bd@group-715EBF8096A7-LeaderElection156] INFO  server.RaftServer$Division (RaftServerImpl.java:setRole(392)) - 8eb9963e-bce0-4155-aea2-e442cadff8bd@group-715EBF8096A7: changes role from CANDIDATE to FOLLOWER at term 5 for REJECTED
2025-09-19 20:44:44,880 [8eb9963e-bce0-4155-aea2-e442cadff8bd@group-715EBF8096A7-LeaderElection156] INFO  impl.RoleInfo (RoleInfo.java:shutdownLeaderElection(141)) - 8eb9963e-bce0-4155-aea2-e442cadff8bd: shutdown 8eb9963e-bce0-4155-aea2-e442cadff8bd@group-715EBF8096A7-LeaderElection156
2025-09-19 20:44:44,880 [8eb9963e-bce0-4155-aea2-e442cadff8bd@group-715EBF8096A7-LeaderElection156] INFO  impl.RoleInfo (RoleInfo.java:updateAndGet(148)) - 8eb9963e-bce0-4155-aea2-e442cadff8bd: start 8eb9963e-bce0-4155-aea2-e442cadff8bd@group-715EBF8096A7-FollowerState
2025-09-19 20:44:45,113 [8eb9963e-bce0-4155-aea2-e442cadff8bd@group-A751954341BD-FollowerState] INFO  impl.FollowerState (FollowerState.java:lostMajorityHeartbeatsRecently(113)) - 8eb9963e-bce0-4155-aea2-e442cadff8bd@group-A751954341BD-FollowerState: Skipping leader election since it stepped down recently (elapsed = 1190ms < waitTime = 10s)
2025-09-19 20:44:45,124 [ForkJoinPool-1-worker-1] INFO  utils.DatanodeStoreCache (DatanodeStoreCache.java:shutdownCache(110)) - Skip clearing cache in mini cluster mode. Entries left: [/home/runner/work/ozone/ozone/hadoop-ozone/integration-test/target/test-dir/MiniOzoneClusterImpl-990002c2-bb69-4aa2-bd68-28a5e13e86ef/ozone-metadata/datanode-1/data-0/hdds/990002c2-bb69-4aa2-bd68-28a5e13e86ef/DS-3d966188-6e8b-4280-af48-36487f3106d4/container.db, /home/runner/work/ozone/ozone/hadoop-ozone/integration-test/target/test-dir/MiniOzoneClusterImpl-990002c2-bb69-4aa2-bd68-28a5e13e86ef/ozone-metadata/datanode-10/data-0/hdds/990002c2-bb69-4aa2-bd68-28a5e13e86ef/DS-d4d59647-a844-454f-9bbf-1ae447f964d1/container.db, /home/runner/work/ozone/ozone/hadoop-ozone/integration-test/target/test-dir/MiniOzoneClusterImpl-990002c2-bb69-4aa2-bd68-28a5e13e86ef/ozone-metadata/datanode-2/data-0/hdds/990002c2-bb69-4aa2-bd68-28a5e13e86ef/DS-69ac7518-6ece-4e77-96c1-96814a10e0cf/container.db, /home/runner/work/ozone/ozone/hadoop-ozone/integration-test/target/test-dir/MiniOzoneClusterImpl-990002c2-bb69-4aa2-bd68-28a5e13e86ef/ozone-metadata/datanode-4/data-0/hdds/990002c2-bb69-4aa2-bd68-28a5e13e86ef/DS-4e6824a3-16c7-4668-a829-65a4da2b6cb0/container.db, /home/runner/work/ozone/ozone/hadoop-ozone/integration-test/target/test-dir/MiniOzoneClusterImpl-990002c2-bb69-4aa2-bd68-28a5e13e86ef/ozone-metadata/datanode-5/data-0/hdds/990002c2-bb69-4aa2-bd68-28a5e13e86ef/DS-d330c7e4-7b2b-43d4-9af2-9f8fb582114f/container.db, /home/runner/work/ozone/ozone/hadoop-ozone/integration-test/target/test-dir/MiniOzoneClusterImpl-990002c2-bb69-4aa2-bd68-28a5e13e86ef/ozone-metadata/datanode-6/data-0/hdds/990002c2-bb69-4aa2-bd68-28a5e13e86ef/DS-fe8e0949-2f72-432b-82c6-cef628e0820f/container.db, /home/runner/work/ozone/ozone/hadoop-ozone/integration-test/target/test-dir/MiniOzoneClusterImpl-990002c2-bb69-4aa2-bd68-28a5e13e86ef/ozone-metadata/datanode-7/data-0/hdds/990002c2-bb69-4aa2-bd68-28a5e13e86ef/DS-7ca139a3-566d-4995-b9a1-d589e874febb/container.db, /home/runner/work/ozone/ozone/hadoop-ozone/integration-test/target/test-dir/MiniOzoneClusterImpl-990002c2-bb69-4aa2-bd68-28a5e13e86ef/ozone-metadata/datanode-8/data-0/hdds/990002c2-bb69-4aa2-bd68-28a5e13e86ef/DS-84e4acea-b2ce-4814-9959-95aa0a15992b/container.db, /home/runner/work/ozone/ozone/hadoop-ozone/integration-test/target/test-dir/MiniOzoneClusterImpl-990002c2-bb69-4aa2-bd68-28a5e13e86ef/ozone-metadata/datanode-9/data-0/hdds/990002c2-bb69-4aa2-bd68-28a5e13e86ef/DS-36ad5d1b-b97e-4995-8da6-aae7ff692fd5/container.db]
2025-09-19 20:44:45,125 [ForkJoinPool-1-worker-1] INFO  utils.DatanodeStoreCache (DatanodeStoreCache.java:removeDB(104)) - Removed db /home/runner/work/ozone/ozone/hadoop-ozone/integration-test/target/test-dir/MiniOzoneClusterImpl-990002c2-bb69-4aa2-bd68-28a5e13e86ef/ozone-metadata/datanode-2/data-0/hdds/990002c2-bb69-4aa2-bd68-28a5e13e86ef/DS-69ac7518-6ece-4e77-96c1-96814a10e0cf/container.db from cache
2025-09-19 20:44:45,125 [ForkJoinPool-1-worker-1] INFO  volume.HddsVolume (HddsVolume.java:closeDbStore(609)) - SchemaV3 db is stopped at /home/runner/work/ozone/ozone/hadoop-ozone/integration-test/target/test-dir/MiniOzoneClusterImpl-990002c2-bb69-4aa2-bd68-28a5e13e86ef/ozone-metadata/datanode-2/data-0/hdds/990002c2-bb69-4aa2-bd68-28a5e13e86ef/DS-69ac7518-6ece-4e77-96c1-96814a10e0cf/container.db for volume DS-69ac7518-6ece-4e77-96c1-96814a10e0cf
2025-09-19 20:44:45,126 [ForkJoinPool-1-worker-1] INFO  utils.BackgroundService (BackgroundService.java:shutdown(195)) - Shutting down service BlockDeletingService
2025-09-19 20:44:45,126 [ForkJoinPool-1-worker-1] INFO  utils.BackgroundService (BackgroundService.java:shutdown(195)) - Shutting down service StaleRecoveringContainerScrubbingService
2025-09-19 20:44:45,127 [ForkJoinPool-1-worker-1] INFO  statemachine.DatanodeStateMachine (DatanodeStateMachine.java:stopDaemon(654)) - Ozone container server stopped.
2025-09-19 20:44:45,140 [ForkJoinPool-1-worker-1] INFO  handler.ContextHandler (ContextHandler.java:doStop(1159)) - Stopped o.e.j.w.WebAppContext@50e7e713{hddsDatanode,/,null,STOPPED}{jar:file:/home/runner/work/ozone/ozone/hadoop-hdds/container-service/target/hdds-container-service-2.1.0-SNAPSHOT.jar!/webapps/hddsDatanode}
2025-09-19 20:44:45,141 [ForkJoinPool-1-worker-1] INFO  server.AbstractConnector (AbstractConnector.java:doStop(383)) - Stopped ServerConnector@1fff5050{HTTP/1.1, (http/1.1)}{0.0.0.0:15018}
2025-09-19 20:44:45,141 [ForkJoinPool-1-worker-1] INFO  server.session (HouseKeeper.java:stopScavenging(149)) - node0 Stopped scavenging
2025-09-19 20:44:45,141 [ForkJoinPool-1-worker-1] INFO  handler.ContextHandler (ContextHandler.java:doStop(1159)) - Stopped o.e.j.s.ServletContextHandler@4021b559{static,/static,jar:file:/home/runner/work/ozone/ozone/hadoop-hdds/container-service/target/hdds-container-service-2.1.0-SNAPSHOT.jar!/webapps/static,STOPPED}
2025-09-19 20:44:45,141 [ForkJoinPool-1-worker-1] INFO  handler.ContextHandler (ContextHandler.java:doStop(1159)) - Stopped o.e.j.s.ServletContextHandler@24085bde{logs,/logs,file:///home/runner/work/ozone/ozone/hadoop-ozone/integration-test/target/log,STOPPED}
2025-09-19 20:44:45,142 [ForkJoinPool-1-worker-1] INFO  ozone.HddsDatanodeClientProtocolServer (HddsDatanodeClientProtocolServer.java:stop(82)) - Stopping the RPC server for Client Protocol
2025-09-19 20:44:45,142 [ForkJoinPool-1-worker-1] INFO  ipc.Server (Server.java:stop(3697)) - Stopping server on 15019
2025-09-19 20:44:45,143 [IPC Server listener on 15019] INFO  ipc.Server (Server.java:run(1585)) - Stopping IPC Server listener on 15019
2025-09-19 20:44:45,143 [IPC Server Responder] INFO  ipc.Server (Server.java:run(1718)) - Stopping IPC Server Responder
2025-09-19 20:44:45,147 [grpc-default-executor-2] ERROR impl.OrderedAsync (OrderedAsync.java:lambda$null$6(215)) -  client-EE2AA9DBFBBD: Failed* RaftClientRequest:client-EE2AA9DBFBBD->b5a25cc1-46d3-4381-a194-bd68f4526f1c@group-715EBF8096A7, cid=40, seq=1*, Watch(0), null
java.util.concurrent.CompletionException: java.io.IOException: org.apache.ratis.thirdparty.io.grpc.StatusRuntimeException: UNAVAILABLE: io exception
	at java.base/java.util.concurrent.CompletableFuture.encodeThrowable(CompletableFuture.java:332)
	at java.base/java.util.concurrent.CompletableFuture.completeThrowable(CompletableFuture.java:347)
	at java.base/java.util.concurrent.CompletableFuture$UniAccept.tryFire(CompletableFuture.java:708)
	at java.base/java.util.concurrent.CompletableFuture.postComplete(CompletableFuture.java:510)
	at java.base/java.util.concurrent.CompletableFuture.completeExceptionally(CompletableFuture.java:2194)
	at org.apache.ratis.grpc.client.GrpcClientProtocolClient$AsyncStreamObservers.completeReplyExceptionally(GrpcClientProtocolClient.java:397)
	at org.apache.ratis.grpc.client.GrpcClientProtocolClient$AsyncStreamObservers.access$000(GrpcClientProtocolClient.java:303)
	at org.apache.ratis.grpc.client.GrpcClientProtocolClient$AsyncStreamObservers$1.onError(GrpcClientProtocolClient.java:334)
	at org.apache.ratis.thirdparty.io.grpc.stub.ClientCalls$StreamObserverToCallListenerAdapter.onClose(ClientCalls.java:564)
	at org.apache.ratis.thirdparty.io.grpc.PartialForwardingClientCallListener.onClose(PartialForwardingClientCallListener.java:39)
	at org.apache.ratis.thirdparty.io.grpc.ForwardingClientCallListener.onClose(ForwardingClientCallListener.java:23)
	at org.apache.ratis.grpc.metrics.intercept.client.MetricClientCallListener.onClose(MetricClientCallListener.java:47)
	at org.apache.ratis.thirdparty.io.grpc.internal.ClientCallImpl.closeObserver(ClientCallImpl.java:565)
	at org.apache.ratis.thirdparty.io.grpc.internal.ClientCallImpl.access$100(ClientCallImpl.java:72)
	at org.apache.ratis.thirdparty.io.grpc.internal.ClientCallImpl$ClientStreamListenerImpl$1StreamClosed.runInternal(ClientCallImpl.java:733)
	at org.apache.ratis.thirdparty.io.grpc.internal.ClientCallImpl$ClientStreamListenerImpl$1StreamClosed.runInContext(ClientCallImpl.java:714)
	at org.apache.ratis.thirdparty.io.grpc.internal.ContextRunnable.run(ContextRunnable.java:37)
	at org.apache.ratis.thirdparty.io.grpc.internal.SerializingExecutor.run(SerializingExecutor.java:133)
	at java.base/java.util.concurrent.ThreadPoolExecutor.runWorker(ThreadPoolExecutor.java:1144)
	at java.base/java.util.concurrent.ThreadPoolExecutor$Worker.run(ThreadPoolExecutor.java:642)
	at java.base/java.lang.Thread.run(Thread.java:1583)
Caused by: java.io.IOException: org.apache.ratis.thirdparty.io.grpc.StatusRuntimeException: UNAVAILABLE: io exception
	at org.apache.ratis.grpc.GrpcUtil.unwrapException(GrpcUtil.java:99)
	at org.apache.ratis.grpc.GrpcUtil.unwrapIOException(GrpcUtil.java:159)
	at org.apache.ratis.grpc.client.GrpcClientProtocolClient$AsyncStreamObservers$1.onError(GrpcClientProtocolClient.java:333)
	... 13 more
Caused by: org.apache.ratis.thirdparty.io.grpc.StatusRuntimeException: UNAVAILABLE: io exception
	at org.apache.ratis.thirdparty.io.grpc.Status.asRuntimeException(Status.java:532)
	... 13 more
Caused by: org.apache.ratis.thirdparty.io.netty.channel.AbstractChannel$AnnotatedConnectException: finishConnect(..) failed: Connection refused: /127.0.0.1:15029
Caused by: java.net.ConnectException: finishConnect(..) failed: Connection refused
	at org.apache.ratis.thirdparty.io.netty.channel.unix.Errors.newConnectException0(Errors.java:166)
	at org.apache.ratis.thirdparty.io.netty.channel.unix.Errors.handleConnectErrno(Errors.java:131)
	at org.apache.ratis.thirdparty.io.netty.channel.unix.Socket.finishConnect(Socket.java:359)
	at org.apache.ratis.thirdparty.io.netty.channel.epoll.AbstractEpollChannel$AbstractEpollUnsafe.doFinishConnect(AbstractEpollChannel.java:715)
	at org.apache.ratis.thirdparty.io.netty.channel.epoll.AbstractEpollChannel$AbstractEpollUnsafe.finishConnect(AbstractEpollChannel.java:692)
	at org.apache.ratis.thirdparty.io.netty.channel.epoll.AbstractEpollChannel$AbstractEpollUnsafe.epollOutReady(AbstractEpollChannel.java:567)
	at org.apache.ratis.thirdparty.io.netty.channel.epoll.EpollEventLoop.processReady(EpollEventLoop.java:491)
	at org.apache.ratis.thirdparty.io.netty.channel.epoll.EpollEventLoop.run(EpollEventLoop.java:399)
	at org.apache.ratis.thirdparty.io.netty.util.concurrent.SingleThreadEventExecutor$4.run(SingleThreadEventExecutor.java:998)
	at org.apache.ratis.thirdparty.io.netty.util.internal.ThreadExecutorMap$2.run(ThreadExecutorMap.java:74)
	at org.apache.ratis.thirdparty.io.netty.util.concurrent.FastThreadLocalRunnable.run(FastThreadLocalRunnable.java:30)
	at java.base/java.lang.Thread.run(Thread.java:1583)
2025-09-19 20:44:45,396 [timer7] WARN  server.GrpcLogAppender (LogUtils.java:warn(127)) - 0df1231c-9f8a-4757-a7d0-f6d7f53bc482@group-715EBF8096A7->b5a25cc1-46d3-4381-a194-bd68f4526f1c-AppendLogResponseHandler: Failed appendEntries (Repeated 14 times in the last 5.001s): org.apache.ratis.thirdparty.io.grpc.StatusRuntimeException: UNAVAILABLE: io exception
  Caused by: org.apache.ratis.thirdparty.io.netty.channel.AbstractChannel$AnnotatedConnectException: finishConnect(..) failed: Connection refused: /127.0.0.1:15031
  Caused by: java.net.ConnectException: finishConnect(..) failed: Connection refused
2025-09-19 20:44:45,397 [timer2] WARN  server.GrpcLogAppender (GrpcLogAppender.java:lambda$resetClient$1(228)) - 0df1231c-9f8a-4757-a7d0-f6d7f53bc482@group-715EBF8096A7->b5a25cc1-46d3-4381-a194-bd68f4526f1c-GrpcLogAppender: Follower failed (request=null, errorCount=4); keep nextIndex (12) unchanged and retry. (Repeated 3 times in the last 4.999s)
2025-09-19 20:44:45,412 [timer6] WARN  server.GrpcLogAppender (GrpcLogAppender.java:lambda$resetClient$1(228)) - 0df1231c-9f8a-4757-a7d0-f6d7f53bc482@group-715EBF8096A7->b5a25cc1-46d3-4381-a194-bd68f4526f1c-GrpcLogAppender: Follower failed (request=null, errorCount=14); keep nextIndex (13) unchanged and retry. (Repeated 10 times in the last 5.001s)
2025-09-19 20:44:45,905 [8eb9963e-bce0-4155-aea2-e442cadff8bd@group-715EBF8096A7-FollowerState] INFO  impl.FollowerState (FollowerState.java:runImpl(161)) - 8eb9963e-bce0-4155-aea2-e442cadff8bd@group-715EBF8096A7-FollowerState: change to CANDIDATE, lastRpcElapsedTime:1025246994ns, electionTimeout:1025ms
2025-09-19 20:44:45,906 [8eb9963e-bce0-4155-aea2-e442cadff8bd@group-715EBF8096A7-FollowerState] INFO  impl.RoleInfo (RoleInfo.java:shutdownFollowerState(121)) - 8eb9963e-bce0-4155-aea2-e442cadff8bd: shutdown 8eb9963e-bce0-4155-aea2-e442cadff8bd@group-715EBF8096A7-FollowerState
2025-09-19 20:44:45,906 [8eb9963e-bce0-4155-aea2-e442cadff8bd@group-715EBF8096A7-FollowerState] INFO  server.RaftServer$Division (RaftServerImpl.java:setRole(392)) - 8eb9963e-bce0-4155-aea2-e442cadff8bd@group-715EBF8096A7: changes role from  FOLLOWER to CANDIDATE at term 5 for changeToCandidate
2025-09-19 20:44:45,906 [8eb9963e-bce0-4155-aea2-e442cadff8bd@group-715EBF8096A7-FollowerState] INFO  impl.RoleInfo (RoleInfo.java:updateAndGet(148)) - 8eb9963e-bce0-4155-aea2-e442cadff8bd: start 8eb9963e-bce0-4155-aea2-e442cadff8bd@group-715EBF8096A7-LeaderElection157
2025-09-19 20:44:45,906 [8eb9963e-bce0-4155-aea2-e442cadff8bd@group-715EBF8096A7-LeaderElection157] INFO  impl.LeaderElection (LeaderElection.java:askForVotes(448)) - 8eb9963e-bce0-4155-aea2-e442cadff8bd@group-715EBF8096A7-LeaderElection157 PRE_VOTE round 0: submit vote requests at term 5 for conf: {index: 11, cur=peers:[b5a25cc1-46d3-4381-a194-bd68f4526f1c|127.0.0.1:15031, 0df1231c-9f8a-4757-a7d0-f6d7f53bc482|127.0.0.1:15023, 8eb9963e-bce0-4155-aea2-e442cadff8bd|127.0.0.1:15015]|listeners:[], old=null}
2025-09-19 20:44:45,906 [8eb9963e-bce0-4155-aea2-e442cadff8bd@group-715EBF8096A7-LeaderElection157] INFO  impl.LeaderElection (LogUtils.java:infoOrTrace(142)) - 8eb9963e-bce0-4155-aea2-e442cadff8bd@group-715EBF8096A7-LeaderElection157 got exception when requesting votes: java.util.concurrent.ExecutionException: org.apache.ratis.thirdparty.io.grpc.StatusRuntimeException: UNAVAILABLE: io exception
2025-09-19 20:44:45,907 [8eb9963e-bce0-4155-aea2-e442cadff8bd@group-715EBF8096A7-LeaderElection157] INFO  impl.LeaderElection (LogUtils.java:infoOrTrace(142)) - 8eb9963e-bce0-4155-aea2-e442cadff8bd@group-715EBF8096A7-LeaderElection157 got exception when requesting votes: java.util.concurrent.ExecutionException: org.apache.ratis.thirdparty.io.grpc.StatusRuntimeException: UNAVAILABLE: io exception
2025-09-19 20:44:45,907 [8eb9963e-bce0-4155-aea2-e442cadff8bd@group-715EBF8096A7-LeaderElection157] INFO  impl.LeaderElection (LeaderElection.java:logAndReturn(206)) - 8eb9963e-bce0-4155-aea2-e442cadff8bd@group-715EBF8096A7-LeaderElection157: PRE_VOTE REJECTED received 0 response(s) and 2 exception(s):
2025-09-19 20:44:45,907 [8eb9963e-bce0-4155-aea2-e442cadff8bd@group-715EBF8096A7-LeaderElection157] INFO  impl.LeaderElection (LogUtils.java:infoOrTrace(142)) -   Exception 0: java.util.concurrent.ExecutionException: org.apache.ratis.thirdparty.io.grpc.StatusRuntimeException: UNAVAILABLE: io exception
2025-09-19 20:44:45,907 [8eb9963e-bce0-4155-aea2-e442cadff8bd@group-715EBF8096A7-LeaderElection157] INFO  impl.LeaderElection (LogUtils.java:infoOrTrace(142)) -   Exception 1: java.util.concurrent.ExecutionException: org.apache.ratis.thirdparty.io.grpc.StatusRuntimeException: UNAVAILABLE: io exception
2025-09-19 20:44:45,907 [8eb9963e-bce0-4155-aea2-e442cadff8bd@group-715EBF8096A7-LeaderElection157] INFO  impl.LeaderElection (LeaderElection.java:askForVotes(450)) - 8eb9963e-bce0-4155-aea2-e442cadff8bd@group-715EBF8096A7-LeaderElection157 PRE_VOTE round 0: result REJECTED
2025-09-19 20:44:45,907 [8eb9963e-bce0-4155-aea2-e442cadff8bd@group-715EBF8096A7-LeaderElection157] INFO  server.RaftServer$Division (RaftServerImpl.java:setRole(392)) - 8eb9963e-bce0-4155-aea2-e442cadff8bd@group-715EBF8096A7: changes role from CANDIDATE to FOLLOWER at term 5 for REJECTED
2025-09-19 20:44:45,907 [8eb9963e-bce0-4155-aea2-e442cadff8bd@group-715EBF8096A7-LeaderElection157] INFO  impl.RoleInfo (RoleInfo.java:shutdownLeaderElection(141)) - 8eb9963e-bce0-4155-aea2-e442cadff8bd: shutdown 8eb9963e-bce0-4155-aea2-e442cadff8bd@group-715EBF8096A7-LeaderElection157
2025-09-19 20:44:45,907 [8eb9963e-bce0-4155-aea2-e442cadff8bd@group-715EBF8096A7-LeaderElection157] INFO  impl.RoleInfo (RoleInfo.java:updateAndGet(148)) - 8eb9963e-bce0-4155-aea2-e442cadff8bd: start 8eb9963e-bce0-4155-aea2-e442cadff8bd@group-715EBF8096A7-FollowerState
2025-09-19 20:44:46,139 [8eb9963e-bce0-4155-aea2-e442cadff8bd@group-A751954341BD-FollowerState] INFO  impl.FollowerState (FollowerState.java:lostMajorityHeartbeatsRecently(113)) - 8eb9963e-bce0-4155-aea2-e442cadff8bd@group-A751954341BD-FollowerState: Skipping leader election since it stepped down recently (elapsed = 2216ms < waitTime = 10s)
2025-09-19 20:44:46,940 [8eb9963e-bce0-4155-aea2-e442cadff8bd@group-715EBF8096A7-FollowerState] INFO  impl.FollowerState (FollowerState.java:runImpl(161)) - 8eb9963e-bce0-4155-aea2-e442cadff8bd@group-715EBF8096A7-FollowerState: change to CANDIDATE, lastRpcElapsedTime:1033293377ns, electionTimeout:1033ms
2025-09-19 20:44:46,940 [8eb9963e-bce0-4155-aea2-e442cadff8bd@group-715EBF8096A7-FollowerState] INFO  impl.RoleInfo (RoleInfo.java:shutdownFollowerState(121)) - 8eb9963e-bce0-4155-aea2-e442cadff8bd: shutdown 8eb9963e-bce0-4155-aea2-e442cadff8bd@group-715EBF8096A7-FollowerState
2025-09-19 20:44:46,940 [8eb9963e-bce0-4155-aea2-e442cadff8bd@group-715EBF8096A7-FollowerState] INFO  server.RaftServer$Division (RaftServerImpl.java:setRole(392)) - 8eb9963e-bce0-4155-aea2-e442cadff8bd@group-715EBF8096A7: changes role from  FOLLOWER to CANDIDATE at term 5 for changeToCandidate
2025-09-19 20:44:46,940 [8eb9963e-bce0-4155-aea2-e442cadff8bd@group-715EBF8096A7-FollowerState] INFO  impl.RoleInfo (RoleInfo.java:updateAndGet(148)) - 8eb9963e-bce0-4155-aea2-e442cadff8bd: start 8eb9963e-bce0-4155-aea2-e442cadff8bd@group-715EBF8096A7-LeaderElection158
2025-09-19 20:44:46,941 [8eb9963e-bce0-4155-aea2-e442cadff8bd@group-715EBF8096A7-LeaderElection158] INFO  impl.LeaderElection (LeaderElection.java:askForVotes(448)) - 8eb9963e-bce0-4155-aea2-e442cadff8bd@group-715EBF8096A7-LeaderElection158 PRE_VOTE round 0: submit vote requests at term 5 for conf: {index: 11, cur=peers:[b5a25cc1-46d3-4381-a194-bd68f4526f1c|127.0.0.1:15031, 0df1231c-9f8a-4757-a7d0-f6d7f53bc482|127.0.0.1:15023, 8eb9963e-bce0-4155-aea2-e442cadff8bd|127.0.0.1:15015]|listeners:[], old=null}
2025-09-19 20:44:46,941 [8eb9963e-bce0-4155-aea2-e442cadff8bd@group-715EBF8096A7-LeaderElection158] INFO  impl.LeaderElection (LogUtils.java:infoOrTrace(142)) - 8eb9963e-bce0-4155-aea2-e442cadff8bd@group-715EBF8096A7-LeaderElection158 got exception when requesting votes: java.util.concurrent.ExecutionException: org.apache.ratis.thirdparty.io.grpc.StatusRuntimeException: UNAVAILABLE: io exception
2025-09-19 20:44:46,942 [8eb9963e-bce0-4155-aea2-e442cadff8bd@group-715EBF8096A7-LeaderElection158] INFO  impl.LeaderElection (LogUtils.java:infoOrTrace(142)) - 8eb9963e-bce0-4155-aea2-e442cadff8bd@group-715EBF8096A7-LeaderElection158 got exception when requesting votes: java.util.concurrent.ExecutionException: org.apache.ratis.thirdparty.io.grpc.StatusRuntimeException: UNAVAILABLE: io exception
2025-09-19 20:44:46,942 [8eb9963e-bce0-4155-aea2-e442cadff8bd@group-715EBF8096A7-LeaderElection158] INFO  impl.LeaderElection (LeaderElection.java:logAndReturn(206)) - 8eb9963e-bce0-4155-aea2-e442cadff8bd@group-715EBF8096A7-LeaderElection158: PRE_VOTE REJECTED received 0 response(s) and 2 exception(s):
2025-09-19 20:44:46,942 [8eb9963e-bce0-4155-aea2-e442cadff8bd@group-715EBF8096A7-LeaderElection158] INFO  impl.LeaderElection (LogUtils.java:infoOrTrace(142)) -   Exception 0: java.util.concurrent.ExecutionException: org.apache.ratis.thirdparty.io.grpc.StatusRuntimeException: UNAVAILABLE: io exception
2025-09-19 20:44:46,942 [8eb9963e-bce0-4155-aea2-e442cadff8bd@group-715EBF8096A7-LeaderElection158] INFO  impl.LeaderElection (LogUtils.java:infoOrTrace(142)) -   Exception 1: java.util.concurrent.ExecutionException: org.apache.ratis.thirdparty.io.grpc.StatusRuntimeException: UNAVAILABLE: io exception
2025-09-19 20:44:46,942 [8eb9963e-bce0-4155-aea2-e442cadff8bd@group-715EBF8096A7-LeaderElection158] INFO  impl.LeaderElection (LeaderElection.java:askForVotes(450)) - 8eb9963e-bce0-4155-aea2-e442cadff8bd@group-715EBF8096A7-LeaderElection158 PRE_VOTE round 0: result REJECTED
2025-09-19 20:44:46,942 [8eb9963e-bce0-4155-aea2-e442cadff8bd@group-715EBF8096A7-LeaderElection158] INFO  server.RaftServer$Division (RaftServerImpl.java:setRole(392)) - 8eb9963e-bce0-4155-aea2-e442cadff8bd@group-715EBF8096A7: changes role from CANDIDATE to FOLLOWER at term 5 for REJECTED
2025-09-19 20:44:46,942 [8eb9963e-bce0-4155-aea2-e442cadff8bd@group-715EBF8096A7-LeaderElection158] INFO  impl.RoleInfo (RoleInfo.java:shutdownLeaderElection(141)) - 8eb9963e-bce0-4155-aea2-e442cadff8bd: shutdown 8eb9963e-bce0-4155-aea2-e442cadff8bd@group-715EBF8096A7-LeaderElection158
2025-09-19 20:44:46,942 [8eb9963e-bce0-4155-aea2-e442cadff8bd@group-715EBF8096A7-LeaderElection158] INFO  impl.RoleInfo (RoleInfo.java:updateAndGet(148)) - 8eb9963e-bce0-4155-aea2-e442cadff8bd: start 8eb9963e-bce0-4155-aea2-e442cadff8bd@group-715EBF8096A7-FollowerState
2025-09-19 20:44:47,157 [timer4] WARN  server.GrpcLogAppender (GrpcLogAppender.java:lambda$resetClient$1(228)) - 8eb9963e-bce0-4155-aea2-e442cadff8bd@group-A751954341BD->0df1231c-9f8a-4757-a7d0-f6d7f53bc482-GrpcLogAppender: Follower failed (request=null, errorCount=11); keep nextIndex (15) unchanged and retry. (Repeated 11 times in the last 5.000s)
2025-09-19 20:44:47,157 [timer3] WARN  server.GrpcLogAppender (LogUtils.java:warn(127)) - 8eb9963e-bce0-4155-aea2-e442cadff8bd@group-A751954341BD->0df1231c-9f8a-4757-a7d0-f6d7f53bc482-AppendLogResponseHandler: Failed appendEntries (Repeated 11 times in the last 5.000s): org.apache.ratis.thirdparty.io.grpc.StatusRuntimeException: UNAVAILABLE: io exception
  Caused by: org.apache.ratis.thirdparty.io.netty.channel.AbstractChannel$AnnotatedConnectException: finishConnect(..) failed: Connection refused: /127.0.0.1:15023
  Caused by: java.net.ConnectException: finishConnect(..) failed: Connection refused
2025-09-19 20:44:47,226 [8eb9963e-bce0-4155-aea2-e442cadff8bd@group-A751954341BD-FollowerState] INFO  impl.FollowerState (FollowerState.java:lostMajorityHeartbeatsRecently(113)) - 8eb9963e-bce0-4155-aea2-e442cadff8bd@group-A751954341BD-FollowerState: Skipping leader election since it stepped down recently (elapsed = 3303ms < waitTime = 10s)
2025-09-19 20:44:48,016 [8eb9963e-bce0-4155-aea2-e442cadff8bd@group-715EBF8096A7-FollowerState] INFO  impl.FollowerState (FollowerState.java:runImpl(161)) - 8eb9963e-bce0-4155-aea2-e442cadff8bd@group-715EBF8096A7-FollowerState: change to CANDIDATE, lastRpcElapsedTime:1074304535ns, electionTimeout:1074ms
2025-09-19 20:44:48,016 [8eb9963e-bce0-4155-aea2-e442cadff8bd@group-715EBF8096A7-FollowerState] INFO  impl.RoleInfo (RoleInfo.java:shutdownFollowerState(121)) - 8eb9963e-bce0-4155-aea2-e442cadff8bd: shutdown 8eb9963e-bce0-4155-aea2-e442cadff8bd@group-715EBF8096A7-FollowerState
2025-09-19 20:44:48,016 [8eb9963e-bce0-4155-aea2-e442cadff8bd@group-715EBF8096A7-FollowerState] INFO  server.RaftServer$Division (RaftServerImpl.java:setRole(392)) - 8eb9963e-bce0-4155-aea2-e442cadff8bd@group-715EBF8096A7: changes role from  FOLLOWER to CANDIDATE at term 5 for changeToCandidate
2025-09-19 20:44:48,016 [8eb9963e-bce0-4155-aea2-e442cadff8bd@group-715EBF8096A7-FollowerState] INFO  impl.RoleInfo (RoleInfo.java:updateAndGet(148)) - 8eb9963e-bce0-4155-aea2-e442cadff8bd: start 8eb9963e-bce0-4155-aea2-e442cadff8bd@group-715EBF8096A7-LeaderElection159
2025-09-19 20:44:48,017 [8eb9963e-bce0-4155-aea2-e442cadff8bd@group-715EBF8096A7-LeaderElection159] INFO  impl.LeaderElection (LeaderElection.java:askForVotes(448)) - 8eb9963e-bce0-4155-aea2-e442cadff8bd@group-715EBF8096A7-LeaderElection159 PRE_VOTE round 0: submit vote requests at term 5 for conf: {index: 11, cur=peers:[b5a25cc1-46d3-4381-a194-bd68f4526f1c|127.0.0.1:15031, 0df1231c-9f8a-4757-a7d0-f6d7f53bc482|127.0.0.1:15023, 8eb9963e-bce0-4155-aea2-e442cadff8bd|127.0.0.1:15015]|listeners:[], old=null}
2025-09-19 20:44:48,017 [8eb9963e-bce0-4155-aea2-e442cadff8bd@group-715EBF8096A7-LeaderElection159] INFO  impl.LeaderElection (LogUtils.java:infoOrTrace(142)) - 8eb9963e-bce0-4155-aea2-e442cadff8bd@group-715EBF8096A7-LeaderElection159 got exception when requesting votes: java.util.concurrent.ExecutionException: org.apache.ratis.thirdparty.io.grpc.StatusRuntimeException: UNAVAILABLE: io exception
2025-09-19 20:44:48,017 [8eb9963e-bce0-4155-aea2-e442cadff8bd@group-715EBF8096A7-LeaderElection159] INFO  impl.LeaderElection (LogUtils.java:infoOrTrace(142)) - 8eb9963e-bce0-4155-aea2-e442cadff8bd@group-715EBF8096A7-LeaderElection159 got exception when requesting votes: java.util.concurrent.ExecutionException: org.apache.ratis.thirdparty.io.grpc.StatusRuntimeException: UNAVAILABLE: io exception
2025-09-19 20:44:48,017 [8eb9963e-bce0-4155-aea2-e442cadff8bd@group-715EBF8096A7-LeaderElection159] INFO  impl.LeaderElection (LeaderElection.java:logAndReturn(206)) - 8eb9963e-bce0-4155-aea2-e442cadff8bd@group-715EBF8096A7-LeaderElection159: PRE_VOTE REJECTED received 0 response(s) and 2 exception(s):
2025-09-19 20:44:48,017 [8eb9963e-bce0-4155-aea2-e442cadff8bd@group-715EBF8096A7-LeaderElection159] INFO  impl.LeaderElection (LogUtils.java:infoOrTrace(142)) -   Exception 0: java.util.concurrent.ExecutionException: org.apache.ratis.thirdparty.io.grpc.StatusRuntimeException: UNAVAILABLE: io exception
2025-09-19 20:44:48,017 [8eb9963e-bce0-4155-aea2-e442cadff8bd@group-715EBF8096A7-LeaderElection159] INFO  impl.LeaderElection (LogUtils.java:infoOrTrace(142)) -   Exception 1: java.util.concurrent.ExecutionException: org.apache.ratis.thirdparty.io.grpc.StatusRuntimeException: UNAVAILABLE: io exception
2025-09-19 20:44:48,017 [8eb9963e-bce0-4155-aea2-e442cadff8bd@group-715EBF8096A7-LeaderElection159] INFO  impl.LeaderElection (LeaderElection.java:askForVotes(450)) - 8eb9963e-bce0-4155-aea2-e442cadff8bd@group-715EBF8096A7-LeaderElection159 PRE_VOTE round 0: result REJECTED
2025-09-19 20:44:48,018 [8eb9963e-bce0-4155-aea2-e442cadff8bd@group-715EBF8096A7-LeaderElection159] INFO  server.RaftServer$Division (RaftServerImpl.java:setRole(392)) - 8eb9963e-bce0-4155-aea2-e442cadff8bd@group-715EBF8096A7: changes role from CANDIDATE to FOLLOWER at term 5 for REJECTED
2025-09-19 20:44:48,018 [8eb9963e-bce0-4155-aea2-e442cadff8bd@group-715EBF8096A7-LeaderElection159] INFO  impl.RoleInfo (RoleInfo.java:shutdownLeaderElection(141)) - 8eb9963e-bce0-4155-aea2-e442cadff8bd: shutdown 8eb9963e-bce0-4155-aea2-e442cadff8bd@group-715EBF8096A7-LeaderElection159
2025-09-19 20:44:48,018 [8eb9963e-bce0-4155-aea2-e442cadff8bd@group-715EBF8096A7-LeaderElection159] INFO  impl.RoleInfo (RoleInfo.java:updateAndGet(148)) - 8eb9963e-bce0-4155-aea2-e442cadff8bd: start 8eb9963e-bce0-4155-aea2-e442cadff8bd@group-715EBF8096A7-FollowerState
2025-09-19 20:44:48,227 [8eb9963e-bce0-4155-aea2-e442cadff8bd@group-A751954341BD-FollowerState] INFO  impl.FollowerState (FollowerState.java:lostMajorityHeartbeatsRecently(113)) - 8eb9963e-bce0-4155-aea2-e442cadff8bd@group-A751954341BD-FollowerState: Skipping leader election since it stepped down recently (elapsed = 4304ms < waitTime = 10s)
2025-09-19 20:44:49,179 [8eb9963e-bce0-4155-aea2-e442cadff8bd@group-715EBF8096A7-FollowerState] INFO  impl.FollowerState (FollowerState.java:runImpl(161)) - 8eb9963e-bce0-4155-aea2-e442cadff8bd@group-715EBF8096A7-FollowerState: change to CANDIDATE, lastRpcElapsedTime:1161343004ns, electionTimeout:1161ms
2025-09-19 20:44:49,179 [8eb9963e-bce0-4155-aea2-e442cadff8bd@group-715EBF8096A7-FollowerState] INFO  impl.RoleInfo (RoleInfo.java:shutdownFollowerState(121)) - 8eb9963e-bce0-4155-aea2-e442cadff8bd: shutdown 8eb9963e-bce0-4155-aea2-e442cadff8bd@group-715EBF8096A7-FollowerState
2025-09-19 20:44:49,179 [8eb9963e-bce0-4155-aea2-e442cadff8bd@group-715EBF8096A7-FollowerState] INFO  server.RaftServer$Division (RaftServerImpl.java:setRole(392)) - 8eb9963e-bce0-4155-aea2-e442cadff8bd@group-715EBF8096A7: changes role from  FOLLOWER to CANDIDATE at term 5 for changeToCandidate
2025-09-19 20:44:49,179 [8eb9963e-bce0-4155-aea2-e442cadff8bd@group-715EBF8096A7-FollowerState] INFO  impl.RoleInfo (RoleInfo.java:updateAndGet(148)) - 8eb9963e-bce0-4155-aea2-e442cadff8bd: start 8eb9963e-bce0-4155-aea2-e442cadff8bd@group-715EBF8096A7-LeaderElection160
2025-09-19 20:44:49,180 [8eb9963e-bce0-4155-aea2-e442cadff8bd@group-715EBF8096A7-LeaderElection160] INFO  impl.LeaderElection (LeaderElection.java:askForVotes(448)) - 8eb9963e-bce0-4155-aea2-e442cadff8bd@group-715EBF8096A7-LeaderElection160 PRE_VOTE round 0: submit vote requests at term 5 for conf: {index: 11, cur=peers:[b5a25cc1-46d3-4381-a194-bd68f4526f1c|127.0.0.1:15031, 0df1231c-9f8a-4757-a7d0-f6d7f53bc482|127.0.0.1:15023, 8eb9963e-bce0-4155-aea2-e442cadff8bd|127.0.0.1:15015]|listeners:[], old=null}
2025-09-19 20:44:49,180 [8eb9963e-bce0-4155-aea2-e442cadff8bd@group-715EBF8096A7-LeaderElection160] INFO  impl.LeaderElection (LogUtils.java:infoOrTrace(142)) - 8eb9963e-bce0-4155-aea2-e442cadff8bd@group-715EBF8096A7-LeaderElection160 got exception when requesting votes: java.util.concurrent.ExecutionException: org.apache.ratis.thirdparty.io.grpc.StatusRuntimeException: UNAVAILABLE: io exception
2025-09-19 20:44:49,180 [8eb9963e-bce0-4155-aea2-e442cadff8bd@group-715EBF8096A7-LeaderElection160] INFO  impl.LeaderElection (LogUtils.java:infoOrTrace(142)) - 8eb9963e-bce0-4155-aea2-e442cadff8bd@group-715EBF8096A7-LeaderElection160 got exception when requesting votes: java.util.concurrent.ExecutionException: org.apache.ratis.thirdparty.io.grpc.StatusRuntimeException: UNAVAILABLE: io exception
2025-09-19 20:44:49,180 [8eb9963e-bce0-4155-aea2-e442cadff8bd@group-715EBF8096A7-LeaderElection160] INFO  impl.LeaderElection (LeaderElection.java:logAndReturn(206)) - 8eb9963e-bce0-4155-aea2-e442cadff8bd@group-715EBF8096A7-LeaderElection160: PRE_VOTE REJECTED received 0 response(s) and 2 exception(s):
2025-09-19 20:44:49,180 [8eb9963e-bce0-4155-aea2-e442cadff8bd@group-715EBF8096A7-LeaderElection160] INFO  impl.LeaderElection (LogUtils.java:infoOrTrace(142)) -   Exception 0: java.util.concurrent.ExecutionException: org.apache.ratis.thirdparty.io.grpc.StatusRuntimeException: UNAVAILABLE: io exception
2025-09-19 20:44:49,180 [8eb9963e-bce0-4155-aea2-e442cadff8bd@group-715EBF8096A7-LeaderElection160] INFO  impl.LeaderElection (LogUtils.java:infoOrTrace(142)) -   Exception 1: java.util.concurrent.ExecutionException: org.apache.ratis.thirdparty.io.grpc.StatusRuntimeException: UNAVAILABLE: io exception
2025-09-19 20:44:49,180 [8eb9963e-bce0-4155-aea2-e442cadff8bd@group-715EBF8096A7-LeaderElection160] INFO  impl.LeaderElection (LeaderElection.java:askForVotes(450)) - 8eb9963e-bce0-4155-aea2-e442cadff8bd@group-715EBF8096A7-LeaderElection160 PRE_VOTE round 0: result REJECTED
2025-09-19 20:44:49,180 [8eb9963e-bce0-4155-aea2-e442cadff8bd@group-715EBF8096A7-LeaderElection160] INFO  server.RaftServer$Division (RaftServerImpl.java:setRole(392)) - 8eb9963e-bce0-4155-aea2-e442cadff8bd@group-715EBF8096A7: changes role from CANDIDATE to FOLLOWER at term 5 for REJECTED
2025-09-19 20:44:49,180 [8eb9963e-bce0-4155-aea2-e442cadff8bd@group-715EBF8096A7-LeaderElection160] INFO  impl.RoleInfo (RoleInfo.java:shutdownLeaderElection(141)) - 8eb9963e-bce0-4155-aea2-e442cadff8bd: shutdown 8eb9963e-bce0-4155-aea2-e442cadff8bd@group-715EBF8096A7-LeaderElection160
2025-09-19 20:44:49,180 [8eb9963e-bce0-4155-aea2-e442cadff8bd@group-715EBF8096A7-LeaderElection160] INFO  impl.RoleInfo (RoleInfo.java:updateAndGet(148)) - 8eb9963e-bce0-4155-aea2-e442cadff8bd: start 8eb9963e-bce0-4155-aea2-e442cadff8bd@group-715EBF8096A7-FollowerState
2025-09-19 20:44:49,358 [8eb9963e-bce0-4155-aea2-e442cadff8bd@group-A751954341BD-FollowerState] INFO  impl.FollowerState (FollowerState.java:lostMajorityHeartbeatsRecently(113)) - 8eb9963e-bce0-4155-aea2-e442cadff8bd@group-A751954341BD-FollowerState: Skipping leader election since it stepped down recently (elapsed = 5435ms < waitTime = 10s)
2025-09-19 20:44:50,292 [8eb9963e-bce0-4155-aea2-e442cadff8bd@group-715EBF8096A7-FollowerState] INFO  impl.FollowerState (FollowerState.java:runImpl(161)) - 8eb9963e-bce0-4155-aea2-e442cadff8bd@group-715EBF8096A7-FollowerState: change to CANDIDATE, lastRpcElapsedTime:1111410882ns, electionTimeout:1111ms
2025-09-19 20:44:50,292 [8eb9963e-bce0-4155-aea2-e442cadff8bd@group-715EBF8096A7-FollowerState] INFO  impl.RoleInfo (RoleInfo.java:shutdownFollowerState(121)) - 8eb9963e-bce0-4155-aea2-e442cadff8bd: shutdown 8eb9963e-bce0-4155-aea2-e442cadff8bd@group-715EBF8096A7-FollowerState
2025-09-19 20:44:50,292 [8eb9963e-bce0-4155-aea2-e442cadff8bd@group-715EBF8096A7-FollowerState] INFO  server.RaftServer$Division (RaftServerImpl.java:setRole(392)) - 8eb9963e-bce0-4155-aea2-e442cadff8bd@group-715EBF8096A7: changes role from  FOLLOWER to CANDIDATE at term 5 for changeToCandidate
2025-09-19 20:44:50,292 [8eb9963e-bce0-4155-aea2-e442cadff8bd@group-715EBF8096A7-FollowerState] INFO  impl.RoleInfo (RoleInfo.java:updateAndGet(148)) - 8eb9963e-bce0-4155-aea2-e442cadff8bd: start 8eb9963e-bce0-4155-aea2-e442cadff8bd@group-715EBF8096A7-LeaderElection161
2025-09-19 20:44:50,293 [8eb9963e-bce0-4155-aea2-e442cadff8bd@group-715EBF8096A7-LeaderElection161] INFO  impl.LeaderElection (LeaderElection.java:askForVotes(448)) - 8eb9963e-bce0-4155-aea2-e442cadff8bd@group-715EBF8096A7-LeaderElection161 PRE_VOTE round 0: submit vote requests at term 5 for conf: {index: 11, cur=peers:[b5a25cc1-46d3-4381-a194-bd68f4526f1c|127.0.0.1:15031, 0df1231c-9f8a-4757-a7d0-f6d7f53bc482|127.0.0.1:15023, 8eb9963e-bce0-4155-aea2-e442cadff8bd|127.0.0.1:15015]|listeners:[], old=null}
2025-09-19 20:44:50,293 [8eb9963e-bce0-4155-aea2-e442cadff8bd@group-715EBF8096A7-LeaderElection161] INFO  impl.LeaderElection (LogUtils.java:infoOrTrace(142)) - 8eb9963e-bce0-4155-aea2-e442cadff8bd@group-715EBF8096A7-LeaderElection161 got exception when requesting votes: java.util.concurrent.ExecutionException: org.apache.ratis.thirdparty.io.grpc.StatusRuntimeException: UNAVAILABLE: io exception
2025-09-19 20:44:50,293 [8eb9963e-bce0-4155-aea2-e442cadff8bd@group-715EBF8096A7-LeaderElection161] INFO  impl.LeaderElection (LogUtils.java:infoOrTrace(142)) - 8eb9963e-bce0-4155-aea2-e442cadff8bd@group-715EBF8096A7-LeaderElection161 got exception when requesting votes: java.util.concurrent.ExecutionException: org.apache.ratis.thirdparty.io.grpc.StatusRuntimeException: UNAVAILABLE: io exception
2025-09-19 20:44:50,293 [8eb9963e-bce0-4155-aea2-e442cadff8bd@group-715EBF8096A7-LeaderElection161] INFO  impl.LeaderElection (LeaderElection.java:logAndReturn(206)) - 8eb9963e-bce0-4155-aea2-e442cadff8bd@group-715EBF8096A7-LeaderElection161: PRE_VOTE REJECTED received 0 response(s) and 2 exception(s):
2025-09-19 20:44:50,293 [8eb9963e-bce0-4155-aea2-e442cadff8bd@group-715EBF8096A7-LeaderElection161] INFO  impl.LeaderElection (LogUtils.java:infoOrTrace(142)) -   Exception 0: java.util.concurrent.ExecutionException: org.apache.ratis.thirdparty.io.grpc.StatusRuntimeException: UNAVAILABLE: io exception
2025-09-19 20:44:50,293 [8eb9963e-bce0-4155-aea2-e442cadff8bd@group-715EBF8096A7-LeaderElection161] INFO  impl.LeaderElection (LogUtils.java:infoOrTrace(142)) -   Exception 1: java.util.concurrent.ExecutionException: org.apache.ratis.thirdparty.io.grpc.StatusRuntimeException: UNAVAILABLE: io exception
2025-09-19 20:44:50,293 [8eb9963e-bce0-4155-aea2-e442cadff8bd@group-715EBF8096A7-LeaderElection161] INFO  impl.LeaderElection (LeaderElection.java:askForVotes(450)) - 8eb9963e-bce0-4155-aea2-e442cadff8bd@group-715EBF8096A7-LeaderElection161 PRE_VOTE round 0: result REJECTED
2025-09-19 20:44:50,293 [8eb9963e-bce0-4155-aea2-e442cadff8bd@group-715EBF8096A7-LeaderElection161] INFO  server.RaftServer$Division (RaftServerImpl.java:setRole(392)) - 8eb9963e-bce0-4155-aea2-e442cadff8bd@group-715EBF8096A7: changes role from CANDIDATE to FOLLOWER at term 5 for REJECTED
2025-09-19 20:44:50,293 [8eb9963e-bce0-4155-aea2-e442cadff8bd@group-715EBF8096A7-LeaderElection161] INFO  impl.RoleInfo (RoleInfo.java:shutdownLeaderElection(141)) - 8eb9963e-bce0-4155-aea2-e442cadff8bd: shutdown 8eb9963e-bce0-4155-aea2-e442cadff8bd@group-715EBF8096A7-LeaderElection161
2025-09-19 20:44:50,293 [8eb9963e-bce0-4155-aea2-e442cadff8bd@group-715EBF8096A7-LeaderElection161] INFO  impl.RoleInfo (RoleInfo.java:updateAndGet(148)) - 8eb9963e-bce0-4155-aea2-e442cadff8bd: start 8eb9963e-bce0-4155-aea2-e442cadff8bd@group-715EBF8096A7-FollowerState
2025-09-19 20:44:50,406 [8eb9963e-bce0-4155-aea2-e442cadff8bd@group-A751954341BD-FollowerState] INFO  impl.FollowerState (FollowerState.java:lostMajorityHeartbeatsRecently(113)) - 8eb9963e-bce0-4155-aea2-e442cadff8bd@group-A751954341BD-FollowerState: Skipping leader election since it stepped down recently (elapsed = 6484ms < waitTime = 10s)
2025-09-19 20:44:51,355 [8eb9963e-bce0-4155-aea2-e442cadff8bd@group-715EBF8096A7-FollowerState] INFO  impl.FollowerState (FollowerState.java:runImpl(161)) - 8eb9963e-bce0-4155-aea2-e442cadff8bd@group-715EBF8096A7-FollowerState: change to CANDIDATE, lastRpcElapsedTime:1061361822ns, electionTimeout:1061ms
2025-09-19 20:44:51,355 [8eb9963e-bce0-4155-aea2-e442cadff8bd@group-715EBF8096A7-FollowerState] INFO  impl.RoleInfo (RoleInfo.java:shutdownFollowerState(121)) - 8eb9963e-bce0-4155-aea2-e442cadff8bd: shutdown 8eb9963e-bce0-4155-aea2-e442cadff8bd@group-715EBF8096A7-FollowerState
2025-09-19 20:44:51,355 [8eb9963e-bce0-4155-aea2-e442cadff8bd@group-715EBF8096A7-FollowerState] INFO  server.RaftServer$Division (RaftServerImpl.java:setRole(392)) - 8eb9963e-bce0-4155-aea2-e442cadff8bd@group-715EBF8096A7: changes role from  FOLLOWER to CANDIDATE at term 5 for changeToCandidate
2025-09-19 20:44:51,355 [8eb9963e-bce0-4155-aea2-e442cadff8bd@group-715EBF8096A7-FollowerState] INFO  impl.RoleInfo (RoleInfo.java:updateAndGet(148)) - 8eb9963e-bce0-4155-aea2-e442cadff8bd: start 8eb9963e-bce0-4155-aea2-e442cadff8bd@group-715EBF8096A7-LeaderElection162
2025-09-19 20:44:51,355 [8eb9963e-bce0-4155-aea2-e442cadff8bd@group-715EBF8096A7-LeaderElection162] INFO  impl.LeaderElection (LeaderElection.java:askForVotes(448)) - 8eb9963e-bce0-4155-aea2-e442cadff8bd@group-715EBF8096A7-LeaderElection162 PRE_VOTE round 0: submit vote requests at term 5 for conf: {index: 11, cur=peers:[b5a25cc1-46d3-4381-a194-bd68f4526f1c|127.0.0.1:15031, 0df1231c-9f8a-4757-a7d0-f6d7f53bc482|127.0.0.1:15023, 8eb9963e-bce0-4155-aea2-e442cadff8bd|127.0.0.1:15015]|listeners:[], old=null}
2025-09-19 20:44:51,356 [8eb9963e-bce0-4155-aea2-e442cadff8bd@group-715EBF8096A7-LeaderElection162] INFO  impl.LeaderElection (LogUtils.java:infoOrTrace(142)) - 8eb9963e-bce0-4155-aea2-e442cadff8bd@group-715EBF8096A7-LeaderElection162 got exception when requesting votes: java.util.concurrent.ExecutionException: org.apache.ratis.thirdparty.io.grpc.StatusRuntimeException: UNAVAILABLE: io exception
2025-09-19 20:44:51,356 [8eb9963e-bce0-4155-aea2-e442cadff8bd@group-715EBF8096A7-LeaderElection162] INFO  impl.LeaderElection (LogUtils.java:infoOrTrace(142)) - 8eb9963e-bce0-4155-aea2-e442cadff8bd@group-715EBF8096A7-LeaderElection162 got exception when requesting votes: java.util.concurrent.ExecutionException: org.apache.ratis.thirdparty.io.grpc.StatusRuntimeException: UNAVAILABLE: io exception
2025-09-19 20:44:51,356 [8eb9963e-bce0-4155-aea2-e442cadff8bd@group-715EBF8096A7-LeaderElection162] INFO  impl.LeaderElection (LeaderElection.java:logAndReturn(206)) - 8eb9963e-bce0-4155-aea2-e442cadff8bd@group-715EBF8096A7-LeaderElection162: PRE_VOTE REJECTED received 0 response(s) and 2 exception(s):
2025-09-19 20:44:51,356 [8eb9963e-bce0-4155-aea2-e442cadff8bd@group-715EBF8096A7-LeaderElection162] INFO  impl.LeaderElection (LogUtils.java:infoOrTrace(142)) -   Exception 0: java.util.concurrent.ExecutionException: org.apache.ratis.thirdparty.io.grpc.StatusRuntimeException: UNAVAILABLE: io exception
2025-09-19 20:44:51,356 [8eb9963e-bce0-4155-aea2-e442cadff8bd@group-715EBF8096A7-LeaderElection162] INFO  impl.LeaderElection (LogUtils.java:infoOrTrace(142)) -   Exception 1: java.util.concurrent.ExecutionException: org.apache.ratis.thirdparty.io.grpc.StatusRuntimeException: UNAVAILABLE: io exception
2025-09-19 20:44:51,356 [8eb9963e-bce0-4155-aea2-e442cadff8bd@group-715EBF8096A7-LeaderElection162] INFO  impl.LeaderElection (LeaderElection.java:askForVotes(450)) - 8eb9963e-bce0-4155-aea2-e442cadff8bd@group-715EBF8096A7-LeaderElection162 PRE_VOTE round 0: result REJECTED
2025-09-19 20:44:51,356 [8eb9963e-bce0-4155-aea2-e442cadff8bd@group-715EBF8096A7-LeaderElection162] INFO  server.RaftServer$Division (RaftServerImpl.java:setRole(392)) - 8eb9963e-bce0-4155-aea2-e442cadff8bd@group-715EBF8096A7: changes role from CANDIDATE to FOLLOWER at term 5 for REJECTED
2025-09-19 20:44:51,356 [8eb9963e-bce0-4155-aea2-e442cadff8bd@group-715EBF8096A7-LeaderElection162] INFO  impl.RoleInfo (RoleInfo.java:shutdownLeaderElection(141)) - 8eb9963e-bce0-4155-aea2-e442cadff8bd: shutdown 8eb9963e-bce0-4155-aea2-e442cadff8bd@group-715EBF8096A7-LeaderElection162
2025-09-19 20:44:51,356 [8eb9963e-bce0-4155-aea2-e442cadff8bd@group-715EBF8096A7-LeaderElection162] INFO  impl.RoleInfo (RoleInfo.java:updateAndGet(148)) - 8eb9963e-bce0-4155-aea2-e442cadff8bd: start 8eb9963e-bce0-4155-aea2-e442cadff8bd@group-715EBF8096A7-FollowerState
2025-09-19 20:44:51,607 [8eb9963e-bce0-4155-aea2-e442cadff8bd@group-A751954341BD-FollowerState] INFO  impl.FollowerState (FollowerState.java:lostMajorityHeartbeatsRecently(113)) - 8eb9963e-bce0-4155-aea2-e442cadff8bd@group-A751954341BD-FollowerState: Skipping leader election since it stepped down recently (elapsed = 7684ms < waitTime = 10s)
2025-09-19 20:44:52,199 [grpc-default-executor-2] ERROR impl.OrderedAsync (OrderedAsync.java:lambda$null$6(215)) -  client-EE2AA9DBFBBD: Failed* RaftClientRequest:client-EE2AA9DBFBBD->8eb9963e-bce0-4155-aea2-e442cadff8bd@group-715EBF8096A7, cid=40, seq=1*, Watch(0), null
java.util.concurrent.CompletionException: org.apache.ratis.protocol.exceptions.NotLeaderException: Server 8eb9963e-bce0-4155-aea2-e442cadff8bd@group-715EBF8096A7 is not the leader
	at java.base/java.util.concurrent.CompletableFuture.encodeThrowable(CompletableFuture.java:332)
	at java.base/java.util.concurrent.CompletableFuture.completeThrowable(CompletableFuture.java:347)
	at java.base/java.util.concurrent.CompletableFuture$UniAccept.tryFire(CompletableFuture.java:708)
	at java.base/java.util.concurrent.CompletableFuture.postComplete(CompletableFuture.java:510)
	at java.base/java.util.concurrent.CompletableFuture.completeExceptionally(CompletableFuture.java:2194)
	at org.apache.ratis.grpc.client.GrpcClientProtocolClient$AsyncStreamObservers.completeReplyExceptionally(GrpcClientProtocolClient.java:397)
	at org.apache.ratis.grpc.client.GrpcClientProtocolClient$AsyncStreamObservers.access$000(GrpcClientProtocolClient.java:303)
	at org.apache.ratis.grpc.client.GrpcClientProtocolClient$AsyncStreamObservers$1.onNext(GrpcClientProtocolClient.java:317)
	at org.apache.ratis.grpc.client.GrpcClientProtocolClient$AsyncStreamObservers$1.onNext(GrpcClientProtocolClient.java:308)
	at org.apache.ratis.thirdparty.io.grpc.stub.ClientCalls$StreamObserverToCallListenerAdapter.onMessage(ClientCalls.java:551)
	at org.apache.ratis.thirdparty.io.grpc.ForwardingClientCallListener.onMessage(ForwardingClientCallListener.java:33)
	at org.apache.ratis.thirdparty.io.grpc.internal.ClientCallImpl$ClientStreamListenerImpl$1MessagesAvailable.runInternal(ClientCallImpl.java:661)
	at org.apache.ratis.thirdparty.io.grpc.internal.ClientCallImpl$ClientStreamListenerImpl$1MessagesAvailable.runInContext(ClientCallImpl.java:648)
	at org.apache.ratis.thirdparty.io.grpc.internal.ContextRunnable.run(ContextRunnable.java:37)
	at org.apache.ratis.thirdparty.io.grpc.internal.SerializingExecutor.run(SerializingExecutor.java:133)
	at java.base/java.util.concurrent.ThreadPoolExecutor.runWorker(ThreadPoolExecutor.java:1144)
	at java.base/java.util.concurrent.ThreadPoolExecutor$Worker.run(ThreadPoolExecutor.java:642)
	at java.base/java.lang.Thread.run(Thread.java:1583)
Caused by: org.apache.ratis.protocol.exceptions.NotLeaderException: Server 8eb9963e-bce0-4155-aea2-e442cadff8bd@group-715EBF8096A7 is not the leader
	at org.apache.ratis.client.impl.ClientProtoUtils.toRaftClientReply(ClientProtoUtils.java:402)
	at org.apache.ratis.grpc.client.GrpcClientProtocolClient$AsyncStreamObservers$1.onNext(GrpcClientProtocolClient.java:313)
	... 10 more
2025-09-19 20:44:52,452 [8eb9963e-bce0-4155-aea2-e442cadff8bd@group-715EBF8096A7-FollowerState] INFO  impl.FollowerState (FollowerState.java:runImpl(161)) - 8eb9963e-bce0-4155-aea2-e442cadff8bd@group-715EBF8096A7-FollowerState: change to CANDIDATE, lastRpcElapsedTime:1096241266ns, electionTimeout:1096ms
2025-09-19 20:44:52,453 [8eb9963e-bce0-4155-aea2-e442cadff8bd@group-715EBF8096A7-FollowerState] INFO  impl.RoleInfo (RoleInfo.java:shutdownFollowerState(121)) - 8eb9963e-bce0-4155-aea2-e442cadff8bd: shutdown 8eb9963e-bce0-4155-aea2-e442cadff8bd@group-715EBF8096A7-FollowerState
2025-09-19 20:44:52,453 [8eb9963e-bce0-4155-aea2-e442cadff8bd@group-715EBF8096A7-FollowerState] INFO  server.RaftServer$Division (RaftServerImpl.java:setRole(392)) - 8eb9963e-bce0-4155-aea2-e442cadff8bd@group-715EBF8096A7: changes role from  FOLLOWER to CANDIDATE at term 5 for changeToCandidate
2025-09-19 20:44:52,453 [8eb9963e-bce0-4155-aea2-e442cadff8bd@group-715EBF8096A7-FollowerState] INFO  impl.RoleInfo (RoleInfo.java:updateAndGet(148)) - 8eb9963e-bce0-4155-aea2-e442cadff8bd: start 8eb9963e-bce0-4155-aea2-e442cadff8bd@group-715EBF8096A7-LeaderElection163
2025-09-19 20:44:52,453 [8eb9963e-bce0-4155-aea2-e442cadff8bd@group-715EBF8096A7-LeaderElection163] INFO  impl.LeaderElection (LeaderElection.java:askForVotes(448)) - 8eb9963e-bce0-4155-aea2-e442cadff8bd@group-715EBF8096A7-LeaderElection163 PRE_VOTE round 0: submit vote requests at term 5 for conf: {index: 11, cur=peers:[b5a25cc1-46d3-4381-a194-bd68f4526f1c|127.0.0.1:15031, 0df1231c-9f8a-4757-a7d0-f6d7f53bc482|127.0.0.1:15023, 8eb9963e-bce0-4155-aea2-e442cadff8bd|127.0.0.1:15015]|listeners:[], old=null}
2025-09-19 20:44:52,454 [8eb9963e-bce0-4155-aea2-e442cadff8bd@group-715EBF8096A7-LeaderElection163] INFO  impl.LeaderElection (LogUtils.java:infoOrTrace(142)) - 8eb9963e-bce0-4155-aea2-e442cadff8bd@group-715EBF8096A7-LeaderElection163 got exception when requesting votes: java.util.concurrent.ExecutionException: org.apache.ratis.thirdparty.io.grpc.StatusRuntimeException: UNAVAILABLE: io exception
2025-09-19 20:44:52,454 [8eb9963e-bce0-4155-aea2-e442cadff8bd@group-715EBF8096A7-LeaderElection163] INFO  impl.LeaderElection (LogUtils.java:infoOrTrace(142)) - 8eb9963e-bce0-4155-aea2-e442cadff8bd@group-715EBF8096A7-LeaderElection163 got exception when requesting votes: java.util.concurrent.ExecutionException: org.apache.ratis.thirdparty.io.grpc.StatusRuntimeException: UNAVAILABLE: io exception
2025-09-19 20:44:52,454 [8eb9963e-bce0-4155-aea2-e442cadff8bd@group-715EBF8096A7-LeaderElection163] INFO  impl.LeaderElection (LeaderElection.java:logAndReturn(206)) - 8eb9963e-bce0-4155-aea2-e442cadff8bd@group-715EBF8096A7-LeaderElection163: PRE_VOTE REJECTED received 0 response(s) and 2 exception(s):
2025-09-19 20:44:52,454 [8eb9963e-bce0-4155-aea2-e442cadff8bd@group-715EBF8096A7-LeaderElection163] INFO  impl.LeaderElection (LogUtils.java:infoOrTrace(142)) -   Exception 0: java.util.concurrent.ExecutionException: org.apache.ratis.thirdparty.io.grpc.StatusRuntimeException: UNAVAILABLE: io exception
2025-09-19 20:44:52,454 [8eb9963e-bce0-4155-aea2-e442cadff8bd@group-715EBF8096A7-LeaderElection163] INFO  impl.LeaderElection (LogUtils.java:infoOrTrace(142)) -   Exception 1: java.util.concurrent.ExecutionException: org.apache.ratis.thirdparty.io.grpc.StatusRuntimeException: UNAVAILABLE: io exception
2025-09-19 20:44:52,454 [8eb9963e-bce0-4155-aea2-e442cadff8bd@group-715EBF8096A7-LeaderElection163] INFO  impl.LeaderElection (LeaderElection.java:askForVotes(450)) - 8eb9963e-bce0-4155-aea2-e442cadff8bd@group-715EBF8096A7-LeaderElection163 PRE_VOTE round 0: result REJECTED
2025-09-19 20:44:52,454 [8eb9963e-bce0-4155-aea2-e442cadff8bd@group-715EBF8096A7-LeaderElection163] INFO  server.RaftServer$Division (RaftServerImpl.java:setRole(392)) - 8eb9963e-bce0-4155-aea2-e442cadff8bd@group-715EBF8096A7: changes role from CANDIDATE to FOLLOWER at term 5 for REJECTED
2025-09-19 20:44:52,454 [8eb9963e-bce0-4155-aea2-e442cadff8bd@group-715EBF8096A7-LeaderElection163] INFO  impl.RoleInfo (RoleInfo.java:shutdownLeaderElection(141)) - 8eb9963e-bce0-4155-aea2-e442cadff8bd: shutdown 8eb9963e-bce0-4155-aea2-e442cadff8bd@group-715EBF8096A7-LeaderElection163
2025-09-19 20:44:52,454 [8eb9963e-bce0-4155-aea2-e442cadff8bd@group-715EBF8096A7-LeaderElection163] INFO  impl.RoleInfo (RoleInfo.java:updateAndGet(148)) - 8eb9963e-bce0-4155-aea2-e442cadff8bd: start 8eb9963e-bce0-4155-aea2-e442cadff8bd@group-715EBF8096A7-FollowerState
2025-09-19 20:44:52,634 [8eb9963e-bce0-4155-aea2-e442cadff8bd@group-A751954341BD-FollowerState] INFO  impl.FollowerState (FollowerState.java:lostMajorityHeartbeatsRecently(113)) - 8eb9963e-bce0-4155-aea2-e442cadff8bd@group-A751954341BD-FollowerState: Skipping leader election since it stepped down recently (elapsed = 8711ms < waitTime = 10s)
2025-09-19 20:44:53,555 [8eb9963e-bce0-4155-aea2-e442cadff8bd@group-715EBF8096A7-FollowerState] INFO  impl.FollowerState (FollowerState.java:runImpl(161)) - 8eb9963e-bce0-4155-aea2-e442cadff8bd@group-715EBF8096A7-FollowerState: change to CANDIDATE, lastRpcElapsedTime:1101288697ns, electionTimeout:1101ms
2025-09-19 20:44:53,555 [8eb9963e-bce0-4155-aea2-e442cadff8bd@group-715EBF8096A7-FollowerState] INFO  impl.RoleInfo (RoleInfo.java:shutdownFollowerState(121)) - 8eb9963e-bce0-4155-aea2-e442cadff8bd: shutdown 8eb9963e-bce0-4155-aea2-e442cadff8bd@group-715EBF8096A7-FollowerState
2025-09-19 20:44:53,555 [8eb9963e-bce0-4155-aea2-e442cadff8bd@group-715EBF8096A7-FollowerState] INFO  server.RaftServer$Division (RaftServerImpl.java:setRole(392)) - 8eb9963e-bce0-4155-aea2-e442cadff8bd@group-715EBF8096A7: changes role from  FOLLOWER to CANDIDATE at term 5 for changeToCandidate
2025-09-19 20:44:53,555 [8eb9963e-bce0-4155-aea2-e442cadff8bd@group-715EBF8096A7-FollowerState] INFO  impl.RoleInfo (RoleInfo.java:updateAndGet(148)) - 8eb9963e-bce0-4155-aea2-e442cadff8bd: start 8eb9963e-bce0-4155-aea2-e442cadff8bd@group-715EBF8096A7-LeaderElection164
2025-09-19 20:44:53,556 [8eb9963e-bce0-4155-aea2-e442cadff8bd@group-715EBF8096A7-LeaderElection164] INFO  impl.LeaderElection (LeaderElection.java:askForVotes(448)) - 8eb9963e-bce0-4155-aea2-e442cadff8bd@group-715EBF8096A7-LeaderElection164 PRE_VOTE round 0: submit vote requests at term 5 for conf: {index: 11, cur=peers:[b5a25cc1-46d3-4381-a194-bd68f4526f1c|127.0.0.1:15031, 0df1231c-9f8a-4757-a7d0-f6d7f53bc482|127.0.0.1:15023, 8eb9963e-bce0-4155-aea2-e442cadff8bd|127.0.0.1:15015]|listeners:[], old=null}
2025-09-19 20:44:53,556 [8eb9963e-bce0-4155-aea2-e442cadff8bd@group-715EBF8096A7-LeaderElection164] INFO  impl.LeaderElection (LogUtils.java:infoOrTrace(142)) - 8eb9963e-bce0-4155-aea2-e442cadff8bd@group-715EBF8096A7-LeaderElection164 got exception when requesting votes: java.util.concurrent.ExecutionException: org.apache.ratis.thirdparty.io.grpc.StatusRuntimeException: UNAVAILABLE: io exception
2025-09-19 20:44:53,556 [8eb9963e-bce0-4155-aea2-e442cadff8bd@group-715EBF8096A7-LeaderElection164] INFO  impl.LeaderElection (LogUtils.java:infoOrTrace(142)) - 8eb9963e-bce0-4155-aea2-e442cadff8bd@group-715EBF8096A7-LeaderElection164 got exception when requesting votes: java.util.concurrent.ExecutionException: org.apache.ratis.thirdparty.io.grpc.StatusRuntimeException: UNAVAILABLE: io exception
2025-09-19 20:44:53,556 [8eb9963e-bce0-4155-aea2-e442cadff8bd@group-715EBF8096A7-LeaderElection164] INFO  impl.LeaderElection (LeaderElection.java:logAndReturn(206)) - 8eb9963e-bce0-4155-aea2-e442cadff8bd@group-715EBF8096A7-LeaderElection164: PRE_VOTE REJECTED received 0 response(s) and 2 exception(s):
2025-09-19 20:44:53,557 [8eb9963e-bce0-4155-aea2-e442cadff8bd@group-715EBF8096A7-LeaderElection164] INFO  impl.LeaderElection (LogUtils.java:infoOrTrace(142)) -   Exception 0: java.util.concurrent.ExecutionException: org.apache.ratis.thirdparty.io.grpc.StatusRuntimeException: UNAVAILABLE: io exception
2025-09-19 20:44:53,557 [8eb9963e-bce0-4155-aea2-e442cadff8bd@group-715EBF8096A7-LeaderElection164] INFO  impl.LeaderElection (LogUtils.java:infoOrTrace(142)) -   Exception 1: java.util.concurrent.ExecutionException: org.apache.ratis.thirdparty.io.grpc.StatusRuntimeException: UNAVAILABLE: io exception
2025-09-19 20:44:53,557 [8eb9963e-bce0-4155-aea2-e442cadff8bd@group-715EBF8096A7-LeaderElection164] INFO  impl.LeaderElection (LeaderElection.java:askForVotes(450)) - 8eb9963e-bce0-4155-aea2-e442cadff8bd@group-715EBF8096A7-LeaderElection164 PRE_VOTE round 0: result REJECTED
2025-09-19 20:44:53,557 [8eb9963e-bce0-4155-aea2-e442cadff8bd@group-715EBF8096A7-LeaderElection164] INFO  server.RaftServer$Division (RaftServerImpl.java:setRole(392)) - 8eb9963e-bce0-4155-aea2-e442cadff8bd@group-715EBF8096A7: changes role from CANDIDATE to FOLLOWER at term 5 for REJECTED
2025-09-19 20:44:53,557 [8eb9963e-bce0-4155-aea2-e442cadff8bd@group-715EBF8096A7-LeaderElection164] INFO  impl.RoleInfo (RoleInfo.java:shutdownLeaderElection(141)) - 8eb9963e-bce0-4155-aea2-e442cadff8bd: shutdown 8eb9963e-bce0-4155-aea2-e442cadff8bd@group-715EBF8096A7-LeaderElection164
2025-09-19 20:44:53,557 [8eb9963e-bce0-4155-aea2-e442cadff8bd@group-715EBF8096A7-LeaderElection164] INFO  impl.RoleInfo (RoleInfo.java:updateAndGet(148)) - 8eb9963e-bce0-4155-aea2-e442cadff8bd: start 8eb9963e-bce0-4155-aea2-e442cadff8bd@group-715EBF8096A7-FollowerState
2025-09-19 20:44:53,695 [8eb9963e-bce0-4155-aea2-e442cadff8bd@group-A751954341BD-FollowerState] INFO  impl.FollowerState (FollowerState.java:lostMajorityHeartbeatsRecently(113)) - 8eb9963e-bce0-4155-aea2-e442cadff8bd@group-A751954341BD-FollowerState: Skipping leader election since it stepped down recently (elapsed = 9772ms < waitTime = 10s)
2025-09-19 20:44:54,723 [8eb9963e-bce0-4155-aea2-e442cadff8bd@group-715EBF8096A7-FollowerState] INFO  impl.FollowerState (FollowerState.java:runImpl(161)) - 8eb9963e-bce0-4155-aea2-e442cadff8bd@group-715EBF8096A7-FollowerState: change to CANDIDATE, lastRpcElapsedTime:1166297969ns, electionTimeout:1166ms
2025-09-19 20:44:54,723 [8eb9963e-bce0-4155-aea2-e442cadff8bd@group-715EBF8096A7-FollowerState] INFO  impl.RoleInfo (RoleInfo.java:shutdownFollowerState(121)) - 8eb9963e-bce0-4155-aea2-e442cadff8bd: shutdown 8eb9963e-bce0-4155-aea2-e442cadff8bd@group-715EBF8096A7-FollowerState
2025-09-19 20:44:54,723 [8eb9963e-bce0-4155-aea2-e442cadff8bd@group-715EBF8096A7-FollowerState] INFO  server.RaftServer$Division (RaftServerImpl.java:setRole(392)) - 8eb9963e-bce0-4155-aea2-e442cadff8bd@group-715EBF8096A7: changes role from  FOLLOWER to CANDIDATE at term 5 for changeToCandidate
2025-09-19 20:44:54,723 [8eb9963e-bce0-4155-aea2-e442cadff8bd@group-715EBF8096A7-FollowerState] INFO  impl.RoleInfo (RoleInfo.java:updateAndGet(148)) - 8eb9963e-bce0-4155-aea2-e442cadff8bd: start 8eb9963e-bce0-4155-aea2-e442cadff8bd@group-715EBF8096A7-LeaderElection165
2025-09-19 20:44:54,724 [8eb9963e-bce0-4155-aea2-e442cadff8bd@group-715EBF8096A7-LeaderElection165] INFO  impl.LeaderElection (LeaderElection.java:askForVotes(448)) - 8eb9963e-bce0-4155-aea2-e442cadff8bd@group-715EBF8096A7-LeaderElection165 PRE_VOTE round 0: submit vote requests at term 5 for conf: {index: 11, cur=peers:[b5a25cc1-46d3-4381-a194-bd68f4526f1c|127.0.0.1:15031, 0df1231c-9f8a-4757-a7d0-f6d7f53bc482|127.0.0.1:15023, 8eb9963e-bce0-4155-aea2-e442cadff8bd|127.0.0.1:15015]|listeners:[], old=null}
2025-09-19 20:44:54,724 [8eb9963e-bce0-4155-aea2-e442cadff8bd@group-715EBF8096A7-LeaderElection165] INFO  impl.LeaderElection (LogUtils.java:infoOrTrace(142)) - 8eb9963e-bce0-4155-aea2-e442cadff8bd@group-715EBF8096A7-LeaderElection165 got exception when requesting votes: java.util.concurrent.ExecutionException: org.apache.ratis.thirdparty.io.grpc.StatusRuntimeException: UNAVAILABLE: io exception
2025-09-19 20:44:54,724 [8eb9963e-bce0-4155-aea2-e442cadff8bd@group-715EBF8096A7-LeaderElection165] INFO  impl.LeaderElection (LogUtils.java:infoOrTrace(142)) - 8eb9963e-bce0-4155-aea2-e442cadff8bd@group-715EBF8096A7-LeaderElection165 got exception when requesting votes: java.util.concurrent.ExecutionException: org.apache.ratis.thirdparty.io.grpc.StatusRuntimeException: UNAVAILABLE: io exception
2025-09-19 20:44:54,724 [8eb9963e-bce0-4155-aea2-e442cadff8bd@group-715EBF8096A7-LeaderElection165] INFO  impl.LeaderElection (LeaderElection.java:logAndReturn(206)) - 8eb9963e-bce0-4155-aea2-e442cadff8bd@group-715EBF8096A7-LeaderElection165: PRE_VOTE REJECTED received 0 response(s) and 2 exception(s):
2025-09-19 20:44:54,724 [8eb9963e-bce0-4155-aea2-e442cadff8bd@group-715EBF8096A7-LeaderElection165] INFO  impl.LeaderElection (LogUtils.java:infoOrTrace(142)) -   Exception 0: java.util.concurrent.ExecutionException: org.apache.ratis.thirdparty.io.grpc.StatusRuntimeException: UNAVAILABLE: io exception
2025-09-19 20:44:54,724 [8eb9963e-bce0-4155-aea2-e442cadff8bd@group-715EBF8096A7-LeaderElection165] INFO  impl.LeaderElection (LogUtils.java:infoOrTrace(142)) -   Exception 1: java.util.concurrent.ExecutionException: org.apache.ratis.thirdparty.io.grpc.StatusRuntimeException: UNAVAILABLE: io exception
2025-09-19 20:44:54,725 [8eb9963e-bce0-4155-aea2-e442cadff8bd@group-715EBF8096A7-LeaderElection165] INFO  impl.LeaderElection (LeaderElection.java:askForVotes(450)) - 8eb9963e-bce0-4155-aea2-e442cadff8bd@group-715EBF8096A7-LeaderElection165 PRE_VOTE round 0: result REJECTED
2025-09-19 20:44:54,725 [8eb9963e-bce0-4155-aea2-e442cadff8bd@group-715EBF8096A7-LeaderElection165] INFO  server.RaftServer$Division (RaftServerImpl.java:setRole(392)) - 8eb9963e-bce0-4155-aea2-e442cadff8bd@group-715EBF8096A7: changes role from CANDIDATE to FOLLOWER at term 5 for REJECTED
2025-09-19 20:44:54,725 [8eb9963e-bce0-4155-aea2-e442cadff8bd@group-715EBF8096A7-LeaderElection165] INFO  impl.RoleInfo (RoleInfo.java:shutdownLeaderElection(141)) - 8eb9963e-bce0-4155-aea2-e442cadff8bd: shutdown 8eb9963e-bce0-4155-aea2-e442cadff8bd@group-715EBF8096A7-LeaderElection165
2025-09-19 20:44:54,725 [8eb9963e-bce0-4155-aea2-e442cadff8bd@group-715EBF8096A7-LeaderElection165] INFO  impl.RoleInfo (RoleInfo.java:updateAndGet(148)) - 8eb9963e-bce0-4155-aea2-e442cadff8bd: start 8eb9963e-bce0-4155-aea2-e442cadff8bd@group-715EBF8096A7-FollowerState
2025-09-19 20:44:54,752 [8eb9963e-bce0-4155-aea2-e442cadff8bd@group-A751954341BD-FollowerState] INFO  impl.FollowerState (FollowerState.java:runImpl(161)) - 8eb9963e-bce0-4155-aea2-e442cadff8bd@group-A751954341BD-FollowerState: change to CANDIDATE, lastRpcElapsedTime:10829740843ns, electionTimeout:1057ms
2025-09-19 20:44:54,752 [8eb9963e-bce0-4155-aea2-e442cadff8bd@group-A751954341BD-FollowerState] INFO  impl.RoleInfo (RoleInfo.java:shutdownFollowerState(121)) - 8eb9963e-bce0-4155-aea2-e442cadff8bd: shutdown 8eb9963e-bce0-4155-aea2-e442cadff8bd@group-A751954341BD-FollowerState
2025-09-19 20:44:54,752 [8eb9963e-bce0-4155-aea2-e442cadff8bd@group-A751954341BD-FollowerState] INFO  server.RaftServer$Division (RaftServerImpl.java:setRole(392)) - 8eb9963e-bce0-4155-aea2-e442cadff8bd@group-A751954341BD: changes role from  FOLLOWER to CANDIDATE at term 2 for changeToCandidate
2025-09-19 20:44:54,752 [8eb9963e-bce0-4155-aea2-e442cadff8bd@group-A751954341BD-FollowerState] INFO  impl.RoleInfo (RoleInfo.java:updateAndGet(148)) - 8eb9963e-bce0-4155-aea2-e442cadff8bd: start 8eb9963e-bce0-4155-aea2-e442cadff8bd@group-A751954341BD-LeaderElection166
2025-09-19 20:44:54,752 [8eb9963e-bce0-4155-aea2-e442cadff8bd@group-A751954341BD-LeaderElection166] INFO  impl.LeaderElection (LeaderElection.java:askForVotes(448)) - 8eb9963e-bce0-4155-aea2-e442cadff8bd@group-A751954341BD-LeaderElection166 PRE_VOTE round 0: submit vote requests at term 2 for conf: {index: 1, cur=peers:[b5a25cc1-46d3-4381-a194-bd68f4526f1c|127.0.0.1:15031, 0df1231c-9f8a-4757-a7d0-f6d7f53bc482|127.0.0.1:15023, 8eb9963e-bce0-4155-aea2-e442cadff8bd|127.0.0.1:15015]|listeners:[], old=null}
2025-09-19 20:44:54,753 [8eb9963e-bce0-4155-aea2-e442cadff8bd@group-A751954341BD-LeaderElection166] INFO  impl.LeaderElection (LogUtils.java:infoOrTrace(142)) - 8eb9963e-bce0-4155-aea2-e442cadff8bd@group-A751954341BD-LeaderElection166 got exception when requesting votes: java.util.concurrent.ExecutionException: org.apache.ratis.thirdparty.io.grpc.StatusRuntimeException: UNAVAILABLE: io exception
2025-09-19 20:44:54,753 [8eb9963e-bce0-4155-aea2-e442cadff8bd@group-A751954341BD-LeaderElection166] INFO  impl.LeaderElection (LogUtils.java:infoOrTrace(142)) - 8eb9963e-bce0-4155-aea2-e442cadff8bd@group-A751954341BD-LeaderElection166 got exception when requesting votes: java.util.concurrent.ExecutionException: org.apache.ratis.thirdparty.io.grpc.StatusRuntimeException: UNAVAILABLE: io exception
2025-09-19 20:44:54,753 [8eb9963e-bce0-4155-aea2-e442cadff8bd@group-A751954341BD-LeaderElection166] INFO  impl.LeaderElection (LeaderElection.java:logAndReturn(206)) - 8eb9963e-bce0-4155-aea2-e442cadff8bd@group-A751954341BD-LeaderElection166: PRE_VOTE REJECTED received 0 response(s) and 2 exception(s):
2025-09-19 20:44:54,753 [8eb9963e-bce0-4155-aea2-e442cadff8bd@group-A751954341BD-LeaderElection166] INFO  impl.LeaderElection (LogUtils.java:infoOrTrace(142)) -   Exception 0: java.util.concurrent.ExecutionException: org.apache.ratis.thirdparty.io.grpc.StatusRuntimeException: UNAVAILABLE: io exception
2025-09-19 20:44:54,753 [8eb9963e-bce0-4155-aea2-e442cadff8bd@group-A751954341BD-LeaderElection166] INFO  impl.LeaderElection (LogUtils.java:infoOrTrace(142)) -   Exception 1: java.util.concurrent.ExecutionException: org.apache.ratis.thirdparty.io.grpc.StatusRuntimeException: UNAVAILABLE: io exception
2025-09-19 20:44:54,753 [8eb9963e-bce0-4155-aea2-e442cadff8bd@group-A751954341BD-LeaderElection166] INFO  impl.LeaderElection (LeaderElection.java:askForVotes(450)) - 8eb9963e-bce0-4155-aea2-e442cadff8bd@group-A751954341BD-LeaderElection166 PRE_VOTE round 0: result REJECTED
2025-09-19 20:44:54,753 [8eb9963e-bce0-4155-aea2-e442cadff8bd@group-A751954341BD-LeaderElection166] INFO  server.RaftServer$Division (RaftServerImpl.java:setRole(392)) - 8eb9963e-bce0-4155-aea2-e442cadff8bd@group-A751954341BD: changes role from CANDIDATE to FOLLOWER at term 2 for REJECTED
2025-09-19 20:44:54,753 [8eb9963e-bce0-4155-aea2-e442cadff8bd@group-A751954341BD-LeaderElection166] INFO  impl.RoleInfo (RoleInfo.java:shutdownLeaderElection(141)) - 8eb9963e-bce0-4155-aea2-e442cadff8bd: shutdown 8eb9963e-bce0-4155-aea2-e442cadff8bd@group-A751954341BD-LeaderElection166
2025-09-19 20:44:54,753 [8eb9963e-bce0-4155-aea2-e442cadff8bd@group-A751954341BD-LeaderElection166] INFO  impl.RoleInfo (RoleInfo.java:updateAndGet(148)) - 8eb9963e-bce0-4155-aea2-e442cadff8bd: start 8eb9963e-bce0-4155-aea2-e442cadff8bd@group-A751954341BD-FollowerState
2025-09-19 20:44:55,800 [8eb9963e-bce0-4155-aea2-e442cadff8bd@group-A751954341BD-FollowerState] INFO  impl.FollowerState (FollowerState.java:runImpl(161)) - 8eb9963e-bce0-4155-aea2-e442cadff8bd@group-A751954341BD-FollowerState: change to CANDIDATE, lastRpcElapsedTime:1046453975ns, electionTimeout:1046ms
2025-09-19 20:44:55,800 [8eb9963e-bce0-4155-aea2-e442cadff8bd@group-A751954341BD-FollowerState] INFO  impl.RoleInfo (RoleInfo.java:shutdownFollowerState(121)) - 8eb9963e-bce0-4155-aea2-e442cadff8bd: shutdown 8eb9963e-bce0-4155-aea2-e442cadff8bd@group-A751954341BD-FollowerState
2025-09-19 20:44:55,800 [8eb9963e-bce0-4155-aea2-e442cadff8bd@group-A751954341BD-FollowerState] INFO  server.RaftServer$Division (RaftServerImpl.java:setRole(392)) - 8eb9963e-bce0-4155-aea2-e442cadff8bd@group-A751954341BD: changes role from  FOLLOWER to CANDIDATE at term 2 for changeToCandidate
2025-09-19 20:44:55,800 [8eb9963e-bce0-4155-aea2-e442cadff8bd@group-A751954341BD-FollowerState] INFO  impl.RoleInfo (RoleInfo.java:updateAndGet(148)) - 8eb9963e-bce0-4155-aea2-e442cadff8bd: start 8eb9963e-bce0-4155-aea2-e442cadff8bd@group-A751954341BD-LeaderElection167
2025-09-19 20:44:55,800 [8eb9963e-bce0-4155-aea2-e442cadff8bd@group-A751954341BD-LeaderElection167] INFO  impl.LeaderElection (LeaderElection.java:askForVotes(448)) - 8eb9963e-bce0-4155-aea2-e442cadff8bd@group-A751954341BD-LeaderElection167 PRE_VOTE round 0: submit vote requests at term 2 for conf: {index: 1, cur=peers:[b5a25cc1-46d3-4381-a194-bd68f4526f1c|127.0.0.1:15031, 0df1231c-9f8a-4757-a7d0-f6d7f53bc482|127.0.0.1:15023, 8eb9963e-bce0-4155-aea2-e442cadff8bd|127.0.0.1:15015]|listeners:[], old=null}
2025-09-19 20:44:55,801 [8eb9963e-bce0-4155-aea2-e442cadff8bd@group-A751954341BD-LeaderElection167] INFO  impl.LeaderElection (LogUtils.java:infoOrTrace(142)) - 8eb9963e-bce0-4155-aea2-e442cadff8bd@group-A751954341BD-LeaderElection167 got exception when requesting votes: java.util.concurrent.ExecutionException: org.apache.ratis.thirdparty.io.grpc.StatusRuntimeException: UNAVAILABLE: io exception
2025-09-19 20:44:55,801 [8eb9963e-bce0-4155-aea2-e442cadff8bd@group-A751954341BD-LeaderElection167] INFO  impl.LeaderElection (LogUtils.java:infoOrTrace(142)) - 8eb9963e-bce0-4155-aea2-e442cadff8bd@group-A751954341BD-LeaderElection167 got exception when requesting votes: java.util.concurrent.ExecutionException: org.apache.ratis.thirdparty.io.grpc.StatusRuntimeException: UNAVAILABLE: io exception
2025-09-19 20:44:55,801 [8eb9963e-bce0-4155-aea2-e442cadff8bd@group-A751954341BD-LeaderElection167] INFO  impl.LeaderElection (LeaderElection.java:logAndReturn(206)) - 8eb9963e-bce0-4155-aea2-e442cadff8bd@group-A751954341BD-LeaderElection167: PRE_VOTE REJECTED received 0 response(s) and 2 exception(s):
2025-09-19 20:44:55,801 [8eb9963e-bce0-4155-aea2-e442cadff8bd@group-A751954341BD-LeaderElection167] INFO  impl.LeaderElection (LogUtils.java:infoOrTrace(142)) -   Exception 0: java.util.concurrent.ExecutionException: org.apache.ratis.thirdparty.io.grpc.StatusRuntimeException: UNAVAILABLE: io exception
2025-09-19 20:44:55,801 [8eb9963e-bce0-4155-aea2-e442cadff8bd@group-A751954341BD-LeaderElection167] INFO  impl.LeaderElection (LogUtils.java:infoOrTrace(142)) -   Exception 1: java.util.concurrent.ExecutionException: org.apache.ratis.thirdparty.io.grpc.StatusRuntimeException: UNAVAILABLE: io exception
2025-09-19 20:44:55,801 [8eb9963e-bce0-4155-aea2-e442cadff8bd@group-A751954341BD-LeaderElection167] INFO  impl.LeaderElection (LeaderElection.java:askForVotes(450)) - 8eb9963e-bce0-4155-aea2-e442cadff8bd@group-A751954341BD-LeaderElection167 PRE_VOTE round 0: result REJECTED
2025-09-19 20:44:55,801 [8eb9963e-bce0-4155-aea2-e442cadff8bd@group-A751954341BD-LeaderElection167] INFO  server.RaftServer$Division (RaftServerImpl.java:setRole(392)) - 8eb9963e-bce0-4155-aea2-e442cadff8bd@group-A751954341BD: changes role from CANDIDATE to FOLLOWER at term 2 for REJECTED
2025-09-19 20:44:55,801 [8eb9963e-bce0-4155-aea2-e442cadff8bd@group-A751954341BD-LeaderElection167] INFO  impl.RoleInfo (RoleInfo.java:shutdownLeaderElection(141)) - 8eb9963e-bce0-4155-aea2-e442cadff8bd: shutdown 8eb9963e-bce0-4155-aea2-e442cadff8bd@group-A751954341BD-LeaderElection167
2025-09-19 20:44:55,801 [8eb9963e-bce0-4155-aea2-e442cadff8bd@group-A751954341BD-LeaderElection167] INFO  impl.RoleInfo (RoleInfo.java:updateAndGet(148)) - 8eb9963e-bce0-4155-aea2-e442cadff8bd: start 8eb9963e-bce0-4155-aea2-e442cadff8bd@group-A751954341BD-FollowerState
2025-09-19 20:44:55,852 [8eb9963e-bce0-4155-aea2-e442cadff8bd@group-715EBF8096A7-FollowerState] INFO  impl.FollowerState (FollowerState.java:runImpl(161)) - 8eb9963e-bce0-4155-aea2-e442cadff8bd@group-715EBF8096A7-FollowerState: change to CANDIDATE, lastRpcElapsedTime:1127242417ns, electionTimeout:1127ms
2025-09-19 20:44:55,852 [8eb9963e-bce0-4155-aea2-e442cadff8bd@group-715EBF8096A7-FollowerState] INFO  impl.RoleInfo (RoleInfo.java:shutdownFollowerState(121)) - 8eb9963e-bce0-4155-aea2-e442cadff8bd: shutdown 8eb9963e-bce0-4155-aea2-e442cadff8bd@group-715EBF8096A7-FollowerState
2025-09-19 20:44:55,852 [8eb9963e-bce0-4155-aea2-e442cadff8bd@group-715EBF8096A7-FollowerState] INFO  server.RaftServer$Division (RaftServerImpl.java:setRole(392)) - 8eb9963e-bce0-4155-aea2-e442cadff8bd@group-715EBF8096A7: changes role from  FOLLOWER to CANDIDATE at term 5 for changeToCandidate
2025-09-19 20:44:55,852 [8eb9963e-bce0-4155-aea2-e442cadff8bd@group-715EBF8096A7-FollowerState] INFO  impl.RoleInfo (RoleInfo.java:updateAndGet(148)) - 8eb9963e-bce0-4155-aea2-e442cadff8bd: start 8eb9963e-bce0-4155-aea2-e442cadff8bd@group-715EBF8096A7-LeaderElection168
2025-09-19 20:44:55,852 [8eb9963e-bce0-4155-aea2-e442cadff8bd@group-715EBF8096A7-LeaderElection168] INFO  impl.LeaderElection (LeaderElection.java:askForVotes(448)) - 8eb9963e-bce0-4155-aea2-e442cadff8bd@group-715EBF8096A7-LeaderElection168 PRE_VOTE round 0: submit vote requests at term 5 for conf: {index: 11, cur=peers:[b5a25cc1-46d3-4381-a194-bd68f4526f1c|127.0.0.1:15031, 0df1231c-9f8a-4757-a7d0-f6d7f53bc482|127.0.0.1:15023, 8eb9963e-bce0-4155-aea2-e442cadff8bd|127.0.0.1:15015]|listeners:[], old=null}
2025-09-19 20:44:55,853 [8eb9963e-bce0-4155-aea2-e442cadff8bd@group-715EBF8096A7-LeaderElection168] INFO  impl.LeaderElection (LogUtils.java:infoOrTrace(142)) - 8eb9963e-bce0-4155-aea2-e442cadff8bd@group-715EBF8096A7-LeaderElection168 got exception when requesting votes: java.util.concurrent.ExecutionException: org.apache.ratis.thirdparty.io.grpc.StatusRuntimeException: UNAVAILABLE: io exception
2025-09-19 20:44:55,853 [8eb9963e-bce0-4155-aea2-e442cadff8bd@group-715EBF8096A7-LeaderElection168] INFO  impl.LeaderElection (LogUtils.java:infoOrTrace(142)) - 8eb9963e-bce0-4155-aea2-e442cadff8bd@group-715EBF8096A7-LeaderElection168 got exception when requesting votes: java.util.concurrent.ExecutionException: org.apache.ratis.thirdparty.io.grpc.StatusRuntimeException: UNAVAILABLE: io exception
2025-09-19 20:44:55,853 [8eb9963e-bce0-4155-aea2-e442cadff8bd@group-715EBF8096A7-LeaderElection168] INFO  impl.LeaderElection (LeaderElection.java:logAndReturn(206)) - 8eb9963e-bce0-4155-aea2-e442cadff8bd@group-715EBF8096A7-LeaderElection168: PRE_VOTE REJECTED received 0 response(s) and 2 exception(s):
2025-09-19 20:44:55,853 [8eb9963e-bce0-4155-aea2-e442cadff8bd@group-715EBF8096A7-LeaderElection168] INFO  impl.LeaderElection (LogUtils.java:infoOrTrace(142)) -   Exception 0: java.util.concurrent.ExecutionException: org.apache.ratis.thirdparty.io.grpc.StatusRuntimeException: UNAVAILABLE: io exception
2025-09-19 20:44:55,853 [8eb9963e-bce0-4155-aea2-e442cadff8bd@group-715EBF8096A7-LeaderElection168] INFO  impl.LeaderElection (LogUtils.java:infoOrTrace(142)) -   Exception 1: java.util.concurrent.ExecutionException: org.apache.ratis.thirdparty.io.grpc.StatusRuntimeException: UNAVAILABLE: io exception
2025-09-19 20:44:55,853 [8eb9963e-bce0-4155-aea2-e442cadff8bd@group-715EBF8096A7-LeaderElection168] INFO  impl.LeaderElection (LeaderElection.java:askForVotes(450)) - 8eb9963e-bce0-4155-aea2-e442cadff8bd@group-715EBF8096A7-LeaderElection168 PRE_VOTE round 0: result REJECTED
2025-09-19 20:44:55,853 [8eb9963e-bce0-4155-aea2-e442cadff8bd@group-715EBF8096A7-LeaderElection168] INFO  server.RaftServer$Division (RaftServerImpl.java:setRole(392)) - 8eb9963e-bce0-4155-aea2-e442cadff8bd@group-715EBF8096A7: changes role from CANDIDATE to FOLLOWER at term 5 for REJECTED
2025-09-19 20:44:55,853 [8eb9963e-bce0-4155-aea2-e442cadff8bd@group-715EBF8096A7-LeaderElection168] INFO  impl.RoleInfo (RoleInfo.java:shutdownLeaderElection(141)) - 8eb9963e-bce0-4155-aea2-e442cadff8bd: shutdown 8eb9963e-bce0-4155-aea2-e442cadff8bd@group-715EBF8096A7-LeaderElection168
2025-09-19 20:44:55,853 [8eb9963e-bce0-4155-aea2-e442cadff8bd@group-715EBF8096A7-LeaderElection168] INFO  impl.RoleInfo (RoleInfo.java:updateAndGet(148)) - 8eb9963e-bce0-4155-aea2-e442cadff8bd: start 8eb9963e-bce0-4155-aea2-e442cadff8bd@group-715EBF8096A7-FollowerState
2025-09-19 20:44:56,853 [8eb9963e-bce0-4155-aea2-e442cadff8bd@group-A751954341BD-FollowerState] INFO  impl.FollowerState (FollowerState.java:runImpl(161)) - 8eb9963e-bce0-4155-aea2-e442cadff8bd@group-A751954341BD-FollowerState: change to CANDIDATE, lastRpcElapsedTime:1052314573ns, electionTimeout:1052ms
2025-09-19 20:44:56,854 [8eb9963e-bce0-4155-aea2-e442cadff8bd@group-A751954341BD-FollowerState] INFO  impl.RoleInfo (RoleInfo.java:shutdownFollowerState(121)) - 8eb9963e-bce0-4155-aea2-e442cadff8bd: shutdown 8eb9963e-bce0-4155-aea2-e442cadff8bd@group-A751954341BD-FollowerState
2025-09-19 20:44:56,854 [8eb9963e-bce0-4155-aea2-e442cadff8bd@group-A751954341BD-FollowerState] INFO  server.RaftServer$Division (RaftServerImpl.java:setRole(392)) - 8eb9963e-bce0-4155-aea2-e442cadff8bd@group-A751954341BD: changes role from  FOLLOWER to CANDIDATE at term 2 for changeToCandidate
2025-09-19 20:44:56,854 [8eb9963e-bce0-4155-aea2-e442cadff8bd@group-A751954341BD-FollowerState] INFO  impl.RoleInfo (RoleInfo.java:updateAndGet(148)) - 8eb9963e-bce0-4155-aea2-e442cadff8bd: start 8eb9963e-bce0-4155-aea2-e442cadff8bd@group-A751954341BD-LeaderElection169
2025-09-19 20:44:56,854 [8eb9963e-bce0-4155-aea2-e442cadff8bd@group-A751954341BD-LeaderElection169] INFO  impl.LeaderElection (LeaderElection.java:askForVotes(448)) - 8eb9963e-bce0-4155-aea2-e442cadff8bd@group-A751954341BD-LeaderElection169 PRE_VOTE round 0: submit vote requests at term 2 for conf: {index: 1, cur=peers:[b5a25cc1-46d3-4381-a194-bd68f4526f1c|127.0.0.1:15031, 0df1231c-9f8a-4757-a7d0-f6d7f53bc482|127.0.0.1:15023, 8eb9963e-bce0-4155-aea2-e442cadff8bd|127.0.0.1:15015]|listeners:[], old=null}
2025-09-19 20:44:56,854 [8eb9963e-bce0-4155-aea2-e442cadff8bd@group-A751954341BD-LeaderElection169] INFO  impl.LeaderElection (LogUtils.java:infoOrTrace(142)) - 8eb9963e-bce0-4155-aea2-e442cadff8bd@group-A751954341BD-LeaderElection169 got exception when requesting votes: java.util.concurrent.ExecutionException: org.apache.ratis.thirdparty.io.grpc.StatusRuntimeException: UNAVAILABLE: io exception
2025-09-19 20:44:56,854 [8eb9963e-bce0-4155-aea2-e442cadff8bd@group-A751954341BD-LeaderElection169] INFO  impl.LeaderElection (LogUtils.java:infoOrTrace(142)) - 8eb9963e-bce0-4155-aea2-e442cadff8bd@group-A751954341BD-LeaderElection169 got exception when requesting votes: java.util.concurrent.ExecutionException: org.apache.ratis.thirdparty.io.grpc.StatusRuntimeException: UNAVAILABLE: io exception
2025-09-19 20:44:56,855 [8eb9963e-bce0-4155-aea2-e442cadff8bd@group-A751954341BD-LeaderElection169] INFO  impl.LeaderElection (LeaderElection.java:logAndReturn(206)) - 8eb9963e-bce0-4155-aea2-e442cadff8bd@group-A751954341BD-LeaderElection169: PRE_VOTE REJECTED received 0 response(s) and 2 exception(s):
2025-09-19 20:44:56,855 [8eb9963e-bce0-4155-aea2-e442cadff8bd@group-A751954341BD-LeaderElection169] INFO  impl.LeaderElection (LogUtils.java:infoOrTrace(142)) -   Exception 0: java.util.concurrent.ExecutionException: org.apache.ratis.thirdparty.io.grpc.StatusRuntimeException: UNAVAILABLE: io exception
2025-09-19 20:44:56,855 [8eb9963e-bce0-4155-aea2-e442cadff8bd@group-A751954341BD-LeaderElection169] INFO  impl.LeaderElection (LogUtils.java:infoOrTrace(142)) -   Exception 1: java.util.concurrent.ExecutionException: org.apache.ratis.thirdparty.io.grpc.StatusRuntimeException: UNAVAILABLE: io exception
2025-09-19 20:44:56,855 [8eb9963e-bce0-4155-aea2-e442cadff8bd@group-A751954341BD-LeaderElection169] INFO  impl.LeaderElection (LeaderElection.java:askForVotes(450)) - 8eb9963e-bce0-4155-aea2-e442cadff8bd@group-A751954341BD-LeaderElection169 PRE_VOTE round 0: result REJECTED
2025-09-19 20:44:56,855 [8eb9963e-bce0-4155-aea2-e442cadff8bd@group-A751954341BD-LeaderElection169] INFO  server.RaftServer$Division (RaftServerImpl.java:setRole(392)) - 8eb9963e-bce0-4155-aea2-e442cadff8bd@group-A751954341BD: changes role from CANDIDATE to FOLLOWER at term 2 for REJECTED
2025-09-19 20:44:56,855 [8eb9963e-bce0-4155-aea2-e442cadff8bd@group-A751954341BD-LeaderElection169] INFO  impl.RoleInfo (RoleInfo.java:shutdownLeaderElection(141)) - 8eb9963e-bce0-4155-aea2-e442cadff8bd: shutdown 8eb9963e-bce0-4155-aea2-e442cadff8bd@group-A751954341BD-LeaderElection169
2025-09-19 20:44:56,855 [8eb9963e-bce0-4155-aea2-e442cadff8bd@group-A751954341BD-LeaderElection169] INFO  impl.RoleInfo (RoleInfo.java:updateAndGet(148)) - 8eb9963e-bce0-4155-aea2-e442cadff8bd: start 8eb9963e-bce0-4155-aea2-e442cadff8bd@group-A751954341BD-FollowerState
2025-09-19 20:44:56,988 [8eb9963e-bce0-4155-aea2-e442cadff8bd@group-715EBF8096A7-FollowerState] INFO  impl.FollowerState (FollowerState.java:runImpl(161)) - 8eb9963e-bce0-4155-aea2-e442cadff8bd@group-715EBF8096A7-FollowerState: change to CANDIDATE, lastRpcElapsedTime:1135313268ns, electionTimeout:1135ms
2025-09-19 20:44:56,989 [8eb9963e-bce0-4155-aea2-e442cadff8bd@group-715EBF8096A7-FollowerState] INFO  impl.RoleInfo (RoleInfo.java:shutdownFollowerState(121)) - 8eb9963e-bce0-4155-aea2-e442cadff8bd: shutdown 8eb9963e-bce0-4155-aea2-e442cadff8bd@group-715EBF8096A7-FollowerState
2025-09-19 20:44:56,989 [8eb9963e-bce0-4155-aea2-e442cadff8bd@group-715EBF8096A7-FollowerState] INFO  server.RaftServer$Division (RaftServerImpl.java:setRole(392)) - 8eb9963e-bce0-4155-aea2-e442cadff8bd@group-715EBF8096A7: changes role from  FOLLOWER to CANDIDATE at term 5 for changeToCandidate
2025-09-19 20:44:56,989 [8eb9963e-bce0-4155-aea2-e442cadff8bd@group-715EBF8096A7-FollowerState] INFO  impl.RoleInfo (RoleInfo.java:updateAndGet(148)) - 8eb9963e-bce0-4155-aea2-e442cadff8bd: start 8eb9963e-bce0-4155-aea2-e442cadff8bd@group-715EBF8096A7-LeaderElection170
2025-09-19 20:44:56,989 [8eb9963e-bce0-4155-aea2-e442cadff8bd@group-715EBF8096A7-LeaderElection170] INFO  impl.LeaderElection (LeaderElection.java:askForVotes(448)) - 8eb9963e-bce0-4155-aea2-e442cadff8bd@group-715EBF8096A7-LeaderElection170 PRE_VOTE round 0: submit vote requests at term 5 for conf: {index: 11, cur=peers:[b5a25cc1-46d3-4381-a194-bd68f4526f1c|127.0.0.1:15031, 0df1231c-9f8a-4757-a7d0-f6d7f53bc482|127.0.0.1:15023, 8eb9963e-bce0-4155-aea2-e442cadff8bd|127.0.0.1:15015]|listeners:[], old=null}
2025-09-19 20:44:56,989 [8eb9963e-bce0-4155-aea2-e442cadff8bd@group-715EBF8096A7-LeaderElection170] INFO  impl.LeaderElection (LogUtils.java:infoOrTrace(142)) - 8eb9963e-bce0-4155-aea2-e442cadff8bd@group-715EBF8096A7-LeaderElection170 got exception when requesting votes: java.util.concurrent.ExecutionException: org.apache.ratis.thirdparty.io.grpc.StatusRuntimeException: UNAVAILABLE: io exception
2025-09-19 20:44:56,989 [8eb9963e-bce0-4155-aea2-e442cadff8bd@group-715EBF8096A7-LeaderElection170] INFO  impl.LeaderElection (LogUtils.java:infoOrTrace(142)) - 8eb9963e-bce0-4155-aea2-e442cadff8bd@group-715EBF8096A7-LeaderElection170 got exception when requesting votes: java.util.concurrent.ExecutionException: org.apache.ratis.thirdparty.io.grpc.StatusRuntimeException: UNAVAILABLE: io exception
2025-09-19 20:44:56,989 [8eb9963e-bce0-4155-aea2-e442cadff8bd@group-715EBF8096A7-LeaderElection170] INFO  impl.LeaderElection (LeaderElection.java:logAndReturn(206)) - 8eb9963e-bce0-4155-aea2-e442cadff8bd@group-715EBF8096A7-LeaderElection170: PRE_VOTE REJECTED received 0 response(s) and 2 exception(s):
2025-09-19 20:44:56,990 [8eb9963e-bce0-4155-aea2-e442cadff8bd@group-715EBF8096A7-LeaderElection170] INFO  impl.LeaderElection (LogUtils.java:infoOrTrace(142)) -   Exception 0: java.util.concurrent.ExecutionException: org.apache.ratis.thirdparty.io.grpc.StatusRuntimeException: UNAVAILABLE: io exception
2025-09-19 20:44:56,990 [8eb9963e-bce0-4155-aea2-e442cadff8bd@group-715EBF8096A7-LeaderElection170] INFO  impl.LeaderElection (LogUtils.java:infoOrTrace(142)) -   Exception 1: java.util.concurrent.ExecutionException: org.apache.ratis.thirdparty.io.grpc.StatusRuntimeException: UNAVAILABLE: io exception
2025-09-19 20:44:56,990 [8eb9963e-bce0-4155-aea2-e442cadff8bd@group-715EBF8096A7-LeaderElection170] INFO  impl.LeaderElection (LeaderElection.java:askForVotes(450)) - 8eb9963e-bce0-4155-aea2-e442cadff8bd@group-715EBF8096A7-LeaderElection170 PRE_VOTE round 0: result REJECTED
2025-09-19 20:44:56,990 [8eb9963e-bce0-4155-aea2-e442cadff8bd@group-715EBF8096A7-LeaderElection170] INFO  server.RaftServer$Division (RaftServerImpl.java:setRole(392)) - 8eb9963e-bce0-4155-aea2-e442cadff8bd@group-715EBF8096A7: changes role from CANDIDATE to FOLLOWER at term 5 for REJECTED
2025-09-19 20:44:56,990 [8eb9963e-bce0-4155-aea2-e442cadff8bd@group-715EBF8096A7-LeaderElection170] INFO  impl.RoleInfo (RoleInfo.java:shutdownLeaderElection(141)) - 8eb9963e-bce0-4155-aea2-e442cadff8bd: shutdown 8eb9963e-bce0-4155-aea2-e442cadff8bd@group-715EBF8096A7-LeaderElection170
2025-09-19 20:44:56,990 [8eb9963e-bce0-4155-aea2-e442cadff8bd@group-715EBF8096A7-LeaderElection170] INFO  impl.RoleInfo (RoleInfo.java:updateAndGet(148)) - 8eb9963e-bce0-4155-aea2-e442cadff8bd: start 8eb9963e-bce0-4155-aea2-e442cadff8bd@group-715EBF8096A7-FollowerState
2025-09-19 20:44:57,973 [8eb9963e-bce0-4155-aea2-e442cadff8bd@group-A751954341BD-FollowerState] INFO  impl.FollowerState (FollowerState.java:runImpl(161)) - 8eb9963e-bce0-4155-aea2-e442cadff8bd@group-A751954341BD-FollowerState: change to CANDIDATE, lastRpcElapsedTime:1118292096ns, electionTimeout:1118ms
2025-09-19 20:44:57,973 [8eb9963e-bce0-4155-aea2-e442cadff8bd@group-A751954341BD-FollowerState] INFO  impl.RoleInfo (RoleInfo.java:shutdownFollowerState(121)) - 8eb9963e-bce0-4155-aea2-e442cadff8bd: shutdown 8eb9963e-bce0-4155-aea2-e442cadff8bd@group-A751954341BD-FollowerState
2025-09-19 20:44:57,973 [8eb9963e-bce0-4155-aea2-e442cadff8bd@group-A751954341BD-FollowerState] INFO  server.RaftServer$Division (RaftServerImpl.java:setRole(392)) - 8eb9963e-bce0-4155-aea2-e442cadff8bd@group-A751954341BD: changes role from  FOLLOWER to CANDIDATE at term 2 for changeToCandidate
2025-09-19 20:44:57,973 [8eb9963e-bce0-4155-aea2-e442cadff8bd@group-A751954341BD-FollowerState] INFO  impl.RoleInfo (RoleInfo.java:updateAndGet(148)) - 8eb9963e-bce0-4155-aea2-e442cadff8bd: start 8eb9963e-bce0-4155-aea2-e442cadff8bd@group-A751954341BD-LeaderElection171
2025-09-19 20:44:57,974 [8eb9963e-bce0-4155-aea2-e442cadff8bd@group-A751954341BD-LeaderElection171] INFO  impl.LeaderElection (LeaderElection.java:askForVotes(448)) - 8eb9963e-bce0-4155-aea2-e442cadff8bd@group-A751954341BD-LeaderElection171 PRE_VOTE round 0: submit vote requests at term 2 for conf: {index: 1, cur=peers:[b5a25cc1-46d3-4381-a194-bd68f4526f1c|127.0.0.1:15031, 0df1231c-9f8a-4757-a7d0-f6d7f53bc482|127.0.0.1:15023, 8eb9963e-bce0-4155-aea2-e442cadff8bd|127.0.0.1:15015]|listeners:[], old=null}
2025-09-19 20:44:57,974 [8eb9963e-bce0-4155-aea2-e442cadff8bd@group-A751954341BD-LeaderElection171] INFO  impl.LeaderElection (LogUtils.java:infoOrTrace(142)) - 8eb9963e-bce0-4155-aea2-e442cadff8bd@group-A751954341BD-LeaderElection171 got exception when requesting votes: java.util.concurrent.ExecutionException: org.apache.ratis.thirdparty.io.grpc.StatusRuntimeException: UNAVAILABLE: io exception
2025-09-19 20:44:57,974 [8eb9963e-bce0-4155-aea2-e442cadff8bd@group-A751954341BD-LeaderElection171] INFO  impl.LeaderElection (LogUtils.java:infoOrTrace(142)) - 8eb9963e-bce0-4155-aea2-e442cadff8bd@group-A751954341BD-LeaderElection171 got exception when requesting votes: java.util.concurrent.ExecutionException: org.apache.ratis.thirdparty.io.grpc.StatusRuntimeException: UNAVAILABLE: io exception
2025-09-19 20:44:57,974 [8eb9963e-bce0-4155-aea2-e442cadff8bd@group-A751954341BD-LeaderElection171] INFO  impl.LeaderElection (LeaderElection.java:logAndReturn(206)) - 8eb9963e-bce0-4155-aea2-e442cadff8bd@group-A751954341BD-LeaderElection171: PRE_VOTE REJECTED received 0 response(s) and 2 exception(s):
2025-09-19 20:44:57,974 [8eb9963e-bce0-4155-aea2-e442cadff8bd@group-A751954341BD-LeaderElection171] INFO  impl.LeaderElection (LogUtils.java:infoOrTrace(142)) -   Exception 0: java.util.concurrent.ExecutionException: org.apache.ratis.thirdparty.io.grpc.StatusRuntimeException: UNAVAILABLE: io exception
2025-09-19 20:44:57,974 [8eb9963e-bce0-4155-aea2-e442cadff8bd@group-A751954341BD-LeaderElection171] INFO  impl.LeaderElection (LogUtils.java:infoOrTrace(142)) -   Exception 1: java.util.concurrent.ExecutionException: org.apache.ratis.thirdparty.io.grpc.StatusRuntimeException: UNAVAILABLE: io exception
2025-09-19 20:44:57,974 [8eb9963e-bce0-4155-aea2-e442cadff8bd@group-A751954341BD-LeaderElection171] INFO  impl.LeaderElection (LeaderElection.java:askForVotes(450)) - 8eb9963e-bce0-4155-aea2-e442cadff8bd@group-A751954341BD-LeaderElection171 PRE_VOTE round 0: result REJECTED
2025-09-19 20:44:57,975 [8eb9963e-bce0-4155-aea2-e442cadff8bd@group-A751954341BD-LeaderElection171] INFO  server.RaftServer$Division (RaftServerImpl.java:setRole(392)) - 8eb9963e-bce0-4155-aea2-e442cadff8bd@group-A751954341BD: changes role from CANDIDATE to FOLLOWER at term 2 for REJECTED
2025-09-19 20:44:57,975 [8eb9963e-bce0-4155-aea2-e442cadff8bd@group-A751954341BD-LeaderElection171] INFO  impl.RoleInfo (RoleInfo.java:shutdownLeaderElection(141)) - 8eb9963e-bce0-4155-aea2-e442cadff8bd: shutdown 8eb9963e-bce0-4155-aea2-e442cadff8bd@group-A751954341BD-LeaderElection171
2025-09-19 20:44:57,975 [8eb9963e-bce0-4155-aea2-e442cadff8bd@group-A751954341BD-LeaderElection171] INFO  impl.RoleInfo (RoleInfo.java:updateAndGet(148)) - 8eb9963e-bce0-4155-aea2-e442cadff8bd: start 8eb9963e-bce0-4155-aea2-e442cadff8bd@group-A751954341BD-FollowerState
2025-09-19 20:44:58,003 [8eb9963e-bce0-4155-aea2-e442cadff8bd@group-715EBF8096A7-FollowerState] INFO  impl.FollowerState (FollowerState.java:runImpl(161)) - 8eb9963e-bce0-4155-aea2-e442cadff8bd@group-715EBF8096A7-FollowerState: change to CANDIDATE, lastRpcElapsedTime:1013286576ns, electionTimeout:1013ms
2025-09-19 20:44:58,003 [8eb9963e-bce0-4155-aea2-e442cadff8bd@group-715EBF8096A7-FollowerState] INFO  impl.RoleInfo (RoleInfo.java:shutdownFollowerState(121)) - 8eb9963e-bce0-4155-aea2-e442cadff8bd: shutdown 8eb9963e-bce0-4155-aea2-e442cadff8bd@group-715EBF8096A7-FollowerState
2025-09-19 20:44:58,003 [8eb9963e-bce0-4155-aea2-e442cadff8bd@group-715EBF8096A7-FollowerState] INFO  server.RaftServer$Division (RaftServerImpl.java:setRole(392)) - 8eb9963e-bce0-4155-aea2-e442cadff8bd@group-715EBF8096A7: changes role from  FOLLOWER to CANDIDATE at term 5 for changeToCandidate
2025-09-19 20:44:58,003 [8eb9963e-bce0-4155-aea2-e442cadff8bd@group-715EBF8096A7-FollowerState] INFO  impl.RoleInfo (RoleInfo.java:updateAndGet(148)) - 8eb9963e-bce0-4155-aea2-e442cadff8bd: start 8eb9963e-bce0-4155-aea2-e442cadff8bd@group-715EBF8096A7-LeaderElection172
2025-09-19 20:44:58,004 [8eb9963e-bce0-4155-aea2-e442cadff8bd@group-715EBF8096A7-LeaderElection172] INFO  impl.LeaderElection (LeaderElection.java:askForVotes(448)) - 8eb9963e-bce0-4155-aea2-e442cadff8bd@group-715EBF8096A7-LeaderElection172 PRE_VOTE round 0: submit vote requests at term 5 for conf: {index: 11, cur=peers:[b5a25cc1-46d3-4381-a194-bd68f4526f1c|127.0.0.1:15031, 0df1231c-9f8a-4757-a7d0-f6d7f53bc482|127.0.0.1:15023, 8eb9963e-bce0-4155-aea2-e442cadff8bd|127.0.0.1:15015]|listeners:[], old=null}
2025-09-19 20:44:58,004 [8eb9963e-bce0-4155-aea2-e442cadff8bd@group-715EBF8096A7-LeaderElection172] INFO  impl.LeaderElection (LogUtils.java:infoOrTrace(142)) - 8eb9963e-bce0-4155-aea2-e442cadff8bd@group-715EBF8096A7-LeaderElection172 got exception when requesting votes: java.util.concurrent.ExecutionException: org.apache.ratis.thirdparty.io.grpc.StatusRuntimeException: UNAVAILABLE: io exception
2025-09-19 20:44:58,004 [8eb9963e-bce0-4155-aea2-e442cadff8bd@group-715EBF8096A7-LeaderElection172] INFO  impl.LeaderElection (LogUtils.java:infoOrTrace(142)) - 8eb9963e-bce0-4155-aea2-e442cadff8bd@group-715EBF8096A7-LeaderElection172 got exception when requesting votes: java.util.concurrent.ExecutionException: org.apache.ratis.thirdparty.io.grpc.StatusRuntimeException: UNAVAILABLE: io exception
2025-09-19 20:44:58,004 [8eb9963e-bce0-4155-aea2-e442cadff8bd@group-715EBF8096A7-LeaderElection172] INFO  impl.LeaderElection (LeaderElection.java:logAndReturn(206)) - 8eb9963e-bce0-4155-aea2-e442cadff8bd@group-715EBF8096A7-LeaderElection172: PRE_VOTE REJECTED received 0 response(s) and 2 exception(s):
2025-09-19 20:44:58,004 [8eb9963e-bce0-4155-aea2-e442cadff8bd@group-715EBF8096A7-LeaderElection172] INFO  impl.LeaderElection (LogUtils.java:infoOrTrace(142)) -   Exception 0: java.util.concurrent.ExecutionException: org.apache.ratis.thirdparty.io.grpc.StatusRuntimeException: UNAVAILABLE: io exception
2025-09-19 20:44:58,004 [8eb9963e-bce0-4155-aea2-e442cadff8bd@group-715EBF8096A7-LeaderElection172] INFO  impl.LeaderElection (LogUtils.java:infoOrTrace(142)) -   Exception 1: java.util.concurrent.ExecutionException: org.apache.ratis.thirdparty.io.grpc.StatusRuntimeException: UNAVAILABLE: io exception
2025-09-19 20:44:58,004 [8eb9963e-bce0-4155-aea2-e442cadff8bd@group-715EBF8096A7-LeaderElection172] INFO  impl.LeaderElection (LeaderElection.java:askForVotes(450)) - 8eb9963e-bce0-4155-aea2-e442cadff8bd@group-715EBF8096A7-LeaderElection172 PRE_VOTE round 0: result REJECTED
2025-09-19 20:44:58,004 [8eb9963e-bce0-4155-aea2-e442cadff8bd@group-715EBF8096A7-LeaderElection172] INFO  server.RaftServer$Division (RaftServerImpl.java:setRole(392)) - 8eb9963e-bce0-4155-aea2-e442cadff8bd@group-715EBF8096A7: changes role from CANDIDATE to FOLLOWER at term 5 for REJECTED
2025-09-19 20:44:58,004 [8eb9963e-bce0-4155-aea2-e442cadff8bd@group-715EBF8096A7-LeaderElection172] INFO  impl.RoleInfo (RoleInfo.java:shutdownLeaderElection(141)) - 8eb9963e-bce0-4155-aea2-e442cadff8bd: shutdown 8eb9963e-bce0-4155-aea2-e442cadff8bd@group-715EBF8096A7-LeaderElection172
2025-09-19 20:44:58,004 [8eb9963e-bce0-4155-aea2-e442cadff8bd@group-715EBF8096A7-LeaderElection172] INFO  impl.RoleInfo (RoleInfo.java:updateAndGet(148)) - 8eb9963e-bce0-4155-aea2-e442cadff8bd: start 8eb9963e-bce0-4155-aea2-e442cadff8bd@group-715EBF8096A7-FollowerState
2025-09-19 20:44:59,105 [8eb9963e-bce0-4155-aea2-e442cadff8bd@group-715EBF8096A7-FollowerState] INFO  impl.FollowerState (FollowerState.java:runImpl(161)) - 8eb9963e-bce0-4155-aea2-e442cadff8bd@group-715EBF8096A7-FollowerState: change to CANDIDATE, lastRpcElapsedTime:1100304906ns, electionTimeout:1100ms
2025-09-19 20:44:59,105 [8eb9963e-bce0-4155-aea2-e442cadff8bd@group-715EBF8096A7-FollowerState] INFO  impl.RoleInfo (RoleInfo.java:shutdownFollowerState(121)) - 8eb9963e-bce0-4155-aea2-e442cadff8bd: shutdown 8eb9963e-bce0-4155-aea2-e442cadff8bd@group-715EBF8096A7-FollowerState
2025-09-19 20:44:59,105 [8eb9963e-bce0-4155-aea2-e442cadff8bd@group-715EBF8096A7-FollowerState] INFO  server.RaftServer$Division (RaftServerImpl.java:setRole(392)) - 8eb9963e-bce0-4155-aea2-e442cadff8bd@group-715EBF8096A7: changes role from  FOLLOWER to CANDIDATE at term 5 for changeToCandidate
2025-09-19 20:44:59,105 [8eb9963e-bce0-4155-aea2-e442cadff8bd@group-715EBF8096A7-FollowerState] INFO  impl.RoleInfo (RoleInfo.java:updateAndGet(148)) - 8eb9963e-bce0-4155-aea2-e442cadff8bd: start 8eb9963e-bce0-4155-aea2-e442cadff8bd@group-715EBF8096A7-LeaderElection173
2025-09-19 20:44:59,105 [8eb9963e-bce0-4155-aea2-e442cadff8bd@group-715EBF8096A7-LeaderElection173] INFO  impl.LeaderElection (LeaderElection.java:askForVotes(448)) - 8eb9963e-bce0-4155-aea2-e442cadff8bd@group-715EBF8096A7-LeaderElection173 PRE_VOTE round 0: submit vote requests at term 5 for conf: {index: 11, cur=peers:[b5a25cc1-46d3-4381-a194-bd68f4526f1c|127.0.0.1:15031, 0df1231c-9f8a-4757-a7d0-f6d7f53bc482|127.0.0.1:15023, 8eb9963e-bce0-4155-aea2-e442cadff8bd|127.0.0.1:15015]|listeners:[], old=null}
2025-09-19 20:44:59,106 [8eb9963e-bce0-4155-aea2-e442cadff8bd@group-715EBF8096A7-LeaderElection173] INFO  impl.LeaderElection (LogUtils.java:infoOrTrace(142)) - 8eb9963e-bce0-4155-aea2-e442cadff8bd@group-715EBF8096A7-LeaderElection173 got exception when requesting votes: java.util.concurrent.ExecutionException: org.apache.ratis.thirdparty.io.grpc.StatusRuntimeException: UNAVAILABLE: io exception
2025-09-19 20:44:59,106 [8eb9963e-bce0-4155-aea2-e442cadff8bd@group-715EBF8096A7-LeaderElection173] INFO  impl.LeaderElection (LogUtils.java:infoOrTrace(142)) - 8eb9963e-bce0-4155-aea2-e442cadff8bd@group-715EBF8096A7-LeaderElection173 got exception when requesting votes: java.util.concurrent.ExecutionException: org.apache.ratis.thirdparty.io.grpc.StatusRuntimeException: UNAVAILABLE: io exception
2025-09-19 20:44:59,106 [8eb9963e-bce0-4155-aea2-e442cadff8bd@group-715EBF8096A7-LeaderElection173] INFO  impl.LeaderElection (LeaderElection.java:logAndReturn(206)) - 8eb9963e-bce0-4155-aea2-e442cadff8bd@group-715EBF8096A7-LeaderElection173: PRE_VOTE REJECTED received 0 response(s) and 2 exception(s):
2025-09-19 20:44:59,106 [8eb9963e-bce0-4155-aea2-e442cadff8bd@group-715EBF8096A7-LeaderElection173] INFO  impl.LeaderElection (LogUtils.java:infoOrTrace(142)) -   Exception 0: java.util.concurrent.ExecutionException: org.apache.ratis.thirdparty.io.grpc.StatusRuntimeException: UNAVAILABLE: io exception
2025-09-19 20:44:59,106 [8eb9963e-bce0-4155-aea2-e442cadff8bd@group-715EBF8096A7-LeaderElection173] INFO  impl.LeaderElection (LogUtils.java:infoOrTrace(142)) -   Exception 1: java.util.concurrent.ExecutionException: org.apache.ratis.thirdparty.io.grpc.StatusRuntimeException: UNAVAILABLE: io exception
2025-09-19 20:44:59,106 [8eb9963e-bce0-4155-aea2-e442cadff8bd@group-715EBF8096A7-LeaderElection173] INFO  impl.LeaderElection (LeaderElection.java:askForVotes(450)) - 8eb9963e-bce0-4155-aea2-e442cadff8bd@group-715EBF8096A7-LeaderElection173 PRE_VOTE round 0: result REJECTED
2025-09-19 20:44:59,106 [8eb9963e-bce0-4155-aea2-e442cadff8bd@group-715EBF8096A7-LeaderElection173] INFO  server.RaftServer$Division (RaftServerImpl.java:setRole(392)) - 8eb9963e-bce0-4155-aea2-e442cadff8bd@group-715EBF8096A7: changes role from CANDIDATE to FOLLOWER at term 5 for REJECTED
2025-09-19 20:44:59,106 [8eb9963e-bce0-4155-aea2-e442cadff8bd@group-715EBF8096A7-LeaderElection173] INFO  impl.RoleInfo (RoleInfo.java:shutdownLeaderElection(141)) - 8eb9963e-bce0-4155-aea2-e442cadff8bd: shutdown 8eb9963e-bce0-4155-aea2-e442cadff8bd@group-715EBF8096A7-LeaderElection173
2025-09-19 20:44:59,106 [8eb9963e-bce0-4155-aea2-e442cadff8bd@group-715EBF8096A7-LeaderElection173] INFO  impl.RoleInfo (RoleInfo.java:updateAndGet(148)) - 8eb9963e-bce0-4155-aea2-e442cadff8bd: start 8eb9963e-bce0-4155-aea2-e442cadff8bd@group-715EBF8096A7-FollowerState
2025-09-19 20:44:59,125 [8eb9963e-bce0-4155-aea2-e442cadff8bd@group-A751954341BD-FollowerState] INFO  impl.FollowerState (FollowerState.java:runImpl(161)) - 8eb9963e-bce0-4155-aea2-e442cadff8bd@group-A751954341BD-FollowerState: change to CANDIDATE, lastRpcElapsedTime:1150425419ns, electionTimeout:1150ms
2025-09-19 20:44:59,125 [8eb9963e-bce0-4155-aea2-e442cadff8bd@group-A751954341BD-FollowerState] INFO  impl.RoleInfo (RoleInfo.java:shutdownFollowerState(121)) - 8eb9963e-bce0-4155-aea2-e442cadff8bd: shutdown 8eb9963e-bce0-4155-aea2-e442cadff8bd@group-A751954341BD-FollowerState
2025-09-19 20:44:59,125 [8eb9963e-bce0-4155-aea2-e442cadff8bd@group-A751954341BD-FollowerState] INFO  server.RaftServer$Division (RaftServerImpl.java:setRole(392)) - 8eb9963e-bce0-4155-aea2-e442cadff8bd@group-A751954341BD: changes role from  FOLLOWER to CANDIDATE at term 2 for changeToCandidate
2025-09-19 20:44:59,125 [8eb9963e-bce0-4155-aea2-e442cadff8bd@group-A751954341BD-FollowerState] INFO  impl.RoleInfo (RoleInfo.java:updateAndGet(148)) - 8eb9963e-bce0-4155-aea2-e442cadff8bd: start 8eb9963e-bce0-4155-aea2-e442cadff8bd@group-A751954341BD-LeaderElection174
2025-09-19 20:44:59,125 [8eb9963e-bce0-4155-aea2-e442cadff8bd@group-A751954341BD-LeaderElection174] INFO  impl.LeaderElection (LeaderElection.java:askForVotes(448)) - 8eb9963e-bce0-4155-aea2-e442cadff8bd@group-A751954341BD-LeaderElection174 PRE_VOTE round 0: submit vote requests at term 2 for conf: {index: 1, cur=peers:[b5a25cc1-46d3-4381-a194-bd68f4526f1c|127.0.0.1:15031, 0df1231c-9f8a-4757-a7d0-f6d7f53bc482|127.0.0.1:15023, 8eb9963e-bce0-4155-aea2-e442cadff8bd|127.0.0.1:15015]|listeners:[], old=null}
2025-09-19 20:44:59,126 [8eb9963e-bce0-4155-aea2-e442cadff8bd@group-A751954341BD-LeaderElection174] INFO  impl.LeaderElection (LogUtils.java:infoOrTrace(142)) - 8eb9963e-bce0-4155-aea2-e442cadff8bd@group-A751954341BD-LeaderElection174 got exception when requesting votes: java.util.concurrent.ExecutionException: org.apache.ratis.thirdparty.io.grpc.StatusRuntimeException: UNAVAILABLE: io exception
2025-09-19 20:44:59,126 [8eb9963e-bce0-4155-aea2-e442cadff8bd@group-A751954341BD-LeaderElection174] INFO  impl.LeaderElection (LogUtils.java:infoOrTrace(142)) - 8eb9963e-bce0-4155-aea2-e442cadff8bd@group-A751954341BD-LeaderElection174 got exception when requesting votes: java.util.concurrent.ExecutionException: org.apache.ratis.thirdparty.io.grpc.StatusRuntimeException: UNAVAILABLE: io exception
2025-09-19 20:44:59,126 [8eb9963e-bce0-4155-aea2-e442cadff8bd@group-A751954341BD-LeaderElection174] INFO  impl.LeaderElection (LeaderElection.java:logAndReturn(206)) - 8eb9963e-bce0-4155-aea2-e442cadff8bd@group-A751954341BD-LeaderElection174: PRE_VOTE REJECTED received 0 response(s) and 2 exception(s):
2025-09-19 20:44:59,126 [8eb9963e-bce0-4155-aea2-e442cadff8bd@group-A751954341BD-LeaderElection174] INFO  impl.LeaderElection (LogUtils.java:infoOrTrace(142)) -   Exception 0: java.util.concurrent.ExecutionException: org.apache.ratis.thirdparty.io.grpc.StatusRuntimeException: UNAVAILABLE: io exception
2025-09-19 20:44:59,126 [8eb9963e-bce0-4155-aea2-e442cadff8bd@group-A751954341BD-LeaderElection174] INFO  impl.LeaderElection (LogUtils.java:infoOrTrace(142)) -   Exception 1: java.util.concurrent.ExecutionException: org.apache.ratis.thirdparty.io.grpc.StatusRuntimeException: UNAVAILABLE: io exception
2025-09-19 20:44:59,126 [8eb9963e-bce0-4155-aea2-e442cadff8bd@group-A751954341BD-LeaderElection174] INFO  impl.LeaderElection (LeaderElection.java:askForVotes(450)) - 8eb9963e-bce0-4155-aea2-e442cadff8bd@group-A751954341BD-LeaderElection174 PRE_VOTE round 0: result REJECTED
2025-09-19 20:44:59,126 [8eb9963e-bce0-4155-aea2-e442cadff8bd@group-A751954341BD-LeaderElection174] INFO  server.RaftServer$Division (RaftServerImpl.java:setRole(392)) - 8eb9963e-bce0-4155-aea2-e442cadff8bd@group-A751954341BD: changes role from CANDIDATE to FOLLOWER at term 2 for REJECTED
2025-09-19 20:44:59,126 [8eb9963e-bce0-4155-aea2-e442cadff8bd@group-A751954341BD-LeaderElection174] INFO  impl.RoleInfo (RoleInfo.java:shutdownLeaderElection(141)) - 8eb9963e-bce0-4155-aea2-e442cadff8bd: shutdown 8eb9963e-bce0-4155-aea2-e442cadff8bd@group-A751954341BD-LeaderElection174
2025-09-19 20:44:59,126 [8eb9963e-bce0-4155-aea2-e442cadff8bd@group-A751954341BD-LeaderElection174] INFO  impl.RoleInfo (RoleInfo.java:updateAndGet(148)) - 8eb9963e-bce0-4155-aea2-e442cadff8bd: start 8eb9963e-bce0-4155-aea2-e442cadff8bd@group-A751954341BD-FollowerState
2025-09-19 20:44:59,442 [grpc-default-executor-5] ERROR impl.OrderedAsync (OrderedAsync.java:lambda$null$6(215)) -  client-EE2AA9DBFBBD: Failed* RaftClientRequest:client-EE2AA9DBFBBD->0df1231c-9f8a-4757-a7d0-f6d7f53bc482@group-715EBF8096A7, cid=40, seq=1*, Watch(0), null
java.util.concurrent.CompletionException: java.io.IOException: org.apache.ratis.thirdparty.io.grpc.StatusRuntimeException: UNAVAILABLE: io exception
	at java.base/java.util.concurrent.CompletableFuture.encodeThrowable(CompletableFuture.java:332)
	at java.base/java.util.concurrent.CompletableFuture.completeThrowable(CompletableFuture.java:347)
	at java.base/java.util.concurrent.CompletableFuture$UniAccept.tryFire(CompletableFuture.java:708)
	at java.base/java.util.concurrent.CompletableFuture.postComplete(CompletableFuture.java:510)
	at java.base/java.util.concurrent.CompletableFuture.completeExceptionally(CompletableFuture.java:2194)
	at org.apache.ratis.grpc.client.GrpcClientProtocolClient$AsyncStreamObservers.completeReplyExceptionally(GrpcClientProtocolClient.java:397)
	at org.apache.ratis.grpc.client.GrpcClientProtocolClient$AsyncStreamObservers.access$000(GrpcClientProtocolClient.java:303)
	at org.apache.ratis.grpc.client.GrpcClientProtocolClient$AsyncStreamObservers$1.onError(GrpcClientProtocolClient.java:334)
	at org.apache.ratis.thirdparty.io.grpc.stub.ClientCalls$StreamObserverToCallListenerAdapter.onClose(ClientCalls.java:564)
	at org.apache.ratis.thirdparty.io.grpc.PartialForwardingClientCallListener.onClose(PartialForwardingClientCallListener.java:39)
	at org.apache.ratis.thirdparty.io.grpc.ForwardingClientCallListener.onClose(ForwardingClientCallListener.java:23)
	at org.apache.ratis.grpc.metrics.intercept.client.MetricClientCallListener.onClose(MetricClientCallListener.java:47)
	at org.apache.ratis.thirdparty.io.grpc.internal.ClientCallImpl.closeObserver(ClientCallImpl.java:565)
	at org.apache.ratis.thirdparty.io.grpc.internal.ClientCallImpl.access$100(ClientCallImpl.java:72)
	at org.apache.ratis.thirdparty.io.grpc.internal.ClientCallImpl$ClientStreamListenerImpl$1StreamClosed.runInternal(ClientCallImpl.java:733)
	at org.apache.ratis.thirdparty.io.grpc.internal.ClientCallImpl$ClientStreamListenerImpl$1StreamClosed.runInContext(ClientCallImpl.java:714)
	at org.apache.ratis.thirdparty.io.grpc.internal.ContextRunnable.run(ContextRunnable.java:37)
	at org.apache.ratis.thirdparty.io.grpc.internal.SerializingExecutor.run(SerializingExecutor.java:133)
	at java.base/java.util.concurrent.ThreadPoolExecutor.runWorker(ThreadPoolExecutor.java:1144)
	at java.base/java.util.concurrent.ThreadPoolExecutor$Worker.run(ThreadPoolExecutor.java:642)
	at java.base/java.lang.Thread.run(Thread.java:1583)
Caused by: java.io.IOException: org.apache.ratis.thirdparty.io.grpc.StatusRuntimeException: UNAVAILABLE: io exception
	at org.apache.ratis.grpc.GrpcUtil.unwrapException(GrpcUtil.java:99)
	at org.apache.ratis.grpc.GrpcUtil.unwrapIOException(GrpcUtil.java:159)
	at org.apache.ratis.grpc.client.GrpcClientProtocolClient$AsyncStreamObservers$1.onError(GrpcClientProtocolClient.java:333)
	... 13 more
Caused by: org.apache.ratis.thirdparty.io.grpc.StatusRuntimeException: UNAVAILABLE: io exception
	at org.apache.ratis.thirdparty.io.grpc.Status.asRuntimeException(Status.java:532)
	... 13 more
Caused by: org.apache.ratis.thirdparty.io.netty.channel.AbstractChannel$AnnotatedConnectException: finishConnect(..) failed: Connection refused: /127.0.0.1:15021
Caused by: java.net.ConnectException: finishConnect(..) failed: Connection refused
	at org.apache.ratis.thirdparty.io.netty.channel.unix.Errors.newConnectException0(Errors.java:166)
	at org.apache.ratis.thirdparty.io.netty.channel.unix.Errors.handleConnectErrno(Errors.java:131)
	at org.apache.ratis.thirdparty.io.netty.channel.unix.Socket.finishConnect(Socket.java:359)
	at org.apache.ratis.thirdparty.io.netty.channel.epoll.AbstractEpollChannel$AbstractEpollUnsafe.doFinishConnect(AbstractEpollChannel.java:715)
	at org.apache.ratis.thirdparty.io.netty.channel.epoll.AbstractEpollChannel$AbstractEpollUnsafe.finishConnect(AbstractEpollChannel.java:692)
	at org.apache.ratis.thirdparty.io.netty.channel.epoll.AbstractEpollChannel$AbstractEpollUnsafe.epollOutReady(AbstractEpollChannel.java:567)
	at org.apache.ratis.thirdparty.io.netty.channel.epoll.EpollEventLoop.processReady(EpollEventLoop.java:491)
	at org.apache.ratis.thirdparty.io.netty.channel.epoll.EpollEventLoop.run(EpollEventLoop.java:399)
	at org.apache.ratis.thirdparty.io.netty.util.concurrent.SingleThreadEventExecutor$4.run(SingleThreadEventExecutor.java:998)
	at org.apache.ratis.thirdparty.io.netty.util.internal.ThreadExecutorMap$2.run(ThreadExecutorMap.java:74)
	at org.apache.ratis.thirdparty.io.netty.util.concurrent.FastThreadLocalRunnable.run(FastThreadLocalRunnable.java:30)
	at java.base/java.lang.Thread.run(Thread.java:1583)
2025-09-19 20:45:00,297 [8eb9963e-bce0-4155-aea2-e442cadff8bd@group-715EBF8096A7-FollowerState] INFO  impl.FollowerState (FollowerState.java:runImpl(161)) - 8eb9963e-bce0-4155-aea2-e442cadff8bd@group-715EBF8096A7-FollowerState: change to CANDIDATE, lastRpcElapsedTime:1191258323ns, electionTimeout:1191ms
2025-09-19 20:45:00,297 [8eb9963e-bce0-4155-aea2-e442cadff8bd@group-715EBF8096A7-FollowerState] INFO  impl.RoleInfo (RoleInfo.java:shutdownFollowerState(121)) - 8eb9963e-bce0-4155-aea2-e442cadff8bd: shutdown 8eb9963e-bce0-4155-aea2-e442cadff8bd@group-715EBF8096A7-FollowerState
2025-09-19 20:45:00,297 [8eb9963e-bce0-4155-aea2-e442cadff8bd@group-715EBF8096A7-FollowerState] INFO  server.RaftServer$Division (RaftServerImpl.java:setRole(392)) - 8eb9963e-bce0-4155-aea2-e442cadff8bd@group-715EBF8096A7: changes role from  FOLLOWER to CANDIDATE at term 5 for changeToCandidate
2025-09-19 20:45:00,298 [8eb9963e-bce0-4155-aea2-e442cadff8bd@group-715EBF8096A7-FollowerState] INFO  impl.RoleInfo (RoleInfo.java:updateAndGet(148)) - 8eb9963e-bce0-4155-aea2-e442cadff8bd: start 8eb9963e-bce0-4155-aea2-e442cadff8bd@group-715EBF8096A7-LeaderElection175
2025-09-19 20:45:00,298 [8eb9963e-bce0-4155-aea2-e442cadff8bd@group-715EBF8096A7-LeaderElection175] INFO  impl.LeaderElection (LeaderElection.java:askForVotes(448)) - 8eb9963e-bce0-4155-aea2-e442cadff8bd@group-715EBF8096A7-LeaderElection175 PRE_VOTE round 0: submit vote requests at term 5 for conf: {index: 11, cur=peers:[b5a25cc1-46d3-4381-a194-bd68f4526f1c|127.0.0.1:15031, 0df1231c-9f8a-4757-a7d0-f6d7f53bc482|127.0.0.1:15023, 8eb9963e-bce0-4155-aea2-e442cadff8bd|127.0.0.1:15015]|listeners:[], old=null}
2025-09-19 20:45:00,298 [8eb9963e-bce0-4155-aea2-e442cadff8bd@group-715EBF8096A7-LeaderElection175] INFO  impl.LeaderElection (LogUtils.java:infoOrTrace(142)) - 8eb9963e-bce0-4155-aea2-e442cadff8bd@group-715EBF8096A7-LeaderElection175 got exception when requesting votes: java.util.concurrent.ExecutionException: org.apache.ratis.thirdparty.io.grpc.StatusRuntimeException: UNAVAILABLE: io exception
2025-09-19 20:45:00,298 [8eb9963e-bce0-4155-aea2-e442cadff8bd@group-715EBF8096A7-LeaderElection175] INFO  impl.LeaderElection (LogUtils.java:infoOrTrace(142)) - 8eb9963e-bce0-4155-aea2-e442cadff8bd@group-715EBF8096A7-LeaderElection175 got exception when requesting votes: java.util.concurrent.ExecutionException: org.apache.ratis.thirdparty.io.grpc.StatusRuntimeException: UNAVAILABLE: io exception
2025-09-19 20:45:00,298 [8eb9963e-bce0-4155-aea2-e442cadff8bd@group-715EBF8096A7-LeaderElection175] INFO  impl.LeaderElection (LeaderElection.java:logAndReturn(206)) - 8eb9963e-bce0-4155-aea2-e442cadff8bd@group-715EBF8096A7-LeaderElection175: PRE_VOTE REJECTED received 0 response(s) and 2 exception(s):
2025-09-19 20:45:00,298 [8eb9963e-bce0-4155-aea2-e442cadff8bd@group-715EBF8096A7-LeaderElection175] INFO  impl.LeaderElection (LogUtils.java:infoOrTrace(142)) -   Exception 0: java.util.concurrent.ExecutionException: org.apache.ratis.thirdparty.io.grpc.StatusRuntimeException: UNAVAILABLE: io exception
2025-09-19 20:45:00,298 [8eb9963e-bce0-4155-aea2-e442cadff8bd@group-715EBF8096A7-LeaderElection175] INFO  impl.LeaderElection (LogUtils.java:infoOrTrace(142)) -   Exception 1: java.util.concurrent.ExecutionException: org.apache.ratis.thirdparty.io.grpc.StatusRuntimeException: UNAVAILABLE: io exception
2025-09-19 20:45:00,299 [8eb9963e-bce0-4155-aea2-e442cadff8bd@group-715EBF8096A7-LeaderElection175] INFO  impl.LeaderElection (LeaderElection.java:askForVotes(450)) - 8eb9963e-bce0-4155-aea2-e442cadff8bd@group-715EBF8096A7-LeaderElection175 PRE_VOTE round 0: result REJECTED
2025-09-19 20:45:00,299 [8eb9963e-bce0-4155-aea2-e442cadff8bd@group-715EBF8096A7-LeaderElection175] INFO  server.RaftServer$Division (RaftServerImpl.java:setRole(392)) - 8eb9963e-bce0-4155-aea2-e442cadff8bd@group-715EBF8096A7: changes role from CANDIDATE to FOLLOWER at term 5 for REJECTED
2025-09-19 20:45:00,299 [8eb9963e-bce0-4155-aea2-e442cadff8bd@group-715EBF8096A7-LeaderElection175] INFO  impl.RoleInfo (RoleInfo.java:shutdownLeaderElection(141)) - 8eb9963e-bce0-4155-aea2-e442cadff8bd: shutdown 8eb9963e-bce0-4155-aea2-e442cadff8bd@group-715EBF8096A7-LeaderElection175
2025-09-19 20:45:00,299 [8eb9963e-bce0-4155-aea2-e442cadff8bd@group-715EBF8096A7-LeaderElection175] INFO  impl.RoleInfo (RoleInfo.java:updateAndGet(148)) - 8eb9963e-bce0-4155-aea2-e442cadff8bd: start 8eb9963e-bce0-4155-aea2-e442cadff8bd@group-715EBF8096A7-FollowerState
2025-09-19 20:45:00,325 [8eb9963e-bce0-4155-aea2-e442cadff8bd@group-A751954341BD-FollowerState] INFO  impl.FollowerState (FollowerState.java:runImpl(161)) - 8eb9963e-bce0-4155-aea2-e442cadff8bd@group-A751954341BD-FollowerState: change to CANDIDATE, lastRpcElapsedTime:1199261679ns, electionTimeout:1199ms
2025-09-19 20:45:00,325 [8eb9963e-bce0-4155-aea2-e442cadff8bd@group-A751954341BD-FollowerState] INFO  impl.RoleInfo (RoleInfo.java:shutdownFollowerState(121)) - 8eb9963e-bce0-4155-aea2-e442cadff8bd: shutdown 8eb9963e-bce0-4155-aea2-e442cadff8bd@group-A751954341BD-FollowerState
2025-09-19 20:45:00,326 [8eb9963e-bce0-4155-aea2-e442cadff8bd@group-A751954341BD-FollowerState] INFO  server.RaftServer$Division (RaftServerImpl.java:setRole(392)) - 8eb9963e-bce0-4155-aea2-e442cadff8bd@group-A751954341BD: changes role from  FOLLOWER to CANDIDATE at term 2 for changeToCandidate
2025-09-19 20:45:00,326 [8eb9963e-bce0-4155-aea2-e442cadff8bd@group-A751954341BD-FollowerState] INFO  impl.RoleInfo (RoleInfo.java:updateAndGet(148)) - 8eb9963e-bce0-4155-aea2-e442cadff8bd: start 8eb9963e-bce0-4155-aea2-e442cadff8bd@group-A751954341BD-LeaderElection176
2025-09-19 20:45:00,326 [8eb9963e-bce0-4155-aea2-e442cadff8bd@group-A751954341BD-LeaderElection176] INFO  impl.LeaderElection (LeaderElection.java:askForVotes(448)) - 8eb9963e-bce0-4155-aea2-e442cadff8bd@group-A751954341BD-LeaderElection176 PRE_VOTE round 0: submit vote requests at term 2 for conf: {index: 1, cur=peers:[b5a25cc1-46d3-4381-a194-bd68f4526f1c|127.0.0.1:15031, 0df1231c-9f8a-4757-a7d0-f6d7f53bc482|127.0.0.1:15023, 8eb9963e-bce0-4155-aea2-e442cadff8bd|127.0.0.1:15015]|listeners:[], old=null}
2025-09-19 20:45:00,326 [8eb9963e-bce0-4155-aea2-e442cadff8bd@group-A751954341BD-LeaderElection176] INFO  impl.LeaderElection (LogUtils.java:infoOrTrace(142)) - 8eb9963e-bce0-4155-aea2-e442cadff8bd@group-A751954341BD-LeaderElection176 got exception when requesting votes: java.util.concurrent.ExecutionException: org.apache.ratis.thirdparty.io.grpc.StatusRuntimeException: UNAVAILABLE: io exception
2025-09-19 20:45:00,327 [8eb9963e-bce0-4155-aea2-e442cadff8bd@group-A751954341BD-LeaderElection176] INFO  impl.LeaderElection (LogUtils.java:infoOrTrace(142)) - 8eb9963e-bce0-4155-aea2-e442cadff8bd@group-A751954341BD-LeaderElection176 got exception when requesting votes: java.util.concurrent.ExecutionException: org.apache.ratis.thirdparty.io.grpc.StatusRuntimeException: UNAVAILABLE: io exception
2025-09-19 20:45:00,327 [8eb9963e-bce0-4155-aea2-e442cadff8bd@group-A751954341BD-LeaderElection176] INFO  impl.LeaderElection (LeaderElection.java:logAndReturn(206)) - 8eb9963e-bce0-4155-aea2-e442cadff8bd@group-A751954341BD-LeaderElection176: PRE_VOTE REJECTED received 0 response(s) and 2 exception(s):
2025-09-19 20:45:00,327 [8eb9963e-bce0-4155-aea2-e442cadff8bd@group-A751954341BD-LeaderElection176] INFO  impl.LeaderElection (LogUtils.java:infoOrTrace(142)) -   Exception 0: java.util.concurrent.ExecutionException: org.apache.ratis.thirdparty.io.grpc.StatusRuntimeException: UNAVAILABLE: io exception
2025-09-19 20:45:00,327 [8eb9963e-bce0-4155-aea2-e442cadff8bd@group-A751954341BD-LeaderElection176] INFO  impl.LeaderElection (LogUtils.java:infoOrTrace(142)) -   Exception 1: java.util.concurrent.ExecutionException: org.apache.ratis.thirdparty.io.grpc.StatusRuntimeException: UNAVAILABLE: io exception
2025-09-19 20:45:00,327 [8eb9963e-bce0-4155-aea2-e442cadff8bd@group-A751954341BD-LeaderElection176] INFO  impl.LeaderElection (LeaderElection.java:askForVotes(450)) - 8eb9963e-bce0-4155-aea2-e442cadff8bd@group-A751954341BD-LeaderElection176 PRE_VOTE round 0: result REJECTED
2025-09-19 20:45:00,327 [8eb9963e-bce0-4155-aea2-e442cadff8bd@group-A751954341BD-LeaderElection176] INFO  server.RaftServer$Division (RaftServerImpl.java:setRole(392)) - 8eb9963e-bce0-4155-aea2-e442cadff8bd@group-A751954341BD: changes role from CANDIDATE to FOLLOWER at term 2 for REJECTED
2025-09-19 20:45:00,327 [8eb9963e-bce0-4155-aea2-e442cadff8bd@group-A751954341BD-LeaderElection176] INFO  impl.RoleInfo (RoleInfo.java:shutdownLeaderElection(141)) - 8eb9963e-bce0-4155-aea2-e442cadff8bd: shutdown 8eb9963e-bce0-4155-aea2-e442cadff8bd@group-A751954341BD-LeaderElection176
2025-09-19 20:45:00,327 [8eb9963e-bce0-4155-aea2-e442cadff8bd@group-A751954341BD-LeaderElection176] INFO  impl.RoleInfo (RoleInfo.java:updateAndGet(148)) - 8eb9963e-bce0-4155-aea2-e442cadff8bd: start 8eb9963e-bce0-4155-aea2-e442cadff8bd@group-A751954341BD-FollowerState
2025-09-19 20:45:01,373 [8eb9963e-bce0-4155-aea2-e442cadff8bd@group-715EBF8096A7-FollowerState] INFO  impl.FollowerState (FollowerState.java:runImpl(161)) - 8eb9963e-bce0-4155-aea2-e442cadff8bd@group-715EBF8096A7-FollowerState: change to CANDIDATE, lastRpcElapsedTime:1074262463ns, electionTimeout:1074ms
2025-09-19 20:45:01,373 [8eb9963e-bce0-4155-aea2-e442cadff8bd@group-715EBF8096A7-FollowerState] INFO  impl.RoleInfo (RoleInfo.java:shutdownFollowerState(121)) - 8eb9963e-bce0-4155-aea2-e442cadff8bd: shutdown 8eb9963e-bce0-4155-aea2-e442cadff8bd@group-715EBF8096A7-FollowerState
2025-09-19 20:45:01,373 [8eb9963e-bce0-4155-aea2-e442cadff8bd@group-715EBF8096A7-FollowerState] INFO  server.RaftServer$Division (RaftServerImpl.java:setRole(392)) - 8eb9963e-bce0-4155-aea2-e442cadff8bd@group-715EBF8096A7: changes role from  FOLLOWER to CANDIDATE at term 5 for changeToCandidate
2025-09-19 20:45:01,373 [8eb9963e-bce0-4155-aea2-e442cadff8bd@group-715EBF8096A7-FollowerState] INFO  impl.RoleInfo (RoleInfo.java:updateAndGet(148)) - 8eb9963e-bce0-4155-aea2-e442cadff8bd: start 8eb9963e-bce0-4155-aea2-e442cadff8bd@group-715EBF8096A7-LeaderElection177
2025-09-19 20:45:01,374 [8eb9963e-bce0-4155-aea2-e442cadff8bd@group-715EBF8096A7-LeaderElection177] INFO  impl.LeaderElection (LeaderElection.java:askForVotes(448)) - 8eb9963e-bce0-4155-aea2-e442cadff8bd@group-715EBF8096A7-LeaderElection177 PRE_VOTE round 0: submit vote requests at term 5 for conf: {index: 11, cur=peers:[b5a25cc1-46d3-4381-a194-bd68f4526f1c|127.0.0.1:15031, 0df1231c-9f8a-4757-a7d0-f6d7f53bc482|127.0.0.1:15023, 8eb9963e-bce0-4155-aea2-e442cadff8bd|127.0.0.1:15015]|listeners:[], old=null}
2025-09-19 20:45:01,374 [8eb9963e-bce0-4155-aea2-e442cadff8bd@group-715EBF8096A7-LeaderElection177] INFO  impl.LeaderElection (LogUtils.java:infoOrTrace(142)) - 8eb9963e-bce0-4155-aea2-e442cadff8bd@group-715EBF8096A7-LeaderElection177 got exception when requesting votes: java.util.concurrent.ExecutionException: org.apache.ratis.thirdparty.io.grpc.StatusRuntimeException: UNAVAILABLE: io exception
2025-09-19 20:45:01,374 [8eb9963e-bce0-4155-aea2-e442cadff8bd@group-715EBF8096A7-LeaderElection177] INFO  impl.LeaderElection (LogUtils.java:infoOrTrace(142)) - 8eb9963e-bce0-4155-aea2-e442cadff8bd@group-715EBF8096A7-LeaderElection177 got exception when requesting votes: java.util.concurrent.ExecutionException: org.apache.ratis.thirdparty.io.grpc.StatusRuntimeException: UNAVAILABLE: io exception
2025-09-19 20:45:01,374 [8eb9963e-bce0-4155-aea2-e442cadff8bd@group-715EBF8096A7-LeaderElection177] INFO  impl.LeaderElection (LeaderElection.java:logAndReturn(206)) - 8eb9963e-bce0-4155-aea2-e442cadff8bd@group-715EBF8096A7-LeaderElection177: PRE_VOTE REJECTED received 0 response(s) and 2 exception(s):
2025-09-19 20:45:01,375 [8eb9963e-bce0-4155-aea2-e442cadff8bd@group-715EBF8096A7-LeaderElection177] INFO  impl.LeaderElection (LogUtils.java:infoOrTrace(142)) -   Exception 0: java.util.concurrent.ExecutionException: org.apache.ratis.thirdparty.io.grpc.StatusRuntimeException: UNAVAILABLE: io exception
2025-09-19 20:45:01,375 [8eb9963e-bce0-4155-aea2-e442cadff8bd@group-715EBF8096A7-LeaderElection177] INFO  impl.LeaderElection (LogUtils.java:infoOrTrace(142)) -   Exception 1: java.util.concurrent.ExecutionException: org.apache.ratis.thirdparty.io.grpc.StatusRuntimeException: UNAVAILABLE: io exception
2025-09-19 20:45:01,375 [8eb9963e-bce0-4155-aea2-e442cadff8bd@group-715EBF8096A7-LeaderElection177] INFO  impl.LeaderElection (LeaderElection.java:askForVotes(450)) - 8eb9963e-bce0-4155-aea2-e442cadff8bd@group-715EBF8096A7-LeaderElection177 PRE_VOTE round 0: result REJECTED
2025-09-19 20:45:01,375 [8eb9963e-bce0-4155-aea2-e442cadff8bd@group-715EBF8096A7-LeaderElection177] INFO  server.RaftServer$Division (RaftServerImpl.java:setRole(392)) - 8eb9963e-bce0-4155-aea2-e442cadff8bd@group-715EBF8096A7: changes role from CANDIDATE to FOLLOWER at term 5 for REJECTED
2025-09-19 20:45:01,375 [8eb9963e-bce0-4155-aea2-e442cadff8bd@group-715EBF8096A7-LeaderElection177] INFO  impl.RoleInfo (RoleInfo.java:shutdownLeaderElection(141)) - 8eb9963e-bce0-4155-aea2-e442cadff8bd: shutdown 8eb9963e-bce0-4155-aea2-e442cadff8bd@group-715EBF8096A7-LeaderElection177
2025-09-19 20:45:01,375 [8eb9963e-bce0-4155-aea2-e442cadff8bd@group-715EBF8096A7-LeaderElection177] INFO  impl.RoleInfo (RoleInfo.java:updateAndGet(148)) - 8eb9963e-bce0-4155-aea2-e442cadff8bd: start 8eb9963e-bce0-4155-aea2-e442cadff8bd@group-715EBF8096A7-FollowerState
2025-09-19 20:45:01,418 [8eb9963e-bce0-4155-aea2-e442cadff8bd@group-A751954341BD-FollowerState] INFO  impl.FollowerState (FollowerState.java:runImpl(161)) - 8eb9963e-bce0-4155-aea2-e442cadff8bd@group-A751954341BD-FollowerState: change to CANDIDATE, lastRpcElapsedTime:1091355306ns, electionTimeout:1091ms
2025-09-19 20:45:01,418 [8eb9963e-bce0-4155-aea2-e442cadff8bd@group-A751954341BD-FollowerState] INFO  impl.RoleInfo (RoleInfo.java:shutdownFollowerState(121)) - 8eb9963e-bce0-4155-aea2-e442cadff8bd: shutdown 8eb9963e-bce0-4155-aea2-e442cadff8bd@group-A751954341BD-FollowerState
2025-09-19 20:45:01,418 [8eb9963e-bce0-4155-aea2-e442cadff8bd@group-A751954341BD-FollowerState] INFO  server.RaftServer$Division (RaftServerImpl.java:setRole(392)) - 8eb9963e-bce0-4155-aea2-e442cadff8bd@group-A751954341BD: changes role from  FOLLOWER to CANDIDATE at term 2 for changeToCandidate
2025-09-19 20:45:01,419 [8eb9963e-bce0-4155-aea2-e442cadff8bd@group-A751954341BD-FollowerState] INFO  impl.RoleInfo (RoleInfo.java:updateAndGet(148)) - 8eb9963e-bce0-4155-aea2-e442cadff8bd: start 8eb9963e-bce0-4155-aea2-e442cadff8bd@group-A751954341BD-LeaderElection178
2025-09-19 20:45:01,419 [8eb9963e-bce0-4155-aea2-e442cadff8bd@group-A751954341BD-LeaderElection178] INFO  impl.LeaderElection (LeaderElection.java:askForVotes(448)) - 8eb9963e-bce0-4155-aea2-e442cadff8bd@group-A751954341BD-LeaderElection178 PRE_VOTE round 0: submit vote requests at term 2 for conf: {index: 1, cur=peers:[b5a25cc1-46d3-4381-a194-bd68f4526f1c|127.0.0.1:15031, 0df1231c-9f8a-4757-a7d0-f6d7f53bc482|127.0.0.1:15023, 8eb9963e-bce0-4155-aea2-e442cadff8bd|127.0.0.1:15015]|listeners:[], old=null}
2025-09-19 20:45:01,419 [8eb9963e-bce0-4155-aea2-e442cadff8bd@group-A751954341BD-LeaderElection178] INFO  impl.LeaderElection (LogUtils.java:infoOrTrace(142)) - 8eb9963e-bce0-4155-aea2-e442cadff8bd@group-A751954341BD-LeaderElection178 got exception when requesting votes: java.util.concurrent.ExecutionException: org.apache.ratis.thirdparty.io.grpc.StatusRuntimeException: UNAVAILABLE: io exception
2025-09-19 20:45:01,419 [8eb9963e-bce0-4155-aea2-e442cadff8bd@group-A751954341BD-LeaderElection178] INFO  impl.LeaderElection (LogUtils.java:infoOrTrace(142)) - 8eb9963e-bce0-4155-aea2-e442cadff8bd@group-A751954341BD-LeaderElection178 got exception when requesting votes: java.util.concurrent.ExecutionException: org.apache.ratis.thirdparty.io.grpc.StatusRuntimeException: UNAVAILABLE: io exception
2025-09-19 20:45:01,419 [8eb9963e-bce0-4155-aea2-e442cadff8bd@group-A751954341BD-LeaderElection178] INFO  impl.LeaderElection (LeaderElection.java:logAndReturn(206)) - 8eb9963e-bce0-4155-aea2-e442cadff8bd@group-A751954341BD-LeaderElection178: PRE_VOTE REJECTED received 0 response(s) and 2 exception(s):
2025-09-19 20:45:01,419 [8eb9963e-bce0-4155-aea2-e442cadff8bd@group-A751954341BD-LeaderElection178] INFO  impl.LeaderElection (LogUtils.java:infoOrTrace(142)) -   Exception 0: java.util.concurrent.ExecutionException: org.apache.ratis.thirdparty.io.grpc.StatusRuntimeException: UNAVAILABLE: io exception
2025-09-19 20:45:01,419 [8eb9963e-bce0-4155-aea2-e442cadff8bd@group-A751954341BD-LeaderElection178] INFO  impl.LeaderElection (LogUtils.java:infoOrTrace(142)) -   Exception 1: java.util.concurrent.ExecutionException: org.apache.ratis.thirdparty.io.grpc.StatusRuntimeException: UNAVAILABLE: io exception
2025-09-19 20:45:01,420 [8eb9963e-bce0-4155-aea2-e442cadff8bd@group-A751954341BD-LeaderElection178] INFO  impl.LeaderElection (LeaderElection.java:askForVotes(450)) - 8eb9963e-bce0-4155-aea2-e442cadff8bd@group-A751954341BD-LeaderElection178 PRE_VOTE round 0: result REJECTED
2025-09-19 20:45:01,420 [8eb9963e-bce0-4155-aea2-e442cadff8bd@group-A751954341BD-LeaderElection178] INFO  server.RaftServer$Division (RaftServerImpl.java:setRole(392)) - 8eb9963e-bce0-4155-aea2-e442cadff8bd@group-A751954341BD: changes role from CANDIDATE to FOLLOWER at term 2 for REJECTED
2025-09-19 20:45:01,420 [8eb9963e-bce0-4155-aea2-e442cadff8bd@group-A751954341BD-LeaderElection178] INFO  impl.RoleInfo (RoleInfo.java:shutdownLeaderElection(141)) - 8eb9963e-bce0-4155-aea2-e442cadff8bd: shutdown 8eb9963e-bce0-4155-aea2-e442cadff8bd@group-A751954341BD-LeaderElection178
2025-09-19 20:45:01,420 [8eb9963e-bce0-4155-aea2-e442cadff8bd@group-A751954341BD-LeaderElection178] INFO  impl.RoleInfo (RoleInfo.java:updateAndGet(148)) - 8eb9963e-bce0-4155-aea2-e442cadff8bd: start 8eb9963e-bce0-4155-aea2-e442cadff8bd@group-A751954341BD-FollowerState
2025-09-19 20:45:01,581 [7c85452d-535d-4afd-8ce9-637c7af67bb0-server-thread1] INFO  server.RaftServer$Division (RaftServerImpl.java:takeSnapshotAsync(1241)) - 7c85452d-535d-4afd-8ce9-637c7af67bb0@group-28A5E13E86EF: takeSnapshotAsync SnapshotManagementRequest:client-18FFC4F098A1->7c85452d-535d-4afd-8ce9-637c7af67bb0@group-28A5E13E86EF, cid=43, seq=null, RO, null, Create:
2025-09-19 20:45:01,581 [7c85452d-535d-4afd-8ce9-637c7af67bb0-server-thread1] INFO  server.RaftServerConfigKeys (ConfUtils.java:logGet(62)) - raft.server.snapshot.creation.gap = 1024 (default)
2025-09-19 20:45:02,525 [8eb9963e-bce0-4155-aea2-e442cadff8bd@group-A751954341BD-FollowerState] INFO  impl.FollowerState (FollowerState.java:runImpl(161)) - 8eb9963e-bce0-4155-aea2-e442cadff8bd@group-A751954341BD-FollowerState: change to CANDIDATE, lastRpcElapsedTime:1105320735ns, electionTimeout:1105ms
2025-09-19 20:45:02,525 [8eb9963e-bce0-4155-aea2-e442cadff8bd@group-A751954341BD-FollowerState] INFO  impl.RoleInfo (RoleInfo.java:shutdownFollowerState(121)) - 8eb9963e-bce0-4155-aea2-e442cadff8bd: shutdown 8eb9963e-bce0-4155-aea2-e442cadff8bd@group-A751954341BD-FollowerState
2025-09-19 20:45:02,525 [8eb9963e-bce0-4155-aea2-e442cadff8bd@group-A751954341BD-FollowerState] INFO  server.RaftServer$Division (RaftServerImpl.java:setRole(392)) - 8eb9963e-bce0-4155-aea2-e442cadff8bd@group-A751954341BD: changes role from  FOLLOWER to CANDIDATE at term 2 for changeToCandidate
2025-09-19 20:45:02,525 [8eb9963e-bce0-4155-aea2-e442cadff8bd@group-A751954341BD-FollowerState] INFO  impl.RoleInfo (RoleInfo.java:updateAndGet(148)) - 8eb9963e-bce0-4155-aea2-e442cadff8bd: start 8eb9963e-bce0-4155-aea2-e442cadff8bd@group-A751954341BD-LeaderElection179
2025-09-19 20:45:02,526 [8eb9963e-bce0-4155-aea2-e442cadff8bd@group-A751954341BD-LeaderElection179] INFO  impl.LeaderElection (LeaderElection.java:askForVotes(448)) - 8eb9963e-bce0-4155-aea2-e442cadff8bd@group-A751954341BD-LeaderElection179 PRE_VOTE round 0: submit vote requests at term 2 for conf: {index: 1, cur=peers:[b5a25cc1-46d3-4381-a194-bd68f4526f1c|127.0.0.1:15031, 0df1231c-9f8a-4757-a7d0-f6d7f53bc482|127.0.0.1:15023, 8eb9963e-bce0-4155-aea2-e442cadff8bd|127.0.0.1:15015]|listeners:[], old=null}
2025-09-19 20:45:02,526 [8eb9963e-bce0-4155-aea2-e442cadff8bd@group-A751954341BD-LeaderElection179] INFO  impl.LeaderElection (LogUtils.java:infoOrTrace(142)) - 8eb9963e-bce0-4155-aea2-e442cadff8bd@group-A751954341BD-LeaderElection179 got exception when requesting votes: java.util.concurrent.ExecutionException: org.apache.ratis.thirdparty.io.grpc.StatusRuntimeException: UNAVAILABLE: io exception
2025-09-19 20:45:02,527 [8eb9963e-bce0-4155-aea2-e442cadff8bd@group-A751954341BD-LeaderElection179] INFO  impl.LeaderElection (LogUtils.java:infoOrTrace(142)) - 8eb9963e-bce0-4155-aea2-e442cadff8bd@group-A751954341BD-LeaderElection179 got exception when requesting votes: java.util.concurrent.ExecutionException: org.apache.ratis.thirdparty.io.grpc.StatusRuntimeException: UNAVAILABLE: io exception
2025-09-19 20:45:02,527 [8eb9963e-bce0-4155-aea2-e442cadff8bd@group-A751954341BD-LeaderElection179] INFO  impl.LeaderElection (LeaderElection.java:logAndReturn(206)) - 8eb9963e-bce0-4155-aea2-e442cadff8bd@group-A751954341BD-LeaderElection179: PRE_VOTE REJECTED received 0 response(s) and 2 exception(s):
2025-09-19 20:45:02,527 [8eb9963e-bce0-4155-aea2-e442cadff8bd@group-A751954341BD-LeaderElection179] INFO  impl.LeaderElection (LogUtils.java:infoOrTrace(142)) -   Exception 0: java.util.concurrent.ExecutionException: org.apache.ratis.thirdparty.io.grpc.StatusRuntimeException: UNAVAILABLE: io exception
2025-09-19 20:45:02,527 [8eb9963e-bce0-4155-aea2-e442cadff8bd@group-A751954341BD-LeaderElection179] INFO  impl.LeaderElection (LogUtils.java:infoOrTrace(142)) -   Exception 1: java.util.concurrent.ExecutionException: org.apache.ratis.thirdparty.io.grpc.StatusRuntimeException: UNAVAILABLE: io exception
2025-09-19 20:45:02,527 [8eb9963e-bce0-4155-aea2-e442cadff8bd@group-A751954341BD-LeaderElection179] INFO  impl.LeaderElection (LeaderElection.java:askForVotes(450)) - 8eb9963e-bce0-4155-aea2-e442cadff8bd@group-A751954341BD-LeaderElection179 PRE_VOTE round 0: result REJECTED
2025-09-19 20:45:02,527 [8eb9963e-bce0-4155-aea2-e442cadff8bd@group-A751954341BD-LeaderElection179] INFO  server.RaftServer$Division (RaftServerImpl.java:setRole(392)) - 8eb9963e-bce0-4155-aea2-e442cadff8bd@group-A751954341BD: changes role from CANDIDATE to FOLLOWER at term 2 for REJECTED
2025-09-19 20:45:02,527 [8eb9963e-bce0-4155-aea2-e442cadff8bd@group-A751954341BD-LeaderElection179] INFO  impl.RoleInfo (RoleInfo.java:shutdownLeaderElection(141)) - 8eb9963e-bce0-4155-aea2-e442cadff8bd: shutdown 8eb9963e-bce0-4155-aea2-e442cadff8bd@group-A751954341BD-LeaderElection179
2025-09-19 20:45:02,527 [8eb9963e-bce0-4155-aea2-e442cadff8bd@group-A751954341BD-LeaderElection179] INFO  impl.RoleInfo (RoleInfo.java:updateAndGet(148)) - 8eb9963e-bce0-4155-aea2-e442cadff8bd: start 8eb9963e-bce0-4155-aea2-e442cadff8bd@group-A751954341BD-FollowerState
2025-09-19 20:45:02,569 [8eb9963e-bce0-4155-aea2-e442cadff8bd@group-715EBF8096A7-FollowerState] INFO  impl.FollowerState (FollowerState.java:runImpl(161)) - 8eb9963e-bce0-4155-aea2-e442cadff8bd@group-715EBF8096A7-FollowerState: change to CANDIDATE, lastRpcElapsedTime:1194332336ns, electionTimeout:1194ms
2025-09-19 20:45:02,569 [8eb9963e-bce0-4155-aea2-e442cadff8bd@group-715EBF8096A7-FollowerState] INFO  impl.RoleInfo (RoleInfo.java:shutdownFollowerState(121)) - 8eb9963e-bce0-4155-aea2-e442cadff8bd: shutdown 8eb9963e-bce0-4155-aea2-e442cadff8bd@group-715EBF8096A7-FollowerState
2025-09-19 20:45:02,569 [8eb9963e-bce0-4155-aea2-e442cadff8bd@group-715EBF8096A7-FollowerState] INFO  server.RaftServer$Division (RaftServerImpl.java:setRole(392)) - 8eb9963e-bce0-4155-aea2-e442cadff8bd@group-715EBF8096A7: changes role from  FOLLOWER to CANDIDATE at term 5 for changeToCandidate
2025-09-19 20:45:02,569 [8eb9963e-bce0-4155-aea2-e442cadff8bd@group-715EBF8096A7-FollowerState] INFO  impl.RoleInfo (RoleInfo.java:updateAndGet(148)) - 8eb9963e-bce0-4155-aea2-e442cadff8bd: start 8eb9963e-bce0-4155-aea2-e442cadff8bd@group-715EBF8096A7-LeaderElection180
2025-09-19 20:45:02,569 [8eb9963e-bce0-4155-aea2-e442cadff8bd@group-715EBF8096A7-LeaderElection180] INFO  impl.LeaderElection (LeaderElection.java:askForVotes(448)) - 8eb9963e-bce0-4155-aea2-e442cadff8bd@group-715EBF8096A7-LeaderElection180 PRE_VOTE round 0: submit vote requests at term 5 for conf: {index: 11, cur=peers:[b5a25cc1-46d3-4381-a194-bd68f4526f1c|127.0.0.1:15031, 0df1231c-9f8a-4757-a7d0-f6d7f53bc482|127.0.0.1:15023, 8eb9963e-bce0-4155-aea2-e442cadff8bd|127.0.0.1:15015]|listeners:[], old=null}
2025-09-19 20:45:02,570 [8eb9963e-bce0-4155-aea2-e442cadff8bd@group-715EBF8096A7-LeaderElection180] INFO  impl.LeaderElection (LogUtils.java:infoOrTrace(142)) - 8eb9963e-bce0-4155-aea2-e442cadff8bd@group-715EBF8096A7-LeaderElection180 got exception when requesting votes: java.util.concurrent.ExecutionException: org.apache.ratis.thirdparty.io.grpc.StatusRuntimeException: UNAVAILABLE: io exception
2025-09-19 20:45:02,570 [8eb9963e-bce0-4155-aea2-e442cadff8bd@group-715EBF8096A7-LeaderElection180] INFO  impl.LeaderElection (LogUtils.java:infoOrTrace(142)) - 8eb9963e-bce0-4155-aea2-e442cadff8bd@group-715EBF8096A7-LeaderElection180 got exception when requesting votes: java.util.concurrent.ExecutionException: org.apache.ratis.thirdparty.io.grpc.StatusRuntimeException: UNAVAILABLE: io exception
2025-09-19 20:45:02,570 [8eb9963e-bce0-4155-aea2-e442cadff8bd@group-715EBF8096A7-LeaderElection180] INFO  impl.LeaderElection (LeaderElection.java:logAndReturn(206)) - 8eb9963e-bce0-4155-aea2-e442cadff8bd@group-715EBF8096A7-LeaderElection180: PRE_VOTE REJECTED received 0 response(s) and 2 exception(s):
2025-09-19 20:45:02,570 [8eb9963e-bce0-4155-aea2-e442cadff8bd@group-715EBF8096A7-LeaderElection180] INFO  impl.LeaderElection (LogUtils.java:infoOrTrace(142)) -   Exception 0: java.util.concurrent.ExecutionException: org.apache.ratis.thirdparty.io.grpc.StatusRuntimeException: UNAVAILABLE: io exception
2025-09-19 20:45:02,570 [8eb9963e-bce0-4155-aea2-e442cadff8bd@group-715EBF8096A7-LeaderElection180] INFO  impl.LeaderElection (LogUtils.java:infoOrTrace(142)) -   Exception 1: java.util.concurrent.ExecutionException: org.apache.ratis.thirdparty.io.grpc.StatusRuntimeException: UNAVAILABLE: io exception
2025-09-19 20:45:02,570 [8eb9963e-bce0-4155-aea2-e442cadff8bd@group-715EBF8096A7-LeaderElection180] INFO  impl.LeaderElection (LeaderElection.java:askForVotes(450)) - 8eb9963e-bce0-4155-aea2-e442cadff8bd@group-715EBF8096A7-LeaderElection180 PRE_VOTE round 0: result REJECTED
2025-09-19 20:45:02,570 [8eb9963e-bce0-4155-aea2-e442cadff8bd@group-715EBF8096A7-LeaderElection180] INFO  server.RaftServer$Division (RaftServerImpl.java:setRole(392)) - 8eb9963e-bce0-4155-aea2-e442cadff8bd@group-715EBF8096A7: changes role from CANDIDATE to FOLLOWER at term 5 for REJECTED
2025-09-19 20:45:02,570 [8eb9963e-bce0-4155-aea2-e442cadff8bd@group-715EBF8096A7-LeaderElection180] INFO  impl.RoleInfo (RoleInfo.java:shutdownLeaderElection(141)) - 8eb9963e-bce0-4155-aea2-e442cadff8bd: shutdown 8eb9963e-bce0-4155-aea2-e442cadff8bd@group-715EBF8096A7-LeaderElection180
2025-09-19 20:45:02,570 [8eb9963e-bce0-4155-aea2-e442cadff8bd@group-715EBF8096A7-LeaderElection180] INFO  impl.RoleInfo (RoleInfo.java:updateAndGet(148)) - 8eb9963e-bce0-4155-aea2-e442cadff8bd: start 8eb9963e-bce0-4155-aea2-e442cadff8bd@group-715EBF8096A7-FollowerState
2025-09-19 20:45:03,691 [8eb9963e-bce0-4155-aea2-e442cadff8bd@group-A751954341BD-FollowerState] INFO  impl.FollowerState (FollowerState.java:runImpl(161)) - 8eb9963e-bce0-4155-aea2-e442cadff8bd@group-A751954341BD-FollowerState: change to CANDIDATE, lastRpcElapsedTime:1164409524ns, electionTimeout:1164ms
2025-09-19 20:45:03,691 [8eb9963e-bce0-4155-aea2-e442cadff8bd@group-A751954341BD-FollowerState] INFO  impl.RoleInfo (RoleInfo.java:shutdownFollowerState(121)) - 8eb9963e-bce0-4155-aea2-e442cadff8bd: shutdown 8eb9963e-bce0-4155-aea2-e442cadff8bd@group-A751954341BD-FollowerState
2025-09-19 20:45:03,691 [8eb9963e-bce0-4155-aea2-e442cadff8bd@group-A751954341BD-FollowerState] INFO  server.RaftServer$Division (RaftServerImpl.java:setRole(392)) - 8eb9963e-bce0-4155-aea2-e442cadff8bd@group-A751954341BD: changes role from  FOLLOWER to CANDIDATE at term 2 for changeToCandidate
2025-09-19 20:45:03,692 [8eb9963e-bce0-4155-aea2-e442cadff8bd@group-A751954341BD-FollowerState] INFO  impl.RoleInfo (RoleInfo.java:updateAndGet(148)) - 8eb9963e-bce0-4155-aea2-e442cadff8bd: start 8eb9963e-bce0-4155-aea2-e442cadff8bd@group-A751954341BD-LeaderElection181
2025-09-19 20:45:03,692 [8eb9963e-bce0-4155-aea2-e442cadff8bd@group-A751954341BD-LeaderElection181] INFO  impl.LeaderElection (LeaderElection.java:askForVotes(448)) - 8eb9963e-bce0-4155-aea2-e442cadff8bd@group-A751954341BD-LeaderElection181 PRE_VOTE round 0: submit vote requests at term 2 for conf: {index: 1, cur=peers:[b5a25cc1-46d3-4381-a194-bd68f4526f1c|127.0.0.1:15031, 0df1231c-9f8a-4757-a7d0-f6d7f53bc482|127.0.0.1:15023, 8eb9963e-bce0-4155-aea2-e442cadff8bd|127.0.0.1:15015]|listeners:[], old=null}
2025-09-19 20:45:03,692 [8eb9963e-bce0-4155-aea2-e442cadff8bd@group-A751954341BD-LeaderElection181] INFO  impl.LeaderElection (LogUtils.java:infoOrTrace(142)) - 8eb9963e-bce0-4155-aea2-e442cadff8bd@group-A751954341BD-LeaderElection181 got exception when requesting votes: java.util.concurrent.ExecutionException: org.apache.ratis.thirdparty.io.grpc.StatusRuntimeException: UNAVAILABLE: io exception
2025-09-19 20:45:03,692 [8eb9963e-bce0-4155-aea2-e442cadff8bd@group-A751954341BD-LeaderElection181] INFO  impl.LeaderElection (LogUtils.java:infoOrTrace(142)) - 8eb9963e-bce0-4155-aea2-e442cadff8bd@group-A751954341BD-LeaderElection181 got exception when requesting votes: java.util.concurrent.ExecutionException: org.apache.ratis.thirdparty.io.grpc.StatusRuntimeException: UNAVAILABLE: io exception
2025-09-19 20:45:03,692 [8eb9963e-bce0-4155-aea2-e442cadff8bd@group-A751954341BD-LeaderElection181] INFO  impl.LeaderElection (LeaderElection.java:logAndReturn(206)) - 8eb9963e-bce0-4155-aea2-e442cadff8bd@group-A751954341BD-LeaderElection181: PRE_VOTE REJECTED received 0 response(s) and 2 exception(s):
2025-09-19 20:45:03,692 [8eb9963e-bce0-4155-aea2-e442cadff8bd@group-A751954341BD-LeaderElection181] INFO  impl.LeaderElection (LogUtils.java:infoOrTrace(142)) -   Exception 0: java.util.concurrent.ExecutionException: org.apache.ratis.thirdparty.io.grpc.StatusRuntimeException: UNAVAILABLE: io exception
2025-09-19 20:45:03,692 [8eb9963e-bce0-4155-aea2-e442cadff8bd@group-A751954341BD-LeaderElection181] INFO  impl.LeaderElection (LogUtils.java:infoOrTrace(142)) -   Exception 1: java.util.concurrent.ExecutionException: org.apache.ratis.thirdparty.io.grpc.StatusRuntimeException: UNAVAILABLE: io exception
2025-09-19 20:45:03,693 [8eb9963e-bce0-4155-aea2-e442cadff8bd@group-A751954341BD-LeaderElection181] INFO  impl.LeaderElection (LeaderElection.java:askForVotes(450)) - 8eb9963e-bce0-4155-aea2-e442cadff8bd@group-A751954341BD-LeaderElection181 PRE_VOTE round 0: result REJECTED
2025-09-19 20:45:03,693 [8eb9963e-bce0-4155-aea2-e442cadff8bd@group-A751954341BD-LeaderElection181] INFO  server.RaftServer$Division (RaftServerImpl.java:setRole(392)) - 8eb9963e-bce0-4155-aea2-e442cadff8bd@group-A751954341BD: changes role from CANDIDATE to FOLLOWER at term 2 for REJECTED
2025-09-19 20:45:03,693 [8eb9963e-bce0-4155-aea2-e442cadff8bd@group-A751954341BD-LeaderElection181] INFO  impl.RoleInfo (RoleInfo.java:shutdownLeaderElection(141)) - 8eb9963e-bce0-4155-aea2-e442cadff8bd: shutdown 8eb9963e-bce0-4155-aea2-e442cadff8bd@group-A751954341BD-LeaderElection181
2025-09-19 20:45:03,693 [8eb9963e-bce0-4155-aea2-e442cadff8bd@group-A751954341BD-LeaderElection181] INFO  impl.RoleInfo (RoleInfo.java:updateAndGet(148)) - 8eb9963e-bce0-4155-aea2-e442cadff8bd: start 8eb9963e-bce0-4155-aea2-e442cadff8bd@group-A751954341BD-FollowerState
2025-09-19 20:45:03,703 [8eb9963e-bce0-4155-aea2-e442cadff8bd@group-715EBF8096A7-FollowerState] INFO  impl.FollowerState (FollowerState.java:runImpl(161)) - 8eb9963e-bce0-4155-aea2-e442cadff8bd@group-715EBF8096A7-FollowerState: change to CANDIDATE, lastRpcElapsedTime:1133254157ns, electionTimeout:1133ms
2025-09-19 20:45:03,704 [8eb9963e-bce0-4155-aea2-e442cadff8bd@group-715EBF8096A7-FollowerState] INFO  impl.RoleInfo (RoleInfo.java:shutdownFollowerState(121)) - 8eb9963e-bce0-4155-aea2-e442cadff8bd: shutdown 8eb9963e-bce0-4155-aea2-e442cadff8bd@group-715EBF8096A7-FollowerState
2025-09-19 20:45:03,704 [8eb9963e-bce0-4155-aea2-e442cadff8bd@group-715EBF8096A7-FollowerState] INFO  server.RaftServer$Division (RaftServerImpl.java:setRole(392)) - 8eb9963e-bce0-4155-aea2-e442cadff8bd@group-715EBF8096A7: changes role from  FOLLOWER to CANDIDATE at term 5 for changeToCandidate
2025-09-19 20:45:03,704 [8eb9963e-bce0-4155-aea2-e442cadff8bd@group-715EBF8096A7-FollowerState] INFO  impl.RoleInfo (RoleInfo.java:updateAndGet(148)) - 8eb9963e-bce0-4155-aea2-e442cadff8bd: start 8eb9963e-bce0-4155-aea2-e442cadff8bd@group-715EBF8096A7-LeaderElection182
2025-09-19 20:45:03,704 [8eb9963e-bce0-4155-aea2-e442cadff8bd@group-715EBF8096A7-LeaderElection182] INFO  impl.LeaderElection (LeaderElection.java:askForVotes(448)) - 8eb9963e-bce0-4155-aea2-e442cadff8bd@group-715EBF8096A7-LeaderElection182 PRE_VOTE round 0: submit vote requests at term 5 for conf: {index: 11, cur=peers:[b5a25cc1-46d3-4381-a194-bd68f4526f1c|127.0.0.1:15031, 0df1231c-9f8a-4757-a7d0-f6d7f53bc482|127.0.0.1:15023, 8eb9963e-bce0-4155-aea2-e442cadff8bd|127.0.0.1:15015]|listeners:[], old=null}
2025-09-19 20:45:03,704 [8eb9963e-bce0-4155-aea2-e442cadff8bd@group-715EBF8096A7-LeaderElection182] INFO  impl.LeaderElection (LogUtils.java:infoOrTrace(142)) - 8eb9963e-bce0-4155-aea2-e442cadff8bd@group-715EBF8096A7-LeaderElection182 got exception when requesting votes: java.util.concurrent.ExecutionException: org.apache.ratis.thirdparty.io.grpc.StatusRuntimeException: UNAVAILABLE: io exception
2025-09-19 20:45:03,704 [8eb9963e-bce0-4155-aea2-e442cadff8bd@group-715EBF8096A7-LeaderElection182] INFO  impl.LeaderElection (LogUtils.java:infoOrTrace(142)) - 8eb9963e-bce0-4155-aea2-e442cadff8bd@group-715EBF8096A7-LeaderElection182 got exception when requesting votes: java.util.concurrent.ExecutionException: org.apache.ratis.thirdparty.io.grpc.StatusRuntimeException: UNAVAILABLE: io exception
2025-09-19 20:45:03,704 [8eb9963e-bce0-4155-aea2-e442cadff8bd@group-715EBF8096A7-LeaderElection182] INFO  impl.LeaderElection (LeaderElection.java:logAndReturn(206)) - 8eb9963e-bce0-4155-aea2-e442cadff8bd@group-715EBF8096A7-LeaderElection182: PRE_VOTE REJECTED received 0 response(s) and 2 exception(s):
2025-09-19 20:45:03,704 [8eb9963e-bce0-4155-aea2-e442cadff8bd@group-715EBF8096A7-LeaderElection182] INFO  impl.LeaderElection (LogUtils.java:infoOrTrace(142)) -   Exception 0: java.util.concurrent.ExecutionException: org.apache.ratis.thirdparty.io.grpc.StatusRuntimeException: UNAVAILABLE: io exception
2025-09-19 20:45:03,704 [8eb9963e-bce0-4155-aea2-e442cadff8bd@group-715EBF8096A7-LeaderElection182] INFO  impl.LeaderElection (LogUtils.java:infoOrTrace(142)) -   Exception 1: java.util.concurrent.ExecutionException: org.apache.ratis.thirdparty.io.grpc.StatusRuntimeException: UNAVAILABLE: io exception
2025-09-19 20:45:03,704 [8eb9963e-bce0-4155-aea2-e442cadff8bd@group-715EBF8096A7-LeaderElection182] INFO  impl.LeaderElection (LeaderElection.java:askForVotes(450)) - 8eb9963e-bce0-4155-aea2-e442cadff8bd@group-715EBF8096A7-LeaderElection182 PRE_VOTE round 0: result REJECTED
2025-09-19 20:45:03,704 [8eb9963e-bce0-4155-aea2-e442cadff8bd@group-715EBF8096A7-LeaderElection182] INFO  server.RaftServer$Division (RaftServerImpl.java:setRole(392)) - 8eb9963e-bce0-4155-aea2-e442cadff8bd@group-715EBF8096A7: changes role from CANDIDATE to FOLLOWER at term 5 for REJECTED
2025-09-19 20:45:03,705 [8eb9963e-bce0-4155-aea2-e442cadff8bd@group-715EBF8096A7-LeaderElection182] INFO  impl.RoleInfo (RoleInfo.java:shutdownLeaderElection(141)) - 8eb9963e-bce0-4155-aea2-e442cadff8bd: shutdown 8eb9963e-bce0-4155-aea2-e442cadff8bd@group-715EBF8096A7-LeaderElection182
2025-09-19 20:45:03,705 [8eb9963e-bce0-4155-aea2-e442cadff8bd@group-715EBF8096A7-LeaderElection182] INFO  impl.RoleInfo (RoleInfo.java:updateAndGet(148)) - 8eb9963e-bce0-4155-aea2-e442cadff8bd: start 8eb9963e-bce0-4155-aea2-e442cadff8bd@group-715EBF8096A7-FollowerState
2025-09-19 20:45:04,782 [8eb9963e-bce0-4155-aea2-e442cadff8bd@group-715EBF8096A7-FollowerState] INFO  impl.FollowerState (FollowerState.java:runImpl(161)) - 8eb9963e-bce0-4155-aea2-e442cadff8bd@group-715EBF8096A7-FollowerState: change to CANDIDATE, lastRpcElapsedTime:1077252538ns, electionTimeout:1077ms
2025-09-19 20:45:04,782 [8eb9963e-bce0-4155-aea2-e442cadff8bd@group-715EBF8096A7-FollowerState] INFO  impl.RoleInfo (RoleInfo.java:shutdownFollowerState(121)) - 8eb9963e-bce0-4155-aea2-e442cadff8bd: shutdown 8eb9963e-bce0-4155-aea2-e442cadff8bd@group-715EBF8096A7-FollowerState
2025-09-19 20:45:04,782 [8eb9963e-bce0-4155-aea2-e442cadff8bd@group-715EBF8096A7-FollowerState] INFO  server.RaftServer$Division (RaftServerImpl.java:setRole(392)) - 8eb9963e-bce0-4155-aea2-e442cadff8bd@group-715EBF8096A7: changes role from  FOLLOWER to CANDIDATE at term 5 for changeToCandidate
2025-09-19 20:45:04,782 [8eb9963e-bce0-4155-aea2-e442cadff8bd@group-715EBF8096A7-FollowerState] INFO  impl.RoleInfo (RoleInfo.java:updateAndGet(148)) - 8eb9963e-bce0-4155-aea2-e442cadff8bd: start 8eb9963e-bce0-4155-aea2-e442cadff8bd@group-715EBF8096A7-LeaderElection183
2025-09-19 20:45:04,783 [8eb9963e-bce0-4155-aea2-e442cadff8bd@group-715EBF8096A7-LeaderElection183] INFO  impl.LeaderElection (LeaderElection.java:askForVotes(448)) - 8eb9963e-bce0-4155-aea2-e442cadff8bd@group-715EBF8096A7-LeaderElection183 PRE_VOTE round 0: submit vote requests at term 5 for conf: {index: 11, cur=peers:[b5a25cc1-46d3-4381-a194-bd68f4526f1c|127.0.0.1:15031, 0df1231c-9f8a-4757-a7d0-f6d7f53bc482|127.0.0.1:15023, 8eb9963e-bce0-4155-aea2-e442cadff8bd|127.0.0.1:15015]|listeners:[], old=null}
2025-09-19 20:45:04,783 [8eb9963e-bce0-4155-aea2-e442cadff8bd@group-715EBF8096A7-LeaderElection183] INFO  impl.LeaderElection (LogUtils.java:infoOrTrace(142)) - 8eb9963e-bce0-4155-aea2-e442cadff8bd@group-715EBF8096A7-LeaderElection183 got exception when requesting votes: java.util.concurrent.ExecutionException: org.apache.ratis.thirdparty.io.grpc.StatusRuntimeException: UNAVAILABLE: io exception
2025-09-19 20:45:04,783 [8eb9963e-bce0-4155-aea2-e442cadff8bd@group-715EBF8096A7-LeaderElection183] INFO  impl.LeaderElection (LogUtils.java:infoOrTrace(142)) - 8eb9963e-bce0-4155-aea2-e442cadff8bd@group-715EBF8096A7-LeaderElection183 got exception when requesting votes: java.util.concurrent.ExecutionException: org.apache.ratis.thirdparty.io.grpc.StatusRuntimeException: UNAVAILABLE: io exception
2025-09-19 20:45:04,783 [8eb9963e-bce0-4155-aea2-e442cadff8bd@group-715EBF8096A7-LeaderElection183] INFO  impl.LeaderElection (LeaderElection.java:logAndReturn(206)) - 8eb9963e-bce0-4155-aea2-e442cadff8bd@group-715EBF8096A7-LeaderElection183: PRE_VOTE REJECTED received 0 response(s) and 2 exception(s):
2025-09-19 20:45:04,783 [8eb9963e-bce0-4155-aea2-e442cadff8bd@group-715EBF8096A7-LeaderElection183] INFO  impl.LeaderElection (LogUtils.java:infoOrTrace(142)) -   Exception 0: java.util.concurrent.ExecutionException: org.apache.ratis.thirdparty.io.grpc.StatusRuntimeException: UNAVAILABLE: io exception
2025-09-19 20:45:04,783 [8eb9963e-bce0-4155-aea2-e442cadff8bd@group-715EBF8096A7-LeaderElection183] INFO  impl.LeaderElection (LogUtils.java:infoOrTrace(142)) -   Exception 1: java.util.concurrent.ExecutionException: org.apache.ratis.thirdparty.io.grpc.StatusRuntimeException: UNAVAILABLE: io exception
2025-09-19 20:45:04,783 [8eb9963e-bce0-4155-aea2-e442cadff8bd@group-715EBF8096A7-LeaderElection183] INFO  impl.LeaderElection (LeaderElection.java:askForVotes(450)) - 8eb9963e-bce0-4155-aea2-e442cadff8bd@group-715EBF8096A7-LeaderElection183 PRE_VOTE round 0: result REJECTED
2025-09-19 20:45:04,783 [8eb9963e-bce0-4155-aea2-e442cadff8bd@group-715EBF8096A7-LeaderElection183] INFO  server.RaftServer$Division (RaftServerImpl.java:setRole(392)) - 8eb9963e-bce0-4155-aea2-e442cadff8bd@group-715EBF8096A7: changes role from CANDIDATE to FOLLOWER at term 5 for REJECTED
2025-09-19 20:45:04,783 [8eb9963e-bce0-4155-aea2-e442cadff8bd@group-715EBF8096A7-LeaderElection183] INFO  impl.RoleInfo (RoleInfo.java:shutdownLeaderElection(141)) - 8eb9963e-bce0-4155-aea2-e442cadff8bd: shutdown 8eb9963e-bce0-4155-aea2-e442cadff8bd@group-715EBF8096A7-LeaderElection183
2025-09-19 20:45:04,783 [8eb9963e-bce0-4155-aea2-e442cadff8bd@group-715EBF8096A7-LeaderElection183] INFO  impl.RoleInfo (RoleInfo.java:updateAndGet(148)) - 8eb9963e-bce0-4155-aea2-e442cadff8bd: start 8eb9963e-bce0-4155-aea2-e442cadff8bd@group-715EBF8096A7-FollowerState
2025-09-19 20:45:04,826 [8eb9963e-bce0-4155-aea2-e442cadff8bd@group-A751954341BD-FollowerState] INFO  impl.FollowerState (FollowerState.java:runImpl(161)) - 8eb9963e-bce0-4155-aea2-e442cadff8bd@group-A751954341BD-FollowerState: change to CANDIDATE, lastRpcElapsedTime:1133263383ns, electionTimeout:1133ms
2025-09-19 20:45:04,826 [8eb9963e-bce0-4155-aea2-e442cadff8bd@group-A751954341BD-FollowerState] INFO  impl.RoleInfo (RoleInfo.java:shutdownFollowerState(121)) - 8eb9963e-bce0-4155-aea2-e442cadff8bd: shutdown 8eb9963e-bce0-4155-aea2-e442cadff8bd@group-A751954341BD-FollowerState
2025-09-19 20:45:04,826 [8eb9963e-bce0-4155-aea2-e442cadff8bd@group-A751954341BD-FollowerState] INFO  server.RaftServer$Division (RaftServerImpl.java:setRole(392)) - 8eb9963e-bce0-4155-aea2-e442cadff8bd@group-A751954341BD: changes role from  FOLLOWER to CANDIDATE at term 2 for changeToCandidate
2025-09-19 20:45:04,826 [8eb9963e-bce0-4155-aea2-e442cadff8bd@group-A751954341BD-FollowerState] INFO  impl.RoleInfo (RoleInfo.java:updateAndGet(148)) - 8eb9963e-bce0-4155-aea2-e442cadff8bd: start 8eb9963e-bce0-4155-aea2-e442cadff8bd@group-A751954341BD-LeaderElection184
2025-09-19 20:45:04,826 [8eb9963e-bce0-4155-aea2-e442cadff8bd@group-A751954341BD-LeaderElection184] INFO  impl.LeaderElection (LeaderElection.java:askForVotes(448)) - 8eb9963e-bce0-4155-aea2-e442cadff8bd@group-A751954341BD-LeaderElection184 PRE_VOTE round 0: submit vote requests at term 2 for conf: {index: 1, cur=peers:[b5a25cc1-46d3-4381-a194-bd68f4526f1c|127.0.0.1:15031, 0df1231c-9f8a-4757-a7d0-f6d7f53bc482|127.0.0.1:15023, 8eb9963e-bce0-4155-aea2-e442cadff8bd|127.0.0.1:15015]|listeners:[], old=null}
2025-09-19 20:45:04,827 [8eb9963e-bce0-4155-aea2-e442cadff8bd@group-A751954341BD-LeaderElection184] INFO  impl.LeaderElection (LogUtils.java:infoOrTrace(142)) - 8eb9963e-bce0-4155-aea2-e442cadff8bd@group-A751954341BD-LeaderElection184 got exception when requesting votes: java.util.concurrent.ExecutionException: org.apache.ratis.thirdparty.io.grpc.StatusRuntimeException: UNAVAILABLE: io exception
2025-09-19 20:45:04,827 [8eb9963e-bce0-4155-aea2-e442cadff8bd@group-A751954341BD-LeaderElection184] INFO  impl.LeaderElection (LogUtils.java:infoOrTrace(142)) - 8eb9963e-bce0-4155-aea2-e442cadff8bd@group-A751954341BD-LeaderElection184 got exception when requesting votes: java.util.concurrent.ExecutionException: org.apache.ratis.thirdparty.io.grpc.StatusRuntimeException: UNAVAILABLE: io exception
2025-09-19 20:45:04,827 [8eb9963e-bce0-4155-aea2-e442cadff8bd@group-A751954341BD-LeaderElection184] INFO  impl.LeaderElection (LeaderElection.java:logAndReturn(206)) - 8eb9963e-bce0-4155-aea2-e442cadff8bd@group-A751954341BD-LeaderElection184: PRE_VOTE REJECTED received 0 response(s) and 2 exception(s):
2025-09-19 20:45:04,827 [8eb9963e-bce0-4155-aea2-e442cadff8bd@group-A751954341BD-LeaderElection184] INFO  impl.LeaderElection (LogUtils.java:infoOrTrace(142)) -   Exception 0: java.util.concurrent.ExecutionException: org.apache.ratis.thirdparty.io.grpc.StatusRuntimeException: UNAVAILABLE: io exception
2025-09-19 20:45:04,827 [8eb9963e-bce0-4155-aea2-e442cadff8bd@group-A751954341BD-LeaderElection184] INFO  impl.LeaderElection (LogUtils.java:infoOrTrace(142)) -   Exception 1: java.util.concurrent.ExecutionException: org.apache.ratis.thirdparty.io.grpc.StatusRuntimeException: UNAVAILABLE: io exception
2025-09-19 20:45:04,827 [8eb9963e-bce0-4155-aea2-e442cadff8bd@group-A751954341BD-LeaderElection184] INFO  impl.LeaderElection (LeaderElection.java:askForVotes(450)) - 8eb9963e-bce0-4155-aea2-e442cadff8bd@group-A751954341BD-LeaderElection184 PRE_VOTE round 0: result REJECTED
2025-09-19 20:45:04,827 [8eb9963e-bce0-4155-aea2-e442cadff8bd@group-A751954341BD-LeaderElection184] INFO  server.RaftServer$Division (RaftServerImpl.java:setRole(392)) - 8eb9963e-bce0-4155-aea2-e442cadff8bd@group-A751954341BD: changes role from CANDIDATE to FOLLOWER at term 2 for REJECTED
2025-09-19 20:45:04,827 [8eb9963e-bce0-4155-aea2-e442cadff8bd@group-A751954341BD-LeaderElection184] INFO  impl.RoleInfo (RoleInfo.java:shutdownLeaderElection(141)) - 8eb9963e-bce0-4155-aea2-e442cadff8bd: shutdown 8eb9963e-bce0-4155-aea2-e442cadff8bd@group-A751954341BD-LeaderElection184
2025-09-19 20:45:04,827 [8eb9963e-bce0-4155-aea2-e442cadff8bd@group-A751954341BD-LeaderElection184] INFO  impl.RoleInfo (RoleInfo.java:updateAndGet(148)) - 8eb9963e-bce0-4155-aea2-e442cadff8bd: start 8eb9963e-bce0-4155-aea2-e442cadff8bd@group-A751954341BD-FollowerState
2025-09-19 20:45:05,851 [8eb9963e-bce0-4155-aea2-e442cadff8bd@group-715EBF8096A7-FollowerState] INFO  impl.FollowerState (FollowerState.java:runImpl(161)) - 8eb9963e-bce0-4155-aea2-e442cadff8bd@group-715EBF8096A7-FollowerState: change to CANDIDATE, lastRpcElapsedTime:1067373082ns, electionTimeout:1067ms
2025-09-19 20:45:05,851 [8eb9963e-bce0-4155-aea2-e442cadff8bd@group-715EBF8096A7-FollowerState] INFO  impl.RoleInfo (RoleInfo.java:shutdownFollowerState(121)) - 8eb9963e-bce0-4155-aea2-e442cadff8bd: shutdown 8eb9963e-bce0-4155-aea2-e442cadff8bd@group-715EBF8096A7-FollowerState
2025-09-19 20:45:05,851 [8eb9963e-bce0-4155-aea2-e442cadff8bd@group-715EBF8096A7-FollowerState] INFO  server.RaftServer$Division (RaftServerImpl.java:setRole(392)) - 8eb9963e-bce0-4155-aea2-e442cadff8bd@group-715EBF8096A7: changes role from  FOLLOWER to CANDIDATE at term 5 for changeToCandidate
2025-09-19 20:45:05,851 [8eb9963e-bce0-4155-aea2-e442cadff8bd@group-715EBF8096A7-FollowerState] INFO  impl.RoleInfo (RoleInfo.java:updateAndGet(148)) - 8eb9963e-bce0-4155-aea2-e442cadff8bd: start 8eb9963e-bce0-4155-aea2-e442cadff8bd@group-715EBF8096A7-LeaderElection185
2025-09-19 20:45:05,851 [8eb9963e-bce0-4155-aea2-e442cadff8bd@group-715EBF8096A7-LeaderElection185] INFO  impl.LeaderElection (LeaderElection.java:askForVotes(448)) - 8eb9963e-bce0-4155-aea2-e442cadff8bd@group-715EBF8096A7-LeaderElection185 PRE_VOTE round 0: submit vote requests at term 5 for conf: {index: 11, cur=peers:[b5a25cc1-46d3-4381-a194-bd68f4526f1c|127.0.0.1:15031, 0df1231c-9f8a-4757-a7d0-f6d7f53bc482|127.0.0.1:15023, 8eb9963e-bce0-4155-aea2-e442cadff8bd|127.0.0.1:15015]|listeners:[], old=null}
2025-09-19 20:45:05,852 [8eb9963e-bce0-4155-aea2-e442cadff8bd@group-715EBF8096A7-LeaderElection185] INFO  impl.LeaderElection (LogUtils.java:infoOrTrace(142)) - 8eb9963e-bce0-4155-aea2-e442cadff8bd@group-715EBF8096A7-LeaderElection185 got exception when requesting votes: java.util.concurrent.ExecutionException: org.apache.ratis.thirdparty.io.grpc.StatusRuntimeException: UNAVAILABLE: io exception
2025-09-19 20:45:05,852 [8eb9963e-bce0-4155-aea2-e442cadff8bd@group-715EBF8096A7-LeaderElection185] INFO  impl.LeaderElection (LogUtils.java:infoOrTrace(142)) - 8eb9963e-bce0-4155-aea2-e442cadff8bd@group-715EBF8096A7-LeaderElection185 got exception when requesting votes: java.util.concurrent.ExecutionException: org.apache.ratis.thirdparty.io.grpc.StatusRuntimeException: UNAVAILABLE: io exception
2025-09-19 20:45:05,852 [8eb9963e-bce0-4155-aea2-e442cadff8bd@group-715EBF8096A7-LeaderElection185] INFO  impl.LeaderElection (LeaderElection.java:logAndReturn(206)) - 8eb9963e-bce0-4155-aea2-e442cadff8bd@group-715EBF8096A7-LeaderElection185: PRE_VOTE REJECTED received 0 response(s) and 2 exception(s):
2025-09-19 20:45:05,852 [8eb9963e-bce0-4155-aea2-e442cadff8bd@group-715EBF8096A7-LeaderElection185] INFO  impl.LeaderElection (LogUtils.java:infoOrTrace(142)) -   Exception 0: java.util.concurrent.ExecutionException: org.apache.ratis.thirdparty.io.grpc.StatusRuntimeException: UNAVAILABLE: io exception
2025-09-19 20:45:05,852 [8eb9963e-bce0-4155-aea2-e442cadff8bd@group-715EBF8096A7-LeaderElection185] INFO  impl.LeaderElection (LogUtils.java:infoOrTrace(142)) -   Exception 1: java.util.concurrent.ExecutionException: org.apache.ratis.thirdparty.io.grpc.StatusRuntimeException: UNAVAILABLE: io exception
2025-09-19 20:45:05,852 [8eb9963e-bce0-4155-aea2-e442cadff8bd@group-715EBF8096A7-LeaderElection185] INFO  impl.LeaderElection (LeaderElection.java:askForVotes(450)) - 8eb9963e-bce0-4155-aea2-e442cadff8bd@group-715EBF8096A7-LeaderElection185 PRE_VOTE round 0: result REJECTED
2025-09-19 20:45:05,852 [8eb9963e-bce0-4155-aea2-e442cadff8bd@group-715EBF8096A7-LeaderElection185] INFO  server.RaftServer$Division (RaftServerImpl.java:setRole(392)) - 8eb9963e-bce0-4155-aea2-e442cadff8bd@group-715EBF8096A7: changes role from CANDIDATE to FOLLOWER at term 5 for REJECTED
2025-09-19 20:45:05,852 [8eb9963e-bce0-4155-aea2-e442cadff8bd@group-715EBF8096A7-LeaderElection185] INFO  impl.RoleInfo (RoleInfo.java:shutdownLeaderElection(141)) - 8eb9963e-bce0-4155-aea2-e442cadff8bd: shutdown 8eb9963e-bce0-4155-aea2-e442cadff8bd@group-715EBF8096A7-LeaderElection185
2025-09-19 20:45:05,852 [8eb9963e-bce0-4155-aea2-e442cadff8bd@group-715EBF8096A7-LeaderElection185] INFO  impl.RoleInfo (RoleInfo.java:updateAndGet(148)) - 8eb9963e-bce0-4155-aea2-e442cadff8bd: start 8eb9963e-bce0-4155-aea2-e442cadff8bd@group-715EBF8096A7-FollowerState
2025-09-19 20:45:05,859 [8eb9963e-bce0-4155-aea2-e442cadff8bd@group-A751954341BD-FollowerState] INFO  impl.FollowerState (FollowerState.java:runImpl(161)) - 8eb9963e-bce0-4155-aea2-e442cadff8bd@group-A751954341BD-FollowerState: change to CANDIDATE, lastRpcElapsedTime:1032282291ns, electionTimeout:1032ms
2025-09-19 20:45:05,859 [8eb9963e-bce0-4155-aea2-e442cadff8bd@group-A751954341BD-FollowerState] INFO  impl.RoleInfo (RoleInfo.java:shutdownFollowerState(121)) - 8eb9963e-bce0-4155-aea2-e442cadff8bd: shutdown 8eb9963e-bce0-4155-aea2-e442cadff8bd@group-A751954341BD-FollowerState
2025-09-19 20:45:05,859 [8eb9963e-bce0-4155-aea2-e442cadff8bd@group-A751954341BD-FollowerState] INFO  server.RaftServer$Division (RaftServerImpl.java:setRole(392)) - 8eb9963e-bce0-4155-aea2-e442cadff8bd@group-A751954341BD: changes role from  FOLLOWER to CANDIDATE at term 2 for changeToCandidate
2025-09-19 20:45:05,859 [8eb9963e-bce0-4155-aea2-e442cadff8bd@group-A751954341BD-FollowerState] INFO  impl.RoleInfo (RoleInfo.java:updateAndGet(148)) - 8eb9963e-bce0-4155-aea2-e442cadff8bd: start 8eb9963e-bce0-4155-aea2-e442cadff8bd@group-A751954341BD-LeaderElection186
2025-09-19 20:45:05,860 [8eb9963e-bce0-4155-aea2-e442cadff8bd@group-A751954341BD-LeaderElection186] INFO  impl.LeaderElection (LeaderElection.java:askForVotes(448)) - 8eb9963e-bce0-4155-aea2-e442cadff8bd@group-A751954341BD-LeaderElection186 PRE_VOTE round 0: submit vote requests at term 2 for conf: {index: 1, cur=peers:[b5a25cc1-46d3-4381-a194-bd68f4526f1c|127.0.0.1:15031, 0df1231c-9f8a-4757-a7d0-f6d7f53bc482|127.0.0.1:15023, 8eb9963e-bce0-4155-aea2-e442cadff8bd|127.0.0.1:15015]|listeners:[], old=null}
2025-09-19 20:45:05,860 [8eb9963e-bce0-4155-aea2-e442cadff8bd@group-A751954341BD-LeaderElection186] INFO  impl.LeaderElection (LogUtils.java:infoOrTrace(142)) - 8eb9963e-bce0-4155-aea2-e442cadff8bd@group-A751954341BD-LeaderElection186 got exception when requesting votes: java.util.concurrent.ExecutionException: org.apache.ratis.thirdparty.io.grpc.StatusRuntimeException: UNAVAILABLE: io exception
2025-09-19 20:45:05,860 [8eb9963e-bce0-4155-aea2-e442cadff8bd@group-A751954341BD-LeaderElection186] INFO  impl.LeaderElection (LogUtils.java:infoOrTrace(142)) - 8eb9963e-bce0-4155-aea2-e442cadff8bd@group-A751954341BD-LeaderElection186 got exception when requesting votes: java.util.concurrent.ExecutionException: org.apache.ratis.thirdparty.io.grpc.StatusRuntimeException: UNAVAILABLE: io exception
2025-09-19 20:45:05,860 [8eb9963e-bce0-4155-aea2-e442cadff8bd@group-A751954341BD-LeaderElection186] INFO  impl.LeaderElection (LeaderElection.java:logAndReturn(206)) - 8eb9963e-bce0-4155-aea2-e442cadff8bd@group-A751954341BD-LeaderElection186: PRE_VOTE REJECTED received 0 response(s) and 2 exception(s):
2025-09-19 20:45:05,860 [8eb9963e-bce0-4155-aea2-e442cadff8bd@group-A751954341BD-LeaderElection186] INFO  impl.LeaderElection (LogUtils.java:infoOrTrace(142)) -   Exception 0: java.util.concurrent.ExecutionException: org.apache.ratis.thirdparty.io.grpc.StatusRuntimeException: UNAVAILABLE: io exception
2025-09-19 20:45:05,860 [8eb9963e-bce0-4155-aea2-e442cadff8bd@group-A751954341BD-LeaderElection186] INFO  impl.LeaderElection (LogUtils.java:infoOrTrace(142)) -   Exception 1: java.util.concurrent.ExecutionException: org.apache.ratis.thirdparty.io.grpc.StatusRuntimeException: UNAVAILABLE: io exception
2025-09-19 20:45:05,860 [8eb9963e-bce0-4155-aea2-e442cadff8bd@group-A751954341BD-LeaderElection186] INFO  impl.LeaderElection (LeaderElection.java:askForVotes(450)) - 8eb9963e-bce0-4155-aea2-e442cadff8bd@group-A751954341BD-LeaderElection186 PRE_VOTE round 0: result REJECTED
2025-09-19 20:45:05,860 [8eb9963e-bce0-4155-aea2-e442cadff8bd@group-A751954341BD-LeaderElection186] INFO  server.RaftServer$Division (RaftServerImpl.java:setRole(392)) - 8eb9963e-bce0-4155-aea2-e442cadff8bd@group-A751954341BD: changes role from CANDIDATE to FOLLOWER at term 2 for REJECTED
2025-09-19 20:45:05,860 [8eb9963e-bce0-4155-aea2-e442cadff8bd@group-A751954341BD-LeaderElection186] INFO  impl.RoleInfo (RoleInfo.java:shutdownLeaderElection(141)) - 8eb9963e-bce0-4155-aea2-e442cadff8bd: shutdown 8eb9963e-bce0-4155-aea2-e442cadff8bd@group-A751954341BD-LeaderElection186
2025-09-19 20:45:05,860 [8eb9963e-bce0-4155-aea2-e442cadff8bd@group-A751954341BD-LeaderElection186] INFO  impl.RoleInfo (RoleInfo.java:updateAndGet(148)) - 8eb9963e-bce0-4155-aea2-e442cadff8bd: start 8eb9963e-bce0-4155-aea2-e442cadff8bd@group-A751954341BD-FollowerState
2025-09-19 20:45:06,474 [om1-KeyDeletingService#2] INFO  service.KeyDeletingService (KeyDeletingService.java:processKeyDeletes(148)) - Send 1 key(s) to SCM, first 1 keys: [BlockGroup[groupID='/datanodefailurehandlingtest/datanodefailurehandlingtest/cf0b0a65-896c-4997-8236-cc766fc4c73e/-9223372036854774272', blockIDs=[conID: 2 locID: 115816896921600002 bcsId: 0 replicaIndex: null]]]
2025-09-19 20:45:06,492 [IPC Server handler 15 on default port 15001] INFO  ha.SequenceIdGenerator (SequenceIdGenerator.java:getNextId(135)) - Allocate a batch for delTxnId, change lastId from 0 to 1000.
2025-09-19 20:45:06,504 [om1-KeyDeletingService#2] INFO  service.KeyDeletingService (KeyDeletingService.java:processKeyDeletes(153)) - 1 BlockGroup deletion are acked by SCM in 30 ms
2025-09-19 20:45:06,529 [om1-OMStateMachineApplyTransactionThread - 0] INFO  audit.AuditLogger (AuditLogger.java:refreshDebugCmdSet(133)) - Refresh DebugCmdSet for OMSystemAudit to [].
2025-09-19 20:45:06,530 [om1-KeyDeletingService#2] INFO  service.KeyDeletingService (KeyDeletingService.java:processKeyDeletes(161)) - Blocks for 1 (out of 1) keys are deleted from DB in 26 ms. Limit per task is 50000.
2025-09-19 20:45:06,542 [grpc-default-executor-2] ERROR impl.OrderedAsync (OrderedAsync.java:lambda$null$6(215)) -  client-EE2AA9DBFBBD: Failed* RaftClientRequest:client-EE2AA9DBFBBD->8eb9963e-bce0-4155-aea2-e442cadff8bd@group-715EBF8096A7, cid=40, seq=1*, Watch(0), null
java.util.concurrent.CompletionException: org.apache.ratis.protocol.exceptions.NotLeaderException: Server 8eb9963e-bce0-4155-aea2-e442cadff8bd@group-715EBF8096A7 is not the leader
	at java.base/java.util.concurrent.CompletableFuture.encodeThrowable(CompletableFuture.java:332)
	at java.base/java.util.concurrent.CompletableFuture.completeThrowable(CompletableFuture.java:347)
	at java.base/java.util.concurrent.CompletableFuture$UniAccept.tryFire(CompletableFuture.java:708)
	at java.base/java.util.concurrent.CompletableFuture.postComplete(CompletableFuture.java:510)
	at java.base/java.util.concurrent.CompletableFuture.completeExceptionally(CompletableFuture.java:2194)
	at org.apache.ratis.grpc.client.GrpcClientProtocolClient$AsyncStreamObservers.completeReplyExceptionally(GrpcClientProtocolClient.java:397)
	at org.apache.ratis.grpc.client.GrpcClientProtocolClient$AsyncStreamObservers.access$000(GrpcClientProtocolClient.java:303)
	at org.apache.ratis.grpc.client.GrpcClientProtocolClient$AsyncStreamObservers$1.onNext(GrpcClientProtocolClient.java:317)
	at org.apache.ratis.grpc.client.GrpcClientProtocolClient$AsyncStreamObservers$1.onNext(GrpcClientProtocolClient.java:308)
	at org.apache.ratis.thirdparty.io.grpc.stub.ClientCalls$StreamObserverToCallListenerAdapter.onMessage(ClientCalls.java:551)
	at org.apache.ratis.thirdparty.io.grpc.ForwardingClientCallListener.onMessage(ForwardingClientCallListener.java:33)
	at org.apache.ratis.thirdparty.io.grpc.internal.ClientCallImpl$ClientStreamListenerImpl$1MessagesAvailable.runInternal(ClientCallImpl.java:661)
	at org.apache.ratis.thirdparty.io.grpc.internal.ClientCallImpl$ClientStreamListenerImpl$1MessagesAvailable.runInContext(ClientCallImpl.java:648)
	at org.apache.ratis.thirdparty.io.grpc.internal.ContextRunnable.run(ContextRunnable.java:37)
	at org.apache.ratis.thirdparty.io.grpc.internal.SerializingExecutor.run(SerializingExecutor.java:133)
	at java.base/java.util.concurrent.ThreadPoolExecutor.runWorker(ThreadPoolExecutor.java:1144)
	at java.base/java.util.concurrent.ThreadPoolExecutor$Worker.run(ThreadPoolExecutor.java:642)
	at java.base/java.lang.Thread.run(Thread.java:1583)
Caused by: org.apache.ratis.protocol.exceptions.NotLeaderException: Server 8eb9963e-bce0-4155-aea2-e442cadff8bd@group-715EBF8096A7 is not the leader
	at org.apache.ratis.client.impl.ClientProtoUtils.toRaftClientReply(ClientProtoUtils.java:402)
	at org.apache.ratis.grpc.client.GrpcClientProtocolClient$AsyncStreamObservers$1.onNext(GrpcClientProtocolClient.java:313)
	... 10 more
2025-09-19 20:45:06,995 [8eb9963e-bce0-4155-aea2-e442cadff8bd@group-715EBF8096A7-FollowerState] INFO  impl.FollowerState (FollowerState.java:runImpl(161)) - 8eb9963e-bce0-4155-aea2-e442cadff8bd@group-715EBF8096A7-FollowerState: change to CANDIDATE, lastRpcElapsedTime:1143307410ns, electionTimeout:1143ms
2025-09-19 20:45:06,995 [8eb9963e-bce0-4155-aea2-e442cadff8bd@group-715EBF8096A7-FollowerState] INFO  impl.RoleInfo (RoleInfo.java:shutdownFollowerState(121)) - 8eb9963e-bce0-4155-aea2-e442cadff8bd: shutdown 8eb9963e-bce0-4155-aea2-e442cadff8bd@group-715EBF8096A7-FollowerState
2025-09-19 20:45:06,995 [8eb9963e-bce0-4155-aea2-e442cadff8bd@group-715EBF8096A7-FollowerState] INFO  server.RaftServer$Division (RaftServerImpl.java:setRole(392)) - 8eb9963e-bce0-4155-aea2-e442cadff8bd@group-715EBF8096A7: changes role from  FOLLOWER to CANDIDATE at term 5 for changeToCandidate
2025-09-19 20:45:06,996 [8eb9963e-bce0-4155-aea2-e442cadff8bd@group-715EBF8096A7-FollowerState] INFO  impl.RoleInfo (RoleInfo.java:updateAndGet(148)) - 8eb9963e-bce0-4155-aea2-e442cadff8bd: start 8eb9963e-bce0-4155-aea2-e442cadff8bd@group-715EBF8096A7-LeaderElection187
2025-09-19 20:45:06,996 [8eb9963e-bce0-4155-aea2-e442cadff8bd@group-715EBF8096A7-LeaderElection187] INFO  impl.LeaderElection (LeaderElection.java:askForVotes(448)) - 8eb9963e-bce0-4155-aea2-e442cadff8bd@group-715EBF8096A7-LeaderElection187 PRE_VOTE round 0: submit vote requests at term 5 for conf: {index: 11, cur=peers:[b5a25cc1-46d3-4381-a194-bd68f4526f1c|127.0.0.1:15031, 0df1231c-9f8a-4757-a7d0-f6d7f53bc482|127.0.0.1:15023, 8eb9963e-bce0-4155-aea2-e442cadff8bd|127.0.0.1:15015]|listeners:[], old=null}
2025-09-19 20:45:06,997 [8eb9963e-bce0-4155-aea2-e442cadff8bd@group-715EBF8096A7-LeaderElection187] INFO  impl.LeaderElection (LogUtils.java:infoOrTrace(142)) - 8eb9963e-bce0-4155-aea2-e442cadff8bd@group-715EBF8096A7-LeaderElection187 got exception when requesting votes: java.util.concurrent.ExecutionException: org.apache.ratis.thirdparty.io.grpc.StatusRuntimeException: UNAVAILABLE: io exception
2025-09-19 20:45:06,997 [8eb9963e-bce0-4155-aea2-e442cadff8bd@group-715EBF8096A7-LeaderElection187] INFO  impl.LeaderElection (LogUtils.java:infoOrTrace(142)) - 8eb9963e-bce0-4155-aea2-e442cadff8bd@group-715EBF8096A7-LeaderElection187 got exception when requesting votes: java.util.concurrent.ExecutionException: org.apache.ratis.thirdparty.io.grpc.StatusRuntimeException: UNAVAILABLE: io exception
2025-09-19 20:45:06,997 [8eb9963e-bce0-4155-aea2-e442cadff8bd@group-715EBF8096A7-LeaderElection187] INFO  impl.LeaderElection (LeaderElection.java:logAndReturn(206)) - 8eb9963e-bce0-4155-aea2-e442cadff8bd@group-715EBF8096A7-LeaderElection187: PRE_VOTE REJECTED received 0 response(s) and 2 exception(s):
2025-09-19 20:45:06,997 [8eb9963e-bce0-4155-aea2-e442cadff8bd@group-715EBF8096A7-LeaderElection187] INFO  impl.LeaderElection (LogUtils.java:infoOrTrace(142)) -   Exception 0: java.util.concurrent.ExecutionException: org.apache.ratis.thirdparty.io.grpc.StatusRuntimeException: UNAVAILABLE: io exception
2025-09-19 20:45:06,997 [8eb9963e-bce0-4155-aea2-e442cadff8bd@group-715EBF8096A7-LeaderElection187] INFO  impl.LeaderElection (LogUtils.java:infoOrTrace(142)) -   Exception 1: java.util.concurrent.ExecutionException: org.apache.ratis.thirdparty.io.grpc.StatusRuntimeException: UNAVAILABLE: io exception
2025-09-19 20:45:06,997 [8eb9963e-bce0-4155-aea2-e442cadff8bd@group-715EBF8096A7-LeaderElection187] INFO  impl.LeaderElection (LeaderElection.java:askForVotes(450)) - 8eb9963e-bce0-4155-aea2-e442cadff8bd@group-715EBF8096A7-LeaderElection187 PRE_VOTE round 0: result REJECTED
2025-09-19 20:45:06,997 [8eb9963e-bce0-4155-aea2-e442cadff8bd@group-715EBF8096A7-LeaderElection187] INFO  server.RaftServer$Division (RaftServerImpl.java:setRole(392)) - 8eb9963e-bce0-4155-aea2-e442cadff8bd@group-715EBF8096A7: changes role from CANDIDATE to FOLLOWER at term 5 for REJECTED
2025-09-19 20:45:06,997 [8eb9963e-bce0-4155-aea2-e442cadff8bd@group-715EBF8096A7-LeaderElection187] INFO  impl.RoleInfo (RoleInfo.java:shutdownLeaderElection(141)) - 8eb9963e-bce0-4155-aea2-e442cadff8bd: shutdown 8eb9963e-bce0-4155-aea2-e442cadff8bd@group-715EBF8096A7-LeaderElection187
2025-09-19 20:45:06,997 [8eb9963e-bce0-4155-aea2-e442cadff8bd@group-715EBF8096A7-LeaderElection187] INFO  impl.RoleInfo (RoleInfo.java:updateAndGet(148)) - 8eb9963e-bce0-4155-aea2-e442cadff8bd: start 8eb9963e-bce0-4155-aea2-e442cadff8bd@group-715EBF8096A7-FollowerState
2025-09-19 20:45:07,054 [8eb9963e-bce0-4155-aea2-e442cadff8bd@group-A751954341BD-FollowerState] INFO  impl.FollowerState (FollowerState.java:runImpl(161)) - 8eb9963e-bce0-4155-aea2-e442cadff8bd@group-A751954341BD-FollowerState: change to CANDIDATE, lastRpcElapsedTime:1193434659ns, electionTimeout:1193ms
2025-09-19 20:45:07,054 [8eb9963e-bce0-4155-aea2-e442cadff8bd@group-A751954341BD-FollowerState] INFO  impl.RoleInfo (RoleInfo.java:shutdownFollowerState(121)) - 8eb9963e-bce0-4155-aea2-e442cadff8bd: shutdown 8eb9963e-bce0-4155-aea2-e442cadff8bd@group-A751954341BD-FollowerState
2025-09-19 20:45:07,054 [8eb9963e-bce0-4155-aea2-e442cadff8bd@group-A751954341BD-FollowerState] INFO  server.RaftServer$Division (RaftServerImpl.java:setRole(392)) - 8eb9963e-bce0-4155-aea2-e442cadff8bd@group-A751954341BD: changes role from  FOLLOWER to CANDIDATE at term 2 for changeToCandidate
2025-09-19 20:45:07,054 [8eb9963e-bce0-4155-aea2-e442cadff8bd@group-A751954341BD-FollowerState] INFO  impl.RoleInfo (RoleInfo.java:updateAndGet(148)) - 8eb9963e-bce0-4155-aea2-e442cadff8bd: start 8eb9963e-bce0-4155-aea2-e442cadff8bd@group-A751954341BD-LeaderElection188
2025-09-19 20:45:07,054 [8eb9963e-bce0-4155-aea2-e442cadff8bd@group-A751954341BD-LeaderElection188] INFO  impl.LeaderElection (LeaderElection.java:askForVotes(448)) - 8eb9963e-bce0-4155-aea2-e442cadff8bd@group-A751954341BD-LeaderElection188 PRE_VOTE round 0: submit vote requests at term 2 for conf: {index: 1, cur=peers:[b5a25cc1-46d3-4381-a194-bd68f4526f1c|127.0.0.1:15031, 0df1231c-9f8a-4757-a7d0-f6d7f53bc482|127.0.0.1:15023, 8eb9963e-bce0-4155-aea2-e442cadff8bd|127.0.0.1:15015]|listeners:[], old=null}
2025-09-19 20:45:07,055 [8eb9963e-bce0-4155-aea2-e442cadff8bd@group-A751954341BD-LeaderElection188] INFO  impl.LeaderElection (LogUtils.java:infoOrTrace(142)) - 8eb9963e-bce0-4155-aea2-e442cadff8bd@group-A751954341BD-LeaderElection188 got exception when requesting votes: java.util.concurrent.ExecutionException: org.apache.ratis.thirdparty.io.grpc.StatusRuntimeException: UNAVAILABLE: io exception
2025-09-19 20:45:07,055 [8eb9963e-bce0-4155-aea2-e442cadff8bd@group-A751954341BD-LeaderElection188] INFO  impl.LeaderElection (LogUtils.java:infoOrTrace(142)) - 8eb9963e-bce0-4155-aea2-e442cadff8bd@group-A751954341BD-LeaderElection188 got exception when requesting votes: java.util.concurrent.ExecutionException: org.apache.ratis.thirdparty.io.grpc.StatusRuntimeException: UNAVAILABLE: io exception
2025-09-19 20:45:07,055 [8eb9963e-bce0-4155-aea2-e442cadff8bd@group-A751954341BD-LeaderElection188] INFO  impl.LeaderElection (LeaderElection.java:logAndReturn(206)) - 8eb9963e-bce0-4155-aea2-e442cadff8bd@group-A751954341BD-LeaderElection188: PRE_VOTE REJECTED received 0 response(s) and 2 exception(s):
2025-09-19 20:45:07,055 [8eb9963e-bce0-4155-aea2-e442cadff8bd@group-A751954341BD-LeaderElection188] INFO  impl.LeaderElection (LogUtils.java:infoOrTrace(142)) -   Exception 0: java.util.concurrent.ExecutionException: org.apache.ratis.thirdparty.io.grpc.StatusRuntimeException: UNAVAILABLE: io exception
2025-09-19 20:45:07,055 [8eb9963e-bce0-4155-aea2-e442cadff8bd@group-A751954341BD-LeaderElection188] INFO  impl.LeaderElection (LogUtils.java:infoOrTrace(142)) -   Exception 1: java.util.concurrent.ExecutionException: org.apache.ratis.thirdparty.io.grpc.StatusRuntimeException: UNAVAILABLE: io exception
2025-09-19 20:45:07,055 [8eb9963e-bce0-4155-aea2-e442cadff8bd@group-A751954341BD-LeaderElection188] INFO  impl.LeaderElection (LeaderElection.java:askForVotes(450)) - 8eb9963e-bce0-4155-aea2-e442cadff8bd@group-A751954341BD-LeaderElection188 PRE_VOTE round 0: result REJECTED
2025-09-19 20:45:07,055 [8eb9963e-bce0-4155-aea2-e442cadff8bd@group-A751954341BD-LeaderElection188] INFO  server.RaftServer$Division (RaftServerImpl.java:setRole(392)) - 8eb9963e-bce0-4155-aea2-e442cadff8bd@group-A751954341BD: changes role from CANDIDATE to FOLLOWER at term 2 for REJECTED
2025-09-19 20:45:07,055 [8eb9963e-bce0-4155-aea2-e442cadff8bd@group-A751954341BD-LeaderElection188] INFO  impl.RoleInfo (RoleInfo.java:shutdownLeaderElection(141)) - 8eb9963e-bce0-4155-aea2-e442cadff8bd: shutdown 8eb9963e-bce0-4155-aea2-e442cadff8bd@group-A751954341BD-LeaderElection188
2025-09-19 20:45:07,055 [8eb9963e-bce0-4155-aea2-e442cadff8bd@group-A751954341BD-LeaderElection188] INFO  impl.RoleInfo (RoleInfo.java:updateAndGet(148)) - 8eb9963e-bce0-4155-aea2-e442cadff8bd: start 8eb9963e-bce0-4155-aea2-e442cadff8bd@group-A751954341BD-FollowerState
2025-09-19 20:45:08,034 [8eb9963e-bce0-4155-aea2-e442cadff8bd@group-715EBF8096A7-FollowerState] INFO  impl.FollowerState (FollowerState.java:runImpl(161)) - 8eb9963e-bce0-4155-aea2-e442cadff8bd@group-715EBF8096A7-FollowerState: change to CANDIDATE, lastRpcElapsedTime:1036310250ns, electionTimeout:1036ms
2025-09-19 20:45:08,034 [8eb9963e-bce0-4155-aea2-e442cadff8bd@group-715EBF8096A7-FollowerState] INFO  impl.RoleInfo (RoleInfo.java:shutdownFollowerState(121)) - 8eb9963e-bce0-4155-aea2-e442cadff8bd: shutdown 8eb9963e-bce0-4155-aea2-e442cadff8bd@group-715EBF8096A7-FollowerState
2025-09-19 20:45:08,034 [8eb9963e-bce0-4155-aea2-e442cadff8bd@group-715EBF8096A7-FollowerState] INFO  server.RaftServer$Division (RaftServerImpl.java:setRole(392)) - 8eb9963e-bce0-4155-aea2-e442cadff8bd@group-715EBF8096A7: changes role from  FOLLOWER to CANDIDATE at term 5 for changeToCandidate
2025-09-19 20:45:08,034 [8eb9963e-bce0-4155-aea2-e442cadff8bd@group-715EBF8096A7-FollowerState] INFO  impl.RoleInfo (RoleInfo.java:updateAndGet(148)) - 8eb9963e-bce0-4155-aea2-e442cadff8bd: start 8eb9963e-bce0-4155-aea2-e442cadff8bd@group-715EBF8096A7-LeaderElection189
2025-09-19 20:45:08,034 [8eb9963e-bce0-4155-aea2-e442cadff8bd@group-715EBF8096A7-LeaderElection189] INFO  impl.LeaderElection (LeaderElection.java:askForVotes(448)) - 8eb9963e-bce0-4155-aea2-e442cadff8bd@group-715EBF8096A7-LeaderElection189 PRE_VOTE round 0: submit vote requests at term 5 for conf: {index: 11, cur=peers:[b5a25cc1-46d3-4381-a194-bd68f4526f1c|127.0.0.1:15031, 0df1231c-9f8a-4757-a7d0-f6d7f53bc482|127.0.0.1:15023, 8eb9963e-bce0-4155-aea2-e442cadff8bd|127.0.0.1:15015]|listeners:[], old=null}
2025-09-19 20:45:08,035 [8eb9963e-bce0-4155-aea2-e442cadff8bd@group-715EBF8096A7-LeaderElection189] INFO  impl.LeaderElection (LogUtils.java:infoOrTrace(142)) - 8eb9963e-bce0-4155-aea2-e442cadff8bd@group-715EBF8096A7-LeaderElection189 got exception when requesting votes: java.util.concurrent.ExecutionException: org.apache.ratis.thirdparty.io.grpc.StatusRuntimeException: UNAVAILABLE: io exception
2025-09-19 20:45:08,035 [8eb9963e-bce0-4155-aea2-e442cadff8bd@group-715EBF8096A7-LeaderElection189] INFO  impl.LeaderElection (LogUtils.java:infoOrTrace(142)) - 8eb9963e-bce0-4155-aea2-e442cadff8bd@group-715EBF8096A7-LeaderElection189 got exception when requesting votes: java.util.concurrent.ExecutionException: org.apache.ratis.thirdparty.io.grpc.StatusRuntimeException: UNAVAILABLE: io exception
2025-09-19 20:45:08,035 [8eb9963e-bce0-4155-aea2-e442cadff8bd@group-715EBF8096A7-LeaderElection189] INFO  impl.LeaderElection (LeaderElection.java:logAndReturn(206)) - 8eb9963e-bce0-4155-aea2-e442cadff8bd@group-715EBF8096A7-LeaderElection189: PRE_VOTE REJECTED received 0 response(s) and 2 exception(s):
2025-09-19 20:45:08,035 [8eb9963e-bce0-4155-aea2-e442cadff8bd@group-715EBF8096A7-LeaderElection189] INFO  impl.LeaderElection (LogUtils.java:infoOrTrace(142)) -   Exception 0: java.util.concurrent.ExecutionException: org.apache.ratis.thirdparty.io.grpc.StatusRuntimeException: UNAVAILABLE: io exception
2025-09-19 20:45:08,035 [8eb9963e-bce0-4155-aea2-e442cadff8bd@group-715EBF8096A7-LeaderElection189] INFO  impl.LeaderElection (LogUtils.java:infoOrTrace(142)) -   Exception 1: java.util.concurrent.ExecutionException: org.apache.ratis.thirdparty.io.grpc.StatusRuntimeException: UNAVAILABLE: io exception
2025-09-19 20:45:08,035 [8eb9963e-bce0-4155-aea2-e442cadff8bd@group-715EBF8096A7-LeaderElection189] INFO  impl.LeaderElection (LeaderElection.java:askForVotes(450)) - 8eb9963e-bce0-4155-aea2-e442cadff8bd@group-715EBF8096A7-LeaderElection189 PRE_VOTE round 0: result REJECTED
2025-09-19 20:45:08,035 [8eb9963e-bce0-4155-aea2-e442cadff8bd@group-715EBF8096A7-LeaderElection189] INFO  server.RaftServer$Division (RaftServerImpl.java:setRole(392)) - 8eb9963e-bce0-4155-aea2-e442cadff8bd@group-715EBF8096A7: changes role from CANDIDATE to FOLLOWER at term 5 for REJECTED
2025-09-19 20:45:08,035 [8eb9963e-bce0-4155-aea2-e442cadff8bd@group-715EBF8096A7-LeaderElection189] INFO  impl.RoleInfo (RoleInfo.java:shutdownLeaderElection(141)) - 8eb9963e-bce0-4155-aea2-e442cadff8bd: shutdown 8eb9963e-bce0-4155-aea2-e442cadff8bd@group-715EBF8096A7-LeaderElection189
2025-09-19 20:45:08,035 [8eb9963e-bce0-4155-aea2-e442cadff8bd@group-715EBF8096A7-LeaderElection189] INFO  impl.RoleInfo (RoleInfo.java:updateAndGet(148)) - 8eb9963e-bce0-4155-aea2-e442cadff8bd: start 8eb9963e-bce0-4155-aea2-e442cadff8bd@group-715EBF8096A7-FollowerState
2025-09-19 20:45:08,121 [8eb9963e-bce0-4155-aea2-e442cadff8bd@group-A751954341BD-FollowerState] INFO  impl.FollowerState (FollowerState.java:runImpl(161)) - 8eb9963e-bce0-4155-aea2-e442cadff8bd@group-A751954341BD-FollowerState: change to CANDIDATE, lastRpcElapsedTime:1065398345ns, electionTimeout:1065ms
2025-09-19 20:45:08,121 [8eb9963e-bce0-4155-aea2-e442cadff8bd@group-A751954341BD-FollowerState] INFO  impl.RoleInfo (RoleInfo.java:shutdownFollowerState(121)) - 8eb9963e-bce0-4155-aea2-e442cadff8bd: shutdown 8eb9963e-bce0-4155-aea2-e442cadff8bd@group-A751954341BD-FollowerState
2025-09-19 20:45:08,121 [8eb9963e-bce0-4155-aea2-e442cadff8bd@group-A751954341BD-FollowerState] INFO  server.RaftServer$Division (RaftServerImpl.java:setRole(392)) - 8eb9963e-bce0-4155-aea2-e442cadff8bd@group-A751954341BD: changes role from  FOLLOWER to CANDIDATE at term 2 for changeToCandidate
2025-09-19 20:45:08,121 [8eb9963e-bce0-4155-aea2-e442cadff8bd@group-A751954341BD-FollowerState] INFO  impl.RoleInfo (RoleInfo.java:updateAndGet(148)) - 8eb9963e-bce0-4155-aea2-e442cadff8bd: start 8eb9963e-bce0-4155-aea2-e442cadff8bd@group-A751954341BD-LeaderElection190
2025-09-19 20:45:08,121 [8eb9963e-bce0-4155-aea2-e442cadff8bd@group-A751954341BD-LeaderElection190] INFO  impl.LeaderElection (LeaderElection.java:askForVotes(448)) - 8eb9963e-bce0-4155-aea2-e442cadff8bd@group-A751954341BD-LeaderElection190 PRE_VOTE round 0: submit vote requests at term 2 for conf: {index: 1, cur=peers:[b5a25cc1-46d3-4381-a194-bd68f4526f1c|127.0.0.1:15031, 0df1231c-9f8a-4757-a7d0-f6d7f53bc482|127.0.0.1:15023, 8eb9963e-bce0-4155-aea2-e442cadff8bd|127.0.0.1:15015]|listeners:[], old=null}
2025-09-19 20:45:08,122 [8eb9963e-bce0-4155-aea2-e442cadff8bd@group-A751954341BD-LeaderElection190] INFO  impl.LeaderElection (LogUtils.java:infoOrTrace(142)) - 8eb9963e-bce0-4155-aea2-e442cadff8bd@group-A751954341BD-LeaderElection190 got exception when requesting votes: java.util.concurrent.ExecutionException: org.apache.ratis.thirdparty.io.grpc.StatusRuntimeException: UNAVAILABLE: io exception
2025-09-19 20:45:08,122 [8eb9963e-bce0-4155-aea2-e442cadff8bd@group-A751954341BD-LeaderElection190] INFO  impl.LeaderElection (LogUtils.java:infoOrTrace(142)) - 8eb9963e-bce0-4155-aea2-e442cadff8bd@group-A751954341BD-LeaderElection190 got exception when requesting votes: java.util.concurrent.ExecutionException: org.apache.ratis.thirdparty.io.grpc.StatusRuntimeException: UNAVAILABLE: io exception
2025-09-19 20:45:08,122 [8eb9963e-bce0-4155-aea2-e442cadff8bd@group-A751954341BD-LeaderElection190] INFO  impl.LeaderElection (LeaderElection.java:logAndReturn(206)) - 8eb9963e-bce0-4155-aea2-e442cadff8bd@group-A751954341BD-LeaderElection190: PRE_VOTE REJECTED received 0 response(s) and 2 exception(s):
2025-09-19 20:45:08,122 [8eb9963e-bce0-4155-aea2-e442cadff8bd@group-A751954341BD-LeaderElection190] INFO  impl.LeaderElection (LogUtils.java:infoOrTrace(142)) -   Exception 0: java.util.concurrent.ExecutionException: org.apache.ratis.thirdparty.io.grpc.StatusRuntimeException: UNAVAILABLE: io exception
2025-09-19 20:45:08,122 [8eb9963e-bce0-4155-aea2-e442cadff8bd@group-A751954341BD-LeaderElection190] INFO  impl.LeaderElection (LogUtils.java:infoOrTrace(142)) -   Exception 1: java.util.concurrent.ExecutionException: org.apache.ratis.thirdparty.io.grpc.StatusRuntimeException: UNAVAILABLE: io exception
2025-09-19 20:45:08,122 [8eb9963e-bce0-4155-aea2-e442cadff8bd@group-A751954341BD-LeaderElection190] INFO  impl.LeaderElection (LeaderElection.java:askForVotes(450)) - 8eb9963e-bce0-4155-aea2-e442cadff8bd@group-A751954341BD-LeaderElection190 PRE_VOTE round 0: result REJECTED
2025-09-19 20:45:08,122 [8eb9963e-bce0-4155-aea2-e442cadff8bd@group-A751954341BD-LeaderElection190] INFO  server.RaftServer$Division (RaftServerImpl.java:setRole(392)) - 8eb9963e-bce0-4155-aea2-e442cadff8bd@group-A751954341BD: changes role from CANDIDATE to FOLLOWER at term 2 for REJECTED
2025-09-19 20:45:08,122 [8eb9963e-bce0-4155-aea2-e442cadff8bd@group-A751954341BD-LeaderElection190] INFO  impl.RoleInfo (RoleInfo.java:shutdownLeaderElection(141)) - 8eb9963e-bce0-4155-aea2-e442cadff8bd: shutdown 8eb9963e-bce0-4155-aea2-e442cadff8bd@group-A751954341BD-LeaderElection190
2025-09-19 20:45:08,122 [8eb9963e-bce0-4155-aea2-e442cadff8bd@group-A751954341BD-LeaderElection190] INFO  impl.RoleInfo (RoleInfo.java:updateAndGet(148)) - 8eb9963e-bce0-4155-aea2-e442cadff8bd: start 8eb9963e-bce0-4155-aea2-e442cadff8bd@group-A751954341BD-FollowerState
2025-09-19 20:45:09,208 [8eb9963e-bce0-4155-aea2-e442cadff8bd@group-715EBF8096A7-FollowerState] INFO  impl.FollowerState (FollowerState.java:runImpl(161)) - 8eb9963e-bce0-4155-aea2-e442cadff8bd@group-715EBF8096A7-FollowerState: change to CANDIDATE, lastRpcElapsedTime:1173257875ns, electionTimeout:1173ms
2025-09-19 20:45:09,209 [8eb9963e-bce0-4155-aea2-e442cadff8bd@group-715EBF8096A7-FollowerState] INFO  impl.RoleInfo (RoleInfo.java:shutdownFollowerState(121)) - 8eb9963e-bce0-4155-aea2-e442cadff8bd: shutdown 8eb9963e-bce0-4155-aea2-e442cadff8bd@group-715EBF8096A7-FollowerState
2025-09-19 20:45:09,209 [8eb9963e-bce0-4155-aea2-e442cadff8bd@group-715EBF8096A7-FollowerState] INFO  server.RaftServer$Division (RaftServerImpl.java:setRole(392)) - 8eb9963e-bce0-4155-aea2-e442cadff8bd@group-715EBF8096A7: changes role from  FOLLOWER to CANDIDATE at term 5 for changeToCandidate
2025-09-19 20:45:09,209 [8eb9963e-bce0-4155-aea2-e442cadff8bd@group-715EBF8096A7-FollowerState] INFO  impl.RoleInfo (RoleInfo.java:updateAndGet(148)) - 8eb9963e-bce0-4155-aea2-e442cadff8bd: start 8eb9963e-bce0-4155-aea2-e442cadff8bd@group-715EBF8096A7-LeaderElection191
2025-09-19 20:45:09,209 [8eb9963e-bce0-4155-aea2-e442cadff8bd@group-715EBF8096A7-LeaderElection191] INFO  impl.LeaderElection (LeaderElection.java:askForVotes(448)) - 8eb9963e-bce0-4155-aea2-e442cadff8bd@group-715EBF8096A7-LeaderElection191 PRE_VOTE round 0: submit vote requests at term 5 for conf: {index: 11, cur=peers:[b5a25cc1-46d3-4381-a194-bd68f4526f1c|127.0.0.1:15031, 0df1231c-9f8a-4757-a7d0-f6d7f53bc482|127.0.0.1:15023, 8eb9963e-bce0-4155-aea2-e442cadff8bd|127.0.0.1:15015]|listeners:[], old=null}
2025-09-19 20:45:09,209 [8eb9963e-bce0-4155-aea2-e442cadff8bd@group-715EBF8096A7-LeaderElection191] INFO  impl.LeaderElection (LogUtils.java:infoOrTrace(142)) - 8eb9963e-bce0-4155-aea2-e442cadff8bd@group-715EBF8096A7-LeaderElection191 got exception when requesting votes: java.util.concurrent.ExecutionException: org.apache.ratis.thirdparty.io.grpc.StatusRuntimeException: UNAVAILABLE: io exception
2025-09-19 20:45:09,210 [8eb9963e-bce0-4155-aea2-e442cadff8bd@group-715EBF8096A7-LeaderElection191] INFO  impl.LeaderElection (LogUtils.java:infoOrTrace(142)) - 8eb9963e-bce0-4155-aea2-e442cadff8bd@group-715EBF8096A7-LeaderElection191 got exception when requesting votes: java.util.concurrent.ExecutionException: org.apache.ratis.thirdparty.io.grpc.StatusRuntimeException: UNAVAILABLE: io exception
2025-09-19 20:45:09,210 [8eb9963e-bce0-4155-aea2-e442cadff8bd@group-715EBF8096A7-LeaderElection191] INFO  impl.LeaderElection (LeaderElection.java:logAndReturn(206)) - 8eb9963e-bce0-4155-aea2-e442cadff8bd@group-715EBF8096A7-LeaderElection191: PRE_VOTE REJECTED received 0 response(s) and 2 exception(s):
2025-09-19 20:45:09,210 [8eb9963e-bce0-4155-aea2-e442cadff8bd@group-715EBF8096A7-LeaderElection191] INFO  impl.LeaderElection (LogUtils.java:infoOrTrace(142)) -   Exception 0: java.util.concurrent.ExecutionException: org.apache.ratis.thirdparty.io.grpc.StatusRuntimeException: UNAVAILABLE: io exception
2025-09-19 20:45:09,210 [8eb9963e-bce0-4155-aea2-e442cadff8bd@group-715EBF8096A7-LeaderElection191] INFO  impl.LeaderElection (LogUtils.java:infoOrTrace(142)) -   Exception 1: java.util.concurrent.ExecutionException: org.apache.ratis.thirdparty.io.grpc.StatusRuntimeException: UNAVAILABLE: io exception
2025-09-19 20:45:09,210 [8eb9963e-bce0-4155-aea2-e442cadff8bd@group-715EBF8096A7-LeaderElection191] INFO  impl.LeaderElection (LeaderElection.java:askForVotes(450)) - 8eb9963e-bce0-4155-aea2-e442cadff8bd@group-715EBF8096A7-LeaderElection191 PRE_VOTE round 0: result REJECTED
2025-09-19 20:45:09,210 [8eb9963e-bce0-4155-aea2-e442cadff8bd@group-715EBF8096A7-LeaderElection191] INFO  server.RaftServer$Division (RaftServerImpl.java:setRole(392)) - 8eb9963e-bce0-4155-aea2-e442cadff8bd@group-715EBF8096A7: changes role from CANDIDATE to FOLLOWER at term 5 for REJECTED
2025-09-19 20:45:09,210 [8eb9963e-bce0-4155-aea2-e442cadff8bd@group-715EBF8096A7-LeaderElection191] INFO  impl.RoleInfo (RoleInfo.java:shutdownLeaderElection(141)) - 8eb9963e-bce0-4155-aea2-e442cadff8bd: shutdown 8eb9963e-bce0-4155-aea2-e442cadff8bd@group-715EBF8096A7-LeaderElection191
2025-09-19 20:45:09,210 [8eb9963e-bce0-4155-aea2-e442cadff8bd@group-715EBF8096A7-LeaderElection191] INFO  impl.RoleInfo (RoleInfo.java:updateAndGet(148)) - 8eb9963e-bce0-4155-aea2-e442cadff8bd: start 8eb9963e-bce0-4155-aea2-e442cadff8bd@group-715EBF8096A7-FollowerState
2025-09-19 20:45:09,268 [8eb9963e-bce0-4155-aea2-e442cadff8bd@group-A751954341BD-FollowerState] INFO  impl.FollowerState (FollowerState.java:runImpl(161)) - 8eb9963e-bce0-4155-aea2-e442cadff8bd@group-A751954341BD-FollowerState: change to CANDIDATE, lastRpcElapsedTime:1145367074ns, electionTimeout:1145ms
2025-09-19 20:45:09,268 [8eb9963e-bce0-4155-aea2-e442cadff8bd@group-A751954341BD-FollowerState] INFO  impl.RoleInfo (RoleInfo.java:shutdownFollowerState(121)) - 8eb9963e-bce0-4155-aea2-e442cadff8bd: shutdown 8eb9963e-bce0-4155-aea2-e442cadff8bd@group-A751954341BD-FollowerState
2025-09-19 20:45:09,268 [8eb9963e-bce0-4155-aea2-e442cadff8bd@group-A751954341BD-FollowerState] INFO  server.RaftServer$Division (RaftServerImpl.java:setRole(392)) - 8eb9963e-bce0-4155-aea2-e442cadff8bd@group-A751954341BD: changes role from  FOLLOWER to CANDIDATE at term 2 for changeToCandidate
2025-09-19 20:45:09,268 [8eb9963e-bce0-4155-aea2-e442cadff8bd@group-A751954341BD-FollowerState] INFO  impl.RoleInfo (RoleInfo.java:updateAndGet(148)) - 8eb9963e-bce0-4155-aea2-e442cadff8bd: start 8eb9963e-bce0-4155-aea2-e442cadff8bd@group-A751954341BD-LeaderElection192
2025-09-19 20:45:09,268 [8eb9963e-bce0-4155-aea2-e442cadff8bd@group-A751954341BD-LeaderElection192] INFO  impl.LeaderElection (LeaderElection.java:askForVotes(448)) - 8eb9963e-bce0-4155-aea2-e442cadff8bd@group-A751954341BD-LeaderElection192 PRE_VOTE round 0: submit vote requests at term 2 for conf: {index: 1, cur=peers:[b5a25cc1-46d3-4381-a194-bd68f4526f1c|127.0.0.1:15031, 0df1231c-9f8a-4757-a7d0-f6d7f53bc482|127.0.0.1:15023, 8eb9963e-bce0-4155-aea2-e442cadff8bd|127.0.0.1:15015]|listeners:[], old=null}
2025-09-19 20:45:09,268 [8eb9963e-bce0-4155-aea2-e442cadff8bd@group-A751954341BD-LeaderElection192] INFO  impl.LeaderElection (LogUtils.java:infoOrTrace(142)) - 8eb9963e-bce0-4155-aea2-e442cadff8bd@group-A751954341BD-LeaderElection192 got exception when requesting votes: java.util.concurrent.ExecutionException: org.apache.ratis.thirdparty.io.grpc.StatusRuntimeException: UNAVAILABLE: io exception
2025-09-19 20:45:09,269 [8eb9963e-bce0-4155-aea2-e442cadff8bd@group-A751954341BD-LeaderElection192] INFO  impl.LeaderElection (LogUtils.java:infoOrTrace(142)) - 8eb9963e-bce0-4155-aea2-e442cadff8bd@group-A751954341BD-LeaderElection192 got exception when requesting votes: java.util.concurrent.ExecutionException: org.apache.ratis.thirdparty.io.grpc.StatusRuntimeException: UNAVAILABLE: io exception
2025-09-19 20:45:09,269 [8eb9963e-bce0-4155-aea2-e442cadff8bd@group-A751954341BD-LeaderElection192] INFO  impl.LeaderElection (LeaderElection.java:logAndReturn(206)) - 8eb9963e-bce0-4155-aea2-e442cadff8bd@group-A751954341BD-LeaderElection192: PRE_VOTE REJECTED received 0 response(s) and 2 exception(s):
2025-09-19 20:45:09,269 [8eb9963e-bce0-4155-aea2-e442cadff8bd@group-A751954341BD-LeaderElection192] INFO  impl.LeaderElection (LogUtils.java:infoOrTrace(142)) -   Exception 0: java.util.concurrent.ExecutionException: org.apache.ratis.thirdparty.io.grpc.StatusRuntimeException: UNAVAILABLE: io exception
2025-09-19 20:45:09,269 [8eb9963e-bce0-4155-aea2-e442cadff8bd@group-A751954341BD-LeaderElection192] INFO  impl.LeaderElection (LogUtils.java:infoOrTrace(142)) -   Exception 1: java.util.concurrent.ExecutionException: org.apache.ratis.thirdparty.io.grpc.StatusRuntimeException: UNAVAILABLE: io exception
2025-09-19 20:45:09,269 [8eb9963e-bce0-4155-aea2-e442cadff8bd@group-A751954341BD-LeaderElection192] INFO  impl.LeaderElection (LeaderElection.java:askForVotes(450)) - 8eb9963e-bce0-4155-aea2-e442cadff8bd@group-A751954341BD-LeaderElection192 PRE_VOTE round 0: result REJECTED
2025-09-19 20:45:09,269 [8eb9963e-bce0-4155-aea2-e442cadff8bd@group-A751954341BD-LeaderElection192] INFO  server.RaftServer$Division (RaftServerImpl.java:setRole(392)) - 8eb9963e-bce0-4155-aea2-e442cadff8bd@group-A751954341BD: changes role from CANDIDATE to FOLLOWER at term 2 for REJECTED
2025-09-19 20:45:09,269 [8eb9963e-bce0-4155-aea2-e442cadff8bd@group-A751954341BD-LeaderElection192] INFO  impl.RoleInfo (RoleInfo.java:shutdownLeaderElection(141)) - 8eb9963e-bce0-4155-aea2-e442cadff8bd: shutdown 8eb9963e-bce0-4155-aea2-e442cadff8bd@group-A751954341BD-LeaderElection192
2025-09-19 20:45:09,269 [8eb9963e-bce0-4155-aea2-e442cadff8bd@group-A751954341BD-LeaderElection192] INFO  impl.RoleInfo (RoleInfo.java:updateAndGet(148)) - 8eb9963e-bce0-4155-aea2-e442cadff8bd: start 8eb9963e-bce0-4155-aea2-e442cadff8bd@group-A751954341BD-FollowerState
2025-09-19 20:45:10,260 [8eb9963e-bce0-4155-aea2-e442cadff8bd@group-715EBF8096A7-FollowerState] INFO  impl.FollowerState (FollowerState.java:runImpl(161)) - 8eb9963e-bce0-4155-aea2-e442cadff8bd@group-715EBF8096A7-FollowerState: change to CANDIDATE, lastRpcElapsedTime:1050270651ns, electionTimeout:1050ms
2025-09-19 20:45:10,261 [8eb9963e-bce0-4155-aea2-e442cadff8bd@group-715EBF8096A7-FollowerState] INFO  impl.RoleInfo (RoleInfo.java:shutdownFollowerState(121)) - 8eb9963e-bce0-4155-aea2-e442cadff8bd: shutdown 8eb9963e-bce0-4155-aea2-e442cadff8bd@group-715EBF8096A7-FollowerState
2025-09-19 20:45:10,261 [8eb9963e-bce0-4155-aea2-e442cadff8bd@group-715EBF8096A7-FollowerState] INFO  server.RaftServer$Division (RaftServerImpl.java:setRole(392)) - 8eb9963e-bce0-4155-aea2-e442cadff8bd@group-715EBF8096A7: changes role from  FOLLOWER to CANDIDATE at term 5 for changeToCandidate
2025-09-19 20:45:10,261 [8eb9963e-bce0-4155-aea2-e442cadff8bd@group-715EBF8096A7-FollowerState] INFO  impl.RoleInfo (RoleInfo.java:updateAndGet(148)) - 8eb9963e-bce0-4155-aea2-e442cadff8bd: start 8eb9963e-bce0-4155-aea2-e442cadff8bd@group-715EBF8096A7-LeaderElection193
2025-09-19 20:45:10,261 [8eb9963e-bce0-4155-aea2-e442cadff8bd@group-715EBF8096A7-LeaderElection193] INFO  impl.LeaderElection (LeaderElection.java:askForVotes(448)) - 8eb9963e-bce0-4155-aea2-e442cadff8bd@group-715EBF8096A7-LeaderElection193 PRE_VOTE round 0: submit vote requests at term 5 for conf: {index: 11, cur=peers:[b5a25cc1-46d3-4381-a194-bd68f4526f1c|127.0.0.1:15031, 0df1231c-9f8a-4757-a7d0-f6d7f53bc482|127.0.0.1:15023, 8eb9963e-bce0-4155-aea2-e442cadff8bd|127.0.0.1:15015]|listeners:[], old=null}
2025-09-19 20:45:10,261 [8eb9963e-bce0-4155-aea2-e442cadff8bd@group-715EBF8096A7-LeaderElection193] INFO  impl.LeaderElection (LogUtils.java:infoOrTrace(142)) - 8eb9963e-bce0-4155-aea2-e442cadff8bd@group-715EBF8096A7-LeaderElection193 got exception when requesting votes: java.util.concurrent.ExecutionException: org.apache.ratis.thirdparty.io.grpc.StatusRuntimeException: UNAVAILABLE: io exception
2025-09-19 20:45:10,261 [8eb9963e-bce0-4155-aea2-e442cadff8bd@group-715EBF8096A7-LeaderElection193] INFO  impl.LeaderElection (LogUtils.java:infoOrTrace(142)) - 8eb9963e-bce0-4155-aea2-e442cadff8bd@group-715EBF8096A7-LeaderElection193 got exception when requesting votes: java.util.concurrent.ExecutionException: org.apache.ratis.thirdparty.io.grpc.StatusRuntimeException: UNAVAILABLE: io exception
2025-09-19 20:45:10,261 [8eb9963e-bce0-4155-aea2-e442cadff8bd@group-715EBF8096A7-LeaderElection193] INFO  impl.LeaderElection (LeaderElection.java:logAndReturn(206)) - 8eb9963e-bce0-4155-aea2-e442cadff8bd@group-715EBF8096A7-LeaderElection193: PRE_VOTE REJECTED received 0 response(s) and 2 exception(s):
2025-09-19 20:45:10,261 [8eb9963e-bce0-4155-aea2-e442cadff8bd@group-715EBF8096A7-LeaderElection193] INFO  impl.LeaderElection (LogUtils.java:infoOrTrace(142)) -   Exception 0: java.util.concurrent.ExecutionException: org.apache.ratis.thirdparty.io.grpc.StatusRuntimeException: UNAVAILABLE: io exception
2025-09-19 20:45:10,262 [8eb9963e-bce0-4155-aea2-e442cadff8bd@group-715EBF8096A7-LeaderElection193] INFO  impl.LeaderElection (LogUtils.java:infoOrTrace(142)) -   Exception 1: java.util.concurrent.ExecutionException: org.apache.ratis.thirdparty.io.grpc.StatusRuntimeException: UNAVAILABLE: io exception
2025-09-19 20:45:10,262 [8eb9963e-bce0-4155-aea2-e442cadff8bd@group-715EBF8096A7-LeaderElection193] INFO  impl.LeaderElection (LeaderElection.java:askForVotes(450)) - 8eb9963e-bce0-4155-aea2-e442cadff8bd@group-715EBF8096A7-LeaderElection193 PRE_VOTE round 0: result REJECTED
2025-09-19 20:45:10,262 [8eb9963e-bce0-4155-aea2-e442cadff8bd@group-715EBF8096A7-LeaderElection193] INFO  server.RaftServer$Division (RaftServerImpl.java:setRole(392)) - 8eb9963e-bce0-4155-aea2-e442cadff8bd@group-715EBF8096A7: changes role from CANDIDATE to FOLLOWER at term 5 for REJECTED
2025-09-19 20:45:10,262 [8eb9963e-bce0-4155-aea2-e442cadff8bd@group-715EBF8096A7-LeaderElection193] INFO  impl.RoleInfo (RoleInfo.java:shutdownLeaderElection(141)) - 8eb9963e-bce0-4155-aea2-e442cadff8bd: shutdown 8eb9963e-bce0-4155-aea2-e442cadff8bd@group-715EBF8096A7-LeaderElection193
2025-09-19 20:45:10,262 [8eb9963e-bce0-4155-aea2-e442cadff8bd@group-715EBF8096A7-LeaderElection193] INFO  impl.RoleInfo (RoleInfo.java:updateAndGet(148)) - 8eb9963e-bce0-4155-aea2-e442cadff8bd: start 8eb9963e-bce0-4155-aea2-e442cadff8bd@group-715EBF8096A7-FollowerState
2025-09-19 20:45:10,323 [8eb9963e-bce0-4155-aea2-e442cadff8bd@group-A751954341BD-FollowerState] INFO  impl.FollowerState (FollowerState.java:runImpl(161)) - 8eb9963e-bce0-4155-aea2-e442cadff8bd@group-A751954341BD-FollowerState: change to CANDIDATE, lastRpcElapsedTime:1054242673ns, electionTimeout:1054ms
2025-09-19 20:45:10,323 [8eb9963e-bce0-4155-aea2-e442cadff8bd@group-A751954341BD-FollowerState] INFO  impl.RoleInfo (RoleInfo.java:shutdownFollowerState(121)) - 8eb9963e-bce0-4155-aea2-e442cadff8bd: shutdown 8eb9963e-bce0-4155-aea2-e442cadff8bd@group-A751954341BD-FollowerState
2025-09-19 20:45:10,323 [8eb9963e-bce0-4155-aea2-e442cadff8bd@group-A751954341BD-FollowerState] INFO  server.RaftServer$Division (RaftServerImpl.java:setRole(392)) - 8eb9963e-bce0-4155-aea2-e442cadff8bd@group-A751954341BD: changes role from  FOLLOWER to CANDIDATE at term 2 for changeToCandidate
2025-09-19 20:45:10,323 [8eb9963e-bce0-4155-aea2-e442cadff8bd@group-A751954341BD-FollowerState] INFO  impl.RoleInfo (RoleInfo.java:updateAndGet(148)) - 8eb9963e-bce0-4155-aea2-e442cadff8bd: start 8eb9963e-bce0-4155-aea2-e442cadff8bd@group-A751954341BD-LeaderElection194
2025-09-19 20:45:10,323 [8eb9963e-bce0-4155-aea2-e442cadff8bd@group-A751954341BD-LeaderElection194] INFO  impl.LeaderElection (LeaderElection.java:askForVotes(448)) - 8eb9963e-bce0-4155-aea2-e442cadff8bd@group-A751954341BD-LeaderElection194 PRE_VOTE round 0: submit vote requests at term 2 for conf: {index: 1, cur=peers:[b5a25cc1-46d3-4381-a194-bd68f4526f1c|127.0.0.1:15031, 0df1231c-9f8a-4757-a7d0-f6d7f53bc482|127.0.0.1:15023, 8eb9963e-bce0-4155-aea2-e442cadff8bd|127.0.0.1:15015]|listeners:[], old=null}
2025-09-19 20:45:10,324 [8eb9963e-bce0-4155-aea2-e442cadff8bd@group-A751954341BD-LeaderElection194] INFO  impl.LeaderElection (LogUtils.java:infoOrTrace(142)) - 8eb9963e-bce0-4155-aea2-e442cadff8bd@group-A751954341BD-LeaderElection194 got exception when requesting votes: java.util.concurrent.ExecutionException: org.apache.ratis.thirdparty.io.grpc.StatusRuntimeException: UNAVAILABLE: io exception
2025-09-19 20:45:10,324 [8eb9963e-bce0-4155-aea2-e442cadff8bd@group-A751954341BD-LeaderElection194] INFO  impl.LeaderElection (LogUtils.java:infoOrTrace(142)) - 8eb9963e-bce0-4155-aea2-e442cadff8bd@group-A751954341BD-LeaderElection194 got exception when requesting votes: java.util.concurrent.ExecutionException: org.apache.ratis.thirdparty.io.grpc.StatusRuntimeException: UNAVAILABLE: io exception
2025-09-19 20:45:10,324 [8eb9963e-bce0-4155-aea2-e442cadff8bd@group-A751954341BD-LeaderElection194] INFO  impl.LeaderElection (LeaderElection.java:logAndReturn(206)) - 8eb9963e-bce0-4155-aea2-e442cadff8bd@group-A751954341BD-LeaderElection194: PRE_VOTE REJECTED received 0 response(s) and 2 exception(s):
2025-09-19 20:45:10,324 [8eb9963e-bce0-4155-aea2-e442cadff8bd@group-A751954341BD-LeaderElection194] INFO  impl.LeaderElection (LogUtils.java:infoOrTrace(142)) -   Exception 0: java.util.concurrent.ExecutionException: org.apache.ratis.thirdparty.io.grpc.StatusRuntimeException: UNAVAILABLE: io exception
2025-09-19 20:45:10,324 [8eb9963e-bce0-4155-aea2-e442cadff8bd@group-A751954341BD-LeaderElection194] INFO  impl.LeaderElection (LogUtils.java:infoOrTrace(142)) -   Exception 1: java.util.concurrent.ExecutionException: org.apache.ratis.thirdparty.io.grpc.StatusRuntimeException: UNAVAILABLE: io exception
2025-09-19 20:45:10,324 [8eb9963e-bce0-4155-aea2-e442cadff8bd@group-A751954341BD-LeaderElection194] INFO  impl.LeaderElection (LeaderElection.java:askForVotes(450)) - 8eb9963e-bce0-4155-aea2-e442cadff8bd@group-A751954341BD-LeaderElection194 PRE_VOTE round 0: result REJECTED
2025-09-19 20:45:10,324 [8eb9963e-bce0-4155-aea2-e442cadff8bd@group-A751954341BD-LeaderElection194] INFO  server.RaftServer$Division (RaftServerImpl.java:setRole(392)) - 8eb9963e-bce0-4155-aea2-e442cadff8bd@group-A751954341BD: changes role from CANDIDATE to FOLLOWER at term 2 for REJECTED
2025-09-19 20:45:10,324 [8eb9963e-bce0-4155-aea2-e442cadff8bd@group-A751954341BD-LeaderElection194] INFO  impl.RoleInfo (RoleInfo.java:shutdownLeaderElection(141)) - 8eb9963e-bce0-4155-aea2-e442cadff8bd: shutdown 8eb9963e-bce0-4155-aea2-e442cadff8bd@group-A751954341BD-LeaderElection194
2025-09-19 20:45:10,324 [8eb9963e-bce0-4155-aea2-e442cadff8bd@group-A751954341BD-LeaderElection194] INFO  impl.RoleInfo (RoleInfo.java:updateAndGet(148)) - 8eb9963e-bce0-4155-aea2-e442cadff8bd: start 8eb9963e-bce0-4155-aea2-e442cadff8bd@group-A751954341BD-FollowerState
2025-09-19 20:45:11,320 [8eb9963e-bce0-4155-aea2-e442cadff8bd@group-715EBF8096A7-FollowerState] INFO  impl.FollowerState (FollowerState.java:runImpl(161)) - 8eb9963e-bce0-4155-aea2-e442cadff8bd@group-715EBF8096A7-FollowerState: change to CANDIDATE, lastRpcElapsedTime:1058279847ns, electionTimeout:1058ms
2025-09-19 20:45:11,320 [8eb9963e-bce0-4155-aea2-e442cadff8bd@group-715EBF8096A7-FollowerState] INFO  impl.RoleInfo (RoleInfo.java:shutdownFollowerState(121)) - 8eb9963e-bce0-4155-aea2-e442cadff8bd: shutdown 8eb9963e-bce0-4155-aea2-e442cadff8bd@group-715EBF8096A7-FollowerState
2025-09-19 20:45:11,320 [8eb9963e-bce0-4155-aea2-e442cadff8bd@group-715EBF8096A7-FollowerState] INFO  server.RaftServer$Division (RaftServerImpl.java:setRole(392)) - 8eb9963e-bce0-4155-aea2-e442cadff8bd@group-715EBF8096A7: changes role from  FOLLOWER to CANDIDATE at term 5 for changeToCandidate
2025-09-19 20:45:11,320 [8eb9963e-bce0-4155-aea2-e442cadff8bd@group-715EBF8096A7-FollowerState] INFO  impl.RoleInfo (RoleInfo.java:updateAndGet(148)) - 8eb9963e-bce0-4155-aea2-e442cadff8bd: start 8eb9963e-bce0-4155-aea2-e442cadff8bd@group-715EBF8096A7-LeaderElection195
2025-09-19 20:45:11,321 [8eb9963e-bce0-4155-aea2-e442cadff8bd@group-715EBF8096A7-LeaderElection195] INFO  impl.LeaderElection (LeaderElection.java:askForVotes(448)) - 8eb9963e-bce0-4155-aea2-e442cadff8bd@group-715EBF8096A7-LeaderElection195 PRE_VOTE round 0: submit vote requests at term 5 for conf: {index: 11, cur=peers:[b5a25cc1-46d3-4381-a194-bd68f4526f1c|127.0.0.1:15031, 0df1231c-9f8a-4757-a7d0-f6d7f53bc482|127.0.0.1:15023, 8eb9963e-bce0-4155-aea2-e442cadff8bd|127.0.0.1:15015]|listeners:[], old=null}
2025-09-19 20:45:11,321 [8eb9963e-bce0-4155-aea2-e442cadff8bd@group-715EBF8096A7-LeaderElection195] INFO  impl.LeaderElection (LogUtils.java:infoOrTrace(142)) - 8eb9963e-bce0-4155-aea2-e442cadff8bd@group-715EBF8096A7-LeaderElection195 got exception when requesting votes: java.util.concurrent.ExecutionException: org.apache.ratis.thirdparty.io.grpc.StatusRuntimeException: UNAVAILABLE: io exception
2025-09-19 20:45:11,321 [8eb9963e-bce0-4155-aea2-e442cadff8bd@group-715EBF8096A7-LeaderElection195] INFO  impl.LeaderElection (LogUtils.java:infoOrTrace(142)) - 8eb9963e-bce0-4155-aea2-e442cadff8bd@group-715EBF8096A7-LeaderElection195 got exception when requesting votes: java.util.concurrent.ExecutionException: org.apache.ratis.thirdparty.io.grpc.StatusRuntimeException: UNAVAILABLE: io exception
2025-09-19 20:45:11,321 [8eb9963e-bce0-4155-aea2-e442cadff8bd@group-715EBF8096A7-LeaderElection195] INFO  impl.LeaderElection (LeaderElection.java:logAndReturn(206)) - 8eb9963e-bce0-4155-aea2-e442cadff8bd@group-715EBF8096A7-LeaderElection195: PRE_VOTE REJECTED received 0 response(s) and 2 exception(s):
2025-09-19 20:45:11,321 [8eb9963e-bce0-4155-aea2-e442cadff8bd@group-715EBF8096A7-LeaderElection195] INFO  impl.LeaderElection (LogUtils.java:infoOrTrace(142)) -   Exception 0: java.util.concurrent.ExecutionException: org.apache.ratis.thirdparty.io.grpc.StatusRuntimeException: UNAVAILABLE: io exception
2025-09-19 20:45:11,321 [8eb9963e-bce0-4155-aea2-e442cadff8bd@group-715EBF8096A7-LeaderElection195] INFO  impl.LeaderElection (LogUtils.java:infoOrTrace(142)) -   Exception 1: java.util.concurrent.ExecutionException: org.apache.ratis.thirdparty.io.grpc.StatusRuntimeException: UNAVAILABLE: io exception
2025-09-19 20:45:11,321 [8eb9963e-bce0-4155-aea2-e442cadff8bd@group-715EBF8096A7-LeaderElection195] INFO  impl.LeaderElection (LeaderElection.java:askForVotes(450)) - 8eb9963e-bce0-4155-aea2-e442cadff8bd@group-715EBF8096A7-LeaderElection195 PRE_VOTE round 0: result REJECTED
2025-09-19 20:45:11,321 [8eb9963e-bce0-4155-aea2-e442cadff8bd@group-715EBF8096A7-LeaderElection195] INFO  server.RaftServer$Division (RaftServerImpl.java:setRole(392)) - 8eb9963e-bce0-4155-aea2-e442cadff8bd@group-715EBF8096A7: changes role from CANDIDATE to FOLLOWER at term 5 for REJECTED
2025-09-19 20:45:11,321 [8eb9963e-bce0-4155-aea2-e442cadff8bd@group-715EBF8096A7-LeaderElection195] INFO  impl.RoleInfo (RoleInfo.java:shutdownLeaderElection(141)) - 8eb9963e-bce0-4155-aea2-e442cadff8bd: shutdown 8eb9963e-bce0-4155-aea2-e442cadff8bd@group-715EBF8096A7-LeaderElection195
2025-09-19 20:45:11,321 [8eb9963e-bce0-4155-aea2-e442cadff8bd@group-715EBF8096A7-LeaderElection195] INFO  impl.RoleInfo (RoleInfo.java:updateAndGet(148)) - 8eb9963e-bce0-4155-aea2-e442cadff8bd: start 8eb9963e-bce0-4155-aea2-e442cadff8bd@group-715EBF8096A7-FollowerState
2025-09-19 20:45:11,510 [8eb9963e-bce0-4155-aea2-e442cadff8bd@group-A751954341BD-FollowerState] INFO  impl.FollowerState (FollowerState.java:runImpl(161)) - 8eb9963e-bce0-4155-aea2-e442cadff8bd@group-A751954341BD-FollowerState: change to CANDIDATE, lastRpcElapsedTime:1186338927ns, electionTimeout:1186ms
2025-09-19 20:45:11,511 [8eb9963e-bce0-4155-aea2-e442cadff8bd@group-A751954341BD-FollowerState] INFO  impl.RoleInfo (RoleInfo.java:shutdownFollowerState(121)) - 8eb9963e-bce0-4155-aea2-e442cadff8bd: shutdown 8eb9963e-bce0-4155-aea2-e442cadff8bd@group-A751954341BD-FollowerState
2025-09-19 20:45:11,511 [8eb9963e-bce0-4155-aea2-e442cadff8bd@group-A751954341BD-FollowerState] INFO  server.RaftServer$Division (RaftServerImpl.java:setRole(392)) - 8eb9963e-bce0-4155-aea2-e442cadff8bd@group-A751954341BD: changes role from  FOLLOWER to CANDIDATE at term 2 for changeToCandidate
2025-09-19 20:45:11,511 [8eb9963e-bce0-4155-aea2-e442cadff8bd@group-A751954341BD-FollowerState] INFO  impl.RoleInfo (RoleInfo.java:updateAndGet(148)) - 8eb9963e-bce0-4155-aea2-e442cadff8bd: start 8eb9963e-bce0-4155-aea2-e442cadff8bd@group-A751954341BD-LeaderElection196
2025-09-19 20:45:11,511 [8eb9963e-bce0-4155-aea2-e442cadff8bd@group-A751954341BD-LeaderElection196] INFO  impl.LeaderElection (LeaderElection.java:askForVotes(448)) - 8eb9963e-bce0-4155-aea2-e442cadff8bd@group-A751954341BD-LeaderElection196 PRE_VOTE round 0: submit vote requests at term 2 for conf: {index: 1, cur=peers:[b5a25cc1-46d3-4381-a194-bd68f4526f1c|127.0.0.1:15031, 0df1231c-9f8a-4757-a7d0-f6d7f53bc482|127.0.0.1:15023, 8eb9963e-bce0-4155-aea2-e442cadff8bd|127.0.0.1:15015]|listeners:[], old=null}
2025-09-19 20:45:11,511 [8eb9963e-bce0-4155-aea2-e442cadff8bd@group-A751954341BD-LeaderElection196] INFO  impl.LeaderElection (LogUtils.java:infoOrTrace(142)) - 8eb9963e-bce0-4155-aea2-e442cadff8bd@group-A751954341BD-LeaderElection196 got exception when requesting votes: java.util.concurrent.ExecutionException: org.apache.ratis.thirdparty.io.grpc.StatusRuntimeException: UNAVAILABLE: io exception
2025-09-19 20:45:11,511 [8eb9963e-bce0-4155-aea2-e442cadff8bd@group-A751954341BD-LeaderElection196] INFO  impl.LeaderElection (LogUtils.java:infoOrTrace(142)) - 8eb9963e-bce0-4155-aea2-e442cadff8bd@group-A751954341BD-LeaderElection196 got exception when requesting votes: java.util.concurrent.ExecutionException: org.apache.ratis.thirdparty.io.grpc.StatusRuntimeException: UNAVAILABLE: io exception
2025-09-19 20:45:11,511 [8eb9963e-bce0-4155-aea2-e442cadff8bd@group-A751954341BD-LeaderElection196] INFO  impl.LeaderElection (LeaderElection.java:logAndReturn(206)) - 8eb9963e-bce0-4155-aea2-e442cadff8bd@group-A751954341BD-LeaderElection196: PRE_VOTE REJECTED received 0 response(s) and 2 exception(s):
2025-09-19 20:45:11,511 [8eb9963e-bce0-4155-aea2-e442cadff8bd@group-A751954341BD-LeaderElection196] INFO  impl.LeaderElection (LogUtils.java:infoOrTrace(142)) -   Exception 0: java.util.concurrent.ExecutionException: org.apache.ratis.thirdparty.io.grpc.StatusRuntimeException: UNAVAILABLE: io exception
2025-09-19 20:45:11,511 [8eb9963e-bce0-4155-aea2-e442cadff8bd@group-A751954341BD-LeaderElection196] INFO  impl.LeaderElection (LogUtils.java:infoOrTrace(142)) -   Exception 1: java.util.concurrent.ExecutionException: org.apache.ratis.thirdparty.io.grpc.StatusRuntimeException: UNAVAILABLE: io exception
2025-09-19 20:45:11,512 [8eb9963e-bce0-4155-aea2-e442cadff8bd@group-A751954341BD-LeaderElection196] INFO  impl.LeaderElection (LeaderElection.java:askForVotes(450)) - 8eb9963e-bce0-4155-aea2-e442cadff8bd@group-A751954341BD-LeaderElection196 PRE_VOTE round 0: result REJECTED
2025-09-19 20:45:11,512 [8eb9963e-bce0-4155-aea2-e442cadff8bd@group-A751954341BD-LeaderElection196] INFO  server.RaftServer$Division (RaftServerImpl.java:setRole(392)) - 8eb9963e-bce0-4155-aea2-e442cadff8bd@group-A751954341BD: changes role from CANDIDATE to FOLLOWER at term 2 for REJECTED
2025-09-19 20:45:11,512 [8eb9963e-bce0-4155-aea2-e442cadff8bd@group-A751954341BD-LeaderElection196] INFO  impl.RoleInfo (RoleInfo.java:shutdownLeaderElection(141)) - 8eb9963e-bce0-4155-aea2-e442cadff8bd: shutdown 8eb9963e-bce0-4155-aea2-e442cadff8bd@group-A751954341BD-LeaderElection196
2025-09-19 20:45:11,512 [8eb9963e-bce0-4155-aea2-e442cadff8bd@group-A751954341BD-LeaderElection196] INFO  impl.RoleInfo (RoleInfo.java:updateAndGet(148)) - 8eb9963e-bce0-4155-aea2-e442cadff8bd: start 8eb9963e-bce0-4155-aea2-e442cadff8bd@group-A751954341BD-FollowerState
2025-09-19 20:45:12,394 [grpc-default-executor-9] ERROR impl.OrderedAsync (OrderedAsync.java:lambda$null$6(215)) -  client-EE2AA9DBFBBD: Failed* RaftClientRequest:client-EE2AA9DBFBBD->b5a25cc1-46d3-4381-a194-bd68f4526f1c@group-715EBF8096A7, cid=40, seq=1*, Watch(0), null
java.util.concurrent.CompletionException: java.io.IOException: org.apache.ratis.thirdparty.io.grpc.StatusRuntimeException: UNAVAILABLE: io exception
	at java.base/java.util.concurrent.CompletableFuture.encodeThrowable(CompletableFuture.java:332)
	at java.base/java.util.concurrent.CompletableFuture.completeThrowable(CompletableFuture.java:347)
	at java.base/java.util.concurrent.CompletableFuture$UniAccept.tryFire(CompletableFuture.java:708)
	at java.base/java.util.concurrent.CompletableFuture.postComplete(CompletableFuture.java:510)
	at java.base/java.util.concurrent.CompletableFuture.completeExceptionally(CompletableFuture.java:2194)
	at org.apache.ratis.grpc.client.GrpcClientProtocolClient$AsyncStreamObservers.completeReplyExceptionally(GrpcClientProtocolClient.java:397)
	at org.apache.ratis.grpc.client.GrpcClientProtocolClient$AsyncStreamObservers.access$000(GrpcClientProtocolClient.java:303)
	at org.apache.ratis.grpc.client.GrpcClientProtocolClient$AsyncStreamObservers$1.onError(GrpcClientProtocolClient.java:334)
	at org.apache.ratis.thirdparty.io.grpc.stub.ClientCalls$StreamObserverToCallListenerAdapter.onClose(ClientCalls.java:564)
	at org.apache.ratis.thirdparty.io.grpc.PartialForwardingClientCallListener.onClose(PartialForwardingClientCallListener.java:39)
	at org.apache.ratis.thirdparty.io.grpc.ForwardingClientCallListener.onClose(ForwardingClientCallListener.java:23)
	at org.apache.ratis.grpc.metrics.intercept.client.MetricClientCallListener.onClose(MetricClientCallListener.java:47)
	at org.apache.ratis.thirdparty.io.grpc.internal.ClientCallImpl.closeObserver(ClientCallImpl.java:565)
	at org.apache.ratis.thirdparty.io.grpc.internal.ClientCallImpl.access$100(ClientCallImpl.java:72)
	at org.apache.ratis.thirdparty.io.grpc.internal.ClientCallImpl$ClientStreamListenerImpl$1StreamClosed.runInternal(ClientCallImpl.java:733)
	at org.apache.ratis.thirdparty.io.grpc.internal.ClientCallImpl$ClientStreamListenerImpl$1StreamClosed.runInContext(ClientCallImpl.java:714)
	at org.apache.ratis.thirdparty.io.grpc.internal.ContextRunnable.run(ContextRunnable.java:37)
	at org.apache.ratis.thirdparty.io.grpc.internal.SerializingExecutor.run(SerializingExecutor.java:133)
	at java.base/java.util.concurrent.ThreadPoolExecutor.runWorker(ThreadPoolExecutor.java:1144)
	at java.base/java.util.concurrent.ThreadPoolExecutor$Worker.run(ThreadPoolExecutor.java:642)
	at java.base/java.lang.Thread.run(Thread.java:1583)
Caused by: java.io.IOException: org.apache.ratis.thirdparty.io.grpc.StatusRuntimeException: UNAVAILABLE: io exception
	at org.apache.ratis.grpc.GrpcUtil.unwrapException(GrpcUtil.java:99)
	at org.apache.ratis.grpc.GrpcUtil.unwrapIOException(GrpcUtil.java:159)
	at org.apache.ratis.grpc.client.GrpcClientProtocolClient$AsyncStreamObservers$1.onError(GrpcClientProtocolClient.java:333)
	... 13 more
Caused by: org.apache.ratis.thirdparty.io.grpc.StatusRuntimeException: UNAVAILABLE: io exception
	at org.apache.ratis.thirdparty.io.grpc.Status.asRuntimeException(Status.java:532)
	... 13 more
Caused by: org.apache.ratis.thirdparty.io.netty.channel.AbstractChannel$AnnotatedConnectException: finishConnect(..) failed: Connection refused: /127.0.0.1:15029
Caused by: java.net.ConnectException: finishConnect(..) failed: Connection refused
	at org.apache.ratis.thirdparty.io.netty.channel.unix.Errors.newConnectException0(Errors.java:166)
	at org.apache.ratis.thirdparty.io.netty.channel.unix.Errors.handleConnectErrno(Errors.java:131)
	at org.apache.ratis.thirdparty.io.netty.channel.unix.Socket.finishConnect(Socket.java:359)
	at org.apache.ratis.thirdparty.io.netty.channel.epoll.AbstractEpollChannel$AbstractEpollUnsafe.doFinishConnect(AbstractEpollChannel.java:715)
	at org.apache.ratis.thirdparty.io.netty.channel.epoll.AbstractEpollChannel$AbstractEpollUnsafe.finishConnect(AbstractEpollChannel.java:692)
	at org.apache.ratis.thirdparty.io.netty.channel.epoll.AbstractEpollChannel$AbstractEpollUnsafe.epollOutReady(AbstractEpollChannel.java:567)
	at org.apache.ratis.thirdparty.io.netty.channel.epoll.EpollEventLoop.processReady(EpollEventLoop.java:491)
	at org.apache.ratis.thirdparty.io.netty.channel.epoll.EpollEventLoop.run(EpollEventLoop.java:399)
	at org.apache.ratis.thirdparty.io.netty.util.concurrent.SingleThreadEventExecutor$4.run(SingleThreadEventExecutor.java:998)
	at org.apache.ratis.thirdparty.io.netty.util.internal.ThreadExecutorMap$2.run(ThreadExecutorMap.java:74)
	at org.apache.ratis.thirdparty.io.netty.util.concurrent.FastThreadLocalRunnable.run(FastThreadLocalRunnable.java:30)
	at java.base/java.lang.Thread.run(Thread.java:1583)
2025-09-19 20:45:12,453 [8eb9963e-bce0-4155-aea2-e442cadff8bd@group-715EBF8096A7-FollowerState] INFO  impl.FollowerState (FollowerState.java:runImpl(161)) - 8eb9963e-bce0-4155-aea2-e442cadff8bd@group-715EBF8096A7-FollowerState: change to CANDIDATE, lastRpcElapsedTime:1131345757ns, electionTimeout:1131ms
2025-09-19 20:45:12,453 [8eb9963e-bce0-4155-aea2-e442cadff8bd@group-715EBF8096A7-FollowerState] INFO  impl.RoleInfo (RoleInfo.java:shutdownFollowerState(121)) - 8eb9963e-bce0-4155-aea2-e442cadff8bd: shutdown 8eb9963e-bce0-4155-aea2-e442cadff8bd@group-715EBF8096A7-FollowerState
2025-09-19 20:45:12,453 [8eb9963e-bce0-4155-aea2-e442cadff8bd@group-715EBF8096A7-FollowerState] INFO  server.RaftServer$Division (RaftServerImpl.java:setRole(392)) - 8eb9963e-bce0-4155-aea2-e442cadff8bd@group-715EBF8096A7: changes role from  FOLLOWER to CANDIDATE at term 5 for changeToCandidate
2025-09-19 20:45:12,453 [8eb9963e-bce0-4155-aea2-e442cadff8bd@group-715EBF8096A7-FollowerState] INFO  impl.RoleInfo (RoleInfo.java:updateAndGet(148)) - 8eb9963e-bce0-4155-aea2-e442cadff8bd: start 8eb9963e-bce0-4155-aea2-e442cadff8bd@group-715EBF8096A7-LeaderElection197
2025-09-19 20:45:12,453 [8eb9963e-bce0-4155-aea2-e442cadff8bd@group-715EBF8096A7-LeaderElection197] INFO  impl.LeaderElection (LeaderElection.java:askForVotes(448)) - 8eb9963e-bce0-4155-aea2-e442cadff8bd@group-715EBF8096A7-LeaderElection197 PRE_VOTE round 0: submit vote requests at term 5 for conf: {index: 11, cur=peers:[b5a25cc1-46d3-4381-a194-bd68f4526f1c|127.0.0.1:15031, 0df1231c-9f8a-4757-a7d0-f6d7f53bc482|127.0.0.1:15023, 8eb9963e-bce0-4155-aea2-e442cadff8bd|127.0.0.1:15015]|listeners:[], old=null}
2025-09-19 20:45:12,454 [8eb9963e-bce0-4155-aea2-e442cadff8bd@group-715EBF8096A7-LeaderElection197] INFO  impl.LeaderElection (LogUtils.java:infoOrTrace(142)) - 8eb9963e-bce0-4155-aea2-e442cadff8bd@group-715EBF8096A7-LeaderElection197 got exception when requesting votes: java.util.concurrent.ExecutionException: org.apache.ratis.thirdparty.io.grpc.StatusRuntimeException: UNAVAILABLE: io exception
2025-09-19 20:45:12,454 [8eb9963e-bce0-4155-aea2-e442cadff8bd@group-715EBF8096A7-LeaderElection197] INFO  impl.LeaderElection (LogUtils.java:infoOrTrace(142)) - 8eb9963e-bce0-4155-aea2-e442cadff8bd@group-715EBF8096A7-LeaderElection197 got exception when requesting votes: java.util.concurrent.ExecutionException: org.apache.ratis.thirdparty.io.grpc.StatusRuntimeException: UNAVAILABLE: io exception
2025-09-19 20:45:12,454 [8eb9963e-bce0-4155-aea2-e442cadff8bd@group-715EBF8096A7-LeaderElection197] INFO  impl.LeaderElection (LeaderElection.java:logAndReturn(206)) - 8eb9963e-bce0-4155-aea2-e442cadff8bd@group-715EBF8096A7-LeaderElection197: PRE_VOTE REJECTED received 0 response(s) and 2 exception(s):
2025-09-19 20:45:12,454 [8eb9963e-bce0-4155-aea2-e442cadff8bd@group-715EBF8096A7-LeaderElection197] INFO  impl.LeaderElection (LogUtils.java:infoOrTrace(142)) -   Exception 0: java.util.concurrent.ExecutionException: org.apache.ratis.thirdparty.io.grpc.StatusRuntimeException: UNAVAILABLE: io exception
2025-09-19 20:45:12,454 [8eb9963e-bce0-4155-aea2-e442cadff8bd@group-715EBF8096A7-LeaderElection197] INFO  impl.LeaderElection (LogUtils.java:infoOrTrace(142)) -   Exception 1: java.util.concurrent.ExecutionException: org.apache.ratis.thirdparty.io.grpc.StatusRuntimeException: UNAVAILABLE: io exception
2025-09-19 20:45:12,454 [8eb9963e-bce0-4155-aea2-e442cadff8bd@group-715EBF8096A7-LeaderElection197] INFO  impl.LeaderElection (LeaderElection.java:askForVotes(450)) - 8eb9963e-bce0-4155-aea2-e442cadff8bd@group-715EBF8096A7-LeaderElection197 PRE_VOTE round 0: result REJECTED
2025-09-19 20:45:12,454 [8eb9963e-bce0-4155-aea2-e442cadff8bd@group-715EBF8096A7-LeaderElection197] INFO  server.RaftServer$Division (RaftServerImpl.java:setRole(392)) - 8eb9963e-bce0-4155-aea2-e442cadff8bd@group-715EBF8096A7: changes role from CANDIDATE to FOLLOWER at term 5 for REJECTED
2025-09-19 20:45:12,454 [8eb9963e-bce0-4155-aea2-e442cadff8bd@group-715EBF8096A7-LeaderElection197] INFO  impl.RoleInfo (RoleInfo.java:shutdownLeaderElection(141)) - 8eb9963e-bce0-4155-aea2-e442cadff8bd: shutdown 8eb9963e-bce0-4155-aea2-e442cadff8bd@group-715EBF8096A7-LeaderElection197
2025-09-19 20:45:12,454 [8eb9963e-bce0-4155-aea2-e442cadff8bd@group-715EBF8096A7-LeaderElection197] INFO  impl.RoleInfo (RoleInfo.java:updateAndGet(148)) - 8eb9963e-bce0-4155-aea2-e442cadff8bd: start 8eb9963e-bce0-4155-aea2-e442cadff8bd@group-715EBF8096A7-FollowerState
2025-09-19 20:45:12,589 [8eb9963e-bce0-4155-aea2-e442cadff8bd@group-A751954341BD-FollowerState] INFO  impl.FollowerState (FollowerState.java:runImpl(161)) - 8eb9963e-bce0-4155-aea2-e442cadff8bd@group-A751954341BD-FollowerState: change to CANDIDATE, lastRpcElapsedTime:1077321030ns, electionTimeout:1077ms
2025-09-19 20:45:12,589 [8eb9963e-bce0-4155-aea2-e442cadff8bd@group-A751954341BD-FollowerState] INFO  impl.RoleInfo (RoleInfo.java:shutdownFollowerState(121)) - 8eb9963e-bce0-4155-aea2-e442cadff8bd: shutdown 8eb9963e-bce0-4155-aea2-e442cadff8bd@group-A751954341BD-FollowerState
2025-09-19 20:45:12,589 [8eb9963e-bce0-4155-aea2-e442cadff8bd@group-A751954341BD-FollowerState] INFO  server.RaftServer$Division (RaftServerImpl.java:setRole(392)) - 8eb9963e-bce0-4155-aea2-e442cadff8bd@group-A751954341BD: changes role from  FOLLOWER to CANDIDATE at term 2 for changeToCandidate
2025-09-19 20:45:12,589 [8eb9963e-bce0-4155-aea2-e442cadff8bd@group-A751954341BD-FollowerState] INFO  impl.RoleInfo (RoleInfo.java:updateAndGet(148)) - 8eb9963e-bce0-4155-aea2-e442cadff8bd: start 8eb9963e-bce0-4155-aea2-e442cadff8bd@group-A751954341BD-LeaderElection198
2025-09-19 20:45:12,590 [8eb9963e-bce0-4155-aea2-e442cadff8bd@group-A751954341BD-LeaderElection198] INFO  impl.LeaderElection (LeaderElection.java:askForVotes(448)) - 8eb9963e-bce0-4155-aea2-e442cadff8bd@group-A751954341BD-LeaderElection198 PRE_VOTE round 0: submit vote requests at term 2 for conf: {index: 1, cur=peers:[b5a25cc1-46d3-4381-a194-bd68f4526f1c|127.0.0.1:15031, 0df1231c-9f8a-4757-a7d0-f6d7f53bc482|127.0.0.1:15023, 8eb9963e-bce0-4155-aea2-e442cadff8bd|127.0.0.1:15015]|listeners:[], old=null}
2025-09-19 20:45:12,590 [8eb9963e-bce0-4155-aea2-e442cadff8bd@group-A751954341BD-LeaderElection198] INFO  impl.LeaderElection (LogUtils.java:infoOrTrace(142)) - 8eb9963e-bce0-4155-aea2-e442cadff8bd@group-A751954341BD-LeaderElection198 got exception when requesting votes: java.util.concurrent.ExecutionException: org.apache.ratis.thirdparty.io.grpc.StatusRuntimeException: UNAVAILABLE: io exception
2025-09-19 20:45:12,590 [8eb9963e-bce0-4155-aea2-e442cadff8bd@group-A751954341BD-LeaderElection198] INFO  impl.LeaderElection (LogUtils.java:infoOrTrace(142)) - 8eb9963e-bce0-4155-aea2-e442cadff8bd@group-A751954341BD-LeaderElection198 got exception when requesting votes: java.util.concurrent.ExecutionException: org.apache.ratis.thirdparty.io.grpc.StatusRuntimeException: UNAVAILABLE: io exception
2025-09-19 20:45:12,590 [8eb9963e-bce0-4155-aea2-e442cadff8bd@group-A751954341BD-LeaderElection198] INFO  impl.LeaderElection (LeaderElection.java:logAndReturn(206)) - 8eb9963e-bce0-4155-aea2-e442cadff8bd@group-A751954341BD-LeaderElection198: PRE_VOTE REJECTED received 0 response(s) and 2 exception(s):
2025-09-19 20:45:12,590 [8eb9963e-bce0-4155-aea2-e442cadff8bd@group-A751954341BD-LeaderElection198] INFO  impl.LeaderElection (LogUtils.java:infoOrTrace(142)) -   Exception 0: java.util.concurrent.ExecutionException: org.apache.ratis.thirdparty.io.grpc.StatusRuntimeException: UNAVAILABLE: io exception
2025-09-19 20:45:12,590 [8eb9963e-bce0-4155-aea2-e442cadff8bd@group-A751954341BD-LeaderElection198] INFO  impl.LeaderElection (LogUtils.java:infoOrTrace(142)) -   Exception 1: java.util.concurrent.ExecutionException: org.apache.ratis.thirdparty.io.grpc.StatusRuntimeException: UNAVAILABLE: io exception
2025-09-19 20:45:12,590 [8eb9963e-bce0-4155-aea2-e442cadff8bd@group-A751954341BD-LeaderElection198] INFO  impl.LeaderElection (LeaderElection.java:askForVotes(450)) - 8eb9963e-bce0-4155-aea2-e442cadff8bd@group-A751954341BD-LeaderElection198 PRE_VOTE round 0: result REJECTED
2025-09-19 20:45:12,590 [8eb9963e-bce0-4155-aea2-e442cadff8bd@group-A751954341BD-LeaderElection198] INFO  server.RaftServer$Division (RaftServerImpl.java:setRole(392)) - 8eb9963e-bce0-4155-aea2-e442cadff8bd@group-A751954341BD: changes role from CANDIDATE to FOLLOWER at term 2 for REJECTED
2025-09-19 20:45:12,590 [8eb9963e-bce0-4155-aea2-e442cadff8bd@group-A751954341BD-LeaderElection198] INFO  impl.RoleInfo (RoleInfo.java:shutdownLeaderElection(141)) - 8eb9963e-bce0-4155-aea2-e442cadff8bd: shutdown 8eb9963e-bce0-4155-aea2-e442cadff8bd@group-A751954341BD-LeaderElection198
2025-09-19 20:45:12,590 [8eb9963e-bce0-4155-aea2-e442cadff8bd@group-A751954341BD-LeaderElection198] INFO  impl.RoleInfo (RoleInfo.java:updateAndGet(148)) - 8eb9963e-bce0-4155-aea2-e442cadff8bd: start 8eb9963e-bce0-4155-aea2-e442cadff8bd@group-A751954341BD-FollowerState
2025-09-19 20:45:13,604 [8eb9963e-bce0-4155-aea2-e442cadff8bd@group-715EBF8096A7-FollowerState] INFO  impl.FollowerState (FollowerState.java:runImpl(161)) - 8eb9963e-bce0-4155-aea2-e442cadff8bd@group-715EBF8096A7-FollowerState: change to CANDIDATE, lastRpcElapsedTime:1150369533ns, electionTimeout:1150ms
2025-09-19 20:45:13,605 [8eb9963e-bce0-4155-aea2-e442cadff8bd@group-715EBF8096A7-FollowerState] INFO  impl.RoleInfo (RoleInfo.java:shutdownFollowerState(121)) - 8eb9963e-bce0-4155-aea2-e442cadff8bd: shutdown 8eb9963e-bce0-4155-aea2-e442cadff8bd@group-715EBF8096A7-FollowerState
2025-09-19 20:45:13,605 [8eb9963e-bce0-4155-aea2-e442cadff8bd@group-715EBF8096A7-FollowerState] INFO  server.RaftServer$Division (RaftServerImpl.java:setRole(392)) - 8eb9963e-bce0-4155-aea2-e442cadff8bd@group-715EBF8096A7: changes role from  FOLLOWER to CANDIDATE at term 5 for changeToCandidate
2025-09-19 20:45:13,605 [8eb9963e-bce0-4155-aea2-e442cadff8bd@group-715EBF8096A7-FollowerState] INFO  impl.RoleInfo (RoleInfo.java:updateAndGet(148)) - 8eb9963e-bce0-4155-aea2-e442cadff8bd: start 8eb9963e-bce0-4155-aea2-e442cadff8bd@group-715EBF8096A7-LeaderElection199
2025-09-19 20:45:13,605 [8eb9963e-bce0-4155-aea2-e442cadff8bd@group-715EBF8096A7-LeaderElection199] INFO  impl.LeaderElection (LeaderElection.java:askForVotes(448)) - 8eb9963e-bce0-4155-aea2-e442cadff8bd@group-715EBF8096A7-LeaderElection199 PRE_VOTE round 0: submit vote requests at term 5 for conf: {index: 11, cur=peers:[b5a25cc1-46d3-4381-a194-bd68f4526f1c|127.0.0.1:15031, 0df1231c-9f8a-4757-a7d0-f6d7f53bc482|127.0.0.1:15023, 8eb9963e-bce0-4155-aea2-e442cadff8bd|127.0.0.1:15015]|listeners:[], old=null}
2025-09-19 20:45:13,605 [8eb9963e-bce0-4155-aea2-e442cadff8bd@group-715EBF8096A7-LeaderElection199] INFO  impl.LeaderElection (LogUtils.java:infoOrTrace(142)) - 8eb9963e-bce0-4155-aea2-e442cadff8bd@group-715EBF8096A7-LeaderElection199 got exception when requesting votes: java.util.concurrent.ExecutionException: org.apache.ratis.thirdparty.io.grpc.StatusRuntimeException: UNAVAILABLE: io exception
2025-09-19 20:45:13,605 [8eb9963e-bce0-4155-aea2-e442cadff8bd@group-715EBF8096A7-LeaderElection199] INFO  impl.LeaderElection (LogUtils.java:infoOrTrace(142)) - 8eb9963e-bce0-4155-aea2-e442cadff8bd@group-715EBF8096A7-LeaderElection199 got exception when requesting votes: java.util.concurrent.ExecutionException: org.apache.ratis.thirdparty.io.grpc.StatusRuntimeException: UNAVAILABLE: io exception
2025-09-19 20:45:13,606 [8eb9963e-bce0-4155-aea2-e442cadff8bd@group-715EBF8096A7-LeaderElection199] INFO  impl.LeaderElection (LeaderElection.java:logAndReturn(206)) - 8eb9963e-bce0-4155-aea2-e442cadff8bd@group-715EBF8096A7-LeaderElection199: PRE_VOTE REJECTED received 0 response(s) and 2 exception(s):
2025-09-19 20:45:13,606 [8eb9963e-bce0-4155-aea2-e442cadff8bd@group-715EBF8096A7-LeaderElection199] INFO  impl.LeaderElection (LogUtils.java:infoOrTrace(142)) -   Exception 0: java.util.concurrent.ExecutionException: org.apache.ratis.thirdparty.io.grpc.StatusRuntimeException: UNAVAILABLE: io exception
2025-09-19 20:45:13,606 [8eb9963e-bce0-4155-aea2-e442cadff8bd@group-715EBF8096A7-LeaderElection199] INFO  impl.LeaderElection (LogUtils.java:infoOrTrace(142)) -   Exception 1: java.util.concurrent.ExecutionException: org.apache.ratis.thirdparty.io.grpc.StatusRuntimeException: UNAVAILABLE: io exception
2025-09-19 20:45:13,606 [8eb9963e-bce0-4155-aea2-e442cadff8bd@group-715EBF8096A7-LeaderElection199] INFO  impl.LeaderElection (LeaderElection.java:askForVotes(450)) - 8eb9963e-bce0-4155-aea2-e442cadff8bd@group-715EBF8096A7-LeaderElection199 PRE_VOTE round 0: result REJECTED
2025-09-19 20:45:13,606 [8eb9963e-bce0-4155-aea2-e442cadff8bd@group-715EBF8096A7-LeaderElection199] INFO  server.RaftServer$Division (RaftServerImpl.java:setRole(392)) - 8eb9963e-bce0-4155-aea2-e442cadff8bd@group-715EBF8096A7: changes role from CANDIDATE to FOLLOWER at term 5 for REJECTED
2025-09-19 20:45:13,606 [8eb9963e-bce0-4155-aea2-e442cadff8bd@group-715EBF8096A7-LeaderElection199] INFO  impl.RoleInfo (RoleInfo.java:shutdownLeaderElection(141)) - 8eb9963e-bce0-4155-aea2-e442cadff8bd: shutdown 8eb9963e-bce0-4155-aea2-e442cadff8bd@group-715EBF8096A7-LeaderElection199
2025-09-19 20:45:13,606 [8eb9963e-bce0-4155-aea2-e442cadff8bd@group-715EBF8096A7-LeaderElection199] INFO  impl.RoleInfo (RoleInfo.java:updateAndGet(148)) - 8eb9963e-bce0-4155-aea2-e442cadff8bd: start 8eb9963e-bce0-4155-aea2-e442cadff8bd@group-715EBF8096A7-FollowerState
2025-09-19 20:45:13,755 [8eb9963e-bce0-4155-aea2-e442cadff8bd@group-A751954341BD-FollowerState] INFO  impl.FollowerState (FollowerState.java:runImpl(161)) - 8eb9963e-bce0-4155-aea2-e442cadff8bd@group-A751954341BD-FollowerState: change to CANDIDATE, lastRpcElapsedTime:1164281793ns, electionTimeout:1164ms
2025-09-19 20:45:13,755 [8eb9963e-bce0-4155-aea2-e442cadff8bd@group-A751954341BD-FollowerState] INFO  impl.RoleInfo (RoleInfo.java:shutdownFollowerState(121)) - 8eb9963e-bce0-4155-aea2-e442cadff8bd: shutdown 8eb9963e-bce0-4155-aea2-e442cadff8bd@group-A751954341BD-FollowerState
2025-09-19 20:45:13,755 [8eb9963e-bce0-4155-aea2-e442cadff8bd@group-A751954341BD-FollowerState] INFO  server.RaftServer$Division (RaftServerImpl.java:setRole(392)) - 8eb9963e-bce0-4155-aea2-e442cadff8bd@group-A751954341BD: changes role from  FOLLOWER to CANDIDATE at term 2 for changeToCandidate
2025-09-19 20:45:13,755 [8eb9963e-bce0-4155-aea2-e442cadff8bd@group-A751954341BD-FollowerState] INFO  impl.RoleInfo (RoleInfo.java:updateAndGet(148)) - 8eb9963e-bce0-4155-aea2-e442cadff8bd: start 8eb9963e-bce0-4155-aea2-e442cadff8bd@group-A751954341BD-LeaderElection200
2025-09-19 20:45:13,755 [8eb9963e-bce0-4155-aea2-e442cadff8bd@group-A751954341BD-LeaderElection200] INFO  impl.LeaderElection (LeaderElection.java:askForVotes(448)) - 8eb9963e-bce0-4155-aea2-e442cadff8bd@group-A751954341BD-LeaderElection200 PRE_VOTE round 0: submit vote requests at term 2 for conf: {index: 1, cur=peers:[b5a25cc1-46d3-4381-a194-bd68f4526f1c|127.0.0.1:15031, 0df1231c-9f8a-4757-a7d0-f6d7f53bc482|127.0.0.1:15023, 8eb9963e-bce0-4155-aea2-e442cadff8bd|127.0.0.1:15015]|listeners:[], old=null}
2025-09-19 20:45:13,756 [8eb9963e-bce0-4155-aea2-e442cadff8bd@group-A751954341BD-LeaderElection200] INFO  impl.LeaderElection (LogUtils.java:infoOrTrace(142)) - 8eb9963e-bce0-4155-aea2-e442cadff8bd@group-A751954341BD-LeaderElection200 got exception when requesting votes: java.util.concurrent.ExecutionException: org.apache.ratis.thirdparty.io.grpc.StatusRuntimeException: UNAVAILABLE: io exception
2025-09-19 20:45:13,756 [8eb9963e-bce0-4155-aea2-e442cadff8bd@group-A751954341BD-LeaderElection200] INFO  impl.LeaderElection (LogUtils.java:infoOrTrace(142)) - 8eb9963e-bce0-4155-aea2-e442cadff8bd@group-A751954341BD-LeaderElection200 got exception when requesting votes: java.util.concurrent.ExecutionException: org.apache.ratis.thirdparty.io.grpc.StatusRuntimeException: UNAVAILABLE: io exception
2025-09-19 20:45:13,756 [8eb9963e-bce0-4155-aea2-e442cadff8bd@group-A751954341BD-LeaderElection200] INFO  impl.LeaderElection (LeaderElection.java:logAndReturn(206)) - 8eb9963e-bce0-4155-aea2-e442cadff8bd@group-A751954341BD-LeaderElection200: PRE_VOTE REJECTED received 0 response(s) and 2 exception(s):
2025-09-19 20:45:13,756 [8eb9963e-bce0-4155-aea2-e442cadff8bd@group-A751954341BD-LeaderElection200] INFO  impl.LeaderElection (LogUtils.java:infoOrTrace(142)) -   Exception 0: java.util.concurrent.ExecutionException: org.apache.ratis.thirdparty.io.grpc.StatusRuntimeException: UNAVAILABLE: io exception
2025-09-19 20:45:13,756 [8eb9963e-bce0-4155-aea2-e442cadff8bd@group-A751954341BD-LeaderElection200] INFO  impl.LeaderElection (LogUtils.java:infoOrTrace(142)) -   Exception 1: java.util.concurrent.ExecutionException: org.apache.ratis.thirdparty.io.grpc.StatusRuntimeException: UNAVAILABLE: io exception
2025-09-19 20:45:13,756 [8eb9963e-bce0-4155-aea2-e442cadff8bd@group-A751954341BD-LeaderElection200] INFO  impl.LeaderElection (LeaderElection.java:askForVotes(450)) - 8eb9963e-bce0-4155-aea2-e442cadff8bd@group-A751954341BD-LeaderElection200 PRE_VOTE round 0: result REJECTED
2025-09-19 20:45:13,756 [8eb9963e-bce0-4155-aea2-e442cadff8bd@group-A751954341BD-LeaderElection200] INFO  server.RaftServer$Division (RaftServerImpl.java:setRole(392)) - 8eb9963e-bce0-4155-aea2-e442cadff8bd@group-A751954341BD: changes role from CANDIDATE to FOLLOWER at term 2 for REJECTED
2025-09-19 20:45:13,756 [8eb9963e-bce0-4155-aea2-e442cadff8bd@group-A751954341BD-LeaderElection200] INFO  impl.RoleInfo (RoleInfo.java:shutdownLeaderElection(141)) - 8eb9963e-bce0-4155-aea2-e442cadff8bd: shutdown 8eb9963e-bce0-4155-aea2-e442cadff8bd@group-A751954341BD-LeaderElection200
2025-09-19 20:45:13,756 [8eb9963e-bce0-4155-aea2-e442cadff8bd@group-A751954341BD-LeaderElection200] INFO  impl.RoleInfo (RoleInfo.java:updateAndGet(148)) - 8eb9963e-bce0-4155-aea2-e442cadff8bd: start 8eb9963e-bce0-4155-aea2-e442cadff8bd@group-A751954341BD-FollowerState
2025-09-19 20:45:14,689 [8eb9963e-bce0-4155-aea2-e442cadff8bd@group-715EBF8096A7-FollowerState] INFO  impl.FollowerState (FollowerState.java:runImpl(161)) - 8eb9963e-bce0-4155-aea2-e442cadff8bd@group-715EBF8096A7-FollowerState: change to CANDIDATE, lastRpcElapsedTime:1083270467ns, electionTimeout:1083ms
2025-09-19 20:45:14,689 [8eb9963e-bce0-4155-aea2-e442cadff8bd@group-715EBF8096A7-FollowerState] INFO  impl.RoleInfo (RoleInfo.java:shutdownFollowerState(121)) - 8eb9963e-bce0-4155-aea2-e442cadff8bd: shutdown 8eb9963e-bce0-4155-aea2-e442cadff8bd@group-715EBF8096A7-FollowerState
2025-09-19 20:45:14,689 [8eb9963e-bce0-4155-aea2-e442cadff8bd@group-715EBF8096A7-FollowerState] INFO  server.RaftServer$Division (RaftServerImpl.java:setRole(392)) - 8eb9963e-bce0-4155-aea2-e442cadff8bd@group-715EBF8096A7: changes role from  FOLLOWER to CANDIDATE at term 5 for changeToCandidate
2025-09-19 20:45:14,689 [8eb9963e-bce0-4155-aea2-e442cadff8bd@group-715EBF8096A7-FollowerState] INFO  impl.RoleInfo (RoleInfo.java:updateAndGet(148)) - 8eb9963e-bce0-4155-aea2-e442cadff8bd: start 8eb9963e-bce0-4155-aea2-e442cadff8bd@group-715EBF8096A7-LeaderElection201
2025-09-19 20:45:14,690 [8eb9963e-bce0-4155-aea2-e442cadff8bd@group-715EBF8096A7-LeaderElection201] INFO  impl.LeaderElection (LeaderElection.java:askForVotes(448)) - 8eb9963e-bce0-4155-aea2-e442cadff8bd@group-715EBF8096A7-LeaderElection201 PRE_VOTE round 0: submit vote requests at term 5 for conf: {index: 11, cur=peers:[b5a25cc1-46d3-4381-a194-bd68f4526f1c|127.0.0.1:15031, 0df1231c-9f8a-4757-a7d0-f6d7f53bc482|127.0.0.1:15023, 8eb9963e-bce0-4155-aea2-e442cadff8bd|127.0.0.1:15015]|listeners:[], old=null}
2025-09-19 20:45:14,690 [8eb9963e-bce0-4155-aea2-e442cadff8bd@group-715EBF8096A7-LeaderElection201] INFO  impl.LeaderElection (LogUtils.java:infoOrTrace(142)) - 8eb9963e-bce0-4155-aea2-e442cadff8bd@group-715EBF8096A7-LeaderElection201 got exception when requesting votes: java.util.concurrent.ExecutionException: org.apache.ratis.thirdparty.io.grpc.StatusRuntimeException: UNAVAILABLE: io exception
2025-09-19 20:45:14,690 [8eb9963e-bce0-4155-aea2-e442cadff8bd@group-715EBF8096A7-LeaderElection201] INFO  impl.LeaderElection (LogUtils.java:infoOrTrace(142)) - 8eb9963e-bce0-4155-aea2-e442cadff8bd@group-715EBF8096A7-LeaderElection201 got exception when requesting votes: java.util.concurrent.ExecutionException: org.apache.ratis.thirdparty.io.grpc.StatusRuntimeException: UNAVAILABLE: io exception
2025-09-19 20:45:14,690 [8eb9963e-bce0-4155-aea2-e442cadff8bd@group-715EBF8096A7-LeaderElection201] INFO  impl.LeaderElection (LeaderElection.java:logAndReturn(206)) - 8eb9963e-bce0-4155-aea2-e442cadff8bd@group-715EBF8096A7-LeaderElection201: PRE_VOTE REJECTED received 0 response(s) and 2 exception(s):
2025-09-19 20:45:14,690 [8eb9963e-bce0-4155-aea2-e442cadff8bd@group-715EBF8096A7-LeaderElection201] INFO  impl.LeaderElection (LogUtils.java:infoOrTrace(142)) -   Exception 0: java.util.concurrent.ExecutionException: org.apache.ratis.thirdparty.io.grpc.StatusRuntimeException: UNAVAILABLE: io exception
2025-09-19 20:45:14,690 [8eb9963e-bce0-4155-aea2-e442cadff8bd@group-715EBF8096A7-LeaderElection201] INFO  impl.LeaderElection (LogUtils.java:infoOrTrace(142)) -   Exception 1: java.util.concurrent.ExecutionException: org.apache.ratis.thirdparty.io.grpc.StatusRuntimeException: UNAVAILABLE: io exception
2025-09-19 20:45:14,690 [8eb9963e-bce0-4155-aea2-e442cadff8bd@group-715EBF8096A7-LeaderElection201] INFO  impl.LeaderElection (LeaderElection.java:askForVotes(450)) - 8eb9963e-bce0-4155-aea2-e442cadff8bd@group-715EBF8096A7-LeaderElection201 PRE_VOTE round 0: result REJECTED
2025-09-19 20:45:14,690 [8eb9963e-bce0-4155-aea2-e442cadff8bd@group-715EBF8096A7-LeaderElection201] INFO  server.RaftServer$Division (RaftServerImpl.java:setRole(392)) - 8eb9963e-bce0-4155-aea2-e442cadff8bd@group-715EBF8096A7: changes role from CANDIDATE to FOLLOWER at term 5 for REJECTED
2025-09-19 20:45:14,690 [8eb9963e-bce0-4155-aea2-e442cadff8bd@group-715EBF8096A7-LeaderElection201] INFO  impl.RoleInfo (RoleInfo.java:shutdownLeaderElection(141)) - 8eb9963e-bce0-4155-aea2-e442cadff8bd: shutdown 8eb9963e-bce0-4155-aea2-e442cadff8bd@group-715EBF8096A7-LeaderElection201
2025-09-19 20:45:14,690 [8eb9963e-bce0-4155-aea2-e442cadff8bd@group-715EBF8096A7-LeaderElection201] INFO  impl.RoleInfo (RoleInfo.java:updateAndGet(148)) - 8eb9963e-bce0-4155-aea2-e442cadff8bd: start 8eb9963e-bce0-4155-aea2-e442cadff8bd@group-715EBF8096A7-FollowerState
2025-09-19 20:45:14,776 [8eb9963e-bce0-4155-aea2-e442cadff8bd@group-A751954341BD-FollowerState] INFO  impl.FollowerState (FollowerState.java:runImpl(161)) - 8eb9963e-bce0-4155-aea2-e442cadff8bd@group-A751954341BD-FollowerState: change to CANDIDATE, lastRpcElapsedTime:1020234384ns, electionTimeout:1020ms
2025-09-19 20:45:14,776 [8eb9963e-bce0-4155-aea2-e442cadff8bd@group-A751954341BD-FollowerState] INFO  impl.RoleInfo (RoleInfo.java:shutdownFollowerState(121)) - 8eb9963e-bce0-4155-aea2-e442cadff8bd: shutdown 8eb9963e-bce0-4155-aea2-e442cadff8bd@group-A751954341BD-FollowerState
2025-09-19 20:45:14,776 [8eb9963e-bce0-4155-aea2-e442cadff8bd@group-A751954341BD-FollowerState] INFO  server.RaftServer$Division (RaftServerImpl.java:setRole(392)) - 8eb9963e-bce0-4155-aea2-e442cadff8bd@group-A751954341BD: changes role from  FOLLOWER to CANDIDATE at term 2 for changeToCandidate
2025-09-19 20:45:14,776 [8eb9963e-bce0-4155-aea2-e442cadff8bd@group-A751954341BD-FollowerState] INFO  impl.RoleInfo (RoleInfo.java:updateAndGet(148)) - 8eb9963e-bce0-4155-aea2-e442cadff8bd: start 8eb9963e-bce0-4155-aea2-e442cadff8bd@group-A751954341BD-LeaderElection202
2025-09-19 20:45:14,777 [8eb9963e-bce0-4155-aea2-e442cadff8bd@group-A751954341BD-LeaderElection202] INFO  impl.LeaderElection (LeaderElection.java:askForVotes(448)) - 8eb9963e-bce0-4155-aea2-e442cadff8bd@group-A751954341BD-LeaderElection202 PRE_VOTE round 0: submit vote requests at term 2 for conf: {index: 1, cur=peers:[b5a25cc1-46d3-4381-a194-bd68f4526f1c|127.0.0.1:15031, 0df1231c-9f8a-4757-a7d0-f6d7f53bc482|127.0.0.1:15023, 8eb9963e-bce0-4155-aea2-e442cadff8bd|127.0.0.1:15015]|listeners:[], old=null}
2025-09-19 20:45:14,777 [8eb9963e-bce0-4155-aea2-e442cadff8bd@group-A751954341BD-LeaderElection202] INFO  impl.LeaderElection (LogUtils.java:infoOrTrace(142)) - 8eb9963e-bce0-4155-aea2-e442cadff8bd@group-A751954341BD-LeaderElection202 got exception when requesting votes: java.util.concurrent.ExecutionException: org.apache.ratis.thirdparty.io.grpc.StatusRuntimeException: UNAVAILABLE: io exception
2025-09-19 20:45:14,777 [8eb9963e-bce0-4155-aea2-e442cadff8bd@group-A751954341BD-LeaderElection202] INFO  impl.LeaderElection (LogUtils.java:infoOrTrace(142)) - 8eb9963e-bce0-4155-aea2-e442cadff8bd@group-A751954341BD-LeaderElection202 got exception when requesting votes: java.util.concurrent.ExecutionException: org.apache.ratis.thirdparty.io.grpc.StatusRuntimeException: UNAVAILABLE: io exception
2025-09-19 20:45:14,777 [8eb9963e-bce0-4155-aea2-e442cadff8bd@group-A751954341BD-LeaderElection202] INFO  impl.LeaderElection (LeaderElection.java:logAndReturn(206)) - 8eb9963e-bce0-4155-aea2-e442cadff8bd@group-A751954341BD-LeaderElection202: PRE_VOTE REJECTED received 0 response(s) and 2 exception(s):
2025-09-19 20:45:14,777 [8eb9963e-bce0-4155-aea2-e442cadff8bd@group-A751954341BD-LeaderElection202] INFO  impl.LeaderElection (LogUtils.java:infoOrTrace(142)) -   Exception 0: java.util.concurrent.ExecutionException: org.apache.ratis.thirdparty.io.grpc.StatusRuntimeException: UNAVAILABLE: io exception
2025-09-19 20:45:14,777 [8eb9963e-bce0-4155-aea2-e442cadff8bd@group-A751954341BD-LeaderElection202] INFO  impl.LeaderElection (LogUtils.java:infoOrTrace(142)) -   Exception 1: java.util.concurrent.ExecutionException: org.apache.ratis.thirdparty.io.grpc.StatusRuntimeException: UNAVAILABLE: io exception
2025-09-19 20:45:14,777 [8eb9963e-bce0-4155-aea2-e442cadff8bd@group-A751954341BD-LeaderElection202] INFO  impl.LeaderElection (LeaderElection.java:askForVotes(450)) - 8eb9963e-bce0-4155-aea2-e442cadff8bd@group-A751954341BD-LeaderElection202 PRE_VOTE round 0: result REJECTED
2025-09-19 20:45:14,777 [8eb9963e-bce0-4155-aea2-e442cadff8bd@group-A751954341BD-LeaderElection202] INFO  server.RaftServer$Division (RaftServerImpl.java:setRole(392)) - 8eb9963e-bce0-4155-aea2-e442cadff8bd@group-A751954341BD: changes role from CANDIDATE to FOLLOWER at term 2 for REJECTED
2025-09-19 20:45:14,777 [8eb9963e-bce0-4155-aea2-e442cadff8bd@group-A751954341BD-LeaderElection202] INFO  impl.RoleInfo (RoleInfo.java:shutdownLeaderElection(141)) - 8eb9963e-bce0-4155-aea2-e442cadff8bd: shutdown 8eb9963e-bce0-4155-aea2-e442cadff8bd@group-A751954341BD-LeaderElection202
2025-09-19 20:45:14,778 [8eb9963e-bce0-4155-aea2-e442cadff8bd@group-A751954341BD-LeaderElection202] INFO  impl.RoleInfo (RoleInfo.java:updateAndGet(148)) - 8eb9963e-bce0-4155-aea2-e442cadff8bd: start 8eb9963e-bce0-4155-aea2-e442cadff8bd@group-A751954341BD-FollowerState
2025-09-19 20:45:15,752 [8eb9963e-bce0-4155-aea2-e442cadff8bd@group-715EBF8096A7-FollowerState] INFO  impl.FollowerState (FollowerState.java:runImpl(161)) - 8eb9963e-bce0-4155-aea2-e442cadff8bd@group-715EBF8096A7-FollowerState: change to CANDIDATE, lastRpcElapsedTime:1061308995ns, electionTimeout:1061ms
2025-09-19 20:45:15,752 [8eb9963e-bce0-4155-aea2-e442cadff8bd@group-715EBF8096A7-FollowerState] INFO  impl.RoleInfo (RoleInfo.java:shutdownFollowerState(121)) - 8eb9963e-bce0-4155-aea2-e442cadff8bd: shutdown 8eb9963e-bce0-4155-aea2-e442cadff8bd@group-715EBF8096A7-FollowerState
2025-09-19 20:45:15,752 [8eb9963e-bce0-4155-aea2-e442cadff8bd@group-715EBF8096A7-FollowerState] INFO  server.RaftServer$Division (RaftServerImpl.java:setRole(392)) - 8eb9963e-bce0-4155-aea2-e442cadff8bd@group-715EBF8096A7: changes role from  FOLLOWER to CANDIDATE at term 5 for changeToCandidate
2025-09-19 20:45:15,752 [8eb9963e-bce0-4155-aea2-e442cadff8bd@group-715EBF8096A7-FollowerState] INFO  impl.RoleInfo (RoleInfo.java:updateAndGet(148)) - 8eb9963e-bce0-4155-aea2-e442cadff8bd: start 8eb9963e-bce0-4155-aea2-e442cadff8bd@group-715EBF8096A7-LeaderElection203
2025-09-19 20:45:15,752 [8eb9963e-bce0-4155-aea2-e442cadff8bd@group-715EBF8096A7-LeaderElection203] INFO  impl.LeaderElection (LeaderElection.java:askForVotes(448)) - 8eb9963e-bce0-4155-aea2-e442cadff8bd@group-715EBF8096A7-LeaderElection203 PRE_VOTE round 0: submit vote requests at term 5 for conf: {index: 11, cur=peers:[b5a25cc1-46d3-4381-a194-bd68f4526f1c|127.0.0.1:15031, 0df1231c-9f8a-4757-a7d0-f6d7f53bc482|127.0.0.1:15023, 8eb9963e-bce0-4155-aea2-e442cadff8bd|127.0.0.1:15015]|listeners:[], old=null}
2025-09-19 20:45:15,753 [8eb9963e-bce0-4155-aea2-e442cadff8bd@group-715EBF8096A7-LeaderElection203] INFO  impl.LeaderElection (LogUtils.java:infoOrTrace(142)) - 8eb9963e-bce0-4155-aea2-e442cadff8bd@group-715EBF8096A7-LeaderElection203 got exception when requesting votes: java.util.concurrent.ExecutionException: org.apache.ratis.thirdparty.io.grpc.StatusRuntimeException: UNAVAILABLE: io exception
2025-09-19 20:45:15,753 [8eb9963e-bce0-4155-aea2-e442cadff8bd@group-715EBF8096A7-LeaderElection203] INFO  impl.LeaderElection (LogUtils.java:infoOrTrace(142)) - 8eb9963e-bce0-4155-aea2-e442cadff8bd@group-715EBF8096A7-LeaderElection203 got exception when requesting votes: java.util.concurrent.ExecutionException: org.apache.ratis.thirdparty.io.grpc.StatusRuntimeException: UNAVAILABLE: io exception
2025-09-19 20:45:15,753 [8eb9963e-bce0-4155-aea2-e442cadff8bd@group-715EBF8096A7-LeaderElection203] INFO  impl.LeaderElection (LeaderElection.java:logAndReturn(206)) - 8eb9963e-bce0-4155-aea2-e442cadff8bd@group-715EBF8096A7-LeaderElection203: PRE_VOTE REJECTED received 0 response(s) and 2 exception(s):
2025-09-19 20:45:15,753 [8eb9963e-bce0-4155-aea2-e442cadff8bd@group-715EBF8096A7-LeaderElection203] INFO  impl.LeaderElection (LogUtils.java:infoOrTrace(142)) -   Exception 0: java.util.concurrent.ExecutionException: org.apache.ratis.thirdparty.io.grpc.StatusRuntimeException: UNAVAILABLE: io exception
2025-09-19 20:45:15,753 [8eb9963e-bce0-4155-aea2-e442cadff8bd@group-715EBF8096A7-LeaderElection203] INFO  impl.LeaderElection (LogUtils.java:infoOrTrace(142)) -   Exception 1: java.util.concurrent.ExecutionException: org.apache.ratis.thirdparty.io.grpc.StatusRuntimeException: UNAVAILABLE: io exception
2025-09-19 20:45:15,753 [8eb9963e-bce0-4155-aea2-e442cadff8bd@group-715EBF8096A7-LeaderElection203] INFO  impl.LeaderElection (LeaderElection.java:askForVotes(450)) - 8eb9963e-bce0-4155-aea2-e442cadff8bd@group-715EBF8096A7-LeaderElection203 PRE_VOTE round 0: result REJECTED
2025-09-19 20:45:15,753 [8eb9963e-bce0-4155-aea2-e442cadff8bd@group-715EBF8096A7-LeaderElection203] INFO  server.RaftServer$Division (RaftServerImpl.java:setRole(392)) - 8eb9963e-bce0-4155-aea2-e442cadff8bd@group-715EBF8096A7: changes role from CANDIDATE to FOLLOWER at term 5 for REJECTED
2025-09-19 20:45:15,753 [8eb9963e-bce0-4155-aea2-e442cadff8bd@group-715EBF8096A7-LeaderElection203] INFO  impl.RoleInfo (RoleInfo.java:shutdownLeaderElection(141)) - 8eb9963e-bce0-4155-aea2-e442cadff8bd: shutdown 8eb9963e-bce0-4155-aea2-e442cadff8bd@group-715EBF8096A7-LeaderElection203
2025-09-19 20:45:15,753 [8eb9963e-bce0-4155-aea2-e442cadff8bd@group-715EBF8096A7-LeaderElection203] INFO  impl.RoleInfo (RoleInfo.java:updateAndGet(148)) - 8eb9963e-bce0-4155-aea2-e442cadff8bd: start 8eb9963e-bce0-4155-aea2-e442cadff8bd@group-715EBF8096A7-FollowerState
2025-09-19 20:45:15,948 [8eb9963e-bce0-4155-aea2-e442cadff8bd@group-A751954341BD-FollowerState] INFO  impl.FollowerState (FollowerState.java:runImpl(161)) - 8eb9963e-bce0-4155-aea2-e442cadff8bd@group-A751954341BD-FollowerState: change to CANDIDATE, lastRpcElapsedTime:1170247412ns, electionTimeout:1170ms
2025-09-19 20:45:15,948 [8eb9963e-bce0-4155-aea2-e442cadff8bd@group-A751954341BD-FollowerState] INFO  impl.RoleInfo (RoleInfo.java:shutdownFollowerState(121)) - 8eb9963e-bce0-4155-aea2-e442cadff8bd: shutdown 8eb9963e-bce0-4155-aea2-e442cadff8bd@group-A751954341BD-FollowerState
2025-09-19 20:45:15,948 [8eb9963e-bce0-4155-aea2-e442cadff8bd@group-A751954341BD-FollowerState] INFO  server.RaftServer$Division (RaftServerImpl.java:setRole(392)) - 8eb9963e-bce0-4155-aea2-e442cadff8bd@group-A751954341BD: changes role from  FOLLOWER to CANDIDATE at term 2 for changeToCandidate
2025-09-19 20:45:15,948 [8eb9963e-bce0-4155-aea2-e442cadff8bd@group-A751954341BD-FollowerState] INFO  impl.RoleInfo (RoleInfo.java:updateAndGet(148)) - 8eb9963e-bce0-4155-aea2-e442cadff8bd: start 8eb9963e-bce0-4155-aea2-e442cadff8bd@group-A751954341BD-LeaderElection204
2025-09-19 20:45:15,948 [8eb9963e-bce0-4155-aea2-e442cadff8bd@group-A751954341BD-LeaderElection204] INFO  impl.LeaderElection (LeaderElection.java:askForVotes(448)) - 8eb9963e-bce0-4155-aea2-e442cadff8bd@group-A751954341BD-LeaderElection204 PRE_VOTE round 0: submit vote requests at term 2 for conf: {index: 1, cur=peers:[b5a25cc1-46d3-4381-a194-bd68f4526f1c|127.0.0.1:15031, 0df1231c-9f8a-4757-a7d0-f6d7f53bc482|127.0.0.1:15023, 8eb9963e-bce0-4155-aea2-e442cadff8bd|127.0.0.1:15015]|listeners:[], old=null}
2025-09-19 20:45:15,949 [8eb9963e-bce0-4155-aea2-e442cadff8bd@group-A751954341BD-LeaderElection204] INFO  impl.LeaderElection (LogUtils.java:infoOrTrace(142)) - 8eb9963e-bce0-4155-aea2-e442cadff8bd@group-A751954341BD-LeaderElection204 got exception when requesting votes: java.util.concurrent.ExecutionException: org.apache.ratis.thirdparty.io.grpc.StatusRuntimeException: UNAVAILABLE: io exception
2025-09-19 20:45:15,949 [8eb9963e-bce0-4155-aea2-e442cadff8bd@group-A751954341BD-LeaderElection204] INFO  impl.LeaderElection (LogUtils.java:infoOrTrace(142)) - 8eb9963e-bce0-4155-aea2-e442cadff8bd@group-A751954341BD-LeaderElection204 got exception when requesting votes: java.util.concurrent.ExecutionException: org.apache.ratis.thirdparty.io.grpc.StatusRuntimeException: UNAVAILABLE: io exception
2025-09-19 20:45:15,949 [8eb9963e-bce0-4155-aea2-e442cadff8bd@group-A751954341BD-LeaderElection204] INFO  impl.LeaderElection (LeaderElection.java:logAndReturn(206)) - 8eb9963e-bce0-4155-aea2-e442cadff8bd@group-A751954341BD-LeaderElection204: PRE_VOTE REJECTED received 0 response(s) and 2 exception(s):
2025-09-19 20:45:15,949 [8eb9963e-bce0-4155-aea2-e442cadff8bd@group-A751954341BD-LeaderElection204] INFO  impl.LeaderElection (LogUtils.java:infoOrTrace(142)) -   Exception 0: java.util.concurrent.ExecutionException: org.apache.ratis.thirdparty.io.grpc.StatusRuntimeException: UNAVAILABLE: io exception
2025-09-19 20:45:15,949 [8eb9963e-bce0-4155-aea2-e442cadff8bd@group-A751954341BD-LeaderElection204] INFO  impl.LeaderElection (LogUtils.java:infoOrTrace(142)) -   Exception 1: java.util.concurrent.ExecutionException: org.apache.ratis.thirdparty.io.grpc.StatusRuntimeException: UNAVAILABLE: io exception
2025-09-19 20:45:15,949 [8eb9963e-bce0-4155-aea2-e442cadff8bd@group-A751954341BD-LeaderElection204] INFO  impl.LeaderElection (LeaderElection.java:askForVotes(450)) - 8eb9963e-bce0-4155-aea2-e442cadff8bd@group-A751954341BD-LeaderElection204 PRE_VOTE round 0: result REJECTED
2025-09-19 20:45:15,949 [8eb9963e-bce0-4155-aea2-e442cadff8bd@group-A751954341BD-LeaderElection204] INFO  server.RaftServer$Division (RaftServerImpl.java:setRole(392)) - 8eb9963e-bce0-4155-aea2-e442cadff8bd@group-A751954341BD: changes role from CANDIDATE to FOLLOWER at term 2 for REJECTED
2025-09-19 20:45:15,949 [8eb9963e-bce0-4155-aea2-e442cadff8bd@group-A751954341BD-LeaderElection204] INFO  impl.RoleInfo (RoleInfo.java:shutdownLeaderElection(141)) - 8eb9963e-bce0-4155-aea2-e442cadff8bd: shutdown 8eb9963e-bce0-4155-aea2-e442cadff8bd@group-A751954341BD-LeaderElection204
2025-09-19 20:45:15,949 [8eb9963e-bce0-4155-aea2-e442cadff8bd@group-A751954341BD-LeaderElection204] INFO  impl.RoleInfo (RoleInfo.java:updateAndGet(148)) - 8eb9963e-bce0-4155-aea2-e442cadff8bd: start 8eb9963e-bce0-4155-aea2-e442cadff8bd@group-A751954341BD-FollowerState
2025-09-19 20:45:16,780 [8eb9963e-bce0-4155-aea2-e442cadff8bd@group-715EBF8096A7-FollowerState] INFO  impl.FollowerState (FollowerState.java:runImpl(161)) - 8eb9963e-bce0-4155-aea2-e442cadff8bd@group-715EBF8096A7-FollowerState: change to CANDIDATE, lastRpcElapsedTime:1026591635ns, electionTimeout:1026ms
2025-09-19 20:45:16,780 [8eb9963e-bce0-4155-aea2-e442cadff8bd@group-715EBF8096A7-FollowerState] INFO  impl.RoleInfo (RoleInfo.java:shutdownFollowerState(121)) - 8eb9963e-bce0-4155-aea2-e442cadff8bd: shutdown 8eb9963e-bce0-4155-aea2-e442cadff8bd@group-715EBF8096A7-FollowerState
2025-09-19 20:45:16,780 [8eb9963e-bce0-4155-aea2-e442cadff8bd@group-715EBF8096A7-FollowerState] INFO  server.RaftServer$Division (RaftServerImpl.java:setRole(392)) - 8eb9963e-bce0-4155-aea2-e442cadff8bd@group-715EBF8096A7: changes role from  FOLLOWER to CANDIDATE at term 5 for changeToCandidate
2025-09-19 20:45:16,780 [8eb9963e-bce0-4155-aea2-e442cadff8bd@group-715EBF8096A7-FollowerState] INFO  impl.RoleInfo (RoleInfo.java:updateAndGet(148)) - 8eb9963e-bce0-4155-aea2-e442cadff8bd: start 8eb9963e-bce0-4155-aea2-e442cadff8bd@group-715EBF8096A7-LeaderElection205
2025-09-19 20:45:16,780 [8eb9963e-bce0-4155-aea2-e442cadff8bd@group-715EBF8096A7-LeaderElection205] INFO  impl.LeaderElection (LeaderElection.java:askForVotes(448)) - 8eb9963e-bce0-4155-aea2-e442cadff8bd@group-715EBF8096A7-LeaderElection205 PRE_VOTE round 0: submit vote requests at term 5 for conf: {index: 11, cur=peers:[b5a25cc1-46d3-4381-a194-bd68f4526f1c|127.0.0.1:15031, 0df1231c-9f8a-4757-a7d0-f6d7f53bc482|127.0.0.1:15023, 8eb9963e-bce0-4155-aea2-e442cadff8bd|127.0.0.1:15015]|listeners:[], old=null}
2025-09-19 20:45:16,781 [8eb9963e-bce0-4155-aea2-e442cadff8bd@group-715EBF8096A7-LeaderElection205] INFO  impl.LeaderElection (LogUtils.java:infoOrTrace(142)) - 8eb9963e-bce0-4155-aea2-e442cadff8bd@group-715EBF8096A7-LeaderElection205 got exception when requesting votes: java.util.concurrent.ExecutionException: org.apache.ratis.thirdparty.io.grpc.StatusRuntimeException: UNAVAILABLE: io exception
2025-09-19 20:45:16,781 [8eb9963e-bce0-4155-aea2-e442cadff8bd@group-715EBF8096A7-LeaderElection205] INFO  impl.LeaderElection (LogUtils.java:infoOrTrace(142)) - 8eb9963e-bce0-4155-aea2-e442cadff8bd@group-715EBF8096A7-LeaderElection205 got exception when requesting votes: java.util.concurrent.ExecutionException: org.apache.ratis.thirdparty.io.grpc.StatusRuntimeException: UNAVAILABLE: io exception
2025-09-19 20:45:16,781 [8eb9963e-bce0-4155-aea2-e442cadff8bd@group-715EBF8096A7-LeaderElection205] INFO  impl.LeaderElection (LeaderElection.java:logAndReturn(206)) - 8eb9963e-bce0-4155-aea2-e442cadff8bd@group-715EBF8096A7-LeaderElection205: PRE_VOTE REJECTED received 0 response(s) and 2 exception(s):
2025-09-19 20:45:16,781 [8eb9963e-bce0-4155-aea2-e442cadff8bd@group-715EBF8096A7-LeaderElection205] INFO  impl.LeaderElection (LogUtils.java:infoOrTrace(142)) -   Exception 0: java.util.concurrent.ExecutionException: org.apache.ratis.thirdparty.io.grpc.StatusRuntimeException: UNAVAILABLE: io exception
2025-09-19 20:45:16,781 [8eb9963e-bce0-4155-aea2-e442cadff8bd@group-715EBF8096A7-LeaderElection205] INFO  impl.LeaderElection (LogUtils.java:infoOrTrace(142)) -   Exception 1: java.util.concurrent.ExecutionException: org.apache.ratis.thirdparty.io.grpc.StatusRuntimeException: UNAVAILABLE: io exception
2025-09-19 20:45:16,781 [8eb9963e-bce0-4155-aea2-e442cadff8bd@group-715EBF8096A7-LeaderElection205] INFO  impl.LeaderElection (LeaderElection.java:askForVotes(450)) - 8eb9963e-bce0-4155-aea2-e442cadff8bd@group-715EBF8096A7-LeaderElection205 PRE_VOTE round 0: result REJECTED
2025-09-19 20:45:16,781 [8eb9963e-bce0-4155-aea2-e442cadff8bd@group-715EBF8096A7-LeaderElection205] INFO  server.RaftServer$Division (RaftServerImpl.java:setRole(392)) - 8eb9963e-bce0-4155-aea2-e442cadff8bd@group-715EBF8096A7: changes role from CANDIDATE to FOLLOWER at term 5 for REJECTED
2025-09-19 20:45:16,781 [8eb9963e-bce0-4155-aea2-e442cadff8bd@group-715EBF8096A7-LeaderElection205] INFO  impl.RoleInfo (RoleInfo.java:shutdownLeaderElection(141)) - 8eb9963e-bce0-4155-aea2-e442cadff8bd: shutdown 8eb9963e-bce0-4155-aea2-e442cadff8bd@group-715EBF8096A7-LeaderElection205
2025-09-19 20:45:16,781 [8eb9963e-bce0-4155-aea2-e442cadff8bd@group-715EBF8096A7-LeaderElection205] INFO  impl.RoleInfo (RoleInfo.java:updateAndGet(148)) - 8eb9963e-bce0-4155-aea2-e442cadff8bd: start 8eb9963e-bce0-4155-aea2-e442cadff8bd@group-715EBF8096A7-FollowerState
2025-09-19 20:45:17,131 [8eb9963e-bce0-4155-aea2-e442cadff8bd@group-A751954341BD-FollowerState] INFO  impl.FollowerState (FollowerState.java:runImpl(161)) - 8eb9963e-bce0-4155-aea2-e442cadff8bd@group-A751954341BD-FollowerState: change to CANDIDATE, lastRpcElapsedTime:1182252855ns, electionTimeout:1182ms
2025-09-19 20:45:17,132 [8eb9963e-bce0-4155-aea2-e442cadff8bd@group-A751954341BD-FollowerState] INFO  impl.RoleInfo (RoleInfo.java:shutdownFollowerState(121)) - 8eb9963e-bce0-4155-aea2-e442cadff8bd: shutdown 8eb9963e-bce0-4155-aea2-e442cadff8bd@group-A751954341BD-FollowerState
2025-09-19 20:45:17,132 [8eb9963e-bce0-4155-aea2-e442cadff8bd@group-A751954341BD-FollowerState] INFO  server.RaftServer$Division (RaftServerImpl.java:setRole(392)) - 8eb9963e-bce0-4155-aea2-e442cadff8bd@group-A751954341BD: changes role from  FOLLOWER to CANDIDATE at term 2 for changeToCandidate
2025-09-19 20:45:17,132 [8eb9963e-bce0-4155-aea2-e442cadff8bd@group-A751954341BD-FollowerState] INFO  impl.RoleInfo (RoleInfo.java:updateAndGet(148)) - 8eb9963e-bce0-4155-aea2-e442cadff8bd: start 8eb9963e-bce0-4155-aea2-e442cadff8bd@group-A751954341BD-LeaderElection206
2025-09-19 20:45:17,132 [8eb9963e-bce0-4155-aea2-e442cadff8bd@group-A751954341BD-LeaderElection206] INFO  impl.LeaderElection (LeaderElection.java:askForVotes(448)) - 8eb9963e-bce0-4155-aea2-e442cadff8bd@group-A751954341BD-LeaderElection206 PRE_VOTE round 0: submit vote requests at term 2 for conf: {index: 1, cur=peers:[b5a25cc1-46d3-4381-a194-bd68f4526f1c|127.0.0.1:15031, 0df1231c-9f8a-4757-a7d0-f6d7f53bc482|127.0.0.1:15023, 8eb9963e-bce0-4155-aea2-e442cadff8bd|127.0.0.1:15015]|listeners:[], old=null}
2025-09-19 20:45:17,133 [8eb9963e-bce0-4155-aea2-e442cadff8bd@group-A751954341BD-LeaderElection206] INFO  impl.LeaderElection (LogUtils.java:infoOrTrace(142)) - 8eb9963e-bce0-4155-aea2-e442cadff8bd@group-A751954341BD-LeaderElection206 got exception when requesting votes: java.util.concurrent.ExecutionException: org.apache.ratis.thirdparty.io.grpc.StatusRuntimeException: UNAVAILABLE: io exception
2025-09-19 20:45:17,133 [8eb9963e-bce0-4155-aea2-e442cadff8bd@group-A751954341BD-LeaderElection206] INFO  impl.LeaderElection (LogUtils.java:infoOrTrace(142)) - 8eb9963e-bce0-4155-aea2-e442cadff8bd@group-A751954341BD-LeaderElection206 got exception when requesting votes: java.util.concurrent.ExecutionException: org.apache.ratis.thirdparty.io.grpc.StatusRuntimeException: UNAVAILABLE: io exception
2025-09-19 20:45:17,133 [8eb9963e-bce0-4155-aea2-e442cadff8bd@group-A751954341BD-LeaderElection206] INFO  impl.LeaderElection (LeaderElection.java:logAndReturn(206)) - 8eb9963e-bce0-4155-aea2-e442cadff8bd@group-A751954341BD-LeaderElection206: PRE_VOTE REJECTED received 0 response(s) and 2 exception(s):
2025-09-19 20:45:17,133 [8eb9963e-bce0-4155-aea2-e442cadff8bd@group-A751954341BD-LeaderElection206] INFO  impl.LeaderElection (LogUtils.java:infoOrTrace(142)) -   Exception 0: java.util.concurrent.ExecutionException: org.apache.ratis.thirdparty.io.grpc.StatusRuntimeException: UNAVAILABLE: io exception
2025-09-19 20:45:17,133 [8eb9963e-bce0-4155-aea2-e442cadff8bd@group-A751954341BD-LeaderElection206] INFO  impl.LeaderElection (LogUtils.java:infoOrTrace(142)) -   Exception 1: java.util.concurrent.ExecutionException: org.apache.ratis.thirdparty.io.grpc.StatusRuntimeException: UNAVAILABLE: io exception
2025-09-19 20:45:17,133 [8eb9963e-bce0-4155-aea2-e442cadff8bd@group-A751954341BD-LeaderElection206] INFO  impl.LeaderElection (LeaderElection.java:askForVotes(450)) - 8eb9963e-bce0-4155-aea2-e442cadff8bd@group-A751954341BD-LeaderElection206 PRE_VOTE round 0: result REJECTED
2025-09-19 20:45:17,133 [8eb9963e-bce0-4155-aea2-e442cadff8bd@group-A751954341BD-LeaderElection206] INFO  server.RaftServer$Division (RaftServerImpl.java:setRole(392)) - 8eb9963e-bce0-4155-aea2-e442cadff8bd@group-A751954341BD: changes role from CANDIDATE to FOLLOWER at term 2 for REJECTED
2025-09-19 20:45:17,133 [8eb9963e-bce0-4155-aea2-e442cadff8bd@group-A751954341BD-LeaderElection206] INFO  impl.RoleInfo (RoleInfo.java:shutdownLeaderElection(141)) - 8eb9963e-bce0-4155-aea2-e442cadff8bd: shutdown 8eb9963e-bce0-4155-aea2-e442cadff8bd@group-A751954341BD-LeaderElection206
2025-09-19 20:45:17,133 [8eb9963e-bce0-4155-aea2-e442cadff8bd@group-A751954341BD-LeaderElection206] INFO  impl.RoleInfo (RoleInfo.java:updateAndGet(148)) - 8eb9963e-bce0-4155-aea2-e442cadff8bd: start 8eb9963e-bce0-4155-aea2-e442cadff8bd@group-A751954341BD-FollowerState
2025-09-19 20:45:17,869 [8eb9963e-bce0-4155-aea2-e442cadff8bd@group-715EBF8096A7-FollowerState] INFO  impl.FollowerState (FollowerState.java:runImpl(161)) - 8eb9963e-bce0-4155-aea2-e442cadff8bd@group-715EBF8096A7-FollowerState: change to CANDIDATE, lastRpcElapsedTime:1087384900ns, electionTimeout:1087ms
2025-09-19 20:45:17,869 [8eb9963e-bce0-4155-aea2-e442cadff8bd@group-715EBF8096A7-FollowerState] INFO  impl.RoleInfo (RoleInfo.java:shutdownFollowerState(121)) - 8eb9963e-bce0-4155-aea2-e442cadff8bd: shutdown 8eb9963e-bce0-4155-aea2-e442cadff8bd@group-715EBF8096A7-FollowerState
2025-09-19 20:45:17,869 [8eb9963e-bce0-4155-aea2-e442cadff8bd@group-715EBF8096A7-FollowerState] INFO  server.RaftServer$Division (RaftServerImpl.java:setRole(392)) - 8eb9963e-bce0-4155-aea2-e442cadff8bd@group-715EBF8096A7: changes role from  FOLLOWER to CANDIDATE at term 5 for changeToCandidate
2025-09-19 20:45:17,869 [8eb9963e-bce0-4155-aea2-e442cadff8bd@group-715EBF8096A7-FollowerState] INFO  impl.RoleInfo (RoleInfo.java:updateAndGet(148)) - 8eb9963e-bce0-4155-aea2-e442cadff8bd: start 8eb9963e-bce0-4155-aea2-e442cadff8bd@group-715EBF8096A7-LeaderElection207
2025-09-19 20:45:17,869 [8eb9963e-bce0-4155-aea2-e442cadff8bd@group-715EBF8096A7-LeaderElection207] INFO  impl.LeaderElection (LeaderElection.java:askForVotes(448)) - 8eb9963e-bce0-4155-aea2-e442cadff8bd@group-715EBF8096A7-LeaderElection207 PRE_VOTE round 0: submit vote requests at term 5 for conf: {index: 11, cur=peers:[b5a25cc1-46d3-4381-a194-bd68f4526f1c|127.0.0.1:15031, 0df1231c-9f8a-4757-a7d0-f6d7f53bc482|127.0.0.1:15023, 8eb9963e-bce0-4155-aea2-e442cadff8bd|127.0.0.1:15015]|listeners:[], old=null}
2025-09-19 20:45:17,870 [8eb9963e-bce0-4155-aea2-e442cadff8bd@group-715EBF8096A7-LeaderElection207] INFO  impl.LeaderElection (LogUtils.java:infoOrTrace(142)) - 8eb9963e-bce0-4155-aea2-e442cadff8bd@group-715EBF8096A7-LeaderElection207 got exception when requesting votes: java.util.concurrent.ExecutionException: org.apache.ratis.thirdparty.io.grpc.StatusRuntimeException: UNAVAILABLE: io exception
2025-09-19 20:45:17,870 [8eb9963e-bce0-4155-aea2-e442cadff8bd@group-715EBF8096A7-LeaderElection207] INFO  impl.LeaderElection (LogUtils.java:infoOrTrace(142)) - 8eb9963e-bce0-4155-aea2-e442cadff8bd@group-715EBF8096A7-LeaderElection207 got exception when requesting votes: java.util.concurrent.ExecutionException: org.apache.ratis.thirdparty.io.grpc.StatusRuntimeException: UNAVAILABLE: io exception
2025-09-19 20:45:17,870 [8eb9963e-bce0-4155-aea2-e442cadff8bd@group-715EBF8096A7-LeaderElection207] INFO  impl.LeaderElection (LeaderElection.java:logAndReturn(206)) - 8eb9963e-bce0-4155-aea2-e442cadff8bd@group-715EBF8096A7-LeaderElection207: PRE_VOTE REJECTED received 0 response(s) and 2 exception(s):
2025-09-19 20:45:17,870 [8eb9963e-bce0-4155-aea2-e442cadff8bd@group-715EBF8096A7-LeaderElection207] INFO  impl.LeaderElection (LogUtils.java:infoOrTrace(142)) -   Exception 0: java.util.concurrent.ExecutionException: org.apache.ratis.thirdparty.io.grpc.StatusRuntimeException: UNAVAILABLE: io exception
2025-09-19 20:45:17,870 [8eb9963e-bce0-4155-aea2-e442cadff8bd@group-715EBF8096A7-LeaderElection207] INFO  impl.LeaderElection (LogUtils.java:infoOrTrace(142)) -   Exception 1: java.util.concurrent.ExecutionException: org.apache.ratis.thirdparty.io.grpc.StatusRuntimeException: UNAVAILABLE: io exception
2025-09-19 20:45:17,870 [8eb9963e-bce0-4155-aea2-e442cadff8bd@group-715EBF8096A7-LeaderElection207] INFO  impl.LeaderElection (LeaderElection.java:askForVotes(450)) - 8eb9963e-bce0-4155-aea2-e442cadff8bd@group-715EBF8096A7-LeaderElection207 PRE_VOTE round 0: result REJECTED
2025-09-19 20:45:17,870 [8eb9963e-bce0-4155-aea2-e442cadff8bd@group-715EBF8096A7-LeaderElection207] INFO  server.RaftServer$Division (RaftServerImpl.java:setRole(392)) - 8eb9963e-bce0-4155-aea2-e442cadff8bd@group-715EBF8096A7: changes role from CANDIDATE to FOLLOWER at term 5 for REJECTED
2025-09-19 20:45:17,870 [8eb9963e-bce0-4155-aea2-e442cadff8bd@group-715EBF8096A7-LeaderElection207] INFO  impl.RoleInfo (RoleInfo.java:shutdownLeaderElection(141)) - 8eb9963e-bce0-4155-aea2-e442cadff8bd: shutdown 8eb9963e-bce0-4155-aea2-e442cadff8bd@group-715EBF8096A7-LeaderElection207
2025-09-19 20:45:17,870 [8eb9963e-bce0-4155-aea2-e442cadff8bd@group-715EBF8096A7-LeaderElection207] INFO  impl.RoleInfo (RoleInfo.java:updateAndGet(148)) - 8eb9963e-bce0-4155-aea2-e442cadff8bd: start 8eb9963e-bce0-4155-aea2-e442cadff8bd@group-715EBF8096A7-FollowerState
2025-09-19 20:45:18,133 [8eb9963e-bce0-4155-aea2-e442cadff8bd@group-A751954341BD-FollowerState] INFO  impl.FollowerState (FollowerState.java:runImpl(161)) - 8eb9963e-bce0-4155-aea2-e442cadff8bd@group-A751954341BD-FollowerState: change to CANDIDATE, lastRpcElapsedTime:1000398976ns, electionTimeout:1000ms
2025-09-19 20:45:18,133 [8eb9963e-bce0-4155-aea2-e442cadff8bd@group-A751954341BD-FollowerState] INFO  impl.RoleInfo (RoleInfo.java:shutdownFollowerState(121)) - 8eb9963e-bce0-4155-aea2-e442cadff8bd: shutdown 8eb9963e-bce0-4155-aea2-e442cadff8bd@group-A751954341BD-FollowerState
2025-09-19 20:45:18,134 [8eb9963e-bce0-4155-aea2-e442cadff8bd@group-A751954341BD-FollowerState] INFO  server.RaftServer$Division (RaftServerImpl.java:setRole(392)) - 8eb9963e-bce0-4155-aea2-e442cadff8bd@group-A751954341BD: changes role from  FOLLOWER to CANDIDATE at term 2 for changeToCandidate
2025-09-19 20:45:18,134 [8eb9963e-bce0-4155-aea2-e442cadff8bd@group-A751954341BD-FollowerState] INFO  impl.RoleInfo (RoleInfo.java:updateAndGet(148)) - 8eb9963e-bce0-4155-aea2-e442cadff8bd: start 8eb9963e-bce0-4155-aea2-e442cadff8bd@group-A751954341BD-LeaderElection208
2025-09-19 20:45:18,134 [8eb9963e-bce0-4155-aea2-e442cadff8bd@group-A751954341BD-LeaderElection208] INFO  impl.LeaderElection (LeaderElection.java:askForVotes(448)) - 8eb9963e-bce0-4155-aea2-e442cadff8bd@group-A751954341BD-LeaderElection208 PRE_VOTE round 0: submit vote requests at term 2 for conf: {index: 1, cur=peers:[b5a25cc1-46d3-4381-a194-bd68f4526f1c|127.0.0.1:15031, 0df1231c-9f8a-4757-a7d0-f6d7f53bc482|127.0.0.1:15023, 8eb9963e-bce0-4155-aea2-e442cadff8bd|127.0.0.1:15015]|listeners:[], old=null}
2025-09-19 20:45:18,134 [8eb9963e-bce0-4155-aea2-e442cadff8bd@group-A751954341BD-LeaderElection208] INFO  impl.LeaderElection (LogUtils.java:infoOrTrace(142)) - 8eb9963e-bce0-4155-aea2-e442cadff8bd@group-A751954341BD-LeaderElection208 got exception when requesting votes: java.util.concurrent.ExecutionException: org.apache.ratis.thirdparty.io.grpc.StatusRuntimeException: UNAVAILABLE: io exception
2025-09-19 20:45:18,134 [8eb9963e-bce0-4155-aea2-e442cadff8bd@group-A751954341BD-LeaderElection208] INFO  impl.LeaderElection (LogUtils.java:infoOrTrace(142)) - 8eb9963e-bce0-4155-aea2-e442cadff8bd@group-A751954341BD-LeaderElection208 got exception when requesting votes: java.util.concurrent.ExecutionException: org.apache.ratis.thirdparty.io.grpc.StatusRuntimeException: UNAVAILABLE: io exception
2025-09-19 20:45:18,134 [8eb9963e-bce0-4155-aea2-e442cadff8bd@group-A751954341BD-LeaderElection208] INFO  impl.LeaderElection (LeaderElection.java:logAndReturn(206)) - 8eb9963e-bce0-4155-aea2-e442cadff8bd@group-A751954341BD-LeaderElection208: PRE_VOTE REJECTED received 0 response(s) and 2 exception(s):
2025-09-19 20:45:18,134 [8eb9963e-bce0-4155-aea2-e442cadff8bd@group-A751954341BD-LeaderElection208] INFO  impl.LeaderElection (LogUtils.java:infoOrTrace(142)) -   Exception 0: java.util.concurrent.ExecutionException: org.apache.ratis.thirdparty.io.grpc.StatusRuntimeException: UNAVAILABLE: io exception
2025-09-19 20:45:18,134 [8eb9963e-bce0-4155-aea2-e442cadff8bd@group-A751954341BD-LeaderElection208] INFO  impl.LeaderElection (LogUtils.java:infoOrTrace(142)) -   Exception 1: java.util.concurrent.ExecutionException: org.apache.ratis.thirdparty.io.grpc.StatusRuntimeException: UNAVAILABLE: io exception
2025-09-19 20:45:18,135 [8eb9963e-bce0-4155-aea2-e442cadff8bd@group-A751954341BD-LeaderElection208] INFO  impl.LeaderElection (LeaderElection.java:askForVotes(450)) - 8eb9963e-bce0-4155-aea2-e442cadff8bd@group-A751954341BD-LeaderElection208 PRE_VOTE round 0: result REJECTED
2025-09-19 20:45:18,135 [8eb9963e-bce0-4155-aea2-e442cadff8bd@group-A751954341BD-LeaderElection208] INFO  server.RaftServer$Division (RaftServerImpl.java:setRole(392)) - 8eb9963e-bce0-4155-aea2-e442cadff8bd@group-A751954341BD: changes role from CANDIDATE to FOLLOWER at term 2 for REJECTED
2025-09-19 20:45:18,135 [8eb9963e-bce0-4155-aea2-e442cadff8bd@group-A751954341BD-LeaderElection208] INFO  impl.RoleInfo (RoleInfo.java:shutdownLeaderElection(141)) - 8eb9963e-bce0-4155-aea2-e442cadff8bd: shutdown 8eb9963e-bce0-4155-aea2-e442cadff8bd@group-A751954341BD-LeaderElection208
2025-09-19 20:45:18,135 [8eb9963e-bce0-4155-aea2-e442cadff8bd@group-A751954341BD-LeaderElection208] INFO  impl.RoleInfo (RoleInfo.java:updateAndGet(148)) - 8eb9963e-bce0-4155-aea2-e442cadff8bd: start 8eb9963e-bce0-4155-aea2-e442cadff8bd@group-A751954341BD-FollowerState
2025-09-19 20:45:18,959 [grpc-default-executor-5] ERROR impl.OrderedAsync (OrderedAsync.java:lambda$null$6(215)) -  client-EE2AA9DBFBBD: Failed* RaftClientRequest:client-EE2AA9DBFBBD->0df1231c-9f8a-4757-a7d0-f6d7f53bc482@group-715EBF8096A7, cid=40, seq=1*, Watch(0), null
java.util.concurrent.CompletionException: java.io.IOException: org.apache.ratis.thirdparty.io.grpc.StatusRuntimeException: UNAVAILABLE: io exception
	at java.base/java.util.concurrent.CompletableFuture.encodeThrowable(CompletableFuture.java:332)
	at java.base/java.util.concurrent.CompletableFuture.completeThrowable(CompletableFuture.java:347)
	at java.base/java.util.concurrent.CompletableFuture$UniAccept.tryFire(CompletableFuture.java:708)
	at java.base/java.util.concurrent.CompletableFuture.postComplete(CompletableFuture.java:510)
	at java.base/java.util.concurrent.CompletableFuture.completeExceptionally(CompletableFuture.java:2194)
	at org.apache.ratis.grpc.client.GrpcClientProtocolClient$AsyncStreamObservers.completeReplyExceptionally(GrpcClientProtocolClient.java:397)
	at org.apache.ratis.grpc.client.GrpcClientProtocolClient$AsyncStreamObservers.access$000(GrpcClientProtocolClient.java:303)
	at org.apache.ratis.grpc.client.GrpcClientProtocolClient$AsyncStreamObservers$1.onError(GrpcClientProtocolClient.java:334)
	at org.apache.ratis.thirdparty.io.grpc.stub.ClientCalls$StreamObserverToCallListenerAdapter.onClose(ClientCalls.java:564)
	at org.apache.ratis.thirdparty.io.grpc.PartialForwardingClientCallListener.onClose(PartialForwardingClientCallListener.java:39)
	at org.apache.ratis.thirdparty.io.grpc.ForwardingClientCallListener.onClose(ForwardingClientCallListener.java:23)
	at org.apache.ratis.grpc.metrics.intercept.client.MetricClientCallListener.onClose(MetricClientCallListener.java:47)
	at org.apache.ratis.thirdparty.io.grpc.internal.ClientCallImpl.closeObserver(ClientCallImpl.java:565)
	at org.apache.ratis.thirdparty.io.grpc.internal.ClientCallImpl.access$100(ClientCallImpl.java:72)
	at org.apache.ratis.thirdparty.io.grpc.internal.ClientCallImpl$ClientStreamListenerImpl$1StreamClosed.runInternal(ClientCallImpl.java:733)
	at org.apache.ratis.thirdparty.io.grpc.internal.ClientCallImpl$ClientStreamListenerImpl$1StreamClosed.runInContext(ClientCallImpl.java:714)
	at org.apache.ratis.thirdparty.io.grpc.internal.ContextRunnable.run(ContextRunnable.java:37)
	at org.apache.ratis.thirdparty.io.grpc.internal.SerializingExecutor.run(SerializingExecutor.java:133)
	at java.base/java.util.concurrent.ThreadPoolExecutor.runWorker(ThreadPoolExecutor.java:1144)
	at java.base/java.util.concurrent.ThreadPoolExecutor$Worker.run(ThreadPoolExecutor.java:642)
	at java.base/java.lang.Thread.run(Thread.java:1583)
Caused by: java.io.IOException: org.apache.ratis.thirdparty.io.grpc.StatusRuntimeException: UNAVAILABLE: io exception
	at org.apache.ratis.grpc.GrpcUtil.unwrapException(GrpcUtil.java:99)
	at org.apache.ratis.grpc.GrpcUtil.unwrapIOException(GrpcUtil.java:159)
	at org.apache.ratis.grpc.client.GrpcClientProtocolClient$AsyncStreamObservers$1.onError(GrpcClientProtocolClient.java:333)
	... 13 more
Caused by: org.apache.ratis.thirdparty.io.grpc.StatusRuntimeException: UNAVAILABLE: io exception
	at org.apache.ratis.thirdparty.io.grpc.Status.asRuntimeException(Status.java:532)
	... 13 more
Caused by: org.apache.ratis.thirdparty.io.netty.channel.AbstractChannel$AnnotatedConnectException: finishConnect(..) failed: Connection refused: /127.0.0.1:15021
Caused by: java.net.ConnectException: finishConnect(..) failed: Connection refused
	at org.apache.ratis.thirdparty.io.netty.channel.unix.Errors.newConnectException0(Errors.java:166)
	at org.apache.ratis.thirdparty.io.netty.channel.unix.Errors.handleConnectErrno(Errors.java:131)
	at org.apache.ratis.thirdparty.io.netty.channel.unix.Socket.finishConnect(Socket.java:359)
	at org.apache.ratis.thirdparty.io.netty.channel.epoll.AbstractEpollChannel$AbstractEpollUnsafe.doFinishConnect(AbstractEpollChannel.java:715)
	at org.apache.ratis.thirdparty.io.netty.channel.epoll.AbstractEpollChannel$AbstractEpollUnsafe.finishConnect(AbstractEpollChannel.java:692)
	at org.apache.ratis.thirdparty.io.netty.channel.epoll.AbstractEpollChannel$AbstractEpollUnsafe.epollOutReady(AbstractEpollChannel.java:567)
	at org.apache.ratis.thirdparty.io.netty.channel.epoll.EpollEventLoop.processReady(EpollEventLoop.java:491)
	at org.apache.ratis.thirdparty.io.netty.channel.epoll.EpollEventLoop.run(EpollEventLoop.java:399)
	at org.apache.ratis.thirdparty.io.netty.util.concurrent.SingleThreadEventExecutor$4.run(SingleThreadEventExecutor.java:998)
	at org.apache.ratis.thirdparty.io.netty.util.internal.ThreadExecutorMap$2.run(ThreadExecutorMap.java:74)
	at org.apache.ratis.thirdparty.io.netty.util.concurrent.FastThreadLocalRunnable.run(FastThreadLocalRunnable.java:30)
	at java.base/java.lang.Thread.run(Thread.java:1583)
2025-09-19 20:45:18,959 [grpc-default-executor-5] ERROR impl.OrderedAsync (OrderedAsync.java:lambda$send$4(181)) - Failed to send request, message=null
java.util.concurrent.CompletionException: org.apache.ratis.protocol.exceptions.RaftRetryFailureException: Failed RaftClientRequest:client-EE2AA9DBFBBD->0df1231c-9f8a-4757-a7d0-f6d7f53bc482@group-715EBF8096A7, cid=40, seq=1*, Watch(0), null for 6 attempts with RequestTypeDependentRetryPolicy{WRITE->ExceptionDependentRetry(maxAttempts=2147483647; defaultPolicy=MultipleLinearRandomRetry[5x5s, 5x10s, 5x15s, 5x20s, 5x25s, 10x60s]; map={org.apache.ratis.protocol.exceptions.GroupMismatchException->NoRetry, org.apache.ratis.protocol.exceptions.NotReplicatedException->NoRetry, org.apache.ratis.protocol.exceptions.ResourceUnavailableException->org.apache.ratis.retry.ExponentialBackoffRetry@4d7ae9fd, org.apache.ratis.protocol.exceptions.StateMachineException->NoRetry, org.apache.ratis.protocol.exceptions.TimeoutIOException->org.apache.ratis.retry.ExponentialBackoffRetry@4d7ae9fd}), WATCH->ExceptionDependentRetry(maxAttempts=2147483647; defaultPolicy=MultipleLinearRandomRetry[5x5s, 5x10s, 5x15s, 5x20s, 5x25s, 10x60s]; map={org.apache.ratis.protocol.exceptions.GroupMismatchException->NoRetry, org.apache.ratis.protocol.exceptions.NotReplicatedException->NoRetry, org.apache.ratis.protocol.exceptions.ResourceUnavailableException->org.apache.ratis.retry.ExponentialBackoffRetry@4d7ae9fd, org.apache.ratis.protocol.exceptions.StateMachineException->NoRetry, org.apache.ratis.protocol.exceptions.TimeoutIOException->NoRetry})}
	at java.base/java.util.concurrent.CompletableFuture.encodeThrowable(CompletableFuture.java:332)
	at java.base/java.util.concurrent.CompletableFuture.completeThrowable(CompletableFuture.java:347)
	at java.base/java.util.concurrent.CompletableFuture$UniApply.tryFire(CompletableFuture.java:636)
	at java.base/java.util.concurrent.CompletableFuture.postComplete(CompletableFuture.java:510)
	at java.base/java.util.concurrent.CompletableFuture.completeExceptionally(CompletableFuture.java:2194)
	at org.apache.ratis.client.impl.OrderedAsync$PendingOrderedRequest.fail(OrderedAsync.java:111)
	at org.apache.ratis.util.SlidingWindow$Client.fail(SlidingWindow.java:395)
	at org.apache.ratis.client.impl.OrderedAsync.failAllAsyncRequests(OrderedAsync.java:155)
	at org.apache.ratis.client.impl.OrderedAsync.handleException(OrderedAsync.java:239)
	at org.apache.ratis.client.impl.OrderedAsync.lambda$sendRequestWithRetry$7(OrderedAsync.java:217)
	at java.base/java.util.concurrent.CompletableFuture.uniExceptionally(CompletableFuture.java:990)
	at java.base/java.util.concurrent.CompletableFuture$UniExceptionally.tryFire(CompletableFuture.java:974)
	at java.base/java.util.concurrent.CompletableFuture.postComplete(CompletableFuture.java:510)
	at java.base/java.util.concurrent.CompletableFuture.completeExceptionally(CompletableFuture.java:2194)
	at org.apache.ratis.grpc.client.GrpcClientProtocolClient$AsyncStreamObservers.completeReplyExceptionally(GrpcClientProtocolClient.java:397)
	at org.apache.ratis.grpc.client.GrpcClientProtocolClient$AsyncStreamObservers.access$000(GrpcClientProtocolClient.java:303)
	at org.apache.ratis.grpc.client.GrpcClientProtocolClient$AsyncStreamObservers$1.onError(GrpcClientProtocolClient.java:334)
	at org.apache.ratis.thirdparty.io.grpc.stub.ClientCalls$StreamObserverToCallListenerAdapter.onClose(ClientCalls.java:564)
	at org.apache.ratis.thirdparty.io.grpc.PartialForwardingClientCallListener.onClose(PartialForwardingClientCallListener.java:39)
	at org.apache.ratis.thirdparty.io.grpc.ForwardingClientCallListener.onClose(ForwardingClientCallListener.java:23)
	at org.apache.ratis.grpc.metrics.intercept.client.MetricClientCallListener.onClose(MetricClientCallListener.java:47)
	at org.apache.ratis.thirdparty.io.grpc.internal.ClientCallImpl.closeObserver(ClientCallImpl.java:565)
	at org.apache.ratis.thirdparty.io.grpc.internal.ClientCallImpl.access$100(ClientCallImpl.java:72)
	at org.apache.ratis.thirdparty.io.grpc.internal.ClientCallImpl$ClientStreamListenerImpl$1StreamClosed.runInternal(ClientCallImpl.java:733)
	at org.apache.ratis.thirdparty.io.grpc.internal.ClientCallImpl$ClientStreamListenerImpl$1StreamClosed.runInContext(ClientCallImpl.java:714)
	at org.apache.ratis.thirdparty.io.grpc.internal.ContextRunnable.run(ContextRunnable.java:37)
	at org.apache.ratis.thirdparty.io.grpc.internal.SerializingExecutor.run(SerializingExecutor.java:133)
	at java.base/java.util.concurrent.ThreadPoolExecutor.runWorker(ThreadPoolExecutor.java:1144)
	at java.base/java.util.concurrent.ThreadPoolExecutor$Worker.run(ThreadPoolExecutor.java:642)
	at java.base/java.lang.Thread.run(Thread.java:1583)
Caused by: org.apache.ratis.protocol.exceptions.RaftRetryFailureException: Failed RaftClientRequest:client-EE2AA9DBFBBD->0df1231c-9f8a-4757-a7d0-f6d7f53bc482@group-715EBF8096A7, cid=40, seq=1*, Watch(0), null for 6 attempts with RequestTypeDependentRetryPolicy{WRITE->ExceptionDependentRetry(maxAttempts=2147483647; defaultPolicy=MultipleLinearRandomRetry[5x5s, 5x10s, 5x15s, 5x20s, 5x25s, 10x60s]; map={org.apache.ratis.protocol.exceptions.GroupMismatchException->NoRetry, org.apache.ratis.protocol.exceptions.NotReplicatedException->NoRetry, org.apache.ratis.protocol.exceptions.ResourceUnavailableException->org.apache.ratis.retry.ExponentialBackoffRetry@4d7ae9fd, org.apache.ratis.protocol.exceptions.StateMachineException->NoRetry, org.apache.ratis.protocol.exceptions.TimeoutIOException->org.apache.ratis.retry.ExponentialBackoffRetry@4d7ae9fd}), WATCH->ExceptionDependentRetry(maxAttempts=2147483647; defaultPolicy=MultipleLinearRandomRetry[5x5s, 5x10s, 5x15s, 5x20s, 5x25s, 10x60s]; map={org.apache.ratis.protocol.exceptions.GroupMismatchException->NoRetry, org.apache.ratis.protocol.exceptions.NotReplicatedException->NoRetry, org.apache.ratis.protocol.exceptions.ResourceUnavailableException->org.apache.ratis.retry.ExponentialBackoffRetry@4d7ae9fd, org.apache.ratis.protocol.exceptions.StateMachineException->NoRetry, org.apache.ratis.protocol.exceptions.TimeoutIOException->NoRetry})}
	at org.apache.ratis.client.impl.RaftClientImpl.noMoreRetries(RaftClientImpl.java:352)
	... 22 more
Caused by: java.io.IOException: org.apache.ratis.thirdparty.io.grpc.StatusRuntimeException: UNAVAILABLE: io exception
	at org.apache.ratis.grpc.GrpcUtil.unwrapException(GrpcUtil.java:99)
	at org.apache.ratis.grpc.GrpcUtil.unwrapIOException(GrpcUtil.java:159)
	at org.apache.ratis.grpc.client.GrpcClientProtocolClient$AsyncStreamObservers$1.onError(GrpcClientProtocolClient.java:333)
	... 13 more
Caused by: org.apache.ratis.thirdparty.io.grpc.StatusRuntimeException: UNAVAILABLE: io exception
	at org.apache.ratis.thirdparty.io.grpc.Status.asRuntimeException(Status.java:532)
	... 13 more
Caused by: org.apache.ratis.thirdparty.io.netty.channel.AbstractChannel$AnnotatedConnectException: finishConnect(..) failed: Connection refused: /127.0.0.1:15021
Caused by: java.net.ConnectException: finishConnect(..) failed: Connection refused
	at org.apache.ratis.thirdparty.io.netty.channel.unix.Errors.newConnectException0(Errors.java:166)
	at org.apache.ratis.thirdparty.io.netty.channel.unix.Errors.handleConnectErrno(Errors.java:131)
	at org.apache.ratis.thirdparty.io.netty.channel.unix.Socket.finishConnect(Socket.java:359)
	at org.apache.ratis.thirdparty.io.netty.channel.epoll.AbstractEpollChannel$AbstractEpollUnsafe.doFinishConnect(AbstractEpollChannel.java:715)
	at org.apache.ratis.thirdparty.io.netty.channel.epoll.AbstractEpollChannel$AbstractEpollUnsafe.finishConnect(AbstractEpollChannel.java:692)
	at org.apache.ratis.thirdparty.io.netty.channel.epoll.AbstractEpollChannel$AbstractEpollUnsafe.epollOutReady(AbstractEpollChannel.java:567)
	at org.apache.ratis.thirdparty.io.netty.channel.epoll.EpollEventLoop.processReady(EpollEventLoop.java:491)
	at org.apache.ratis.thirdparty.io.netty.channel.epoll.EpollEventLoop.run(EpollEventLoop.java:399)
	at org.apache.ratis.thirdparty.io.netty.util.concurrent.SingleThreadEventExecutor$4.run(SingleThreadEventExecutor.java:998)
	at org.apache.ratis.thirdparty.io.netty.util.internal.ThreadExecutorMap$2.run(ThreadExecutorMap.java:74)
	at org.apache.ratis.thirdparty.io.netty.util.concurrent.FastThreadLocalRunnable.run(FastThreadLocalRunnable.java:30)
	at java.base/java.lang.Thread.run(Thread.java:1583)
2025-09-19 20:45:18,960 [grpc-default-executor-5] ERROR impl.OrderedAsync (OrderedAsync.java:lambda$send$4(179)) - Failed to send request, message=cmdType: WriteChunk
traceID: ""
containerID: 6
datanodeUuid: "b5a25cc1-46d3-4381-a194-bd68f4526f1c"
writeChunk {
  blockID {
    containerID: 6
    localID: 115816896921600006
    blockCommitSequenceId: 0
    replicaIndex: 0
  }
  chunkData {
    chunkName: "115816896921600006_chunk_1"
    offset: 0
    len: 524288
    checksumData {
      type: CRC32
      bytesPerChecksum: 16384
      checksums: "\326\360U\321"
      checksums: "\326\360U\321"
      checksums: "\326\360U\321"
      checksums: "\326\360U\321"
      checksums: "\326\360U\321"
      checksums: "\326\360U\321"
      checksums: "\326\360U\321"
      checksums: "\326\360U\321"
      checksums: "\326\360U\321"
      checksums: "\326\360U\321"
      checksums: "\326\360U\321"
      checksums: "\326\360U\321"
      checksums: "\326\360U\321"
      checksums: "\326\360U\321"
      checksums: "\326\360U\321"
      checksums: "\326\360U\321"
      checksums: "\326\360U\321"
      checksums: "\326\360U\321"
      checksums: "\326\360U\321"
      checksums: "\326\360U\321"
      checksums: "\326\360U\321"
      checksums: "\326\360U\321"
      checksums: "\326\360U\321"
      checksums: "\326\360U\321"
      checksums: "\326\360U\321"
      checksums: "\326\360U\321"
      checksums: "\326\360U\321"
      checksums: "\326\360U\321"
      checksums: "\326\360U\321"
      checksums: "\326\360U\321"
      checksums: "\326\360U\321"
      checksums: "H$\374\021"
    }
  }
}
version: 3
, data.size=524288 due to java.util.concurrent.CompletionException: org.apache.ratis.protocol.exceptions.AlreadyClosedException: SlidingWindow$Client:client-EE2AA9DBFBBD->RAFT is closed.
2025-09-19 20:45:18,961 [grpc-default-executor-5] ERROR impl.OrderedAsync (OrderedAsync.java:lambda$send$4(179)) - Failed to send request, message=cmdType: PutBlock
traceID: ""
containerID: 6
datanodeUuid: "b5a25cc1-46d3-4381-a194-bd68f4526f1c"
putBlock {
  blockData {
    blockID {
      containerID: 6
      localID: 115816896921600006
      blockCommitSequenceId: 0
    }
    metadata {
      key: "TYPE"
      value: "KEY"
    }
    chunks {
      chunkName: "115816896921600006_chunk_1"
      offset: 0
      len: 524288
      checksumData {
        type: CRC32
        bytesPerChecksum: 16384
        checksums: "\326\360U\321"
        checksums: "\326\360U\321"
        checksums: "\326\360U\321"
        checksums: "\326\360U\321"
        checksums: "\326\360U\321"
        checksums: "\326\360U\321"
        checksums: "\326\360U\321"
        checksums: "\326\360U\321"
        checksums: "\326\360U\321"
        checksums: "\326\360U\321"
        checksums: "\326\360U\321"
        checksums: "\326\360U\321"
        checksums: "\326\360U\321"
        checksums: "\326\360U\321"
        checksums: "\326\360U\321"
        checksums: "\326\360U\321"
        checksums: "\326\360U\321"
        checksums: "\326\360U\321"
        checksums: "\326\360U\321"
        checksums: "\326\360U\321"
        checksums: "\326\360U\321"
        checksums: "\326\360U\321"
        checksums: "\326\360U\321"
        checksums: "\326\360U\321"
        checksums: "\326\360U\321"
        checksums: "\326\360U\321"
        checksums: "\326\360U\321"
        checksums: "\326\360U\321"
        checksums: "\326\360U\321"
        checksums: "\326\360U\321"
        checksums: "\326\360U\321"
        checksums: "H$\374\021"
      }
    }
  }
  eof: true
}
version: 3
, data.size=0 due to java.util.concurrent.CompletionException: org.apache.ratis.protocol.exceptions.AlreadyClosedException: SlidingWindow$Client:client-EE2AA9DBFBBD->RAFT is closed.
2025-09-19 20:45:18,961 [ForkJoinPool-1-worker-1] WARN  io.KeyOutputStream (KeyOutputStream.java:handleExceptionInternal(377)) - Encountered exception java.io.IOException: Unexpected Storage Container Exception: java.util.concurrent.CompletionException: Failed to write chunk 115816896921600006_chunk_1 into block conID: 6 locID: 115816896921600006 bcsId: 0 replicaIndex: null on the pipeline Pipeline{ Id: 958000d3-2396-49be-82e9-715ebf8096a7, Nodes: [ {b5a25cc1-46d3-4381-a194-bd68f4526f1c(localhost/127.0.0.1), ReplicaIndex: 0}, {0df1231c-9f8a-4757-a7d0-f6d7f53bc482(localhost/127.0.0.1), ReplicaIndex: 0}, {8eb9963e-bce0-4155-aea2-e442cadff8bd(localhost/127.0.0.1), ReplicaIndex: 0},], ReplicationConfig: RATIS/THREE, State:OPEN, leaderId:b5a25cc1-46d3-4381-a194-bd68f4526f1c, CreationTimestamp2025-09-19T20:43:08.702Z[Etc/UTC]}. The last committed block length is 0, uncommitted data length is 524288 retry count 0
2025-09-19 20:45:18,999 [ForkJoinPool-1-worker-1] INFO  io.BlockOutputStreamEntry (BlockOutputStreamEntry.java:writeOnRetry(192)) - BlockOutputStreamEntry:8213c74b-e3e2-42a2-b61f-48661ea42154 conID: 7 locID: 115816896921600007 bcsId: 0 replicaIndex: null: Finish retrying with len 524288, currentPosition 524288
2025-09-19 20:45:18,999 [ForkJoinPool-1-worker-1] INFO  io.BlockOutputStreamEntry (BlockOutputStreamEntry.java:finishRetryHandling(141)) - BlockOutputStreamEntry:8213c74b-e3e2-42a2-b61f-48661ea42154 conID: 7 locID: 115816896921600007 bcsId: 0 replicaIndex: null: Exiting retry handling mode
2025-09-19 20:45:19,003 [8eb9963e-bce0-4155-aea2-e442cadff8bd@group-715EBF8096A7-FollowerState] INFO  impl.FollowerState (FollowerState.java:runImpl(161)) - 8eb9963e-bce0-4155-aea2-e442cadff8bd@group-715EBF8096A7-FollowerState: change to CANDIDATE, lastRpcElapsedTime:1132393872ns, electionTimeout:1132ms
2025-09-19 20:45:19,003 [8eb9963e-bce0-4155-aea2-e442cadff8bd@group-715EBF8096A7-FollowerState] INFO  impl.RoleInfo (RoleInfo.java:shutdownFollowerState(121)) - 8eb9963e-bce0-4155-aea2-e442cadff8bd: shutdown 8eb9963e-bce0-4155-aea2-e442cadff8bd@group-715EBF8096A7-FollowerState
2025-09-19 20:45:19,003 [8eb9963e-bce0-4155-aea2-e442cadff8bd@group-715EBF8096A7-FollowerState] INFO  server.RaftServer$Division (RaftServerImpl.java:setRole(392)) - 8eb9963e-bce0-4155-aea2-e442cadff8bd@group-715EBF8096A7: changes role from  FOLLOWER to CANDIDATE at term 5 for changeToCandidate
2025-09-19 20:45:19,003 [8eb9963e-bce0-4155-aea2-e442cadff8bd@group-715EBF8096A7-FollowerState] INFO  impl.RoleInfo (RoleInfo.java:updateAndGet(148)) - 8eb9963e-bce0-4155-aea2-e442cadff8bd: start 8eb9963e-bce0-4155-aea2-e442cadff8bd@group-715EBF8096A7-LeaderElection209
2025-09-19 20:45:19,004 [8eb9963e-bce0-4155-aea2-e442cadff8bd@group-715EBF8096A7-LeaderElection209] INFO  impl.LeaderElection (LeaderElection.java:askForVotes(448)) - 8eb9963e-bce0-4155-aea2-e442cadff8bd@group-715EBF8096A7-LeaderElection209 PRE_VOTE round 0: submit vote requests at term 5 for conf: {index: 11, cur=peers:[b5a25cc1-46d3-4381-a194-bd68f4526f1c|127.0.0.1:15031, 0df1231c-9f8a-4757-a7d0-f6d7f53bc482|127.0.0.1:15023, 8eb9963e-bce0-4155-aea2-e442cadff8bd|127.0.0.1:15015]|listeners:[], old=null}
2025-09-19 20:45:19,005 [8eb9963e-bce0-4155-aea2-e442cadff8bd@group-715EBF8096A7-LeaderElection209] INFO  impl.LeaderElection (LogUtils.java:infoOrTrace(142)) - 8eb9963e-bce0-4155-aea2-e442cadff8bd@group-715EBF8096A7-LeaderElection209 got exception when requesting votes: java.util.concurrent.ExecutionException: org.apache.ratis.thirdparty.io.grpc.StatusRuntimeException: UNAVAILABLE: io exception
2025-09-19 20:45:19,005 [8eb9963e-bce0-4155-aea2-e442cadff8bd@group-715EBF8096A7-LeaderElection209] INFO  impl.LeaderElection (LogUtils.java:infoOrTrace(142)) - 8eb9963e-bce0-4155-aea2-e442cadff8bd@group-715EBF8096A7-LeaderElection209 got exception when requesting votes: java.util.concurrent.ExecutionException: org.apache.ratis.thirdparty.io.grpc.StatusRuntimeException: UNAVAILABLE: io exception
2025-09-19 20:45:19,005 [8eb9963e-bce0-4155-aea2-e442cadff8bd@group-715EBF8096A7-LeaderElection209] INFO  impl.LeaderElection (LeaderElection.java:logAndReturn(206)) - 8eb9963e-bce0-4155-aea2-e442cadff8bd@group-715EBF8096A7-LeaderElection209: PRE_VOTE REJECTED received 0 response(s) and 2 exception(s):
2025-09-19 20:45:19,005 [8eb9963e-bce0-4155-aea2-e442cadff8bd@group-715EBF8096A7-LeaderElection209] INFO  impl.LeaderElection (LogUtils.java:infoOrTrace(142)) -   Exception 0: java.util.concurrent.ExecutionException: org.apache.ratis.thirdparty.io.grpc.StatusRuntimeException: UNAVAILABLE: io exception
2025-09-19 20:45:19,005 [8eb9963e-bce0-4155-aea2-e442cadff8bd@group-715EBF8096A7-LeaderElection209] INFO  impl.LeaderElection (LogUtils.java:infoOrTrace(142)) -   Exception 1: java.util.concurrent.ExecutionException: org.apache.ratis.thirdparty.io.grpc.StatusRuntimeException: UNAVAILABLE: io exception
2025-09-19 20:45:19,005 [8eb9963e-bce0-4155-aea2-e442cadff8bd@group-715EBF8096A7-LeaderElection209] INFO  impl.LeaderElection (LeaderElection.java:askForVotes(450)) - 8eb9963e-bce0-4155-aea2-e442cadff8bd@group-715EBF8096A7-LeaderElection209 PRE_VOTE round 0: result REJECTED
2025-09-19 20:45:19,005 [8eb9963e-bce0-4155-aea2-e442cadff8bd@group-715EBF8096A7-LeaderElection209] INFO  server.RaftServer$Division (RaftServerImpl.java:setRole(392)) - 8eb9963e-bce0-4155-aea2-e442cadff8bd@group-715EBF8096A7: changes role from CANDIDATE to FOLLOWER at term 5 for REJECTED
2025-09-19 20:45:19,005 [8eb9963e-bce0-4155-aea2-e442cadff8bd@group-715EBF8096A7-LeaderElection209] INFO  impl.RoleInfo (RoleInfo.java:shutdownLeaderElection(141)) - 8eb9963e-bce0-4155-aea2-e442cadff8bd: shutdown 8eb9963e-bce0-4155-aea2-e442cadff8bd@group-715EBF8096A7-LeaderElection209
2025-09-19 20:45:19,005 [8eb9963e-bce0-4155-aea2-e442cadff8bd@group-715EBF8096A7-LeaderElection209] INFO  impl.RoleInfo (RoleInfo.java:updateAndGet(148)) - 8eb9963e-bce0-4155-aea2-e442cadff8bd: start 8eb9963e-bce0-4155-aea2-e442cadff8bd@group-715EBF8096A7-FollowerState
]]></system-out>
  </testcase>
  <testcase name="testBlockWritesWithDnFailures" classname="org.apache.hadoop.ozone.client.rpc.TestFailureHandlingByClient" time="51.083">
    <system-out><![CDATA[2025-09-19 20:45:19,041 [ForkJoinPool-1-worker-1] WARN  dropwizard3.Dm3MetricRegistriesImpl (Dm3MetricRegistriesImpl.java:addReporterRegistration(114)) - New reporters are added after registries were created. Some metrics will be missing from the reporter. Please add reporter before adding any new registry.
2025-09-19 20:45:19,041 [ForkJoinPool-1-worker-1] WARN  dropwizard3.Dm3MetricRegistriesImpl (Dm3MetricRegistriesImpl.java:addReporterRegistration(114)) - New reporters are added after registries were created. Some metrics will be missing from the reporter. Please add reporter before adding any new registry.
2025-09-19 20:45:19,041 [ForkJoinPool-1-worker-1] INFO  impl.MetricsSystemImpl (MetricsSystemImpl.java:init(158)) - HddsDatanode metrics system started (again)
2025-09-19 20:45:19,063 [ForkJoinPool-1-worker-1] INFO  ozone.HddsDatanodeService (HddsDatanodeService.java:start(236)) - HddsDatanodeService b5a25cc1-46d3-4381-a194-bd68f4526f1c(localhost/127.0.0.1)
2025-09-19 20:45:19,064 [ForkJoinPool-1-worker-1] INFO  upgrade.AbstractLayoutVersionManager (AbstractLayoutVersionManager.java:init(80)) - Initializing Layout version manager with metadata layout = WITNESSED_CONTAINER_DB_PROTO_VALUE (version = 9), software layout = WITNESSED_CONTAINER_DB_PROTO_VALUE (version = 9)
2025-09-19 20:45:19,064 [ForkJoinPool-1-worker-1] INFO  statemachine.DatanodeStateMachine (DatanodeStateMachine.java:getEndPointTaskThreadPoolSize(321)) - Datanode State Machine Task Thread Pool size 2
2025-09-19 20:45:19,067 [ForkJoinPool-1-worker-1] INFO  volume.HddsVolume (HddsVolume.java:<init>(162)) - HddsVolume: { id=DS-00f21907-a1b3-4a4a-aa5e-0adcb3313994 dir=/home/runner/work/ozone/ozone/hadoop-ozone/integration-test/target/test-dir/MiniOzoneClusterImpl-990002c2-bb69-4aa2-bd68-28a5e13e86ef/ozone-metadata/datanode-3/data-0/hdds type=DISK capacity=9222449699674390527 used=0 available=9222449699674390527 minFree=9222450130714624 committed=0 }
2025-09-19 20:45:19,067 [ForkJoinPool-1-worker-1] INFO  volume.MutableVolumeSet (MutableVolumeSet.java:initializeVolumeSet(175)) - Added Volume : /home/runner/work/ozone/ozone/hadoop-ozone/integration-test/target/test-dir/MiniOzoneClusterImpl-990002c2-bb69-4aa2-bd68-28a5e13e86ef/ozone-metadata/datanode-3/data-0/hdds to VolumeSet
2025-09-19 20:45:19,068 [ForkJoinPool-1-worker-1] INFO  volume.MutableVolumeSet (MutableVolumeSet.java:initializeVolumeSet(175)) - Added Volume : /home/runner/work/ozone/ozone/hadoop-ozone/integration-test/target/test-dir/MiniOzoneClusterImpl-990002c2-bb69-4aa2-bd68-28a5e13e86ef/ozone-metadata/datanode-3/ratis to VolumeSet
2025-09-19 20:45:19,085 [ForkJoinPool.commonPool-worker-4] INFO  utils.DatanodeStoreCache (DatanodeStoreCache.java:addDB(70)) - Added db /home/runner/work/ozone/ozone/hadoop-ozone/integration-test/target/test-dir/MiniOzoneClusterImpl-990002c2-bb69-4aa2-bd68-28a5e13e86ef/ozone-metadata/datanode-3/data-0/hdds/990002c2-bb69-4aa2-bd68-28a5e13e86ef/DS-00f21907-a1b3-4a4a-aa5e-0adcb3313994/container.db to cache
2025-09-19 20:45:19,086 [ForkJoinPool.commonPool-worker-4] INFO  volume.HddsVolume (HddsVolume.java:loadDbStore(517)) - SchemaV3 db is loaded at /home/runner/work/ozone/ozone/hadoop-ozone/integration-test/target/test-dir/MiniOzoneClusterImpl-990002c2-bb69-4aa2-bd68-28a5e13e86ef/ozone-metadata/datanode-3/data-0/hdds/990002c2-bb69-4aa2-bd68-28a5e13e86ef/DS-00f21907-a1b3-4a4a-aa5e-0adcb3313994/container.db for volume DS-00f21907-a1b3-4a4a-aa5e-0adcb3313994
2025-09-19 20:45:19,086 [ForkJoinPool-1-worker-1] INFO  ozoneimpl.OzoneContainer (HddsVolumeUtil.java:loadAllHddsVolumeDbStore(102)) - Load 1 volumes DbStore cost: 18ms
2025-09-19 20:45:19,086 [ForkJoinPool-1-worker-1] WARN  db.DBStoreBuilder (DBStoreBuilder.java:getDBDirPath(158)) - ozone.scm.datanode.id.dir is not configured. We recommend adding this setting. Falling back to ozone.metadata.dirs instead.
2025-09-19 20:45:19,087 [ForkJoinPool-1-worker-1] WARN  db.DBStoreBuilder (DBStoreBuilder.java:getDBDirPath(158)) - ozone.scm.datanode.id.dir is not configured. We recommend adding this setting. Falling back to ozone.metadata.dirs instead.
2025-09-19 20:45:19,098 [ForkJoinPool-1-worker-1] INFO  impl.FilePerChunkStrategy (FilePerChunkStrategy.java:<init>(79)) - ozone.chunk.read.mapped.buffer.max.count is load with 0
2025-09-19 20:45:19,098 [ForkJoinPool-1-worker-1] INFO  impl.FilePerBlockStrategy (FilePerBlockStrategy.java:<init>(88)) - ozone.chunk.read.mapped.buffer.max.count is load with 0
2025-09-19 20:45:19,099 [ForkJoinPool-1-worker-1] INFO  server.RaftServerConfigKeys (ConfUtils.java:logGet(62)) - raft.server.log.appender.buffer.byte-limit = 33554432 (custom)
2025-09-19 20:45:19,100 [ForkJoinPool-1-worker-1] INFO  grpc.GrpcConfigKeys (ConfUtils.java:logFallback(69)) - raft.grpc.admin.host = null (fallback to raft.grpc.server.host)
2025-09-19 20:45:19,100 [ForkJoinPool-1-worker-1] INFO  grpc.GrpcConfigKeys (ConfUtils.java:logGet(62)) - raft.grpc.admin.port = 15030 (custom)
2025-09-19 20:45:19,100 [ForkJoinPool-1-worker-1] INFO  grpc.GrpcConfigKeys (ConfUtils.java:logFallback(69)) - raft.grpc.client.host = null (fallback to raft.grpc.server.host)
2025-09-19 20:45:19,100 [ForkJoinPool-1-worker-1] INFO  grpc.GrpcConfigKeys (ConfUtils.java:logGet(62)) - raft.grpc.client.port = 15029 (custom)
2025-09-19 20:45:19,100 [ForkJoinPool-1-worker-1] INFO  grpc.GrpcConfigKeys (ConfUtils.java:logGet(62)) - raft.grpc.server.port = 15031 (custom)
2025-09-19 20:45:19,100 [ForkJoinPool-1-worker-1] INFO  server.GrpcServicesImpl (ConfUtils.java:logGet(62)) - raft.grpc.message.size.max = 34603008 (custom)
2025-09-19 20:45:19,101 [ForkJoinPool-1-worker-1] INFO  server.GrpcServicesImpl (ConfUtils.java:logGet(62)) - raft.grpc.flow.control.window = 5MB (=5242880) (custom)
2025-09-19 20:45:19,101 [ForkJoinPool-1-worker-1] INFO  server.RaftServerConfigKeys (ConfUtils.java:logGet(62)) - raft.server.log.appender.buffer.byte-limit = 33554432 (custom)
2025-09-19 20:45:19,102 [ForkJoinPool-1-worker-1] INFO  netty.NettyUtils (NettyUtils.java:newEventLoopGroup(74)) - Create EpollEventLoopGroup for b5a25cc1-46d3-4381-a194-bd68f4526f1c-NettyServerStreamRpc-bossGroup; Thread size is 0.
2025-09-19 20:45:19,103 [ForkJoinPool-1-worker-1] INFO  netty.NettyUtils (NettyUtils.java:newEventLoopGroup(74)) - Create EpollEventLoopGroup for b5a25cc1-46d3-4381-a194-bd68f4526f1c-NettyServerStreamRpc-workerGroup; Thread size is 0.
2025-09-19 20:45:19,103 [ForkJoinPool-1-worker-1] INFO  netty.NettyConfigKeys$DataStream (ConfUtils.java:logGet(62)) - raft.netty.dataStream.port = 15032 (custom)
2025-09-19 20:45:19,104 [ForkJoinPool-1-worker-1] INFO  server.RaftServerConfigKeys (ConfUtils.java:logGet(62)) - raft.server.storage.dir = [/home/runner/work/ozone/ozone/hadoop-ozone/integration-test/target/test-dir/MiniOzoneClusterImpl-990002c2-bb69-4aa2-bd68-28a5e13e86ef/ozone-metadata/datanode-3/ratis] (custom)
2025-09-19 20:45:19,104 [b5a25cc1-46d3-4381-a194-bd68f4526f1c-NettyServerStreamRpc-bossGroup--thread1] INFO  logging.LoggingHandler (AbstractInternalLogger.java:log(148)) - [id: 0x357c88f9] REGISTERED
2025-09-19 20:45:19,104 [b5a25cc1-46d3-4381-a194-bd68f4526f1c-NettyServerStreamRpc-bossGroup--thread1] INFO  logging.LoggingHandler (AbstractInternalLogger.java:log(148)) - [id: 0x357c88f9] BIND: 0.0.0.0/0.0.0.0:15032
2025-09-19 20:45:19,105 [b5a25cc1-46d3-4381-a194-bd68f4526f1c-NettyServerStreamRpc-bossGroup--thread1] INFO  logging.LoggingHandler (AbstractInternalLogger.java:log(148)) - [id: 0x357c88f9, L:/0.0.0.0:15032] ACTIVE
2025-09-19 20:45:19,105 [b5a25cc1-46d3-4381-a194-bd68f4526f1c-impl-thread1] INFO  server.RaftServer (RaftServerProxy.java:initGroupDir(270)) - b5a25cc1-46d3-4381-a194-bd68f4526f1c: found a subdirectory /home/runner/work/ozone/ozone/hadoop-ozone/integration-test/target/test-dir/MiniOzoneClusterImpl-990002c2-bb69-4aa2-bd68-28a5e13e86ef/ozone-metadata/datanode-3/ratis/tmp
2025-09-19 20:45:19,105 [b5a25cc1-46d3-4381-a194-bd68f4526f1c-impl-thread1] INFO  server.RaftServer (RaftServerProxy.java:initGroupDir(275)) - b5a25cc1-46d3-4381-a194-bd68f4526f1c: The directory /home/runner/work/ozone/ozone/hadoop-ozone/integration-test/target/test-dir/MiniOzoneClusterImpl-990002c2-bb69-4aa2-bd68-28a5e13e86ef/ozone-metadata/datanode-3/ratis/tmp is not a group directory; ignoring it. 
2025-09-19 20:45:19,105 [b5a25cc1-46d3-4381-a194-bd68f4526f1c-impl-thread1] INFO  server.RaftServer (RaftServerProxy.java:initGroupDir(270)) - b5a25cc1-46d3-4381-a194-bd68f4526f1c: found a subdirectory /home/runner/work/ozone/ozone/hadoop-ozone/integration-test/target/test-dir/MiniOzoneClusterImpl-990002c2-bb69-4aa2-bd68-28a5e13e86ef/ozone-metadata/datanode-3/ratis/e102d630-0766-4c9c-a6ac-a751954341bd
2025-09-19 20:45:19,107 [b5a25cc1-46d3-4381-a194-bd68f4526f1c-groupManagement] INFO  server.RaftServer$Division (RaftServerImpl.java:<init>(268)) - b5a25cc1-46d3-4381-a194-bd68f4526f1c: new RaftServerImpl for group-A751954341BD:[] with ContainerStateMachine:uninitialized
2025-09-19 20:45:19,108 [b5a25cc1-46d3-4381-a194-bd68f4526f1c-groupManagement] INFO  server.RaftServer$Division (ServerState.java:<init>(114)) - b5a25cc1-46d3-4381-a194-bd68f4526f1c@group-A751954341BD: ConfigurationManager, init=conf: {index: -1, cur=peers:[]|listeners:[], old=null}, confs=<EMPTY_MAP>
2025-09-19 20:45:19,108 [b5a25cc1-46d3-4381-a194-bd68f4526f1c-impl-thread1] INFO  server.RaftServer (RaftServerProxy.java:addNew(105)) - b5a25cc1-46d3-4381-a194-bd68f4526f1c: addNew group-A751954341BD:[] returns group-A751954341BD:java.util.concurrent.CompletableFuture@9502d50[Not completed]
2025-09-19 20:45:19,109 [b5a25cc1-46d3-4381-a194-bd68f4526f1c-impl-thread1] INFO  server.RaftServer (RaftServerProxy.java:initGroupDir(270)) - b5a25cc1-46d3-4381-a194-bd68f4526f1c: found a subdirectory /home/runner/work/ozone/ozone/hadoop-ozone/integration-test/target/test-dir/MiniOzoneClusterImpl-990002c2-bb69-4aa2-bd68-28a5e13e86ef/ozone-metadata/datanode-3/ratis/7b6acda8-b144-4fc3-891d-88b5b3dd1307
2025-09-19 20:45:19,109 [b5a25cc1-46d3-4381-a194-bd68f4526f1c-impl-thread1] INFO  server.RaftServer (RaftServerProxy.java:addNew(105)) - b5a25cc1-46d3-4381-a194-bd68f4526f1c: addNew group-88B5B3DD1307:[] returns group-88B5B3DD1307:java.util.concurrent.CompletableFuture@19643905[Not completed]
2025-09-19 20:45:19,109 [b5a25cc1-46d3-4381-a194-bd68f4526f1c-impl-thread1] INFO  server.RaftServer (RaftServerProxy.java:initGroupDir(270)) - b5a25cc1-46d3-4381-a194-bd68f4526f1c: found a subdirectory /home/runner/work/ozone/ozone/hadoop-ozone/integration-test/target/test-dir/MiniOzoneClusterImpl-990002c2-bb69-4aa2-bd68-28a5e13e86ef/ozone-metadata/datanode-3/ratis/958000d3-2396-49be-82e9-715ebf8096a7
2025-09-19 20:45:19,109 [b5a25cc1-46d3-4381-a194-bd68f4526f1c-impl-thread1] INFO  server.RaftServer (RaftServerProxy.java:addNew(105)) - b5a25cc1-46d3-4381-a194-bd68f4526f1c: addNew group-715EBF8096A7:[] returns group-715EBF8096A7:java.util.concurrent.CompletableFuture@3813033d[Not completed]
2025-09-19 20:45:19,109 [ForkJoinPool-1-worker-1] INFO  replication.ReplicationServer (ReplicationServer.java:<init>(84)) - Initializing replication server with thread count = 10 queue length = 4096
2025-09-19 20:45:19,110 [ForkJoinPool-1-worker-1] INFO  server.XceiverServerGrpc (XceiverServerGrpc.java:<init>(130)) - GrpcServer channel type EpollServerSocketChannel
2025-09-19 20:45:19,111 [ForkJoinPool-1-worker-1] INFO  replication.ReplicationSupervisor (ReplicationSupervisor.java:build(169)) - Initializing replication supervisor with thread count = 10
2025-09-19 20:45:19,111 [ForkJoinPool-1-worker-1] INFO  replication.ReplicationSupervisor (ReplicationSupervisor.java:nodeStateUpdated(358)) - Node state updated to IN_SERVICE, scaling executor pool size to 10
2025-09-19 20:45:19,112 [b5a25cc1-46d3-4381-a194-bd68f4526f1c-groupManagement] INFO  server.RaftServer$Division (RaftServerImpl.java:<init>(268)) - b5a25cc1-46d3-4381-a194-bd68f4526f1c: new RaftServerImpl for group-88B5B3DD1307:[] with ContainerStateMachine:uninitialized
2025-09-19 20:45:19,112 [b5a25cc1-46d3-4381-a194-bd68f4526f1c-groupManagement] INFO  server.RaftServer$Division (ServerState.java:<init>(114)) - b5a25cc1-46d3-4381-a194-bd68f4526f1c@group-88B5B3DD1307: ConfigurationManager, init=conf: {index: -1, cur=peers:[]|listeners:[], old=null}, confs=<EMPTY_MAP>
2025-09-19 20:45:19,117 [b5a25cc1-46d3-4381-a194-bd68f4526f1c-groupManagement] INFO  server.RaftServer$Division (RaftServerImpl.java:<init>(268)) - b5a25cc1-46d3-4381-a194-bd68f4526f1c: new RaftServerImpl for group-715EBF8096A7:[] with ContainerStateMachine:uninitialized
2025-09-19 20:45:19,117 [b5a25cc1-46d3-4381-a194-bd68f4526f1c-groupManagement] INFO  server.RaftServer$Division (ServerState.java:<init>(114)) - b5a25cc1-46d3-4381-a194-bd68f4526f1c@group-715EBF8096A7: ConfigurationManager, init=conf: {index: -1, cur=peers:[]|listeners:[], old=null}, confs=<EMPTY_MAP>
2025-09-19 20:45:19,117 [ForkJoinPool-1-worker-1] INFO  http.BaseHttpServer (BaseHttpServer.java:newHttpServer2BuilderForOzone(227)) - Starting Web-server for hddsDatanode at: http://0.0.0.0:15026
2025-09-19 20:45:19,118 [ForkJoinPool-1-worker-1] INFO  http.BaseHttpServer (BaseHttpServer.java:<init>(105)) - Hadoop Security Enabled: false Ozone Security Enabled: false Ozone HTTP Security Enabled: false 
2025-09-19 20:45:19,120 [ForkJoinPool-1-worker-1] WARN  server.AuthenticationFilter (AuthenticationFilter.java:constructSecretProvider(240)) - Unable to initialize FileSignerSecretProvider, falling back to use random secrets. Reason: Could not read signature secret file: /home/runner/hadoop-http-auth-signature-secret
2025-09-19 20:45:19,123 [ForkJoinPool-1-worker-1] INFO  http.HttpServer2 (HttpServer2.java:addGlobalFilter(1041)) - Added global filter 'safety' (class=org.apache.hadoop.hdds.server.http.HttpServer2$QuotingInputFilter)
2025-09-19 20:45:19,124 [ForkJoinPool-1-worker-1] INFO  http.HttpServer2 (HttpServer2.java:addFilter(1017)) - Added filter static_user_filter (class=org.apache.hadoop.http.lib.StaticUserWebFilter$StaticUserFilter) to context hddsDatanode
2025-09-19 20:45:19,124 [ForkJoinPool-1-worker-1] INFO  http.HttpServer2 (HttpServer2.java:addFilter(1025)) - Added filter static_user_filter (class=org.apache.hadoop.http.lib.StaticUserWebFilter$StaticUserFilter) to context static
2025-09-19 20:45:19,124 [ForkJoinPool-1-worker-1] INFO  http.HttpServer2 (HttpServer2.java:addFilter(1025)) - Added filter static_user_filter (class=org.apache.hadoop.http.lib.StaticUserWebFilter$StaticUserFilter) to context logs
2025-09-19 20:45:19,126 [ForkJoinPool-1-worker-1] INFO  http.BaseHttpServer (BaseHttpServer.java:<init>(193)) - HTTP server of hddsDatanode uses base directory /home/runner/work/ozone/ozone/hadoop-ozone/integration-test/target/test-dir/MiniOzoneClusterImpl-990002c2-bb69-4aa2-bd68-28a5e13e86ef/scm/ozone-metadata/webserver
2025-09-19 20:45:19,126 [ForkJoinPool-1-worker-1] INFO  http.HttpServer2 (HttpServer2.java:bindListener(1241)) - Jetty bound to port 15026
2025-09-19 20:45:19,126 [ForkJoinPool-1-worker-1] INFO  server.Server (Server.java:doStart(375)) - jetty-9.4.58.v20250814; built: 2025-08-14T02:28:49.637Z; git: 8f1440587e9e4ae7db3d74cf205643f3d707148d; jvm 21.0.8+9-LTS
2025-09-19 20:45:19,128 [ForkJoinPool-1-worker-1] INFO  server.session (DefaultSessionIdManager.java:doStart(334)) - DefaultSessionIdManager workerName=node0
2025-09-19 20:45:19,128 [ForkJoinPool-1-worker-1] INFO  server.session (DefaultSessionIdManager.java:doStart(339)) - No SessionScavenger set, using defaults
2025-09-19 20:45:19,128 [ForkJoinPool-1-worker-1] INFO  server.session (HouseKeeper.java:startScavenging(132)) - node0 Scavenging every 660000ms
2025-09-19 20:45:19,130 [ForkJoinPool-1-worker-1] INFO  handler.ContextHandler (ContextHandler.java:doStart(921)) - Started o.e.j.s.ServletContextHandler@4af2de9{logs,/logs,file:///home/runner/work/ozone/ozone/hadoop-ozone/integration-test/target/log,AVAILABLE}
2025-09-19 20:45:19,130 [ForkJoinPool-1-worker-1] INFO  handler.ContextHandler (ContextHandler.java:doStart(921)) - Started o.e.j.s.ServletContextHandler@75ebc05e{static,/static,jar:file:/home/runner/work/ozone/ozone/hadoop-hdds/container-service/target/hdds-container-service-2.1.0-SNAPSHOT.jar!/webapps/static,AVAILABLE}
2025-09-19 20:45:19,152 [8eb9963e-bce0-4155-aea2-e442cadff8bd@group-A751954341BD-FollowerState] INFO  impl.FollowerState (FollowerState.java:runImpl(161)) - 8eb9963e-bce0-4155-aea2-e442cadff8bd@group-A751954341BD-FollowerState: change to CANDIDATE, lastRpcElapsedTime:1017414602ns, electionTimeout:1017ms
2025-09-19 20:45:19,152 [8eb9963e-bce0-4155-aea2-e442cadff8bd@group-A751954341BD-FollowerState] INFO  impl.RoleInfo (RoleInfo.java:shutdownFollowerState(121)) - 8eb9963e-bce0-4155-aea2-e442cadff8bd: shutdown 8eb9963e-bce0-4155-aea2-e442cadff8bd@group-A751954341BD-FollowerState
2025-09-19 20:45:19,152 [8eb9963e-bce0-4155-aea2-e442cadff8bd@group-A751954341BD-FollowerState] INFO  server.RaftServer$Division (RaftServerImpl.java:setRole(392)) - 8eb9963e-bce0-4155-aea2-e442cadff8bd@group-A751954341BD: changes role from  FOLLOWER to CANDIDATE at term 2 for changeToCandidate
2025-09-19 20:45:19,152 [8eb9963e-bce0-4155-aea2-e442cadff8bd@group-A751954341BD-FollowerState] INFO  impl.RoleInfo (RoleInfo.java:updateAndGet(148)) - 8eb9963e-bce0-4155-aea2-e442cadff8bd: start 8eb9963e-bce0-4155-aea2-e442cadff8bd@group-A751954341BD-LeaderElection210
2025-09-19 20:45:19,154 [8eb9963e-bce0-4155-aea2-e442cadff8bd@group-A751954341BD-LeaderElection210] INFO  impl.LeaderElection (LeaderElection.java:askForVotes(448)) - 8eb9963e-bce0-4155-aea2-e442cadff8bd@group-A751954341BD-LeaderElection210 PRE_VOTE round 0: submit vote requests at term 2 for conf: {index: 1, cur=peers:[b5a25cc1-46d3-4381-a194-bd68f4526f1c|127.0.0.1:15031, 0df1231c-9f8a-4757-a7d0-f6d7f53bc482|127.0.0.1:15023, 8eb9963e-bce0-4155-aea2-e442cadff8bd|127.0.0.1:15015]|listeners:[], old=null}
2025-09-19 20:45:19,154 [8eb9963e-bce0-4155-aea2-e442cadff8bd@group-A751954341BD-LeaderElection210] INFO  impl.LeaderElection (LogUtils.java:infoOrTrace(142)) - 8eb9963e-bce0-4155-aea2-e442cadff8bd@group-A751954341BD-LeaderElection210 got exception when requesting votes: java.util.concurrent.ExecutionException: org.apache.ratis.thirdparty.io.grpc.StatusRuntimeException: UNAVAILABLE: io exception
2025-09-19 20:45:19,155 [8eb9963e-bce0-4155-aea2-e442cadff8bd@group-A751954341BD-LeaderElection210] INFO  impl.LeaderElection (LogUtils.java:infoOrTrace(142)) - 8eb9963e-bce0-4155-aea2-e442cadff8bd@group-A751954341BD-LeaderElection210 got exception when requesting votes: java.util.concurrent.ExecutionException: org.apache.ratis.thirdparty.io.grpc.StatusRuntimeException: UNAVAILABLE: io exception
2025-09-19 20:45:19,155 [8eb9963e-bce0-4155-aea2-e442cadff8bd@group-A751954341BD-LeaderElection210] INFO  impl.LeaderElection (LeaderElection.java:logAndReturn(206)) - 8eb9963e-bce0-4155-aea2-e442cadff8bd@group-A751954341BD-LeaderElection210: PRE_VOTE REJECTED received 0 response(s) and 2 exception(s):
2025-09-19 20:45:19,155 [8eb9963e-bce0-4155-aea2-e442cadff8bd@group-A751954341BD-LeaderElection210] INFO  impl.LeaderElection (LogUtils.java:infoOrTrace(142)) -   Exception 0: java.util.concurrent.ExecutionException: org.apache.ratis.thirdparty.io.grpc.StatusRuntimeException: UNAVAILABLE: io exception
2025-09-19 20:45:19,155 [8eb9963e-bce0-4155-aea2-e442cadff8bd@group-A751954341BD-LeaderElection210] INFO  impl.LeaderElection (LogUtils.java:infoOrTrace(142)) -   Exception 1: java.util.concurrent.ExecutionException: org.apache.ratis.thirdparty.io.grpc.StatusRuntimeException: UNAVAILABLE: io exception
2025-09-19 20:45:19,155 [8eb9963e-bce0-4155-aea2-e442cadff8bd@group-A751954341BD-LeaderElection210] INFO  impl.LeaderElection (LeaderElection.java:askForVotes(450)) - 8eb9963e-bce0-4155-aea2-e442cadff8bd@group-A751954341BD-LeaderElection210 PRE_VOTE round 0: result REJECTED
2025-09-19 20:45:19,155 [8eb9963e-bce0-4155-aea2-e442cadff8bd@group-A751954341BD-LeaderElection210] INFO  server.RaftServer$Division (RaftServerImpl.java:setRole(392)) - 8eb9963e-bce0-4155-aea2-e442cadff8bd@group-A751954341BD: changes role from CANDIDATE to FOLLOWER at term 2 for REJECTED
2025-09-19 20:45:19,155 [8eb9963e-bce0-4155-aea2-e442cadff8bd@group-A751954341BD-LeaderElection210] INFO  impl.RoleInfo (RoleInfo.java:shutdownLeaderElection(141)) - 8eb9963e-bce0-4155-aea2-e442cadff8bd: shutdown 8eb9963e-bce0-4155-aea2-e442cadff8bd@group-A751954341BD-LeaderElection210
2025-09-19 20:45:19,155 [8eb9963e-bce0-4155-aea2-e442cadff8bd@group-A751954341BD-LeaderElection210] INFO  impl.RoleInfo (RoleInfo.java:updateAndGet(148)) - 8eb9963e-bce0-4155-aea2-e442cadff8bd: start 8eb9963e-bce0-4155-aea2-e442cadff8bd@group-A751954341BD-FollowerState
2025-09-19 20:45:19,283 [ForkJoinPool-1-worker-1] INFO  handler.ContextHandler (ContextHandler.java:doStart(921)) - Started o.e.j.w.WebAppContext@794aab89{hddsDatanode,/,file:///home/runner/work/ozone/ozone/hadoop-ozone/integration-test/target/test-dir/MiniOzoneClusterImpl-990002c2-bb69-4aa2-bd68-28a5e13e86ef/scm/ozone-metadata/webserver/jetty-0_0_0_0-15026-hdds-container-service-2_1_0-SNAPSHOT_jar-_-any-7617702061973401505/webapp/,AVAILABLE}{jar:file:/home/runner/work/ozone/ozone/hadoop-hdds/container-service/target/hdds-container-service-2.1.0-SNAPSHOT.jar!/webapps/hddsDatanode}
2025-09-19 20:45:19,283 [ForkJoinPool-1-worker-1] INFO  server.AbstractConnector (AbstractConnector.java:doStart(333)) - Started ServerConnector@4bd24756{HTTP/1.1, (http/1.1)}{0.0.0.0:15026}
2025-09-19 20:45:19,283 [ForkJoinPool-1-worker-1] INFO  server.Server (Server.java:doStart(415)) - Started @143501ms
2025-09-19 20:45:19,283 [ForkJoinPool-1-worker-1] WARN  impl.MetricsSystemImpl (MetricsSystemImpl.java:register(279)) - Sink prometheus already exists!
2025-09-19 20:45:19,284 [ForkJoinPool-1-worker-1] INFO  http.BaseHttpServer (BaseHttpServer.java:updateConnectorAddress(357)) - HTTP server of hddsDatanode listening at http://localhost:15026
2025-09-19 20:45:19,284 [ForkJoinPool-1-worker-1] INFO  ipc.CallQueueManager (CallQueueManager.java:<init>(93)) - Using callQueue: class java.util.concurrent.LinkedBlockingQueue, queueCapacity: 1000, scheduler: class org.apache.hadoop.ipc.DefaultRpcScheduler, ipcBackoff: false, ipcFailOver: false.
2025-09-19 20:45:19,284 [ForkJoinPool-1-worker-1] INFO  ipc.Server (Server.java:<init>(1438)) - Listener at 0.0.0.0:15027
2025-09-19 20:45:19,285 [Socket Reader #1 for port 15027] INFO  ipc.Server (Server.java:run(1474)) - Starting Socket Reader #1 for port 15027
2025-09-19 20:45:19,285 [Socket Reader #2 for port 15027] INFO  ipc.Server (Server.java:run(1474)) - Starting Socket Reader #2 for port 15027
2025-09-19 20:45:19,285 [Socket Reader #3 for port 15027] INFO  ipc.Server (Server.java:run(1474)) - Starting Socket Reader #3 for port 15027
2025-09-19 20:45:19,285 [Socket Reader #4 for port 15027] INFO  ipc.Server (Server.java:run(1474)) - Starting Socket Reader #4 for port 15027
2025-09-19 20:45:19,285 [Socket Reader #5 for port 15027] INFO  ipc.Server (Server.java:run(1474)) - Starting Socket Reader #5 for port 15027
2025-09-19 20:45:19,286 [Socket Reader #6 for port 15027] INFO  ipc.Server (Server.java:run(1474)) - Starting Socket Reader #6 for port 15027
2025-09-19 20:45:19,286 [Socket Reader #7 for port 15027] INFO  ipc.Server (Server.java:run(1474)) - Starting Socket Reader #7 for port 15027
2025-09-19 20:45:19,286 [Socket Reader #8 for port 15027] INFO  ipc.Server (Server.java:run(1474)) - Starting Socket Reader #8 for port 15027
2025-09-19 20:45:19,286 [Socket Reader #9 for port 15027] INFO  ipc.Server (Server.java:run(1474)) - Starting Socket Reader #9 for port 15027
2025-09-19 20:45:19,286 [Socket Reader #10 for port 15027] INFO  ipc.Server (Server.java:run(1474)) - Starting Socket Reader #10 for port 15027
2025-09-19 20:45:19,288 [ForkJoinPool-1-worker-1] INFO  ozone.HddsDatanodeService (HddsDatanodeService.java:start(333)) - Datanode start with admins: [admin, runner]
2025-09-19 20:45:19,288 [ForkJoinPool-1-worker-1] INFO  ozone.HddsDatanodeClientProtocolServer (HddsDatanodeClientProtocolServer.java:start(76)) - RPC server for Client /0.0.0.0:15027
2025-09-19 20:45:19,288 [IPC Server Responder] INFO  ipc.Server (Server.java:run(1713)) - IPC Server Responder: starting
2025-09-19 20:45:19,288 [IPC Server listener on 15027] INFO  ipc.Server (Server.java:run(1553)) - IPC Server listener on 15027: starting
2025-09-19 20:45:19,291 [ForkJoinPool-1-worker-1] WARN  dropwizard3.Dm3MetricRegistriesImpl (Dm3MetricRegistriesImpl.java:addReporterRegistration(114)) - New reporters are added after registries were created. Some metrics will be missing from the reporter. Please add reporter before adding any new registry.
2025-09-19 20:45:19,291 [ForkJoinPool-1-worker-1] WARN  dropwizard3.Dm3MetricRegistriesImpl (Dm3MetricRegistriesImpl.java:addReporterRegistration(114)) - New reporters are added after registries were created. Some metrics will be missing from the reporter. Please add reporter before adding any new registry.
2025-09-19 20:45:19,292 [ForkJoinPool-1-worker-1] INFO  impl.MetricsSystemImpl (MetricsSystemImpl.java:init(158)) - HddsDatanode metrics system started (again)
2025-09-19 20:45:19,292 [b5a25cc1-46d3-4381-a194-bd68f4526f1c-DatanodeStateMachineDaemonThread] INFO  statemachine.DatanodeStateMachine (DatanodeStateMachine.java:startStateMachineThread(363)) - Ozone container server started.
2025-09-19 20:45:19,296 [b5a25cc1-46d3-4381-a194-bd68f4526f1c-DatanodeStateMachineTaskThread-0] INFO  datanode.InitDatanodeState (InitDatanodeState.java:persistContainerDatanodeDetails(139)) - DatanodeDetails is persisted to /home/runner/work/ozone/ozone/hadoop-ozone/integration-test/target/test-dir/MiniOzoneClusterImpl-990002c2-bb69-4aa2-bd68-28a5e13e86ef/ozone-metadata/datanode-3/ozone-metadata/datanode.id
2025-09-19 20:45:19,312 [ForkJoinPool-1-worker-1] INFO  ozone.HddsDatanodeService (HddsDatanodeService.java:start(236)) - HddsDatanodeService 0df1231c-9f8a-4757-a7d0-f6d7f53bc482(localhost/127.0.0.1)
2025-09-19 20:45:19,314 [ForkJoinPool-1-worker-1] INFO  upgrade.AbstractLayoutVersionManager (AbstractLayoutVersionManager.java:init(80)) - Initializing Layout version manager with metadata layout = WITNESSED_CONTAINER_DB_PROTO_VALUE (version = 9), software layout = WITNESSED_CONTAINER_DB_PROTO_VALUE (version = 9)
2025-09-19 20:45:19,314 [ForkJoinPool-1-worker-1] INFO  statemachine.DatanodeStateMachine (DatanodeStateMachine.java:getEndPointTaskThreadPoolSize(321)) - Datanode State Machine Task Thread Pool size 2
2025-09-19 20:45:19,316 [ForkJoinPool-1-worker-1] INFO  volume.HddsVolume (HddsVolume.java:<init>(162)) - HddsVolume: { id=DS-69ac7518-6ece-4e77-96c1-96814a10e0cf dir=/home/runner/work/ozone/ozone/hadoop-ozone/integration-test/target/test-dir/MiniOzoneClusterImpl-990002c2-bb69-4aa2-bd68-28a5e13e86ef/ozone-metadata/datanode-2/data-0/hdds type=DISK capacity=9222449699674390527 used=0 available=9222449699674390527 minFree=9222450130714624 committed=0 }
2025-09-19 20:45:19,316 [ForkJoinPool-1-worker-1] INFO  volume.MutableVolumeSet (MutableVolumeSet.java:initializeVolumeSet(175)) - Added Volume : /home/runner/work/ozone/ozone/hadoop-ozone/integration-test/target/test-dir/MiniOzoneClusterImpl-990002c2-bb69-4aa2-bd68-28a5e13e86ef/ozone-metadata/datanode-2/data-0/hdds to VolumeSet
2025-09-19 20:45:19,317 [ForkJoinPool-1-worker-1] INFO  volume.MutableVolumeSet (MutableVolumeSet.java:initializeVolumeSet(175)) - Added Volume : /home/runner/work/ozone/ozone/hadoop-ozone/integration-test/target/test-dir/MiniOzoneClusterImpl-990002c2-bb69-4aa2-bd68-28a5e13e86ef/ozone-metadata/datanode-2/ratis to VolumeSet
2025-09-19 20:45:19,336 [ForkJoinPool.commonPool-worker-4] INFO  utils.DatanodeStoreCache (DatanodeStoreCache.java:addDB(70)) - Added db /home/runner/work/ozone/ozone/hadoop-ozone/integration-test/target/test-dir/MiniOzoneClusterImpl-990002c2-bb69-4aa2-bd68-28a5e13e86ef/ozone-metadata/datanode-2/data-0/hdds/990002c2-bb69-4aa2-bd68-28a5e13e86ef/DS-69ac7518-6ece-4e77-96c1-96814a10e0cf/container.db to cache
2025-09-19 20:45:19,336 [ForkJoinPool.commonPool-worker-4] INFO  volume.HddsVolume (HddsVolume.java:loadDbStore(517)) - SchemaV3 db is loaded at /home/runner/work/ozone/ozone/hadoop-ozone/integration-test/target/test-dir/MiniOzoneClusterImpl-990002c2-bb69-4aa2-bd68-28a5e13e86ef/ozone-metadata/datanode-2/data-0/hdds/990002c2-bb69-4aa2-bd68-28a5e13e86ef/DS-69ac7518-6ece-4e77-96c1-96814a10e0cf/container.db for volume DS-69ac7518-6ece-4e77-96c1-96814a10e0cf
2025-09-19 20:45:19,336 [ForkJoinPool-1-worker-1] INFO  ozoneimpl.OzoneContainer (HddsVolumeUtil.java:loadAllHddsVolumeDbStore(102)) - Load 1 volumes DbStore cost: 18ms
2025-09-19 20:45:19,336 [ForkJoinPool-1-worker-1] WARN  db.DBStoreBuilder (DBStoreBuilder.java:getDBDirPath(158)) - ozone.scm.datanode.id.dir is not configured. We recommend adding this setting. Falling back to ozone.metadata.dirs instead.
2025-09-19 20:45:19,337 [ForkJoinPool-1-worker-1] WARN  db.DBStoreBuilder (DBStoreBuilder.java:getDBDirPath(158)) - ozone.scm.datanode.id.dir is not configured. We recommend adding this setting. Falling back to ozone.metadata.dirs instead.
2025-09-19 20:45:19,345 [ForkJoinPool-1-worker-1] INFO  impl.FilePerChunkStrategy (FilePerChunkStrategy.java:<init>(79)) - ozone.chunk.read.mapped.buffer.max.count is load with 0
2025-09-19 20:45:19,345 [ForkJoinPool-1-worker-1] INFO  impl.FilePerBlockStrategy (FilePerBlockStrategy.java:<init>(88)) - ozone.chunk.read.mapped.buffer.max.count is load with 0
2025-09-19 20:45:19,346 [ForkJoinPool-1-worker-1] INFO  server.RaftServerConfigKeys (ConfUtils.java:logGet(62)) - raft.server.log.appender.buffer.byte-limit = 33554432 (custom)
2025-09-19 20:45:19,347 [ForkJoinPool-1-worker-1] INFO  grpc.GrpcConfigKeys (ConfUtils.java:logFallback(69)) - raft.grpc.admin.host = null (fallback to raft.grpc.server.host)
2025-09-19 20:45:19,347 [ForkJoinPool-1-worker-1] INFO  grpc.GrpcConfigKeys (ConfUtils.java:logGet(62)) - raft.grpc.admin.port = 15022 (custom)
2025-09-19 20:45:19,347 [ForkJoinPool-1-worker-1] INFO  grpc.GrpcConfigKeys (ConfUtils.java:logFallback(69)) - raft.grpc.client.host = null (fallback to raft.grpc.server.host)
2025-09-19 20:45:19,347 [ForkJoinPool-1-worker-1] INFO  grpc.GrpcConfigKeys (ConfUtils.java:logGet(62)) - raft.grpc.client.port = 15021 (custom)
2025-09-19 20:45:19,347 [ForkJoinPool-1-worker-1] INFO  grpc.GrpcConfigKeys (ConfUtils.java:logGet(62)) - raft.grpc.server.port = 15023 (custom)
2025-09-19 20:45:19,347 [ForkJoinPool-1-worker-1] INFO  server.GrpcServicesImpl (ConfUtils.java:logGet(62)) - raft.grpc.message.size.max = 34603008 (custom)
2025-09-19 20:45:19,347 [ForkJoinPool-1-worker-1] INFO  server.GrpcServicesImpl (ConfUtils.java:logGet(62)) - raft.grpc.flow.control.window = 5MB (=5242880) (custom)
2025-09-19 20:45:19,347 [ForkJoinPool-1-worker-1] INFO  server.RaftServerConfigKeys (ConfUtils.java:logGet(62)) - raft.server.log.appender.buffer.byte-limit = 33554432 (custom)
2025-09-19 20:45:19,349 [ForkJoinPool-1-worker-1] INFO  netty.NettyUtils (NettyUtils.java:newEventLoopGroup(74)) - Create EpollEventLoopGroup for 0df1231c-9f8a-4757-a7d0-f6d7f53bc482-NettyServerStreamRpc-bossGroup; Thread size is 0.
2025-09-19 20:45:19,349 [ForkJoinPool-1-worker-1] INFO  netty.NettyUtils (NettyUtils.java:newEventLoopGroup(74)) - Create EpollEventLoopGroup for 0df1231c-9f8a-4757-a7d0-f6d7f53bc482-NettyServerStreamRpc-workerGroup; Thread size is 0.
2025-09-19 20:45:19,349 [ForkJoinPool-1-worker-1] INFO  netty.NettyConfigKeys$DataStream (ConfUtils.java:logGet(62)) - raft.netty.dataStream.port = 15024 (custom)
2025-09-19 20:45:19,350 [ForkJoinPool-1-worker-1] INFO  server.RaftServerConfigKeys (ConfUtils.java:logGet(62)) - raft.server.storage.dir = [/home/runner/work/ozone/ozone/hadoop-ozone/integration-test/target/test-dir/MiniOzoneClusterImpl-990002c2-bb69-4aa2-bd68-28a5e13e86ef/ozone-metadata/datanode-2/ratis] (custom)
2025-09-19 20:45:19,350 [0df1231c-9f8a-4757-a7d0-f6d7f53bc482-NettyServerStreamRpc-bossGroup--thread1] INFO  logging.LoggingHandler (AbstractInternalLogger.java:log(148)) - [id: 0x7f96c62c] REGISTERED
2025-09-19 20:45:19,350 [0df1231c-9f8a-4757-a7d0-f6d7f53bc482-NettyServerStreamRpc-bossGroup--thread1] INFO  logging.LoggingHandler (AbstractInternalLogger.java:log(148)) - [id: 0x7f96c62c] BIND: 0.0.0.0/0.0.0.0:15024
2025-09-19 20:45:19,350 [0df1231c-9f8a-4757-a7d0-f6d7f53bc482-NettyServerStreamRpc-bossGroup--thread1] INFO  logging.LoggingHandler (AbstractInternalLogger.java:log(148)) - [id: 0x7f96c62c, L:/0.0.0.0:15024] ACTIVE
2025-09-19 20:45:19,350 [0df1231c-9f8a-4757-a7d0-f6d7f53bc482-impl-thread1] INFO  server.RaftServer (RaftServerProxy.java:initGroupDir(270)) - 0df1231c-9f8a-4757-a7d0-f6d7f53bc482: found a subdirectory /home/runner/work/ozone/ozone/hadoop-ozone/integration-test/target/test-dir/MiniOzoneClusterImpl-990002c2-bb69-4aa2-bd68-28a5e13e86ef/ozone-metadata/datanode-2/ratis/54fe0239-6051-4a8e-b590-39ad5a9eaacd
2025-09-19 20:45:19,350 [0df1231c-9f8a-4757-a7d0-f6d7f53bc482-impl-thread1] INFO  server.RaftServer (RaftServerProxy.java:addNew(105)) - 0df1231c-9f8a-4757-a7d0-f6d7f53bc482: addNew group-39AD5A9EAACD:[] returns group-39AD5A9EAACD:java.util.concurrent.CompletableFuture@74fbbc02[Not completed]
2025-09-19 20:45:19,350 [0df1231c-9f8a-4757-a7d0-f6d7f53bc482-impl-thread1] INFO  server.RaftServer (RaftServerProxy.java:initGroupDir(270)) - 0df1231c-9f8a-4757-a7d0-f6d7f53bc482: found a subdirectory /home/runner/work/ozone/ozone/hadoop-ozone/integration-test/target/test-dir/MiniOzoneClusterImpl-990002c2-bb69-4aa2-bd68-28a5e13e86ef/ozone-metadata/datanode-2/ratis/tmp
2025-09-19 20:45:19,351 [0df1231c-9f8a-4757-a7d0-f6d7f53bc482-impl-thread1] INFO  server.RaftServer (RaftServerProxy.java:initGroupDir(275)) - 0df1231c-9f8a-4757-a7d0-f6d7f53bc482: The directory /home/runner/work/ozone/ozone/hadoop-ozone/integration-test/target/test-dir/MiniOzoneClusterImpl-990002c2-bb69-4aa2-bd68-28a5e13e86ef/ozone-metadata/datanode-2/ratis/tmp is not a group directory; ignoring it. 
2025-09-19 20:45:19,351 [0df1231c-9f8a-4757-a7d0-f6d7f53bc482-impl-thread1] INFO  server.RaftServer (RaftServerProxy.java:initGroupDir(270)) - 0df1231c-9f8a-4757-a7d0-f6d7f53bc482: found a subdirectory /home/runner/work/ozone/ozone/hadoop-ozone/integration-test/target/test-dir/MiniOzoneClusterImpl-990002c2-bb69-4aa2-bd68-28a5e13e86ef/ozone-metadata/datanode-2/ratis/e102d630-0766-4c9c-a6ac-a751954341bd
2025-09-19 20:45:19,351 [0df1231c-9f8a-4757-a7d0-f6d7f53bc482-impl-thread1] INFO  server.RaftServer (RaftServerProxy.java:addNew(105)) - 0df1231c-9f8a-4757-a7d0-f6d7f53bc482: addNew group-A751954341BD:[] returns group-A751954341BD:java.util.concurrent.CompletableFuture@45b2ddb3[Not completed]
2025-09-19 20:45:19,351 [0df1231c-9f8a-4757-a7d0-f6d7f53bc482-impl-thread1] INFO  server.RaftServer (RaftServerProxy.java:initGroupDir(270)) - 0df1231c-9f8a-4757-a7d0-f6d7f53bc482: found a subdirectory /home/runner/work/ozone/ozone/hadoop-ozone/integration-test/target/test-dir/MiniOzoneClusterImpl-990002c2-bb69-4aa2-bd68-28a5e13e86ef/ozone-metadata/datanode-2/ratis/958000d3-2396-49be-82e9-715ebf8096a7
2025-09-19 20:45:19,351 [0df1231c-9f8a-4757-a7d0-f6d7f53bc482-impl-thread1] INFO  server.RaftServer (RaftServerProxy.java:addNew(105)) - 0df1231c-9f8a-4757-a7d0-f6d7f53bc482: addNew group-715EBF8096A7:[] returns group-715EBF8096A7:java.util.concurrent.CompletableFuture@4545cc42[Not completed]
2025-09-19 20:45:19,351 [ForkJoinPool-1-worker-1] INFO  replication.ReplicationServer (ReplicationServer.java:<init>(84)) - Initializing replication server with thread count = 10 queue length = 4096
2025-09-19 20:45:19,352 [0df1231c-9f8a-4757-a7d0-f6d7f53bc482-groupManagement] INFO  server.RaftServer$Division (RaftServerImpl.java:<init>(268)) - 0df1231c-9f8a-4757-a7d0-f6d7f53bc482: new RaftServerImpl for group-39AD5A9EAACD:[] with ContainerStateMachine:uninitialized
2025-09-19 20:45:19,352 [ForkJoinPool-1-worker-1] INFO  server.XceiverServerGrpc (XceiverServerGrpc.java:<init>(130)) - GrpcServer channel type EpollServerSocketChannel
2025-09-19 20:45:19,352 [0df1231c-9f8a-4757-a7d0-f6d7f53bc482-groupManagement] INFO  server.RaftServer$Division (ServerState.java:<init>(114)) - 0df1231c-9f8a-4757-a7d0-f6d7f53bc482@group-39AD5A9EAACD: ConfigurationManager, init=conf: {index: -1, cur=peers:[]|listeners:[], old=null}, confs=<EMPTY_MAP>
2025-09-19 20:45:19,353 [ForkJoinPool-1-worker-1] INFO  replication.ReplicationSupervisor (ReplicationSupervisor.java:build(169)) - Initializing replication supervisor with thread count = 10
2025-09-19 20:45:19,353 [ForkJoinPool-1-worker-1] INFO  replication.ReplicationSupervisor (ReplicationSupervisor.java:nodeStateUpdated(358)) - Node state updated to IN_SERVICE, scaling executor pool size to 10
2025-09-19 20:45:19,355 [ForkJoinPool-1-worker-1] INFO  http.BaseHttpServer (BaseHttpServer.java:newHttpServer2BuilderForOzone(227)) - Starting Web-server for hddsDatanode at: http://0.0.0.0:15018
2025-09-19 20:45:19,355 [ForkJoinPool-1-worker-1] INFO  http.BaseHttpServer (BaseHttpServer.java:<init>(105)) - Hadoop Security Enabled: false Ozone Security Enabled: false Ozone HTTP Security Enabled: false 
2025-09-19 20:45:19,357 [ForkJoinPool-1-worker-1] WARN  server.AuthenticationFilter (AuthenticationFilter.java:constructSecretProvider(240)) - Unable to initialize FileSignerSecretProvider, falling back to use random secrets. Reason: Could not read signature secret file: /home/runner/hadoop-http-auth-signature-secret
2025-09-19 20:45:19,357 [0df1231c-9f8a-4757-a7d0-f6d7f53bc482-groupManagement] INFO  server.RaftServer$Division (RaftServerImpl.java:<init>(268)) - 0df1231c-9f8a-4757-a7d0-f6d7f53bc482: new RaftServerImpl for group-A751954341BD:[] with ContainerStateMachine:uninitialized
2025-09-19 20:45:19,357 [0df1231c-9f8a-4757-a7d0-f6d7f53bc482-groupManagement] INFO  server.RaftServer$Division (ServerState.java:<init>(114)) - 0df1231c-9f8a-4757-a7d0-f6d7f53bc482@group-A751954341BD: ConfigurationManager, init=conf: {index: -1, cur=peers:[]|listeners:[], old=null}, confs=<EMPTY_MAP>
2025-09-19 20:45:19,359 [ForkJoinPool-1-worker-1] INFO  http.HttpServer2 (HttpServer2.java:addGlobalFilter(1041)) - Added global filter 'safety' (class=org.apache.hadoop.hdds.server.http.HttpServer2$QuotingInputFilter)
2025-09-19 20:45:19,360 [ForkJoinPool-1-worker-1] INFO  http.HttpServer2 (HttpServer2.java:addFilter(1017)) - Added filter static_user_filter (class=org.apache.hadoop.http.lib.StaticUserWebFilter$StaticUserFilter) to context hddsDatanode
2025-09-19 20:45:19,360 [ForkJoinPool-1-worker-1] INFO  http.HttpServer2 (HttpServer2.java:addFilter(1025)) - Added filter static_user_filter (class=org.apache.hadoop.http.lib.StaticUserWebFilter$StaticUserFilter) to context logs
2025-09-19 20:45:19,361 [ForkJoinPool-1-worker-1] INFO  http.HttpServer2 (HttpServer2.java:addFilter(1025)) - Added filter static_user_filter (class=org.apache.hadoop.http.lib.StaticUserWebFilter$StaticUserFilter) to context static
2025-09-19 20:45:19,361 [0df1231c-9f8a-4757-a7d0-f6d7f53bc482-groupManagement] INFO  server.RaftServer$Division (RaftServerImpl.java:<init>(268)) - 0df1231c-9f8a-4757-a7d0-f6d7f53bc482: new RaftServerImpl for group-715EBF8096A7:[] with ContainerStateMachine:uninitialized
2025-09-19 20:45:19,362 [0df1231c-9f8a-4757-a7d0-f6d7f53bc482-groupManagement] INFO  server.RaftServer$Division (ServerState.java:<init>(114)) - 0df1231c-9f8a-4757-a7d0-f6d7f53bc482@group-715EBF8096A7: ConfigurationManager, init=conf: {index: -1, cur=peers:[]|listeners:[], old=null}, confs=<EMPTY_MAP>
2025-09-19 20:45:19,363 [ForkJoinPool-1-worker-1] INFO  http.BaseHttpServer (BaseHttpServer.java:<init>(193)) - HTTP server of hddsDatanode uses base directory /home/runner/work/ozone/ozone/hadoop-ozone/integration-test/target/test-dir/MiniOzoneClusterImpl-990002c2-bb69-4aa2-bd68-28a5e13e86ef/scm/ozone-metadata/webserver
2025-09-19 20:45:19,364 [ForkJoinPool-1-worker-1] INFO  http.HttpServer2 (HttpServer2.java:bindListener(1241)) - Jetty bound to port 15018
2025-09-19 20:45:19,364 [ForkJoinPool-1-worker-1] INFO  server.Server (Server.java:doStart(375)) - jetty-9.4.58.v20250814; built: 2025-08-14T02:28:49.637Z; git: 8f1440587e9e4ae7db3d74cf205643f3d707148d; jvm 21.0.8+9-LTS
2025-09-19 20:45:19,366 [ForkJoinPool-1-worker-1] INFO  server.session (DefaultSessionIdManager.java:doStart(334)) - DefaultSessionIdManager workerName=node0
2025-09-19 20:45:19,366 [ForkJoinPool-1-worker-1] INFO  server.session (DefaultSessionIdManager.java:doStart(339)) - No SessionScavenger set, using defaults
2025-09-19 20:45:19,366 [ForkJoinPool-1-worker-1] INFO  server.session (HouseKeeper.java:startScavenging(132)) - node0 Scavenging every 660000ms
2025-09-19 20:45:19,367 [ForkJoinPool-1-worker-1] INFO  handler.ContextHandler (ContextHandler.java:doStart(921)) - Started o.e.j.s.ServletContextHandler@58303c61{logs,/logs,file:///home/runner/work/ozone/ozone/hadoop-ozone/integration-test/target/log,AVAILABLE}
2025-09-19 20:45:19,367 [ForkJoinPool-1-worker-1] INFO  handler.ContextHandler (ContextHandler.java:doStart(921)) - Started o.e.j.s.ServletContextHandler@45301da{static,/static,jar:file:/home/runner/work/ozone/ozone/hadoop-hdds/container-service/target/hdds-container-service-2.1.0-SNAPSHOT.jar!/webapps/static,AVAILABLE}
2025-09-19 20:45:19,511 [ForkJoinPool-1-worker-1] INFO  handler.ContextHandler (ContextHandler.java:doStart(921)) - Started o.e.j.w.WebAppContext@49b40c30{hddsDatanode,/,file:///home/runner/work/ozone/ozone/hadoop-ozone/integration-test/target/test-dir/MiniOzoneClusterImpl-990002c2-bb69-4aa2-bd68-28a5e13e86ef/scm/ozone-metadata/webserver/jetty-0_0_0_0-15018-hdds-container-service-2_1_0-SNAPSHOT_jar-_-any-4125355535587460747/webapp/,AVAILABLE}{jar:file:/home/runner/work/ozone/ozone/hadoop-hdds/container-service/target/hdds-container-service-2.1.0-SNAPSHOT.jar!/webapps/hddsDatanode}
2025-09-19 20:45:19,511 [ForkJoinPool-1-worker-1] INFO  server.AbstractConnector (AbstractConnector.java:doStart(333)) - Started ServerConnector@37f1f426{HTTP/1.1, (http/1.1)}{0.0.0.0:15018}
2025-09-19 20:45:19,511 [ForkJoinPool-1-worker-1] INFO  server.Server (Server.java:doStart(415)) - Started @143730ms
2025-09-19 20:45:19,511 [ForkJoinPool-1-worker-1] WARN  impl.MetricsSystemImpl (MetricsSystemImpl.java:register(279)) - Sink prometheus already exists!
2025-09-19 20:45:19,512 [ForkJoinPool-1-worker-1] INFO  http.BaseHttpServer (BaseHttpServer.java:updateConnectorAddress(357)) - HTTP server of hddsDatanode listening at http://localhost:15018
2025-09-19 20:45:19,512 [ForkJoinPool-1-worker-1] INFO  ipc.CallQueueManager (CallQueueManager.java:<init>(93)) - Using callQueue: class java.util.concurrent.LinkedBlockingQueue, queueCapacity: 1000, scheduler: class org.apache.hadoop.ipc.DefaultRpcScheduler, ipcBackoff: false, ipcFailOver: false.
2025-09-19 20:45:19,512 [ForkJoinPool-1-worker-1] INFO  ipc.Server (Server.java:<init>(1438)) - Listener at 0.0.0.0:15019
2025-09-19 20:45:19,513 [Socket Reader #1 for port 15019] INFO  ipc.Server (Server.java:run(1474)) - Starting Socket Reader #1 for port 15019
2025-09-19 20:45:19,513 [Socket Reader #2 for port 15019] INFO  ipc.Server (Server.java:run(1474)) - Starting Socket Reader #2 for port 15019
2025-09-19 20:45:19,513 [Socket Reader #3 for port 15019] INFO  ipc.Server (Server.java:run(1474)) - Starting Socket Reader #3 for port 15019
2025-09-19 20:45:19,513 [Socket Reader #4 for port 15019] INFO  ipc.Server (Server.java:run(1474)) - Starting Socket Reader #4 for port 15019
2025-09-19 20:45:19,513 [Socket Reader #5 for port 15019] INFO  ipc.Server (Server.java:run(1474)) - Starting Socket Reader #5 for port 15019
2025-09-19 20:45:19,513 [Socket Reader #6 for port 15019] INFO  ipc.Server (Server.java:run(1474)) - Starting Socket Reader #6 for port 15019
2025-09-19 20:45:19,514 [Socket Reader #7 for port 15019] INFO  ipc.Server (Server.java:run(1474)) - Starting Socket Reader #7 for port 15019
2025-09-19 20:45:19,514 [Socket Reader #8 for port 15019] INFO  ipc.Server (Server.java:run(1474)) - Starting Socket Reader #8 for port 15019
2025-09-19 20:45:19,514 [Socket Reader #9 for port 15019] INFO  ipc.Server (Server.java:run(1474)) - Starting Socket Reader #9 for port 15019
2025-09-19 20:45:19,514 [Socket Reader #10 for port 15019] INFO  ipc.Server (Server.java:run(1474)) - Starting Socket Reader #10 for port 15019
2025-09-19 20:45:19,515 [ForkJoinPool-1-worker-1] INFO  ozone.HddsDatanodeService (HddsDatanodeService.java:start(333)) - Datanode start with admins: [admin, runner]
2025-09-19 20:45:19,516 [ForkJoinPool-1-worker-1] INFO  ozone.HddsDatanodeClientProtocolServer (HddsDatanodeClientProtocolServer.java:start(76)) - RPC server for Client /0.0.0.0:15019
2025-09-19 20:45:19,516 [IPC Server Responder] INFO  ipc.Server (Server.java:run(1713)) - IPC Server Responder: starting
2025-09-19 20:45:19,516 [IPC Server listener on 15019] INFO  ipc.Server (Server.java:run(1553)) - IPC Server listener on 15019: starting
2025-09-19 20:45:19,517 [ForkJoinPool-1-worker-1] INFO  ozone.MiniOzoneClusterImpl (MiniOzoneClusterImpl.java:lambda$waitForClusterToBeReady$0(181)) - Nodes are ready. Got 10 of 10 DN Heartbeats.
2025-09-19 20:45:19,517 [ForkJoinPool-1-worker-1] INFO  ozone.MiniOzoneClusterImpl (MiniOzoneClusterImpl.java:lambda$waitForClusterToBeReady$0(184)) - Cluster exits safe mode
2025-09-19 20:45:19,518 [ForkJoinPool-1-worker-1] INFO  ozone.MiniOzoneClusterImpl (MiniOzoneClusterImpl.java:lambda$waitForClusterToBeReady$0(186)) - SCM became leader
2025-09-19 20:45:19,518 [0df1231c-9f8a-4757-a7d0-f6d7f53bc482-DatanodeStateMachineDaemonThread] INFO  statemachine.DatanodeStateMachine (DatanodeStateMachine.java:startStateMachineThread(363)) - Ozone container server started.
2025-09-19 20:45:19,521 [0df1231c-9f8a-4757-a7d0-f6d7f53bc482-DatanodeStateMachineTaskThread-0] INFO  datanode.InitDatanodeState (InitDatanodeState.java:persistContainerDatanodeDetails(139)) - DatanodeDetails is persisted to /home/runner/work/ozone/ozone/hadoop-ozone/integration-test/target/test-dir/MiniOzoneClusterImpl-990002c2-bb69-4aa2-bd68-28a5e13e86ef/ozone-metadata/datanode-2/ozone-metadata/datanode.id
2025-09-19 20:45:19,545 [grpc-default-executor-9] ERROR impl.OrderedAsync (OrderedAsync.java:lambda$null$6(215)) -  client-387E2729942B: Failed* RaftClientRequest:client-387E2729942B->8eb9963e-bce0-4155-aea2-e442cadff8bd@group-A751954341BD, cid=48, seq=1*, Watch(0), null
java.util.concurrent.CompletionException: org.apache.ratis.protocol.exceptions.NotLeaderException: Server 8eb9963e-bce0-4155-aea2-e442cadff8bd@group-A751954341BD is not the leader
	at java.base/java.util.concurrent.CompletableFuture.encodeThrowable(CompletableFuture.java:332)
	at java.base/java.util.concurrent.CompletableFuture.completeThrowable(CompletableFuture.java:347)
	at java.base/java.util.concurrent.CompletableFuture$UniAccept.tryFire(CompletableFuture.java:708)
	at java.base/java.util.concurrent.CompletableFuture.postComplete(CompletableFuture.java:510)
	at java.base/java.util.concurrent.CompletableFuture.completeExceptionally(CompletableFuture.java:2194)
	at org.apache.ratis.grpc.client.GrpcClientProtocolClient$AsyncStreamObservers.completeReplyExceptionally(GrpcClientProtocolClient.java:397)
	at org.apache.ratis.grpc.client.GrpcClientProtocolClient$AsyncStreamObservers.access$000(GrpcClientProtocolClient.java:303)
	at org.apache.ratis.grpc.client.GrpcClientProtocolClient$AsyncStreamObservers$1.onNext(GrpcClientProtocolClient.java:317)
	at org.apache.ratis.grpc.client.GrpcClientProtocolClient$AsyncStreamObservers$1.onNext(GrpcClientProtocolClient.java:308)
	at org.apache.ratis.thirdparty.io.grpc.stub.ClientCalls$StreamObserverToCallListenerAdapter.onMessage(ClientCalls.java:551)
	at org.apache.ratis.thirdparty.io.grpc.ForwardingClientCallListener.onMessage(ForwardingClientCallListener.java:33)
	at org.apache.ratis.thirdparty.io.grpc.internal.ClientCallImpl$ClientStreamListenerImpl$1MessagesAvailable.runInternal(ClientCallImpl.java:661)
	at org.apache.ratis.thirdparty.io.grpc.internal.ClientCallImpl$ClientStreamListenerImpl$1MessagesAvailable.runInContext(ClientCallImpl.java:648)
	at org.apache.ratis.thirdparty.io.grpc.internal.ContextRunnable.run(ContextRunnable.java:37)
	at org.apache.ratis.thirdparty.io.grpc.internal.SerializingExecutor.run(SerializingExecutor.java:133)
	at java.base/java.util.concurrent.ThreadPoolExecutor.runWorker(ThreadPoolExecutor.java:1144)
	at java.base/java.util.concurrent.ThreadPoolExecutor$Worker.run(ThreadPoolExecutor.java:642)
	at java.base/java.lang.Thread.run(Thread.java:1583)
Caused by: org.apache.ratis.protocol.exceptions.NotLeaderException: Server 8eb9963e-bce0-4155-aea2-e442cadff8bd@group-A751954341BD is not the leader
	at org.apache.ratis.client.impl.ClientProtoUtils.toRaftClientReply(ClientProtoUtils.java:402)
	at org.apache.ratis.grpc.client.GrpcClientProtocolClient$AsyncStreamObservers$1.onNext(GrpcClientProtocolClient.java:313)
	... 10 more
2025-09-19 20:45:19,795 [b5a25cc1-46d3-4381-a194-bd68f4526f1c-ContainerReader-0] INFO  ozoneimpl.ContainerReader (ContainerReader.java:readVolume(147)) - Start to verify containers on volume /home/runner/work/ozone/ozone/hadoop-ozone/integration-test/target/test-dir/MiniOzoneClusterImpl-990002c2-bb69-4aa2-bd68-28a5e13e86ef/ozone-metadata/datanode-3/data-0/hdds
2025-09-19 20:45:19,798 [b5a25cc1-46d3-4381-a194-bd68f4526f1c-ContainerReader-0] WARN  helpers.KeyValueContainerUtil (KeyValueContainerUtil.java:populateContainerMetadata(330)) - Missing pendingDeleteBlockCount from metadata: recalculate them from block table
2025-09-19 20:45:19,800 [b5a25cc1-46d3-4381-a194-bd68f4526f1c-ContainerReader-0] WARN  helpers.KeyValueContainerUtil (KeyValueContainerUtil.java:populateContainerMetadata(330)) - Missing pendingDeleteBlockCount from metadata: recalculate them from block table
2025-09-19 20:45:19,803 [b5a25cc1-46d3-4381-a194-bd68f4526f1c-ContainerReader-0] WARN  helpers.KeyValueContainerUtil (KeyValueContainerUtil.java:populateContainerMetadata(330)) - Missing pendingDeleteBlockCount from metadata: recalculate them from block table
2025-09-19 20:45:19,804 [b5a25cc1-46d3-4381-a194-bd68f4526f1c-ContainerReader-0] INFO  ozoneimpl.ContainerReader (ContainerReader.java:readVolume(177)) - Finish verifying containers on volume /home/runner/work/ozone/ozone/hadoop-ozone/integration-test/target/test-dir/MiniOzoneClusterImpl-990002c2-bb69-4aa2-bd68-28a5e13e86ef/ozone-metadata/datanode-3/data-0/hdds
2025-09-19 20:45:19,804 [b5a25cc1-46d3-4381-a194-bd68f4526f1c-EndpointStateMachineTaskThread-/0.0.0.0:15002-0 ] INFO  ozoneimpl.OzoneContainer (OzoneContainer.java:buildContainerSet(370)) - Build ContainerSet costs 0s
2025-09-19 20:45:19,805 [b5a25cc1-46d3-4381-a194-bd68f4526f1c-EndpointStateMachineTaskThread-/0.0.0.0:15002-0 ] INFO  volume.ThrottledAsyncChecker (ThrottledAsyncChecker.java:schedule(138)) - Scheduling a check for /home/runner/work/ozone/ozone/hadoop-ozone/integration-test/target/test-dir/MiniOzoneClusterImpl-990002c2-bb69-4aa2-bd68-28a5e13e86ef/ozone-metadata/datanode-3/data-0/hdds
2025-09-19 20:45:19,805 [b5a25cc1-46d3-4381-a194-bd68f4526f1c-EndpointStateMachineTaskThread-/0.0.0.0:15002-0 ] INFO  volume.StorageVolumeChecker (StorageVolumeChecker.java:checkAllVolumes(231)) - Scheduled health check for volume /home/runner/work/ozone/ozone/hadoop-ozone/integration-test/target/test-dir/MiniOzoneClusterImpl-990002c2-bb69-4aa2-bd68-28a5e13e86ef/ozone-metadata/datanode-3/data-0/hdds
2025-09-19 20:45:19,809 [b5a25cc1-46d3-4381-a194-bd68f4526f1c-EndpointStateMachineTaskThread-/0.0.0.0:15002-0 ] INFO  volume.ThrottledAsyncChecker (ThrottledAsyncChecker.java:schedule(138)) - Scheduling a check for /home/runner/work/ozone/ozone/hadoop-ozone/integration-test/target/test-dir/MiniOzoneClusterImpl-990002c2-bb69-4aa2-bd68-28a5e13e86ef/ozone-metadata/datanode-3/ratis
2025-09-19 20:45:19,809 [b5a25cc1-46d3-4381-a194-bd68f4526f1c-EndpointStateMachineTaskThread-/0.0.0.0:15002-0 ] INFO  volume.StorageVolumeChecker (StorageVolumeChecker.java:checkAllVolumes(231)) - Scheduled health check for volume /home/runner/work/ozone/ozone/hadoop-ozone/integration-test/target/test-dir/MiniOzoneClusterImpl-990002c2-bb69-4aa2-bd68-28a5e13e86ef/ozone-metadata/datanode-3/ratis
2025-09-19 20:45:19,810 [b5a25cc1-46d3-4381-a194-bd68f4526f1c-EndpointStateMachineTaskThread-/0.0.0.0:15002-0 ] INFO  ozoneimpl.OzoneContainer (OzoneContainer.java:start(525)) - Attempting to start container services.
2025-09-19 20:45:19,811 [b5a25cc1-46d3-4381-a194-bd68f4526f1c-EndpointStateMachineTaskThread-/0.0.0.0:15002-0 ] INFO  replication.ReplicationServer (ReplicationServer.java:start(137)) - ReplicationServer is started using port 15033
2025-09-19 20:45:19,811 [b5a25cc1-46d3-4381-a194-bd68f4526f1c-EndpointStateMachineTaskThread-/0.0.0.0:15002-0 ] INFO  ratis.XceiverServerRatis (XceiverServerRatis.java:start(560)) - Starting XceiverServerRatis(b5a25cc1-46d3-4381-a194-bd68f4526f1c)
2025-09-19 20:45:19,812 [b5a25cc1-46d3-4381-a194-bd68f4526f1c-impl-thread1] INFO  server.RaftServerConfigKeys (ConfUtils.java:logGet(62)) - raft.server.storage.dir = [/home/runner/work/ozone/ozone/hadoop-ozone/integration-test/target/test-dir/MiniOzoneClusterImpl-990002c2-bb69-4aa2-bd68-28a5e13e86ef/ozone-metadata/datanode-3/ratis] (custom)
2025-09-19 20:45:19,815 [b5a25cc1-46d3-4381-a194-bd68f4526f1c-impl-thread1] INFO  storage.RaftStorageDirectory (RaftStorageDirectoryImpl.java:tryLock(229)) - Lock on /home/runner/work/ozone/ozone/hadoop-ozone/integration-test/target/test-dir/MiniOzoneClusterImpl-990002c2-bb69-4aa2-bd68-28a5e13e86ef/ozone-metadata/datanode-3/ratis/7b6acda8-b144-4fc3-891d-88b5b3dd1307/in_use.lock acquired by nodename 22744@localhost
2025-09-19 20:45:19,815 [b5a25cc1-46d3-4381-a194-bd68f4526f1c-impl-thread3] INFO  storage.RaftStorageDirectory (RaftStorageDirectoryImpl.java:tryLock(229)) - Lock on /home/runner/work/ozone/ozone/hadoop-ozone/integration-test/target/test-dir/MiniOzoneClusterImpl-990002c2-bb69-4aa2-bd68-28a5e13e86ef/ozone-metadata/datanode-3/ratis/958000d3-2396-49be-82e9-715ebf8096a7/in_use.lock acquired by nodename 22744@localhost
2025-09-19 20:45:19,815 [b5a25cc1-46d3-4381-a194-bd68f4526f1c-impl-thread3] INFO  storage.RaftStorage (RaftStorageImpl.java:analyzeAndRecoverStorage(118)) - Read RaftStorageMetadata{term=4, votedFor=b5a25cc1-46d3-4381-a194-bd68f4526f1c} from /home/runner/work/ozone/ozone/hadoop-ozone/integration-test/target/test-dir/MiniOzoneClusterImpl-990002c2-bb69-4aa2-bd68-28a5e13e86ef/ozone-metadata/datanode-3/ratis/958000d3-2396-49be-82e9-715ebf8096a7/current/raft-meta
2025-09-19 20:45:19,815 [b5a25cc1-46d3-4381-a194-bd68f4526f1c-impl-thread1] INFO  storage.RaftStorage (RaftStorageImpl.java:analyzeAndRecoverStorage(118)) - Read RaftStorageMetadata{term=2, votedFor=b5a25cc1-46d3-4381-a194-bd68f4526f1c} from /home/runner/work/ozone/ozone/hadoop-ozone/integration-test/target/test-dir/MiniOzoneClusterImpl-990002c2-bb69-4aa2-bd68-28a5e13e86ef/ozone-metadata/datanode-3/ratis/7b6acda8-b144-4fc3-891d-88b5b3dd1307/current/raft-meta
2025-09-19 20:45:19,815 [b5a25cc1-46d3-4381-a194-bd68f4526f1c-impl-thread1] INFO  server.RaftServer$Division (ServerState.java:setRaftConf(386)) - b5a25cc1-46d3-4381-a194-bd68f4526f1c@group-88B5B3DD1307: set configuration conf: {index: 1, cur=peers:[b5a25cc1-46d3-4381-a194-bd68f4526f1c|127.0.0.1:15031]|listeners:[], old=null}
2025-09-19 20:45:19,816 [ContainerMetadataScanner] INFO  ozoneimpl.AbstractBackgroundContainerScanner (AbstractBackgroundContainerScanner.java:runIteration(89)) - Completed an iteration in 0 minutes. Number of iterations (since the data-node restart) : 1, Number of containers scanned in this iteration : 3, Number of unhealthy containers found in this iteration : 0
2025-09-19 20:45:19,816 [b5a25cc1-46d3-4381-a194-bd68f4526f1c-impl-thread3] INFO  server.RaftServer$Division (ServerState.java:setRaftConf(386)) - b5a25cc1-46d3-4381-a194-bd68f4526f1c@group-715EBF8096A7: set configuration conf: {index: 9, cur=peers:[b5a25cc1-46d3-4381-a194-bd68f4526f1c|127.0.0.1:15031, 0df1231c-9f8a-4757-a7d0-f6d7f53bc482|127.0.0.1:15023, 8eb9963e-bce0-4155-aea2-e442cadff8bd|127.0.0.1:15015]|listeners:[], old=null}
2025-09-19 20:45:19,816 [b5a25cc1-46d3-4381-a194-bd68f4526f1c-impl-thread2] INFO  storage.RaftStorageDirectory (RaftStorageDirectoryImpl.java:tryLock(229)) - Lock on /home/runner/work/ozone/ozone/hadoop-ozone/integration-test/target/test-dir/MiniOzoneClusterImpl-990002c2-bb69-4aa2-bd68-28a5e13e86ef/ozone-metadata/datanode-3/ratis/e102d630-0766-4c9c-a6ac-a751954341bd/in_use.lock acquired by nodename 22744@localhost
2025-09-19 20:45:19,816 [b5a25cc1-46d3-4381-a194-bd68f4526f1c-impl-thread3] INFO  ratis.ContainerStateMachine (ContainerStateMachine.java:initialize(339)) - b5a25cc1-46d3-4381-a194-bd68f4526f1c: initialize group-715EBF8096A7
2025-09-19 20:45:19,816 [b5a25cc1-46d3-4381-a194-bd68f4526f1c-impl-thread3] INFO  ratis.ContainerStateMachine (ContainerStateMachine.java:loadSnapshot(356)) - group-715EBF8096A7: Setting the last applied index to (t:4, i:10)
2025-09-19 20:45:19,816 [b5a25cc1-46d3-4381-a194-bd68f4526f1c-impl-thread2] INFO  storage.RaftStorage (RaftStorageImpl.java:analyzeAndRecoverStorage(118)) - Read RaftStorageMetadata{term=2, votedFor=8eb9963e-bce0-4155-aea2-e442cadff8bd} from /home/runner/work/ozone/ozone/hadoop-ozone/integration-test/target/test-dir/MiniOzoneClusterImpl-990002c2-bb69-4aa2-bd68-28a5e13e86ef/ozone-metadata/datanode-3/ratis/e102d630-0766-4c9c-a6ac-a751954341bd/current/raft-meta
2025-09-19 20:45:19,816 [b5a25cc1-46d3-4381-a194-bd68f4526f1c-impl-thread2] INFO  server.RaftServer$Division (ServerState.java:setRaftConf(386)) - b5a25cc1-46d3-4381-a194-bd68f4526f1c@group-A751954341BD: set configuration conf: {index: 1, cur=peers:[b5a25cc1-46d3-4381-a194-bd68f4526f1c|127.0.0.1:15031, 0df1231c-9f8a-4757-a7d0-f6d7f53bc482|127.0.0.1:15023, 8eb9963e-bce0-4155-aea2-e442cadff8bd|127.0.0.1:15015]|listeners:[], old=null}
2025-09-19 20:45:19,816 [b5a25cc1-46d3-4381-a194-bd68f4526f1c-impl-thread2] INFO  ratis.ContainerStateMachine (ContainerStateMachine.java:initialize(339)) - b5a25cc1-46d3-4381-a194-bd68f4526f1c: initialize group-A751954341BD
2025-09-19 20:45:19,816 [b5a25cc1-46d3-4381-a194-bd68f4526f1c-impl-thread2] INFO  ratis.ContainerStateMachine (ContainerStateMachine.java:loadSnapshot(356)) - group-A751954341BD: Setting the last applied index to (t:2, i:13)
2025-09-19 20:45:19,817 [b5a25cc1-46d3-4381-a194-bd68f4526f1c-impl-thread2] INFO  server.RaftServerConfigKeys (ConfUtils.java:logGet(62)) - raft.server.log.appender.buffer.byte-limit = 33554432 (custom)
2025-09-19 20:45:19,816 [b5a25cc1-46d3-4381-a194-bd68f4526f1c-impl-thread1] INFO  ratis.ContainerStateMachine (ContainerStateMachine.java:initialize(339)) - b5a25cc1-46d3-4381-a194-bd68f4526f1c: initialize group-88B5B3DD1307
2025-09-19 20:45:19,818 [b5a25cc1-46d3-4381-a194-bd68f4526f1c-impl-thread1] INFO  ratis.ContainerStateMachine (ContainerStateMachine.java:loadSnapshot(356)) - group-88B5B3DD1307: Setting the last applied index to (t:2, i:2)
2025-09-19 20:45:19,818 [b5a25cc1-46d3-4381-a194-bd68f4526f1c-impl-thread2] INFO  server.RaftServerConfigKeys (ConfUtils.java:logGet(62)) - raft.server.log.segment.size.max = 67108864 (custom)
2025-09-19 20:45:19,818 [b5a25cc1-46d3-4381-a194-bd68f4526f1c-impl-thread1] INFO  server.RaftServerConfigKeys (ConfUtils.java:logGet(62)) - raft.server.log.appender.buffer.byte-limit = 33554432 (custom)
2025-09-19 20:45:19,816 [b5a25cc1-46d3-4381-a194-bd68f4526f1c-impl-thread3] INFO  server.RaftServerConfigKeys (ConfUtils.java:logGet(62)) - raft.server.log.appender.buffer.byte-limit = 33554432 (custom)
2025-09-19 20:45:19,820 [ContainerDataScanner(/home/runner/work/ozone/ozone/hadoop-ozone/integration-test/target/test-dir/MiniOzoneClusterImpl-990002c2-bb69-4aa2-bd68-28a5e13e86ef/ozone-metadata/datanode-3/data-0/hdds)] INFO  ozoneimpl.AbstractBackgroundContainerScanner (AbstractBackgroundContainerScanner.java:runIteration(89)) - Completed an iteration in 0 minutes. Number of iterations (since the data-node restart) : 1, Number of containers scanned in this iteration : 1, Number of unhealthy containers found in this iteration : 0
2025-09-19 20:45:19,822 [b5a25cc1-46d3-4381-a194-bd68f4526f1c-impl-thread2] INFO  server.RaftServerConfigKeys (ConfUtils.java:logGet(62)) - raft.server.log.appender.buffer.byte-limit = 33554432 (custom)
2025-09-19 20:45:19,822 [b5a25cc1-46d3-4381-a194-bd68f4526f1c-impl-thread2] INFO  util.AwaitToRun (AwaitToRun.java:start(81)) - Thread[#2824,b5a25cc1-46d3-4381-a194-bd68f4526f1c@group-A751954341BD-cacheEviction-AwaitToRun,5,main] started
2025-09-19 20:45:19,822 [b5a25cc1-46d3-4381-a194-bd68f4526f1c-impl-thread2] INFO  segmented.SegmentedRaftLogWorker (SegmentedRaftLogWorker.java:<init>(190)) - new b5a25cc1-46d3-4381-a194-bd68f4526f1c@group-A751954341BD-SegmentedRaftLogWorker for RaftStorageImpl:Storage Directory /home/runner/work/ozone/ozone/hadoop-ozone/integration-test/target/test-dir/MiniOzoneClusterImpl-990002c2-bb69-4aa2-bd68-28a5e13e86ef/ozone-metadata/datanode-3/ratis/e102d630-0766-4c9c-a6ac-a751954341bd
2025-09-19 20:45:19,822 [b5a25cc1-46d3-4381-a194-bd68f4526f1c-impl-thread2] INFO  server.RaftServerConfigKeys (ConfUtils.java:logGet(62)) - raft.server.log.queue.byte-limit = 4294967296 (custom)
2025-09-19 20:45:19,822 [b5a25cc1-46d3-4381-a194-bd68f4526f1c-impl-thread2] INFO  server.RaftServerConfigKeys (ConfUtils.java:logGet(62)) - raft.server.log.segment.size.max = 67108864 (custom)
2025-09-19 20:45:19,822 [b5a25cc1-46d3-4381-a194-bd68f4526f1c-impl-thread2] INFO  server.RaftServerConfigKeys (ConfUtils.java:logGet(62)) - raft.server.log.preallocated.size = 4194304 (custom)
2025-09-19 20:45:19,823 [b5a25cc1-46d3-4381-a194-bd68f4526f1c-impl-thread3] INFO  server.RaftServerConfigKeys (ConfUtils.java:logGet(62)) - raft.server.log.segment.size.max = 67108864 (custom)
2025-09-19 20:45:19,823 [b5a25cc1-46d3-4381-a194-bd68f4526f1c-impl-thread3] INFO  server.RaftServerConfigKeys (ConfUtils.java:logGet(62)) - raft.server.log.appender.buffer.byte-limit = 33554432 (custom)
2025-09-19 20:45:19,824 [b5a25cc1-46d3-4381-a194-bd68f4526f1c-impl-thread2] INFO  server.RaftServerConfigKeys (ConfUtils.java:logGet(62)) - raft.server.log.write.buffer.size = 33554440 (custom)
2025-09-19 20:45:19,825 [b5a25cc1-46d3-4381-a194-bd68f4526f1c-impl-thread3] INFO  util.AwaitToRun (AwaitToRun.java:start(81)) - Thread[#2825,b5a25cc1-46d3-4381-a194-bd68f4526f1c@group-715EBF8096A7-cacheEviction-AwaitToRun,5,main] started
2025-09-19 20:45:19,825 [b5a25cc1-46d3-4381-a194-bd68f4526f1c-impl-thread3] INFO  segmented.SegmentedRaftLogWorker (SegmentedRaftLogWorker.java:<init>(190)) - new b5a25cc1-46d3-4381-a194-bd68f4526f1c@group-715EBF8096A7-SegmentedRaftLogWorker for RaftStorageImpl:Storage Directory /home/runner/work/ozone/ozone/hadoop-ozone/integration-test/target/test-dir/MiniOzoneClusterImpl-990002c2-bb69-4aa2-bd68-28a5e13e86ef/ozone-metadata/datanode-3/ratis/958000d3-2396-49be-82e9-715ebf8096a7
2025-09-19 20:45:19,825 [b5a25cc1-46d3-4381-a194-bd68f4526f1c-impl-thread3] INFO  server.RaftServerConfigKeys (ConfUtils.java:logGet(62)) - raft.server.log.queue.byte-limit = 4294967296 (custom)
2025-09-19 20:45:19,825 [b5a25cc1-46d3-4381-a194-bd68f4526f1c-impl-thread3] INFO  server.RaftServerConfigKeys (ConfUtils.java:logGet(62)) - raft.server.log.segment.size.max = 67108864 (custom)
2025-09-19 20:45:19,825 [b5a25cc1-46d3-4381-a194-bd68f4526f1c-impl-thread3] INFO  server.RaftServerConfigKeys (ConfUtils.java:logGet(62)) - raft.server.log.preallocated.size = 4194304 (custom)
2025-09-19 20:45:19,827 [b5a25cc1-46d3-4381-a194-bd68f4526f1c-impl-thread1] INFO  server.RaftServerConfigKeys (ConfUtils.java:logGet(62)) - raft.server.log.segment.size.max = 67108864 (custom)
2025-09-19 20:45:19,827 [b5a25cc1-46d3-4381-a194-bd68f4526f1c-impl-thread1] INFO  server.RaftServerConfigKeys (ConfUtils.java:logGet(62)) - raft.server.log.appender.buffer.byte-limit = 33554432 (custom)
2025-09-19 20:45:19,828 [b5a25cc1-46d3-4381-a194-bd68f4526f1c-impl-thread3] INFO  server.RaftServerConfigKeys (ConfUtils.java:logGet(62)) - raft.server.log.write.buffer.size = 33554440 (custom)
2025-09-19 20:45:19,830 [b5a25cc1-46d3-4381-a194-bd68f4526f1c-impl-thread2] INFO  server.RaftServerConfigKeys (ConfUtils.java:logGet(62)) - raft.server.log.appender.buffer.byte-limit = 33554432 (custom)
2025-09-19 20:45:19,830 [b5a25cc1-46d3-4381-a194-bd68f4526f1c-impl-thread2] INFO  server.RaftServer$Division (ServerState.java:setRaftConf(386)) - b5a25cc1-46d3-4381-a194-bd68f4526f1c@group-A751954341BD: set configuration conf: {index: 0, cur=peers:[b5a25cc1-46d3-4381-a194-bd68f4526f1c|127.0.0.1:15031, 0df1231c-9f8a-4757-a7d0-f6d7f53bc482|127.0.0.1:15023, 8eb9963e-bce0-4155-aea2-e442cadff8bd|127.0.0.1:15015]|listeners:[], old=null}
2025-09-19 20:45:19,831 [b5a25cc1-46d3-4381-a194-bd68f4526f1c-impl-thread2] INFO  segmented.LogSegment (LogSegment.java:loadSegment(171)) - Successfully read 1 entries from segment file /home/runner/work/ozone/ozone/hadoop-ozone/integration-test/target/test-dir/MiniOzoneClusterImpl-990002c2-bb69-4aa2-bd68-28a5e13e86ef/ozone-metadata/datanode-3/ratis/e102d630-0766-4c9c-a6ac-a751954341bd/current/log_0-0
2025-09-19 20:45:19,831 [b5a25cc1-46d3-4381-a194-bd68f4526f1c-impl-thread1] INFO  util.AwaitToRun (AwaitToRun.java:start(81)) - Thread[#2826,b5a25cc1-46d3-4381-a194-bd68f4526f1c@group-88B5B3DD1307-cacheEviction-AwaitToRun,5,main] started
2025-09-19 20:45:19,831 [b5a25cc1-46d3-4381-a194-bd68f4526f1c-impl-thread1] INFO  segmented.SegmentedRaftLogWorker (SegmentedRaftLogWorker.java:<init>(190)) - new b5a25cc1-46d3-4381-a194-bd68f4526f1c@group-88B5B3DD1307-SegmentedRaftLogWorker for RaftStorageImpl:Storage Directory /home/runner/work/ozone/ozone/hadoop-ozone/integration-test/target/test-dir/MiniOzoneClusterImpl-990002c2-bb69-4aa2-bd68-28a5e13e86ef/ozone-metadata/datanode-3/ratis/7b6acda8-b144-4fc3-891d-88b5b3dd1307
2025-09-19 20:45:19,831 [b5a25cc1-46d3-4381-a194-bd68f4526f1c-impl-thread1] INFO  server.RaftServerConfigKeys (ConfUtils.java:logGet(62)) - raft.server.log.queue.byte-limit = 4294967296 (custom)
2025-09-19 20:45:19,831 [b5a25cc1-46d3-4381-a194-bd68f4526f1c-impl-thread1] INFO  server.RaftServerConfigKeys (ConfUtils.java:logGet(62)) - raft.server.log.segment.size.max = 67108864 (custom)
2025-09-19 20:45:19,831 [b5a25cc1-46d3-4381-a194-bd68f4526f1c-impl-thread1] INFO  server.RaftServerConfigKeys (ConfUtils.java:logGet(62)) - raft.server.log.preallocated.size = 4194304 (custom)
2025-09-19 20:45:19,831 [b5a25cc1-46d3-4381-a194-bd68f4526f1c-impl-thread2] INFO  server.RaftServer$Division (ServerState.java:setRaftConf(386)) - b5a25cc1-46d3-4381-a194-bd68f4526f1c@group-A751954341BD: set configuration conf: {index: 1, cur=peers:[b5a25cc1-46d3-4381-a194-bd68f4526f1c|127.0.0.1:15031, 0df1231c-9f8a-4757-a7d0-f6d7f53bc482|127.0.0.1:15023, 8eb9963e-bce0-4155-aea2-e442cadff8bd|127.0.0.1:15015]|listeners:[], old=null}
2025-09-19 20:45:19,831 [b5a25cc1-46d3-4381-a194-bd68f4526f1c-impl-thread1] INFO  server.RaftServerConfigKeys (ConfUtils.java:logGet(62)) - raft.server.log.write.buffer.size = 33554440 (custom)
2025-09-19 20:45:19,831 [b5a25cc1-46d3-4381-a194-bd68f4526f1c-impl-thread2] INFO  segmented.LogSegment (LogSegment.java:loadSegment(171)) - Successfully read 14 entries from segment file /home/runner/work/ozone/ozone/hadoop-ozone/integration-test/target/test-dir/MiniOzoneClusterImpl-990002c2-bb69-4aa2-bd68-28a5e13e86ef/ozone-metadata/datanode-3/ratis/e102d630-0766-4c9c-a6ac-a751954341bd/current/log_inprogress_1
2025-09-19 20:45:19,832 [b5a25cc1-46d3-4381-a194-bd68f4526f1c-impl-thread2] INFO  segmented.SegmentedRaftLogWorker (SegmentedRaftLogWorker.java:lambda$new$0(141)) - b5a25cc1-46d3-4381-a194-bd68f4526f1c@group-A751954341BD-SegmentedRaftLogWorker: flushIndex: setUnconditionally 0 -> 14
2025-09-19 20:45:19,832 [b5a25cc1-46d3-4381-a194-bd68f4526f1c-impl-thread2] INFO  segmented.BufferedWriteChannel (BufferedWriteChannel.java:open(61)) - open log_inprogress_1 (append) at position 3486
2025-09-19 20:45:19,833 [b5a25cc1-46d3-4381-a194-bd68f4526f1c-impl-thread2] INFO  server.RaftServer$Division (RaftServerImpl.java:start(405)) - b5a25cc1-46d3-4381-a194-bd68f4526f1c@group-A751954341BD: start as a follower, conf=conf: {index: 1, cur=peers:[b5a25cc1-46d3-4381-a194-bd68f4526f1c|127.0.0.1:15031, 0df1231c-9f8a-4757-a7d0-f6d7f53bc482|127.0.0.1:15023, 8eb9963e-bce0-4155-aea2-e442cadff8bd|127.0.0.1:15015]|listeners:[], old=null}
2025-09-19 20:45:19,833 [b5a25cc1-46d3-4381-a194-bd68f4526f1c-impl-thread2] INFO  server.RaftServer$Division (RaftServerImpl.java:setRole(392)) - b5a25cc1-46d3-4381-a194-bd68f4526f1c@group-A751954341BD: changes role from      null to FOLLOWER at term 2 for startAsFollower
2025-09-19 20:45:19,833 [b5a25cc1-46d3-4381-a194-bd68f4526f1c-impl-thread2] INFO  impl.RoleInfo (RoleInfo.java:updateAndGet(148)) - b5a25cc1-46d3-4381-a194-bd68f4526f1c: start b5a25cc1-46d3-4381-a194-bd68f4526f1c@group-A751954341BD-FollowerState
2025-09-19 20:45:19,833 [b5a25cc1-46d3-4381-a194-bd68f4526f1c-impl-thread2] INFO  util.JmxRegister (JmxRegister.java:tryRegister(44)) - Successfully registered JMX Bean with object name Ratis:service=RaftServer,group=group-A751954341BD,id=b5a25cc1-46d3-4381-a194-bd68f4526f1c
2025-09-19 20:45:19,833 [b5a25cc1-46d3-4381-a194-bd68f4526f1c-impl-thread2] INFO  util.JmxRegister (JmxRegister.java:register(58)) - register mxBean class org.apache.ratis.server.impl.RaftServerJmxAdapter as Ratis:service=RaftServer,group=group-A751954341BD,id=b5a25cc1-46d3-4381-a194-bd68f4526f1c
2025-09-19 20:45:19,834 [b5a25cc1-46d3-4381-a194-bd68f4526f1c-impl-thread2] INFO  server.RaftServer$Division (RaftServerImpl.java:start(419)) - b5a25cc1-46d3-4381-a194-bd68f4526f1c@group-A751954341BD: Successfully started.
2025-09-19 20:45:19,838 [b5a25cc1-46d3-4381-a194-bd68f4526f1c-impl-thread3] INFO  server.RaftServerConfigKeys (ConfUtils.java:logGet(62)) - raft.server.log.appender.buffer.byte-limit = 33554432 (custom)
2025-09-19 20:45:19,839 [b5a25cc1-46d3-4381-a194-bd68f4526f1c-impl-thread3] INFO  server.RaftServer$Division (ServerState.java:setRaftConf(386)) - b5a25cc1-46d3-4381-a194-bd68f4526f1c@group-715EBF8096A7: set configuration conf: {index: 0, cur=peers:[b5a25cc1-46d3-4381-a194-bd68f4526f1c|127.0.0.1:15031, 0df1231c-9f8a-4757-a7d0-f6d7f53bc482|127.0.0.1:15023, 8eb9963e-bce0-4155-aea2-e442cadff8bd|127.0.0.1:15015]|listeners:[], old=null}
2025-09-19 20:45:19,839 [b5a25cc1-46d3-4381-a194-bd68f4526f1c-impl-thread3] INFO  segmented.LogSegment (LogSegment.java:loadSegment(171)) - Successfully read 5 entries from segment file /home/runner/work/ozone/ozone/hadoop-ozone/integration-test/target/test-dir/MiniOzoneClusterImpl-990002c2-bb69-4aa2-bd68-28a5e13e86ef/ozone-metadata/datanode-3/ratis/958000d3-2396-49be-82e9-715ebf8096a7/current/log_0-4
2025-09-19 20:45:19,839 [b5a25cc1-46d3-4381-a194-bd68f4526f1c-impl-thread1] INFO  server.RaftServerConfigKeys (ConfUtils.java:logGet(62)) - raft.server.log.appender.buffer.byte-limit = 33554432 (custom)
2025-09-19 20:45:19,839 [b5a25cc1-46d3-4381-a194-bd68f4526f1c-impl-thread3] INFO  server.RaftServer$Division (ServerState.java:setRaftConf(386)) - b5a25cc1-46d3-4381-a194-bd68f4526f1c@group-715EBF8096A7: set configuration conf: {index: 5, cur=peers:[b5a25cc1-46d3-4381-a194-bd68f4526f1c|127.0.0.1:15031, 0df1231c-9f8a-4757-a7d0-f6d7f53bc482|127.0.0.1:15023, 8eb9963e-bce0-4155-aea2-e442cadff8bd|127.0.0.1:15015]|listeners:[], old=null}
2025-09-19 20:45:19,839 [b5a25cc1-46d3-4381-a194-bd68f4526f1c-impl-thread1] INFO  server.RaftServer$Division (ServerState.java:setRaftConf(386)) - b5a25cc1-46d3-4381-a194-bd68f4526f1c@group-88B5B3DD1307: set configuration conf: {index: 0, cur=peers:[b5a25cc1-46d3-4381-a194-bd68f4526f1c|127.0.0.1:15031]|listeners:[], old=null}
2025-09-19 20:45:19,840 [b5a25cc1-46d3-4381-a194-bd68f4526f1c-impl-thread1] INFO  segmented.LogSegment (LogSegment.java:loadSegment(171)) - Successfully read 1 entries from segment file /home/runner/work/ozone/ozone/hadoop-ozone/integration-test/target/test-dir/MiniOzoneClusterImpl-990002c2-bb69-4aa2-bd68-28a5e13e86ef/ozone-metadata/datanode-3/ratis/7b6acda8-b144-4fc3-891d-88b5b3dd1307/current/log_0-0
2025-09-19 20:45:19,840 [b5a25cc1-46d3-4381-a194-bd68f4526f1c-impl-thread3] INFO  segmented.LogSegment (LogSegment.java:loadSegment(171)) - Successfully read 2 entries from segment file /home/runner/work/ozone/ozone/hadoop-ozone/integration-test/target/test-dir/MiniOzoneClusterImpl-990002c2-bb69-4aa2-bd68-28a5e13e86ef/ozone-metadata/datanode-3/ratis/958000d3-2396-49be-82e9-715ebf8096a7/current/log_5-6
2025-09-19 20:45:19,840 [b5a25cc1-46d3-4381-a194-bd68f4526f1c-impl-thread1] INFO  server.RaftServer$Division (ServerState.java:setRaftConf(386)) - b5a25cc1-46d3-4381-a194-bd68f4526f1c@group-88B5B3DD1307: set configuration conf: {index: 1, cur=peers:[b5a25cc1-46d3-4381-a194-bd68f4526f1c|127.0.0.1:15031]|listeners:[], old=null}
2025-09-19 20:45:19,840 [b5a25cc1-46d3-4381-a194-bd68f4526f1c-impl-thread3] INFO  server.RaftServer$Division (ServerState.java:setRaftConf(386)) - b5a25cc1-46d3-4381-a194-bd68f4526f1c@group-715EBF8096A7: set configuration conf: {index: 7, cur=peers:[b5a25cc1-46d3-4381-a194-bd68f4526f1c|127.0.0.1:15031, 0df1231c-9f8a-4757-a7d0-f6d7f53bc482|127.0.0.1:15023, 8eb9963e-bce0-4155-aea2-e442cadff8bd|127.0.0.1:15015]|listeners:[], old=null}
2025-09-19 20:45:19,840 [b5a25cc1-46d3-4381-a194-bd68f4526f1c-impl-thread3] INFO  segmented.LogSegment (LogSegment.java:loadSegment(171)) - Successfully read 2 entries from segment file /home/runner/work/ozone/ozone/hadoop-ozone/integration-test/target/test-dir/MiniOzoneClusterImpl-990002c2-bb69-4aa2-bd68-28a5e13e86ef/ozone-metadata/datanode-3/ratis/958000d3-2396-49be-82e9-715ebf8096a7/current/log_7-8
2025-09-19 20:45:19,840 [b5a25cc1-46d3-4381-a194-bd68f4526f1c-impl-thread3] INFO  server.RaftServer$Division (ServerState.java:setRaftConf(386)) - b5a25cc1-46d3-4381-a194-bd68f4526f1c@group-715EBF8096A7: set configuration conf: {index: 9, cur=peers:[b5a25cc1-46d3-4381-a194-bd68f4526f1c|127.0.0.1:15031, 0df1231c-9f8a-4757-a7d0-f6d7f53bc482|127.0.0.1:15023, 8eb9963e-bce0-4155-aea2-e442cadff8bd|127.0.0.1:15015]|listeners:[], old=null}
2025-09-19 20:45:19,840 [b5a25cc1-46d3-4381-a194-bd68f4526f1c-impl-thread3] INFO  segmented.LogSegment (LogSegment.java:loadSegment(171)) - Successfully read 2 entries from segment file /home/runner/work/ozone/ozone/hadoop-ozone/integration-test/target/test-dir/MiniOzoneClusterImpl-990002c2-bb69-4aa2-bd68-28a5e13e86ef/ozone-metadata/datanode-3/ratis/958000d3-2396-49be-82e9-715ebf8096a7/current/log_inprogress_9
2025-09-19 20:45:19,840 [b5a25cc1-46d3-4381-a194-bd68f4526f1c-impl-thread3] INFO  segmented.SegmentedRaftLogWorker (SegmentedRaftLogWorker.java:lambda$new$0(141)) - b5a25cc1-46d3-4381-a194-bd68f4526f1c@group-715EBF8096A7-SegmentedRaftLogWorker: flushIndex: setUnconditionally 0 -> 10
2025-09-19 20:45:19,841 [b5a25cc1-46d3-4381-a194-bd68f4526f1c-impl-thread3] INFO  segmented.SegmentedRaftLogWorker (SegmentedRaftLogWorker.java:lambda$new$0(141)) - b5a25cc1-46d3-4381-a194-bd68f4526f1c@group-715EBF8096A7-SegmentedRaftLogWorker: safeCacheEvictIndex: setUnconditionally 0 -> 8
2025-09-19 20:45:19,841 [b5a25cc1-46d3-4381-a194-bd68f4526f1c-impl-thread3] INFO  segmented.BufferedWriteChannel (BufferedWriteChannel.java:open(61)) - open log_inprogress_9 (append) at position 366
2025-09-19 20:45:19,841 [b5a25cc1-46d3-4381-a194-bd68f4526f1c-impl-thread3] INFO  server.RaftServer$Division (RaftServerImpl.java:start(405)) - b5a25cc1-46d3-4381-a194-bd68f4526f1c@group-715EBF8096A7: start as a follower, conf=conf: {index: 9, cur=peers:[b5a25cc1-46d3-4381-a194-bd68f4526f1c|127.0.0.1:15031, 0df1231c-9f8a-4757-a7d0-f6d7f53bc482|127.0.0.1:15023, 8eb9963e-bce0-4155-aea2-e442cadff8bd|127.0.0.1:15015]|listeners:[], old=null}
2025-09-19 20:45:19,841 [b5a25cc1-46d3-4381-a194-bd68f4526f1c-impl-thread3] INFO  server.RaftServer$Division (RaftServerImpl.java:setRole(392)) - b5a25cc1-46d3-4381-a194-bd68f4526f1c@group-715EBF8096A7: changes role from      null to FOLLOWER at term 4 for startAsFollower
2025-09-19 20:45:19,841 [b5a25cc1-46d3-4381-a194-bd68f4526f1c-impl-thread3] INFO  impl.RoleInfo (RoleInfo.java:updateAndGet(148)) - b5a25cc1-46d3-4381-a194-bd68f4526f1c: start b5a25cc1-46d3-4381-a194-bd68f4526f1c@group-715EBF8096A7-FollowerState
2025-09-19 20:45:19,841 [b5a25cc1-46d3-4381-a194-bd68f4526f1c-impl-thread1] INFO  segmented.LogSegment (LogSegment.java:loadSegment(171)) - Successfully read 2 entries from segment file /home/runner/work/ozone/ozone/hadoop-ozone/integration-test/target/test-dir/MiniOzoneClusterImpl-990002c2-bb69-4aa2-bd68-28a5e13e86ef/ozone-metadata/datanode-3/ratis/7b6acda8-b144-4fc3-891d-88b5b3dd1307/current/log_inprogress_1
2025-09-19 20:45:19,841 [b5a25cc1-46d3-4381-a194-bd68f4526f1c-impl-thread1] INFO  segmented.SegmentedRaftLogWorker (SegmentedRaftLogWorker.java:lambda$new$0(141)) - b5a25cc1-46d3-4381-a194-bd68f4526f1c@group-88B5B3DD1307-SegmentedRaftLogWorker: flushIndex: setUnconditionally 0 -> 2
2025-09-19 20:45:19,841 [b5a25cc1-46d3-4381-a194-bd68f4526f1c-impl-thread1] INFO  segmented.BufferedWriteChannel (BufferedWriteChannel.java:open(61)) - open log_inprogress_1 (append) at position 144
2025-09-19 20:45:19,841 [b5a25cc1-46d3-4381-a194-bd68f4526f1c-impl-thread3] INFO  util.JmxRegister (JmxRegister.java:tryRegister(44)) - Successfully registered JMX Bean with object name Ratis:service=RaftServer,group=group-715EBF8096A7,id=b5a25cc1-46d3-4381-a194-bd68f4526f1c
2025-09-19 20:45:19,841 [b5a25cc1-46d3-4381-a194-bd68f4526f1c-impl-thread3] INFO  util.JmxRegister (JmxRegister.java:register(58)) - register mxBean class org.apache.ratis.server.impl.RaftServerJmxAdapter as Ratis:service=RaftServer,group=group-715EBF8096A7,id=b5a25cc1-46d3-4381-a194-bd68f4526f1c
2025-09-19 20:45:19,842 [b5a25cc1-46d3-4381-a194-bd68f4526f1c-impl-thread1] INFO  server.RaftServer$Division (RaftServerImpl.java:start(405)) - b5a25cc1-46d3-4381-a194-bd68f4526f1c@group-88B5B3DD1307: start as a follower, conf=conf: {index: 1, cur=peers:[b5a25cc1-46d3-4381-a194-bd68f4526f1c|127.0.0.1:15031]|listeners:[], old=null}
2025-09-19 20:45:19,842 [b5a25cc1-46d3-4381-a194-bd68f4526f1c-impl-thread1] INFO  server.RaftServer$Division (RaftServerImpl.java:setRole(392)) - b5a25cc1-46d3-4381-a194-bd68f4526f1c@group-88B5B3DD1307: changes role from      null to FOLLOWER at term 2 for startAsFollower
2025-09-19 20:45:19,842 [b5a25cc1-46d3-4381-a194-bd68f4526f1c-impl-thread1] INFO  impl.RoleInfo (RoleInfo.java:updateAndGet(148)) - b5a25cc1-46d3-4381-a194-bd68f4526f1c: start b5a25cc1-46d3-4381-a194-bd68f4526f1c@group-88B5B3DD1307-FollowerState
2025-09-19 20:45:19,842 [b5a25cc1-46d3-4381-a194-bd68f4526f1c-impl-thread1] INFO  util.JmxRegister (JmxRegister.java:tryRegister(44)) - Successfully registered JMX Bean with object name Ratis:service=RaftServer,group=group-88B5B3DD1307,id=b5a25cc1-46d3-4381-a194-bd68f4526f1c
2025-09-19 20:45:19,843 [b5a25cc1-46d3-4381-a194-bd68f4526f1c-impl-thread1] INFO  util.JmxRegister (JmxRegister.java:register(58)) - register mxBean class org.apache.ratis.server.impl.RaftServerJmxAdapter as Ratis:service=RaftServer,group=group-88B5B3DD1307,id=b5a25cc1-46d3-4381-a194-bd68f4526f1c
2025-09-19 20:45:19,843 [b5a25cc1-46d3-4381-a194-bd68f4526f1c-impl-thread1] INFO  server.RaftServer$Division (RaftServerImpl.java:start(419)) - b5a25cc1-46d3-4381-a194-bd68f4526f1c@group-88B5B3DD1307: Successfully started.
2025-09-19 20:45:19,844 [b5a25cc1-46d3-4381-a194-bd68f4526f1c-impl-thread3] INFO  server.RaftServer$Division (RaftServerImpl.java:start(419)) - b5a25cc1-46d3-4381-a194-bd68f4526f1c@group-715EBF8096A7: Successfully started.
2025-09-19 20:45:19,844 [b5a25cc1-46d3-4381-a194-bd68f4526f1c-EndpointStateMachineTaskThread-/0.0.0.0:15002-0 ] INFO  server.RaftServer (RaftServerProxy.java:startImpl(412)) - b5a25cc1-46d3-4381-a194-bd68f4526f1c: start RPC server
2025-09-19 20:45:19,844 [b5a25cc1-46d3-4381-a194-bd68f4526f1c-EndpointStateMachineTaskThread-/0.0.0.0:15002-0 ] INFO  server.GrpcServicesImpl (GrpcServicesImpl.java:startImpl(346)) - b5a25cc1-46d3-4381-a194-bd68f4526f1c: GrpcServicesImpl started, listening on 15029
2025-09-19 20:45:19,844 [b5a25cc1-46d3-4381-a194-bd68f4526f1c-EndpointStateMachineTaskThread-/0.0.0.0:15002-0 ] INFO  server.GrpcServicesImpl (GrpcServicesImpl.java:startImpl(346)) - b5a25cc1-46d3-4381-a194-bd68f4526f1c: GrpcServicesImpl started, listening on 15031
2025-09-19 20:45:19,845 [b5a25cc1-46d3-4381-a194-bd68f4526f1c-EndpointStateMachineTaskThread-/0.0.0.0:15002-0 ] INFO  server.GrpcServicesImpl (GrpcServicesImpl.java:startImpl(346)) - b5a25cc1-46d3-4381-a194-bd68f4526f1c: GrpcServicesImpl started, listening on 15030
2025-09-19 20:45:19,845 [b5a25cc1-46d3-4381-a194-bd68f4526f1c-EndpointStateMachineTaskThread-/0.0.0.0:15002-0 ] INFO  ratis.XceiverServerRatis (XceiverServerRatis.java:getRealPort(587)) - XceiverServerRatis(b5a25cc1-46d3-4381-a194-bd68f4526f1c) is started using port RATIS=15029
2025-09-19 20:45:19,845 [JvmPauseMonitor15] INFO  util.JvmPauseMonitor (JvmPauseMonitor.java:run(146)) - JvmPauseMonitor-b5a25cc1-46d3-4381-a194-bd68f4526f1c: Started
2025-09-19 20:45:19,845 [b5a25cc1-46d3-4381-a194-bd68f4526f1c-EndpointStateMachineTaskThread-/0.0.0.0:15002-0 ] INFO  ratis.XceiverServerRatis (XceiverServerRatis.java:getRealPort(587)) - XceiverServerRatis(b5a25cc1-46d3-4381-a194-bd68f4526f1c) is started using port RATIS_ADMIN=15030
2025-09-19 20:45:19,845 [b5a25cc1-46d3-4381-a194-bd68f4526f1c-EndpointStateMachineTaskThread-/0.0.0.0:15002-0 ] INFO  ratis.XceiverServerRatis (XceiverServerRatis.java:getRealPort(587)) - XceiverServerRatis(b5a25cc1-46d3-4381-a194-bd68f4526f1c) is started using port RATIS_SERVER=15031
2025-09-19 20:45:19,845 [b5a25cc1-46d3-4381-a194-bd68f4526f1c-EndpointStateMachineTaskThread-/0.0.0.0:15002-0 ] INFO  ratis.XceiverServerRatis (XceiverServerRatis.java:getRealPort(587)) - XceiverServerRatis(b5a25cc1-46d3-4381-a194-bd68f4526f1c) is started using port RATIS_DATASTREAM=15032
2025-09-19 20:45:19,846 [b5a25cc1-46d3-4381-a194-bd68f4526f1c-EndpointStateMachineTaskThread-/0.0.0.0:15002-0 ] INFO  utils.BackgroundService (BackgroundService.java:start(119)) - Starting service BlockDeletingService with interval 60000 milliseconds
2025-09-19 20:45:19,846 [b5a25cc1-46d3-4381-a194-bd68f4526f1c-EndpointStateMachineTaskThread-/0.0.0.0:15002-0 ] INFO  utils.BackgroundService (BackgroundService.java:start(119)) - Starting service StaleRecoveringContainerScrubbingService with interval 60000 milliseconds
2025-09-19 20:45:20,021 [0df1231c-9f8a-4757-a7d0-f6d7f53bc482-ContainerReader-0] INFO  ozoneimpl.ContainerReader (ContainerReader.java:readVolume(147)) - Start to verify containers on volume /home/runner/work/ozone/ozone/hadoop-ozone/integration-test/target/test-dir/MiniOzoneClusterImpl-990002c2-bb69-4aa2-bd68-28a5e13e86ef/ozone-metadata/datanode-2/data-0/hdds
2025-09-19 20:45:20,034 [0df1231c-9f8a-4757-a7d0-f6d7f53bc482-ContainerReader-0] WARN  helpers.KeyValueContainerUtil (KeyValueContainerUtil.java:populateContainerMetadata(330)) - Missing pendingDeleteBlockCount from metadata: recalculate them from block table
2025-09-19 20:45:20,037 [0df1231c-9f8a-4757-a7d0-f6d7f53bc482-ContainerReader-0] WARN  helpers.KeyValueContainerUtil (KeyValueContainerUtil.java:populateContainerMetadata(330)) - Missing pendingDeleteBlockCount from metadata: recalculate them from block table
2025-09-19 20:45:20,040 [0df1231c-9f8a-4757-a7d0-f6d7f53bc482-ContainerReader-0] WARN  helpers.KeyValueContainerUtil (KeyValueContainerUtil.java:populateContainerMetadata(330)) - Missing pendingDeleteBlockCount from metadata: recalculate them from block table
2025-09-19 20:45:20,041 [0df1231c-9f8a-4757-a7d0-f6d7f53bc482-ContainerReader-0] INFO  ozoneimpl.ContainerReader (ContainerReader.java:readVolume(177)) - Finish verifying containers on volume /home/runner/work/ozone/ozone/hadoop-ozone/integration-test/target/test-dir/MiniOzoneClusterImpl-990002c2-bb69-4aa2-bd68-28a5e13e86ef/ozone-metadata/datanode-2/data-0/hdds
2025-09-19 20:45:20,041 [0df1231c-9f8a-4757-a7d0-f6d7f53bc482-EndpointStateMachineTaskThread-/0.0.0.0:15002-0 ] INFO  ozoneimpl.OzoneContainer (OzoneContainer.java:buildContainerSet(370)) - Build ContainerSet costs 0s
2025-09-19 20:45:20,042 [0df1231c-9f8a-4757-a7d0-f6d7f53bc482-EndpointStateMachineTaskThread-/0.0.0.0:15002-0 ] INFO  volume.ThrottledAsyncChecker (ThrottledAsyncChecker.java:schedule(138)) - Scheduling a check for /home/runner/work/ozone/ozone/hadoop-ozone/integration-test/target/test-dir/MiniOzoneClusterImpl-990002c2-bb69-4aa2-bd68-28a5e13e86ef/ozone-metadata/datanode-2/data-0/hdds
2025-09-19 20:45:20,042 [0df1231c-9f8a-4757-a7d0-f6d7f53bc482-EndpointStateMachineTaskThread-/0.0.0.0:15002-0 ] INFO  volume.StorageVolumeChecker (StorageVolumeChecker.java:checkAllVolumes(231)) - Scheduled health check for volume /home/runner/work/ozone/ozone/hadoop-ozone/integration-test/target/test-dir/MiniOzoneClusterImpl-990002c2-bb69-4aa2-bd68-28a5e13e86ef/ozone-metadata/datanode-2/data-0/hdds
2025-09-19 20:45:20,045 [0df1231c-9f8a-4757-a7d0-f6d7f53bc482-EndpointStateMachineTaskThread-/0.0.0.0:15002-0 ] INFO  volume.ThrottledAsyncChecker (ThrottledAsyncChecker.java:schedule(138)) - Scheduling a check for /home/runner/work/ozone/ozone/hadoop-ozone/integration-test/target/test-dir/MiniOzoneClusterImpl-990002c2-bb69-4aa2-bd68-28a5e13e86ef/ozone-metadata/datanode-2/ratis
2025-09-19 20:45:20,045 [0df1231c-9f8a-4757-a7d0-f6d7f53bc482-EndpointStateMachineTaskThread-/0.0.0.0:15002-0 ] INFO  volume.StorageVolumeChecker (StorageVolumeChecker.java:checkAllVolumes(231)) - Scheduled health check for volume /home/runner/work/ozone/ozone/hadoop-ozone/integration-test/target/test-dir/MiniOzoneClusterImpl-990002c2-bb69-4aa2-bd68-28a5e13e86ef/ozone-metadata/datanode-2/ratis
2025-09-19 20:45:20,046 [0df1231c-9f8a-4757-a7d0-f6d7f53bc482-EndpointStateMachineTaskThread-/0.0.0.0:15002-0 ] INFO  ozoneimpl.OzoneContainer (OzoneContainer.java:start(525)) - Attempting to start container services.
2025-09-19 20:45:20,051 [ContainerMetadataScanner] INFO  ozoneimpl.AbstractBackgroundContainerScanner (AbstractBackgroundContainerScanner.java:runIteration(89)) - Completed an iteration in 0 minutes. Number of iterations (since the data-node restart) : 1, Number of containers scanned in this iteration : 3, Number of unhealthy containers found in this iteration : 0
2025-09-19 20:45:20,051 [0df1231c-9f8a-4757-a7d0-f6d7f53bc482-EndpointStateMachineTaskThread-/0.0.0.0:15002-0 ] INFO  replication.ReplicationServer (ReplicationServer.java:start(137)) - ReplicationServer is started using port 15025
2025-09-19 20:45:20,051 [0df1231c-9f8a-4757-a7d0-f6d7f53bc482-EndpointStateMachineTaskThread-/0.0.0.0:15002-0 ] INFO  ratis.XceiverServerRatis (XceiverServerRatis.java:start(560)) - Starting XceiverServerRatis(0df1231c-9f8a-4757-a7d0-f6d7f53bc482)
2025-09-19 20:45:20,052 [0df1231c-9f8a-4757-a7d0-f6d7f53bc482-impl-thread1] INFO  server.RaftServerConfigKeys (ConfUtils.java:logGet(62)) - raft.server.storage.dir = [/home/runner/work/ozone/ozone/hadoop-ozone/integration-test/target/test-dir/MiniOzoneClusterImpl-990002c2-bb69-4aa2-bd68-28a5e13e86ef/ozone-metadata/datanode-2/ratis] (custom)
2025-09-19 20:45:20,053 [0df1231c-9f8a-4757-a7d0-f6d7f53bc482-impl-thread1] INFO  storage.RaftStorageDirectory (RaftStorageDirectoryImpl.java:tryLock(229)) - Lock on /home/runner/work/ozone/ozone/hadoop-ozone/integration-test/target/test-dir/MiniOzoneClusterImpl-990002c2-bb69-4aa2-bd68-28a5e13e86ef/ozone-metadata/datanode-2/ratis/54fe0239-6051-4a8e-b590-39ad5a9eaacd/in_use.lock acquired by nodename 22744@localhost
2025-09-19 20:45:20,054 [0df1231c-9f8a-4757-a7d0-f6d7f53bc482-impl-thread1] INFO  storage.RaftStorage (RaftStorageImpl.java:analyzeAndRecoverStorage(118)) - Read RaftStorageMetadata{term=2, votedFor=0df1231c-9f8a-4757-a7d0-f6d7f53bc482} from /home/runner/work/ozone/ozone/hadoop-ozone/integration-test/target/test-dir/MiniOzoneClusterImpl-990002c2-bb69-4aa2-bd68-28a5e13e86ef/ozone-metadata/datanode-2/ratis/54fe0239-6051-4a8e-b590-39ad5a9eaacd/current/raft-meta
2025-09-19 20:45:20,053 [0df1231c-9f8a-4757-a7d0-f6d7f53bc482-impl-thread2] INFO  storage.RaftStorageDirectory (RaftStorageDirectoryImpl.java:tryLock(229)) - Lock on /home/runner/work/ozone/ozone/hadoop-ozone/integration-test/target/test-dir/MiniOzoneClusterImpl-990002c2-bb69-4aa2-bd68-28a5e13e86ef/ozone-metadata/datanode-2/ratis/e102d630-0766-4c9c-a6ac-a751954341bd/in_use.lock acquired by nodename 22744@localhost
2025-09-19 20:45:20,054 [0df1231c-9f8a-4757-a7d0-f6d7f53bc482-impl-thread3] INFO  storage.RaftStorageDirectory (RaftStorageDirectoryImpl.java:tryLock(229)) - Lock on /home/runner/work/ozone/ozone/hadoop-ozone/integration-test/target/test-dir/MiniOzoneClusterImpl-990002c2-bb69-4aa2-bd68-28a5e13e86ef/ozone-metadata/datanode-2/ratis/958000d3-2396-49be-82e9-715ebf8096a7/in_use.lock acquired by nodename 22744@localhost
2025-09-19 20:45:20,055 [0df1231c-9f8a-4757-a7d0-f6d7f53bc482-impl-thread3] INFO  storage.RaftStorage (RaftStorageImpl.java:analyzeAndRecoverStorage(118)) - Read RaftStorageMetadata{term=5, votedFor=0df1231c-9f8a-4757-a7d0-f6d7f53bc482} from /home/runner/work/ozone/ozone/hadoop-ozone/integration-test/target/test-dir/MiniOzoneClusterImpl-990002c2-bb69-4aa2-bd68-28a5e13e86ef/ozone-metadata/datanode-2/ratis/958000d3-2396-49be-82e9-715ebf8096a7/current/raft-meta
2025-09-19 20:45:20,055 [0df1231c-9f8a-4757-a7d0-f6d7f53bc482-impl-thread3] INFO  server.RaftServer$Division (ServerState.java:setRaftConf(386)) - 0df1231c-9f8a-4757-a7d0-f6d7f53bc482@group-715EBF8096A7: set configuration conf: {index: 11, cur=peers:[b5a25cc1-46d3-4381-a194-bd68f4526f1c|127.0.0.1:15031, 0df1231c-9f8a-4757-a7d0-f6d7f53bc482|127.0.0.1:15023, 8eb9963e-bce0-4155-aea2-e442cadff8bd|127.0.0.1:15015]|listeners:[], old=null}
2025-09-19 20:45:20,054 [0df1231c-9f8a-4757-a7d0-f6d7f53bc482-impl-thread1] INFO  server.RaftServer$Division (ServerState.java:setRaftConf(386)) - 0df1231c-9f8a-4757-a7d0-f6d7f53bc482@group-39AD5A9EAACD: set configuration conf: {index: 1, cur=peers:[0df1231c-9f8a-4757-a7d0-f6d7f53bc482|127.0.0.1:15023]|listeners:[], old=null}
2025-09-19 20:45:20,054 [0df1231c-9f8a-4757-a7d0-f6d7f53bc482-impl-thread2] INFO  storage.RaftStorage (RaftStorageImpl.java:analyzeAndRecoverStorage(118)) - Read RaftStorageMetadata{term=2, votedFor=} from /home/runner/work/ozone/ozone/hadoop-ozone/integration-test/target/test-dir/MiniOzoneClusterImpl-990002c2-bb69-4aa2-bd68-28a5e13e86ef/ozone-metadata/datanode-2/ratis/e102d630-0766-4c9c-a6ac-a751954341bd/current/raft-meta
2025-09-19 20:45:20,055 [0df1231c-9f8a-4757-a7d0-f6d7f53bc482-impl-thread1] INFO  ratis.ContainerStateMachine (ContainerStateMachine.java:initialize(339)) - 0df1231c-9f8a-4757-a7d0-f6d7f53bc482: initialize group-39AD5A9EAACD
2025-09-19 20:45:20,055 [0df1231c-9f8a-4757-a7d0-f6d7f53bc482-impl-thread1] INFO  ratis.ContainerStateMachine (ContainerStateMachine.java:loadSnapshot(356)) - group-39AD5A9EAACD: Setting the last applied index to (t:2, i:2)
2025-09-19 20:45:20,055 [0df1231c-9f8a-4757-a7d0-f6d7f53bc482-impl-thread2] INFO  server.RaftServer$Division (ServerState.java:setRaftConf(386)) - 0df1231c-9f8a-4757-a7d0-f6d7f53bc482@group-A751954341BD: set configuration conf: {index: 1, cur=peers:[b5a25cc1-46d3-4381-a194-bd68f4526f1c|127.0.0.1:15031, 0df1231c-9f8a-4757-a7d0-f6d7f53bc482|127.0.0.1:15023, 8eb9963e-bce0-4155-aea2-e442cadff8bd|127.0.0.1:15015]|listeners:[], old=null}
2025-09-19 20:45:20,055 [0df1231c-9f8a-4757-a7d0-f6d7f53bc482-impl-thread1] INFO  server.RaftServerConfigKeys (ConfUtils.java:logGet(62)) - raft.server.log.appender.buffer.byte-limit = 33554432 (custom)
2025-09-19 20:45:20,055 [0df1231c-9f8a-4757-a7d0-f6d7f53bc482-impl-thread2] INFO  ratis.ContainerStateMachine (ContainerStateMachine.java:initialize(339)) - 0df1231c-9f8a-4757-a7d0-f6d7f53bc482: initialize group-A751954341BD
2025-09-19 20:45:20,055 [0df1231c-9f8a-4757-a7d0-f6d7f53bc482-impl-thread2] INFO  ratis.ContainerStateMachine (ContainerStateMachine.java:loadSnapshot(356)) - group-A751954341BD: Setting the last applied index to (t:2, i:14)
2025-09-19 20:45:20,056 [0df1231c-9f8a-4757-a7d0-f6d7f53bc482-impl-thread3] INFO  ratis.ContainerStateMachine (ContainerStateMachine.java:initialize(339)) - 0df1231c-9f8a-4757-a7d0-f6d7f53bc482: initialize group-715EBF8096A7
2025-09-19 20:45:20,056 [0df1231c-9f8a-4757-a7d0-f6d7f53bc482-impl-thread3] INFO  ratis.ContainerStateMachine (ContainerStateMachine.java:loadSnapshot(356)) - group-715EBF8096A7: Setting the last applied index to (t:5, i:12)
2025-09-19 20:45:20,056 [0df1231c-9f8a-4757-a7d0-f6d7f53bc482-impl-thread3] INFO  server.RaftServerConfigKeys (ConfUtils.java:logGet(62)) - raft.server.log.appender.buffer.byte-limit = 33554432 (custom)
2025-09-19 20:45:20,056 [0df1231c-9f8a-4757-a7d0-f6d7f53bc482-impl-thread2] INFO  server.RaftServerConfigKeys (ConfUtils.java:logGet(62)) - raft.server.log.appender.buffer.byte-limit = 33554432 (custom)
2025-09-19 20:45:20,056 [ContainerDataScanner(/home/runner/work/ozone/ozone/hadoop-ozone/integration-test/target/test-dir/MiniOzoneClusterImpl-990002c2-bb69-4aa2-bd68-28a5e13e86ef/ozone-metadata/datanode-2/data-0/hdds)] INFO  ozoneimpl.AbstractBackgroundContainerScanner (AbstractBackgroundContainerScanner.java:runIteration(89)) - Completed an iteration in 0 minutes. Number of iterations (since the data-node restart) : 1, Number of containers scanned in this iteration : 1, Number of unhealthy containers found in this iteration : 0
2025-09-19 20:45:20,066 [0df1231c-9f8a-4757-a7d0-f6d7f53bc482-impl-thread1] INFO  server.RaftServerConfigKeys (ConfUtils.java:logGet(62)) - raft.server.log.segment.size.max = 67108864 (custom)
2025-09-19 20:45:20,068 [0df1231c-9f8a-4757-a7d0-f6d7f53bc482-impl-thread2] INFO  server.RaftServerConfigKeys (ConfUtils.java:logGet(62)) - raft.server.log.segment.size.max = 67108864 (custom)
2025-09-19 20:45:20,068 [0df1231c-9f8a-4757-a7d0-f6d7f53bc482-impl-thread3] INFO  server.RaftServerConfigKeys (ConfUtils.java:logGet(62)) - raft.server.log.segment.size.max = 67108864 (custom)
2025-09-19 20:45:20,069 [0df1231c-9f8a-4757-a7d0-f6d7f53bc482-impl-thread1] INFO  server.RaftServerConfigKeys (ConfUtils.java:logGet(62)) - raft.server.log.appender.buffer.byte-limit = 33554432 (custom)
2025-09-19 20:45:20,069 [0df1231c-9f8a-4757-a7d0-f6d7f53bc482-impl-thread1] INFO  util.AwaitToRun (AwaitToRun.java:start(81)) - Thread[#2856,0df1231c-9f8a-4757-a7d0-f6d7f53bc482@group-39AD5A9EAACD-cacheEviction-AwaitToRun,5,main] started
2025-09-19 20:45:20,069 [0df1231c-9f8a-4757-a7d0-f6d7f53bc482-impl-thread1] INFO  segmented.SegmentedRaftLogWorker (SegmentedRaftLogWorker.java:<init>(190)) - new 0df1231c-9f8a-4757-a7d0-f6d7f53bc482@group-39AD5A9EAACD-SegmentedRaftLogWorker for RaftStorageImpl:Storage Directory /home/runner/work/ozone/ozone/hadoop-ozone/integration-test/target/test-dir/MiniOzoneClusterImpl-990002c2-bb69-4aa2-bd68-28a5e13e86ef/ozone-metadata/datanode-2/ratis/54fe0239-6051-4a8e-b590-39ad5a9eaacd
2025-09-19 20:45:20,069 [0df1231c-9f8a-4757-a7d0-f6d7f53bc482-impl-thread1] INFO  server.RaftServerConfigKeys (ConfUtils.java:logGet(62)) - raft.server.log.queue.byte-limit = 4294967296 (custom)
2025-09-19 20:45:20,069 [0df1231c-9f8a-4757-a7d0-f6d7f53bc482-impl-thread1] INFO  server.RaftServerConfigKeys (ConfUtils.java:logGet(62)) - raft.server.log.segment.size.max = 67108864 (custom)
2025-09-19 20:45:20,069 [0df1231c-9f8a-4757-a7d0-f6d7f53bc482-impl-thread3] INFO  server.RaftServerConfigKeys (ConfUtils.java:logGet(62)) - raft.server.log.appender.buffer.byte-limit = 33554432 (custom)
2025-09-19 20:45:20,069 [0df1231c-9f8a-4757-a7d0-f6d7f53bc482-impl-thread1] INFO  server.RaftServerConfigKeys (ConfUtils.java:logGet(62)) - raft.server.log.preallocated.size = 4194304 (custom)
2025-09-19 20:45:20,069 [0df1231c-9f8a-4757-a7d0-f6d7f53bc482-impl-thread3] INFO  util.AwaitToRun (AwaitToRun.java:start(81)) - Thread[#2857,0df1231c-9f8a-4757-a7d0-f6d7f53bc482@group-715EBF8096A7-cacheEviction-AwaitToRun,5,main] started
2025-09-19 20:45:20,069 [0df1231c-9f8a-4757-a7d0-f6d7f53bc482-impl-thread3] INFO  segmented.SegmentedRaftLogWorker (SegmentedRaftLogWorker.java:<init>(190)) - new 0df1231c-9f8a-4757-a7d0-f6d7f53bc482@group-715EBF8096A7-SegmentedRaftLogWorker for RaftStorageImpl:Storage Directory /home/runner/work/ozone/ozone/hadoop-ozone/integration-test/target/test-dir/MiniOzoneClusterImpl-990002c2-bb69-4aa2-bd68-28a5e13e86ef/ozone-metadata/datanode-2/ratis/958000d3-2396-49be-82e9-715ebf8096a7
2025-09-19 20:45:20,069 [0df1231c-9f8a-4757-a7d0-f6d7f53bc482-impl-thread3] INFO  server.RaftServerConfigKeys (ConfUtils.java:logGet(62)) - raft.server.log.queue.byte-limit = 4294967296 (custom)
2025-09-19 20:45:20,069 [0df1231c-9f8a-4757-a7d0-f6d7f53bc482-impl-thread3] INFO  server.RaftServerConfigKeys (ConfUtils.java:logGet(62)) - raft.server.log.segment.size.max = 67108864 (custom)
2025-09-19 20:45:20,069 [0df1231c-9f8a-4757-a7d0-f6d7f53bc482-impl-thread2] INFO  server.RaftServerConfigKeys (ConfUtils.java:logGet(62)) - raft.server.log.appender.buffer.byte-limit = 33554432 (custom)
2025-09-19 20:45:20,069 [0df1231c-9f8a-4757-a7d0-f6d7f53bc482-impl-thread3] INFO  server.RaftServerConfigKeys (ConfUtils.java:logGet(62)) - raft.server.log.preallocated.size = 4194304 (custom)
2025-09-19 20:45:20,070 [0df1231c-9f8a-4757-a7d0-f6d7f53bc482-impl-thread2] INFO  util.AwaitToRun (AwaitToRun.java:start(81)) - Thread[#2858,0df1231c-9f8a-4757-a7d0-f6d7f53bc482@group-A751954341BD-cacheEviction-AwaitToRun,5,main] started
2025-09-19 20:45:20,070 [0df1231c-9f8a-4757-a7d0-f6d7f53bc482-impl-thread2] INFO  segmented.SegmentedRaftLogWorker (SegmentedRaftLogWorker.java:<init>(190)) - new 0df1231c-9f8a-4757-a7d0-f6d7f53bc482@group-A751954341BD-SegmentedRaftLogWorker for RaftStorageImpl:Storage Directory /home/runner/work/ozone/ozone/hadoop-ozone/integration-test/target/test-dir/MiniOzoneClusterImpl-990002c2-bb69-4aa2-bd68-28a5e13e86ef/ozone-metadata/datanode-2/ratis/e102d630-0766-4c9c-a6ac-a751954341bd
2025-09-19 20:45:20,070 [0df1231c-9f8a-4757-a7d0-f6d7f53bc482-impl-thread2] INFO  server.RaftServerConfigKeys (ConfUtils.java:logGet(62)) - raft.server.log.queue.byte-limit = 4294967296 (custom)
2025-09-19 20:45:20,070 [0df1231c-9f8a-4757-a7d0-f6d7f53bc482-impl-thread2] INFO  server.RaftServerConfigKeys (ConfUtils.java:logGet(62)) - raft.server.log.segment.size.max = 67108864 (custom)
2025-09-19 20:45:20,070 [0df1231c-9f8a-4757-a7d0-f6d7f53bc482-impl-thread1] INFO  server.RaftServerConfigKeys (ConfUtils.java:logGet(62)) - raft.server.log.write.buffer.size = 33554440 (custom)
2025-09-19 20:45:20,070 [0df1231c-9f8a-4757-a7d0-f6d7f53bc482-impl-thread2] INFO  server.RaftServerConfigKeys (ConfUtils.java:logGet(62)) - raft.server.log.preallocated.size = 4194304 (custom)
2025-09-19 20:45:20,070 [0df1231c-9f8a-4757-a7d0-f6d7f53bc482-impl-thread2] INFO  server.RaftServerConfigKeys (ConfUtils.java:logGet(62)) - raft.server.log.write.buffer.size = 33554440 (custom)
2025-09-19 20:45:20,071 [0df1231c-9f8a-4757-a7d0-f6d7f53bc482-impl-thread3] INFO  server.RaftServerConfigKeys (ConfUtils.java:logGet(62)) - raft.server.log.write.buffer.size = 33554440 (custom)
2025-09-19 20:45:20,076 [0df1231c-9f8a-4757-a7d0-f6d7f53bc482-impl-thread1] INFO  server.RaftServerConfigKeys (ConfUtils.java:logGet(62)) - raft.server.log.appender.buffer.byte-limit = 33554432 (custom)
2025-09-19 20:45:20,077 [0df1231c-9f8a-4757-a7d0-f6d7f53bc482-impl-thread2] INFO  server.RaftServerConfigKeys (ConfUtils.java:logGet(62)) - raft.server.log.appender.buffer.byte-limit = 33554432 (custom)
2025-09-19 20:45:20,077 [0df1231c-9f8a-4757-a7d0-f6d7f53bc482-impl-thread2] INFO  server.RaftServer$Division (ServerState.java:setRaftConf(386)) - 0df1231c-9f8a-4757-a7d0-f6d7f53bc482@group-A751954341BD: set configuration conf: {index: 0, cur=peers:[b5a25cc1-46d3-4381-a194-bd68f4526f1c|127.0.0.1:15031, 0df1231c-9f8a-4757-a7d0-f6d7f53bc482|127.0.0.1:15023, 8eb9963e-bce0-4155-aea2-e442cadff8bd|127.0.0.1:15015]|listeners:[], old=null}
2025-09-19 20:45:20,078 [0df1231c-9f8a-4757-a7d0-f6d7f53bc482-impl-thread2] INFO  segmented.LogSegment (LogSegment.java:loadSegment(171)) - Successfully read 1 entries from segment file /home/runner/work/ozone/ozone/hadoop-ozone/integration-test/target/test-dir/MiniOzoneClusterImpl-990002c2-bb69-4aa2-bd68-28a5e13e86ef/ozone-metadata/datanode-2/ratis/e102d630-0766-4c9c-a6ac-a751954341bd/current/log_0-0
2025-09-19 20:45:20,078 [0df1231c-9f8a-4757-a7d0-f6d7f53bc482-impl-thread2] INFO  server.RaftServer$Division (ServerState.java:setRaftConf(386)) - 0df1231c-9f8a-4757-a7d0-f6d7f53bc482@group-A751954341BD: set configuration conf: {index: 1, cur=peers:[b5a25cc1-46d3-4381-a194-bd68f4526f1c|127.0.0.1:15031, 0df1231c-9f8a-4757-a7d0-f6d7f53bc482|127.0.0.1:15023, 8eb9963e-bce0-4155-aea2-e442cadff8bd|127.0.0.1:15015]|listeners:[], old=null}
2025-09-19 20:45:20,078 [0df1231c-9f8a-4757-a7d0-f6d7f53bc482-impl-thread1] INFO  server.RaftServer$Division (ServerState.java:setRaftConf(386)) - 0df1231c-9f8a-4757-a7d0-f6d7f53bc482@group-39AD5A9EAACD: set configuration conf: {index: 0, cur=peers:[0df1231c-9f8a-4757-a7d0-f6d7f53bc482|127.0.0.1:15023]|listeners:[], old=null}
2025-09-19 20:45:20,079 [0df1231c-9f8a-4757-a7d0-f6d7f53bc482-impl-thread1] INFO  segmented.LogSegment (LogSegment.java:loadSegment(171)) - Successfully read 1 entries from segment file /home/runner/work/ozone/ozone/hadoop-ozone/integration-test/target/test-dir/MiniOzoneClusterImpl-990002c2-bb69-4aa2-bd68-28a5e13e86ef/ozone-metadata/datanode-2/ratis/54fe0239-6051-4a8e-b590-39ad5a9eaacd/current/log_0-0
2025-09-19 20:45:20,079 [0df1231c-9f8a-4757-a7d0-f6d7f53bc482-impl-thread1] INFO  server.RaftServer$Division (ServerState.java:setRaftConf(386)) - 0df1231c-9f8a-4757-a7d0-f6d7f53bc482@group-39AD5A9EAACD: set configuration conf: {index: 1, cur=peers:[0df1231c-9f8a-4757-a7d0-f6d7f53bc482|127.0.0.1:15023]|listeners:[], old=null}
2025-09-19 20:45:20,079 [0df1231c-9f8a-4757-a7d0-f6d7f53bc482-impl-thread1] INFO  segmented.LogSegment (LogSegment.java:loadSegment(171)) - Successfully read 2 entries from segment file /home/runner/work/ozone/ozone/hadoop-ozone/integration-test/target/test-dir/MiniOzoneClusterImpl-990002c2-bb69-4aa2-bd68-28a5e13e86ef/ozone-metadata/datanode-2/ratis/54fe0239-6051-4a8e-b590-39ad5a9eaacd/current/log_inprogress_1
2025-09-19 20:45:20,079 [0df1231c-9f8a-4757-a7d0-f6d7f53bc482-impl-thread1] INFO  segmented.SegmentedRaftLogWorker (SegmentedRaftLogWorker.java:lambda$new$0(141)) - 0df1231c-9f8a-4757-a7d0-f6d7f53bc482@group-39AD5A9EAACD-SegmentedRaftLogWorker: flushIndex: setUnconditionally 0 -> 2
2025-09-19 20:45:20,079 [0df1231c-9f8a-4757-a7d0-f6d7f53bc482-impl-thread2] INFO  segmented.LogSegment (LogSegment.java:loadSegment(171)) - Successfully read 14 entries from segment file /home/runner/work/ozone/ozone/hadoop-ozone/integration-test/target/test-dir/MiniOzoneClusterImpl-990002c2-bb69-4aa2-bd68-28a5e13e86ef/ozone-metadata/datanode-2/ratis/e102d630-0766-4c9c-a6ac-a751954341bd/current/log_inprogress_1
2025-09-19 20:45:20,080 [0df1231c-9f8a-4757-a7d0-f6d7f53bc482-impl-thread2] INFO  segmented.SegmentedRaftLogWorker (SegmentedRaftLogWorker.java:lambda$new$0(141)) - 0df1231c-9f8a-4757-a7d0-f6d7f53bc482@group-A751954341BD-SegmentedRaftLogWorker: flushIndex: setUnconditionally 0 -> 14
2025-09-19 20:45:20,080 [0df1231c-9f8a-4757-a7d0-f6d7f53bc482-impl-thread2] INFO  segmented.BufferedWriteChannel (BufferedWriteChannel.java:open(61)) - open log_inprogress_1 (append) at position 3486
2025-09-19 20:45:20,080 [0df1231c-9f8a-4757-a7d0-f6d7f53bc482-impl-thread1] INFO  segmented.BufferedWriteChannel (BufferedWriteChannel.java:open(61)) - open log_inprogress_1 (append) at position 144
2025-09-19 20:45:20,080 [0df1231c-9f8a-4757-a7d0-f6d7f53bc482-impl-thread2] INFO  server.RaftServer$Division (RaftServerImpl.java:start(405)) - 0df1231c-9f8a-4757-a7d0-f6d7f53bc482@group-A751954341BD: start as a follower, conf=conf: {index: 1, cur=peers:[b5a25cc1-46d3-4381-a194-bd68f4526f1c|127.0.0.1:15031, 0df1231c-9f8a-4757-a7d0-f6d7f53bc482|127.0.0.1:15023, 8eb9963e-bce0-4155-aea2-e442cadff8bd|127.0.0.1:15015]|listeners:[], old=null}
2025-09-19 20:45:20,080 [0df1231c-9f8a-4757-a7d0-f6d7f53bc482-impl-thread2] INFO  server.RaftServer$Division (RaftServerImpl.java:setRole(392)) - 0df1231c-9f8a-4757-a7d0-f6d7f53bc482@group-A751954341BD: changes role from      null to FOLLOWER at term 2 for startAsFollower
2025-09-19 20:45:20,080 [0df1231c-9f8a-4757-a7d0-f6d7f53bc482-impl-thread2] INFO  impl.RoleInfo (RoleInfo.java:updateAndGet(148)) - 0df1231c-9f8a-4757-a7d0-f6d7f53bc482: start 0df1231c-9f8a-4757-a7d0-f6d7f53bc482@group-A751954341BD-FollowerState
2025-09-19 20:45:20,080 [0df1231c-9f8a-4757-a7d0-f6d7f53bc482-impl-thread1] INFO  server.RaftServer$Division (RaftServerImpl.java:start(405)) - 0df1231c-9f8a-4757-a7d0-f6d7f53bc482@group-39AD5A9EAACD: start as a follower, conf=conf: {index: 1, cur=peers:[0df1231c-9f8a-4757-a7d0-f6d7f53bc482|127.0.0.1:15023]|listeners:[], old=null}
2025-09-19 20:45:20,080 [0df1231c-9f8a-4757-a7d0-f6d7f53bc482-impl-thread3] INFO  server.RaftServerConfigKeys (ConfUtils.java:logGet(62)) - raft.server.log.appender.buffer.byte-limit = 33554432 (custom)
2025-09-19 20:45:20,081 [0df1231c-9f8a-4757-a7d0-f6d7f53bc482-impl-thread2] INFO  util.JmxRegister (JmxRegister.java:tryRegister(44)) - Successfully registered JMX Bean with object name Ratis:service=RaftServer,group=group-A751954341BD,id=0df1231c-9f8a-4757-a7d0-f6d7f53bc482
2025-09-19 20:45:20,081 [0df1231c-9f8a-4757-a7d0-f6d7f53bc482-impl-thread2] INFO  util.JmxRegister (JmxRegister.java:register(58)) - register mxBean class org.apache.ratis.server.impl.RaftServerJmxAdapter as Ratis:service=RaftServer,group=group-A751954341BD,id=0df1231c-9f8a-4757-a7d0-f6d7f53bc482
2025-09-19 20:45:20,081 [0df1231c-9f8a-4757-a7d0-f6d7f53bc482-impl-thread3] INFO  server.RaftServer$Division (ServerState.java:setRaftConf(386)) - 0df1231c-9f8a-4757-a7d0-f6d7f53bc482@group-715EBF8096A7: set configuration conf: {index: 0, cur=peers:[b5a25cc1-46d3-4381-a194-bd68f4526f1c|127.0.0.1:15031, 0df1231c-9f8a-4757-a7d0-f6d7f53bc482|127.0.0.1:15023, 8eb9963e-bce0-4155-aea2-e442cadff8bd|127.0.0.1:15015]|listeners:[], old=null}
2025-09-19 20:45:20,080 [0df1231c-9f8a-4757-a7d0-f6d7f53bc482-impl-thread1] INFO  server.RaftServer$Division (RaftServerImpl.java:setRole(392)) - 0df1231c-9f8a-4757-a7d0-f6d7f53bc482@group-39AD5A9EAACD: changes role from      null to FOLLOWER at term 2 for startAsFollower
2025-09-19 20:45:20,081 [0df1231c-9f8a-4757-a7d0-f6d7f53bc482-impl-thread1] INFO  impl.RoleInfo (RoleInfo.java:updateAndGet(148)) - 0df1231c-9f8a-4757-a7d0-f6d7f53bc482: start 0df1231c-9f8a-4757-a7d0-f6d7f53bc482@group-39AD5A9EAACD-FollowerState
2025-09-19 20:45:20,082 [0df1231c-9f8a-4757-a7d0-f6d7f53bc482-impl-thread1] INFO  util.JmxRegister (JmxRegister.java:tryRegister(44)) - Successfully registered JMX Bean with object name Ratis:service=RaftServer,group=group-39AD5A9EAACD,id=0df1231c-9f8a-4757-a7d0-f6d7f53bc482
2025-09-19 20:45:20,082 [0df1231c-9f8a-4757-a7d0-f6d7f53bc482-impl-thread1] INFO  util.JmxRegister (JmxRegister.java:register(58)) - register mxBean class org.apache.ratis.server.impl.RaftServerJmxAdapter as Ratis:service=RaftServer,group=group-39AD5A9EAACD,id=0df1231c-9f8a-4757-a7d0-f6d7f53bc482
2025-09-19 20:45:20,082 [0df1231c-9f8a-4757-a7d0-f6d7f53bc482-impl-thread2] INFO  server.RaftServer$Division (RaftServerImpl.java:start(419)) - 0df1231c-9f8a-4757-a7d0-f6d7f53bc482@group-A751954341BD: Successfully started.
2025-09-19 20:45:20,082 [0df1231c-9f8a-4757-a7d0-f6d7f53bc482-impl-thread3] INFO  segmented.LogSegment (LogSegment.java:loadSegment(171)) - Successfully read 5 entries from segment file /home/runner/work/ozone/ozone/hadoop-ozone/integration-test/target/test-dir/MiniOzoneClusterImpl-990002c2-bb69-4aa2-bd68-28a5e13e86ef/ozone-metadata/datanode-2/ratis/958000d3-2396-49be-82e9-715ebf8096a7/current/log_0-4
2025-09-19 20:45:20,082 [0df1231c-9f8a-4757-a7d0-f6d7f53bc482-impl-thread3] INFO  server.RaftServer$Division (ServerState.java:setRaftConf(386)) - 0df1231c-9f8a-4757-a7d0-f6d7f53bc482@group-715EBF8096A7: set configuration conf: {index: 5, cur=peers:[b5a25cc1-46d3-4381-a194-bd68f4526f1c|127.0.0.1:15031, 0df1231c-9f8a-4757-a7d0-f6d7f53bc482|127.0.0.1:15023, 8eb9963e-bce0-4155-aea2-e442cadff8bd|127.0.0.1:15015]|listeners:[], old=null}
2025-09-19 20:45:20,082 [0df1231c-9f8a-4757-a7d0-f6d7f53bc482-impl-thread3] INFO  segmented.LogSegment (LogSegment.java:loadSegment(171)) - Successfully read 2 entries from segment file /home/runner/work/ozone/ozone/hadoop-ozone/integration-test/target/test-dir/MiniOzoneClusterImpl-990002c2-bb69-4aa2-bd68-28a5e13e86ef/ozone-metadata/datanode-2/ratis/958000d3-2396-49be-82e9-715ebf8096a7/current/log_5-6
2025-09-19 20:45:20,082 [0df1231c-9f8a-4757-a7d0-f6d7f53bc482-impl-thread1] INFO  server.RaftServer$Division (RaftServerImpl.java:start(419)) - 0df1231c-9f8a-4757-a7d0-f6d7f53bc482@group-39AD5A9EAACD: Successfully started.
2025-09-19 20:45:20,083 [0df1231c-9f8a-4757-a7d0-f6d7f53bc482-impl-thread3] INFO  server.RaftServer$Division (ServerState.java:setRaftConf(386)) - 0df1231c-9f8a-4757-a7d0-f6d7f53bc482@group-715EBF8096A7: set configuration conf: {index: 7, cur=peers:[b5a25cc1-46d3-4381-a194-bd68f4526f1c|127.0.0.1:15031, 0df1231c-9f8a-4757-a7d0-f6d7f53bc482|127.0.0.1:15023, 8eb9963e-bce0-4155-aea2-e442cadff8bd|127.0.0.1:15015]|listeners:[], old=null}
2025-09-19 20:45:20,083 [0df1231c-9f8a-4757-a7d0-f6d7f53bc482-impl-thread3] INFO  segmented.LogSegment (LogSegment.java:loadSegment(171)) - Successfully read 2 entries from segment file /home/runner/work/ozone/ozone/hadoop-ozone/integration-test/target/test-dir/MiniOzoneClusterImpl-990002c2-bb69-4aa2-bd68-28a5e13e86ef/ozone-metadata/datanode-2/ratis/958000d3-2396-49be-82e9-715ebf8096a7/current/log_7-8
2025-09-19 20:45:20,083 [0df1231c-9f8a-4757-a7d0-f6d7f53bc482-impl-thread3] INFO  server.RaftServer$Division (ServerState.java:setRaftConf(386)) - 0df1231c-9f8a-4757-a7d0-f6d7f53bc482@group-715EBF8096A7: set configuration conf: {index: 9, cur=peers:[b5a25cc1-46d3-4381-a194-bd68f4526f1c|127.0.0.1:15031, 0df1231c-9f8a-4757-a7d0-f6d7f53bc482|127.0.0.1:15023, 8eb9963e-bce0-4155-aea2-e442cadff8bd|127.0.0.1:15015]|listeners:[], old=null}
2025-09-19 20:45:20,083 [0df1231c-9f8a-4757-a7d0-f6d7f53bc482-impl-thread3] INFO  segmented.LogSegment (LogSegment.java:loadSegment(171)) - Successfully read 2 entries from segment file /home/runner/work/ozone/ozone/hadoop-ozone/integration-test/target/test-dir/MiniOzoneClusterImpl-990002c2-bb69-4aa2-bd68-28a5e13e86ef/ozone-metadata/datanode-2/ratis/958000d3-2396-49be-82e9-715ebf8096a7/current/log_9-10
2025-09-19 20:45:20,084 [0df1231c-9f8a-4757-a7d0-f6d7f53bc482-impl-thread3] INFO  server.RaftServer$Division (ServerState.java:setRaftConf(386)) - 0df1231c-9f8a-4757-a7d0-f6d7f53bc482@group-715EBF8096A7: set configuration conf: {index: 11, cur=peers:[b5a25cc1-46d3-4381-a194-bd68f4526f1c|127.0.0.1:15031, 0df1231c-9f8a-4757-a7d0-f6d7f53bc482|127.0.0.1:15023, 8eb9963e-bce0-4155-aea2-e442cadff8bd|127.0.0.1:15015]|listeners:[], old=null}
2025-09-19 20:45:20,084 [0df1231c-9f8a-4757-a7d0-f6d7f53bc482-impl-thread3] INFO  segmented.LogSegment (LogSegment.java:loadSegment(171)) - Successfully read 2 entries from segment file /home/runner/work/ozone/ozone/hadoop-ozone/integration-test/target/test-dir/MiniOzoneClusterImpl-990002c2-bb69-4aa2-bd68-28a5e13e86ef/ozone-metadata/datanode-2/ratis/958000d3-2396-49be-82e9-715ebf8096a7/current/log_inprogress_11
2025-09-19 20:45:20,084 [0df1231c-9f8a-4757-a7d0-f6d7f53bc482-impl-thread3] INFO  segmented.SegmentedRaftLogWorker (SegmentedRaftLogWorker.java:lambda$new$0(141)) - 0df1231c-9f8a-4757-a7d0-f6d7f53bc482@group-715EBF8096A7-SegmentedRaftLogWorker: flushIndex: setUnconditionally 0 -> 12
2025-09-19 20:45:20,084 [0df1231c-9f8a-4757-a7d0-f6d7f53bc482-impl-thread3] INFO  segmented.SegmentedRaftLogWorker (SegmentedRaftLogWorker.java:lambda$new$0(141)) - 0df1231c-9f8a-4757-a7d0-f6d7f53bc482@group-715EBF8096A7-SegmentedRaftLogWorker: safeCacheEvictIndex: setUnconditionally 0 -> 10
2025-09-19 20:45:20,084 [0df1231c-9f8a-4757-a7d0-f6d7f53bc482-impl-thread3] INFO  segmented.BufferedWriteChannel (BufferedWriteChannel.java:open(61)) - open log_inprogress_11 (append) at position 366
2025-09-19 20:45:20,084 [0df1231c-9f8a-4757-a7d0-f6d7f53bc482-impl-thread3] INFO  server.RaftServer$Division (RaftServerImpl.java:start(405)) - 0df1231c-9f8a-4757-a7d0-f6d7f53bc482@group-715EBF8096A7: start as a follower, conf=conf: {index: 11, cur=peers:[b5a25cc1-46d3-4381-a194-bd68f4526f1c|127.0.0.1:15031, 0df1231c-9f8a-4757-a7d0-f6d7f53bc482|127.0.0.1:15023, 8eb9963e-bce0-4155-aea2-e442cadff8bd|127.0.0.1:15015]|listeners:[], old=null}
2025-09-19 20:45:20,084 [0df1231c-9f8a-4757-a7d0-f6d7f53bc482-impl-thread3] INFO  server.RaftServer$Division (RaftServerImpl.java:setRole(392)) - 0df1231c-9f8a-4757-a7d0-f6d7f53bc482@group-715EBF8096A7: changes role from      null to FOLLOWER at term 5 for startAsFollower
2025-09-19 20:45:20,084 [0df1231c-9f8a-4757-a7d0-f6d7f53bc482-impl-thread3] INFO  impl.RoleInfo (RoleInfo.java:updateAndGet(148)) - 0df1231c-9f8a-4757-a7d0-f6d7f53bc482: start 0df1231c-9f8a-4757-a7d0-f6d7f53bc482@group-715EBF8096A7-FollowerState
2025-09-19 20:45:20,084 [0df1231c-9f8a-4757-a7d0-f6d7f53bc482-impl-thread3] INFO  util.JmxRegister (JmxRegister.java:tryRegister(44)) - Successfully registered JMX Bean with object name Ratis:service=RaftServer,group=group-715EBF8096A7,id=0df1231c-9f8a-4757-a7d0-f6d7f53bc482
2025-09-19 20:45:20,085 [0df1231c-9f8a-4757-a7d0-f6d7f53bc482-impl-thread3] INFO  util.JmxRegister (JmxRegister.java:register(58)) - register mxBean class org.apache.ratis.server.impl.RaftServerJmxAdapter as Ratis:service=RaftServer,group=group-715EBF8096A7,id=0df1231c-9f8a-4757-a7d0-f6d7f53bc482
2025-09-19 20:45:20,085 [0df1231c-9f8a-4757-a7d0-f6d7f53bc482-impl-thread3] INFO  server.RaftServer$Division (RaftServerImpl.java:start(419)) - 0df1231c-9f8a-4757-a7d0-f6d7f53bc482@group-715EBF8096A7: Successfully started.
2025-09-19 20:45:20,085 [0df1231c-9f8a-4757-a7d0-f6d7f53bc482-EndpointStateMachineTaskThread-/0.0.0.0:15002-0 ] INFO  server.RaftServer (RaftServerProxy.java:startImpl(412)) - 0df1231c-9f8a-4757-a7d0-f6d7f53bc482: start RPC server
2025-09-19 20:45:20,086 [0df1231c-9f8a-4757-a7d0-f6d7f53bc482-EndpointStateMachineTaskThread-/0.0.0.0:15002-0 ] INFO  server.GrpcServicesImpl (GrpcServicesImpl.java:startImpl(346)) - 0df1231c-9f8a-4757-a7d0-f6d7f53bc482: GrpcServicesImpl started, listening on 15021
2025-09-19 20:45:20,086 [0df1231c-9f8a-4757-a7d0-f6d7f53bc482-EndpointStateMachineTaskThread-/0.0.0.0:15002-0 ] INFO  server.GrpcServicesImpl (GrpcServicesImpl.java:startImpl(346)) - 0df1231c-9f8a-4757-a7d0-f6d7f53bc482: GrpcServicesImpl started, listening on 15023
2025-09-19 20:45:20,086 [0df1231c-9f8a-4757-a7d0-f6d7f53bc482-EndpointStateMachineTaskThread-/0.0.0.0:15002-0 ] INFO  server.GrpcServicesImpl (GrpcServicesImpl.java:startImpl(346)) - 0df1231c-9f8a-4757-a7d0-f6d7f53bc482: GrpcServicesImpl started, listening on 15022
2025-09-19 20:45:20,086 [0df1231c-9f8a-4757-a7d0-f6d7f53bc482-EndpointStateMachineTaskThread-/0.0.0.0:15002-0 ] INFO  ratis.XceiverServerRatis (XceiverServerRatis.java:getRealPort(587)) - XceiverServerRatis(0df1231c-9f8a-4757-a7d0-f6d7f53bc482) is started using port RATIS=15021
2025-09-19 20:45:20,086 [JvmPauseMonitor16] INFO  util.JvmPauseMonitor (JvmPauseMonitor.java:run(146)) - JvmPauseMonitor-0df1231c-9f8a-4757-a7d0-f6d7f53bc482: Started
2025-09-19 20:45:20,086 [0df1231c-9f8a-4757-a7d0-f6d7f53bc482-EndpointStateMachineTaskThread-/0.0.0.0:15002-0 ] INFO  ratis.XceiverServerRatis (XceiverServerRatis.java:getRealPort(587)) - XceiverServerRatis(0df1231c-9f8a-4757-a7d0-f6d7f53bc482) is started using port RATIS_ADMIN=15022
2025-09-19 20:45:20,086 [0df1231c-9f8a-4757-a7d0-f6d7f53bc482-EndpointStateMachineTaskThread-/0.0.0.0:15002-0 ] INFO  ratis.XceiverServerRatis (XceiverServerRatis.java:getRealPort(587)) - XceiverServerRatis(0df1231c-9f8a-4757-a7d0-f6d7f53bc482) is started using port RATIS_SERVER=15023
2025-09-19 20:45:20,086 [0df1231c-9f8a-4757-a7d0-f6d7f53bc482-EndpointStateMachineTaskThread-/0.0.0.0:15002-0 ] INFO  ratis.XceiverServerRatis (XceiverServerRatis.java:getRealPort(587)) - XceiverServerRatis(0df1231c-9f8a-4757-a7d0-f6d7f53bc482) is started using port RATIS_DATASTREAM=15024
2025-09-19 20:45:20,087 [0df1231c-9f8a-4757-a7d0-f6d7f53bc482-EndpointStateMachineTaskThread-/0.0.0.0:15002-0 ] INFO  utils.BackgroundService (BackgroundService.java:start(119)) - Starting service BlockDeletingService with interval 60000 milliseconds
2025-09-19 20:45:20,087 [0df1231c-9f8a-4757-a7d0-f6d7f53bc482-EndpointStateMachineTaskThread-/0.0.0.0:15002-0 ] INFO  utils.BackgroundService (BackgroundService.java:start(119)) - Starting service StaleRecoveringContainerScrubbingService with interval 60000 milliseconds
2025-09-19 20:45:20,131 [8eb9963e-bce0-4155-aea2-e442cadff8bd@group-715EBF8096A7-FollowerState] INFO  impl.FollowerState (FollowerState.java:runImpl(161)) - 8eb9963e-bce0-4155-aea2-e442cadff8bd@group-715EBF8096A7-FollowerState: change to CANDIDATE, lastRpcElapsedTime:1126152641ns, electionTimeout:1123ms
2025-09-19 20:45:20,131 [8eb9963e-bce0-4155-aea2-e442cadff8bd@group-715EBF8096A7-FollowerState] INFO  impl.RoleInfo (RoleInfo.java:shutdownFollowerState(121)) - 8eb9963e-bce0-4155-aea2-e442cadff8bd: shutdown 8eb9963e-bce0-4155-aea2-e442cadff8bd@group-715EBF8096A7-FollowerState
2025-09-19 20:45:20,132 [8eb9963e-bce0-4155-aea2-e442cadff8bd@group-715EBF8096A7-FollowerState] INFO  server.RaftServer$Division (RaftServerImpl.java:setRole(392)) - 8eb9963e-bce0-4155-aea2-e442cadff8bd@group-715EBF8096A7: changes role from  FOLLOWER to CANDIDATE at term 5 for changeToCandidate
2025-09-19 20:45:20,132 [8eb9963e-bce0-4155-aea2-e442cadff8bd@group-715EBF8096A7-FollowerState] INFO  impl.RoleInfo (RoleInfo.java:updateAndGet(148)) - 8eb9963e-bce0-4155-aea2-e442cadff8bd: start 8eb9963e-bce0-4155-aea2-e442cadff8bd@group-715EBF8096A7-LeaderElection211
2025-09-19 20:45:20,132 [8eb9963e-bce0-4155-aea2-e442cadff8bd@group-715EBF8096A7-LeaderElection211] INFO  impl.LeaderElection (LeaderElection.java:askForVotes(448)) - 8eb9963e-bce0-4155-aea2-e442cadff8bd@group-715EBF8096A7-LeaderElection211 PRE_VOTE round 0: submit vote requests at term 5 for conf: {index: 11, cur=peers:[b5a25cc1-46d3-4381-a194-bd68f4526f1c|127.0.0.1:15031, 0df1231c-9f8a-4757-a7d0-f6d7f53bc482|127.0.0.1:15023, 8eb9963e-bce0-4155-aea2-e442cadff8bd|127.0.0.1:15015]|listeners:[], old=null}
2025-09-19 20:45:20,132 [8eb9963e-bce0-4155-aea2-e442cadff8bd@group-715EBF8096A7-LeaderElection211] INFO  impl.LeaderElection (LogUtils.java:infoOrTrace(142)) - 8eb9963e-bce0-4155-aea2-e442cadff8bd@group-715EBF8096A7-LeaderElection211 got exception when requesting votes: java.util.concurrent.ExecutionException: org.apache.ratis.thirdparty.io.grpc.StatusRuntimeException: UNAVAILABLE: io exception
2025-09-19 20:45:20,133 [8eb9963e-bce0-4155-aea2-e442cadff8bd@group-715EBF8096A7-LeaderElection211] INFO  impl.LeaderElection (LogUtils.java:infoOrTrace(142)) - 8eb9963e-bce0-4155-aea2-e442cadff8bd@group-715EBF8096A7-LeaderElection211 got exception when requesting votes: java.util.concurrent.ExecutionException: org.apache.ratis.thirdparty.io.grpc.StatusRuntimeException: UNAVAILABLE: io exception
2025-09-19 20:45:20,133 [8eb9963e-bce0-4155-aea2-e442cadff8bd@group-715EBF8096A7-LeaderElection211] INFO  impl.LeaderElection (LeaderElection.java:logAndReturn(206)) - 8eb9963e-bce0-4155-aea2-e442cadff8bd@group-715EBF8096A7-LeaderElection211: PRE_VOTE REJECTED received 0 response(s) and 2 exception(s):
2025-09-19 20:45:20,133 [8eb9963e-bce0-4155-aea2-e442cadff8bd@group-715EBF8096A7-LeaderElection211] INFO  impl.LeaderElection (LogUtils.java:infoOrTrace(142)) -   Exception 0: java.util.concurrent.ExecutionException: org.apache.ratis.thirdparty.io.grpc.StatusRuntimeException: UNAVAILABLE: io exception
2025-09-19 20:45:20,133 [8eb9963e-bce0-4155-aea2-e442cadff8bd@group-715EBF8096A7-LeaderElection211] INFO  impl.LeaderElection (LogUtils.java:infoOrTrace(142)) -   Exception 1: java.util.concurrent.ExecutionException: org.apache.ratis.thirdparty.io.grpc.StatusRuntimeException: UNAVAILABLE: io exception
2025-09-19 20:45:20,133 [8eb9963e-bce0-4155-aea2-e442cadff8bd@group-715EBF8096A7-LeaderElection211] INFO  impl.LeaderElection (LeaderElection.java:askForVotes(450)) - 8eb9963e-bce0-4155-aea2-e442cadff8bd@group-715EBF8096A7-LeaderElection211 PRE_VOTE round 0: result REJECTED
2025-09-19 20:45:20,133 [8eb9963e-bce0-4155-aea2-e442cadff8bd@group-715EBF8096A7-LeaderElection211] INFO  server.RaftServer$Division (RaftServerImpl.java:setRole(392)) - 8eb9963e-bce0-4155-aea2-e442cadff8bd@group-715EBF8096A7: changes role from CANDIDATE to FOLLOWER at term 5 for REJECTED
2025-09-19 20:45:20,133 [8eb9963e-bce0-4155-aea2-e442cadff8bd@group-715EBF8096A7-LeaderElection211] INFO  impl.RoleInfo (RoleInfo.java:shutdownLeaderElection(141)) - 8eb9963e-bce0-4155-aea2-e442cadff8bd: shutdown 8eb9963e-bce0-4155-aea2-e442cadff8bd@group-715EBF8096A7-LeaderElection211
2025-09-19 20:45:20,133 [8eb9963e-bce0-4155-aea2-e442cadff8bd@group-715EBF8096A7-LeaderElection211] INFO  impl.RoleInfo (RoleInfo.java:updateAndGet(148)) - 8eb9963e-bce0-4155-aea2-e442cadff8bd: start 8eb9963e-bce0-4155-aea2-e442cadff8bd@group-715EBF8096A7-FollowerState
2025-09-19 20:45:20,194 [8eb9963e-bce0-4155-aea2-e442cadff8bd@group-A751954341BD-FollowerState] INFO  impl.FollowerState (FollowerState.java:runImpl(161)) - 8eb9963e-bce0-4155-aea2-e442cadff8bd@group-A751954341BD-FollowerState: change to CANDIDATE, lastRpcElapsedTime:1039544909ns, electionTimeout:1039ms
2025-09-19 20:45:20,195 [8eb9963e-bce0-4155-aea2-e442cadff8bd@group-A751954341BD-FollowerState] INFO  impl.RoleInfo (RoleInfo.java:shutdownFollowerState(121)) - 8eb9963e-bce0-4155-aea2-e442cadff8bd: shutdown 8eb9963e-bce0-4155-aea2-e442cadff8bd@group-A751954341BD-FollowerState
2025-09-19 20:45:20,195 [8eb9963e-bce0-4155-aea2-e442cadff8bd@group-A751954341BD-FollowerState] INFO  server.RaftServer$Division (RaftServerImpl.java:setRole(392)) - 8eb9963e-bce0-4155-aea2-e442cadff8bd@group-A751954341BD: changes role from  FOLLOWER to CANDIDATE at term 2 for changeToCandidate
2025-09-19 20:45:20,195 [8eb9963e-bce0-4155-aea2-e442cadff8bd@group-A751954341BD-FollowerState] INFO  impl.RoleInfo (RoleInfo.java:updateAndGet(148)) - 8eb9963e-bce0-4155-aea2-e442cadff8bd: start 8eb9963e-bce0-4155-aea2-e442cadff8bd@group-A751954341BD-LeaderElection212
2025-09-19 20:45:20,195 [8eb9963e-bce0-4155-aea2-e442cadff8bd@group-A751954341BD-LeaderElection212] INFO  impl.LeaderElection (LeaderElection.java:askForVotes(448)) - 8eb9963e-bce0-4155-aea2-e442cadff8bd@group-A751954341BD-LeaderElection212 PRE_VOTE round 0: submit vote requests at term 2 for conf: {index: 1, cur=peers:[b5a25cc1-46d3-4381-a194-bd68f4526f1c|127.0.0.1:15031, 0df1231c-9f8a-4757-a7d0-f6d7f53bc482|127.0.0.1:15023, 8eb9963e-bce0-4155-aea2-e442cadff8bd|127.0.0.1:15015]|listeners:[], old=null}
2025-09-19 20:45:20,195 [8eb9963e-bce0-4155-aea2-e442cadff8bd@group-A751954341BD-LeaderElection212] INFO  impl.LeaderElection (LogUtils.java:infoOrTrace(142)) - 8eb9963e-bce0-4155-aea2-e442cadff8bd@group-A751954341BD-LeaderElection212 got exception when requesting votes: java.util.concurrent.ExecutionException: org.apache.ratis.thirdparty.io.grpc.StatusRuntimeException: UNAVAILABLE: io exception
2025-09-19 20:45:20,196 [8eb9963e-bce0-4155-aea2-e442cadff8bd@group-A751954341BD-LeaderElection212] INFO  impl.LeaderElection (LogUtils.java:infoOrTrace(142)) - 8eb9963e-bce0-4155-aea2-e442cadff8bd@group-A751954341BD-LeaderElection212 got exception when requesting votes: java.util.concurrent.ExecutionException: org.apache.ratis.thirdparty.io.grpc.StatusRuntimeException: UNAVAILABLE: io exception
2025-09-19 20:45:20,196 [8eb9963e-bce0-4155-aea2-e442cadff8bd@group-A751954341BD-LeaderElection212] INFO  impl.LeaderElection (LeaderElection.java:logAndReturn(206)) - 8eb9963e-bce0-4155-aea2-e442cadff8bd@group-A751954341BD-LeaderElection212: PRE_VOTE REJECTED received 0 response(s) and 2 exception(s):
2025-09-19 20:45:20,196 [8eb9963e-bce0-4155-aea2-e442cadff8bd@group-A751954341BD-LeaderElection212] INFO  impl.LeaderElection (LogUtils.java:infoOrTrace(142)) -   Exception 0: java.util.concurrent.ExecutionException: org.apache.ratis.thirdparty.io.grpc.StatusRuntimeException: UNAVAILABLE: io exception
2025-09-19 20:45:20,196 [8eb9963e-bce0-4155-aea2-e442cadff8bd@group-A751954341BD-LeaderElection212] INFO  impl.LeaderElection (LogUtils.java:infoOrTrace(142)) -   Exception 1: java.util.concurrent.ExecutionException: org.apache.ratis.thirdparty.io.grpc.StatusRuntimeException: UNAVAILABLE: io exception
2025-09-19 20:45:20,196 [8eb9963e-bce0-4155-aea2-e442cadff8bd@group-A751954341BD-LeaderElection212] INFO  impl.LeaderElection (LeaderElection.java:askForVotes(450)) - 8eb9963e-bce0-4155-aea2-e442cadff8bd@group-A751954341BD-LeaderElection212 PRE_VOTE round 0: result REJECTED
2025-09-19 20:45:20,196 [8eb9963e-bce0-4155-aea2-e442cadff8bd@group-A751954341BD-LeaderElection212] INFO  server.RaftServer$Division (RaftServerImpl.java:setRole(392)) - 8eb9963e-bce0-4155-aea2-e442cadff8bd@group-A751954341BD: changes role from CANDIDATE to FOLLOWER at term 2 for REJECTED
2025-09-19 20:45:20,196 [8eb9963e-bce0-4155-aea2-e442cadff8bd@group-A751954341BD-LeaderElection212] INFO  impl.RoleInfo (RoleInfo.java:shutdownLeaderElection(141)) - 8eb9963e-bce0-4155-aea2-e442cadff8bd: shutdown 8eb9963e-bce0-4155-aea2-e442cadff8bd@group-A751954341BD-LeaderElection212
2025-09-19 20:45:20,196 [8eb9963e-bce0-4155-aea2-e442cadff8bd@group-A751954341BD-LeaderElection212] INFO  impl.RoleInfo (RoleInfo.java:updateAndGet(148)) - 8eb9963e-bce0-4155-aea2-e442cadff8bd: start 8eb9963e-bce0-4155-aea2-e442cadff8bd@group-A751954341BD-FollowerState
2025-09-19 20:45:20,841 [b5a25cc1-46d3-4381-a194-bd68f4526f1c@group-715EBF8096A7-FollowerState] INFO  impl.FollowerState (FollowerState.java:runImpl(161)) - b5a25cc1-46d3-4381-a194-bd68f4526f1c@group-715EBF8096A7-FollowerState: change to CANDIDATE, lastRpcElapsedTime:1000404046ns, electionTimeout:1000ms
2025-09-19 20:45:20,841 [b5a25cc1-46d3-4381-a194-bd68f4526f1c@group-715EBF8096A7-FollowerState] INFO  impl.RoleInfo (RoleInfo.java:shutdownFollowerState(121)) - b5a25cc1-46d3-4381-a194-bd68f4526f1c: shutdown b5a25cc1-46d3-4381-a194-bd68f4526f1c@group-715EBF8096A7-FollowerState
2025-09-19 20:45:20,842 [b5a25cc1-46d3-4381-a194-bd68f4526f1c@group-715EBF8096A7-FollowerState] INFO  server.RaftServer$Division (RaftServerImpl.java:setRole(392)) - b5a25cc1-46d3-4381-a194-bd68f4526f1c@group-715EBF8096A7: changes role from  FOLLOWER to CANDIDATE at term 4 for changeToCandidate
2025-09-19 20:45:20,842 [b5a25cc1-46d3-4381-a194-bd68f4526f1c@group-715EBF8096A7-FollowerState] INFO  impl.RoleInfo (RoleInfo.java:updateAndGet(148)) - b5a25cc1-46d3-4381-a194-bd68f4526f1c: start b5a25cc1-46d3-4381-a194-bd68f4526f1c@group-715EBF8096A7-LeaderElection213
2025-09-19 20:45:20,842 [b5a25cc1-46d3-4381-a194-bd68f4526f1c@group-715EBF8096A7-LeaderElection213] INFO  impl.LeaderElection (LeaderElection.java:askForVotes(448)) - b5a25cc1-46d3-4381-a194-bd68f4526f1c@group-715EBF8096A7-LeaderElection213 PRE_VOTE round 0: submit vote requests at term 4 for conf: {index: 9, cur=peers:[b5a25cc1-46d3-4381-a194-bd68f4526f1c|127.0.0.1:15031, 0df1231c-9f8a-4757-a7d0-f6d7f53bc482|127.0.0.1:15023, 8eb9963e-bce0-4155-aea2-e442cadff8bd|127.0.0.1:15015]|listeners:[], old=null}
2025-09-19 20:45:20,842 [b5a25cc1-46d3-4381-a194-bd68f4526f1c@group-715EBF8096A7-LeaderElection213-1] INFO  server.GrpcServerProtocolClient (GrpcServerProtocolClient.java:<init>(65)) - Build channel for 0df1231c-9f8a-4757-a7d0-f6d7f53bc482|127.0.0.1:15023
2025-09-19 20:45:20,842 [b5a25cc1-46d3-4381-a194-bd68f4526f1c@group-715EBF8096A7-LeaderElection213-2] INFO  server.GrpcServerProtocolClient (GrpcServerProtocolClient.java:<init>(65)) - Build channel for 8eb9963e-bce0-4155-aea2-e442cadff8bd|127.0.0.1:15015
2025-09-19 20:45:20,845 [grpc-default-executor-5] INFO  server.RaftServer$Division (RaftServerImpl.java:requestVote(1421)) - 8eb9963e-bce0-4155-aea2-e442cadff8bd@group-715EBF8096A7: receive requestVote(PRE_VOTE, b5a25cc1-46d3-4381-a194-bd68f4526f1c, group-715EBF8096A7, 4, (t:4, i:10))
2025-09-19 20:45:20,845 [grpc-default-executor-5] INFO  impl.VoteContext (VoteContext.java:log(49)) - 8eb9963e-bce0-4155-aea2-e442cadff8bd@group-715EBF8096A7-FOLLOWER: reject PRE_VOTE from b5a25cc1-46d3-4381-a194-bd68f4526f1c: our last entry (t:5, i:12) > candidate's last entry (t:4, i:10)
2025-09-19 20:45:20,845 [grpc-default-executor-5] INFO  server.RaftServer$Division (RaftServerImpl.java:requestVote(1455)) - 8eb9963e-bce0-4155-aea2-e442cadff8bd@group-715EBF8096A7 replies to PRE_VOTE vote request: b5a25cc1-46d3-4381-a194-bd68f4526f1c<-8eb9963e-bce0-4155-aea2-e442cadff8bd#0:FAIL-t5-last:(t:5, i:12). Peer's state: 8eb9963e-bce0-4155-aea2-e442cadff8bd@group-715EBF8096A7:t5, leader=null, voted=0df1231c-9f8a-4757-a7d0-f6d7f53bc482, raftlog=Memoized:8eb9963e-bce0-4155-aea2-e442cadff8bd@group-715EBF8096A7-SegmentedRaftLog:OPENED:c12:last(t:5, i:12), conf=conf: {index: 11, cur=peers:[b5a25cc1-46d3-4381-a194-bd68f4526f1c|127.0.0.1:15031, 0df1231c-9f8a-4757-a7d0-f6d7f53bc482|127.0.0.1:15023, 8eb9963e-bce0-4155-aea2-e442cadff8bd|127.0.0.1:15015]|listeners:[], old=null}
2025-09-19 20:45:20,845 [grpc-default-executor-9] INFO  server.RaftServer$Division (RaftServerImpl.java:requestVote(1421)) - 0df1231c-9f8a-4757-a7d0-f6d7f53bc482@group-715EBF8096A7: receive requestVote(PRE_VOTE, b5a25cc1-46d3-4381-a194-bd68f4526f1c, group-715EBF8096A7, 4, (t:4, i:10))
2025-09-19 20:45:20,846 [grpc-default-executor-9] INFO  impl.VoteContext (VoteContext.java:log(49)) - 0df1231c-9f8a-4757-a7d0-f6d7f53bc482@group-715EBF8096A7-FOLLOWER: reject PRE_VOTE from b5a25cc1-46d3-4381-a194-bd68f4526f1c: our last entry (t:5, i:12) > candidate's last entry (t:4, i:10)
2025-09-19 20:45:20,846 [grpc-default-executor-9] INFO  server.RaftServer$Division (RaftServerImpl.java:requestVote(1455)) - 0df1231c-9f8a-4757-a7d0-f6d7f53bc482@group-715EBF8096A7 replies to PRE_VOTE vote request: b5a25cc1-46d3-4381-a194-bd68f4526f1c<-0df1231c-9f8a-4757-a7d0-f6d7f53bc482#0:FAIL-t5-last:(t:5, i:12). Peer's state: 0df1231c-9f8a-4757-a7d0-f6d7f53bc482@group-715EBF8096A7:t5, leader=null, voted=0df1231c-9f8a-4757-a7d0-f6d7f53bc482, raftlog=Memoized:0df1231c-9f8a-4757-a7d0-f6d7f53bc482@group-715EBF8096A7-SegmentedRaftLog:OPENED:c12:last(t:5, i:12), conf=conf: {index: 11, cur=peers:[b5a25cc1-46d3-4381-a194-bd68f4526f1c|127.0.0.1:15031, 0df1231c-9f8a-4757-a7d0-f6d7f53bc482|127.0.0.1:15023, 8eb9963e-bce0-4155-aea2-e442cadff8bd|127.0.0.1:15015]|listeners:[], old=null}
2025-09-19 20:45:20,846 [b5a25cc1-46d3-4381-a194-bd68f4526f1c@group-715EBF8096A7-LeaderElection213] INFO  impl.LeaderElection (LeaderElection.java:logAndReturn(206)) - b5a25cc1-46d3-4381-a194-bd68f4526f1c@group-715EBF8096A7-LeaderElection213: PRE_VOTE DISCOVERED_A_NEW_TERM (term=5) received 1 response(s) and 0 exception(s):
2025-09-19 20:45:20,846 [b5a25cc1-46d3-4381-a194-bd68f4526f1c@group-715EBF8096A7-LeaderElection213] INFO  impl.LeaderElection (LeaderElection.java:logAndReturn(210)) -   Response 0: b5a25cc1-46d3-4381-a194-bd68f4526f1c<-0df1231c-9f8a-4757-a7d0-f6d7f53bc482#0:FAIL-t5-last:(t:5, i:12)
2025-09-19 20:45:20,846 [b5a25cc1-46d3-4381-a194-bd68f4526f1c@group-715EBF8096A7-LeaderElection213] INFO  impl.LeaderElection (LeaderElection.java:askForVotes(450)) - b5a25cc1-46d3-4381-a194-bd68f4526f1c@group-715EBF8096A7-LeaderElection213 PRE_VOTE round 0: result DISCOVERED_A_NEW_TERM (term=5)
2025-09-19 20:45:20,846 [b5a25cc1-46d3-4381-a194-bd68f4526f1c@group-715EBF8096A7-LeaderElection213] INFO  server.RaftServer$Division (RaftServerImpl.java:setRole(392)) - b5a25cc1-46d3-4381-a194-bd68f4526f1c@group-715EBF8096A7: changes role from CANDIDATE to FOLLOWER at term 4 for DISCOVERED_A_NEW_TERM (term=5)
2025-09-19 20:45:20,846 [b5a25cc1-46d3-4381-a194-bd68f4526f1c@group-715EBF8096A7-LeaderElection213] INFO  impl.RoleInfo (RoleInfo.java:shutdownLeaderElection(141)) - b5a25cc1-46d3-4381-a194-bd68f4526f1c: shutdown b5a25cc1-46d3-4381-a194-bd68f4526f1c@group-715EBF8096A7-LeaderElection213
2025-09-19 20:45:20,846 [b5a25cc1-46d3-4381-a194-bd68f4526f1c@group-715EBF8096A7-LeaderElection213] INFO  impl.RoleInfo (RoleInfo.java:updateAndGet(148)) - b5a25cc1-46d3-4381-a194-bd68f4526f1c: start b5a25cc1-46d3-4381-a194-bd68f4526f1c@group-715EBF8096A7-FollowerState
2025-09-19 20:45:20,847 [b5a25cc1-46d3-4381-a194-bd68f4526f1c@group-715EBF8096A7-LeaderElection213] INFO  server.RaftServer$Division (RaftServerImpl.java:setFirstElection(576)) - b5a25cc1-46d3-4381-a194-bd68f4526f1c@group-715EBF8096A7: set firstElectionSinceStartup to false for DISCOVERED_A_NEW_TERM (term=5)
2025-09-19 20:45:20,882 [b5a25cc1-46d3-4381-a194-bd68f4526f1c@group-88B5B3DD1307-FollowerState] INFO  impl.FollowerState (FollowerState.java:runImpl(161)) - b5a25cc1-46d3-4381-a194-bd68f4526f1c@group-88B5B3DD1307-FollowerState: change to CANDIDATE, lastRpcElapsedTime:1040143675ns, electionTimeout:1039ms
2025-09-19 20:45:20,882 [b5a25cc1-46d3-4381-a194-bd68f4526f1c@group-88B5B3DD1307-FollowerState] INFO  impl.RoleInfo (RoleInfo.java:shutdownFollowerState(121)) - b5a25cc1-46d3-4381-a194-bd68f4526f1c: shutdown b5a25cc1-46d3-4381-a194-bd68f4526f1c@group-88B5B3DD1307-FollowerState
2025-09-19 20:45:20,882 [b5a25cc1-46d3-4381-a194-bd68f4526f1c@group-88B5B3DD1307-FollowerState] INFO  server.RaftServer$Division (RaftServerImpl.java:setRole(392)) - b5a25cc1-46d3-4381-a194-bd68f4526f1c@group-88B5B3DD1307: changes role from  FOLLOWER to CANDIDATE at term 2 for changeToCandidate
2025-09-19 20:45:20,882 [b5a25cc1-46d3-4381-a194-bd68f4526f1c@group-88B5B3DD1307-FollowerState] INFO  impl.RoleInfo (RoleInfo.java:updateAndGet(148)) - b5a25cc1-46d3-4381-a194-bd68f4526f1c: start b5a25cc1-46d3-4381-a194-bd68f4526f1c@group-88B5B3DD1307-LeaderElection214
2025-09-19 20:45:20,883 [b5a25cc1-46d3-4381-a194-bd68f4526f1c@group-88B5B3DD1307-LeaderElection214] INFO  impl.LeaderElection (LeaderElection.java:askForVotes(448)) - b5a25cc1-46d3-4381-a194-bd68f4526f1c@group-88B5B3DD1307-LeaderElection214 PRE_VOTE round 0: submit vote requests at term 2 for conf: {index: 1, cur=peers:[b5a25cc1-46d3-4381-a194-bd68f4526f1c|127.0.0.1:15031]|listeners:[], old=null}
2025-09-19 20:45:20,883 [b5a25cc1-46d3-4381-a194-bd68f4526f1c@group-88B5B3DD1307-LeaderElection214] INFO  impl.LeaderElection (LeaderElection.java:askForVotes(450)) - b5a25cc1-46d3-4381-a194-bd68f4526f1c@group-88B5B3DD1307-LeaderElection214 PRE_VOTE round 0: result PASSED (term=2)
2025-09-19 20:45:20,884 [b5a25cc1-46d3-4381-a194-bd68f4526f1c@group-88B5B3DD1307-LeaderElection214] INFO  impl.LeaderElection (LeaderElection.java:askForVotes(448)) - b5a25cc1-46d3-4381-a194-bd68f4526f1c@group-88B5B3DD1307-LeaderElection214 ELECTION round 0: submit vote requests at term 3 for conf: {index: 1, cur=peers:[b5a25cc1-46d3-4381-a194-bd68f4526f1c|127.0.0.1:15031]|listeners:[], old=null}
2025-09-19 20:45:20,884 [b5a25cc1-46d3-4381-a194-bd68f4526f1c@group-88B5B3DD1307-LeaderElection214] INFO  impl.LeaderElection (LeaderElection.java:askForVotes(450)) - b5a25cc1-46d3-4381-a194-bd68f4526f1c@group-88B5B3DD1307-LeaderElection214 ELECTION round 0: result PASSED (term=3)
2025-09-19 20:45:20,884 [b5a25cc1-46d3-4381-a194-bd68f4526f1c@group-88B5B3DD1307-LeaderElection214] INFO  impl.RoleInfo (RoleInfo.java:shutdownLeaderElection(141)) - b5a25cc1-46d3-4381-a194-bd68f4526f1c: shutdown b5a25cc1-46d3-4381-a194-bd68f4526f1c@group-88B5B3DD1307-LeaderElection214
2025-09-19 20:45:20,884 [b5a25cc1-46d3-4381-a194-bd68f4526f1c@group-88B5B3DD1307-LeaderElection214] INFO  server.RaftServer$Division (RaftServerImpl.java:setRole(392)) - b5a25cc1-46d3-4381-a194-bd68f4526f1c@group-88B5B3DD1307: changes role from CANDIDATE to LEADER at term 3 for changeToLeader
2025-09-19 20:45:20,884 [b5a25cc1-46d3-4381-a194-bd68f4526f1c@group-88B5B3DD1307-LeaderElection214] INFO  server.RaftServerConfigKeys (ConfUtils.java:logFallback(69)) - raft.server.staging.timeout = 3600ms (fallback to raft.server.rpc.timeout.max)
2025-09-19 20:45:20,884 [b5a25cc1-46d3-4381-a194-bd68f4526f1c@group-88B5B3DD1307-LeaderElection214] INFO  server.RaftServerConfigKeys (ConfUtils.java:logGet(62)) - raft.server.write.byte-limit = 1024 M (=1073741824) (custom)
2025-09-19 20:45:20,885 [b5a25cc1-46d3-4381-a194-bd68f4526f1c@group-88B5B3DD1307-LeaderElection214] INFO  impl.RoleInfo (RoleInfo.java:updateAndGet(148)) - b5a25cc1-46d3-4381-a194-bd68f4526f1c: start b5a25cc1-46d3-4381-a194-bd68f4526f1c@group-88B5B3DD1307-LeaderStateImpl
2025-09-19 20:45:20,885 [b5a25cc1-46d3-4381-a194-bd68f4526f1c@group-88B5B3DD1307-LeaderElection214] INFO  server.RaftServer$Division (RaftServerImpl.java:setFirstElection(576)) - b5a25cc1-46d3-4381-a194-bd68f4526f1c@group-88B5B3DD1307: set firstElectionSinceStartup to false for becomeLeader
2025-09-19 20:45:20,885 [b5a25cc1-46d3-4381-a194-bd68f4526f1c@group-88B5B3DD1307-LeaderElection214] INFO  ratis.XceiverServerRatis (XceiverServerRatis.java:handleLeaderChangedNotification(942)) - Leader change notification received for group: group-88B5B3DD1307 with new leaderId: b5a25cc1-46d3-4381-a194-bd68f4526f1c
2025-09-19 20:45:20,885 [b5a25cc1-46d3-4381-a194-bd68f4526f1c@group-88B5B3DD1307-LeaderElection214] INFO  server.RaftServer$Division (ServerState.java:setLeader(272)) - b5a25cc1-46d3-4381-a194-bd68f4526f1c@group-88B5B3DD1307: change Leader from null to b5a25cc1-46d3-4381-a194-bd68f4526f1c at term 3 for becomeLeader, leader elected after 1772ms
2025-09-19 20:45:20,885 [b5a25cc1-46d3-4381-a194-bd68f4526f1c@group-88B5B3DD1307-LeaderElection214] INFO  segmented.SegmentedRaftLogWorker (SegmentedRaftLogWorker.java:rollLogSegment(445)) - b5a25cc1-46d3-4381-a194-bd68f4526f1c@group-88B5B3DD1307-SegmentedRaftLogWorker: Rolling segment log-1_2 to index:2
2025-09-19 20:45:20,885 [b5a25cc1-46d3-4381-a194-bd68f4526f1c@group-88B5B3DD1307-LeaderElection214] INFO  server.RaftServer$Division (ServerState.java:setRaftConf(386)) - b5a25cc1-46d3-4381-a194-bd68f4526f1c@group-88B5B3DD1307: set configuration conf: {index: 3, cur=peers:[b5a25cc1-46d3-4381-a194-bd68f4526f1c|127.0.0.1:15031]|listeners:[], old=null}
2025-09-19 20:45:20,886 [b5a25cc1-46d3-4381-a194-bd68f4526f1c@group-88B5B3DD1307-SegmentedRaftLogWorker] INFO  segmented.SegmentedRaftLogWorker (SegmentedRaftLogWorker.java:execute(604)) - b5a25cc1-46d3-4381-a194-bd68f4526f1c@group-88B5B3DD1307-SegmentedRaftLogWorker: Rolled log segment from /home/runner/work/ozone/ozone/hadoop-ozone/integration-test/target/test-dir/MiniOzoneClusterImpl-990002c2-bb69-4aa2-bd68-28a5e13e86ef/ozone-metadata/datanode-3/ratis/7b6acda8-b144-4fc3-891d-88b5b3dd1307/current/log_inprogress_1 to /home/runner/work/ozone/ozone/hadoop-ozone/integration-test/target/test-dir/MiniOzoneClusterImpl-990002c2-bb69-4aa2-bd68-28a5e13e86ef/ozone-metadata/datanode-3/ratis/7b6acda8-b144-4fc3-891d-88b5b3dd1307/current/log_1-2
2025-09-19 20:45:20,886 [b5a25cc1-46d3-4381-a194-bd68f4526f1c@group-88B5B3DD1307-SegmentedRaftLogWorker] INFO  segmented.BufferedWriteChannel (BufferedWriteChannel.java:open(61)) - open log_inprogress_3 at position 0
2025-09-19 20:45:20,891 [b5a25cc1-46d3-4381-a194-bd68f4526f1c@group-88B5B3DD1307-SegmentedRaftLogWorker] INFO  segmented.SegmentedRaftLogWorker (SegmentedRaftLogWorker.java:execute(647)) - b5a25cc1-46d3-4381-a194-bd68f4526f1c@group-88B5B3DD1307-SegmentedRaftLogWorker: created new log segment /home/runner/work/ozone/ozone/hadoop-ozone/integration-test/target/test-dir/MiniOzoneClusterImpl-990002c2-bb69-4aa2-bd68-28a5e13e86ef/ozone-metadata/datanode-3/ratis/7b6acda8-b144-4fc3-891d-88b5b3dd1307/current/log_inprogress_3
2025-09-19 20:45:20,892 [b5a25cc1-46d3-4381-a194-bd68f4526f1c@group-88B5B3DD1307-StateMachineUpdater] INFO  server.RaftServer$Division (LeaderStateImpl.java:checkStartIndex(309)) - Leader b5a25cc1-46d3-4381-a194-bd68f4526f1c@group-88B5B3DD1307-LeaderStateImpl is ready since appliedIndex == startIndex == 3
2025-09-19 20:45:20,896 [b5a25cc1-46d3-4381-a194-bd68f4526f1c@group-A751954341BD-FollowerState] INFO  impl.FollowerState (FollowerState.java:runImpl(161)) - b5a25cc1-46d3-4381-a194-bd68f4526f1c@group-A751954341BD-FollowerState: change to CANDIDATE, lastRpcElapsedTime:1063429172ns, electionTimeout:1063ms
2025-09-19 20:45:20,896 [b5a25cc1-46d3-4381-a194-bd68f4526f1c@group-A751954341BD-FollowerState] INFO  impl.RoleInfo (RoleInfo.java:shutdownFollowerState(121)) - b5a25cc1-46d3-4381-a194-bd68f4526f1c: shutdown b5a25cc1-46d3-4381-a194-bd68f4526f1c@group-A751954341BD-FollowerState
2025-09-19 20:45:20,896 [b5a25cc1-46d3-4381-a194-bd68f4526f1c@group-A751954341BD-FollowerState] INFO  server.RaftServer$Division (RaftServerImpl.java:setRole(392)) - b5a25cc1-46d3-4381-a194-bd68f4526f1c@group-A751954341BD: changes role from  FOLLOWER to CANDIDATE at term 2 for changeToCandidate
2025-09-19 20:45:20,896 [b5a25cc1-46d3-4381-a194-bd68f4526f1c@group-A751954341BD-FollowerState] INFO  impl.RoleInfo (RoleInfo.java:updateAndGet(148)) - b5a25cc1-46d3-4381-a194-bd68f4526f1c: start b5a25cc1-46d3-4381-a194-bd68f4526f1c@group-A751954341BD-LeaderElection215
2025-09-19 20:45:20,896 [b5a25cc1-46d3-4381-a194-bd68f4526f1c@group-A751954341BD-LeaderElection215] INFO  impl.LeaderElection (LeaderElection.java:askForVotes(448)) - b5a25cc1-46d3-4381-a194-bd68f4526f1c@group-A751954341BD-LeaderElection215 PRE_VOTE round 0: submit vote requests at term 2 for conf: {index: 1, cur=peers:[b5a25cc1-46d3-4381-a194-bd68f4526f1c|127.0.0.1:15031, 0df1231c-9f8a-4757-a7d0-f6d7f53bc482|127.0.0.1:15023, 8eb9963e-bce0-4155-aea2-e442cadff8bd|127.0.0.1:15015]|listeners:[], old=null}
2025-09-19 20:45:20,898 [grpc-default-executor-5] INFO  server.RaftServer$Division (RaftServerImpl.java:requestVote(1421)) - 8eb9963e-bce0-4155-aea2-e442cadff8bd@group-A751954341BD: receive requestVote(PRE_VOTE, b5a25cc1-46d3-4381-a194-bd68f4526f1c, group-A751954341BD, 2, (t:2, i:14))
2025-09-19 20:45:20,898 [grpc-default-executor-5] INFO  impl.VoteContext (VoteContext.java:log(49)) - 8eb9963e-bce0-4155-aea2-e442cadff8bd@group-A751954341BD-FOLLOWER: reject PRE_VOTE from b5a25cc1-46d3-4381-a194-bd68f4526f1c: our priority 1 > candidate's priority 0
2025-09-19 20:45:20,898 [grpc-default-executor-5] INFO  server.RaftServer$Division (RaftServerImpl.java:requestVote(1455)) - 8eb9963e-bce0-4155-aea2-e442cadff8bd@group-A751954341BD replies to PRE_VOTE vote request: b5a25cc1-46d3-4381-a194-bd68f4526f1c<-8eb9963e-bce0-4155-aea2-e442cadff8bd#0:FAIL-t2-last:(t:2, i:14). Peer's state: 8eb9963e-bce0-4155-aea2-e442cadff8bd@group-A751954341BD:t2, leader=null, voted=8eb9963e-bce0-4155-aea2-e442cadff8bd, raftlog=Memoized:8eb9963e-bce0-4155-aea2-e442cadff8bd@group-A751954341BD-SegmentedRaftLog:OPENED:c14:last(t:2, i:14), conf=conf: {index: 1, cur=peers:[b5a25cc1-46d3-4381-a194-bd68f4526f1c|127.0.0.1:15031, 0df1231c-9f8a-4757-a7d0-f6d7f53bc482|127.0.0.1:15023, 8eb9963e-bce0-4155-aea2-e442cadff8bd|127.0.0.1:15015]|listeners:[], old=null}
2025-09-19 20:45:20,898 [grpc-default-executor-9] INFO  server.RaftServer$Division (RaftServerImpl.java:requestVote(1421)) - 0df1231c-9f8a-4757-a7d0-f6d7f53bc482@group-A751954341BD: receive requestVote(PRE_VOTE, b5a25cc1-46d3-4381-a194-bd68f4526f1c, group-A751954341BD, 2, (t:2, i:14))
2025-09-19 20:45:20,898 [grpc-default-executor-9] INFO  impl.VoteContext (VoteContext.java:log(49)) - 0df1231c-9f8a-4757-a7d0-f6d7f53bc482@group-A751954341BD-FOLLOWER: accept PRE_VOTE from b5a25cc1-46d3-4381-a194-bd68f4526f1c: our priority 0 <= candidate's priority 0
2025-09-19 20:45:20,898 [grpc-default-executor-9] INFO  server.RaftServer$Division (RaftServerImpl.java:requestVote(1455)) - 0df1231c-9f8a-4757-a7d0-f6d7f53bc482@group-A751954341BD replies to PRE_VOTE vote request: b5a25cc1-46d3-4381-a194-bd68f4526f1c<-0df1231c-9f8a-4757-a7d0-f6d7f53bc482#0:OK-t2-last:(t:2, i:14). Peer's state: 0df1231c-9f8a-4757-a7d0-f6d7f53bc482@group-A751954341BD:t2, leader=null, voted=, raftlog=Memoized:0df1231c-9f8a-4757-a7d0-f6d7f53bc482@group-A751954341BD-SegmentedRaftLog:OPENED:c14:last(t:2, i:14), conf=conf: {index: 1, cur=peers:[b5a25cc1-46d3-4381-a194-bd68f4526f1c|127.0.0.1:15031, 0df1231c-9f8a-4757-a7d0-f6d7f53bc482|127.0.0.1:15023, 8eb9963e-bce0-4155-aea2-e442cadff8bd|127.0.0.1:15015]|listeners:[], old=null}
2025-09-19 20:45:20,899 [b5a25cc1-46d3-4381-a194-bd68f4526f1c@group-A751954341BD-LeaderElection215] INFO  impl.LeaderElection (LeaderElection.java:logAndReturn(206)) - b5a25cc1-46d3-4381-a194-bd68f4526f1c@group-A751954341BD-LeaderElection215: PRE_VOTE REJECTED received 2 response(s) and 0 exception(s):
2025-09-19 20:45:20,899 [b5a25cc1-46d3-4381-a194-bd68f4526f1c@group-A751954341BD-LeaderElection215] INFO  impl.LeaderElection (LeaderElection.java:logAndReturn(210)) -   Response 0: b5a25cc1-46d3-4381-a194-bd68f4526f1c<-0df1231c-9f8a-4757-a7d0-f6d7f53bc482#0:OK-t2-last:(t:2, i:14)
2025-09-19 20:45:20,899 [b5a25cc1-46d3-4381-a194-bd68f4526f1c@group-A751954341BD-LeaderElection215] INFO  impl.LeaderElection (LeaderElection.java:logAndReturn(210)) -   Response 1: b5a25cc1-46d3-4381-a194-bd68f4526f1c<-8eb9963e-bce0-4155-aea2-e442cadff8bd#0:FAIL-t2-last:(t:2, i:14)
2025-09-19 20:45:20,899 [b5a25cc1-46d3-4381-a194-bd68f4526f1c@group-A751954341BD-LeaderElection215] INFO  impl.LeaderElection (LeaderElection.java:askForVotes(450)) - b5a25cc1-46d3-4381-a194-bd68f4526f1c@group-A751954341BD-LeaderElection215 PRE_VOTE round 0: result REJECTED
2025-09-19 20:45:20,899 [b5a25cc1-46d3-4381-a194-bd68f4526f1c@group-A751954341BD-LeaderElection215] INFO  server.RaftServer$Division (RaftServerImpl.java:setRole(392)) - b5a25cc1-46d3-4381-a194-bd68f4526f1c@group-A751954341BD: changes role from CANDIDATE to FOLLOWER at term 2 for REJECTED
2025-09-19 20:45:20,899 [b5a25cc1-46d3-4381-a194-bd68f4526f1c@group-A751954341BD-LeaderElection215] INFO  impl.RoleInfo (RoleInfo.java:shutdownLeaderElection(141)) - b5a25cc1-46d3-4381-a194-bd68f4526f1c: shutdown b5a25cc1-46d3-4381-a194-bd68f4526f1c@group-A751954341BD-LeaderElection215
2025-09-19 20:45:20,899 [b5a25cc1-46d3-4381-a194-bd68f4526f1c@group-A751954341BD-LeaderElection215] INFO  impl.RoleInfo (RoleInfo.java:updateAndGet(148)) - b5a25cc1-46d3-4381-a194-bd68f4526f1c: start b5a25cc1-46d3-4381-a194-bd68f4526f1c@group-A751954341BD-FollowerState
2025-09-19 20:45:20,899 [b5a25cc1-46d3-4381-a194-bd68f4526f1c@group-A751954341BD-LeaderElection215] INFO  server.RaftServer$Division (RaftServerImpl.java:setFirstElection(576)) - b5a25cc1-46d3-4381-a194-bd68f4526f1c@group-A751954341BD: set firstElectionSinceStartup to false for REJECTED
2025-09-19 20:45:21,146 [0df1231c-9f8a-4757-a7d0-f6d7f53bc482@group-715EBF8096A7-FollowerState] INFO  impl.FollowerState (FollowerState.java:runImpl(161)) - 0df1231c-9f8a-4757-a7d0-f6d7f53bc482@group-715EBF8096A7-FollowerState: change to CANDIDATE, lastRpcElapsedTime:1061435481ns, electionTimeout:1061ms
2025-09-19 20:45:21,146 [0df1231c-9f8a-4757-a7d0-f6d7f53bc482@group-715EBF8096A7-FollowerState] INFO  impl.RoleInfo (RoleInfo.java:shutdownFollowerState(121)) - 0df1231c-9f8a-4757-a7d0-f6d7f53bc482: shutdown 0df1231c-9f8a-4757-a7d0-f6d7f53bc482@group-715EBF8096A7-FollowerState
2025-09-19 20:45:21,146 [0df1231c-9f8a-4757-a7d0-f6d7f53bc482@group-715EBF8096A7-FollowerState] INFO  server.RaftServer$Division (RaftServerImpl.java:setRole(392)) - 0df1231c-9f8a-4757-a7d0-f6d7f53bc482@group-715EBF8096A7: changes role from  FOLLOWER to CANDIDATE at term 5 for changeToCandidate
2025-09-19 20:45:21,146 [0df1231c-9f8a-4757-a7d0-f6d7f53bc482@group-715EBF8096A7-FollowerState] INFO  impl.RoleInfo (RoleInfo.java:updateAndGet(148)) - 0df1231c-9f8a-4757-a7d0-f6d7f53bc482: start 0df1231c-9f8a-4757-a7d0-f6d7f53bc482@group-715EBF8096A7-LeaderElection216
2025-09-19 20:45:21,146 [0df1231c-9f8a-4757-a7d0-f6d7f53bc482@group-715EBF8096A7-LeaderElection216] INFO  impl.LeaderElection (LeaderElection.java:askForVotes(448)) - 0df1231c-9f8a-4757-a7d0-f6d7f53bc482@group-715EBF8096A7-LeaderElection216 PRE_VOTE round 0: submit vote requests at term 5 for conf: {index: 11, cur=peers:[b5a25cc1-46d3-4381-a194-bd68f4526f1c|127.0.0.1:15031, 0df1231c-9f8a-4757-a7d0-f6d7f53bc482|127.0.0.1:15023, 8eb9963e-bce0-4155-aea2-e442cadff8bd|127.0.0.1:15015]|listeners:[], old=null}
2025-09-19 20:45:21,146 [0df1231c-9f8a-4757-a7d0-f6d7f53bc482@group-715EBF8096A7-LeaderElection216-1] INFO  server.GrpcServerProtocolClient (GrpcServerProtocolClient.java:<init>(65)) - Build channel for b5a25cc1-46d3-4381-a194-bd68f4526f1c|127.0.0.1:15031
2025-09-19 20:45:21,147 [0df1231c-9f8a-4757-a7d0-f6d7f53bc482@group-715EBF8096A7-LeaderElection216-2] INFO  server.GrpcServerProtocolClient (GrpcServerProtocolClient.java:<init>(65)) - Build channel for 8eb9963e-bce0-4155-aea2-e442cadff8bd|127.0.0.1:15015
2025-09-19 20:45:21,150 [grpc-default-executor-9] INFO  server.RaftServer$Division (RaftServerImpl.java:requestVote(1421)) - 8eb9963e-bce0-4155-aea2-e442cadff8bd@group-715EBF8096A7: receive requestVote(PRE_VOTE, 0df1231c-9f8a-4757-a7d0-f6d7f53bc482, group-715EBF8096A7, 5, (t:5, i:12))
2025-09-19 20:45:21,150 [grpc-default-executor-9] INFO  impl.VoteContext (VoteContext.java:log(49)) - 8eb9963e-bce0-4155-aea2-e442cadff8bd@group-715EBF8096A7-FOLLOWER: accept PRE_VOTE from 0df1231c-9f8a-4757-a7d0-f6d7f53bc482: our priority 0 <= candidate's priority 0
2025-09-19 20:45:21,150 [grpc-default-executor-9] INFO  server.RaftServer$Division (RaftServerImpl.java:requestVote(1455)) - 8eb9963e-bce0-4155-aea2-e442cadff8bd@group-715EBF8096A7 replies to PRE_VOTE vote request: 0df1231c-9f8a-4757-a7d0-f6d7f53bc482<-8eb9963e-bce0-4155-aea2-e442cadff8bd#0:OK-t5-last:(t:5, i:12). Peer's state: 8eb9963e-bce0-4155-aea2-e442cadff8bd@group-715EBF8096A7:t5, leader=null, voted=0df1231c-9f8a-4757-a7d0-f6d7f53bc482, raftlog=Memoized:8eb9963e-bce0-4155-aea2-e442cadff8bd@group-715EBF8096A7-SegmentedRaftLog:OPENED:c12:last(t:5, i:12), conf=conf: {index: 11, cur=peers:[b5a25cc1-46d3-4381-a194-bd68f4526f1c|127.0.0.1:15031, 0df1231c-9f8a-4757-a7d0-f6d7f53bc482|127.0.0.1:15023, 8eb9963e-bce0-4155-aea2-e442cadff8bd|127.0.0.1:15015]|listeners:[], old=null}
2025-09-19 20:45:21,150 [grpc-default-executor-5] INFO  server.RaftServer$Division (RaftServerImpl.java:requestVote(1421)) - b5a25cc1-46d3-4381-a194-bd68f4526f1c@group-715EBF8096A7: receive requestVote(PRE_VOTE, 0df1231c-9f8a-4757-a7d0-f6d7f53bc482, group-715EBF8096A7, 5, (t:5, i:12))
2025-09-19 20:45:21,150 [grpc-default-executor-5] INFO  impl.VoteContext (VoteContext.java:log(49)) - b5a25cc1-46d3-4381-a194-bd68f4526f1c@group-715EBF8096A7-FOLLOWER: accept PRE_VOTE from 0df1231c-9f8a-4757-a7d0-f6d7f53bc482: our last entry (t:4, i:10) < candidate's last entry (t:5, i:12)
2025-09-19 20:45:21,150 [grpc-default-executor-5] INFO  server.RaftServer$Division (RaftServerImpl.java:requestVote(1455)) - b5a25cc1-46d3-4381-a194-bd68f4526f1c@group-715EBF8096A7 replies to PRE_VOTE vote request: 0df1231c-9f8a-4757-a7d0-f6d7f53bc482<-b5a25cc1-46d3-4381-a194-bd68f4526f1c#0:OK-t5-last:(t:4, i:10). Peer's state: b5a25cc1-46d3-4381-a194-bd68f4526f1c@group-715EBF8096A7:t5, leader=null, voted=null, raftlog=Memoized:b5a25cc1-46d3-4381-a194-bd68f4526f1c@group-715EBF8096A7-SegmentedRaftLog:OPENED:c10:last(t:4, i:10), conf=conf: {index: 9, cur=peers:[b5a25cc1-46d3-4381-a194-bd68f4526f1c|127.0.0.1:15031, 0df1231c-9f8a-4757-a7d0-f6d7f53bc482|127.0.0.1:15023, 8eb9963e-bce0-4155-aea2-e442cadff8bd|127.0.0.1:15015]|listeners:[], old=null}
2025-09-19 20:45:21,151 [0df1231c-9f8a-4757-a7d0-f6d7f53bc482@group-715EBF8096A7-LeaderElection216] INFO  impl.LeaderElection (LeaderElection.java:logAndReturn(206)) - 0df1231c-9f8a-4757-a7d0-f6d7f53bc482@group-715EBF8096A7-LeaderElection216: PRE_VOTE PASSED received 2 response(s) and 0 exception(s):
2025-09-19 20:45:21,151 [0df1231c-9f8a-4757-a7d0-f6d7f53bc482@group-715EBF8096A7-LeaderElection216] INFO  impl.LeaderElection (LeaderElection.java:logAndReturn(210)) -   Response 0: 0df1231c-9f8a-4757-a7d0-f6d7f53bc482<-b5a25cc1-46d3-4381-a194-bd68f4526f1c#0:OK-t5-last:(t:4, i:10)
2025-09-19 20:45:21,151 [0df1231c-9f8a-4757-a7d0-f6d7f53bc482@group-715EBF8096A7-LeaderElection216] INFO  impl.LeaderElection (LeaderElection.java:logAndReturn(210)) -   Response 1: 0df1231c-9f8a-4757-a7d0-f6d7f53bc482<-8eb9963e-bce0-4155-aea2-e442cadff8bd#0:OK-t5-last:(t:5, i:12)
2025-09-19 20:45:21,151 [0df1231c-9f8a-4757-a7d0-f6d7f53bc482@group-715EBF8096A7-LeaderElection216] INFO  impl.LeaderElection (LeaderElection.java:askForVotes(450)) - 0df1231c-9f8a-4757-a7d0-f6d7f53bc482@group-715EBF8096A7-LeaderElection216 PRE_VOTE round 0: result PASSED
2025-09-19 20:45:21,152 [0df1231c-9f8a-4757-a7d0-f6d7f53bc482@group-715EBF8096A7-LeaderElection216] INFO  impl.LeaderElection (LeaderElection.java:askForVotes(448)) - 0df1231c-9f8a-4757-a7d0-f6d7f53bc482@group-715EBF8096A7-LeaderElection216 ELECTION round 0: submit vote requests at term 6 for conf: {index: 11, cur=peers:[b5a25cc1-46d3-4381-a194-bd68f4526f1c|127.0.0.1:15031, 0df1231c-9f8a-4757-a7d0-f6d7f53bc482|127.0.0.1:15023, 8eb9963e-bce0-4155-aea2-e442cadff8bd|127.0.0.1:15015]|listeners:[], old=null}
2025-09-19 20:45:21,153 [grpc-default-executor-9] INFO  server.RaftServer$Division (RaftServerImpl.java:requestVote(1421)) - b5a25cc1-46d3-4381-a194-bd68f4526f1c@group-715EBF8096A7: receive requestVote(ELECTION, 0df1231c-9f8a-4757-a7d0-f6d7f53bc482, group-715EBF8096A7, 6, (t:5, i:12))
2025-09-19 20:45:21,153 [grpc-default-executor-9] INFO  impl.VoteContext (VoteContext.java:log(49)) - b5a25cc1-46d3-4381-a194-bd68f4526f1c@group-715EBF8096A7-FOLLOWER: accept ELECTION from 0df1231c-9f8a-4757-a7d0-f6d7f53bc482: our last entry (t:4, i:10) < candidate's last entry (t:5, i:12)
2025-09-19 20:45:21,153 [grpc-default-executor-9] INFO  server.RaftServer$Division (RaftServerImpl.java:setRole(392)) - b5a25cc1-46d3-4381-a194-bd68f4526f1c@group-715EBF8096A7: changes role from  FOLLOWER to FOLLOWER at term 5 for candidate:0df1231c-9f8a-4757-a7d0-f6d7f53bc482
2025-09-19 20:45:21,153 [grpc-default-executor-9] INFO  impl.RoleInfo (RoleInfo.java:shutdownFollowerState(121)) - b5a25cc1-46d3-4381-a194-bd68f4526f1c: shutdown b5a25cc1-46d3-4381-a194-bd68f4526f1c@group-715EBF8096A7-FollowerState
2025-09-19 20:45:21,153 [grpc-default-executor-9] INFO  impl.RoleInfo (RoleInfo.java:updateAndGet(148)) - b5a25cc1-46d3-4381-a194-bd68f4526f1c: start b5a25cc1-46d3-4381-a194-bd68f4526f1c@group-715EBF8096A7-FollowerState
2025-09-19 20:45:21,153 [grpc-default-executor-5] INFO  server.RaftServer$Division (RaftServerImpl.java:requestVote(1421)) - 8eb9963e-bce0-4155-aea2-e442cadff8bd@group-715EBF8096A7: receive requestVote(ELECTION, 0df1231c-9f8a-4757-a7d0-f6d7f53bc482, group-715EBF8096A7, 6, (t:5, i:12))
2025-09-19 20:45:21,153 [grpc-default-executor-5] INFO  impl.VoteContext (VoteContext.java:log(49)) - 8eb9963e-bce0-4155-aea2-e442cadff8bd@group-715EBF8096A7-FOLLOWER: accept ELECTION from 0df1231c-9f8a-4757-a7d0-f6d7f53bc482: our priority 0 <= candidate's priority 0
2025-09-19 20:45:21,153 [grpc-default-executor-5] INFO  server.RaftServer$Division (RaftServerImpl.java:setRole(392)) - 8eb9963e-bce0-4155-aea2-e442cadff8bd@group-715EBF8096A7: changes role from  FOLLOWER to FOLLOWER at term 5 for candidate:0df1231c-9f8a-4757-a7d0-f6d7f53bc482
2025-09-19 20:45:21,153 [grpc-default-executor-5] INFO  impl.RoleInfo (RoleInfo.java:shutdownFollowerState(121)) - 8eb9963e-bce0-4155-aea2-e442cadff8bd: shutdown 8eb9963e-bce0-4155-aea2-e442cadff8bd@group-715EBF8096A7-FollowerState
2025-09-19 20:45:21,153 [grpc-default-executor-5] INFO  impl.RoleInfo (RoleInfo.java:updateAndGet(148)) - 8eb9963e-bce0-4155-aea2-e442cadff8bd: start 8eb9963e-bce0-4155-aea2-e442cadff8bd@group-715EBF8096A7-FollowerState
2025-09-19 20:45:21,153 [8eb9963e-bce0-4155-aea2-e442cadff8bd@group-715EBF8096A7-FollowerState] INFO  impl.FollowerState (FollowerState.java:runImpl(170)) - 8eb9963e-bce0-4155-aea2-e442cadff8bd@group-715EBF8096A7-FollowerState was interrupted
2025-09-19 20:45:21,153 [b5a25cc1-46d3-4381-a194-bd68f4526f1c@group-715EBF8096A7-FollowerState] INFO  impl.FollowerState (FollowerState.java:runImpl(170)) - b5a25cc1-46d3-4381-a194-bd68f4526f1c@group-715EBF8096A7-FollowerState was interrupted
2025-09-19 20:45:21,154 [grpc-default-executor-5] INFO  server.RaftServer$Division (RaftServerImpl.java:requestVote(1455)) - 8eb9963e-bce0-4155-aea2-e442cadff8bd@group-715EBF8096A7 replies to ELECTION vote request: 0df1231c-9f8a-4757-a7d0-f6d7f53bc482<-8eb9963e-bce0-4155-aea2-e442cadff8bd#0:OK-t6-last:(t:5, i:12). Peer's state: 8eb9963e-bce0-4155-aea2-e442cadff8bd@group-715EBF8096A7:t6, leader=null, voted=0df1231c-9f8a-4757-a7d0-f6d7f53bc482, raftlog=Memoized:8eb9963e-bce0-4155-aea2-e442cadff8bd@group-715EBF8096A7-SegmentedRaftLog:OPENED:c12:last(t:5, i:12), conf=conf: {index: 11, cur=peers:[b5a25cc1-46d3-4381-a194-bd68f4526f1c|127.0.0.1:15031, 0df1231c-9f8a-4757-a7d0-f6d7f53bc482|127.0.0.1:15023, 8eb9963e-bce0-4155-aea2-e442cadff8bd|127.0.0.1:15015]|listeners:[], old=null}
2025-09-19 20:45:21,154 [grpc-default-executor-9] INFO  server.RaftServer$Division (RaftServerImpl.java:requestVote(1455)) - b5a25cc1-46d3-4381-a194-bd68f4526f1c@group-715EBF8096A7 replies to ELECTION vote request: 0df1231c-9f8a-4757-a7d0-f6d7f53bc482<-b5a25cc1-46d3-4381-a194-bd68f4526f1c#0:OK-t6-last:(t:4, i:10). Peer's state: b5a25cc1-46d3-4381-a194-bd68f4526f1c@group-715EBF8096A7:t6, leader=null, voted=0df1231c-9f8a-4757-a7d0-f6d7f53bc482, raftlog=Memoized:b5a25cc1-46d3-4381-a194-bd68f4526f1c@group-715EBF8096A7-SegmentedRaftLog:OPENED:c10:last(t:4, i:10), conf=conf: {index: 9, cur=peers:[b5a25cc1-46d3-4381-a194-bd68f4526f1c|127.0.0.1:15031, 0df1231c-9f8a-4757-a7d0-f6d7f53bc482|127.0.0.1:15023, 8eb9963e-bce0-4155-aea2-e442cadff8bd|127.0.0.1:15015]|listeners:[], old=null}
2025-09-19 20:45:21,155 [0df1231c-9f8a-4757-a7d0-f6d7f53bc482@group-715EBF8096A7-LeaderElection216] INFO  impl.LeaderElection (LeaderElection.java:logAndReturn(206)) - 0df1231c-9f8a-4757-a7d0-f6d7f53bc482@group-715EBF8096A7-LeaderElection216: ELECTION PASSED received 2 response(s) and 0 exception(s):
2025-09-19 20:45:21,155 [0df1231c-9f8a-4757-a7d0-f6d7f53bc482@group-715EBF8096A7-LeaderElection216] INFO  impl.LeaderElection (LeaderElection.java:logAndReturn(210)) -   Response 0: 0df1231c-9f8a-4757-a7d0-f6d7f53bc482<-b5a25cc1-46d3-4381-a194-bd68f4526f1c#0:OK-t6-last:(t:4, i:10)
2025-09-19 20:45:21,155 [0df1231c-9f8a-4757-a7d0-f6d7f53bc482@group-715EBF8096A7-LeaderElection216] INFO  impl.LeaderElection (LeaderElection.java:logAndReturn(210)) -   Response 1: 0df1231c-9f8a-4757-a7d0-f6d7f53bc482<-8eb9963e-bce0-4155-aea2-e442cadff8bd#0:OK-t6-last:(t:5, i:12)
2025-09-19 20:45:21,155 [0df1231c-9f8a-4757-a7d0-f6d7f53bc482@group-715EBF8096A7-LeaderElection216] INFO  impl.LeaderElection (LeaderElection.java:askForVotes(450)) - 0df1231c-9f8a-4757-a7d0-f6d7f53bc482@group-715EBF8096A7-LeaderElection216 ELECTION round 0: result PASSED
2025-09-19 20:45:21,155 [0df1231c-9f8a-4757-a7d0-f6d7f53bc482@group-715EBF8096A7-LeaderElection216] INFO  impl.RoleInfo (RoleInfo.java:shutdownLeaderElection(141)) - 0df1231c-9f8a-4757-a7d0-f6d7f53bc482: shutdown 0df1231c-9f8a-4757-a7d0-f6d7f53bc482@group-715EBF8096A7-LeaderElection216
2025-09-19 20:45:21,155 [0df1231c-9f8a-4757-a7d0-f6d7f53bc482@group-715EBF8096A7-LeaderElection216] INFO  server.RaftServer$Division (RaftServerImpl.java:setRole(392)) - 0df1231c-9f8a-4757-a7d0-f6d7f53bc482@group-715EBF8096A7: changes role from CANDIDATE to LEADER at term 6 for changeToLeader
2025-09-19 20:45:21,155 [0df1231c-9f8a-4757-a7d0-f6d7f53bc482@group-715EBF8096A7-LeaderElection216] INFO  server.RaftServerConfigKeys (ConfUtils.java:logFallback(69)) - raft.server.staging.timeout = 3600ms (fallback to raft.server.rpc.timeout.max)
2025-09-19 20:45:21,155 [0df1231c-9f8a-4757-a7d0-f6d7f53bc482@group-715EBF8096A7-LeaderElection216] INFO  server.RaftServerConfigKeys (ConfUtils.java:logGet(62)) - raft.server.write.byte-limit = 1024 M (=1073741824) (custom)
2025-09-19 20:45:21,156 [0df1231c-9f8a-4757-a7d0-f6d7f53bc482@group-715EBF8096A7-LeaderElection216] INFO  server.RaftServerConfigKeys (ConfUtils.java:logGet(62)) - raft.server.log.appender.buffer.byte-limit = 33554432 (custom)
2025-09-19 20:45:21,157 [0df1231c-9f8a-4757-a7d0-f6d7f53bc482@group-715EBF8096A7-LeaderElection216] INFO  server.RaftServerConfigKeys (ConfUtils.java:logGet(62)) - raft.server.log.appender.buffer.byte-limit = 33554432 (custom)
2025-09-19 20:45:21,157 [0df1231c-9f8a-4757-a7d0-f6d7f53bc482@group-715EBF8096A7-LeaderElection216] INFO  impl.RoleInfo (RoleInfo.java:updateAndGet(148)) - 0df1231c-9f8a-4757-a7d0-f6d7f53bc482: start 0df1231c-9f8a-4757-a7d0-f6d7f53bc482@group-715EBF8096A7-LeaderStateImpl
2025-09-19 20:45:21,157 [0df1231c-9f8a-4757-a7d0-f6d7f53bc482@group-715EBF8096A7-LeaderElection216] INFO  server.RaftServer$Division (RaftServerImpl.java:setFirstElection(576)) - 0df1231c-9f8a-4757-a7d0-f6d7f53bc482@group-715EBF8096A7: set firstElectionSinceStartup to false for becomeLeader
2025-09-19 20:45:21,157 [0df1231c-9f8a-4757-a7d0-f6d7f53bc482@group-715EBF8096A7-LeaderElection216] INFO  ratis.XceiverServerRatis (XceiverServerRatis.java:handleLeaderChangedNotification(942)) - Leader change notification received for group: group-715EBF8096A7 with new leaderId: 0df1231c-9f8a-4757-a7d0-f6d7f53bc482
2025-09-19 20:45:21,157 [0df1231c-9f8a-4757-a7d0-f6d7f53bc482@group-715EBF8096A7-LeaderElection216] INFO  server.RaftServer$Division (ServerState.java:setLeader(272)) - 0df1231c-9f8a-4757-a7d0-f6d7f53bc482@group-715EBF8096A7: change Leader from null to 0df1231c-9f8a-4757-a7d0-f6d7f53bc482 at term 6 for becomeLeader, leader elected after 1795ms
2025-09-19 20:45:21,157 [0df1231c-9f8a-4757-a7d0-f6d7f53bc482@group-715EBF8096A7-LeaderElection216] INFO  segmented.SegmentedRaftLogWorker (SegmentedRaftLogWorker.java:rollLogSegment(445)) - 0df1231c-9f8a-4757-a7d0-f6d7f53bc482@group-715EBF8096A7-SegmentedRaftLogWorker: Rolling segment log-11_12 to index:12
2025-09-19 20:45:21,158 [0df1231c-9f8a-4757-a7d0-f6d7f53bc482@group-715EBF8096A7-LeaderElection216] INFO  server.RaftServer$Division (ServerState.java:setRaftConf(386)) - 0df1231c-9f8a-4757-a7d0-f6d7f53bc482@group-715EBF8096A7: set configuration conf: {index: 13, cur=peers:[b5a25cc1-46d3-4381-a194-bd68f4526f1c|127.0.0.1:15031, 0df1231c-9f8a-4757-a7d0-f6d7f53bc482|127.0.0.1:15023, 8eb9963e-bce0-4155-aea2-e442cadff8bd|127.0.0.1:15015]|listeners:[], old=null}
2025-09-19 20:45:21,158 [0df1231c-9f8a-4757-a7d0-f6d7f53bc482@group-715EBF8096A7-SegmentedRaftLogWorker] INFO  segmented.SegmentedRaftLogWorker (SegmentedRaftLogWorker.java:execute(604)) - 0df1231c-9f8a-4757-a7d0-f6d7f53bc482@group-715EBF8096A7-SegmentedRaftLogWorker: Rolled log segment from /home/runner/work/ozone/ozone/hadoop-ozone/integration-test/target/test-dir/MiniOzoneClusterImpl-990002c2-bb69-4aa2-bd68-28a5e13e86ef/ozone-metadata/datanode-2/ratis/958000d3-2396-49be-82e9-715ebf8096a7/current/log_inprogress_11 to /home/runner/work/ozone/ozone/hadoop-ozone/integration-test/target/test-dir/MiniOzoneClusterImpl-990002c2-bb69-4aa2-bd68-28a5e13e86ef/ozone-metadata/datanode-2/ratis/958000d3-2396-49be-82e9-715ebf8096a7/current/log_11-12
2025-09-19 20:45:21,158 [0df1231c-9f8a-4757-a7d0-f6d7f53bc482@group-715EBF8096A7-SegmentedRaftLogWorker] INFO  segmented.BufferedWriteChannel (BufferedWriteChannel.java:open(61)) - open log_inprogress_13 at position 0
2025-09-19 20:45:21,161 [0df1231c-9f8a-4757-a7d0-f6d7f53bc482@group-39AD5A9EAACD-FollowerState] INFO  impl.FollowerState (FollowerState.java:runImpl(161)) - 0df1231c-9f8a-4757-a7d0-f6d7f53bc482@group-39AD5A9EAACD-FollowerState: change to CANDIDATE, lastRpcElapsedTime:1080368615ns, electionTimeout:1079ms
2025-09-19 20:45:21,162 [grpc-default-executor-2] INFO  ratis.XceiverServerRatis (XceiverServerRatis.java:handleLeaderChangedNotification(942)) - Leader change notification received for group: group-715EBF8096A7 with new leaderId: 0df1231c-9f8a-4757-a7d0-f6d7f53bc482
2025-09-19 20:45:21,162 [grpc-default-executor-2] INFO  server.RaftServer$Division (ServerState.java:setLeader(272)) - b5a25cc1-46d3-4381-a194-bd68f4526f1c@group-715EBF8096A7: change Leader from null to 0df1231c-9f8a-4757-a7d0-f6d7f53bc482 at term 6 for appendEntries, leader elected after 2044ms
2025-09-19 20:45:21,162 [grpc-default-executor-2] INFO  server.RaftServer$Division (RaftServerImpl.java:checkInconsistentAppendEntries(1673)) - b5a25cc1-46d3-4381-a194-bd68f4526f1c@group-715EBF8096A7: Failed appendEntries as previous log entry ((t:5, i:12)) is not found
2025-09-19 20:45:21,162 [grpc-default-executor-2] INFO  server.RaftServer$Division (RaftServerImpl.java:appendEntriesAsync(1594)) - b5a25cc1-46d3-4381-a194-bd68f4526f1c@group-715EBF8096A7: appendEntries* reply 0df1231c-9f8a-4757-a7d0-f6d7f53bc482<-b5a25cc1-46d3-4381-a194-bd68f4526f1c#0:FAIL-t6,INCONSISTENCY,nextIndex=11,followerCommit=10,matchIndex=-1
2025-09-19 20:45:21,162 [0df1231c-9f8a-4757-a7d0-f6d7f53bc482@group-39AD5A9EAACD-FollowerState] INFO  impl.RoleInfo (RoleInfo.java:shutdownFollowerState(121)) - 0df1231c-9f8a-4757-a7d0-f6d7f53bc482: shutdown 0df1231c-9f8a-4757-a7d0-f6d7f53bc482@group-39AD5A9EAACD-FollowerState
2025-09-19 20:45:21,163 [0df1231c-9f8a-4757-a7d0-f6d7f53bc482@group-39AD5A9EAACD-FollowerState] INFO  server.RaftServer$Division (RaftServerImpl.java:setRole(392)) - 0df1231c-9f8a-4757-a7d0-f6d7f53bc482@group-39AD5A9EAACD: changes role from  FOLLOWER to CANDIDATE at term 2 for changeToCandidate
2025-09-19 20:45:21,163 [0df1231c-9f8a-4757-a7d0-f6d7f53bc482@group-39AD5A9EAACD-FollowerState] INFO  impl.RoleInfo (RoleInfo.java:updateAndGet(148)) - 0df1231c-9f8a-4757-a7d0-f6d7f53bc482: start 0df1231c-9f8a-4757-a7d0-f6d7f53bc482@group-39AD5A9EAACD-LeaderElection217
2025-09-19 20:45:21,163 [grpc-default-executor-2] WARN  server.GrpcLogAppender (GrpcLogAppender.java:lambda$onNextImpl$0(527)) - 0df1231c-9f8a-4757-a7d0-f6d7f53bc482@group-715EBF8096A7->b5a25cc1-46d3-4381-a194-bd68f4526f1c-AppendLogResponseHandler: received INCONSISTENCY reply with nextIndex 11, errorCount=1, request=AppendEntriesRequest:cid=0,entriesCount=0 
2025-09-19 20:45:21,163 [grpc-default-executor-2] INFO  leader.FollowerInfo (FollowerInfoImpl.java:info(70)) - 0df1231c-9f8a-4757-a7d0-f6d7f53bc482@group-715EBF8096A7->b5a25cc1-46d3-4381-a194-bd68f4526f1c: setNextIndex nextIndex: updateUnconditionally 13 -> 11
2025-09-19 20:45:21,163 [grpc-default-executor-3] INFO  ratis.XceiverServerRatis (XceiverServerRatis.java:handleLeaderChangedNotification(942)) - Leader change notification received for group: group-715EBF8096A7 with new leaderId: 0df1231c-9f8a-4757-a7d0-f6d7f53bc482
2025-09-19 20:45:21,164 [grpc-default-executor-3] INFO  server.RaftServer$Division (ServerState.java:setLeader(272)) - 8eb9963e-bce0-4155-aea2-e442cadff8bd@group-715EBF8096A7: change Leader from null to 0df1231c-9f8a-4757-a7d0-f6d7f53bc482 at term 6 for appendEntries, leader elected after 37307ms
2025-09-19 20:45:21,163 [0df1231c-9f8a-4757-a7d0-f6d7f53bc482@group-39AD5A9EAACD-LeaderElection217] INFO  impl.LeaderElection (LeaderElection.java:askForVotes(448)) - 0df1231c-9f8a-4757-a7d0-f6d7f53bc482@group-39AD5A9EAACD-LeaderElection217 PRE_VOTE round 0: submit vote requests at term 2 for conf: {index: 1, cur=peers:[0df1231c-9f8a-4757-a7d0-f6d7f53bc482|127.0.0.1:15023]|listeners:[], old=null}
2025-09-19 20:45:21,164 [0df1231c-9f8a-4757-a7d0-f6d7f53bc482@group-39AD5A9EAACD-LeaderElection217] INFO  impl.LeaderElection (LeaderElection.java:askForVotes(450)) - 0df1231c-9f8a-4757-a7d0-f6d7f53bc482@group-39AD5A9EAACD-LeaderElection217 PRE_VOTE round 0: result PASSED (term=2)
2025-09-19 20:45:21,164 [grpc-default-executor-9] INFO  server.RaftServer$Division (ServerState.java:setRaftConf(386)) - 8eb9963e-bce0-4155-aea2-e442cadff8bd@group-715EBF8096A7: set configuration conf: {index: 13, cur=peers:[b5a25cc1-46d3-4381-a194-bd68f4526f1c|127.0.0.1:15031, 0df1231c-9f8a-4757-a7d0-f6d7f53bc482|127.0.0.1:15023, 8eb9963e-bce0-4155-aea2-e442cadff8bd|127.0.0.1:15015]|listeners:[], old=null}
2025-09-19 20:45:21,164 [grpc-default-executor-9] INFO  segmented.SegmentedRaftLogWorker (SegmentedRaftLogWorker.java:rollLogSegment(445)) - 8eb9963e-bce0-4155-aea2-e442cadff8bd@group-715EBF8096A7-SegmentedRaftLogWorker: Rolling segment log-11_12 to index:12
2025-09-19 20:45:21,166 [8eb9963e-bce0-4155-aea2-e442cadff8bd@group-715EBF8096A7-SegmentedRaftLogWorker] INFO  segmented.SegmentedRaftLogWorker (SegmentedRaftLogWorker.java:execute(604)) - 8eb9963e-bce0-4155-aea2-e442cadff8bd@group-715EBF8096A7-SegmentedRaftLogWorker: Rolled log segment from /home/runner/work/ozone/ozone/hadoop-ozone/integration-test/target/test-dir/MiniOzoneClusterImpl-990002c2-bb69-4aa2-bd68-28a5e13e86ef/ozone-metadata/datanode-1/ratis/958000d3-2396-49be-82e9-715ebf8096a7/current/log_inprogress_11 to /home/runner/work/ozone/ozone/hadoop-ozone/integration-test/target/test-dir/MiniOzoneClusterImpl-990002c2-bb69-4aa2-bd68-28a5e13e86ef/ozone-metadata/datanode-1/ratis/958000d3-2396-49be-82e9-715ebf8096a7/current/log_11-12
2025-09-19 20:45:21,166 [8eb9963e-bce0-4155-aea2-e442cadff8bd@group-715EBF8096A7-SegmentedRaftLogWorker] INFO  segmented.BufferedWriteChannel (BufferedWriteChannel.java:open(61)) - open log_inprogress_13 at position 0
2025-09-19 20:45:21,166 [0df1231c-9f8a-4757-a7d0-f6d7f53bc482@group-715EBF8096A7-SegmentedRaftLogWorker] INFO  segmented.SegmentedRaftLogWorker (SegmentedRaftLogWorker.java:execute(647)) - 0df1231c-9f8a-4757-a7d0-f6d7f53bc482@group-715EBF8096A7-SegmentedRaftLogWorker: created new log segment /home/runner/work/ozone/ozone/hadoop-ozone/integration-test/target/test-dir/MiniOzoneClusterImpl-990002c2-bb69-4aa2-bd68-28a5e13e86ef/ozone-metadata/datanode-2/ratis/958000d3-2396-49be-82e9-715ebf8096a7/current/log_inprogress_13
2025-09-19 20:45:21,167 [0df1231c-9f8a-4757-a7d0-f6d7f53bc482@group-39AD5A9EAACD-LeaderElection217] INFO  impl.LeaderElection (LeaderElection.java:askForVotes(448)) - 0df1231c-9f8a-4757-a7d0-f6d7f53bc482@group-39AD5A9EAACD-LeaderElection217 ELECTION round 0: submit vote requests at term 3 for conf: {index: 1, cur=peers:[0df1231c-9f8a-4757-a7d0-f6d7f53bc482|127.0.0.1:15023]|listeners:[], old=null}
2025-09-19 20:45:21,167 [0df1231c-9f8a-4757-a7d0-f6d7f53bc482@group-39AD5A9EAACD-LeaderElection217] INFO  impl.LeaderElection (LeaderElection.java:askForVotes(450)) - 0df1231c-9f8a-4757-a7d0-f6d7f53bc482@group-39AD5A9EAACD-LeaderElection217 ELECTION round 0: result PASSED (term=3)
2025-09-19 20:45:21,167 [0df1231c-9f8a-4757-a7d0-f6d7f53bc482@group-39AD5A9EAACD-LeaderElection217] INFO  impl.RoleInfo (RoleInfo.java:shutdownLeaderElection(141)) - 0df1231c-9f8a-4757-a7d0-f6d7f53bc482: shutdown 0df1231c-9f8a-4757-a7d0-f6d7f53bc482@group-39AD5A9EAACD-LeaderElection217
2025-09-19 20:45:21,167 [0df1231c-9f8a-4757-a7d0-f6d7f53bc482@group-39AD5A9EAACD-LeaderElection217] INFO  server.RaftServer$Division (RaftServerImpl.java:setRole(392)) - 0df1231c-9f8a-4757-a7d0-f6d7f53bc482@group-39AD5A9EAACD: changes role from CANDIDATE to LEADER at term 3 for changeToLeader
2025-09-19 20:45:21,167 [grpc-default-executor-2] INFO  server.RaftServer$Division (ServerState.java:setRaftConf(386)) - b5a25cc1-46d3-4381-a194-bd68f4526f1c@group-715EBF8096A7: set configuration conf: {index: 11, cur=peers:[b5a25cc1-46d3-4381-a194-bd68f4526f1c|127.0.0.1:15031, 0df1231c-9f8a-4757-a7d0-f6d7f53bc482|127.0.0.1:15023, 8eb9963e-bce0-4155-aea2-e442cadff8bd|127.0.0.1:15015]|listeners:[], old=null}
2025-09-19 20:45:21,167 [0df1231c-9f8a-4757-a7d0-f6d7f53bc482@group-39AD5A9EAACD-LeaderElection217] INFO  server.RaftServerConfigKeys (ConfUtils.java:logFallback(69)) - raft.server.staging.timeout = 3600ms (fallback to raft.server.rpc.timeout.max)
2025-09-19 20:45:21,167 [grpc-default-executor-2] INFO  server.RaftServer$Division (ServerState.java:setRaftConf(386)) - b5a25cc1-46d3-4381-a194-bd68f4526f1c@group-715EBF8096A7: set configuration conf: {index: 13, cur=peers:[b5a25cc1-46d3-4381-a194-bd68f4526f1c|127.0.0.1:15031, 0df1231c-9f8a-4757-a7d0-f6d7f53bc482|127.0.0.1:15023, 8eb9963e-bce0-4155-aea2-e442cadff8bd|127.0.0.1:15015]|listeners:[], old=null}
2025-09-19 20:45:21,167 [grpc-default-executor-2] INFO  segmented.SegmentedRaftLogWorker (SegmentedRaftLogWorker.java:rollLogSegment(445)) - b5a25cc1-46d3-4381-a194-bd68f4526f1c@group-715EBF8096A7-SegmentedRaftLogWorker: Rolling segment log-9_10 to index:10
2025-09-19 20:45:21,167 [0df1231c-9f8a-4757-a7d0-f6d7f53bc482@group-39AD5A9EAACD-LeaderElection217] INFO  server.RaftServerConfigKeys (ConfUtils.java:logGet(62)) - raft.server.write.byte-limit = 1024 M (=1073741824) (custom)
2025-09-19 20:45:21,167 [grpc-default-executor-2] INFO  segmented.SegmentedRaftLogWorker (SegmentedRaftLogWorker.java:rollLogSegment(445)) - b5a25cc1-46d3-4381-a194-bd68f4526f1c@group-715EBF8096A7-SegmentedRaftLogWorker: Rolling segment log-11_12 to index:12
2025-09-19 20:45:21,168 [b5a25cc1-46d3-4381-a194-bd68f4526f1c@group-715EBF8096A7-SegmentedRaftLogWorker] INFO  segmented.SegmentedRaftLogWorker (SegmentedRaftLogWorker.java:execute(604)) - b5a25cc1-46d3-4381-a194-bd68f4526f1c@group-715EBF8096A7-SegmentedRaftLogWorker: Rolled log segment from /home/runner/work/ozone/ozone/hadoop-ozone/integration-test/target/test-dir/MiniOzoneClusterImpl-990002c2-bb69-4aa2-bd68-28a5e13e86ef/ozone-metadata/datanode-3/ratis/958000d3-2396-49be-82e9-715ebf8096a7/current/log_inprogress_9 to /home/runner/work/ozone/ozone/hadoop-ozone/integration-test/target/test-dir/MiniOzoneClusterImpl-990002c2-bb69-4aa2-bd68-28a5e13e86ef/ozone-metadata/datanode-3/ratis/958000d3-2396-49be-82e9-715ebf8096a7/current/log_9-10
2025-09-19 20:45:21,168 [b5a25cc1-46d3-4381-a194-bd68f4526f1c@group-715EBF8096A7-SegmentedRaftLogWorker] INFO  segmented.BufferedWriteChannel (BufferedWriteChannel.java:open(61)) - open log_inprogress_11 at position 0
2025-09-19 20:45:21,169 [0df1231c-9f8a-4757-a7d0-f6d7f53bc482@group-39AD5A9EAACD-LeaderElection217] INFO  impl.RoleInfo (RoleInfo.java:updateAndGet(148)) - 0df1231c-9f8a-4757-a7d0-f6d7f53bc482: start 0df1231c-9f8a-4757-a7d0-f6d7f53bc482@group-39AD5A9EAACD-LeaderStateImpl
2025-09-19 20:45:21,169 [0df1231c-9f8a-4757-a7d0-f6d7f53bc482@group-39AD5A9EAACD-LeaderElection217] INFO  server.RaftServer$Division (RaftServerImpl.java:setFirstElection(576)) - 0df1231c-9f8a-4757-a7d0-f6d7f53bc482@group-39AD5A9EAACD: set firstElectionSinceStartup to false for becomeLeader
2025-09-19 20:45:21,169 [0df1231c-9f8a-4757-a7d0-f6d7f53bc482@group-39AD5A9EAACD-LeaderElection217] INFO  ratis.XceiverServerRatis (XceiverServerRatis.java:handleLeaderChangedNotification(942)) - Leader change notification received for group: group-39AD5A9EAACD with new leaderId: 0df1231c-9f8a-4757-a7d0-f6d7f53bc482
2025-09-19 20:45:21,169 [0df1231c-9f8a-4757-a7d0-f6d7f53bc482@group-39AD5A9EAACD-LeaderElection217] INFO  server.RaftServer$Division (ServerState.java:setLeader(272)) - 0df1231c-9f8a-4757-a7d0-f6d7f53bc482@group-39AD5A9EAACD: change Leader from null to 0df1231c-9f8a-4757-a7d0-f6d7f53bc482 at term 3 for becomeLeader, leader elected after 1817ms
2025-09-19 20:45:21,170 [0df1231c-9f8a-4757-a7d0-f6d7f53bc482@group-39AD5A9EAACD-LeaderElection217] INFO  segmented.SegmentedRaftLogWorker (SegmentedRaftLogWorker.java:rollLogSegment(445)) - 0df1231c-9f8a-4757-a7d0-f6d7f53bc482@group-39AD5A9EAACD-SegmentedRaftLogWorker: Rolling segment log-1_2 to index:2
2025-09-19 20:45:21,170 [0df1231c-9f8a-4757-a7d0-f6d7f53bc482@group-39AD5A9EAACD-LeaderElection217] INFO  server.RaftServer$Division (ServerState.java:setRaftConf(386)) - 0df1231c-9f8a-4757-a7d0-f6d7f53bc482@group-39AD5A9EAACD: set configuration conf: {index: 3, cur=peers:[0df1231c-9f8a-4757-a7d0-f6d7f53bc482|127.0.0.1:15023]|listeners:[], old=null}
2025-09-19 20:45:21,170 [0df1231c-9f8a-4757-a7d0-f6d7f53bc482@group-39AD5A9EAACD-SegmentedRaftLogWorker] INFO  segmented.SegmentedRaftLogWorker (SegmentedRaftLogWorker.java:execute(604)) - 0df1231c-9f8a-4757-a7d0-f6d7f53bc482@group-39AD5A9EAACD-SegmentedRaftLogWorker: Rolled log segment from /home/runner/work/ozone/ozone/hadoop-ozone/integration-test/target/test-dir/MiniOzoneClusterImpl-990002c2-bb69-4aa2-bd68-28a5e13e86ef/ozone-metadata/datanode-2/ratis/54fe0239-6051-4a8e-b590-39ad5a9eaacd/current/log_inprogress_1 to /home/runner/work/ozone/ozone/hadoop-ozone/integration-test/target/test-dir/MiniOzoneClusterImpl-990002c2-bb69-4aa2-bd68-28a5e13e86ef/ozone-metadata/datanode-2/ratis/54fe0239-6051-4a8e-b590-39ad5a9eaacd/current/log_1-2
2025-09-19 20:45:21,170 [0df1231c-9f8a-4757-a7d0-f6d7f53bc482@group-39AD5A9EAACD-SegmentedRaftLogWorker] INFO  segmented.BufferedWriteChannel (BufferedWriteChannel.java:open(61)) - open log_inprogress_3 at position 0
2025-09-19 20:45:21,173 [8eb9963e-bce0-4155-aea2-e442cadff8bd@group-715EBF8096A7-SegmentedRaftLogWorker] INFO  segmented.SegmentedRaftLogWorker (SegmentedRaftLogWorker.java:execute(647)) - 8eb9963e-bce0-4155-aea2-e442cadff8bd@group-715EBF8096A7-SegmentedRaftLogWorker: created new log segment /home/runner/work/ozone/ozone/hadoop-ozone/integration-test/target/test-dir/MiniOzoneClusterImpl-990002c2-bb69-4aa2-bd68-28a5e13e86ef/ozone-metadata/datanode-1/ratis/958000d3-2396-49be-82e9-715ebf8096a7/current/log_inprogress_13
2025-09-19 20:45:21,176 [0df1231c-9f8a-4757-a7d0-f6d7f53bc482@group-715EBF8096A7-StateMachineUpdater] INFO  server.RaftServer$Division (LeaderStateImpl.java:checkStartIndex(309)) - Leader 0df1231c-9f8a-4757-a7d0-f6d7f53bc482@group-715EBF8096A7-LeaderStateImpl is ready since appliedIndex == startIndex == 13
2025-09-19 20:45:21,178 [b5a25cc1-46d3-4381-a194-bd68f4526f1c@group-715EBF8096A7-SegmentedRaftLogWorker] INFO  segmented.SegmentedRaftLogWorker (SegmentedRaftLogWorker.java:execute(647)) - b5a25cc1-46d3-4381-a194-bd68f4526f1c@group-715EBF8096A7-SegmentedRaftLogWorker: created new log segment /home/runner/work/ozone/ozone/hadoop-ozone/integration-test/target/test-dir/MiniOzoneClusterImpl-990002c2-bb69-4aa2-bd68-28a5e13e86ef/ozone-metadata/datanode-3/ratis/958000d3-2396-49be-82e9-715ebf8096a7/current/log_inprogress_11
2025-09-19 20:45:21,179 [0df1231c-9f8a-4757-a7d0-f6d7f53bc482@group-39AD5A9EAACD-SegmentedRaftLogWorker] INFO  segmented.SegmentedRaftLogWorker (SegmentedRaftLogWorker.java:execute(647)) - 0df1231c-9f8a-4757-a7d0-f6d7f53bc482@group-39AD5A9EAACD-SegmentedRaftLogWorker: created new log segment /home/runner/work/ozone/ozone/hadoop-ozone/integration-test/target/test-dir/MiniOzoneClusterImpl-990002c2-bb69-4aa2-bd68-28a5e13e86ef/ozone-metadata/datanode-2/ratis/54fe0239-6051-4a8e-b590-39ad5a9eaacd/current/log_inprogress_3
2025-09-19 20:45:21,180 [b5a25cc1-46d3-4381-a194-bd68f4526f1c@group-715EBF8096A7-SegmentedRaftLogWorker] INFO  segmented.SegmentedRaftLogWorker (SegmentedRaftLogWorker.java:execute(604)) - b5a25cc1-46d3-4381-a194-bd68f4526f1c@group-715EBF8096A7-SegmentedRaftLogWorker: Rolled log segment from /home/runner/work/ozone/ozone/hadoop-ozone/integration-test/target/test-dir/MiniOzoneClusterImpl-990002c2-bb69-4aa2-bd68-28a5e13e86ef/ozone-metadata/datanode-3/ratis/958000d3-2396-49be-82e9-715ebf8096a7/current/log_inprogress_11 to /home/runner/work/ozone/ozone/hadoop-ozone/integration-test/target/test-dir/MiniOzoneClusterImpl-990002c2-bb69-4aa2-bd68-28a5e13e86ef/ozone-metadata/datanode-3/ratis/958000d3-2396-49be-82e9-715ebf8096a7/current/log_11-12
2025-09-19 20:45:21,180 [b5a25cc1-46d3-4381-a194-bd68f4526f1c@group-715EBF8096A7-SegmentedRaftLogWorker] INFO  segmented.BufferedWriteChannel (BufferedWriteChannel.java:open(61)) - open log_inprogress_13 at position 0
2025-09-19 20:45:21,180 [0df1231c-9f8a-4757-a7d0-f6d7f53bc482@group-39AD5A9EAACD-StateMachineUpdater] INFO  server.RaftServer$Division (LeaderStateImpl.java:checkStartIndex(309)) - Leader 0df1231c-9f8a-4757-a7d0-f6d7f53bc482@group-39AD5A9EAACD-LeaderStateImpl is ready since appliedIndex == startIndex == 3
2025-09-19 20:45:21,185 [b5a25cc1-46d3-4381-a194-bd68f4526f1c@group-715EBF8096A7-SegmentedRaftLogWorker] INFO  segmented.SegmentedRaftLogWorker (SegmentedRaftLogWorker.java:execute(647)) - b5a25cc1-46d3-4381-a194-bd68f4526f1c@group-715EBF8096A7-SegmentedRaftLogWorker: created new log segment /home/runner/work/ozone/ozone/hadoop-ozone/integration-test/target/test-dir/MiniOzoneClusterImpl-990002c2-bb69-4aa2-bd68-28a5e13e86ef/ozone-metadata/datanode-3/ratis/958000d3-2396-49be-82e9-715ebf8096a7/current/log_inprogress_13
2025-09-19 20:45:21,197 [8eb9963e-bce0-4155-aea2-e442cadff8bd@group-A751954341BD-FollowerState] INFO  impl.FollowerState (FollowerState.java:runImpl(161)) - 8eb9963e-bce0-4155-aea2-e442cadff8bd@group-A751954341BD-FollowerState: change to CANDIDATE, lastRpcElapsedTime:1001279761ns, electionTimeout:1001ms
2025-09-19 20:45:21,197 [8eb9963e-bce0-4155-aea2-e442cadff8bd@group-A751954341BD-FollowerState] INFO  impl.RoleInfo (RoleInfo.java:shutdownFollowerState(121)) - 8eb9963e-bce0-4155-aea2-e442cadff8bd: shutdown 8eb9963e-bce0-4155-aea2-e442cadff8bd@group-A751954341BD-FollowerState
2025-09-19 20:45:21,197 [8eb9963e-bce0-4155-aea2-e442cadff8bd@group-A751954341BD-FollowerState] INFO  server.RaftServer$Division (RaftServerImpl.java:setRole(392)) - 8eb9963e-bce0-4155-aea2-e442cadff8bd@group-A751954341BD: changes role from  FOLLOWER to CANDIDATE at term 2 for changeToCandidate
2025-09-19 20:45:21,197 [8eb9963e-bce0-4155-aea2-e442cadff8bd@group-A751954341BD-FollowerState] INFO  impl.RoleInfo (RoleInfo.java:updateAndGet(148)) - 8eb9963e-bce0-4155-aea2-e442cadff8bd: start 8eb9963e-bce0-4155-aea2-e442cadff8bd@group-A751954341BD-LeaderElection218
2025-09-19 20:45:21,197 [8eb9963e-bce0-4155-aea2-e442cadff8bd@group-A751954341BD-LeaderElection218] INFO  impl.LeaderElection (LeaderElection.java:askForVotes(448)) - 8eb9963e-bce0-4155-aea2-e442cadff8bd@group-A751954341BD-LeaderElection218 PRE_VOTE round 0: submit vote requests at term 2 for conf: {index: 1, cur=peers:[b5a25cc1-46d3-4381-a194-bd68f4526f1c|127.0.0.1:15031, 0df1231c-9f8a-4757-a7d0-f6d7f53bc482|127.0.0.1:15023, 8eb9963e-bce0-4155-aea2-e442cadff8bd|127.0.0.1:15015]|listeners:[], old=null}
2025-09-19 20:45:21,198 [8eb9963e-bce0-4155-aea2-e442cadff8bd@group-A751954341BD-LeaderElection218] INFO  impl.LeaderElection (LogUtils.java:infoOrTrace(142)) - 8eb9963e-bce0-4155-aea2-e442cadff8bd@group-A751954341BD-LeaderElection218 got exception when requesting votes: java.util.concurrent.ExecutionException: org.apache.ratis.thirdparty.io.grpc.StatusRuntimeException: UNAVAILABLE: io exception
2025-09-19 20:45:21,198 [8eb9963e-bce0-4155-aea2-e442cadff8bd@group-A751954341BD-LeaderElection218] INFO  impl.LeaderElection (LogUtils.java:infoOrTrace(142)) - 8eb9963e-bce0-4155-aea2-e442cadff8bd@group-A751954341BD-LeaderElection218 got exception when requesting votes: java.util.concurrent.ExecutionException: org.apache.ratis.thirdparty.io.grpc.StatusRuntimeException: UNAVAILABLE: io exception
2025-09-19 20:45:21,198 [8eb9963e-bce0-4155-aea2-e442cadff8bd@group-A751954341BD-LeaderElection218] INFO  impl.LeaderElection (LeaderElection.java:logAndReturn(206)) - 8eb9963e-bce0-4155-aea2-e442cadff8bd@group-A751954341BD-LeaderElection218: PRE_VOTE REJECTED received 0 response(s) and 2 exception(s):
2025-09-19 20:45:21,198 [8eb9963e-bce0-4155-aea2-e442cadff8bd@group-A751954341BD-LeaderElection218] INFO  impl.LeaderElection (LogUtils.java:infoOrTrace(142)) -   Exception 0: java.util.concurrent.ExecutionException: org.apache.ratis.thirdparty.io.grpc.StatusRuntimeException: UNAVAILABLE: io exception
2025-09-19 20:45:21,198 [8eb9963e-bce0-4155-aea2-e442cadff8bd@group-A751954341BD-LeaderElection218] INFO  impl.LeaderElection (LogUtils.java:infoOrTrace(142)) -   Exception 1: java.util.concurrent.ExecutionException: org.apache.ratis.thirdparty.io.grpc.StatusRuntimeException: UNAVAILABLE: io exception
2025-09-19 20:45:21,198 [8eb9963e-bce0-4155-aea2-e442cadff8bd@group-A751954341BD-LeaderElection218] INFO  impl.LeaderElection (LeaderElection.java:askForVotes(450)) - 8eb9963e-bce0-4155-aea2-e442cadff8bd@group-A751954341BD-LeaderElection218 PRE_VOTE round 0: result REJECTED
2025-09-19 20:45:21,198 [8eb9963e-bce0-4155-aea2-e442cadff8bd@group-A751954341BD-LeaderElection218] INFO  server.RaftServer$Division (RaftServerImpl.java:setRole(392)) - 8eb9963e-bce0-4155-aea2-e442cadff8bd@group-A751954341BD: changes role from CANDIDATE to FOLLOWER at term 2 for REJECTED
2025-09-19 20:45:21,198 [8eb9963e-bce0-4155-aea2-e442cadff8bd@group-A751954341BD-LeaderElection218] INFO  impl.RoleInfo (RoleInfo.java:shutdownLeaderElection(141)) - 8eb9963e-bce0-4155-aea2-e442cadff8bd: shutdown 8eb9963e-bce0-4155-aea2-e442cadff8bd@group-A751954341BD-LeaderElection218
2025-09-19 20:45:21,198 [8eb9963e-bce0-4155-aea2-e442cadff8bd@group-A751954341BD-LeaderElection218] INFO  impl.RoleInfo (RoleInfo.java:updateAndGet(148)) - 8eb9963e-bce0-4155-aea2-e442cadff8bd: start 8eb9963e-bce0-4155-aea2-e442cadff8bd@group-A751954341BD-FollowerState
2025-09-19 20:45:22,098 [b5a25cc1-46d3-4381-a194-bd68f4526f1c@group-A751954341BD-FollowerState] INFO  impl.FollowerState (FollowerState.java:runImpl(161)) - b5a25cc1-46d3-4381-a194-bd68f4526f1c@group-A751954341BD-FollowerState: change to CANDIDATE, lastRpcElapsedTime:1199462362ns, electionTimeout:1199ms
2025-09-19 20:45:22,099 [b5a25cc1-46d3-4381-a194-bd68f4526f1c@group-A751954341BD-FollowerState] INFO  impl.RoleInfo (RoleInfo.java:shutdownFollowerState(121)) - b5a25cc1-46d3-4381-a194-bd68f4526f1c: shutdown b5a25cc1-46d3-4381-a194-bd68f4526f1c@group-A751954341BD-FollowerState
2025-09-19 20:45:22,099 [b5a25cc1-46d3-4381-a194-bd68f4526f1c@group-A751954341BD-FollowerState] INFO  server.RaftServer$Division (RaftServerImpl.java:setRole(392)) - b5a25cc1-46d3-4381-a194-bd68f4526f1c@group-A751954341BD: changes role from  FOLLOWER to CANDIDATE at term 2 for changeToCandidate
2025-09-19 20:45:22,099 [b5a25cc1-46d3-4381-a194-bd68f4526f1c@group-A751954341BD-FollowerState] INFO  impl.RoleInfo (RoleInfo.java:updateAndGet(148)) - b5a25cc1-46d3-4381-a194-bd68f4526f1c: start b5a25cc1-46d3-4381-a194-bd68f4526f1c@group-A751954341BD-LeaderElection219
2025-09-19 20:45:22,099 [b5a25cc1-46d3-4381-a194-bd68f4526f1c@group-A751954341BD-LeaderElection219] INFO  impl.LeaderElection (LeaderElection.java:askForVotes(448)) - b5a25cc1-46d3-4381-a194-bd68f4526f1c@group-A751954341BD-LeaderElection219 PRE_VOTE round 0: submit vote requests at term 2 for conf: {index: 1, cur=peers:[b5a25cc1-46d3-4381-a194-bd68f4526f1c|127.0.0.1:15031, 0df1231c-9f8a-4757-a7d0-f6d7f53bc482|127.0.0.1:15023, 8eb9963e-bce0-4155-aea2-e442cadff8bd|127.0.0.1:15015]|listeners:[], old=null}
2025-09-19 20:45:22,100 [grpc-default-executor-9] INFO  server.RaftServer$Division (RaftServerImpl.java:requestVote(1421)) - 0df1231c-9f8a-4757-a7d0-f6d7f53bc482@group-A751954341BD: receive requestVote(PRE_VOTE, b5a25cc1-46d3-4381-a194-bd68f4526f1c, group-A751954341BD, 2, (t:2, i:14))
2025-09-19 20:45:22,100 [grpc-default-executor-2] INFO  server.RaftServer$Division (RaftServerImpl.java:requestVote(1421)) - 8eb9963e-bce0-4155-aea2-e442cadff8bd@group-A751954341BD: receive requestVote(PRE_VOTE, b5a25cc1-46d3-4381-a194-bd68f4526f1c, group-A751954341BD, 2, (t:2, i:14))
2025-09-19 20:45:22,100 [grpc-default-executor-9] INFO  impl.VoteContext (VoteContext.java:log(49)) - 0df1231c-9f8a-4757-a7d0-f6d7f53bc482@group-A751954341BD-FOLLOWER: accept PRE_VOTE from b5a25cc1-46d3-4381-a194-bd68f4526f1c: our priority 0 <= candidate's priority 0
2025-09-19 20:45:22,100 [grpc-default-executor-2] INFO  impl.VoteContext (VoteContext.java:log(49)) - 8eb9963e-bce0-4155-aea2-e442cadff8bd@group-A751954341BD-FOLLOWER: reject PRE_VOTE from b5a25cc1-46d3-4381-a194-bd68f4526f1c: our priority 1 > candidate's priority 0
2025-09-19 20:45:22,100 [grpc-default-executor-2] INFO  server.RaftServer$Division (RaftServerImpl.java:requestVote(1455)) - 8eb9963e-bce0-4155-aea2-e442cadff8bd@group-A751954341BD replies to PRE_VOTE vote request: b5a25cc1-46d3-4381-a194-bd68f4526f1c<-8eb9963e-bce0-4155-aea2-e442cadff8bd#0:FAIL-t2-last:(t:2, i:14). Peer's state: 8eb9963e-bce0-4155-aea2-e442cadff8bd@group-A751954341BD:t2, leader=null, voted=8eb9963e-bce0-4155-aea2-e442cadff8bd, raftlog=Memoized:8eb9963e-bce0-4155-aea2-e442cadff8bd@group-A751954341BD-SegmentedRaftLog:OPENED:c14:last(t:2, i:14), conf=conf: {index: 1, cur=peers:[b5a25cc1-46d3-4381-a194-bd68f4526f1c|127.0.0.1:15031, 0df1231c-9f8a-4757-a7d0-f6d7f53bc482|127.0.0.1:15023, 8eb9963e-bce0-4155-aea2-e442cadff8bd|127.0.0.1:15015]|listeners:[], old=null}
2025-09-19 20:45:22,100 [grpc-default-executor-9] INFO  server.RaftServer$Division (RaftServerImpl.java:requestVote(1455)) - 0df1231c-9f8a-4757-a7d0-f6d7f53bc482@group-A751954341BD replies to PRE_VOTE vote request: b5a25cc1-46d3-4381-a194-bd68f4526f1c<-0df1231c-9f8a-4757-a7d0-f6d7f53bc482#0:OK-t2-last:(t:2, i:14). Peer's state: 0df1231c-9f8a-4757-a7d0-f6d7f53bc482@group-A751954341BD:t2, leader=null, voted=, raftlog=Memoized:0df1231c-9f8a-4757-a7d0-f6d7f53bc482@group-A751954341BD-SegmentedRaftLog:OPENED:c14:last(t:2, i:14), conf=conf: {index: 1, cur=peers:[b5a25cc1-46d3-4381-a194-bd68f4526f1c|127.0.0.1:15031, 0df1231c-9f8a-4757-a7d0-f6d7f53bc482|127.0.0.1:15023, 8eb9963e-bce0-4155-aea2-e442cadff8bd|127.0.0.1:15015]|listeners:[], old=null}
2025-09-19 20:45:22,101 [b5a25cc1-46d3-4381-a194-bd68f4526f1c@group-A751954341BD-LeaderElection219] INFO  impl.LeaderElection (LeaderElection.java:logAndReturn(206)) - b5a25cc1-46d3-4381-a194-bd68f4526f1c@group-A751954341BD-LeaderElection219: PRE_VOTE REJECTED received 1 response(s) and 0 exception(s):
2025-09-19 20:45:22,101 [b5a25cc1-46d3-4381-a194-bd68f4526f1c@group-A751954341BD-LeaderElection219] INFO  impl.LeaderElection (LeaderElection.java:logAndReturn(210)) -   Response 0: b5a25cc1-46d3-4381-a194-bd68f4526f1c<-8eb9963e-bce0-4155-aea2-e442cadff8bd#0:FAIL-t2-last:(t:2, i:14)
2025-09-19 20:45:22,101 [b5a25cc1-46d3-4381-a194-bd68f4526f1c@group-A751954341BD-LeaderElection219] INFO  impl.LeaderElection (LeaderElection.java:askForVotes(450)) - b5a25cc1-46d3-4381-a194-bd68f4526f1c@group-A751954341BD-LeaderElection219 PRE_VOTE round 0: result REJECTED
2025-09-19 20:45:22,101 [b5a25cc1-46d3-4381-a194-bd68f4526f1c@group-A751954341BD-LeaderElection219] INFO  server.RaftServer$Division (RaftServerImpl.java:setRole(392)) - b5a25cc1-46d3-4381-a194-bd68f4526f1c@group-A751954341BD: changes role from CANDIDATE to FOLLOWER at term 2 for REJECTED
2025-09-19 20:45:22,101 [b5a25cc1-46d3-4381-a194-bd68f4526f1c@group-A751954341BD-LeaderElection219] INFO  impl.RoleInfo (RoleInfo.java:shutdownLeaderElection(141)) - b5a25cc1-46d3-4381-a194-bd68f4526f1c: shutdown b5a25cc1-46d3-4381-a194-bd68f4526f1c@group-A751954341BD-LeaderElection219
2025-09-19 20:45:22,101 [b5a25cc1-46d3-4381-a194-bd68f4526f1c@group-A751954341BD-LeaderElection219] INFO  impl.RoleInfo (RoleInfo.java:updateAndGet(148)) - b5a25cc1-46d3-4381-a194-bd68f4526f1c: start b5a25cc1-46d3-4381-a194-bd68f4526f1c@group-A751954341BD-FollowerState
2025-09-19 20:45:22,386 [0df1231c-9f8a-4757-a7d0-f6d7f53bc482@group-715EBF8096A7-LeaderStateImpl] INFO  impl.TransferLeadership (TransferLeadership.java:tryTransferLeadership(258)) - 0df1231c-9f8a-4757-a7d0-f6d7f53bc482@group-715EBF8096A7: start transferring leadership to b5a25cc1-46d3-4381-a194-bd68f4526f1c
2025-09-19 20:45:22,386 [0df1231c-9f8a-4757-a7d0-f6d7f53bc482@group-715EBF8096A7-LeaderStateImpl] INFO  impl.TransferLeadership (TransferLeadership.java:sendStartLeaderElection(210)) - 0df1231c-9f8a-4757-a7d0-f6d7f53bc482@group-715EBF8096A7: sendStartLeaderElection to follower b5a25cc1-46d3-4381-a194-bd68f4526f1c, lastEntry=(t:6, i:14)
2025-09-19 20:45:22,386 [0df1231c-9f8a-4757-a7d0-f6d7f53bc482@group-715EBF8096A7-LeaderStateImpl] INFO  impl.TransferLeadership (TransferLeadership.java:tryTransferLeadership(266)) - 0df1231c-9f8a-4757-a7d0-f6d7f53bc482@group-715EBF8096A7: SUCCESS sent StartLeaderElection to transferee b5a25cc1-46d3-4381-a194-bd68f4526f1c immediately as it already has up-to-date log
2025-09-19 20:45:22,387 [grpc-default-executor-9] INFO  impl.RoleInfo (RoleInfo.java:shutdownFollowerState(121)) - b5a25cc1-46d3-4381-a194-bd68f4526f1c: shutdown b5a25cc1-46d3-4381-a194-bd68f4526f1c@group-715EBF8096A7-FollowerState
2025-09-19 20:45:22,387 [grpc-default-executor-9] INFO  server.RaftServer$Division (RaftServerImpl.java:setRole(392)) - b5a25cc1-46d3-4381-a194-bd68f4526f1c@group-715EBF8096A7: changes role from  FOLLOWER to CANDIDATE at term 6 for changeToCandidate
2025-09-19 20:45:22,387 [b5a25cc1-46d3-4381-a194-bd68f4526f1c@group-715EBF8096A7-FollowerState] INFO  impl.FollowerState (FollowerState.java:runImpl(170)) - b5a25cc1-46d3-4381-a194-bd68f4526f1c@group-715EBF8096A7-FollowerState was interrupted
2025-09-19 20:45:22,387 [grpc-default-executor-9] INFO  server.RaftServer$Division (ServerState.java:setLeader(272)) - b5a25cc1-46d3-4381-a194-bd68f4526f1c@group-715EBF8096A7: change Leader from 0df1231c-9f8a-4757-a7d0-f6d7f53bc482 to null at term 6 for ELECTION
2025-09-19 20:45:22,388 [grpc-default-executor-9] INFO  impl.RoleInfo (RoleInfo.java:updateAndGet(148)) - b5a25cc1-46d3-4381-a194-bd68f4526f1c: start b5a25cc1-46d3-4381-a194-bd68f4526f1c@group-715EBF8096A7-LeaderElection220
2025-09-19 20:45:22,389 [b5a25cc1-46d3-4381-a194-bd68f4526f1c@group-715EBF8096A7-LeaderElection220] INFO  impl.LeaderElection (LeaderElection.java:askForVotes(448)) - b5a25cc1-46d3-4381-a194-bd68f4526f1c@group-715EBF8096A7-LeaderElection220 ELECTION round 0: submit vote requests at term 7 for conf: {index: 13, cur=peers:[b5a25cc1-46d3-4381-a194-bd68f4526f1c|127.0.0.1:15031, 0df1231c-9f8a-4757-a7d0-f6d7f53bc482|127.0.0.1:15023, 8eb9963e-bce0-4155-aea2-e442cadff8bd|127.0.0.1:15015]|listeners:[], old=null}
2025-09-19 20:45:22,389 [0df1231c-9f8a-4757-a7d0-f6d7f53bc482-server-thread1] INFO  impl.TransferLeadership (TransferLeadership.java:lambda$sendStartLeaderElection$2(224)) - 0df1231c-9f8a-4757-a7d0-f6d7f53bc482@group-715EBF8096A7: Received startLeaderElection reply from b5a25cc1-46d3-4381-a194-bd68f4526f1c: success? true
2025-09-19 20:45:22,390 [grpc-default-executor-9] INFO  server.RaftServer$Division (RaftServerImpl.java:requestVote(1421)) - 8eb9963e-bce0-4155-aea2-e442cadff8bd@group-715EBF8096A7: receive requestVote(ELECTION, b5a25cc1-46d3-4381-a194-bd68f4526f1c, group-715EBF8096A7, 7, (t:6, i:14))
2025-09-19 20:45:22,390 [grpc-default-executor-9] INFO  impl.VoteContext (VoteContext.java:log(49)) - 8eb9963e-bce0-4155-aea2-e442cadff8bd@group-715EBF8096A7-FOLLOWER: accept ELECTION from b5a25cc1-46d3-4381-a194-bd68f4526f1c: our priority 0 <= candidate's priority 1
2025-09-19 20:45:22,390 [grpc-default-executor-9] INFO  server.RaftServer$Division (RaftServerImpl.java:setRole(392)) - 8eb9963e-bce0-4155-aea2-e442cadff8bd@group-715EBF8096A7: changes role from  FOLLOWER to FOLLOWER at term 6 for candidate:b5a25cc1-46d3-4381-a194-bd68f4526f1c
2025-09-19 20:45:22,390 [grpc-default-executor-2] INFO  server.RaftServer$Division (RaftServerImpl.java:requestVote(1421)) - 0df1231c-9f8a-4757-a7d0-f6d7f53bc482@group-715EBF8096A7: receive requestVote(ELECTION, b5a25cc1-46d3-4381-a194-bd68f4526f1c, group-715EBF8096A7, 7, (t:6, i:14))
2025-09-19 20:45:22,390 [grpc-default-executor-9] INFO  impl.RoleInfo (RoleInfo.java:shutdownFollowerState(121)) - 8eb9963e-bce0-4155-aea2-e442cadff8bd: shutdown 8eb9963e-bce0-4155-aea2-e442cadff8bd@group-715EBF8096A7-FollowerState
2025-09-19 20:45:22,390 [grpc-default-executor-2] INFO  impl.VoteContext (VoteContext.java:log(49)) - 0df1231c-9f8a-4757-a7d0-f6d7f53bc482@group-715EBF8096A7-LEADER: accept ELECTION from b5a25cc1-46d3-4381-a194-bd68f4526f1c: our priority 0 <= candidate's priority 1
2025-09-19 20:45:22,390 [grpc-default-executor-9] INFO  server.RaftServer$Division (ServerState.java:setLeader(272)) - 8eb9963e-bce0-4155-aea2-e442cadff8bd@group-715EBF8096A7: change Leader from 0df1231c-9f8a-4757-a7d0-f6d7f53bc482 to null at term 7 for updateCurrentTerm
2025-09-19 20:45:22,390 [grpc-default-executor-2] INFO  server.RaftServer$Division (RaftServerImpl.java:setRole(392)) - 0df1231c-9f8a-4757-a7d0-f6d7f53bc482@group-715EBF8096A7: changes role from    LEADER to FOLLOWER at term 6 for candidate:b5a25cc1-46d3-4381-a194-bd68f4526f1c
2025-09-19 20:45:22,390 [grpc-default-executor-9] INFO  impl.RoleInfo (RoleInfo.java:updateAndGet(148)) - 8eb9963e-bce0-4155-aea2-e442cadff8bd: start 8eb9963e-bce0-4155-aea2-e442cadff8bd@group-715EBF8096A7-FollowerState
2025-09-19 20:45:22,390 [grpc-default-executor-2] INFO  impl.RoleInfo (RoleInfo.java:shutdownLeaderState(103)) - 0df1231c-9f8a-4757-a7d0-f6d7f53bc482: shutdown 0df1231c-9f8a-4757-a7d0-f6d7f53bc482@group-715EBF8096A7-LeaderStateImpl
2025-09-19 20:45:22,390 [8eb9963e-bce0-4155-aea2-e442cadff8bd@group-715EBF8096A7-FollowerState] INFO  impl.FollowerState (FollowerState.java:runImpl(170)) - 8eb9963e-bce0-4155-aea2-e442cadff8bd@group-715EBF8096A7-FollowerState was interrupted
2025-09-19 20:45:22,391 [8eb9963e-bce0-4155-aea2-e442cadff8bd@group-A751954341BD-FollowerState] INFO  impl.FollowerState (FollowerState.java:runImpl(161)) - 8eb9963e-bce0-4155-aea2-e442cadff8bd@group-A751954341BD-FollowerState: change to CANDIDATE, lastRpcElapsedTime:1192913417ns, electionTimeout:1192ms
2025-09-19 20:45:22,391 [grpc-default-executor-2] INFO  impl.PendingRequests (PendingRequests.java:sendNotLeaderResponses(287)) - 0df1231c-9f8a-4757-a7d0-f6d7f53bc482@group-715EBF8096A7-PendingRequests: sendNotLeaderResponses
2025-09-19 20:45:22,391 [0df1231c-9f8a-4757-a7d0-f6d7f53bc482@group-715EBF8096A7->b5a25cc1-46d3-4381-a194-bd68f4526f1c-GrpcLogAppender-LogAppenderDaemon] WARN  server.GrpcLogAppender (GrpcLogAppender.java:mayWait(300)) - 0df1231c-9f8a-4757-a7d0-f6d7f53bc482@group-715EBF8096A7->b5a25cc1-46d3-4381-a194-bd68f4526f1c-GrpcLogAppender: Wait interrupted by java.lang.InterruptedException
2025-09-19 20:45:22,391 [0df1231c-9f8a-4757-a7d0-f6d7f53bc482@group-715EBF8096A7->8eb9963e-bce0-4155-aea2-e442cadff8bd-GrpcLogAppender-LogAppenderDaemon] WARN  server.GrpcLogAppender (GrpcLogAppender.java:mayWait(300)) - 0df1231c-9f8a-4757-a7d0-f6d7f53bc482@group-715EBF8096A7->8eb9963e-bce0-4155-aea2-e442cadff8bd-GrpcLogAppender: Wait interrupted by java.lang.InterruptedException
2025-09-19 20:45:22,391 [8eb9963e-bce0-4155-aea2-e442cadff8bd@group-A751954341BD-FollowerState] INFO  impl.RoleInfo (RoleInfo.java:shutdownFollowerState(121)) - 8eb9963e-bce0-4155-aea2-e442cadff8bd: shutdown 8eb9963e-bce0-4155-aea2-e442cadff8bd@group-A751954341BD-FollowerState
2025-09-19 20:45:22,392 [8eb9963e-bce0-4155-aea2-e442cadff8bd@group-A751954341BD-FollowerState] INFO  server.RaftServer$Division (RaftServerImpl.java:setRole(392)) - 8eb9963e-bce0-4155-aea2-e442cadff8bd@group-A751954341BD: changes role from  FOLLOWER to CANDIDATE at term 2 for changeToCandidate
2025-09-19 20:45:22,392 [8eb9963e-bce0-4155-aea2-e442cadff8bd@group-A751954341BD-FollowerState] INFO  impl.RoleInfo (RoleInfo.java:updateAndGet(148)) - 8eb9963e-bce0-4155-aea2-e442cadff8bd: start 8eb9963e-bce0-4155-aea2-e442cadff8bd@group-A751954341BD-LeaderElection221
2025-09-19 20:45:22,392 [grpc-default-executor-3] INFO  server.GrpcServerProtocolService (GrpcServerProtocolService.java:lambda$onCompleted$6(171)) - b5a25cc1-46d3-4381-a194-bd68f4526f1c: Completed APPEND_ENTRIES, lastRequest: 0df1231c-9f8a-4757-a7d0-f6d7f53bc482->b5a25cc1-46d3-4381-a194-bd68f4526f1c#3-t6,previous=(t:6, i:13),leaderCommit=13,initializing? false,entries: size=1, first=(t:6, i:14), METADATAENTRY(c:13) 
2025-09-19 20:45:22,392 [grpc-default-executor-3] INFO  server.GrpcServerProtocolService (GrpcServerProtocolService.java:lambda$null$7(175)) - b5a25cc1-46d3-4381-a194-bd68f4526f1c: Completed APPEND_ENTRIES, lastReply: null 
2025-09-19 20:45:22,392 [8eb9963e-bce0-4155-aea2-e442cadff8bd@group-A751954341BD-LeaderElection221] INFO  impl.LeaderElection (LeaderElection.java:askForVotes(448)) - 8eb9963e-bce0-4155-aea2-e442cadff8bd@group-A751954341BD-LeaderElection221 PRE_VOTE round 0: submit vote requests at term 2 for conf: {index: 1, cur=peers:[b5a25cc1-46d3-4381-a194-bd68f4526f1c|127.0.0.1:15031, 0df1231c-9f8a-4757-a7d0-f6d7f53bc482|127.0.0.1:15023, 8eb9963e-bce0-4155-aea2-e442cadff8bd|127.0.0.1:15015]|listeners:[], old=null}
2025-09-19 20:45:22,392 [grpc-default-executor-5] INFO  server.GrpcServerProtocolService (GrpcServerProtocolService.java:lambda$null$7(175)) - 8eb9963e-bce0-4155-aea2-e442cadff8bd: Completed APPEND_ENTRIES, lastReply: null 
2025-09-19 20:45:22,392 [grpc-default-executor-6] INFO  server.GrpcServerProtocolService (GrpcServerProtocolService.java:lambda$onCompleted$6(171)) - 8eb9963e-bce0-4155-aea2-e442cadff8bd: Completed APPEND_ENTRIES, lastRequest: null 
2025-09-19 20:45:22,393 [grpc-default-executor-3] INFO  server.GrpcLogAppender (GrpcLogAppender.java:onCompleted(558)) - 0df1231c-9f8a-4757-a7d0-f6d7f53bc482@group-715EBF8096A7->b5a25cc1-46d3-4381-a194-bd68f4526f1c-AppendLogResponseHandler: follower responses appendEntries COMPLETED
2025-09-19 20:45:22,393 [grpc-default-executor-7] INFO  server.GrpcLogAppender (GrpcLogAppender.java:onCompleted(558)) - 0df1231c-9f8a-4757-a7d0-f6d7f53bc482@group-715EBF8096A7->8eb9963e-bce0-4155-aea2-e442cadff8bd-AppendLogResponseHandler: follower responses appendEntries COMPLETED
2025-09-19 20:45:22,393 [grpc-default-executor-9] INFO  server.RaftServer$Division (RaftServerImpl.java:requestVote(1455)) - 8eb9963e-bce0-4155-aea2-e442cadff8bd@group-715EBF8096A7 replies to ELECTION vote request: b5a25cc1-46d3-4381-a194-bd68f4526f1c<-8eb9963e-bce0-4155-aea2-e442cadff8bd#0:OK-t7-last:(t:6, i:14). Peer's state: 8eb9963e-bce0-4155-aea2-e442cadff8bd@group-715EBF8096A7:t7, leader=null, voted=b5a25cc1-46d3-4381-a194-bd68f4526f1c, raftlog=Memoized:8eb9963e-bce0-4155-aea2-e442cadff8bd@group-715EBF8096A7-SegmentedRaftLog:OPENED:c14:last(t:6, i:14), conf=conf: {index: 13, cur=peers:[b5a25cc1-46d3-4381-a194-bd68f4526f1c|127.0.0.1:15031, 0df1231c-9f8a-4757-a7d0-f6d7f53bc482|127.0.0.1:15023, 8eb9963e-bce0-4155-aea2-e442cadff8bd|127.0.0.1:15015]|listeners:[], old=null}
2025-09-19 20:45:22,394 [grpc-default-executor-8] INFO  server.GrpcLogAppender (GrpcLogAppender.java:onCompleted(558)) - 0df1231c-9f8a-4757-a7d0-f6d7f53bc482@group-715EBF8096A7->8eb9963e-bce0-4155-aea2-e442cadff8bd-AppendLogResponseHandler: follower responses appendEntries COMPLETED
2025-09-19 20:45:22,393 [grpc-default-executor-2] INFO  server.RaftServer$Division (ServerState.java:setLeader(272)) - 0df1231c-9f8a-4757-a7d0-f6d7f53bc482@group-715EBF8096A7: change Leader from 0df1231c-9f8a-4757-a7d0-f6d7f53bc482 to null at term 6 for candidate:b5a25cc1-46d3-4381-a194-bd68f4526f1c
2025-09-19 20:45:22,393 [grpc-default-executor-5] INFO  server.GrpcLogAppender (GrpcLogAppender.java:onCompleted(558)) - 0df1231c-9f8a-4757-a7d0-f6d7f53bc482@group-715EBF8096A7->b5a25cc1-46d3-4381-a194-bd68f4526f1c-AppendLogResponseHandler: follower responses appendEntries COMPLETED
2025-09-19 20:45:22,394 [grpc-default-executor-2] INFO  impl.RoleInfo (RoleInfo.java:updateAndGet(148)) - 0df1231c-9f8a-4757-a7d0-f6d7f53bc482: start 0df1231c-9f8a-4757-a7d0-f6d7f53bc482@group-715EBF8096A7-FollowerState
2025-09-19 20:45:22,393 [8eb9963e-bce0-4155-aea2-e442cadff8bd@group-A751954341BD-LeaderElection221] INFO  impl.LeaderElection (LogUtils.java:infoOrTrace(142)) - 8eb9963e-bce0-4155-aea2-e442cadff8bd@group-A751954341BD-LeaderElection221 got exception when requesting votes: java.util.concurrent.ExecutionException: org.apache.ratis.thirdparty.io.grpc.StatusRuntimeException: UNAVAILABLE: io exception
2025-09-19 20:45:22,394 [8eb9963e-bce0-4155-aea2-e442cadff8bd@group-A751954341BD-LeaderElection221] INFO  impl.LeaderElection (LogUtils.java:infoOrTrace(142)) - 8eb9963e-bce0-4155-aea2-e442cadff8bd@group-A751954341BD-LeaderElection221 got exception when requesting votes: java.util.concurrent.ExecutionException: org.apache.ratis.thirdparty.io.grpc.StatusRuntimeException: UNAVAILABLE: io exception
2025-09-19 20:45:22,394 [8eb9963e-bce0-4155-aea2-e442cadff8bd@group-A751954341BD-LeaderElection221] INFO  impl.LeaderElection (LeaderElection.java:logAndReturn(206)) - 8eb9963e-bce0-4155-aea2-e442cadff8bd@group-A751954341BD-LeaderElection221: PRE_VOTE REJECTED received 0 response(s) and 2 exception(s):
2025-09-19 20:45:22,394 [8eb9963e-bce0-4155-aea2-e442cadff8bd@group-A751954341BD-LeaderElection221] INFO  impl.LeaderElection (LogUtils.java:infoOrTrace(142)) -   Exception 0: java.util.concurrent.ExecutionException: org.apache.ratis.thirdparty.io.grpc.StatusRuntimeException: UNAVAILABLE: io exception
2025-09-19 20:45:22,394 [8eb9963e-bce0-4155-aea2-e442cadff8bd@group-A751954341BD-LeaderElection221] INFO  impl.LeaderElection (LogUtils.java:infoOrTrace(142)) -   Exception 1: java.util.concurrent.ExecutionException: org.apache.ratis.thirdparty.io.grpc.StatusRuntimeException: UNAVAILABLE: io exception
2025-09-19 20:45:22,394 [8eb9963e-bce0-4155-aea2-e442cadff8bd@group-A751954341BD-LeaderElection221] INFO  impl.LeaderElection (LeaderElection.java:askForVotes(450)) - 8eb9963e-bce0-4155-aea2-e442cadff8bd@group-A751954341BD-LeaderElection221 PRE_VOTE round 0: result REJECTED
2025-09-19 20:45:22,394 [8eb9963e-bce0-4155-aea2-e442cadff8bd@group-A751954341BD-LeaderElection221] INFO  server.RaftServer$Division (RaftServerImpl.java:setRole(392)) - 8eb9963e-bce0-4155-aea2-e442cadff8bd@group-A751954341BD: changes role from CANDIDATE to FOLLOWER at term 2 for REJECTED
2025-09-19 20:45:22,394 [8eb9963e-bce0-4155-aea2-e442cadff8bd@group-A751954341BD-LeaderElection221] INFO  impl.RoleInfo (RoleInfo.java:shutdownLeaderElection(141)) - 8eb9963e-bce0-4155-aea2-e442cadff8bd: shutdown 8eb9963e-bce0-4155-aea2-e442cadff8bd@group-A751954341BD-LeaderElection221
2025-09-19 20:45:22,394 [8eb9963e-bce0-4155-aea2-e442cadff8bd@group-A751954341BD-LeaderElection221] INFO  impl.RoleInfo (RoleInfo.java:updateAndGet(148)) - 8eb9963e-bce0-4155-aea2-e442cadff8bd: start 8eb9963e-bce0-4155-aea2-e442cadff8bd@group-A751954341BD-FollowerState
2025-09-19 20:45:22,394 [b5a25cc1-46d3-4381-a194-bd68f4526f1c@group-715EBF8096A7-LeaderElection220] INFO  impl.LeaderElection (LeaderElection.java:logAndReturn(206)) - b5a25cc1-46d3-4381-a194-bd68f4526f1c@group-715EBF8096A7-LeaderElection220: ELECTION PASSED received 1 response(s) and 0 exception(s):
2025-09-19 20:45:22,394 [b5a25cc1-46d3-4381-a194-bd68f4526f1c@group-715EBF8096A7-LeaderElection220] INFO  impl.LeaderElection (LeaderElection.java:logAndReturn(210)) -   Response 0: b5a25cc1-46d3-4381-a194-bd68f4526f1c<-8eb9963e-bce0-4155-aea2-e442cadff8bd#0:OK-t7-last:(t:6, i:14)
2025-09-19 20:45:22,395 [b5a25cc1-46d3-4381-a194-bd68f4526f1c@group-715EBF8096A7-LeaderElection220] INFO  impl.LeaderElection (LeaderElection.java:askForVotes(450)) - b5a25cc1-46d3-4381-a194-bd68f4526f1c@group-715EBF8096A7-LeaderElection220 ELECTION round 0: result PASSED
2025-09-19 20:45:22,395 [b5a25cc1-46d3-4381-a194-bd68f4526f1c@group-715EBF8096A7-LeaderElection220] INFO  impl.RoleInfo (RoleInfo.java:shutdownLeaderElection(141)) - b5a25cc1-46d3-4381-a194-bd68f4526f1c: shutdown b5a25cc1-46d3-4381-a194-bd68f4526f1c@group-715EBF8096A7-LeaderElection220
2025-09-19 20:45:22,395 [b5a25cc1-46d3-4381-a194-bd68f4526f1c@group-715EBF8096A7-LeaderElection220] INFO  server.RaftServer$Division (RaftServerImpl.java:setRole(392)) - b5a25cc1-46d3-4381-a194-bd68f4526f1c@group-715EBF8096A7: changes role from CANDIDATE to LEADER at term 7 for changeToLeader
2025-09-19 20:45:22,395 [b5a25cc1-46d3-4381-a194-bd68f4526f1c@group-715EBF8096A7-LeaderElection220] INFO  server.RaftServerConfigKeys (ConfUtils.java:logFallback(69)) - raft.server.staging.timeout = 3600ms (fallback to raft.server.rpc.timeout.max)
2025-09-19 20:45:22,395 [b5a25cc1-46d3-4381-a194-bd68f4526f1c@group-715EBF8096A7-LeaderElection220] INFO  server.RaftServerConfigKeys (ConfUtils.java:logGet(62)) - raft.server.write.byte-limit = 1024 M (=1073741824) (custom)
2025-09-19 20:45:22,395 [grpc-default-executor-2] INFO  server.RaftServer$Division (RaftServerImpl.java:requestVote(1455)) - 0df1231c-9f8a-4757-a7d0-f6d7f53bc482@group-715EBF8096A7 replies to ELECTION vote request: b5a25cc1-46d3-4381-a194-bd68f4526f1c<-0df1231c-9f8a-4757-a7d0-f6d7f53bc482#0:OK-t7-last:(t:6, i:14). Peer's state: 0df1231c-9f8a-4757-a7d0-f6d7f53bc482@group-715EBF8096A7:t7, leader=null, voted=b5a25cc1-46d3-4381-a194-bd68f4526f1c, raftlog=Memoized:0df1231c-9f8a-4757-a7d0-f6d7f53bc482@group-715EBF8096A7-SegmentedRaftLog:OPENED:c14:last(t:6, i:14), conf=conf: {index: 13, cur=peers:[b5a25cc1-46d3-4381-a194-bd68f4526f1c|127.0.0.1:15031, 0df1231c-9f8a-4757-a7d0-f6d7f53bc482|127.0.0.1:15023, 8eb9963e-bce0-4155-aea2-e442cadff8bd|127.0.0.1:15015]|listeners:[], old=null}
2025-09-19 20:45:22,397 [b5a25cc1-46d3-4381-a194-bd68f4526f1c@group-715EBF8096A7-LeaderElection220] INFO  server.RaftServerConfigKeys (ConfUtils.java:logGet(62)) - raft.server.log.appender.buffer.byte-limit = 33554432 (custom)
2025-09-19 20:45:22,398 [b5a25cc1-46d3-4381-a194-bd68f4526f1c@group-715EBF8096A7-LeaderElection220] INFO  server.RaftServerConfigKeys (ConfUtils.java:logGet(62)) - raft.server.log.appender.buffer.byte-limit = 33554432 (custom)
2025-09-19 20:45:22,398 [b5a25cc1-46d3-4381-a194-bd68f4526f1c@group-715EBF8096A7-LeaderElection220] INFO  impl.RoleInfo (RoleInfo.java:updateAndGet(148)) - b5a25cc1-46d3-4381-a194-bd68f4526f1c: start b5a25cc1-46d3-4381-a194-bd68f4526f1c@group-715EBF8096A7-LeaderStateImpl
2025-09-19 20:45:22,398 [b5a25cc1-46d3-4381-a194-bd68f4526f1c@group-715EBF8096A7-LeaderElection220] INFO  ratis.XceiverServerRatis (XceiverServerRatis.java:handleLeaderChangedNotification(942)) - Leader change notification received for group: group-715EBF8096A7 with new leaderId: b5a25cc1-46d3-4381-a194-bd68f4526f1c
2025-09-19 20:45:22,399 [b5a25cc1-46d3-4381-a194-bd68f4526f1c@group-715EBF8096A7-LeaderElection220] INFO  server.RaftServer$Division (ServerState.java:setLeader(272)) - b5a25cc1-46d3-4381-a194-bd68f4526f1c@group-715EBF8096A7: change Leader from null to b5a25cc1-46d3-4381-a194-bd68f4526f1c at term 7 for becomeLeader, leader elected after 11ms
2025-09-19 20:45:22,399 [b5a25cc1-46d3-4381-a194-bd68f4526f1c@group-715EBF8096A7-LeaderElection220] INFO  segmented.SegmentedRaftLogWorker (SegmentedRaftLogWorker.java:rollLogSegment(445)) - b5a25cc1-46d3-4381-a194-bd68f4526f1c@group-715EBF8096A7-SegmentedRaftLogWorker: Rolling segment log-13_14 to index:14
2025-09-19 20:45:22,399 [b5a25cc1-46d3-4381-a194-bd68f4526f1c@group-715EBF8096A7-LeaderElection220] INFO  server.RaftServer$Division (ServerState.java:setRaftConf(386)) - b5a25cc1-46d3-4381-a194-bd68f4526f1c@group-715EBF8096A7: set configuration conf: {index: 15, cur=peers:[b5a25cc1-46d3-4381-a194-bd68f4526f1c|127.0.0.1:15031, 0df1231c-9f8a-4757-a7d0-f6d7f53bc482|127.0.0.1:15023, 8eb9963e-bce0-4155-aea2-e442cadff8bd|127.0.0.1:15015]|listeners:[], old=null}
2025-09-19 20:45:22,400 [b5a25cc1-46d3-4381-a194-bd68f4526f1c@group-715EBF8096A7-SegmentedRaftLogWorker] INFO  segmented.SegmentedRaftLogWorker (SegmentedRaftLogWorker.java:execute(604)) - b5a25cc1-46d3-4381-a194-bd68f4526f1c@group-715EBF8096A7-SegmentedRaftLogWorker: Rolled log segment from /home/runner/work/ozone/ozone/hadoop-ozone/integration-test/target/test-dir/MiniOzoneClusterImpl-990002c2-bb69-4aa2-bd68-28a5e13e86ef/ozone-metadata/datanode-3/ratis/958000d3-2396-49be-82e9-715ebf8096a7/current/log_inprogress_13 to /home/runner/work/ozone/ozone/hadoop-ozone/integration-test/target/test-dir/MiniOzoneClusterImpl-990002c2-bb69-4aa2-bd68-28a5e13e86ef/ozone-metadata/datanode-3/ratis/958000d3-2396-49be-82e9-715ebf8096a7/current/log_13-14
2025-09-19 20:45:22,400 [b5a25cc1-46d3-4381-a194-bd68f4526f1c@group-715EBF8096A7-SegmentedRaftLogWorker] INFO  segmented.BufferedWriteChannel (BufferedWriteChannel.java:open(61)) - open log_inprogress_15 at position 0
2025-09-19 20:45:22,404 [grpc-default-executor-5] INFO  ratis.XceiverServerRatis (XceiverServerRatis.java:handleLeaderChangedNotification(942)) - Leader change notification received for group: group-715EBF8096A7 with new leaderId: b5a25cc1-46d3-4381-a194-bd68f4526f1c
2025-09-19 20:45:22,404 [grpc-default-executor-5] INFO  server.RaftServer$Division (ServerState.java:setLeader(272)) - 0df1231c-9f8a-4757-a7d0-f6d7f53bc482@group-715EBF8096A7: change Leader from null to b5a25cc1-46d3-4381-a194-bd68f4526f1c at term 7 for appendEntries, leader elected after 10ms
2025-09-19 20:45:22,405 [grpc-default-executor-9] INFO  server.RaftServer$Division (ServerState.java:setRaftConf(386)) - 0df1231c-9f8a-4757-a7d0-f6d7f53bc482@group-715EBF8096A7: set configuration conf: {index: 15, cur=peers:[b5a25cc1-46d3-4381-a194-bd68f4526f1c|127.0.0.1:15031, 0df1231c-9f8a-4757-a7d0-f6d7f53bc482|127.0.0.1:15023, 8eb9963e-bce0-4155-aea2-e442cadff8bd|127.0.0.1:15015]|listeners:[], old=null}
2025-09-19 20:45:22,405 [grpc-default-executor-9] INFO  segmented.SegmentedRaftLogWorker (SegmentedRaftLogWorker.java:rollLogSegment(445)) - 0df1231c-9f8a-4757-a7d0-f6d7f53bc482@group-715EBF8096A7-SegmentedRaftLogWorker: Rolling segment log-13_14 to index:14
2025-09-19 20:45:22,405 [grpc-default-executor-2] INFO  ratis.XceiverServerRatis (XceiverServerRatis.java:handleLeaderChangedNotification(942)) - Leader change notification received for group: group-715EBF8096A7 with new leaderId: b5a25cc1-46d3-4381-a194-bd68f4526f1c
2025-09-19 20:45:22,406 [grpc-default-executor-2] INFO  server.RaftServer$Division (ServerState.java:setLeader(272)) - 8eb9963e-bce0-4155-aea2-e442cadff8bd@group-715EBF8096A7: change Leader from null to b5a25cc1-46d3-4381-a194-bd68f4526f1c at term 7 for appendEntries, leader elected after 14ms
2025-09-19 20:45:22,406 [grpc-default-executor-5] INFO  server.RaftServer$Division (ServerState.java:setRaftConf(386)) - 8eb9963e-bce0-4155-aea2-e442cadff8bd@group-715EBF8096A7: set configuration conf: {index: 15, cur=peers:[b5a25cc1-46d3-4381-a194-bd68f4526f1c|127.0.0.1:15031, 0df1231c-9f8a-4757-a7d0-f6d7f53bc482|127.0.0.1:15023, 8eb9963e-bce0-4155-aea2-e442cadff8bd|127.0.0.1:15015]|listeners:[], old=null}
2025-09-19 20:45:22,407 [grpc-default-executor-5] INFO  segmented.SegmentedRaftLogWorker (SegmentedRaftLogWorker.java:rollLogSegment(445)) - 8eb9963e-bce0-4155-aea2-e442cadff8bd@group-715EBF8096A7-SegmentedRaftLogWorker: Rolling segment log-13_14 to index:14
2025-09-19 20:45:22,407 [0df1231c-9f8a-4757-a7d0-f6d7f53bc482@group-715EBF8096A7-SegmentedRaftLogWorker] INFO  segmented.SegmentedRaftLogWorker (SegmentedRaftLogWorker.java:execute(604)) - 0df1231c-9f8a-4757-a7d0-f6d7f53bc482@group-715EBF8096A7-SegmentedRaftLogWorker: Rolled log segment from /home/runner/work/ozone/ozone/hadoop-ozone/integration-test/target/test-dir/MiniOzoneClusterImpl-990002c2-bb69-4aa2-bd68-28a5e13e86ef/ozone-metadata/datanode-2/ratis/958000d3-2396-49be-82e9-715ebf8096a7/current/log_inprogress_13 to /home/runner/work/ozone/ozone/hadoop-ozone/integration-test/target/test-dir/MiniOzoneClusterImpl-990002c2-bb69-4aa2-bd68-28a5e13e86ef/ozone-metadata/datanode-2/ratis/958000d3-2396-49be-82e9-715ebf8096a7/current/log_13-14
2025-09-19 20:45:22,407 [0df1231c-9f8a-4757-a7d0-f6d7f53bc482@group-715EBF8096A7-SegmentedRaftLogWorker] INFO  segmented.BufferedWriteChannel (BufferedWriteChannel.java:open(61)) - open log_inprogress_15 at position 0
2025-09-19 20:45:22,408 [b5a25cc1-46d3-4381-a194-bd68f4526f1c@group-715EBF8096A7-SegmentedRaftLogWorker] INFO  segmented.SegmentedRaftLogWorker (SegmentedRaftLogWorker.java:execute(647)) - b5a25cc1-46d3-4381-a194-bd68f4526f1c@group-715EBF8096A7-SegmentedRaftLogWorker: created new log segment /home/runner/work/ozone/ozone/hadoop-ozone/integration-test/target/test-dir/MiniOzoneClusterImpl-990002c2-bb69-4aa2-bd68-28a5e13e86ef/ozone-metadata/datanode-3/ratis/958000d3-2396-49be-82e9-715ebf8096a7/current/log_inprogress_15
2025-09-19 20:45:22,408 [8eb9963e-bce0-4155-aea2-e442cadff8bd@group-715EBF8096A7-SegmentedRaftLogWorker] INFO  segmented.SegmentedRaftLogWorker (SegmentedRaftLogWorker.java:execute(604)) - 8eb9963e-bce0-4155-aea2-e442cadff8bd@group-715EBF8096A7-SegmentedRaftLogWorker: Rolled log segment from /home/runner/work/ozone/ozone/hadoop-ozone/integration-test/target/test-dir/MiniOzoneClusterImpl-990002c2-bb69-4aa2-bd68-28a5e13e86ef/ozone-metadata/datanode-1/ratis/958000d3-2396-49be-82e9-715ebf8096a7/current/log_inprogress_13 to /home/runner/work/ozone/ozone/hadoop-ozone/integration-test/target/test-dir/MiniOzoneClusterImpl-990002c2-bb69-4aa2-bd68-28a5e13e86ef/ozone-metadata/datanode-1/ratis/958000d3-2396-49be-82e9-715ebf8096a7/current/log_13-14
2025-09-19 20:45:22,408 [8eb9963e-bce0-4155-aea2-e442cadff8bd@group-715EBF8096A7-SegmentedRaftLogWorker] INFO  segmented.BufferedWriteChannel (BufferedWriteChannel.java:open(61)) - open log_inprogress_15 at position 0
2025-09-19 20:45:22,413 [0df1231c-9f8a-4757-a7d0-f6d7f53bc482@group-715EBF8096A7-SegmentedRaftLogWorker] INFO  segmented.SegmentedRaftLogWorker (SegmentedRaftLogWorker.java:execute(647)) - 0df1231c-9f8a-4757-a7d0-f6d7f53bc482@group-715EBF8096A7-SegmentedRaftLogWorker: created new log segment /home/runner/work/ozone/ozone/hadoop-ozone/integration-test/target/test-dir/MiniOzoneClusterImpl-990002c2-bb69-4aa2-bd68-28a5e13e86ef/ozone-metadata/datanode-2/ratis/958000d3-2396-49be-82e9-715ebf8096a7/current/log_inprogress_15
2025-09-19 20:45:22,415 [8eb9963e-bce0-4155-aea2-e442cadff8bd@group-715EBF8096A7-SegmentedRaftLogWorker] INFO  segmented.SegmentedRaftLogWorker (SegmentedRaftLogWorker.java:execute(647)) - 8eb9963e-bce0-4155-aea2-e442cadff8bd@group-715EBF8096A7-SegmentedRaftLogWorker: created new log segment /home/runner/work/ozone/ozone/hadoop-ozone/integration-test/target/test-dir/MiniOzoneClusterImpl-990002c2-bb69-4aa2-bd68-28a5e13e86ef/ozone-metadata/datanode-1/ratis/958000d3-2396-49be-82e9-715ebf8096a7/current/log_inprogress_15
2025-09-19 20:45:22,416 [b5a25cc1-46d3-4381-a194-bd68f4526f1c@group-715EBF8096A7-StateMachineUpdater] INFO  server.RaftServer$Division (LeaderStateImpl.java:checkStartIndex(309)) - Leader b5a25cc1-46d3-4381-a194-bd68f4526f1c@group-715EBF8096A7-LeaderStateImpl is ready since appliedIndex == startIndex == 15
2025-09-19 20:45:23,191 [b5a25cc1-46d3-4381-a194-bd68f4526f1c@group-A751954341BD-FollowerState] INFO  impl.FollowerState (FollowerState.java:runImpl(161)) - b5a25cc1-46d3-4381-a194-bd68f4526f1c@group-A751954341BD-FollowerState: change to CANDIDATE, lastRpcElapsedTime:1089328869ns, electionTimeout:1089ms
2025-09-19 20:45:23,191 [b5a25cc1-46d3-4381-a194-bd68f4526f1c@group-A751954341BD-FollowerState] INFO  impl.RoleInfo (RoleInfo.java:shutdownFollowerState(121)) - b5a25cc1-46d3-4381-a194-bd68f4526f1c: shutdown b5a25cc1-46d3-4381-a194-bd68f4526f1c@group-A751954341BD-FollowerState
2025-09-19 20:45:23,191 [b5a25cc1-46d3-4381-a194-bd68f4526f1c@group-A751954341BD-FollowerState] INFO  server.RaftServer$Division (RaftServerImpl.java:setRole(392)) - b5a25cc1-46d3-4381-a194-bd68f4526f1c@group-A751954341BD: changes role from  FOLLOWER to CANDIDATE at term 2 for changeToCandidate
2025-09-19 20:45:23,191 [b5a25cc1-46d3-4381-a194-bd68f4526f1c@group-A751954341BD-FollowerState] INFO  impl.RoleInfo (RoleInfo.java:updateAndGet(148)) - b5a25cc1-46d3-4381-a194-bd68f4526f1c: start b5a25cc1-46d3-4381-a194-bd68f4526f1c@group-A751954341BD-LeaderElection222
2025-09-19 20:45:23,192 [b5a25cc1-46d3-4381-a194-bd68f4526f1c@group-A751954341BD-LeaderElection222] INFO  impl.LeaderElection (LeaderElection.java:askForVotes(448)) - b5a25cc1-46d3-4381-a194-bd68f4526f1c@group-A751954341BD-LeaderElection222 PRE_VOTE round 0: submit vote requests at term 2 for conf: {index: 1, cur=peers:[b5a25cc1-46d3-4381-a194-bd68f4526f1c|127.0.0.1:15031, 0df1231c-9f8a-4757-a7d0-f6d7f53bc482|127.0.0.1:15023, 8eb9963e-bce0-4155-aea2-e442cadff8bd|127.0.0.1:15015]|listeners:[], old=null}
2025-09-19 20:45:23,193 [grpc-default-executor-5] INFO  server.RaftServer$Division (RaftServerImpl.java:requestVote(1421)) - 0df1231c-9f8a-4757-a7d0-f6d7f53bc482@group-A751954341BD: receive requestVote(PRE_VOTE, b5a25cc1-46d3-4381-a194-bd68f4526f1c, group-A751954341BD, 2, (t:2, i:14))
2025-09-19 20:45:23,193 [grpc-default-executor-9] INFO  server.RaftServer$Division (RaftServerImpl.java:requestVote(1421)) - 8eb9963e-bce0-4155-aea2-e442cadff8bd@group-A751954341BD: receive requestVote(PRE_VOTE, b5a25cc1-46d3-4381-a194-bd68f4526f1c, group-A751954341BD, 2, (t:2, i:14))
2025-09-19 20:45:23,193 [grpc-default-executor-5] INFO  impl.VoteContext (VoteContext.java:log(49)) - 0df1231c-9f8a-4757-a7d0-f6d7f53bc482@group-A751954341BD-FOLLOWER: accept PRE_VOTE from b5a25cc1-46d3-4381-a194-bd68f4526f1c: our priority 0 <= candidate's priority 0
2025-09-19 20:45:23,193 [grpc-default-executor-9] INFO  impl.VoteContext (VoteContext.java:log(49)) - 8eb9963e-bce0-4155-aea2-e442cadff8bd@group-A751954341BD-FOLLOWER: reject PRE_VOTE from b5a25cc1-46d3-4381-a194-bd68f4526f1c: our priority 1 > candidate's priority 0
2025-09-19 20:45:23,193 [grpc-default-executor-5] INFO  server.RaftServer$Division (RaftServerImpl.java:requestVote(1455)) - 0df1231c-9f8a-4757-a7d0-f6d7f53bc482@group-A751954341BD replies to PRE_VOTE vote request: b5a25cc1-46d3-4381-a194-bd68f4526f1c<-0df1231c-9f8a-4757-a7d0-f6d7f53bc482#0:OK-t2-last:(t:2, i:14). Peer's state: 0df1231c-9f8a-4757-a7d0-f6d7f53bc482@group-A751954341BD:t2, leader=null, voted=, raftlog=Memoized:0df1231c-9f8a-4757-a7d0-f6d7f53bc482@group-A751954341BD-SegmentedRaftLog:OPENED:c14:last(t:2, i:14), conf=conf: {index: 1, cur=peers:[b5a25cc1-46d3-4381-a194-bd68f4526f1c|127.0.0.1:15031, 0df1231c-9f8a-4757-a7d0-f6d7f53bc482|127.0.0.1:15023, 8eb9963e-bce0-4155-aea2-e442cadff8bd|127.0.0.1:15015]|listeners:[], old=null}
2025-09-19 20:45:23,193 [grpc-default-executor-9] INFO  server.RaftServer$Division (RaftServerImpl.java:requestVote(1455)) - 8eb9963e-bce0-4155-aea2-e442cadff8bd@group-A751954341BD replies to PRE_VOTE vote request: b5a25cc1-46d3-4381-a194-bd68f4526f1c<-8eb9963e-bce0-4155-aea2-e442cadff8bd#0:FAIL-t2-last:(t:2, i:14). Peer's state: 8eb9963e-bce0-4155-aea2-e442cadff8bd@group-A751954341BD:t2, leader=null, voted=8eb9963e-bce0-4155-aea2-e442cadff8bd, raftlog=Memoized:8eb9963e-bce0-4155-aea2-e442cadff8bd@group-A751954341BD-SegmentedRaftLog:OPENED:c14:last(t:2, i:14), conf=conf: {index: 1, cur=peers:[b5a25cc1-46d3-4381-a194-bd68f4526f1c|127.0.0.1:15031, 0df1231c-9f8a-4757-a7d0-f6d7f53bc482|127.0.0.1:15023, 8eb9963e-bce0-4155-aea2-e442cadff8bd|127.0.0.1:15015]|listeners:[], old=null}
2025-09-19 20:45:23,194 [b5a25cc1-46d3-4381-a194-bd68f4526f1c@group-A751954341BD-LeaderElection222] INFO  impl.LeaderElection (LeaderElection.java:logAndReturn(206)) - b5a25cc1-46d3-4381-a194-bd68f4526f1c@group-A751954341BD-LeaderElection222: PRE_VOTE REJECTED received 2 response(s) and 0 exception(s):
2025-09-19 20:45:23,194 [b5a25cc1-46d3-4381-a194-bd68f4526f1c@group-A751954341BD-LeaderElection222] INFO  impl.LeaderElection (LeaderElection.java:logAndReturn(210)) -   Response 0: b5a25cc1-46d3-4381-a194-bd68f4526f1c<-0df1231c-9f8a-4757-a7d0-f6d7f53bc482#0:OK-t2-last:(t:2, i:14)
2025-09-19 20:45:23,195 [b5a25cc1-46d3-4381-a194-bd68f4526f1c@group-A751954341BD-LeaderElection222] INFO  impl.LeaderElection (LeaderElection.java:logAndReturn(210)) -   Response 1: b5a25cc1-46d3-4381-a194-bd68f4526f1c<-8eb9963e-bce0-4155-aea2-e442cadff8bd#0:FAIL-t2-last:(t:2, i:14)
2025-09-19 20:45:23,195 [b5a25cc1-46d3-4381-a194-bd68f4526f1c@group-A751954341BD-LeaderElection222] INFO  impl.LeaderElection (LeaderElection.java:askForVotes(450)) - b5a25cc1-46d3-4381-a194-bd68f4526f1c@group-A751954341BD-LeaderElection222 PRE_VOTE round 0: result REJECTED
2025-09-19 20:45:23,195 [b5a25cc1-46d3-4381-a194-bd68f4526f1c@group-A751954341BD-LeaderElection222] INFO  server.RaftServer$Division (RaftServerImpl.java:setRole(392)) - b5a25cc1-46d3-4381-a194-bd68f4526f1c@group-A751954341BD: changes role from CANDIDATE to FOLLOWER at term 2 for REJECTED
2025-09-19 20:45:23,195 [b5a25cc1-46d3-4381-a194-bd68f4526f1c@group-A751954341BD-LeaderElection222] INFO  impl.RoleInfo (RoleInfo.java:shutdownLeaderElection(141)) - b5a25cc1-46d3-4381-a194-bd68f4526f1c: shutdown b5a25cc1-46d3-4381-a194-bd68f4526f1c@group-A751954341BD-LeaderElection222
2025-09-19 20:45:23,195 [b5a25cc1-46d3-4381-a194-bd68f4526f1c@group-A751954341BD-LeaderElection222] INFO  impl.RoleInfo (RoleInfo.java:updateAndGet(148)) - b5a25cc1-46d3-4381-a194-bd68f4526f1c: start b5a25cc1-46d3-4381-a194-bd68f4526f1c@group-A751954341BD-FollowerState
2025-09-19 20:45:23,495 [8eb9963e-bce0-4155-aea2-e442cadff8bd@group-A751954341BD-FollowerState] INFO  impl.FollowerState (FollowerState.java:runImpl(161)) - 8eb9963e-bce0-4155-aea2-e442cadff8bd@group-A751954341BD-FollowerState: change to CANDIDATE, lastRpcElapsedTime:1101065502ns, electionTimeout:1099ms
2025-09-19 20:45:23,495 [8eb9963e-bce0-4155-aea2-e442cadff8bd@group-A751954341BD-FollowerState] INFO  impl.RoleInfo (RoleInfo.java:shutdownFollowerState(121)) - 8eb9963e-bce0-4155-aea2-e442cadff8bd: shutdown 8eb9963e-bce0-4155-aea2-e442cadff8bd@group-A751954341BD-FollowerState
2025-09-19 20:45:23,495 [8eb9963e-bce0-4155-aea2-e442cadff8bd@group-A751954341BD-FollowerState] INFO  server.RaftServer$Division (RaftServerImpl.java:setRole(392)) - 8eb9963e-bce0-4155-aea2-e442cadff8bd@group-A751954341BD: changes role from  FOLLOWER to CANDIDATE at term 2 for changeToCandidate
2025-09-19 20:45:23,496 [8eb9963e-bce0-4155-aea2-e442cadff8bd@group-A751954341BD-FollowerState] INFO  impl.RoleInfo (RoleInfo.java:updateAndGet(148)) - 8eb9963e-bce0-4155-aea2-e442cadff8bd: start 8eb9963e-bce0-4155-aea2-e442cadff8bd@group-A751954341BD-LeaderElection223
2025-09-19 20:45:23,496 [8eb9963e-bce0-4155-aea2-e442cadff8bd@group-A751954341BD-LeaderElection223] INFO  impl.LeaderElection (LeaderElection.java:askForVotes(448)) - 8eb9963e-bce0-4155-aea2-e442cadff8bd@group-A751954341BD-LeaderElection223 PRE_VOTE round 0: submit vote requests at term 2 for conf: {index: 1, cur=peers:[b5a25cc1-46d3-4381-a194-bd68f4526f1c|127.0.0.1:15031, 0df1231c-9f8a-4757-a7d0-f6d7f53bc482|127.0.0.1:15023, 8eb9963e-bce0-4155-aea2-e442cadff8bd|127.0.0.1:15015]|listeners:[], old=null}
2025-09-19 20:45:23,496 [8eb9963e-bce0-4155-aea2-e442cadff8bd@group-A751954341BD-LeaderElection223] INFO  impl.LeaderElection (LogUtils.java:infoOrTrace(142)) - 8eb9963e-bce0-4155-aea2-e442cadff8bd@group-A751954341BD-LeaderElection223 got exception when requesting votes: java.util.concurrent.ExecutionException: org.apache.ratis.thirdparty.io.grpc.StatusRuntimeException: UNAVAILABLE: io exception
2025-09-19 20:45:23,497 [8eb9963e-bce0-4155-aea2-e442cadff8bd@group-A751954341BD-LeaderElection223] INFO  impl.LeaderElection (LogUtils.java:infoOrTrace(142)) - 8eb9963e-bce0-4155-aea2-e442cadff8bd@group-A751954341BD-LeaderElection223 got exception when requesting votes: java.util.concurrent.ExecutionException: org.apache.ratis.thirdparty.io.grpc.StatusRuntimeException: UNAVAILABLE: io exception
2025-09-19 20:45:23,497 [8eb9963e-bce0-4155-aea2-e442cadff8bd@group-A751954341BD-LeaderElection223] INFO  impl.LeaderElection (LeaderElection.java:logAndReturn(206)) - 8eb9963e-bce0-4155-aea2-e442cadff8bd@group-A751954341BD-LeaderElection223: PRE_VOTE REJECTED received 0 response(s) and 2 exception(s):
2025-09-19 20:45:23,497 [8eb9963e-bce0-4155-aea2-e442cadff8bd@group-A751954341BD-LeaderElection223] INFO  impl.LeaderElection (LogUtils.java:infoOrTrace(142)) -   Exception 0: java.util.concurrent.ExecutionException: org.apache.ratis.thirdparty.io.grpc.StatusRuntimeException: UNAVAILABLE: io exception
2025-09-19 20:45:23,497 [8eb9963e-bce0-4155-aea2-e442cadff8bd@group-A751954341BD-LeaderElection223] INFO  impl.LeaderElection (LogUtils.java:infoOrTrace(142)) -   Exception 1: java.util.concurrent.ExecutionException: org.apache.ratis.thirdparty.io.grpc.StatusRuntimeException: UNAVAILABLE: io exception
2025-09-19 20:45:23,497 [8eb9963e-bce0-4155-aea2-e442cadff8bd@group-A751954341BD-LeaderElection223] INFO  impl.LeaderElection (LeaderElection.java:askForVotes(450)) - 8eb9963e-bce0-4155-aea2-e442cadff8bd@group-A751954341BD-LeaderElection223 PRE_VOTE round 0: result REJECTED
2025-09-19 20:45:23,497 [8eb9963e-bce0-4155-aea2-e442cadff8bd@group-A751954341BD-LeaderElection223] INFO  server.RaftServer$Division (RaftServerImpl.java:setRole(392)) - 8eb9963e-bce0-4155-aea2-e442cadff8bd@group-A751954341BD: changes role from CANDIDATE to FOLLOWER at term 2 for REJECTED
2025-09-19 20:45:23,497 [8eb9963e-bce0-4155-aea2-e442cadff8bd@group-A751954341BD-LeaderElection223] INFO  impl.RoleInfo (RoleInfo.java:shutdownLeaderElection(141)) - 8eb9963e-bce0-4155-aea2-e442cadff8bd: shutdown 8eb9963e-bce0-4155-aea2-e442cadff8bd@group-A751954341BD-LeaderElection223
2025-09-19 20:45:23,497 [8eb9963e-bce0-4155-aea2-e442cadff8bd@group-A751954341BD-LeaderElection223] INFO  impl.RoleInfo (RoleInfo.java:updateAndGet(148)) - 8eb9963e-bce0-4155-aea2-e442cadff8bd: start 8eb9963e-bce0-4155-aea2-e442cadff8bd@group-A751954341BD-FollowerState
2025-09-19 20:45:24,394 [b5a25cc1-46d3-4381-a194-bd68f4526f1c@group-A751954341BD-FollowerState] INFO  impl.FollowerState (FollowerState.java:runImpl(161)) - b5a25cc1-46d3-4381-a194-bd68f4526f1c@group-A751954341BD-FollowerState: change to CANDIDATE, lastRpcElapsedTime:1199407446ns, electionTimeout:1199ms
2025-09-19 20:45:24,394 [b5a25cc1-46d3-4381-a194-bd68f4526f1c@group-A751954341BD-FollowerState] INFO  impl.RoleInfo (RoleInfo.java:shutdownFollowerState(121)) - b5a25cc1-46d3-4381-a194-bd68f4526f1c: shutdown b5a25cc1-46d3-4381-a194-bd68f4526f1c@group-A751954341BD-FollowerState
2025-09-19 20:45:24,394 [b5a25cc1-46d3-4381-a194-bd68f4526f1c@group-A751954341BD-FollowerState] INFO  server.RaftServer$Division (RaftServerImpl.java:setRole(392)) - b5a25cc1-46d3-4381-a194-bd68f4526f1c@group-A751954341BD: changes role from  FOLLOWER to CANDIDATE at term 2 for changeToCandidate
2025-09-19 20:45:24,394 [b5a25cc1-46d3-4381-a194-bd68f4526f1c@group-A751954341BD-FollowerState] INFO  impl.RoleInfo (RoleInfo.java:updateAndGet(148)) - b5a25cc1-46d3-4381-a194-bd68f4526f1c: start b5a25cc1-46d3-4381-a194-bd68f4526f1c@group-A751954341BD-LeaderElection224
2025-09-19 20:45:24,395 [b5a25cc1-46d3-4381-a194-bd68f4526f1c@group-A751954341BD-LeaderElection224] INFO  impl.LeaderElection (LeaderElection.java:askForVotes(448)) - b5a25cc1-46d3-4381-a194-bd68f4526f1c@group-A751954341BD-LeaderElection224 PRE_VOTE round 0: submit vote requests at term 2 for conf: {index: 1, cur=peers:[b5a25cc1-46d3-4381-a194-bd68f4526f1c|127.0.0.1:15031, 0df1231c-9f8a-4757-a7d0-f6d7f53bc482|127.0.0.1:15023, 8eb9963e-bce0-4155-aea2-e442cadff8bd|127.0.0.1:15015]|listeners:[], old=null}
2025-09-19 20:45:24,396 [grpc-default-executor-5] INFO  server.RaftServer$Division (RaftServerImpl.java:requestVote(1421)) - 8eb9963e-bce0-4155-aea2-e442cadff8bd@group-A751954341BD: receive requestVote(PRE_VOTE, b5a25cc1-46d3-4381-a194-bd68f4526f1c, group-A751954341BD, 2, (t:2, i:14))
2025-09-19 20:45:24,396 [grpc-default-executor-9] INFO  server.RaftServer$Division (RaftServerImpl.java:requestVote(1421)) - 0df1231c-9f8a-4757-a7d0-f6d7f53bc482@group-A751954341BD: receive requestVote(PRE_VOTE, b5a25cc1-46d3-4381-a194-bd68f4526f1c, group-A751954341BD, 2, (t:2, i:14))
2025-09-19 20:45:24,396 [grpc-default-executor-5] INFO  impl.VoteContext (VoteContext.java:log(49)) - 8eb9963e-bce0-4155-aea2-e442cadff8bd@group-A751954341BD-FOLLOWER: reject PRE_VOTE from b5a25cc1-46d3-4381-a194-bd68f4526f1c: our priority 1 > candidate's priority 0
2025-09-19 20:45:24,396 [grpc-default-executor-9] INFO  impl.VoteContext (VoteContext.java:log(49)) - 0df1231c-9f8a-4757-a7d0-f6d7f53bc482@group-A751954341BD-FOLLOWER: accept PRE_VOTE from b5a25cc1-46d3-4381-a194-bd68f4526f1c: our priority 0 <= candidate's priority 0
2025-09-19 20:45:24,396 [grpc-default-executor-5] INFO  server.RaftServer$Division (RaftServerImpl.java:requestVote(1455)) - 8eb9963e-bce0-4155-aea2-e442cadff8bd@group-A751954341BD replies to PRE_VOTE vote request: b5a25cc1-46d3-4381-a194-bd68f4526f1c<-8eb9963e-bce0-4155-aea2-e442cadff8bd#0:FAIL-t2-last:(t:2, i:14). Peer's state: 8eb9963e-bce0-4155-aea2-e442cadff8bd@group-A751954341BD:t2, leader=null, voted=8eb9963e-bce0-4155-aea2-e442cadff8bd, raftlog=Memoized:8eb9963e-bce0-4155-aea2-e442cadff8bd@group-A751954341BD-SegmentedRaftLog:OPENED:c14:last(t:2, i:14), conf=conf: {index: 1, cur=peers:[b5a25cc1-46d3-4381-a194-bd68f4526f1c|127.0.0.1:15031, 0df1231c-9f8a-4757-a7d0-f6d7f53bc482|127.0.0.1:15023, 8eb9963e-bce0-4155-aea2-e442cadff8bd|127.0.0.1:15015]|listeners:[], old=null}
2025-09-19 20:45:24,396 [grpc-default-executor-9] INFO  server.RaftServer$Division (RaftServerImpl.java:requestVote(1455)) - 0df1231c-9f8a-4757-a7d0-f6d7f53bc482@group-A751954341BD replies to PRE_VOTE vote request: b5a25cc1-46d3-4381-a194-bd68f4526f1c<-0df1231c-9f8a-4757-a7d0-f6d7f53bc482#0:OK-t2-last:(t:2, i:14). Peer's state: 0df1231c-9f8a-4757-a7d0-f6d7f53bc482@group-A751954341BD:t2, leader=null, voted=, raftlog=Memoized:0df1231c-9f8a-4757-a7d0-f6d7f53bc482@group-A751954341BD-SegmentedRaftLog:OPENED:c14:last(t:2, i:14), conf=conf: {index: 1, cur=peers:[b5a25cc1-46d3-4381-a194-bd68f4526f1c|127.0.0.1:15031, 0df1231c-9f8a-4757-a7d0-f6d7f53bc482|127.0.0.1:15023, 8eb9963e-bce0-4155-aea2-e442cadff8bd|127.0.0.1:15015]|listeners:[], old=null}
2025-09-19 20:45:24,397 [b5a25cc1-46d3-4381-a194-bd68f4526f1c@group-A751954341BD-LeaderElection224] INFO  impl.LeaderElection (LeaderElection.java:logAndReturn(206)) - b5a25cc1-46d3-4381-a194-bd68f4526f1c@group-A751954341BD-LeaderElection224: PRE_VOTE REJECTED received 1 response(s) and 0 exception(s):
2025-09-19 20:45:24,397 [b5a25cc1-46d3-4381-a194-bd68f4526f1c@group-A751954341BD-LeaderElection224] INFO  impl.LeaderElection (LeaderElection.java:logAndReturn(210)) -   Response 0: b5a25cc1-46d3-4381-a194-bd68f4526f1c<-8eb9963e-bce0-4155-aea2-e442cadff8bd#0:FAIL-t2-last:(t:2, i:14)
2025-09-19 20:45:24,397 [b5a25cc1-46d3-4381-a194-bd68f4526f1c@group-A751954341BD-LeaderElection224] INFO  impl.LeaderElection (LeaderElection.java:askForVotes(450)) - b5a25cc1-46d3-4381-a194-bd68f4526f1c@group-A751954341BD-LeaderElection224 PRE_VOTE round 0: result REJECTED
2025-09-19 20:45:24,397 [b5a25cc1-46d3-4381-a194-bd68f4526f1c@group-A751954341BD-LeaderElection224] INFO  server.RaftServer$Division (RaftServerImpl.java:setRole(392)) - b5a25cc1-46d3-4381-a194-bd68f4526f1c@group-A751954341BD: changes role from CANDIDATE to FOLLOWER at term 2 for REJECTED
2025-09-19 20:45:24,397 [b5a25cc1-46d3-4381-a194-bd68f4526f1c@group-A751954341BD-LeaderElection224] INFO  impl.RoleInfo (RoleInfo.java:shutdownLeaderElection(141)) - b5a25cc1-46d3-4381-a194-bd68f4526f1c: shutdown b5a25cc1-46d3-4381-a194-bd68f4526f1c@group-A751954341BD-LeaderElection224
2025-09-19 20:45:24,397 [b5a25cc1-46d3-4381-a194-bd68f4526f1c@group-A751954341BD-LeaderElection224] INFO  impl.RoleInfo (RoleInfo.java:updateAndGet(148)) - b5a25cc1-46d3-4381-a194-bd68f4526f1c: start b5a25cc1-46d3-4381-a194-bd68f4526f1c@group-A751954341BD-FollowerState
2025-09-19 20:45:24,570 [8eb9963e-bce0-4155-aea2-e442cadff8bd@group-A751954341BD-FollowerState] INFO  impl.FollowerState (FollowerState.java:runImpl(161)) - 8eb9963e-bce0-4155-aea2-e442cadff8bd@group-A751954341BD-FollowerState: change to CANDIDATE, lastRpcElapsedTime:1073392459ns, electionTimeout:1073ms
2025-09-19 20:45:24,570 [8eb9963e-bce0-4155-aea2-e442cadff8bd@group-A751954341BD-FollowerState] INFO  impl.RoleInfo (RoleInfo.java:shutdownFollowerState(121)) - 8eb9963e-bce0-4155-aea2-e442cadff8bd: shutdown 8eb9963e-bce0-4155-aea2-e442cadff8bd@group-A751954341BD-FollowerState
2025-09-19 20:45:24,570 [8eb9963e-bce0-4155-aea2-e442cadff8bd@group-A751954341BD-FollowerState] INFO  server.RaftServer$Division (RaftServerImpl.java:setRole(392)) - 8eb9963e-bce0-4155-aea2-e442cadff8bd@group-A751954341BD: changes role from  FOLLOWER to CANDIDATE at term 2 for changeToCandidate
2025-09-19 20:45:24,570 [8eb9963e-bce0-4155-aea2-e442cadff8bd@group-A751954341BD-FollowerState] INFO  impl.RoleInfo (RoleInfo.java:updateAndGet(148)) - 8eb9963e-bce0-4155-aea2-e442cadff8bd: start 8eb9963e-bce0-4155-aea2-e442cadff8bd@group-A751954341BD-LeaderElection225
2025-09-19 20:45:24,571 [8eb9963e-bce0-4155-aea2-e442cadff8bd@group-A751954341BD-LeaderElection225] INFO  impl.LeaderElection (LeaderElection.java:askForVotes(448)) - 8eb9963e-bce0-4155-aea2-e442cadff8bd@group-A751954341BD-LeaderElection225 PRE_VOTE round 0: submit vote requests at term 2 for conf: {index: 1, cur=peers:[b5a25cc1-46d3-4381-a194-bd68f4526f1c|127.0.0.1:15031, 0df1231c-9f8a-4757-a7d0-f6d7f53bc482|127.0.0.1:15023, 8eb9963e-bce0-4155-aea2-e442cadff8bd|127.0.0.1:15015]|listeners:[], old=null}
2025-09-19 20:45:24,571 [8eb9963e-bce0-4155-aea2-e442cadff8bd@group-A751954341BD-LeaderElection225] INFO  impl.LeaderElection (LogUtils.java:infoOrTrace(142)) - 8eb9963e-bce0-4155-aea2-e442cadff8bd@group-A751954341BD-LeaderElection225 got exception when requesting votes: java.util.concurrent.ExecutionException: org.apache.ratis.thirdparty.io.grpc.StatusRuntimeException: UNAVAILABLE: io exception
2025-09-19 20:45:24,571 [8eb9963e-bce0-4155-aea2-e442cadff8bd@group-A751954341BD-LeaderElection225] INFO  impl.LeaderElection (LogUtils.java:infoOrTrace(142)) - 8eb9963e-bce0-4155-aea2-e442cadff8bd@group-A751954341BD-LeaderElection225 got exception when requesting votes: java.util.concurrent.ExecutionException: org.apache.ratis.thirdparty.io.grpc.StatusRuntimeException: UNAVAILABLE: io exception
2025-09-19 20:45:24,571 [8eb9963e-bce0-4155-aea2-e442cadff8bd@group-A751954341BD-LeaderElection225] INFO  impl.LeaderElection (LeaderElection.java:logAndReturn(206)) - 8eb9963e-bce0-4155-aea2-e442cadff8bd@group-A751954341BD-LeaderElection225: PRE_VOTE REJECTED received 0 response(s) and 2 exception(s):
2025-09-19 20:45:24,571 [8eb9963e-bce0-4155-aea2-e442cadff8bd@group-A751954341BD-LeaderElection225] INFO  impl.LeaderElection (LogUtils.java:infoOrTrace(142)) -   Exception 0: java.util.concurrent.ExecutionException: org.apache.ratis.thirdparty.io.grpc.StatusRuntimeException: UNAVAILABLE: io exception
2025-09-19 20:45:24,571 [8eb9963e-bce0-4155-aea2-e442cadff8bd@group-A751954341BD-LeaderElection225] INFO  impl.LeaderElection (LogUtils.java:infoOrTrace(142)) -   Exception 1: java.util.concurrent.ExecutionException: org.apache.ratis.thirdparty.io.grpc.StatusRuntimeException: UNAVAILABLE: io exception
2025-09-19 20:45:24,571 [8eb9963e-bce0-4155-aea2-e442cadff8bd@group-A751954341BD-LeaderElection225] INFO  impl.LeaderElection (LeaderElection.java:askForVotes(450)) - 8eb9963e-bce0-4155-aea2-e442cadff8bd@group-A751954341BD-LeaderElection225 PRE_VOTE round 0: result REJECTED
2025-09-19 20:45:24,571 [8eb9963e-bce0-4155-aea2-e442cadff8bd@group-A751954341BD-LeaderElection225] INFO  server.RaftServer$Division (RaftServerImpl.java:setRole(392)) - 8eb9963e-bce0-4155-aea2-e442cadff8bd@group-A751954341BD: changes role from CANDIDATE to FOLLOWER at term 2 for REJECTED
2025-09-19 20:45:24,571 [8eb9963e-bce0-4155-aea2-e442cadff8bd@group-A751954341BD-LeaderElection225] INFO  impl.RoleInfo (RoleInfo.java:shutdownLeaderElection(141)) - 8eb9963e-bce0-4155-aea2-e442cadff8bd: shutdown 8eb9963e-bce0-4155-aea2-e442cadff8bd@group-A751954341BD-LeaderElection225
2025-09-19 20:45:24,571 [8eb9963e-bce0-4155-aea2-e442cadff8bd@group-A751954341BD-LeaderElection225] INFO  impl.RoleInfo (RoleInfo.java:updateAndGet(148)) - 8eb9963e-bce0-4155-aea2-e442cadff8bd: start 8eb9963e-bce0-4155-aea2-e442cadff8bd@group-A751954341BD-FollowerState
2025-09-19 20:45:25,439 [b5a25cc1-46d3-4381-a194-bd68f4526f1c@group-A751954341BD-FollowerState] INFO  impl.FollowerState (FollowerState.java:runImpl(161)) - b5a25cc1-46d3-4381-a194-bd68f4526f1c@group-A751954341BD-FollowerState: change to CANDIDATE, lastRpcElapsedTime:1042257981ns, electionTimeout:1042ms
2025-09-19 20:45:25,439 [b5a25cc1-46d3-4381-a194-bd68f4526f1c@group-A751954341BD-FollowerState] INFO  impl.RoleInfo (RoleInfo.java:shutdownFollowerState(121)) - b5a25cc1-46d3-4381-a194-bd68f4526f1c: shutdown b5a25cc1-46d3-4381-a194-bd68f4526f1c@group-A751954341BD-FollowerState
2025-09-19 20:45:25,440 [b5a25cc1-46d3-4381-a194-bd68f4526f1c@group-A751954341BD-FollowerState] INFO  server.RaftServer$Division (RaftServerImpl.java:setRole(392)) - b5a25cc1-46d3-4381-a194-bd68f4526f1c@group-A751954341BD: changes role from  FOLLOWER to CANDIDATE at term 2 for changeToCandidate
2025-09-19 20:45:25,440 [b5a25cc1-46d3-4381-a194-bd68f4526f1c@group-A751954341BD-FollowerState] INFO  impl.RoleInfo (RoleInfo.java:updateAndGet(148)) - b5a25cc1-46d3-4381-a194-bd68f4526f1c: start b5a25cc1-46d3-4381-a194-bd68f4526f1c@group-A751954341BD-LeaderElection226
2025-09-19 20:45:25,440 [b5a25cc1-46d3-4381-a194-bd68f4526f1c@group-A751954341BD-LeaderElection226] INFO  impl.LeaderElection (LeaderElection.java:askForVotes(448)) - b5a25cc1-46d3-4381-a194-bd68f4526f1c@group-A751954341BD-LeaderElection226 PRE_VOTE round 0: submit vote requests at term 2 for conf: {index: 1, cur=peers:[b5a25cc1-46d3-4381-a194-bd68f4526f1c|127.0.0.1:15031, 0df1231c-9f8a-4757-a7d0-f6d7f53bc482|127.0.0.1:15023, 8eb9963e-bce0-4155-aea2-e442cadff8bd|127.0.0.1:15015]|listeners:[], old=null}
2025-09-19 20:45:25,441 [grpc-default-executor-9] INFO  server.RaftServer$Division (RaftServerImpl.java:requestVote(1421)) - 0df1231c-9f8a-4757-a7d0-f6d7f53bc482@group-A751954341BD: receive requestVote(PRE_VOTE, b5a25cc1-46d3-4381-a194-bd68f4526f1c, group-A751954341BD, 2, (t:2, i:14))
2025-09-19 20:45:25,441 [grpc-default-executor-5] INFO  server.RaftServer$Division (RaftServerImpl.java:requestVote(1421)) - 8eb9963e-bce0-4155-aea2-e442cadff8bd@group-A751954341BD: receive requestVote(PRE_VOTE, b5a25cc1-46d3-4381-a194-bd68f4526f1c, group-A751954341BD, 2, (t:2, i:14))
2025-09-19 20:45:25,441 [grpc-default-executor-9] INFO  impl.VoteContext (VoteContext.java:log(49)) - 0df1231c-9f8a-4757-a7d0-f6d7f53bc482@group-A751954341BD-FOLLOWER: accept PRE_VOTE from b5a25cc1-46d3-4381-a194-bd68f4526f1c: our priority 0 <= candidate's priority 0
2025-09-19 20:45:25,441 [grpc-default-executor-5] INFO  impl.VoteContext (VoteContext.java:log(49)) - 8eb9963e-bce0-4155-aea2-e442cadff8bd@group-A751954341BD-FOLLOWER: reject PRE_VOTE from b5a25cc1-46d3-4381-a194-bd68f4526f1c: our priority 1 > candidate's priority 0
2025-09-19 20:45:25,441 [grpc-default-executor-9] INFO  server.RaftServer$Division (RaftServerImpl.java:requestVote(1455)) - 0df1231c-9f8a-4757-a7d0-f6d7f53bc482@group-A751954341BD replies to PRE_VOTE vote request: b5a25cc1-46d3-4381-a194-bd68f4526f1c<-0df1231c-9f8a-4757-a7d0-f6d7f53bc482#0:OK-t2-last:(t:2, i:14). Peer's state: 0df1231c-9f8a-4757-a7d0-f6d7f53bc482@group-A751954341BD:t2, leader=null, voted=, raftlog=Memoized:0df1231c-9f8a-4757-a7d0-f6d7f53bc482@group-A751954341BD-SegmentedRaftLog:OPENED:c14:last(t:2, i:14), conf=conf: {index: 1, cur=peers:[b5a25cc1-46d3-4381-a194-bd68f4526f1c|127.0.0.1:15031, 0df1231c-9f8a-4757-a7d0-f6d7f53bc482|127.0.0.1:15023, 8eb9963e-bce0-4155-aea2-e442cadff8bd|127.0.0.1:15015]|listeners:[], old=null}
2025-09-19 20:45:25,441 [grpc-default-executor-5] INFO  server.RaftServer$Division (RaftServerImpl.java:requestVote(1455)) - 8eb9963e-bce0-4155-aea2-e442cadff8bd@group-A751954341BD replies to PRE_VOTE vote request: b5a25cc1-46d3-4381-a194-bd68f4526f1c<-8eb9963e-bce0-4155-aea2-e442cadff8bd#0:FAIL-t2-last:(t:2, i:14). Peer's state: 8eb9963e-bce0-4155-aea2-e442cadff8bd@group-A751954341BD:t2, leader=null, voted=8eb9963e-bce0-4155-aea2-e442cadff8bd, raftlog=Memoized:8eb9963e-bce0-4155-aea2-e442cadff8bd@group-A751954341BD-SegmentedRaftLog:OPENED:c14:last(t:2, i:14), conf=conf: {index: 1, cur=peers:[b5a25cc1-46d3-4381-a194-bd68f4526f1c|127.0.0.1:15031, 0df1231c-9f8a-4757-a7d0-f6d7f53bc482|127.0.0.1:15023, 8eb9963e-bce0-4155-aea2-e442cadff8bd|127.0.0.1:15015]|listeners:[], old=null}
2025-09-19 20:45:25,442 [b5a25cc1-46d3-4381-a194-bd68f4526f1c@group-A751954341BD-LeaderElection226] INFO  impl.LeaderElection (LeaderElection.java:logAndReturn(206)) - b5a25cc1-46d3-4381-a194-bd68f4526f1c@group-A751954341BD-LeaderElection226: PRE_VOTE REJECTED received 1 response(s) and 0 exception(s):
2025-09-19 20:45:25,442 [b5a25cc1-46d3-4381-a194-bd68f4526f1c@group-A751954341BD-LeaderElection226] INFO  impl.LeaderElection (LeaderElection.java:logAndReturn(210)) -   Response 0: b5a25cc1-46d3-4381-a194-bd68f4526f1c<-8eb9963e-bce0-4155-aea2-e442cadff8bd#0:FAIL-t2-last:(t:2, i:14)
2025-09-19 20:45:25,442 [b5a25cc1-46d3-4381-a194-bd68f4526f1c@group-A751954341BD-LeaderElection226] INFO  impl.LeaderElection (LeaderElection.java:askForVotes(450)) - b5a25cc1-46d3-4381-a194-bd68f4526f1c@group-A751954341BD-LeaderElection226 PRE_VOTE round 0: result REJECTED
2025-09-19 20:45:25,442 [b5a25cc1-46d3-4381-a194-bd68f4526f1c@group-A751954341BD-LeaderElection226] INFO  server.RaftServer$Division (RaftServerImpl.java:setRole(392)) - b5a25cc1-46d3-4381-a194-bd68f4526f1c@group-A751954341BD: changes role from CANDIDATE to FOLLOWER at term 2 for REJECTED
2025-09-19 20:45:25,442 [b5a25cc1-46d3-4381-a194-bd68f4526f1c@group-A751954341BD-LeaderElection226] INFO  impl.RoleInfo (RoleInfo.java:shutdownLeaderElection(141)) - b5a25cc1-46d3-4381-a194-bd68f4526f1c: shutdown b5a25cc1-46d3-4381-a194-bd68f4526f1c@group-A751954341BD-LeaderElection226
2025-09-19 20:45:25,442 [b5a25cc1-46d3-4381-a194-bd68f4526f1c@group-A751954341BD-LeaderElection226] INFO  impl.RoleInfo (RoleInfo.java:updateAndGet(148)) - b5a25cc1-46d3-4381-a194-bd68f4526f1c: start b5a25cc1-46d3-4381-a194-bd68f4526f1c@group-A751954341BD-FollowerState
2025-09-19 20:45:25,625 [8eb9963e-bce0-4155-aea2-e442cadff8bd@group-A751954341BD-FollowerState] INFO  impl.FollowerState (FollowerState.java:runImpl(161)) - 8eb9963e-bce0-4155-aea2-e442cadff8bd@group-A751954341BD-FollowerState: change to CANDIDATE, lastRpcElapsedTime:1053281526ns, electionTimeout:1053ms
2025-09-19 20:45:25,625 [8eb9963e-bce0-4155-aea2-e442cadff8bd@group-A751954341BD-FollowerState] INFO  impl.RoleInfo (RoleInfo.java:shutdownFollowerState(121)) - 8eb9963e-bce0-4155-aea2-e442cadff8bd: shutdown 8eb9963e-bce0-4155-aea2-e442cadff8bd@group-A751954341BD-FollowerState
2025-09-19 20:45:25,625 [8eb9963e-bce0-4155-aea2-e442cadff8bd@group-A751954341BD-FollowerState] INFO  server.RaftServer$Division (RaftServerImpl.java:setRole(392)) - 8eb9963e-bce0-4155-aea2-e442cadff8bd@group-A751954341BD: changes role from  FOLLOWER to CANDIDATE at term 2 for changeToCandidate
2025-09-19 20:45:25,625 [8eb9963e-bce0-4155-aea2-e442cadff8bd@group-A751954341BD-FollowerState] INFO  impl.RoleInfo (RoleInfo.java:updateAndGet(148)) - 8eb9963e-bce0-4155-aea2-e442cadff8bd: start 8eb9963e-bce0-4155-aea2-e442cadff8bd@group-A751954341BD-LeaderElection227
2025-09-19 20:45:25,626 [8eb9963e-bce0-4155-aea2-e442cadff8bd@group-A751954341BD-LeaderElection227] INFO  impl.LeaderElection (LeaderElection.java:askForVotes(448)) - 8eb9963e-bce0-4155-aea2-e442cadff8bd@group-A751954341BD-LeaderElection227 PRE_VOTE round 0: submit vote requests at term 2 for conf: {index: 1, cur=peers:[b5a25cc1-46d3-4381-a194-bd68f4526f1c|127.0.0.1:15031, 0df1231c-9f8a-4757-a7d0-f6d7f53bc482|127.0.0.1:15023, 8eb9963e-bce0-4155-aea2-e442cadff8bd|127.0.0.1:15015]|listeners:[], old=null}
2025-09-19 20:45:25,626 [8eb9963e-bce0-4155-aea2-e442cadff8bd@group-A751954341BD-LeaderElection227] INFO  impl.LeaderElection (LogUtils.java:infoOrTrace(142)) - 8eb9963e-bce0-4155-aea2-e442cadff8bd@group-A751954341BD-LeaderElection227 got exception when requesting votes: java.util.concurrent.ExecutionException: org.apache.ratis.thirdparty.io.grpc.StatusRuntimeException: UNAVAILABLE: io exception
2025-09-19 20:45:25,626 [8eb9963e-bce0-4155-aea2-e442cadff8bd@group-A751954341BD-LeaderElection227] INFO  impl.LeaderElection (LogUtils.java:infoOrTrace(142)) - 8eb9963e-bce0-4155-aea2-e442cadff8bd@group-A751954341BD-LeaderElection227 got exception when requesting votes: java.util.concurrent.ExecutionException: org.apache.ratis.thirdparty.io.grpc.StatusRuntimeException: UNAVAILABLE: io exception
2025-09-19 20:45:25,626 [8eb9963e-bce0-4155-aea2-e442cadff8bd@group-A751954341BD-LeaderElection227] INFO  impl.LeaderElection (LeaderElection.java:logAndReturn(206)) - 8eb9963e-bce0-4155-aea2-e442cadff8bd@group-A751954341BD-LeaderElection227: PRE_VOTE REJECTED received 0 response(s) and 2 exception(s):
2025-09-19 20:45:25,627 [8eb9963e-bce0-4155-aea2-e442cadff8bd@group-A751954341BD-LeaderElection227] INFO  impl.LeaderElection (LogUtils.java:infoOrTrace(142)) -   Exception 0: java.util.concurrent.ExecutionException: org.apache.ratis.thirdparty.io.grpc.StatusRuntimeException: UNAVAILABLE: io exception
2025-09-19 20:45:25,627 [8eb9963e-bce0-4155-aea2-e442cadff8bd@group-A751954341BD-LeaderElection227] INFO  impl.LeaderElection (LogUtils.java:infoOrTrace(142)) -   Exception 1: java.util.concurrent.ExecutionException: org.apache.ratis.thirdparty.io.grpc.StatusRuntimeException: UNAVAILABLE: io exception
2025-09-19 20:45:25,627 [8eb9963e-bce0-4155-aea2-e442cadff8bd@group-A751954341BD-LeaderElection227] INFO  impl.LeaderElection (LeaderElection.java:askForVotes(450)) - 8eb9963e-bce0-4155-aea2-e442cadff8bd@group-A751954341BD-LeaderElection227 PRE_VOTE round 0: result REJECTED
2025-09-19 20:45:25,627 [8eb9963e-bce0-4155-aea2-e442cadff8bd@group-A751954341BD-LeaderElection227] INFO  server.RaftServer$Division (RaftServerImpl.java:setRole(392)) - 8eb9963e-bce0-4155-aea2-e442cadff8bd@group-A751954341BD: changes role from CANDIDATE to FOLLOWER at term 2 for REJECTED
2025-09-19 20:45:25,627 [8eb9963e-bce0-4155-aea2-e442cadff8bd@group-A751954341BD-LeaderElection227] INFO  impl.RoleInfo (RoleInfo.java:shutdownLeaderElection(141)) - 8eb9963e-bce0-4155-aea2-e442cadff8bd: shutdown 8eb9963e-bce0-4155-aea2-e442cadff8bd@group-A751954341BD-LeaderElection227
2025-09-19 20:45:25,627 [8eb9963e-bce0-4155-aea2-e442cadff8bd@group-A751954341BD-LeaderElection227] INFO  impl.RoleInfo (RoleInfo.java:updateAndGet(148)) - 8eb9963e-bce0-4155-aea2-e442cadff8bd: start 8eb9963e-bce0-4155-aea2-e442cadff8bd@group-A751954341BD-FollowerState
2025-09-19 20:45:25,990 [grpc-default-executor-9] ERROR impl.OrderedAsync (OrderedAsync.java:lambda$null$6(215)) -  client-387E2729942B: Failed* RaftClientRequest:client-387E2729942B->0df1231c-9f8a-4757-a7d0-f6d7f53bc482@group-A751954341BD, cid=48, seq=1*, Watch(0), null
java.util.concurrent.CompletionException: org.apache.ratis.protocol.exceptions.NotLeaderException: Server 0df1231c-9f8a-4757-a7d0-f6d7f53bc482@group-A751954341BD is not the leader
	at java.base/java.util.concurrent.CompletableFuture.encodeThrowable(CompletableFuture.java:332)
	at java.base/java.util.concurrent.CompletableFuture.completeThrowable(CompletableFuture.java:347)
	at java.base/java.util.concurrent.CompletableFuture$UniAccept.tryFire(CompletableFuture.java:708)
	at java.base/java.util.concurrent.CompletableFuture.postComplete(CompletableFuture.java:510)
	at java.base/java.util.concurrent.CompletableFuture.completeExceptionally(CompletableFuture.java:2194)
	at org.apache.ratis.grpc.client.GrpcClientProtocolClient$AsyncStreamObservers.completeReplyExceptionally(GrpcClientProtocolClient.java:397)
	at org.apache.ratis.grpc.client.GrpcClientProtocolClient$AsyncStreamObservers.access$000(GrpcClientProtocolClient.java:303)
	at org.apache.ratis.grpc.client.GrpcClientProtocolClient$AsyncStreamObservers$1.onNext(GrpcClientProtocolClient.java:317)
	at org.apache.ratis.grpc.client.GrpcClientProtocolClient$AsyncStreamObservers$1.onNext(GrpcClientProtocolClient.java:308)
	at org.apache.ratis.thirdparty.io.grpc.stub.ClientCalls$StreamObserverToCallListenerAdapter.onMessage(ClientCalls.java:551)
	at org.apache.ratis.thirdparty.io.grpc.ForwardingClientCallListener.onMessage(ForwardingClientCallListener.java:33)
	at org.apache.ratis.thirdparty.io.grpc.internal.ClientCallImpl$ClientStreamListenerImpl$1MessagesAvailable.runInternal(ClientCallImpl.java:661)
	at org.apache.ratis.thirdparty.io.grpc.internal.ClientCallImpl$ClientStreamListenerImpl$1MessagesAvailable.runInContext(ClientCallImpl.java:648)
	at org.apache.ratis.thirdparty.io.grpc.internal.ContextRunnable.run(ContextRunnable.java:37)
	at org.apache.ratis.thirdparty.io.grpc.internal.SerializingExecutor.run(SerializingExecutor.java:133)
	at java.base/java.util.concurrent.ThreadPoolExecutor.runWorker(ThreadPoolExecutor.java:1144)
	at java.base/java.util.concurrent.ThreadPoolExecutor$Worker.run(ThreadPoolExecutor.java:642)
	at java.base/java.lang.Thread.run(Thread.java:1583)
Caused by: org.apache.ratis.protocol.exceptions.NotLeaderException: Server 0df1231c-9f8a-4757-a7d0-f6d7f53bc482@group-A751954341BD is not the leader
	at org.apache.ratis.client.impl.ClientProtoUtils.toRaftClientReply(ClientProtoUtils.java:402)
	at org.apache.ratis.grpc.client.GrpcClientProtocolClient$AsyncStreamObservers$1.onNext(GrpcClientProtocolClient.java:313)
	... 10 more
2025-09-19 20:45:26,497 [b5a25cc1-46d3-4381-a194-bd68f4526f1c@group-A751954341BD-FollowerState] INFO  impl.FollowerState (FollowerState.java:runImpl(161)) - b5a25cc1-46d3-4381-a194-bd68f4526f1c@group-A751954341BD-FollowerState: change to CANDIDATE, lastRpcElapsedTime:1055297513ns, electionTimeout:1055ms
2025-09-19 20:45:26,497 [b5a25cc1-46d3-4381-a194-bd68f4526f1c@group-A751954341BD-FollowerState] INFO  impl.RoleInfo (RoleInfo.java:shutdownFollowerState(121)) - b5a25cc1-46d3-4381-a194-bd68f4526f1c: shutdown b5a25cc1-46d3-4381-a194-bd68f4526f1c@group-A751954341BD-FollowerState
2025-09-19 20:45:26,498 [b5a25cc1-46d3-4381-a194-bd68f4526f1c@group-A751954341BD-FollowerState] INFO  server.RaftServer$Division (RaftServerImpl.java:setRole(392)) - b5a25cc1-46d3-4381-a194-bd68f4526f1c@group-A751954341BD: changes role from  FOLLOWER to CANDIDATE at term 2 for changeToCandidate
2025-09-19 20:45:26,498 [b5a25cc1-46d3-4381-a194-bd68f4526f1c@group-A751954341BD-FollowerState] INFO  impl.RoleInfo (RoleInfo.java:updateAndGet(148)) - b5a25cc1-46d3-4381-a194-bd68f4526f1c: start b5a25cc1-46d3-4381-a194-bd68f4526f1c@group-A751954341BD-LeaderElection228
2025-09-19 20:45:26,498 [b5a25cc1-46d3-4381-a194-bd68f4526f1c@group-A751954341BD-LeaderElection228] INFO  impl.LeaderElection (LeaderElection.java:askForVotes(448)) - b5a25cc1-46d3-4381-a194-bd68f4526f1c@group-A751954341BD-LeaderElection228 PRE_VOTE round 0: submit vote requests at term 2 for conf: {index: 1, cur=peers:[b5a25cc1-46d3-4381-a194-bd68f4526f1c|127.0.0.1:15031, 0df1231c-9f8a-4757-a7d0-f6d7f53bc482|127.0.0.1:15023, 8eb9963e-bce0-4155-aea2-e442cadff8bd|127.0.0.1:15015]|listeners:[], old=null}
2025-09-19 20:45:26,499 [grpc-default-executor-9] INFO  server.RaftServer$Division (RaftServerImpl.java:requestVote(1421)) - 8eb9963e-bce0-4155-aea2-e442cadff8bd@group-A751954341BD: receive requestVote(PRE_VOTE, b5a25cc1-46d3-4381-a194-bd68f4526f1c, group-A751954341BD, 2, (t:2, i:14))
2025-09-19 20:45:26,499 [grpc-default-executor-9] INFO  impl.VoteContext (VoteContext.java:log(49)) - 8eb9963e-bce0-4155-aea2-e442cadff8bd@group-A751954341BD-FOLLOWER: reject PRE_VOTE from b5a25cc1-46d3-4381-a194-bd68f4526f1c: our priority 1 > candidate's priority 0
2025-09-19 20:45:26,499 [grpc-default-executor-5] INFO  server.RaftServer$Division (RaftServerImpl.java:requestVote(1421)) - 0df1231c-9f8a-4757-a7d0-f6d7f53bc482@group-A751954341BD: receive requestVote(PRE_VOTE, b5a25cc1-46d3-4381-a194-bd68f4526f1c, group-A751954341BD, 2, (t:2, i:14))
2025-09-19 20:45:26,500 [grpc-default-executor-9] INFO  server.RaftServer$Division (RaftServerImpl.java:requestVote(1455)) - 8eb9963e-bce0-4155-aea2-e442cadff8bd@group-A751954341BD replies to PRE_VOTE vote request: b5a25cc1-46d3-4381-a194-bd68f4526f1c<-8eb9963e-bce0-4155-aea2-e442cadff8bd#0:FAIL-t2-last:(t:2, i:14). Peer's state: 8eb9963e-bce0-4155-aea2-e442cadff8bd@group-A751954341BD:t2, leader=null, voted=8eb9963e-bce0-4155-aea2-e442cadff8bd, raftlog=Memoized:8eb9963e-bce0-4155-aea2-e442cadff8bd@group-A751954341BD-SegmentedRaftLog:OPENED:c14:last(t:2, i:14), conf=conf: {index: 1, cur=peers:[b5a25cc1-46d3-4381-a194-bd68f4526f1c|127.0.0.1:15031, 0df1231c-9f8a-4757-a7d0-f6d7f53bc482|127.0.0.1:15023, 8eb9963e-bce0-4155-aea2-e442cadff8bd|127.0.0.1:15015]|listeners:[], old=null}
2025-09-19 20:45:26,500 [grpc-default-executor-5] INFO  impl.VoteContext (VoteContext.java:log(49)) - 0df1231c-9f8a-4757-a7d0-f6d7f53bc482@group-A751954341BD-FOLLOWER: accept PRE_VOTE from b5a25cc1-46d3-4381-a194-bd68f4526f1c: our priority 0 <= candidate's priority 0
2025-09-19 20:45:26,500 [grpc-default-executor-5] INFO  server.RaftServer$Division (RaftServerImpl.java:requestVote(1455)) - 0df1231c-9f8a-4757-a7d0-f6d7f53bc482@group-A751954341BD replies to PRE_VOTE vote request: b5a25cc1-46d3-4381-a194-bd68f4526f1c<-0df1231c-9f8a-4757-a7d0-f6d7f53bc482#0:OK-t2-last:(t:2, i:14). Peer's state: 0df1231c-9f8a-4757-a7d0-f6d7f53bc482@group-A751954341BD:t2, leader=null, voted=, raftlog=Memoized:0df1231c-9f8a-4757-a7d0-f6d7f53bc482@group-A751954341BD-SegmentedRaftLog:OPENED:c14:last(t:2, i:14), conf=conf: {index: 1, cur=peers:[b5a25cc1-46d3-4381-a194-bd68f4526f1c|127.0.0.1:15031, 0df1231c-9f8a-4757-a7d0-f6d7f53bc482|127.0.0.1:15023, 8eb9963e-bce0-4155-aea2-e442cadff8bd|127.0.0.1:15015]|listeners:[], old=null}
2025-09-19 20:45:26,500 [b5a25cc1-46d3-4381-a194-bd68f4526f1c@group-A751954341BD-LeaderElection228] INFO  impl.LeaderElection (LeaderElection.java:logAndReturn(206)) - b5a25cc1-46d3-4381-a194-bd68f4526f1c@group-A751954341BD-LeaderElection228: PRE_VOTE REJECTED received 1 response(s) and 0 exception(s):
2025-09-19 20:45:26,500 [b5a25cc1-46d3-4381-a194-bd68f4526f1c@group-A751954341BD-LeaderElection228] INFO  impl.LeaderElection (LeaderElection.java:logAndReturn(210)) -   Response 0: b5a25cc1-46d3-4381-a194-bd68f4526f1c<-8eb9963e-bce0-4155-aea2-e442cadff8bd#0:FAIL-t2-last:(t:2, i:14)
2025-09-19 20:45:26,500 [b5a25cc1-46d3-4381-a194-bd68f4526f1c@group-A751954341BD-LeaderElection228] INFO  impl.LeaderElection (LeaderElection.java:askForVotes(450)) - b5a25cc1-46d3-4381-a194-bd68f4526f1c@group-A751954341BD-LeaderElection228 PRE_VOTE round 0: result REJECTED
2025-09-19 20:45:26,500 [b5a25cc1-46d3-4381-a194-bd68f4526f1c@group-A751954341BD-LeaderElection228] INFO  server.RaftServer$Division (RaftServerImpl.java:setRole(392)) - b5a25cc1-46d3-4381-a194-bd68f4526f1c@group-A751954341BD: changes role from CANDIDATE to FOLLOWER at term 2 for REJECTED
2025-09-19 20:45:26,501 [b5a25cc1-46d3-4381-a194-bd68f4526f1c@group-A751954341BD-LeaderElection228] INFO  impl.RoleInfo (RoleInfo.java:shutdownLeaderElection(141)) - b5a25cc1-46d3-4381-a194-bd68f4526f1c: shutdown b5a25cc1-46d3-4381-a194-bd68f4526f1c@group-A751954341BD-LeaderElection228
2025-09-19 20:45:26,501 [b5a25cc1-46d3-4381-a194-bd68f4526f1c@group-A751954341BD-LeaderElection228] INFO  impl.RoleInfo (RoleInfo.java:updateAndGet(148)) - b5a25cc1-46d3-4381-a194-bd68f4526f1c: start b5a25cc1-46d3-4381-a194-bd68f4526f1c@group-A751954341BD-FollowerState
2025-09-19 20:45:26,755 [8eb9963e-bce0-4155-aea2-e442cadff8bd@group-A751954341BD-FollowerState] INFO  impl.FollowerState (FollowerState.java:runImpl(161)) - 8eb9963e-bce0-4155-aea2-e442cadff8bd@group-A751954341BD-FollowerState: change to CANDIDATE, lastRpcElapsedTime:1128280228ns, electionTimeout:1128ms
2025-09-19 20:45:26,755 [8eb9963e-bce0-4155-aea2-e442cadff8bd@group-A751954341BD-FollowerState] INFO  impl.RoleInfo (RoleInfo.java:shutdownFollowerState(121)) - 8eb9963e-bce0-4155-aea2-e442cadff8bd: shutdown 8eb9963e-bce0-4155-aea2-e442cadff8bd@group-A751954341BD-FollowerState
2025-09-19 20:45:26,755 [8eb9963e-bce0-4155-aea2-e442cadff8bd@group-A751954341BD-FollowerState] INFO  server.RaftServer$Division (RaftServerImpl.java:setRole(392)) - 8eb9963e-bce0-4155-aea2-e442cadff8bd@group-A751954341BD: changes role from  FOLLOWER to CANDIDATE at term 2 for changeToCandidate
2025-09-19 20:45:26,755 [8eb9963e-bce0-4155-aea2-e442cadff8bd@group-A751954341BD-FollowerState] INFO  impl.RoleInfo (RoleInfo.java:updateAndGet(148)) - 8eb9963e-bce0-4155-aea2-e442cadff8bd: start 8eb9963e-bce0-4155-aea2-e442cadff8bd@group-A751954341BD-LeaderElection229
2025-09-19 20:45:26,756 [8eb9963e-bce0-4155-aea2-e442cadff8bd@group-A751954341BD-LeaderElection229] INFO  impl.LeaderElection (LeaderElection.java:askForVotes(448)) - 8eb9963e-bce0-4155-aea2-e442cadff8bd@group-A751954341BD-LeaderElection229 PRE_VOTE round 0: submit vote requests at term 2 for conf: {index: 1, cur=peers:[b5a25cc1-46d3-4381-a194-bd68f4526f1c|127.0.0.1:15031, 0df1231c-9f8a-4757-a7d0-f6d7f53bc482|127.0.0.1:15023, 8eb9963e-bce0-4155-aea2-e442cadff8bd|127.0.0.1:15015]|listeners:[], old=null}
2025-09-19 20:45:26,756 [8eb9963e-bce0-4155-aea2-e442cadff8bd@group-A751954341BD-LeaderElection229] INFO  impl.LeaderElection (LogUtils.java:infoOrTrace(142)) - 8eb9963e-bce0-4155-aea2-e442cadff8bd@group-A751954341BD-LeaderElection229 got exception when requesting votes: java.util.concurrent.ExecutionException: org.apache.ratis.thirdparty.io.grpc.StatusRuntimeException: UNAVAILABLE: io exception
2025-09-19 20:45:26,756 [8eb9963e-bce0-4155-aea2-e442cadff8bd@group-A751954341BD-LeaderElection229] INFO  impl.LeaderElection (LogUtils.java:infoOrTrace(142)) - 8eb9963e-bce0-4155-aea2-e442cadff8bd@group-A751954341BD-LeaderElection229 got exception when requesting votes: java.util.concurrent.ExecutionException: org.apache.ratis.thirdparty.io.grpc.StatusRuntimeException: UNAVAILABLE: io exception
2025-09-19 20:45:26,756 [8eb9963e-bce0-4155-aea2-e442cadff8bd@group-A751954341BD-LeaderElection229] INFO  impl.LeaderElection (LeaderElection.java:logAndReturn(206)) - 8eb9963e-bce0-4155-aea2-e442cadff8bd@group-A751954341BD-LeaderElection229: PRE_VOTE REJECTED received 0 response(s) and 2 exception(s):
2025-09-19 20:45:26,756 [8eb9963e-bce0-4155-aea2-e442cadff8bd@group-A751954341BD-LeaderElection229] INFO  impl.LeaderElection (LogUtils.java:infoOrTrace(142)) -   Exception 0: java.util.concurrent.ExecutionException: org.apache.ratis.thirdparty.io.grpc.StatusRuntimeException: UNAVAILABLE: io exception
2025-09-19 20:45:26,756 [8eb9963e-bce0-4155-aea2-e442cadff8bd@group-A751954341BD-LeaderElection229] INFO  impl.LeaderElection (LogUtils.java:infoOrTrace(142)) -   Exception 1: java.util.concurrent.ExecutionException: org.apache.ratis.thirdparty.io.grpc.StatusRuntimeException: UNAVAILABLE: io exception
2025-09-19 20:45:26,756 [8eb9963e-bce0-4155-aea2-e442cadff8bd@group-A751954341BD-LeaderElection229] INFO  impl.LeaderElection (LeaderElection.java:askForVotes(450)) - 8eb9963e-bce0-4155-aea2-e442cadff8bd@group-A751954341BD-LeaderElection229 PRE_VOTE round 0: result REJECTED
2025-09-19 20:45:26,756 [8eb9963e-bce0-4155-aea2-e442cadff8bd@group-A751954341BD-LeaderElection229] INFO  server.RaftServer$Division (RaftServerImpl.java:setRole(392)) - 8eb9963e-bce0-4155-aea2-e442cadff8bd@group-A751954341BD: changes role from CANDIDATE to FOLLOWER at term 2 for REJECTED
2025-09-19 20:45:26,756 [8eb9963e-bce0-4155-aea2-e442cadff8bd@group-A751954341BD-LeaderElection229] INFO  impl.RoleInfo (RoleInfo.java:shutdownLeaderElection(141)) - 8eb9963e-bce0-4155-aea2-e442cadff8bd: shutdown 8eb9963e-bce0-4155-aea2-e442cadff8bd@group-A751954341BD-LeaderElection229
2025-09-19 20:45:26,756 [8eb9963e-bce0-4155-aea2-e442cadff8bd@group-A751954341BD-LeaderElection229] INFO  impl.RoleInfo (RoleInfo.java:updateAndGet(148)) - 8eb9963e-bce0-4155-aea2-e442cadff8bd: start 8eb9963e-bce0-4155-aea2-e442cadff8bd@group-A751954341BD-FollowerState
2025-09-19 20:45:27,392 [timer1] INFO  server.GrpcServerProtocolService (GrpcServerProtocolService.java:lambda$onCompleted$6(171)) - b5a25cc1-46d3-4381-a194-bd68f4526f1c: Completed APPEND_ENTRIES, lastRequest: null  (Repeated 2 times in the last 5.000s)
2025-09-19 20:45:27,392 [timer3] INFO  server.GrpcServerProtocolService (GrpcServerProtocolService.java:lambda$null$7(175)) - 8eb9963e-bce0-4155-aea2-e442cadff8bd: Completed APPEND_ENTRIES, lastReply: serverReply {
  requestorId: "0df1231c-9f8a-4757-a7d0-f6d7f53bc482"
  replyId: "8eb9963e-bce0-4155-aea2-e442cadff8bd"
  raftGroupId {
    id: "\225\200\000\323#\226I\276\202\351q^\277\200\226\247"
  }
  callId: 8
  success: true
}
term: 6
nextIndex: 15
followerCommit: 14
matchIndex: 18446744073709551615
isHearbeat: true
  (Repeated 2 times in the last 4.999s)
2025-09-19 20:45:27,392 [timer2] INFO  server.GrpcServerProtocolService (GrpcServerProtocolService.java:lambda$null$7(175)) - b5a25cc1-46d3-4381-a194-bd68f4526f1c: Completed APPEND_ENTRIES, lastReply: serverReply {
  requestorId: "0df1231c-9f8a-4757-a7d0-f6d7f53bc482"
  replyId: "b5a25cc1-46d3-4381-a194-bd68f4526f1c"
  raftGroupId {
    id: "\225\200\000\323#\226I\276\202\351q^\277\200\226\247"
  }
  callId: 12
  success: true
}
term: 6
nextIndex: 15
followerCommit: 14
matchIndex: 18446744073709551615
isHearbeat: true
  (Repeated 2 times in the last 5.000s)
2025-09-19 20:45:27,392 [timer4] INFO  server.GrpcServerProtocolService (GrpcServerProtocolService.java:lambda$onCompleted$6(171)) - 8eb9963e-bce0-4155-aea2-e442cadff8bd: Completed APPEND_ENTRIES, lastRequest: 0df1231c-9f8a-4757-a7d0-f6d7f53bc482->8eb9963e-bce0-4155-aea2-e442cadff8bd#2-t6,previous=(t:6, i:13),leaderCommit=13,initializing? false,entries: size=1, first=(t:6, i:14), METADATAENTRY(c:13)  (Repeated 2 times in the last 5.000s)
2025-09-19 20:45:27,692 [b5a25cc1-46d3-4381-a194-bd68f4526f1c@group-A751954341BD-FollowerState] INFO  impl.FollowerState (FollowerState.java:runImpl(161)) - b5a25cc1-46d3-4381-a194-bd68f4526f1c@group-A751954341BD-FollowerState: change to CANDIDATE, lastRpcElapsedTime:1191460179ns, electionTimeout:1191ms
2025-09-19 20:45:27,692 [b5a25cc1-46d3-4381-a194-bd68f4526f1c@group-A751954341BD-FollowerState] INFO  impl.RoleInfo (RoleInfo.java:shutdownFollowerState(121)) - b5a25cc1-46d3-4381-a194-bd68f4526f1c: shutdown b5a25cc1-46d3-4381-a194-bd68f4526f1c@group-A751954341BD-FollowerState
2025-09-19 20:45:27,692 [b5a25cc1-46d3-4381-a194-bd68f4526f1c@group-A751954341BD-FollowerState] INFO  server.RaftServer$Division (RaftServerImpl.java:setRole(392)) - b5a25cc1-46d3-4381-a194-bd68f4526f1c@group-A751954341BD: changes role from  FOLLOWER to CANDIDATE at term 2 for changeToCandidate
2025-09-19 20:45:27,692 [b5a25cc1-46d3-4381-a194-bd68f4526f1c@group-A751954341BD-FollowerState] INFO  impl.RoleInfo (RoleInfo.java:updateAndGet(148)) - b5a25cc1-46d3-4381-a194-bd68f4526f1c: start b5a25cc1-46d3-4381-a194-bd68f4526f1c@group-A751954341BD-LeaderElection230
2025-09-19 20:45:27,693 [b5a25cc1-46d3-4381-a194-bd68f4526f1c@group-A751954341BD-LeaderElection230] INFO  impl.LeaderElection (LeaderElection.java:askForVotes(448)) - b5a25cc1-46d3-4381-a194-bd68f4526f1c@group-A751954341BD-LeaderElection230 PRE_VOTE round 0: submit vote requests at term 2 for conf: {index: 1, cur=peers:[b5a25cc1-46d3-4381-a194-bd68f4526f1c|127.0.0.1:15031, 0df1231c-9f8a-4757-a7d0-f6d7f53bc482|127.0.0.1:15023, 8eb9963e-bce0-4155-aea2-e442cadff8bd|127.0.0.1:15015]|listeners:[], old=null}
2025-09-19 20:45:27,694 [grpc-default-executor-5] INFO  server.RaftServer$Division (RaftServerImpl.java:requestVote(1421)) - 0df1231c-9f8a-4757-a7d0-f6d7f53bc482@group-A751954341BD: receive requestVote(PRE_VOTE, b5a25cc1-46d3-4381-a194-bd68f4526f1c, group-A751954341BD, 2, (t:2, i:14))
2025-09-19 20:45:27,694 [grpc-default-executor-9] INFO  server.RaftServer$Division (RaftServerImpl.java:requestVote(1421)) - 8eb9963e-bce0-4155-aea2-e442cadff8bd@group-A751954341BD: receive requestVote(PRE_VOTE, b5a25cc1-46d3-4381-a194-bd68f4526f1c, group-A751954341BD, 2, (t:2, i:14))
2025-09-19 20:45:27,694 [grpc-default-executor-5] INFO  impl.VoteContext (VoteContext.java:log(49)) - 0df1231c-9f8a-4757-a7d0-f6d7f53bc482@group-A751954341BD-FOLLOWER: accept PRE_VOTE from b5a25cc1-46d3-4381-a194-bd68f4526f1c: our priority 0 <= candidate's priority 0
2025-09-19 20:45:27,694 [grpc-default-executor-9] INFO  impl.VoteContext (VoteContext.java:log(49)) - 8eb9963e-bce0-4155-aea2-e442cadff8bd@group-A751954341BD-FOLLOWER: reject PRE_VOTE from b5a25cc1-46d3-4381-a194-bd68f4526f1c: our priority 1 > candidate's priority 0
2025-09-19 20:45:27,694 [grpc-default-executor-5] INFO  server.RaftServer$Division (RaftServerImpl.java:requestVote(1455)) - 0df1231c-9f8a-4757-a7d0-f6d7f53bc482@group-A751954341BD replies to PRE_VOTE vote request: b5a25cc1-46d3-4381-a194-bd68f4526f1c<-0df1231c-9f8a-4757-a7d0-f6d7f53bc482#0:OK-t2-last:(t:2, i:14). Peer's state: 0df1231c-9f8a-4757-a7d0-f6d7f53bc482@group-A751954341BD:t2, leader=null, voted=, raftlog=Memoized:0df1231c-9f8a-4757-a7d0-f6d7f53bc482@group-A751954341BD-SegmentedRaftLog:OPENED:c14:last(t:2, i:14), conf=conf: {index: 1, cur=peers:[b5a25cc1-46d3-4381-a194-bd68f4526f1c|127.0.0.1:15031, 0df1231c-9f8a-4757-a7d0-f6d7f53bc482|127.0.0.1:15023, 8eb9963e-bce0-4155-aea2-e442cadff8bd|127.0.0.1:15015]|listeners:[], old=null}
2025-09-19 20:45:27,694 [grpc-default-executor-9] INFO  server.RaftServer$Division (RaftServerImpl.java:requestVote(1455)) - 8eb9963e-bce0-4155-aea2-e442cadff8bd@group-A751954341BD replies to PRE_VOTE vote request: b5a25cc1-46d3-4381-a194-bd68f4526f1c<-8eb9963e-bce0-4155-aea2-e442cadff8bd#0:FAIL-t2-last:(t:2, i:14). Peer's state: 8eb9963e-bce0-4155-aea2-e442cadff8bd@group-A751954341BD:t2, leader=null, voted=8eb9963e-bce0-4155-aea2-e442cadff8bd, raftlog=Memoized:8eb9963e-bce0-4155-aea2-e442cadff8bd@group-A751954341BD-SegmentedRaftLog:OPENED:c14:last(t:2, i:14), conf=conf: {index: 1, cur=peers:[b5a25cc1-46d3-4381-a194-bd68f4526f1c|127.0.0.1:15031, 0df1231c-9f8a-4757-a7d0-f6d7f53bc482|127.0.0.1:15023, 8eb9963e-bce0-4155-aea2-e442cadff8bd|127.0.0.1:15015]|listeners:[], old=null}
2025-09-19 20:45:27,694 [b5a25cc1-46d3-4381-a194-bd68f4526f1c@group-A751954341BD-LeaderElection230] INFO  impl.LeaderElection (LeaderElection.java:logAndReturn(206)) - b5a25cc1-46d3-4381-a194-bd68f4526f1c@group-A751954341BD-LeaderElection230: PRE_VOTE REJECTED received 1 response(s) and 0 exception(s):
2025-09-19 20:45:27,694 [b5a25cc1-46d3-4381-a194-bd68f4526f1c@group-A751954341BD-LeaderElection230] INFO  impl.LeaderElection (LeaderElection.java:logAndReturn(210)) -   Response 0: b5a25cc1-46d3-4381-a194-bd68f4526f1c<-8eb9963e-bce0-4155-aea2-e442cadff8bd#0:FAIL-t2-last:(t:2, i:14)
2025-09-19 20:45:27,694 [b5a25cc1-46d3-4381-a194-bd68f4526f1c@group-A751954341BD-LeaderElection230] INFO  impl.LeaderElection (LeaderElection.java:askForVotes(450)) - b5a25cc1-46d3-4381-a194-bd68f4526f1c@group-A751954341BD-LeaderElection230 PRE_VOTE round 0: result REJECTED
2025-09-19 20:45:27,694 [b5a25cc1-46d3-4381-a194-bd68f4526f1c@group-A751954341BD-LeaderElection230] INFO  server.RaftServer$Division (RaftServerImpl.java:setRole(392)) - b5a25cc1-46d3-4381-a194-bd68f4526f1c@group-A751954341BD: changes role from CANDIDATE to FOLLOWER at term 2 for REJECTED
2025-09-19 20:45:27,694 [b5a25cc1-46d3-4381-a194-bd68f4526f1c@group-A751954341BD-LeaderElection230] INFO  impl.RoleInfo (RoleInfo.java:shutdownLeaderElection(141)) - b5a25cc1-46d3-4381-a194-bd68f4526f1c: shutdown b5a25cc1-46d3-4381-a194-bd68f4526f1c@group-A751954341BD-LeaderElection230
2025-09-19 20:45:27,694 [b5a25cc1-46d3-4381-a194-bd68f4526f1c@group-A751954341BD-LeaderElection230] INFO  impl.RoleInfo (RoleInfo.java:updateAndGet(148)) - b5a25cc1-46d3-4381-a194-bd68f4526f1c: start b5a25cc1-46d3-4381-a194-bd68f4526f1c@group-A751954341BD-FollowerState
2025-09-19 20:45:27,923 [8eb9963e-bce0-4155-aea2-e442cadff8bd@group-A751954341BD-FollowerState] INFO  impl.FollowerState (FollowerState.java:runImpl(161)) - 8eb9963e-bce0-4155-aea2-e442cadff8bd@group-A751954341BD-FollowerState: change to CANDIDATE, lastRpcElapsedTime:1166289202ns, electionTimeout:1166ms
2025-09-19 20:45:27,923 [8eb9963e-bce0-4155-aea2-e442cadff8bd@group-A751954341BD-FollowerState] INFO  impl.RoleInfo (RoleInfo.java:shutdownFollowerState(121)) - 8eb9963e-bce0-4155-aea2-e442cadff8bd: shutdown 8eb9963e-bce0-4155-aea2-e442cadff8bd@group-A751954341BD-FollowerState
2025-09-19 20:45:27,923 [8eb9963e-bce0-4155-aea2-e442cadff8bd@group-A751954341BD-FollowerState] INFO  server.RaftServer$Division (RaftServerImpl.java:setRole(392)) - 8eb9963e-bce0-4155-aea2-e442cadff8bd@group-A751954341BD: changes role from  FOLLOWER to CANDIDATE at term 2 for changeToCandidate
2025-09-19 20:45:27,923 [8eb9963e-bce0-4155-aea2-e442cadff8bd@group-A751954341BD-FollowerState] INFO  impl.RoleInfo (RoleInfo.java:updateAndGet(148)) - 8eb9963e-bce0-4155-aea2-e442cadff8bd: start 8eb9963e-bce0-4155-aea2-e442cadff8bd@group-A751954341BD-LeaderElection231
2025-09-19 20:45:27,923 [8eb9963e-bce0-4155-aea2-e442cadff8bd@group-A751954341BD-LeaderElection231] INFO  impl.LeaderElection (LeaderElection.java:askForVotes(448)) - 8eb9963e-bce0-4155-aea2-e442cadff8bd@group-A751954341BD-LeaderElection231 PRE_VOTE round 0: submit vote requests at term 2 for conf: {index: 1, cur=peers:[b5a25cc1-46d3-4381-a194-bd68f4526f1c|127.0.0.1:15031, 0df1231c-9f8a-4757-a7d0-f6d7f53bc482|127.0.0.1:15023, 8eb9963e-bce0-4155-aea2-e442cadff8bd|127.0.0.1:15015]|listeners:[], old=null}
2025-09-19 20:45:27,924 [8eb9963e-bce0-4155-aea2-e442cadff8bd@group-A751954341BD-LeaderElection231] INFO  impl.LeaderElection (LogUtils.java:infoOrTrace(142)) - 8eb9963e-bce0-4155-aea2-e442cadff8bd@group-A751954341BD-LeaderElection231 got exception when requesting votes: java.util.concurrent.ExecutionException: org.apache.ratis.thirdparty.io.grpc.StatusRuntimeException: UNAVAILABLE: io exception
2025-09-19 20:45:27,924 [grpc-default-executor-9] INFO  server.RaftServer$Division (RaftServerImpl.java:requestVote(1421)) - b5a25cc1-46d3-4381-a194-bd68f4526f1c@group-A751954341BD: receive requestVote(PRE_VOTE, 8eb9963e-bce0-4155-aea2-e442cadff8bd, group-A751954341BD, 2, (t:2, i:14))
2025-09-19 20:45:27,924 [grpc-default-executor-9] INFO  impl.VoteContext (VoteContext.java:log(49)) - b5a25cc1-46d3-4381-a194-bd68f4526f1c@group-A751954341BD-FOLLOWER: accept PRE_VOTE from 8eb9963e-bce0-4155-aea2-e442cadff8bd: our priority 0 <= candidate's priority 1
2025-09-19 20:45:27,925 [grpc-default-executor-9] INFO  server.RaftServer$Division (RaftServerImpl.java:requestVote(1455)) - b5a25cc1-46d3-4381-a194-bd68f4526f1c@group-A751954341BD replies to PRE_VOTE vote request: 8eb9963e-bce0-4155-aea2-e442cadff8bd<-b5a25cc1-46d3-4381-a194-bd68f4526f1c#0:OK-t2-last:(t:2, i:14). Peer's state: b5a25cc1-46d3-4381-a194-bd68f4526f1c@group-A751954341BD:t2, leader=null, voted=8eb9963e-bce0-4155-aea2-e442cadff8bd, raftlog=Memoized:b5a25cc1-46d3-4381-a194-bd68f4526f1c@group-A751954341BD-SegmentedRaftLog:OPENED:c13:last(t:2, i:14), conf=conf: {index: 1, cur=peers:[b5a25cc1-46d3-4381-a194-bd68f4526f1c|127.0.0.1:15031, 0df1231c-9f8a-4757-a7d0-f6d7f53bc482|127.0.0.1:15023, 8eb9963e-bce0-4155-aea2-e442cadff8bd|127.0.0.1:15015]|listeners:[], old=null}
2025-09-19 20:45:27,925 [8eb9963e-bce0-4155-aea2-e442cadff8bd@group-A751954341BD-LeaderElection231] INFO  impl.LeaderElection (LeaderElection.java:logAndReturn(206)) - 8eb9963e-bce0-4155-aea2-e442cadff8bd@group-A751954341BD-LeaderElection231: PRE_VOTE PASSED received 1 response(s) and 1 exception(s):
2025-09-19 20:45:27,925 [8eb9963e-bce0-4155-aea2-e442cadff8bd@group-A751954341BD-LeaderElection231] INFO  impl.LeaderElection (LeaderElection.java:logAndReturn(210)) -   Response 0: 8eb9963e-bce0-4155-aea2-e442cadff8bd<-b5a25cc1-46d3-4381-a194-bd68f4526f1c#0:OK-t2-last:(t:2, i:14)
2025-09-19 20:45:27,925 [8eb9963e-bce0-4155-aea2-e442cadff8bd@group-A751954341BD-LeaderElection231] INFO  impl.LeaderElection (LogUtils.java:infoOrTrace(142)) -   Exception 1: java.util.concurrent.ExecutionException: org.apache.ratis.thirdparty.io.grpc.StatusRuntimeException: UNAVAILABLE: io exception
2025-09-19 20:45:27,925 [8eb9963e-bce0-4155-aea2-e442cadff8bd@group-A751954341BD-LeaderElection231] INFO  impl.LeaderElection (LeaderElection.java:askForVotes(450)) - 8eb9963e-bce0-4155-aea2-e442cadff8bd@group-A751954341BD-LeaderElection231 PRE_VOTE round 0: result PASSED
2025-09-19 20:45:27,926 [8eb9963e-bce0-4155-aea2-e442cadff8bd@group-A751954341BD-LeaderElection231] INFO  impl.LeaderElection (LeaderElection.java:askForVotes(448)) - 8eb9963e-bce0-4155-aea2-e442cadff8bd@group-A751954341BD-LeaderElection231 ELECTION round 0: submit vote requests at term 3 for conf: {index: 1, cur=peers:[b5a25cc1-46d3-4381-a194-bd68f4526f1c|127.0.0.1:15031, 0df1231c-9f8a-4757-a7d0-f6d7f53bc482|127.0.0.1:15023, 8eb9963e-bce0-4155-aea2-e442cadff8bd|127.0.0.1:15015]|listeners:[], old=null}
2025-09-19 20:45:27,927 [8eb9963e-bce0-4155-aea2-e442cadff8bd@group-A751954341BD-LeaderElection231] INFO  impl.LeaderElection (LogUtils.java:infoOrTrace(142)) - 8eb9963e-bce0-4155-aea2-e442cadff8bd@group-A751954341BD-LeaderElection231 got exception when requesting votes: java.util.concurrent.ExecutionException: org.apache.ratis.thirdparty.io.grpc.StatusRuntimeException: UNAVAILABLE: io exception
2025-09-19 20:45:27,927 [grpc-default-executor-9] INFO  server.RaftServer$Division (RaftServerImpl.java:requestVote(1421)) - b5a25cc1-46d3-4381-a194-bd68f4526f1c@group-A751954341BD: receive requestVote(ELECTION, 8eb9963e-bce0-4155-aea2-e442cadff8bd, group-A751954341BD, 3, (t:2, i:14))
2025-09-19 20:45:27,927 [grpc-default-executor-9] INFO  impl.VoteContext (VoteContext.java:log(49)) - b5a25cc1-46d3-4381-a194-bd68f4526f1c@group-A751954341BD-FOLLOWER: accept ELECTION from 8eb9963e-bce0-4155-aea2-e442cadff8bd: our priority 0 <= candidate's priority 1
2025-09-19 20:45:27,927 [grpc-default-executor-9] INFO  server.RaftServer$Division (RaftServerImpl.java:setRole(392)) - b5a25cc1-46d3-4381-a194-bd68f4526f1c@group-A751954341BD: changes role from  FOLLOWER to FOLLOWER at term 2 for candidate:8eb9963e-bce0-4155-aea2-e442cadff8bd
2025-09-19 20:45:27,927 [grpc-default-executor-9] INFO  impl.RoleInfo (RoleInfo.java:shutdownFollowerState(121)) - b5a25cc1-46d3-4381-a194-bd68f4526f1c: shutdown b5a25cc1-46d3-4381-a194-bd68f4526f1c@group-A751954341BD-FollowerState
2025-09-19 20:45:27,927 [grpc-default-executor-9] INFO  impl.RoleInfo (RoleInfo.java:updateAndGet(148)) - b5a25cc1-46d3-4381-a194-bd68f4526f1c: start b5a25cc1-46d3-4381-a194-bd68f4526f1c@group-A751954341BD-FollowerState
2025-09-19 20:45:27,927 [b5a25cc1-46d3-4381-a194-bd68f4526f1c@group-A751954341BD-FollowerState] INFO  impl.FollowerState (FollowerState.java:runImpl(170)) - b5a25cc1-46d3-4381-a194-bd68f4526f1c@group-A751954341BD-FollowerState was interrupted
2025-09-19 20:45:27,929 [grpc-default-executor-9] INFO  server.RaftServer$Division (RaftServerImpl.java:requestVote(1455)) - b5a25cc1-46d3-4381-a194-bd68f4526f1c@group-A751954341BD replies to ELECTION vote request: 8eb9963e-bce0-4155-aea2-e442cadff8bd<-b5a25cc1-46d3-4381-a194-bd68f4526f1c#0:OK-t3-last:(t:2, i:14). Peer's state: b5a25cc1-46d3-4381-a194-bd68f4526f1c@group-A751954341BD:t3, leader=null, voted=8eb9963e-bce0-4155-aea2-e442cadff8bd, raftlog=Memoized:b5a25cc1-46d3-4381-a194-bd68f4526f1c@group-A751954341BD-SegmentedRaftLog:OPENED:c13:last(t:2, i:14), conf=conf: {index: 1, cur=peers:[b5a25cc1-46d3-4381-a194-bd68f4526f1c|127.0.0.1:15031, 0df1231c-9f8a-4757-a7d0-f6d7f53bc482|127.0.0.1:15023, 8eb9963e-bce0-4155-aea2-e442cadff8bd|127.0.0.1:15015]|listeners:[], old=null}
2025-09-19 20:45:27,929 [8eb9963e-bce0-4155-aea2-e442cadff8bd@group-A751954341BD-LeaderElection231] INFO  impl.LeaderElection (LeaderElection.java:logAndReturn(206)) - 8eb9963e-bce0-4155-aea2-e442cadff8bd@group-A751954341BD-LeaderElection231: ELECTION PASSED received 1 response(s) and 1 exception(s):
2025-09-19 20:45:27,929 [8eb9963e-bce0-4155-aea2-e442cadff8bd@group-A751954341BD-LeaderElection231] INFO  impl.LeaderElection (LeaderElection.java:logAndReturn(210)) -   Response 0: 8eb9963e-bce0-4155-aea2-e442cadff8bd<-b5a25cc1-46d3-4381-a194-bd68f4526f1c#0:OK-t3-last:(t:2, i:14)
2025-09-19 20:45:27,929 [8eb9963e-bce0-4155-aea2-e442cadff8bd@group-A751954341BD-LeaderElection231] INFO  impl.LeaderElection (LogUtils.java:infoOrTrace(142)) -   Exception 1: java.util.concurrent.ExecutionException: org.apache.ratis.thirdparty.io.grpc.StatusRuntimeException: UNAVAILABLE: io exception
2025-09-19 20:45:27,929 [8eb9963e-bce0-4155-aea2-e442cadff8bd@group-A751954341BD-LeaderElection231] INFO  impl.LeaderElection (LeaderElection.java:askForVotes(450)) - 8eb9963e-bce0-4155-aea2-e442cadff8bd@group-A751954341BD-LeaderElection231 ELECTION round 0: result PASSED
2025-09-19 20:45:27,929 [8eb9963e-bce0-4155-aea2-e442cadff8bd@group-A751954341BD-LeaderElection231] INFO  impl.RoleInfo (RoleInfo.java:shutdownLeaderElection(141)) - 8eb9963e-bce0-4155-aea2-e442cadff8bd: shutdown 8eb9963e-bce0-4155-aea2-e442cadff8bd@group-A751954341BD-LeaderElection231
2025-09-19 20:45:27,929 [8eb9963e-bce0-4155-aea2-e442cadff8bd@group-A751954341BD-LeaderElection231] INFO  server.RaftServer$Division (RaftServerImpl.java:setRole(392)) - 8eb9963e-bce0-4155-aea2-e442cadff8bd@group-A751954341BD: changes role from CANDIDATE to LEADER at term 3 for changeToLeader
2025-09-19 20:45:27,929 [8eb9963e-bce0-4155-aea2-e442cadff8bd@group-A751954341BD-LeaderElection231] INFO  server.RaftServerConfigKeys (ConfUtils.java:logFallback(69)) - raft.server.staging.timeout = 3600ms (fallback to raft.server.rpc.timeout.max)
2025-09-19 20:45:27,930 [8eb9963e-bce0-4155-aea2-e442cadff8bd@group-A751954341BD-LeaderElection231] INFO  server.RaftServerConfigKeys (ConfUtils.java:logGet(62)) - raft.server.write.byte-limit = 1024 M (=1073741824) (custom)
2025-09-19 20:45:27,930 [8eb9963e-bce0-4155-aea2-e442cadff8bd@group-A751954341BD-LeaderElection231] INFO  server.RaftServerConfigKeys (ConfUtils.java:logGet(62)) - raft.server.log.appender.buffer.byte-limit = 33554432 (custom)
2025-09-19 20:45:27,931 [8eb9963e-bce0-4155-aea2-e442cadff8bd@group-A751954341BD-LeaderElection231] INFO  server.RaftServerConfigKeys (ConfUtils.java:logGet(62)) - raft.server.log.appender.buffer.byte-limit = 33554432 (custom)
2025-09-19 20:45:27,931 [8eb9963e-bce0-4155-aea2-e442cadff8bd@group-A751954341BD-LeaderElection231] INFO  impl.RoleInfo (RoleInfo.java:updateAndGet(148)) - 8eb9963e-bce0-4155-aea2-e442cadff8bd: start 8eb9963e-bce0-4155-aea2-e442cadff8bd@group-A751954341BD-LeaderStateImpl
2025-09-19 20:45:27,931 [8eb9963e-bce0-4155-aea2-e442cadff8bd@group-A751954341BD-LeaderElection231] INFO  ratis.XceiverServerRatis (XceiverServerRatis.java:handleLeaderChangedNotification(942)) - Leader change notification received for group: group-A751954341BD with new leaderId: 8eb9963e-bce0-4155-aea2-e442cadff8bd
2025-09-19 20:45:27,932 [8eb9963e-bce0-4155-aea2-e442cadff8bd@group-A751954341BD-LeaderElection231] INFO  server.RaftServer$Division (ServerState.java:setLeader(272)) - 8eb9963e-bce0-4155-aea2-e442cadff8bd@group-A751954341BD: change Leader from null to 8eb9963e-bce0-4155-aea2-e442cadff8bd at term 3 for becomeLeader, leader elected after 44009ms
2025-09-19 20:45:27,932 [8eb9963e-bce0-4155-aea2-e442cadff8bd@group-A751954341BD-LeaderElection231] INFO  segmented.SegmentedRaftLogWorker (SegmentedRaftLogWorker.java:rollLogSegment(445)) - 8eb9963e-bce0-4155-aea2-e442cadff8bd@group-A751954341BD-SegmentedRaftLogWorker: Rolling segment log-1_14 to index:14
2025-09-19 20:45:27,932 [8eb9963e-bce0-4155-aea2-e442cadff8bd@group-A751954341BD-LeaderElection231] INFO  server.RaftServer$Division (ServerState.java:setRaftConf(386)) - 8eb9963e-bce0-4155-aea2-e442cadff8bd@group-A751954341BD: set configuration conf: {index: 15, cur=peers:[b5a25cc1-46d3-4381-a194-bd68f4526f1c|127.0.0.1:15031, 0df1231c-9f8a-4757-a7d0-f6d7f53bc482|127.0.0.1:15023, 8eb9963e-bce0-4155-aea2-e442cadff8bd|127.0.0.1:15015]|listeners:[], old=null}
2025-09-19 20:45:27,933 [grpc-default-executor-9] WARN  server.GrpcLogAppender (LogUtils.java:warn(127)) - 8eb9963e-bce0-4155-aea2-e442cadff8bd@group-A751954341BD->b5a25cc1-46d3-4381-a194-bd68f4526f1c-AppendLogResponseHandler: Failed appendEntries: org.apache.ratis.thirdparty.io.grpc.StatusRuntimeException: UNAVAILABLE: io exception
  Caused by: org.apache.ratis.thirdparty.io.netty.channel.AbstractChannel$AnnotatedConnectException: finishConnect(..) failed: Connection refused: /127.0.0.1:15031
  Caused by: java.net.ConnectException: finishConnect(..) failed: Connection refused
2025-09-19 20:45:27,933 [8eb9963e-bce0-4155-aea2-e442cadff8bd@group-A751954341BD-SegmentedRaftLogWorker] INFO  segmented.SegmentedRaftLogWorker (SegmentedRaftLogWorker.java:execute(604)) - 8eb9963e-bce0-4155-aea2-e442cadff8bd@group-A751954341BD-SegmentedRaftLogWorker: Rolled log segment from /home/runner/work/ozone/ozone/hadoop-ozone/integration-test/target/test-dir/MiniOzoneClusterImpl-990002c2-bb69-4aa2-bd68-28a5e13e86ef/ozone-metadata/datanode-1/ratis/e102d630-0766-4c9c-a6ac-a751954341bd/current/log_inprogress_1 to /home/runner/work/ozone/ozone/hadoop-ozone/integration-test/target/test-dir/MiniOzoneClusterImpl-990002c2-bb69-4aa2-bd68-28a5e13e86ef/ozone-metadata/datanode-1/ratis/e102d630-0766-4c9c-a6ac-a751954341bd/current/log_1-14
2025-09-19 20:45:27,933 [grpc-default-executor-9] WARN  server.GrpcLogAppender (GrpcLogAppender.java:lambda$resetClient$1(228)) - 8eb9963e-bce0-4155-aea2-e442cadff8bd@group-A751954341BD->b5a25cc1-46d3-4381-a194-bd68f4526f1c-GrpcLogAppender: Follower failed (request=null, errorCount=1); keep nextIndex (15) unchanged and retry.
2025-09-19 20:45:27,933 [8eb9963e-bce0-4155-aea2-e442cadff8bd@group-A751954341BD-SegmentedRaftLogWorker] INFO  segmented.BufferedWriteChannel (BufferedWriteChannel.java:open(61)) - open log_inprogress_15 at position 0
2025-09-19 20:45:27,934 [grpc-default-executor-9] WARN  server.GrpcLogAppender (LogUtils.java:warn(127)) - 8eb9963e-bce0-4155-aea2-e442cadff8bd@group-A751954341BD->0df1231c-9f8a-4757-a7d0-f6d7f53bc482-AppendLogResponseHandler: Failed appendEntries: org.apache.ratis.thirdparty.io.grpc.StatusRuntimeException: UNAVAILABLE: io exception
  Caused by: org.apache.ratis.thirdparty.io.netty.channel.AbstractChannel$AnnotatedConnectException: finishConnect(..) failed: Connection refused: /127.0.0.1:15023
  Caused by: java.net.ConnectException: finishConnect(..) failed: Connection refused
2025-09-19 20:45:27,935 [grpc-default-executor-9] WARN  server.GrpcLogAppender (GrpcLogAppender.java:lambda$resetClient$1(228)) - 8eb9963e-bce0-4155-aea2-e442cadff8bd@group-A751954341BD->0df1231c-9f8a-4757-a7d0-f6d7f53bc482-GrpcLogAppender: Follower failed (request=null, errorCount=1); keep nextIndex (15) unchanged and retry.
2025-09-19 20:45:27,935 [grpc-default-executor-2] WARN  server.GrpcLogAppender (GrpcLogAppender.java:lambda$resetClient$1(228)) - 8eb9963e-bce0-4155-aea2-e442cadff8bd@group-A751954341BD->b5a25cc1-46d3-4381-a194-bd68f4526f1c-GrpcLogAppender: Follower failed (request=null, errorCount=2); keep nextIndex (16) unchanged and retry.
2025-09-19 20:45:27,935 [grpc-default-executor-2] WARN  server.GrpcLogAppender (GrpcLogAppender.java:lambda$resetClient$1(228)) - 8eb9963e-bce0-4155-aea2-e442cadff8bd@group-A751954341BD->0df1231c-9f8a-4757-a7d0-f6d7f53bc482-GrpcLogAppender: Follower failed (request=null, errorCount=2); keep nextIndex (16) unchanged and retry.
2025-09-19 20:45:27,936 [grpc-default-executor-9] INFO  ratis.XceiverServerRatis (XceiverServerRatis.java:handleLeaderChangedNotification(942)) - Leader change notification received for group: group-A751954341BD with new leaderId: 8eb9963e-bce0-4155-aea2-e442cadff8bd
2025-09-19 20:45:27,936 [grpc-default-executor-9] INFO  server.RaftServer$Division (ServerState.java:setLeader(272)) - b5a25cc1-46d3-4381-a194-bd68f4526f1c@group-A751954341BD: change Leader from null to 8eb9963e-bce0-4155-aea2-e442cadff8bd at term 3 for appendEntries, leader elected after 8828ms
2025-09-19 20:45:27,936 [grpc-default-executor-3] INFO  server.RaftServer$Division (RaftServerImpl.java:setFirstElection(576)) - 0df1231c-9f8a-4757-a7d0-f6d7f53bc482@group-A751954341BD: set firstElectionSinceStartup to false for appendEntries
2025-09-19 20:45:27,937 [grpc-default-executor-3] INFO  ratis.XceiverServerRatis (XceiverServerRatis.java:handleLeaderChangedNotification(942)) - Leader change notification received for group: group-A751954341BD with new leaderId: 8eb9963e-bce0-4155-aea2-e442cadff8bd
2025-09-19 20:45:27,937 [grpc-default-executor-3] INFO  server.RaftServer$Division (ServerState.java:setLeader(272)) - 0df1231c-9f8a-4757-a7d0-f6d7f53bc482@group-A751954341BD: change Leader from null to 8eb9963e-bce0-4155-aea2-e442cadff8bd at term 3 for appendEntries, leader elected after 8579ms
2025-09-19 20:45:27,937 [grpc-default-executor-9] INFO  server.RaftServer$Division (ServerState.java:setRaftConf(386)) - b5a25cc1-46d3-4381-a194-bd68f4526f1c@group-A751954341BD: set configuration conf: {index: 15, cur=peers:[b5a25cc1-46d3-4381-a194-bd68f4526f1c|127.0.0.1:15031, 0df1231c-9f8a-4757-a7d0-f6d7f53bc482|127.0.0.1:15023, 8eb9963e-bce0-4155-aea2-e442cadff8bd|127.0.0.1:15015]|listeners:[], old=null}
2025-09-19 20:45:27,937 [grpc-default-executor-9] INFO  segmented.SegmentedRaftLogWorker (SegmentedRaftLogWorker.java:rollLogSegment(445)) - b5a25cc1-46d3-4381-a194-bd68f4526f1c@group-A751954341BD-SegmentedRaftLogWorker: Rolling segment log-1_14 to index:14
2025-09-19 20:45:27,937 [b5a25cc1-46d3-4381-a194-bd68f4526f1c@group-A751954341BD-SegmentedRaftLogWorker] INFO  segmented.SegmentedRaftLogWorker (SegmentedRaftLogWorker.java:execute(604)) - b5a25cc1-46d3-4381-a194-bd68f4526f1c@group-A751954341BD-SegmentedRaftLogWorker: Rolled log segment from /home/runner/work/ozone/ozone/hadoop-ozone/integration-test/target/test-dir/MiniOzoneClusterImpl-990002c2-bb69-4aa2-bd68-28a5e13e86ef/ozone-metadata/datanode-3/ratis/e102d630-0766-4c9c-a6ac-a751954341bd/current/log_inprogress_1 to /home/runner/work/ozone/ozone/hadoop-ozone/integration-test/target/test-dir/MiniOzoneClusterImpl-990002c2-bb69-4aa2-bd68-28a5e13e86ef/ozone-metadata/datanode-3/ratis/e102d630-0766-4c9c-a6ac-a751954341bd/current/log_1-14
2025-09-19 20:45:27,937 [b5a25cc1-46d3-4381-a194-bd68f4526f1c@group-A751954341BD-SegmentedRaftLogWorker] INFO  segmented.BufferedWriteChannel (BufferedWriteChannel.java:open(61)) - open log_inprogress_15 at position 0
2025-09-19 20:45:27,940 [8eb9963e-bce0-4155-aea2-e442cadff8bd@group-A751954341BD-SegmentedRaftLogWorker] INFO  segmented.SegmentedRaftLogWorker (SegmentedRaftLogWorker.java:execute(647)) - 8eb9963e-bce0-4155-aea2-e442cadff8bd@group-A751954341BD-SegmentedRaftLogWorker: created new log segment /home/runner/work/ozone/ozone/hadoop-ozone/integration-test/target/test-dir/MiniOzoneClusterImpl-990002c2-bb69-4aa2-bd68-28a5e13e86ef/ozone-metadata/datanode-1/ratis/e102d630-0766-4c9c-a6ac-a751954341bd/current/log_inprogress_15
2025-09-19 20:45:27,943 [b5a25cc1-46d3-4381-a194-bd68f4526f1c@group-A751954341BD-SegmentedRaftLogWorker] INFO  segmented.SegmentedRaftLogWorker (SegmentedRaftLogWorker.java:execute(647)) - b5a25cc1-46d3-4381-a194-bd68f4526f1c@group-A751954341BD-SegmentedRaftLogWorker: created new log segment /home/runner/work/ozone/ozone/hadoop-ozone/integration-test/target/test-dir/MiniOzoneClusterImpl-990002c2-bb69-4aa2-bd68-28a5e13e86ef/ozone-metadata/datanode-3/ratis/e102d630-0766-4c9c-a6ac-a751954341bd/current/log_inprogress_15
2025-09-19 20:45:27,945 [8eb9963e-bce0-4155-aea2-e442cadff8bd@group-A751954341BD-StateMachineUpdater] INFO  server.RaftServer$Division (LeaderStateImpl.java:checkStartIndex(309)) - Leader 8eb9963e-bce0-4155-aea2-e442cadff8bd@group-A751954341BD-LeaderStateImpl is ready since appliedIndex == startIndex == 15
2025-09-19 20:45:27,945 [grpc-default-executor-9] INFO  server.RaftServer$Division (RaftServerImpl.java:checkInconsistentAppendEntries(1673)) - 0df1231c-9f8a-4757-a7d0-f6d7f53bc482@group-A751954341BD: Failed appendEntries as previous log entry ((t:3, i:15)) is not found
2025-09-19 20:45:27,946 [grpc-default-executor-9] INFO  server.RaftServer$Division (RaftServerImpl.java:appendEntriesAsync(1594)) - 0df1231c-9f8a-4757-a7d0-f6d7f53bc482@group-A751954341BD: appendEntries* reply 8eb9963e-bce0-4155-aea2-e442cadff8bd<-0df1231c-9f8a-4757-a7d0-f6d7f53bc482#30:FAIL-t3,INCONSISTENCY,nextIndex=15,followerCommit=14,matchIndex=-1
2025-09-19 20:45:27,946 [grpc-default-executor-9] WARN  server.GrpcLogAppender (GrpcLogAppender.java:lambda$onNextImpl$0(527)) - 8eb9963e-bce0-4155-aea2-e442cadff8bd@group-A751954341BD->0df1231c-9f8a-4757-a7d0-f6d7f53bc482-AppendLogResponseHandler: received INCONSISTENCY reply with nextIndex 15, errorCount=1, request=AppendEntriesRequest:cid=30,entriesCount=1,entry=(t:3, i:16) 
2025-09-19 20:45:27,946 [grpc-default-executor-9] INFO  leader.FollowerInfo (FollowerInfoImpl.java:info(70)) - 8eb9963e-bce0-4155-aea2-e442cadff8bd@group-A751954341BD->0df1231c-9f8a-4757-a7d0-f6d7f53bc482: setNextIndex nextIndex: updateUnconditionally 17 -> 15
2025-09-19 20:45:27,946 [grpc-default-executor-9] INFO  server.RaftServer$Division (ServerState.java:setRaftConf(386)) - 0df1231c-9f8a-4757-a7d0-f6d7f53bc482@group-A751954341BD: set configuration conf: {index: 15, cur=peers:[b5a25cc1-46d3-4381-a194-bd68f4526f1c|127.0.0.1:15031, 0df1231c-9f8a-4757-a7d0-f6d7f53bc482|127.0.0.1:15023, 8eb9963e-bce0-4155-aea2-e442cadff8bd|127.0.0.1:15015]|listeners:[], old=null}
2025-09-19 20:45:27,947 [grpc-default-executor-9] INFO  segmented.SegmentedRaftLogWorker (SegmentedRaftLogWorker.java:rollLogSegment(445)) - 0df1231c-9f8a-4757-a7d0-f6d7f53bc482@group-A751954341BD-SegmentedRaftLogWorker: Rolling segment log-1_14 to index:14
2025-09-19 20:45:27,947 [0df1231c-9f8a-4757-a7d0-f6d7f53bc482@group-A751954341BD-SegmentedRaftLogWorker] INFO  segmented.SegmentedRaftLogWorker (SegmentedRaftLogWorker.java:execute(604)) - 0df1231c-9f8a-4757-a7d0-f6d7f53bc482@group-A751954341BD-SegmentedRaftLogWorker: Rolled log segment from /home/runner/work/ozone/ozone/hadoop-ozone/integration-test/target/test-dir/MiniOzoneClusterImpl-990002c2-bb69-4aa2-bd68-28a5e13e86ef/ozone-metadata/datanode-2/ratis/e102d630-0766-4c9c-a6ac-a751954341bd/current/log_inprogress_1 to /home/runner/work/ozone/ozone/hadoop-ozone/integration-test/target/test-dir/MiniOzoneClusterImpl-990002c2-bb69-4aa2-bd68-28a5e13e86ef/ozone-metadata/datanode-2/ratis/e102d630-0766-4c9c-a6ac-a751954341bd/current/log_1-14
2025-09-19 20:45:27,947 [0df1231c-9f8a-4757-a7d0-f6d7f53bc482@group-A751954341BD-SegmentedRaftLogWorker] INFO  segmented.BufferedWriteChannel (BufferedWriteChannel.java:open(61)) - open log_inprogress_15 at position 0
2025-09-19 20:45:27,952 [0df1231c-9f8a-4757-a7d0-f6d7f53bc482@group-A751954341BD-SegmentedRaftLogWorker] INFO  segmented.SegmentedRaftLogWorker (SegmentedRaftLogWorker.java:execute(647)) - 0df1231c-9f8a-4757-a7d0-f6d7f53bc482@group-A751954341BD-SegmentedRaftLogWorker: created new log segment /home/runner/work/ozone/ozone/hadoop-ozone/integration-test/target/test-dir/MiniOzoneClusterImpl-990002c2-bb69-4aa2-bd68-28a5e13e86ef/ozone-metadata/datanode-2/ratis/e102d630-0766-4c9c-a6ac-a751954341bd/current/log_inprogress_15
2025-09-19 20:45:32,123 [ForkJoinPool-1-worker-1] INFO  ozoneimpl.OzoneContainer (OzoneContainer.java:stop(549)) - Attempting to stop container services.
2025-09-19 20:45:32,123 [ContainerMetadataScanner] WARN  ozoneimpl.AbstractBackgroundContainerScanner (AbstractBackgroundContainerScanner.java:handleRemainingSleep(136)) - Background container scan was interrupted.
2025-09-19 20:45:32,123 [ContainerMetadataScanner] INFO  ozoneimpl.AbstractBackgroundContainerScanner (AbstractBackgroundContainerScanner.java:run(63)) - org.apache.hadoop.ozone.container.ozoneimpl.BackgroundContainerMetadataScanner@2fd5b095 exiting.
2025-09-19 20:45:32,123 [ForkJoinPool-1-worker-1] INFO  ozoneimpl.BackgroundContainerDataScanner (BackgroundContainerDataScanner.java:shutdown(87)) - ContainerDataScanner(/home/runner/work/ozone/ozone/hadoop-ozone/integration-test/target/test-dir/MiniOzoneClusterImpl-990002c2-bb69-4aa2-bd68-28a5e13e86ef/ozone-metadata/datanode-1/data-0/hdds) is shutting down. 
2025-09-19 20:45:32,124 [ContainerDataScanner(/home/runner/work/ozone/ozone/hadoop-ozone/integration-test/target/test-dir/MiniOzoneClusterImpl-990002c2-bb69-4aa2-bd68-28a5e13e86ef/ozone-metadata/datanode-1/data-0/hdds)] WARN  ozoneimpl.AbstractBackgroundContainerScanner (AbstractBackgroundContainerScanner.java:handleRemainingSleep(136)) - Background container scan was interrupted.
2025-09-19 20:45:32,124 [ContainerDataScanner(/home/runner/work/ozone/ozone/hadoop-ozone/integration-test/target/test-dir/MiniOzoneClusterImpl-990002c2-bb69-4aa2-bd68-28a5e13e86ef/ozone-metadata/datanode-1/data-0/hdds)] INFO  ozoneimpl.AbstractBackgroundContainerScanner (AbstractBackgroundContainerScanner.java:run(63)) - ContainerDataScanner(/home/runner/work/ozone/ozone/hadoop-ozone/integration-test/target/test-dir/MiniOzoneClusterImpl-990002c2-bb69-4aa2-bd68-28a5e13e86ef/ozone-metadata/datanode-1/data-0/hdds, DS-3d966188-6e8b-4280-af48-36487f3106d4) exiting.
2025-09-19 20:45:32,124 [ForkJoinPool-1-worker-1] INFO  ozoneimpl.OnDemandContainerScanner (OnDemandContainerScanner.java:shutdown(141)) - On-demand container scanner is shutting down.
2025-09-19 20:45:32,124 [ForkJoinPool-1-worker-1] INFO  ratis.XceiverServerRatis (XceiverServerRatis.java:stop(595)) - Closing XceiverServerRatis(8eb9963e-bce0-4155-aea2-e442cadff8bd)
2025-09-19 20:45:32,124 [ForkJoinPool-1-worker-1] INFO  server.RaftServer (RaftServerProxy.java:lambda$close$9(422)) - 8eb9963e-bce0-4155-aea2-e442cadff8bd: close
2025-09-19 20:45:32,125 [8eb9963e-bce0-4155-aea2-e442cadff8bd-impl-thread2] INFO  server.RaftServer$Division (RaftServerImpl.java:lambda$close$1(527)) - 8eb9963e-bce0-4155-aea2-e442cadff8bd@group-A751954341BD: shutdown
2025-09-19 20:45:32,125 [8eb9963e-bce0-4155-aea2-e442cadff8bd-impl-thread2] INFO  util.JmxRegister (JmxRegister.java:unregister(74)) - Successfully un-registered JMX Bean with object name Ratis:service=RaftServer,group=group-A751954341BD,id=8eb9963e-bce0-4155-aea2-e442cadff8bd
2025-09-19 20:45:32,125 [8eb9963e-bce0-4155-aea2-e442cadff8bd-impl-thread3] INFO  server.RaftServer$Division (RaftServerImpl.java:lambda$close$1(527)) - 8eb9963e-bce0-4155-aea2-e442cadff8bd@group-715EBF8096A7: shutdown
2025-09-19 20:45:32,125 [8eb9963e-bce0-4155-aea2-e442cadff8bd-impl-thread2] INFO  impl.RoleInfo (RoleInfo.java:shutdownLeaderState(103)) - 8eb9963e-bce0-4155-aea2-e442cadff8bd: shutdown 8eb9963e-bce0-4155-aea2-e442cadff8bd@group-A751954341BD-LeaderStateImpl
2025-09-19 20:45:32,125 [8eb9963e-bce0-4155-aea2-e442cadff8bd-impl-thread3] INFO  util.JmxRegister (JmxRegister.java:unregister(74)) - Successfully un-registered JMX Bean with object name Ratis:service=RaftServer,group=group-715EBF8096A7,id=8eb9963e-bce0-4155-aea2-e442cadff8bd
2025-09-19 20:45:32,125 [8eb9963e-bce0-4155-aea2-e442cadff8bd-impl-thread3] INFO  impl.RoleInfo (RoleInfo.java:shutdownFollowerState(121)) - 8eb9963e-bce0-4155-aea2-e442cadff8bd: shutdown 8eb9963e-bce0-4155-aea2-e442cadff8bd@group-715EBF8096A7-FollowerState
2025-09-19 20:45:32,125 [8eb9963e-bce0-4155-aea2-e442cadff8bd-impl-thread3] INFO  impl.StateMachineUpdater (StateMachineUpdater.java:stopAndJoin(163)) - 8eb9963e-bce0-4155-aea2-e442cadff8bd@group-715EBF8096A7-StateMachineUpdater: set stopIndex = 16
2025-09-19 20:45:32,125 [8eb9963e-bce0-4155-aea2-e442cadff8bd@group-715EBF8096A7-FollowerState] INFO  impl.FollowerState (FollowerState.java:runImpl(170)) - 8eb9963e-bce0-4155-aea2-e442cadff8bd@group-715EBF8096A7-FollowerState was interrupted
2025-09-19 20:45:32,125 [8eb9963e-bce0-4155-aea2-e442cadff8bd@group-A751954341BD->b5a25cc1-46d3-4381-a194-bd68f4526f1c-GrpcLogAppender-LogAppenderDaemon] WARN  server.GrpcLogAppender (GrpcLogAppender.java:mayWait(300)) - 8eb9963e-bce0-4155-aea2-e442cadff8bd@group-A751954341BD->b5a25cc1-46d3-4381-a194-bd68f4526f1c-GrpcLogAppender: Wait interrupted by java.lang.InterruptedException
2025-09-19 20:45:32,125 [ForkJoinPool-1-worker-1] INFO  server.GrpcServicesImpl (GrpcServicesImpl.java:closeImpl(355)) - 8eb9963e-bce0-4155-aea2-e442cadff8bd: shutdown server org.apache.ratis.grpc.server.GrpcClientProtocolService now
2025-09-19 20:45:32,125 [8eb9963e-bce0-4155-aea2-e442cadff8bd@group-715EBF8096A7-StateMachineUpdater] INFO  ratis.ContainerStateMachine (ContainerStateMachine.java:takeSnapshot(427)) - group-715EBF8096A7: Taking a snapshot at:(t:7, i:16) file /home/runner/work/ozone/ozone/hadoop-ozone/integration-test/target/test-dir/MiniOzoneClusterImpl-990002c2-bb69-4aa2-bd68-28a5e13e86ef/ozone-metadata/datanode-1/ratis/958000d3-2396-49be-82e9-715ebf8096a7/sm/snapshot.7_16
2025-09-19 20:45:32,126 [grpc-default-executor-3] INFO  server.GrpcServerProtocolService (GrpcServerProtocolService.java:lambda$onCompleted$6(171)) - b5a25cc1-46d3-4381-a194-bd68f4526f1c: Completed APPEND_ENTRIES, lastRequest: 8eb9963e-bce0-4155-aea2-e442cadff8bd->b5a25cc1-46d3-4381-a194-bd68f4526f1c#33-t3,previous=(t:3, i:21),leaderCommit=21,initializing? false,entries: size=1, first=(t:3, i:22), METADATAENTRY(c:20) 
2025-09-19 20:45:32,126 [grpc-default-executor-3] INFO  server.GrpcServerProtocolService (GrpcServerProtocolService.java:lambda$null$7(175)) - b5a25cc1-46d3-4381-a194-bd68f4526f1c: Completed APPEND_ENTRIES, lastReply: null 
2025-09-19 20:45:32,125 [8eb9963e-bce0-4155-aea2-e442cadff8bd-impl-thread4] INFO  server.RaftServer$Division (RaftServerImpl.java:lambda$close$1(527)) - 8eb9963e-bce0-4155-aea2-e442cadff8bd@group-0133D85F5F20: shutdown
2025-09-19 20:45:32,126 [8eb9963e-bce0-4155-aea2-e442cadff8bd-impl-thread4] INFO  util.JmxRegister (JmxRegister.java:unregister(74)) - Successfully un-registered JMX Bean with object name Ratis:service=RaftServer,group=group-0133D85F5F20,id=8eb9963e-bce0-4155-aea2-e442cadff8bd
2025-09-19 20:45:32,126 [8eb9963e-bce0-4155-aea2-e442cadff8bd-impl-thread4] INFO  impl.RoleInfo (RoleInfo.java:shutdownLeaderState(103)) - 8eb9963e-bce0-4155-aea2-e442cadff8bd: shutdown 8eb9963e-bce0-4155-aea2-e442cadff8bd@group-0133D85F5F20-LeaderStateImpl
2025-09-19 20:45:32,126 [8eb9963e-bce0-4155-aea2-e442cadff8bd-impl-thread4] INFO  impl.PendingRequests (PendingRequests.java:sendNotLeaderResponses(287)) - 8eb9963e-bce0-4155-aea2-e442cadff8bd@group-0133D85F5F20-PendingRequests: sendNotLeaderResponses
2025-09-19 20:45:32,125 [8eb9963e-bce0-4155-aea2-e442cadff8bd-impl-thread2] INFO  impl.PendingRequests (PendingRequests.java:sendNotLeaderResponses(287)) - 8eb9963e-bce0-4155-aea2-e442cadff8bd@group-A751954341BD-PendingRequests: sendNotLeaderResponses
2025-09-19 20:45:32,127 [8eb9963e-bce0-4155-aea2-e442cadff8bd@group-715EBF8096A7-StateMachineUpdater] INFO  ratis.ContainerStateMachine (ContainerStateMachine.java:takeSnapshot(436)) - group-715EBF8096A7: Finished taking a snapshot at:(t:7, i:16) file:/home/runner/work/ozone/ozone/hadoop-ozone/integration-test/target/test-dir/MiniOzoneClusterImpl-990002c2-bb69-4aa2-bd68-28a5e13e86ef/ozone-metadata/datanode-1/ratis/958000d3-2396-49be-82e9-715ebf8096a7/sm/snapshot.7_16 took: 2 ms
2025-09-19 20:45:32,127 [8eb9963e-bce0-4155-aea2-e442cadff8bd@group-715EBF8096A7-StateMachineUpdater] INFO  impl.StateMachineUpdater (StateMachineUpdater.java:takeSnapshot(307)) - 8eb9963e-bce0-4155-aea2-e442cadff8bd@group-715EBF8096A7-StateMachineUpdater: Took a snapshot at index 16
2025-09-19 20:45:32,127 [8eb9963e-bce0-4155-aea2-e442cadff8bd@group-715EBF8096A7-StateMachineUpdater] INFO  impl.StateMachineUpdater (StateMachineUpdater.java:lambda$new$0(101)) - 8eb9963e-bce0-4155-aea2-e442cadff8bd@group-715EBF8096A7-StateMachineUpdater: snapshotIndex: updateIncreasingly -1 -> 16
2025-09-19 20:45:32,127 [grpc-default-executor-7] WARN  server.GrpcClientProtocolService (LogUtils.java:warn(127)) - 12-UnorderedRequestStreamObserver12: onError: org.apache.ratis.thirdparty.io.grpc.StatusRuntimeException: CANCELLED: client cancelled
2025-09-19 20:45:32,127 [8eb9963e-bce0-4155-aea2-e442cadff8bd-impl-thread4] INFO  impl.StateMachineUpdater (StateMachineUpdater.java:stopAndJoin(163)) - 8eb9963e-bce0-4155-aea2-e442cadff8bd@group-0133D85F5F20-StateMachineUpdater: set stopIndex = 0
2025-09-19 20:45:32,125 [8eb9963e-bce0-4155-aea2-e442cadff8bd@group-A751954341BD->0df1231c-9f8a-4757-a7d0-f6d7f53bc482-GrpcLogAppender-LogAppenderDaemon] WARN  server.GrpcLogAppender (GrpcLogAppender.java:mayWait(300)) - 8eb9963e-bce0-4155-aea2-e442cadff8bd@group-A751954341BD->0df1231c-9f8a-4757-a7d0-f6d7f53bc482-GrpcLogAppender: Wait interrupted by java.lang.InterruptedException
2025-09-19 20:45:32,127 [8eb9963e-bce0-4155-aea2-e442cadff8bd@group-715EBF8096A7-StateMachineUpdater] INFO  impl.StateMachineUpdater (StateMachineUpdater.java:stop(140)) - 8eb9963e-bce0-4155-aea2-e442cadff8bd@group-715EBF8096A7-StateMachineUpdater: closing ContainerStateMachine, lastApplied=(t:7, i:16)
2025-09-19 20:45:32,128 [8eb9963e-bce0-4155-aea2-e442cadff8bd@group-0133D85F5F20-StateMachineUpdater] INFO  ratis.ContainerStateMachine (ContainerStateMachine.java:takeSnapshot(427)) - group-0133D85F5F20: Taking a snapshot at:(t:1, i:0) file /home/runner/work/ozone/ozone/hadoop-ozone/integration-test/target/test-dir/MiniOzoneClusterImpl-990002c2-bb69-4aa2-bd68-28a5e13e86ef/ozone-metadata/datanode-1/ratis/c953b843-7a8e-4433-916d-0133d85f5f20/sm/snapshot.1_0
2025-09-19 20:45:32,128 [8eb9963e-bce0-4155-aea2-e442cadff8bd-impl-thread2] INFO  impl.StateMachineUpdater (StateMachineUpdater.java:stopAndJoin(163)) - 8eb9963e-bce0-4155-aea2-e442cadff8bd@group-A751954341BD-StateMachineUpdater: set stopIndex = 22
2025-09-19 20:45:32,128 [8eb9963e-bce0-4155-aea2-e442cadff8bd@group-A751954341BD-StateMachineUpdater] INFO  ratis.ContainerStateMachine (ContainerStateMachine.java:takeSnapshot(427)) - group-A751954341BD: Taking a snapshot at:(t:3, i:22) file /home/runner/work/ozone/ozone/hadoop-ozone/integration-test/target/test-dir/MiniOzoneClusterImpl-990002c2-bb69-4aa2-bd68-28a5e13e86ef/ozone-metadata/datanode-1/ratis/e102d630-0766-4c9c-a6ac-a751954341bd/sm/snapshot.3_22
2025-09-19 20:45:32,128 [grpc-default-executor-3] INFO  server.GrpcLogAppender (GrpcLogAppender.java:onCompleted(558)) - 8eb9963e-bce0-4155-aea2-e442cadff8bd@group-A751954341BD->b5a25cc1-46d3-4381-a194-bd68f4526f1c-AppendLogResponseHandler: follower responses appendEntries COMPLETED
2025-09-19 20:45:32,129 [8eb9963e-bce0-4155-aea2-e442cadff8bd@group-0133D85F5F20-StateMachineUpdater] INFO  ratis.ContainerStateMachine (ContainerStateMachine.java:takeSnapshot(436)) - group-0133D85F5F20: Finished taking a snapshot at:(t:1, i:0) file:/home/runner/work/ozone/ozone/hadoop-ozone/integration-test/target/test-dir/MiniOzoneClusterImpl-990002c2-bb69-4aa2-bd68-28a5e13e86ef/ozone-metadata/datanode-1/ratis/c953b843-7a8e-4433-916d-0133d85f5f20/sm/snapshot.1_0 took: 1 ms
2025-09-19 20:45:32,129 [grpc-default-executor-2] WARN  server.GrpcClientProtocolService (LogUtils.java:warn(127)) - 11-OrderedRequestStreamObserver11: onError: org.apache.ratis.thirdparty.io.grpc.StatusRuntimeException: CANCELLED: client cancelled
2025-09-19 20:45:32,129 [8eb9963e-bce0-4155-aea2-e442cadff8bd@group-0133D85F5F20-StateMachineUpdater] INFO  impl.StateMachineUpdater (StateMachineUpdater.java:takeSnapshot(307)) - 8eb9963e-bce0-4155-aea2-e442cadff8bd@group-0133D85F5F20-StateMachineUpdater: Took a snapshot at index 0
2025-09-19 20:45:32,129 [8eb9963e-bce0-4155-aea2-e442cadff8bd@group-0133D85F5F20-StateMachineUpdater] INFO  impl.StateMachineUpdater (StateMachineUpdater.java:lambda$new$0(101)) - 8eb9963e-bce0-4155-aea2-e442cadff8bd@group-0133D85F5F20-StateMachineUpdater: snapshotIndex: updateIncreasingly -1 -> 0
2025-09-19 20:45:32,129 [grpc-default-executor-3] INFO  server.GrpcServerProtocolService (GrpcServerProtocolService.java:lambda$onCompleted$6(171)) - 0df1231c-9f8a-4757-a7d0-f6d7f53bc482: Completed APPEND_ENTRIES, lastRequest: 8eb9963e-bce0-4155-aea2-e442cadff8bd->0df1231c-9f8a-4757-a7d0-f6d7f53bc482#47-t3,previous=(t:3, i:21),leaderCommit=21,initializing? false,entries: size=1, first=(t:3, i:22), METADATAENTRY(c:20) 
2025-09-19 20:45:32,129 [8eb9963e-bce0-4155-aea2-e442cadff8bd@group-0133D85F5F20-StateMachineUpdater] INFO  impl.StateMachineUpdater (StateMachineUpdater.java:stop(140)) - 8eb9963e-bce0-4155-aea2-e442cadff8bd@group-0133D85F5F20-StateMachineUpdater: closing ContainerStateMachine, lastApplied=(t:1, i:0)
2025-09-19 20:45:32,129 [grpc-default-executor-3] INFO  server.GrpcServerProtocolService (GrpcServerProtocolService.java:lambda$null$7(175)) - 0df1231c-9f8a-4757-a7d0-f6d7f53bc482: Completed APPEND_ENTRIES, lastReply: null 
2025-09-19 20:45:32,129 [Thread-2260] INFO  server.GrpcServerProtocolClient (GrpcServerProtocolClient.java:close(105)) - 0df1231c-9f8a-4757-a7d0-f6d7f53bc482 Close channels
2025-09-19 20:45:32,129 [8eb9963e-bce0-4155-aea2-e442cadff8bd@group-715EBF8096A7-cacheEviction-AwaitToRun] INFO  util.AwaitToRun (AwaitToRun.java:run(49)) - 8eb9963e-bce0-4155-aea2-e442cadff8bd@group-715EBF8096A7-cacheEviction-AwaitToRun-AwaitForSignal is interrupted
2025-09-19 20:45:32,129 [Thread-2259] INFO  server.GrpcServerProtocolClient (GrpcServerProtocolClient.java:close(105)) - b5a25cc1-46d3-4381-a194-bd68f4526f1c Close channels
2025-09-19 20:45:32,130 [8eb9963e-bce0-4155-aea2-e442cadff8bd@group-0133D85F5F20-cacheEviction-AwaitToRun] INFO  util.AwaitToRun (AwaitToRun.java:run(49)) - 8eb9963e-bce0-4155-aea2-e442cadff8bd@group-0133D85F5F20-cacheEviction-AwaitToRun-AwaitForSignal is interrupted
2025-09-19 20:45:32,130 [grpc-default-executor-8] INFO  server.GrpcLogAppender (GrpcLogAppender.java:onCompleted(558)) - 8eb9963e-bce0-4155-aea2-e442cadff8bd@group-A751954341BD->0df1231c-9f8a-4757-a7d0-f6d7f53bc482-AppendLogResponseHandler: follower responses appendEntries COMPLETED
2025-09-19 20:45:32,130 [grpc-default-executor-8] WARN  server.GrpcLogAppender (GrpcLogAppender.java:resetClient(237)) - 8eb9963e-bce0-4155-aea2-e442cadff8bd@group-A751954341BD->0df1231c-9f8a-4757-a7d0-f6d7f53bc482-GrpcLogAppender: Failed to getClient for 0df1231c-9f8a-4757-a7d0-f6d7f53bc482
org.apache.ratis.protocol.exceptions.AlreadyClosedException: 8eb9963e-bce0-4155-aea2-e442cadff8bd is already CLOSED
	at org.apache.ratis.util.PeerProxyMap$PeerAndProxy.getProxy(PeerProxyMap.java:67)
	at org.apache.ratis.util.PeerProxyMap.getProxy(PeerProxyMap.java:124)
	at org.apache.ratis.grpc.server.GrpcLogAppender.getClient(GrpcLogAppender.java:207)
	at org.apache.ratis.grpc.server.GrpcLogAppender.resetClient(GrpcLogAppender.java:212)
	at org.apache.ratis.grpc.server.GrpcLogAppender.access$800(GrpcLogAppender.java:70)
	at org.apache.ratis.grpc.server.GrpcLogAppender$AppendLogResponseHandler.onCompleted(GrpcLogAppender.java:559)
	at org.apache.ratis.thirdparty.io.grpc.stub.ClientCalls$StreamObserverToCallListenerAdapter.onClose(ClientCalls.java:562)
	at org.apache.ratis.thirdparty.io.grpc.internal.ClientCallImpl.closeObserver(ClientCallImpl.java:565)
	at org.apache.ratis.thirdparty.io.grpc.internal.ClientCallImpl.access$100(ClientCallImpl.java:72)
	at org.apache.ratis.thirdparty.io.grpc.internal.ClientCallImpl$ClientStreamListenerImpl$1StreamClosed.runInternal(ClientCallImpl.java:733)
	at org.apache.ratis.thirdparty.io.grpc.internal.ClientCallImpl$ClientStreamListenerImpl$1StreamClosed.runInContext(ClientCallImpl.java:714)
	at org.apache.ratis.thirdparty.io.grpc.internal.ContextRunnable.run(ContextRunnable.java:37)
	at org.apache.ratis.thirdparty.io.grpc.internal.SerializingExecutor.run(SerializingExecutor.java:133)
	at java.base/java.util.concurrent.ThreadPoolExecutor.runWorker(ThreadPoolExecutor.java:1144)
	at java.base/java.util.concurrent.ThreadPoolExecutor$Worker.run(ThreadPoolExecutor.java:642)
	at java.base/java.lang.Thread.run(Thread.java:1583)
2025-09-19 20:45:32,131 [grpc-default-executor-5] INFO  server.GrpcLogAppender (GrpcLogAppender.java:onCompleted(558)) - 8eb9963e-bce0-4155-aea2-e442cadff8bd@group-A751954341BD->0df1231c-9f8a-4757-a7d0-f6d7f53bc482-AppendLogResponseHandler: follower responses appendEntries COMPLETED
2025-09-19 20:45:32,131 [grpc-default-executor-5] WARN  server.GrpcLogAppender (GrpcLogAppender.java:resetClient(237)) - 8eb9963e-bce0-4155-aea2-e442cadff8bd@group-A751954341BD->0df1231c-9f8a-4757-a7d0-f6d7f53bc482-GrpcLogAppender: Failed to getClient for 0df1231c-9f8a-4757-a7d0-f6d7f53bc482
org.apache.ratis.protocol.exceptions.AlreadyClosedException: 8eb9963e-bce0-4155-aea2-e442cadff8bd is already CLOSED
	at org.apache.ratis.util.PeerProxyMap$PeerAndProxy.getProxy(PeerProxyMap.java:67)
	at org.apache.ratis.util.PeerProxyMap.getProxy(PeerProxyMap.java:124)
	at org.apache.ratis.grpc.server.GrpcLogAppender.getClient(GrpcLogAppender.java:207)
	at org.apache.ratis.grpc.server.GrpcLogAppender.resetClient(GrpcLogAppender.java:212)
	at org.apache.ratis.grpc.server.GrpcLogAppender.access$800(GrpcLogAppender.java:70)
	at org.apache.ratis.grpc.server.GrpcLogAppender$AppendLogResponseHandler.onCompleted(GrpcLogAppender.java:559)
	at org.apache.ratis.thirdparty.io.grpc.stub.ClientCalls$StreamObserverToCallListenerAdapter.onClose(ClientCalls.java:562)
	at org.apache.ratis.thirdparty.io.grpc.internal.ClientCallImpl.closeObserver(ClientCallImpl.java:565)
	at org.apache.ratis.thirdparty.io.grpc.internal.ClientCallImpl.access$100(ClientCallImpl.java:72)
	at org.apache.ratis.thirdparty.io.grpc.internal.ClientCallImpl$ClientStreamListenerImpl$1StreamClosed.runInternal(ClientCallImpl.java:733)
	at org.apache.ratis.thirdparty.io.grpc.internal.ClientCallImpl$ClientStreamListenerImpl$1StreamClosed.runInContext(ClientCallImpl.java:714)
	at org.apache.ratis.thirdparty.io.grpc.internal.ContextRunnable.run(ContextRunnable.java:37)
	at org.apache.ratis.thirdparty.io.grpc.internal.SerializingExecutor.run(SerializingExecutor.java:133)
	at java.base/java.util.concurrent.ThreadPoolExecutor.runWorker(ThreadPoolExecutor.java:1144)
	at java.base/java.util.concurrent.ThreadPoolExecutor$Worker.run(ThreadPoolExecutor.java:642)
	at java.base/java.lang.Thread.run(Thread.java:1583)
2025-09-19 20:45:32,130 [grpc-default-executor-3] INFO  server.GrpcLogAppender (GrpcLogAppender.java:onCompleted(558)) - 8eb9963e-bce0-4155-aea2-e442cadff8bd@group-A751954341BD->b5a25cc1-46d3-4381-a194-bd68f4526f1c-AppendLogResponseHandler: follower responses appendEntries COMPLETED
2025-09-19 20:45:32,131 [grpc-default-executor-3] WARN  server.GrpcLogAppender (GrpcLogAppender.java:resetClient(237)) - 8eb9963e-bce0-4155-aea2-e442cadff8bd@group-A751954341BD->b5a25cc1-46d3-4381-a194-bd68f4526f1c-GrpcLogAppender: Failed to getClient for b5a25cc1-46d3-4381-a194-bd68f4526f1c
org.apache.ratis.protocol.exceptions.AlreadyClosedException: 8eb9963e-bce0-4155-aea2-e442cadff8bd is already CLOSED
	at org.apache.ratis.util.PeerProxyMap$PeerAndProxy.getProxy(PeerProxyMap.java:67)
	at org.apache.ratis.util.PeerProxyMap.getProxy(PeerProxyMap.java:124)
	at org.apache.ratis.grpc.server.GrpcLogAppender.getClient(GrpcLogAppender.java:207)
	at org.apache.ratis.grpc.server.GrpcLogAppender.resetClient(GrpcLogAppender.java:212)
	at org.apache.ratis.grpc.server.GrpcLogAppender.access$800(GrpcLogAppender.java:70)
	at org.apache.ratis.grpc.server.GrpcLogAppender$AppendLogResponseHandler.onCompleted(GrpcLogAppender.java:559)
	at org.apache.ratis.thirdparty.io.grpc.stub.ClientCalls$StreamObserverToCallListenerAdapter.onClose(ClientCalls.java:562)
	at org.apache.ratis.thirdparty.io.grpc.internal.ClientCallImpl.closeObserver(ClientCallImpl.java:565)
	at org.apache.ratis.thirdparty.io.grpc.internal.ClientCallImpl.access$100(ClientCallImpl.java:72)
	at org.apache.ratis.thirdparty.io.grpc.internal.ClientCallImpl$ClientStreamListenerImpl$1StreamClosed.runInternal(ClientCallImpl.java:733)
	at org.apache.ratis.thirdparty.io.grpc.internal.ClientCallImpl$ClientStreamListenerImpl$1StreamClosed.runInContext(ClientCallImpl.java:714)
	at org.apache.ratis.thirdparty.io.grpc.internal.ContextRunnable.run(ContextRunnable.java:37)
	at org.apache.ratis.thirdparty.io.grpc.internal.SerializingExecutor.run(SerializingExecutor.java:133)
	at java.base/java.util.concurrent.ThreadPoolExecutor.runWorker(ThreadPoolExecutor.java:1144)
	at java.base/java.util.concurrent.ThreadPoolExecutor$Worker.run(ThreadPoolExecutor.java:642)
	at java.base/java.lang.Thread.run(Thread.java:1583)
2025-09-19 20:45:32,130 [8eb9963e-bce0-4155-aea2-e442cadff8bd@group-A751954341BD-StateMachineUpdater] INFO  ratis.ContainerStateMachine (ContainerStateMachine.java:takeSnapshot(436)) - group-A751954341BD: Finished taking a snapshot at:(t:3, i:22) file:/home/runner/work/ozone/ozone/hadoop-ozone/integration-test/target/test-dir/MiniOzoneClusterImpl-990002c2-bb69-4aa2-bd68-28a5e13e86ef/ozone-metadata/datanode-1/ratis/e102d630-0766-4c9c-a6ac-a751954341bd/sm/snapshot.3_22 took: 2 ms
2025-09-19 20:45:32,131 [8eb9963e-bce0-4155-aea2-e442cadff8bd@group-A751954341BD-StateMachineUpdater] INFO  impl.StateMachineUpdater (StateMachineUpdater.java:takeSnapshot(307)) - 8eb9963e-bce0-4155-aea2-e442cadff8bd@group-A751954341BD-StateMachineUpdater: Took a snapshot at index 22
2025-09-19 20:45:32,131 [8eb9963e-bce0-4155-aea2-e442cadff8bd@group-A751954341BD-StateMachineUpdater] INFO  impl.StateMachineUpdater (StateMachineUpdater.java:lambda$new$0(101)) - 8eb9963e-bce0-4155-aea2-e442cadff8bd@group-A751954341BD-StateMachineUpdater: snapshotIndex: updateIncreasingly -1 -> 22
2025-09-19 20:45:32,131 [8eb9963e-bce0-4155-aea2-e442cadff8bd@group-A751954341BD-StateMachineUpdater] INFO  impl.StateMachineUpdater (StateMachineUpdater.java:stop(140)) - 8eb9963e-bce0-4155-aea2-e442cadff8bd@group-A751954341BD-StateMachineUpdater: closing ContainerStateMachine, lastApplied=(t:3, i:22)
2025-09-19 20:45:32,132 [8eb9963e-bce0-4155-aea2-e442cadff8bd@group-A751954341BD-cacheEviction-AwaitToRun] INFO  util.AwaitToRun (AwaitToRun.java:run(49)) - 8eb9963e-bce0-4155-aea2-e442cadff8bd@group-A751954341BD-cacheEviction-AwaitToRun-AwaitForSignal is interrupted
2025-09-19 20:45:32,417 [8eb9963e-bce0-4155-aea2-e442cadff8bd-impl-thread3] INFO  segmented.SegmentedRaftLogWorker (SegmentedRaftLogWorker.java:close(254)) - 8eb9963e-bce0-4155-aea2-e442cadff8bd@group-715EBF8096A7-SegmentedRaftLogWorker close()
2025-09-19 20:45:32,418 [8eb9963e-bce0-4155-aea2-e442cadff8bd-impl-thread3] INFO  ratis.ContainerStateMachine (ContainerStateMachine.java:notifyServerShutdown(1038)) - group-715EBF8096A7 is closed by HddsDatanodeService
2025-09-19 20:45:32,437 [grpc-default-executor-3] ERROR server.RaftServer$Division (RaftServerImpl.java:appendEntriesAsync(1495)) - 8eb9963e-bce0-4155-aea2-e442cadff8bd@group-715EBF8096A7: Failed appendEntries* b5a25cc1-46d3-4381-a194-bd68f4526f1c->8eb9963e-bce0-4155-aea2-e442cadff8bd#24-t7,previous=(t:7, i:16),leaderCommit=16,initializing? false,HEARTBEAT
org.apache.ratis.protocol.exceptions.ServerNotReadyException: 8eb9963e-bce0-4155-aea2-e442cadff8bd@group-715EBF8096A7 is not in [STARTING, RUNNING]: current state is CLOSED
	at org.apache.ratis.server.impl.RaftServerImpl.lambda$assertLifeCycleState$7(RaftServerImpl.java:809)
	at org.apache.ratis.util.LifeCycle.assertCurrentState(LifeCycle.java:260)
	at org.apache.ratis.server.impl.RaftServerImpl.assertLifeCycleState(RaftServerImpl.java:808)
	at org.apache.ratis.server.impl.RaftServerImpl.appendEntriesAsync(RaftServerImpl.java:1486)
	at org.apache.ratis.server.impl.RaftServerProxy.lambda$null$28(RaftServerProxy.java:652)
	at org.apache.ratis.util.JavaUtils.callAsUnchecked(JavaUtils.java:118)
	at org.apache.ratis.server.impl.RaftServerProxy.lambda$appendEntriesAsync$29(RaftServerProxy.java:651)
	at java.base/java.util.concurrent.CompletableFuture.uniComposeStage(CompletableFuture.java:1187)
	at java.base/java.util.concurrent.CompletableFuture.thenCompose(CompletableFuture.java:2341)
	at org.apache.ratis.server.impl.RaftServerProxy.appendEntriesAsync(RaftServerProxy.java:651)
	at org.apache.ratis.grpc.server.GrpcServerProtocolService$1.process(GrpcServerProtocolService.java:245)
	at org.apache.ratis.grpc.server.GrpcServerProtocolService$1.process(GrpcServerProtocolService.java:242)
	at org.apache.ratis.grpc.server.GrpcServerProtocolService$ServerRequestStreamObserver.onNext(GrpcServerProtocolService.java:137)
	at org.apache.ratis.thirdparty.io.grpc.stub.ServerCalls$StreamingServerCallHandler$StreamingServerCallListener.onMessage(ServerCalls.java:262)
	at org.apache.ratis.thirdparty.io.grpc.internal.ServerCallImpl$ServerStreamListenerImpl.messagesAvailableInternal(ServerCallImpl.java:334)
	at org.apache.ratis.thirdparty.io.grpc.internal.ServerCallImpl$ServerStreamListenerImpl.messagesAvailable(ServerCallImpl.java:319)
	at org.apache.ratis.thirdparty.io.grpc.internal.ServerImpl$JumpToApplicationThreadServerStreamListener$1MessagesAvailable.runInContext(ServerImpl.java:834)
	at org.apache.ratis.thirdparty.io.grpc.internal.ContextRunnable.run(ContextRunnable.java:37)
	at org.apache.ratis.thirdparty.io.grpc.internal.SerializingExecutor.run(SerializingExecutor.java:133)
	at java.base/java.util.concurrent.ThreadPoolExecutor.runWorker(ThreadPoolExecutor.java:1144)
	at java.base/java.util.concurrent.ThreadPoolExecutor$Worker.run(ThreadPoolExecutor.java:642)
	at java.base/java.lang.Thread.run(Thread.java:1583)
2025-09-19 20:45:32,688 [grpc-default-executor-5] ERROR server.RaftServer$Division (RaftServerImpl.java:appendEntriesAsync(1495)) - 8eb9963e-bce0-4155-aea2-e442cadff8bd@group-715EBF8096A7: Failed appendEntries* b5a25cc1-46d3-4381-a194-bd68f4526f1c->8eb9963e-bce0-4155-aea2-e442cadff8bd#25-t7,previous=(t:7, i:16),leaderCommit=16,initializing? false,HEARTBEAT
org.apache.ratis.protocol.exceptions.ServerNotReadyException: 8eb9963e-bce0-4155-aea2-e442cadff8bd@group-715EBF8096A7 is not in [STARTING, RUNNING]: current state is CLOSED
	at org.apache.ratis.server.impl.RaftServerImpl.lambda$assertLifeCycleState$7(RaftServerImpl.java:809)
	at org.apache.ratis.util.LifeCycle.assertCurrentState(LifeCycle.java:260)
	at org.apache.ratis.server.impl.RaftServerImpl.assertLifeCycleState(RaftServerImpl.java:808)
	at org.apache.ratis.server.impl.RaftServerImpl.appendEntriesAsync(RaftServerImpl.java:1486)
	at org.apache.ratis.server.impl.RaftServerProxy.lambda$null$28(RaftServerProxy.java:652)
	at org.apache.ratis.util.JavaUtils.callAsUnchecked(JavaUtils.java:118)
	at org.apache.ratis.server.impl.RaftServerProxy.lambda$appendEntriesAsync$29(RaftServerProxy.java:651)
	at java.base/java.util.concurrent.CompletableFuture.uniComposeStage(CompletableFuture.java:1187)
	at java.base/java.util.concurrent.CompletableFuture.thenCompose(CompletableFuture.java:2341)
	at org.apache.ratis.server.impl.RaftServerProxy.appendEntriesAsync(RaftServerProxy.java:651)
	at org.apache.ratis.grpc.server.GrpcServerProtocolService$1.process(GrpcServerProtocolService.java:245)
	at org.apache.ratis.grpc.server.GrpcServerProtocolService$1.process(GrpcServerProtocolService.java:242)
	at org.apache.ratis.grpc.server.GrpcServerProtocolService$ServerRequestStreamObserver.onNext(GrpcServerProtocolService.java:137)
	at org.apache.ratis.thirdparty.io.grpc.stub.ServerCalls$StreamingServerCallHandler$StreamingServerCallListener.onMessage(ServerCalls.java:262)
	at org.apache.ratis.thirdparty.io.grpc.internal.ServerCallImpl$ServerStreamListenerImpl.messagesAvailableInternal(ServerCallImpl.java:334)
	at org.apache.ratis.thirdparty.io.grpc.internal.ServerCallImpl$ServerStreamListenerImpl.messagesAvailable(ServerCallImpl.java:319)
	at org.apache.ratis.thirdparty.io.grpc.internal.ServerImpl$JumpToApplicationThreadServerStreamListener$1MessagesAvailable.runInContext(ServerImpl.java:834)
	at org.apache.ratis.thirdparty.io.grpc.internal.ContextRunnable.run(ContextRunnable.java:37)
	at org.apache.ratis.thirdparty.io.grpc.internal.SerializingExecutor.run(SerializingExecutor.java:133)
	at java.base/java.util.concurrent.ThreadPoolExecutor.runWorker(ThreadPoolExecutor.java:1144)
	at java.base/java.util.concurrent.ThreadPoolExecutor$Worker.run(ThreadPoolExecutor.java:642)
	at java.base/java.lang.Thread.run(Thread.java:1583)
2025-09-19 20:45:32,880 [8eb9963e-bce0-4155-aea2-e442cadff8bd-impl-thread4] INFO  segmented.SegmentedRaftLogWorker (SegmentedRaftLogWorker.java:close(254)) - 8eb9963e-bce0-4155-aea2-e442cadff8bd@group-0133D85F5F20-SegmentedRaftLogWorker close()
2025-09-19 20:45:32,880 [8eb9963e-bce0-4155-aea2-e442cadff8bd-impl-thread4] INFO  ratis.ContainerStateMachine (ContainerStateMachine.java:notifyServerShutdown(1038)) - group-0133D85F5F20 is closed by HddsDatanodeService
2025-09-19 20:45:32,934 [timer0] WARN  server.GrpcLogAppender (LogUtils.java:warn(127)) - 8eb9963e-bce0-4155-aea2-e442cadff8bd@group-A751954341BD->b5a25cc1-46d3-4381-a194-bd68f4526f1c-AppendLogResponseHandler: Failed appendEntries (Repeated 2 times in the last 5.001s): org.apache.ratis.thirdparty.io.grpc.StatusRuntimeException: UNAVAILABLE: io exception
  Caused by: org.apache.ratis.thirdparty.io.netty.channel.AbstractChannel$AnnotatedConnectException: finishConnect(..) failed: Connection refused: /127.0.0.1:15031
  Caused by: java.net.ConnectException: finishConnect(..) failed: Connection refused
2025-09-19 20:45:32,934 [timer2] WARN  server.GrpcLogAppender (LogUtils.java:warn(127)) - 8eb9963e-bce0-4155-aea2-e442cadff8bd@group-A751954341BD->0df1231c-9f8a-4757-a7d0-f6d7f53bc482-AppendLogResponseHandler: Failed appendEntries (Repeated 2 times in the last 5.000s): org.apache.ratis.thirdparty.io.grpc.StatusRuntimeException: UNAVAILABLE: io exception
  Caused by: org.apache.ratis.thirdparty.io.netty.channel.AbstractChannel$AnnotatedConnectException: finishConnect(..) failed: Connection refused: /127.0.0.1:15023
  Caused by: java.net.ConnectException: finishConnect(..) failed: Connection refused
2025-09-19 20:45:32,939 [grpc-default-executor-5] ERROR server.RaftServer$Division (RaftServerImpl.java:appendEntriesAsync(1495)) - 8eb9963e-bce0-4155-aea2-e442cadff8bd@group-715EBF8096A7: Failed appendEntries* b5a25cc1-46d3-4381-a194-bd68f4526f1c->8eb9963e-bce0-4155-aea2-e442cadff8bd#26-t7,previous=(t:7, i:16),leaderCommit=16,initializing? false,HEARTBEAT
org.apache.ratis.protocol.exceptions.ServerNotReadyException: 8eb9963e-bce0-4155-aea2-e442cadff8bd@group-715EBF8096A7 is not in [STARTING, RUNNING]: current state is CLOSED
	at org.apache.ratis.server.impl.RaftServerImpl.lambda$assertLifeCycleState$7(RaftServerImpl.java:809)
	at org.apache.ratis.util.LifeCycle.assertCurrentState(LifeCycle.java:260)
	at org.apache.ratis.server.impl.RaftServerImpl.assertLifeCycleState(RaftServerImpl.java:808)
	at org.apache.ratis.server.impl.RaftServerImpl.appendEntriesAsync(RaftServerImpl.java:1486)
	at org.apache.ratis.server.impl.RaftServerProxy.lambda$null$28(RaftServerProxy.java:652)
	at org.apache.ratis.util.JavaUtils.callAsUnchecked(JavaUtils.java:118)
	at org.apache.ratis.server.impl.RaftServerProxy.lambda$appendEntriesAsync$29(RaftServerProxy.java:651)
	at java.base/java.util.concurrent.CompletableFuture.uniComposeStage(CompletableFuture.java:1187)
	at java.base/java.util.concurrent.CompletableFuture.thenCompose(CompletableFuture.java:2341)
	at org.apache.ratis.server.impl.RaftServerProxy.appendEntriesAsync(RaftServerProxy.java:651)
	at org.apache.ratis.grpc.server.GrpcServerProtocolService$1.process(GrpcServerProtocolService.java:245)
	at org.apache.ratis.grpc.server.GrpcServerProtocolService$1.process(GrpcServerProtocolService.java:242)
	at org.apache.ratis.grpc.server.GrpcServerProtocolService$ServerRequestStreamObserver.onNext(GrpcServerProtocolService.java:137)
	at org.apache.ratis.thirdparty.io.grpc.stub.ServerCalls$StreamingServerCallHandler$StreamingServerCallListener.onMessage(ServerCalls.java:262)
	at org.apache.ratis.thirdparty.io.grpc.internal.ServerCallImpl$ServerStreamListenerImpl.messagesAvailableInternal(ServerCallImpl.java:334)
	at org.apache.ratis.thirdparty.io.grpc.internal.ServerCallImpl$ServerStreamListenerImpl.messagesAvailable(ServerCallImpl.java:319)
	at org.apache.ratis.thirdparty.io.grpc.internal.ServerImpl$JumpToApplicationThreadServerStreamListener$1MessagesAvailable.runInContext(ServerImpl.java:834)
	at org.apache.ratis.thirdparty.io.grpc.internal.ContextRunnable.run(ContextRunnable.java:37)
	at org.apache.ratis.thirdparty.io.grpc.internal.SerializingExecutor.run(SerializingExecutor.java:133)
	at java.base/java.util.concurrent.ThreadPoolExecutor.runWorker(ThreadPoolExecutor.java:1144)
	at java.base/java.util.concurrent.ThreadPoolExecutor$Worker.run(ThreadPoolExecutor.java:642)
	at java.base/java.lang.Thread.run(Thread.java:1583)
2025-09-19 20:45:33,118 [8eb9963e-bce0-4155-aea2-e442cadff8bd-impl-thread2] INFO  segmented.SegmentedRaftLogWorker (SegmentedRaftLogWorker.java:close(254)) - 8eb9963e-bce0-4155-aea2-e442cadff8bd@group-A751954341BD-SegmentedRaftLogWorker close()
2025-09-19 20:45:33,118 [8eb9963e-bce0-4155-aea2-e442cadff8bd-impl-thread2] INFO  ratis.ContainerStateMachine (ContainerStateMachine.java:notifyServerShutdown(1038)) - group-A751954341BD is closed by HddsDatanodeService
2025-09-19 20:45:33,189 [grpc-default-executor-5] ERROR server.RaftServer$Division (RaftServerImpl.java:appendEntriesAsync(1495)) - 8eb9963e-bce0-4155-aea2-e442cadff8bd@group-715EBF8096A7: Failed appendEntries* b5a25cc1-46d3-4381-a194-bd68f4526f1c->8eb9963e-bce0-4155-aea2-e442cadff8bd#27-t7,previous=(t:7, i:16),leaderCommit=16,initializing? false,HEARTBEAT
org.apache.ratis.protocol.exceptions.ServerNotReadyException: 8eb9963e-bce0-4155-aea2-e442cadff8bd@group-715EBF8096A7 is not in [STARTING, RUNNING]: current state is CLOSED
	at org.apache.ratis.server.impl.RaftServerImpl.lambda$assertLifeCycleState$7(RaftServerImpl.java:809)
	at org.apache.ratis.util.LifeCycle.assertCurrentState(LifeCycle.java:260)
	at org.apache.ratis.server.impl.RaftServerImpl.assertLifeCycleState(RaftServerImpl.java:808)
	at org.apache.ratis.server.impl.RaftServerImpl.appendEntriesAsync(RaftServerImpl.java:1486)
	at org.apache.ratis.server.impl.RaftServerProxy.lambda$null$28(RaftServerProxy.java:652)
	at org.apache.ratis.util.JavaUtils.callAsUnchecked(JavaUtils.java:118)
	at org.apache.ratis.server.impl.RaftServerProxy.lambda$appendEntriesAsync$29(RaftServerProxy.java:651)
	at java.base/java.util.concurrent.CompletableFuture.uniComposeStage(CompletableFuture.java:1187)
	at java.base/java.util.concurrent.CompletableFuture.thenCompose(CompletableFuture.java:2341)
	at org.apache.ratis.server.impl.RaftServerProxy.appendEntriesAsync(RaftServerProxy.java:651)
	at org.apache.ratis.grpc.server.GrpcServerProtocolService$1.process(GrpcServerProtocolService.java:245)
	at org.apache.ratis.grpc.server.GrpcServerProtocolService$1.process(GrpcServerProtocolService.java:242)
	at org.apache.ratis.grpc.server.GrpcServerProtocolService$ServerRequestStreamObserver.onNext(GrpcServerProtocolService.java:137)
	at org.apache.ratis.thirdparty.io.grpc.stub.ServerCalls$StreamingServerCallHandler$StreamingServerCallListener.onMessage(ServerCalls.java:262)
	at org.apache.ratis.thirdparty.io.grpc.internal.ServerCallImpl$ServerStreamListenerImpl.messagesAvailableInternal(ServerCallImpl.java:334)
	at org.apache.ratis.thirdparty.io.grpc.internal.ServerCallImpl$ServerStreamListenerImpl.messagesAvailable(ServerCallImpl.java:319)
	at org.apache.ratis.thirdparty.io.grpc.internal.ServerImpl$JumpToApplicationThreadServerStreamListener$1MessagesAvailable.runInContext(ServerImpl.java:834)
	at org.apache.ratis.thirdparty.io.grpc.internal.ContextRunnable.run(ContextRunnable.java:37)
	at org.apache.ratis.thirdparty.io.grpc.internal.SerializingExecutor.run(SerializingExecutor.java:133)
	at java.base/java.util.concurrent.ThreadPoolExecutor.runWorker(ThreadPoolExecutor.java:1144)
	at java.base/java.util.concurrent.ThreadPoolExecutor$Worker.run(ThreadPoolExecutor.java:642)
	at java.base/java.lang.Thread.run(Thread.java:1583)
2025-09-19 20:45:33,398 [b5a25cc1-46d3-4381-a194-bd68f4526f1c@group-A751954341BD-FollowerState] INFO  impl.FollowerState (FollowerState.java:runImpl(161)) - b5a25cc1-46d3-4381-a194-bd68f4526f1c@group-A751954341BD-FollowerState: change to CANDIDATE, lastRpcElapsedTime:1280654868ns, electionTimeout:1060ms
2025-09-19 20:45:33,398 [b5a25cc1-46d3-4381-a194-bd68f4526f1c@group-A751954341BD-FollowerState] INFO  impl.RoleInfo (RoleInfo.java:shutdownFollowerState(121)) - b5a25cc1-46d3-4381-a194-bd68f4526f1c: shutdown b5a25cc1-46d3-4381-a194-bd68f4526f1c@group-A751954341BD-FollowerState
2025-09-19 20:45:33,398 [b5a25cc1-46d3-4381-a194-bd68f4526f1c@group-A751954341BD-FollowerState] INFO  server.RaftServer$Division (RaftServerImpl.java:setRole(392)) - b5a25cc1-46d3-4381-a194-bd68f4526f1c@group-A751954341BD: changes role from  FOLLOWER to CANDIDATE at term 3 for changeToCandidate
2025-09-19 20:45:33,398 [b5a25cc1-46d3-4381-a194-bd68f4526f1c@group-A751954341BD-FollowerState] INFO  impl.RoleInfo (RoleInfo.java:updateAndGet(148)) - b5a25cc1-46d3-4381-a194-bd68f4526f1c: start b5a25cc1-46d3-4381-a194-bd68f4526f1c@group-A751954341BD-LeaderElection232
2025-09-19 20:45:33,399 [b5a25cc1-46d3-4381-a194-bd68f4526f1c@group-A751954341BD-LeaderElection232] INFO  server.RaftServer$Division (ServerState.java:setLeader(272)) - b5a25cc1-46d3-4381-a194-bd68f4526f1c@group-A751954341BD: change Leader from 8eb9963e-bce0-4155-aea2-e442cadff8bd to null at term 3 for PRE_VOTE
2025-09-19 20:45:33,399 [b5a25cc1-46d3-4381-a194-bd68f4526f1c@group-A751954341BD-LeaderElection232] INFO  impl.LeaderElection (LeaderElection.java:askForVotes(448)) - b5a25cc1-46d3-4381-a194-bd68f4526f1c@group-A751954341BD-LeaderElection232 PRE_VOTE round 0: submit vote requests at term 3 for conf: {index: 15, cur=peers:[b5a25cc1-46d3-4381-a194-bd68f4526f1c|127.0.0.1:15031, 0df1231c-9f8a-4757-a7d0-f6d7f53bc482|127.0.0.1:15023, 8eb9963e-bce0-4155-aea2-e442cadff8bd|127.0.0.1:15015]|listeners:[], old=null}
2025-09-19 20:45:33,400 [grpc-default-executor-5] INFO  server.RaftServer$Division (RaftServerImpl.java:requestVote(1421)) - 0df1231c-9f8a-4757-a7d0-f6d7f53bc482@group-A751954341BD: receive requestVote(PRE_VOTE, b5a25cc1-46d3-4381-a194-bd68f4526f1c, group-A751954341BD, 3, (t:3, i:22))
2025-09-19 20:45:33,400 [grpc-default-executor-3] INFO  server.RaftServer$Division (RaftServerImpl.java:requestVote(1421)) - 8eb9963e-bce0-4155-aea2-e442cadff8bd@group-A751954341BD: receive requestVote(PRE_VOTE, b5a25cc1-46d3-4381-a194-bd68f4526f1c, group-A751954341BD, 3, (t:3, i:22))
2025-09-19 20:45:33,400 [grpc-default-executor-5] INFO  impl.VoteContext (VoteContext.java:log(49)) - 0df1231c-9f8a-4757-a7d0-f6d7f53bc482@group-A751954341BD-FOLLOWER: accept PRE_VOTE from b5a25cc1-46d3-4381-a194-bd68f4526f1c: our priority 0 <= candidate's priority 0
2025-09-19 20:45:33,400 [grpc-default-executor-5] INFO  server.RaftServer$Division (RaftServerImpl.java:requestVote(1455)) - 0df1231c-9f8a-4757-a7d0-f6d7f53bc482@group-A751954341BD replies to PRE_VOTE vote request: b5a25cc1-46d3-4381-a194-bd68f4526f1c<-0df1231c-9f8a-4757-a7d0-f6d7f53bc482#0:OK-t3-last:(t:3, i:22). Peer's state: 0df1231c-9f8a-4757-a7d0-f6d7f53bc482@group-A751954341BD:t3, leader=8eb9963e-bce0-4155-aea2-e442cadff8bd, voted=null, raftlog=Memoized:0df1231c-9f8a-4757-a7d0-f6d7f53bc482@group-A751954341BD-SegmentedRaftLog:OPENED:c21:last(t:3, i:22), conf=conf: {index: 15, cur=peers:[b5a25cc1-46d3-4381-a194-bd68f4526f1c|127.0.0.1:15031, 0df1231c-9f8a-4757-a7d0-f6d7f53bc482|127.0.0.1:15023, 8eb9963e-bce0-4155-aea2-e442cadff8bd|127.0.0.1:15015]|listeners:[], old=null}
2025-09-19 20:45:33,400 [grpc-default-executor-3] WARN  server.GrpcServerProtocolService (LogUtils.java:warn(127)) - 8eb9963e-bce0-4155-aea2-e442cadff8bd: Failed requestVote b5a25cc1-46d3-4381-a194-bd68f4526f1c->8eb9963e-bce0-4155-aea2-e442cadff8bd#0: org.apache.ratis.protocol.exceptions.ServerNotReadyException: 8eb9963e-bce0-4155-aea2-e442cadff8bd@group-A751954341BD is not in [RUNNING]: current state is CLOSED
2025-09-19 20:45:33,409 [b5a25cc1-46d3-4381-a194-bd68f4526f1c@group-A751954341BD-LeaderElection232] INFO  impl.LeaderElection (LogUtils.java:infoOrTrace(142)) - b5a25cc1-46d3-4381-a194-bd68f4526f1c@group-A751954341BD-LeaderElection232 got exception when requesting votes: java.util.concurrent.ExecutionException: org.apache.ratis.thirdparty.io.grpc.StatusRuntimeException: INTERNAL: 8eb9963e-bce0-4155-aea2-e442cadff8bd@group-A751954341BD is not in [RUNNING]: current state is CLOSED
2025-09-19 20:45:33,409 [b5a25cc1-46d3-4381-a194-bd68f4526f1c@group-A751954341BD-LeaderElection232] INFO  impl.LeaderElection (LeaderElection.java:logAndReturn(206)) - b5a25cc1-46d3-4381-a194-bd68f4526f1c@group-A751954341BD-LeaderElection232: PRE_VOTE PASSED received 1 response(s) and 1 exception(s):
2025-09-19 20:45:33,409 [b5a25cc1-46d3-4381-a194-bd68f4526f1c@group-A751954341BD-LeaderElection232] INFO  impl.LeaderElection (LeaderElection.java:logAndReturn(210)) -   Response 0: b5a25cc1-46d3-4381-a194-bd68f4526f1c<-0df1231c-9f8a-4757-a7d0-f6d7f53bc482#0:OK-t3-last:(t:3, i:22)
2025-09-19 20:45:33,409 [b5a25cc1-46d3-4381-a194-bd68f4526f1c@group-A751954341BD-LeaderElection232] INFO  impl.LeaderElection (LogUtils.java:infoOrTrace(142)) -   Exception 1: java.util.concurrent.ExecutionException: org.apache.ratis.thirdparty.io.grpc.StatusRuntimeException: INTERNAL: 8eb9963e-bce0-4155-aea2-e442cadff8bd@group-A751954341BD is not in [RUNNING]: current state is CLOSED
2025-09-19 20:45:33,409 [b5a25cc1-46d3-4381-a194-bd68f4526f1c@group-A751954341BD-LeaderElection232] INFO  impl.LeaderElection (LeaderElection.java:askForVotes(450)) - b5a25cc1-46d3-4381-a194-bd68f4526f1c@group-A751954341BD-LeaderElection232 PRE_VOTE round 0: result PASSED
2025-09-19 20:45:33,411 [b5a25cc1-46d3-4381-a194-bd68f4526f1c@group-A751954341BD-LeaderElection232] INFO  impl.LeaderElection (LeaderElection.java:askForVotes(448)) - b5a25cc1-46d3-4381-a194-bd68f4526f1c@group-A751954341BD-LeaderElection232 ELECTION round 0: submit vote requests at term 4 for conf: {index: 15, cur=peers:[b5a25cc1-46d3-4381-a194-bd68f4526f1c|127.0.0.1:15031, 0df1231c-9f8a-4757-a7d0-f6d7f53bc482|127.0.0.1:15023, 8eb9963e-bce0-4155-aea2-e442cadff8bd|127.0.0.1:15015]|listeners:[], old=null}
2025-09-19 20:45:33,411 [grpc-default-executor-3] INFO  server.RaftServer$Division (RaftServerImpl.java:requestVote(1421)) - 0df1231c-9f8a-4757-a7d0-f6d7f53bc482@group-A751954341BD: receive requestVote(ELECTION, b5a25cc1-46d3-4381-a194-bd68f4526f1c, group-A751954341BD, 4, (t:3, i:22))
2025-09-19 20:45:33,411 [grpc-default-executor-3] INFO  impl.VoteContext (VoteContext.java:log(49)) - 0df1231c-9f8a-4757-a7d0-f6d7f53bc482@group-A751954341BD-FOLLOWER: accept ELECTION from b5a25cc1-46d3-4381-a194-bd68f4526f1c: our priority 0 <= candidate's priority 0
2025-09-19 20:45:33,411 [grpc-default-executor-3] INFO  server.RaftServer$Division (RaftServerImpl.java:setRole(392)) - 0df1231c-9f8a-4757-a7d0-f6d7f53bc482@group-A751954341BD: changes role from  FOLLOWER to FOLLOWER at term 3 for candidate:b5a25cc1-46d3-4381-a194-bd68f4526f1c
2025-09-19 20:45:33,412 [grpc-default-executor-3] INFO  impl.RoleInfo (RoleInfo.java:shutdownFollowerState(121)) - 0df1231c-9f8a-4757-a7d0-f6d7f53bc482: shutdown 0df1231c-9f8a-4757-a7d0-f6d7f53bc482@group-A751954341BD-FollowerState
2025-09-19 20:45:33,412 [grpc-default-executor-3] INFO  server.RaftServer$Division (ServerState.java:setLeader(272)) - 0df1231c-9f8a-4757-a7d0-f6d7f53bc482@group-A751954341BD: change Leader from 8eb9963e-bce0-4155-aea2-e442cadff8bd to null at term 4 for updateCurrentTerm
2025-09-19 20:45:33,412 [grpc-default-executor-3] INFO  impl.RoleInfo (RoleInfo.java:updateAndGet(148)) - 0df1231c-9f8a-4757-a7d0-f6d7f53bc482: start 0df1231c-9f8a-4757-a7d0-f6d7f53bc482@group-A751954341BD-FollowerState
2025-09-19 20:45:33,412 [0df1231c-9f8a-4757-a7d0-f6d7f53bc482@group-A751954341BD-FollowerState] INFO  impl.FollowerState (FollowerState.java:runImpl(170)) - 0df1231c-9f8a-4757-a7d0-f6d7f53bc482@group-A751954341BD-FollowerState was interrupted
2025-09-19 20:45:33,412 [grpc-default-executor-5] INFO  server.RaftServer$Division (RaftServerImpl.java:requestVote(1421)) - 8eb9963e-bce0-4155-aea2-e442cadff8bd@group-A751954341BD: receive requestVote(ELECTION, b5a25cc1-46d3-4381-a194-bd68f4526f1c, group-A751954341BD, 4, (t:3, i:22))
2025-09-19 20:45:33,412 [grpc-default-executor-5] WARN  server.GrpcServerProtocolService (LogUtils.java:warn(127)) - 8eb9963e-bce0-4155-aea2-e442cadff8bd: Failed requestVote b5a25cc1-46d3-4381-a194-bd68f4526f1c->8eb9963e-bce0-4155-aea2-e442cadff8bd#0: org.apache.ratis.protocol.exceptions.ServerNotReadyException: 8eb9963e-bce0-4155-aea2-e442cadff8bd@group-A751954341BD is not in [RUNNING]: current state is CLOSED
2025-09-19 20:45:33,414 [grpc-default-executor-3] INFO  server.RaftServer$Division (RaftServerImpl.java:requestVote(1455)) - 0df1231c-9f8a-4757-a7d0-f6d7f53bc482@group-A751954341BD replies to ELECTION vote request: b5a25cc1-46d3-4381-a194-bd68f4526f1c<-0df1231c-9f8a-4757-a7d0-f6d7f53bc482#0:OK-t4-last:(t:3, i:22). Peer's state: 0df1231c-9f8a-4757-a7d0-f6d7f53bc482@group-A751954341BD:t4, leader=null, voted=b5a25cc1-46d3-4381-a194-bd68f4526f1c, raftlog=Memoized:0df1231c-9f8a-4757-a7d0-f6d7f53bc482@group-A751954341BD-SegmentedRaftLog:OPENED:c21:last(t:3, i:22), conf=conf: {index: 15, cur=peers:[b5a25cc1-46d3-4381-a194-bd68f4526f1c|127.0.0.1:15031, 0df1231c-9f8a-4757-a7d0-f6d7f53bc482|127.0.0.1:15023, 8eb9963e-bce0-4155-aea2-e442cadff8bd|127.0.0.1:15015]|listeners:[], old=null}
2025-09-19 20:45:33,414 [b5a25cc1-46d3-4381-a194-bd68f4526f1c@group-A751954341BD-LeaderElection232] INFO  impl.LeaderElection (LogUtils.java:infoOrTrace(142)) - b5a25cc1-46d3-4381-a194-bd68f4526f1c@group-A751954341BD-LeaderElection232 got exception when requesting votes: java.util.concurrent.ExecutionException: org.apache.ratis.thirdparty.io.grpc.StatusRuntimeException: INTERNAL: 8eb9963e-bce0-4155-aea2-e442cadff8bd@group-A751954341BD is not in [RUNNING]: current state is CLOSED
2025-09-19 20:45:33,415 [b5a25cc1-46d3-4381-a194-bd68f4526f1c@group-A751954341BD-LeaderElection232] INFO  impl.LeaderElection (LeaderElection.java:logAndReturn(206)) - b5a25cc1-46d3-4381-a194-bd68f4526f1c@group-A751954341BD-LeaderElection232: ELECTION PASSED received 1 response(s) and 1 exception(s):
2025-09-19 20:45:33,415 [b5a25cc1-46d3-4381-a194-bd68f4526f1c@group-A751954341BD-LeaderElection232] INFO  impl.LeaderElection (LeaderElection.java:logAndReturn(210)) -   Response 0: b5a25cc1-46d3-4381-a194-bd68f4526f1c<-0df1231c-9f8a-4757-a7d0-f6d7f53bc482#0:OK-t4-last:(t:3, i:22)
2025-09-19 20:45:33,415 [b5a25cc1-46d3-4381-a194-bd68f4526f1c@group-A751954341BD-LeaderElection232] INFO  impl.LeaderElection (LogUtils.java:infoOrTrace(142)) -   Exception 1: java.util.concurrent.ExecutionException: org.apache.ratis.thirdparty.io.grpc.StatusRuntimeException: INTERNAL: 8eb9963e-bce0-4155-aea2-e442cadff8bd@group-A751954341BD is not in [RUNNING]: current state is CLOSED
2025-09-19 20:45:33,415 [b5a25cc1-46d3-4381-a194-bd68f4526f1c@group-A751954341BD-LeaderElection232] INFO  impl.LeaderElection (LeaderElection.java:askForVotes(450)) - b5a25cc1-46d3-4381-a194-bd68f4526f1c@group-A751954341BD-LeaderElection232 ELECTION round 0: result PASSED
2025-09-19 20:45:33,415 [b5a25cc1-46d3-4381-a194-bd68f4526f1c@group-A751954341BD-LeaderElection232] INFO  impl.RoleInfo (RoleInfo.java:shutdownLeaderElection(141)) - b5a25cc1-46d3-4381-a194-bd68f4526f1c: shutdown b5a25cc1-46d3-4381-a194-bd68f4526f1c@group-A751954341BD-LeaderElection232
2025-09-19 20:45:33,416 [b5a25cc1-46d3-4381-a194-bd68f4526f1c@group-A751954341BD-LeaderElection232] INFO  server.RaftServer$Division (RaftServerImpl.java:setRole(392)) - b5a25cc1-46d3-4381-a194-bd68f4526f1c@group-A751954341BD: changes role from CANDIDATE to LEADER at term 4 for changeToLeader
2025-09-19 20:45:33,416 [b5a25cc1-46d3-4381-a194-bd68f4526f1c@group-A751954341BD-LeaderElection232] INFO  server.RaftServerConfigKeys (ConfUtils.java:logFallback(69)) - raft.server.staging.timeout = 3600ms (fallback to raft.server.rpc.timeout.max)
2025-09-19 20:45:33,416 [b5a25cc1-46d3-4381-a194-bd68f4526f1c@group-A751954341BD-LeaderElection232] INFO  server.RaftServerConfigKeys (ConfUtils.java:logGet(62)) - raft.server.write.byte-limit = 1024 M (=1073741824) (custom)
2025-09-19 20:45:33,417 [b5a25cc1-46d3-4381-a194-bd68f4526f1c@group-A751954341BD-LeaderElection232] INFO  server.RaftServerConfigKeys (ConfUtils.java:logGet(62)) - raft.server.log.appender.buffer.byte-limit = 33554432 (custom)
2025-09-19 20:45:33,418 [b5a25cc1-46d3-4381-a194-bd68f4526f1c@group-A751954341BD-LeaderElection232] INFO  server.RaftServerConfigKeys (ConfUtils.java:logGet(62)) - raft.server.log.appender.buffer.byte-limit = 33554432 (custom)
2025-09-19 20:45:33,418 [b5a25cc1-46d3-4381-a194-bd68f4526f1c@group-A751954341BD-LeaderElection232] INFO  impl.RoleInfo (RoleInfo.java:updateAndGet(148)) - b5a25cc1-46d3-4381-a194-bd68f4526f1c: start b5a25cc1-46d3-4381-a194-bd68f4526f1c@group-A751954341BD-LeaderStateImpl
2025-09-19 20:45:33,418 [b5a25cc1-46d3-4381-a194-bd68f4526f1c@group-A751954341BD-LeaderElection232] INFO  ratis.XceiverServerRatis (XceiverServerRatis.java:handleLeaderChangedNotification(942)) - Leader change notification received for group: group-A751954341BD with new leaderId: b5a25cc1-46d3-4381-a194-bd68f4526f1c
2025-09-19 20:45:33,418 [b5a25cc1-46d3-4381-a194-bd68f4526f1c@group-A751954341BD-LeaderElection232] INFO  server.RaftServer$Division (ServerState.java:setLeader(272)) - b5a25cc1-46d3-4381-a194-bd68f4526f1c@group-A751954341BD: change Leader from null to b5a25cc1-46d3-4381-a194-bd68f4526f1c at term 4 for becomeLeader, leader elected after 19ms
2025-09-19 20:45:33,419 [b5a25cc1-46d3-4381-a194-bd68f4526f1c@group-A751954341BD-LeaderElection232] INFO  segmented.SegmentedRaftLogWorker (SegmentedRaftLogWorker.java:rollLogSegment(445)) - b5a25cc1-46d3-4381-a194-bd68f4526f1c@group-A751954341BD-SegmentedRaftLogWorker: Rolling segment log-15_22 to index:22
2025-09-19 20:45:33,419 [b5a25cc1-46d3-4381-a194-bd68f4526f1c@group-A751954341BD-LeaderElection232] INFO  server.RaftServer$Division (ServerState.java:setRaftConf(386)) - b5a25cc1-46d3-4381-a194-bd68f4526f1c@group-A751954341BD: set configuration conf: {index: 23, cur=peers:[b5a25cc1-46d3-4381-a194-bd68f4526f1c|127.0.0.1:15031, 0df1231c-9f8a-4757-a7d0-f6d7f53bc482|127.0.0.1:15023, 8eb9963e-bce0-4155-aea2-e442cadff8bd|127.0.0.1:15015]|listeners:[], old=null}
2025-09-19 20:45:33,420 [b5a25cc1-46d3-4381-a194-bd68f4526f1c@group-A751954341BD-SegmentedRaftLogWorker] INFO  segmented.SegmentedRaftLogWorker (SegmentedRaftLogWorker.java:execute(604)) - b5a25cc1-46d3-4381-a194-bd68f4526f1c@group-A751954341BD-SegmentedRaftLogWorker: Rolled log segment from /home/runner/work/ozone/ozone/hadoop-ozone/integration-test/target/test-dir/MiniOzoneClusterImpl-990002c2-bb69-4aa2-bd68-28a5e13e86ef/ozone-metadata/datanode-3/ratis/e102d630-0766-4c9c-a6ac-a751954341bd/current/log_inprogress_15 to /home/runner/work/ozone/ozone/hadoop-ozone/integration-test/target/test-dir/MiniOzoneClusterImpl-990002c2-bb69-4aa2-bd68-28a5e13e86ef/ozone-metadata/datanode-3/ratis/e102d630-0766-4c9c-a6ac-a751954341bd/current/log_15-22
2025-09-19 20:45:33,420 [b5a25cc1-46d3-4381-a194-bd68f4526f1c@group-A751954341BD-SegmentedRaftLogWorker] INFO  segmented.BufferedWriteChannel (BufferedWriteChannel.java:open(61)) - open log_inprogress_23 at position 0
2025-09-19 20:45:33,422 [grpc-default-executor-3] ERROR server.RaftServer$Division (RaftServerImpl.java:appendEntriesAsync(1495)) - 8eb9963e-bce0-4155-aea2-e442cadff8bd@group-A751954341BD: Failed appendEntries* b5a25cc1-46d3-4381-a194-bd68f4526f1c->8eb9963e-bce0-4155-aea2-e442cadff8bd#0-t4,previous=(t:3, i:22),leaderCommit=21,initializing? false,HEARTBEAT
org.apache.ratis.protocol.exceptions.ServerNotReadyException: 8eb9963e-bce0-4155-aea2-e442cadff8bd@group-A751954341BD is not in [STARTING, RUNNING]: current state is CLOSED
	at org.apache.ratis.server.impl.RaftServerImpl.lambda$assertLifeCycleState$7(RaftServerImpl.java:809)
	at org.apache.ratis.util.LifeCycle.assertCurrentState(LifeCycle.java:260)
	at org.apache.ratis.server.impl.RaftServerImpl.assertLifeCycleState(RaftServerImpl.java:808)
	at org.apache.ratis.server.impl.RaftServerImpl.appendEntriesAsync(RaftServerImpl.java:1486)
	at org.apache.ratis.server.impl.RaftServerProxy.lambda$null$28(RaftServerProxy.java:652)
	at org.apache.ratis.util.JavaUtils.callAsUnchecked(JavaUtils.java:118)
	at org.apache.ratis.server.impl.RaftServerProxy.lambda$appendEntriesAsync$29(RaftServerProxy.java:651)
	at java.base/java.util.concurrent.CompletableFuture.uniComposeStage(CompletableFuture.java:1187)
	at java.base/java.util.concurrent.CompletableFuture.thenCompose(CompletableFuture.java:2341)
	at org.apache.ratis.server.impl.RaftServerProxy.appendEntriesAsync(RaftServerProxy.java:651)
	at org.apache.ratis.grpc.server.GrpcServerProtocolService$1.process(GrpcServerProtocolService.java:245)
	at org.apache.ratis.grpc.server.GrpcServerProtocolService$1.process(GrpcServerProtocolService.java:242)
	at org.apache.ratis.grpc.server.GrpcServerProtocolService$ServerRequestStreamObserver.onNext(GrpcServerProtocolService.java:137)
	at org.apache.ratis.thirdparty.io.grpc.stub.ServerCalls$StreamingServerCallHandler$StreamingServerCallListener.onMessage(ServerCalls.java:262)
	at org.apache.ratis.thirdparty.io.grpc.internal.ServerCallImpl$ServerStreamListenerImpl.messagesAvailableInternal(ServerCallImpl.java:334)
	at org.apache.ratis.thirdparty.io.grpc.internal.ServerCallImpl$ServerStreamListenerImpl.messagesAvailable(ServerCallImpl.java:319)
	at org.apache.ratis.thirdparty.io.grpc.internal.ServerImpl$JumpToApplicationThreadServerStreamListener$1MessagesAvailable.runInContext(ServerImpl.java:834)
	at org.apache.ratis.thirdparty.io.grpc.internal.ContextRunnable.run(ContextRunnable.java:37)
	at org.apache.ratis.thirdparty.io.grpc.internal.SerializingExecutor.run(SerializingExecutor.java:133)
	at java.base/java.util.concurrent.ThreadPoolExecutor.runWorker(ThreadPoolExecutor.java:1144)
	at java.base/java.util.concurrent.ThreadPoolExecutor$Worker.run(ThreadPoolExecutor.java:642)
	at java.base/java.lang.Thread.run(Thread.java:1583)
2025-09-19 20:45:33,424 [grpc-default-executor-8] ERROR server.RaftServer$Division (RaftServerImpl.java:appendEntriesAsync(1495)) - 8eb9963e-bce0-4155-aea2-e442cadff8bd@group-A751954341BD: Failed appendEntries* b5a25cc1-46d3-4381-a194-bd68f4526f1c->8eb9963e-bce0-4155-aea2-e442cadff8bd#1-t4,previous=(t:3, i:22),leaderCommit=21,initializing? false,entries: size=1, first=(t:4, i:23), CONFIGURATIONENTRY(current:id:"b5a25cc1-46d3-4381-a194-bd68f4526f1c"address:"127.0.0.1:15031"dataStreamAddress:"127.0.0.1:15032"clientAddress:"127.0.0.1:15029"adminAddress:"127.0.0.1:15030"startupRole:FOLLOWER, id:"0df1231c-9f8a-4757-a7d0-f6d7f53bc482"address:"127.0.0.1:15023"dataStreamAddress:"127.0.0.1:15024"clientAddress:"127.0.0.1:15021"adminAddress:"127.0.0.1:15022"startupRole:FOLLOWER, id:"8eb9963e-bce0-4155-aea2-e442cadff8bd"address:"127.0.0.1:15015"priority:1dataStreamAddress:"127.0.0.1:15016"clientAddress:"127.0.0.1:15013"adminAddress:"127.0.0.1:15014"startupRole:FOLLOWER, old:)
org.apache.ratis.protocol.exceptions.ServerNotReadyException: 8eb9963e-bce0-4155-aea2-e442cadff8bd@group-A751954341BD is not in [STARTING, RUNNING]: current state is CLOSED
	at org.apache.ratis.server.impl.RaftServerImpl.lambda$assertLifeCycleState$7(RaftServerImpl.java:809)
	at org.apache.ratis.util.LifeCycle.assertCurrentState(LifeCycle.java:260)
	at org.apache.ratis.server.impl.RaftServerImpl.assertLifeCycleState(RaftServerImpl.java:808)
	at org.apache.ratis.server.impl.RaftServerImpl.appendEntriesAsync(RaftServerImpl.java:1486)
	at org.apache.ratis.server.impl.RaftServerProxy.lambda$null$28(RaftServerProxy.java:652)
	at org.apache.ratis.util.JavaUtils.callAsUnchecked(JavaUtils.java:118)
	at org.apache.ratis.server.impl.RaftServerProxy.lambda$appendEntriesAsync$29(RaftServerProxy.java:651)
	at java.base/java.util.concurrent.CompletableFuture.uniComposeStage(CompletableFuture.java:1187)
	at java.base/java.util.concurrent.CompletableFuture.thenCompose(CompletableFuture.java:2341)
	at org.apache.ratis.server.impl.RaftServerProxy.appendEntriesAsync(RaftServerProxy.java:651)
	at org.apache.ratis.grpc.server.GrpcServerProtocolService$1.process(GrpcServerProtocolService.java:245)
	at org.apache.ratis.grpc.server.GrpcServerProtocolService$1.process(GrpcServerProtocolService.java:242)
	at org.apache.ratis.grpc.server.GrpcServerProtocolService$ServerRequestStreamObserver.onNext(GrpcServerProtocolService.java:150)
	at org.apache.ratis.thirdparty.io.grpc.stub.ServerCalls$StreamingServerCallHandler$StreamingServerCallListener.onMessage(ServerCalls.java:262)
	at org.apache.ratis.thirdparty.io.grpc.internal.ServerCallImpl$ServerStreamListenerImpl.messagesAvailableInternal(ServerCallImpl.java:334)
	at org.apache.ratis.thirdparty.io.grpc.internal.ServerCallImpl$ServerStreamListenerImpl.messagesAvailable(ServerCallImpl.java:319)
	at org.apache.ratis.thirdparty.io.grpc.internal.ServerImpl$JumpToApplicationThreadServerStreamListener$1MessagesAvailable.runInContext(ServerImpl.java:834)
	at org.apache.ratis.thirdparty.io.grpc.internal.ContextRunnable.run(ContextRunnable.java:37)
	at org.apache.ratis.thirdparty.io.grpc.internal.SerializingExecutor.run(SerializingExecutor.java:133)
	at java.base/java.util.concurrent.ThreadPoolExecutor.runWorker(ThreadPoolExecutor.java:1144)
	at java.base/java.util.concurrent.ThreadPoolExecutor$Worker.run(ThreadPoolExecutor.java:642)
	at java.base/java.lang.Thread.run(Thread.java:1583)
2025-09-19 20:45:33,425 [grpc-default-executor-5] INFO  ratis.XceiverServerRatis (XceiverServerRatis.java:handleLeaderChangedNotification(942)) - Leader change notification received for group: group-A751954341BD with new leaderId: b5a25cc1-46d3-4381-a194-bd68f4526f1c
2025-09-19 20:45:33,425 [grpc-default-executor-5] INFO  server.RaftServer$Division (ServerState.java:setLeader(272)) - 0df1231c-9f8a-4757-a7d0-f6d7f53bc482@group-A751954341BD: change Leader from null to b5a25cc1-46d3-4381-a194-bd68f4526f1c at term 4 for appendEntries, leader elected after 13ms
2025-09-19 20:45:33,425 [grpc-default-executor-5] INFO  server.RaftServer$Division (ServerState.java:setRaftConf(386)) - 0df1231c-9f8a-4757-a7d0-f6d7f53bc482@group-A751954341BD: set configuration conf: {index: 23, cur=peers:[b5a25cc1-46d3-4381-a194-bd68f4526f1c|127.0.0.1:15031, 0df1231c-9f8a-4757-a7d0-f6d7f53bc482|127.0.0.1:15023, 8eb9963e-bce0-4155-aea2-e442cadff8bd|127.0.0.1:15015]|listeners:[], old=null}
2025-09-19 20:45:33,425 [grpc-default-executor-5] INFO  segmented.SegmentedRaftLogWorker (SegmentedRaftLogWorker.java:rollLogSegment(445)) - 0df1231c-9f8a-4757-a7d0-f6d7f53bc482@group-A751954341BD-SegmentedRaftLogWorker: Rolling segment log-15_22 to index:22
2025-09-19 20:45:33,426 [grpc-default-executor-8] WARN  server.GrpcServerProtocolService (LogUtils.java:warn(129)) - 8eb9963e-bce0-4155-aea2-e442cadff8bd: Failed APPEND_ENTRIES request b5a25cc1-46d3-4381-a194-bd68f4526f1c->8eb9963e-bce0-4155-aea2-e442cadff8bd#1-t4,previous=(t:3, i:22),leaderCommit=21,initializing? false,entries: size=1, first=(t:4, i:23), CONFIGURATIONENTRY(current:id:"b5a25cc1-46d3-4381-a194-bd68f4526f1c"address:"127.0.0.1:15031"dataStreamAddress:"127.0.0.1:15032"clientAddress:"127.0.0.1:15029"adminAddress:"127.0.0.1:15030"startupRole:FOLLOWER, id:"0df1231c-9f8a-4757-a7d0-f6d7f53bc482"address:"127.0.0.1:15023"dataStreamAddress:"127.0.0.1:15024"clientAddress:"127.0.0.1:15021"adminAddress:"127.0.0.1:15022"startupRole:FOLLOWER, id:"8eb9963e-bce0-4155-aea2-e442cadff8bd"address:"127.0.0.1:15015"priority:1dataStreamAddress:"127.0.0.1:15016"clientAddress:"127.0.0.1:15013"adminAddress:"127.0.0.1:15014"startupRole:FOLLOWER, old:)
java.util.concurrent.CompletionException: org.apache.ratis.protocol.exceptions.ServerNotReadyException: 8eb9963e-bce0-4155-aea2-e442cadff8bd@group-A751954341BD is not in [STARTING, RUNNING]: current state is CLOSED
	at org.apache.ratis.util.JavaUtils.callAsUnchecked(JavaUtils.java:122)
	at org.apache.ratis.server.impl.RaftServerProxy.lambda$appendEntriesAsync$29(RaftServerProxy.java:651)
	at java.base/java.util.concurrent.CompletableFuture.uniComposeStage(CompletableFuture.java:1187)
	at java.base/java.util.concurrent.CompletableFuture.thenCompose(CompletableFuture.java:2341)
	at org.apache.ratis.server.impl.RaftServerProxy.appendEntriesAsync(RaftServerProxy.java:651)
	at org.apache.ratis.grpc.server.GrpcServerProtocolService$1.process(GrpcServerProtocolService.java:245)
	at org.apache.ratis.grpc.server.GrpcServerProtocolService$1.process(GrpcServerProtocolService.java:242)
	at org.apache.ratis.grpc.server.GrpcServerProtocolService$ServerRequestStreamObserver.onNext(GrpcServerProtocolService.java:150)
	at org.apache.ratis.thirdparty.io.grpc.stub.ServerCalls$StreamingServerCallHandler$StreamingServerCallListener.onMessage(ServerCalls.java:262)
	at org.apache.ratis.thirdparty.io.grpc.internal.ServerCallImpl$ServerStreamListenerImpl.messagesAvailableInternal(ServerCallImpl.java:334)
	at org.apache.ratis.thirdparty.io.grpc.internal.ServerCallImpl$ServerStreamListenerImpl.messagesAvailable(ServerCallImpl.java:319)
	at org.apache.ratis.thirdparty.io.grpc.internal.ServerImpl$JumpToApplicationThreadServerStreamListener$1MessagesAvailable.runInContext(ServerImpl.java:834)
	at org.apache.ratis.thirdparty.io.grpc.internal.ContextRunnable.run(ContextRunnable.java:37)
	at org.apache.ratis.thirdparty.io.grpc.internal.SerializingExecutor.run(SerializingExecutor.java:133)
	at java.base/java.util.concurrent.ThreadPoolExecutor.runWorker(ThreadPoolExecutor.java:1144)
	at java.base/java.util.concurrent.ThreadPoolExecutor$Worker.run(ThreadPoolExecutor.java:642)
	at java.base/java.lang.Thread.run(Thread.java:1583)
Caused by: org.apache.ratis.protocol.exceptions.ServerNotReadyException: 8eb9963e-bce0-4155-aea2-e442cadff8bd@group-A751954341BD is not in [STARTING, RUNNING]: current state is CLOSED
	at org.apache.ratis.server.impl.RaftServerImpl.lambda$assertLifeCycleState$7(RaftServerImpl.java:809)
	at org.apache.ratis.util.LifeCycle.assertCurrentState(LifeCycle.java:260)
	at org.apache.ratis.server.impl.RaftServerImpl.assertLifeCycleState(RaftServerImpl.java:808)
	at org.apache.ratis.server.impl.RaftServerImpl.appendEntriesAsync(RaftServerImpl.java:1486)
	at org.apache.ratis.server.impl.RaftServerProxy.lambda$null$28(RaftServerProxy.java:652)
	at org.apache.ratis.util.JavaUtils.callAsUnchecked(JavaUtils.java:118)
	... 16 more
2025-09-19 20:45:33,428 [0df1231c-9f8a-4757-a7d0-f6d7f53bc482@group-A751954341BD-SegmentedRaftLogWorker] INFO  segmented.SegmentedRaftLogWorker (SegmentedRaftLogWorker.java:execute(604)) - 0df1231c-9f8a-4757-a7d0-f6d7f53bc482@group-A751954341BD-SegmentedRaftLogWorker: Rolled log segment from /home/runner/work/ozone/ozone/hadoop-ozone/integration-test/target/test-dir/MiniOzoneClusterImpl-990002c2-bb69-4aa2-bd68-28a5e13e86ef/ozone-metadata/datanode-2/ratis/e102d630-0766-4c9c-a6ac-a751954341bd/current/log_inprogress_15 to /home/runner/work/ozone/ozone/hadoop-ozone/integration-test/target/test-dir/MiniOzoneClusterImpl-990002c2-bb69-4aa2-bd68-28a5e13e86ef/ozone-metadata/datanode-2/ratis/e102d630-0766-4c9c-a6ac-a751954341bd/current/log_15-22
2025-09-19 20:45:33,428 [b5a25cc1-46d3-4381-a194-bd68f4526f1c@group-A751954341BD-SegmentedRaftLogWorker] INFO  segmented.SegmentedRaftLogWorker (SegmentedRaftLogWorker.java:execute(647)) - b5a25cc1-46d3-4381-a194-bd68f4526f1c@group-A751954341BD-SegmentedRaftLogWorker: created new log segment /home/runner/work/ozone/ozone/hadoop-ozone/integration-test/target/test-dir/MiniOzoneClusterImpl-990002c2-bb69-4aa2-bd68-28a5e13e86ef/ozone-metadata/datanode-3/ratis/e102d630-0766-4c9c-a6ac-a751954341bd/current/log_inprogress_23
2025-09-19 20:45:33,429 [0df1231c-9f8a-4757-a7d0-f6d7f53bc482@group-A751954341BD-SegmentedRaftLogWorker] INFO  segmented.BufferedWriteChannel (BufferedWriteChannel.java:open(61)) - open log_inprogress_23 at position 0
2025-09-19 20:45:33,430 [grpc-default-executor-5] ERROR server.RaftServer$Division (RaftServerImpl.java:appendEntriesAsync(1495)) - 8eb9963e-bce0-4155-aea2-e442cadff8bd@group-A751954341BD: Failed appendEntries* b5a25cc1-46d3-4381-a194-bd68f4526f1c->8eb9963e-bce0-4155-aea2-e442cadff8bd#2-t4,previous=<PROTO_DEFAULT>,leaderCommit=0,initializing? false,HEARTBEAT
org.apache.ratis.protocol.exceptions.ServerNotReadyException: 8eb9963e-bce0-4155-aea2-e442cadff8bd@group-A751954341BD is not in [STARTING, RUNNING]: current state is CLOSED
	at org.apache.ratis.server.impl.RaftServerImpl.lambda$assertLifeCycleState$7(RaftServerImpl.java:809)
	at org.apache.ratis.util.LifeCycle.assertCurrentState(LifeCycle.java:260)
	at org.apache.ratis.server.impl.RaftServerImpl.assertLifeCycleState(RaftServerImpl.java:808)
	at org.apache.ratis.server.impl.RaftServerImpl.appendEntriesAsync(RaftServerImpl.java:1486)
	at org.apache.ratis.server.impl.RaftServerProxy.lambda$null$28(RaftServerProxy.java:652)
	at org.apache.ratis.util.JavaUtils.callAsUnchecked(JavaUtils.java:118)
	at org.apache.ratis.server.impl.RaftServerProxy.lambda$appendEntriesAsync$29(RaftServerProxy.java:651)
	at java.base/java.util.concurrent.CompletableFuture.uniComposeStage(CompletableFuture.java:1187)
	at java.base/java.util.concurrent.CompletableFuture.thenCompose(CompletableFuture.java:2341)
	at org.apache.ratis.server.impl.RaftServerProxy.appendEntriesAsync(RaftServerProxy.java:651)
	at org.apache.ratis.grpc.server.GrpcServerProtocolService$1.process(GrpcServerProtocolService.java:245)
	at org.apache.ratis.grpc.server.GrpcServerProtocolService$1.process(GrpcServerProtocolService.java:242)
	at org.apache.ratis.grpc.server.GrpcServerProtocolService$ServerRequestStreamObserver.onNext(GrpcServerProtocolService.java:137)
	at org.apache.ratis.thirdparty.io.grpc.stub.ServerCalls$StreamingServerCallHandler$StreamingServerCallListener.onMessage(ServerCalls.java:262)
	at org.apache.ratis.thirdparty.io.grpc.internal.ServerCallImpl$ServerStreamListenerImpl.messagesAvailableInternal(ServerCallImpl.java:334)
	at org.apache.ratis.thirdparty.io.grpc.internal.ServerCallImpl$ServerStreamListenerImpl.messagesAvailable(ServerCallImpl.java:319)
	at org.apache.ratis.thirdparty.io.grpc.internal.ServerImpl$JumpToApplicationThreadServerStreamListener$1MessagesAvailable.runInContext(ServerImpl.java:834)
	at org.apache.ratis.thirdparty.io.grpc.internal.ContextRunnable.run(ContextRunnable.java:37)
	at org.apache.ratis.thirdparty.io.grpc.internal.SerializingExecutor.run(SerializingExecutor.java:133)
	at java.base/java.util.concurrent.ThreadPoolExecutor.runWorker(ThreadPoolExecutor.java:1144)
	at java.base/java.util.concurrent.ThreadPoolExecutor$Worker.run(ThreadPoolExecutor.java:642)
	at java.base/java.lang.Thread.run(Thread.java:1583)
2025-09-19 20:45:33,434 [grpc-default-executor-8] WARN  server.GrpcLogAppender (LogUtils.java:warn(127)) - b5a25cc1-46d3-4381-a194-bd68f4526f1c@group-A751954341BD->8eb9963e-bce0-4155-aea2-e442cadff8bd-AppendLogResponseHandler: Failed appendEntries: org.apache.ratis.protocol.exceptions.ServerNotReadyException: 8eb9963e-bce0-4155-aea2-e442cadff8bd@group-A751954341BD is not in [STARTING, RUNNING]: current state is CLOSED
2025-09-19 20:45:33,434 [grpc-default-executor-8] INFO  leader.LogAppender (LogAppenderBase.java:lambda$getNextIndexForError$0(215)) - Decrease nextIndex to 23
2025-09-19 20:45:33,434 [grpc-default-executor-8] INFO  leader.LogAppender (LogAppenderBase.java:lambda$getNextIndexForError$0(215)) - Decrease nextIndex to 23
2025-09-19 20:45:33,434 [grpc-default-executor-8] INFO  leader.FollowerInfo (FollowerInfoImpl.java:info(70)) - b5a25cc1-46d3-4381-a194-bd68f4526f1c@group-A751954341BD->8eb9963e-bce0-4155-aea2-e442cadff8bd: computeNextIndex nextIndex: updateUnconditionally 24 -> 23
2025-09-19 20:45:33,436 [0df1231c-9f8a-4757-a7d0-f6d7f53bc482@group-A751954341BD-SegmentedRaftLogWorker] INFO  segmented.SegmentedRaftLogWorker (SegmentedRaftLogWorker.java:execute(647)) - 0df1231c-9f8a-4757-a7d0-f6d7f53bc482@group-A751954341BD-SegmentedRaftLogWorker: created new log segment /home/runner/work/ozone/ozone/hadoop-ozone/integration-test/target/test-dir/MiniOzoneClusterImpl-990002c2-bb69-4aa2-bd68-28a5e13e86ef/ozone-metadata/datanode-2/ratis/e102d630-0766-4c9c-a6ac-a751954341bd/current/log_inprogress_23
2025-09-19 20:45:33,440 [grpc-default-executor-8] ERROR server.RaftServer$Division (RaftServerImpl.java:appendEntriesAsync(1495)) - 8eb9963e-bce0-4155-aea2-e442cadff8bd@group-715EBF8096A7: Failed appendEntries* b5a25cc1-46d3-4381-a194-bd68f4526f1c->8eb9963e-bce0-4155-aea2-e442cadff8bd#28-t7,previous=(t:7, i:16),leaderCommit=16,initializing? false,HEARTBEAT
org.apache.ratis.protocol.exceptions.ServerNotReadyException: 8eb9963e-bce0-4155-aea2-e442cadff8bd@group-715EBF8096A7 is not in [STARTING, RUNNING]: current state is CLOSED
	at org.apache.ratis.server.impl.RaftServerImpl.lambda$assertLifeCycleState$7(RaftServerImpl.java:809)
	at org.apache.ratis.util.LifeCycle.assertCurrentState(LifeCycle.java:260)
	at org.apache.ratis.server.impl.RaftServerImpl.assertLifeCycleState(RaftServerImpl.java:808)
	at org.apache.ratis.server.impl.RaftServerImpl.appendEntriesAsync(RaftServerImpl.java:1486)
	at org.apache.ratis.server.impl.RaftServerProxy.lambda$null$28(RaftServerProxy.java:652)
	at org.apache.ratis.util.JavaUtils.callAsUnchecked(JavaUtils.java:118)
	at org.apache.ratis.server.impl.RaftServerProxy.lambda$appendEntriesAsync$29(RaftServerProxy.java:651)
	at java.base/java.util.concurrent.CompletableFuture.uniComposeStage(CompletableFuture.java:1187)
	at java.base/java.util.concurrent.CompletableFuture.thenCompose(CompletableFuture.java:2341)
	at org.apache.ratis.server.impl.RaftServerProxy.appendEntriesAsync(RaftServerProxy.java:651)
	at org.apache.ratis.grpc.server.GrpcServerProtocolService$1.process(GrpcServerProtocolService.java:245)
	at org.apache.ratis.grpc.server.GrpcServerProtocolService$1.process(GrpcServerProtocolService.java:242)
	at org.apache.ratis.grpc.server.GrpcServerProtocolService$ServerRequestStreamObserver.onNext(GrpcServerProtocolService.java:137)
	at org.apache.ratis.thirdparty.io.grpc.stub.ServerCalls$StreamingServerCallHandler$StreamingServerCallListener.onMessage(ServerCalls.java:262)
	at org.apache.ratis.thirdparty.io.grpc.internal.ServerCallImpl$ServerStreamListenerImpl.messagesAvailableInternal(ServerCallImpl.java:334)
	at org.apache.ratis.thirdparty.io.grpc.internal.ServerCallImpl$ServerStreamListenerImpl.messagesAvailable(ServerCallImpl.java:319)
	at org.apache.ratis.thirdparty.io.grpc.internal.ServerImpl$JumpToApplicationThreadServerStreamListener$1MessagesAvailable.runInContext(ServerImpl.java:834)
	at org.apache.ratis.thirdparty.io.grpc.internal.ContextRunnable.run(ContextRunnable.java:37)
	at org.apache.ratis.thirdparty.io.grpc.internal.SerializingExecutor.run(SerializingExecutor.java:133)
	at java.base/java.util.concurrent.ThreadPoolExecutor.runWorker(ThreadPoolExecutor.java:1144)
	at java.base/java.util.concurrent.ThreadPoolExecutor$Worker.run(ThreadPoolExecutor.java:642)
	at java.base/java.lang.Thread.run(Thread.java:1583)
2025-09-19 20:45:33,440 [grpc-default-executor-5] ERROR server.RaftServer$Division (RaftServerImpl.java:appendEntriesAsync(1495)) - 8eb9963e-bce0-4155-aea2-e442cadff8bd@group-A751954341BD: Failed appendEntries* b5a25cc1-46d3-4381-a194-bd68f4526f1c->8eb9963e-bce0-4155-aea2-e442cadff8bd#4-t4,previous=<PROTO_DEFAULT>,leaderCommit=0,initializing? false,HEARTBEAT
org.apache.ratis.protocol.exceptions.ServerNotReadyException: 8eb9963e-bce0-4155-aea2-e442cadff8bd@group-A751954341BD is not in [STARTING, RUNNING]: current state is CLOSED
	at org.apache.ratis.server.impl.RaftServerImpl.lambda$assertLifeCycleState$7(RaftServerImpl.java:809)
	at org.apache.ratis.util.LifeCycle.assertCurrentState(LifeCycle.java:260)
	at org.apache.ratis.server.impl.RaftServerImpl.assertLifeCycleState(RaftServerImpl.java:808)
	at org.apache.ratis.server.impl.RaftServerImpl.appendEntriesAsync(RaftServerImpl.java:1486)
	at org.apache.ratis.server.impl.RaftServerProxy.lambda$null$28(RaftServerProxy.java:652)
	at org.apache.ratis.util.JavaUtils.callAsUnchecked(JavaUtils.java:118)
	at org.apache.ratis.server.impl.RaftServerProxy.lambda$appendEntriesAsync$29(RaftServerProxy.java:651)
	at java.base/java.util.concurrent.CompletableFuture.uniComposeStage(CompletableFuture.java:1187)
	at java.base/java.util.concurrent.CompletableFuture.thenCompose(CompletableFuture.java:2341)
	at org.apache.ratis.server.impl.RaftServerProxy.appendEntriesAsync(RaftServerProxy.java:651)
	at org.apache.ratis.grpc.server.GrpcServerProtocolService$1.process(GrpcServerProtocolService.java:245)
	at org.apache.ratis.grpc.server.GrpcServerProtocolService$1.process(GrpcServerProtocolService.java:242)
	at org.apache.ratis.grpc.server.GrpcServerProtocolService$ServerRequestStreamObserver.onNext(GrpcServerProtocolService.java:137)
	at org.apache.ratis.thirdparty.io.grpc.stub.ServerCalls$StreamingServerCallHandler$StreamingServerCallListener.onMessage(ServerCalls.java:262)
	at org.apache.ratis.thirdparty.io.grpc.internal.ServerCallImpl$ServerStreamListenerImpl.messagesAvailableInternal(ServerCallImpl.java:334)
	at org.apache.ratis.thirdparty.io.grpc.internal.ServerCallImpl$ServerStreamListenerImpl.messagesAvailable(ServerCallImpl.java:319)
	at org.apache.ratis.thirdparty.io.grpc.internal.ServerImpl$JumpToApplicationThreadServerStreamListener$1MessagesAvailable.runInContext(ServerImpl.java:834)
	at org.apache.ratis.thirdparty.io.grpc.internal.ContextRunnable.run(ContextRunnable.java:37)
	at org.apache.ratis.thirdparty.io.grpc.internal.SerializingExecutor.run(SerializingExecutor.java:133)
	at java.base/java.util.concurrent.ThreadPoolExecutor.runWorker(ThreadPoolExecutor.java:1144)
	at java.base/java.util.concurrent.ThreadPoolExecutor$Worker.run(ThreadPoolExecutor.java:642)
	at java.base/java.lang.Thread.run(Thread.java:1583)
2025-09-19 20:45:33,441 [grpc-default-executor-8] ERROR server.RaftServer$Division (RaftServerImpl.java:appendEntriesAsync(1495)) - 8eb9963e-bce0-4155-aea2-e442cadff8bd@group-A751954341BD: Failed appendEntries* b5a25cc1-46d3-4381-a194-bd68f4526f1c->8eb9963e-bce0-4155-aea2-e442cadff8bd#3-t4,previous=(t:3, i:22),leaderCommit=23,initializing? false,entries: size=2, first=(t:4, i:23), CONFIGURATIONENTRY(current:id:"b5a25cc1-46d3-4381-a194-bd68f4526f1c"address:"127.0.0.1:15031"dataStreamAddress:"127.0.0.1:15032"clientAddress:"127.0.0.1:15029"adminAddress:"127.0.0.1:15030"startupRole:FOLLOWER, id:"0df1231c-9f8a-4757-a7d0-f6d7f53bc482"address:"127.0.0.1:15023"dataStreamAddress:"127.0.0.1:15024"clientAddress:"127.0.0.1:15021"adminAddress:"127.0.0.1:15022"startupRole:FOLLOWER, id:"8eb9963e-bce0-4155-aea2-e442cadff8bd"address:"127.0.0.1:15015"priority:1dataStreamAddress:"127.0.0.1:15016"clientAddress:"127.0.0.1:15013"adminAddress:"127.0.0.1:15014"startupRole:FOLLOWER, old:)
org.apache.ratis.protocol.exceptions.ServerNotReadyException: 8eb9963e-bce0-4155-aea2-e442cadff8bd@group-A751954341BD is not in [STARTING, RUNNING]: current state is CLOSED
	at org.apache.ratis.server.impl.RaftServerImpl.lambda$assertLifeCycleState$7(RaftServerImpl.java:809)
	at org.apache.ratis.util.LifeCycle.assertCurrentState(LifeCycle.java:260)
	at org.apache.ratis.server.impl.RaftServerImpl.assertLifeCycleState(RaftServerImpl.java:808)
	at org.apache.ratis.server.impl.RaftServerImpl.appendEntriesAsync(RaftServerImpl.java:1486)
	at org.apache.ratis.server.impl.RaftServerProxy.lambda$null$28(RaftServerProxy.java:652)
	at org.apache.ratis.util.JavaUtils.callAsUnchecked(JavaUtils.java:118)
	at org.apache.ratis.server.impl.RaftServerProxy.lambda$appendEntriesAsync$29(RaftServerProxy.java:651)
	at java.base/java.util.concurrent.CompletableFuture.uniComposeStage(CompletableFuture.java:1187)
	at java.base/java.util.concurrent.CompletableFuture.thenCompose(CompletableFuture.java:2341)
	at org.apache.ratis.server.impl.RaftServerProxy.appendEntriesAsync(RaftServerProxy.java:651)
	at org.apache.ratis.grpc.server.GrpcServerProtocolService$1.process(GrpcServerProtocolService.java:245)
	at org.apache.ratis.grpc.server.GrpcServerProtocolService$1.process(GrpcServerProtocolService.java:242)
	at org.apache.ratis.grpc.server.GrpcServerProtocolService$ServerRequestStreamObserver.onNext(GrpcServerProtocolService.java:150)
	at org.apache.ratis.thirdparty.io.grpc.stub.ServerCalls$StreamingServerCallHandler$StreamingServerCallListener.onMessage(ServerCalls.java:262)
	at org.apache.ratis.thirdparty.io.grpc.internal.ServerCallImpl$ServerStreamListenerImpl.messagesAvailableInternal(ServerCallImpl.java:334)
	at org.apache.ratis.thirdparty.io.grpc.internal.ServerCallImpl$ServerStreamListenerImpl.messagesAvailable(ServerCallImpl.java:319)
	at org.apache.ratis.thirdparty.io.grpc.internal.ServerImpl$JumpToApplicationThreadServerStreamListener$1MessagesAvailable.runInContext(ServerImpl.java:834)
	at org.apache.ratis.thirdparty.io.grpc.internal.ContextRunnable.run(ContextRunnable.java:37)
	at org.apache.ratis.thirdparty.io.grpc.internal.SerializingExecutor.run(SerializingExecutor.java:133)
	at java.base/java.util.concurrent.ThreadPoolExecutor.runWorker(ThreadPoolExecutor.java:1144)
	at java.base/java.util.concurrent.ThreadPoolExecutor$Worker.run(ThreadPoolExecutor.java:642)
	at java.base/java.lang.Thread.run(Thread.java:1583)
2025-09-19 20:45:33,442 [grpc-default-executor-8] WARN  server.GrpcServerProtocolService (LogUtils.java:warn(129)) - 8eb9963e-bce0-4155-aea2-e442cadff8bd: Failed APPEND_ENTRIES request b5a25cc1-46d3-4381-a194-bd68f4526f1c->8eb9963e-bce0-4155-aea2-e442cadff8bd#3-t4,previous=(t:3, i:22),leaderCommit=23,initializing? false,entries: size=2, first=(t:4, i:23), CONFIGURATIONENTRY(current:id:"b5a25cc1-46d3-4381-a194-bd68f4526f1c"address:"127.0.0.1:15031"dataStreamAddress:"127.0.0.1:15032"clientAddress:"127.0.0.1:15029"adminAddress:"127.0.0.1:15030"startupRole:FOLLOWER, id:"0df1231c-9f8a-4757-a7d0-f6d7f53bc482"address:"127.0.0.1:15023"dataStreamAddress:"127.0.0.1:15024"clientAddress:"127.0.0.1:15021"adminAddress:"127.0.0.1:15022"startupRole:FOLLOWER, id:"8eb9963e-bce0-4155-aea2-e442cadff8bd"address:"127.0.0.1:15015"priority:1dataStreamAddress:"127.0.0.1:15016"clientAddress:"127.0.0.1:15013"adminAddress:"127.0.0.1:15014"startupRole:FOLLOWER, old:)
java.util.concurrent.CompletionException: org.apache.ratis.protocol.exceptions.ServerNotReadyException: 8eb9963e-bce0-4155-aea2-e442cadff8bd@group-A751954341BD is not in [STARTING, RUNNING]: current state is CLOSED
	at org.apache.ratis.util.JavaUtils.callAsUnchecked(JavaUtils.java:122)
	at org.apache.ratis.server.impl.RaftServerProxy.lambda$appendEntriesAsync$29(RaftServerProxy.java:651)
	at java.base/java.util.concurrent.CompletableFuture.uniComposeStage(CompletableFuture.java:1187)
	at java.base/java.util.concurrent.CompletableFuture.thenCompose(CompletableFuture.java:2341)
	at org.apache.ratis.server.impl.RaftServerProxy.appendEntriesAsync(RaftServerProxy.java:651)
	at org.apache.ratis.grpc.server.GrpcServerProtocolService$1.process(GrpcServerProtocolService.java:245)
	at org.apache.ratis.grpc.server.GrpcServerProtocolService$1.process(GrpcServerProtocolService.java:242)
	at org.apache.ratis.grpc.server.GrpcServerProtocolService$ServerRequestStreamObserver.onNext(GrpcServerProtocolService.java:150)
	at org.apache.ratis.thirdparty.io.grpc.stub.ServerCalls$StreamingServerCallHandler$StreamingServerCallListener.onMessage(ServerCalls.java:262)
	at org.apache.ratis.thirdparty.io.grpc.internal.ServerCallImpl$ServerStreamListenerImpl.messagesAvailableInternal(ServerCallImpl.java:334)
	at org.apache.ratis.thirdparty.io.grpc.internal.ServerCallImpl$ServerStreamListenerImpl.messagesAvailable(ServerCallImpl.java:319)
	at org.apache.ratis.thirdparty.io.grpc.internal.ServerImpl$JumpToApplicationThreadServerStreamListener$1MessagesAvailable.runInContext(ServerImpl.java:834)
	at org.apache.ratis.thirdparty.io.grpc.internal.ContextRunnable.run(ContextRunnable.java:37)
	at org.apache.ratis.thirdparty.io.grpc.internal.SerializingExecutor.run(SerializingExecutor.java:133)
	at java.base/java.util.concurrent.ThreadPoolExecutor.runWorker(ThreadPoolExecutor.java:1144)
	at java.base/java.util.concurrent.ThreadPoolExecutor$Worker.run(ThreadPoolExecutor.java:642)
	at java.base/java.lang.Thread.run(Thread.java:1583)
Caused by: org.apache.ratis.protocol.exceptions.ServerNotReadyException: 8eb9963e-bce0-4155-aea2-e442cadff8bd@group-A751954341BD is not in [STARTING, RUNNING]: current state is CLOSED
	at org.apache.ratis.server.impl.RaftServerImpl.lambda$assertLifeCycleState$7(RaftServerImpl.java:809)
	at org.apache.ratis.util.LifeCycle.assertCurrentState(LifeCycle.java:260)
	at org.apache.ratis.server.impl.RaftServerImpl.assertLifeCycleState(RaftServerImpl.java:808)
	at org.apache.ratis.server.impl.RaftServerImpl.appendEntriesAsync(RaftServerImpl.java:1486)
	at org.apache.ratis.server.impl.RaftServerProxy.lambda$null$28(RaftServerProxy.java:652)
	at org.apache.ratis.util.JavaUtils.callAsUnchecked(JavaUtils.java:118)
	... 16 more
2025-09-19 20:45:33,442 [grpc-default-executor-5] ERROR server.RaftServer$Division (RaftServerImpl.java:appendEntriesAsync(1495)) - 8eb9963e-bce0-4155-aea2-e442cadff8bd@group-A751954341BD: Failed appendEntries* b5a25cc1-46d3-4381-a194-bd68f4526f1c->8eb9963e-bce0-4155-aea2-e442cadff8bd#5-t4,previous=<PROTO_DEFAULT>,leaderCommit=0,initializing? false,HEARTBEAT
org.apache.ratis.protocol.exceptions.ServerNotReadyException: 8eb9963e-bce0-4155-aea2-e442cadff8bd@group-A751954341BD is not in [STARTING, RUNNING]: current state is CLOSED
	at org.apache.ratis.server.impl.RaftServerImpl.lambda$assertLifeCycleState$7(RaftServerImpl.java:809)
	at org.apache.ratis.util.LifeCycle.assertCurrentState(LifeCycle.java:260)
	at org.apache.ratis.server.impl.RaftServerImpl.assertLifeCycleState(RaftServerImpl.java:808)
	at org.apache.ratis.server.impl.RaftServerImpl.appendEntriesAsync(RaftServerImpl.java:1486)
	at org.apache.ratis.server.impl.RaftServerProxy.lambda$null$28(RaftServerProxy.java:652)
	at org.apache.ratis.util.JavaUtils.callAsUnchecked(JavaUtils.java:118)
	at org.apache.ratis.server.impl.RaftServerProxy.lambda$appendEntriesAsync$29(RaftServerProxy.java:651)
	at java.base/java.util.concurrent.CompletableFuture.uniComposeStage(CompletableFuture.java:1187)
	at java.base/java.util.concurrent.CompletableFuture.thenCompose(CompletableFuture.java:2341)
	at org.apache.ratis.server.impl.RaftServerProxy.appendEntriesAsync(RaftServerProxy.java:651)
	at org.apache.ratis.grpc.server.GrpcServerProtocolService$1.process(GrpcServerProtocolService.java:245)
	at org.apache.ratis.grpc.server.GrpcServerProtocolService$1.process(GrpcServerProtocolService.java:242)
	at org.apache.ratis.grpc.server.GrpcServerProtocolService$ServerRequestStreamObserver.onNext(GrpcServerProtocolService.java:137)
	at org.apache.ratis.thirdparty.io.grpc.stub.ServerCalls$StreamingServerCallHandler$StreamingServerCallListener.onMessage(ServerCalls.java:262)
	at org.apache.ratis.thirdparty.io.grpc.internal.ServerCallImpl$ServerStreamListenerImpl.messagesAvailableInternal(ServerCallImpl.java:334)
	at org.apache.ratis.thirdparty.io.grpc.internal.ServerCallImpl$ServerStreamListenerImpl.messagesAvailable(ServerCallImpl.java:319)
	at org.apache.ratis.thirdparty.io.grpc.internal.ServerImpl$JumpToApplicationThreadServerStreamListener$1MessagesAvailable.runInContext(ServerImpl.java:834)
	at org.apache.ratis.thirdparty.io.grpc.internal.ContextRunnable.run(ContextRunnable.java:37)
	at org.apache.ratis.thirdparty.io.grpc.internal.SerializingExecutor.run(SerializingExecutor.java:133)
	at java.base/java.util.concurrent.ThreadPoolExecutor.runWorker(ThreadPoolExecutor.java:1144)
	at java.base/java.util.concurrent.ThreadPoolExecutor$Worker.run(ThreadPoolExecutor.java:642)
	at java.base/java.lang.Thread.run(Thread.java:1583)
2025-09-19 20:45:33,442 [b5a25cc1-46d3-4381-a194-bd68f4526f1c@group-A751954341BD-StateMachineUpdater] INFO  server.RaftServer$Division (LeaderStateImpl.java:checkStartIndex(309)) - Leader b5a25cc1-46d3-4381-a194-bd68f4526f1c@group-A751954341BD-LeaderStateImpl is ready since appliedIndex == startIndex == 23
2025-09-19 20:45:33,444 [grpc-default-executor-5] INFO  leader.LogAppender (LogAppenderBase.java:lambda$getNextIndexForError$0(215)) - Decrease nextIndex to 23
2025-09-19 20:45:33,444 [grpc-default-executor-5] INFO  leader.LogAppender (LogAppenderBase.java:lambda$getNextIndexForError$0(215)) - Decrease nextIndex to 23
2025-09-19 20:45:33,445 [grpc-default-executor-5] INFO  leader.FollowerInfo (FollowerInfoImpl.java:info(70)) - b5a25cc1-46d3-4381-a194-bd68f4526f1c@group-A751954341BD->8eb9963e-bce0-4155-aea2-e442cadff8bd: computeNextIndex nextIndex: updateUnconditionally 25 -> 23
2025-09-19 20:45:33,691 [grpc-default-executor-8] ERROR server.RaftServer$Division (RaftServerImpl.java:appendEntriesAsync(1495)) - 8eb9963e-bce0-4155-aea2-e442cadff8bd@group-715EBF8096A7: Failed appendEntries* b5a25cc1-46d3-4381-a194-bd68f4526f1c->8eb9963e-bce0-4155-aea2-e442cadff8bd#29-t7,previous=(t:7, i:16),leaderCommit=16,initializing? false,HEARTBEAT
org.apache.ratis.protocol.exceptions.ServerNotReadyException: 8eb9963e-bce0-4155-aea2-e442cadff8bd@group-715EBF8096A7 is not in [STARTING, RUNNING]: current state is CLOSED
	at org.apache.ratis.server.impl.RaftServerImpl.lambda$assertLifeCycleState$7(RaftServerImpl.java:809)
	at org.apache.ratis.util.LifeCycle.assertCurrentState(LifeCycle.java:260)
	at org.apache.ratis.server.impl.RaftServerImpl.assertLifeCycleState(RaftServerImpl.java:808)
	at org.apache.ratis.server.impl.RaftServerImpl.appendEntriesAsync(RaftServerImpl.java:1486)
	at org.apache.ratis.server.impl.RaftServerProxy.lambda$null$28(RaftServerProxy.java:652)
	at org.apache.ratis.util.JavaUtils.callAsUnchecked(JavaUtils.java:118)
	at org.apache.ratis.server.impl.RaftServerProxy.lambda$appendEntriesAsync$29(RaftServerProxy.java:651)
	at java.base/java.util.concurrent.CompletableFuture.uniComposeStage(CompletableFuture.java:1187)
	at java.base/java.util.concurrent.CompletableFuture.thenCompose(CompletableFuture.java:2341)
	at org.apache.ratis.server.impl.RaftServerProxy.appendEntriesAsync(RaftServerProxy.java:651)
	at org.apache.ratis.grpc.server.GrpcServerProtocolService$1.process(GrpcServerProtocolService.java:245)
	at org.apache.ratis.grpc.server.GrpcServerProtocolService$1.process(GrpcServerProtocolService.java:242)
	at org.apache.ratis.grpc.server.GrpcServerProtocolService$ServerRequestStreamObserver.onNext(GrpcServerProtocolService.java:137)
	at org.apache.ratis.thirdparty.io.grpc.stub.ServerCalls$StreamingServerCallHandler$StreamingServerCallListener.onMessage(ServerCalls.java:262)
	at org.apache.ratis.thirdparty.io.grpc.internal.ServerCallImpl$ServerStreamListenerImpl.messagesAvailableInternal(ServerCallImpl.java:334)
	at org.apache.ratis.thirdparty.io.grpc.internal.ServerCallImpl$ServerStreamListenerImpl.messagesAvailable(ServerCallImpl.java:319)
	at org.apache.ratis.thirdparty.io.grpc.internal.ServerImpl$JumpToApplicationThreadServerStreamListener$1MessagesAvailable.runInContext(ServerImpl.java:834)
	at org.apache.ratis.thirdparty.io.grpc.internal.ContextRunnable.run(ContextRunnable.java:37)
	at org.apache.ratis.thirdparty.io.grpc.internal.SerializingExecutor.run(SerializingExecutor.java:133)
	at java.base/java.util.concurrent.ThreadPoolExecutor.runWorker(ThreadPoolExecutor.java:1144)
	at java.base/java.util.concurrent.ThreadPoolExecutor$Worker.run(ThreadPoolExecutor.java:642)
	at java.base/java.lang.Thread.run(Thread.java:1583)
2025-09-19 20:45:33,693 [grpc-default-executor-5] ERROR server.RaftServer$Division (RaftServerImpl.java:appendEntriesAsync(1495)) - 8eb9963e-bce0-4155-aea2-e442cadff8bd@group-A751954341BD: Failed appendEntries* b5a25cc1-46d3-4381-a194-bd68f4526f1c->8eb9963e-bce0-4155-aea2-e442cadff8bd#6-t4,previous=(t:3, i:22),leaderCommit=22,initializing? false,HEARTBEAT
org.apache.ratis.protocol.exceptions.ServerNotReadyException: 8eb9963e-bce0-4155-aea2-e442cadff8bd@group-A751954341BD is not in [STARTING, RUNNING]: current state is CLOSED
	at org.apache.ratis.server.impl.RaftServerImpl.lambda$assertLifeCycleState$7(RaftServerImpl.java:809)
	at org.apache.ratis.util.LifeCycle.assertCurrentState(LifeCycle.java:260)
	at org.apache.ratis.server.impl.RaftServerImpl.assertLifeCycleState(RaftServerImpl.java:808)
	at org.apache.ratis.server.impl.RaftServerImpl.appendEntriesAsync(RaftServerImpl.java:1486)
	at org.apache.ratis.server.impl.RaftServerProxy.lambda$null$28(RaftServerProxy.java:652)
	at org.apache.ratis.util.JavaUtils.callAsUnchecked(JavaUtils.java:118)
	at org.apache.ratis.server.impl.RaftServerProxy.lambda$appendEntriesAsync$29(RaftServerProxy.java:651)
	at java.base/java.util.concurrent.CompletableFuture.uniComposeStage(CompletableFuture.java:1187)
	at java.base/java.util.concurrent.CompletableFuture.thenCompose(CompletableFuture.java:2341)
	at org.apache.ratis.server.impl.RaftServerProxy.appendEntriesAsync(RaftServerProxy.java:651)
	at org.apache.ratis.grpc.server.GrpcServerProtocolService$1.process(GrpcServerProtocolService.java:245)
	at org.apache.ratis.grpc.server.GrpcServerProtocolService$1.process(GrpcServerProtocolService.java:242)
	at org.apache.ratis.grpc.server.GrpcServerProtocolService$ServerRequestStreamObserver.onNext(GrpcServerProtocolService.java:137)
	at org.apache.ratis.thirdparty.io.grpc.stub.ServerCalls$StreamingServerCallHandler$StreamingServerCallListener.onMessage(ServerCalls.java:262)
	at org.apache.ratis.thirdparty.io.grpc.internal.ServerCallImpl$ServerStreamListenerImpl.messagesAvailableInternal(ServerCallImpl.java:334)
	at org.apache.ratis.thirdparty.io.grpc.internal.ServerCallImpl$ServerStreamListenerImpl.messagesAvailable(ServerCallImpl.java:319)
	at org.apache.ratis.thirdparty.io.grpc.internal.ServerImpl$JumpToApplicationThreadServerStreamListener$1MessagesAvailable.runInContext(ServerImpl.java:834)
	at org.apache.ratis.thirdparty.io.grpc.internal.ContextRunnable.run(ContextRunnable.java:37)
	at org.apache.ratis.thirdparty.io.grpc.internal.SerializingExecutor.run(SerializingExecutor.java:133)
	at java.base/java.util.concurrent.ThreadPoolExecutor.runWorker(ThreadPoolExecutor.java:1144)
	at java.base/java.util.concurrent.ThreadPoolExecutor$Worker.run(ThreadPoolExecutor.java:642)
	at java.base/java.lang.Thread.run(Thread.java:1583)
2025-09-19 20:45:33,694 [grpc-default-executor-5] ERROR server.RaftServer$Division (RaftServerImpl.java:appendEntriesAsync(1495)) - 8eb9963e-bce0-4155-aea2-e442cadff8bd@group-A751954341BD: Failed appendEntries* b5a25cc1-46d3-4381-a194-bd68f4526f1c->8eb9963e-bce0-4155-aea2-e442cadff8bd#7-t4,previous=(t:3, i:22),leaderCommit=24,initializing? false,entries: size=2, first=(t:4, i:23), CONFIGURATIONENTRY(current:id:"b5a25cc1-46d3-4381-a194-bd68f4526f1c"address:"127.0.0.1:15031"dataStreamAddress:"127.0.0.1:15032"clientAddress:"127.0.0.1:15029"adminAddress:"127.0.0.1:15030"startupRole:FOLLOWER, id:"0df1231c-9f8a-4757-a7d0-f6d7f53bc482"address:"127.0.0.1:15023"dataStreamAddress:"127.0.0.1:15024"clientAddress:"127.0.0.1:15021"adminAddress:"127.0.0.1:15022"startupRole:FOLLOWER, id:"8eb9963e-bce0-4155-aea2-e442cadff8bd"address:"127.0.0.1:15015"priority:1dataStreamAddress:"127.0.0.1:15016"clientAddress:"127.0.0.1:15013"adminAddress:"127.0.0.1:15014"startupRole:FOLLOWER, old:)
org.apache.ratis.protocol.exceptions.ServerNotReadyException: 8eb9963e-bce0-4155-aea2-e442cadff8bd@group-A751954341BD is not in [STARTING, RUNNING]: current state is CLOSED
	at org.apache.ratis.server.impl.RaftServerImpl.lambda$assertLifeCycleState$7(RaftServerImpl.java:809)
	at org.apache.ratis.util.LifeCycle.assertCurrentState(LifeCycle.java:260)
	at org.apache.ratis.server.impl.RaftServerImpl.assertLifeCycleState(RaftServerImpl.java:808)
	at org.apache.ratis.server.impl.RaftServerImpl.appendEntriesAsync(RaftServerImpl.java:1486)
	at org.apache.ratis.server.impl.RaftServerProxy.lambda$null$28(RaftServerProxy.java:652)
	at org.apache.ratis.util.JavaUtils.callAsUnchecked(JavaUtils.java:118)
	at org.apache.ratis.server.impl.RaftServerProxy.lambda$appendEntriesAsync$29(RaftServerProxy.java:651)
	at java.base/java.util.concurrent.CompletableFuture.uniComposeStage(CompletableFuture.java:1187)
	at java.base/java.util.concurrent.CompletableFuture.thenCompose(CompletableFuture.java:2341)
	at org.apache.ratis.server.impl.RaftServerProxy.appendEntriesAsync(RaftServerProxy.java:651)
	at org.apache.ratis.grpc.server.GrpcServerProtocolService$1.process(GrpcServerProtocolService.java:245)
	at org.apache.ratis.grpc.server.GrpcServerProtocolService$1.process(GrpcServerProtocolService.java:242)
	at org.apache.ratis.grpc.server.GrpcServerProtocolService$ServerRequestStreamObserver.onNext(GrpcServerProtocolService.java:150)
	at org.apache.ratis.thirdparty.io.grpc.stub.ServerCalls$StreamingServerCallHandler$StreamingServerCallListener.onMessage(ServerCalls.java:262)
	at org.apache.ratis.thirdparty.io.grpc.internal.ServerCallImpl$ServerStreamListenerImpl.messagesAvailableInternal(ServerCallImpl.java:334)
	at org.apache.ratis.thirdparty.io.grpc.internal.ServerCallImpl$ServerStreamListenerImpl.messagesAvailable(ServerCallImpl.java:319)
	at org.apache.ratis.thirdparty.io.grpc.internal.ServerImpl$JumpToApplicationThreadServerStreamListener$1MessagesAvailable.runInContext(ServerImpl.java:834)
	at org.apache.ratis.thirdparty.io.grpc.internal.ContextRunnable.run(ContextRunnable.java:37)
	at org.apache.ratis.thirdparty.io.grpc.internal.SerializingExecutor.run(SerializingExecutor.java:133)
	at java.base/java.util.concurrent.ThreadPoolExecutor.runWorker(ThreadPoolExecutor.java:1144)
	at java.base/java.util.concurrent.ThreadPoolExecutor$Worker.run(ThreadPoolExecutor.java:642)
	at java.base/java.lang.Thread.run(Thread.java:1583)
2025-09-19 20:45:33,694 [grpc-default-executor-5] WARN  server.GrpcServerProtocolService (LogUtils.java:warn(129)) - 8eb9963e-bce0-4155-aea2-e442cadff8bd: Failed APPEND_ENTRIES request b5a25cc1-46d3-4381-a194-bd68f4526f1c->8eb9963e-bce0-4155-aea2-e442cadff8bd#7-t4,previous=(t:3, i:22),leaderCommit=24,initializing? false,entries: size=2, first=(t:4, i:23), CONFIGURATIONENTRY(current:id:"b5a25cc1-46d3-4381-a194-bd68f4526f1c"address:"127.0.0.1:15031"dataStreamAddress:"127.0.0.1:15032"clientAddress:"127.0.0.1:15029"adminAddress:"127.0.0.1:15030"startupRole:FOLLOWER, id:"0df1231c-9f8a-4757-a7d0-f6d7f53bc482"address:"127.0.0.1:15023"dataStreamAddress:"127.0.0.1:15024"clientAddress:"127.0.0.1:15021"adminAddress:"127.0.0.1:15022"startupRole:FOLLOWER, id:"8eb9963e-bce0-4155-aea2-e442cadff8bd"address:"127.0.0.1:15015"priority:1dataStreamAddress:"127.0.0.1:15016"clientAddress:"127.0.0.1:15013"adminAddress:"127.0.0.1:15014"startupRole:FOLLOWER, old:)
java.util.concurrent.CompletionException: org.apache.ratis.protocol.exceptions.ServerNotReadyException: 8eb9963e-bce0-4155-aea2-e442cadff8bd@group-A751954341BD is not in [STARTING, RUNNING]: current state is CLOSED
	at org.apache.ratis.util.JavaUtils.callAsUnchecked(JavaUtils.java:122)
	at org.apache.ratis.server.impl.RaftServerProxy.lambda$appendEntriesAsync$29(RaftServerProxy.java:651)
	at java.base/java.util.concurrent.CompletableFuture.uniComposeStage(CompletableFuture.java:1187)
	at java.base/java.util.concurrent.CompletableFuture.thenCompose(CompletableFuture.java:2341)
	at org.apache.ratis.server.impl.RaftServerProxy.appendEntriesAsync(RaftServerProxy.java:651)
	at org.apache.ratis.grpc.server.GrpcServerProtocolService$1.process(GrpcServerProtocolService.java:245)
	at org.apache.ratis.grpc.server.GrpcServerProtocolService$1.process(GrpcServerProtocolService.java:242)
	at org.apache.ratis.grpc.server.GrpcServerProtocolService$ServerRequestStreamObserver.onNext(GrpcServerProtocolService.java:150)
	at org.apache.ratis.thirdparty.io.grpc.stub.ServerCalls$StreamingServerCallHandler$StreamingServerCallListener.onMessage(ServerCalls.java:262)
	at org.apache.ratis.thirdparty.io.grpc.internal.ServerCallImpl$ServerStreamListenerImpl.messagesAvailableInternal(ServerCallImpl.java:334)
	at org.apache.ratis.thirdparty.io.grpc.internal.ServerCallImpl$ServerStreamListenerImpl.messagesAvailable(ServerCallImpl.java:319)
	at org.apache.ratis.thirdparty.io.grpc.internal.ServerImpl$JumpToApplicationThreadServerStreamListener$1MessagesAvailable.runInContext(ServerImpl.java:834)
	at org.apache.ratis.thirdparty.io.grpc.internal.ContextRunnable.run(ContextRunnable.java:37)
	at org.apache.ratis.thirdparty.io.grpc.internal.SerializingExecutor.run(SerializingExecutor.java:133)
	at java.base/java.util.concurrent.ThreadPoolExecutor.runWorker(ThreadPoolExecutor.java:1144)
	at java.base/java.util.concurrent.ThreadPoolExecutor$Worker.run(ThreadPoolExecutor.java:642)
	at java.base/java.lang.Thread.run(Thread.java:1583)
Caused by: org.apache.ratis.protocol.exceptions.ServerNotReadyException: 8eb9963e-bce0-4155-aea2-e442cadff8bd@group-A751954341BD is not in [STARTING, RUNNING]: current state is CLOSED
	at org.apache.ratis.server.impl.RaftServerImpl.lambda$assertLifeCycleState$7(RaftServerImpl.java:809)
	at org.apache.ratis.util.LifeCycle.assertCurrentState(LifeCycle.java:260)
	at org.apache.ratis.server.impl.RaftServerImpl.assertLifeCycleState(RaftServerImpl.java:808)
	at org.apache.ratis.server.impl.RaftServerImpl.appendEntriesAsync(RaftServerImpl.java:1486)
	at org.apache.ratis.server.impl.RaftServerProxy.lambda$null$28(RaftServerProxy.java:652)
	at org.apache.ratis.util.JavaUtils.callAsUnchecked(JavaUtils.java:118)
	... 16 more
2025-09-19 20:45:33,697 [grpc-default-executor-5] INFO  leader.LogAppender (LogAppenderBase.java:lambda$getNextIndexForError$0(215)) - Decrease nextIndex to 23
2025-09-19 20:45:33,697 [grpc-default-executor-5] INFO  leader.LogAppender (LogAppenderBase.java:lambda$getNextIndexForError$0(215)) - Decrease nextIndex to 23
2025-09-19 20:45:33,697 [grpc-default-executor-5] INFO  leader.FollowerInfo (FollowerInfoImpl.java:info(70)) - b5a25cc1-46d3-4381-a194-bd68f4526f1c@group-A751954341BD->8eb9963e-bce0-4155-aea2-e442cadff8bd: computeNextIndex nextIndex: updateUnconditionally 25 -> 23
2025-09-19 20:45:33,942 [grpc-default-executor-8] ERROR server.RaftServer$Division (RaftServerImpl.java:appendEntriesAsync(1495)) - 8eb9963e-bce0-4155-aea2-e442cadff8bd@group-715EBF8096A7: Failed appendEntries* b5a25cc1-46d3-4381-a194-bd68f4526f1c->8eb9963e-bce0-4155-aea2-e442cadff8bd#30-t7,previous=(t:7, i:16),leaderCommit=16,initializing? false,HEARTBEAT
org.apache.ratis.protocol.exceptions.ServerNotReadyException: 8eb9963e-bce0-4155-aea2-e442cadff8bd@group-715EBF8096A7 is not in [STARTING, RUNNING]: current state is CLOSED
	at org.apache.ratis.server.impl.RaftServerImpl.lambda$assertLifeCycleState$7(RaftServerImpl.java:809)
	at org.apache.ratis.util.LifeCycle.assertCurrentState(LifeCycle.java:260)
	at org.apache.ratis.server.impl.RaftServerImpl.assertLifeCycleState(RaftServerImpl.java:808)
	at org.apache.ratis.server.impl.RaftServerImpl.appendEntriesAsync(RaftServerImpl.java:1486)
	at org.apache.ratis.server.impl.RaftServerProxy.lambda$null$28(RaftServerProxy.java:652)
	at org.apache.ratis.util.JavaUtils.callAsUnchecked(JavaUtils.java:118)
	at org.apache.ratis.server.impl.RaftServerProxy.lambda$appendEntriesAsync$29(RaftServerProxy.java:651)
	at java.base/java.util.concurrent.CompletableFuture.uniComposeStage(CompletableFuture.java:1187)
	at java.base/java.util.concurrent.CompletableFuture.thenCompose(CompletableFuture.java:2341)
	at org.apache.ratis.server.impl.RaftServerProxy.appendEntriesAsync(RaftServerProxy.java:651)
	at org.apache.ratis.grpc.server.GrpcServerProtocolService$1.process(GrpcServerProtocolService.java:245)
	at org.apache.ratis.grpc.server.GrpcServerProtocolService$1.process(GrpcServerProtocolService.java:242)
	at org.apache.ratis.grpc.server.GrpcServerProtocolService$ServerRequestStreamObserver.onNext(GrpcServerProtocolService.java:137)
	at org.apache.ratis.thirdparty.io.grpc.stub.ServerCalls$StreamingServerCallHandler$StreamingServerCallListener.onMessage(ServerCalls.java:262)
	at org.apache.ratis.thirdparty.io.grpc.internal.ServerCallImpl$ServerStreamListenerImpl.messagesAvailableInternal(ServerCallImpl.java:334)
	at org.apache.ratis.thirdparty.io.grpc.internal.ServerCallImpl$ServerStreamListenerImpl.messagesAvailable(ServerCallImpl.java:319)
	at org.apache.ratis.thirdparty.io.grpc.internal.ServerImpl$JumpToApplicationThreadServerStreamListener$1MessagesAvailable.runInContext(ServerImpl.java:834)
	at org.apache.ratis.thirdparty.io.grpc.internal.ContextRunnable.run(ContextRunnable.java:37)
	at org.apache.ratis.thirdparty.io.grpc.internal.SerializingExecutor.run(SerializingExecutor.java:133)
	at java.base/java.util.concurrent.ThreadPoolExecutor.runWorker(ThreadPoolExecutor.java:1144)
	at java.base/java.util.concurrent.ThreadPoolExecutor$Worker.run(ThreadPoolExecutor.java:642)
	at java.base/java.lang.Thread.run(Thread.java:1583)
2025-09-19 20:45:33,942 [grpc-default-executor-5] ERROR server.RaftServer$Division (RaftServerImpl.java:appendEntriesAsync(1495)) - 8eb9963e-bce0-4155-aea2-e442cadff8bd@group-A751954341BD: Failed appendEntries* b5a25cc1-46d3-4381-a194-bd68f4526f1c->8eb9963e-bce0-4155-aea2-e442cadff8bd#8-t4,previous=(t:3, i:22),leaderCommit=24,initializing? false,entries: size=2, first=(t:4, i:23), CONFIGURATIONENTRY(current:id:"b5a25cc1-46d3-4381-a194-bd68f4526f1c"address:"127.0.0.1:15031"dataStreamAddress:"127.0.0.1:15032"clientAddress:"127.0.0.1:15029"adminAddress:"127.0.0.1:15030"startupRole:FOLLOWER, id:"0df1231c-9f8a-4757-a7d0-f6d7f53bc482"address:"127.0.0.1:15023"dataStreamAddress:"127.0.0.1:15024"clientAddress:"127.0.0.1:15021"adminAddress:"127.0.0.1:15022"startupRole:FOLLOWER, id:"8eb9963e-bce0-4155-aea2-e442cadff8bd"address:"127.0.0.1:15015"priority:1dataStreamAddress:"127.0.0.1:15016"clientAddress:"127.0.0.1:15013"adminAddress:"127.0.0.1:15014"startupRole:FOLLOWER, old:)
org.apache.ratis.protocol.exceptions.ServerNotReadyException: 8eb9963e-bce0-4155-aea2-e442cadff8bd@group-A751954341BD is not in [STARTING, RUNNING]: current state is CLOSED
	at org.apache.ratis.server.impl.RaftServerImpl.lambda$assertLifeCycleState$7(RaftServerImpl.java:809)
	at org.apache.ratis.util.LifeCycle.assertCurrentState(LifeCycle.java:260)
	at org.apache.ratis.server.impl.RaftServerImpl.assertLifeCycleState(RaftServerImpl.java:808)
	at org.apache.ratis.server.impl.RaftServerImpl.appendEntriesAsync(RaftServerImpl.java:1486)
	at org.apache.ratis.server.impl.RaftServerProxy.lambda$null$28(RaftServerProxy.java:652)
	at org.apache.ratis.util.JavaUtils.callAsUnchecked(JavaUtils.java:118)
	at org.apache.ratis.server.impl.RaftServerProxy.lambda$appendEntriesAsync$29(RaftServerProxy.java:651)
	at java.base/java.util.concurrent.CompletableFuture.uniComposeStage(CompletableFuture.java:1187)
	at java.base/java.util.concurrent.CompletableFuture.thenCompose(CompletableFuture.java:2341)
	at org.apache.ratis.server.impl.RaftServerProxy.appendEntriesAsync(RaftServerProxy.java:651)
	at org.apache.ratis.grpc.server.GrpcServerProtocolService$1.process(GrpcServerProtocolService.java:245)
	at org.apache.ratis.grpc.server.GrpcServerProtocolService$1.process(GrpcServerProtocolService.java:242)
	at org.apache.ratis.grpc.server.GrpcServerProtocolService$ServerRequestStreamObserver.onNext(GrpcServerProtocolService.java:150)
	at org.apache.ratis.thirdparty.io.grpc.stub.ServerCalls$StreamingServerCallHandler$StreamingServerCallListener.onMessage(ServerCalls.java:262)
	at org.apache.ratis.thirdparty.io.grpc.internal.ServerCallImpl$ServerStreamListenerImpl.messagesAvailableInternal(ServerCallImpl.java:334)
	at org.apache.ratis.thirdparty.io.grpc.internal.ServerCallImpl$ServerStreamListenerImpl.messagesAvailable(ServerCallImpl.java:319)
	at org.apache.ratis.thirdparty.io.grpc.internal.ServerImpl$JumpToApplicationThreadServerStreamListener$1MessagesAvailable.runInContext(ServerImpl.java:834)
	at org.apache.ratis.thirdparty.io.grpc.internal.ContextRunnable.run(ContextRunnable.java:37)
	at org.apache.ratis.thirdparty.io.grpc.internal.SerializingExecutor.run(SerializingExecutor.java:133)
	at java.base/java.util.concurrent.ThreadPoolExecutor.runWorker(ThreadPoolExecutor.java:1144)
	at java.base/java.util.concurrent.ThreadPoolExecutor$Worker.run(ThreadPoolExecutor.java:642)
	at java.base/java.lang.Thread.run(Thread.java:1583)
2025-09-19 20:45:33,942 [grpc-default-executor-5] WARN  server.GrpcServerProtocolService (LogUtils.java:warn(129)) - 8eb9963e-bce0-4155-aea2-e442cadff8bd: Failed APPEND_ENTRIES request b5a25cc1-46d3-4381-a194-bd68f4526f1c->8eb9963e-bce0-4155-aea2-e442cadff8bd#8-t4,previous=(t:3, i:22),leaderCommit=24,initializing? false,entries: size=2, first=(t:4, i:23), CONFIGURATIONENTRY(current:id:"b5a25cc1-46d3-4381-a194-bd68f4526f1c"address:"127.0.0.1:15031"dataStreamAddress:"127.0.0.1:15032"clientAddress:"127.0.0.1:15029"adminAddress:"127.0.0.1:15030"startupRole:FOLLOWER, id:"0df1231c-9f8a-4757-a7d0-f6d7f53bc482"address:"127.0.0.1:15023"dataStreamAddress:"127.0.0.1:15024"clientAddress:"127.0.0.1:15021"adminAddress:"127.0.0.1:15022"startupRole:FOLLOWER, id:"8eb9963e-bce0-4155-aea2-e442cadff8bd"address:"127.0.0.1:15015"priority:1dataStreamAddress:"127.0.0.1:15016"clientAddress:"127.0.0.1:15013"adminAddress:"127.0.0.1:15014"startupRole:FOLLOWER, old:)
java.util.concurrent.CompletionException: org.apache.ratis.protocol.exceptions.ServerNotReadyException: 8eb9963e-bce0-4155-aea2-e442cadff8bd@group-A751954341BD is not in [STARTING, RUNNING]: current state is CLOSED
	at org.apache.ratis.util.JavaUtils.callAsUnchecked(JavaUtils.java:122)
	at org.apache.ratis.server.impl.RaftServerProxy.lambda$appendEntriesAsync$29(RaftServerProxy.java:651)
	at java.base/java.util.concurrent.CompletableFuture.uniComposeStage(CompletableFuture.java:1187)
	at java.base/java.util.concurrent.CompletableFuture.thenCompose(CompletableFuture.java:2341)
	at org.apache.ratis.server.impl.RaftServerProxy.appendEntriesAsync(RaftServerProxy.java:651)
	at org.apache.ratis.grpc.server.GrpcServerProtocolService$1.process(GrpcServerProtocolService.java:245)
	at org.apache.ratis.grpc.server.GrpcServerProtocolService$1.process(GrpcServerProtocolService.java:242)
	at org.apache.ratis.grpc.server.GrpcServerProtocolService$ServerRequestStreamObserver.onNext(GrpcServerProtocolService.java:150)
	at org.apache.ratis.thirdparty.io.grpc.stub.ServerCalls$StreamingServerCallHandler$StreamingServerCallListener.onMessage(ServerCalls.java:262)
	at org.apache.ratis.thirdparty.io.grpc.internal.ServerCallImpl$ServerStreamListenerImpl.messagesAvailableInternal(ServerCallImpl.java:334)
	at org.apache.ratis.thirdparty.io.grpc.internal.ServerCallImpl$ServerStreamListenerImpl.messagesAvailable(ServerCallImpl.java:319)
	at org.apache.ratis.thirdparty.io.grpc.internal.ServerImpl$JumpToApplicationThreadServerStreamListener$1MessagesAvailable.runInContext(ServerImpl.java:834)
	at org.apache.ratis.thirdparty.io.grpc.internal.ContextRunnable.run(ContextRunnable.java:37)
	at org.apache.ratis.thirdparty.io.grpc.internal.SerializingExecutor.run(SerializingExecutor.java:133)
	at java.base/java.util.concurrent.ThreadPoolExecutor.runWorker(ThreadPoolExecutor.java:1144)
	at java.base/java.util.concurrent.ThreadPoolExecutor$Worker.run(ThreadPoolExecutor.java:642)
	at java.base/java.lang.Thread.run(Thread.java:1583)
Caused by: org.apache.ratis.protocol.exceptions.ServerNotReadyException: 8eb9963e-bce0-4155-aea2-e442cadff8bd@group-A751954341BD is not in [STARTING, RUNNING]: current state is CLOSED
	at org.apache.ratis.server.impl.RaftServerImpl.lambda$assertLifeCycleState$7(RaftServerImpl.java:809)
	at org.apache.ratis.util.LifeCycle.assertCurrentState(LifeCycle.java:260)
	at org.apache.ratis.server.impl.RaftServerImpl.assertLifeCycleState(RaftServerImpl.java:808)
	at org.apache.ratis.server.impl.RaftServerImpl.appendEntriesAsync(RaftServerImpl.java:1486)
	at org.apache.ratis.server.impl.RaftServerProxy.lambda$null$28(RaftServerProxy.java:652)
	at org.apache.ratis.util.JavaUtils.callAsUnchecked(JavaUtils.java:118)
	... 16 more
2025-09-19 20:45:33,945 [grpc-default-executor-5] INFO  leader.LogAppender (LogAppenderBase.java:lambda$getNextIndexForError$0(215)) - Decrease nextIndex to 23
2025-09-19 20:45:33,945 [grpc-default-executor-5] INFO  leader.LogAppender (LogAppenderBase.java:lambda$getNextIndexForError$0(215)) - Decrease nextIndex to 23
2025-09-19 20:45:33,945 [grpc-default-executor-8] ERROR server.RaftServer$Division (RaftServerImpl.java:appendEntriesAsync(1495)) - 8eb9963e-bce0-4155-aea2-e442cadff8bd@group-A751954341BD: Failed appendEntries* b5a25cc1-46d3-4381-a194-bd68f4526f1c->8eb9963e-bce0-4155-aea2-e442cadff8bd#9-t4,previous=<PROTO_DEFAULT>,leaderCommit=0,initializing? false,HEARTBEAT
org.apache.ratis.protocol.exceptions.ServerNotReadyException: 8eb9963e-bce0-4155-aea2-e442cadff8bd@group-A751954341BD is not in [STARTING, RUNNING]: current state is CLOSED
	at org.apache.ratis.server.impl.RaftServerImpl.lambda$assertLifeCycleState$7(RaftServerImpl.java:809)
	at org.apache.ratis.util.LifeCycle.assertCurrentState(LifeCycle.java:260)
	at org.apache.ratis.server.impl.RaftServerImpl.assertLifeCycleState(RaftServerImpl.java:808)
	at org.apache.ratis.server.impl.RaftServerImpl.appendEntriesAsync(RaftServerImpl.java:1486)
	at org.apache.ratis.server.impl.RaftServerProxy.lambda$null$28(RaftServerProxy.java:652)
	at org.apache.ratis.util.JavaUtils.callAsUnchecked(JavaUtils.java:118)
	at org.apache.ratis.server.impl.RaftServerProxy.lambda$appendEntriesAsync$29(RaftServerProxy.java:651)
	at java.base/java.util.concurrent.CompletableFuture.uniComposeStage(CompletableFuture.java:1187)
	at java.base/java.util.concurrent.CompletableFuture.thenCompose(CompletableFuture.java:2341)
	at org.apache.ratis.server.impl.RaftServerProxy.appendEntriesAsync(RaftServerProxy.java:651)
	at org.apache.ratis.grpc.server.GrpcServerProtocolService$1.process(GrpcServerProtocolService.java:245)
	at org.apache.ratis.grpc.server.GrpcServerProtocolService$1.process(GrpcServerProtocolService.java:242)
	at org.apache.ratis.grpc.server.GrpcServerProtocolService$ServerRequestStreamObserver.onNext(GrpcServerProtocolService.java:137)
	at org.apache.ratis.thirdparty.io.grpc.stub.ServerCalls$StreamingServerCallHandler$StreamingServerCallListener.onMessage(ServerCalls.java:262)
	at org.apache.ratis.thirdparty.io.grpc.internal.ServerCallImpl$ServerStreamListenerImpl.messagesAvailableInternal(ServerCallImpl.java:334)
	at org.apache.ratis.thirdparty.io.grpc.internal.ServerCallImpl$ServerStreamListenerImpl.messagesAvailable(ServerCallImpl.java:319)
	at org.apache.ratis.thirdparty.io.grpc.internal.ServerImpl$JumpToApplicationThreadServerStreamListener$1MessagesAvailable.runInContext(ServerImpl.java:834)
	at org.apache.ratis.thirdparty.io.grpc.internal.ContextRunnable.run(ContextRunnable.java:37)
	at org.apache.ratis.thirdparty.io.grpc.internal.SerializingExecutor.run(SerializingExecutor.java:133)
	at java.base/java.util.concurrent.ThreadPoolExecutor.runWorker(ThreadPoolExecutor.java:1144)
	at java.base/java.util.concurrent.ThreadPoolExecutor$Worker.run(ThreadPoolExecutor.java:642)
	at java.base/java.lang.Thread.run(Thread.java:1583)
2025-09-19 20:45:33,945 [grpc-default-executor-5] INFO  leader.FollowerInfo (FollowerInfoImpl.java:info(70)) - b5a25cc1-46d3-4381-a194-bd68f4526f1c@group-A751954341BD->8eb9963e-bce0-4155-aea2-e442cadff8bd: computeNextIndex nextIndex: updateUnconditionally 25 -> 23
2025-09-19 20:45:34,192 [grpc-default-executor-5] ERROR server.RaftServer$Division (RaftServerImpl.java:appendEntriesAsync(1495)) - 8eb9963e-bce0-4155-aea2-e442cadff8bd@group-715EBF8096A7: Failed appendEntries* b5a25cc1-46d3-4381-a194-bd68f4526f1c->8eb9963e-bce0-4155-aea2-e442cadff8bd#31-t7,previous=(t:7, i:16),leaderCommit=16,initializing? false,HEARTBEAT
org.apache.ratis.protocol.exceptions.ServerNotReadyException: 8eb9963e-bce0-4155-aea2-e442cadff8bd@group-715EBF8096A7 is not in [STARTING, RUNNING]: current state is CLOSED
	at org.apache.ratis.server.impl.RaftServerImpl.lambda$assertLifeCycleState$7(RaftServerImpl.java:809)
	at org.apache.ratis.util.LifeCycle.assertCurrentState(LifeCycle.java:260)
	at org.apache.ratis.server.impl.RaftServerImpl.assertLifeCycleState(RaftServerImpl.java:808)
	at org.apache.ratis.server.impl.RaftServerImpl.appendEntriesAsync(RaftServerImpl.java:1486)
	at org.apache.ratis.server.impl.RaftServerProxy.lambda$null$28(RaftServerProxy.java:652)
	at org.apache.ratis.util.JavaUtils.callAsUnchecked(JavaUtils.java:118)
	at org.apache.ratis.server.impl.RaftServerProxy.lambda$appendEntriesAsync$29(RaftServerProxy.java:651)
	at java.base/java.util.concurrent.CompletableFuture.uniComposeStage(CompletableFuture.java:1187)
	at java.base/java.util.concurrent.CompletableFuture.thenCompose(CompletableFuture.java:2341)
	at org.apache.ratis.server.impl.RaftServerProxy.appendEntriesAsync(RaftServerProxy.java:651)
	at org.apache.ratis.grpc.server.GrpcServerProtocolService$1.process(GrpcServerProtocolService.java:245)
	at org.apache.ratis.grpc.server.GrpcServerProtocolService$1.process(GrpcServerProtocolService.java:242)
	at org.apache.ratis.grpc.server.GrpcServerProtocolService$ServerRequestStreamObserver.onNext(GrpcServerProtocolService.java:137)
	at org.apache.ratis.thirdparty.io.grpc.stub.ServerCalls$StreamingServerCallHandler$StreamingServerCallListener.onMessage(ServerCalls.java:262)
	at org.apache.ratis.thirdparty.io.grpc.internal.ServerCallImpl$ServerStreamListenerImpl.messagesAvailableInternal(ServerCallImpl.java:334)
	at org.apache.ratis.thirdparty.io.grpc.internal.ServerCallImpl$ServerStreamListenerImpl.messagesAvailable(ServerCallImpl.java:319)
	at org.apache.ratis.thirdparty.io.grpc.internal.ServerImpl$JumpToApplicationThreadServerStreamListener$1MessagesAvailable.runInContext(ServerImpl.java:834)
	at org.apache.ratis.thirdparty.io.grpc.internal.ContextRunnable.run(ContextRunnable.java:37)
	at org.apache.ratis.thirdparty.io.grpc.internal.SerializingExecutor.run(SerializingExecutor.java:133)
	at java.base/java.util.concurrent.ThreadPoolExecutor.runWorker(ThreadPoolExecutor.java:1144)
	at java.base/java.util.concurrent.ThreadPoolExecutor$Worker.run(ThreadPoolExecutor.java:642)
	at java.base/java.lang.Thread.run(Thread.java:1583)
2025-09-19 20:45:34,195 [grpc-default-executor-5] ERROR server.RaftServer$Division (RaftServerImpl.java:appendEntriesAsync(1495)) - 8eb9963e-bce0-4155-aea2-e442cadff8bd@group-A751954341BD: Failed appendEntries* b5a25cc1-46d3-4381-a194-bd68f4526f1c->8eb9963e-bce0-4155-aea2-e442cadff8bd#10-t4,previous=(t:3, i:22),leaderCommit=22,initializing? false,HEARTBEAT
org.apache.ratis.protocol.exceptions.ServerNotReadyException: 8eb9963e-bce0-4155-aea2-e442cadff8bd@group-A751954341BD is not in [STARTING, RUNNING]: current state is CLOSED
	at org.apache.ratis.server.impl.RaftServerImpl.lambda$assertLifeCycleState$7(RaftServerImpl.java:809)
	at org.apache.ratis.util.LifeCycle.assertCurrentState(LifeCycle.java:260)
	at org.apache.ratis.server.impl.RaftServerImpl.assertLifeCycleState(RaftServerImpl.java:808)
	at org.apache.ratis.server.impl.RaftServerImpl.appendEntriesAsync(RaftServerImpl.java:1486)
	at org.apache.ratis.server.impl.RaftServerProxy.lambda$null$28(RaftServerProxy.java:652)
	at org.apache.ratis.util.JavaUtils.callAsUnchecked(JavaUtils.java:118)
	at org.apache.ratis.server.impl.RaftServerProxy.lambda$appendEntriesAsync$29(RaftServerProxy.java:651)
	at java.base/java.util.concurrent.CompletableFuture.uniComposeStage(CompletableFuture.java:1187)
	at java.base/java.util.concurrent.CompletableFuture.thenCompose(CompletableFuture.java:2341)
	at org.apache.ratis.server.impl.RaftServerProxy.appendEntriesAsync(RaftServerProxy.java:651)
	at org.apache.ratis.grpc.server.GrpcServerProtocolService$1.process(GrpcServerProtocolService.java:245)
	at org.apache.ratis.grpc.server.GrpcServerProtocolService$1.process(GrpcServerProtocolService.java:242)
	at org.apache.ratis.grpc.server.GrpcServerProtocolService$ServerRequestStreamObserver.onNext(GrpcServerProtocolService.java:137)
	at org.apache.ratis.thirdparty.io.grpc.stub.ServerCalls$StreamingServerCallHandler$StreamingServerCallListener.onMessage(ServerCalls.java:262)
	at org.apache.ratis.thirdparty.io.grpc.internal.ServerCallImpl$ServerStreamListenerImpl.messagesAvailableInternal(ServerCallImpl.java:334)
	at org.apache.ratis.thirdparty.io.grpc.internal.ServerCallImpl$ServerStreamListenerImpl.messagesAvailable(ServerCallImpl.java:319)
	at org.apache.ratis.thirdparty.io.grpc.internal.ServerImpl$JumpToApplicationThreadServerStreamListener$1MessagesAvailable.runInContext(ServerImpl.java:834)
	at org.apache.ratis.thirdparty.io.grpc.internal.ContextRunnable.run(ContextRunnable.java:37)
	at org.apache.ratis.thirdparty.io.grpc.internal.SerializingExecutor.run(SerializingExecutor.java:133)
	at java.base/java.util.concurrent.ThreadPoolExecutor.runWorker(ThreadPoolExecutor.java:1144)
	at java.base/java.util.concurrent.ThreadPoolExecutor$Worker.run(ThreadPoolExecutor.java:642)
	at java.base/java.lang.Thread.run(Thread.java:1583)
2025-09-19 20:45:34,196 [grpc-default-executor-8] ERROR server.RaftServer$Division (RaftServerImpl.java:appendEntriesAsync(1495)) - 8eb9963e-bce0-4155-aea2-e442cadff8bd@group-A751954341BD: Failed appendEntries* b5a25cc1-46d3-4381-a194-bd68f4526f1c->8eb9963e-bce0-4155-aea2-e442cadff8bd#11-t4,previous=(t:3, i:22),leaderCommit=24,initializing? false,entries: size=2, first=(t:4, i:23), CONFIGURATIONENTRY(current:id:"b5a25cc1-46d3-4381-a194-bd68f4526f1c"address:"127.0.0.1:15031"dataStreamAddress:"127.0.0.1:15032"clientAddress:"127.0.0.1:15029"adminAddress:"127.0.0.1:15030"startupRole:FOLLOWER, id:"0df1231c-9f8a-4757-a7d0-f6d7f53bc482"address:"127.0.0.1:15023"dataStreamAddress:"127.0.0.1:15024"clientAddress:"127.0.0.1:15021"adminAddress:"127.0.0.1:15022"startupRole:FOLLOWER, id:"8eb9963e-bce0-4155-aea2-e442cadff8bd"address:"127.0.0.1:15015"priority:1dataStreamAddress:"127.0.0.1:15016"clientAddress:"127.0.0.1:15013"adminAddress:"127.0.0.1:15014"startupRole:FOLLOWER, old:)
org.apache.ratis.protocol.exceptions.ServerNotReadyException: 8eb9963e-bce0-4155-aea2-e442cadff8bd@group-A751954341BD is not in [STARTING, RUNNING]: current state is CLOSED
	at org.apache.ratis.server.impl.RaftServerImpl.lambda$assertLifeCycleState$7(RaftServerImpl.java:809)
	at org.apache.ratis.util.LifeCycle.assertCurrentState(LifeCycle.java:260)
	at org.apache.ratis.server.impl.RaftServerImpl.assertLifeCycleState(RaftServerImpl.java:808)
	at org.apache.ratis.server.impl.RaftServerImpl.appendEntriesAsync(RaftServerImpl.java:1486)
	at org.apache.ratis.server.impl.RaftServerProxy.lambda$null$28(RaftServerProxy.java:652)
	at org.apache.ratis.util.JavaUtils.callAsUnchecked(JavaUtils.java:118)
	at org.apache.ratis.server.impl.RaftServerProxy.lambda$appendEntriesAsync$29(RaftServerProxy.java:651)
	at java.base/java.util.concurrent.CompletableFuture.uniComposeStage(CompletableFuture.java:1187)
	at java.base/java.util.concurrent.CompletableFuture.thenCompose(CompletableFuture.java:2341)
	at org.apache.ratis.server.impl.RaftServerProxy.appendEntriesAsync(RaftServerProxy.java:651)
	at org.apache.ratis.grpc.server.GrpcServerProtocolService$1.process(GrpcServerProtocolService.java:245)
	at org.apache.ratis.grpc.server.GrpcServerProtocolService$1.process(GrpcServerProtocolService.java:242)
	at org.apache.ratis.grpc.server.GrpcServerProtocolService$ServerRequestStreamObserver.onNext(GrpcServerProtocolService.java:150)
	at org.apache.ratis.thirdparty.io.grpc.stub.ServerCalls$StreamingServerCallHandler$StreamingServerCallListener.onMessage(ServerCalls.java:262)
	at org.apache.ratis.thirdparty.io.grpc.internal.ServerCallImpl$ServerStreamListenerImpl.messagesAvailableInternal(ServerCallImpl.java:334)
	at org.apache.ratis.thirdparty.io.grpc.internal.ServerCallImpl$ServerStreamListenerImpl.messagesAvailable(ServerCallImpl.java:319)
	at org.apache.ratis.thirdparty.io.grpc.internal.ServerImpl$JumpToApplicationThreadServerStreamListener$1MessagesAvailable.runInContext(ServerImpl.java:834)
	at org.apache.ratis.thirdparty.io.grpc.internal.ContextRunnable.run(ContextRunnable.java:37)
	at org.apache.ratis.thirdparty.io.grpc.internal.SerializingExecutor.run(SerializingExecutor.java:133)
	at java.base/java.util.concurrent.ThreadPoolExecutor.runWorker(ThreadPoolExecutor.java:1144)
	at java.base/java.util.concurrent.ThreadPoolExecutor$Worker.run(ThreadPoolExecutor.java:642)
	at java.base/java.lang.Thread.run(Thread.java:1583)
2025-09-19 20:45:34,196 [grpc-default-executor-8] WARN  server.GrpcServerProtocolService (LogUtils.java:warn(129)) - 8eb9963e-bce0-4155-aea2-e442cadff8bd: Failed APPEND_ENTRIES request b5a25cc1-46d3-4381-a194-bd68f4526f1c->8eb9963e-bce0-4155-aea2-e442cadff8bd#11-t4,previous=(t:3, i:22),leaderCommit=24,initializing? false,entries: size=2, first=(t:4, i:23), CONFIGURATIONENTRY(current:id:"b5a25cc1-46d3-4381-a194-bd68f4526f1c"address:"127.0.0.1:15031"dataStreamAddress:"127.0.0.1:15032"clientAddress:"127.0.0.1:15029"adminAddress:"127.0.0.1:15030"startupRole:FOLLOWER, id:"0df1231c-9f8a-4757-a7d0-f6d7f53bc482"address:"127.0.0.1:15023"dataStreamAddress:"127.0.0.1:15024"clientAddress:"127.0.0.1:15021"adminAddress:"127.0.0.1:15022"startupRole:FOLLOWER, id:"8eb9963e-bce0-4155-aea2-e442cadff8bd"address:"127.0.0.1:15015"priority:1dataStreamAddress:"127.0.0.1:15016"clientAddress:"127.0.0.1:15013"adminAddress:"127.0.0.1:15014"startupRole:FOLLOWER, old:)
java.util.concurrent.CompletionException: org.apache.ratis.protocol.exceptions.ServerNotReadyException: 8eb9963e-bce0-4155-aea2-e442cadff8bd@group-A751954341BD is not in [STARTING, RUNNING]: current state is CLOSED
	at org.apache.ratis.util.JavaUtils.callAsUnchecked(JavaUtils.java:122)
	at org.apache.ratis.server.impl.RaftServerProxy.lambda$appendEntriesAsync$29(RaftServerProxy.java:651)
	at java.base/java.util.concurrent.CompletableFuture.uniComposeStage(CompletableFuture.java:1187)
	at java.base/java.util.concurrent.CompletableFuture.thenCompose(CompletableFuture.java:2341)
	at org.apache.ratis.server.impl.RaftServerProxy.appendEntriesAsync(RaftServerProxy.java:651)
	at org.apache.ratis.grpc.server.GrpcServerProtocolService$1.process(GrpcServerProtocolService.java:245)
	at org.apache.ratis.grpc.server.GrpcServerProtocolService$1.process(GrpcServerProtocolService.java:242)
	at org.apache.ratis.grpc.server.GrpcServerProtocolService$ServerRequestStreamObserver.onNext(GrpcServerProtocolService.java:150)
	at org.apache.ratis.thirdparty.io.grpc.stub.ServerCalls$StreamingServerCallHandler$StreamingServerCallListener.onMessage(ServerCalls.java:262)
	at org.apache.ratis.thirdparty.io.grpc.internal.ServerCallImpl$ServerStreamListenerImpl.messagesAvailableInternal(ServerCallImpl.java:334)
	at org.apache.ratis.thirdparty.io.grpc.internal.ServerCallImpl$ServerStreamListenerImpl.messagesAvailable(ServerCallImpl.java:319)
	at org.apache.ratis.thirdparty.io.grpc.internal.ServerImpl$JumpToApplicationThreadServerStreamListener$1MessagesAvailable.runInContext(ServerImpl.java:834)
	at org.apache.ratis.thirdparty.io.grpc.internal.ContextRunnable.run(ContextRunnable.java:37)
	at org.apache.ratis.thirdparty.io.grpc.internal.SerializingExecutor.run(SerializingExecutor.java:133)
	at java.base/java.util.concurrent.ThreadPoolExecutor.runWorker(ThreadPoolExecutor.java:1144)
	at java.base/java.util.concurrent.ThreadPoolExecutor$Worker.run(ThreadPoolExecutor.java:642)
	at java.base/java.lang.Thread.run(Thread.java:1583)
Caused by: org.apache.ratis.protocol.exceptions.ServerNotReadyException: 8eb9963e-bce0-4155-aea2-e442cadff8bd@group-A751954341BD is not in [STARTING, RUNNING]: current state is CLOSED
	at org.apache.ratis.server.impl.RaftServerImpl.lambda$assertLifeCycleState$7(RaftServerImpl.java:809)
	at org.apache.ratis.util.LifeCycle.assertCurrentState(LifeCycle.java:260)
	at org.apache.ratis.server.impl.RaftServerImpl.assertLifeCycleState(RaftServerImpl.java:808)
	at org.apache.ratis.server.impl.RaftServerImpl.appendEntriesAsync(RaftServerImpl.java:1486)
	at org.apache.ratis.server.impl.RaftServerProxy.lambda$null$28(RaftServerProxy.java:652)
	at org.apache.ratis.util.JavaUtils.callAsUnchecked(JavaUtils.java:118)
	... 16 more
2025-09-19 20:45:34,198 [grpc-default-executor-8] INFO  leader.LogAppender (LogAppenderBase.java:lambda$getNextIndexForError$0(215)) - Decrease nextIndex to 23
2025-09-19 20:45:34,198 [grpc-default-executor-8] INFO  leader.LogAppender (LogAppenderBase.java:lambda$getNextIndexForError$0(215)) - Decrease nextIndex to 23
2025-09-19 20:45:34,198 [grpc-default-executor-8] INFO  leader.FollowerInfo (FollowerInfoImpl.java:info(70)) - b5a25cc1-46d3-4381-a194-bd68f4526f1c@group-A751954341BD->8eb9963e-bce0-4155-aea2-e442cadff8bd: computeNextIndex nextIndex: updateUnconditionally 25 -> 23
2025-09-19 20:45:34,442 [grpc-default-executor-8] ERROR server.RaftServer$Division (RaftServerImpl.java:appendEntriesAsync(1495)) - 8eb9963e-bce0-4155-aea2-e442cadff8bd@group-715EBF8096A7: Failed appendEntries* b5a25cc1-46d3-4381-a194-bd68f4526f1c->8eb9963e-bce0-4155-aea2-e442cadff8bd#32-t7,previous=(t:7, i:16),leaderCommit=16,initializing? false,HEARTBEAT
org.apache.ratis.protocol.exceptions.ServerNotReadyException: 8eb9963e-bce0-4155-aea2-e442cadff8bd@group-715EBF8096A7 is not in [STARTING, RUNNING]: current state is CLOSED
	at org.apache.ratis.server.impl.RaftServerImpl.lambda$assertLifeCycleState$7(RaftServerImpl.java:809)
	at org.apache.ratis.util.LifeCycle.assertCurrentState(LifeCycle.java:260)
	at org.apache.ratis.server.impl.RaftServerImpl.assertLifeCycleState(RaftServerImpl.java:808)
	at org.apache.ratis.server.impl.RaftServerImpl.appendEntriesAsync(RaftServerImpl.java:1486)
	at org.apache.ratis.server.impl.RaftServerProxy.lambda$null$28(RaftServerProxy.java:652)
	at org.apache.ratis.util.JavaUtils.callAsUnchecked(JavaUtils.java:118)
	at org.apache.ratis.server.impl.RaftServerProxy.lambda$appendEntriesAsync$29(RaftServerProxy.java:651)
	at java.base/java.util.concurrent.CompletableFuture.uniComposeStage(CompletableFuture.java:1187)
	at java.base/java.util.concurrent.CompletableFuture.thenCompose(CompletableFuture.java:2341)
	at org.apache.ratis.server.impl.RaftServerProxy.appendEntriesAsync(RaftServerProxy.java:651)
	at org.apache.ratis.grpc.server.GrpcServerProtocolService$1.process(GrpcServerProtocolService.java:245)
	at org.apache.ratis.grpc.server.GrpcServerProtocolService$1.process(GrpcServerProtocolService.java:242)
	at org.apache.ratis.grpc.server.GrpcServerProtocolService$ServerRequestStreamObserver.onNext(GrpcServerProtocolService.java:137)
	at org.apache.ratis.thirdparty.io.grpc.stub.ServerCalls$StreamingServerCallHandler$StreamingServerCallListener.onMessage(ServerCalls.java:262)
	at org.apache.ratis.thirdparty.io.grpc.internal.ServerCallImpl$ServerStreamListenerImpl.messagesAvailableInternal(ServerCallImpl.java:334)
	at org.apache.ratis.thirdparty.io.grpc.internal.ServerCallImpl$ServerStreamListenerImpl.messagesAvailable(ServerCallImpl.java:319)
	at org.apache.ratis.thirdparty.io.grpc.internal.ServerImpl$JumpToApplicationThreadServerStreamListener$1MessagesAvailable.runInContext(ServerImpl.java:834)
	at org.apache.ratis.thirdparty.io.grpc.internal.ContextRunnable.run(ContextRunnable.java:37)
	at org.apache.ratis.thirdparty.io.grpc.internal.SerializingExecutor.run(SerializingExecutor.java:133)
	at java.base/java.util.concurrent.ThreadPoolExecutor.runWorker(ThreadPoolExecutor.java:1144)
	at java.base/java.util.concurrent.ThreadPoolExecutor$Worker.run(ThreadPoolExecutor.java:642)
	at java.base/java.lang.Thread.run(Thread.java:1583)
2025-09-19 20:45:34,447 [grpc-default-executor-5] ERROR server.RaftServer$Division (RaftServerImpl.java:appendEntriesAsync(1495)) - 8eb9963e-bce0-4155-aea2-e442cadff8bd@group-A751954341BD: Failed appendEntries* b5a25cc1-46d3-4381-a194-bd68f4526f1c->8eb9963e-bce0-4155-aea2-e442cadff8bd#12-t4,previous=(t:3, i:22),leaderCommit=22,initializing? false,HEARTBEAT
org.apache.ratis.protocol.exceptions.ServerNotReadyException: 8eb9963e-bce0-4155-aea2-e442cadff8bd@group-A751954341BD is not in [STARTING, RUNNING]: current state is CLOSED
	at org.apache.ratis.server.impl.RaftServerImpl.lambda$assertLifeCycleState$7(RaftServerImpl.java:809)
	at org.apache.ratis.util.LifeCycle.assertCurrentState(LifeCycle.java:260)
	at org.apache.ratis.server.impl.RaftServerImpl.assertLifeCycleState(RaftServerImpl.java:808)
	at org.apache.ratis.server.impl.RaftServerImpl.appendEntriesAsync(RaftServerImpl.java:1486)
	at org.apache.ratis.server.impl.RaftServerProxy.lambda$null$28(RaftServerProxy.java:652)
	at org.apache.ratis.util.JavaUtils.callAsUnchecked(JavaUtils.java:118)
	at org.apache.ratis.server.impl.RaftServerProxy.lambda$appendEntriesAsync$29(RaftServerProxy.java:651)
	at java.base/java.util.concurrent.CompletableFuture.uniComposeStage(CompletableFuture.java:1187)
	at java.base/java.util.concurrent.CompletableFuture.thenCompose(CompletableFuture.java:2341)
	at org.apache.ratis.server.impl.RaftServerProxy.appendEntriesAsync(RaftServerProxy.java:651)
	at org.apache.ratis.grpc.server.GrpcServerProtocolService$1.process(GrpcServerProtocolService.java:245)
	at org.apache.ratis.grpc.server.GrpcServerProtocolService$1.process(GrpcServerProtocolService.java:242)
	at org.apache.ratis.grpc.server.GrpcServerProtocolService$ServerRequestStreamObserver.onNext(GrpcServerProtocolService.java:137)
	at org.apache.ratis.thirdparty.io.grpc.stub.ServerCalls$StreamingServerCallHandler$StreamingServerCallListener.onMessage(ServerCalls.java:262)
	at org.apache.ratis.thirdparty.io.grpc.internal.ServerCallImpl$ServerStreamListenerImpl.messagesAvailableInternal(ServerCallImpl.java:334)
	at org.apache.ratis.thirdparty.io.grpc.internal.ServerCallImpl$ServerStreamListenerImpl.messagesAvailable(ServerCallImpl.java:319)
	at org.apache.ratis.thirdparty.io.grpc.internal.ServerImpl$JumpToApplicationThreadServerStreamListener$1MessagesAvailable.runInContext(ServerImpl.java:834)
	at org.apache.ratis.thirdparty.io.grpc.internal.ContextRunnable.run(ContextRunnable.java:37)
	at org.apache.ratis.thirdparty.io.grpc.internal.SerializingExecutor.run(SerializingExecutor.java:133)
	at java.base/java.util.concurrent.ThreadPoolExecutor.runWorker(ThreadPoolExecutor.java:1144)
	at java.base/java.util.concurrent.ThreadPoolExecutor$Worker.run(ThreadPoolExecutor.java:642)
	at java.base/java.lang.Thread.run(Thread.java:1583)
2025-09-19 20:45:34,448 [grpc-default-executor-5] ERROR server.RaftServer$Division (RaftServerImpl.java:appendEntriesAsync(1495)) - 8eb9963e-bce0-4155-aea2-e442cadff8bd@group-A751954341BD: Failed appendEntries* b5a25cc1-46d3-4381-a194-bd68f4526f1c->8eb9963e-bce0-4155-aea2-e442cadff8bd#13-t4,previous=(t:3, i:22),leaderCommit=24,initializing? false,entries: size=2, first=(t:4, i:23), CONFIGURATIONENTRY(current:id:"b5a25cc1-46d3-4381-a194-bd68f4526f1c"address:"127.0.0.1:15031"dataStreamAddress:"127.0.0.1:15032"clientAddress:"127.0.0.1:15029"adminAddress:"127.0.0.1:15030"startupRole:FOLLOWER, id:"0df1231c-9f8a-4757-a7d0-f6d7f53bc482"address:"127.0.0.1:15023"dataStreamAddress:"127.0.0.1:15024"clientAddress:"127.0.0.1:15021"adminAddress:"127.0.0.1:15022"startupRole:FOLLOWER, id:"8eb9963e-bce0-4155-aea2-e442cadff8bd"address:"127.0.0.1:15015"priority:1dataStreamAddress:"127.0.0.1:15016"clientAddress:"127.0.0.1:15013"adminAddress:"127.0.0.1:15014"startupRole:FOLLOWER, old:)
org.apache.ratis.protocol.exceptions.ServerNotReadyException: 8eb9963e-bce0-4155-aea2-e442cadff8bd@group-A751954341BD is not in [STARTING, RUNNING]: current state is CLOSED
	at org.apache.ratis.server.impl.RaftServerImpl.lambda$assertLifeCycleState$7(RaftServerImpl.java:809)
	at org.apache.ratis.util.LifeCycle.assertCurrentState(LifeCycle.java:260)
	at org.apache.ratis.server.impl.RaftServerImpl.assertLifeCycleState(RaftServerImpl.java:808)
	at org.apache.ratis.server.impl.RaftServerImpl.appendEntriesAsync(RaftServerImpl.java:1486)
	at org.apache.ratis.server.impl.RaftServerProxy.lambda$null$28(RaftServerProxy.java:652)
	at org.apache.ratis.util.JavaUtils.callAsUnchecked(JavaUtils.java:118)
	at org.apache.ratis.server.impl.RaftServerProxy.lambda$appendEntriesAsync$29(RaftServerProxy.java:651)
	at java.base/java.util.concurrent.CompletableFuture.uniComposeStage(CompletableFuture.java:1187)
	at java.base/java.util.concurrent.CompletableFuture.thenCompose(CompletableFuture.java:2341)
	at org.apache.ratis.server.impl.RaftServerProxy.appendEntriesAsync(RaftServerProxy.java:651)
	at org.apache.ratis.grpc.server.GrpcServerProtocolService$1.process(GrpcServerProtocolService.java:245)
	at org.apache.ratis.grpc.server.GrpcServerProtocolService$1.process(GrpcServerProtocolService.java:242)
	at org.apache.ratis.grpc.server.GrpcServerProtocolService$ServerRequestStreamObserver.onNext(GrpcServerProtocolService.java:150)
	at org.apache.ratis.thirdparty.io.grpc.stub.ServerCalls$StreamingServerCallHandler$StreamingServerCallListener.onMessage(ServerCalls.java:262)
	at org.apache.ratis.thirdparty.io.grpc.internal.ServerCallImpl$ServerStreamListenerImpl.messagesAvailableInternal(ServerCallImpl.java:334)
	at org.apache.ratis.thirdparty.io.grpc.internal.ServerCallImpl$ServerStreamListenerImpl.messagesAvailable(ServerCallImpl.java:319)
	at org.apache.ratis.thirdparty.io.grpc.internal.ServerImpl$JumpToApplicationThreadServerStreamListener$1MessagesAvailable.runInContext(ServerImpl.java:834)
	at org.apache.ratis.thirdparty.io.grpc.internal.ContextRunnable.run(ContextRunnable.java:37)
	at org.apache.ratis.thirdparty.io.grpc.internal.SerializingExecutor.run(SerializingExecutor.java:133)
	at java.base/java.util.concurrent.ThreadPoolExecutor.runWorker(ThreadPoolExecutor.java:1144)
	at java.base/java.util.concurrent.ThreadPoolExecutor$Worker.run(ThreadPoolExecutor.java:642)
	at java.base/java.lang.Thread.run(Thread.java:1583)
2025-09-19 20:45:34,448 [grpc-default-executor-5] WARN  server.GrpcServerProtocolService (LogUtils.java:warn(129)) - 8eb9963e-bce0-4155-aea2-e442cadff8bd: Failed APPEND_ENTRIES request b5a25cc1-46d3-4381-a194-bd68f4526f1c->8eb9963e-bce0-4155-aea2-e442cadff8bd#13-t4,previous=(t:3, i:22),leaderCommit=24,initializing? false,entries: size=2, first=(t:4, i:23), CONFIGURATIONENTRY(current:id:"b5a25cc1-46d3-4381-a194-bd68f4526f1c"address:"127.0.0.1:15031"dataStreamAddress:"127.0.0.1:15032"clientAddress:"127.0.0.1:15029"adminAddress:"127.0.0.1:15030"startupRole:FOLLOWER, id:"0df1231c-9f8a-4757-a7d0-f6d7f53bc482"address:"127.0.0.1:15023"dataStreamAddress:"127.0.0.1:15024"clientAddress:"127.0.0.1:15021"adminAddress:"127.0.0.1:15022"startupRole:FOLLOWER, id:"8eb9963e-bce0-4155-aea2-e442cadff8bd"address:"127.0.0.1:15015"priority:1dataStreamAddress:"127.0.0.1:15016"clientAddress:"127.0.0.1:15013"adminAddress:"127.0.0.1:15014"startupRole:FOLLOWER, old:)
java.util.concurrent.CompletionException: org.apache.ratis.protocol.exceptions.ServerNotReadyException: 8eb9963e-bce0-4155-aea2-e442cadff8bd@group-A751954341BD is not in [STARTING, RUNNING]: current state is CLOSED
	at org.apache.ratis.util.JavaUtils.callAsUnchecked(JavaUtils.java:122)
	at org.apache.ratis.server.impl.RaftServerProxy.lambda$appendEntriesAsync$29(RaftServerProxy.java:651)
	at java.base/java.util.concurrent.CompletableFuture.uniComposeStage(CompletableFuture.java:1187)
	at java.base/java.util.concurrent.CompletableFuture.thenCompose(CompletableFuture.java:2341)
	at org.apache.ratis.server.impl.RaftServerProxy.appendEntriesAsync(RaftServerProxy.java:651)
	at org.apache.ratis.grpc.server.GrpcServerProtocolService$1.process(GrpcServerProtocolService.java:245)
	at org.apache.ratis.grpc.server.GrpcServerProtocolService$1.process(GrpcServerProtocolService.java:242)
	at org.apache.ratis.grpc.server.GrpcServerProtocolService$ServerRequestStreamObserver.onNext(GrpcServerProtocolService.java:150)
	at org.apache.ratis.thirdparty.io.grpc.stub.ServerCalls$StreamingServerCallHandler$StreamingServerCallListener.onMessage(ServerCalls.java:262)
	at org.apache.ratis.thirdparty.io.grpc.internal.ServerCallImpl$ServerStreamListenerImpl.messagesAvailableInternal(ServerCallImpl.java:334)
	at org.apache.ratis.thirdparty.io.grpc.internal.ServerCallImpl$ServerStreamListenerImpl.messagesAvailable(ServerCallImpl.java:319)
	at org.apache.ratis.thirdparty.io.grpc.internal.ServerImpl$JumpToApplicationThreadServerStreamListener$1MessagesAvailable.runInContext(ServerImpl.java:834)
	at org.apache.ratis.thirdparty.io.grpc.internal.ContextRunnable.run(ContextRunnable.java:37)
	at org.apache.ratis.thirdparty.io.grpc.internal.SerializingExecutor.run(SerializingExecutor.java:133)
	at java.base/java.util.concurrent.ThreadPoolExecutor.runWorker(ThreadPoolExecutor.java:1144)
	at java.base/java.util.concurrent.ThreadPoolExecutor$Worker.run(ThreadPoolExecutor.java:642)
	at java.base/java.lang.Thread.run(Thread.java:1583)
Caused by: org.apache.ratis.protocol.exceptions.ServerNotReadyException: 8eb9963e-bce0-4155-aea2-e442cadff8bd@group-A751954341BD is not in [STARTING, RUNNING]: current state is CLOSED
	at org.apache.ratis.server.impl.RaftServerImpl.lambda$assertLifeCycleState$7(RaftServerImpl.java:809)
	at org.apache.ratis.util.LifeCycle.assertCurrentState(LifeCycle.java:260)
	at org.apache.ratis.server.impl.RaftServerImpl.assertLifeCycleState(RaftServerImpl.java:808)
	at org.apache.ratis.server.impl.RaftServerImpl.appendEntriesAsync(RaftServerImpl.java:1486)
	at org.apache.ratis.server.impl.RaftServerProxy.lambda$null$28(RaftServerProxy.java:652)
	at org.apache.ratis.util.JavaUtils.callAsUnchecked(JavaUtils.java:118)
	... 16 more
2025-09-19 20:45:34,450 [grpc-default-executor-5] INFO  leader.LogAppender (LogAppenderBase.java:lambda$getNextIndexForError$0(215)) - Decrease nextIndex to 23
2025-09-19 20:45:34,450 [grpc-default-executor-5] INFO  leader.LogAppender (LogAppenderBase.java:lambda$getNextIndexForError$0(215)) - Decrease nextIndex to 23
2025-09-19 20:45:34,450 [grpc-default-executor-5] INFO  leader.FollowerInfo (FollowerInfoImpl.java:info(70)) - b5a25cc1-46d3-4381-a194-bd68f4526f1c@group-A751954341BD->8eb9963e-bce0-4155-aea2-e442cadff8bd: computeNextIndex nextIndex: updateUnconditionally 25 -> 23
2025-09-19 20:45:34,692 [grpc-default-executor-5] ERROR server.RaftServer$Division (RaftServerImpl.java:appendEntriesAsync(1495)) - 8eb9963e-bce0-4155-aea2-e442cadff8bd@group-715EBF8096A7: Failed appendEntries* b5a25cc1-46d3-4381-a194-bd68f4526f1c->8eb9963e-bce0-4155-aea2-e442cadff8bd#33-t7,previous=(t:7, i:16),leaderCommit=16,initializing? false,HEARTBEAT
org.apache.ratis.protocol.exceptions.ServerNotReadyException: 8eb9963e-bce0-4155-aea2-e442cadff8bd@group-715EBF8096A7 is not in [STARTING, RUNNING]: current state is CLOSED
	at org.apache.ratis.server.impl.RaftServerImpl.lambda$assertLifeCycleState$7(RaftServerImpl.java:809)
	at org.apache.ratis.util.LifeCycle.assertCurrentState(LifeCycle.java:260)
	at org.apache.ratis.server.impl.RaftServerImpl.assertLifeCycleState(RaftServerImpl.java:808)
	at org.apache.ratis.server.impl.RaftServerImpl.appendEntriesAsync(RaftServerImpl.java:1486)
	at org.apache.ratis.server.impl.RaftServerProxy.lambda$null$28(RaftServerProxy.java:652)
	at org.apache.ratis.util.JavaUtils.callAsUnchecked(JavaUtils.java:118)
	at org.apache.ratis.server.impl.RaftServerProxy.lambda$appendEntriesAsync$29(RaftServerProxy.java:651)
	at java.base/java.util.concurrent.CompletableFuture.uniComposeStage(CompletableFuture.java:1187)
	at java.base/java.util.concurrent.CompletableFuture.thenCompose(CompletableFuture.java:2341)
	at org.apache.ratis.server.impl.RaftServerProxy.appendEntriesAsync(RaftServerProxy.java:651)
	at org.apache.ratis.grpc.server.GrpcServerProtocolService$1.process(GrpcServerProtocolService.java:245)
	at org.apache.ratis.grpc.server.GrpcServerProtocolService$1.process(GrpcServerProtocolService.java:242)
	at org.apache.ratis.grpc.server.GrpcServerProtocolService$ServerRequestStreamObserver.onNext(GrpcServerProtocolService.java:137)
	at org.apache.ratis.thirdparty.io.grpc.stub.ServerCalls$StreamingServerCallHandler$StreamingServerCallListener.onMessage(ServerCalls.java:262)
	at org.apache.ratis.thirdparty.io.grpc.internal.ServerCallImpl$ServerStreamListenerImpl.messagesAvailableInternal(ServerCallImpl.java:334)
	at org.apache.ratis.thirdparty.io.grpc.internal.ServerCallImpl$ServerStreamListenerImpl.messagesAvailable(ServerCallImpl.java:319)
	at org.apache.ratis.thirdparty.io.grpc.internal.ServerImpl$JumpToApplicationThreadServerStreamListener$1MessagesAvailable.runInContext(ServerImpl.java:834)
	at org.apache.ratis.thirdparty.io.grpc.internal.ContextRunnable.run(ContextRunnable.java:37)
	at org.apache.ratis.thirdparty.io.grpc.internal.SerializingExecutor.run(SerializingExecutor.java:133)
	at java.base/java.util.concurrent.ThreadPoolExecutor.runWorker(ThreadPoolExecutor.java:1144)
	at java.base/java.util.concurrent.ThreadPoolExecutor$Worker.run(ThreadPoolExecutor.java:642)
	at java.base/java.lang.Thread.run(Thread.java:1583)
2025-09-19 20:45:34,698 [grpc-default-executor-5] ERROR server.RaftServer$Division (RaftServerImpl.java:appendEntriesAsync(1495)) - 8eb9963e-bce0-4155-aea2-e442cadff8bd@group-A751954341BD: Failed appendEntries* b5a25cc1-46d3-4381-a194-bd68f4526f1c->8eb9963e-bce0-4155-aea2-e442cadff8bd#14-t4,previous=(t:3, i:22),leaderCommit=22,initializing? false,HEARTBEAT
org.apache.ratis.protocol.exceptions.ServerNotReadyException: 8eb9963e-bce0-4155-aea2-e442cadff8bd@group-A751954341BD is not in [STARTING, RUNNING]: current state is CLOSED
	at org.apache.ratis.server.impl.RaftServerImpl.lambda$assertLifeCycleState$7(RaftServerImpl.java:809)
	at org.apache.ratis.util.LifeCycle.assertCurrentState(LifeCycle.java:260)
	at org.apache.ratis.server.impl.RaftServerImpl.assertLifeCycleState(RaftServerImpl.java:808)
	at org.apache.ratis.server.impl.RaftServerImpl.appendEntriesAsync(RaftServerImpl.java:1486)
	at org.apache.ratis.server.impl.RaftServerProxy.lambda$null$28(RaftServerProxy.java:652)
	at org.apache.ratis.util.JavaUtils.callAsUnchecked(JavaUtils.java:118)
	at org.apache.ratis.server.impl.RaftServerProxy.lambda$appendEntriesAsync$29(RaftServerProxy.java:651)
	at java.base/java.util.concurrent.CompletableFuture.uniComposeStage(CompletableFuture.java:1187)
	at java.base/java.util.concurrent.CompletableFuture.thenCompose(CompletableFuture.java:2341)
	at org.apache.ratis.server.impl.RaftServerProxy.appendEntriesAsync(RaftServerProxy.java:651)
	at org.apache.ratis.grpc.server.GrpcServerProtocolService$1.process(GrpcServerProtocolService.java:245)
	at org.apache.ratis.grpc.server.GrpcServerProtocolService$1.process(GrpcServerProtocolService.java:242)
	at org.apache.ratis.grpc.server.GrpcServerProtocolService$ServerRequestStreamObserver.onNext(GrpcServerProtocolService.java:137)
	at org.apache.ratis.thirdparty.io.grpc.stub.ServerCalls$StreamingServerCallHandler$StreamingServerCallListener.onMessage(ServerCalls.java:262)
	at org.apache.ratis.thirdparty.io.grpc.internal.ServerCallImpl$ServerStreamListenerImpl.messagesAvailableInternal(ServerCallImpl.java:334)
	at org.apache.ratis.thirdparty.io.grpc.internal.ServerCallImpl$ServerStreamListenerImpl.messagesAvailable(ServerCallImpl.java:319)
	at org.apache.ratis.thirdparty.io.grpc.internal.ServerImpl$JumpToApplicationThreadServerStreamListener$1MessagesAvailable.runInContext(ServerImpl.java:834)
	at org.apache.ratis.thirdparty.io.grpc.internal.ContextRunnable.run(ContextRunnable.java:37)
	at org.apache.ratis.thirdparty.io.grpc.internal.SerializingExecutor.run(SerializingExecutor.java:133)
	at java.base/java.util.concurrent.ThreadPoolExecutor.runWorker(ThreadPoolExecutor.java:1144)
	at java.base/java.util.concurrent.ThreadPoolExecutor$Worker.run(ThreadPoolExecutor.java:642)
	at java.base/java.lang.Thread.run(Thread.java:1583)
2025-09-19 20:45:34,699 [grpc-default-executor-8] ERROR server.RaftServer$Division (RaftServerImpl.java:appendEntriesAsync(1495)) - 8eb9963e-bce0-4155-aea2-e442cadff8bd@group-A751954341BD: Failed appendEntries* b5a25cc1-46d3-4381-a194-bd68f4526f1c->8eb9963e-bce0-4155-aea2-e442cadff8bd#15-t4,previous=(t:3, i:22),leaderCommit=24,initializing? false,entries: size=2, first=(t:4, i:23), CONFIGURATIONENTRY(current:id:"b5a25cc1-46d3-4381-a194-bd68f4526f1c"address:"127.0.0.1:15031"dataStreamAddress:"127.0.0.1:15032"clientAddress:"127.0.0.1:15029"adminAddress:"127.0.0.1:15030"startupRole:FOLLOWER, id:"0df1231c-9f8a-4757-a7d0-f6d7f53bc482"address:"127.0.0.1:15023"dataStreamAddress:"127.0.0.1:15024"clientAddress:"127.0.0.1:15021"adminAddress:"127.0.0.1:15022"startupRole:FOLLOWER, id:"8eb9963e-bce0-4155-aea2-e442cadff8bd"address:"127.0.0.1:15015"priority:1dataStreamAddress:"127.0.0.1:15016"clientAddress:"127.0.0.1:15013"adminAddress:"127.0.0.1:15014"startupRole:FOLLOWER, old:)
org.apache.ratis.protocol.exceptions.ServerNotReadyException: 8eb9963e-bce0-4155-aea2-e442cadff8bd@group-A751954341BD is not in [STARTING, RUNNING]: current state is CLOSED
	at org.apache.ratis.server.impl.RaftServerImpl.lambda$assertLifeCycleState$7(RaftServerImpl.java:809)
	at org.apache.ratis.util.LifeCycle.assertCurrentState(LifeCycle.java:260)
	at org.apache.ratis.server.impl.RaftServerImpl.assertLifeCycleState(RaftServerImpl.java:808)
	at org.apache.ratis.server.impl.RaftServerImpl.appendEntriesAsync(RaftServerImpl.java:1486)
	at org.apache.ratis.server.impl.RaftServerProxy.lambda$null$28(RaftServerProxy.java:652)
	at org.apache.ratis.util.JavaUtils.callAsUnchecked(JavaUtils.java:118)
	at org.apache.ratis.server.impl.RaftServerProxy.lambda$appendEntriesAsync$29(RaftServerProxy.java:651)
	at java.base/java.util.concurrent.CompletableFuture.uniComposeStage(CompletableFuture.java:1187)
	at java.base/java.util.concurrent.CompletableFuture.thenCompose(CompletableFuture.java:2341)
	at org.apache.ratis.server.impl.RaftServerProxy.appendEntriesAsync(RaftServerProxy.java:651)
	at org.apache.ratis.grpc.server.GrpcServerProtocolService$1.process(GrpcServerProtocolService.java:245)
	at org.apache.ratis.grpc.server.GrpcServerProtocolService$1.process(GrpcServerProtocolService.java:242)
	at org.apache.ratis.grpc.server.GrpcServerProtocolService$ServerRequestStreamObserver.onNext(GrpcServerProtocolService.java:150)
	at org.apache.ratis.thirdparty.io.grpc.stub.ServerCalls$StreamingServerCallHandler$StreamingServerCallListener.onMessage(ServerCalls.java:262)
	at org.apache.ratis.thirdparty.io.grpc.internal.ServerCallImpl$ServerStreamListenerImpl.messagesAvailableInternal(ServerCallImpl.java:334)
	at org.apache.ratis.thirdparty.io.grpc.internal.ServerCallImpl$ServerStreamListenerImpl.messagesAvailable(ServerCallImpl.java:319)
	at org.apache.ratis.thirdparty.io.grpc.internal.ServerImpl$JumpToApplicationThreadServerStreamListener$1MessagesAvailable.runInContext(ServerImpl.java:834)
	at org.apache.ratis.thirdparty.io.grpc.internal.ContextRunnable.run(ContextRunnable.java:37)
	at org.apache.ratis.thirdparty.io.grpc.internal.SerializingExecutor.run(SerializingExecutor.java:133)
	at java.base/java.util.concurrent.ThreadPoolExecutor.runWorker(ThreadPoolExecutor.java:1144)
	at java.base/java.util.concurrent.ThreadPoolExecutor$Worker.run(ThreadPoolExecutor.java:642)
	at java.base/java.lang.Thread.run(Thread.java:1583)
2025-09-19 20:45:34,699 [grpc-default-executor-8] WARN  server.GrpcServerProtocolService (LogUtils.java:warn(129)) - 8eb9963e-bce0-4155-aea2-e442cadff8bd: Failed APPEND_ENTRIES request b5a25cc1-46d3-4381-a194-bd68f4526f1c->8eb9963e-bce0-4155-aea2-e442cadff8bd#15-t4,previous=(t:3, i:22),leaderCommit=24,initializing? false,entries: size=2, first=(t:4, i:23), CONFIGURATIONENTRY(current:id:"b5a25cc1-46d3-4381-a194-bd68f4526f1c"address:"127.0.0.1:15031"dataStreamAddress:"127.0.0.1:15032"clientAddress:"127.0.0.1:15029"adminAddress:"127.0.0.1:15030"startupRole:FOLLOWER, id:"0df1231c-9f8a-4757-a7d0-f6d7f53bc482"address:"127.0.0.1:15023"dataStreamAddress:"127.0.0.1:15024"clientAddress:"127.0.0.1:15021"adminAddress:"127.0.0.1:15022"startupRole:FOLLOWER, id:"8eb9963e-bce0-4155-aea2-e442cadff8bd"address:"127.0.0.1:15015"priority:1dataStreamAddress:"127.0.0.1:15016"clientAddress:"127.0.0.1:15013"adminAddress:"127.0.0.1:15014"startupRole:FOLLOWER, old:)
java.util.concurrent.CompletionException: org.apache.ratis.protocol.exceptions.ServerNotReadyException: 8eb9963e-bce0-4155-aea2-e442cadff8bd@group-A751954341BD is not in [STARTING, RUNNING]: current state is CLOSED
	at org.apache.ratis.util.JavaUtils.callAsUnchecked(JavaUtils.java:122)
	at org.apache.ratis.server.impl.RaftServerProxy.lambda$appendEntriesAsync$29(RaftServerProxy.java:651)
	at java.base/java.util.concurrent.CompletableFuture.uniComposeStage(CompletableFuture.java:1187)
	at java.base/java.util.concurrent.CompletableFuture.thenCompose(CompletableFuture.java:2341)
	at org.apache.ratis.server.impl.RaftServerProxy.appendEntriesAsync(RaftServerProxy.java:651)
	at org.apache.ratis.grpc.server.GrpcServerProtocolService$1.process(GrpcServerProtocolService.java:245)
	at org.apache.ratis.grpc.server.GrpcServerProtocolService$1.process(GrpcServerProtocolService.java:242)
	at org.apache.ratis.grpc.server.GrpcServerProtocolService$ServerRequestStreamObserver.onNext(GrpcServerProtocolService.java:150)
	at org.apache.ratis.thirdparty.io.grpc.stub.ServerCalls$StreamingServerCallHandler$StreamingServerCallListener.onMessage(ServerCalls.java:262)
	at org.apache.ratis.thirdparty.io.grpc.internal.ServerCallImpl$ServerStreamListenerImpl.messagesAvailableInternal(ServerCallImpl.java:334)
	at org.apache.ratis.thirdparty.io.grpc.internal.ServerCallImpl$ServerStreamListenerImpl.messagesAvailable(ServerCallImpl.java:319)
	at org.apache.ratis.thirdparty.io.grpc.internal.ServerImpl$JumpToApplicationThreadServerStreamListener$1MessagesAvailable.runInContext(ServerImpl.java:834)
	at org.apache.ratis.thirdparty.io.grpc.internal.ContextRunnable.run(ContextRunnable.java:37)
	at org.apache.ratis.thirdparty.io.grpc.internal.SerializingExecutor.run(SerializingExecutor.java:133)
	at java.base/java.util.concurrent.ThreadPoolExecutor.runWorker(ThreadPoolExecutor.java:1144)
	at java.base/java.util.concurrent.ThreadPoolExecutor$Worker.run(ThreadPoolExecutor.java:642)
	at java.base/java.lang.Thread.run(Thread.java:1583)
Caused by: org.apache.ratis.protocol.exceptions.ServerNotReadyException: 8eb9963e-bce0-4155-aea2-e442cadff8bd@group-A751954341BD is not in [STARTING, RUNNING]: current state is CLOSED
	at org.apache.ratis.server.impl.RaftServerImpl.lambda$assertLifeCycleState$7(RaftServerImpl.java:809)
	at org.apache.ratis.util.LifeCycle.assertCurrentState(LifeCycle.java:260)
	at org.apache.ratis.server.impl.RaftServerImpl.assertLifeCycleState(RaftServerImpl.java:808)
	at org.apache.ratis.server.impl.RaftServerImpl.appendEntriesAsync(RaftServerImpl.java:1486)
	at org.apache.ratis.server.impl.RaftServerProxy.lambda$null$28(RaftServerProxy.java:652)
	at org.apache.ratis.util.JavaUtils.callAsUnchecked(JavaUtils.java:118)
	... 16 more
2025-09-19 20:45:34,701 [grpc-default-executor-8] INFO  leader.LogAppender (LogAppenderBase.java:lambda$getNextIndexForError$0(215)) - Decrease nextIndex to 23
2025-09-19 20:45:34,701 [grpc-default-executor-8] INFO  leader.LogAppender (LogAppenderBase.java:lambda$getNextIndexForError$0(215)) - Decrease nextIndex to 23
2025-09-19 20:45:34,701 [grpc-default-executor-8] INFO  leader.FollowerInfo (FollowerInfoImpl.java:info(70)) - b5a25cc1-46d3-4381-a194-bd68f4526f1c@group-A751954341BD->8eb9963e-bce0-4155-aea2-e442cadff8bd: computeNextIndex nextIndex: updateUnconditionally 25 -> 23
2025-09-19 20:45:34,943 [grpc-default-executor-8] ERROR server.RaftServer$Division (RaftServerImpl.java:appendEntriesAsync(1495)) - 8eb9963e-bce0-4155-aea2-e442cadff8bd@group-715EBF8096A7: Failed appendEntries* b5a25cc1-46d3-4381-a194-bd68f4526f1c->8eb9963e-bce0-4155-aea2-e442cadff8bd#34-t7,previous=(t:7, i:16),leaderCommit=16,initializing? false,HEARTBEAT
org.apache.ratis.protocol.exceptions.ServerNotReadyException: 8eb9963e-bce0-4155-aea2-e442cadff8bd@group-715EBF8096A7 is not in [STARTING, RUNNING]: current state is CLOSED
	at org.apache.ratis.server.impl.RaftServerImpl.lambda$assertLifeCycleState$7(RaftServerImpl.java:809)
	at org.apache.ratis.util.LifeCycle.assertCurrentState(LifeCycle.java:260)
	at org.apache.ratis.server.impl.RaftServerImpl.assertLifeCycleState(RaftServerImpl.java:808)
	at org.apache.ratis.server.impl.RaftServerImpl.appendEntriesAsync(RaftServerImpl.java:1486)
	at org.apache.ratis.server.impl.RaftServerProxy.lambda$null$28(RaftServerProxy.java:652)
	at org.apache.ratis.util.JavaUtils.callAsUnchecked(JavaUtils.java:118)
	at org.apache.ratis.server.impl.RaftServerProxy.lambda$appendEntriesAsync$29(RaftServerProxy.java:651)
	at java.base/java.util.concurrent.CompletableFuture.uniComposeStage(CompletableFuture.java:1187)
	at java.base/java.util.concurrent.CompletableFuture.thenCompose(CompletableFuture.java:2341)
	at org.apache.ratis.server.impl.RaftServerProxy.appendEntriesAsync(RaftServerProxy.java:651)
	at org.apache.ratis.grpc.server.GrpcServerProtocolService$1.process(GrpcServerProtocolService.java:245)
	at org.apache.ratis.grpc.server.GrpcServerProtocolService$1.process(GrpcServerProtocolService.java:242)
	at org.apache.ratis.grpc.server.GrpcServerProtocolService$ServerRequestStreamObserver.onNext(GrpcServerProtocolService.java:137)
	at org.apache.ratis.thirdparty.io.grpc.stub.ServerCalls$StreamingServerCallHandler$StreamingServerCallListener.onMessage(ServerCalls.java:262)
	at org.apache.ratis.thirdparty.io.grpc.internal.ServerCallImpl$ServerStreamListenerImpl.messagesAvailableInternal(ServerCallImpl.java:334)
	at org.apache.ratis.thirdparty.io.grpc.internal.ServerCallImpl$ServerStreamListenerImpl.messagesAvailable(ServerCallImpl.java:319)
	at org.apache.ratis.thirdparty.io.grpc.internal.ServerImpl$JumpToApplicationThreadServerStreamListener$1MessagesAvailable.runInContext(ServerImpl.java:834)
	at org.apache.ratis.thirdparty.io.grpc.internal.ContextRunnable.run(ContextRunnable.java:37)
	at org.apache.ratis.thirdparty.io.grpc.internal.SerializingExecutor.run(SerializingExecutor.java:133)
	at java.base/java.util.concurrent.ThreadPoolExecutor.runWorker(ThreadPoolExecutor.java:1144)
	at java.base/java.util.concurrent.ThreadPoolExecutor$Worker.run(ThreadPoolExecutor.java:642)
	at java.base/java.lang.Thread.run(Thread.java:1583)
2025-09-19 20:45:34,951 [grpc-default-executor-5] ERROR server.RaftServer$Division (RaftServerImpl.java:appendEntriesAsync(1495)) - 8eb9963e-bce0-4155-aea2-e442cadff8bd@group-A751954341BD: Failed appendEntries* b5a25cc1-46d3-4381-a194-bd68f4526f1c->8eb9963e-bce0-4155-aea2-e442cadff8bd#16-t4,previous=(t:3, i:22),leaderCommit=22,initializing? false,HEARTBEAT
org.apache.ratis.protocol.exceptions.ServerNotReadyException: 8eb9963e-bce0-4155-aea2-e442cadff8bd@group-A751954341BD is not in [STARTING, RUNNING]: current state is CLOSED
	at org.apache.ratis.server.impl.RaftServerImpl.lambda$assertLifeCycleState$7(RaftServerImpl.java:809)
	at org.apache.ratis.util.LifeCycle.assertCurrentState(LifeCycle.java:260)
	at org.apache.ratis.server.impl.RaftServerImpl.assertLifeCycleState(RaftServerImpl.java:808)
	at org.apache.ratis.server.impl.RaftServerImpl.appendEntriesAsync(RaftServerImpl.java:1486)
	at org.apache.ratis.server.impl.RaftServerProxy.lambda$null$28(RaftServerProxy.java:652)
	at org.apache.ratis.util.JavaUtils.callAsUnchecked(JavaUtils.java:118)
	at org.apache.ratis.server.impl.RaftServerProxy.lambda$appendEntriesAsync$29(RaftServerProxy.java:651)
	at java.base/java.util.concurrent.CompletableFuture.uniComposeStage(CompletableFuture.java:1187)
	at java.base/java.util.concurrent.CompletableFuture.thenCompose(CompletableFuture.java:2341)
	at org.apache.ratis.server.impl.RaftServerProxy.appendEntriesAsync(RaftServerProxy.java:651)
	at org.apache.ratis.grpc.server.GrpcServerProtocolService$1.process(GrpcServerProtocolService.java:245)
	at org.apache.ratis.grpc.server.GrpcServerProtocolService$1.process(GrpcServerProtocolService.java:242)
	at org.apache.ratis.grpc.server.GrpcServerProtocolService$ServerRequestStreamObserver.onNext(GrpcServerProtocolService.java:137)
	at org.apache.ratis.thirdparty.io.grpc.stub.ServerCalls$StreamingServerCallHandler$StreamingServerCallListener.onMessage(ServerCalls.java:262)
	at org.apache.ratis.thirdparty.io.grpc.internal.ServerCallImpl$ServerStreamListenerImpl.messagesAvailableInternal(ServerCallImpl.java:334)
	at org.apache.ratis.thirdparty.io.grpc.internal.ServerCallImpl$ServerStreamListenerImpl.messagesAvailable(ServerCallImpl.java:319)
	at org.apache.ratis.thirdparty.io.grpc.internal.ServerImpl$JumpToApplicationThreadServerStreamListener$1MessagesAvailable.runInContext(ServerImpl.java:834)
	at org.apache.ratis.thirdparty.io.grpc.internal.ContextRunnable.run(ContextRunnable.java:37)
	at org.apache.ratis.thirdparty.io.grpc.internal.SerializingExecutor.run(SerializingExecutor.java:133)
	at java.base/java.util.concurrent.ThreadPoolExecutor.runWorker(ThreadPoolExecutor.java:1144)
	at java.base/java.util.concurrent.ThreadPoolExecutor$Worker.run(ThreadPoolExecutor.java:642)
	at java.base/java.lang.Thread.run(Thread.java:1583)
2025-09-19 20:45:34,951 [grpc-default-executor-8] ERROR server.RaftServer$Division (RaftServerImpl.java:appendEntriesAsync(1495)) - 8eb9963e-bce0-4155-aea2-e442cadff8bd@group-A751954341BD: Failed appendEntries* b5a25cc1-46d3-4381-a194-bd68f4526f1c->8eb9963e-bce0-4155-aea2-e442cadff8bd#17-t4,previous=(t:3, i:22),leaderCommit=24,initializing? false,entries: size=2, first=(t:4, i:23), CONFIGURATIONENTRY(current:id:"b5a25cc1-46d3-4381-a194-bd68f4526f1c"address:"127.0.0.1:15031"dataStreamAddress:"127.0.0.1:15032"clientAddress:"127.0.0.1:15029"adminAddress:"127.0.0.1:15030"startupRole:FOLLOWER, id:"0df1231c-9f8a-4757-a7d0-f6d7f53bc482"address:"127.0.0.1:15023"dataStreamAddress:"127.0.0.1:15024"clientAddress:"127.0.0.1:15021"adminAddress:"127.0.0.1:15022"startupRole:FOLLOWER, id:"8eb9963e-bce0-4155-aea2-e442cadff8bd"address:"127.0.0.1:15015"priority:1dataStreamAddress:"127.0.0.1:15016"clientAddress:"127.0.0.1:15013"adminAddress:"127.0.0.1:15014"startupRole:FOLLOWER, old:)
org.apache.ratis.protocol.exceptions.ServerNotReadyException: 8eb9963e-bce0-4155-aea2-e442cadff8bd@group-A751954341BD is not in [STARTING, RUNNING]: current state is CLOSED
	at org.apache.ratis.server.impl.RaftServerImpl.lambda$assertLifeCycleState$7(RaftServerImpl.java:809)
	at org.apache.ratis.util.LifeCycle.assertCurrentState(LifeCycle.java:260)
	at org.apache.ratis.server.impl.RaftServerImpl.assertLifeCycleState(RaftServerImpl.java:808)
	at org.apache.ratis.server.impl.RaftServerImpl.appendEntriesAsync(RaftServerImpl.java:1486)
	at org.apache.ratis.server.impl.RaftServerProxy.lambda$null$28(RaftServerProxy.java:652)
	at org.apache.ratis.util.JavaUtils.callAsUnchecked(JavaUtils.java:118)
	at org.apache.ratis.server.impl.RaftServerProxy.lambda$appendEntriesAsync$29(RaftServerProxy.java:651)
	at java.base/java.util.concurrent.CompletableFuture.uniComposeStage(CompletableFuture.java:1187)
	at java.base/java.util.concurrent.CompletableFuture.thenCompose(CompletableFuture.java:2341)
	at org.apache.ratis.server.impl.RaftServerProxy.appendEntriesAsync(RaftServerProxy.java:651)
	at org.apache.ratis.grpc.server.GrpcServerProtocolService$1.process(GrpcServerProtocolService.java:245)
	at org.apache.ratis.grpc.server.GrpcServerProtocolService$1.process(GrpcServerProtocolService.java:242)
	at org.apache.ratis.grpc.server.GrpcServerProtocolService$ServerRequestStreamObserver.onNext(GrpcServerProtocolService.java:150)
	at org.apache.ratis.thirdparty.io.grpc.stub.ServerCalls$StreamingServerCallHandler$StreamingServerCallListener.onMessage(ServerCalls.java:262)
	at org.apache.ratis.thirdparty.io.grpc.internal.ServerCallImpl$ServerStreamListenerImpl.messagesAvailableInternal(ServerCallImpl.java:334)
	at org.apache.ratis.thirdparty.io.grpc.internal.ServerCallImpl$ServerStreamListenerImpl.messagesAvailable(ServerCallImpl.java:319)
	at org.apache.ratis.thirdparty.io.grpc.internal.ServerImpl$JumpToApplicationThreadServerStreamListener$1MessagesAvailable.runInContext(ServerImpl.java:834)
	at org.apache.ratis.thirdparty.io.grpc.internal.ContextRunnable.run(ContextRunnable.java:37)
	at org.apache.ratis.thirdparty.io.grpc.internal.SerializingExecutor.run(SerializingExecutor.java:133)
	at java.base/java.util.concurrent.ThreadPoolExecutor.runWorker(ThreadPoolExecutor.java:1144)
	at java.base/java.util.concurrent.ThreadPoolExecutor$Worker.run(ThreadPoolExecutor.java:642)
	at java.base/java.lang.Thread.run(Thread.java:1583)
2025-09-19 20:45:34,951 [grpc-default-executor-8] WARN  server.GrpcServerProtocolService (LogUtils.java:warn(129)) - 8eb9963e-bce0-4155-aea2-e442cadff8bd: Failed APPEND_ENTRIES request b5a25cc1-46d3-4381-a194-bd68f4526f1c->8eb9963e-bce0-4155-aea2-e442cadff8bd#17-t4,previous=(t:3, i:22),leaderCommit=24,initializing? false,entries: size=2, first=(t:4, i:23), CONFIGURATIONENTRY(current:id:"b5a25cc1-46d3-4381-a194-bd68f4526f1c"address:"127.0.0.1:15031"dataStreamAddress:"127.0.0.1:15032"clientAddress:"127.0.0.1:15029"adminAddress:"127.0.0.1:15030"startupRole:FOLLOWER, id:"0df1231c-9f8a-4757-a7d0-f6d7f53bc482"address:"127.0.0.1:15023"dataStreamAddress:"127.0.0.1:15024"clientAddress:"127.0.0.1:15021"adminAddress:"127.0.0.1:15022"startupRole:FOLLOWER, id:"8eb9963e-bce0-4155-aea2-e442cadff8bd"address:"127.0.0.1:15015"priority:1dataStreamAddress:"127.0.0.1:15016"clientAddress:"127.0.0.1:15013"adminAddress:"127.0.0.1:15014"startupRole:FOLLOWER, old:)
java.util.concurrent.CompletionException: org.apache.ratis.protocol.exceptions.ServerNotReadyException: 8eb9963e-bce0-4155-aea2-e442cadff8bd@group-A751954341BD is not in [STARTING, RUNNING]: current state is CLOSED
	at org.apache.ratis.util.JavaUtils.callAsUnchecked(JavaUtils.java:122)
	at org.apache.ratis.server.impl.RaftServerProxy.lambda$appendEntriesAsync$29(RaftServerProxy.java:651)
	at java.base/java.util.concurrent.CompletableFuture.uniComposeStage(CompletableFuture.java:1187)
	at java.base/java.util.concurrent.CompletableFuture.thenCompose(CompletableFuture.java:2341)
	at org.apache.ratis.server.impl.RaftServerProxy.appendEntriesAsync(RaftServerProxy.java:651)
	at org.apache.ratis.grpc.server.GrpcServerProtocolService$1.process(GrpcServerProtocolService.java:245)
	at org.apache.ratis.grpc.server.GrpcServerProtocolService$1.process(GrpcServerProtocolService.java:242)
	at org.apache.ratis.grpc.server.GrpcServerProtocolService$ServerRequestStreamObserver.onNext(GrpcServerProtocolService.java:150)
	at org.apache.ratis.thirdparty.io.grpc.stub.ServerCalls$StreamingServerCallHandler$StreamingServerCallListener.onMessage(ServerCalls.java:262)
	at org.apache.ratis.thirdparty.io.grpc.internal.ServerCallImpl$ServerStreamListenerImpl.messagesAvailableInternal(ServerCallImpl.java:334)
	at org.apache.ratis.thirdparty.io.grpc.internal.ServerCallImpl$ServerStreamListenerImpl.messagesAvailable(ServerCallImpl.java:319)
	at org.apache.ratis.thirdparty.io.grpc.internal.ServerImpl$JumpToApplicationThreadServerStreamListener$1MessagesAvailable.runInContext(ServerImpl.java:834)
	at org.apache.ratis.thirdparty.io.grpc.internal.ContextRunnable.run(ContextRunnable.java:37)
	at org.apache.ratis.thirdparty.io.grpc.internal.SerializingExecutor.run(SerializingExecutor.java:133)
	at java.base/java.util.concurrent.ThreadPoolExecutor.runWorker(ThreadPoolExecutor.java:1144)
	at java.base/java.util.concurrent.ThreadPoolExecutor$Worker.run(ThreadPoolExecutor.java:642)
	at java.base/java.lang.Thread.run(Thread.java:1583)
Caused by: org.apache.ratis.protocol.exceptions.ServerNotReadyException: 8eb9963e-bce0-4155-aea2-e442cadff8bd@group-A751954341BD is not in [STARTING, RUNNING]: current state is CLOSED
	at org.apache.ratis.server.impl.RaftServerImpl.lambda$assertLifeCycleState$7(RaftServerImpl.java:809)
	at org.apache.ratis.util.LifeCycle.assertCurrentState(LifeCycle.java:260)
	at org.apache.ratis.server.impl.RaftServerImpl.assertLifeCycleState(RaftServerImpl.java:808)
	at org.apache.ratis.server.impl.RaftServerImpl.appendEntriesAsync(RaftServerImpl.java:1486)
	at org.apache.ratis.server.impl.RaftServerProxy.lambda$null$28(RaftServerProxy.java:652)
	at org.apache.ratis.util.JavaUtils.callAsUnchecked(JavaUtils.java:118)
	... 16 more
2025-09-19 20:45:34,953 [grpc-default-executor-8] INFO  leader.LogAppender (LogAppenderBase.java:lambda$getNextIndexForError$0(215)) - Decrease nextIndex to 23
2025-09-19 20:45:34,953 [grpc-default-executor-8] INFO  leader.LogAppender (LogAppenderBase.java:lambda$getNextIndexForError$0(215)) - Decrease nextIndex to 23
2025-09-19 20:45:34,953 [grpc-default-executor-8] INFO  leader.FollowerInfo (FollowerInfoImpl.java:info(70)) - b5a25cc1-46d3-4381-a194-bd68f4526f1c@group-A751954341BD->8eb9963e-bce0-4155-aea2-e442cadff8bd: computeNextIndex nextIndex: updateUnconditionally 25 -> 23
2025-09-19 20:45:35,129 [Thread-2260] WARN  grpc.GrpcUtil (GrpcUtil.java:shutdownManagedChannel(226)) - Timed out gracefully shutting down connection: ManagedChannelOrphanWrapper{delegate=ManagedChannelImpl{logId=209, target=127.0.0.1:15023}}. 
2025-09-19 20:45:35,130 [grpc-default-executor-5] INFO  server.GrpcLogAppender (GrpcLogAppender.java:onError(545)) - 8eb9963e-bce0-4155-aea2-e442cadff8bd@group-A751954341BD->0df1231c-9f8a-4757-a7d0-f6d7f53bc482-GrpcLogAppender is already stopped
2025-09-19 20:45:35,130 [grpc-default-executor-8] INFO  server.GrpcLogAppender (GrpcLogAppender.java:onError(545)) - 8eb9963e-bce0-4155-aea2-e442cadff8bd@group-A751954341BD->0df1231c-9f8a-4757-a7d0-f6d7f53bc482-GrpcLogAppender is already stopped
2025-09-19 20:45:35,130 [grpc-default-executor-3] WARN  server.GrpcServerProtocolService (LogUtils.java:warn(127)) - 0df1231c-9f8a-4757-a7d0-f6d7f53bc482: APPEND_ENTRIES onError, lastRequest: null: org.apache.ratis.thirdparty.io.grpc.StatusRuntimeException: CANCELLED: client cancelled
2025-09-19 20:45:35,130 [grpc-default-executor-5] WARN  server.GrpcServerProtocolService (LogUtils.java:warn(127)) - 0df1231c-9f8a-4757-a7d0-f6d7f53bc482: APPEND_ENTRIES onError, lastRequest: null: org.apache.ratis.thirdparty.io.grpc.StatusRuntimeException: CANCELLED: client cancelled
2025-09-19 20:45:35,131 [Thread-2259] WARN  grpc.GrpcUtil (GrpcUtil.java:shutdownManagedChannel(226)) - Timed out gracefully shutting down connection: ManagedChannelOrphanWrapper{delegate=ManagedChannelImpl{logId=205, target=127.0.0.1:15031}}. 
2025-09-19 20:45:35,132 [grpc-default-executor-5] INFO  server.GrpcLogAppender (GrpcLogAppender.java:onError(545)) - 8eb9963e-bce0-4155-aea2-e442cadff8bd@group-A751954341BD->b5a25cc1-46d3-4381-a194-bd68f4526f1c-GrpcLogAppender is already stopped
2025-09-19 20:45:35,132 [grpc-default-executor-8] INFO  server.GrpcLogAppender (GrpcLogAppender.java:onError(545)) - 8eb9963e-bce0-4155-aea2-e442cadff8bd@group-A751954341BD->b5a25cc1-46d3-4381-a194-bd68f4526f1c-GrpcLogAppender is already stopped
2025-09-19 20:45:35,132 [grpc-default-executor-3] WARN  server.GrpcServerProtocolService (LogUtils.java:warn(127)) - b5a25cc1-46d3-4381-a194-bd68f4526f1c: APPEND_ENTRIES onError, lastRequest: null: org.apache.ratis.thirdparty.io.grpc.StatusRuntimeException: CANCELLED: client cancelled
2025-09-19 20:45:35,132 [ForkJoinPool-1-worker-1] INFO  server.GrpcServicesImpl (GrpcServicesImpl.java:closeImpl(364)) - 8eb9963e-bce0-4155-aea2-e442cadff8bd: shutdown server org.apache.ratis.grpc.server.GrpcClientProtocolService successfully
2025-09-19 20:45:35,132 [ForkJoinPool-1-worker-1] INFO  server.GrpcServicesImpl (GrpcServicesImpl.java:closeImpl(355)) - 8eb9963e-bce0-4155-aea2-e442cadff8bd: shutdown server GrpcServerProtocolService now
2025-09-19 20:45:35,132 [grpc-default-executor-2] WARN  server.GrpcServerProtocolService (LogUtils.java:warn(127)) - b5a25cc1-46d3-4381-a194-bd68f4526f1c: APPEND_ENTRIES onError, lastRequest: 8eb9963e-bce0-4155-aea2-e442cadff8bd->b5a25cc1-46d3-4381-a194-bd68f4526f1c#1-t3,previous=(t:2, i:14),leaderCommit=14,initializing? false,entries: size=1, first=(t:3, i:15), CONFIGURATIONENTRY(current:id:"b5a25cc1-46d3-4381-a194-bd68f4526f1c"address:"127.0.0.1:15031"dataStreamAddress:"127.0.0.1:15032"clientAddress:"127.0.0.1:15029"adminAddress:"127.0.0.1:15030"startupRole:FOLLOWER, id:"0df1231c-9f8a-4757-a7d0-f6d7f53bc482"address:"127.0.0.1:15023"dataStreamAddress:"127.0.0.1:15024"clientAddress:"127.0.0.1:15021"adminAddress:"127.0.0.1:15022"startupRole:FOLLOWER, id:"8eb9963e-bce0-4155-aea2-e442cadff8bd"address:"127.0.0.1:15015"priority:1dataStreamAddress:"127.0.0.1:15016"clientAddress:"127.0.0.1:15013"adminAddress:"127.0.0.1:15014"startupRole:FOLLOWER, old:): org.apache.ratis.thirdparty.io.grpc.StatusRuntimeException: CANCELLED: client cancelled
2025-09-19 20:45:35,132 [grpc-default-executor-2] WARN  server.GrpcServerProtocolService (LogUtils.java:warn(127)) - 8eb9963e-bce0-4155-aea2-e442cadff8bd: APPEND_ENTRIES onError, lastRequest: null: org.apache.ratis.thirdparty.io.grpc.StatusRuntimeException: CANCELLED: client cancelled
2025-09-19 20:45:35,133 [grpc-default-executor-5] WARN  server.GrpcServerProtocolService (LogUtils.java:warn(127)) - 8eb9963e-bce0-4155-aea2-e442cadff8bd: APPEND_ENTRIES onError, lastRequest: null: org.apache.ratis.thirdparty.io.grpc.StatusRuntimeException: CANCELLED: client cancelled
2025-09-19 20:45:35,133 [grpc-default-executor-8] WARN  server.GrpcServerProtocolService (LogUtils.java:warn(127)) - 8eb9963e-bce0-4155-aea2-e442cadff8bd: APPEND_ENTRIES onError, lastRequest: null: org.apache.ratis.thirdparty.io.grpc.StatusRuntimeException: CANCELLED: client cancelled
2025-09-19 20:45:35,133 [grpc-default-executor-3] WARN  server.GrpcServerProtocolService (LogUtils.java:warn(127)) - 8eb9963e-bce0-4155-aea2-e442cadff8bd: APPEND_ENTRIES onError, lastRequest: null: org.apache.ratis.thirdparty.io.grpc.StatusRuntimeException: CANCELLED: client cancelled
2025-09-19 20:45:35,133 [grpc-default-executor-6] WARN  server.GrpcServerProtocolService (LogUtils.java:warn(127)) - 8eb9963e-bce0-4155-aea2-e442cadff8bd: APPEND_ENTRIES onError, lastRequest: null: org.apache.ratis.thirdparty.io.grpc.StatusRuntimeException: CANCELLED: client cancelled
2025-09-19 20:45:35,133 [grpc-default-executor-8] WARN  server.GrpcServerProtocolService (LogUtils.java:warn(127)) - 8eb9963e-bce0-4155-aea2-e442cadff8bd: APPEND_ENTRIES onError, lastRequest: null: org.apache.ratis.thirdparty.io.grpc.StatusRuntimeException: CANCELLED: client cancelled
2025-09-19 20:45:35,133 [grpc-default-executor-3] WARN  server.GrpcServerProtocolService (LogUtils.java:warn(127)) - 8eb9963e-bce0-4155-aea2-e442cadff8bd: APPEND_ENTRIES onError, lastRequest: null: org.apache.ratis.thirdparty.io.grpc.StatusRuntimeException: CANCELLED: client cancelled
2025-09-19 20:45:35,133 [grpc-default-executor-5] WARN  server.GrpcServerProtocolService (LogUtils.java:warn(127)) - 8eb9963e-bce0-4155-aea2-e442cadff8bd: APPEND_ENTRIES onError, lastRequest: null: org.apache.ratis.thirdparty.io.grpc.StatusRuntimeException: CANCELLED: client cancelled
2025-09-19 20:45:35,133 [grpc-default-executor-8] WARN  server.GrpcServerProtocolService (LogUtils.java:warn(127)) - 8eb9963e-bce0-4155-aea2-e442cadff8bd: APPEND_ENTRIES onError, lastRequest: null: org.apache.ratis.thirdparty.io.grpc.StatusRuntimeException: CANCELLED: client cancelled
2025-09-19 20:45:35,133 [ForkJoinPool-1-worker-1] INFO  server.GrpcServicesImpl (GrpcServicesImpl.java:closeImpl(364)) - 8eb9963e-bce0-4155-aea2-e442cadff8bd: shutdown server GrpcServerProtocolService successfully
2025-09-19 20:45:35,133 [ForkJoinPool-1-worker-1] INFO  server.GrpcServicesImpl (GrpcServicesImpl.java:closeImpl(355)) - 8eb9963e-bce0-4155-aea2-e442cadff8bd: shutdown server org.apache.ratis.grpc.server.GrpcAdminProtocolService now
2025-09-19 20:45:35,133 [grpc-default-executor-7] WARN  server.GrpcServerProtocolService (LogUtils.java:warn(127)) - 8eb9963e-bce0-4155-aea2-e442cadff8bd: APPEND_ENTRIES onError, lastRequest: b5a25cc1-46d3-4381-a194-bd68f4526f1c->8eb9963e-bce0-4155-aea2-e442cadff8bd#2-t7,previous=(t:7, i:15),leaderCommit=15,initializing? false,entries: size=1, first=(t:7, i:16), METADATAENTRY(c:15): org.apache.ratis.thirdparty.io.grpc.StatusRuntimeException: CANCELLED: client cancelled
2025-09-19 20:45:35,133 [grpc-default-executor-3] WARN  server.GrpcLogAppender (GrpcLogAppender.java:lambda$resetClient$1(228)) - b5a25cc1-46d3-4381-a194-bd68f4526f1c@group-A751954341BD->8eb9963e-bce0-4155-aea2-e442cadff8bd-GrpcLogAppender: Follower failed (request=null, errorCount=9); keep nextIndex (23) unchanged and retry.
2025-09-19 20:45:35,134 [ForkJoinPool-1-worker-1] INFO  server.GrpcServicesImpl (GrpcServicesImpl.java:closeImpl(364)) - 8eb9963e-bce0-4155-aea2-e442cadff8bd: shutdown server org.apache.ratis.grpc.server.GrpcAdminProtocolService successfully
2025-09-19 20:45:35,134 [grpc-default-executor-8] WARN  server.GrpcLogAppender (LogUtils.java:warn(127)) - b5a25cc1-46d3-4381-a194-bd68f4526f1c@group-715EBF8096A7->8eb9963e-bce0-4155-aea2-e442cadff8bd-AppendLogResponseHandler: Failed appendEntries: org.apache.ratis.thirdparty.io.grpc.StatusRuntimeException: CANCELLED: RST_STREAM closed stream. HTTP/2 error code: CANCEL
2025-09-19 20:45:35,134 [grpc-default-executor-8] WARN  server.GrpcLogAppender (GrpcLogAppender.java:lambda$resetClient$1(228)) - b5a25cc1-46d3-4381-a194-bd68f4526f1c@group-715EBF8096A7->8eb9963e-bce0-4155-aea2-e442cadff8bd-GrpcLogAppender: Follower failed (request=null, errorCount=1); keep nextIndex (17) unchanged and retry.
2025-09-19 20:45:35,137 [8eb9963e-bce0-4155-aea2-e442cadff8bd-NettyServerStreamRpc-bossGroup--thread1] INFO  logging.LoggingHandler (AbstractInternalLogger.java:log(148)) - [id: 0x44b1153e, L:/0.0.0.0:15016] CLOSE
2025-09-19 20:45:35,137 [8eb9963e-bce0-4155-aea2-e442cadff8bd-NettyServerStreamRpc-bossGroup--thread1] INFO  logging.LoggingHandler (AbstractInternalLogger.java:log(148)) - [id: 0x44b1153e, L:/0.0.0.0:15016] INACTIVE
2025-09-19 20:45:35,138 [8eb9963e-bce0-4155-aea2-e442cadff8bd-NettyServerStreamRpc-bossGroup--thread1] INFO  logging.LoggingHandler (AbstractInternalLogger.java:log(148)) - [id: 0x44b1153e, L:/0.0.0.0:15016] UNREGISTERED
2025-09-19 20:45:35,140 [JvmPauseMonitor3] INFO  util.JvmPauseMonitor (JvmPauseMonitor.java:run(152)) - JvmPauseMonitor-8eb9963e-bce0-4155-aea2-e442cadff8bd: Stopped
2025-09-19 20:45:37,126 [timer1] INFO  server.GrpcServerProtocolService (GrpcServerProtocolService.java:lambda$onCompleted$6(171)) - b5a25cc1-46d3-4381-a194-bd68f4526f1c: Completed APPEND_ENTRIES, lastRequest: null  (Repeated 2 times in the last 5.000s)
2025-09-19 20:45:37,127 [timer2] INFO  server.GrpcServerProtocolService (GrpcServerProtocolService.java:lambda$null$7(175)) - b5a25cc1-46d3-4381-a194-bd68f4526f1c: Completed APPEND_ENTRIES, lastReply: serverReply {
  requestorId: "8eb9963e-bce0-4155-aea2-e442cadff8bd"
  replyId: "b5a25cc1-46d3-4381-a194-bd68f4526f1c"
  raftGroupId {
    id: "\341\002\3260\afL\234\246\254\247Q\225CA\275"
  }
  callId: 28
  success: true
}
term: 3
nextIndex: 17
followerCommit: 16
matchIndex: 18446744073709551615
isHearbeat: true
  (Repeated 2 times in the last 5.001s)
2025-09-19 20:45:37,129 [timer3] INFO  server.GrpcServerProtocolService (GrpcServerProtocolService.java:lambda$onCompleted$6(171)) - 0df1231c-9f8a-4757-a7d0-f6d7f53bc482: Completed APPEND_ENTRIES, lastRequest: null  (Repeated 2 times in the last 5.000s)
2025-09-19 20:45:37,129 [timer4] INFO  server.GrpcServerProtocolService (GrpcServerProtocolService.java:lambda$null$7(175)) - 0df1231c-9f8a-4757-a7d0-f6d7f53bc482: Completed APPEND_ENTRIES, lastReply: serverReply {
  requestorId: "8eb9963e-bce0-4155-aea2-e442cadff8bd"
  replyId: "0df1231c-9f8a-4757-a7d0-f6d7f53bc482"
  raftGroupId {
    id: "\341\002\3260\afL\234\246\254\247Q\225CA\275"
  }
  callId: 39
  success: true
}
term: 3
nextIndex: 17
followerCommit: 16
matchIndex: 18446744073709551615
isHearbeat: true
  (Repeated 2 times in the last 5.000s)
2025-09-19 20:45:37,145 [ForkJoinPool-1-worker-1] INFO  utils.DatanodeStoreCache (DatanodeStoreCache.java:shutdownCache(110)) - Skip clearing cache in mini cluster mode. Entries left: [/home/runner/work/ozone/ozone/hadoop-ozone/integration-test/target/test-dir/MiniOzoneClusterImpl-990002c2-bb69-4aa2-bd68-28a5e13e86ef/ozone-metadata/datanode-1/data-0/hdds/990002c2-bb69-4aa2-bd68-28a5e13e86ef/DS-3d966188-6e8b-4280-af48-36487f3106d4/container.db, /home/runner/work/ozone/ozone/hadoop-ozone/integration-test/target/test-dir/MiniOzoneClusterImpl-990002c2-bb69-4aa2-bd68-28a5e13e86ef/ozone-metadata/datanode-10/data-0/hdds/990002c2-bb69-4aa2-bd68-28a5e13e86ef/DS-d4d59647-a844-454f-9bbf-1ae447f964d1/container.db, /home/runner/work/ozone/ozone/hadoop-ozone/integration-test/target/test-dir/MiniOzoneClusterImpl-990002c2-bb69-4aa2-bd68-28a5e13e86ef/ozone-metadata/datanode-2/data-0/hdds/990002c2-bb69-4aa2-bd68-28a5e13e86ef/DS-69ac7518-6ece-4e77-96c1-96814a10e0cf/container.db, /home/runner/work/ozone/ozone/hadoop-ozone/integration-test/target/test-dir/MiniOzoneClusterImpl-990002c2-bb69-4aa2-bd68-28a5e13e86ef/ozone-metadata/datanode-3/data-0/hdds/990002c2-bb69-4aa2-bd68-28a5e13e86ef/DS-00f21907-a1b3-4a4a-aa5e-0adcb3313994/container.db, /home/runner/work/ozone/ozone/hadoop-ozone/integration-test/target/test-dir/MiniOzoneClusterImpl-990002c2-bb69-4aa2-bd68-28a5e13e86ef/ozone-metadata/datanode-4/data-0/hdds/990002c2-bb69-4aa2-bd68-28a5e13e86ef/DS-4e6824a3-16c7-4668-a829-65a4da2b6cb0/container.db, /home/runner/work/ozone/ozone/hadoop-ozone/integration-test/target/test-dir/MiniOzoneClusterImpl-990002c2-bb69-4aa2-bd68-28a5e13e86ef/ozone-metadata/datanode-5/data-0/hdds/990002c2-bb69-4aa2-bd68-28a5e13e86ef/DS-d330c7e4-7b2b-43d4-9af2-9f8fb582114f/container.db, /home/runner/work/ozone/ozone/hadoop-ozone/integration-test/target/test-dir/MiniOzoneClusterImpl-990002c2-bb69-4aa2-bd68-28a5e13e86ef/ozone-metadata/datanode-6/data-0/hdds/990002c2-bb69-4aa2-bd68-28a5e13e86ef/DS-fe8e0949-2f72-432b-82c6-cef628e0820f/container.db, /home/runner/work/ozone/ozone/hadoop-ozone/integration-test/target/test-dir/MiniOzoneClusterImpl-990002c2-bb69-4aa2-bd68-28a5e13e86ef/ozone-metadata/datanode-7/data-0/hdds/990002c2-bb69-4aa2-bd68-28a5e13e86ef/DS-7ca139a3-566d-4995-b9a1-d589e874febb/container.db, /home/runner/work/ozone/ozone/hadoop-ozone/integration-test/target/test-dir/MiniOzoneClusterImpl-990002c2-bb69-4aa2-bd68-28a5e13e86ef/ozone-metadata/datanode-8/data-0/hdds/990002c2-bb69-4aa2-bd68-28a5e13e86ef/DS-84e4acea-b2ce-4814-9959-95aa0a15992b/container.db, /home/runner/work/ozone/ozone/hadoop-ozone/integration-test/target/test-dir/MiniOzoneClusterImpl-990002c2-bb69-4aa2-bd68-28a5e13e86ef/ozone-metadata/datanode-9/data-0/hdds/990002c2-bb69-4aa2-bd68-28a5e13e86ef/DS-36ad5d1b-b97e-4995-8da6-aae7ff692fd5/container.db]
2025-09-19 20:45:37,146 [ForkJoinPool-1-worker-1] INFO  utils.DatanodeStoreCache (DatanodeStoreCache.java:removeDB(104)) - Removed db /home/runner/work/ozone/ozone/hadoop-ozone/integration-test/target/test-dir/MiniOzoneClusterImpl-990002c2-bb69-4aa2-bd68-28a5e13e86ef/ozone-metadata/datanode-1/data-0/hdds/990002c2-bb69-4aa2-bd68-28a5e13e86ef/DS-3d966188-6e8b-4280-af48-36487f3106d4/container.db from cache
2025-09-19 20:45:37,146 [ForkJoinPool-1-worker-1] INFO  volume.HddsVolume (HddsVolume.java:closeDbStore(609)) - SchemaV3 db is stopped at /home/runner/work/ozone/ozone/hadoop-ozone/integration-test/target/test-dir/MiniOzoneClusterImpl-990002c2-bb69-4aa2-bd68-28a5e13e86ef/ozone-metadata/datanode-1/data-0/hdds/990002c2-bb69-4aa2-bd68-28a5e13e86ef/DS-3d966188-6e8b-4280-af48-36487f3106d4/container.db for volume DS-3d966188-6e8b-4280-af48-36487f3106d4
2025-09-19 20:45:37,147 [ForkJoinPool-1-worker-1] INFO  utils.BackgroundService (BackgroundService.java:shutdown(195)) - Shutting down service BlockDeletingService
2025-09-19 20:45:37,147 [ForkJoinPool-1-worker-1] INFO  utils.BackgroundService (BackgroundService.java:shutdown(195)) - Shutting down service StaleRecoveringContainerScrubbingService
2025-09-19 20:45:37,149 [ForkJoinPool-1-worker-1] INFO  statemachine.DatanodeStateMachine (DatanodeStateMachine.java:stopDaemon(654)) - Ozone container server stopped.
2025-09-19 20:45:37,166 [ForkJoinPool-1-worker-1] INFO  handler.ContextHandler (ContextHandler.java:doStop(1159)) - Stopped o.e.j.w.WebAppContext@79dbe767{hddsDatanode,/,null,STOPPED}{jar:file:/home/runner/work/ozone/ozone/hadoop-hdds/container-service/target/hdds-container-service-2.1.0-SNAPSHOT.jar!/webapps/hddsDatanode}
2025-09-19 20:45:37,166 [ForkJoinPool-1-worker-1] INFO  server.AbstractConnector (AbstractConnector.java:doStop(383)) - Stopped ServerConnector@8072183{HTTP/1.1, (http/1.1)}{0.0.0.0:15010}
2025-09-19 20:45:37,166 [ForkJoinPool-1-worker-1] INFO  server.session (HouseKeeper.java:stopScavenging(149)) - node0 Stopped scavenging
2025-09-19 20:45:37,167 [ForkJoinPool-1-worker-1] INFO  handler.ContextHandler (ContextHandler.java:doStop(1159)) - Stopped o.e.j.s.ServletContextHandler@67410750{static,/static,jar:file:/home/runner/work/ozone/ozone/hadoop-hdds/container-service/target/hdds-container-service-2.1.0-SNAPSHOT.jar!/webapps/static,STOPPED}
2025-09-19 20:45:37,167 [ForkJoinPool-1-worker-1] INFO  handler.ContextHandler (ContextHandler.java:doStop(1159)) - Stopped o.e.j.s.ServletContextHandler@5927a6e6{logs,/logs,file:///home/runner/work/ozone/ozone/hadoop-ozone/integration-test/target/log,STOPPED}
2025-09-19 20:45:37,167 [ForkJoinPool-1-worker-1] INFO  ozone.HddsDatanodeClientProtocolServer (HddsDatanodeClientProtocolServer.java:stop(82)) - Stopping the RPC server for Client Protocol
2025-09-19 20:45:37,168 [ForkJoinPool-1-worker-1] INFO  ipc.Server (Server.java:stop(3697)) - Stopping server on 15011
2025-09-19 20:45:37,169 [IPC Server Responder] INFO  ipc.Server (Server.java:run(1718)) - Stopping IPC Server Responder
2025-09-19 20:45:37,169 [IPC Server listener on 15011] INFO  ipc.Server (Server.java:run(1585)) - Stopping IPC Server listener on 15011
2025-09-19 20:45:37,171 [ForkJoinPool-1-worker-1] INFO  ozoneimpl.OzoneContainer (OzoneContainer.java:stop(549)) - Attempting to stop container services.
2025-09-19 20:45:37,171 [ContainerMetadataScanner] WARN  ozoneimpl.AbstractBackgroundContainerScanner (AbstractBackgroundContainerScanner.java:handleRemainingSleep(136)) - Background container scan was interrupted.
2025-09-19 20:45:37,171 [ContainerMetadataScanner] INFO  ozoneimpl.AbstractBackgroundContainerScanner (AbstractBackgroundContainerScanner.java:run(63)) - org.apache.hadoop.ozone.container.ozoneimpl.BackgroundContainerMetadataScanner@2b82da38 exiting.
2025-09-19 20:45:37,171 [ForkJoinPool-1-worker-1] INFO  ozoneimpl.BackgroundContainerDataScanner (BackgroundContainerDataScanner.java:shutdown(87)) - ContainerDataScanner(/home/runner/work/ozone/ozone/hadoop-ozone/integration-test/target/test-dir/MiniOzoneClusterImpl-990002c2-bb69-4aa2-bd68-28a5e13e86ef/ozone-metadata/datanode-3/data-0/hdds) is shutting down. 
2025-09-19 20:45:37,171 [ContainerDataScanner(/home/runner/work/ozone/ozone/hadoop-ozone/integration-test/target/test-dir/MiniOzoneClusterImpl-990002c2-bb69-4aa2-bd68-28a5e13e86ef/ozone-metadata/datanode-3/data-0/hdds)] WARN  ozoneimpl.AbstractBackgroundContainerScanner (AbstractBackgroundContainerScanner.java:handleRemainingSleep(136)) - Background container scan was interrupted.
2025-09-19 20:45:37,171 [ContainerDataScanner(/home/runner/work/ozone/ozone/hadoop-ozone/integration-test/target/test-dir/MiniOzoneClusterImpl-990002c2-bb69-4aa2-bd68-28a5e13e86ef/ozone-metadata/datanode-3/data-0/hdds)] INFO  ozoneimpl.AbstractBackgroundContainerScanner (AbstractBackgroundContainerScanner.java:run(63)) - ContainerDataScanner(/home/runner/work/ozone/ozone/hadoop-ozone/integration-test/target/test-dir/MiniOzoneClusterImpl-990002c2-bb69-4aa2-bd68-28a5e13e86ef/ozone-metadata/datanode-3/data-0/hdds, DS-00f21907-a1b3-4a4a-aa5e-0adcb3313994) exiting.
2025-09-19 20:45:37,171 [ForkJoinPool-1-worker-1] INFO  ozoneimpl.OnDemandContainerScanner (OnDemandContainerScanner.java:shutdown(141)) - On-demand container scanner is shutting down.
2025-09-19 20:45:37,171 [ForkJoinPool-1-worker-1] INFO  ratis.XceiverServerRatis (XceiverServerRatis.java:stop(595)) - Closing XceiverServerRatis(b5a25cc1-46d3-4381-a194-bd68f4526f1c)
2025-09-19 20:45:37,172 [ForkJoinPool-1-worker-1] INFO  server.RaftServer (RaftServerProxy.java:lambda$close$9(422)) - b5a25cc1-46d3-4381-a194-bd68f4526f1c: close
2025-09-19 20:45:37,172 [b5a25cc1-46d3-4381-a194-bd68f4526f1c-impl-thread3] INFO  server.RaftServer$Division (RaftServerImpl.java:lambda$close$1(527)) - b5a25cc1-46d3-4381-a194-bd68f4526f1c@group-88B5B3DD1307: shutdown
2025-09-19 20:45:37,172 [b5a25cc1-46d3-4381-a194-bd68f4526f1c-impl-thread3] INFO  util.JmxRegister (JmxRegister.java:unregister(74)) - Successfully un-registered JMX Bean with object name Ratis:service=RaftServer,group=group-88B5B3DD1307,id=b5a25cc1-46d3-4381-a194-bd68f4526f1c
2025-09-19 20:45:37,172 [b5a25cc1-46d3-4381-a194-bd68f4526f1c-impl-thread3] INFO  impl.RoleInfo (RoleInfo.java:shutdownLeaderState(103)) - b5a25cc1-46d3-4381-a194-bd68f4526f1c: shutdown b5a25cc1-46d3-4381-a194-bd68f4526f1c@group-88B5B3DD1307-LeaderStateImpl
2025-09-19 20:45:37,172 [b5a25cc1-46d3-4381-a194-bd68f4526f1c-impl-thread3] INFO  impl.PendingRequests (PendingRequests.java:sendNotLeaderResponses(287)) - b5a25cc1-46d3-4381-a194-bd68f4526f1c@group-88B5B3DD1307-PendingRequests: sendNotLeaderResponses
2025-09-19 20:45:37,172 [ForkJoinPool-1-worker-1] INFO  server.GrpcServicesImpl (GrpcServicesImpl.java:closeImpl(355)) - b5a25cc1-46d3-4381-a194-bd68f4526f1c: shutdown server org.apache.ratis.grpc.server.GrpcClientProtocolService now
2025-09-19 20:45:37,172 [b5a25cc1-46d3-4381-a194-bd68f4526f1c-impl-thread1] INFO  server.RaftServer$Division (RaftServerImpl.java:lambda$close$1(527)) - b5a25cc1-46d3-4381-a194-bd68f4526f1c@group-A751954341BD: shutdown
2025-09-19 20:45:37,172 [b5a25cc1-46d3-4381-a194-bd68f4526f1c-impl-thread1] INFO  util.JmxRegister (JmxRegister.java:unregister(74)) - Successfully un-registered JMX Bean with object name Ratis:service=RaftServer,group=group-A751954341BD,id=b5a25cc1-46d3-4381-a194-bd68f4526f1c
2025-09-19 20:45:37,172 [b5a25cc1-46d3-4381-a194-bd68f4526f1c-impl-thread1] INFO  impl.RoleInfo (RoleInfo.java:shutdownLeaderState(103)) - b5a25cc1-46d3-4381-a194-bd68f4526f1c: shutdown b5a25cc1-46d3-4381-a194-bd68f4526f1c@group-A751954341BD-LeaderStateImpl
2025-09-19 20:45:37,172 [b5a25cc1-46d3-4381-a194-bd68f4526f1c-impl-thread1] INFO  impl.PendingRequests (PendingRequests.java:sendNotLeaderResponses(287)) - b5a25cc1-46d3-4381-a194-bd68f4526f1c@group-A751954341BD-PendingRequests: sendNotLeaderResponses
2025-09-19 20:45:37,172 [b5a25cc1-46d3-4381-a194-bd68f4526f1c-impl-thread2] INFO  server.RaftServer$Division (RaftServerImpl.java:lambda$close$1(527)) - b5a25cc1-46d3-4381-a194-bd68f4526f1c@group-715EBF8096A7: shutdown
2025-09-19 20:45:37,173 [b5a25cc1-46d3-4381-a194-bd68f4526f1c-impl-thread2] INFO  util.JmxRegister (JmxRegister.java:unregister(74)) - Successfully un-registered JMX Bean with object name Ratis:service=RaftServer,group=group-715EBF8096A7,id=b5a25cc1-46d3-4381-a194-bd68f4526f1c
2025-09-19 20:45:37,173 [b5a25cc1-46d3-4381-a194-bd68f4526f1c-impl-thread2] INFO  impl.RoleInfo (RoleInfo.java:shutdownLeaderState(103)) - b5a25cc1-46d3-4381-a194-bd68f4526f1c: shutdown b5a25cc1-46d3-4381-a194-bd68f4526f1c@group-715EBF8096A7-LeaderStateImpl
2025-09-19 20:45:37,173 [b5a25cc1-46d3-4381-a194-bd68f4526f1c@group-88B5B3DD1307-StateMachineUpdater] INFO  ratis.ContainerStateMachine (ContainerStateMachine.java:takeSnapshot(427)) - group-88B5B3DD1307: Taking a snapshot at:(t:3, i:4) file /home/runner/work/ozone/ozone/hadoop-ozone/integration-test/target/test-dir/MiniOzoneClusterImpl-990002c2-bb69-4aa2-bd68-28a5e13e86ef/ozone-metadata/datanode-3/ratis/7b6acda8-b144-4fc3-891d-88b5b3dd1307/sm/snapshot.3_4
2025-09-19 20:45:37,173 [b5a25cc1-46d3-4381-a194-bd68f4526f1c-impl-thread3] INFO  impl.StateMachineUpdater (StateMachineUpdater.java:stopAndJoin(163)) - b5a25cc1-46d3-4381-a194-bd68f4526f1c@group-88B5B3DD1307-StateMachineUpdater: set stopIndex = 4
2025-09-19 20:45:37,173 [b5a25cc1-46d3-4381-a194-bd68f4526f1c@group-A751954341BD->8eb9963e-bce0-4155-aea2-e442cadff8bd-GrpcLogAppender-LogAppenderDaemon] WARN  server.GrpcLogAppender (GrpcLogAppender.java:mayWait(300)) - b5a25cc1-46d3-4381-a194-bd68f4526f1c@group-A751954341BD->8eb9963e-bce0-4155-aea2-e442cadff8bd-GrpcLogAppender: Wait interrupted by java.lang.InterruptedException
2025-09-19 20:45:37,173 [b5a25cc1-46d3-4381-a194-bd68f4526f1c@group-715EBF8096A7->8eb9963e-bce0-4155-aea2-e442cadff8bd-GrpcLogAppender-LogAppenderDaemon] WARN  server.GrpcLogAppender (GrpcLogAppender.java:mayWait(300)) - b5a25cc1-46d3-4381-a194-bd68f4526f1c@group-715EBF8096A7->8eb9963e-bce0-4155-aea2-e442cadff8bd-GrpcLogAppender: Wait interrupted by java.lang.InterruptedException
2025-09-19 20:45:37,173 [b5a25cc1-46d3-4381-a194-bd68f4526f1c@group-A751954341BD->0df1231c-9f8a-4757-a7d0-f6d7f53bc482-GrpcLogAppender-LogAppenderDaemon] WARN  server.GrpcLogAppender (GrpcLogAppender.java:mayWait(300)) - b5a25cc1-46d3-4381-a194-bd68f4526f1c@group-A751954341BD->0df1231c-9f8a-4757-a7d0-f6d7f53bc482-GrpcLogAppender: Wait interrupted by java.lang.InterruptedException
2025-09-19 20:45:37,173 [b5a25cc1-46d3-4381-a194-bd68f4526f1c-impl-thread1] INFO  impl.StateMachineUpdater (StateMachineUpdater.java:stopAndJoin(163)) - b5a25cc1-46d3-4381-a194-bd68f4526f1c@group-A751954341BD-StateMachineUpdater: set stopIndex = 24
2025-09-19 20:45:37,174 [b5a25cc1-46d3-4381-a194-bd68f4526f1c@group-715EBF8096A7->0df1231c-9f8a-4757-a7d0-f6d7f53bc482-GrpcLogAppender-LogAppenderDaemon] WARN  server.GrpcLogAppender (GrpcLogAppender.java:mayWait(300)) - b5a25cc1-46d3-4381-a194-bd68f4526f1c@group-715EBF8096A7->0df1231c-9f8a-4757-a7d0-f6d7f53bc482-GrpcLogAppender: Wait interrupted by java.lang.InterruptedException
2025-09-19 20:45:37,174 [b5a25cc1-46d3-4381-a194-bd68f4526f1c@group-A751954341BD-StateMachineUpdater] INFO  ratis.ContainerStateMachine (ContainerStateMachine.java:takeSnapshot(427)) - group-A751954341BD: Taking a snapshot at:(t:4, i:24) file /home/runner/work/ozone/ozone/hadoop-ozone/integration-test/target/test-dir/MiniOzoneClusterImpl-990002c2-bb69-4aa2-bd68-28a5e13e86ef/ozone-metadata/datanode-3/ratis/e102d630-0766-4c9c-a6ac-a751954341bd/sm/snapshot.4_24
2025-09-19 20:45:37,174 [grpc-default-executor-7] INFO  server.GrpcServerProtocolService (GrpcServerProtocolService.java:lambda$null$7(175)) - 0df1231c-9f8a-4757-a7d0-f6d7f53bc482: Completed APPEND_ENTRIES, lastReply: null 
2025-09-19 20:45:37,173 [b5a25cc1-46d3-4381-a194-bd68f4526f1c-impl-thread2] INFO  impl.PendingRequests (PendingRequests.java:sendNotLeaderResponses(287)) - b5a25cc1-46d3-4381-a194-bd68f4526f1c@group-715EBF8096A7-PendingRequests: sendNotLeaderResponses
2025-09-19 20:45:37,174 [grpc-default-executor-8] INFO  server.GrpcServerProtocolService (GrpcServerProtocolService.java:lambda$onCompleted$6(171)) - 0df1231c-9f8a-4757-a7d0-f6d7f53bc482: Completed APPEND_ENTRIES, lastRequest: b5a25cc1-46d3-4381-a194-bd68f4526f1c->0df1231c-9f8a-4757-a7d0-f6d7f53bc482#2-t4,previous=(t:4, i:23),leaderCommit=23,initializing? false,entries: size=1, first=(t:4, i:24), METADATAENTRY(c:23) 
2025-09-19 20:45:37,175 [b5a25cc1-46d3-4381-a194-bd68f4526f1c@group-88B5B3DD1307-StateMachineUpdater] INFO  ratis.ContainerStateMachine (ContainerStateMachine.java:takeSnapshot(436)) - group-88B5B3DD1307: Finished taking a snapshot at:(t:3, i:4) file:/home/runner/work/ozone/ozone/hadoop-ozone/integration-test/target/test-dir/MiniOzoneClusterImpl-990002c2-bb69-4aa2-bd68-28a5e13e86ef/ozone-metadata/datanode-3/ratis/7b6acda8-b144-4fc3-891d-88b5b3dd1307/sm/snapshot.3_4 took: 2 ms
2025-09-19 20:45:37,175 [grpc-default-executor-3] INFO  server.GrpcLogAppender (GrpcLogAppender.java:onCompleted(558)) - b5a25cc1-46d3-4381-a194-bd68f4526f1c@group-715EBF8096A7->0df1231c-9f8a-4757-a7d0-f6d7f53bc482-AppendLogResponseHandler: follower responses appendEntries COMPLETED
2025-09-19 20:45:37,175 [grpc-default-executor-3] WARN  server.GrpcLogAppender (GrpcLogAppender.java:resetClient(237)) - b5a25cc1-46d3-4381-a194-bd68f4526f1c@group-715EBF8096A7->0df1231c-9f8a-4757-a7d0-f6d7f53bc482-GrpcLogAppender: Failed to getClient for 0df1231c-9f8a-4757-a7d0-f6d7f53bc482
org.apache.ratis.protocol.exceptions.AlreadyClosedException: b5a25cc1-46d3-4381-a194-bd68f4526f1c is already CLOSED
	at org.apache.ratis.util.PeerProxyMap$PeerAndProxy.getProxy(PeerProxyMap.java:67)
	at org.apache.ratis.util.PeerProxyMap.getProxy(PeerProxyMap.java:124)
	at org.apache.ratis.grpc.server.GrpcLogAppender.getClient(GrpcLogAppender.java:207)
	at org.apache.ratis.grpc.server.GrpcLogAppender.resetClient(GrpcLogAppender.java:212)
	at org.apache.ratis.grpc.server.GrpcLogAppender.access$800(GrpcLogAppender.java:70)
	at org.apache.ratis.grpc.server.GrpcLogAppender$AppendLogResponseHandler.onCompleted(GrpcLogAppender.java:559)
	at org.apache.ratis.thirdparty.io.grpc.stub.ClientCalls$StreamObserverToCallListenerAdapter.onClose(ClientCalls.java:562)
	at org.apache.ratis.thirdparty.io.grpc.internal.ClientCallImpl.closeObserver(ClientCallImpl.java:565)
	at org.apache.ratis.thirdparty.io.grpc.internal.ClientCallImpl.access$100(ClientCallImpl.java:72)
	at org.apache.ratis.thirdparty.io.grpc.internal.ClientCallImpl$ClientStreamListenerImpl$1StreamClosed.runInternal(ClientCallImpl.java:733)
	at org.apache.ratis.thirdparty.io.grpc.internal.ClientCallImpl$ClientStreamListenerImpl$1StreamClosed.runInContext(ClientCallImpl.java:714)
	at org.apache.ratis.thirdparty.io.grpc.internal.ContextRunnable.run(ContextRunnable.java:37)
	at org.apache.ratis.thirdparty.io.grpc.internal.SerializingExecutor.run(SerializingExecutor.java:133)
	at java.base/java.util.concurrent.ThreadPoolExecutor.runWorker(ThreadPoolExecutor.java:1144)
	at java.base/java.util.concurrent.ThreadPoolExecutor$Worker.run(ThreadPoolExecutor.java:642)
	at java.base/java.lang.Thread.run(Thread.java:1583)
2025-09-19 20:45:37,175 [Thread-2307] INFO  server.GrpcServerProtocolClient (GrpcServerProtocolClient.java:close(105)) - 0df1231c-9f8a-4757-a7d0-f6d7f53bc482 Close channels
2025-09-19 20:45:37,175 [b5a25cc1-46d3-4381-a194-bd68f4526f1c@group-715EBF8096A7-StateMachineUpdater] INFO  ratis.ContainerStateMachine (ContainerStateMachine.java:takeSnapshot(427)) - group-715EBF8096A7: Taking a snapshot at:(t:7, i:16) file /home/runner/work/ozone/ozone/hadoop-ozone/integration-test/target/test-dir/MiniOzoneClusterImpl-990002c2-bb69-4aa2-bd68-28a5e13e86ef/ozone-metadata/datanode-3/ratis/958000d3-2396-49be-82e9-715ebf8096a7/sm/snapshot.7_16
2025-09-19 20:45:37,175 [Thread-2308] INFO  server.GrpcServerProtocolClient (GrpcServerProtocolClient.java:close(105)) - 8eb9963e-bce0-4155-aea2-e442cadff8bd Close channels
2025-09-19 20:45:37,175 [b5a25cc1-46d3-4381-a194-bd68f4526f1c-impl-thread2] INFO  impl.StateMachineUpdater (StateMachineUpdater.java:stopAndJoin(163)) - b5a25cc1-46d3-4381-a194-bd68f4526f1c@group-715EBF8096A7-StateMachineUpdater: set stopIndex = 16
2025-09-19 20:45:37,175 [grpc-default-executor-8] INFO  server.GrpcLogAppender (GrpcLogAppender.java:onCompleted(558)) - b5a25cc1-46d3-4381-a194-bd68f4526f1c@group-715EBF8096A7->0df1231c-9f8a-4757-a7d0-f6d7f53bc482-AppendLogResponseHandler: follower responses appendEntries COMPLETED
2025-09-19 20:45:37,175 [grpc-default-executor-7] INFO  server.GrpcLogAppender (GrpcLogAppender.java:onCompleted(558)) - b5a25cc1-46d3-4381-a194-bd68f4526f1c@group-A751954341BD->0df1231c-9f8a-4757-a7d0-f6d7f53bc482-AppendLogResponseHandler: follower responses appendEntries COMPLETED
2025-09-19 20:45:37,176 [grpc-default-executor-8] WARN  server.GrpcLogAppender (GrpcLogAppender.java:resetClient(237)) - b5a25cc1-46d3-4381-a194-bd68f4526f1c@group-715EBF8096A7->0df1231c-9f8a-4757-a7d0-f6d7f53bc482-GrpcLogAppender: Failed to getClient for 0df1231c-9f8a-4757-a7d0-f6d7f53bc482
org.apache.ratis.protocol.exceptions.AlreadyClosedException: b5a25cc1-46d3-4381-a194-bd68f4526f1c is already CLOSED
	at org.apache.ratis.util.PeerProxyMap$PeerAndProxy.getProxy(PeerProxyMap.java:67)
	at org.apache.ratis.util.PeerProxyMap.getProxy(PeerProxyMap.java:124)
	at org.apache.ratis.grpc.server.GrpcLogAppender.getClient(GrpcLogAppender.java:207)
	at org.apache.ratis.grpc.server.GrpcLogAppender.resetClient(GrpcLogAppender.java:212)
	at org.apache.ratis.grpc.server.GrpcLogAppender.access$800(GrpcLogAppender.java:70)
	at org.apache.ratis.grpc.server.GrpcLogAppender$AppendLogResponseHandler.onCompleted(GrpcLogAppender.java:559)
	at org.apache.ratis.thirdparty.io.grpc.stub.ClientCalls$StreamObserverToCallListenerAdapter.onClose(ClientCalls.java:562)
	at org.apache.ratis.thirdparty.io.grpc.internal.DelayedClientCall$DelayedListener$3.run(DelayedClientCall.java:489)
	at org.apache.ratis.thirdparty.io.grpc.internal.DelayedClientCall$DelayedListener.delayOrExecute(DelayedClientCall.java:453)
	at org.apache.ratis.thirdparty.io.grpc.internal.DelayedClientCall$DelayedListener.onClose(DelayedClientCall.java:486)
	at org.apache.ratis.thirdparty.io.grpc.internal.ClientCallImpl.closeObserver(ClientCallImpl.java:565)
	at org.apache.ratis.thirdparty.io.grpc.internal.ClientCallImpl.access$100(ClientCallImpl.java:72)
	at org.apache.ratis.thirdparty.io.grpc.internal.ClientCallImpl$ClientStreamListenerImpl$1StreamClosed.runInternal(ClientCallImpl.java:733)
	at org.apache.ratis.thirdparty.io.grpc.internal.ClientCallImpl$ClientStreamListenerImpl$1StreamClosed.runInContext(ClientCallImpl.java:714)
	at org.apache.ratis.thirdparty.io.grpc.internal.ContextRunnable.run(ContextRunnable.java:37)
	at org.apache.ratis.thirdparty.io.grpc.internal.SerializingExecutor.run(SerializingExecutor.java:133)
	at java.base/java.util.concurrent.ThreadPoolExecutor.runWorker(ThreadPoolExecutor.java:1144)
	at java.base/java.util.concurrent.ThreadPoolExecutor$Worker.run(ThreadPoolExecutor.java:642)
	at java.base/java.lang.Thread.run(Thread.java:1583)
2025-09-19 20:45:37,176 [b5a25cc1-46d3-4381-a194-bd68f4526f1c@group-A751954341BD-StateMachineUpdater] INFO  ratis.ContainerStateMachine (ContainerStateMachine.java:takeSnapshot(436)) - group-A751954341BD: Finished taking a snapshot at:(t:4, i:24) file:/home/runner/work/ozone/ozone/hadoop-ozone/integration-test/target/test-dir/MiniOzoneClusterImpl-990002c2-bb69-4aa2-bd68-28a5e13e86ef/ozone-metadata/datanode-3/ratis/e102d630-0766-4c9c-a6ac-a751954341bd/sm/snapshot.4_24 took: 2 ms
2025-09-19 20:45:37,176 [b5a25cc1-46d3-4381-a194-bd68f4526f1c@group-A751954341BD-StateMachineUpdater] INFO  impl.StateMachineUpdater (StateMachineUpdater.java:takeSnapshot(307)) - b5a25cc1-46d3-4381-a194-bd68f4526f1c@group-A751954341BD-StateMachineUpdater: Took a snapshot at index 24
2025-09-19 20:45:37,176 [b5a25cc1-46d3-4381-a194-bd68f4526f1c@group-A751954341BD-StateMachineUpdater] INFO  impl.StateMachineUpdater (StateMachineUpdater.java:lambda$new$0(101)) - b5a25cc1-46d3-4381-a194-bd68f4526f1c@group-A751954341BD-StateMachineUpdater: snapshotIndex: updateIncreasingly 13 -> 24
2025-09-19 20:45:37,176 [b5a25cc1-46d3-4381-a194-bd68f4526f1c@group-A751954341BD-StateMachineUpdater] INFO  impl.StateMachineUpdater (StateMachineUpdater.java:stop(140)) - b5a25cc1-46d3-4381-a194-bd68f4526f1c@group-A751954341BD-StateMachineUpdater: closing ContainerStateMachine, lastApplied=(t:4, i:24)
2025-09-19 20:45:37,177 [b5a25cc1-46d3-4381-a194-bd68f4526f1c@group-A751954341BD-cacheEviction-AwaitToRun] INFO  util.AwaitToRun (AwaitToRun.java:run(49)) - b5a25cc1-46d3-4381-a194-bd68f4526f1c@group-A751954341BD-cacheEviction-AwaitToRun-AwaitForSignal is interrupted
2025-09-19 20:45:37,177 [ForkJoinPool-1-worker-1] INFO  server.GrpcServicesImpl (GrpcServicesImpl.java:closeImpl(364)) - b5a25cc1-46d3-4381-a194-bd68f4526f1c: shutdown server org.apache.ratis.grpc.server.GrpcClientProtocolService successfully
2025-09-19 20:45:37,177 [ForkJoinPool-1-worker-1] INFO  server.GrpcServicesImpl (GrpcServicesImpl.java:closeImpl(355)) - b5a25cc1-46d3-4381-a194-bd68f4526f1c: shutdown server GrpcServerProtocolService now
2025-09-19 20:45:37,175 [grpc-default-executor-2] INFO  server.GrpcLogAppender (GrpcLogAppender.java:onCompleted(558)) - b5a25cc1-46d3-4381-a194-bd68f4526f1c@group-A751954341BD->0df1231c-9f8a-4757-a7d0-f6d7f53bc482-AppendLogResponseHandler: follower responses appendEntries COMPLETED
2025-09-19 20:45:37,177 [grpc-default-executor-2] WARN  server.GrpcLogAppender (GrpcLogAppender.java:resetClient(237)) - b5a25cc1-46d3-4381-a194-bd68f4526f1c@group-A751954341BD->0df1231c-9f8a-4757-a7d0-f6d7f53bc482-GrpcLogAppender: Failed to getClient for 0df1231c-9f8a-4757-a7d0-f6d7f53bc482
org.apache.ratis.protocol.exceptions.AlreadyClosedException: b5a25cc1-46d3-4381-a194-bd68f4526f1c is already CLOSED
	at org.apache.ratis.util.PeerProxyMap$PeerAndProxy.getProxy(PeerProxyMap.java:67)
	at org.apache.ratis.util.PeerProxyMap.getProxy(PeerProxyMap.java:124)
	at org.apache.ratis.grpc.server.GrpcLogAppender.getClient(GrpcLogAppender.java:207)
	at org.apache.ratis.grpc.server.GrpcLogAppender.resetClient(GrpcLogAppender.java:212)
	at org.apache.ratis.grpc.server.GrpcLogAppender.access$800(GrpcLogAppender.java:70)
	at org.apache.ratis.grpc.server.GrpcLogAppender$AppendLogResponseHandler.onCompleted(GrpcLogAppender.java:559)
	at org.apache.ratis.thirdparty.io.grpc.stub.ClientCalls$StreamObserverToCallListenerAdapter.onClose(ClientCalls.java:562)
	at org.apache.ratis.thirdparty.io.grpc.internal.ClientCallImpl.closeObserver(ClientCallImpl.java:565)
	at org.apache.ratis.thirdparty.io.grpc.internal.ClientCallImpl.access$100(ClientCallImpl.java:72)
	at org.apache.ratis.thirdparty.io.grpc.internal.ClientCallImpl$ClientStreamListenerImpl$1StreamClosed.runInternal(ClientCallImpl.java:733)
	at org.apache.ratis.thirdparty.io.grpc.internal.ClientCallImpl$ClientStreamListenerImpl$1StreamClosed.runInContext(ClientCallImpl.java:714)
	at org.apache.ratis.thirdparty.io.grpc.internal.ContextRunnable.run(ContextRunnable.java:37)
	at org.apache.ratis.thirdparty.io.grpc.internal.SerializingExecutor.run(SerializingExecutor.java:133)
	at java.base/java.util.concurrent.ThreadPoolExecutor.runWorker(ThreadPoolExecutor.java:1144)
	at java.base/java.util.concurrent.ThreadPoolExecutor$Worker.run(ThreadPoolExecutor.java:642)
	at java.base/java.lang.Thread.run(Thread.java:1583)
2025-09-19 20:45:37,175 [b5a25cc1-46d3-4381-a194-bd68f4526f1c@group-88B5B3DD1307-StateMachineUpdater] INFO  impl.StateMachineUpdater (StateMachineUpdater.java:takeSnapshot(307)) - b5a25cc1-46d3-4381-a194-bd68f4526f1c@group-88B5B3DD1307-StateMachineUpdater: Took a snapshot at index 4
2025-09-19 20:45:37,178 [b5a25cc1-46d3-4381-a194-bd68f4526f1c@group-88B5B3DD1307-StateMachineUpdater] INFO  impl.StateMachineUpdater (StateMachineUpdater.java:lambda$new$0(101)) - b5a25cc1-46d3-4381-a194-bd68f4526f1c@group-88B5B3DD1307-StateMachineUpdater: snapshotIndex: updateIncreasingly 2 -> 4
2025-09-19 20:45:37,178 [b5a25cc1-46d3-4381-a194-bd68f4526f1c@group-88B5B3DD1307-StateMachineUpdater] INFO  impl.StateMachineUpdater (StateMachineUpdater.java:stop(140)) - b5a25cc1-46d3-4381-a194-bd68f4526f1c@group-88B5B3DD1307-StateMachineUpdater: closing ContainerStateMachine, lastApplied=(t:3, i:4)
2025-09-19 20:45:37,178 [b5a25cc1-46d3-4381-a194-bd68f4526f1c@group-715EBF8096A7-StateMachineUpdater] INFO  ratis.ContainerStateMachine (ContainerStateMachine.java:takeSnapshot(436)) - group-715EBF8096A7: Finished taking a snapshot at:(t:7, i:16) file:/home/runner/work/ozone/ozone/hadoop-ozone/integration-test/target/test-dir/MiniOzoneClusterImpl-990002c2-bb69-4aa2-bd68-28a5e13e86ef/ozone-metadata/datanode-3/ratis/958000d3-2396-49be-82e9-715ebf8096a7/sm/snapshot.7_16 took: 3 ms
2025-09-19 20:45:37,178 [ForkJoinPool-1-worker-1] INFO  server.GrpcServicesImpl (GrpcServicesImpl.java:closeImpl(364)) - b5a25cc1-46d3-4381-a194-bd68f4526f1c: shutdown server GrpcServerProtocolService successfully
2025-09-19 20:45:37,178 [ForkJoinPool-1-worker-1] INFO  server.GrpcServicesImpl (GrpcServicesImpl.java:closeImpl(355)) - b5a25cc1-46d3-4381-a194-bd68f4526f1c: shutdown server org.apache.ratis.grpc.server.GrpcAdminProtocolService now
2025-09-19 20:45:37,176 [grpc-default-executor-7] WARN  server.GrpcLogAppender (GrpcLogAppender.java:resetClient(237)) - b5a25cc1-46d3-4381-a194-bd68f4526f1c@group-A751954341BD->0df1231c-9f8a-4757-a7d0-f6d7f53bc482-GrpcLogAppender: Failed to getClient for 0df1231c-9f8a-4757-a7d0-f6d7f53bc482
org.apache.ratis.protocol.exceptions.AlreadyClosedException: b5a25cc1-46d3-4381-a194-bd68f4526f1c is already CLOSED
	at org.apache.ratis.util.PeerProxyMap$PeerAndProxy.getProxy(PeerProxyMap.java:67)
	at org.apache.ratis.util.PeerProxyMap.getProxy(PeerProxyMap.java:124)
	at org.apache.ratis.grpc.server.GrpcLogAppender.getClient(GrpcLogAppender.java:207)
	at org.apache.ratis.grpc.server.GrpcLogAppender.resetClient(GrpcLogAppender.java:212)
	at org.apache.ratis.grpc.server.GrpcLogAppender.access$800(GrpcLogAppender.java:70)
	at org.apache.ratis.grpc.server.GrpcLogAppender$AppendLogResponseHandler.onCompleted(GrpcLogAppender.java:559)
	at org.apache.ratis.thirdparty.io.grpc.stub.ClientCalls$StreamObserverToCallListenerAdapter.onClose(ClientCalls.java:562)
	at org.apache.ratis.thirdparty.io.grpc.internal.ClientCallImpl.closeObserver(ClientCallImpl.java:565)
	at org.apache.ratis.thirdparty.io.grpc.internal.ClientCallImpl.access$100(ClientCallImpl.java:72)
	at org.apache.ratis.thirdparty.io.grpc.internal.ClientCallImpl$ClientStreamListenerImpl$1StreamClosed.runInternal(ClientCallImpl.java:733)
	at org.apache.ratis.thirdparty.io.grpc.internal.ClientCallImpl$ClientStreamListenerImpl$1StreamClosed.runInContext(ClientCallImpl.java:714)
	at org.apache.ratis.thirdparty.io.grpc.internal.ContextRunnable.run(ContextRunnable.java:37)
	at org.apache.ratis.thirdparty.io.grpc.internal.SerializingExecutor.run(SerializingExecutor.java:133)
	at java.base/java.util.concurrent.ThreadPoolExecutor.runWorker(ThreadPoolExecutor.java:1144)
	at java.base/java.util.concurrent.ThreadPoolExecutor$Worker.run(ThreadPoolExecutor.java:642)
	at java.base/java.lang.Thread.run(Thread.java:1583)
2025-09-19 20:45:37,178 [b5a25cc1-46d3-4381-a194-bd68f4526f1c@group-88B5B3DD1307-cacheEviction-AwaitToRun] INFO  util.AwaitToRun (AwaitToRun.java:run(49)) - b5a25cc1-46d3-4381-a194-bd68f4526f1c@group-88B5B3DD1307-cacheEviction-AwaitToRun-AwaitForSignal is interrupted
2025-09-19 20:45:37,178 [ForkJoinPool-1-worker-1] INFO  server.GrpcServicesImpl (GrpcServicesImpl.java:closeImpl(364)) - b5a25cc1-46d3-4381-a194-bd68f4526f1c: shutdown server org.apache.ratis.grpc.server.GrpcAdminProtocolService successfully
2025-09-19 20:45:37,178 [b5a25cc1-46d3-4381-a194-bd68f4526f1c@group-715EBF8096A7-StateMachineUpdater] INFO  impl.StateMachineUpdater (StateMachineUpdater.java:takeSnapshot(307)) - b5a25cc1-46d3-4381-a194-bd68f4526f1c@group-715EBF8096A7-StateMachineUpdater: Took a snapshot at index 16
2025-09-19 20:45:37,179 [b5a25cc1-46d3-4381-a194-bd68f4526f1c@group-715EBF8096A7-StateMachineUpdater] INFO  impl.StateMachineUpdater (StateMachineUpdater.java:lambda$new$0(101)) - b5a25cc1-46d3-4381-a194-bd68f4526f1c@group-715EBF8096A7-StateMachineUpdater: snapshotIndex: updateIncreasingly 10 -> 16
2025-09-19 20:45:37,179 [b5a25cc1-46d3-4381-a194-bd68f4526f1c@group-715EBF8096A7-StateMachineUpdater] INFO  impl.StateMachineUpdater (StateMachineUpdater.java:stop(140)) - b5a25cc1-46d3-4381-a194-bd68f4526f1c@group-715EBF8096A7-StateMachineUpdater: closing ContainerStateMachine, lastApplied=(t:7, i:16)
2025-09-19 20:45:37,179 [b5a25cc1-46d3-4381-a194-bd68f4526f1c@group-715EBF8096A7-cacheEviction-AwaitToRun] INFO  util.AwaitToRun (AwaitToRun.java:run(49)) - b5a25cc1-46d3-4381-a194-bd68f4526f1c@group-715EBF8096A7-cacheEviction-AwaitToRun-AwaitForSignal is interrupted
2025-09-19 20:45:37,180 [b5a25cc1-46d3-4381-a194-bd68f4526f1c-NettyServerStreamRpc-bossGroup--thread1] INFO  logging.LoggingHandler (AbstractInternalLogger.java:log(148)) - [id: 0x357c88f9, L:/0.0.0.0:15032] CLOSE
2025-09-19 20:45:37,180 [b5a25cc1-46d3-4381-a194-bd68f4526f1c-NettyServerStreamRpc-bossGroup--thread1] INFO  logging.LoggingHandler (AbstractInternalLogger.java:log(148)) - [id: 0x357c88f9, L:/0.0.0.0:15032] INACTIVE
2025-09-19 20:45:37,180 [b5a25cc1-46d3-4381-a194-bd68f4526f1c-NettyServerStreamRpc-bossGroup--thread1] INFO  logging.LoggingHandler (AbstractInternalLogger.java:log(148)) - [id: 0x357c88f9, L:/0.0.0.0:15032] UNREGISTERED
2025-09-19 20:45:37,418 [b5a25cc1-46d3-4381-a194-bd68f4526f1c-impl-thread2] INFO  segmented.SegmentedRaftLogWorker (SegmentedRaftLogWorker.java:close(254)) - b5a25cc1-46d3-4381-a194-bd68f4526f1c@group-715EBF8096A7-SegmentedRaftLogWorker close()
2025-09-19 20:45:37,418 [b5a25cc1-46d3-4381-a194-bd68f4526f1c-impl-thread2] INFO  ratis.ContainerStateMachine (ContainerStateMachine.java:notifyServerShutdown(1038)) - group-715EBF8096A7 is closed by HddsDatanodeService
2025-09-19 20:45:37,440 [b5a25cc1-46d3-4381-a194-bd68f4526f1c-impl-thread1] INFO  segmented.SegmentedRaftLogWorker (SegmentedRaftLogWorker.java:close(254)) - b5a25cc1-46d3-4381-a194-bd68f4526f1c@group-A751954341BD-SegmentedRaftLogWorker close()
2025-09-19 20:45:37,440 [b5a25cc1-46d3-4381-a194-bd68f4526f1c-impl-thread1] INFO  ratis.ContainerStateMachine (ContainerStateMachine.java:notifyServerShutdown(1038)) - group-A751954341BD is closed by HddsDatanodeService
2025-09-19 20:45:37,894 [b5a25cc1-46d3-4381-a194-bd68f4526f1c-impl-thread3] INFO  segmented.SegmentedRaftLogWorker (SegmentedRaftLogWorker.java:close(254)) - b5a25cc1-46d3-4381-a194-bd68f4526f1c@group-88B5B3DD1307-SegmentedRaftLogWorker close()
2025-09-19 20:45:37,894 [b5a25cc1-46d3-4381-a194-bd68f4526f1c-impl-thread3] INFO  ratis.ContainerStateMachine (ContainerStateMachine.java:notifyServerShutdown(1038)) - group-88B5B3DD1307 is closed by HddsDatanodeService
2025-09-19 20:45:37,894 [JvmPauseMonitor15] INFO  util.JvmPauseMonitor (JvmPauseMonitor.java:run(152)) - JvmPauseMonitor-b5a25cc1-46d3-4381-a194-bd68f4526f1c: Stopped
2025-09-19 20:45:38,435 [timer0] WARN  server.GrpcLogAppender (LogUtils.java:warn(127)) - b5a25cc1-46d3-4381-a194-bd68f4526f1c@group-A751954341BD->8eb9963e-bce0-4155-aea2-e442cadff8bd-AppendLogResponseHandler: Failed appendEntries (Repeated 22 times in the last 5.003s): org.apache.ratis.thirdparty.io.grpc.StatusRuntimeException: UNAVAILABLE: io exception
  Caused by: org.apache.ratis.thirdparty.io.netty.channel.AbstractChannel$AnnotatedConnectException: finishConnect(..) failed: Connection refused: /127.0.0.1:15015
  Caused by: java.net.ConnectException: finishConnect(..) failed: Connection refused
2025-09-19 20:45:38,599 [0df1231c-9f8a-4757-a7d0-f6d7f53bc482@group-715EBF8096A7-FollowerState] INFO  impl.FollowerState (FollowerState.java:runImpl(161)) - 0df1231c-9f8a-4757-a7d0-f6d7f53bc482@group-715EBF8096A7-FollowerState: change to CANDIDATE, lastRpcElapsedTime:1651587351ns, electionTimeout:1056ms
2025-09-19 20:45:38,599 [0df1231c-9f8a-4757-a7d0-f6d7f53bc482@group-715EBF8096A7-FollowerState] INFO  impl.RoleInfo (RoleInfo.java:shutdownFollowerState(121)) - 0df1231c-9f8a-4757-a7d0-f6d7f53bc482: shutdown 0df1231c-9f8a-4757-a7d0-f6d7f53bc482@group-715EBF8096A7-FollowerState
2025-09-19 20:45:38,599 [0df1231c-9f8a-4757-a7d0-f6d7f53bc482@group-715EBF8096A7-FollowerState] INFO  server.RaftServer$Division (RaftServerImpl.java:setRole(392)) - 0df1231c-9f8a-4757-a7d0-f6d7f53bc482@group-715EBF8096A7: changes role from  FOLLOWER to CANDIDATE at term 7 for changeToCandidate
2025-09-19 20:45:38,599 [0df1231c-9f8a-4757-a7d0-f6d7f53bc482@group-715EBF8096A7-FollowerState] INFO  impl.RoleInfo (RoleInfo.java:updateAndGet(148)) - 0df1231c-9f8a-4757-a7d0-f6d7f53bc482: start 0df1231c-9f8a-4757-a7d0-f6d7f53bc482@group-715EBF8096A7-LeaderElection233
2025-09-19 20:45:38,599 [0df1231c-9f8a-4757-a7d0-f6d7f53bc482@group-715EBF8096A7-LeaderElection233] INFO  server.RaftServer$Division (ServerState.java:setLeader(272)) - 0df1231c-9f8a-4757-a7d0-f6d7f53bc482@group-715EBF8096A7: change Leader from b5a25cc1-46d3-4381-a194-bd68f4526f1c to null at term 7 for PRE_VOTE
2025-09-19 20:45:38,599 [0df1231c-9f8a-4757-a7d0-f6d7f53bc482@group-715EBF8096A7-LeaderElection233] INFO  impl.LeaderElection (LeaderElection.java:askForVotes(448)) - 0df1231c-9f8a-4757-a7d0-f6d7f53bc482@group-715EBF8096A7-LeaderElection233 PRE_VOTE round 0: submit vote requests at term 7 for conf: {index: 15, cur=peers:[b5a25cc1-46d3-4381-a194-bd68f4526f1c|127.0.0.1:15031, 0df1231c-9f8a-4757-a7d0-f6d7f53bc482|127.0.0.1:15023, 8eb9963e-bce0-4155-aea2-e442cadff8bd|127.0.0.1:15015]|listeners:[], old=null}
2025-09-19 20:45:38,601 [0df1231c-9f8a-4757-a7d0-f6d7f53bc482@group-715EBF8096A7-LeaderElection233] INFO  impl.LeaderElection (LogUtils.java:infoOrTrace(142)) - 0df1231c-9f8a-4757-a7d0-f6d7f53bc482@group-715EBF8096A7-LeaderElection233 got exception when requesting votes: java.util.concurrent.ExecutionException: org.apache.ratis.thirdparty.io.grpc.StatusRuntimeException: UNAVAILABLE: io exception
2025-09-19 20:45:38,601 [0df1231c-9f8a-4757-a7d0-f6d7f53bc482@group-715EBF8096A7-LeaderElection233] INFO  impl.LeaderElection (LogUtils.java:infoOrTrace(142)) - 0df1231c-9f8a-4757-a7d0-f6d7f53bc482@group-715EBF8096A7-LeaderElection233 got exception when requesting votes: java.util.concurrent.ExecutionException: org.apache.ratis.thirdparty.io.grpc.StatusRuntimeException: UNAVAILABLE: io exception
2025-09-19 20:45:38,601 [0df1231c-9f8a-4757-a7d0-f6d7f53bc482@group-715EBF8096A7-LeaderElection233] INFO  impl.LeaderElection (LeaderElection.java:logAndReturn(206)) - 0df1231c-9f8a-4757-a7d0-f6d7f53bc482@group-715EBF8096A7-LeaderElection233: PRE_VOTE REJECTED received 0 response(s) and 2 exception(s):
2025-09-19 20:45:38,601 [0df1231c-9f8a-4757-a7d0-f6d7f53bc482@group-715EBF8096A7-LeaderElection233] INFO  impl.LeaderElection (LogUtils.java:infoOrTrace(142)) -   Exception 0: java.util.concurrent.ExecutionException: org.apache.ratis.thirdparty.io.grpc.StatusRuntimeException: UNAVAILABLE: io exception
2025-09-19 20:45:38,601 [0df1231c-9f8a-4757-a7d0-f6d7f53bc482@group-715EBF8096A7-LeaderElection233] INFO  impl.LeaderElection (LogUtils.java:infoOrTrace(142)) -   Exception 1: java.util.concurrent.ExecutionException: org.apache.ratis.thirdparty.io.grpc.StatusRuntimeException: UNAVAILABLE: io exception
2025-09-19 20:45:38,601 [0df1231c-9f8a-4757-a7d0-f6d7f53bc482@group-715EBF8096A7-LeaderElection233] INFO  impl.LeaderElection (LeaderElection.java:askForVotes(450)) - 0df1231c-9f8a-4757-a7d0-f6d7f53bc482@group-715EBF8096A7-LeaderElection233 PRE_VOTE round 0: result REJECTED
2025-09-19 20:45:38,601 [0df1231c-9f8a-4757-a7d0-f6d7f53bc482@group-715EBF8096A7-LeaderElection233] INFO  server.RaftServer$Division (RaftServerImpl.java:setRole(392)) - 0df1231c-9f8a-4757-a7d0-f6d7f53bc482@group-715EBF8096A7: changes role from CANDIDATE to FOLLOWER at term 7 for REJECTED
2025-09-19 20:45:38,601 [0df1231c-9f8a-4757-a7d0-f6d7f53bc482@group-715EBF8096A7-LeaderElection233] INFO  impl.RoleInfo (RoleInfo.java:shutdownLeaderElection(141)) - 0df1231c-9f8a-4757-a7d0-f6d7f53bc482: shutdown 0df1231c-9f8a-4757-a7d0-f6d7f53bc482@group-715EBF8096A7-LeaderElection233
2025-09-19 20:45:38,601 [0df1231c-9f8a-4757-a7d0-f6d7f53bc482@group-715EBF8096A7-LeaderElection233] INFO  impl.RoleInfo (RoleInfo.java:updateAndGet(148)) - 0df1231c-9f8a-4757-a7d0-f6d7f53bc482: start 0df1231c-9f8a-4757-a7d0-f6d7f53bc482@group-715EBF8096A7-FollowerState
2025-09-19 20:45:38,792 [0df1231c-9f8a-4757-a7d0-f6d7f53bc482@group-A751954341BD-FollowerState] INFO  impl.FollowerState (FollowerState.java:runImpl(161)) - 0df1231c-9f8a-4757-a7d0-f6d7f53bc482@group-A751954341BD-FollowerState: change to CANDIDATE, lastRpcElapsedTime:1845154848ns, electionTimeout:1031ms
2025-09-19 20:45:38,792 [0df1231c-9f8a-4757-a7d0-f6d7f53bc482@group-A751954341BD-FollowerState] INFO  impl.RoleInfo (RoleInfo.java:shutdownFollowerState(121)) - 0df1231c-9f8a-4757-a7d0-f6d7f53bc482: shutdown 0df1231c-9f8a-4757-a7d0-f6d7f53bc482@group-A751954341BD-FollowerState
2025-09-19 20:45:38,792 [0df1231c-9f8a-4757-a7d0-f6d7f53bc482@group-A751954341BD-FollowerState] INFO  server.RaftServer$Division (RaftServerImpl.java:setRole(392)) - 0df1231c-9f8a-4757-a7d0-f6d7f53bc482@group-A751954341BD: changes role from  FOLLOWER to CANDIDATE at term 4 for changeToCandidate
2025-09-19 20:45:38,792 [0df1231c-9f8a-4757-a7d0-f6d7f53bc482@group-A751954341BD-FollowerState] INFO  impl.RoleInfo (RoleInfo.java:updateAndGet(148)) - 0df1231c-9f8a-4757-a7d0-f6d7f53bc482: start 0df1231c-9f8a-4757-a7d0-f6d7f53bc482@group-A751954341BD-LeaderElection234
2025-09-19 20:45:38,792 [0df1231c-9f8a-4757-a7d0-f6d7f53bc482@group-A751954341BD-LeaderElection234] INFO  server.RaftServer$Division (ServerState.java:setLeader(272)) - 0df1231c-9f8a-4757-a7d0-f6d7f53bc482@group-A751954341BD: change Leader from b5a25cc1-46d3-4381-a194-bd68f4526f1c to null at term 4 for PRE_VOTE
2025-09-19 20:45:38,793 [0df1231c-9f8a-4757-a7d0-f6d7f53bc482@group-A751954341BD-LeaderElection234] INFO  impl.LeaderElection (LeaderElection.java:askForVotes(448)) - 0df1231c-9f8a-4757-a7d0-f6d7f53bc482@group-A751954341BD-LeaderElection234 PRE_VOTE round 0: submit vote requests at term 4 for conf: {index: 23, cur=peers:[b5a25cc1-46d3-4381-a194-bd68f4526f1c|127.0.0.1:15031, 0df1231c-9f8a-4757-a7d0-f6d7f53bc482|127.0.0.1:15023, 8eb9963e-bce0-4155-aea2-e442cadff8bd|127.0.0.1:15015]|listeners:[], old=null}
2025-09-19 20:45:38,793 [0df1231c-9f8a-4757-a7d0-f6d7f53bc482@group-A751954341BD-LeaderElection234] INFO  impl.LeaderElection (LogUtils.java:infoOrTrace(142)) - 0df1231c-9f8a-4757-a7d0-f6d7f53bc482@group-A751954341BD-LeaderElection234 got exception when requesting votes: java.util.concurrent.ExecutionException: org.apache.ratis.thirdparty.io.grpc.StatusRuntimeException: UNAVAILABLE: io exception
2025-09-19 20:45:38,793 [0df1231c-9f8a-4757-a7d0-f6d7f53bc482@group-A751954341BD-LeaderElection234] INFO  impl.LeaderElection (LogUtils.java:infoOrTrace(142)) - 0df1231c-9f8a-4757-a7d0-f6d7f53bc482@group-A751954341BD-LeaderElection234 got exception when requesting votes: java.util.concurrent.ExecutionException: org.apache.ratis.thirdparty.io.grpc.StatusRuntimeException: UNAVAILABLE: io exception
2025-09-19 20:45:38,793 [0df1231c-9f8a-4757-a7d0-f6d7f53bc482@group-A751954341BD-LeaderElection234] INFO  impl.LeaderElection (LeaderElection.java:logAndReturn(206)) - 0df1231c-9f8a-4757-a7d0-f6d7f53bc482@group-A751954341BD-LeaderElection234: PRE_VOTE REJECTED received 0 response(s) and 2 exception(s):
2025-09-19 20:45:38,793 [0df1231c-9f8a-4757-a7d0-f6d7f53bc482@group-A751954341BD-LeaderElection234] INFO  impl.LeaderElection (LogUtils.java:infoOrTrace(142)) -   Exception 0: java.util.concurrent.ExecutionException: org.apache.ratis.thirdparty.io.grpc.StatusRuntimeException: UNAVAILABLE: io exception
2025-09-19 20:45:38,793 [0df1231c-9f8a-4757-a7d0-f6d7f53bc482@group-A751954341BD-LeaderElection234] INFO  impl.LeaderElection (LogUtils.java:infoOrTrace(142)) -   Exception 1: java.util.concurrent.ExecutionException: org.apache.ratis.thirdparty.io.grpc.StatusRuntimeException: UNAVAILABLE: io exception
2025-09-19 20:45:38,793 [0df1231c-9f8a-4757-a7d0-f6d7f53bc482@group-A751954341BD-LeaderElection234] INFO  impl.LeaderElection (LeaderElection.java:askForVotes(450)) - 0df1231c-9f8a-4757-a7d0-f6d7f53bc482@group-A751954341BD-LeaderElection234 PRE_VOTE round 0: result REJECTED
2025-09-19 20:45:38,793 [0df1231c-9f8a-4757-a7d0-f6d7f53bc482@group-A751954341BD-LeaderElection234] INFO  server.RaftServer$Division (RaftServerImpl.java:setRole(392)) - 0df1231c-9f8a-4757-a7d0-f6d7f53bc482@group-A751954341BD: changes role from CANDIDATE to FOLLOWER at term 4 for REJECTED
2025-09-19 20:45:38,793 [0df1231c-9f8a-4757-a7d0-f6d7f53bc482@group-A751954341BD-LeaderElection234] INFO  impl.RoleInfo (RoleInfo.java:shutdownLeaderElection(141)) - 0df1231c-9f8a-4757-a7d0-f6d7f53bc482: shutdown 0df1231c-9f8a-4757-a7d0-f6d7f53bc482@group-A751954341BD-LeaderElection234
2025-09-19 20:45:38,793 [0df1231c-9f8a-4757-a7d0-f6d7f53bc482@group-A751954341BD-LeaderElection234] INFO  impl.RoleInfo (RoleInfo.java:updateAndGet(148)) - 0df1231c-9f8a-4757-a7d0-f6d7f53bc482: start 0df1231c-9f8a-4757-a7d0-f6d7f53bc482@group-A751954341BD-FollowerState
2025-09-19 20:45:39,725 [0df1231c-9f8a-4757-a7d0-f6d7f53bc482@group-715EBF8096A7-FollowerState] INFO  impl.FollowerState (FollowerState.java:runImpl(161)) - 0df1231c-9f8a-4757-a7d0-f6d7f53bc482@group-715EBF8096A7-FollowerState: change to CANDIDATE, lastRpcElapsedTime:1124359052ns, electionTimeout:1124ms
2025-09-19 20:45:39,725 [0df1231c-9f8a-4757-a7d0-f6d7f53bc482@group-715EBF8096A7-FollowerState] INFO  impl.RoleInfo (RoleInfo.java:shutdownFollowerState(121)) - 0df1231c-9f8a-4757-a7d0-f6d7f53bc482: shutdown 0df1231c-9f8a-4757-a7d0-f6d7f53bc482@group-715EBF8096A7-FollowerState
2025-09-19 20:45:39,725 [0df1231c-9f8a-4757-a7d0-f6d7f53bc482@group-715EBF8096A7-FollowerState] INFO  server.RaftServer$Division (RaftServerImpl.java:setRole(392)) - 0df1231c-9f8a-4757-a7d0-f6d7f53bc482@group-715EBF8096A7: changes role from  FOLLOWER to CANDIDATE at term 7 for changeToCandidate
2025-09-19 20:45:39,726 [0df1231c-9f8a-4757-a7d0-f6d7f53bc482@group-715EBF8096A7-FollowerState] INFO  impl.RoleInfo (RoleInfo.java:updateAndGet(148)) - 0df1231c-9f8a-4757-a7d0-f6d7f53bc482: start 0df1231c-9f8a-4757-a7d0-f6d7f53bc482@group-715EBF8096A7-LeaderElection235
2025-09-19 20:45:39,726 [0df1231c-9f8a-4757-a7d0-f6d7f53bc482@group-715EBF8096A7-LeaderElection235] INFO  impl.LeaderElection (LeaderElection.java:askForVotes(448)) - 0df1231c-9f8a-4757-a7d0-f6d7f53bc482@group-715EBF8096A7-LeaderElection235 PRE_VOTE round 0: submit vote requests at term 7 for conf: {index: 15, cur=peers:[b5a25cc1-46d3-4381-a194-bd68f4526f1c|127.0.0.1:15031, 0df1231c-9f8a-4757-a7d0-f6d7f53bc482|127.0.0.1:15023, 8eb9963e-bce0-4155-aea2-e442cadff8bd|127.0.0.1:15015]|listeners:[], old=null}
2025-09-19 20:45:39,726 [0df1231c-9f8a-4757-a7d0-f6d7f53bc482@group-715EBF8096A7-LeaderElection235] INFO  impl.LeaderElection (LogUtils.java:infoOrTrace(142)) - 0df1231c-9f8a-4757-a7d0-f6d7f53bc482@group-715EBF8096A7-LeaderElection235 got exception when requesting votes: java.util.concurrent.ExecutionException: org.apache.ratis.thirdparty.io.grpc.StatusRuntimeException: UNAVAILABLE: io exception
2025-09-19 20:45:39,726 [0df1231c-9f8a-4757-a7d0-f6d7f53bc482@group-715EBF8096A7-LeaderElection235] INFO  impl.LeaderElection (LogUtils.java:infoOrTrace(142)) - 0df1231c-9f8a-4757-a7d0-f6d7f53bc482@group-715EBF8096A7-LeaderElection235 got exception when requesting votes: java.util.concurrent.ExecutionException: org.apache.ratis.thirdparty.io.grpc.StatusRuntimeException: UNAVAILABLE: io exception
2025-09-19 20:45:39,726 [0df1231c-9f8a-4757-a7d0-f6d7f53bc482@group-715EBF8096A7-LeaderElection235] INFO  impl.LeaderElection (LeaderElection.java:logAndReturn(206)) - 0df1231c-9f8a-4757-a7d0-f6d7f53bc482@group-715EBF8096A7-LeaderElection235: PRE_VOTE REJECTED received 0 response(s) and 2 exception(s):
2025-09-19 20:45:39,726 [0df1231c-9f8a-4757-a7d0-f6d7f53bc482@group-715EBF8096A7-LeaderElection235] INFO  impl.LeaderElection (LogUtils.java:infoOrTrace(142)) -   Exception 0: java.util.concurrent.ExecutionException: org.apache.ratis.thirdparty.io.grpc.StatusRuntimeException: UNAVAILABLE: io exception
2025-09-19 20:45:39,726 [0df1231c-9f8a-4757-a7d0-f6d7f53bc482@group-715EBF8096A7-LeaderElection235] INFO  impl.LeaderElection (LogUtils.java:infoOrTrace(142)) -   Exception 1: java.util.concurrent.ExecutionException: org.apache.ratis.thirdparty.io.grpc.StatusRuntimeException: UNAVAILABLE: io exception
2025-09-19 20:45:39,727 [0df1231c-9f8a-4757-a7d0-f6d7f53bc482@group-715EBF8096A7-LeaderElection235] INFO  impl.LeaderElection (LeaderElection.java:askForVotes(450)) - 0df1231c-9f8a-4757-a7d0-f6d7f53bc482@group-715EBF8096A7-LeaderElection235 PRE_VOTE round 0: result REJECTED
2025-09-19 20:45:39,727 [0df1231c-9f8a-4757-a7d0-f6d7f53bc482@group-715EBF8096A7-LeaderElection235] INFO  server.RaftServer$Division (RaftServerImpl.java:setRole(392)) - 0df1231c-9f8a-4757-a7d0-f6d7f53bc482@group-715EBF8096A7: changes role from CANDIDATE to FOLLOWER at term 7 for REJECTED
2025-09-19 20:45:39,727 [0df1231c-9f8a-4757-a7d0-f6d7f53bc482@group-715EBF8096A7-LeaderElection235] INFO  impl.RoleInfo (RoleInfo.java:shutdownLeaderElection(141)) - 0df1231c-9f8a-4757-a7d0-f6d7f53bc482: shutdown 0df1231c-9f8a-4757-a7d0-f6d7f53bc482@group-715EBF8096A7-LeaderElection235
2025-09-19 20:45:39,727 [0df1231c-9f8a-4757-a7d0-f6d7f53bc482@group-715EBF8096A7-LeaderElection235] INFO  impl.RoleInfo (RoleInfo.java:updateAndGet(148)) - 0df1231c-9f8a-4757-a7d0-f6d7f53bc482: start 0df1231c-9f8a-4757-a7d0-f6d7f53bc482@group-715EBF8096A7-FollowerState
2025-09-19 20:45:39,800 [0df1231c-9f8a-4757-a7d0-f6d7f53bc482@group-A751954341BD-FollowerState] INFO  impl.FollowerState (FollowerState.java:runImpl(161)) - 0df1231c-9f8a-4757-a7d0-f6d7f53bc482@group-A751954341BD-FollowerState: change to CANDIDATE, lastRpcElapsedTime:1006256208ns, electionTimeout:1006ms
2025-09-19 20:45:39,800 [0df1231c-9f8a-4757-a7d0-f6d7f53bc482@group-A751954341BD-FollowerState] INFO  impl.RoleInfo (RoleInfo.java:shutdownFollowerState(121)) - 0df1231c-9f8a-4757-a7d0-f6d7f53bc482: shutdown 0df1231c-9f8a-4757-a7d0-f6d7f53bc482@group-A751954341BD-FollowerState
2025-09-19 20:45:39,800 [0df1231c-9f8a-4757-a7d0-f6d7f53bc482@group-A751954341BD-FollowerState] INFO  server.RaftServer$Division (RaftServerImpl.java:setRole(392)) - 0df1231c-9f8a-4757-a7d0-f6d7f53bc482@group-A751954341BD: changes role from  FOLLOWER to CANDIDATE at term 4 for changeToCandidate
2025-09-19 20:45:39,800 [0df1231c-9f8a-4757-a7d0-f6d7f53bc482@group-A751954341BD-FollowerState] INFO  impl.RoleInfo (RoleInfo.java:updateAndGet(148)) - 0df1231c-9f8a-4757-a7d0-f6d7f53bc482: start 0df1231c-9f8a-4757-a7d0-f6d7f53bc482@group-A751954341BD-LeaderElection236
2025-09-19 20:45:39,800 [0df1231c-9f8a-4757-a7d0-f6d7f53bc482@group-A751954341BD-LeaderElection236] INFO  impl.LeaderElection (LeaderElection.java:askForVotes(448)) - 0df1231c-9f8a-4757-a7d0-f6d7f53bc482@group-A751954341BD-LeaderElection236 PRE_VOTE round 0: submit vote requests at term 4 for conf: {index: 23, cur=peers:[b5a25cc1-46d3-4381-a194-bd68f4526f1c|127.0.0.1:15031, 0df1231c-9f8a-4757-a7d0-f6d7f53bc482|127.0.0.1:15023, 8eb9963e-bce0-4155-aea2-e442cadff8bd|127.0.0.1:15015]|listeners:[], old=null}
2025-09-19 20:45:39,800 [0df1231c-9f8a-4757-a7d0-f6d7f53bc482@group-A751954341BD-LeaderElection236] INFO  impl.LeaderElection (LogUtils.java:infoOrTrace(142)) - 0df1231c-9f8a-4757-a7d0-f6d7f53bc482@group-A751954341BD-LeaderElection236 got exception when requesting votes: java.util.concurrent.ExecutionException: org.apache.ratis.thirdparty.io.grpc.StatusRuntimeException: UNAVAILABLE: io exception
2025-09-19 20:45:39,800 [0df1231c-9f8a-4757-a7d0-f6d7f53bc482@group-A751954341BD-LeaderElection236] INFO  impl.LeaderElection (LogUtils.java:infoOrTrace(142)) - 0df1231c-9f8a-4757-a7d0-f6d7f53bc482@group-A751954341BD-LeaderElection236 got exception when requesting votes: java.util.concurrent.ExecutionException: org.apache.ratis.thirdparty.io.grpc.StatusRuntimeException: UNAVAILABLE: io exception
2025-09-19 20:45:39,800 [0df1231c-9f8a-4757-a7d0-f6d7f53bc482@group-A751954341BD-LeaderElection236] INFO  impl.LeaderElection (LeaderElection.java:logAndReturn(206)) - 0df1231c-9f8a-4757-a7d0-f6d7f53bc482@group-A751954341BD-LeaderElection236: PRE_VOTE REJECTED received 0 response(s) and 2 exception(s):
2025-09-19 20:45:39,800 [0df1231c-9f8a-4757-a7d0-f6d7f53bc482@group-A751954341BD-LeaderElection236] INFO  impl.LeaderElection (LogUtils.java:infoOrTrace(142)) -   Exception 0: java.util.concurrent.ExecutionException: org.apache.ratis.thirdparty.io.grpc.StatusRuntimeException: UNAVAILABLE: io exception
2025-09-19 20:45:39,800 [0df1231c-9f8a-4757-a7d0-f6d7f53bc482@group-A751954341BD-LeaderElection236] INFO  impl.LeaderElection (LogUtils.java:infoOrTrace(142)) -   Exception 1: java.util.concurrent.ExecutionException: org.apache.ratis.thirdparty.io.grpc.StatusRuntimeException: UNAVAILABLE: io exception
2025-09-19 20:45:39,801 [0df1231c-9f8a-4757-a7d0-f6d7f53bc482@group-A751954341BD-LeaderElection236] INFO  impl.LeaderElection (LeaderElection.java:askForVotes(450)) - 0df1231c-9f8a-4757-a7d0-f6d7f53bc482@group-A751954341BD-LeaderElection236 PRE_VOTE round 0: result REJECTED
2025-09-19 20:45:39,801 [0df1231c-9f8a-4757-a7d0-f6d7f53bc482@group-A751954341BD-LeaderElection236] INFO  server.RaftServer$Division (RaftServerImpl.java:setRole(392)) - 0df1231c-9f8a-4757-a7d0-f6d7f53bc482@group-A751954341BD: changes role from CANDIDATE to FOLLOWER at term 4 for REJECTED
2025-09-19 20:45:39,801 [0df1231c-9f8a-4757-a7d0-f6d7f53bc482@group-A751954341BD-LeaderElection236] INFO  impl.RoleInfo (RoleInfo.java:shutdownLeaderElection(141)) - 0df1231c-9f8a-4757-a7d0-f6d7f53bc482: shutdown 0df1231c-9f8a-4757-a7d0-f6d7f53bc482@group-A751954341BD-LeaderElection236
2025-09-19 20:45:39,801 [0df1231c-9f8a-4757-a7d0-f6d7f53bc482@group-A751954341BD-LeaderElection236] INFO  impl.RoleInfo (RoleInfo.java:updateAndGet(148)) - 0df1231c-9f8a-4757-a7d0-f6d7f53bc482: start 0df1231c-9f8a-4757-a7d0-f6d7f53bc482@group-A751954341BD-FollowerState
2025-09-19 20:45:39,897 [ForkJoinPool-1-worker-1] INFO  utils.DatanodeStoreCache (DatanodeStoreCache.java:shutdownCache(110)) - Skip clearing cache in mini cluster mode. Entries left: [/home/runner/work/ozone/ozone/hadoop-ozone/integration-test/target/test-dir/MiniOzoneClusterImpl-990002c2-bb69-4aa2-bd68-28a5e13e86ef/ozone-metadata/datanode-10/data-0/hdds/990002c2-bb69-4aa2-bd68-28a5e13e86ef/DS-d4d59647-a844-454f-9bbf-1ae447f964d1/container.db, /home/runner/work/ozone/ozone/hadoop-ozone/integration-test/target/test-dir/MiniOzoneClusterImpl-990002c2-bb69-4aa2-bd68-28a5e13e86ef/ozone-metadata/datanode-2/data-0/hdds/990002c2-bb69-4aa2-bd68-28a5e13e86ef/DS-69ac7518-6ece-4e77-96c1-96814a10e0cf/container.db, /home/runner/work/ozone/ozone/hadoop-ozone/integration-test/target/test-dir/MiniOzoneClusterImpl-990002c2-bb69-4aa2-bd68-28a5e13e86ef/ozone-metadata/datanode-3/data-0/hdds/990002c2-bb69-4aa2-bd68-28a5e13e86ef/DS-00f21907-a1b3-4a4a-aa5e-0adcb3313994/container.db, /home/runner/work/ozone/ozone/hadoop-ozone/integration-test/target/test-dir/MiniOzoneClusterImpl-990002c2-bb69-4aa2-bd68-28a5e13e86ef/ozone-metadata/datanode-4/data-0/hdds/990002c2-bb69-4aa2-bd68-28a5e13e86ef/DS-4e6824a3-16c7-4668-a829-65a4da2b6cb0/container.db, /home/runner/work/ozone/ozone/hadoop-ozone/integration-test/target/test-dir/MiniOzoneClusterImpl-990002c2-bb69-4aa2-bd68-28a5e13e86ef/ozone-metadata/datanode-5/data-0/hdds/990002c2-bb69-4aa2-bd68-28a5e13e86ef/DS-d330c7e4-7b2b-43d4-9af2-9f8fb582114f/container.db, /home/runner/work/ozone/ozone/hadoop-ozone/integration-test/target/test-dir/MiniOzoneClusterImpl-990002c2-bb69-4aa2-bd68-28a5e13e86ef/ozone-metadata/datanode-6/data-0/hdds/990002c2-bb69-4aa2-bd68-28a5e13e86ef/DS-fe8e0949-2f72-432b-82c6-cef628e0820f/container.db, /home/runner/work/ozone/ozone/hadoop-ozone/integration-test/target/test-dir/MiniOzoneClusterImpl-990002c2-bb69-4aa2-bd68-28a5e13e86ef/ozone-metadata/datanode-7/data-0/hdds/990002c2-bb69-4aa2-bd68-28a5e13e86ef/DS-7ca139a3-566d-4995-b9a1-d589e874febb/container.db, /home/runner/work/ozone/ozone/hadoop-ozone/integration-test/target/test-dir/MiniOzoneClusterImpl-990002c2-bb69-4aa2-bd68-28a5e13e86ef/ozone-metadata/datanode-8/data-0/hdds/990002c2-bb69-4aa2-bd68-28a5e13e86ef/DS-84e4acea-b2ce-4814-9959-95aa0a15992b/container.db, /home/runner/work/ozone/ozone/hadoop-ozone/integration-test/target/test-dir/MiniOzoneClusterImpl-990002c2-bb69-4aa2-bd68-28a5e13e86ef/ozone-metadata/datanode-9/data-0/hdds/990002c2-bb69-4aa2-bd68-28a5e13e86ef/DS-36ad5d1b-b97e-4995-8da6-aae7ff692fd5/container.db]
2025-09-19 20:45:39,898 [ForkJoinPool-1-worker-1] INFO  utils.DatanodeStoreCache (DatanodeStoreCache.java:removeDB(104)) - Removed db /home/runner/work/ozone/ozone/hadoop-ozone/integration-test/target/test-dir/MiniOzoneClusterImpl-990002c2-bb69-4aa2-bd68-28a5e13e86ef/ozone-metadata/datanode-3/data-0/hdds/990002c2-bb69-4aa2-bd68-28a5e13e86ef/DS-00f21907-a1b3-4a4a-aa5e-0adcb3313994/container.db from cache
2025-09-19 20:45:39,898 [ForkJoinPool-1-worker-1] INFO  volume.HddsVolume (HddsVolume.java:closeDbStore(609)) - SchemaV3 db is stopped at /home/runner/work/ozone/ozone/hadoop-ozone/integration-test/target/test-dir/MiniOzoneClusterImpl-990002c2-bb69-4aa2-bd68-28a5e13e86ef/ozone-metadata/datanode-3/data-0/hdds/990002c2-bb69-4aa2-bd68-28a5e13e86ef/DS-00f21907-a1b3-4a4a-aa5e-0adcb3313994/container.db for volume DS-00f21907-a1b3-4a4a-aa5e-0adcb3313994
2025-09-19 20:45:39,898 [ForkJoinPool-1-worker-1] INFO  utils.BackgroundService (BackgroundService.java:shutdown(195)) - Shutting down service BlockDeletingService
2025-09-19 20:45:39,899 [ForkJoinPool-1-worker-1] INFO  utils.BackgroundService (BackgroundService.java:shutdown(195)) - Shutting down service StaleRecoveringContainerScrubbingService
2025-09-19 20:45:39,900 [ForkJoinPool-1-worker-1] INFO  statemachine.DatanodeStateMachine (DatanodeStateMachine.java:stopDaemon(654)) - Ozone container server stopped.
2025-09-19 20:45:39,913 [ForkJoinPool-1-worker-1] INFO  handler.ContextHandler (ContextHandler.java:doStop(1159)) - Stopped o.e.j.w.WebAppContext@794aab89{hddsDatanode,/,null,STOPPED}{jar:file:/home/runner/work/ozone/ozone/hadoop-hdds/container-service/target/hdds-container-service-2.1.0-SNAPSHOT.jar!/webapps/hddsDatanode}
2025-09-19 20:45:39,913 [ForkJoinPool-1-worker-1] INFO  server.AbstractConnector (AbstractConnector.java:doStop(383)) - Stopped ServerConnector@4bd24756{HTTP/1.1, (http/1.1)}{0.0.0.0:15026}
2025-09-19 20:45:39,913 [ForkJoinPool-1-worker-1] INFO  server.session (HouseKeeper.java:stopScavenging(149)) - node0 Stopped scavenging
2025-09-19 20:45:39,914 [ForkJoinPool-1-worker-1] INFO  handler.ContextHandler (ContextHandler.java:doStop(1159)) - Stopped o.e.j.s.ServletContextHandler@75ebc05e{static,/static,jar:file:/home/runner/work/ozone/ozone/hadoop-hdds/container-service/target/hdds-container-service-2.1.0-SNAPSHOT.jar!/webapps/static,STOPPED}
2025-09-19 20:45:39,914 [ForkJoinPool-1-worker-1] INFO  handler.ContextHandler (ContextHandler.java:doStop(1159)) - Stopped o.e.j.s.ServletContextHandler@4af2de9{logs,/logs,file:///home/runner/work/ozone/ozone/hadoop-ozone/integration-test/target/log,STOPPED}
2025-09-19 20:45:39,915 [ForkJoinPool-1-worker-1] INFO  ozone.HddsDatanodeClientProtocolServer (HddsDatanodeClientProtocolServer.java:stop(82)) - Stopping the RPC server for Client Protocol
2025-09-19 20:45:39,915 [ForkJoinPool-1-worker-1] INFO  ipc.Server (Server.java:stop(3697)) - Stopping server on 15027
2025-09-19 20:45:39,916 [IPC Server Responder] INFO  ipc.Server (Server.java:run(1718)) - Stopping IPC Server Responder
2025-09-19 20:45:39,916 [IPC Server listener on 15027] INFO  ipc.Server (Server.java:run(1585)) - Stopping IPC Server listener on 15027
2025-09-19 20:45:39,917 [ForkJoinPool-1-worker-1] ERROR impl.OrderedAsync (OrderedAsync.java:lambda$null$6(215)) -  client-387E2729942B: Failed* RaftClientRequest:client-387E2729942B->8eb9963e-bce0-4155-aea2-e442cadff8bd@group-A751954341BD, cid=54, seq=6, RW, cmdType: WriteChunk
traceID: ""
containerID: 2
datanodeUuid: "8eb9963e-bce0-4155-aea2-e442cadff8bd"
writeChunk {
  blockID {
    containerID: 2
    localID: 115816896921600008
    blockCommitSequenceId: 20
    replicaIndex: 0
  }
  chunkData {
    chunkName: "115816896921600008_chunk_3"
    offset: 2097152
    len: 524288
    checksumData {
      type: CRC32
      bytesPerChecksum: 16384
      checksums: "\326\360U\321"
      checksums: "\326\360U\321"
      checksums: "\326\360U\321"
      checksums: "\326\360U\321"
      checksums: "\326\360U\321"
      checksums: "\326\360U\321"
      checksums: "\326\360U\321"
      checksums: "\326\360U\321"
      checksums: "\326\360U\321"
      checksums: "\326\360U\321"
      checksums: "\326\360U\321"
      checksums: "\326\360U\321"
      checksums: "\326\360U\321"
      checksums: "\326\360U\321"
      checksums: "\326\360U\321"
      checksums: "\326\360U\321"
      checksums: "\326\360U\321"
      checksums: "\326\360U\321"
      checksums: "\326\360U\321"
      checksums: "\326\360U\321"
      checksums: "\326\360U\321"
      checksums: "\326\360U\321"
      checksums: "\326\360U\321"
      checksums: "\326\360U\321"
      checksums: "\326\360U\321"
      checksums: "\326\360U\321"
      checksums: "\326\360U\321"
      checksums: "\326\360U\321"
      checksums: "\326\360U\321"
      checksums: "\326\360U\321"
      checksums: "\326\360U\321"
      checksums: "H$\374\021"
    }
  }
}
version: 3
, data.size=524288
java.util.concurrent.CompletionException: org.apache.ratis.protocol.exceptions.AlreadyClosedException: client-387E2729942B->8eb9963e-bce0-4155-aea2-e442cadff8bd is closed.
	at java.base/java.util.concurrent.CompletableFuture.encodeThrowable(CompletableFuture.java:332)
	at java.base/java.util.concurrent.CompletableFuture.uniAcceptNow(CompletableFuture.java:747)
	at java.base/java.util.concurrent.CompletableFuture.uniAcceptStage(CompletableFuture.java:735)
	at java.base/java.util.concurrent.CompletableFuture.thenAccept(CompletableFuture.java:2214)
	at org.apache.ratis.client.impl.OrderedAsync.sendRequestWithRetry(OrderedAsync.java:206)
	at org.apache.ratis.util.SlidingWindow$Client.sendOrDelayRequest(SlidingWindow.java:306)
	at org.apache.ratis.util.SlidingWindow$Client.submitNewRequest(SlidingWindow.java:294)
	at org.apache.ratis.client.impl.OrderedAsync.send(OrderedAsync.java:173)
	at org.apache.ratis.client.impl.AsyncImpl.send(AsyncImpl.java:41)
	at org.apache.ratis.client.impl.AsyncImpl.send(AsyncImpl.java:46)
	at org.apache.ratis.client.api.AsyncApi.send(AsyncApi.java:46)
	at org.apache.hadoop.hdds.scm.XceiverClientRatis.lambda$sendRequestAsync$3(XceiverClientRatis.java:270)
	at org.apache.hadoop.hdds.tracing.TracingUtil.executeInSpan(TracingUtil.java:167)
	at org.apache.hadoop.hdds.tracing.TracingUtil.executeInNewSpan(TracingUtil.java:157)
	at org.apache.hadoop.hdds.scm.XceiverClientRatis.sendRequestAsync(XceiverClientRatis.java:255)
	at org.apache.hadoop.hdds.scm.XceiverClientRatis.sendCommandAsync(XceiverClientRatis.java:368)
	at org.apache.hadoop.hdds.scm.storage.ContainerProtocolCalls.writeChunkAsync(ContainerProtocolCalls.java:476)
	at org.apache.hadoop.hdds.scm.storage.BlockOutputStream.writeChunkToContainer(BlockOutputStream.java:965)
	at org.apache.hadoop.hdds.scm.storage.BlockOutputStream.writeChunk(BlockOutputStream.java:663)
	at org.apache.hadoop.hdds.scm.storage.BlockOutputStream.handleFlushInternalSynchronized(BlockOutputStream.java:754)
	at org.apache.hadoop.hdds.scm.storage.BlockOutputStream.lambda$handleFlushInternal$8(BlockOutputStream.java:703)
	at org.apache.hadoop.ozone.util.MetricUtil.captureLatencyNs(MetricUtil.java:45)
	at org.apache.hadoop.hdds.scm.storage.BlockOutputStream.handleFlushInternal(BlockOutputStream.java:702)
	at org.apache.hadoop.hdds.scm.storage.BlockOutputStream.handleFlush(BlockOutputStream.java:678)
	at org.apache.hadoop.hdds.scm.storage.BlockOutputStream.close(BlockOutputStream.java:789)
	at org.apache.hadoop.ozone.client.io.BlockOutputStreamEntry.close(BlockOutputStreamEntry.java:217)
	at org.apache.hadoop.ozone.client.io.KeyOutputStream.handleStreamAction(KeyOutputStream.java:613)
	at org.apache.hadoop.ozone.client.io.KeyOutputStream.handleFlushOrClose(KeyOutputStream.java:581)
	at org.apache.hadoop.ozone.client.io.KeyOutputStream.closeInternal(KeyOutputStream.java:647)
	at org.apache.hadoop.ozone.client.io.KeyOutputStream.doInWriteLock(KeyOutputStream.java:251)
	at org.apache.hadoop.ozone.client.io.KeyOutputStream.close(KeyOutputStream.java:638)
	at org.apache.hadoop.ozone.client.io.OzoneOutputStream.close(OzoneOutputStream.java:104)
	at org.apache.hadoop.ozone.client.rpc.TestFailureHandlingByClient.testBlockWritesWithDnFailures(TestFailureHandlingByClient.java:214)
	at java.base/jdk.internal.reflect.DirectMethodHandleAccessor.invoke(DirectMethodHandleAccessor.java:103)
	at java.base/java.lang.reflect.Method.invoke(Method.java:580)
	at org.junit.platform.commons.util.ReflectionUtils.invokeMethod(ReflectionUtils.java:787)
	at org.junit.platform.commons.support.ReflectionSupport.invokeMethod(ReflectionSupport.java:478)
	at org.junit.jupiter.engine.execution.MethodInvocation.proceed(MethodInvocation.java:60)
	at org.junit.jupiter.engine.execution.InvocationInterceptorChain$ValidatingInvocation.proceed(InvocationInterceptorChain.java:131)
	at org.junit.jupiter.engine.extension.SameThreadTimeoutInvocation.proceed(SameThreadTimeoutInvocation.java:49)
	at org.junit.jupiter.engine.extension.TimeoutExtension.intercept(TimeoutExtension.java:161)
	at org.junit.jupiter.engine.extension.TimeoutExtension.interceptTestableMethod(TimeoutExtension.java:152)
	at org.junit.jupiter.engine.extension.TimeoutExtension.interceptTestMethod(TimeoutExtension.java:91)
	at org.junit.jupiter.engine.execution.InterceptingExecutableInvoker$ReflectiveInterceptorCall.lambda$ofVoidMethod$0(InterceptingExecutableInvoker.java:112)
	at org.junit.jupiter.engine.execution.InterceptingExecutableInvoker.lambda$invoke$0(InterceptingExecutableInvoker.java:94)
	at org.junit.jupiter.engine.execution.InvocationInterceptorChain$InterceptedInvocation.proceed(InvocationInterceptorChain.java:106)
	at org.junit.jupiter.engine.execution.InvocationInterceptorChain.proceed(InvocationInterceptorChain.java:64)
	at org.junit.jupiter.engine.execution.InvocationInterceptorChain.chainAndInvoke(InvocationInterceptorChain.java:45)
	at org.junit.jupiter.engine.execution.InvocationInterceptorChain.invoke(InvocationInterceptorChain.java:37)
	at org.junit.jupiter.engine.execution.InterceptingExecutableInvoker.invoke(InterceptingExecutableInvoker.java:93)
	at org.junit.jupiter.engine.execution.InterceptingExecutableInvoker.invoke(InterceptingExecutableInvoker.java:87)
	at org.junit.jupiter.engine.descriptor.TestMethodTestDescriptor.lambda$invokeTestMethod$4(TestMethodTestDescriptor.java:221)
	at org.junit.platform.engine.support.hierarchical.ThrowableCollector.execute(ThrowableCollector.java:73)
	at org.junit.jupiter.engine.descriptor.TestMethodTestDescriptor.invokeTestMethod(TestMethodTestDescriptor.java:217)
	at org.junit.jupiter.engine.descriptor.TestMethodTestDescriptor.execute(TestMethodTestDescriptor.java:159)
	at org.junit.jupiter.engine.descriptor.TestMethodTestDescriptor.execute(TestMethodTestDescriptor.java:70)
	at org.junit.platform.engine.support.hierarchical.NodeTestTask.lambda$executeRecursively$6(NodeTestTask.java:157)
	at org.junit.platform.engine.support.hierarchical.ThrowableCollector.execute(ThrowableCollector.java:73)
	at org.junit.platform.engine.support.hierarchical.NodeTestTask.lambda$executeRecursively$8(NodeTestTask.java:147)
	at org.junit.platform.engine.support.hierarchical.Node.around(Node.java:137)
	at org.junit.platform.engine.support.hierarchical.NodeTestTask.lambda$executeRecursively$9(NodeTestTask.java:145)
	at org.junit.platform.engine.support.hierarchical.ThrowableCollector.execute(ThrowableCollector.java:73)
	at org.junit.platform.engine.support.hierarchical.NodeTestTask.executeRecursively(NodeTestTask.java:144)
	at org.junit.platform.engine.support.hierarchical.NodeTestTask.execute(NodeTestTask.java:101)
	at org.junit.platform.engine.support.hierarchical.ForkJoinPoolHierarchicalTestExecutorService$ExclusiveTask.exec(ForkJoinPoolHierarchicalTestExecutorService.java:274)
	at org.junit.platform.engine.support.hierarchical.ForkJoinPoolHierarchicalTestExecutorService$ExclusiveTask.execSync(ForkJoinPoolHierarchicalTestExecutorService.java:247)
	at org.junit.platform.engine.support.hierarchical.ForkJoinPoolHierarchicalTestExecutorService.executeSync(ForkJoinPoolHierarchicalTestExecutorService.java:194)
	at org.junit.platform.engine.support.hierarchical.ForkJoinPoolHierarchicalTestExecutorService.invokeAll(ForkJoinPoolHierarchicalTestExecutorService.java:166)
	at org.junit.platform.engine.support.hierarchical.NodeTestTask.lambda$executeRecursively$6(NodeTestTask.java:161)
	at org.junit.platform.engine.support.hierarchical.ThrowableCollector.execute(ThrowableCollector.java:73)
	at org.junit.platform.engine.support.hierarchical.NodeTestTask.lambda$executeRecursively$8(NodeTestTask.java:147)
	at org.junit.platform.engine.support.hierarchical.Node.around(Node.java:137)
	at org.junit.platform.engine.support.hierarchical.NodeTestTask.lambda$executeRecursively$9(NodeTestTask.java:145)
	at org.junit.platform.engine.support.hierarchical.ThrowableCollector.execute(ThrowableCollector.java:73)
	at org.junit.platform.engine.support.hierarchical.NodeTestTask.executeRecursively(NodeTestTask.java:144)
	at org.junit.platform.engine.support.hierarchical.NodeTestTask.execute(NodeTestTask.java:101)
	at org.junit.platform.engine.support.hierarchical.ForkJoinPoolHierarchicalTestExecutorService$ExclusiveTask.exec(ForkJoinPoolHierarchicalTestExecutorService.java:274)
	at org.junit.platform.engine.support.hierarchical.ForkJoinPoolHierarchicalTestExecutorService$ExclusiveTask.execSync(ForkJoinPoolHierarchicalTestExecutorService.java:247)
	at org.junit.platform.engine.support.hierarchical.ForkJoinPoolHierarchicalTestExecutorService.invokeAll(ForkJoinPoolHierarchicalTestExecutorService.java:159)
	at org.junit.platform.engine.support.hierarchical.NodeTestTask.lambda$executeRecursively$6(NodeTestTask.java:161)
	at org.junit.platform.engine.support.hierarchical.ThrowableCollector.execute(ThrowableCollector.java:73)
	at org.junit.platform.engine.support.hierarchical.NodeTestTask.lambda$executeRecursively$8(NodeTestTask.java:147)
	at org.junit.platform.engine.support.hierarchical.Node.around(Node.java:137)
	at org.junit.platform.engine.support.hierarchical.NodeTestTask.lambda$executeRecursively$9(NodeTestTask.java:145)
	at org.junit.platform.engine.support.hierarchical.ThrowableCollector.execute(ThrowableCollector.java:73)
	at org.junit.platform.engine.support.hierarchical.NodeTestTask.executeRecursively(NodeTestTask.java:144)
	at org.junit.platform.engine.support.hierarchical.NodeTestTask.execute(NodeTestTask.java:101)
	at org.junit.platform.engine.support.hierarchical.ForkJoinPoolHierarchicalTestExecutorService$ExclusiveTask.exec(ForkJoinPoolHierarchicalTestExecutorService.java:274)
	at java.base/java.util.concurrent.ForkJoinTask.doExec(ForkJoinTask.java:387)
	at java.base/java.util.concurrent.ForkJoinPool$WorkQueue.topLevelExec(ForkJoinPool.java:1312)
	at java.base/java.util.concurrent.ForkJoinPool.scan(ForkJoinPool.java:1843)
	at java.base/java.util.concurrent.ForkJoinPool.runWorker(ForkJoinPool.java:1808)
	at java.base/java.util.concurrent.ForkJoinWorkerThread.run(ForkJoinWorkerThread.java:188)
Caused by: org.apache.ratis.protocol.exceptions.AlreadyClosedException: client-387E2729942B->8eb9963e-bce0-4155-aea2-e442cadff8bd is closed.
	at org.apache.ratis.grpc.client.GrpcClientProtocolClient$AsyncStreamObservers.onNext(GrpcClientProtocolClient.java:352)
	at org.apache.ratis.grpc.client.GrpcClientRpc.sendRequestAsync(GrpcClientRpc.java:71)
	... 89 more
2025-09-19 20:45:40,134 [timer1] WARN  server.GrpcLogAppender (GrpcLogAppender.java:lambda$resetClient$1(228)) - b5a25cc1-46d3-4381-a194-bd68f4526f1c@group-715EBF8096A7->8eb9963e-bce0-4155-aea2-e442cadff8bd-GrpcLogAppender: Follower failed (request=null, errorCount=12); keep nextIndex (17) unchanged and retry. (Repeated 12 times in the last 5.000s)
2025-09-19 20:45:40,134 [timer0] WARN  server.GrpcLogAppender (LogUtils.java:warn(127)) - b5a25cc1-46d3-4381-a194-bd68f4526f1c@group-715EBF8096A7->8eb9963e-bce0-4155-aea2-e442cadff8bd-AppendLogResponseHandler: Failed appendEntries (Repeated 12 times in the last 5.000s): org.apache.ratis.thirdparty.io.grpc.StatusRuntimeException: UNAVAILABLE: io exception
  Caused by: org.apache.ratis.thirdparty.io.netty.channel.AbstractChannel$AnnotatedConnectException: finishConnect(..) failed: Connection refused: /127.0.0.1:15015
  Caused by: java.net.ConnectException: finishConnect(..) failed: Connection refused
2025-09-19 20:45:40,134 [timer7] WARN  server.GrpcLogAppender (GrpcLogAppender.java:lambda$resetClient$1(228)) - b5a25cc1-46d3-4381-a194-bd68f4526f1c@group-A751954341BD->8eb9963e-bce0-4155-aea2-e442cadff8bd-GrpcLogAppender: Follower failed (request=null, errorCount=22); keep nextIndex (23) unchanged and retry. (Repeated 14 times in the last 5.001s)
2025-09-19 20:45:40,862 [0df1231c-9f8a-4757-a7d0-f6d7f53bc482@group-A751954341BD-FollowerState] INFO  impl.FollowerState (FollowerState.java:runImpl(161)) - 0df1231c-9f8a-4757-a7d0-f6d7f53bc482@group-A751954341BD-FollowerState: change to CANDIDATE, lastRpcElapsedTime:1061357046ns, electionTimeout:1061ms
2025-09-19 20:45:40,862 [0df1231c-9f8a-4757-a7d0-f6d7f53bc482@group-A751954341BD-FollowerState] INFO  impl.RoleInfo (RoleInfo.java:shutdownFollowerState(121)) - 0df1231c-9f8a-4757-a7d0-f6d7f53bc482: shutdown 0df1231c-9f8a-4757-a7d0-f6d7f53bc482@group-A751954341BD-FollowerState
2025-09-19 20:45:40,862 [0df1231c-9f8a-4757-a7d0-f6d7f53bc482@group-A751954341BD-FollowerState] INFO  server.RaftServer$Division (RaftServerImpl.java:setRole(392)) - 0df1231c-9f8a-4757-a7d0-f6d7f53bc482@group-A751954341BD: changes role from  FOLLOWER to CANDIDATE at term 4 for changeToCandidate
2025-09-19 20:45:40,863 [0df1231c-9f8a-4757-a7d0-f6d7f53bc482@group-A751954341BD-FollowerState] INFO  impl.RoleInfo (RoleInfo.java:updateAndGet(148)) - 0df1231c-9f8a-4757-a7d0-f6d7f53bc482: start 0df1231c-9f8a-4757-a7d0-f6d7f53bc482@group-A751954341BD-LeaderElection237
2025-09-19 20:45:40,863 [0df1231c-9f8a-4757-a7d0-f6d7f53bc482@group-A751954341BD-LeaderElection237] INFO  impl.LeaderElection (LeaderElection.java:askForVotes(448)) - 0df1231c-9f8a-4757-a7d0-f6d7f53bc482@group-A751954341BD-LeaderElection237 PRE_VOTE round 0: submit vote requests at term 4 for conf: {index: 23, cur=peers:[b5a25cc1-46d3-4381-a194-bd68f4526f1c|127.0.0.1:15031, 0df1231c-9f8a-4757-a7d0-f6d7f53bc482|127.0.0.1:15023, 8eb9963e-bce0-4155-aea2-e442cadff8bd|127.0.0.1:15015]|listeners:[], old=null}
2025-09-19 20:45:40,863 [0df1231c-9f8a-4757-a7d0-f6d7f53bc482@group-A751954341BD-LeaderElection237] INFO  impl.LeaderElection (LogUtils.java:infoOrTrace(142)) - 0df1231c-9f8a-4757-a7d0-f6d7f53bc482@group-A751954341BD-LeaderElection237 got exception when requesting votes: java.util.concurrent.ExecutionException: org.apache.ratis.thirdparty.io.grpc.StatusRuntimeException: UNAVAILABLE: io exception
2025-09-19 20:45:40,863 [0df1231c-9f8a-4757-a7d0-f6d7f53bc482@group-A751954341BD-LeaderElection237] INFO  impl.LeaderElection (LogUtils.java:infoOrTrace(142)) - 0df1231c-9f8a-4757-a7d0-f6d7f53bc482@group-A751954341BD-LeaderElection237 got exception when requesting votes: java.util.concurrent.ExecutionException: org.apache.ratis.thirdparty.io.grpc.StatusRuntimeException: UNAVAILABLE: io exception
2025-09-19 20:45:40,863 [0df1231c-9f8a-4757-a7d0-f6d7f53bc482@group-A751954341BD-LeaderElection237] INFO  impl.LeaderElection (LeaderElection.java:logAndReturn(206)) - 0df1231c-9f8a-4757-a7d0-f6d7f53bc482@group-A751954341BD-LeaderElection237: PRE_VOTE REJECTED received 0 response(s) and 2 exception(s):
2025-09-19 20:45:40,864 [0df1231c-9f8a-4757-a7d0-f6d7f53bc482@group-A751954341BD-LeaderElection237] INFO  impl.LeaderElection (LogUtils.java:infoOrTrace(142)) -   Exception 0: java.util.concurrent.ExecutionException: org.apache.ratis.thirdparty.io.grpc.StatusRuntimeException: UNAVAILABLE: io exception
2025-09-19 20:45:40,864 [0df1231c-9f8a-4757-a7d0-f6d7f53bc482@group-A751954341BD-LeaderElection237] INFO  impl.LeaderElection (LogUtils.java:infoOrTrace(142)) -   Exception 1: java.util.concurrent.ExecutionException: org.apache.ratis.thirdparty.io.grpc.StatusRuntimeException: UNAVAILABLE: io exception
2025-09-19 20:45:40,864 [0df1231c-9f8a-4757-a7d0-f6d7f53bc482@group-A751954341BD-LeaderElection237] INFO  impl.LeaderElection (LeaderElection.java:askForVotes(450)) - 0df1231c-9f8a-4757-a7d0-f6d7f53bc482@group-A751954341BD-LeaderElection237 PRE_VOTE round 0: result REJECTED
2025-09-19 20:45:40,864 [0df1231c-9f8a-4757-a7d0-f6d7f53bc482@group-A751954341BD-LeaderElection237] INFO  server.RaftServer$Division (RaftServerImpl.java:setRole(392)) - 0df1231c-9f8a-4757-a7d0-f6d7f53bc482@group-A751954341BD: changes role from CANDIDATE to FOLLOWER at term 4 for REJECTED
2025-09-19 20:45:40,864 [0df1231c-9f8a-4757-a7d0-f6d7f53bc482@group-A751954341BD-LeaderElection237] INFO  impl.RoleInfo (RoleInfo.java:shutdownLeaderElection(141)) - 0df1231c-9f8a-4757-a7d0-f6d7f53bc482: shutdown 0df1231c-9f8a-4757-a7d0-f6d7f53bc482@group-A751954341BD-LeaderElection237
2025-09-19 20:45:40,864 [0df1231c-9f8a-4757-a7d0-f6d7f53bc482@group-A751954341BD-LeaderElection237] INFO  impl.RoleInfo (RoleInfo.java:updateAndGet(148)) - 0df1231c-9f8a-4757-a7d0-f6d7f53bc482: start 0df1231c-9f8a-4757-a7d0-f6d7f53bc482@group-A751954341BD-FollowerState
2025-09-19 20:45:40,916 [0df1231c-9f8a-4757-a7d0-f6d7f53bc482@group-715EBF8096A7-FollowerState] INFO  impl.FollowerState (FollowerState.java:runImpl(161)) - 0df1231c-9f8a-4757-a7d0-f6d7f53bc482@group-715EBF8096A7-FollowerState: change to CANDIDATE, lastRpcElapsedTime:1189412017ns, electionTimeout:1189ms
2025-09-19 20:45:40,916 [0df1231c-9f8a-4757-a7d0-f6d7f53bc482@group-715EBF8096A7-FollowerState] INFO  impl.RoleInfo (RoleInfo.java:shutdownFollowerState(121)) - 0df1231c-9f8a-4757-a7d0-f6d7f53bc482: shutdown 0df1231c-9f8a-4757-a7d0-f6d7f53bc482@group-715EBF8096A7-FollowerState
2025-09-19 20:45:40,916 [0df1231c-9f8a-4757-a7d0-f6d7f53bc482@group-715EBF8096A7-FollowerState] INFO  server.RaftServer$Division (RaftServerImpl.java:setRole(392)) - 0df1231c-9f8a-4757-a7d0-f6d7f53bc482@group-715EBF8096A7: changes role from  FOLLOWER to CANDIDATE at term 7 for changeToCandidate
2025-09-19 20:45:40,916 [0df1231c-9f8a-4757-a7d0-f6d7f53bc482@group-715EBF8096A7-FollowerState] INFO  impl.RoleInfo (RoleInfo.java:updateAndGet(148)) - 0df1231c-9f8a-4757-a7d0-f6d7f53bc482: start 0df1231c-9f8a-4757-a7d0-f6d7f53bc482@group-715EBF8096A7-LeaderElection238
2025-09-19 20:45:40,916 [0df1231c-9f8a-4757-a7d0-f6d7f53bc482@group-715EBF8096A7-LeaderElection238] INFO  impl.LeaderElection (LeaderElection.java:askForVotes(448)) - 0df1231c-9f8a-4757-a7d0-f6d7f53bc482@group-715EBF8096A7-LeaderElection238 PRE_VOTE round 0: submit vote requests at term 7 for conf: {index: 15, cur=peers:[b5a25cc1-46d3-4381-a194-bd68f4526f1c|127.0.0.1:15031, 0df1231c-9f8a-4757-a7d0-f6d7f53bc482|127.0.0.1:15023, 8eb9963e-bce0-4155-aea2-e442cadff8bd|127.0.0.1:15015]|listeners:[], old=null}
2025-09-19 20:45:40,917 [0df1231c-9f8a-4757-a7d0-f6d7f53bc482@group-715EBF8096A7-LeaderElection238] INFO  impl.LeaderElection (LogUtils.java:infoOrTrace(142)) - 0df1231c-9f8a-4757-a7d0-f6d7f53bc482@group-715EBF8096A7-LeaderElection238 got exception when requesting votes: java.util.concurrent.ExecutionException: org.apache.ratis.thirdparty.io.grpc.StatusRuntimeException: UNAVAILABLE: io exception
2025-09-19 20:45:40,917 [0df1231c-9f8a-4757-a7d0-f6d7f53bc482@group-715EBF8096A7-LeaderElection238] INFO  impl.LeaderElection (LogUtils.java:infoOrTrace(142)) - 0df1231c-9f8a-4757-a7d0-f6d7f53bc482@group-715EBF8096A7-LeaderElection238 got exception when requesting votes: java.util.concurrent.ExecutionException: org.apache.ratis.thirdparty.io.grpc.StatusRuntimeException: UNAVAILABLE: io exception
2025-09-19 20:45:40,917 [0df1231c-9f8a-4757-a7d0-f6d7f53bc482@group-715EBF8096A7-LeaderElection238] INFO  impl.LeaderElection (LeaderElection.java:logAndReturn(206)) - 0df1231c-9f8a-4757-a7d0-f6d7f53bc482@group-715EBF8096A7-LeaderElection238: PRE_VOTE REJECTED received 0 response(s) and 2 exception(s):
2025-09-19 20:45:40,917 [0df1231c-9f8a-4757-a7d0-f6d7f53bc482@group-715EBF8096A7-LeaderElection238] INFO  impl.LeaderElection (LogUtils.java:infoOrTrace(142)) -   Exception 0: java.util.concurrent.ExecutionException: org.apache.ratis.thirdparty.io.grpc.StatusRuntimeException: UNAVAILABLE: io exception
2025-09-19 20:45:40,917 [0df1231c-9f8a-4757-a7d0-f6d7f53bc482@group-715EBF8096A7-LeaderElection238] INFO  impl.LeaderElection (LogUtils.java:infoOrTrace(142)) -   Exception 1: java.util.concurrent.ExecutionException: org.apache.ratis.thirdparty.io.grpc.StatusRuntimeException: UNAVAILABLE: io exception
2025-09-19 20:45:40,917 [0df1231c-9f8a-4757-a7d0-f6d7f53bc482@group-715EBF8096A7-LeaderElection238] INFO  impl.LeaderElection (LeaderElection.java:askForVotes(450)) - 0df1231c-9f8a-4757-a7d0-f6d7f53bc482@group-715EBF8096A7-LeaderElection238 PRE_VOTE round 0: result REJECTED
2025-09-19 20:45:40,917 [0df1231c-9f8a-4757-a7d0-f6d7f53bc482@group-715EBF8096A7-LeaderElection238] INFO  server.RaftServer$Division (RaftServerImpl.java:setRole(392)) - 0df1231c-9f8a-4757-a7d0-f6d7f53bc482@group-715EBF8096A7: changes role from CANDIDATE to FOLLOWER at term 7 for REJECTED
2025-09-19 20:45:40,917 [0df1231c-9f8a-4757-a7d0-f6d7f53bc482@group-715EBF8096A7-LeaderElection238] INFO  impl.RoleInfo (RoleInfo.java:shutdownLeaderElection(141)) - 0df1231c-9f8a-4757-a7d0-f6d7f53bc482: shutdown 0df1231c-9f8a-4757-a7d0-f6d7f53bc482@group-715EBF8096A7-LeaderElection238
2025-09-19 20:45:40,917 [0df1231c-9f8a-4757-a7d0-f6d7f53bc482@group-715EBF8096A7-LeaderElection238] INFO  impl.RoleInfo (RoleInfo.java:updateAndGet(148)) - 0df1231c-9f8a-4757-a7d0-f6d7f53bc482: start 0df1231c-9f8a-4757-a7d0-f6d7f53bc482@group-715EBF8096A7-FollowerState
2025-09-19 20:45:42,033 [0df1231c-9f8a-4757-a7d0-f6d7f53bc482@group-A751954341BD-FollowerState] INFO  impl.FollowerState (FollowerState.java:runImpl(161)) - 0df1231c-9f8a-4757-a7d0-f6d7f53bc482@group-A751954341BD-FollowerState: change to CANDIDATE, lastRpcElapsedTime:1169286923ns, electionTimeout:1169ms
2025-09-19 20:45:42,033 [0df1231c-9f8a-4757-a7d0-f6d7f53bc482@group-A751954341BD-FollowerState] INFO  impl.RoleInfo (RoleInfo.java:shutdownFollowerState(121)) - 0df1231c-9f8a-4757-a7d0-f6d7f53bc482: shutdown 0df1231c-9f8a-4757-a7d0-f6d7f53bc482@group-A751954341BD-FollowerState
2025-09-19 20:45:42,034 [0df1231c-9f8a-4757-a7d0-f6d7f53bc482@group-A751954341BD-FollowerState] INFO  server.RaftServer$Division (RaftServerImpl.java:setRole(392)) - 0df1231c-9f8a-4757-a7d0-f6d7f53bc482@group-A751954341BD: changes role from  FOLLOWER to CANDIDATE at term 4 for changeToCandidate
2025-09-19 20:45:42,034 [0df1231c-9f8a-4757-a7d0-f6d7f53bc482@group-A751954341BD-FollowerState] INFO  impl.RoleInfo (RoleInfo.java:updateAndGet(148)) - 0df1231c-9f8a-4757-a7d0-f6d7f53bc482: start 0df1231c-9f8a-4757-a7d0-f6d7f53bc482@group-A751954341BD-LeaderElection239
2025-09-19 20:45:42,034 [0df1231c-9f8a-4757-a7d0-f6d7f53bc482@group-A751954341BD-LeaderElection239] INFO  impl.LeaderElection (LeaderElection.java:askForVotes(448)) - 0df1231c-9f8a-4757-a7d0-f6d7f53bc482@group-A751954341BD-LeaderElection239 PRE_VOTE round 0: submit vote requests at term 4 for conf: {index: 23, cur=peers:[b5a25cc1-46d3-4381-a194-bd68f4526f1c|127.0.0.1:15031, 0df1231c-9f8a-4757-a7d0-f6d7f53bc482|127.0.0.1:15023, 8eb9963e-bce0-4155-aea2-e442cadff8bd|127.0.0.1:15015]|listeners:[], old=null}
2025-09-19 20:45:42,035 [0df1231c-9f8a-4757-a7d0-f6d7f53bc482@group-A751954341BD-LeaderElection239] INFO  impl.LeaderElection (LogUtils.java:infoOrTrace(142)) - 0df1231c-9f8a-4757-a7d0-f6d7f53bc482@group-A751954341BD-LeaderElection239 got exception when requesting votes: java.util.concurrent.ExecutionException: org.apache.ratis.thirdparty.io.grpc.StatusRuntimeException: UNAVAILABLE: io exception
2025-09-19 20:45:42,035 [0df1231c-9f8a-4757-a7d0-f6d7f53bc482@group-A751954341BD-LeaderElection239] INFO  impl.LeaderElection (LogUtils.java:infoOrTrace(142)) - 0df1231c-9f8a-4757-a7d0-f6d7f53bc482@group-A751954341BD-LeaderElection239 got exception when requesting votes: java.util.concurrent.ExecutionException: org.apache.ratis.thirdparty.io.grpc.StatusRuntimeException: UNAVAILABLE: io exception
2025-09-19 20:45:42,035 [0df1231c-9f8a-4757-a7d0-f6d7f53bc482@group-A751954341BD-LeaderElection239] INFO  impl.LeaderElection (LeaderElection.java:logAndReturn(206)) - 0df1231c-9f8a-4757-a7d0-f6d7f53bc482@group-A751954341BD-LeaderElection239: PRE_VOTE REJECTED received 0 response(s) and 2 exception(s):
2025-09-19 20:45:42,035 [0df1231c-9f8a-4757-a7d0-f6d7f53bc482@group-A751954341BD-LeaderElection239] INFO  impl.LeaderElection (LogUtils.java:infoOrTrace(142)) -   Exception 0: java.util.concurrent.ExecutionException: org.apache.ratis.thirdparty.io.grpc.StatusRuntimeException: UNAVAILABLE: io exception
2025-09-19 20:45:42,035 [0df1231c-9f8a-4757-a7d0-f6d7f53bc482@group-A751954341BD-LeaderElection239] INFO  impl.LeaderElection (LogUtils.java:infoOrTrace(142)) -   Exception 1: java.util.concurrent.ExecutionException: org.apache.ratis.thirdparty.io.grpc.StatusRuntimeException: UNAVAILABLE: io exception
2025-09-19 20:45:42,036 [0df1231c-9f8a-4757-a7d0-f6d7f53bc482@group-A751954341BD-LeaderElection239] INFO  impl.LeaderElection (LeaderElection.java:askForVotes(450)) - 0df1231c-9f8a-4757-a7d0-f6d7f53bc482@group-A751954341BD-LeaderElection239 PRE_VOTE round 0: result REJECTED
2025-09-19 20:45:42,036 [0df1231c-9f8a-4757-a7d0-f6d7f53bc482@group-A751954341BD-LeaderElection239] INFO  server.RaftServer$Division (RaftServerImpl.java:setRole(392)) - 0df1231c-9f8a-4757-a7d0-f6d7f53bc482@group-A751954341BD: changes role from CANDIDATE to FOLLOWER at term 4 for REJECTED
2025-09-19 20:45:42,036 [0df1231c-9f8a-4757-a7d0-f6d7f53bc482@group-A751954341BD-LeaderElection239] INFO  impl.RoleInfo (RoleInfo.java:shutdownLeaderElection(141)) - 0df1231c-9f8a-4757-a7d0-f6d7f53bc482: shutdown 0df1231c-9f8a-4757-a7d0-f6d7f53bc482@group-A751954341BD-LeaderElection239
2025-09-19 20:45:42,036 [0df1231c-9f8a-4757-a7d0-f6d7f53bc482@group-A751954341BD-LeaderElection239] INFO  impl.RoleInfo (RoleInfo.java:updateAndGet(148)) - 0df1231c-9f8a-4757-a7d0-f6d7f53bc482: start 0df1231c-9f8a-4757-a7d0-f6d7f53bc482@group-A751954341BD-FollowerState
2025-09-19 20:45:42,092 [0df1231c-9f8a-4757-a7d0-f6d7f53bc482@group-715EBF8096A7-FollowerState] INFO  impl.FollowerState (FollowerState.java:runImpl(161)) - 0df1231c-9f8a-4757-a7d0-f6d7f53bc482@group-715EBF8096A7-FollowerState: change to CANDIDATE, lastRpcElapsedTime:1175259231ns, electionTimeout:1175ms
2025-09-19 20:45:42,092 [0df1231c-9f8a-4757-a7d0-f6d7f53bc482@group-715EBF8096A7-FollowerState] INFO  impl.RoleInfo (RoleInfo.java:shutdownFollowerState(121)) - 0df1231c-9f8a-4757-a7d0-f6d7f53bc482: shutdown 0df1231c-9f8a-4757-a7d0-f6d7f53bc482@group-715EBF8096A7-FollowerState
2025-09-19 20:45:42,093 [0df1231c-9f8a-4757-a7d0-f6d7f53bc482@group-715EBF8096A7-FollowerState] INFO  server.RaftServer$Division (RaftServerImpl.java:setRole(392)) - 0df1231c-9f8a-4757-a7d0-f6d7f53bc482@group-715EBF8096A7: changes role from  FOLLOWER to CANDIDATE at term 7 for changeToCandidate
2025-09-19 20:45:42,093 [0df1231c-9f8a-4757-a7d0-f6d7f53bc482@group-715EBF8096A7-FollowerState] INFO  impl.RoleInfo (RoleInfo.java:updateAndGet(148)) - 0df1231c-9f8a-4757-a7d0-f6d7f53bc482: start 0df1231c-9f8a-4757-a7d0-f6d7f53bc482@group-715EBF8096A7-LeaderElection240
2025-09-19 20:45:42,093 [0df1231c-9f8a-4757-a7d0-f6d7f53bc482@group-715EBF8096A7-LeaderElection240] INFO  impl.LeaderElection (LeaderElection.java:askForVotes(448)) - 0df1231c-9f8a-4757-a7d0-f6d7f53bc482@group-715EBF8096A7-LeaderElection240 PRE_VOTE round 0: submit vote requests at term 7 for conf: {index: 15, cur=peers:[b5a25cc1-46d3-4381-a194-bd68f4526f1c|127.0.0.1:15031, 0df1231c-9f8a-4757-a7d0-f6d7f53bc482|127.0.0.1:15023, 8eb9963e-bce0-4155-aea2-e442cadff8bd|127.0.0.1:15015]|listeners:[], old=null}
2025-09-19 20:45:42,093 [0df1231c-9f8a-4757-a7d0-f6d7f53bc482@group-715EBF8096A7-LeaderElection240] INFO  impl.LeaderElection (LogUtils.java:infoOrTrace(142)) - 0df1231c-9f8a-4757-a7d0-f6d7f53bc482@group-715EBF8096A7-LeaderElection240 got exception when requesting votes: java.util.concurrent.ExecutionException: org.apache.ratis.thirdparty.io.grpc.StatusRuntimeException: UNAVAILABLE: io exception
2025-09-19 20:45:42,093 [0df1231c-9f8a-4757-a7d0-f6d7f53bc482@group-715EBF8096A7-LeaderElection240] INFO  impl.LeaderElection (LogUtils.java:infoOrTrace(142)) - 0df1231c-9f8a-4757-a7d0-f6d7f53bc482@group-715EBF8096A7-LeaderElection240 got exception when requesting votes: java.util.concurrent.ExecutionException: org.apache.ratis.thirdparty.io.grpc.StatusRuntimeException: UNAVAILABLE: io exception
2025-09-19 20:45:42,093 [0df1231c-9f8a-4757-a7d0-f6d7f53bc482@group-715EBF8096A7-LeaderElection240] INFO  impl.LeaderElection (LeaderElection.java:logAndReturn(206)) - 0df1231c-9f8a-4757-a7d0-f6d7f53bc482@group-715EBF8096A7-LeaderElection240: PRE_VOTE REJECTED received 0 response(s) and 2 exception(s):
2025-09-19 20:45:42,093 [0df1231c-9f8a-4757-a7d0-f6d7f53bc482@group-715EBF8096A7-LeaderElection240] INFO  impl.LeaderElection (LogUtils.java:infoOrTrace(142)) -   Exception 0: java.util.concurrent.ExecutionException: org.apache.ratis.thirdparty.io.grpc.StatusRuntimeException: UNAVAILABLE: io exception
2025-09-19 20:45:42,094 [0df1231c-9f8a-4757-a7d0-f6d7f53bc482@group-715EBF8096A7-LeaderElection240] INFO  impl.LeaderElection (LogUtils.java:infoOrTrace(142)) -   Exception 1: java.util.concurrent.ExecutionException: org.apache.ratis.thirdparty.io.grpc.StatusRuntimeException: UNAVAILABLE: io exception
2025-09-19 20:45:42,094 [0df1231c-9f8a-4757-a7d0-f6d7f53bc482@group-715EBF8096A7-LeaderElection240] INFO  impl.LeaderElection (LeaderElection.java:askForVotes(450)) - 0df1231c-9f8a-4757-a7d0-f6d7f53bc482@group-715EBF8096A7-LeaderElection240 PRE_VOTE round 0: result REJECTED
2025-09-19 20:45:42,094 [0df1231c-9f8a-4757-a7d0-f6d7f53bc482@group-715EBF8096A7-LeaderElection240] INFO  server.RaftServer$Division (RaftServerImpl.java:setRole(392)) - 0df1231c-9f8a-4757-a7d0-f6d7f53bc482@group-715EBF8096A7: changes role from CANDIDATE to FOLLOWER at term 7 for REJECTED
2025-09-19 20:45:42,094 [0df1231c-9f8a-4757-a7d0-f6d7f53bc482@group-715EBF8096A7-LeaderElection240] INFO  impl.RoleInfo (RoleInfo.java:shutdownLeaderElection(141)) - 0df1231c-9f8a-4757-a7d0-f6d7f53bc482: shutdown 0df1231c-9f8a-4757-a7d0-f6d7f53bc482@group-715EBF8096A7-LeaderElection240
2025-09-19 20:45:42,094 [0df1231c-9f8a-4757-a7d0-f6d7f53bc482@group-715EBF8096A7-LeaderElection240] INFO  impl.RoleInfo (RoleInfo.java:updateAndGet(148)) - 0df1231c-9f8a-4757-a7d0-f6d7f53bc482: start 0df1231c-9f8a-4757-a7d0-f6d7f53bc482@group-715EBF8096A7-FollowerState
2025-09-19 20:45:42,174 [timer5] INFO  server.GrpcServerProtocolService (GrpcServerProtocolService.java:lambda$null$7(175)) - 0df1231c-9f8a-4757-a7d0-f6d7f53bc482: Completed APPEND_ENTRIES, lastReply: null  (Repeated 4 times in the last 5.000s)
2025-09-19 20:45:42,174 [timer6] INFO  server.GrpcServerProtocolService (GrpcServerProtocolService.java:lambda$onCompleted$6(171)) - 0df1231c-9f8a-4757-a7d0-f6d7f53bc482: Completed APPEND_ENTRIES, lastRequest: null  (Repeated 4 times in the last 5.000s)
2025-09-19 20:45:43,145 [0df1231c-9f8a-4757-a7d0-f6d7f53bc482@group-A751954341BD-FollowerState] INFO  impl.FollowerState (FollowerState.java:runImpl(161)) - 0df1231c-9f8a-4757-a7d0-f6d7f53bc482@group-A751954341BD-FollowerState: change to CANDIDATE, lastRpcElapsedTime:1109309427ns, electionTimeout:1109ms
2025-09-19 20:45:43,145 [0df1231c-9f8a-4757-a7d0-f6d7f53bc482@group-A751954341BD-FollowerState] INFO  impl.RoleInfo (RoleInfo.java:shutdownFollowerState(121)) - 0df1231c-9f8a-4757-a7d0-f6d7f53bc482: shutdown 0df1231c-9f8a-4757-a7d0-f6d7f53bc482@group-A751954341BD-FollowerState
2025-09-19 20:45:43,145 [0df1231c-9f8a-4757-a7d0-f6d7f53bc482@group-A751954341BD-FollowerState] INFO  server.RaftServer$Division (RaftServerImpl.java:setRole(392)) - 0df1231c-9f8a-4757-a7d0-f6d7f53bc482@group-A751954341BD: changes role from  FOLLOWER to CANDIDATE at term 4 for changeToCandidate
2025-09-19 20:45:43,145 [0df1231c-9f8a-4757-a7d0-f6d7f53bc482@group-A751954341BD-FollowerState] INFO  impl.RoleInfo (RoleInfo.java:updateAndGet(148)) - 0df1231c-9f8a-4757-a7d0-f6d7f53bc482: start 0df1231c-9f8a-4757-a7d0-f6d7f53bc482@group-A751954341BD-LeaderElection241
2025-09-19 20:45:43,146 [0df1231c-9f8a-4757-a7d0-f6d7f53bc482@group-A751954341BD-LeaderElection241] INFO  impl.LeaderElection (LeaderElection.java:askForVotes(448)) - 0df1231c-9f8a-4757-a7d0-f6d7f53bc482@group-A751954341BD-LeaderElection241 PRE_VOTE round 0: submit vote requests at term 4 for conf: {index: 23, cur=peers:[b5a25cc1-46d3-4381-a194-bd68f4526f1c|127.0.0.1:15031, 0df1231c-9f8a-4757-a7d0-f6d7f53bc482|127.0.0.1:15023, 8eb9963e-bce0-4155-aea2-e442cadff8bd|127.0.0.1:15015]|listeners:[], old=null}
2025-09-19 20:45:43,146 [0df1231c-9f8a-4757-a7d0-f6d7f53bc482@group-A751954341BD-LeaderElection241] INFO  impl.LeaderElection (LogUtils.java:infoOrTrace(142)) - 0df1231c-9f8a-4757-a7d0-f6d7f53bc482@group-A751954341BD-LeaderElection241 got exception when requesting votes: java.util.concurrent.ExecutionException: org.apache.ratis.thirdparty.io.grpc.StatusRuntimeException: UNAVAILABLE: io exception
2025-09-19 20:45:43,146 [0df1231c-9f8a-4757-a7d0-f6d7f53bc482@group-A751954341BD-LeaderElection241] INFO  impl.LeaderElection (LogUtils.java:infoOrTrace(142)) - 0df1231c-9f8a-4757-a7d0-f6d7f53bc482@group-A751954341BD-LeaderElection241 got exception when requesting votes: java.util.concurrent.ExecutionException: org.apache.ratis.thirdparty.io.grpc.StatusRuntimeException: UNAVAILABLE: io exception
2025-09-19 20:45:43,146 [0df1231c-9f8a-4757-a7d0-f6d7f53bc482@group-A751954341BD-LeaderElection241] INFO  impl.LeaderElection (LeaderElection.java:logAndReturn(206)) - 0df1231c-9f8a-4757-a7d0-f6d7f53bc482@group-A751954341BD-LeaderElection241: PRE_VOTE REJECTED received 0 response(s) and 2 exception(s):
2025-09-19 20:45:43,146 [0df1231c-9f8a-4757-a7d0-f6d7f53bc482@group-A751954341BD-LeaderElection241] INFO  impl.LeaderElection (LogUtils.java:infoOrTrace(142)) -   Exception 0: java.util.concurrent.ExecutionException: org.apache.ratis.thirdparty.io.grpc.StatusRuntimeException: UNAVAILABLE: io exception
2025-09-19 20:45:43,146 [0df1231c-9f8a-4757-a7d0-f6d7f53bc482@group-A751954341BD-LeaderElection241] INFO  impl.LeaderElection (LogUtils.java:infoOrTrace(142)) -   Exception 1: java.util.concurrent.ExecutionException: org.apache.ratis.thirdparty.io.grpc.StatusRuntimeException: UNAVAILABLE: io exception
2025-09-19 20:45:43,146 [0df1231c-9f8a-4757-a7d0-f6d7f53bc482@group-A751954341BD-LeaderElection241] INFO  impl.LeaderElection (LeaderElection.java:askForVotes(450)) - 0df1231c-9f8a-4757-a7d0-f6d7f53bc482@group-A751954341BD-LeaderElection241 PRE_VOTE round 0: result REJECTED
2025-09-19 20:45:43,146 [0df1231c-9f8a-4757-a7d0-f6d7f53bc482@group-A751954341BD-LeaderElection241] INFO  server.RaftServer$Division (RaftServerImpl.java:setRole(392)) - 0df1231c-9f8a-4757-a7d0-f6d7f53bc482@group-A751954341BD: changes role from CANDIDATE to FOLLOWER at term 4 for REJECTED
2025-09-19 20:45:43,146 [0df1231c-9f8a-4757-a7d0-f6d7f53bc482@group-A751954341BD-LeaderElection241] INFO  impl.RoleInfo (RoleInfo.java:shutdownLeaderElection(141)) - 0df1231c-9f8a-4757-a7d0-f6d7f53bc482: shutdown 0df1231c-9f8a-4757-a7d0-f6d7f53bc482@group-A751954341BD-LeaderElection241
2025-09-19 20:45:43,147 [0df1231c-9f8a-4757-a7d0-f6d7f53bc482@group-A751954341BD-LeaderElection241] INFO  impl.RoleInfo (RoleInfo.java:updateAndGet(148)) - 0df1231c-9f8a-4757-a7d0-f6d7f53bc482: start 0df1231c-9f8a-4757-a7d0-f6d7f53bc482@group-A751954341BD-FollowerState
2025-09-19 20:45:43,176 [0df1231c-9f8a-4757-a7d0-f6d7f53bc482@group-715EBF8096A7-FollowerState] INFO  impl.FollowerState (FollowerState.java:runImpl(161)) - 0df1231c-9f8a-4757-a7d0-f6d7f53bc482@group-715EBF8096A7-FollowerState: change to CANDIDATE, lastRpcElapsedTime:1082266954ns, electionTimeout:1082ms
2025-09-19 20:45:43,176 [0df1231c-9f8a-4757-a7d0-f6d7f53bc482@group-715EBF8096A7-FollowerState] INFO  impl.RoleInfo (RoleInfo.java:shutdownFollowerState(121)) - 0df1231c-9f8a-4757-a7d0-f6d7f53bc482: shutdown 0df1231c-9f8a-4757-a7d0-f6d7f53bc482@group-715EBF8096A7-FollowerState
2025-09-19 20:45:43,176 [0df1231c-9f8a-4757-a7d0-f6d7f53bc482@group-715EBF8096A7-FollowerState] INFO  server.RaftServer$Division (RaftServerImpl.java:setRole(392)) - 0df1231c-9f8a-4757-a7d0-f6d7f53bc482@group-715EBF8096A7: changes role from  FOLLOWER to CANDIDATE at term 7 for changeToCandidate
2025-09-19 20:45:43,176 [0df1231c-9f8a-4757-a7d0-f6d7f53bc482@group-715EBF8096A7-FollowerState] INFO  impl.RoleInfo (RoleInfo.java:updateAndGet(148)) - 0df1231c-9f8a-4757-a7d0-f6d7f53bc482: start 0df1231c-9f8a-4757-a7d0-f6d7f53bc482@group-715EBF8096A7-LeaderElection242
2025-09-19 20:45:43,176 [0df1231c-9f8a-4757-a7d0-f6d7f53bc482@group-715EBF8096A7-LeaderElection242] INFO  impl.LeaderElection (LeaderElection.java:askForVotes(448)) - 0df1231c-9f8a-4757-a7d0-f6d7f53bc482@group-715EBF8096A7-LeaderElection242 PRE_VOTE round 0: submit vote requests at term 7 for conf: {index: 15, cur=peers:[b5a25cc1-46d3-4381-a194-bd68f4526f1c|127.0.0.1:15031, 0df1231c-9f8a-4757-a7d0-f6d7f53bc482|127.0.0.1:15023, 8eb9963e-bce0-4155-aea2-e442cadff8bd|127.0.0.1:15015]|listeners:[], old=null}
2025-09-19 20:45:43,177 [0df1231c-9f8a-4757-a7d0-f6d7f53bc482@group-715EBF8096A7-LeaderElection242] INFO  impl.LeaderElection (LogUtils.java:infoOrTrace(142)) - 0df1231c-9f8a-4757-a7d0-f6d7f53bc482@group-715EBF8096A7-LeaderElection242 got exception when requesting votes: java.util.concurrent.ExecutionException: org.apache.ratis.thirdparty.io.grpc.StatusRuntimeException: UNAVAILABLE: io exception
2025-09-19 20:45:43,177 [0df1231c-9f8a-4757-a7d0-f6d7f53bc482@group-715EBF8096A7-LeaderElection242] INFO  impl.LeaderElection (LogUtils.java:infoOrTrace(142)) - 0df1231c-9f8a-4757-a7d0-f6d7f53bc482@group-715EBF8096A7-LeaderElection242 got exception when requesting votes: java.util.concurrent.ExecutionException: org.apache.ratis.thirdparty.io.grpc.StatusRuntimeException: UNAVAILABLE: io exception
2025-09-19 20:45:43,177 [0df1231c-9f8a-4757-a7d0-f6d7f53bc482@group-715EBF8096A7-LeaderElection242] INFO  impl.LeaderElection (LeaderElection.java:logAndReturn(206)) - 0df1231c-9f8a-4757-a7d0-f6d7f53bc482@group-715EBF8096A7-LeaderElection242: PRE_VOTE REJECTED received 0 response(s) and 2 exception(s):
2025-09-19 20:45:43,177 [0df1231c-9f8a-4757-a7d0-f6d7f53bc482@group-715EBF8096A7-LeaderElection242] INFO  impl.LeaderElection (LogUtils.java:infoOrTrace(142)) -   Exception 0: java.util.concurrent.ExecutionException: org.apache.ratis.thirdparty.io.grpc.StatusRuntimeException: UNAVAILABLE: io exception
2025-09-19 20:45:43,177 [0df1231c-9f8a-4757-a7d0-f6d7f53bc482@group-715EBF8096A7-LeaderElection242] INFO  impl.LeaderElection (LogUtils.java:infoOrTrace(142)) -   Exception 1: java.util.concurrent.ExecutionException: org.apache.ratis.thirdparty.io.grpc.StatusRuntimeException: UNAVAILABLE: io exception
2025-09-19 20:45:43,177 [0df1231c-9f8a-4757-a7d0-f6d7f53bc482@group-715EBF8096A7-LeaderElection242] INFO  impl.LeaderElection (LeaderElection.java:askForVotes(450)) - 0df1231c-9f8a-4757-a7d0-f6d7f53bc482@group-715EBF8096A7-LeaderElection242 PRE_VOTE round 0: result REJECTED
2025-09-19 20:45:43,177 [0df1231c-9f8a-4757-a7d0-f6d7f53bc482@group-715EBF8096A7-LeaderElection242] INFO  server.RaftServer$Division (RaftServerImpl.java:setRole(392)) - 0df1231c-9f8a-4757-a7d0-f6d7f53bc482@group-715EBF8096A7: changes role from CANDIDATE to FOLLOWER at term 7 for REJECTED
2025-09-19 20:45:43,177 [0df1231c-9f8a-4757-a7d0-f6d7f53bc482@group-715EBF8096A7-LeaderElection242] INFO  impl.RoleInfo (RoleInfo.java:shutdownLeaderElection(141)) - 0df1231c-9f8a-4757-a7d0-f6d7f53bc482: shutdown 0df1231c-9f8a-4757-a7d0-f6d7f53bc482@group-715EBF8096A7-LeaderElection242
2025-09-19 20:45:43,177 [0df1231c-9f8a-4757-a7d0-f6d7f53bc482@group-715EBF8096A7-LeaderElection242] INFO  impl.RoleInfo (RoleInfo.java:updateAndGet(148)) - 0df1231c-9f8a-4757-a7d0-f6d7f53bc482: start 0df1231c-9f8a-4757-a7d0-f6d7f53bc482@group-715EBF8096A7-FollowerState
2025-09-19 20:45:44,220 [0df1231c-9f8a-4757-a7d0-f6d7f53bc482@group-715EBF8096A7-FollowerState] INFO  impl.FollowerState (FollowerState.java:runImpl(161)) - 0df1231c-9f8a-4757-a7d0-f6d7f53bc482@group-715EBF8096A7-FollowerState: change to CANDIDATE, lastRpcElapsedTime:1043298205ns, electionTimeout:1043ms
2025-09-19 20:45:44,220 [0df1231c-9f8a-4757-a7d0-f6d7f53bc482@group-715EBF8096A7-FollowerState] INFO  impl.RoleInfo (RoleInfo.java:shutdownFollowerState(121)) - 0df1231c-9f8a-4757-a7d0-f6d7f53bc482: shutdown 0df1231c-9f8a-4757-a7d0-f6d7f53bc482@group-715EBF8096A7-FollowerState
2025-09-19 20:45:44,221 [0df1231c-9f8a-4757-a7d0-f6d7f53bc482@group-715EBF8096A7-FollowerState] INFO  server.RaftServer$Division (RaftServerImpl.java:setRole(392)) - 0df1231c-9f8a-4757-a7d0-f6d7f53bc482@group-715EBF8096A7: changes role from  FOLLOWER to CANDIDATE at term 7 for changeToCandidate
2025-09-19 20:45:44,221 [0df1231c-9f8a-4757-a7d0-f6d7f53bc482@group-715EBF8096A7-FollowerState] INFO  impl.RoleInfo (RoleInfo.java:updateAndGet(148)) - 0df1231c-9f8a-4757-a7d0-f6d7f53bc482: start 0df1231c-9f8a-4757-a7d0-f6d7f53bc482@group-715EBF8096A7-LeaderElection243
2025-09-19 20:45:44,221 [0df1231c-9f8a-4757-a7d0-f6d7f53bc482@group-715EBF8096A7-LeaderElection243] INFO  impl.LeaderElection (LeaderElection.java:askForVotes(448)) - 0df1231c-9f8a-4757-a7d0-f6d7f53bc482@group-715EBF8096A7-LeaderElection243 PRE_VOTE round 0: submit vote requests at term 7 for conf: {index: 15, cur=peers:[b5a25cc1-46d3-4381-a194-bd68f4526f1c|127.0.0.1:15031, 0df1231c-9f8a-4757-a7d0-f6d7f53bc482|127.0.0.1:15023, 8eb9963e-bce0-4155-aea2-e442cadff8bd|127.0.0.1:15015]|listeners:[], old=null}
2025-09-19 20:45:44,221 [0df1231c-9f8a-4757-a7d0-f6d7f53bc482@group-715EBF8096A7-LeaderElection243] INFO  impl.LeaderElection (LogUtils.java:infoOrTrace(142)) - 0df1231c-9f8a-4757-a7d0-f6d7f53bc482@group-715EBF8096A7-LeaderElection243 got exception when requesting votes: java.util.concurrent.ExecutionException: org.apache.ratis.thirdparty.io.grpc.StatusRuntimeException: UNAVAILABLE: io exception
2025-09-19 20:45:44,221 [0df1231c-9f8a-4757-a7d0-f6d7f53bc482@group-715EBF8096A7-LeaderElection243] INFO  impl.LeaderElection (LogUtils.java:infoOrTrace(142)) - 0df1231c-9f8a-4757-a7d0-f6d7f53bc482@group-715EBF8096A7-LeaderElection243 got exception when requesting votes: java.util.concurrent.ExecutionException: org.apache.ratis.thirdparty.io.grpc.StatusRuntimeException: UNAVAILABLE: io exception
2025-09-19 20:45:44,221 [0df1231c-9f8a-4757-a7d0-f6d7f53bc482@group-715EBF8096A7-LeaderElection243] INFO  impl.LeaderElection (LeaderElection.java:logAndReturn(206)) - 0df1231c-9f8a-4757-a7d0-f6d7f53bc482@group-715EBF8096A7-LeaderElection243: PRE_VOTE REJECTED received 0 response(s) and 2 exception(s):
2025-09-19 20:45:44,221 [0df1231c-9f8a-4757-a7d0-f6d7f53bc482@group-715EBF8096A7-LeaderElection243] INFO  impl.LeaderElection (LogUtils.java:infoOrTrace(142)) -   Exception 0: java.util.concurrent.ExecutionException: org.apache.ratis.thirdparty.io.grpc.StatusRuntimeException: UNAVAILABLE: io exception
2025-09-19 20:45:44,222 [0df1231c-9f8a-4757-a7d0-f6d7f53bc482@group-715EBF8096A7-LeaderElection243] INFO  impl.LeaderElection (LogUtils.java:infoOrTrace(142)) -   Exception 1: java.util.concurrent.ExecutionException: org.apache.ratis.thirdparty.io.grpc.StatusRuntimeException: UNAVAILABLE: io exception
2025-09-19 20:45:44,222 [0df1231c-9f8a-4757-a7d0-f6d7f53bc482@group-715EBF8096A7-LeaderElection243] INFO  impl.LeaderElection (LeaderElection.java:askForVotes(450)) - 0df1231c-9f8a-4757-a7d0-f6d7f53bc482@group-715EBF8096A7-LeaderElection243 PRE_VOTE round 0: result REJECTED
2025-09-19 20:45:44,222 [0df1231c-9f8a-4757-a7d0-f6d7f53bc482@group-715EBF8096A7-LeaderElection243] INFO  server.RaftServer$Division (RaftServerImpl.java:setRole(392)) - 0df1231c-9f8a-4757-a7d0-f6d7f53bc482@group-715EBF8096A7: changes role from CANDIDATE to FOLLOWER at term 7 for REJECTED
2025-09-19 20:45:44,222 [0df1231c-9f8a-4757-a7d0-f6d7f53bc482@group-715EBF8096A7-LeaderElection243] INFO  impl.RoleInfo (RoleInfo.java:shutdownLeaderElection(141)) - 0df1231c-9f8a-4757-a7d0-f6d7f53bc482: shutdown 0df1231c-9f8a-4757-a7d0-f6d7f53bc482@group-715EBF8096A7-LeaderElection243
2025-09-19 20:45:44,222 [0df1231c-9f8a-4757-a7d0-f6d7f53bc482@group-715EBF8096A7-LeaderElection243] INFO  impl.RoleInfo (RoleInfo.java:updateAndGet(148)) - 0df1231c-9f8a-4757-a7d0-f6d7f53bc482: start 0df1231c-9f8a-4757-a7d0-f6d7f53bc482@group-715EBF8096A7-FollowerState
2025-09-19 20:45:44,303 [0df1231c-9f8a-4757-a7d0-f6d7f53bc482@group-A751954341BD-FollowerState] INFO  impl.FollowerState (FollowerState.java:runImpl(161)) - 0df1231c-9f8a-4757-a7d0-f6d7f53bc482@group-A751954341BD-FollowerState: change to CANDIDATE, lastRpcElapsedTime:1156243515ns, electionTimeout:1156ms
2025-09-19 20:45:44,303 [0df1231c-9f8a-4757-a7d0-f6d7f53bc482@group-A751954341BD-FollowerState] INFO  impl.RoleInfo (RoleInfo.java:shutdownFollowerState(121)) - 0df1231c-9f8a-4757-a7d0-f6d7f53bc482: shutdown 0df1231c-9f8a-4757-a7d0-f6d7f53bc482@group-A751954341BD-FollowerState
2025-09-19 20:45:44,303 [0df1231c-9f8a-4757-a7d0-f6d7f53bc482@group-A751954341BD-FollowerState] INFO  server.RaftServer$Division (RaftServerImpl.java:setRole(392)) - 0df1231c-9f8a-4757-a7d0-f6d7f53bc482@group-A751954341BD: changes role from  FOLLOWER to CANDIDATE at term 4 for changeToCandidate
2025-09-19 20:45:44,303 [0df1231c-9f8a-4757-a7d0-f6d7f53bc482@group-A751954341BD-FollowerState] INFO  impl.RoleInfo (RoleInfo.java:updateAndGet(148)) - 0df1231c-9f8a-4757-a7d0-f6d7f53bc482: start 0df1231c-9f8a-4757-a7d0-f6d7f53bc482@group-A751954341BD-LeaderElection244
2025-09-19 20:45:44,303 [0df1231c-9f8a-4757-a7d0-f6d7f53bc482@group-A751954341BD-LeaderElection244] INFO  impl.LeaderElection (LeaderElection.java:askForVotes(448)) - 0df1231c-9f8a-4757-a7d0-f6d7f53bc482@group-A751954341BD-LeaderElection244 PRE_VOTE round 0: submit vote requests at term 4 for conf: {index: 23, cur=peers:[b5a25cc1-46d3-4381-a194-bd68f4526f1c|127.0.0.1:15031, 0df1231c-9f8a-4757-a7d0-f6d7f53bc482|127.0.0.1:15023, 8eb9963e-bce0-4155-aea2-e442cadff8bd|127.0.0.1:15015]|listeners:[], old=null}
2025-09-19 20:45:44,304 [0df1231c-9f8a-4757-a7d0-f6d7f53bc482@group-A751954341BD-LeaderElection244] INFO  impl.LeaderElection (LogUtils.java:infoOrTrace(142)) - 0df1231c-9f8a-4757-a7d0-f6d7f53bc482@group-A751954341BD-LeaderElection244 got exception when requesting votes: java.util.concurrent.ExecutionException: org.apache.ratis.thirdparty.io.grpc.StatusRuntimeException: UNAVAILABLE: io exception
2025-09-19 20:45:44,304 [0df1231c-9f8a-4757-a7d0-f6d7f53bc482@group-A751954341BD-LeaderElection244] INFO  impl.LeaderElection (LogUtils.java:infoOrTrace(142)) - 0df1231c-9f8a-4757-a7d0-f6d7f53bc482@group-A751954341BD-LeaderElection244 got exception when requesting votes: java.util.concurrent.ExecutionException: org.apache.ratis.thirdparty.io.grpc.StatusRuntimeException: UNAVAILABLE: io exception
2025-09-19 20:45:44,304 [0df1231c-9f8a-4757-a7d0-f6d7f53bc482@group-A751954341BD-LeaderElection244] INFO  impl.LeaderElection (LeaderElection.java:logAndReturn(206)) - 0df1231c-9f8a-4757-a7d0-f6d7f53bc482@group-A751954341BD-LeaderElection244: PRE_VOTE REJECTED received 0 response(s) and 2 exception(s):
2025-09-19 20:45:44,304 [0df1231c-9f8a-4757-a7d0-f6d7f53bc482@group-A751954341BD-LeaderElection244] INFO  impl.LeaderElection (LogUtils.java:infoOrTrace(142)) -   Exception 0: java.util.concurrent.ExecutionException: org.apache.ratis.thirdparty.io.grpc.StatusRuntimeException: UNAVAILABLE: io exception
2025-09-19 20:45:44,304 [0df1231c-9f8a-4757-a7d0-f6d7f53bc482@group-A751954341BD-LeaderElection244] INFO  impl.LeaderElection (LogUtils.java:infoOrTrace(142)) -   Exception 1: java.util.concurrent.ExecutionException: org.apache.ratis.thirdparty.io.grpc.StatusRuntimeException: UNAVAILABLE: io exception
2025-09-19 20:45:44,304 [0df1231c-9f8a-4757-a7d0-f6d7f53bc482@group-A751954341BD-LeaderElection244] INFO  impl.LeaderElection (LeaderElection.java:askForVotes(450)) - 0df1231c-9f8a-4757-a7d0-f6d7f53bc482@group-A751954341BD-LeaderElection244 PRE_VOTE round 0: result REJECTED
2025-09-19 20:45:44,304 [0df1231c-9f8a-4757-a7d0-f6d7f53bc482@group-A751954341BD-LeaderElection244] INFO  server.RaftServer$Division (RaftServerImpl.java:setRole(392)) - 0df1231c-9f8a-4757-a7d0-f6d7f53bc482@group-A751954341BD: changes role from CANDIDATE to FOLLOWER at term 4 for REJECTED
2025-09-19 20:45:44,304 [0df1231c-9f8a-4757-a7d0-f6d7f53bc482@group-A751954341BD-LeaderElection244] INFO  impl.RoleInfo (RoleInfo.java:shutdownLeaderElection(141)) - 0df1231c-9f8a-4757-a7d0-f6d7f53bc482: shutdown 0df1231c-9f8a-4757-a7d0-f6d7f53bc482@group-A751954341BD-LeaderElection244
2025-09-19 20:45:44,304 [0df1231c-9f8a-4757-a7d0-f6d7f53bc482@group-A751954341BD-LeaderElection244] INFO  impl.RoleInfo (RoleInfo.java:updateAndGet(148)) - 0df1231c-9f8a-4757-a7d0-f6d7f53bc482: start 0df1231c-9f8a-4757-a7d0-f6d7f53bc482@group-A751954341BD-FollowerState
2025-09-19 20:45:45,242 [0df1231c-9f8a-4757-a7d0-f6d7f53bc482@group-715EBF8096A7-FollowerState] INFO  impl.FollowerState (FollowerState.java:runImpl(161)) - 0df1231c-9f8a-4757-a7d0-f6d7f53bc482@group-715EBF8096A7-FollowerState: change to CANDIDATE, lastRpcElapsedTime:1020311047ns, electionTimeout:1020ms
2025-09-19 20:45:45,242 [0df1231c-9f8a-4757-a7d0-f6d7f53bc482@group-715EBF8096A7-FollowerState] INFO  impl.RoleInfo (RoleInfo.java:shutdownFollowerState(121)) - 0df1231c-9f8a-4757-a7d0-f6d7f53bc482: shutdown 0df1231c-9f8a-4757-a7d0-f6d7f53bc482@group-715EBF8096A7-FollowerState
2025-09-19 20:45:45,242 [0df1231c-9f8a-4757-a7d0-f6d7f53bc482@group-715EBF8096A7-FollowerState] INFO  server.RaftServer$Division (RaftServerImpl.java:setRole(392)) - 0df1231c-9f8a-4757-a7d0-f6d7f53bc482@group-715EBF8096A7: changes role from  FOLLOWER to CANDIDATE at term 7 for changeToCandidate
2025-09-19 20:45:45,242 [0df1231c-9f8a-4757-a7d0-f6d7f53bc482@group-715EBF8096A7-FollowerState] INFO  impl.RoleInfo (RoleInfo.java:updateAndGet(148)) - 0df1231c-9f8a-4757-a7d0-f6d7f53bc482: start 0df1231c-9f8a-4757-a7d0-f6d7f53bc482@group-715EBF8096A7-LeaderElection245
2025-09-19 20:45:45,243 [0df1231c-9f8a-4757-a7d0-f6d7f53bc482@group-715EBF8096A7-LeaderElection245] INFO  impl.LeaderElection (LeaderElection.java:askForVotes(448)) - 0df1231c-9f8a-4757-a7d0-f6d7f53bc482@group-715EBF8096A7-LeaderElection245 PRE_VOTE round 0: submit vote requests at term 7 for conf: {index: 15, cur=peers:[b5a25cc1-46d3-4381-a194-bd68f4526f1c|127.0.0.1:15031, 0df1231c-9f8a-4757-a7d0-f6d7f53bc482|127.0.0.1:15023, 8eb9963e-bce0-4155-aea2-e442cadff8bd|127.0.0.1:15015]|listeners:[], old=null}
2025-09-19 20:45:45,243 [0df1231c-9f8a-4757-a7d0-f6d7f53bc482@group-715EBF8096A7-LeaderElection245] INFO  impl.LeaderElection (LogUtils.java:infoOrTrace(142)) - 0df1231c-9f8a-4757-a7d0-f6d7f53bc482@group-715EBF8096A7-LeaderElection245 got exception when requesting votes: java.util.concurrent.ExecutionException: org.apache.ratis.thirdparty.io.grpc.StatusRuntimeException: UNAVAILABLE: io exception
2025-09-19 20:45:45,243 [0df1231c-9f8a-4757-a7d0-f6d7f53bc482@group-715EBF8096A7-LeaderElection245] INFO  impl.LeaderElection (LogUtils.java:infoOrTrace(142)) - 0df1231c-9f8a-4757-a7d0-f6d7f53bc482@group-715EBF8096A7-LeaderElection245 got exception when requesting votes: java.util.concurrent.ExecutionException: org.apache.ratis.thirdparty.io.grpc.StatusRuntimeException: UNAVAILABLE: io exception
2025-09-19 20:45:45,243 [0df1231c-9f8a-4757-a7d0-f6d7f53bc482@group-715EBF8096A7-LeaderElection245] INFO  impl.LeaderElection (LeaderElection.java:logAndReturn(206)) - 0df1231c-9f8a-4757-a7d0-f6d7f53bc482@group-715EBF8096A7-LeaderElection245: PRE_VOTE REJECTED received 0 response(s) and 2 exception(s):
2025-09-19 20:45:45,243 [0df1231c-9f8a-4757-a7d0-f6d7f53bc482@group-715EBF8096A7-LeaderElection245] INFO  impl.LeaderElection (LogUtils.java:infoOrTrace(142)) -   Exception 0: java.util.concurrent.ExecutionException: org.apache.ratis.thirdparty.io.grpc.StatusRuntimeException: UNAVAILABLE: io exception
2025-09-19 20:45:45,243 [0df1231c-9f8a-4757-a7d0-f6d7f53bc482@group-715EBF8096A7-LeaderElection245] INFO  impl.LeaderElection (LogUtils.java:infoOrTrace(142)) -   Exception 1: java.util.concurrent.ExecutionException: org.apache.ratis.thirdparty.io.grpc.StatusRuntimeException: UNAVAILABLE: io exception
2025-09-19 20:45:45,243 [0df1231c-9f8a-4757-a7d0-f6d7f53bc482@group-715EBF8096A7-LeaderElection245] INFO  impl.LeaderElection (LeaderElection.java:askForVotes(450)) - 0df1231c-9f8a-4757-a7d0-f6d7f53bc482@group-715EBF8096A7-LeaderElection245 PRE_VOTE round 0: result REJECTED
2025-09-19 20:45:45,243 [0df1231c-9f8a-4757-a7d0-f6d7f53bc482@group-715EBF8096A7-LeaderElection245] INFO  server.RaftServer$Division (RaftServerImpl.java:setRole(392)) - 0df1231c-9f8a-4757-a7d0-f6d7f53bc482@group-715EBF8096A7: changes role from CANDIDATE to FOLLOWER at term 7 for REJECTED
2025-09-19 20:45:45,243 [0df1231c-9f8a-4757-a7d0-f6d7f53bc482@group-715EBF8096A7-LeaderElection245] INFO  impl.RoleInfo (RoleInfo.java:shutdownLeaderElection(141)) - 0df1231c-9f8a-4757-a7d0-f6d7f53bc482: shutdown 0df1231c-9f8a-4757-a7d0-f6d7f53bc482@group-715EBF8096A7-LeaderElection245
2025-09-19 20:45:45,243 [0df1231c-9f8a-4757-a7d0-f6d7f53bc482@group-715EBF8096A7-LeaderElection245] INFO  impl.RoleInfo (RoleInfo.java:updateAndGet(148)) - 0df1231c-9f8a-4757-a7d0-f6d7f53bc482: start 0df1231c-9f8a-4757-a7d0-f6d7f53bc482@group-715EBF8096A7-FollowerState
2025-09-19 20:45:45,358 [0df1231c-9f8a-4757-a7d0-f6d7f53bc482@group-A751954341BD-FollowerState] INFO  impl.FollowerState (FollowerState.java:runImpl(161)) - 0df1231c-9f8a-4757-a7d0-f6d7f53bc482@group-A751954341BD-FollowerState: change to CANDIDATE, lastRpcElapsedTime:1054296052ns, electionTimeout:1054ms
2025-09-19 20:45:45,358 [0df1231c-9f8a-4757-a7d0-f6d7f53bc482@group-A751954341BD-FollowerState] INFO  impl.RoleInfo (RoleInfo.java:shutdownFollowerState(121)) - 0df1231c-9f8a-4757-a7d0-f6d7f53bc482: shutdown 0df1231c-9f8a-4757-a7d0-f6d7f53bc482@group-A751954341BD-FollowerState
2025-09-19 20:45:45,358 [0df1231c-9f8a-4757-a7d0-f6d7f53bc482@group-A751954341BD-FollowerState] INFO  server.RaftServer$Division (RaftServerImpl.java:setRole(392)) - 0df1231c-9f8a-4757-a7d0-f6d7f53bc482@group-A751954341BD: changes role from  FOLLOWER to CANDIDATE at term 4 for changeToCandidate
2025-09-19 20:45:45,358 [0df1231c-9f8a-4757-a7d0-f6d7f53bc482@group-A751954341BD-FollowerState] INFO  impl.RoleInfo (RoleInfo.java:updateAndGet(148)) - 0df1231c-9f8a-4757-a7d0-f6d7f53bc482: start 0df1231c-9f8a-4757-a7d0-f6d7f53bc482@group-A751954341BD-LeaderElection246
2025-09-19 20:45:45,358 [0df1231c-9f8a-4757-a7d0-f6d7f53bc482@group-A751954341BD-LeaderElection246] INFO  impl.LeaderElection (LeaderElection.java:askForVotes(448)) - 0df1231c-9f8a-4757-a7d0-f6d7f53bc482@group-A751954341BD-LeaderElection246 PRE_VOTE round 0: submit vote requests at term 4 for conf: {index: 23, cur=peers:[b5a25cc1-46d3-4381-a194-bd68f4526f1c|127.0.0.1:15031, 0df1231c-9f8a-4757-a7d0-f6d7f53bc482|127.0.0.1:15023, 8eb9963e-bce0-4155-aea2-e442cadff8bd|127.0.0.1:15015]|listeners:[], old=null}
2025-09-19 20:45:45,359 [0df1231c-9f8a-4757-a7d0-f6d7f53bc482@group-A751954341BD-LeaderElection246] INFO  impl.LeaderElection (LogUtils.java:infoOrTrace(142)) - 0df1231c-9f8a-4757-a7d0-f6d7f53bc482@group-A751954341BD-LeaderElection246 got exception when requesting votes: java.util.concurrent.ExecutionException: org.apache.ratis.thirdparty.io.grpc.StatusRuntimeException: UNAVAILABLE: io exception
2025-09-19 20:45:45,359 [0df1231c-9f8a-4757-a7d0-f6d7f53bc482@group-A751954341BD-LeaderElection246] INFO  impl.LeaderElection (LogUtils.java:infoOrTrace(142)) - 0df1231c-9f8a-4757-a7d0-f6d7f53bc482@group-A751954341BD-LeaderElection246 got exception when requesting votes: java.util.concurrent.ExecutionException: org.apache.ratis.thirdparty.io.grpc.StatusRuntimeException: UNAVAILABLE: io exception
2025-09-19 20:45:45,359 [0df1231c-9f8a-4757-a7d0-f6d7f53bc482@group-A751954341BD-LeaderElection246] INFO  impl.LeaderElection (LeaderElection.java:logAndReturn(206)) - 0df1231c-9f8a-4757-a7d0-f6d7f53bc482@group-A751954341BD-LeaderElection246: PRE_VOTE REJECTED received 0 response(s) and 2 exception(s):
2025-09-19 20:45:45,359 [0df1231c-9f8a-4757-a7d0-f6d7f53bc482@group-A751954341BD-LeaderElection246] INFO  impl.LeaderElection (LogUtils.java:infoOrTrace(142)) -   Exception 0: java.util.concurrent.ExecutionException: org.apache.ratis.thirdparty.io.grpc.StatusRuntimeException: UNAVAILABLE: io exception
2025-09-19 20:45:45,359 [0df1231c-9f8a-4757-a7d0-f6d7f53bc482@group-A751954341BD-LeaderElection246] INFO  impl.LeaderElection (LogUtils.java:infoOrTrace(142)) -   Exception 1: java.util.concurrent.ExecutionException: org.apache.ratis.thirdparty.io.grpc.StatusRuntimeException: UNAVAILABLE: io exception
2025-09-19 20:45:45,359 [0df1231c-9f8a-4757-a7d0-f6d7f53bc482@group-A751954341BD-LeaderElection246] INFO  impl.LeaderElection (LeaderElection.java:askForVotes(450)) - 0df1231c-9f8a-4757-a7d0-f6d7f53bc482@group-A751954341BD-LeaderElection246 PRE_VOTE round 0: result REJECTED
2025-09-19 20:45:45,359 [0df1231c-9f8a-4757-a7d0-f6d7f53bc482@group-A751954341BD-LeaderElection246] INFO  server.RaftServer$Division (RaftServerImpl.java:setRole(392)) - 0df1231c-9f8a-4757-a7d0-f6d7f53bc482@group-A751954341BD: changes role from CANDIDATE to FOLLOWER at term 4 for REJECTED
2025-09-19 20:45:45,359 [0df1231c-9f8a-4757-a7d0-f6d7f53bc482@group-A751954341BD-LeaderElection246] INFO  impl.RoleInfo (RoleInfo.java:shutdownLeaderElection(141)) - 0df1231c-9f8a-4757-a7d0-f6d7f53bc482: shutdown 0df1231c-9f8a-4757-a7d0-f6d7f53bc482@group-A751954341BD-LeaderElection246
2025-09-19 20:45:45,359 [0df1231c-9f8a-4757-a7d0-f6d7f53bc482@group-A751954341BD-LeaderElection246] INFO  impl.RoleInfo (RoleInfo.java:updateAndGet(148)) - 0df1231c-9f8a-4757-a7d0-f6d7f53bc482: start 0df1231c-9f8a-4757-a7d0-f6d7f53bc482@group-A751954341BD-FollowerState
2025-09-19 20:45:46,133 [grpc-default-executor-2] ERROR impl.OrderedAsync (OrderedAsync.java:lambda$null$6(215)) -  client-387E2729942B: Failed* RaftClientRequest:client-387E2729942B->0df1231c-9f8a-4757-a7d0-f6d7f53bc482@group-A751954341BD, cid=54, seq=6*, RW, cmdType: WriteChunk
traceID: ""
containerID: 2
datanodeUuid: "8eb9963e-bce0-4155-aea2-e442cadff8bd"
writeChunk {
  blockID {
    containerID: 2
    localID: 115816896921600008
    blockCommitSequenceId: 20
    replicaIndex: 0
  }
  chunkData {
    chunkName: "115816896921600008_chunk_3"
    offset: 2097152
    len: 524288
    checksumData {
      type: CRC32
      bytesPerChecksum: 16384
      checksums: "\326\360U\321"
      checksums: "\326\360U\321"
      checksums: "\326\360U\321"
      checksums: "\326\360U\321"
      checksums: "\326\360U\321"
      checksums: "\326\360U\321"
      checksums: "\326\360U\321"
      checksums: "\326\360U\321"
      checksums: "\326\360U\321"
      checksums: "\326\360U\321"
      checksums: "\326\360U\321"
      checksums: "\326\360U\321"
      checksums: "\326\360U\321"
      checksums: "\326\360U\321"
      checksums: "\326\360U\321"
      checksums: "\326\360U\321"
      checksums: "\326\360U\321"
      checksums: "\326\360U\321"
      checksums: "\326\360U\321"
      checksums: "\326\360U\321"
      checksums: "\326\360U\321"
      checksums: "\326\360U\321"
      checksums: "\326\360U\321"
      checksums: "\326\360U\321"
      checksums: "\326\360U\321"
      checksums: "\326\360U\321"
      checksums: "\326\360U\321"
      checksums: "\326\360U\321"
      checksums: "\326\360U\321"
      checksums: "\326\360U\321"
      checksums: "\326\360U\321"
      checksums: "H$\374\021"
    }
  }
}
version: 3
, data.size=524288
java.util.concurrent.CompletionException: org.apache.ratis.protocol.exceptions.NotLeaderException: Server 0df1231c-9f8a-4757-a7d0-f6d7f53bc482@group-A751954341BD is not the leader
	at java.base/java.util.concurrent.CompletableFuture.encodeThrowable(CompletableFuture.java:332)
	at java.base/java.util.concurrent.CompletableFuture.completeThrowable(CompletableFuture.java:347)
	at java.base/java.util.concurrent.CompletableFuture$UniAccept.tryFire(CompletableFuture.java:708)
	at java.base/java.util.concurrent.CompletableFuture.postComplete(CompletableFuture.java:510)
	at java.base/java.util.concurrent.CompletableFuture.completeExceptionally(CompletableFuture.java:2194)
	at org.apache.ratis.grpc.client.GrpcClientProtocolClient$AsyncStreamObservers.completeReplyExceptionally(GrpcClientProtocolClient.java:397)
	at org.apache.ratis.grpc.client.GrpcClientProtocolClient$AsyncStreamObservers.access$000(GrpcClientProtocolClient.java:303)
	at org.apache.ratis.grpc.client.GrpcClientProtocolClient$AsyncStreamObservers$1.onNext(GrpcClientProtocolClient.java:317)
	at org.apache.ratis.grpc.client.GrpcClientProtocolClient$AsyncStreamObservers$1.onNext(GrpcClientProtocolClient.java:308)
	at org.apache.ratis.thirdparty.io.grpc.stub.ClientCalls$StreamObserverToCallListenerAdapter.onMessage(ClientCalls.java:551)
	at org.apache.ratis.thirdparty.io.grpc.ForwardingClientCallListener.onMessage(ForwardingClientCallListener.java:33)
	at org.apache.ratis.thirdparty.io.grpc.internal.ClientCallImpl$ClientStreamListenerImpl$1MessagesAvailable.runInternal(ClientCallImpl.java:661)
	at org.apache.ratis.thirdparty.io.grpc.internal.ClientCallImpl$ClientStreamListenerImpl$1MessagesAvailable.runInContext(ClientCallImpl.java:648)
	at org.apache.ratis.thirdparty.io.grpc.internal.ContextRunnable.run(ContextRunnable.java:37)
	at org.apache.ratis.thirdparty.io.grpc.internal.SerializingExecutor.run(SerializingExecutor.java:133)
	at java.base/java.util.concurrent.ThreadPoolExecutor.runWorker(ThreadPoolExecutor.java:1144)
	at java.base/java.util.concurrent.ThreadPoolExecutor$Worker.run(ThreadPoolExecutor.java:642)
	at java.base/java.lang.Thread.run(Thread.java:1583)
Caused by: org.apache.ratis.protocol.exceptions.NotLeaderException: Server 0df1231c-9f8a-4757-a7d0-f6d7f53bc482@group-A751954341BD is not the leader
	at org.apache.ratis.client.impl.ClientProtoUtils.toRaftClientReply(ClientProtoUtils.java:402)
	at org.apache.ratis.grpc.client.GrpcClientProtocolClient$AsyncStreamObservers$1.onNext(GrpcClientProtocolClient.java:313)
	... 10 more
2025-09-19 20:45:46,357 [0df1231c-9f8a-4757-a7d0-f6d7f53bc482@group-715EBF8096A7-FollowerState] INFO  impl.FollowerState (FollowerState.java:runImpl(161)) - 0df1231c-9f8a-4757-a7d0-f6d7f53bc482@group-715EBF8096A7-FollowerState: change to CANDIDATE, lastRpcElapsedTime:1113381222ns, electionTimeout:1113ms
2025-09-19 20:45:46,357 [0df1231c-9f8a-4757-a7d0-f6d7f53bc482@group-715EBF8096A7-FollowerState] INFO  impl.RoleInfo (RoleInfo.java:shutdownFollowerState(121)) - 0df1231c-9f8a-4757-a7d0-f6d7f53bc482: shutdown 0df1231c-9f8a-4757-a7d0-f6d7f53bc482@group-715EBF8096A7-FollowerState
2025-09-19 20:45:46,357 [0df1231c-9f8a-4757-a7d0-f6d7f53bc482@group-715EBF8096A7-FollowerState] INFO  server.RaftServer$Division (RaftServerImpl.java:setRole(392)) - 0df1231c-9f8a-4757-a7d0-f6d7f53bc482@group-715EBF8096A7: changes role from  FOLLOWER to CANDIDATE at term 7 for changeToCandidate
2025-09-19 20:45:46,357 [0df1231c-9f8a-4757-a7d0-f6d7f53bc482@group-715EBF8096A7-FollowerState] INFO  impl.RoleInfo (RoleInfo.java:updateAndGet(148)) - 0df1231c-9f8a-4757-a7d0-f6d7f53bc482: start 0df1231c-9f8a-4757-a7d0-f6d7f53bc482@group-715EBF8096A7-LeaderElection247
2025-09-19 20:45:46,357 [0df1231c-9f8a-4757-a7d0-f6d7f53bc482@group-715EBF8096A7-LeaderElection247] INFO  impl.LeaderElection (LeaderElection.java:askForVotes(448)) - 0df1231c-9f8a-4757-a7d0-f6d7f53bc482@group-715EBF8096A7-LeaderElection247 PRE_VOTE round 0: submit vote requests at term 7 for conf: {index: 15, cur=peers:[b5a25cc1-46d3-4381-a194-bd68f4526f1c|127.0.0.1:15031, 0df1231c-9f8a-4757-a7d0-f6d7f53bc482|127.0.0.1:15023, 8eb9963e-bce0-4155-aea2-e442cadff8bd|127.0.0.1:15015]|listeners:[], old=null}
2025-09-19 20:45:46,358 [0df1231c-9f8a-4757-a7d0-f6d7f53bc482@group-715EBF8096A7-LeaderElection247] INFO  impl.LeaderElection (LogUtils.java:infoOrTrace(142)) - 0df1231c-9f8a-4757-a7d0-f6d7f53bc482@group-715EBF8096A7-LeaderElection247 got exception when requesting votes: java.util.concurrent.ExecutionException: org.apache.ratis.thirdparty.io.grpc.StatusRuntimeException: UNAVAILABLE: io exception
2025-09-19 20:45:46,358 [0df1231c-9f8a-4757-a7d0-f6d7f53bc482@group-715EBF8096A7-LeaderElection247] INFO  impl.LeaderElection (LogUtils.java:infoOrTrace(142)) - 0df1231c-9f8a-4757-a7d0-f6d7f53bc482@group-715EBF8096A7-LeaderElection247 got exception when requesting votes: java.util.concurrent.ExecutionException: org.apache.ratis.thirdparty.io.grpc.StatusRuntimeException: UNAVAILABLE: io exception
2025-09-19 20:45:46,358 [0df1231c-9f8a-4757-a7d0-f6d7f53bc482@group-715EBF8096A7-LeaderElection247] INFO  impl.LeaderElection (LeaderElection.java:logAndReturn(206)) - 0df1231c-9f8a-4757-a7d0-f6d7f53bc482@group-715EBF8096A7-LeaderElection247: PRE_VOTE REJECTED received 0 response(s) and 2 exception(s):
2025-09-19 20:45:46,358 [0df1231c-9f8a-4757-a7d0-f6d7f53bc482@group-715EBF8096A7-LeaderElection247] INFO  impl.LeaderElection (LogUtils.java:infoOrTrace(142)) -   Exception 0: java.util.concurrent.ExecutionException: org.apache.ratis.thirdparty.io.grpc.StatusRuntimeException: UNAVAILABLE: io exception
2025-09-19 20:45:46,358 [0df1231c-9f8a-4757-a7d0-f6d7f53bc482@group-715EBF8096A7-LeaderElection247] INFO  impl.LeaderElection (LogUtils.java:infoOrTrace(142)) -   Exception 1: java.util.concurrent.ExecutionException: org.apache.ratis.thirdparty.io.grpc.StatusRuntimeException: UNAVAILABLE: io exception
2025-09-19 20:45:46,358 [0df1231c-9f8a-4757-a7d0-f6d7f53bc482@group-715EBF8096A7-LeaderElection247] INFO  impl.LeaderElection (LeaderElection.java:askForVotes(450)) - 0df1231c-9f8a-4757-a7d0-f6d7f53bc482@group-715EBF8096A7-LeaderElection247 PRE_VOTE round 0: result REJECTED
2025-09-19 20:45:46,358 [0df1231c-9f8a-4757-a7d0-f6d7f53bc482@group-715EBF8096A7-LeaderElection247] INFO  server.RaftServer$Division (RaftServerImpl.java:setRole(392)) - 0df1231c-9f8a-4757-a7d0-f6d7f53bc482@group-715EBF8096A7: changes role from CANDIDATE to FOLLOWER at term 7 for REJECTED
2025-09-19 20:45:46,358 [0df1231c-9f8a-4757-a7d0-f6d7f53bc482@group-715EBF8096A7-LeaderElection247] INFO  impl.RoleInfo (RoleInfo.java:shutdownLeaderElection(141)) - 0df1231c-9f8a-4757-a7d0-f6d7f53bc482: shutdown 0df1231c-9f8a-4757-a7d0-f6d7f53bc482@group-715EBF8096A7-LeaderElection247
2025-09-19 20:45:46,358 [0df1231c-9f8a-4757-a7d0-f6d7f53bc482@group-715EBF8096A7-LeaderElection247] INFO  impl.RoleInfo (RoleInfo.java:updateAndGet(148)) - 0df1231c-9f8a-4757-a7d0-f6d7f53bc482: start 0df1231c-9f8a-4757-a7d0-f6d7f53bc482@group-715EBF8096A7-FollowerState
2025-09-19 20:45:46,528 [0df1231c-9f8a-4757-a7d0-f6d7f53bc482@group-A751954341BD-FollowerState] INFO  impl.FollowerState (FollowerState.java:runImpl(161)) - 0df1231c-9f8a-4757-a7d0-f6d7f53bc482@group-A751954341BD-FollowerState: change to CANDIDATE, lastRpcElapsedTime:1169237429ns, electionTimeout:1169ms
2025-09-19 20:45:46,528 [0df1231c-9f8a-4757-a7d0-f6d7f53bc482@group-A751954341BD-FollowerState] INFO  impl.RoleInfo (RoleInfo.java:shutdownFollowerState(121)) - 0df1231c-9f8a-4757-a7d0-f6d7f53bc482: shutdown 0df1231c-9f8a-4757-a7d0-f6d7f53bc482@group-A751954341BD-FollowerState
2025-09-19 20:45:46,529 [0df1231c-9f8a-4757-a7d0-f6d7f53bc482@group-A751954341BD-FollowerState] INFO  server.RaftServer$Division (RaftServerImpl.java:setRole(392)) - 0df1231c-9f8a-4757-a7d0-f6d7f53bc482@group-A751954341BD: changes role from  FOLLOWER to CANDIDATE at term 4 for changeToCandidate
2025-09-19 20:45:46,529 [0df1231c-9f8a-4757-a7d0-f6d7f53bc482@group-A751954341BD-FollowerState] INFO  impl.RoleInfo (RoleInfo.java:updateAndGet(148)) - 0df1231c-9f8a-4757-a7d0-f6d7f53bc482: start 0df1231c-9f8a-4757-a7d0-f6d7f53bc482@group-A751954341BD-LeaderElection248
2025-09-19 20:45:46,529 [0df1231c-9f8a-4757-a7d0-f6d7f53bc482@group-A751954341BD-LeaderElection248] INFO  impl.LeaderElection (LeaderElection.java:askForVotes(448)) - 0df1231c-9f8a-4757-a7d0-f6d7f53bc482@group-A751954341BD-LeaderElection248 PRE_VOTE round 0: submit vote requests at term 4 for conf: {index: 23, cur=peers:[b5a25cc1-46d3-4381-a194-bd68f4526f1c|127.0.0.1:15031, 0df1231c-9f8a-4757-a7d0-f6d7f53bc482|127.0.0.1:15023, 8eb9963e-bce0-4155-aea2-e442cadff8bd|127.0.0.1:15015]|listeners:[], old=null}
2025-09-19 20:45:46,529 [0df1231c-9f8a-4757-a7d0-f6d7f53bc482@group-A751954341BD-LeaderElection248] INFO  impl.LeaderElection (LogUtils.java:infoOrTrace(142)) - 0df1231c-9f8a-4757-a7d0-f6d7f53bc482@group-A751954341BD-LeaderElection248 got exception when requesting votes: java.util.concurrent.ExecutionException: org.apache.ratis.thirdparty.io.grpc.StatusRuntimeException: UNAVAILABLE: io exception
2025-09-19 20:45:46,529 [0df1231c-9f8a-4757-a7d0-f6d7f53bc482@group-A751954341BD-LeaderElection248] INFO  impl.LeaderElection (LogUtils.java:infoOrTrace(142)) - 0df1231c-9f8a-4757-a7d0-f6d7f53bc482@group-A751954341BD-LeaderElection248 got exception when requesting votes: java.util.concurrent.ExecutionException: org.apache.ratis.thirdparty.io.grpc.StatusRuntimeException: UNAVAILABLE: io exception
2025-09-19 20:45:46,529 [0df1231c-9f8a-4757-a7d0-f6d7f53bc482@group-A751954341BD-LeaderElection248] INFO  impl.LeaderElection (LeaderElection.java:logAndReturn(206)) - 0df1231c-9f8a-4757-a7d0-f6d7f53bc482@group-A751954341BD-LeaderElection248: PRE_VOTE REJECTED received 0 response(s) and 2 exception(s):
2025-09-19 20:45:46,529 [0df1231c-9f8a-4757-a7d0-f6d7f53bc482@group-A751954341BD-LeaderElection248] INFO  impl.LeaderElection (LogUtils.java:infoOrTrace(142)) -   Exception 0: java.util.concurrent.ExecutionException: org.apache.ratis.thirdparty.io.grpc.StatusRuntimeException: UNAVAILABLE: io exception
2025-09-19 20:45:46,530 [0df1231c-9f8a-4757-a7d0-f6d7f53bc482@group-A751954341BD-LeaderElection248] INFO  impl.LeaderElection (LogUtils.java:infoOrTrace(142)) -   Exception 1: java.util.concurrent.ExecutionException: org.apache.ratis.thirdparty.io.grpc.StatusRuntimeException: UNAVAILABLE: io exception
2025-09-19 20:45:46,530 [0df1231c-9f8a-4757-a7d0-f6d7f53bc482@group-A751954341BD-LeaderElection248] INFO  impl.LeaderElection (LeaderElection.java:askForVotes(450)) - 0df1231c-9f8a-4757-a7d0-f6d7f53bc482@group-A751954341BD-LeaderElection248 PRE_VOTE round 0: result REJECTED
2025-09-19 20:45:46,530 [0df1231c-9f8a-4757-a7d0-f6d7f53bc482@group-A751954341BD-LeaderElection248] INFO  server.RaftServer$Division (RaftServerImpl.java:setRole(392)) - 0df1231c-9f8a-4757-a7d0-f6d7f53bc482@group-A751954341BD: changes role from CANDIDATE to FOLLOWER at term 4 for REJECTED
2025-09-19 20:45:46,530 [0df1231c-9f8a-4757-a7d0-f6d7f53bc482@group-A751954341BD-LeaderElection248] INFO  impl.RoleInfo (RoleInfo.java:shutdownLeaderElection(141)) - 0df1231c-9f8a-4757-a7d0-f6d7f53bc482: shutdown 0df1231c-9f8a-4757-a7d0-f6d7f53bc482@group-A751954341BD-LeaderElection248
2025-09-19 20:45:46,530 [0df1231c-9f8a-4757-a7d0-f6d7f53bc482@group-A751954341BD-LeaderElection248] INFO  impl.RoleInfo (RoleInfo.java:updateAndGet(148)) - 0df1231c-9f8a-4757-a7d0-f6d7f53bc482: start 0df1231c-9f8a-4757-a7d0-f6d7f53bc482@group-A751954341BD-FollowerState
2025-09-19 20:45:47,360 [0df1231c-9f8a-4757-a7d0-f6d7f53bc482@group-715EBF8096A7-FollowerState] INFO  impl.FollowerState (FollowerState.java:runImpl(161)) - 0df1231c-9f8a-4757-a7d0-f6d7f53bc482@group-715EBF8096A7-FollowerState: change to CANDIDATE, lastRpcElapsedTime:1002249777ns, electionTimeout:1002ms
2025-09-19 20:45:47,360 [0df1231c-9f8a-4757-a7d0-f6d7f53bc482@group-715EBF8096A7-FollowerState] INFO  impl.RoleInfo (RoleInfo.java:shutdownFollowerState(121)) - 0df1231c-9f8a-4757-a7d0-f6d7f53bc482: shutdown 0df1231c-9f8a-4757-a7d0-f6d7f53bc482@group-715EBF8096A7-FollowerState
2025-09-19 20:45:47,360 [0df1231c-9f8a-4757-a7d0-f6d7f53bc482@group-715EBF8096A7-FollowerState] INFO  server.RaftServer$Division (RaftServerImpl.java:setRole(392)) - 0df1231c-9f8a-4757-a7d0-f6d7f53bc482@group-715EBF8096A7: changes role from  FOLLOWER to CANDIDATE at term 7 for changeToCandidate
2025-09-19 20:45:47,361 [0df1231c-9f8a-4757-a7d0-f6d7f53bc482@group-715EBF8096A7-FollowerState] INFO  impl.RoleInfo (RoleInfo.java:updateAndGet(148)) - 0df1231c-9f8a-4757-a7d0-f6d7f53bc482: start 0df1231c-9f8a-4757-a7d0-f6d7f53bc482@group-715EBF8096A7-LeaderElection249
2025-09-19 20:45:47,361 [0df1231c-9f8a-4757-a7d0-f6d7f53bc482@group-715EBF8096A7-LeaderElection249] INFO  impl.LeaderElection (LeaderElection.java:askForVotes(448)) - 0df1231c-9f8a-4757-a7d0-f6d7f53bc482@group-715EBF8096A7-LeaderElection249 PRE_VOTE round 0: submit vote requests at term 7 for conf: {index: 15, cur=peers:[b5a25cc1-46d3-4381-a194-bd68f4526f1c|127.0.0.1:15031, 0df1231c-9f8a-4757-a7d0-f6d7f53bc482|127.0.0.1:15023, 8eb9963e-bce0-4155-aea2-e442cadff8bd|127.0.0.1:15015]|listeners:[], old=null}
2025-09-19 20:45:47,361 [0df1231c-9f8a-4757-a7d0-f6d7f53bc482@group-715EBF8096A7-LeaderElection249] INFO  impl.LeaderElection (LogUtils.java:infoOrTrace(142)) - 0df1231c-9f8a-4757-a7d0-f6d7f53bc482@group-715EBF8096A7-LeaderElection249 got exception when requesting votes: java.util.concurrent.ExecutionException: org.apache.ratis.thirdparty.io.grpc.StatusRuntimeException: UNAVAILABLE: io exception
2025-09-19 20:45:47,361 [0df1231c-9f8a-4757-a7d0-f6d7f53bc482@group-715EBF8096A7-LeaderElection249] INFO  impl.LeaderElection (LogUtils.java:infoOrTrace(142)) - 0df1231c-9f8a-4757-a7d0-f6d7f53bc482@group-715EBF8096A7-LeaderElection249 got exception when requesting votes: java.util.concurrent.ExecutionException: org.apache.ratis.thirdparty.io.grpc.StatusRuntimeException: UNAVAILABLE: io exception
2025-09-19 20:45:47,361 [0df1231c-9f8a-4757-a7d0-f6d7f53bc482@group-715EBF8096A7-LeaderElection249] INFO  impl.LeaderElection (LeaderElection.java:logAndReturn(206)) - 0df1231c-9f8a-4757-a7d0-f6d7f53bc482@group-715EBF8096A7-LeaderElection249: PRE_VOTE REJECTED received 0 response(s) and 2 exception(s):
2025-09-19 20:45:47,361 [0df1231c-9f8a-4757-a7d0-f6d7f53bc482@group-715EBF8096A7-LeaderElection249] INFO  impl.LeaderElection (LogUtils.java:infoOrTrace(142)) -   Exception 0: java.util.concurrent.ExecutionException: org.apache.ratis.thirdparty.io.grpc.StatusRuntimeException: UNAVAILABLE: io exception
2025-09-19 20:45:47,361 [0df1231c-9f8a-4757-a7d0-f6d7f53bc482@group-715EBF8096A7-LeaderElection249] INFO  impl.LeaderElection (LogUtils.java:infoOrTrace(142)) -   Exception 1: java.util.concurrent.ExecutionException: org.apache.ratis.thirdparty.io.grpc.StatusRuntimeException: UNAVAILABLE: io exception
2025-09-19 20:45:47,361 [0df1231c-9f8a-4757-a7d0-f6d7f53bc482@group-715EBF8096A7-LeaderElection249] INFO  impl.LeaderElection (LeaderElection.java:askForVotes(450)) - 0df1231c-9f8a-4757-a7d0-f6d7f53bc482@group-715EBF8096A7-LeaderElection249 PRE_VOTE round 0: result REJECTED
2025-09-19 20:45:47,362 [0df1231c-9f8a-4757-a7d0-f6d7f53bc482@group-715EBF8096A7-LeaderElection249] INFO  server.RaftServer$Division (RaftServerImpl.java:setRole(392)) - 0df1231c-9f8a-4757-a7d0-f6d7f53bc482@group-715EBF8096A7: changes role from CANDIDATE to FOLLOWER at term 7 for REJECTED
2025-09-19 20:45:47,362 [0df1231c-9f8a-4757-a7d0-f6d7f53bc482@group-715EBF8096A7-LeaderElection249] INFO  impl.RoleInfo (RoleInfo.java:shutdownLeaderElection(141)) - 0df1231c-9f8a-4757-a7d0-f6d7f53bc482: shutdown 0df1231c-9f8a-4757-a7d0-f6d7f53bc482@group-715EBF8096A7-LeaderElection249
2025-09-19 20:45:47,362 [0df1231c-9f8a-4757-a7d0-f6d7f53bc482@group-715EBF8096A7-LeaderElection249] INFO  impl.RoleInfo (RoleInfo.java:updateAndGet(148)) - 0df1231c-9f8a-4757-a7d0-f6d7f53bc482: start 0df1231c-9f8a-4757-a7d0-f6d7f53bc482@group-715EBF8096A7-FollowerState
2025-09-19 20:45:47,595 [0df1231c-9f8a-4757-a7d0-f6d7f53bc482@group-A751954341BD-FollowerState] INFO  impl.FollowerState (FollowerState.java:runImpl(161)) - 0df1231c-9f8a-4757-a7d0-f6d7f53bc482@group-A751954341BD-FollowerState: change to CANDIDATE, lastRpcElapsedTime:1065362140ns, electionTimeout:1065ms
2025-09-19 20:45:47,595 [0df1231c-9f8a-4757-a7d0-f6d7f53bc482@group-A751954341BD-FollowerState] INFO  impl.RoleInfo (RoleInfo.java:shutdownFollowerState(121)) - 0df1231c-9f8a-4757-a7d0-f6d7f53bc482: shutdown 0df1231c-9f8a-4757-a7d0-f6d7f53bc482@group-A751954341BD-FollowerState
2025-09-19 20:45:47,595 [0df1231c-9f8a-4757-a7d0-f6d7f53bc482@group-A751954341BD-FollowerState] INFO  server.RaftServer$Division (RaftServerImpl.java:setRole(392)) - 0df1231c-9f8a-4757-a7d0-f6d7f53bc482@group-A751954341BD: changes role from  FOLLOWER to CANDIDATE at term 4 for changeToCandidate
2025-09-19 20:45:47,595 [0df1231c-9f8a-4757-a7d0-f6d7f53bc482@group-A751954341BD-FollowerState] INFO  impl.RoleInfo (RoleInfo.java:updateAndGet(148)) - 0df1231c-9f8a-4757-a7d0-f6d7f53bc482: start 0df1231c-9f8a-4757-a7d0-f6d7f53bc482@group-A751954341BD-LeaderElection250
2025-09-19 20:45:47,595 [0df1231c-9f8a-4757-a7d0-f6d7f53bc482@group-A751954341BD-LeaderElection250] INFO  impl.LeaderElection (LeaderElection.java:askForVotes(448)) - 0df1231c-9f8a-4757-a7d0-f6d7f53bc482@group-A751954341BD-LeaderElection250 PRE_VOTE round 0: submit vote requests at term 4 for conf: {index: 23, cur=peers:[b5a25cc1-46d3-4381-a194-bd68f4526f1c|127.0.0.1:15031, 0df1231c-9f8a-4757-a7d0-f6d7f53bc482|127.0.0.1:15023, 8eb9963e-bce0-4155-aea2-e442cadff8bd|127.0.0.1:15015]|listeners:[], old=null}
2025-09-19 20:45:47,596 [0df1231c-9f8a-4757-a7d0-f6d7f53bc482@group-A751954341BD-LeaderElection250] INFO  impl.LeaderElection (LogUtils.java:infoOrTrace(142)) - 0df1231c-9f8a-4757-a7d0-f6d7f53bc482@group-A751954341BD-LeaderElection250 got exception when requesting votes: java.util.concurrent.ExecutionException: org.apache.ratis.thirdparty.io.grpc.StatusRuntimeException: UNAVAILABLE: io exception
2025-09-19 20:45:47,596 [0df1231c-9f8a-4757-a7d0-f6d7f53bc482@group-A751954341BD-LeaderElection250] INFO  impl.LeaderElection (LogUtils.java:infoOrTrace(142)) - 0df1231c-9f8a-4757-a7d0-f6d7f53bc482@group-A751954341BD-LeaderElection250 got exception when requesting votes: java.util.concurrent.ExecutionException: org.apache.ratis.thirdparty.io.grpc.StatusRuntimeException: UNAVAILABLE: io exception
2025-09-19 20:45:47,596 [0df1231c-9f8a-4757-a7d0-f6d7f53bc482@group-A751954341BD-LeaderElection250] INFO  impl.LeaderElection (LeaderElection.java:logAndReturn(206)) - 0df1231c-9f8a-4757-a7d0-f6d7f53bc482@group-A751954341BD-LeaderElection250: PRE_VOTE REJECTED received 0 response(s) and 2 exception(s):
2025-09-19 20:45:47,596 [0df1231c-9f8a-4757-a7d0-f6d7f53bc482@group-A751954341BD-LeaderElection250] INFO  impl.LeaderElection (LogUtils.java:infoOrTrace(142)) -   Exception 0: java.util.concurrent.ExecutionException: org.apache.ratis.thirdparty.io.grpc.StatusRuntimeException: UNAVAILABLE: io exception
2025-09-19 20:45:47,596 [0df1231c-9f8a-4757-a7d0-f6d7f53bc482@group-A751954341BD-LeaderElection250] INFO  impl.LeaderElection (LogUtils.java:infoOrTrace(142)) -   Exception 1: java.util.concurrent.ExecutionException: org.apache.ratis.thirdparty.io.grpc.StatusRuntimeException: UNAVAILABLE: io exception
2025-09-19 20:45:47,596 [0df1231c-9f8a-4757-a7d0-f6d7f53bc482@group-A751954341BD-LeaderElection250] INFO  impl.LeaderElection (LeaderElection.java:askForVotes(450)) - 0df1231c-9f8a-4757-a7d0-f6d7f53bc482@group-A751954341BD-LeaderElection250 PRE_VOTE round 0: result REJECTED
2025-09-19 20:45:47,596 [0df1231c-9f8a-4757-a7d0-f6d7f53bc482@group-A751954341BD-LeaderElection250] INFO  server.RaftServer$Division (RaftServerImpl.java:setRole(392)) - 0df1231c-9f8a-4757-a7d0-f6d7f53bc482@group-A751954341BD: changes role from CANDIDATE to FOLLOWER at term 4 for REJECTED
2025-09-19 20:45:47,596 [0df1231c-9f8a-4757-a7d0-f6d7f53bc482@group-A751954341BD-LeaderElection250] INFO  impl.RoleInfo (RoleInfo.java:shutdownLeaderElection(141)) - 0df1231c-9f8a-4757-a7d0-f6d7f53bc482: shutdown 0df1231c-9f8a-4757-a7d0-f6d7f53bc482@group-A751954341BD-LeaderElection250
2025-09-19 20:45:47,596 [0df1231c-9f8a-4757-a7d0-f6d7f53bc482@group-A751954341BD-LeaderElection250] INFO  impl.RoleInfo (RoleInfo.java:updateAndGet(148)) - 0df1231c-9f8a-4757-a7d0-f6d7f53bc482: start 0df1231c-9f8a-4757-a7d0-f6d7f53bc482@group-A751954341BD-FollowerState
2025-09-19 20:45:48,363 [0df1231c-9f8a-4757-a7d0-f6d7f53bc482@group-715EBF8096A7-FollowerState] INFO  impl.FollowerState (FollowerState.java:runImpl(161)) - 0df1231c-9f8a-4757-a7d0-f6d7f53bc482@group-715EBF8096A7-FollowerState: change to CANDIDATE, lastRpcElapsedTime:1001257419ns, electionTimeout:1001ms
2025-09-19 20:45:48,363 [0df1231c-9f8a-4757-a7d0-f6d7f53bc482@group-715EBF8096A7-FollowerState] INFO  impl.RoleInfo (RoleInfo.java:shutdownFollowerState(121)) - 0df1231c-9f8a-4757-a7d0-f6d7f53bc482: shutdown 0df1231c-9f8a-4757-a7d0-f6d7f53bc482@group-715EBF8096A7-FollowerState
2025-09-19 20:45:48,363 [0df1231c-9f8a-4757-a7d0-f6d7f53bc482@group-715EBF8096A7-FollowerState] INFO  server.RaftServer$Division (RaftServerImpl.java:setRole(392)) - 0df1231c-9f8a-4757-a7d0-f6d7f53bc482@group-715EBF8096A7: changes role from  FOLLOWER to CANDIDATE at term 7 for changeToCandidate
2025-09-19 20:45:48,363 [0df1231c-9f8a-4757-a7d0-f6d7f53bc482@group-715EBF8096A7-FollowerState] INFO  impl.RoleInfo (RoleInfo.java:updateAndGet(148)) - 0df1231c-9f8a-4757-a7d0-f6d7f53bc482: start 0df1231c-9f8a-4757-a7d0-f6d7f53bc482@group-715EBF8096A7-LeaderElection251
2025-09-19 20:45:48,364 [0df1231c-9f8a-4757-a7d0-f6d7f53bc482@group-715EBF8096A7-LeaderElection251] INFO  impl.LeaderElection (LeaderElection.java:askForVotes(448)) - 0df1231c-9f8a-4757-a7d0-f6d7f53bc482@group-715EBF8096A7-LeaderElection251 PRE_VOTE round 0: submit vote requests at term 7 for conf: {index: 15, cur=peers:[b5a25cc1-46d3-4381-a194-bd68f4526f1c|127.0.0.1:15031, 0df1231c-9f8a-4757-a7d0-f6d7f53bc482|127.0.0.1:15023, 8eb9963e-bce0-4155-aea2-e442cadff8bd|127.0.0.1:15015]|listeners:[], old=null}
2025-09-19 20:45:48,364 [0df1231c-9f8a-4757-a7d0-f6d7f53bc482@group-715EBF8096A7-LeaderElection251] INFO  impl.LeaderElection (LogUtils.java:infoOrTrace(142)) - 0df1231c-9f8a-4757-a7d0-f6d7f53bc482@group-715EBF8096A7-LeaderElection251 got exception when requesting votes: java.util.concurrent.ExecutionException: org.apache.ratis.thirdparty.io.grpc.StatusRuntimeException: UNAVAILABLE: io exception
2025-09-19 20:45:48,364 [0df1231c-9f8a-4757-a7d0-f6d7f53bc482@group-715EBF8096A7-LeaderElection251] INFO  impl.LeaderElection (LogUtils.java:infoOrTrace(142)) - 0df1231c-9f8a-4757-a7d0-f6d7f53bc482@group-715EBF8096A7-LeaderElection251 got exception when requesting votes: java.util.concurrent.ExecutionException: org.apache.ratis.thirdparty.io.grpc.StatusRuntimeException: UNAVAILABLE: io exception
2025-09-19 20:45:48,364 [0df1231c-9f8a-4757-a7d0-f6d7f53bc482@group-715EBF8096A7-LeaderElection251] INFO  impl.LeaderElection (LeaderElection.java:logAndReturn(206)) - 0df1231c-9f8a-4757-a7d0-f6d7f53bc482@group-715EBF8096A7-LeaderElection251: PRE_VOTE REJECTED received 0 response(s) and 2 exception(s):
2025-09-19 20:45:48,364 [0df1231c-9f8a-4757-a7d0-f6d7f53bc482@group-715EBF8096A7-LeaderElection251] INFO  impl.LeaderElection (LogUtils.java:infoOrTrace(142)) -   Exception 0: java.util.concurrent.ExecutionException: org.apache.ratis.thirdparty.io.grpc.StatusRuntimeException: UNAVAILABLE: io exception
2025-09-19 20:45:48,364 [0df1231c-9f8a-4757-a7d0-f6d7f53bc482@group-715EBF8096A7-LeaderElection251] INFO  impl.LeaderElection (LogUtils.java:infoOrTrace(142)) -   Exception 1: java.util.concurrent.ExecutionException: org.apache.ratis.thirdparty.io.grpc.StatusRuntimeException: UNAVAILABLE: io exception
2025-09-19 20:45:48,364 [0df1231c-9f8a-4757-a7d0-f6d7f53bc482@group-715EBF8096A7-LeaderElection251] INFO  impl.LeaderElection (LeaderElection.java:askForVotes(450)) - 0df1231c-9f8a-4757-a7d0-f6d7f53bc482@group-715EBF8096A7-LeaderElection251 PRE_VOTE round 0: result REJECTED
2025-09-19 20:45:48,364 [0df1231c-9f8a-4757-a7d0-f6d7f53bc482@group-715EBF8096A7-LeaderElection251] INFO  server.RaftServer$Division (RaftServerImpl.java:setRole(392)) - 0df1231c-9f8a-4757-a7d0-f6d7f53bc482@group-715EBF8096A7: changes role from CANDIDATE to FOLLOWER at term 7 for REJECTED
2025-09-19 20:45:48,364 [0df1231c-9f8a-4757-a7d0-f6d7f53bc482@group-715EBF8096A7-LeaderElection251] INFO  impl.RoleInfo (RoleInfo.java:shutdownLeaderElection(141)) - 0df1231c-9f8a-4757-a7d0-f6d7f53bc482: shutdown 0df1231c-9f8a-4757-a7d0-f6d7f53bc482@group-715EBF8096A7-LeaderElection251
2025-09-19 20:45:48,364 [0df1231c-9f8a-4757-a7d0-f6d7f53bc482@group-715EBF8096A7-LeaderElection251] INFO  impl.RoleInfo (RoleInfo.java:updateAndGet(148)) - 0df1231c-9f8a-4757-a7d0-f6d7f53bc482: start 0df1231c-9f8a-4757-a7d0-f6d7f53bc482@group-715EBF8096A7-FollowerState
2025-09-19 20:45:48,710 [0df1231c-9f8a-4757-a7d0-f6d7f53bc482@group-A751954341BD-FollowerState] INFO  impl.FollowerState (FollowerState.java:runImpl(161)) - 0df1231c-9f8a-4757-a7d0-f6d7f53bc482@group-A751954341BD-FollowerState: change to CANDIDATE, lastRpcElapsedTime:1114287422ns, electionTimeout:1114ms
2025-09-19 20:45:48,711 [0df1231c-9f8a-4757-a7d0-f6d7f53bc482@group-A751954341BD-FollowerState] INFO  impl.RoleInfo (RoleInfo.java:shutdownFollowerState(121)) - 0df1231c-9f8a-4757-a7d0-f6d7f53bc482: shutdown 0df1231c-9f8a-4757-a7d0-f6d7f53bc482@group-A751954341BD-FollowerState
2025-09-19 20:45:48,711 [0df1231c-9f8a-4757-a7d0-f6d7f53bc482@group-A751954341BD-FollowerState] INFO  server.RaftServer$Division (RaftServerImpl.java:setRole(392)) - 0df1231c-9f8a-4757-a7d0-f6d7f53bc482@group-A751954341BD: changes role from  FOLLOWER to CANDIDATE at term 4 for changeToCandidate
2025-09-19 20:45:48,711 [0df1231c-9f8a-4757-a7d0-f6d7f53bc482@group-A751954341BD-FollowerState] INFO  impl.RoleInfo (RoleInfo.java:updateAndGet(148)) - 0df1231c-9f8a-4757-a7d0-f6d7f53bc482: start 0df1231c-9f8a-4757-a7d0-f6d7f53bc482@group-A751954341BD-LeaderElection252
2025-09-19 20:45:48,711 [0df1231c-9f8a-4757-a7d0-f6d7f53bc482@group-A751954341BD-LeaderElection252] INFO  impl.LeaderElection (LeaderElection.java:askForVotes(448)) - 0df1231c-9f8a-4757-a7d0-f6d7f53bc482@group-A751954341BD-LeaderElection252 PRE_VOTE round 0: submit vote requests at term 4 for conf: {index: 23, cur=peers:[b5a25cc1-46d3-4381-a194-bd68f4526f1c|127.0.0.1:15031, 0df1231c-9f8a-4757-a7d0-f6d7f53bc482|127.0.0.1:15023, 8eb9963e-bce0-4155-aea2-e442cadff8bd|127.0.0.1:15015]|listeners:[], old=null}
2025-09-19 20:45:48,712 [0df1231c-9f8a-4757-a7d0-f6d7f53bc482@group-A751954341BD-LeaderElection252] INFO  impl.LeaderElection (LogUtils.java:infoOrTrace(142)) - 0df1231c-9f8a-4757-a7d0-f6d7f53bc482@group-A751954341BD-LeaderElection252 got exception when requesting votes: java.util.concurrent.ExecutionException: org.apache.ratis.thirdparty.io.grpc.StatusRuntimeException: UNAVAILABLE: io exception
2025-09-19 20:45:48,712 [0df1231c-9f8a-4757-a7d0-f6d7f53bc482@group-A751954341BD-LeaderElection252] INFO  impl.LeaderElection (LogUtils.java:infoOrTrace(142)) - 0df1231c-9f8a-4757-a7d0-f6d7f53bc482@group-A751954341BD-LeaderElection252 got exception when requesting votes: java.util.concurrent.ExecutionException: org.apache.ratis.thirdparty.io.grpc.StatusRuntimeException: UNAVAILABLE: io exception
2025-09-19 20:45:48,712 [0df1231c-9f8a-4757-a7d0-f6d7f53bc482@group-A751954341BD-LeaderElection252] INFO  impl.LeaderElection (LeaderElection.java:logAndReturn(206)) - 0df1231c-9f8a-4757-a7d0-f6d7f53bc482@group-A751954341BD-LeaderElection252: PRE_VOTE REJECTED received 0 response(s) and 2 exception(s):
2025-09-19 20:45:48,712 [0df1231c-9f8a-4757-a7d0-f6d7f53bc482@group-A751954341BD-LeaderElection252] INFO  impl.LeaderElection (LogUtils.java:infoOrTrace(142)) -   Exception 0: java.util.concurrent.ExecutionException: org.apache.ratis.thirdparty.io.grpc.StatusRuntimeException: UNAVAILABLE: io exception
2025-09-19 20:45:48,712 [0df1231c-9f8a-4757-a7d0-f6d7f53bc482@group-A751954341BD-LeaderElection252] INFO  impl.LeaderElection (LogUtils.java:infoOrTrace(142)) -   Exception 1: java.util.concurrent.ExecutionException: org.apache.ratis.thirdparty.io.grpc.StatusRuntimeException: UNAVAILABLE: io exception
2025-09-19 20:45:48,712 [0df1231c-9f8a-4757-a7d0-f6d7f53bc482@group-A751954341BD-LeaderElection252] INFO  impl.LeaderElection (LeaderElection.java:askForVotes(450)) - 0df1231c-9f8a-4757-a7d0-f6d7f53bc482@group-A751954341BD-LeaderElection252 PRE_VOTE round 0: result REJECTED
2025-09-19 20:45:48,712 [0df1231c-9f8a-4757-a7d0-f6d7f53bc482@group-A751954341BD-LeaderElection252] INFO  server.RaftServer$Division (RaftServerImpl.java:setRole(392)) - 0df1231c-9f8a-4757-a7d0-f6d7f53bc482@group-A751954341BD: changes role from CANDIDATE to FOLLOWER at term 4 for REJECTED
2025-09-19 20:45:48,712 [0df1231c-9f8a-4757-a7d0-f6d7f53bc482@group-A751954341BD-LeaderElection252] INFO  impl.RoleInfo (RoleInfo.java:shutdownLeaderElection(141)) - 0df1231c-9f8a-4757-a7d0-f6d7f53bc482: shutdown 0df1231c-9f8a-4757-a7d0-f6d7f53bc482@group-A751954341BD-LeaderElection252
2025-09-19 20:45:48,712 [0df1231c-9f8a-4757-a7d0-f6d7f53bc482@group-A751954341BD-LeaderElection252] INFO  impl.RoleInfo (RoleInfo.java:updateAndGet(148)) - 0df1231c-9f8a-4757-a7d0-f6d7f53bc482: start 0df1231c-9f8a-4757-a7d0-f6d7f53bc482@group-A751954341BD-FollowerState
2025-09-19 20:45:49,529 [0df1231c-9f8a-4757-a7d0-f6d7f53bc482@group-715EBF8096A7-FollowerState] INFO  impl.FollowerState (FollowerState.java:runImpl(161)) - 0df1231c-9f8a-4757-a7d0-f6d7f53bc482@group-715EBF8096A7-FollowerState: change to CANDIDATE, lastRpcElapsedTime:1164340957ns, electionTimeout:1164ms
2025-09-19 20:45:49,529 [0df1231c-9f8a-4757-a7d0-f6d7f53bc482@group-715EBF8096A7-FollowerState] INFO  impl.RoleInfo (RoleInfo.java:shutdownFollowerState(121)) - 0df1231c-9f8a-4757-a7d0-f6d7f53bc482: shutdown 0df1231c-9f8a-4757-a7d0-f6d7f53bc482@group-715EBF8096A7-FollowerState
2025-09-19 20:45:49,529 [0df1231c-9f8a-4757-a7d0-f6d7f53bc482@group-715EBF8096A7-FollowerState] INFO  server.RaftServer$Division (RaftServerImpl.java:setRole(392)) - 0df1231c-9f8a-4757-a7d0-f6d7f53bc482@group-715EBF8096A7: changes role from  FOLLOWER to CANDIDATE at term 7 for changeToCandidate
2025-09-19 20:45:49,529 [0df1231c-9f8a-4757-a7d0-f6d7f53bc482@group-715EBF8096A7-FollowerState] INFO  impl.RoleInfo (RoleInfo.java:updateAndGet(148)) - 0df1231c-9f8a-4757-a7d0-f6d7f53bc482: start 0df1231c-9f8a-4757-a7d0-f6d7f53bc482@group-715EBF8096A7-LeaderElection253
2025-09-19 20:45:49,529 [0df1231c-9f8a-4757-a7d0-f6d7f53bc482@group-715EBF8096A7-LeaderElection253] INFO  impl.LeaderElection (LeaderElection.java:askForVotes(448)) - 0df1231c-9f8a-4757-a7d0-f6d7f53bc482@group-715EBF8096A7-LeaderElection253 PRE_VOTE round 0: submit vote requests at term 7 for conf: {index: 15, cur=peers:[b5a25cc1-46d3-4381-a194-bd68f4526f1c|127.0.0.1:15031, 0df1231c-9f8a-4757-a7d0-f6d7f53bc482|127.0.0.1:15023, 8eb9963e-bce0-4155-aea2-e442cadff8bd|127.0.0.1:15015]|listeners:[], old=null}
2025-09-19 20:45:49,530 [0df1231c-9f8a-4757-a7d0-f6d7f53bc482@group-715EBF8096A7-LeaderElection253] INFO  impl.LeaderElection (LogUtils.java:infoOrTrace(142)) - 0df1231c-9f8a-4757-a7d0-f6d7f53bc482@group-715EBF8096A7-LeaderElection253 got exception when requesting votes: java.util.concurrent.ExecutionException: org.apache.ratis.thirdparty.io.grpc.StatusRuntimeException: UNAVAILABLE: io exception
2025-09-19 20:45:49,530 [0df1231c-9f8a-4757-a7d0-f6d7f53bc482@group-715EBF8096A7-LeaderElection253] INFO  impl.LeaderElection (LogUtils.java:infoOrTrace(142)) - 0df1231c-9f8a-4757-a7d0-f6d7f53bc482@group-715EBF8096A7-LeaderElection253 got exception when requesting votes: java.util.concurrent.ExecutionException: org.apache.ratis.thirdparty.io.grpc.StatusRuntimeException: UNAVAILABLE: io exception
2025-09-19 20:45:49,530 [0df1231c-9f8a-4757-a7d0-f6d7f53bc482@group-715EBF8096A7-LeaderElection253] INFO  impl.LeaderElection (LeaderElection.java:logAndReturn(206)) - 0df1231c-9f8a-4757-a7d0-f6d7f53bc482@group-715EBF8096A7-LeaderElection253: PRE_VOTE REJECTED received 0 response(s) and 2 exception(s):
2025-09-19 20:45:49,530 [0df1231c-9f8a-4757-a7d0-f6d7f53bc482@group-715EBF8096A7-LeaderElection253] INFO  impl.LeaderElection (LogUtils.java:infoOrTrace(142)) -   Exception 0: java.util.concurrent.ExecutionException: org.apache.ratis.thirdparty.io.grpc.StatusRuntimeException: UNAVAILABLE: io exception
2025-09-19 20:45:49,530 [0df1231c-9f8a-4757-a7d0-f6d7f53bc482@group-715EBF8096A7-LeaderElection253] INFO  impl.LeaderElection (LogUtils.java:infoOrTrace(142)) -   Exception 1: java.util.concurrent.ExecutionException: org.apache.ratis.thirdparty.io.grpc.StatusRuntimeException: UNAVAILABLE: io exception
2025-09-19 20:45:49,530 [0df1231c-9f8a-4757-a7d0-f6d7f53bc482@group-715EBF8096A7-LeaderElection253] INFO  impl.LeaderElection (LeaderElection.java:askForVotes(450)) - 0df1231c-9f8a-4757-a7d0-f6d7f53bc482@group-715EBF8096A7-LeaderElection253 PRE_VOTE round 0: result REJECTED
2025-09-19 20:45:49,530 [0df1231c-9f8a-4757-a7d0-f6d7f53bc482@group-715EBF8096A7-LeaderElection253] INFO  server.RaftServer$Division (RaftServerImpl.java:setRole(392)) - 0df1231c-9f8a-4757-a7d0-f6d7f53bc482@group-715EBF8096A7: changes role from CANDIDATE to FOLLOWER at term 7 for REJECTED
2025-09-19 20:45:49,530 [0df1231c-9f8a-4757-a7d0-f6d7f53bc482@group-715EBF8096A7-LeaderElection253] INFO  impl.RoleInfo (RoleInfo.java:shutdownLeaderElection(141)) - 0df1231c-9f8a-4757-a7d0-f6d7f53bc482: shutdown 0df1231c-9f8a-4757-a7d0-f6d7f53bc482@group-715EBF8096A7-LeaderElection253
2025-09-19 20:45:49,530 [0df1231c-9f8a-4757-a7d0-f6d7f53bc482@group-715EBF8096A7-LeaderElection253] INFO  impl.RoleInfo (RoleInfo.java:updateAndGet(148)) - 0df1231c-9f8a-4757-a7d0-f6d7f53bc482: start 0df1231c-9f8a-4757-a7d0-f6d7f53bc482@group-715EBF8096A7-FollowerState
2025-09-19 20:45:49,831 [0df1231c-9f8a-4757-a7d0-f6d7f53bc482@group-A751954341BD-FollowerState] INFO  impl.FollowerState (FollowerState.java:runImpl(161)) - 0df1231c-9f8a-4757-a7d0-f6d7f53bc482@group-A751954341BD-FollowerState: change to CANDIDATE, lastRpcElapsedTime:1119230208ns, electionTimeout:1119ms
2025-09-19 20:45:49,831 [0df1231c-9f8a-4757-a7d0-f6d7f53bc482@group-A751954341BD-FollowerState] INFO  impl.RoleInfo (RoleInfo.java:shutdownFollowerState(121)) - 0df1231c-9f8a-4757-a7d0-f6d7f53bc482: shutdown 0df1231c-9f8a-4757-a7d0-f6d7f53bc482@group-A751954341BD-FollowerState
2025-09-19 20:45:49,831 [0df1231c-9f8a-4757-a7d0-f6d7f53bc482@group-A751954341BD-FollowerState] INFO  server.RaftServer$Division (RaftServerImpl.java:setRole(392)) - 0df1231c-9f8a-4757-a7d0-f6d7f53bc482@group-A751954341BD: changes role from  FOLLOWER to CANDIDATE at term 4 for changeToCandidate
2025-09-19 20:45:49,831 [0df1231c-9f8a-4757-a7d0-f6d7f53bc482@group-A751954341BD-FollowerState] INFO  impl.RoleInfo (RoleInfo.java:updateAndGet(148)) - 0df1231c-9f8a-4757-a7d0-f6d7f53bc482: start 0df1231c-9f8a-4757-a7d0-f6d7f53bc482@group-A751954341BD-LeaderElection254
2025-09-19 20:45:49,832 [0df1231c-9f8a-4757-a7d0-f6d7f53bc482@group-A751954341BD-LeaderElection254] INFO  impl.LeaderElection (LeaderElection.java:askForVotes(448)) - 0df1231c-9f8a-4757-a7d0-f6d7f53bc482@group-A751954341BD-LeaderElection254 PRE_VOTE round 0: submit vote requests at term 4 for conf: {index: 23, cur=peers:[b5a25cc1-46d3-4381-a194-bd68f4526f1c|127.0.0.1:15031, 0df1231c-9f8a-4757-a7d0-f6d7f53bc482|127.0.0.1:15023, 8eb9963e-bce0-4155-aea2-e442cadff8bd|127.0.0.1:15015]|listeners:[], old=null}
2025-09-19 20:45:49,832 [0df1231c-9f8a-4757-a7d0-f6d7f53bc482@group-A751954341BD-LeaderElection254] INFO  impl.LeaderElection (LogUtils.java:infoOrTrace(142)) - 0df1231c-9f8a-4757-a7d0-f6d7f53bc482@group-A751954341BD-LeaderElection254 got exception when requesting votes: java.util.concurrent.ExecutionException: org.apache.ratis.thirdparty.io.grpc.StatusRuntimeException: UNAVAILABLE: io exception
2025-09-19 20:45:49,832 [0df1231c-9f8a-4757-a7d0-f6d7f53bc482@group-A751954341BD-LeaderElection254] INFO  impl.LeaderElection (LogUtils.java:infoOrTrace(142)) - 0df1231c-9f8a-4757-a7d0-f6d7f53bc482@group-A751954341BD-LeaderElection254 got exception when requesting votes: java.util.concurrent.ExecutionException: org.apache.ratis.thirdparty.io.grpc.StatusRuntimeException: UNAVAILABLE: io exception
2025-09-19 20:45:49,832 [0df1231c-9f8a-4757-a7d0-f6d7f53bc482@group-A751954341BD-LeaderElection254] INFO  impl.LeaderElection (LeaderElection.java:logAndReturn(206)) - 0df1231c-9f8a-4757-a7d0-f6d7f53bc482@group-A751954341BD-LeaderElection254: PRE_VOTE REJECTED received 0 response(s) and 2 exception(s):
2025-09-19 20:45:49,832 [0df1231c-9f8a-4757-a7d0-f6d7f53bc482@group-A751954341BD-LeaderElection254] INFO  impl.LeaderElection (LogUtils.java:infoOrTrace(142)) -   Exception 0: java.util.concurrent.ExecutionException: org.apache.ratis.thirdparty.io.grpc.StatusRuntimeException: UNAVAILABLE: io exception
2025-09-19 20:45:49,832 [0df1231c-9f8a-4757-a7d0-f6d7f53bc482@group-A751954341BD-LeaderElection254] INFO  impl.LeaderElection (LogUtils.java:infoOrTrace(142)) -   Exception 1: java.util.concurrent.ExecutionException: org.apache.ratis.thirdparty.io.grpc.StatusRuntimeException: UNAVAILABLE: io exception
2025-09-19 20:45:49,832 [0df1231c-9f8a-4757-a7d0-f6d7f53bc482@group-A751954341BD-LeaderElection254] INFO  impl.LeaderElection (LeaderElection.java:askForVotes(450)) - 0df1231c-9f8a-4757-a7d0-f6d7f53bc482@group-A751954341BD-LeaderElection254 PRE_VOTE round 0: result REJECTED
2025-09-19 20:45:49,832 [0df1231c-9f8a-4757-a7d0-f6d7f53bc482@group-A751954341BD-LeaderElection254] INFO  server.RaftServer$Division (RaftServerImpl.java:setRole(392)) - 0df1231c-9f8a-4757-a7d0-f6d7f53bc482@group-A751954341BD: changes role from CANDIDATE to FOLLOWER at term 4 for REJECTED
2025-09-19 20:45:49,832 [0df1231c-9f8a-4757-a7d0-f6d7f53bc482@group-A751954341BD-LeaderElection254] INFO  impl.RoleInfo (RoleInfo.java:shutdownLeaderElection(141)) - 0df1231c-9f8a-4757-a7d0-f6d7f53bc482: shutdown 0df1231c-9f8a-4757-a7d0-f6d7f53bc482@group-A751954341BD-LeaderElection254
2025-09-19 20:45:49,832 [0df1231c-9f8a-4757-a7d0-f6d7f53bc482@group-A751954341BD-LeaderElection254] INFO  impl.RoleInfo (RoleInfo.java:updateAndGet(148)) - 0df1231c-9f8a-4757-a7d0-f6d7f53bc482: start 0df1231c-9f8a-4757-a7d0-f6d7f53bc482@group-A751954341BD-FollowerState
2025-09-19 20:45:50,418 [grpc-default-executor-2] ERROR impl.OrderedAsync (OrderedAsync.java:lambda$null$6(215)) -  client-387E2729942B: Failed* RaftClientRequest:client-387E2729942B->b5a25cc1-46d3-4381-a194-bd68f4526f1c@group-A751954341BD, cid=54, seq=6*, RW, cmdType: WriteChunk
traceID: ""
containerID: 2
datanodeUuid: "8eb9963e-bce0-4155-aea2-e442cadff8bd"
writeChunk {
  blockID {
    containerID: 2
    localID: 115816896921600008
    blockCommitSequenceId: 20
    replicaIndex: 0
  }
  chunkData {
    chunkName: "115816896921600008_chunk_3"
    offset: 2097152
    len: 524288
    checksumData {
      type: CRC32
      bytesPerChecksum: 16384
      checksums: "\326\360U\321"
      checksums: "\326\360U\321"
      checksums: "\326\360U\321"
      checksums: "\326\360U\321"
      checksums: "\326\360U\321"
      checksums: "\326\360U\321"
      checksums: "\326\360U\321"
      checksums: "\326\360U\321"
      checksums: "\326\360U\321"
      checksums: "\326\360U\321"
      checksums: "\326\360U\321"
      checksums: "\326\360U\321"
      checksums: "\326\360U\321"
      checksums: "\326\360U\321"
      checksums: "\326\360U\321"
      checksums: "\326\360U\321"
      checksums: "\326\360U\321"
      checksums: "\326\360U\321"
      checksums: "\326\360U\321"
      checksums: "\326\360U\321"
      checksums: "\326\360U\321"
      checksums: "\326\360U\321"
      checksums: "\326\360U\321"
      checksums: "\326\360U\321"
      checksums: "\326\360U\321"
      checksums: "\326\360U\321"
      checksums: "\326\360U\321"
      checksums: "\326\360U\321"
      checksums: "\326\360U\321"
      checksums: "\326\360U\321"
      checksums: "\326\360U\321"
      checksums: "H$\374\021"
    }
  }
}
version: 3
, data.size=524288
java.util.concurrent.CompletionException: java.io.IOException: org.apache.ratis.thirdparty.io.grpc.StatusRuntimeException: UNAVAILABLE: io exception
	at java.base/java.util.concurrent.CompletableFuture.encodeThrowable(CompletableFuture.java:332)
	at java.base/java.util.concurrent.CompletableFuture.completeThrowable(CompletableFuture.java:347)
	at java.base/java.util.concurrent.CompletableFuture$UniAccept.tryFire(CompletableFuture.java:708)
	at java.base/java.util.concurrent.CompletableFuture.postComplete(CompletableFuture.java:510)
	at java.base/java.util.concurrent.CompletableFuture.completeExceptionally(CompletableFuture.java:2194)
	at org.apache.ratis.grpc.client.GrpcClientProtocolClient$AsyncStreamObservers.completeReplyExceptionally(GrpcClientProtocolClient.java:397)
	at org.apache.ratis.grpc.client.GrpcClientProtocolClient$AsyncStreamObservers.access$000(GrpcClientProtocolClient.java:303)
	at org.apache.ratis.grpc.client.GrpcClientProtocolClient$AsyncStreamObservers$1.onError(GrpcClientProtocolClient.java:334)
	at org.apache.ratis.thirdparty.io.grpc.stub.ClientCalls$StreamObserverToCallListenerAdapter.onClose(ClientCalls.java:564)
	at org.apache.ratis.thirdparty.io.grpc.PartialForwardingClientCallListener.onClose(PartialForwardingClientCallListener.java:39)
	at org.apache.ratis.thirdparty.io.grpc.ForwardingClientCallListener.onClose(ForwardingClientCallListener.java:23)
	at org.apache.ratis.grpc.metrics.intercept.client.MetricClientCallListener.onClose(MetricClientCallListener.java:47)
	at org.apache.ratis.thirdparty.io.grpc.internal.ClientCallImpl.closeObserver(ClientCallImpl.java:565)
	at org.apache.ratis.thirdparty.io.grpc.internal.ClientCallImpl.access$100(ClientCallImpl.java:72)
	at org.apache.ratis.thirdparty.io.grpc.internal.ClientCallImpl$ClientStreamListenerImpl$1StreamClosed.runInternal(ClientCallImpl.java:733)
	at org.apache.ratis.thirdparty.io.grpc.internal.ClientCallImpl$ClientStreamListenerImpl$1StreamClosed.runInContext(ClientCallImpl.java:714)
	at org.apache.ratis.thirdparty.io.grpc.internal.ContextRunnable.run(ContextRunnable.java:37)
	at org.apache.ratis.thirdparty.io.grpc.internal.SerializingExecutor.run(SerializingExecutor.java:133)
	at java.base/java.util.concurrent.ThreadPoolExecutor.runWorker(ThreadPoolExecutor.java:1144)
	at java.base/java.util.concurrent.ThreadPoolExecutor$Worker.run(ThreadPoolExecutor.java:642)
	at java.base/java.lang.Thread.run(Thread.java:1583)
Caused by: java.io.IOException: org.apache.ratis.thirdparty.io.grpc.StatusRuntimeException: UNAVAILABLE: io exception
	at org.apache.ratis.grpc.GrpcUtil.unwrapException(GrpcUtil.java:99)
	at org.apache.ratis.grpc.GrpcUtil.unwrapIOException(GrpcUtil.java:159)
	at org.apache.ratis.grpc.client.GrpcClientProtocolClient$AsyncStreamObservers$1.onError(GrpcClientProtocolClient.java:333)
	... 13 more
Caused by: org.apache.ratis.thirdparty.io.grpc.StatusRuntimeException: UNAVAILABLE: io exception
	at org.apache.ratis.thirdparty.io.grpc.Status.asRuntimeException(Status.java:532)
	... 13 more
Caused by: org.apache.ratis.thirdparty.io.netty.channel.AbstractChannel$AnnotatedConnectException: finishConnect(..) failed: Connection refused: /127.0.0.1:15029
Caused by: java.net.ConnectException: finishConnect(..) failed: Connection refused
	at org.apache.ratis.thirdparty.io.netty.channel.unix.Errors.newConnectException0(Errors.java:166)
	at org.apache.ratis.thirdparty.io.netty.channel.unix.Errors.handleConnectErrno(Errors.java:131)
	at org.apache.ratis.thirdparty.io.netty.channel.unix.Socket.finishConnect(Socket.java:359)
	at org.apache.ratis.thirdparty.io.netty.channel.epoll.AbstractEpollChannel$AbstractEpollUnsafe.doFinishConnect(AbstractEpollChannel.java:715)
	at org.apache.ratis.thirdparty.io.netty.channel.epoll.AbstractEpollChannel$AbstractEpollUnsafe.finishConnect(AbstractEpollChannel.java:692)
	at org.apache.ratis.thirdparty.io.netty.channel.epoll.AbstractEpollChannel$AbstractEpollUnsafe.epollOutReady(AbstractEpollChannel.java:567)
	at org.apache.ratis.thirdparty.io.netty.channel.epoll.EpollEventLoop.processReady(EpollEventLoop.java:491)
	at org.apache.ratis.thirdparty.io.netty.channel.epoll.EpollEventLoop.run(EpollEventLoop.java:399)
	at org.apache.ratis.thirdparty.io.netty.util.concurrent.SingleThreadEventExecutor$4.run(SingleThreadEventExecutor.java:998)
	at org.apache.ratis.thirdparty.io.netty.util.internal.ThreadExecutorMap$2.run(ThreadExecutorMap.java:74)
	at org.apache.ratis.thirdparty.io.netty.util.concurrent.FastThreadLocalRunnable.run(FastThreadLocalRunnable.java:30)
	at java.base/java.lang.Thread.run(Thread.java:1583)
2025-09-19 20:45:50,548 [0df1231c-9f8a-4757-a7d0-f6d7f53bc482@group-715EBF8096A7-FollowerState] INFO  impl.FollowerState (FollowerState.java:runImpl(161)) - 0df1231c-9f8a-4757-a7d0-f6d7f53bc482@group-715EBF8096A7-FollowerState: change to CANDIDATE, lastRpcElapsedTime:1018380902ns, electionTimeout:1018ms
2025-09-19 20:45:50,549 [0df1231c-9f8a-4757-a7d0-f6d7f53bc482@group-715EBF8096A7-FollowerState] INFO  impl.RoleInfo (RoleInfo.java:shutdownFollowerState(121)) - 0df1231c-9f8a-4757-a7d0-f6d7f53bc482: shutdown 0df1231c-9f8a-4757-a7d0-f6d7f53bc482@group-715EBF8096A7-FollowerState
2025-09-19 20:45:50,549 [0df1231c-9f8a-4757-a7d0-f6d7f53bc482@group-715EBF8096A7-FollowerState] INFO  server.RaftServer$Division (RaftServerImpl.java:setRole(392)) - 0df1231c-9f8a-4757-a7d0-f6d7f53bc482@group-715EBF8096A7: changes role from  FOLLOWER to CANDIDATE at term 7 for changeToCandidate
2025-09-19 20:45:50,549 [0df1231c-9f8a-4757-a7d0-f6d7f53bc482@group-715EBF8096A7-FollowerState] INFO  impl.RoleInfo (RoleInfo.java:updateAndGet(148)) - 0df1231c-9f8a-4757-a7d0-f6d7f53bc482: start 0df1231c-9f8a-4757-a7d0-f6d7f53bc482@group-715EBF8096A7-LeaderElection255
2025-09-19 20:45:50,549 [0df1231c-9f8a-4757-a7d0-f6d7f53bc482@group-715EBF8096A7-LeaderElection255] INFO  impl.LeaderElection (LeaderElection.java:askForVotes(448)) - 0df1231c-9f8a-4757-a7d0-f6d7f53bc482@group-715EBF8096A7-LeaderElection255 PRE_VOTE round 0: submit vote requests at term 7 for conf: {index: 15, cur=peers:[b5a25cc1-46d3-4381-a194-bd68f4526f1c|127.0.0.1:15031, 0df1231c-9f8a-4757-a7d0-f6d7f53bc482|127.0.0.1:15023, 8eb9963e-bce0-4155-aea2-e442cadff8bd|127.0.0.1:15015]|listeners:[], old=null}
2025-09-19 20:45:50,549 [0df1231c-9f8a-4757-a7d0-f6d7f53bc482@group-715EBF8096A7-LeaderElection255] INFO  impl.LeaderElection (LogUtils.java:infoOrTrace(142)) - 0df1231c-9f8a-4757-a7d0-f6d7f53bc482@group-715EBF8096A7-LeaderElection255 got exception when requesting votes: java.util.concurrent.ExecutionException: org.apache.ratis.thirdparty.io.grpc.StatusRuntimeException: UNAVAILABLE: io exception
2025-09-19 20:45:50,549 [0df1231c-9f8a-4757-a7d0-f6d7f53bc482@group-715EBF8096A7-LeaderElection255] INFO  impl.LeaderElection (LogUtils.java:infoOrTrace(142)) - 0df1231c-9f8a-4757-a7d0-f6d7f53bc482@group-715EBF8096A7-LeaderElection255 got exception when requesting votes: java.util.concurrent.ExecutionException: org.apache.ratis.thirdparty.io.grpc.StatusRuntimeException: UNAVAILABLE: io exception
2025-09-19 20:45:50,549 [0df1231c-9f8a-4757-a7d0-f6d7f53bc482@group-715EBF8096A7-LeaderElection255] INFO  impl.LeaderElection (LeaderElection.java:logAndReturn(206)) - 0df1231c-9f8a-4757-a7d0-f6d7f53bc482@group-715EBF8096A7-LeaderElection255: PRE_VOTE REJECTED received 0 response(s) and 2 exception(s):
2025-09-19 20:45:50,550 [0df1231c-9f8a-4757-a7d0-f6d7f53bc482@group-715EBF8096A7-LeaderElection255] INFO  impl.LeaderElection (LogUtils.java:infoOrTrace(142)) -   Exception 0: java.util.concurrent.ExecutionException: org.apache.ratis.thirdparty.io.grpc.StatusRuntimeException: UNAVAILABLE: io exception
2025-09-19 20:45:50,550 [0df1231c-9f8a-4757-a7d0-f6d7f53bc482@group-715EBF8096A7-LeaderElection255] INFO  impl.LeaderElection (LogUtils.java:infoOrTrace(142)) -   Exception 1: java.util.concurrent.ExecutionException: org.apache.ratis.thirdparty.io.grpc.StatusRuntimeException: UNAVAILABLE: io exception
2025-09-19 20:45:50,550 [0df1231c-9f8a-4757-a7d0-f6d7f53bc482@group-715EBF8096A7-LeaderElection255] INFO  impl.LeaderElection (LeaderElection.java:askForVotes(450)) - 0df1231c-9f8a-4757-a7d0-f6d7f53bc482@group-715EBF8096A7-LeaderElection255 PRE_VOTE round 0: result REJECTED
2025-09-19 20:45:50,550 [0df1231c-9f8a-4757-a7d0-f6d7f53bc482@group-715EBF8096A7-LeaderElection255] INFO  server.RaftServer$Division (RaftServerImpl.java:setRole(392)) - 0df1231c-9f8a-4757-a7d0-f6d7f53bc482@group-715EBF8096A7: changes role from CANDIDATE to FOLLOWER at term 7 for REJECTED
2025-09-19 20:45:50,550 [0df1231c-9f8a-4757-a7d0-f6d7f53bc482@group-715EBF8096A7-LeaderElection255] INFO  impl.RoleInfo (RoleInfo.java:shutdownLeaderElection(141)) - 0df1231c-9f8a-4757-a7d0-f6d7f53bc482: shutdown 0df1231c-9f8a-4757-a7d0-f6d7f53bc482@group-715EBF8096A7-LeaderElection255
2025-09-19 20:45:50,550 [0df1231c-9f8a-4757-a7d0-f6d7f53bc482@group-715EBF8096A7-LeaderElection255] INFO  impl.RoleInfo (RoleInfo.java:updateAndGet(148)) - 0df1231c-9f8a-4757-a7d0-f6d7f53bc482: start 0df1231c-9f8a-4757-a7d0-f6d7f53bc482@group-715EBF8096A7-FollowerState
2025-09-19 20:45:50,919 [0df1231c-9f8a-4757-a7d0-f6d7f53bc482@group-A751954341BD-FollowerState] INFO  impl.FollowerState (FollowerState.java:runImpl(161)) - 0df1231c-9f8a-4757-a7d0-f6d7f53bc482@group-A751954341BD-FollowerState: change to CANDIDATE, lastRpcElapsedTime:1086270137ns, electionTimeout:1086ms
2025-09-19 20:45:50,919 [0df1231c-9f8a-4757-a7d0-f6d7f53bc482@group-A751954341BD-FollowerState] INFO  impl.RoleInfo (RoleInfo.java:shutdownFollowerState(121)) - 0df1231c-9f8a-4757-a7d0-f6d7f53bc482: shutdown 0df1231c-9f8a-4757-a7d0-f6d7f53bc482@group-A751954341BD-FollowerState
2025-09-19 20:45:50,919 [0df1231c-9f8a-4757-a7d0-f6d7f53bc482@group-A751954341BD-FollowerState] INFO  server.RaftServer$Division (RaftServerImpl.java:setRole(392)) - 0df1231c-9f8a-4757-a7d0-f6d7f53bc482@group-A751954341BD: changes role from  FOLLOWER to CANDIDATE at term 4 for changeToCandidate
2025-09-19 20:45:50,919 [0df1231c-9f8a-4757-a7d0-f6d7f53bc482@group-A751954341BD-FollowerState] INFO  impl.RoleInfo (RoleInfo.java:updateAndGet(148)) - 0df1231c-9f8a-4757-a7d0-f6d7f53bc482: start 0df1231c-9f8a-4757-a7d0-f6d7f53bc482@group-A751954341BD-LeaderElection256
2025-09-19 20:45:50,919 [0df1231c-9f8a-4757-a7d0-f6d7f53bc482@group-A751954341BD-LeaderElection256] INFO  impl.LeaderElection (LeaderElection.java:askForVotes(448)) - 0df1231c-9f8a-4757-a7d0-f6d7f53bc482@group-A751954341BD-LeaderElection256 PRE_VOTE round 0: submit vote requests at term 4 for conf: {index: 23, cur=peers:[b5a25cc1-46d3-4381-a194-bd68f4526f1c|127.0.0.1:15031, 0df1231c-9f8a-4757-a7d0-f6d7f53bc482|127.0.0.1:15023, 8eb9963e-bce0-4155-aea2-e442cadff8bd|127.0.0.1:15015]|listeners:[], old=null}
2025-09-19 20:45:50,920 [0df1231c-9f8a-4757-a7d0-f6d7f53bc482@group-A751954341BD-LeaderElection256] INFO  impl.LeaderElection (LogUtils.java:infoOrTrace(142)) - 0df1231c-9f8a-4757-a7d0-f6d7f53bc482@group-A751954341BD-LeaderElection256 got exception when requesting votes: java.util.concurrent.ExecutionException: org.apache.ratis.thirdparty.io.grpc.StatusRuntimeException: UNAVAILABLE: io exception
2025-09-19 20:45:50,920 [0df1231c-9f8a-4757-a7d0-f6d7f53bc482@group-A751954341BD-LeaderElection256] INFO  impl.LeaderElection (LogUtils.java:infoOrTrace(142)) - 0df1231c-9f8a-4757-a7d0-f6d7f53bc482@group-A751954341BD-LeaderElection256 got exception when requesting votes: java.util.concurrent.ExecutionException: org.apache.ratis.thirdparty.io.grpc.StatusRuntimeException: UNAVAILABLE: io exception
2025-09-19 20:45:50,920 [0df1231c-9f8a-4757-a7d0-f6d7f53bc482@group-A751954341BD-LeaderElection256] INFO  impl.LeaderElection (LeaderElection.java:logAndReturn(206)) - 0df1231c-9f8a-4757-a7d0-f6d7f53bc482@group-A751954341BD-LeaderElection256: PRE_VOTE REJECTED received 0 response(s) and 2 exception(s):
2025-09-19 20:45:50,920 [0df1231c-9f8a-4757-a7d0-f6d7f53bc482@group-A751954341BD-LeaderElection256] INFO  impl.LeaderElection (LogUtils.java:infoOrTrace(142)) -   Exception 0: java.util.concurrent.ExecutionException: org.apache.ratis.thirdparty.io.grpc.StatusRuntimeException: UNAVAILABLE: io exception
2025-09-19 20:45:50,920 [0df1231c-9f8a-4757-a7d0-f6d7f53bc482@group-A751954341BD-LeaderElection256] INFO  impl.LeaderElection (LogUtils.java:infoOrTrace(142)) -   Exception 1: java.util.concurrent.ExecutionException: org.apache.ratis.thirdparty.io.grpc.StatusRuntimeException: UNAVAILABLE: io exception
2025-09-19 20:45:50,920 [0df1231c-9f8a-4757-a7d0-f6d7f53bc482@group-A751954341BD-LeaderElection256] INFO  impl.LeaderElection (LeaderElection.java:askForVotes(450)) - 0df1231c-9f8a-4757-a7d0-f6d7f53bc482@group-A751954341BD-LeaderElection256 PRE_VOTE round 0: result REJECTED
2025-09-19 20:45:50,920 [0df1231c-9f8a-4757-a7d0-f6d7f53bc482@group-A751954341BD-LeaderElection256] INFO  server.RaftServer$Division (RaftServerImpl.java:setRole(392)) - 0df1231c-9f8a-4757-a7d0-f6d7f53bc482@group-A751954341BD: changes role from CANDIDATE to FOLLOWER at term 4 for REJECTED
2025-09-19 20:45:50,920 [0df1231c-9f8a-4757-a7d0-f6d7f53bc482@group-A751954341BD-LeaderElection256] INFO  impl.RoleInfo (RoleInfo.java:shutdownLeaderElection(141)) - 0df1231c-9f8a-4757-a7d0-f6d7f53bc482: shutdown 0df1231c-9f8a-4757-a7d0-f6d7f53bc482@group-A751954341BD-LeaderElection256
2025-09-19 20:45:50,920 [0df1231c-9f8a-4757-a7d0-f6d7f53bc482@group-A751954341BD-LeaderElection256] INFO  impl.RoleInfo (RoleInfo.java:updateAndGet(148)) - 0df1231c-9f8a-4757-a7d0-f6d7f53bc482: start 0df1231c-9f8a-4757-a7d0-f6d7f53bc482@group-A751954341BD-FollowerState
2025-09-19 20:45:51,728 [0df1231c-9f8a-4757-a7d0-f6d7f53bc482@group-715EBF8096A7-FollowerState] INFO  impl.FollowerState (FollowerState.java:runImpl(161)) - 0df1231c-9f8a-4757-a7d0-f6d7f53bc482@group-715EBF8096A7-FollowerState: change to CANDIDATE, lastRpcElapsedTime:1178262432ns, electionTimeout:1178ms
2025-09-19 20:45:51,728 [0df1231c-9f8a-4757-a7d0-f6d7f53bc482@group-715EBF8096A7-FollowerState] INFO  impl.RoleInfo (RoleInfo.java:shutdownFollowerState(121)) - 0df1231c-9f8a-4757-a7d0-f6d7f53bc482: shutdown 0df1231c-9f8a-4757-a7d0-f6d7f53bc482@group-715EBF8096A7-FollowerState
2025-09-19 20:45:51,728 [0df1231c-9f8a-4757-a7d0-f6d7f53bc482@group-715EBF8096A7-FollowerState] INFO  server.RaftServer$Division (RaftServerImpl.java:setRole(392)) - 0df1231c-9f8a-4757-a7d0-f6d7f53bc482@group-715EBF8096A7: changes role from  FOLLOWER to CANDIDATE at term 7 for changeToCandidate
2025-09-19 20:45:51,728 [0df1231c-9f8a-4757-a7d0-f6d7f53bc482@group-715EBF8096A7-FollowerState] INFO  impl.RoleInfo (RoleInfo.java:updateAndGet(148)) - 0df1231c-9f8a-4757-a7d0-f6d7f53bc482: start 0df1231c-9f8a-4757-a7d0-f6d7f53bc482@group-715EBF8096A7-LeaderElection257
2025-09-19 20:45:51,729 [0df1231c-9f8a-4757-a7d0-f6d7f53bc482@group-715EBF8096A7-LeaderElection257] INFO  impl.LeaderElection (LeaderElection.java:askForVotes(448)) - 0df1231c-9f8a-4757-a7d0-f6d7f53bc482@group-715EBF8096A7-LeaderElection257 PRE_VOTE round 0: submit vote requests at term 7 for conf: {index: 15, cur=peers:[b5a25cc1-46d3-4381-a194-bd68f4526f1c|127.0.0.1:15031, 0df1231c-9f8a-4757-a7d0-f6d7f53bc482|127.0.0.1:15023, 8eb9963e-bce0-4155-aea2-e442cadff8bd|127.0.0.1:15015]|listeners:[], old=null}
2025-09-19 20:45:51,729 [0df1231c-9f8a-4757-a7d0-f6d7f53bc482@group-715EBF8096A7-LeaderElection257] INFO  impl.LeaderElection (LogUtils.java:infoOrTrace(142)) - 0df1231c-9f8a-4757-a7d0-f6d7f53bc482@group-715EBF8096A7-LeaderElection257 got exception when requesting votes: java.util.concurrent.ExecutionException: org.apache.ratis.thirdparty.io.grpc.StatusRuntimeException: UNAVAILABLE: io exception
2025-09-19 20:45:51,729 [0df1231c-9f8a-4757-a7d0-f6d7f53bc482@group-715EBF8096A7-LeaderElection257] INFO  impl.LeaderElection (LogUtils.java:infoOrTrace(142)) - 0df1231c-9f8a-4757-a7d0-f6d7f53bc482@group-715EBF8096A7-LeaderElection257 got exception when requesting votes: java.util.concurrent.ExecutionException: org.apache.ratis.thirdparty.io.grpc.StatusRuntimeException: UNAVAILABLE: io exception
2025-09-19 20:45:51,729 [0df1231c-9f8a-4757-a7d0-f6d7f53bc482@group-715EBF8096A7-LeaderElection257] INFO  impl.LeaderElection (LeaderElection.java:logAndReturn(206)) - 0df1231c-9f8a-4757-a7d0-f6d7f53bc482@group-715EBF8096A7-LeaderElection257: PRE_VOTE REJECTED received 0 response(s) and 2 exception(s):
2025-09-19 20:45:51,729 [0df1231c-9f8a-4757-a7d0-f6d7f53bc482@group-715EBF8096A7-LeaderElection257] INFO  impl.LeaderElection (LogUtils.java:infoOrTrace(142)) -   Exception 0: java.util.concurrent.ExecutionException: org.apache.ratis.thirdparty.io.grpc.StatusRuntimeException: UNAVAILABLE: io exception
2025-09-19 20:45:51,729 [0df1231c-9f8a-4757-a7d0-f6d7f53bc482@group-715EBF8096A7-LeaderElection257] INFO  impl.LeaderElection (LogUtils.java:infoOrTrace(142)) -   Exception 1: java.util.concurrent.ExecutionException: org.apache.ratis.thirdparty.io.grpc.StatusRuntimeException: UNAVAILABLE: io exception
2025-09-19 20:45:51,729 [0df1231c-9f8a-4757-a7d0-f6d7f53bc482@group-715EBF8096A7-LeaderElection257] INFO  impl.LeaderElection (LeaderElection.java:askForVotes(450)) - 0df1231c-9f8a-4757-a7d0-f6d7f53bc482@group-715EBF8096A7-LeaderElection257 PRE_VOTE round 0: result REJECTED
2025-09-19 20:45:51,729 [0df1231c-9f8a-4757-a7d0-f6d7f53bc482@group-715EBF8096A7-LeaderElection257] INFO  server.RaftServer$Division (RaftServerImpl.java:setRole(392)) - 0df1231c-9f8a-4757-a7d0-f6d7f53bc482@group-715EBF8096A7: changes role from CANDIDATE to FOLLOWER at term 7 for REJECTED
2025-09-19 20:45:51,729 [0df1231c-9f8a-4757-a7d0-f6d7f53bc482@group-715EBF8096A7-LeaderElection257] INFO  impl.RoleInfo (RoleInfo.java:shutdownLeaderElection(141)) - 0df1231c-9f8a-4757-a7d0-f6d7f53bc482: shutdown 0df1231c-9f8a-4757-a7d0-f6d7f53bc482@group-715EBF8096A7-LeaderElection257
2025-09-19 20:45:51,729 [0df1231c-9f8a-4757-a7d0-f6d7f53bc482@group-715EBF8096A7-LeaderElection257] INFO  impl.RoleInfo (RoleInfo.java:updateAndGet(148)) - 0df1231c-9f8a-4757-a7d0-f6d7f53bc482: start 0df1231c-9f8a-4757-a7d0-f6d7f53bc482@group-715EBF8096A7-FollowerState
2025-09-19 20:45:51,921 [0df1231c-9f8a-4757-a7d0-f6d7f53bc482@group-A751954341BD-FollowerState] INFO  impl.FollowerState (FollowerState.java:runImpl(161)) - 0df1231c-9f8a-4757-a7d0-f6d7f53bc482@group-A751954341BD-FollowerState: change to CANDIDATE, lastRpcElapsedTime:1000424388ns, electionTimeout:1000ms
2025-09-19 20:45:51,921 [0df1231c-9f8a-4757-a7d0-f6d7f53bc482@group-A751954341BD-FollowerState] INFO  impl.RoleInfo (RoleInfo.java:shutdownFollowerState(121)) - 0df1231c-9f8a-4757-a7d0-f6d7f53bc482: shutdown 0df1231c-9f8a-4757-a7d0-f6d7f53bc482@group-A751954341BD-FollowerState
2025-09-19 20:45:51,921 [0df1231c-9f8a-4757-a7d0-f6d7f53bc482@group-A751954341BD-FollowerState] INFO  server.RaftServer$Division (RaftServerImpl.java:setRole(392)) - 0df1231c-9f8a-4757-a7d0-f6d7f53bc482@group-A751954341BD: changes role from  FOLLOWER to CANDIDATE at term 4 for changeToCandidate
2025-09-19 20:45:51,921 [0df1231c-9f8a-4757-a7d0-f6d7f53bc482@group-A751954341BD-FollowerState] INFO  impl.RoleInfo (RoleInfo.java:updateAndGet(148)) - 0df1231c-9f8a-4757-a7d0-f6d7f53bc482: start 0df1231c-9f8a-4757-a7d0-f6d7f53bc482@group-A751954341BD-LeaderElection258
2025-09-19 20:45:51,921 [0df1231c-9f8a-4757-a7d0-f6d7f53bc482@group-A751954341BD-LeaderElection258] INFO  impl.LeaderElection (LeaderElection.java:askForVotes(448)) - 0df1231c-9f8a-4757-a7d0-f6d7f53bc482@group-A751954341BD-LeaderElection258 PRE_VOTE round 0: submit vote requests at term 4 for conf: {index: 23, cur=peers:[b5a25cc1-46d3-4381-a194-bd68f4526f1c|127.0.0.1:15031, 0df1231c-9f8a-4757-a7d0-f6d7f53bc482|127.0.0.1:15023, 8eb9963e-bce0-4155-aea2-e442cadff8bd|127.0.0.1:15015]|listeners:[], old=null}
2025-09-19 20:45:51,921 [0df1231c-9f8a-4757-a7d0-f6d7f53bc482@group-A751954341BD-LeaderElection258] INFO  impl.LeaderElection (LogUtils.java:infoOrTrace(142)) - 0df1231c-9f8a-4757-a7d0-f6d7f53bc482@group-A751954341BD-LeaderElection258 got exception when requesting votes: java.util.concurrent.ExecutionException: org.apache.ratis.thirdparty.io.grpc.StatusRuntimeException: UNAVAILABLE: io exception
2025-09-19 20:45:51,921 [0df1231c-9f8a-4757-a7d0-f6d7f53bc482@group-A751954341BD-LeaderElection258] INFO  impl.LeaderElection (LogUtils.java:infoOrTrace(142)) - 0df1231c-9f8a-4757-a7d0-f6d7f53bc482@group-A751954341BD-LeaderElection258 got exception when requesting votes: java.util.concurrent.ExecutionException: org.apache.ratis.thirdparty.io.grpc.StatusRuntimeException: UNAVAILABLE: io exception
2025-09-19 20:45:51,922 [0df1231c-9f8a-4757-a7d0-f6d7f53bc482@group-A751954341BD-LeaderElection258] INFO  impl.LeaderElection (LeaderElection.java:logAndReturn(206)) - 0df1231c-9f8a-4757-a7d0-f6d7f53bc482@group-A751954341BD-LeaderElection258: PRE_VOTE REJECTED received 0 response(s) and 2 exception(s):
2025-09-19 20:45:51,922 [0df1231c-9f8a-4757-a7d0-f6d7f53bc482@group-A751954341BD-LeaderElection258] INFO  impl.LeaderElection (LogUtils.java:infoOrTrace(142)) -   Exception 0: java.util.concurrent.ExecutionException: org.apache.ratis.thirdparty.io.grpc.StatusRuntimeException: UNAVAILABLE: io exception
2025-09-19 20:45:51,922 [0df1231c-9f8a-4757-a7d0-f6d7f53bc482@group-A751954341BD-LeaderElection258] INFO  impl.LeaderElection (LogUtils.java:infoOrTrace(142)) -   Exception 1: java.util.concurrent.ExecutionException: org.apache.ratis.thirdparty.io.grpc.StatusRuntimeException: UNAVAILABLE: io exception
2025-09-19 20:45:51,922 [0df1231c-9f8a-4757-a7d0-f6d7f53bc482@group-A751954341BD-LeaderElection258] INFO  impl.LeaderElection (LeaderElection.java:askForVotes(450)) - 0df1231c-9f8a-4757-a7d0-f6d7f53bc482@group-A751954341BD-LeaderElection258 PRE_VOTE round 0: result REJECTED
2025-09-19 20:45:51,922 [0df1231c-9f8a-4757-a7d0-f6d7f53bc482@group-A751954341BD-LeaderElection258] INFO  server.RaftServer$Division (RaftServerImpl.java:setRole(392)) - 0df1231c-9f8a-4757-a7d0-f6d7f53bc482@group-A751954341BD: changes role from CANDIDATE to FOLLOWER at term 4 for REJECTED
2025-09-19 20:45:51,922 [0df1231c-9f8a-4757-a7d0-f6d7f53bc482@group-A751954341BD-LeaderElection258] INFO  impl.RoleInfo (RoleInfo.java:shutdownLeaderElection(141)) - 0df1231c-9f8a-4757-a7d0-f6d7f53bc482: shutdown 0df1231c-9f8a-4757-a7d0-f6d7f53bc482@group-A751954341BD-LeaderElection258
2025-09-19 20:45:51,922 [0df1231c-9f8a-4757-a7d0-f6d7f53bc482@group-A751954341BD-LeaderElection258] INFO  impl.RoleInfo (RoleInfo.java:updateAndGet(148)) - 0df1231c-9f8a-4757-a7d0-f6d7f53bc482: start 0df1231c-9f8a-4757-a7d0-f6d7f53bc482@group-A751954341BD-FollowerState
2025-09-19 20:45:52,804 [0df1231c-9f8a-4757-a7d0-f6d7f53bc482@group-715EBF8096A7-FollowerState] INFO  impl.FollowerState (FollowerState.java:runImpl(161)) - 0df1231c-9f8a-4757-a7d0-f6d7f53bc482@group-715EBF8096A7-FollowerState: change to CANDIDATE, lastRpcElapsedTime:1074291519ns, electionTimeout:1074ms
2025-09-19 20:45:52,804 [0df1231c-9f8a-4757-a7d0-f6d7f53bc482@group-715EBF8096A7-FollowerState] INFO  impl.RoleInfo (RoleInfo.java:shutdownFollowerState(121)) - 0df1231c-9f8a-4757-a7d0-f6d7f53bc482: shutdown 0df1231c-9f8a-4757-a7d0-f6d7f53bc482@group-715EBF8096A7-FollowerState
2025-09-19 20:45:52,804 [0df1231c-9f8a-4757-a7d0-f6d7f53bc482@group-715EBF8096A7-FollowerState] INFO  server.RaftServer$Division (RaftServerImpl.java:setRole(392)) - 0df1231c-9f8a-4757-a7d0-f6d7f53bc482@group-715EBF8096A7: changes role from  FOLLOWER to CANDIDATE at term 7 for changeToCandidate
2025-09-19 20:45:52,804 [0df1231c-9f8a-4757-a7d0-f6d7f53bc482@group-715EBF8096A7-FollowerState] INFO  impl.RoleInfo (RoleInfo.java:updateAndGet(148)) - 0df1231c-9f8a-4757-a7d0-f6d7f53bc482: start 0df1231c-9f8a-4757-a7d0-f6d7f53bc482@group-715EBF8096A7-LeaderElection259
2025-09-19 20:45:52,804 [0df1231c-9f8a-4757-a7d0-f6d7f53bc482@group-715EBF8096A7-LeaderElection259] INFO  impl.LeaderElection (LeaderElection.java:askForVotes(448)) - 0df1231c-9f8a-4757-a7d0-f6d7f53bc482@group-715EBF8096A7-LeaderElection259 PRE_VOTE round 0: submit vote requests at term 7 for conf: {index: 15, cur=peers:[b5a25cc1-46d3-4381-a194-bd68f4526f1c|127.0.0.1:15031, 0df1231c-9f8a-4757-a7d0-f6d7f53bc482|127.0.0.1:15023, 8eb9963e-bce0-4155-aea2-e442cadff8bd|127.0.0.1:15015]|listeners:[], old=null}
2025-09-19 20:45:52,805 [0df1231c-9f8a-4757-a7d0-f6d7f53bc482@group-715EBF8096A7-LeaderElection259] INFO  impl.LeaderElection (LogUtils.java:infoOrTrace(142)) - 0df1231c-9f8a-4757-a7d0-f6d7f53bc482@group-715EBF8096A7-LeaderElection259 got exception when requesting votes: java.util.concurrent.ExecutionException: org.apache.ratis.thirdparty.io.grpc.StatusRuntimeException: UNAVAILABLE: io exception
2025-09-19 20:45:52,805 [0df1231c-9f8a-4757-a7d0-f6d7f53bc482@group-715EBF8096A7-LeaderElection259] INFO  impl.LeaderElection (LogUtils.java:infoOrTrace(142)) - 0df1231c-9f8a-4757-a7d0-f6d7f53bc482@group-715EBF8096A7-LeaderElection259 got exception when requesting votes: java.util.concurrent.ExecutionException: org.apache.ratis.thirdparty.io.grpc.StatusRuntimeException: UNAVAILABLE: io exception
2025-09-19 20:45:52,805 [0df1231c-9f8a-4757-a7d0-f6d7f53bc482@group-715EBF8096A7-LeaderElection259] INFO  impl.LeaderElection (LeaderElection.java:logAndReturn(206)) - 0df1231c-9f8a-4757-a7d0-f6d7f53bc482@group-715EBF8096A7-LeaderElection259: PRE_VOTE REJECTED received 0 response(s) and 2 exception(s):
2025-09-19 20:45:52,805 [0df1231c-9f8a-4757-a7d0-f6d7f53bc482@group-715EBF8096A7-LeaderElection259] INFO  impl.LeaderElection (LogUtils.java:infoOrTrace(142)) -   Exception 0: java.util.concurrent.ExecutionException: org.apache.ratis.thirdparty.io.grpc.StatusRuntimeException: UNAVAILABLE: io exception
2025-09-19 20:45:52,805 [0df1231c-9f8a-4757-a7d0-f6d7f53bc482@group-715EBF8096A7-LeaderElection259] INFO  impl.LeaderElection (LogUtils.java:infoOrTrace(142)) -   Exception 1: java.util.concurrent.ExecutionException: org.apache.ratis.thirdparty.io.grpc.StatusRuntimeException: UNAVAILABLE: io exception
2025-09-19 20:45:52,805 [0df1231c-9f8a-4757-a7d0-f6d7f53bc482@group-715EBF8096A7-LeaderElection259] INFO  impl.LeaderElection (LeaderElection.java:askForVotes(450)) - 0df1231c-9f8a-4757-a7d0-f6d7f53bc482@group-715EBF8096A7-LeaderElection259 PRE_VOTE round 0: result REJECTED
2025-09-19 20:45:52,805 [0df1231c-9f8a-4757-a7d0-f6d7f53bc482@group-715EBF8096A7-LeaderElection259] INFO  server.RaftServer$Division (RaftServerImpl.java:setRole(392)) - 0df1231c-9f8a-4757-a7d0-f6d7f53bc482@group-715EBF8096A7: changes role from CANDIDATE to FOLLOWER at term 7 for REJECTED
2025-09-19 20:45:52,805 [0df1231c-9f8a-4757-a7d0-f6d7f53bc482@group-715EBF8096A7-LeaderElection259] INFO  impl.RoleInfo (RoleInfo.java:shutdownLeaderElection(141)) - 0df1231c-9f8a-4757-a7d0-f6d7f53bc482: shutdown 0df1231c-9f8a-4757-a7d0-f6d7f53bc482@group-715EBF8096A7-LeaderElection259
2025-09-19 20:45:52,805 [0df1231c-9f8a-4757-a7d0-f6d7f53bc482@group-715EBF8096A7-LeaderElection259] INFO  impl.RoleInfo (RoleInfo.java:updateAndGet(148)) - 0df1231c-9f8a-4757-a7d0-f6d7f53bc482: start 0df1231c-9f8a-4757-a7d0-f6d7f53bc482@group-715EBF8096A7-FollowerState
2025-09-19 20:45:53,106 [0df1231c-9f8a-4757-a7d0-f6d7f53bc482@group-A751954341BD-FollowerState] INFO  impl.FollowerState (FollowerState.java:runImpl(161)) - 0df1231c-9f8a-4757-a7d0-f6d7f53bc482@group-A751954341BD-FollowerState: change to CANDIDATE, lastRpcElapsedTime:1184277187ns, electionTimeout:1184ms
2025-09-19 20:45:53,106 [0df1231c-9f8a-4757-a7d0-f6d7f53bc482@group-A751954341BD-FollowerState] INFO  impl.RoleInfo (RoleInfo.java:shutdownFollowerState(121)) - 0df1231c-9f8a-4757-a7d0-f6d7f53bc482: shutdown 0df1231c-9f8a-4757-a7d0-f6d7f53bc482@group-A751954341BD-FollowerState
2025-09-19 20:45:53,106 [0df1231c-9f8a-4757-a7d0-f6d7f53bc482@group-A751954341BD-FollowerState] INFO  server.RaftServer$Division (RaftServerImpl.java:setRole(392)) - 0df1231c-9f8a-4757-a7d0-f6d7f53bc482@group-A751954341BD: changes role from  FOLLOWER to CANDIDATE at term 4 for changeToCandidate
2025-09-19 20:45:53,106 [0df1231c-9f8a-4757-a7d0-f6d7f53bc482@group-A751954341BD-FollowerState] INFO  impl.RoleInfo (RoleInfo.java:updateAndGet(148)) - 0df1231c-9f8a-4757-a7d0-f6d7f53bc482: start 0df1231c-9f8a-4757-a7d0-f6d7f53bc482@group-A751954341BD-LeaderElection260
2025-09-19 20:45:53,107 [0df1231c-9f8a-4757-a7d0-f6d7f53bc482@group-A751954341BD-LeaderElection260] INFO  impl.LeaderElection (LeaderElection.java:askForVotes(448)) - 0df1231c-9f8a-4757-a7d0-f6d7f53bc482@group-A751954341BD-LeaderElection260 PRE_VOTE round 0: submit vote requests at term 4 for conf: {index: 23, cur=peers:[b5a25cc1-46d3-4381-a194-bd68f4526f1c|127.0.0.1:15031, 0df1231c-9f8a-4757-a7d0-f6d7f53bc482|127.0.0.1:15023, 8eb9963e-bce0-4155-aea2-e442cadff8bd|127.0.0.1:15015]|listeners:[], old=null}
2025-09-19 20:45:53,107 [0df1231c-9f8a-4757-a7d0-f6d7f53bc482@group-A751954341BD-LeaderElection260] INFO  impl.LeaderElection (LogUtils.java:infoOrTrace(142)) - 0df1231c-9f8a-4757-a7d0-f6d7f53bc482@group-A751954341BD-LeaderElection260 got exception when requesting votes: java.util.concurrent.ExecutionException: org.apache.ratis.thirdparty.io.grpc.StatusRuntimeException: UNAVAILABLE: io exception
2025-09-19 20:45:53,107 [0df1231c-9f8a-4757-a7d0-f6d7f53bc482@group-A751954341BD-LeaderElection260] INFO  impl.LeaderElection (LogUtils.java:infoOrTrace(142)) - 0df1231c-9f8a-4757-a7d0-f6d7f53bc482@group-A751954341BD-LeaderElection260 got exception when requesting votes: java.util.concurrent.ExecutionException: org.apache.ratis.thirdparty.io.grpc.StatusRuntimeException: UNAVAILABLE: io exception
2025-09-19 20:45:53,108 [0df1231c-9f8a-4757-a7d0-f6d7f53bc482@group-A751954341BD-LeaderElection260] INFO  impl.LeaderElection (LeaderElection.java:logAndReturn(206)) - 0df1231c-9f8a-4757-a7d0-f6d7f53bc482@group-A751954341BD-LeaderElection260: PRE_VOTE REJECTED received 0 response(s) and 2 exception(s):
2025-09-19 20:45:53,108 [0df1231c-9f8a-4757-a7d0-f6d7f53bc482@group-A751954341BD-LeaderElection260] INFO  impl.LeaderElection (LogUtils.java:infoOrTrace(142)) -   Exception 0: java.util.concurrent.ExecutionException: org.apache.ratis.thirdparty.io.grpc.StatusRuntimeException: UNAVAILABLE: io exception
2025-09-19 20:45:53,108 [0df1231c-9f8a-4757-a7d0-f6d7f53bc482@group-A751954341BD-LeaderElection260] INFO  impl.LeaderElection (LogUtils.java:infoOrTrace(142)) -   Exception 1: java.util.concurrent.ExecutionException: org.apache.ratis.thirdparty.io.grpc.StatusRuntimeException: UNAVAILABLE: io exception
2025-09-19 20:45:53,108 [0df1231c-9f8a-4757-a7d0-f6d7f53bc482@group-A751954341BD-LeaderElection260] INFO  impl.LeaderElection (LeaderElection.java:askForVotes(450)) - 0df1231c-9f8a-4757-a7d0-f6d7f53bc482@group-A751954341BD-LeaderElection260 PRE_VOTE round 0: result REJECTED
2025-09-19 20:45:53,108 [0df1231c-9f8a-4757-a7d0-f6d7f53bc482@group-A751954341BD-LeaderElection260] INFO  server.RaftServer$Division (RaftServerImpl.java:setRole(392)) - 0df1231c-9f8a-4757-a7d0-f6d7f53bc482@group-A751954341BD: changes role from CANDIDATE to FOLLOWER at term 4 for REJECTED
2025-09-19 20:45:53,108 [0df1231c-9f8a-4757-a7d0-f6d7f53bc482@group-A751954341BD-LeaderElection260] INFO  impl.RoleInfo (RoleInfo.java:shutdownLeaderElection(141)) - 0df1231c-9f8a-4757-a7d0-f6d7f53bc482: shutdown 0df1231c-9f8a-4757-a7d0-f6d7f53bc482@group-A751954341BD-LeaderElection260
2025-09-19 20:45:53,108 [0df1231c-9f8a-4757-a7d0-f6d7f53bc482@group-A751954341BD-LeaderElection260] INFO  impl.RoleInfo (RoleInfo.java:updateAndGet(148)) - 0df1231c-9f8a-4757-a7d0-f6d7f53bc482: start 0df1231c-9f8a-4757-a7d0-f6d7f53bc482@group-A751954341BD-FollowerState
2025-09-19 20:45:53,984 [0df1231c-9f8a-4757-a7d0-f6d7f53bc482@group-715EBF8096A7-FollowerState] INFO  impl.FollowerState (FollowerState.java:runImpl(161)) - 0df1231c-9f8a-4757-a7d0-f6d7f53bc482@group-715EBF8096A7-FollowerState: change to CANDIDATE, lastRpcElapsedTime:1179259739ns, electionTimeout:1179ms
2025-09-19 20:45:53,984 [0df1231c-9f8a-4757-a7d0-f6d7f53bc482@group-715EBF8096A7-FollowerState] INFO  impl.RoleInfo (RoleInfo.java:shutdownFollowerState(121)) - 0df1231c-9f8a-4757-a7d0-f6d7f53bc482: shutdown 0df1231c-9f8a-4757-a7d0-f6d7f53bc482@group-715EBF8096A7-FollowerState
2025-09-19 20:45:53,984 [0df1231c-9f8a-4757-a7d0-f6d7f53bc482@group-715EBF8096A7-FollowerState] INFO  server.RaftServer$Division (RaftServerImpl.java:setRole(392)) - 0df1231c-9f8a-4757-a7d0-f6d7f53bc482@group-715EBF8096A7: changes role from  FOLLOWER to CANDIDATE at term 7 for changeToCandidate
2025-09-19 20:45:53,985 [0df1231c-9f8a-4757-a7d0-f6d7f53bc482@group-715EBF8096A7-FollowerState] INFO  impl.RoleInfo (RoleInfo.java:updateAndGet(148)) - 0df1231c-9f8a-4757-a7d0-f6d7f53bc482: start 0df1231c-9f8a-4757-a7d0-f6d7f53bc482@group-715EBF8096A7-LeaderElection261
2025-09-19 20:45:53,985 [0df1231c-9f8a-4757-a7d0-f6d7f53bc482@group-715EBF8096A7-LeaderElection261] INFO  impl.LeaderElection (LeaderElection.java:askForVotes(448)) - 0df1231c-9f8a-4757-a7d0-f6d7f53bc482@group-715EBF8096A7-LeaderElection261 PRE_VOTE round 0: submit vote requests at term 7 for conf: {index: 15, cur=peers:[b5a25cc1-46d3-4381-a194-bd68f4526f1c|127.0.0.1:15031, 0df1231c-9f8a-4757-a7d0-f6d7f53bc482|127.0.0.1:15023, 8eb9963e-bce0-4155-aea2-e442cadff8bd|127.0.0.1:15015]|listeners:[], old=null}
2025-09-19 20:45:53,985 [0df1231c-9f8a-4757-a7d0-f6d7f53bc482@group-715EBF8096A7-LeaderElection261] INFO  impl.LeaderElection (LogUtils.java:infoOrTrace(142)) - 0df1231c-9f8a-4757-a7d0-f6d7f53bc482@group-715EBF8096A7-LeaderElection261 got exception when requesting votes: java.util.concurrent.ExecutionException: org.apache.ratis.thirdparty.io.grpc.StatusRuntimeException: UNAVAILABLE: io exception
2025-09-19 20:45:53,985 [0df1231c-9f8a-4757-a7d0-f6d7f53bc482@group-715EBF8096A7-LeaderElection261] INFO  impl.LeaderElection (LogUtils.java:infoOrTrace(142)) - 0df1231c-9f8a-4757-a7d0-f6d7f53bc482@group-715EBF8096A7-LeaderElection261 got exception when requesting votes: java.util.concurrent.ExecutionException: org.apache.ratis.thirdparty.io.grpc.StatusRuntimeException: UNAVAILABLE: io exception
2025-09-19 20:45:53,985 [0df1231c-9f8a-4757-a7d0-f6d7f53bc482@group-715EBF8096A7-LeaderElection261] INFO  impl.LeaderElection (LeaderElection.java:logAndReturn(206)) - 0df1231c-9f8a-4757-a7d0-f6d7f53bc482@group-715EBF8096A7-LeaderElection261: PRE_VOTE REJECTED received 0 response(s) and 2 exception(s):
2025-09-19 20:45:53,985 [0df1231c-9f8a-4757-a7d0-f6d7f53bc482@group-715EBF8096A7-LeaderElection261] INFO  impl.LeaderElection (LogUtils.java:infoOrTrace(142)) -   Exception 0: java.util.concurrent.ExecutionException: org.apache.ratis.thirdparty.io.grpc.StatusRuntimeException: UNAVAILABLE: io exception
2025-09-19 20:45:53,985 [0df1231c-9f8a-4757-a7d0-f6d7f53bc482@group-715EBF8096A7-LeaderElection261] INFO  impl.LeaderElection (LogUtils.java:infoOrTrace(142)) -   Exception 1: java.util.concurrent.ExecutionException: org.apache.ratis.thirdparty.io.grpc.StatusRuntimeException: UNAVAILABLE: io exception
2025-09-19 20:45:53,986 [0df1231c-9f8a-4757-a7d0-f6d7f53bc482@group-715EBF8096A7-LeaderElection261] INFO  impl.LeaderElection (LeaderElection.java:askForVotes(450)) - 0df1231c-9f8a-4757-a7d0-f6d7f53bc482@group-715EBF8096A7-LeaderElection261 PRE_VOTE round 0: result REJECTED
2025-09-19 20:45:53,986 [0df1231c-9f8a-4757-a7d0-f6d7f53bc482@group-715EBF8096A7-LeaderElection261] INFO  server.RaftServer$Division (RaftServerImpl.java:setRole(392)) - 0df1231c-9f8a-4757-a7d0-f6d7f53bc482@group-715EBF8096A7: changes role from CANDIDATE to FOLLOWER at term 7 for REJECTED
2025-09-19 20:45:53,986 [0df1231c-9f8a-4757-a7d0-f6d7f53bc482@group-715EBF8096A7-LeaderElection261] INFO  impl.RoleInfo (RoleInfo.java:shutdownLeaderElection(141)) - 0df1231c-9f8a-4757-a7d0-f6d7f53bc482: shutdown 0df1231c-9f8a-4757-a7d0-f6d7f53bc482@group-715EBF8096A7-LeaderElection261
2025-09-19 20:45:53,986 [0df1231c-9f8a-4757-a7d0-f6d7f53bc482@group-715EBF8096A7-LeaderElection261] INFO  impl.RoleInfo (RoleInfo.java:updateAndGet(148)) - 0df1231c-9f8a-4757-a7d0-f6d7f53bc482: start 0df1231c-9f8a-4757-a7d0-f6d7f53bc482@group-715EBF8096A7-FollowerState
2025-09-19 20:45:54,236 [0df1231c-9f8a-4757-a7d0-f6d7f53bc482@group-A751954341BD-FollowerState] INFO  impl.FollowerState (FollowerState.java:runImpl(161)) - 0df1231c-9f8a-4757-a7d0-f6d7f53bc482@group-A751954341BD-FollowerState: change to CANDIDATE, lastRpcElapsedTime:1128283530ns, electionTimeout:1128ms
2025-09-19 20:45:54,236 [0df1231c-9f8a-4757-a7d0-f6d7f53bc482@group-A751954341BD-FollowerState] INFO  impl.RoleInfo (RoleInfo.java:shutdownFollowerState(121)) - 0df1231c-9f8a-4757-a7d0-f6d7f53bc482: shutdown 0df1231c-9f8a-4757-a7d0-f6d7f53bc482@group-A751954341BD-FollowerState
2025-09-19 20:45:54,236 [0df1231c-9f8a-4757-a7d0-f6d7f53bc482@group-A751954341BD-FollowerState] INFO  server.RaftServer$Division (RaftServerImpl.java:setRole(392)) - 0df1231c-9f8a-4757-a7d0-f6d7f53bc482@group-A751954341BD: changes role from  FOLLOWER to CANDIDATE at term 4 for changeToCandidate
2025-09-19 20:45:54,236 [0df1231c-9f8a-4757-a7d0-f6d7f53bc482@group-A751954341BD-FollowerState] INFO  impl.RoleInfo (RoleInfo.java:updateAndGet(148)) - 0df1231c-9f8a-4757-a7d0-f6d7f53bc482: start 0df1231c-9f8a-4757-a7d0-f6d7f53bc482@group-A751954341BD-LeaderElection262
2025-09-19 20:45:54,237 [0df1231c-9f8a-4757-a7d0-f6d7f53bc482@group-A751954341BD-LeaderElection262] INFO  impl.LeaderElection (LeaderElection.java:askForVotes(448)) - 0df1231c-9f8a-4757-a7d0-f6d7f53bc482@group-A751954341BD-LeaderElection262 PRE_VOTE round 0: submit vote requests at term 4 for conf: {index: 23, cur=peers:[b5a25cc1-46d3-4381-a194-bd68f4526f1c|127.0.0.1:15031, 0df1231c-9f8a-4757-a7d0-f6d7f53bc482|127.0.0.1:15023, 8eb9963e-bce0-4155-aea2-e442cadff8bd|127.0.0.1:15015]|listeners:[], old=null}
2025-09-19 20:45:54,237 [0df1231c-9f8a-4757-a7d0-f6d7f53bc482@group-A751954341BD-LeaderElection262] INFO  impl.LeaderElection (LogUtils.java:infoOrTrace(142)) - 0df1231c-9f8a-4757-a7d0-f6d7f53bc482@group-A751954341BD-LeaderElection262 got exception when requesting votes: java.util.concurrent.ExecutionException: org.apache.ratis.thirdparty.io.grpc.StatusRuntimeException: UNAVAILABLE: io exception
2025-09-19 20:45:54,237 [0df1231c-9f8a-4757-a7d0-f6d7f53bc482@group-A751954341BD-LeaderElection262] INFO  impl.LeaderElection (LogUtils.java:infoOrTrace(142)) - 0df1231c-9f8a-4757-a7d0-f6d7f53bc482@group-A751954341BD-LeaderElection262 got exception when requesting votes: java.util.concurrent.ExecutionException: org.apache.ratis.thirdparty.io.grpc.StatusRuntimeException: UNAVAILABLE: io exception
2025-09-19 20:45:54,237 [0df1231c-9f8a-4757-a7d0-f6d7f53bc482@group-A751954341BD-LeaderElection262] INFO  impl.LeaderElection (LeaderElection.java:logAndReturn(206)) - 0df1231c-9f8a-4757-a7d0-f6d7f53bc482@group-A751954341BD-LeaderElection262: PRE_VOTE REJECTED received 0 response(s) and 2 exception(s):
2025-09-19 20:45:54,237 [0df1231c-9f8a-4757-a7d0-f6d7f53bc482@group-A751954341BD-LeaderElection262] INFO  impl.LeaderElection (LogUtils.java:infoOrTrace(142)) -   Exception 0: java.util.concurrent.ExecutionException: org.apache.ratis.thirdparty.io.grpc.StatusRuntimeException: UNAVAILABLE: io exception
2025-09-19 20:45:54,237 [0df1231c-9f8a-4757-a7d0-f6d7f53bc482@group-A751954341BD-LeaderElection262] INFO  impl.LeaderElection (LogUtils.java:infoOrTrace(142)) -   Exception 1: java.util.concurrent.ExecutionException: org.apache.ratis.thirdparty.io.grpc.StatusRuntimeException: UNAVAILABLE: io exception
2025-09-19 20:45:54,237 [0df1231c-9f8a-4757-a7d0-f6d7f53bc482@group-A751954341BD-LeaderElection262] INFO  impl.LeaderElection (LeaderElection.java:askForVotes(450)) - 0df1231c-9f8a-4757-a7d0-f6d7f53bc482@group-A751954341BD-LeaderElection262 PRE_VOTE round 0: result REJECTED
2025-09-19 20:45:54,237 [0df1231c-9f8a-4757-a7d0-f6d7f53bc482@group-A751954341BD-LeaderElection262] INFO  server.RaftServer$Division (RaftServerImpl.java:setRole(392)) - 0df1231c-9f8a-4757-a7d0-f6d7f53bc482@group-A751954341BD: changes role from CANDIDATE to FOLLOWER at term 4 for REJECTED
2025-09-19 20:45:54,237 [0df1231c-9f8a-4757-a7d0-f6d7f53bc482@group-A751954341BD-LeaderElection262] INFO  impl.RoleInfo (RoleInfo.java:shutdownLeaderElection(141)) - 0df1231c-9f8a-4757-a7d0-f6d7f53bc482: shutdown 0df1231c-9f8a-4757-a7d0-f6d7f53bc482@group-A751954341BD-LeaderElection262
2025-09-19 20:45:54,237 [0df1231c-9f8a-4757-a7d0-f6d7f53bc482@group-A751954341BD-LeaderElection262] INFO  impl.RoleInfo (RoleInfo.java:updateAndGet(148)) - 0df1231c-9f8a-4757-a7d0-f6d7f53bc482: start 0df1231c-9f8a-4757-a7d0-f6d7f53bc482@group-A751954341BD-FollowerState
2025-09-19 20:45:55,138 [0df1231c-9f8a-4757-a7d0-f6d7f53bc482@group-715EBF8096A7-FollowerState] INFO  impl.FollowerState (FollowerState.java:runImpl(161)) - 0df1231c-9f8a-4757-a7d0-f6d7f53bc482@group-715EBF8096A7-FollowerState: change to CANDIDATE, lastRpcElapsedTime:1152271610ns, electionTimeout:1152ms
2025-09-19 20:45:55,138 [0df1231c-9f8a-4757-a7d0-f6d7f53bc482@group-715EBF8096A7-FollowerState] INFO  impl.RoleInfo (RoleInfo.java:shutdownFollowerState(121)) - 0df1231c-9f8a-4757-a7d0-f6d7f53bc482: shutdown 0df1231c-9f8a-4757-a7d0-f6d7f53bc482@group-715EBF8096A7-FollowerState
2025-09-19 20:45:55,138 [0df1231c-9f8a-4757-a7d0-f6d7f53bc482@group-715EBF8096A7-FollowerState] INFO  server.RaftServer$Division (RaftServerImpl.java:setRole(392)) - 0df1231c-9f8a-4757-a7d0-f6d7f53bc482@group-715EBF8096A7: changes role from  FOLLOWER to CANDIDATE at term 7 for changeToCandidate
2025-09-19 20:45:55,138 [0df1231c-9f8a-4757-a7d0-f6d7f53bc482@group-715EBF8096A7-FollowerState] INFO  impl.RoleInfo (RoleInfo.java:updateAndGet(148)) - 0df1231c-9f8a-4757-a7d0-f6d7f53bc482: start 0df1231c-9f8a-4757-a7d0-f6d7f53bc482@group-715EBF8096A7-LeaderElection263
2025-09-19 20:45:55,139 [0df1231c-9f8a-4757-a7d0-f6d7f53bc482@group-715EBF8096A7-LeaderElection263] INFO  impl.LeaderElection (LeaderElection.java:askForVotes(448)) - 0df1231c-9f8a-4757-a7d0-f6d7f53bc482@group-715EBF8096A7-LeaderElection263 PRE_VOTE round 0: submit vote requests at term 7 for conf: {index: 15, cur=peers:[b5a25cc1-46d3-4381-a194-bd68f4526f1c|127.0.0.1:15031, 0df1231c-9f8a-4757-a7d0-f6d7f53bc482|127.0.0.1:15023, 8eb9963e-bce0-4155-aea2-e442cadff8bd|127.0.0.1:15015]|listeners:[], old=null}
2025-09-19 20:45:55,139 [0df1231c-9f8a-4757-a7d0-f6d7f53bc482@group-715EBF8096A7-LeaderElection263] INFO  impl.LeaderElection (LogUtils.java:infoOrTrace(142)) - 0df1231c-9f8a-4757-a7d0-f6d7f53bc482@group-715EBF8096A7-LeaderElection263 got exception when requesting votes: java.util.concurrent.ExecutionException: org.apache.ratis.thirdparty.io.grpc.StatusRuntimeException: UNAVAILABLE: io exception
2025-09-19 20:45:55,139 [0df1231c-9f8a-4757-a7d0-f6d7f53bc482@group-715EBF8096A7-LeaderElection263] INFO  impl.LeaderElection (LogUtils.java:infoOrTrace(142)) - 0df1231c-9f8a-4757-a7d0-f6d7f53bc482@group-715EBF8096A7-LeaderElection263 got exception when requesting votes: java.util.concurrent.ExecutionException: org.apache.ratis.thirdparty.io.grpc.StatusRuntimeException: UNAVAILABLE: io exception
2025-09-19 20:45:55,139 [0df1231c-9f8a-4757-a7d0-f6d7f53bc482@group-715EBF8096A7-LeaderElection263] INFO  impl.LeaderElection (LeaderElection.java:logAndReturn(206)) - 0df1231c-9f8a-4757-a7d0-f6d7f53bc482@group-715EBF8096A7-LeaderElection263: PRE_VOTE REJECTED received 0 response(s) and 2 exception(s):
2025-09-19 20:45:55,139 [0df1231c-9f8a-4757-a7d0-f6d7f53bc482@group-715EBF8096A7-LeaderElection263] INFO  impl.LeaderElection (LogUtils.java:infoOrTrace(142)) -   Exception 0: java.util.concurrent.ExecutionException: org.apache.ratis.thirdparty.io.grpc.StatusRuntimeException: UNAVAILABLE: io exception
2025-09-19 20:45:55,139 [0df1231c-9f8a-4757-a7d0-f6d7f53bc482@group-715EBF8096A7-LeaderElection263] INFO  impl.LeaderElection (LogUtils.java:infoOrTrace(142)) -   Exception 1: java.util.concurrent.ExecutionException: org.apache.ratis.thirdparty.io.grpc.StatusRuntimeException: UNAVAILABLE: io exception
2025-09-19 20:45:55,139 [0df1231c-9f8a-4757-a7d0-f6d7f53bc482@group-715EBF8096A7-LeaderElection263] INFO  impl.LeaderElection (LeaderElection.java:askForVotes(450)) - 0df1231c-9f8a-4757-a7d0-f6d7f53bc482@group-715EBF8096A7-LeaderElection263 PRE_VOTE round 0: result REJECTED
2025-09-19 20:45:55,139 [0df1231c-9f8a-4757-a7d0-f6d7f53bc482@group-715EBF8096A7-LeaderElection263] INFO  server.RaftServer$Division (RaftServerImpl.java:setRole(392)) - 0df1231c-9f8a-4757-a7d0-f6d7f53bc482@group-715EBF8096A7: changes role from CANDIDATE to FOLLOWER at term 7 for REJECTED
2025-09-19 20:45:55,139 [0df1231c-9f8a-4757-a7d0-f6d7f53bc482@group-715EBF8096A7-LeaderElection263] INFO  impl.RoleInfo (RoleInfo.java:shutdownLeaderElection(141)) - 0df1231c-9f8a-4757-a7d0-f6d7f53bc482: shutdown 0df1231c-9f8a-4757-a7d0-f6d7f53bc482@group-715EBF8096A7-LeaderElection263
2025-09-19 20:45:55,139 [0df1231c-9f8a-4757-a7d0-f6d7f53bc482@group-715EBF8096A7-LeaderElection263] INFO  impl.RoleInfo (RoleInfo.java:updateAndGet(148)) - 0df1231c-9f8a-4757-a7d0-f6d7f53bc482: start 0df1231c-9f8a-4757-a7d0-f6d7f53bc482@group-715EBF8096A7-FollowerState
2025-09-19 20:45:55,292 [0df1231c-9f8a-4757-a7d0-f6d7f53bc482@group-A751954341BD-FollowerState] INFO  impl.FollowerState (FollowerState.java:runImpl(161)) - 0df1231c-9f8a-4757-a7d0-f6d7f53bc482@group-A751954341BD-FollowerState: change to CANDIDATE, lastRpcElapsedTime:1054282805ns, electionTimeout:1054ms
2025-09-19 20:45:55,292 [0df1231c-9f8a-4757-a7d0-f6d7f53bc482@group-A751954341BD-FollowerState] INFO  impl.RoleInfo (RoleInfo.java:shutdownFollowerState(121)) - 0df1231c-9f8a-4757-a7d0-f6d7f53bc482: shutdown 0df1231c-9f8a-4757-a7d0-f6d7f53bc482@group-A751954341BD-FollowerState
2025-09-19 20:45:55,292 [0df1231c-9f8a-4757-a7d0-f6d7f53bc482@group-A751954341BD-FollowerState] INFO  server.RaftServer$Division (RaftServerImpl.java:setRole(392)) - 0df1231c-9f8a-4757-a7d0-f6d7f53bc482@group-A751954341BD: changes role from  FOLLOWER to CANDIDATE at term 4 for changeToCandidate
2025-09-19 20:45:55,292 [0df1231c-9f8a-4757-a7d0-f6d7f53bc482@group-A751954341BD-FollowerState] INFO  impl.RoleInfo (RoleInfo.java:updateAndGet(148)) - 0df1231c-9f8a-4757-a7d0-f6d7f53bc482: start 0df1231c-9f8a-4757-a7d0-f6d7f53bc482@group-A751954341BD-LeaderElection264
2025-09-19 20:45:55,292 [0df1231c-9f8a-4757-a7d0-f6d7f53bc482@group-A751954341BD-LeaderElection264] INFO  impl.LeaderElection (LeaderElection.java:askForVotes(448)) - 0df1231c-9f8a-4757-a7d0-f6d7f53bc482@group-A751954341BD-LeaderElection264 PRE_VOTE round 0: submit vote requests at term 4 for conf: {index: 23, cur=peers:[b5a25cc1-46d3-4381-a194-bd68f4526f1c|127.0.0.1:15031, 0df1231c-9f8a-4757-a7d0-f6d7f53bc482|127.0.0.1:15023, 8eb9963e-bce0-4155-aea2-e442cadff8bd|127.0.0.1:15015]|listeners:[], old=null}
2025-09-19 20:45:55,293 [0df1231c-9f8a-4757-a7d0-f6d7f53bc482@group-A751954341BD-LeaderElection264] INFO  impl.LeaderElection (LogUtils.java:infoOrTrace(142)) - 0df1231c-9f8a-4757-a7d0-f6d7f53bc482@group-A751954341BD-LeaderElection264 got exception when requesting votes: java.util.concurrent.ExecutionException: org.apache.ratis.thirdparty.io.grpc.StatusRuntimeException: UNAVAILABLE: io exception
2025-09-19 20:45:55,293 [0df1231c-9f8a-4757-a7d0-f6d7f53bc482@group-A751954341BD-LeaderElection264] INFO  impl.LeaderElection (LogUtils.java:infoOrTrace(142)) - 0df1231c-9f8a-4757-a7d0-f6d7f53bc482@group-A751954341BD-LeaderElection264 got exception when requesting votes: java.util.concurrent.ExecutionException: org.apache.ratis.thirdparty.io.grpc.StatusRuntimeException: UNAVAILABLE: io exception
2025-09-19 20:45:55,293 [0df1231c-9f8a-4757-a7d0-f6d7f53bc482@group-A751954341BD-LeaderElection264] INFO  impl.LeaderElection (LeaderElection.java:logAndReturn(206)) - 0df1231c-9f8a-4757-a7d0-f6d7f53bc482@group-A751954341BD-LeaderElection264: PRE_VOTE REJECTED received 0 response(s) and 2 exception(s):
2025-09-19 20:45:55,293 [0df1231c-9f8a-4757-a7d0-f6d7f53bc482@group-A751954341BD-LeaderElection264] INFO  impl.LeaderElection (LogUtils.java:infoOrTrace(142)) -   Exception 0: java.util.concurrent.ExecutionException: org.apache.ratis.thirdparty.io.grpc.StatusRuntimeException: UNAVAILABLE: io exception
2025-09-19 20:45:55,293 [0df1231c-9f8a-4757-a7d0-f6d7f53bc482@group-A751954341BD-LeaderElection264] INFO  impl.LeaderElection (LogUtils.java:infoOrTrace(142)) -   Exception 1: java.util.concurrent.ExecutionException: org.apache.ratis.thirdparty.io.grpc.StatusRuntimeException: UNAVAILABLE: io exception
2025-09-19 20:45:55,293 [0df1231c-9f8a-4757-a7d0-f6d7f53bc482@group-A751954341BD-LeaderElection264] INFO  impl.LeaderElection (LeaderElection.java:askForVotes(450)) - 0df1231c-9f8a-4757-a7d0-f6d7f53bc482@group-A751954341BD-LeaderElection264 PRE_VOTE round 0: result REJECTED
2025-09-19 20:45:55,293 [0df1231c-9f8a-4757-a7d0-f6d7f53bc482@group-A751954341BD-LeaderElection264] INFO  server.RaftServer$Division (RaftServerImpl.java:setRole(392)) - 0df1231c-9f8a-4757-a7d0-f6d7f53bc482@group-A751954341BD: changes role from CANDIDATE to FOLLOWER at term 4 for REJECTED
2025-09-19 20:45:55,293 [0df1231c-9f8a-4757-a7d0-f6d7f53bc482@group-A751954341BD-LeaderElection264] INFO  impl.RoleInfo (RoleInfo.java:shutdownLeaderElection(141)) - 0df1231c-9f8a-4757-a7d0-f6d7f53bc482: shutdown 0df1231c-9f8a-4757-a7d0-f6d7f53bc482@group-A751954341BD-LeaderElection264
2025-09-19 20:45:55,293 [0df1231c-9f8a-4757-a7d0-f6d7f53bc482@group-A751954341BD-LeaderElection264] INFO  impl.RoleInfo (RoleInfo.java:updateAndGet(148)) - 0df1231c-9f8a-4757-a7d0-f6d7f53bc482: start 0df1231c-9f8a-4757-a7d0-f6d7f53bc482@group-A751954341BD-FollowerState
2025-09-19 20:45:55,419 [timer3] ERROR impl.OrderedAsync (OrderedAsync.java:lambda$null$6(215)) -  (Repeated 2 times in the last 5.001s) client-387E2729942B: Failed* RaftClientRequest:client-387E2729942B->8eb9963e-bce0-4155-aea2-e442cadff8bd@group-A751954341BD, cid=54, seq=6*, RW, cmdType: WriteChunk
traceID: ""
containerID: 2
datanodeUuid: "8eb9963e-bce0-4155-aea2-e442cadff8bd"
writeChunk {
  blockID {
    containerID: 2
    localID: 115816896921600008
    blockCommitSequenceId: 20
    replicaIndex: 0
  }
  chunkData {
    chunkName: "115816896921600008_chunk_3"
    offset: 2097152
    len: 524288
    checksumData {
      type: CRC32
      bytesPerChecksum: 16384
      checksums: "\326\360U\321"
      checksums: "\326\360U\321"
      checksums: "\326\360U\321"
      checksums: "\326\360U\321"
      checksums: "\326\360U\321"
      checksums: "\326\360U\321"
      checksums: "\326\360U\321"
      checksums: "\326\360U\321"
      checksums: "\326\360U\321"
      checksums: "\326\360U\321"
      checksums: "\326\360U\321"
      checksums: "\326\360U\321"
      checksums: "\326\360U\321"
      checksums: "\326\360U\321"
      checksums: "\326\360U\321"
      checksums: "\326\360U\321"
      checksums: "\326\360U\321"
      checksums: "\326\360U\321"
      checksums: "\326\360U\321"
      checksums: "\326\360U\321"
      checksums: "\326\360U\321"
      checksums: "\326\360U\321"
      checksums: "\326\360U\321"
      checksums: "\326\360U\321"
      checksums: "\326\360U\321"
      checksums: "\326\360U\321"
      checksums: "\326\360U\321"
      checksums: "\326\360U\321"
      checksums: "\326\360U\321"
      checksums: "\326\360U\321"
      checksums: "\326\360U\321"
      checksums: "H$\374\021"
    }
  }
}
version: 3
, data.size=524288
java.util.concurrent.CompletionException: java.io.IOException: org.apache.ratis.thirdparty.io.grpc.StatusRuntimeException: UNAVAILABLE: io exception
	at java.base/java.util.concurrent.CompletableFuture.encodeThrowable(CompletableFuture.java:332)
	at java.base/java.util.concurrent.CompletableFuture.completeThrowable(CompletableFuture.java:347)
	at java.base/java.util.concurrent.CompletableFuture$UniAccept.tryFire(CompletableFuture.java:708)
	at java.base/java.util.concurrent.CompletableFuture.postComplete(CompletableFuture.java:510)
	at java.base/java.util.concurrent.CompletableFuture.completeExceptionally(CompletableFuture.java:2194)
	at org.apache.ratis.grpc.client.GrpcClientProtocolClient$AsyncStreamObservers.completeReplyExceptionally(GrpcClientProtocolClient.java:397)
	at org.apache.ratis.grpc.client.GrpcClientProtocolClient$AsyncStreamObservers.access$000(GrpcClientProtocolClient.java:303)
	at org.apache.ratis.grpc.client.GrpcClientProtocolClient$AsyncStreamObservers$1.onError(GrpcClientProtocolClient.java:334)
	at org.apache.ratis.thirdparty.io.grpc.stub.ClientCalls$StreamObserverToCallListenerAdapter.onClose(ClientCalls.java:564)
	at org.apache.ratis.thirdparty.io.grpc.PartialForwardingClientCallListener.onClose(PartialForwardingClientCallListener.java:39)
	at org.apache.ratis.thirdparty.io.grpc.ForwardingClientCallListener.onClose(ForwardingClientCallListener.java:23)
	at org.apache.ratis.grpc.metrics.intercept.client.MetricClientCallListener.onClose(MetricClientCallListener.java:47)
	at org.apache.ratis.thirdparty.io.grpc.internal.ClientCallImpl.closeObserver(ClientCallImpl.java:565)
	at org.apache.ratis.thirdparty.io.grpc.internal.ClientCallImpl.access$100(ClientCallImpl.java:72)
	at org.apache.ratis.thirdparty.io.grpc.internal.ClientCallImpl$ClientStreamListenerImpl$1StreamClosed.runInternal(ClientCallImpl.java:733)
	at org.apache.ratis.thirdparty.io.grpc.internal.ClientCallImpl$ClientStreamListenerImpl$1StreamClosed.runInContext(ClientCallImpl.java:714)
	at org.apache.ratis.thirdparty.io.grpc.internal.ContextRunnable.run(ContextRunnable.java:37)
	at org.apache.ratis.thirdparty.io.grpc.internal.SerializingExecutor.run(SerializingExecutor.java:133)
	at java.base/java.util.concurrent.ThreadPoolExecutor.runWorker(ThreadPoolExecutor.java:1144)
	at java.base/java.util.concurrent.ThreadPoolExecutor$Worker.run(ThreadPoolExecutor.java:642)
	at java.base/java.lang.Thread.run(Thread.java:1583)
Caused by: java.io.IOException: org.apache.ratis.thirdparty.io.grpc.StatusRuntimeException: UNAVAILABLE: io exception
	at org.apache.ratis.grpc.GrpcUtil.unwrapException(GrpcUtil.java:99)
	at org.apache.ratis.grpc.GrpcUtil.unwrapIOException(GrpcUtil.java:159)
	at org.apache.ratis.grpc.client.GrpcClientProtocolClient$AsyncStreamObservers$1.onError(GrpcClientProtocolClient.java:333)
	... 13 more
Caused by: org.apache.ratis.thirdparty.io.grpc.StatusRuntimeException: UNAVAILABLE: io exception
	at org.apache.ratis.thirdparty.io.grpc.Status.asRuntimeException(Status.java:532)
	... 13 more
Caused by: org.apache.ratis.thirdparty.io.netty.channel.AbstractChannel$AnnotatedConnectException: finishConnect(..) failed: Connection refused: /127.0.0.1:15013
Caused by: java.net.ConnectException: finishConnect(..) failed: Connection refused
	at org.apache.ratis.thirdparty.io.netty.channel.unix.Errors.newConnectException0(Errors.java:166)
	at org.apache.ratis.thirdparty.io.netty.channel.unix.Errors.handleConnectErrno(Errors.java:131)
	at org.apache.ratis.thirdparty.io.netty.channel.unix.Socket.finishConnect(Socket.java:359)
	at org.apache.ratis.thirdparty.io.netty.channel.epoll.AbstractEpollChannel$AbstractEpollUnsafe.doFinishConnect(AbstractEpollChannel.java:715)
	at org.apache.ratis.thirdparty.io.netty.channel.epoll.AbstractEpollChannel$AbstractEpollUnsafe.finishConnect(AbstractEpollChannel.java:692)
	at org.apache.ratis.thirdparty.io.netty.channel.epoll.AbstractEpollChannel$AbstractEpollUnsafe.epollOutReady(AbstractEpollChannel.java:567)
	at org.apache.ratis.thirdparty.io.netty.channel.epoll.EpollEventLoop.processReady(EpollEventLoop.java:491)
	at org.apache.ratis.thirdparty.io.netty.channel.epoll.EpollEventLoop.run(EpollEventLoop.java:399)
	at org.apache.ratis.thirdparty.io.netty.util.concurrent.SingleThreadEventExecutor$4.run(SingleThreadEventExecutor.java:998)
	at org.apache.ratis.thirdparty.io.netty.util.internal.ThreadExecutorMap$2.run(ThreadExecutorMap.java:74)
	at org.apache.ratis.thirdparty.io.netty.util.concurrent.FastThreadLocalRunnable.run(FastThreadLocalRunnable.java:30)
	at java.base/java.lang.Thread.run(Thread.java:1583)
2025-09-19 20:45:56,160 [0df1231c-9f8a-4757-a7d0-f6d7f53bc482@group-715EBF8096A7-FollowerState] INFO  impl.FollowerState (FollowerState.java:runImpl(161)) - 0df1231c-9f8a-4757-a7d0-f6d7f53bc482@group-715EBF8096A7-FollowerState: change to CANDIDATE, lastRpcElapsedTime:1020304792ns, electionTimeout:1020ms
2025-09-19 20:45:56,160 [0df1231c-9f8a-4757-a7d0-f6d7f53bc482@group-715EBF8096A7-FollowerState] INFO  impl.RoleInfo (RoleInfo.java:shutdownFollowerState(121)) - 0df1231c-9f8a-4757-a7d0-f6d7f53bc482: shutdown 0df1231c-9f8a-4757-a7d0-f6d7f53bc482@group-715EBF8096A7-FollowerState
2025-09-19 20:45:56,160 [0df1231c-9f8a-4757-a7d0-f6d7f53bc482@group-715EBF8096A7-FollowerState] INFO  server.RaftServer$Division (RaftServerImpl.java:setRole(392)) - 0df1231c-9f8a-4757-a7d0-f6d7f53bc482@group-715EBF8096A7: changes role from  FOLLOWER to CANDIDATE at term 7 for changeToCandidate
2025-09-19 20:45:56,160 [0df1231c-9f8a-4757-a7d0-f6d7f53bc482@group-715EBF8096A7-FollowerState] INFO  impl.RoleInfo (RoleInfo.java:updateAndGet(148)) - 0df1231c-9f8a-4757-a7d0-f6d7f53bc482: start 0df1231c-9f8a-4757-a7d0-f6d7f53bc482@group-715EBF8096A7-LeaderElection265
2025-09-19 20:45:56,160 [0df1231c-9f8a-4757-a7d0-f6d7f53bc482@group-715EBF8096A7-LeaderElection265] INFO  impl.LeaderElection (LeaderElection.java:askForVotes(448)) - 0df1231c-9f8a-4757-a7d0-f6d7f53bc482@group-715EBF8096A7-LeaderElection265 PRE_VOTE round 0: submit vote requests at term 7 for conf: {index: 15, cur=peers:[b5a25cc1-46d3-4381-a194-bd68f4526f1c|127.0.0.1:15031, 0df1231c-9f8a-4757-a7d0-f6d7f53bc482|127.0.0.1:15023, 8eb9963e-bce0-4155-aea2-e442cadff8bd|127.0.0.1:15015]|listeners:[], old=null}
2025-09-19 20:45:56,161 [0df1231c-9f8a-4757-a7d0-f6d7f53bc482@group-715EBF8096A7-LeaderElection265] INFO  impl.LeaderElection (LogUtils.java:infoOrTrace(142)) - 0df1231c-9f8a-4757-a7d0-f6d7f53bc482@group-715EBF8096A7-LeaderElection265 got exception when requesting votes: java.util.concurrent.ExecutionException: org.apache.ratis.thirdparty.io.grpc.StatusRuntimeException: UNAVAILABLE: io exception
2025-09-19 20:45:56,161 [0df1231c-9f8a-4757-a7d0-f6d7f53bc482@group-715EBF8096A7-LeaderElection265] INFO  impl.LeaderElection (LogUtils.java:infoOrTrace(142)) - 0df1231c-9f8a-4757-a7d0-f6d7f53bc482@group-715EBF8096A7-LeaderElection265 got exception when requesting votes: java.util.concurrent.ExecutionException: org.apache.ratis.thirdparty.io.grpc.StatusRuntimeException: UNAVAILABLE: io exception
2025-09-19 20:45:56,161 [0df1231c-9f8a-4757-a7d0-f6d7f53bc482@group-715EBF8096A7-LeaderElection265] INFO  impl.LeaderElection (LeaderElection.java:logAndReturn(206)) - 0df1231c-9f8a-4757-a7d0-f6d7f53bc482@group-715EBF8096A7-LeaderElection265: PRE_VOTE REJECTED received 0 response(s) and 2 exception(s):
2025-09-19 20:45:56,161 [0df1231c-9f8a-4757-a7d0-f6d7f53bc482@group-715EBF8096A7-LeaderElection265] INFO  impl.LeaderElection (LogUtils.java:infoOrTrace(142)) -   Exception 0: java.util.concurrent.ExecutionException: org.apache.ratis.thirdparty.io.grpc.StatusRuntimeException: UNAVAILABLE: io exception
2025-09-19 20:45:56,161 [0df1231c-9f8a-4757-a7d0-f6d7f53bc482@group-715EBF8096A7-LeaderElection265] INFO  impl.LeaderElection (LogUtils.java:infoOrTrace(142)) -   Exception 1: java.util.concurrent.ExecutionException: org.apache.ratis.thirdparty.io.grpc.StatusRuntimeException: UNAVAILABLE: io exception
2025-09-19 20:45:56,161 [0df1231c-9f8a-4757-a7d0-f6d7f53bc482@group-715EBF8096A7-LeaderElection265] INFO  impl.LeaderElection (LeaderElection.java:askForVotes(450)) - 0df1231c-9f8a-4757-a7d0-f6d7f53bc482@group-715EBF8096A7-LeaderElection265 PRE_VOTE round 0: result REJECTED
2025-09-19 20:45:56,161 [0df1231c-9f8a-4757-a7d0-f6d7f53bc482@group-715EBF8096A7-LeaderElection265] INFO  server.RaftServer$Division (RaftServerImpl.java:setRole(392)) - 0df1231c-9f8a-4757-a7d0-f6d7f53bc482@group-715EBF8096A7: changes role from CANDIDATE to FOLLOWER at term 7 for REJECTED
2025-09-19 20:45:56,161 [0df1231c-9f8a-4757-a7d0-f6d7f53bc482@group-715EBF8096A7-LeaderElection265] INFO  impl.RoleInfo (RoleInfo.java:shutdownLeaderElection(141)) - 0df1231c-9f8a-4757-a7d0-f6d7f53bc482: shutdown 0df1231c-9f8a-4757-a7d0-f6d7f53bc482@group-715EBF8096A7-LeaderElection265
2025-09-19 20:45:56,161 [0df1231c-9f8a-4757-a7d0-f6d7f53bc482@group-715EBF8096A7-LeaderElection265] INFO  impl.RoleInfo (RoleInfo.java:updateAndGet(148)) - 0df1231c-9f8a-4757-a7d0-f6d7f53bc482: start 0df1231c-9f8a-4757-a7d0-f6d7f53bc482@group-715EBF8096A7-FollowerState
2025-09-19 20:45:56,329 [0df1231c-9f8a-4757-a7d0-f6d7f53bc482@group-A751954341BD-FollowerState] INFO  impl.FollowerState (FollowerState.java:runImpl(161)) - 0df1231c-9f8a-4757-a7d0-f6d7f53bc482@group-A751954341BD-FollowerState: change to CANDIDATE, lastRpcElapsedTime:1036340328ns, electionTimeout:1036ms
2025-09-19 20:45:56,330 [0df1231c-9f8a-4757-a7d0-f6d7f53bc482@group-A751954341BD-FollowerState] INFO  impl.RoleInfo (RoleInfo.java:shutdownFollowerState(121)) - 0df1231c-9f8a-4757-a7d0-f6d7f53bc482: shutdown 0df1231c-9f8a-4757-a7d0-f6d7f53bc482@group-A751954341BD-FollowerState
2025-09-19 20:45:56,330 [0df1231c-9f8a-4757-a7d0-f6d7f53bc482@group-A751954341BD-FollowerState] INFO  server.RaftServer$Division (RaftServerImpl.java:setRole(392)) - 0df1231c-9f8a-4757-a7d0-f6d7f53bc482@group-A751954341BD: changes role from  FOLLOWER to CANDIDATE at term 4 for changeToCandidate
2025-09-19 20:45:56,330 [0df1231c-9f8a-4757-a7d0-f6d7f53bc482@group-A751954341BD-FollowerState] INFO  impl.RoleInfo (RoleInfo.java:updateAndGet(148)) - 0df1231c-9f8a-4757-a7d0-f6d7f53bc482: start 0df1231c-9f8a-4757-a7d0-f6d7f53bc482@group-A751954341BD-LeaderElection266
2025-09-19 20:45:56,330 [0df1231c-9f8a-4757-a7d0-f6d7f53bc482@group-A751954341BD-LeaderElection266] INFO  impl.LeaderElection (LeaderElection.java:askForVotes(448)) - 0df1231c-9f8a-4757-a7d0-f6d7f53bc482@group-A751954341BD-LeaderElection266 PRE_VOTE round 0: submit vote requests at term 4 for conf: {index: 23, cur=peers:[b5a25cc1-46d3-4381-a194-bd68f4526f1c|127.0.0.1:15031, 0df1231c-9f8a-4757-a7d0-f6d7f53bc482|127.0.0.1:15023, 8eb9963e-bce0-4155-aea2-e442cadff8bd|127.0.0.1:15015]|listeners:[], old=null}
2025-09-19 20:45:56,331 [0df1231c-9f8a-4757-a7d0-f6d7f53bc482@group-A751954341BD-LeaderElection266] INFO  impl.LeaderElection (LogUtils.java:infoOrTrace(142)) - 0df1231c-9f8a-4757-a7d0-f6d7f53bc482@group-A751954341BD-LeaderElection266 got exception when requesting votes: java.util.concurrent.ExecutionException: org.apache.ratis.thirdparty.io.grpc.StatusRuntimeException: UNAVAILABLE: io exception
2025-09-19 20:45:56,331 [0df1231c-9f8a-4757-a7d0-f6d7f53bc482@group-A751954341BD-LeaderElection266] INFO  impl.LeaderElection (LogUtils.java:infoOrTrace(142)) - 0df1231c-9f8a-4757-a7d0-f6d7f53bc482@group-A751954341BD-LeaderElection266 got exception when requesting votes: java.util.concurrent.ExecutionException: org.apache.ratis.thirdparty.io.grpc.StatusRuntimeException: UNAVAILABLE: io exception
2025-09-19 20:45:56,331 [0df1231c-9f8a-4757-a7d0-f6d7f53bc482@group-A751954341BD-LeaderElection266] INFO  impl.LeaderElection (LeaderElection.java:logAndReturn(206)) - 0df1231c-9f8a-4757-a7d0-f6d7f53bc482@group-A751954341BD-LeaderElection266: PRE_VOTE REJECTED received 0 response(s) and 2 exception(s):
2025-09-19 20:45:56,331 [0df1231c-9f8a-4757-a7d0-f6d7f53bc482@group-A751954341BD-LeaderElection266] INFO  impl.LeaderElection (LogUtils.java:infoOrTrace(142)) -   Exception 0: java.util.concurrent.ExecutionException: org.apache.ratis.thirdparty.io.grpc.StatusRuntimeException: UNAVAILABLE: io exception
2025-09-19 20:45:56,331 [0df1231c-9f8a-4757-a7d0-f6d7f53bc482@group-A751954341BD-LeaderElection266] INFO  impl.LeaderElection (LogUtils.java:infoOrTrace(142)) -   Exception 1: java.util.concurrent.ExecutionException: org.apache.ratis.thirdparty.io.grpc.StatusRuntimeException: UNAVAILABLE: io exception
2025-09-19 20:45:56,331 [0df1231c-9f8a-4757-a7d0-f6d7f53bc482@group-A751954341BD-LeaderElection266] INFO  impl.LeaderElection (LeaderElection.java:askForVotes(450)) - 0df1231c-9f8a-4757-a7d0-f6d7f53bc482@group-A751954341BD-LeaderElection266 PRE_VOTE round 0: result REJECTED
2025-09-19 20:45:56,331 [0df1231c-9f8a-4757-a7d0-f6d7f53bc482@group-A751954341BD-LeaderElection266] INFO  server.RaftServer$Division (RaftServerImpl.java:setRole(392)) - 0df1231c-9f8a-4757-a7d0-f6d7f53bc482@group-A751954341BD: changes role from CANDIDATE to FOLLOWER at term 4 for REJECTED
2025-09-19 20:45:56,331 [0df1231c-9f8a-4757-a7d0-f6d7f53bc482@group-A751954341BD-LeaderElection266] INFO  impl.RoleInfo (RoleInfo.java:shutdownLeaderElection(141)) - 0df1231c-9f8a-4757-a7d0-f6d7f53bc482: shutdown 0df1231c-9f8a-4757-a7d0-f6d7f53bc482@group-A751954341BD-LeaderElection266
2025-09-19 20:45:56,331 [0df1231c-9f8a-4757-a7d0-f6d7f53bc482@group-A751954341BD-LeaderElection266] INFO  impl.RoleInfo (RoleInfo.java:updateAndGet(148)) - 0df1231c-9f8a-4757-a7d0-f6d7f53bc482: start 0df1231c-9f8a-4757-a7d0-f6d7f53bc482@group-A751954341BD-FollowerState
2025-09-19 20:45:57,217 [0df1231c-9f8a-4757-a7d0-f6d7f53bc482@group-715EBF8096A7-FollowerState] INFO  impl.FollowerState (FollowerState.java:runImpl(161)) - 0df1231c-9f8a-4757-a7d0-f6d7f53bc482@group-715EBF8096A7-FollowerState: change to CANDIDATE, lastRpcElapsedTime:1055293459ns, electionTimeout:1055ms
2025-09-19 20:45:57,217 [0df1231c-9f8a-4757-a7d0-f6d7f53bc482@group-715EBF8096A7-FollowerState] INFO  impl.RoleInfo (RoleInfo.java:shutdownFollowerState(121)) - 0df1231c-9f8a-4757-a7d0-f6d7f53bc482: shutdown 0df1231c-9f8a-4757-a7d0-f6d7f53bc482@group-715EBF8096A7-FollowerState
2025-09-19 20:45:57,217 [0df1231c-9f8a-4757-a7d0-f6d7f53bc482@group-715EBF8096A7-FollowerState] INFO  server.RaftServer$Division (RaftServerImpl.java:setRole(392)) - 0df1231c-9f8a-4757-a7d0-f6d7f53bc482@group-715EBF8096A7: changes role from  FOLLOWER to CANDIDATE at term 7 for changeToCandidate
2025-09-19 20:45:57,217 [0df1231c-9f8a-4757-a7d0-f6d7f53bc482@group-715EBF8096A7-FollowerState] INFO  impl.RoleInfo (RoleInfo.java:updateAndGet(148)) - 0df1231c-9f8a-4757-a7d0-f6d7f53bc482: start 0df1231c-9f8a-4757-a7d0-f6d7f53bc482@group-715EBF8096A7-LeaderElection267
2025-09-19 20:45:57,217 [0df1231c-9f8a-4757-a7d0-f6d7f53bc482@group-715EBF8096A7-LeaderElection267] INFO  impl.LeaderElection (LeaderElection.java:askForVotes(448)) - 0df1231c-9f8a-4757-a7d0-f6d7f53bc482@group-715EBF8096A7-LeaderElection267 PRE_VOTE round 0: submit vote requests at term 7 for conf: {index: 15, cur=peers:[b5a25cc1-46d3-4381-a194-bd68f4526f1c|127.0.0.1:15031, 0df1231c-9f8a-4757-a7d0-f6d7f53bc482|127.0.0.1:15023, 8eb9963e-bce0-4155-aea2-e442cadff8bd|127.0.0.1:15015]|listeners:[], old=null}
2025-09-19 20:45:57,218 [0df1231c-9f8a-4757-a7d0-f6d7f53bc482@group-715EBF8096A7-LeaderElection267] INFO  impl.LeaderElection (LogUtils.java:infoOrTrace(142)) - 0df1231c-9f8a-4757-a7d0-f6d7f53bc482@group-715EBF8096A7-LeaderElection267 got exception when requesting votes: java.util.concurrent.ExecutionException: org.apache.ratis.thirdparty.io.grpc.StatusRuntimeException: UNAVAILABLE: io exception
2025-09-19 20:45:57,218 [0df1231c-9f8a-4757-a7d0-f6d7f53bc482@group-715EBF8096A7-LeaderElection267] INFO  impl.LeaderElection (LogUtils.java:infoOrTrace(142)) - 0df1231c-9f8a-4757-a7d0-f6d7f53bc482@group-715EBF8096A7-LeaderElection267 got exception when requesting votes: java.util.concurrent.ExecutionException: org.apache.ratis.thirdparty.io.grpc.StatusRuntimeException: UNAVAILABLE: io exception
2025-09-19 20:45:57,218 [0df1231c-9f8a-4757-a7d0-f6d7f53bc482@group-715EBF8096A7-LeaderElection267] INFO  impl.LeaderElection (LeaderElection.java:logAndReturn(206)) - 0df1231c-9f8a-4757-a7d0-f6d7f53bc482@group-715EBF8096A7-LeaderElection267: PRE_VOTE REJECTED received 0 response(s) and 2 exception(s):
2025-09-19 20:45:57,218 [0df1231c-9f8a-4757-a7d0-f6d7f53bc482@group-715EBF8096A7-LeaderElection267] INFO  impl.LeaderElection (LogUtils.java:infoOrTrace(142)) -   Exception 0: java.util.concurrent.ExecutionException: org.apache.ratis.thirdparty.io.grpc.StatusRuntimeException: UNAVAILABLE: io exception
2025-09-19 20:45:57,218 [0df1231c-9f8a-4757-a7d0-f6d7f53bc482@group-715EBF8096A7-LeaderElection267] INFO  impl.LeaderElection (LogUtils.java:infoOrTrace(142)) -   Exception 1: java.util.concurrent.ExecutionException: org.apache.ratis.thirdparty.io.grpc.StatusRuntimeException: UNAVAILABLE: io exception
2025-09-19 20:45:57,218 [0df1231c-9f8a-4757-a7d0-f6d7f53bc482@group-715EBF8096A7-LeaderElection267] INFO  impl.LeaderElection (LeaderElection.java:askForVotes(450)) - 0df1231c-9f8a-4757-a7d0-f6d7f53bc482@group-715EBF8096A7-LeaderElection267 PRE_VOTE round 0: result REJECTED
2025-09-19 20:45:57,218 [0df1231c-9f8a-4757-a7d0-f6d7f53bc482@group-715EBF8096A7-LeaderElection267] INFO  server.RaftServer$Division (RaftServerImpl.java:setRole(392)) - 0df1231c-9f8a-4757-a7d0-f6d7f53bc482@group-715EBF8096A7: changes role from CANDIDATE to FOLLOWER at term 7 for REJECTED
2025-09-19 20:45:57,218 [0df1231c-9f8a-4757-a7d0-f6d7f53bc482@group-715EBF8096A7-LeaderElection267] INFO  impl.RoleInfo (RoleInfo.java:shutdownLeaderElection(141)) - 0df1231c-9f8a-4757-a7d0-f6d7f53bc482: shutdown 0df1231c-9f8a-4757-a7d0-f6d7f53bc482@group-715EBF8096A7-LeaderElection267
2025-09-19 20:45:57,218 [0df1231c-9f8a-4757-a7d0-f6d7f53bc482@group-715EBF8096A7-LeaderElection267] INFO  impl.RoleInfo (RoleInfo.java:updateAndGet(148)) - 0df1231c-9f8a-4757-a7d0-f6d7f53bc482: start 0df1231c-9f8a-4757-a7d0-f6d7f53bc482@group-715EBF8096A7-FollowerState
2025-09-19 20:45:57,486 [0df1231c-9f8a-4757-a7d0-f6d7f53bc482@group-A751954341BD-FollowerState] INFO  impl.FollowerState (FollowerState.java:runImpl(161)) - 0df1231c-9f8a-4757-a7d0-f6d7f53bc482@group-A751954341BD-FollowerState: change to CANDIDATE, lastRpcElapsedTime:1155291029ns, electionTimeout:1155ms
2025-09-19 20:45:57,486 [0df1231c-9f8a-4757-a7d0-f6d7f53bc482@group-A751954341BD-FollowerState] INFO  impl.RoleInfo (RoleInfo.java:shutdownFollowerState(121)) - 0df1231c-9f8a-4757-a7d0-f6d7f53bc482: shutdown 0df1231c-9f8a-4757-a7d0-f6d7f53bc482@group-A751954341BD-FollowerState
2025-09-19 20:45:57,486 [0df1231c-9f8a-4757-a7d0-f6d7f53bc482@group-A751954341BD-FollowerState] INFO  server.RaftServer$Division (RaftServerImpl.java:setRole(392)) - 0df1231c-9f8a-4757-a7d0-f6d7f53bc482@group-A751954341BD: changes role from  FOLLOWER to CANDIDATE at term 4 for changeToCandidate
2025-09-19 20:45:57,486 [0df1231c-9f8a-4757-a7d0-f6d7f53bc482@group-A751954341BD-FollowerState] INFO  impl.RoleInfo (RoleInfo.java:updateAndGet(148)) - 0df1231c-9f8a-4757-a7d0-f6d7f53bc482: start 0df1231c-9f8a-4757-a7d0-f6d7f53bc482@group-A751954341BD-LeaderElection268
2025-09-19 20:45:57,487 [0df1231c-9f8a-4757-a7d0-f6d7f53bc482@group-A751954341BD-LeaderElection268] INFO  impl.LeaderElection (LeaderElection.java:askForVotes(448)) - 0df1231c-9f8a-4757-a7d0-f6d7f53bc482@group-A751954341BD-LeaderElection268 PRE_VOTE round 0: submit vote requests at term 4 for conf: {index: 23, cur=peers:[b5a25cc1-46d3-4381-a194-bd68f4526f1c|127.0.0.1:15031, 0df1231c-9f8a-4757-a7d0-f6d7f53bc482|127.0.0.1:15023, 8eb9963e-bce0-4155-aea2-e442cadff8bd|127.0.0.1:15015]|listeners:[], old=null}
2025-09-19 20:45:57,487 [0df1231c-9f8a-4757-a7d0-f6d7f53bc482@group-A751954341BD-LeaderElection268] INFO  impl.LeaderElection (LogUtils.java:infoOrTrace(142)) - 0df1231c-9f8a-4757-a7d0-f6d7f53bc482@group-A751954341BD-LeaderElection268 got exception when requesting votes: java.util.concurrent.ExecutionException: org.apache.ratis.thirdparty.io.grpc.StatusRuntimeException: UNAVAILABLE: io exception
2025-09-19 20:45:57,487 [0df1231c-9f8a-4757-a7d0-f6d7f53bc482@group-A751954341BD-LeaderElection268] INFO  impl.LeaderElection (LogUtils.java:infoOrTrace(142)) - 0df1231c-9f8a-4757-a7d0-f6d7f53bc482@group-A751954341BD-LeaderElection268 got exception when requesting votes: java.util.concurrent.ExecutionException: org.apache.ratis.thirdparty.io.grpc.StatusRuntimeException: UNAVAILABLE: io exception
2025-09-19 20:45:57,487 [0df1231c-9f8a-4757-a7d0-f6d7f53bc482@group-A751954341BD-LeaderElection268] INFO  impl.LeaderElection (LeaderElection.java:logAndReturn(206)) - 0df1231c-9f8a-4757-a7d0-f6d7f53bc482@group-A751954341BD-LeaderElection268: PRE_VOTE REJECTED received 0 response(s) and 2 exception(s):
2025-09-19 20:45:57,487 [0df1231c-9f8a-4757-a7d0-f6d7f53bc482@group-A751954341BD-LeaderElection268] INFO  impl.LeaderElection (LogUtils.java:infoOrTrace(142)) -   Exception 0: java.util.concurrent.ExecutionException: org.apache.ratis.thirdparty.io.grpc.StatusRuntimeException: UNAVAILABLE: io exception
2025-09-19 20:45:57,487 [0df1231c-9f8a-4757-a7d0-f6d7f53bc482@group-A751954341BD-LeaderElection268] INFO  impl.LeaderElection (LogUtils.java:infoOrTrace(142)) -   Exception 1: java.util.concurrent.ExecutionException: org.apache.ratis.thirdparty.io.grpc.StatusRuntimeException: UNAVAILABLE: io exception
2025-09-19 20:45:57,487 [0df1231c-9f8a-4757-a7d0-f6d7f53bc482@group-A751954341BD-LeaderElection268] INFO  impl.LeaderElection (LeaderElection.java:askForVotes(450)) - 0df1231c-9f8a-4757-a7d0-f6d7f53bc482@group-A751954341BD-LeaderElection268 PRE_VOTE round 0: result REJECTED
2025-09-19 20:45:57,487 [0df1231c-9f8a-4757-a7d0-f6d7f53bc482@group-A751954341BD-LeaderElection268] INFO  server.RaftServer$Division (RaftServerImpl.java:setRole(392)) - 0df1231c-9f8a-4757-a7d0-f6d7f53bc482@group-A751954341BD: changes role from CANDIDATE to FOLLOWER at term 4 for REJECTED
2025-09-19 20:45:57,487 [0df1231c-9f8a-4757-a7d0-f6d7f53bc482@group-A751954341BD-LeaderElection268] INFO  impl.RoleInfo (RoleInfo.java:shutdownLeaderElection(141)) - 0df1231c-9f8a-4757-a7d0-f6d7f53bc482: shutdown 0df1231c-9f8a-4757-a7d0-f6d7f53bc482@group-A751954341BD-LeaderElection268
2025-09-19 20:45:57,487 [0df1231c-9f8a-4757-a7d0-f6d7f53bc482@group-A751954341BD-LeaderElection268] INFO  impl.RoleInfo (RoleInfo.java:updateAndGet(148)) - 0df1231c-9f8a-4757-a7d0-f6d7f53bc482: start 0df1231c-9f8a-4757-a7d0-f6d7f53bc482@group-A751954341BD-FollowerState
2025-09-19 20:45:58,228 [0df1231c-9f8a-4757-a7d0-f6d7f53bc482@group-715EBF8096A7-FollowerState] INFO  impl.FollowerState (FollowerState.java:runImpl(161)) - 0df1231c-9f8a-4757-a7d0-f6d7f53bc482@group-715EBF8096A7-FollowerState: change to CANDIDATE, lastRpcElapsedTime:1010254806ns, electionTimeout:1010ms
2025-09-19 20:45:58,228 [0df1231c-9f8a-4757-a7d0-f6d7f53bc482@group-715EBF8096A7-FollowerState] INFO  impl.RoleInfo (RoleInfo.java:shutdownFollowerState(121)) - 0df1231c-9f8a-4757-a7d0-f6d7f53bc482: shutdown 0df1231c-9f8a-4757-a7d0-f6d7f53bc482@group-715EBF8096A7-FollowerState
2025-09-19 20:45:58,228 [0df1231c-9f8a-4757-a7d0-f6d7f53bc482@group-715EBF8096A7-FollowerState] INFO  server.RaftServer$Division (RaftServerImpl.java:setRole(392)) - 0df1231c-9f8a-4757-a7d0-f6d7f53bc482@group-715EBF8096A7: changes role from  FOLLOWER to CANDIDATE at term 7 for changeToCandidate
2025-09-19 20:45:58,228 [0df1231c-9f8a-4757-a7d0-f6d7f53bc482@group-715EBF8096A7-FollowerState] INFO  impl.RoleInfo (RoleInfo.java:updateAndGet(148)) - 0df1231c-9f8a-4757-a7d0-f6d7f53bc482: start 0df1231c-9f8a-4757-a7d0-f6d7f53bc482@group-715EBF8096A7-LeaderElection269
2025-09-19 20:45:58,229 [0df1231c-9f8a-4757-a7d0-f6d7f53bc482@group-715EBF8096A7-LeaderElection269] INFO  impl.LeaderElection (LeaderElection.java:askForVotes(448)) - 0df1231c-9f8a-4757-a7d0-f6d7f53bc482@group-715EBF8096A7-LeaderElection269 PRE_VOTE round 0: submit vote requests at term 7 for conf: {index: 15, cur=peers:[b5a25cc1-46d3-4381-a194-bd68f4526f1c|127.0.0.1:15031, 0df1231c-9f8a-4757-a7d0-f6d7f53bc482|127.0.0.1:15023, 8eb9963e-bce0-4155-aea2-e442cadff8bd|127.0.0.1:15015]|listeners:[], old=null}
2025-09-19 20:45:58,229 [0df1231c-9f8a-4757-a7d0-f6d7f53bc482@group-715EBF8096A7-LeaderElection269] INFO  impl.LeaderElection (LogUtils.java:infoOrTrace(142)) - 0df1231c-9f8a-4757-a7d0-f6d7f53bc482@group-715EBF8096A7-LeaderElection269 got exception when requesting votes: java.util.concurrent.ExecutionException: org.apache.ratis.thirdparty.io.grpc.StatusRuntimeException: UNAVAILABLE: io exception
2025-09-19 20:45:58,229 [0df1231c-9f8a-4757-a7d0-f6d7f53bc482@group-715EBF8096A7-LeaderElection269] INFO  impl.LeaderElection (LogUtils.java:infoOrTrace(142)) - 0df1231c-9f8a-4757-a7d0-f6d7f53bc482@group-715EBF8096A7-LeaderElection269 got exception when requesting votes: java.util.concurrent.ExecutionException: org.apache.ratis.thirdparty.io.grpc.StatusRuntimeException: UNAVAILABLE: io exception
2025-09-19 20:45:58,229 [0df1231c-9f8a-4757-a7d0-f6d7f53bc482@group-715EBF8096A7-LeaderElection269] INFO  impl.LeaderElection (LeaderElection.java:logAndReturn(206)) - 0df1231c-9f8a-4757-a7d0-f6d7f53bc482@group-715EBF8096A7-LeaderElection269: PRE_VOTE REJECTED received 0 response(s) and 2 exception(s):
2025-09-19 20:45:58,229 [0df1231c-9f8a-4757-a7d0-f6d7f53bc482@group-715EBF8096A7-LeaderElection269] INFO  impl.LeaderElection (LogUtils.java:infoOrTrace(142)) -   Exception 0: java.util.concurrent.ExecutionException: org.apache.ratis.thirdparty.io.grpc.StatusRuntimeException: UNAVAILABLE: io exception
2025-09-19 20:45:58,229 [0df1231c-9f8a-4757-a7d0-f6d7f53bc482@group-715EBF8096A7-LeaderElection269] INFO  impl.LeaderElection (LogUtils.java:infoOrTrace(142)) -   Exception 1: java.util.concurrent.ExecutionException: org.apache.ratis.thirdparty.io.grpc.StatusRuntimeException: UNAVAILABLE: io exception
2025-09-19 20:45:58,229 [0df1231c-9f8a-4757-a7d0-f6d7f53bc482@group-715EBF8096A7-LeaderElection269] INFO  impl.LeaderElection (LeaderElection.java:askForVotes(450)) - 0df1231c-9f8a-4757-a7d0-f6d7f53bc482@group-715EBF8096A7-LeaderElection269 PRE_VOTE round 0: result REJECTED
2025-09-19 20:45:58,229 [0df1231c-9f8a-4757-a7d0-f6d7f53bc482@group-715EBF8096A7-LeaderElection269] INFO  server.RaftServer$Division (RaftServerImpl.java:setRole(392)) - 0df1231c-9f8a-4757-a7d0-f6d7f53bc482@group-715EBF8096A7: changes role from CANDIDATE to FOLLOWER at term 7 for REJECTED
2025-09-19 20:45:58,229 [0df1231c-9f8a-4757-a7d0-f6d7f53bc482@group-715EBF8096A7-LeaderElection269] INFO  impl.RoleInfo (RoleInfo.java:shutdownLeaderElection(141)) - 0df1231c-9f8a-4757-a7d0-f6d7f53bc482: shutdown 0df1231c-9f8a-4757-a7d0-f6d7f53bc482@group-715EBF8096A7-LeaderElection269
2025-09-19 20:45:58,229 [0df1231c-9f8a-4757-a7d0-f6d7f53bc482@group-715EBF8096A7-LeaderElection269] INFO  impl.RoleInfo (RoleInfo.java:updateAndGet(148)) - 0df1231c-9f8a-4757-a7d0-f6d7f53bc482: start 0df1231c-9f8a-4757-a7d0-f6d7f53bc482@group-715EBF8096A7-FollowerState
2025-09-19 20:45:58,512 [0df1231c-9f8a-4757-a7d0-f6d7f53bc482@group-A751954341BD-FollowerState] INFO  impl.FollowerState (FollowerState.java:runImpl(161)) - 0df1231c-9f8a-4757-a7d0-f6d7f53bc482@group-A751954341BD-FollowerState: change to CANDIDATE, lastRpcElapsedTime:1025256642ns, electionTimeout:1025ms
2025-09-19 20:45:58,513 [0df1231c-9f8a-4757-a7d0-f6d7f53bc482@group-A751954341BD-FollowerState] INFO  impl.RoleInfo (RoleInfo.java:shutdownFollowerState(121)) - 0df1231c-9f8a-4757-a7d0-f6d7f53bc482: shutdown 0df1231c-9f8a-4757-a7d0-f6d7f53bc482@group-A751954341BD-FollowerState
2025-09-19 20:45:58,513 [0df1231c-9f8a-4757-a7d0-f6d7f53bc482@group-A751954341BD-FollowerState] INFO  server.RaftServer$Division (RaftServerImpl.java:setRole(392)) - 0df1231c-9f8a-4757-a7d0-f6d7f53bc482@group-A751954341BD: changes role from  FOLLOWER to CANDIDATE at term 4 for changeToCandidate
2025-09-19 20:45:58,513 [0df1231c-9f8a-4757-a7d0-f6d7f53bc482@group-A751954341BD-FollowerState] INFO  impl.RoleInfo (RoleInfo.java:updateAndGet(148)) - 0df1231c-9f8a-4757-a7d0-f6d7f53bc482: start 0df1231c-9f8a-4757-a7d0-f6d7f53bc482@group-A751954341BD-LeaderElection270
2025-09-19 20:45:58,513 [0df1231c-9f8a-4757-a7d0-f6d7f53bc482@group-A751954341BD-LeaderElection270] INFO  impl.LeaderElection (LeaderElection.java:askForVotes(448)) - 0df1231c-9f8a-4757-a7d0-f6d7f53bc482@group-A751954341BD-LeaderElection270 PRE_VOTE round 0: submit vote requests at term 4 for conf: {index: 23, cur=peers:[b5a25cc1-46d3-4381-a194-bd68f4526f1c|127.0.0.1:15031, 0df1231c-9f8a-4757-a7d0-f6d7f53bc482|127.0.0.1:15023, 8eb9963e-bce0-4155-aea2-e442cadff8bd|127.0.0.1:15015]|listeners:[], old=null}
2025-09-19 20:45:58,513 [0df1231c-9f8a-4757-a7d0-f6d7f53bc482@group-A751954341BD-LeaderElection270] INFO  impl.LeaderElection (LogUtils.java:infoOrTrace(142)) - 0df1231c-9f8a-4757-a7d0-f6d7f53bc482@group-A751954341BD-LeaderElection270 got exception when requesting votes: java.util.concurrent.ExecutionException: org.apache.ratis.thirdparty.io.grpc.StatusRuntimeException: UNAVAILABLE: io exception
2025-09-19 20:45:58,513 [0df1231c-9f8a-4757-a7d0-f6d7f53bc482@group-A751954341BD-LeaderElection270] INFO  impl.LeaderElection (LogUtils.java:infoOrTrace(142)) - 0df1231c-9f8a-4757-a7d0-f6d7f53bc482@group-A751954341BD-LeaderElection270 got exception when requesting votes: java.util.concurrent.ExecutionException: org.apache.ratis.thirdparty.io.grpc.StatusRuntimeException: UNAVAILABLE: io exception
2025-09-19 20:45:58,514 [0df1231c-9f8a-4757-a7d0-f6d7f53bc482@group-A751954341BD-LeaderElection270] INFO  impl.LeaderElection (LeaderElection.java:logAndReturn(206)) - 0df1231c-9f8a-4757-a7d0-f6d7f53bc482@group-A751954341BD-LeaderElection270: PRE_VOTE REJECTED received 0 response(s) and 2 exception(s):
2025-09-19 20:45:58,514 [0df1231c-9f8a-4757-a7d0-f6d7f53bc482@group-A751954341BD-LeaderElection270] INFO  impl.LeaderElection (LogUtils.java:infoOrTrace(142)) -   Exception 0: java.util.concurrent.ExecutionException: org.apache.ratis.thirdparty.io.grpc.StatusRuntimeException: UNAVAILABLE: io exception
2025-09-19 20:45:58,514 [0df1231c-9f8a-4757-a7d0-f6d7f53bc482@group-A751954341BD-LeaderElection270] INFO  impl.LeaderElection (LogUtils.java:infoOrTrace(142)) -   Exception 1: java.util.concurrent.ExecutionException: org.apache.ratis.thirdparty.io.grpc.StatusRuntimeException: UNAVAILABLE: io exception
2025-09-19 20:45:58,514 [0df1231c-9f8a-4757-a7d0-f6d7f53bc482@group-A751954341BD-LeaderElection270] INFO  impl.LeaderElection (LeaderElection.java:askForVotes(450)) - 0df1231c-9f8a-4757-a7d0-f6d7f53bc482@group-A751954341BD-LeaderElection270 PRE_VOTE round 0: result REJECTED
2025-09-19 20:45:58,514 [0df1231c-9f8a-4757-a7d0-f6d7f53bc482@group-A751954341BD-LeaderElection270] INFO  server.RaftServer$Division (RaftServerImpl.java:setRole(392)) - 0df1231c-9f8a-4757-a7d0-f6d7f53bc482@group-A751954341BD: changes role from CANDIDATE to FOLLOWER at term 4 for REJECTED
2025-09-19 20:45:58,514 [0df1231c-9f8a-4757-a7d0-f6d7f53bc482@group-A751954341BD-LeaderElection270] INFO  impl.RoleInfo (RoleInfo.java:shutdownLeaderElection(141)) - 0df1231c-9f8a-4757-a7d0-f6d7f53bc482: shutdown 0df1231c-9f8a-4757-a7d0-f6d7f53bc482@group-A751954341BD-LeaderElection270
2025-09-19 20:45:58,514 [0df1231c-9f8a-4757-a7d0-f6d7f53bc482@group-A751954341BD-LeaderElection270] INFO  impl.RoleInfo (RoleInfo.java:updateAndGet(148)) - 0df1231c-9f8a-4757-a7d0-f6d7f53bc482: start 0df1231c-9f8a-4757-a7d0-f6d7f53bc482@group-A751954341BD-FollowerState
2025-09-19 20:45:58,620 [grpc-default-executor-8] ERROR impl.OrderedAsync (OrderedAsync.java:lambda$null$6(215)) -  client-387E2729942B: Failed* RaftClientRequest:client-387E2729942B->0df1231c-9f8a-4757-a7d0-f6d7f53bc482@group-A751954341BD, cid=54, seq=6*, RW, cmdType: WriteChunk
traceID: ""
containerID: 2
datanodeUuid: "8eb9963e-bce0-4155-aea2-e442cadff8bd"
writeChunk {
  blockID {
    containerID: 2
    localID: 115816896921600008
    blockCommitSequenceId: 20
    replicaIndex: 0
  }
  chunkData {
    chunkName: "115816896921600008_chunk_3"
    offset: 2097152
    len: 524288
    checksumData {
      type: CRC32
      bytesPerChecksum: 16384
      checksums: "\326\360U\321"
      checksums: "\326\360U\321"
      checksums: "\326\360U\321"
      checksums: "\326\360U\321"
      checksums: "\326\360U\321"
      checksums: "\326\360U\321"
      checksums: "\326\360U\321"
      checksums: "\326\360U\321"
      checksums: "\326\360U\321"
      checksums: "\326\360U\321"
      checksums: "\326\360U\321"
      checksums: "\326\360U\321"
      checksums: "\326\360U\321"
      checksums: "\326\360U\321"
      checksums: "\326\360U\321"
      checksums: "\326\360U\321"
      checksums: "\326\360U\321"
      checksums: "\326\360U\321"
      checksums: "\326\360U\321"
      checksums: "\326\360U\321"
      checksums: "\326\360U\321"
      checksums: "\326\360U\321"
      checksums: "\326\360U\321"
      checksums: "\326\360U\321"
      checksums: "\326\360U\321"
      checksums: "\326\360U\321"
      checksums: "\326\360U\321"
      checksums: "\326\360U\321"
      checksums: "\326\360U\321"
      checksums: "\326\360U\321"
      checksums: "\326\360U\321"
      checksums: "H$\374\021"
    }
  }
}
version: 3
, data.size=524288
java.util.concurrent.CompletionException: org.apache.ratis.protocol.exceptions.NotLeaderException: Server 0df1231c-9f8a-4757-a7d0-f6d7f53bc482@group-A751954341BD is not the leader
	at java.base/java.util.concurrent.CompletableFuture.encodeThrowable(CompletableFuture.java:332)
	at java.base/java.util.concurrent.CompletableFuture.completeThrowable(CompletableFuture.java:347)
	at java.base/java.util.concurrent.CompletableFuture$UniAccept.tryFire(CompletableFuture.java:708)
	at java.base/java.util.concurrent.CompletableFuture.postComplete(CompletableFuture.java:510)
	at java.base/java.util.concurrent.CompletableFuture.completeExceptionally(CompletableFuture.java:2194)
	at org.apache.ratis.grpc.client.GrpcClientProtocolClient$AsyncStreamObservers.completeReplyExceptionally(GrpcClientProtocolClient.java:397)
	at org.apache.ratis.grpc.client.GrpcClientProtocolClient$AsyncStreamObservers.access$000(GrpcClientProtocolClient.java:303)
	at org.apache.ratis.grpc.client.GrpcClientProtocolClient$AsyncStreamObservers$1.onNext(GrpcClientProtocolClient.java:317)
	at org.apache.ratis.grpc.client.GrpcClientProtocolClient$AsyncStreamObservers$1.onNext(GrpcClientProtocolClient.java:308)
	at org.apache.ratis.thirdparty.io.grpc.stub.ClientCalls$StreamObserverToCallListenerAdapter.onMessage(ClientCalls.java:551)
	at org.apache.ratis.thirdparty.io.grpc.ForwardingClientCallListener.onMessage(ForwardingClientCallListener.java:33)
	at org.apache.ratis.thirdparty.io.grpc.internal.ClientCallImpl$ClientStreamListenerImpl$1MessagesAvailable.runInternal(ClientCallImpl.java:661)
	at org.apache.ratis.thirdparty.io.grpc.internal.ClientCallImpl$ClientStreamListenerImpl$1MessagesAvailable.runInContext(ClientCallImpl.java:648)
	at org.apache.ratis.thirdparty.io.grpc.internal.ContextRunnable.run(ContextRunnable.java:37)
	at org.apache.ratis.thirdparty.io.grpc.internal.SerializingExecutor.run(SerializingExecutor.java:133)
	at java.base/java.util.concurrent.ThreadPoolExecutor.runWorker(ThreadPoolExecutor.java:1144)
	at java.base/java.util.concurrent.ThreadPoolExecutor$Worker.run(ThreadPoolExecutor.java:642)
	at java.base/java.lang.Thread.run(Thread.java:1583)
Caused by: org.apache.ratis.protocol.exceptions.NotLeaderException: Server 0df1231c-9f8a-4757-a7d0-f6d7f53bc482@group-A751954341BD is not the leader
	at org.apache.ratis.client.impl.ClientProtoUtils.toRaftClientReply(ClientProtoUtils.java:402)
	at org.apache.ratis.grpc.client.GrpcClientProtocolClient$AsyncStreamObservers$1.onNext(GrpcClientProtocolClient.java:313)
	... 10 more
2025-09-19 20:45:59,424 [0df1231c-9f8a-4757-a7d0-f6d7f53bc482@group-715EBF8096A7-FollowerState] INFO  impl.FollowerState (FollowerState.java:runImpl(161)) - 0df1231c-9f8a-4757-a7d0-f6d7f53bc482@group-715EBF8096A7-FollowerState: change to CANDIDATE, lastRpcElapsedTime:1194287642ns, electionTimeout:1194ms
2025-09-19 20:45:59,424 [0df1231c-9f8a-4757-a7d0-f6d7f53bc482@group-715EBF8096A7-FollowerState] INFO  impl.RoleInfo (RoleInfo.java:shutdownFollowerState(121)) - 0df1231c-9f8a-4757-a7d0-f6d7f53bc482: shutdown 0df1231c-9f8a-4757-a7d0-f6d7f53bc482@group-715EBF8096A7-FollowerState
2025-09-19 20:45:59,424 [0df1231c-9f8a-4757-a7d0-f6d7f53bc482@group-715EBF8096A7-FollowerState] INFO  server.RaftServer$Division (RaftServerImpl.java:setRole(392)) - 0df1231c-9f8a-4757-a7d0-f6d7f53bc482@group-715EBF8096A7: changes role from  FOLLOWER to CANDIDATE at term 7 for changeToCandidate
2025-09-19 20:45:59,424 [0df1231c-9f8a-4757-a7d0-f6d7f53bc482@group-715EBF8096A7-FollowerState] INFO  impl.RoleInfo (RoleInfo.java:updateAndGet(148)) - 0df1231c-9f8a-4757-a7d0-f6d7f53bc482: start 0df1231c-9f8a-4757-a7d0-f6d7f53bc482@group-715EBF8096A7-LeaderElection271
2025-09-19 20:45:59,424 [0df1231c-9f8a-4757-a7d0-f6d7f53bc482@group-715EBF8096A7-LeaderElection271] INFO  impl.LeaderElection (LeaderElection.java:askForVotes(448)) - 0df1231c-9f8a-4757-a7d0-f6d7f53bc482@group-715EBF8096A7-LeaderElection271 PRE_VOTE round 0: submit vote requests at term 7 for conf: {index: 15, cur=peers:[b5a25cc1-46d3-4381-a194-bd68f4526f1c|127.0.0.1:15031, 0df1231c-9f8a-4757-a7d0-f6d7f53bc482|127.0.0.1:15023, 8eb9963e-bce0-4155-aea2-e442cadff8bd|127.0.0.1:15015]|listeners:[], old=null}
2025-09-19 20:45:59,425 [0df1231c-9f8a-4757-a7d0-f6d7f53bc482@group-715EBF8096A7-LeaderElection271] INFO  impl.LeaderElection (LogUtils.java:infoOrTrace(142)) - 0df1231c-9f8a-4757-a7d0-f6d7f53bc482@group-715EBF8096A7-LeaderElection271 got exception when requesting votes: java.util.concurrent.ExecutionException: org.apache.ratis.thirdparty.io.grpc.StatusRuntimeException: UNAVAILABLE: io exception
2025-09-19 20:45:59,425 [0df1231c-9f8a-4757-a7d0-f6d7f53bc482@group-715EBF8096A7-LeaderElection271] INFO  impl.LeaderElection (LogUtils.java:infoOrTrace(142)) - 0df1231c-9f8a-4757-a7d0-f6d7f53bc482@group-715EBF8096A7-LeaderElection271 got exception when requesting votes: java.util.concurrent.ExecutionException: org.apache.ratis.thirdparty.io.grpc.StatusRuntimeException: UNAVAILABLE: io exception
2025-09-19 20:45:59,425 [0df1231c-9f8a-4757-a7d0-f6d7f53bc482@group-715EBF8096A7-LeaderElection271] INFO  impl.LeaderElection (LeaderElection.java:logAndReturn(206)) - 0df1231c-9f8a-4757-a7d0-f6d7f53bc482@group-715EBF8096A7-LeaderElection271: PRE_VOTE REJECTED received 0 response(s) and 2 exception(s):
2025-09-19 20:45:59,425 [0df1231c-9f8a-4757-a7d0-f6d7f53bc482@group-715EBF8096A7-LeaderElection271] INFO  impl.LeaderElection (LogUtils.java:infoOrTrace(142)) -   Exception 0: java.util.concurrent.ExecutionException: org.apache.ratis.thirdparty.io.grpc.StatusRuntimeException: UNAVAILABLE: io exception
2025-09-19 20:45:59,425 [0df1231c-9f8a-4757-a7d0-f6d7f53bc482@group-715EBF8096A7-LeaderElection271] INFO  impl.LeaderElection (LogUtils.java:infoOrTrace(142)) -   Exception 1: java.util.concurrent.ExecutionException: org.apache.ratis.thirdparty.io.grpc.StatusRuntimeException: UNAVAILABLE: io exception
2025-09-19 20:45:59,425 [0df1231c-9f8a-4757-a7d0-f6d7f53bc482@group-715EBF8096A7-LeaderElection271] INFO  impl.LeaderElection (LeaderElection.java:askForVotes(450)) - 0df1231c-9f8a-4757-a7d0-f6d7f53bc482@group-715EBF8096A7-LeaderElection271 PRE_VOTE round 0: result REJECTED
2025-09-19 20:45:59,425 [0df1231c-9f8a-4757-a7d0-f6d7f53bc482@group-715EBF8096A7-LeaderElection271] INFO  server.RaftServer$Division (RaftServerImpl.java:setRole(392)) - 0df1231c-9f8a-4757-a7d0-f6d7f53bc482@group-715EBF8096A7: changes role from CANDIDATE to FOLLOWER at term 7 for REJECTED
2025-09-19 20:45:59,425 [0df1231c-9f8a-4757-a7d0-f6d7f53bc482@group-715EBF8096A7-LeaderElection271] INFO  impl.RoleInfo (RoleInfo.java:shutdownLeaderElection(141)) - 0df1231c-9f8a-4757-a7d0-f6d7f53bc482: shutdown 0df1231c-9f8a-4757-a7d0-f6d7f53bc482@group-715EBF8096A7-LeaderElection271
2025-09-19 20:45:59,425 [0df1231c-9f8a-4757-a7d0-f6d7f53bc482@group-715EBF8096A7-LeaderElection271] INFO  impl.RoleInfo (RoleInfo.java:updateAndGet(148)) - 0df1231c-9f8a-4757-a7d0-f6d7f53bc482: start 0df1231c-9f8a-4757-a7d0-f6d7f53bc482@group-715EBF8096A7-FollowerState
2025-09-19 20:45:59,620 [0df1231c-9f8a-4757-a7d0-f6d7f53bc482@group-A751954341BD-FollowerState] INFO  impl.FollowerState (FollowerState.java:runImpl(161)) - 0df1231c-9f8a-4757-a7d0-f6d7f53bc482@group-A751954341BD-FollowerState: change to CANDIDATE, lastRpcElapsedTime:1106299517ns, electionTimeout:1106ms
2025-09-19 20:45:59,620 [0df1231c-9f8a-4757-a7d0-f6d7f53bc482@group-A751954341BD-FollowerState] INFO  impl.RoleInfo (RoleInfo.java:shutdownFollowerState(121)) - 0df1231c-9f8a-4757-a7d0-f6d7f53bc482: shutdown 0df1231c-9f8a-4757-a7d0-f6d7f53bc482@group-A751954341BD-FollowerState
2025-09-19 20:45:59,620 [0df1231c-9f8a-4757-a7d0-f6d7f53bc482@group-A751954341BD-FollowerState] INFO  server.RaftServer$Division (RaftServerImpl.java:setRole(392)) - 0df1231c-9f8a-4757-a7d0-f6d7f53bc482@group-A751954341BD: changes role from  FOLLOWER to CANDIDATE at term 4 for changeToCandidate
2025-09-19 20:45:59,620 [0df1231c-9f8a-4757-a7d0-f6d7f53bc482@group-A751954341BD-FollowerState] INFO  impl.RoleInfo (RoleInfo.java:updateAndGet(148)) - 0df1231c-9f8a-4757-a7d0-f6d7f53bc482: start 0df1231c-9f8a-4757-a7d0-f6d7f53bc482@group-A751954341BD-LeaderElection272
2025-09-19 20:45:59,621 [0df1231c-9f8a-4757-a7d0-f6d7f53bc482@group-A751954341BD-LeaderElection272] INFO  impl.LeaderElection (LeaderElection.java:askForVotes(448)) - 0df1231c-9f8a-4757-a7d0-f6d7f53bc482@group-A751954341BD-LeaderElection272 PRE_VOTE round 0: submit vote requests at term 4 for conf: {index: 23, cur=peers:[b5a25cc1-46d3-4381-a194-bd68f4526f1c|127.0.0.1:15031, 0df1231c-9f8a-4757-a7d0-f6d7f53bc482|127.0.0.1:15023, 8eb9963e-bce0-4155-aea2-e442cadff8bd|127.0.0.1:15015]|listeners:[], old=null}
2025-09-19 20:45:59,621 [0df1231c-9f8a-4757-a7d0-f6d7f53bc482@group-A751954341BD-LeaderElection272] INFO  impl.LeaderElection (LogUtils.java:infoOrTrace(142)) - 0df1231c-9f8a-4757-a7d0-f6d7f53bc482@group-A751954341BD-LeaderElection272 got exception when requesting votes: java.util.concurrent.ExecutionException: org.apache.ratis.thirdparty.io.grpc.StatusRuntimeException: UNAVAILABLE: io exception
2025-09-19 20:45:59,621 [0df1231c-9f8a-4757-a7d0-f6d7f53bc482@group-A751954341BD-LeaderElection272] INFO  impl.LeaderElection (LogUtils.java:infoOrTrace(142)) - 0df1231c-9f8a-4757-a7d0-f6d7f53bc482@group-A751954341BD-LeaderElection272 got exception when requesting votes: java.util.concurrent.ExecutionException: org.apache.ratis.thirdparty.io.grpc.StatusRuntimeException: UNAVAILABLE: io exception
2025-09-19 20:45:59,621 [0df1231c-9f8a-4757-a7d0-f6d7f53bc482@group-A751954341BD-LeaderElection272] INFO  impl.LeaderElection (LeaderElection.java:logAndReturn(206)) - 0df1231c-9f8a-4757-a7d0-f6d7f53bc482@group-A751954341BD-LeaderElection272: PRE_VOTE REJECTED received 0 response(s) and 2 exception(s):
2025-09-19 20:45:59,621 [0df1231c-9f8a-4757-a7d0-f6d7f53bc482@group-A751954341BD-LeaderElection272] INFO  impl.LeaderElection (LogUtils.java:infoOrTrace(142)) -   Exception 0: java.util.concurrent.ExecutionException: org.apache.ratis.thirdparty.io.grpc.StatusRuntimeException: UNAVAILABLE: io exception
2025-09-19 20:45:59,621 [0df1231c-9f8a-4757-a7d0-f6d7f53bc482@group-A751954341BD-LeaderElection272] INFO  impl.LeaderElection (LogUtils.java:infoOrTrace(142)) -   Exception 1: java.util.concurrent.ExecutionException: org.apache.ratis.thirdparty.io.grpc.StatusRuntimeException: UNAVAILABLE: io exception
2025-09-19 20:45:59,621 [0df1231c-9f8a-4757-a7d0-f6d7f53bc482@group-A751954341BD-LeaderElection272] INFO  impl.LeaderElection (LeaderElection.java:askForVotes(450)) - 0df1231c-9f8a-4757-a7d0-f6d7f53bc482@group-A751954341BD-LeaderElection272 PRE_VOTE round 0: result REJECTED
2025-09-19 20:45:59,621 [0df1231c-9f8a-4757-a7d0-f6d7f53bc482@group-A751954341BD-LeaderElection272] INFO  server.RaftServer$Division (RaftServerImpl.java:setRole(392)) - 0df1231c-9f8a-4757-a7d0-f6d7f53bc482@group-A751954341BD: changes role from CANDIDATE to FOLLOWER at term 4 for REJECTED
2025-09-19 20:45:59,621 [0df1231c-9f8a-4757-a7d0-f6d7f53bc482@group-A751954341BD-LeaderElection272] INFO  impl.RoleInfo (RoleInfo.java:shutdownLeaderElection(141)) - 0df1231c-9f8a-4757-a7d0-f6d7f53bc482: shutdown 0df1231c-9f8a-4757-a7d0-f6d7f53bc482@group-A751954341BD-LeaderElection272
2025-09-19 20:45:59,621 [0df1231c-9f8a-4757-a7d0-f6d7f53bc482@group-A751954341BD-LeaderElection272] INFO  impl.RoleInfo (RoleInfo.java:updateAndGet(148)) - 0df1231c-9f8a-4757-a7d0-f6d7f53bc482: start 0df1231c-9f8a-4757-a7d0-f6d7f53bc482@group-A751954341BD-FollowerState
2025-09-19 20:46:00,615 [0df1231c-9f8a-4757-a7d0-f6d7f53bc482@group-715EBF8096A7-FollowerState] INFO  impl.FollowerState (FollowerState.java:runImpl(161)) - 0df1231c-9f8a-4757-a7d0-f6d7f53bc482@group-715EBF8096A7-FollowerState: change to CANDIDATE, lastRpcElapsedTime:1190365667ns, electionTimeout:1190ms
2025-09-19 20:46:00,615 [0df1231c-9f8a-4757-a7d0-f6d7f53bc482@group-715EBF8096A7-FollowerState] INFO  impl.RoleInfo (RoleInfo.java:shutdownFollowerState(121)) - 0df1231c-9f8a-4757-a7d0-f6d7f53bc482: shutdown 0df1231c-9f8a-4757-a7d0-f6d7f53bc482@group-715EBF8096A7-FollowerState
2025-09-19 20:46:00,615 [0df1231c-9f8a-4757-a7d0-f6d7f53bc482@group-715EBF8096A7-FollowerState] INFO  server.RaftServer$Division (RaftServerImpl.java:setRole(392)) - 0df1231c-9f8a-4757-a7d0-f6d7f53bc482@group-715EBF8096A7: changes role from  FOLLOWER to CANDIDATE at term 7 for changeToCandidate
2025-09-19 20:46:00,615 [0df1231c-9f8a-4757-a7d0-f6d7f53bc482@group-715EBF8096A7-FollowerState] INFO  impl.RoleInfo (RoleInfo.java:updateAndGet(148)) - 0df1231c-9f8a-4757-a7d0-f6d7f53bc482: start 0df1231c-9f8a-4757-a7d0-f6d7f53bc482@group-715EBF8096A7-LeaderElection273
2025-09-19 20:46:00,616 [0df1231c-9f8a-4757-a7d0-f6d7f53bc482@group-715EBF8096A7-LeaderElection273] INFO  impl.LeaderElection (LeaderElection.java:askForVotes(448)) - 0df1231c-9f8a-4757-a7d0-f6d7f53bc482@group-715EBF8096A7-LeaderElection273 PRE_VOTE round 0: submit vote requests at term 7 for conf: {index: 15, cur=peers:[b5a25cc1-46d3-4381-a194-bd68f4526f1c|127.0.0.1:15031, 0df1231c-9f8a-4757-a7d0-f6d7f53bc482|127.0.0.1:15023, 8eb9963e-bce0-4155-aea2-e442cadff8bd|127.0.0.1:15015]|listeners:[], old=null}
2025-09-19 20:46:00,616 [0df1231c-9f8a-4757-a7d0-f6d7f53bc482@group-715EBF8096A7-LeaderElection273] INFO  impl.LeaderElection (LogUtils.java:infoOrTrace(142)) - 0df1231c-9f8a-4757-a7d0-f6d7f53bc482@group-715EBF8096A7-LeaderElection273 got exception when requesting votes: java.util.concurrent.ExecutionException: org.apache.ratis.thirdparty.io.grpc.StatusRuntimeException: UNAVAILABLE: io exception
2025-09-19 20:46:00,616 [0df1231c-9f8a-4757-a7d0-f6d7f53bc482@group-715EBF8096A7-LeaderElection273] INFO  impl.LeaderElection (LogUtils.java:infoOrTrace(142)) - 0df1231c-9f8a-4757-a7d0-f6d7f53bc482@group-715EBF8096A7-LeaderElection273 got exception when requesting votes: java.util.concurrent.ExecutionException: org.apache.ratis.thirdparty.io.grpc.StatusRuntimeException: UNAVAILABLE: io exception
2025-09-19 20:46:00,616 [0df1231c-9f8a-4757-a7d0-f6d7f53bc482@group-715EBF8096A7-LeaderElection273] INFO  impl.LeaderElection (LeaderElection.java:logAndReturn(206)) - 0df1231c-9f8a-4757-a7d0-f6d7f53bc482@group-715EBF8096A7-LeaderElection273: PRE_VOTE REJECTED received 0 response(s) and 2 exception(s):
2025-09-19 20:46:00,616 [0df1231c-9f8a-4757-a7d0-f6d7f53bc482@group-715EBF8096A7-LeaderElection273] INFO  impl.LeaderElection (LogUtils.java:infoOrTrace(142)) -   Exception 0: java.util.concurrent.ExecutionException: org.apache.ratis.thirdparty.io.grpc.StatusRuntimeException: UNAVAILABLE: io exception
2025-09-19 20:46:00,616 [0df1231c-9f8a-4757-a7d0-f6d7f53bc482@group-715EBF8096A7-LeaderElection273] INFO  impl.LeaderElection (LogUtils.java:infoOrTrace(142)) -   Exception 1: java.util.concurrent.ExecutionException: org.apache.ratis.thirdparty.io.grpc.StatusRuntimeException: UNAVAILABLE: io exception
2025-09-19 20:46:00,616 [0df1231c-9f8a-4757-a7d0-f6d7f53bc482@group-715EBF8096A7-LeaderElection273] INFO  impl.LeaderElection (LeaderElection.java:askForVotes(450)) - 0df1231c-9f8a-4757-a7d0-f6d7f53bc482@group-715EBF8096A7-LeaderElection273 PRE_VOTE round 0: result REJECTED
2025-09-19 20:46:00,616 [0df1231c-9f8a-4757-a7d0-f6d7f53bc482@group-715EBF8096A7-LeaderElection273] INFO  server.RaftServer$Division (RaftServerImpl.java:setRole(392)) - 0df1231c-9f8a-4757-a7d0-f6d7f53bc482@group-715EBF8096A7: changes role from CANDIDATE to FOLLOWER at term 7 for REJECTED
2025-09-19 20:46:00,616 [0df1231c-9f8a-4757-a7d0-f6d7f53bc482@group-715EBF8096A7-LeaderElection273] INFO  impl.RoleInfo (RoleInfo.java:shutdownLeaderElection(141)) - 0df1231c-9f8a-4757-a7d0-f6d7f53bc482: shutdown 0df1231c-9f8a-4757-a7d0-f6d7f53bc482@group-715EBF8096A7-LeaderElection273
2025-09-19 20:46:00,617 [0df1231c-9f8a-4757-a7d0-f6d7f53bc482@group-715EBF8096A7-LeaderElection273] INFO  impl.RoleInfo (RoleInfo.java:updateAndGet(148)) - 0df1231c-9f8a-4757-a7d0-f6d7f53bc482: start 0df1231c-9f8a-4757-a7d0-f6d7f53bc482@group-715EBF8096A7-FollowerState
2025-09-19 20:46:00,624 [0df1231c-9f8a-4757-a7d0-f6d7f53bc482@group-A751954341BD-FollowerState] INFO  impl.FollowerState (FollowerState.java:runImpl(161)) - 0df1231c-9f8a-4757-a7d0-f6d7f53bc482@group-A751954341BD-FollowerState: change to CANDIDATE, lastRpcElapsedTime:1002352273ns, electionTimeout:1002ms
2025-09-19 20:46:00,624 [0df1231c-9f8a-4757-a7d0-f6d7f53bc482@group-A751954341BD-FollowerState] INFO  impl.RoleInfo (RoleInfo.java:shutdownFollowerState(121)) - 0df1231c-9f8a-4757-a7d0-f6d7f53bc482: shutdown 0df1231c-9f8a-4757-a7d0-f6d7f53bc482@group-A751954341BD-FollowerState
2025-09-19 20:46:00,624 [0df1231c-9f8a-4757-a7d0-f6d7f53bc482@group-A751954341BD-FollowerState] INFO  server.RaftServer$Division (RaftServerImpl.java:setRole(392)) - 0df1231c-9f8a-4757-a7d0-f6d7f53bc482@group-A751954341BD: changes role from  FOLLOWER to CANDIDATE at term 4 for changeToCandidate
2025-09-19 20:46:00,624 [0df1231c-9f8a-4757-a7d0-f6d7f53bc482@group-A751954341BD-FollowerState] INFO  impl.RoleInfo (RoleInfo.java:updateAndGet(148)) - 0df1231c-9f8a-4757-a7d0-f6d7f53bc482: start 0df1231c-9f8a-4757-a7d0-f6d7f53bc482@group-A751954341BD-LeaderElection274
2025-09-19 20:46:00,624 [0df1231c-9f8a-4757-a7d0-f6d7f53bc482@group-A751954341BD-LeaderElection274] INFO  impl.LeaderElection (LeaderElection.java:askForVotes(448)) - 0df1231c-9f8a-4757-a7d0-f6d7f53bc482@group-A751954341BD-LeaderElection274 PRE_VOTE round 0: submit vote requests at term 4 for conf: {index: 23, cur=peers:[b5a25cc1-46d3-4381-a194-bd68f4526f1c|127.0.0.1:15031, 0df1231c-9f8a-4757-a7d0-f6d7f53bc482|127.0.0.1:15023, 8eb9963e-bce0-4155-aea2-e442cadff8bd|127.0.0.1:15015]|listeners:[], old=null}
2025-09-19 20:46:00,625 [0df1231c-9f8a-4757-a7d0-f6d7f53bc482@group-A751954341BD-LeaderElection274] INFO  impl.LeaderElection (LogUtils.java:infoOrTrace(142)) - 0df1231c-9f8a-4757-a7d0-f6d7f53bc482@group-A751954341BD-LeaderElection274 got exception when requesting votes: java.util.concurrent.ExecutionException: org.apache.ratis.thirdparty.io.grpc.StatusRuntimeException: UNAVAILABLE: io exception
2025-09-19 20:46:00,625 [0df1231c-9f8a-4757-a7d0-f6d7f53bc482@group-A751954341BD-LeaderElection274] INFO  impl.LeaderElection (LogUtils.java:infoOrTrace(142)) - 0df1231c-9f8a-4757-a7d0-f6d7f53bc482@group-A751954341BD-LeaderElection274 got exception when requesting votes: java.util.concurrent.ExecutionException: org.apache.ratis.thirdparty.io.grpc.StatusRuntimeException: UNAVAILABLE: io exception
2025-09-19 20:46:00,625 [0df1231c-9f8a-4757-a7d0-f6d7f53bc482@group-A751954341BD-LeaderElection274] INFO  impl.LeaderElection (LeaderElection.java:logAndReturn(206)) - 0df1231c-9f8a-4757-a7d0-f6d7f53bc482@group-A751954341BD-LeaderElection274: PRE_VOTE REJECTED received 0 response(s) and 2 exception(s):
2025-09-19 20:46:00,625 [0df1231c-9f8a-4757-a7d0-f6d7f53bc482@group-A751954341BD-LeaderElection274] INFO  impl.LeaderElection (LogUtils.java:infoOrTrace(142)) -   Exception 0: java.util.concurrent.ExecutionException: org.apache.ratis.thirdparty.io.grpc.StatusRuntimeException: UNAVAILABLE: io exception
2025-09-19 20:46:00,625 [0df1231c-9f8a-4757-a7d0-f6d7f53bc482@group-A751954341BD-LeaderElection274] INFO  impl.LeaderElection (LogUtils.java:infoOrTrace(142)) -   Exception 1: java.util.concurrent.ExecutionException: org.apache.ratis.thirdparty.io.grpc.StatusRuntimeException: UNAVAILABLE: io exception
2025-09-19 20:46:00,625 [0df1231c-9f8a-4757-a7d0-f6d7f53bc482@group-A751954341BD-LeaderElection274] INFO  impl.LeaderElection (LeaderElection.java:askForVotes(450)) - 0df1231c-9f8a-4757-a7d0-f6d7f53bc482@group-A751954341BD-LeaderElection274 PRE_VOTE round 0: result REJECTED
2025-09-19 20:46:00,625 [0df1231c-9f8a-4757-a7d0-f6d7f53bc482@group-A751954341BD-LeaderElection274] INFO  server.RaftServer$Division (RaftServerImpl.java:setRole(392)) - 0df1231c-9f8a-4757-a7d0-f6d7f53bc482@group-A751954341BD: changes role from CANDIDATE to FOLLOWER at term 4 for REJECTED
2025-09-19 20:46:00,625 [0df1231c-9f8a-4757-a7d0-f6d7f53bc482@group-A751954341BD-LeaderElection274] INFO  impl.RoleInfo (RoleInfo.java:shutdownLeaderElection(141)) - 0df1231c-9f8a-4757-a7d0-f6d7f53bc482: shutdown 0df1231c-9f8a-4757-a7d0-f6d7f53bc482@group-A751954341BD-LeaderElection274
2025-09-19 20:46:00,625 [0df1231c-9f8a-4757-a7d0-f6d7f53bc482@group-A751954341BD-LeaderElection274] INFO  impl.RoleInfo (RoleInfo.java:updateAndGet(148)) - 0df1231c-9f8a-4757-a7d0-f6d7f53bc482: start 0df1231c-9f8a-4757-a7d0-f6d7f53bc482@group-A751954341BD-FollowerState
2025-09-19 20:46:01,582 [7c85452d-535d-4afd-8ce9-637c7af67bb0-server-thread2] INFO  server.RaftServer$Division (RaftServerImpl.java:takeSnapshotAsync(1241)) - 7c85452d-535d-4afd-8ce9-637c7af67bb0@group-28A5E13E86EF: takeSnapshotAsync SnapshotManagementRequest:client-18FFC4F098A1->7c85452d-535d-4afd-8ce9-637c7af67bb0@group-28A5E13E86EF, cid=47, seq=null, RO, null, Create:
2025-09-19 20:46:01,696 [0df1231c-9f8a-4757-a7d0-f6d7f53bc482@group-A751954341BD-FollowerState] INFO  impl.FollowerState (FollowerState.java:runImpl(161)) - 0df1231c-9f8a-4757-a7d0-f6d7f53bc482@group-A751954341BD-FollowerState: change to CANDIDATE, lastRpcElapsedTime:1070753063ns, electionTimeout:1070ms
2025-09-19 20:46:01,696 [0df1231c-9f8a-4757-a7d0-f6d7f53bc482@group-A751954341BD-FollowerState] INFO  impl.RoleInfo (RoleInfo.java:shutdownFollowerState(121)) - 0df1231c-9f8a-4757-a7d0-f6d7f53bc482: shutdown 0df1231c-9f8a-4757-a7d0-f6d7f53bc482@group-A751954341BD-FollowerState
2025-09-19 20:46:01,696 [0df1231c-9f8a-4757-a7d0-f6d7f53bc482@group-A751954341BD-FollowerState] INFO  server.RaftServer$Division (RaftServerImpl.java:setRole(392)) - 0df1231c-9f8a-4757-a7d0-f6d7f53bc482@group-A751954341BD: changes role from  FOLLOWER to CANDIDATE at term 4 for changeToCandidate
2025-09-19 20:46:01,696 [0df1231c-9f8a-4757-a7d0-f6d7f53bc482@group-A751954341BD-FollowerState] INFO  impl.RoleInfo (RoleInfo.java:updateAndGet(148)) - 0df1231c-9f8a-4757-a7d0-f6d7f53bc482: start 0df1231c-9f8a-4757-a7d0-f6d7f53bc482@group-A751954341BD-LeaderElection275
2025-09-19 20:46:01,697 [0df1231c-9f8a-4757-a7d0-f6d7f53bc482@group-A751954341BD-LeaderElection275] INFO  impl.LeaderElection (LeaderElection.java:askForVotes(448)) - 0df1231c-9f8a-4757-a7d0-f6d7f53bc482@group-A751954341BD-LeaderElection275 PRE_VOTE round 0: submit vote requests at term 4 for conf: {index: 23, cur=peers:[b5a25cc1-46d3-4381-a194-bd68f4526f1c|127.0.0.1:15031, 0df1231c-9f8a-4757-a7d0-f6d7f53bc482|127.0.0.1:15023, 8eb9963e-bce0-4155-aea2-e442cadff8bd|127.0.0.1:15015]|listeners:[], old=null}
2025-09-19 20:46:01,697 [0df1231c-9f8a-4757-a7d0-f6d7f53bc482@group-A751954341BD-LeaderElection275] INFO  impl.LeaderElection (LogUtils.java:infoOrTrace(142)) - 0df1231c-9f8a-4757-a7d0-f6d7f53bc482@group-A751954341BD-LeaderElection275 got exception when requesting votes: java.util.concurrent.ExecutionException: org.apache.ratis.thirdparty.io.grpc.StatusRuntimeException: UNAVAILABLE: io exception
2025-09-19 20:46:01,697 [0df1231c-9f8a-4757-a7d0-f6d7f53bc482@group-A751954341BD-LeaderElection275] INFO  impl.LeaderElection (LogUtils.java:infoOrTrace(142)) - 0df1231c-9f8a-4757-a7d0-f6d7f53bc482@group-A751954341BD-LeaderElection275 got exception when requesting votes: java.util.concurrent.ExecutionException: org.apache.ratis.thirdparty.io.grpc.StatusRuntimeException: UNAVAILABLE: io exception
2025-09-19 20:46:01,697 [0df1231c-9f8a-4757-a7d0-f6d7f53bc482@group-A751954341BD-LeaderElection275] INFO  impl.LeaderElection (LeaderElection.java:logAndReturn(206)) - 0df1231c-9f8a-4757-a7d0-f6d7f53bc482@group-A751954341BD-LeaderElection275: PRE_VOTE REJECTED received 0 response(s) and 2 exception(s):
2025-09-19 20:46:01,697 [0df1231c-9f8a-4757-a7d0-f6d7f53bc482@group-A751954341BD-LeaderElection275] INFO  impl.LeaderElection (LogUtils.java:infoOrTrace(142)) -   Exception 0: java.util.concurrent.ExecutionException: org.apache.ratis.thirdparty.io.grpc.StatusRuntimeException: UNAVAILABLE: io exception
2025-09-19 20:46:01,697 [0df1231c-9f8a-4757-a7d0-f6d7f53bc482@group-A751954341BD-LeaderElection275] INFO  impl.LeaderElection (LogUtils.java:infoOrTrace(142)) -   Exception 1: java.util.concurrent.ExecutionException: org.apache.ratis.thirdparty.io.grpc.StatusRuntimeException: UNAVAILABLE: io exception
2025-09-19 20:46:01,697 [0df1231c-9f8a-4757-a7d0-f6d7f53bc482@group-A751954341BD-LeaderElection275] INFO  impl.LeaderElection (LeaderElection.java:askForVotes(450)) - 0df1231c-9f8a-4757-a7d0-f6d7f53bc482@group-A751954341BD-LeaderElection275 PRE_VOTE round 0: result REJECTED
2025-09-19 20:46:01,697 [0df1231c-9f8a-4757-a7d0-f6d7f53bc482@group-A751954341BD-LeaderElection275] INFO  server.RaftServer$Division (RaftServerImpl.java:setRole(392)) - 0df1231c-9f8a-4757-a7d0-f6d7f53bc482@group-A751954341BD: changes role from CANDIDATE to FOLLOWER at term 4 for REJECTED
2025-09-19 20:46:01,697 [0df1231c-9f8a-4757-a7d0-f6d7f53bc482@group-A751954341BD-LeaderElection275] INFO  impl.RoleInfo (RoleInfo.java:shutdownLeaderElection(141)) - 0df1231c-9f8a-4757-a7d0-f6d7f53bc482: shutdown 0df1231c-9f8a-4757-a7d0-f6d7f53bc482@group-A751954341BD-LeaderElection275
2025-09-19 20:46:01,697 [0df1231c-9f8a-4757-a7d0-f6d7f53bc482@group-A751954341BD-LeaderElection275] INFO  impl.RoleInfo (RoleInfo.java:updateAndGet(148)) - 0df1231c-9f8a-4757-a7d0-f6d7f53bc482: start 0df1231c-9f8a-4757-a7d0-f6d7f53bc482@group-A751954341BD-FollowerState
2025-09-19 20:46:01,713 [0df1231c-9f8a-4757-a7d0-f6d7f53bc482@group-715EBF8096A7-FollowerState] INFO  impl.FollowerState (FollowerState.java:runImpl(161)) - 0df1231c-9f8a-4757-a7d0-f6d7f53bc482@group-715EBF8096A7-FollowerState: change to CANDIDATE, lastRpcElapsedTime:1096261401ns, electionTimeout:1096ms
2025-09-19 20:46:01,713 [0df1231c-9f8a-4757-a7d0-f6d7f53bc482@group-715EBF8096A7-FollowerState] INFO  impl.RoleInfo (RoleInfo.java:shutdownFollowerState(121)) - 0df1231c-9f8a-4757-a7d0-f6d7f53bc482: shutdown 0df1231c-9f8a-4757-a7d0-f6d7f53bc482@group-715EBF8096A7-FollowerState
2025-09-19 20:46:01,713 [0df1231c-9f8a-4757-a7d0-f6d7f53bc482@group-715EBF8096A7-FollowerState] INFO  server.RaftServer$Division (RaftServerImpl.java:setRole(392)) - 0df1231c-9f8a-4757-a7d0-f6d7f53bc482@group-715EBF8096A7: changes role from  FOLLOWER to CANDIDATE at term 7 for changeToCandidate
2025-09-19 20:46:01,713 [0df1231c-9f8a-4757-a7d0-f6d7f53bc482@group-715EBF8096A7-FollowerState] INFO  impl.RoleInfo (RoleInfo.java:updateAndGet(148)) - 0df1231c-9f8a-4757-a7d0-f6d7f53bc482: start 0df1231c-9f8a-4757-a7d0-f6d7f53bc482@group-715EBF8096A7-LeaderElection276
2025-09-19 20:46:01,713 [0df1231c-9f8a-4757-a7d0-f6d7f53bc482@group-715EBF8096A7-LeaderElection276] INFO  impl.LeaderElection (LeaderElection.java:askForVotes(448)) - 0df1231c-9f8a-4757-a7d0-f6d7f53bc482@group-715EBF8096A7-LeaderElection276 PRE_VOTE round 0: submit vote requests at term 7 for conf: {index: 15, cur=peers:[b5a25cc1-46d3-4381-a194-bd68f4526f1c|127.0.0.1:15031, 0df1231c-9f8a-4757-a7d0-f6d7f53bc482|127.0.0.1:15023, 8eb9963e-bce0-4155-aea2-e442cadff8bd|127.0.0.1:15015]|listeners:[], old=null}
2025-09-19 20:46:01,713 [0df1231c-9f8a-4757-a7d0-f6d7f53bc482@group-715EBF8096A7-LeaderElection276] INFO  impl.LeaderElection (LogUtils.java:infoOrTrace(142)) - 0df1231c-9f8a-4757-a7d0-f6d7f53bc482@group-715EBF8096A7-LeaderElection276 got exception when requesting votes: java.util.concurrent.ExecutionException: org.apache.ratis.thirdparty.io.grpc.StatusRuntimeException: UNAVAILABLE: io exception
2025-09-19 20:46:01,714 [0df1231c-9f8a-4757-a7d0-f6d7f53bc482@group-715EBF8096A7-LeaderElection276] INFO  impl.LeaderElection (LogUtils.java:infoOrTrace(142)) - 0df1231c-9f8a-4757-a7d0-f6d7f53bc482@group-715EBF8096A7-LeaderElection276 got exception when requesting votes: java.util.concurrent.ExecutionException: org.apache.ratis.thirdparty.io.grpc.StatusRuntimeException: UNAVAILABLE: io exception
2025-09-19 20:46:01,714 [0df1231c-9f8a-4757-a7d0-f6d7f53bc482@group-715EBF8096A7-LeaderElection276] INFO  impl.LeaderElection (LeaderElection.java:logAndReturn(206)) - 0df1231c-9f8a-4757-a7d0-f6d7f53bc482@group-715EBF8096A7-LeaderElection276: PRE_VOTE REJECTED received 0 response(s) and 2 exception(s):
2025-09-19 20:46:01,714 [0df1231c-9f8a-4757-a7d0-f6d7f53bc482@group-715EBF8096A7-LeaderElection276] INFO  impl.LeaderElection (LogUtils.java:infoOrTrace(142)) -   Exception 0: java.util.concurrent.ExecutionException: org.apache.ratis.thirdparty.io.grpc.StatusRuntimeException: UNAVAILABLE: io exception
2025-09-19 20:46:01,714 [0df1231c-9f8a-4757-a7d0-f6d7f53bc482@group-715EBF8096A7-LeaderElection276] INFO  impl.LeaderElection (LogUtils.java:infoOrTrace(142)) -   Exception 1: java.util.concurrent.ExecutionException: org.apache.ratis.thirdparty.io.grpc.StatusRuntimeException: UNAVAILABLE: io exception
2025-09-19 20:46:01,714 [0df1231c-9f8a-4757-a7d0-f6d7f53bc482@group-715EBF8096A7-LeaderElection276] INFO  impl.LeaderElection (LeaderElection.java:askForVotes(450)) - 0df1231c-9f8a-4757-a7d0-f6d7f53bc482@group-715EBF8096A7-LeaderElection276 PRE_VOTE round 0: result REJECTED
2025-09-19 20:46:01,714 [0df1231c-9f8a-4757-a7d0-f6d7f53bc482@group-715EBF8096A7-LeaderElection276] INFO  server.RaftServer$Division (RaftServerImpl.java:setRole(392)) - 0df1231c-9f8a-4757-a7d0-f6d7f53bc482@group-715EBF8096A7: changes role from CANDIDATE to FOLLOWER at term 7 for REJECTED
2025-09-19 20:46:01,714 [0df1231c-9f8a-4757-a7d0-f6d7f53bc482@group-715EBF8096A7-LeaderElection276] INFO  impl.RoleInfo (RoleInfo.java:shutdownLeaderElection(141)) - 0df1231c-9f8a-4757-a7d0-f6d7f53bc482: shutdown 0df1231c-9f8a-4757-a7d0-f6d7f53bc482@group-715EBF8096A7-LeaderElection276
2025-09-19 20:46:01,714 [0df1231c-9f8a-4757-a7d0-f6d7f53bc482@group-715EBF8096A7-LeaderElection276] INFO  impl.RoleInfo (RoleInfo.java:updateAndGet(148)) - 0df1231c-9f8a-4757-a7d0-f6d7f53bc482: start 0df1231c-9f8a-4757-a7d0-f6d7f53bc482@group-715EBF8096A7-FollowerState
2025-09-19 20:46:02,735 [0df1231c-9f8a-4757-a7d0-f6d7f53bc482@group-715EBF8096A7-FollowerState] INFO  impl.FollowerState (FollowerState.java:runImpl(161)) - 0df1231c-9f8a-4757-a7d0-f6d7f53bc482@group-715EBF8096A7-FollowerState: change to CANDIDATE, lastRpcElapsedTime:1021271046ns, electionTimeout:1021ms
2025-09-19 20:46:02,735 [0df1231c-9f8a-4757-a7d0-f6d7f53bc482@group-715EBF8096A7-FollowerState] INFO  impl.RoleInfo (RoleInfo.java:shutdownFollowerState(121)) - 0df1231c-9f8a-4757-a7d0-f6d7f53bc482: shutdown 0df1231c-9f8a-4757-a7d0-f6d7f53bc482@group-715EBF8096A7-FollowerState
2025-09-19 20:46:02,735 [0df1231c-9f8a-4757-a7d0-f6d7f53bc482@group-715EBF8096A7-FollowerState] INFO  server.RaftServer$Division (RaftServerImpl.java:setRole(392)) - 0df1231c-9f8a-4757-a7d0-f6d7f53bc482@group-715EBF8096A7: changes role from  FOLLOWER to CANDIDATE at term 7 for changeToCandidate
2025-09-19 20:46:02,735 [0df1231c-9f8a-4757-a7d0-f6d7f53bc482@group-715EBF8096A7-FollowerState] INFO  impl.RoleInfo (RoleInfo.java:updateAndGet(148)) - 0df1231c-9f8a-4757-a7d0-f6d7f53bc482: start 0df1231c-9f8a-4757-a7d0-f6d7f53bc482@group-715EBF8096A7-LeaderElection277
2025-09-19 20:46:02,736 [0df1231c-9f8a-4757-a7d0-f6d7f53bc482@group-715EBF8096A7-LeaderElection277] INFO  impl.LeaderElection (LeaderElection.java:askForVotes(448)) - 0df1231c-9f8a-4757-a7d0-f6d7f53bc482@group-715EBF8096A7-LeaderElection277 PRE_VOTE round 0: submit vote requests at term 7 for conf: {index: 15, cur=peers:[b5a25cc1-46d3-4381-a194-bd68f4526f1c|127.0.0.1:15031, 0df1231c-9f8a-4757-a7d0-f6d7f53bc482|127.0.0.1:15023, 8eb9963e-bce0-4155-aea2-e442cadff8bd|127.0.0.1:15015]|listeners:[], old=null}
2025-09-19 20:46:02,736 [0df1231c-9f8a-4757-a7d0-f6d7f53bc482@group-715EBF8096A7-LeaderElection277] INFO  impl.LeaderElection (LogUtils.java:infoOrTrace(142)) - 0df1231c-9f8a-4757-a7d0-f6d7f53bc482@group-715EBF8096A7-LeaderElection277 got exception when requesting votes: java.util.concurrent.ExecutionException: org.apache.ratis.thirdparty.io.grpc.StatusRuntimeException: UNAVAILABLE: io exception
2025-09-19 20:46:02,736 [0df1231c-9f8a-4757-a7d0-f6d7f53bc482@group-715EBF8096A7-LeaderElection277] INFO  impl.LeaderElection (LogUtils.java:infoOrTrace(142)) - 0df1231c-9f8a-4757-a7d0-f6d7f53bc482@group-715EBF8096A7-LeaderElection277 got exception when requesting votes: java.util.concurrent.ExecutionException: org.apache.ratis.thirdparty.io.grpc.StatusRuntimeException: UNAVAILABLE: io exception
2025-09-19 20:46:02,736 [0df1231c-9f8a-4757-a7d0-f6d7f53bc482@group-715EBF8096A7-LeaderElection277] INFO  impl.LeaderElection (LeaderElection.java:logAndReturn(206)) - 0df1231c-9f8a-4757-a7d0-f6d7f53bc482@group-715EBF8096A7-LeaderElection277: PRE_VOTE REJECTED received 0 response(s) and 2 exception(s):
2025-09-19 20:46:02,736 [0df1231c-9f8a-4757-a7d0-f6d7f53bc482@group-715EBF8096A7-LeaderElection277] INFO  impl.LeaderElection (LogUtils.java:infoOrTrace(142)) -   Exception 0: java.util.concurrent.ExecutionException: org.apache.ratis.thirdparty.io.grpc.StatusRuntimeException: UNAVAILABLE: io exception
2025-09-19 20:46:02,736 [0df1231c-9f8a-4757-a7d0-f6d7f53bc482@group-715EBF8096A7-LeaderElection277] INFO  impl.LeaderElection (LogUtils.java:infoOrTrace(142)) -   Exception 1: java.util.concurrent.ExecutionException: org.apache.ratis.thirdparty.io.grpc.StatusRuntimeException: UNAVAILABLE: io exception
2025-09-19 20:46:02,736 [0df1231c-9f8a-4757-a7d0-f6d7f53bc482@group-715EBF8096A7-LeaderElection277] INFO  impl.LeaderElection (LeaderElection.java:askForVotes(450)) - 0df1231c-9f8a-4757-a7d0-f6d7f53bc482@group-715EBF8096A7-LeaderElection277 PRE_VOTE round 0: result REJECTED
2025-09-19 20:46:02,736 [0df1231c-9f8a-4757-a7d0-f6d7f53bc482@group-715EBF8096A7-LeaderElection277] INFO  server.RaftServer$Division (RaftServerImpl.java:setRole(392)) - 0df1231c-9f8a-4757-a7d0-f6d7f53bc482@group-715EBF8096A7: changes role from CANDIDATE to FOLLOWER at term 7 for REJECTED
2025-09-19 20:46:02,736 [0df1231c-9f8a-4757-a7d0-f6d7f53bc482@group-715EBF8096A7-LeaderElection277] INFO  impl.RoleInfo (RoleInfo.java:shutdownLeaderElection(141)) - 0df1231c-9f8a-4757-a7d0-f6d7f53bc482: shutdown 0df1231c-9f8a-4757-a7d0-f6d7f53bc482@group-715EBF8096A7-LeaderElection277
2025-09-19 20:46:02,736 [0df1231c-9f8a-4757-a7d0-f6d7f53bc482@group-715EBF8096A7-LeaderElection277] INFO  impl.RoleInfo (RoleInfo.java:updateAndGet(148)) - 0df1231c-9f8a-4757-a7d0-f6d7f53bc482: start 0df1231c-9f8a-4757-a7d0-f6d7f53bc482@group-715EBF8096A7-FollowerState
2025-09-19 20:46:02,805 [0df1231c-9f8a-4757-a7d0-f6d7f53bc482@group-A751954341BD-FollowerState] INFO  impl.FollowerState (FollowerState.java:runImpl(161)) - 0df1231c-9f8a-4757-a7d0-f6d7f53bc482@group-A751954341BD-FollowerState: change to CANDIDATE, lastRpcElapsedTime:1107317510ns, electionTimeout:1107ms
2025-09-19 20:46:02,805 [0df1231c-9f8a-4757-a7d0-f6d7f53bc482@group-A751954341BD-FollowerState] INFO  impl.RoleInfo (RoleInfo.java:shutdownFollowerState(121)) - 0df1231c-9f8a-4757-a7d0-f6d7f53bc482: shutdown 0df1231c-9f8a-4757-a7d0-f6d7f53bc482@group-A751954341BD-FollowerState
2025-09-19 20:46:02,805 [0df1231c-9f8a-4757-a7d0-f6d7f53bc482@group-A751954341BD-FollowerState] INFO  server.RaftServer$Division (RaftServerImpl.java:setRole(392)) - 0df1231c-9f8a-4757-a7d0-f6d7f53bc482@group-A751954341BD: changes role from  FOLLOWER to CANDIDATE at term 4 for changeToCandidate
2025-09-19 20:46:02,805 [0df1231c-9f8a-4757-a7d0-f6d7f53bc482@group-A751954341BD-FollowerState] INFO  impl.RoleInfo (RoleInfo.java:updateAndGet(148)) - 0df1231c-9f8a-4757-a7d0-f6d7f53bc482: start 0df1231c-9f8a-4757-a7d0-f6d7f53bc482@group-A751954341BD-LeaderElection278
2025-09-19 20:46:02,805 [0df1231c-9f8a-4757-a7d0-f6d7f53bc482@group-A751954341BD-LeaderElection278] INFO  impl.LeaderElection (LeaderElection.java:askForVotes(448)) - 0df1231c-9f8a-4757-a7d0-f6d7f53bc482@group-A751954341BD-LeaderElection278 PRE_VOTE round 0: submit vote requests at term 4 for conf: {index: 23, cur=peers:[b5a25cc1-46d3-4381-a194-bd68f4526f1c|127.0.0.1:15031, 0df1231c-9f8a-4757-a7d0-f6d7f53bc482|127.0.0.1:15023, 8eb9963e-bce0-4155-aea2-e442cadff8bd|127.0.0.1:15015]|listeners:[], old=null}
2025-09-19 20:46:02,805 [0df1231c-9f8a-4757-a7d0-f6d7f53bc482@group-A751954341BD-LeaderElection278] INFO  impl.LeaderElection (LogUtils.java:infoOrTrace(142)) - 0df1231c-9f8a-4757-a7d0-f6d7f53bc482@group-A751954341BD-LeaderElection278 got exception when requesting votes: java.util.concurrent.ExecutionException: org.apache.ratis.thirdparty.io.grpc.StatusRuntimeException: UNAVAILABLE: io exception
2025-09-19 20:46:02,806 [0df1231c-9f8a-4757-a7d0-f6d7f53bc482@group-A751954341BD-LeaderElection278] INFO  impl.LeaderElection (LogUtils.java:infoOrTrace(142)) - 0df1231c-9f8a-4757-a7d0-f6d7f53bc482@group-A751954341BD-LeaderElection278 got exception when requesting votes: java.util.concurrent.ExecutionException: org.apache.ratis.thirdparty.io.grpc.StatusRuntimeException: UNAVAILABLE: io exception
2025-09-19 20:46:02,806 [0df1231c-9f8a-4757-a7d0-f6d7f53bc482@group-A751954341BD-LeaderElection278] INFO  impl.LeaderElection (LeaderElection.java:logAndReturn(206)) - 0df1231c-9f8a-4757-a7d0-f6d7f53bc482@group-A751954341BD-LeaderElection278: PRE_VOTE REJECTED received 0 response(s) and 2 exception(s):
2025-09-19 20:46:02,806 [0df1231c-9f8a-4757-a7d0-f6d7f53bc482@group-A751954341BD-LeaderElection278] INFO  impl.LeaderElection (LogUtils.java:infoOrTrace(142)) -   Exception 0: java.util.concurrent.ExecutionException: org.apache.ratis.thirdparty.io.grpc.StatusRuntimeException: UNAVAILABLE: io exception
2025-09-19 20:46:02,806 [0df1231c-9f8a-4757-a7d0-f6d7f53bc482@group-A751954341BD-LeaderElection278] INFO  impl.LeaderElection (LogUtils.java:infoOrTrace(142)) -   Exception 1: java.util.concurrent.ExecutionException: org.apache.ratis.thirdparty.io.grpc.StatusRuntimeException: UNAVAILABLE: io exception
2025-09-19 20:46:02,806 [0df1231c-9f8a-4757-a7d0-f6d7f53bc482@group-A751954341BD-LeaderElection278] INFO  impl.LeaderElection (LeaderElection.java:askForVotes(450)) - 0df1231c-9f8a-4757-a7d0-f6d7f53bc482@group-A751954341BD-LeaderElection278 PRE_VOTE round 0: result REJECTED
2025-09-19 20:46:02,806 [0df1231c-9f8a-4757-a7d0-f6d7f53bc482@group-A751954341BD-LeaderElection278] INFO  server.RaftServer$Division (RaftServerImpl.java:setRole(392)) - 0df1231c-9f8a-4757-a7d0-f6d7f53bc482@group-A751954341BD: changes role from CANDIDATE to FOLLOWER at term 4 for REJECTED
2025-09-19 20:46:02,806 [0df1231c-9f8a-4757-a7d0-f6d7f53bc482@group-A751954341BD-LeaderElection278] INFO  impl.RoleInfo (RoleInfo.java:shutdownLeaderElection(141)) - 0df1231c-9f8a-4757-a7d0-f6d7f53bc482: shutdown 0df1231c-9f8a-4757-a7d0-f6d7f53bc482@group-A751954341BD-LeaderElection278
2025-09-19 20:46:02,806 [0df1231c-9f8a-4757-a7d0-f6d7f53bc482@group-A751954341BD-LeaderElection278] INFO  impl.RoleInfo (RoleInfo.java:updateAndGet(148)) - 0df1231c-9f8a-4757-a7d0-f6d7f53bc482: start 0df1231c-9f8a-4757-a7d0-f6d7f53bc482@group-A751954341BD-FollowerState
2025-09-19 20:46:03,760 [0df1231c-9f8a-4757-a7d0-f6d7f53bc482@group-715EBF8096A7-FollowerState] INFO  impl.FollowerState (FollowerState.java:runImpl(161)) - 0df1231c-9f8a-4757-a7d0-f6d7f53bc482@group-715EBF8096A7-FollowerState: change to CANDIDATE, lastRpcElapsedTime:1023259057ns, electionTimeout:1023ms
2025-09-19 20:46:03,760 [0df1231c-9f8a-4757-a7d0-f6d7f53bc482@group-715EBF8096A7-FollowerState] INFO  impl.RoleInfo (RoleInfo.java:shutdownFollowerState(121)) - 0df1231c-9f8a-4757-a7d0-f6d7f53bc482: shutdown 0df1231c-9f8a-4757-a7d0-f6d7f53bc482@group-715EBF8096A7-FollowerState
2025-09-19 20:46:03,760 [0df1231c-9f8a-4757-a7d0-f6d7f53bc482@group-715EBF8096A7-FollowerState] INFO  server.RaftServer$Division (RaftServerImpl.java:setRole(392)) - 0df1231c-9f8a-4757-a7d0-f6d7f53bc482@group-715EBF8096A7: changes role from  FOLLOWER to CANDIDATE at term 7 for changeToCandidate
2025-09-19 20:46:03,760 [0df1231c-9f8a-4757-a7d0-f6d7f53bc482@group-715EBF8096A7-FollowerState] INFO  impl.RoleInfo (RoleInfo.java:updateAndGet(148)) - 0df1231c-9f8a-4757-a7d0-f6d7f53bc482: start 0df1231c-9f8a-4757-a7d0-f6d7f53bc482@group-715EBF8096A7-LeaderElection279
2025-09-19 20:46:03,760 [0df1231c-9f8a-4757-a7d0-f6d7f53bc482@group-715EBF8096A7-LeaderElection279] INFO  impl.LeaderElection (LeaderElection.java:askForVotes(448)) - 0df1231c-9f8a-4757-a7d0-f6d7f53bc482@group-715EBF8096A7-LeaderElection279 PRE_VOTE round 0: submit vote requests at term 7 for conf: {index: 15, cur=peers:[b5a25cc1-46d3-4381-a194-bd68f4526f1c|127.0.0.1:15031, 0df1231c-9f8a-4757-a7d0-f6d7f53bc482|127.0.0.1:15023, 8eb9963e-bce0-4155-aea2-e442cadff8bd|127.0.0.1:15015]|listeners:[], old=null}
2025-09-19 20:46:03,760 [0df1231c-9f8a-4757-a7d0-f6d7f53bc482@group-715EBF8096A7-LeaderElection279] INFO  impl.LeaderElection (LogUtils.java:infoOrTrace(142)) - 0df1231c-9f8a-4757-a7d0-f6d7f53bc482@group-715EBF8096A7-LeaderElection279 got exception when requesting votes: java.util.concurrent.ExecutionException: org.apache.ratis.thirdparty.io.grpc.StatusRuntimeException: UNAVAILABLE: io exception
2025-09-19 20:46:03,760 [0df1231c-9f8a-4757-a7d0-f6d7f53bc482@group-715EBF8096A7-LeaderElection279] INFO  impl.LeaderElection (LogUtils.java:infoOrTrace(142)) - 0df1231c-9f8a-4757-a7d0-f6d7f53bc482@group-715EBF8096A7-LeaderElection279 got exception when requesting votes: java.util.concurrent.ExecutionException: org.apache.ratis.thirdparty.io.grpc.StatusRuntimeException: UNAVAILABLE: io exception
2025-09-19 20:46:03,761 [0df1231c-9f8a-4757-a7d0-f6d7f53bc482@group-715EBF8096A7-LeaderElection279] INFO  impl.LeaderElection (LeaderElection.java:logAndReturn(206)) - 0df1231c-9f8a-4757-a7d0-f6d7f53bc482@group-715EBF8096A7-LeaderElection279: PRE_VOTE REJECTED received 0 response(s) and 2 exception(s):
2025-09-19 20:46:03,761 [0df1231c-9f8a-4757-a7d0-f6d7f53bc482@group-715EBF8096A7-LeaderElection279] INFO  impl.LeaderElection (LogUtils.java:infoOrTrace(142)) -   Exception 0: java.util.concurrent.ExecutionException: org.apache.ratis.thirdparty.io.grpc.StatusRuntimeException: UNAVAILABLE: io exception
2025-09-19 20:46:03,761 [0df1231c-9f8a-4757-a7d0-f6d7f53bc482@group-715EBF8096A7-LeaderElection279] INFO  impl.LeaderElection (LogUtils.java:infoOrTrace(142)) -   Exception 1: java.util.concurrent.ExecutionException: org.apache.ratis.thirdparty.io.grpc.StatusRuntimeException: UNAVAILABLE: io exception
2025-09-19 20:46:03,761 [0df1231c-9f8a-4757-a7d0-f6d7f53bc482@group-715EBF8096A7-LeaderElection279] INFO  impl.LeaderElection (LeaderElection.java:askForVotes(450)) - 0df1231c-9f8a-4757-a7d0-f6d7f53bc482@group-715EBF8096A7-LeaderElection279 PRE_VOTE round 0: result REJECTED
2025-09-19 20:46:03,761 [0df1231c-9f8a-4757-a7d0-f6d7f53bc482@group-715EBF8096A7-LeaderElection279] INFO  server.RaftServer$Division (RaftServerImpl.java:setRole(392)) - 0df1231c-9f8a-4757-a7d0-f6d7f53bc482@group-715EBF8096A7: changes role from CANDIDATE to FOLLOWER at term 7 for REJECTED
2025-09-19 20:46:03,761 [0df1231c-9f8a-4757-a7d0-f6d7f53bc482@group-715EBF8096A7-LeaderElection279] INFO  impl.RoleInfo (RoleInfo.java:shutdownLeaderElection(141)) - 0df1231c-9f8a-4757-a7d0-f6d7f53bc482: shutdown 0df1231c-9f8a-4757-a7d0-f6d7f53bc482@group-715EBF8096A7-LeaderElection279
2025-09-19 20:46:03,761 [0df1231c-9f8a-4757-a7d0-f6d7f53bc482@group-715EBF8096A7-LeaderElection279] INFO  impl.RoleInfo (RoleInfo.java:updateAndGet(148)) - 0df1231c-9f8a-4757-a7d0-f6d7f53bc482: start 0df1231c-9f8a-4757-a7d0-f6d7f53bc482@group-715EBF8096A7-FollowerState
2025-09-19 20:46:03,995 [0df1231c-9f8a-4757-a7d0-f6d7f53bc482@group-A751954341BD-FollowerState] INFO  impl.FollowerState (FollowerState.java:runImpl(161)) - 0df1231c-9f8a-4757-a7d0-f6d7f53bc482@group-A751954341BD-FollowerState: change to CANDIDATE, lastRpcElapsedTime:1189270471ns, electionTimeout:1189ms
2025-09-19 20:46:03,995 [0df1231c-9f8a-4757-a7d0-f6d7f53bc482@group-A751954341BD-FollowerState] INFO  impl.RoleInfo (RoleInfo.java:shutdownFollowerState(121)) - 0df1231c-9f8a-4757-a7d0-f6d7f53bc482: shutdown 0df1231c-9f8a-4757-a7d0-f6d7f53bc482@group-A751954341BD-FollowerState
2025-09-19 20:46:03,995 [0df1231c-9f8a-4757-a7d0-f6d7f53bc482@group-A751954341BD-FollowerState] INFO  server.RaftServer$Division (RaftServerImpl.java:setRole(392)) - 0df1231c-9f8a-4757-a7d0-f6d7f53bc482@group-A751954341BD: changes role from  FOLLOWER to CANDIDATE at term 4 for changeToCandidate
2025-09-19 20:46:03,995 [0df1231c-9f8a-4757-a7d0-f6d7f53bc482@group-A751954341BD-FollowerState] INFO  impl.RoleInfo (RoleInfo.java:updateAndGet(148)) - 0df1231c-9f8a-4757-a7d0-f6d7f53bc482: start 0df1231c-9f8a-4757-a7d0-f6d7f53bc482@group-A751954341BD-LeaderElection280
2025-09-19 20:46:03,996 [0df1231c-9f8a-4757-a7d0-f6d7f53bc482@group-A751954341BD-LeaderElection280] INFO  impl.LeaderElection (LeaderElection.java:askForVotes(448)) - 0df1231c-9f8a-4757-a7d0-f6d7f53bc482@group-A751954341BD-LeaderElection280 PRE_VOTE round 0: submit vote requests at term 4 for conf: {index: 23, cur=peers:[b5a25cc1-46d3-4381-a194-bd68f4526f1c|127.0.0.1:15031, 0df1231c-9f8a-4757-a7d0-f6d7f53bc482|127.0.0.1:15023, 8eb9963e-bce0-4155-aea2-e442cadff8bd|127.0.0.1:15015]|listeners:[], old=null}
2025-09-19 20:46:03,996 [0df1231c-9f8a-4757-a7d0-f6d7f53bc482@group-A751954341BD-LeaderElection280] INFO  impl.LeaderElection (LogUtils.java:infoOrTrace(142)) - 0df1231c-9f8a-4757-a7d0-f6d7f53bc482@group-A751954341BD-LeaderElection280 got exception when requesting votes: java.util.concurrent.ExecutionException: org.apache.ratis.thirdparty.io.grpc.StatusRuntimeException: UNAVAILABLE: io exception
2025-09-19 20:46:03,996 [0df1231c-9f8a-4757-a7d0-f6d7f53bc482@group-A751954341BD-LeaderElection280] INFO  impl.LeaderElection (LogUtils.java:infoOrTrace(142)) - 0df1231c-9f8a-4757-a7d0-f6d7f53bc482@group-A751954341BD-LeaderElection280 got exception when requesting votes: java.util.concurrent.ExecutionException: org.apache.ratis.thirdparty.io.grpc.StatusRuntimeException: UNAVAILABLE: io exception
2025-09-19 20:46:03,996 [0df1231c-9f8a-4757-a7d0-f6d7f53bc482@group-A751954341BD-LeaderElection280] INFO  impl.LeaderElection (LeaderElection.java:logAndReturn(206)) - 0df1231c-9f8a-4757-a7d0-f6d7f53bc482@group-A751954341BD-LeaderElection280: PRE_VOTE REJECTED received 0 response(s) and 2 exception(s):
2025-09-19 20:46:03,996 [0df1231c-9f8a-4757-a7d0-f6d7f53bc482@group-A751954341BD-LeaderElection280] INFO  impl.LeaderElection (LogUtils.java:infoOrTrace(142)) -   Exception 0: java.util.concurrent.ExecutionException: org.apache.ratis.thirdparty.io.grpc.StatusRuntimeException: UNAVAILABLE: io exception
2025-09-19 20:46:03,996 [0df1231c-9f8a-4757-a7d0-f6d7f53bc482@group-A751954341BD-LeaderElection280] INFO  impl.LeaderElection (LogUtils.java:infoOrTrace(142)) -   Exception 1: java.util.concurrent.ExecutionException: org.apache.ratis.thirdparty.io.grpc.StatusRuntimeException: UNAVAILABLE: io exception
2025-09-19 20:46:03,996 [0df1231c-9f8a-4757-a7d0-f6d7f53bc482@group-A751954341BD-LeaderElection280] INFO  impl.LeaderElection (LeaderElection.java:askForVotes(450)) - 0df1231c-9f8a-4757-a7d0-f6d7f53bc482@group-A751954341BD-LeaderElection280 PRE_VOTE round 0: result REJECTED
2025-09-19 20:46:03,996 [0df1231c-9f8a-4757-a7d0-f6d7f53bc482@group-A751954341BD-LeaderElection280] INFO  server.RaftServer$Division (RaftServerImpl.java:setRole(392)) - 0df1231c-9f8a-4757-a7d0-f6d7f53bc482@group-A751954341BD: changes role from CANDIDATE to FOLLOWER at term 4 for REJECTED
2025-09-19 20:46:03,996 [0df1231c-9f8a-4757-a7d0-f6d7f53bc482@group-A751954341BD-LeaderElection280] INFO  impl.RoleInfo (RoleInfo.java:shutdownLeaderElection(141)) - 0df1231c-9f8a-4757-a7d0-f6d7f53bc482: shutdown 0df1231c-9f8a-4757-a7d0-f6d7f53bc482@group-A751954341BD-LeaderElection280
2025-09-19 20:46:03,997 [0df1231c-9f8a-4757-a7d0-f6d7f53bc482@group-A751954341BD-LeaderElection280] INFO  impl.RoleInfo (RoleInfo.java:updateAndGet(148)) - 0df1231c-9f8a-4757-a7d0-f6d7f53bc482: start 0df1231c-9f8a-4757-a7d0-f6d7f53bc482@group-A751954341BD-FollowerState
2025-09-19 20:46:04,946 [0df1231c-9f8a-4757-a7d0-f6d7f53bc482@group-715EBF8096A7-FollowerState] INFO  impl.FollowerState (FollowerState.java:runImpl(161)) - 0df1231c-9f8a-4757-a7d0-f6d7f53bc482@group-715EBF8096A7-FollowerState: change to CANDIDATE, lastRpcElapsedTime:1185268886ns, electionTimeout:1185ms
2025-09-19 20:46:04,946 [0df1231c-9f8a-4757-a7d0-f6d7f53bc482@group-715EBF8096A7-FollowerState] INFO  impl.RoleInfo (RoleInfo.java:shutdownFollowerState(121)) - 0df1231c-9f8a-4757-a7d0-f6d7f53bc482: shutdown 0df1231c-9f8a-4757-a7d0-f6d7f53bc482@group-715EBF8096A7-FollowerState
2025-09-19 20:46:04,946 [0df1231c-9f8a-4757-a7d0-f6d7f53bc482@group-715EBF8096A7-FollowerState] INFO  server.RaftServer$Division (RaftServerImpl.java:setRole(392)) - 0df1231c-9f8a-4757-a7d0-f6d7f53bc482@group-715EBF8096A7: changes role from  FOLLOWER to CANDIDATE at term 7 for changeToCandidate
2025-09-19 20:46:04,946 [0df1231c-9f8a-4757-a7d0-f6d7f53bc482@group-715EBF8096A7-FollowerState] INFO  impl.RoleInfo (RoleInfo.java:updateAndGet(148)) - 0df1231c-9f8a-4757-a7d0-f6d7f53bc482: start 0df1231c-9f8a-4757-a7d0-f6d7f53bc482@group-715EBF8096A7-LeaderElection281
2025-09-19 20:46:04,947 [0df1231c-9f8a-4757-a7d0-f6d7f53bc482@group-715EBF8096A7-LeaderElection281] INFO  impl.LeaderElection (LeaderElection.java:askForVotes(448)) - 0df1231c-9f8a-4757-a7d0-f6d7f53bc482@group-715EBF8096A7-LeaderElection281 PRE_VOTE round 0: submit vote requests at term 7 for conf: {index: 15, cur=peers:[b5a25cc1-46d3-4381-a194-bd68f4526f1c|127.0.0.1:15031, 0df1231c-9f8a-4757-a7d0-f6d7f53bc482|127.0.0.1:15023, 8eb9963e-bce0-4155-aea2-e442cadff8bd|127.0.0.1:15015]|listeners:[], old=null}
2025-09-19 20:46:04,947 [0df1231c-9f8a-4757-a7d0-f6d7f53bc482@group-715EBF8096A7-LeaderElection281] INFO  impl.LeaderElection (LogUtils.java:infoOrTrace(142)) - 0df1231c-9f8a-4757-a7d0-f6d7f53bc482@group-715EBF8096A7-LeaderElection281 got exception when requesting votes: java.util.concurrent.ExecutionException: org.apache.ratis.thirdparty.io.grpc.StatusRuntimeException: UNAVAILABLE: io exception
2025-09-19 20:46:04,947 [0df1231c-9f8a-4757-a7d0-f6d7f53bc482@group-715EBF8096A7-LeaderElection281] INFO  impl.LeaderElection (LogUtils.java:infoOrTrace(142)) - 0df1231c-9f8a-4757-a7d0-f6d7f53bc482@group-715EBF8096A7-LeaderElection281 got exception when requesting votes: java.util.concurrent.ExecutionException: org.apache.ratis.thirdparty.io.grpc.StatusRuntimeException: UNAVAILABLE: io exception
2025-09-19 20:46:04,947 [0df1231c-9f8a-4757-a7d0-f6d7f53bc482@group-715EBF8096A7-LeaderElection281] INFO  impl.LeaderElection (LeaderElection.java:logAndReturn(206)) - 0df1231c-9f8a-4757-a7d0-f6d7f53bc482@group-715EBF8096A7-LeaderElection281: PRE_VOTE REJECTED received 0 response(s) and 2 exception(s):
2025-09-19 20:46:04,947 [0df1231c-9f8a-4757-a7d0-f6d7f53bc482@group-715EBF8096A7-LeaderElection281] INFO  impl.LeaderElection (LogUtils.java:infoOrTrace(142)) -   Exception 0: java.util.concurrent.ExecutionException: org.apache.ratis.thirdparty.io.grpc.StatusRuntimeException: UNAVAILABLE: io exception
2025-09-19 20:46:04,947 [0df1231c-9f8a-4757-a7d0-f6d7f53bc482@group-715EBF8096A7-LeaderElection281] INFO  impl.LeaderElection (LogUtils.java:infoOrTrace(142)) -   Exception 1: java.util.concurrent.ExecutionException: org.apache.ratis.thirdparty.io.grpc.StatusRuntimeException: UNAVAILABLE: io exception
2025-09-19 20:46:04,947 [0df1231c-9f8a-4757-a7d0-f6d7f53bc482@group-715EBF8096A7-LeaderElection281] INFO  impl.LeaderElection (LeaderElection.java:askForVotes(450)) - 0df1231c-9f8a-4757-a7d0-f6d7f53bc482@group-715EBF8096A7-LeaderElection281 PRE_VOTE round 0: result REJECTED
2025-09-19 20:46:04,947 [0df1231c-9f8a-4757-a7d0-f6d7f53bc482@group-715EBF8096A7-LeaderElection281] INFO  server.RaftServer$Division (RaftServerImpl.java:setRole(392)) - 0df1231c-9f8a-4757-a7d0-f6d7f53bc482@group-715EBF8096A7: changes role from CANDIDATE to FOLLOWER at term 7 for REJECTED
2025-09-19 20:46:04,947 [0df1231c-9f8a-4757-a7d0-f6d7f53bc482@group-715EBF8096A7-LeaderElection281] INFO  impl.RoleInfo (RoleInfo.java:shutdownLeaderElection(141)) - 0df1231c-9f8a-4757-a7d0-f6d7f53bc482: shutdown 0df1231c-9f8a-4757-a7d0-f6d7f53bc482@group-715EBF8096A7-LeaderElection281
2025-09-19 20:46:04,947 [0df1231c-9f8a-4757-a7d0-f6d7f53bc482@group-715EBF8096A7-LeaderElection281] INFO  impl.RoleInfo (RoleInfo.java:updateAndGet(148)) - 0df1231c-9f8a-4757-a7d0-f6d7f53bc482: start 0df1231c-9f8a-4757-a7d0-f6d7f53bc482@group-715EBF8096A7-FollowerState
2025-09-19 20:46:05,156 [0df1231c-9f8a-4757-a7d0-f6d7f53bc482@group-A751954341BD-FollowerState] INFO  impl.FollowerState (FollowerState.java:runImpl(161)) - 0df1231c-9f8a-4757-a7d0-f6d7f53bc482@group-A751954341BD-FollowerState: change to CANDIDATE, lastRpcElapsedTime:1159283532ns, electionTimeout:1159ms
2025-09-19 20:46:05,156 [0df1231c-9f8a-4757-a7d0-f6d7f53bc482@group-A751954341BD-FollowerState] INFO  impl.RoleInfo (RoleInfo.java:shutdownFollowerState(121)) - 0df1231c-9f8a-4757-a7d0-f6d7f53bc482: shutdown 0df1231c-9f8a-4757-a7d0-f6d7f53bc482@group-A751954341BD-FollowerState
2025-09-19 20:46:05,156 [0df1231c-9f8a-4757-a7d0-f6d7f53bc482@group-A751954341BD-FollowerState] INFO  server.RaftServer$Division (RaftServerImpl.java:setRole(392)) - 0df1231c-9f8a-4757-a7d0-f6d7f53bc482@group-A751954341BD: changes role from  FOLLOWER to CANDIDATE at term 4 for changeToCandidate
2025-09-19 20:46:05,156 [0df1231c-9f8a-4757-a7d0-f6d7f53bc482@group-A751954341BD-FollowerState] INFO  impl.RoleInfo (RoleInfo.java:updateAndGet(148)) - 0df1231c-9f8a-4757-a7d0-f6d7f53bc482: start 0df1231c-9f8a-4757-a7d0-f6d7f53bc482@group-A751954341BD-LeaderElection282
2025-09-19 20:46:05,157 [0df1231c-9f8a-4757-a7d0-f6d7f53bc482@group-A751954341BD-LeaderElection282] INFO  impl.LeaderElection (LeaderElection.java:askForVotes(448)) - 0df1231c-9f8a-4757-a7d0-f6d7f53bc482@group-A751954341BD-LeaderElection282 PRE_VOTE round 0: submit vote requests at term 4 for conf: {index: 23, cur=peers:[b5a25cc1-46d3-4381-a194-bd68f4526f1c|127.0.0.1:15031, 0df1231c-9f8a-4757-a7d0-f6d7f53bc482|127.0.0.1:15023, 8eb9963e-bce0-4155-aea2-e442cadff8bd|127.0.0.1:15015]|listeners:[], old=null}
2025-09-19 20:46:05,157 [0df1231c-9f8a-4757-a7d0-f6d7f53bc482@group-A751954341BD-LeaderElection282] INFO  impl.LeaderElection (LogUtils.java:infoOrTrace(142)) - 0df1231c-9f8a-4757-a7d0-f6d7f53bc482@group-A751954341BD-LeaderElection282 got exception when requesting votes: java.util.concurrent.ExecutionException: org.apache.ratis.thirdparty.io.grpc.StatusRuntimeException: UNAVAILABLE: io exception
2025-09-19 20:46:05,157 [0df1231c-9f8a-4757-a7d0-f6d7f53bc482@group-A751954341BD-LeaderElection282] INFO  impl.LeaderElection (LogUtils.java:infoOrTrace(142)) - 0df1231c-9f8a-4757-a7d0-f6d7f53bc482@group-A751954341BD-LeaderElection282 got exception when requesting votes: java.util.concurrent.ExecutionException: org.apache.ratis.thirdparty.io.grpc.StatusRuntimeException: UNAVAILABLE: io exception
2025-09-19 20:46:05,157 [0df1231c-9f8a-4757-a7d0-f6d7f53bc482@group-A751954341BD-LeaderElection282] INFO  impl.LeaderElection (LeaderElection.java:logAndReturn(206)) - 0df1231c-9f8a-4757-a7d0-f6d7f53bc482@group-A751954341BD-LeaderElection282: PRE_VOTE REJECTED received 0 response(s) and 2 exception(s):
2025-09-19 20:46:05,157 [0df1231c-9f8a-4757-a7d0-f6d7f53bc482@group-A751954341BD-LeaderElection282] INFO  impl.LeaderElection (LogUtils.java:infoOrTrace(142)) -   Exception 0: java.util.concurrent.ExecutionException: org.apache.ratis.thirdparty.io.grpc.StatusRuntimeException: UNAVAILABLE: io exception
2025-09-19 20:46:05,157 [0df1231c-9f8a-4757-a7d0-f6d7f53bc482@group-A751954341BD-LeaderElection282] INFO  impl.LeaderElection (LogUtils.java:infoOrTrace(142)) -   Exception 1: java.util.concurrent.ExecutionException: org.apache.ratis.thirdparty.io.grpc.StatusRuntimeException: UNAVAILABLE: io exception
2025-09-19 20:46:05,157 [0df1231c-9f8a-4757-a7d0-f6d7f53bc482@group-A751954341BD-LeaderElection282] INFO  impl.LeaderElection (LeaderElection.java:askForVotes(450)) - 0df1231c-9f8a-4757-a7d0-f6d7f53bc482@group-A751954341BD-LeaderElection282 PRE_VOTE round 0: result REJECTED
2025-09-19 20:46:05,157 [0df1231c-9f8a-4757-a7d0-f6d7f53bc482@group-A751954341BD-LeaderElection282] INFO  server.RaftServer$Division (RaftServerImpl.java:setRole(392)) - 0df1231c-9f8a-4757-a7d0-f6d7f53bc482@group-A751954341BD: changes role from CANDIDATE to FOLLOWER at term 4 for REJECTED
2025-09-19 20:46:05,157 [0df1231c-9f8a-4757-a7d0-f6d7f53bc482@group-A751954341BD-LeaderElection282] INFO  impl.RoleInfo (RoleInfo.java:shutdownLeaderElection(141)) - 0df1231c-9f8a-4757-a7d0-f6d7f53bc482: shutdown 0df1231c-9f8a-4757-a7d0-f6d7f53bc482@group-A751954341BD-LeaderElection282
2025-09-19 20:46:05,157 [0df1231c-9f8a-4757-a7d0-f6d7f53bc482@group-A751954341BD-LeaderElection282] INFO  impl.RoleInfo (RoleInfo.java:updateAndGet(148)) - 0df1231c-9f8a-4757-a7d0-f6d7f53bc482: start 0df1231c-9f8a-4757-a7d0-f6d7f53bc482@group-A751954341BD-FollowerState
2025-09-19 20:46:05,601 [grpc-default-executor-2] ERROR impl.OrderedAsync (OrderedAsync.java:lambda$null$6(215)) -  client-387E2729942B: Failed* RaftClientRequest:client-387E2729942B->b5a25cc1-46d3-4381-a194-bd68f4526f1c@group-A751954341BD, cid=54, seq=6*, RW, cmdType: WriteChunk
traceID: ""
containerID: 2
datanodeUuid: "8eb9963e-bce0-4155-aea2-e442cadff8bd"
writeChunk {
  blockID {
    containerID: 2
    localID: 115816896921600008
    blockCommitSequenceId: 20
    replicaIndex: 0
  }
  chunkData {
    chunkName: "115816896921600008_chunk_3"
    offset: 2097152
    len: 524288
    checksumData {
      type: CRC32
      bytesPerChecksum: 16384
      checksums: "\326\360U\321"
      checksums: "\326\360U\321"
      checksums: "\326\360U\321"
      checksums: "\326\360U\321"
      checksums: "\326\360U\321"
      checksums: "\326\360U\321"
      checksums: "\326\360U\321"
      checksums: "\326\360U\321"
      checksums: "\326\360U\321"
      checksums: "\326\360U\321"
      checksums: "\326\360U\321"
      checksums: "\326\360U\321"
      checksums: "\326\360U\321"
      checksums: "\326\360U\321"
      checksums: "\326\360U\321"
      checksums: "\326\360U\321"
      checksums: "\326\360U\321"
      checksums: "\326\360U\321"
      checksums: "\326\360U\321"
      checksums: "\326\360U\321"
      checksums: "\326\360U\321"
      checksums: "\326\360U\321"
      checksums: "\326\360U\321"
      checksums: "\326\360U\321"
      checksums: "\326\360U\321"
      checksums: "\326\360U\321"
      checksums: "\326\360U\321"
      checksums: "\326\360U\321"
      checksums: "\326\360U\321"
      checksums: "\326\360U\321"
      checksums: "\326\360U\321"
      checksums: "H$\374\021"
    }
  }
}
version: 3
, data.size=524288
java.util.concurrent.CompletionException: java.io.IOException: org.apache.ratis.thirdparty.io.grpc.StatusRuntimeException: UNAVAILABLE: io exception
	at java.base/java.util.concurrent.CompletableFuture.encodeThrowable(CompletableFuture.java:332)
	at java.base/java.util.concurrent.CompletableFuture.completeThrowable(CompletableFuture.java:347)
	at java.base/java.util.concurrent.CompletableFuture$UniAccept.tryFire(CompletableFuture.java:708)
	at java.base/java.util.concurrent.CompletableFuture.postComplete(CompletableFuture.java:510)
	at java.base/java.util.concurrent.CompletableFuture.completeExceptionally(CompletableFuture.java:2194)
	at org.apache.ratis.grpc.client.GrpcClientProtocolClient$AsyncStreamObservers.completeReplyExceptionally(GrpcClientProtocolClient.java:397)
	at org.apache.ratis.grpc.client.GrpcClientProtocolClient$AsyncStreamObservers.access$000(GrpcClientProtocolClient.java:303)
	at org.apache.ratis.grpc.client.GrpcClientProtocolClient$AsyncStreamObservers$1.onError(GrpcClientProtocolClient.java:334)
	at org.apache.ratis.thirdparty.io.grpc.stub.ClientCalls$StreamObserverToCallListenerAdapter.onClose(ClientCalls.java:564)
	at org.apache.ratis.thirdparty.io.grpc.PartialForwardingClientCallListener.onClose(PartialForwardingClientCallListener.java:39)
	at org.apache.ratis.thirdparty.io.grpc.ForwardingClientCallListener.onClose(ForwardingClientCallListener.java:23)
	at org.apache.ratis.grpc.metrics.intercept.client.MetricClientCallListener.onClose(MetricClientCallListener.java:47)
	at org.apache.ratis.thirdparty.io.grpc.internal.ClientCallImpl.closeObserver(ClientCallImpl.java:565)
	at org.apache.ratis.thirdparty.io.grpc.internal.ClientCallImpl.access$100(ClientCallImpl.java:72)
	at org.apache.ratis.thirdparty.io.grpc.internal.ClientCallImpl$ClientStreamListenerImpl$1StreamClosed.runInternal(ClientCallImpl.java:733)
	at org.apache.ratis.thirdparty.io.grpc.internal.ClientCallImpl$ClientStreamListenerImpl$1StreamClosed.runInContext(ClientCallImpl.java:714)
	at org.apache.ratis.thirdparty.io.grpc.internal.ContextRunnable.run(ContextRunnable.java:37)
	at org.apache.ratis.thirdparty.io.grpc.internal.SerializingExecutor.run(SerializingExecutor.java:133)
	at java.base/java.util.concurrent.ThreadPoolExecutor.runWorker(ThreadPoolExecutor.java:1144)
	at java.base/java.util.concurrent.ThreadPoolExecutor$Worker.run(ThreadPoolExecutor.java:642)
	at java.base/java.lang.Thread.run(Thread.java:1583)
Caused by: java.io.IOException: org.apache.ratis.thirdparty.io.grpc.StatusRuntimeException: UNAVAILABLE: io exception
	at org.apache.ratis.grpc.GrpcUtil.unwrapException(GrpcUtil.java:99)
	at org.apache.ratis.grpc.GrpcUtil.unwrapIOException(GrpcUtil.java:159)
	at org.apache.ratis.grpc.client.GrpcClientProtocolClient$AsyncStreamObservers$1.onError(GrpcClientProtocolClient.java:333)
	... 13 more
Caused by: org.apache.ratis.thirdparty.io.grpc.StatusRuntimeException: UNAVAILABLE: io exception
	at org.apache.ratis.thirdparty.io.grpc.Status.asRuntimeException(Status.java:532)
	... 13 more
Caused by: org.apache.ratis.thirdparty.io.netty.channel.AbstractChannel$AnnotatedConnectException: finishConnect(..) failed: Connection refused: /127.0.0.1:15029
Caused by: java.net.ConnectException: finishConnect(..) failed: Connection refused
	at org.apache.ratis.thirdparty.io.netty.channel.unix.Errors.newConnectException0(Errors.java:166)
	at org.apache.ratis.thirdparty.io.netty.channel.unix.Errors.handleConnectErrno(Errors.java:131)
	at org.apache.ratis.thirdparty.io.netty.channel.unix.Socket.finishConnect(Socket.java:359)
	at org.apache.ratis.thirdparty.io.netty.channel.epoll.AbstractEpollChannel$AbstractEpollUnsafe.doFinishConnect(AbstractEpollChannel.java:715)
	at org.apache.ratis.thirdparty.io.netty.channel.epoll.AbstractEpollChannel$AbstractEpollUnsafe.finishConnect(AbstractEpollChannel.java:692)
	at org.apache.ratis.thirdparty.io.netty.channel.epoll.AbstractEpollChannel$AbstractEpollUnsafe.epollOutReady(AbstractEpollChannel.java:567)
	at org.apache.ratis.thirdparty.io.netty.channel.epoll.EpollEventLoop.processReady(EpollEventLoop.java:491)
	at org.apache.ratis.thirdparty.io.netty.channel.epoll.EpollEventLoop.run(EpollEventLoop.java:399)
	at org.apache.ratis.thirdparty.io.netty.util.concurrent.SingleThreadEventExecutor$4.run(SingleThreadEventExecutor.java:998)
	at org.apache.ratis.thirdparty.io.netty.util.internal.ThreadExecutorMap$2.run(ThreadExecutorMap.java:74)
	at org.apache.ratis.thirdparty.io.netty.util.concurrent.FastThreadLocalRunnable.run(FastThreadLocalRunnable.java:30)
	at java.base/java.lang.Thread.run(Thread.java:1583)
2025-09-19 20:46:06,004 [0df1231c-9f8a-4757-a7d0-f6d7f53bc482@group-715EBF8096A7-FollowerState] INFO  impl.FollowerState (FollowerState.java:runImpl(161)) - 0df1231c-9f8a-4757-a7d0-f6d7f53bc482@group-715EBF8096A7-FollowerState: change to CANDIDATE, lastRpcElapsedTime:1056285565ns, electionTimeout:1056ms
2025-09-19 20:46:06,004 [0df1231c-9f8a-4757-a7d0-f6d7f53bc482@group-715EBF8096A7-FollowerState] INFO  impl.RoleInfo (RoleInfo.java:shutdownFollowerState(121)) - 0df1231c-9f8a-4757-a7d0-f6d7f53bc482: shutdown 0df1231c-9f8a-4757-a7d0-f6d7f53bc482@group-715EBF8096A7-FollowerState
2025-09-19 20:46:06,004 [0df1231c-9f8a-4757-a7d0-f6d7f53bc482@group-715EBF8096A7-FollowerState] INFO  server.RaftServer$Division (RaftServerImpl.java:setRole(392)) - 0df1231c-9f8a-4757-a7d0-f6d7f53bc482@group-715EBF8096A7: changes role from  FOLLOWER to CANDIDATE at term 7 for changeToCandidate
2025-09-19 20:46:06,004 [0df1231c-9f8a-4757-a7d0-f6d7f53bc482@group-715EBF8096A7-FollowerState] INFO  impl.RoleInfo (RoleInfo.java:updateAndGet(148)) - 0df1231c-9f8a-4757-a7d0-f6d7f53bc482: start 0df1231c-9f8a-4757-a7d0-f6d7f53bc482@group-715EBF8096A7-LeaderElection283
2025-09-19 20:46:06,004 [0df1231c-9f8a-4757-a7d0-f6d7f53bc482@group-715EBF8096A7-LeaderElection283] INFO  impl.LeaderElection (LeaderElection.java:askForVotes(448)) - 0df1231c-9f8a-4757-a7d0-f6d7f53bc482@group-715EBF8096A7-LeaderElection283 PRE_VOTE round 0: submit vote requests at term 7 for conf: {index: 15, cur=peers:[b5a25cc1-46d3-4381-a194-bd68f4526f1c|127.0.0.1:15031, 0df1231c-9f8a-4757-a7d0-f6d7f53bc482|127.0.0.1:15023, 8eb9963e-bce0-4155-aea2-e442cadff8bd|127.0.0.1:15015]|listeners:[], old=null}
2025-09-19 20:46:06,005 [0df1231c-9f8a-4757-a7d0-f6d7f53bc482@group-715EBF8096A7-LeaderElection283] INFO  impl.LeaderElection (LogUtils.java:infoOrTrace(142)) - 0df1231c-9f8a-4757-a7d0-f6d7f53bc482@group-715EBF8096A7-LeaderElection283 got exception when requesting votes: java.util.concurrent.ExecutionException: org.apache.ratis.thirdparty.io.grpc.StatusRuntimeException: UNAVAILABLE: io exception
2025-09-19 20:46:06,005 [0df1231c-9f8a-4757-a7d0-f6d7f53bc482@group-715EBF8096A7-LeaderElection283] INFO  impl.LeaderElection (LogUtils.java:infoOrTrace(142)) - 0df1231c-9f8a-4757-a7d0-f6d7f53bc482@group-715EBF8096A7-LeaderElection283 got exception when requesting votes: java.util.concurrent.ExecutionException: org.apache.ratis.thirdparty.io.grpc.StatusRuntimeException: UNAVAILABLE: io exception
2025-09-19 20:46:06,005 [0df1231c-9f8a-4757-a7d0-f6d7f53bc482@group-715EBF8096A7-LeaderElection283] INFO  impl.LeaderElection (LeaderElection.java:logAndReturn(206)) - 0df1231c-9f8a-4757-a7d0-f6d7f53bc482@group-715EBF8096A7-LeaderElection283: PRE_VOTE REJECTED received 0 response(s) and 2 exception(s):
2025-09-19 20:46:06,005 [0df1231c-9f8a-4757-a7d0-f6d7f53bc482@group-715EBF8096A7-LeaderElection283] INFO  impl.LeaderElection (LogUtils.java:infoOrTrace(142)) -   Exception 0: java.util.concurrent.ExecutionException: org.apache.ratis.thirdparty.io.grpc.StatusRuntimeException: UNAVAILABLE: io exception
2025-09-19 20:46:06,005 [0df1231c-9f8a-4757-a7d0-f6d7f53bc482@group-715EBF8096A7-LeaderElection283] INFO  impl.LeaderElection (LogUtils.java:infoOrTrace(142)) -   Exception 1: java.util.concurrent.ExecutionException: org.apache.ratis.thirdparty.io.grpc.StatusRuntimeException: UNAVAILABLE: io exception
2025-09-19 20:46:06,005 [0df1231c-9f8a-4757-a7d0-f6d7f53bc482@group-715EBF8096A7-LeaderElection283] INFO  impl.LeaderElection (LeaderElection.java:askForVotes(450)) - 0df1231c-9f8a-4757-a7d0-f6d7f53bc482@group-715EBF8096A7-LeaderElection283 PRE_VOTE round 0: result REJECTED
2025-09-19 20:46:06,005 [0df1231c-9f8a-4757-a7d0-f6d7f53bc482@group-715EBF8096A7-LeaderElection283] INFO  server.RaftServer$Division (RaftServerImpl.java:setRole(392)) - 0df1231c-9f8a-4757-a7d0-f6d7f53bc482@group-715EBF8096A7: changes role from CANDIDATE to FOLLOWER at term 7 for REJECTED
2025-09-19 20:46:06,005 [0df1231c-9f8a-4757-a7d0-f6d7f53bc482@group-715EBF8096A7-LeaderElection283] INFO  impl.RoleInfo (RoleInfo.java:shutdownLeaderElection(141)) - 0df1231c-9f8a-4757-a7d0-f6d7f53bc482: shutdown 0df1231c-9f8a-4757-a7d0-f6d7f53bc482@group-715EBF8096A7-LeaderElection283
2025-09-19 20:46:06,005 [0df1231c-9f8a-4757-a7d0-f6d7f53bc482@group-715EBF8096A7-LeaderElection283] INFO  impl.RoleInfo (RoleInfo.java:updateAndGet(148)) - 0df1231c-9f8a-4757-a7d0-f6d7f53bc482: start 0df1231c-9f8a-4757-a7d0-f6d7f53bc482@group-715EBF8096A7-FollowerState
2025-09-19 20:46:06,332 [0df1231c-9f8a-4757-a7d0-f6d7f53bc482@group-A751954341BD-FollowerState] INFO  impl.FollowerState (FollowerState.java:runImpl(161)) - 0df1231c-9f8a-4757-a7d0-f6d7f53bc482@group-A751954341BD-FollowerState: change to CANDIDATE, lastRpcElapsedTime:1174368424ns, electionTimeout:1174ms
2025-09-19 20:46:06,332 [0df1231c-9f8a-4757-a7d0-f6d7f53bc482@group-A751954341BD-FollowerState] INFO  impl.RoleInfo (RoleInfo.java:shutdownFollowerState(121)) - 0df1231c-9f8a-4757-a7d0-f6d7f53bc482: shutdown 0df1231c-9f8a-4757-a7d0-f6d7f53bc482@group-A751954341BD-FollowerState
2025-09-19 20:46:06,332 [0df1231c-9f8a-4757-a7d0-f6d7f53bc482@group-A751954341BD-FollowerState] INFO  server.RaftServer$Division (RaftServerImpl.java:setRole(392)) - 0df1231c-9f8a-4757-a7d0-f6d7f53bc482@group-A751954341BD: changes role from  FOLLOWER to CANDIDATE at term 4 for changeToCandidate
2025-09-19 20:46:06,332 [0df1231c-9f8a-4757-a7d0-f6d7f53bc482@group-A751954341BD-FollowerState] INFO  impl.RoleInfo (RoleInfo.java:updateAndGet(148)) - 0df1231c-9f8a-4757-a7d0-f6d7f53bc482: start 0df1231c-9f8a-4757-a7d0-f6d7f53bc482@group-A751954341BD-LeaderElection284
2025-09-19 20:46:06,332 [0df1231c-9f8a-4757-a7d0-f6d7f53bc482@group-A751954341BD-LeaderElection284] INFO  impl.LeaderElection (LeaderElection.java:askForVotes(448)) - 0df1231c-9f8a-4757-a7d0-f6d7f53bc482@group-A751954341BD-LeaderElection284 PRE_VOTE round 0: submit vote requests at term 4 for conf: {index: 23, cur=peers:[b5a25cc1-46d3-4381-a194-bd68f4526f1c|127.0.0.1:15031, 0df1231c-9f8a-4757-a7d0-f6d7f53bc482|127.0.0.1:15023, 8eb9963e-bce0-4155-aea2-e442cadff8bd|127.0.0.1:15015]|listeners:[], old=null}
2025-09-19 20:46:06,333 [0df1231c-9f8a-4757-a7d0-f6d7f53bc482@group-A751954341BD-LeaderElection284] INFO  impl.LeaderElection (LogUtils.java:infoOrTrace(142)) - 0df1231c-9f8a-4757-a7d0-f6d7f53bc482@group-A751954341BD-LeaderElection284 got exception when requesting votes: java.util.concurrent.ExecutionException: org.apache.ratis.thirdparty.io.grpc.StatusRuntimeException: UNAVAILABLE: io exception
2025-09-19 20:46:06,333 [0df1231c-9f8a-4757-a7d0-f6d7f53bc482@group-A751954341BD-LeaderElection284] INFO  impl.LeaderElection (LogUtils.java:infoOrTrace(142)) - 0df1231c-9f8a-4757-a7d0-f6d7f53bc482@group-A751954341BD-LeaderElection284 got exception when requesting votes: java.util.concurrent.ExecutionException: org.apache.ratis.thirdparty.io.grpc.StatusRuntimeException: UNAVAILABLE: io exception
2025-09-19 20:46:06,333 [0df1231c-9f8a-4757-a7d0-f6d7f53bc482@group-A751954341BD-LeaderElection284] INFO  impl.LeaderElection (LeaderElection.java:logAndReturn(206)) - 0df1231c-9f8a-4757-a7d0-f6d7f53bc482@group-A751954341BD-LeaderElection284: PRE_VOTE REJECTED received 0 response(s) and 2 exception(s):
2025-09-19 20:46:06,333 [0df1231c-9f8a-4757-a7d0-f6d7f53bc482@group-A751954341BD-LeaderElection284] INFO  impl.LeaderElection (LogUtils.java:infoOrTrace(142)) -   Exception 0: java.util.concurrent.ExecutionException: org.apache.ratis.thirdparty.io.grpc.StatusRuntimeException: UNAVAILABLE: io exception
2025-09-19 20:46:06,333 [0df1231c-9f8a-4757-a7d0-f6d7f53bc482@group-A751954341BD-LeaderElection284] INFO  impl.LeaderElection (LogUtils.java:infoOrTrace(142)) -   Exception 1: java.util.concurrent.ExecutionException: org.apache.ratis.thirdparty.io.grpc.StatusRuntimeException: UNAVAILABLE: io exception
2025-09-19 20:46:06,333 [0df1231c-9f8a-4757-a7d0-f6d7f53bc482@group-A751954341BD-LeaderElection284] INFO  impl.LeaderElection (LeaderElection.java:askForVotes(450)) - 0df1231c-9f8a-4757-a7d0-f6d7f53bc482@group-A751954341BD-LeaderElection284 PRE_VOTE round 0: result REJECTED
2025-09-19 20:46:06,333 [0df1231c-9f8a-4757-a7d0-f6d7f53bc482@group-A751954341BD-LeaderElection284] INFO  server.RaftServer$Division (RaftServerImpl.java:setRole(392)) - 0df1231c-9f8a-4757-a7d0-f6d7f53bc482@group-A751954341BD: changes role from CANDIDATE to FOLLOWER at term 4 for REJECTED
2025-09-19 20:46:06,333 [0df1231c-9f8a-4757-a7d0-f6d7f53bc482@group-A751954341BD-LeaderElection284] INFO  impl.RoleInfo (RoleInfo.java:shutdownLeaderElection(141)) - 0df1231c-9f8a-4757-a7d0-f6d7f53bc482: shutdown 0df1231c-9f8a-4757-a7d0-f6d7f53bc482@group-A751954341BD-LeaderElection284
2025-09-19 20:46:06,333 [0df1231c-9f8a-4757-a7d0-f6d7f53bc482@group-A751954341BD-LeaderElection284] INFO  impl.RoleInfo (RoleInfo.java:updateAndGet(148)) - 0df1231c-9f8a-4757-a7d0-f6d7f53bc482: start 0df1231c-9f8a-4757-a7d0-f6d7f53bc482@group-A751954341BD-FollowerState
2025-09-19 20:46:06,470 [om1-KeyDeletingService#4] INFO  service.KeyDeletingService (KeyDeletingService.java:processKeyDeletes(148)) - Send 1 key(s) to SCM, first 1 keys: [BlockGroup[groupID='/datanodefailurehandlingtest/datanodefailurehandlingtest/8213c74b-e3e2-42a2-b61f-48661ea42154/-9223372036854772480', blockIDs=[conID: 6 locID: 115816896921600006 bcsId: 0 replicaIndex: null]]]
2025-09-19 20:46:06,473 [om1-KeyDeletingService#4] INFO  service.KeyDeletingService (KeyDeletingService.java:processKeyDeletes(153)) - 1 BlockGroup deletion are acked by SCM in 3 ms
2025-09-19 20:46:06,475 [om1-KeyDeletingService#4] INFO  service.KeyDeletingService (KeyDeletingService.java:processKeyDeletes(161)) - Blocks for 1 (out of 1) keys are deleted from DB in 2 ms. Limit per task is 50000.
2025-09-19 20:46:07,095 [0df1231c-9f8a-4757-a7d0-f6d7f53bc482@group-715EBF8096A7-FollowerState] INFO  impl.FollowerState (FollowerState.java:runImpl(161)) - 0df1231c-9f8a-4757-a7d0-f6d7f53bc482@group-715EBF8096A7-FollowerState: change to CANDIDATE, lastRpcElapsedTime:1090320853ns, electionTimeout:1090ms
2025-09-19 20:46:07,095 [0df1231c-9f8a-4757-a7d0-f6d7f53bc482@group-715EBF8096A7-FollowerState] INFO  impl.RoleInfo (RoleInfo.java:shutdownFollowerState(121)) - 0df1231c-9f8a-4757-a7d0-f6d7f53bc482: shutdown 0df1231c-9f8a-4757-a7d0-f6d7f53bc482@group-715EBF8096A7-FollowerState
2025-09-19 20:46:07,095 [0df1231c-9f8a-4757-a7d0-f6d7f53bc482@group-715EBF8096A7-FollowerState] INFO  server.RaftServer$Division (RaftServerImpl.java:setRole(392)) - 0df1231c-9f8a-4757-a7d0-f6d7f53bc482@group-715EBF8096A7: changes role from  FOLLOWER to CANDIDATE at term 7 for changeToCandidate
2025-09-19 20:46:07,095 [0df1231c-9f8a-4757-a7d0-f6d7f53bc482@group-715EBF8096A7-FollowerState] INFO  impl.RoleInfo (RoleInfo.java:updateAndGet(148)) - 0df1231c-9f8a-4757-a7d0-f6d7f53bc482: start 0df1231c-9f8a-4757-a7d0-f6d7f53bc482@group-715EBF8096A7-LeaderElection285
2025-09-19 20:46:07,096 [0df1231c-9f8a-4757-a7d0-f6d7f53bc482@group-715EBF8096A7-LeaderElection285] INFO  impl.LeaderElection (LeaderElection.java:askForVotes(448)) - 0df1231c-9f8a-4757-a7d0-f6d7f53bc482@group-715EBF8096A7-LeaderElection285 PRE_VOTE round 0: submit vote requests at term 7 for conf: {index: 15, cur=peers:[b5a25cc1-46d3-4381-a194-bd68f4526f1c|127.0.0.1:15031, 0df1231c-9f8a-4757-a7d0-f6d7f53bc482|127.0.0.1:15023, 8eb9963e-bce0-4155-aea2-e442cadff8bd|127.0.0.1:15015]|listeners:[], old=null}
2025-09-19 20:46:07,096 [0df1231c-9f8a-4757-a7d0-f6d7f53bc482@group-715EBF8096A7-LeaderElection285] INFO  impl.LeaderElection (LogUtils.java:infoOrTrace(142)) - 0df1231c-9f8a-4757-a7d0-f6d7f53bc482@group-715EBF8096A7-LeaderElection285 got exception when requesting votes: java.util.concurrent.ExecutionException: org.apache.ratis.thirdparty.io.grpc.StatusRuntimeException: UNAVAILABLE: io exception
2025-09-19 20:46:07,096 [0df1231c-9f8a-4757-a7d0-f6d7f53bc482@group-715EBF8096A7-LeaderElection285] INFO  impl.LeaderElection (LogUtils.java:infoOrTrace(142)) - 0df1231c-9f8a-4757-a7d0-f6d7f53bc482@group-715EBF8096A7-LeaderElection285 got exception when requesting votes: java.util.concurrent.ExecutionException: org.apache.ratis.thirdparty.io.grpc.StatusRuntimeException: UNAVAILABLE: io exception
2025-09-19 20:46:07,096 [0df1231c-9f8a-4757-a7d0-f6d7f53bc482@group-715EBF8096A7-LeaderElection285] INFO  impl.LeaderElection (LeaderElection.java:logAndReturn(206)) - 0df1231c-9f8a-4757-a7d0-f6d7f53bc482@group-715EBF8096A7-LeaderElection285: PRE_VOTE REJECTED received 0 response(s) and 2 exception(s):
2025-09-19 20:46:07,096 [0df1231c-9f8a-4757-a7d0-f6d7f53bc482@group-715EBF8096A7-LeaderElection285] INFO  impl.LeaderElection (LogUtils.java:infoOrTrace(142)) -   Exception 0: java.util.concurrent.ExecutionException: org.apache.ratis.thirdparty.io.grpc.StatusRuntimeException: UNAVAILABLE: io exception
2025-09-19 20:46:07,096 [0df1231c-9f8a-4757-a7d0-f6d7f53bc482@group-715EBF8096A7-LeaderElection285] INFO  impl.LeaderElection (LogUtils.java:infoOrTrace(142)) -   Exception 1: java.util.concurrent.ExecutionException: org.apache.ratis.thirdparty.io.grpc.StatusRuntimeException: UNAVAILABLE: io exception
2025-09-19 20:46:07,096 [0df1231c-9f8a-4757-a7d0-f6d7f53bc482@group-715EBF8096A7-LeaderElection285] INFO  impl.LeaderElection (LeaderElection.java:askForVotes(450)) - 0df1231c-9f8a-4757-a7d0-f6d7f53bc482@group-715EBF8096A7-LeaderElection285 PRE_VOTE round 0: result REJECTED
2025-09-19 20:46:07,096 [0df1231c-9f8a-4757-a7d0-f6d7f53bc482@group-715EBF8096A7-LeaderElection285] INFO  server.RaftServer$Division (RaftServerImpl.java:setRole(392)) - 0df1231c-9f8a-4757-a7d0-f6d7f53bc482@group-715EBF8096A7: changes role from CANDIDATE to FOLLOWER at term 7 for REJECTED
2025-09-19 20:46:07,096 [0df1231c-9f8a-4757-a7d0-f6d7f53bc482@group-715EBF8096A7-LeaderElection285] INFO  impl.RoleInfo (RoleInfo.java:shutdownLeaderElection(141)) - 0df1231c-9f8a-4757-a7d0-f6d7f53bc482: shutdown 0df1231c-9f8a-4757-a7d0-f6d7f53bc482@group-715EBF8096A7-LeaderElection285
2025-09-19 20:46:07,096 [0df1231c-9f8a-4757-a7d0-f6d7f53bc482@group-715EBF8096A7-LeaderElection285] INFO  impl.RoleInfo (RoleInfo.java:updateAndGet(148)) - 0df1231c-9f8a-4757-a7d0-f6d7f53bc482: start 0df1231c-9f8a-4757-a7d0-f6d7f53bc482@group-715EBF8096A7-FollowerState
2025-09-19 20:46:07,429 [0df1231c-9f8a-4757-a7d0-f6d7f53bc482@group-A751954341BD-FollowerState] INFO  impl.FollowerState (FollowerState.java:runImpl(161)) - 0df1231c-9f8a-4757-a7d0-f6d7f53bc482@group-A751954341BD-FollowerState: change to CANDIDATE, lastRpcElapsedTime:1096236730ns, electionTimeout:1096ms
2025-09-19 20:46:07,429 [0df1231c-9f8a-4757-a7d0-f6d7f53bc482@group-A751954341BD-FollowerState] INFO  impl.RoleInfo (RoleInfo.java:shutdownFollowerState(121)) - 0df1231c-9f8a-4757-a7d0-f6d7f53bc482: shutdown 0df1231c-9f8a-4757-a7d0-f6d7f53bc482@group-A751954341BD-FollowerState
2025-09-19 20:46:07,429 [0df1231c-9f8a-4757-a7d0-f6d7f53bc482@group-A751954341BD-FollowerState] INFO  server.RaftServer$Division (RaftServerImpl.java:setRole(392)) - 0df1231c-9f8a-4757-a7d0-f6d7f53bc482@group-A751954341BD: changes role from  FOLLOWER to CANDIDATE at term 4 for changeToCandidate
2025-09-19 20:46:07,429 [0df1231c-9f8a-4757-a7d0-f6d7f53bc482@group-A751954341BD-FollowerState] INFO  impl.RoleInfo (RoleInfo.java:updateAndGet(148)) - 0df1231c-9f8a-4757-a7d0-f6d7f53bc482: start 0df1231c-9f8a-4757-a7d0-f6d7f53bc482@group-A751954341BD-LeaderElection286
2025-09-19 20:46:07,430 [0df1231c-9f8a-4757-a7d0-f6d7f53bc482@group-A751954341BD-LeaderElection286] INFO  impl.LeaderElection (LeaderElection.java:askForVotes(448)) - 0df1231c-9f8a-4757-a7d0-f6d7f53bc482@group-A751954341BD-LeaderElection286 PRE_VOTE round 0: submit vote requests at term 4 for conf: {index: 23, cur=peers:[b5a25cc1-46d3-4381-a194-bd68f4526f1c|127.0.0.1:15031, 0df1231c-9f8a-4757-a7d0-f6d7f53bc482|127.0.0.1:15023, 8eb9963e-bce0-4155-aea2-e442cadff8bd|127.0.0.1:15015]|listeners:[], old=null}
2025-09-19 20:46:07,430 [0df1231c-9f8a-4757-a7d0-f6d7f53bc482@group-A751954341BD-LeaderElection286] INFO  impl.LeaderElection (LogUtils.java:infoOrTrace(142)) - 0df1231c-9f8a-4757-a7d0-f6d7f53bc482@group-A751954341BD-LeaderElection286 got exception when requesting votes: java.util.concurrent.ExecutionException: org.apache.ratis.thirdparty.io.grpc.StatusRuntimeException: UNAVAILABLE: io exception
2025-09-19 20:46:07,430 [0df1231c-9f8a-4757-a7d0-f6d7f53bc482@group-A751954341BD-LeaderElection286] INFO  impl.LeaderElection (LogUtils.java:infoOrTrace(142)) - 0df1231c-9f8a-4757-a7d0-f6d7f53bc482@group-A751954341BD-LeaderElection286 got exception when requesting votes: java.util.concurrent.ExecutionException: org.apache.ratis.thirdparty.io.grpc.StatusRuntimeException: UNAVAILABLE: io exception
2025-09-19 20:46:07,430 [0df1231c-9f8a-4757-a7d0-f6d7f53bc482@group-A751954341BD-LeaderElection286] INFO  impl.LeaderElection (LeaderElection.java:logAndReturn(206)) - 0df1231c-9f8a-4757-a7d0-f6d7f53bc482@group-A751954341BD-LeaderElection286: PRE_VOTE REJECTED received 0 response(s) and 2 exception(s):
2025-09-19 20:46:07,430 [0df1231c-9f8a-4757-a7d0-f6d7f53bc482@group-A751954341BD-LeaderElection286] INFO  impl.LeaderElection (LogUtils.java:infoOrTrace(142)) -   Exception 0: java.util.concurrent.ExecutionException: org.apache.ratis.thirdparty.io.grpc.StatusRuntimeException: UNAVAILABLE: io exception
2025-09-19 20:46:07,430 [0df1231c-9f8a-4757-a7d0-f6d7f53bc482@group-A751954341BD-LeaderElection286] INFO  impl.LeaderElection (LogUtils.java:infoOrTrace(142)) -   Exception 1: java.util.concurrent.ExecutionException: org.apache.ratis.thirdparty.io.grpc.StatusRuntimeException: UNAVAILABLE: io exception
2025-09-19 20:46:07,430 [0df1231c-9f8a-4757-a7d0-f6d7f53bc482@group-A751954341BD-LeaderElection286] INFO  impl.LeaderElection (LeaderElection.java:askForVotes(450)) - 0df1231c-9f8a-4757-a7d0-f6d7f53bc482@group-A751954341BD-LeaderElection286 PRE_VOTE round 0: result REJECTED
2025-09-19 20:46:07,430 [0df1231c-9f8a-4757-a7d0-f6d7f53bc482@group-A751954341BD-LeaderElection286] INFO  server.RaftServer$Division (RaftServerImpl.java:setRole(392)) - 0df1231c-9f8a-4757-a7d0-f6d7f53bc482@group-A751954341BD: changes role from CANDIDATE to FOLLOWER at term 4 for REJECTED
2025-09-19 20:46:07,430 [0df1231c-9f8a-4757-a7d0-f6d7f53bc482@group-A751954341BD-LeaderElection286] INFO  impl.RoleInfo (RoleInfo.java:shutdownLeaderElection(141)) - 0df1231c-9f8a-4757-a7d0-f6d7f53bc482: shutdown 0df1231c-9f8a-4757-a7d0-f6d7f53bc482@group-A751954341BD-LeaderElection286
2025-09-19 20:46:07,430 [0df1231c-9f8a-4757-a7d0-f6d7f53bc482@group-A751954341BD-LeaderElection286] INFO  impl.RoleInfo (RoleInfo.java:updateAndGet(148)) - 0df1231c-9f8a-4757-a7d0-f6d7f53bc482: start 0df1231c-9f8a-4757-a7d0-f6d7f53bc482@group-A751954341BD-FollowerState
2025-09-19 20:46:08,178 [0df1231c-9f8a-4757-a7d0-f6d7f53bc482@group-715EBF8096A7-FollowerState] INFO  impl.FollowerState (FollowerState.java:runImpl(161)) - 0df1231c-9f8a-4757-a7d0-f6d7f53bc482@group-715EBF8096A7-FollowerState: change to CANDIDATE, lastRpcElapsedTime:1081299233ns, electionTimeout:1081ms
2025-09-19 20:46:08,178 [0df1231c-9f8a-4757-a7d0-f6d7f53bc482@group-715EBF8096A7-FollowerState] INFO  impl.RoleInfo (RoleInfo.java:shutdownFollowerState(121)) - 0df1231c-9f8a-4757-a7d0-f6d7f53bc482: shutdown 0df1231c-9f8a-4757-a7d0-f6d7f53bc482@group-715EBF8096A7-FollowerState
2025-09-19 20:46:08,178 [0df1231c-9f8a-4757-a7d0-f6d7f53bc482@group-715EBF8096A7-FollowerState] INFO  server.RaftServer$Division (RaftServerImpl.java:setRole(392)) - 0df1231c-9f8a-4757-a7d0-f6d7f53bc482@group-715EBF8096A7: changes role from  FOLLOWER to CANDIDATE at term 7 for changeToCandidate
2025-09-19 20:46:08,178 [0df1231c-9f8a-4757-a7d0-f6d7f53bc482@group-715EBF8096A7-FollowerState] INFO  impl.RoleInfo (RoleInfo.java:updateAndGet(148)) - 0df1231c-9f8a-4757-a7d0-f6d7f53bc482: start 0df1231c-9f8a-4757-a7d0-f6d7f53bc482@group-715EBF8096A7-LeaderElection287
2025-09-19 20:46:08,178 [0df1231c-9f8a-4757-a7d0-f6d7f53bc482@group-715EBF8096A7-LeaderElection287] INFO  impl.LeaderElection (LeaderElection.java:askForVotes(448)) - 0df1231c-9f8a-4757-a7d0-f6d7f53bc482@group-715EBF8096A7-LeaderElection287 PRE_VOTE round 0: submit vote requests at term 7 for conf: {index: 15, cur=peers:[b5a25cc1-46d3-4381-a194-bd68f4526f1c|127.0.0.1:15031, 0df1231c-9f8a-4757-a7d0-f6d7f53bc482|127.0.0.1:15023, 8eb9963e-bce0-4155-aea2-e442cadff8bd|127.0.0.1:15015]|listeners:[], old=null}
2025-09-19 20:46:08,179 [0df1231c-9f8a-4757-a7d0-f6d7f53bc482@group-715EBF8096A7-LeaderElection287] INFO  impl.LeaderElection (LogUtils.java:infoOrTrace(142)) - 0df1231c-9f8a-4757-a7d0-f6d7f53bc482@group-715EBF8096A7-LeaderElection287 got exception when requesting votes: java.util.concurrent.ExecutionException: org.apache.ratis.thirdparty.io.grpc.StatusRuntimeException: UNAVAILABLE: io exception
2025-09-19 20:46:08,179 [0df1231c-9f8a-4757-a7d0-f6d7f53bc482@group-715EBF8096A7-LeaderElection287] INFO  impl.LeaderElection (LogUtils.java:infoOrTrace(142)) - 0df1231c-9f8a-4757-a7d0-f6d7f53bc482@group-715EBF8096A7-LeaderElection287 got exception when requesting votes: java.util.concurrent.ExecutionException: org.apache.ratis.thirdparty.io.grpc.StatusRuntimeException: UNAVAILABLE: io exception
2025-09-19 20:46:08,179 [0df1231c-9f8a-4757-a7d0-f6d7f53bc482@group-715EBF8096A7-LeaderElection287] INFO  impl.LeaderElection (LeaderElection.java:logAndReturn(206)) - 0df1231c-9f8a-4757-a7d0-f6d7f53bc482@group-715EBF8096A7-LeaderElection287: PRE_VOTE REJECTED received 0 response(s) and 2 exception(s):
2025-09-19 20:46:08,179 [0df1231c-9f8a-4757-a7d0-f6d7f53bc482@group-715EBF8096A7-LeaderElection287] INFO  impl.LeaderElection (LogUtils.java:infoOrTrace(142)) -   Exception 0: java.util.concurrent.ExecutionException: org.apache.ratis.thirdparty.io.grpc.StatusRuntimeException: UNAVAILABLE: io exception
2025-09-19 20:46:08,179 [0df1231c-9f8a-4757-a7d0-f6d7f53bc482@group-715EBF8096A7-LeaderElection287] INFO  impl.LeaderElection (LogUtils.java:infoOrTrace(142)) -   Exception 1: java.util.concurrent.ExecutionException: org.apache.ratis.thirdparty.io.grpc.StatusRuntimeException: UNAVAILABLE: io exception
2025-09-19 20:46:08,179 [0df1231c-9f8a-4757-a7d0-f6d7f53bc482@group-715EBF8096A7-LeaderElection287] INFO  impl.LeaderElection (LeaderElection.java:askForVotes(450)) - 0df1231c-9f8a-4757-a7d0-f6d7f53bc482@group-715EBF8096A7-LeaderElection287 PRE_VOTE round 0: result REJECTED
2025-09-19 20:46:08,179 [0df1231c-9f8a-4757-a7d0-f6d7f53bc482@group-715EBF8096A7-LeaderElection287] INFO  server.RaftServer$Division (RaftServerImpl.java:setRole(392)) - 0df1231c-9f8a-4757-a7d0-f6d7f53bc482@group-715EBF8096A7: changes role from CANDIDATE to FOLLOWER at term 7 for REJECTED
2025-09-19 20:46:08,179 [0df1231c-9f8a-4757-a7d0-f6d7f53bc482@group-715EBF8096A7-LeaderElection287] INFO  impl.RoleInfo (RoleInfo.java:shutdownLeaderElection(141)) - 0df1231c-9f8a-4757-a7d0-f6d7f53bc482: shutdown 0df1231c-9f8a-4757-a7d0-f6d7f53bc482@group-715EBF8096A7-LeaderElection287
2025-09-19 20:46:08,179 [0df1231c-9f8a-4757-a7d0-f6d7f53bc482@group-715EBF8096A7-LeaderElection287] INFO  impl.RoleInfo (RoleInfo.java:updateAndGet(148)) - 0df1231c-9f8a-4757-a7d0-f6d7f53bc482: start 0df1231c-9f8a-4757-a7d0-f6d7f53bc482@group-715EBF8096A7-FollowerState
2025-09-19 20:46:08,611 [0df1231c-9f8a-4757-a7d0-f6d7f53bc482@group-A751954341BD-FollowerState] INFO  impl.FollowerState (FollowerState.java:runImpl(161)) - 0df1231c-9f8a-4757-a7d0-f6d7f53bc482@group-A751954341BD-FollowerState: change to CANDIDATE, lastRpcElapsedTime:1180259294ns, electionTimeout:1180ms
2025-09-19 20:46:08,611 [0df1231c-9f8a-4757-a7d0-f6d7f53bc482@group-A751954341BD-FollowerState] INFO  impl.RoleInfo (RoleInfo.java:shutdownFollowerState(121)) - 0df1231c-9f8a-4757-a7d0-f6d7f53bc482: shutdown 0df1231c-9f8a-4757-a7d0-f6d7f53bc482@group-A751954341BD-FollowerState
2025-09-19 20:46:08,611 [0df1231c-9f8a-4757-a7d0-f6d7f53bc482@group-A751954341BD-FollowerState] INFO  server.RaftServer$Division (RaftServerImpl.java:setRole(392)) - 0df1231c-9f8a-4757-a7d0-f6d7f53bc482@group-A751954341BD: changes role from  FOLLOWER to CANDIDATE at term 4 for changeToCandidate
2025-09-19 20:46:08,611 [0df1231c-9f8a-4757-a7d0-f6d7f53bc482@group-A751954341BD-FollowerState] INFO  impl.RoleInfo (RoleInfo.java:updateAndGet(148)) - 0df1231c-9f8a-4757-a7d0-f6d7f53bc482: start 0df1231c-9f8a-4757-a7d0-f6d7f53bc482@group-A751954341BD-LeaderElection288
2025-09-19 20:46:08,611 [0df1231c-9f8a-4757-a7d0-f6d7f53bc482@group-A751954341BD-LeaderElection288] INFO  impl.LeaderElection (LeaderElection.java:askForVotes(448)) - 0df1231c-9f8a-4757-a7d0-f6d7f53bc482@group-A751954341BD-LeaderElection288 PRE_VOTE round 0: submit vote requests at term 4 for conf: {index: 23, cur=peers:[b5a25cc1-46d3-4381-a194-bd68f4526f1c|127.0.0.1:15031, 0df1231c-9f8a-4757-a7d0-f6d7f53bc482|127.0.0.1:15023, 8eb9963e-bce0-4155-aea2-e442cadff8bd|127.0.0.1:15015]|listeners:[], old=null}
2025-09-19 20:46:08,612 [0df1231c-9f8a-4757-a7d0-f6d7f53bc482@group-A751954341BD-LeaderElection288] INFO  impl.LeaderElection (LogUtils.java:infoOrTrace(142)) - 0df1231c-9f8a-4757-a7d0-f6d7f53bc482@group-A751954341BD-LeaderElection288 got exception when requesting votes: java.util.concurrent.ExecutionException: org.apache.ratis.thirdparty.io.grpc.StatusRuntimeException: UNAVAILABLE: io exception
2025-09-19 20:46:08,612 [0df1231c-9f8a-4757-a7d0-f6d7f53bc482@group-A751954341BD-LeaderElection288] INFO  impl.LeaderElection (LogUtils.java:infoOrTrace(142)) - 0df1231c-9f8a-4757-a7d0-f6d7f53bc482@group-A751954341BD-LeaderElection288 got exception when requesting votes: java.util.concurrent.ExecutionException: org.apache.ratis.thirdparty.io.grpc.StatusRuntimeException: UNAVAILABLE: io exception
2025-09-19 20:46:08,612 [0df1231c-9f8a-4757-a7d0-f6d7f53bc482@group-A751954341BD-LeaderElection288] INFO  impl.LeaderElection (LeaderElection.java:logAndReturn(206)) - 0df1231c-9f8a-4757-a7d0-f6d7f53bc482@group-A751954341BD-LeaderElection288: PRE_VOTE REJECTED received 0 response(s) and 2 exception(s):
2025-09-19 20:46:08,612 [0df1231c-9f8a-4757-a7d0-f6d7f53bc482@group-A751954341BD-LeaderElection288] INFO  impl.LeaderElection (LogUtils.java:infoOrTrace(142)) -   Exception 0: java.util.concurrent.ExecutionException: org.apache.ratis.thirdparty.io.grpc.StatusRuntimeException: UNAVAILABLE: io exception
2025-09-19 20:46:08,612 [0df1231c-9f8a-4757-a7d0-f6d7f53bc482@group-A751954341BD-LeaderElection288] INFO  impl.LeaderElection (LogUtils.java:infoOrTrace(142)) -   Exception 1: java.util.concurrent.ExecutionException: org.apache.ratis.thirdparty.io.grpc.StatusRuntimeException: UNAVAILABLE: io exception
2025-09-19 20:46:08,612 [0df1231c-9f8a-4757-a7d0-f6d7f53bc482@group-A751954341BD-LeaderElection288] INFO  impl.LeaderElection (LeaderElection.java:askForVotes(450)) - 0df1231c-9f8a-4757-a7d0-f6d7f53bc482@group-A751954341BD-LeaderElection288 PRE_VOTE round 0: result REJECTED
2025-09-19 20:46:08,612 [0df1231c-9f8a-4757-a7d0-f6d7f53bc482@group-A751954341BD-LeaderElection288] INFO  server.RaftServer$Division (RaftServerImpl.java:setRole(392)) - 0df1231c-9f8a-4757-a7d0-f6d7f53bc482@group-A751954341BD: changes role from CANDIDATE to FOLLOWER at term 4 for REJECTED
2025-09-19 20:46:08,612 [0df1231c-9f8a-4757-a7d0-f6d7f53bc482@group-A751954341BD-LeaderElection288] INFO  impl.RoleInfo (RoleInfo.java:shutdownLeaderElection(141)) - 0df1231c-9f8a-4757-a7d0-f6d7f53bc482: shutdown 0df1231c-9f8a-4757-a7d0-f6d7f53bc482@group-A751954341BD-LeaderElection288
2025-09-19 20:46:08,612 [0df1231c-9f8a-4757-a7d0-f6d7f53bc482@group-A751954341BD-LeaderElection288] INFO  impl.RoleInfo (RoleInfo.java:updateAndGet(148)) - 0df1231c-9f8a-4757-a7d0-f6d7f53bc482: start 0df1231c-9f8a-4757-a7d0-f6d7f53bc482@group-A751954341BD-FollowerState
2025-09-19 20:46:09,268 [0df1231c-9f8a-4757-a7d0-f6d7f53bc482@group-715EBF8096A7-FollowerState] INFO  impl.FollowerState (FollowerState.java:runImpl(161)) - 0df1231c-9f8a-4757-a7d0-f6d7f53bc482@group-715EBF8096A7-FollowerState: change to CANDIDATE, lastRpcElapsedTime:1089370797ns, electionTimeout:1089ms
2025-09-19 20:46:09,269 [0df1231c-9f8a-4757-a7d0-f6d7f53bc482@group-715EBF8096A7-FollowerState] INFO  impl.RoleInfo (RoleInfo.java:shutdownFollowerState(121)) - 0df1231c-9f8a-4757-a7d0-f6d7f53bc482: shutdown 0df1231c-9f8a-4757-a7d0-f6d7f53bc482@group-715EBF8096A7-FollowerState
2025-09-19 20:46:09,269 [0df1231c-9f8a-4757-a7d0-f6d7f53bc482@group-715EBF8096A7-FollowerState] INFO  server.RaftServer$Division (RaftServerImpl.java:setRole(392)) - 0df1231c-9f8a-4757-a7d0-f6d7f53bc482@group-715EBF8096A7: changes role from  FOLLOWER to CANDIDATE at term 7 for changeToCandidate
2025-09-19 20:46:09,269 [0df1231c-9f8a-4757-a7d0-f6d7f53bc482@group-715EBF8096A7-FollowerState] INFO  impl.RoleInfo (RoleInfo.java:updateAndGet(148)) - 0df1231c-9f8a-4757-a7d0-f6d7f53bc482: start 0df1231c-9f8a-4757-a7d0-f6d7f53bc482@group-715EBF8096A7-LeaderElection289
2025-09-19 20:46:09,269 [0df1231c-9f8a-4757-a7d0-f6d7f53bc482@group-715EBF8096A7-LeaderElection289] INFO  impl.LeaderElection (LeaderElection.java:askForVotes(448)) - 0df1231c-9f8a-4757-a7d0-f6d7f53bc482@group-715EBF8096A7-LeaderElection289 PRE_VOTE round 0: submit vote requests at term 7 for conf: {index: 15, cur=peers:[b5a25cc1-46d3-4381-a194-bd68f4526f1c|127.0.0.1:15031, 0df1231c-9f8a-4757-a7d0-f6d7f53bc482|127.0.0.1:15023, 8eb9963e-bce0-4155-aea2-e442cadff8bd|127.0.0.1:15015]|listeners:[], old=null}
2025-09-19 20:46:09,269 [0df1231c-9f8a-4757-a7d0-f6d7f53bc482@group-715EBF8096A7-LeaderElection289] INFO  impl.LeaderElection (LogUtils.java:infoOrTrace(142)) - 0df1231c-9f8a-4757-a7d0-f6d7f53bc482@group-715EBF8096A7-LeaderElection289 got exception when requesting votes: java.util.concurrent.ExecutionException: org.apache.ratis.thirdparty.io.grpc.StatusRuntimeException: UNAVAILABLE: io exception
2025-09-19 20:46:09,269 [0df1231c-9f8a-4757-a7d0-f6d7f53bc482@group-715EBF8096A7-LeaderElection289] INFO  impl.LeaderElection (LogUtils.java:infoOrTrace(142)) - 0df1231c-9f8a-4757-a7d0-f6d7f53bc482@group-715EBF8096A7-LeaderElection289 got exception when requesting votes: java.util.concurrent.ExecutionException: org.apache.ratis.thirdparty.io.grpc.StatusRuntimeException: UNAVAILABLE: io exception
2025-09-19 20:46:09,269 [0df1231c-9f8a-4757-a7d0-f6d7f53bc482@group-715EBF8096A7-LeaderElection289] INFO  impl.LeaderElection (LeaderElection.java:logAndReturn(206)) - 0df1231c-9f8a-4757-a7d0-f6d7f53bc482@group-715EBF8096A7-LeaderElection289: PRE_VOTE REJECTED received 0 response(s) and 2 exception(s):
2025-09-19 20:46:09,269 [0df1231c-9f8a-4757-a7d0-f6d7f53bc482@group-715EBF8096A7-LeaderElection289] INFO  impl.LeaderElection (LogUtils.java:infoOrTrace(142)) -   Exception 0: java.util.concurrent.ExecutionException: org.apache.ratis.thirdparty.io.grpc.StatusRuntimeException: UNAVAILABLE: io exception
2025-09-19 20:46:09,269 [0df1231c-9f8a-4757-a7d0-f6d7f53bc482@group-715EBF8096A7-LeaderElection289] INFO  impl.LeaderElection (LogUtils.java:infoOrTrace(142)) -   Exception 1: java.util.concurrent.ExecutionException: org.apache.ratis.thirdparty.io.grpc.StatusRuntimeException: UNAVAILABLE: io exception
2025-09-19 20:46:09,269 [0df1231c-9f8a-4757-a7d0-f6d7f53bc482@group-715EBF8096A7-LeaderElection289] INFO  impl.LeaderElection (LeaderElection.java:askForVotes(450)) - 0df1231c-9f8a-4757-a7d0-f6d7f53bc482@group-715EBF8096A7-LeaderElection289 PRE_VOTE round 0: result REJECTED
2025-09-19 20:46:09,269 [0df1231c-9f8a-4757-a7d0-f6d7f53bc482@group-715EBF8096A7-LeaderElection289] INFO  server.RaftServer$Division (RaftServerImpl.java:setRole(392)) - 0df1231c-9f8a-4757-a7d0-f6d7f53bc482@group-715EBF8096A7: changes role from CANDIDATE to FOLLOWER at term 7 for REJECTED
2025-09-19 20:46:09,269 [0df1231c-9f8a-4757-a7d0-f6d7f53bc482@group-715EBF8096A7-LeaderElection289] INFO  impl.RoleInfo (RoleInfo.java:shutdownLeaderElection(141)) - 0df1231c-9f8a-4757-a7d0-f6d7f53bc482: shutdown 0df1231c-9f8a-4757-a7d0-f6d7f53bc482@group-715EBF8096A7-LeaderElection289
2025-09-19 20:46:09,270 [0df1231c-9f8a-4757-a7d0-f6d7f53bc482@group-715EBF8096A7-LeaderElection289] INFO  impl.RoleInfo (RoleInfo.java:updateAndGet(148)) - 0df1231c-9f8a-4757-a7d0-f6d7f53bc482: start 0df1231c-9f8a-4757-a7d0-f6d7f53bc482@group-715EBF8096A7-FollowerState
2025-09-19 20:46:09,807 [0df1231c-9f8a-4757-a7d0-f6d7f53bc482@group-A751954341BD-FollowerState] INFO  impl.FollowerState (FollowerState.java:runImpl(161)) - 0df1231c-9f8a-4757-a7d0-f6d7f53bc482@group-A751954341BD-FollowerState: change to CANDIDATE, lastRpcElapsedTime:1195234001ns, electionTimeout:1195ms
2025-09-19 20:46:09,807 [0df1231c-9f8a-4757-a7d0-f6d7f53bc482@group-A751954341BD-FollowerState] INFO  impl.RoleInfo (RoleInfo.java:shutdownFollowerState(121)) - 0df1231c-9f8a-4757-a7d0-f6d7f53bc482: shutdown 0df1231c-9f8a-4757-a7d0-f6d7f53bc482@group-A751954341BD-FollowerState
2025-09-19 20:46:09,807 [0df1231c-9f8a-4757-a7d0-f6d7f53bc482@group-A751954341BD-FollowerState] INFO  server.RaftServer$Division (RaftServerImpl.java:setRole(392)) - 0df1231c-9f8a-4757-a7d0-f6d7f53bc482@group-A751954341BD: changes role from  FOLLOWER to CANDIDATE at term 4 for changeToCandidate
2025-09-19 20:46:09,807 [0df1231c-9f8a-4757-a7d0-f6d7f53bc482@group-A751954341BD-FollowerState] INFO  impl.RoleInfo (RoleInfo.java:updateAndGet(148)) - 0df1231c-9f8a-4757-a7d0-f6d7f53bc482: start 0df1231c-9f8a-4757-a7d0-f6d7f53bc482@group-A751954341BD-LeaderElection290
2025-09-19 20:46:09,807 [0df1231c-9f8a-4757-a7d0-f6d7f53bc482@group-A751954341BD-LeaderElection290] INFO  impl.LeaderElection (LeaderElection.java:askForVotes(448)) - 0df1231c-9f8a-4757-a7d0-f6d7f53bc482@group-A751954341BD-LeaderElection290 PRE_VOTE round 0: submit vote requests at term 4 for conf: {index: 23, cur=peers:[b5a25cc1-46d3-4381-a194-bd68f4526f1c|127.0.0.1:15031, 0df1231c-9f8a-4757-a7d0-f6d7f53bc482|127.0.0.1:15023, 8eb9963e-bce0-4155-aea2-e442cadff8bd|127.0.0.1:15015]|listeners:[], old=null}
2025-09-19 20:46:09,808 [0df1231c-9f8a-4757-a7d0-f6d7f53bc482@group-A751954341BD-LeaderElection290] INFO  impl.LeaderElection (LogUtils.java:infoOrTrace(142)) - 0df1231c-9f8a-4757-a7d0-f6d7f53bc482@group-A751954341BD-LeaderElection290 got exception when requesting votes: java.util.concurrent.ExecutionException: org.apache.ratis.thirdparty.io.grpc.StatusRuntimeException: UNAVAILABLE: io exception
2025-09-19 20:46:09,808 [0df1231c-9f8a-4757-a7d0-f6d7f53bc482@group-A751954341BD-LeaderElection290] INFO  impl.LeaderElection (LogUtils.java:infoOrTrace(142)) - 0df1231c-9f8a-4757-a7d0-f6d7f53bc482@group-A751954341BD-LeaderElection290 got exception when requesting votes: java.util.concurrent.ExecutionException: org.apache.ratis.thirdparty.io.grpc.StatusRuntimeException: UNAVAILABLE: io exception
2025-09-19 20:46:09,808 [0df1231c-9f8a-4757-a7d0-f6d7f53bc482@group-A751954341BD-LeaderElection290] INFO  impl.LeaderElection (LeaderElection.java:logAndReturn(206)) - 0df1231c-9f8a-4757-a7d0-f6d7f53bc482@group-A751954341BD-LeaderElection290: PRE_VOTE REJECTED received 0 response(s) and 2 exception(s):
2025-09-19 20:46:09,808 [0df1231c-9f8a-4757-a7d0-f6d7f53bc482@group-A751954341BD-LeaderElection290] INFO  impl.LeaderElection (LogUtils.java:infoOrTrace(142)) -   Exception 0: java.util.concurrent.ExecutionException: org.apache.ratis.thirdparty.io.grpc.StatusRuntimeException: UNAVAILABLE: io exception
2025-09-19 20:46:09,808 [0df1231c-9f8a-4757-a7d0-f6d7f53bc482@group-A751954341BD-LeaderElection290] INFO  impl.LeaderElection (LogUtils.java:infoOrTrace(142)) -   Exception 1: java.util.concurrent.ExecutionException: org.apache.ratis.thirdparty.io.grpc.StatusRuntimeException: UNAVAILABLE: io exception
2025-09-19 20:46:09,808 [0df1231c-9f8a-4757-a7d0-f6d7f53bc482@group-A751954341BD-LeaderElection290] INFO  impl.LeaderElection (LeaderElection.java:askForVotes(450)) - 0df1231c-9f8a-4757-a7d0-f6d7f53bc482@group-A751954341BD-LeaderElection290 PRE_VOTE round 0: result REJECTED
2025-09-19 20:46:09,808 [0df1231c-9f8a-4757-a7d0-f6d7f53bc482@group-A751954341BD-LeaderElection290] INFO  server.RaftServer$Division (RaftServerImpl.java:setRole(392)) - 0df1231c-9f8a-4757-a7d0-f6d7f53bc482@group-A751954341BD: changes role from CANDIDATE to FOLLOWER at term 4 for REJECTED
2025-09-19 20:46:09,808 [0df1231c-9f8a-4757-a7d0-f6d7f53bc482@group-A751954341BD-LeaderElection290] INFO  impl.RoleInfo (RoleInfo.java:shutdownLeaderElection(141)) - 0df1231c-9f8a-4757-a7d0-f6d7f53bc482: shutdown 0df1231c-9f8a-4757-a7d0-f6d7f53bc482@group-A751954341BD-LeaderElection290
2025-09-19 20:46:09,808 [0df1231c-9f8a-4757-a7d0-f6d7f53bc482@group-A751954341BD-LeaderElection290] INFO  impl.RoleInfo (RoleInfo.java:updateAndGet(148)) - 0df1231c-9f8a-4757-a7d0-f6d7f53bc482: start 0df1231c-9f8a-4757-a7d0-f6d7f53bc482@group-A751954341BD-FollowerState
2025-09-19 20:46:10,012 [grpc-default-executor-8] ERROR impl.OrderedAsync (OrderedAsync.java:lambda$send$4(181)) - Failed to send request, message=cmdType: WriteChunk
traceID: ""
containerID: 2
datanodeUuid: "8eb9963e-bce0-4155-aea2-e442cadff8bd"
writeChunk {
  blockID {
    containerID: 2
    localID: 115816896921600008
    blockCommitSequenceId: 20
    replicaIndex: 0
  }
  chunkData {
    chunkName: "115816896921600008_chunk_3"
    offset: 2097152
    len: 524288
    checksumData {
      type: CRC32
      bytesPerChecksum: 16384
      checksums: "\326\360U\321"
      checksums: "\326\360U\321"
      checksums: "\326\360U\321"
      checksums: "\326\360U\321"
      checksums: "\326\360U\321"
      checksums: "\326\360U\321"
      checksums: "\326\360U\321"
      checksums: "\326\360U\321"
      checksums: "\326\360U\321"
      checksums: "\326\360U\321"
      checksums: "\326\360U\321"
      checksums: "\326\360U\321"
      checksums: "\326\360U\321"
      checksums: "\326\360U\321"
      checksums: "\326\360U\321"
      checksums: "\326\360U\321"
      checksums: "\326\360U\321"
      checksums: "\326\360U\321"
      checksums: "\326\360U\321"
      checksums: "\326\360U\321"
      checksums: "\326\360U\321"
      checksums: "\326\360U\321"
      checksums: "\326\360U\321"
      checksums: "\326\360U\321"
      checksums: "\326\360U\321"
      checksums: "\326\360U\321"
      checksums: "\326\360U\321"
      checksums: "\326\360U\321"
      checksums: "\326\360U\321"
      checksums: "\326\360U\321"
      checksums: "\326\360U\321"
      checksums: "H$\374\021"
    }
  }
}
version: 3
, data.size=524288
java.util.concurrent.CompletionException: org.apache.ratis.protocol.exceptions.RaftRetryFailureException: Failed RaftClientRequest:client-387E2729942B->8eb9963e-bce0-4155-aea2-e442cadff8bd@group-A751954341BD, cid=54, seq=6*, RW, cmdType: WriteChunk
traceID: ""
containerID: 2
datanodeUuid: "8eb9963e-bce0-4155-aea2-e442cadff8bd"
writeChunk {
  blockID {
    containerID: 2
    localID: 115816896921600008
    blockCommitSequenceId: 20
    replicaIndex: 0
  }
  chunkData {
    chunkName: "115816896921600008_chunk_3"
    offset: 2097152
    len: 524288
    checksumData {
      type: CRC32
      bytesPerChecksum: 16384
      checksums: "\326\360U\321"
      checksums: "\326\360U\321"
      checksums: "\326\360U\321"
      checksums: "\326\360U\321"
      checksums: "\326\360U\321"
      checksums: "\326\360U\321"
      checksums: "\326\360U\321"
      checksums: "\326\360U\321"
      checksums: "\326\360U\321"
      checksums: "\326\360U\321"
      checksums: "\326\360U\321"
      checksums: "\326\360U\321"
      checksums: "\326\360U\321"
      checksums: "\326\360U\321"
      checksums: "\326\360U\321"
      checksums: "\326\360U\321"
      checksums: "\326\360U\321"
      checksums: "\326\360U\321"
      checksums: "\326\360U\321"
      checksums: "\326\360U\321"
      checksums: "\326\360U\321"
      checksums: "\326\360U\321"
      checksums: "\326\360U\321"
      checksums: "\326\360U\321"
      checksums: "\326\360U\321"
      checksums: "\326\360U\321"
      checksums: "\326\360U\321"
      checksums: "\326\360U\321"
      checksums: "\326\360U\321"
      checksums: "\326\360U\321"
      checksums: "\326\360U\321"
      checksums: "H$\374\021"
    }
  }
}
version: 3
, data.size=524288 for 7 attempts with RequestTypeDependentRetryPolicy{WRITE->ExceptionDependentRetry(maxAttempts=2147483647; defaultPolicy=MultipleLinearRandomRetry[5x5s, 5x10s, 5x15s, 5x20s, 5x25s, 10x60s]; map={org.apache.ratis.protocol.exceptions.GroupMismatchException->NoRetry, org.apache.ratis.protocol.exceptions.NotReplicatedException->NoRetry, org.apache.ratis.protocol.exceptions.ResourceUnavailableException->org.apache.ratis.retry.ExponentialBackoffRetry@402d47ad, org.apache.ratis.protocol.exceptions.StateMachineException->NoRetry, org.apache.ratis.protocol.exceptions.TimeoutIOException->org.apache.ratis.retry.ExponentialBackoffRetry@402d47ad}), WATCH->ExceptionDependentRetry(maxAttempts=2147483647; defaultPolicy=MultipleLinearRandomRetry[5x5s, 5x10s, 5x15s, 5x20s, 5x25s, 10x60s]; map={org.apache.ratis.protocol.exceptions.GroupMismatchException->NoRetry, org.apache.ratis.protocol.exceptions.NotReplicatedException->NoRetry, org.apache.ratis.protocol.exceptions.ResourceUnavailableException->org.apache.ratis.retry.ExponentialBackoffRetry@402d47ad, org.apache.ratis.protocol.exceptions.StateMachineException->NoRetry, org.apache.ratis.protocol.exceptions.TimeoutIOException->NoRetry})}
	at java.base/java.util.concurrent.CompletableFuture.encodeThrowable(CompletableFuture.java:332)
	at java.base/java.util.concurrent.CompletableFuture.completeThrowable(CompletableFuture.java:347)
	at java.base/java.util.concurrent.CompletableFuture$UniApply.tryFire(CompletableFuture.java:636)
	at java.base/java.util.concurrent.CompletableFuture.postComplete(CompletableFuture.java:510)
	at java.base/java.util.concurrent.CompletableFuture.completeExceptionally(CompletableFuture.java:2194)
	at org.apache.ratis.client.impl.OrderedAsync$PendingOrderedRequest.fail(OrderedAsync.java:111)
	at org.apache.ratis.util.SlidingWindow$Client.fail(SlidingWindow.java:395)
	at org.apache.ratis.client.impl.OrderedAsync.failAllAsyncRequests(OrderedAsync.java:155)
	at org.apache.ratis.client.impl.OrderedAsync.handleException(OrderedAsync.java:239)
	at org.apache.ratis.client.impl.OrderedAsync.lambda$sendRequestWithRetry$7(OrderedAsync.java:217)
	at java.base/java.util.concurrent.CompletableFuture.uniExceptionally(CompletableFuture.java:990)
	at java.base/java.util.concurrent.CompletableFuture$UniExceptionally.tryFire(CompletableFuture.java:974)
	at java.base/java.util.concurrent.CompletableFuture.postComplete(CompletableFuture.java:510)
	at java.base/java.util.concurrent.CompletableFuture.completeExceptionally(CompletableFuture.java:2194)
	at org.apache.ratis.grpc.client.GrpcClientProtocolClient$AsyncStreamObservers.completeReplyExceptionally(GrpcClientProtocolClient.java:397)
	at org.apache.ratis.grpc.client.GrpcClientProtocolClient$AsyncStreamObservers.access$000(GrpcClientProtocolClient.java:303)
	at org.apache.ratis.grpc.client.GrpcClientProtocolClient$AsyncStreamObservers$1.onError(GrpcClientProtocolClient.java:334)
	at org.apache.ratis.thirdparty.io.grpc.stub.ClientCalls$StreamObserverToCallListenerAdapter.onClose(ClientCalls.java:564)
	at org.apache.ratis.thirdparty.io.grpc.PartialForwardingClientCallListener.onClose(PartialForwardingClientCallListener.java:39)
	at org.apache.ratis.thirdparty.io.grpc.ForwardingClientCallListener.onClose(ForwardingClientCallListener.java:23)
	at org.apache.ratis.grpc.metrics.intercept.client.MetricClientCallListener.onClose(MetricClientCallListener.java:47)
	at org.apache.ratis.thirdparty.io.grpc.internal.ClientCallImpl.closeObserver(ClientCallImpl.java:565)
	at org.apache.ratis.thirdparty.io.grpc.internal.ClientCallImpl.access$100(ClientCallImpl.java:72)
	at org.apache.ratis.thirdparty.io.grpc.internal.ClientCallImpl$ClientStreamListenerImpl$1StreamClosed.runInternal(ClientCallImpl.java:733)
	at org.apache.ratis.thirdparty.io.grpc.internal.ClientCallImpl$ClientStreamListenerImpl$1StreamClosed.runInContext(ClientCallImpl.java:714)
	at org.apache.ratis.thirdparty.io.grpc.internal.ContextRunnable.run(ContextRunnable.java:37)
	at org.apache.ratis.thirdparty.io.grpc.internal.SerializingExecutor.run(SerializingExecutor.java:133)
	at java.base/java.util.concurrent.ThreadPoolExecutor.runWorker(ThreadPoolExecutor.java:1144)
	at java.base/java.util.concurrent.ThreadPoolExecutor$Worker.run(ThreadPoolExecutor.java:642)
	at java.base/java.lang.Thread.run(Thread.java:1583)
Caused by: org.apache.ratis.protocol.exceptions.RaftRetryFailureException: Failed RaftClientRequest:client-387E2729942B->8eb9963e-bce0-4155-aea2-e442cadff8bd@group-A751954341BD, cid=54, seq=6*, RW, cmdType: WriteChunk
traceID: ""
containerID: 2
datanodeUuid: "8eb9963e-bce0-4155-aea2-e442cadff8bd"
writeChunk {
  blockID {
    containerID: 2
    localID: 115816896921600008
    blockCommitSequenceId: 20
    replicaIndex: 0
  }
  chunkData {
    chunkName: "115816896921600008_chunk_3"
    offset: 2097152
    len: 524288
    checksumData {
      type: CRC32
      bytesPerChecksum: 16384
      checksums: "\326\360U\321"
      checksums: "\326\360U\321"
      checksums: "\326\360U\321"
      checksums: "\326\360U\321"
      checksums: "\326\360U\321"
      checksums: "\326\360U\321"
      checksums: "\326\360U\321"
      checksums: "\326\360U\321"
      checksums: "\326\360U\321"
      checksums: "\326\360U\321"
      checksums: "\326\360U\321"
      checksums: "\326\360U\321"
      checksums: "\326\360U\321"
      checksums: "\326\360U\321"
      checksums: "\326\360U\321"
      checksums: "\326\360U\321"
      checksums: "\326\360U\321"
      checksums: "\326\360U\321"
      checksums: "\326\360U\321"
      checksums: "\326\360U\321"
      checksums: "\326\360U\321"
      checksums: "\326\360U\321"
      checksums: "\326\360U\321"
      checksums: "\326\360U\321"
      checksums: "\326\360U\321"
      checksums: "\326\360U\321"
      checksums: "\326\360U\321"
      checksums: "\326\360U\321"
      checksums: "\326\360U\321"
      checksums: "\326\360U\321"
      checksums: "\326\360U\321"
      checksums: "H$\374\021"
    }
  }
}
version: 3
, data.size=524288 for 7 attempts with RequestTypeDependentRetryPolicy{WRITE->ExceptionDependentRetry(maxAttempts=2147483647; defaultPolicy=MultipleLinearRandomRetry[5x5s, 5x10s, 5x15s, 5x20s, 5x25s, 10x60s]; map={org.apache.ratis.protocol.exceptions.GroupMismatchException->NoRetry, org.apache.ratis.protocol.exceptions.NotReplicatedException->NoRetry, org.apache.ratis.protocol.exceptions.ResourceUnavailableException->org.apache.ratis.retry.ExponentialBackoffRetry@402d47ad, org.apache.ratis.protocol.exceptions.StateMachineException->NoRetry, org.apache.ratis.protocol.exceptions.TimeoutIOException->org.apache.ratis.retry.ExponentialBackoffRetry@402d47ad}), WATCH->ExceptionDependentRetry(maxAttempts=2147483647; defaultPolicy=MultipleLinearRandomRetry[5x5s, 5x10s, 5x15s, 5x20s, 5x25s, 10x60s]; map={org.apache.ratis.protocol.exceptions.GroupMismatchException->NoRetry, org.apache.ratis.protocol.exceptions.NotReplicatedException->NoRetry, org.apache.ratis.protocol.exceptions.ResourceUnavailableException->org.apache.ratis.retry.ExponentialBackoffRetry@402d47ad, org.apache.ratis.protocol.exceptions.StateMachineException->NoRetry, org.apache.ratis.protocol.exceptions.TimeoutIOException->NoRetry})}
	at org.apache.ratis.client.impl.RaftClientImpl.noMoreRetries(RaftClientImpl.java:352)
	... 22 more
Caused by: java.io.IOException: org.apache.ratis.thirdparty.io.grpc.StatusRuntimeException: UNAVAILABLE: io exception
	at org.apache.ratis.grpc.GrpcUtil.unwrapException(GrpcUtil.java:99)
	at org.apache.ratis.grpc.GrpcUtil.unwrapIOException(GrpcUtil.java:159)
	at org.apache.ratis.grpc.client.GrpcClientProtocolClient$AsyncStreamObservers$1.onError(GrpcClientProtocolClient.java:333)
	... 13 more
Caused by: org.apache.ratis.thirdparty.io.grpc.StatusRuntimeException: UNAVAILABLE: io exception
	at org.apache.ratis.thirdparty.io.grpc.Status.asRuntimeException(Status.java:532)
	... 13 more
Caused by: org.apache.ratis.thirdparty.io.netty.channel.AbstractChannel$AnnotatedConnectException: finishConnect(..) failed: Connection refused: /127.0.0.1:15013
Caused by: java.net.ConnectException: finishConnect(..) failed: Connection refused
	at org.apache.ratis.thirdparty.io.netty.channel.unix.Errors.newConnectException0(Errors.java:166)
	at org.apache.ratis.thirdparty.io.netty.channel.unix.Errors.handleConnectErrno(Errors.java:131)
	at org.apache.ratis.thirdparty.io.netty.channel.unix.Socket.finishConnect(Socket.java:359)
	at org.apache.ratis.thirdparty.io.netty.channel.epoll.AbstractEpollChannel$AbstractEpollUnsafe.doFinishConnect(AbstractEpollChannel.java:715)
	at org.apache.ratis.thirdparty.io.netty.channel.epoll.AbstractEpollChannel$AbstractEpollUnsafe.finishConnect(AbstractEpollChannel.java:692)
	at org.apache.ratis.thirdparty.io.netty.channel.epoll.AbstractEpollChannel$AbstractEpollUnsafe.epollOutReady(AbstractEpollChannel.java:567)
	at org.apache.ratis.thirdparty.io.netty.channel.epoll.EpollEventLoop.processReady(EpollEventLoop.java:491)
	at org.apache.ratis.thirdparty.io.netty.channel.epoll.EpollEventLoop.run(EpollEventLoop.java:399)
	at org.apache.ratis.thirdparty.io.netty.util.concurrent.SingleThreadEventExecutor$4.run(SingleThreadEventExecutor.java:998)
	at org.apache.ratis.thirdparty.io.netty.util.internal.ThreadExecutorMap$2.run(ThreadExecutorMap.java:74)
	at org.apache.ratis.thirdparty.io.netty.util.concurrent.FastThreadLocalRunnable.run(FastThreadLocalRunnable.java:30)
	at java.base/java.lang.Thread.run(Thread.java:1583)
2025-09-19 20:46:10,013 [grpc-default-executor-8] ERROR impl.OrderedAsync (OrderedAsync.java:lambda$send$4(179)) - Failed to send request, message=cmdType: PutBlock
traceID: ""
containerID: 2
datanodeUuid: "8eb9963e-bce0-4155-aea2-e442cadff8bd"
putBlock {
  blockData {
    blockID {
      containerID: 2
      localID: 115816896921600008
      blockCommitSequenceId: 0
    }
    metadata {
      key: "TYPE"
      value: "KEY"
    }
    chunks {
      chunkName: "115816896921600008_chunk_1"
      offset: 0
      len: 1048576
      checksumData {
        type: CRC32
        bytesPerChecksum: 16384
        checksums: "\326\360U\321"
        checksums: "\326\360U\321"
        checksums: "\326\360U\321"
        checksums: "\326\360U\321"
        checksums: "\326\360U\321"
        checksums: "\326\360U\321"
        checksums: "\326\360U\321"
        checksums: "\326\360U\321"
        checksums: "\326\360U\321"
        checksums: "\326\360U\321"
        checksums: "\326\360U\321"
        checksums: "\326\360U\321"
        checksums: "\326\360U\321"
        checksums: "\326\360U\321"
        checksums: "\326\360U\321"
        checksums: "\326\360U\321"
        checksums: "\326\360U\321"
        checksums: "\326\360U\321"
        checksums: "\326\360U\321"
        checksums: "\326\360U\321"
        checksums: "\326\360U\321"
        checksums: "\326\360U\321"
        checksums: "\326\360U\321"
        checksums: "\326\360U\321"
        checksums: "\326\360U\321"
        checksums: "\326\360U\321"
        checksums: "\326\360U\321"
        checksums: "\326\360U\321"
        checksums: "\326\360U\321"
        checksums: "\326\360U\321"
        checksums: "\326\360U\321"
        checksums: "\326\360U\321"
        checksums: "\326\360U\321"
        checksums: "\326\360U\321"
        checksums: "\326\360U\321"
        checksums: "\326\360U\321"
        checksums: "\326\360U\321"
        checksums: "\326\360U\321"
        checksums: "\326\360U\321"
        checksums: "\326\360U\321"
        checksums: "\326\360U\321"
        checksums: "\326\360U\321"
        checksums: "\326\360U\321"
        checksums: "\326\360U\321"
        checksums: "\326\360U\321"
        checksums: "\326\360U\321"
        checksums: "\326\360U\321"
        checksums: "\326\360U\321"
        checksums: "\326\360U\321"
        checksums: "\326\360U\321"
        checksums: "\326\360U\321"
        checksums: "\326\360U\321"
        checksums: "\326\360U\321"
        checksums: "\326\360U\321"
        checksums: "\326\360U\321"
        checksums: "\326\360U\321"
        checksums: "\326\360U\321"
        checksums: "\326\360U\321"
        checksums: "\326\360U\321"
        checksums: "\326\360U\321"
        checksums: "\326\360U\321"
        checksums: "\326\360U\321"
        checksums: "\326\360U\321"
        checksums: "\326\360U\321"
      }
    }
    chunks {
      chunkName: "115816896921600008_chunk_2"
      offset: 1048576
      len: 1048576
      checksumData {
        type: CRC32
        bytesPerChecksum: 16384
        checksums: "\326\360U\321"
        checksums: "\326\360U\321"
        checksums: "\326\360U\321"
        checksums: "\326\360U\321"
        checksums: "\326\360U\321"
        checksums: "\326\360U\321"
        checksums: "\326\360U\321"
        checksums: "\326\360U\321"
        checksums: "\326\360U\321"
        checksums: "\326\360U\321"
        checksums: "\326\360U\321"
        checksums: "\326\360U\321"
        checksums: "\326\360U\321"
        checksums: "\326\360U\321"
        checksums: "\326\360U\321"
        checksums: "\326\360U\321"
        checksums: "\326\360U\321"
        checksums: "\326\360U\321"
        checksums: "\326\360U\321"
        checksums: "\326\360U\321"
        checksums: "\326\360U\321"
        checksums: "\326\360U\321"
        checksums: "\326\360U\321"
        checksums: "\326\360U\321"
        checksums: "\326\360U\321"
        checksums: "\326\360U\321"
        checksums: "\326\360U\321"
        checksums: "\326\360U\321"
        checksums: "\326\360U\321"
        checksums: "\326\360U\321"
        checksums: "\326\360U\321"
        checksums: "\326\360U\321"
        checksums: "\326\360U\321"
        checksums: "\326\360U\321"
        checksums: "\326\360U\321"
        checksums: "\326\360U\321"
        checksums: "\326\360U\321"
        checksums: "\326\360U\321"
        checksums: "\326\360U\321"
        checksums: "\326\360U\321"
        checksums: "\326\360U\321"
        checksums: "\326\360U\321"
        checksums: "\326\360U\321"
        checksums: "\326\360U\321"
        checksums: "\326\360U\321"
        checksums: "\326\360U\321"
        checksums: "\326\360U\321"
        checksums: "\326\360U\321"
        checksums: "\326\360U\321"
        checksums: "\326\360U\321"
        checksums: "\326\360U\321"
        checksums: "\326\360U\321"
        checksums: "\326\360U\321"
        checksums: "\326\360U\321"
        checksums: "\326\360U\321"
        checksums: "\326\360U\321"
        checksums: "\326\360U\321"
        checksums: "\326\360U\321"
        checksums: "\326\360U\321"
        checksums: "\326\360U\321"
        checksums: "\326\360U\321"
        checksums: "\326\360U\321"
        checksums: "\326\360U\321"
        checksums: "\326\360U\321"
      }
    }
    chunks {
      chunkName: "115816896921600008_chunk_3"
      offset: 2097152
      len: 524288
      checksumData {
        type: CRC32
        bytesPerChecksum: 16384
        checksums: "\326\360U\321"
        checksums: "\326\360U\321"
        checksums: "\326\360U\321"
        checksums: "\326\360U\321"
        checksums: "\326\360U\321"
        checksums: "\326\360U\321"
        checksums: "\326\360U\321"
        checksums: "\326\360U\321"
        checksums: "\326\360U\321"
        checksums: "\326\360U\321"
        checksums: "\326\360U\321"
        checksums: "\326\360U\321"
        checksums: "\326\360U\321"
        checksums: "\326\360U\321"
        checksums: "\326\360U\321"
        checksums: "\326\360U\321"
        checksums: "\326\360U\321"
        checksums: "\326\360U\321"
        checksums: "\326\360U\321"
        checksums: "\326\360U\321"
        checksums: "\326\360U\321"
        checksums: "\326\360U\321"
        checksums: "\326\360U\321"
        checksums: "\326\360U\321"
        checksums: "\326\360U\321"
        checksums: "\326\360U\321"
        checksums: "\326\360U\321"
        checksums: "\326\360U\321"
        checksums: "\326\360U\321"
        checksums: "\326\360U\321"
        checksums: "\326\360U\321"
        checksums: "H$\374\021"
      }
    }
  }
  eof: true
}
version: 3
, data.size=0 due to java.util.concurrent.CompletionException: org.apache.ratis.protocol.exceptions.AlreadyClosedException: SlidingWindow$Client:client-387E2729942B->RAFT is closed.
2025-09-19 20:46:10,014 [ForkJoinPool-1-worker-1] WARN  io.KeyOutputStream (KeyOutputStream.java:handleExceptionInternal(377)) - Encountered exception java.io.IOException: Unexpected Storage Container Exception: java.util.concurrent.CompletionException: Failed to write chunk 115816896921600008_chunk_3 into block conID: 2 locID: 115816896921600008 bcsId: 20 replicaIndex: null on the pipeline Pipeline{ Id: e102d630-0766-4c9c-a6ac-a751954341bd, Nodes: [ {8eb9963e-bce0-4155-aea2-e442cadff8bd(localhost/127.0.0.1), ReplicaIndex: 0}, {b5a25cc1-46d3-4381-a194-bd68f4526f1c(localhost/127.0.0.1), ReplicaIndex: 0}, {0df1231c-9f8a-4757-a7d0-f6d7f53bc482(localhost/127.0.0.1), ReplicaIndex: 0},], ReplicationConfig: RATIS/THREE, State:OPEN, leaderId:8eb9963e-bce0-4155-aea2-e442cadff8bd, CreationTimestamp2025-09-19T20:43:08.688Z[Etc/UTC]}. The last committed block length is 2097152, uncommitted data length is 524288 retry count 0
2025-09-19 20:46:10,067 [ForkJoinPool-1-worker-1] INFO  io.BlockOutputStreamEntry (BlockOutputStreamEntry.java:writeOnRetry(192)) - BlockOutputStreamEntry:93892153-7755-4a5d-bb40-5348bc083247 conID: 8 locID: 115816896921600009 bcsId: 0 replicaIndex: null: Finish retrying with len 524288, currentPosition 524288
2025-09-19 20:46:10,067 [ForkJoinPool-1-worker-1] INFO  io.BlockOutputStreamEntry (BlockOutputStreamEntry.java:finishRetryHandling(141)) - BlockOutputStreamEntry:93892153-7755-4a5d-bb40-5348bc083247 conID: 8 locID: 115816896921600009 bcsId: 0 replicaIndex: null: Exiting retry handling mode
]]></system-out>
  </testcase>
  <testcase name="testDatanodeExclusionWithMajorityCommit(ReplicationLevel)[1]" classname="org.apache.hadoop.ozone.client.rpc.TestFailureHandlingByClient" time="3.597">
    <system-out><![CDATA[2025-09-19 20:46:10,148 [ForkJoinPool-1-worker-1] WARN  dropwizard3.Dm3MetricRegistriesImpl (Dm3MetricRegistriesImpl.java:addReporterRegistration(114)) - New reporters are added after registries were created. Some metrics will be missing from the reporter. Please add reporter before adding any new registry.
2025-09-19 20:46:10,149 [ForkJoinPool-1-worker-1] WARN  dropwizard3.Dm3MetricRegistriesImpl (Dm3MetricRegistriesImpl.java:addReporterRegistration(114)) - New reporters are added after registries were created. Some metrics will be missing from the reporter. Please add reporter before adding any new registry.
2025-09-19 20:46:10,149 [ForkJoinPool-1-worker-1] INFO  impl.MetricsSystemImpl (MetricsSystemImpl.java:init(158)) - HddsDatanode metrics system started (again)
2025-09-19 20:46:10,166 [ForkJoinPool-1-worker-1] INFO  ozone.HddsDatanodeService (HddsDatanodeService.java:start(236)) - HddsDatanodeService 8eb9963e-bce0-4155-aea2-e442cadff8bd(localhost/127.0.0.1)
2025-09-19 20:46:10,167 [ForkJoinPool-1-worker-1] INFO  upgrade.AbstractLayoutVersionManager (AbstractLayoutVersionManager.java:init(80)) - Initializing Layout version manager with metadata layout = WITNESSED_CONTAINER_DB_PROTO_VALUE (version = 9), software layout = WITNESSED_CONTAINER_DB_PROTO_VALUE (version = 9)
2025-09-19 20:46:10,168 [ForkJoinPool-1-worker-1] INFO  statemachine.DatanodeStateMachine (DatanodeStateMachine.java:getEndPointTaskThreadPoolSize(321)) - Datanode State Machine Task Thread Pool size 2
2025-09-19 20:46:10,170 [ForkJoinPool-1-worker-1] INFO  volume.HddsVolume (HddsVolume.java:<init>(162)) - HddsVolume: { id=DS-3d966188-6e8b-4280-af48-36487f3106d4 dir=/home/runner/work/ozone/ozone/hadoop-ozone/integration-test/target/test-dir/MiniOzoneClusterImpl-990002c2-bb69-4aa2-bd68-28a5e13e86ef/ozone-metadata/datanode-1/data-0/hdds type=DISK capacity=9222449699674390527 used=0 available=9222449699674390527 minFree=9222450130714624 committed=0 }
2025-09-19 20:46:10,170 [ForkJoinPool-1-worker-1] INFO  volume.MutableVolumeSet (MutableVolumeSet.java:initializeVolumeSet(175)) - Added Volume : /home/runner/work/ozone/ozone/hadoop-ozone/integration-test/target/test-dir/MiniOzoneClusterImpl-990002c2-bb69-4aa2-bd68-28a5e13e86ef/ozone-metadata/datanode-1/data-0/hdds to VolumeSet
2025-09-19 20:46:10,171 [ForkJoinPool-1-worker-1] INFO  volume.MutableVolumeSet (MutableVolumeSet.java:initializeVolumeSet(175)) - Added Volume : /home/runner/work/ozone/ozone/hadoop-ozone/integration-test/target/test-dir/MiniOzoneClusterImpl-990002c2-bb69-4aa2-bd68-28a5e13e86ef/ozone-metadata/datanode-1/ratis to VolumeSet
2025-09-19 20:46:10,186 [ForkJoinPool.commonPool-worker-4] INFO  utils.DatanodeStoreCache (DatanodeStoreCache.java:addDB(70)) - Added db /home/runner/work/ozone/ozone/hadoop-ozone/integration-test/target/test-dir/MiniOzoneClusterImpl-990002c2-bb69-4aa2-bd68-28a5e13e86ef/ozone-metadata/datanode-1/data-0/hdds/990002c2-bb69-4aa2-bd68-28a5e13e86ef/DS-3d966188-6e8b-4280-af48-36487f3106d4/container.db to cache
2025-09-19 20:46:10,186 [ForkJoinPool.commonPool-worker-4] INFO  volume.HddsVolume (HddsVolume.java:loadDbStore(517)) - SchemaV3 db is loaded at /home/runner/work/ozone/ozone/hadoop-ozone/integration-test/target/test-dir/MiniOzoneClusterImpl-990002c2-bb69-4aa2-bd68-28a5e13e86ef/ozone-metadata/datanode-1/data-0/hdds/990002c2-bb69-4aa2-bd68-28a5e13e86ef/DS-3d966188-6e8b-4280-af48-36487f3106d4/container.db for volume DS-3d966188-6e8b-4280-af48-36487f3106d4
2025-09-19 20:46:10,186 [ForkJoinPool-1-worker-1] INFO  ozoneimpl.OzoneContainer (HddsVolumeUtil.java:loadAllHddsVolumeDbStore(102)) - Load 1 volumes DbStore cost: 15ms
2025-09-19 20:46:10,186 [ForkJoinPool-1-worker-1] WARN  db.DBStoreBuilder (DBStoreBuilder.java:getDBDirPath(158)) - ozone.scm.datanode.id.dir is not configured. We recommend adding this setting. Falling back to ozone.metadata.dirs instead.
2025-09-19 20:46:10,187 [ForkJoinPool-1-worker-1] WARN  db.DBStoreBuilder (DBStoreBuilder.java:getDBDirPath(158)) - ozone.scm.datanode.id.dir is not configured. We recommend adding this setting. Falling back to ozone.metadata.dirs instead.
2025-09-19 20:46:10,195 [ForkJoinPool-1-worker-1] INFO  impl.FilePerChunkStrategy (FilePerChunkStrategy.java:<init>(79)) - ozone.chunk.read.mapped.buffer.max.count is load with 0
2025-09-19 20:46:10,196 [ForkJoinPool-1-worker-1] INFO  impl.FilePerBlockStrategy (FilePerBlockStrategy.java:<init>(88)) - ozone.chunk.read.mapped.buffer.max.count is load with 0
2025-09-19 20:46:10,196 [ForkJoinPool-1-worker-1] INFO  server.RaftServerConfigKeys (ConfUtils.java:logGet(62)) - raft.server.log.appender.buffer.byte-limit = 33554432 (custom)
2025-09-19 20:46:10,197 [ForkJoinPool-1-worker-1] INFO  grpc.GrpcConfigKeys (ConfUtils.java:logFallback(69)) - raft.grpc.admin.host = null (fallback to raft.grpc.server.host)
2025-09-19 20:46:10,198 [ForkJoinPool-1-worker-1] INFO  grpc.GrpcConfigKeys (ConfUtils.java:logGet(62)) - raft.grpc.admin.port = 15014 (custom)
2025-09-19 20:46:10,198 [ForkJoinPool-1-worker-1] INFO  grpc.GrpcConfigKeys (ConfUtils.java:logFallback(69)) - raft.grpc.client.host = null (fallback to raft.grpc.server.host)
2025-09-19 20:46:10,198 [ForkJoinPool-1-worker-1] INFO  grpc.GrpcConfigKeys (ConfUtils.java:logGet(62)) - raft.grpc.client.port = 15013 (custom)
2025-09-19 20:46:10,198 [ForkJoinPool-1-worker-1] INFO  grpc.GrpcConfigKeys (ConfUtils.java:logGet(62)) - raft.grpc.server.port = 15015 (custom)
2025-09-19 20:46:10,198 [ForkJoinPool-1-worker-1] INFO  server.GrpcServicesImpl (ConfUtils.java:logGet(62)) - raft.grpc.message.size.max = 34603008 (custom)
2025-09-19 20:46:10,198 [ForkJoinPool-1-worker-1] INFO  server.GrpcServicesImpl (ConfUtils.java:logGet(62)) - raft.grpc.flow.control.window = 5MB (=5242880) (custom)
2025-09-19 20:46:10,198 [ForkJoinPool-1-worker-1] INFO  server.RaftServerConfigKeys (ConfUtils.java:logGet(62)) - raft.server.log.appender.buffer.byte-limit = 33554432 (custom)
2025-09-19 20:46:10,200 [ForkJoinPool-1-worker-1] INFO  netty.NettyUtils (NettyUtils.java:newEventLoopGroup(74)) - Create EpollEventLoopGroup for 8eb9963e-bce0-4155-aea2-e442cadff8bd-NettyServerStreamRpc-bossGroup; Thread size is 0.
2025-09-19 20:46:10,200 [ForkJoinPool-1-worker-1] INFO  netty.NettyUtils (NettyUtils.java:newEventLoopGroup(74)) - Create EpollEventLoopGroup for 8eb9963e-bce0-4155-aea2-e442cadff8bd-NettyServerStreamRpc-workerGroup; Thread size is 0.
2025-09-19 20:46:10,201 [ForkJoinPool-1-worker-1] INFO  netty.NettyConfigKeys$DataStream (ConfUtils.java:logGet(62)) - raft.netty.dataStream.port = 15016 (custom)
2025-09-19 20:46:10,201 [ForkJoinPool-1-worker-1] INFO  server.RaftServerConfigKeys (ConfUtils.java:logGet(62)) - raft.server.storage.dir = [/home/runner/work/ozone/ozone/hadoop-ozone/integration-test/target/test-dir/MiniOzoneClusterImpl-990002c2-bb69-4aa2-bd68-28a5e13e86ef/ozone-metadata/datanode-1/ratis] (custom)
2025-09-19 20:46:10,201 [8eb9963e-bce0-4155-aea2-e442cadff8bd-NettyServerStreamRpc-bossGroup--thread1] INFO  logging.LoggingHandler (AbstractInternalLogger.java:log(148)) - [id: 0x1348fcf9] REGISTERED
2025-09-19 20:46:10,202 [8eb9963e-bce0-4155-aea2-e442cadff8bd-NettyServerStreamRpc-bossGroup--thread1] INFO  logging.LoggingHandler (AbstractInternalLogger.java:log(148)) - [id: 0x1348fcf9] BIND: 0.0.0.0/0.0.0.0:15016
2025-09-19 20:46:10,202 [8eb9963e-bce0-4155-aea2-e442cadff8bd-impl-thread1] INFO  server.RaftServer (RaftServerProxy.java:initGroupDir(270)) - 8eb9963e-bce0-4155-aea2-e442cadff8bd: found a subdirectory /home/runner/work/ozone/ozone/hadoop-ozone/integration-test/target/test-dir/MiniOzoneClusterImpl-990002c2-bb69-4aa2-bd68-28a5e13e86ef/ozone-metadata/datanode-1/ratis/c953b843-7a8e-4433-916d-0133d85f5f20
2025-09-19 20:46:10,202 [8eb9963e-bce0-4155-aea2-e442cadff8bd-NettyServerStreamRpc-bossGroup--thread1] INFO  logging.LoggingHandler (AbstractInternalLogger.java:log(148)) - [id: 0x1348fcf9, L:/0.0.0.0:15016] ACTIVE
2025-09-19 20:46:10,202 [8eb9963e-bce0-4155-aea2-e442cadff8bd-impl-thread1] INFO  server.RaftServer (RaftServerProxy.java:addNew(105)) - 8eb9963e-bce0-4155-aea2-e442cadff8bd: addNew group-0133D85F5F20:[] returns group-0133D85F5F20:java.util.concurrent.CompletableFuture@ade35d4[Not completed]
2025-09-19 20:46:10,202 [8eb9963e-bce0-4155-aea2-e442cadff8bd-impl-thread1] INFO  server.RaftServer (RaftServerProxy.java:initGroupDir(270)) - 8eb9963e-bce0-4155-aea2-e442cadff8bd: found a subdirectory /home/runner/work/ozone/ozone/hadoop-ozone/integration-test/target/test-dir/MiniOzoneClusterImpl-990002c2-bb69-4aa2-bd68-28a5e13e86ef/ozone-metadata/datanode-1/ratis/tmp
2025-09-19 20:46:10,202 [8eb9963e-bce0-4155-aea2-e442cadff8bd-impl-thread1] INFO  server.RaftServer (RaftServerProxy.java:initGroupDir(275)) - 8eb9963e-bce0-4155-aea2-e442cadff8bd: The directory /home/runner/work/ozone/ozone/hadoop-ozone/integration-test/target/test-dir/MiniOzoneClusterImpl-990002c2-bb69-4aa2-bd68-28a5e13e86ef/ozone-metadata/datanode-1/ratis/tmp is not a group directory; ignoring it. 
2025-09-19 20:46:10,202 [8eb9963e-bce0-4155-aea2-e442cadff8bd-impl-thread1] INFO  server.RaftServer (RaftServerProxy.java:initGroupDir(270)) - 8eb9963e-bce0-4155-aea2-e442cadff8bd: found a subdirectory /home/runner/work/ozone/ozone/hadoop-ozone/integration-test/target/test-dir/MiniOzoneClusterImpl-990002c2-bb69-4aa2-bd68-28a5e13e86ef/ozone-metadata/datanode-1/ratis/e102d630-0766-4c9c-a6ac-a751954341bd
2025-09-19 20:46:10,202 [8eb9963e-bce0-4155-aea2-e442cadff8bd-impl-thread1] INFO  server.RaftServer (RaftServerProxy.java:addNew(105)) - 8eb9963e-bce0-4155-aea2-e442cadff8bd: addNew group-A751954341BD:[] returns group-A751954341BD:java.util.concurrent.CompletableFuture@69d0d8b5[Not completed]
2025-09-19 20:46:10,202 [8eb9963e-bce0-4155-aea2-e442cadff8bd-impl-thread1] INFO  server.RaftServer (RaftServerProxy.java:initGroupDir(270)) - 8eb9963e-bce0-4155-aea2-e442cadff8bd: found a subdirectory /home/runner/work/ozone/ozone/hadoop-ozone/integration-test/target/test-dir/MiniOzoneClusterImpl-990002c2-bb69-4aa2-bd68-28a5e13e86ef/ozone-metadata/datanode-1/ratis/958000d3-2396-49be-82e9-715ebf8096a7
2025-09-19 20:46:10,202 [8eb9963e-bce0-4155-aea2-e442cadff8bd-impl-thread1] INFO  server.RaftServer (RaftServerProxy.java:addNew(105)) - 8eb9963e-bce0-4155-aea2-e442cadff8bd: addNew group-715EBF8096A7:[] returns group-715EBF8096A7:java.util.concurrent.CompletableFuture@3b9e9e27[Not completed]
2025-09-19 20:46:10,202 [ForkJoinPool-1-worker-1] INFO  replication.ReplicationServer (ReplicationServer.java:<init>(84)) - Initializing replication server with thread count = 10 queue length = 4096
2025-09-19 20:46:10,203 [ForkJoinPool-1-worker-1] INFO  server.XceiverServerGrpc (XceiverServerGrpc.java:<init>(130)) - GrpcServer channel type EpollServerSocketChannel
2025-09-19 20:46:10,203 [8eb9963e-bce0-4155-aea2-e442cadff8bd-groupManagement] INFO  server.RaftServer$Division (RaftServerImpl.java:<init>(268)) - 8eb9963e-bce0-4155-aea2-e442cadff8bd: new RaftServerImpl for group-0133D85F5F20:[] with ContainerStateMachine:uninitialized
2025-09-19 20:46:10,203 [8eb9963e-bce0-4155-aea2-e442cadff8bd-groupManagement] INFO  server.RaftServer$Division (ServerState.java:<init>(114)) - 8eb9963e-bce0-4155-aea2-e442cadff8bd@group-0133D85F5F20: ConfigurationManager, init=conf: {index: -1, cur=peers:[]|listeners:[], old=null}, confs=<EMPTY_MAP>
2025-09-19 20:46:10,204 [ForkJoinPool-1-worker-1] INFO  replication.ReplicationSupervisor (ReplicationSupervisor.java:build(169)) - Initializing replication supervisor with thread count = 10
2025-09-19 20:46:10,204 [ForkJoinPool-1-worker-1] INFO  replication.ReplicationSupervisor (ReplicationSupervisor.java:nodeStateUpdated(358)) - Node state updated to IN_SERVICE, scaling executor pool size to 10
2025-09-19 20:46:10,207 [ForkJoinPool-1-worker-1] INFO  http.BaseHttpServer (BaseHttpServer.java:newHttpServer2BuilderForOzone(227)) - Starting Web-server for hddsDatanode at: http://0.0.0.0:15010
2025-09-19 20:46:10,207 [ForkJoinPool-1-worker-1] INFO  http.BaseHttpServer (BaseHttpServer.java:<init>(105)) - Hadoop Security Enabled: false Ozone Security Enabled: false Ozone HTTP Security Enabled: false 
2025-09-19 20:46:10,208 [8eb9963e-bce0-4155-aea2-e442cadff8bd-groupManagement] INFO  server.RaftServer$Division (RaftServerImpl.java:<init>(268)) - 8eb9963e-bce0-4155-aea2-e442cadff8bd: new RaftServerImpl for group-A751954341BD:[] with ContainerStateMachine:uninitialized
2025-09-19 20:46:10,208 [8eb9963e-bce0-4155-aea2-e442cadff8bd-groupManagement] INFO  server.RaftServer$Division (ServerState.java:<init>(114)) - 8eb9963e-bce0-4155-aea2-e442cadff8bd@group-A751954341BD: ConfigurationManager, init=conf: {index: -1, cur=peers:[]|listeners:[], old=null}, confs=<EMPTY_MAP>
2025-09-19 20:46:10,208 [ForkJoinPool-1-worker-1] WARN  server.AuthenticationFilter (AuthenticationFilter.java:constructSecretProvider(240)) - Unable to initialize FileSignerSecretProvider, falling back to use random secrets. Reason: Could not read signature secret file: /home/runner/hadoop-http-auth-signature-secret
2025-09-19 20:46:10,210 [ForkJoinPool-1-worker-1] INFO  http.HttpServer2 (HttpServer2.java:addGlobalFilter(1041)) - Added global filter 'safety' (class=org.apache.hadoop.hdds.server.http.HttpServer2$QuotingInputFilter)
2025-09-19 20:46:10,211 [ForkJoinPool-1-worker-1] INFO  http.HttpServer2 (HttpServer2.java:addFilter(1017)) - Added filter static_user_filter (class=org.apache.hadoop.http.lib.StaticUserWebFilter$StaticUserFilter) to context hddsDatanode
2025-09-19 20:46:10,211 [ForkJoinPool-1-worker-1] INFO  http.HttpServer2 (HttpServer2.java:addFilter(1025)) - Added filter static_user_filter (class=org.apache.hadoop.http.lib.StaticUserWebFilter$StaticUserFilter) to context logs
2025-09-19 20:46:10,211 [ForkJoinPool-1-worker-1] INFO  http.HttpServer2 (HttpServer2.java:addFilter(1025)) - Added filter static_user_filter (class=org.apache.hadoop.http.lib.StaticUserWebFilter$StaticUserFilter) to context static
2025-09-19 20:46:10,212 [ForkJoinPool-1-worker-1] INFO  http.BaseHttpServer (BaseHttpServer.java:<init>(193)) - HTTP server of hddsDatanode uses base directory /home/runner/work/ozone/ozone/hadoop-ozone/integration-test/target/test-dir/MiniOzoneClusterImpl-990002c2-bb69-4aa2-bd68-28a5e13e86ef/scm/ozone-metadata/webserver
2025-09-19 20:46:10,212 [8eb9963e-bce0-4155-aea2-e442cadff8bd-groupManagement] INFO  server.RaftServer$Division (RaftServerImpl.java:<init>(268)) - 8eb9963e-bce0-4155-aea2-e442cadff8bd: new RaftServerImpl for group-715EBF8096A7:[] with ContainerStateMachine:uninitialized
2025-09-19 20:46:10,212 [ForkJoinPool-1-worker-1] INFO  http.HttpServer2 (HttpServer2.java:bindListener(1241)) - Jetty bound to port 15010
2025-09-19 20:46:10,212 [8eb9963e-bce0-4155-aea2-e442cadff8bd-groupManagement] INFO  server.RaftServer$Division (ServerState.java:<init>(114)) - 8eb9963e-bce0-4155-aea2-e442cadff8bd@group-715EBF8096A7: ConfigurationManager, init=conf: {index: -1, cur=peers:[]|listeners:[], old=null}, confs=<EMPTY_MAP>
2025-09-19 20:46:10,212 [ForkJoinPool-1-worker-1] INFO  server.Server (Server.java:doStart(375)) - jetty-9.4.58.v20250814; built: 2025-08-14T02:28:49.637Z; git: 8f1440587e9e4ae7db3d74cf205643f3d707148d; jvm 21.0.8+9-LTS
2025-09-19 20:46:10,214 [ForkJoinPool-1-worker-1] INFO  server.session (DefaultSessionIdManager.java:doStart(334)) - DefaultSessionIdManager workerName=node0
2025-09-19 20:46:10,214 [ForkJoinPool-1-worker-1] INFO  server.session (DefaultSessionIdManager.java:doStart(339)) - No SessionScavenger set, using defaults
2025-09-19 20:46:10,215 [ForkJoinPool-1-worker-1] INFO  server.session (HouseKeeper.java:startScavenging(132)) - node0 Scavenging every 660000ms
2025-09-19 20:46:10,215 [ForkJoinPool-1-worker-1] INFO  handler.ContextHandler (ContextHandler.java:doStart(921)) - Started o.e.j.s.ServletContextHandler@58fbaf66{logs,/logs,file:///home/runner/work/ozone/ozone/hadoop-ozone/integration-test/target/log,AVAILABLE}
2025-09-19 20:46:10,216 [ForkJoinPool-1-worker-1] INFO  handler.ContextHandler (ContextHandler.java:doStart(921)) - Started o.e.j.s.ServletContextHandler@7984d48b{static,/static,jar:file:/home/runner/work/ozone/ozone/hadoop-hdds/container-service/target/hdds-container-service-2.1.0-SNAPSHOT.jar!/webapps/static,AVAILABLE}
2025-09-19 20:46:10,296 [0df1231c-9f8a-4757-a7d0-f6d7f53bc482@group-715EBF8096A7-FollowerState] INFO  impl.FollowerState (FollowerState.java:runImpl(161)) - 0df1231c-9f8a-4757-a7d0-f6d7f53bc482@group-715EBF8096A7-FollowerState: change to CANDIDATE, lastRpcElapsedTime:1026255807ns, electionTimeout:1026ms
2025-09-19 20:46:10,296 [0df1231c-9f8a-4757-a7d0-f6d7f53bc482@group-715EBF8096A7-FollowerState] INFO  impl.RoleInfo (RoleInfo.java:shutdownFollowerState(121)) - 0df1231c-9f8a-4757-a7d0-f6d7f53bc482: shutdown 0df1231c-9f8a-4757-a7d0-f6d7f53bc482@group-715EBF8096A7-FollowerState
2025-09-19 20:46:10,296 [0df1231c-9f8a-4757-a7d0-f6d7f53bc482@group-715EBF8096A7-FollowerState] INFO  server.RaftServer$Division (RaftServerImpl.java:setRole(392)) - 0df1231c-9f8a-4757-a7d0-f6d7f53bc482@group-715EBF8096A7: changes role from  FOLLOWER to CANDIDATE at term 7 for changeToCandidate
2025-09-19 20:46:10,296 [0df1231c-9f8a-4757-a7d0-f6d7f53bc482@group-715EBF8096A7-FollowerState] INFO  impl.RoleInfo (RoleInfo.java:updateAndGet(148)) - 0df1231c-9f8a-4757-a7d0-f6d7f53bc482: start 0df1231c-9f8a-4757-a7d0-f6d7f53bc482@group-715EBF8096A7-LeaderElection291
2025-09-19 20:46:10,296 [0df1231c-9f8a-4757-a7d0-f6d7f53bc482@group-715EBF8096A7-LeaderElection291] INFO  impl.LeaderElection (LeaderElection.java:askForVotes(448)) - 0df1231c-9f8a-4757-a7d0-f6d7f53bc482@group-715EBF8096A7-LeaderElection291 PRE_VOTE round 0: submit vote requests at term 7 for conf: {index: 15, cur=peers:[b5a25cc1-46d3-4381-a194-bd68f4526f1c|127.0.0.1:15031, 0df1231c-9f8a-4757-a7d0-f6d7f53bc482|127.0.0.1:15023, 8eb9963e-bce0-4155-aea2-e442cadff8bd|127.0.0.1:15015]|listeners:[], old=null}
2025-09-19 20:46:10,297 [0df1231c-9f8a-4757-a7d0-f6d7f53bc482@group-715EBF8096A7-LeaderElection291] INFO  impl.LeaderElection (LogUtils.java:infoOrTrace(142)) - 0df1231c-9f8a-4757-a7d0-f6d7f53bc482@group-715EBF8096A7-LeaderElection291 got exception when requesting votes: java.util.concurrent.ExecutionException: org.apache.ratis.thirdparty.io.grpc.StatusRuntimeException: UNAVAILABLE: io exception
2025-09-19 20:46:10,297 [0df1231c-9f8a-4757-a7d0-f6d7f53bc482@group-715EBF8096A7-LeaderElection291] INFO  impl.LeaderElection (LogUtils.java:infoOrTrace(142)) - 0df1231c-9f8a-4757-a7d0-f6d7f53bc482@group-715EBF8096A7-LeaderElection291 got exception when requesting votes: java.util.concurrent.ExecutionException: org.apache.ratis.thirdparty.io.grpc.StatusRuntimeException: UNAVAILABLE: io exception
2025-09-19 20:46:10,297 [0df1231c-9f8a-4757-a7d0-f6d7f53bc482@group-715EBF8096A7-LeaderElection291] INFO  impl.LeaderElection (LeaderElection.java:logAndReturn(206)) - 0df1231c-9f8a-4757-a7d0-f6d7f53bc482@group-715EBF8096A7-LeaderElection291: PRE_VOTE REJECTED received 0 response(s) and 2 exception(s):
2025-09-19 20:46:10,297 [0df1231c-9f8a-4757-a7d0-f6d7f53bc482@group-715EBF8096A7-LeaderElection291] INFO  impl.LeaderElection (LogUtils.java:infoOrTrace(142)) -   Exception 0: java.util.concurrent.ExecutionException: org.apache.ratis.thirdparty.io.grpc.StatusRuntimeException: UNAVAILABLE: io exception
2025-09-19 20:46:10,297 [0df1231c-9f8a-4757-a7d0-f6d7f53bc482@group-715EBF8096A7-LeaderElection291] INFO  impl.LeaderElection (LogUtils.java:infoOrTrace(142)) -   Exception 1: java.util.concurrent.ExecutionException: org.apache.ratis.thirdparty.io.grpc.StatusRuntimeException: UNAVAILABLE: io exception
2025-09-19 20:46:10,297 [0df1231c-9f8a-4757-a7d0-f6d7f53bc482@group-715EBF8096A7-LeaderElection291] INFO  impl.LeaderElection (LeaderElection.java:askForVotes(450)) - 0df1231c-9f8a-4757-a7d0-f6d7f53bc482@group-715EBF8096A7-LeaderElection291 PRE_VOTE round 0: result REJECTED
2025-09-19 20:46:10,297 [0df1231c-9f8a-4757-a7d0-f6d7f53bc482@group-715EBF8096A7-LeaderElection291] INFO  server.RaftServer$Division (RaftServerImpl.java:setRole(392)) - 0df1231c-9f8a-4757-a7d0-f6d7f53bc482@group-715EBF8096A7: changes role from CANDIDATE to FOLLOWER at term 7 for REJECTED
2025-09-19 20:46:10,297 [0df1231c-9f8a-4757-a7d0-f6d7f53bc482@group-715EBF8096A7-LeaderElection291] INFO  impl.RoleInfo (RoleInfo.java:shutdownLeaderElection(141)) - 0df1231c-9f8a-4757-a7d0-f6d7f53bc482: shutdown 0df1231c-9f8a-4757-a7d0-f6d7f53bc482@group-715EBF8096A7-LeaderElection291
2025-09-19 20:46:10,297 [0df1231c-9f8a-4757-a7d0-f6d7f53bc482@group-715EBF8096A7-LeaderElection291] INFO  impl.RoleInfo (RoleInfo.java:updateAndGet(148)) - 0df1231c-9f8a-4757-a7d0-f6d7f53bc482: start 0df1231c-9f8a-4757-a7d0-f6d7f53bc482@group-715EBF8096A7-FollowerState
2025-09-19 20:46:10,363 [ForkJoinPool-1-worker-1] INFO  handler.ContextHandler (ContextHandler.java:doStart(921)) - Started o.e.j.w.WebAppContext@5e344293{hddsDatanode,/,file:///home/runner/work/ozone/ozone/hadoop-ozone/integration-test/target/test-dir/MiniOzoneClusterImpl-990002c2-bb69-4aa2-bd68-28a5e13e86ef/scm/ozone-metadata/webserver/jetty-0_0_0_0-15010-hdds-container-service-2_1_0-SNAPSHOT_jar-_-any-5194688236132271560/webapp/,AVAILABLE}{jar:file:/home/runner/work/ozone/ozone/hadoop-hdds/container-service/target/hdds-container-service-2.1.0-SNAPSHOT.jar!/webapps/hddsDatanode}
2025-09-19 20:46:10,363 [ForkJoinPool-1-worker-1] INFO  server.AbstractConnector (AbstractConnector.java:doStart(333)) - Started ServerConnector@408a6c4b{HTTP/1.1, (http/1.1)}{0.0.0.0:15010}
2025-09-19 20:46:10,364 [ForkJoinPool-1-worker-1] INFO  server.Server (Server.java:doStart(415)) - Started @194582ms
2025-09-19 20:46:10,364 [ForkJoinPool-1-worker-1] WARN  impl.MetricsSystemImpl (MetricsSystemImpl.java:register(279)) - Sink prometheus already exists!
2025-09-19 20:46:10,364 [ForkJoinPool-1-worker-1] INFO  http.BaseHttpServer (BaseHttpServer.java:updateConnectorAddress(357)) - HTTP server of hddsDatanode listening at http://localhost:15010
2025-09-19 20:46:10,364 [ForkJoinPool-1-worker-1] INFO  ipc.CallQueueManager (CallQueueManager.java:<init>(93)) - Using callQueue: class java.util.concurrent.LinkedBlockingQueue, queueCapacity: 1000, scheduler: class org.apache.hadoop.ipc.DefaultRpcScheduler, ipcBackoff: false, ipcFailOver: false.
2025-09-19 20:46:10,365 [ForkJoinPool-1-worker-1] INFO  ipc.Server (Server.java:<init>(1438)) - Listener at 0.0.0.0:15011
2025-09-19 20:46:10,365 [Socket Reader #1 for port 15011] INFO  ipc.Server (Server.java:run(1474)) - Starting Socket Reader #1 for port 15011
2025-09-19 20:46:10,365 [Socket Reader #2 for port 15011] INFO  ipc.Server (Server.java:run(1474)) - Starting Socket Reader #2 for port 15011
2025-09-19 20:46:10,365 [Socket Reader #3 for port 15011] INFO  ipc.Server (Server.java:run(1474)) - Starting Socket Reader #3 for port 15011
2025-09-19 20:46:10,366 [Socket Reader #5 for port 15011] INFO  ipc.Server (Server.java:run(1474)) - Starting Socket Reader #5 for port 15011
2025-09-19 20:46:10,366 [Socket Reader #4 for port 15011] INFO  ipc.Server (Server.java:run(1474)) - Starting Socket Reader #4 for port 15011
2025-09-19 20:46:10,366 [Socket Reader #6 for port 15011] INFO  ipc.Server (Server.java:run(1474)) - Starting Socket Reader #6 for port 15011
2025-09-19 20:46:10,366 [Socket Reader #7 for port 15011] INFO  ipc.Server (Server.java:run(1474)) - Starting Socket Reader #7 for port 15011
2025-09-19 20:46:10,366 [Socket Reader #8 for port 15011] INFO  ipc.Server (Server.java:run(1474)) - Starting Socket Reader #8 for port 15011
2025-09-19 20:46:10,367 [Socket Reader #9 for port 15011] INFO  ipc.Server (Server.java:run(1474)) - Starting Socket Reader #9 for port 15011
2025-09-19 20:46:10,367 [Socket Reader #10 for port 15011] INFO  ipc.Server (Server.java:run(1474)) - Starting Socket Reader #10 for port 15011
2025-09-19 20:46:10,368 [ForkJoinPool-1-worker-1] INFO  ozone.HddsDatanodeService (HddsDatanodeService.java:start(333)) - Datanode start with admins: [admin, runner]
2025-09-19 20:46:10,368 [ForkJoinPool-1-worker-1] INFO  ozone.HddsDatanodeClientProtocolServer (HddsDatanodeClientProtocolServer.java:start(76)) - RPC server for Client /0.0.0.0:15011
2025-09-19 20:46:10,369 [IPC Server Responder] INFO  ipc.Server (Server.java:run(1713)) - IPC Server Responder: starting
2025-09-19 20:46:10,369 [IPC Server listener on 15011] INFO  ipc.Server (Server.java:run(1553)) - IPC Server listener on 15011: starting
2025-09-19 20:46:10,371 [8eb9963e-bce0-4155-aea2-e442cadff8bd-DatanodeStateMachineDaemonThread] INFO  statemachine.DatanodeStateMachine (DatanodeStateMachine.java:startStateMachineThread(363)) - Ozone container server started.
2025-09-19 20:46:10,372 [ForkJoinPool-1-worker-1] WARN  dropwizard3.Dm3MetricRegistriesImpl (Dm3MetricRegistriesImpl.java:addReporterRegistration(114)) - New reporters are added after registries were created. Some metrics will be missing from the reporter. Please add reporter before adding any new registry.
2025-09-19 20:46:10,372 [ForkJoinPool-1-worker-1] WARN  dropwizard3.Dm3MetricRegistriesImpl (Dm3MetricRegistriesImpl.java:addReporterRegistration(114)) - New reporters are added after registries were created. Some metrics will be missing from the reporter. Please add reporter before adding any new registry.
2025-09-19 20:46:10,372 [ForkJoinPool-1-worker-1] INFO  impl.MetricsSystemImpl (MetricsSystemImpl.java:init(158)) - HddsDatanode metrics system started (again)
2025-09-19 20:46:10,375 [8eb9963e-bce0-4155-aea2-e442cadff8bd-DatanodeStateMachineTaskThread-0] INFO  datanode.InitDatanodeState (InitDatanodeState.java:persistContainerDatanodeDetails(139)) - DatanodeDetails is persisted to /home/runner/work/ozone/ozone/hadoop-ozone/integration-test/target/test-dir/MiniOzoneClusterImpl-990002c2-bb69-4aa2-bd68-28a5e13e86ef/ozone-metadata/datanode-1/ozone-metadata/datanode.id
2025-09-19 20:46:10,396 [ForkJoinPool-1-worker-1] INFO  ozone.HddsDatanodeService (HddsDatanodeService.java:start(236)) - HddsDatanodeService b5a25cc1-46d3-4381-a194-bd68f4526f1c(localhost/127.0.0.1)
2025-09-19 20:46:10,397 [ForkJoinPool-1-worker-1] INFO  upgrade.AbstractLayoutVersionManager (AbstractLayoutVersionManager.java:init(80)) - Initializing Layout version manager with metadata layout = WITNESSED_CONTAINER_DB_PROTO_VALUE (version = 9), software layout = WITNESSED_CONTAINER_DB_PROTO_VALUE (version = 9)
2025-09-19 20:46:10,397 [ForkJoinPool-1-worker-1] INFO  statemachine.DatanodeStateMachine (DatanodeStateMachine.java:getEndPointTaskThreadPoolSize(321)) - Datanode State Machine Task Thread Pool size 2
2025-09-19 20:46:10,399 [ForkJoinPool-1-worker-1] INFO  volume.HddsVolume (HddsVolume.java:<init>(162)) - HddsVolume: { id=DS-00f21907-a1b3-4a4a-aa5e-0adcb3313994 dir=/home/runner/work/ozone/ozone/hadoop-ozone/integration-test/target/test-dir/MiniOzoneClusterImpl-990002c2-bb69-4aa2-bd68-28a5e13e86ef/ozone-metadata/datanode-3/data-0/hdds type=DISK capacity=9222449699674390527 used=0 available=9222449699674390527 minFree=9222450130714624 committed=0 }
2025-09-19 20:46:10,399 [ForkJoinPool-1-worker-1] INFO  volume.MutableVolumeSet (MutableVolumeSet.java:initializeVolumeSet(175)) - Added Volume : /home/runner/work/ozone/ozone/hadoop-ozone/integration-test/target/test-dir/MiniOzoneClusterImpl-990002c2-bb69-4aa2-bd68-28a5e13e86ef/ozone-metadata/datanode-3/data-0/hdds to VolumeSet
2025-09-19 20:46:10,400 [ForkJoinPool-1-worker-1] INFO  volume.MutableVolumeSet (MutableVolumeSet.java:initializeVolumeSet(175)) - Added Volume : /home/runner/work/ozone/ozone/hadoop-ozone/integration-test/target/test-dir/MiniOzoneClusterImpl-990002c2-bb69-4aa2-bd68-28a5e13e86ef/ozone-metadata/datanode-3/ratis to VolumeSet
2025-09-19 20:46:10,415 [ForkJoinPool.commonPool-worker-4] INFO  utils.DatanodeStoreCache (DatanodeStoreCache.java:addDB(70)) - Added db /home/runner/work/ozone/ozone/hadoop-ozone/integration-test/target/test-dir/MiniOzoneClusterImpl-990002c2-bb69-4aa2-bd68-28a5e13e86ef/ozone-metadata/datanode-3/data-0/hdds/990002c2-bb69-4aa2-bd68-28a5e13e86ef/DS-00f21907-a1b3-4a4a-aa5e-0adcb3313994/container.db to cache
2025-09-19 20:46:10,415 [ForkJoinPool.commonPool-worker-4] INFO  volume.HddsVolume (HddsVolume.java:loadDbStore(517)) - SchemaV3 db is loaded at /home/runner/work/ozone/ozone/hadoop-ozone/integration-test/target/test-dir/MiniOzoneClusterImpl-990002c2-bb69-4aa2-bd68-28a5e13e86ef/ozone-metadata/datanode-3/data-0/hdds/990002c2-bb69-4aa2-bd68-28a5e13e86ef/DS-00f21907-a1b3-4a4a-aa5e-0adcb3313994/container.db for volume DS-00f21907-a1b3-4a4a-aa5e-0adcb3313994
2025-09-19 20:46:10,415 [ForkJoinPool-1-worker-1] INFO  ozoneimpl.OzoneContainer (HddsVolumeUtil.java:loadAllHddsVolumeDbStore(102)) - Load 1 volumes DbStore cost: 15ms
2025-09-19 20:46:10,415 [ForkJoinPool-1-worker-1] WARN  db.DBStoreBuilder (DBStoreBuilder.java:getDBDirPath(158)) - ozone.scm.datanode.id.dir is not configured. We recommend adding this setting. Falling back to ozone.metadata.dirs instead.
2025-09-19 20:46:10,416 [ForkJoinPool-1-worker-1] WARN  db.DBStoreBuilder (DBStoreBuilder.java:getDBDirPath(158)) - ozone.scm.datanode.id.dir is not configured. We recommend adding this setting. Falling back to ozone.metadata.dirs instead.
2025-09-19 20:46:10,424 [ForkJoinPool-1-worker-1] INFO  impl.FilePerChunkStrategy (FilePerChunkStrategy.java:<init>(79)) - ozone.chunk.read.mapped.buffer.max.count is load with 0
2025-09-19 20:46:10,424 [ForkJoinPool-1-worker-1] INFO  impl.FilePerBlockStrategy (FilePerBlockStrategy.java:<init>(88)) - ozone.chunk.read.mapped.buffer.max.count is load with 0
2025-09-19 20:46:10,425 [ForkJoinPool-1-worker-1] INFO  server.RaftServerConfigKeys (ConfUtils.java:logGet(62)) - raft.server.log.appender.buffer.byte-limit = 33554432 (custom)
2025-09-19 20:46:10,426 [ForkJoinPool-1-worker-1] INFO  grpc.GrpcConfigKeys (ConfUtils.java:logFallback(69)) - raft.grpc.admin.host = null (fallback to raft.grpc.server.host)
2025-09-19 20:46:10,426 [ForkJoinPool-1-worker-1] INFO  grpc.GrpcConfigKeys (ConfUtils.java:logGet(62)) - raft.grpc.admin.port = 15030 (custom)
2025-09-19 20:46:10,426 [ForkJoinPool-1-worker-1] INFO  grpc.GrpcConfigKeys (ConfUtils.java:logFallback(69)) - raft.grpc.client.host = null (fallback to raft.grpc.server.host)
2025-09-19 20:46:10,427 [ForkJoinPool-1-worker-1] INFO  grpc.GrpcConfigKeys (ConfUtils.java:logGet(62)) - raft.grpc.client.port = 15029 (custom)
2025-09-19 20:46:10,427 [ForkJoinPool-1-worker-1] INFO  grpc.GrpcConfigKeys (ConfUtils.java:logGet(62)) - raft.grpc.server.port = 15031 (custom)
2025-09-19 20:46:10,427 [ForkJoinPool-1-worker-1] INFO  server.GrpcServicesImpl (ConfUtils.java:logGet(62)) - raft.grpc.message.size.max = 34603008 (custom)
2025-09-19 20:46:10,427 [ForkJoinPool-1-worker-1] INFO  server.GrpcServicesImpl (ConfUtils.java:logGet(62)) - raft.grpc.flow.control.window = 5MB (=5242880) (custom)
2025-09-19 20:46:10,427 [ForkJoinPool-1-worker-1] INFO  server.RaftServerConfigKeys (ConfUtils.java:logGet(62)) - raft.server.log.appender.buffer.byte-limit = 33554432 (custom)
2025-09-19 20:46:10,428 [ForkJoinPool-1-worker-1] INFO  netty.NettyUtils (NettyUtils.java:newEventLoopGroup(74)) - Create EpollEventLoopGroup for b5a25cc1-46d3-4381-a194-bd68f4526f1c-NettyServerStreamRpc-bossGroup; Thread size is 0.
2025-09-19 20:46:10,429 [ForkJoinPool-1-worker-1] INFO  netty.NettyUtils (NettyUtils.java:newEventLoopGroup(74)) - Create EpollEventLoopGroup for b5a25cc1-46d3-4381-a194-bd68f4526f1c-NettyServerStreamRpc-workerGroup; Thread size is 0.
2025-09-19 20:46:10,429 [ForkJoinPool-1-worker-1] INFO  netty.NettyConfigKeys$DataStream (ConfUtils.java:logGet(62)) - raft.netty.dataStream.port = 15032 (custom)
2025-09-19 20:46:10,429 [ForkJoinPool-1-worker-1] INFO  server.RaftServerConfigKeys (ConfUtils.java:logGet(62)) - raft.server.storage.dir = [/home/runner/work/ozone/ozone/hadoop-ozone/integration-test/target/test-dir/MiniOzoneClusterImpl-990002c2-bb69-4aa2-bd68-28a5e13e86ef/ozone-metadata/datanode-3/ratis] (custom)
2025-09-19 20:46:10,430 [b5a25cc1-46d3-4381-a194-bd68f4526f1c-NettyServerStreamRpc-bossGroup--thread1] INFO  logging.LoggingHandler (AbstractInternalLogger.java:log(148)) - [id: 0xfc393b6c] REGISTERED
2025-09-19 20:46:10,430 [b5a25cc1-46d3-4381-a194-bd68f4526f1c-NettyServerStreamRpc-bossGroup--thread1] INFO  logging.LoggingHandler (AbstractInternalLogger.java:log(148)) - [id: 0xfc393b6c] BIND: 0.0.0.0/0.0.0.0:15032
2025-09-19 20:46:10,430 [b5a25cc1-46d3-4381-a194-bd68f4526f1c-impl-thread1] INFO  server.RaftServer (RaftServerProxy.java:initGroupDir(270)) - b5a25cc1-46d3-4381-a194-bd68f4526f1c: found a subdirectory /home/runner/work/ozone/ozone/hadoop-ozone/integration-test/target/test-dir/MiniOzoneClusterImpl-990002c2-bb69-4aa2-bd68-28a5e13e86ef/ozone-metadata/datanode-3/ratis/tmp
2025-09-19 20:46:10,430 [b5a25cc1-46d3-4381-a194-bd68f4526f1c-NettyServerStreamRpc-bossGroup--thread1] INFO  logging.LoggingHandler (AbstractInternalLogger.java:log(148)) - [id: 0xfc393b6c, L:/0.0.0.0:15032] ACTIVE
2025-09-19 20:46:10,430 [b5a25cc1-46d3-4381-a194-bd68f4526f1c-impl-thread1] INFO  server.RaftServer (RaftServerProxy.java:initGroupDir(275)) - b5a25cc1-46d3-4381-a194-bd68f4526f1c: The directory /home/runner/work/ozone/ozone/hadoop-ozone/integration-test/target/test-dir/MiniOzoneClusterImpl-990002c2-bb69-4aa2-bd68-28a5e13e86ef/ozone-metadata/datanode-3/ratis/tmp is not a group directory; ignoring it. 
2025-09-19 20:46:10,430 [b5a25cc1-46d3-4381-a194-bd68f4526f1c-impl-thread1] INFO  server.RaftServer (RaftServerProxy.java:initGroupDir(270)) - b5a25cc1-46d3-4381-a194-bd68f4526f1c: found a subdirectory /home/runner/work/ozone/ozone/hadoop-ozone/integration-test/target/test-dir/MiniOzoneClusterImpl-990002c2-bb69-4aa2-bd68-28a5e13e86ef/ozone-metadata/datanode-3/ratis/e102d630-0766-4c9c-a6ac-a751954341bd
2025-09-19 20:46:10,430 [b5a25cc1-46d3-4381-a194-bd68f4526f1c-impl-thread1] INFO  server.RaftServer (RaftServerProxy.java:addNew(105)) - b5a25cc1-46d3-4381-a194-bd68f4526f1c: addNew group-A751954341BD:[] returns group-A751954341BD:java.util.concurrent.CompletableFuture@71dcf62f[Not completed]
2025-09-19 20:46:10,430 [b5a25cc1-46d3-4381-a194-bd68f4526f1c-impl-thread1] INFO  server.RaftServer (RaftServerProxy.java:initGroupDir(270)) - b5a25cc1-46d3-4381-a194-bd68f4526f1c: found a subdirectory /home/runner/work/ozone/ozone/hadoop-ozone/integration-test/target/test-dir/MiniOzoneClusterImpl-990002c2-bb69-4aa2-bd68-28a5e13e86ef/ozone-metadata/datanode-3/ratis/7b6acda8-b144-4fc3-891d-88b5b3dd1307
2025-09-19 20:46:10,431 [b5a25cc1-46d3-4381-a194-bd68f4526f1c-impl-thread1] INFO  server.RaftServer (RaftServerProxy.java:addNew(105)) - b5a25cc1-46d3-4381-a194-bd68f4526f1c: addNew group-88B5B3DD1307:[] returns group-88B5B3DD1307:java.util.concurrent.CompletableFuture@7fd9e6b1[Not completed]
2025-09-19 20:46:10,431 [b5a25cc1-46d3-4381-a194-bd68f4526f1c-impl-thread1] INFO  server.RaftServer (RaftServerProxy.java:initGroupDir(270)) - b5a25cc1-46d3-4381-a194-bd68f4526f1c: found a subdirectory /home/runner/work/ozone/ozone/hadoop-ozone/integration-test/target/test-dir/MiniOzoneClusterImpl-990002c2-bb69-4aa2-bd68-28a5e13e86ef/ozone-metadata/datanode-3/ratis/958000d3-2396-49be-82e9-715ebf8096a7
2025-09-19 20:46:10,431 [b5a25cc1-46d3-4381-a194-bd68f4526f1c-impl-thread1] INFO  server.RaftServer (RaftServerProxy.java:addNew(105)) - b5a25cc1-46d3-4381-a194-bd68f4526f1c: addNew group-715EBF8096A7:[] returns group-715EBF8096A7:java.util.concurrent.CompletableFuture@4067a402[Not completed]
2025-09-19 20:46:10,431 [ForkJoinPool-1-worker-1] INFO  replication.ReplicationServer (ReplicationServer.java:<init>(84)) - Initializing replication server with thread count = 10 queue length = 4096
2025-09-19 20:46:10,431 [b5a25cc1-46d3-4381-a194-bd68f4526f1c-groupManagement] INFO  server.RaftServer$Division (RaftServerImpl.java:<init>(268)) - b5a25cc1-46d3-4381-a194-bd68f4526f1c: new RaftServerImpl for group-A751954341BD:[] with ContainerStateMachine:uninitialized
2025-09-19 20:46:10,431 [ForkJoinPool-1-worker-1] INFO  server.XceiverServerGrpc (XceiverServerGrpc.java:<init>(130)) - GrpcServer channel type EpollServerSocketChannel
2025-09-19 20:46:10,432 [b5a25cc1-46d3-4381-a194-bd68f4526f1c-groupManagement] INFO  server.RaftServer$Division (ServerState.java:<init>(114)) - b5a25cc1-46d3-4381-a194-bd68f4526f1c@group-A751954341BD: ConfigurationManager, init=conf: {index: -1, cur=peers:[]|listeners:[], old=null}, confs=<EMPTY_MAP>
2025-09-19 20:46:10,433 [ForkJoinPool-1-worker-1] INFO  replication.ReplicationSupervisor (ReplicationSupervisor.java:build(169)) - Initializing replication supervisor with thread count = 10
2025-09-19 20:46:10,433 [ForkJoinPool-1-worker-1] INFO  replication.ReplicationSupervisor (ReplicationSupervisor.java:nodeStateUpdated(358)) - Node state updated to IN_SERVICE, scaling executor pool size to 10
2025-09-19 20:46:10,436 [ForkJoinPool-1-worker-1] INFO  http.BaseHttpServer (BaseHttpServer.java:newHttpServer2BuilderForOzone(227)) - Starting Web-server for hddsDatanode at: http://0.0.0.0:15026
2025-09-19 20:46:10,436 [ForkJoinPool-1-worker-1] INFO  http.BaseHttpServer (BaseHttpServer.java:<init>(105)) - Hadoop Security Enabled: false Ozone Security Enabled: false Ozone HTTP Security Enabled: false 
2025-09-19 20:46:10,436 [b5a25cc1-46d3-4381-a194-bd68f4526f1c-groupManagement] INFO  server.RaftServer$Division (RaftServerImpl.java:<init>(268)) - b5a25cc1-46d3-4381-a194-bd68f4526f1c: new RaftServerImpl for group-88B5B3DD1307:[] with ContainerStateMachine:uninitialized
2025-09-19 20:46:10,436 [b5a25cc1-46d3-4381-a194-bd68f4526f1c-groupManagement] INFO  server.RaftServer$Division (ServerState.java:<init>(114)) - b5a25cc1-46d3-4381-a194-bd68f4526f1c@group-88B5B3DD1307: ConfigurationManager, init=conf: {index: -1, cur=peers:[]|listeners:[], old=null}, confs=<EMPTY_MAP>
2025-09-19 20:46:10,437 [ForkJoinPool-1-worker-1] WARN  server.AuthenticationFilter (AuthenticationFilter.java:constructSecretProvider(240)) - Unable to initialize FileSignerSecretProvider, falling back to use random secrets. Reason: Could not read signature secret file: /home/runner/hadoop-http-auth-signature-secret
2025-09-19 20:46:10,440 [ForkJoinPool-1-worker-1] INFO  http.HttpServer2 (HttpServer2.java:addGlobalFilter(1041)) - Added global filter 'safety' (class=org.apache.hadoop.hdds.server.http.HttpServer2$QuotingInputFilter)
2025-09-19 20:46:10,441 [ForkJoinPool-1-worker-1] INFO  http.HttpServer2 (HttpServer2.java:addFilter(1017)) - Added filter static_user_filter (class=org.apache.hadoop.http.lib.StaticUserWebFilter$StaticUserFilter) to context hddsDatanode
2025-09-19 20:46:10,441 [ForkJoinPool-1-worker-1] INFO  http.HttpServer2 (HttpServer2.java:addFilter(1025)) - Added filter static_user_filter (class=org.apache.hadoop.http.lib.StaticUserWebFilter$StaticUserFilter) to context logs
2025-09-19 20:46:10,441 [ForkJoinPool-1-worker-1] INFO  http.HttpServer2 (HttpServer2.java:addFilter(1025)) - Added filter static_user_filter (class=org.apache.hadoop.http.lib.StaticUserWebFilter$StaticUserFilter) to context static
2025-09-19 20:46:10,441 [ForkJoinPool-1-worker-1] INFO  http.BaseHttpServer (BaseHttpServer.java:<init>(193)) - HTTP server of hddsDatanode uses base directory /home/runner/work/ozone/ozone/hadoop-ozone/integration-test/target/test-dir/MiniOzoneClusterImpl-990002c2-bb69-4aa2-bd68-28a5e13e86ef/scm/ozone-metadata/webserver
2025-09-19 20:46:10,442 [ForkJoinPool-1-worker-1] INFO  http.HttpServer2 (HttpServer2.java:bindListener(1241)) - Jetty bound to port 15026
2025-09-19 20:46:10,442 [ForkJoinPool-1-worker-1] INFO  server.Server (Server.java:doStart(375)) - jetty-9.4.58.v20250814; built: 2025-08-14T02:28:49.637Z; git: 8f1440587e9e4ae7db3d74cf205643f3d707148d; jvm 21.0.8+9-LTS
2025-09-19 20:46:10,443 [ForkJoinPool-1-worker-1] INFO  server.session (DefaultSessionIdManager.java:doStart(334)) - DefaultSessionIdManager workerName=node0
2025-09-19 20:46:10,443 [ForkJoinPool-1-worker-1] INFO  server.session (DefaultSessionIdManager.java:doStart(339)) - No SessionScavenger set, using defaults
2025-09-19 20:46:10,443 [ForkJoinPool-1-worker-1] INFO  server.session (HouseKeeper.java:startScavenging(132)) - node0 Scavenging every 600000ms
2025-09-19 20:46:10,444 [ForkJoinPool-1-worker-1] INFO  handler.ContextHandler (ContextHandler.java:doStart(921)) - Started o.e.j.s.ServletContextHandler@411ac28{logs,/logs,file:///home/runner/work/ozone/ozone/hadoop-ozone/integration-test/target/log,AVAILABLE}
2025-09-19 20:46:10,444 [ForkJoinPool-1-worker-1] INFO  handler.ContextHandler (ContextHandler.java:doStart(921)) - Started o.e.j.s.ServletContextHandler@4ece87e3{static,/static,jar:file:/home/runner/work/ozone/ozone/hadoop-hdds/container-service/target/hdds-container-service-2.1.0-SNAPSHOT.jar!/webapps/static,AVAILABLE}
2025-09-19 20:46:10,444 [b5a25cc1-46d3-4381-a194-bd68f4526f1c-groupManagement] INFO  server.RaftServer$Division (RaftServerImpl.java:<init>(268)) - b5a25cc1-46d3-4381-a194-bd68f4526f1c: new RaftServerImpl for group-715EBF8096A7:[] with ContainerStateMachine:uninitialized
2025-09-19 20:46:10,445 [b5a25cc1-46d3-4381-a194-bd68f4526f1c-groupManagement] INFO  server.RaftServer$Division (ServerState.java:<init>(114)) - b5a25cc1-46d3-4381-a194-bd68f4526f1c@group-715EBF8096A7: ConfigurationManager, init=conf: {index: -1, cur=peers:[]|listeners:[], old=null}, confs=<EMPTY_MAP>
2025-09-19 20:46:10,586 [ForkJoinPool-1-worker-1] INFO  handler.ContextHandler (ContextHandler.java:doStart(921)) - Started o.e.j.w.WebAppContext@7f416700{hddsDatanode,/,file:///home/runner/work/ozone/ozone/hadoop-ozone/integration-test/target/test-dir/MiniOzoneClusterImpl-990002c2-bb69-4aa2-bd68-28a5e13e86ef/scm/ozone-metadata/webserver/jetty-0_0_0_0-15026-hdds-container-service-2_1_0-SNAPSHOT_jar-_-any-8480255441520392157/webapp/,AVAILABLE}{jar:file:/home/runner/work/ozone/ozone/hadoop-hdds/container-service/target/hdds-container-service-2.1.0-SNAPSHOT.jar!/webapps/hddsDatanode}
2025-09-19 20:46:10,587 [ForkJoinPool-1-worker-1] INFO  server.AbstractConnector (AbstractConnector.java:doStart(333)) - Started ServerConnector@6055ad0b{HTTP/1.1, (http/1.1)}{0.0.0.0:15026}
2025-09-19 20:46:10,587 [ForkJoinPool-1-worker-1] INFO  server.Server (Server.java:doStart(415)) - Started @194805ms
2025-09-19 20:46:10,587 [ForkJoinPool-1-worker-1] WARN  impl.MetricsSystemImpl (MetricsSystemImpl.java:register(279)) - Sink prometheus already exists!
2025-09-19 20:46:10,587 [ForkJoinPool-1-worker-1] INFO  http.BaseHttpServer (BaseHttpServer.java:updateConnectorAddress(357)) - HTTP server of hddsDatanode listening at http://localhost:15026
2025-09-19 20:46:10,588 [ForkJoinPool-1-worker-1] INFO  ipc.CallQueueManager (CallQueueManager.java:<init>(93)) - Using callQueue: class java.util.concurrent.LinkedBlockingQueue, queueCapacity: 1000, scheduler: class org.apache.hadoop.ipc.DefaultRpcScheduler, ipcBackoff: false, ipcFailOver: false.
2025-09-19 20:46:10,588 [ForkJoinPool-1-worker-1] INFO  ipc.Server (Server.java:<init>(1438)) - Listener at 0.0.0.0:15027
2025-09-19 20:46:10,588 [Socket Reader #1 for port 15027] INFO  ipc.Server (Server.java:run(1474)) - Starting Socket Reader #1 for port 15027
2025-09-19 20:46:10,588 [Socket Reader #2 for port 15027] INFO  ipc.Server (Server.java:run(1474)) - Starting Socket Reader #2 for port 15027
2025-09-19 20:46:10,589 [Socket Reader #3 for port 15027] INFO  ipc.Server (Server.java:run(1474)) - Starting Socket Reader #3 for port 15027
2025-09-19 20:46:10,589 [Socket Reader #4 for port 15027] INFO  ipc.Server (Server.java:run(1474)) - Starting Socket Reader #4 for port 15027
2025-09-19 20:46:10,589 [Socket Reader #5 for port 15027] INFO  ipc.Server (Server.java:run(1474)) - Starting Socket Reader #5 for port 15027
2025-09-19 20:46:10,589 [Socket Reader #6 for port 15027] INFO  ipc.Server (Server.java:run(1474)) - Starting Socket Reader #6 for port 15027
2025-09-19 20:46:10,589 [Socket Reader #7 for port 15027] INFO  ipc.Server (Server.java:run(1474)) - Starting Socket Reader #7 for port 15027
2025-09-19 20:46:10,589 [Socket Reader #8 for port 15027] INFO  ipc.Server (Server.java:run(1474)) - Starting Socket Reader #8 for port 15027
2025-09-19 20:46:10,589 [Socket Reader #9 for port 15027] INFO  ipc.Server (Server.java:run(1474)) - Starting Socket Reader #9 for port 15027
2025-09-19 20:46:10,590 [Socket Reader #10 for port 15027] INFO  ipc.Server (Server.java:run(1474)) - Starting Socket Reader #10 for port 15027
2025-09-19 20:46:10,591 [ForkJoinPool-1-worker-1] INFO  ozone.HddsDatanodeService (HddsDatanodeService.java:start(333)) - Datanode start with admins: [admin, runner]
2025-09-19 20:46:10,591 [ForkJoinPool-1-worker-1] INFO  ozone.HddsDatanodeClientProtocolServer (HddsDatanodeClientProtocolServer.java:start(76)) - RPC server for Client /0.0.0.0:15027
2025-09-19 20:46:10,592 [IPC Server Responder] INFO  ipc.Server (Server.java:run(1713)) - IPC Server Responder: starting
2025-09-19 20:46:10,592 [IPC Server listener on 15027] INFO  ipc.Server (Server.java:run(1553)) - IPC Server listener on 15027: starting
2025-09-19 20:46:10,594 [ForkJoinPool-1-worker-1] INFO  ozone.MiniOzoneClusterImpl (MiniOzoneClusterImpl.java:lambda$waitForClusterToBeReady$0(181)) - Nodes are ready. Got 10 of 10 DN Heartbeats.
2025-09-19 20:46:10,594 [ForkJoinPool-1-worker-1] INFO  ozone.MiniOzoneClusterImpl (MiniOzoneClusterImpl.java:lambda$waitForClusterToBeReady$0(184)) - Cluster exits safe mode
2025-09-19 20:46:10,594 [ForkJoinPool-1-worker-1] INFO  ozone.MiniOzoneClusterImpl (MiniOzoneClusterImpl.java:lambda$waitForClusterToBeReady$0(186)) - SCM became leader
2025-09-19 20:46:10,595 [b5a25cc1-46d3-4381-a194-bd68f4526f1c-DatanodeStateMachineDaemonThread] INFO  statemachine.DatanodeStateMachine (DatanodeStateMachine.java:startStateMachineThread(363)) - Ozone container server started.
2025-09-19 20:46:10,599 [b5a25cc1-46d3-4381-a194-bd68f4526f1c-DatanodeStateMachineTaskThread-0] INFO  datanode.InitDatanodeState (InitDatanodeState.java:persistContainerDatanodeDetails(139)) - DatanodeDetails is persisted to /home/runner/work/ozone/ozone/hadoop-ozone/integration-test/target/test-dir/MiniOzoneClusterImpl-990002c2-bb69-4aa2-bd68-28a5e13e86ef/ozone-metadata/datanode-3/ozone-metadata/datanode.id
2025-09-19 20:46:10,602 [timer2] ERROR impl.OrderedAsync (OrderedAsync.java:lambda$null$6(215)) -  (Repeated 2 times in the last 5.000s) client-387E2729942B: Failed* RaftClientRequest:client-387E2729942B->8eb9963e-bce0-4155-aea2-e442cadff8bd@group-A751954341BD, cid=54, seq=6*, RW, cmdType: WriteChunk
traceID: ""
containerID: 2
datanodeUuid: "8eb9963e-bce0-4155-aea2-e442cadff8bd"
writeChunk {
  blockID {
    containerID: 2
    localID: 115816896921600008
    blockCommitSequenceId: 20
    replicaIndex: 0
  }
  chunkData {
    chunkName: "115816896921600008_chunk_3"
    offset: 2097152
    len: 524288
    checksumData {
      type: CRC32
      bytesPerChecksum: 16384
      checksums: "\326\360U\321"
      checksums: "\326\360U\321"
      checksums: "\326\360U\321"
      checksums: "\326\360U\321"
      checksums: "\326\360U\321"
      checksums: "\326\360U\321"
      checksums: "\326\360U\321"
      checksums: "\326\360U\321"
      checksums: "\326\360U\321"
      checksums: "\326\360U\321"
      checksums: "\326\360U\321"
      checksums: "\326\360U\321"
      checksums: "\326\360U\321"
      checksums: "\326\360U\321"
      checksums: "\326\360U\321"
      checksums: "\326\360U\321"
      checksums: "\326\360U\321"
      checksums: "\326\360U\321"
      checksums: "\326\360U\321"
      checksums: "\326\360U\321"
      checksums: "\326\360U\321"
      checksums: "\326\360U\321"
      checksums: "\326\360U\321"
      checksums: "\326\360U\321"
      checksums: "\326\360U\321"
      checksums: "\326\360U\321"
      checksums: "\326\360U\321"
      checksums: "\326\360U\321"
      checksums: "\326\360U\321"
      checksums: "\326\360U\321"
      checksums: "\326\360U\321"
      checksums: "H$\374\021"
    }
  }
}
version: 3
, data.size=524288
java.util.concurrent.CompletionException: java.io.IOException: org.apache.ratis.thirdparty.io.grpc.StatusRuntimeException: UNAVAILABLE: io exception
	at java.base/java.util.concurrent.CompletableFuture.encodeThrowable(CompletableFuture.java:332)
	at java.base/java.util.concurrent.CompletableFuture.completeThrowable(CompletableFuture.java:347)
	at java.base/java.util.concurrent.CompletableFuture$UniAccept.tryFire(CompletableFuture.java:708)
	at java.base/java.util.concurrent.CompletableFuture.postComplete(CompletableFuture.java:510)
	at java.base/java.util.concurrent.CompletableFuture.completeExceptionally(CompletableFuture.java:2194)
	at org.apache.ratis.grpc.client.GrpcClientProtocolClient$AsyncStreamObservers.completeReplyExceptionally(GrpcClientProtocolClient.java:397)
	at org.apache.ratis.grpc.client.GrpcClientProtocolClient$AsyncStreamObservers.access$000(GrpcClientProtocolClient.java:303)
	at org.apache.ratis.grpc.client.GrpcClientProtocolClient$AsyncStreamObservers$1.onError(GrpcClientProtocolClient.java:334)
	at org.apache.ratis.thirdparty.io.grpc.stub.ClientCalls$StreamObserverToCallListenerAdapter.onClose(ClientCalls.java:564)
	at org.apache.ratis.thirdparty.io.grpc.PartialForwardingClientCallListener.onClose(PartialForwardingClientCallListener.java:39)
	at org.apache.ratis.thirdparty.io.grpc.ForwardingClientCallListener.onClose(ForwardingClientCallListener.java:23)
	at org.apache.ratis.grpc.metrics.intercept.client.MetricClientCallListener.onClose(MetricClientCallListener.java:47)
	at org.apache.ratis.thirdparty.io.grpc.internal.ClientCallImpl.closeObserver(ClientCallImpl.java:565)
	at org.apache.ratis.thirdparty.io.grpc.internal.ClientCallImpl.access$100(ClientCallImpl.java:72)
	at org.apache.ratis.thirdparty.io.grpc.internal.ClientCallImpl$ClientStreamListenerImpl$1StreamClosed.runInternal(ClientCallImpl.java:733)
	at org.apache.ratis.thirdparty.io.grpc.internal.ClientCallImpl$ClientStreamListenerImpl$1StreamClosed.runInContext(ClientCallImpl.java:714)
	at org.apache.ratis.thirdparty.io.grpc.internal.ContextRunnable.run(ContextRunnable.java:37)
	at org.apache.ratis.thirdparty.io.grpc.internal.SerializingExecutor.run(SerializingExecutor.java:133)
	at java.base/java.util.concurrent.ThreadPoolExecutor.runWorker(ThreadPoolExecutor.java:1144)
	at java.base/java.util.concurrent.ThreadPoolExecutor$Worker.run(ThreadPoolExecutor.java:642)
	at java.base/java.lang.Thread.run(Thread.java:1583)
Caused by: java.io.IOException: org.apache.ratis.thirdparty.io.grpc.StatusRuntimeException: UNAVAILABLE: io exception
	at org.apache.ratis.grpc.GrpcUtil.unwrapException(GrpcUtil.java:99)
	at org.apache.ratis.grpc.GrpcUtil.unwrapIOException(GrpcUtil.java:159)
	at org.apache.ratis.grpc.client.GrpcClientProtocolClient$AsyncStreamObservers$1.onError(GrpcClientProtocolClient.java:333)
	... 13 more
Caused by: org.apache.ratis.thirdparty.io.grpc.StatusRuntimeException: UNAVAILABLE: io exception
	at org.apache.ratis.thirdparty.io.grpc.Status.asRuntimeException(Status.java:532)
	... 13 more
Caused by: org.apache.ratis.thirdparty.io.netty.channel.AbstractChannel$AnnotatedConnectException: finishConnect(..) failed: Connection refused: /127.0.0.1:15013
Caused by: java.net.ConnectException: finishConnect(..) failed: Connection refused
	at org.apache.ratis.thirdparty.io.netty.channel.unix.Errors.newConnectException0(Errors.java:166)
	at org.apache.ratis.thirdparty.io.netty.channel.unix.Errors.handleConnectErrno(Errors.java:131)
	at org.apache.ratis.thirdparty.io.netty.channel.unix.Socket.finishConnect(Socket.java:359)
	at org.apache.ratis.thirdparty.io.netty.channel.epoll.AbstractEpollChannel$AbstractEpollUnsafe.doFinishConnect(AbstractEpollChannel.java:715)
	at org.apache.ratis.thirdparty.io.netty.channel.epoll.AbstractEpollChannel$AbstractEpollUnsafe.finishConnect(AbstractEpollChannel.java:692)
	at org.apache.ratis.thirdparty.io.netty.channel.epoll.AbstractEpollChannel$AbstractEpollUnsafe.epollOutReady(AbstractEpollChannel.java:567)
	at org.apache.ratis.thirdparty.io.netty.channel.epoll.EpollEventLoop.processReady(EpollEventLoop.java:491)
	at org.apache.ratis.thirdparty.io.netty.channel.epoll.EpollEventLoop.run(EpollEventLoop.java:399)
	at org.apache.ratis.thirdparty.io.netty.util.concurrent.SingleThreadEventExecutor$4.run(SingleThreadEventExecutor.java:998)
	at org.apache.ratis.thirdparty.io.netty.util.internal.ThreadExecutorMap$2.run(ThreadExecutorMap.java:74)
	at org.apache.ratis.thirdparty.io.netty.util.concurrent.FastThreadLocalRunnable.run(FastThreadLocalRunnable.java:30)
	at java.base/java.lang.Thread.run(Thread.java:1583)
2025-09-19 20:46:10,653 [ForkJoinPool-1-worker-1] INFO  ozoneimpl.OzoneContainer (OzoneContainer.java:stop(549)) - Attempting to stop container services.
2025-09-19 20:46:10,653 [ContainerMetadataScanner] WARN  ozoneimpl.AbstractBackgroundContainerScanner (AbstractBackgroundContainerScanner.java:handleRemainingSleep(136)) - Background container scan was interrupted.
2025-09-19 20:46:10,653 [ContainerMetadataScanner] INFO  ozoneimpl.AbstractBackgroundContainerScanner (AbstractBackgroundContainerScanner.java:run(63)) - org.apache.hadoop.ozone.container.ozoneimpl.BackgroundContainerMetadataScanner@17a516e2 exiting.
2025-09-19 20:46:10,653 [ForkJoinPool-1-worker-1] INFO  ozoneimpl.BackgroundContainerDataScanner (BackgroundContainerDataScanner.java:shutdown(87)) - ContainerDataScanner(/home/runner/work/ozone/ozone/hadoop-ozone/integration-test/target/test-dir/MiniOzoneClusterImpl-990002c2-bb69-4aa2-bd68-28a5e13e86ef/ozone-metadata/datanode-5/data-0/hdds) is shutting down. 
2025-09-19 20:46:10,653 [ContainerDataScanner(/home/runner/work/ozone/ozone/hadoop-ozone/integration-test/target/test-dir/MiniOzoneClusterImpl-990002c2-bb69-4aa2-bd68-28a5e13e86ef/ozone-metadata/datanode-5/data-0/hdds)] WARN  ozoneimpl.AbstractBackgroundContainerScanner (AbstractBackgroundContainerScanner.java:handleRemainingSleep(136)) - Background container scan was interrupted.
2025-09-19 20:46:10,653 [ContainerDataScanner(/home/runner/work/ozone/ozone/hadoop-ozone/integration-test/target/test-dir/MiniOzoneClusterImpl-990002c2-bb69-4aa2-bd68-28a5e13e86ef/ozone-metadata/datanode-5/data-0/hdds)] INFO  ozoneimpl.AbstractBackgroundContainerScanner (AbstractBackgroundContainerScanner.java:run(63)) - ContainerDataScanner(/home/runner/work/ozone/ozone/hadoop-ozone/integration-test/target/test-dir/MiniOzoneClusterImpl-990002c2-bb69-4aa2-bd68-28a5e13e86ef/ozone-metadata/datanode-5/data-0/hdds, DS-d330c7e4-7b2b-43d4-9af2-9f8fb582114f) exiting.
2025-09-19 20:46:10,653 [ForkJoinPool-1-worker-1] INFO  ozoneimpl.OnDemandContainerScanner (OnDemandContainerScanner.java:shutdown(141)) - On-demand container scanner is shutting down.
2025-09-19 20:46:10,654 [ForkJoinPool-1-worker-1] INFO  ratis.XceiverServerRatis (XceiverServerRatis.java:stop(595)) - Closing XceiverServerRatis(417c597c-13cf-4e34-be96-1680b82aa276)
2025-09-19 20:46:10,654 [ForkJoinPool-1-worker-1] INFO  server.RaftServer (RaftServerProxy.java:lambda$close$9(422)) - 417c597c-13cf-4e34-be96-1680b82aa276: close
2025-09-19 20:46:10,654 [417c597c-13cf-4e34-be96-1680b82aa276-impl-thread2] INFO  server.RaftServer$Division (RaftServerImpl.java:lambda$close$1(527)) - 417c597c-13cf-4e34-be96-1680b82aa276@group-9E25D04C2ADC: shutdown
2025-09-19 20:46:10,655 [417c597c-13cf-4e34-be96-1680b82aa276-impl-thread2] INFO  util.JmxRegister (JmxRegister.java:unregister(74)) - Successfully un-registered JMX Bean with object name Ratis:service=RaftServer,group=group-9E25D04C2ADC,id=417c597c-13cf-4e34-be96-1680b82aa276
2025-09-19 20:46:10,655 [ForkJoinPool-1-worker-1] INFO  server.GrpcServicesImpl (GrpcServicesImpl.java:closeImpl(355)) - 417c597c-13cf-4e34-be96-1680b82aa276: shutdown server org.apache.ratis.grpc.server.GrpcClientProtocolService now
2025-09-19 20:46:10,655 [417c597c-13cf-4e34-be96-1680b82aa276-impl-thread2] INFO  impl.RoleInfo (RoleInfo.java:shutdownLeaderState(103)) - 417c597c-13cf-4e34-be96-1680b82aa276: shutdown 417c597c-13cf-4e34-be96-1680b82aa276@group-9E25D04C2ADC-LeaderStateImpl
2025-09-19 20:46:10,655 [417c597c-13cf-4e34-be96-1680b82aa276-impl-thread4] INFO  server.RaftServer$Division (RaftServerImpl.java:lambda$close$1(527)) - 417c597c-13cf-4e34-be96-1680b82aa276@group-9CA395F3C3E7: shutdown
2025-09-19 20:46:10,655 [417c597c-13cf-4e34-be96-1680b82aa276-impl-thread2] INFO  impl.PendingRequests (PendingRequests.java:sendNotLeaderResponses(287)) - 417c597c-13cf-4e34-be96-1680b82aa276@group-9E25D04C2ADC-PendingRequests: sendNotLeaderResponses
2025-09-19 20:46:10,655 [417c597c-13cf-4e34-be96-1680b82aa276-impl-thread4] INFO  util.JmxRegister (JmxRegister.java:unregister(74)) - Successfully un-registered JMX Bean with object name Ratis:service=RaftServer,group=group-9CA395F3C3E7,id=417c597c-13cf-4e34-be96-1680b82aa276
2025-09-19 20:46:10,655 [417c597c-13cf-4e34-be96-1680b82aa276-impl-thread4] INFO  impl.RoleInfo (RoleInfo.java:shutdownFollowerState(121)) - 417c597c-13cf-4e34-be96-1680b82aa276: shutdown 417c597c-13cf-4e34-be96-1680b82aa276@group-9CA395F3C3E7-FollowerState
2025-09-19 20:46:10,655 [417c597c-13cf-4e34-be96-1680b82aa276-impl-thread4] INFO  impl.StateMachineUpdater (StateMachineUpdater.java:stopAndJoin(163)) - 417c597c-13cf-4e34-be96-1680b82aa276@group-9CA395F3C3E7-StateMachineUpdater: set stopIndex = 2
2025-09-19 20:46:10,655 [417c597c-13cf-4e34-be96-1680b82aa276@group-9CA395F3C3E7-StateMachineUpdater] INFO  ratis.ContainerStateMachine (ContainerStateMachine.java:takeSnapshot(427)) - group-9CA395F3C3E7: Taking a snapshot at:(t:1, i:2) file /home/runner/work/ozone/ozone/hadoop-ozone/integration-test/target/test-dir/MiniOzoneClusterImpl-990002c2-bb69-4aa2-bd68-28a5e13e86ef/ozone-metadata/datanode-5/ratis/c94d1c9f-8cc3-4489-8058-9ca395f3c3e7/sm/snapshot.1_2
2025-09-19 20:46:10,655 [417c597c-13cf-4e34-be96-1680b82aa276-impl-thread3] INFO  server.RaftServer$Division (RaftServerImpl.java:lambda$close$1(527)) - 417c597c-13cf-4e34-be96-1680b82aa276@group-ECC9D8425EA7: shutdown
2025-09-19 20:46:10,655 [417c597c-13cf-4e34-be96-1680b82aa276-impl-thread3] INFO  util.JmxRegister (JmxRegister.java:unregister(74)) - Successfully un-registered JMX Bean with object name Ratis:service=RaftServer,group=group-ECC9D8425EA7,id=417c597c-13cf-4e34-be96-1680b82aa276
2025-09-19 20:46:10,655 [417c597c-13cf-4e34-be96-1680b82aa276-impl-thread3] INFO  impl.RoleInfo (RoleInfo.java:shutdownLeaderState(103)) - 417c597c-13cf-4e34-be96-1680b82aa276: shutdown 417c597c-13cf-4e34-be96-1680b82aa276@group-ECC9D8425EA7-LeaderStateImpl
2025-09-19 20:46:10,655 [417c597c-13cf-4e34-be96-1680b82aa276-impl-thread3] INFO  impl.PendingRequests (PendingRequests.java:sendNotLeaderResponses(287)) - 417c597c-13cf-4e34-be96-1680b82aa276@group-ECC9D8425EA7-PendingRequests: sendNotLeaderResponses
2025-09-19 20:46:10,655 [417c597c-13cf-4e34-be96-1680b82aa276@group-9E25D04C2ADC->e7feb3b4-5cd1-4322-b271-eb1c248a4412-GrpcLogAppender-LogAppenderDaemon] WARN  server.GrpcLogAppender (GrpcLogAppender.java:mayWait(300)) - 417c597c-13cf-4e34-be96-1680b82aa276@group-9E25D04C2ADC->e7feb3b4-5cd1-4322-b271-eb1c248a4412-GrpcLogAppender: Wait interrupted by java.lang.InterruptedException
2025-09-19 20:46:10,656 [417c597c-13cf-4e34-be96-1680b82aa276@group-9E25D04C2ADC->c834ff67-8e28-4894-9cd1-7316b4e587ce-GrpcLogAppender-LogAppenderDaemon] WARN  server.GrpcLogAppender (GrpcLogAppender.java:mayWait(300)) - 417c597c-13cf-4e34-be96-1680b82aa276@group-9E25D04C2ADC->c834ff67-8e28-4894-9cd1-7316b4e587ce-GrpcLogAppender: Wait interrupted by java.lang.InterruptedException
2025-09-19 20:46:10,656 [grpc-default-executor-8] INFO  server.GrpcServerProtocolService (GrpcServerProtocolService.java:lambda$onCompleted$6(171)) - c834ff67-8e28-4894-9cd1-7316b4e587ce: Completed APPEND_ENTRIES, lastRequest: null 
2025-09-19 20:46:10,656 [417c597c-13cf-4e34-be96-1680b82aa276@group-9CA395F3C3E7-FollowerState] INFO  impl.FollowerState (FollowerState.java:runImpl(170)) - 417c597c-13cf-4e34-be96-1680b82aa276@group-9CA395F3C3E7-FollowerState was interrupted
2025-09-19 20:46:10,656 [grpc-default-executor-8] INFO  server.GrpcServerProtocolService (GrpcServerProtocolService.java:lambda$null$7(175)) - c834ff67-8e28-4894-9cd1-7316b4e587ce: Completed APPEND_ENTRIES, lastReply: serverReply {
  requestorId: "417c597c-13cf-4e34-be96-1680b82aa276"
  replyId: "c834ff67-8e28-4894-9cd1-7316b4e587ce"
  raftGroupId {
    id: "\220\000\350q$\024C\300\235\202\236%\320L*\334"
  }
  callId: 358
  success: true
}
term: 1
nextIndex: 1
matchIndex: 18446744073709551615
isHearbeat: true
 
2025-09-19 20:46:10,657 [grpc-default-executor-7] INFO  server.GrpcServerProtocolService (GrpcServerProtocolService.java:lambda$onCompleted$6(171)) - e7feb3b4-5cd1-4322-b271-eb1c248a4412: Completed APPEND_ENTRIES, lastRequest: 417c597c-13cf-4e34-be96-1680b82aa276->e7feb3b4-5cd1-4322-b271-eb1c248a4412#1-t1,previous=<PROTO_DEFAULT>,leaderCommit=-1,initializing? false,entries: size=1, first=(t:1, i:0), CONFIGURATIONENTRY(current:id:"e7feb3b4-5cd1-4322-b271-eb1c248a4412"address:"127.0.0.1:15039"dataStreamAddress:"127.0.0.1:15040"clientAddress:"127.0.0.1:15037"adminAddress:"127.0.0.1:15038"startupRole:FOLLOWER, id:"417c597c-13cf-4e34-be96-1680b82aa276"address:"127.0.0.1:15047"priority:1dataStreamAddress:"127.0.0.1:15048"clientAddress:"127.0.0.1:15045"adminAddress:"127.0.0.1:15046"startupRole:FOLLOWER, id:"c834ff67-8e28-4894-9cd1-7316b4e587ce"address:"127.0.0.1:15055"dataStreamAddress:"127.0.0.1:15056"clientAddress:"127.0.0.1:15053"adminAddress:"127.0.0.1:15054"startupRole:FOLLOWER, old:) 
2025-09-19 20:46:10,657 [grpc-default-executor-7] INFO  server.GrpcServerProtocolService (GrpcServerProtocolService.java:lambda$null$7(175)) - e7feb3b4-5cd1-4322-b271-eb1c248a4412: Completed APPEND_ENTRIES, lastReply: null 
2025-09-19 20:46:10,657 [417c597c-13cf-4e34-be96-1680b82aa276@group-9CA395F3C3E7-StateMachineUpdater] INFO  ratis.ContainerStateMachine (ContainerStateMachine.java:takeSnapshot(436)) - group-9CA395F3C3E7: Finished taking a snapshot at:(t:1, i:2) file:/home/runner/work/ozone/ozone/hadoop-ozone/integration-test/target/test-dir/MiniOzoneClusterImpl-990002c2-bb69-4aa2-bd68-28a5e13e86ef/ozone-metadata/datanode-5/ratis/c94d1c9f-8cc3-4489-8058-9ca395f3c3e7/sm/snapshot.1_2 took: 2 ms
2025-09-19 20:46:10,657 [grpc-default-executor-6] INFO  server.GrpcLogAppender (GrpcLogAppender.java:onCompleted(558)) - 417c597c-13cf-4e34-be96-1680b82aa276@group-9E25D04C2ADC->c834ff67-8e28-4894-9cd1-7316b4e587ce-AppendLogResponseHandler: follower responses appendEntries COMPLETED
2025-09-19 20:46:10,657 [417c597c-13cf-4e34-be96-1680b82aa276@group-9CA395F3C3E7-StateMachineUpdater] INFO  impl.StateMachineUpdater (StateMachineUpdater.java:takeSnapshot(307)) - 417c597c-13cf-4e34-be96-1680b82aa276@group-9CA395F3C3E7-StateMachineUpdater: Took a snapshot at index 2
2025-09-19 20:46:10,658 [417c597c-13cf-4e34-be96-1680b82aa276@group-9CA395F3C3E7-StateMachineUpdater] INFO  impl.StateMachineUpdater (StateMachineUpdater.java:lambda$new$0(101)) - 417c597c-13cf-4e34-be96-1680b82aa276@group-9CA395F3C3E7-StateMachineUpdater: snapshotIndex: updateIncreasingly -1 -> 2
2025-09-19 20:46:10,658 [417c597c-13cf-4e34-be96-1680b82aa276@group-9CA395F3C3E7-StateMachineUpdater] INFO  impl.StateMachineUpdater (StateMachineUpdater.java:stop(140)) - 417c597c-13cf-4e34-be96-1680b82aa276@group-9CA395F3C3E7-StateMachineUpdater: closing ContainerStateMachine, lastApplied=(t:1, i:2)
2025-09-19 20:46:10,658 [Thread-2645] INFO  server.GrpcServerProtocolClient (GrpcServerProtocolClient.java:close(105)) - e7feb3b4-5cd1-4322-b271-eb1c248a4412 Close channels
2025-09-19 20:46:10,658 [grpc-default-executor-5] INFO  server.GrpcLogAppender (GrpcLogAppender.java:onCompleted(558)) - 417c597c-13cf-4e34-be96-1680b82aa276@group-9E25D04C2ADC->c834ff67-8e28-4894-9cd1-7316b4e587ce-AppendLogResponseHandler: follower responses appendEntries COMPLETED
2025-09-19 20:46:10,658 [Thread-2647] INFO  server.GrpcServerProtocolClient (GrpcServerProtocolClient.java:close(105)) - c834ff67-8e28-4894-9cd1-7316b4e587ce Close channels
2025-09-19 20:46:10,659 [417c597c-13cf-4e34-be96-1680b82aa276@group-9CA395F3C3E7-cacheEviction-AwaitToRun] INFO  util.AwaitToRun (AwaitToRun.java:run(49)) - 417c597c-13cf-4e34-be96-1680b82aa276@group-9CA395F3C3E7-cacheEviction-AwaitToRun-AwaitForSignal is interrupted
2025-09-19 20:46:10,660 [grpc-default-executor-5] WARN  server.GrpcLogAppender (GrpcLogAppender.java:resetClient(237)) - 417c597c-13cf-4e34-be96-1680b82aa276@group-9E25D04C2ADC->c834ff67-8e28-4894-9cd1-7316b4e587ce-GrpcLogAppender: Failed to getClient for c834ff67-8e28-4894-9cd1-7316b4e587ce
org.apache.ratis.protocol.exceptions.AlreadyClosedException: 417c597c-13cf-4e34-be96-1680b82aa276 is already CLOSED
	at org.apache.ratis.util.PeerProxyMap$PeerAndProxy.getProxy(PeerProxyMap.java:67)
	at org.apache.ratis.util.PeerProxyMap.getProxy(PeerProxyMap.java:124)
	at org.apache.ratis.grpc.server.GrpcLogAppender.getClient(GrpcLogAppender.java:207)
	at org.apache.ratis.grpc.server.GrpcLogAppender.resetClient(GrpcLogAppender.java:212)
	at org.apache.ratis.grpc.server.GrpcLogAppender.access$800(GrpcLogAppender.java:70)
	at org.apache.ratis.grpc.server.GrpcLogAppender$AppendLogResponseHandler.onCompleted(GrpcLogAppender.java:559)
	at org.apache.ratis.thirdparty.io.grpc.stub.ClientCalls$StreamObserverToCallListenerAdapter.onClose(ClientCalls.java:562)
	at org.apache.ratis.thirdparty.io.grpc.internal.ClientCallImpl.closeObserver(ClientCallImpl.java:565)
	at org.apache.ratis.thirdparty.io.grpc.internal.ClientCallImpl.access$100(ClientCallImpl.java:72)
	at org.apache.ratis.thirdparty.io.grpc.internal.ClientCallImpl$ClientStreamListenerImpl$1StreamClosed.runInternal(ClientCallImpl.java:733)
	at org.apache.ratis.thirdparty.io.grpc.internal.ClientCallImpl$ClientStreamListenerImpl$1StreamClosed.runInContext(ClientCallImpl.java:714)
	at org.apache.ratis.thirdparty.io.grpc.internal.ContextRunnable.run(ContextRunnable.java:37)
	at org.apache.ratis.thirdparty.io.grpc.internal.SerializingExecutor.run(SerializingExecutor.java:133)
	at java.base/java.util.concurrent.ThreadPoolExecutor.runWorker(ThreadPoolExecutor.java:1144)
	at java.base/java.util.concurrent.ThreadPoolExecutor$Worker.run(ThreadPoolExecutor.java:642)
	at java.base/java.lang.Thread.run(Thread.java:1583)
2025-09-19 20:46:10,660 [grpc-default-executor-7] INFO  server.GrpcLogAppender (GrpcLogAppender.java:onCompleted(558)) - 417c597c-13cf-4e34-be96-1680b82aa276@group-9E25D04C2ADC->e7feb3b4-5cd1-4322-b271-eb1c248a4412-AppendLogResponseHandler: follower responses appendEntries COMPLETED
2025-09-19 20:46:10,661 [grpc-default-executor-7] WARN  server.GrpcLogAppender (GrpcLogAppender.java:resetClient(237)) - 417c597c-13cf-4e34-be96-1680b82aa276@group-9E25D04C2ADC->e7feb3b4-5cd1-4322-b271-eb1c248a4412-GrpcLogAppender: Failed to getClient for e7feb3b4-5cd1-4322-b271-eb1c248a4412
org.apache.ratis.protocol.exceptions.AlreadyClosedException: 417c597c-13cf-4e34-be96-1680b82aa276 is already CLOSED
	at org.apache.ratis.util.PeerProxyMap$PeerAndProxy.getProxy(PeerProxyMap.java:67)
	at org.apache.ratis.util.PeerProxyMap.getProxy(PeerProxyMap.java:124)
	at org.apache.ratis.grpc.server.GrpcLogAppender.getClient(GrpcLogAppender.java:207)
	at org.apache.ratis.grpc.server.GrpcLogAppender.resetClient(GrpcLogAppender.java:212)
	at org.apache.ratis.grpc.server.GrpcLogAppender.access$800(GrpcLogAppender.java:70)
	at org.apache.ratis.grpc.server.GrpcLogAppender$AppendLogResponseHandler.onCompleted(GrpcLogAppender.java:559)
	at org.apache.ratis.thirdparty.io.grpc.stub.ClientCalls$StreamObserverToCallListenerAdapter.onClose(ClientCalls.java:562)
	at org.apache.ratis.thirdparty.io.grpc.internal.ClientCallImpl.closeObserver(ClientCallImpl.java:565)
	at org.apache.ratis.thirdparty.io.grpc.internal.ClientCallImpl.access$100(ClientCallImpl.java:72)
	at org.apache.ratis.thirdparty.io.grpc.internal.ClientCallImpl$ClientStreamListenerImpl$1StreamClosed.runInternal(ClientCallImpl.java:733)
	at org.apache.ratis.thirdparty.io.grpc.internal.ClientCallImpl$ClientStreamListenerImpl$1StreamClosed.runInContext(ClientCallImpl.java:714)
	at org.apache.ratis.thirdparty.io.grpc.internal.ContextRunnable.run(ContextRunnable.java:37)
	at org.apache.ratis.thirdparty.io.grpc.internal.SerializingExecutor.run(SerializingExecutor.java:133)
	at java.base/java.util.concurrent.ThreadPoolExecutor.runWorker(ThreadPoolExecutor.java:1144)
	at java.base/java.util.concurrent.ThreadPoolExecutor$Worker.run(ThreadPoolExecutor.java:642)
	at java.base/java.lang.Thread.run(Thread.java:1583)
2025-09-19 20:46:10,661 [417c597c-13cf-4e34-be96-1680b82aa276-impl-thread3] INFO  impl.StateMachineUpdater (StateMachineUpdater.java:stopAndJoin(163)) - 417c597c-13cf-4e34-be96-1680b82aa276@group-ECC9D8425EA7-StateMachineUpdater: set stopIndex = 0
2025-09-19 20:46:10,661 [417c597c-13cf-4e34-be96-1680b82aa276@group-ECC9D8425EA7-StateMachineUpdater] INFO  ratis.ContainerStateMachine (ContainerStateMachine.java:takeSnapshot(427)) - group-ECC9D8425EA7: Taking a snapshot at:(t:1, i:0) file /home/runner/work/ozone/ozone/hadoop-ozone/integration-test/target/test-dir/MiniOzoneClusterImpl-990002c2-bb69-4aa2-bd68-28a5e13e86ef/ozone-metadata/datanode-5/ratis/1a407f51-d149-4286-bfb4-ecc9d8425ea7/sm/snapshot.1_0
2025-09-19 20:46:10,660 [grpc-default-executor-8] INFO  server.GrpcLogAppender (GrpcLogAppender.java:onCompleted(558)) - 417c597c-13cf-4e34-be96-1680b82aa276@group-9E25D04C2ADC->e7feb3b4-5cd1-4322-b271-eb1c248a4412-AppendLogResponseHandler: follower responses appendEntries COMPLETED
2025-09-19 20:46:10,661 [417c597c-13cf-4e34-be96-1680b82aa276-impl-thread2] INFO  impl.StateMachineUpdater (StateMachineUpdater.java:stopAndJoin(163)) - 417c597c-13cf-4e34-be96-1680b82aa276@group-9E25D04C2ADC-StateMachineUpdater: set stopIndex = 0
2025-09-19 20:46:10,661 [grpc-default-executor-8] WARN  server.GrpcLogAppender (GrpcLogAppender.java:resetClient(237)) - 417c597c-13cf-4e34-be96-1680b82aa276@group-9E25D04C2ADC->e7feb3b4-5cd1-4322-b271-eb1c248a4412-GrpcLogAppender: Failed to getClient for e7feb3b4-5cd1-4322-b271-eb1c248a4412
org.apache.ratis.protocol.exceptions.AlreadyClosedException: 417c597c-13cf-4e34-be96-1680b82aa276 is already CLOSED
	at org.apache.ratis.util.PeerProxyMap$PeerAndProxy.getProxy(PeerProxyMap.java:67)
	at org.apache.ratis.util.PeerProxyMap.getProxy(PeerProxyMap.java:124)
	at org.apache.ratis.grpc.server.GrpcLogAppender.getClient(GrpcLogAppender.java:207)
	at org.apache.ratis.grpc.server.GrpcLogAppender.resetClient(GrpcLogAppender.java:212)
	at org.apache.ratis.grpc.server.GrpcLogAppender.access$800(GrpcLogAppender.java:70)
	at org.apache.ratis.grpc.server.GrpcLogAppender$AppendLogResponseHandler.onCompleted(GrpcLogAppender.java:559)
	at org.apache.ratis.thirdparty.io.grpc.stub.ClientCalls$StreamObserverToCallListenerAdapter.onClose(ClientCalls.java:562)
	at org.apache.ratis.thirdparty.io.grpc.internal.DelayedClientCall$DelayedListener$3.run(DelayedClientCall.java:489)
	at org.apache.ratis.thirdparty.io.grpc.internal.DelayedClientCall$DelayedListener.delayOrExecute(DelayedClientCall.java:453)
	at org.apache.ratis.thirdparty.io.grpc.internal.DelayedClientCall$DelayedListener.onClose(DelayedClientCall.java:486)
	at org.apache.ratis.thirdparty.io.grpc.internal.ClientCallImpl.closeObserver(ClientCallImpl.java:565)
	at org.apache.ratis.thirdparty.io.grpc.internal.ClientCallImpl.access$100(ClientCallImpl.java:72)
	at org.apache.ratis.thirdparty.io.grpc.internal.ClientCallImpl$ClientStreamListenerImpl$1StreamClosed.runInternal(ClientCallImpl.java:733)
	at org.apache.ratis.thirdparty.io.grpc.internal.ClientCallImpl$ClientStreamListenerImpl$1StreamClosed.runInContext(ClientCallImpl.java:714)
	at org.apache.ratis.thirdparty.io.grpc.internal.ContextRunnable.run(ContextRunnable.java:37)
	at org.apache.ratis.thirdparty.io.grpc.internal.SerializingExecutor.run(SerializingExecutor.java:133)
	at java.base/java.util.concurrent.ThreadPoolExecutor.runWorker(ThreadPoolExecutor.java:1144)
	at java.base/java.util.concurrent.ThreadPoolExecutor$Worker.run(ThreadPoolExecutor.java:642)
	at java.base/java.lang.Thread.run(Thread.java:1583)
2025-09-19 20:46:10,661 [ForkJoinPool-1-worker-1] INFO  server.GrpcServicesImpl (GrpcServicesImpl.java:closeImpl(364)) - 417c597c-13cf-4e34-be96-1680b82aa276: shutdown server org.apache.ratis.grpc.server.GrpcClientProtocolService successfully
2025-09-19 20:46:10,661 [ForkJoinPool-1-worker-1] INFO  server.GrpcServicesImpl (GrpcServicesImpl.java:closeImpl(355)) - 417c597c-13cf-4e34-be96-1680b82aa276: shutdown server GrpcServerProtocolService now
2025-09-19 20:46:10,661 [417c597c-13cf-4e34-be96-1680b82aa276@group-9E25D04C2ADC-StateMachineUpdater] INFO  ratis.ContainerStateMachine (ContainerStateMachine.java:takeSnapshot(427)) - group-9E25D04C2ADC: Taking a snapshot at:(t:1, i:0) file /home/runner/work/ozone/ozone/hadoop-ozone/integration-test/target/test-dir/MiniOzoneClusterImpl-990002c2-bb69-4aa2-bd68-28a5e13e86ef/ozone-metadata/datanode-5/ratis/9000e871-2414-43c0-9d82-9e25d04c2adc/sm/snapshot.1_0
2025-09-19 20:46:10,662 [grpc-default-executor-8] WARN  server.GrpcServerProtocolService (LogUtils.java:warn(127)) - 417c597c-13cf-4e34-be96-1680b82aa276: APPEND_ENTRIES onError, lastRequest: null: org.apache.ratis.thirdparty.io.grpc.StatusRuntimeException: CANCELLED: client cancelled
2025-09-19 20:46:10,662 [417c597c-13cf-4e34-be96-1680b82aa276@group-9E25D04C2ADC-StateMachineUpdater] INFO  ratis.ContainerStateMachine (ContainerStateMachine.java:takeSnapshot(436)) - group-9E25D04C2ADC: Finished taking a snapshot at:(t:1, i:0) file:/home/runner/work/ozone/ozone/hadoop-ozone/integration-test/target/test-dir/MiniOzoneClusterImpl-990002c2-bb69-4aa2-bd68-28a5e13e86ef/ozone-metadata/datanode-5/ratis/9000e871-2414-43c0-9d82-9e25d04c2adc/sm/snapshot.1_0 took: 1 ms
2025-09-19 20:46:10,663 [417c597c-13cf-4e34-be96-1680b82aa276@group-9E25D04C2ADC-StateMachineUpdater] INFO  impl.StateMachineUpdater (StateMachineUpdater.java:takeSnapshot(307)) - 417c597c-13cf-4e34-be96-1680b82aa276@group-9E25D04C2ADC-StateMachineUpdater: Took a snapshot at index 0
2025-09-19 20:46:10,663 [417c597c-13cf-4e34-be96-1680b82aa276@group-9E25D04C2ADC-StateMachineUpdater] INFO  impl.StateMachineUpdater (StateMachineUpdater.java:lambda$new$0(101)) - 417c597c-13cf-4e34-be96-1680b82aa276@group-9E25D04C2ADC-StateMachineUpdater: snapshotIndex: updateIncreasingly -1 -> 0
2025-09-19 20:46:10,663 [417c597c-13cf-4e34-be96-1680b82aa276@group-9E25D04C2ADC-StateMachineUpdater] INFO  impl.StateMachineUpdater (StateMachineUpdater.java:stop(140)) - 417c597c-13cf-4e34-be96-1680b82aa276@group-9E25D04C2ADC-StateMachineUpdater: closing ContainerStateMachine, lastApplied=(t:1, i:0)
2025-09-19 20:46:10,663 [417c597c-13cf-4e34-be96-1680b82aa276@group-ECC9D8425EA7-StateMachineUpdater] INFO  ratis.ContainerStateMachine (ContainerStateMachine.java:takeSnapshot(436)) - group-ECC9D8425EA7: Finished taking a snapshot at:(t:1, i:0) file:/home/runner/work/ozone/ozone/hadoop-ozone/integration-test/target/test-dir/MiniOzoneClusterImpl-990002c2-bb69-4aa2-bd68-28a5e13e86ef/ozone-metadata/datanode-5/ratis/1a407f51-d149-4286-bfb4-ecc9d8425ea7/sm/snapshot.1_0 took: 2 ms
2025-09-19 20:46:10,663 [417c597c-13cf-4e34-be96-1680b82aa276@group-ECC9D8425EA7-StateMachineUpdater] INFO  impl.StateMachineUpdater (StateMachineUpdater.java:takeSnapshot(307)) - 417c597c-13cf-4e34-be96-1680b82aa276@group-ECC9D8425EA7-StateMachineUpdater: Took a snapshot at index 0
2025-09-19 20:46:10,663 [grpc-default-executor-5] WARN  server.GrpcLogAppender (LogUtils.java:warn(127)) - c834ff67-8e28-4894-9cd1-7316b4e587ce@group-9CA395F3C3E7->417c597c-13cf-4e34-be96-1680b82aa276-AppendLogResponseHandler: Failed appendEntries: org.apache.ratis.thirdparty.io.grpc.StatusRuntimeException: CANCELLED: RST_STREAM closed stream. HTTP/2 error code: CANCEL
2025-09-19 20:46:10,663 [grpc-default-executor-7] WARN  server.GrpcServerProtocolService (LogUtils.java:warn(127)) - 417c597c-13cf-4e34-be96-1680b82aa276: APPEND_ENTRIES onError, lastRequest: c834ff67-8e28-4894-9cd1-7316b4e587ce->417c597c-13cf-4e34-be96-1680b82aa276#358-t1,previous=(t:1, i:2),leaderCommit=2,initializing? false,entries: size=1, first=(t:1, i:3), METADATAENTRY(c:2): org.apache.ratis.thirdparty.io.grpc.StatusRuntimeException: CANCELLED: client cancelled
2025-09-19 20:46:10,663 [417c597c-13cf-4e34-be96-1680b82aa276@group-ECC9D8425EA7-StateMachineUpdater] INFO  impl.StateMachineUpdater (StateMachineUpdater.java:lambda$new$0(101)) - 417c597c-13cf-4e34-be96-1680b82aa276@group-ECC9D8425EA7-StateMachineUpdater: snapshotIndex: updateIncreasingly -1 -> 0
2025-09-19 20:46:10,663 [417c597c-13cf-4e34-be96-1680b82aa276@group-ECC9D8425EA7-StateMachineUpdater] INFO  impl.StateMachineUpdater (StateMachineUpdater.java:stop(140)) - 417c597c-13cf-4e34-be96-1680b82aa276@group-ECC9D8425EA7-StateMachineUpdater: closing ContainerStateMachine, lastApplied=(t:1, i:0)
2025-09-19 20:46:10,663 [417c597c-13cf-4e34-be96-1680b82aa276@group-ECC9D8425EA7-cacheEviction-AwaitToRun] INFO  util.AwaitToRun (AwaitToRun.java:run(49)) - 417c597c-13cf-4e34-be96-1680b82aa276@group-ECC9D8425EA7-cacheEviction-AwaitToRun-AwaitForSignal is interrupted
2025-09-19 20:46:10,663 [grpc-default-executor-5] WARN  server.GrpcLogAppender (GrpcLogAppender.java:lambda$resetClient$1(228)) - c834ff67-8e28-4894-9cd1-7316b4e587ce@group-9CA395F3C3E7->417c597c-13cf-4e34-be96-1680b82aa276-GrpcLogAppender: Follower failed (request=null, errorCount=1); keep nextIndex (4) unchanged and retry.
2025-09-19 20:46:10,663 [417c597c-13cf-4e34-be96-1680b82aa276@group-9E25D04C2ADC-cacheEviction-AwaitToRun] INFO  util.AwaitToRun (AwaitToRun.java:run(49)) - 417c597c-13cf-4e34-be96-1680b82aa276@group-9E25D04C2ADC-cacheEviction-AwaitToRun-AwaitForSignal is interrupted
2025-09-19 20:46:10,663 [ForkJoinPool-1-worker-1] INFO  server.GrpcServicesImpl (GrpcServicesImpl.java:closeImpl(364)) - 417c597c-13cf-4e34-be96-1680b82aa276: shutdown server GrpcServerProtocolService successfully
2025-09-19 20:46:10,664 [ForkJoinPool-1-worker-1] INFO  server.GrpcServicesImpl (GrpcServicesImpl.java:closeImpl(355)) - 417c597c-13cf-4e34-be96-1680b82aa276: shutdown server org.apache.ratis.grpc.server.GrpcAdminProtocolService now
2025-09-19 20:46:10,664 [ForkJoinPool-1-worker-1] INFO  server.GrpcServicesImpl (GrpcServicesImpl.java:closeImpl(364)) - 417c597c-13cf-4e34-be96-1680b82aa276: shutdown server org.apache.ratis.grpc.server.GrpcAdminProtocolService successfully
2025-09-19 20:46:10,668 [417c597c-13cf-4e34-be96-1680b82aa276-NettyServerStreamRpc-bossGroup--thread1] INFO  logging.LoggingHandler (AbstractInternalLogger.java:log(148)) - [id: 0x415b62d0, L:/0.0.0.0:15048] CLOSE
2025-09-19 20:46:10,669 [417c597c-13cf-4e34-be96-1680b82aa276-NettyServerStreamRpc-bossGroup--thread1] INFO  logging.LoggingHandler (AbstractInternalLogger.java:log(148)) - [id: 0x415b62d0, L:/0.0.0.0:15048] INACTIVE
2025-09-19 20:46:10,669 [417c597c-13cf-4e34-be96-1680b82aa276-NettyServerStreamRpc-bossGroup--thread1] INFO  logging.LoggingHandler (AbstractInternalLogger.java:log(148)) - [id: 0x415b62d0, L:/0.0.0.0:15048] UNREGISTERED
2025-09-19 20:46:10,674 [417c597c-13cf-4e34-be96-1680b82aa276-impl-thread2] INFO  segmented.SegmentedRaftLogWorker (SegmentedRaftLogWorker.java:close(254)) - 417c597c-13cf-4e34-be96-1680b82aa276@group-9E25D04C2ADC-SegmentedRaftLogWorker close()
2025-09-19 20:46:10,674 [417c597c-13cf-4e34-be96-1680b82aa276-impl-thread2] INFO  ratis.ContainerStateMachine (ContainerStateMachine.java:notifyServerShutdown(1038)) - group-9E25D04C2ADC is closed by HddsDatanodeService
2025-09-19 20:46:10,847 [0df1231c-9f8a-4757-a7d0-f6d7f53bc482@group-A751954341BD-FollowerState] INFO  impl.FollowerState (FollowerState.java:runImpl(161)) - 0df1231c-9f8a-4757-a7d0-f6d7f53bc482@group-A751954341BD-FollowerState: change to CANDIDATE, lastRpcElapsedTime:1039230776ns, electionTimeout:1039ms
2025-09-19 20:46:10,847 [0df1231c-9f8a-4757-a7d0-f6d7f53bc482@group-A751954341BD-FollowerState] INFO  impl.RoleInfo (RoleInfo.java:shutdownFollowerState(121)) - 0df1231c-9f8a-4757-a7d0-f6d7f53bc482: shutdown 0df1231c-9f8a-4757-a7d0-f6d7f53bc482@group-A751954341BD-FollowerState
2025-09-19 20:46:10,847 [0df1231c-9f8a-4757-a7d0-f6d7f53bc482@group-A751954341BD-FollowerState] INFO  server.RaftServer$Division (RaftServerImpl.java:setRole(392)) - 0df1231c-9f8a-4757-a7d0-f6d7f53bc482@group-A751954341BD: changes role from  FOLLOWER to CANDIDATE at term 4 for changeToCandidate
2025-09-19 20:46:10,848 [0df1231c-9f8a-4757-a7d0-f6d7f53bc482@group-A751954341BD-FollowerState] INFO  impl.RoleInfo (RoleInfo.java:updateAndGet(148)) - 0df1231c-9f8a-4757-a7d0-f6d7f53bc482: start 0df1231c-9f8a-4757-a7d0-f6d7f53bc482@group-A751954341BD-LeaderElection292
2025-09-19 20:46:10,848 [0df1231c-9f8a-4757-a7d0-f6d7f53bc482@group-A751954341BD-LeaderElection292] INFO  impl.LeaderElection (LeaderElection.java:askForVotes(448)) - 0df1231c-9f8a-4757-a7d0-f6d7f53bc482@group-A751954341BD-LeaderElection292 PRE_VOTE round 0: submit vote requests at term 4 for conf: {index: 23, cur=peers:[b5a25cc1-46d3-4381-a194-bd68f4526f1c|127.0.0.1:15031, 0df1231c-9f8a-4757-a7d0-f6d7f53bc482|127.0.0.1:15023, 8eb9963e-bce0-4155-aea2-e442cadff8bd|127.0.0.1:15015]|listeners:[], old=null}
2025-09-19 20:46:10,848 [0df1231c-9f8a-4757-a7d0-f6d7f53bc482@group-A751954341BD-LeaderElection292] INFO  impl.LeaderElection (LogUtils.java:infoOrTrace(142)) - 0df1231c-9f8a-4757-a7d0-f6d7f53bc482@group-A751954341BD-LeaderElection292 got exception when requesting votes: java.util.concurrent.ExecutionException: org.apache.ratis.thirdparty.io.grpc.StatusRuntimeException: UNAVAILABLE: io exception
2025-09-19 20:46:10,848 [0df1231c-9f8a-4757-a7d0-f6d7f53bc482@group-A751954341BD-LeaderElection292] INFO  impl.LeaderElection (LogUtils.java:infoOrTrace(142)) - 0df1231c-9f8a-4757-a7d0-f6d7f53bc482@group-A751954341BD-LeaderElection292 got exception when requesting votes: java.util.concurrent.ExecutionException: org.apache.ratis.thirdparty.io.grpc.StatusRuntimeException: UNAVAILABLE: io exception
2025-09-19 20:46:10,848 [0df1231c-9f8a-4757-a7d0-f6d7f53bc482@group-A751954341BD-LeaderElection292] INFO  impl.LeaderElection (LeaderElection.java:logAndReturn(206)) - 0df1231c-9f8a-4757-a7d0-f6d7f53bc482@group-A751954341BD-LeaderElection292: PRE_VOTE REJECTED received 0 response(s) and 2 exception(s):
2025-09-19 20:46:10,849 [0df1231c-9f8a-4757-a7d0-f6d7f53bc482@group-A751954341BD-LeaderElection292] INFO  impl.LeaderElection (LogUtils.java:infoOrTrace(142)) -   Exception 0: java.util.concurrent.ExecutionException: org.apache.ratis.thirdparty.io.grpc.StatusRuntimeException: UNAVAILABLE: io exception
2025-09-19 20:46:10,849 [0df1231c-9f8a-4757-a7d0-f6d7f53bc482@group-A751954341BD-LeaderElection292] INFO  impl.LeaderElection (LogUtils.java:infoOrTrace(142)) -   Exception 1: java.util.concurrent.ExecutionException: org.apache.ratis.thirdparty.io.grpc.StatusRuntimeException: UNAVAILABLE: io exception
2025-09-19 20:46:10,849 [0df1231c-9f8a-4757-a7d0-f6d7f53bc482@group-A751954341BD-LeaderElection292] INFO  impl.LeaderElection (LeaderElection.java:askForVotes(450)) - 0df1231c-9f8a-4757-a7d0-f6d7f53bc482@group-A751954341BD-LeaderElection292 PRE_VOTE round 0: result REJECTED
2025-09-19 20:46:10,849 [0df1231c-9f8a-4757-a7d0-f6d7f53bc482@group-A751954341BD-LeaderElection292] INFO  server.RaftServer$Division (RaftServerImpl.java:setRole(392)) - 0df1231c-9f8a-4757-a7d0-f6d7f53bc482@group-A751954341BD: changes role from CANDIDATE to FOLLOWER at term 4 for REJECTED
2025-09-19 20:46:10,849 [0df1231c-9f8a-4757-a7d0-f6d7f53bc482@group-A751954341BD-LeaderElection292] INFO  impl.RoleInfo (RoleInfo.java:shutdownLeaderElection(141)) - 0df1231c-9f8a-4757-a7d0-f6d7f53bc482: shutdown 0df1231c-9f8a-4757-a7d0-f6d7f53bc482@group-A751954341BD-LeaderElection292
2025-09-19 20:46:10,849 [0df1231c-9f8a-4757-a7d0-f6d7f53bc482@group-A751954341BD-LeaderElection292] INFO  impl.RoleInfo (RoleInfo.java:updateAndGet(148)) - 0df1231c-9f8a-4757-a7d0-f6d7f53bc482: start 0df1231c-9f8a-4757-a7d0-f6d7f53bc482@group-A751954341BD-FollowerState
2025-09-19 20:46:10,874 [8eb9963e-bce0-4155-aea2-e442cadff8bd-ContainerReader-0] INFO  ozoneimpl.ContainerReader (ContainerReader.java:readVolume(147)) - Start to verify containers on volume /home/runner/work/ozone/ozone/hadoop-ozone/integration-test/target/test-dir/MiniOzoneClusterImpl-990002c2-bb69-4aa2-bd68-28a5e13e86ef/ozone-metadata/datanode-1/data-0/hdds
2025-09-19 20:46:10,876 [8eb9963e-bce0-4155-aea2-e442cadff8bd-ContainerReader-0] WARN  helpers.KeyValueContainerUtil (KeyValueContainerUtil.java:populateContainerMetadata(330)) - Missing pendingDeleteBlockCount from metadata: recalculate them from block table
2025-09-19 20:46:10,879 [8eb9963e-bce0-4155-aea2-e442cadff8bd-ContainerReader-0] WARN  helpers.KeyValueContainerUtil (KeyValueContainerUtil.java:populateContainerMetadata(330)) - Missing pendingDeleteBlockCount from metadata: recalculate them from block table
2025-09-19 20:46:10,882 [8eb9963e-bce0-4155-aea2-e442cadff8bd-ContainerReader-0] WARN  helpers.KeyValueContainerUtil (KeyValueContainerUtil.java:populateContainerMetadata(330)) - Missing pendingDeleteBlockCount from metadata: recalculate them from block table
2025-09-19 20:46:10,885 [8eb9963e-bce0-4155-aea2-e442cadff8bd-ContainerReader-0] WARN  helpers.KeyValueContainerUtil (KeyValueContainerUtil.java:populateContainerMetadata(330)) - Missing pendingDeleteBlockCount from metadata: recalculate them from block table
2025-09-19 20:46:10,885 [8eb9963e-bce0-4155-aea2-e442cadff8bd-ContainerReader-0] INFO  ozoneimpl.ContainerReader (ContainerReader.java:readVolume(177)) - Finish verifying containers on volume /home/runner/work/ozone/ozone/hadoop-ozone/integration-test/target/test-dir/MiniOzoneClusterImpl-990002c2-bb69-4aa2-bd68-28a5e13e86ef/ozone-metadata/datanode-1/data-0/hdds
2025-09-19 20:46:10,886 [8eb9963e-bce0-4155-aea2-e442cadff8bd-EndpointStateMachineTaskThread-/0.0.0.0:15002-0 ] INFO  ozoneimpl.OzoneContainer (OzoneContainer.java:buildContainerSet(370)) - Build ContainerSet costs 0s
2025-09-19 20:46:10,886 [8eb9963e-bce0-4155-aea2-e442cadff8bd-EndpointStateMachineTaskThread-/0.0.0.0:15002-0 ] INFO  volume.ThrottledAsyncChecker (ThrottledAsyncChecker.java:schedule(138)) - Scheduling a check for /home/runner/work/ozone/ozone/hadoop-ozone/integration-test/target/test-dir/MiniOzoneClusterImpl-990002c2-bb69-4aa2-bd68-28a5e13e86ef/ozone-metadata/datanode-1/data-0/hdds
2025-09-19 20:46:10,887 [8eb9963e-bce0-4155-aea2-e442cadff8bd-EndpointStateMachineTaskThread-/0.0.0.0:15002-0 ] INFO  volume.StorageVolumeChecker (StorageVolumeChecker.java:checkAllVolumes(231)) - Scheduled health check for volume /home/runner/work/ozone/ozone/hadoop-ozone/integration-test/target/test-dir/MiniOzoneClusterImpl-990002c2-bb69-4aa2-bd68-28a5e13e86ef/ozone-metadata/datanode-1/data-0/hdds
2025-09-19 20:46:10,891 [8eb9963e-bce0-4155-aea2-e442cadff8bd-EndpointStateMachineTaskThread-/0.0.0.0:15002-0 ] INFO  volume.ThrottledAsyncChecker (ThrottledAsyncChecker.java:schedule(138)) - Scheduling a check for /home/runner/work/ozone/ozone/hadoop-ozone/integration-test/target/test-dir/MiniOzoneClusterImpl-990002c2-bb69-4aa2-bd68-28a5e13e86ef/ozone-metadata/datanode-1/ratis
2025-09-19 20:46:10,891 [8eb9963e-bce0-4155-aea2-e442cadff8bd-EndpointStateMachineTaskThread-/0.0.0.0:15002-0 ] INFO  volume.StorageVolumeChecker (StorageVolumeChecker.java:checkAllVolumes(231)) - Scheduled health check for volume /home/runner/work/ozone/ozone/hadoop-ozone/integration-test/target/test-dir/MiniOzoneClusterImpl-990002c2-bb69-4aa2-bd68-28a5e13e86ef/ozone-metadata/datanode-1/ratis
2025-09-19 20:46:10,891 [8eb9963e-bce0-4155-aea2-e442cadff8bd-EndpointStateMachineTaskThread-/0.0.0.0:15002-0 ] INFO  ozoneimpl.OzoneContainer (OzoneContainer.java:start(525)) - Attempting to start container services.
2025-09-19 20:46:10,893 [8eb9963e-bce0-4155-aea2-e442cadff8bd-EndpointStateMachineTaskThread-/0.0.0.0:15002-0 ] INFO  replication.ReplicationServer (ReplicationServer.java:start(137)) - ReplicationServer is started using port 15017
2025-09-19 20:46:10,893 [8eb9963e-bce0-4155-aea2-e442cadff8bd-EndpointStateMachineTaskThread-/0.0.0.0:15002-0 ] INFO  ratis.XceiverServerRatis (XceiverServerRatis.java:start(560)) - Starting XceiverServerRatis(8eb9963e-bce0-4155-aea2-e442cadff8bd)
2025-09-19 20:46:10,897 [ContainerMetadataScanner] INFO  ozoneimpl.AbstractBackgroundContainerScanner (AbstractBackgroundContainerScanner.java:runIteration(89)) - Completed an iteration in 0 minutes. Number of iterations (since the data-node restart) : 1, Number of containers scanned in this iteration : 4, Number of unhealthy containers found in this iteration : 0
2025-09-19 20:46:10,898 [8eb9963e-bce0-4155-aea2-e442cadff8bd-impl-thread1] INFO  server.RaftServerConfigKeys (ConfUtils.java:logGet(62)) - raft.server.storage.dir = [/home/runner/work/ozone/ozone/hadoop-ozone/integration-test/target/test-dir/MiniOzoneClusterImpl-990002c2-bb69-4aa2-bd68-28a5e13e86ef/ozone-metadata/datanode-1/ratis] (custom)
2025-09-19 20:46:10,899 [8eb9963e-bce0-4155-aea2-e442cadff8bd-impl-thread2] INFO  storage.RaftStorageDirectory (RaftStorageDirectoryImpl.java:tryLock(229)) - Lock on /home/runner/work/ozone/ozone/hadoop-ozone/integration-test/target/test-dir/MiniOzoneClusterImpl-990002c2-bb69-4aa2-bd68-28a5e13e86ef/ozone-metadata/datanode-1/ratis/958000d3-2396-49be-82e9-715ebf8096a7/in_use.lock acquired by nodename 22744@localhost
2025-09-19 20:46:10,899 [8eb9963e-bce0-4155-aea2-e442cadff8bd-impl-thread2] INFO  storage.RaftStorage (RaftStorageImpl.java:analyzeAndRecoverStorage(118)) - Read RaftStorageMetadata{term=7, votedFor=b5a25cc1-46d3-4381-a194-bd68f4526f1c} from /home/runner/work/ozone/ozone/hadoop-ozone/integration-test/target/test-dir/MiniOzoneClusterImpl-990002c2-bb69-4aa2-bd68-28a5e13e86ef/ozone-metadata/datanode-1/ratis/958000d3-2396-49be-82e9-715ebf8096a7/current/raft-meta
2025-09-19 20:46:10,899 [8eb9963e-bce0-4155-aea2-e442cadff8bd-impl-thread1] INFO  storage.RaftStorageDirectory (RaftStorageDirectoryImpl.java:tryLock(229)) - Lock on /home/runner/work/ozone/ozone/hadoop-ozone/integration-test/target/test-dir/MiniOzoneClusterImpl-990002c2-bb69-4aa2-bd68-28a5e13e86ef/ozone-metadata/datanode-1/ratis/e102d630-0766-4c9c-a6ac-a751954341bd/in_use.lock acquired by nodename 22744@localhost
2025-09-19 20:46:10,899 [8eb9963e-bce0-4155-aea2-e442cadff8bd-impl-thread2] INFO  server.RaftServer$Division (ServerState.java:setRaftConf(386)) - 8eb9963e-bce0-4155-aea2-e442cadff8bd@group-715EBF8096A7: set configuration conf: {index: 15, cur=peers:[b5a25cc1-46d3-4381-a194-bd68f4526f1c|127.0.0.1:15031, 0df1231c-9f8a-4757-a7d0-f6d7f53bc482|127.0.0.1:15023, 8eb9963e-bce0-4155-aea2-e442cadff8bd|127.0.0.1:15015]|listeners:[], old=null}
2025-09-19 20:46:10,899 [8eb9963e-bce0-4155-aea2-e442cadff8bd-impl-thread1] INFO  storage.RaftStorage (RaftStorageImpl.java:analyzeAndRecoverStorage(118)) - Read RaftStorageMetadata{term=3, votedFor=8eb9963e-bce0-4155-aea2-e442cadff8bd} from /home/runner/work/ozone/ozone/hadoop-ozone/integration-test/target/test-dir/MiniOzoneClusterImpl-990002c2-bb69-4aa2-bd68-28a5e13e86ef/ozone-metadata/datanode-1/ratis/e102d630-0766-4c9c-a6ac-a751954341bd/current/raft-meta
2025-09-19 20:46:10,900 [8eb9963e-bce0-4155-aea2-e442cadff8bd-impl-thread1] INFO  server.RaftServer$Division (ServerState.java:setRaftConf(386)) - 8eb9963e-bce0-4155-aea2-e442cadff8bd@group-A751954341BD: set configuration conf: {index: 15, cur=peers:[b5a25cc1-46d3-4381-a194-bd68f4526f1c|127.0.0.1:15031, 0df1231c-9f8a-4757-a7d0-f6d7f53bc482|127.0.0.1:15023, 8eb9963e-bce0-4155-aea2-e442cadff8bd|127.0.0.1:15015]|listeners:[], old=null}
2025-09-19 20:46:10,900 [8eb9963e-bce0-4155-aea2-e442cadff8bd-impl-thread2] INFO  ratis.ContainerStateMachine (ContainerStateMachine.java:initialize(339)) - 8eb9963e-bce0-4155-aea2-e442cadff8bd: initialize group-715EBF8096A7
2025-09-19 20:46:10,900 [8eb9963e-bce0-4155-aea2-e442cadff8bd-impl-thread2] INFO  ratis.ContainerStateMachine (ContainerStateMachine.java:loadSnapshot(356)) - group-715EBF8096A7: Setting the last applied index to (t:7, i:16)
2025-09-19 20:46:10,900 [8eb9963e-bce0-4155-aea2-e442cadff8bd-impl-thread1] INFO  ratis.ContainerStateMachine (ContainerStateMachine.java:initialize(339)) - 8eb9963e-bce0-4155-aea2-e442cadff8bd: initialize group-A751954341BD
2025-09-19 20:46:10,900 [8eb9963e-bce0-4155-aea2-e442cadff8bd-impl-thread1] INFO  ratis.ContainerStateMachine (ContainerStateMachine.java:loadSnapshot(356)) - group-A751954341BD: Setting the last applied index to (t:3, i:22)
2025-09-19 20:46:10,900 [8eb9963e-bce0-4155-aea2-e442cadff8bd-impl-thread1] INFO  server.RaftServerConfigKeys (ConfUtils.java:logGet(62)) - raft.server.log.appender.buffer.byte-limit = 33554432 (custom)
2025-09-19 20:46:10,900 [8eb9963e-bce0-4155-aea2-e442cadff8bd-impl-thread2] INFO  server.RaftServerConfigKeys (ConfUtils.java:logGet(62)) - raft.server.log.appender.buffer.byte-limit = 33554432 (custom)
2025-09-19 20:46:10,900 [8eb9963e-bce0-4155-aea2-e442cadff8bd-impl-thread3] INFO  storage.RaftStorageDirectory (RaftStorageDirectoryImpl.java:tryLock(229)) - Lock on /home/runner/work/ozone/ozone/hadoop-ozone/integration-test/target/test-dir/MiniOzoneClusterImpl-990002c2-bb69-4aa2-bd68-28a5e13e86ef/ozone-metadata/datanode-1/ratis/c953b843-7a8e-4433-916d-0133d85f5f20/in_use.lock acquired by nodename 22744@localhost
2025-09-19 20:46:10,900 [8eb9963e-bce0-4155-aea2-e442cadff8bd-impl-thread3] INFO  storage.RaftStorage (RaftStorageImpl.java:analyzeAndRecoverStorage(118)) - Read RaftStorageMetadata{term=1, votedFor=8eb9963e-bce0-4155-aea2-e442cadff8bd} from /home/runner/work/ozone/ozone/hadoop-ozone/integration-test/target/test-dir/MiniOzoneClusterImpl-990002c2-bb69-4aa2-bd68-28a5e13e86ef/ozone-metadata/datanode-1/ratis/c953b843-7a8e-4433-916d-0133d85f5f20/current/raft-meta
2025-09-19 20:46:10,900 [ContainerDataScanner(/home/runner/work/ozone/ozone/hadoop-ozone/integration-test/target/test-dir/MiniOzoneClusterImpl-990002c2-bb69-4aa2-bd68-28a5e13e86ef/ozone-metadata/datanode-1/data-0/hdds)] INFO  ozoneimpl.AbstractBackgroundContainerScanner (AbstractBackgroundContainerScanner.java:runIteration(89)) - Completed an iteration in 0 minutes. Number of iterations (since the data-node restart) : 1, Number of containers scanned in this iteration : 1, Number of unhealthy containers found in this iteration : 0
2025-09-19 20:46:10,901 [8eb9963e-bce0-4155-aea2-e442cadff8bd-impl-thread3] INFO  server.RaftServer$Division (ServerState.java:setRaftConf(386)) - 8eb9963e-bce0-4155-aea2-e442cadff8bd@group-0133D85F5F20: set configuration conf: {index: 0, cur=peers:[8eb9963e-bce0-4155-aea2-e442cadff8bd|127.0.0.1:15015]|listeners:[], old=null}
2025-09-19 20:46:10,901 [8eb9963e-bce0-4155-aea2-e442cadff8bd-impl-thread3] INFO  ratis.ContainerStateMachine (ContainerStateMachine.java:initialize(339)) - 8eb9963e-bce0-4155-aea2-e442cadff8bd: initialize group-0133D85F5F20
2025-09-19 20:46:10,901 [8eb9963e-bce0-4155-aea2-e442cadff8bd-impl-thread3] INFO  ratis.ContainerStateMachine (ContainerStateMachine.java:loadSnapshot(356)) - group-0133D85F5F20: Setting the last applied index to (t:1, i:0)
2025-09-19 20:46:10,901 [8eb9963e-bce0-4155-aea2-e442cadff8bd-impl-thread3] INFO  server.RaftServerConfigKeys (ConfUtils.java:logGet(62)) - raft.server.log.appender.buffer.byte-limit = 33554432 (custom)
2025-09-19 20:46:10,907 [8eb9963e-bce0-4155-aea2-e442cadff8bd-impl-thread1] INFO  server.RaftServerConfigKeys (ConfUtils.java:logGet(62)) - raft.server.log.segment.size.max = 67108864 (custom)
2025-09-19 20:46:10,909 [8eb9963e-bce0-4155-aea2-e442cadff8bd-impl-thread1] INFO  server.RaftServerConfigKeys (ConfUtils.java:logGet(62)) - raft.server.log.appender.buffer.byte-limit = 33554432 (custom)
2025-09-19 20:46:10,909 [8eb9963e-bce0-4155-aea2-e442cadff8bd-impl-thread1] INFO  util.AwaitToRun (AwaitToRun.java:start(81)) - Thread[#3516,8eb9963e-bce0-4155-aea2-e442cadff8bd@group-A751954341BD-cacheEviction-AwaitToRun,5,main] started
2025-09-19 20:46:10,909 [8eb9963e-bce0-4155-aea2-e442cadff8bd-impl-thread2] INFO  server.RaftServerConfigKeys (ConfUtils.java:logGet(62)) - raft.server.log.segment.size.max = 67108864 (custom)
2025-09-19 20:46:10,909 [8eb9963e-bce0-4155-aea2-e442cadff8bd-impl-thread1] INFO  segmented.SegmentedRaftLogWorker (SegmentedRaftLogWorker.java:<init>(190)) - new 8eb9963e-bce0-4155-aea2-e442cadff8bd@group-A751954341BD-SegmentedRaftLogWorker for RaftStorageImpl:Storage Directory /home/runner/work/ozone/ozone/hadoop-ozone/integration-test/target/test-dir/MiniOzoneClusterImpl-990002c2-bb69-4aa2-bd68-28a5e13e86ef/ozone-metadata/datanode-1/ratis/e102d630-0766-4c9c-a6ac-a751954341bd
2025-09-19 20:46:10,910 [8eb9963e-bce0-4155-aea2-e442cadff8bd-impl-thread1] INFO  server.RaftServerConfigKeys (ConfUtils.java:logGet(62)) - raft.server.log.queue.byte-limit = 4294967296 (custom)
2025-09-19 20:46:10,910 [8eb9963e-bce0-4155-aea2-e442cadff8bd-impl-thread1] INFO  server.RaftServerConfigKeys (ConfUtils.java:logGet(62)) - raft.server.log.segment.size.max = 67108864 (custom)
2025-09-19 20:46:10,910 [8eb9963e-bce0-4155-aea2-e442cadff8bd-impl-thread1] INFO  server.RaftServerConfigKeys (ConfUtils.java:logGet(62)) - raft.server.log.preallocated.size = 4194304 (custom)
2025-09-19 20:46:10,912 [8eb9963e-bce0-4155-aea2-e442cadff8bd-impl-thread3] INFO  server.RaftServerConfigKeys (ConfUtils.java:logGet(62)) - raft.server.log.segment.size.max = 67108864 (custom)
2025-09-19 20:46:10,912 [8eb9963e-bce0-4155-aea2-e442cadff8bd-impl-thread1] INFO  server.RaftServerConfigKeys (ConfUtils.java:logGet(62)) - raft.server.log.write.buffer.size = 33554440 (custom)
2025-09-19 20:46:10,913 [8eb9963e-bce0-4155-aea2-e442cadff8bd-impl-thread2] INFO  server.RaftServerConfigKeys (ConfUtils.java:logGet(62)) - raft.server.log.appender.buffer.byte-limit = 33554432 (custom)
2025-09-19 20:46:10,913 [8eb9963e-bce0-4155-aea2-e442cadff8bd-impl-thread3] INFO  server.RaftServerConfigKeys (ConfUtils.java:logGet(62)) - raft.server.log.appender.buffer.byte-limit = 33554432 (custom)
2025-09-19 20:46:10,913 [8eb9963e-bce0-4155-aea2-e442cadff8bd-impl-thread2] INFO  util.AwaitToRun (AwaitToRun.java:start(81)) - Thread[#3517,8eb9963e-bce0-4155-aea2-e442cadff8bd@group-715EBF8096A7-cacheEviction-AwaitToRun,5,main] started
2025-09-19 20:46:10,913 [8eb9963e-bce0-4155-aea2-e442cadff8bd-impl-thread2] INFO  segmented.SegmentedRaftLogWorker (SegmentedRaftLogWorker.java:<init>(190)) - new 8eb9963e-bce0-4155-aea2-e442cadff8bd@group-715EBF8096A7-SegmentedRaftLogWorker for RaftStorageImpl:Storage Directory /home/runner/work/ozone/ozone/hadoop-ozone/integration-test/target/test-dir/MiniOzoneClusterImpl-990002c2-bb69-4aa2-bd68-28a5e13e86ef/ozone-metadata/datanode-1/ratis/958000d3-2396-49be-82e9-715ebf8096a7
2025-09-19 20:46:10,913 [8eb9963e-bce0-4155-aea2-e442cadff8bd-impl-thread2] INFO  server.RaftServerConfigKeys (ConfUtils.java:logGet(62)) - raft.server.log.queue.byte-limit = 4294967296 (custom)
2025-09-19 20:46:10,913 [8eb9963e-bce0-4155-aea2-e442cadff8bd-impl-thread2] INFO  server.RaftServerConfigKeys (ConfUtils.java:logGet(62)) - raft.server.log.segment.size.max = 67108864 (custom)
2025-09-19 20:46:10,913 [8eb9963e-bce0-4155-aea2-e442cadff8bd-impl-thread2] INFO  server.RaftServerConfigKeys (ConfUtils.java:logGet(62)) - raft.server.log.preallocated.size = 4194304 (custom)
2025-09-19 20:46:10,914 [8eb9963e-bce0-4155-aea2-e442cadff8bd-impl-thread2] INFO  server.RaftServerConfigKeys (ConfUtils.java:logGet(62)) - raft.server.log.write.buffer.size = 33554440 (custom)
2025-09-19 20:46:10,914 [8eb9963e-bce0-4155-aea2-e442cadff8bd-impl-thread3] INFO  util.AwaitToRun (AwaitToRun.java:start(81)) - Thread[#3518,8eb9963e-bce0-4155-aea2-e442cadff8bd@group-0133D85F5F20-cacheEviction-AwaitToRun,5,main] started
2025-09-19 20:46:10,914 [8eb9963e-bce0-4155-aea2-e442cadff8bd-impl-thread3] INFO  segmented.SegmentedRaftLogWorker (SegmentedRaftLogWorker.java:<init>(190)) - new 8eb9963e-bce0-4155-aea2-e442cadff8bd@group-0133D85F5F20-SegmentedRaftLogWorker for RaftStorageImpl:Storage Directory /home/runner/work/ozone/ozone/hadoop-ozone/integration-test/target/test-dir/MiniOzoneClusterImpl-990002c2-bb69-4aa2-bd68-28a5e13e86ef/ozone-metadata/datanode-1/ratis/c953b843-7a8e-4433-916d-0133d85f5f20
2025-09-19 20:46:10,914 [8eb9963e-bce0-4155-aea2-e442cadff8bd-impl-thread3] INFO  server.RaftServerConfigKeys (ConfUtils.java:logGet(62)) - raft.server.log.queue.byte-limit = 4294967296 (custom)
2025-09-19 20:46:10,914 [8eb9963e-bce0-4155-aea2-e442cadff8bd-impl-thread3] INFO  server.RaftServerConfigKeys (ConfUtils.java:logGet(62)) - raft.server.log.segment.size.max = 67108864 (custom)
2025-09-19 20:46:10,914 [8eb9963e-bce0-4155-aea2-e442cadff8bd-impl-thread3] INFO  server.RaftServerConfigKeys (ConfUtils.java:logGet(62)) - raft.server.log.preallocated.size = 4194304 (custom)
2025-09-19 20:46:10,915 [8eb9963e-bce0-4155-aea2-e442cadff8bd-impl-thread3] INFO  server.RaftServerConfigKeys (ConfUtils.java:logGet(62)) - raft.server.log.write.buffer.size = 33554440 (custom)
2025-09-19 20:46:10,918 [8eb9963e-bce0-4155-aea2-e442cadff8bd-impl-thread1] INFO  server.RaftServerConfigKeys (ConfUtils.java:logGet(62)) - raft.server.log.appender.buffer.byte-limit = 33554432 (custom)
2025-09-19 20:46:10,919 [8eb9963e-bce0-4155-aea2-e442cadff8bd-impl-thread1] INFO  server.RaftServer$Division (ServerState.java:setRaftConf(386)) - 8eb9963e-bce0-4155-aea2-e442cadff8bd@group-A751954341BD: set configuration conf: {index: 0, cur=peers:[b5a25cc1-46d3-4381-a194-bd68f4526f1c|127.0.0.1:15031, 0df1231c-9f8a-4757-a7d0-f6d7f53bc482|127.0.0.1:15023, 8eb9963e-bce0-4155-aea2-e442cadff8bd|127.0.0.1:15015]|listeners:[], old=null}
2025-09-19 20:46:10,919 [8eb9963e-bce0-4155-aea2-e442cadff8bd-impl-thread1] INFO  segmented.LogSegment (LogSegment.java:loadSegment(171)) - Successfully read 1 entries from segment file /home/runner/work/ozone/ozone/hadoop-ozone/integration-test/target/test-dir/MiniOzoneClusterImpl-990002c2-bb69-4aa2-bd68-28a5e13e86ef/ozone-metadata/datanode-1/ratis/e102d630-0766-4c9c-a6ac-a751954341bd/current/log_0-0
2025-09-19 20:46:10,919 [8eb9963e-bce0-4155-aea2-e442cadff8bd-impl-thread1] INFO  server.RaftServer$Division (ServerState.java:setRaftConf(386)) - 8eb9963e-bce0-4155-aea2-e442cadff8bd@group-A751954341BD: set configuration conf: {index: 1, cur=peers:[b5a25cc1-46d3-4381-a194-bd68f4526f1c|127.0.0.1:15031, 0df1231c-9f8a-4757-a7d0-f6d7f53bc482|127.0.0.1:15023, 8eb9963e-bce0-4155-aea2-e442cadff8bd|127.0.0.1:15015]|listeners:[], old=null}
2025-09-19 20:46:10,920 [8eb9963e-bce0-4155-aea2-e442cadff8bd-impl-thread2] INFO  server.RaftServerConfigKeys (ConfUtils.java:logGet(62)) - raft.server.log.appender.buffer.byte-limit = 33554432 (custom)
2025-09-19 20:46:10,920 [8eb9963e-bce0-4155-aea2-e442cadff8bd-impl-thread1] INFO  segmented.LogSegment (LogSegment.java:loadSegment(171)) - Successfully read 14 entries from segment file /home/runner/work/ozone/ozone/hadoop-ozone/integration-test/target/test-dir/MiniOzoneClusterImpl-990002c2-bb69-4aa2-bd68-28a5e13e86ef/ozone-metadata/datanode-1/ratis/e102d630-0766-4c9c-a6ac-a751954341bd/current/log_1-14
2025-09-19 20:46:10,920 [8eb9963e-bce0-4155-aea2-e442cadff8bd-impl-thread1] INFO  server.RaftServer$Division (ServerState.java:setRaftConf(386)) - 8eb9963e-bce0-4155-aea2-e442cadff8bd@group-A751954341BD: set configuration conf: {index: 15, cur=peers:[b5a25cc1-46d3-4381-a194-bd68f4526f1c|127.0.0.1:15031, 0df1231c-9f8a-4757-a7d0-f6d7f53bc482|127.0.0.1:15023, 8eb9963e-bce0-4155-aea2-e442cadff8bd|127.0.0.1:15015]|listeners:[], old=null}
2025-09-19 20:46:10,920 [8eb9963e-bce0-4155-aea2-e442cadff8bd-impl-thread2] INFO  server.RaftServer$Division (ServerState.java:setRaftConf(386)) - 8eb9963e-bce0-4155-aea2-e442cadff8bd@group-715EBF8096A7: set configuration conf: {index: 0, cur=peers:[b5a25cc1-46d3-4381-a194-bd68f4526f1c|127.0.0.1:15031, 0df1231c-9f8a-4757-a7d0-f6d7f53bc482|127.0.0.1:15023, 8eb9963e-bce0-4155-aea2-e442cadff8bd|127.0.0.1:15015]|listeners:[], old=null}
2025-09-19 20:46:10,921 [8eb9963e-bce0-4155-aea2-e442cadff8bd-impl-thread2] INFO  segmented.LogSegment (LogSegment.java:loadSegment(171)) - Successfully read 5 entries from segment file /home/runner/work/ozone/ozone/hadoop-ozone/integration-test/target/test-dir/MiniOzoneClusterImpl-990002c2-bb69-4aa2-bd68-28a5e13e86ef/ozone-metadata/datanode-1/ratis/958000d3-2396-49be-82e9-715ebf8096a7/current/log_0-4
2025-09-19 20:46:10,921 [8eb9963e-bce0-4155-aea2-e442cadff8bd-impl-thread3] INFO  server.RaftServerConfigKeys (ConfUtils.java:logGet(62)) - raft.server.log.appender.buffer.byte-limit = 33554432 (custom)
2025-09-19 20:46:10,921 [8eb9963e-bce0-4155-aea2-e442cadff8bd-impl-thread2] INFO  server.RaftServer$Division (ServerState.java:setRaftConf(386)) - 8eb9963e-bce0-4155-aea2-e442cadff8bd@group-715EBF8096A7: set configuration conf: {index: 5, cur=peers:[b5a25cc1-46d3-4381-a194-bd68f4526f1c|127.0.0.1:15031, 0df1231c-9f8a-4757-a7d0-f6d7f53bc482|127.0.0.1:15023, 8eb9963e-bce0-4155-aea2-e442cadff8bd|127.0.0.1:15015]|listeners:[], old=null}
2025-09-19 20:46:10,921 [8eb9963e-bce0-4155-aea2-e442cadff8bd-impl-thread2] INFO  segmented.LogSegment (LogSegment.java:loadSegment(171)) - Successfully read 2 entries from segment file /home/runner/work/ozone/ozone/hadoop-ozone/integration-test/target/test-dir/MiniOzoneClusterImpl-990002c2-bb69-4aa2-bd68-28a5e13e86ef/ozone-metadata/datanode-1/ratis/958000d3-2396-49be-82e9-715ebf8096a7/current/log_5-6
2025-09-19 20:46:10,921 [8eb9963e-bce0-4155-aea2-e442cadff8bd-impl-thread3] INFO  server.RaftServer$Division (ServerState.java:setRaftConf(386)) - 8eb9963e-bce0-4155-aea2-e442cadff8bd@group-0133D85F5F20: set configuration conf: {index: 0, cur=peers:[8eb9963e-bce0-4155-aea2-e442cadff8bd|127.0.0.1:15015]|listeners:[], old=null}
2025-09-19 20:46:10,921 [8eb9963e-bce0-4155-aea2-e442cadff8bd-impl-thread3] INFO  segmented.LogSegment (LogSegment.java:loadSegment(171)) - Successfully read 1 entries from segment file /home/runner/work/ozone/ozone/hadoop-ozone/integration-test/target/test-dir/MiniOzoneClusterImpl-990002c2-bb69-4aa2-bd68-28a5e13e86ef/ozone-metadata/datanode-1/ratis/c953b843-7a8e-4433-916d-0133d85f5f20/current/log_inprogress_0
2025-09-19 20:46:10,921 [8eb9963e-bce0-4155-aea2-e442cadff8bd-impl-thread3] INFO  segmented.SegmentedRaftLogWorker (SegmentedRaftLogWorker.java:lambda$new$0(141)) - 8eb9963e-bce0-4155-aea2-e442cadff8bd@group-0133D85F5F20-SegmentedRaftLogWorker: safeCacheEvictIndex: setUnconditionally 0 -> -1
2025-09-19 20:46:10,921 [8eb9963e-bce0-4155-aea2-e442cadff8bd-impl-thread2] INFO  server.RaftServer$Division (ServerState.java:setRaftConf(386)) - 8eb9963e-bce0-4155-aea2-e442cadff8bd@group-715EBF8096A7: set configuration conf: {index: 7, cur=peers:[b5a25cc1-46d3-4381-a194-bd68f4526f1c|127.0.0.1:15031, 0df1231c-9f8a-4757-a7d0-f6d7f53bc482|127.0.0.1:15023, 8eb9963e-bce0-4155-aea2-e442cadff8bd|127.0.0.1:15015]|listeners:[], old=null}
2025-09-19 20:46:10,921 [8eb9963e-bce0-4155-aea2-e442cadff8bd-impl-thread3] INFO  segmented.BufferedWriteChannel (BufferedWriteChannel.java:open(61)) - open log_inprogress_0 (append) at position 129
2025-09-19 20:46:10,921 [8eb9963e-bce0-4155-aea2-e442cadff8bd-impl-thread2] INFO  segmented.LogSegment (LogSegment.java:loadSegment(171)) - Successfully read 2 entries from segment file /home/runner/work/ozone/ozone/hadoop-ozone/integration-test/target/test-dir/MiniOzoneClusterImpl-990002c2-bb69-4aa2-bd68-28a5e13e86ef/ozone-metadata/datanode-1/ratis/958000d3-2396-49be-82e9-715ebf8096a7/current/log_7-8
2025-09-19 20:46:10,921 [8eb9963e-bce0-4155-aea2-e442cadff8bd-impl-thread3] INFO  server.RaftServer$Division (RaftServerImpl.java:start(405)) - 8eb9963e-bce0-4155-aea2-e442cadff8bd@group-0133D85F5F20: start as a follower, conf=conf: {index: 0, cur=peers:[8eb9963e-bce0-4155-aea2-e442cadff8bd|127.0.0.1:15015]|listeners:[], old=null}
2025-09-19 20:46:10,922 [8eb9963e-bce0-4155-aea2-e442cadff8bd-impl-thread2] INFO  server.RaftServer$Division (ServerState.java:setRaftConf(386)) - 8eb9963e-bce0-4155-aea2-e442cadff8bd@group-715EBF8096A7: set configuration conf: {index: 9, cur=peers:[b5a25cc1-46d3-4381-a194-bd68f4526f1c|127.0.0.1:15031, 0df1231c-9f8a-4757-a7d0-f6d7f53bc482|127.0.0.1:15023, 8eb9963e-bce0-4155-aea2-e442cadff8bd|127.0.0.1:15015]|listeners:[], old=null}
2025-09-19 20:46:10,922 [8eb9963e-bce0-4155-aea2-e442cadff8bd-impl-thread3] INFO  server.RaftServer$Division (RaftServerImpl.java:setRole(392)) - 8eb9963e-bce0-4155-aea2-e442cadff8bd@group-0133D85F5F20: changes role from      null to FOLLOWER at term 1 for startAsFollower
2025-09-19 20:46:10,922 [8eb9963e-bce0-4155-aea2-e442cadff8bd-impl-thread3] INFO  impl.RoleInfo (RoleInfo.java:updateAndGet(148)) - 8eb9963e-bce0-4155-aea2-e442cadff8bd: start 8eb9963e-bce0-4155-aea2-e442cadff8bd@group-0133D85F5F20-FollowerState
2025-09-19 20:46:10,922 [8eb9963e-bce0-4155-aea2-e442cadff8bd-impl-thread2] INFO  segmented.LogSegment (LogSegment.java:loadSegment(171)) - Successfully read 2 entries from segment file /home/runner/work/ozone/ozone/hadoop-ozone/integration-test/target/test-dir/MiniOzoneClusterImpl-990002c2-bb69-4aa2-bd68-28a5e13e86ef/ozone-metadata/datanode-1/ratis/958000d3-2396-49be-82e9-715ebf8096a7/current/log_9-10
2025-09-19 20:46:10,922 [8eb9963e-bce0-4155-aea2-e442cadff8bd-impl-thread2] INFO  server.RaftServer$Division (ServerState.java:setRaftConf(386)) - 8eb9963e-bce0-4155-aea2-e442cadff8bd@group-715EBF8096A7: set configuration conf: {index: 11, cur=peers:[b5a25cc1-46d3-4381-a194-bd68f4526f1c|127.0.0.1:15031, 0df1231c-9f8a-4757-a7d0-f6d7f53bc482|127.0.0.1:15023, 8eb9963e-bce0-4155-aea2-e442cadff8bd|127.0.0.1:15015]|listeners:[], old=null}
2025-09-19 20:46:10,922 [8eb9963e-bce0-4155-aea2-e442cadff8bd-impl-thread1] INFO  segmented.LogSegment (LogSegment.java:loadSegment(171)) - Successfully read 8 entries from segment file /home/runner/work/ozone/ozone/hadoop-ozone/integration-test/target/test-dir/MiniOzoneClusterImpl-990002c2-bb69-4aa2-bd68-28a5e13e86ef/ozone-metadata/datanode-1/ratis/e102d630-0766-4c9c-a6ac-a751954341bd/current/log_inprogress_15
2025-09-19 20:46:10,922 [8eb9963e-bce0-4155-aea2-e442cadff8bd-impl-thread2] INFO  segmented.LogSegment (LogSegment.java:loadSegment(171)) - Successfully read 2 entries from segment file /home/runner/work/ozone/ozone/hadoop-ozone/integration-test/target/test-dir/MiniOzoneClusterImpl-990002c2-bb69-4aa2-bd68-28a5e13e86ef/ozone-metadata/datanode-1/ratis/958000d3-2396-49be-82e9-715ebf8096a7/current/log_11-12
2025-09-19 20:46:10,922 [8eb9963e-bce0-4155-aea2-e442cadff8bd-impl-thread1] INFO  segmented.SegmentedRaftLogWorker (SegmentedRaftLogWorker.java:lambda$new$0(141)) - 8eb9963e-bce0-4155-aea2-e442cadff8bd@group-A751954341BD-SegmentedRaftLogWorker: flushIndex: setUnconditionally 0 -> 22
2025-09-19 20:46:10,922 [8eb9963e-bce0-4155-aea2-e442cadff8bd-impl-thread1] INFO  segmented.SegmentedRaftLogWorker (SegmentedRaftLogWorker.java:lambda$new$0(141)) - 8eb9963e-bce0-4155-aea2-e442cadff8bd@group-A751954341BD-SegmentedRaftLogWorker: safeCacheEvictIndex: setUnconditionally 0 -> 14
2025-09-19 20:46:10,922 [8eb9963e-bce0-4155-aea2-e442cadff8bd-impl-thread1] INFO  segmented.BufferedWriteChannel (BufferedWriteChannel.java:open(61)) - open log_inprogress_15 (append) at position 3160
2025-09-19 20:46:10,922 [8eb9963e-bce0-4155-aea2-e442cadff8bd-impl-thread2] INFO  server.RaftServer$Division (ServerState.java:setRaftConf(386)) - 8eb9963e-bce0-4155-aea2-e442cadff8bd@group-715EBF8096A7: set configuration conf: {index: 13, cur=peers:[b5a25cc1-46d3-4381-a194-bd68f4526f1c|127.0.0.1:15031, 0df1231c-9f8a-4757-a7d0-f6d7f53bc482|127.0.0.1:15023, 8eb9963e-bce0-4155-aea2-e442cadff8bd|127.0.0.1:15015]|listeners:[], old=null}
2025-09-19 20:46:10,922 [8eb9963e-bce0-4155-aea2-e442cadff8bd-impl-thread2] INFO  segmented.LogSegment (LogSegment.java:loadSegment(171)) - Successfully read 2 entries from segment file /home/runner/work/ozone/ozone/hadoop-ozone/integration-test/target/test-dir/MiniOzoneClusterImpl-990002c2-bb69-4aa2-bd68-28a5e13e86ef/ozone-metadata/datanode-1/ratis/958000d3-2396-49be-82e9-715ebf8096a7/current/log_13-14
2025-09-19 20:46:10,923 [8eb9963e-bce0-4155-aea2-e442cadff8bd-impl-thread3] INFO  util.JmxRegister (JmxRegister.java:tryRegister(44)) - Successfully registered JMX Bean with object name Ratis:service=RaftServer,group=group-0133D85F5F20,id=8eb9963e-bce0-4155-aea2-e442cadff8bd
2025-09-19 20:46:10,923 [8eb9963e-bce0-4155-aea2-e442cadff8bd-impl-thread2] INFO  server.RaftServer$Division (ServerState.java:setRaftConf(386)) - 8eb9963e-bce0-4155-aea2-e442cadff8bd@group-715EBF8096A7: set configuration conf: {index: 15, cur=peers:[b5a25cc1-46d3-4381-a194-bd68f4526f1c|127.0.0.1:15031, 0df1231c-9f8a-4757-a7d0-f6d7f53bc482|127.0.0.1:15023, 8eb9963e-bce0-4155-aea2-e442cadff8bd|127.0.0.1:15015]|listeners:[], old=null}
2025-09-19 20:46:10,923 [8eb9963e-bce0-4155-aea2-e442cadff8bd-impl-thread3] INFO  util.JmxRegister (JmxRegister.java:register(58)) - register mxBean class org.apache.ratis.server.impl.RaftServerJmxAdapter as Ratis:service=RaftServer,group=group-0133D85F5F20,id=8eb9963e-bce0-4155-aea2-e442cadff8bd
2025-09-19 20:46:10,923 [8eb9963e-bce0-4155-aea2-e442cadff8bd-impl-thread2] INFO  segmented.LogSegment (LogSegment.java:loadSegment(171)) - Successfully read 2 entries from segment file /home/runner/work/ozone/ozone/hadoop-ozone/integration-test/target/test-dir/MiniOzoneClusterImpl-990002c2-bb69-4aa2-bd68-28a5e13e86ef/ozone-metadata/datanode-1/ratis/958000d3-2396-49be-82e9-715ebf8096a7/current/log_inprogress_15
2025-09-19 20:46:10,923 [8eb9963e-bce0-4155-aea2-e442cadff8bd-impl-thread2] INFO  segmented.SegmentedRaftLogWorker (SegmentedRaftLogWorker.java:lambda$new$0(141)) - 8eb9963e-bce0-4155-aea2-e442cadff8bd@group-715EBF8096A7-SegmentedRaftLogWorker: flushIndex: setUnconditionally 0 -> 16
2025-09-19 20:46:10,923 [8eb9963e-bce0-4155-aea2-e442cadff8bd-impl-thread2] INFO  segmented.SegmentedRaftLogWorker (SegmentedRaftLogWorker.java:lambda$new$0(141)) - 8eb9963e-bce0-4155-aea2-e442cadff8bd@group-715EBF8096A7-SegmentedRaftLogWorker: safeCacheEvictIndex: setUnconditionally 0 -> 14
2025-09-19 20:46:10,923 [8eb9963e-bce0-4155-aea2-e442cadff8bd-impl-thread2] INFO  segmented.BufferedWriteChannel (BufferedWriteChannel.java:open(61)) - open log_inprogress_15 (append) at position 366
2025-09-19 20:46:10,923 [8eb9963e-bce0-4155-aea2-e442cadff8bd-impl-thread2] INFO  server.RaftServer$Division (RaftServerImpl.java:start(405)) - 8eb9963e-bce0-4155-aea2-e442cadff8bd@group-715EBF8096A7: start as a follower, conf=conf: {index: 15, cur=peers:[b5a25cc1-46d3-4381-a194-bd68f4526f1c|127.0.0.1:15031, 0df1231c-9f8a-4757-a7d0-f6d7f53bc482|127.0.0.1:15023, 8eb9963e-bce0-4155-aea2-e442cadff8bd|127.0.0.1:15015]|listeners:[], old=null}
2025-09-19 20:46:10,924 [8eb9963e-bce0-4155-aea2-e442cadff8bd-impl-thread2] INFO  server.RaftServer$Division (RaftServerImpl.java:setRole(392)) - 8eb9963e-bce0-4155-aea2-e442cadff8bd@group-715EBF8096A7: changes role from      null to FOLLOWER at term 7 for startAsFollower
2025-09-19 20:46:10,924 [8eb9963e-bce0-4155-aea2-e442cadff8bd-impl-thread2] INFO  impl.RoleInfo (RoleInfo.java:updateAndGet(148)) - 8eb9963e-bce0-4155-aea2-e442cadff8bd: start 8eb9963e-bce0-4155-aea2-e442cadff8bd@group-715EBF8096A7-FollowerState
2025-09-19 20:46:10,924 [8eb9963e-bce0-4155-aea2-e442cadff8bd-impl-thread2] INFO  util.JmxRegister (JmxRegister.java:tryRegister(44)) - Successfully registered JMX Bean with object name Ratis:service=RaftServer,group=group-715EBF8096A7,id=8eb9963e-bce0-4155-aea2-e442cadff8bd
2025-09-19 20:46:10,924 [8eb9963e-bce0-4155-aea2-e442cadff8bd-impl-thread2] INFO  util.JmxRegister (JmxRegister.java:register(58)) - register mxBean class org.apache.ratis.server.impl.RaftServerJmxAdapter as Ratis:service=RaftServer,group=group-715EBF8096A7,id=8eb9963e-bce0-4155-aea2-e442cadff8bd
2025-09-19 20:46:10,924 [8eb9963e-bce0-4155-aea2-e442cadff8bd-impl-thread1] INFO  server.RaftServer$Division (RaftServerImpl.java:start(405)) - 8eb9963e-bce0-4155-aea2-e442cadff8bd@group-A751954341BD: start as a follower, conf=conf: {index: 15, cur=peers:[b5a25cc1-46d3-4381-a194-bd68f4526f1c|127.0.0.1:15031, 0df1231c-9f8a-4757-a7d0-f6d7f53bc482|127.0.0.1:15023, 8eb9963e-bce0-4155-aea2-e442cadff8bd|127.0.0.1:15015]|listeners:[], old=null}
2025-09-19 20:46:10,925 [8eb9963e-bce0-4155-aea2-e442cadff8bd-impl-thread1] INFO  server.RaftServer$Division (RaftServerImpl.java:setRole(392)) - 8eb9963e-bce0-4155-aea2-e442cadff8bd@group-A751954341BD: changes role from      null to FOLLOWER at term 3 for startAsFollower
2025-09-19 20:46:10,925 [8eb9963e-bce0-4155-aea2-e442cadff8bd-impl-thread1] INFO  impl.RoleInfo (RoleInfo.java:updateAndGet(148)) - 8eb9963e-bce0-4155-aea2-e442cadff8bd: start 8eb9963e-bce0-4155-aea2-e442cadff8bd@group-A751954341BD-FollowerState
2025-09-19 20:46:10,924 [8eb9963e-bce0-4155-aea2-e442cadff8bd-impl-thread3] INFO  server.RaftServer$Division (RaftServerImpl.java:start(419)) - 8eb9963e-bce0-4155-aea2-e442cadff8bd@group-0133D85F5F20: Successfully started.
2025-09-19 20:46:10,925 [8eb9963e-bce0-4155-aea2-e442cadff8bd-impl-thread2] INFO  server.RaftServer$Division (RaftServerImpl.java:start(419)) - 8eb9963e-bce0-4155-aea2-e442cadff8bd@group-715EBF8096A7: Successfully started.
2025-09-19 20:46:10,925 [8eb9963e-bce0-4155-aea2-e442cadff8bd-impl-thread1] INFO  util.JmxRegister (JmxRegister.java:tryRegister(44)) - Successfully registered JMX Bean with object name Ratis:service=RaftServer,group=group-A751954341BD,id=8eb9963e-bce0-4155-aea2-e442cadff8bd
2025-09-19 20:46:10,925 [8eb9963e-bce0-4155-aea2-e442cadff8bd-impl-thread1] INFO  util.JmxRegister (JmxRegister.java:register(58)) - register mxBean class org.apache.ratis.server.impl.RaftServerJmxAdapter as Ratis:service=RaftServer,group=group-A751954341BD,id=8eb9963e-bce0-4155-aea2-e442cadff8bd
2025-09-19 20:46:10,926 [8eb9963e-bce0-4155-aea2-e442cadff8bd-impl-thread1] INFO  server.RaftServer$Division (RaftServerImpl.java:start(419)) - 8eb9963e-bce0-4155-aea2-e442cadff8bd@group-A751954341BD: Successfully started.
2025-09-19 20:46:10,926 [8eb9963e-bce0-4155-aea2-e442cadff8bd-EndpointStateMachineTaskThread-/0.0.0.0:15002-0 ] INFO  server.RaftServer (RaftServerProxy.java:startImpl(412)) - 8eb9963e-bce0-4155-aea2-e442cadff8bd: start RPC server
2025-09-19 20:46:10,926 [8eb9963e-bce0-4155-aea2-e442cadff8bd-EndpointStateMachineTaskThread-/0.0.0.0:15002-0 ] INFO  server.GrpcServicesImpl (GrpcServicesImpl.java:startImpl(346)) - 8eb9963e-bce0-4155-aea2-e442cadff8bd: GrpcServicesImpl started, listening on 15013
2025-09-19 20:46:10,926 [8eb9963e-bce0-4155-aea2-e442cadff8bd-EndpointStateMachineTaskThread-/0.0.0.0:15002-0 ] INFO  server.GrpcServicesImpl (GrpcServicesImpl.java:startImpl(346)) - 8eb9963e-bce0-4155-aea2-e442cadff8bd: GrpcServicesImpl started, listening on 15015
2025-09-19 20:46:10,926 [8eb9963e-bce0-4155-aea2-e442cadff8bd-EndpointStateMachineTaskThread-/0.0.0.0:15002-0 ] INFO  server.GrpcServicesImpl (GrpcServicesImpl.java:startImpl(346)) - 8eb9963e-bce0-4155-aea2-e442cadff8bd: GrpcServicesImpl started, listening on 15014
2025-09-19 20:46:10,927 [8eb9963e-bce0-4155-aea2-e442cadff8bd-EndpointStateMachineTaskThread-/0.0.0.0:15002-0 ] INFO  ratis.XceiverServerRatis (XceiverServerRatis.java:getRealPort(587)) - XceiverServerRatis(8eb9963e-bce0-4155-aea2-e442cadff8bd) is started using port RATIS=15013
2025-09-19 20:46:10,927 [JvmPauseMonitor17] INFO  util.JvmPauseMonitor (JvmPauseMonitor.java:run(146)) - JvmPauseMonitor-8eb9963e-bce0-4155-aea2-e442cadff8bd: Started
2025-09-19 20:46:10,927 [8eb9963e-bce0-4155-aea2-e442cadff8bd-EndpointStateMachineTaskThread-/0.0.0.0:15002-0 ] INFO  ratis.XceiverServerRatis (XceiverServerRatis.java:getRealPort(587)) - XceiverServerRatis(8eb9963e-bce0-4155-aea2-e442cadff8bd) is started using port RATIS_ADMIN=15014
2025-09-19 20:46:10,927 [8eb9963e-bce0-4155-aea2-e442cadff8bd-EndpointStateMachineTaskThread-/0.0.0.0:15002-0 ] INFO  ratis.XceiverServerRatis (XceiverServerRatis.java:getRealPort(587)) - XceiverServerRatis(8eb9963e-bce0-4155-aea2-e442cadff8bd) is started using port RATIS_SERVER=15015
2025-09-19 20:46:10,927 [8eb9963e-bce0-4155-aea2-e442cadff8bd-EndpointStateMachineTaskThread-/0.0.0.0:15002-0 ] INFO  ratis.XceiverServerRatis (XceiverServerRatis.java:getRealPort(587)) - XceiverServerRatis(8eb9963e-bce0-4155-aea2-e442cadff8bd) is started using port RATIS_DATASTREAM=15016
2025-09-19 20:46:10,927 [8eb9963e-bce0-4155-aea2-e442cadff8bd-EndpointStateMachineTaskThread-/0.0.0.0:15002-0 ] INFO  utils.BackgroundService (BackgroundService.java:start(119)) - Starting service BlockDeletingService with interval 60000 milliseconds
2025-09-19 20:46:10,927 [8eb9963e-bce0-4155-aea2-e442cadff8bd-EndpointStateMachineTaskThread-/0.0.0.0:15002-0 ] INFO  utils.BackgroundService (BackgroundService.java:start(119)) - Starting service StaleRecoveringContainerScrubbingService with interval 60000 milliseconds
2025-09-19 20:46:10,956 [417c597c-13cf-4e34-be96-1680b82aa276-impl-thread3] INFO  segmented.SegmentedRaftLogWorker (SegmentedRaftLogWorker.java:close(254)) - 417c597c-13cf-4e34-be96-1680b82aa276@group-ECC9D8425EA7-SegmentedRaftLogWorker close()
2025-09-19 20:46:10,956 [417c597c-13cf-4e34-be96-1680b82aa276-impl-thread3] INFO  ratis.ContainerStateMachine (ContainerStateMachine.java:notifyServerShutdown(1038)) - group-ECC9D8425EA7 is closed by HddsDatanodeService
2025-09-19 20:46:11,099 [b5a25cc1-46d3-4381-a194-bd68f4526f1c-ContainerReader-0] INFO  ozoneimpl.ContainerReader (ContainerReader.java:readVolume(147)) - Start to verify containers on volume /home/runner/work/ozone/ozone/hadoop-ozone/integration-test/target/test-dir/MiniOzoneClusterImpl-990002c2-bb69-4aa2-bd68-28a5e13e86ef/ozone-metadata/datanode-3/data-0/hdds
2025-09-19 20:46:11,101 [b5a25cc1-46d3-4381-a194-bd68f4526f1c-ContainerReader-0] WARN  helpers.KeyValueContainerUtil (KeyValueContainerUtil.java:populateContainerMetadata(330)) - Missing pendingDeleteBlockCount from metadata: recalculate them from block table
2025-09-19 20:46:11,103 [b5a25cc1-46d3-4381-a194-bd68f4526f1c-ContainerReader-0] WARN  helpers.KeyValueContainerUtil (KeyValueContainerUtil.java:populateContainerMetadata(330)) - Missing pendingDeleteBlockCount from metadata: recalculate them from block table
2025-09-19 20:46:11,105 [b5a25cc1-46d3-4381-a194-bd68f4526f1c-ContainerReader-0] WARN  helpers.KeyValueContainerUtil (KeyValueContainerUtil.java:populateContainerMetadata(330)) - Missing pendingDeleteBlockCount from metadata: recalculate them from block table
2025-09-19 20:46:11,107 [b5a25cc1-46d3-4381-a194-bd68f4526f1c-ContainerReader-0] WARN  helpers.KeyValueContainerUtil (KeyValueContainerUtil.java:populateContainerMetadata(330)) - Missing pendingDeleteBlockCount from metadata: recalculate them from block table
2025-09-19 20:46:11,108 [b5a25cc1-46d3-4381-a194-bd68f4526f1c-ContainerReader-0] INFO  ozoneimpl.ContainerReader (ContainerReader.java:readVolume(177)) - Finish verifying containers on volume /home/runner/work/ozone/ozone/hadoop-ozone/integration-test/target/test-dir/MiniOzoneClusterImpl-990002c2-bb69-4aa2-bd68-28a5e13e86ef/ozone-metadata/datanode-3/data-0/hdds
2025-09-19 20:46:11,109 [b5a25cc1-46d3-4381-a194-bd68f4526f1c-EndpointStateMachineTaskThread-/0.0.0.0:15002-0 ] INFO  ozoneimpl.OzoneContainer (OzoneContainer.java:buildContainerSet(370)) - Build ContainerSet costs 0s
2025-09-19 20:46:11,109 [b5a25cc1-46d3-4381-a194-bd68f4526f1c-EndpointStateMachineTaskThread-/0.0.0.0:15002-0 ] INFO  volume.ThrottledAsyncChecker (ThrottledAsyncChecker.java:schedule(138)) - Scheduling a check for /home/runner/work/ozone/ozone/hadoop-ozone/integration-test/target/test-dir/MiniOzoneClusterImpl-990002c2-bb69-4aa2-bd68-28a5e13e86ef/ozone-metadata/datanode-3/data-0/hdds
2025-09-19 20:46:11,109 [b5a25cc1-46d3-4381-a194-bd68f4526f1c-EndpointStateMachineTaskThread-/0.0.0.0:15002-0 ] INFO  volume.StorageVolumeChecker (StorageVolumeChecker.java:checkAllVolumes(231)) - Scheduled health check for volume /home/runner/work/ozone/ozone/hadoop-ozone/integration-test/target/test-dir/MiniOzoneClusterImpl-990002c2-bb69-4aa2-bd68-28a5e13e86ef/ozone-metadata/datanode-3/data-0/hdds
2025-09-19 20:46:11,112 [b5a25cc1-46d3-4381-a194-bd68f4526f1c-EndpointStateMachineTaskThread-/0.0.0.0:15002-0 ] INFO  volume.ThrottledAsyncChecker (ThrottledAsyncChecker.java:schedule(138)) - Scheduling a check for /home/runner/work/ozone/ozone/hadoop-ozone/integration-test/target/test-dir/MiniOzoneClusterImpl-990002c2-bb69-4aa2-bd68-28a5e13e86ef/ozone-metadata/datanode-3/ratis
2025-09-19 20:46:11,112 [b5a25cc1-46d3-4381-a194-bd68f4526f1c-EndpointStateMachineTaskThread-/0.0.0.0:15002-0 ] INFO  volume.StorageVolumeChecker (StorageVolumeChecker.java:checkAllVolumes(231)) - Scheduled health check for volume /home/runner/work/ozone/ozone/hadoop-ozone/integration-test/target/test-dir/MiniOzoneClusterImpl-990002c2-bb69-4aa2-bd68-28a5e13e86ef/ozone-metadata/datanode-3/ratis
2025-09-19 20:46:11,113 [b5a25cc1-46d3-4381-a194-bd68f4526f1c-EndpointStateMachineTaskThread-/0.0.0.0:15002-0 ] INFO  ozoneimpl.OzoneContainer (OzoneContainer.java:start(525)) - Attempting to start container services.
2025-09-19 20:46:11,114 [ContainerDataScanner(/home/runner/work/ozone/ozone/hadoop-ozone/integration-test/target/test-dir/MiniOzoneClusterImpl-990002c2-bb69-4aa2-bd68-28a5e13e86ef/ozone-metadata/datanode-3/data-0/hdds)] INFO  ozoneimpl.AbstractBackgroundContainerScanner (AbstractBackgroundContainerScanner.java:runIteration(89)) - Completed an iteration in 0 minutes. Number of iterations (since the data-node restart) : 1, Number of containers scanned in this iteration : 0, Number of unhealthy containers found in this iteration : 0
2025-09-19 20:46:11,115 [b5a25cc1-46d3-4381-a194-bd68f4526f1c-EndpointStateMachineTaskThread-/0.0.0.0:15002-0 ] INFO  replication.ReplicationServer (ReplicationServer.java:start(137)) - ReplicationServer is started using port 15033
2025-09-19 20:46:11,115 [b5a25cc1-46d3-4381-a194-bd68f4526f1c-EndpointStateMachineTaskThread-/0.0.0.0:15002-0 ] INFO  ratis.XceiverServerRatis (XceiverServerRatis.java:start(560)) - Starting XceiverServerRatis(b5a25cc1-46d3-4381-a194-bd68f4526f1c)
2025-09-19 20:46:11,116 [b5a25cc1-46d3-4381-a194-bd68f4526f1c-impl-thread1] INFO  server.RaftServerConfigKeys (ConfUtils.java:logGet(62)) - raft.server.storage.dir = [/home/runner/work/ozone/ozone/hadoop-ozone/integration-test/target/test-dir/MiniOzoneClusterImpl-990002c2-bb69-4aa2-bd68-28a5e13e86ef/ozone-metadata/datanode-3/ratis] (custom)
2025-09-19 20:46:11,117 [b5a25cc1-46d3-4381-a194-bd68f4526f1c-impl-thread1] INFO  storage.RaftStorageDirectory (RaftStorageDirectoryImpl.java:tryLock(229)) - Lock on /home/runner/work/ozone/ozone/hadoop-ozone/integration-test/target/test-dir/MiniOzoneClusterImpl-990002c2-bb69-4aa2-bd68-28a5e13e86ef/ozone-metadata/datanode-3/ratis/7b6acda8-b144-4fc3-891d-88b5b3dd1307/in_use.lock acquired by nodename 22744@localhost
2025-09-19 20:46:11,117 [b5a25cc1-46d3-4381-a194-bd68f4526f1c-impl-thread3] INFO  storage.RaftStorageDirectory (RaftStorageDirectoryImpl.java:tryLock(229)) - Lock on /home/runner/work/ozone/ozone/hadoop-ozone/integration-test/target/test-dir/MiniOzoneClusterImpl-990002c2-bb69-4aa2-bd68-28a5e13e86ef/ozone-metadata/datanode-3/ratis/958000d3-2396-49be-82e9-715ebf8096a7/in_use.lock acquired by nodename 22744@localhost
2025-09-19 20:46:11,118 [ContainerMetadataScanner] INFO  ozoneimpl.AbstractBackgroundContainerScanner (AbstractBackgroundContainerScanner.java:runIteration(89)) - Completed an iteration in 0 minutes. Number of iterations (since the data-node restart) : 1, Number of containers scanned in this iteration : 3, Number of unhealthy containers found in this iteration : 0
2025-09-19 20:46:11,118 [b5a25cc1-46d3-4381-a194-bd68f4526f1c-impl-thread1] INFO  storage.RaftStorage (RaftStorageImpl.java:analyzeAndRecoverStorage(118)) - Read RaftStorageMetadata{term=3, votedFor=b5a25cc1-46d3-4381-a194-bd68f4526f1c} from /home/runner/work/ozone/ozone/hadoop-ozone/integration-test/target/test-dir/MiniOzoneClusterImpl-990002c2-bb69-4aa2-bd68-28a5e13e86ef/ozone-metadata/datanode-3/ratis/7b6acda8-b144-4fc3-891d-88b5b3dd1307/current/raft-meta
2025-09-19 20:46:11,118 [b5a25cc1-46d3-4381-a194-bd68f4526f1c-impl-thread3] INFO  storage.RaftStorage (RaftStorageImpl.java:analyzeAndRecoverStorage(118)) - Read RaftStorageMetadata{term=7, votedFor=b5a25cc1-46d3-4381-a194-bd68f4526f1c} from /home/runner/work/ozone/ozone/hadoop-ozone/integration-test/target/test-dir/MiniOzoneClusterImpl-990002c2-bb69-4aa2-bd68-28a5e13e86ef/ozone-metadata/datanode-3/ratis/958000d3-2396-49be-82e9-715ebf8096a7/current/raft-meta
2025-09-19 20:46:11,118 [b5a25cc1-46d3-4381-a194-bd68f4526f1c-impl-thread1] INFO  server.RaftServer$Division (ServerState.java:setRaftConf(386)) - b5a25cc1-46d3-4381-a194-bd68f4526f1c@group-88B5B3DD1307: set configuration conf: {index: 3, cur=peers:[b5a25cc1-46d3-4381-a194-bd68f4526f1c|127.0.0.1:15031]|listeners:[], old=null}
2025-09-19 20:46:11,118 [b5a25cc1-46d3-4381-a194-bd68f4526f1c-impl-thread3] INFO  server.RaftServer$Division (ServerState.java:setRaftConf(386)) - b5a25cc1-46d3-4381-a194-bd68f4526f1c@group-715EBF8096A7: set configuration conf: {index: 15, cur=peers:[b5a25cc1-46d3-4381-a194-bd68f4526f1c|127.0.0.1:15031, 0df1231c-9f8a-4757-a7d0-f6d7f53bc482|127.0.0.1:15023, 8eb9963e-bce0-4155-aea2-e442cadff8bd|127.0.0.1:15015]|listeners:[], old=null}
2025-09-19 20:46:11,118 [b5a25cc1-46d3-4381-a194-bd68f4526f1c-impl-thread3] INFO  ratis.ContainerStateMachine (ContainerStateMachine.java:initialize(339)) - b5a25cc1-46d3-4381-a194-bd68f4526f1c: initialize group-715EBF8096A7
2025-09-19 20:46:11,118 [b5a25cc1-46d3-4381-a194-bd68f4526f1c-impl-thread1] INFO  ratis.ContainerStateMachine (ContainerStateMachine.java:initialize(339)) - b5a25cc1-46d3-4381-a194-bd68f4526f1c: initialize group-88B5B3DD1307
2025-09-19 20:46:11,118 [b5a25cc1-46d3-4381-a194-bd68f4526f1c-impl-thread3] INFO  ratis.ContainerStateMachine (ContainerStateMachine.java:loadSnapshot(356)) - group-715EBF8096A7: Setting the last applied index to (t:7, i:16)
2025-09-19 20:46:11,118 [b5a25cc1-46d3-4381-a194-bd68f4526f1c-impl-thread1] INFO  ratis.ContainerStateMachine (ContainerStateMachine.java:loadSnapshot(356)) - group-88B5B3DD1307: Setting the last applied index to (t:3, i:4)
2025-09-19 20:46:11,118 [b5a25cc1-46d3-4381-a194-bd68f4526f1c-impl-thread1] INFO  server.RaftServerConfigKeys (ConfUtils.java:logGet(62)) - raft.server.log.appender.buffer.byte-limit = 33554432 (custom)
2025-09-19 20:46:11,119 [b5a25cc1-46d3-4381-a194-bd68f4526f1c-impl-thread2] INFO  storage.RaftStorageDirectory (RaftStorageDirectoryImpl.java:tryLock(229)) - Lock on /home/runner/work/ozone/ozone/hadoop-ozone/integration-test/target/test-dir/MiniOzoneClusterImpl-990002c2-bb69-4aa2-bd68-28a5e13e86ef/ozone-metadata/datanode-3/ratis/e102d630-0766-4c9c-a6ac-a751954341bd/in_use.lock acquired by nodename 22744@localhost
2025-09-19 20:46:11,119 [b5a25cc1-46d3-4381-a194-bd68f4526f1c-impl-thread2] INFO  storage.RaftStorage (RaftStorageImpl.java:analyzeAndRecoverStorage(118)) - Read RaftStorageMetadata{term=4, votedFor=b5a25cc1-46d3-4381-a194-bd68f4526f1c} from /home/runner/work/ozone/ozone/hadoop-ozone/integration-test/target/test-dir/MiniOzoneClusterImpl-990002c2-bb69-4aa2-bd68-28a5e13e86ef/ozone-metadata/datanode-3/ratis/e102d630-0766-4c9c-a6ac-a751954341bd/current/raft-meta
2025-09-19 20:46:11,118 [b5a25cc1-46d3-4381-a194-bd68f4526f1c-impl-thread3] INFO  server.RaftServerConfigKeys (ConfUtils.java:logGet(62)) - raft.server.log.appender.buffer.byte-limit = 33554432 (custom)
2025-09-19 20:46:11,119 [b5a25cc1-46d3-4381-a194-bd68f4526f1c-impl-thread2] INFO  server.RaftServer$Division (ServerState.java:setRaftConf(386)) - b5a25cc1-46d3-4381-a194-bd68f4526f1c@group-A751954341BD: set configuration conf: {index: 23, cur=peers:[b5a25cc1-46d3-4381-a194-bd68f4526f1c|127.0.0.1:15031, 0df1231c-9f8a-4757-a7d0-f6d7f53bc482|127.0.0.1:15023, 8eb9963e-bce0-4155-aea2-e442cadff8bd|127.0.0.1:15015]|listeners:[], old=null}
2025-09-19 20:46:11,119 [b5a25cc1-46d3-4381-a194-bd68f4526f1c-impl-thread2] INFO  ratis.ContainerStateMachine (ContainerStateMachine.java:initialize(339)) - b5a25cc1-46d3-4381-a194-bd68f4526f1c: initialize group-A751954341BD
2025-09-19 20:46:11,119 [b5a25cc1-46d3-4381-a194-bd68f4526f1c-impl-thread2] INFO  ratis.ContainerStateMachine (ContainerStateMachine.java:loadSnapshot(356)) - group-A751954341BD: Setting the last applied index to (t:4, i:24)
2025-09-19 20:46:11,119 [b5a25cc1-46d3-4381-a194-bd68f4526f1c-impl-thread2] INFO  server.RaftServerConfigKeys (ConfUtils.java:logGet(62)) - raft.server.log.appender.buffer.byte-limit = 33554432 (custom)
2025-09-19 20:46:11,128 [b5a25cc1-46d3-4381-a194-bd68f4526f1c-impl-thread1] INFO  server.RaftServerConfigKeys (ConfUtils.java:logGet(62)) - raft.server.log.segment.size.max = 67108864 (custom)
2025-09-19 20:46:11,129 [b5a25cc1-46d3-4381-a194-bd68f4526f1c-impl-thread3] INFO  server.RaftServerConfigKeys (ConfUtils.java:logGet(62)) - raft.server.log.segment.size.max = 67108864 (custom)
2025-09-19 20:46:11,130 [b5a25cc1-46d3-4381-a194-bd68f4526f1c-impl-thread1] INFO  server.RaftServerConfigKeys (ConfUtils.java:logGet(62)) - raft.server.log.appender.buffer.byte-limit = 33554432 (custom)
2025-09-19 20:46:11,130 [b5a25cc1-46d3-4381-a194-bd68f4526f1c-impl-thread1] INFO  util.AwaitToRun (AwaitToRun.java:start(81)) - Thread[#3548,b5a25cc1-46d3-4381-a194-bd68f4526f1c@group-88B5B3DD1307-cacheEviction-AwaitToRun,5,main] started
2025-09-19 20:46:11,130 [b5a25cc1-46d3-4381-a194-bd68f4526f1c-impl-thread1] INFO  segmented.SegmentedRaftLogWorker (SegmentedRaftLogWorker.java:<init>(190)) - new b5a25cc1-46d3-4381-a194-bd68f4526f1c@group-88B5B3DD1307-SegmentedRaftLogWorker for RaftStorageImpl:Storage Directory /home/runner/work/ozone/ozone/hadoop-ozone/integration-test/target/test-dir/MiniOzoneClusterImpl-990002c2-bb69-4aa2-bd68-28a5e13e86ef/ozone-metadata/datanode-3/ratis/7b6acda8-b144-4fc3-891d-88b5b3dd1307
2025-09-19 20:46:11,131 [b5a25cc1-46d3-4381-a194-bd68f4526f1c-impl-thread1] INFO  server.RaftServerConfigKeys (ConfUtils.java:logGet(62)) - raft.server.log.queue.byte-limit = 4294967296 (custom)
2025-09-19 20:46:11,131 [b5a25cc1-46d3-4381-a194-bd68f4526f1c-impl-thread2] INFO  server.RaftServerConfigKeys (ConfUtils.java:logGet(62)) - raft.server.log.segment.size.max = 67108864 (custom)
2025-09-19 20:46:11,131 [b5a25cc1-46d3-4381-a194-bd68f4526f1c-impl-thread1] INFO  server.RaftServerConfigKeys (ConfUtils.java:logGet(62)) - raft.server.log.segment.size.max = 67108864 (custom)
2025-09-19 20:46:11,131 [b5a25cc1-46d3-4381-a194-bd68f4526f1c-impl-thread1] INFO  server.RaftServerConfigKeys (ConfUtils.java:logGet(62)) - raft.server.log.preallocated.size = 4194304 (custom)
2025-09-19 20:46:11,131 [b5a25cc1-46d3-4381-a194-bd68f4526f1c-impl-thread2] INFO  server.RaftServerConfigKeys (ConfUtils.java:logGet(62)) - raft.server.log.appender.buffer.byte-limit = 33554432 (custom)
2025-09-19 20:46:11,131 [b5a25cc1-46d3-4381-a194-bd68f4526f1c-impl-thread1] INFO  server.RaftServerConfigKeys (ConfUtils.java:logGet(62)) - raft.server.log.write.buffer.size = 33554440 (custom)
2025-09-19 20:46:11,132 [b5a25cc1-46d3-4381-a194-bd68f4526f1c-impl-thread3] INFO  server.RaftServerConfigKeys (ConfUtils.java:logGet(62)) - raft.server.log.appender.buffer.byte-limit = 33554432 (custom)
2025-09-19 20:46:11,132 [b5a25cc1-46d3-4381-a194-bd68f4526f1c-impl-thread2] INFO  util.AwaitToRun (AwaitToRun.java:start(81)) - Thread[#3549,b5a25cc1-46d3-4381-a194-bd68f4526f1c@group-A751954341BD-cacheEviction-AwaitToRun,5,main] started
2025-09-19 20:46:11,132 [b5a25cc1-46d3-4381-a194-bd68f4526f1c-impl-thread2] INFO  segmented.SegmentedRaftLogWorker (SegmentedRaftLogWorker.java:<init>(190)) - new b5a25cc1-46d3-4381-a194-bd68f4526f1c@group-A751954341BD-SegmentedRaftLogWorker for RaftStorageImpl:Storage Directory /home/runner/work/ozone/ozone/hadoop-ozone/integration-test/target/test-dir/MiniOzoneClusterImpl-990002c2-bb69-4aa2-bd68-28a5e13e86ef/ozone-metadata/datanode-3/ratis/e102d630-0766-4c9c-a6ac-a751954341bd
2025-09-19 20:46:11,132 [b5a25cc1-46d3-4381-a194-bd68f4526f1c-impl-thread2] INFO  server.RaftServerConfigKeys (ConfUtils.java:logGet(62)) - raft.server.log.queue.byte-limit = 4294967296 (custom)
2025-09-19 20:46:11,132 [b5a25cc1-46d3-4381-a194-bd68f4526f1c-impl-thread2] INFO  server.RaftServerConfigKeys (ConfUtils.java:logGet(62)) - raft.server.log.segment.size.max = 67108864 (custom)
2025-09-19 20:46:11,132 [b5a25cc1-46d3-4381-a194-bd68f4526f1c-impl-thread2] INFO  server.RaftServerConfigKeys (ConfUtils.java:logGet(62)) - raft.server.log.preallocated.size = 4194304 (custom)
2025-09-19 20:46:11,132 [b5a25cc1-46d3-4381-a194-bd68f4526f1c-impl-thread2] INFO  server.RaftServerConfigKeys (ConfUtils.java:logGet(62)) - raft.server.log.write.buffer.size = 33554440 (custom)
2025-09-19 20:46:11,133 [b5a25cc1-46d3-4381-a194-bd68f4526f1c-impl-thread3] INFO  util.AwaitToRun (AwaitToRun.java:start(81)) - Thread[#3550,b5a25cc1-46d3-4381-a194-bd68f4526f1c@group-715EBF8096A7-cacheEviction-AwaitToRun,5,main] started
2025-09-19 20:46:11,133 [b5a25cc1-46d3-4381-a194-bd68f4526f1c-impl-thread3] INFO  segmented.SegmentedRaftLogWorker (SegmentedRaftLogWorker.java:<init>(190)) - new b5a25cc1-46d3-4381-a194-bd68f4526f1c@group-715EBF8096A7-SegmentedRaftLogWorker for RaftStorageImpl:Storage Directory /home/runner/work/ozone/ozone/hadoop-ozone/integration-test/target/test-dir/MiniOzoneClusterImpl-990002c2-bb69-4aa2-bd68-28a5e13e86ef/ozone-metadata/datanode-3/ratis/958000d3-2396-49be-82e9-715ebf8096a7
2025-09-19 20:46:11,133 [b5a25cc1-46d3-4381-a194-bd68f4526f1c-impl-thread3] INFO  server.RaftServerConfigKeys (ConfUtils.java:logGet(62)) - raft.server.log.queue.byte-limit = 4294967296 (custom)
2025-09-19 20:46:11,133 [b5a25cc1-46d3-4381-a194-bd68f4526f1c-impl-thread3] INFO  server.RaftServerConfigKeys (ConfUtils.java:logGet(62)) - raft.server.log.segment.size.max = 67108864 (custom)
2025-09-19 20:46:11,133 [b5a25cc1-46d3-4381-a194-bd68f4526f1c-impl-thread3] INFO  server.RaftServerConfigKeys (ConfUtils.java:logGet(62)) - raft.server.log.preallocated.size = 4194304 (custom)
2025-09-19 20:46:11,134 [b5a25cc1-46d3-4381-a194-bd68f4526f1c-impl-thread3] INFO  server.RaftServerConfigKeys (ConfUtils.java:logGet(62)) - raft.server.log.write.buffer.size = 33554440 (custom)
2025-09-19 20:46:11,137 [b5a25cc1-46d3-4381-a194-bd68f4526f1c-impl-thread1] INFO  server.RaftServerConfigKeys (ConfUtils.java:logGet(62)) - raft.server.log.appender.buffer.byte-limit = 33554432 (custom)
2025-09-19 20:46:11,139 [b5a25cc1-46d3-4381-a194-bd68f4526f1c-impl-thread1] INFO  server.RaftServer$Division (ServerState.java:setRaftConf(386)) - b5a25cc1-46d3-4381-a194-bd68f4526f1c@group-88B5B3DD1307: set configuration conf: {index: 0, cur=peers:[b5a25cc1-46d3-4381-a194-bd68f4526f1c|127.0.0.1:15031]|listeners:[], old=null}
2025-09-19 20:46:11,139 [b5a25cc1-46d3-4381-a194-bd68f4526f1c-impl-thread1] INFO  segmented.LogSegment (LogSegment.java:loadSegment(171)) - Successfully read 1 entries from segment file /home/runner/work/ozone/ozone/hadoop-ozone/integration-test/target/test-dir/MiniOzoneClusterImpl-990002c2-bb69-4aa2-bd68-28a5e13e86ef/ozone-metadata/datanode-3/ratis/7b6acda8-b144-4fc3-891d-88b5b3dd1307/current/log_0-0
2025-09-19 20:46:11,139 [b5a25cc1-46d3-4381-a194-bd68f4526f1c-impl-thread2] INFO  server.RaftServerConfigKeys (ConfUtils.java:logGet(62)) - raft.server.log.appender.buffer.byte-limit = 33554432 (custom)
2025-09-19 20:46:11,140 [b5a25cc1-46d3-4381-a194-bd68f4526f1c-impl-thread2] INFO  server.RaftServer$Division (ServerState.java:setRaftConf(386)) - b5a25cc1-46d3-4381-a194-bd68f4526f1c@group-A751954341BD: set configuration conf: {index: 0, cur=peers:[b5a25cc1-46d3-4381-a194-bd68f4526f1c|127.0.0.1:15031, 0df1231c-9f8a-4757-a7d0-f6d7f53bc482|127.0.0.1:15023, 8eb9963e-bce0-4155-aea2-e442cadff8bd|127.0.0.1:15015]|listeners:[], old=null}
2025-09-19 20:46:11,140 [b5a25cc1-46d3-4381-a194-bd68f4526f1c-impl-thread2] INFO  segmented.LogSegment (LogSegment.java:loadSegment(171)) - Successfully read 1 entries from segment file /home/runner/work/ozone/ozone/hadoop-ozone/integration-test/target/test-dir/MiniOzoneClusterImpl-990002c2-bb69-4aa2-bd68-28a5e13e86ef/ozone-metadata/datanode-3/ratis/e102d630-0766-4c9c-a6ac-a751954341bd/current/log_0-0
2025-09-19 20:46:11,140 [b5a25cc1-46d3-4381-a194-bd68f4526f1c-impl-thread2] INFO  server.RaftServer$Division (ServerState.java:setRaftConf(386)) - b5a25cc1-46d3-4381-a194-bd68f4526f1c@group-A751954341BD: set configuration conf: {index: 1, cur=peers:[b5a25cc1-46d3-4381-a194-bd68f4526f1c|127.0.0.1:15031, 0df1231c-9f8a-4757-a7d0-f6d7f53bc482|127.0.0.1:15023, 8eb9963e-bce0-4155-aea2-e442cadff8bd|127.0.0.1:15015]|listeners:[], old=null}
2025-09-19 20:46:11,140 [b5a25cc1-46d3-4381-a194-bd68f4526f1c-impl-thread1] INFO  server.RaftServer$Division (ServerState.java:setRaftConf(386)) - b5a25cc1-46d3-4381-a194-bd68f4526f1c@group-88B5B3DD1307: set configuration conf: {index: 1, cur=peers:[b5a25cc1-46d3-4381-a194-bd68f4526f1c|127.0.0.1:15031]|listeners:[], old=null}
2025-09-19 20:46:11,140 [b5a25cc1-46d3-4381-a194-bd68f4526f1c-impl-thread1] INFO  segmented.LogSegment (LogSegment.java:loadSegment(171)) - Successfully read 2 entries from segment file /home/runner/work/ozone/ozone/hadoop-ozone/integration-test/target/test-dir/MiniOzoneClusterImpl-990002c2-bb69-4aa2-bd68-28a5e13e86ef/ozone-metadata/datanode-3/ratis/7b6acda8-b144-4fc3-891d-88b5b3dd1307/current/log_1-2
2025-09-19 20:46:11,140 [b5a25cc1-46d3-4381-a194-bd68f4526f1c-impl-thread1] INFO  server.RaftServer$Division (ServerState.java:setRaftConf(386)) - b5a25cc1-46d3-4381-a194-bd68f4526f1c@group-88B5B3DD1307: set configuration conf: {index: 3, cur=peers:[b5a25cc1-46d3-4381-a194-bd68f4526f1c|127.0.0.1:15031]|listeners:[], old=null}
2025-09-19 20:46:11,140 [b5a25cc1-46d3-4381-a194-bd68f4526f1c-impl-thread1] INFO  segmented.LogSegment (LogSegment.java:loadSegment(171)) - Successfully read 2 entries from segment file /home/runner/work/ozone/ozone/hadoop-ozone/integration-test/target/test-dir/MiniOzoneClusterImpl-990002c2-bb69-4aa2-bd68-28a5e13e86ef/ozone-metadata/datanode-3/ratis/7b6acda8-b144-4fc3-891d-88b5b3dd1307/current/log_inprogress_3
2025-09-19 20:46:11,140 [b5a25cc1-46d3-4381-a194-bd68f4526f1c-impl-thread2] INFO  segmented.LogSegment (LogSegment.java:loadSegment(171)) - Successfully read 14 entries from segment file /home/runner/work/ozone/ozone/hadoop-ozone/integration-test/target/test-dir/MiniOzoneClusterImpl-990002c2-bb69-4aa2-bd68-28a5e13e86ef/ozone-metadata/datanode-3/ratis/e102d630-0766-4c9c-a6ac-a751954341bd/current/log_1-14
2025-09-19 20:46:11,141 [b5a25cc1-46d3-4381-a194-bd68f4526f1c-impl-thread1] INFO  segmented.SegmentedRaftLogWorker (SegmentedRaftLogWorker.java:lambda$new$0(141)) - b5a25cc1-46d3-4381-a194-bd68f4526f1c@group-88B5B3DD1307-SegmentedRaftLogWorker: flushIndex: setUnconditionally 0 -> 4
2025-09-19 20:46:11,141 [b5a25cc1-46d3-4381-a194-bd68f4526f1c-impl-thread1] INFO  segmented.SegmentedRaftLogWorker (SegmentedRaftLogWorker.java:lambda$new$0(141)) - b5a25cc1-46d3-4381-a194-bd68f4526f1c@group-88B5B3DD1307-SegmentedRaftLogWorker: safeCacheEvictIndex: setUnconditionally 0 -> 2
2025-09-19 20:46:11,141 [b5a25cc1-46d3-4381-a194-bd68f4526f1c-impl-thread1] INFO  segmented.BufferedWriteChannel (BufferedWriteChannel.java:open(61)) - open log_inprogress_3 (append) at position 144
2025-09-19 20:46:11,141 [b5a25cc1-46d3-4381-a194-bd68f4526f1c-impl-thread2] INFO  server.RaftServer$Division (ServerState.java:setRaftConf(386)) - b5a25cc1-46d3-4381-a194-bd68f4526f1c@group-A751954341BD: set configuration conf: {index: 15, cur=peers:[b5a25cc1-46d3-4381-a194-bd68f4526f1c|127.0.0.1:15031, 0df1231c-9f8a-4757-a7d0-f6d7f53bc482|127.0.0.1:15023, 8eb9963e-bce0-4155-aea2-e442cadff8bd|127.0.0.1:15015]|listeners:[], old=null}
2025-09-19 20:46:11,141 [b5a25cc1-46d3-4381-a194-bd68f4526f1c-impl-thread3] INFO  server.RaftServerConfigKeys (ConfUtils.java:logGet(62)) - raft.server.log.appender.buffer.byte-limit = 33554432 (custom)
2025-09-19 20:46:11,141 [b5a25cc1-46d3-4381-a194-bd68f4526f1c-impl-thread2] INFO  segmented.LogSegment (LogSegment.java:loadSegment(171)) - Successfully read 8 entries from segment file /home/runner/work/ozone/ozone/hadoop-ozone/integration-test/target/test-dir/MiniOzoneClusterImpl-990002c2-bb69-4aa2-bd68-28a5e13e86ef/ozone-metadata/datanode-3/ratis/e102d630-0766-4c9c-a6ac-a751954341bd/current/log_15-22
2025-09-19 20:46:11,141 [b5a25cc1-46d3-4381-a194-bd68f4526f1c-impl-thread3] INFO  server.RaftServer$Division (ServerState.java:setRaftConf(386)) - b5a25cc1-46d3-4381-a194-bd68f4526f1c@group-715EBF8096A7: set configuration conf: {index: 0, cur=peers:[b5a25cc1-46d3-4381-a194-bd68f4526f1c|127.0.0.1:15031, 0df1231c-9f8a-4757-a7d0-f6d7f53bc482|127.0.0.1:15023, 8eb9963e-bce0-4155-aea2-e442cadff8bd|127.0.0.1:15015]|listeners:[], old=null}
2025-09-19 20:46:11,141 [b5a25cc1-46d3-4381-a194-bd68f4526f1c-impl-thread2] INFO  server.RaftServer$Division (ServerState.java:setRaftConf(386)) - b5a25cc1-46d3-4381-a194-bd68f4526f1c@group-A751954341BD: set configuration conf: {index: 23, cur=peers:[b5a25cc1-46d3-4381-a194-bd68f4526f1c|127.0.0.1:15031, 0df1231c-9f8a-4757-a7d0-f6d7f53bc482|127.0.0.1:15023, 8eb9963e-bce0-4155-aea2-e442cadff8bd|127.0.0.1:15015]|listeners:[], old=null}
2025-09-19 20:46:11,141 [b5a25cc1-46d3-4381-a194-bd68f4526f1c-impl-thread3] INFO  segmented.LogSegment (LogSegment.java:loadSegment(171)) - Successfully read 5 entries from segment file /home/runner/work/ozone/ozone/hadoop-ozone/integration-test/target/test-dir/MiniOzoneClusterImpl-990002c2-bb69-4aa2-bd68-28a5e13e86ef/ozone-metadata/datanode-3/ratis/958000d3-2396-49be-82e9-715ebf8096a7/current/log_0-4
2025-09-19 20:46:11,141 [b5a25cc1-46d3-4381-a194-bd68f4526f1c-impl-thread2] INFO  segmented.LogSegment (LogSegment.java:loadSegment(171)) - Successfully read 2 entries from segment file /home/runner/work/ozone/ozone/hadoop-ozone/integration-test/target/test-dir/MiniOzoneClusterImpl-990002c2-bb69-4aa2-bd68-28a5e13e86ef/ozone-metadata/datanode-3/ratis/e102d630-0766-4c9c-a6ac-a751954341bd/current/log_inprogress_23
2025-09-19 20:46:11,141 [b5a25cc1-46d3-4381-a194-bd68f4526f1c-impl-thread2] INFO  segmented.SegmentedRaftLogWorker (SegmentedRaftLogWorker.java:lambda$new$0(141)) - b5a25cc1-46d3-4381-a194-bd68f4526f1c@group-A751954341BD-SegmentedRaftLogWorker: flushIndex: setUnconditionally 0 -> 24
2025-09-19 20:46:11,141 [b5a25cc1-46d3-4381-a194-bd68f4526f1c-impl-thread2] INFO  segmented.SegmentedRaftLogWorker (SegmentedRaftLogWorker.java:lambda$new$0(141)) - b5a25cc1-46d3-4381-a194-bd68f4526f1c@group-A751954341BD-SegmentedRaftLogWorker: safeCacheEvictIndex: setUnconditionally 0 -> 22
2025-09-19 20:46:11,141 [b5a25cc1-46d3-4381-a194-bd68f4526f1c-impl-thread3] INFO  server.RaftServer$Division (ServerState.java:setRaftConf(386)) - b5a25cc1-46d3-4381-a194-bd68f4526f1c@group-715EBF8096A7: set configuration conf: {index: 5, cur=peers:[b5a25cc1-46d3-4381-a194-bd68f4526f1c|127.0.0.1:15031, 0df1231c-9f8a-4757-a7d0-f6d7f53bc482|127.0.0.1:15023, 8eb9963e-bce0-4155-aea2-e442cadff8bd|127.0.0.1:15015]|listeners:[], old=null}
2025-09-19 20:46:11,142 [b5a25cc1-46d3-4381-a194-bd68f4526f1c-impl-thread2] INFO  segmented.BufferedWriteChannel (BufferedWriteChannel.java:open(61)) - open log_inprogress_23 (append) at position 366
2025-09-19 20:46:11,142 [b5a25cc1-46d3-4381-a194-bd68f4526f1c-impl-thread3] INFO  segmented.LogSegment (LogSegment.java:loadSegment(171)) - Successfully read 2 entries from segment file /home/runner/work/ozone/ozone/hadoop-ozone/integration-test/target/test-dir/MiniOzoneClusterImpl-990002c2-bb69-4aa2-bd68-28a5e13e86ef/ozone-metadata/datanode-3/ratis/958000d3-2396-49be-82e9-715ebf8096a7/current/log_5-6
2025-09-19 20:46:11,142 [b5a25cc1-46d3-4381-a194-bd68f4526f1c-impl-thread3] INFO  server.RaftServer$Division (ServerState.java:setRaftConf(386)) - b5a25cc1-46d3-4381-a194-bd68f4526f1c@group-715EBF8096A7: set configuration conf: {index: 7, cur=peers:[b5a25cc1-46d3-4381-a194-bd68f4526f1c|127.0.0.1:15031, 0df1231c-9f8a-4757-a7d0-f6d7f53bc482|127.0.0.1:15023, 8eb9963e-bce0-4155-aea2-e442cadff8bd|127.0.0.1:15015]|listeners:[], old=null}
2025-09-19 20:46:11,142 [b5a25cc1-46d3-4381-a194-bd68f4526f1c-impl-thread3] INFO  segmented.LogSegment (LogSegment.java:loadSegment(171)) - Successfully read 2 entries from segment file /home/runner/work/ozone/ozone/hadoop-ozone/integration-test/target/test-dir/MiniOzoneClusterImpl-990002c2-bb69-4aa2-bd68-28a5e13e86ef/ozone-metadata/datanode-3/ratis/958000d3-2396-49be-82e9-715ebf8096a7/current/log_7-8
2025-09-19 20:46:11,142 [b5a25cc1-46d3-4381-a194-bd68f4526f1c-impl-thread3] INFO  server.RaftServer$Division (ServerState.java:setRaftConf(386)) - b5a25cc1-46d3-4381-a194-bd68f4526f1c@group-715EBF8096A7: set configuration conf: {index: 9, cur=peers:[b5a25cc1-46d3-4381-a194-bd68f4526f1c|127.0.0.1:15031, 0df1231c-9f8a-4757-a7d0-f6d7f53bc482|127.0.0.1:15023, 8eb9963e-bce0-4155-aea2-e442cadff8bd|127.0.0.1:15015]|listeners:[], old=null}
2025-09-19 20:46:11,142 [b5a25cc1-46d3-4381-a194-bd68f4526f1c-impl-thread3] INFO  segmented.LogSegment (LogSegment.java:loadSegment(171)) - Successfully read 2 entries from segment file /home/runner/work/ozone/ozone/hadoop-ozone/integration-test/target/test-dir/MiniOzoneClusterImpl-990002c2-bb69-4aa2-bd68-28a5e13e86ef/ozone-metadata/datanode-3/ratis/958000d3-2396-49be-82e9-715ebf8096a7/current/log_9-10
2025-09-19 20:46:11,142 [b5a25cc1-46d3-4381-a194-bd68f4526f1c-impl-thread1] INFO  server.RaftServer$Division (RaftServerImpl.java:start(405)) - b5a25cc1-46d3-4381-a194-bd68f4526f1c@group-88B5B3DD1307: start as a follower, conf=conf: {index: 3, cur=peers:[b5a25cc1-46d3-4381-a194-bd68f4526f1c|127.0.0.1:15031]|listeners:[], old=null}
2025-09-19 20:46:11,142 [b5a25cc1-46d3-4381-a194-bd68f4526f1c-impl-thread1] INFO  server.RaftServer$Division (RaftServerImpl.java:setRole(392)) - b5a25cc1-46d3-4381-a194-bd68f4526f1c@group-88B5B3DD1307: changes role from      null to FOLLOWER at term 3 for startAsFollower
2025-09-19 20:46:11,142 [b5a25cc1-46d3-4381-a194-bd68f4526f1c-impl-thread3] INFO  server.RaftServer$Division (ServerState.java:setRaftConf(386)) - b5a25cc1-46d3-4381-a194-bd68f4526f1c@group-715EBF8096A7: set configuration conf: {index: 11, cur=peers:[b5a25cc1-46d3-4381-a194-bd68f4526f1c|127.0.0.1:15031, 0df1231c-9f8a-4757-a7d0-f6d7f53bc482|127.0.0.1:15023, 8eb9963e-bce0-4155-aea2-e442cadff8bd|127.0.0.1:15015]|listeners:[], old=null}
2025-09-19 20:46:11,142 [b5a25cc1-46d3-4381-a194-bd68f4526f1c-impl-thread1] INFO  impl.RoleInfo (RoleInfo.java:updateAndGet(148)) - b5a25cc1-46d3-4381-a194-bd68f4526f1c: start b5a25cc1-46d3-4381-a194-bd68f4526f1c@group-88B5B3DD1307-FollowerState
2025-09-19 20:46:11,143 [b5a25cc1-46d3-4381-a194-bd68f4526f1c-impl-thread3] INFO  segmented.LogSegment (LogSegment.java:loadSegment(171)) - Successfully read 2 entries from segment file /home/runner/work/ozone/ozone/hadoop-ozone/integration-test/target/test-dir/MiniOzoneClusterImpl-990002c2-bb69-4aa2-bd68-28a5e13e86ef/ozone-metadata/datanode-3/ratis/958000d3-2396-49be-82e9-715ebf8096a7/current/log_11-12
2025-09-19 20:46:11,143 [b5a25cc1-46d3-4381-a194-bd68f4526f1c-impl-thread3] INFO  server.RaftServer$Division (ServerState.java:setRaftConf(386)) - b5a25cc1-46d3-4381-a194-bd68f4526f1c@group-715EBF8096A7: set configuration conf: {index: 13, cur=peers:[b5a25cc1-46d3-4381-a194-bd68f4526f1c|127.0.0.1:15031, 0df1231c-9f8a-4757-a7d0-f6d7f53bc482|127.0.0.1:15023, 8eb9963e-bce0-4155-aea2-e442cadff8bd|127.0.0.1:15015]|listeners:[], old=null}
2025-09-19 20:46:11,143 [b5a25cc1-46d3-4381-a194-bd68f4526f1c-impl-thread1] INFO  util.JmxRegister (JmxRegister.java:tryRegister(44)) - Successfully registered JMX Bean with object name Ratis:service=RaftServer,group=group-88B5B3DD1307,id=b5a25cc1-46d3-4381-a194-bd68f4526f1c
2025-09-19 20:46:11,143 [b5a25cc1-46d3-4381-a194-bd68f4526f1c-impl-thread1] INFO  util.JmxRegister (JmxRegister.java:register(58)) - register mxBean class org.apache.ratis.server.impl.RaftServerJmxAdapter as Ratis:service=RaftServer,group=group-88B5B3DD1307,id=b5a25cc1-46d3-4381-a194-bd68f4526f1c
2025-09-19 20:46:11,143 [b5a25cc1-46d3-4381-a194-bd68f4526f1c-impl-thread3] INFO  segmented.LogSegment (LogSegment.java:loadSegment(171)) - Successfully read 2 entries from segment file /home/runner/work/ozone/ozone/hadoop-ozone/integration-test/target/test-dir/MiniOzoneClusterImpl-990002c2-bb69-4aa2-bd68-28a5e13e86ef/ozone-metadata/datanode-3/ratis/958000d3-2396-49be-82e9-715ebf8096a7/current/log_13-14
2025-09-19 20:46:11,143 [b5a25cc1-46d3-4381-a194-bd68f4526f1c-impl-thread3] INFO  server.RaftServer$Division (ServerState.java:setRaftConf(386)) - b5a25cc1-46d3-4381-a194-bd68f4526f1c@group-715EBF8096A7: set configuration conf: {index: 15, cur=peers:[b5a25cc1-46d3-4381-a194-bd68f4526f1c|127.0.0.1:15031, 0df1231c-9f8a-4757-a7d0-f6d7f53bc482|127.0.0.1:15023, 8eb9963e-bce0-4155-aea2-e442cadff8bd|127.0.0.1:15015]|listeners:[], old=null}
2025-09-19 20:46:11,143 [b5a25cc1-46d3-4381-a194-bd68f4526f1c-impl-thread3] INFO  segmented.LogSegment (LogSegment.java:loadSegment(171)) - Successfully read 2 entries from segment file /home/runner/work/ozone/ozone/hadoop-ozone/integration-test/target/test-dir/MiniOzoneClusterImpl-990002c2-bb69-4aa2-bd68-28a5e13e86ef/ozone-metadata/datanode-3/ratis/958000d3-2396-49be-82e9-715ebf8096a7/current/log_inprogress_15
2025-09-19 20:46:11,143 [b5a25cc1-46d3-4381-a194-bd68f4526f1c-impl-thread3] INFO  segmented.SegmentedRaftLogWorker (SegmentedRaftLogWorker.java:lambda$new$0(141)) - b5a25cc1-46d3-4381-a194-bd68f4526f1c@group-715EBF8096A7-SegmentedRaftLogWorker: flushIndex: setUnconditionally 0 -> 16
2025-09-19 20:46:11,143 [b5a25cc1-46d3-4381-a194-bd68f4526f1c-impl-thread3] INFO  segmented.SegmentedRaftLogWorker (SegmentedRaftLogWorker.java:lambda$new$0(141)) - b5a25cc1-46d3-4381-a194-bd68f4526f1c@group-715EBF8096A7-SegmentedRaftLogWorker: safeCacheEvictIndex: setUnconditionally 0 -> 14
2025-09-19 20:46:11,143 [b5a25cc1-46d3-4381-a194-bd68f4526f1c-impl-thread3] INFO  segmented.BufferedWriteChannel (BufferedWriteChannel.java:open(61)) - open log_inprogress_15 (append) at position 366
2025-09-19 20:46:11,144 [b5a25cc1-46d3-4381-a194-bd68f4526f1c-impl-thread3] INFO  server.RaftServer$Division (RaftServerImpl.java:start(405)) - b5a25cc1-46d3-4381-a194-bd68f4526f1c@group-715EBF8096A7: start as a follower, conf=conf: {index: 15, cur=peers:[b5a25cc1-46d3-4381-a194-bd68f4526f1c|127.0.0.1:15031, 0df1231c-9f8a-4757-a7d0-f6d7f53bc482|127.0.0.1:15023, 8eb9963e-bce0-4155-aea2-e442cadff8bd|127.0.0.1:15015]|listeners:[], old=null}
2025-09-19 20:46:11,144 [b5a25cc1-46d3-4381-a194-bd68f4526f1c-impl-thread3] INFO  server.RaftServer$Division (RaftServerImpl.java:setRole(392)) - b5a25cc1-46d3-4381-a194-bd68f4526f1c@group-715EBF8096A7: changes role from      null to FOLLOWER at term 7 for startAsFollower
2025-09-19 20:46:11,144 [b5a25cc1-46d3-4381-a194-bd68f4526f1c-impl-thread3] INFO  impl.RoleInfo (RoleInfo.java:updateAndGet(148)) - b5a25cc1-46d3-4381-a194-bd68f4526f1c: start b5a25cc1-46d3-4381-a194-bd68f4526f1c@group-715EBF8096A7-FollowerState
2025-09-19 20:46:11,144 [b5a25cc1-46d3-4381-a194-bd68f4526f1c-impl-thread2] INFO  server.RaftServer$Division (RaftServerImpl.java:start(405)) - b5a25cc1-46d3-4381-a194-bd68f4526f1c@group-A751954341BD: start as a follower, conf=conf: {index: 23, cur=peers:[b5a25cc1-46d3-4381-a194-bd68f4526f1c|127.0.0.1:15031, 0df1231c-9f8a-4757-a7d0-f6d7f53bc482|127.0.0.1:15023, 8eb9963e-bce0-4155-aea2-e442cadff8bd|127.0.0.1:15015]|listeners:[], old=null}
2025-09-19 20:46:11,144 [b5a25cc1-46d3-4381-a194-bd68f4526f1c-impl-thread2] INFO  server.RaftServer$Division (RaftServerImpl.java:setRole(392)) - b5a25cc1-46d3-4381-a194-bd68f4526f1c@group-A751954341BD: changes role from      null to FOLLOWER at term 4 for startAsFollower
2025-09-19 20:46:11,144 [b5a25cc1-46d3-4381-a194-bd68f4526f1c-impl-thread2] INFO  impl.RoleInfo (RoleInfo.java:updateAndGet(148)) - b5a25cc1-46d3-4381-a194-bd68f4526f1c: start b5a25cc1-46d3-4381-a194-bd68f4526f1c@group-A751954341BD-FollowerState
2025-09-19 20:46:11,145 [b5a25cc1-46d3-4381-a194-bd68f4526f1c-impl-thread3] INFO  util.JmxRegister (JmxRegister.java:tryRegister(44)) - Successfully registered JMX Bean with object name Ratis:service=RaftServer,group=group-715EBF8096A7,id=b5a25cc1-46d3-4381-a194-bd68f4526f1c
2025-09-19 20:46:11,145 [b5a25cc1-46d3-4381-a194-bd68f4526f1c-impl-thread3] INFO  util.JmxRegister (JmxRegister.java:register(58)) - register mxBean class org.apache.ratis.server.impl.RaftServerJmxAdapter as Ratis:service=RaftServer,group=group-715EBF8096A7,id=b5a25cc1-46d3-4381-a194-bd68f4526f1c
2025-09-19 20:46:11,146 [b5a25cc1-46d3-4381-a194-bd68f4526f1c-impl-thread2] INFO  util.JmxRegister (JmxRegister.java:tryRegister(44)) - Successfully registered JMX Bean with object name Ratis:service=RaftServer,group=group-A751954341BD,id=b5a25cc1-46d3-4381-a194-bd68f4526f1c
2025-09-19 20:46:11,146 [b5a25cc1-46d3-4381-a194-bd68f4526f1c-impl-thread3] INFO  server.RaftServer$Division (RaftServerImpl.java:start(419)) - b5a25cc1-46d3-4381-a194-bd68f4526f1c@group-715EBF8096A7: Successfully started.
2025-09-19 20:46:11,146 [b5a25cc1-46d3-4381-a194-bd68f4526f1c-impl-thread1] INFO  server.RaftServer$Division (RaftServerImpl.java:start(419)) - b5a25cc1-46d3-4381-a194-bd68f4526f1c@group-88B5B3DD1307: Successfully started.
2025-09-19 20:46:11,146 [b5a25cc1-46d3-4381-a194-bd68f4526f1c-impl-thread2] INFO  util.JmxRegister (JmxRegister.java:register(58)) - register mxBean class org.apache.ratis.server.impl.RaftServerJmxAdapter as Ratis:service=RaftServer,group=group-A751954341BD,id=b5a25cc1-46d3-4381-a194-bd68f4526f1c
2025-09-19 20:46:11,147 [b5a25cc1-46d3-4381-a194-bd68f4526f1c-impl-thread2] INFO  server.RaftServer$Division (RaftServerImpl.java:start(419)) - b5a25cc1-46d3-4381-a194-bd68f4526f1c@group-A751954341BD: Successfully started.
2025-09-19 20:46:11,147 [b5a25cc1-46d3-4381-a194-bd68f4526f1c-EndpointStateMachineTaskThread-/0.0.0.0:15002-0 ] INFO  server.RaftServer (RaftServerProxy.java:startImpl(412)) - b5a25cc1-46d3-4381-a194-bd68f4526f1c: start RPC server
2025-09-19 20:46:11,147 [b5a25cc1-46d3-4381-a194-bd68f4526f1c-EndpointStateMachineTaskThread-/0.0.0.0:15002-0 ] INFO  server.GrpcServicesImpl (GrpcServicesImpl.java:startImpl(346)) - b5a25cc1-46d3-4381-a194-bd68f4526f1c: GrpcServicesImpl started, listening on 15029
2025-09-19 20:46:11,148 [b5a25cc1-46d3-4381-a194-bd68f4526f1c-EndpointStateMachineTaskThread-/0.0.0.0:15002-0 ] INFO  server.GrpcServicesImpl (GrpcServicesImpl.java:startImpl(346)) - b5a25cc1-46d3-4381-a194-bd68f4526f1c: GrpcServicesImpl started, listening on 15031
2025-09-19 20:46:11,148 [b5a25cc1-46d3-4381-a194-bd68f4526f1c-EndpointStateMachineTaskThread-/0.0.0.0:15002-0 ] INFO  server.GrpcServicesImpl (GrpcServicesImpl.java:startImpl(346)) - b5a25cc1-46d3-4381-a194-bd68f4526f1c: GrpcServicesImpl started, listening on 15030
2025-09-19 20:46:11,148 [b5a25cc1-46d3-4381-a194-bd68f4526f1c-EndpointStateMachineTaskThread-/0.0.0.0:15002-0 ] INFO  ratis.XceiverServerRatis (XceiverServerRatis.java:getRealPort(587)) - XceiverServerRatis(b5a25cc1-46d3-4381-a194-bd68f4526f1c) is started using port RATIS=15029
2025-09-19 20:46:11,148 [b5a25cc1-46d3-4381-a194-bd68f4526f1c-EndpointStateMachineTaskThread-/0.0.0.0:15002-0 ] INFO  ratis.XceiverServerRatis (XceiverServerRatis.java:getRealPort(587)) - XceiverServerRatis(b5a25cc1-46d3-4381-a194-bd68f4526f1c) is started using port RATIS_ADMIN=15030
2025-09-19 20:46:11,148 [b5a25cc1-46d3-4381-a194-bd68f4526f1c-EndpointStateMachineTaskThread-/0.0.0.0:15002-0 ] INFO  ratis.XceiverServerRatis (XceiverServerRatis.java:getRealPort(587)) - XceiverServerRatis(b5a25cc1-46d3-4381-a194-bd68f4526f1c) is started using port RATIS_SERVER=15031
2025-09-19 20:46:11,148 [JvmPauseMonitor18] INFO  util.JvmPauseMonitor (JvmPauseMonitor.java:run(146)) - JvmPauseMonitor-b5a25cc1-46d3-4381-a194-bd68f4526f1c: Started
2025-09-19 20:46:11,148 [b5a25cc1-46d3-4381-a194-bd68f4526f1c-EndpointStateMachineTaskThread-/0.0.0.0:15002-0 ] INFO  ratis.XceiverServerRatis (XceiverServerRatis.java:getRealPort(587)) - XceiverServerRatis(b5a25cc1-46d3-4381-a194-bd68f4526f1c) is started using port RATIS_DATASTREAM=15032
2025-09-19 20:46:11,149 [b5a25cc1-46d3-4381-a194-bd68f4526f1c-EndpointStateMachineTaskThread-/0.0.0.0:15002-0 ] INFO  utils.BackgroundService (BackgroundService.java:start(119)) - Starting service BlockDeletingService with interval 60000 milliseconds
2025-09-19 20:46:11,149 [b5a25cc1-46d3-4381-a194-bd68f4526f1c-EndpointStateMachineTaskThread-/0.0.0.0:15002-0 ] INFO  utils.BackgroundService (BackgroundService.java:start(119)) - Starting service StaleRecoveringContainerScrubbingService with interval 60000 milliseconds
2025-09-19 20:46:11,473 [0df1231c-9f8a-4757-a7d0-f6d7f53bc482@group-715EBF8096A7-FollowerState] INFO  impl.FollowerState (FollowerState.java:runImpl(161)) - 0df1231c-9f8a-4757-a7d0-f6d7f53bc482@group-715EBF8096A7-FollowerState: change to CANDIDATE, lastRpcElapsedTime:1175351312ns, electionTimeout:1175ms
2025-09-19 20:46:11,473 [0df1231c-9f8a-4757-a7d0-f6d7f53bc482@group-715EBF8096A7-FollowerState] INFO  impl.RoleInfo (RoleInfo.java:shutdownFollowerState(121)) - 0df1231c-9f8a-4757-a7d0-f6d7f53bc482: shutdown 0df1231c-9f8a-4757-a7d0-f6d7f53bc482@group-715EBF8096A7-FollowerState
2025-09-19 20:46:11,473 [0df1231c-9f8a-4757-a7d0-f6d7f53bc482@group-715EBF8096A7-FollowerState] INFO  server.RaftServer$Division (RaftServerImpl.java:setRole(392)) - 0df1231c-9f8a-4757-a7d0-f6d7f53bc482@group-715EBF8096A7: changes role from  FOLLOWER to CANDIDATE at term 7 for changeToCandidate
2025-09-19 20:46:11,473 [0df1231c-9f8a-4757-a7d0-f6d7f53bc482@group-715EBF8096A7-FollowerState] INFO  impl.RoleInfo (RoleInfo.java:updateAndGet(148)) - 0df1231c-9f8a-4757-a7d0-f6d7f53bc482: start 0df1231c-9f8a-4757-a7d0-f6d7f53bc482@group-715EBF8096A7-LeaderElection293
2025-09-19 20:46:11,473 [0df1231c-9f8a-4757-a7d0-f6d7f53bc482@group-715EBF8096A7-LeaderElection293] INFO  impl.LeaderElection (LeaderElection.java:askForVotes(448)) - 0df1231c-9f8a-4757-a7d0-f6d7f53bc482@group-715EBF8096A7-LeaderElection293 PRE_VOTE round 0: submit vote requests at term 7 for conf: {index: 15, cur=peers:[b5a25cc1-46d3-4381-a194-bd68f4526f1c|127.0.0.1:15031, 0df1231c-9f8a-4757-a7d0-f6d7f53bc482|127.0.0.1:15023, 8eb9963e-bce0-4155-aea2-e442cadff8bd|127.0.0.1:15015]|listeners:[], old=null}
2025-09-19 20:46:11,473 [0df1231c-9f8a-4757-a7d0-f6d7f53bc482@group-715EBF8096A7-LeaderElection293] INFO  impl.LeaderElection (LogUtils.java:infoOrTrace(142)) - 0df1231c-9f8a-4757-a7d0-f6d7f53bc482@group-715EBF8096A7-LeaderElection293 got exception when requesting votes: java.util.concurrent.ExecutionException: org.apache.ratis.thirdparty.io.grpc.StatusRuntimeException: UNAVAILABLE: io exception
2025-09-19 20:46:11,474 [0df1231c-9f8a-4757-a7d0-f6d7f53bc482@group-715EBF8096A7-LeaderElection293] INFO  impl.LeaderElection (LogUtils.java:infoOrTrace(142)) - 0df1231c-9f8a-4757-a7d0-f6d7f53bc482@group-715EBF8096A7-LeaderElection293 got exception when requesting votes: java.util.concurrent.ExecutionException: org.apache.ratis.thirdparty.io.grpc.StatusRuntimeException: UNAVAILABLE: io exception
2025-09-19 20:46:11,474 [0df1231c-9f8a-4757-a7d0-f6d7f53bc482@group-715EBF8096A7-LeaderElection293] INFO  impl.LeaderElection (LeaderElection.java:logAndReturn(206)) - 0df1231c-9f8a-4757-a7d0-f6d7f53bc482@group-715EBF8096A7-LeaderElection293: PRE_VOTE REJECTED received 0 response(s) and 2 exception(s):
2025-09-19 20:46:11,474 [0df1231c-9f8a-4757-a7d0-f6d7f53bc482@group-715EBF8096A7-LeaderElection293] INFO  impl.LeaderElection (LogUtils.java:infoOrTrace(142)) -   Exception 0: java.util.concurrent.ExecutionException: org.apache.ratis.thirdparty.io.grpc.StatusRuntimeException: UNAVAILABLE: io exception
2025-09-19 20:46:11,474 [0df1231c-9f8a-4757-a7d0-f6d7f53bc482@group-715EBF8096A7-LeaderElection293] INFO  impl.LeaderElection (LogUtils.java:infoOrTrace(142)) -   Exception 1: java.util.concurrent.ExecutionException: org.apache.ratis.thirdparty.io.grpc.StatusRuntimeException: UNAVAILABLE: io exception
2025-09-19 20:46:11,474 [0df1231c-9f8a-4757-a7d0-f6d7f53bc482@group-715EBF8096A7-LeaderElection293] INFO  impl.LeaderElection (LeaderElection.java:askForVotes(450)) - 0df1231c-9f8a-4757-a7d0-f6d7f53bc482@group-715EBF8096A7-LeaderElection293 PRE_VOTE round 0: result REJECTED
2025-09-19 20:46:11,474 [0df1231c-9f8a-4757-a7d0-f6d7f53bc482@group-715EBF8096A7-LeaderElection293] INFO  server.RaftServer$Division (RaftServerImpl.java:setRole(392)) - 0df1231c-9f8a-4757-a7d0-f6d7f53bc482@group-715EBF8096A7: changes role from CANDIDATE to FOLLOWER at term 7 for REJECTED
2025-09-19 20:46:11,474 [0df1231c-9f8a-4757-a7d0-f6d7f53bc482@group-715EBF8096A7-LeaderElection293] INFO  impl.RoleInfo (RoleInfo.java:shutdownLeaderElection(141)) - 0df1231c-9f8a-4757-a7d0-f6d7f53bc482: shutdown 0df1231c-9f8a-4757-a7d0-f6d7f53bc482@group-715EBF8096A7-LeaderElection293
2025-09-19 20:46:11,474 [0df1231c-9f8a-4757-a7d0-f6d7f53bc482@group-715EBF8096A7-LeaderElection293] INFO  impl.RoleInfo (RoleInfo.java:updateAndGet(148)) - 0df1231c-9f8a-4757-a7d0-f6d7f53bc482: start 0df1231c-9f8a-4757-a7d0-f6d7f53bc482@group-715EBF8096A7-FollowerState
2025-09-19 20:46:11,649 [417c597c-13cf-4e34-be96-1680b82aa276-impl-thread4] INFO  segmented.SegmentedRaftLogWorker (SegmentedRaftLogWorker.java:close(254)) - 417c597c-13cf-4e34-be96-1680b82aa276@group-9CA395F3C3E7-SegmentedRaftLogWorker close()
2025-09-19 20:46:11,649 [417c597c-13cf-4e34-be96-1680b82aa276-impl-thread4] INFO  ratis.ContainerStateMachine (ContainerStateMachine.java:notifyServerShutdown(1038)) - group-9CA395F3C3E7 is closed by HddsDatanodeService
2025-09-19 20:46:11,650 [JvmPauseMonitor7] INFO  util.JvmPauseMonitor (JvmPauseMonitor.java:run(152)) - JvmPauseMonitor-417c597c-13cf-4e34-be96-1680b82aa276: Stopped
2025-09-19 20:46:11,961 [8eb9963e-bce0-4155-aea2-e442cadff8bd@group-0133D85F5F20-FollowerState] INFO  impl.FollowerState (FollowerState.java:runImpl(161)) - 8eb9963e-bce0-4155-aea2-e442cadff8bd@group-0133D85F5F20-FollowerState: change to CANDIDATE, lastRpcElapsedTime:1038953195ns, electionTimeout:1038ms
2025-09-19 20:46:11,961 [8eb9963e-bce0-4155-aea2-e442cadff8bd@group-0133D85F5F20-FollowerState] INFO  impl.RoleInfo (RoleInfo.java:shutdownFollowerState(121)) - 8eb9963e-bce0-4155-aea2-e442cadff8bd: shutdown 8eb9963e-bce0-4155-aea2-e442cadff8bd@group-0133D85F5F20-FollowerState
2025-09-19 20:46:11,961 [8eb9963e-bce0-4155-aea2-e442cadff8bd@group-0133D85F5F20-FollowerState] INFO  server.RaftServer$Division (RaftServerImpl.java:setRole(392)) - 8eb9963e-bce0-4155-aea2-e442cadff8bd@group-0133D85F5F20: changes role from  FOLLOWER to CANDIDATE at term 1 for changeToCandidate
2025-09-19 20:46:11,961 [8eb9963e-bce0-4155-aea2-e442cadff8bd@group-0133D85F5F20-FollowerState] INFO  impl.RoleInfo (RoleInfo.java:updateAndGet(148)) - 8eb9963e-bce0-4155-aea2-e442cadff8bd: start 8eb9963e-bce0-4155-aea2-e442cadff8bd@group-0133D85F5F20-LeaderElection294
2025-09-19 20:46:11,961 [8eb9963e-bce0-4155-aea2-e442cadff8bd@group-0133D85F5F20-LeaderElection294] INFO  impl.LeaderElection (LeaderElection.java:askForVotes(448)) - 8eb9963e-bce0-4155-aea2-e442cadff8bd@group-0133D85F5F20-LeaderElection294 PRE_VOTE round 0: submit vote requests at term 1 for conf: {index: 0, cur=peers:[8eb9963e-bce0-4155-aea2-e442cadff8bd|127.0.0.1:15015]|listeners:[], old=null}
2025-09-19 20:46:11,961 [8eb9963e-bce0-4155-aea2-e442cadff8bd@group-0133D85F5F20-LeaderElection294] INFO  impl.LeaderElection (LeaderElection.java:askForVotes(450)) - 8eb9963e-bce0-4155-aea2-e442cadff8bd@group-0133D85F5F20-LeaderElection294 PRE_VOTE round 0: result PASSED (term=1)
2025-09-19 20:46:11,962 [8eb9963e-bce0-4155-aea2-e442cadff8bd@group-0133D85F5F20-LeaderElection294] INFO  impl.LeaderElection (LeaderElection.java:askForVotes(448)) - 8eb9963e-bce0-4155-aea2-e442cadff8bd@group-0133D85F5F20-LeaderElection294 ELECTION round 0: submit vote requests at term 2 for conf: {index: 0, cur=peers:[8eb9963e-bce0-4155-aea2-e442cadff8bd|127.0.0.1:15015]|listeners:[], old=null}
2025-09-19 20:46:11,962 [8eb9963e-bce0-4155-aea2-e442cadff8bd@group-0133D85F5F20-LeaderElection294] INFO  impl.LeaderElection (LeaderElection.java:askForVotes(450)) - 8eb9963e-bce0-4155-aea2-e442cadff8bd@group-0133D85F5F20-LeaderElection294 ELECTION round 0: result PASSED (term=2)
2025-09-19 20:46:11,962 [8eb9963e-bce0-4155-aea2-e442cadff8bd@group-0133D85F5F20-LeaderElection294] INFO  impl.RoleInfo (RoleInfo.java:shutdownLeaderElection(141)) - 8eb9963e-bce0-4155-aea2-e442cadff8bd: shutdown 8eb9963e-bce0-4155-aea2-e442cadff8bd@group-0133D85F5F20-LeaderElection294
2025-09-19 20:46:11,963 [8eb9963e-bce0-4155-aea2-e442cadff8bd@group-0133D85F5F20-LeaderElection294] INFO  server.RaftServer$Division (RaftServerImpl.java:setRole(392)) - 8eb9963e-bce0-4155-aea2-e442cadff8bd@group-0133D85F5F20: changes role from CANDIDATE to LEADER at term 2 for changeToLeader
2025-09-19 20:46:11,963 [8eb9963e-bce0-4155-aea2-e442cadff8bd@group-0133D85F5F20-LeaderElection294] INFO  server.RaftServerConfigKeys (ConfUtils.java:logFallback(69)) - raft.server.staging.timeout = 3600ms (fallback to raft.server.rpc.timeout.max)
2025-09-19 20:46:11,963 [8eb9963e-bce0-4155-aea2-e442cadff8bd@group-0133D85F5F20-LeaderElection294] INFO  server.RaftServerConfigKeys (ConfUtils.java:logGet(62)) - raft.server.write.byte-limit = 1024 M (=1073741824) (custom)
2025-09-19 20:46:11,963 [8eb9963e-bce0-4155-aea2-e442cadff8bd@group-0133D85F5F20-LeaderElection294] INFO  impl.RoleInfo (RoleInfo.java:updateAndGet(148)) - 8eb9963e-bce0-4155-aea2-e442cadff8bd: start 8eb9963e-bce0-4155-aea2-e442cadff8bd@group-0133D85F5F20-LeaderStateImpl
2025-09-19 20:46:11,963 [8eb9963e-bce0-4155-aea2-e442cadff8bd@group-0133D85F5F20-LeaderElection294] INFO  server.RaftServer$Division (RaftServerImpl.java:setFirstElection(576)) - 8eb9963e-bce0-4155-aea2-e442cadff8bd@group-0133D85F5F20: set firstElectionSinceStartup to false for becomeLeader
2025-09-19 20:46:11,963 [8eb9963e-bce0-4155-aea2-e442cadff8bd@group-0133D85F5F20-LeaderElection294] INFO  ratis.XceiverServerRatis (XceiverServerRatis.java:handleLeaderChangedNotification(942)) - Leader change notification received for group: group-0133D85F5F20 with new leaderId: 8eb9963e-bce0-4155-aea2-e442cadff8bd
2025-09-19 20:46:11,964 [8eb9963e-bce0-4155-aea2-e442cadff8bd@group-0133D85F5F20-LeaderElection294] INFO  server.RaftServer$Division (ServerState.java:setLeader(272)) - 8eb9963e-bce0-4155-aea2-e442cadff8bd@group-0133D85F5F20: change Leader from null to 8eb9963e-bce0-4155-aea2-e442cadff8bd at term 2 for becomeLeader, leader elected after 1760ms
2025-09-19 20:46:11,964 [8eb9963e-bce0-4155-aea2-e442cadff8bd@group-0133D85F5F20-LeaderElection294] INFO  segmented.SegmentedRaftLogWorker (SegmentedRaftLogWorker.java:rollLogSegment(445)) - 8eb9963e-bce0-4155-aea2-e442cadff8bd@group-0133D85F5F20-SegmentedRaftLogWorker: Rolling segment log-0_0 to index:0
2025-09-19 20:46:11,964 [8eb9963e-bce0-4155-aea2-e442cadff8bd@group-0133D85F5F20-LeaderElection294] INFO  server.RaftServer$Division (ServerState.java:setRaftConf(386)) - 8eb9963e-bce0-4155-aea2-e442cadff8bd@group-0133D85F5F20: set configuration conf: {index: 1, cur=peers:[8eb9963e-bce0-4155-aea2-e442cadff8bd|127.0.0.1:15015]|listeners:[], old=null}
2025-09-19 20:46:11,964 [8eb9963e-bce0-4155-aea2-e442cadff8bd@group-0133D85F5F20-SegmentedRaftLogWorker] INFO  segmented.SegmentedRaftLogWorker (SegmentedRaftLogWorker.java:execute(604)) - 8eb9963e-bce0-4155-aea2-e442cadff8bd@group-0133D85F5F20-SegmentedRaftLogWorker: Rolled log segment from /home/runner/work/ozone/ozone/hadoop-ozone/integration-test/target/test-dir/MiniOzoneClusterImpl-990002c2-bb69-4aa2-bd68-28a5e13e86ef/ozone-metadata/datanode-1/ratis/c953b843-7a8e-4433-916d-0133d85f5f20/current/log_inprogress_0 to /home/runner/work/ozone/ozone/hadoop-ozone/integration-test/target/test-dir/MiniOzoneClusterImpl-990002c2-bb69-4aa2-bd68-28a5e13e86ef/ozone-metadata/datanode-1/ratis/c953b843-7a8e-4433-916d-0133d85f5f20/current/log_0-0
2025-09-19 20:46:11,964 [8eb9963e-bce0-4155-aea2-e442cadff8bd@group-0133D85F5F20-SegmentedRaftLogWorker] INFO  segmented.BufferedWriteChannel (BufferedWriteChannel.java:open(61)) - open log_inprogress_1 at position 0
2025-09-19 20:46:11,969 [8eb9963e-bce0-4155-aea2-e442cadff8bd@group-715EBF8096A7-FollowerState] INFO  impl.FollowerState (FollowerState.java:runImpl(161)) - 8eb9963e-bce0-4155-aea2-e442cadff8bd@group-715EBF8096A7-FollowerState: change to CANDIDATE, lastRpcElapsedTime:1045361265ns, electionTimeout:1045ms
2025-09-19 20:46:11,969 [8eb9963e-bce0-4155-aea2-e442cadff8bd@group-715EBF8096A7-FollowerState] INFO  impl.RoleInfo (RoleInfo.java:shutdownFollowerState(121)) - 8eb9963e-bce0-4155-aea2-e442cadff8bd: shutdown 8eb9963e-bce0-4155-aea2-e442cadff8bd@group-715EBF8096A7-FollowerState
2025-09-19 20:46:11,969 [8eb9963e-bce0-4155-aea2-e442cadff8bd@group-715EBF8096A7-FollowerState] INFO  server.RaftServer$Division (RaftServerImpl.java:setRole(392)) - 8eb9963e-bce0-4155-aea2-e442cadff8bd@group-715EBF8096A7: changes role from  FOLLOWER to CANDIDATE at term 7 for changeToCandidate
2025-09-19 20:46:11,969 [8eb9963e-bce0-4155-aea2-e442cadff8bd@group-715EBF8096A7-FollowerState] INFO  impl.RoleInfo (RoleInfo.java:updateAndGet(148)) - 8eb9963e-bce0-4155-aea2-e442cadff8bd: start 8eb9963e-bce0-4155-aea2-e442cadff8bd@group-715EBF8096A7-LeaderElection295
2025-09-19 20:46:11,969 [8eb9963e-bce0-4155-aea2-e442cadff8bd@group-715EBF8096A7-LeaderElection295] INFO  impl.LeaderElection (LeaderElection.java:askForVotes(448)) - 8eb9963e-bce0-4155-aea2-e442cadff8bd@group-715EBF8096A7-LeaderElection295 PRE_VOTE round 0: submit vote requests at term 7 for conf: {index: 15, cur=peers:[b5a25cc1-46d3-4381-a194-bd68f4526f1c|127.0.0.1:15031, 0df1231c-9f8a-4757-a7d0-f6d7f53bc482|127.0.0.1:15023, 8eb9963e-bce0-4155-aea2-e442cadff8bd|127.0.0.1:15015]|listeners:[], old=null}
2025-09-19 20:46:11,970 [8eb9963e-bce0-4155-aea2-e442cadff8bd@group-715EBF8096A7-LeaderElection295-1] INFO  server.GrpcServerProtocolClient (GrpcServerProtocolClient.java:<init>(65)) - Build channel for b5a25cc1-46d3-4381-a194-bd68f4526f1c|127.0.0.1:15031
2025-09-19 20:46:11,970 [8eb9963e-bce0-4155-aea2-e442cadff8bd@group-715EBF8096A7-LeaderElection295-2] INFO  server.GrpcServerProtocolClient (GrpcServerProtocolClient.java:<init>(65)) - Build channel for 0df1231c-9f8a-4757-a7d0-f6d7f53bc482|127.0.0.1:15023
2025-09-19 20:46:11,970 [8eb9963e-bce0-4155-aea2-e442cadff8bd@group-0133D85F5F20-SegmentedRaftLogWorker] INFO  segmented.SegmentedRaftLogWorker (SegmentedRaftLogWorker.java:execute(647)) - 8eb9963e-bce0-4155-aea2-e442cadff8bd@group-0133D85F5F20-SegmentedRaftLogWorker: created new log segment /home/runner/work/ozone/ozone/hadoop-ozone/integration-test/target/test-dir/MiniOzoneClusterImpl-990002c2-bb69-4aa2-bd68-28a5e13e86ef/ozone-metadata/datanode-1/ratis/c953b843-7a8e-4433-916d-0133d85f5f20/current/log_inprogress_1
2025-09-19 20:46:11,973 [8eb9963e-bce0-4155-aea2-e442cadff8bd@group-0133D85F5F20-StateMachineUpdater] INFO  server.RaftServer$Division (LeaderStateImpl.java:checkStartIndex(309)) - Leader 8eb9963e-bce0-4155-aea2-e442cadff8bd@group-0133D85F5F20-LeaderStateImpl is ready since appliedIndex == startIndex == 1
2025-09-19 20:46:11,973 [grpc-default-executor-6] INFO  server.RaftServer$Division (RaftServerImpl.java:requestVote(1421)) - 0df1231c-9f8a-4757-a7d0-f6d7f53bc482@group-715EBF8096A7: receive requestVote(PRE_VOTE, 8eb9963e-bce0-4155-aea2-e442cadff8bd, group-715EBF8096A7, 7, (t:7, i:16))
2025-09-19 20:46:11,973 [grpc-default-executor-6] INFO  impl.VoteContext (VoteContext.java:log(49)) - 0df1231c-9f8a-4757-a7d0-f6d7f53bc482@group-715EBF8096A7-FOLLOWER: accept PRE_VOTE from 8eb9963e-bce0-4155-aea2-e442cadff8bd: our priority 0 <= candidate's priority 0
2025-09-19 20:46:11,973 [grpc-default-executor-6] INFO  server.RaftServer$Division (RaftServerImpl.java:requestVote(1455)) - 0df1231c-9f8a-4757-a7d0-f6d7f53bc482@group-715EBF8096A7 replies to PRE_VOTE vote request: 8eb9963e-bce0-4155-aea2-e442cadff8bd<-0df1231c-9f8a-4757-a7d0-f6d7f53bc482#0:OK-t7-last:(t:7, i:16). Peer's state: 0df1231c-9f8a-4757-a7d0-f6d7f53bc482@group-715EBF8096A7:t7, leader=null, voted=b5a25cc1-46d3-4381-a194-bd68f4526f1c, raftlog=Memoized:0df1231c-9f8a-4757-a7d0-f6d7f53bc482@group-715EBF8096A7-SegmentedRaftLog:OPENED:c16:last(t:7, i:16), conf=conf: {index: 15, cur=peers:[b5a25cc1-46d3-4381-a194-bd68f4526f1c|127.0.0.1:15031, 0df1231c-9f8a-4757-a7d0-f6d7f53bc482|127.0.0.1:15023, 8eb9963e-bce0-4155-aea2-e442cadff8bd|127.0.0.1:15015]|listeners:[], old=null}
2025-09-19 20:46:11,974 [grpc-default-executor-7] INFO  server.RaftServer$Division (RaftServerImpl.java:requestVote(1421)) - b5a25cc1-46d3-4381-a194-bd68f4526f1c@group-715EBF8096A7: receive requestVote(PRE_VOTE, 8eb9963e-bce0-4155-aea2-e442cadff8bd, group-715EBF8096A7, 7, (t:7, i:16))
2025-09-19 20:46:11,974 [grpc-default-executor-7] INFO  impl.VoteContext (VoteContext.java:log(49)) - b5a25cc1-46d3-4381-a194-bd68f4526f1c@group-715EBF8096A7-FOLLOWER: reject PRE_VOTE from 8eb9963e-bce0-4155-aea2-e442cadff8bd: our priority 1 > candidate's priority 0
2025-09-19 20:46:11,974 [grpc-default-executor-7] INFO  server.RaftServer$Division (RaftServerImpl.java:requestVote(1455)) - b5a25cc1-46d3-4381-a194-bd68f4526f1c@group-715EBF8096A7 replies to PRE_VOTE vote request: 8eb9963e-bce0-4155-aea2-e442cadff8bd<-b5a25cc1-46d3-4381-a194-bd68f4526f1c#0:FAIL-t7-last:(t:7, i:16). Peer's state: b5a25cc1-46d3-4381-a194-bd68f4526f1c@group-715EBF8096A7:t7, leader=null, voted=b5a25cc1-46d3-4381-a194-bd68f4526f1c, raftlog=Memoized:b5a25cc1-46d3-4381-a194-bd68f4526f1c@group-715EBF8096A7-SegmentedRaftLog:OPENED:c16:last(t:7, i:16), conf=conf: {index: 15, cur=peers:[b5a25cc1-46d3-4381-a194-bd68f4526f1c|127.0.0.1:15031, 0df1231c-9f8a-4757-a7d0-f6d7f53bc482|127.0.0.1:15023, 8eb9963e-bce0-4155-aea2-e442cadff8bd|127.0.0.1:15015]|listeners:[], old=null}
2025-09-19 20:46:11,974 [8eb9963e-bce0-4155-aea2-e442cadff8bd@group-715EBF8096A7-LeaderElection295] INFO  impl.LeaderElection (LeaderElection.java:logAndReturn(206)) - 8eb9963e-bce0-4155-aea2-e442cadff8bd@group-715EBF8096A7-LeaderElection295: PRE_VOTE REJECTED received 2 response(s) and 0 exception(s):
2025-09-19 20:46:11,974 [8eb9963e-bce0-4155-aea2-e442cadff8bd@group-715EBF8096A7-LeaderElection295] INFO  impl.LeaderElection (LeaderElection.java:logAndReturn(210)) -   Response 0: 8eb9963e-bce0-4155-aea2-e442cadff8bd<-b5a25cc1-46d3-4381-a194-bd68f4526f1c#0:FAIL-t7-last:(t:7, i:16)
2025-09-19 20:46:11,974 [8eb9963e-bce0-4155-aea2-e442cadff8bd@group-715EBF8096A7-LeaderElection295] INFO  impl.LeaderElection (LeaderElection.java:logAndReturn(210)) -   Response 1: 8eb9963e-bce0-4155-aea2-e442cadff8bd<-0df1231c-9f8a-4757-a7d0-f6d7f53bc482#0:OK-t7-last:(t:7, i:16)
2025-09-19 20:46:11,974 [8eb9963e-bce0-4155-aea2-e442cadff8bd@group-715EBF8096A7-LeaderElection295] INFO  impl.LeaderElection (LeaderElection.java:askForVotes(450)) - 8eb9963e-bce0-4155-aea2-e442cadff8bd@group-715EBF8096A7-LeaderElection295 PRE_VOTE round 0: result REJECTED
2025-09-19 20:46:11,974 [8eb9963e-bce0-4155-aea2-e442cadff8bd@group-715EBF8096A7-LeaderElection295] INFO  server.RaftServer$Division (RaftServerImpl.java:setRole(392)) - 8eb9963e-bce0-4155-aea2-e442cadff8bd@group-715EBF8096A7: changes role from CANDIDATE to FOLLOWER at term 7 for REJECTED
2025-09-19 20:46:11,974 [8eb9963e-bce0-4155-aea2-e442cadff8bd@group-715EBF8096A7-LeaderElection295] INFO  impl.RoleInfo (RoleInfo.java:shutdownLeaderElection(141)) - 8eb9963e-bce0-4155-aea2-e442cadff8bd: shutdown 8eb9963e-bce0-4155-aea2-e442cadff8bd@group-715EBF8096A7-LeaderElection295
2025-09-19 20:46:11,975 [8eb9963e-bce0-4155-aea2-e442cadff8bd@group-715EBF8096A7-LeaderElection295] INFO  impl.RoleInfo (RoleInfo.java:updateAndGet(148)) - 8eb9963e-bce0-4155-aea2-e442cadff8bd: start 8eb9963e-bce0-4155-aea2-e442cadff8bd@group-715EBF8096A7-FollowerState
2025-09-19 20:46:11,975 [8eb9963e-bce0-4155-aea2-e442cadff8bd@group-715EBF8096A7-LeaderElection295] INFO  server.RaftServer$Division (RaftServerImpl.java:setFirstElection(576)) - 8eb9963e-bce0-4155-aea2-e442cadff8bd@group-715EBF8096A7: set firstElectionSinceStartup to false for REJECTED
2025-09-19 20:46:12,028 [0df1231c-9f8a-4757-a7d0-f6d7f53bc482@group-A751954341BD-FollowerState] INFO  impl.FollowerState (FollowerState.java:runImpl(161)) - 0df1231c-9f8a-4757-a7d0-f6d7f53bc482@group-A751954341BD-FollowerState: change to CANDIDATE, lastRpcElapsedTime:1179257387ns, electionTimeout:1179ms
2025-09-19 20:46:12,028 [0df1231c-9f8a-4757-a7d0-f6d7f53bc482@group-A751954341BD-FollowerState] INFO  impl.RoleInfo (RoleInfo.java:shutdownFollowerState(121)) - 0df1231c-9f8a-4757-a7d0-f6d7f53bc482: shutdown 0df1231c-9f8a-4757-a7d0-f6d7f53bc482@group-A751954341BD-FollowerState
2025-09-19 20:46:12,028 [0df1231c-9f8a-4757-a7d0-f6d7f53bc482@group-A751954341BD-FollowerState] INFO  server.RaftServer$Division (RaftServerImpl.java:setRole(392)) - 0df1231c-9f8a-4757-a7d0-f6d7f53bc482@group-A751954341BD: changes role from  FOLLOWER to CANDIDATE at term 4 for changeToCandidate
2025-09-19 20:46:12,028 [0df1231c-9f8a-4757-a7d0-f6d7f53bc482@group-A751954341BD-FollowerState] INFO  impl.RoleInfo (RoleInfo.java:updateAndGet(148)) - 0df1231c-9f8a-4757-a7d0-f6d7f53bc482: start 0df1231c-9f8a-4757-a7d0-f6d7f53bc482@group-A751954341BD-LeaderElection296
2025-09-19 20:46:12,029 [0df1231c-9f8a-4757-a7d0-f6d7f53bc482@group-A751954341BD-LeaderElection296] INFO  impl.LeaderElection (LeaderElection.java:askForVotes(448)) - 0df1231c-9f8a-4757-a7d0-f6d7f53bc482@group-A751954341BD-LeaderElection296 PRE_VOTE round 0: submit vote requests at term 4 for conf: {index: 23, cur=peers:[b5a25cc1-46d3-4381-a194-bd68f4526f1c|127.0.0.1:15031, 0df1231c-9f8a-4757-a7d0-f6d7f53bc482|127.0.0.1:15023, 8eb9963e-bce0-4155-aea2-e442cadff8bd|127.0.0.1:15015]|listeners:[], old=null}
2025-09-19 20:46:12,029 [0df1231c-9f8a-4757-a7d0-f6d7f53bc482@group-A751954341BD-LeaderElection296] INFO  impl.LeaderElection (LogUtils.java:infoOrTrace(142)) - 0df1231c-9f8a-4757-a7d0-f6d7f53bc482@group-A751954341BD-LeaderElection296 got exception when requesting votes: java.util.concurrent.ExecutionException: org.apache.ratis.thirdparty.io.grpc.StatusRuntimeException: UNAVAILABLE: io exception
2025-09-19 20:46:12,029 [0df1231c-9f8a-4757-a7d0-f6d7f53bc482@group-A751954341BD-LeaderElection296] INFO  impl.LeaderElection (LogUtils.java:infoOrTrace(142)) - 0df1231c-9f8a-4757-a7d0-f6d7f53bc482@group-A751954341BD-LeaderElection296 got exception when requesting votes: java.util.concurrent.ExecutionException: org.apache.ratis.thirdparty.io.grpc.StatusRuntimeException: UNAVAILABLE: io exception
2025-09-19 20:46:12,029 [0df1231c-9f8a-4757-a7d0-f6d7f53bc482@group-A751954341BD-LeaderElection296] INFO  impl.LeaderElection (LeaderElection.java:logAndReturn(206)) - 0df1231c-9f8a-4757-a7d0-f6d7f53bc482@group-A751954341BD-LeaderElection296: PRE_VOTE REJECTED received 0 response(s) and 2 exception(s):
2025-09-19 20:46:12,029 [0df1231c-9f8a-4757-a7d0-f6d7f53bc482@group-A751954341BD-LeaderElection296] INFO  impl.LeaderElection (LogUtils.java:infoOrTrace(142)) -   Exception 0: java.util.concurrent.ExecutionException: org.apache.ratis.thirdparty.io.grpc.StatusRuntimeException: UNAVAILABLE: io exception
2025-09-19 20:46:12,029 [0df1231c-9f8a-4757-a7d0-f6d7f53bc482@group-A751954341BD-LeaderElection296] INFO  impl.LeaderElection (LogUtils.java:infoOrTrace(142)) -   Exception 1: java.util.concurrent.ExecutionException: org.apache.ratis.thirdparty.io.grpc.StatusRuntimeException: UNAVAILABLE: io exception
2025-09-19 20:46:12,029 [0df1231c-9f8a-4757-a7d0-f6d7f53bc482@group-A751954341BD-LeaderElection296] INFO  impl.LeaderElection (LeaderElection.java:askForVotes(450)) - 0df1231c-9f8a-4757-a7d0-f6d7f53bc482@group-A751954341BD-LeaderElection296 PRE_VOTE round 0: result REJECTED
2025-09-19 20:46:12,029 [0df1231c-9f8a-4757-a7d0-f6d7f53bc482@group-A751954341BD-LeaderElection296] INFO  server.RaftServer$Division (RaftServerImpl.java:setRole(392)) - 0df1231c-9f8a-4757-a7d0-f6d7f53bc482@group-A751954341BD: changes role from CANDIDATE to FOLLOWER at term 4 for REJECTED
2025-09-19 20:46:12,029 [0df1231c-9f8a-4757-a7d0-f6d7f53bc482@group-A751954341BD-LeaderElection296] INFO  impl.RoleInfo (RoleInfo.java:shutdownLeaderElection(141)) - 0df1231c-9f8a-4757-a7d0-f6d7f53bc482: shutdown 0df1231c-9f8a-4757-a7d0-f6d7f53bc482@group-A751954341BD-LeaderElection296
2025-09-19 20:46:12,029 [0df1231c-9f8a-4757-a7d0-f6d7f53bc482@group-A751954341BD-LeaderElection296] INFO  impl.RoleInfo (RoleInfo.java:updateAndGet(148)) - 0df1231c-9f8a-4757-a7d0-f6d7f53bc482: start 0df1231c-9f8a-4757-a7d0-f6d7f53bc482@group-A751954341BD-FollowerState
2025-09-19 20:46:12,119 [8eb9963e-bce0-4155-aea2-e442cadff8bd@group-A751954341BD-FollowerState] INFO  impl.FollowerState (FollowerState.java:runImpl(161)) - 8eb9963e-bce0-4155-aea2-e442cadff8bd@group-A751954341BD-FollowerState: change to CANDIDATE, lastRpcElapsedTime:1194573190ns, electionTimeout:1194ms
2025-09-19 20:46:12,119 [8eb9963e-bce0-4155-aea2-e442cadff8bd@group-A751954341BD-FollowerState] INFO  impl.RoleInfo (RoleInfo.java:shutdownFollowerState(121)) - 8eb9963e-bce0-4155-aea2-e442cadff8bd: shutdown 8eb9963e-bce0-4155-aea2-e442cadff8bd@group-A751954341BD-FollowerState
2025-09-19 20:46:12,119 [8eb9963e-bce0-4155-aea2-e442cadff8bd@group-A751954341BD-FollowerState] INFO  server.RaftServer$Division (RaftServerImpl.java:setRole(392)) - 8eb9963e-bce0-4155-aea2-e442cadff8bd@group-A751954341BD: changes role from  FOLLOWER to CANDIDATE at term 3 for changeToCandidate
2025-09-19 20:46:12,120 [8eb9963e-bce0-4155-aea2-e442cadff8bd@group-A751954341BD-FollowerState] INFO  impl.RoleInfo (RoleInfo.java:updateAndGet(148)) - 8eb9963e-bce0-4155-aea2-e442cadff8bd: start 8eb9963e-bce0-4155-aea2-e442cadff8bd@group-A751954341BD-LeaderElection297
2025-09-19 20:46:12,120 [8eb9963e-bce0-4155-aea2-e442cadff8bd@group-A751954341BD-LeaderElection297] INFO  impl.LeaderElection (LeaderElection.java:askForVotes(448)) - 8eb9963e-bce0-4155-aea2-e442cadff8bd@group-A751954341BD-LeaderElection297 PRE_VOTE round 0: submit vote requests at term 3 for conf: {index: 15, cur=peers:[b5a25cc1-46d3-4381-a194-bd68f4526f1c|127.0.0.1:15031, 0df1231c-9f8a-4757-a7d0-f6d7f53bc482|127.0.0.1:15023, 8eb9963e-bce0-4155-aea2-e442cadff8bd|127.0.0.1:15015]|listeners:[], old=null}
2025-09-19 20:46:12,121 [grpc-default-executor-6] INFO  server.RaftServer$Division (RaftServerImpl.java:requestVote(1421)) - b5a25cc1-46d3-4381-a194-bd68f4526f1c@group-A751954341BD: receive requestVote(PRE_VOTE, 8eb9963e-bce0-4155-aea2-e442cadff8bd, group-A751954341BD, 3, (t:3, i:22))
2025-09-19 20:46:12,121 [grpc-default-executor-6] INFO  impl.VoteContext (VoteContext.java:log(49)) - b5a25cc1-46d3-4381-a194-bd68f4526f1c@group-A751954341BD-FOLLOWER: reject PRE_VOTE from 8eb9963e-bce0-4155-aea2-e442cadff8bd: our last entry (t:4, i:24) > candidate's last entry (t:3, i:22)
2025-09-19 20:46:12,121 [grpc-default-executor-7] INFO  server.RaftServer$Division (RaftServerImpl.java:requestVote(1421)) - 0df1231c-9f8a-4757-a7d0-f6d7f53bc482@group-A751954341BD: receive requestVote(PRE_VOTE, 8eb9963e-bce0-4155-aea2-e442cadff8bd, group-A751954341BD, 3, (t:3, i:22))
2025-09-19 20:46:12,121 [grpc-default-executor-6] INFO  server.RaftServer$Division (RaftServerImpl.java:requestVote(1455)) - b5a25cc1-46d3-4381-a194-bd68f4526f1c@group-A751954341BD replies to PRE_VOTE vote request: 8eb9963e-bce0-4155-aea2-e442cadff8bd<-b5a25cc1-46d3-4381-a194-bd68f4526f1c#0:FAIL-t4-last:(t:4, i:24). Peer's state: b5a25cc1-46d3-4381-a194-bd68f4526f1c@group-A751954341BD:t4, leader=null, voted=b5a25cc1-46d3-4381-a194-bd68f4526f1c, raftlog=Memoized:b5a25cc1-46d3-4381-a194-bd68f4526f1c@group-A751954341BD-SegmentedRaftLog:OPENED:c24:last(t:4, i:24), conf=conf: {index: 23, cur=peers:[b5a25cc1-46d3-4381-a194-bd68f4526f1c|127.0.0.1:15031, 0df1231c-9f8a-4757-a7d0-f6d7f53bc482|127.0.0.1:15023, 8eb9963e-bce0-4155-aea2-e442cadff8bd|127.0.0.1:15015]|listeners:[], old=null}
2025-09-19 20:46:12,121 [grpc-default-executor-7] INFO  impl.VoteContext (VoteContext.java:log(49)) - 0df1231c-9f8a-4757-a7d0-f6d7f53bc482@group-A751954341BD-FOLLOWER: reject PRE_VOTE from 8eb9963e-bce0-4155-aea2-e442cadff8bd: our last entry (t:4, i:24) > candidate's last entry (t:3, i:22)
2025-09-19 20:46:12,121 [grpc-default-executor-7] INFO  server.RaftServer$Division (RaftServerImpl.java:requestVote(1455)) - 0df1231c-9f8a-4757-a7d0-f6d7f53bc482@group-A751954341BD replies to PRE_VOTE vote request: 8eb9963e-bce0-4155-aea2-e442cadff8bd<-0df1231c-9f8a-4757-a7d0-f6d7f53bc482#0:FAIL-t4-last:(t:4, i:24). Peer's state: 0df1231c-9f8a-4757-a7d0-f6d7f53bc482@group-A751954341BD:t4, leader=null, voted=b5a25cc1-46d3-4381-a194-bd68f4526f1c, raftlog=Memoized:0df1231c-9f8a-4757-a7d0-f6d7f53bc482@group-A751954341BD-SegmentedRaftLog:OPENED:c24:last(t:4, i:24), conf=conf: {index: 23, cur=peers:[b5a25cc1-46d3-4381-a194-bd68f4526f1c|127.0.0.1:15031, 0df1231c-9f8a-4757-a7d0-f6d7f53bc482|127.0.0.1:15023, 8eb9963e-bce0-4155-aea2-e442cadff8bd|127.0.0.1:15015]|listeners:[], old=null}
2025-09-19 20:46:12,122 [8eb9963e-bce0-4155-aea2-e442cadff8bd@group-A751954341BD-LeaderElection297] INFO  impl.LeaderElection (LeaderElection.java:logAndReturn(206)) - 8eb9963e-bce0-4155-aea2-e442cadff8bd@group-A751954341BD-LeaderElection297: PRE_VOTE DISCOVERED_A_NEW_TERM (term=4) received 1 response(s) and 0 exception(s):
2025-09-19 20:46:12,122 [8eb9963e-bce0-4155-aea2-e442cadff8bd@group-A751954341BD-LeaderElection297] INFO  impl.LeaderElection (LeaderElection.java:logAndReturn(210)) -   Response 0: 8eb9963e-bce0-4155-aea2-e442cadff8bd<-0df1231c-9f8a-4757-a7d0-f6d7f53bc482#0:FAIL-t4-last:(t:4, i:24)
2025-09-19 20:46:12,122 [8eb9963e-bce0-4155-aea2-e442cadff8bd@group-A751954341BD-LeaderElection297] INFO  impl.LeaderElection (LeaderElection.java:askForVotes(450)) - 8eb9963e-bce0-4155-aea2-e442cadff8bd@group-A751954341BD-LeaderElection297 PRE_VOTE round 0: result DISCOVERED_A_NEW_TERM (term=4)
2025-09-19 20:46:12,122 [8eb9963e-bce0-4155-aea2-e442cadff8bd@group-A751954341BD-LeaderElection297] INFO  server.RaftServer$Division (RaftServerImpl.java:setRole(392)) - 8eb9963e-bce0-4155-aea2-e442cadff8bd@group-A751954341BD: changes role from CANDIDATE to FOLLOWER at term 3 for DISCOVERED_A_NEW_TERM (term=4)
2025-09-19 20:46:12,122 [8eb9963e-bce0-4155-aea2-e442cadff8bd@group-A751954341BD-LeaderElection297] INFO  impl.RoleInfo (RoleInfo.java:shutdownLeaderElection(141)) - 8eb9963e-bce0-4155-aea2-e442cadff8bd: shutdown 8eb9963e-bce0-4155-aea2-e442cadff8bd@group-A751954341BD-LeaderElection297
2025-09-19 20:46:12,122 [8eb9963e-bce0-4155-aea2-e442cadff8bd@group-A751954341BD-LeaderElection297] INFO  impl.RoleInfo (RoleInfo.java:updateAndGet(148)) - 8eb9963e-bce0-4155-aea2-e442cadff8bd: start 8eb9963e-bce0-4155-aea2-e442cadff8bd@group-A751954341BD-FollowerState
2025-09-19 20:46:12,122 [8eb9963e-bce0-4155-aea2-e442cadff8bd@group-A751954341BD-LeaderElection297] INFO  server.RaftServer$Division (RaftServerImpl.java:setFirstElection(576)) - 8eb9963e-bce0-4155-aea2-e442cadff8bd@group-A751954341BD: set firstElectionSinceStartup to false for DISCOVERED_A_NEW_TERM (term=4)
2025-09-19 20:46:12,214 [c834ff67-8e28-4894-9cd1-7316b4e587ce@group-9E25D04C2ADC-FollowerState] INFO  impl.FollowerState (FollowerState.java:runImpl(161)) - c834ff67-8e28-4894-9cd1-7316b4e587ce@group-9E25D04C2ADC-FollowerState: change to CANDIDATE, lastRpcElapsedTime:1621731734ns, electionTimeout:1026ms
2025-09-19 20:46:12,214 [c834ff67-8e28-4894-9cd1-7316b4e587ce@group-9E25D04C2ADC-FollowerState] INFO  impl.RoleInfo (RoleInfo.java:shutdownFollowerState(121)) - c834ff67-8e28-4894-9cd1-7316b4e587ce: shutdown c834ff67-8e28-4894-9cd1-7316b4e587ce@group-9E25D04C2ADC-FollowerState
2025-09-19 20:46:12,214 [c834ff67-8e28-4894-9cd1-7316b4e587ce@group-9E25D04C2ADC-FollowerState] INFO  server.RaftServer$Division (RaftServerImpl.java:setRole(392)) - c834ff67-8e28-4894-9cd1-7316b4e587ce@group-9E25D04C2ADC: changes role from  FOLLOWER to CANDIDATE at term 1 for changeToCandidate
2025-09-19 20:46:12,214 [c834ff67-8e28-4894-9cd1-7316b4e587ce@group-9E25D04C2ADC-FollowerState] INFO  impl.RoleInfo (RoleInfo.java:updateAndGet(148)) - c834ff67-8e28-4894-9cd1-7316b4e587ce: start c834ff67-8e28-4894-9cd1-7316b4e587ce@group-9E25D04C2ADC-LeaderElection298
2025-09-19 20:46:12,214 [c834ff67-8e28-4894-9cd1-7316b4e587ce@group-9E25D04C2ADC-LeaderElection298] INFO  server.RaftServer$Division (ServerState.java:setLeader(272)) - c834ff67-8e28-4894-9cd1-7316b4e587ce@group-9E25D04C2ADC: change Leader from 417c597c-13cf-4e34-be96-1680b82aa276 to null at term 1 for PRE_VOTE
2025-09-19 20:46:12,214 [c834ff67-8e28-4894-9cd1-7316b4e587ce@group-9E25D04C2ADC-LeaderElection298] INFO  impl.LeaderElection (LeaderElection.java:askForVotes(448)) - c834ff67-8e28-4894-9cd1-7316b4e587ce@group-9E25D04C2ADC-LeaderElection298 PRE_VOTE round 0: submit vote requests at term 1 for conf: {index: 0, cur=peers:[e7feb3b4-5cd1-4322-b271-eb1c248a4412|127.0.0.1:15039, 417c597c-13cf-4e34-be96-1680b82aa276|127.0.0.1:15047, c834ff67-8e28-4894-9cd1-7316b4e587ce|127.0.0.1:15055]|listeners:[], old=null}
2025-09-19 20:46:12,215 [c834ff67-8e28-4894-9cd1-7316b4e587ce@group-9E25D04C2ADC-LeaderElection298] INFO  impl.LeaderElection (LogUtils.java:infoOrTrace(142)) - c834ff67-8e28-4894-9cd1-7316b4e587ce@group-9E25D04C2ADC-LeaderElection298 got exception when requesting votes: java.util.concurrent.ExecutionException: org.apache.ratis.thirdparty.io.grpc.StatusRuntimeException: UNAVAILABLE: io exception
2025-09-19 20:46:12,215 [grpc-default-executor-6] INFO  server.RaftServer$Division (RaftServerImpl.java:requestVote(1421)) - e7feb3b4-5cd1-4322-b271-eb1c248a4412@group-9E25D04C2ADC: receive requestVote(PRE_VOTE, c834ff67-8e28-4894-9cd1-7316b4e587ce, group-9E25D04C2ADC, 1, (t:1, i:0))
2025-09-19 20:46:12,215 [grpc-default-executor-6] INFO  impl.VoteContext (VoteContext.java:log(49)) - e7feb3b4-5cd1-4322-b271-eb1c248a4412@group-9E25D04C2ADC-FOLLOWER: accept PRE_VOTE from c834ff67-8e28-4894-9cd1-7316b4e587ce: our priority 0 <= candidate's priority 0
2025-09-19 20:46:12,215 [grpc-default-executor-6] INFO  server.RaftServer$Division (RaftServerImpl.java:requestVote(1455)) - e7feb3b4-5cd1-4322-b271-eb1c248a4412@group-9E25D04C2ADC replies to PRE_VOTE vote request: c834ff67-8e28-4894-9cd1-7316b4e587ce<-e7feb3b4-5cd1-4322-b271-eb1c248a4412#0:OK-t1-last:(t:1, i:0). Peer's state: e7feb3b4-5cd1-4322-b271-eb1c248a4412@group-9E25D04C2ADC:t1, leader=417c597c-13cf-4e34-be96-1680b82aa276, voted=417c597c-13cf-4e34-be96-1680b82aa276, raftlog=Memoized:e7feb3b4-5cd1-4322-b271-eb1c248a4412@group-9E25D04C2ADC-SegmentedRaftLog:OPENED:c0:last(t:1, i:0), conf=conf: {index: 0, cur=peers:[e7feb3b4-5cd1-4322-b271-eb1c248a4412|127.0.0.1:15039, 417c597c-13cf-4e34-be96-1680b82aa276|127.0.0.1:15047, c834ff67-8e28-4894-9cd1-7316b4e587ce|127.0.0.1:15055]|listeners:[], old=null}
2025-09-19 20:46:12,216 [c834ff67-8e28-4894-9cd1-7316b4e587ce@group-9E25D04C2ADC-LeaderElection298] INFO  impl.LeaderElection (LeaderElection.java:logAndReturn(206)) - c834ff67-8e28-4894-9cd1-7316b4e587ce@group-9E25D04C2ADC-LeaderElection298: PRE_VOTE PASSED received 1 response(s) and 1 exception(s):
2025-09-19 20:46:12,216 [c834ff67-8e28-4894-9cd1-7316b4e587ce@group-9E25D04C2ADC-LeaderElection298] INFO  impl.LeaderElection (LeaderElection.java:logAndReturn(210)) -   Response 0: c834ff67-8e28-4894-9cd1-7316b4e587ce<-e7feb3b4-5cd1-4322-b271-eb1c248a4412#0:OK-t1-last:(t:1, i:0)
2025-09-19 20:46:12,216 [c834ff67-8e28-4894-9cd1-7316b4e587ce@group-9E25D04C2ADC-LeaderElection298] INFO  impl.LeaderElection (LogUtils.java:infoOrTrace(142)) -   Exception 1: java.util.concurrent.ExecutionException: org.apache.ratis.thirdparty.io.grpc.StatusRuntimeException: UNAVAILABLE: io exception
2025-09-19 20:46:12,216 [c834ff67-8e28-4894-9cd1-7316b4e587ce@group-9E25D04C2ADC-LeaderElection298] INFO  impl.LeaderElection (LeaderElection.java:askForVotes(450)) - c834ff67-8e28-4894-9cd1-7316b4e587ce@group-9E25D04C2ADC-LeaderElection298 PRE_VOTE round 0: result PASSED
2025-09-19 20:46:12,217 [c834ff67-8e28-4894-9cd1-7316b4e587ce@group-9E25D04C2ADC-LeaderElection298] INFO  impl.LeaderElection (LeaderElection.java:askForVotes(448)) - c834ff67-8e28-4894-9cd1-7316b4e587ce@group-9E25D04C2ADC-LeaderElection298 ELECTION round 0: submit vote requests at term 2 for conf: {index: 0, cur=peers:[e7feb3b4-5cd1-4322-b271-eb1c248a4412|127.0.0.1:15039, 417c597c-13cf-4e34-be96-1680b82aa276|127.0.0.1:15047, c834ff67-8e28-4894-9cd1-7316b4e587ce|127.0.0.1:15055]|listeners:[], old=null}
2025-09-19 20:46:12,217 [c834ff67-8e28-4894-9cd1-7316b4e587ce@group-9E25D04C2ADC-LeaderElection298] INFO  impl.LeaderElection (LogUtils.java:infoOrTrace(142)) - c834ff67-8e28-4894-9cd1-7316b4e587ce@group-9E25D04C2ADC-LeaderElection298 got exception when requesting votes: java.util.concurrent.ExecutionException: org.apache.ratis.thirdparty.io.grpc.StatusRuntimeException: UNAVAILABLE: io exception
2025-09-19 20:46:12,217 [grpc-default-executor-6] INFO  server.RaftServer$Division (RaftServerImpl.java:requestVote(1421)) - e7feb3b4-5cd1-4322-b271-eb1c248a4412@group-9E25D04C2ADC: receive requestVote(ELECTION, c834ff67-8e28-4894-9cd1-7316b4e587ce, group-9E25D04C2ADC, 2, (t:1, i:0))
2025-09-19 20:46:12,218 [grpc-default-executor-6] INFO  impl.VoteContext (VoteContext.java:log(49)) - e7feb3b4-5cd1-4322-b271-eb1c248a4412@group-9E25D04C2ADC-FOLLOWER: accept ELECTION from c834ff67-8e28-4894-9cd1-7316b4e587ce: our priority 0 <= candidate's priority 0
2025-09-19 20:46:12,218 [grpc-default-executor-6] INFO  server.RaftServer$Division (RaftServerImpl.java:setRole(392)) - e7feb3b4-5cd1-4322-b271-eb1c248a4412@group-9E25D04C2ADC: changes role from  FOLLOWER to FOLLOWER at term 1 for candidate:c834ff67-8e28-4894-9cd1-7316b4e587ce
2025-09-19 20:46:12,218 [grpc-default-executor-6] INFO  impl.RoleInfo (RoleInfo.java:shutdownFollowerState(121)) - e7feb3b4-5cd1-4322-b271-eb1c248a4412: shutdown e7feb3b4-5cd1-4322-b271-eb1c248a4412@group-9E25D04C2ADC-FollowerState
2025-09-19 20:46:12,218 [grpc-default-executor-6] INFO  server.RaftServer$Division (ServerState.java:setLeader(272)) - e7feb3b4-5cd1-4322-b271-eb1c248a4412@group-9E25D04C2ADC: change Leader from 417c597c-13cf-4e34-be96-1680b82aa276 to null at term 2 for updateCurrentTerm
2025-09-19 20:46:12,218 [e7feb3b4-5cd1-4322-b271-eb1c248a4412@group-9E25D04C2ADC-FollowerState] INFO  impl.FollowerState (FollowerState.java:runImpl(170)) - e7feb3b4-5cd1-4322-b271-eb1c248a4412@group-9E25D04C2ADC-FollowerState was interrupted
2025-09-19 20:46:12,218 [grpc-default-executor-6] INFO  impl.RoleInfo (RoleInfo.java:updateAndGet(148)) - e7feb3b4-5cd1-4322-b271-eb1c248a4412: start e7feb3b4-5cd1-4322-b271-eb1c248a4412@group-9E25D04C2ADC-FollowerState
2025-09-19 20:46:12,219 [grpc-default-executor-6] INFO  server.RaftServer$Division (RaftServerImpl.java:requestVote(1455)) - e7feb3b4-5cd1-4322-b271-eb1c248a4412@group-9E25D04C2ADC replies to ELECTION vote request: c834ff67-8e28-4894-9cd1-7316b4e587ce<-e7feb3b4-5cd1-4322-b271-eb1c248a4412#0:OK-t2-last:(t:1, i:0). Peer's state: e7feb3b4-5cd1-4322-b271-eb1c248a4412@group-9E25D04C2ADC:t2, leader=null, voted=c834ff67-8e28-4894-9cd1-7316b4e587ce, raftlog=Memoized:e7feb3b4-5cd1-4322-b271-eb1c248a4412@group-9E25D04C2ADC-SegmentedRaftLog:OPENED:c0:last(t:1, i:0), conf=conf: {index: 0, cur=peers:[e7feb3b4-5cd1-4322-b271-eb1c248a4412|127.0.0.1:15039, 417c597c-13cf-4e34-be96-1680b82aa276|127.0.0.1:15047, c834ff67-8e28-4894-9cd1-7316b4e587ce|127.0.0.1:15055]|listeners:[], old=null}
2025-09-19 20:46:12,219 [c834ff67-8e28-4894-9cd1-7316b4e587ce@group-9E25D04C2ADC-LeaderElection298] INFO  impl.LeaderElection (LeaderElection.java:logAndReturn(206)) - c834ff67-8e28-4894-9cd1-7316b4e587ce@group-9E25D04C2ADC-LeaderElection298: ELECTION PASSED received 1 response(s) and 1 exception(s):
2025-09-19 20:46:12,219 [c834ff67-8e28-4894-9cd1-7316b4e587ce@group-9E25D04C2ADC-LeaderElection298] INFO  impl.LeaderElection (LeaderElection.java:logAndReturn(210)) -   Response 0: c834ff67-8e28-4894-9cd1-7316b4e587ce<-e7feb3b4-5cd1-4322-b271-eb1c248a4412#0:OK-t2-last:(t:1, i:0)
2025-09-19 20:46:12,219 [c834ff67-8e28-4894-9cd1-7316b4e587ce@group-9E25D04C2ADC-LeaderElection298] INFO  impl.LeaderElection (LogUtils.java:infoOrTrace(142)) -   Exception 1: java.util.concurrent.ExecutionException: org.apache.ratis.thirdparty.io.grpc.StatusRuntimeException: UNAVAILABLE: io exception
2025-09-19 20:46:12,219 [c834ff67-8e28-4894-9cd1-7316b4e587ce@group-9E25D04C2ADC-LeaderElection298] INFO  impl.LeaderElection (LeaderElection.java:askForVotes(450)) - c834ff67-8e28-4894-9cd1-7316b4e587ce@group-9E25D04C2ADC-LeaderElection298 ELECTION round 0: result PASSED
2025-09-19 20:46:12,219 [c834ff67-8e28-4894-9cd1-7316b4e587ce@group-9E25D04C2ADC-LeaderElection298] INFO  impl.RoleInfo (RoleInfo.java:shutdownLeaderElection(141)) - c834ff67-8e28-4894-9cd1-7316b4e587ce: shutdown c834ff67-8e28-4894-9cd1-7316b4e587ce@group-9E25D04C2ADC-LeaderElection298
2025-09-19 20:46:12,219 [c834ff67-8e28-4894-9cd1-7316b4e587ce@group-9E25D04C2ADC-LeaderElection298] INFO  server.RaftServer$Division (RaftServerImpl.java:setRole(392)) - c834ff67-8e28-4894-9cd1-7316b4e587ce@group-9E25D04C2ADC: changes role from CANDIDATE to LEADER at term 2 for changeToLeader
2025-09-19 20:46:12,219 [c834ff67-8e28-4894-9cd1-7316b4e587ce@group-9E25D04C2ADC-LeaderElection298] INFO  server.RaftServerConfigKeys (ConfUtils.java:logFallback(69)) - raft.server.staging.timeout = 3600ms (fallback to raft.server.rpc.timeout.max)
2025-09-19 20:46:12,220 [c834ff67-8e28-4894-9cd1-7316b4e587ce@group-9E25D04C2ADC-LeaderElection298] INFO  server.RaftServerConfigKeys (ConfUtils.java:logGet(62)) - raft.server.write.byte-limit = 1024 M (=1073741824) (custom)
2025-09-19 20:46:12,220 [c834ff67-8e28-4894-9cd1-7316b4e587ce@group-9E25D04C2ADC-LeaderElection298] INFO  server.RaftServerConfigKeys (ConfUtils.java:logGet(62)) - raft.server.log.appender.buffer.byte-limit = 33554432 (custom)
2025-09-19 20:46:12,222 [c834ff67-8e28-4894-9cd1-7316b4e587ce@group-9E25D04C2ADC-LeaderElection298] INFO  server.RaftServerConfigKeys (ConfUtils.java:logGet(62)) - raft.server.log.appender.buffer.byte-limit = 33554432 (custom)
2025-09-19 20:46:12,222 [c834ff67-8e28-4894-9cd1-7316b4e587ce@group-9E25D04C2ADC-LeaderElection298] INFO  impl.RoleInfo (RoleInfo.java:updateAndGet(148)) - c834ff67-8e28-4894-9cd1-7316b4e587ce: start c834ff67-8e28-4894-9cd1-7316b4e587ce@group-9E25D04C2ADC-LeaderStateImpl
2025-09-19 20:46:12,222 [c834ff67-8e28-4894-9cd1-7316b4e587ce@group-9E25D04C2ADC-LeaderElection298] INFO  ratis.XceiverServerRatis (XceiverServerRatis.java:handleLeaderChangedNotification(942)) - Leader change notification received for group: group-9E25D04C2ADC with new leaderId: c834ff67-8e28-4894-9cd1-7316b4e587ce
2025-09-19 20:46:12,222 [c834ff67-8e28-4894-9cd1-7316b4e587ce@group-9E25D04C2ADC-LeaderElection298] INFO  server.RaftServer$Division (ServerState.java:setLeader(272)) - c834ff67-8e28-4894-9cd1-7316b4e587ce@group-9E25D04C2ADC: change Leader from null to c834ff67-8e28-4894-9cd1-7316b4e587ce at term 2 for becomeLeader, leader elected after 7ms
2025-09-19 20:46:12,222 [c834ff67-8e28-4894-9cd1-7316b4e587ce@group-9E25D04C2ADC-LeaderElection298] INFO  segmented.SegmentedRaftLogWorker (SegmentedRaftLogWorker.java:rollLogSegment(445)) - c834ff67-8e28-4894-9cd1-7316b4e587ce@group-9E25D04C2ADC-SegmentedRaftLogWorker: Rolling segment log-0_0 to index:0
2025-09-19 20:46:12,222 [c834ff67-8e28-4894-9cd1-7316b4e587ce@group-9E25D04C2ADC-LeaderElection298] INFO  server.RaftServer$Division (ServerState.java:setRaftConf(386)) - c834ff67-8e28-4894-9cd1-7316b4e587ce@group-9E25D04C2ADC: set configuration conf: {index: 1, cur=peers:[e7feb3b4-5cd1-4322-b271-eb1c248a4412|127.0.0.1:15039, 417c597c-13cf-4e34-be96-1680b82aa276|127.0.0.1:15047, c834ff67-8e28-4894-9cd1-7316b4e587ce|127.0.0.1:15055]|listeners:[], old=null}
2025-09-19 20:46:12,223 [grpc-default-executor-6] WARN  server.GrpcLogAppender (LogUtils.java:warn(127)) - c834ff67-8e28-4894-9cd1-7316b4e587ce@group-9E25D04C2ADC->417c597c-13cf-4e34-be96-1680b82aa276-AppendLogResponseHandler: Failed appendEntries: org.apache.ratis.thirdparty.io.grpc.StatusRuntimeException: UNAVAILABLE: io exception
  Caused by: org.apache.ratis.thirdparty.io.netty.channel.AbstractChannel$AnnotatedConnectException: finishConnect(..) failed: Connection refused: /127.0.0.1:15047
  Caused by: java.net.ConnectException: finishConnect(..) failed: Connection refused
2025-09-19 20:46:12,223 [grpc-default-executor-10] INFO  ratis.XceiverServerRatis (XceiverServerRatis.java:handleLeaderChangedNotification(942)) - Leader change notification received for group: group-9E25D04C2ADC with new leaderId: c834ff67-8e28-4894-9cd1-7316b4e587ce
2025-09-19 20:46:12,223 [grpc-default-executor-10] INFO  server.RaftServer$Division (ServerState.java:setLeader(272)) - e7feb3b4-5cd1-4322-b271-eb1c248a4412@group-9E25D04C2ADC: change Leader from null to c834ff67-8e28-4894-9cd1-7316b4e587ce at term 2 for appendEntries, leader elected after 5ms
2025-09-19 20:46:12,223 [grpc-default-executor-8] WARN  server.GrpcLogAppender (GrpcLogAppender.java:lambda$resetClient$1(228)) - c834ff67-8e28-4894-9cd1-7316b4e587ce@group-9E25D04C2ADC->417c597c-13cf-4e34-be96-1680b82aa276-GrpcLogAppender: Follower failed (request=null, errorCount=1); keep nextIndex (1) unchanged and retry.
2025-09-19 20:46:12,224 [c834ff67-8e28-4894-9cd1-7316b4e587ce@group-9E25D04C2ADC-SegmentedRaftLogWorker] INFO  segmented.SegmentedRaftLogWorker (SegmentedRaftLogWorker.java:execute(604)) - c834ff67-8e28-4894-9cd1-7316b4e587ce@group-9E25D04C2ADC-SegmentedRaftLogWorker: Rolled log segment from /home/runner/work/ozone/ozone/hadoop-ozone/integration-test/target/test-dir/MiniOzoneClusterImpl-990002c2-bb69-4aa2-bd68-28a5e13e86ef/ozone-metadata/datanode-6/ratis/9000e871-2414-43c0-9d82-9e25d04c2adc/current/log_inprogress_0 to /home/runner/work/ozone/ozone/hadoop-ozone/integration-test/target/test-dir/MiniOzoneClusterImpl-990002c2-bb69-4aa2-bd68-28a5e13e86ef/ozone-metadata/datanode-6/ratis/9000e871-2414-43c0-9d82-9e25d04c2adc/current/log_0-0
2025-09-19 20:46:12,224 [c834ff67-8e28-4894-9cd1-7316b4e587ce@group-9E25D04C2ADC-SegmentedRaftLogWorker] INFO  segmented.BufferedWriteChannel (BufferedWriteChannel.java:open(61)) - open log_inprogress_1 at position 0
2025-09-19 20:46:12,226 [grpc-default-executor-10] INFO  server.RaftServer$Division (ServerState.java:setRaftConf(386)) - e7feb3b4-5cd1-4322-b271-eb1c248a4412@group-9E25D04C2ADC: set configuration conf: {index: 1, cur=peers:[e7feb3b4-5cd1-4322-b271-eb1c248a4412|127.0.0.1:15039, 417c597c-13cf-4e34-be96-1680b82aa276|127.0.0.1:15047, c834ff67-8e28-4894-9cd1-7316b4e587ce|127.0.0.1:15055]|listeners:[], old=null}
2025-09-19 20:46:12,226 [grpc-default-executor-10] INFO  segmented.SegmentedRaftLogWorker (SegmentedRaftLogWorker.java:rollLogSegment(445)) - e7feb3b4-5cd1-4322-b271-eb1c248a4412@group-9E25D04C2ADC-SegmentedRaftLogWorker: Rolling segment log-0_0 to index:0
2025-09-19 20:46:12,226 [grpc-default-executor-8] WARN  server.GrpcLogAppender (GrpcLogAppender.java:lambda$resetClient$1(228)) - c834ff67-8e28-4894-9cd1-7316b4e587ce@group-9E25D04C2ADC->417c597c-13cf-4e34-be96-1680b82aa276-GrpcLogAppender: Follower failed (request=null, errorCount=3); keep nextIndex (2) unchanged and retry.
2025-09-19 20:46:12,228 [e7feb3b4-5cd1-4322-b271-eb1c248a4412@group-9E25D04C2ADC-SegmentedRaftLogWorker] INFO  segmented.SegmentedRaftLogWorker (SegmentedRaftLogWorker.java:execute(604)) - e7feb3b4-5cd1-4322-b271-eb1c248a4412@group-9E25D04C2ADC-SegmentedRaftLogWorker: Rolled log segment from /home/runner/work/ozone/ozone/hadoop-ozone/integration-test/target/test-dir/MiniOzoneClusterImpl-990002c2-bb69-4aa2-bd68-28a5e13e86ef/ozone-metadata/datanode-4/ratis/9000e871-2414-43c0-9d82-9e25d04c2adc/current/log_inprogress_0 to /home/runner/work/ozone/ozone/hadoop-ozone/integration-test/target/test-dir/MiniOzoneClusterImpl-990002c2-bb69-4aa2-bd68-28a5e13e86ef/ozone-metadata/datanode-4/ratis/9000e871-2414-43c0-9d82-9e25d04c2adc/current/log_0-0
2025-09-19 20:46:12,228 [e7feb3b4-5cd1-4322-b271-eb1c248a4412@group-9E25D04C2ADC-SegmentedRaftLogWorker] INFO  segmented.BufferedWriteChannel (BufferedWriteChannel.java:open(61)) - open log_inprogress_1 at position 0
2025-09-19 20:46:12,231 [c834ff67-8e28-4894-9cd1-7316b4e587ce@group-9E25D04C2ADC-SegmentedRaftLogWorker] INFO  segmented.SegmentedRaftLogWorker (SegmentedRaftLogWorker.java:execute(647)) - c834ff67-8e28-4894-9cd1-7316b4e587ce@group-9E25D04C2ADC-SegmentedRaftLogWorker: created new log segment /home/runner/work/ozone/ozone/hadoop-ozone/integration-test/target/test-dir/MiniOzoneClusterImpl-990002c2-bb69-4aa2-bd68-28a5e13e86ef/ozone-metadata/datanode-6/ratis/9000e871-2414-43c0-9d82-9e25d04c2adc/current/log_inprogress_1
2025-09-19 20:46:12,234 [e7feb3b4-5cd1-4322-b271-eb1c248a4412@group-9E25D04C2ADC-SegmentedRaftLogWorker] INFO  segmented.SegmentedRaftLogWorker (SegmentedRaftLogWorker.java:execute(647)) - e7feb3b4-5cd1-4322-b271-eb1c248a4412@group-9E25D04C2ADC-SegmentedRaftLogWorker: created new log segment /home/runner/work/ozone/ozone/hadoop-ozone/integration-test/target/test-dir/MiniOzoneClusterImpl-990002c2-bb69-4aa2-bd68-28a5e13e86ef/ozone-metadata/datanode-4/ratis/9000e871-2414-43c0-9d82-9e25d04c2adc/current/log_inprogress_1
2025-09-19 20:46:12,235 [grpc-default-executor-6] WARN  server.GrpcLogAppender (GrpcLogAppender.java:lambda$resetClient$1(228)) - c834ff67-8e28-4894-9cd1-7316b4e587ce@group-9E25D04C2ADC->417c597c-13cf-4e34-be96-1680b82aa276-GrpcLogAppender: Follower failed (request=null, errorCount=5); keep nextIndex (3) unchanged and retry.
2025-09-19 20:46:12,236 [c834ff67-8e28-4894-9cd1-7316b4e587ce@group-9E25D04C2ADC-StateMachineUpdater] INFO  server.RaftServer$Division (LeaderStateImpl.java:checkStartIndex(309)) - Leader c834ff67-8e28-4894-9cd1-7316b4e587ce@group-9E25D04C2ADC-LeaderStateImpl is ready since appliedIndex == startIndex == 1
2025-09-19 20:46:12,251 [b5a25cc1-46d3-4381-a194-bd68f4526f1c@group-A751954341BD-FollowerState] INFO  impl.FollowerState (FollowerState.java:runImpl(161)) - b5a25cc1-46d3-4381-a194-bd68f4526f1c@group-A751954341BD-FollowerState: change to CANDIDATE, lastRpcElapsedTime:1106597529ns, electionTimeout:1105ms
2025-09-19 20:46:12,251 [b5a25cc1-46d3-4381-a194-bd68f4526f1c@group-A751954341BD-FollowerState] INFO  impl.RoleInfo (RoleInfo.java:shutdownFollowerState(121)) - b5a25cc1-46d3-4381-a194-bd68f4526f1c: shutdown b5a25cc1-46d3-4381-a194-bd68f4526f1c@group-A751954341BD-FollowerState
2025-09-19 20:46:12,251 [b5a25cc1-46d3-4381-a194-bd68f4526f1c@group-A751954341BD-FollowerState] INFO  server.RaftServer$Division (RaftServerImpl.java:setRole(392)) - b5a25cc1-46d3-4381-a194-bd68f4526f1c@group-A751954341BD: changes role from  FOLLOWER to CANDIDATE at term 4 for changeToCandidate
2025-09-19 20:46:12,251 [b5a25cc1-46d3-4381-a194-bd68f4526f1c@group-A751954341BD-FollowerState] INFO  impl.RoleInfo (RoleInfo.java:updateAndGet(148)) - b5a25cc1-46d3-4381-a194-bd68f4526f1c: start b5a25cc1-46d3-4381-a194-bd68f4526f1c@group-A751954341BD-LeaderElection299
2025-09-19 20:46:12,251 [b5a25cc1-46d3-4381-a194-bd68f4526f1c@group-A751954341BD-LeaderElection299] INFO  impl.LeaderElection (LeaderElection.java:askForVotes(448)) - b5a25cc1-46d3-4381-a194-bd68f4526f1c@group-A751954341BD-LeaderElection299 PRE_VOTE round 0: submit vote requests at term 4 for conf: {index: 23, cur=peers:[b5a25cc1-46d3-4381-a194-bd68f4526f1c|127.0.0.1:15031, 0df1231c-9f8a-4757-a7d0-f6d7f53bc482|127.0.0.1:15023, 8eb9963e-bce0-4155-aea2-e442cadff8bd|127.0.0.1:15015]|listeners:[], old=null}
2025-09-19 20:46:12,252 [b5a25cc1-46d3-4381-a194-bd68f4526f1c@group-A751954341BD-LeaderElection299-1] INFO  server.GrpcServerProtocolClient (GrpcServerProtocolClient.java:<init>(65)) - Build channel for 0df1231c-9f8a-4757-a7d0-f6d7f53bc482|127.0.0.1:15023
2025-09-19 20:46:12,252 [b5a25cc1-46d3-4381-a194-bd68f4526f1c@group-A751954341BD-LeaderElection299-2] INFO  server.GrpcServerProtocolClient (GrpcServerProtocolClient.java:<init>(65)) - Build channel for 8eb9963e-bce0-4155-aea2-e442cadff8bd|127.0.0.1:15015
2025-09-19 20:46:12,254 [grpc-default-executor-8] INFO  server.RaftServer$Division (RaftServerImpl.java:requestVote(1421)) - 0df1231c-9f8a-4757-a7d0-f6d7f53bc482@group-A751954341BD: receive requestVote(PRE_VOTE, b5a25cc1-46d3-4381-a194-bd68f4526f1c, group-A751954341BD, 4, (t:4, i:24))
2025-09-19 20:46:12,254 [grpc-default-executor-8] INFO  impl.VoteContext (VoteContext.java:log(49)) - 0df1231c-9f8a-4757-a7d0-f6d7f53bc482@group-A751954341BD-FOLLOWER: accept PRE_VOTE from b5a25cc1-46d3-4381-a194-bd68f4526f1c: our priority 0 <= candidate's priority 0
2025-09-19 20:46:12,254 [grpc-default-executor-8] INFO  server.RaftServer$Division (RaftServerImpl.java:requestVote(1455)) - 0df1231c-9f8a-4757-a7d0-f6d7f53bc482@group-A751954341BD replies to PRE_VOTE vote request: b5a25cc1-46d3-4381-a194-bd68f4526f1c<-0df1231c-9f8a-4757-a7d0-f6d7f53bc482#0:OK-t4-last:(t:4, i:24). Peer's state: 0df1231c-9f8a-4757-a7d0-f6d7f53bc482@group-A751954341BD:t4, leader=null, voted=b5a25cc1-46d3-4381-a194-bd68f4526f1c, raftlog=Memoized:0df1231c-9f8a-4757-a7d0-f6d7f53bc482@group-A751954341BD-SegmentedRaftLog:OPENED:c24:last(t:4, i:24), conf=conf: {index: 23, cur=peers:[b5a25cc1-46d3-4381-a194-bd68f4526f1c|127.0.0.1:15031, 0df1231c-9f8a-4757-a7d0-f6d7f53bc482|127.0.0.1:15023, 8eb9963e-bce0-4155-aea2-e442cadff8bd|127.0.0.1:15015]|listeners:[], old=null}
2025-09-19 20:46:12,254 [grpc-default-executor-10] INFO  server.RaftServer$Division (RaftServerImpl.java:requestVote(1421)) - 8eb9963e-bce0-4155-aea2-e442cadff8bd@group-A751954341BD: receive requestVote(PRE_VOTE, b5a25cc1-46d3-4381-a194-bd68f4526f1c, group-A751954341BD, 4, (t:4, i:24))
2025-09-19 20:46:12,254 [grpc-default-executor-10] INFO  impl.VoteContext (VoteContext.java:log(49)) - 8eb9963e-bce0-4155-aea2-e442cadff8bd@group-A751954341BD-FOLLOWER: accept PRE_VOTE from b5a25cc1-46d3-4381-a194-bd68f4526f1c: our last entry (t:3, i:22) < candidate's last entry (t:4, i:24)
2025-09-19 20:46:12,254 [grpc-default-executor-10] INFO  server.RaftServer$Division (RaftServerImpl.java:requestVote(1455)) - 8eb9963e-bce0-4155-aea2-e442cadff8bd@group-A751954341BD replies to PRE_VOTE vote request: b5a25cc1-46d3-4381-a194-bd68f4526f1c<-8eb9963e-bce0-4155-aea2-e442cadff8bd#0:OK-t4-last:(t:3, i:22). Peer's state: 8eb9963e-bce0-4155-aea2-e442cadff8bd@group-A751954341BD:t4, leader=null, voted=null, raftlog=Memoized:8eb9963e-bce0-4155-aea2-e442cadff8bd@group-A751954341BD-SegmentedRaftLog:OPENED:c22:last(t:3, i:22), conf=conf: {index: 15, cur=peers:[b5a25cc1-46d3-4381-a194-bd68f4526f1c|127.0.0.1:15031, 0df1231c-9f8a-4757-a7d0-f6d7f53bc482|127.0.0.1:15023, 8eb9963e-bce0-4155-aea2-e442cadff8bd|127.0.0.1:15015]|listeners:[], old=null}
2025-09-19 20:46:12,255 [b5a25cc1-46d3-4381-a194-bd68f4526f1c@group-A751954341BD-LeaderElection299] INFO  impl.LeaderElection (LeaderElection.java:logAndReturn(206)) - b5a25cc1-46d3-4381-a194-bd68f4526f1c@group-A751954341BD-LeaderElection299: PRE_VOTE PASSED received 2 response(s) and 0 exception(s):
2025-09-19 20:46:12,255 [b5a25cc1-46d3-4381-a194-bd68f4526f1c@group-A751954341BD-LeaderElection299] INFO  impl.LeaderElection (LeaderElection.java:logAndReturn(210)) -   Response 0: b5a25cc1-46d3-4381-a194-bd68f4526f1c<-0df1231c-9f8a-4757-a7d0-f6d7f53bc482#0:OK-t4-last:(t:4, i:24)
2025-09-19 20:46:12,255 [b5a25cc1-46d3-4381-a194-bd68f4526f1c@group-A751954341BD-LeaderElection299] INFO  impl.LeaderElection (LeaderElection.java:logAndReturn(210)) -   Response 1: b5a25cc1-46d3-4381-a194-bd68f4526f1c<-8eb9963e-bce0-4155-aea2-e442cadff8bd#0:OK-t4-last:(t:3, i:22)
2025-09-19 20:46:12,255 [b5a25cc1-46d3-4381-a194-bd68f4526f1c@group-A751954341BD-LeaderElection299] INFO  impl.LeaderElection (LeaderElection.java:askForVotes(450)) - b5a25cc1-46d3-4381-a194-bd68f4526f1c@group-A751954341BD-LeaderElection299 PRE_VOTE round 0: result PASSED
2025-09-19 20:46:12,256 [b5a25cc1-46d3-4381-a194-bd68f4526f1c@group-A751954341BD-LeaderElection299] INFO  impl.LeaderElection (LeaderElection.java:askForVotes(448)) - b5a25cc1-46d3-4381-a194-bd68f4526f1c@group-A751954341BD-LeaderElection299 ELECTION round 0: submit vote requests at term 5 for conf: {index: 23, cur=peers:[b5a25cc1-46d3-4381-a194-bd68f4526f1c|127.0.0.1:15031, 0df1231c-9f8a-4757-a7d0-f6d7f53bc482|127.0.0.1:15023, 8eb9963e-bce0-4155-aea2-e442cadff8bd|127.0.0.1:15015]|listeners:[], old=null}
2025-09-19 20:46:12,257 [grpc-default-executor-8] INFO  server.RaftServer$Division (RaftServerImpl.java:requestVote(1421)) - 0df1231c-9f8a-4757-a7d0-f6d7f53bc482@group-A751954341BD: receive requestVote(ELECTION, b5a25cc1-46d3-4381-a194-bd68f4526f1c, group-A751954341BD, 5, (t:4, i:24))
2025-09-19 20:46:12,257 [grpc-default-executor-8] INFO  impl.VoteContext (VoteContext.java:log(49)) - 0df1231c-9f8a-4757-a7d0-f6d7f53bc482@group-A751954341BD-FOLLOWER: accept ELECTION from b5a25cc1-46d3-4381-a194-bd68f4526f1c: our priority 0 <= candidate's priority 0
2025-09-19 20:46:12,257 [grpc-default-executor-8] INFO  server.RaftServer$Division (RaftServerImpl.java:setRole(392)) - 0df1231c-9f8a-4757-a7d0-f6d7f53bc482@group-A751954341BD: changes role from  FOLLOWER to FOLLOWER at term 4 for candidate:b5a25cc1-46d3-4381-a194-bd68f4526f1c
2025-09-19 20:46:12,257 [grpc-default-executor-10] INFO  server.RaftServer$Division (RaftServerImpl.java:requestVote(1421)) - 8eb9963e-bce0-4155-aea2-e442cadff8bd@group-A751954341BD: receive requestVote(ELECTION, b5a25cc1-46d3-4381-a194-bd68f4526f1c, group-A751954341BD, 5, (t:4, i:24))
2025-09-19 20:46:12,257 [grpc-default-executor-8] INFO  impl.RoleInfo (RoleInfo.java:shutdownFollowerState(121)) - 0df1231c-9f8a-4757-a7d0-f6d7f53bc482: shutdown 0df1231c-9f8a-4757-a7d0-f6d7f53bc482@group-A751954341BD-FollowerState
2025-09-19 20:46:12,257 [grpc-default-executor-10] INFO  impl.VoteContext (VoteContext.java:log(49)) - 8eb9963e-bce0-4155-aea2-e442cadff8bd@group-A751954341BD-FOLLOWER: accept ELECTION from b5a25cc1-46d3-4381-a194-bd68f4526f1c: our last entry (t:3, i:22) < candidate's last entry (t:4, i:24)
2025-09-19 20:46:12,257 [grpc-default-executor-8] INFO  impl.RoleInfo (RoleInfo.java:updateAndGet(148)) - 0df1231c-9f8a-4757-a7d0-f6d7f53bc482: start 0df1231c-9f8a-4757-a7d0-f6d7f53bc482@group-A751954341BD-FollowerState
2025-09-19 20:46:12,257 [grpc-default-executor-10] INFO  server.RaftServer$Division (RaftServerImpl.java:setRole(392)) - 8eb9963e-bce0-4155-aea2-e442cadff8bd@group-A751954341BD: changes role from  FOLLOWER to FOLLOWER at term 4 for candidate:b5a25cc1-46d3-4381-a194-bd68f4526f1c
2025-09-19 20:46:12,257 [grpc-default-executor-10] INFO  impl.RoleInfo (RoleInfo.java:shutdownFollowerState(121)) - 8eb9963e-bce0-4155-aea2-e442cadff8bd: shutdown 8eb9963e-bce0-4155-aea2-e442cadff8bd@group-A751954341BD-FollowerState
2025-09-19 20:46:12,257 [grpc-default-executor-10] INFO  impl.RoleInfo (RoleInfo.java:updateAndGet(148)) - 8eb9963e-bce0-4155-aea2-e442cadff8bd: start 8eb9963e-bce0-4155-aea2-e442cadff8bd@group-A751954341BD-FollowerState
2025-09-19 20:46:12,257 [8eb9963e-bce0-4155-aea2-e442cadff8bd@group-A751954341BD-FollowerState] INFO  impl.FollowerState (FollowerState.java:runImpl(170)) - 8eb9963e-bce0-4155-aea2-e442cadff8bd@group-A751954341BD-FollowerState was interrupted
2025-09-19 20:46:12,257 [0df1231c-9f8a-4757-a7d0-f6d7f53bc482@group-A751954341BD-FollowerState] INFO  impl.FollowerState (FollowerState.java:runImpl(170)) - 0df1231c-9f8a-4757-a7d0-f6d7f53bc482@group-A751954341BD-FollowerState was interrupted
2025-09-19 20:46:12,259 [grpc-default-executor-8] INFO  server.RaftServer$Division (RaftServerImpl.java:requestVote(1455)) - 0df1231c-9f8a-4757-a7d0-f6d7f53bc482@group-A751954341BD replies to ELECTION vote request: b5a25cc1-46d3-4381-a194-bd68f4526f1c<-0df1231c-9f8a-4757-a7d0-f6d7f53bc482#0:OK-t5-last:(t:4, i:24). Peer's state: 0df1231c-9f8a-4757-a7d0-f6d7f53bc482@group-A751954341BD:t5, leader=null, voted=b5a25cc1-46d3-4381-a194-bd68f4526f1c, raftlog=Memoized:0df1231c-9f8a-4757-a7d0-f6d7f53bc482@group-A751954341BD-SegmentedRaftLog:OPENED:c24:last(t:4, i:24), conf=conf: {index: 23, cur=peers:[b5a25cc1-46d3-4381-a194-bd68f4526f1c|127.0.0.1:15031, 0df1231c-9f8a-4757-a7d0-f6d7f53bc482|127.0.0.1:15023, 8eb9963e-bce0-4155-aea2-e442cadff8bd|127.0.0.1:15015]|listeners:[], old=null}
2025-09-19 20:46:12,259 [grpc-default-executor-10] INFO  server.RaftServer$Division (RaftServerImpl.java:requestVote(1455)) - 8eb9963e-bce0-4155-aea2-e442cadff8bd@group-A751954341BD replies to ELECTION vote request: b5a25cc1-46d3-4381-a194-bd68f4526f1c<-8eb9963e-bce0-4155-aea2-e442cadff8bd#0:OK-t5-last:(t:3, i:22). Peer's state: 8eb9963e-bce0-4155-aea2-e442cadff8bd@group-A751954341BD:t5, leader=null, voted=b5a25cc1-46d3-4381-a194-bd68f4526f1c, raftlog=Memoized:8eb9963e-bce0-4155-aea2-e442cadff8bd@group-A751954341BD-SegmentedRaftLog:OPENED:c22:last(t:3, i:22), conf=conf: {index: 15, cur=peers:[b5a25cc1-46d3-4381-a194-bd68f4526f1c|127.0.0.1:15031, 0df1231c-9f8a-4757-a7d0-f6d7f53bc482|127.0.0.1:15023, 8eb9963e-bce0-4155-aea2-e442cadff8bd|127.0.0.1:15015]|listeners:[], old=null}
2025-09-19 20:46:12,259 [b5a25cc1-46d3-4381-a194-bd68f4526f1c@group-A751954341BD-LeaderElection299] INFO  impl.LeaderElection (LeaderElection.java:logAndReturn(206)) - b5a25cc1-46d3-4381-a194-bd68f4526f1c@group-A751954341BD-LeaderElection299: ELECTION PASSED received 1 response(s) and 0 exception(s):
2025-09-19 20:46:12,259 [b5a25cc1-46d3-4381-a194-bd68f4526f1c@group-A751954341BD-LeaderElection299] INFO  impl.LeaderElection (LeaderElection.java:logAndReturn(210)) -   Response 0: b5a25cc1-46d3-4381-a194-bd68f4526f1c<-8eb9963e-bce0-4155-aea2-e442cadff8bd#0:OK-t5-last:(t:3, i:22)
2025-09-19 20:46:12,259 [b5a25cc1-46d3-4381-a194-bd68f4526f1c@group-A751954341BD-LeaderElection299] INFO  impl.LeaderElection (LeaderElection.java:askForVotes(450)) - b5a25cc1-46d3-4381-a194-bd68f4526f1c@group-A751954341BD-LeaderElection299 ELECTION round 0: result PASSED
2025-09-19 20:46:12,259 [b5a25cc1-46d3-4381-a194-bd68f4526f1c@group-A751954341BD-LeaderElection299] INFO  impl.RoleInfo (RoleInfo.java:shutdownLeaderElection(141)) - b5a25cc1-46d3-4381-a194-bd68f4526f1c: shutdown b5a25cc1-46d3-4381-a194-bd68f4526f1c@group-A751954341BD-LeaderElection299
2025-09-19 20:46:12,259 [b5a25cc1-46d3-4381-a194-bd68f4526f1c@group-A751954341BD-LeaderElection299] INFO  server.RaftServer$Division (RaftServerImpl.java:setRole(392)) - b5a25cc1-46d3-4381-a194-bd68f4526f1c@group-A751954341BD: changes role from CANDIDATE to LEADER at term 5 for changeToLeader
2025-09-19 20:46:12,259 [b5a25cc1-46d3-4381-a194-bd68f4526f1c@group-A751954341BD-LeaderElection299] INFO  server.RaftServerConfigKeys (ConfUtils.java:logFallback(69)) - raft.server.staging.timeout = 3600ms (fallback to raft.server.rpc.timeout.max)
2025-09-19 20:46:12,259 [b5a25cc1-46d3-4381-a194-bd68f4526f1c@group-A751954341BD-LeaderElection299] INFO  server.RaftServerConfigKeys (ConfUtils.java:logGet(62)) - raft.server.write.byte-limit = 1024 M (=1073741824) (custom)
2025-09-19 20:46:12,260 [b5a25cc1-46d3-4381-a194-bd68f4526f1c@group-A751954341BD-LeaderElection299] INFO  server.RaftServerConfigKeys (ConfUtils.java:logGet(62)) - raft.server.log.appender.buffer.byte-limit = 33554432 (custom)
2025-09-19 20:46:12,261 [b5a25cc1-46d3-4381-a194-bd68f4526f1c@group-A751954341BD-LeaderElection299] INFO  server.RaftServerConfigKeys (ConfUtils.java:logGet(62)) - raft.server.log.appender.buffer.byte-limit = 33554432 (custom)
2025-09-19 20:46:12,261 [b5a25cc1-46d3-4381-a194-bd68f4526f1c@group-A751954341BD-LeaderElection299] INFO  impl.RoleInfo (RoleInfo.java:updateAndGet(148)) - b5a25cc1-46d3-4381-a194-bd68f4526f1c: start b5a25cc1-46d3-4381-a194-bd68f4526f1c@group-A751954341BD-LeaderStateImpl
2025-09-19 20:46:12,261 [b5a25cc1-46d3-4381-a194-bd68f4526f1c@group-A751954341BD-LeaderElection299] INFO  server.RaftServer$Division (RaftServerImpl.java:setFirstElection(576)) - b5a25cc1-46d3-4381-a194-bd68f4526f1c@group-A751954341BD: set firstElectionSinceStartup to false for becomeLeader
2025-09-19 20:46:12,261 [b5a25cc1-46d3-4381-a194-bd68f4526f1c@group-A751954341BD-LeaderElection299] INFO  ratis.XceiverServerRatis (XceiverServerRatis.java:handleLeaderChangedNotification(942)) - Leader change notification received for group: group-A751954341BD with new leaderId: b5a25cc1-46d3-4381-a194-bd68f4526f1c
2025-09-19 20:46:12,261 [b5a25cc1-46d3-4381-a194-bd68f4526f1c@group-A751954341BD-LeaderElection299] INFO  server.RaftServer$Division (ServerState.java:setLeader(272)) - b5a25cc1-46d3-4381-a194-bd68f4526f1c@group-A751954341BD: change Leader from null to b5a25cc1-46d3-4381-a194-bd68f4526f1c at term 5 for becomeLeader, leader elected after 1829ms
2025-09-19 20:46:12,261 [b5a25cc1-46d3-4381-a194-bd68f4526f1c@group-A751954341BD-LeaderElection299] INFO  segmented.SegmentedRaftLogWorker (SegmentedRaftLogWorker.java:rollLogSegment(445)) - b5a25cc1-46d3-4381-a194-bd68f4526f1c@group-A751954341BD-SegmentedRaftLogWorker: Rolling segment log-23_24 to index:24
2025-09-19 20:46:12,262 [b5a25cc1-46d3-4381-a194-bd68f4526f1c@group-A751954341BD-LeaderElection299] INFO  server.RaftServer$Division (ServerState.java:setRaftConf(386)) - b5a25cc1-46d3-4381-a194-bd68f4526f1c@group-A751954341BD: set configuration conf: {index: 25, cur=peers:[b5a25cc1-46d3-4381-a194-bd68f4526f1c|127.0.0.1:15031, 0df1231c-9f8a-4757-a7d0-f6d7f53bc482|127.0.0.1:15023, 8eb9963e-bce0-4155-aea2-e442cadff8bd|127.0.0.1:15015]|listeners:[], old=null}
2025-09-19 20:46:12,262 [b5a25cc1-46d3-4381-a194-bd68f4526f1c@group-A751954341BD-SegmentedRaftLogWorker] INFO  segmented.SegmentedRaftLogWorker (SegmentedRaftLogWorker.java:execute(604)) - b5a25cc1-46d3-4381-a194-bd68f4526f1c@group-A751954341BD-SegmentedRaftLogWorker: Rolled log segment from /home/runner/work/ozone/ozone/hadoop-ozone/integration-test/target/test-dir/MiniOzoneClusterImpl-990002c2-bb69-4aa2-bd68-28a5e13e86ef/ozone-metadata/datanode-3/ratis/e102d630-0766-4c9c-a6ac-a751954341bd/current/log_inprogress_23 to /home/runner/work/ozone/ozone/hadoop-ozone/integration-test/target/test-dir/MiniOzoneClusterImpl-990002c2-bb69-4aa2-bd68-28a5e13e86ef/ozone-metadata/datanode-3/ratis/e102d630-0766-4c9c-a6ac-a751954341bd/current/log_23-24
2025-09-19 20:46:12,262 [b5a25cc1-46d3-4381-a194-bd68f4526f1c@group-715EBF8096A7-FollowerState] INFO  impl.FollowerState (FollowerState.java:runImpl(161)) - b5a25cc1-46d3-4381-a194-bd68f4526f1c@group-715EBF8096A7-FollowerState: change to CANDIDATE, lastRpcElapsedTime:1117819835ns, electionTimeout:1117ms
2025-09-19 20:46:12,262 [b5a25cc1-46d3-4381-a194-bd68f4526f1c@group-715EBF8096A7-FollowerState] INFO  impl.RoleInfo (RoleInfo.java:shutdownFollowerState(121)) - b5a25cc1-46d3-4381-a194-bd68f4526f1c: shutdown b5a25cc1-46d3-4381-a194-bd68f4526f1c@group-715EBF8096A7-FollowerState
2025-09-19 20:46:12,262 [b5a25cc1-46d3-4381-a194-bd68f4526f1c@group-715EBF8096A7-FollowerState] INFO  server.RaftServer$Division (RaftServerImpl.java:setRole(392)) - b5a25cc1-46d3-4381-a194-bd68f4526f1c@group-715EBF8096A7: changes role from  FOLLOWER to CANDIDATE at term 7 for changeToCandidate
2025-09-19 20:46:12,262 [b5a25cc1-46d3-4381-a194-bd68f4526f1c@group-715EBF8096A7-FollowerState] INFO  impl.RoleInfo (RoleInfo.java:updateAndGet(148)) - b5a25cc1-46d3-4381-a194-bd68f4526f1c: start b5a25cc1-46d3-4381-a194-bd68f4526f1c@group-715EBF8096A7-LeaderElection300
2025-09-19 20:46:12,262 [b5a25cc1-46d3-4381-a194-bd68f4526f1c@group-A751954341BD-SegmentedRaftLogWorker] INFO  segmented.BufferedWriteChannel (BufferedWriteChannel.java:open(61)) - open log_inprogress_25 at position 0
2025-09-19 20:46:12,263 [b5a25cc1-46d3-4381-a194-bd68f4526f1c@group-715EBF8096A7-LeaderElection300] INFO  impl.LeaderElection (LeaderElection.java:askForVotes(448)) - b5a25cc1-46d3-4381-a194-bd68f4526f1c@group-715EBF8096A7-LeaderElection300 PRE_VOTE round 0: submit vote requests at term 7 for conf: {index: 15, cur=peers:[b5a25cc1-46d3-4381-a194-bd68f4526f1c|127.0.0.1:15031, 0df1231c-9f8a-4757-a7d0-f6d7f53bc482|127.0.0.1:15023, 8eb9963e-bce0-4155-aea2-e442cadff8bd|127.0.0.1:15015]|listeners:[], old=null}
2025-09-19 20:46:12,265 [grpc-default-executor-7] INFO  server.RaftServer$Division (RaftServerImpl.java:requestVote(1421)) - 0df1231c-9f8a-4757-a7d0-f6d7f53bc482@group-715EBF8096A7: receive requestVote(PRE_VOTE, b5a25cc1-46d3-4381-a194-bd68f4526f1c, group-715EBF8096A7, 7, (t:7, i:16))
2025-09-19 20:46:12,266 [grpc-default-executor-7] INFO  impl.VoteContext (VoteContext.java:log(49)) - 0df1231c-9f8a-4757-a7d0-f6d7f53bc482@group-715EBF8096A7-FOLLOWER: accept PRE_VOTE from b5a25cc1-46d3-4381-a194-bd68f4526f1c: our priority 0 <= candidate's priority 1
2025-09-19 20:46:12,266 [grpc-default-executor-7] INFO  server.RaftServer$Division (RaftServerImpl.java:requestVote(1455)) - 0df1231c-9f8a-4757-a7d0-f6d7f53bc482@group-715EBF8096A7 replies to PRE_VOTE vote request: b5a25cc1-46d3-4381-a194-bd68f4526f1c<-0df1231c-9f8a-4757-a7d0-f6d7f53bc482#0:OK-t7-last:(t:7, i:16). Peer's state: 0df1231c-9f8a-4757-a7d0-f6d7f53bc482@group-715EBF8096A7:t7, leader=null, voted=b5a25cc1-46d3-4381-a194-bd68f4526f1c, raftlog=Memoized:0df1231c-9f8a-4757-a7d0-f6d7f53bc482@group-715EBF8096A7-SegmentedRaftLog:OPENED:c16:last(t:7, i:16), conf=conf: {index: 15, cur=peers:[b5a25cc1-46d3-4381-a194-bd68f4526f1c|127.0.0.1:15031, 0df1231c-9f8a-4757-a7d0-f6d7f53bc482|127.0.0.1:15023, 8eb9963e-bce0-4155-aea2-e442cadff8bd|127.0.0.1:15015]|listeners:[], old=null}
2025-09-19 20:46:12,267 [b5a25cc1-46d3-4381-a194-bd68f4526f1c@group-715EBF8096A7-LeaderElection300] INFO  impl.LeaderElection (LeaderElection.java:logAndReturn(206)) - b5a25cc1-46d3-4381-a194-bd68f4526f1c@group-715EBF8096A7-LeaderElection300: PRE_VOTE PASSED received 1 response(s) and 0 exception(s):
2025-09-19 20:46:12,267 [b5a25cc1-46d3-4381-a194-bd68f4526f1c@group-715EBF8096A7-LeaderElection300] INFO  impl.LeaderElection (LeaderElection.java:logAndReturn(210)) -   Response 0: b5a25cc1-46d3-4381-a194-bd68f4526f1c<-0df1231c-9f8a-4757-a7d0-f6d7f53bc482#0:OK-t7-last:(t:7, i:16)
2025-09-19 20:46:12,267 [b5a25cc1-46d3-4381-a194-bd68f4526f1c@group-715EBF8096A7-LeaderElection300] INFO  impl.LeaderElection (LeaderElection.java:askForVotes(450)) - b5a25cc1-46d3-4381-a194-bd68f4526f1c@group-715EBF8096A7-LeaderElection300 PRE_VOTE round 0: result PASSED
2025-09-19 20:46:12,268 [grpc-default-executor-8] INFO  server.RaftServer$Division (RaftServerImpl.java:requestVote(1421)) - 8eb9963e-bce0-4155-aea2-e442cadff8bd@group-715EBF8096A7: receive requestVote(PRE_VOTE, b5a25cc1-46d3-4381-a194-bd68f4526f1c, group-715EBF8096A7, 7, (t:7, i:16))
2025-09-19 20:46:12,268 [grpc-default-executor-8] INFO  impl.VoteContext (VoteContext.java:log(49)) - 8eb9963e-bce0-4155-aea2-e442cadff8bd@group-715EBF8096A7-FOLLOWER: accept PRE_VOTE from b5a25cc1-46d3-4381-a194-bd68f4526f1c: our priority 0 <= candidate's priority 1
2025-09-19 20:46:12,268 [grpc-default-executor-8] INFO  server.RaftServer$Division (RaftServerImpl.java:requestVote(1455)) - 8eb9963e-bce0-4155-aea2-e442cadff8bd@group-715EBF8096A7 replies to PRE_VOTE vote request: b5a25cc1-46d3-4381-a194-bd68f4526f1c<-8eb9963e-bce0-4155-aea2-e442cadff8bd#0:OK-t7-last:(t:7, i:16). Peer's state: 8eb9963e-bce0-4155-aea2-e442cadff8bd@group-715EBF8096A7:t7, leader=null, voted=b5a25cc1-46d3-4381-a194-bd68f4526f1c, raftlog=Memoized:8eb9963e-bce0-4155-aea2-e442cadff8bd@group-715EBF8096A7-SegmentedRaftLog:OPENED:c16:last(t:7, i:16), conf=conf: {index: 15, cur=peers:[b5a25cc1-46d3-4381-a194-bd68f4526f1c|127.0.0.1:15031, 0df1231c-9f8a-4757-a7d0-f6d7f53bc482|127.0.0.1:15023, 8eb9963e-bce0-4155-aea2-e442cadff8bd|127.0.0.1:15015]|listeners:[], old=null}
2025-09-19 20:46:12,268 [grpc-default-executor-6] INFO  ratis.XceiverServerRatis (XceiverServerRatis.java:handleLeaderChangedNotification(942)) - Leader change notification received for group: group-A751954341BD with new leaderId: b5a25cc1-46d3-4381-a194-bd68f4526f1c
2025-09-19 20:46:12,269 [grpc-default-executor-6] INFO  server.RaftServer$Division (ServerState.java:setLeader(272)) - 8eb9963e-bce0-4155-aea2-e442cadff8bd@group-A751954341BD: change Leader from null to b5a25cc1-46d3-4381-a194-bd68f4526f1c at term 5 for appendEntries, leader elected after 2060ms
2025-09-19 20:46:12,269 [grpc-default-executor-6] INFO  server.RaftServer$Division (RaftServerImpl.java:checkInconsistentAppendEntries(1673)) - 8eb9963e-bce0-4155-aea2-e442cadff8bd@group-A751954341BD: Failed appendEntries as previous log entry ((t:4, i:24)) is not found
2025-09-19 20:46:12,269 [grpc-default-executor-6] INFO  server.RaftServer$Division (RaftServerImpl.java:appendEntriesAsync(1594)) - 8eb9963e-bce0-4155-aea2-e442cadff8bd@group-A751954341BD: appendEntries* reply b5a25cc1-46d3-4381-a194-bd68f4526f1c<-8eb9963e-bce0-4155-aea2-e442cadff8bd#0:FAIL-t5,INCONSISTENCY,nextIndex=23,followerCommit=22,matchIndex=-1
2025-09-19 20:46:12,269 [grpc-default-executor-7] INFO  server.RaftServer$Division (RaftServerImpl.java:checkInconsistentAppendEntries(1673)) - 8eb9963e-bce0-4155-aea2-e442cadff8bd@group-A751954341BD: Failed appendEntries as previous log entry ((t:4, i:24)) is not found
2025-09-19 20:46:12,269 [grpc-default-executor-7] INFO  server.RaftServer$Division (RaftServerImpl.java:appendEntriesAsync(1594)) - 8eb9963e-bce0-4155-aea2-e442cadff8bd@group-A751954341BD: appendEntries* reply b5a25cc1-46d3-4381-a194-bd68f4526f1c<-8eb9963e-bce0-4155-aea2-e442cadff8bd#1:FAIL-t5,INCONSISTENCY,nextIndex=23,followerCommit=22,matchIndex=-1
2025-09-19 20:46:12,270 [grpc-default-executor-7] INFO  ratis.XceiverServerRatis (XceiverServerRatis.java:handleLeaderChangedNotification(942)) - Leader change notification received for group: group-A751954341BD with new leaderId: b5a25cc1-46d3-4381-a194-bd68f4526f1c
2025-09-19 20:46:12,270 [grpc-default-executor-7] INFO  server.RaftServer$Division (ServerState.java:setLeader(272)) - 0df1231c-9f8a-4757-a7d0-f6d7f53bc482@group-A751954341BD: change Leader from null to b5a25cc1-46d3-4381-a194-bd68f4526f1c at term 5 for appendEntries, leader elected after 33477ms
2025-09-19 20:46:12,270 [grpc-default-executor-7] INFO  server.RaftServer$Division (ServerState.java:setRaftConf(386)) - 0df1231c-9f8a-4757-a7d0-f6d7f53bc482@group-A751954341BD: set configuration conf: {index: 25, cur=peers:[b5a25cc1-46d3-4381-a194-bd68f4526f1c|127.0.0.1:15031, 0df1231c-9f8a-4757-a7d0-f6d7f53bc482|127.0.0.1:15023, 8eb9963e-bce0-4155-aea2-e442cadff8bd|127.0.0.1:15015]|listeners:[], old=null}
2025-09-19 20:46:12,270 [grpc-default-executor-8] WARN  server.GrpcLogAppender (GrpcLogAppender.java:lambda$onNextImpl$0(527)) - b5a25cc1-46d3-4381-a194-bd68f4526f1c@group-A751954341BD->8eb9963e-bce0-4155-aea2-e442cadff8bd-AppendLogResponseHandler: received INCONSISTENCY reply with nextIndex 23, errorCount=2, request=AppendEntriesRequest:cid=0,entriesCount=0 
2025-09-19 20:46:12,270 [grpc-default-executor-7] INFO  segmented.SegmentedRaftLogWorker (SegmentedRaftLogWorker.java:rollLogSegment(445)) - 0df1231c-9f8a-4757-a7d0-f6d7f53bc482@group-A751954341BD-SegmentedRaftLogWorker: Rolling segment log-23_24 to index:24
2025-09-19 20:46:12,270 [grpc-default-executor-8] INFO  leader.FollowerInfo (FollowerInfoImpl.java:info(70)) - b5a25cc1-46d3-4381-a194-bd68f4526f1c@group-A751954341BD->8eb9963e-bce0-4155-aea2-e442cadff8bd: setNextIndex nextIndex: updateUnconditionally 26 -> 23
2025-09-19 20:46:12,270 [b5a25cc1-46d3-4381-a194-bd68f4526f1c@group-715EBF8096A7-LeaderElection300] INFO  impl.LeaderElection (LeaderElection.java:askForVotes(448)) - b5a25cc1-46d3-4381-a194-bd68f4526f1c@group-715EBF8096A7-LeaderElection300 ELECTION round 0: submit vote requests at term 8 for conf: {index: 15, cur=peers:[b5a25cc1-46d3-4381-a194-bd68f4526f1c|127.0.0.1:15031, 0df1231c-9f8a-4757-a7d0-f6d7f53bc482|127.0.0.1:15023, 8eb9963e-bce0-4155-aea2-e442cadff8bd|127.0.0.1:15015]|listeners:[], old=null}
2025-09-19 20:46:12,271 [b5a25cc1-46d3-4381-a194-bd68f4526f1c@group-A751954341BD-SegmentedRaftLogWorker] INFO  segmented.SegmentedRaftLogWorker (SegmentedRaftLogWorker.java:execute(647)) - b5a25cc1-46d3-4381-a194-bd68f4526f1c@group-A751954341BD-SegmentedRaftLogWorker: created new log segment /home/runner/work/ozone/ozone/hadoop-ozone/integration-test/target/test-dir/MiniOzoneClusterImpl-990002c2-bb69-4aa2-bd68-28a5e13e86ef/ozone-metadata/datanode-3/ratis/e102d630-0766-4c9c-a6ac-a751954341bd/current/log_inprogress_25
2025-09-19 20:46:12,271 [grpc-default-executor-10] INFO  leader.FollowerInfo (FollowerInfoImpl.java:info(70)) - b5a25cc1-46d3-4381-a194-bd68f4526f1c@group-A751954341BD->8eb9963e-bce0-4155-aea2-e442cadff8bd: setNextIndex nextIndex: updateUnconditionally 26 -> 23
2025-09-19 20:46:12,271 [0df1231c-9f8a-4757-a7d0-f6d7f53bc482@group-A751954341BD-SegmentedRaftLogWorker] INFO  segmented.SegmentedRaftLogWorker (SegmentedRaftLogWorker.java:execute(604)) - 0df1231c-9f8a-4757-a7d0-f6d7f53bc482@group-A751954341BD-SegmentedRaftLogWorker: Rolled log segment from /home/runner/work/ozone/ozone/hadoop-ozone/integration-test/target/test-dir/MiniOzoneClusterImpl-990002c2-bb69-4aa2-bd68-28a5e13e86ef/ozone-metadata/datanode-2/ratis/e102d630-0766-4c9c-a6ac-a751954341bd/current/log_inprogress_23 to /home/runner/work/ozone/ozone/hadoop-ozone/integration-test/target/test-dir/MiniOzoneClusterImpl-990002c2-bb69-4aa2-bd68-28a5e13e86ef/ozone-metadata/datanode-2/ratis/e102d630-0766-4c9c-a6ac-a751954341bd/current/log_23-24
2025-09-19 20:46:12,271 [0df1231c-9f8a-4757-a7d0-f6d7f53bc482@group-A751954341BD-SegmentedRaftLogWorker] INFO  segmented.BufferedWriteChannel (BufferedWriteChannel.java:open(61)) - open log_inprogress_25 at position 0
2025-09-19 20:46:12,273 [grpc-default-executor-8] INFO  server.RaftServer$Division (ServerState.java:setRaftConf(386)) - 8eb9963e-bce0-4155-aea2-e442cadff8bd@group-A751954341BD: set configuration conf: {index: 23, cur=peers:[b5a25cc1-46d3-4381-a194-bd68f4526f1c|127.0.0.1:15031, 0df1231c-9f8a-4757-a7d0-f6d7f53bc482|127.0.0.1:15023, 8eb9963e-bce0-4155-aea2-e442cadff8bd|127.0.0.1:15015]|listeners:[], old=null}
2025-09-19 20:46:12,273 [grpc-default-executor-8] INFO  server.RaftServer$Division (ServerState.java:setRaftConf(386)) - 8eb9963e-bce0-4155-aea2-e442cadff8bd@group-A751954341BD: set configuration conf: {index: 25, cur=peers:[b5a25cc1-46d3-4381-a194-bd68f4526f1c|127.0.0.1:15031, 0df1231c-9f8a-4757-a7d0-f6d7f53bc482|127.0.0.1:15023, 8eb9963e-bce0-4155-aea2-e442cadff8bd|127.0.0.1:15015]|listeners:[], old=null}
2025-09-19 20:46:12,273 [grpc-default-executor-8] INFO  segmented.SegmentedRaftLogWorker (SegmentedRaftLogWorker.java:rollLogSegment(445)) - 8eb9963e-bce0-4155-aea2-e442cadff8bd@group-A751954341BD-SegmentedRaftLogWorker: Rolling segment log-15_22 to index:22
2025-09-19 20:46:12,273 [grpc-default-executor-10] INFO  server.RaftServer$Division (RaftServerImpl.java:requestVote(1421)) - 0df1231c-9f8a-4757-a7d0-f6d7f53bc482@group-715EBF8096A7: receive requestVote(ELECTION, b5a25cc1-46d3-4381-a194-bd68f4526f1c, group-715EBF8096A7, 8, (t:7, i:16))
2025-09-19 20:46:12,273 [grpc-default-executor-10] INFO  impl.VoteContext (VoteContext.java:log(49)) - 0df1231c-9f8a-4757-a7d0-f6d7f53bc482@group-715EBF8096A7-FOLLOWER: accept ELECTION from b5a25cc1-46d3-4381-a194-bd68f4526f1c: our priority 0 <= candidate's priority 1
2025-09-19 20:46:12,273 [grpc-default-executor-8] INFO  segmented.SegmentedRaftLogWorker (SegmentedRaftLogWorker.java:rollLogSegment(445)) - 8eb9963e-bce0-4155-aea2-e442cadff8bd@group-A751954341BD-SegmentedRaftLogWorker: Rolling segment log-23_24 to index:24
2025-09-19 20:46:12,273 [grpc-default-executor-10] INFO  server.RaftServer$Division (RaftServerImpl.java:setRole(392)) - 0df1231c-9f8a-4757-a7d0-f6d7f53bc482@group-715EBF8096A7: changes role from  FOLLOWER to FOLLOWER at term 7 for candidate:b5a25cc1-46d3-4381-a194-bd68f4526f1c
2025-09-19 20:46:12,273 [grpc-default-executor-10] INFO  impl.RoleInfo (RoleInfo.java:shutdownFollowerState(121)) - 0df1231c-9f8a-4757-a7d0-f6d7f53bc482: shutdown 0df1231c-9f8a-4757-a7d0-f6d7f53bc482@group-715EBF8096A7-FollowerState
2025-09-19 20:46:12,273 [grpc-default-executor-10] INFO  impl.RoleInfo (RoleInfo.java:updateAndGet(148)) - 0df1231c-9f8a-4757-a7d0-f6d7f53bc482: start 0df1231c-9f8a-4757-a7d0-f6d7f53bc482@group-715EBF8096A7-FollowerState
2025-09-19 20:46:12,274 [0df1231c-9f8a-4757-a7d0-f6d7f53bc482@group-715EBF8096A7-FollowerState] INFO  impl.FollowerState (FollowerState.java:runImpl(170)) - 0df1231c-9f8a-4757-a7d0-f6d7f53bc482@group-715EBF8096A7-FollowerState was interrupted
2025-09-19 20:46:12,274 [grpc-default-executor-6] INFO  server.RaftServer$Division (RaftServerImpl.java:requestVote(1421)) - 8eb9963e-bce0-4155-aea2-e442cadff8bd@group-715EBF8096A7: receive requestVote(ELECTION, b5a25cc1-46d3-4381-a194-bd68f4526f1c, group-715EBF8096A7, 8, (t:7, i:16))
2025-09-19 20:46:12,274 [grpc-default-executor-6] INFO  impl.VoteContext (VoteContext.java:log(49)) - 8eb9963e-bce0-4155-aea2-e442cadff8bd@group-715EBF8096A7-FOLLOWER: accept ELECTION from b5a25cc1-46d3-4381-a194-bd68f4526f1c: our priority 0 <= candidate's priority 1
2025-09-19 20:46:12,274 [grpc-default-executor-8] INFO  server.RaftServer$Division (ServerState.java:setRaftConf(386)) - 8eb9963e-bce0-4155-aea2-e442cadff8bd@group-A751954341BD: set configuration conf: {index: 23, cur=peers:[b5a25cc1-46d3-4381-a194-bd68f4526f1c|127.0.0.1:15031, 0df1231c-9f8a-4757-a7d0-f6d7f53bc482|127.0.0.1:15023, 8eb9963e-bce0-4155-aea2-e442cadff8bd|127.0.0.1:15015]|listeners:[], old=null}
2025-09-19 20:46:12,274 [grpc-default-executor-8] INFO  server.RaftServer$Division (ServerState.java:setRaftConf(386)) - 8eb9963e-bce0-4155-aea2-e442cadff8bd@group-A751954341BD: set configuration conf: {index: 25, cur=peers:[b5a25cc1-46d3-4381-a194-bd68f4526f1c|127.0.0.1:15031, 0df1231c-9f8a-4757-a7d0-f6d7f53bc482|127.0.0.1:15023, 8eb9963e-bce0-4155-aea2-e442cadff8bd|127.0.0.1:15015]|listeners:[], old=null}
2025-09-19 20:46:12,274 [grpc-default-executor-6] INFO  server.RaftServer$Division (RaftServerImpl.java:setRole(392)) - 8eb9963e-bce0-4155-aea2-e442cadff8bd@group-715EBF8096A7: changes role from  FOLLOWER to FOLLOWER at term 7 for candidate:b5a25cc1-46d3-4381-a194-bd68f4526f1c
2025-09-19 20:46:12,275 [grpc-default-executor-6] INFO  impl.RoleInfo (RoleInfo.java:shutdownFollowerState(121)) - 8eb9963e-bce0-4155-aea2-e442cadff8bd: shutdown 8eb9963e-bce0-4155-aea2-e442cadff8bd@group-715EBF8096A7-FollowerState
2025-09-19 20:46:12,275 [grpc-default-executor-6] INFO  impl.RoleInfo (RoleInfo.java:updateAndGet(148)) - 8eb9963e-bce0-4155-aea2-e442cadff8bd: start 8eb9963e-bce0-4155-aea2-e442cadff8bd@group-715EBF8096A7-FollowerState
2025-09-19 20:46:12,275 [8eb9963e-bce0-4155-aea2-e442cadff8bd@group-A751954341BD-SegmentedRaftLogWorker] INFO  segmented.SegmentedRaftLogWorker (SegmentedRaftLogWorker.java:execute(604)) - 8eb9963e-bce0-4155-aea2-e442cadff8bd@group-A751954341BD-SegmentedRaftLogWorker: Rolled log segment from /home/runner/work/ozone/ozone/hadoop-ozone/integration-test/target/test-dir/MiniOzoneClusterImpl-990002c2-bb69-4aa2-bd68-28a5e13e86ef/ozone-metadata/datanode-1/ratis/e102d630-0766-4c9c-a6ac-a751954341bd/current/log_inprogress_15 to /home/runner/work/ozone/ozone/hadoop-ozone/integration-test/target/test-dir/MiniOzoneClusterImpl-990002c2-bb69-4aa2-bd68-28a5e13e86ef/ozone-metadata/datanode-1/ratis/e102d630-0766-4c9c-a6ac-a751954341bd/current/log_15-22
2025-09-19 20:46:12,275 [8eb9963e-bce0-4155-aea2-e442cadff8bd@group-A751954341BD-SegmentedRaftLogWorker] INFO  segmented.BufferedWriteChannel (BufferedWriteChannel.java:open(61)) - open log_inprogress_23 at position 0
2025-09-19 20:46:12,275 [8eb9963e-bce0-4155-aea2-e442cadff8bd@group-715EBF8096A7-FollowerState] INFO  impl.FollowerState (FollowerState.java:runImpl(170)) - 8eb9963e-bce0-4155-aea2-e442cadff8bd@group-715EBF8096A7-FollowerState was interrupted
2025-09-19 20:46:12,278 [grpc-default-executor-10] INFO  server.RaftServer$Division (RaftServerImpl.java:requestVote(1455)) - 0df1231c-9f8a-4757-a7d0-f6d7f53bc482@group-715EBF8096A7 replies to ELECTION vote request: b5a25cc1-46d3-4381-a194-bd68f4526f1c<-0df1231c-9f8a-4757-a7d0-f6d7f53bc482#0:OK-t8-last:(t:7, i:16). Peer's state: 0df1231c-9f8a-4757-a7d0-f6d7f53bc482@group-715EBF8096A7:t8, leader=null, voted=b5a25cc1-46d3-4381-a194-bd68f4526f1c, raftlog=Memoized:0df1231c-9f8a-4757-a7d0-f6d7f53bc482@group-715EBF8096A7-SegmentedRaftLog:OPENED:c16:last(t:7, i:16), conf=conf: {index: 15, cur=peers:[b5a25cc1-46d3-4381-a194-bd68f4526f1c|127.0.0.1:15031, 0df1231c-9f8a-4757-a7d0-f6d7f53bc482|127.0.0.1:15023, 8eb9963e-bce0-4155-aea2-e442cadff8bd|127.0.0.1:15015]|listeners:[], old=null}
2025-09-19 20:46:12,279 [b5a25cc1-46d3-4381-a194-bd68f4526f1c@group-715EBF8096A7-LeaderElection300] INFO  impl.LeaderElection (LeaderElection.java:logAndReturn(206)) - b5a25cc1-46d3-4381-a194-bd68f4526f1c@group-715EBF8096A7-LeaderElection300: ELECTION PASSED received 1 response(s) and 0 exception(s):
2025-09-19 20:46:12,279 [b5a25cc1-46d3-4381-a194-bd68f4526f1c@group-715EBF8096A7-LeaderElection300] INFO  impl.LeaderElection (LeaderElection.java:logAndReturn(210)) -   Response 0: b5a25cc1-46d3-4381-a194-bd68f4526f1c<-0df1231c-9f8a-4757-a7d0-f6d7f53bc482#0:OK-t8-last:(t:7, i:16)
2025-09-19 20:46:12,279 [b5a25cc1-46d3-4381-a194-bd68f4526f1c@group-715EBF8096A7-LeaderElection300] INFO  impl.LeaderElection (LeaderElection.java:askForVotes(450)) - b5a25cc1-46d3-4381-a194-bd68f4526f1c@group-715EBF8096A7-LeaderElection300 ELECTION round 0: result PASSED
2025-09-19 20:46:12,279 [b5a25cc1-46d3-4381-a194-bd68f4526f1c@group-715EBF8096A7-LeaderElection300] INFO  impl.RoleInfo (RoleInfo.java:shutdownLeaderElection(141)) - b5a25cc1-46d3-4381-a194-bd68f4526f1c: shutdown b5a25cc1-46d3-4381-a194-bd68f4526f1c@group-715EBF8096A7-LeaderElection300
2025-09-19 20:46:12,279 [b5a25cc1-46d3-4381-a194-bd68f4526f1c@group-715EBF8096A7-LeaderElection300] INFO  server.RaftServer$Division (RaftServerImpl.java:setRole(392)) - b5a25cc1-46d3-4381-a194-bd68f4526f1c@group-715EBF8096A7: changes role from CANDIDATE to LEADER at term 8 for changeToLeader
2025-09-19 20:46:12,279 [b5a25cc1-46d3-4381-a194-bd68f4526f1c@group-715EBF8096A7-LeaderElection300] INFO  server.RaftServerConfigKeys (ConfUtils.java:logFallback(69)) - raft.server.staging.timeout = 3600ms (fallback to raft.server.rpc.timeout.max)
2025-09-19 20:46:12,280 [b5a25cc1-46d3-4381-a194-bd68f4526f1c@group-715EBF8096A7-LeaderElection300] INFO  server.RaftServerConfigKeys (ConfUtils.java:logGet(62)) - raft.server.write.byte-limit = 1024 M (=1073741824) (custom)
2025-09-19 20:46:12,281 [b5a25cc1-46d3-4381-a194-bd68f4526f1c@group-715EBF8096A7-LeaderElection300] INFO  server.RaftServerConfigKeys (ConfUtils.java:logGet(62)) - raft.server.log.appender.buffer.byte-limit = 33554432 (custom)
2025-09-19 20:46:12,282 [grpc-default-executor-6] INFO  server.RaftServer$Division (RaftServerImpl.java:requestVote(1455)) - 8eb9963e-bce0-4155-aea2-e442cadff8bd@group-715EBF8096A7 replies to ELECTION vote request: b5a25cc1-46d3-4381-a194-bd68f4526f1c<-8eb9963e-bce0-4155-aea2-e442cadff8bd#0:OK-t8-last:(t:7, i:16). Peer's state: 8eb9963e-bce0-4155-aea2-e442cadff8bd@group-715EBF8096A7:t8, leader=null, voted=b5a25cc1-46d3-4381-a194-bd68f4526f1c, raftlog=Memoized:8eb9963e-bce0-4155-aea2-e442cadff8bd@group-715EBF8096A7-SegmentedRaftLog:OPENED:c16:last(t:7, i:16), conf=conf: {index: 15, cur=peers:[b5a25cc1-46d3-4381-a194-bd68f4526f1c|127.0.0.1:15031, 0df1231c-9f8a-4757-a7d0-f6d7f53bc482|127.0.0.1:15023, 8eb9963e-bce0-4155-aea2-e442cadff8bd|127.0.0.1:15015]|listeners:[], old=null}
2025-09-19 20:46:12,283 [b5a25cc1-46d3-4381-a194-bd68f4526f1c@group-715EBF8096A7-LeaderElection300] INFO  server.RaftServerConfigKeys (ConfUtils.java:logGet(62)) - raft.server.log.appender.buffer.byte-limit = 33554432 (custom)
2025-09-19 20:46:12,283 [b5a25cc1-46d3-4381-a194-bd68f4526f1c@group-715EBF8096A7-LeaderElection300] INFO  impl.RoleInfo (RoleInfo.java:updateAndGet(148)) - b5a25cc1-46d3-4381-a194-bd68f4526f1c: start b5a25cc1-46d3-4381-a194-bd68f4526f1c@group-715EBF8096A7-LeaderStateImpl
2025-09-19 20:46:12,283 [b5a25cc1-46d3-4381-a194-bd68f4526f1c@group-715EBF8096A7-LeaderElection300] INFO  server.RaftServer$Division (RaftServerImpl.java:setFirstElection(576)) - b5a25cc1-46d3-4381-a194-bd68f4526f1c@group-715EBF8096A7: set firstElectionSinceStartup to false for becomeLeader
2025-09-19 20:46:12,283 [0df1231c-9f8a-4757-a7d0-f6d7f53bc482@group-A751954341BD-SegmentedRaftLogWorker] INFO  segmented.SegmentedRaftLogWorker (SegmentedRaftLogWorker.java:execute(647)) - 0df1231c-9f8a-4757-a7d0-f6d7f53bc482@group-A751954341BD-SegmentedRaftLogWorker: created new log segment /home/runner/work/ozone/ozone/hadoop-ozone/integration-test/target/test-dir/MiniOzoneClusterImpl-990002c2-bb69-4aa2-bd68-28a5e13e86ef/ozone-metadata/datanode-2/ratis/e102d630-0766-4c9c-a6ac-a751954341bd/current/log_inprogress_25
2025-09-19 20:46:12,283 [b5a25cc1-46d3-4381-a194-bd68f4526f1c@group-715EBF8096A7-LeaderElection300] INFO  ratis.XceiverServerRatis (XceiverServerRatis.java:handleLeaderChangedNotification(942)) - Leader change notification received for group: group-715EBF8096A7 with new leaderId: b5a25cc1-46d3-4381-a194-bd68f4526f1c
2025-09-19 20:46:12,283 [b5a25cc1-46d3-4381-a194-bd68f4526f1c@group-715EBF8096A7-LeaderElection300] INFO  server.RaftServer$Division (ServerState.java:setLeader(272)) - b5a25cc1-46d3-4381-a194-bd68f4526f1c@group-715EBF8096A7: change Leader from null to b5a25cc1-46d3-4381-a194-bd68f4526f1c at term 8 for becomeLeader, leader elected after 1838ms
2025-09-19 20:46:12,283 [b5a25cc1-46d3-4381-a194-bd68f4526f1c@group-715EBF8096A7-LeaderElection300] INFO  segmented.SegmentedRaftLogWorker (SegmentedRaftLogWorker.java:rollLogSegment(445)) - b5a25cc1-46d3-4381-a194-bd68f4526f1c@group-715EBF8096A7-SegmentedRaftLogWorker: Rolling segment log-15_16 to index:16
2025-09-19 20:46:12,283 [b5a25cc1-46d3-4381-a194-bd68f4526f1c@group-715EBF8096A7-SegmentedRaftLogWorker] INFO  segmented.SegmentedRaftLogWorker (SegmentedRaftLogWorker.java:execute(604)) - b5a25cc1-46d3-4381-a194-bd68f4526f1c@group-715EBF8096A7-SegmentedRaftLogWorker: Rolled log segment from /home/runner/work/ozone/ozone/hadoop-ozone/integration-test/target/test-dir/MiniOzoneClusterImpl-990002c2-bb69-4aa2-bd68-28a5e13e86ef/ozone-metadata/datanode-3/ratis/958000d3-2396-49be-82e9-715ebf8096a7/current/log_inprogress_15 to /home/runner/work/ozone/ozone/hadoop-ozone/integration-test/target/test-dir/MiniOzoneClusterImpl-990002c2-bb69-4aa2-bd68-28a5e13e86ef/ozone-metadata/datanode-3/ratis/958000d3-2396-49be-82e9-715ebf8096a7/current/log_15-16
2025-09-19 20:46:12,284 [b5a25cc1-46d3-4381-a194-bd68f4526f1c@group-715EBF8096A7-LeaderElection300] INFO  server.RaftServer$Division (ServerState.java:setRaftConf(386)) - b5a25cc1-46d3-4381-a194-bd68f4526f1c@group-715EBF8096A7: set configuration conf: {index: 17, cur=peers:[b5a25cc1-46d3-4381-a194-bd68f4526f1c|127.0.0.1:15031, 0df1231c-9f8a-4757-a7d0-f6d7f53bc482|127.0.0.1:15023, 8eb9963e-bce0-4155-aea2-e442cadff8bd|127.0.0.1:15015]|listeners:[], old=null}
2025-09-19 20:46:12,284 [b5a25cc1-46d3-4381-a194-bd68f4526f1c@group-715EBF8096A7-SegmentedRaftLogWorker] INFO  segmented.BufferedWriteChannel (BufferedWriteChannel.java:open(61)) - open log_inprogress_17 at position 0
2025-09-19 20:46:12,284 [8eb9963e-bce0-4155-aea2-e442cadff8bd@group-A751954341BD-SegmentedRaftLogWorker] INFO  segmented.SegmentedRaftLogWorker (SegmentedRaftLogWorker.java:execute(647)) - 8eb9963e-bce0-4155-aea2-e442cadff8bd@group-A751954341BD-SegmentedRaftLogWorker: created new log segment /home/runner/work/ozone/ozone/hadoop-ozone/integration-test/target/test-dir/MiniOzoneClusterImpl-990002c2-bb69-4aa2-bd68-28a5e13e86ef/ozone-metadata/datanode-1/ratis/e102d630-0766-4c9c-a6ac-a751954341bd/current/log_inprogress_23
2025-09-19 20:46:12,286 [8eb9963e-bce0-4155-aea2-e442cadff8bd@group-A751954341BD-SegmentedRaftLogWorker] INFO  segmented.SegmentedRaftLogWorker (SegmentedRaftLogWorker.java:execute(604)) - 8eb9963e-bce0-4155-aea2-e442cadff8bd@group-A751954341BD-SegmentedRaftLogWorker: Rolled log segment from /home/runner/work/ozone/ozone/hadoop-ozone/integration-test/target/test-dir/MiniOzoneClusterImpl-990002c2-bb69-4aa2-bd68-28a5e13e86ef/ozone-metadata/datanode-1/ratis/e102d630-0766-4c9c-a6ac-a751954341bd/current/log_inprogress_23 to /home/runner/work/ozone/ozone/hadoop-ozone/integration-test/target/test-dir/MiniOzoneClusterImpl-990002c2-bb69-4aa2-bd68-28a5e13e86ef/ozone-metadata/datanode-1/ratis/e102d630-0766-4c9c-a6ac-a751954341bd/current/log_23-24
2025-09-19 20:46:12,286 [8eb9963e-bce0-4155-aea2-e442cadff8bd@group-A751954341BD-SegmentedRaftLogWorker] INFO  segmented.BufferedWriteChannel (BufferedWriteChannel.java:open(61)) - open log_inprogress_25 at position 0
2025-09-19 20:46:12,287 [grpc-default-executor-6] INFO  ratis.XceiverServerRatis (XceiverServerRatis.java:handleLeaderChangedNotification(942)) - Leader change notification received for group: group-715EBF8096A7 with new leaderId: b5a25cc1-46d3-4381-a194-bd68f4526f1c
2025-09-19 20:46:12,287 [grpc-default-executor-6] INFO  server.RaftServer$Division (ServerState.java:setLeader(272)) - 0df1231c-9f8a-4757-a7d0-f6d7f53bc482@group-715EBF8096A7: change Leader from null to b5a25cc1-46d3-4381-a194-bd68f4526f1c at term 8 for appendEntries, leader elected after 33687ms
2025-09-19 20:46:12,287 [grpc-default-executor-6] INFO  ratis.XceiverServerRatis (XceiverServerRatis.java:handleLeaderChangedNotification(942)) - Leader change notification received for group: group-715EBF8096A7 with new leaderId: b5a25cc1-46d3-4381-a194-bd68f4526f1c
2025-09-19 20:46:12,288 [grpc-default-executor-6] INFO  server.RaftServer$Division (ServerState.java:setLeader(272)) - 8eb9963e-bce0-4155-aea2-e442cadff8bd@group-715EBF8096A7: change Leader from null to b5a25cc1-46d3-4381-a194-bd68f4526f1c at term 8 for appendEntries, leader elected after 2075ms
2025-09-19 20:46:12,288 [grpc-default-executor-8] INFO  server.RaftServer$Division (ServerState.java:setRaftConf(386)) - 0df1231c-9f8a-4757-a7d0-f6d7f53bc482@group-715EBF8096A7: set configuration conf: {index: 17, cur=peers:[b5a25cc1-46d3-4381-a194-bd68f4526f1c|127.0.0.1:15031, 0df1231c-9f8a-4757-a7d0-f6d7f53bc482|127.0.0.1:15023, 8eb9963e-bce0-4155-aea2-e442cadff8bd|127.0.0.1:15015]|listeners:[], old=null}
2025-09-19 20:46:12,288 [grpc-default-executor-8] INFO  segmented.SegmentedRaftLogWorker (SegmentedRaftLogWorker.java:rollLogSegment(445)) - 0df1231c-9f8a-4757-a7d0-f6d7f53bc482@group-715EBF8096A7-SegmentedRaftLogWorker: Rolling segment log-15_16 to index:16
2025-09-19 20:46:12,289 [grpc-default-executor-7] INFO  server.RaftServer$Division (ServerState.java:setRaftConf(386)) - 8eb9963e-bce0-4155-aea2-e442cadff8bd@group-715EBF8096A7: set configuration conf: {index: 17, cur=peers:[b5a25cc1-46d3-4381-a194-bd68f4526f1c|127.0.0.1:15031, 0df1231c-9f8a-4757-a7d0-f6d7f53bc482|127.0.0.1:15023, 8eb9963e-bce0-4155-aea2-e442cadff8bd|127.0.0.1:15015]|listeners:[], old=null}
2025-09-19 20:46:12,289 [grpc-default-executor-7] INFO  segmented.SegmentedRaftLogWorker (SegmentedRaftLogWorker.java:rollLogSegment(445)) - 8eb9963e-bce0-4155-aea2-e442cadff8bd@group-715EBF8096A7-SegmentedRaftLogWorker: Rolling segment log-15_16 to index:16
2025-09-19 20:46:12,290 [8eb9963e-bce0-4155-aea2-e442cadff8bd@group-715EBF8096A7-SegmentedRaftLogWorker] INFO  segmented.SegmentedRaftLogWorker (SegmentedRaftLogWorker.java:execute(604)) - 8eb9963e-bce0-4155-aea2-e442cadff8bd@group-715EBF8096A7-SegmentedRaftLogWorker: Rolled log segment from /home/runner/work/ozone/ozone/hadoop-ozone/integration-test/target/test-dir/MiniOzoneClusterImpl-990002c2-bb69-4aa2-bd68-28a5e13e86ef/ozone-metadata/datanode-1/ratis/958000d3-2396-49be-82e9-715ebf8096a7/current/log_inprogress_15 to /home/runner/work/ozone/ozone/hadoop-ozone/integration-test/target/test-dir/MiniOzoneClusterImpl-990002c2-bb69-4aa2-bd68-28a5e13e86ef/ozone-metadata/datanode-1/ratis/958000d3-2396-49be-82e9-715ebf8096a7/current/log_15-16
2025-09-19 20:46:12,290 [8eb9963e-bce0-4155-aea2-e442cadff8bd@group-715EBF8096A7-SegmentedRaftLogWorker] INFO  segmented.BufferedWriteChannel (BufferedWriteChannel.java:open(61)) - open log_inprogress_17 at position 0
2025-09-19 20:46:12,291 [b5a25cc1-46d3-4381-a194-bd68f4526f1c@group-A751954341BD-StateMachineUpdater] INFO  server.RaftServer$Division (LeaderStateImpl.java:checkStartIndex(309)) - Leader b5a25cc1-46d3-4381-a194-bd68f4526f1c@group-A751954341BD-LeaderStateImpl is ready since appliedIndex == startIndex == 25
2025-09-19 20:46:12,291 [0df1231c-9f8a-4757-a7d0-f6d7f53bc482@group-715EBF8096A7-SegmentedRaftLogWorker] INFO  segmented.SegmentedRaftLogWorker (SegmentedRaftLogWorker.java:execute(604)) - 0df1231c-9f8a-4757-a7d0-f6d7f53bc482@group-715EBF8096A7-SegmentedRaftLogWorker: Rolled log segment from /home/runner/work/ozone/ozone/hadoop-ozone/integration-test/target/test-dir/MiniOzoneClusterImpl-990002c2-bb69-4aa2-bd68-28a5e13e86ef/ozone-metadata/datanode-2/ratis/958000d3-2396-49be-82e9-715ebf8096a7/current/log_inprogress_15 to /home/runner/work/ozone/ozone/hadoop-ozone/integration-test/target/test-dir/MiniOzoneClusterImpl-990002c2-bb69-4aa2-bd68-28a5e13e86ef/ozone-metadata/datanode-2/ratis/958000d3-2396-49be-82e9-715ebf8096a7/current/log_15-16
2025-09-19 20:46:12,291 [0df1231c-9f8a-4757-a7d0-f6d7f53bc482@group-715EBF8096A7-SegmentedRaftLogWorker] INFO  segmented.BufferedWriteChannel (BufferedWriteChannel.java:open(61)) - open log_inprogress_17 at position 0
2025-09-19 20:46:12,297 [b5a25cc1-46d3-4381-a194-bd68f4526f1c@group-715EBF8096A7-SegmentedRaftLogWorker] INFO  segmented.SegmentedRaftLogWorker (SegmentedRaftLogWorker.java:execute(647)) - b5a25cc1-46d3-4381-a194-bd68f4526f1c@group-715EBF8096A7-SegmentedRaftLogWorker: created new log segment /home/runner/work/ozone/ozone/hadoop-ozone/integration-test/target/test-dir/MiniOzoneClusterImpl-990002c2-bb69-4aa2-bd68-28a5e13e86ef/ozone-metadata/datanode-3/ratis/958000d3-2396-49be-82e9-715ebf8096a7/current/log_inprogress_17
2025-09-19 20:46:12,299 [8eb9963e-bce0-4155-aea2-e442cadff8bd@group-715EBF8096A7-SegmentedRaftLogWorker] INFO  segmented.SegmentedRaftLogWorker (SegmentedRaftLogWorker.java:execute(647)) - 8eb9963e-bce0-4155-aea2-e442cadff8bd@group-715EBF8096A7-SegmentedRaftLogWorker: created new log segment /home/runner/work/ozone/ozone/hadoop-ozone/integration-test/target/test-dir/MiniOzoneClusterImpl-990002c2-bb69-4aa2-bd68-28a5e13e86ef/ozone-metadata/datanode-1/ratis/958000d3-2396-49be-82e9-715ebf8096a7/current/log_inprogress_17
2025-09-19 20:46:12,299 [8eb9963e-bce0-4155-aea2-e442cadff8bd@group-A751954341BD-SegmentedRaftLogWorker] INFO  segmented.SegmentedRaftLogWorker (SegmentedRaftLogWorker.java:execute(647)) - 8eb9963e-bce0-4155-aea2-e442cadff8bd@group-A751954341BD-SegmentedRaftLogWorker: created new log segment /home/runner/work/ozone/ozone/hadoop-ozone/integration-test/target/test-dir/MiniOzoneClusterImpl-990002c2-bb69-4aa2-bd68-28a5e13e86ef/ozone-metadata/datanode-1/ratis/e102d630-0766-4c9c-a6ac-a751954341bd/current/log_inprogress_25
2025-09-19 20:46:12,301 [0df1231c-9f8a-4757-a7d0-f6d7f53bc482@group-715EBF8096A7-SegmentedRaftLogWorker] INFO  segmented.SegmentedRaftLogWorker (SegmentedRaftLogWorker.java:execute(647)) - 0df1231c-9f8a-4757-a7d0-f6d7f53bc482@group-715EBF8096A7-SegmentedRaftLogWorker: created new log segment /home/runner/work/ozone/ozone/hadoop-ozone/integration-test/target/test-dir/MiniOzoneClusterImpl-990002c2-bb69-4aa2-bd68-28a5e13e86ef/ozone-metadata/datanode-2/ratis/958000d3-2396-49be-82e9-715ebf8096a7/current/log_inprogress_17
2025-09-19 20:46:12,301 [b5a25cc1-46d3-4381-a194-bd68f4526f1c@group-715EBF8096A7-StateMachineUpdater] INFO  server.RaftServer$Division (LeaderStateImpl.java:checkStartIndex(309)) - Leader b5a25cc1-46d3-4381-a194-bd68f4526f1c@group-715EBF8096A7-LeaderStateImpl is ready since appliedIndex == startIndex == 17
2025-09-19 20:46:12,335 [b5a25cc1-46d3-4381-a194-bd68f4526f1c@group-88B5B3DD1307-FollowerState] INFO  impl.FollowerState (FollowerState.java:runImpl(161)) - b5a25cc1-46d3-4381-a194-bd68f4526f1c@group-88B5B3DD1307-FollowerState: change to CANDIDATE, lastRpcElapsedTime:1192752064ns, electionTimeout:1192ms
2025-09-19 20:46:12,335 [b5a25cc1-46d3-4381-a194-bd68f4526f1c@group-88B5B3DD1307-FollowerState] INFO  impl.RoleInfo (RoleInfo.java:shutdownFollowerState(121)) - b5a25cc1-46d3-4381-a194-bd68f4526f1c: shutdown b5a25cc1-46d3-4381-a194-bd68f4526f1c@group-88B5B3DD1307-FollowerState
2025-09-19 20:46:12,335 [b5a25cc1-46d3-4381-a194-bd68f4526f1c@group-88B5B3DD1307-FollowerState] INFO  server.RaftServer$Division (RaftServerImpl.java:setRole(392)) - b5a25cc1-46d3-4381-a194-bd68f4526f1c@group-88B5B3DD1307: changes role from  FOLLOWER to CANDIDATE at term 3 for changeToCandidate
2025-09-19 20:46:12,335 [b5a25cc1-46d3-4381-a194-bd68f4526f1c@group-88B5B3DD1307-FollowerState] INFO  impl.RoleInfo (RoleInfo.java:updateAndGet(148)) - b5a25cc1-46d3-4381-a194-bd68f4526f1c: start b5a25cc1-46d3-4381-a194-bd68f4526f1c@group-88B5B3DD1307-LeaderElection301
2025-09-19 20:46:12,336 [b5a25cc1-46d3-4381-a194-bd68f4526f1c@group-88B5B3DD1307-LeaderElection301] INFO  impl.LeaderElection (LeaderElection.java:askForVotes(448)) - b5a25cc1-46d3-4381-a194-bd68f4526f1c@group-88B5B3DD1307-LeaderElection301 PRE_VOTE round 0: submit vote requests at term 3 for conf: {index: 3, cur=peers:[b5a25cc1-46d3-4381-a194-bd68f4526f1c|127.0.0.1:15031]|listeners:[], old=null}
2025-09-19 20:46:12,336 [b5a25cc1-46d3-4381-a194-bd68f4526f1c@group-88B5B3DD1307-LeaderElection301] INFO  impl.LeaderElection (LeaderElection.java:askForVotes(450)) - b5a25cc1-46d3-4381-a194-bd68f4526f1c@group-88B5B3DD1307-LeaderElection301 PRE_VOTE round 0: result PASSED (term=3)
2025-09-19 20:46:12,337 [b5a25cc1-46d3-4381-a194-bd68f4526f1c@group-88B5B3DD1307-LeaderElection301] INFO  impl.LeaderElection (LeaderElection.java:askForVotes(448)) - b5a25cc1-46d3-4381-a194-bd68f4526f1c@group-88B5B3DD1307-LeaderElection301 ELECTION round 0: submit vote requests at term 4 for conf: {index: 3, cur=peers:[b5a25cc1-46d3-4381-a194-bd68f4526f1c|127.0.0.1:15031]|listeners:[], old=null}
2025-09-19 20:46:12,337 [b5a25cc1-46d3-4381-a194-bd68f4526f1c@group-88B5B3DD1307-LeaderElection301] INFO  impl.LeaderElection (LeaderElection.java:askForVotes(450)) - b5a25cc1-46d3-4381-a194-bd68f4526f1c@group-88B5B3DD1307-LeaderElection301 ELECTION round 0: result PASSED (term=4)
2025-09-19 20:46:12,337 [b5a25cc1-46d3-4381-a194-bd68f4526f1c@group-88B5B3DD1307-LeaderElection301] INFO  impl.RoleInfo (RoleInfo.java:shutdownLeaderElection(141)) - b5a25cc1-46d3-4381-a194-bd68f4526f1c: shutdown b5a25cc1-46d3-4381-a194-bd68f4526f1c@group-88B5B3DD1307-LeaderElection301
2025-09-19 20:46:12,337 [b5a25cc1-46d3-4381-a194-bd68f4526f1c@group-88B5B3DD1307-LeaderElection301] INFO  server.RaftServer$Division (RaftServerImpl.java:setRole(392)) - b5a25cc1-46d3-4381-a194-bd68f4526f1c@group-88B5B3DD1307: changes role from CANDIDATE to LEADER at term 4 for changeToLeader
2025-09-19 20:46:12,337 [b5a25cc1-46d3-4381-a194-bd68f4526f1c@group-88B5B3DD1307-LeaderElection301] INFO  server.RaftServerConfigKeys (ConfUtils.java:logFallback(69)) - raft.server.staging.timeout = 3600ms (fallback to raft.server.rpc.timeout.max)
2025-09-19 20:46:12,337 [b5a25cc1-46d3-4381-a194-bd68f4526f1c@group-88B5B3DD1307-LeaderElection301] INFO  server.RaftServerConfigKeys (ConfUtils.java:logGet(62)) - raft.server.write.byte-limit = 1024 M (=1073741824) (custom)
2025-09-19 20:46:12,338 [b5a25cc1-46d3-4381-a194-bd68f4526f1c@group-88B5B3DD1307-LeaderElection301] INFO  impl.RoleInfo (RoleInfo.java:updateAndGet(148)) - b5a25cc1-46d3-4381-a194-bd68f4526f1c: start b5a25cc1-46d3-4381-a194-bd68f4526f1c@group-88B5B3DD1307-LeaderStateImpl
2025-09-19 20:46:12,338 [b5a25cc1-46d3-4381-a194-bd68f4526f1c@group-88B5B3DD1307-LeaderElection301] INFO  server.RaftServer$Division (RaftServerImpl.java:setFirstElection(576)) - b5a25cc1-46d3-4381-a194-bd68f4526f1c@group-88B5B3DD1307: set firstElectionSinceStartup to false for becomeLeader
2025-09-19 20:46:12,338 [b5a25cc1-46d3-4381-a194-bd68f4526f1c@group-88B5B3DD1307-LeaderElection301] INFO  ratis.XceiverServerRatis (XceiverServerRatis.java:handleLeaderChangedNotification(942)) - Leader change notification received for group: group-88B5B3DD1307 with new leaderId: b5a25cc1-46d3-4381-a194-bd68f4526f1c
2025-09-19 20:46:12,338 [b5a25cc1-46d3-4381-a194-bd68f4526f1c@group-88B5B3DD1307-LeaderElection301] INFO  server.RaftServer$Division (ServerState.java:setLeader(272)) - b5a25cc1-46d3-4381-a194-bd68f4526f1c@group-88B5B3DD1307: change Leader from null to b5a25cc1-46d3-4381-a194-bd68f4526f1c at term 4 for becomeLeader, leader elected after 1901ms
2025-09-19 20:46:12,339 [b5a25cc1-46d3-4381-a194-bd68f4526f1c@group-88B5B3DD1307-LeaderElection301] INFO  segmented.SegmentedRaftLogWorker (SegmentedRaftLogWorker.java:rollLogSegment(445)) - b5a25cc1-46d3-4381-a194-bd68f4526f1c@group-88B5B3DD1307-SegmentedRaftLogWorker: Rolling segment log-3_4 to index:4
2025-09-19 20:46:12,339 [b5a25cc1-46d3-4381-a194-bd68f4526f1c@group-88B5B3DD1307-LeaderElection301] INFO  server.RaftServer$Division (ServerState.java:setRaftConf(386)) - b5a25cc1-46d3-4381-a194-bd68f4526f1c@group-88B5B3DD1307: set configuration conf: {index: 5, cur=peers:[b5a25cc1-46d3-4381-a194-bd68f4526f1c|127.0.0.1:15031]|listeners:[], old=null}
2025-09-19 20:46:12,339 [b5a25cc1-46d3-4381-a194-bd68f4526f1c@group-88B5B3DD1307-SegmentedRaftLogWorker] INFO  segmented.SegmentedRaftLogWorker (SegmentedRaftLogWorker.java:execute(604)) - b5a25cc1-46d3-4381-a194-bd68f4526f1c@group-88B5B3DD1307-SegmentedRaftLogWorker: Rolled log segment from /home/runner/work/ozone/ozone/hadoop-ozone/integration-test/target/test-dir/MiniOzoneClusterImpl-990002c2-bb69-4aa2-bd68-28a5e13e86ef/ozone-metadata/datanode-3/ratis/7b6acda8-b144-4fc3-891d-88b5b3dd1307/current/log_inprogress_3 to /home/runner/work/ozone/ozone/hadoop-ozone/integration-test/target/test-dir/MiniOzoneClusterImpl-990002c2-bb69-4aa2-bd68-28a5e13e86ef/ozone-metadata/datanode-3/ratis/7b6acda8-b144-4fc3-891d-88b5b3dd1307/current/log_3-4
2025-09-19 20:46:12,339 [b5a25cc1-46d3-4381-a194-bd68f4526f1c@group-88B5B3DD1307-SegmentedRaftLogWorker] INFO  segmented.BufferedWriteChannel (BufferedWriteChannel.java:open(61)) - open log_inprogress_5 at position 0
2025-09-19 20:46:12,345 [b5a25cc1-46d3-4381-a194-bd68f4526f1c@group-88B5B3DD1307-SegmentedRaftLogWorker] INFO  segmented.SegmentedRaftLogWorker (SegmentedRaftLogWorker.java:execute(647)) - b5a25cc1-46d3-4381-a194-bd68f4526f1c@group-88B5B3DD1307-SegmentedRaftLogWorker: created new log segment /home/runner/work/ozone/ozone/hadoop-ozone/integration-test/target/test-dir/MiniOzoneClusterImpl-990002c2-bb69-4aa2-bd68-28a5e13e86ef/ozone-metadata/datanode-3/ratis/7b6acda8-b144-4fc3-891d-88b5b3dd1307/current/log_inprogress_5
2025-09-19 20:46:12,346 [b5a25cc1-46d3-4381-a194-bd68f4526f1c@group-88B5B3DD1307-StateMachineUpdater] INFO  server.RaftServer$Division (LeaderStateImpl.java:checkStartIndex(309)) - Leader b5a25cc1-46d3-4381-a194-bd68f4526f1c@group-88B5B3DD1307-LeaderStateImpl is ready since appliedIndex == startIndex == 5
2025-09-19 20:46:13,502 [b5a25cc1-46d3-4381-a194-bd68f4526f1c@group-A751954341BD-LeaderStateImpl] INFO  impl.TransferLeadership (TransferLeadership.java:tryTransferLeadership(258)) - b5a25cc1-46d3-4381-a194-bd68f4526f1c@group-A751954341BD: start transferring leadership to 8eb9963e-bce0-4155-aea2-e442cadff8bd
2025-09-19 20:46:13,502 [b5a25cc1-46d3-4381-a194-bd68f4526f1c@group-A751954341BD-LeaderStateImpl] INFO  impl.TransferLeadership (TransferLeadership.java:sendStartLeaderElection(210)) - b5a25cc1-46d3-4381-a194-bd68f4526f1c@group-A751954341BD: sendStartLeaderElection to follower 8eb9963e-bce0-4155-aea2-e442cadff8bd, lastEntry=(t:5, i:26)
2025-09-19 20:46:13,502 [b5a25cc1-46d3-4381-a194-bd68f4526f1c@group-A751954341BD-LeaderStateImpl] INFO  impl.TransferLeadership (TransferLeadership.java:tryTransferLeadership(266)) - b5a25cc1-46d3-4381-a194-bd68f4526f1c@group-A751954341BD: SUCCESS sent StartLeaderElection to transferee 8eb9963e-bce0-4155-aea2-e442cadff8bd immediately as it already has up-to-date log
2025-09-19 20:46:13,503 [grpc-default-executor-5] INFO  impl.RoleInfo (RoleInfo.java:shutdownFollowerState(121)) - 8eb9963e-bce0-4155-aea2-e442cadff8bd: shutdown 8eb9963e-bce0-4155-aea2-e442cadff8bd@group-A751954341BD-FollowerState
2025-09-19 20:46:13,503 [grpc-default-executor-5] INFO  server.RaftServer$Division (RaftServerImpl.java:setRole(392)) - 8eb9963e-bce0-4155-aea2-e442cadff8bd@group-A751954341BD: changes role from  FOLLOWER to CANDIDATE at term 5 for changeToCandidate
2025-09-19 20:46:13,503 [8eb9963e-bce0-4155-aea2-e442cadff8bd@group-A751954341BD-FollowerState] INFO  impl.FollowerState (FollowerState.java:runImpl(170)) - 8eb9963e-bce0-4155-aea2-e442cadff8bd@group-A751954341BD-FollowerState was interrupted
2025-09-19 20:46:13,503 [grpc-default-executor-5] INFO  server.RaftServer$Division (ServerState.java:setLeader(272)) - 8eb9963e-bce0-4155-aea2-e442cadff8bd@group-A751954341BD: change Leader from b5a25cc1-46d3-4381-a194-bd68f4526f1c to null at term 5 for ELECTION
2025-09-19 20:46:13,504 [grpc-default-executor-5] INFO  impl.RoleInfo (RoleInfo.java:updateAndGet(148)) - 8eb9963e-bce0-4155-aea2-e442cadff8bd: start 8eb9963e-bce0-4155-aea2-e442cadff8bd@group-A751954341BD-LeaderElection302
2025-09-19 20:46:13,505 [8eb9963e-bce0-4155-aea2-e442cadff8bd@group-A751954341BD-LeaderElection302] INFO  impl.LeaderElection (LeaderElection.java:askForVotes(448)) - 8eb9963e-bce0-4155-aea2-e442cadff8bd@group-A751954341BD-LeaderElection302 ELECTION round 0: submit vote requests at term 6 for conf: {index: 25, cur=peers:[b5a25cc1-46d3-4381-a194-bd68f4526f1c|127.0.0.1:15031, 0df1231c-9f8a-4757-a7d0-f6d7f53bc482|127.0.0.1:15023, 8eb9963e-bce0-4155-aea2-e442cadff8bd|127.0.0.1:15015]|listeners:[], old=null}
2025-09-19 20:46:13,505 [b5a25cc1-46d3-4381-a194-bd68f4526f1c-server-thread1] INFO  impl.TransferLeadership (TransferLeadership.java:lambda$sendStartLeaderElection$2(224)) - b5a25cc1-46d3-4381-a194-bd68f4526f1c@group-A751954341BD: Received startLeaderElection reply from 8eb9963e-bce0-4155-aea2-e442cadff8bd: success? true
2025-09-19 20:46:13,505 [grpc-default-executor-5] INFO  server.RaftServer$Division (RaftServerImpl.java:requestVote(1421)) - b5a25cc1-46d3-4381-a194-bd68f4526f1c@group-A751954341BD: receive requestVote(ELECTION, 8eb9963e-bce0-4155-aea2-e442cadff8bd, group-A751954341BD, 6, (t:5, i:26))
2025-09-19 20:46:13,505 [grpc-default-executor-5] INFO  impl.VoteContext (VoteContext.java:log(49)) - b5a25cc1-46d3-4381-a194-bd68f4526f1c@group-A751954341BD-LEADER: accept ELECTION from 8eb9963e-bce0-4155-aea2-e442cadff8bd: our priority 0 <= candidate's priority 1
2025-09-19 20:46:13,505 [grpc-default-executor-5] INFO  server.RaftServer$Division (RaftServerImpl.java:setRole(392)) - b5a25cc1-46d3-4381-a194-bd68f4526f1c@group-A751954341BD: changes role from    LEADER to FOLLOWER at term 5 for candidate:8eb9963e-bce0-4155-aea2-e442cadff8bd
2025-09-19 20:46:13,505 [grpc-default-executor-5] INFO  impl.RoleInfo (RoleInfo.java:shutdownLeaderState(103)) - b5a25cc1-46d3-4381-a194-bd68f4526f1c: shutdown b5a25cc1-46d3-4381-a194-bd68f4526f1c@group-A751954341BD-LeaderStateImpl
2025-09-19 20:46:13,506 [grpc-default-executor-5] INFO  impl.PendingRequests (PendingRequests.java:sendNotLeaderResponses(287)) - b5a25cc1-46d3-4381-a194-bd68f4526f1c@group-A751954341BD-PendingRequests: sendNotLeaderResponses
2025-09-19 20:46:13,506 [grpc-default-executor-7] INFO  server.RaftServer$Division (RaftServerImpl.java:requestVote(1421)) - 0df1231c-9f8a-4757-a7d0-f6d7f53bc482@group-A751954341BD: receive requestVote(ELECTION, 8eb9963e-bce0-4155-aea2-e442cadff8bd, group-A751954341BD, 6, (t:5, i:26))
2025-09-19 20:46:13,506 [grpc-default-executor-7] INFO  impl.VoteContext (VoteContext.java:log(49)) - 0df1231c-9f8a-4757-a7d0-f6d7f53bc482@group-A751954341BD-FOLLOWER: accept ELECTION from 8eb9963e-bce0-4155-aea2-e442cadff8bd: our priority 0 <= candidate's priority 1
2025-09-19 20:46:13,506 [grpc-default-executor-7] INFO  server.RaftServer$Division (RaftServerImpl.java:setRole(392)) - 0df1231c-9f8a-4757-a7d0-f6d7f53bc482@group-A751954341BD: changes role from  FOLLOWER to FOLLOWER at term 5 for candidate:8eb9963e-bce0-4155-aea2-e442cadff8bd
2025-09-19 20:46:13,506 [grpc-default-executor-7] INFO  impl.RoleInfo (RoleInfo.java:shutdownFollowerState(121)) - 0df1231c-9f8a-4757-a7d0-f6d7f53bc482: shutdown 0df1231c-9f8a-4757-a7d0-f6d7f53bc482@group-A751954341BD-FollowerState
2025-09-19 20:46:13,506 [grpc-default-executor-7] INFO  server.RaftServer$Division (ServerState.java:setLeader(272)) - 0df1231c-9f8a-4757-a7d0-f6d7f53bc482@group-A751954341BD: change Leader from b5a25cc1-46d3-4381-a194-bd68f4526f1c to null at term 6 for updateCurrentTerm
2025-09-19 20:46:13,506 [grpc-default-executor-7] INFO  impl.RoleInfo (RoleInfo.java:updateAndGet(148)) - 0df1231c-9f8a-4757-a7d0-f6d7f53bc482: start 0df1231c-9f8a-4757-a7d0-f6d7f53bc482@group-A751954341BD-FollowerState
2025-09-19 20:46:13,506 [0df1231c-9f8a-4757-a7d0-f6d7f53bc482@group-A751954341BD-FollowerState] INFO  impl.FollowerState (FollowerState.java:runImpl(170)) - 0df1231c-9f8a-4757-a7d0-f6d7f53bc482@group-A751954341BD-FollowerState was interrupted
2025-09-19 20:46:13,506 [b5a25cc1-46d3-4381-a194-bd68f4526f1c@group-A751954341BD->0df1231c-9f8a-4757-a7d0-f6d7f53bc482-GrpcLogAppender-LogAppenderDaemon] WARN  server.GrpcLogAppender (GrpcLogAppender.java:mayWait(300)) - b5a25cc1-46d3-4381-a194-bd68f4526f1c@group-A751954341BD->0df1231c-9f8a-4757-a7d0-f6d7f53bc482-GrpcLogAppender: Wait interrupted by java.lang.InterruptedException
2025-09-19 20:46:13,506 [b5a25cc1-46d3-4381-a194-bd68f4526f1c@group-A751954341BD->8eb9963e-bce0-4155-aea2-e442cadff8bd-GrpcLogAppender-LogAppenderDaemon] WARN  server.GrpcLogAppender (GrpcLogAppender.java:mayWait(300)) - b5a25cc1-46d3-4381-a194-bd68f4526f1c@group-A751954341BD->8eb9963e-bce0-4155-aea2-e442cadff8bd-GrpcLogAppender: Wait interrupted by java.lang.InterruptedException
2025-09-19 20:46:13,507 [grpc-default-executor-5] INFO  server.RaftServer$Division (ServerState.java:setLeader(272)) - b5a25cc1-46d3-4381-a194-bd68f4526f1c@group-A751954341BD: change Leader from b5a25cc1-46d3-4381-a194-bd68f4526f1c to null at term 5 for candidate:8eb9963e-bce0-4155-aea2-e442cadff8bd
2025-09-19 20:46:13,507 [grpc-default-executor-8] INFO  server.GrpcServerProtocolService (GrpcServerProtocolService.java:lambda$onCompleted$6(171)) - 8eb9963e-bce0-4155-aea2-e442cadff8bd: Completed APPEND_ENTRIES, lastRequest: null 
2025-09-19 20:46:13,507 [grpc-default-executor-5] INFO  impl.RoleInfo (RoleInfo.java:updateAndGet(148)) - b5a25cc1-46d3-4381-a194-bd68f4526f1c: start b5a25cc1-46d3-4381-a194-bd68f4526f1c@group-A751954341BD-FollowerState
2025-09-19 20:46:13,507 [grpc-default-executor-10] INFO  server.GrpcServerProtocolService (GrpcServerProtocolService.java:lambda$onCompleted$6(171)) - 0df1231c-9f8a-4757-a7d0-f6d7f53bc482: Completed APPEND_ENTRIES, lastRequest: b5a25cc1-46d3-4381-a194-bd68f4526f1c->0df1231c-9f8a-4757-a7d0-f6d7f53bc482#2-t5,previous=(t:5, i:25),leaderCommit=25,initializing? false,entries: size=1, first=(t:5, i:26), METADATAENTRY(c:25) 
2025-09-19 20:46:13,507 [grpc-default-executor-8] INFO  server.GrpcServerProtocolService (GrpcServerProtocolService.java:lambda$null$7(175)) - 8eb9963e-bce0-4155-aea2-e442cadff8bd: Completed APPEND_ENTRIES, lastReply: serverReply {
  requestorId: "b5a25cc1-46d3-4381-a194-bd68f4526f1c"
  replyId: "8eb9963e-bce0-4155-aea2-e442cadff8bd"
  raftGroupId {
    id: "\341\002\3260\afL\234\246\254\247Q\225CA\275"
  }
  callId: 15
  success: true
}
term: 5
nextIndex: 27
followerCommit: 26
matchIndex: 18446744073709551615
isHearbeat: true
 
2025-09-19 20:46:13,507 [grpc-default-executor-10] INFO  server.GrpcServerProtocolService (GrpcServerProtocolService.java:lambda$null$7(175)) - 0df1231c-9f8a-4757-a7d0-f6d7f53bc482: Completed APPEND_ENTRIES, lastReply: null 
2025-09-19 20:46:13,508 [grpc-default-executor-8] INFO  server.GrpcLogAppender (GrpcLogAppender.java:onCompleted(558)) - b5a25cc1-46d3-4381-a194-bd68f4526f1c@group-A751954341BD->0df1231c-9f8a-4757-a7d0-f6d7f53bc482-AppendLogResponseHandler: follower responses appendEntries COMPLETED
2025-09-19 20:46:13,508 [grpc-default-executor-10] INFO  server.GrpcLogAppender (GrpcLogAppender.java:onCompleted(558)) - b5a25cc1-46d3-4381-a194-bd68f4526f1c@group-A751954341BD->0df1231c-9f8a-4757-a7d0-f6d7f53bc482-AppendLogResponseHandler: follower responses appendEntries COMPLETED
2025-09-19 20:46:13,508 [grpc-default-executor-2] INFO  server.GrpcLogAppender (GrpcLogAppender.java:onCompleted(558)) - b5a25cc1-46d3-4381-a194-bd68f4526f1c@group-A751954341BD->8eb9963e-bce0-4155-aea2-e442cadff8bd-AppendLogResponseHandler: follower responses appendEntries COMPLETED
2025-09-19 20:46:13,508 [grpc-default-executor-8] INFO  server.GrpcLogAppender (GrpcLogAppender.java:onCompleted(558)) - b5a25cc1-46d3-4381-a194-bd68f4526f1c@group-A751954341BD->8eb9963e-bce0-4155-aea2-e442cadff8bd-AppendLogResponseHandler: follower responses appendEntries COMPLETED
2025-09-19 20:46:13,509 [grpc-default-executor-7] INFO  server.RaftServer$Division (RaftServerImpl.java:requestVote(1455)) - 0df1231c-9f8a-4757-a7d0-f6d7f53bc482@group-A751954341BD replies to ELECTION vote request: 8eb9963e-bce0-4155-aea2-e442cadff8bd<-0df1231c-9f8a-4757-a7d0-f6d7f53bc482#0:OK-t6-last:(t:5, i:26). Peer's state: 0df1231c-9f8a-4757-a7d0-f6d7f53bc482@group-A751954341BD:t6, leader=null, voted=8eb9963e-bce0-4155-aea2-e442cadff8bd, raftlog=Memoized:0df1231c-9f8a-4757-a7d0-f6d7f53bc482@group-A751954341BD-SegmentedRaftLog:OPENED:c26:last(t:5, i:26), conf=conf: {index: 25, cur=peers:[b5a25cc1-46d3-4381-a194-bd68f4526f1c|127.0.0.1:15031, 0df1231c-9f8a-4757-a7d0-f6d7f53bc482|127.0.0.1:15023, 8eb9963e-bce0-4155-aea2-e442cadff8bd|127.0.0.1:15015]|listeners:[], old=null}
2025-09-19 20:46:13,509 [grpc-default-executor-5] INFO  server.RaftServer$Division (RaftServerImpl.java:requestVote(1455)) - b5a25cc1-46d3-4381-a194-bd68f4526f1c@group-A751954341BD replies to ELECTION vote request: 8eb9963e-bce0-4155-aea2-e442cadff8bd<-b5a25cc1-46d3-4381-a194-bd68f4526f1c#0:OK-t6-last:(t:5, i:26). Peer's state: b5a25cc1-46d3-4381-a194-bd68f4526f1c@group-A751954341BD:t6, leader=null, voted=8eb9963e-bce0-4155-aea2-e442cadff8bd, raftlog=Memoized:b5a25cc1-46d3-4381-a194-bd68f4526f1c@group-A751954341BD-SegmentedRaftLog:OPENED:c26:last(t:5, i:26), conf=conf: {index: 25, cur=peers:[b5a25cc1-46d3-4381-a194-bd68f4526f1c|127.0.0.1:15031, 0df1231c-9f8a-4757-a7d0-f6d7f53bc482|127.0.0.1:15023, 8eb9963e-bce0-4155-aea2-e442cadff8bd|127.0.0.1:15015]|listeners:[], old=null}
2025-09-19 20:46:13,509 [8eb9963e-bce0-4155-aea2-e442cadff8bd@group-A751954341BD-LeaderElection302] INFO  impl.LeaderElection (LeaderElection.java:logAndReturn(206)) - 8eb9963e-bce0-4155-aea2-e442cadff8bd@group-A751954341BD-LeaderElection302: ELECTION PASSED received 1 response(s) and 0 exception(s):
2025-09-19 20:46:13,509 [8eb9963e-bce0-4155-aea2-e442cadff8bd@group-A751954341BD-LeaderElection302] INFO  impl.LeaderElection (LeaderElection.java:logAndReturn(210)) -   Response 0: 8eb9963e-bce0-4155-aea2-e442cadff8bd<-0df1231c-9f8a-4757-a7d0-f6d7f53bc482#0:OK-t6-last:(t:5, i:26)
2025-09-19 20:46:13,509 [8eb9963e-bce0-4155-aea2-e442cadff8bd@group-A751954341BD-LeaderElection302] INFO  impl.LeaderElection (LeaderElection.java:askForVotes(450)) - 8eb9963e-bce0-4155-aea2-e442cadff8bd@group-A751954341BD-LeaderElection302 ELECTION round 0: result PASSED
2025-09-19 20:46:13,509 [8eb9963e-bce0-4155-aea2-e442cadff8bd@group-A751954341BD-LeaderElection302] INFO  impl.RoleInfo (RoleInfo.java:shutdownLeaderElection(141)) - 8eb9963e-bce0-4155-aea2-e442cadff8bd: shutdown 8eb9963e-bce0-4155-aea2-e442cadff8bd@group-A751954341BD-LeaderElection302
2025-09-19 20:46:13,509 [8eb9963e-bce0-4155-aea2-e442cadff8bd@group-A751954341BD-LeaderElection302] INFO  server.RaftServer$Division (RaftServerImpl.java:setRole(392)) - 8eb9963e-bce0-4155-aea2-e442cadff8bd@group-A751954341BD: changes role from CANDIDATE to LEADER at term 6 for changeToLeader
2025-09-19 20:46:13,509 [8eb9963e-bce0-4155-aea2-e442cadff8bd@group-A751954341BD-LeaderElection302] INFO  server.RaftServerConfigKeys (ConfUtils.java:logFallback(69)) - raft.server.staging.timeout = 3600ms (fallback to raft.server.rpc.timeout.max)
2025-09-19 20:46:13,510 [8eb9963e-bce0-4155-aea2-e442cadff8bd@group-A751954341BD-LeaderElection302] INFO  server.RaftServerConfigKeys (ConfUtils.java:logGet(62)) - raft.server.write.byte-limit = 1024 M (=1073741824) (custom)
2025-09-19 20:46:13,511 [8eb9963e-bce0-4155-aea2-e442cadff8bd@group-A751954341BD-LeaderElection302] INFO  server.RaftServerConfigKeys (ConfUtils.java:logGet(62)) - raft.server.log.appender.buffer.byte-limit = 33554432 (custom)
2025-09-19 20:46:13,512 [8eb9963e-bce0-4155-aea2-e442cadff8bd@group-A751954341BD-LeaderElection302] INFO  server.RaftServerConfigKeys (ConfUtils.java:logGet(62)) - raft.server.log.appender.buffer.byte-limit = 33554432 (custom)
2025-09-19 20:46:13,512 [8eb9963e-bce0-4155-aea2-e442cadff8bd@group-A751954341BD-LeaderElection302] INFO  impl.RoleInfo (RoleInfo.java:updateAndGet(148)) - 8eb9963e-bce0-4155-aea2-e442cadff8bd: start 8eb9963e-bce0-4155-aea2-e442cadff8bd@group-A751954341BD-LeaderStateImpl
2025-09-19 20:46:13,512 [8eb9963e-bce0-4155-aea2-e442cadff8bd@group-A751954341BD-LeaderElection302] INFO  ratis.XceiverServerRatis (XceiverServerRatis.java:handleLeaderChangedNotification(942)) - Leader change notification received for group: group-A751954341BD with new leaderId: 8eb9963e-bce0-4155-aea2-e442cadff8bd
2025-09-19 20:46:13,512 [8eb9963e-bce0-4155-aea2-e442cadff8bd@group-A751954341BD-LeaderElection302] INFO  server.RaftServer$Division (ServerState.java:setLeader(272)) - 8eb9963e-bce0-4155-aea2-e442cadff8bd@group-A751954341BD: change Leader from null to 8eb9963e-bce0-4155-aea2-e442cadff8bd at term 6 for becomeLeader, leader elected after 8ms
2025-09-19 20:46:13,512 [8eb9963e-bce0-4155-aea2-e442cadff8bd@group-A751954341BD-LeaderElection302] INFO  segmented.SegmentedRaftLogWorker (SegmentedRaftLogWorker.java:rollLogSegment(445)) - 8eb9963e-bce0-4155-aea2-e442cadff8bd@group-A751954341BD-SegmentedRaftLogWorker: Rolling segment log-25_26 to index:26
2025-09-19 20:46:13,513 [8eb9963e-bce0-4155-aea2-e442cadff8bd@group-A751954341BD-LeaderElection302] INFO  server.RaftServer$Division (ServerState.java:setRaftConf(386)) - 8eb9963e-bce0-4155-aea2-e442cadff8bd@group-A751954341BD: set configuration conf: {index: 27, cur=peers:[b5a25cc1-46d3-4381-a194-bd68f4526f1c|127.0.0.1:15031, 0df1231c-9f8a-4757-a7d0-f6d7f53bc482|127.0.0.1:15023, 8eb9963e-bce0-4155-aea2-e442cadff8bd|127.0.0.1:15015]|listeners:[], old=null}
2025-09-19 20:46:13,514 [8eb9963e-bce0-4155-aea2-e442cadff8bd@group-A751954341BD-SegmentedRaftLogWorker] INFO  segmented.SegmentedRaftLogWorker (SegmentedRaftLogWorker.java:execute(604)) - 8eb9963e-bce0-4155-aea2-e442cadff8bd@group-A751954341BD-SegmentedRaftLogWorker: Rolled log segment from /home/runner/work/ozone/ozone/hadoop-ozone/integration-test/target/test-dir/MiniOzoneClusterImpl-990002c2-bb69-4aa2-bd68-28a5e13e86ef/ozone-metadata/datanode-1/ratis/e102d630-0766-4c9c-a6ac-a751954341bd/current/log_inprogress_25 to /home/runner/work/ozone/ozone/hadoop-ozone/integration-test/target/test-dir/MiniOzoneClusterImpl-990002c2-bb69-4aa2-bd68-28a5e13e86ef/ozone-metadata/datanode-1/ratis/e102d630-0766-4c9c-a6ac-a751954341bd/current/log_25-26
2025-09-19 20:46:13,514 [8eb9963e-bce0-4155-aea2-e442cadff8bd@group-A751954341BD-SegmentedRaftLogWorker] INFO  segmented.BufferedWriteChannel (BufferedWriteChannel.java:open(61)) - open log_inprogress_27 at position 0
2025-09-19 20:46:13,515 [grpc-default-executor-8] INFO  ratis.XceiverServerRatis (XceiverServerRatis.java:handleLeaderChangedNotification(942)) - Leader change notification received for group: group-A751954341BD with new leaderId: 8eb9963e-bce0-4155-aea2-e442cadff8bd
2025-09-19 20:46:13,515 [grpc-default-executor-8] INFO  server.RaftServer$Division (ServerState.java:setLeader(272)) - 0df1231c-9f8a-4757-a7d0-f6d7f53bc482@group-A751954341BD: change Leader from null to 8eb9963e-bce0-4155-aea2-e442cadff8bd at term 6 for appendEntries, leader elected after 9ms
2025-09-19 20:46:13,516 [grpc-default-executor-8] INFO  server.RaftServer$Division (ServerState.java:setRaftConf(386)) - 0df1231c-9f8a-4757-a7d0-f6d7f53bc482@group-A751954341BD: set configuration conf: {index: 27, cur=peers:[b5a25cc1-46d3-4381-a194-bd68f4526f1c|127.0.0.1:15031, 0df1231c-9f8a-4757-a7d0-f6d7f53bc482|127.0.0.1:15023, 8eb9963e-bce0-4155-aea2-e442cadff8bd|127.0.0.1:15015]|listeners:[], old=null}
2025-09-19 20:46:13,517 [grpc-default-executor-7] INFO  ratis.XceiverServerRatis (XceiverServerRatis.java:handleLeaderChangedNotification(942)) - Leader change notification received for group: group-A751954341BD with new leaderId: 8eb9963e-bce0-4155-aea2-e442cadff8bd
2025-09-19 20:46:13,517 [grpc-default-executor-7] INFO  server.RaftServer$Division (ServerState.java:setLeader(272)) - b5a25cc1-46d3-4381-a194-bd68f4526f1c@group-A751954341BD: change Leader from null to 8eb9963e-bce0-4155-aea2-e442cadff8bd at term 6 for appendEntries, leader elected after 10ms
2025-09-19 20:46:13,517 [grpc-default-executor-8] INFO  segmented.SegmentedRaftLogWorker (SegmentedRaftLogWorker.java:rollLogSegment(445)) - 0df1231c-9f8a-4757-a7d0-f6d7f53bc482@group-A751954341BD-SegmentedRaftLogWorker: Rolling segment log-25_26 to index:26
2025-09-19 20:46:13,518 [grpc-default-executor-7] INFO  server.RaftServer$Division (ServerState.java:setRaftConf(386)) - b5a25cc1-46d3-4381-a194-bd68f4526f1c@group-A751954341BD: set configuration conf: {index: 27, cur=peers:[b5a25cc1-46d3-4381-a194-bd68f4526f1c|127.0.0.1:15031, 0df1231c-9f8a-4757-a7d0-f6d7f53bc482|127.0.0.1:15023, 8eb9963e-bce0-4155-aea2-e442cadff8bd|127.0.0.1:15015]|listeners:[], old=null}
2025-09-19 20:46:13,518 [grpc-default-executor-7] INFO  segmented.SegmentedRaftLogWorker (SegmentedRaftLogWorker.java:rollLogSegment(445)) - b5a25cc1-46d3-4381-a194-bd68f4526f1c@group-A751954341BD-SegmentedRaftLogWorker: Rolling segment log-25_26 to index:26
2025-09-19 20:46:13,518 [0df1231c-9f8a-4757-a7d0-f6d7f53bc482@group-A751954341BD-SegmentedRaftLogWorker] INFO  segmented.SegmentedRaftLogWorker (SegmentedRaftLogWorker.java:execute(604)) - 0df1231c-9f8a-4757-a7d0-f6d7f53bc482@group-A751954341BD-SegmentedRaftLogWorker: Rolled log segment from /home/runner/work/ozone/ozone/hadoop-ozone/integration-test/target/test-dir/MiniOzoneClusterImpl-990002c2-bb69-4aa2-bd68-28a5e13e86ef/ozone-metadata/datanode-2/ratis/e102d630-0766-4c9c-a6ac-a751954341bd/current/log_inprogress_25 to /home/runner/work/ozone/ozone/hadoop-ozone/integration-test/target/test-dir/MiniOzoneClusterImpl-990002c2-bb69-4aa2-bd68-28a5e13e86ef/ozone-metadata/datanode-2/ratis/e102d630-0766-4c9c-a6ac-a751954341bd/current/log_25-26
2025-09-19 20:46:13,518 [0df1231c-9f8a-4757-a7d0-f6d7f53bc482@group-A751954341BD-SegmentedRaftLogWorker] INFO  segmented.BufferedWriteChannel (BufferedWriteChannel.java:open(61)) - open log_inprogress_27 at position 0
2025-09-19 20:46:13,519 [b5a25cc1-46d3-4381-a194-bd68f4526f1c@group-A751954341BD-SegmentedRaftLogWorker] INFO  segmented.SegmentedRaftLogWorker (SegmentedRaftLogWorker.java:execute(604)) - b5a25cc1-46d3-4381-a194-bd68f4526f1c@group-A751954341BD-SegmentedRaftLogWorker: Rolled log segment from /home/runner/work/ozone/ozone/hadoop-ozone/integration-test/target/test-dir/MiniOzoneClusterImpl-990002c2-bb69-4aa2-bd68-28a5e13e86ef/ozone-metadata/datanode-3/ratis/e102d630-0766-4c9c-a6ac-a751954341bd/current/log_inprogress_25 to /home/runner/work/ozone/ozone/hadoop-ozone/integration-test/target/test-dir/MiniOzoneClusterImpl-990002c2-bb69-4aa2-bd68-28a5e13e86ef/ozone-metadata/datanode-3/ratis/e102d630-0766-4c9c-a6ac-a751954341bd/current/log_25-26
2025-09-19 20:46:13,519 [b5a25cc1-46d3-4381-a194-bd68f4526f1c@group-A751954341BD-SegmentedRaftLogWorker] INFO  segmented.BufferedWriteChannel (BufferedWriteChannel.java:open(61)) - open log_inprogress_27 at position 0
2025-09-19 20:46:13,521 [8eb9963e-bce0-4155-aea2-e442cadff8bd@group-A751954341BD-SegmentedRaftLogWorker] INFO  segmented.SegmentedRaftLogWorker (SegmentedRaftLogWorker.java:execute(647)) - 8eb9963e-bce0-4155-aea2-e442cadff8bd@group-A751954341BD-SegmentedRaftLogWorker: created new log segment /home/runner/work/ozone/ozone/hadoop-ozone/integration-test/target/test-dir/MiniOzoneClusterImpl-990002c2-bb69-4aa2-bd68-28a5e13e86ef/ozone-metadata/datanode-1/ratis/e102d630-0766-4c9c-a6ac-a751954341bd/current/log_inprogress_27
2025-09-19 20:46:13,524 [0df1231c-9f8a-4757-a7d0-f6d7f53bc482@group-A751954341BD-SegmentedRaftLogWorker] INFO  segmented.SegmentedRaftLogWorker (SegmentedRaftLogWorker.java:execute(647)) - 0df1231c-9f8a-4757-a7d0-f6d7f53bc482@group-A751954341BD-SegmentedRaftLogWorker: created new log segment /home/runner/work/ozone/ozone/hadoop-ozone/integration-test/target/test-dir/MiniOzoneClusterImpl-990002c2-bb69-4aa2-bd68-28a5e13e86ef/ozone-metadata/datanode-2/ratis/e102d630-0766-4c9c-a6ac-a751954341bd/current/log_inprogress_27
2025-09-19 20:46:13,525 [b5a25cc1-46d3-4381-a194-bd68f4526f1c@group-A751954341BD-SegmentedRaftLogWorker] INFO  segmented.SegmentedRaftLogWorker (SegmentedRaftLogWorker.java:execute(647)) - b5a25cc1-46d3-4381-a194-bd68f4526f1c@group-A751954341BD-SegmentedRaftLogWorker: created new log segment /home/runner/work/ozone/ozone/hadoop-ozone/integration-test/target/test-dir/MiniOzoneClusterImpl-990002c2-bb69-4aa2-bd68-28a5e13e86ef/ozone-metadata/datanode-3/ratis/e102d630-0766-4c9c-a6ac-a751954341bd/current/log_inprogress_27
2025-09-19 20:46:13,527 [8eb9963e-bce0-4155-aea2-e442cadff8bd@group-A751954341BD-StateMachineUpdater] INFO  server.RaftServer$Division (LeaderStateImpl.java:checkStartIndex(309)) - Leader 8eb9963e-bce0-4155-aea2-e442cadff8bd@group-A751954341BD-LeaderStateImpl is ready since appliedIndex == startIndex == 27
2025-09-19 20:46:13,652 [ForkJoinPool-1-worker-1] INFO  utils.DatanodeStoreCache (DatanodeStoreCache.java:shutdownCache(110)) - Skip clearing cache in mini cluster mode. Entries left: [/home/runner/work/ozone/ozone/hadoop-ozone/integration-test/target/test-dir/MiniOzoneClusterImpl-990002c2-bb69-4aa2-bd68-28a5e13e86ef/ozone-metadata/datanode-1/data-0/hdds/990002c2-bb69-4aa2-bd68-28a5e13e86ef/DS-3d966188-6e8b-4280-af48-36487f3106d4/container.db, /home/runner/work/ozone/ozone/hadoop-ozone/integration-test/target/test-dir/MiniOzoneClusterImpl-990002c2-bb69-4aa2-bd68-28a5e13e86ef/ozone-metadata/datanode-10/data-0/hdds/990002c2-bb69-4aa2-bd68-28a5e13e86ef/DS-d4d59647-a844-454f-9bbf-1ae447f964d1/container.db, /home/runner/work/ozone/ozone/hadoop-ozone/integration-test/target/test-dir/MiniOzoneClusterImpl-990002c2-bb69-4aa2-bd68-28a5e13e86ef/ozone-metadata/datanode-2/data-0/hdds/990002c2-bb69-4aa2-bd68-28a5e13e86ef/DS-69ac7518-6ece-4e77-96c1-96814a10e0cf/container.db, /home/runner/work/ozone/ozone/hadoop-ozone/integration-test/target/test-dir/MiniOzoneClusterImpl-990002c2-bb69-4aa2-bd68-28a5e13e86ef/ozone-metadata/datanode-3/data-0/hdds/990002c2-bb69-4aa2-bd68-28a5e13e86ef/DS-00f21907-a1b3-4a4a-aa5e-0adcb3313994/container.db, /home/runner/work/ozone/ozone/hadoop-ozone/integration-test/target/test-dir/MiniOzoneClusterImpl-990002c2-bb69-4aa2-bd68-28a5e13e86ef/ozone-metadata/datanode-4/data-0/hdds/990002c2-bb69-4aa2-bd68-28a5e13e86ef/DS-4e6824a3-16c7-4668-a829-65a4da2b6cb0/container.db, /home/runner/work/ozone/ozone/hadoop-ozone/integration-test/target/test-dir/MiniOzoneClusterImpl-990002c2-bb69-4aa2-bd68-28a5e13e86ef/ozone-metadata/datanode-5/data-0/hdds/990002c2-bb69-4aa2-bd68-28a5e13e86ef/DS-d330c7e4-7b2b-43d4-9af2-9f8fb582114f/container.db, /home/runner/work/ozone/ozone/hadoop-ozone/integration-test/target/test-dir/MiniOzoneClusterImpl-990002c2-bb69-4aa2-bd68-28a5e13e86ef/ozone-metadata/datanode-6/data-0/hdds/990002c2-bb69-4aa2-bd68-28a5e13e86ef/DS-fe8e0949-2f72-432b-82c6-cef628e0820f/container.db, /home/runner/work/ozone/ozone/hadoop-ozone/integration-test/target/test-dir/MiniOzoneClusterImpl-990002c2-bb69-4aa2-bd68-28a5e13e86ef/ozone-metadata/datanode-7/data-0/hdds/990002c2-bb69-4aa2-bd68-28a5e13e86ef/DS-7ca139a3-566d-4995-b9a1-d589e874febb/container.db, /home/runner/work/ozone/ozone/hadoop-ozone/integration-test/target/test-dir/MiniOzoneClusterImpl-990002c2-bb69-4aa2-bd68-28a5e13e86ef/ozone-metadata/datanode-8/data-0/hdds/990002c2-bb69-4aa2-bd68-28a5e13e86ef/DS-84e4acea-b2ce-4814-9959-95aa0a15992b/container.db, /home/runner/work/ozone/ozone/hadoop-ozone/integration-test/target/test-dir/MiniOzoneClusterImpl-990002c2-bb69-4aa2-bd68-28a5e13e86ef/ozone-metadata/datanode-9/data-0/hdds/990002c2-bb69-4aa2-bd68-28a5e13e86ef/DS-36ad5d1b-b97e-4995-8da6-aae7ff692fd5/container.db]
2025-09-19 20:46:13,653 [ForkJoinPool-1-worker-1] INFO  utils.DatanodeStoreCache (DatanodeStoreCache.java:removeDB(104)) - Removed db /home/runner/work/ozone/ozone/hadoop-ozone/integration-test/target/test-dir/MiniOzoneClusterImpl-990002c2-bb69-4aa2-bd68-28a5e13e86ef/ozone-metadata/datanode-5/data-0/hdds/990002c2-bb69-4aa2-bd68-28a5e13e86ef/DS-d330c7e4-7b2b-43d4-9af2-9f8fb582114f/container.db from cache
2025-09-19 20:46:13,654 [ForkJoinPool-1-worker-1] INFO  volume.HddsVolume (HddsVolume.java:closeDbStore(609)) - SchemaV3 db is stopped at /home/runner/work/ozone/ozone/hadoop-ozone/integration-test/target/test-dir/MiniOzoneClusterImpl-990002c2-bb69-4aa2-bd68-28a5e13e86ef/ozone-metadata/datanode-5/data-0/hdds/990002c2-bb69-4aa2-bd68-28a5e13e86ef/DS-d330c7e4-7b2b-43d4-9af2-9f8fb582114f/container.db for volume DS-d330c7e4-7b2b-43d4-9af2-9f8fb582114f
2025-09-19 20:46:13,654 [ForkJoinPool-1-worker-1] INFO  utils.BackgroundService (BackgroundService.java:shutdown(195)) - Shutting down service BlockDeletingService
2025-09-19 20:46:13,655 [ForkJoinPool-1-worker-1] INFO  utils.BackgroundService (BackgroundService.java:shutdown(195)) - Shutting down service StaleRecoveringContainerScrubbingService
2025-09-19 20:46:13,656 [ForkJoinPool-1-worker-1] INFO  statemachine.DatanodeStateMachine (DatanodeStateMachine.java:stopDaemon(654)) - Ozone container server stopped.
2025-09-19 20:46:13,670 [ForkJoinPool-1-worker-1] INFO  handler.ContextHandler (ContextHandler.java:doStop(1159)) - Stopped o.e.j.w.WebAppContext@47bad9ed{hddsDatanode,/,null,STOPPED}{jar:file:/home/runner/work/ozone/ozone/hadoop-hdds/container-service/target/hdds-container-service-2.1.0-SNAPSHOT.jar!/webapps/hddsDatanode}
2025-09-19 20:46:13,671 [ForkJoinPool-1-worker-1] INFO  server.AbstractConnector (AbstractConnector.java:doStop(383)) - Stopped ServerConnector@3299f9fb{HTTP/1.1, (http/1.1)}{0.0.0.0:15042}
2025-09-19 20:46:13,671 [ForkJoinPool-1-worker-1] INFO  server.session (HouseKeeper.java:stopScavenging(149)) - node0 Stopped scavenging
2025-09-19 20:46:13,671 [ForkJoinPool-1-worker-1] INFO  handler.ContextHandler (ContextHandler.java:doStop(1159)) - Stopped o.e.j.s.ServletContextHandler@3aec9ba{static,/static,jar:file:/home/runner/work/ozone/ozone/hadoop-hdds/container-service/target/hdds-container-service-2.1.0-SNAPSHOT.jar!/webapps/static,STOPPED}
2025-09-19 20:46:13,671 [ForkJoinPool-1-worker-1] INFO  handler.ContextHandler (ContextHandler.java:doStop(1159)) - Stopped o.e.j.s.ServletContextHandler@5b2ccbd6{logs,/logs,file:///home/runner/work/ozone/ozone/hadoop-ozone/integration-test/target/log,STOPPED}
2025-09-19 20:46:13,672 [ForkJoinPool-1-worker-1] INFO  ozone.HddsDatanodeClientProtocolServer (HddsDatanodeClientProtocolServer.java:stop(82)) - Stopping the RPC server for Client Protocol
2025-09-19 20:46:13,672 [ForkJoinPool-1-worker-1] INFO  ipc.Server (Server.java:stop(3697)) - Stopping server on 15043
2025-09-19 20:46:13,673 [IPC Server listener on 15043] INFO  ipc.Server (Server.java:run(1585)) - Stopping IPC Server listener on 15043
2025-09-19 20:46:13,673 [IPC Server Responder] INFO  ipc.Server (Server.java:run(1718)) - Stopping IPC Server Responder
2025-09-19 20:46:13,679 [grpc-default-executor-8] WARN  server.GrpcLogAppender (GrpcLogAppender.java:lambda$resetClient$1(228)) - c834ff67-8e28-4894-9cd1-7316b4e587ce@group-9CA395F3C3E7->417c597c-13cf-4e34-be96-1680b82aa276-GrpcLogAppender: Follower failed (request=null, errorCount=17); keep nextIndex (6) unchanged and retry.
2025-09-19 20:46:13,682 [grpc-default-executor-8] WARN  server.GrpcLogAppender (GrpcLogAppender.java:lambda$resetClient$1(228)) - c834ff67-8e28-4894-9cd1-7316b4e587ce@group-9CA395F3C3E7->417c597c-13cf-4e34-be96-1680b82aa276-GrpcLogAppender: Follower failed (request=null, errorCount=19); keep nextIndex (7) unchanged and retry.
2025-09-19 20:46:13,687 [grpc-default-executor-8] WARN  server.GrpcLogAppender (GrpcLogAppender.java:lambda$resetClient$1(228)) - c834ff67-8e28-4894-9cd1-7316b4e587ce@group-9CA395F3C3E7->417c597c-13cf-4e34-be96-1680b82aa276-GrpcLogAppender: Follower failed (request=null, errorCount=21); keep nextIndex (9) unchanged and retry.
2025-09-19 20:46:13,689 [grpc-default-executor-10] WARN  server.GrpcLogAppender (GrpcLogAppender.java:lambda$resetClient$1(228)) - c834ff67-8e28-4894-9cd1-7316b4e587ce@group-9CA395F3C3E7->417c597c-13cf-4e34-be96-1680b82aa276-GrpcLogAppender: Follower failed (request=null, errorCount=23); keep nextIndex (12) unchanged and retry.
2025-09-19 20:46:13,693 [grpc-default-executor-5] WARN  server.GrpcLogAppender (GrpcLogAppender.java:lambda$resetClient$1(228)) - c834ff67-8e28-4894-9cd1-7316b4e587ce@group-9CA395F3C3E7->417c597c-13cf-4e34-be96-1680b82aa276-GrpcLogAppender: Follower failed (request=null, errorCount=25); keep nextIndex (13) unchanged and retry.
2025-09-19 20:46:13,695 [grpc-default-executor-7] WARN  server.GrpcLogAppender (GrpcLogAppender.java:lambda$resetClient$1(228)) - c834ff67-8e28-4894-9cd1-7316b4e587ce@group-9CA395F3C3E7->417c597c-13cf-4e34-be96-1680b82aa276-GrpcLogAppender: Follower failed (request=null, errorCount=27); keep nextIndex (14) unchanged and retry.
]]></system-out>
  </testcase>
  <testcase name="testDatanodeExclusionWithMajorityCommit(ReplicationLevel)[2]" classname="org.apache.hadoop.ozone.client.rpc.TestFailureHandlingByClient" time="5.439">
    <failure message="&#10;Expecting HashSet:&#10;  []&#10;to contain:&#10;  [417c597c-13cf-4e34-be96-1680b82aa276(localhost/127.0.0.1)]&#10;but could not find the following element(s):&#10;  [417c597c-13cf-4e34-be96-1680b82aa276(localhost/127.0.0.1)]&#10;" type="java.lang.AssertionError"><![CDATA[java.lang.AssertionError: 

Expecting HashSet:
  []
to contain:
  [417c597c-13cf-4e34-be96-1680b82aa276(localhost/127.0.0.1)]
but could not find the following element(s):
  [417c597c-13cf-4e34-be96-1680b82aa276(localhost/127.0.0.1)]

	at org.apache.hadoop.ozone.client.rpc.TestFailureHandlingByClient.testDatanodeExclusionWithMajorityCommit(TestFailureHandlingByClient.java:471)
	at java.base/java.lang.reflect.Method.invoke(Method.java:580)
	at java.base/java.util.Optional.ifPresent(Optional.java:178)
	at java.base/java.util.stream.ForEachOps$ForEachOp$OfRef.accept(ForEachOps.java:184)
	at java.base/java.util.stream.ReferencePipeline$3$1.accept(ReferencePipeline.java:197)
	at java.base/java.util.stream.ForEachOps$ForEachOp$OfRef.accept(ForEachOps.java:184)
	at java.base/java.util.stream.ForEachOps$ForEachOp$OfRef.accept(ForEachOps.java:184)
	at java.base/java.util.stream.ReferencePipeline$3$1.accept(ReferencePipeline.java:197)
	at java.base/java.util.Iterator.forEachRemaining(Iterator.java:133)
	at java.base/java.util.Spliterators$IteratorSpliterator.forEachRemaining(Spliterators.java:1939)
	at java.base/java.util.stream.AbstractPipeline.copyInto(AbstractPipeline.java:509)
	at java.base/java.util.stream.AbstractPipeline.wrapAndCopyInto(AbstractPipeline.java:499)
	at java.base/java.util.stream.ForEachOps$ForEachOp.evaluateSequential(ForEachOps.java:151)
	at java.base/java.util.stream.ForEachOps$ForEachOp$OfRef.evaluateSequential(ForEachOps.java:174)
	at java.base/java.util.stream.AbstractPipeline.evaluate(AbstractPipeline.java:234)
	at java.base/java.util.stream.ReferencePipeline.forEach(ReferencePipeline.java:596)
	at java.base/java.util.stream.ReferencePipeline$7$1.accept(ReferencePipeline.java:276)
	at java.base/java.util.ArrayList$ArrayListSpliterator.forEachRemaining(ArrayList.java:1708)
	at java.base/java.util.stream.AbstractPipeline.copyInto(AbstractPipeline.java:509)
	at java.base/java.util.stream.AbstractPipeline.wrapAndCopyInto(AbstractPipeline.java:499)
	at java.base/java.util.stream.ForEachOps$ForEachOp.evaluateSequential(ForEachOps.java:151)
	at java.base/java.util.stream.ForEachOps$ForEachOp$OfRef.evaluateSequential(ForEachOps.java:174)
	at java.base/java.util.stream.AbstractPipeline.evaluate(AbstractPipeline.java:234)
	at java.base/java.util.stream.ReferencePipeline.forEach(ReferencePipeline.java:596)
	at java.base/java.util.stream.ReferencePipeline$7$1.accept(ReferencePipeline.java:276)
	at java.base/java.util.stream.ReferencePipeline$3$1.accept(ReferencePipeline.java:197)
	at java.base/java.util.stream.ReferencePipeline$3$1.accept(ReferencePipeline.java:197)
	at java.base/java.util.stream.ReferencePipeline$3$1.accept(ReferencePipeline.java:197)
	at java.base/java.util.ArrayList$ArrayListSpliterator.forEachRemaining(ArrayList.java:1708)
	at java.base/java.util.stream.AbstractPipeline.copyInto(AbstractPipeline.java:509)
	at java.base/java.util.stream.AbstractPipeline.wrapAndCopyInto(AbstractPipeline.java:499)
	at java.base/java.util.stream.ForEachOps$ForEachOp.evaluateSequential(ForEachOps.java:151)
	at java.base/java.util.stream.ForEachOps$ForEachOp$OfRef.evaluateSequential(ForEachOps.java:174)
	at java.base/java.util.stream.AbstractPipeline.evaluate(AbstractPipeline.java:234)
	at java.base/java.util.stream.ReferencePipeline.forEach(ReferencePipeline.java:596)
	at java.base/java.util.concurrent.ForkJoinTask.doExec(ForkJoinTask.java:387)
	at java.base/java.util.concurrent.ForkJoinPool$WorkQueue.topLevelExec(ForkJoinPool.java:1312)
	at java.base/java.util.concurrent.ForkJoinPool.scan(ForkJoinPool.java:1843)
	at java.base/java.util.concurrent.ForkJoinPool.runWorker(ForkJoinPool.java:1808)
	at java.base/java.util.concurrent.ForkJoinWorkerThread.run(ForkJoinWorkerThread.java:188)
]]></failure>
    <system-out><![CDATA[2025-09-19 20:46:13,747 [ForkJoinPool-1-worker-1] INFO  impl.MetricsSystemImpl (MetricsSystemImpl.java:init(158)) - HddsDatanode metrics system started (again)
2025-09-19 20:46:13,766 [ForkJoinPool-1-worker-1] INFO  ozone.HddsDatanodeService (HddsDatanodeService.java:start(236)) - HddsDatanodeService 417c597c-13cf-4e34-be96-1680b82aa276(localhost/127.0.0.1)
2025-09-19 20:46:13,767 [ForkJoinPool-1-worker-1] INFO  upgrade.AbstractLayoutVersionManager (AbstractLayoutVersionManager.java:init(80)) - Initializing Layout version manager with metadata layout = WITNESSED_CONTAINER_DB_PROTO_VALUE (version = 9), software layout = WITNESSED_CONTAINER_DB_PROTO_VALUE (version = 9)
2025-09-19 20:46:13,767 [ForkJoinPool-1-worker-1] INFO  statemachine.DatanodeStateMachine (DatanodeStateMachine.java:getEndPointTaskThreadPoolSize(321)) - Datanode State Machine Task Thread Pool size 2
2025-09-19 20:46:13,769 [ForkJoinPool-1-worker-1] INFO  volume.HddsVolume (HddsVolume.java:<init>(162)) - HddsVolume: { id=DS-d330c7e4-7b2b-43d4-9af2-9f8fb582114f dir=/home/runner/work/ozone/ozone/hadoop-ozone/integration-test/target/test-dir/MiniOzoneClusterImpl-990002c2-bb69-4aa2-bd68-28a5e13e86ef/ozone-metadata/datanode-5/data-0/hdds type=DISK capacity=9222449699674390527 used=0 available=9222449699674390527 minFree=9222450130714624 committed=0 }
2025-09-19 20:46:13,769 [ForkJoinPool-1-worker-1] INFO  volume.MutableVolumeSet (MutableVolumeSet.java:initializeVolumeSet(175)) - Added Volume : /home/runner/work/ozone/ozone/hadoop-ozone/integration-test/target/test-dir/MiniOzoneClusterImpl-990002c2-bb69-4aa2-bd68-28a5e13e86ef/ozone-metadata/datanode-5/data-0/hdds to VolumeSet
2025-09-19 20:46:13,770 [ForkJoinPool-1-worker-1] INFO  volume.MutableVolumeSet (MutableVolumeSet.java:initializeVolumeSet(175)) - Added Volume : /home/runner/work/ozone/ozone/hadoop-ozone/integration-test/target/test-dir/MiniOzoneClusterImpl-990002c2-bb69-4aa2-bd68-28a5e13e86ef/ozone-metadata/datanode-5/ratis to VolumeSet
2025-09-19 20:46:13,786 [ForkJoinPool.commonPool-worker-4] INFO  utils.DatanodeStoreCache (DatanodeStoreCache.java:addDB(70)) - Added db /home/runner/work/ozone/ozone/hadoop-ozone/integration-test/target/test-dir/MiniOzoneClusterImpl-990002c2-bb69-4aa2-bd68-28a5e13e86ef/ozone-metadata/datanode-5/data-0/hdds/990002c2-bb69-4aa2-bd68-28a5e13e86ef/DS-d330c7e4-7b2b-43d4-9af2-9f8fb582114f/container.db to cache
2025-09-19 20:46:13,787 [ForkJoinPool.commonPool-worker-4] INFO  volume.HddsVolume (HddsVolume.java:loadDbStore(517)) - SchemaV3 db is loaded at /home/runner/work/ozone/ozone/hadoop-ozone/integration-test/target/test-dir/MiniOzoneClusterImpl-990002c2-bb69-4aa2-bd68-28a5e13e86ef/ozone-metadata/datanode-5/data-0/hdds/990002c2-bb69-4aa2-bd68-28a5e13e86ef/DS-d330c7e4-7b2b-43d4-9af2-9f8fb582114f/container.db for volume DS-d330c7e4-7b2b-43d4-9af2-9f8fb582114f
2025-09-19 20:46:13,787 [ForkJoinPool-1-worker-1] INFO  ozoneimpl.OzoneContainer (HddsVolumeUtil.java:loadAllHddsVolumeDbStore(102)) - Load 1 volumes DbStore cost: 17ms
2025-09-19 20:46:13,788 [ForkJoinPool-1-worker-1] WARN  db.DBStoreBuilder (DBStoreBuilder.java:getDBDirPath(158)) - ozone.scm.datanode.id.dir is not configured. We recommend adding this setting. Falling back to ozone.metadata.dirs instead.
2025-09-19 20:46:13,788 [ForkJoinPool-1-worker-1] WARN  db.DBStoreBuilder (DBStoreBuilder.java:getDBDirPath(158)) - ozone.scm.datanode.id.dir is not configured. We recommend adding this setting. Falling back to ozone.metadata.dirs instead.
2025-09-19 20:46:13,798 [ForkJoinPool-1-worker-1] INFO  impl.FilePerChunkStrategy (FilePerChunkStrategy.java:<init>(79)) - ozone.chunk.read.mapped.buffer.max.count is load with 0
2025-09-19 20:46:13,798 [ForkJoinPool-1-worker-1] INFO  impl.FilePerBlockStrategy (FilePerBlockStrategy.java:<init>(88)) - ozone.chunk.read.mapped.buffer.max.count is load with 0
2025-09-19 20:46:13,799 [ForkJoinPool-1-worker-1] INFO  server.RaftServerConfigKeys (ConfUtils.java:logGet(62)) - raft.server.log.appender.buffer.byte-limit = 33554432 (custom)
2025-09-19 20:46:13,800 [ForkJoinPool-1-worker-1] INFO  grpc.GrpcConfigKeys (ConfUtils.java:logFallback(69)) - raft.grpc.admin.host = null (fallback to raft.grpc.server.host)
2025-09-19 20:46:13,800 [ForkJoinPool-1-worker-1] INFO  grpc.GrpcConfigKeys (ConfUtils.java:logGet(62)) - raft.grpc.admin.port = 15046 (custom)
2025-09-19 20:46:13,801 [ForkJoinPool-1-worker-1] INFO  grpc.GrpcConfigKeys (ConfUtils.java:logFallback(69)) - raft.grpc.client.host = null (fallback to raft.grpc.server.host)
2025-09-19 20:46:13,801 [ForkJoinPool-1-worker-1] INFO  grpc.GrpcConfigKeys (ConfUtils.java:logGet(62)) - raft.grpc.client.port = 15045 (custom)
2025-09-19 20:46:13,801 [ForkJoinPool-1-worker-1] INFO  grpc.GrpcConfigKeys (ConfUtils.java:logGet(62)) - raft.grpc.server.port = 15047 (custom)
2025-09-19 20:46:13,801 [ForkJoinPool-1-worker-1] INFO  server.GrpcServicesImpl (ConfUtils.java:logGet(62)) - raft.grpc.message.size.max = 34603008 (custom)
2025-09-19 20:46:13,801 [ForkJoinPool-1-worker-1] INFO  server.GrpcServicesImpl (ConfUtils.java:logGet(62)) - raft.grpc.flow.control.window = 5MB (=5242880) (custom)
2025-09-19 20:46:13,801 [ForkJoinPool-1-worker-1] INFO  server.RaftServerConfigKeys (ConfUtils.java:logGet(62)) - raft.server.log.appender.buffer.byte-limit = 33554432 (custom)
2025-09-19 20:46:13,803 [ForkJoinPool-1-worker-1] INFO  netty.NettyUtils (NettyUtils.java:newEventLoopGroup(74)) - Create EpollEventLoopGroup for 417c597c-13cf-4e34-be96-1680b82aa276-NettyServerStreamRpc-bossGroup; Thread size is 0.
2025-09-19 20:46:13,803 [ForkJoinPool-1-worker-1] INFO  netty.NettyUtils (NettyUtils.java:newEventLoopGroup(74)) - Create EpollEventLoopGroup for 417c597c-13cf-4e34-be96-1680b82aa276-NettyServerStreamRpc-workerGroup; Thread size is 0.
2025-09-19 20:46:13,803 [ForkJoinPool-1-worker-1] INFO  netty.NettyConfigKeys$DataStream (ConfUtils.java:logGet(62)) - raft.netty.dataStream.port = 15048 (custom)
2025-09-19 20:46:13,804 [ForkJoinPool-1-worker-1] INFO  server.RaftServerConfigKeys (ConfUtils.java:logGet(62)) - raft.server.storage.dir = [/home/runner/work/ozone/ozone/hadoop-ozone/integration-test/target/test-dir/MiniOzoneClusterImpl-990002c2-bb69-4aa2-bd68-28a5e13e86ef/ozone-metadata/datanode-5/ratis] (custom)
2025-09-19 20:46:13,804 [417c597c-13cf-4e34-be96-1680b82aa276-NettyServerStreamRpc-bossGroup--thread1] INFO  logging.LoggingHandler (AbstractInternalLogger.java:log(148)) - [id: 0x87a0473d] REGISTERED
2025-09-19 20:46:13,804 [417c597c-13cf-4e34-be96-1680b82aa276-NettyServerStreamRpc-bossGroup--thread1] INFO  logging.LoggingHandler (AbstractInternalLogger.java:log(148)) - [id: 0x87a0473d] BIND: 0.0.0.0/0.0.0.0:15048
2025-09-19 20:46:13,804 [417c597c-13cf-4e34-be96-1680b82aa276-NettyServerStreamRpc-bossGroup--thread1] INFO  logging.LoggingHandler (AbstractInternalLogger.java:log(148)) - [id: 0x87a0473d, L:/0.0.0.0:15048] ACTIVE
2025-09-19 20:46:13,805 [417c597c-13cf-4e34-be96-1680b82aa276-impl-thread1] INFO  server.RaftServer (RaftServerProxy.java:initGroupDir(270)) - 417c597c-13cf-4e34-be96-1680b82aa276: found a subdirectory /home/runner/work/ozone/ozone/hadoop-ozone/integration-test/target/test-dir/MiniOzoneClusterImpl-990002c2-bb69-4aa2-bd68-28a5e13e86ef/ozone-metadata/datanode-5/ratis/1a407f51-d149-4286-bfb4-ecc9d8425ea7
2025-09-19 20:46:13,805 [417c597c-13cf-4e34-be96-1680b82aa276-impl-thread1] INFO  server.RaftServer (RaftServerProxy.java:addNew(105)) - 417c597c-13cf-4e34-be96-1680b82aa276: addNew group-ECC9D8425EA7:[] returns group-ECC9D8425EA7:java.util.concurrent.CompletableFuture@69c365a4[Not completed]
2025-09-19 20:46:13,805 [417c597c-13cf-4e34-be96-1680b82aa276-impl-thread1] INFO  server.RaftServer (RaftServerProxy.java:initGroupDir(270)) - 417c597c-13cf-4e34-be96-1680b82aa276: found a subdirectory /home/runner/work/ozone/ozone/hadoop-ozone/integration-test/target/test-dir/MiniOzoneClusterImpl-990002c2-bb69-4aa2-bd68-28a5e13e86ef/ozone-metadata/datanode-5/ratis/c94d1c9f-8cc3-4489-8058-9ca395f3c3e7
2025-09-19 20:46:13,805 [417c597c-13cf-4e34-be96-1680b82aa276-impl-thread1] INFO  server.RaftServer (RaftServerProxy.java:addNew(105)) - 417c597c-13cf-4e34-be96-1680b82aa276: addNew group-9CA395F3C3E7:[] returns group-9CA395F3C3E7:java.util.concurrent.CompletableFuture@3b9bd71[Not completed]
2025-09-19 20:46:13,805 [417c597c-13cf-4e34-be96-1680b82aa276-impl-thread1] INFO  server.RaftServer (RaftServerProxy.java:initGroupDir(270)) - 417c597c-13cf-4e34-be96-1680b82aa276: found a subdirectory /home/runner/work/ozone/ozone/hadoop-ozone/integration-test/target/test-dir/MiniOzoneClusterImpl-990002c2-bb69-4aa2-bd68-28a5e13e86ef/ozone-metadata/datanode-5/ratis/9000e871-2414-43c0-9d82-9e25d04c2adc
2025-09-19 20:46:13,805 [417c597c-13cf-4e34-be96-1680b82aa276-impl-thread1] INFO  server.RaftServer (RaftServerProxy.java:addNew(105)) - 417c597c-13cf-4e34-be96-1680b82aa276: addNew group-9E25D04C2ADC:[] returns group-9E25D04C2ADC:java.util.concurrent.CompletableFuture@58e0a80e[Not completed]
2025-09-19 20:46:13,805 [417c597c-13cf-4e34-be96-1680b82aa276-impl-thread1] INFO  server.RaftServer (RaftServerProxy.java:initGroupDir(270)) - 417c597c-13cf-4e34-be96-1680b82aa276: found a subdirectory /home/runner/work/ozone/ozone/hadoop-ozone/integration-test/target/test-dir/MiniOzoneClusterImpl-990002c2-bb69-4aa2-bd68-28a5e13e86ef/ozone-metadata/datanode-5/ratis/tmp
2025-09-19 20:46:13,805 [417c597c-13cf-4e34-be96-1680b82aa276-impl-thread1] INFO  server.RaftServer (RaftServerProxy.java:initGroupDir(275)) - 417c597c-13cf-4e34-be96-1680b82aa276: The directory /home/runner/work/ozone/ozone/hadoop-ozone/integration-test/target/test-dir/MiniOzoneClusterImpl-990002c2-bb69-4aa2-bd68-28a5e13e86ef/ozone-metadata/datanode-5/ratis/tmp is not a group directory; ignoring it. 
2025-09-19 20:46:13,805 [ForkJoinPool-1-worker-1] INFO  replication.ReplicationServer (ReplicationServer.java:<init>(84)) - Initializing replication server with thread count = 10 queue length = 4096
2025-09-19 20:46:13,806 [ForkJoinPool-1-worker-1] INFO  server.XceiverServerGrpc (XceiverServerGrpc.java:<init>(130)) - GrpcServer channel type EpollServerSocketChannel
2025-09-19 20:46:13,806 [417c597c-13cf-4e34-be96-1680b82aa276-groupManagement] INFO  server.RaftServer$Division (RaftServerImpl.java:<init>(268)) - 417c597c-13cf-4e34-be96-1680b82aa276: new RaftServerImpl for group-ECC9D8425EA7:[] with ContainerStateMachine:uninitialized
2025-09-19 20:46:13,806 [417c597c-13cf-4e34-be96-1680b82aa276-groupManagement] INFO  server.RaftServer$Division (ServerState.java:<init>(114)) - 417c597c-13cf-4e34-be96-1680b82aa276@group-ECC9D8425EA7: ConfigurationManager, init=conf: {index: -1, cur=peers:[]|listeners:[], old=null}, confs=<EMPTY_MAP>
2025-09-19 20:46:13,807 [ForkJoinPool-1-worker-1] INFO  replication.ReplicationSupervisor (ReplicationSupervisor.java:build(169)) - Initializing replication supervisor with thread count = 10
2025-09-19 20:46:13,807 [ForkJoinPool-1-worker-1] INFO  replication.ReplicationSupervisor (ReplicationSupervisor.java:nodeStateUpdated(358)) - Node state updated to IN_SERVICE, scaling executor pool size to 10
2025-09-19 20:46:13,810 [ForkJoinPool-1-worker-1] INFO  http.BaseHttpServer (BaseHttpServer.java:newHttpServer2BuilderForOzone(227)) - Starting Web-server for hddsDatanode at: http://0.0.0.0:15042
2025-09-19 20:46:13,810 [ForkJoinPool-1-worker-1] INFO  http.BaseHttpServer (BaseHttpServer.java:<init>(105)) - Hadoop Security Enabled: false Ozone Security Enabled: false Ozone HTTP Security Enabled: false 
2025-09-19 20:46:13,811 [417c597c-13cf-4e34-be96-1680b82aa276-groupManagement] INFO  server.RaftServer$Division (RaftServerImpl.java:<init>(268)) - 417c597c-13cf-4e34-be96-1680b82aa276: new RaftServerImpl for group-9CA395F3C3E7:[] with ContainerStateMachine:uninitialized
2025-09-19 20:46:13,811 [417c597c-13cf-4e34-be96-1680b82aa276-groupManagement] INFO  server.RaftServer$Division (ServerState.java:<init>(114)) - 417c597c-13cf-4e34-be96-1680b82aa276@group-9CA395F3C3E7: ConfigurationManager, init=conf: {index: -1, cur=peers:[]|listeners:[], old=null}, confs=<EMPTY_MAP>
2025-09-19 20:46:13,812 [ForkJoinPool-1-worker-1] WARN  server.AuthenticationFilter (AuthenticationFilter.java:constructSecretProvider(240)) - Unable to initialize FileSignerSecretProvider, falling back to use random secrets. Reason: Could not read signature secret file: /home/runner/hadoop-http-auth-signature-secret
2025-09-19 20:46:13,814 [ForkJoinPool-1-worker-1] INFO  http.HttpServer2 (HttpServer2.java:addGlobalFilter(1041)) - Added global filter 'safety' (class=org.apache.hadoop.hdds.server.http.HttpServer2$QuotingInputFilter)
2025-09-19 20:46:13,815 [ForkJoinPool-1-worker-1] INFO  http.HttpServer2 (HttpServer2.java:addFilter(1017)) - Added filter static_user_filter (class=org.apache.hadoop.http.lib.StaticUserWebFilter$StaticUserFilter) to context hddsDatanode
2025-09-19 20:46:13,815 [ForkJoinPool-1-worker-1] INFO  http.HttpServer2 (HttpServer2.java:addFilter(1025)) - Added filter static_user_filter (class=org.apache.hadoop.http.lib.StaticUserWebFilter$StaticUserFilter) to context static
2025-09-19 20:46:13,815 [ForkJoinPool-1-worker-1] INFO  http.HttpServer2 (HttpServer2.java:addFilter(1025)) - Added filter static_user_filter (class=org.apache.hadoop.http.lib.StaticUserWebFilter$StaticUserFilter) to context logs
2025-09-19 20:46:13,816 [417c597c-13cf-4e34-be96-1680b82aa276-groupManagement] INFO  server.RaftServer$Division (RaftServerImpl.java:<init>(268)) - 417c597c-13cf-4e34-be96-1680b82aa276: new RaftServerImpl for group-9E25D04C2ADC:[] with ContainerStateMachine:uninitialized
2025-09-19 20:46:13,816 [ForkJoinPool-1-worker-1] INFO  http.BaseHttpServer (BaseHttpServer.java:<init>(193)) - HTTP server of hddsDatanode uses base directory /home/runner/work/ozone/ozone/hadoop-ozone/integration-test/target/test-dir/MiniOzoneClusterImpl-990002c2-bb69-4aa2-bd68-28a5e13e86ef/scm/ozone-metadata/webserver
2025-09-19 20:46:13,816 [417c597c-13cf-4e34-be96-1680b82aa276-groupManagement] INFO  server.RaftServer$Division (ServerState.java:<init>(114)) - 417c597c-13cf-4e34-be96-1680b82aa276@group-9E25D04C2ADC: ConfigurationManager, init=conf: {index: -1, cur=peers:[]|listeners:[], old=null}, confs=<EMPTY_MAP>
2025-09-19 20:46:13,816 [ForkJoinPool-1-worker-1] INFO  http.HttpServer2 (HttpServer2.java:bindListener(1241)) - Jetty bound to port 15042
2025-09-19 20:46:13,816 [ForkJoinPool-1-worker-1] INFO  server.Server (Server.java:doStart(375)) - jetty-9.4.58.v20250814; built: 2025-08-14T02:28:49.637Z; git: 8f1440587e9e4ae7db3d74cf205643f3d707148d; jvm 21.0.8+9-LTS
2025-09-19 20:46:13,819 [ForkJoinPool-1-worker-1] INFO  server.session (DefaultSessionIdManager.java:doStart(334)) - DefaultSessionIdManager workerName=node0
2025-09-19 20:46:13,819 [ForkJoinPool-1-worker-1] INFO  server.session (DefaultSessionIdManager.java:doStart(339)) - No SessionScavenger set, using defaults
2025-09-19 20:46:13,819 [ForkJoinPool-1-worker-1] INFO  server.session (HouseKeeper.java:startScavenging(132)) - node0 Scavenging every 600000ms
2025-09-19 20:46:13,820 [ForkJoinPool-1-worker-1] INFO  handler.ContextHandler (ContextHandler.java:doStart(921)) - Started o.e.j.s.ServletContextHandler@7e25fcf6{logs,/logs,file:///home/runner/work/ozone/ozone/hadoop-ozone/integration-test/target/log,AVAILABLE}
2025-09-19 20:46:13,821 [ForkJoinPool-1-worker-1] INFO  handler.ContextHandler (ContextHandler.java:doStart(921)) - Started o.e.j.s.ServletContextHandler@5136d03{static,/static,jar:file:/home/runner/work/ozone/ozone/hadoop-hdds/container-service/target/hdds-container-service-2.1.0-SNAPSHOT.jar!/webapps/static,AVAILABLE}
2025-09-19 20:46:13,969 [ForkJoinPool-1-worker-1] INFO  handler.ContextHandler (ContextHandler.java:doStart(921)) - Started o.e.j.w.WebAppContext@68021a2c{hddsDatanode,/,file:///home/runner/work/ozone/ozone/hadoop-ozone/integration-test/target/test-dir/MiniOzoneClusterImpl-990002c2-bb69-4aa2-bd68-28a5e13e86ef/scm/ozone-metadata/webserver/jetty-0_0_0_0-15042-hdds-container-service-2_1_0-SNAPSHOT_jar-_-any-13421314295995409678/webapp/,AVAILABLE}{jar:file:/home/runner/work/ozone/ozone/hadoop-hdds/container-service/target/hdds-container-service-2.1.0-SNAPSHOT.jar!/webapps/hddsDatanode}
2025-09-19 20:46:13,970 [ForkJoinPool-1-worker-1] INFO  server.AbstractConnector (AbstractConnector.java:doStart(333)) - Started ServerConnector@748e8b74{HTTP/1.1, (http/1.1)}{0.0.0.0:15042}
2025-09-19 20:46:13,970 [ForkJoinPool-1-worker-1] INFO  server.Server (Server.java:doStart(415)) - Started @198188ms
2025-09-19 20:46:13,970 [ForkJoinPool-1-worker-1] WARN  impl.MetricsSystemImpl (MetricsSystemImpl.java:register(279)) - Sink prometheus already exists!
2025-09-19 20:46:13,970 [ForkJoinPool-1-worker-1] INFO  http.BaseHttpServer (BaseHttpServer.java:updateConnectorAddress(357)) - HTTP server of hddsDatanode listening at http://localhost:15042
2025-09-19 20:46:13,971 [ForkJoinPool-1-worker-1] INFO  ipc.CallQueueManager (CallQueueManager.java:<init>(93)) - Using callQueue: class java.util.concurrent.LinkedBlockingQueue, queueCapacity: 1000, scheduler: class org.apache.hadoop.ipc.DefaultRpcScheduler, ipcBackoff: false, ipcFailOver: false.
2025-09-19 20:46:13,971 [ForkJoinPool-1-worker-1] INFO  ipc.Server (Server.java:<init>(1438)) - Listener at 0.0.0.0:15043
2025-09-19 20:46:13,971 [Socket Reader #1 for port 15043] INFO  ipc.Server (Server.java:run(1474)) - Starting Socket Reader #1 for port 15043
2025-09-19 20:46:13,971 [Socket Reader #2 for port 15043] INFO  ipc.Server (Server.java:run(1474)) - Starting Socket Reader #2 for port 15043
2025-09-19 20:46:13,972 [Socket Reader #3 for port 15043] INFO  ipc.Server (Server.java:run(1474)) - Starting Socket Reader #3 for port 15043
2025-09-19 20:46:13,972 [Socket Reader #4 for port 15043] INFO  ipc.Server (Server.java:run(1474)) - Starting Socket Reader #4 for port 15043
2025-09-19 20:46:13,972 [Socket Reader #5 for port 15043] INFO  ipc.Server (Server.java:run(1474)) - Starting Socket Reader #5 for port 15043
2025-09-19 20:46:13,972 [Socket Reader #6 for port 15043] INFO  ipc.Server (Server.java:run(1474)) - Starting Socket Reader #6 for port 15043
2025-09-19 20:46:13,972 [Socket Reader #7 for port 15043] INFO  ipc.Server (Server.java:run(1474)) - Starting Socket Reader #7 for port 15043
2025-09-19 20:46:13,972 [Socket Reader #8 for port 15043] INFO  ipc.Server (Server.java:run(1474)) - Starting Socket Reader #8 for port 15043
2025-09-19 20:46:13,973 [Socket Reader #9 for port 15043] INFO  ipc.Server (Server.java:run(1474)) - Starting Socket Reader #9 for port 15043
2025-09-19 20:46:13,973 [Socket Reader #10 for port 15043] INFO  ipc.Server (Server.java:run(1474)) - Starting Socket Reader #10 for port 15043
2025-09-19 20:46:13,974 [ForkJoinPool-1-worker-1] INFO  ozone.HddsDatanodeService (HddsDatanodeService.java:start(333)) - Datanode start with admins: [admin, runner]
2025-09-19 20:46:13,974 [ForkJoinPool-1-worker-1] INFO  ozone.HddsDatanodeClientProtocolServer (HddsDatanodeClientProtocolServer.java:start(76)) - RPC server for Client /0.0.0.0:15043
2025-09-19 20:46:13,974 [IPC Server Responder] INFO  ipc.Server (Server.java:run(1713)) - IPC Server Responder: starting
2025-09-19 20:46:13,974 [IPC Server listener on 15043] INFO  ipc.Server (Server.java:run(1553)) - IPC Server listener on 15043: starting
2025-09-19 20:46:13,976 [ForkJoinPool-1-worker-1] INFO  ozone.MiniOzoneClusterImpl (MiniOzoneClusterImpl.java:lambda$waitForClusterToBeReady$0(181)) - Nodes are ready. Got 10 of 10 DN Heartbeats.
2025-09-19 20:46:13,976 [ForkJoinPool-1-worker-1] INFO  ozone.MiniOzoneClusterImpl (MiniOzoneClusterImpl.java:lambda$waitForClusterToBeReady$0(184)) - Cluster exits safe mode
2025-09-19 20:46:13,976 [ForkJoinPool-1-worker-1] INFO  ozone.MiniOzoneClusterImpl (MiniOzoneClusterImpl.java:lambda$waitForClusterToBeReady$0(186)) - SCM became leader
2025-09-19 20:46:13,976 [417c597c-13cf-4e34-be96-1680b82aa276-DatanodeStateMachineDaemonThread] INFO  statemachine.DatanodeStateMachine (DatanodeStateMachine.java:startStateMachineThread(363)) - Ozone container server started.
2025-09-19 20:46:13,979 [417c597c-13cf-4e34-be96-1680b82aa276-DatanodeStateMachineTaskThread-0] INFO  datanode.InitDatanodeState (InitDatanodeState.java:persistContainerDatanodeDetails(139)) - DatanodeDetails is persisted to /home/runner/work/ozone/ozone/hadoop-ozone/integration-test/target/test-dir/MiniOzoneClusterImpl-990002c2-bb69-4aa2-bd68-28a5e13e86ef/ozone-metadata/datanode-5/ozone-metadata/datanode.id
2025-09-19 20:46:14,479 [417c597c-13cf-4e34-be96-1680b82aa276-ContainerReader-0] INFO  ozoneimpl.ContainerReader (ContainerReader.java:readVolume(147)) - Start to verify containers on volume /home/runner/work/ozone/ozone/hadoop-ozone/integration-test/target/test-dir/MiniOzoneClusterImpl-990002c2-bb69-4aa2-bd68-28a5e13e86ef/ozone-metadata/datanode-5/data-0/hdds
2025-09-19 20:46:14,481 [417c597c-13cf-4e34-be96-1680b82aa276-ContainerReader-0] WARN  helpers.KeyValueContainerUtil (KeyValueContainerUtil.java:populateContainerMetadata(330)) - Missing pendingDeleteBlockCount from metadata: recalculate them from block table
2025-09-19 20:46:14,482 [417c597c-13cf-4e34-be96-1680b82aa276-ContainerReader-0] INFO  ozoneimpl.ContainerReader (ContainerReader.java:readVolume(177)) - Finish verifying containers on volume /home/runner/work/ozone/ozone/hadoop-ozone/integration-test/target/test-dir/MiniOzoneClusterImpl-990002c2-bb69-4aa2-bd68-28a5e13e86ef/ozone-metadata/datanode-5/data-0/hdds
2025-09-19 20:46:14,483 [417c597c-13cf-4e34-be96-1680b82aa276-EndpointStateMachineTaskThread-/0.0.0.0:15002-0 ] INFO  ozoneimpl.OzoneContainer (OzoneContainer.java:buildContainerSet(370)) - Build ContainerSet costs 0s
2025-09-19 20:46:14,483 [417c597c-13cf-4e34-be96-1680b82aa276-EndpointStateMachineTaskThread-/0.0.0.0:15002-0 ] INFO  volume.ThrottledAsyncChecker (ThrottledAsyncChecker.java:schedule(138)) - Scheduling a check for /home/runner/work/ozone/ozone/hadoop-ozone/integration-test/target/test-dir/MiniOzoneClusterImpl-990002c2-bb69-4aa2-bd68-28a5e13e86ef/ozone-metadata/datanode-5/data-0/hdds
2025-09-19 20:46:14,483 [417c597c-13cf-4e34-be96-1680b82aa276-EndpointStateMachineTaskThread-/0.0.0.0:15002-0 ] INFO  volume.StorageVolumeChecker (StorageVolumeChecker.java:checkAllVolumes(231)) - Scheduled health check for volume /home/runner/work/ozone/ozone/hadoop-ozone/integration-test/target/test-dir/MiniOzoneClusterImpl-990002c2-bb69-4aa2-bd68-28a5e13e86ef/ozone-metadata/datanode-5/data-0/hdds
2025-09-19 20:46:14,486 [417c597c-13cf-4e34-be96-1680b82aa276-EndpointStateMachineTaskThread-/0.0.0.0:15002-0 ] INFO  volume.ThrottledAsyncChecker (ThrottledAsyncChecker.java:schedule(138)) - Scheduling a check for /home/runner/work/ozone/ozone/hadoop-ozone/integration-test/target/test-dir/MiniOzoneClusterImpl-990002c2-bb69-4aa2-bd68-28a5e13e86ef/ozone-metadata/datanode-5/ratis
2025-09-19 20:46:14,486 [417c597c-13cf-4e34-be96-1680b82aa276-EndpointStateMachineTaskThread-/0.0.0.0:15002-0 ] INFO  volume.StorageVolumeChecker (StorageVolumeChecker.java:checkAllVolumes(231)) - Scheduled health check for volume /home/runner/work/ozone/ozone/hadoop-ozone/integration-test/target/test-dir/MiniOzoneClusterImpl-990002c2-bb69-4aa2-bd68-28a5e13e86ef/ozone-metadata/datanode-5/ratis
2025-09-19 20:46:14,487 [417c597c-13cf-4e34-be96-1680b82aa276-EndpointStateMachineTaskThread-/0.0.0.0:15002-0 ] INFO  ozoneimpl.OzoneContainer (OzoneContainer.java:start(525)) - Attempting to start container services.
2025-09-19 20:46:14,488 [ContainerDataScanner(/home/runner/work/ozone/ozone/hadoop-ozone/integration-test/target/test-dir/MiniOzoneClusterImpl-990002c2-bb69-4aa2-bd68-28a5e13e86ef/ozone-metadata/datanode-5/data-0/hdds)] INFO  ozoneimpl.AbstractBackgroundContainerScanner (AbstractBackgroundContainerScanner.java:runIteration(89)) - Completed an iteration in 0 minutes. Number of iterations (since the data-node restart) : 1, Number of containers scanned in this iteration : 0, Number of unhealthy containers found in this iteration : 0
2025-09-19 20:46:14,488 [417c597c-13cf-4e34-be96-1680b82aa276-EndpointStateMachineTaskThread-/0.0.0.0:15002-0 ] INFO  replication.ReplicationServer (ReplicationServer.java:start(137)) - ReplicationServer is started using port 15049
2025-09-19 20:46:14,488 [417c597c-13cf-4e34-be96-1680b82aa276-EndpointStateMachineTaskThread-/0.0.0.0:15002-0 ] INFO  ratis.XceiverServerRatis (XceiverServerRatis.java:start(560)) - Starting XceiverServerRatis(417c597c-13cf-4e34-be96-1680b82aa276)
2025-09-19 20:46:14,489 [ContainerMetadataScanner] INFO  ozoneimpl.AbstractBackgroundContainerScanner (AbstractBackgroundContainerScanner.java:runIteration(89)) - Completed an iteration in 0 minutes. Number of iterations (since the data-node restart) : 1, Number of containers scanned in this iteration : 1, Number of unhealthy containers found in this iteration : 0
2025-09-19 20:46:14,490 [417c597c-13cf-4e34-be96-1680b82aa276-impl-thread1] INFO  storage.RaftStorageDirectory (RaftStorageDirectoryImpl.java:tryLock(229)) - Lock on /home/runner/work/ozone/ozone/hadoop-ozone/integration-test/target/test-dir/MiniOzoneClusterImpl-990002c2-bb69-4aa2-bd68-28a5e13e86ef/ozone-metadata/datanode-5/ratis/9000e871-2414-43c0-9d82-9e25d04c2adc/in_use.lock acquired by nodename 22744@localhost
2025-09-19 20:46:14,490 [417c597c-13cf-4e34-be96-1680b82aa276-impl-thread1] INFO  storage.RaftStorage (RaftStorageImpl.java:analyzeAndRecoverStorage(118)) - Read RaftStorageMetadata{term=1, votedFor=417c597c-13cf-4e34-be96-1680b82aa276} from /home/runner/work/ozone/ozone/hadoop-ozone/integration-test/target/test-dir/MiniOzoneClusterImpl-990002c2-bb69-4aa2-bd68-28a5e13e86ef/ozone-metadata/datanode-5/ratis/9000e871-2414-43c0-9d82-9e25d04c2adc/current/raft-meta
2025-09-19 20:46:14,491 [417c597c-13cf-4e34-be96-1680b82aa276-impl-thread1] INFO  server.RaftServer$Division (ServerState.java:setRaftConf(386)) - 417c597c-13cf-4e34-be96-1680b82aa276@group-9E25D04C2ADC: set configuration conf: {index: 0, cur=peers:[e7feb3b4-5cd1-4322-b271-eb1c248a4412|127.0.0.1:15039, 417c597c-13cf-4e34-be96-1680b82aa276|127.0.0.1:15047, c834ff67-8e28-4894-9cd1-7316b4e587ce|127.0.0.1:15055]|listeners:[], old=null}
2025-09-19 20:46:14,491 [417c597c-13cf-4e34-be96-1680b82aa276-impl-thread2] INFO  storage.RaftStorageDirectory (RaftStorageDirectoryImpl.java:tryLock(229)) - Lock on /home/runner/work/ozone/ozone/hadoop-ozone/integration-test/target/test-dir/MiniOzoneClusterImpl-990002c2-bb69-4aa2-bd68-28a5e13e86ef/ozone-metadata/datanode-5/ratis/1a407f51-d149-4286-bfb4-ecc9d8425ea7/in_use.lock acquired by nodename 22744@localhost
2025-09-19 20:46:14,491 [417c597c-13cf-4e34-be96-1680b82aa276-impl-thread1] INFO  ratis.ContainerStateMachine (ContainerStateMachine.java:initialize(339)) - 417c597c-13cf-4e34-be96-1680b82aa276: initialize group-9E25D04C2ADC
2025-09-19 20:46:14,491 [417c597c-13cf-4e34-be96-1680b82aa276-impl-thread1] INFO  ratis.ContainerStateMachine (ContainerStateMachine.java:loadSnapshot(356)) - group-9E25D04C2ADC: Setting the last applied index to (t:1, i:0)
2025-09-19 20:46:14,491 [417c597c-13cf-4e34-be96-1680b82aa276-impl-thread1] INFO  server.RaftServerConfigKeys (ConfUtils.java:logGet(62)) - raft.server.log.appender.buffer.byte-limit = 33554432 (custom)
2025-09-19 20:46:14,491 [417c597c-13cf-4e34-be96-1680b82aa276-impl-thread2] INFO  storage.RaftStorage (RaftStorageImpl.java:analyzeAndRecoverStorage(118)) - Read RaftStorageMetadata{term=1, votedFor=417c597c-13cf-4e34-be96-1680b82aa276} from /home/runner/work/ozone/ozone/hadoop-ozone/integration-test/target/test-dir/MiniOzoneClusterImpl-990002c2-bb69-4aa2-bd68-28a5e13e86ef/ozone-metadata/datanode-5/ratis/1a407f51-d149-4286-bfb4-ecc9d8425ea7/current/raft-meta
2025-09-19 20:46:14,491 [417c597c-13cf-4e34-be96-1680b82aa276-impl-thread2] INFO  server.RaftServer$Division (ServerState.java:setRaftConf(386)) - 417c597c-13cf-4e34-be96-1680b82aa276@group-ECC9D8425EA7: set configuration conf: {index: 0, cur=peers:[417c597c-13cf-4e34-be96-1680b82aa276|127.0.0.1:15047]|listeners:[], old=null}
2025-09-19 20:46:14,491 [417c597c-13cf-4e34-be96-1680b82aa276-impl-thread3] INFO  storage.RaftStorageDirectory (RaftStorageDirectoryImpl.java:tryLock(229)) - Lock on /home/runner/work/ozone/ozone/hadoop-ozone/integration-test/target/test-dir/MiniOzoneClusterImpl-990002c2-bb69-4aa2-bd68-28a5e13e86ef/ozone-metadata/datanode-5/ratis/c94d1c9f-8cc3-4489-8058-9ca395f3c3e7/in_use.lock acquired by nodename 22744@localhost
2025-09-19 20:46:14,491 [417c597c-13cf-4e34-be96-1680b82aa276-impl-thread2] INFO  ratis.ContainerStateMachine (ContainerStateMachine.java:initialize(339)) - 417c597c-13cf-4e34-be96-1680b82aa276: initialize group-ECC9D8425EA7
2025-09-19 20:46:14,491 [417c597c-13cf-4e34-be96-1680b82aa276-impl-thread2] INFO  ratis.ContainerStateMachine (ContainerStateMachine.java:loadSnapshot(356)) - group-ECC9D8425EA7: Setting the last applied index to (t:1, i:0)
2025-09-19 20:46:14,492 [417c597c-13cf-4e34-be96-1680b82aa276-impl-thread3] INFO  storage.RaftStorage (RaftStorageImpl.java:analyzeAndRecoverStorage(118)) - Read RaftStorageMetadata{term=1, votedFor=c834ff67-8e28-4894-9cd1-7316b4e587ce} from /home/runner/work/ozone/ozone/hadoop-ozone/integration-test/target/test-dir/MiniOzoneClusterImpl-990002c2-bb69-4aa2-bd68-28a5e13e86ef/ozone-metadata/datanode-5/ratis/c94d1c9f-8cc3-4489-8058-9ca395f3c3e7/current/raft-meta
2025-09-19 20:46:14,492 [417c597c-13cf-4e34-be96-1680b82aa276-impl-thread3] INFO  server.RaftServer$Division (ServerState.java:setRaftConf(386)) - 417c597c-13cf-4e34-be96-1680b82aa276@group-9CA395F3C3E7: set configuration conf: {index: 0, cur=peers:[e7feb3b4-5cd1-4322-b271-eb1c248a4412|127.0.0.1:15039, 417c597c-13cf-4e34-be96-1680b82aa276|127.0.0.1:15047, c834ff67-8e28-4894-9cd1-7316b4e587ce|127.0.0.1:15055]|listeners:[], old=null}
2025-09-19 20:46:14,492 [417c597c-13cf-4e34-be96-1680b82aa276-impl-thread2] INFO  server.RaftServerConfigKeys (ConfUtils.java:logGet(62)) - raft.server.log.appender.buffer.byte-limit = 33554432 (custom)
2025-09-19 20:46:14,492 [417c597c-13cf-4e34-be96-1680b82aa276-impl-thread3] INFO  ratis.ContainerStateMachine (ContainerStateMachine.java:initialize(339)) - 417c597c-13cf-4e34-be96-1680b82aa276: initialize group-9CA395F3C3E7
2025-09-19 20:46:14,493 [417c597c-13cf-4e34-be96-1680b82aa276-impl-thread3] INFO  ratis.ContainerStateMachine (ContainerStateMachine.java:loadSnapshot(356)) - group-9CA395F3C3E7: Setting the last applied index to (t:1, i:2)
2025-09-19 20:46:14,493 [417c597c-13cf-4e34-be96-1680b82aa276-impl-thread3] INFO  server.RaftServerConfigKeys (ConfUtils.java:logGet(62)) - raft.server.log.appender.buffer.byte-limit = 33554432 (custom)
2025-09-19 20:46:14,498 [417c597c-13cf-4e34-be96-1680b82aa276-impl-thread1] INFO  server.RaftServerConfigKeys (ConfUtils.java:logGet(62)) - raft.server.log.segment.size.max = 67108864 (custom)
2025-09-19 20:46:14,501 [417c597c-13cf-4e34-be96-1680b82aa276-impl-thread1] INFO  server.RaftServerConfigKeys (ConfUtils.java:logGet(62)) - raft.server.log.appender.buffer.byte-limit = 33554432 (custom)
2025-09-19 20:46:14,501 [417c597c-13cf-4e34-be96-1680b82aa276-impl-thread1] INFO  util.AwaitToRun (AwaitToRun.java:start(81)) - Thread[#3721,417c597c-13cf-4e34-be96-1680b82aa276@group-9E25D04C2ADC-cacheEviction-AwaitToRun,5,main] started
2025-09-19 20:46:14,501 [417c597c-13cf-4e34-be96-1680b82aa276-impl-thread1] INFO  segmented.SegmentedRaftLogWorker (SegmentedRaftLogWorker.java:<init>(190)) - new 417c597c-13cf-4e34-be96-1680b82aa276@group-9E25D04C2ADC-SegmentedRaftLogWorker for RaftStorageImpl:Storage Directory /home/runner/work/ozone/ozone/hadoop-ozone/integration-test/target/test-dir/MiniOzoneClusterImpl-990002c2-bb69-4aa2-bd68-28a5e13e86ef/ozone-metadata/datanode-5/ratis/9000e871-2414-43c0-9d82-9e25d04c2adc
2025-09-19 20:46:14,501 [417c597c-13cf-4e34-be96-1680b82aa276-impl-thread1] INFO  server.RaftServerConfigKeys (ConfUtils.java:logGet(62)) - raft.server.log.queue.byte-limit = 4294967296 (custom)
2025-09-19 20:46:14,501 [417c597c-13cf-4e34-be96-1680b82aa276-impl-thread1] INFO  server.RaftServerConfigKeys (ConfUtils.java:logGet(62)) - raft.server.log.segment.size.max = 67108864 (custom)
2025-09-19 20:46:14,501 [417c597c-13cf-4e34-be96-1680b82aa276-impl-thread1] INFO  server.RaftServerConfigKeys (ConfUtils.java:logGet(62)) - raft.server.log.preallocated.size = 4194304 (custom)
2025-09-19 20:46:14,502 [417c597c-13cf-4e34-be96-1680b82aa276-impl-thread2] INFO  server.RaftServerConfigKeys (ConfUtils.java:logGet(62)) - raft.server.log.segment.size.max = 67108864 (custom)
2025-09-19 20:46:14,503 [417c597c-13cf-4e34-be96-1680b82aa276-impl-thread1] INFO  server.RaftServerConfigKeys (ConfUtils.java:logGet(62)) - raft.server.log.write.buffer.size = 33554440 (custom)
2025-09-19 20:46:14,503 [417c597c-13cf-4e34-be96-1680b82aa276-impl-thread2] INFO  server.RaftServerConfigKeys (ConfUtils.java:logGet(62)) - raft.server.log.appender.buffer.byte-limit = 33554432 (custom)
2025-09-19 20:46:14,503 [417c597c-13cf-4e34-be96-1680b82aa276-impl-thread2] INFO  util.AwaitToRun (AwaitToRun.java:start(81)) - Thread[#3722,417c597c-13cf-4e34-be96-1680b82aa276@group-ECC9D8425EA7-cacheEviction-AwaitToRun,5,main] started
2025-09-19 20:46:14,503 [417c597c-13cf-4e34-be96-1680b82aa276-impl-thread2] INFO  segmented.SegmentedRaftLogWorker (SegmentedRaftLogWorker.java:<init>(190)) - new 417c597c-13cf-4e34-be96-1680b82aa276@group-ECC9D8425EA7-SegmentedRaftLogWorker for RaftStorageImpl:Storage Directory /home/runner/work/ozone/ozone/hadoop-ozone/integration-test/target/test-dir/MiniOzoneClusterImpl-990002c2-bb69-4aa2-bd68-28a5e13e86ef/ozone-metadata/datanode-5/ratis/1a407f51-d149-4286-bfb4-ecc9d8425ea7
2025-09-19 20:46:14,503 [417c597c-13cf-4e34-be96-1680b82aa276-impl-thread2] INFO  server.RaftServerConfigKeys (ConfUtils.java:logGet(62)) - raft.server.log.queue.byte-limit = 4294967296 (custom)
2025-09-19 20:46:14,504 [417c597c-13cf-4e34-be96-1680b82aa276-impl-thread2] INFO  server.RaftServerConfigKeys (ConfUtils.java:logGet(62)) - raft.server.log.segment.size.max = 67108864 (custom)
2025-09-19 20:46:14,504 [417c597c-13cf-4e34-be96-1680b82aa276-impl-thread2] INFO  server.RaftServerConfigKeys (ConfUtils.java:logGet(62)) - raft.server.log.preallocated.size = 4194304 (custom)
2025-09-19 20:46:14,504 [417c597c-13cf-4e34-be96-1680b82aa276-impl-thread3] INFO  server.RaftServerConfigKeys (ConfUtils.java:logGet(62)) - raft.server.log.segment.size.max = 67108864 (custom)
2025-09-19 20:46:14,504 [417c597c-13cf-4e34-be96-1680b82aa276-impl-thread3] INFO  server.RaftServerConfigKeys (ConfUtils.java:logGet(62)) - raft.server.log.appender.buffer.byte-limit = 33554432 (custom)
2025-09-19 20:46:14,505 [417c597c-13cf-4e34-be96-1680b82aa276-impl-thread2] INFO  server.RaftServerConfigKeys (ConfUtils.java:logGet(62)) - raft.server.log.write.buffer.size = 33554440 (custom)
2025-09-19 20:46:14,506 [417c597c-13cf-4e34-be96-1680b82aa276-impl-thread3] INFO  util.AwaitToRun (AwaitToRun.java:start(81)) - Thread[#3723,417c597c-13cf-4e34-be96-1680b82aa276@group-9CA395F3C3E7-cacheEviction-AwaitToRun,5,main] started
2025-09-19 20:46:14,506 [417c597c-13cf-4e34-be96-1680b82aa276-impl-thread3] INFO  segmented.SegmentedRaftLogWorker (SegmentedRaftLogWorker.java:<init>(190)) - new 417c597c-13cf-4e34-be96-1680b82aa276@group-9CA395F3C3E7-SegmentedRaftLogWorker for RaftStorageImpl:Storage Directory /home/runner/work/ozone/ozone/hadoop-ozone/integration-test/target/test-dir/MiniOzoneClusterImpl-990002c2-bb69-4aa2-bd68-28a5e13e86ef/ozone-metadata/datanode-5/ratis/c94d1c9f-8cc3-4489-8058-9ca395f3c3e7
2025-09-19 20:46:14,506 [417c597c-13cf-4e34-be96-1680b82aa276-impl-thread3] INFO  server.RaftServerConfigKeys (ConfUtils.java:logGet(62)) - raft.server.log.queue.byte-limit = 4294967296 (custom)
2025-09-19 20:46:14,506 [417c597c-13cf-4e34-be96-1680b82aa276-impl-thread3] INFO  server.RaftServerConfigKeys (ConfUtils.java:logGet(62)) - raft.server.log.segment.size.max = 67108864 (custom)
2025-09-19 20:46:14,506 [417c597c-13cf-4e34-be96-1680b82aa276-impl-thread3] INFO  server.RaftServerConfigKeys (ConfUtils.java:logGet(62)) - raft.server.log.preallocated.size = 4194304 (custom)
2025-09-19 20:46:14,506 [417c597c-13cf-4e34-be96-1680b82aa276-impl-thread3] INFO  server.RaftServerConfigKeys (ConfUtils.java:logGet(62)) - raft.server.log.write.buffer.size = 33554440 (custom)
2025-09-19 20:46:14,508 [417c597c-13cf-4e34-be96-1680b82aa276-impl-thread1] INFO  server.RaftServerConfigKeys (ConfUtils.java:logGet(62)) - raft.server.log.appender.buffer.byte-limit = 33554432 (custom)
2025-09-19 20:46:14,509 [417c597c-13cf-4e34-be96-1680b82aa276-impl-thread1] INFO  server.RaftServer$Division (ServerState.java:setRaftConf(386)) - 417c597c-13cf-4e34-be96-1680b82aa276@group-9E25D04C2ADC: set configuration conf: {index: 0, cur=peers:[e7feb3b4-5cd1-4322-b271-eb1c248a4412|127.0.0.1:15039, 417c597c-13cf-4e34-be96-1680b82aa276|127.0.0.1:15047, c834ff67-8e28-4894-9cd1-7316b4e587ce|127.0.0.1:15055]|listeners:[], old=null}
2025-09-19 20:46:14,509 [417c597c-13cf-4e34-be96-1680b82aa276-impl-thread1] INFO  segmented.LogSegment (LogSegment.java:loadSegment(171)) - Successfully read 1 entries from segment file /home/runner/work/ozone/ozone/hadoop-ozone/integration-test/target/test-dir/MiniOzoneClusterImpl-990002c2-bb69-4aa2-bd68-28a5e13e86ef/ozone-metadata/datanode-5/ratis/9000e871-2414-43c0-9d82-9e25d04c2adc/current/log_inprogress_0
2025-09-19 20:46:14,509 [417c597c-13cf-4e34-be96-1680b82aa276-impl-thread1] INFO  segmented.SegmentedRaftLogWorker (SegmentedRaftLogWorker.java:lambda$new$0(141)) - 417c597c-13cf-4e34-be96-1680b82aa276@group-9E25D04C2ADC-SegmentedRaftLogWorker: safeCacheEvictIndex: setUnconditionally 0 -> -1
2025-09-19 20:46:14,509 [417c597c-13cf-4e34-be96-1680b82aa276-impl-thread1] INFO  segmented.BufferedWriteChannel (BufferedWriteChannel.java:open(61)) - open log_inprogress_0 (append) at position 351
2025-09-19 20:46:14,510 [417c597c-13cf-4e34-be96-1680b82aa276-impl-thread1] INFO  server.RaftServer$Division (RaftServerImpl.java:start(405)) - 417c597c-13cf-4e34-be96-1680b82aa276@group-9E25D04C2ADC: start as a follower, conf=conf: {index: 0, cur=peers:[e7feb3b4-5cd1-4322-b271-eb1c248a4412|127.0.0.1:15039, 417c597c-13cf-4e34-be96-1680b82aa276|127.0.0.1:15047, c834ff67-8e28-4894-9cd1-7316b4e587ce|127.0.0.1:15055]|listeners:[], old=null}
2025-09-19 20:46:14,510 [417c597c-13cf-4e34-be96-1680b82aa276-impl-thread1] INFO  server.RaftServer$Division (RaftServerImpl.java:setRole(392)) - 417c597c-13cf-4e34-be96-1680b82aa276@group-9E25D04C2ADC: changes role from      null to FOLLOWER at term 1 for startAsFollower
2025-09-19 20:46:14,510 [417c597c-13cf-4e34-be96-1680b82aa276-impl-thread1] INFO  impl.RoleInfo (RoleInfo.java:updateAndGet(148)) - 417c597c-13cf-4e34-be96-1680b82aa276: start 417c597c-13cf-4e34-be96-1680b82aa276@group-9E25D04C2ADC-FollowerState
2025-09-19 20:46:14,511 [417c597c-13cf-4e34-be96-1680b82aa276-impl-thread2] INFO  server.RaftServerConfigKeys (ConfUtils.java:logGet(62)) - raft.server.log.appender.buffer.byte-limit = 33554432 (custom)
2025-09-19 20:46:14,511 [417c597c-13cf-4e34-be96-1680b82aa276-impl-thread1] INFO  util.JmxRegister (JmxRegister.java:tryRegister(44)) - Successfully registered JMX Bean with object name Ratis:service=RaftServer,group=group-9E25D04C2ADC,id=417c597c-13cf-4e34-be96-1680b82aa276
2025-09-19 20:46:14,511 [417c597c-13cf-4e34-be96-1680b82aa276-impl-thread1] INFO  util.JmxRegister (JmxRegister.java:register(58)) - register mxBean class org.apache.ratis.server.impl.RaftServerJmxAdapter as Ratis:service=RaftServer,group=group-9E25D04C2ADC,id=417c597c-13cf-4e34-be96-1680b82aa276
2025-09-19 20:46:14,512 [417c597c-13cf-4e34-be96-1680b82aa276-impl-thread2] INFO  server.RaftServer$Division (ServerState.java:setRaftConf(386)) - 417c597c-13cf-4e34-be96-1680b82aa276@group-ECC9D8425EA7: set configuration conf: {index: 0, cur=peers:[417c597c-13cf-4e34-be96-1680b82aa276|127.0.0.1:15047]|listeners:[], old=null}
2025-09-19 20:46:14,512 [417c597c-13cf-4e34-be96-1680b82aa276-impl-thread2] INFO  segmented.LogSegment (LogSegment.java:loadSegment(171)) - Successfully read 1 entries from segment file /home/runner/work/ozone/ozone/hadoop-ozone/integration-test/target/test-dir/MiniOzoneClusterImpl-990002c2-bb69-4aa2-bd68-28a5e13e86ef/ozone-metadata/datanode-5/ratis/1a407f51-d149-4286-bfb4-ecc9d8425ea7/current/log_inprogress_0
2025-09-19 20:46:14,512 [417c597c-13cf-4e34-be96-1680b82aa276-impl-thread2] INFO  segmented.SegmentedRaftLogWorker (SegmentedRaftLogWorker.java:lambda$new$0(141)) - 417c597c-13cf-4e34-be96-1680b82aa276@group-ECC9D8425EA7-SegmentedRaftLogWorker: safeCacheEvictIndex: setUnconditionally 0 -> -1
2025-09-19 20:46:14,512 [417c597c-13cf-4e34-be96-1680b82aa276-impl-thread2] INFO  segmented.BufferedWriteChannel (BufferedWriteChannel.java:open(61)) - open log_inprogress_0 (append) at position 129
2025-09-19 20:46:14,512 [417c597c-13cf-4e34-be96-1680b82aa276-impl-thread1] INFO  server.RaftServer$Division (RaftServerImpl.java:start(419)) - 417c597c-13cf-4e34-be96-1680b82aa276@group-9E25D04C2ADC: Successfully started.
2025-09-19 20:46:14,513 [417c597c-13cf-4e34-be96-1680b82aa276-impl-thread2] INFO  server.RaftServer$Division (RaftServerImpl.java:start(405)) - 417c597c-13cf-4e34-be96-1680b82aa276@group-ECC9D8425EA7: start as a follower, conf=conf: {index: 0, cur=peers:[417c597c-13cf-4e34-be96-1680b82aa276|127.0.0.1:15047]|listeners:[], old=null}
2025-09-19 20:46:14,513 [417c597c-13cf-4e34-be96-1680b82aa276-impl-thread2] INFO  server.RaftServer$Division (RaftServerImpl.java:setRole(392)) - 417c597c-13cf-4e34-be96-1680b82aa276@group-ECC9D8425EA7: changes role from      null to FOLLOWER at term 1 for startAsFollower
2025-09-19 20:46:14,513 [417c597c-13cf-4e34-be96-1680b82aa276-impl-thread2] INFO  impl.RoleInfo (RoleInfo.java:updateAndGet(148)) - 417c597c-13cf-4e34-be96-1680b82aa276: start 417c597c-13cf-4e34-be96-1680b82aa276@group-ECC9D8425EA7-FollowerState
2025-09-19 20:46:14,513 [417c597c-13cf-4e34-be96-1680b82aa276-impl-thread2] INFO  util.JmxRegister (JmxRegister.java:tryRegister(44)) - Successfully registered JMX Bean with object name Ratis:service=RaftServer,group=group-ECC9D8425EA7,id=417c597c-13cf-4e34-be96-1680b82aa276
2025-09-19 20:46:14,513 [417c597c-13cf-4e34-be96-1680b82aa276-impl-thread2] INFO  util.JmxRegister (JmxRegister.java:register(58)) - register mxBean class org.apache.ratis.server.impl.RaftServerJmxAdapter as Ratis:service=RaftServer,group=group-ECC9D8425EA7,id=417c597c-13cf-4e34-be96-1680b82aa276
2025-09-19 20:46:14,514 [417c597c-13cf-4e34-be96-1680b82aa276-impl-thread2] INFO  server.RaftServer$Division (RaftServerImpl.java:start(419)) - 417c597c-13cf-4e34-be96-1680b82aa276@group-ECC9D8425EA7: Successfully started.
2025-09-19 20:46:14,516 [417c597c-13cf-4e34-be96-1680b82aa276-impl-thread3] INFO  server.RaftServerConfigKeys (ConfUtils.java:logGet(62)) - raft.server.log.appender.buffer.byte-limit = 33554432 (custom)
2025-09-19 20:46:14,517 [417c597c-13cf-4e34-be96-1680b82aa276-impl-thread3] INFO  server.RaftServer$Division (ServerState.java:setRaftConf(386)) - 417c597c-13cf-4e34-be96-1680b82aa276@group-9CA395F3C3E7: set configuration conf: {index: 0, cur=peers:[e7feb3b4-5cd1-4322-b271-eb1c248a4412|127.0.0.1:15039, 417c597c-13cf-4e34-be96-1680b82aa276|127.0.0.1:15047, c834ff67-8e28-4894-9cd1-7316b4e587ce|127.0.0.1:15055]|listeners:[], old=null}
2025-09-19 20:46:14,517 [417c597c-13cf-4e34-be96-1680b82aa276-impl-thread3] INFO  segmented.LogSegment (LogSegment.java:loadSegment(171)) - Successfully read 4 entries from segment file /home/runner/work/ozone/ozone/hadoop-ozone/integration-test/target/test-dir/MiniOzoneClusterImpl-990002c2-bb69-4aa2-bd68-28a5e13e86ef/ozone-metadata/datanode-5/ratis/c94d1c9f-8cc3-4489-8058-9ca395f3c3e7/current/log_inprogress_0
2025-09-19 20:46:14,517 [417c597c-13cf-4e34-be96-1680b82aa276-impl-thread3] INFO  segmented.SegmentedRaftLogWorker (SegmentedRaftLogWorker.java:lambda$new$0(141)) - 417c597c-13cf-4e34-be96-1680b82aa276@group-9CA395F3C3E7-SegmentedRaftLogWorker: flushIndex: setUnconditionally 0 -> 3
2025-09-19 20:46:14,517 [417c597c-13cf-4e34-be96-1680b82aa276-impl-thread3] INFO  segmented.SegmentedRaftLogWorker (SegmentedRaftLogWorker.java:lambda$new$0(141)) - 417c597c-13cf-4e34-be96-1680b82aa276@group-9CA395F3C3E7-SegmentedRaftLogWorker: safeCacheEvictIndex: setUnconditionally 0 -> -1
2025-09-19 20:46:14,517 [417c597c-13cf-4e34-be96-1680b82aa276-impl-thread3] INFO  segmented.BufferedWriteChannel (BufferedWriteChannel.java:open(61)) - open log_inprogress_0 (append) at position 1531
2025-09-19 20:46:14,517 [417c597c-13cf-4e34-be96-1680b82aa276-impl-thread3] INFO  server.RaftServer$Division (RaftServerImpl.java:start(405)) - 417c597c-13cf-4e34-be96-1680b82aa276@group-9CA395F3C3E7: start as a follower, conf=conf: {index: 0, cur=peers:[e7feb3b4-5cd1-4322-b271-eb1c248a4412|127.0.0.1:15039, 417c597c-13cf-4e34-be96-1680b82aa276|127.0.0.1:15047, c834ff67-8e28-4894-9cd1-7316b4e587ce|127.0.0.1:15055]|listeners:[], old=null}
2025-09-19 20:46:14,517 [417c597c-13cf-4e34-be96-1680b82aa276-impl-thread3] INFO  server.RaftServer$Division (RaftServerImpl.java:setRole(392)) - 417c597c-13cf-4e34-be96-1680b82aa276@group-9CA395F3C3E7: changes role from      null to FOLLOWER at term 1 for startAsFollower
2025-09-19 20:46:14,518 [417c597c-13cf-4e34-be96-1680b82aa276-impl-thread3] INFO  impl.RoleInfo (RoleInfo.java:updateAndGet(148)) - 417c597c-13cf-4e34-be96-1680b82aa276: start 417c597c-13cf-4e34-be96-1680b82aa276@group-9CA395F3C3E7-FollowerState
2025-09-19 20:46:14,518 [417c597c-13cf-4e34-be96-1680b82aa276-impl-thread3] INFO  util.JmxRegister (JmxRegister.java:tryRegister(44)) - Successfully registered JMX Bean with object name Ratis:service=RaftServer,group=group-9CA395F3C3E7,id=417c597c-13cf-4e34-be96-1680b82aa276
2025-09-19 20:46:14,518 [417c597c-13cf-4e34-be96-1680b82aa276-impl-thread3] INFO  util.JmxRegister (JmxRegister.java:register(58)) - register mxBean class org.apache.ratis.server.impl.RaftServerJmxAdapter as Ratis:service=RaftServer,group=group-9CA395F3C3E7,id=417c597c-13cf-4e34-be96-1680b82aa276
2025-09-19 20:46:14,518 [417c597c-13cf-4e34-be96-1680b82aa276-impl-thread3] INFO  server.RaftServer$Division (RaftServerImpl.java:start(419)) - 417c597c-13cf-4e34-be96-1680b82aa276@group-9CA395F3C3E7: Successfully started.
2025-09-19 20:46:14,519 [417c597c-13cf-4e34-be96-1680b82aa276-EndpointStateMachineTaskThread-/0.0.0.0:15002-0 ] INFO  server.RaftServer (RaftServerProxy.java:startImpl(412)) - 417c597c-13cf-4e34-be96-1680b82aa276: start RPC server
2025-09-19 20:46:14,519 [417c597c-13cf-4e34-be96-1680b82aa276-EndpointStateMachineTaskThread-/0.0.0.0:15002-0 ] INFO  server.GrpcServicesImpl (GrpcServicesImpl.java:startImpl(346)) - 417c597c-13cf-4e34-be96-1680b82aa276: GrpcServicesImpl started, listening on 15045
2025-09-19 20:46:14,520 [417c597c-13cf-4e34-be96-1680b82aa276-EndpointStateMachineTaskThread-/0.0.0.0:15002-0 ] INFO  server.GrpcServicesImpl (GrpcServicesImpl.java:startImpl(346)) - 417c597c-13cf-4e34-be96-1680b82aa276: GrpcServicesImpl started, listening on 15047
2025-09-19 20:46:14,520 [417c597c-13cf-4e34-be96-1680b82aa276-EndpointStateMachineTaskThread-/0.0.0.0:15002-0 ] INFO  server.GrpcServicesImpl (GrpcServicesImpl.java:startImpl(346)) - 417c597c-13cf-4e34-be96-1680b82aa276: GrpcServicesImpl started, listening on 15046
2025-09-19 20:46:14,520 [417c597c-13cf-4e34-be96-1680b82aa276-EndpointStateMachineTaskThread-/0.0.0.0:15002-0 ] INFO  ratis.XceiverServerRatis (XceiverServerRatis.java:getRealPort(587)) - XceiverServerRatis(417c597c-13cf-4e34-be96-1680b82aa276) is started using port RATIS=15045
2025-09-19 20:46:14,520 [JvmPauseMonitor19] INFO  util.JvmPauseMonitor (JvmPauseMonitor.java:run(146)) - JvmPauseMonitor-417c597c-13cf-4e34-be96-1680b82aa276: Started
2025-09-19 20:46:14,520 [417c597c-13cf-4e34-be96-1680b82aa276-EndpointStateMachineTaskThread-/0.0.0.0:15002-0 ] INFO  ratis.XceiverServerRatis (XceiverServerRatis.java:getRealPort(587)) - XceiverServerRatis(417c597c-13cf-4e34-be96-1680b82aa276) is started using port RATIS_ADMIN=15046
2025-09-19 20:46:14,520 [417c597c-13cf-4e34-be96-1680b82aa276-EndpointStateMachineTaskThread-/0.0.0.0:15002-0 ] INFO  ratis.XceiverServerRatis (XceiverServerRatis.java:getRealPort(587)) - XceiverServerRatis(417c597c-13cf-4e34-be96-1680b82aa276) is started using port RATIS_SERVER=15047
2025-09-19 20:46:14,520 [417c597c-13cf-4e34-be96-1680b82aa276-EndpointStateMachineTaskThread-/0.0.0.0:15002-0 ] INFO  ratis.XceiverServerRatis (XceiverServerRatis.java:getRealPort(587)) - XceiverServerRatis(417c597c-13cf-4e34-be96-1680b82aa276) is started using port RATIS_DATASTREAM=15048
2025-09-19 20:46:14,521 [417c597c-13cf-4e34-be96-1680b82aa276-EndpointStateMachineTaskThread-/0.0.0.0:15002-0 ] INFO  utils.BackgroundService (BackgroundService.java:start(119)) - Starting service BlockDeletingService with interval 60000 milliseconds
2025-09-19 20:46:14,521 [417c597c-13cf-4e34-be96-1680b82aa276-EndpointStateMachineTaskThread-/0.0.0.0:15002-0 ] INFO  utils.BackgroundService (BackgroundService.java:start(119)) - Starting service StaleRecoveringContainerScrubbingService with interval 60000 milliseconds
2025-09-19 20:46:15,510 [grpc-default-executor-7] INFO  server.RaftServer$Division (RaftServerImpl.java:setFirstElection(576)) - 417c597c-13cf-4e34-be96-1680b82aa276@group-9CA395F3C3E7: set firstElectionSinceStartup to false for appendEntries
2025-09-19 20:46:15,510 [grpc-default-executor-7] INFO  ratis.XceiverServerRatis (XceiverServerRatis.java:handleLeaderChangedNotification(942)) - Leader change notification received for group: group-9CA395F3C3E7 with new leaderId: c834ff67-8e28-4894-9cd1-7316b4e587ce
2025-09-19 20:46:15,510 [grpc-default-executor-7] INFO  server.RaftServer$Division (ServerState.java:setLeader(272)) - 417c597c-13cf-4e34-be96-1680b82aa276@group-9CA395F3C3E7: change Leader from null to c834ff67-8e28-4894-9cd1-7316b4e587ce at term 1 for appendEntries, leader elected after 1698ms
2025-09-19 20:46:15,510 [grpc-default-executor-7] INFO  server.RaftServer$Division (RaftServerImpl.java:checkInconsistentAppendEntries(1673)) - 417c597c-13cf-4e34-be96-1680b82aa276@group-9CA395F3C3E7: Failed appendEntries as previous log entry ((t:1, i:13)) is not found
2025-09-19 20:46:15,510 [grpc-default-executor-7] INFO  server.RaftServer$Division (RaftServerImpl.java:appendEntriesAsync(1594)) - 417c597c-13cf-4e34-be96-1680b82aa276@group-9CA395F3C3E7: appendEntries* reply c834ff67-8e28-4894-9cd1-7316b4e587ce<-417c597c-13cf-4e34-be96-1680b82aa276#2245:FAIL-t1,INCONSISTENCY,nextIndex=4,followerCommit=2,matchIndex=-1
2025-09-19 20:46:15,511 [grpc-default-executor-7] WARN  server.GrpcLogAppender (GrpcLogAppender.java:lambda$onNextImpl$0(527)) - c834ff67-8e28-4894-9cd1-7316b4e587ce@group-9CA395F3C3E7->417c597c-13cf-4e34-be96-1680b82aa276-AppendLogResponseHandler: received INCONSISTENCY reply with nextIndex 4, errorCount=31, request=AppendEntriesRequest:cid=2245,entriesCount=0 
2025-09-19 20:46:15,511 [grpc-default-executor-7] INFO  leader.FollowerInfo (FollowerInfoImpl.java:info(70)) - c834ff67-8e28-4894-9cd1-7316b4e587ce@group-9CA395F3C3E7->417c597c-13cf-4e34-be96-1680b82aa276: setNextIndex nextIndex: updateUnconditionally 14 -> 4
2025-09-19 20:46:15,589 [417c597c-13cf-4e34-be96-1680b82aa276@group-9E25D04C2ADC-FollowerState] INFO  impl.FollowerState (FollowerState.java:runImpl(161)) - 417c597c-13cf-4e34-be96-1680b82aa276@group-9E25D04C2ADC-FollowerState: change to CANDIDATE, lastRpcElapsedTime:1078466903ns, electionTimeout:1078ms
2025-09-19 20:46:15,589 [417c597c-13cf-4e34-be96-1680b82aa276@group-9E25D04C2ADC-FollowerState] INFO  impl.RoleInfo (RoleInfo.java:shutdownFollowerState(121)) - 417c597c-13cf-4e34-be96-1680b82aa276: shutdown 417c597c-13cf-4e34-be96-1680b82aa276@group-9E25D04C2ADC-FollowerState
2025-09-19 20:46:15,589 [417c597c-13cf-4e34-be96-1680b82aa276@group-9E25D04C2ADC-FollowerState] INFO  server.RaftServer$Division (RaftServerImpl.java:setRole(392)) - 417c597c-13cf-4e34-be96-1680b82aa276@group-9E25D04C2ADC: changes role from  FOLLOWER to CANDIDATE at term 1 for changeToCandidate
2025-09-19 20:46:15,590 [417c597c-13cf-4e34-be96-1680b82aa276@group-9E25D04C2ADC-FollowerState] INFO  impl.RoleInfo (RoleInfo.java:updateAndGet(148)) - 417c597c-13cf-4e34-be96-1680b82aa276: start 417c597c-13cf-4e34-be96-1680b82aa276@group-9E25D04C2ADC-LeaderElection303
2025-09-19 20:46:15,590 [417c597c-13cf-4e34-be96-1680b82aa276@group-9E25D04C2ADC-LeaderElection303] INFO  impl.LeaderElection (LeaderElection.java:askForVotes(448)) - 417c597c-13cf-4e34-be96-1680b82aa276@group-9E25D04C2ADC-LeaderElection303 PRE_VOTE round 0: submit vote requests at term 1 for conf: {index: 0, cur=peers:[e7feb3b4-5cd1-4322-b271-eb1c248a4412|127.0.0.1:15039, 417c597c-13cf-4e34-be96-1680b82aa276|127.0.0.1:15047, c834ff67-8e28-4894-9cd1-7316b4e587ce|127.0.0.1:15055]|listeners:[], old=null}
2025-09-19 20:46:15,590 [417c597c-13cf-4e34-be96-1680b82aa276@group-9E25D04C2ADC-LeaderElection303-1] INFO  server.GrpcServerProtocolClient (GrpcServerProtocolClient.java:<init>(65)) - Build channel for e7feb3b4-5cd1-4322-b271-eb1c248a4412|127.0.0.1:15039
2025-09-19 20:46:15,591 [417c597c-13cf-4e34-be96-1680b82aa276@group-9E25D04C2ADC-LeaderElection303-2] INFO  server.GrpcServerProtocolClient (GrpcServerProtocolClient.java:<init>(65)) - Build channel for c834ff67-8e28-4894-9cd1-7316b4e587ce|127.0.0.1:15055
2025-09-19 20:46:15,597 [grpc-default-executor-7] INFO  server.RaftServer$Division (RaftServerImpl.java:requestVote(1421)) - e7feb3b4-5cd1-4322-b271-eb1c248a4412@group-9E25D04C2ADC: receive requestVote(PRE_VOTE, 417c597c-13cf-4e34-be96-1680b82aa276, group-9E25D04C2ADC, 1, (t:1, i:0))
2025-09-19 20:46:15,597 [grpc-default-executor-5] INFO  server.RaftServer$Division (RaftServerImpl.java:requestVote(1421)) - c834ff67-8e28-4894-9cd1-7316b4e587ce@group-9E25D04C2ADC: receive requestVote(PRE_VOTE, 417c597c-13cf-4e34-be96-1680b82aa276, group-9E25D04C2ADC, 1, (t:1, i:0))
2025-09-19 20:46:15,597 [grpc-default-executor-7] INFO  impl.VoteContext (VoteContext.java:log(49)) - e7feb3b4-5cd1-4322-b271-eb1c248a4412@group-9E25D04C2ADC-FOLLOWER: reject PRE_VOTE from 417c597c-13cf-4e34-be96-1680b82aa276: this server is a follower and still has a valid leader c834ff67-8e28-4894-9cd1-7316b4e587ce different than the candidate 417c597c-13cf-4e34-be96-1680b82aa276
2025-09-19 20:46:15,597 [grpc-default-executor-7] INFO  server.RaftServer$Division (RaftServerImpl.java:requestVote(1455)) - e7feb3b4-5cd1-4322-b271-eb1c248a4412@group-9E25D04C2ADC replies to PRE_VOTE vote request: 417c597c-13cf-4e34-be96-1680b82aa276<-e7feb3b4-5cd1-4322-b271-eb1c248a4412#0:FAIL-t2-last:(t:2, i:5). Peer's state: e7feb3b4-5cd1-4322-b271-eb1c248a4412@group-9E25D04C2ADC:t2, leader=c834ff67-8e28-4894-9cd1-7316b4e587ce, voted=c834ff67-8e28-4894-9cd1-7316b4e587ce, raftlog=Memoized:e7feb3b4-5cd1-4322-b271-eb1c248a4412@group-9E25D04C2ADC-SegmentedRaftLog:OPENED:c5:last(t:2, i:5), conf=conf: {index: 1, cur=peers:[e7feb3b4-5cd1-4322-b271-eb1c248a4412|127.0.0.1:15039, 417c597c-13cf-4e34-be96-1680b82aa276|127.0.0.1:15047, c834ff67-8e28-4894-9cd1-7316b4e587ce|127.0.0.1:15055]|listeners:[], old=null}
2025-09-19 20:46:15,598 [417c597c-13cf-4e34-be96-1680b82aa276@group-9E25D04C2ADC-LeaderElection303] INFO  impl.LeaderElection (LeaderElection.java:logAndReturn(206)) - 417c597c-13cf-4e34-be96-1680b82aa276@group-9E25D04C2ADC-LeaderElection303: PRE_VOTE DISCOVERED_A_NEW_TERM (term=2) received 1 response(s) and 0 exception(s):
2025-09-19 20:46:15,598 [417c597c-13cf-4e34-be96-1680b82aa276@group-9E25D04C2ADC-LeaderElection303] INFO  impl.LeaderElection (LeaderElection.java:logAndReturn(210)) -   Response 0: 417c597c-13cf-4e34-be96-1680b82aa276<-e7feb3b4-5cd1-4322-b271-eb1c248a4412#0:FAIL-t2-last:(t:2, i:5)
2025-09-19 20:46:15,598 [417c597c-13cf-4e34-be96-1680b82aa276@group-9E25D04C2ADC-LeaderElection303] INFO  impl.LeaderElection (LeaderElection.java:askForVotes(450)) - 417c597c-13cf-4e34-be96-1680b82aa276@group-9E25D04C2ADC-LeaderElection303 PRE_VOTE round 0: result DISCOVERED_A_NEW_TERM (term=2)
2025-09-19 20:46:15,598 [417c597c-13cf-4e34-be96-1680b82aa276@group-9E25D04C2ADC-LeaderElection303] INFO  server.RaftServer$Division (RaftServerImpl.java:setRole(392)) - 417c597c-13cf-4e34-be96-1680b82aa276@group-9E25D04C2ADC: changes role from CANDIDATE to FOLLOWER at term 1 for DISCOVERED_A_NEW_TERM (term=2)
2025-09-19 20:46:15,598 [417c597c-13cf-4e34-be96-1680b82aa276@group-9E25D04C2ADC-LeaderElection303] INFO  impl.RoleInfo (RoleInfo.java:shutdownLeaderElection(141)) - 417c597c-13cf-4e34-be96-1680b82aa276: shutdown 417c597c-13cf-4e34-be96-1680b82aa276@group-9E25D04C2ADC-LeaderElection303
2025-09-19 20:46:15,598 [417c597c-13cf-4e34-be96-1680b82aa276@group-9E25D04C2ADC-LeaderElection303] INFO  impl.RoleInfo (RoleInfo.java:updateAndGet(148)) - 417c597c-13cf-4e34-be96-1680b82aa276: start 417c597c-13cf-4e34-be96-1680b82aa276@group-9E25D04C2ADC-FollowerState
2025-09-19 20:46:15,599 [grpc-default-executor-5] INFO  impl.VoteContext (VoteContext.java:log(49)) - c834ff67-8e28-4894-9cd1-7316b4e587ce@group-9E25D04C2ADC-LEADER: reject PRE_VOTE from 417c597c-13cf-4e34-be96-1680b82aa276: this server is the leader and still has leadership
2025-09-19 20:46:15,599 [grpc-default-executor-5] INFO  server.RaftServer$Division (RaftServerImpl.java:requestVote(1455)) - c834ff67-8e28-4894-9cd1-7316b4e587ce@group-9E25D04C2ADC replies to PRE_VOTE vote request: 417c597c-13cf-4e34-be96-1680b82aa276<-c834ff67-8e28-4894-9cd1-7316b4e587ce#0:FAIL-t2-last:(t:2, i:5). Peer's state: c834ff67-8e28-4894-9cd1-7316b4e587ce@group-9E25D04C2ADC:t2, leader=c834ff67-8e28-4894-9cd1-7316b4e587ce, voted=c834ff67-8e28-4894-9cd1-7316b4e587ce, raftlog=Memoized:c834ff67-8e28-4894-9cd1-7316b4e587ce@group-9E25D04C2ADC-SegmentedRaftLog:OPENED:c5:last(t:2, i:5), conf=conf: {index: 1, cur=peers:[e7feb3b4-5cd1-4322-b271-eb1c248a4412|127.0.0.1:15039, 417c597c-13cf-4e34-be96-1680b82aa276|127.0.0.1:15047, c834ff67-8e28-4894-9cd1-7316b4e587ce|127.0.0.1:15055]|listeners:[], old=null}
2025-09-19 20:46:15,599 [417c597c-13cf-4e34-be96-1680b82aa276@group-9E25D04C2ADC-LeaderElection303] INFO  server.RaftServer$Division (RaftServerImpl.java:setFirstElection(576)) - 417c597c-13cf-4e34-be96-1680b82aa276@group-9E25D04C2ADC: set firstElectionSinceStartup to false for DISCOVERED_A_NEW_TERM (term=2)
2025-09-19 20:46:15,657 [timer2] INFO  server.GrpcServerProtocolService (GrpcServerProtocolService.java:lambda$null$7(175)) - c834ff67-8e28-4894-9cd1-7316b4e587ce: Completed APPEND_ENTRIES, lastReply: null  (Repeated 2 times in the last 5.000s)
2025-09-19 20:46:15,657 [timer3] INFO  server.GrpcServerProtocolService (GrpcServerProtocolService.java:lambda$onCompleted$6(171)) - e7feb3b4-5cd1-4322-b271-eb1c248a4412: Completed APPEND_ENTRIES, lastRequest: null  (Repeated 2 times in the last 5.000s)
2025-09-19 20:46:15,657 [timer1] INFO  server.GrpcServerProtocolService (GrpcServerProtocolService.java:lambda$onCompleted$6(171)) - c834ff67-8e28-4894-9cd1-7316b4e587ce: Completed APPEND_ENTRIES, lastRequest: 417c597c-13cf-4e34-be96-1680b82aa276->c834ff67-8e28-4894-9cd1-7316b4e587ce#1-t1,previous=<PROTO_DEFAULT>,leaderCommit=-1,initializing? false,entries: size=1, first=(t:1, i:0), CONFIGURATIONENTRY(current:id:"e7feb3b4-5cd1-4322-b271-eb1c248a4412"address:"127.0.0.1:15039"dataStreamAddress:"127.0.0.1:15040"clientAddress:"127.0.0.1:15037"adminAddress:"127.0.0.1:15038"startupRole:FOLLOWER, id:"417c597c-13cf-4e34-be96-1680b82aa276"address:"127.0.0.1:15047"priority:1dataStreamAddress:"127.0.0.1:15048"clientAddress:"127.0.0.1:15045"adminAddress:"127.0.0.1:15046"startupRole:FOLLOWER, id:"c834ff67-8e28-4894-9cd1-7316b4e587ce"address:"127.0.0.1:15055"dataStreamAddress:"127.0.0.1:15056"clientAddress:"127.0.0.1:15053"adminAddress:"127.0.0.1:15054"startupRole:FOLLOWER, old:)  (Repeated 2 times in the last 5.000s)
2025-09-19 20:46:15,657 [timer4] INFO  server.GrpcServerProtocolService (GrpcServerProtocolService.java:lambda$null$7(175)) - e7feb3b4-5cd1-4322-b271-eb1c248a4412: Completed APPEND_ENTRIES, lastReply: serverReply {
  requestorId: "417c597c-13cf-4e34-be96-1680b82aa276"
  replyId: "e7feb3b4-5cd1-4322-b271-eb1c248a4412"
  raftGroupId {
    id: "\220\000\350q$\024C\300\235\202\236%\320L*\334"
  }
  callId: 358
  success: true
}
term: 1
nextIndex: 1
matchIndex: 18446744073709551615
isHearbeat: true
  (Repeated 2 times in the last 5.000s)
2025-09-19 20:46:15,663 [timer5] WARN  server.GrpcLogAppender (LogUtils.java:warn(127)) - c834ff67-8e28-4894-9cd1-7316b4e587ce@group-9CA395F3C3E7->417c597c-13cf-4e34-be96-1680b82aa276-AppendLogResponseHandler: Failed appendEntries (Repeated 30 times in the last 5.000s): org.apache.ratis.thirdparty.io.grpc.StatusRuntimeException: UNAVAILABLE: io exception
  Caused by: org.apache.ratis.thirdparty.io.netty.channel.AbstractChannel$AnnotatedConnectException: finishConnect(..) failed: Connection refused: /127.0.0.1:15047
  Caused by: java.net.ConnectException: finishConnect(..) failed: Connection refused
2025-09-19 20:46:15,664 [timer6] WARN  server.GrpcLogAppender (GrpcLogAppender.java:lambda$resetClient$1(228)) - c834ff67-8e28-4894-9cd1-7316b4e587ce@group-9CA395F3C3E7->417c597c-13cf-4e34-be96-1680b82aa276-GrpcLogAppender: Follower failed (request=null, errorCount=16); keep nextIndex (4) unchanged and retry. (Repeated 16 times in the last 5.001s)
2025-09-19 20:46:15,697 [417c597c-13cf-4e34-be96-1680b82aa276@group-ECC9D8425EA7-FollowerState] INFO  impl.FollowerState (FollowerState.java:runImpl(161)) - 417c597c-13cf-4e34-be96-1680b82aa276@group-ECC9D8425EA7-FollowerState: change to CANDIDATE, lastRpcElapsedTime:1184516138ns, electionTimeout:1184ms
2025-09-19 20:46:15,698 [417c597c-13cf-4e34-be96-1680b82aa276@group-ECC9D8425EA7-FollowerState] INFO  impl.RoleInfo (RoleInfo.java:shutdownFollowerState(121)) - 417c597c-13cf-4e34-be96-1680b82aa276: shutdown 417c597c-13cf-4e34-be96-1680b82aa276@group-ECC9D8425EA7-FollowerState
2025-09-19 20:46:15,698 [417c597c-13cf-4e34-be96-1680b82aa276@group-ECC9D8425EA7-FollowerState] INFO  server.RaftServer$Division (RaftServerImpl.java:setRole(392)) - 417c597c-13cf-4e34-be96-1680b82aa276@group-ECC9D8425EA7: changes role from  FOLLOWER to CANDIDATE at term 1 for changeToCandidate
2025-09-19 20:46:15,698 [417c597c-13cf-4e34-be96-1680b82aa276@group-ECC9D8425EA7-FollowerState] INFO  impl.RoleInfo (RoleInfo.java:updateAndGet(148)) - 417c597c-13cf-4e34-be96-1680b82aa276: start 417c597c-13cf-4e34-be96-1680b82aa276@group-ECC9D8425EA7-LeaderElection304
2025-09-19 20:46:15,698 [417c597c-13cf-4e34-be96-1680b82aa276@group-ECC9D8425EA7-LeaderElection304] INFO  impl.LeaderElection (LeaderElection.java:askForVotes(448)) - 417c597c-13cf-4e34-be96-1680b82aa276@group-ECC9D8425EA7-LeaderElection304 PRE_VOTE round 0: submit vote requests at term 1 for conf: {index: 0, cur=peers:[417c597c-13cf-4e34-be96-1680b82aa276|127.0.0.1:15047]|listeners:[], old=null}
2025-09-19 20:46:15,698 [417c597c-13cf-4e34-be96-1680b82aa276@group-ECC9D8425EA7-LeaderElection304] INFO  impl.LeaderElection (LeaderElection.java:askForVotes(450)) - 417c597c-13cf-4e34-be96-1680b82aa276@group-ECC9D8425EA7-LeaderElection304 PRE_VOTE round 0: result PASSED (term=1)
2025-09-19 20:46:15,700 [417c597c-13cf-4e34-be96-1680b82aa276@group-ECC9D8425EA7-LeaderElection304] INFO  impl.LeaderElection (LeaderElection.java:askForVotes(448)) - 417c597c-13cf-4e34-be96-1680b82aa276@group-ECC9D8425EA7-LeaderElection304 ELECTION round 0: submit vote requests at term 2 for conf: {index: 0, cur=peers:[417c597c-13cf-4e34-be96-1680b82aa276|127.0.0.1:15047]|listeners:[], old=null}
2025-09-19 20:46:15,700 [417c597c-13cf-4e34-be96-1680b82aa276@group-ECC9D8425EA7-LeaderElection304] INFO  impl.LeaderElection (LeaderElection.java:askForVotes(450)) - 417c597c-13cf-4e34-be96-1680b82aa276@group-ECC9D8425EA7-LeaderElection304 ELECTION round 0: result PASSED (term=2)
2025-09-19 20:46:15,700 [417c597c-13cf-4e34-be96-1680b82aa276@group-ECC9D8425EA7-LeaderElection304] INFO  impl.RoleInfo (RoleInfo.java:shutdownLeaderElection(141)) - 417c597c-13cf-4e34-be96-1680b82aa276: shutdown 417c597c-13cf-4e34-be96-1680b82aa276@group-ECC9D8425EA7-LeaderElection304
2025-09-19 20:46:15,700 [417c597c-13cf-4e34-be96-1680b82aa276@group-ECC9D8425EA7-LeaderElection304] INFO  server.RaftServer$Division (RaftServerImpl.java:setRole(392)) - 417c597c-13cf-4e34-be96-1680b82aa276@group-ECC9D8425EA7: changes role from CANDIDATE to LEADER at term 2 for changeToLeader
2025-09-19 20:46:15,701 [417c597c-13cf-4e34-be96-1680b82aa276@group-ECC9D8425EA7-LeaderElection304] INFO  server.RaftServerConfigKeys (ConfUtils.java:logFallback(69)) - raft.server.staging.timeout = 3600ms (fallback to raft.server.rpc.timeout.max)
2025-09-19 20:46:15,701 [417c597c-13cf-4e34-be96-1680b82aa276@group-ECC9D8425EA7-LeaderElection304] INFO  server.RaftServerConfigKeys (ConfUtils.java:logGet(62)) - raft.server.write.byte-limit = 1024 M (=1073741824) (custom)
2025-09-19 20:46:15,702 [417c597c-13cf-4e34-be96-1680b82aa276@group-ECC9D8425EA7-LeaderElection304] INFO  impl.RoleInfo (RoleInfo.java:updateAndGet(148)) - 417c597c-13cf-4e34-be96-1680b82aa276: start 417c597c-13cf-4e34-be96-1680b82aa276@group-ECC9D8425EA7-LeaderStateImpl
2025-09-19 20:46:15,702 [417c597c-13cf-4e34-be96-1680b82aa276@group-ECC9D8425EA7-LeaderElection304] INFO  server.RaftServer$Division (RaftServerImpl.java:setFirstElection(576)) - 417c597c-13cf-4e34-be96-1680b82aa276@group-ECC9D8425EA7: set firstElectionSinceStartup to false for becomeLeader
2025-09-19 20:46:15,702 [417c597c-13cf-4e34-be96-1680b82aa276@group-ECC9D8425EA7-LeaderElection304] INFO  ratis.XceiverServerRatis (XceiverServerRatis.java:handleLeaderChangedNotification(942)) - Leader change notification received for group: group-ECC9D8425EA7 with new leaderId: 417c597c-13cf-4e34-be96-1680b82aa276
2025-09-19 20:46:15,702 [417c597c-13cf-4e34-be96-1680b82aa276@group-ECC9D8425EA7-LeaderElection304] INFO  server.RaftServer$Division (ServerState.java:setLeader(272)) - 417c597c-13cf-4e34-be96-1680b82aa276@group-ECC9D8425EA7: change Leader from null to 417c597c-13cf-4e34-be96-1680b82aa276 at term 2 for becomeLeader, leader elected after 1895ms
2025-09-19 20:46:15,703 [417c597c-13cf-4e34-be96-1680b82aa276@group-ECC9D8425EA7-LeaderElection304] INFO  segmented.SegmentedRaftLogWorker (SegmentedRaftLogWorker.java:rollLogSegment(445)) - 417c597c-13cf-4e34-be96-1680b82aa276@group-ECC9D8425EA7-SegmentedRaftLogWorker: Rolling segment log-0_0 to index:0
2025-09-19 20:46:15,703 [417c597c-13cf-4e34-be96-1680b82aa276@group-ECC9D8425EA7-LeaderElection304] INFO  server.RaftServer$Division (ServerState.java:setRaftConf(386)) - 417c597c-13cf-4e34-be96-1680b82aa276@group-ECC9D8425EA7: set configuration conf: {index: 1, cur=peers:[417c597c-13cf-4e34-be96-1680b82aa276|127.0.0.1:15047]|listeners:[], old=null}
2025-09-19 20:46:15,703 [417c597c-13cf-4e34-be96-1680b82aa276@group-ECC9D8425EA7-SegmentedRaftLogWorker] INFO  segmented.SegmentedRaftLogWorker (SegmentedRaftLogWorker.java:execute(604)) - 417c597c-13cf-4e34-be96-1680b82aa276@group-ECC9D8425EA7-SegmentedRaftLogWorker: Rolled log segment from /home/runner/work/ozone/ozone/hadoop-ozone/integration-test/target/test-dir/MiniOzoneClusterImpl-990002c2-bb69-4aa2-bd68-28a5e13e86ef/ozone-metadata/datanode-5/ratis/1a407f51-d149-4286-bfb4-ecc9d8425ea7/current/log_inprogress_0 to /home/runner/work/ozone/ozone/hadoop-ozone/integration-test/target/test-dir/MiniOzoneClusterImpl-990002c2-bb69-4aa2-bd68-28a5e13e86ef/ozone-metadata/datanode-5/ratis/1a407f51-d149-4286-bfb4-ecc9d8425ea7/current/log_0-0
2025-09-19 20:46:15,703 [417c597c-13cf-4e34-be96-1680b82aa276@group-ECC9D8425EA7-SegmentedRaftLogWorker] INFO  segmented.BufferedWriteChannel (BufferedWriteChannel.java:open(61)) - open log_inprogress_1 at position 0
2025-09-19 20:46:15,709 [417c597c-13cf-4e34-be96-1680b82aa276@group-ECC9D8425EA7-SegmentedRaftLogWorker] INFO  segmented.SegmentedRaftLogWorker (SegmentedRaftLogWorker.java:execute(647)) - 417c597c-13cf-4e34-be96-1680b82aa276@group-ECC9D8425EA7-SegmentedRaftLogWorker: created new log segment /home/runner/work/ozone/ozone/hadoop-ozone/integration-test/target/test-dir/MiniOzoneClusterImpl-990002c2-bb69-4aa2-bd68-28a5e13e86ef/ozone-metadata/datanode-5/ratis/1a407f51-d149-4286-bfb4-ecc9d8425ea7/current/log_inprogress_1
2025-09-19 20:46:15,710 [417c597c-13cf-4e34-be96-1680b82aa276@group-ECC9D8425EA7-StateMachineUpdater] INFO  server.RaftServer$Division (LeaderStateImpl.java:checkStartIndex(309)) - Leader 417c597c-13cf-4e34-be96-1680b82aa276@group-ECC9D8425EA7-LeaderStateImpl is ready since appliedIndex == startIndex == 1
2025-09-19 20:46:16,064 [grpc-default-executor-5] INFO  ratis.XceiverServerRatis (XceiverServerRatis.java:handleLeaderChangedNotification(942)) - Leader change notification received for group: group-9E25D04C2ADC with new leaderId: c834ff67-8e28-4894-9cd1-7316b4e587ce
2025-09-19 20:46:16,064 [grpc-default-executor-5] INFO  server.RaftServer$Division (ServerState.java:setLeader(272)) - 417c597c-13cf-4e34-be96-1680b82aa276@group-9E25D04C2ADC: change Leader from null to c834ff67-8e28-4894-9cd1-7316b4e587ce at term 2 for appendEntries, leader elected after 2247ms
2025-09-19 20:46:16,064 [grpc-default-executor-5] INFO  server.RaftServer$Division (RaftServerImpl.java:checkInconsistentAppendEntries(1673)) - 417c597c-13cf-4e34-be96-1680b82aa276@group-9E25D04C2ADC: Failed appendEntries as previous log entry ((t:2, i:5)) is not found
2025-09-19 20:46:16,064 [grpc-default-executor-5] INFO  server.RaftServer$Division (RaftServerImpl.java:appendEntriesAsync(1594)) - 417c597c-13cf-4e34-be96-1680b82aa276@group-9E25D04C2ADC: appendEntries* reply c834ff67-8e28-4894-9cd1-7316b4e587ce<-417c597c-13cf-4e34-be96-1680b82aa276#1391:FAIL-t2,INCONSISTENCY,nextIndex=1,followerCommit=0,matchIndex=-1
2025-09-19 20:46:16,065 [grpc-default-executor-5] WARN  server.GrpcLogAppender (GrpcLogAppender.java:lambda$onNextImpl$0(527)) - c834ff67-8e28-4894-9cd1-7316b4e587ce@group-9E25D04C2ADC->417c597c-13cf-4e34-be96-1680b82aa276-AppendLogResponseHandler: received INCONSISTENCY reply with nextIndex 1, errorCount=21, request=AppendEntriesRequest:cid=1391,entriesCount=0 
2025-09-19 20:46:16,065 [grpc-default-executor-5] INFO  leader.FollowerInfo (FollowerInfoImpl.java:info(70)) - c834ff67-8e28-4894-9cd1-7316b4e587ce@group-9E25D04C2ADC->417c597c-13cf-4e34-be96-1680b82aa276: setNextIndex nextIndex: updateUnconditionally 6 -> 1
2025-09-19 20:46:16,068 [grpc-default-executor-5] INFO  server.RaftServer$Division (ServerState.java:setRaftConf(386)) - 417c597c-13cf-4e34-be96-1680b82aa276@group-9E25D04C2ADC: set configuration conf: {index: 1, cur=peers:[e7feb3b4-5cd1-4322-b271-eb1c248a4412|127.0.0.1:15039, 417c597c-13cf-4e34-be96-1680b82aa276|127.0.0.1:15047, c834ff67-8e28-4894-9cd1-7316b4e587ce|127.0.0.1:15055]|listeners:[], old=null}
2025-09-19 20:46:16,068 [grpc-default-executor-5] INFO  segmented.SegmentedRaftLogWorker (SegmentedRaftLogWorker.java:rollLogSegment(445)) - 417c597c-13cf-4e34-be96-1680b82aa276@group-9E25D04C2ADC-SegmentedRaftLogWorker: Rolling segment log-0_0 to index:0
2025-09-19 20:46:16,069 [417c597c-13cf-4e34-be96-1680b82aa276@group-9E25D04C2ADC-SegmentedRaftLogWorker] INFO  segmented.SegmentedRaftLogWorker (SegmentedRaftLogWorker.java:execute(604)) - 417c597c-13cf-4e34-be96-1680b82aa276@group-9E25D04C2ADC-SegmentedRaftLogWorker: Rolled log segment from /home/runner/work/ozone/ozone/hadoop-ozone/integration-test/target/test-dir/MiniOzoneClusterImpl-990002c2-bb69-4aa2-bd68-28a5e13e86ef/ozone-metadata/datanode-5/ratis/9000e871-2414-43c0-9d82-9e25d04c2adc/current/log_inprogress_0 to /home/runner/work/ozone/ozone/hadoop-ozone/integration-test/target/test-dir/MiniOzoneClusterImpl-990002c2-bb69-4aa2-bd68-28a5e13e86ef/ozone-metadata/datanode-5/ratis/9000e871-2414-43c0-9d82-9e25d04c2adc/current/log_0-0
2025-09-19 20:46:16,069 [417c597c-13cf-4e34-be96-1680b82aa276@group-9E25D04C2ADC-SegmentedRaftLogWorker] INFO  segmented.BufferedWriteChannel (BufferedWriteChannel.java:open(61)) - open log_inprogress_1 at position 0
2025-09-19 20:46:16,074 [417c597c-13cf-4e34-be96-1680b82aa276@group-9E25D04C2ADC-SegmentedRaftLogWorker] INFO  segmented.SegmentedRaftLogWorker (SegmentedRaftLogWorker.java:execute(647)) - 417c597c-13cf-4e34-be96-1680b82aa276@group-9E25D04C2ADC-SegmentedRaftLogWorker: created new log segment /home/runner/work/ozone/ozone/hadoop-ozone/integration-test/target/test-dir/MiniOzoneClusterImpl-990002c2-bb69-4aa2-bd68-28a5e13e86ef/ozone-metadata/datanode-5/ratis/9000e871-2414-43c0-9d82-9e25d04c2adc/current/log_inprogress_1
2025-09-19 20:46:16,079 [ForkJoinPool-1-worker-1] INFO  ozoneimpl.OzoneContainer (OzoneContainer.java:stop(549)) - Attempting to stop container services.
2025-09-19 20:46:16,080 [ContainerMetadataScanner] WARN  ozoneimpl.AbstractBackgroundContainerScanner (AbstractBackgroundContainerScanner.java:handleRemainingSleep(136)) - Background container scan was interrupted.
2025-09-19 20:46:16,080 [ContainerMetadataScanner] INFO  ozoneimpl.AbstractBackgroundContainerScanner (AbstractBackgroundContainerScanner.java:run(63)) - org.apache.hadoop.ozone.container.ozoneimpl.BackgroundContainerMetadataScanner@79447d7c exiting.
2025-09-19 20:46:16,080 [ForkJoinPool-1-worker-1] INFO  ozoneimpl.BackgroundContainerDataScanner (BackgroundContainerDataScanner.java:shutdown(87)) - ContainerDataScanner(/home/runner/work/ozone/ozone/hadoop-ozone/integration-test/target/test-dir/MiniOzoneClusterImpl-990002c2-bb69-4aa2-bd68-28a5e13e86ef/ozone-metadata/datanode-5/data-0/hdds) is shutting down. 
2025-09-19 20:46:16,080 [ContainerDataScanner(/home/runner/work/ozone/ozone/hadoop-ozone/integration-test/target/test-dir/MiniOzoneClusterImpl-990002c2-bb69-4aa2-bd68-28a5e13e86ef/ozone-metadata/datanode-5/data-0/hdds)] WARN  ozoneimpl.AbstractBackgroundContainerScanner (AbstractBackgroundContainerScanner.java:handleRemainingSleep(136)) - Background container scan was interrupted.
2025-09-19 20:46:16,080 [ContainerDataScanner(/home/runner/work/ozone/ozone/hadoop-ozone/integration-test/target/test-dir/MiniOzoneClusterImpl-990002c2-bb69-4aa2-bd68-28a5e13e86ef/ozone-metadata/datanode-5/data-0/hdds)] INFO  ozoneimpl.AbstractBackgroundContainerScanner (AbstractBackgroundContainerScanner.java:run(63)) - ContainerDataScanner(/home/runner/work/ozone/ozone/hadoop-ozone/integration-test/target/test-dir/MiniOzoneClusterImpl-990002c2-bb69-4aa2-bd68-28a5e13e86ef/ozone-metadata/datanode-5/data-0/hdds, DS-d330c7e4-7b2b-43d4-9af2-9f8fb582114f) exiting.
2025-09-19 20:46:16,080 [ForkJoinPool-1-worker-1] INFO  ozoneimpl.OnDemandContainerScanner (OnDemandContainerScanner.java:shutdown(141)) - On-demand container scanner is shutting down.
2025-09-19 20:46:16,081 [ForkJoinPool-1-worker-1] INFO  ratis.XceiverServerRatis (XceiverServerRatis.java:stop(595)) - Closing XceiverServerRatis(417c597c-13cf-4e34-be96-1680b82aa276)
2025-09-19 20:46:16,081 [ForkJoinPool-1-worker-1] INFO  server.RaftServer (RaftServerProxy.java:lambda$close$9(422)) - 417c597c-13cf-4e34-be96-1680b82aa276: close
2025-09-19 20:46:16,081 [ForkJoinPool-1-worker-1] INFO  server.GrpcServicesImpl (GrpcServicesImpl.java:closeImpl(355)) - 417c597c-13cf-4e34-be96-1680b82aa276: shutdown server org.apache.ratis.grpc.server.GrpcClientProtocolService now
2025-09-19 20:46:16,082 [417c597c-13cf-4e34-be96-1680b82aa276-impl-thread2] INFO  server.RaftServer$Division (RaftServerImpl.java:lambda$close$1(527)) - 417c597c-13cf-4e34-be96-1680b82aa276@group-ECC9D8425EA7: shutdown
2025-09-19 20:46:16,082 [417c597c-13cf-4e34-be96-1680b82aa276-impl-thread2] INFO  util.JmxRegister (JmxRegister.java:unregister(74)) - Successfully un-registered JMX Bean with object name Ratis:service=RaftServer,group=group-ECC9D8425EA7,id=417c597c-13cf-4e34-be96-1680b82aa276
2025-09-19 20:46:16,082 [417c597c-13cf-4e34-be96-1680b82aa276-impl-thread2] INFO  impl.RoleInfo (RoleInfo.java:shutdownLeaderState(103)) - 417c597c-13cf-4e34-be96-1680b82aa276: shutdown 417c597c-13cf-4e34-be96-1680b82aa276@group-ECC9D8425EA7-LeaderStateImpl
2025-09-19 20:46:16,082 [417c597c-13cf-4e34-be96-1680b82aa276-impl-thread2] INFO  impl.PendingRequests (PendingRequests.java:sendNotLeaderResponses(287)) - 417c597c-13cf-4e34-be96-1680b82aa276@group-ECC9D8425EA7-PendingRequests: sendNotLeaderResponses
2025-09-19 20:46:16,082 [417c597c-13cf-4e34-be96-1680b82aa276-impl-thread3] INFO  server.RaftServer$Division (RaftServerImpl.java:lambda$close$1(527)) - 417c597c-13cf-4e34-be96-1680b82aa276@group-9E25D04C2ADC: shutdown
2025-09-19 20:46:16,082 [417c597c-13cf-4e34-be96-1680b82aa276-impl-thread3] INFO  util.JmxRegister (JmxRegister.java:unregister(74)) - Successfully un-registered JMX Bean with object name Ratis:service=RaftServer,group=group-9E25D04C2ADC,id=417c597c-13cf-4e34-be96-1680b82aa276
2025-09-19 20:46:16,082 [417c597c-13cf-4e34-be96-1680b82aa276-impl-thread3] INFO  impl.RoleInfo (RoleInfo.java:shutdownFollowerState(121)) - 417c597c-13cf-4e34-be96-1680b82aa276: shutdown 417c597c-13cf-4e34-be96-1680b82aa276@group-9E25D04C2ADC-FollowerState
2025-09-19 20:46:16,082 [417c597c-13cf-4e34-be96-1680b82aa276@group-9E25D04C2ADC-FollowerState] INFO  impl.FollowerState (FollowerState.java:runImpl(170)) - 417c597c-13cf-4e34-be96-1680b82aa276@group-9E25D04C2ADC-FollowerState was interrupted
2025-09-19 20:46:16,082 [417c597c-13cf-4e34-be96-1680b82aa276-impl-thread3] INFO  impl.StateMachineUpdater (StateMachineUpdater.java:stopAndJoin(163)) - 417c597c-13cf-4e34-be96-1680b82aa276@group-9E25D04C2ADC-StateMachineUpdater: set stopIndex = 5
2025-09-19 20:46:16,083 [417c597c-13cf-4e34-be96-1680b82aa276@group-9E25D04C2ADC-StateMachineUpdater] INFO  ratis.ContainerStateMachine (ContainerStateMachine.java:takeSnapshot(427)) - group-9E25D04C2ADC: Taking a snapshot at:(t:2, i:5) file /home/runner/work/ozone/ozone/hadoop-ozone/integration-test/target/test-dir/MiniOzoneClusterImpl-990002c2-bb69-4aa2-bd68-28a5e13e86ef/ozone-metadata/datanode-5/ratis/9000e871-2414-43c0-9d82-9e25d04c2adc/sm/snapshot.2_5
2025-09-19 20:46:16,083 [417c597c-13cf-4e34-be96-1680b82aa276-impl-thread2] INFO  impl.StateMachineUpdater (StateMachineUpdater.java:stopAndJoin(163)) - 417c597c-13cf-4e34-be96-1680b82aa276@group-ECC9D8425EA7-StateMachineUpdater: set stopIndex = 2
2025-09-19 20:46:16,083 [417c597c-13cf-4e34-be96-1680b82aa276-impl-thread1] INFO  server.RaftServer$Division (RaftServerImpl.java:lambda$close$1(527)) - 417c597c-13cf-4e34-be96-1680b82aa276@group-9CA395F3C3E7: shutdown
2025-09-19 20:46:16,083 [417c597c-13cf-4e34-be96-1680b82aa276-impl-thread1] INFO  util.JmxRegister (JmxRegister.java:unregister(74)) - Successfully un-registered JMX Bean with object name Ratis:service=RaftServer,group=group-9CA395F3C3E7,id=417c597c-13cf-4e34-be96-1680b82aa276
2025-09-19 20:46:16,083 [417c597c-13cf-4e34-be96-1680b82aa276-impl-thread1] INFO  impl.RoleInfo (RoleInfo.java:shutdownFollowerState(121)) - 417c597c-13cf-4e34-be96-1680b82aa276: shutdown 417c597c-13cf-4e34-be96-1680b82aa276@group-9CA395F3C3E7-FollowerState
2025-09-19 20:46:16,083 [417c597c-13cf-4e34-be96-1680b82aa276-impl-thread1] INFO  impl.StateMachineUpdater (StateMachineUpdater.java:stopAndJoin(163)) - 417c597c-13cf-4e34-be96-1680b82aa276@group-9CA395F3C3E7-StateMachineUpdater: set stopIndex = 13
2025-09-19 20:46:16,083 [417c597c-13cf-4e34-be96-1680b82aa276@group-ECC9D8425EA7-StateMachineUpdater] INFO  ratis.ContainerStateMachine (ContainerStateMachine.java:takeSnapshot(427)) - group-ECC9D8425EA7: Taking a snapshot at:(t:2, i:2) file /home/runner/work/ozone/ozone/hadoop-ozone/integration-test/target/test-dir/MiniOzoneClusterImpl-990002c2-bb69-4aa2-bd68-28a5e13e86ef/ozone-metadata/datanode-5/ratis/1a407f51-d149-4286-bfb4-ecc9d8425ea7/sm/snapshot.2_2
2025-09-19 20:46:16,083 [417c597c-13cf-4e34-be96-1680b82aa276@group-9CA395F3C3E7-FollowerState] INFO  impl.FollowerState (FollowerState.java:runImpl(170)) - 417c597c-13cf-4e34-be96-1680b82aa276@group-9CA395F3C3E7-FollowerState was interrupted
2025-09-19 20:46:16,083 [417c597c-13cf-4e34-be96-1680b82aa276@group-9CA395F3C3E7-StateMachineUpdater] INFO  ratis.ContainerStateMachine (ContainerStateMachine.java:takeSnapshot(427)) - group-9CA395F3C3E7: Taking a snapshot at:(t:1, i:13) file /home/runner/work/ozone/ozone/hadoop-ozone/integration-test/target/test-dir/MiniOzoneClusterImpl-990002c2-bb69-4aa2-bd68-28a5e13e86ef/ozone-metadata/datanode-5/ratis/c94d1c9f-8cc3-4489-8058-9ca395f3c3e7/sm/snapshot.1_13
2025-09-19 20:46:16,083 [Thread-2844] INFO  server.GrpcServerProtocolClient (GrpcServerProtocolClient.java:close(105)) - e7feb3b4-5cd1-4322-b271-eb1c248a4412 Close channels
2025-09-19 20:46:16,084 [417c597c-13cf-4e34-be96-1680b82aa276@group-9E25D04C2ADC-StateMachineUpdater] INFO  ratis.ContainerStateMachine (ContainerStateMachine.java:takeSnapshot(436)) - group-9E25D04C2ADC: Finished taking a snapshot at:(t:2, i:5) file:/home/runner/work/ozone/ozone/hadoop-ozone/integration-test/target/test-dir/MiniOzoneClusterImpl-990002c2-bb69-4aa2-bd68-28a5e13e86ef/ozone-metadata/datanode-5/ratis/9000e871-2414-43c0-9d82-9e25d04c2adc/sm/snapshot.2_5 took: 1 ms
2025-09-19 20:46:16,084 [417c597c-13cf-4e34-be96-1680b82aa276@group-ECC9D8425EA7-StateMachineUpdater] INFO  ratis.ContainerStateMachine (ContainerStateMachine.java:takeSnapshot(436)) - group-ECC9D8425EA7: Finished taking a snapshot at:(t:2, i:2) file:/home/runner/work/ozone/ozone/hadoop-ozone/integration-test/target/test-dir/MiniOzoneClusterImpl-990002c2-bb69-4aa2-bd68-28a5e13e86ef/ozone-metadata/datanode-5/ratis/1a407f51-d149-4286-bfb4-ecc9d8425ea7/sm/snapshot.2_2 took: 1 ms
2025-09-19 20:46:16,084 [417c597c-13cf-4e34-be96-1680b82aa276@group-9E25D04C2ADC-StateMachineUpdater] INFO  impl.StateMachineUpdater (StateMachineUpdater.java:takeSnapshot(307)) - 417c597c-13cf-4e34-be96-1680b82aa276@group-9E25D04C2ADC-StateMachineUpdater: Took a snapshot at index 5
2025-09-19 20:46:16,084 [417c597c-13cf-4e34-be96-1680b82aa276@group-9E25D04C2ADC-StateMachineUpdater] INFO  impl.StateMachineUpdater (StateMachineUpdater.java:lambda$new$0(101)) - 417c597c-13cf-4e34-be96-1680b82aa276@group-9E25D04C2ADC-StateMachineUpdater: snapshotIndex: updateIncreasingly 0 -> 5
2025-09-19 20:46:16,084 [417c597c-13cf-4e34-be96-1680b82aa276@group-ECC9D8425EA7-StateMachineUpdater] INFO  impl.StateMachineUpdater (StateMachineUpdater.java:takeSnapshot(307)) - 417c597c-13cf-4e34-be96-1680b82aa276@group-ECC9D8425EA7-StateMachineUpdater: Took a snapshot at index 2
2025-09-19 20:46:16,084 [417c597c-13cf-4e34-be96-1680b82aa276@group-ECC9D8425EA7-StateMachineUpdater] INFO  impl.StateMachineUpdater (StateMachineUpdater.java:lambda$new$0(101)) - 417c597c-13cf-4e34-be96-1680b82aa276@group-ECC9D8425EA7-StateMachineUpdater: snapshotIndex: updateIncreasingly 0 -> 2
2025-09-19 20:46:16,084 [417c597c-13cf-4e34-be96-1680b82aa276@group-9E25D04C2ADC-StateMachineUpdater] INFO  impl.StateMachineUpdater (StateMachineUpdater.java:stop(140)) - 417c597c-13cf-4e34-be96-1680b82aa276@group-9E25D04C2ADC-StateMachineUpdater: closing ContainerStateMachine, lastApplied=(t:2, i:5)
2025-09-19 20:46:16,085 [Thread-2846] INFO  server.GrpcServerProtocolClient (GrpcServerProtocolClient.java:close(105)) - c834ff67-8e28-4894-9cd1-7316b4e587ce Close channels
2025-09-19 20:46:16,084 [417c597c-13cf-4e34-be96-1680b82aa276@group-ECC9D8425EA7-StateMachineUpdater] INFO  impl.StateMachineUpdater (StateMachineUpdater.java:stop(140)) - 417c597c-13cf-4e34-be96-1680b82aa276@group-ECC9D8425EA7-StateMachineUpdater: closing ContainerStateMachine, lastApplied=(t:2, i:2)
2025-09-19 20:46:16,085 [417c597c-13cf-4e34-be96-1680b82aa276@group-9E25D04C2ADC-cacheEviction-AwaitToRun] INFO  util.AwaitToRun (AwaitToRun.java:run(49)) - 417c597c-13cf-4e34-be96-1680b82aa276@group-9E25D04C2ADC-cacheEviction-AwaitToRun-AwaitForSignal is interrupted
2025-09-19 20:46:16,086 [417c597c-13cf-4e34-be96-1680b82aa276@group-9CA395F3C3E7-StateMachineUpdater] INFO  ratis.ContainerStateMachine (ContainerStateMachine.java:takeSnapshot(436)) - group-9CA395F3C3E7: Finished taking a snapshot at:(t:1, i:13) file:/home/runner/work/ozone/ozone/hadoop-ozone/integration-test/target/test-dir/MiniOzoneClusterImpl-990002c2-bb69-4aa2-bd68-28a5e13e86ef/ozone-metadata/datanode-5/ratis/c94d1c9f-8cc3-4489-8058-9ca395f3c3e7/sm/snapshot.1_13 took: 3 ms
2025-09-19 20:46:16,086 [ForkJoinPool-1-worker-1] INFO  server.GrpcServicesImpl (GrpcServicesImpl.java:closeImpl(364)) - 417c597c-13cf-4e34-be96-1680b82aa276: shutdown server org.apache.ratis.grpc.server.GrpcClientProtocolService successfully
2025-09-19 20:46:16,086 [ForkJoinPool-1-worker-1] INFO  server.GrpcServicesImpl (GrpcServicesImpl.java:closeImpl(355)) - 417c597c-13cf-4e34-be96-1680b82aa276: shutdown server GrpcServerProtocolService now
2025-09-19 20:46:16,086 [417c597c-13cf-4e34-be96-1680b82aa276@group-9CA395F3C3E7-StateMachineUpdater] INFO  impl.StateMachineUpdater (StateMachineUpdater.java:takeSnapshot(307)) - 417c597c-13cf-4e34-be96-1680b82aa276@group-9CA395F3C3E7-StateMachineUpdater: Took a snapshot at index 13
2025-09-19 20:46:16,086 [417c597c-13cf-4e34-be96-1680b82aa276@group-9CA395F3C3E7-StateMachineUpdater] INFO  impl.StateMachineUpdater (StateMachineUpdater.java:lambda$new$0(101)) - 417c597c-13cf-4e34-be96-1680b82aa276@group-9CA395F3C3E7-StateMachineUpdater: snapshotIndex: updateIncreasingly 2 -> 13
2025-09-19 20:46:16,086 [417c597c-13cf-4e34-be96-1680b82aa276@group-9CA395F3C3E7-StateMachineUpdater] INFO  impl.StateMachineUpdater (StateMachineUpdater.java:stop(140)) - 417c597c-13cf-4e34-be96-1680b82aa276@group-9CA395F3C3E7-StateMachineUpdater: closing ContainerStateMachine, lastApplied=(t:1, i:13)
2025-09-19 20:46:16,086 [417c597c-13cf-4e34-be96-1680b82aa276@group-ECC9D8425EA7-cacheEviction-AwaitToRun] INFO  util.AwaitToRun (AwaitToRun.java:run(49)) - 417c597c-13cf-4e34-be96-1680b82aa276@group-ECC9D8425EA7-cacheEviction-AwaitToRun-AwaitForSignal is interrupted
2025-09-19 20:46:16,088 [417c597c-13cf-4e34-be96-1680b82aa276@group-9CA395F3C3E7-cacheEviction-AwaitToRun] INFO  util.AwaitToRun (AwaitToRun.java:run(49)) - 417c597c-13cf-4e34-be96-1680b82aa276@group-9CA395F3C3E7-cacheEviction-AwaitToRun-AwaitForSignal is interrupted
2025-09-19 20:46:16,088 [ForkJoinPool-1-worker-1] INFO  server.GrpcServicesImpl (GrpcServicesImpl.java:closeImpl(364)) - 417c597c-13cf-4e34-be96-1680b82aa276: shutdown server GrpcServerProtocolService successfully
2025-09-19 20:46:16,088 [grpc-default-executor-8] WARN  server.GrpcServerProtocolService (LogUtils.java:warn(127)) - 417c597c-13cf-4e34-be96-1680b82aa276: APPEND_ENTRIES onError, lastRequest: null: org.apache.ratis.thirdparty.io.grpc.StatusRuntimeException: CANCELLED: client cancelled
2025-09-19 20:46:16,088 [ForkJoinPool-1-worker-1] INFO  server.GrpcServicesImpl (GrpcServicesImpl.java:closeImpl(355)) - 417c597c-13cf-4e34-be96-1680b82aa276: shutdown server org.apache.ratis.grpc.server.GrpcAdminProtocolService now
2025-09-19 20:46:16,089 [grpc-default-executor-8] WARN  server.GrpcLogAppender (LogUtils.java:warn(127)) - c834ff67-8e28-4894-9cd1-7316b4e587ce@group-9CA395F3C3E7->417c597c-13cf-4e34-be96-1680b82aa276-AppendLogResponseHandler: Failed appendEntries: org.apache.ratis.thirdparty.io.grpc.StatusRuntimeException: CANCELLED: RST_STREAM closed stream. HTTP/2 error code: CANCEL
2025-09-19 20:46:16,089 [ForkJoinPool-1-worker-1] INFO  server.GrpcServicesImpl (GrpcServicesImpl.java:closeImpl(364)) - 417c597c-13cf-4e34-be96-1680b82aa276: shutdown server org.apache.ratis.grpc.server.GrpcAdminProtocolService successfully
2025-09-19 20:46:16,089 [grpc-default-executor-5] WARN  server.GrpcServerProtocolService (LogUtils.java:warn(127)) - 417c597c-13cf-4e34-be96-1680b82aa276: APPEND_ENTRIES onError, lastRequest: c834ff67-8e28-4894-9cd1-7316b4e587ce->417c597c-13cf-4e34-be96-1680b82aa276#2246-t1,previous=(t:1, i:3),leaderCommit=13,initializing? false,entries: size=10, first=(t:1, i:4), STATEMACHINELOGENTRY, WRITE: logData.size=539, stateMachineData.size=1048576, logEntryProtoSerializedSize=0: org.apache.ratis.thirdparty.io.grpc.StatusRuntimeException: CANCELLED: client cancelled
2025-09-19 20:46:16,090 [grpc-default-executor-10] WARN  server.GrpcServerProtocolService (LogUtils.java:warn(127)) - 417c597c-13cf-4e34-be96-1680b82aa276: APPEND_ENTRIES onError, lastRequest: null: org.apache.ratis.thirdparty.io.grpc.StatusRuntimeException: CANCELLED: client cancelled
2025-09-19 20:46:16,090 [417c597c-13cf-4e34-be96-1680b82aa276-NettyServerStreamRpc-bossGroup--thread1] INFO  logging.LoggingHandler (AbstractInternalLogger.java:log(148)) - [id: 0x87a0473d, L:/0.0.0.0:15048] CLOSE
2025-09-19 20:46:16,090 [417c597c-13cf-4e34-be96-1680b82aa276-NettyServerStreamRpc-bossGroup--thread1] INFO  logging.LoggingHandler (AbstractInternalLogger.java:log(148)) - [id: 0x87a0473d, L:/0.0.0.0:15048] INACTIVE
2025-09-19 20:46:16,090 [417c597c-13cf-4e34-be96-1680b82aa276-NettyServerStreamRpc-bossGroup--thread1] INFO  logging.LoggingHandler (AbstractInternalLogger.java:log(148)) - [id: 0x87a0473d, L:/0.0.0.0:15048] UNREGISTERED
2025-09-19 20:46:16,091 [grpc-default-executor-7] WARN  server.GrpcServerProtocolService (LogUtils.java:warn(127)) - 417c597c-13cf-4e34-be96-1680b82aa276: APPEND_ENTRIES onError, lastRequest: c834ff67-8e28-4894-9cd1-7316b4e587ce->417c597c-13cf-4e34-be96-1680b82aa276#1392-t2,previous=(t:1, i:0),leaderCommit=5,initializing? false,entries: size=5, first=(t:2, i:1), CONFIGURATIONENTRY(current:id:"e7feb3b4-5cd1-4322-b271-eb1c248a4412"address:"127.0.0.1:15039"dataStreamAddress:"127.0.0.1:15040"clientAddress:"127.0.0.1:15037"adminAddress:"127.0.0.1:15038"startupRole:FOLLOWER, id:"417c597c-13cf-4e34-be96-1680b82aa276"address:"127.0.0.1:15047"priority:1dataStreamAddress:"127.0.0.1:15048"clientAddress:"127.0.0.1:15045"adminAddress:"127.0.0.1:15046"startupRole:FOLLOWER, id:"c834ff67-8e28-4894-9cd1-7316b4e587ce"address:"127.0.0.1:15055"dataStreamAddress:"127.0.0.1:15056"clientAddress:"127.0.0.1:15053"adminAddress:"127.0.0.1:15054"startupRole:FOLLOWER, old:): org.apache.ratis.thirdparty.io.grpc.StatusRuntimeException: CANCELLED: client cancelled
2025-09-19 20:46:16,539 [417c597c-13cf-4e34-be96-1680b82aa276-impl-thread1] INFO  segmented.SegmentedRaftLogWorker (SegmentedRaftLogWorker.java:close(254)) - 417c597c-13cf-4e34-be96-1680b82aa276@group-9CA395F3C3E7-SegmentedRaftLogWorker close()
2025-09-19 20:46:16,540 [417c597c-13cf-4e34-be96-1680b82aa276-impl-thread1] INFO  ratis.ContainerStateMachine (ContainerStateMachine.java:notifyServerShutdown(1038)) - group-9CA395F3C3E7 is closed by HddsDatanodeService
2025-09-19 20:46:16,711 [417c597c-13cf-4e34-be96-1680b82aa276-impl-thread2] INFO  segmented.SegmentedRaftLogWorker (SegmentedRaftLogWorker.java:close(254)) - 417c597c-13cf-4e34-be96-1680b82aa276@group-ECC9D8425EA7-SegmentedRaftLogWorker close()
2025-09-19 20:46:16,711 [417c597c-13cf-4e34-be96-1680b82aa276-impl-thread2] INFO  ratis.ContainerStateMachine (ContainerStateMachine.java:notifyServerShutdown(1038)) - group-ECC9D8425EA7 is closed by HddsDatanodeService
2025-09-19 20:46:17,078 [417c597c-13cf-4e34-be96-1680b82aa276-impl-thread3] INFO  segmented.SegmentedRaftLogWorker (SegmentedRaftLogWorker.java:close(254)) - 417c597c-13cf-4e34-be96-1680b82aa276@group-9E25D04C2ADC-SegmentedRaftLogWorker close()
2025-09-19 20:46:17,079 [417c597c-13cf-4e34-be96-1680b82aa276-impl-thread3] INFO  ratis.ContainerStateMachine (ContainerStateMachine.java:notifyServerShutdown(1038)) - group-9E25D04C2ADC is closed by HddsDatanodeService
2025-09-19 20:46:17,079 [JvmPauseMonitor19] INFO  util.JvmPauseMonitor (JvmPauseMonitor.java:run(152)) - JvmPauseMonitor-417c597c-13cf-4e34-be96-1680b82aa276: Stopped
2025-09-19 20:46:17,223 [timer4] WARN  server.GrpcLogAppender (LogUtils.java:warn(127)) - c834ff67-8e28-4894-9cd1-7316b4e587ce@group-9E25D04C2ADC->417c597c-13cf-4e34-be96-1680b82aa276-AppendLogResponseHandler: Failed appendEntries (Repeated 28 times in the last 5.000s): org.apache.ratis.thirdparty.io.grpc.StatusRuntimeException: UNAVAILABLE: io exception
  Caused by: org.apache.ratis.thirdparty.io.netty.channel.AbstractChannel$AnnotatedConnectException: finishConnect(..) failed: Connection refused: /127.0.0.1:15047
  Caused by: java.net.ConnectException: finishConnect(..) failed: Connection refused
2025-09-19 20:46:17,224 [timer5] WARN  server.GrpcLogAppender (GrpcLogAppender.java:lambda$resetClient$1(228)) - c834ff67-8e28-4894-9cd1-7316b4e587ce@group-9E25D04C2ADC->417c597c-13cf-4e34-be96-1680b82aa276-GrpcLogAppender: Follower failed (request=null, errorCount=2); keep nextIndex (1) unchanged and retry. (Repeated 2 times in the last 5.000s)
2025-09-19 20:46:17,226 [timer0] WARN  server.GrpcLogAppender (GrpcLogAppender.java:lambda$resetClient$1(228)) - c834ff67-8e28-4894-9cd1-7316b4e587ce@group-9E25D04C2ADC->417c597c-13cf-4e34-be96-1680b82aa276-GrpcLogAppender: Follower failed (request=null, errorCount=4); keep nextIndex (2) unchanged and retry. (Repeated 2 times in the last 5.001s)
2025-09-19 20:46:17,235 [timer3] WARN  server.GrpcLogAppender (GrpcLogAppender.java:lambda$resetClient$1(228)) - c834ff67-8e28-4894-9cd1-7316b4e587ce@group-9E25D04C2ADC->417c597c-13cf-4e34-be96-1680b82aa276-GrpcLogAppender: Follower failed (request=null, errorCount=14); keep nextIndex (3) unchanged and retry. (Repeated 10 times in the last 5.000s)
2025-09-19 20:46:17,270 [timer1] WARN  server.GrpcLogAppender (GrpcLogAppender.java:lambda$onNextImpl$0(527)) - b5a25cc1-46d3-4381-a194-bd68f4526f1c@group-A751954341BD->8eb9963e-bce0-4155-aea2-e442cadff8bd-AppendLogResponseHandler: received INCONSISTENCY reply with nextIndex 23, errorCount=1, request=AppendEntriesRequest:cid=1,entriesCount=1,entry=(t:5, i:25)  (Repeated 2 times in the last 5.000s)
2025-09-19 20:46:17,278 [c834ff67-8e28-4894-9cd1-7316b4e587ce@group-9E25D04C2ADC-LeaderStateImpl] INFO  impl.TransferLeadership (TransferLeadership.java:tryTransferLeadership(258)) - c834ff67-8e28-4894-9cd1-7316b4e587ce@group-9E25D04C2ADC: start transferring leadership to 417c597c-13cf-4e34-be96-1680b82aa276
2025-09-19 20:46:17,278 [c834ff67-8e28-4894-9cd1-7316b4e587ce@group-9E25D04C2ADC-LeaderStateImpl] INFO  impl.TransferLeadership (TransferLeadership.java:sendStartLeaderElection(210)) - c834ff67-8e28-4894-9cd1-7316b4e587ce@group-9E25D04C2ADC: sendStartLeaderElection to follower 417c597c-13cf-4e34-be96-1680b82aa276, lastEntry=(t:2, i:5)
2025-09-19 20:46:17,278 [c834ff67-8e28-4894-9cd1-7316b4e587ce@group-9E25D04C2ADC-LeaderStateImpl] INFO  impl.TransferLeadership (TransferLeadership.java:tryTransferLeadership(266)) - c834ff67-8e28-4894-9cd1-7316b4e587ce@group-9E25D04C2ADC: SUCCESS sent StartLeaderElection to transferee 417c597c-13cf-4e34-be96-1680b82aa276 immediately as it already has up-to-date log
2025-09-19 20:46:17,278 [c834ff67-8e28-4894-9cd1-7316b4e587ce-server-thread1] WARN  impl.TransferLeadership (TransferLeadership.java:lambda$sendStartLeaderElection$2(227)) - c834ff67-8e28-4894-9cd1-7316b4e587ce@group-9E25D04C2ADC: Failed to startLeaderElection for 417c597c-13cf-4e34-be96-1680b82aa276
java.util.concurrent.CompletionException: org.apache.ratis.thirdparty.io.grpc.StatusRuntimeException: UNAVAILABLE: io exception
	at java.base/java.util.concurrent.CompletableFuture.encodeThrowable(CompletableFuture.java:315)
	at java.base/java.util.concurrent.CompletableFuture.completeThrowable(CompletableFuture.java:320)
	at java.base/java.util.concurrent.CompletableFuture$AsyncSupply.run(CompletableFuture.java:1770)
	at java.base/java.util.concurrent.ThreadPoolExecutor.runWorker(ThreadPoolExecutor.java:1144)
	at java.base/java.util.concurrent.ThreadPoolExecutor$Worker.run(ThreadPoolExecutor.java:642)
	at java.base/java.lang.Thread.run(Thread.java:1583)
Caused by: org.apache.ratis.thirdparty.io.grpc.StatusRuntimeException: UNAVAILABLE: io exception
	at org.apache.ratis.thirdparty.io.grpc.stub.ClientCalls.toStatusRuntimeException(ClientCalls.java:351)
	at org.apache.ratis.thirdparty.io.grpc.stub.ClientCalls.getUnchecked(ClientCalls.java:332)
	at org.apache.ratis.thirdparty.io.grpc.stub.ClientCalls.blockingUnaryCall(ClientCalls.java:174)
	at org.apache.ratis.proto.grpc.RaftServerProtocolServiceGrpc$RaftServerProtocolServiceBlockingStub.startLeaderElection(RaftServerProtocolServiceGrpc.java:422)
	at org.apache.ratis.grpc.server.GrpcServerProtocolClient.startLeaderElection(GrpcServerProtocolClient.java:123)
	at org.apache.ratis.grpc.server.GrpcServicesImpl.startLeaderElection(GrpcServicesImpl.java:423)
	at org.apache.ratis.server.impl.TransferLeadership.lambda$sendStartLeaderElection$1(TransferLeadership.java:218)
	at java.base/java.util.concurrent.CompletableFuture$AsyncSupply.run(CompletableFuture.java:1768)
	... 3 more
Caused by: org.apache.ratis.thirdparty.io.netty.channel.AbstractChannel$AnnotatedConnectException: finishConnect(..) failed: Connection refused: /127.0.0.1:15047
Caused by: java.net.ConnectException: finishConnect(..) failed: Connection refused
	at org.apache.ratis.thirdparty.io.netty.channel.unix.Errors.newConnectException0(Errors.java:166)
	at org.apache.ratis.thirdparty.io.netty.channel.unix.Errors.handleConnectErrno(Errors.java:131)
	at org.apache.ratis.thirdparty.io.netty.channel.unix.Socket.finishConnect(Socket.java:359)
	at org.apache.ratis.thirdparty.io.netty.channel.epoll.AbstractEpollChannel$AbstractEpollUnsafe.doFinishConnect(AbstractEpollChannel.java:715)
	at org.apache.ratis.thirdparty.io.netty.channel.epoll.AbstractEpollChannel$AbstractEpollUnsafe.finishConnect(AbstractEpollChannel.java:692)
	at org.apache.ratis.thirdparty.io.netty.channel.epoll.AbstractEpollChannel$AbstractEpollUnsafe.epollOutReady(AbstractEpollChannel.java:567)
	at org.apache.ratis.thirdparty.io.netty.channel.epoll.EpollEventLoop.processReady(EpollEventLoop.java:491)
	at org.apache.ratis.thirdparty.io.netty.channel.epoll.EpollEventLoop.run(EpollEventLoop.java:399)
	at org.apache.ratis.thirdparty.io.netty.util.concurrent.SingleThreadEventExecutor$4.run(SingleThreadEventExecutor.java:998)
	at org.apache.ratis.thirdparty.io.netty.util.internal.ThreadExecutorMap$2.run(ThreadExecutorMap.java:74)
	at org.apache.ratis.thirdparty.io.netty.util.concurrent.FastThreadLocalRunnable.run(FastThreadLocalRunnable.java:30)
	at java.base/java.lang.Thread.run(Thread.java:1583)
2025-09-19 20:46:17,334 [grpc-default-executor-10] WARN  server.GrpcLogAppender (LogUtils.java:warn(127)) - c834ff67-8e28-4894-9cd1-7316b4e587ce@group-9E25D04C2ADC->417c597c-13cf-4e34-be96-1680b82aa276-AppendLogResponseHandler: Failed appendEntries: org.apache.ratis.thirdparty.io.grpc.StatusRuntimeException: UNAVAILABLE: io exception
  Caused by: org.apache.ratis.thirdparty.io.netty.channel.AbstractChannel$AnnotatedConnectException: finishConnect(..) failed: Connection refused: /127.0.0.1:15047
  Caused by: java.net.ConnectException: finishConnect(..) failed: Connection refused
2025-09-19 20:46:18,478 [c834ff67-8e28-4894-9cd1-7316b4e587ce@group-9E25D04C2ADC-LeaderStateImpl] INFO  impl.TransferLeadership (TransferLeadership.java:tryTransferLeadership(258)) - c834ff67-8e28-4894-9cd1-7316b4e587ce@group-9E25D04C2ADC: start transferring leadership to 417c597c-13cf-4e34-be96-1680b82aa276
2025-09-19 20:46:18,478 [c834ff67-8e28-4894-9cd1-7316b4e587ce@group-9E25D04C2ADC-LeaderStateImpl] INFO  impl.TransferLeadership (TransferLeadership.java:sendStartLeaderElection(210)) - c834ff67-8e28-4894-9cd1-7316b4e587ce@group-9E25D04C2ADC: sendStartLeaderElection to follower 417c597c-13cf-4e34-be96-1680b82aa276, lastEntry=(t:2, i:5)
2025-09-19 20:46:18,478 [c834ff67-8e28-4894-9cd1-7316b4e587ce@group-9E25D04C2ADC-LeaderStateImpl] INFO  impl.TransferLeadership (TransferLeadership.java:tryTransferLeadership(266)) - c834ff67-8e28-4894-9cd1-7316b4e587ce@group-9E25D04C2ADC: SUCCESS sent StartLeaderElection to transferee 417c597c-13cf-4e34-be96-1680b82aa276 immediately as it already has up-to-date log
2025-09-19 20:46:18,479 [c834ff67-8e28-4894-9cd1-7316b4e587ce-server-thread1] WARN  impl.TransferLeadership (TransferLeadership.java:lambda$sendStartLeaderElection$2(227)) - c834ff67-8e28-4894-9cd1-7316b4e587ce@group-9E25D04C2ADC: Failed to startLeaderElection for 417c597c-13cf-4e34-be96-1680b82aa276
java.util.concurrent.CompletionException: org.apache.ratis.thirdparty.io.grpc.StatusRuntimeException: UNAVAILABLE: io exception
	at java.base/java.util.concurrent.CompletableFuture.encodeThrowable(CompletableFuture.java:315)
	at java.base/java.util.concurrent.CompletableFuture.completeThrowable(CompletableFuture.java:320)
	at java.base/java.util.concurrent.CompletableFuture$AsyncSupply.run(CompletableFuture.java:1770)
	at java.base/java.util.concurrent.ThreadPoolExecutor.runWorker(ThreadPoolExecutor.java:1144)
	at java.base/java.util.concurrent.ThreadPoolExecutor$Worker.run(ThreadPoolExecutor.java:642)
	at java.base/java.lang.Thread.run(Thread.java:1583)
Caused by: org.apache.ratis.thirdparty.io.grpc.StatusRuntimeException: UNAVAILABLE: io exception
	at org.apache.ratis.thirdparty.io.grpc.stub.ClientCalls.toStatusRuntimeException(ClientCalls.java:351)
	at org.apache.ratis.thirdparty.io.grpc.stub.ClientCalls.getUnchecked(ClientCalls.java:332)
	at org.apache.ratis.thirdparty.io.grpc.stub.ClientCalls.blockingUnaryCall(ClientCalls.java:174)
	at org.apache.ratis.proto.grpc.RaftServerProtocolServiceGrpc$RaftServerProtocolServiceBlockingStub.startLeaderElection(RaftServerProtocolServiceGrpc.java:422)
	at org.apache.ratis.grpc.server.GrpcServerProtocolClient.startLeaderElection(GrpcServerProtocolClient.java:123)
	at org.apache.ratis.grpc.server.GrpcServicesImpl.startLeaderElection(GrpcServicesImpl.java:423)
	at org.apache.ratis.server.impl.TransferLeadership.lambda$sendStartLeaderElection$1(TransferLeadership.java:218)
	at java.base/java.util.concurrent.CompletableFuture$AsyncSupply.run(CompletableFuture.java:1768)
	... 3 more
Caused by: org.apache.ratis.thirdparty.io.netty.channel.AbstractChannel$AnnotatedConnectException: finishConnect(..) failed: Connection refused: /127.0.0.1:15047
Caused by: java.net.ConnectException: finishConnect(..) failed: Connection refused
	at org.apache.ratis.thirdparty.io.netty.channel.unix.Errors.newConnectException0(Errors.java:166)
	at org.apache.ratis.thirdparty.io.netty.channel.unix.Errors.handleConnectErrno(Errors.java:131)
	at org.apache.ratis.thirdparty.io.netty.channel.unix.Socket.finishConnect(Socket.java:359)
	at org.apache.ratis.thirdparty.io.netty.channel.epoll.AbstractEpollChannel$AbstractEpollUnsafe.doFinishConnect(AbstractEpollChannel.java:715)
	at org.apache.ratis.thirdparty.io.netty.channel.epoll.AbstractEpollChannel$AbstractEpollUnsafe.finishConnect(AbstractEpollChannel.java:692)
	at org.apache.ratis.thirdparty.io.netty.channel.epoll.AbstractEpollChannel$AbstractEpollUnsafe.epollOutReady(AbstractEpollChannel.java:567)
	at org.apache.ratis.thirdparty.io.netty.channel.epoll.EpollEventLoop.processReady(EpollEventLoop.java:491)
	at org.apache.ratis.thirdparty.io.netty.channel.epoll.EpollEventLoop.run(EpollEventLoop.java:399)
	at org.apache.ratis.thirdparty.io.netty.util.concurrent.SingleThreadEventExecutor$4.run(SingleThreadEventExecutor.java:998)
	at org.apache.ratis.thirdparty.io.netty.util.internal.ThreadExecutorMap$2.run(ThreadExecutorMap.java:74)
	at org.apache.ratis.thirdparty.io.netty.util.concurrent.FastThreadLocalRunnable.run(FastThreadLocalRunnable.java:30)
	at java.base/java.lang.Thread.run(Thread.java:1583)
2025-09-19 20:46:18,507 [timer4] INFO  server.GrpcServerProtocolService (GrpcServerProtocolService.java:lambda$null$7(175)) - 8eb9963e-bce0-4155-aea2-e442cadff8bd: Completed APPEND_ENTRIES, lastReply: null  (Repeated 2 times in the last 5.000s)
2025-09-19 20:46:18,507 [timer3] INFO  server.GrpcServerProtocolService (GrpcServerProtocolService.java:lambda$onCompleted$6(171)) - 0df1231c-9f8a-4757-a7d0-f6d7f53bc482: Completed APPEND_ENTRIES, lastRequest: null  (Repeated 2 times in the last 5.000s)
2025-09-19 20:46:18,507 [timer2] INFO  server.GrpcServerProtocolService (GrpcServerProtocolService.java:lambda$onCompleted$6(171)) - 8eb9963e-bce0-4155-aea2-e442cadff8bd: Completed APPEND_ENTRIES, lastRequest: b5a25cc1-46d3-4381-a194-bd68f4526f1c->8eb9963e-bce0-4155-aea2-e442cadff8bd#5-t5,previous=(t:5, i:25),leaderCommit=25,initializing? false,entries: size=1, first=(t:5, i:26), METADATAENTRY(c:25)  (Repeated 2 times in the last 5.000s)
2025-09-19 20:46:18,507 [timer5] INFO  server.GrpcServerProtocolService (GrpcServerProtocolService.java:lambda$null$7(175)) - 0df1231c-9f8a-4757-a7d0-f6d7f53bc482: Completed APPEND_ENTRIES, lastReply: serverReply {
  requestorId: "b5a25cc1-46d3-4381-a194-bd68f4526f1c"
  replyId: "0df1231c-9f8a-4757-a7d0-f6d7f53bc482"
  raftGroupId {
    id: "\341\002\3260\afL\234\246\254\247Q\225CA\275"
  }
  callId: 7
  success: true
}
term: 5
nextIndex: 27
followerCommit: 26
matchIndex: 18446744073709551615
isHearbeat: true
  (Repeated 2 times in the last 5.000s)
2025-09-19 20:46:18,679 [timer3] WARN  server.GrpcLogAppender (GrpcLogAppender.java:lambda$resetClient$1(228)) - c834ff67-8e28-4894-9cd1-7316b4e587ce@group-9E25D04C2ADC->417c597c-13cf-4e34-be96-1680b82aa276-GrpcLogAppender: Follower failed (request=null, errorCount=12); keep nextIndex (6) unchanged and retry. (Repeated 20 times in the last 5.000s)
2025-09-19 20:46:18,683 [timer7] WARN  server.GrpcLogAppender (GrpcLogAppender.java:lambda$resetClient$1(228)) - c834ff67-8e28-4894-9cd1-7316b4e587ce@group-9CA395F3C3E7->417c597c-13cf-4e34-be96-1680b82aa276-GrpcLogAppender: Follower failed (request=null, errorCount=20); keep nextIndex (7) unchanged and retry. (Repeated 2 times in the last 5.001s)
2025-09-19 20:46:18,688 [timer2] WARN  server.GrpcLogAppender (GrpcLogAppender.java:lambda$resetClient$1(228)) - c834ff67-8e28-4894-9cd1-7316b4e587ce@group-9CA395F3C3E7->417c597c-13cf-4e34-be96-1680b82aa276-GrpcLogAppender: Follower failed (request=null, errorCount=22); keep nextIndex (9) unchanged and retry. (Repeated 2 times in the last 5.001s)
2025-09-19 20:46:18,689 [timer6] WARN  server.GrpcLogAppender (GrpcLogAppender.java:lambda$resetClient$1(228)) - c834ff67-8e28-4894-9cd1-7316b4e587ce@group-9CA395F3C3E7->417c597c-13cf-4e34-be96-1680b82aa276-GrpcLogAppender: Follower failed (request=null, errorCount=24); keep nextIndex (12) unchanged and retry. (Repeated 2 times in the last 5.000s)
2025-09-19 20:46:18,693 [timer3] WARN  server.GrpcLogAppender (GrpcLogAppender.java:lambda$resetClient$1(228)) - c834ff67-8e28-4894-9cd1-7316b4e587ce@group-9CA395F3C3E7->417c597c-13cf-4e34-be96-1680b82aa276-GrpcLogAppender: Follower failed (request=null, errorCount=26); keep nextIndex (13) unchanged and retry. (Repeated 2 times in the last 4.999s)
2025-09-19 20:46:18,695 [timer6] WARN  server.GrpcLogAppender (GrpcLogAppender.java:lambda$resetClient$1(228)) - c834ff67-8e28-4894-9cd1-7316b4e587ce@group-9CA395F3C3E7->417c597c-13cf-4e34-be96-1680b82aa276-GrpcLogAppender: Follower failed (request=null, errorCount=14); keep nextIndex (14) unchanged and retry. (Repeated 18 times in the last 5.000s)
2025-09-19 20:46:18,930 [grpc-default-executor-10] WARN  server.GrpcLogAppender (GrpcLogAppender.java:lambda$resetClient$1(228)) - c834ff67-8e28-4894-9cd1-7316b4e587ce@group-9E25D04C2ADC->417c597c-13cf-4e34-be96-1680b82aa276-GrpcLogAppender: Follower failed (request=null, errorCount=13); keep nextIndex (6) unchanged and retry.
2025-09-19 20:46:19,082 [ForkJoinPool-1-worker-1] INFO  utils.DatanodeStoreCache (DatanodeStoreCache.java:shutdownCache(110)) - Skip clearing cache in mini cluster mode. Entries left: [/home/runner/work/ozone/ozone/hadoop-ozone/integration-test/target/test-dir/MiniOzoneClusterImpl-990002c2-bb69-4aa2-bd68-28a5e13e86ef/ozone-metadata/datanode-1/data-0/hdds/990002c2-bb69-4aa2-bd68-28a5e13e86ef/DS-3d966188-6e8b-4280-af48-36487f3106d4/container.db, /home/runner/work/ozone/ozone/hadoop-ozone/integration-test/target/test-dir/MiniOzoneClusterImpl-990002c2-bb69-4aa2-bd68-28a5e13e86ef/ozone-metadata/datanode-10/data-0/hdds/990002c2-bb69-4aa2-bd68-28a5e13e86ef/DS-d4d59647-a844-454f-9bbf-1ae447f964d1/container.db, /home/runner/work/ozone/ozone/hadoop-ozone/integration-test/target/test-dir/MiniOzoneClusterImpl-990002c2-bb69-4aa2-bd68-28a5e13e86ef/ozone-metadata/datanode-2/data-0/hdds/990002c2-bb69-4aa2-bd68-28a5e13e86ef/DS-69ac7518-6ece-4e77-96c1-96814a10e0cf/container.db, /home/runner/work/ozone/ozone/hadoop-ozone/integration-test/target/test-dir/MiniOzoneClusterImpl-990002c2-bb69-4aa2-bd68-28a5e13e86ef/ozone-metadata/datanode-3/data-0/hdds/990002c2-bb69-4aa2-bd68-28a5e13e86ef/DS-00f21907-a1b3-4a4a-aa5e-0adcb3313994/container.db, /home/runner/work/ozone/ozone/hadoop-ozone/integration-test/target/test-dir/MiniOzoneClusterImpl-990002c2-bb69-4aa2-bd68-28a5e13e86ef/ozone-metadata/datanode-4/data-0/hdds/990002c2-bb69-4aa2-bd68-28a5e13e86ef/DS-4e6824a3-16c7-4668-a829-65a4da2b6cb0/container.db, /home/runner/work/ozone/ozone/hadoop-ozone/integration-test/target/test-dir/MiniOzoneClusterImpl-990002c2-bb69-4aa2-bd68-28a5e13e86ef/ozone-metadata/datanode-5/data-0/hdds/990002c2-bb69-4aa2-bd68-28a5e13e86ef/DS-d330c7e4-7b2b-43d4-9af2-9f8fb582114f/container.db, /home/runner/work/ozone/ozone/hadoop-ozone/integration-test/target/test-dir/MiniOzoneClusterImpl-990002c2-bb69-4aa2-bd68-28a5e13e86ef/ozone-metadata/datanode-6/data-0/hdds/990002c2-bb69-4aa2-bd68-28a5e13e86ef/DS-fe8e0949-2f72-432b-82c6-cef628e0820f/container.db, /home/runner/work/ozone/ozone/hadoop-ozone/integration-test/target/test-dir/MiniOzoneClusterImpl-990002c2-bb69-4aa2-bd68-28a5e13e86ef/ozone-metadata/datanode-7/data-0/hdds/990002c2-bb69-4aa2-bd68-28a5e13e86ef/DS-7ca139a3-566d-4995-b9a1-d589e874febb/container.db, /home/runner/work/ozone/ozone/hadoop-ozone/integration-test/target/test-dir/MiniOzoneClusterImpl-990002c2-bb69-4aa2-bd68-28a5e13e86ef/ozone-metadata/datanode-8/data-0/hdds/990002c2-bb69-4aa2-bd68-28a5e13e86ef/DS-84e4acea-b2ce-4814-9959-95aa0a15992b/container.db, /home/runner/work/ozone/ozone/hadoop-ozone/integration-test/target/test-dir/MiniOzoneClusterImpl-990002c2-bb69-4aa2-bd68-28a5e13e86ef/ozone-metadata/datanode-9/data-0/hdds/990002c2-bb69-4aa2-bd68-28a5e13e86ef/DS-36ad5d1b-b97e-4995-8da6-aae7ff692fd5/container.db]
2025-09-19 20:46:19,083 [ForkJoinPool-1-worker-1] INFO  utils.DatanodeStoreCache (DatanodeStoreCache.java:removeDB(104)) - Removed db /home/runner/work/ozone/ozone/hadoop-ozone/integration-test/target/test-dir/MiniOzoneClusterImpl-990002c2-bb69-4aa2-bd68-28a5e13e86ef/ozone-metadata/datanode-5/data-0/hdds/990002c2-bb69-4aa2-bd68-28a5e13e86ef/DS-d330c7e4-7b2b-43d4-9af2-9f8fb582114f/container.db from cache
2025-09-19 20:46:19,083 [ForkJoinPool-1-worker-1] INFO  volume.HddsVolume (HddsVolume.java:closeDbStore(609)) - SchemaV3 db is stopped at /home/runner/work/ozone/ozone/hadoop-ozone/integration-test/target/test-dir/MiniOzoneClusterImpl-990002c2-bb69-4aa2-bd68-28a5e13e86ef/ozone-metadata/datanode-5/data-0/hdds/990002c2-bb69-4aa2-bd68-28a5e13e86ef/DS-d330c7e4-7b2b-43d4-9af2-9f8fb582114f/container.db for volume DS-d330c7e4-7b2b-43d4-9af2-9f8fb582114f
2025-09-19 20:46:19,083 [ForkJoinPool-1-worker-1] INFO  utils.BackgroundService (BackgroundService.java:shutdown(195)) - Shutting down service BlockDeletingService
2025-09-19 20:46:19,084 [ForkJoinPool-1-worker-1] INFO  utils.BackgroundService (BackgroundService.java:shutdown(195)) - Shutting down service StaleRecoveringContainerScrubbingService
2025-09-19 20:46:19,085 [ForkJoinPool-1-worker-1] INFO  statemachine.DatanodeStateMachine (DatanodeStateMachine.java:stopDaemon(654)) - Ozone container server stopped.
2025-09-19 20:46:19,099 [ForkJoinPool-1-worker-1] INFO  handler.ContextHandler (ContextHandler.java:doStop(1159)) - Stopped o.e.j.w.WebAppContext@68021a2c{hddsDatanode,/,null,STOPPED}{jar:file:/home/runner/work/ozone/ozone/hadoop-hdds/container-service/target/hdds-container-service-2.1.0-SNAPSHOT.jar!/webapps/hddsDatanode}
2025-09-19 20:46:19,099 [ForkJoinPool-1-worker-1] INFO  server.AbstractConnector (AbstractConnector.java:doStop(383)) - Stopped ServerConnector@748e8b74{HTTP/1.1, (http/1.1)}{0.0.0.0:15042}
2025-09-19 20:46:19,099 [ForkJoinPool-1-worker-1] INFO  server.session (HouseKeeper.java:stopScavenging(149)) - node0 Stopped scavenging
2025-09-19 20:46:19,100 [ForkJoinPool-1-worker-1] INFO  handler.ContextHandler (ContextHandler.java:doStop(1159)) - Stopped o.e.j.s.ServletContextHandler@5136d03{static,/static,jar:file:/home/runner/work/ozone/ozone/hadoop-hdds/container-service/target/hdds-container-service-2.1.0-SNAPSHOT.jar!/webapps/static,STOPPED}
2025-09-19 20:46:19,100 [ForkJoinPool-1-worker-1] INFO  handler.ContextHandler (ContextHandler.java:doStop(1159)) - Stopped o.e.j.s.ServletContextHandler@7e25fcf6{logs,/logs,file:///home/runner/work/ozone/ozone/hadoop-ozone/integration-test/target/log,STOPPED}
2025-09-19 20:46:19,101 [ForkJoinPool-1-worker-1] INFO  ozone.HddsDatanodeClientProtocolServer (HddsDatanodeClientProtocolServer.java:stop(82)) - Stopping the RPC server for Client Protocol
2025-09-19 20:46:19,101 [ForkJoinPool-1-worker-1] INFO  ipc.Server (Server.java:stop(3697)) - Stopping server on 15043
2025-09-19 20:46:19,103 [IPC Server listener on 15043] INFO  ipc.Server (Server.java:run(1585)) - Stopping IPC Server listener on 15043
2025-09-19 20:46:19,103 [IPC Server Responder] INFO  ipc.Server (Server.java:run(1718)) - Stopping IPC Server Responder
2025-09-19 20:46:19,114 [grpc-default-executor-10] ERROR impl.OrderedAsync (OrderedAsync.java:lambda$send$4(181)) - Failed to send request, message=cmdType: WriteChunk
traceID: ""
containerID: 10
datanodeUuid: "417c597c-13cf-4e34-be96-1680b82aa276"
writeChunk {
  blockID {
    containerID: 10
    localID: 115816896921600011
    blockCommitSequenceId: 4
    replicaIndex: 0
  }
  chunkData {
    chunkName: "115816896921600011_chunk_2"
    offset: 1048576
    len: 1048576
    checksumData {
      type: CRC32
      bytesPerChecksum: 16384
      checksums: "\326\360U\321"
      checksums: "\326\360U\321"
      checksums: "\326\360U\321"
      checksums: "\326\360U\321"
      checksums: "\326\360U\321"
      checksums: "\326\360U\321"
      checksums: "\326\360U\321"
      checksums: "\326\360U\321"
      checksums: "\326\360U\321"
      checksums: "\326\360U\321"
      checksums: "\326\360U\321"
      checksums: "\326\360U\321"
      checksums: "\326\360U\321"
      checksums: "\326\360U\321"
      checksums: "\326\360U\321"
      checksums: "\326\360U\321"
      checksums: "\326\360U\321"
      checksums: "\326\360U\321"
      checksums: "\326\360U\321"
      checksums: "\326\360U\321"
      checksums: "\326\360U\321"
      checksums: "\326\360U\321"
      checksums: "\326\360U\321"
      checksums: "\326\360U\321"
      checksums: "\326\360U\321"
      checksums: "\326\360U\321"
      checksums: "\326\360U\321"
      checksums: "\326\360U\321"
      checksums: "\326\360U\321"
      checksums: "\326\360U\321"
      checksums: "\326\360U\321"
      checksums: "\326\360U\321"
      checksums: "\326\360U\321"
      checksums: "\326\360U\321"
      checksums: "\326\360U\321"
      checksums: "\326\360U\321"
      checksums: "\326\360U\321"
      checksums: "\326\360U\321"
      checksums: "\326\360U\321"
      checksums: "\326\360U\321"
      checksums: "\326\360U\321"
      checksums: "\326\360U\321"
      checksums: "\326\360U\321"
      checksums: "\326\360U\321"
      checksums: "\326\360U\321"
      checksums: "\326\360U\321"
      checksums: "\326\360U\321"
      checksums: "\326\360U\321"
      checksums: "\326\360U\321"
      checksums: "\326\360U\321"
      checksums: "\326\360U\321"
      checksums: "\326\360U\321"
      checksums: "\326\360U\321"
      checksums: "\326\360U\321"
      checksums: "\326\360U\321"
      checksums: "\326\360U\321"
      checksums: "\326\360U\321"
      checksums: "\326\360U\321"
      checksums: "\326\360U\321"
      checksums: "\326\360U\321"
      checksums: "\326\360U\321"
      checksums: "\326\360U\321"
      checksums: "\326\360U\321"
      checksums: "H$\374\021"
    }
  }
}
version: 3
, data.size=1048576
java.util.concurrent.CompletionException: org.apache.ratis.protocol.exceptions.LeaderSteppingDownException: c834ff67-8e28-4894-9cd1-7316b4e587ce@group-9E25D04C2ADC is stepping down
	at org.apache.ratis.client.impl.RaftClientImpl.handleRaftException(RaftClientImpl.java:373)
	at org.apache.ratis.client.impl.OrderedAsync.lambda$send$3(OrderedAsync.java:175)
	at java.base/java.util.concurrent.CompletableFuture$UniApply.tryFire(CompletableFuture.java:646)
	at java.base/java.util.concurrent.CompletableFuture.postComplete(CompletableFuture.java:510)
	at java.base/java.util.concurrent.CompletableFuture.complete(CompletableFuture.java:2179)
	at org.apache.ratis.client.impl.OrderedAsync$PendingOrderedRequest.setReply(OrderedAsync.java:105)
	at org.apache.ratis.client.impl.OrderedAsync$PendingOrderedRequest.setReply(OrderedAsync.java:66)
	at org.apache.ratis.util.SlidingWindow$RequestMap.setReply(SlidingWindow.java:147)
	at org.apache.ratis.util.SlidingWindow$Client.receiveReply(SlidingWindow.java:351)
	at org.apache.ratis.client.impl.OrderedAsync.lambda$sendRequestWithRetry$5(OrderedAsync.java:210)
	at java.base/java.util.concurrent.CompletableFuture$UniAccept.tryFire(CompletableFuture.java:718)
	at java.base/java.util.concurrent.CompletableFuture.postComplete(CompletableFuture.java:510)
	at java.base/java.util.concurrent.CompletableFuture.complete(CompletableFuture.java:2179)
	at org.apache.ratis.grpc.client.GrpcClientProtocolClient$AsyncStreamObservers$1.lambda$onNext$0(GrpcClientProtocolClient.java:325)
	at java.base/java.util.Optional.ifPresent(Optional.java:178)
	at org.apache.ratis.grpc.client.GrpcClientProtocolClient$AsyncStreamObservers.handleReplyFuture(GrpcClientProtocolClient.java:381)
	at org.apache.ratis.grpc.client.GrpcClientProtocolClient$AsyncStreamObservers.access$100(GrpcClientProtocolClient.java:303)
	at org.apache.ratis.grpc.client.GrpcClientProtocolClient$AsyncStreamObservers$1.onNext(GrpcClientProtocolClient.java:325)
	at org.apache.ratis.grpc.client.GrpcClientProtocolClient$AsyncStreamObservers$1.onNext(GrpcClientProtocolClient.java:308)
	at org.apache.ratis.thirdparty.io.grpc.stub.ClientCalls$StreamObserverToCallListenerAdapter.onMessage(ClientCalls.java:551)
	at org.apache.ratis.thirdparty.io.grpc.ForwardingClientCallListener.onMessage(ForwardingClientCallListener.java:33)
	at org.apache.ratis.thirdparty.io.grpc.internal.ClientCallImpl$ClientStreamListenerImpl$1MessagesAvailable.runInternal(ClientCallImpl.java:661)
	at org.apache.ratis.thirdparty.io.grpc.internal.ClientCallImpl$ClientStreamListenerImpl$1MessagesAvailable.runInContext(ClientCallImpl.java:648)
	at org.apache.ratis.thirdparty.io.grpc.internal.ContextRunnable.run(ContextRunnable.java:37)
	at org.apache.ratis.thirdparty.io.grpc.internal.SerializingExecutor.run(SerializingExecutor.java:133)
	at java.base/java.util.concurrent.ThreadPoolExecutor.runWorker(ThreadPoolExecutor.java:1144)
	at java.base/java.util.concurrent.ThreadPoolExecutor$Worker.run(ThreadPoolExecutor.java:642)
	at java.base/java.lang.Thread.run(Thread.java:1583)
Caused by: org.apache.ratis.protocol.exceptions.LeaderSteppingDownException: c834ff67-8e28-4894-9cd1-7316b4e587ce@group-9E25D04C2ADC is stepping down
	at org.apache.ratis.server.impl.RaftServerImpl.checkLeaderState(RaftServerImpl.java:784)
	at org.apache.ratis.server.impl.RaftServerImpl.checkLeaderState(RaftServerImpl.java:755)
	at org.apache.ratis.server.impl.RaftServerImpl.writeAsyncImpl(RaftServerImpl.java:972)
	at org.apache.ratis.server.impl.RaftServerImpl.writeAsync(RaftServerImpl.java:960)
	at org.apache.ratis.server.impl.RaftServerImpl.replyFuture(RaftServerImpl.java:953)
	at org.apache.ratis.server.impl.RaftServerImpl.submitClientRequestAsync(RaftServerImpl.java:930)
	at org.apache.ratis.server.impl.RaftServerImpl.lambda$null$11(RaftServerImpl.java:919)
	at org.apache.ratis.util.JavaUtils.callAsUnchecked(JavaUtils.java:118)
	at org.apache.ratis.server.impl.RaftServerImpl.lambda$executeSubmitClientRequestAsync$12(RaftServerImpl.java:919)
	at java.base/java.util.concurrent.CompletableFuture$AsyncSupply.run(CompletableFuture.java:1768)
	... 3 more
2025-09-19 20:46:19,116 [grpc-default-executor-5] ERROR impl.OrderedAsync (OrderedAsync.java:lambda$send$4(181)) - Failed to send request, message=cmdType: PutBlock
traceID: ""
containerID: 10
datanodeUuid: "417c597c-13cf-4e34-be96-1680b82aa276"
putBlock {
  blockData {
    blockID {
      containerID: 10
      localID: 115816896921600011
      blockCommitSequenceId: 0
    }
    metadata {
      key: "TYPE"
      value: "KEY"
    }
    chunks {
      chunkName: "115816896921600011_chunk_1"
      offset: 0
      len: 1048576
      checksumData {
        type: CRC32
        bytesPerChecksum: 16384
        checksums: "\326\360U\321"
        checksums: "\326\360U\321"
        checksums: "\326\360U\321"
        checksums: "\326\360U\321"
        checksums: "\326\360U\321"
        checksums: "\326\360U\321"
        checksums: "\326\360U\321"
        checksums: "\326\360U\321"
        checksums: "\326\360U\321"
        checksums: "\326\360U\321"
        checksums: "\326\360U\321"
        checksums: "\326\360U\321"
        checksums: "\326\360U\321"
        checksums: "\326\360U\321"
        checksums: "\326\360U\321"
        checksums: "\326\360U\321"
        checksums: "\326\360U\321"
        checksums: "\326\360U\321"
        checksums: "\326\360U\321"
        checksums: "\326\360U\321"
        checksums: "\326\360U\321"
        checksums: "\326\360U\321"
        checksums: "\326\360U\321"
        checksums: "\326\360U\321"
        checksums: "\326\360U\321"
        checksums: "\326\360U\321"
        checksums: "\326\360U\321"
        checksums: "\326\360U\321"
        checksums: "\326\360U\321"
        checksums: "\326\360U\321"
        checksums: "\326\360U\321"
        checksums: "\326\360U\321"
        checksums: "\326\360U\321"
        checksums: "\326\360U\321"
        checksums: "\326\360U\321"
        checksums: "\326\360U\321"
        checksums: "\326\360U\321"
        checksums: "\326\360U\321"
        checksums: "\326\360U\321"
        checksums: "\326\360U\321"
        checksums: "\326\360U\321"
        checksums: "\326\360U\321"
        checksums: "\326\360U\321"
        checksums: "\326\360U\321"
        checksums: "\326\360U\321"
        checksums: "\326\360U\321"
        checksums: "\326\360U\321"
        checksums: "\326\360U\321"
        checksums: "\326\360U\321"
        checksums: "\326\360U\321"
        checksums: "\326\360U\321"
        checksums: "\326\360U\321"
        checksums: "\326\360U\321"
        checksums: "\326\360U\321"
        checksums: "\326\360U\321"
        checksums: "\326\360U\321"
        checksums: "\326\360U\321"
        checksums: "\326\360U\321"
        checksums: "\326\360U\321"
        checksums: "\326\360U\321"
        checksums: "\326\360U\321"
        checksums: "\326\360U\321"
        checksums: "\326\360U\321"
        checksums: "H$\374\021"
      }
    }
    chunks {
      chunkName: "115816896921600011_chunk_2"
      offset: 1048576
      len: 1048576
      checksumData {
        type: CRC32
        bytesPerChecksum: 16384
        checksums: "\326\360U\321"
        checksums: "\326\360U\321"
        checksums: "\326\360U\321"
        checksums: "\326\360U\321"
        checksums: "\326\360U\321"
        checksums: "\326\360U\321"
        checksums: "\326\360U\321"
        checksums: "\326\360U\321"
        checksums: "\326\360U\321"
        checksums: "\326\360U\321"
        checksums: "\326\360U\321"
        checksums: "\326\360U\321"
        checksums: "\326\360U\321"
        checksums: "\326\360U\321"
        checksums: "\326\360U\321"
        checksums: "\326\360U\321"
        checksums: "\326\360U\321"
        checksums: "\326\360U\321"
        checksums: "\326\360U\321"
        checksums: "\326\360U\321"
        checksums: "\326\360U\321"
        checksums: "\326\360U\321"
        checksums: "\326\360U\321"
        checksums: "\326\360U\321"
        checksums: "\326\360U\321"
        checksums: "\326\360U\321"
        checksums: "\326\360U\321"
        checksums: "\326\360U\321"
        checksums: "\326\360U\321"
        checksums: "\326\360U\321"
        checksums: "\326\360U\321"
        checksums: "\326\360U\321"
        checksums: "\326\360U\321"
        checksums: "\326\360U\321"
        checksums: "\326\360U\321"
        checksums: "\326\360U\321"
        checksums: "\326\360U\321"
        checksums: "\326\360U\321"
        checksums: "\326\360U\321"
        checksums: "\326\360U\321"
        checksums: "\326\360U\321"
        checksums: "\326\360U\321"
        checksums: "\326\360U\321"
        checksums: "\326\360U\321"
        checksums: "\326\360U\321"
        checksums: "\326\360U\321"
        checksums: "\326\360U\321"
        checksums: "\326\360U\321"
        checksums: "\326\360U\321"
        checksums: "\326\360U\321"
        checksums: "\326\360U\321"
        checksums: "\326\360U\321"
        checksums: "\326\360U\321"
        checksums: "\326\360U\321"
        checksums: "\326\360U\321"
        checksums: "\326\360U\321"
        checksums: "\326\360U\321"
        checksums: "\326\360U\321"
        checksums: "\326\360U\321"
        checksums: "\326\360U\321"
        checksums: "\326\360U\321"
        checksums: "\326\360U\321"
        checksums: "\326\360U\321"
        checksums: "H$\374\021"
      }
    }
  }
  eof: false
}
version: 3
, data.size=0
java.util.concurrent.CompletionException: org.apache.ratis.protocol.exceptions.LeaderSteppingDownException: c834ff67-8e28-4894-9cd1-7316b4e587ce@group-9E25D04C2ADC is stepping down
	at org.apache.ratis.client.impl.RaftClientImpl.handleRaftException(RaftClientImpl.java:373)
	at org.apache.ratis.client.impl.OrderedAsync.lambda$send$3(OrderedAsync.java:175)
	at java.base/java.util.concurrent.CompletableFuture$UniApply.tryFire(CompletableFuture.java:646)
	at java.base/java.util.concurrent.CompletableFuture.postComplete(CompletableFuture.java:510)
	at java.base/java.util.concurrent.CompletableFuture.complete(CompletableFuture.java:2179)
	at org.apache.ratis.client.impl.OrderedAsync$PendingOrderedRequest.setReply(OrderedAsync.java:105)
	at org.apache.ratis.client.impl.OrderedAsync$PendingOrderedRequest.setReply(OrderedAsync.java:66)
	at org.apache.ratis.util.SlidingWindow$RequestMap.setReply(SlidingWindow.java:147)
	at org.apache.ratis.util.SlidingWindow$Client.receiveReply(SlidingWindow.java:351)
	at org.apache.ratis.client.impl.OrderedAsync.lambda$sendRequestWithRetry$5(OrderedAsync.java:210)
	at java.base/java.util.concurrent.CompletableFuture$UniAccept.tryFire(CompletableFuture.java:718)
	at java.base/java.util.concurrent.CompletableFuture.postComplete(CompletableFuture.java:510)
	at java.base/java.util.concurrent.CompletableFuture.complete(CompletableFuture.java:2179)
	at org.apache.ratis.grpc.client.GrpcClientProtocolClient$AsyncStreamObservers$1.lambda$onNext$0(GrpcClientProtocolClient.java:325)
	at java.base/java.util.Optional.ifPresent(Optional.java:178)
	at org.apache.ratis.grpc.client.GrpcClientProtocolClient$AsyncStreamObservers.handleReplyFuture(GrpcClientProtocolClient.java:381)
	at org.apache.ratis.grpc.client.GrpcClientProtocolClient$AsyncStreamObservers.access$100(GrpcClientProtocolClient.java:303)
	at org.apache.ratis.grpc.client.GrpcClientProtocolClient$AsyncStreamObservers$1.onNext(GrpcClientProtocolClient.java:325)
	at org.apache.ratis.grpc.client.GrpcClientProtocolClient$AsyncStreamObservers$1.onNext(GrpcClientProtocolClient.java:308)
	at org.apache.ratis.thirdparty.io.grpc.stub.ClientCalls$StreamObserverToCallListenerAdapter.onMessage(ClientCalls.java:551)
	at org.apache.ratis.thirdparty.io.grpc.ForwardingClientCallListener.onMessage(ForwardingClientCallListener.java:33)
	at org.apache.ratis.thirdparty.io.grpc.internal.ClientCallImpl$ClientStreamListenerImpl$1MessagesAvailable.runInternal(ClientCallImpl.java:661)
	at org.apache.ratis.thirdparty.io.grpc.internal.ClientCallImpl$ClientStreamListenerImpl$1MessagesAvailable.runInContext(ClientCallImpl.java:648)
	at org.apache.ratis.thirdparty.io.grpc.internal.ContextRunnable.run(ContextRunnable.java:37)
	at org.apache.ratis.thirdparty.io.grpc.internal.SerializingExecutor.run(SerializingExecutor.java:133)
	at java.base/java.util.concurrent.ThreadPoolExecutor.runWorker(ThreadPoolExecutor.java:1144)
	at java.base/java.util.concurrent.ThreadPoolExecutor$Worker.run(ThreadPoolExecutor.java:642)
	at java.base/java.lang.Thread.run(Thread.java:1583)
Caused by: org.apache.ratis.protocol.exceptions.LeaderSteppingDownException: c834ff67-8e28-4894-9cd1-7316b4e587ce@group-9E25D04C2ADC is stepping down
	at org.apache.ratis.server.impl.RaftServerImpl.checkLeaderState(RaftServerImpl.java:784)
	at org.apache.ratis.server.impl.RaftServerImpl.checkLeaderState(RaftServerImpl.java:755)
	at org.apache.ratis.server.impl.RaftServerImpl.writeAsyncImpl(RaftServerImpl.java:972)
	at org.apache.ratis.server.impl.RaftServerImpl.writeAsync(RaftServerImpl.java:960)
	at org.apache.ratis.server.impl.RaftServerImpl.replyFuture(RaftServerImpl.java:953)
	at org.apache.ratis.server.impl.RaftServerImpl.submitClientRequestAsync(RaftServerImpl.java:930)
	at org.apache.ratis.server.impl.RaftServerImpl.lambda$null$11(RaftServerImpl.java:919)
	at org.apache.ratis.util.JavaUtils.callAsUnchecked(JavaUtils.java:118)
	at org.apache.ratis.server.impl.RaftServerImpl.lambda$executeSubmitClientRequestAsync$12(RaftServerImpl.java:919)
	at java.base/java.util.concurrent.CompletableFuture$AsyncSupply.run(CompletableFuture.java:1768)
	... 3 more
2025-09-19 20:46:19,117 [grpc-default-executor-5] ERROR impl.OrderedAsync (OrderedAsync.java:lambda$send$4(181)) - Failed to send request, message=cmdType: WriteChunk
traceID: ""
containerID: 10
datanodeUuid: "417c597c-13cf-4e34-be96-1680b82aa276"
writeChunk {
  blockID {
    containerID: 10
    localID: 115816896921600011
    blockCommitSequenceId: 4
    replicaIndex: 0
  }
  chunkData {
    chunkName: "115816896921600011_chunk_3"
    offset: 2097152
    len: 1048576
    checksumData {
      type: CRC32
      bytesPerChecksum: 16384
      checksums: "\326\360U\321"
      checksums: "\326\360U\321"
      checksums: "\326\360U\321"
      checksums: "\326\360U\321"
      checksums: "\326\360U\321"
      checksums: "\326\360U\321"
      checksums: "\326\360U\321"
      checksums: "\326\360U\321"
      checksums: "\326\360U\321"
      checksums: "\326\360U\321"
      checksums: "\326\360U\321"
      checksums: "\326\360U\321"
      checksums: "\326\360U\321"
      checksums: "\326\360U\321"
      checksums: "\326\360U\321"
      checksums: "\326\360U\321"
      checksums: "\326\360U\321"
      checksums: "\326\360U\321"
      checksums: "\326\360U\321"
      checksums: "\326\360U\321"
      checksums: "\326\360U\321"
      checksums: "\326\360U\321"
      checksums: "\326\360U\321"
      checksums: "\326\360U\321"
      checksums: "\326\360U\321"
      checksums: "\326\360U\321"
      checksums: "\326\360U\321"
      checksums: "\326\360U\321"
      checksums: "\326\360U\321"
      checksums: "\326\360U\321"
      checksums: "\326\360U\321"
      checksums: "\326\360U\321"
      checksums: "\326\360U\321"
      checksums: "\326\360U\321"
      checksums: "\326\360U\321"
      checksums: "\326\360U\321"
      checksums: "\326\360U\321"
      checksums: "\326\360U\321"
      checksums: "\326\360U\321"
      checksums: "\326\360U\321"
      checksums: "\326\360U\321"
      checksums: "\326\360U\321"
      checksums: "\326\360U\321"
      checksums: "\326\360U\321"
      checksums: "\326\360U\321"
      checksums: "\326\360U\321"
      checksums: "\326\360U\321"
      checksums: "\326\360U\321"
      checksums: "\326\360U\321"
      checksums: "\326\360U\321"
      checksums: "\326\360U\321"
      checksums: "\326\360U\321"
      checksums: "\326\360U\321"
      checksums: "\326\360U\321"
      checksums: "\326\360U\321"
      checksums: "\326\360U\321"
      checksums: "\326\360U\321"
      checksums: "\326\360U\321"
      checksums: "\326\360U\321"
      checksums: "\326\360U\321"
      checksums: "\326\360U\321"
      checksums: "\326\360U\321"
      checksums: "\326\360U\321"
      checksums: "H$\374\021"
    }
  }
}
version: 3
, data.size=1048576
java.util.concurrent.CompletionException: org.apache.ratis.protocol.exceptions.LeaderSteppingDownException: c834ff67-8e28-4894-9cd1-7316b4e587ce@group-9E25D04C2ADC is stepping down
	at org.apache.ratis.client.impl.RaftClientImpl.handleRaftException(RaftClientImpl.java:373)
	at org.apache.ratis.client.impl.OrderedAsync.lambda$send$3(OrderedAsync.java:175)
	at java.base/java.util.concurrent.CompletableFuture$UniApply.tryFire(CompletableFuture.java:646)
	at java.base/java.util.concurrent.CompletableFuture.postComplete(CompletableFuture.java:510)
	at java.base/java.util.concurrent.CompletableFuture.complete(CompletableFuture.java:2179)
	at org.apache.ratis.client.impl.OrderedAsync$PendingOrderedRequest.setReply(OrderedAsync.java:105)
	at org.apache.ratis.client.impl.OrderedAsync$PendingOrderedRequest.setReply(OrderedAsync.java:66)
	at org.apache.ratis.util.SlidingWindow$RequestMap.setReply(SlidingWindow.java:147)
	at org.apache.ratis.util.SlidingWindow$Client.receiveReply(SlidingWindow.java:351)
	at org.apache.ratis.client.impl.OrderedAsync.lambda$sendRequestWithRetry$5(OrderedAsync.java:210)
	at java.base/java.util.concurrent.CompletableFuture$UniAccept.tryFire(CompletableFuture.java:718)
	at java.base/java.util.concurrent.CompletableFuture.postComplete(CompletableFuture.java:510)
	at java.base/java.util.concurrent.CompletableFuture.complete(CompletableFuture.java:2179)
	at org.apache.ratis.grpc.client.GrpcClientProtocolClient$AsyncStreamObservers$1.lambda$onNext$0(GrpcClientProtocolClient.java:325)
	at java.base/java.util.Optional.ifPresent(Optional.java:178)
	at org.apache.ratis.grpc.client.GrpcClientProtocolClient$AsyncStreamObservers.handleReplyFuture(GrpcClientProtocolClient.java:381)
	at org.apache.ratis.grpc.client.GrpcClientProtocolClient$AsyncStreamObservers.access$100(GrpcClientProtocolClient.java:303)
	at org.apache.ratis.grpc.client.GrpcClientProtocolClient$AsyncStreamObservers$1.onNext(GrpcClientProtocolClient.java:325)
	at org.apache.ratis.grpc.client.GrpcClientProtocolClient$AsyncStreamObservers$1.onNext(GrpcClientProtocolClient.java:308)
	at org.apache.ratis.thirdparty.io.grpc.stub.ClientCalls$StreamObserverToCallListenerAdapter.onMessage(ClientCalls.java:551)
	at org.apache.ratis.thirdparty.io.grpc.ForwardingClientCallListener.onMessage(ForwardingClientCallListener.java:33)
	at org.apache.ratis.thirdparty.io.grpc.internal.ClientCallImpl$ClientStreamListenerImpl$1MessagesAvailable.runInternal(ClientCallImpl.java:661)
	at org.apache.ratis.thirdparty.io.grpc.internal.ClientCallImpl$ClientStreamListenerImpl$1MessagesAvailable.runInContext(ClientCallImpl.java:648)
	at org.apache.ratis.thirdparty.io.grpc.internal.ContextRunnable.run(ContextRunnable.java:37)
	at org.apache.ratis.thirdparty.io.grpc.internal.SerializingExecutor.run(SerializingExecutor.java:133)
	at java.base/java.util.concurrent.ThreadPoolExecutor.runWorker(ThreadPoolExecutor.java:1144)
	at java.base/java.util.concurrent.ThreadPoolExecutor$Worker.run(ThreadPoolExecutor.java:642)
	at java.base/java.lang.Thread.run(Thread.java:1583)
Caused by: org.apache.ratis.protocol.exceptions.LeaderSteppingDownException: c834ff67-8e28-4894-9cd1-7316b4e587ce@group-9E25D04C2ADC is stepping down
	at org.apache.ratis.server.impl.RaftServerImpl.checkLeaderState(RaftServerImpl.java:784)
	at org.apache.ratis.server.impl.RaftServerImpl.checkLeaderState(RaftServerImpl.java:755)
	at org.apache.ratis.server.impl.RaftServerImpl.writeAsyncImpl(RaftServerImpl.java:972)
	at org.apache.ratis.server.impl.RaftServerImpl.writeAsync(RaftServerImpl.java:960)
	at org.apache.ratis.server.impl.RaftServerImpl.replyFuture(RaftServerImpl.java:953)
	at org.apache.ratis.server.impl.RaftServerImpl.submitClientRequestAsync(RaftServerImpl.java:930)
	at org.apache.ratis.server.impl.RaftServerImpl.lambda$null$11(RaftServerImpl.java:919)
	at org.apache.ratis.util.JavaUtils.callAsUnchecked(JavaUtils.java:118)
	at org.apache.ratis.server.impl.RaftServerImpl.lambda$executeSubmitClientRequestAsync$12(RaftServerImpl.java:919)
	at java.base/java.util.concurrent.CompletableFuture$AsyncSupply.run(CompletableFuture.java:1768)
	... 3 more
2025-09-19 20:46:19,118 [grpc-default-executor-5] ERROR impl.OrderedAsync (OrderedAsync.java:lambda$send$4(181)) - Failed to send request, message=cmdType: PutBlock
traceID: ""
containerID: 10
datanodeUuid: "417c597c-13cf-4e34-be96-1680b82aa276"
putBlock {
  blockData {
    blockID {
      containerID: 10
      localID: 115816896921600011
      blockCommitSequenceId: 0
    }
    metadata {
      key: "TYPE"
      value: "KEY"
    }
    chunks {
      chunkName: "115816896921600011_chunk_1"
      offset: 0
      len: 1048576
      checksumData {
        type: CRC32
        bytesPerChecksum: 16384
        checksums: "\326\360U\321"
        checksums: "\326\360U\321"
        checksums: "\326\360U\321"
        checksums: "\326\360U\321"
        checksums: "\326\360U\321"
        checksums: "\326\360U\321"
        checksums: "\326\360U\321"
        checksums: "\326\360U\321"
        checksums: "\326\360U\321"
        checksums: "\326\360U\321"
        checksums: "\326\360U\321"
        checksums: "\326\360U\321"
        checksums: "\326\360U\321"
        checksums: "\326\360U\321"
        checksums: "\326\360U\321"
        checksums: "\326\360U\321"
        checksums: "\326\360U\321"
        checksums: "\326\360U\321"
        checksums: "\326\360U\321"
        checksums: "\326\360U\321"
        checksums: "\326\360U\321"
        checksums: "\326\360U\321"
        checksums: "\326\360U\321"
        checksums: "\326\360U\321"
        checksums: "\326\360U\321"
        checksums: "\326\360U\321"
        checksums: "\326\360U\321"
        checksums: "\326\360U\321"
        checksums: "\326\360U\321"
        checksums: "\326\360U\321"
        checksums: "\326\360U\321"
        checksums: "\326\360U\321"
        checksums: "\326\360U\321"
        checksums: "\326\360U\321"
        checksums: "\326\360U\321"
        checksums: "\326\360U\321"
        checksums: "\326\360U\321"
        checksums: "\326\360U\321"
        checksums: "\326\360U\321"
        checksums: "\326\360U\321"
        checksums: "\326\360U\321"
        checksums: "\326\360U\321"
        checksums: "\326\360U\321"
        checksums: "\326\360U\321"
        checksums: "\326\360U\321"
        checksums: "\326\360U\321"
        checksums: "\326\360U\321"
        checksums: "\326\360U\321"
        checksums: "\326\360U\321"
        checksums: "\326\360U\321"
        checksums: "\326\360U\321"
        checksums: "\326\360U\321"
        checksums: "\326\360U\321"
        checksums: "\326\360U\321"
        checksums: "\326\360U\321"
        checksums: "\326\360U\321"
        checksums: "\326\360U\321"
        checksums: "\326\360U\321"
        checksums: "\326\360U\321"
        checksums: "\326\360U\321"
        checksums: "\326\360U\321"
        checksums: "\326\360U\321"
        checksums: "\326\360U\321"
        checksums: "H$\374\021"
      }
    }
    chunks {
      chunkName: "115816896921600011_chunk_2"
      offset: 1048576
      len: 1048576
      checksumData {
        type: CRC32
        bytesPerChecksum: 16384
        checksums: "\326\360U\321"
        checksums: "\326\360U\321"
        checksums: "\326\360U\321"
        checksums: "\326\360U\321"
        checksums: "\326\360U\321"
        checksums: "\326\360U\321"
        checksums: "\326\360U\321"
        checksums: "\326\360U\321"
        checksums: "\326\360U\321"
        checksums: "\326\360U\321"
        checksums: "\326\360U\321"
        checksums: "\326\360U\321"
        checksums: "\326\360U\321"
        checksums: "\326\360U\321"
        checksums: "\326\360U\321"
        checksums: "\326\360U\321"
        checksums: "\326\360U\321"
        checksums: "\326\360U\321"
        checksums: "\326\360U\321"
        checksums: "\326\360U\321"
        checksums: "\326\360U\321"
        checksums: "\326\360U\321"
        checksums: "\326\360U\321"
        checksums: "\326\360U\321"
        checksums: "\326\360U\321"
        checksums: "\326\360U\321"
        checksums: "\326\360U\321"
        checksums: "\326\360U\321"
        checksums: "\326\360U\321"
        checksums: "\326\360U\321"
        checksums: "\326\360U\321"
        checksums: "\326\360U\321"
        checksums: "\326\360U\321"
        checksums: "\326\360U\321"
        checksums: "\326\360U\321"
        checksums: "\326\360U\321"
        checksums: "\326\360U\321"
        checksums: "\326\360U\321"
        checksums: "\326\360U\321"
        checksums: "\326\360U\321"
        checksums: "\326\360U\321"
        checksums: "\326\360U\321"
        checksums: "\326\360U\321"
        checksums: "\326\360U\321"
        checksums: "\326\360U\321"
        checksums: "\326\360U\321"
        checksums: "\326\360U\321"
        checksums: "\326\360U\321"
        checksums: "\326\360U\321"
        checksums: "\326\360U\321"
        checksums: "\326\360U\321"
        checksums: "\326\360U\321"
        checksums: "\326\360U\321"
        checksums: "\326\360U\321"
        checksums: "\326\360U\321"
        checksums: "\326\360U\321"
        checksums: "\326\360U\321"
        checksums: "\326\360U\321"
        checksums: "\326\360U\321"
        checksums: "\326\360U\321"
        checksums: "\326\360U\321"
        checksums: "\326\360U\321"
        checksums: "\326\360U\321"
        checksums: "H$\374\021"
      }
    }
    chunks {
      chunkName: "115816896921600011_chunk_3"
      offset: 2097152
      len: 1048576
      checksumData {
        type: CRC32
        bytesPerChecksum: 16384
        checksums: "\326\360U\321"
        checksums: "\326\360U\321"
        checksums: "\326\360U\321"
        checksums: "\326\360U\321"
        checksums: "\326\360U\321"
        checksums: "\326\360U\321"
        checksums: "\326\360U\321"
        checksums: "\326\360U\321"
        checksums: "\326\360U\321"
        checksums: "\326\360U\321"
        checksums: "\326\360U\321"
        checksums: "\326\360U\321"
        checksums: "\326\360U\321"
        checksums: "\326\360U\321"
        checksums: "\326\360U\321"
        checksums: "\326\360U\321"
        checksums: "\326\360U\321"
        checksums: "\326\360U\321"
        checksums: "\326\360U\321"
        checksums: "\326\360U\321"
        checksums: "\326\360U\321"
        checksums: "\326\360U\321"
        checksums: "\326\360U\321"
        checksums: "\326\360U\321"
        checksums: "\326\360U\321"
        checksums: "\326\360U\321"
        checksums: "\326\360U\321"
        checksums: "\326\360U\321"
        checksums: "\326\360U\321"
        checksums: "\326\360U\321"
        checksums: "\326\360U\321"
        checksums: "\326\360U\321"
        checksums: "\326\360U\321"
        checksums: "\326\360U\321"
        checksums: "\326\360U\321"
        checksums: "\326\360U\321"
        checksums: "\326\360U\321"
        checksums: "\326\360U\321"
        checksums: "\326\360U\321"
        checksums: "\326\360U\321"
        checksums: "\326\360U\321"
        checksums: "\326\360U\321"
        checksums: "\326\360U\321"
        checksums: "\326\360U\321"
        checksums: "\326\360U\321"
        checksums: "\326\360U\321"
        checksums: "\326\360U\321"
        checksums: "\326\360U\321"
        checksums: "\326\360U\321"
        checksums: "\326\360U\321"
        checksums: "\326\360U\321"
        checksums: "\326\360U\321"
        checksums: "\326\360U\321"
        checksums: "\326\360U\321"
        checksums: "\326\360U\321"
        checksums: "\326\360U\321"
        checksums: "\326\360U\321"
        checksums: "\326\360U\321"
        checksums: "\326\360U\321"
        checksums: "\326\360U\321"
        checksums: "\326\360U\321"
        checksums: "\326\360U\321"
        checksums: "\326\360U\321"
        checksums: "H$\374\021"
      }
    }
  }
  eof: false
}
version: 3
, data.size=0
java.util.concurrent.CompletionException: org.apache.ratis.protocol.exceptions.LeaderSteppingDownException: c834ff67-8e28-4894-9cd1-7316b4e587ce@group-9E25D04C2ADC is stepping down
	at org.apache.ratis.client.impl.RaftClientImpl.handleRaftException(RaftClientImpl.java:373)
	at org.apache.ratis.client.impl.OrderedAsync.lambda$send$3(OrderedAsync.java:175)
	at java.base/java.util.concurrent.CompletableFuture$UniApply.tryFire(CompletableFuture.java:646)
	at java.base/java.util.concurrent.CompletableFuture.postComplete(CompletableFuture.java:510)
	at java.base/java.util.concurrent.CompletableFuture.complete(CompletableFuture.java:2179)
	at org.apache.ratis.client.impl.OrderedAsync$PendingOrderedRequest.setReply(OrderedAsync.java:105)
	at org.apache.ratis.client.impl.OrderedAsync$PendingOrderedRequest.setReply(OrderedAsync.java:66)
	at org.apache.ratis.util.SlidingWindow$RequestMap.setReply(SlidingWindow.java:147)
	at org.apache.ratis.util.SlidingWindow$Client.receiveReply(SlidingWindow.java:351)
	at org.apache.ratis.client.impl.OrderedAsync.lambda$sendRequestWithRetry$5(OrderedAsync.java:210)
	at java.base/java.util.concurrent.CompletableFuture$UniAccept.tryFire(CompletableFuture.java:718)
	at java.base/java.util.concurrent.CompletableFuture.postComplete(CompletableFuture.java:510)
	at java.base/java.util.concurrent.CompletableFuture.complete(CompletableFuture.java:2179)
	at org.apache.ratis.grpc.client.GrpcClientProtocolClient$AsyncStreamObservers$1.lambda$onNext$0(GrpcClientProtocolClient.java:325)
	at java.base/java.util.Optional.ifPresent(Optional.java:178)
	at org.apache.ratis.grpc.client.GrpcClientProtocolClient$AsyncStreamObservers.handleReplyFuture(GrpcClientProtocolClient.java:381)
	at org.apache.ratis.grpc.client.GrpcClientProtocolClient$AsyncStreamObservers.access$100(GrpcClientProtocolClient.java:303)
	at org.apache.ratis.grpc.client.GrpcClientProtocolClient$AsyncStreamObservers$1.onNext(GrpcClientProtocolClient.java:325)
	at org.apache.ratis.grpc.client.GrpcClientProtocolClient$AsyncStreamObservers$1.onNext(GrpcClientProtocolClient.java:308)
	at org.apache.ratis.thirdparty.io.grpc.stub.ClientCalls$StreamObserverToCallListenerAdapter.onMessage(ClientCalls.java:551)
	at org.apache.ratis.thirdparty.io.grpc.ForwardingClientCallListener.onMessage(ForwardingClientCallListener.java:33)
	at org.apache.ratis.thirdparty.io.grpc.internal.ClientCallImpl$ClientStreamListenerImpl$1MessagesAvailable.runInternal(ClientCallImpl.java:661)
	at org.apache.ratis.thirdparty.io.grpc.internal.ClientCallImpl$ClientStreamListenerImpl$1MessagesAvailable.runInContext(ClientCallImpl.java:648)
	at org.apache.ratis.thirdparty.io.grpc.internal.ContextRunnable.run(ContextRunnable.java:37)
	at org.apache.ratis.thirdparty.io.grpc.internal.SerializingExecutor.run(SerializingExecutor.java:133)
	at java.base/java.util.concurrent.ThreadPoolExecutor.runWorker(ThreadPoolExecutor.java:1144)
	at java.base/java.util.concurrent.ThreadPoolExecutor$Worker.run(ThreadPoolExecutor.java:642)
	at java.base/java.lang.Thread.run(Thread.java:1583)
Caused by: org.apache.ratis.protocol.exceptions.LeaderSteppingDownException: c834ff67-8e28-4894-9cd1-7316b4e587ce@group-9E25D04C2ADC is stepping down
	at org.apache.ratis.server.impl.RaftServerImpl.checkLeaderState(RaftServerImpl.java:784)
	at org.apache.ratis.server.impl.RaftServerImpl.checkLeaderState(RaftServerImpl.java:755)
	at org.apache.ratis.server.impl.RaftServerImpl.writeAsyncImpl(RaftServerImpl.java:972)
	at org.apache.ratis.server.impl.RaftServerImpl.writeAsync(RaftServerImpl.java:960)
	at org.apache.ratis.server.impl.RaftServerImpl.replyFuture(RaftServerImpl.java:953)
	at org.apache.ratis.server.impl.RaftServerImpl.submitClientRequestAsync(RaftServerImpl.java:930)
	at org.apache.ratis.server.impl.RaftServerImpl.lambda$null$11(RaftServerImpl.java:919)
	at org.apache.ratis.util.JavaUtils.callAsUnchecked(JavaUtils.java:118)
	at org.apache.ratis.server.impl.RaftServerImpl.lambda$executeSubmitClientRequestAsync$12(RaftServerImpl.java:919)
	at java.base/java.util.concurrent.CompletableFuture$AsyncSupply.run(CompletableFuture.java:1768)
	... 3 more
2025-09-19 20:46:19,119 [ForkJoinPool-1-worker-1] WARN  io.KeyOutputStream (KeyOutputStream.java:handleExceptionInternal(377)) - Encountered exception java.io.IOException: Unexpected Storage Container Exception: java.util.concurrent.CompletionException: Failed to write chunk 115816896921600011_chunk_2 into block conID: 10 locID: 115816896921600011 bcsId: 4 replicaIndex: null on the pipeline Pipeline{ Id: 9000e871-2414-43c0-9d82-9e25d04c2adc, Nodes: [ {417c597c-13cf-4e34-be96-1680b82aa276(localhost/127.0.0.1), ReplicaIndex: 0}, {c834ff67-8e28-4894-9cd1-7316b4e587ce(localhost/127.0.0.1), ReplicaIndex: 0}, {e7feb3b4-5cd1-4322-b271-eb1c248a4412(localhost/127.0.0.1), ReplicaIndex: 0},], ReplicationConfig: RATIS/THREE, State:OPEN, leaderId:c834ff67-8e28-4894-9cd1-7316b4e587ce, CreationTimestamp2025-09-19T20:43:09.503Z[Etc/UTC]}. The last committed block length is 1048576, uncommitted data length is 2097152 retry count 0
2025-09-19 20:46:19,174 [ForkJoinPool-1-worker-1] INFO  io.BlockOutputStreamEntry (BlockOutputStreamEntry.java:writeOnRetry(192)) - BlockOutputStreamEntry:7b2ebcbf-a713-41a5-9d42-6da1df017b44 conID: 11 locID: 115816896921600012 bcsId: 0 replicaIndex: null: Finish retrying with len 2097152, currentPosition 2097152
2025-09-19 20:46:19,174 [ForkJoinPool-1-worker-1] INFO  io.BlockOutputStreamEntry (BlockOutputStreamEntry.java:finishRetryHandling(141)) - BlockOutputStreamEntry:7b2ebcbf-a713-41a5-9d42-6da1df017b44 conID: 11 locID: 115816896921600012 bcsId: 0 replicaIndex: null: Exiting retry handling mode
]]></system-out>
  </testcase>
  <testcase name="" classname="org.apache.hadoop.ozone.client.rpc.TestFailureHandlingByClient" time="202.746">
    <failure message="Found 2 leaked objects, check logs" type="java.lang.AssertionError"><![CDATA[java.lang.AssertionError: Found 2 leaked objects, check logs
	at org.apache.hadoop.hdds.utils.db.CodecBuffer.assertNoLeaks(CodecBuffer.java:238)
	at org.apache.hadoop.hdds.utils.db.CodecTestUtil.gc(CodecTestUtil.java:54)
	at org.apache.hadoop.ozone.MiniOzoneClusterImpl.shutdown(MiniOzoneClusterImpl.java:374)
	at org.apache.hadoop.ozone.client.rpc.TestFailureHandlingByClient.shutdown(TestFailureHandlingByClient.java:179)
	at java.base/java.lang.reflect.Method.invoke(Method.java:580)
	at java.base/java.util.ArrayList.forEach(ArrayList.java:1596)
	at java.base/java.util.Collections$UnmodifiableCollection.forEach(Collections.java:1117)
	at java.base/java.util.concurrent.ForkJoinTask.doExec(ForkJoinTask.java:387)
	at java.base/java.util.concurrent.ForkJoinPool$WorkQueue.topLevelExec(ForkJoinPool.java:1312)
	at java.base/java.util.concurrent.ForkJoinPool.scan(ForkJoinPool.java:1843)
	at java.base/java.util.concurrent.ForkJoinPool.runWorker(ForkJoinPool.java:1808)
	at java.base/java.util.concurrent.ForkJoinWorkerThread.run(ForkJoinWorkerThread.java:188)
]]></failure>
    <system-out><![CDATA[2025-09-19 20:46:19,201 [ForkJoinPool-1-worker-1] INFO  ozone.MiniOzoneClusterImpl (MiniOzoneClusterImpl.java:shutdown(373)) - Shutting down the Mini Ozone Cluster
2025-09-19 20:46:19,203 [ForkJoinPool-1-worker-1] INFO  db.CodecTestUtil (CodecTestUtil.java:gc(50)) - gc 0
2025-09-19 20:46:19,281 [LeakDetector-OzoneClientObject1] WARN  client.OzoneClientFactory (HddsUtils.java:reportLeak(879)) - OzoneClient is not closed properly
StackTrace for unclosed instance: org.apache.hadoop.ozone.client.OzoneClientFactory.getRpcClient(OzoneClientFactory.java:176)
org.apache.hadoop.ozone.client.OzoneClientFactory.getRpcClient(OzoneClientFactory.java:161)
org.apache.hadoop.ozone.client.rpc.TestFailureHandlingByClient.testDatanodeExclusionWithMajorityCommit(TestFailureHandlingByClient.java:430)
java.base/jdk.internal.reflect.DirectMethodHandleAccessor.invoke(DirectMethodHandleAccessor.java:103)
java.base/java.lang.reflect.Method.invoke(Method.java:580)
org.junit.platform.commons.util.ReflectionUtils.invokeMethod(ReflectionUtils.java:787)
org.junit.platform.commons.support.ReflectionSupport.invokeMethod(ReflectionSupport.java:478)
org.junit.jupiter.engine.execution.MethodInvocation.proceed(MethodInvocation.java:60)
org.junit.jupiter.engine.execution.InvocationInterceptorChain$ValidatingInvocation.proceed(InvocationInterceptorChain.java:131)
org.junit.jupiter.engine.extension.SameThreadTimeoutInvocation.proceed(SameThreadTimeoutInvocation.java:49)
org.junit.jupiter.engine.extension.TimeoutExtension.intercept(TimeoutExtension.java:161)
org.junit.jupiter.engine.extension.TimeoutExtension.interceptTestableMethod(TimeoutExtension.java:152)
org.junit.jupiter.engine.extension.TimeoutExtension.interceptTestTemplateMethod(TimeoutExtension.java:99)
org.junit.jupiter.engine.execution.InterceptingExecutableInvoker$ReflectiveInterceptorCall.lambda$ofVoidMethod$0(InterceptingExecutableInvoker.java:112)
org.junit.jupiter.engine.execution.InterceptingExecutableInvoker.lambda$invoke$0(InterceptingExecutableInvoker.java:94)
org.junit.jupiter.engine.execution.InvocationInterceptorChain$InterceptedInvocation.proceed(InvocationInterceptorChain.java:106)
org.junit.jupiter.engine.execution.InvocationInterceptorChain.proceed(InvocationInterceptorChain.java:64)
org.junit.jupiter.engine.execution.InvocationInterceptorChain.chainAndInvoke(InvocationInterceptorChain.java:45)
org.junit.jupiter.engine.execution.InvocationInterceptorChain.invoke(InvocationInterceptorChain.java:37)
org.junit.jupiter.engine.execution.InterceptingExecutableInvoker.invoke(InterceptingExecutableInvoker.java:93)
org.junit.jupiter.engine.execution.InterceptingExecutableInvoker.invoke(InterceptingExecutableInvoker.java:87)
org.junit.jupiter.engine.descriptor.TestMethodTestDescriptor.lambda$invokeTestMethod$4(TestMethodTestDescriptor.java:221)
org.junit.platform.engine.support.hierarchical.ThrowableCollector.execute(ThrowableCollector.java:73)
org.junit.jupiter.engine.descriptor.TestMethodTestDescriptor.invokeTestMethod(TestMethodTestDescriptor.java:217)
org.junit.jupiter.engine.descriptor.TestMethodTestDescriptor.execute(TestMethodTestDescriptor.java:159)
org.junit.jupiter.engine.descriptor.TestMethodTestDescriptor.execute(TestMethodTestDescriptor.java:70)
org.junit.platform.engine.support.hierarchical.NodeTestTask.lambda$executeRecursively$6(NodeTestTask.java:157)
org.junit.platform.engine.support.hierarchical.ThrowableCollector.execute(ThrowableCollector.java:73)
org.junit.platform.engine.support.hierarchical.NodeTestTask.lambda$executeRecursively$8(NodeTestTask.java:147)
org.junit.platform.engine.support.hierarchical.Node.around(Node.java:137)
org.junit.platform.engine.support.hierarchical.NodeTestTask.lambda$executeRecursively$9(NodeTestTask.java:145)
org.junit.platform.engine.support.hierarchical.ThrowableCollector.execute(ThrowableCollector.java:73)
org.junit.platform.engine.support.hierarchical.NodeTestTask.executeRecursively(NodeTestTask.java:144)
org.junit.platform.engine.support.hierarchical.NodeTestTask.execute(NodeTestTask.java:101)
org.junit.platform.engine.support.hierarchical.ForkJoinPoolHierarchicalTestExecutorService$ExclusiveTask.exec(ForkJoinPoolHierarchicalTestExecutorService.java:274)
org.junit.platform.engine.support.hierarchical.ForkJoinPoolHierarchicalTestExecutorService$ExclusiveTask.execSync(ForkJoinPoolHierarchicalTestExecutorService.java:247)
org.junit.platform.engine.support.hierarchical.ForkJoinPoolHierarchicalTestExecutorService.submit(ForkJoinPoolHierarchicalTestExecutorService.java:148)
org.junit.platform.engine.support.hierarchical.NodeTestTask$DefaultDynamicTestExecutor.execute(NodeTestTask.java:232)
org.junit.platform.engine.support.hierarchical.NodeTestTask$DefaultDynamicTestExecutor.execute(NodeTestTask.java:210)
org.junit.jupiter.engine.descriptor.TemplateExecutor.execute(TemplateExecutor.java:98)
org.junit.jupiter.engine.descriptor.TemplateExecutor.lambda$executeForProvider$0(TemplateExecutor.java:61)
java.base/java.util.Optional.ifPresent(Optional.java:178)
org.junit.jupiter.engine.descriptor.TemplateExecutor.lambda$executeForProvider$1(TemplateExecutor.java:61)
java.base/java.util.stream.ForEachOps$ForEachOp$OfRef.accept(ForEachOps.java:184)
java.base/java.util.stream.ReferencePipeline$3$1.accept(ReferencePipeline.java:197)
java.base/java.util.stream.ForEachOps$ForEachOp$OfRef.accept(ForEachOps.java:184)
java.base/java.util.stream.ForEachOps$ForEachOp$OfRef.accept(ForEachOps.java:184)
java.base/java.util.stream.ReferencePipeline$3$1.accept(ReferencePipeline.java:197)
java.base/java.util.Iterator.forEachRemaining(Iterator.java:133)
java.base/java.util.Spliterators$IteratorSpliterator.forEachRemaining(Spliterators.java:1939)
java.base/java.util.stream.AbstractPipeline.copyInto(AbstractPipeline.java:509)
java.base/java.util.stream.AbstractPipeline.wrapAndCopyInto(AbstractPipeline.java:499)
java.base/java.util.stream.ForEachOps$ForEachOp.evaluateSequential(ForEachOps.java:151)
java.base/java.util.stream.ForEachOps$ForEachOp$OfRef.evaluateSequential(ForEachOps.java:174)
java.base/java.util.stream.AbstractPipeline.evaluate(AbstractPipeline.java:234)
java.base/java.util.stream.ReferencePipeline.forEach(ReferencePipeline.java:596)
java.base/java.util.stream.ReferencePipeline$7$1.accept(ReferencePipeline.java:276)
java.base/java.util.ArrayList$ArrayListSpliterator.forEachRemaining(ArrayList.java:1708)
java.base/java.util.stream.AbstractPipeline.copyInto(AbstractPipeline.java:509)
java.base/java.util.stream.AbstractPipeline.wrapAndCopyInto(AbstractPipeline.java:499)
java.base/java.util.stream.ForEachOps$ForEachOp.evaluateSequential(ForEachOps.java:151)
java.base/java.util.stream.ForEachOps$ForEachOp$OfRef.evaluateSequential(ForEachOps.java:174)
java.base/java.util.stream.AbstractPipeline.evaluate(AbstractPipeline.java:234)
java.base/java.util.stream.ReferencePipeline.forEach(ReferencePipeline.java:596)
java.base/java.util.stream.ReferencePipeline$7$1.accept(ReferencePipeline.java:276)
java.base/java.util.stream.ReferencePipeline$3$1.accept(ReferencePipeline.java:197)
java.base/java.util.stream.ReferencePipeline$3$1.accept(ReferencePipeline.java:197)
java.base/java.util.stream.ReferencePipeline$3$1.accept(ReferencePipeline.java:197)
java.base/java.util.ArrayList$ArrayListSpliterator.forEachRemaining(ArrayList.java:1708)
java.base/java.util.stream.AbstractPipeline.copyInto(AbstractPipeline.java:509)
java.base/java.util.stream.AbstractPipeline.wrapAndCopyInto(AbstractPipeline.java:499)
java.base/java.util.stream.ForEachOps$ForEachOp.evaluateSequential(ForEachOps.java:151)
java.base/java.util.stream.ForEachOps$ForEachOp$OfRef.evaluateSequential(ForEachOps.java:174)
java.base/java.util.stream.AbstractPipeline.evaluate(AbstractPipeline.java:234)
java.base/java.util.stream.ReferencePipeline.forEach(ReferencePipeline.java:596)
org.junit.jupiter.engine.descriptor.TemplateExecutor.executeForProvider(TemplateExecutor.java:59)
org.junit.jupiter.engine.descriptor.TemplateExecutor.execute(TemplateExecutor.java:48)
org.junit.jupiter.engine.descriptor.TestTemplateTestDescriptor.execute(TestTemplateTestDescriptor.java:112)
org.junit.jupiter.engine.descriptor.TestTemplateTestDescriptor.execute(TestTemplateTestDescriptor.java:40)
org.junit.platform.engine.support.hierarchical.NodeTestTask.lambda$executeRecursively$6(NodeTestTask.java:157)
org.junit.platform.engine.support.hierarchical.ThrowableCollector.execute(ThrowableCollector.java:73)
org.junit.platform.engine.support.hierarchical.NodeTestTask.lambda$executeRecursively$8(NodeTestTask.java:147)
org.junit.platform.engine.support.hierarchical.Node.around(Node.java:137)
org.junit.platform.engine.support.hierarchical.NodeTestTask.lambda$executeRecursively$9(NodeTestTask.java:145)
org.junit.platform.engine.support.hierarchical.ThrowableCollector.execute(ThrowableCollector.java:73)
org.junit.platform.engine.support.hierarchical.NodeTestTask.executeRecursively(NodeTestTask.java:144)
org.junit.platform.engine.support.hierarchical.NodeTestTask.execute(NodeTestTask.java:101)
org.junit.platform.engine.support.hierarchical.ForkJoinPoolHierarchicalTestExecutorService$ExclusiveTask.exec(ForkJoinPoolHierarchicalTestExecutorService.java:274)
org.junit.platform.engine.support.hierarchical.ForkJoinPoolHierarchicalTestExecutorService$ExclusiveTask.execSync(ForkJoinPoolHierarchicalTestExecutorService.java:247)
org.junit.platform.engine.support.hierarchical.ForkJoinPoolHierarchicalTestExecutorService.executeSync(ForkJoinPoolHierarchicalTestExecutorService.java:194)
org.junit.platform.engine.support.hierarchical.ForkJoinPoolHierarchicalTestExecutorService.invokeAll(ForkJoinPoolHierarchicalTestExecutorService.java:166)
org.junit.platform.engine.support.hierarchical.NodeTestTask.lambda$executeRecursively$6(NodeTestTask.java:161)
org.junit.platform.engine.support.hierarchical.ThrowableCollector.execute(ThrowableCollector.java:73)
org.junit.platform.engine.support.hierarchical.NodeTestTask.lambda$executeRecursively$8(NodeTestTask.java:147)
org.junit.platform.engine.support.hierarchical.Node.around(Node.java:137)
org.junit.platform.engine.support.hierarchical.NodeTestTask.lambda$executeRecursively$9(NodeTestTask.java:145)
org.junit.platform.engine.support.hierarchical.ThrowableCollector.execute(ThrowableCollector.java:73)
org.junit.platform.engine.support.hierarchical.NodeTestTask.executeRecursively(NodeTestTask.java:144)
org.junit.platform.engine.support.hierarchical.NodeTestTask.execute(NodeTestTask.java:101)
org.junit.platform.engine.support.hierarchical.ForkJoinPoolHierarchicalTestExecutorService$ExclusiveTask.exec(ForkJoinPoolHierarchicalTestExecutorService.java:274)
org.junit.platform.engine.support.hierarchical.ForkJoinPoolHierarchicalTestExecutorService$ExclusiveTask.execSync(ForkJoinPoolHierarchicalTestExecutorService.java:247)
org.junit.platform.engine.support.hierarchical.ForkJoinPoolHierarchicalTestExecutorService.invokeAll(ForkJoinPoolHierarchicalTestExecutorService.java:159)
org.junit.platform.engine.support.hierarchical.NodeTestTask.lambda$executeRecursively$6(NodeTestTask.java:161)
org.junit.platform.engine.support.hierarchical.ThrowableCollector.execute(ThrowableCollector.java:73)
org.junit.platform.engine.support.hierarchical.NodeTestTask.lambda$executeRecursively$8(NodeTestTask.java:147)
org.junit.platform.engine.support.hierarchical.Node.around(Node.java:137)
org.junit.platform.engine.support.hierarchical.NodeTestTask.lambda$executeRecursively$9(NodeTestTask.java:145)
org.junit.platform.engine.support.hierarchical.ThrowableCollector.execute(ThrowableCollector.java:73)
org.junit.platform.engine.support.hierarchical.NodeTestTask.executeRecursively(NodeTestTask.java:144)
org.junit.platform.engine.support.hierarchical.NodeTestTask.execute(NodeTestTask.java:101)
org.junit.platform.engine.support.hierarchical.ForkJoinPoolHierarchicalTestExecutorService$ExclusiveTask.exec(ForkJoinPoolHierarchicalTestExecutorService.java:274)
java.base/java.util.concurrent.ForkJoinTask.doExec(ForkJoinTask.java:387)
java.base/java.util.concurrent.ForkJoinPool$WorkQueue.topLevelExec(ForkJoinPool.java:1312)
java.base/java.util.concurrent.ForkJoinPool.scan(ForkJoinPool.java:1843)
java.base/java.util.concurrent.ForkJoinPool.runWorker(ForkJoinPool.java:1808)
java.base/java.util.concurrent.ForkJoinWorkerThread.run(ForkJoinWorkerThread.java:188)

2025-09-19 20:46:19,282 [Finalizer] WARN  db.CodecBuffer (CodecBuffer.java:detectLeaks(281)) - LEAK 1: [0<=0<=1048576: ], refCnt=1, capacity=1048576 allocation:
org.apache.hadoop.hdds.utils.db.CodecBuffer.<init>(CodecBuffer.java:53)
org.apache.hadoop.hdds.utils.db.CodecBuffer$LeakDetector$1.<init>(CodecBuffer.java:100)
org.apache.hadoop.hdds.utils.db.CodecBuffer$LeakDetector.newCodecBuffer(CodecBuffer.java:100)
org.apache.hadoop.hdds.utils.db.CodecBuffer$Factory.newCodecBuffer(CodecBuffer.java:93)
org.apache.hadoop.hdds.utils.db.CodecBuffer$Factory.newCodecBuffer(CodecBuffer.java:89)
org.apache.hadoop.hdds.utils.db.CodecBuffer.allocate(CodecBuffer.java:204)
org.apache.hadoop.hdds.utils.db.CodecBuffer.allocateDirect(CodecBuffer.java:212)
org.apache.hadoop.ozone.common.ChunkBuffer.allocate(ChunkBuffer.java:48)
org.apache.hadoop.hdds.scm.storage.BufferPool.allocateBuffer(BufferPool.java:98)
org.apache.hadoop.hdds.scm.storage.BlockOutputStream.allocateNewBufferIfNeeded(BlockOutputStream.java:427)
org.apache.hadoop.hdds.scm.storage.BlockOutputStream.write(BlockOutputStream.java:384)
org.apache.hadoop.ozone.client.io.BlockOutputStreamEntry.write(BlockOutputStreamEntry.java:183)
org.apache.hadoop.ozone.client.io.KeyOutputStream.writeToOutputStream(KeyOutputStream.java:298)
org.apache.hadoop.ozone.client.io.KeyOutputStream.handleWrite(KeyOutputStream.java:274)
org.apache.hadoop.ozone.client.io.KeyOutputStream.lambda$write$1(KeyOutputStream.java:240)
org.apache.hadoop.ozone.client.io.KeyOutputStream.doInWriteLock(KeyOutputStream.java:251)
org.apache.hadoop.ozone.client.io.KeyOutputStream.write(KeyOutputStream.java:239)
org.apache.hadoop.ozone.client.io.OzoneOutputStream.write(OzoneOutputStream.java:93)
java.base/java.io.OutputStream.write(OutputStream.java:124)
org.apache.hadoop.ozone.client.rpc.TestFailureHandlingByClient.testDatanodeExclusionWithMajorityCommit(TestFailureHandlingByClient.java:448)
java.base/jdk.internal.reflect.DirectMethodHandleAccessor.invoke(DirectMethodHandleAccessor.java:103)
java.base/java.lang.reflect.Method.invoke(Method.java:580)
org.junit.platform.commons.util.ReflectionUtils.invokeMethod(ReflectionUtils.java:787)
org.junit.platform.commons.support.ReflectionSupport.invokeMethod(ReflectionSupport.java:478)
org.junit.jupiter.engine.execution.MethodInvocation.proceed(MethodInvocation.java:60)
org.junit.jupiter.engine.execution.InvocationInterceptorChain$ValidatingInvocation.proceed(InvocationInterceptorChain.java:131)
org.junit.jupiter.engine.extension.SameThreadTimeoutInvocation.proceed(SameThreadTimeoutInvocation.java:49)
org.junit.jupiter.engine.extension.TimeoutExtension.intercept(TimeoutExtension.java:161)
org.junit.jupiter.engine.extension.TimeoutExtension.interceptTestableMethod(TimeoutExtension.java:152)
org.junit.jupiter.engine.extension.TimeoutExtension.interceptTestTemplateMethod(TimeoutExtension.java:99)
org.junit.jupiter.engine.execution.InterceptingExecutableInvoker$ReflectiveInterceptorCall.lambda$ofVoidMethod$0(InterceptingExecutableInvoker.java:112)
org.junit.jupiter.engine.execution.InterceptingExecutableInvoker.lambda$invoke$0(InterceptingExecutableInvoker.java:94)
org.junit.jupiter.engine.execution.InvocationInterceptorChain$InterceptedInvocation.proceed(InvocationInterceptorChain.java:106)
org.junit.jupiter.engine.execution.InvocationInterceptorChain.proceed(InvocationInterceptorChain.java:64)
org.junit.jupiter.engine.execution.InvocationInterceptorChain.chainAndInvoke(InvocationInterceptorChain.java:45)
org.junit.jupiter.engine.execution.InvocationInterceptorChain.invoke(InvocationInterceptorChain.java:37)
org.junit.jupiter.engine.execution.InterceptingExecutableInvoker.invoke(InterceptingExecutableInvoker.java:93)
org.junit.jupiter.engine.execution.InterceptingExecutableInvoker.invoke(InterceptingExecutableInvoker.java:87)
org.junit.jupiter.engine.descriptor.TestMethodTestDescriptor.lambda$invokeTestMethod$4(TestMethodTestDescriptor.java:221)
org.junit.platform.engine.support.hierarchical.ThrowableCollector.execute(ThrowableCollector.java:73)
org.junit.jupiter.engine.descriptor.TestMethodTestDescriptor.invokeTestMethod(TestMethodTestDescriptor.java:217)
org.junit.jupiter.engine.descriptor.TestMethodTestDescriptor.execute(TestMethodTestDescriptor.java:159)
org.junit.jupiter.engine.descriptor.TestMethodTestDescriptor.execute(TestMethodTestDescriptor.java:70)
org.junit.platform.engine.support.hierarchical.NodeTestTask.lambda$executeRecursively$6(NodeTestTask.java:157)
org.junit.platform.engine.support.hierarchical.ThrowableCollector.execute(ThrowableCollector.java:73)
org.junit.platform.engine.support.hierarchical.NodeTestTask.lambda$executeRecursively$8(NodeTestTask.java:147)
org.junit.platform.engine.support.hierarchical.Node.around(Node.java:137)
org.junit.platform.engine.support.hierarchical.NodeTestTask.lambda$executeRecursively$9(NodeTestTask.java:145)
org.junit.platform.engine.support.hierarchical.ThrowableCollector.execute(ThrowableCollector.java:73)
org.junit.platform.engine.support.hierarchical.NodeTestTask.executeRecursively(NodeTestTask.java:144)
org.junit.platform.engine.support.hierarchical.NodeTestTask.execute(NodeTestTask.java:101)
org.junit.platform.engine.support.hierarchical.ForkJoinPoolHierarchicalTestExecutorService$ExclusiveTask.exec(ForkJoinPoolHierarchicalTestExecutorService.java:274)
org.junit.platform.engine.support.hierarchical.ForkJoinPoolHierarchicalTestExecutorService$ExclusiveTask.execSync(ForkJoinPoolHierarchicalTestExecutorService.java:247)
org.junit.platform.engine.support.hierarchical.ForkJoinPoolHierarchicalTestExecutorService.submit(ForkJoinPoolHierarchicalTestExecutorService.java:148)
org.junit.platform.engine.support.hierarchical.NodeTestTask$DefaultDynamicTestExecutor.execute(NodeTestTask.java:232)
org.junit.platform.engine.support.hierarchical.NodeTestTask$DefaultDynamicTestExecutor.execute(NodeTestTask.java:210)
org.junit.jupiter.engine.descriptor.TemplateExecutor.execute(TemplateExecutor.java:98)
org.junit.jupiter.engine.descriptor.TemplateExecutor.lambda$executeForProvider$0(TemplateExecutor.java:61)
java.base/java.util.Optional.ifPresent(Optional.java:178)
org.junit.jupiter.engine.descriptor.TemplateExecutor.lambda$executeForProvider$1(TemplateExecutor.java:61)
java.base/java.util.stream.ForEachOps$ForEachOp$OfRef.accept(ForEachOps.java:184)
java.base/java.util.stream.ReferencePipeline$3$1.accept(ReferencePipeline.java:197)
java.base/java.util.stream.ForEachOps$ForEachOp$OfRef.accept(ForEachOps.java:184)
java.base/java.util.stream.ForEachOps$ForEachOp$OfRef.accept(ForEachOps.java:184)
java.base/java.util.stream.ReferencePipeline$3$1.accept(ReferencePipeline.java:197)
java.base/java.util.Iterator.forEachRemaining(Iterator.java:133)
java.base/java.util.Spliterators$IteratorSpliterator.forEachRemaining(Spliterators.java:1939)
java.base/java.util.stream.AbstractPipeline.copyInto(AbstractPipeline.java:509)
java.base/java.util.stream.AbstractPipeline.wrapAndCopyInto(AbstractPipeline.java:499)
java.base/java.util.stream.ForEachOps$ForEachOp.evaluateSequential(ForEachOps.java:151)
java.base/java.util.stream.ForEachOps$ForEachOp$OfRef.evaluateSequential(ForEachOps.java:174)
java.base/java.util.stream.AbstractPipeline.evaluate(AbstractPipeline.java:234)
java.base/java.util.stream.ReferencePipeline.forEach(ReferencePipeline.java:596)
java.base/java.util.stream.ReferencePipeline$7$1.accept(ReferencePipeline.java:276)
java.base/java.util.ArrayList$ArrayListSpliterator.forEachRemaining(ArrayList.java:1708)
java.base/java.util.stream.AbstractPipeline.copyInto(AbstractPipeline.java:509)
java.base/java.util.stream.AbstractPipeline.wrapAndCopyInto(AbstractPipeline.java:499)
java.base/java.util.stream.ForEachOps$ForEachOp.evaluateSequential(ForEachOps.java:151)
java.base/java.util.stream.ForEachOps$ForEachOp$OfRef.evaluateSequential(ForEachOps.java:174)
java.base/java.util.stream.AbstractPipeline.evaluate(AbstractPipeline.java:234)
java.base/java.util.stream.ReferencePipeline.forEach(ReferencePipeline.java:596)
java.base/java.util.stream.ReferencePipeline$7$1.accept(ReferencePipeline.java:276)
java.base/java.util.stream.ReferencePipeline$3$1.accept(ReferencePipeline.java:197)
java.base/java.util.stream.ReferencePipeline$3$1.accept(ReferencePipeline.java:197)
java.base/java.util.stream.ReferencePipeline$3$1.accept(ReferencePipeline.java:197)
java.base/java.util.ArrayList$ArrayListSpliterator.forEachRemaining(ArrayList.java:1708)
java.base/java.util.stream.AbstractPipeline.copyInto(AbstractPipeline.java:509)
java.base/java.util.stream.AbstractPipeline.wrapAndCopyInto(AbstractPipeline.java:499)
java.base/java.util.stream.ForEachOps$ForEachOp.evaluateSequential(ForEachOps.java:151)
java.base/java.util.stream.ForEachOps$ForEachOp$OfRef.evaluateSequential(ForEachOps.java:174)
java.base/java.util.stream.AbstractPipeline.evaluate(AbstractPipeline.java:234)
java.base/java.util.stream.ReferencePipeline.forEach(ReferencePipeline.java:596)
org.junit.jupiter.engine.descriptor.TemplateExecutor.executeForProvider(TemplateExecutor.java:59)
org.junit.jupiter.engine.descriptor.TemplateExecutor.execute(TemplateExecutor.java:48)
org.junit.jupiter.engine.descriptor.TestTemplateTestDescriptor.execute(TestTemplateTestDescriptor.java:112)
org.junit.jupiter.engine.descriptor.TestTemplateTestDescriptor.execute(TestTemplateTestDescriptor.java:40)
org.junit.platform.engine.support.hierarchical.NodeTestTask.lambda$executeRecursively$6(NodeTestTask.java:157)
org.junit.platform.engine.support.hierarchical.ThrowableCollector.execute(ThrowableCollector.java:73)
org.junit.platform.engine.support.hierarchical.NodeTestTask.lambda$executeRecursively$8(NodeTestTask.java:147)
org.junit.platform.engine.support.hierarchical.Node.around(Node.java:137)
org.junit.platform.engine.support.hierarchical.NodeTestTask.lambda$executeRecursively$9(NodeTestTask.java:145)
org.junit.platform.engine.support.hierarchical.ThrowableCollector.execute(ThrowableCollector.java:73)
org.junit.platform.engine.support.hierarchical.NodeTestTask.executeRecursively(NodeTestTask.java:144)
org.junit.platform.engine.support.hierarchical.NodeTestTask.execute(NodeTestTask.java:101)
org.junit.platform.engine.support.hierarchical.ForkJoinPoolHierarchicalTestExecutorService$ExclusiveTask.exec(ForkJoinPoolHierarchicalTestExecutorService.java:274)
org.junit.platform.engine.support.hierarchical.ForkJoinPoolHierarchicalTestExecutorService$ExclusiveTask.execSync(ForkJoinPoolHierarchicalTestExecutorService.java:247)
org.junit.platform.engine.support.hierarchical.ForkJoinPoolHierarchicalTestExecutorService.executeSync(ForkJoinPoolHierarchicalTestExecutorService.java:194)
org.junit.platform.engine.support.hierarchical.ForkJoinPoolHierarchicalTestExecutorService.invokeAll(ForkJoinPoolHierarchicalTestExecutorService.java:166)
org.junit.platform.engine.support.hierarchical.NodeTestTask.lambda$executeRecursively$6(NodeTestTask.java:161)
org.junit.platform.engine.support.hierarchical.ThrowableCollector.execute(ThrowableCollector.java:73)
org.junit.platform.engine.support.hierarchical.NodeTestTask.lambda$executeRecursively$8(NodeTestTask.java:147)
org.junit.platform.engine.support.hierarchical.Node.around(Node.java:137)
org.junit.platform.engine.support.hierarchical.NodeTestTask.lambda$executeRecursively$9(NodeTestTask.java:145)
org.junit.platform.engine.support.hierarchical.ThrowableCollector.execute(ThrowableCollector.java:73)
org.junit.platform.engine.support.hierarchical.NodeTestTask.executeRecursively(NodeTestTask.java:144)
org.junit.platform.engine.support.hierarchical.NodeTestTask.execute(NodeTestTask.java:101)
org.junit.platform.engine.support.hierarchical.ForkJoinPoolHierarchicalTestExecutorService$ExclusiveTask.exec(ForkJoinPoolHierarchicalTestExecutorService.java:274)
org.junit.platform.engine.support.hierarchical.ForkJoinPoolHierarchicalTestExecutorService$ExclusiveTask.execSync(ForkJoinPoolHierarchicalTestExecutorService.java:247)
org.junit.platform.engine.support.hierarchical.ForkJoinPoolHierarchicalTestExecutorService.invokeAll(ForkJoinPoolHierarchicalTestExecutorService.java:159)
org.junit.platform.engine.support.hierarchical.NodeTestTask.lambda$executeRecursively$6(NodeTestTask.java:161)
org.junit.platform.engine.support.hierarchical.ThrowableCollector.execute(ThrowableCollector.java:73)
org.junit.platform.engine.support.hierarchical.NodeTestTask.lambda$executeRecursively$8(NodeTestTask.java:147)
org.junit.platform.engine.support.hierarchical.Node.around(Node.java:137)
org.junit.platform.engine.support.hierarchical.NodeTestTask.lambda$executeRecursively$9(NodeTestTask.java:145)
org.junit.platform.engine.support.hierarchical.ThrowableCollector.execute(ThrowableCollector.java:73)
org.junit.platform.engine.support.hierarchical.NodeTestTask.executeRecursively(NodeTestTask.java:144)
org.junit.platform.engine.support.hierarchical.NodeTestTask.execute(NodeTestTask.java:101)
org.junit.platform.engine.support.hierarchical.ForkJoinPoolHierarchicalTestExecutorService$ExclusiveTask.exec(ForkJoinPoolHierarchicalTestExecutorService.java:274)
java.base/java.util.concurrent.ForkJoinTask.doExec(ForkJoinTask.java:387)
java.base/java.util.concurrent.ForkJoinPool$WorkQueue.topLevelExec(ForkJoinPool.java:1312)
java.base/java.util.concurrent.ForkJoinPool.scan(ForkJoinPool.java:1843)
java.base/java.util.concurrent.ForkJoinPool.runWorker(ForkJoinPool.java:1808)
java.base/java.util.concurrent.ForkJoinWorkerThread.run(ForkJoinWorkerThread.java:188)

2025-09-19 20:46:19,283 [Finalizer] WARN  db.CodecBuffer (CodecBuffer.java:detectLeaks(281)) - LEAK 2: [0<=0<=1048576: ], refCnt=1, capacity=1048576 allocation:
org.apache.hadoop.hdds.utils.db.CodecBuffer.<init>(CodecBuffer.java:53)
org.apache.hadoop.hdds.utils.db.CodecBuffer$LeakDetector$1.<init>(CodecBuffer.java:100)
org.apache.hadoop.hdds.utils.db.CodecBuffer$LeakDetector.newCodecBuffer(CodecBuffer.java:100)
org.apache.hadoop.hdds.utils.db.CodecBuffer$Factory.newCodecBuffer(CodecBuffer.java:93)
org.apache.hadoop.hdds.utils.db.CodecBuffer$Factory.newCodecBuffer(CodecBuffer.java:89)
org.apache.hadoop.hdds.utils.db.CodecBuffer.allocate(CodecBuffer.java:204)
org.apache.hadoop.hdds.utils.db.CodecBuffer.allocateDirect(CodecBuffer.java:212)
org.apache.hadoop.ozone.common.ChunkBuffer.allocate(ChunkBuffer.java:48)
org.apache.hadoop.hdds.scm.storage.BufferPool.allocateBuffer(BufferPool.java:98)
org.apache.hadoop.hdds.scm.storage.BlockOutputStream.allocateNewBufferIfNeeded(BlockOutputStream.java:427)
org.apache.hadoop.hdds.scm.storage.BlockOutputStream.write(BlockOutputStream.java:384)
org.apache.hadoop.ozone.client.io.BlockOutputStreamEntry.write(BlockOutputStreamEntry.java:183)
org.apache.hadoop.ozone.client.io.KeyOutputStream.writeToOutputStream(KeyOutputStream.java:298)
org.apache.hadoop.ozone.client.io.KeyOutputStream.handleWrite(KeyOutputStream.java:274)
org.apache.hadoop.ozone.client.io.KeyOutputStream.lambda$write$1(KeyOutputStream.java:240)
org.apache.hadoop.ozone.client.io.KeyOutputStream.doInWriteLock(KeyOutputStream.java:251)
org.apache.hadoop.ozone.client.io.KeyOutputStream.write(KeyOutputStream.java:239)
org.apache.hadoop.ozone.client.io.OzoneOutputStream.write(OzoneOutputStream.java:93)
java.base/java.io.OutputStream.write(OutputStream.java:124)
org.apache.hadoop.ozone.client.rpc.TestFailureHandlingByClient.testDatanodeExclusionWithMajorityCommit(TestFailureHandlingByClient.java:466)
java.base/jdk.internal.reflect.DirectMethodHandleAccessor.invoke(DirectMethodHandleAccessor.java:103)
java.base/java.lang.reflect.Method.invoke(Method.java:580)
org.junit.platform.commons.util.ReflectionUtils.invokeMethod(ReflectionUtils.java:787)
org.junit.platform.commons.support.ReflectionSupport.invokeMethod(ReflectionSupport.java:478)
org.junit.jupiter.engine.execution.MethodInvocation.proceed(MethodInvocation.java:60)
org.junit.jupiter.engine.execution.InvocationInterceptorChain$ValidatingInvocation.proceed(InvocationInterceptorChain.java:131)
org.junit.jupiter.engine.extension.SameThreadTimeoutInvocation.proceed(SameThreadTimeoutInvocation.java:49)
org.junit.jupiter.engine.extension.TimeoutExtension.intercept(TimeoutExtension.java:161)
org.junit.jupiter.engine.extension.TimeoutExtension.interceptTestableMethod(TimeoutExtension.java:152)
org.junit.jupiter.engine.extension.TimeoutExtension.interceptTestTemplateMethod(TimeoutExtension.java:99)
org.junit.jupiter.engine.execution.InterceptingExecutableInvoker$ReflectiveInterceptorCall.lambda$ofVoidMethod$0(InterceptingExecutableInvoker.java:112)
org.junit.jupiter.engine.execution.InterceptingExecutableInvoker.lambda$invoke$0(InterceptingExecutableInvoker.java:94)
org.junit.jupiter.engine.execution.InvocationInterceptorChain$InterceptedInvocation.proceed(InvocationInterceptorChain.java:106)
org.junit.jupiter.engine.execution.InvocationInterceptorChain.proceed(InvocationInterceptorChain.java:64)
org.junit.jupiter.engine.execution.InvocationInterceptorChain.chainAndInvoke(InvocationInterceptorChain.java:45)
org.junit.jupiter.engine.execution.InvocationInterceptorChain.invoke(InvocationInterceptorChain.java:37)
org.junit.jupiter.engine.execution.InterceptingExecutableInvoker.invoke(InterceptingExecutableInvoker.java:93)
org.junit.jupiter.engine.execution.InterceptingExecutableInvoker.invoke(InterceptingExecutableInvoker.java:87)
org.junit.jupiter.engine.descriptor.TestMethodTestDescriptor.lambda$invokeTestMethod$4(TestMethodTestDescriptor.java:221)
org.junit.platform.engine.support.hierarchical.ThrowableCollector.execute(ThrowableCollector.java:73)
org.junit.jupiter.engine.descriptor.TestMethodTestDescriptor.invokeTestMethod(TestMethodTestDescriptor.java:217)
org.junit.jupiter.engine.descriptor.TestMethodTestDescriptor.execute(TestMethodTestDescriptor.java:159)
org.junit.jupiter.engine.descriptor.TestMethodTestDescriptor.execute(TestMethodTestDescriptor.java:70)
org.junit.platform.engine.support.hierarchical.NodeTestTask.lambda$executeRecursively$6(NodeTestTask.java:157)
org.junit.platform.engine.support.hierarchical.ThrowableCollector.execute(ThrowableCollector.java:73)
org.junit.platform.engine.support.hierarchical.NodeTestTask.lambda$executeRecursively$8(NodeTestTask.java:147)
org.junit.platform.engine.support.hierarchical.Node.around(Node.java:137)
org.junit.platform.engine.support.hierarchical.NodeTestTask.lambda$executeRecursively$9(NodeTestTask.java:145)
org.junit.platform.engine.support.hierarchical.ThrowableCollector.execute(ThrowableCollector.java:73)
org.junit.platform.engine.support.hierarchical.NodeTestTask.executeRecursively(NodeTestTask.java:144)
org.junit.platform.engine.support.hierarchical.NodeTestTask.execute(NodeTestTask.java:101)
org.junit.platform.engine.support.hierarchical.ForkJoinPoolHierarchicalTestExecutorService$ExclusiveTask.exec(ForkJoinPoolHierarchicalTestExecutorService.java:274)
org.junit.platform.engine.support.hierarchical.ForkJoinPoolHierarchicalTestExecutorService$ExclusiveTask.execSync(ForkJoinPoolHierarchicalTestExecutorService.java:247)
org.junit.platform.engine.support.hierarchical.ForkJoinPoolHierarchicalTestExecutorService.submit(ForkJoinPoolHierarchicalTestExecutorService.java:148)
org.junit.platform.engine.support.hierarchical.NodeTestTask$DefaultDynamicTestExecutor.execute(NodeTestTask.java:232)
org.junit.platform.engine.support.hierarchical.NodeTestTask$DefaultDynamicTestExecutor.execute(NodeTestTask.java:210)
org.junit.jupiter.engine.descriptor.TemplateExecutor.execute(TemplateExecutor.java:98)
org.junit.jupiter.engine.descriptor.TemplateExecutor.lambda$executeForProvider$0(TemplateExecutor.java:61)
java.base/java.util.Optional.ifPresent(Optional.java:178)
org.junit.jupiter.engine.descriptor.TemplateExecutor.lambda$executeForProvider$1(TemplateExecutor.java:61)
java.base/java.util.stream.ForEachOps$ForEachOp$OfRef.accept(ForEachOps.java:184)
java.base/java.util.stream.ReferencePipeline$3$1.accept(ReferencePipeline.java:197)
java.base/java.util.stream.ForEachOps$ForEachOp$OfRef.accept(ForEachOps.java:184)
java.base/java.util.stream.ForEachOps$ForEachOp$OfRef.accept(ForEachOps.java:184)
java.base/java.util.stream.ReferencePipeline$3$1.accept(ReferencePipeline.java:197)
java.base/java.util.Iterator.forEachRemaining(Iterator.java:133)
java.base/java.util.Spliterators$IteratorSpliterator.forEachRemaining(Spliterators.java:1939)
java.base/java.util.stream.AbstractPipeline.copyInto(AbstractPipeline.java:509)
java.base/java.util.stream.AbstractPipeline.wrapAndCopyInto(AbstractPipeline.java:499)
java.base/java.util.stream.ForEachOps$ForEachOp.evaluateSequential(ForEachOps.java:151)
java.base/java.util.stream.ForEachOps$ForEachOp$OfRef.evaluateSequential(ForEachOps.java:174)
java.base/java.util.stream.AbstractPipeline.evaluate(AbstractPipeline.java:234)
java.base/java.util.stream.ReferencePipeline.forEach(ReferencePipeline.java:596)
java.base/java.util.stream.ReferencePipeline$7$1.accept(ReferencePipeline.java:276)
java.base/java.util.ArrayList$ArrayListSpliterator.forEachRemaining(ArrayList.java:1708)
java.base/java.util.stream.AbstractPipeline.copyInto(AbstractPipeline.java:509)
java.base/java.util.stream.AbstractPipeline.wrapAndCopyInto(AbstractPipeline.java:499)
java.base/java.util.stream.ForEachOps$ForEachOp.evaluateSequential(ForEachOps.java:151)
java.base/java.util.stream.ForEachOps$ForEachOp$OfRef.evaluateSequential(ForEachOps.java:174)
java.base/java.util.stream.AbstractPipeline.evaluate(AbstractPipeline.java:234)
java.base/java.util.stream.ReferencePipeline.forEach(ReferencePipeline.java:596)
java.base/java.util.stream.ReferencePipeline$7$1.accept(ReferencePipeline.java:276)
java.base/java.util.stream.ReferencePipeline$3$1.accept(ReferencePipeline.java:197)
java.base/java.util.stream.ReferencePipeline$3$1.accept(ReferencePipeline.java:197)
java.base/java.util.stream.ReferencePipeline$3$1.accept(ReferencePipeline.java:197)
java.base/java.util.ArrayList$ArrayListSpliterator.forEachRemaining(ArrayList.java:1708)
java.base/java.util.stream.AbstractPipeline.copyInto(AbstractPipeline.java:509)
java.base/java.util.stream.AbstractPipeline.wrapAndCopyInto(AbstractPipeline.java:499)
java.base/java.util.stream.ForEachOps$ForEachOp.evaluateSequential(ForEachOps.java:151)
java.base/java.util.stream.ForEachOps$ForEachOp$OfRef.evaluateSequential(ForEachOps.java:174)
java.base/java.util.stream.AbstractPipeline.evaluate(AbstractPipeline.java:234)
java.base/java.util.stream.ReferencePipeline.forEach(ReferencePipeline.java:596)
org.junit.jupiter.engine.descriptor.TemplateExecutor.executeForProvider(TemplateExecutor.java:59)
org.junit.jupiter.engine.descriptor.TemplateExecutor.execute(TemplateExecutor.java:48)
org.junit.jupiter.engine.descriptor.TestTemplateTestDescriptor.execute(TestTemplateTestDescriptor.java:112)
org.junit.jupiter.engine.descriptor.TestTemplateTestDescriptor.execute(TestTemplateTestDescriptor.java:40)
org.junit.platform.engine.support.hierarchical.NodeTestTask.lambda$executeRecursively$6(NodeTestTask.java:157)
org.junit.platform.engine.support.hierarchical.ThrowableCollector.execute(ThrowableCollector.java:73)
org.junit.platform.engine.support.hierarchical.NodeTestTask.lambda$executeRecursively$8(NodeTestTask.java:147)
org.junit.platform.engine.support.hierarchical.Node.around(Node.java:137)
org.junit.platform.engine.support.hierarchical.NodeTestTask.lambda$executeRecursively$9(NodeTestTask.java:145)
org.junit.platform.engine.support.hierarchical.ThrowableCollector.execute(ThrowableCollector.java:73)
org.junit.platform.engine.support.hierarchical.NodeTestTask.executeRecursively(NodeTestTask.java:144)
org.junit.platform.engine.support.hierarchical.NodeTestTask.execute(NodeTestTask.java:101)
org.junit.platform.engine.support.hierarchical.ForkJoinPoolHierarchicalTestExecutorService$ExclusiveTask.exec(ForkJoinPoolHierarchicalTestExecutorService.java:274)
org.junit.platform.engine.support.hierarchical.ForkJoinPoolHierarchicalTestExecutorService$ExclusiveTask.execSync(ForkJoinPoolHierarchicalTestExecutorService.java:247)
org.junit.platform.engine.support.hierarchical.ForkJoinPoolHierarchicalTestExecutorService.executeSync(ForkJoinPoolHierarchicalTestExecutorService.java:194)
org.junit.platform.engine.support.hierarchical.ForkJoinPoolHierarchicalTestExecutorService.invokeAll(ForkJoinPoolHierarchicalTestExecutorService.java:166)
org.junit.platform.engine.support.hierarchical.NodeTestTask.lambda$executeRecursively$6(NodeTestTask.java:161)
org.junit.platform.engine.support.hierarchical.ThrowableCollector.execute(ThrowableCollector.java:73)
org.junit.platform.engine.support.hierarchical.NodeTestTask.lambda$executeRecursively$8(NodeTestTask.java:147)
org.junit.platform.engine.support.hierarchical.Node.around(Node.java:137)
org.junit.platform.engine.support.hierarchical.NodeTestTask.lambda$executeRecursively$9(NodeTestTask.java:145)
org.junit.platform.engine.support.hierarchical.ThrowableCollector.execute(ThrowableCollector.java:73)
org.junit.platform.engine.support.hierarchical.NodeTestTask.executeRecursively(NodeTestTask.java:144)
org.junit.platform.engine.support.hierarchical.NodeTestTask.execute(NodeTestTask.java:101)
org.junit.platform.engine.support.hierarchical.ForkJoinPoolHierarchicalTestExecutorService$ExclusiveTask.exec(ForkJoinPoolHierarchicalTestExecutorService.java:274)
org.junit.platform.engine.support.hierarchical.ForkJoinPoolHierarchicalTestExecutorService$ExclusiveTask.execSync(ForkJoinPoolHierarchicalTestExecutorService.java:247)
org.junit.platform.engine.support.hierarchical.ForkJoinPoolHierarchicalTestExecutorService.invokeAll(ForkJoinPoolHierarchicalTestExecutorService.java:159)
org.junit.platform.engine.support.hierarchical.NodeTestTask.lambda$executeRecursively$6(NodeTestTask.java:161)
org.junit.platform.engine.support.hierarchical.ThrowableCollector.execute(ThrowableCollector.java:73)
org.junit.platform.engine.support.hierarchical.NodeTestTask.lambda$executeRecursively$8(NodeTestTask.java:147)
org.junit.platform.engine.support.hierarchical.Node.around(Node.java:137)
org.junit.platform.engine.support.hierarchical.NodeTestTask.lambda$executeRecursively$9(NodeTestTask.java:145)
org.junit.platform.engine.support.hierarchical.ThrowableCollector.execute(ThrowableCollector.java:73)
org.junit.platform.engine.support.hierarchical.NodeTestTask.executeRecursively(NodeTestTask.java:144)
org.junit.platform.engine.support.hierarchical.NodeTestTask.execute(NodeTestTask.java:101)
org.junit.platform.engine.support.hierarchical.ForkJoinPoolHierarchicalTestExecutorService$ExclusiveTask.exec(ForkJoinPoolHierarchicalTestExecutorService.java:274)
java.base/java.util.concurrent.ForkJoinTask.doExec(ForkJoinTask.java:387)
java.base/java.util.concurrent.ForkJoinPool$WorkQueue.topLevelExec(ForkJoinPool.java:1312)
java.base/java.util.concurrent.ForkJoinPool.scan(ForkJoinPool.java:1843)
java.base/java.util.concurrent.ForkJoinPool.runWorker(ForkJoinPool.java:1808)
java.base/java.util.concurrent.ForkJoinWorkerThread.run(ForkJoinWorkerThread.java:188)

2025-09-19 20:46:19,322 [grpc-default-executor-5] WARN  server.GrpcLogAppender (GrpcLogAppender.java:lambda$resetClient$1(228)) - c834ff67-8e28-4894-9cd1-7316b4e587ce@group-9CA395F3C3E7->417c597c-13cf-4e34-be96-1680b82aa276-GrpcLogAppender: Follower failed (request=null, errorCount=15); keep nextIndex (14) unchanged and retry.
]]></system-out>
  </testcase>
</testsuite>